<?xml version="1.0" encoding="UTF-8"?>
<testsuites tests="58" failures="0" errors="0" skipped="0">
  <testsuite timestamp="2025-06-13T17:08:18" time="1178.595" tests="11" failures="0" errors="0" skipped="0">
    <properties>
      <property name="specId" value="0"/>
      <property name="suiteName" value="Billing confirm US117289"/>
      <property name="capabilities" value="chrome.137_0_7151_69.windows"/>
      <property name="file" value="file:///D:/a/1/s/test/specs/BTS/billing-confirm.spec.js"/>
    </properties>
    <testcase classname="chrome.137_0_7151_69.windows.Billing_confirm_US117289" name="Should create a new yard" time="125.608">
      <system-out><![CDATA[
COMMAND: POST /session/25c011aa293abf97c7913f308519c6b0/window/fullscreen - {}
RESULT: {}
COMMAND: POST /session/25c011aa293abf97c7913f308519c6b0/execute/async - {"script":"<script> [1562 bytes]","args":[{"selector":{"controlType":"sap.m.GenericTile","properties":{"header":"Manage Yards"}},"wdio_ui5_key":"sapm.GenericTile{\"header\":\"Manage Yards\"}"}]}
RESULT: {"script":"<script> [1562 bytes]","args":[{"selector":{"controlType":"sap.m.GenericTile","properties":{"header":"Manage Yards"}},"wdio_ui5_key":"sapm.GenericTile{\"header\":\"Manage Yards\"}"}]}
RESULT: undefined
COMMAND: POST /session/25c011aa293abf97c7913f308519c6b0/element - {"using":"xpath","value":"//*[@id=\"__tile42\"]"}
RESULT: {"using":"xpath","value":"//*[@id=\"__tile42\"]"}
COMMAND: POST /session/25c011aa293abf97c7913f308519c6b0/element/f.A224BA6FA6224D464A8F44AD5BF2EA9F.d.8CA55D030F347B43D142B4554E861CEC.e.164/click - {}
RESULT: {}
COMMAND: GET /session/25c011aa293abf97c7913f308519c6b0/screenshot - {}
RESULT: {}
COMMAND: POST /session/25c011aa293abf97c7913f308519c6b0/elements - {"using":"xpath","value":"//span[text()='Error']"}
RESULT: {"using":"xpath","value":"//span[text()='Error']"}
COMMAND: POST /session/25c011aa293abf97c7913f308519c6b0/element - {"using":"xpath","value":"//button[@data-kt=\"addNewYardOverflowToolbarButton\"]"}
RESULT: {"using":"xpath","value":"//button[@data-kt=\"addNewYardOverflowToolbarButton\"]"}
COMMAND: POST /session/25c011aa293abf97c7913f308519c6b0/elements - {"using":"xpath","value":"//button[@data-kt=\"addNewYardOverflowToolbarButton\"]"}
RESULT: {"using":"xpath","value":"//button[@data-kt=\"addNewYardOverflowToolbarButton\"]"}
COMMAND: POST /session/25c011aa293abf97c7913f308519c6b0/elements - {"using":"xpath","value":"//button[@data-kt=\"addNewYardOverflowToolbarButton\"]"}
RESULT: {"using":"xpath","value":"//button[@data-kt=\"addNewYardOverflowToolbarButton\"]"}
COMMAND: POST /session/25c011aa293abf97c7913f308519c6b0/elements - {"using":"xpath","value":"//button[@data-kt=\"addNewYardOverflowToolbarButton\"]"}
RESULT: {"using":"xpath","value":"//button[@data-kt=\"addNewYardOverflowToolbarButton\"]"}
COMMAND: POST /session/25c011aa293abf97c7913f308519c6b0/elements - {"using":"xpath","value":"//button[@data-kt=\"addNewYardOverflowToolbarButton\"]"}
RESULT: {"using":"xpath","value":"//button[@data-kt=\"addNewYardOverflowToolbarButton\"]"}
COMMAND: POST /session/25c011aa293abf97c7913f308519c6b0/elements - {"using":"xpath","value":"//button[@data-kt=\"addNewYardOverflowToolbarButton\"]"}
RESULT: {"using":"xpath","value":"//button[@data-kt=\"addNewYardOverflowToolbarButton\"]"}
COMMAND: POST /session/25c011aa293abf97c7913f308519c6b0/elements - {"using":"xpath","value":"//button[@data-kt=\"addNewYardOverflowToolbarButton\"]"}
RESULT: {"using":"xpath","value":"//button[@data-kt=\"addNewYardOverflowToolbarButton\"]"}
COMMAND: POST /session/25c011aa293abf97c7913f308519c6b0/element - {"using":"xpath","value":"//button[@data-kt=\"addNewYardOverflowToolbarButton\"]"}
RESULT: {"using":"xpath","value":"//button[@data-kt=\"addNewYardOverflowToolbarButton\"]"}
COMMAND: POST /session/25c011aa293abf97c7913f308519c6b0/execute/sync - {"script":"<script> [8489 bytes]","args":[{"element-6066-11e4-a52e-4f735466cecf":"f.A224BA6FA6224D464A8F44AD5BF2EA9F.d.8CA55D030F347B43D142B4554E861CEC.e.302","ELEMENT":"f.A224BA6FA6224D464A8F44AD5BF2EA9F.d.8CA55D030F347B43D142B4554E861CEC.e.302"}]}
RESULT: {"script":"<script> [8489 bytes]","args":[{"element-6066-11e4-a52e-4f735466cecf":"f.A224BA6FA6224D464A8F44AD5BF2EA9F.d.8CA55D030F347B43D142B4554E861CEC.e.302","ELEMENT":"f.A224BA6FA6224D464A8F44AD5BF2EA9F.d.8CA55D030F347B43D142B4554E861CEC.e.302"}]}
COMMAND: GET /session/25c011aa293abf97c7913f308519c6b0/element/f.A224BA6FA6224D464A8F44AD5BF2EA9F.d.8CA55D030F347B43D142B4554E861CEC.e.302/enabled - {}
COMMAND: GET /session/25c011aa293abf97c7913f308519c6b0/screenshot - {}
RESULT: {}
RESULT: {}
COMMAND: POST /session/25c011aa293abf97c7913f308519c6b0/execute/sync - {"script":"<script> [8489 bytes]","args":[{"element-6066-11e4-a52e-4f735466cecf":"f.A224BA6FA6224D464A8F44AD5BF2EA9F.d.8CA55D030F347B43D142B4554E861CEC.e.302","ELEMENT":"f.A224BA6FA6224D464A8F44AD5BF2EA9F.d.8CA55D030F347B43D142B4554E861CEC.e.302"}]}
COMMAND: GET /session/25c011aa293abf97c7913f308519c6b0/screenshot - {}
RESULT: {"script":"<script> [8489 bytes]","args":[{"element-6066-11e4-a52e-4f735466cecf":"f.A224BA6FA6224D464A8F44AD5BF2EA9F.d.8CA55D030F347B43D142B4554E861CEC.e.302","ELEMENT":"f.A224BA6FA6224D464A8F44AD5BF2EA9F.d.8CA55D030F347B43D142B4554E861CEC.e.302"}]}
COMMAND: POST /session/25c011aa293abf97c7913f308519c6b0/execute/sync - {"script":"<script> [5351 bytes]","args":[{"element-6066-11e4-a52e-4f735466cecf":"f.A224BA6FA6224D464A8F44AD5BF2EA9F.d.8CA55D030F347B43D142B4554E861CEC.e.302","ELEMENT":"f.A224BA6FA6224D464A8F44AD5BF2EA9F.d.8CA55D030F347B43D142B4554E861CEC.e.302"}]}
COMMAND: GET /session/25c011aa293abf97c7913f308519c6b0/screenshot - {}
RESULT: {}
RESULT: {"script":"<script> [5351 bytes]","args":[{"element-6066-11e4-a52e-4f735466cecf":"f.A224BA6FA6224D464A8F44AD5BF2EA9F.d.8CA55D030F347B43D142B4554E861CEC.e.302","ELEMENT":"f.A224BA6FA6224D464A8F44AD5BF2EA9F.d.8CA55D030F347B43D142B4554E861CEC.e.302"}]}
COMMAND: POST /session/25c011aa293abf97c7913f308519c6b0/element/f.A224BA6FA6224D464A8F44AD5BF2EA9F.d.8CA55D030F347B43D142B4554E861CEC.e.302/click - {}
COMMAND: GET /session/25c011aa293abf97c7913f308519c6b0/screenshot - {}
RESULT: {}
RESULT: {}
COMMAND: GET /session/25c011aa293abf97c7913f308519c6b0/screenshot - {}
COMMAND: POST /session/25c011aa293abf97c7913f308519c6b0/element - {"using":"xpath","value":"//input[@id=\"application-manageyards-display-component---NewYard--yardId-inner\"]"}
RESULT: {}
RESULT: {}
RESULT: {"using":"xpath","value":"//input[@id=\"application-manageyards-display-component---NewYard--yardId-inner\"]"}
COMMAND: POST /session/25c011aa293abf97c7913f308519c6b0/element - {"using":"xpath","value":"//input[@id=\"application-manageyards-display-component---NewYard--yardId-inner\"]"}
RESULT: {"using":"xpath","value":"//input[@id=\"application-manageyards-display-component---NewYard--yardId-inner\"]"}
COMMAND: POST /session/25c011aa293abf97c7913f308519c6b0/execute/async - {"script":"<script> [1562 bytes]","args":[{"selector":{"id":"application-manageyards-display-component---NewYard--addressDetailDetailsName1","interaction":{"idSuffix":"inner"}},"wdio_ui5_key":"applicationmanageyards-display-component---NewYard--addressDetailDetailsName1"}]}
RESULT: {"script":"<script> [1562 bytes]","args":[{"selector":{"id":"application-manageyards-display-component---NewYard--addressDetailDetailsName1","interaction":{"idSuffix":"inner"}},"wdio_ui5_key":"applicationmanageyards-display-component---NewYard--addressDetailDetailsName1"}]}
RESULT: undefined
COMMAND: POST /session/25c011aa293abf97c7913f308519c6b0/execute/async - {"script":"<script> [776 bytes]","args":[{"enterText":"Intracompany Yard wdIO","selector":{"id":"application-manageyards-display-component---NewYard--addressDetailDetailsName1","interaction":{"idSuffix":"inner"}},"clearTextFirst":true,"interactionType":"ENTER_TEXT"}]}
RESULT: {"script":"<script> [776 bytes]","args":[{"enterText":"Intracompany Yard wdIO","selector":{"id":"application-manageyards-display-component---NewYard--addressDetailDetailsName1","interaction":{"idSuffix":"inner"}},"clearTextFirst":true,"interactionType":"ENTER_TEXT"}]}
COMMAND: POST /session/25c011aa293abf97c7913f308519c6b0/execute/async - {"script":"<script> [1562 bytes]","args":[{"selector":{"id":"application-manageyards-display-component---NewYard--addressDetailDetailsLanguage-arrow"},"wdio_ui5_key":"applicationmanageyards-display-component---NewYard--addressDetailDetailsLanguage-arrow"}]}
RESULT: {"script":"<script> [1562 bytes]","args":[{"selector":{"id":"application-manageyards-display-component---NewYard--addressDetailDetailsLanguage-arrow"},"wdio_ui5_key":"applicationmanageyards-display-component---NewYard--addressDetailDetailsLanguage-arrow"}]}
RESULT: undefined
COMMAND: POST /session/25c011aa293abf97c7913f308519c6b0/element - {"using":"xpath","value":"//*[@id=\"application-manageyards-display-component---NewYard--addressDetailDetailsLanguage-arrow\"]"}
RESULT: {"using":"xpath","value":"//*[@id=\"application-manageyards-display-component---NewYard--addressDetailDetailsLanguage-arrow\"]"}
COMMAND: POST /session/25c011aa293abf97c7913f308519c6b0/element/f.A224BA6FA6224D464A8F44AD5BF2EA9F.d.8CA55D030F347B43D142B4554E861CEC.e.732/click - {}
RESULT: {}
COMMAND: POST /session/25c011aa293abf97c7913f308519c6b0/element - {"using":"xpath","value":"//span[contains(text(), \"English\")]"}
COMMAND: GET /session/25c011aa293abf97c7913f308519c6b0/screenshot - {}
RESULT: {"using":"xpath","value":"//span[contains(text(), \"English\")]"}
COMMAND: POST /session/25c011aa293abf97c7913f308519c6b0/element/f.A224BA6FA6224D464A8F44AD5BF2EA9F.d.8CA55D030F347B43D142B4554E861CEC.e.733/click - {}
RESULT: {}
RESULT: {}
COMMAND: POST /session/25c011aa293abf97c7913f308519c6b0/execute/async - {"script":"<script> [1562 bytes]","args":[{"selector":{"id":"application-manageyards-display-component---NewYard--addressDetailDetailsCity1","interaction":{"idSuffix":"inner"}},"wdio_ui5_key":"applicationmanageyards-display-component---NewYard--addressDetailDetailsCity1"}]}
COMMAND: GET /session/25c011aa293abf97c7913f308519c6b0/screenshot - {}
RESULT: {"script":"<script> [1562 bytes]","args":[{"selector":{"id":"application-manageyards-display-component---NewYard--addressDetailDetailsCity1","interaction":{"idSuffix":"inner"}},"wdio_ui5_key":"applicationmanageyards-display-component---NewYard--addressDetailDetailsCity1"}]}
RESULT: undefined
COMMAND: POST /session/25c011aa293abf97c7913f308519c6b0/execute/async - {"script":"<script> [776 bytes]","args":[{"enterText":"Rosario","selector":{"id":"application-manageyards-display-component---NewYard--addressDetailDetailsCity1","interaction":{"idSuffix":"inner"}},"clearTextFirst":true,"interactionType":"ENTER_TEXT"}]}
RESULT: {}
RESULT: {"script":"<script> [776 bytes]","args":[{"enterText":"Rosario","selector":{"id":"application-manageyards-display-component---NewYard--addressDetailDetailsCity1","interaction":{"idSuffix":"inner"}},"clearTextFirst":true,"interactionType":"ENTER_TEXT"}]}
COMMAND: POST /session/25c011aa293abf97c7913f308519c6b0/execute/async - {"script":"<script> [1562 bytes]","args":[{"selector":{"id":"application-manageyards-display-component---NewYard--addressDetailDetailsCountry-arrow"},"wdio_ui5_key":"applicationmanageyards-display-component---NewYard--addressDetailDetailsCountry-arrow"}]}
RESULT: {"script":"<script> [1562 bytes]","args":[{"selector":{"id":"application-manageyards-display-component---NewYard--addressDetailDetailsCountry-arrow"},"wdio_ui5_key":"applicationmanageyards-display-component---NewYard--addressDetailDetailsCountry-arrow"}]}
RESULT: undefined
COMMAND: POST /session/25c011aa293abf97c7913f308519c6b0/element - {"using":"xpath","value":"//*[@id=\"application-manageyards-display-component---NewYard--addressDetailDetailsCountry-arrow\"]"}
RESULT: {"using":"xpath","value":"//*[@id=\"application-manageyards-display-component---NewYard--addressDetailDetailsCountry-arrow\"]"}
COMMAND: POST /session/25c011aa293abf97c7913f308519c6b0/element/f.A224BA6FA6224D464A8F44AD5BF2EA9F.d.8CA55D030F347B43D142B4554E861CEC.e.735/click - {}
RESULT: {}
COMMAND: POST /session/25c011aa293abf97c7913f308519c6b0/element - {"using":"xpath","value":"//span[contains(text(), \"Argentina\")]"}
COMMAND: GET /session/25c011aa293abf97c7913f308519c6b0/screenshot - {}
RESULT: {"using":"xpath","value":"//span[contains(text(), \"Argentina\")]"}
COMMAND: POST /session/25c011aa293abf97c7913f308519c6b0/element/f.A224BA6FA6224D464A8F44AD5BF2EA9F.d.8CA55D030F347B43D142B4554E861CEC.e.736/click - {}
RESULT: {}
RESULT: {}
COMMAND: POST /session/25c011aa293abf97c7913f308519c6b0/execute/async - {"script":"<script> [1562 bytes]","args":[{"selector":{"id":"application-manageyards-display-component---NewYard--addressEditDetailsCostObjectCstType-arrow"},"wdio_ui5_key":"applicationmanageyards-display-component---NewYard--addressEditDetailsCostObjectCstType-arrow"}]}
COMMAND: GET /session/25c011aa293abf97c7913f308519c6b0/screenshot - {}
RESULT: {"script":"<script> [1562 bytes]","args":[{"selector":{"id":"application-manageyards-display-component---NewYard--addressEditDetailsCostObjectCstType-arrow"},"wdio_ui5_key":"applicationmanageyards-display-component---NewYard--addressEditDetailsCostObjectCstType-arrow"}]}
RESULT: undefined
COMMAND: POST /session/25c011aa293abf97c7913f308519c6b0/element - {"using":"xpath","value":"//*[@id=\"application-manageyards-display-component---NewYard--addressEditDetailsCostObjectCstType-arrow\"]"}
RESULT: {}
RESULT: {"using":"xpath","value":"//*[@id=\"application-manageyards-display-component---NewYard--addressEditDetailsCostObjectCstType-arrow\"]"}
COMMAND: POST /session/25c011aa293abf97c7913f308519c6b0/element/f.A224BA6FA6224D464A8F44AD5BF2EA9F.d.8CA55D030F347B43D142B4554E861CEC.e.738/click - {}
RESULT: {}
COMMAND: POST /session/25c011aa293abf97c7913f308519c6b0/element - {"using":"xpath","value":"//span[contains(text(), \"Cost Center\")]"}
COMMAND: GET /session/25c011aa293abf97c7913f308519c6b0/screenshot - {}
RESULT: {"using":"xpath","value":"//span[contains(text(), \"Cost Center\")]"}
COMMAND: POST /session/25c011aa293abf97c7913f308519c6b0/element/f.A224BA6FA6224D464A8F44AD5BF2EA9F.d.8CA55D030F347B43D142B4554E861CEC.e.739/click - {}
RESULT: {}
RESULT: {}
COMMAND: GET /session/25c011aa293abf97c7913f308519c6b0/screenshot - {}
RESULT: {}
COMMAND: POST /session/25c011aa293abf97c7913f308519c6b0/element - {"using":"xpath","value":"//span[@id=\"application-manageyards-display-component---NewYard--addressNewCostObjectCstID-vhi\"]"}
RESULT: {"using":"xpath","value":"//span[@id=\"application-manageyards-display-component---NewYard--addressNewCostObjectCstID-vhi\"]"}
COMMAND: POST /session/25c011aa293abf97c7913f308519c6b0/execute/sync - {"script":"<script> [8489 bytes]","args":[{"element-6066-11e4-a52e-4f735466cecf":"f.A224BA6FA6224D464A8F44AD5BF2EA9F.d.8CA55D030F347B43D142B4554E861CEC.e.743","ELEMENT":"f.A224BA6FA6224D464A8F44AD5BF2EA9F.d.8CA55D030F347B43D142B4554E861CEC.e.743"}]}
RESULT: {"script":"<script> [8489 bytes]","args":[{"element-6066-11e4-a52e-4f735466cecf":"f.A224BA6FA6224D464A8F44AD5BF2EA9F.d.8CA55D030F347B43D142B4554E861CEC.e.743","ELEMENT":"f.A224BA6FA6224D464A8F44AD5BF2EA9F.d.8CA55D030F347B43D142B4554E861CEC.e.743"}]}
COMMAND: POST /session/25c011aa293abf97c7913f308519c6b0/execute/async - {"script":"<script> [1562 bytes]","args":[{"selector":{"id":"application-manageyards-display-component---NewYard--addressNewCostObjectCstID-vhi"},"wdio_ui5_key":"applicationmanageyards-display-component---NewYard--addressNewCostObjectCstID-vhi"}]}
COMMAND: GET /session/25c011aa293abf97c7913f308519c6b0/screenshot - {}
RESULT: {"script":"<script> [1562 bytes]","args":[{"selector":{"id":"application-manageyards-display-component---NewYard--addressNewCostObjectCstID-vhi"},"wdio_ui5_key":"applicationmanageyards-display-component---NewYard--addressNewCostObjectCstID-vhi"}]}
RESULT: undefined
COMMAND: POST /session/25c011aa293abf97c7913f308519c6b0/element - {"using":"xpath","value":"//*[@id=\"application-manageyards-display-component---NewYard--addressNewCostObjectCstID-vhi\"]"}
RESULT: {}
RESULT: {"using":"xpath","value":"//*[@id=\"application-manageyards-display-component---NewYard--addressNewCostObjectCstID-vhi\"]"}
COMMAND: POST /session/25c011aa293abf97c7913f308519c6b0/element/f.A224BA6FA6224D464A8F44AD5BF2EA9F.d.8CA55D030F347B43D142B4554E861CEC.e.743/click - {}
RESULT: {}
COMMAND: GET /session/25c011aa293abf97c7913f308519c6b0/screenshot - {}
RESULT: {}
COMMAND: POST /session/25c011aa293abf97c7913f308519c6b0/execute/async - {"script":"<script> [1562 bytes]","args":[{"selector":{"controlType":"sap.m.SearchField","properties":{"placeholder":"Search"},"searchOpenDialogs":true,"interaction":{"idSuffix":"I"}},"wdio_ui5_key":"sapm.SearchField{\"placeholder\":\"Search\"}"}]}
RESULT: {"script":"<script> [1562 bytes]","args":[{"selector":{"controlType":"sap.m.SearchField","properties":{"placeholder":"Search"},"searchOpenDialogs":true,"interaction":{"idSuffix":"I"}},"wdio_ui5_key":"sapm.SearchField{\"placeholder\":\"Search\"}"}]}
RESULT: undefined
COMMAND: POST /session/25c011aa293abf97c7913f308519c6b0/execute/async - {"script":"<script> [776 bytes]","args":[{"enterText":"bauh_b","selector":{"controlType":"sap.m.SearchField","properties":{"placeholder":"Search"},"searchOpenDialogs":true,"interaction":{"idSuffix":"I"}},"clearTextFirst":true,"interactionType":"ENTER_TEXT"}]}
RESULT: {"script":"<script> [776 bytes]","args":[{"enterText":"bauh_b","selector":{"controlType":"sap.m.SearchField","properties":{"placeholder":"Search"},"searchOpenDialogs":true,"interaction":{"idSuffix":"I"}},"clearTextFirst":true,"interactionType":"ENTER_TEXT"}]}
COMMAND: POST /session/25c011aa293abf97c7913f308519c6b0/actions - {"actions":[{"id":"action1","type":"key","parameters":{},"actions":[{"type":"keyDown","value":""},{"type":"pause","duration":10},{"type":"keyUp","value":""}]}]}
RESULT: {"actions":[{"id":"action1","type":"key","parameters":{},"actions":[{"type":"keyDown","value":""},{"type":"pause","duration":10},{"type":"keyUp","value":""}]}]}
COMMAND: GET /session/25c011aa293abf97c7913f308519c6b0/screenshot - {}
RESULT: {}
COMMAND: POST /session/25c011aa293abf97c7913f308519c6b0/element - {"using":"xpath","value":"//span[contains(text(), \"Demo Yard\")]"}
RESULT: {"using":"xpath","value":"//span[contains(text(), \"Demo Yard\")]"}
COMMAND: POST /session/25c011aa293abf97c7913f308519c6b0/element/f.A224BA6FA6224D464A8F44AD5BF2EA9F.d.8CA55D030F347B43D142B4554E861CEC.e.784/click - {}
RESULT: {}
COMMAND: GET /session/25c011aa293abf97c7913f308519c6b0/screenshot - {}
RESULT: {}
COMMAND: POST /session/25c011aa293abf97c7913f308519c6b0/element - {"using":"xpath","value":"//bdi[contains(text(), \"OK\")]"}
RESULT: {"using":"xpath","value":"//bdi[contains(text(), \"OK\")]"}
COMMAND: POST /session/25c011aa293abf97c7913f308519c6b0/element/f.A224BA6FA6224D464A8F44AD5BF2EA9F.d.8CA55D030F347B43D142B4554E861CEC.e.785/click - {}
RESULT: {}
COMMAND: GET /session/25c011aa293abf97c7913f308519c6b0/screenshot - {}
RESULT: {}
COMMAND: POST /session/25c011aa293abf97c7913f308519c6b0/execute/async - {"script":"<script> [1562 bytes]","args":[{"selector":{"id":"application-manageyards-display-component---NewYard--addressEditDetailsCurrency-arrow"},"wdio_ui5_key":"applicationmanageyards-display-component---NewYard--addressEditDetailsCurrency-arrow"}]}
RESULT: {"script":"<script> [1562 bytes]","args":[{"selector":{"id":"application-manageyards-display-component---NewYard--addressEditDetailsCurrency-arrow"},"wdio_ui5_key":"applicationmanageyards-display-component---NewYard--addressEditDetailsCurrency-arrow"}]}
RESULT: undefined
COMMAND: POST /session/25c011aa293abf97c7913f308519c6b0/element - {"using":"xpath","value":"//*[@id=\"application-manageyards-display-component---NewYard--addressEditDetailsCurrency-arrow\"]"}
RESULT: {"using":"xpath","value":"//*[@id=\"application-manageyards-display-component---NewYard--addressEditDetailsCurrency-arrow\"]"}
COMMAND: POST /session/25c011aa293abf97c7913f308519c6b0/element/f.A224BA6FA6224D464A8F44AD5BF2EA9F.d.8CA55D030F347B43D142B4554E861CEC.e.788/click - {}
RESULT: {}
COMMAND: POST /session/25c011aa293abf97c7913f308519c6b0/element - {"using":"xpath","value":"//span[contains(text(), \"Euro\")]"}
COMMAND: GET /session/25c011aa293abf97c7913f308519c6b0/screenshot - {}
RESULT: {"using":"xpath","value":"//span[contains(text(), \"Euro\")]"}
COMMAND: POST /session/25c011aa293abf97c7913f308519c6b0/element/f.A224BA6FA6224D464A8F44AD5BF2EA9F.d.8CA55D030F347B43D142B4554E861CEC.e.789/click - {}
RESULT: {}
RESULT: {}
COMMAND: POST /session/25c011aa293abf97c7913f308519c6b0/execute/async - {"script":"<script> [1562 bytes]","args":[{"selector":{"controlType":"sap.m.Input","viewName":"etm.portal.ui.manageyards.view.New","viewId":"application-manageyards-display-component---NewYard","bindingPath":{"path":"","propertyPath":"/CONTROLLING_AREA","modelName":"NewYardModel"},"interaction":{"idSuffix":"inner"}},"wdio_ui5_key":"etmportal.ui.manageyards.view.Newsap.m.Input{\"path\":\"\",\"propertyPath\":\"/CONTROLLING_AREA\",\"modelName\":\"NewYardModel\"}"}]}
COMMAND: GET /session/25c011aa293abf97c7913f308519c6b0/screenshot - {}
RESULT: {"script":"<script> [1562 bytes]","args":[{"selector":{"controlType":"sap.m.Input","viewName":"etm.portal.ui.manageyards.view.New","viewId":"application-manageyards-display-component---NewYard","bindingPath":{"path":"","propertyPath":"/CONTROLLING_AREA","modelName":"NewYardModel"},"interaction":{"idSuffix":"inner"}},"wdio_ui5_key":"etmportal.ui.manageyards.view.Newsap.m.Input{\"path\":\"\",\"propertyPath\":\"/CONTROLLING_AREA\",\"modelName\":\"NewYardModel\"}"}]}
RESULT: undefined
COMMAND: POST /session/25c011aa293abf97c7913f308519c6b0/execute/async - {"script":"<script> [776 bytes]","args":[{"enterText":"Z001","selector":{"controlType":"sap.m.Input","viewName":"etm.portal.ui.manageyards.view.New","viewId":"application-manageyards-display-component---NewYard","bindingPath":{"path":"","propertyPath":"/CONTROLLING_AREA","modelName":"NewYardModel"},"interaction":{"idSuffix":"inner"}},"clearTextFirst":true,"interactionType":"ENTER_TEXT"}]}
RESULT: {}
RESULT: {"script":"<script> [776 bytes]","args":[{"enterText":"Z001","selector":{"controlType":"sap.m.Input","viewName":"etm.portal.ui.manageyards.view.New","viewId":"application-manageyards-display-component---NewYard","bindingPath":{"path":"","propertyPath":"/CONTROLLING_AREA","modelName":"NewYardModel"},"interaction":{"idSuffix":"inner"}},"clearTextFirst":true,"interactionType":"ENTER_TEXT"}]}
COMMAND: POST /session/25c011aa293abf97c7913f308519c6b0/execute/async - {"script":"<script> [1562 bytes]","args":[{"selector":{"id":"application-manageyards-display-component---NewYard--companyCodeComboBox","interaction":{"idSuffix":"inner"}},"wdio_ui5_key":"applicationmanageyards-display-component---NewYard--companyCodeComboBox"}]}
RESULT: {"script":"<script> [1562 bytes]","args":[{"selector":{"id":"application-manageyards-display-component---NewYard--companyCodeComboBox","interaction":{"idSuffix":"inner"}},"wdio_ui5_key":"applicationmanageyards-display-component---NewYard--companyCodeComboBox"}]}
RESULT: undefined
COMMAND: POST /session/25c011aa293abf97c7913f308519c6b0/execute/async - {"script":"<script> [776 bytes]","args":[{"enterText":"1000","selector":{"id":"application-manageyards-display-component---NewYard--companyCodeComboBox","interaction":{"idSuffix":"inner"}},"clearTextFirst":true,"interactionType":"ENTER_TEXT"}]}
RESULT: {"script":"<script> [776 bytes]","args":[{"enterText":"1000","selector":{"id":"application-manageyards-display-component---NewYard--companyCodeComboBox","interaction":{"idSuffix":"inner"}},"clearTextFirst":true,"interactionType":"ENTER_TEXT"}]}
COMMAND: POST /session/25c011aa293abf97c7913f308519c6b0/execute/async - {"script":"<script> [1562 bytes]","args":[{"selector":{"controlType":"sap.m.Input","viewName":"etm.portal.ui.manageyards.view.New","viewId":"application-manageyards-display-component---NewYard","bindingPath":{"path":"","propertyPath":"/PLANT","modelName":"NewYardModel"},"interaction":{"idSuffix":"inner"}},"wdio_ui5_key":"etmportal.ui.manageyards.view.Newsap.m.Input{\"path\":\"\",\"propertyPath\":\"/PLANT\",\"modelName\":\"NewYardModel\"}"}]}
RESULT: {"script":"<script> [1562 bytes]","args":[{"selector":{"controlType":"sap.m.Input","viewName":"etm.portal.ui.manageyards.view.New","viewId":"application-manageyards-display-component---NewYard","bindingPath":{"path":"","propertyPath":"/PLANT","modelName":"NewYardModel"},"interaction":{"idSuffix":"inner"}},"wdio_ui5_key":"etmportal.ui.manageyards.view.Newsap.m.Input{\"path\":\"\",\"propertyPath\":\"/PLANT\",\"modelName\":\"NewYardModel\"}"}]}
RESULT: undefined
COMMAND: POST /session/25c011aa293abf97c7913f308519c6b0/execute/async - {"script":"<script> [776 bytes]","args":[{"enterText":"1001","selector":{"controlType":"sap.m.Input","viewName":"etm.portal.ui.manageyards.view.New","viewId":"application-manageyards-display-component---NewYard","bindingPath":{"path":"","propertyPath":"/PLANT","modelName":"NewYardModel"},"interaction":{"idSuffix":"inner"}},"clearTextFirst":true,"interactionType":"ENTER_TEXT"}]}
RESULT: {"script":"<script> [776 bytes]","args":[{"enterText":"1001","selector":{"controlType":"sap.m.Input","viewName":"etm.portal.ui.manageyards.view.New","viewId":"application-manageyards-display-component---NewYard","bindingPath":{"path":"","propertyPath":"/PLANT","modelName":"NewYardModel"},"interaction":{"idSuffix":"inner"}},"clearTextFirst":true,"interactionType":"ENTER_TEXT"}]}
COMMAND: POST /session/25c011aa293abf97c7913f308519c6b0/execute/async - {"script":"<script> [1562 bytes]","args":[{"selector":{"controlType":"sap.m.Input","viewName":"etm.portal.ui.manageyards.view.New","viewId":"application-manageyards-display-component---NewYard","bindingPath":{"path":"","propertyPath":"/SALES_AREA_VKORG","modelName":"NewYardModel"},"interaction":{"idSuffix":"inner"}},"wdio_ui5_key":"etmportal.ui.manageyards.view.Newsap.m.Input{\"path\":\"\",\"propertyPath\":\"/SALES_AREA_VKORG\",\"modelName\":\"NewYardModel\"}"}]}
RESULT: {"script":"<script> [1562 bytes]","args":[{"selector":{"controlType":"sap.m.Input","viewName":"etm.portal.ui.manageyards.view.New","viewId":"application-manageyards-display-component---NewYard","bindingPath":{"path":"","propertyPath":"/SALES_AREA_VKORG","modelName":"NewYardModel"},"interaction":{"idSuffix":"inner"}},"wdio_ui5_key":"etmportal.ui.manageyards.view.Newsap.m.Input{\"path\":\"\",\"propertyPath\":\"/SALES_AREA_VKORG\",\"modelName\":\"NewYardModel\"}"}]}
RESULT: undefined
COMMAND: POST /session/25c011aa293abf97c7913f308519c6b0/execute/async - {"script":"<script> [776 bytes]","args":[{"enterText":"C002","selector":{"controlType":"sap.m.Input","viewName":"etm.portal.ui.manageyards.view.New","viewId":"application-manageyards-display-component---NewYard","bindingPath":{"path":"","propertyPath":"/SALES_AREA_VKORG","modelName":"NewYardModel"},"interaction":{"idSuffix":"inner"}},"clearTextFirst":true,"interactionType":"ENTER_TEXT"}]}
RESULT: {"script":"<script> [776 bytes]","args":[{"enterText":"C002","selector":{"controlType":"sap.m.Input","viewName":"etm.portal.ui.manageyards.view.New","viewId":"application-manageyards-display-component---NewYard","bindingPath":{"path":"","propertyPath":"/SALES_AREA_VKORG","modelName":"NewYardModel"},"interaction":{"idSuffix":"inner"}},"clearTextFirst":true,"interactionType":"ENTER_TEXT"}]}
COMMAND: POST /session/25c011aa293abf97c7913f308519c6b0/execute/async - {"script":"<script> [1562 bytes]","args":[{"selector":{"controlType":"sap.m.Input","viewName":"etm.portal.ui.manageyards.view.New","viewId":"application-manageyards-display-component---NewYard","bindingPath":{"path":"","propertyPath":"/SALES_AREA_VTWEG","modelName":"NewYardModel"},"interaction":{"idSuffix":"inner"}},"wdio_ui5_key":"etmportal.ui.manageyards.view.Newsap.m.Input{\"path\":\"\",\"propertyPath\":\"/SALES_AREA_VTWEG\",\"modelName\":\"NewYardModel\"}"}]}
RESULT: {"script":"<script> [1562 bytes]","args":[{"selector":{"controlType":"sap.m.Input","viewName":"etm.portal.ui.manageyards.view.New","viewId":"application-manageyards-display-component---NewYard","bindingPath":{"path":"","propertyPath":"/SALES_AREA_VTWEG","modelName":"NewYardModel"},"interaction":{"idSuffix":"inner"}},"wdio_ui5_key":"etmportal.ui.manageyards.view.Newsap.m.Input{\"path\":\"\",\"propertyPath\":\"/SALES_AREA_VTWEG\",\"modelName\":\"NewYardModel\"}"}]}
RESULT: undefined
COMMAND: POST /session/25c011aa293abf97c7913f308519c6b0/execute/async - {"script":"<script> [776 bytes]","args":[{"enterText":"C2","selector":{"controlType":"sap.m.Input","viewName":"etm.portal.ui.manageyards.view.New","viewId":"application-manageyards-display-component---NewYard","bindingPath":{"path":"","propertyPath":"/SALES_AREA_VTWEG","modelName":"NewYardModel"},"interaction":{"idSuffix":"inner"}},"clearTextFirst":true,"interactionType":"ENTER_TEXT"}]}
RESULT: {"script":"<script> [776 bytes]","args":[{"enterText":"C2","selector":{"controlType":"sap.m.Input","viewName":"etm.portal.ui.manageyards.view.New","viewId":"application-manageyards-display-component---NewYard","bindingPath":{"path":"","propertyPath":"/SALES_AREA_VTWEG","modelName":"NewYardModel"},"interaction":{"idSuffix":"inner"}},"clearTextFirst":true,"interactionType":"ENTER_TEXT"}]}
COMMAND: POST /session/25c011aa293abf97c7913f308519c6b0/execute/async - {"script":"<script> [1562 bytes]","args":[{"selector":{"controlType":"sap.m.Input","viewName":"etm.portal.ui.manageyards.view.New","viewId":"application-manageyards-display-component---NewYard","bindingPath":{"path":"","propertyPath":"/SALES_AREA_SPART","modelName":"NewYardModel"},"interaction":{"idSuffix":"inner"}},"wdio_ui5_key":"etmportal.ui.manageyards.view.Newsap.m.Input{\"path\":\"\",\"propertyPath\":\"/SALES_AREA_SPART\",\"modelName\":\"NewYardModel\"}"}]}
RESULT: {"script":"<script> [1562 bytes]","args":[{"selector":{"controlType":"sap.m.Input","viewName":"etm.portal.ui.manageyards.view.New","viewId":"application-manageyards-display-component---NewYard","bindingPath":{"path":"","propertyPath":"/SALES_AREA_SPART","modelName":"NewYardModel"},"interaction":{"idSuffix":"inner"}},"wdio_ui5_key":"etmportal.ui.manageyards.view.Newsap.m.Input{\"path\":\"\",\"propertyPath\":\"/SALES_AREA_SPART\",\"modelName\":\"NewYardModel\"}"}]}
RESULT: undefined
COMMAND: POST /session/25c011aa293abf97c7913f308519c6b0/execute/async - {"script":"<script> [776 bytes]","args":[{"enterText":"C2","selector":{"controlType":"sap.m.Input","viewName":"etm.portal.ui.manageyards.view.New","viewId":"application-manageyards-display-component---NewYard","bindingPath":{"path":"","propertyPath":"/SALES_AREA_SPART","modelName":"NewYardModel"},"interaction":{"idSuffix":"inner"}},"clearTextFirst":true,"interactionType":"ENTER_TEXT"}]}
RESULT: {"script":"<script> [776 bytes]","args":[{"enterText":"C2","selector":{"controlType":"sap.m.Input","viewName":"etm.portal.ui.manageyards.view.New","viewId":"application-manageyards-display-component---NewYard","bindingPath":{"path":"","propertyPath":"/SALES_AREA_SPART","modelName":"NewYardModel"},"interaction":{"idSuffix":"inner"}},"clearTextFirst":true,"interactionType":"ENTER_TEXT"}]}
COMMAND: POST /session/25c011aa293abf97c7913f308519c6b0/execute/async - {"script":"<script> [1562 bytes]","args":[{"selector":{"controlType":"sap.m.Input","viewName":"etm.portal.ui.manageyards.view.New","viewId":"application-manageyards-display-component---NewYard","bindingPath":{"path":"","propertyPath":"/SHIP_POINT","modelName":"NewYardModel"},"interaction":{"idSuffix":"inner"}},"wdio_ui5_key":"etmportal.ui.manageyards.view.Newsap.m.Input{\"path\":\"\",\"propertyPath\":\"/SHIP_POINT\",\"modelName\":\"NewYardModel\"}"}]}
RESULT: {"script":"<script> [1562 bytes]","args":[{"selector":{"controlType":"sap.m.Input","viewName":"etm.portal.ui.manageyards.view.New","viewId":"application-manageyards-display-component---NewYard","bindingPath":{"path":"","propertyPath":"/SHIP_POINT","modelName":"NewYardModel"},"interaction":{"idSuffix":"inner"}},"wdio_ui5_key":"etmportal.ui.manageyards.view.Newsap.m.Input{\"path\":\"\",\"propertyPath\":\"/SHIP_POINT\",\"modelName\":\"NewYardModel\"}"}]}
RESULT: undefined
COMMAND: POST /session/25c011aa293abf97c7913f308519c6b0/execute/async - {"script":"<script> [776 bytes]","args":[{"enterText":"1710","selector":{"controlType":"sap.m.Input","viewName":"etm.portal.ui.manageyards.view.New","viewId":"application-manageyards-display-component---NewYard","bindingPath":{"path":"","propertyPath":"/SHIP_POINT","modelName":"NewYardModel"},"interaction":{"idSuffix":"inner"}},"clearTextFirst":true,"interactionType":"ENTER_TEXT"}]}
RESULT: {"script":"<script> [776 bytes]","args":[{"enterText":"1710","selector":{"controlType":"sap.m.Input","viewName":"etm.portal.ui.manageyards.view.New","viewId":"application-manageyards-display-component---NewYard","bindingPath":{"path":"","propertyPath":"/SHIP_POINT","modelName":"NewYardModel"},"interaction":{"idSuffix":"inner"}},"clearTextFirst":true,"interactionType":"ENTER_TEXT"}]}
COMMAND: POST /session/25c011aa293abf97c7913f308519c6b0/execute/async - {"script":"<script> [1562 bytes]","args":[{"selector":{"controlType":"sap.m.Input","viewName":"etm.portal.ui.manageyards.view.New","viewId":"application-manageyards-display-component---NewYard","bindingPath":{"path":"","propertyPath":"/DELIVERY_TYPE","modelName":"NewYardModel"},"interaction":{"idSuffix":"inner"}},"wdio_ui5_key":"etmportal.ui.manageyards.view.Newsap.m.Input{\"path\":\"\",\"propertyPath\":\"/DELIVERY_TYPE\",\"modelName\":\"NewYardModel\"}"}]}
RESULT: {"script":"<script> [1562 bytes]","args":[{"selector":{"controlType":"sap.m.Input","viewName":"etm.portal.ui.manageyards.view.New","viewId":"application-manageyards-display-component---NewYard","bindingPath":{"path":"","propertyPath":"/DELIVERY_TYPE","modelName":"NewYardModel"},"interaction":{"idSuffix":"inner"}},"wdio_ui5_key":"etmportal.ui.manageyards.view.Newsap.m.Input{\"path\":\"\",\"propertyPath\":\"/DELIVERY_TYPE\",\"modelName\":\"NewYardModel\"}"}]}
RESULT: undefined
COMMAND: POST /session/25c011aa293abf97c7913f308519c6b0/execute/async - {"script":"<script> [776 bytes]","args":[{"enterText":"ZL01","selector":{"controlType":"sap.m.Input","viewName":"etm.portal.ui.manageyards.view.New","viewId":"application-manageyards-display-component---NewYard","bindingPath":{"path":"","propertyPath":"/DELIVERY_TYPE","modelName":"NewYardModel"},"interaction":{"idSuffix":"inner"}},"clearTextFirst":true,"interactionType":"ENTER_TEXT"}]}
RESULT: {"script":"<script> [776 bytes]","args":[{"enterText":"ZL01","selector":{"controlType":"sap.m.Input","viewName":"etm.portal.ui.manageyards.view.New","viewId":"application-manageyards-display-component---NewYard","bindingPath":{"path":"","propertyPath":"/DELIVERY_TYPE","modelName":"NewYardModel"},"interaction":{"idSuffix":"inner"}},"clearTextFirst":true,"interactionType":"ENTER_TEXT"}]}
COMMAND: POST /session/25c011aa293abf97c7913f308519c6b0/execute/async - {"script":"<script> [1562 bytes]","args":[{"selector":{"controlType":"sap.m.Input","viewName":"etm.portal.ui.manageyards.view.New","viewId":"application-manageyards-display-component---NewYard","bindingPath":{"path":"","propertyPath":"/AUART","modelName":"NewYardModel"},"interaction":{"idSuffix":"inner"}},"wdio_ui5_key":"etmportal.ui.manageyards.view.Newsap.m.Input{\"path\":\"\",\"propertyPath\":\"/AUART\",\"modelName\":\"NewYardModel\"}"}]}
RESULT: {"script":"<script> [1562 bytes]","args":[{"selector":{"controlType":"sap.m.Input","viewName":"etm.portal.ui.manageyards.view.New","viewId":"application-manageyards-display-component---NewYard","bindingPath":{"path":"","propertyPath":"/AUART","modelName":"NewYardModel"},"interaction":{"idSuffix":"inner"}},"wdio_ui5_key":"etmportal.ui.manageyards.view.Newsap.m.Input{\"path\":\"\",\"propertyPath\":\"/AUART\",\"modelName\":\"NewYardModel\"}"}]}
RESULT: undefined
COMMAND: POST /session/25c011aa293abf97c7913f308519c6b0/execute/async - {"script":"<script> [776 bytes]","args":[{"enterText":"TA","selector":{"controlType":"sap.m.Input","viewName":"etm.portal.ui.manageyards.view.New","viewId":"application-manageyards-display-component---NewYard","bindingPath":{"path":"","propertyPath":"/AUART","modelName":"NewYardModel"},"interaction":{"idSuffix":"inner"}},"clearTextFirst":true,"interactionType":"ENTER_TEXT"}]}
RESULT: {"script":"<script> [776 bytes]","args":[{"enterText":"TA","selector":{"controlType":"sap.m.Input","viewName":"etm.portal.ui.manageyards.view.New","viewId":"application-manageyards-display-component---NewYard","bindingPath":{"path":"","propertyPath":"/AUART","modelName":"NewYardModel"},"interaction":{"idSuffix":"inner"}},"clearTextFirst":true,"interactionType":"ENTER_TEXT"}]}
COMMAND: POST /session/25c011aa293abf97c7913f308519c6b0/element - {"using":"xpath","value":"//button[@data-kt=\"newYardSaveButton\"]"}
RESULT: {"using":"xpath","value":"//button[@data-kt=\"newYardSaveButton\"]"}
COMMAND: POST /session/25c011aa293abf97c7913f308519c6b0/element/f.A224BA6FA6224D464A8F44AD5BF2EA9F.d.8CA55D030F347B43D142B4554E861CEC.e.717/click - {}
RESULT: {}
COMMAND: GET /session/25c011aa293abf97c7913f308519c6b0/screenshot - {}
RESULT: {}
COMMAND: POST /session/25c011aa293abf97c7913f308519c6b0/element - {"using":"xpath","value":"//header[contains(@id, 'ObjectPageLayout-headerTitle')]/div[1]/div[2]/div[1]/span[1]"}
RESULT: {"using":"xpath","value":"//header[contains(@id, 'ObjectPageLayout-headerTitle')]/div[1]/div[2]/div[1]/span[1]"}
COMMAND: POST /session/25c011aa293abf97c7913f308519c6b0/elements - {"using":"xpath","value":"//header[contains(@id, 'ObjectPageLayout-headerTitle')]/div[1]/div[2]/div[1]/span[1]"}
RESULT: {"using":"xpath","value":"//header[contains(@id, 'ObjectPageLayout-headerTitle')]/div[1]/div[2]/div[1]/span[1]"}
COMMAND: POST /session/25c011aa293abf97c7913f308519c6b0/execute/sync - {"script":"<script> [56 bytes]","args":[{"element-6066-11e4-a52e-4f735466cecf":"f.A224BA6FA6224D464A8F44AD5BF2EA9F.d.8CA55D030F347B43D142B4554E861CEC.e.1015","ELEMENT":"f.A224BA6FA6224D464A8F44AD5BF2EA9F.d.8CA55D030F347B43D142B4554E861CEC.e.1015"}]}
RESULT: {"script":"<script> [56 bytes]","args":[{"element-6066-11e4-a52e-4f735466cecf":"f.A224BA6FA6224D464A8F44AD5BF2EA9F.d.8CA55D030F347B43D142B4554E861CEC.e.1015","ELEMENT":"f.A224BA6FA6224D464A8F44AD5BF2EA9F.d.8CA55D030F347B43D142B4554E861CEC.e.1015"}]}
COMMAND: GET /session/25c011aa293abf97c7913f308519c6b0/screenshot - {}
RESULT: {}
COMMAND: POST /session/25c011aa293abf97c7913f308519c6b0/element - {"using":"css selector","value":"#shell-header-logo"}
RESULT: {"using":"css selector","value":"#shell-header-logo"}
COMMAND: POST /session/25c011aa293abf97c7913f308519c6b0/element/f.A224BA6FA6224D464A8F44AD5BF2EA9F.d.8CA55D030F347B43D142B4554E861CEC.e.272/click - {}
RESULT: {}
COMMAND: GET /session/25c011aa293abf97c7913f308519c6b0/screenshot - {}
RESULT: {}
COMMAND: POST /session/25c011aa293abf97c7913f308519c6b0/execute/sync - {"script":"<script> [299 bytes]","args":[["getModel","getResource"]]}
RESULT: {"script":"<script> [299 bytes]","args":[["getModel","getResource"]]}
]]></system-out>
    </testcase>
    <testcase classname="chrome.137_0_7151_69.windows.Billing_confirm_US117289" name="Should create a new partner" time="203.677">
      <system-out><![CDATA[
COMMAND: POST /session/25c011aa293abf97c7913f308519c6b0/window/fullscreen - {}
COMMAND: GET /session/25c011aa293abf97c7913f308519c6b0/screenshot - {}
RESULT: {}
COMMAND: POST /session/25c011aa293abf97c7913f308519c6b0/execute/async - {"script":"<script> [1562 bytes]","args":[{"selector":{"controlType":"sap.m.GenericTile","properties":{"header":"Manage Partners"}},"wdio_ui5_key":"sapm.GenericTile{\"header\":\"Manage Partners\"}"}]}
RESULT: {}
RESULT: {"script":"<script> [1562 bytes]","args":[{"selector":{"controlType":"sap.m.GenericTile","properties":{"header":"Manage Partners"}},"wdio_ui5_key":"sapm.GenericTile{\"header\":\"Manage Partners\"}"}]}
RESULT: undefined
COMMAND: POST /session/25c011aa293abf97c7913f308519c6b0/element - {"using":"xpath","value":"//*[@id=\"__tile39\"]"}
RESULT: {"using":"xpath","value":"//*[@id=\"__tile39\"]"}
COMMAND: POST /session/25c011aa293abf97c7913f308519c6b0/element/f.A224BA6FA6224D464A8F44AD5BF2EA9F.d.8CA55D030F347B43D142B4554E861CEC.e.155/click - {}
RESULT: {}
COMMAND: GET /session/25c011aa293abf97c7913f308519c6b0/screenshot - {}
RESULT: {}
COMMAND: POST /session/25c011aa293abf97c7913f308519c6b0/elements - {"using":"xpath","value":"//span[text()='Error']"}
RESULT: {"using":"xpath","value":"//span[text()='Error']"}
COMMAND: POST /session/25c011aa293abf97c7913f308519c6b0/element - {"using":"xpath","value":"//button[@data-kt=\"addButton\"]"}
RESULT: {"using":"xpath","value":"//button[@data-kt=\"addButton\"]"}
COMMAND: POST /session/25c011aa293abf97c7913f308519c6b0/elements - {"using":"xpath","value":"//button[@data-kt=\"addButton\"]"}
RESULT: {"using":"xpath","value":"//button[@data-kt=\"addButton\"]"}
COMMAND: POST /session/25c011aa293abf97c7913f308519c6b0/elements - {"using":"xpath","value":"//button[@data-kt=\"addButton\"]"}
RESULT: {"using":"xpath","value":"//button[@data-kt=\"addButton\"]"}
COMMAND: POST /session/25c011aa293abf97c7913f308519c6b0/elements - {"using":"xpath","value":"//button[@data-kt=\"addButton\"]"}
RESULT: {"using":"xpath","value":"//button[@data-kt=\"addButton\"]"}
COMMAND: POST /session/25c011aa293abf97c7913f308519c6b0/element - {"using":"xpath","value":"//button[@data-kt=\"addButton\"]"}
RESULT: {"using":"xpath","value":"//button[@data-kt=\"addButton\"]"}
COMMAND: POST /session/25c011aa293abf97c7913f308519c6b0/execute/sync - {"script":"<script> [8489 bytes]","args":[{"element-6066-11e4-a52e-4f735466cecf":"f.A224BA6FA6224D464A8F44AD5BF2EA9F.d.8CA55D030F347B43D142B4554E861CEC.e.1054","ELEMENT":"f.A224BA6FA6224D464A8F44AD5BF2EA9F.d.8CA55D030F347B43D142B4554E861CEC.e.1054"}]}
RESULT: {"script":"<script> [8489 bytes]","args":[{"element-6066-11e4-a52e-4f735466cecf":"f.A224BA6FA6224D464A8F44AD5BF2EA9F.d.8CA55D030F347B43D142B4554E861CEC.e.1054","ELEMENT":"f.A224BA6FA6224D464A8F44AD5BF2EA9F.d.8CA55D030F347B43D142B4554E861CEC.e.1054"}]}
COMMAND: GET /session/25c011aa293abf97c7913f308519c6b0/element/f.A224BA6FA6224D464A8F44AD5BF2EA9F.d.8CA55D030F347B43D142B4554E861CEC.e.1054/enabled - {}
COMMAND: GET /session/25c011aa293abf97c7913f308519c6b0/screenshot - {}
RESULT: {}
COMMAND: POST /session/25c011aa293abf97c7913f308519c6b0/execute/sync - {"script":"<script> [8489 bytes]","args":[{"element-6066-11e4-a52e-4f735466cecf":"f.A224BA6FA6224D464A8F44AD5BF2EA9F.d.8CA55D030F347B43D142B4554E861CEC.e.1054","ELEMENT":"f.A224BA6FA6224D464A8F44AD5BF2EA9F.d.8CA55D030F347B43D142B4554E861CEC.e.1054"}]}
COMMAND: GET /session/25c011aa293abf97c7913f308519c6b0/screenshot - {}
RESULT: {}
RESULT: {"script":"<script> [8489 bytes]","args":[{"element-6066-11e4-a52e-4f735466cecf":"f.A224BA6FA6224D464A8F44AD5BF2EA9F.d.8CA55D030F347B43D142B4554E861CEC.e.1054","ELEMENT":"f.A224BA6FA6224D464A8F44AD5BF2EA9F.d.8CA55D030F347B43D142B4554E861CEC.e.1054"}]}
COMMAND: POST /session/25c011aa293abf97c7913f308519c6b0/execute/sync - {"script":"<script> [5351 bytes]","args":[{"element-6066-11e4-a52e-4f735466cecf":"f.A224BA6FA6224D464A8F44AD5BF2EA9F.d.8CA55D030F347B43D142B4554E861CEC.e.1054","ELEMENT":"f.A224BA6FA6224D464A8F44AD5BF2EA9F.d.8CA55D030F347B43D142B4554E861CEC.e.1054"}]}
COMMAND: GET /session/25c011aa293abf97c7913f308519c6b0/screenshot - {}
RESULT: {}
RESULT: {"script":"<script> [5351 bytes]","args":[{"element-6066-11e4-a52e-4f735466cecf":"f.A224BA6FA6224D464A8F44AD5BF2EA9F.d.8CA55D030F347B43D142B4554E861CEC.e.1054","ELEMENT":"f.A224BA6FA6224D464A8F44AD5BF2EA9F.d.8CA55D030F347B43D142B4554E861CEC.e.1054"}]}
COMMAND: POST /session/25c011aa293abf97c7913f308519c6b0/element/f.A224BA6FA6224D464A8F44AD5BF2EA9F.d.8CA55D030F347B43D142B4554E861CEC.e.1054/click - {}
COMMAND: GET /session/25c011aa293abf97c7913f308519c6b0/screenshot - {}
RESULT: {}
RESULT: {}
COMMAND: GET /session/25c011aa293abf97c7913f308519c6b0/screenshot - {}
RESULT: {}
RESULT: {}
COMMAND: POST /session/25c011aa293abf97c7913f308519c6b0/execute/async - {"script":"<script> [1562 bytes]","args":[{"selector":{"id":"application-managepartners-display-component---NewPartner--addressDetailDetailsName1","interaction":{"idSuffix":"inner"}},"wdio_ui5_key":"applicationmanagepartners-display-component---NewPartner--addressDetailDetailsName1"}]}
RESULT: {"script":"<script> [1562 bytes]","args":[{"selector":{"id":"application-managepartners-display-component---NewPartner--addressDetailDetailsName1","interaction":{"idSuffix":"inner"}},"wdio_ui5_key":"applicationmanagepartners-display-component---NewPartner--addressDetailDetailsName1"}]}
RESULT: undefined
COMMAND: POST /session/25c011aa293abf97c7913f308519c6b0/execute/async - {"script":"<script> [776 bytes]","args":[{"enterText":"Intracompany Partner WDIO","selector":{"id":"application-managepartners-display-component---NewPartner--addressDetailDetailsName1","interaction":{"idSuffix":"inner"}},"clearTextFirst":true,"interactionType":"ENTER_TEXT"}]}
RESULT: {"script":"<script> [776 bytes]","args":[{"enterText":"Intracompany Partner WDIO","selector":{"id":"application-managepartners-display-component---NewPartner--addressDetailDetailsName1","interaction":{"idSuffix":"inner"}},"clearTextFirst":true,"interactionType":"ENTER_TEXT"}]}
COMMAND: POST /session/25c011aa293abf97c7913f308519c6b0/execute/async - {"script":"<script> [1562 bytes]","args":[{"selector":{"id":"application-managepartners-display-component---NewPartner--addressDetailDetailsLanguage-arrow"},"wdio_ui5_key":"applicationmanagepartners-display-component---NewPartner--addressDetailDetailsLanguage-arrow"}]}
RESULT: {"script":"<script> [1562 bytes]","args":[{"selector":{"id":"application-managepartners-display-component---NewPartner--addressDetailDetailsLanguage-arrow"},"wdio_ui5_key":"applicationmanagepartners-display-component---NewPartner--addressDetailDetailsLanguage-arrow"}]}
RESULT: undefined
COMMAND: POST /session/25c011aa293abf97c7913f308519c6b0/element - {"using":"xpath","value":"//*[@id=\"application-managepartners-display-component---NewPartner--addressDetailDetailsLanguage-arrow\"]"}
RESULT: {"using":"xpath","value":"//*[@id=\"application-managepartners-display-component---NewPartner--addressDetailDetailsLanguage-arrow\"]"}
COMMAND: POST /session/25c011aa293abf97c7913f308519c6b0/element/f.A224BA6FA6224D464A8F44AD5BF2EA9F.d.8CA55D030F347B43D142B4554E861CEC.e.1484/click - {}
RESULT: {}
COMMAND: POST /session/25c011aa293abf97c7913f308519c6b0/element - {"using":"xpath","value":"//span[contains(text(), \"English\")]"}
COMMAND: GET /session/25c011aa293abf97c7913f308519c6b0/screenshot - {}
RESULT: {"using":"xpath","value":"//span[contains(text(), \"English\")]"}
COMMAND: POST /session/25c011aa293abf97c7913f308519c6b0/element/f.A224BA6FA6224D464A8F44AD5BF2EA9F.d.8CA55D030F347B43D142B4554E861CEC.e.1485/click - {}
RESULT: {}
RESULT: {}
COMMAND: GET /session/25c011aa293abf97c7913f308519c6b0/screenshot - {}
RESULT: {}
COMMAND: POST /session/25c011aa293abf97c7913f308519c6b0/execute/async - {"script":"<script> [1562 bytes]","args":[{"selector":{"id":"application-managepartners-display-component---NewPartner--addressDetailDetailsCity1","interaction":{"idSuffix":"inner"}},"wdio_ui5_key":"applicationmanagepartners-display-component---NewPartner--addressDetailDetailsCity1"}]}
RESULT: {"script":"<script> [1562 bytes]","args":[{"selector":{"id":"application-managepartners-display-component---NewPartner--addressDetailDetailsCity1","interaction":{"idSuffix":"inner"}},"wdio_ui5_key":"applicationmanagepartners-display-component---NewPartner--addressDetailDetailsCity1"}]}
RESULT: undefined
COMMAND: POST /session/25c011aa293abf97c7913f308519c6b0/execute/async - {"script":"<script> [776 bytes]","args":[{"enterText":"Rosario","selector":{"id":"application-managepartners-display-component---NewPartner--addressDetailDetailsCity1","interaction":{"idSuffix":"inner"}},"clearTextFirst":true,"interactionType":"ENTER_TEXT"}]}
RESULT: {"script":"<script> [776 bytes]","args":[{"enterText":"Rosario","selector":{"id":"application-managepartners-display-component---NewPartner--addressDetailDetailsCity1","interaction":{"idSuffix":"inner"}},"clearTextFirst":true,"interactionType":"ENTER_TEXT"}]}
COMMAND: POST /session/25c011aa293abf97c7913f308519c6b0/execute/async - {"script":"<script> [1562 bytes]","args":[{"selector":{"id":"application-managepartners-display-component---NewPartner--addressDetailDetailsCountry-arrow"},"wdio_ui5_key":"applicationmanagepartners-display-component---NewPartner--addressDetailDetailsCountry-arrow"}]}
RESULT: {"script":"<script> [1562 bytes]","args":[{"selector":{"id":"application-managepartners-display-component---NewPartner--addressDetailDetailsCountry-arrow"},"wdio_ui5_key":"applicationmanagepartners-display-component---NewPartner--addressDetailDetailsCountry-arrow"}]}
RESULT: undefined
COMMAND: POST /session/25c011aa293abf97c7913f308519c6b0/element - {"using":"xpath","value":"//*[@id=\"application-managepartners-display-component---NewPartner--addressDetailDetailsCountry-arrow\"]"}
RESULT: {"using":"xpath","value":"//*[@id=\"application-managepartners-display-component---NewPartner--addressDetailDetailsCountry-arrow\"]"}
COMMAND: POST /session/25c011aa293abf97c7913f308519c6b0/element/f.A224BA6FA6224D464A8F44AD5BF2EA9F.d.8CA55D030F347B43D142B4554E861CEC.e.1471/click - {}
RESULT: {}
COMMAND: POST /session/25c011aa293abf97c7913f308519c6b0/element - {"using":"xpath","value":"//span[contains(text(), \"Argentina\")]"}
COMMAND: GET /session/25c011aa293abf97c7913f308519c6b0/screenshot - {}
RESULT: {}
RESULT: {"using":"xpath","value":"//span[contains(text(), \"Argentina\")]"}
COMMAND: POST /session/25c011aa293abf97c7913f308519c6b0/element/f.A224BA6FA6224D464A8F44AD5BF2EA9F.d.8CA55D030F347B43D142B4554E861CEC.e.1487/click - {}
RESULT: {}
COMMAND: GET /session/25c011aa293abf97c7913f308519c6b0/screenshot - {}
RESULT: {}
COMMAND: POST /session/25c011aa293abf97c7913f308519c6b0/element - {"using":"xpath","value":"//bdi[contains(text(), \"Commercial\")]"}
RESULT: {"using":"xpath","value":"//bdi[contains(text(), \"Commercial\")]"}
COMMAND: POST /session/25c011aa293abf97c7913f308519c6b0/element/f.A224BA6FA6224D464A8F44AD5BF2EA9F.d.8CA55D030F347B43D142B4554E861CEC.e.1488/click - {}
RESULT: {}
COMMAND: GET /session/25c011aa293abf97c7913f308519c6b0/screenshot - {}
RESULT: {}
COMMAND: POST /session/25c011aa293abf97c7913f308519c6b0/execute/async - {"script":"<script> [1562 bytes]","args":[{"selector":{"id":"application-managepartners-display-component---NewPartner--partnerDetailInternal-arrow"},"wdio_ui5_key":"applicationmanagepartners-display-component---NewPartner--partnerDetailInternal-arrow"}]}
RESULT: {"script":"<script> [1562 bytes]","args":[{"selector":{"id":"application-managepartners-display-component---NewPartner--partnerDetailInternal-arrow"},"wdio_ui5_key":"applicationmanagepartners-display-component---NewPartner--partnerDetailInternal-arrow"}]}
RESULT: undefined
COMMAND: POST /session/25c011aa293abf97c7913f308519c6b0/element - {"using":"xpath","value":"//*[@id=\"application-managepartners-display-component---NewPartner--partnerDetailInternal-arrow\"]"}
RESULT: {"using":"xpath","value":"//*[@id=\"application-managepartners-display-component---NewPartner--partnerDetailInternal-arrow\"]"}
COMMAND: POST /session/25c011aa293abf97c7913f308519c6b0/element/f.A224BA6FA6224D464A8F44AD5BF2EA9F.d.8CA55D030F347B43D142B4554E861CEC.e.1496/click - {}
RESULT: {}
COMMAND: POST /session/25c011aa293abf97c7913f308519c6b0/element - {"using":"xpath","value":"//span[contains(text(), \"Affiliated company\")]"}
COMMAND: GET /session/25c011aa293abf97c7913f308519c6b0/screenshot - {}
RESULT: {"using":"xpath","value":"//span[contains(text(), \"Affiliated company\")]"}
COMMAND: POST /session/25c011aa293abf97c7913f308519c6b0/element/f.A224BA6FA6224D464A8F44AD5BF2EA9F.d.8CA55D030F347B43D142B4554E861CEC.e.1497/click - {}
RESULT: {}
RESULT: {}
COMMAND: POST /session/25c011aa293abf97c7913f308519c6b0/execute/async - {"script":"<script> [1562 bytes]","args":[{"selector":{"id":"application-managepartners-display-component---NewPartner--partnerDetailsCurrency-arrow"},"wdio_ui5_key":"applicationmanagepartners-display-component---NewPartner--partnerDetailsCurrency-arrow"}]}
COMMAND: GET /session/25c011aa293abf97c7913f308519c6b0/screenshot - {}
RESULT: {"script":"<script> [1562 bytes]","args":[{"selector":{"id":"application-managepartners-display-component---NewPartner--partnerDetailsCurrency-arrow"},"wdio_ui5_key":"applicationmanagepartners-display-component---NewPartner--partnerDetailsCurrency-arrow"}]}
RESULT: undefined
COMMAND: POST /session/25c011aa293abf97c7913f308519c6b0/element - {"using":"xpath","value":"//*[@id=\"application-managepartners-display-component---NewPartner--partnerDetailsCurrency-arrow\"]"}
RESULT: {}
RESULT: {"using":"xpath","value":"//*[@id=\"application-managepartners-display-component---NewPartner--partnerDetailsCurrency-arrow\"]"}
COMMAND: POST /session/25c011aa293abf97c7913f308519c6b0/element/f.A224BA6FA6224D464A8F44AD5BF2EA9F.d.8CA55D030F347B43D142B4554E861CEC.e.1504/click - {}
RESULT: {}
COMMAND: POST /session/25c011aa293abf97c7913f308519c6b0/element - {"using":"xpath","value":"//span[contains(text(), \"Euro\")]"}
COMMAND: GET /session/25c011aa293abf97c7913f308519c6b0/screenshot - {}
RESULT: {"using":"xpath","value":"//span[contains(text(), \"Euro\")]"}
COMMAND: POST /session/25c011aa293abf97c7913f308519c6b0/element/f.A224BA6FA6224D464A8F44AD5BF2EA9F.d.8CA55D030F347B43D142B4554E861CEC.e.1505/click - {}
RESULT: {}
RESULT: {}
COMMAND: POST /session/25c011aa293abf97c7913f308519c6b0/execute/async - {"script":"<script> [1562 bytes]","args":[{"selector":{"id":"application-managepartners-display-component---NewPartner--addressEditDetailsCostObjectCstType-arrow"},"wdio_ui5_key":"applicationmanagepartners-display-component---NewPartner--addressEditDetailsCostObjectCstType-arrow"}]}
COMMAND: GET /session/25c011aa293abf97c7913f308519c6b0/screenshot - {}
RESULT: {"script":"<script> [1562 bytes]","args":[{"selector":{"id":"application-managepartners-display-component---NewPartner--addressEditDetailsCostObjectCstType-arrow"},"wdio_ui5_key":"applicationmanagepartners-display-component---NewPartner--addressEditDetailsCostObjectCstType-arrow"}]}
RESULT: undefined
COMMAND: POST /session/25c011aa293abf97c7913f308519c6b0/element - {"using":"xpath","value":"//*[@id=\"application-managepartners-display-component---NewPartner--addressEditDetailsCostObjectCstType-arrow\"]"}
RESULT: {}
RESULT: {"using":"xpath","value":"//*[@id=\"application-managepartners-display-component---NewPartner--addressEditDetailsCostObjectCstType-arrow\"]"}
COMMAND: POST /session/25c011aa293abf97c7913f308519c6b0/element/f.A224BA6FA6224D464A8F44AD5BF2EA9F.d.8CA55D030F347B43D142B4554E861CEC.e.1506/click - {}
RESULT: {}
COMMAND: POST /session/25c011aa293abf97c7913f308519c6b0/element - {"using":"xpath","value":"//span[contains(text(), \"Cost Center\")]"}
COMMAND: GET /session/25c011aa293abf97c7913f308519c6b0/screenshot - {}
RESULT: {"using":"xpath","value":"//span[contains(text(), \"Cost Center\")]"}
COMMAND: POST /session/25c011aa293abf97c7913f308519c6b0/element/f.A224BA6FA6224D464A8F44AD5BF2EA9F.d.8CA55D030F347B43D142B4554E861CEC.e.1507/click - {}
RESULT: {}
RESULT: {}
COMMAND: GET /session/25c011aa293abf97c7913f308519c6b0/screenshot - {}
RESULT: {}
COMMAND: POST /session/25c011aa293abf97c7913f308519c6b0/element - {"using":"xpath","value":"//span[@id=\"application-managepartners-display-component---NewPartner--addressNewCostObjectCstID-vhi\"]"}
RESULT: {"using":"xpath","value":"//span[@id=\"application-managepartners-display-component---NewPartner--addressNewCostObjectCstID-vhi\"]"}
COMMAND: POST /session/25c011aa293abf97c7913f308519c6b0/execute/sync - {"script":"<script> [8489 bytes]","args":[{"element-6066-11e4-a52e-4f735466cecf":"f.A224BA6FA6224D464A8F44AD5BF2EA9F.d.8CA55D030F347B43D142B4554E861CEC.e.1511","ELEMENT":"f.A224BA6FA6224D464A8F44AD5BF2EA9F.d.8CA55D030F347B43D142B4554E861CEC.e.1511"}]}
RESULT: {"script":"<script> [8489 bytes]","args":[{"element-6066-11e4-a52e-4f735466cecf":"f.A224BA6FA6224D464A8F44AD5BF2EA9F.d.8CA55D030F347B43D142B4554E861CEC.e.1511","ELEMENT":"f.A224BA6FA6224D464A8F44AD5BF2EA9F.d.8CA55D030F347B43D142B4554E861CEC.e.1511"}]}
COMMAND: POST /session/25c011aa293abf97c7913f308519c6b0/execute/async - {"script":"<script> [1562 bytes]","args":[{"selector":{"id":"application-managepartners-display-component---NewPartner--addressNewCostObjectCstID-vhi"},"wdio_ui5_key":"applicationmanagepartners-display-component---NewPartner--addressNewCostObjectCstID-vhi"}]}
COMMAND: GET /session/25c011aa293abf97c7913f308519c6b0/screenshot - {}
RESULT: {"script":"<script> [1562 bytes]","args":[{"selector":{"id":"application-managepartners-display-component---NewPartner--addressNewCostObjectCstID-vhi"},"wdio_ui5_key":"applicationmanagepartners-display-component---NewPartner--addressNewCostObjectCstID-vhi"}]}
RESULT: undefined
COMMAND: POST /session/25c011aa293abf97c7913f308519c6b0/element - {"using":"xpath","value":"//*[@id=\"application-managepartners-display-component---NewPartner--addressNewCostObjectCstID-vhi\"]"}
RESULT: {}
RESULT: {"using":"xpath","value":"//*[@id=\"application-managepartners-display-component---NewPartner--addressNewCostObjectCstID-vhi\"]"}
COMMAND: POST /session/25c011aa293abf97c7913f308519c6b0/element/f.A224BA6FA6224D464A8F44AD5BF2EA9F.d.8CA55D030F347B43D142B4554E861CEC.e.1511/click - {}
RESULT: {}
COMMAND: GET /session/25c011aa293abf97c7913f308519c6b0/screenshot - {}
RESULT: {}
RESULT: undefined
COMMAND: POST /session/25c011aa293abf97c7913f308519c6b0/execute/async - {"script":"<script> [776 bytes]","args":[{"enterText":"10001013","selector":{"controlType":"sap.m.SearchField","properties":{"placeholder":"Search"},"searchOpenDialogs":true,"interaction":{"idSuffix":"I"}},"clearTextFirst":true,"interactionType":"ENTER_TEXT"}]}
RESULT: {"script":"<script> [776 bytes]","args":[{"enterText":"10001013","selector":{"controlType":"sap.m.SearchField","properties":{"placeholder":"Search"},"searchOpenDialogs":true,"interaction":{"idSuffix":"I"}},"clearTextFirst":true,"interactionType":"ENTER_TEXT"}]}
COMMAND: POST /session/25c011aa293abf97c7913f308519c6b0/actions - {"actions":[{"id":"action2","type":"key","parameters":{},"actions":[{"type":"keyDown","value":""},{"type":"pause","duration":10},{"type":"keyUp","value":""}]}]}
RESULT: {"actions":[{"id":"action2","type":"key","parameters":{},"actions":[{"type":"keyDown","value":""},{"type":"pause","duration":10},{"type":"keyUp","value":""}]}]}
COMMAND: GET /session/25c011aa293abf97c7913f308519c6b0/screenshot - {}
RESULT: {}
COMMAND: POST /session/25c011aa293abf97c7913f308519c6b0/element - {"using":"xpath","value":"//span[contains(text(), \"General Management\")]"}
RESULT: {"using":"xpath","value":"//span[contains(text(), \"General Management\")]"}
COMMAND: POST /session/25c011aa293abf97c7913f308519c6b0/element/f.A224BA6FA6224D464A8F44AD5BF2EA9F.d.8CA55D030F347B43D142B4554E861CEC.e.1551/click - {}
RESULT: {}
COMMAND: GET /session/25c011aa293abf97c7913f308519c6b0/screenshot - {}
RESULT: {}
COMMAND: POST /session/25c011aa293abf97c7913f308519c6b0/element - {"using":"xpath","value":"//bdi[contains(text(), \"OK\")]"}
RESULT: {"using":"xpath","value":"//bdi[contains(text(), \"OK\")]"}
COMMAND: POST /session/25c011aa293abf97c7913f308519c6b0/element/f.A224BA6FA6224D464A8F44AD5BF2EA9F.d.8CA55D030F347B43D142B4554E861CEC.e.1552/click - {}
RESULT: {}
COMMAND: GET /session/25c011aa293abf97c7913f308519c6b0/screenshot - {}
RESULT: {}
COMMAND: POST /session/25c011aa293abf97c7913f308519c6b0/element - {"using":"xpath","value":"//input[@id=\"application-managepartners-display-component---NewPartner--companyCodeComboBox-inner\"]"}
RESULT: {"using":"xpath","value":"//input[@id=\"application-managepartners-display-component---NewPartner--companyCodeComboBox-inner\"]"}
COMMAND: POST /session/25c011aa293abf97c7913f308519c6b0/element/f.A224BA6FA6224D464A8F44AD5BF2EA9F.d.8CA55D030F347B43D142B4554E861CEC.e.1350/clear - {}
RESULT: {}
COMMAND: POST /session/25c011aa293abf97c7913f308519c6b0/element/f.A224BA6FA6224D464A8F44AD5BF2EA9F.d.8CA55D030F347B43D142B4554E861CEC.e.1350/value - {"text":"1000"}
COMMAND: GET /session/25c011aa293abf97c7913f308519c6b0/screenshot - {}
RESULT: {"text":"1000"}
COMMAND: GET /session/25c011aa293abf97c7913f308519c6b0/screenshot - {}
RESULT: {}
RESULT: {}
COMMAND: POST /session/25c011aa293abf97c7913f308519c6b0/element - {"using":"xpath","value":"//li[.//span[text()= \"1000\"]]"}
RESULT: {"using":"xpath","value":"//li[.//span[text()= \"1000\"]]"}
COMMAND: POST /session/25c011aa293abf97c7913f308519c6b0/element/f.A224BA6FA6224D464A8F44AD5BF2EA9F.d.8CA55D030F347B43D142B4554E861CEC.e.1558/click - {}
RESULT: {}
COMMAND: GET /session/25c011aa293abf97c7913f308519c6b0/screenshot - {}
RESULT: {}
COMMAND: POST /session/25c011aa293abf97c7913f308519c6b0/execute/async - {"script":"<script> [1562 bytes]","args":[{"selector":{"id":"application-managepartners-display-component---NewPartner--btnAddTableRow-img"},"wdio_ui5_key":"applicationmanagepartners-display-component---NewPartner--btnAddTableRow-img"}]}
RESULT: {"script":"<script> [1562 bytes]","args":[{"selector":{"id":"application-managepartners-display-component---NewPartner--btnAddTableRow-img"},"wdio_ui5_key":"applicationmanagepartners-display-component---NewPartner--btnAddTableRow-img"}]}
RESULT: undefined
COMMAND: POST /session/25c011aa293abf97c7913f308519c6b0/element - {"using":"xpath","value":"//*[@id=\"application-managepartners-display-component---NewPartner--btnAddTableRow-img\"]"}
RESULT: {"using":"xpath","value":"//*[@id=\"application-managepartners-display-component---NewPartner--btnAddTableRow-img\"]"}
COMMAND: POST /session/25c011aa293abf97c7913f308519c6b0/element/f.A224BA6FA6224D464A8F44AD5BF2EA9F.d.8CA55D030F347B43D142B4554E861CEC.e.1559/click - {}
RESULT: {}
COMMAND: GET /session/25c011aa293abf97c7913f308519c6b0/screenshot - {}
RESULT: {}
COMMAND: POST /session/25c011aa293abf97c7913f308519c6b0/element - {"using":"xpath","value":"//input[@id=\"application-managepartners-display-component---NewPartner--assignmentYard-application-managepartners-display-component---NewPartner--assignmentsTable-0-inner\"]"}
RESULT: {"using":"xpath","value":"//input[@id=\"application-managepartners-display-component---NewPartner--assignmentYard-application-managepartners-display-component---NewPartner--assignmentsTable-0-inner\"]"}
COMMAND: POST /session/25c011aa293abf97c7913f308519c6b0/element/f.A224BA6FA6224D464A8F44AD5BF2EA9F.d.8CA55D030F347B43D142B4554E861CEC.e.1562/clear - {}
RESULT: {}
COMMAND: POST /session/25c011aa293abf97c7913f308519c6b0/element/f.A224BA6FA6224D464A8F44AD5BF2EA9F.d.8CA55D030F347B43D142B4554E861CEC.e.1562/value - {"text":"244"}
COMMAND: GET /session/25c011aa293abf97c7913f308519c6b0/screenshot - {}
RESULT: {"text":"244"}
COMMAND: GET /session/25c011aa293abf97c7913f308519c6b0/screenshot - {}
RESULT: {}
RESULT: {}
COMMAND: POST /session/25c011aa293abf97c7913f308519c6b0/element - {"using":"xpath","value":"//ul[contains(@id,\"NewPartner--assignmentsTable-0-popup-list-listUl\")]//li[.//span[text()='244']]"}
RESULT: {"using":"xpath","value":"//ul[contains(@id,\"NewPartner--assignmentsTable-0-popup-list-listUl\")]//li[.//span[text()='244']]"}
COMMAND: POST /session/25c011aa293abf97c7913f308519c6b0/element/f.A224BA6FA6224D464A8F44AD5BF2EA9F.d.8CA55D030F347B43D142B4554E861CEC.e.1572/click - {}
RESULT: {}
COMMAND: GET /session/25c011aa293abf97c7913f308519c6b0/screenshot - {}
RESULT: {}
COMMAND: POST /session/25c011aa293abf97c7913f308519c6b0/actions - {"actions":[{"id":"action3","type":"key","parameters":{},"actions":[{"type":"keyDown","value":""},{"type":"pause","duration":10},{"type":"keyUp","value":""}]}]}
RESULT: {"actions":[{"id":"action3","type":"key","parameters":{},"actions":[{"type":"keyDown","value":""},{"type":"pause","duration":10},{"type":"keyUp","value":""}]}]}
COMMAND: POST /session/25c011aa293abf97c7913f308519c6b0/execute/async - {"script":"<script> [1562 bytes]","args":[{"selector":{"id":"application-managepartners-display-component---NewPartner--externalCustomerComboBox-application-managepartners-display-component---NewPartner--assignmentsTable-0-vhi"},"wdio_ui5_key":"applicationmanagepartners-display-component---NewPartner--externalCustomerComboBox-application-managepartners-display-component---NewPartner--assignmentsTable-0-vhi"}]}
COMMAND: GET /session/25c011aa293abf97c7913f308519c6b0/screenshot - {}
RESULT: {"script":"<script> [1562 bytes]","args":[{"selector":{"id":"application-managepartners-display-component---NewPartner--externalCustomerComboBox-application-managepartners-display-component---NewPartner--assignmentsTable-0-vhi"},"wdio_ui5_key":"applicationmanagepartners-display-component---NewPartner--externalCustomerComboBox-application-managepartners-display-component---NewPartner--assignmentsTable-0-vhi"}]}
RESULT: undefined
COMMAND: POST /session/25c011aa293abf97c7913f308519c6b0/element - {"using":"xpath","value":"//*[@id=\"application-managepartners-display-component---NewPartner--externalCustomerComboBox-application-managepartners-display-component---NewPartner--assignmentsTable-0-vhi\"]"}
RESULT: {}
RESULT: {"using":"xpath","value":"//*[@id=\"application-managepartners-display-component---NewPartner--externalCustomerComboBox-application-managepartners-display-component---NewPartner--assignmentsTable-0-vhi\"]"}
COMMAND: POST /session/25c011aa293abf97c7913f308519c6b0/element/f.A224BA6FA6224D464A8F44AD5BF2EA9F.d.8CA55D030F347B43D142B4554E861CEC.e.1576/click - {}
RESULT: {}
RESULT: undefined
COMMAND: POST /session/25c011aa293abf97c7913f308519c6b0/execute/async - {"script":"<script> [776 bytes]","args":[{"enterText":"300003","selector":{"controlType":"sap.m.SearchField","properties":{"placeholder":"Search"},"searchOpenDialogs":true,"interaction":{"idSuffix":"I"}},"clearTextFirst":true,"interactionType":"ENTER_TEXT"}]}
COMMAND: GET /session/25c011aa293abf97c7913f308519c6b0/screenshot - {}
RESULT: {"script":"<script> [776 bytes]","args":[{"enterText":"300003","selector":{"controlType":"sap.m.SearchField","properties":{"placeholder":"Search"},"searchOpenDialogs":true,"interaction":{"idSuffix":"I"}},"clearTextFirst":true,"interactionType":"ENTER_TEXT"}]}
COMMAND: POST /session/25c011aa293abf97c7913f308519c6b0/actions - {"actions":[{"id":"action4","type":"key","parameters":{},"actions":[{"type":"keyDown","value":""},{"type":"pause","duration":10},{"type":"keyUp","value":""}]}]}
RESULT: {}
RESULT: {"actions":[{"id":"action4","type":"key","parameters":{},"actions":[{"type":"keyDown","value":""},{"type":"pause","duration":10},{"type":"keyUp","value":""}]}]}
COMMAND: GET /session/25c011aa293abf97c7913f308519c6b0/screenshot - {}
RESULT: {}
COMMAND: POST /session/25c011aa293abf97c7913f308519c6b0/element - {"using":"xpath","value":"//span[contains(text(), \"300003\")]"}
RESULT: {"using":"xpath","value":"//span[contains(text(), \"300003\")]"}
COMMAND: POST /session/25c011aa293abf97c7913f308519c6b0/element/f.A224BA6FA6224D464A8F44AD5BF2EA9F.d.8CA55D030F347B43D142B4554E861CEC.e.1626/click - {}
RESULT: {}
COMMAND: GET /session/25c011aa293abf97c7913f308519c6b0/screenshot - {}
RESULT: {}
COMMAND: POST /session/25c011aa293abf97c7913f308519c6b0/element - {"using":"xpath","value":"//bdi[contains(text(), \"OK\")]"}
RESULT: {"using":"xpath","value":"//bdi[contains(text(), \"OK\")]"}
COMMAND: POST /session/25c011aa293abf97c7913f308519c6b0/element/f.A224BA6FA6224D464A8F44AD5BF2EA9F.d.8CA55D030F347B43D142B4554E861CEC.e.1628/click - {}
RESULT: {}
COMMAND: GET /session/25c011aa293abf97c7913f308519c6b0/screenshot - {}
RESULT: {}
COMMAND: POST /session/25c011aa293abf97c7913f308519c6b0/execute/async - {"script":"<script> [1562 bytes]","args":[{"selector":{"id":"application-managepartners-display-component---NewPartner--intercompVendorComboBox-application-managepartners-display-component---NewPartner--assignmentsTable-0-vhi"},"wdio_ui5_key":"applicationmanagepartners-display-component---NewPartner--intercompVendorComboBox-application-managepartners-display-component---NewPartner--assignmentsTable-0-vhi"}]}
RESULT: {"script":"<script> [1562 bytes]","args":[{"selector":{"id":"application-managepartners-display-component---NewPartner--intercompVendorComboBox-application-managepartners-display-component---NewPartner--assignmentsTable-0-vhi"},"wdio_ui5_key":"applicationmanagepartners-display-component---NewPartner--intercompVendorComboBox-application-managepartners-display-component---NewPartner--assignmentsTable-0-vhi"}]}
RESULT: undefined
COMMAND: POST /session/25c011aa293abf97c7913f308519c6b0/element - {"using":"xpath","value":"//*[@id=\"application-managepartners-display-component---NewPartner--intercompVendorComboBox-application-managepartners-display-component---NewPartner--assignmentsTable-0-vhi\"]"}
RESULT: {"using":"xpath","value":"//*[@id=\"application-managepartners-display-component---NewPartner--intercompVendorComboBox-application-managepartners-display-component---NewPartner--assignmentsTable-0-vhi\"]"}
COMMAND: POST /session/25c011aa293abf97c7913f308519c6b0/element/f.A224BA6FA6224D464A8F44AD5BF2EA9F.d.8CA55D030F347B43D142B4554E861CEC.e.1631/click - {}
RESULT: {}
RESULT: undefined
COMMAND: POST /session/25c011aa293abf97c7913f308519c6b0/execute/async - {"script":"<script> [776 bytes]","args":[{"enterText":"100005","selector":{"controlType":"sap.m.SearchField","properties":{"placeholder":"Search"},"searchOpenDialogs":true,"interaction":{"idSuffix":"I"}},"clearTextFirst":true,"interactionType":"ENTER_TEXT"}]}
COMMAND: GET /session/25c011aa293abf97c7913f308519c6b0/screenshot - {}
RESULT: {"script":"<script> [776 bytes]","args":[{"enterText":"100005","selector":{"controlType":"sap.m.SearchField","properties":{"placeholder":"Search"},"searchOpenDialogs":true,"interaction":{"idSuffix":"I"}},"clearTextFirst":true,"interactionType":"ENTER_TEXT"}]}
COMMAND: POST /session/25c011aa293abf97c7913f308519c6b0/actions - {"actions":[{"id":"action5","type":"key","parameters":{},"actions":[{"type":"keyDown","value":""},{"type":"pause","duration":10},{"type":"keyUp","value":""}]}]}
RESULT: {}
RESULT: {"actions":[{"id":"action5","type":"key","parameters":{},"actions":[{"type":"keyDown","value":""},{"type":"pause","duration":10},{"type":"keyUp","value":""}]}]}
COMMAND: GET /session/25c011aa293abf97c7913f308519c6b0/screenshot - {}
RESULT: {}
COMMAND: POST /session/25c011aa293abf97c7913f308519c6b0/element - {"using":"xpath","value":"//span[contains(text(), \"Penguins - Field/12345 Berlin\")]"}
RESULT: {"using":"xpath","value":"//span[contains(text(), \"Penguins - Field/12345 Berlin\")]"}
COMMAND: POST /session/25c011aa293abf97c7913f308519c6b0/element/f.A224BA6FA6224D464A8F44AD5BF2EA9F.d.8CA55D030F347B43D142B4554E861CEC.e.1649/click - {}
RESULT: {}
COMMAND: GET /session/25c011aa293abf97c7913f308519c6b0/screenshot - {}
RESULT: {}
COMMAND: POST /session/25c011aa293abf97c7913f308519c6b0/element - {"using":"xpath","value":"//bdi[contains(text(), \"OK\")]"}
RESULT: {"using":"xpath","value":"//bdi[contains(text(), \"OK\")]"}
COMMAND: POST /session/25c011aa293abf97c7913f308519c6b0/element/f.A224BA6FA6224D464A8F44AD5BF2EA9F.d.8CA55D030F347B43D142B4554E861CEC.e.1650/click - {}
RESULT: {}
COMMAND: GET /session/25c011aa293abf97c7913f308519c6b0/screenshot - {}
RESULT: {}
COMMAND: POST /session/25c011aa293abf97c7913f308519c6b0/element - {"using":"xpath","value":"//button[@data-kt=\"saveButton\"]"}
RESULT: {"using":"xpath","value":"//button[@data-kt=\"saveButton\"]"}
COMMAND: POST /session/25c011aa293abf97c7913f308519c6b0/element/f.A224BA6FA6224D464A8F44AD5BF2EA9F.d.8CA55D030F347B43D142B4554E861CEC.e.1420/click - {}
RESULT: {}
COMMAND: GET /session/25c011aa293abf97c7913f308519c6b0/screenshot - {}
RESULT: {}
COMMAND: POST /session/25c011aa293abf97c7913f308519c6b0/element - {"using":"xpath","value":"//header[contains(@id, 'ObjectPageLayout-headerTitle')]/div[1]/div[2]/div[2]/span[1]"}
RESULT: {"using":"xpath","value":"//header[contains(@id, 'ObjectPageLayout-headerTitle')]/div[1]/div[2]/div[2]/span[1]"}
COMMAND: POST /session/25c011aa293abf97c7913f308519c6b0/elements - {"using":"xpath","value":"//header[contains(@id, 'ObjectPageLayout-headerTitle')]/div[1]/div[2]/div[2]/span[1]"}
RESULT: {"using":"xpath","value":"//header[contains(@id, 'ObjectPageLayout-headerTitle')]/div[1]/div[2]/div[2]/span[1]"}
COMMAND: POST /session/25c011aa293abf97c7913f308519c6b0/execute/sync - {"script":"<script> [56 bytes]","args":[{"element-6066-11e4-a52e-4f735466cecf":"f.A224BA6FA6224D464A8F44AD5BF2EA9F.d.8CA55D030F347B43D142B4554E861CEC.e.1804","ELEMENT":"f.A224BA6FA6224D464A8F44AD5BF2EA9F.d.8CA55D030F347B43D142B4554E861CEC.e.1804"}]}
RESULT: {"script":"<script> [56 bytes]","args":[{"element-6066-11e4-a52e-4f735466cecf":"f.A224BA6FA6224D464A8F44AD5BF2EA9F.d.8CA55D030F347B43D142B4554E861CEC.e.1804","ELEMENT":"f.A224BA6FA6224D464A8F44AD5BF2EA9F.d.8CA55D030F347B43D142B4554E861CEC.e.1804"}]}
COMMAND: POST /session/25c011aa293abf97c7913f308519c6b0/element - {"using":"css selector","value":"#shell-header-logo"}
COMMAND: GET /session/25c011aa293abf97c7913f308519c6b0/screenshot - {}
RESULT: {"using":"css selector","value":"#shell-header-logo"}
COMMAND: POST /session/25c011aa293abf97c7913f308519c6b0/element/f.A224BA6FA6224D464A8F44AD5BF2EA9F.d.8CA55D030F347B43D142B4554E861CEC.e.1020/click - {}
RESULT: {}
RESULT: {}
COMMAND: GET /session/25c011aa293abf97c7913f308519c6b0/screenshot - {}
RESULT: {}
COMMAND: POST /session/25c011aa293abf97c7913f308519c6b0/execute/sync - {"script":"<script> [299 bytes]","args":[["getModel","getResource"]]}
RESULT: {"script":"<script> [299 bytes]","args":[["getModel","getResource"]]}
COMMAND: POST /session/25c011aa293abf97c7913f308519c6b0/actions - {"actions":[{"id":"action6","type":"key","parameters":{},"actions":[{"type":"keyDown","value":""},{"type":"pause","duration":10},{"type":"keyUp","value":""}]}]}
COMMAND: GET /session/25c011aa293abf97c7913f308519c6b0/screenshot - {}
RESULT: {"actions":[{"id":"action6","type":"key","parameters":{},"actions":[{"type":"keyDown","value":""},{"type":"pause","duration":10},{"type":"keyUp","value":""}]}]}
COMMAND: GET /session/25c011aa293abf97c7913f308519c6b0/screenshot - {}
RESULT: {}
RESULT: {}
COMMAND: POST /session/25c011aa293abf97c7913f308519c6b0/refresh - {}
RESULT: {}
COMMAND: GET /session/25c011aa293abf97c7913f308519c6b0/screenshot - {}
RESULT: {}
COMMAND: POST /session/25c011aa293abf97c7913f308519c6b0/refresh - {}
RESULT: {}
COMMAND: GET /session/25c011aa293abf97c7913f308519c6b0/screenshot - {}
RESULT: {}
COMMAND: POST /session/25c011aa293abf97c7913f308519c6b0/window/fullscreen - {}
RESULT: {}
COMMAND: POST /session/25c011aa293abf97c7913f308519c6b0/execute/async - {"script":"<script> [189 bytes]","args":[]}
RESULT: {"script":"<script> [189 bytes]","args":[]}
COMMAND: POST /session/25c011aa293abf97c7913f308519c6b0/execute/async - {"script":"<script> [123 bytes]","args":[]}
RESULT: {"script":"<script> [123 bytes]","args":[]}
COMMAND: POST /session/25c011aa293abf97c7913f308519c6b0/timeouts - {"script":"<number>"}
RESULT: {"script":"<number>"}
COMMAND: GET /session/25c011aa293abf97c7913f308519c6b0/timeouts - {}
RESULT: {}
RESULT: undefined
COMMAND: POST /session/25c011aa293abf97c7913f308519c6b0/execute/async - {"script":"<script> [2676 bytes]","args":[]}
RESULT: {"script":"<script> [2676 bytes]","args":[]}
COMMAND: POST /session/25c011aa293abf97c7913f308519c6b0/execute/async - {"script":"<script> [2342 bytes]","args":[{"protocol":"http","hostname":"0.0.0.0","path":"/","capabilities":{"browserName":"chrome","goog:chromeOptions":{"binary":"C:\\Program Files\\Google\\Chrome\\Application\\chrome.exe","args":["--start-maximized"]}},"logLevel":"warn","connectionRetryTimeout":120000,"connectionRetryCount":3,"logLevels":{},"enableDirectConnect":true,"strictSSL":true,"_":"65 more keys: [\"cacheDir\",\"port\",\"requestedCapabilities\",\"automationProtocol\",\"baseUrl\",\"waitforInterval\",\"waitforTimeout\",\"onReload\",\"beforeCommand\",\"afterCommand\",\"rootDir\",\"specs\",\"suites\",\"exclude\",\"groupLogsByTestSpec\",\"excludeDriverLogs\",\"bail\",\"framework\",\"reporters\",\"services\",\"maxInstances\",\"maxInstancesPerCapability\",\"injectGlobals\",\"filesToWatch\",\"execArgv\",\"runnerEnv\",\"runner\",\"shard\",\"specFileRetries\",\"specFileRetriesDelay\",\"specFileRetriesDeferred\",\"reporterSyncInterval\",\"reporterSyncTimeout\",\"cucumberFeaturesWithLineNumbers\",\"autoCompileOpts\",\"mochaOpts\",\"jasmineOpts\",\"cucumberOpts\",\"onPrepare\",\"onWorkerStart\",\"onWorkerEnd\",\"before\",\"beforeSession\",\"beforeSuite\",\"beforeHook\",\"beforeTest\",\"afterTest\",\"afterHook\",\"afterSuite\",\"afterSession\",\"after\",\"onComplete\",\"beforeAssertion\",\"afterAssertion\",\"beforeFeature\",\"beforeScenario\",\"beforeStep\",\"afterStep\",\"afterScenario\",\"afterFeature\",\"_\",\"suite\",\"$0\",\"ignoredWorkerServices\",\"wdi5\"]"}]}
RESULT: {"script":"<script> [2342 bytes]","args":[{"protocol":"http","hostname":"0.0.0.0","path":"/","capabilities":{"browserName":"chrome","goog:chromeOptions":{"binary":"C:\\Program Files\\Google\\Chrome\\Application\\chrome.exe","args":["--start-maximized"]}},"logLevel":"warn","connectionRetryTimeout":120000,"connectionRetryCount":3,"logLevels":{},"enableDirectConnect":true,"strictSSL":true,"_":"65 more keys: [\"cacheDir\",\"port\",\"requestedCapabilities\",\"automationProtocol\",\"baseUrl\",\"waitforInterval\",\"waitforTimeout\",\"onReload\",\"beforeCommand\",\"afterCommand\",\"rootDir\",\"specs\",\"suites\",\"exclude\",\"groupLogsByTestSpec\",\"excludeDriverLogs\",\"bail\",\"framework\",\"reporters\",\"services\",\"maxInstances\",\"maxInstancesPerCapability\",\"injectGlobals\",\"filesToWatch\",\"execArgv\",\"runnerEnv\",\"runner\",\"shard\",\"specFileRetries\",\"specFileRetriesDelay\",\"specFileRetriesDeferred\",\"reporterSyncInterval\",\"reporterSyncTimeout\",\"cucumberFeaturesWithLineNumbers\",\"autoCompileOpts\",\"mochaOpts\",\"jasmineOpts\",\"cucumberOpts\",\"onPrepare\",\"onWorkerStart\",\"onWorkerEnd\",\"before\",\"beforeSession\",\"beforeSuite\",\"beforeHook\",\"beforeTest\",\"afterTest\",\"afterHook\",\"afterSuite\",\"afterSession\",\"after\",\"onComplete\",\"beforeAssertion\",\"afterAssertion\",\"beforeFeature\",\"beforeScenario\",\"beforeStep\",\"afterStep\",\"afterScenario\",\"afterFeature\",\"_\",\"suite\",\"$0\",\"ignoredWorkerServices\",\"wdi5\"]"}]}
COMMAND: POST /session/25c011aa293abf97c7913f308519c6b0/execute/async - {"script":"<script> [21126 bytes]","args":[35000]}
RESULT: {"script":"<script> [21126 bytes]","args":[35000]}
COMMAND: POST /session/25c011aa293abf97c7913f308519c6b0/window/fullscreen - {}
RESULT: {}
]]></system-out>
    </testcase>
    <testcase classname="chrome.137_0_7151_69.windows.Billing_confirm_US117289" name="Should create a new site" time="157.334">
      <system-out><![CDATA[
COMMAND: POST /session/25c011aa293abf97c7913f308519c6b0/execute/async - {"script":"<script> [1562 bytes]","args":[{"selector":{"controlType":"sap.m.GenericTile","properties":{"header":"Manage Sites"}},"wdio_ui5_key":"sapm.GenericTile{\"header\":\"Manage Sites\"}"}]}
RESULT: {"script":"<script> [1562 bytes]","args":[{"selector":{"controlType":"sap.m.GenericTile","properties":{"header":"Manage Sites"}},"wdio_ui5_key":"sapm.GenericTile{\"header\":\"Manage Sites\"}"}]}
RESULT: undefined
COMMAND: POST /session/25c011aa293abf97c7913f308519c6b0/element - {"using":"xpath","value":"//*[@id=\"__tile33\"]"}
RESULT: {"using":"xpath","value":"//*[@id=\"__tile33\"]"}
COMMAND: POST /session/25c011aa293abf97c7913f308519c6b0/element/f.A224BA6FA6224D464A8F44AD5BF2EA9F.d.9DE504F7932962E7692F203F3BE53E93.e.1882/click - {}
RESULT: {}
COMMAND: GET /session/25c011aa293abf97c7913f308519c6b0/screenshot - {}
RESULT: {}
COMMAND: POST /session/25c011aa293abf97c7913f308519c6b0/elements - {"using":"xpath","value":"//span[text()='Error']"}
RESULT: {"using":"xpath","value":"//span[text()='Error']"}
COMMAND: POST /session/25c011aa293abf97c7913f308519c6b0/element - {"using":"xpath","value":"//button[@data-kt=\"addOverflowToolbarButton\"]"}
RESULT: {"using":"xpath","value":"//button[@data-kt=\"addOverflowToolbarButton\"]"}
COMMAND: POST /session/25c011aa293abf97c7913f308519c6b0/elements - {"using":"xpath","value":"//button[@data-kt=\"addOverflowToolbarButton\"]"}
RESULT: {"using":"xpath","value":"//button[@data-kt=\"addOverflowToolbarButton\"]"}
COMMAND: POST /session/25c011aa293abf97c7913f308519c6b0/elements - {"using":"xpath","value":"//button[@data-kt=\"addOverflowToolbarButton\"]"}
RESULT: {"using":"xpath","value":"//button[@data-kt=\"addOverflowToolbarButton\"]"}
COMMAND: POST /session/25c011aa293abf97c7913f308519c6b0/elements - {"using":"xpath","value":"//button[@data-kt=\"addOverflowToolbarButton\"]"}
RESULT: {"using":"xpath","value":"//button[@data-kt=\"addOverflowToolbarButton\"]"}
COMMAND: POST /session/25c011aa293abf97c7913f308519c6b0/elements - {"using":"xpath","value":"//button[@data-kt=\"addOverflowToolbarButton\"]"}
RESULT: {"using":"xpath","value":"//button[@data-kt=\"addOverflowToolbarButton\"]"}
COMMAND: POST /session/25c011aa293abf97c7913f308519c6b0/elements - {"using":"xpath","value":"//button[@data-kt=\"addOverflowToolbarButton\"]"}
RESULT: {"using":"xpath","value":"//button[@data-kt=\"addOverflowToolbarButton\"]"}
COMMAND: POST /session/25c011aa293abf97c7913f308519c6b0/elements - {"using":"xpath","value":"//button[@data-kt=\"addOverflowToolbarButton\"]"}
RESULT: {"using":"xpath","value":"//button[@data-kt=\"addOverflowToolbarButton\"]"}
COMMAND: POST /session/25c011aa293abf97c7913f308519c6b0/elements - {"using":"xpath","value":"//button[@data-kt=\"addOverflowToolbarButton\"]"}
RESULT: {"using":"xpath","value":"//button[@data-kt=\"addOverflowToolbarButton\"]"}
COMMAND: POST /session/25c011aa293abf97c7913f308519c6b0/elements - {"using":"xpath","value":"//button[@data-kt=\"addOverflowToolbarButton\"]"}
RESULT: {"using":"xpath","value":"//button[@data-kt=\"addOverflowToolbarButton\"]"}
COMMAND: POST /session/25c011aa293abf97c7913f308519c6b0/elements - {"using":"xpath","value":"//button[@data-kt=\"addOverflowToolbarButton\"]"}
RESULT: {"using":"xpath","value":"//button[@data-kt=\"addOverflowToolbarButton\"]"}
COMMAND: POST /session/25c011aa293abf97c7913f308519c6b0/elements - {"using":"xpath","value":"//button[@data-kt=\"addOverflowToolbarButton\"]"}
RESULT: {"using":"xpath","value":"//button[@data-kt=\"addOverflowToolbarButton\"]"}
COMMAND: POST /session/25c011aa293abf97c7913f308519c6b0/elements - {"using":"xpath","value":"//button[@data-kt=\"addOverflowToolbarButton\"]"}
RESULT: {"using":"xpath","value":"//button[@data-kt=\"addOverflowToolbarButton\"]"}
COMMAND: POST /session/25c011aa293abf97c7913f308519c6b0/elements - {"using":"xpath","value":"//button[@data-kt=\"addOverflowToolbarButton\"]"}
RESULT: {"using":"xpath","value":"//button[@data-kt=\"addOverflowToolbarButton\"]"}
COMMAND: POST /session/25c011aa293abf97c7913f308519c6b0/element - {"using":"xpath","value":"//button[@data-kt=\"addOverflowToolbarButton\"]"}
RESULT: {"using":"xpath","value":"//button[@data-kt=\"addOverflowToolbarButton\"]"}
COMMAND: POST /session/25c011aa293abf97c7913f308519c6b0/execute/sync - {"script":"<script> [8489 bytes]","args":[{"element-6066-11e4-a52e-4f735466cecf":"f.A224BA6FA6224D464A8F44AD5BF2EA9F.d.9DE504F7932962E7692F203F3BE53E93.e.1992","ELEMENT":"f.A224BA6FA6224D464A8F44AD5BF2EA9F.d.9DE504F7932962E7692F203F3BE53E93.e.1992"}]}
RESULT: {"script":"<script> [8489 bytes]","args":[{"element-6066-11e4-a52e-4f735466cecf":"f.A224BA6FA6224D464A8F44AD5BF2EA9F.d.9DE504F7932962E7692F203F3BE53E93.e.1992","ELEMENT":"f.A224BA6FA6224D464A8F44AD5BF2EA9F.d.9DE504F7932962E7692F203F3BE53E93.e.1992"}]}
COMMAND: GET /session/25c011aa293abf97c7913f308519c6b0/element/f.A224BA6FA6224D464A8F44AD5BF2EA9F.d.9DE504F7932962E7692F203F3BE53E93.e.1992/enabled - {}
COMMAND: GET /session/25c011aa293abf97c7913f308519c6b0/screenshot - {}
RESULT: {}
COMMAND: POST /session/25c011aa293abf97c7913f308519c6b0/execute/sync - {"script":"<script> [8489 bytes]","args":[{"element-6066-11e4-a52e-4f735466cecf":"f.A224BA6FA6224D464A8F44AD5BF2EA9F.d.9DE504F7932962E7692F203F3BE53E93.e.1992","ELEMENT":"f.A224BA6FA6224D464A8F44AD5BF2EA9F.d.9DE504F7932962E7692F203F3BE53E93.e.1992"}]}
COMMAND: GET /session/25c011aa293abf97c7913f308519c6b0/screenshot - {}
RESULT: {}
RESULT: {"script":"<script> [8489 bytes]","args":[{"element-6066-11e4-a52e-4f735466cecf":"f.A224BA6FA6224D464A8F44AD5BF2EA9F.d.9DE504F7932962E7692F203F3BE53E93.e.1992","ELEMENT":"f.A224BA6FA6224D464A8F44AD5BF2EA9F.d.9DE504F7932962E7692F203F3BE53E93.e.1992"}]}
COMMAND: POST /session/25c011aa293abf97c7913f308519c6b0/execute/sync - {"script":"<script> [5351 bytes]","args":[{"element-6066-11e4-a52e-4f735466cecf":"f.A224BA6FA6224D464A8F44AD5BF2EA9F.d.9DE504F7932962E7692F203F3BE53E93.e.1992","ELEMENT":"f.A224BA6FA6224D464A8F44AD5BF2EA9F.d.9DE504F7932962E7692F203F3BE53E93.e.1992"}]}
COMMAND: GET /session/25c011aa293abf97c7913f308519c6b0/screenshot - {}
RESULT: {}
RESULT: {"script":"<script> [5351 bytes]","args":[{"element-6066-11e4-a52e-4f735466cecf":"f.A224BA6FA6224D464A8F44AD5BF2EA9F.d.9DE504F7932962E7692F203F3BE53E93.e.1992","ELEMENT":"f.A224BA6FA6224D464A8F44AD5BF2EA9F.d.9DE504F7932962E7692F203F3BE53E93.e.1992"}]}
COMMAND: POST /session/25c011aa293abf97c7913f308519c6b0/element/f.A224BA6FA6224D464A8F44AD5BF2EA9F.d.9DE504F7932962E7692F203F3BE53E93.e.1992/click - {}
COMMAND: GET /session/25c011aa293abf97c7913f308519c6b0/screenshot - {}
RESULT: {}
RESULT: {}
COMMAND: GET /session/25c011aa293abf97c7913f308519c6b0/screenshot - {}
RESULT: {}
RESULT: {}
COMMAND: POST /session/25c011aa293abf97c7913f308519c6b0/element - {"using":"xpath","value":"//input[@id=\"application-managesites-display-component---NewSite--siteId-inner\"]"}
RESULT: {"using":"xpath","value":"//input[@id=\"application-managesites-display-component---NewSite--siteId-inner\"]"}
COMMAND: POST /session/25c011aa293abf97c7913f308519c6b0/element - {"using":"xpath","value":"//input[@id=\"application-managesites-display-component---NewSite--siteId-inner\"]"}
RESULT: {"using":"xpath","value":"//input[@id=\"application-managesites-display-component---NewSite--siteId-inner\"]"}
COMMAND: POST /session/25c011aa293abf97c7913f308519c6b0/execute/async - {"script":"<script> [1562 bytes]","args":[{"selector":{"id":"application-managesites-display-component---NewSite--addressDetailDetailsName1","interaction":{"idSuffix":"inner"}},"wdio_ui5_key":"applicationmanagesites-display-component---NewSite--addressDetailDetailsName1"}]}
RESULT: {"script":"<script> [1562 bytes]","args":[{"selector":{"id":"application-managesites-display-component---NewSite--addressDetailDetailsName1","interaction":{"idSuffix":"inner"}},"wdio_ui5_key":"applicationmanagesites-display-component---NewSite--addressDetailDetailsName1"}]}
RESULT: undefined
COMMAND: POST /session/25c011aa293abf97c7913f308519c6b0/execute/async - {"script":"<script> [776 bytes]","args":[{"enterText":"Intracompany Site wdIO","selector":{"id":"application-managesites-display-component---NewSite--addressDetailDetailsName1","interaction":{"idSuffix":"inner"}},"clearTextFirst":true,"interactionType":"ENTER_TEXT"}]}
RESULT: {"script":"<script> [776 bytes]","args":[{"enterText":"Intracompany Site wdIO","selector":{"id":"application-managesites-display-component---NewSite--addressDetailDetailsName1","interaction":{"idSuffix":"inner"}},"clearTextFirst":true,"interactionType":"ENTER_TEXT"}]}
COMMAND: POST /session/25c011aa293abf97c7913f308519c6b0/execute/async - {"script":"<script> [1562 bytes]","args":[{"selector":{"id":"application-managesites-display-component---NewSite--addressDetailDetailsLanguage-arrow"},"wdio_ui5_key":"applicationmanagesites-display-component---NewSite--addressDetailDetailsLanguage-arrow"}]}
RESULT: {"script":"<script> [1562 bytes]","args":[{"selector":{"id":"application-managesites-display-component---NewSite--addressDetailDetailsLanguage-arrow"},"wdio_ui5_key":"applicationmanagesites-display-component---NewSite--addressDetailDetailsLanguage-arrow"}]}
RESULT: undefined
COMMAND: POST /session/25c011aa293abf97c7913f308519c6b0/element - {"using":"xpath","value":"//*[@id=\"application-managesites-display-component---NewSite--addressDetailDetailsLanguage-arrow\"]"}
RESULT: {"using":"xpath","value":"//*[@id=\"application-managesites-display-component---NewSite--addressDetailDetailsLanguage-arrow\"]"}
COMMAND: POST /session/25c011aa293abf97c7913f308519c6b0/element/f.A224BA6FA6224D464A8F44AD5BF2EA9F.d.9DE504F7932962E7692F203F3BE53E93.e.2382/click - {}
RESULT: {}
COMMAND: POST /session/25c011aa293abf97c7913f308519c6b0/element - {"using":"xpath","value":"//span[contains(text(), \"English\")]"}
COMMAND: GET /session/25c011aa293abf97c7913f308519c6b0/screenshot - {}
RESULT: {"using":"xpath","value":"//span[contains(text(), \"English\")]"}
COMMAND: POST /session/25c011aa293abf97c7913f308519c6b0/element/f.A224BA6FA6224D464A8F44AD5BF2EA9F.d.9DE504F7932962E7692F203F3BE53E93.e.2383/click - {}
RESULT: {}
RESULT: {}
COMMAND: POST /session/25c011aa293abf97c7913f308519c6b0/execute/async - {"script":"<script> [1562 bytes]","args":[{"selector":{"id":"application-managesites-display-component---NewSite--addressDetailDetailsCity1","interaction":{"idSuffix":"inner"}},"wdio_ui5_key":"applicationmanagesites-display-component---NewSite--addressDetailDetailsCity1"}]}
COMMAND: GET /session/25c011aa293abf97c7913f308519c6b0/screenshot - {}
RESULT: {"script":"<script> [1562 bytes]","args":[{"selector":{"id":"application-managesites-display-component---NewSite--addressDetailDetailsCity1","interaction":{"idSuffix":"inner"}},"wdio_ui5_key":"applicationmanagesites-display-component---NewSite--addressDetailDetailsCity1"}]}
RESULT: undefined
COMMAND: POST /session/25c011aa293abf97c7913f308519c6b0/execute/async - {"script":"<script> [776 bytes]","args":[{"enterText":"Rosario","selector":{"id":"application-managesites-display-component---NewSite--addressDetailDetailsCity1","interaction":{"idSuffix":"inner"}},"clearTextFirst":true,"interactionType":"ENTER_TEXT"}]}
RESULT: {}
RESULT: {"script":"<script> [776 bytes]","args":[{"enterText":"Rosario","selector":{"id":"application-managesites-display-component---NewSite--addressDetailDetailsCity1","interaction":{"idSuffix":"inner"}},"clearTextFirst":true,"interactionType":"ENTER_TEXT"}]}
COMMAND: POST /session/25c011aa293abf97c7913f308519c6b0/execute/async - {"script":"<script> [1562 bytes]","args":[{"selector":{"id":"application-managesites-display-component---NewSite--addressDetailDetailsCountry-arrow"},"wdio_ui5_key":"applicationmanagesites-display-component---NewSite--addressDetailDetailsCountry-arrow"}]}
RESULT: {"script":"<script> [1562 bytes]","args":[{"selector":{"id":"application-managesites-display-component---NewSite--addressDetailDetailsCountry-arrow"},"wdio_ui5_key":"applicationmanagesites-display-component---NewSite--addressDetailDetailsCountry-arrow"}]}
RESULT: undefined
COMMAND: POST /session/25c011aa293abf97c7913f308519c6b0/element - {"using":"xpath","value":"//*[@id=\"application-managesites-display-component---NewSite--addressDetailDetailsCountry-arrow\"]"}
RESULT: {"using":"xpath","value":"//*[@id=\"application-managesites-display-component---NewSite--addressDetailDetailsCountry-arrow\"]"}
COMMAND: POST /session/25c011aa293abf97c7913f308519c6b0/element/f.A224BA6FA6224D464A8F44AD5BF2EA9F.d.9DE504F7932962E7692F203F3BE53E93.e.2385/click - {}
RESULT: {}
COMMAND: POST /session/25c011aa293abf97c7913f308519c6b0/element - {"using":"xpath","value":"//span[contains(text(), \"Argentina\")]"}
COMMAND: GET /session/25c011aa293abf97c7913f308519c6b0/screenshot - {}
RESULT: {"using":"xpath","value":"//span[contains(text(), \"Argentina\")]"}
COMMAND: POST /session/25c011aa293abf97c7913f308519c6b0/element/f.A224BA6FA6224D464A8F44AD5BF2EA9F.d.9DE504F7932962E7692F203F3BE53E93.e.2386/click - {}
RESULT: {}
RESULT: {}
COMMAND: GET /session/25c011aa293abf97c7913f308519c6b0/screenshot - {}
RESULT: {}
COMMAND: POST /session/25c011aa293abf97c7913f308519c6b0/execute/async - {"script":"<script> [1562 bytes]","args":[{"selector":{"id":"application-managesites-display-component---NewSite--addressEditDetailsCostObjectCstType-arrow"},"wdio_ui5_key":"applicationmanagesites-display-component---NewSite--addressEditDetailsCostObjectCstType-arrow"}]}
RESULT: {"script":"<script> [1562 bytes]","args":[{"selector":{"id":"application-managesites-display-component---NewSite--addressEditDetailsCostObjectCstType-arrow"},"wdio_ui5_key":"applicationmanagesites-display-component---NewSite--addressEditDetailsCostObjectCstType-arrow"}]}
RESULT: undefined
COMMAND: POST /session/25c011aa293abf97c7913f308519c6b0/element - {"using":"xpath","value":"//*[@id=\"application-managesites-display-component---NewSite--addressEditDetailsCostObjectCstType-arrow\"]"}
RESULT: {"using":"xpath","value":"//*[@id=\"application-managesites-display-component---NewSite--addressEditDetailsCostObjectCstType-arrow\"]"}
COMMAND: POST /session/25c011aa293abf97c7913f308519c6b0/element/f.A224BA6FA6224D464A8F44AD5BF2EA9F.d.9DE504F7932962E7692F203F3BE53E93.e.2388/click - {}
RESULT: {}
COMMAND: POST /session/25c011aa293abf97c7913f308519c6b0/element - {"using":"xpath","value":"//span[contains(text(), \"Cost Center\")]"}
COMMAND: GET /session/25c011aa293abf97c7913f308519c6b0/screenshot - {}
RESULT: {"using":"xpath","value":"//span[contains(text(), \"Cost Center\")]"}
COMMAND: POST /session/25c011aa293abf97c7913f308519c6b0/element/f.A224BA6FA6224D464A8F44AD5BF2EA9F.d.9DE504F7932962E7692F203F3BE53E93.e.2389/click - {}
RESULT: {}
RESULT: {}
COMMAND: GET /session/25c011aa293abf97c7913f308519c6b0/screenshot - {}
RESULT: {}
COMMAND: POST /session/25c011aa293abf97c7913f308519c6b0/element - {"using":"xpath","value":"//span[@id=\"application-managesites-display-component---NewSite--addressNewCostObjectCstID-vhi\"]"}
RESULT: {"using":"xpath","value":"//span[@id=\"application-managesites-display-component---NewSite--addressNewCostObjectCstID-vhi\"]"}
COMMAND: POST /session/25c011aa293abf97c7913f308519c6b0/execute/sync - {"script":"<script> [8489 bytes]","args":[{"element-6066-11e4-a52e-4f735466cecf":"f.A224BA6FA6224D464A8F44AD5BF2EA9F.d.9DE504F7932962E7692F203F3BE53E93.e.2394","ELEMENT":"f.A224BA6FA6224D464A8F44AD5BF2EA9F.d.9DE504F7932962E7692F203F3BE53E93.e.2394"}]}
RESULT: {"script":"<script> [8489 bytes]","args":[{"element-6066-11e4-a52e-4f735466cecf":"f.A224BA6FA6224D464A8F44AD5BF2EA9F.d.9DE504F7932962E7692F203F3BE53E93.e.2394","ELEMENT":"f.A224BA6FA6224D464A8F44AD5BF2EA9F.d.9DE504F7932962E7692F203F3BE53E93.e.2394"}]}
COMMAND: POST /session/25c011aa293abf97c7913f308519c6b0/execute/async - {"script":"<script> [1562 bytes]","args":[{"selector":{"id":"application-managesites-display-component---NewSite--addressNewCostObjectCstID-vhi"},"wdio_ui5_key":"applicationmanagesites-display-component---NewSite--addressNewCostObjectCstID-vhi"}]}
COMMAND: GET /session/25c011aa293abf97c7913f308519c6b0/screenshot - {}
RESULT: {"script":"<script> [1562 bytes]","args":[{"selector":{"id":"application-managesites-display-component---NewSite--addressNewCostObjectCstID-vhi"},"wdio_ui5_key":"applicationmanagesites-display-component---NewSite--addressNewCostObjectCstID-vhi"}]}
RESULT: undefined
COMMAND: POST /session/25c011aa293abf97c7913f308519c6b0/element - {"using":"xpath","value":"//*[@id=\"application-managesites-display-component---NewSite--addressNewCostObjectCstID-vhi\"]"}
RESULT: {}
RESULT: {"using":"xpath","value":"//*[@id=\"application-managesites-display-component---NewSite--addressNewCostObjectCstID-vhi\"]"}
COMMAND: POST /session/25c011aa293abf97c7913f308519c6b0/element/f.A224BA6FA6224D464A8F44AD5BF2EA9F.d.9DE504F7932962E7692F203F3BE53E93.e.2394/click - {}
RESULT: {}
COMMAND: GET /session/25c011aa293abf97c7913f308519c6b0/screenshot - {}
RESULT: {}
COMMAND: POST /session/25c011aa293abf97c7913f308519c6b0/execute/async - {"script":"<script> [1562 bytes]","args":[{"selector":{"controlType":"sap.m.SearchField","properties":{"placeholder":"Search"},"searchOpenDialogs":true,"interaction":{"idSuffix":"I"}},"wdio_ui5_key":"sapm.SearchField{\"placeholder\":\"Search\"}"}]}
RESULT: {"script":"<script> [1562 bytes]","args":[{"selector":{"controlType":"sap.m.SearchField","properties":{"placeholder":"Search"},"searchOpenDialogs":true,"interaction":{"idSuffix":"I"}},"wdio_ui5_key":"sapm.SearchField{\"placeholder\":\"Search\"}"}]}
RESULT: undefined
COMMAND: POST /session/25c011aa293abf97c7913f308519c6b0/execute/async - {"script":"<script> [776 bytes]","args":[{"enterText":"10001013","selector":{"controlType":"sap.m.SearchField","properties":{"placeholder":"Search"},"searchOpenDialogs":true,"interaction":{"idSuffix":"I"}},"clearTextFirst":true,"interactionType":"ENTER_TEXT"}]}
RESULT: {"script":"<script> [776 bytes]","args":[{"enterText":"10001013","selector":{"controlType":"sap.m.SearchField","properties":{"placeholder":"Search"},"searchOpenDialogs":true,"interaction":{"idSuffix":"I"}},"clearTextFirst":true,"interactionType":"ENTER_TEXT"}]}
COMMAND: POST /session/25c011aa293abf97c7913f308519c6b0/actions - {"actions":[{"id":"action7","type":"key","parameters":{},"actions":[{"type":"keyDown","value":""},{"type":"pause","duration":10},{"type":"keyUp","value":""}]}]}
RESULT: {"actions":[{"id":"action7","type":"key","parameters":{},"actions":[{"type":"keyDown","value":""},{"type":"pause","duration":10},{"type":"keyUp","value":""}]}]}
COMMAND: GET /session/25c011aa293abf97c7913f308519c6b0/screenshot - {}
RESULT: {}
COMMAND: POST /session/25c011aa293abf97c7913f308519c6b0/element - {"using":"xpath","value":"//span[contains(text(), \"General Management\")]"}
RESULT: {"using":"xpath","value":"//span[contains(text(), \"General Management\")]"}
COMMAND: POST /session/25c011aa293abf97c7913f308519c6b0/element/f.A224BA6FA6224D464A8F44AD5BF2EA9F.d.9DE504F7932962E7692F203F3BE53E93.e.2436/click - {}
RESULT: {}
COMMAND: GET /session/25c011aa293abf97c7913f308519c6b0/screenshot - {}
RESULT: {}
COMMAND: POST /session/25c011aa293abf97c7913f308519c6b0/element - {"using":"xpath","value":"//bdi[contains(text(), \"OK\")]"}
RESULT: {"using":"xpath","value":"//bdi[contains(text(), \"OK\")]"}
COMMAND: POST /session/25c011aa293abf97c7913f308519c6b0/element/f.A224BA6FA6224D464A8F44AD5BF2EA9F.d.9DE504F7932962E7692F203F3BE53E93.e.2437/click - {}
RESULT: {}
COMMAND: GET /session/25c011aa293abf97c7913f308519c6b0/screenshot - {}
RESULT: {}
COMMAND: POST /session/25c011aa293abf97c7913f308519c6b0/element - {"using":"xpath","value":"//input[@id=\"application-managesites-display-component---NewSite--addressDetailDetailsCalendar-inner\"]"}
RESULT: {"using":"xpath","value":"//input[@id=\"application-managesites-display-component---NewSite--addressDetailDetailsCalendar-inner\"]"}
COMMAND: POST /session/25c011aa293abf97c7913f308519c6b0/element/f.A224BA6FA6224D464A8F44AD5BF2EA9F.d.9DE504F7932962E7692F203F3BE53E93.e.2181/clear - {}
RESULT: {}
COMMAND: POST /session/25c011aa293abf97c7913f308519c6b0/element/f.A224BA6FA6224D464A8F44AD5BF2EA9F.d.9DE504F7932962E7692F203F3BE53E93.e.2181/value - {"text":"Unit"}
COMMAND: GET /session/25c011aa293abf97c7913f308519c6b0/screenshot - {}
RESULT: {"text":"Unit"}
COMMAND: GET /session/25c011aa293abf97c7913f308519c6b0/screenshot - {}
RESULT: {}
RESULT: {}
COMMAND: POST /session/25c011aa293abf97c7913f308519c6b0/actions - {"actions":[{"id":"action8","type":"key","parameters":{},"actions":[{"type":"keyDown","value":""},{"type":"pause","duration":10},{"type":"keyUp","value":""}]}]}
RESULT: {"actions":[{"id":"action8","type":"key","parameters":{},"actions":[{"type":"keyDown","value":""},{"type":"pause","duration":10},{"type":"keyUp","value":""}]}]}
COMMAND: POST /session/25c011aa293abf97c7913f308519c6b0/element - {"using":"xpath","value":"//input[@id=\"application-managesites-display-component---NewSite--addressDetailDetailsYard-inner\"]"}
COMMAND: GET /session/25c011aa293abf97c7913f308519c6b0/screenshot - {}
RESULT: {"using":"xpath","value":"//input[@id=\"application-managesites-display-component---NewSite--addressDetailDetailsYard-inner\"]"}
COMMAND: POST /session/25c011aa293abf97c7913f308519c6b0/element/f.A224BA6FA6224D464A8F44AD5BF2EA9F.d.9DE504F7932962E7692F203F3BE53E93.e.2182/clear - {}
RESULT: {}
RESULT: {}
COMMAND: POST /session/25c011aa293abf97c7913f308519c6b0/element/f.A224BA6FA6224D464A8F44AD5BF2EA9F.d.9DE504F7932962E7692F203F3BE53E93.e.2182/value - {"text":"244"}
COMMAND: GET /session/25c011aa293abf97c7913f308519c6b0/screenshot - {}
RESULT: {"text":"244"}
COMMAND: GET /session/25c011aa293abf97c7913f308519c6b0/screenshot - {}
RESULT: {}
RESULT: {}
COMMAND: POST /session/25c011aa293abf97c7913f308519c6b0/element - {"using":"xpath","value":"//li[.//span[text()='244']]"}
RESULT: {"using":"xpath","value":"//li[.//span[text()='244']]"}
COMMAND: POST /session/25c011aa293abf97c7913f308519c6b0/element/f.A224BA6FA6224D464A8F44AD5BF2EA9F.d.9DE504F7932962E7692F203F3BE53E93.e.2445/click - {}
RESULT: {}
COMMAND: GET /session/25c011aa293abf97c7913f308519c6b0/screenshot - {}
RESULT: {}
COMMAND: POST /session/25c011aa293abf97c7913f308519c6b0/element - {"using":"xpath","value":"//input[@id=\"application-managesites-display-component---NewSite--addressDetailDetailsPartner-inner\"]"}
RESULT: {"using":"xpath","value":"//input[@id=\"application-managesites-display-component---NewSite--addressDetailDetailsPartner-inner\"]"}
COMMAND: POST /session/25c011aa293abf97c7913f308519c6b0/element - {"using":"xpath","value":"//input[@id=\"application-managesites-display-component---NewSite--addressDetailDetailsPartner-inner\"]"}
RESULT: {"using":"xpath","value":"//input[@id=\"application-managesites-display-component---NewSite--addressDetailDetailsPartner-inner\"]"}
COMMAND: POST /session/25c011aa293abf97c7913f308519c6b0/element - {"using":"xpath","value":"//button[@data-kt=\"saveButton\"]"}
RESULT: {"using":"xpath","value":"//button[@data-kt=\"saveButton\"]"}
COMMAND: POST /session/25c011aa293abf97c7913f308519c6b0/element/f.A224BA6FA6224D464A8F44AD5BF2EA9F.d.9DE504F7932962E7692F203F3BE53E93.e.2364/click - {}
RESULT: {}
COMMAND: GET /session/25c011aa293abf97c7913f308519c6b0/screenshot - {}
RESULT: {}
COMMAND: POST /session/25c011aa293abf97c7913f308519c6b0/element - {"using":"xpath","value":"//header[contains(@id, 'ObjectPageLayout-headerTitle')]/div[1]/div[2]/div[2]/span[1]"}
RESULT: {"using":"xpath","value":"//header[contains(@id, 'ObjectPageLayout-headerTitle')]/div[1]/div[2]/div[2]/span[1]"}
COMMAND: POST /session/25c011aa293abf97c7913f308519c6b0/elements - {"using":"xpath","value":"//header[contains(@id, 'ObjectPageLayout-headerTitle')]/div[1]/div[2]/div[2]/span[1]"}
RESULT: {"using":"xpath","value":"//header[contains(@id, 'ObjectPageLayout-headerTitle')]/div[1]/div[2]/div[2]/span[1]"}
COMMAND: POST /session/25c011aa293abf97c7913f308519c6b0/execute/sync - {"script":"<script> [56 bytes]","args":[{"element-6066-11e4-a52e-4f735466cecf":"f.A224BA6FA6224D464A8F44AD5BF2EA9F.d.9DE504F7932962E7692F203F3BE53E93.e.2646","ELEMENT":"f.A224BA6FA6224D464A8F44AD5BF2EA9F.d.9DE504F7932962E7692F203F3BE53E93.e.2646"}]}
RESULT: {"script":"<script> [56 bytes]","args":[{"element-6066-11e4-a52e-4f735466cecf":"f.A224BA6FA6224D464A8F44AD5BF2EA9F.d.9DE504F7932962E7692F203F3BE53E93.e.2646","ELEMENT":"f.A224BA6FA6224D464A8F44AD5BF2EA9F.d.9DE504F7932962E7692F203F3BE53E93.e.2646"}]}
COMMAND: POST /session/25c011aa293abf97c7913f308519c6b0/element - {"using":"css selector","value":"#shell-header-logo"}
COMMAND: GET /session/25c011aa293abf97c7913f308519c6b0/screenshot - {}
RESULT: {"using":"css selector","value":"#shell-header-logo"}
COMMAND: POST /session/25c011aa293abf97c7913f308519c6b0/element/f.A224BA6FA6224D464A8F44AD5BF2EA9F.d.9DE504F7932962E7692F203F3BE53E93.e.1959/click - {}
RESULT: {}
RESULT: {}
COMMAND: GET /session/25c011aa293abf97c7913f308519c6b0/screenshot - {}
RESULT: {}
COMMAND: POST /session/25c011aa293abf97c7913f308519c6b0/execute/sync - {"script":"<script> [299 bytes]","args":[["getModel","getResource"]]}
RESULT: {"script":"<script> [299 bytes]","args":[["getModel","getResource"]]}
COMMAND: POST /session/25c011aa293abf97c7913f308519c6b0/actions - {"actions":[{"id":"action9","type":"key","parameters":{},"actions":[{"type":"keyDown","value":""},{"type":"pause","duration":10},{"type":"keyUp","value":""}]}]}
COMMAND: GET /session/25c011aa293abf97c7913f308519c6b0/screenshot - {}
RESULT: {"actions":[{"id":"action9","type":"key","parameters":{},"actions":[{"type":"keyDown","value":""},{"type":"pause","duration":10},{"type":"keyUp","value":""}]}]}
COMMAND: GET /session/25c011aa293abf97c7913f308519c6b0/screenshot - {}
RESULT: {}
RESULT: {}
COMMAND: POST /session/25c011aa293abf97c7913f308519c6b0/refresh - {}
RESULT: {}
COMMAND: GET /session/25c011aa293abf97c7913f308519c6b0/screenshot - {}
RESULT: {}
COMMAND: POST /session/25c011aa293abf97c7913f308519c6b0/refresh - {}
RESULT: {}
COMMAND: GET /session/25c011aa293abf97c7913f308519c6b0/screenshot - {}
RESULT: {}
COMMAND: POST /session/25c011aa293abf97c7913f308519c6b0/window/fullscreen - {}
RESULT: {}
COMMAND: POST /session/25c011aa293abf97c7913f308519c6b0/execute/async - {"script":"<script> [189 bytes]","args":[]}
RESULT: {"script":"<script> [189 bytes]","args":[]}
COMMAND: POST /session/25c011aa293abf97c7913f308519c6b0/execute/async - {"script":"<script> [123 bytes]","args":[]}
RESULT: {"script":"<script> [123 bytes]","args":[]}
COMMAND: POST /session/25c011aa293abf97c7913f308519c6b0/timeouts - {"script":"<number>"}
RESULT: {"script":"<number>"}
COMMAND: GET /session/25c011aa293abf97c7913f308519c6b0/timeouts - {}
RESULT: {}
RESULT: undefined
COMMAND: POST /session/25c011aa293abf97c7913f308519c6b0/execute/async - {"script":"<script> [2676 bytes]","args":[]}
RESULT: {"script":"<script> [2676 bytes]","args":[]}
COMMAND: POST /session/25c011aa293abf97c7913f308519c6b0/execute/async - {"script":"<script> [2342 bytes]","args":[{"protocol":"http","hostname":"0.0.0.0","path":"/","capabilities":{"browserName":"chrome","goog:chromeOptions":{"binary":"C:\\Program Files\\Google\\Chrome\\Application\\chrome.exe","args":["--start-maximized"]}},"logLevel":"warn","connectionRetryTimeout":120000,"connectionRetryCount":3,"logLevels":{},"enableDirectConnect":true,"strictSSL":true,"_":"65 more keys: [\"cacheDir\",\"port\",\"requestedCapabilities\",\"automationProtocol\",\"baseUrl\",\"waitforInterval\",\"waitforTimeout\",\"onReload\",\"beforeCommand\",\"afterCommand\",\"rootDir\",\"specs\",\"suites\",\"exclude\",\"groupLogsByTestSpec\",\"excludeDriverLogs\",\"bail\",\"framework\",\"reporters\",\"services\",\"maxInstances\",\"maxInstancesPerCapability\",\"injectGlobals\",\"filesToWatch\",\"execArgv\",\"runnerEnv\",\"runner\",\"shard\",\"specFileRetries\",\"specFileRetriesDelay\",\"specFileRetriesDeferred\",\"reporterSyncInterval\",\"reporterSyncTimeout\",\"cucumberFeaturesWithLineNumbers\",\"autoCompileOpts\",\"mochaOpts\",\"jasmineOpts\",\"cucumberOpts\",\"onPrepare\",\"onWorkerStart\",\"onWorkerEnd\",\"before\",\"beforeSession\",\"beforeSuite\",\"beforeHook\",\"beforeTest\",\"afterTest\",\"afterHook\",\"afterSuite\",\"afterSession\",\"after\",\"onComplete\",\"beforeAssertion\",\"afterAssertion\",\"beforeFeature\",\"beforeScenario\",\"beforeStep\",\"afterStep\",\"afterScenario\",\"afterFeature\",\"_\",\"suite\",\"$0\",\"ignoredWorkerServices\",\"wdi5\"]"}]}
RESULT: {"script":"<script> [2342 bytes]","args":[{"protocol":"http","hostname":"0.0.0.0","path":"/","capabilities":{"browserName":"chrome","goog:chromeOptions":{"binary":"C:\\Program Files\\Google\\Chrome\\Application\\chrome.exe","args":["--start-maximized"]}},"logLevel":"warn","connectionRetryTimeout":120000,"connectionRetryCount":3,"logLevels":{},"enableDirectConnect":true,"strictSSL":true,"_":"65 more keys: [\"cacheDir\",\"port\",\"requestedCapabilities\",\"automationProtocol\",\"baseUrl\",\"waitforInterval\",\"waitforTimeout\",\"onReload\",\"beforeCommand\",\"afterCommand\",\"rootDir\",\"specs\",\"suites\",\"exclude\",\"groupLogsByTestSpec\",\"excludeDriverLogs\",\"bail\",\"framework\",\"reporters\",\"services\",\"maxInstances\",\"maxInstancesPerCapability\",\"injectGlobals\",\"filesToWatch\",\"execArgv\",\"runnerEnv\",\"runner\",\"shard\",\"specFileRetries\",\"specFileRetriesDelay\",\"specFileRetriesDeferred\",\"reporterSyncInterval\",\"reporterSyncTimeout\",\"cucumberFeaturesWithLineNumbers\",\"autoCompileOpts\",\"mochaOpts\",\"jasmineOpts\",\"cucumberOpts\",\"onPrepare\",\"onWorkerStart\",\"onWorkerEnd\",\"before\",\"beforeSession\",\"beforeSuite\",\"beforeHook\",\"beforeTest\",\"afterTest\",\"afterHook\",\"afterSuite\",\"afterSession\",\"after\",\"onComplete\",\"beforeAssertion\",\"afterAssertion\",\"beforeFeature\",\"beforeScenario\",\"beforeStep\",\"afterStep\",\"afterScenario\",\"afterFeature\",\"_\",\"suite\",\"$0\",\"ignoredWorkerServices\",\"wdi5\"]"}]}
COMMAND: POST /session/25c011aa293abf97c7913f308519c6b0/execute/async - {"script":"<script> [21126 bytes]","args":[35000]}
RESULT: {"script":"<script> [21126 bytes]","args":[35000]}
COMMAND: POST /session/25c011aa293abf97c7913f308519c6b0/window/fullscreen - {}
RESULT: {}
]]></system-out>
    </testcase>
    <testcase classname="chrome.137_0_7151_69.windows.Billing_confirm_US117289" name="Should create a new equipment" time="140.74">
      <system-out><![CDATA[
COMMAND: POST /session/25c011aa293abf97c7913f308519c6b0/execute/async - {"script":"<script> [1562 bytes]","args":[{"selector":{"controlType":"sap.m.GenericTile","properties":{"header":"Manage Resources"}},"wdio_ui5_key":"sapm.GenericTile{\"header\":\"Manage Resources\"}"}]}
RESULT: {"script":"<script> [1562 bytes]","args":[{"selector":{"controlType":"sap.m.GenericTile","properties":{"header":"Manage Resources"}},"wdio_ui5_key":"sapm.GenericTile{\"header\":\"Manage Resources\"}"}]}
RESULT: undefined
COMMAND: POST /session/25c011aa293abf97c7913f308519c6b0/element - {"using":"xpath","value":"//*[@id=\"__tile32\"]"}
RESULT: {"using":"xpath","value":"//*[@id=\"__tile32\"]"}
COMMAND: POST /session/25c011aa293abf97c7913f308519c6b0/element/f.A224BA6FA6224D464A8F44AD5BF2EA9F.d.0DD4D1776C62BA672D7D7A2E60FA52C9.e.2724/click - {}
RESULT: {}
COMMAND: GET /session/25c011aa293abf97c7913f308519c6b0/screenshot - {}
RESULT: {}
COMMAND: POST /session/25c011aa293abf97c7913f308519c6b0/elements - {"using":"xpath","value":"//span[text()='Error']"}
RESULT: {"using":"xpath","value":"//span[text()='Error']"}
COMMAND: POST /session/25c011aa293abf97c7913f308519c6b0/element - {"using":"xpath","value":"//button[@data-kt=\"addNewRUOverflowToolbarButton\"]"}
RESULT: {"using":"xpath","value":"//button[@data-kt=\"addNewRUOverflowToolbarButton\"]"}
COMMAND: POST /session/25c011aa293abf97c7913f308519c6b0/elements - {"using":"xpath","value":"//button[@data-kt=\"addNewRUOverflowToolbarButton\"]"}
RESULT: {"using":"xpath","value":"//button[@data-kt=\"addNewRUOverflowToolbarButton\"]"}
COMMAND: POST /session/25c011aa293abf97c7913f308519c6b0/elements - {"using":"xpath","value":"//button[@data-kt=\"addNewRUOverflowToolbarButton\"]"}
RESULT: {"using":"xpath","value":"//button[@data-kt=\"addNewRUOverflowToolbarButton\"]"}
COMMAND: POST /session/25c011aa293abf97c7913f308519c6b0/elements - {"using":"xpath","value":"//button[@data-kt=\"addNewRUOverflowToolbarButton\"]"}
RESULT: {"using":"xpath","value":"//button[@data-kt=\"addNewRUOverflowToolbarButton\"]"}
COMMAND: POST /session/25c011aa293abf97c7913f308519c6b0/element - {"using":"xpath","value":"//button[@data-kt=\"addNewRUOverflowToolbarButton\"]"}
RESULT: {"using":"xpath","value":"//button[@data-kt=\"addNewRUOverflowToolbarButton\"]"}
COMMAND: POST /session/25c011aa293abf97c7913f308519c6b0/execute/sync - {"script":"<script> [8489 bytes]","args":[{"element-6066-11e4-a52e-4f735466cecf":"f.A224BA6FA6224D464A8F44AD5BF2EA9F.d.0DD4D1776C62BA672D7D7A2E60FA52C9.e.2835","ELEMENT":"f.A224BA6FA6224D464A8F44AD5BF2EA9F.d.0DD4D1776C62BA672D7D7A2E60FA52C9.e.2835"}]}
RESULT: {"script":"<script> [8489 bytes]","args":[{"element-6066-11e4-a52e-4f735466cecf":"f.A224BA6FA6224D464A8F44AD5BF2EA9F.d.0DD4D1776C62BA672D7D7A2E60FA52C9.e.2835","ELEMENT":"f.A224BA6FA6224D464A8F44AD5BF2EA9F.d.0DD4D1776C62BA672D7D7A2E60FA52C9.e.2835"}]}
COMMAND: GET /session/25c011aa293abf97c7913f308519c6b0/element/f.A224BA6FA6224D464A8F44AD5BF2EA9F.d.0DD4D1776C62BA672D7D7A2E60FA52C9.e.2835/enabled - {}
COMMAND: GET /session/25c011aa293abf97c7913f308519c6b0/screenshot - {}
RESULT: {}
COMMAND: POST /session/25c011aa293abf97c7913f308519c6b0/execute/sync - {"script":"<script> [8489 bytes]","args":[{"element-6066-11e4-a52e-4f735466cecf":"f.A224BA6FA6224D464A8F44AD5BF2EA9F.d.0DD4D1776C62BA672D7D7A2E60FA52C9.e.2835","ELEMENT":"f.A224BA6FA6224D464A8F44AD5BF2EA9F.d.0DD4D1776C62BA672D7D7A2E60FA52C9.e.2835"}]}
COMMAND: GET /session/25c011aa293abf97c7913f308519c6b0/screenshot - {}
RESULT: {}
RESULT: {"script":"<script> [8489 bytes]","args":[{"element-6066-11e4-a52e-4f735466cecf":"f.A224BA6FA6224D464A8F44AD5BF2EA9F.d.0DD4D1776C62BA672D7D7A2E60FA52C9.e.2835","ELEMENT":"f.A224BA6FA6224D464A8F44AD5BF2EA9F.d.0DD4D1776C62BA672D7D7A2E60FA52C9.e.2835"}]}
COMMAND: POST /session/25c011aa293abf97c7913f308519c6b0/execute/sync - {"script":"<script> [5351 bytes]","args":[{"element-6066-11e4-a52e-4f735466cecf":"f.A224BA6FA6224D464A8F44AD5BF2EA9F.d.0DD4D1776C62BA672D7D7A2E60FA52C9.e.2835","ELEMENT":"f.A224BA6FA6224D464A8F44AD5BF2EA9F.d.0DD4D1776C62BA672D7D7A2E60FA52C9.e.2835"}]}
COMMAND: GET /session/25c011aa293abf97c7913f308519c6b0/screenshot - {}
RESULT: {}
RESULT: {"script":"<script> [5351 bytes]","args":[{"element-6066-11e4-a52e-4f735466cecf":"f.A224BA6FA6224D464A8F44AD5BF2EA9F.d.0DD4D1776C62BA672D7D7A2E60FA52C9.e.2835","ELEMENT":"f.A224BA6FA6224D464A8F44AD5BF2EA9F.d.0DD4D1776C62BA672D7D7A2E60FA52C9.e.2835"}]}
COMMAND: POST /session/25c011aa293abf97c7913f308519c6b0/element/f.A224BA6FA6224D464A8F44AD5BF2EA9F.d.0DD4D1776C62BA672D7D7A2E60FA52C9.e.2835/click - {}
COMMAND: GET /session/25c011aa293abf97c7913f308519c6b0/screenshot - {}
RESULT: {}
RESULT: {}
COMMAND: GET /session/25c011aa293abf97c7913f308519c6b0/screenshot - {}
COMMAND: POST /session/25c011aa293abf97c7913f308519c6b0/execute/async - {"script":"<script> [1562 bytes]","args":[{"selector":{"id":"application-manageresources-display-component---newResourceUnit--TYPE-arrow"},"wdio_ui5_key":"applicationmanageresources-display-component---newResourceUnit--TYPE-arrow"}]}
RESULT: {}
RESULT: {}
RESULT: {"script":"<script> [1562 bytes]","args":[{"selector":{"id":"application-manageresources-display-component---newResourceUnit--TYPE-arrow"},"wdio_ui5_key":"applicationmanageresources-display-component---newResourceUnit--TYPE-arrow"}]}
RESULT: undefined
COMMAND: POST /session/25c011aa293abf97c7913f308519c6b0/element - {"using":"xpath","value":"//*[@id=\"application-manageresources-display-component---newResourceUnit--TYPE-arrow\"]"}
RESULT: {"using":"xpath","value":"//*[@id=\"application-manageresources-display-component---newResourceUnit--TYPE-arrow\"]"}
COMMAND: POST /session/25c011aa293abf97c7913f308519c6b0/element/f.A224BA6FA6224D464A8F44AD5BF2EA9F.d.0DD4D1776C62BA672D7D7A2E60FA52C9.e.3196/click - {}
RESULT: {}
COMMAND: POST /session/25c011aa293abf97c7913f308519c6b0/element - {"using":"xpath","value":"//input[@id=\"application-manageresources-display-component---newResourceUnit--TYPE-inner\"]"}
COMMAND: GET /session/25c011aa293abf97c7913f308519c6b0/screenshot - {}
RESULT: {"using":"xpath","value":"//input[@id=\"application-manageresources-display-component---newResourceUnit--TYPE-inner\"]"}
COMMAND: POST /session/25c011aa293abf97c7913f308519c6b0/element/f.A224BA6FA6224D464A8F44AD5BF2EA9F.d.0DD4D1776C62BA672D7D7A2E60FA52C9.e.3189/clear - {}
RESULT: {}
RESULT: {}
COMMAND: POST /session/25c011aa293abf97c7913f308519c6b0/element/f.A224BA6FA6224D464A8F44AD5BF2EA9F.d.0DD4D1776C62BA672D7D7A2E60FA52C9.e.3189/value - {"text":"Equipment"}
COMMAND: GET /session/25c011aa293abf97c7913f308519c6b0/screenshot - {}
RESULT: {"text":"Equipment"}
COMMAND: GET /session/25c011aa293abf97c7913f308519c6b0/screenshot - {}
RESULT: {}
RESULT: {}
COMMAND: POST /session/25c011aa293abf97c7913f308519c6b0/actions - {"actions":[{"id":"action10","type":"key","parameters":{},"actions":[{"type":"keyDown","value":""},{"type":"pause","duration":10},{"type":"keyUp","value":""}]}]}
RESULT: {"actions":[{"id":"action10","type":"key","parameters":{},"actions":[{"type":"keyDown","value":""},{"type":"pause","duration":10},{"type":"keyUp","value":""}]}]}
COMMAND: POST /session/25c011aa293abf97c7913f308519c6b0/execute/async - {"script":"<script> [1562 bytes]","args":[{"selector":{"id":"application-manageresources-display-component---newResourceUnit--resourceId","interaction":{"idSuffix":"inner"}},"wdio_ui5_key":"applicationmanageresources-display-component---newResourceUnit--resourceId"}]}
COMMAND: GET /session/25c011aa293abf97c7913f308519c6b0/screenshot - {}
RESULT: {"script":"<script> [1562 bytes]","args":[{"selector":{"id":"application-manageresources-display-component---newResourceUnit--resourceId","interaction":{"idSuffix":"inner"}},"wdio_ui5_key":"applicationmanageresources-display-component---newResourceUnit--resourceId"}]}
RESULT: undefined
COMMAND: POST /session/25c011aa293abf97c7913f308519c6b0/execute/async - {"script":"<script> [776 bytes]","args":[{"enterText":"OKsjyRHHH5","selector":{"id":"application-manageresources-display-component---newResourceUnit--resourceId","interaction":{"idSuffix":"inner"}},"clearTextFirst":true,"interactionType":"ENTER_TEXT"}]}
RESULT: {}
RESULT: {"script":"<script> [776 bytes]","args":[{"enterText":"OKsjyRHHH5","selector":{"id":"application-manageresources-display-component---newResourceUnit--resourceId","interaction":{"idSuffix":"inner"}},"clearTextFirst":true,"interactionType":"ENTER_TEXT"}]}
COMMAND: POST /session/25c011aa293abf97c7913f308519c6b0/execute/async - {"script":"<script> [1562 bytes]","args":[{"selector":{"id":"application-manageresources-display-component---newResourceUnit--SHORT_TEXT","interaction":{"idSuffix":"inner"}},"wdio_ui5_key":"applicationmanageresources-display-component---newResourceUnit--SHORT_TEXT"}]}
RESULT: {"script":"<script> [1562 bytes]","args":[{"selector":{"id":"application-manageresources-display-component---newResourceUnit--SHORT_TEXT","interaction":{"idSuffix":"inner"}},"wdio_ui5_key":"applicationmanageresources-display-component---newResourceUnit--SHORT_TEXT"}]}
RESULT: undefined
COMMAND: POST /session/25c011aa293abf97c7913f308519c6b0/execute/async - {"script":"<script> [776 bytes]","args":[{"enterText":"Intercompany Equipment WDIO","selector":{"id":"application-manageresources-display-component---newResourceUnit--SHORT_TEXT","interaction":{"idSuffix":"inner"}},"clearTextFirst":true,"interactionType":"ENTER_TEXT"}]}
RESULT: {"script":"<script> [776 bytes]","args":[{"enterText":"Intercompany Equipment WDIO","selector":{"id":"application-manageresources-display-component---newResourceUnit--SHORT_TEXT","interaction":{"idSuffix":"inner"}},"clearTextFirst":true,"interactionType":"ENTER_TEXT"}]}
COMMAND: POST /session/25c011aa293abf97c7913f308519c6b0/execute/async - {"script":"<script> [1562 bytes]","args":[{"selector":{"id":"application-manageresources-display-component---newResourceUnit--BASE_UNIT_OF_MEASURE","interaction":{"idSuffix":"inner"}},"wdio_ui5_key":"applicationmanageresources-display-component---newResourceUnit--BASE_UNIT_OF_MEASURE"}]}
RESULT: {"script":"<script> [1562 bytes]","args":[{"selector":{"id":"application-manageresources-display-component---newResourceUnit--BASE_UNIT_OF_MEASURE","interaction":{"idSuffix":"inner"}},"wdio_ui5_key":"applicationmanageresources-display-component---newResourceUnit--BASE_UNIT_OF_MEASURE"}]}
RESULT: undefined
COMMAND: POST /session/25c011aa293abf97c7913f308519c6b0/execute/async - {"script":"<script> [776 bytes]","args":[{"enterText":"Piece","selector":{"id":"application-manageresources-display-component---newResourceUnit--BASE_UNIT_OF_MEASURE","interaction":{"idSuffix":"inner"}},"clearTextFirst":true,"interactionType":"ENTER_TEXT"}]}
RESULT: {"script":"<script> [776 bytes]","args":[{"enterText":"Piece","selector":{"id":"application-manageresources-display-component---newResourceUnit--BASE_UNIT_OF_MEASURE","interaction":{"idSuffix":"inner"}},"clearTextFirst":true,"interactionType":"ENTER_TEXT"}]}
COMMAND: POST /session/25c011aa293abf97c7913f308519c6b0/execute/async - {"script":"<script> [1562 bytes]","args":[{"selector":{"id":"application-manageresources-display-component---newResourceUnit--WEIGHT_UNIT","interaction":{"idSuffix":"inner"}},"wdio_ui5_key":"applicationmanageresources-display-component---newResourceUnit--WEIGHT_UNIT"}]}
RESULT: {"script":"<script> [1562 bytes]","args":[{"selector":{"id":"application-manageresources-display-component---newResourceUnit--WEIGHT_UNIT","interaction":{"idSuffix":"inner"}},"wdio_ui5_key":"applicationmanageresources-display-component---newResourceUnit--WEIGHT_UNIT"}]}
RESULT: undefined
COMMAND: POST /session/25c011aa293abf97c7913f308519c6b0/execute/async - {"script":"<script> [776 bytes]","args":[{"enterText":"Gram","selector":{"id":"application-manageresources-display-component---newResourceUnit--WEIGHT_UNIT","interaction":{"idSuffix":"inner"}},"clearTextFirst":true,"interactionType":"ENTER_TEXT"}]}
RESULT: {"script":"<script> [776 bytes]","args":[{"enterText":"Gram","selector":{"id":"application-manageresources-display-component---newResourceUnit--WEIGHT_UNIT","interaction":{"idSuffix":"inner"}},"clearTextFirst":true,"interactionType":"ENTER_TEXT"}]}
COMMAND: POST /session/25c011aa293abf97c7913f308519c6b0/execute/async - {"script":"<script> [1562 bytes]","args":[{"selector":{"id":"application-manageresources-display-component---newResourceUnit--DIMENSION_UNIT","interaction":{"idSuffix":"inner"}},"wdio_ui5_key":"applicationmanageresources-display-component---newResourceUnit--DIMENSION_UNIT"}]}
RESULT: {"script":"<script> [1562 bytes]","args":[{"selector":{"id":"application-manageresources-display-component---newResourceUnit--DIMENSION_UNIT","interaction":{"idSuffix":"inner"}},"wdio_ui5_key":"applicationmanageresources-display-component---newResourceUnit--DIMENSION_UNIT"}]}
RESULT: undefined
COMMAND: POST /session/25c011aa293abf97c7913f308519c6b0/execute/async - {"script":"<script> [776 bytes]","args":[{"enterText":"Meter","selector":{"id":"application-manageresources-display-component---newResourceUnit--DIMENSION_UNIT","interaction":{"idSuffix":"inner"}},"clearTextFirst":true,"interactionType":"ENTER_TEXT"}]}
RESULT: {"script":"<script> [776 bytes]","args":[{"enterText":"Meter","selector":{"id":"application-manageresources-display-component---newResourceUnit--DIMENSION_UNIT","interaction":{"idSuffix":"inner"}},"clearTextFirst":true,"interactionType":"ENTER_TEXT"}]}
COMMAND: POST /session/25c011aa293abf97c7913f308519c6b0/execute/async - {"script":"<script> [1562 bytes]","args":[{"selector":{"id":"application-manageresources-display-component---newResourceUnit--newRRUPage-anchBar-application-manageresources-display-component---newResourceUnit--control-anchor","interaction":{"idSuffix":"BDI-content"}},"wdio_ui5_key":"applicationmanageresources-display-component---newResourceUnit--newRRUPage-anchBar-application-manageresources-display-component---newResourceUnit--control-anchor"}]}
RESULT: {"script":"<script> [1562 bytes]","args":[{"selector":{"id":"application-manageresources-display-component---newResourceUnit--newRRUPage-anchBar-application-manageresources-display-component---newResourceUnit--control-anchor","interaction":{"idSuffix":"BDI-content"}},"wdio_ui5_key":"applicationmanageresources-display-component---newResourceUnit--newRRUPage-anchBar-application-manageresources-display-component---newResourceUnit--control-anchor"}]}
RESULT: undefined
COMMAND: POST /session/25c011aa293abf97c7913f308519c6b0/element - {"using":"xpath","value":"//*[@id=\"application-manageresources-display-component---newResourceUnit--newRRUPage-anchBar-application-manageresources-display-component---newResourceUnit--control-anchor\"]"}
RESULT: {"using":"xpath","value":"//*[@id=\"application-manageresources-display-component---newResourceUnit--newRRUPage-anchBar-application-manageresources-display-component---newResourceUnit--control-anchor\"]"}
COMMAND: POST /session/25c011aa293abf97c7913f308519c6b0/element/f.A224BA6FA6224D464A8F44AD5BF2EA9F.d.0DD4D1776C62BA672D7D7A2E60FA52C9.e.3356/click - {}
RESULT: {}
COMMAND: POST /session/25c011aa293abf97c7913f308519c6b0/execute/async - {"script":"<script> [1562 bytes]","args":[{"selector":{"id":"application-manageresources-display-component---newResourceUnit--PLANNING_GROUP","interaction":{"idSuffix":"inner"}},"wdio_ui5_key":"applicationmanageresources-display-component---newResourceUnit--PLANNING_GROUP"}]}
COMMAND: GET /session/25c011aa293abf97c7913f308519c6b0/screenshot - {}
RESULT: {"script":"<script> [1562 bytes]","args":[{"selector":{"id":"application-manageresources-display-component---newResourceUnit--PLANNING_GROUP","interaction":{"idSuffix":"inner"}},"wdio_ui5_key":"applicationmanageresources-display-component---newResourceUnit--PLANNING_GROUP"}]}
RESULT: undefined
COMMAND: POST /session/25c011aa293abf97c7913f308519c6b0/execute/async - {"script":"<script> [776 bytes]","args":[{"enterText":"Heavy Equi","selector":{"id":"application-manageresources-display-component---newResourceUnit--PLANNING_GROUP","interaction":{"idSuffix":"inner"}},"clearTextFirst":true,"interactionType":"ENTER_TEXT"}]}
RESULT: {}
RESULT: {"script":"<script> [776 bytes]","args":[{"enterText":"Heavy Equi","selector":{"id":"application-manageresources-display-component---newResourceUnit--PLANNING_GROUP","interaction":{"idSuffix":"inner"}},"clearTextFirst":true,"interactionType":"ENTER_TEXT"}]}
COMMAND: POST /session/25c011aa293abf97c7913f308519c6b0/execute/async - {"script":"<script> [1562 bytes]","args":[{"selector":{"id":"application-manageresources-display-component---newResourceUnit--ITEM_TYPE-arrow"},"wdio_ui5_key":"applicationmanageresources-display-component---newResourceUnit--ITEM_TYPE-arrow"}]}
RESULT: {"script":"<script> [1562 bytes]","args":[{"selector":{"id":"application-manageresources-display-component---newResourceUnit--ITEM_TYPE-arrow"},"wdio_ui5_key":"applicationmanageresources-display-component---newResourceUnit--ITEM_TYPE-arrow"}]}
RESULT: undefined
COMMAND: POST /session/25c011aa293abf97c7913f308519c6b0/element - {"using":"xpath","value":"//*[@id=\"application-manageresources-display-component---newResourceUnit--ITEM_TYPE-arrow\"]"}
RESULT: {"using":"xpath","value":"//*[@id=\"application-manageresources-display-component---newResourceUnit--ITEM_TYPE-arrow\"]"}
COMMAND: POST /session/25c011aa293abf97c7913f308519c6b0/element/f.A224BA6FA6224D464A8F44AD5BF2EA9F.d.0DD4D1776C62BA672D7D7A2E60FA52C9.e.3363/click - {}
RESULT: {}
COMMAND: POST /session/25c011aa293abf97c7913f308519c6b0/element - {"using":"xpath","value":"//ul[contains(@id,\"ITEM_TYPE-popup-list-listUl\")]//li[.//span[contains(text(),\"Resource Unit\")]]"}
COMMAND: GET /session/25c011aa293abf97c7913f308519c6b0/screenshot - {}
RESULT: {"using":"xpath","value":"//ul[contains(@id,\"ITEM_TYPE-popup-list-listUl\")]//li[.//span[contains(text(),\"Resource Unit\")]]"}
COMMAND: POST /session/25c011aa293abf97c7913f308519c6b0/element/f.A224BA6FA6224D464A8F44AD5BF2EA9F.d.0DD4D1776C62BA672D7D7A2E60FA52C9.e.3364/click - {}
RESULT: {}
RESULT: {}
COMMAND: GET /session/25c011aa293abf97c7913f308519c6b0/screenshot - {}
RESULT: {}
COMMAND: POST /session/25c011aa293abf97c7913f308519c6b0/element - {"using":"css selector","value":"#application-manageresources-display-component---newResourceUnit--btnAddTimeSegment"}
RESULT: {"using":"css selector","value":"#application-manageresources-display-component---newResourceUnit--btnAddTimeSegment"}
COMMAND: GET /session/25c011aa293abf97c7913f308519c6b0/element/f.A224BA6FA6224D464A8F44AD5BF2EA9F.d.0DD4D1776C62BA672D7D7A2E60FA52C9.e.3373/rect - {}
RESULT: {}
COMMAND: GET /session/25c011aa293abf97c7913f308519c6b0/window/rect - {}
RESULT: {}
COMMAND: POST /session/25c011aa293abf97c7913f308519c6b0/execute/sync - {"script":"<script> [92 bytes]","args":[]}
RESULT: {"script":"<script> [92 bytes]","args":[]}
COMMAND: POST /session/25c011aa293abf97c7913f308519c6b0/actions - {"actions":[{"id":"action11","type":"wheel","parameters":{},"actions":[{"type":"scroll","x":-1888,"y":-32,"deltaX":0,"deltaY":0,"duration":0,"origin":{"element-6066-11e4-a52e-4f735466cecf":"f.A224BA6FA6224D464A8F44AD5BF2EA9F.d.0DD4D1776C62BA672D7D7A2E60FA52C9.e.3373"}}]}]}
COMMAND: GET /session/25c011aa293abf97c7913f308519c6b0/screenshot - {}
RESULT: {}
COMMAND: POST /session/25c011aa293abf97c7913f308519c6b0/execute/sync - {"script":"<script> [79 bytes]","args":[{"element-6066-11e4-a52e-4f735466cecf":"f.A224BA6FA6224D464A8F44AD5BF2EA9F.d.0DD4D1776C62BA672D7D7A2E60FA52C9.e.3373","ELEMENT":"f.A224BA6FA6224D464A8F44AD5BF2EA9F.d.0DD4D1776C62BA672D7D7A2E60FA52C9.e.3373"},{"block":"start","inline":"nearest"}]}
RESULT: {"script":"<script> [79 bytes]","args":[{"element-6066-11e4-a52e-4f735466cecf":"f.A224BA6FA6224D464A8F44AD5BF2EA9F.d.0DD4D1776C62BA672D7D7A2E60FA52C9.e.3373","ELEMENT":"f.A224BA6FA6224D464A8F44AD5BF2EA9F.d.0DD4D1776C62BA672D7D7A2E60FA52C9.e.3373"},{"block":"start","inline":"nearest"}]}
COMMAND: POST /session/25c011aa293abf97c7913f308519c6b0/execute/async - {"script":"<script> [1562 bytes]","args":[{"selector":{"id":"application-manageresources-display-component---newResourceUnit--btnAddTimeSegment","interaction":{"idSuffix":"inner"}},"wdio_ui5_key":"applicationmanageresources-display-component---newResourceUnit--btnAddTimeSegment"}]}
COMMAND: GET /session/25c011aa293abf97c7913f308519c6b0/screenshot - {}
RESULT: {"script":"<script> [1562 bytes]","args":[{"selector":{"id":"application-manageresources-display-component---newResourceUnit--btnAddTimeSegment","interaction":{"idSuffix":"inner"}},"wdio_ui5_key":"applicationmanageresources-display-component---newResourceUnit--btnAddTimeSegment"}]}
RESULT: undefined
COMMAND: POST /session/25c011aa293abf97c7913f308519c6b0/element - {"using":"xpath","value":"//*[@id=\"application-manageresources-display-component---newResourceUnit--btnAddTimeSegment\"]"}
RESULT: {}
RESULT: {"using":"xpath","value":"//*[@id=\"application-manageresources-display-component---newResourceUnit--btnAddTimeSegment\"]"}
COMMAND: POST /session/25c011aa293abf97c7913f308519c6b0/element/f.A224BA6FA6224D464A8F44AD5BF2EA9F.d.0DD4D1776C62BA672D7D7A2E60FA52C9.e.3373/click - {}
RESULT: {}
COMMAND: GET /session/25c011aa293abf97c7913f308519c6b0/screenshot - {}
RESULT: {}
COMMAND: POST /session/25c011aa293abf97c7913f308519c6b0/element - {"using":"xpath","value":"//input[@id=\"application-manageresources-display-component---newResourceUnit--idRuTSAdmin-application-manageresources-display-component---newResourceUnit--RUTimeSegment-0-inner\"]"}
RESULT: {"using":"xpath","value":"//input[@id=\"application-manageresources-display-component---newResourceUnit--idRuTSAdmin-application-manageresources-display-component---newResourceUnit--RUTimeSegment-0-inner\"]"}
COMMAND: POST /session/25c011aa293abf97c7913f308519c6b0/element/f.A224BA6FA6224D464A8F44AD5BF2EA9F.d.0DD4D1776C62BA672D7D7A2E60FA52C9.e.3379/clear - {}
RESULT: {}
COMMAND: POST /session/25c011aa293abf97c7913f308519c6b0/element/f.A224BA6FA6224D464A8F44AD5BF2EA9F.d.0DD4D1776C62BA672D7D7A2E60FA52C9.e.3379/value - {"text":"244"}
COMMAND: GET /session/25c011aa293abf97c7913f308519c6b0/screenshot - {}
RESULT: {"text":"244"}
COMMAND: GET /session/25c011aa293abf97c7913f308519c6b0/screenshot - {}
RESULT: {}
RESULT: {}
COMMAND: POST /session/25c011aa293abf97c7913f308519c6b0/element - {"using":"xpath","value":"//li[.//span[text()='244']]"}
RESULT: {"using":"xpath","value":"//li[.//span[text()='244']]"}
COMMAND: POST /session/25c011aa293abf97c7913f308519c6b0/element/f.A224BA6FA6224D464A8F44AD5BF2EA9F.d.0DD4D1776C62BA672D7D7A2E60FA52C9.e.3391/click - {}
RESULT: {}
COMMAND: GET /session/25c011aa293abf97c7913f308519c6b0/screenshot - {}
RESULT: {}
COMMAND: POST /session/25c011aa293abf97c7913f308519c6b0/element - {"using":"xpath","value":"(//span[contains(@id, \"-application-manageresources-display-component---newResourceUnit--RUTimeSegment-0-arrow\")])[6]"}
RESULT: {"using":"xpath","value":"(//span[contains(@id, \"-application-manageresources-display-component---newResourceUnit--RUTimeSegment-0-arrow\")])[6]"}
COMMAND: POST /session/25c011aa293abf97c7913f308519c6b0/element/f.A224BA6FA6224D464A8F44AD5BF2EA9F.d.0DD4D1776C62BA672D7D7A2E60FA52C9.e.3392/click - {}
RESULT: {}
COMMAND: GET /session/25c011aa293abf97c7913f308519c6b0/screenshot - {}
RESULT: {}
COMMAND: POST /session/25c011aa293abf97c7913f308519c6b0/element - {"using":"xpath","value":"//span[contains(text(), \"PM Order\")]"}
RESULT: {"using":"xpath","value":"//span[contains(text(), \"PM Order\")]"}
COMMAND: POST /session/25c011aa293abf97c7913f308519c6b0/element/f.A224BA6FA6224D464A8F44AD5BF2EA9F.d.0DD4D1776C62BA672D7D7A2E60FA52C9.e.3395/click - {}
RESULT: {}
COMMAND: GET /session/25c011aa293abf97c7913f308519c6b0/screenshot - {}
RESULT: {}
COMMAND: POST /session/25c011aa293abf97c7913f308519c6b0/element - {"using":"xpath","value":"(//span[contains(@id ,\"manageresources-display-component---newResourceUnit--RUTimeSegment-0-vhi\")])[1]"}
RESULT: {"using":"xpath","value":"(//span[contains(@id ,\"manageresources-display-component---newResourceUnit--RUTimeSegment-0-vhi\")])[1]"}
COMMAND: GET /session/25c011aa293abf97c7913f308519c6b0/element/f.A224BA6FA6224D464A8F44AD5BF2EA9F.d.0DD4D1776C62BA672D7D7A2E60FA52C9.e.3399/rect - {}
RESULT: {}
COMMAND: GET /session/25c011aa293abf97c7913f308519c6b0/window/rect - {}
RESULT: {}
COMMAND: POST /session/25c011aa293abf97c7913f308519c6b0/execute/sync - {"script":"<script> [92 bytes]","args":[]}
RESULT: {"script":"<script> [92 bytes]","args":[]}
COMMAND: POST /session/25c011aa293abf97c7913f308519c6b0/actions - {"actions":[{"id":"action12","type":"wheel","parameters":{},"actions":[{"type":"scroll","x":-869,"y":-24,"deltaX":0,"deltaY":0,"duration":0,"origin":{"element-6066-11e4-a52e-4f735466cecf":"f.A224BA6FA6224D464A8F44AD5BF2EA9F.d.0DD4D1776C62BA672D7D7A2E60FA52C9.e.3399"}}]}]}
COMMAND: GET /session/25c011aa293abf97c7913f308519c6b0/screenshot - {}
RESULT: {"actions":[{"id":"action12","type":"wheel","parameters":{},"actions":[{"type":"scroll","x":-869,"y":-24,"deltaX":0,"deltaY":0,"duration":0,"origin":{"element-6066-11e4-a52e-4f735466cecf":"f.A224BA6FA6224D464A8F44AD5BF2EA9F.d.0DD4D1776C62BA672D7D7A2E60FA52C9.e.3399"}}]}]}
COMMAND: DELETE /session/25c011aa293abf97c7913f308519c6b0/actions - {}
COMMAND: GET /session/25c011aa293abf97c7913f308519c6b0/screenshot - {}
RESULT: {}
RESULT: {}
COMMAND: GET /session/25c011aa293abf97c7913f308519c6b0/screenshot - {}
RESULT: {}
RESULT: {}
COMMAND: POST /session/25c011aa293abf97c7913f308519c6b0/element/f.A224BA6FA6224D464A8F44AD5BF2EA9F.d.0DD4D1776C62BA672D7D7A2E60FA52C9.e.3399/click - {}
RESULT: {}
COMMAND: GET /session/25c011aa293abf97c7913f308519c6b0/screenshot - {}
RESULT: {}
COMMAND: POST /session/25c011aa293abf97c7913f308519c6b0/execute/async - {"script":"<script> [1562 bytes]","args":[{"selector":{"controlType":"sap.m.SearchField","properties":{"placeholder":"Search"},"searchOpenDialogs":true,"interaction":{"idSuffix":"I"}},"wdio_ui5_key":"sapm.SearchField{\"placeholder\":\"Search\"}"}]}
RESULT: {"script":"<script> [1562 bytes]","args":[{"selector":{"controlType":"sap.m.SearchField","properties":{"placeholder":"Search"},"searchOpenDialogs":true,"interaction":{"idSuffix":"I"}},"wdio_ui5_key":"sapm.SearchField{\"placeholder\":\"Search\"}"}]}
RESULT: undefined
COMMAND: POST /session/25c011aa293abf97c7913f308519c6b0/execute/async - {"script":"<script> [776 bytes]","args":[{"enterText":"4000360","selector":{"controlType":"sap.m.SearchField","properties":{"placeholder":"Search"},"searchOpenDialogs":true,"interaction":{"idSuffix":"I"}},"clearTextFirst":true,"interactionType":"ENTER_TEXT"}]}
RESULT: {"script":"<script> [776 bytes]","args":[{"enterText":"4000360","selector":{"controlType":"sap.m.SearchField","properties":{"placeholder":"Search"},"searchOpenDialogs":true,"interaction":{"idSuffix":"I"}},"clearTextFirst":true,"interactionType":"ENTER_TEXT"}]}
COMMAND: POST /session/25c011aa293abf97c7913f308519c6b0/actions - {"actions":[{"id":"action13","type":"key","parameters":{},"actions":[{"type":"keyDown","value":""},{"type":"pause","duration":10},{"type":"keyUp","value":""}]}]}
RESULT: {"actions":[{"id":"action13","type":"key","parameters":{},"actions":[{"type":"keyDown","value":""},{"type":"pause","duration":10},{"type":"keyUp","value":""}]}]}
COMMAND: GET /session/25c011aa293abf97c7913f308519c6b0/screenshot - {}
RESULT: {}
COMMAND: POST /session/25c011aa293abf97c7913f308519c6b0/element - {"using":"xpath","value":"//td/div/span[contains(text(), \"BGL Vehicles\")]"}
RESULT: {"using":"xpath","value":"//td/div/span[contains(text(), \"BGL Vehicles\")]"}
COMMAND: POST /session/25c011aa293abf97c7913f308519c6b0/element/f.A224BA6FA6224D464A8F44AD5BF2EA9F.d.0DD4D1776C62BA672D7D7A2E60FA52C9.e.3422/click - {}
RESULT: {}
COMMAND: GET /session/25c011aa293abf97c7913f308519c6b0/screenshot - {}
RESULT: {}
COMMAND: POST /session/25c011aa293abf97c7913f308519c6b0/element - {"using":"xpath","value":"//bdi[contains(text(), \"OK\")]"}
RESULT: {"using":"xpath","value":"//bdi[contains(text(), \"OK\")]"}
COMMAND: POST /session/25c011aa293abf97c7913f308519c6b0/element/f.A224BA6FA6224D464A8F44AD5BF2EA9F.d.0DD4D1776C62BA672D7D7A2E60FA52C9.e.3423/click - {}
RESULT: {}
COMMAND: GET /session/25c011aa293abf97c7913f308519c6b0/screenshot - {}
RESULT: {}
COMMAND: POST /session/25c011aa293abf97c7913f308519c6b0/execute/async - {"script":"<script> [1562 bytes]","args":[{"selector":{"id":"application-manageresources-display-component---newResourceUnit--newRRUPage-anchBar-application-manageresources-display-component---newResourceUnit--resource-anchor","interaction":{"idSuffix":"BDI-content"}},"wdio_ui5_key":"applicationmanageresources-display-component---newResourceUnit--newRRUPage-anchBar-application-manageresources-display-component---newResourceUnit--resource-anchor"}]}
RESULT: {"script":"<script> [1562 bytes]","args":[{"selector":{"id":"application-manageresources-display-component---newResourceUnit--newRRUPage-anchBar-application-manageresources-display-component---newResourceUnit--resource-anchor","interaction":{"idSuffix":"BDI-content"}},"wdio_ui5_key":"applicationmanageresources-display-component---newResourceUnit--newRRUPage-anchBar-application-manageresources-display-component---newResourceUnit--resource-anchor"}]}
RESULT: undefined
COMMAND: POST /session/25c011aa293abf97c7913f308519c6b0/element - {"using":"xpath","value":"//*[@id=\"application-manageresources-display-component---newResourceUnit--newRRUPage-anchBar-application-manageresources-display-component---newResourceUnit--resource-anchor\"]"}
RESULT: {"using":"xpath","value":"//*[@id=\"application-manageresources-display-component---newResourceUnit--newRRUPage-anchBar-application-manageresources-display-component---newResourceUnit--resource-anchor\"]"}
COMMAND: POST /session/25c011aa293abf97c7913f308519c6b0/element/f.A224BA6FA6224D464A8F44AD5BF2EA9F.d.0DD4D1776C62BA672D7D7A2E60FA52C9.e.3427/click - {}
RESULT: {}
COMMAND: POST /session/25c011aa293abf97c7913f308519c6b0/execute/async - {"script":"<script> [1562 bytes]","args":[{"selector":{"id":"application-manageresources-display-component---newResourceUnit--PLANNED_DELIVERY_DATE","interaction":{"idSuffix":"inner"}},"wdio_ui5_key":"applicationmanageresources-display-component---newResourceUnit--PLANNED_DELIVERY_DATE"}]}
COMMAND: GET /session/25c011aa293abf97c7913f308519c6b0/screenshot - {}
RESULT: {"script":"<script> [1562 bytes]","args":[{"selector":{"id":"application-manageresources-display-component---newResourceUnit--PLANNED_DELIVERY_DATE","interaction":{"idSuffix":"inner"}},"wdio_ui5_key":"applicationmanageresources-display-component---newResourceUnit--PLANNED_DELIVERY_DATE"}]}
RESULT: undefined
COMMAND: POST /session/25c011aa293abf97c7913f308519c6b0/execute/async - {"script":"<script> [6424 bytes]","args":[{"element-6066-11e4-a52e-4f735466cecf":"f.A224BA6FA6224D464A8F44AD5BF2EA9F.d.0DD4D1776C62BA672D7D7A2E60FA52C9.e.3255"},"setValue",["6/13/25"]]}
RESULT: {}
RESULT: {"script":"<script> [6424 bytes]","args":[{"element-6066-11e4-a52e-4f735466cecf":"f.A224BA6FA6224D464A8F44AD5BF2EA9F.d.0DD4D1776C62BA672D7D7A2E60FA52C9.e.3255"},"setValue",["6/13/25"]]}
COMMAND: POST /session/25c011aa293abf97c7913f308519c6b0/element - {"using":"xpath","value":"//label[contains(@class, 'sapMLabelRequired') and .//bdi[contains(text(), 'Planned Retirement')]]"}
RESULT: {"using":"xpath","value":"//label[contains(@class, 'sapMLabelRequired') and .//bdi[contains(text(), 'Planned Retirement')]]"}
COMMAND: POST /session/25c011aa293abf97c7913f308519c6b0/elements - {"using":"xpath","value":"//label[contains(@class, 'sapMLabelRequired') and .//bdi[contains(text(), 'Planned Retirement')]]"}
RESULT: {"using":"xpath","value":"//label[contains(@class, 'sapMLabelRequired') and .//bdi[contains(text(), 'Planned Retirement')]]"}
COMMAND: POST /session/25c011aa293abf97c7913f308519c6b0/element - {"using":"xpath","value":"//button[@data-kt=\"resourceUnitSaveButton\"]"}
RESULT: {"using":"xpath","value":"//button[@data-kt=\"resourceUnitSaveButton\"]"}
COMMAND: POST /session/25c011aa293abf97c7913f308519c6b0/element/f.A224BA6FA6224D464A8F44AD5BF2EA9F.d.0DD4D1776C62BA672D7D7A2E60FA52C9.e.3214/click - {}
RESULT: {}
COMMAND: GET /session/25c011aa293abf97c7913f308519c6b0/screenshot - {}
RESULT: {}
COMMAND: POST /session/25c011aa293abf97c7913f308519c6b0/element - {"using":"xpath","value":"//bdi[contains(text(), \"Close\")]"}
RESULT: {"using":"xpath","value":"//bdi[contains(text(), \"Close\")]"}
COMMAND: POST /session/25c011aa293abf97c7913f308519c6b0/element/f.A224BA6FA6224D464A8F44AD5BF2EA9F.d.0DD4D1776C62BA672D7D7A2E60FA52C9.e.3435/click - {}
RESULT: {}
COMMAND: GET /session/25c011aa293abf97c7913f308519c6b0/screenshot - {}
RESULT: {}
COMMAND: POST /session/25c011aa293abf97c7913f308519c6b0/element - {"using":"xpath","value":"(//button[contains(@id ,\"actionsToolbar-overflowButton\")])[1]"}
RESULT: {"using":"xpath","value":"(//button[contains(@id ,\"actionsToolbar-overflowButton\")])[1]"}
COMMAND: POST /session/25c011aa293abf97c7913f308519c6b0/element/f.A224BA6FA6224D464A8F44AD5BF2EA9F.d.0DD4D1776C62BA672D7D7A2E60FA52C9.e.3493/click - {}
RESULT: {}
COMMAND: GET /session/25c011aa293abf97c7913f308519c6b0/screenshot - {}
RESULT: {}
COMMAND: POST /session/25c011aa293abf97c7913f308519c6b0/element - {"using":"xpath","value":"//button[@data-kt=\"priceInfoButton\"]"}
RESULT: {"using":"xpath","value":"//button[@data-kt=\"priceInfoButton\"]"}
COMMAND: POST /session/25c011aa293abf97c7913f308519c6b0/element/f.A224BA6FA6224D464A8F44AD5BF2EA9F.d.0DD4D1776C62BA672D7D7A2E60FA52C9.e.3495/click - {}
RESULT: {}
COMMAND: GET /session/25c011aa293abf97c7913f308519c6b0/screenshot - {}
RESULT: {}
]]></system-out>
    </testcase>
    <testcase classname="chrome.137_0_7151_69.windows.Billing_confirm_US117289" name="Should create new pricing rule" time="63.905">
      <system-out><![CDATA[
COMMAND: POST /session/25c011aa293abf97c7913f308519c6b0/element - {"using":"xpath","value":"//button[@data-kt=\"addButton\"]"}
RESULT: {"using":"xpath","value":"//button[@data-kt=\"addButton\"]"}
COMMAND: POST /session/25c011aa293abf97c7913f308519c6b0/elements - {"using":"xpath","value":"//button[@data-kt=\"addButton\"]"}
RESULT: {"using":"xpath","value":"//button[@data-kt=\"addButton\"]"}
COMMAND: POST /session/25c011aa293abf97c7913f308519c6b0/elements - {"using":"xpath","value":"//button[@data-kt=\"addButton\"]"}
RESULT: {"using":"xpath","value":"//button[@data-kt=\"addButton\"]"}
COMMAND: POST /session/25c011aa293abf97c7913f308519c6b0/element - {"using":"xpath","value":"//button[@data-kt=\"addButton\"]"}
RESULT: {"using":"xpath","value":"//button[@data-kt=\"addButton\"]"}
COMMAND: POST /session/25c011aa293abf97c7913f308519c6b0/execute/sync - {"script":"<script> [8489 bytes]","args":[{"element-6066-11e4-a52e-4f735466cecf":"f.A224BA6FA6224D464A8F44AD5BF2EA9F.d.0DD4D1776C62BA672D7D7A2E60FA52C9.e.3542","ELEMENT":"f.A224BA6FA6224D464A8F44AD5BF2EA9F.d.0DD4D1776C62BA672D7D7A2E60FA52C9.e.3542"}]}
RESULT: {"script":"<script> [8489 bytes]","args":[{"element-6066-11e4-a52e-4f735466cecf":"f.A224BA6FA6224D464A8F44AD5BF2EA9F.d.0DD4D1776C62BA672D7D7A2E60FA52C9.e.3542","ELEMENT":"f.A224BA6FA6224D464A8F44AD5BF2EA9F.d.0DD4D1776C62BA672D7D7A2E60FA52C9.e.3542"}]}
COMMAND: GET /session/25c011aa293abf97c7913f308519c6b0/element/f.A224BA6FA6224D464A8F44AD5BF2EA9F.d.0DD4D1776C62BA672D7D7A2E60FA52C9.e.3542/enabled - {}
COMMAND: GET /session/25c011aa293abf97c7913f308519c6b0/screenshot - {}
RESULT: {}
COMMAND: POST /session/25c011aa293abf97c7913f308519c6b0/execute/sync - {"script":"<script> [8489 bytes]","args":[{"element-6066-11e4-a52e-4f735466cecf":"f.A224BA6FA6224D464A8F44AD5BF2EA9F.d.0DD4D1776C62BA672D7D7A2E60FA52C9.e.3542","ELEMENT":"f.A224BA6FA6224D464A8F44AD5BF2EA9F.d.0DD4D1776C62BA672D7D7A2E60FA52C9.e.3542"}]}
COMMAND: GET /session/25c011aa293abf97c7913f308519c6b0/screenshot - {}
RESULT: {}
RESULT: {"script":"<script> [8489 bytes]","args":[{"element-6066-11e4-a52e-4f735466cecf":"f.A224BA6FA6224D464A8F44AD5BF2EA9F.d.0DD4D1776C62BA672D7D7A2E60FA52C9.e.3542","ELEMENT":"f.A224BA6FA6224D464A8F44AD5BF2EA9F.d.0DD4D1776C62BA672D7D7A2E60FA52C9.e.3542"}]}
COMMAND: POST /session/25c011aa293abf97c7913f308519c6b0/execute/sync - {"script":"<script> [5351 bytes]","args":[{"element-6066-11e4-a52e-4f735466cecf":"f.A224BA6FA6224D464A8F44AD5BF2EA9F.d.0DD4D1776C62BA672D7D7A2E60FA52C9.e.3542","ELEMENT":"f.A224BA6FA6224D464A8F44AD5BF2EA9F.d.0DD4D1776C62BA672D7D7A2E60FA52C9.e.3542"}]}
COMMAND: GET /session/25c011aa293abf97c7913f308519c6b0/screenshot - {}
RESULT: {}
RESULT: {"script":"<script> [5351 bytes]","args":[{"element-6066-11e4-a52e-4f735466cecf":"f.A224BA6FA6224D464A8F44AD5BF2EA9F.d.0DD4D1776C62BA672D7D7A2E60FA52C9.e.3542","ELEMENT":"f.A224BA6FA6224D464A8F44AD5BF2EA9F.d.0DD4D1776C62BA672D7D7A2E60FA52C9.e.3542"}]}
COMMAND: POST /session/25c011aa293abf97c7913f308519c6b0/element/f.A224BA6FA6224D464A8F44AD5BF2EA9F.d.0DD4D1776C62BA672D7D7A2E60FA52C9.e.3542/click - {}
COMMAND: GET /session/25c011aa293abf97c7913f308519c6b0/screenshot - {}
RESULT: {}
RESULT: {}
COMMAND: GET /session/25c011aa293abf97c7913f308519c6b0/screenshot - {}
RESULT: {}
RESULT: {}
COMMAND: POST /session/25c011aa293abf97c7913f308519c6b0/execute/async - {"script":"<script> [1562 bytes]","args":[{"selector":{"controlType":"sap.m.Title","viewName":"etm.portal.ui.managepricingrules.view.NewItem","viewId":"application-managepricingrules-display-component---newInfoPriceItem","properties":{"text":"New Pricing Rules - Item Level"}},"wdio_ui5_key":"etmportal.ui.managepricingrules.view.NewItemsap.m.Title{\"text\":\"New Pricing Rules - Item Level\"}"}]}
RESULT: {"script":"<script> [1562 bytes]","args":[{"selector":{"controlType":"sap.m.Title","viewName":"etm.portal.ui.managepricingrules.view.NewItem","viewId":"application-managepricingrules-display-component---newInfoPriceItem","properties":{"text":"New Pricing Rules - Item Level"}},"wdio_ui5_key":"etmportal.ui.managepricingrules.view.NewItemsap.m.Title{\"text\":\"New Pricing Rules - Item Level\"}"}]}
RESULT: undefined
COMMAND: POST /session/25c011aa293abf97c7913f308519c6b0/execute/async - {"script":"<script> [6424 bytes]","args":[{"element-6066-11e4-a52e-4f735466cecf":"f.A224BA6FA6224D464A8F44AD5BF2EA9F.d.0DD4D1776C62BA672D7D7A2E60FA52C9.e.3626"},"getText",[]]}
RESULT: {"script":"<script> [6424 bytes]","args":[{"element-6066-11e4-a52e-4f735466cecf":"f.A224BA6FA6224D464A8F44AD5BF2EA9F.d.0DD4D1776C62BA672D7D7A2E60FA52C9.e.3626"},"getText",[]]}
COMMAND: POST /session/25c011aa293abf97c7913f308519c6b0/execute/async - {"script":"<script> [1562 bytes]","args":[{"selector":{"id":"application-managepricingrules-display-component---newInfoPriceItem--condValidTo","interaction":{"idSuffix":"inner"}},"wdio_ui5_key":"applicationmanagepricingrules-display-component---newInfoPriceItem--condValidTo"}]}
RESULT: {"script":"<script> [1562 bytes]","args":[{"selector":{"id":"application-managepricingrules-display-component---newInfoPriceItem--condValidTo","interaction":{"idSuffix":"inner"}},"wdio_ui5_key":"applicationmanagepricingrules-display-component---newInfoPriceItem--condValidTo"}]}
RESULT: undefined
COMMAND: POST /session/25c011aa293abf97c7913f308519c6b0/execute/async - {"script":"<script> [776 bytes]","args":[{"enterText":"2/13/26","selector":{"id":"application-managepricingrules-display-component---newInfoPriceItem--condValidTo","interaction":{"idSuffix":"inner"}},"clearTextFirst":true,"interactionType":"ENTER_TEXT"}]}
RESULT: {"script":"<script> [776 bytes]","args":[{"enterText":"2/13/26","selector":{"id":"application-managepricingrules-display-component---newInfoPriceItem--condValidTo","interaction":{"idSuffix":"inner"}},"clearTextFirst":true,"interactionType":"ENTER_TEXT"}]}
COMMAND: POST /session/25c011aa293abf97c7913f308519c6b0/execute/async - {"script":"<script> [1562 bytes]","args":[{"selector":{"id":"application-managepricingrules-display-component---newInfoPriceItem--billType-arrow"},"wdio_ui5_key":"applicationmanagepricingrules-display-component---newInfoPriceItem--billType-arrow"}]}
RESULT: {"script":"<script> [1562 bytes]","args":[{"selector":{"id":"application-managepricingrules-display-component---newInfoPriceItem--billType-arrow"},"wdio_ui5_key":"applicationmanagepricingrules-display-component---newInfoPriceItem--billType-arrow"}]}
RESULT: undefined
COMMAND: POST /session/25c011aa293abf97c7913f308519c6b0/element - {"using":"xpath","value":"//*[@id=\"application-managepricingrules-display-component---newInfoPriceItem--billType-arrow\"]"}
RESULT: {"using":"xpath","value":"//*[@id=\"application-managepricingrules-display-component---newInfoPriceItem--billType-arrow\"]"}
COMMAND: POST /session/25c011aa293abf97c7913f308519c6b0/element/f.A224BA6FA6224D464A8F44AD5BF2EA9F.d.0DD4D1776C62BA672D7D7A2E60FA52C9.e.3694/click - {}
RESULT: {}
COMMAND: POST /session/25c011aa293abf97c7913f308519c6b0/element - {"using":"xpath","value":"//span[contains(text(), \"TB - Time based\")]"}
COMMAND: GET /session/25c011aa293abf97c7913f308519c6b0/screenshot - {}
RESULT: {"using":"xpath","value":"//span[contains(text(), \"TB - Time based\")]"}
COMMAND: POST /session/25c011aa293abf97c7913f308519c6b0/element/f.A224BA6FA6224D464A8F44AD5BF2EA9F.d.0DD4D1776C62BA672D7D7A2E60FA52C9.e.3737/click - {}
RESULT: {}
RESULT: {}
COMMAND: POST /session/25c011aa293abf97c7913f308519c6b0/execute/async - {"script":"<script> [1562 bytes]","args":[{"selector":{"id":"application-managepricingrules-display-component---newInfoPriceItem--priceProc-arrow"},"wdio_ui5_key":"applicationmanagepricingrules-display-component---newInfoPriceItem--priceProc-arrow"}]}
COMMAND: GET /session/25c011aa293abf97c7913f308519c6b0/screenshot - {}
RESULT: {"script":"<script> [1562 bytes]","args":[{"selector":{"id":"application-managepricingrules-display-component---newInfoPriceItem--priceProc-arrow"},"wdio_ui5_key":"applicationmanagepricingrules-display-component---newInfoPriceItem--priceProc-arrow"}]}
RESULT: undefined
COMMAND: POST /session/25c011aa293abf97c7913f308519c6b0/element - {"using":"xpath","value":"//*[@id=\"application-managepricingrules-display-component---newInfoPriceItem--priceProc-arrow\"]"}
RESULT: {}
RESULT: {"using":"xpath","value":"//*[@id=\"application-managepricingrules-display-component---newInfoPriceItem--priceProc-arrow\"]"}
COMMAND: POST /session/25c011aa293abf97c7913f308519c6b0/element/f.A224BA6FA6224D464A8F44AD5BF2EA9F.d.0DD4D1776C62BA672D7D7A2E60FA52C9.e.3701/click - {}
RESULT: {}
COMMAND: POST /session/25c011aa293abf97c7913f308519c6b0/element - {"using":"xpath","value":"//span[contains(text(), \"TBS - Time based standard\")]"}
COMMAND: GET /session/25c011aa293abf97c7913f308519c6b0/screenshot - {}
RESULT: {"using":"xpath","value":"//span[contains(text(), \"TBS - Time based standard\")]"}
COMMAND: POST /session/25c011aa293abf97c7913f308519c6b0/element/f.A224BA6FA6224D464A8F44AD5BF2EA9F.d.0DD4D1776C62BA672D7D7A2E60FA52C9.e.3738/click - {}
RESULT: {}
RESULT: {}
COMMAND: POST /session/25c011aa293abf97c7913f308519c6b0/execute/async - {"script":"<script> [1562 bytes]","args":[{"selector":{"id":"application-managepricingrules-display-component---newInfoPriceItem--calcBase-arrow"},"wdio_ui5_key":"applicationmanagepricingrules-display-component---newInfoPriceItem--calcBase-arrow"}]}
COMMAND: GET /session/25c011aa293abf97c7913f308519c6b0/screenshot - {}
RESULT: {"script":"<script> [1562 bytes]","args":[{"selector":{"id":"application-managepricingrules-display-component---newInfoPriceItem--calcBase-arrow"},"wdio_ui5_key":"applicationmanagepricingrules-display-component---newInfoPriceItem--calcBase-arrow"}]}
RESULT: undefined
COMMAND: POST /session/25c011aa293abf97c7913f308519c6b0/element - {"using":"xpath","value":"//*[@id=\"application-managepricingrules-display-component---newInfoPriceItem--calcBase-arrow\"]"}
RESULT: {}
RESULT: {"using":"xpath","value":"//*[@id=\"application-managepricingrules-display-component---newInfoPriceItem--calcBase-arrow\"]"}
COMMAND: POST /session/25c011aa293abf97c7913f308519c6b0/element/f.A224BA6FA6224D464A8F44AD5BF2EA9F.d.0DD4D1776C62BA672D7D7A2E60FA52C9.e.3708/click - {}
RESULT: {}
COMMAND: GET /session/25c011aa293abf97c7913f308519c6b0/screenshot - {}
RESULT: {}
COMMAND: POST /session/25c011aa293abf97c7913f308519c6b0/element - {"using":"xpath","value":"//span[contains(text(), \"0006 - TB(calendar days)\")]"}
RESULT: {"using":"xpath","value":"//span[contains(text(), \"0006 - TB(calendar days)\")]"}
COMMAND: POST /session/25c011aa293abf97c7913f308519c6b0/element/f.A224BA6FA6224D464A8F44AD5BF2EA9F.d.0DD4D1776C62BA672D7D7A2E60FA52C9.e.3739/click - {}
RESULT: {}
COMMAND: GET /session/25c011aa293abf97c7913f308519c6b0/screenshot - {}
RESULT: {}
COMMAND: POST /session/25c011aa293abf97c7913f308519c6b0/execute/async - {"script":"<script> [1562 bytes]","args":[{"selector":{"id":"application-managepricingrules-display-component---newInfoPriceItem--daysMonth","interaction":{"idSuffix":"inner"}},"wdio_ui5_key":"applicationmanagepricingrules-display-component---newInfoPriceItem--daysMonth"}]}
RESULT: {"script":"<script> [1562 bytes]","args":[{"selector":{"id":"application-managepricingrules-display-component---newInfoPriceItem--daysMonth","interaction":{"idSuffix":"inner"}},"wdio_ui5_key":"applicationmanagepricingrules-display-component---newInfoPriceItem--daysMonth"}]}
RESULT: undefined
COMMAND: POST /session/25c011aa293abf97c7913f308519c6b0/execute/async - {"script":"<script> [776 bytes]","args":[{"enterText":"30","selector":{"id":"application-managepricingrules-display-component---newInfoPriceItem--daysMonth","interaction":{"idSuffix":"inner"}},"clearTextFirst":true,"interactionType":"ENTER_TEXT"}]}
RESULT: {"script":"<script> [776 bytes]","args":[{"enterText":"30","selector":{"id":"application-managepricingrules-display-component---newInfoPriceItem--daysMonth","interaction":{"idSuffix":"inner"}},"clearTextFirst":true,"interactionType":"ENTER_TEXT"}]}
COMMAND: POST /session/25c011aa293abf97c7913f308519c6b0/element - {"using":"xpath","value":"//button[@data-kt=\"saveNewRuleButton\"]"}
RESULT: {"using":"xpath","value":"//button[@data-kt=\"saveNewRuleButton\"]"}
COMMAND: POST /session/25c011aa293abf97c7913f308519c6b0/element/f.A224BA6FA6224D464A8F44AD5BF2EA9F.d.0DD4D1776C62BA672D7D7A2E60FA52C9.e.3729/click - {}
RESULT: {}
COMMAND: GET /session/25c011aa293abf97c7913f308519c6b0/screenshot - {}
RESULT: {}
COMMAND: POST /session/25c011aa293abf97c7913f308519c6b0/execute/async - {"script":"<script> [1562 bytes]","args":[{"selector":{"id":"application-managepricingrules-display-component---priceInfoItem--smartFilterBar-btnBasicSearch","interaction":{"idSuffix":"I"}},"wdio_ui5_key":"applicationmanagepricingrules-display-component---priceInfoItem--smartFilterBar-btnBasicSearch"}]}
RESULT: {"script":"<script> [1562 bytes]","args":[{"selector":{"id":"application-managepricingrules-display-component---priceInfoItem--smartFilterBar-btnBasicSearch","interaction":{"idSuffix":"I"}},"wdio_ui5_key":"applicationmanagepricingrules-display-component---priceInfoItem--smartFilterBar-btnBasicSearch"}]}
RESULT: undefined
COMMAND: POST /session/25c011aa293abf97c7913f308519c6b0/execute/async - {"script":"<script> [776 bytes]","args":[{"enterText":"OKsjyRHHH5","selector":{"id":"application-managepricingrules-display-component---priceInfoItem--smartFilterBar-btnBasicSearch","interaction":{"idSuffix":"I"}},"clearTextFirst":true,"interactionType":"ENTER_TEXT"}]}
RESULT: {"script":"<script> [776 bytes]","args":[{"enterText":"OKsjyRHHH5","selector":{"id":"application-managepricingrules-display-component---priceInfoItem--smartFilterBar-btnBasicSearch","interaction":{"idSuffix":"I"}},"clearTextFirst":true,"interactionType":"ENTER_TEXT"}]}
COMMAND: POST /session/25c011aa293abf97c7913f308519c6b0/actions - {"actions":[{"id":"action14","type":"key","parameters":{},"actions":[{"type":"keyDown","value":""},{"type":"pause","duration":10},{"type":"keyUp","value":""}]}]}
RESULT: {"actions":[{"id":"action14","type":"key","parameters":{},"actions":[{"type":"keyDown","value":""},{"type":"pause","duration":10},{"type":"keyUp","value":""}]}]}
COMMAND: GET /session/25c011aa293abf97c7913f308519c6b0/screenshot - {}
RESULT: {}
COMMAND: POST /session/25c011aa293abf97c7913f308519c6b0/element - {"using":"xpath","value":"//span[@id=\"application-managepricingrules-display-component---priceInfoItem--smartTable-header-inner\"]"}
RESULT: {"using":"xpath","value":"//span[@id=\"application-managepricingrules-display-component---priceInfoItem--smartTable-header-inner\"]"}
COMMAND: POST /session/25c011aa293abf97c7913f308519c6b0/elements - {"using":"xpath","value":"//span[@id=\"application-managepricingrules-display-component---priceInfoItem--smartTable-header-inner\"]"}
RESULT: {"using":"xpath","value":"//span[@id=\"application-managepricingrules-display-component---priceInfoItem--smartTable-header-inner\"]"}
COMMAND: POST /session/25c011aa293abf97c7913f308519c6b0/execute/sync - {"script":"<script> [56 bytes]","args":[{"element-6066-11e4-a52e-4f735466cecf":"f.A224BA6FA6224D464A8F44AD5BF2EA9F.d.0DD4D1776C62BA672D7D7A2E60FA52C9.e.3756","ELEMENT":"f.A224BA6FA6224D464A8F44AD5BF2EA9F.d.0DD4D1776C62BA672D7D7A2E60FA52C9.e.3756"}]}
RESULT: {"script":"<script> [56 bytes]","args":[{"element-6066-11e4-a52e-4f735466cecf":"f.A224BA6FA6224D464A8F44AD5BF2EA9F.d.0DD4D1776C62BA672D7D7A2E60FA52C9.e.3756","ELEMENT":"f.A224BA6FA6224D464A8F44AD5BF2EA9F.d.0DD4D1776C62BA672D7D7A2E60FA52C9.e.3756"}]}
COMMAND: POST /session/25c011aa293abf97c7913f308519c6b0/element - {"using":"css selector","value":"#shell-header-logo"}
COMMAND: GET /session/25c011aa293abf97c7913f308519c6b0/screenshot - {}
RESULT: {"using":"css selector","value":"#shell-header-logo"}
COMMAND: POST /session/25c011aa293abf97c7913f308519c6b0/element/f.A224BA6FA6224D464A8F44AD5BF2EA9F.d.0DD4D1776C62BA672D7D7A2E60FA52C9.e.2805/click - {}
RESULT: {}
RESULT: {}
COMMAND: GET /session/25c011aa293abf97c7913f308519c6b0/screenshot - {}
RESULT: {}
]]></system-out>
    </testcase>
    <testcase classname="chrome.137_0_7151_69.windows.Billing_confirm_US117289" name="Should create new condition for equipment" time="69.644">
      <system-out><![CDATA[
COMMAND: POST /session/25c011aa293abf97c7913f308519c6b0/execute/async - {"script":"<script> [1562 bytes]","args":[{"selector":{"controlType":"sap.m.GenericTile","properties":{"header":"Manage Conditions & Prices"}},"wdio_ui5_key":"sapm.GenericTile{\"header\":\"Manage Conditions & Prices\"}"}]}
RESULT: {"script":"<script> [1562 bytes]","args":[{"selector":{"controlType":"sap.m.GenericTile","properties":{"header":"Manage Conditions & Prices"}},"wdio_ui5_key":"sapm.GenericTile{\"header\":\"Manage Conditions & Prices\"}"}]}
RESULT: undefined
COMMAND: POST /session/25c011aa293abf97c7913f308519c6b0/element - {"using":"xpath","value":"//*[@id=\"__tile95\"]"}
RESULT: {"using":"xpath","value":"//*[@id=\"__tile95\"]"}
COMMAND: POST /session/25c011aa293abf97c7913f308519c6b0/element/f.A224BA6FA6224D464A8F44AD5BF2EA9F.d.0DD4D1776C62BA672D7D7A2E60FA52C9.e.2790/click - {}
RESULT: {}
COMMAND: GET /session/25c011aa293abf97c7913f308519c6b0/screenshot - {}
RESULT: {}
COMMAND: POST /session/25c011aa293abf97c7913f308519c6b0/elements - {"using":"xpath","value":"//span[text()='Error']"}
RESULT: {"using":"xpath","value":"//span[text()='Error']"}
COMMAND: POST /session/25c011aa293abf97c7913f308519c6b0/element - {"using":"xpath","value":"//button[@aria-label=\"Create\"]"}
RESULT: {"using":"xpath","value":"//button[@aria-label=\"Create\"]"}
COMMAND: POST /session/25c011aa293abf97c7913f308519c6b0/elements - {"using":"xpath","value":"//button[@aria-label=\"Create\"]"}
RESULT: {"using":"xpath","value":"//button[@aria-label=\"Create\"]"}
COMMAND: POST /session/25c011aa293abf97c7913f308519c6b0/execute/sync - {"script":"<script> [8489 bytes]","args":[{"element-6066-11e4-a52e-4f735466cecf":"f.A224BA6FA6224D464A8F44AD5BF2EA9F.d.0DD4D1776C62BA672D7D7A2E60FA52C9.e.3792","ELEMENT":"f.A224BA6FA6224D464A8F44AD5BF2EA9F.d.0DD4D1776C62BA672D7D7A2E60FA52C9.e.3792"}]}
RESULT: {"script":"<script> [8489 bytes]","args":[{"element-6066-11e4-a52e-4f735466cecf":"f.A224BA6FA6224D464A8F44AD5BF2EA9F.d.0DD4D1776C62BA672D7D7A2E60FA52C9.e.3792","ELEMENT":"f.A224BA6FA6224D464A8F44AD5BF2EA9F.d.0DD4D1776C62BA672D7D7A2E60FA52C9.e.3792"}]}
COMMAND: GET /session/25c011aa293abf97c7913f308519c6b0/element/f.A224BA6FA6224D464A8F44AD5BF2EA9F.d.0DD4D1776C62BA672D7D7A2E60FA52C9.e.3792/enabled - {}
COMMAND: GET /session/25c011aa293abf97c7913f308519c6b0/screenshot - {}
RESULT: {}
COMMAND: POST /session/25c011aa293abf97c7913f308519c6b0/execute/sync - {"script":"<script> [8489 bytes]","args":[{"element-6066-11e4-a52e-4f735466cecf":"f.A224BA6FA6224D464A8F44AD5BF2EA9F.d.0DD4D1776C62BA672D7D7A2E60FA52C9.e.3792","ELEMENT":"f.A224BA6FA6224D464A8F44AD5BF2EA9F.d.0DD4D1776C62BA672D7D7A2E60FA52C9.e.3792"}]}
COMMAND: GET /session/25c011aa293abf97c7913f308519c6b0/screenshot - {}
RESULT: {}
RESULT: {"script":"<script> [8489 bytes]","args":[{"element-6066-11e4-a52e-4f735466cecf":"f.A224BA6FA6224D464A8F44AD5BF2EA9F.d.0DD4D1776C62BA672D7D7A2E60FA52C9.e.3792","ELEMENT":"f.A224BA6FA6224D464A8F44AD5BF2EA9F.d.0DD4D1776C62BA672D7D7A2E60FA52C9.e.3792"}]}
COMMAND: POST /session/25c011aa293abf97c7913f308519c6b0/execute/sync - {"script":"<script> [5351 bytes]","args":[{"element-6066-11e4-a52e-4f735466cecf":"f.A224BA6FA6224D464A8F44AD5BF2EA9F.d.0DD4D1776C62BA672D7D7A2E60FA52C9.e.3792","ELEMENT":"f.A224BA6FA6224D464A8F44AD5BF2EA9F.d.0DD4D1776C62BA672D7D7A2E60FA52C9.e.3792"}]}
COMMAND: GET /session/25c011aa293abf97c7913f308519c6b0/screenshot - {}
RESULT: {}
RESULT: {"script":"<script> [5351 bytes]","args":[{"element-6066-11e4-a52e-4f735466cecf":"f.A224BA6FA6224D464A8F44AD5BF2EA9F.d.0DD4D1776C62BA672D7D7A2E60FA52C9.e.3792","ELEMENT":"f.A224BA6FA6224D464A8F44AD5BF2EA9F.d.0DD4D1776C62BA672D7D7A2E60FA52C9.e.3792"}]}
COMMAND: POST /session/25c011aa293abf97c7913f308519c6b0/element/f.A224BA6FA6224D464A8F44AD5BF2EA9F.d.0DD4D1776C62BA672D7D7A2E60FA52C9.e.3792/click - {}
COMMAND: GET /session/25c011aa293abf97c7913f308519c6b0/screenshot - {}
RESULT: {}
RESULT: {}
COMMAND: GET /session/25c011aa293abf97c7913f308519c6b0/screenshot - {}
RESULT: {}
RESULT: {}
COMMAND: POST /session/25c011aa293abf97c7913f308519c6b0/actions - {"actions":[{"id":"action15","type":"key","parameters":{},"actions":[{"type":"keyDown","value":""},{"type":"pause","duration":10},{"type":"keyUp","value":""}]}]}
RESULT: {"actions":[{"id":"action15","type":"key","parameters":{},"actions":[{"type":"keyDown","value":""},{"type":"pause","duration":10},{"type":"keyUp","value":""}]}]}
COMMAND: GET /session/25c011aa293abf97c7913f308519c6b0/screenshot - {}
RESULT: {}
COMMAND: POST /session/25c011aa293abf97c7913f308519c6b0/execute/async - {"script":"<script> [1562 bytes]","args":[{"selector":{"id":"application-manageconditionprice-display-component---newCondition--condBillCond-arrow"},"wdio_ui5_key":"applicationmanageconditionprice-display-component---newCondition--condBillCond-arrow"}]}
RESULT: {"script":"<script> [1562 bytes]","args":[{"selector":{"id":"application-manageconditionprice-display-component---newCondition--condBillCond-arrow"},"wdio_ui5_key":"applicationmanageconditionprice-display-component---newCondition--condBillCond-arrow"}]}
RESULT: undefined
COMMAND: POST /session/25c011aa293abf97c7913f308519c6b0/element - {"using":"xpath","value":"//*[@id=\"application-manageconditionprice-display-component---newCondition--condBillCond-arrow\"]"}
RESULT: {"using":"xpath","value":"//*[@id=\"application-manageconditionprice-display-component---newCondition--condBillCond-arrow\"]"}
COMMAND: POST /session/25c011aa293abf97c7913f308519c6b0/element/f.A224BA6FA6224D464A8F44AD5BF2EA9F.d.0DD4D1776C62BA672D7D7A2E60FA52C9.e.4003/click - {}
RESULT: {}
COMMAND: GET /session/25c011aa293abf97c7913f308519c6b0/screenshot - {}
RESULT: {}
COMMAND: POST /session/25c011aa293abf97c7913f308519c6b0/element - {"using":"xpath","value":"//li[.//span[contains(text(), \"DISP - D&I special price\")]]"}
RESULT: {"using":"xpath","value":"//li[.//span[contains(text(), \"DISP - D&I special price\")]]"}
COMMAND: POST /session/25c011aa293abf97c7913f308519c6b0/element/f.A224BA6FA6224D464A8F44AD5BF2EA9F.d.0DD4D1776C62BA672D7D7A2E60FA52C9.e.4007/click - {}
RESULT: {}
COMMAND: GET /session/25c011aa293abf97c7913f308519c6b0/screenshot - {}
RESULT: {}
COMMAND: POST /session/25c011aa293abf97c7913f308519c6b0/execute/async - {"script":"<script> [1562 bytes]","args":[{"selector":{"id":"application-manageconditionprice-display-component---newCondition--condValidTo","interaction":{"idSuffix":"inner"}},"wdio_ui5_key":"applicationmanageconditionprice-display-component---newCondition--condValidTo"}]}
RESULT: {"script":"<script> [1562 bytes]","args":[{"selector":{"id":"application-manageconditionprice-display-component---newCondition--condValidTo","interaction":{"idSuffix":"inner"}},"wdio_ui5_key":"applicationmanageconditionprice-display-component---newCondition--condValidTo"}]}
RESULT: undefined
COMMAND: POST /session/25c011aa293abf97c7913f308519c6b0/execute/async - {"script":"<script> [776 bytes]","args":[{"enterText":"2/13/26","selector":{"id":"application-manageconditionprice-display-component---newCondition--condValidTo","interaction":{"idSuffix":"inner"}},"clearTextFirst":true,"interactionType":"ENTER_TEXT"}]}
RESULT: {"script":"<script> [776 bytes]","args":[{"enterText":"2/13/26","selector":{"id":"application-manageconditionprice-display-component---newCondition--condValidTo","interaction":{"idSuffix":"inner"}},"clearTextFirst":true,"interactionType":"ENTER_TEXT"}]}
COMMAND: POST /session/25c011aa293abf97c7913f308519c6b0/element - {"using":"xpath","value":"//input[@id=\"application-manageconditionprice-display-component---newCondition--condRU-inner\"]"}
RESULT: {"using":"xpath","value":"//input[@id=\"application-manageconditionprice-display-component---newCondition--condRU-inner\"]"}
COMMAND: POST /session/25c011aa293abf97c7913f308519c6b0/element/f.A224BA6FA6224D464A8F44AD5BF2EA9F.d.0DD4D1776C62BA672D7D7A2E60FA52C9.e.3841/clear - {}
RESULT: {}
COMMAND: POST /session/25c011aa293abf97c7913f308519c6b0/element/f.A224BA6FA6224D464A8F44AD5BF2EA9F.d.0DD4D1776C62BA672D7D7A2E60FA52C9.e.3841/value - {"text":"OKsjyRHHH5"}
COMMAND: GET /session/25c011aa293abf97c7913f308519c6b0/screenshot - {}
RESULT: {"text":"OKsjyRHHH5"}
COMMAND: GET /session/25c011aa293abf97c7913f308519c6b0/screenshot - {}
RESULT: {}
RESULT: {}
COMMAND: POST /session/25c011aa293abf97c7913f308519c6b0/actions - {"actions":[{"id":"action16","type":"key","parameters":{},"actions":[{"type":"keyDown","value":""},{"type":"pause","duration":10},{"type":"keyUp","value":""}]}]}
RESULT: {"actions":[{"id":"action16","type":"key","parameters":{},"actions":[{"type":"keyDown","value":""},{"type":"pause","duration":10},{"type":"keyUp","value":""}]}]}
COMMAND: POST /session/25c011aa293abf97c7913f308519c6b0/execute/async - {"script":"<script> [1562 bytes]","args":[{"selector":{"id":"application-manageconditionprice-display-component---newCondition--condBaseQty","interaction":{"idSuffix":"inner"}},"wdio_ui5_key":"applicationmanageconditionprice-display-component---newCondition--condBaseQty"}]}
COMMAND: GET /session/25c011aa293abf97c7913f308519c6b0/screenshot - {}
RESULT: {"script":"<script> [1562 bytes]","args":[{"selector":{"id":"application-manageconditionprice-display-component---newCondition--condBaseQty","interaction":{"idSuffix":"inner"}},"wdio_ui5_key":"applicationmanageconditionprice-display-component---newCondition--condBaseQty"}]}
RESULT: undefined
COMMAND: POST /session/25c011aa293abf97c7913f308519c6b0/execute/async - {"script":"<script> [776 bytes]","args":[{"enterText":"1","selector":{"id":"application-manageconditionprice-display-component---newCondition--condBaseQty","interaction":{"idSuffix":"inner"}},"clearTextFirst":true,"interactionType":"ENTER_TEXT"}]}
RESULT: {}
RESULT: {"script":"<script> [776 bytes]","args":[{"enterText":"1","selector":{"id":"application-manageconditionprice-display-component---newCondition--condBaseQty","interaction":{"idSuffix":"inner"}},"clearTextFirst":true,"interactionType":"ENTER_TEXT"}]}
COMMAND: POST /session/25c011aa293abf97c7913f308519c6b0/execute/async - {"script":"<script> [1562 bytes]","args":[{"selector":{"id":"application-manageconditionprice-display-component---newCondition--condValue","interaction":{"idSuffix":"inner"}},"wdio_ui5_key":"applicationmanageconditionprice-display-component---newCondition--condValue"}]}
RESULT: {"script":"<script> [1562 bytes]","args":[{"selector":{"id":"application-manageconditionprice-display-component---newCondition--condValue","interaction":{"idSuffix":"inner"}},"wdio_ui5_key":"applicationmanageconditionprice-display-component---newCondition--condValue"}]}
RESULT: undefined
COMMAND: POST /session/25c011aa293abf97c7913f308519c6b0/execute/async - {"script":"<script> [776 bytes]","args":[{"enterText":"100","selector":{"id":"application-manageconditionprice-display-component---newCondition--condValue","interaction":{"idSuffix":"inner"}},"clearTextFirst":true,"interactionType":"ENTER_TEXT"}]}
RESULT: {"script":"<script> [776 bytes]","args":[{"enterText":"100","selector":{"id":"application-manageconditionprice-display-component---newCondition--condValue","interaction":{"idSuffix":"inner"}},"clearTextFirst":true,"interactionType":"ENTER_TEXT"}]}
COMMAND: POST /session/25c011aa293abf97c7913f308519c6b0/execute/async - {"script":"<script> [1562 bytes]","args":[{"selector":{"id":"application-manageconditionprice-display-component---newCondition--condCurr-arrow"},"wdio_ui5_key":"applicationmanageconditionprice-display-component---newCondition--condCurr-arrow"}]}
RESULT: {"script":"<script> [1562 bytes]","args":[{"selector":{"id":"application-manageconditionprice-display-component---newCondition--condCurr-arrow"},"wdio_ui5_key":"applicationmanageconditionprice-display-component---newCondition--condCurr-arrow"}]}
RESULT: undefined
COMMAND: POST /session/25c011aa293abf97c7913f308519c6b0/element - {"using":"xpath","value":"//*[@id=\"application-manageconditionprice-display-component---newCondition--condCurr-arrow\"]"}
RESULT: {"using":"xpath","value":"//*[@id=\"application-manageconditionprice-display-component---newCondition--condCurr-arrow\"]"}
COMMAND: POST /session/25c011aa293abf97c7913f308519c6b0/element/f.A224BA6FA6224D464A8F44AD5BF2EA9F.d.0DD4D1776C62BA672D7D7A2E60FA52C9.e.3993/click - {}
RESULT: {}
COMMAND: POST /session/25c011aa293abf97c7913f308519c6b0/element - {"using":"xpath","value":"//span[contains(text(), \"Euro\")]"}
COMMAND: GET /session/25c011aa293abf97c7913f308519c6b0/screenshot - {}
RESULT: {"using":"xpath","value":"//span[contains(text(), \"Euro\")]"}
COMMAND: POST /session/25c011aa293abf97c7913f308519c6b0/element/f.A224BA6FA6224D464A8F44AD5BF2EA9F.d.0DD4D1776C62BA672D7D7A2E60FA52C9.e.4042/click - {}
RESULT: {}
RESULT: {}
COMMAND: POST /session/25c011aa293abf97c7913f308519c6b0/element - {"using":"xpath","value":"//button[@data-kt=\"saveButton\"]"}
COMMAND: GET /session/25c011aa293abf97c7913f308519c6b0/screenshot - {}
RESULT: {"using":"xpath","value":"//button[@data-kt=\"saveButton\"]"}
COMMAND: POST /session/25c011aa293abf97c7913f308519c6b0/element/f.A224BA6FA6224D464A8F44AD5BF2EA9F.d.0DD4D1776C62BA672D7D7A2E60FA52C9.e.3994/click - {}
RESULT: {}
RESULT: {}
COMMAND: GET /session/25c011aa293abf97c7913f308519c6b0/screenshot - {}
RESULT: {}
COMMAND: POST /session/25c011aa293abf97c7913f308519c6b0/execute/async - {"script":"<script> [1562 bytes]","args":[{"selector":{"id":"application-manageconditionprice-display-component---conditions--smartFilterBar-btnBasicSearch","interaction":{"idSuffix":"I"}},"wdio_ui5_key":"applicationmanageconditionprice-display-component---conditions--smartFilterBar-btnBasicSearch"}]}
RESULT: {"script":"<script> [1562 bytes]","args":[{"selector":{"id":"application-manageconditionprice-display-component---conditions--smartFilterBar-btnBasicSearch","interaction":{"idSuffix":"I"}},"wdio_ui5_key":"applicationmanageconditionprice-display-component---conditions--smartFilterBar-btnBasicSearch"}]}
RESULT: undefined
COMMAND: POST /session/25c011aa293abf97c7913f308519c6b0/execute/async - {"script":"<script> [776 bytes]","args":[{"enterText":"OKsjyRHHH5","selector":{"id":"application-manageconditionprice-display-component---conditions--smartFilterBar-btnBasicSearch","interaction":{"idSuffix":"I"}},"clearTextFirst":true,"interactionType":"ENTER_TEXT"}]}
RESULT: {"script":"<script> [776 bytes]","args":[{"enterText":"OKsjyRHHH5","selector":{"id":"application-manageconditionprice-display-component---conditions--smartFilterBar-btnBasicSearch","interaction":{"idSuffix":"I"}},"clearTextFirst":true,"interactionType":"ENTER_TEXT"}]}
COMMAND: POST /session/25c011aa293abf97c7913f308519c6b0/actions - {"actions":[{"id":"action17","type":"key","parameters":{},"actions":[{"type":"keyDown","value":""},{"type":"pause","duration":10},{"type":"keyUp","value":""}]}]}
RESULT: {"actions":[{"id":"action17","type":"key","parameters":{},"actions":[{"type":"keyDown","value":""},{"type":"pause","duration":10},{"type":"keyUp","value":""}]}]}
COMMAND: GET /session/25c011aa293abf97c7913f308519c6b0/screenshot - {}
RESULT: {}
COMMAND: POST /session/25c011aa293abf97c7913f308519c6b0/execute/async - {"script":"<script> [1562 bytes]","args":[{"selector":{"id":"application-manageconditionprice-display-component---conditions--smartFilterBar-filterItemControl_BASIC-BILL_TYPES-vhi"},"wdio_ui5_key":"applicationmanageconditionprice-display-component---conditions--smartFilterBar-filterItemControl_BASIC-BILL_TYPES-vhi"}]}
RESULT: {"script":"<script> [1562 bytes]","args":[{"selector":{"id":"application-manageconditionprice-display-component---conditions--smartFilterBar-filterItemControl_BASIC-BILL_TYPES-vhi"},"wdio_ui5_key":"applicationmanageconditionprice-display-component---conditions--smartFilterBar-filterItemControl_BASIC-BILL_TYPES-vhi"}]}
RESULT: undefined
COMMAND: POST /session/25c011aa293abf97c7913f308519c6b0/element - {"using":"xpath","value":"//*[@id=\"application-manageconditionprice-display-component---conditions--smartFilterBar-filterItemControl_BASIC-BILL_TYPES-vhi\"]"}
RESULT: {"using":"xpath","value":"//*[@id=\"application-manageconditionprice-display-component---conditions--smartFilterBar-filterItemControl_BASIC-BILL_TYPES-vhi\"]"}
COMMAND: POST /session/25c011aa293abf97c7913f308519c6b0/element/f.A224BA6FA6224D464A8F44AD5BF2EA9F.d.0DD4D1776C62BA672D7D7A2E60FA52C9.e.4149/click - {}
RESULT: {}
COMMAND: POST /session/25c011aa293abf97c7913f308519c6b0/execute/async - {"script":"<script> [1562 bytes]","args":[{"selector":{"id":"application-manageconditionprice-display-component---conditions--smartFilterBar-filterItemControl_BASIC-BILL_TYPES-valueHelpDialog-smartFilterBar-btnBasicSearch","searchOpenDialogs":true,"interaction":{"idSuffix":"I"}},"wdio_ui5_key":"applicationmanageconditionprice-display-component---conditions--smartFilterBar-filterItemControl_BASIC-BILL_TYPES-valueHelpDialog-smartFilterBar-btnBasicSearch"}]}
COMMAND: GET /session/25c011aa293abf97c7913f308519c6b0/screenshot - {}
RESULT: {"script":"<script> [1562 bytes]","args":[{"selector":{"id":"application-manageconditionprice-display-component---conditions--smartFilterBar-filterItemControl_BASIC-BILL_TYPES-valueHelpDialog-smartFilterBar-btnBasicSearch","searchOpenDialogs":true,"interaction":{"idSuffix":"I"}},"wdio_ui5_key":"applicationmanageconditionprice-display-component---conditions--smartFilterBar-filterItemControl_BASIC-BILL_TYPES-valueHelpDialog-smartFilterBar-btnBasicSearch"}]}
RESULT: undefined
COMMAND: POST /session/25c011aa293abf97c7913f308519c6b0/execute/async - {"script":"<script> [776 bytes]","args":[{"enterText":"TB","selector":{"id":"application-manageconditionprice-display-component---conditions--smartFilterBar-filterItemControl_BASIC-BILL_TYPES-valueHelpDialog-smartFilterBar-btnBasicSearch","searchOpenDialogs":true,"interaction":{"idSuffix":"I"}},"clearTextFirst":true,"interactionType":"ENTER_TEXT"}]}
RESULT: {}
RESULT: {"script":"<script> [776 bytes]","args":[{"enterText":"TB","selector":{"id":"application-manageconditionprice-display-component---conditions--smartFilterBar-filterItemControl_BASIC-BILL_TYPES-valueHelpDialog-smartFilterBar-btnBasicSearch","searchOpenDialogs":true,"interaction":{"idSuffix":"I"}},"clearTextFirst":true,"interactionType":"ENTER_TEXT"}]}
COMMAND: POST /session/25c011aa293abf97c7913f308519c6b0/actions - {"actions":[{"id":"action18","type":"key","parameters":{},"actions":[{"type":"keyDown","value":""},{"type":"pause","duration":10},{"type":"keyUp","value":""}]}]}
RESULT: {"actions":[{"id":"action18","type":"key","parameters":{},"actions":[{"type":"keyDown","value":""},{"type":"pause","duration":10},{"type":"keyUp","value":""}]}]}
COMMAND: GET /session/25c011aa293abf97c7913f308519c6b0/screenshot - {}
RESULT: {}
COMMAND: POST /session/25c011aa293abf97c7913f308519c6b0/element - {"using":"xpath","value":"//div[contains(@id, 'application-manageconditionprice-display-component---conditions--smartFilterBar-filterItemControl_BASIC-BILL_TYPES-valueHelpDialog-table-rowsel0')]"}
RESULT: {"using":"xpath","value":"//div[contains(@id, 'application-manageconditionprice-display-component---conditions--smartFilterBar-filterItemControl_BASIC-BILL_TYPES-valueHelpDialog-table-rowsel0')]"}
COMMAND: POST /session/25c011aa293abf97c7913f308519c6b0/element/f.A224BA6FA6224D464A8F44AD5BF2EA9F.d.0DD4D1776C62BA672D7D7A2E60FA52C9.e.4158/click - {}
RESULT: {}
COMMAND: GET /session/25c011aa293abf97c7913f308519c6b0/screenshot - {}
RESULT: {}
COMMAND: POST /session/25c011aa293abf97c7913f308519c6b0/element - {"using":"xpath","value":"//bdi[contains(text(), \"OK\")]"}
RESULT: {"using":"xpath","value":"//bdi[contains(text(), \"OK\")]"}
COMMAND: POST /session/25c011aa293abf97c7913f308519c6b0/element/f.A224BA6FA6224D464A8F44AD5BF2EA9F.d.0DD4D1776C62BA672D7D7A2E60FA52C9.e.4160/click - {}
RESULT: {}
COMMAND: GET /session/25c011aa293abf97c7913f308519c6b0/screenshot - {}
RESULT: {}
COMMAND: POST /session/25c011aa293abf97c7913f308519c6b0/element - {"using":"xpath","value":"//span[@id=\"application-manageconditionprice-display-component---conditions--smartTable-header-inner\"]"}
RESULT: {"using":"xpath","value":"//span[@id=\"application-manageconditionprice-display-component---conditions--smartTable-header-inner\"]"}
COMMAND: POST /session/25c011aa293abf97c7913f308519c6b0/elements - {"using":"xpath","value":"//span[@id=\"application-manageconditionprice-display-component---conditions--smartTable-header-inner\"]"}
RESULT: {"using":"xpath","value":"//span[@id=\"application-manageconditionprice-display-component---conditions--smartTable-header-inner\"]"}
COMMAND: POST /session/25c011aa293abf97c7913f308519c6b0/execute/sync - {"script":"<script> [56 bytes]","args":[{"element-6066-11e4-a52e-4f735466cecf":"f.A224BA6FA6224D464A8F44AD5BF2EA9F.d.0DD4D1776C62BA672D7D7A2E60FA52C9.e.4163","ELEMENT":"f.A224BA6FA6224D464A8F44AD5BF2EA9F.d.0DD4D1776C62BA672D7D7A2E60FA52C9.e.4163"}]}
RESULT: {"script":"<script> [56 bytes]","args":[{"element-6066-11e4-a52e-4f735466cecf":"f.A224BA6FA6224D464A8F44AD5BF2EA9F.d.0DD4D1776C62BA672D7D7A2E60FA52C9.e.4163","ELEMENT":"f.A224BA6FA6224D464A8F44AD5BF2EA9F.d.0DD4D1776C62BA672D7D7A2E60FA52C9.e.4163"}]}
COMMAND: POST /session/25c011aa293abf97c7913f308519c6b0/element - {"using":"css selector","value":"#shell-header-logo"}
COMMAND: GET /session/25c011aa293abf97c7913f308519c6b0/screenshot - {}
RESULT: {"using":"css selector","value":"#shell-header-logo"}
COMMAND: POST /session/25c011aa293abf97c7913f308519c6b0/element/f.A224BA6FA6224D464A8F44AD5BF2EA9F.d.0DD4D1776C62BA672D7D7A2E60FA52C9.e.3759/click - {}
RESULT: {}
RESULT: {}
COMMAND: GET /session/25c011aa293abf97c7913f308519c6b0/screenshot - {}
RESULT: {}
]]></system-out>
    </testcase>
    <testcase classname="chrome.137_0_7151_69.windows.Billing_confirm_US117289" name="Should do a stock increase" time="97.948">
      <system-out><![CDATA[
COMMAND: POST /session/25c011aa293abf97c7913f308519c6b0/execute/async - {"script":"<script> [1562 bytes]","args":[{"selector":{"controlType":"sap.m.GenericTile","properties":{"header":"Manage Handovers"}},"wdio_ui5_key":"sapm.GenericTile{\"header\":\"Manage Handovers\"}"}]}
RESULT: {"script":"<script> [1562 bytes]","args":[{"selector":{"controlType":"sap.m.GenericTile","properties":{"header":"Manage Handovers"}},"wdio_ui5_key":"sapm.GenericTile{\"header\":\"Manage Handovers\"}"}]}
RESULT: undefined
COMMAND: POST /session/25c011aa293abf97c7913f308519c6b0/element - {"using":"xpath","value":"//*[@id=\"__tile134\"]"}
RESULT: {"using":"xpath","value":"//*[@id=\"__tile134\"]"}
COMMAND: POST /session/25c011aa293abf97c7913f308519c6b0/element/f.A224BA6FA6224D464A8F44AD5BF2EA9F.d.0DD4D1776C62BA672D7D7A2E60FA52C9.e.2751/click - {}
RESULT: {}
COMMAND: GET /session/25c011aa293abf97c7913f308519c6b0/screenshot - {}
RESULT: {}
COMMAND: POST /session/25c011aa293abf97c7913f308519c6b0/elements - {"using":"xpath","value":"//span[text()='Error']"}
RESULT: {"using":"xpath","value":"//span[text()='Error']"}
COMMAND: POST /session/25c011aa293abf97c7913f308519c6b0/element - {"using":"xpath","value":"//button[@data-kt=\"masterHOAddButton\"]"}
RESULT: {"using":"xpath","value":"//button[@data-kt=\"masterHOAddButton\"]"}
COMMAND: POST /session/25c011aa293abf97c7913f308519c6b0/elements - {"using":"xpath","value":"//button[@data-kt=\"masterHOAddButton\"]"}
RESULT: {"using":"xpath","value":"//button[@data-kt=\"masterHOAddButton\"]"}
COMMAND: POST /session/25c011aa293abf97c7913f308519c6b0/elements - {"using":"xpath","value":"//button[@data-kt=\"masterHOAddButton\"]"}
RESULT: {"using":"xpath","value":"//button[@data-kt=\"masterHOAddButton\"]"}
COMMAND: POST /session/25c011aa293abf97c7913f308519c6b0/element - {"using":"xpath","value":"//button[@data-kt=\"masterHOAddButton\"]"}
RESULT: {"using":"xpath","value":"//button[@data-kt=\"masterHOAddButton\"]"}
COMMAND: POST /session/25c011aa293abf97c7913f308519c6b0/execute/sync - {"script":"<script> [8489 bytes]","args":[{"element-6066-11e4-a52e-4f735466cecf":"f.A224BA6FA6224D464A8F44AD5BF2EA9F.d.0DD4D1776C62BA672D7D7A2E60FA52C9.e.4198","ELEMENT":"f.A224BA6FA6224D464A8F44AD5BF2EA9F.d.0DD4D1776C62BA672D7D7A2E60FA52C9.e.4198"}]}
RESULT: {"script":"<script> [8489 bytes]","args":[{"element-6066-11e4-a52e-4f735466cecf":"f.A224BA6FA6224D464A8F44AD5BF2EA9F.d.0DD4D1776C62BA672D7D7A2E60FA52C9.e.4198","ELEMENT":"f.A224BA6FA6224D464A8F44AD5BF2EA9F.d.0DD4D1776C62BA672D7D7A2E60FA52C9.e.4198"}]}
COMMAND: GET /session/25c011aa293abf97c7913f308519c6b0/element/f.A224BA6FA6224D464A8F44AD5BF2EA9F.d.0DD4D1776C62BA672D7D7A2E60FA52C9.e.4198/enabled - {}
COMMAND: GET /session/25c011aa293abf97c7913f308519c6b0/screenshot - {}
RESULT: {}
COMMAND: POST /session/25c011aa293abf97c7913f308519c6b0/execute/sync - {"script":"<script> [8489 bytes]","args":[{"element-6066-11e4-a52e-4f735466cecf":"f.A224BA6FA6224D464A8F44AD5BF2EA9F.d.0DD4D1776C62BA672D7D7A2E60FA52C9.e.4198","ELEMENT":"f.A224BA6FA6224D464A8F44AD5BF2EA9F.d.0DD4D1776C62BA672D7D7A2E60FA52C9.e.4198"}]}
COMMAND: GET /session/25c011aa293abf97c7913f308519c6b0/screenshot - {}
RESULT: {}
RESULT: {"script":"<script> [8489 bytes]","args":[{"element-6066-11e4-a52e-4f735466cecf":"f.A224BA6FA6224D464A8F44AD5BF2EA9F.d.0DD4D1776C62BA672D7D7A2E60FA52C9.e.4198","ELEMENT":"f.A224BA6FA6224D464A8F44AD5BF2EA9F.d.0DD4D1776C62BA672D7D7A2E60FA52C9.e.4198"}]}
COMMAND: POST /session/25c011aa293abf97c7913f308519c6b0/execute/sync - {"script":"<script> [5351 bytes]","args":[{"element-6066-11e4-a52e-4f735466cecf":"f.A224BA6FA6224D464A8F44AD5BF2EA9F.d.0DD4D1776C62BA672D7D7A2E60FA52C9.e.4198","ELEMENT":"f.A224BA6FA6224D464A8F44AD5BF2EA9F.d.0DD4D1776C62BA672D7D7A2E60FA52C9.e.4198"}]}
COMMAND: GET /session/25c011aa293abf97c7913f308519c6b0/screenshot - {}
RESULT: {}
RESULT: {"script":"<script> [5351 bytes]","args":[{"element-6066-11e4-a52e-4f735466cecf":"f.A224BA6FA6224D464A8F44AD5BF2EA9F.d.0DD4D1776C62BA672D7D7A2E60FA52C9.e.4198","ELEMENT":"f.A224BA6FA6224D464A8F44AD5BF2EA9F.d.0DD4D1776C62BA672D7D7A2E60FA52C9.e.4198"}]}
COMMAND: POST /session/25c011aa293abf97c7913f308519c6b0/element/f.A224BA6FA6224D464A8F44AD5BF2EA9F.d.0DD4D1776C62BA672D7D7A2E60FA52C9.e.4198/click - {}
COMMAND: GET /session/25c011aa293abf97c7913f308519c6b0/screenshot - {}
RESULT: {}
RESULT: {}
COMMAND: GET /session/25c011aa293abf97c7913f308519c6b0/screenshot - {}
RESULT: {}
RESULT: {}
COMMAND: POST /session/25c011aa293abf97c7913f308519c6b0/element - {"using":"xpath","value":"//span[contains(@id ,\"AddNewHO--typeSelect-arrow\")]"}
RESULT: {"using":"xpath","value":"//span[contains(@id ,\"AddNewHO--typeSelect-arrow\")]"}
COMMAND: POST /session/25c011aa293abf97c7913f308519c6b0/element/f.A224BA6FA6224D464A8F44AD5BF2EA9F.d.0DD4D1776C62BA672D7D7A2E60FA52C9.e.4546/click - {}
RESULT: {}
COMMAND: GET /session/25c011aa293abf97c7913f308519c6b0/screenshot - {}
RESULT: {}
COMMAND: POST /session/25c011aa293abf97c7913f308519c6b0/element - {"using":"xpath","value":"(//li[contains(text(), \"stock increase yard\")])[1]"}
RESULT: {"using":"xpath","value":"(//li[contains(text(), \"stock increase yard\")])[1]"}
COMMAND: POST /session/25c011aa293abf97c7913f308519c6b0/element/f.A224BA6FA6224D464A8F44AD5BF2EA9F.d.0DD4D1776C62BA672D7D7A2E60FA52C9.e.4547/click - {}
RESULT: {}
COMMAND: GET /session/25c011aa293abf97c7913f308519c6b0/screenshot - {}
RESULT: {}
COMMAND: POST /session/25c011aa293abf97c7913f308519c6b0/execute/async - {"script":"<script> [1562 bytes]","args":[{"selector":{"id":"application-managehandovers-display-component---AddNewHO--dueDate","interaction":{"idSuffix":"inner"}},"wdio_ui5_key":"applicationmanagehandovers-display-component---AddNewHO--dueDate"}]}
RESULT: {"script":"<script> [1562 bytes]","args":[{"selector":{"id":"application-managehandovers-display-component---AddNewHO--dueDate","interaction":{"idSuffix":"inner"}},"wdio_ui5_key":"applicationmanagehandovers-display-component---AddNewHO--dueDate"}]}
RESULT: undefined
COMMAND: POST /session/25c011aa293abf97c7913f308519c6b0/execute/async - {"script":"<script> [6424 bytes]","args":[{"element-6066-11e4-a52e-4f735466cecf":"f.A224BA6FA6224D464A8F44AD5BF2EA9F.d.0DD4D1776C62BA672D7D7A2E60FA52C9.e.4551"},"setValue",["6/13/25"]]}
RESULT: {"script":"<script> [6424 bytes]","args":[{"element-6066-11e4-a52e-4f735466cecf":"f.A224BA6FA6224D464A8F44AD5BF2EA9F.d.0DD4D1776C62BA672D7D7A2E60FA52C9.e.4551"},"setValue",["6/13/25"]]}
COMMAND: POST /session/25c011aa293abf97c7913f308519c6b0/element - {"using":"xpath","value":"//input[@id=\"generalSectionFrg--receiveYard-inner\"]"}
RESULT: {"using":"xpath","value":"//input[@id=\"generalSectionFrg--receiveYard-inner\"]"}
COMMAND: POST /session/25c011aa293abf97c7913f308519c6b0/element/f.A224BA6FA6224D464A8F44AD5BF2EA9F.d.0DD4D1776C62BA672D7D7A2E60FA52C9.e.4557/clear - {}
RESULT: {}
COMMAND: POST /session/25c011aa293abf97c7913f308519c6b0/element/f.A224BA6FA6224D464A8F44AD5BF2EA9F.d.0DD4D1776C62BA672D7D7A2E60FA52C9.e.4557/value - {"text":"244"}
COMMAND: GET /session/25c011aa293abf97c7913f308519c6b0/screenshot - {}
RESULT: {"text":"244"}
COMMAND: GET /session/25c011aa293abf97c7913f308519c6b0/screenshot - {}
RESULT: {}
RESULT: {}
COMMAND: POST /session/25c011aa293abf97c7913f308519c6b0/element - {"using":"xpath","value":"//li[.//span[contains(normalize-space(.), '244 -')]]"}
RESULT: {"using":"xpath","value":"//li[.//span[contains(normalize-space(.), '244 -')]]"}
COMMAND: POST /session/25c011aa293abf97c7913f308519c6b0/element/f.A224BA6FA6224D464A8F44AD5BF2EA9F.d.0DD4D1776C62BA672D7D7A2E60FA52C9.e.4573/click - {}
RESULT: {}
COMMAND: GET /session/25c011aa293abf97c7913f308519c6b0/screenshot - {}
RESULT: {}
COMMAND: POST /session/25c011aa293abf97c7913f308519c6b0/execute/async - {"script":"<script> [1562 bytes]","args":[{"selector":{"id":"application-managehandovers-display-component---AddNewHO--ObjectPageLayout-anchBar-application-managehandovers-display-component---AddNewHO--section4-anchor","interaction":{"idSuffix":"BDI-content"}},"wdio_ui5_key":"applicationmanagehandovers-display-component---AddNewHO--ObjectPageLayout-anchBar-application-managehandovers-display-component---AddNewHO--section4-anchor"}]}
RESULT: {"script":"<script> [1562 bytes]","args":[{"selector":{"id":"application-managehandovers-display-component---AddNewHO--ObjectPageLayout-anchBar-application-managehandovers-display-component---AddNewHO--section4-anchor","interaction":{"idSuffix":"BDI-content"}},"wdio_ui5_key":"applicationmanagehandovers-display-component---AddNewHO--ObjectPageLayout-anchBar-application-managehandovers-display-component---AddNewHO--section4-anchor"}]}
RESULT: undefined
COMMAND: POST /session/25c011aa293abf97c7913f308519c6b0/element - {"using":"xpath","value":"//*[@id=\"application-managehandovers-display-component---AddNewHO--ObjectPageLayout-anchBar-application-managehandovers-display-component---AddNewHO--section4-anchor\"]"}
RESULT: {"using":"xpath","value":"//*[@id=\"application-managehandovers-display-component---AddNewHO--ObjectPageLayout-anchBar-application-managehandovers-display-component---AddNewHO--section4-anchor\"]"}
COMMAND: POST /session/25c011aa293abf97c7913f308519c6b0/element/f.A224BA6FA6224D464A8F44AD5BF2EA9F.d.0DD4D1776C62BA672D7D7A2E60FA52C9.e.4575/click - {}
RESULT: {}
COMMAND: GET /session/25c011aa293abf97c7913f308519c6b0/screenshot - {}
RESULT: {}
COMMAND: POST /session/25c011aa293abf97c7913f308519c6b0/element - {"using":"xpath","value":"//button[@aria-label=\"Add\"]"}
RESULT: {"using":"xpath","value":"//button[@aria-label=\"Add\"]"}
COMMAND: POST /session/25c011aa293abf97c7913f308519c6b0/element/f.A224BA6FA6224D464A8F44AD5BF2EA9F.d.0DD4D1776C62BA672D7D7A2E60FA52C9.e.4579/click - {}
RESULT: {}
COMMAND: GET /session/25c011aa293abf97c7913f308519c6b0/screenshot - {}
RESULT: {}
COMMAND: POST /session/25c011aa293abf97c7913f308519c6b0/execute/async - {"script":"<script> [1562 bytes]","args":[{"selector":{"id":"application-managehandovers-display-component---AddNewHO--smartFilterBar-btnBasicSearch","searchOpenDialogs":true,"interaction":{"idSuffix":"I"}},"wdio_ui5_key":"applicationmanagehandovers-display-component---AddNewHO--smartFilterBar-btnBasicSearch"}]}
RESULT: {"script":"<script> [1562 bytes]","args":[{"selector":{"id":"application-managehandovers-display-component---AddNewHO--smartFilterBar-btnBasicSearch","searchOpenDialogs":true,"interaction":{"idSuffix":"I"}},"wdio_ui5_key":"applicationmanagehandovers-display-component---AddNewHO--smartFilterBar-btnBasicSearch"}]}
RESULT: undefined
COMMAND: POST /session/25c011aa293abf97c7913f308519c6b0/execute/async - {"script":"<script> [776 bytes]","args":[{"enterText":"OKsjyRHHH5","selector":{"id":"application-managehandovers-display-component---AddNewHO--smartFilterBar-btnBasicSearch","searchOpenDialogs":true,"interaction":{"idSuffix":"I"}},"clearTextFirst":true,"interactionType":"ENTER_TEXT"}]}
RESULT: {"script":"<script> [776 bytes]","args":[{"enterText":"OKsjyRHHH5","selector":{"id":"application-managehandovers-display-component---AddNewHO--smartFilterBar-btnBasicSearch","searchOpenDialogs":true,"interaction":{"idSuffix":"I"}},"clearTextFirst":true,"interactionType":"ENTER_TEXT"}]}
COMMAND: POST /session/25c011aa293abf97c7913f308519c6b0/actions - {"actions":[{"id":"action19","type":"key","parameters":{},"actions":[{"type":"keyDown","value":""},{"type":"pause","duration":10},{"type":"keyUp","value":""}]}]}
RESULT: {"actions":[{"id":"action19","type":"key","parameters":{},"actions":[{"type":"keyDown","value":""},{"type":"pause","duration":10},{"type":"keyUp","value":""}]}]}
COMMAND: GET /session/25c011aa293abf97c7913f308519c6b0/screenshot - {}
RESULT: {}
COMMAND: POST /session/25c011aa293abf97c7913f308519c6b0/execute/async - {"script":"<script> [1562 bytes]","args":[{"selector":{"id":"application-managehandovers-display-component---AddNewHO--popup-sa","searchOpenDialogs":true,"interaction":{"idSuffix":"CbBg"}},"wdio_ui5_key":"applicationmanagehandovers-display-component---AddNewHO--popup-sa"}]}
RESULT: {"script":"<script> [1562 bytes]","args":[{"selector":{"id":"application-managehandovers-display-component---AddNewHO--popup-sa","searchOpenDialogs":true,"interaction":{"idSuffix":"CbBg"}},"wdio_ui5_key":"applicationmanagehandovers-display-component---AddNewHO--popup-sa"}]}
RESULT: undefined
COMMAND: POST /session/25c011aa293abf97c7913f308519c6b0/element - {"using":"xpath","value":"//*[@id=\"application-managehandovers-display-component---AddNewHO--popup-sa\"]"}
RESULT: {"using":"xpath","value":"//*[@id=\"application-managehandovers-display-component---AddNewHO--popup-sa\"]"}
COMMAND: POST /session/25c011aa293abf97c7913f308519c6b0/element/f.A224BA6FA6224D464A8F44AD5BF2EA9F.d.0DD4D1776C62BA672D7D7A2E60FA52C9.e.4731/click - {}
RESULT: {}
COMMAND: GET /session/25c011aa293abf97c7913f308519c6b0/screenshot - {}
RESULT: {}
COMMAND: POST /session/25c011aa293abf97c7913f308519c6b0/element - {"using":"xpath","value":"//bdi[contains(text(), \"Select\")]"}
RESULT: {"using":"xpath","value":"//bdi[contains(text(), \"Select\")]"}
COMMAND: POST /session/25c011aa293abf97c7913f308519c6b0/element/f.A224BA6FA6224D464A8F44AD5BF2EA9F.d.0DD4D1776C62BA672D7D7A2E60FA52C9.e.4732/click - {}
RESULT: {}
COMMAND: GET /session/25c011aa293abf97c7913f308519c6b0/screenshot - {}
RESULT: {}
COMMAND: POST /session/25c011aa293abf97c7913f308519c6b0/element - {"using":"xpath","value":"//button[@data-kt=\"AddNewHOSaveButton\"]"}
RESULT: {"using":"xpath","value":"//button[@data-kt=\"AddNewHOSaveButton\"]"}
COMMAND: POST /session/25c011aa293abf97c7913f308519c6b0/element/f.A224BA6FA6224D464A8F44AD5BF2EA9F.d.0DD4D1776C62BA672D7D7A2E60FA52C9.e.4736/click - {}
RESULT: {}
COMMAND: GET /session/25c011aa293abf97c7913f308519c6b0/screenshot - {}
RESULT: {}
COMMAND: POST /session/25c011aa293abf97c7913f308519c6b0/execute/async - {"script":"<script> [1562 bytes]","args":[{"selector":{"id":"receiptDatePicker","viewName":"etm.portal.ui.managehandovers.view.DetailExecuteHO","interaction":{"idSuffix":"inner"}},"wdio_ui5_key":"receiptDatePickeretmportal.ui.managehandovers.view.DetailExecuteHO"}]}
RESULT: {"script":"<script> [1562 bytes]","args":[{"selector":{"id":"receiptDatePicker","viewName":"etm.portal.ui.managehandovers.view.DetailExecuteHO","interaction":{"idSuffix":"inner"}},"wdio_ui5_key":"receiptDatePickeretmportal.ui.managehandovers.view.DetailExecuteHO"}]}
RESULT: undefined
COMMAND: POST /session/25c011aa293abf97c7913f308519c6b0/execute/async - {"script":"<script> [6424 bytes]","args":[{"element-6066-11e4-a52e-4f735466cecf":"f.A224BA6FA6224D464A8F44AD5BF2EA9F.d.0DD4D1776C62BA672D7D7A2E60FA52C9.e.4764"},"setValue",["6/13/25"]]}
RESULT: {"script":"<script> [6424 bytes]","args":[{"element-6066-11e4-a52e-4f735466cecf":"f.A224BA6FA6224D464A8F44AD5BF2EA9F.d.0DD4D1776C62BA672D7D7A2E60FA52C9.e.4764"},"setValue",["6/13/25"]]}
COMMAND: POST /session/25c011aa293abf97c7913f308519c6b0/element - {"using":"xpath","value":"//button[@data-kt=\"ReceivingTableConfirmAllButton\"]"}
RESULT: {"using":"xpath","value":"//button[@data-kt=\"ReceivingTableConfirmAllButton\"]"}
COMMAND: POST /session/25c011aa293abf97c7913f308519c6b0/element/f.A224BA6FA6224D464A8F44AD5BF2EA9F.d.0DD4D1776C62BA672D7D7A2E60FA52C9.e.4778/click - {}
RESULT: {}
COMMAND: GET /session/25c011aa293abf97c7913f308519c6b0/screenshot - {}
RESULT: {}
COMMAND: POST /session/25c011aa293abf97c7913f308519c6b0/element - {"using":"xpath","value":"//bdi[contains(text(), \"OK\")]"}
RESULT: {"using":"xpath","value":"//bdi[contains(text(), \"OK\")]"}
COMMAND: POST /session/25c011aa293abf97c7913f308519c6b0/element/f.A224BA6FA6224D464A8F44AD5BF2EA9F.d.0DD4D1776C62BA672D7D7A2E60FA52C9.e.4780/click - {}
RESULT: {}
COMMAND: GET /session/25c011aa293abf97c7913f308519c6b0/screenshot - {}
RESULT: {}
COMMAND: POST /session/25c011aa293abf97c7913f308519c6b0/element - {"using":"xpath","value":"(//bdi[contains(text(), \"Receive\")])[2]"}
RESULT: {"using":"xpath","value":"(//bdi[contains(text(), \"Receive\")])[2]"}
COMMAND: POST /session/25c011aa293abf97c7913f308519c6b0/element/f.A224BA6FA6224D464A8F44AD5BF2EA9F.d.0DD4D1776C62BA672D7D7A2E60FA52C9.e.4782/click - {}
RESULT: {}
COMMAND: GET /session/25c011aa293abf97c7913f308519c6b0/screenshot - {}
RESULT: {}
COMMAND: POST /session/25c011aa293abf97c7913f308519c6b0/element - {"using":"css selector","value":"#shell-header-logo"}
RESULT: {"using":"css selector","value":"#shell-header-logo"}
COMMAND: POST /session/25c011aa293abf97c7913f308519c6b0/element/f.A224BA6FA6224D464A8F44AD5BF2EA9F.d.0DD4D1776C62BA672D7D7A2E60FA52C9.e.4170/click - {}
RESULT: {}
COMMAND: GET /session/25c011aa293abf97c7913f308519c6b0/screenshot - {}
RESULT: {}
]]></system-out>
    </testcase>
    <testcase classname="chrome.137_0_7151_69.windows.Billing_confirm_US117289" name="Should create a new contract" time="67.739">
      <system-out><![CDATA[
COMMAND: POST /session/25c011aa293abf97c7913f308519c6b0/execute/async - {"script":"<script> [1562 bytes]","args":[{"selector":{"controlType":"sap.m.GenericTile","properties":{"header":"Manage Contracts"}},"wdio_ui5_key":"sapm.GenericTile{\"header\":\"Manage Contracts\"}"}]}
RESULT: {"script":"<script> [1562 bytes]","args":[{"selector":{"controlType":"sap.m.GenericTile","properties":{"header":"Manage Contracts"}},"wdio_ui5_key":"sapm.GenericTile{\"header\":\"Manage Contracts\"}"}]}
RESULT: undefined
COMMAND: POST /session/25c011aa293abf97c7913f308519c6b0/element - {"using":"xpath","value":"//*[@id=\"__tile132\"]"}
RESULT: {"using":"xpath","value":"//*[@id=\"__tile132\"]"}
COMMAND: POST /session/25c011aa293abf97c7913f308519c6b0/element/f.A224BA6FA6224D464A8F44AD5BF2EA9F.d.0DD4D1776C62BA672D7D7A2E60FA52C9.e.2740/click - {}
RESULT: {}
COMMAND: GET /session/25c011aa293abf97c7913f308519c6b0/screenshot - {}
RESULT: {}
COMMAND: POST /session/25c011aa293abf97c7913f308519c6b0/elements - {"using":"xpath","value":"//span[text()='Error']"}
RESULT: {"using":"xpath","value":"//span[text()='Error']"}
COMMAND: POST /session/25c011aa293abf97c7913f308519c6b0/element - {"using":"xpath","value":"//button[@data-kt=\"addButton\"]"}
RESULT: {"using":"xpath","value":"//button[@data-kt=\"addButton\"]"}
COMMAND: POST /session/25c011aa293abf97c7913f308519c6b0/elements - {"using":"xpath","value":"//button[@data-kt=\"addButton\"]"}
RESULT: {"using":"xpath","value":"//button[@data-kt=\"addButton\"]"}
COMMAND: POST /session/25c011aa293abf97c7913f308519c6b0/execute/sync - {"script":"<script> [8489 bytes]","args":[{"element-6066-11e4-a52e-4f735466cecf":"f.A224BA6FA6224D464A8F44AD5BF2EA9F.d.0DD4D1776C62BA672D7D7A2E60FA52C9.e.4999","ELEMENT":"f.A224BA6FA6224D464A8F44AD5BF2EA9F.d.0DD4D1776C62BA672D7D7A2E60FA52C9.e.4999"}]}
RESULT: {"script":"<script> [8489 bytes]","args":[{"element-6066-11e4-a52e-4f735466cecf":"f.A224BA6FA6224D464A8F44AD5BF2EA9F.d.0DD4D1776C62BA672D7D7A2E60FA52C9.e.4999","ELEMENT":"f.A224BA6FA6224D464A8F44AD5BF2EA9F.d.0DD4D1776C62BA672D7D7A2E60FA52C9.e.4999"}]}
COMMAND: GET /session/25c011aa293abf97c7913f308519c6b0/element/f.A224BA6FA6224D464A8F44AD5BF2EA9F.d.0DD4D1776C62BA672D7D7A2E60FA52C9.e.4999/enabled - {}
COMMAND: GET /session/25c011aa293abf97c7913f308519c6b0/screenshot - {}
RESULT: {}
COMMAND: POST /session/25c011aa293abf97c7913f308519c6b0/execute/sync - {"script":"<script> [8489 bytes]","args":[{"element-6066-11e4-a52e-4f735466cecf":"f.A224BA6FA6224D464A8F44AD5BF2EA9F.d.0DD4D1776C62BA672D7D7A2E60FA52C9.e.4999","ELEMENT":"f.A224BA6FA6224D464A8F44AD5BF2EA9F.d.0DD4D1776C62BA672D7D7A2E60FA52C9.e.4999"}]}
COMMAND: GET /session/25c011aa293abf97c7913f308519c6b0/screenshot - {}
RESULT: {}
RESULT: {"script":"<script> [8489 bytes]","args":[{"element-6066-11e4-a52e-4f735466cecf":"f.A224BA6FA6224D464A8F44AD5BF2EA9F.d.0DD4D1776C62BA672D7D7A2E60FA52C9.e.4999","ELEMENT":"f.A224BA6FA6224D464A8F44AD5BF2EA9F.d.0DD4D1776C62BA672D7D7A2E60FA52C9.e.4999"}]}
COMMAND: POST /session/25c011aa293abf97c7913f308519c6b0/execute/sync - {"script":"<script> [5351 bytes]","args":[{"element-6066-11e4-a52e-4f735466cecf":"f.A224BA6FA6224D464A8F44AD5BF2EA9F.d.0DD4D1776C62BA672D7D7A2E60FA52C9.e.4999","ELEMENT":"f.A224BA6FA6224D464A8F44AD5BF2EA9F.d.0DD4D1776C62BA672D7D7A2E60FA52C9.e.4999"}]}
COMMAND: GET /session/25c011aa293abf97c7913f308519c6b0/screenshot - {}
RESULT: {}
RESULT: {"script":"<script> [5351 bytes]","args":[{"element-6066-11e4-a52e-4f735466cecf":"f.A224BA6FA6224D464A8F44AD5BF2EA9F.d.0DD4D1776C62BA672D7D7A2E60FA52C9.e.4999","ELEMENT":"f.A224BA6FA6224D464A8F44AD5BF2EA9F.d.0DD4D1776C62BA672D7D7A2E60FA52C9.e.4999"}]}
COMMAND: GET /session/25c011aa293abf97c7913f308519c6b0/screenshot - {}
RESULT: {}
RESULT: {}
COMMAND: POST /session/25c011aa293abf97c7913f308519c6b0/element/f.A224BA6FA6224D464A8F44AD5BF2EA9F.d.0DD4D1776C62BA672D7D7A2E60FA52C9.e.4999/click - {}
RESULT: {}
COMMAND: GET /session/25c011aa293abf97c7913f308519c6b0/screenshot - {}
RESULT: {}
COMMAND: POST /session/25c011aa293abf97c7913f308519c6b0/execute/async - {"script":"<script> [1562 bytes]","args":[{"selector":{"id":"application-managecontracts-display-component---AddNewContract--projectDescription","interaction":{"idSuffix":"inner"}},"wdio_ui5_key":"applicationmanagecontracts-display-component---AddNewContract--projectDescription"}]}
RESULT: {"script":"<script> [1562 bytes]","args":[{"selector":{"id":"application-managecontracts-display-component---AddNewContract--projectDescription","interaction":{"idSuffix":"inner"}},"wdio_ui5_key":"applicationmanagecontracts-display-component---AddNewContract--projectDescription"}]}
RESULT: undefined
COMMAND: POST /session/25c011aa293abf97c7913f308519c6b0/execute/async - {"script":"<script> [776 bytes]","args":[{"enterText":"Contract WDIO","selector":{"id":"application-managecontracts-display-component---AddNewContract--projectDescription","interaction":{"idSuffix":"inner"}},"clearTextFirst":true,"interactionType":"ENTER_TEXT"}]}
RESULT: {"script":"<script> [776 bytes]","args":[{"enterText":"Contract WDIO","selector":{"id":"application-managecontracts-display-component---AddNewContract--projectDescription","interaction":{"idSuffix":"inner"}},"clearTextFirst":true,"interactionType":"ENTER_TEXT"}]}
COMMAND: POST /session/25c011aa293abf97c7913f308519c6b0/element - {"using":"xpath","value":"//input[@id=\"application-managecontracts-display-component---AddNewContract--site-inner\"]"}
RESULT: {"using":"xpath","value":"//input[@id=\"application-managecontracts-display-component---AddNewContract--site-inner\"]"}
COMMAND: POST /session/25c011aa293abf97c7913f308519c6b0/element/f.A224BA6FA6224D464A8F44AD5BF2EA9F.d.0DD4D1776C62BA672D7D7A2E60FA52C9.e.5319/clear - {}
RESULT: {}
COMMAND: POST /session/25c011aa293abf97c7913f308519c6b0/element/f.A224BA6FA6224D464A8F44AD5BF2EA9F.d.0DD4D1776C62BA672D7D7A2E60FA52C9.e.5319/value - {"text":"2090"}
COMMAND: GET /session/25c011aa293abf97c7913f308519c6b0/screenshot - {}
RESULT: {"text":"2090"}
COMMAND: GET /session/25c011aa293abf97c7913f308519c6b0/screenshot - {}
RESULT: {}
RESULT: {}
COMMAND: POST /session/25c011aa293abf97c7913f308519c6b0/element - {"using":"xpath","value":"//li[.//span[text()='2090']]"}
RESULT: {"using":"xpath","value":"//li[.//span[text()='2090']]"}
COMMAND: POST /session/25c011aa293abf97c7913f308519c6b0/element/f.A224BA6FA6224D464A8F44AD5BF2EA9F.d.0DD4D1776C62BA672D7D7A2E60FA52C9.e.5402/click - {}
RESULT: {}
COMMAND: GET /session/25c011aa293abf97c7913f308519c6b0/screenshot - {}
RESULT: {}
COMMAND: POST /session/25c011aa293abf97c7913f308519c6b0/element - {"using":"xpath","value":"//input[@id=\"application-managecontracts-display-component---AddNewContract--yardId-inner\"]"}
RESULT: {"using":"xpath","value":"//input[@id=\"application-managecontracts-display-component---AddNewContract--yardId-inner\"]"}
COMMAND: GET /session/25c011aa293abf97c7913f308519c6b0/element/f.A224BA6FA6224D464A8F44AD5BF2EA9F.d.0DD4D1776C62BA672D7D7A2E60FA52C9.e.5320/property/value - {}
RESULT: {}
COMMAND: POST /session/25c011aa293abf97c7913f308519c6b0/element - {"using":"xpath","value":"//input[@id=\"application-managecontracts-display-component---AddNewContract--customerSelect-inner\"]"}
COMMAND: GET /session/25c011aa293abf97c7913f308519c6b0/screenshot - {}
RESULT: {"using":"xpath","value":"//input[@id=\"application-managecontracts-display-component---AddNewContract--customerSelect-inner\"]"}
COMMAND: POST /session/25c011aa293abf97c7913f308519c6b0/element/f.A224BA6FA6224D464A8F44AD5BF2EA9F.d.0DD4D1776C62BA672D7D7A2E60FA52C9.e.5318/clear - {}
RESULT: {}
RESULT: {}
COMMAND: POST /session/25c011aa293abf97c7913f308519c6b0/element/f.A224BA6FA6224D464A8F44AD5BF2EA9F.d.0DD4D1776C62BA672D7D7A2E60FA52C9.e.5318/value - {"text":"1095"}
COMMAND: GET /session/25c011aa293abf97c7913f308519c6b0/screenshot - {}
RESULT: {"text":"1095"}
COMMAND: GET /session/25c011aa293abf97c7913f308519c6b0/screenshot - {}
RESULT: {}
RESULT: {}
COMMAND: POST /session/25c011aa293abf97c7913f308519c6b0/element - {"using":"xpath","value":"//li[.//span[text()='1095']]"}
RESULT: {"using":"xpath","value":"//li[.//span[text()='1095']]"}
COMMAND: POST /session/25c011aa293abf97c7913f308519c6b0/element/f.A224BA6FA6224D464A8F44AD5BF2EA9F.d.0DD4D1776C62BA672D7D7A2E60FA52C9.e.5405/click - {}
RESULT: {}
COMMAND: GET /session/25c011aa293abf97c7913f308519c6b0/screenshot - {}
RESULT: {}
COMMAND: POST /session/25c011aa293abf97c7913f308519c6b0/element - {"using":"xpath","value":"//button[@data-kt=\"saveButton\"]"}
RESULT: {"using":"xpath","value":"//button[@data-kt=\"saveButton\"]"}
COMMAND: POST /session/25c011aa293abf97c7913f308519c6b0/element/f.A224BA6FA6224D464A8F44AD5BF2EA9F.d.0DD4D1776C62BA672D7D7A2E60FA52C9.e.5395/click - {}
RESULT: {}
COMMAND: GET /session/25c011aa293abf97c7913f308519c6b0/screenshot - {}
RESULT: {}
COMMAND: POST /session/25c011aa293abf97c7913f308519c6b0/element - {"using":"xpath","value":"//span[contains(@id ,\"contractDetailTitleNoExpanded\")]"}
RESULT: {"using":"xpath","value":"//span[contains(@id ,\"contractDetailTitleNoExpanded\")]"}
COMMAND: POST /session/25c011aa293abf97c7913f308519c6b0/elements - {"using":"xpath","value":"//span[contains(@id ,\"contractDetailTitleNoExpanded\")]"}
RESULT: {"using":"xpath","value":"//span[contains(@id ,\"contractDetailTitleNoExpanded\")]"}
COMMAND: POST /session/25c011aa293abf97c7913f308519c6b0/execute/sync - {"script":"<script> [56 bytes]","args":[{"element-6066-11e4-a52e-4f735466cecf":"f.A224BA6FA6224D464A8F44AD5BF2EA9F.d.0DD4D1776C62BA672D7D7A2E60FA52C9.e.5415","ELEMENT":"f.A224BA6FA6224D464A8F44AD5BF2EA9F.d.0DD4D1776C62BA672D7D7A2E60FA52C9.e.5415"}]}
RESULT: {"script":"<script> [56 bytes]","args":[{"element-6066-11e4-a52e-4f735466cecf":"f.A224BA6FA6224D464A8F44AD5BF2EA9F.d.0DD4D1776C62BA672D7D7A2E60FA52C9.e.5415","ELEMENT":"f.A224BA6FA6224D464A8F44AD5BF2EA9F.d.0DD4D1776C62BA672D7D7A2E60FA52C9.e.5415"}]}
COMMAND: GET /session/25c011aa293abf97c7913f308519c6b0/screenshot - {}
RESULT: {}
]]></system-out>
    </testcase>
    <testcase classname="chrome.137_0_7151_69.windows.Billing_confirm_US117289" name="Should add created equipment to contract" time="49.936">
      <system-out><![CDATA[
COMMAND: POST /session/25c011aa293abf97c7913f308519c6b0/element - {"using":"xpath","value":"//button[@data-kt=\"contractDetailEditBtnButton\"]"}
RESULT: {"using":"xpath","value":"//button[@data-kt=\"contractDetailEditBtnButton\"]"}
COMMAND: POST /session/25c011aa293abf97c7913f308519c6b0/element/f.A224BA6FA6224D464A8F44AD5BF2EA9F.d.0DD4D1776C62BA672D7D7A2E60FA52C9.e.5418/click - {}
RESULT: {}
COMMAND: GET /session/25c011aa293abf97c7913f308519c6b0/screenshot - {}
RESULT: {}
COMMAND: POST /session/25c011aa293abf97c7913f308519c6b0/element - {"using":"xpath","value":"(//span[contains(text(), \"Additional Addresses\")])[2]"}
RESULT: {"using":"xpath","value":"(//span[contains(text(), \"Additional Addresses\")])[2]"}
COMMAND: POST /session/25c011aa293abf97c7913f308519c6b0/element/f.A224BA6FA6224D464A8F44AD5BF2EA9F.d.0DD4D1776C62BA672D7D7A2E60FA52C9.e.5474/click - {}
RESULT: {}
COMMAND: GET /session/25c011aa293abf97c7913f308519c6b0/screenshot - {}
RESULT: {}
COMMAND: POST /session/25c011aa293abf97c7913f308519c6b0/element - {"using":"xpath","value":"//button[@data-kt=\"btnAddTableRowOverflowToolbarButton\"]"}
RESULT: {"using":"xpath","value":"//button[@data-kt=\"btnAddTableRowOverflowToolbarButton\"]"}
COMMAND: POST /session/25c011aa293abf97c7913f308519c6b0/element/f.A224BA6FA6224D464A8F44AD5BF2EA9F.d.0DD4D1776C62BA672D7D7A2E60FA52C9.e.5476/click - {}
RESULT: {}
COMMAND: GET /session/25c011aa293abf97c7913f308519c6b0/screenshot - {}
RESULT: {}
COMMAND: POST /session/25c011aa293abf97c7913f308519c6b0/element - {"using":"xpath","value":"//div[(text() = 'Standard Entry' or . = 'Standard Entry')]"}
RESULT: {"using":"xpath","value":"//div[(text() = 'Standard Entry' or . = 'Standard Entry')]"}
COMMAND: POST /session/25c011aa293abf97c7913f308519c6b0/element/f.A224BA6FA6224D464A8F44AD5BF2EA9F.d.0DD4D1776C62BA672D7D7A2E60FA52C9.e.5478/click - {}
RESULT: {}
COMMAND: GET /session/25c011aa293abf97c7913f308519c6b0/screenshot - {}
RESULT: {}
COMMAND: POST /session/25c011aa293abf97c7913f308519c6b0/element - {"using":"xpath","value":"//td[7]/div/div/input"}
RESULT: {"using":"xpath","value":"//td[7]/div/div/input"}
COMMAND: POST /session/25c011aa293abf97c7913f308519c6b0/element/f.A224BA6FA6224D464A8F44AD5BF2EA9F.d.0DD4D1776C62BA672D7D7A2E60FA52C9.e.5487/clear - {}
RESULT: {}
COMMAND: POST /session/25c011aa293abf97c7913f308519c6b0/element/f.A224BA6FA6224D464A8F44AD5BF2EA9F.d.0DD4D1776C62BA672D7D7A2E60FA52C9.e.5487/value - {"text":"OKsjyRHHH5"}
COMMAND: GET /session/25c011aa293abf97c7913f308519c6b0/screenshot - {}
RESULT: {"text":"OKsjyRHHH5"}
COMMAND: GET /session/25c011aa293abf97c7913f308519c6b0/screenshot - {}
RESULT: {}
RESULT: {}
COMMAND: POST /session/25c011aa293abf97c7913f308519c6b0/actions - {"actions":[{"id":"action20","type":"key","parameters":{},"actions":[{"type":"keyDown","value":""},{"type":"pause","duration":10},{"type":"keyUp","value":""}]}]}
RESULT: {"actions":[{"id":"action20","type":"key","parameters":{},"actions":[{"type":"keyDown","value":""},{"type":"pause","duration":10},{"type":"keyUp","value":""}]}]}
COMMAND: GET /session/25c011aa293abf97c7913f308519c6b0/screenshot - {}
RESULT: {}
COMMAND: POST /session/25c011aa293abf97c7913f308519c6b0/execute/sync - {"script":"<script> [276 bytes]","args":["No pricing information was found"]}
RESULT: {"script":"<script> [276 bytes]","args":["No pricing information was found"]}
COMMAND: POST /session/25c011aa293abf97c7913f308519c6b0/element - {"using":"xpath","value":"(//button[@data-kt=\"saveButton\"])[2]"}
COMMAND: GET /session/25c011aa293abf97c7913f308519c6b0/screenshot - {}
RESULT: {"using":"xpath","value":"(//button[@data-kt=\"saveButton\"])[2]"}
COMMAND: POST /session/25c011aa293abf97c7913f308519c6b0/element/f.A224BA6FA6224D464A8F44AD5BF2EA9F.d.0DD4D1776C62BA672D7D7A2E60FA52C9.e.5502/click - {}
RESULT: {}
RESULT: {}
COMMAND: GET /session/25c011aa293abf97c7913f308519c6b0/screenshot - {}
RESULT: {}
COMMAND: POST /session/25c011aa293abf97c7913f308519c6b0/execute/sync - {"script":"<script> [276 bytes]","args":["Some contract items are having rental validity exceeding header rental validity"]}
RESULT: {"script":"<script> [276 bytes]","args":["Some contract items are having rental validity exceeding header rental validity"]}
COMMAND: GET /session/25c011aa293abf97c7913f308519c6b0/screenshot - {}
RESULT: {}
COMMAND: POST /session/25c011aa293abf97c7913f308519c6b0/element - {"using":"xpath","value":"//span[contains(@id ,\"contractItemsSmartTable-header-inner\")]"}
RESULT: {"using":"xpath","value":"//span[contains(@id ,\"contractItemsSmartTable-header-inner\")]"}
COMMAND: POST /session/25c011aa293abf97c7913f308519c6b0/elements - {"using":"xpath","value":"//span[contains(@id ,\"contractItemsSmartTable-header-inner\")]"}
RESULT: {"using":"xpath","value":"//span[contains(@id ,\"contractItemsSmartTable-header-inner\")]"}
COMMAND: POST /session/25c011aa293abf97c7913f308519c6b0/execute/sync - {"script":"<script> [56 bytes]","args":[{"element-6066-11e4-a52e-4f735466cecf":"f.A224BA6FA6224D464A8F44AD5BF2EA9F.d.0DD4D1776C62BA672D7D7A2E60FA52C9.e.5508","ELEMENT":"f.A224BA6FA6224D464A8F44AD5BF2EA9F.d.0DD4D1776C62BA672D7D7A2E60FA52C9.e.5508"}]}
RESULT: {"script":"<script> [56 bytes]","args":[{"element-6066-11e4-a52e-4f735466cecf":"f.A224BA6FA6224D464A8F44AD5BF2EA9F.d.0DD4D1776C62BA672D7D7A2E60FA52C9.e.5508","ELEMENT":"f.A224BA6FA6224D464A8F44AD5BF2EA9F.d.0DD4D1776C62BA672D7D7A2E60FA52C9.e.5508"}]}
]]></system-out>
    </testcase>
    <testcase classname="chrome.137_0_7151_69.windows.Billing_confirm_US117289" name="Should do a provide to site handover" time="63.888">
      <system-out><![CDATA[
COMMAND: GET /session/25c011aa293abf97c7913f308519c6b0/screenshot - {}
COMMAND: POST /session/25c011aa293abf97c7913f308519c6b0/element - {"using":"xpath","value":"//button[@data-kt=\"provideButton\"]"}
RESULT: {}
RESULT: {"using":"xpath","value":"//button[@data-kt=\"provideButton\"]"}
COMMAND: POST /session/25c011aa293abf97c7913f308519c6b0/element/f.A224BA6FA6224D464A8F44AD5BF2EA9F.d.0DD4D1776C62BA672D7D7A2E60FA52C9.e.5509/click - {}
RESULT: {}
COMMAND: GET /session/25c011aa293abf97c7913f308519c6b0/screenshot - {}
RESULT: {}
RESULT: undefined
COMMAND: POST /session/25c011aa293abf97c7913f308519c6b0/execute/async - {"script":"<script> [6424 bytes]","args":[{"element-6066-11e4-a52e-4f735466cecf":"f.A224BA6FA6224D464A8F44AD5BF2EA9F.d.0DD4D1776C62BA672D7D7A2E60FA52C9.e.4551"},"setValue",["6/13/25"]]}
COMMAND: POST /session/25c011aa293abf97c7913f308519c6b0/execute/async - {"script":"<script> [1562 bytes]","args":[{"selector":{"id":"application-managehandovers-display-component---AddNewHO--dueDate","interaction":{"idSuffix":"inner"}},"wdio_ui5_key":"applicationmanagehandovers-display-component---AddNewHO--dueDate"}]}
RESULT: {"script":"<script> [1562 bytes]","args":[{"selector":{"id":"application-managehandovers-display-component---AddNewHO--dueDate","interaction":{"idSuffix":"inner"}},"wdio_ui5_key":"applicationmanagehandovers-display-component---AddNewHO--dueDate"}]}
COMMAND: POST /session/25c011aa293abf97c7913f308519c6b0/execute/async - {"script":"<script> [6424 bytes]","args":[{"element-6066-11e4-a52e-4f735466cecf":"f.A224BA6FA6224D464A8F44AD5BF2EA9F.d.0DD4D1776C62BA672D7D7A2E60FA52C9.e.5599"},"setValue",["6/13/25"]]}
RESULT: {"script":"<script> [6424 bytes]","args":[{"element-6066-11e4-a52e-4f735466cecf":"f.A224BA6FA6224D464A8F44AD5BF2EA9F.d.0DD4D1776C62BA672D7D7A2E60FA52C9.e.5599"},"setValue",["6/13/25"]]}
COMMAND: POST /session/25c011aa293abf97c7913f308519c6b0/element - {"using":"xpath","value":"//bdi[contains(text(), \"Instructions\")]"}
RESULT: {"using":"xpath","value":"//bdi[contains(text(), \"Instructions\")]"}
COMMAND: POST /session/25c011aa293abf97c7913f308519c6b0/element/f.A224BA6FA6224D464A8F44AD5BF2EA9F.d.0DD4D1776C62BA672D7D7A2E60FA52C9.e.5817/click - {}
RESULT: {}
COMMAND: GET /session/25c011aa293abf97c7913f308519c6b0/screenshot - {}
RESULT: {}
COMMAND: POST /session/25c011aa293abf97c7913f308519c6b0/element - {"using":"xpath","value":"//button[@data-kt=\"AddNewHOProvideAddItemsButton\"]"}
RESULT: {"using":"xpath","value":"//button[@data-kt=\"AddNewHOProvideAddItemsButton\"]"}
COMMAND: POST /session/25c011aa293abf97c7913f308519c6b0/element/f.A224BA6FA6224D464A8F44AD5BF2EA9F.d.0DD4D1776C62BA672D7D7A2E60FA52C9.e.5821/click - {}
RESULT: {}
COMMAND: GET /session/25c011aa293abf97c7913f308519c6b0/screenshot - {}
RESULT: {}
RESULT: undefined
COMMAND: POST /session/25c011aa293abf97c7913f308519c6b0/element - {"using":"xpath","value":"//*[@id=\"application-managehandovers-display-component---AddNewHO--popup-sa\"]"}
RESULT: {"using":"xpath","value":"//*[@id=\"application-managehandovers-display-component---AddNewHO--popup-sa\"]"}
COMMAND: POST /session/25c011aa293abf97c7913f308519c6b0/element/f.A224BA6FA6224D464A8F44AD5BF2EA9F.d.0DD4D1776C62BA672D7D7A2E60FA52C9.e.5831/click - {}
RESULT: {}
COMMAND: GET /session/25c011aa293abf97c7913f308519c6b0/screenshot - {}
RESULT: {}
COMMAND: POST /session/25c011aa293abf97c7913f308519c6b0/element - {"using":"xpath","value":"//*[contains(@id ,\"BDI-content\")][contains(text(), \"Select\")]"}
RESULT: {"using":"xpath","value":"//*[contains(@id ,\"BDI-content\")][contains(text(), \"Select\")]"}
COMMAND: POST /session/25c011aa293abf97c7913f308519c6b0/element/f.A224BA6FA6224D464A8F44AD5BF2EA9F.d.0DD4D1776C62BA672D7D7A2E60FA52C9.e.5833/click - {}
RESULT: {}
COMMAND: GET /session/25c011aa293abf97c7913f308519c6b0/screenshot - {}
RESULT: {}
COMMAND: POST /session/25c011aa293abf97c7913f308519c6b0/execute/async - {"script":"<script> [1562 bytes]","args":[{"selector":{"id":"application-managehandovers-display-component---AddNewHO--confirmCreationButton","interaction":{"idSuffix":"BDI-content"}},"wdio_ui5_key":"applicationmanagehandovers-display-component---AddNewHO--confirmCreationButton"}]}
RESULT: {"script":"<script> [1562 bytes]","args":[{"selector":{"id":"application-managehandovers-display-component---AddNewHO--confirmCreationButton","interaction":{"idSuffix":"BDI-content"}},"wdio_ui5_key":"applicationmanagehandovers-display-component---AddNewHO--confirmCreationButton"}]}
RESULT: undefined
COMMAND: POST /session/25c011aa293abf97c7913f308519c6b0/element - {"using":"xpath","value":"//*[@id=\"application-managehandovers-display-component---AddNewHO--confirmCreationButton\"]"}
RESULT: {"using":"xpath","value":"//*[@id=\"application-managehandovers-display-component---AddNewHO--confirmCreationButton\"]"}
COMMAND: POST /session/25c011aa293abf97c7913f308519c6b0/element/f.A224BA6FA6224D464A8F44AD5BF2EA9F.d.0DD4D1776C62BA672D7D7A2E60FA52C9.e.5646/click - {}
RESULT: {}
COMMAND: GET /session/25c011aa293abf97c7913f308519c6b0/screenshot - {}
RESULT: {}
COMMAND: POST /session/25c011aa293abf97c7913f308519c6b0/execute/async - {"script":"<script> [1562 bytes]","args":[{"selector":{"id":"issueDatePicker","viewName":"etm.portal.ui.managehandovers.view.DetailExecuteHO","interaction":{"idSuffix":"inner"}},"wdio_ui5_key":"issueDatePickeretmportal.ui.managehandovers.view.DetailExecuteHO"}]}
RESULT: {"script":"<script> [1562 bytes]","args":[{"selector":{"id":"issueDatePicker","viewName":"etm.portal.ui.managehandovers.view.DetailExecuteHO","interaction":{"idSuffix":"inner"}},"wdio_ui5_key":"issueDatePickeretmportal.ui.managehandovers.view.DetailExecuteHO"}]}
RESULT: undefined
COMMAND: POST /session/25c011aa293abf97c7913f308519c6b0/execute/async - {"script":"<script> [776 bytes]","args":[{"enterText":"6/13/25","selector":{"id":"issueDatePicker","viewName":"etm.portal.ui.managehandovers.view.DetailExecuteHO","interaction":{"idSuffix":"inner"}},"clearTextFirst":true,"interactionType":"ENTER_TEXT"}]}
RESULT: {"script":"<script> [776 bytes]","args":[{"enterText":"6/13/25","selector":{"id":"issueDatePicker","viewName":"etm.portal.ui.managehandovers.view.DetailExecuteHO","interaction":{"idSuffix":"inner"}},"clearTextFirst":true,"interactionType":"ENTER_TEXT"}]}
COMMAND: POST /session/25c011aa293abf97c7913f308519c6b0/element - {"using":"xpath","value":"//button[@data-kt=\"PickingTableConfirmAllButton\"]"}
RESULT: {"using":"xpath","value":"//button[@data-kt=\"PickingTableConfirmAllButton\"]"}
COMMAND: POST /session/25c011aa293abf97c7913f308519c6b0/element/f.A224BA6FA6224D464A8F44AD5BF2EA9F.d.0DD4D1776C62BA672D7D7A2E60FA52C9.e.5894/click - {}
RESULT: {}
COMMAND: GET /session/25c011aa293abf97c7913f308519c6b0/screenshot - {}
RESULT: {}
COMMAND: POST /session/25c011aa293abf97c7913f308519c6b0/element - {"using":"xpath","value":"//bdi[contains(text(), \"OK\")]"}
RESULT: {"using":"xpath","value":"//bdi[contains(text(), \"OK\")]"}
COMMAND: POST /session/25c011aa293abf97c7913f308519c6b0/element/f.A224BA6FA6224D464A8F44AD5BF2EA9F.d.0DD4D1776C62BA672D7D7A2E60FA52C9.e.5898/click - {}
RESULT: {}
COMMAND: GET /session/25c011aa293abf97c7913f308519c6b0/screenshot - {}
RESULT: {}
COMMAND: POST /session/25c011aa293abf97c7913f308519c6b0/element - {"using":"xpath","value":"//bdi[contains(text(), \"Issue\")]"}
RESULT: {"using":"xpath","value":"//bdi[contains(text(), \"Issue\")]"}
COMMAND: POST /session/25c011aa293abf97c7913f308519c6b0/element/f.A224BA6FA6224D464A8F44AD5BF2EA9F.d.0DD4D1776C62BA672D7D7A2E60FA52C9.e.5899/click - {}
RESULT: {}
COMMAND: GET /session/25c011aa293abf97c7913f308519c6b0/screenshot - {}
RESULT: {}
COMMAND: POST /session/25c011aa293abf97c7913f308519c6b0/element - {"using":"css selector","value":"#shell-header-logo"}
RESULT: {"using":"css selector","value":"#shell-header-logo"}
COMMAND: POST /session/25c011aa293abf97c7913f308519c6b0/element/f.A224BA6FA6224D464A8F44AD5BF2EA9F.d.0DD4D1776C62BA672D7D7A2E60FA52C9.e.4954/click - {}
RESULT: {}
COMMAND: GET /session/25c011aa293abf97c7913f308519c6b0/screenshot - {}
RESULT: {}
]]></system-out>
    </testcase>
    <testcase classname="chrome.137_0_7151_69.windows.Billing_confirm_US117289" name="Should trigger calculation" time="79.929">
      <system-out><![CDATA[
COMMAND: POST /session/25c011aa293abf97c7913f308519c6b0/execute/async - {"script":"<script> [1562 bytes]","args":[{"selector":{"controlType":"sap.m.GenericTile","properties":{"header":"Manage Billings"}},"wdio_ui5_key":"sapm.GenericTile{\"header\":\"Manage Billings\"}"}]}
RESULT: {"script":"<script> [1562 bytes]","args":[{"selector":{"controlType":"sap.m.GenericTile","properties":{"header":"Manage Billings"}},"wdio_ui5_key":"sapm.GenericTile{\"header\":\"Manage Billings\"}"}]}
RESULT: undefined
COMMAND: POST /session/25c011aa293abf97c7913f308519c6b0/element - {"using":"xpath","value":"//*[@id=\"__tile93\"]"}
RESULT: {"using":"xpath","value":"//*[@id=\"__tile93\"]"}
COMMAND: POST /session/25c011aa293abf97c7913f308519c6b0/element/f.A224BA6FA6224D464A8F44AD5BF2EA9F.d.0DD4D1776C62BA672D7D7A2E60FA52C9.e.2784/click - {}
RESULT: {}
COMMAND: GET /session/25c011aa293abf97c7913f308519c6b0/screenshot - {}
RESULT: {}
COMMAND: POST /session/25c011aa293abf97c7913f308519c6b0/elements - {"using":"xpath","value":"//span[text()='Error']"}
RESULT: {"using":"xpath","value":"//span[text()='Error']"}
COMMAND: POST /session/25c011aa293abf97c7913f308519c6b0/execute/async - {"script":"<script> [1562 bytes]","args":[{"selector":{"id":"application-managebillings-display-component---billRunCalcResult--smartFilterBar-btnBasicSearch","interaction":{"idSuffix":"I"}},"wdio_ui5_key":"applicationmanagebillings-display-component---billRunCalcResult--smartFilterBar-btnBasicSearch"}]}
RESULT: {"script":"<script> [1562 bytes]","args":[{"selector":{"id":"application-managebillings-display-component---billRunCalcResult--smartFilterBar-btnBasicSearch","interaction":{"idSuffix":"I"}},"wdio_ui5_key":"applicationmanagebillings-display-component---billRunCalcResult--smartFilterBar-btnBasicSearch"}]}
RESULT: undefined
COMMAND: POST /session/25c011aa293abf97c7913f308519c6b0/execute/async - {"script":"<script> [776 bytes]","args":[{"enterText":"10175","selector":{"id":"application-managebillings-display-component---billRunCalcResult--smartFilterBar-btnBasicSearch","interaction":{"idSuffix":"I"}},"clearTextFirst":true,"interactionType":"ENTER_TEXT"}]}
RESULT: {"script":"<script> [776 bytes]","args":[{"enterText":"10175","selector":{"id":"application-managebillings-display-component---billRunCalcResult--smartFilterBar-btnBasicSearch","interaction":{"idSuffix":"I"}},"clearTextFirst":true,"interactionType":"ENTER_TEXT"}]}
COMMAND: POST /session/25c011aa293abf97c7913f308519c6b0/actions - {"actions":[{"id":"action21","type":"key","parameters":{},"actions":[{"type":"keyDown","value":""},{"type":"pause","duration":10},{"type":"keyUp","value":""}]}]}
RESULT: {"actions":[{"id":"action21","type":"key","parameters":{},"actions":[{"type":"keyDown","value":""},{"type":"pause","duration":10},{"type":"keyUp","value":""}]}]}
COMMAND: GET /session/25c011aa293abf97c7913f308519c6b0/screenshot - {}
RESULT: {}
COMMAND: POST /session/25c011aa293abf97c7913f308519c6b0/element - {"using":"xpath","value":"//td[@aria-colindex=\"1\"]/div/div[contains(@class, \"sapMCbBg\")]"}
RESULT: {"using":"xpath","value":"//td[@aria-colindex=\"1\"]/div/div[contains(@class, \"sapMCbBg\")]"}
COMMAND: POST /session/25c011aa293abf97c7913f308519c6b0/element/f.A224BA6FA6224D464A8F44AD5BF2EA9F.d.0DD4D1776C62BA672D7D7A2E60FA52C9.e.6266/click - {}
RESULT: {}
COMMAND: GET /session/25c011aa293abf97c7913f308519c6b0/screenshot - {}
RESULT: {}
COMMAND: POST /session/25c011aa293abf97c7913f308519c6b0/execute/async - {"script":"<script> [1562 bytes]","args":[{"selector":{"id":"application-managebillings-display-component---billRunCalcResult--contractBillRunDate","interaction":{"idSuffix":"inner"}},"wdio_ui5_key":"applicationmanagebillings-display-component---billRunCalcResult--contractBillRunDate"}]}
RESULT: {"script":"<script> [1562 bytes]","args":[{"selector":{"id":"application-managebillings-display-component---billRunCalcResult--contractBillRunDate","interaction":{"idSuffix":"inner"}},"wdio_ui5_key":"applicationmanagebillings-display-component---billRunCalcResult--contractBillRunDate"}]}
RESULT: undefined
COMMAND: POST /session/25c011aa293abf97c7913f308519c6b0/execute/async - {"script":"<script> [776 bytes]","args":[{"enterText":"7/13/25","selector":{"id":"application-managebillings-display-component---billRunCalcResult--contractBillRunDate","interaction":{"idSuffix":"inner"}},"clearTextFirst":true,"interactionType":"ENTER_TEXT"}]}
RESULT: {"script":"<script> [776 bytes]","args":[{"enterText":"7/13/25","selector":{"id":"application-managebillings-display-component---billRunCalcResult--contractBillRunDate","interaction":{"idSuffix":"inner"}},"clearTextFirst":true,"interactionType":"ENTER_TEXT"}]}
COMMAND: POST /session/25c011aa293abf97c7913f308519c6b0/element - {"using":"xpath","value":"//bdi[contains(text(), \"Trigger Calculation\")]"}
RESULT: {"using":"xpath","value":"//bdi[contains(text(), \"Trigger Calculation\")]"}
COMMAND: POST /session/25c011aa293abf97c7913f308519c6b0/element/f.A224BA6FA6224D464A8F44AD5BF2EA9F.d.0DD4D1776C62BA672D7D7A2E60FA52C9.e.6286/click - {}
RESULT: {}
COMMAND: GET /session/25c011aa293abf97c7913f308519c6b0/screenshot - {}
RESULT: {}
COMMAND: POST /session/25c011aa293abf97c7913f308519c6b0/element - {"using":"xpath","value":"(//span[contains(@id, \"imgNav\")])[1]"}
RESULT: {"using":"xpath","value":"(//span[contains(@id, \"imgNav\")])[1]"}
COMMAND: POST /session/25c011aa293abf97c7913f308519c6b0/element/f.A224BA6FA6224D464A8F44AD5BF2EA9F.d.0DD4D1776C62BA672D7D7A2E60FA52C9.e.6280/click - {}
RESULT: {}
COMMAND: GET /session/25c011aa293abf97c7913f308519c6b0/screenshot - {}
RESULT: {}
COMMAND: POST /session/25c011aa293abf97c7913f308519c6b0/element - {"using":"xpath","value":"//tr/td[6]/div[1]/span[1]/span[1]"}
RESULT: {"using":"xpath","value":"//tr/td[6]/div[1]/span[1]/span[1]"}
COMMAND: GET /session/25c011aa293abf97c7913f308519c6b0/element/f.A224BA6FA6224D464A8F44AD5BF2EA9F.d.0DD4D1776C62BA672D7D7A2E60FA52C9.e.6291/text - {}
RESULT: {}
COMMAND: POST /session/25c011aa293abf97c7913f308519c6b0/element - {"using":"xpath","value":"(//span[contains(@id, \"imgNav\")])[2]"}
RESULT: {"using":"xpath","value":"(//span[contains(@id, \"imgNav\")])[2]"}
COMMAND: POST /session/25c011aa293abf97c7913f308519c6b0/element/f.A224BA6FA6224D464A8F44AD5BF2EA9F.d.0DD4D1776C62BA672D7D7A2E60FA52C9.e.6292/click - {}
RESULT: {}
COMMAND: GET /session/25c011aa293abf97c7913f308519c6b0/screenshot - {}
RESULT: {}
COMMAND: POST /session/25c011aa293abf97c7913f308519c6b0/element - {"using":"xpath","value":"//bdi[contains(text(), \"Business Confirm\")]"}
RESULT: {"using":"xpath","value":"//bdi[contains(text(), \"Business Confirm\")]"}
COMMAND: POST /session/25c011aa293abf97c7913f308519c6b0/element/f.A224BA6FA6224D464A8F44AD5BF2EA9F.d.0DD4D1776C62BA672D7D7A2E60FA52C9.e.6365/click - {}
RESULT: {}
COMMAND: GET /session/25c011aa293abf97c7913f308519c6b0/screenshot - {}
RESULT: {}
COMMAND: POST /session/25c011aa293abf97c7913f308519c6b0/element - {"using":"xpath","value":"//bdi[contains(text(), \"Business Confirmed\")]"}
RESULT: {"using":"xpath","value":"//bdi[contains(text(), \"Business Confirmed\")]"}
COMMAND: POST /session/25c011aa293abf97c7913f308519c6b0/execute/sync - {"script":"<script> [56 bytes]","args":[{"element-6066-11e4-a52e-4f735466cecf":"f.A224BA6FA6224D464A8F44AD5BF2EA9F.d.0DD4D1776C62BA672D7D7A2E60FA52C9.e.6365","ELEMENT":"f.A224BA6FA6224D464A8F44AD5BF2EA9F.d.0DD4D1776C62BA672D7D7A2E60FA52C9.e.6365"}]}
RESULT: {"script":"<script> [56 bytes]","args":[{"element-6066-11e4-a52e-4f735466cecf":"f.A224BA6FA6224D464A8F44AD5BF2EA9F.d.0DD4D1776C62BA672D7D7A2E60FA52C9.e.6365","ELEMENT":"f.A224BA6FA6224D464A8F44AD5BF2EA9F.d.0DD4D1776C62BA672D7D7A2E60FA52C9.e.6365"}]}
COMMAND: POST /session/25c011aa293abf97c7913f308519c6b0/element - {"using":"css selector","value":"#shell-header-logo"}
COMMAND: GET /session/25c011aa293abf97c7913f308519c6b0/screenshot - {}
RESULT: {"using":"css selector","value":"#shell-header-logo"}
COMMAND: POST /session/25c011aa293abf97c7913f308519c6b0/element/f.A224BA6FA6224D464A8F44AD5BF2EA9F.d.0DD4D1776C62BA672D7D7A2E60FA52C9.e.6080/click - {}
RESULT: {}
RESULT: {}
COMMAND: GET /session/25c011aa293abf97c7913f308519c6b0/screenshot - {}
RESULT: {}
COMMAND: POST /session/25c011aa293abf97c7913f308519c6b0/element - {"using":"css selector","value":"#j_username"}
COMMAND: POST /session/25c011aa293abf97c7913f308519c6b0/url - {"url":"https://qa-testing-00-live-etm-ui.cfapps.eu10-004.hana.ondemand.com/"}
RESULT: {"using":"css selector","value":"#j_username"}
COMMAND: POST /session/25c011aa293abf97c7913f308519c6b0/element - {"using":"css selector","value":"#j_username"}
RESULT: {"url":"https://qa-testing-00-live-etm-ui.cfapps.eu10-004.hana.ondemand.com/"}
RESULT: undefined
COMMAND: GET /session/25c011aa293abf97c7913f308519c6b0/screenshot - {}
RESULT: {"using":"css selector","value":"#j_username"}
COMMAND: POST /session/25c011aa293abf97c7913f308519c6b0/element - {"using":"css selector","value":"#shell-header-logo"}
RESULT: {}
RESULT: {"using":"css selector","value":"#shell-header-logo"}
COMMAND: POST /session/25c011aa293abf97c7913f308519c6b0/execute/sync - {"script":"<script> [8489 bytes]","args":[{"element-6066-11e4-a52e-4f735466cecf":"f.A224BA6FA6224D464A8F44AD5BF2EA9F.d.97632296C55D3F25B728CD387764488A.e.6385","ELEMENT":"f.A224BA6FA6224D464A8F44AD5BF2EA9F.d.97632296C55D3F25B728CD387764488A.e.6385"}]}
RESULT: {"script":"<script> [8489 bytes]","args":[{"element-6066-11e4-a52e-4f735466cecf":"f.A224BA6FA6224D464A8F44AD5BF2EA9F.d.97632296C55D3F25B728CD387764488A.e.6385","ELEMENT":"f.A224BA6FA6224D464A8F44AD5BF2EA9F.d.97632296C55D3F25B728CD387764488A.e.6385"}]}
COMMAND: POST /session/25c011aa293abf97c7913f308519c6b0/element - {"using":"css selector","value":"#shell-header-logo"}
COMMAND: GET /session/25c011aa293abf97c7913f308519c6b0/screenshot - {}
RESULT: {"using":"css selector","value":"#shell-header-logo"}
COMMAND: POST /session/25c011aa293abf97c7913f308519c6b0/execute/sync - {"script":"<script> [8489 bytes]","args":[{"element-6066-11e4-a52e-4f735466cecf":"f.A224BA6FA6224D464A8F44AD5BF2EA9F.d.97632296C55D3F25B728CD387764488A.e.6385","ELEMENT":"f.A224BA6FA6224D464A8F44AD5BF2EA9F.d.97632296C55D3F25B728CD387764488A.e.6385"}]}
RESULT: {}
RESULT: {"script":"<script> [8489 bytes]","args":[{"element-6066-11e4-a52e-4f735466cecf":"f.A224BA6FA6224D464A8F44AD5BF2EA9F.d.97632296C55D3F25B728CD387764488A.e.6385","ELEMENT":"f.A224BA6FA6224D464A8F44AD5BF2EA9F.d.97632296C55D3F25B728CD387764488A.e.6385"}]}
COMMAND: POST /session/25c011aa293abf97c7913f308519c6b0/execute/sync - {"script":"<script> [5351 bytes]","args":[{"element-6066-11e4-a52e-4f735466cecf":"f.A224BA6FA6224D464A8F44AD5BF2EA9F.d.97632296C55D3F25B728CD387764488A.e.6385","ELEMENT":"f.A224BA6FA6224D464A8F44AD5BF2EA9F.d.97632296C55D3F25B728CD387764488A.e.6385"}]}
COMMAND: GET /session/25c011aa293abf97c7913f308519c6b0/screenshot - {}
RESULT: {"script":"<script> [5351 bytes]","args":[{"element-6066-11e4-a52e-4f735466cecf":"f.A224BA6FA6224D464A8F44AD5BF2EA9F.d.97632296C55D3F25B728CD387764488A.e.6385","ELEMENT":"f.A224BA6FA6224D464A8F44AD5BF2EA9F.d.97632296C55D3F25B728CD387764488A.e.6385"}]}
COMMAND: POST /session/25c011aa293abf97c7913f308519c6b0/element - {"using":"css selector","value":"#shell-header-logo"}
COMMAND: GET /session/25c011aa293abf97c7913f308519c6b0/screenshot - {}
RESULT: {}
RESULT: {"using":"css selector","value":"#shell-header-logo"}
COMMAND: POST /session/25c011aa293abf97c7913f308519c6b0/element/f.A224BA6FA6224D464A8F44AD5BF2EA9F.d.97632296C55D3F25B728CD387764488A.e.6385/click - {}
RESULT: {}
RESULT: {}
COMMAND: GET /session/25c011aa293abf97c7913f308519c6b0/screenshot - {}
RESULT: {}
COMMAND: POST /session/25c011aa293abf97c7913f308519c6b0/execute/async - {"script":"<script> [189 bytes]","args":[]}
RESULT: {"script":"<script> [189 bytes]","args":[]}
COMMAND: POST /session/25c011aa293abf97c7913f308519c6b0/execute/async - {"script":"<script> [123 bytes]","args":[]}
RESULT: {"script":"<script> [123 bytes]","args":[]}
COMMAND: POST /session/25c011aa293abf97c7913f308519c6b0/timeouts - {"script":"<number>"}
RESULT: {"script":"<number>"}
COMMAND: GET /session/25c011aa293abf97c7913f308519c6b0/timeouts - {}
RESULT: {}
RESULT: undefined
COMMAND: POST /session/25c011aa293abf97c7913f308519c6b0/execute/async - {"script":"<script> [2676 bytes]","args":[]}
RESULT: {"script":"<script> [2676 bytes]","args":[]}
COMMAND: POST /session/25c011aa293abf97c7913f308519c6b0/execute/async - {"script":"<script> [2342 bytes]","args":[{"protocol":"http","hostname":"0.0.0.0","path":"/","capabilities":{"browserName":"chrome","goog:chromeOptions":{"binary":"C:\\Program Files\\Google\\Chrome\\Application\\chrome.exe","args":["--start-maximized"]}},"logLevel":"warn","connectionRetryTimeout":120000,"connectionRetryCount":3,"logLevels":{},"enableDirectConnect":true,"strictSSL":true,"_":"65 more keys: [\"cacheDir\",\"port\",\"requestedCapabilities\",\"automationProtocol\",\"baseUrl\",\"waitforInterval\",\"waitforTimeout\",\"onReload\",\"beforeCommand\",\"afterCommand\",\"rootDir\",\"specs\",\"suites\",\"exclude\",\"groupLogsByTestSpec\",\"excludeDriverLogs\",\"bail\",\"framework\",\"reporters\",\"services\",\"maxInstances\",\"maxInstancesPerCapability\",\"injectGlobals\",\"filesToWatch\",\"execArgv\",\"runnerEnv\",\"runner\",\"shard\",\"specFileRetries\",\"specFileRetriesDelay\",\"specFileRetriesDeferred\",\"reporterSyncInterval\",\"reporterSyncTimeout\",\"cucumberFeaturesWithLineNumbers\",\"autoCompileOpts\",\"mochaOpts\",\"jasmineOpts\",\"cucumberOpts\",\"onPrepare\",\"onWorkerStart\",\"onWorkerEnd\",\"before\",\"beforeSession\",\"beforeSuite\",\"beforeHook\",\"beforeTest\",\"afterTest\",\"afterHook\",\"afterSuite\",\"afterSession\",\"after\",\"onComplete\",\"beforeAssertion\",\"afterAssertion\",\"beforeFeature\",\"beforeScenario\",\"beforeStep\",\"afterStep\",\"afterScenario\",\"afterFeature\",\"_\",\"suite\",\"$0\",\"ignoredWorkerServices\",\"wdi5\"]"}]}
RESULT: {"script":"<script> [2342 bytes]","args":[{"protocol":"http","hostname":"0.0.0.0","path":"/","capabilities":{"browserName":"chrome","goog:chromeOptions":{"binary":"C:\\Program Files\\Google\\Chrome\\Application\\chrome.exe","args":["--start-maximized"]}},"logLevel":"warn","connectionRetryTimeout":120000,"connectionRetryCount":3,"logLevels":{},"enableDirectConnect":true,"strictSSL":true,"_":"65 more keys: [\"cacheDir\",\"port\",\"requestedCapabilities\",\"automationProtocol\",\"baseUrl\",\"waitforInterval\",\"waitforTimeout\",\"onReload\",\"beforeCommand\",\"afterCommand\",\"rootDir\",\"specs\",\"suites\",\"exclude\",\"groupLogsByTestSpec\",\"excludeDriverLogs\",\"bail\",\"framework\",\"reporters\",\"services\",\"maxInstances\",\"maxInstancesPerCapability\",\"injectGlobals\",\"filesToWatch\",\"execArgv\",\"runnerEnv\",\"runner\",\"shard\",\"specFileRetries\",\"specFileRetriesDelay\",\"specFileRetriesDeferred\",\"reporterSyncInterval\",\"reporterSyncTimeout\",\"cucumberFeaturesWithLineNumbers\",\"autoCompileOpts\",\"mochaOpts\",\"jasmineOpts\",\"cucumberOpts\",\"onPrepare\",\"onWorkerStart\",\"onWorkerEnd\",\"before\",\"beforeSession\",\"beforeSuite\",\"beforeHook\",\"beforeTest\",\"afterTest\",\"afterHook\",\"afterSuite\",\"afterSession\",\"after\",\"onComplete\",\"beforeAssertion\",\"afterAssertion\",\"beforeFeature\",\"beforeScenario\",\"beforeStep\",\"afterStep\",\"afterScenario\",\"afterFeature\",\"_\",\"suite\",\"$0\",\"ignoredWorkerServices\",\"wdi5\"]"}]}
COMMAND: POST /session/25c011aa293abf97c7913f308519c6b0/execute/async - {"script":"<script> [21126 bytes]","args":[35000]}
RESULT: {"script":"<script> [21126 bytes]","args":[35000]}
COMMAND: POST /session/25c011aa293abf97c7913f308519c6b0/window/maximize - {}
RESULT: {}
COMMAND: POST /session/25c011aa293abf97c7913f308519c6b0/execute/async - {"script":"<script> [1562 bytes]","args":[{"selector":{"id":"shell-header","interaction":{"idSuffix":"icon"}},"wdio_ui5_key":"shellheader"}]}
COMMAND: GET /session/25c011aa293abf97c7913f308519c6b0/screenshot - {}
RESULT: undefined
RESULT: {"script":"<script> [1562 bytes]","args":[{"selector":{"id":"shell-header","interaction":{"idSuffix":"icon"}},"wdio_ui5_key":"shellheader"}]}
RESULT: undefined
COMMAND: POST /session/25c011aa293abf97c7913f308519c6b0/refresh - {}
RESULT: {}
RESULT: undefined
RESULT: {}
COMMAND: GET /session/25c011aa293abf97c7913f308519c6b0/screenshot - {}
RESULT: {}
COMMAND: POST /session/25c011aa293abf97c7913f308519c6b0/refresh - {}
RESULT: {}
COMMAND: GET /session/25c011aa293abf97c7913f308519c6b0/screenshot - {}
RESULT: {}
COMMAND: POST /session/25c011aa293abf97c7913f308519c6b0/window/fullscreen - {}
RESULT: {}
COMMAND: POST /session/25c011aa293abf97c7913f308519c6b0/execute/async - {"script":"<script> [189 bytes]","args":[]}
RESULT: {"script":"<script> [189 bytes]","args":[]}
COMMAND: POST /session/25c011aa293abf97c7913f308519c6b0/execute/async - {"script":"<script> [123 bytes]","args":[]}
RESULT: {"script":"<script> [123 bytes]","args":[]}
COMMAND: POST /session/25c011aa293abf97c7913f308519c6b0/timeouts - {"script":"<number>"}
RESULT: {"script":"<number>"}
COMMAND: GET /session/25c011aa293abf97c7913f308519c6b0/timeouts - {}
RESULT: {}
RESULT: undefined
COMMAND: POST /session/25c011aa293abf97c7913f308519c6b0/execute/async - {"script":"<script> [2676 bytes]","args":[]}
RESULT: {"script":"<script> [2676 bytes]","args":[]}
COMMAND: POST /session/25c011aa293abf97c7913f308519c6b0/execute/async - {"script":"<script> [2342 bytes]","args":[{"protocol":"http","hostname":"0.0.0.0","path":"/","capabilities":{"browserName":"chrome","goog:chromeOptions":{"binary":"C:\\Program Files\\Google\\Chrome\\Application\\chrome.exe","args":["--start-maximized"]}},"logLevel":"warn","connectionRetryTimeout":120000,"connectionRetryCount":3,"logLevels":{},"enableDirectConnect":true,"strictSSL":true,"_":"65 more keys: [\"cacheDir\",\"port\",\"requestedCapabilities\",\"automationProtocol\",\"baseUrl\",\"waitforInterval\",\"waitforTimeout\",\"onReload\",\"beforeCommand\",\"afterCommand\",\"rootDir\",\"specs\",\"suites\",\"exclude\",\"groupLogsByTestSpec\",\"excludeDriverLogs\",\"bail\",\"framework\",\"reporters\",\"services\",\"maxInstances\",\"maxInstancesPerCapability\",\"injectGlobals\",\"filesToWatch\",\"execArgv\",\"runnerEnv\",\"runner\",\"shard\",\"specFileRetries\",\"specFileRetriesDelay\",\"specFileRetriesDeferred\",\"reporterSyncInterval\",\"reporterSyncTimeout\",\"cucumberFeaturesWithLineNumbers\",\"autoCompileOpts\",\"mochaOpts\",\"jasmineOpts\",\"cucumberOpts\",\"onPrepare\",\"onWorkerStart\",\"onWorkerEnd\",\"before\",\"beforeSession\",\"beforeSuite\",\"beforeHook\",\"beforeTest\",\"afterTest\",\"afterHook\",\"afterSuite\",\"afterSession\",\"after\",\"onComplete\",\"beforeAssertion\",\"afterAssertion\",\"beforeFeature\",\"beforeScenario\",\"beforeStep\",\"afterStep\",\"afterScenario\",\"afterFeature\",\"_\",\"suite\",\"$0\",\"ignoredWorkerServices\",\"wdi5\"]"}]}
RESULT: {"script":"<script> [2342 bytes]","args":[{"protocol":"http","hostname":"0.0.0.0","path":"/","capabilities":{"browserName":"chrome","goog:chromeOptions":{"binary":"C:\\Program Files\\Google\\Chrome\\Application\\chrome.exe","args":["--start-maximized"]}},"logLevel":"warn","connectionRetryTimeout":120000,"connectionRetryCount":3,"logLevels":{},"enableDirectConnect":true,"strictSSL":true,"_":"65 more keys: [\"cacheDir\",\"port\",\"requestedCapabilities\",\"automationProtocol\",\"baseUrl\",\"waitforInterval\",\"waitforTimeout\",\"onReload\",\"beforeCommand\",\"afterCommand\",\"rootDir\",\"specs\",\"suites\",\"exclude\",\"groupLogsByTestSpec\",\"excludeDriverLogs\",\"bail\",\"framework\",\"reporters\",\"services\",\"maxInstances\",\"maxInstancesPerCapability\",\"injectGlobals\",\"filesToWatch\",\"execArgv\",\"runnerEnv\",\"runner\",\"shard\",\"specFileRetries\",\"specFileRetriesDelay\",\"specFileRetriesDeferred\",\"reporterSyncInterval\",\"reporterSyncTimeout\",\"cucumberFeaturesWithLineNumbers\",\"autoCompileOpts\",\"mochaOpts\",\"jasmineOpts\",\"cucumberOpts\",\"onPrepare\",\"onWorkerStart\",\"onWorkerEnd\",\"before\",\"beforeSession\",\"beforeSuite\",\"beforeHook\",\"beforeTest\",\"afterTest\",\"afterHook\",\"afterSuite\",\"afterSession\",\"after\",\"onComplete\",\"beforeAssertion\",\"afterAssertion\",\"beforeFeature\",\"beforeScenario\",\"beforeStep\",\"afterStep\",\"afterScenario\",\"afterFeature\",\"_\",\"suite\",\"$0\",\"ignoredWorkerServices\",\"wdi5\"]"}]}
COMMAND: POST /session/25c011aa293abf97c7913f308519c6b0/execute/async - {"script":"<script> [21126 bytes]","args":[35000]}
RESULT: {"script":"<script> [21126 bytes]","args":[35000]}
]]></system-out>
    </testcase>
  </testsuite>
  <testsuite timestamp="2025-06-13T17:27:57" time="1337.841" tests="14" failures="0" errors="0" skipped="0">
    <properties>
      <property name="specId" value="0"/>
      <property name="suiteName" value="Create master data for mixed billing &amp; do billing calculation US151661"/>
      <property name="capabilities" value="chrome.137_0_7151_69.windows"/>
      <property name="file" value="file:///D:/a/1/s/test/specs/BTS/billing-calculation-mixed.spec.js"/>
    </properties>
    <testcase classname="chrome.137_0_7151_69.windows.Create_master_data_for_mixed_billing_&amp;_do_billing_calculation_US151661" name="Should create a new yard" time="128.649">
      <system-out><![CDATA[
COMMAND: POST /session/25c011aa293abf97c7913f308519c6b0/window/fullscreen - {}
RESULT: {}
COMMAND: POST /session/25c011aa293abf97c7913f308519c6b0/execute/async - {"script":"<script> [1562 bytes]","args":[{"selector":{"controlType":"sap.m.GenericTile","properties":{"header":"Manage Yards"}},"wdio_ui5_key":"sapm.GenericTile{\"header\":\"Manage Yards\"}"}]}
RESULT: {"script":"<script> [1562 bytes]","args":[{"selector":{"controlType":"sap.m.GenericTile","properties":{"header":"Manage Yards"}},"wdio_ui5_key":"sapm.GenericTile{\"header\":\"Manage Yards\"}"}]}
RESULT: undefined
COMMAND: POST /session/25c011aa293abf97c7913f308519c6b0/element - {"using":"xpath","value":"//*[@id=\"__tile42\"]"}
RESULT: {"using":"xpath","value":"//*[@id=\"__tile42\"]"}
COMMAND: POST /session/25c011aa293abf97c7913f308519c6b0/element/f.A224BA6FA6224D464A8F44AD5BF2EA9F.d.EBAB778C917F7BF3A8FE82E1EABA31EB.e.6548/click - {}
RESULT: {}
COMMAND: GET /session/25c011aa293abf97c7913f308519c6b0/screenshot - {}
RESULT: {}
COMMAND: POST /session/25c011aa293abf97c7913f308519c6b0/elements - {"using":"xpath","value":"//span[text()='Error']"}
RESULT: {"using":"xpath","value":"//span[text()='Error']"}
COMMAND: POST /session/25c011aa293abf97c7913f308519c6b0/element - {"using":"xpath","value":"//button[@data-kt=\"addNewYardOverflowToolbarButton\"]"}
RESULT: {"using":"xpath","value":"//button[@data-kt=\"addNewYardOverflowToolbarButton\"]"}
COMMAND: POST /session/25c011aa293abf97c7913f308519c6b0/elements - {"using":"xpath","value":"//button[@data-kt=\"addNewYardOverflowToolbarButton\"]"}
RESULT: {"using":"xpath","value":"//button[@data-kt=\"addNewYardOverflowToolbarButton\"]"}
COMMAND: POST /session/25c011aa293abf97c7913f308519c6b0/elements - {"using":"xpath","value":"//button[@data-kt=\"addNewYardOverflowToolbarButton\"]"}
RESULT: {"using":"xpath","value":"//button[@data-kt=\"addNewYardOverflowToolbarButton\"]"}
COMMAND: POST /session/25c011aa293abf97c7913f308519c6b0/elements - {"using":"xpath","value":"//button[@data-kt=\"addNewYardOverflowToolbarButton\"]"}
RESULT: {"using":"xpath","value":"//button[@data-kt=\"addNewYardOverflowToolbarButton\"]"}
COMMAND: POST /session/25c011aa293abf97c7913f308519c6b0/elements - {"using":"xpath","value":"//button[@data-kt=\"addNewYardOverflowToolbarButton\"]"}
RESULT: {"using":"xpath","value":"//button[@data-kt=\"addNewYardOverflowToolbarButton\"]"}
COMMAND: POST /session/25c011aa293abf97c7913f308519c6b0/elements - {"using":"xpath","value":"//button[@data-kt=\"addNewYardOverflowToolbarButton\"]"}
RESULT: {"using":"xpath","value":"//button[@data-kt=\"addNewYardOverflowToolbarButton\"]"}
COMMAND: POST /session/25c011aa293abf97c7913f308519c6b0/elements - {"using":"xpath","value":"//button[@data-kt=\"addNewYardOverflowToolbarButton\"]"}
RESULT: {"using":"xpath","value":"//button[@data-kt=\"addNewYardOverflowToolbarButton\"]"}
COMMAND: POST /session/25c011aa293abf97c7913f308519c6b0/elements - {"using":"xpath","value":"//button[@data-kt=\"addNewYardOverflowToolbarButton\"]"}
RESULT: {"using":"xpath","value":"//button[@data-kt=\"addNewYardOverflowToolbarButton\"]"}
COMMAND: POST /session/25c011aa293abf97c7913f308519c6b0/elements - {"using":"xpath","value":"//button[@data-kt=\"addNewYardOverflowToolbarButton\"]"}
RESULT: {"using":"xpath","value":"//button[@data-kt=\"addNewYardOverflowToolbarButton\"]"}
COMMAND: POST /session/25c011aa293abf97c7913f308519c6b0/elements - {"using":"xpath","value":"//button[@data-kt=\"addNewYardOverflowToolbarButton\"]"}
RESULT: {"using":"xpath","value":"//button[@data-kt=\"addNewYardOverflowToolbarButton\"]"}
COMMAND: POST /session/25c011aa293abf97c7913f308519c6b0/elements - {"using":"xpath","value":"//button[@data-kt=\"addNewYardOverflowToolbarButton\"]"}
RESULT: {"using":"xpath","value":"//button[@data-kt=\"addNewYardOverflowToolbarButton\"]"}
COMMAND: POST /session/25c011aa293abf97c7913f308519c6b0/elements - {"using":"xpath","value":"//button[@data-kt=\"addNewYardOverflowToolbarButton\"]"}
RESULT: {"using":"xpath","value":"//button[@data-kt=\"addNewYardOverflowToolbarButton\"]"}
COMMAND: POST /session/25c011aa293abf97c7913f308519c6b0/elements - {"using":"xpath","value":"//button[@data-kt=\"addNewYardOverflowToolbarButton\"]"}
RESULT: {"using":"xpath","value":"//button[@data-kt=\"addNewYardOverflowToolbarButton\"]"}
COMMAND: POST /session/25c011aa293abf97c7913f308519c6b0/elements - {"using":"xpath","value":"//button[@data-kt=\"addNewYardOverflowToolbarButton\"]"}
RESULT: {"using":"xpath","value":"//button[@data-kt=\"addNewYardOverflowToolbarButton\"]"}
COMMAND: POST /session/25c011aa293abf97c7913f308519c6b0/elements - {"using":"xpath","value":"//button[@data-kt=\"addNewYardOverflowToolbarButton\"]"}
RESULT: {"using":"xpath","value":"//button[@data-kt=\"addNewYardOverflowToolbarButton\"]"}
COMMAND: POST /session/25c011aa293abf97c7913f308519c6b0/elements - {"using":"xpath","value":"//button[@data-kt=\"addNewYardOverflowToolbarButton\"]"}
RESULT: {"using":"xpath","value":"//button[@data-kt=\"addNewYardOverflowToolbarButton\"]"}
COMMAND: POST /session/25c011aa293abf97c7913f308519c6b0/elements - {"using":"xpath","value":"//button[@data-kt=\"addNewYardOverflowToolbarButton\"]"}
RESULT: {"using":"xpath","value":"//button[@data-kt=\"addNewYardOverflowToolbarButton\"]"}
COMMAND: POST /session/25c011aa293abf97c7913f308519c6b0/elements - {"using":"xpath","value":"//button[@data-kt=\"addNewYardOverflowToolbarButton\"]"}
RESULT: {"using":"xpath","value":"//button[@data-kt=\"addNewYardOverflowToolbarButton\"]"}
COMMAND: POST /session/25c011aa293abf97c7913f308519c6b0/elements - {"using":"xpath","value":"//button[@data-kt=\"addNewYardOverflowToolbarButton\"]"}
RESULT: {"using":"xpath","value":"//button[@data-kt=\"addNewYardOverflowToolbarButton\"]"}
COMMAND: POST /session/25c011aa293abf97c7913f308519c6b0/elements - {"using":"xpath","value":"//button[@data-kt=\"addNewYardOverflowToolbarButton\"]"}
RESULT: {"using":"xpath","value":"//button[@data-kt=\"addNewYardOverflowToolbarButton\"]"}
COMMAND: POST /session/25c011aa293abf97c7913f308519c6b0/elements - {"using":"xpath","value":"//button[@data-kt=\"addNewYardOverflowToolbarButton\"]"}
RESULT: {"using":"xpath","value":"//button[@data-kt=\"addNewYardOverflowToolbarButton\"]"}
COMMAND: POST /session/25c011aa293abf97c7913f308519c6b0/elements - {"using":"xpath","value":"//button[@data-kt=\"addNewYardOverflowToolbarButton\"]"}
RESULT: {"using":"xpath","value":"//button[@data-kt=\"addNewYardOverflowToolbarButton\"]"}
COMMAND: POST /session/25c011aa293abf97c7913f308519c6b0/elements - {"using":"xpath","value":"//button[@data-kt=\"addNewYardOverflowToolbarButton\"]"}
RESULT: {"using":"xpath","value":"//button[@data-kt=\"addNewYardOverflowToolbarButton\"]"}
COMMAND: POST /session/25c011aa293abf97c7913f308519c6b0/elements - {"using":"xpath","value":"//button[@data-kt=\"addNewYardOverflowToolbarButton\"]"}
RESULT: {"using":"xpath","value":"//button[@data-kt=\"addNewYardOverflowToolbarButton\"]"}
COMMAND: POST /session/25c011aa293abf97c7913f308519c6b0/elements - {"using":"xpath","value":"//button[@data-kt=\"addNewYardOverflowToolbarButton\"]"}
RESULT: {"using":"xpath","value":"//button[@data-kt=\"addNewYardOverflowToolbarButton\"]"}
COMMAND: POST /session/25c011aa293abf97c7913f308519c6b0/elements - {"using":"xpath","value":"//button[@data-kt=\"addNewYardOverflowToolbarButton\"]"}
RESULT: {"using":"xpath","value":"//button[@data-kt=\"addNewYardOverflowToolbarButton\"]"}
COMMAND: POST /session/25c011aa293abf97c7913f308519c6b0/elements - {"using":"xpath","value":"//button[@data-kt=\"addNewYardOverflowToolbarButton\"]"}
RESULT: {"using":"xpath","value":"//button[@data-kt=\"addNewYardOverflowToolbarButton\"]"}
COMMAND: POST /session/25c011aa293abf97c7913f308519c6b0/elements - {"using":"xpath","value":"//button[@data-kt=\"addNewYardOverflowToolbarButton\"]"}
RESULT: {"using":"xpath","value":"//button[@data-kt=\"addNewYardOverflowToolbarButton\"]"}
COMMAND: POST /session/25c011aa293abf97c7913f308519c6b0/element - {"using":"xpath","value":"//button[@data-kt=\"addNewYardOverflowToolbarButton\"]"}
RESULT: {"using":"xpath","value":"//button[@data-kt=\"addNewYardOverflowToolbarButton\"]"}
COMMAND: POST /session/25c011aa293abf97c7913f308519c6b0/execute/sync - {"script":"<script> [8489 bytes]","args":[{"element-6066-11e4-a52e-4f735466cecf":"f.A224BA6FA6224D464A8F44AD5BF2EA9F.d.EBAB778C917F7BF3A8FE82E1EABA31EB.e.6667","ELEMENT":"f.A224BA6FA6224D464A8F44AD5BF2EA9F.d.EBAB778C917F7BF3A8FE82E1EABA31EB.e.6667"}]}
RESULT: {"script":"<script> [8489 bytes]","args":[{"element-6066-11e4-a52e-4f735466cecf":"f.A224BA6FA6224D464A8F44AD5BF2EA9F.d.EBAB778C917F7BF3A8FE82E1EABA31EB.e.6667","ELEMENT":"f.A224BA6FA6224D464A8F44AD5BF2EA9F.d.EBAB778C917F7BF3A8FE82E1EABA31EB.e.6667"}]}
COMMAND: GET /session/25c011aa293abf97c7913f308519c6b0/element/f.A224BA6FA6224D464A8F44AD5BF2EA9F.d.EBAB778C917F7BF3A8FE82E1EABA31EB.e.6667/enabled - {}
COMMAND: GET /session/25c011aa293abf97c7913f308519c6b0/screenshot - {}
RESULT: {}
COMMAND: POST /session/25c011aa293abf97c7913f308519c6b0/execute/sync - {"script":"<script> [8489 bytes]","args":[{"element-6066-11e4-a52e-4f735466cecf":"f.A224BA6FA6224D464A8F44AD5BF2EA9F.d.EBAB778C917F7BF3A8FE82E1EABA31EB.e.6667","ELEMENT":"f.A224BA6FA6224D464A8F44AD5BF2EA9F.d.EBAB778C917F7BF3A8FE82E1EABA31EB.e.6667"}]}
COMMAND: GET /session/25c011aa293abf97c7913f308519c6b0/screenshot - {}
RESULT: {}
RESULT: {"script":"<script> [8489 bytes]","args":[{"element-6066-11e4-a52e-4f735466cecf":"f.A224BA6FA6224D464A8F44AD5BF2EA9F.d.EBAB778C917F7BF3A8FE82E1EABA31EB.e.6667","ELEMENT":"f.A224BA6FA6224D464A8F44AD5BF2EA9F.d.EBAB778C917F7BF3A8FE82E1EABA31EB.e.6667"}]}
COMMAND: POST /session/25c011aa293abf97c7913f308519c6b0/execute/sync - {"script":"<script> [5351 bytes]","args":[{"element-6066-11e4-a52e-4f735466cecf":"f.A224BA6FA6224D464A8F44AD5BF2EA9F.d.EBAB778C917F7BF3A8FE82E1EABA31EB.e.6667","ELEMENT":"f.A224BA6FA6224D464A8F44AD5BF2EA9F.d.EBAB778C917F7BF3A8FE82E1EABA31EB.e.6667"}]}
COMMAND: GET /session/25c011aa293abf97c7913f308519c6b0/screenshot - {}
RESULT: {}
RESULT: {"script":"<script> [5351 bytes]","args":[{"element-6066-11e4-a52e-4f735466cecf":"f.A224BA6FA6224D464A8F44AD5BF2EA9F.d.EBAB778C917F7BF3A8FE82E1EABA31EB.e.6667","ELEMENT":"f.A224BA6FA6224D464A8F44AD5BF2EA9F.d.EBAB778C917F7BF3A8FE82E1EABA31EB.e.6667"}]}
COMMAND: POST /session/25c011aa293abf97c7913f308519c6b0/element/f.A224BA6FA6224D464A8F44AD5BF2EA9F.d.EBAB778C917F7BF3A8FE82E1EABA31EB.e.6667/click - {}
COMMAND: GET /session/25c011aa293abf97c7913f308519c6b0/screenshot - {}
RESULT: {}
RESULT: {}
COMMAND: GET /session/25c011aa293abf97c7913f308519c6b0/screenshot - {}
RESULT: {}
RESULT: {}
COMMAND: POST /session/25c011aa293abf97c7913f308519c6b0/element - {"using":"xpath","value":"//input[@id=\"application-manageyards-display-component---NewYard--yardId-inner\"]"}
RESULT: {"using":"xpath","value":"//input[@id=\"application-manageyards-display-component---NewYard--yardId-inner\"]"}
COMMAND: POST /session/25c011aa293abf97c7913f308519c6b0/element - {"using":"xpath","value":"//input[@id=\"application-manageyards-display-component---NewYard--yardId-inner\"]"}
RESULT: {"using":"xpath","value":"//input[@id=\"application-manageyards-display-component---NewYard--yardId-inner\"]"}
COMMAND: POST /session/25c011aa293abf97c7913f308519c6b0/execute/async - {"script":"<script> [1562 bytes]","args":[{"selector":{"id":"application-manageyards-display-component---NewYard--addressDetailDetailsName1","interaction":{"idSuffix":"inner"}},"wdio_ui5_key":"applicationmanageyards-display-component---NewYard--addressDetailDetailsName1"}]}
RESULT: {"script":"<script> [1562 bytes]","args":[{"selector":{"id":"application-manageyards-display-component---NewYard--addressDetailDetailsName1","interaction":{"idSuffix":"inner"}},"wdio_ui5_key":"applicationmanageyards-display-component---NewYard--addressDetailDetailsName1"}]}
RESULT: undefined
COMMAND: POST /session/25c011aa293abf97c7913f308519c6b0/execute/async - {"script":"<script> [776 bytes]","args":[{"enterText":"Intercompany Yard wdIO","selector":{"id":"application-manageyards-display-component---NewYard--addressDetailDetailsName1","interaction":{"idSuffix":"inner"}},"clearTextFirst":true,"interactionType":"ENTER_TEXT"}]}
RESULT: {"script":"<script> [776 bytes]","args":[{"enterText":"Intercompany Yard wdIO","selector":{"id":"application-manageyards-display-component---NewYard--addressDetailDetailsName1","interaction":{"idSuffix":"inner"}},"clearTextFirst":true,"interactionType":"ENTER_TEXT"}]}
COMMAND: POST /session/25c011aa293abf97c7913f308519c6b0/execute/async - {"script":"<script> [1562 bytes]","args":[{"selector":{"id":"application-manageyards-display-component---NewYard--addressDetailDetailsLanguage-arrow"},"wdio_ui5_key":"applicationmanageyards-display-component---NewYard--addressDetailDetailsLanguage-arrow"}]}
RESULT: {"script":"<script> [1562 bytes]","args":[{"selector":{"id":"application-manageyards-display-component---NewYard--addressDetailDetailsLanguage-arrow"},"wdio_ui5_key":"applicationmanageyards-display-component---NewYard--addressDetailDetailsLanguage-arrow"}]}
RESULT: undefined
COMMAND: POST /session/25c011aa293abf97c7913f308519c6b0/element - {"using":"xpath","value":"//*[@id=\"application-manageyards-display-component---NewYard--addressDetailDetailsLanguage-arrow\"]"}
RESULT: {"using":"xpath","value":"//*[@id=\"application-manageyards-display-component---NewYard--addressDetailDetailsLanguage-arrow\"]"}
COMMAND: POST /session/25c011aa293abf97c7913f308519c6b0/element/f.A224BA6FA6224D464A8F44AD5BF2EA9F.d.EBAB778C917F7BF3A8FE82E1EABA31EB.e.7106/click - {}
RESULT: {}
COMMAND: POST /session/25c011aa293abf97c7913f308519c6b0/element - {"using":"xpath","value":"//span[contains(text(), \"English\")]"}
COMMAND: GET /session/25c011aa293abf97c7913f308519c6b0/screenshot - {}
RESULT: {"using":"xpath","value":"//span[contains(text(), \"English\")]"}
COMMAND: POST /session/25c011aa293abf97c7913f308519c6b0/element/f.A224BA6FA6224D464A8F44AD5BF2EA9F.d.EBAB778C917F7BF3A8FE82E1EABA31EB.e.7107/click - {}
RESULT: {}
RESULT: {}
COMMAND: POST /session/25c011aa293abf97c7913f308519c6b0/execute/async - {"script":"<script> [1562 bytes]","args":[{"selector":{"id":"application-manageyards-display-component---NewYard--addressDetailDetailsCity1","interaction":{"idSuffix":"inner"}},"wdio_ui5_key":"applicationmanageyards-display-component---NewYard--addressDetailDetailsCity1"}]}
COMMAND: GET /session/25c011aa293abf97c7913f308519c6b0/screenshot - {}
RESULT: {"script":"<script> [1562 bytes]","args":[{"selector":{"id":"application-manageyards-display-component---NewYard--addressDetailDetailsCity1","interaction":{"idSuffix":"inner"}},"wdio_ui5_key":"applicationmanageyards-display-component---NewYard--addressDetailDetailsCity1"}]}
RESULT: undefined
COMMAND: POST /session/25c011aa293abf97c7913f308519c6b0/execute/async - {"script":"<script> [776 bytes]","args":[{"enterText":"Rosario","selector":{"id":"application-manageyards-display-component---NewYard--addressDetailDetailsCity1","interaction":{"idSuffix":"inner"}},"clearTextFirst":true,"interactionType":"ENTER_TEXT"}]}
RESULT: {}
RESULT: {"script":"<script> [776 bytes]","args":[{"enterText":"Rosario","selector":{"id":"application-manageyards-display-component---NewYard--addressDetailDetailsCity1","interaction":{"idSuffix":"inner"}},"clearTextFirst":true,"interactionType":"ENTER_TEXT"}]}
COMMAND: POST /session/25c011aa293abf97c7913f308519c6b0/execute/async - {"script":"<script> [1562 bytes]","args":[{"selector":{"id":"application-manageyards-display-component---NewYard--addressDetailDetailsCountry-arrow"},"wdio_ui5_key":"applicationmanageyards-display-component---NewYard--addressDetailDetailsCountry-arrow"}]}
RESULT: {"script":"<script> [1562 bytes]","args":[{"selector":{"id":"application-manageyards-display-component---NewYard--addressDetailDetailsCountry-arrow"},"wdio_ui5_key":"applicationmanageyards-display-component---NewYard--addressDetailDetailsCountry-arrow"}]}
RESULT: undefined
COMMAND: POST /session/25c011aa293abf97c7913f308519c6b0/element - {"using":"xpath","value":"//*[@id=\"application-manageyards-display-component---NewYard--addressDetailDetailsCountry-arrow\"]"}
RESULT: {"using":"xpath","value":"//*[@id=\"application-manageyards-display-component---NewYard--addressDetailDetailsCountry-arrow\"]"}
COMMAND: POST /session/25c011aa293abf97c7913f308519c6b0/element/f.A224BA6FA6224D464A8F44AD5BF2EA9F.d.EBAB778C917F7BF3A8FE82E1EABA31EB.e.7109/click - {}
RESULT: {}
COMMAND: POST /session/25c011aa293abf97c7913f308519c6b0/element - {"using":"xpath","value":"//span[contains(text(), \"Argentina\")]"}
COMMAND: GET /session/25c011aa293abf97c7913f308519c6b0/screenshot - {}
RESULT: {"using":"xpath","value":"//span[contains(text(), \"Argentina\")]"}
COMMAND: POST /session/25c011aa293abf97c7913f308519c6b0/element/f.A224BA6FA6224D464A8F44AD5BF2EA9F.d.EBAB778C917F7BF3A8FE82E1EABA31EB.e.7110/click - {}
RESULT: {}
RESULT: {}
COMMAND: POST /session/25c011aa293abf97c7913f308519c6b0/execute/async - {"script":"<script> [1562 bytes]","args":[{"selector":{"id":"application-manageyards-display-component---NewYard--addressEditDetailsCostObjectCstType-arrow"},"wdio_ui5_key":"applicationmanageyards-display-component---NewYard--addressEditDetailsCostObjectCstType-arrow"}]}
COMMAND: GET /session/25c011aa293abf97c7913f308519c6b0/screenshot - {}
RESULT: {"script":"<script> [1562 bytes]","args":[{"selector":{"id":"application-manageyards-display-component---NewYard--addressEditDetailsCostObjectCstType-arrow"},"wdio_ui5_key":"applicationmanageyards-display-component---NewYard--addressEditDetailsCostObjectCstType-arrow"}]}
RESULT: undefined
COMMAND: POST /session/25c011aa293abf97c7913f308519c6b0/element - {"using":"xpath","value":"//*[@id=\"application-manageyards-display-component---NewYard--addressEditDetailsCostObjectCstType-arrow\"]"}
RESULT: {}
RESULT: {"using":"xpath","value":"//*[@id=\"application-manageyards-display-component---NewYard--addressEditDetailsCostObjectCstType-arrow\"]"}
COMMAND: POST /session/25c011aa293abf97c7913f308519c6b0/element/f.A224BA6FA6224D464A8F44AD5BF2EA9F.d.EBAB778C917F7BF3A8FE82E1EABA31EB.e.7112/click - {}
RESULT: {}
COMMAND: POST /session/25c011aa293abf97c7913f308519c6b0/element - {"using":"xpath","value":"//span[contains(text(), \"Cost Center\")]"}
COMMAND: GET /session/25c011aa293abf97c7913f308519c6b0/screenshot - {}
RESULT: {"using":"xpath","value":"//span[contains(text(), \"Cost Center\")]"}
COMMAND: POST /session/25c011aa293abf97c7913f308519c6b0/element/f.A224BA6FA6224D464A8F44AD5BF2EA9F.d.EBAB778C917F7BF3A8FE82E1EABA31EB.e.7113/click - {}
RESULT: {}
RESULT: {}
COMMAND: GET /session/25c011aa293abf97c7913f308519c6b0/screenshot - {}
RESULT: {}
COMMAND: POST /session/25c011aa293abf97c7913f308519c6b0/element - {"using":"xpath","value":"//span[@id=\"application-manageyards-display-component---NewYard--addressNewCostObjectCstID-vhi\"]"}
RESULT: {"using":"xpath","value":"//span[@id=\"application-manageyards-display-component---NewYard--addressNewCostObjectCstID-vhi\"]"}
COMMAND: POST /session/25c011aa293abf97c7913f308519c6b0/execute/sync - {"script":"<script> [8489 bytes]","args":[{"element-6066-11e4-a52e-4f735466cecf":"f.A224BA6FA6224D464A8F44AD5BF2EA9F.d.EBAB778C917F7BF3A8FE82E1EABA31EB.e.7117","ELEMENT":"f.A224BA6FA6224D464A8F44AD5BF2EA9F.d.EBAB778C917F7BF3A8FE82E1EABA31EB.e.7117"}]}
RESULT: {"script":"<script> [8489 bytes]","args":[{"element-6066-11e4-a52e-4f735466cecf":"f.A224BA6FA6224D464A8F44AD5BF2EA9F.d.EBAB778C917F7BF3A8FE82E1EABA31EB.e.7117","ELEMENT":"f.A224BA6FA6224D464A8F44AD5BF2EA9F.d.EBAB778C917F7BF3A8FE82E1EABA31EB.e.7117"}]}
COMMAND: POST /session/25c011aa293abf97c7913f308519c6b0/execute/async - {"script":"<script> [1562 bytes]","args":[{"selector":{"id":"application-manageyards-display-component---NewYard--addressNewCostObjectCstID-vhi"},"wdio_ui5_key":"applicationmanageyards-display-component---NewYard--addressNewCostObjectCstID-vhi"}]}
COMMAND: GET /session/25c011aa293abf97c7913f308519c6b0/screenshot - {}
RESULT: {"script":"<script> [1562 bytes]","args":[{"selector":{"id":"application-manageyards-display-component---NewYard--addressNewCostObjectCstID-vhi"},"wdio_ui5_key":"applicationmanageyards-display-component---NewYard--addressNewCostObjectCstID-vhi"}]}
RESULT: undefined
COMMAND: POST /session/25c011aa293abf97c7913f308519c6b0/element - {"using":"xpath","value":"//*[@id=\"application-manageyards-display-component---NewYard--addressNewCostObjectCstID-vhi\"]"}
RESULT: {}
RESULT: {"using":"xpath","value":"//*[@id=\"application-manageyards-display-component---NewYard--addressNewCostObjectCstID-vhi\"]"}
COMMAND: POST /session/25c011aa293abf97c7913f308519c6b0/element/f.A224BA6FA6224D464A8F44AD5BF2EA9F.d.EBAB778C917F7BF3A8FE82E1EABA31EB.e.7117/click - {}
RESULT: {}
COMMAND: GET /session/25c011aa293abf97c7913f308519c6b0/screenshot - {}
RESULT: {}
COMMAND: POST /session/25c011aa293abf97c7913f308519c6b0/execute/async - {"script":"<script> [1562 bytes]","args":[{"selector":{"controlType":"sap.m.SearchField","properties":{"placeholder":"Search"},"searchOpenDialogs":true,"interaction":{"idSuffix":"I"}},"wdio_ui5_key":"sapm.SearchField{\"placeholder\":\"Search\"}"}]}
RESULT: {"script":"<script> [1562 bytes]","args":[{"selector":{"controlType":"sap.m.SearchField","properties":{"placeholder":"Search"},"searchOpenDialogs":true,"interaction":{"idSuffix":"I"}},"wdio_ui5_key":"sapm.SearchField{\"placeholder\":\"Search\"}"}]}
RESULT: undefined
COMMAND: POST /session/25c011aa293abf97c7913f308519c6b0/execute/async - {"script":"<script> [776 bytes]","args":[{"enterText":"bauh_b","selector":{"controlType":"sap.m.SearchField","properties":{"placeholder":"Search"},"searchOpenDialogs":true,"interaction":{"idSuffix":"I"}},"clearTextFirst":true,"interactionType":"ENTER_TEXT"}]}
RESULT: {"script":"<script> [776 bytes]","args":[{"enterText":"bauh_b","selector":{"controlType":"sap.m.SearchField","properties":{"placeholder":"Search"},"searchOpenDialogs":true,"interaction":{"idSuffix":"I"}},"clearTextFirst":true,"interactionType":"ENTER_TEXT"}]}
COMMAND: POST /session/25c011aa293abf97c7913f308519c6b0/actions - {"actions":[{"id":"action22","type":"key","parameters":{},"actions":[{"type":"keyDown","value":""},{"type":"pause","duration":10},{"type":"keyUp","value":""}]}]}
RESULT: {"actions":[{"id":"action22","type":"key","parameters":{},"actions":[{"type":"keyDown","value":""},{"type":"pause","duration":10},{"type":"keyUp","value":""}]}]}
COMMAND: GET /session/25c011aa293abf97c7913f308519c6b0/screenshot - {}
RESULT: {}
COMMAND: POST /session/25c011aa293abf97c7913f308519c6b0/element - {"using":"xpath","value":"//span[contains(text(), \"Demo Yard\")]"}
RESULT: {"using":"xpath","value":"//span[contains(text(), \"Demo Yard\")]"}
COMMAND: POST /session/25c011aa293abf97c7913f308519c6b0/element/f.A224BA6FA6224D464A8F44AD5BF2EA9F.d.EBAB778C917F7BF3A8FE82E1EABA31EB.e.7158/click - {}
RESULT: {}
COMMAND: GET /session/25c011aa293abf97c7913f308519c6b0/screenshot - {}
RESULT: {}
COMMAND: POST /session/25c011aa293abf97c7913f308519c6b0/element - {"using":"xpath","value":"//bdi[contains(text(), \"OK\")]"}
RESULT: {"using":"xpath","value":"//bdi[contains(text(), \"OK\")]"}
COMMAND: POST /session/25c011aa293abf97c7913f308519c6b0/element/f.A224BA6FA6224D464A8F44AD5BF2EA9F.d.EBAB778C917F7BF3A8FE82E1EABA31EB.e.7159/click - {}
RESULT: {}
COMMAND: GET /session/25c011aa293abf97c7913f308519c6b0/screenshot - {}
RESULT: {}
COMMAND: POST /session/25c011aa293abf97c7913f308519c6b0/execute/async - {"script":"<script> [1562 bytes]","args":[{"selector":{"id":"application-manageyards-display-component---NewYard--addressEditDetailsCurrency-arrow"},"wdio_ui5_key":"applicationmanageyards-display-component---NewYard--addressEditDetailsCurrency-arrow"}]}
RESULT: {"script":"<script> [1562 bytes]","args":[{"selector":{"id":"application-manageyards-display-component---NewYard--addressEditDetailsCurrency-arrow"},"wdio_ui5_key":"applicationmanageyards-display-component---NewYard--addressEditDetailsCurrency-arrow"}]}
RESULT: undefined
COMMAND: POST /session/25c011aa293abf97c7913f308519c6b0/element - {"using":"xpath","value":"//*[@id=\"application-manageyards-display-component---NewYard--addressEditDetailsCurrency-arrow\"]"}
RESULT: {"using":"xpath","value":"//*[@id=\"application-manageyards-display-component---NewYard--addressEditDetailsCurrency-arrow\"]"}
COMMAND: POST /session/25c011aa293abf97c7913f308519c6b0/element/f.A224BA6FA6224D464A8F44AD5BF2EA9F.d.EBAB778C917F7BF3A8FE82E1EABA31EB.e.7162/click - {}
RESULT: {}
COMMAND: POST /session/25c011aa293abf97c7913f308519c6b0/element - {"using":"xpath","value":"//span[contains(text(), \"Euro\")]"}
COMMAND: GET /session/25c011aa293abf97c7913f308519c6b0/screenshot - {}
RESULT: {"using":"xpath","value":"//span[contains(text(), \"Euro\")]"}
COMMAND: POST /session/25c011aa293abf97c7913f308519c6b0/element/f.A224BA6FA6224D464A8F44AD5BF2EA9F.d.EBAB778C917F7BF3A8FE82E1EABA31EB.e.7163/click - {}
RESULT: {}
RESULT: {}
COMMAND: POST /session/25c011aa293abf97c7913f308519c6b0/execute/async - {"script":"<script> [1562 bytes]","args":[{"selector":{"controlType":"sap.m.Input","viewName":"etm.portal.ui.manageyards.view.New","viewId":"application-manageyards-display-component---NewYard","bindingPath":{"path":"","propertyPath":"/CONTROLLING_AREA","modelName":"NewYardModel"},"interaction":{"idSuffix":"inner"}},"wdio_ui5_key":"etmportal.ui.manageyards.view.Newsap.m.Input{\"path\":\"\",\"propertyPath\":\"/CONTROLLING_AREA\",\"modelName\":\"NewYardModel\"}"}]}
COMMAND: GET /session/25c011aa293abf97c7913f308519c6b0/screenshot - {}
RESULT: {"script":"<script> [1562 bytes]","args":[{"selector":{"controlType":"sap.m.Input","viewName":"etm.portal.ui.manageyards.view.New","viewId":"application-manageyards-display-component---NewYard","bindingPath":{"path":"","propertyPath":"/CONTROLLING_AREA","modelName":"NewYardModel"},"interaction":{"idSuffix":"inner"}},"wdio_ui5_key":"etmportal.ui.manageyards.view.Newsap.m.Input{\"path\":\"\",\"propertyPath\":\"/CONTROLLING_AREA\",\"modelName\":\"NewYardModel\"}"}]}
RESULT: undefined
COMMAND: POST /session/25c011aa293abf97c7913f308519c6b0/execute/async - {"script":"<script> [776 bytes]","args":[{"enterText":"Z001","selector":{"controlType":"sap.m.Input","viewName":"etm.portal.ui.manageyards.view.New","viewId":"application-manageyards-display-component---NewYard","bindingPath":{"path":"","propertyPath":"/CONTROLLING_AREA","modelName":"NewYardModel"},"interaction":{"idSuffix":"inner"}},"clearTextFirst":true,"interactionType":"ENTER_TEXT"}]}
RESULT: {}
RESULT: {"script":"<script> [776 bytes]","args":[{"enterText":"Z001","selector":{"controlType":"sap.m.Input","viewName":"etm.portal.ui.manageyards.view.New","viewId":"application-manageyards-display-component---NewYard","bindingPath":{"path":"","propertyPath":"/CONTROLLING_AREA","modelName":"NewYardModel"},"interaction":{"idSuffix":"inner"}},"clearTextFirst":true,"interactionType":"ENTER_TEXT"}]}
COMMAND: POST /session/25c011aa293abf97c7913f308519c6b0/execute/async - {"script":"<script> [1562 bytes]","args":[{"selector":{"id":"application-manageyards-display-component---NewYard--companyCodeComboBox","interaction":{"idSuffix":"inner"}},"wdio_ui5_key":"applicationmanageyards-display-component---NewYard--companyCodeComboBox"}]}
RESULT: {"script":"<script> [1562 bytes]","args":[{"selector":{"id":"application-manageyards-display-component---NewYard--companyCodeComboBox","interaction":{"idSuffix":"inner"}},"wdio_ui5_key":"applicationmanageyards-display-component---NewYard--companyCodeComboBox"}]}
RESULT: undefined
COMMAND: POST /session/25c011aa293abf97c7913f308519c6b0/execute/async - {"script":"<script> [776 bytes]","args":[{"enterText":"1000","selector":{"id":"application-manageyards-display-component---NewYard--companyCodeComboBox","interaction":{"idSuffix":"inner"}},"clearTextFirst":true,"interactionType":"ENTER_TEXT"}]}
RESULT: {"script":"<script> [776 bytes]","args":[{"enterText":"1000","selector":{"id":"application-manageyards-display-component---NewYard--companyCodeComboBox","interaction":{"idSuffix":"inner"}},"clearTextFirst":true,"interactionType":"ENTER_TEXT"}]}
COMMAND: POST /session/25c011aa293abf97c7913f308519c6b0/execute/async - {"script":"<script> [1562 bytes]","args":[{"selector":{"controlType":"sap.m.Input","viewName":"etm.portal.ui.manageyards.view.New","viewId":"application-manageyards-display-component---NewYard","bindingPath":{"path":"","propertyPath":"/PLANT","modelName":"NewYardModel"},"interaction":{"idSuffix":"inner"}},"wdio_ui5_key":"etmportal.ui.manageyards.view.Newsap.m.Input{\"path\":\"\",\"propertyPath\":\"/PLANT\",\"modelName\":\"NewYardModel\"}"}]}
RESULT: {"script":"<script> [1562 bytes]","args":[{"selector":{"controlType":"sap.m.Input","viewName":"etm.portal.ui.manageyards.view.New","viewId":"application-manageyards-display-component---NewYard","bindingPath":{"path":"","propertyPath":"/PLANT","modelName":"NewYardModel"},"interaction":{"idSuffix":"inner"}},"wdio_ui5_key":"etmportal.ui.manageyards.view.Newsap.m.Input{\"path\":\"\",\"propertyPath\":\"/PLANT\",\"modelName\":\"NewYardModel\"}"}]}
RESULT: undefined
COMMAND: POST /session/25c011aa293abf97c7913f308519c6b0/execute/async - {"script":"<script> [776 bytes]","args":[{"enterText":"1001","selector":{"controlType":"sap.m.Input","viewName":"etm.portal.ui.manageyards.view.New","viewId":"application-manageyards-display-component---NewYard","bindingPath":{"path":"","propertyPath":"/PLANT","modelName":"NewYardModel"},"interaction":{"idSuffix":"inner"}},"clearTextFirst":true,"interactionType":"ENTER_TEXT"}]}
RESULT: {"script":"<script> [776 bytes]","args":[{"enterText":"1001","selector":{"controlType":"sap.m.Input","viewName":"etm.portal.ui.manageyards.view.New","viewId":"application-manageyards-display-component---NewYard","bindingPath":{"path":"","propertyPath":"/PLANT","modelName":"NewYardModel"},"interaction":{"idSuffix":"inner"}},"clearTextFirst":true,"interactionType":"ENTER_TEXT"}]}
COMMAND: POST /session/25c011aa293abf97c7913f308519c6b0/execute/async - {"script":"<script> [1562 bytes]","args":[{"selector":{"controlType":"sap.m.Input","viewName":"etm.portal.ui.manageyards.view.New","viewId":"application-manageyards-display-component---NewYard","bindingPath":{"path":"","propertyPath":"/SALES_AREA_VKORG","modelName":"NewYardModel"},"interaction":{"idSuffix":"inner"}},"wdio_ui5_key":"etmportal.ui.manageyards.view.Newsap.m.Input{\"path\":\"\",\"propertyPath\":\"/SALES_AREA_VKORG\",\"modelName\":\"NewYardModel\"}"}]}
RESULT: {"script":"<script> [1562 bytes]","args":[{"selector":{"controlType":"sap.m.Input","viewName":"etm.portal.ui.manageyards.view.New","viewId":"application-manageyards-display-component---NewYard","bindingPath":{"path":"","propertyPath":"/SALES_AREA_VKORG","modelName":"NewYardModel"},"interaction":{"idSuffix":"inner"}},"wdio_ui5_key":"etmportal.ui.manageyards.view.Newsap.m.Input{\"path\":\"\",\"propertyPath\":\"/SALES_AREA_VKORG\",\"modelName\":\"NewYardModel\"}"}]}
RESULT: undefined
COMMAND: POST /session/25c011aa293abf97c7913f308519c6b0/execute/async - {"script":"<script> [776 bytes]","args":[{"enterText":"C002","selector":{"controlType":"sap.m.Input","viewName":"etm.portal.ui.manageyards.view.New","viewId":"application-manageyards-display-component---NewYard","bindingPath":{"path":"","propertyPath":"/SALES_AREA_VKORG","modelName":"NewYardModel"},"interaction":{"idSuffix":"inner"}},"clearTextFirst":true,"interactionType":"ENTER_TEXT"}]}
RESULT: {"script":"<script> [776 bytes]","args":[{"enterText":"C002","selector":{"controlType":"sap.m.Input","viewName":"etm.portal.ui.manageyards.view.New","viewId":"application-manageyards-display-component---NewYard","bindingPath":{"path":"","propertyPath":"/SALES_AREA_VKORG","modelName":"NewYardModel"},"interaction":{"idSuffix":"inner"}},"clearTextFirst":true,"interactionType":"ENTER_TEXT"}]}
COMMAND: POST /session/25c011aa293abf97c7913f308519c6b0/execute/async - {"script":"<script> [1562 bytes]","args":[{"selector":{"controlType":"sap.m.Input","viewName":"etm.portal.ui.manageyards.view.New","viewId":"application-manageyards-display-component---NewYard","bindingPath":{"path":"","propertyPath":"/SALES_AREA_VTWEG","modelName":"NewYardModel"},"interaction":{"idSuffix":"inner"}},"wdio_ui5_key":"etmportal.ui.manageyards.view.Newsap.m.Input{\"path\":\"\",\"propertyPath\":\"/SALES_AREA_VTWEG\",\"modelName\":\"NewYardModel\"}"}]}
RESULT: {"script":"<script> [1562 bytes]","args":[{"selector":{"controlType":"sap.m.Input","viewName":"etm.portal.ui.manageyards.view.New","viewId":"application-manageyards-display-component---NewYard","bindingPath":{"path":"","propertyPath":"/SALES_AREA_VTWEG","modelName":"NewYardModel"},"interaction":{"idSuffix":"inner"}},"wdio_ui5_key":"etmportal.ui.manageyards.view.Newsap.m.Input{\"path\":\"\",\"propertyPath\":\"/SALES_AREA_VTWEG\",\"modelName\":\"NewYardModel\"}"}]}
RESULT: undefined
COMMAND: POST /session/25c011aa293abf97c7913f308519c6b0/execute/async - {"script":"<script> [776 bytes]","args":[{"enterText":"C2","selector":{"controlType":"sap.m.Input","viewName":"etm.portal.ui.manageyards.view.New","viewId":"application-manageyards-display-component---NewYard","bindingPath":{"path":"","propertyPath":"/SALES_AREA_VTWEG","modelName":"NewYardModel"},"interaction":{"idSuffix":"inner"}},"clearTextFirst":true,"interactionType":"ENTER_TEXT"}]}
RESULT: {"script":"<script> [776 bytes]","args":[{"enterText":"C2","selector":{"controlType":"sap.m.Input","viewName":"etm.portal.ui.manageyards.view.New","viewId":"application-manageyards-display-component---NewYard","bindingPath":{"path":"","propertyPath":"/SALES_AREA_VTWEG","modelName":"NewYardModel"},"interaction":{"idSuffix":"inner"}},"clearTextFirst":true,"interactionType":"ENTER_TEXT"}]}
COMMAND: POST /session/25c011aa293abf97c7913f308519c6b0/execute/async - {"script":"<script> [1562 bytes]","args":[{"selector":{"controlType":"sap.m.Input","viewName":"etm.portal.ui.manageyards.view.New","viewId":"application-manageyards-display-component---NewYard","bindingPath":{"path":"","propertyPath":"/SALES_AREA_SPART","modelName":"NewYardModel"},"interaction":{"idSuffix":"inner"}},"wdio_ui5_key":"etmportal.ui.manageyards.view.Newsap.m.Input{\"path\":\"\",\"propertyPath\":\"/SALES_AREA_SPART\",\"modelName\":\"NewYardModel\"}"}]}
RESULT: {"script":"<script> [1562 bytes]","args":[{"selector":{"controlType":"sap.m.Input","viewName":"etm.portal.ui.manageyards.view.New","viewId":"application-manageyards-display-component---NewYard","bindingPath":{"path":"","propertyPath":"/SALES_AREA_SPART","modelName":"NewYardModel"},"interaction":{"idSuffix":"inner"}},"wdio_ui5_key":"etmportal.ui.manageyards.view.Newsap.m.Input{\"path\":\"\",\"propertyPath\":\"/SALES_AREA_SPART\",\"modelName\":\"NewYardModel\"}"}]}
RESULT: undefined
COMMAND: POST /session/25c011aa293abf97c7913f308519c6b0/execute/async - {"script":"<script> [776 bytes]","args":[{"enterText":"C2","selector":{"controlType":"sap.m.Input","viewName":"etm.portal.ui.manageyards.view.New","viewId":"application-manageyards-display-component---NewYard","bindingPath":{"path":"","propertyPath":"/SALES_AREA_SPART","modelName":"NewYardModel"},"interaction":{"idSuffix":"inner"}},"clearTextFirst":true,"interactionType":"ENTER_TEXT"}]}
RESULT: {"script":"<script> [776 bytes]","args":[{"enterText":"C2","selector":{"controlType":"sap.m.Input","viewName":"etm.portal.ui.manageyards.view.New","viewId":"application-manageyards-display-component---NewYard","bindingPath":{"path":"","propertyPath":"/SALES_AREA_SPART","modelName":"NewYardModel"},"interaction":{"idSuffix":"inner"}},"clearTextFirst":true,"interactionType":"ENTER_TEXT"}]}
COMMAND: POST /session/25c011aa293abf97c7913f308519c6b0/execute/async - {"script":"<script> [1562 bytes]","args":[{"selector":{"controlType":"sap.m.Input","viewName":"etm.portal.ui.manageyards.view.New","viewId":"application-manageyards-display-component---NewYard","bindingPath":{"path":"","propertyPath":"/SHIP_POINT","modelName":"NewYardModel"},"interaction":{"idSuffix":"inner"}},"wdio_ui5_key":"etmportal.ui.manageyards.view.Newsap.m.Input{\"path\":\"\",\"propertyPath\":\"/SHIP_POINT\",\"modelName\":\"NewYardModel\"}"}]}
RESULT: {"script":"<script> [1562 bytes]","args":[{"selector":{"controlType":"sap.m.Input","viewName":"etm.portal.ui.manageyards.view.New","viewId":"application-manageyards-display-component---NewYard","bindingPath":{"path":"","propertyPath":"/SHIP_POINT","modelName":"NewYardModel"},"interaction":{"idSuffix":"inner"}},"wdio_ui5_key":"etmportal.ui.manageyards.view.Newsap.m.Input{\"path\":\"\",\"propertyPath\":\"/SHIP_POINT\",\"modelName\":\"NewYardModel\"}"}]}
RESULT: undefined
COMMAND: POST /session/25c011aa293abf97c7913f308519c6b0/execute/async - {"script":"<script> [776 bytes]","args":[{"enterText":"1710","selector":{"controlType":"sap.m.Input","viewName":"etm.portal.ui.manageyards.view.New","viewId":"application-manageyards-display-component---NewYard","bindingPath":{"path":"","propertyPath":"/SHIP_POINT","modelName":"NewYardModel"},"interaction":{"idSuffix":"inner"}},"clearTextFirst":true,"interactionType":"ENTER_TEXT"}]}
RESULT: {"script":"<script> [776 bytes]","args":[{"enterText":"1710","selector":{"controlType":"sap.m.Input","viewName":"etm.portal.ui.manageyards.view.New","viewId":"application-manageyards-display-component---NewYard","bindingPath":{"path":"","propertyPath":"/SHIP_POINT","modelName":"NewYardModel"},"interaction":{"idSuffix":"inner"}},"clearTextFirst":true,"interactionType":"ENTER_TEXT"}]}
COMMAND: POST /session/25c011aa293abf97c7913f308519c6b0/execute/async - {"script":"<script> [1562 bytes]","args":[{"selector":{"controlType":"sap.m.Input","viewName":"etm.portal.ui.manageyards.view.New","viewId":"application-manageyards-display-component---NewYard","bindingPath":{"path":"","propertyPath":"/DELIVERY_TYPE","modelName":"NewYardModel"},"interaction":{"idSuffix":"inner"}},"wdio_ui5_key":"etmportal.ui.manageyards.view.Newsap.m.Input{\"path\":\"\",\"propertyPath\":\"/DELIVERY_TYPE\",\"modelName\":\"NewYardModel\"}"}]}
RESULT: {"script":"<script> [1562 bytes]","args":[{"selector":{"controlType":"sap.m.Input","viewName":"etm.portal.ui.manageyards.view.New","viewId":"application-manageyards-display-component---NewYard","bindingPath":{"path":"","propertyPath":"/DELIVERY_TYPE","modelName":"NewYardModel"},"interaction":{"idSuffix":"inner"}},"wdio_ui5_key":"etmportal.ui.manageyards.view.Newsap.m.Input{\"path\":\"\",\"propertyPath\":\"/DELIVERY_TYPE\",\"modelName\":\"NewYardModel\"}"}]}
RESULT: undefined
COMMAND: POST /session/25c011aa293abf97c7913f308519c6b0/execute/async - {"script":"<script> [776 bytes]","args":[{"enterText":"ZL01","selector":{"controlType":"sap.m.Input","viewName":"etm.portal.ui.manageyards.view.New","viewId":"application-manageyards-display-component---NewYard","bindingPath":{"path":"","propertyPath":"/DELIVERY_TYPE","modelName":"NewYardModel"},"interaction":{"idSuffix":"inner"}},"clearTextFirst":true,"interactionType":"ENTER_TEXT"}]}
RESULT: {"script":"<script> [776 bytes]","args":[{"enterText":"ZL01","selector":{"controlType":"sap.m.Input","viewName":"etm.portal.ui.manageyards.view.New","viewId":"application-manageyards-display-component---NewYard","bindingPath":{"path":"","propertyPath":"/DELIVERY_TYPE","modelName":"NewYardModel"},"interaction":{"idSuffix":"inner"}},"clearTextFirst":true,"interactionType":"ENTER_TEXT"}]}
COMMAND: POST /session/25c011aa293abf97c7913f308519c6b0/execute/async - {"script":"<script> [1562 bytes]","args":[{"selector":{"controlType":"sap.m.Input","viewName":"etm.portal.ui.manageyards.view.New","viewId":"application-manageyards-display-component---NewYard","bindingPath":{"path":"","propertyPath":"/AUART","modelName":"NewYardModel"},"interaction":{"idSuffix":"inner"}},"wdio_ui5_key":"etmportal.ui.manageyards.view.Newsap.m.Input{\"path\":\"\",\"propertyPath\":\"/AUART\",\"modelName\":\"NewYardModel\"}"}]}
RESULT: {"script":"<script> [1562 bytes]","args":[{"selector":{"controlType":"sap.m.Input","viewName":"etm.portal.ui.manageyards.view.New","viewId":"application-manageyards-display-component---NewYard","bindingPath":{"path":"","propertyPath":"/AUART","modelName":"NewYardModel"},"interaction":{"idSuffix":"inner"}},"wdio_ui5_key":"etmportal.ui.manageyards.view.Newsap.m.Input{\"path\":\"\",\"propertyPath\":\"/AUART\",\"modelName\":\"NewYardModel\"}"}]}
RESULT: undefined
COMMAND: POST /session/25c011aa293abf97c7913f308519c6b0/execute/async - {"script":"<script> [776 bytes]","args":[{"enterText":"TA","selector":{"controlType":"sap.m.Input","viewName":"etm.portal.ui.manageyards.view.New","viewId":"application-manageyards-display-component---NewYard","bindingPath":{"path":"","propertyPath":"/AUART","modelName":"NewYardModel"},"interaction":{"idSuffix":"inner"}},"clearTextFirst":true,"interactionType":"ENTER_TEXT"}]}
RESULT: {"script":"<script> [776 bytes]","args":[{"enterText":"TA","selector":{"controlType":"sap.m.Input","viewName":"etm.portal.ui.manageyards.view.New","viewId":"application-manageyards-display-component---NewYard","bindingPath":{"path":"","propertyPath":"/AUART","modelName":"NewYardModel"},"interaction":{"idSuffix":"inner"}},"clearTextFirst":true,"interactionType":"ENTER_TEXT"}]}
COMMAND: POST /session/25c011aa293abf97c7913f308519c6b0/element - {"using":"xpath","value":"//button[@data-kt=\"newYardSaveButton\"]"}
RESULT: {"using":"xpath","value":"//button[@data-kt=\"newYardSaveButton\"]"}
COMMAND: POST /session/25c011aa293abf97c7913f308519c6b0/element/f.A224BA6FA6224D464A8F44AD5BF2EA9F.d.EBAB778C917F7BF3A8FE82E1EABA31EB.e.7089/click - {}
RESULT: {}
COMMAND: GET /session/25c011aa293abf97c7913f308519c6b0/screenshot - {}
RESULT: {}
COMMAND: POST /session/25c011aa293abf97c7913f308519c6b0/element - {"using":"xpath","value":"//header[contains(@id, 'ObjectPageLayout-headerTitle')]/div[1]/div[2]/div[1]/span[1]"}
RESULT: {"using":"xpath","value":"//header[contains(@id, 'ObjectPageLayout-headerTitle')]/div[1]/div[2]/div[1]/span[1]"}
COMMAND: POST /session/25c011aa293abf97c7913f308519c6b0/elements - {"using":"xpath","value":"//header[contains(@id, 'ObjectPageLayout-headerTitle')]/div[1]/div[2]/div[1]/span[1]"}
RESULT: {"using":"xpath","value":"//header[contains(@id, 'ObjectPageLayout-headerTitle')]/div[1]/div[2]/div[1]/span[1]"}
COMMAND: POST /session/25c011aa293abf97c7913f308519c6b0/execute/sync - {"script":"<script> [56 bytes]","args":[{"element-6066-11e4-a52e-4f735466cecf":"f.A224BA6FA6224D464A8F44AD5BF2EA9F.d.EBAB778C917F7BF3A8FE82E1EABA31EB.e.7385","ELEMENT":"f.A224BA6FA6224D464A8F44AD5BF2EA9F.d.EBAB778C917F7BF3A8FE82E1EABA31EB.e.7385"}]}
RESULT: {"script":"<script> [56 bytes]","args":[{"element-6066-11e4-a52e-4f735466cecf":"f.A224BA6FA6224D464A8F44AD5BF2EA9F.d.EBAB778C917F7BF3A8FE82E1EABA31EB.e.7385","ELEMENT":"f.A224BA6FA6224D464A8F44AD5BF2EA9F.d.EBAB778C917F7BF3A8FE82E1EABA31EB.e.7385"}]}
COMMAND: GET /session/25c011aa293abf97c7913f308519c6b0/screenshot - {}
RESULT: {}
COMMAND: POST /session/25c011aa293abf97c7913f308519c6b0/element - {"using":"css selector","value":"#shell-header-logo"}
RESULT: {"using":"css selector","value":"#shell-header-logo"}
COMMAND: POST /session/25c011aa293abf97c7913f308519c6b0/element/f.A224BA6FA6224D464A8F44AD5BF2EA9F.d.EBAB778C917F7BF3A8FE82E1EABA31EB.e.6642/click - {}
RESULT: {}
COMMAND: GET /session/25c011aa293abf97c7913f308519c6b0/screenshot - {}
RESULT: {}
COMMAND: POST /session/25c011aa293abf97c7913f308519c6b0/execute/sync - {"script":"<script> [299 bytes]","args":[["getModel","getResource"]]}
RESULT: {"script":"<script> [299 bytes]","args":[["getModel","getResource"]]}
]]></system-out>
    </testcase>
    <testcase classname="chrome.137_0_7151_69.windows.Create_master_data_for_mixed_billing_&amp;_do_billing_calculation_US151661" name="Should create a new partner" time="141.334">
      <system-out><![CDATA[
COMMAND: POST /session/25c011aa293abf97c7913f308519c6b0/window/fullscreen - {}
COMMAND: GET /session/25c011aa293abf97c7913f308519c6b0/screenshot - {}
RESULT: {}
COMMAND: POST /session/25c011aa293abf97c7913f308519c6b0/execute/async - {"script":"<script> [1562 bytes]","args":[{"selector":{"controlType":"sap.m.GenericTile","properties":{"header":"Manage Partners"}},"wdio_ui5_key":"sapm.GenericTile{\"header\":\"Manage Partners\"}"}]}
RESULT: {}
RESULT: {"script":"<script> [1562 bytes]","args":[{"selector":{"controlType":"sap.m.GenericTile","properties":{"header":"Manage Partners"}},"wdio_ui5_key":"sapm.GenericTile{\"header\":\"Manage Partners\"}"}]}
RESULT: undefined
COMMAND: POST /session/25c011aa293abf97c7913f308519c6b0/element - {"using":"xpath","value":"//*[@id=\"__tile39\"]"}
RESULT: {"using":"xpath","value":"//*[@id=\"__tile39\"]"}
COMMAND: POST /session/25c011aa293abf97c7913f308519c6b0/element/f.A224BA6FA6224D464A8F44AD5BF2EA9F.d.EBAB778C917F7BF3A8FE82E1EABA31EB.e.6539/click - {}
RESULT: {}
COMMAND: GET /session/25c011aa293abf97c7913f308519c6b0/screenshot - {}
RESULT: {}
COMMAND: POST /session/25c011aa293abf97c7913f308519c6b0/elements - {"using":"xpath","value":"//span[text()='Error']"}
RESULT: {"using":"xpath","value":"//span[text()='Error']"}
COMMAND: POST /session/25c011aa293abf97c7913f308519c6b0/element - {"using":"xpath","value":"//button[@data-kt=\"addButton\"]"}
RESULT: {"using":"xpath","value":"//button[@data-kt=\"addButton\"]"}
COMMAND: POST /session/25c011aa293abf97c7913f308519c6b0/elements - {"using":"xpath","value":"//button[@data-kt=\"addButton\"]"}
RESULT: {"using":"xpath","value":"//button[@data-kt=\"addButton\"]"}
COMMAND: POST /session/25c011aa293abf97c7913f308519c6b0/execute/sync - {"script":"<script> [8489 bytes]","args":[{"element-6066-11e4-a52e-4f735466cecf":"f.A224BA6FA6224D464A8F44AD5BF2EA9F.d.EBAB778C917F7BF3A8FE82E1EABA31EB.e.7423","ELEMENT":"f.A224BA6FA6224D464A8F44AD5BF2EA9F.d.EBAB778C917F7BF3A8FE82E1EABA31EB.e.7423"}]}
RESULT: {"script":"<script> [8489 bytes]","args":[{"element-6066-11e4-a52e-4f735466cecf":"f.A224BA6FA6224D464A8F44AD5BF2EA9F.d.EBAB778C917F7BF3A8FE82E1EABA31EB.e.7423","ELEMENT":"f.A224BA6FA6224D464A8F44AD5BF2EA9F.d.EBAB778C917F7BF3A8FE82E1EABA31EB.e.7423"}]}
COMMAND: GET /session/25c011aa293abf97c7913f308519c6b0/element/f.A224BA6FA6224D464A8F44AD5BF2EA9F.d.EBAB778C917F7BF3A8FE82E1EABA31EB.e.7423/enabled - {}
COMMAND: GET /session/25c011aa293abf97c7913f308519c6b0/screenshot - {}
RESULT: {}
COMMAND: POST /session/25c011aa293abf97c7913f308519c6b0/execute/sync - {"script":"<script> [8489 bytes]","args":[{"element-6066-11e4-a52e-4f735466cecf":"f.A224BA6FA6224D464A8F44AD5BF2EA9F.d.EBAB778C917F7BF3A8FE82E1EABA31EB.e.7423","ELEMENT":"f.A224BA6FA6224D464A8F44AD5BF2EA9F.d.EBAB778C917F7BF3A8FE82E1EABA31EB.e.7423"}]}
COMMAND: GET /session/25c011aa293abf97c7913f308519c6b0/screenshot - {}
RESULT: {}
RESULT: {"script":"<script> [8489 bytes]","args":[{"element-6066-11e4-a52e-4f735466cecf":"f.A224BA6FA6224D464A8F44AD5BF2EA9F.d.EBAB778C917F7BF3A8FE82E1EABA31EB.e.7423","ELEMENT":"f.A224BA6FA6224D464A8F44AD5BF2EA9F.d.EBAB778C917F7BF3A8FE82E1EABA31EB.e.7423"}]}
COMMAND: POST /session/25c011aa293abf97c7913f308519c6b0/execute/sync - {"script":"<script> [5351 bytes]","args":[{"element-6066-11e4-a52e-4f735466cecf":"f.A224BA6FA6224D464A8F44AD5BF2EA9F.d.EBAB778C917F7BF3A8FE82E1EABA31EB.e.7423","ELEMENT":"f.A224BA6FA6224D464A8F44AD5BF2EA9F.d.EBAB778C917F7BF3A8FE82E1EABA31EB.e.7423"}]}
COMMAND: GET /session/25c011aa293abf97c7913f308519c6b0/screenshot - {}
RESULT: {}
RESULT: {"script":"<script> [5351 bytes]","args":[{"element-6066-11e4-a52e-4f735466cecf":"f.A224BA6FA6224D464A8F44AD5BF2EA9F.d.EBAB778C917F7BF3A8FE82E1EABA31EB.e.7423","ELEMENT":"f.A224BA6FA6224D464A8F44AD5BF2EA9F.d.EBAB778C917F7BF3A8FE82E1EABA31EB.e.7423"}]}
COMMAND: POST /session/25c011aa293abf97c7913f308519c6b0/element/f.A224BA6FA6224D464A8F44AD5BF2EA9F.d.EBAB778C917F7BF3A8FE82E1EABA31EB.e.7423/click - {}
COMMAND: GET /session/25c011aa293abf97c7913f308519c6b0/screenshot - {}
RESULT: {}
RESULT: {}
COMMAND: GET /session/25c011aa293abf97c7913f308519c6b0/screenshot - {}
RESULT: {}
RESULT: {}
COMMAND: POST /session/25c011aa293abf97c7913f308519c6b0/execute/async - {"script":"<script> [1562 bytes]","args":[{"selector":{"id":"application-managepartners-display-component---NewPartner--addressDetailDetailsName1","interaction":{"idSuffix":"inner"}},"wdio_ui5_key":"applicationmanagepartners-display-component---NewPartner--addressDetailDetailsName1"}]}
RESULT: {"script":"<script> [1562 bytes]","args":[{"selector":{"id":"application-managepartners-display-component---NewPartner--addressDetailDetailsName1","interaction":{"idSuffix":"inner"}},"wdio_ui5_key":"applicationmanagepartners-display-component---NewPartner--addressDetailDetailsName1"}]}
RESULT: undefined
COMMAND: POST /session/25c011aa293abf97c7913f308519c6b0/execute/async - {"script":"<script> [776 bytes]","args":[{"enterText":"Intercompany Partner WDIO","selector":{"id":"application-managepartners-display-component---NewPartner--addressDetailDetailsName1","interaction":{"idSuffix":"inner"}},"clearTextFirst":true,"interactionType":"ENTER_TEXT"}]}
RESULT: {"script":"<script> [776 bytes]","args":[{"enterText":"Intercompany Partner WDIO","selector":{"id":"application-managepartners-display-component---NewPartner--addressDetailDetailsName1","interaction":{"idSuffix":"inner"}},"clearTextFirst":true,"interactionType":"ENTER_TEXT"}]}
COMMAND: POST /session/25c011aa293abf97c7913f308519c6b0/execute/async - {"script":"<script> [1562 bytes]","args":[{"selector":{"id":"application-managepartners-display-component---NewPartner--addressDetailDetailsLanguage-arrow"},"wdio_ui5_key":"applicationmanagepartners-display-component---NewPartner--addressDetailDetailsLanguage-arrow"}]}
RESULT: {"script":"<script> [1562 bytes]","args":[{"selector":{"id":"application-managepartners-display-component---NewPartner--addressDetailDetailsLanguage-arrow"},"wdio_ui5_key":"applicationmanagepartners-display-component---NewPartner--addressDetailDetailsLanguage-arrow"}]}
RESULT: undefined
COMMAND: POST /session/25c011aa293abf97c7913f308519c6b0/element - {"using":"xpath","value":"//*[@id=\"application-managepartners-display-component---NewPartner--addressDetailDetailsLanguage-arrow\"]"}
RESULT: {"using":"xpath","value":"//*[@id=\"application-managepartners-display-component---NewPartner--addressDetailDetailsLanguage-arrow\"]"}
COMMAND: POST /session/25c011aa293abf97c7913f308519c6b0/element/f.A224BA6FA6224D464A8F44AD5BF2EA9F.d.EBAB778C917F7BF3A8FE82E1EABA31EB.e.7861/click - {}
RESULT: {}
COMMAND: POST /session/25c011aa293abf97c7913f308519c6b0/element - {"using":"xpath","value":"//span[contains(text(), \"English\")]"}
COMMAND: GET /session/25c011aa293abf97c7913f308519c6b0/screenshot - {}
RESULT: {"using":"xpath","value":"//span[contains(text(), \"English\")]"}
COMMAND: POST /session/25c011aa293abf97c7913f308519c6b0/element/f.A224BA6FA6224D464A8F44AD5BF2EA9F.d.EBAB778C917F7BF3A8FE82E1EABA31EB.e.7862/click - {}
RESULT: {}
RESULT: {}
COMMAND: GET /session/25c011aa293abf97c7913f308519c6b0/screenshot - {}
RESULT: {}
COMMAND: POST /session/25c011aa293abf97c7913f308519c6b0/execute/async - {"script":"<script> [1562 bytes]","args":[{"selector":{"id":"application-managepartners-display-component---NewPartner--addressDetailDetailsCity1","interaction":{"idSuffix":"inner"}},"wdio_ui5_key":"applicationmanagepartners-display-component---NewPartner--addressDetailDetailsCity1"}]}
RESULT: {"script":"<script> [1562 bytes]","args":[{"selector":{"id":"application-managepartners-display-component---NewPartner--addressDetailDetailsCity1","interaction":{"idSuffix":"inner"}},"wdio_ui5_key":"applicationmanagepartners-display-component---NewPartner--addressDetailDetailsCity1"}]}
RESULT: undefined
COMMAND: POST /session/25c011aa293abf97c7913f308519c6b0/execute/async - {"script":"<script> [776 bytes]","args":[{"enterText":"Rosario","selector":{"id":"application-managepartners-display-component---NewPartner--addressDetailDetailsCity1","interaction":{"idSuffix":"inner"}},"clearTextFirst":true,"interactionType":"ENTER_TEXT"}]}
RESULT: {"script":"<script> [776 bytes]","args":[{"enterText":"Rosario","selector":{"id":"application-managepartners-display-component---NewPartner--addressDetailDetailsCity1","interaction":{"idSuffix":"inner"}},"clearTextFirst":true,"interactionType":"ENTER_TEXT"}]}
COMMAND: POST /session/25c011aa293abf97c7913f308519c6b0/execute/async - {"script":"<script> [1562 bytes]","args":[{"selector":{"id":"application-managepartners-display-component---NewPartner--addressDetailDetailsCountry-arrow"},"wdio_ui5_key":"applicationmanagepartners-display-component---NewPartner--addressDetailDetailsCountry-arrow"}]}
RESULT: {"script":"<script> [1562 bytes]","args":[{"selector":{"id":"application-managepartners-display-component---NewPartner--addressDetailDetailsCountry-arrow"},"wdio_ui5_key":"applicationmanagepartners-display-component---NewPartner--addressDetailDetailsCountry-arrow"}]}
RESULT: undefined
COMMAND: POST /session/25c011aa293abf97c7913f308519c6b0/element - {"using":"xpath","value":"//*[@id=\"application-managepartners-display-component---NewPartner--addressDetailDetailsCountry-arrow\"]"}
RESULT: {"using":"xpath","value":"//*[@id=\"application-managepartners-display-component---NewPartner--addressDetailDetailsCountry-arrow\"]"}
COMMAND: POST /session/25c011aa293abf97c7913f308519c6b0/element/f.A224BA6FA6224D464A8F44AD5BF2EA9F.d.EBAB778C917F7BF3A8FE82E1EABA31EB.e.7843/click - {}
RESULT: {}
COMMAND: POST /session/25c011aa293abf97c7913f308519c6b0/element - {"using":"xpath","value":"//span[contains(text(), \"Argentina\")]"}
COMMAND: GET /session/25c011aa293abf97c7913f308519c6b0/screenshot - {}
RESULT: {"using":"xpath","value":"//span[contains(text(), \"Argentina\")]"}
COMMAND: POST /session/25c011aa293abf97c7913f308519c6b0/element/f.A224BA6FA6224D464A8F44AD5BF2EA9F.d.EBAB778C917F7BF3A8FE82E1EABA31EB.e.7864/click - {}
RESULT: {}
RESULT: {}
COMMAND: GET /session/25c011aa293abf97c7913f308519c6b0/screenshot - {}
RESULT: {}
COMMAND: POST /session/25c011aa293abf97c7913f308519c6b0/element - {"using":"xpath","value":"//bdi[contains(text(), \"Commercial\")]"}
RESULT: {"using":"xpath","value":"//bdi[contains(text(), \"Commercial\")]"}
COMMAND: POST /session/25c011aa293abf97c7913f308519c6b0/element/f.A224BA6FA6224D464A8F44AD5BF2EA9F.d.EBAB778C917F7BF3A8FE82E1EABA31EB.e.7865/click - {}
RESULT: {}
COMMAND: GET /session/25c011aa293abf97c7913f308519c6b0/screenshot - {}
RESULT: {}
COMMAND: POST /session/25c011aa293abf97c7913f308519c6b0/execute/async - {"script":"<script> [1562 bytes]","args":[{"selector":{"id":"application-managepartners-display-component---NewPartner--partnerDetailInternal-arrow"},"wdio_ui5_key":"applicationmanagepartners-display-component---NewPartner--partnerDetailInternal-arrow"}]}
RESULT: {"script":"<script> [1562 bytes]","args":[{"selector":{"id":"application-managepartners-display-component---NewPartner--partnerDetailInternal-arrow"},"wdio_ui5_key":"applicationmanagepartners-display-component---NewPartner--partnerDetailInternal-arrow"}]}
RESULT: undefined
COMMAND: POST /session/25c011aa293abf97c7913f308519c6b0/element - {"using":"xpath","value":"//*[@id=\"application-managepartners-display-component---NewPartner--partnerDetailInternal-arrow\"]"}
RESULT: {"using":"xpath","value":"//*[@id=\"application-managepartners-display-component---NewPartner--partnerDetailInternal-arrow\"]"}
COMMAND: POST /session/25c011aa293abf97c7913f308519c6b0/element/f.A224BA6FA6224D464A8F44AD5BF2EA9F.d.EBAB778C917F7BF3A8FE82E1EABA31EB.e.7871/click - {}
RESULT: {}
COMMAND: POST /session/25c011aa293abf97c7913f308519c6b0/element - {"using":"xpath","value":"//span[contains(text(), \"Affiliated company\")]"}
COMMAND: GET /session/25c011aa293abf97c7913f308519c6b0/screenshot - {}
RESULT: {"using":"xpath","value":"//span[contains(text(), \"Affiliated company\")]"}
COMMAND: POST /session/25c011aa293abf97c7913f308519c6b0/element/f.A224BA6FA6224D464A8F44AD5BF2EA9F.d.EBAB778C917F7BF3A8FE82E1EABA31EB.e.7872/click - {}
RESULT: {}
RESULT: {}
COMMAND: POST /session/25c011aa293abf97c7913f308519c6b0/execute/async - {"script":"<script> [1562 bytes]","args":[{"selector":{"id":"application-managepartners-display-component---NewPartner--partnerDetailsCurrency-arrow"},"wdio_ui5_key":"applicationmanagepartners-display-component---NewPartner--partnerDetailsCurrency-arrow"}]}
COMMAND: GET /session/25c011aa293abf97c7913f308519c6b0/screenshot - {}
RESULT: {"script":"<script> [1562 bytes]","args":[{"selector":{"id":"application-managepartners-display-component---NewPartner--partnerDetailsCurrency-arrow"},"wdio_ui5_key":"applicationmanagepartners-display-component---NewPartner--partnerDetailsCurrency-arrow"}]}
RESULT: undefined
COMMAND: POST /session/25c011aa293abf97c7913f308519c6b0/element - {"using":"xpath","value":"//*[@id=\"application-managepartners-display-component---NewPartner--partnerDetailsCurrency-arrow\"]"}
RESULT: {}
RESULT: {"using":"xpath","value":"//*[@id=\"application-managepartners-display-component---NewPartner--partnerDetailsCurrency-arrow\"]"}
COMMAND: POST /session/25c011aa293abf97c7913f308519c6b0/element/f.A224BA6FA6224D464A8F44AD5BF2EA9F.d.EBAB778C917F7BF3A8FE82E1EABA31EB.e.7879/click - {}
RESULT: {}
COMMAND: POST /session/25c011aa293abf97c7913f308519c6b0/element - {"using":"xpath","value":"//span[contains(text(), \"Euro\")]"}
COMMAND: GET /session/25c011aa293abf97c7913f308519c6b0/screenshot - {}
RESULT: {"using":"xpath","value":"//span[contains(text(), \"Euro\")]"}
COMMAND: POST /session/25c011aa293abf97c7913f308519c6b0/element/f.A224BA6FA6224D464A8F44AD5BF2EA9F.d.EBAB778C917F7BF3A8FE82E1EABA31EB.e.7880/click - {}
RESULT: {}
RESULT: {}
COMMAND: POST /session/25c011aa293abf97c7913f308519c6b0/execute/async - {"script":"<script> [1562 bytes]","args":[{"selector":{"id":"application-managepartners-display-component---NewPartner--addressEditDetailsCostObjectCstType-arrow"},"wdio_ui5_key":"applicationmanagepartners-display-component---NewPartner--addressEditDetailsCostObjectCstType-arrow"}]}
COMMAND: GET /session/25c011aa293abf97c7913f308519c6b0/screenshot - {}
RESULT: {"script":"<script> [1562 bytes]","args":[{"selector":{"id":"application-managepartners-display-component---NewPartner--addressEditDetailsCostObjectCstType-arrow"},"wdio_ui5_key":"applicationmanagepartners-display-component---NewPartner--addressEditDetailsCostObjectCstType-arrow"}]}
RESULT: undefined
COMMAND: POST /session/25c011aa293abf97c7913f308519c6b0/element - {"using":"xpath","value":"//*[@id=\"application-managepartners-display-component---NewPartner--addressEditDetailsCostObjectCstType-arrow\"]"}
RESULT: {}
RESULT: {"using":"xpath","value":"//*[@id=\"application-managepartners-display-component---NewPartner--addressEditDetailsCostObjectCstType-arrow\"]"}
COMMAND: POST /session/25c011aa293abf97c7913f308519c6b0/element/f.A224BA6FA6224D464A8F44AD5BF2EA9F.d.EBAB778C917F7BF3A8FE82E1EABA31EB.e.7881/click - {}
RESULT: {}
COMMAND: POST /session/25c011aa293abf97c7913f308519c6b0/element - {"using":"xpath","value":"//span[contains(text(), \"Cost Center\")]"}
COMMAND: GET /session/25c011aa293abf97c7913f308519c6b0/screenshot - {}
RESULT: {"using":"xpath","value":"//span[contains(text(), \"Cost Center\")]"}
COMMAND: POST /session/25c011aa293abf97c7913f308519c6b0/element/f.A224BA6FA6224D464A8F44AD5BF2EA9F.d.EBAB778C917F7BF3A8FE82E1EABA31EB.e.7882/click - {}
RESULT: {}
RESULT: {}
COMMAND: GET /session/25c011aa293abf97c7913f308519c6b0/screenshot - {}
RESULT: {}
COMMAND: POST /session/25c011aa293abf97c7913f308519c6b0/element - {"using":"xpath","value":"//span[@id=\"application-managepartners-display-component---NewPartner--addressNewCostObjectCstID-vhi\"]"}
RESULT: {"using":"xpath","value":"//span[@id=\"application-managepartners-display-component---NewPartner--addressNewCostObjectCstID-vhi\"]"}
COMMAND: POST /session/25c011aa293abf97c7913f308519c6b0/execute/sync - {"script":"<script> [8489 bytes]","args":[{"element-6066-11e4-a52e-4f735466cecf":"f.A224BA6FA6224D464A8F44AD5BF2EA9F.d.EBAB778C917F7BF3A8FE82E1EABA31EB.e.7886","ELEMENT":"f.A224BA6FA6224D464A8F44AD5BF2EA9F.d.EBAB778C917F7BF3A8FE82E1EABA31EB.e.7886"}]}
RESULT: {"script":"<script> [8489 bytes]","args":[{"element-6066-11e4-a52e-4f735466cecf":"f.A224BA6FA6224D464A8F44AD5BF2EA9F.d.EBAB778C917F7BF3A8FE82E1EABA31EB.e.7886","ELEMENT":"f.A224BA6FA6224D464A8F44AD5BF2EA9F.d.EBAB778C917F7BF3A8FE82E1EABA31EB.e.7886"}]}
COMMAND: POST /session/25c011aa293abf97c7913f308519c6b0/execute/async - {"script":"<script> [1562 bytes]","args":[{"selector":{"id":"application-managepartners-display-component---NewPartner--addressNewCostObjectCstID-vhi"},"wdio_ui5_key":"applicationmanagepartners-display-component---NewPartner--addressNewCostObjectCstID-vhi"}]}
COMMAND: GET /session/25c011aa293abf97c7913f308519c6b0/screenshot - {}
RESULT: {"script":"<script> [1562 bytes]","args":[{"selector":{"id":"application-managepartners-display-component---NewPartner--addressNewCostObjectCstID-vhi"},"wdio_ui5_key":"applicationmanagepartners-display-component---NewPartner--addressNewCostObjectCstID-vhi"}]}
RESULT: undefined
COMMAND: POST /session/25c011aa293abf97c7913f308519c6b0/element - {"using":"xpath","value":"//*[@id=\"application-managepartners-display-component---NewPartner--addressNewCostObjectCstID-vhi\"]"}
RESULT: {}
RESULT: {"using":"xpath","value":"//*[@id=\"application-managepartners-display-component---NewPartner--addressNewCostObjectCstID-vhi\"]"}
COMMAND: POST /session/25c011aa293abf97c7913f308519c6b0/element/f.A224BA6FA6224D464A8F44AD5BF2EA9F.d.EBAB778C917F7BF3A8FE82E1EABA31EB.e.7886/click - {}
RESULT: {}
COMMAND: GET /session/25c011aa293abf97c7913f308519c6b0/screenshot - {}
RESULT: {}
RESULT: undefined
COMMAND: POST /session/25c011aa293abf97c7913f308519c6b0/execute/async - {"script":"<script> [776 bytes]","args":[{"enterText":"10001013","selector":{"controlType":"sap.m.SearchField","properties":{"placeholder":"Search"},"searchOpenDialogs":true,"interaction":{"idSuffix":"I"}},"clearTextFirst":true,"interactionType":"ENTER_TEXT"}]}
RESULT: {"script":"<script> [776 bytes]","args":[{"enterText":"10001013","selector":{"controlType":"sap.m.SearchField","properties":{"placeholder":"Search"},"searchOpenDialogs":true,"interaction":{"idSuffix":"I"}},"clearTextFirst":true,"interactionType":"ENTER_TEXT"}]}
COMMAND: POST /session/25c011aa293abf97c7913f308519c6b0/actions - {"actions":[{"id":"action23","type":"key","parameters":{},"actions":[{"type":"keyDown","value":""},{"type":"pause","duration":10},{"type":"keyUp","value":""}]}]}
RESULT: {"actions":[{"id":"action23","type":"key","parameters":{},"actions":[{"type":"keyDown","value":""},{"type":"pause","duration":10},{"type":"keyUp","value":""}]}]}
COMMAND: GET /session/25c011aa293abf97c7913f308519c6b0/screenshot - {}
RESULT: {}
COMMAND: POST /session/25c011aa293abf97c7913f308519c6b0/element - {"using":"xpath","value":"//span[contains(text(), \"General Management\")]"}
RESULT: {"using":"xpath","value":"//span[contains(text(), \"General Management\")]"}
COMMAND: POST /session/25c011aa293abf97c7913f308519c6b0/element/f.A224BA6FA6224D464A8F44AD5BF2EA9F.d.EBAB778C917F7BF3A8FE82E1EABA31EB.e.7924/click - {}
RESULT: {}
COMMAND: GET /session/25c011aa293abf97c7913f308519c6b0/screenshot - {}
RESULT: {}
COMMAND: POST /session/25c011aa293abf97c7913f308519c6b0/element - {"using":"xpath","value":"//bdi[contains(text(), \"OK\")]"}
RESULT: {"using":"xpath","value":"//bdi[contains(text(), \"OK\")]"}
COMMAND: POST /session/25c011aa293abf97c7913f308519c6b0/element/f.A224BA6FA6224D464A8F44AD5BF2EA9F.d.EBAB778C917F7BF3A8FE82E1EABA31EB.e.7925/click - {}
RESULT: {}
COMMAND: GET /session/25c011aa293abf97c7913f308519c6b0/screenshot - {}
RESULT: {}
COMMAND: POST /session/25c011aa293abf97c7913f308519c6b0/element - {"using":"xpath","value":"//input[@id=\"application-managepartners-display-component---NewPartner--companyCodeComboBox-inner\"]"}
RESULT: {"using":"xpath","value":"//input[@id=\"application-managepartners-display-component---NewPartner--companyCodeComboBox-inner\"]"}
COMMAND: POST /session/25c011aa293abf97c7913f308519c6b0/element/f.A224BA6FA6224D464A8F44AD5BF2EA9F.d.EBAB778C917F7BF3A8FE82E1EABA31EB.e.7727/clear - {}
RESULT: {}
COMMAND: POST /session/25c011aa293abf97c7913f308519c6b0/element/f.A224BA6FA6224D464A8F44AD5BF2EA9F.d.EBAB778C917F7BF3A8FE82E1EABA31EB.e.7727/value - {"text":"C002"}
COMMAND: GET /session/25c011aa293abf97c7913f308519c6b0/screenshot - {}
RESULT: {"text":"C002"}
COMMAND: GET /session/25c011aa293abf97c7913f308519c6b0/screenshot - {}
RESULT: {}
RESULT: {}
COMMAND: POST /session/25c011aa293abf97c7913f308519c6b0/element - {"using":"xpath","value":"//li[.//span[text()= \"C002\"]]"}
RESULT: {"using":"xpath","value":"//li[.//span[text()= \"C002\"]]"}
COMMAND: POST /session/25c011aa293abf97c7913f308519c6b0/element/f.A224BA6FA6224D464A8F44AD5BF2EA9F.d.EBAB778C917F7BF3A8FE82E1EABA31EB.e.7931/click - {}
RESULT: {}
COMMAND: GET /session/25c011aa293abf97c7913f308519c6b0/screenshot - {}
RESULT: {}
COMMAND: POST /session/25c011aa293abf97c7913f308519c6b0/execute/async - {"script":"<script> [1562 bytes]","args":[{"selector":{"id":"application-managepartners-display-component---NewPartner--btnAddTableRow-img"},"wdio_ui5_key":"applicationmanagepartners-display-component---NewPartner--btnAddTableRow-img"}]}
RESULT: {"script":"<script> [1562 bytes]","args":[{"selector":{"id":"application-managepartners-display-component---NewPartner--btnAddTableRow-img"},"wdio_ui5_key":"applicationmanagepartners-display-component---NewPartner--btnAddTableRow-img"}]}
RESULT: undefined
COMMAND: POST /session/25c011aa293abf97c7913f308519c6b0/element - {"using":"xpath","value":"//*[@id=\"application-managepartners-display-component---NewPartner--btnAddTableRow-img\"]"}
RESULT: {"using":"xpath","value":"//*[@id=\"application-managepartners-display-component---NewPartner--btnAddTableRow-img\"]"}
COMMAND: POST /session/25c011aa293abf97c7913f308519c6b0/element/f.A224BA6FA6224D464A8F44AD5BF2EA9F.d.EBAB778C917F7BF3A8FE82E1EABA31EB.e.7932/click - {}
RESULT: {}
COMMAND: GET /session/25c011aa293abf97c7913f308519c6b0/screenshot - {}
RESULT: {}
COMMAND: POST /session/25c011aa293abf97c7913f308519c6b0/element - {"using":"xpath","value":"//input[@id=\"application-managepartners-display-component---NewPartner--assignmentYard-application-managepartners-display-component---NewPartner--assignmentsTable-0-inner\"]"}
RESULT: {"using":"xpath","value":"//input[@id=\"application-managepartners-display-component---NewPartner--assignmentYard-application-managepartners-display-component---NewPartner--assignmentsTable-0-inner\"]"}
COMMAND: POST /session/25c011aa293abf97c7913f308519c6b0/element/f.A224BA6FA6224D464A8F44AD5BF2EA9F.d.EBAB778C917F7BF3A8FE82E1EABA31EB.e.7935/clear - {}
RESULT: {}
COMMAND: POST /session/25c011aa293abf97c7913f308519c6b0/element/f.A224BA6FA6224D464A8F44AD5BF2EA9F.d.EBAB778C917F7BF3A8FE82E1EABA31EB.e.7935/value - {"text":"246"}
COMMAND: GET /session/25c011aa293abf97c7913f308519c6b0/screenshot - {}
RESULT: {"text":"246"}
COMMAND: GET /session/25c011aa293abf97c7913f308519c6b0/screenshot - {}
RESULT: {}
RESULT: {}
COMMAND: POST /session/25c011aa293abf97c7913f308519c6b0/element - {"using":"xpath","value":"//ul[contains(@id,\"NewPartner--assignmentsTable-0-popup-list-listUl\")]//li[.//span[text()='246']]"}
RESULT: {"using":"xpath","value":"//ul[contains(@id,\"NewPartner--assignmentsTable-0-popup-list-listUl\")]//li[.//span[text()='246']]"}
COMMAND: POST /session/25c011aa293abf97c7913f308519c6b0/element/f.A224BA6FA6224D464A8F44AD5BF2EA9F.d.EBAB778C917F7BF3A8FE82E1EABA31EB.e.7944/click - {}
RESULT: {}
COMMAND: GET /session/25c011aa293abf97c7913f308519c6b0/screenshot - {}
RESULT: {}
COMMAND: POST /session/25c011aa293abf97c7913f308519c6b0/actions - {"actions":[{"id":"action24","type":"key","parameters":{},"actions":[{"type":"keyDown","value":""},{"type":"pause","duration":10},{"type":"keyUp","value":""}]}]}
RESULT: {"actions":[{"id":"action24","type":"key","parameters":{},"actions":[{"type":"keyDown","value":""},{"type":"pause","duration":10},{"type":"keyUp","value":""}]}]}
COMMAND: POST /session/25c011aa293abf97c7913f308519c6b0/execute/async - {"script":"<script> [1562 bytes]","args":[{"selector":{"id":"application-managepartners-display-component---NewPartner--externalCustomerComboBox-application-managepartners-display-component---NewPartner--assignmentsTable-0-vhi"},"wdio_ui5_key":"applicationmanagepartners-display-component---NewPartner--externalCustomerComboBox-application-managepartners-display-component---NewPartner--assignmentsTable-0-vhi"}]}
COMMAND: GET /session/25c011aa293abf97c7913f308519c6b0/screenshot - {}
RESULT: {"script":"<script> [1562 bytes]","args":[{"selector":{"id":"application-managepartners-display-component---NewPartner--externalCustomerComboBox-application-managepartners-display-component---NewPartner--assignmentsTable-0-vhi"},"wdio_ui5_key":"applicationmanagepartners-display-component---NewPartner--externalCustomerComboBox-application-managepartners-display-component---NewPartner--assignmentsTable-0-vhi"}]}
RESULT: undefined
COMMAND: POST /session/25c011aa293abf97c7913f308519c6b0/element - {"using":"xpath","value":"//*[@id=\"application-managepartners-display-component---NewPartner--externalCustomerComboBox-application-managepartners-display-component---NewPartner--assignmentsTable-0-vhi\"]"}
RESULT: {}
RESULT: {"using":"xpath","value":"//*[@id=\"application-managepartners-display-component---NewPartner--externalCustomerComboBox-application-managepartners-display-component---NewPartner--assignmentsTable-0-vhi\"]"}
COMMAND: POST /session/25c011aa293abf97c7913f308519c6b0/element/f.A224BA6FA6224D464A8F44AD5BF2EA9F.d.EBAB778C917F7BF3A8FE82E1EABA31EB.e.7948/click - {}
RESULT: {}
RESULT: undefined
COMMAND: POST /session/25c011aa293abf97c7913f308519c6b0/execute/async - {"script":"<script> [776 bytes]","args":[{"enterText":"300003","selector":{"controlType":"sap.m.SearchField","properties":{"placeholder":"Search"},"searchOpenDialogs":true,"interaction":{"idSuffix":"I"}},"clearTextFirst":true,"interactionType":"ENTER_TEXT"}]}
COMMAND: GET /session/25c011aa293abf97c7913f308519c6b0/screenshot - {}
RESULT: {"script":"<script> [776 bytes]","args":[{"enterText":"300003","selector":{"controlType":"sap.m.SearchField","properties":{"placeholder":"Search"},"searchOpenDialogs":true,"interaction":{"idSuffix":"I"}},"clearTextFirst":true,"interactionType":"ENTER_TEXT"}]}
COMMAND: POST /session/25c011aa293abf97c7913f308519c6b0/actions - {"actions":[{"id":"action25","type":"key","parameters":{},"actions":[{"type":"keyDown","value":""},{"type":"pause","duration":10},{"type":"keyUp","value":""}]}]}
RESULT: {}
RESULT: {"actions":[{"id":"action25","type":"key","parameters":{},"actions":[{"type":"keyDown","value":""},{"type":"pause","duration":10},{"type":"keyUp","value":""}]}]}
COMMAND: GET /session/25c011aa293abf97c7913f308519c6b0/screenshot - {}
RESULT: {}
COMMAND: POST /session/25c011aa293abf97c7913f308519c6b0/element - {"using":"xpath","value":"//span[contains(text(), \"300003\")]"}
RESULT: {"using":"xpath","value":"//span[contains(text(), \"300003\")]"}
COMMAND: POST /session/25c011aa293abf97c7913f308519c6b0/element/f.A224BA6FA6224D464A8F44AD5BF2EA9F.d.EBAB778C917F7BF3A8FE82E1EABA31EB.e.7998/click - {}
RESULT: {}
COMMAND: GET /session/25c011aa293abf97c7913f308519c6b0/screenshot - {}
RESULT: {}
COMMAND: POST /session/25c011aa293abf97c7913f308519c6b0/element - {"using":"xpath","value":"//bdi[contains(text(), \"OK\")]"}
RESULT: {"using":"xpath","value":"//bdi[contains(text(), \"OK\")]"}
COMMAND: POST /session/25c011aa293abf97c7913f308519c6b0/element/f.A224BA6FA6224D464A8F44AD5BF2EA9F.d.EBAB778C917F7BF3A8FE82E1EABA31EB.e.8000/click - {}
RESULT: {}
COMMAND: GET /session/25c011aa293abf97c7913f308519c6b0/screenshot - {}
RESULT: {}
COMMAND: POST /session/25c011aa293abf97c7913f308519c6b0/execute/async - {"script":"<script> [1562 bytes]","args":[{"selector":{"id":"application-managepartners-display-component---NewPartner--intercompVendorComboBox-application-managepartners-display-component---NewPartner--assignmentsTable-0-vhi"},"wdio_ui5_key":"applicationmanagepartners-display-component---NewPartner--intercompVendorComboBox-application-managepartners-display-component---NewPartner--assignmentsTable-0-vhi"}]}
RESULT: {"script":"<script> [1562 bytes]","args":[{"selector":{"id":"application-managepartners-display-component---NewPartner--intercompVendorComboBox-application-managepartners-display-component---NewPartner--assignmentsTable-0-vhi"},"wdio_ui5_key":"applicationmanagepartners-display-component---NewPartner--intercompVendorComboBox-application-managepartners-display-component---NewPartner--assignmentsTable-0-vhi"}]}
RESULT: undefined
COMMAND: POST /session/25c011aa293abf97c7913f308519c6b0/element - {"using":"xpath","value":"//*[@id=\"application-managepartners-display-component---NewPartner--intercompVendorComboBox-application-managepartners-display-component---NewPartner--assignmentsTable-0-vhi\"]"}
RESULT: {"using":"xpath","value":"//*[@id=\"application-managepartners-display-component---NewPartner--intercompVendorComboBox-application-managepartners-display-component---NewPartner--assignmentsTable-0-vhi\"]"}
COMMAND: POST /session/25c011aa293abf97c7913f308519c6b0/element/f.A224BA6FA6224D464A8F44AD5BF2EA9F.d.EBAB778C917F7BF3A8FE82E1EABA31EB.e.8003/click - {}
RESULT: {}
RESULT: undefined
COMMAND: POST /session/25c011aa293abf97c7913f308519c6b0/execute/async - {"script":"<script> [776 bytes]","args":[{"enterText":"100005","selector":{"controlType":"sap.m.SearchField","properties":{"placeholder":"Search"},"searchOpenDialogs":true,"interaction":{"idSuffix":"I"}},"clearTextFirst":true,"interactionType":"ENTER_TEXT"}]}
COMMAND: GET /session/25c011aa293abf97c7913f308519c6b0/screenshot - {}
RESULT: {"script":"<script> [776 bytes]","args":[{"enterText":"100005","selector":{"controlType":"sap.m.SearchField","properties":{"placeholder":"Search"},"searchOpenDialogs":true,"interaction":{"idSuffix":"I"}},"clearTextFirst":true,"interactionType":"ENTER_TEXT"}]}
COMMAND: POST /session/25c011aa293abf97c7913f308519c6b0/actions - {"actions":[{"id":"action26","type":"key","parameters":{},"actions":[{"type":"keyDown","value":""},{"type":"pause","duration":10},{"type":"keyUp","value":""}]}]}
RESULT: {}
RESULT: {"actions":[{"id":"action26","type":"key","parameters":{},"actions":[{"type":"keyDown","value":""},{"type":"pause","duration":10},{"type":"keyUp","value":""}]}]}
COMMAND: GET /session/25c011aa293abf97c7913f308519c6b0/screenshot - {}
RESULT: {}
COMMAND: POST /session/25c011aa293abf97c7913f308519c6b0/element - {"using":"xpath","value":"//span[contains(text(), \"Penguins - Field/12345 Berlin\")]"}
RESULT: {"using":"xpath","value":"//span[contains(text(), \"Penguins - Field/12345 Berlin\")]"}
COMMAND: POST /session/25c011aa293abf97c7913f308519c6b0/element/f.A224BA6FA6224D464A8F44AD5BF2EA9F.d.EBAB778C917F7BF3A8FE82E1EABA31EB.e.8022/click - {}
RESULT: {}
COMMAND: GET /session/25c011aa293abf97c7913f308519c6b0/screenshot - {}
RESULT: {}
COMMAND: POST /session/25c011aa293abf97c7913f308519c6b0/element - {"using":"xpath","value":"//bdi[contains(text(), \"OK\")]"}
RESULT: {"using":"xpath","value":"//bdi[contains(text(), \"OK\")]"}
COMMAND: POST /session/25c011aa293abf97c7913f308519c6b0/element/f.A224BA6FA6224D464A8F44AD5BF2EA9F.d.EBAB778C917F7BF3A8FE82E1EABA31EB.e.8023/click - {}
RESULT: {}
COMMAND: GET /session/25c011aa293abf97c7913f308519c6b0/screenshot - {}
RESULT: {}
COMMAND: POST /session/25c011aa293abf97c7913f308519c6b0/element - {"using":"xpath","value":"//button[@data-kt=\"saveButton\"]"}
RESULT: {"using":"xpath","value":"//button[@data-kt=\"saveButton\"]"}
COMMAND: POST /session/25c011aa293abf97c7913f308519c6b0/element/f.A224BA6FA6224D464A8F44AD5BF2EA9F.d.EBAB778C917F7BF3A8FE82E1EABA31EB.e.7845/click - {}
RESULT: {}
COMMAND: GET /session/25c011aa293abf97c7913f308519c6b0/screenshot - {}
RESULT: {}
COMMAND: POST /session/25c011aa293abf97c7913f308519c6b0/element - {"using":"xpath","value":"//header[contains(@id, 'ObjectPageLayout-headerTitle')]/div[1]/div[2]/div[2]/span[1]"}
RESULT: {"using":"xpath","value":"//header[contains(@id, 'ObjectPageLayout-headerTitle')]/div[1]/div[2]/div[2]/span[1]"}
COMMAND: POST /session/25c011aa293abf97c7913f308519c6b0/elements - {"using":"xpath","value":"//header[contains(@id, 'ObjectPageLayout-headerTitle')]/div[1]/div[2]/div[2]/span[1]"}
RESULT: {"using":"xpath","value":"//header[contains(@id, 'ObjectPageLayout-headerTitle')]/div[1]/div[2]/div[2]/span[1]"}
COMMAND: POST /session/25c011aa293abf97c7913f308519c6b0/execute/sync - {"script":"<script> [56 bytes]","args":[{"element-6066-11e4-a52e-4f735466cecf":"f.A224BA6FA6224D464A8F44AD5BF2EA9F.d.EBAB778C917F7BF3A8FE82E1EABA31EB.e.8183","ELEMENT":"f.A224BA6FA6224D464A8F44AD5BF2EA9F.d.EBAB778C917F7BF3A8FE82E1EABA31EB.e.8183"}]}
RESULT: {"script":"<script> [56 bytes]","args":[{"element-6066-11e4-a52e-4f735466cecf":"f.A224BA6FA6224D464A8F44AD5BF2EA9F.d.EBAB778C917F7BF3A8FE82E1EABA31EB.e.8183","ELEMENT":"f.A224BA6FA6224D464A8F44AD5BF2EA9F.d.EBAB778C917F7BF3A8FE82E1EABA31EB.e.8183"}]}
COMMAND: POST /session/25c011aa293abf97c7913f308519c6b0/element - {"using":"css selector","value":"#shell-header-logo"}
COMMAND: GET /session/25c011aa293abf97c7913f308519c6b0/screenshot - {}
RESULT: {"using":"css selector","value":"#shell-header-logo"}
COMMAND: POST /session/25c011aa293abf97c7913f308519c6b0/element/f.A224BA6FA6224D464A8F44AD5BF2EA9F.d.EBAB778C917F7BF3A8FE82E1EABA31EB.e.7390/click - {}
RESULT: {}
RESULT: {}
COMMAND: GET /session/25c011aa293abf97c7913f308519c6b0/screenshot - {}
RESULT: {}
COMMAND: POST /session/25c011aa293abf97c7913f308519c6b0/execute/sync - {"script":"<script> [299 bytes]","args":[["getModel","getResource"]]}
RESULT: {"script":"<script> [299 bytes]","args":[["getModel","getResource"]]}
COMMAND: GET /session/25c011aa293abf97c7913f308519c6b0/screenshot - {}
]]></system-out>
    </testcase>
    <testcase classname="chrome.137_0_7151_69.windows.Create_master_data_for_mixed_billing_&amp;_do_billing_calculation_US151661" name="Should create a new site" time="106.264">
      <system-out><![CDATA[
COMMAND: POST /session/25c011aa293abf97c7913f308519c6b0/execute/async - {"script":"<script> [1562 bytes]","args":[{"selector":{"controlType":"sap.m.GenericTile","properties":{"header":"Manage Sites"}},"wdio_ui5_key":"sapm.GenericTile{\"header\":\"Manage Sites\"}"}]}
RESULT: {}
RESULT: {"script":"<script> [1562 bytes]","args":[{"selector":{"controlType":"sap.m.GenericTile","properties":{"header":"Manage Sites"}},"wdio_ui5_key":"sapm.GenericTile{\"header\":\"Manage Sites\"}"}]}
RESULT: undefined
COMMAND: POST /session/25c011aa293abf97c7913f308519c6b0/element - {"using":"xpath","value":"//*[@id=\"__tile41\"]"}
RESULT: {"using":"xpath","value":"//*[@id=\"__tile41\"]"}
COMMAND: POST /session/25c011aa293abf97c7913f308519c6b0/element/f.A224BA6FA6224D464A8F44AD5BF2EA9F.d.EBAB778C917F7BF3A8FE82E1EABA31EB.e.6545/click - {}
RESULT: {}
COMMAND: GET /session/25c011aa293abf97c7913f308519c6b0/screenshot - {}
COMMAND: POST /session/25c011aa293abf97c7913f308519c6b0/elements - {"using":"xpath","value":"//span[text()='Error']"}
RESULT: {}
RESULT: {"using":"xpath","value":"//span[text()='Error']"}
COMMAND: POST /session/25c011aa293abf97c7913f308519c6b0/element - {"using":"xpath","value":"//button[@data-kt=\"addOverflowToolbarButton\"]"}
RESULT: {"using":"xpath","value":"//button[@data-kt=\"addOverflowToolbarButton\"]"}
COMMAND: POST /session/25c011aa293abf97c7913f308519c6b0/elements - {"using":"xpath","value":"//button[@data-kt=\"addOverflowToolbarButton\"]"}
RESULT: {"using":"xpath","value":"//button[@data-kt=\"addOverflowToolbarButton\"]"}
COMMAND: POST /session/25c011aa293abf97c7913f308519c6b0/execute/sync - {"script":"<script> [8489 bytes]","args":[{"element-6066-11e4-a52e-4f735466cecf":"f.A224BA6FA6224D464A8F44AD5BF2EA9F.d.EBAB778C917F7BF3A8FE82E1EABA31EB.e.8231","ELEMENT":"f.A224BA6FA6224D464A8F44AD5BF2EA9F.d.EBAB778C917F7BF3A8FE82E1EABA31EB.e.8231"}]}
RESULT: {"script":"<script> [8489 bytes]","args":[{"element-6066-11e4-a52e-4f735466cecf":"f.A224BA6FA6224D464A8F44AD5BF2EA9F.d.EBAB778C917F7BF3A8FE82E1EABA31EB.e.8231","ELEMENT":"f.A224BA6FA6224D464A8F44AD5BF2EA9F.d.EBAB778C917F7BF3A8FE82E1EABA31EB.e.8231"}]}
COMMAND: GET /session/25c011aa293abf97c7913f308519c6b0/element/f.A224BA6FA6224D464A8F44AD5BF2EA9F.d.EBAB778C917F7BF3A8FE82E1EABA31EB.e.8231/enabled - {}
COMMAND: GET /session/25c011aa293abf97c7913f308519c6b0/screenshot - {}
RESULT: {}
COMMAND: POST /session/25c011aa293abf97c7913f308519c6b0/execute/sync - {"script":"<script> [8489 bytes]","args":[{"element-6066-11e4-a52e-4f735466cecf":"f.A224BA6FA6224D464A8F44AD5BF2EA9F.d.EBAB778C917F7BF3A8FE82E1EABA31EB.e.8231","ELEMENT":"f.A224BA6FA6224D464A8F44AD5BF2EA9F.d.EBAB778C917F7BF3A8FE82E1EABA31EB.e.8231"}]}
COMMAND: GET /session/25c011aa293abf97c7913f308519c6b0/screenshot - {}
RESULT: {}
RESULT: {"script":"<script> [8489 bytes]","args":[{"element-6066-11e4-a52e-4f735466cecf":"f.A224BA6FA6224D464A8F44AD5BF2EA9F.d.EBAB778C917F7BF3A8FE82E1EABA31EB.e.8231","ELEMENT":"f.A224BA6FA6224D464A8F44AD5BF2EA9F.d.EBAB778C917F7BF3A8FE82E1EABA31EB.e.8231"}]}
COMMAND: POST /session/25c011aa293abf97c7913f308519c6b0/execute/sync - {"script":"<script> [5351 bytes]","args":[{"element-6066-11e4-a52e-4f735466cecf":"f.A224BA6FA6224D464A8F44AD5BF2EA9F.d.EBAB778C917F7BF3A8FE82E1EABA31EB.e.8231","ELEMENT":"f.A224BA6FA6224D464A8F44AD5BF2EA9F.d.EBAB778C917F7BF3A8FE82E1EABA31EB.e.8231"}]}
COMMAND: GET /session/25c011aa293abf97c7913f308519c6b0/screenshot - {}
RESULT: {}
RESULT: {"script":"<script> [5351 bytes]","args":[{"element-6066-11e4-a52e-4f735466cecf":"f.A224BA6FA6224D464A8F44AD5BF2EA9F.d.EBAB778C917F7BF3A8FE82E1EABA31EB.e.8231","ELEMENT":"f.A224BA6FA6224D464A8F44AD5BF2EA9F.d.EBAB778C917F7BF3A8FE82E1EABA31EB.e.8231"}]}
COMMAND: POST /session/25c011aa293abf97c7913f308519c6b0/element/f.A224BA6FA6224D464A8F44AD5BF2EA9F.d.EBAB778C917F7BF3A8FE82E1EABA31EB.e.8231/click - {}
COMMAND: GET /session/25c011aa293abf97c7913f308519c6b0/screenshot - {}
RESULT: {}
RESULT: {}
COMMAND: GET /session/25c011aa293abf97c7913f308519c6b0/screenshot - {}
COMMAND: POST /session/25c011aa293abf97c7913f308519c6b0/element - {"using":"xpath","value":"//input[@id=\"application-managesites-display-component---NewSite--siteId-inner\"]"}
RESULT: {}
RESULT: {}
RESULT: {"using":"xpath","value":"//input[@id=\"application-managesites-display-component---NewSite--siteId-inner\"]"}
COMMAND: POST /session/25c011aa293abf97c7913f308519c6b0/element - {"using":"xpath","value":"//input[@id=\"application-managesites-display-component---NewSite--siteId-inner\"]"}
RESULT: {"using":"xpath","value":"//input[@id=\"application-managesites-display-component---NewSite--siteId-inner\"]"}
COMMAND: POST /session/25c011aa293abf97c7913f308519c6b0/execute/async - {"script":"<script> [1562 bytes]","args":[{"selector":{"id":"application-managesites-display-component---NewSite--addressDetailDetailsName1","interaction":{"idSuffix":"inner"}},"wdio_ui5_key":"applicationmanagesites-display-component---NewSite--addressDetailDetailsName1"}]}
RESULT: {"script":"<script> [1562 bytes]","args":[{"selector":{"id":"application-managesites-display-component---NewSite--addressDetailDetailsName1","interaction":{"idSuffix":"inner"}},"wdio_ui5_key":"applicationmanagesites-display-component---NewSite--addressDetailDetailsName1"}]}
RESULT: undefined
COMMAND: POST /session/25c011aa293abf97c7913f308519c6b0/execute/async - {"script":"<script> [776 bytes]","args":[{"enterText":"Intercompany Site wdIO","selector":{"id":"application-managesites-display-component---NewSite--addressDetailDetailsName1","interaction":{"idSuffix":"inner"}},"clearTextFirst":true,"interactionType":"ENTER_TEXT"}]}
RESULT: {"script":"<script> [776 bytes]","args":[{"enterText":"Intercompany Site wdIO","selector":{"id":"application-managesites-display-component---NewSite--addressDetailDetailsName1","interaction":{"idSuffix":"inner"}},"clearTextFirst":true,"interactionType":"ENTER_TEXT"}]}
COMMAND: POST /session/25c011aa293abf97c7913f308519c6b0/execute/async - {"script":"<script> [1562 bytes]","args":[{"selector":{"id":"application-managesites-display-component---NewSite--addressDetailDetailsLanguage-arrow"},"wdio_ui5_key":"applicationmanagesites-display-component---NewSite--addressDetailDetailsLanguage-arrow"}]}
RESULT: {"script":"<script> [1562 bytes]","args":[{"selector":{"id":"application-managesites-display-component---NewSite--addressDetailDetailsLanguage-arrow"},"wdio_ui5_key":"applicationmanagesites-display-component---NewSite--addressDetailDetailsLanguage-arrow"}]}
RESULT: undefined
COMMAND: POST /session/25c011aa293abf97c7913f308519c6b0/element - {"using":"xpath","value":"//*[@id=\"application-managesites-display-component---NewSite--addressDetailDetailsLanguage-arrow\"]"}
RESULT: {"using":"xpath","value":"//*[@id=\"application-managesites-display-component---NewSite--addressDetailDetailsLanguage-arrow\"]"}
COMMAND: POST /session/25c011aa293abf97c7913f308519c6b0/element/f.A224BA6FA6224D464A8F44AD5BF2EA9F.d.EBAB778C917F7BF3A8FE82E1EABA31EB.e.8628/click - {}
RESULT: {}
COMMAND: POST /session/25c011aa293abf97c7913f308519c6b0/element - {"using":"xpath","value":"//span[contains(text(), \"English\")]"}
COMMAND: GET /session/25c011aa293abf97c7913f308519c6b0/screenshot - {}
RESULT: {"using":"xpath","value":"//span[contains(text(), \"English\")]"}
COMMAND: POST /session/25c011aa293abf97c7913f308519c6b0/element/f.A224BA6FA6224D464A8F44AD5BF2EA9F.d.EBAB778C917F7BF3A8FE82E1EABA31EB.e.8629/click - {}
RESULT: {}
RESULT: {}
COMMAND: POST /session/25c011aa293abf97c7913f308519c6b0/execute/async - {"script":"<script> [1562 bytes]","args":[{"selector":{"id":"application-managesites-display-component---NewSite--addressDetailDetailsCity1","interaction":{"idSuffix":"inner"}},"wdio_ui5_key":"applicationmanagesites-display-component---NewSite--addressDetailDetailsCity1"}]}
COMMAND: GET /session/25c011aa293abf97c7913f308519c6b0/screenshot - {}
RESULT: {"script":"<script> [1562 bytes]","args":[{"selector":{"id":"application-managesites-display-component---NewSite--addressDetailDetailsCity1","interaction":{"idSuffix":"inner"}},"wdio_ui5_key":"applicationmanagesites-display-component---NewSite--addressDetailDetailsCity1"}]}
RESULT: undefined
COMMAND: POST /session/25c011aa293abf97c7913f308519c6b0/execute/async - {"script":"<script> [776 bytes]","args":[{"enterText":"Rosario","selector":{"id":"application-managesites-display-component---NewSite--addressDetailDetailsCity1","interaction":{"idSuffix":"inner"}},"clearTextFirst":true,"interactionType":"ENTER_TEXT"}]}
RESULT: {}
RESULT: {"script":"<script> [776 bytes]","args":[{"enterText":"Rosario","selector":{"id":"application-managesites-display-component---NewSite--addressDetailDetailsCity1","interaction":{"idSuffix":"inner"}},"clearTextFirst":true,"interactionType":"ENTER_TEXT"}]}
COMMAND: POST /session/25c011aa293abf97c7913f308519c6b0/execute/async - {"script":"<script> [1562 bytes]","args":[{"selector":{"id":"application-managesites-display-component---NewSite--addressDetailDetailsCountry-arrow"},"wdio_ui5_key":"applicationmanagesites-display-component---NewSite--addressDetailDetailsCountry-arrow"}]}
RESULT: {"script":"<script> [1562 bytes]","args":[{"selector":{"id":"application-managesites-display-component---NewSite--addressDetailDetailsCountry-arrow"},"wdio_ui5_key":"applicationmanagesites-display-component---NewSite--addressDetailDetailsCountry-arrow"}]}
RESULT: undefined
COMMAND: POST /session/25c011aa293abf97c7913f308519c6b0/element - {"using":"xpath","value":"//*[@id=\"application-managesites-display-component---NewSite--addressDetailDetailsCountry-arrow\"]"}
RESULT: {"using":"xpath","value":"//*[@id=\"application-managesites-display-component---NewSite--addressDetailDetailsCountry-arrow\"]"}
COMMAND: POST /session/25c011aa293abf97c7913f308519c6b0/element/f.A224BA6FA6224D464A8F44AD5BF2EA9F.d.EBAB778C917F7BF3A8FE82E1EABA31EB.e.8631/click - {}
RESULT: {}
COMMAND: POST /session/25c011aa293abf97c7913f308519c6b0/element - {"using":"xpath","value":"//span[contains(text(), \"Argentina\")]"}
COMMAND: GET /session/25c011aa293abf97c7913f308519c6b0/screenshot - {}
RESULT: {"using":"xpath","value":"//span[contains(text(), \"Argentina\")]"}
COMMAND: POST /session/25c011aa293abf97c7913f308519c6b0/element/f.A224BA6FA6224D464A8F44AD5BF2EA9F.d.EBAB778C917F7BF3A8FE82E1EABA31EB.e.8632/click - {}
RESULT: {}
RESULT: {}
COMMAND: GET /session/25c011aa293abf97c7913f308519c6b0/screenshot - {}
RESULT: {}
COMMAND: POST /session/25c011aa293abf97c7913f308519c6b0/execute/async - {"script":"<script> [1562 bytes]","args":[{"selector":{"id":"application-managesites-display-component---NewSite--addressEditDetailsCostObjectCstType-arrow"},"wdio_ui5_key":"applicationmanagesites-display-component---NewSite--addressEditDetailsCostObjectCstType-arrow"}]}
RESULT: {"script":"<script> [1562 bytes]","args":[{"selector":{"id":"application-managesites-display-component---NewSite--addressEditDetailsCostObjectCstType-arrow"},"wdio_ui5_key":"applicationmanagesites-display-component---NewSite--addressEditDetailsCostObjectCstType-arrow"}]}
RESULT: undefined
COMMAND: POST /session/25c011aa293abf97c7913f308519c6b0/element - {"using":"xpath","value":"//*[@id=\"application-managesites-display-component---NewSite--addressEditDetailsCostObjectCstType-arrow\"]"}
RESULT: {"using":"xpath","value":"//*[@id=\"application-managesites-display-component---NewSite--addressEditDetailsCostObjectCstType-arrow\"]"}
COMMAND: POST /session/25c011aa293abf97c7913f308519c6b0/element/f.A224BA6FA6224D464A8F44AD5BF2EA9F.d.EBAB778C917F7BF3A8FE82E1EABA31EB.e.8634/click - {}
RESULT: {}
COMMAND: POST /session/25c011aa293abf97c7913f308519c6b0/element - {"using":"xpath","value":"//span[contains(text(), \"Cost Center\")]"}
COMMAND: GET /session/25c011aa293abf97c7913f308519c6b0/screenshot - {}
RESULT: {"using":"xpath","value":"//span[contains(text(), \"Cost Center\")]"}
COMMAND: POST /session/25c011aa293abf97c7913f308519c6b0/element/f.A224BA6FA6224D464A8F44AD5BF2EA9F.d.EBAB778C917F7BF3A8FE82E1EABA31EB.e.8635/click - {}
RESULT: {}
RESULT: {}
COMMAND: GET /session/25c011aa293abf97c7913f308519c6b0/screenshot - {}
RESULT: {}
COMMAND: POST /session/25c011aa293abf97c7913f308519c6b0/element - {"using":"xpath","value":"//span[@id=\"application-managesites-display-component---NewSite--addressNewCostObjectCstID-vhi\"]"}
RESULT: {"using":"xpath","value":"//span[@id=\"application-managesites-display-component---NewSite--addressNewCostObjectCstID-vhi\"]"}
COMMAND: POST /session/25c011aa293abf97c7913f308519c6b0/execute/sync - {"script":"<script> [8489 bytes]","args":[{"element-6066-11e4-a52e-4f735466cecf":"f.A224BA6FA6224D464A8F44AD5BF2EA9F.d.EBAB778C917F7BF3A8FE82E1EABA31EB.e.8640","ELEMENT":"f.A224BA6FA6224D464A8F44AD5BF2EA9F.d.EBAB778C917F7BF3A8FE82E1EABA31EB.e.8640"}]}
RESULT: {"script":"<script> [8489 bytes]","args":[{"element-6066-11e4-a52e-4f735466cecf":"f.A224BA6FA6224D464A8F44AD5BF2EA9F.d.EBAB778C917F7BF3A8FE82E1EABA31EB.e.8640","ELEMENT":"f.A224BA6FA6224D464A8F44AD5BF2EA9F.d.EBAB778C917F7BF3A8FE82E1EABA31EB.e.8640"}]}
COMMAND: POST /session/25c011aa293abf97c7913f308519c6b0/execute/async - {"script":"<script> [1562 bytes]","args":[{"selector":{"id":"application-managesites-display-component---NewSite--addressNewCostObjectCstID-vhi"},"wdio_ui5_key":"applicationmanagesites-display-component---NewSite--addressNewCostObjectCstID-vhi"}]}
COMMAND: GET /session/25c011aa293abf97c7913f308519c6b0/screenshot - {}
RESULT: {"script":"<script> [1562 bytes]","args":[{"selector":{"id":"application-managesites-display-component---NewSite--addressNewCostObjectCstID-vhi"},"wdio_ui5_key":"applicationmanagesites-display-component---NewSite--addressNewCostObjectCstID-vhi"}]}
RESULT: undefined
COMMAND: POST /session/25c011aa293abf97c7913f308519c6b0/element - {"using":"xpath","value":"//*[@id=\"application-managesites-display-component---NewSite--addressNewCostObjectCstID-vhi\"]"}
RESULT: {}
RESULT: {"using":"xpath","value":"//*[@id=\"application-managesites-display-component---NewSite--addressNewCostObjectCstID-vhi\"]"}
COMMAND: POST /session/25c011aa293abf97c7913f308519c6b0/element/f.A224BA6FA6224D464A8F44AD5BF2EA9F.d.EBAB778C917F7BF3A8FE82E1EABA31EB.e.8640/click - {}
RESULT: {}
COMMAND: GET /session/25c011aa293abf97c7913f308519c6b0/screenshot - {}
RESULT: {}
RESULT: undefined
COMMAND: POST /session/25c011aa293abf97c7913f308519c6b0/execute/async - {"script":"<script> [776 bytes]","args":[{"enterText":"10001013","selector":{"controlType":"sap.m.SearchField","properties":{"placeholder":"Search"},"searchOpenDialogs":true,"interaction":{"idSuffix":"I"}},"clearTextFirst":true,"interactionType":"ENTER_TEXT"}]}
RESULT: {"script":"<script> [776 bytes]","args":[{"enterText":"10001013","selector":{"controlType":"sap.m.SearchField","properties":{"placeholder":"Search"},"searchOpenDialogs":true,"interaction":{"idSuffix":"I"}},"clearTextFirst":true,"interactionType":"ENTER_TEXT"}]}
COMMAND: POST /session/25c011aa293abf97c7913f308519c6b0/actions - {"actions":[{"id":"action27","type":"key","parameters":{},"actions":[{"type":"keyDown","value":""},{"type":"pause","duration":10},{"type":"keyUp","value":""}]}]}
RESULT: {"actions":[{"id":"action27","type":"key","parameters":{},"actions":[{"type":"keyDown","value":""},{"type":"pause","duration":10},{"type":"keyUp","value":""}]}]}
COMMAND: GET /session/25c011aa293abf97c7913f308519c6b0/screenshot - {}
RESULT: {}
COMMAND: POST /session/25c011aa293abf97c7913f308519c6b0/element - {"using":"xpath","value":"//span[contains(text(), \"General Management\")]"}
RESULT: {"using":"xpath","value":"//span[contains(text(), \"General Management\")]"}
COMMAND: POST /session/25c011aa293abf97c7913f308519c6b0/element/f.A224BA6FA6224D464A8F44AD5BF2EA9F.d.EBAB778C917F7BF3A8FE82E1EABA31EB.e.8678/click - {}
RESULT: {}
COMMAND: GET /session/25c011aa293abf97c7913f308519c6b0/screenshot - {}
RESULT: {}
COMMAND: POST /session/25c011aa293abf97c7913f308519c6b0/element - {"using":"xpath","value":"//bdi[contains(text(), \"OK\")]"}
RESULT: {"using":"xpath","value":"//bdi[contains(text(), \"OK\")]"}
COMMAND: POST /session/25c011aa293abf97c7913f308519c6b0/element/f.A224BA6FA6224D464A8F44AD5BF2EA9F.d.EBAB778C917F7BF3A8FE82E1EABA31EB.e.8679/click - {}
RESULT: {}
COMMAND: GET /session/25c011aa293abf97c7913f308519c6b0/screenshot - {}
RESULT: {}
COMMAND: POST /session/25c011aa293abf97c7913f308519c6b0/element - {"using":"xpath","value":"//input[@id=\"application-managesites-display-component---NewSite--addressDetailDetailsCalendar-inner\"]"}
RESULT: {"using":"xpath","value":"//input[@id=\"application-managesites-display-component---NewSite--addressDetailDetailsCalendar-inner\"]"}
COMMAND: POST /session/25c011aa293abf97c7913f308519c6b0/element/f.A224BA6FA6224D464A8F44AD5BF2EA9F.d.EBAB778C917F7BF3A8FE82E1EABA31EB.e.8423/clear - {}
RESULT: {}
COMMAND: POST /session/25c011aa293abf97c7913f308519c6b0/element/f.A224BA6FA6224D464A8F44AD5BF2EA9F.d.EBAB778C917F7BF3A8FE82E1EABA31EB.e.8423/value - {"text":"Unit"}
COMMAND: GET /session/25c011aa293abf97c7913f308519c6b0/screenshot - {}
RESULT: {"text":"Unit"}
COMMAND: GET /session/25c011aa293abf97c7913f308519c6b0/screenshot - {}
RESULT: {}
RESULT: {}
COMMAND: POST /session/25c011aa293abf97c7913f308519c6b0/actions - {"actions":[{"id":"action28","type":"key","parameters":{},"actions":[{"type":"keyDown","value":""},{"type":"pause","duration":10},{"type":"keyUp","value":""}]}]}
RESULT: {"actions":[{"id":"action28","type":"key","parameters":{},"actions":[{"type":"keyDown","value":""},{"type":"pause","duration":10},{"type":"keyUp","value":""}]}]}
COMMAND: POST /session/25c011aa293abf97c7913f308519c6b0/element - {"using":"xpath","value":"//input[@id=\"application-managesites-display-component---NewSite--addressDetailDetailsYard-inner\"]"}
COMMAND: GET /session/25c011aa293abf97c7913f308519c6b0/screenshot - {}
RESULT: {"using":"xpath","value":"//input[@id=\"application-managesites-display-component---NewSite--addressDetailDetailsYard-inner\"]"}
COMMAND: POST /session/25c011aa293abf97c7913f308519c6b0/element/f.A224BA6FA6224D464A8F44AD5BF2EA9F.d.EBAB778C917F7BF3A8FE82E1EABA31EB.e.8424/clear - {}
RESULT: {}
RESULT: {}
COMMAND: POST /session/25c011aa293abf97c7913f308519c6b0/element/f.A224BA6FA6224D464A8F44AD5BF2EA9F.d.EBAB778C917F7BF3A8FE82E1EABA31EB.e.8424/value - {"text":"246"}
COMMAND: GET /session/25c011aa293abf97c7913f308519c6b0/screenshot - {}
RESULT: {"text":"246"}
COMMAND: GET /session/25c011aa293abf97c7913f308519c6b0/screenshot - {}
RESULT: {}
RESULT: {}
COMMAND: POST /session/25c011aa293abf97c7913f308519c6b0/element - {"using":"xpath","value":"//li[.//span[text()='246']]"}
RESULT: {"using":"xpath","value":"//li[.//span[text()='246']]"}
COMMAND: POST /session/25c011aa293abf97c7913f308519c6b0/element/f.A224BA6FA6224D464A8F44AD5BF2EA9F.d.EBAB778C917F7BF3A8FE82E1EABA31EB.e.8687/click - {}
RESULT: {}
COMMAND: GET /session/25c011aa293abf97c7913f308519c6b0/screenshot - {}
RESULT: {}
COMMAND: POST /session/25c011aa293abf97c7913f308519c6b0/element - {"using":"xpath","value":"//input[@id=\"application-managesites-display-component---NewSite--addressDetailDetailsPartner-inner\"]"}
RESULT: {"using":"xpath","value":"//input[@id=\"application-managesites-display-component---NewSite--addressDetailDetailsPartner-inner\"]"}
COMMAND: POST /session/25c011aa293abf97c7913f308519c6b0/element - {"using":"xpath","value":"//input[@id=\"application-managesites-display-component---NewSite--addressDetailDetailsPartner-inner\"]"}
RESULT: {"using":"xpath","value":"//input[@id=\"application-managesites-display-component---NewSite--addressDetailDetailsPartner-inner\"]"}
COMMAND: POST /session/25c011aa293abf97c7913f308519c6b0/element - {"using":"xpath","value":"//button[@data-kt=\"saveButton\"]"}
RESULT: {"using":"xpath","value":"//button[@data-kt=\"saveButton\"]"}
COMMAND: POST /session/25c011aa293abf97c7913f308519c6b0/element/f.A224BA6FA6224D464A8F44AD5BF2EA9F.d.EBAB778C917F7BF3A8FE82E1EABA31EB.e.8613/click - {}
RESULT: {}
COMMAND: GET /session/25c011aa293abf97c7913f308519c6b0/screenshot - {}
RESULT: {}
COMMAND: POST /session/25c011aa293abf97c7913f308519c6b0/element - {"using":"xpath","value":"//header[contains(@id, 'ObjectPageLayout-headerTitle')]/div[1]/div[2]/div[2]/span[1]"}
RESULT: {"using":"xpath","value":"//header[contains(@id, 'ObjectPageLayout-headerTitle')]/div[1]/div[2]/div[2]/span[1]"}
COMMAND: POST /session/25c011aa293abf97c7913f308519c6b0/elements - {"using":"xpath","value":"//header[contains(@id, 'ObjectPageLayout-headerTitle')]/div[1]/div[2]/div[2]/span[1]"}
RESULT: {"using":"xpath","value":"//header[contains(@id, 'ObjectPageLayout-headerTitle')]/div[1]/div[2]/div[2]/span[1]"}
COMMAND: POST /session/25c011aa293abf97c7913f308519c6b0/execute/sync - {"script":"<script> [56 bytes]","args":[{"element-6066-11e4-a52e-4f735466cecf":"f.A224BA6FA6224D464A8F44AD5BF2EA9F.d.EBAB778C917F7BF3A8FE82E1EABA31EB.e.8888","ELEMENT":"f.A224BA6FA6224D464A8F44AD5BF2EA9F.d.EBAB778C917F7BF3A8FE82E1EABA31EB.e.8888"}]}
RESULT: {"script":"<script> [56 bytes]","args":[{"element-6066-11e4-a52e-4f735466cecf":"f.A224BA6FA6224D464A8F44AD5BF2EA9F.d.EBAB778C917F7BF3A8FE82E1EABA31EB.e.8888","ELEMENT":"f.A224BA6FA6224D464A8F44AD5BF2EA9F.d.EBAB778C917F7BF3A8FE82E1EABA31EB.e.8888"}]}
COMMAND: POST /session/25c011aa293abf97c7913f308519c6b0/element - {"using":"css selector","value":"#shell-header-logo"}
COMMAND: GET /session/25c011aa293abf97c7913f308519c6b0/screenshot - {}
RESULT: {"using":"css selector","value":"#shell-header-logo"}
COMMAND: POST /session/25c011aa293abf97c7913f308519c6b0/element/f.A224BA6FA6224D464A8F44AD5BF2EA9F.d.EBAB778C917F7BF3A8FE82E1EABA31EB.e.8188/click - {}
RESULT: {}
RESULT: {}
COMMAND: GET /session/25c011aa293abf97c7913f308519c6b0/screenshot - {}
RESULT: {}
COMMAND: POST /session/25c011aa293abf97c7913f308519c6b0/execute/sync - {"script":"<script> [299 bytes]","args":[["getModel","getResource"]]}
RESULT: {"script":"<script> [299 bytes]","args":[["getModel","getResource"]]}
]]></system-out>
    </testcase>
    <testcase classname="chrome.137_0_7151_69.windows.Create_master_data_for_mixed_billing_&amp;_do_billing_calculation_US151661" name="Should create a new equipment and add a counter to it" time="166.638">
      <system-out><![CDATA[
COMMAND: POST /session/25c011aa293abf97c7913f308519c6b0/execute/async - {"script":"<script> [1562 bytes]","args":[{"selector":{"controlType":"sap.m.GenericTile","properties":{"header":"Manage Resources"}},"wdio_ui5_key":"sapm.GenericTile{\"header\":\"Manage Resources\"}"}]}
COMMAND: GET /session/25c011aa293abf97c7913f308519c6b0/screenshot - {}
RESULT: {"script":"<script> [1562 bytes]","args":[{"selector":{"controlType":"sap.m.GenericTile","properties":{"header":"Manage Resources"}},"wdio_ui5_key":"sapm.GenericTile{\"header\":\"Manage Resources\"}"}]}
RESULT: undefined
COMMAND: POST /session/25c011aa293abf97c7913f308519c6b0/element - {"using":"xpath","value":"//*[@id=\"__tile40\"]"}
RESULT: {}
RESULT: {"using":"xpath","value":"//*[@id=\"__tile40\"]"}
COMMAND: POST /session/25c011aa293abf97c7913f308519c6b0/element/f.A224BA6FA6224D464A8F44AD5BF2EA9F.d.EBAB778C917F7BF3A8FE82E1EABA31EB.e.6542/click - {}
RESULT: {}
COMMAND: GET /session/25c011aa293abf97c7913f308519c6b0/screenshot - {}
RESULT: {}
COMMAND: POST /session/25c011aa293abf97c7913f308519c6b0/elements - {"using":"xpath","value":"//span[text()='Error']"}
RESULT: {"using":"xpath","value":"//span[text()='Error']"}
COMMAND: POST /session/25c011aa293abf97c7913f308519c6b0/element - {"using":"xpath","value":"//button[@data-kt=\"addNewRUOverflowToolbarButton\"]"}
RESULT: {"using":"xpath","value":"//button[@data-kt=\"addNewRUOverflowToolbarButton\"]"}
COMMAND: POST /session/25c011aa293abf97c7913f308519c6b0/elements - {"using":"xpath","value":"//button[@data-kt=\"addNewRUOverflowToolbarButton\"]"}
RESULT: {"using":"xpath","value":"//button[@data-kt=\"addNewRUOverflowToolbarButton\"]"}
COMMAND: POST /session/25c011aa293abf97c7913f308519c6b0/execute/sync - {"script":"<script> [8489 bytes]","args":[{"element-6066-11e4-a52e-4f735466cecf":"f.A224BA6FA6224D464A8F44AD5BF2EA9F.d.EBAB778C917F7BF3A8FE82E1EABA31EB.e.8929","ELEMENT":"f.A224BA6FA6224D464A8F44AD5BF2EA9F.d.EBAB778C917F7BF3A8FE82E1EABA31EB.e.8929"}]}
RESULT: {"script":"<script> [8489 bytes]","args":[{"element-6066-11e4-a52e-4f735466cecf":"f.A224BA6FA6224D464A8F44AD5BF2EA9F.d.EBAB778C917F7BF3A8FE82E1EABA31EB.e.8929","ELEMENT":"f.A224BA6FA6224D464A8F44AD5BF2EA9F.d.EBAB778C917F7BF3A8FE82E1EABA31EB.e.8929"}]}
COMMAND: GET /session/25c011aa293abf97c7913f308519c6b0/element/f.A224BA6FA6224D464A8F44AD5BF2EA9F.d.EBAB778C917F7BF3A8FE82E1EABA31EB.e.8929/enabled - {}
COMMAND: GET /session/25c011aa293abf97c7913f308519c6b0/screenshot - {}
RESULT: {}
COMMAND: POST /session/25c011aa293abf97c7913f308519c6b0/execute/sync - {"script":"<script> [8489 bytes]","args":[{"element-6066-11e4-a52e-4f735466cecf":"f.A224BA6FA6224D464A8F44AD5BF2EA9F.d.EBAB778C917F7BF3A8FE82E1EABA31EB.e.8929","ELEMENT":"f.A224BA6FA6224D464A8F44AD5BF2EA9F.d.EBAB778C917F7BF3A8FE82E1EABA31EB.e.8929"}]}
COMMAND: GET /session/25c011aa293abf97c7913f308519c6b0/screenshot - {}
RESULT: {}
RESULT: {"script":"<script> [8489 bytes]","args":[{"element-6066-11e4-a52e-4f735466cecf":"f.A224BA6FA6224D464A8F44AD5BF2EA9F.d.EBAB778C917F7BF3A8FE82E1EABA31EB.e.8929","ELEMENT":"f.A224BA6FA6224D464A8F44AD5BF2EA9F.d.EBAB778C917F7BF3A8FE82E1EABA31EB.e.8929"}]}
COMMAND: POST /session/25c011aa293abf97c7913f308519c6b0/execute/sync - {"script":"<script> [5351 bytes]","args":[{"element-6066-11e4-a52e-4f735466cecf":"f.A224BA6FA6224D464A8F44AD5BF2EA9F.d.EBAB778C917F7BF3A8FE82E1EABA31EB.e.8929","ELEMENT":"f.A224BA6FA6224D464A8F44AD5BF2EA9F.d.EBAB778C917F7BF3A8FE82E1EABA31EB.e.8929"}]}
COMMAND: GET /session/25c011aa293abf97c7913f308519c6b0/screenshot - {}
RESULT: {}
RESULT: {"script":"<script> [5351 bytes]","args":[{"element-6066-11e4-a52e-4f735466cecf":"f.A224BA6FA6224D464A8F44AD5BF2EA9F.d.EBAB778C917F7BF3A8FE82E1EABA31EB.e.8929","ELEMENT":"f.A224BA6FA6224D464A8F44AD5BF2EA9F.d.EBAB778C917F7BF3A8FE82E1EABA31EB.e.8929"}]}
COMMAND: POST /session/25c011aa293abf97c7913f308519c6b0/element/f.A224BA6FA6224D464A8F44AD5BF2EA9F.d.EBAB778C917F7BF3A8FE82E1EABA31EB.e.8929/click - {}
COMMAND: GET /session/25c011aa293abf97c7913f308519c6b0/screenshot - {}
RESULT: {}
RESULT: {}
COMMAND: GET /session/25c011aa293abf97c7913f308519c6b0/screenshot - {}
RESULT: {}
COMMAND: POST /session/25c011aa293abf97c7913f308519c6b0/execute/async - {"script":"<script> [1562 bytes]","args":[{"selector":{"id":"application-manageresources-display-component---newResourceUnit--TYPE-arrow"},"wdio_ui5_key":"applicationmanageresources-display-component---newResourceUnit--TYPE-arrow"}]}
RESULT: {}
RESULT: {"script":"<script> [1562 bytes]","args":[{"selector":{"id":"application-manageresources-display-component---newResourceUnit--TYPE-arrow"},"wdio_ui5_key":"applicationmanageresources-display-component---newResourceUnit--TYPE-arrow"}]}
RESULT: undefined
COMMAND: POST /session/25c011aa293abf97c7913f308519c6b0/element - {"using":"xpath","value":"//*[@id=\"application-manageresources-display-component---newResourceUnit--TYPE-arrow\"]"}
RESULT: {"using":"xpath","value":"//*[@id=\"application-manageresources-display-component---newResourceUnit--TYPE-arrow\"]"}
COMMAND: POST /session/25c011aa293abf97c7913f308519c6b0/element/f.A224BA6FA6224D464A8F44AD5BF2EA9F.d.EBAB778C917F7BF3A8FE82E1EABA31EB.e.9282/click - {}
RESULT: {}
COMMAND: POST /session/25c011aa293abf97c7913f308519c6b0/element - {"using":"xpath","value":"//input[@id=\"application-manageresources-display-component---newResourceUnit--TYPE-inner\"]"}
COMMAND: GET /session/25c011aa293abf97c7913f308519c6b0/screenshot - {}
RESULT: {"using":"xpath","value":"//input[@id=\"application-manageresources-display-component---newResourceUnit--TYPE-inner\"]"}
COMMAND: POST /session/25c011aa293abf97c7913f308519c6b0/element/f.A224BA6FA6224D464A8F44AD5BF2EA9F.d.EBAB778C917F7BF3A8FE82E1EABA31EB.e.9273/clear - {}
RESULT: {}
RESULT: {}
COMMAND: POST /session/25c011aa293abf97c7913f308519c6b0/element/f.A224BA6FA6224D464A8F44AD5BF2EA9F.d.EBAB778C917F7BF3A8FE82E1EABA31EB.e.9273/value - {"text":"Equipment"}
COMMAND: GET /session/25c011aa293abf97c7913f308519c6b0/screenshot - {}
RESULT: {"text":"Equipment"}
COMMAND: GET /session/25c011aa293abf97c7913f308519c6b0/screenshot - {}
RESULT: {}
RESULT: {}
COMMAND: POST /session/25c011aa293abf97c7913f308519c6b0/actions - {"actions":[{"id":"action29","type":"key","parameters":{},"actions":[{"type":"keyDown","value":""},{"type":"pause","duration":10},{"type":"keyUp","value":""}]}]}
RESULT: {"actions":[{"id":"action29","type":"key","parameters":{},"actions":[{"type":"keyDown","value":""},{"type":"pause","duration":10},{"type":"keyUp","value":""}]}]}
COMMAND: POST /session/25c011aa293abf97c7913f308519c6b0/execute/async - {"script":"<script> [1562 bytes]","args":[{"selector":{"id":"application-manageresources-display-component---newResourceUnit--resourceId","interaction":{"idSuffix":"inner"}},"wdio_ui5_key":"applicationmanageresources-display-component---newResourceUnit--resourceId"}]}
COMMAND: GET /session/25c011aa293abf97c7913f308519c6b0/screenshot - {}
RESULT: {"script":"<script> [1562 bytes]","args":[{"selector":{"id":"application-manageresources-display-component---newResourceUnit--resourceId","interaction":{"idSuffix":"inner"}},"wdio_ui5_key":"applicationmanageresources-display-component---newResourceUnit--resourceId"}]}
RESULT: undefined
COMMAND: POST /session/25c011aa293abf97c7913f308519c6b0/execute/async - {"script":"<script> [776 bytes]","args":[{"enterText":"cuzaIkHC59","selector":{"id":"application-manageresources-display-component---newResourceUnit--resourceId","interaction":{"idSuffix":"inner"}},"clearTextFirst":true,"interactionType":"ENTER_TEXT"}]}
RESULT: {}
RESULT: {"script":"<script> [776 bytes]","args":[{"enterText":"cuzaIkHC59","selector":{"id":"application-manageresources-display-component---newResourceUnit--resourceId","interaction":{"idSuffix":"inner"}},"clearTextFirst":true,"interactionType":"ENTER_TEXT"}]}
COMMAND: POST /session/25c011aa293abf97c7913f308519c6b0/execute/async - {"script":"<script> [1562 bytes]","args":[{"selector":{"id":"application-manageresources-display-component---newResourceUnit--SHORT_TEXT","interaction":{"idSuffix":"inner"}},"wdio_ui5_key":"applicationmanageresources-display-component---newResourceUnit--SHORT_TEXT"}]}
RESULT: {"script":"<script> [1562 bytes]","args":[{"selector":{"id":"application-manageresources-display-component---newResourceUnit--SHORT_TEXT","interaction":{"idSuffix":"inner"}},"wdio_ui5_key":"applicationmanageresources-display-component---newResourceUnit--SHORT_TEXT"}]}
RESULT: undefined
COMMAND: POST /session/25c011aa293abf97c7913f308519c6b0/execute/async - {"script":"<script> [776 bytes]","args":[{"enterText":"Intercompany Equipment WDIO","selector":{"id":"application-manageresources-display-component---newResourceUnit--SHORT_TEXT","interaction":{"idSuffix":"inner"}},"clearTextFirst":true,"interactionType":"ENTER_TEXT"}]}
RESULT: {"script":"<script> [776 bytes]","args":[{"enterText":"Intercompany Equipment WDIO","selector":{"id":"application-manageresources-display-component---newResourceUnit--SHORT_TEXT","interaction":{"idSuffix":"inner"}},"clearTextFirst":true,"interactionType":"ENTER_TEXT"}]}
COMMAND: POST /session/25c011aa293abf97c7913f308519c6b0/execute/async - {"script":"<script> [1562 bytes]","args":[{"selector":{"id":"application-manageresources-display-component---newResourceUnit--BASE_UNIT_OF_MEASURE","interaction":{"idSuffix":"inner"}},"wdio_ui5_key":"applicationmanageresources-display-component---newResourceUnit--BASE_UNIT_OF_MEASURE"}]}
RESULT: {"script":"<script> [1562 bytes]","args":[{"selector":{"id":"application-manageresources-display-component---newResourceUnit--BASE_UNIT_OF_MEASURE","interaction":{"idSuffix":"inner"}},"wdio_ui5_key":"applicationmanageresources-display-component---newResourceUnit--BASE_UNIT_OF_MEASURE"}]}
RESULT: undefined
COMMAND: POST /session/25c011aa293abf97c7913f308519c6b0/execute/async - {"script":"<script> [776 bytes]","args":[{"enterText":"Piece","selector":{"id":"application-manageresources-display-component---newResourceUnit--BASE_UNIT_OF_MEASURE","interaction":{"idSuffix":"inner"}},"clearTextFirst":true,"interactionType":"ENTER_TEXT"}]}
RESULT: {"script":"<script> [776 bytes]","args":[{"enterText":"Piece","selector":{"id":"application-manageresources-display-component---newResourceUnit--BASE_UNIT_OF_MEASURE","interaction":{"idSuffix":"inner"}},"clearTextFirst":true,"interactionType":"ENTER_TEXT"}]}
COMMAND: POST /session/25c011aa293abf97c7913f308519c6b0/execute/async - {"script":"<script> [1562 bytes]","args":[{"selector":{"id":"application-manageresources-display-component---newResourceUnit--WEIGHT_UNIT","interaction":{"idSuffix":"inner"}},"wdio_ui5_key":"applicationmanageresources-display-component---newResourceUnit--WEIGHT_UNIT"}]}
RESULT: {"script":"<script> [1562 bytes]","args":[{"selector":{"id":"application-manageresources-display-component---newResourceUnit--WEIGHT_UNIT","interaction":{"idSuffix":"inner"}},"wdio_ui5_key":"applicationmanageresources-display-component---newResourceUnit--WEIGHT_UNIT"}]}
RESULT: undefined
COMMAND: POST /session/25c011aa293abf97c7913f308519c6b0/execute/async - {"script":"<script> [776 bytes]","args":[{"enterText":"Gram","selector":{"id":"application-manageresources-display-component---newResourceUnit--WEIGHT_UNIT","interaction":{"idSuffix":"inner"}},"clearTextFirst":true,"interactionType":"ENTER_TEXT"}]}
RESULT: {"script":"<script> [776 bytes]","args":[{"enterText":"Gram","selector":{"id":"application-manageresources-display-component---newResourceUnit--WEIGHT_UNIT","interaction":{"idSuffix":"inner"}},"clearTextFirst":true,"interactionType":"ENTER_TEXT"}]}
COMMAND: POST /session/25c011aa293abf97c7913f308519c6b0/execute/async - {"script":"<script> [1562 bytes]","args":[{"selector":{"id":"application-manageresources-display-component---newResourceUnit--DIMENSION_UNIT","interaction":{"idSuffix":"inner"}},"wdio_ui5_key":"applicationmanageresources-display-component---newResourceUnit--DIMENSION_UNIT"}]}
RESULT: {"script":"<script> [1562 bytes]","args":[{"selector":{"id":"application-manageresources-display-component---newResourceUnit--DIMENSION_UNIT","interaction":{"idSuffix":"inner"}},"wdio_ui5_key":"applicationmanageresources-display-component---newResourceUnit--DIMENSION_UNIT"}]}
RESULT: undefined
COMMAND: POST /session/25c011aa293abf97c7913f308519c6b0/execute/async - {"script":"<script> [776 bytes]","args":[{"enterText":"Meter","selector":{"id":"application-manageresources-display-component---newResourceUnit--DIMENSION_UNIT","interaction":{"idSuffix":"inner"}},"clearTextFirst":true,"interactionType":"ENTER_TEXT"}]}
RESULT: {"script":"<script> [776 bytes]","args":[{"enterText":"Meter","selector":{"id":"application-manageresources-display-component---newResourceUnit--DIMENSION_UNIT","interaction":{"idSuffix":"inner"}},"clearTextFirst":true,"interactionType":"ENTER_TEXT"}]}
COMMAND: POST /session/25c011aa293abf97c7913f308519c6b0/execute/async - {"script":"<script> [1562 bytes]","args":[{"selector":{"id":"application-manageresources-display-component---newResourceUnit--newRRUPage-anchBar-application-manageresources-display-component---newResourceUnit--control-anchor","interaction":{"idSuffix":"BDI-content"}},"wdio_ui5_key":"applicationmanageresources-display-component---newResourceUnit--newRRUPage-anchBar-application-manageresources-display-component---newResourceUnit--control-anchor"}]}
RESULT: {"script":"<script> [1562 bytes]","args":[{"selector":{"id":"application-manageresources-display-component---newResourceUnit--newRRUPage-anchBar-application-manageresources-display-component---newResourceUnit--control-anchor","interaction":{"idSuffix":"BDI-content"}},"wdio_ui5_key":"applicationmanageresources-display-component---newResourceUnit--newRRUPage-anchBar-application-manageresources-display-component---newResourceUnit--control-anchor"}]}
RESULT: undefined
COMMAND: POST /session/25c011aa293abf97c7913f308519c6b0/element - {"using":"xpath","value":"//*[@id=\"application-manageresources-display-component---newResourceUnit--newRRUPage-anchBar-application-manageresources-display-component---newResourceUnit--control-anchor\"]"}
RESULT: {"using":"xpath","value":"//*[@id=\"application-manageresources-display-component---newResourceUnit--newRRUPage-anchBar-application-manageresources-display-component---newResourceUnit--control-anchor\"]"}
COMMAND: POST /session/25c011aa293abf97c7913f308519c6b0/element/f.A224BA6FA6224D464A8F44AD5BF2EA9F.d.EBAB778C917F7BF3A8FE82E1EABA31EB.e.9438/click - {}
RESULT: {}
COMMAND: POST /session/25c011aa293abf97c7913f308519c6b0/execute/async - {"script":"<script> [1562 bytes]","args":[{"selector":{"id":"application-manageresources-display-component---newResourceUnit--PLANNING_GROUP","interaction":{"idSuffix":"inner"}},"wdio_ui5_key":"applicationmanageresources-display-component---newResourceUnit--PLANNING_GROUP"}]}
COMMAND: GET /session/25c011aa293abf97c7913f308519c6b0/screenshot - {}
RESULT: {"script":"<script> [1562 bytes]","args":[{"selector":{"id":"application-manageresources-display-component---newResourceUnit--PLANNING_GROUP","interaction":{"idSuffix":"inner"}},"wdio_ui5_key":"applicationmanageresources-display-component---newResourceUnit--PLANNING_GROUP"}]}
RESULT: undefined
COMMAND: POST /session/25c011aa293abf97c7913f308519c6b0/execute/async - {"script":"<script> [776 bytes]","args":[{"enterText":"Heavy Equi","selector":{"id":"application-manageresources-display-component---newResourceUnit--PLANNING_GROUP","interaction":{"idSuffix":"inner"}},"clearTextFirst":true,"interactionType":"ENTER_TEXT"}]}
RESULT: {}
RESULT: {"script":"<script> [776 bytes]","args":[{"enterText":"Heavy Equi","selector":{"id":"application-manageresources-display-component---newResourceUnit--PLANNING_GROUP","interaction":{"idSuffix":"inner"}},"clearTextFirst":true,"interactionType":"ENTER_TEXT"}]}
COMMAND: POST /session/25c011aa293abf97c7913f308519c6b0/execute/async - {"script":"<script> [1562 bytes]","args":[{"selector":{"id":"application-manageresources-display-component---newResourceUnit--ITEM_TYPE-arrow"},"wdio_ui5_key":"applicationmanageresources-display-component---newResourceUnit--ITEM_TYPE-arrow"}]}
RESULT: {"script":"<script> [1562 bytes]","args":[{"selector":{"id":"application-manageresources-display-component---newResourceUnit--ITEM_TYPE-arrow"},"wdio_ui5_key":"applicationmanageresources-display-component---newResourceUnit--ITEM_TYPE-arrow"}]}
RESULT: undefined
COMMAND: POST /session/25c011aa293abf97c7913f308519c6b0/element - {"using":"xpath","value":"//*[@id=\"application-manageresources-display-component---newResourceUnit--ITEM_TYPE-arrow\"]"}
RESULT: {"using":"xpath","value":"//*[@id=\"application-manageresources-display-component---newResourceUnit--ITEM_TYPE-arrow\"]"}
COMMAND: POST /session/25c011aa293abf97c7913f308519c6b0/element/f.A224BA6FA6224D464A8F44AD5BF2EA9F.d.EBAB778C917F7BF3A8FE82E1EABA31EB.e.9445/click - {}
RESULT: {}
COMMAND: POST /session/25c011aa293abf97c7913f308519c6b0/element - {"using":"xpath","value":"//ul[contains(@id,\"ITEM_TYPE-popup-list-listUl\")]//li[.//span[contains(text(),\"Resource Unit\")]]"}
COMMAND: GET /session/25c011aa293abf97c7913f308519c6b0/screenshot - {}
RESULT: {"using":"xpath","value":"//ul[contains(@id,\"ITEM_TYPE-popup-list-listUl\")]//li[.//span[contains(text(),\"Resource Unit\")]]"}
COMMAND: POST /session/25c011aa293abf97c7913f308519c6b0/element/f.A224BA6FA6224D464A8F44AD5BF2EA9F.d.EBAB778C917F7BF3A8FE82E1EABA31EB.e.9446/click - {}
RESULT: {}
RESULT: {}
COMMAND: GET /session/25c011aa293abf97c7913f308519c6b0/screenshot - {}
RESULT: {}
COMMAND: POST /session/25c011aa293abf97c7913f308519c6b0/element - {"using":"css selector","value":"#application-manageresources-display-component---newResourceUnit--btnAddTimeSegment"}
RESULT: {"using":"css selector","value":"#application-manageresources-display-component---newResourceUnit--btnAddTimeSegment"}
COMMAND: GET /session/25c011aa293abf97c7913f308519c6b0/element/f.A224BA6FA6224D464A8F44AD5BF2EA9F.d.EBAB778C917F7BF3A8FE82E1EABA31EB.e.9454/rect - {}
RESULT: {}
COMMAND: GET /session/25c011aa293abf97c7913f308519c6b0/window/rect - {}
RESULT: {}
COMMAND: POST /session/25c011aa293abf97c7913f308519c6b0/execute/sync - {"script":"<script> [92 bytes]","args":[]}
RESULT: {"script":"<script> [92 bytes]","args":[]}
COMMAND: POST /session/25c011aa293abf97c7913f308519c6b0/actions - {"actions":[{"id":"action30","type":"wheel","parameters":{},"actions":[{"type":"scroll","x":-1888,"y":-32,"deltaX":0,"deltaY":0,"duration":0,"origin":{"element-6066-11e4-a52e-4f735466cecf":"f.A224BA6FA6224D464A8F44AD5BF2EA9F.d.EBAB778C917F7BF3A8FE82E1EABA31EB.e.9454"}}]}]}
COMMAND: GET /session/25c011aa293abf97c7913f308519c6b0/screenshot - {}
RESULT: {}
COMMAND: POST /session/25c011aa293abf97c7913f308519c6b0/execute/sync - {"script":"<script> [79 bytes]","args":[{"element-6066-11e4-a52e-4f735466cecf":"f.A224BA6FA6224D464A8F44AD5BF2EA9F.d.EBAB778C917F7BF3A8FE82E1EABA31EB.e.9454","ELEMENT":"f.A224BA6FA6224D464A8F44AD5BF2EA9F.d.EBAB778C917F7BF3A8FE82E1EABA31EB.e.9454"},{"block":"start","inline":"nearest"}]}
RESULT: {"script":"<script> [79 bytes]","args":[{"element-6066-11e4-a52e-4f735466cecf":"f.A224BA6FA6224D464A8F44AD5BF2EA9F.d.EBAB778C917F7BF3A8FE82E1EABA31EB.e.9454","ELEMENT":"f.A224BA6FA6224D464A8F44AD5BF2EA9F.d.EBAB778C917F7BF3A8FE82E1EABA31EB.e.9454"},{"block":"start","inline":"nearest"}]}
COMMAND: POST /session/25c011aa293abf97c7913f308519c6b0/execute/async - {"script":"<script> [1562 bytes]","args":[{"selector":{"id":"application-manageresources-display-component---newResourceUnit--btnAddTimeSegment","interaction":{"idSuffix":"inner"}},"wdio_ui5_key":"applicationmanageresources-display-component---newResourceUnit--btnAddTimeSegment"}]}
COMMAND: GET /session/25c011aa293abf97c7913f308519c6b0/screenshot - {}
RESULT: {"script":"<script> [1562 bytes]","args":[{"selector":{"id":"application-manageresources-display-component---newResourceUnit--btnAddTimeSegment","interaction":{"idSuffix":"inner"}},"wdio_ui5_key":"applicationmanageresources-display-component---newResourceUnit--btnAddTimeSegment"}]}
RESULT: undefined
COMMAND: POST /session/25c011aa293abf97c7913f308519c6b0/element - {"using":"xpath","value":"//*[@id=\"application-manageresources-display-component---newResourceUnit--btnAddTimeSegment\"]"}
RESULT: {}
RESULT: {"using":"xpath","value":"//*[@id=\"application-manageresources-display-component---newResourceUnit--btnAddTimeSegment\"]"}
COMMAND: POST /session/25c011aa293abf97c7913f308519c6b0/element/f.A224BA6FA6224D464A8F44AD5BF2EA9F.d.EBAB778C917F7BF3A8FE82E1EABA31EB.e.9454/click - {}
RESULT: {}
COMMAND: GET /session/25c011aa293abf97c7913f308519c6b0/screenshot - {}
RESULT: {}
COMMAND: POST /session/25c011aa293abf97c7913f308519c6b0/element - {"using":"xpath","value":"//input[@id=\"application-manageresources-display-component---newResourceUnit--idRuTSAdmin-application-manageresources-display-component---newResourceUnit--RUTimeSegment-0-inner\"]"}
RESULT: {"using":"xpath","value":"//input[@id=\"application-manageresources-display-component---newResourceUnit--idRuTSAdmin-application-manageresources-display-component---newResourceUnit--RUTimeSegment-0-inner\"]"}
COMMAND: POST /session/25c011aa293abf97c7913f308519c6b0/element/f.A224BA6FA6224D464A8F44AD5BF2EA9F.d.EBAB778C917F7BF3A8FE82E1EABA31EB.e.9460/clear - {}
RESULT: {}
COMMAND: POST /session/25c011aa293abf97c7913f308519c6b0/element/f.A224BA6FA6224D464A8F44AD5BF2EA9F.d.EBAB778C917F7BF3A8FE82E1EABA31EB.e.9460/value - {"text":"246"}
COMMAND: GET /session/25c011aa293abf97c7913f308519c6b0/screenshot - {}
RESULT: {"text":"246"}
COMMAND: GET /session/25c011aa293abf97c7913f308519c6b0/screenshot - {}
RESULT: {}
RESULT: {}
COMMAND: POST /session/25c011aa293abf97c7913f308519c6b0/element - {"using":"xpath","value":"//li[.//span[text()='246']]"}
RESULT: {"using":"xpath","value":"//li[.//span[text()='246']]"}
COMMAND: POST /session/25c011aa293abf97c7913f308519c6b0/element/f.A224BA6FA6224D464A8F44AD5BF2EA9F.d.EBAB778C917F7BF3A8FE82E1EABA31EB.e.9472/click - {}
RESULT: {}
COMMAND: GET /session/25c011aa293abf97c7913f308519c6b0/screenshot - {}
RESULT: {}
COMMAND: POST /session/25c011aa293abf97c7913f308519c6b0/element - {"using":"xpath","value":"(//span[contains(@id, \"-application-manageresources-display-component---newResourceUnit--RUTimeSegment-0-arrow\")])[6]"}
RESULT: {"using":"xpath","value":"(//span[contains(@id, \"-application-manageresources-display-component---newResourceUnit--RUTimeSegment-0-arrow\")])[6]"}
COMMAND: POST /session/25c011aa293abf97c7913f308519c6b0/element/f.A224BA6FA6224D464A8F44AD5BF2EA9F.d.EBAB778C917F7BF3A8FE82E1EABA31EB.e.9473/click - {}
RESULT: {}
COMMAND: GET /session/25c011aa293abf97c7913f308519c6b0/screenshot - {}
RESULT: {}
COMMAND: POST /session/25c011aa293abf97c7913f308519c6b0/element - {"using":"xpath","value":"//span[contains(text(), \"PM Order\")]"}
RESULT: {"using":"xpath","value":"//span[contains(text(), \"PM Order\")]"}
COMMAND: POST /session/25c011aa293abf97c7913f308519c6b0/element/f.A224BA6FA6224D464A8F44AD5BF2EA9F.d.EBAB778C917F7BF3A8FE82E1EABA31EB.e.9476/click - {}
RESULT: {}
COMMAND: GET /session/25c011aa293abf97c7913f308519c6b0/screenshot - {}
RESULT: {}
COMMAND: POST /session/25c011aa293abf97c7913f308519c6b0/element - {"using":"xpath","value":"(//span[contains(@id ,\"manageresources-display-component---newResourceUnit--RUTimeSegment-0-vhi\")])[1]"}
RESULT: {"using":"xpath","value":"(//span[contains(@id ,\"manageresources-display-component---newResourceUnit--RUTimeSegment-0-vhi\")])[1]"}
COMMAND: GET /session/25c011aa293abf97c7913f308519c6b0/element/f.A224BA6FA6224D464A8F44AD5BF2EA9F.d.EBAB778C917F7BF3A8FE82E1EABA31EB.e.9480/rect - {}
RESULT: {}
COMMAND: GET /session/25c011aa293abf97c7913f308519c6b0/window/rect - {}
RESULT: {}
COMMAND: POST /session/25c011aa293abf97c7913f308519c6b0/execute/sync - {"script":"<script> [92 bytes]","args":[]}
RESULT: {"script":"<script> [92 bytes]","args":[]}
COMMAND: POST /session/25c011aa293abf97c7913f308519c6b0/actions - {"actions":[{"id":"action31","type":"wheel","parameters":{},"actions":[{"type":"scroll","x":-869,"y":-24,"deltaX":0,"deltaY":0,"duration":0,"origin":{"element-6066-11e4-a52e-4f735466cecf":"f.A224BA6FA6224D464A8F44AD5BF2EA9F.d.EBAB778C917F7BF3A8FE82E1EABA31EB.e.9480"}}]}]}
COMMAND: GET /session/25c011aa293abf97c7913f308519c6b0/screenshot - {}
RESULT: {"actions":[{"id":"action31","type":"wheel","parameters":{},"actions":[{"type":"scroll","x":-869,"y":-24,"deltaX":0,"deltaY":0,"duration":0,"origin":{"element-6066-11e4-a52e-4f735466cecf":"f.A224BA6FA6224D464A8F44AD5BF2EA9F.d.EBAB778C917F7BF3A8FE82E1EABA31EB.e.9480"}}]}]}
COMMAND: DELETE /session/25c011aa293abf97c7913f308519c6b0/actions - {}
COMMAND: GET /session/25c011aa293abf97c7913f308519c6b0/screenshot - {}
RESULT: {}
RESULT: {}
COMMAND: GET /session/25c011aa293abf97c7913f308519c6b0/screenshot - {}
RESULT: {}
RESULT: {}
COMMAND: POST /session/25c011aa293abf97c7913f308519c6b0/element/f.A224BA6FA6224D464A8F44AD5BF2EA9F.d.EBAB778C917F7BF3A8FE82E1EABA31EB.e.9480/click - {}
RESULT: {}
COMMAND: GET /session/25c011aa293abf97c7913f308519c6b0/screenshot - {}
RESULT: {}
RESULT: undefined
COMMAND: POST /session/25c011aa293abf97c7913f308519c6b0/execute/async - {"script":"<script> [776 bytes]","args":[{"enterText":"4000360","selector":{"controlType":"sap.m.SearchField","properties":{"placeholder":"Search"},"searchOpenDialogs":true,"interaction":{"idSuffix":"I"}},"clearTextFirst":true,"interactionType":"ENTER_TEXT"}]}
RESULT: {"script":"<script> [776 bytes]","args":[{"enterText":"4000360","selector":{"controlType":"sap.m.SearchField","properties":{"placeholder":"Search"},"searchOpenDialogs":true,"interaction":{"idSuffix":"I"}},"clearTextFirst":true,"interactionType":"ENTER_TEXT"}]}
COMMAND: POST /session/25c011aa293abf97c7913f308519c6b0/actions - {"actions":[{"id":"action32","type":"key","parameters":{},"actions":[{"type":"keyDown","value":""},{"type":"pause","duration":10},{"type":"keyUp","value":""}]}]}
RESULT: {"actions":[{"id":"action32","type":"key","parameters":{},"actions":[{"type":"keyDown","value":""},{"type":"pause","duration":10},{"type":"keyUp","value":""}]}]}
COMMAND: GET /session/25c011aa293abf97c7913f308519c6b0/screenshot - {}
RESULT: {}
COMMAND: POST /session/25c011aa293abf97c7913f308519c6b0/element - {"using":"xpath","value":"//td/div/span[contains(text(), \"BGL Vehicles\")]"}
RESULT: {"using":"xpath","value":"//td/div/span[contains(text(), \"BGL Vehicles\")]"}
COMMAND: POST /session/25c011aa293abf97c7913f308519c6b0/element/f.A224BA6FA6224D464A8F44AD5BF2EA9F.d.EBAB778C917F7BF3A8FE82E1EABA31EB.e.9501/click - {}
RESULT: {}
COMMAND: GET /session/25c011aa293abf97c7913f308519c6b0/screenshot - {}
RESULT: {}
COMMAND: POST /session/25c011aa293abf97c7913f308519c6b0/element - {"using":"xpath","value":"//bdi[contains(text(), \"OK\")]"}
RESULT: {"using":"xpath","value":"//bdi[contains(text(), \"OK\")]"}
COMMAND: POST /session/25c011aa293abf97c7913f308519c6b0/element/f.A224BA6FA6224D464A8F44AD5BF2EA9F.d.EBAB778C917F7BF3A8FE82E1EABA31EB.e.9502/click - {}
RESULT: {}
COMMAND: GET /session/25c011aa293abf97c7913f308519c6b0/screenshot - {}
RESULT: {}
COMMAND: POST /session/25c011aa293abf97c7913f308519c6b0/execute/async - {"script":"<script> [1562 bytes]","args":[{"selector":{"id":"application-manageresources-display-component---newResourceUnit--newRRUPage-anchBar-application-manageresources-display-component---newResourceUnit--resource-anchor","interaction":{"idSuffix":"BDI-content"}},"wdio_ui5_key":"applicationmanageresources-display-component---newResourceUnit--newRRUPage-anchBar-application-manageresources-display-component---newResourceUnit--resource-anchor"}]}
RESULT: {"script":"<script> [1562 bytes]","args":[{"selector":{"id":"application-manageresources-display-component---newResourceUnit--newRRUPage-anchBar-application-manageresources-display-component---newResourceUnit--resource-anchor","interaction":{"idSuffix":"BDI-content"}},"wdio_ui5_key":"applicationmanageresources-display-component---newResourceUnit--newRRUPage-anchBar-application-manageresources-display-component---newResourceUnit--resource-anchor"}]}
RESULT: undefined
COMMAND: POST /session/25c011aa293abf97c7913f308519c6b0/element - {"using":"xpath","value":"//*[@id=\"application-manageresources-display-component---newResourceUnit--newRRUPage-anchBar-application-manageresources-display-component---newResourceUnit--resource-anchor\"]"}
RESULT: {"using":"xpath","value":"//*[@id=\"application-manageresources-display-component---newResourceUnit--newRRUPage-anchBar-application-manageresources-display-component---newResourceUnit--resource-anchor\"]"}
COMMAND: POST /session/25c011aa293abf97c7913f308519c6b0/element/f.A224BA6FA6224D464A8F44AD5BF2EA9F.d.EBAB778C917F7BF3A8FE82E1EABA31EB.e.9506/click - {}
RESULT: {}
COMMAND: POST /session/25c011aa293abf97c7913f308519c6b0/execute/async - {"script":"<script> [1562 bytes]","args":[{"selector":{"id":"application-manageresources-display-component---newResourceUnit--PLANNED_DELIVERY_DATE","interaction":{"idSuffix":"inner"}},"wdio_ui5_key":"applicationmanageresources-display-component---newResourceUnit--PLANNED_DELIVERY_DATE"}]}
COMMAND: GET /session/25c011aa293abf97c7913f308519c6b0/screenshot - {}
RESULT: {"script":"<script> [1562 bytes]","args":[{"selector":{"id":"application-manageresources-display-component---newResourceUnit--PLANNED_DELIVERY_DATE","interaction":{"idSuffix":"inner"}},"wdio_ui5_key":"applicationmanageresources-display-component---newResourceUnit--PLANNED_DELIVERY_DATE"}]}
RESULT: undefined
COMMAND: POST /session/25c011aa293abf97c7913f308519c6b0/execute/async - {"script":"<script> [6424 bytes]","args":[{"element-6066-11e4-a52e-4f735466cecf":"f.A224BA6FA6224D464A8F44AD5BF2EA9F.d.EBAB778C917F7BF3A8FE82E1EABA31EB.e.9338"},"setValue",["6/13/25"]]}
RESULT: {}
RESULT: {"script":"<script> [6424 bytes]","args":[{"element-6066-11e4-a52e-4f735466cecf":"f.A224BA6FA6224D464A8F44AD5BF2EA9F.d.EBAB778C917F7BF3A8FE82E1EABA31EB.e.9338"},"setValue",["6/13/25"]]}
COMMAND: POST /session/25c011aa293abf97c7913f308519c6b0/element - {"using":"xpath","value":"//label[contains(@class, 'sapMLabelRequired') and .//bdi[contains(text(), 'Planned Retirement')]]"}
RESULT: {"using":"xpath","value":"//label[contains(@class, 'sapMLabelRequired') and .//bdi[contains(text(), 'Planned Retirement')]]"}
COMMAND: POST /session/25c011aa293abf97c7913f308519c6b0/elements - {"using":"xpath","value":"//label[contains(@class, 'sapMLabelRequired') and .//bdi[contains(text(), 'Planned Retirement')]]"}
RESULT: {"using":"xpath","value":"//label[contains(@class, 'sapMLabelRequired') and .//bdi[contains(text(), 'Planned Retirement')]]"}
COMMAND: POST /session/25c011aa293abf97c7913f308519c6b0/element - {"using":"xpath","value":"//button[@data-kt=\"resourceUnitSaveButton\"]"}
RESULT: {"using":"xpath","value":"//button[@data-kt=\"resourceUnitSaveButton\"]"}
COMMAND: POST /session/25c011aa293abf97c7913f308519c6b0/element/f.A224BA6FA6224D464A8F44AD5BF2EA9F.d.EBAB778C917F7BF3A8FE82E1EABA31EB.e.9298/click - {}
RESULT: {}
COMMAND: GET /session/25c011aa293abf97c7913f308519c6b0/screenshot - {}
RESULT: {}
COMMAND: POST /session/25c011aa293abf97c7913f308519c6b0/element - {"using":"xpath","value":"//bdi[contains(text(), \"Close\")]"}
RESULT: {"using":"xpath","value":"//bdi[contains(text(), \"Close\")]"}
COMMAND: POST /session/25c011aa293abf97c7913f308519c6b0/element/f.A224BA6FA6224D464A8F44AD5BF2EA9F.d.EBAB778C917F7BF3A8FE82E1EABA31EB.e.9515/click - {}
RESULT: {}
COMMAND: GET /session/25c011aa293abf97c7913f308519c6b0/screenshot - {}
RESULT: {}
COMMAND: POST /session/25c011aa293abf97c7913f308519c6b0/element - {"using":"xpath","value":"//bdi[contains(text(), \"Edit\")]"}
RESULT: {"using":"xpath","value":"//bdi[contains(text(), \"Edit\")]"}
COMMAND: POST /session/25c011aa293abf97c7913f308519c6b0/execute/sync - {"script":"<script> [8489 bytes]","args":[{"element-6066-11e4-a52e-4f735466cecf":"f.A224BA6FA6224D464A8F44AD5BF2EA9F.d.EBAB778C917F7BF3A8FE82E1EABA31EB.e.9549","ELEMENT":"f.A224BA6FA6224D464A8F44AD5BF2EA9F.d.EBAB778C917F7BF3A8FE82E1EABA31EB.e.9549"}]}
RESULT: {"script":"<script> [8489 bytes]","args":[{"element-6066-11e4-a52e-4f735466cecf":"f.A224BA6FA6224D464A8F44AD5BF2EA9F.d.EBAB778C917F7BF3A8FE82E1EABA31EB.e.9549","ELEMENT":"f.A224BA6FA6224D464A8F44AD5BF2EA9F.d.EBAB778C917F7BF3A8FE82E1EABA31EB.e.9549"}]}
COMMAND: POST /session/25c011aa293abf97c7913f308519c6b0/element/f.A224BA6FA6224D464A8F44AD5BF2EA9F.d.EBAB778C917F7BF3A8FE82E1EABA31EB.e.9549/click - {}
COMMAND: GET /session/25c011aa293abf97c7913f308519c6b0/screenshot - {}
RESULT: {}
COMMAND: GET /session/25c011aa293abf97c7913f308519c6b0/screenshot - {}
RESULT: {}
RESULT: {}
COMMAND: POST /session/25c011aa293abf97c7913f308519c6b0/execute/async - {"script":"<script> [1562 bytes]","args":[{"selector":{"id":"application-manageresources-display-component---editResource--editRruPage-anchBar-application-manageresources-display-component---editResource--counters-anchor","interaction":{"idSuffix":"BDI-content"}},"wdio_ui5_key":"applicationmanageresources-display-component---editResource--editRruPage-anchBar-application-manageresources-display-component---editResource--counters-anchor"}]}
RESULT: {"script":"<script> [1562 bytes]","args":[{"selector":{"id":"application-manageresources-display-component---editResource--editRruPage-anchBar-application-manageresources-display-component---editResource--counters-anchor","interaction":{"idSuffix":"BDI-content"}},"wdio_ui5_key":"applicationmanageresources-display-component---editResource--editRruPage-anchBar-application-manageresources-display-component---editResource--counters-anchor"}]}
RESULT: undefined
COMMAND: POST /session/25c011aa293abf97c7913f308519c6b0/element - {"using":"xpath","value":"//*[@id=\"application-manageresources-display-component---editResource--editRruPage-anchBar-application-manageresources-display-component---editResource--counters-anchor\"]"}
RESULT: {"using":"xpath","value":"//*[@id=\"application-manageresources-display-component---editResource--editRruPage-anchBar-application-manageresources-display-component---editResource--counters-anchor\"]"}
COMMAND: POST /session/25c011aa293abf97c7913f308519c6b0/element/f.A224BA6FA6224D464A8F44AD5BF2EA9F.d.EBAB778C917F7BF3A8FE82E1EABA31EB.e.9692/click - {}
RESULT: {}
COMMAND: GET /session/25c011aa293abf97c7913f308519c6b0/screenshot - {}
RESULT: {}
COMMAND: POST /session/25c011aa293abf97c7913f308519c6b0/execute/async - {"script":"<script> [1562 bytes]","args":[{"selector":{"id":"application-manageresources-display-component---editResource--btnAddCounter-img"},"wdio_ui5_key":"applicationmanageresources-display-component---editResource--btnAddCounter-img"}]}
RESULT: {"script":"<script> [1562 bytes]","args":[{"selector":{"id":"application-manageresources-display-component---editResource--btnAddCounter-img"},"wdio_ui5_key":"applicationmanageresources-display-component---editResource--btnAddCounter-img"}]}
RESULT: undefined
COMMAND: POST /session/25c011aa293abf97c7913f308519c6b0/element - {"using":"xpath","value":"//*[@id=\"application-manageresources-display-component---editResource--btnAddCounter-img\"]"}
RESULT: {"using":"xpath","value":"//*[@id=\"application-manageresources-display-component---editResource--btnAddCounter-img\"]"}
COMMAND: POST /session/25c011aa293abf97c7913f308519c6b0/element/f.A224BA6FA6224D464A8F44AD5BF2EA9F.d.EBAB778C917F7BF3A8FE82E1EABA31EB.e.9697/click - {}
RESULT: {}
COMMAND: POST /session/25c011aa293abf97c7913f308519c6b0/execute/async - {"script":"<script> [1562 bytes]","args":[{"selector":{"id":"application-manageresources-display-component---editResource--COUNTER_ID-application-manageresources-display-component---editResource--RUCounters-0-arrow"},"wdio_ui5_key":"applicationmanageresources-display-component---editResource--COUNTER_ID-application-manageresources-display-component---editResource--RUCounters-0-arrow"}]}
COMMAND: GET /session/25c011aa293abf97c7913f308519c6b0/screenshot - {}
RESULT: {"script":"<script> [1562 bytes]","args":[{"selector":{"id":"application-manageresources-display-component---editResource--COUNTER_ID-application-manageresources-display-component---editResource--RUCounters-0-arrow"},"wdio_ui5_key":"applicationmanageresources-display-component---editResource--COUNTER_ID-application-manageresources-display-component---editResource--RUCounters-0-arrow"}]}
RESULT: undefined
COMMAND: POST /session/25c011aa293abf97c7913f308519c6b0/element - {"using":"xpath","value":"//*[@id=\"application-manageresources-display-component---editResource--COUNTER_ID-application-manageresources-display-component---editResource--RUCounters-0-arrow\"]"}
RESULT: {}
RESULT: {"using":"xpath","value":"//*[@id=\"application-manageresources-display-component---editResource--COUNTER_ID-application-manageresources-display-component---editResource--RUCounters-0-arrow\"]"}
COMMAND: POST /session/25c011aa293abf97c7913f308519c6b0/element/f.A224BA6FA6224D464A8F44AD5BF2EA9F.d.EBAB778C917F7BF3A8FE82E1EABA31EB.e.9702/click - {}
RESULT: {}
COMMAND: POST /session/25c011aa293abf97c7913f308519c6b0/execute/async - {"script":"<script> [1562 bytes]","args":[{"selector":{"controlType":"sap.m.StandardListItem","viewName":"etm.portal.ui.manageresources.view.EditResource","viewId":"application-manageresources-display-component---editResource","properties":{"title":"fuel"},"searchOpenDialogs":true,"interaction":{"idSuffix":"content"}},"wdio_ui5_key":"etmportal.ui.manageresources.view.EditResourcesap.m.StandardListItem{\"title\":\"fuel\"}"}]}
COMMAND: GET /session/25c011aa293abf97c7913f308519c6b0/screenshot - {}
RESULT: {"script":"<script> [1562 bytes]","args":[{"selector":{"controlType":"sap.m.StandardListItem","viewName":"etm.portal.ui.manageresources.view.EditResource","viewId":"application-manageresources-display-component---editResource","properties":{"title":"fuel"},"searchOpenDialogs":true,"interaction":{"idSuffix":"content"}},"wdio_ui5_key":"etmportal.ui.manageresources.view.EditResourcesap.m.StandardListItem{\"title\":\"fuel\"}"}]}
RESULT: undefined
COMMAND: POST /session/25c011aa293abf97c7913f308519c6b0/element - {"using":"xpath","value":"//*[@id=\"__item2059\"]"}
RESULT: {}
RESULT: {"using":"xpath","value":"//*[@id=\"__item2059\"]"}
COMMAND: POST /session/25c011aa293abf97c7913f308519c6b0/element/f.A224BA6FA6224D464A8F44AD5BF2EA9F.d.EBAB778C917F7BF3A8FE82E1EABA31EB.e.9704/click - {}
RESULT: {}
COMMAND: GET /session/25c011aa293abf97c7913f308519c6b0/screenshot - {}
RESULT: {}
COMMAND: POST /session/25c011aa293abf97c7913f308519c6b0/element - {"using":"xpath","value":"//button[@data-kt=\"saveButton\"]"}
RESULT: {"using":"xpath","value":"//button[@data-kt=\"saveButton\"]"}
COMMAND: POST /session/25c011aa293abf97c7913f308519c6b0/element/f.A224BA6FA6224D464A8F44AD5BF2EA9F.d.EBAB778C917F7BF3A8FE82E1EABA31EB.e.9705/click - {}
RESULT: {}
COMMAND: GET /session/25c011aa293abf97c7913f308519c6b0/screenshot - {}
RESULT: {}
COMMAND: POST /session/25c011aa293abf97c7913f308519c6b0/element - {"using":"xpath","value":"(//button[contains(@id ,\"actionsToolbar-overflowButton\")])[1]"}
RESULT: {"using":"xpath","value":"(//button[contains(@id ,\"actionsToolbar-overflowButton\")])[1]"}
COMMAND: POST /session/25c011aa293abf97c7913f308519c6b0/element/f.A224BA6FA6224D464A8F44AD5BF2EA9F.d.EBAB778C917F7BF3A8FE82E1EABA31EB.e.9719/click - {}
RESULT: {}
COMMAND: GET /session/25c011aa293abf97c7913f308519c6b0/screenshot - {}
RESULT: {}
COMMAND: POST /session/25c011aa293abf97c7913f308519c6b0/element - {"using":"xpath","value":"//button[@data-kt=\"priceInfoButton\"]"}
RESULT: {"using":"xpath","value":"//button[@data-kt=\"priceInfoButton\"]"}
COMMAND: POST /session/25c011aa293abf97c7913f308519c6b0/element/f.A224BA6FA6224D464A8F44AD5BF2EA9F.d.EBAB778C917F7BF3A8FE82E1EABA31EB.e.9721/click - {}
RESULT: {}
COMMAND: GET /session/25c011aa293abf97c7913f308519c6b0/screenshot - {}
]]></system-out>
    </testcase>
    <testcase classname="chrome.137_0_7151_69.windows.Create_master_data_for_mixed_billing_&amp;_do_billing_calculation_US151661" name="Should create a TB pricing procedure" time="62.241">
      <system-out><![CDATA[
COMMAND: POST /session/25c011aa293abf97c7913f308519c6b0/element - {"using":"xpath","value":"//button[@data-kt=\"addButton\"]"}
RESULT: {}
RESULT: {"using":"xpath","value":"//button[@data-kt=\"addButton\"]"}
COMMAND: POST /session/25c011aa293abf97c7913f308519c6b0/elements - {"using":"xpath","value":"//button[@data-kt=\"addButton\"]"}
RESULT: {"using":"xpath","value":"//button[@data-kt=\"addButton\"]"}
COMMAND: POST /session/25c011aa293abf97c7913f308519c6b0/execute/sync - {"script":"<script> [8489 bytes]","args":[{"element-6066-11e4-a52e-4f735466cecf":"f.A224BA6FA6224D464A8F44AD5BF2EA9F.d.EBAB778C917F7BF3A8FE82E1EABA31EB.e.9769","ELEMENT":"f.A224BA6FA6224D464A8F44AD5BF2EA9F.d.EBAB778C917F7BF3A8FE82E1EABA31EB.e.9769"}]}
RESULT: {"script":"<script> [8489 bytes]","args":[{"element-6066-11e4-a52e-4f735466cecf":"f.A224BA6FA6224D464A8F44AD5BF2EA9F.d.EBAB778C917F7BF3A8FE82E1EABA31EB.e.9769","ELEMENT":"f.A224BA6FA6224D464A8F44AD5BF2EA9F.d.EBAB778C917F7BF3A8FE82E1EABA31EB.e.9769"}]}
COMMAND: GET /session/25c011aa293abf97c7913f308519c6b0/element/f.A224BA6FA6224D464A8F44AD5BF2EA9F.d.EBAB778C917F7BF3A8FE82E1EABA31EB.e.9769/enabled - {}
COMMAND: GET /session/25c011aa293abf97c7913f308519c6b0/screenshot - {}
RESULT: {}
RESULT: {}
COMMAND: POST /session/25c011aa293abf97c7913f308519c6b0/execute/sync - {"script":"<script> [8489 bytes]","args":[{"element-6066-11e4-a52e-4f735466cecf":"f.A224BA6FA6224D464A8F44AD5BF2EA9F.d.EBAB778C917F7BF3A8FE82E1EABA31EB.e.9769","ELEMENT":"f.A224BA6FA6224D464A8F44AD5BF2EA9F.d.EBAB778C917F7BF3A8FE82E1EABA31EB.e.9769"}]}
COMMAND: GET /session/25c011aa293abf97c7913f308519c6b0/screenshot - {}
RESULT: {"script":"<script> [8489 bytes]","args":[{"element-6066-11e4-a52e-4f735466cecf":"f.A224BA6FA6224D464A8F44AD5BF2EA9F.d.EBAB778C917F7BF3A8FE82E1EABA31EB.e.9769","ELEMENT":"f.A224BA6FA6224D464A8F44AD5BF2EA9F.d.EBAB778C917F7BF3A8FE82E1EABA31EB.e.9769"}]}
COMMAND: POST /session/25c011aa293abf97c7913f308519c6b0/execute/sync - {"script":"<script> [5351 bytes]","args":[{"element-6066-11e4-a52e-4f735466cecf":"f.A224BA6FA6224D464A8F44AD5BF2EA9F.d.EBAB778C917F7BF3A8FE82E1EABA31EB.e.9769","ELEMENT":"f.A224BA6FA6224D464A8F44AD5BF2EA9F.d.EBAB778C917F7BF3A8FE82E1EABA31EB.e.9769"}]}
COMMAND: GET /session/25c011aa293abf97c7913f308519c6b0/screenshot - {}
RESULT: {}
RESULT: {"script":"<script> [5351 bytes]","args":[{"element-6066-11e4-a52e-4f735466cecf":"f.A224BA6FA6224D464A8F44AD5BF2EA9F.d.EBAB778C917F7BF3A8FE82E1EABA31EB.e.9769","ELEMENT":"f.A224BA6FA6224D464A8F44AD5BF2EA9F.d.EBAB778C917F7BF3A8FE82E1EABA31EB.e.9769"}]}
COMMAND: POST /session/25c011aa293abf97c7913f308519c6b0/element/f.A224BA6FA6224D464A8F44AD5BF2EA9F.d.EBAB778C917F7BF3A8FE82E1EABA31EB.e.9769/click - {}
COMMAND: GET /session/25c011aa293abf97c7913f308519c6b0/screenshot - {}
RESULT: {}
RESULT: {}
COMMAND: GET /session/25c011aa293abf97c7913f308519c6b0/screenshot - {}
RESULT: {}
RESULT: {}
COMMAND: POST /session/25c011aa293abf97c7913f308519c6b0/execute/async - {"script":"<script> [1562 bytes]","args":[{"selector":{"controlType":"sap.m.Title","viewName":"etm.portal.ui.managepricingrules.view.NewItem","viewId":"application-managepricingrules-display-component---newInfoPriceItem","properties":{"text":"New Pricing Rules - Item Level"}},"wdio_ui5_key":"etmportal.ui.managepricingrules.view.NewItemsap.m.Title{\"text\":\"New Pricing Rules - Item Level\"}"}]}
RESULT: {"script":"<script> [1562 bytes]","args":[{"selector":{"controlType":"sap.m.Title","viewName":"etm.portal.ui.managepricingrules.view.NewItem","viewId":"application-managepricingrules-display-component---newInfoPriceItem","properties":{"text":"New Pricing Rules - Item Level"}},"wdio_ui5_key":"etmportal.ui.managepricingrules.view.NewItemsap.m.Title{\"text\":\"New Pricing Rules - Item Level\"}"}]}
RESULT: undefined
COMMAND: POST /session/25c011aa293abf97c7913f308519c6b0/execute/async - {"script":"<script> [6424 bytes]","args":[{"element-6066-11e4-a52e-4f735466cecf":"f.A224BA6FA6224D464A8F44AD5BF2EA9F.d.EBAB778C917F7BF3A8FE82E1EABA31EB.e.9906"},"getText",[]]}
RESULT: {"script":"<script> [6424 bytes]","args":[{"element-6066-11e4-a52e-4f735466cecf":"f.A224BA6FA6224D464A8F44AD5BF2EA9F.d.EBAB778C917F7BF3A8FE82E1EABA31EB.e.9906"},"getText",[]]}
COMMAND: POST /session/25c011aa293abf97c7913f308519c6b0/execute/async - {"script":"<script> [1562 bytes]","args":[{"selector":{"id":"application-managepricingrules-display-component---newInfoPriceItem--condValidTo","interaction":{"idSuffix":"inner"}},"wdio_ui5_key":"applicationmanagepricingrules-display-component---newInfoPriceItem--condValidTo"}]}
RESULT: {"script":"<script> [1562 bytes]","args":[{"selector":{"id":"application-managepricingrules-display-component---newInfoPriceItem--condValidTo","interaction":{"idSuffix":"inner"}},"wdio_ui5_key":"applicationmanagepricingrules-display-component---newInfoPriceItem--condValidTo"}]}
RESULT: undefined
COMMAND: POST /session/25c011aa293abf97c7913f308519c6b0/execute/async - {"script":"<script> [776 bytes]","args":[{"enterText":"2/13/26","selector":{"id":"application-managepricingrules-display-component---newInfoPriceItem--condValidTo","interaction":{"idSuffix":"inner"}},"clearTextFirst":true,"interactionType":"ENTER_TEXT"}]}
RESULT: {"script":"<script> [776 bytes]","args":[{"enterText":"2/13/26","selector":{"id":"application-managepricingrules-display-component---newInfoPriceItem--condValidTo","interaction":{"idSuffix":"inner"}},"clearTextFirst":true,"interactionType":"ENTER_TEXT"}]}
COMMAND: POST /session/25c011aa293abf97c7913f308519c6b0/execute/async - {"script":"<script> [1562 bytes]","args":[{"selector":{"id":"application-managepricingrules-display-component---newInfoPriceItem--billType-arrow"},"wdio_ui5_key":"applicationmanagepricingrules-display-component---newInfoPriceItem--billType-arrow"}]}
RESULT: {"script":"<script> [1562 bytes]","args":[{"selector":{"id":"application-managepricingrules-display-component---newInfoPriceItem--billType-arrow"},"wdio_ui5_key":"applicationmanagepricingrules-display-component---newInfoPriceItem--billType-arrow"}]}
RESULT: undefined
COMMAND: POST /session/25c011aa293abf97c7913f308519c6b0/element - {"using":"xpath","value":"//*[@id=\"application-managepricingrules-display-component---newInfoPriceItem--billType-arrow\"]"}
RESULT: {"using":"xpath","value":"//*[@id=\"application-managepricingrules-display-component---newInfoPriceItem--billType-arrow\"]"}
COMMAND: POST /session/25c011aa293abf97c7913f308519c6b0/element/f.A224BA6FA6224D464A8F44AD5BF2EA9F.d.EBAB778C917F7BF3A8FE82E1EABA31EB.e.9908/click - {}
RESULT: {}
COMMAND: POST /session/25c011aa293abf97c7913f308519c6b0/element - {"using":"xpath","value":"//span[contains(text(), \"TB - Time based\")]"}
COMMAND: GET /session/25c011aa293abf97c7913f308519c6b0/screenshot - {}
RESULT: {"using":"xpath","value":"//span[contains(text(), \"TB - Time based\")]"}
COMMAND: POST /session/25c011aa293abf97c7913f308519c6b0/element/f.A224BA6FA6224D464A8F44AD5BF2EA9F.d.EBAB778C917F7BF3A8FE82E1EABA31EB.e.9909/click - {}
RESULT: {}
RESULT: {}
COMMAND: POST /session/25c011aa293abf97c7913f308519c6b0/execute/async - {"script":"<script> [1562 bytes]","args":[{"selector":{"id":"application-managepricingrules-display-component---newInfoPriceItem--priceProc-arrow"},"wdio_ui5_key":"applicationmanagepricingrules-display-component---newInfoPriceItem--priceProc-arrow"}]}
COMMAND: GET /session/25c011aa293abf97c7913f308519c6b0/screenshot - {}
RESULT: {"script":"<script> [1562 bytes]","args":[{"selector":{"id":"application-managepricingrules-display-component---newInfoPriceItem--priceProc-arrow"},"wdio_ui5_key":"applicationmanagepricingrules-display-component---newInfoPriceItem--priceProc-arrow"}]}
RESULT: undefined
COMMAND: POST /session/25c011aa293abf97c7913f308519c6b0/element - {"using":"xpath","value":"//*[@id=\"application-managepricingrules-display-component---newInfoPriceItem--priceProc-arrow\"]"}
RESULT: {}
RESULT: {"using":"xpath","value":"//*[@id=\"application-managepricingrules-display-component---newInfoPriceItem--priceProc-arrow\"]"}
COMMAND: POST /session/25c011aa293abf97c7913f308519c6b0/element/f.A224BA6FA6224D464A8F44AD5BF2EA9F.d.EBAB778C917F7BF3A8FE82E1EABA31EB.e.9910/click - {}
RESULT: {}
COMMAND: POST /session/25c011aa293abf97c7913f308519c6b0/element - {"using":"xpath","value":"//span[contains(text(), \"TB - Time based BGL\")]"}
COMMAND: GET /session/25c011aa293abf97c7913f308519c6b0/screenshot - {}
RESULT: {"using":"xpath","value":"//span[contains(text(), \"TB - Time based BGL\")]"}
COMMAND: POST /session/25c011aa293abf97c7913f308519c6b0/element/f.A224BA6FA6224D464A8F44AD5BF2EA9F.d.EBAB778C917F7BF3A8FE82E1EABA31EB.e.9911/click - {}
RESULT: {}
RESULT: {}
COMMAND: POST /session/25c011aa293abf97c7913f308519c6b0/execute/async - {"script":"<script> [1562 bytes]","args":[{"selector":{"id":"application-managepricingrules-display-component---newInfoPriceItem--calcBase-arrow"},"wdio_ui5_key":"applicationmanagepricingrules-display-component---newInfoPriceItem--calcBase-arrow"}]}
COMMAND: GET /session/25c011aa293abf97c7913f308519c6b0/screenshot - {}
RESULT: {"script":"<script> [1562 bytes]","args":[{"selector":{"id":"application-managepricingrules-display-component---newInfoPriceItem--calcBase-arrow"},"wdio_ui5_key":"applicationmanagepricingrules-display-component---newInfoPriceItem--calcBase-arrow"}]}
RESULT: undefined
COMMAND: POST /session/25c011aa293abf97c7913f308519c6b0/element - {"using":"xpath","value":"//*[@id=\"application-managepricingrules-display-component---newInfoPriceItem--calcBase-arrow\"]"}
RESULT: {}
RESULT: {"using":"xpath","value":"//*[@id=\"application-managepricingrules-display-component---newInfoPriceItem--calcBase-arrow\"]"}
COMMAND: POST /session/25c011aa293abf97c7913f308519c6b0/element/f.A224BA6FA6224D464A8F44AD5BF2EA9F.d.EBAB778C917F7BF3A8FE82E1EABA31EB.e.9882/click - {}
RESULT: {}
COMMAND: GET /session/25c011aa293abf97c7913f308519c6b0/screenshot - {}
RESULT: {}
COMMAND: POST /session/25c011aa293abf97c7913f308519c6b0/element - {"using":"xpath","value":"//span[contains(text(), \"0006 - TB(calendar days)\")]"}
RESULT: {"using":"xpath","value":"//span[contains(text(), \"0006 - TB(calendar days)\")]"}
COMMAND: POST /session/25c011aa293abf97c7913f308519c6b0/element/f.A224BA6FA6224D464A8F44AD5BF2EA9F.d.EBAB778C917F7BF3A8FE82E1EABA31EB.e.9912/click - {}
RESULT: {}
COMMAND: GET /session/25c011aa293abf97c7913f308519c6b0/screenshot - {}
RESULT: {}
COMMAND: POST /session/25c011aa293abf97c7913f308519c6b0/execute/async - {"script":"<script> [1562 bytes]","args":[{"selector":{"id":"application-managepricingrules-display-component---newInfoPriceItem--hoursMonth","interaction":{"idSuffix":"inner"}},"wdio_ui5_key":"applicationmanagepricingrules-display-component---newInfoPriceItem--hoursMonth"}]}
RESULT: {"script":"<script> [1562 bytes]","args":[{"selector":{"id":"application-managepricingrules-display-component---newInfoPriceItem--hoursMonth","interaction":{"idSuffix":"inner"}},"wdio_ui5_key":"applicationmanagepricingrules-display-component---newInfoPriceItem--hoursMonth"}]}
RESULT: undefined
COMMAND: POST /session/25c011aa293abf97c7913f308519c6b0/execute/async - {"script":"<script> [776 bytes]","args":[{"enterText":"160","selector":{"id":"application-managepricingrules-display-component---newInfoPriceItem--hoursMonth","interaction":{"idSuffix":"inner"}},"clearTextFirst":true,"interactionType":"ENTER_TEXT"}]}
RESULT: {"script":"<script> [776 bytes]","args":[{"enterText":"160","selector":{"id":"application-managepricingrules-display-component---newInfoPriceItem--hoursMonth","interaction":{"idSuffix":"inner"}},"clearTextFirst":true,"interactionType":"ENTER_TEXT"}]}
COMMAND: POST /session/25c011aa293abf97c7913f308519c6b0/execute/async - {"script":"<script> [1562 bytes]","args":[{"selector":{"id":"application-managepricingrules-display-component---newInfoPriceItem--daysMonth","interaction":{"idSuffix":"inner"}},"wdio_ui5_key":"applicationmanagepricingrules-display-component---newInfoPriceItem--daysMonth"}]}
RESULT: {"script":"<script> [1562 bytes]","args":[{"selector":{"id":"application-managepricingrules-display-component---newInfoPriceItem--daysMonth","interaction":{"idSuffix":"inner"}},"wdio_ui5_key":"applicationmanagepricingrules-display-component---newInfoPriceItem--daysMonth"}]}
RESULT: undefined
COMMAND: POST /session/25c011aa293abf97c7913f308519c6b0/execute/async - {"script":"<script> [776 bytes]","args":[{"enterText":"30","selector":{"id":"application-managepricingrules-display-component---newInfoPriceItem--daysMonth","interaction":{"idSuffix":"inner"}},"clearTextFirst":true,"interactionType":"ENTER_TEXT"}]}
RESULT: {"script":"<script> [776 bytes]","args":[{"enterText":"30","selector":{"id":"application-managepricingrules-display-component---newInfoPriceItem--daysMonth","interaction":{"idSuffix":"inner"}},"clearTextFirst":true,"interactionType":"ENTER_TEXT"}]}
COMMAND: POST /session/25c011aa293abf97c7913f308519c6b0/element - {"using":"xpath","value":"//button[@data-kt=\"saveNewRuleButton\"]"}
RESULT: {"using":"xpath","value":"//button[@data-kt=\"saveNewRuleButton\"]"}
COMMAND: POST /session/25c011aa293abf97c7913f308519c6b0/element/f.A224BA6FA6224D464A8F44AD5BF2EA9F.d.EBAB778C917F7BF3A8FE82E1EABA31EB.e.9894/click - {}
RESULT: {}
COMMAND: GET /session/25c011aa293abf97c7913f308519c6b0/screenshot - {}
RESULT: {}
COMMAND: POST /session/25c011aa293abf97c7913f308519c6b0/execute/async - {"script":"<script> [1562 bytes]","args":[{"selector":{"id":"application-managepricingrules-display-component---priceInfoItem--smartFilterBar-btnBasicSearch","interaction":{"idSuffix":"I"}},"wdio_ui5_key":"applicationmanagepricingrules-display-component---priceInfoItem--smartFilterBar-btnBasicSearch"}]}
RESULT: {"script":"<script> [1562 bytes]","args":[{"selector":{"id":"application-managepricingrules-display-component---priceInfoItem--smartFilterBar-btnBasicSearch","interaction":{"idSuffix":"I"}},"wdio_ui5_key":"applicationmanagepricingrules-display-component---priceInfoItem--smartFilterBar-btnBasicSearch"}]}
RESULT: undefined
COMMAND: POST /session/25c011aa293abf97c7913f308519c6b0/execute/async - {"script":"<script> [776 bytes]","args":[{"enterText":"cuzaIkHC59","selector":{"id":"application-managepricingrules-display-component---priceInfoItem--smartFilterBar-btnBasicSearch","interaction":{"idSuffix":"I"}},"clearTextFirst":true,"interactionType":"ENTER_TEXT"}]}
RESULT: {"script":"<script> [776 bytes]","args":[{"enterText":"cuzaIkHC59","selector":{"id":"application-managepricingrules-display-component---priceInfoItem--smartFilterBar-btnBasicSearch","interaction":{"idSuffix":"I"}},"clearTextFirst":true,"interactionType":"ENTER_TEXT"}]}
COMMAND: POST /session/25c011aa293abf97c7913f308519c6b0/actions - {"actions":[{"id":"action33","type":"key","parameters":{},"actions":[{"type":"keyDown","value":""},{"type":"pause","duration":10},{"type":"keyUp","value":""}]}]}
RESULT: {"actions":[{"id":"action33","type":"key","parameters":{},"actions":[{"type":"keyDown","value":""},{"type":"pause","duration":10},{"type":"keyUp","value":""}]}]}
COMMAND: GET /session/25c011aa293abf97c7913f308519c6b0/screenshot - {}
RESULT: {}
COMMAND: POST /session/25c011aa293abf97c7913f308519c6b0/element - {"using":"xpath","value":"//span[@id=\"application-managepricingrules-display-component---priceInfoItem--smartTable-header-inner\"]"}
RESULT: {"using":"xpath","value":"//span[@id=\"application-managepricingrules-display-component---priceInfoItem--smartTable-header-inner\"]"}
COMMAND: POST /session/25c011aa293abf97c7913f308519c6b0/elements - {"using":"xpath","value":"//span[@id=\"application-managepricingrules-display-component---priceInfoItem--smartTable-header-inner\"]"}
RESULT: {"using":"xpath","value":"//span[@id=\"application-managepricingrules-display-component---priceInfoItem--smartTable-header-inner\"]"}
COMMAND: POST /session/25c011aa293abf97c7913f308519c6b0/execute/sync - {"script":"<script> [56 bytes]","args":[{"element-6066-11e4-a52e-4f735466cecf":"f.A224BA6FA6224D464A8F44AD5BF2EA9F.d.EBAB778C917F7BF3A8FE82E1EABA31EB.e.9941","ELEMENT":"f.A224BA6FA6224D464A8F44AD5BF2EA9F.d.EBAB778C917F7BF3A8FE82E1EABA31EB.e.9941"}]}
RESULT: {"script":"<script> [56 bytes]","args":[{"element-6066-11e4-a52e-4f735466cecf":"f.A224BA6FA6224D464A8F44AD5BF2EA9F.d.EBAB778C917F7BF3A8FE82E1EABA31EB.e.9941","ELEMENT":"f.A224BA6FA6224D464A8F44AD5BF2EA9F.d.EBAB778C917F7BF3A8FE82E1EABA31EB.e.9941"}]}
COMMAND: POST /session/25c011aa293abf97c7913f308519c6b0/element - {"using":"css selector","value":"#shell-header-logo"}
COMMAND: GET /session/25c011aa293abf97c7913f308519c6b0/screenshot - {}
RESULT: {"using":"css selector","value":"#shell-header-logo"}
COMMAND: POST /session/25c011aa293abf97c7913f308519c6b0/element/f.A224BA6FA6224D464A8F44AD5BF2EA9F.d.EBAB778C917F7BF3A8FE82E1EABA31EB.e.8891/click - {}
RESULT: {}
RESULT: {}
COMMAND: GET /session/25c011aa293abf97c7913f308519c6b0/screenshot - {}
RESULT: {}
]]></system-out>
    </testcase>
    <testcase classname="chrome.137_0_7151_69.windows.Create_master_data_for_mixed_billing_&amp;_do_billing_calculation_US151661" name="Should add one time condition" time="71.298">
      <system-out><![CDATA[
COMMAND: POST /session/25c011aa293abf97c7913f308519c6b0/execute/async - {"script":"<script> [1562 bytes]","args":[{"selector":{"controlType":"sap.m.GenericTile","properties":{"header":"Manage Conditions & Prices"}},"wdio_ui5_key":"sapm.GenericTile{\"header\":\"Manage Conditions & Prices\"}"}]}
RESULT: {"script":"<script> [1562 bytes]","args":[{"selector":{"controlType":"sap.m.GenericTile","properties":{"header":"Manage Conditions & Prices"}},"wdio_ui5_key":"sapm.GenericTile{\"header\":\"Manage Conditions & Prices\"}"}]}
RESULT: undefined
COMMAND: POST /session/25c011aa293abf97c7913f308519c6b0/element - {"using":"xpath","value":"//*[@id=\"__tile55\"]"}
RESULT: {"using":"xpath","value":"//*[@id=\"__tile55\"]"}
COMMAND: POST /session/25c011aa293abf97c7913f308519c6b0/element/f.A224BA6FA6224D464A8F44AD5BF2EA9F.d.EBAB778C917F7BF3A8FE82E1EABA31EB.e.6592/click - {}
RESULT: {}
COMMAND: GET /session/25c011aa293abf97c7913f308519c6b0/screenshot - {}
RESULT: {}
COMMAND: POST /session/25c011aa293abf97c7913f308519c6b0/elements - {"using":"xpath","value":"//span[text()='Error']"}
RESULT: {"using":"xpath","value":"//span[text()='Error']"}
COMMAND: POST /session/25c011aa293abf97c7913f308519c6b0/element - {"using":"xpath","value":"//button[@aria-label=\"Create\"]"}
RESULT: {"using":"xpath","value":"//button[@aria-label=\"Create\"]"}
COMMAND: POST /session/25c011aa293abf97c7913f308519c6b0/elements - {"using":"xpath","value":"//button[@aria-label=\"Create\"]"}
RESULT: {"using":"xpath","value":"//button[@aria-label=\"Create\"]"}
COMMAND: POST /session/25c011aa293abf97c7913f308519c6b0/execute/sync - {"script":"<script> [8489 bytes]","args":[{"element-6066-11e4-a52e-4f735466cecf":"f.A224BA6FA6224D464A8F44AD5BF2EA9F.d.EBAB778C917F7BF3A8FE82E1EABA31EB.e.9976","ELEMENT":"f.A224BA6FA6224D464A8F44AD5BF2EA9F.d.EBAB778C917F7BF3A8FE82E1EABA31EB.e.9976"}]}
RESULT: {"script":"<script> [8489 bytes]","args":[{"element-6066-11e4-a52e-4f735466cecf":"f.A224BA6FA6224D464A8F44AD5BF2EA9F.d.EBAB778C917F7BF3A8FE82E1EABA31EB.e.9976","ELEMENT":"f.A224BA6FA6224D464A8F44AD5BF2EA9F.d.EBAB778C917F7BF3A8FE82E1EABA31EB.e.9976"}]}
COMMAND: GET /session/25c011aa293abf97c7913f308519c6b0/element/f.A224BA6FA6224D464A8F44AD5BF2EA9F.d.EBAB778C917F7BF3A8FE82E1EABA31EB.e.9976/enabled - {}
COMMAND: GET /session/25c011aa293abf97c7913f308519c6b0/screenshot - {}
RESULT: {}
COMMAND: POST /session/25c011aa293abf97c7913f308519c6b0/execute/sync - {"script":"<script> [8489 bytes]","args":[{"element-6066-11e4-a52e-4f735466cecf":"f.A224BA6FA6224D464A8F44AD5BF2EA9F.d.EBAB778C917F7BF3A8FE82E1EABA31EB.e.9976","ELEMENT":"f.A224BA6FA6224D464A8F44AD5BF2EA9F.d.EBAB778C917F7BF3A8FE82E1EABA31EB.e.9976"}]}
COMMAND: GET /session/25c011aa293abf97c7913f308519c6b0/screenshot - {}
RESULT: {}
RESULT: {"script":"<script> [8489 bytes]","args":[{"element-6066-11e4-a52e-4f735466cecf":"f.A224BA6FA6224D464A8F44AD5BF2EA9F.d.EBAB778C917F7BF3A8FE82E1EABA31EB.e.9976","ELEMENT":"f.A224BA6FA6224D464A8F44AD5BF2EA9F.d.EBAB778C917F7BF3A8FE82E1EABA31EB.e.9976"}]}
COMMAND: POST /session/25c011aa293abf97c7913f308519c6b0/execute/sync - {"script":"<script> [5351 bytes]","args":[{"element-6066-11e4-a52e-4f735466cecf":"f.A224BA6FA6224D464A8F44AD5BF2EA9F.d.EBAB778C917F7BF3A8FE82E1EABA31EB.e.9976","ELEMENT":"f.A224BA6FA6224D464A8F44AD5BF2EA9F.d.EBAB778C917F7BF3A8FE82E1EABA31EB.e.9976"}]}
COMMAND: GET /session/25c011aa293abf97c7913f308519c6b0/screenshot - {}
RESULT: {}
RESULT: {"script":"<script> [5351 bytes]","args":[{"element-6066-11e4-a52e-4f735466cecf":"f.A224BA6FA6224D464A8F44AD5BF2EA9F.d.EBAB778C917F7BF3A8FE82E1EABA31EB.e.9976","ELEMENT":"f.A224BA6FA6224D464A8F44AD5BF2EA9F.d.EBAB778C917F7BF3A8FE82E1EABA31EB.e.9976"}]}
COMMAND: POST /session/25c011aa293abf97c7913f308519c6b0/element/f.A224BA6FA6224D464A8F44AD5BF2EA9F.d.EBAB778C917F7BF3A8FE82E1EABA31EB.e.9976/click - {}
COMMAND: GET /session/25c011aa293abf97c7913f308519c6b0/screenshot - {}
RESULT: {}
RESULT: {}
COMMAND: GET /session/25c011aa293abf97c7913f308519c6b0/screenshot - {}
RESULT: {}
RESULT: {}
COMMAND: POST /session/25c011aa293abf97c7913f308519c6b0/actions - {"actions":[{"id":"action34","type":"key","parameters":{},"actions":[{"type":"keyDown","value":""},{"type":"pause","duration":10},{"type":"keyUp","value":""}]}]}
RESULT: {"actions":[{"id":"action34","type":"key","parameters":{},"actions":[{"type":"keyDown","value":""},{"type":"pause","duration":10},{"type":"keyUp","value":""}]}]}
COMMAND: GET /session/25c011aa293abf97c7913f308519c6b0/screenshot - {}
RESULT: {}
COMMAND: POST /session/25c011aa293abf97c7913f308519c6b0/execute/async - {"script":"<script> [1562 bytes]","args":[{"selector":{"id":"application-manageconditionprice-display-component---newCondition--condBillCond-arrow"},"wdio_ui5_key":"applicationmanageconditionprice-display-component---newCondition--condBillCond-arrow"}]}
RESULT: {"script":"<script> [1562 bytes]","args":[{"selector":{"id":"application-manageconditionprice-display-component---newCondition--condBillCond-arrow"},"wdio_ui5_key":"applicationmanageconditionprice-display-component---newCondition--condBillCond-arrow"}]}
RESULT: undefined
COMMAND: POST /session/25c011aa293abf97c7913f308519c6b0/element - {"using":"xpath","value":"//*[@id=\"application-manageconditionprice-display-component---newCondition--condBillCond-arrow\"]"}
RESULT: {"using":"xpath","value":"//*[@id=\"application-manageconditionprice-display-component---newCondition--condBillCond-arrow\"]"}
COMMAND: POST /session/25c011aa293abf97c7913f308519c6b0/element/f.A224BA6FA6224D464A8F44AD5BF2EA9F.d.EBAB778C917F7BF3A8FE82E1EABA31EB.e.10154/click - {}
RESULT: {}
COMMAND: GET /session/25c011aa293abf97c7913f308519c6b0/screenshot - {}
RESULT: {}
COMMAND: POST /session/25c011aa293abf97c7913f308519c6b0/element - {"using":"xpath","value":"//li[.//span[contains(text(), \"SAPR - Sales price\")]]"}
RESULT: {"using":"xpath","value":"//li[.//span[contains(text(), \"SAPR - Sales price\")]]"}
COMMAND: POST /session/25c011aa293abf97c7913f308519c6b0/element/f.A224BA6FA6224D464A8F44AD5BF2EA9F.d.EBAB778C917F7BF3A8FE82E1EABA31EB.e.10158/click - {}
RESULT: {}
COMMAND: GET /session/25c011aa293abf97c7913f308519c6b0/screenshot - {}
RESULT: {}
COMMAND: POST /session/25c011aa293abf97c7913f308519c6b0/execute/async - {"script":"<script> [1562 bytes]","args":[{"selector":{"id":"application-manageconditionprice-display-component---newCondition--condValidTo","interaction":{"idSuffix":"inner"}},"wdio_ui5_key":"applicationmanageconditionprice-display-component---newCondition--condValidTo"}]}
RESULT: {"script":"<script> [1562 bytes]","args":[{"selector":{"id":"application-manageconditionprice-display-component---newCondition--condValidTo","interaction":{"idSuffix":"inner"}},"wdio_ui5_key":"applicationmanageconditionprice-display-component---newCondition--condValidTo"}]}
RESULT: undefined
COMMAND: POST /session/25c011aa293abf97c7913f308519c6b0/execute/async - {"script":"<script> [776 bytes]","args":[{"enterText":"2/13/26","selector":{"id":"application-manageconditionprice-display-component---newCondition--condValidTo","interaction":{"idSuffix":"inner"}},"clearTextFirst":true,"interactionType":"ENTER_TEXT"}]}
RESULT: {"script":"<script> [776 bytes]","args":[{"enterText":"2/13/26","selector":{"id":"application-manageconditionprice-display-component---newCondition--condValidTo","interaction":{"idSuffix":"inner"}},"clearTextFirst":true,"interactionType":"ENTER_TEXT"}]}
COMMAND: POST /session/25c011aa293abf97c7913f308519c6b0/element - {"using":"xpath","value":"//input[@id=\"application-manageconditionprice-display-component---newCondition--condRU-inner\"]"}
RESULT: {"using":"xpath","value":"//input[@id=\"application-manageconditionprice-display-component---newCondition--condRU-inner\"]"}
COMMAND: POST /session/25c011aa293abf97c7913f308519c6b0/element/f.A224BA6FA6224D464A8F44AD5BF2EA9F.d.EBAB778C917F7BF3A8FE82E1EABA31EB.e.10020/clear - {}
RESULT: {}
COMMAND: POST /session/25c011aa293abf97c7913f308519c6b0/element/f.A224BA6FA6224D464A8F44AD5BF2EA9F.d.EBAB778C917F7BF3A8FE82E1EABA31EB.e.10020/value - {"text":"cuzaIkHC59"}
COMMAND: GET /session/25c011aa293abf97c7913f308519c6b0/screenshot - {}
RESULT: {"text":"cuzaIkHC59"}
COMMAND: GET /session/25c011aa293abf97c7913f308519c6b0/screenshot - {}
RESULT: {}
RESULT: {}
COMMAND: POST /session/25c011aa293abf97c7913f308519c6b0/actions - {"actions":[{"id":"action35","type":"key","parameters":{},"actions":[{"type":"keyDown","value":""},{"type":"pause","duration":10},{"type":"keyUp","value":""}]}]}
RESULT: {"actions":[{"id":"action35","type":"key","parameters":{},"actions":[{"type":"keyDown","value":""},{"type":"pause","duration":10},{"type":"keyUp","value":""}]}]}
COMMAND: POST /session/25c011aa293abf97c7913f308519c6b0/execute/async - {"script":"<script> [1562 bytes]","args":[{"selector":{"id":"application-manageconditionprice-display-component---newCondition--condBaseQty","interaction":{"idSuffix":"inner"}},"wdio_ui5_key":"applicationmanageconditionprice-display-component---newCondition--condBaseQty"}]}
COMMAND: GET /session/25c011aa293abf97c7913f308519c6b0/screenshot - {}
RESULT: {"script":"<script> [1562 bytes]","args":[{"selector":{"id":"application-manageconditionprice-display-component---newCondition--condBaseQty","interaction":{"idSuffix":"inner"}},"wdio_ui5_key":"applicationmanageconditionprice-display-component---newCondition--condBaseQty"}]}
RESULT: undefined
COMMAND: POST /session/25c011aa293abf97c7913f308519c6b0/execute/async - {"script":"<script> [776 bytes]","args":[{"enterText":"1","selector":{"id":"application-manageconditionprice-display-component---newCondition--condBaseQty","interaction":{"idSuffix":"inner"}},"clearTextFirst":true,"interactionType":"ENTER_TEXT"}]}
RESULT: {}
RESULT: {"script":"<script> [776 bytes]","args":[{"enterText":"1","selector":{"id":"application-manageconditionprice-display-component---newCondition--condBaseQty","interaction":{"idSuffix":"inner"}},"clearTextFirst":true,"interactionType":"ENTER_TEXT"}]}
COMMAND: POST /session/25c011aa293abf97c7913f308519c6b0/execute/async - {"script":"<script> [1562 bytes]","args":[{"selector":{"id":"application-manageconditionprice-display-component---newCondition--condValue","interaction":{"idSuffix":"inner"}},"wdio_ui5_key":"applicationmanageconditionprice-display-component---newCondition--condValue"}]}
RESULT: {"script":"<script> [1562 bytes]","args":[{"selector":{"id":"application-manageconditionprice-display-component---newCondition--condValue","interaction":{"idSuffix":"inner"}},"wdio_ui5_key":"applicationmanageconditionprice-display-component---newCondition--condValue"}]}
RESULT: undefined
COMMAND: POST /session/25c011aa293abf97c7913f308519c6b0/execute/async - {"script":"<script> [776 bytes]","args":[{"enterText":"200","selector":{"id":"application-manageconditionprice-display-component---newCondition--condValue","interaction":{"idSuffix":"inner"}},"clearTextFirst":true,"interactionType":"ENTER_TEXT"}]}
RESULT: {"script":"<script> [776 bytes]","args":[{"enterText":"200","selector":{"id":"application-manageconditionprice-display-component---newCondition--condValue","interaction":{"idSuffix":"inner"}},"clearTextFirst":true,"interactionType":"ENTER_TEXT"}]}
COMMAND: POST /session/25c011aa293abf97c7913f308519c6b0/execute/async - {"script":"<script> [1562 bytes]","args":[{"selector":{"id":"application-manageconditionprice-display-component---newCondition--condCurr-arrow"},"wdio_ui5_key":"applicationmanageconditionprice-display-component---newCondition--condCurr-arrow"}]}
RESULT: {"script":"<script> [1562 bytes]","args":[{"selector":{"id":"application-manageconditionprice-display-component---newCondition--condCurr-arrow"},"wdio_ui5_key":"applicationmanageconditionprice-display-component---newCondition--condCurr-arrow"}]}
RESULT: undefined
COMMAND: POST /session/25c011aa293abf97c7913f308519c6b0/element - {"using":"xpath","value":"//*[@id=\"application-manageconditionprice-display-component---newCondition--condCurr-arrow\"]"}
RESULT: {"using":"xpath","value":"//*[@id=\"application-manageconditionprice-display-component---newCondition--condCurr-arrow\"]"}
COMMAND: POST /session/25c011aa293abf97c7913f308519c6b0/element/f.A224BA6FA6224D464A8F44AD5BF2EA9F.d.EBAB778C917F7BF3A8FE82E1EABA31EB.e.10144/click - {}
RESULT: {}
COMMAND: POST /session/25c011aa293abf97c7913f308519c6b0/element - {"using":"xpath","value":"//span[contains(text(), \"Euro\")]"}
COMMAND: GET /session/25c011aa293abf97c7913f308519c6b0/screenshot - {}
RESULT: {}
RESULT: {"using":"xpath","value":"//span[contains(text(), \"Euro\")]"}
COMMAND: POST /session/25c011aa293abf97c7913f308519c6b0/element/f.A224BA6FA6224D464A8F44AD5BF2EA9F.d.EBAB778C917F7BF3A8FE82E1EABA31EB.e.10196/click - {}
RESULT: {}
COMMAND: POST /session/25c011aa293abf97c7913f308519c6b0/element - {"using":"xpath","value":"//button[@data-kt=\"saveButton\"]"}
COMMAND: GET /session/25c011aa293abf97c7913f308519c6b0/screenshot - {}
RESULT: {"using":"xpath","value":"//button[@data-kt=\"saveButton\"]"}
COMMAND: POST /session/25c011aa293abf97c7913f308519c6b0/element/f.A224BA6FA6224D464A8F44AD5BF2EA9F.d.EBAB778C917F7BF3A8FE82E1EABA31EB.e.10145/click - {}
RESULT: {}
RESULT: {}
COMMAND: GET /session/25c011aa293abf97c7913f308519c6b0/screenshot - {}
RESULT: {}
COMMAND: POST /session/25c011aa293abf97c7913f308519c6b0/execute/async - {"script":"<script> [1562 bytes]","args":[{"selector":{"id":"application-manageconditionprice-display-component---conditions--smartFilterBar-btnBasicSearch","interaction":{"idSuffix":"I"}},"wdio_ui5_key":"applicationmanageconditionprice-display-component---conditions--smartFilterBar-btnBasicSearch"}]}
RESULT: {"script":"<script> [1562 bytes]","args":[{"selector":{"id":"application-manageconditionprice-display-component---conditions--smartFilterBar-btnBasicSearch","interaction":{"idSuffix":"I"}},"wdio_ui5_key":"applicationmanageconditionprice-display-component---conditions--smartFilterBar-btnBasicSearch"}]}
RESULT: undefined
COMMAND: POST /session/25c011aa293abf97c7913f308519c6b0/execute/async - {"script":"<script> [776 bytes]","args":[{"enterText":"cuzaIkHC59","selector":{"id":"application-manageconditionprice-display-component---conditions--smartFilterBar-btnBasicSearch","interaction":{"idSuffix":"I"}},"clearTextFirst":true,"interactionType":"ENTER_TEXT"}]}
RESULT: {"script":"<script> [776 bytes]","args":[{"enterText":"cuzaIkHC59","selector":{"id":"application-manageconditionprice-display-component---conditions--smartFilterBar-btnBasicSearch","interaction":{"idSuffix":"I"}},"clearTextFirst":true,"interactionType":"ENTER_TEXT"}]}
COMMAND: POST /session/25c011aa293abf97c7913f308519c6b0/actions - {"actions":[{"id":"action36","type":"key","parameters":{},"actions":[{"type":"keyDown","value":""},{"type":"pause","duration":10},{"type":"keyUp","value":""}]}]}
RESULT: {"actions":[{"id":"action36","type":"key","parameters":{},"actions":[{"type":"keyDown","value":""},{"type":"pause","duration":10},{"type":"keyUp","value":""}]}]}
COMMAND: GET /session/25c011aa293abf97c7913f308519c6b0/screenshot - {}
RESULT: {}
COMMAND: POST /session/25c011aa293abf97c7913f308519c6b0/execute/async - {"script":"<script> [1562 bytes]","args":[{"selector":{"id":"application-manageconditionprice-display-component---conditions--smartFilterBar-filterItemControl_BASIC-BILL_TYPES-vhi"},"wdio_ui5_key":"applicationmanageconditionprice-display-component---conditions--smartFilterBar-filterItemControl_BASIC-BILL_TYPES-vhi"}]}
RESULT: {"script":"<script> [1562 bytes]","args":[{"selector":{"id":"application-manageconditionprice-display-component---conditions--smartFilterBar-filterItemControl_BASIC-BILL_TYPES-vhi"},"wdio_ui5_key":"applicationmanageconditionprice-display-component---conditions--smartFilterBar-filterItemControl_BASIC-BILL_TYPES-vhi"}]}
RESULT: undefined
COMMAND: POST /session/25c011aa293abf97c7913f308519c6b0/element - {"using":"xpath","value":"//*[@id=\"application-manageconditionprice-display-component---conditions--smartFilterBar-filterItemControl_BASIC-BILL_TYPES-vhi\"]"}
RESULT: {"using":"xpath","value":"//*[@id=\"application-manageconditionprice-display-component---conditions--smartFilterBar-filterItemControl_BASIC-BILL_TYPES-vhi\"]"}
COMMAND: POST /session/25c011aa293abf97c7913f308519c6b0/element/f.A224BA6FA6224D464A8F44AD5BF2EA9F.d.EBAB778C917F7BF3A8FE82E1EABA31EB.e.10302/click - {}
RESULT: {}
COMMAND: POST /session/25c011aa293abf97c7913f308519c6b0/execute/async - {"script":"<script> [1562 bytes]","args":[{"selector":{"id":"application-manageconditionprice-display-component---conditions--smartFilterBar-filterItemControl_BASIC-BILL_TYPES-valueHelpDialog-smartFilterBar-btnBasicSearch","searchOpenDialogs":true,"interaction":{"idSuffix":"I"}},"wdio_ui5_key":"applicationmanageconditionprice-display-component---conditions--smartFilterBar-filterItemControl_BASIC-BILL_TYPES-valueHelpDialog-smartFilterBar-btnBasicSearch"}]}
COMMAND: GET /session/25c011aa293abf97c7913f308519c6b0/screenshot - {}
RESULT: {"script":"<script> [1562 bytes]","args":[{"selector":{"id":"application-manageconditionprice-display-component---conditions--smartFilterBar-filterItemControl_BASIC-BILL_TYPES-valueHelpDialog-smartFilterBar-btnBasicSearch","searchOpenDialogs":true,"interaction":{"idSuffix":"I"}},"wdio_ui5_key":"applicationmanageconditionprice-display-component---conditions--smartFilterBar-filterItemControl_BASIC-BILL_TYPES-valueHelpDialog-smartFilterBar-btnBasicSearch"}]}
RESULT: undefined
COMMAND: POST /session/25c011aa293abf97c7913f308519c6b0/execute/async - {"script":"<script> [776 bytes]","args":[{"enterText":"one","selector":{"id":"application-manageconditionprice-display-component---conditions--smartFilterBar-filterItemControl_BASIC-BILL_TYPES-valueHelpDialog-smartFilterBar-btnBasicSearch","searchOpenDialogs":true,"interaction":{"idSuffix":"I"}},"clearTextFirst":true,"interactionType":"ENTER_TEXT"}]}
RESULT: {}
RESULT: {"script":"<script> [776 bytes]","args":[{"enterText":"one","selector":{"id":"application-manageconditionprice-display-component---conditions--smartFilterBar-filterItemControl_BASIC-BILL_TYPES-valueHelpDialog-smartFilterBar-btnBasicSearch","searchOpenDialogs":true,"interaction":{"idSuffix":"I"}},"clearTextFirst":true,"interactionType":"ENTER_TEXT"}]}
COMMAND: POST /session/25c011aa293abf97c7913f308519c6b0/actions - {"actions":[{"id":"action37","type":"key","parameters":{},"actions":[{"type":"keyDown","value":""},{"type":"pause","duration":10},{"type":"keyUp","value":""}]}]}
RESULT: {"actions":[{"id":"action37","type":"key","parameters":{},"actions":[{"type":"keyDown","value":""},{"type":"pause","duration":10},{"type":"keyUp","value":""}]}]}
COMMAND: GET /session/25c011aa293abf97c7913f308519c6b0/screenshot - {}
RESULT: {}
COMMAND: POST /session/25c011aa293abf97c7913f308519c6b0/element - {"using":"xpath","value":"//div[contains(@id, 'application-manageconditionprice-display-component---conditions--smartFilterBar-filterItemControl_BASIC-BILL_TYPES-valueHelpDialog-table-rowsel0')]"}
RESULT: {"using":"xpath","value":"//div[contains(@id, 'application-manageconditionprice-display-component---conditions--smartFilterBar-filterItemControl_BASIC-BILL_TYPES-valueHelpDialog-table-rowsel0')]"}
COMMAND: POST /session/25c011aa293abf97c7913f308519c6b0/element/f.A224BA6FA6224D464A8F44AD5BF2EA9F.d.EBAB778C917F7BF3A8FE82E1EABA31EB.e.10312/click - {}
RESULT: {}
COMMAND: GET /session/25c011aa293abf97c7913f308519c6b0/screenshot - {}
RESULT: {}
COMMAND: POST /session/25c011aa293abf97c7913f308519c6b0/element - {"using":"xpath","value":"//bdi[contains(text(), \"OK\")]"}
RESULT: {"using":"xpath","value":"//bdi[contains(text(), \"OK\")]"}
COMMAND: POST /session/25c011aa293abf97c7913f308519c6b0/element/f.A224BA6FA6224D464A8F44AD5BF2EA9F.d.EBAB778C917F7BF3A8FE82E1EABA31EB.e.10314/click - {}
RESULT: {}
COMMAND: GET /session/25c011aa293abf97c7913f308519c6b0/screenshot - {}
RESULT: {}
COMMAND: POST /session/25c011aa293abf97c7913f308519c6b0/element - {"using":"xpath","value":"//span[@id=\"application-manageconditionprice-display-component---conditions--smartTable-header-inner\"]"}
RESULT: {"using":"xpath","value":"//span[@id=\"application-manageconditionprice-display-component---conditions--smartTable-header-inner\"]"}
COMMAND: POST /session/25c011aa293abf97c7913f308519c6b0/elements - {"using":"xpath","value":"//span[@id=\"application-manageconditionprice-display-component---conditions--smartTable-header-inner\"]"}
RESULT: {"using":"xpath","value":"//span[@id=\"application-manageconditionprice-display-component---conditions--smartTable-header-inner\"]"}
COMMAND: POST /session/25c011aa293abf97c7913f308519c6b0/execute/sync - {"script":"<script> [56 bytes]","args":[{"element-6066-11e4-a52e-4f735466cecf":"f.A224BA6FA6224D464A8F44AD5BF2EA9F.d.EBAB778C917F7BF3A8FE82E1EABA31EB.e.10317","ELEMENT":"f.A224BA6FA6224D464A8F44AD5BF2EA9F.d.EBAB778C917F7BF3A8FE82E1EABA31EB.e.10317"}]}
RESULT: {"script":"<script> [56 bytes]","args":[{"element-6066-11e4-a52e-4f735466cecf":"f.A224BA6FA6224D464A8F44AD5BF2EA9F.d.EBAB778C917F7BF3A8FE82E1EABA31EB.e.10317","ELEMENT":"f.A224BA6FA6224D464A8F44AD5BF2EA9F.d.EBAB778C917F7BF3A8FE82E1EABA31EB.e.10317"}]}
COMMAND: POST /session/25c011aa293abf97c7913f308519c6b0/element - {"using":"css selector","value":"#shell-header-logo"}
COMMAND: GET /session/25c011aa293abf97c7913f308519c6b0/screenshot - {}
RESULT: {"using":"css selector","value":"#shell-header-logo"}
COMMAND: POST /session/25c011aa293abf97c7913f308519c6b0/element/f.A224BA6FA6224D464A8F44AD5BF2EA9F.d.EBAB778C917F7BF3A8FE82E1EABA31EB.e.9944/click - {}
RESULT: {}
RESULT: {}
COMMAND: GET /session/25c011aa293abf97c7913f308519c6b0/screenshot - {}
RESULT: {}
]]></system-out>
    </testcase>
    <testcase classname="chrome.137_0_7151_69.windows.Create_master_data_for_mixed_billing_&amp;_do_billing_calculation_US151661" name="Should add performance based condition" time="75.382">
      <system-out><![CDATA[
RESULT: undefined
COMMAND: POST /session/25c011aa293abf97c7913f308519c6b0/element - {"using":"xpath","value":"//*[@id=\"__tile55\"]"}
RESULT: {"using":"xpath","value":"//*[@id=\"__tile55\"]"}
COMMAND: POST /session/25c011aa293abf97c7913f308519c6b0/element/f.A224BA6FA6224D464A8F44AD5BF2EA9F.d.EBAB778C917F7BF3A8FE82E1EABA31EB.e.6592/click - {}
RESULT: {}
COMMAND: GET /session/25c011aa293abf97c7913f308519c6b0/screenshot - {}
RESULT: {}
COMMAND: POST /session/25c011aa293abf97c7913f308519c6b0/elements - {"using":"xpath","value":"//span[text()='Error']"}
RESULT: {"using":"xpath","value":"//span[text()='Error']"}
COMMAND: POST /session/25c011aa293abf97c7913f308519c6b0/element - {"using":"xpath","value":"//button[@aria-label=\"Create\"]"}
RESULT: {"using":"xpath","value":"//button[@aria-label=\"Create\"]"}
COMMAND: POST /session/25c011aa293abf97c7913f308519c6b0/elements - {"using":"xpath","value":"//button[@aria-label=\"Create\"]"}
RESULT: {"using":"xpath","value":"//button[@aria-label=\"Create\"]"}
COMMAND: POST /session/25c011aa293abf97c7913f308519c6b0/execute/sync - {"script":"<script> [8489 bytes]","args":[{"element-6066-11e4-a52e-4f735466cecf":"f.A224BA6FA6224D464A8F44AD5BF2EA9F.d.EBAB778C917F7BF3A8FE82E1EABA31EB.e.10358","ELEMENT":"f.A224BA6FA6224D464A8F44AD5BF2EA9F.d.EBAB778C917F7BF3A8FE82E1EABA31EB.e.10358"}]}
RESULT: {"script":"<script> [8489 bytes]","args":[{"element-6066-11e4-a52e-4f735466cecf":"f.A224BA6FA6224D464A8F44AD5BF2EA9F.d.EBAB778C917F7BF3A8FE82E1EABA31EB.e.10358","ELEMENT":"f.A224BA6FA6224D464A8F44AD5BF2EA9F.d.EBAB778C917F7BF3A8FE82E1EABA31EB.e.10358"}]}
COMMAND: GET /session/25c011aa293abf97c7913f308519c6b0/element/f.A224BA6FA6224D464A8F44AD5BF2EA9F.d.EBAB778C917F7BF3A8FE82E1EABA31EB.e.10358/enabled - {}
COMMAND: GET /session/25c011aa293abf97c7913f308519c6b0/screenshot - {}
RESULT: {}
COMMAND: POST /session/25c011aa293abf97c7913f308519c6b0/execute/sync - {"script":"<script> [8489 bytes]","args":[{"element-6066-11e4-a52e-4f735466cecf":"f.A224BA6FA6224D464A8F44AD5BF2EA9F.d.EBAB778C917F7BF3A8FE82E1EABA31EB.e.10358","ELEMENT":"f.A224BA6FA6224D464A8F44AD5BF2EA9F.d.EBAB778C917F7BF3A8FE82E1EABA31EB.e.10358"}]}
COMMAND: GET /session/25c011aa293abf97c7913f308519c6b0/screenshot - {}
RESULT: {}
RESULT: {"script":"<script> [8489 bytes]","args":[{"element-6066-11e4-a52e-4f735466cecf":"f.A224BA6FA6224D464A8F44AD5BF2EA9F.d.EBAB778C917F7BF3A8FE82E1EABA31EB.e.10358","ELEMENT":"f.A224BA6FA6224D464A8F44AD5BF2EA9F.d.EBAB778C917F7BF3A8FE82E1EABA31EB.e.10358"}]}
COMMAND: POST /session/25c011aa293abf97c7913f308519c6b0/execute/sync - {"script":"<script> [5351 bytes]","args":[{"element-6066-11e4-a52e-4f735466cecf":"f.A224BA6FA6224D464A8F44AD5BF2EA9F.d.EBAB778C917F7BF3A8FE82E1EABA31EB.e.10358","ELEMENT":"f.A224BA6FA6224D464A8F44AD5BF2EA9F.d.EBAB778C917F7BF3A8FE82E1EABA31EB.e.10358"}]}
COMMAND: GET /session/25c011aa293abf97c7913f308519c6b0/screenshot - {}
RESULT: {}
RESULT: {"script":"<script> [5351 bytes]","args":[{"element-6066-11e4-a52e-4f735466cecf":"f.A224BA6FA6224D464A8F44AD5BF2EA9F.d.EBAB778C917F7BF3A8FE82E1EABA31EB.e.10358","ELEMENT":"f.A224BA6FA6224D464A8F44AD5BF2EA9F.d.EBAB778C917F7BF3A8FE82E1EABA31EB.e.10358"}]}
COMMAND: POST /session/25c011aa293abf97c7913f308519c6b0/element/f.A224BA6FA6224D464A8F44AD5BF2EA9F.d.EBAB778C917F7BF3A8FE82E1EABA31EB.e.10358/click - {}
COMMAND: GET /session/25c011aa293abf97c7913f308519c6b0/screenshot - {}
RESULT: {}
RESULT: {}
COMMAND: GET /session/25c011aa293abf97c7913f308519c6b0/screenshot - {}
RESULT: {}
RESULT: {}
COMMAND: POST /session/25c011aa293abf97c7913f308519c6b0/actions - {"actions":[{"id":"action38","type":"key","parameters":{},"actions":[{"type":"keyDown","value":""},{"type":"pause","duration":10},{"type":"keyUp","value":""}]}]}
RESULT: {"actions":[{"id":"action38","type":"key","parameters":{},"actions":[{"type":"keyDown","value":""},{"type":"pause","duration":10},{"type":"keyUp","value":""}]}]}
COMMAND: GET /session/25c011aa293abf97c7913f308519c6b0/screenshot - {}
RESULT: undefined
COMMAND: POST /session/25c011aa293abf97c7913f308519c6b0/element - {"using":"xpath","value":"//*[@id=\"application-manageconditionprice-display-component---newCondition--condBillCond-arrow\"]"}
RESULT: {}
RESULT: {"using":"xpath","value":"//*[@id=\"application-manageconditionprice-display-component---newCondition--condBillCond-arrow\"]"}
COMMAND: POST /session/25c011aa293abf97c7913f308519c6b0/element/f.A224BA6FA6224D464A8F44AD5BF2EA9F.d.EBAB778C917F7BF3A8FE82E1EABA31EB.e.10742/click - {}
RESULT: {}
COMMAND: GET /session/25c011aa293abf97c7913f308519c6b0/screenshot - {}
RESULT: {}
COMMAND: POST /session/25c011aa293abf97c7913f308519c6b0/element - {"using":"xpath","value":"//li[.//span[contains(text(), \"PC06 - Performance Price - fuel\")]]"}
RESULT: {"using":"xpath","value":"//li[.//span[contains(text(), \"PC06 - Performance Price - fuel\")]]"}
COMMAND: POST /session/25c011aa293abf97c7913f308519c6b0/element/f.A224BA6FA6224D464A8F44AD5BF2EA9F.d.EBAB778C917F7BF3A8FE82E1EABA31EB.e.10745/click - {}
RESULT: {}
COMMAND: GET /session/25c011aa293abf97c7913f308519c6b0/screenshot - {}
RESULT: {}
RESULT: undefined
COMMAND: POST /session/25c011aa293abf97c7913f308519c6b0/execute/async - {"script":"<script> [776 bytes]","args":[{"enterText":"2/13/26","selector":{"id":"application-manageconditionprice-display-component---newCondition--condValidTo","interaction":{"idSuffix":"inner"}},"clearTextFirst":true,"interactionType":"ENTER_TEXT"}]}
RESULT: {"script":"<script> [776 bytes]","args":[{"enterText":"2/13/26","selector":{"id":"application-manageconditionprice-display-component---newCondition--condValidTo","interaction":{"idSuffix":"inner"}},"clearTextFirst":true,"interactionType":"ENTER_TEXT"}]}
COMMAND: POST /session/25c011aa293abf97c7913f308519c6b0/element - {"using":"xpath","value":"//input[@id=\"application-manageconditionprice-display-component---newCondition--condRU-inner\"]"}
RESULT: {"using":"xpath","value":"//input[@id=\"application-manageconditionprice-display-component---newCondition--condRU-inner\"]"}
COMMAND: POST /session/25c011aa293abf97c7913f308519c6b0/element/f.A224BA6FA6224D464A8F44AD5BF2EA9F.d.EBAB778C917F7BF3A8FE82E1EABA31EB.e.10480/clear - {}
RESULT: {}
COMMAND: POST /session/25c011aa293abf97c7913f308519c6b0/element/f.A224BA6FA6224D464A8F44AD5BF2EA9F.d.EBAB778C917F7BF3A8FE82E1EABA31EB.e.10480/value - {"text":"cuzaIkHC59"}
COMMAND: GET /session/25c011aa293abf97c7913f308519c6b0/screenshot - {}
RESULT: {"text":"cuzaIkHC59"}
COMMAND: GET /session/25c011aa293abf97c7913f308519c6b0/screenshot - {}
RESULT: {}
RESULT: {}
COMMAND: POST /session/25c011aa293abf97c7913f308519c6b0/actions - {"actions":[{"id":"action39","type":"key","parameters":{},"actions":[{"type":"keyDown","value":""},{"type":"pause","duration":10},{"type":"keyUp","value":""}]}]}
RESULT: {"actions":[{"id":"action39","type":"key","parameters":{},"actions":[{"type":"keyDown","value":""},{"type":"pause","duration":10},{"type":"keyUp","value":""}]}]}
RESULT: undefined
COMMAND: POST /session/25c011aa293abf97c7913f308519c6b0/execute/async - {"script":"<script> [776 bytes]","args":[{"enterText":"1","selector":{"id":"application-manageconditionprice-display-component---newCondition--condBaseQty","interaction":{"idSuffix":"inner"}},"clearTextFirst":true,"interactionType":"ENTER_TEXT"}]}
COMMAND: GET /session/25c011aa293abf97c7913f308519c6b0/screenshot - {}
RESULT: {"script":"<script> [776 bytes]","args":[{"enterText":"1","selector":{"id":"application-manageconditionprice-display-component---newCondition--condBaseQty","interaction":{"idSuffix":"inner"}},"clearTextFirst":true,"interactionType":"ENTER_TEXT"}]}
RESULT: undefined
COMMAND: POST /session/25c011aa293abf97c7913f308519c6b0/execute/async - {"script":"<script> [776 bytes]","args":[{"enterText":"10","selector":{"id":"application-manageconditionprice-display-component---newCondition--condValue","interaction":{"idSuffix":"inner"}},"clearTextFirst":true,"interactionType":"ENTER_TEXT"}]}
RESULT: {}
RESULT: {"script":"<script> [776 bytes]","args":[{"enterText":"10","selector":{"id":"application-manageconditionprice-display-component---newCondition--condValue","interaction":{"idSuffix":"inner"}},"clearTextFirst":true,"interactionType":"ENTER_TEXT"}]}
RESULT: undefined
COMMAND: POST /session/25c011aa293abf97c7913f308519c6b0/element - {"using":"xpath","value":"//*[@id=\"application-manageconditionprice-display-component---newCondition--condCurr-arrow\"]"}
RESULT: {"using":"xpath","value":"//*[@id=\"application-manageconditionprice-display-component---newCondition--condCurr-arrow\"]"}
COMMAND: POST /session/25c011aa293abf97c7913f308519c6b0/element/f.A224BA6FA6224D464A8F44AD5BF2EA9F.d.EBAB778C917F7BF3A8FE82E1EABA31EB.e.10704/click - {}
RESULT: {}
COMMAND: POST /session/25c011aa293abf97c7913f308519c6b0/element - {"using":"xpath","value":"//span[contains(text(), \"Euro\")]"}
COMMAND: GET /session/25c011aa293abf97c7913f308519c6b0/screenshot - {}
RESULT: {"using":"xpath","value":"//span[contains(text(), \"Euro\")]"}
COMMAND: POST /session/25c011aa293abf97c7913f308519c6b0/element/f.A224BA6FA6224D464A8F44AD5BF2EA9F.d.EBAB778C917F7BF3A8FE82E1EABA31EB.e.10781/click - {}
RESULT: {}
RESULT: {}
COMMAND: POST /session/25c011aa293abf97c7913f308519c6b0/element - {"using":"xpath","value":"//button[@data-kt=\"saveButton\"]"}
COMMAND: GET /session/25c011aa293abf97c7913f308519c6b0/screenshot - {}
RESULT: {"using":"xpath","value":"//button[@data-kt=\"saveButton\"]"}
COMMAND: POST /session/25c011aa293abf97c7913f308519c6b0/element/f.A224BA6FA6224D464A8F44AD5BF2EA9F.d.EBAB778C917F7BF3A8FE82E1EABA31EB.e.10705/click - {}
RESULT: {}
RESULT: {}
COMMAND: GET /session/25c011aa293abf97c7913f308519c6b0/screenshot - {}
RESULT: {}
RESULT: undefined
COMMAND: POST /session/25c011aa293abf97c7913f308519c6b0/execute/async - {"script":"<script> [776 bytes]","args":[{"enterText":"cuzaIkHC59","selector":{"id":"application-manageconditionprice-display-component---conditions--smartFilterBar-btnBasicSearch","interaction":{"idSuffix":"I"}},"clearTextFirst":true,"interactionType":"ENTER_TEXT"}]}
RESULT: {"script":"<script> [776 bytes]","args":[{"enterText":"cuzaIkHC59","selector":{"id":"application-manageconditionprice-display-component---conditions--smartFilterBar-btnBasicSearch","interaction":{"idSuffix":"I"}},"clearTextFirst":true,"interactionType":"ENTER_TEXT"}]}
COMMAND: POST /session/25c011aa293abf97c7913f308519c6b0/actions - {"actions":[{"id":"action40","type":"key","parameters":{},"actions":[{"type":"keyDown","value":""},{"type":"pause","duration":10},{"type":"keyUp","value":""}]}]}
RESULT: {"actions":[{"id":"action40","type":"key","parameters":{},"actions":[{"type":"keyDown","value":""},{"type":"pause","duration":10},{"type":"keyUp","value":""}]}]}
COMMAND: GET /session/25c011aa293abf97c7913f308519c6b0/screenshot - {}
RESULT: {}
RESULT: undefined
COMMAND: POST /session/25c011aa293abf97c7913f308519c6b0/element - {"using":"xpath","value":"//*[@id=\"application-manageconditionprice-display-component---conditions--smartFilterBar-filterItemControl_BASIC-BILL_TYPES-vhi\"]"}
RESULT: {"using":"xpath","value":"//*[@id=\"application-manageconditionprice-display-component---conditions--smartFilterBar-filterItemControl_BASIC-BILL_TYPES-vhi\"]"}
COMMAND: POST /session/25c011aa293abf97c7913f308519c6b0/element/f.A224BA6FA6224D464A8F44AD5BF2EA9F.d.EBAB778C917F7BF3A8FE82E1EABA31EB.e.10987/click - {}
RESULT: {}
RESULT: undefined
COMMAND: POST /session/25c011aa293abf97c7913f308519c6b0/execute/async - {"script":"<script> [776 bytes]","args":[{"enterText":"PB","selector":{"id":"application-manageconditionprice-display-component---conditions--smartFilterBar-filterItemControl_BASIC-BILL_TYPES-valueHelpDialog-smartFilterBar-btnBasicSearch","searchOpenDialogs":true,"interaction":{"idSuffix":"I"}},"clearTextFirst":true,"interactionType":"ENTER_TEXT"}]}
COMMAND: GET /session/25c011aa293abf97c7913f308519c6b0/screenshot - {}
RESULT: {"script":"<script> [776 bytes]","args":[{"enterText":"PB","selector":{"id":"application-manageconditionprice-display-component---conditions--smartFilterBar-filterItemControl_BASIC-BILL_TYPES-valueHelpDialog-smartFilterBar-btnBasicSearch","searchOpenDialogs":true,"interaction":{"idSuffix":"I"}},"clearTextFirst":true,"interactionType":"ENTER_TEXT"}]}
COMMAND: POST /session/25c011aa293abf97c7913f308519c6b0/actions - {"actions":[{"id":"action41","type":"key","parameters":{},"actions":[{"type":"keyDown","value":""},{"type":"pause","duration":10},{"type":"keyUp","value":""}]}]}
RESULT: {}
RESULT: {"actions":[{"id":"action41","type":"key","parameters":{},"actions":[{"type":"keyDown","value":""},{"type":"pause","duration":10},{"type":"keyUp","value":""}]}]}
COMMAND: GET /session/25c011aa293abf97c7913f308519c6b0/screenshot - {}
RESULT: {}
COMMAND: POST /session/25c011aa293abf97c7913f308519c6b0/element - {"using":"xpath","value":"//div[contains(@id, 'application-manageconditionprice-display-component---conditions--smartFilterBar-filterItemControl_BASIC-BILL_TYPES-valueHelpDialog-table-rowsel0')]"}
RESULT: {"using":"xpath","value":"//div[contains(@id, 'application-manageconditionprice-display-component---conditions--smartFilterBar-filterItemControl_BASIC-BILL_TYPES-valueHelpDialog-table-rowsel0')]"}
COMMAND: POST /session/25c011aa293abf97c7913f308519c6b0/element/f.A224BA6FA6224D464A8F44AD5BF2EA9F.d.EBAB778C917F7BF3A8FE82E1EABA31EB.e.10994/click - {}
RESULT: {}
COMMAND: GET /session/25c011aa293abf97c7913f308519c6b0/screenshot - {}
RESULT: {}
COMMAND: POST /session/25c011aa293abf97c7913f308519c6b0/element - {"using":"xpath","value":"//bdi[contains(text(), \"OK\")]"}
RESULT: {"using":"xpath","value":"//bdi[contains(text(), \"OK\")]"}
COMMAND: POST /session/25c011aa293abf97c7913f308519c6b0/element/f.A224BA6FA6224D464A8F44AD5BF2EA9F.d.EBAB778C917F7BF3A8FE82E1EABA31EB.e.10996/click - {}
RESULT: {}
COMMAND: GET /session/25c011aa293abf97c7913f308519c6b0/screenshot - {}
RESULT: {}
COMMAND: POST /session/25c011aa293abf97c7913f308519c6b0/element - {"using":"xpath","value":"//span[@id=\"application-manageconditionprice-display-component---conditions--smartTable-header-inner\"]"}
RESULT: {"using":"xpath","value":"//span[@id=\"application-manageconditionprice-display-component---conditions--smartTable-header-inner\"]"}
COMMAND: POST /session/25c011aa293abf97c7913f308519c6b0/elements - {"using":"xpath","value":"//span[@id=\"application-manageconditionprice-display-component---conditions--smartTable-header-inner\"]"}
RESULT: {"using":"xpath","value":"//span[@id=\"application-manageconditionprice-display-component---conditions--smartTable-header-inner\"]"}
COMMAND: POST /session/25c011aa293abf97c7913f308519c6b0/execute/sync - {"script":"<script> [56 bytes]","args":[{"element-6066-11e4-a52e-4f735466cecf":"f.A224BA6FA6224D464A8F44AD5BF2EA9F.d.EBAB778C917F7BF3A8FE82E1EABA31EB.e.10999","ELEMENT":"f.A224BA6FA6224D464A8F44AD5BF2EA9F.d.EBAB778C917F7BF3A8FE82E1EABA31EB.e.10999"}]}
RESULT: {"script":"<script> [56 bytes]","args":[{"element-6066-11e4-a52e-4f735466cecf":"f.A224BA6FA6224D464A8F44AD5BF2EA9F.d.EBAB778C917F7BF3A8FE82E1EABA31EB.e.10999","ELEMENT":"f.A224BA6FA6224D464A8F44AD5BF2EA9F.d.EBAB778C917F7BF3A8FE82E1EABA31EB.e.10999"}]}
COMMAND: POST /session/25c011aa293abf97c7913f308519c6b0/element - {"using":"css selector","value":"#shell-header-logo"}
COMMAND: GET /session/25c011aa293abf97c7913f308519c6b0/screenshot - {}
RESULT: {"using":"css selector","value":"#shell-header-logo"}
COMMAND: POST /session/25c011aa293abf97c7913f308519c6b0/element/f.A224BA6FA6224D464A8F44AD5BF2EA9F.d.EBAB778C917F7BF3A8FE82E1EABA31EB.e.10324/click - {}
RESULT: {}
RESULT: {}
COMMAND: GET /session/25c011aa293abf97c7913f308519c6b0/screenshot - {}
RESULT: {}
]]></system-out>
    </testcase>
    <testcase classname="chrome.137_0_7151_69.windows.Create_master_data_for_mixed_billing_&amp;_do_billing_calculation_US151661" name="Should add time based condition" time="79.872">
      <system-out><![CDATA[
RESULT: undefined
COMMAND: POST /session/25c011aa293abf97c7913f308519c6b0/element - {"using":"xpath","value":"//*[@id=\"__tile55\"]"}
RESULT: {"using":"xpath","value":"//*[@id=\"__tile55\"]"}
COMMAND: POST /session/25c011aa293abf97c7913f308519c6b0/element/f.A224BA6FA6224D464A8F44AD5BF2EA9F.d.EBAB778C917F7BF3A8FE82E1EABA31EB.e.6592/click - {}
RESULT: {}
COMMAND: GET /session/25c011aa293abf97c7913f308519c6b0/screenshot - {}
RESULT: {}
COMMAND: POST /session/25c011aa293abf97c7913f308519c6b0/elements - {"using":"xpath","value":"//span[text()='Error']"}
RESULT: {"using":"xpath","value":"//span[text()='Error']"}
COMMAND: POST /session/25c011aa293abf97c7913f308519c6b0/element - {"using":"xpath","value":"//button[@aria-label=\"Create\"]"}
RESULT: {"using":"xpath","value":"//button[@aria-label=\"Create\"]"}
COMMAND: POST /session/25c011aa293abf97c7913f308519c6b0/elements - {"using":"xpath","value":"//button[@aria-label=\"Create\"]"}
RESULT: {"using":"xpath","value":"//button[@aria-label=\"Create\"]"}
COMMAND: POST /session/25c011aa293abf97c7913f308519c6b0/execute/sync - {"script":"<script> [8489 bytes]","args":[{"element-6066-11e4-a52e-4f735466cecf":"f.A224BA6FA6224D464A8F44AD5BF2EA9F.d.EBAB778C917F7BF3A8FE82E1EABA31EB.e.11099","ELEMENT":"f.A224BA6FA6224D464A8F44AD5BF2EA9F.d.EBAB778C917F7BF3A8FE82E1EABA31EB.e.11099"}]}
RESULT: {"script":"<script> [8489 bytes]","args":[{"element-6066-11e4-a52e-4f735466cecf":"f.A224BA6FA6224D464A8F44AD5BF2EA9F.d.EBAB778C917F7BF3A8FE82E1EABA31EB.e.11099","ELEMENT":"f.A224BA6FA6224D464A8F44AD5BF2EA9F.d.EBAB778C917F7BF3A8FE82E1EABA31EB.e.11099"}]}
COMMAND: GET /session/25c011aa293abf97c7913f308519c6b0/element/f.A224BA6FA6224D464A8F44AD5BF2EA9F.d.EBAB778C917F7BF3A8FE82E1EABA31EB.e.11099/enabled - {}
COMMAND: GET /session/25c011aa293abf97c7913f308519c6b0/screenshot - {}
RESULT: {}
COMMAND: POST /session/25c011aa293abf97c7913f308519c6b0/execute/sync - {"script":"<script> [8489 bytes]","args":[{"element-6066-11e4-a52e-4f735466cecf":"f.A224BA6FA6224D464A8F44AD5BF2EA9F.d.EBAB778C917F7BF3A8FE82E1EABA31EB.e.11099","ELEMENT":"f.A224BA6FA6224D464A8F44AD5BF2EA9F.d.EBAB778C917F7BF3A8FE82E1EABA31EB.e.11099"}]}
COMMAND: GET /session/25c011aa293abf97c7913f308519c6b0/screenshot - {}
RESULT: {}
RESULT: {"script":"<script> [8489 bytes]","args":[{"element-6066-11e4-a52e-4f735466cecf":"f.A224BA6FA6224D464A8F44AD5BF2EA9F.d.EBAB778C917F7BF3A8FE82E1EABA31EB.e.11099","ELEMENT":"f.A224BA6FA6224D464A8F44AD5BF2EA9F.d.EBAB778C917F7BF3A8FE82E1EABA31EB.e.11099"}]}
COMMAND: POST /session/25c011aa293abf97c7913f308519c6b0/execute/sync - {"script":"<script> [5351 bytes]","args":[{"element-6066-11e4-a52e-4f735466cecf":"f.A224BA6FA6224D464A8F44AD5BF2EA9F.d.EBAB778C917F7BF3A8FE82E1EABA31EB.e.11099","ELEMENT":"f.A224BA6FA6224D464A8F44AD5BF2EA9F.d.EBAB778C917F7BF3A8FE82E1EABA31EB.e.11099"}]}
COMMAND: GET /session/25c011aa293abf97c7913f308519c6b0/screenshot - {}
RESULT: {}
RESULT: {"script":"<script> [5351 bytes]","args":[{"element-6066-11e4-a52e-4f735466cecf":"f.A224BA6FA6224D464A8F44AD5BF2EA9F.d.EBAB778C917F7BF3A8FE82E1EABA31EB.e.11099","ELEMENT":"f.A224BA6FA6224D464A8F44AD5BF2EA9F.d.EBAB778C917F7BF3A8FE82E1EABA31EB.e.11099"}]}
COMMAND: POST /session/25c011aa293abf97c7913f308519c6b0/element/f.A224BA6FA6224D464A8F44AD5BF2EA9F.d.EBAB778C917F7BF3A8FE82E1EABA31EB.e.11099/click - {}
COMMAND: GET /session/25c011aa293abf97c7913f308519c6b0/screenshot - {}
RESULT: {}
RESULT: {}
COMMAND: GET /session/25c011aa293abf97c7913f308519c6b0/screenshot - {}
RESULT: {}
RESULT: {}
COMMAND: POST /session/25c011aa293abf97c7913f308519c6b0/actions - {"actions":[{"id":"action42","type":"key","parameters":{},"actions":[{"type":"keyDown","value":""},{"type":"pause","duration":10},{"type":"keyUp","value":""}]}]}
RESULT: {"actions":[{"id":"action42","type":"key","parameters":{},"actions":[{"type":"keyDown","value":""},{"type":"pause","duration":10},{"type":"keyUp","value":""}]}]}
COMMAND: GET /session/25c011aa293abf97c7913f308519c6b0/screenshot - {}
RESULT: {}
RESULT: undefined
COMMAND: POST /session/25c011aa293abf97c7913f308519c6b0/element - {"using":"xpath","value":"//*[@id=\"application-manageconditionprice-display-component---newCondition--condBillCond-arrow\"]"}
RESULT: {"using":"xpath","value":"//*[@id=\"application-manageconditionprice-display-component---newCondition--condBillCond-arrow\"]"}
COMMAND: POST /session/25c011aa293abf97c7913f308519c6b0/element/f.A224BA6FA6224D464A8F44AD5BF2EA9F.d.EBAB778C917F7BF3A8FE82E1EABA31EB.e.11461/click - {}
RESULT: {}
COMMAND: GET /session/25c011aa293abf97c7913f308519c6b0/screenshot - {}
RESULT: {}
COMMAND: POST /session/25c011aa293abf97c7913f308519c6b0/element - {"using":"xpath","value":"//li[.//span[contains(text(), \"DISP - D&I special price\")]]"}
RESULT: {"using":"xpath","value":"//li[.//span[contains(text(), \"DISP - D&I special price\")]]"}
COMMAND: POST /session/25c011aa293abf97c7913f308519c6b0/element/f.A224BA6FA6224D464A8F44AD5BF2EA9F.d.EBAB778C917F7BF3A8FE82E1EABA31EB.e.11464/click - {}
RESULT: {}
COMMAND: GET /session/25c011aa293abf97c7913f308519c6b0/screenshot - {}
RESULT: {}
RESULT: undefined
COMMAND: POST /session/25c011aa293abf97c7913f308519c6b0/execute/async - {"script":"<script> [776 bytes]","args":[{"enterText":"2/13/26","selector":{"id":"application-manageconditionprice-display-component---newCondition--condValidTo","interaction":{"idSuffix":"inner"}},"clearTextFirst":true,"interactionType":"ENTER_TEXT"}]}
RESULT: {"script":"<script> [776 bytes]","args":[{"enterText":"2/13/26","selector":{"id":"application-manageconditionprice-display-component---newCondition--condValidTo","interaction":{"idSuffix":"inner"}},"clearTextFirst":true,"interactionType":"ENTER_TEXT"}]}
COMMAND: POST /session/25c011aa293abf97c7913f308519c6b0/element - {"using":"xpath","value":"//input[@id=\"application-manageconditionprice-display-component---newCondition--condRU-inner\"]"}
RESULT: {"using":"xpath","value":"//input[@id=\"application-manageconditionprice-display-component---newCondition--condRU-inner\"]"}
COMMAND: POST /session/25c011aa293abf97c7913f308519c6b0/element/f.A224BA6FA6224D464A8F44AD5BF2EA9F.d.EBAB778C917F7BF3A8FE82E1EABA31EB.e.11200/clear - {}
RESULT: {}
COMMAND: POST /session/25c011aa293abf97c7913f308519c6b0/element/f.A224BA6FA6224D464A8F44AD5BF2EA9F.d.EBAB778C917F7BF3A8FE82E1EABA31EB.e.11200/value - {"text":"cuzaIkHC59"}
COMMAND: GET /session/25c011aa293abf97c7913f308519c6b0/screenshot - {}
RESULT: {"text":"cuzaIkHC59"}
COMMAND: GET /session/25c011aa293abf97c7913f308519c6b0/screenshot - {}
RESULT: {}
RESULT: {}
COMMAND: POST /session/25c011aa293abf97c7913f308519c6b0/actions - {"actions":[{"id":"action43","type":"key","parameters":{},"actions":[{"type":"keyDown","value":""},{"type":"pause","duration":10},{"type":"keyUp","value":""}]}]}
RESULT: {"actions":[{"id":"action43","type":"key","parameters":{},"actions":[{"type":"keyDown","value":""},{"type":"pause","duration":10},{"type":"keyUp","value":""}]}]}
RESULT: undefined
COMMAND: POST /session/25c011aa293abf97c7913f308519c6b0/execute/async - {"script":"<script> [776 bytes]","args":[{"enterText":"1","selector":{"id":"application-manageconditionprice-display-component---newCondition--condBaseQty","interaction":{"idSuffix":"inner"}},"clearTextFirst":true,"interactionType":"ENTER_TEXT"}]}
COMMAND: GET /session/25c011aa293abf97c7913f308519c6b0/screenshot - {}
RESULT: {"script":"<script> [776 bytes]","args":[{"enterText":"1","selector":{"id":"application-manageconditionprice-display-component---newCondition--condBaseQty","interaction":{"idSuffix":"inner"}},"clearTextFirst":true,"interactionType":"ENTER_TEXT"}]}
RESULT: undefined
COMMAND: POST /session/25c011aa293abf97c7913f308519c6b0/execute/async - {"script":"<script> [776 bytes]","args":[{"enterText":"100","selector":{"id":"application-manageconditionprice-display-component---newCondition--condValue","interaction":{"idSuffix":"inner"}},"clearTextFirst":true,"interactionType":"ENTER_TEXT"}]}
RESULT: {}
RESULT: {"script":"<script> [776 bytes]","args":[{"enterText":"100","selector":{"id":"application-manageconditionprice-display-component---newCondition--condValue","interaction":{"idSuffix":"inner"}},"clearTextFirst":true,"interactionType":"ENTER_TEXT"}]}
RESULT: undefined
COMMAND: POST /session/25c011aa293abf97c7913f308519c6b0/element - {"using":"xpath","value":"//*[@id=\"application-manageconditionprice-display-component---newCondition--condCurr-arrow\"]"}
RESULT: {"using":"xpath","value":"//*[@id=\"application-manageconditionprice-display-component---newCondition--condCurr-arrow\"]"}
COMMAND: POST /session/25c011aa293abf97c7913f308519c6b0/element/f.A224BA6FA6224D464A8F44AD5BF2EA9F.d.EBAB778C917F7BF3A8FE82E1EABA31EB.e.11454/click - {}
RESULT: {}
COMMAND: POST /session/25c011aa293abf97c7913f308519c6b0/element - {"using":"xpath","value":"//span[contains(text(), \"Euro\")]"}
COMMAND: GET /session/25c011aa293abf97c7913f308519c6b0/screenshot - {}
RESULT: {"using":"xpath","value":"//span[contains(text(), \"Euro\")]"}
COMMAND: POST /session/25c011aa293abf97c7913f308519c6b0/element/f.A224BA6FA6224D464A8F44AD5BF2EA9F.d.EBAB778C917F7BF3A8FE82E1EABA31EB.e.11497/click - {}
RESULT: {}
RESULT: {}
COMMAND: POST /session/25c011aa293abf97c7913f308519c6b0/element - {"using":"xpath","value":"//button[@data-kt=\"saveButton\"]"}
COMMAND: GET /session/25c011aa293abf97c7913f308519c6b0/screenshot - {}
RESULT: {"using":"xpath","value":"//button[@data-kt=\"saveButton\"]"}
COMMAND: POST /session/25c011aa293abf97c7913f308519c6b0/element/f.A224BA6FA6224D464A8F44AD5BF2EA9F.d.EBAB778C917F7BF3A8FE82E1EABA31EB.e.11455/click - {}
RESULT: {}
RESULT: {}
COMMAND: GET /session/25c011aa293abf97c7913f308519c6b0/screenshot - {}
RESULT: {}
RESULT: undefined
COMMAND: POST /session/25c011aa293abf97c7913f308519c6b0/execute/async - {"script":"<script> [776 bytes]","args":[{"enterText":"cuzaIkHC59","selector":{"id":"application-manageconditionprice-display-component---conditions--smartFilterBar-btnBasicSearch","interaction":{"idSuffix":"I"}},"clearTextFirst":true,"interactionType":"ENTER_TEXT"}]}
RESULT: {"script":"<script> [776 bytes]","args":[{"enterText":"cuzaIkHC59","selector":{"id":"application-manageconditionprice-display-component---conditions--smartFilterBar-btnBasicSearch","interaction":{"idSuffix":"I"}},"clearTextFirst":true,"interactionType":"ENTER_TEXT"}]}
COMMAND: POST /session/25c011aa293abf97c7913f308519c6b0/actions - {"actions":[{"id":"action44","type":"key","parameters":{},"actions":[{"type":"keyDown","value":""},{"type":"pause","duration":10},{"type":"keyUp","value":""}]}]}
RESULT: {"actions":[{"id":"action44","type":"key","parameters":{},"actions":[{"type":"keyDown","value":""},{"type":"pause","duration":10},{"type":"keyUp","value":""}]}]}
COMMAND: GET /session/25c011aa293abf97c7913f308519c6b0/screenshot - {}
RESULT: {}
RESULT: undefined
COMMAND: POST /session/25c011aa293abf97c7913f308519c6b0/element - {"using":"xpath","value":"//*[@id=\"application-manageconditionprice-display-component---conditions--smartFilterBar-filterItemControl_BASIC-BILL_TYPES-vhi\"]"}
RESULT: {"using":"xpath","value":"//*[@id=\"application-manageconditionprice-display-component---conditions--smartFilterBar-filterItemControl_BASIC-BILL_TYPES-vhi\"]"}
COMMAND: POST /session/25c011aa293abf97c7913f308519c6b0/element/f.A224BA6FA6224D464A8F44AD5BF2EA9F.d.EBAB778C917F7BF3A8FE82E1EABA31EB.e.11533/click - {}
RESULT: {}
RESULT: undefined
COMMAND: POST /session/25c011aa293abf97c7913f308519c6b0/execute/async - {"script":"<script> [776 bytes]","args":[{"enterText":"TB","selector":{"id":"application-manageconditionprice-display-component---conditions--smartFilterBar-filterItemControl_BASIC-BILL_TYPES-valueHelpDialog-smartFilterBar-btnBasicSearch","searchOpenDialogs":true,"interaction":{"idSuffix":"I"}},"clearTextFirst":true,"interactionType":"ENTER_TEXT"}]}
COMMAND: GET /session/25c011aa293abf97c7913f308519c6b0/screenshot - {}
RESULT: {"script":"<script> [776 bytes]","args":[{"enterText":"TB","selector":{"id":"application-manageconditionprice-display-component---conditions--smartFilterBar-filterItemControl_BASIC-BILL_TYPES-valueHelpDialog-smartFilterBar-btnBasicSearch","searchOpenDialogs":true,"interaction":{"idSuffix":"I"}},"clearTextFirst":true,"interactionType":"ENTER_TEXT"}]}
COMMAND: POST /session/25c011aa293abf97c7913f308519c6b0/actions - {"actions":[{"id":"action45","type":"key","parameters":{},"actions":[{"type":"keyDown","value":""},{"type":"pause","duration":10},{"type":"keyUp","value":""}]}]}
RESULT: {}
RESULT: {"actions":[{"id":"action45","type":"key","parameters":{},"actions":[{"type":"keyDown","value":""},{"type":"pause","duration":10},{"type":"keyUp","value":""}]}]}
COMMAND: GET /session/25c011aa293abf97c7913f308519c6b0/screenshot - {}
RESULT: {}
COMMAND: POST /session/25c011aa293abf97c7913f308519c6b0/element - {"using":"xpath","value":"//div[contains(@id, 'application-manageconditionprice-display-component---conditions--smartFilterBar-filterItemControl_BASIC-BILL_TYPES-valueHelpDialog-table-rowsel0')]"}
RESULT: {"using":"xpath","value":"//div[contains(@id, 'application-manageconditionprice-display-component---conditions--smartFilterBar-filterItemControl_BASIC-BILL_TYPES-valueHelpDialog-table-rowsel0')]"}
COMMAND: POST /session/25c011aa293abf97c7913f308519c6b0/element/f.A224BA6FA6224D464A8F44AD5BF2EA9F.d.EBAB778C917F7BF3A8FE82E1EABA31EB.e.11540/click - {}
RESULT: {}
COMMAND: GET /session/25c011aa293abf97c7913f308519c6b0/screenshot - {}
RESULT: {}
COMMAND: POST /session/25c011aa293abf97c7913f308519c6b0/element - {"using":"xpath","value":"//bdi[contains(text(), \"OK\")]"}
RESULT: {"using":"xpath","value":"//bdi[contains(text(), \"OK\")]"}
COMMAND: POST /session/25c011aa293abf97c7913f308519c6b0/element/f.A224BA6FA6224D464A8F44AD5BF2EA9F.d.EBAB778C917F7BF3A8FE82E1EABA31EB.e.11542/click - {}
RESULT: {}
COMMAND: GET /session/25c011aa293abf97c7913f308519c6b0/screenshot - {}
RESULT: {}
COMMAND: POST /session/25c011aa293abf97c7913f308519c6b0/element - {"using":"xpath","value":"//span[@id=\"application-manageconditionprice-display-component---conditions--smartTable-header-inner\"]"}
RESULT: {"using":"xpath","value":"//span[@id=\"application-manageconditionprice-display-component---conditions--smartTable-header-inner\"]"}
COMMAND: POST /session/25c011aa293abf97c7913f308519c6b0/elements - {"using":"xpath","value":"//span[@id=\"application-manageconditionprice-display-component---conditions--smartTable-header-inner\"]"}
RESULT: {"using":"xpath","value":"//span[@id=\"application-manageconditionprice-display-component---conditions--smartTable-header-inner\"]"}
COMMAND: POST /session/25c011aa293abf97c7913f308519c6b0/execute/sync - {"script":"<script> [56 bytes]","args":[{"element-6066-11e4-a52e-4f735466cecf":"f.A224BA6FA6224D464A8F44AD5BF2EA9F.d.EBAB778C917F7BF3A8FE82E1EABA31EB.e.11550","ELEMENT":"f.A224BA6FA6224D464A8F44AD5BF2EA9F.d.EBAB778C917F7BF3A8FE82E1EABA31EB.e.11550"}]}
RESULT: {"script":"<script> [56 bytes]","args":[{"element-6066-11e4-a52e-4f735466cecf":"f.A224BA6FA6224D464A8F44AD5BF2EA9F.d.EBAB778C917F7BF3A8FE82E1EABA31EB.e.11550","ELEMENT":"f.A224BA6FA6224D464A8F44AD5BF2EA9F.d.EBAB778C917F7BF3A8FE82E1EABA31EB.e.11550"}]}
COMMAND: POST /session/25c011aa293abf97c7913f308519c6b0/element - {"using":"css selector","value":"#shell-header-logo"}
COMMAND: GET /session/25c011aa293abf97c7913f308519c6b0/screenshot - {}
RESULT: {"using":"css selector","value":"#shell-header-logo"}
COMMAND: POST /session/25c011aa293abf97c7913f308519c6b0/element/f.A224BA6FA6224D464A8F44AD5BF2EA9F.d.EBAB778C917F7BF3A8FE82E1EABA31EB.e.11004/click - {}
RESULT: {}
RESULT: {}
COMMAND: GET /session/25c011aa293abf97c7913f308519c6b0/screenshot - {}
RESULT: {}
]]></system-out>
    </testcase>
    <testcase classname="chrome.137_0_7151_69.windows.Create_master_data_for_mixed_billing_&amp;_do_billing_calculation_US151661" name="Should do a stock increase handover" time="95.35">
      <system-out><![CDATA[
COMMAND: POST /session/25c011aa293abf97c7913f308519c6b0/execute/async - {"script":"<script> [1562 bytes]","args":[{"selector":{"controlType":"sap.m.GenericTile","properties":{"header":"Manage Handovers"}},"wdio_ui5_key":"sapm.GenericTile{\"header\":\"Manage Handovers\"}"}]}
RESULT: {"script":"<script> [1562 bytes]","args":[{"selector":{"controlType":"sap.m.GenericTile","properties":{"header":"Manage Handovers"}},"wdio_ui5_key":"sapm.GenericTile{\"header\":\"Manage Handovers\"}"}]}
RESULT: undefined
COMMAND: POST /session/25c011aa293abf97c7913f308519c6b0/element - {"using":"xpath","value":"//*[@id=\"__tile134\"]"}
RESULT: {"using":"xpath","value":"//*[@id=\"__tile134\"]"}
COMMAND: POST /session/25c011aa293abf97c7913f308519c6b0/element/f.A224BA6FA6224D464A8F44AD5BF2EA9F.d.EBAB778C917F7BF3A8FE82E1EABA31EB.e.6617/click - {}
RESULT: {}
COMMAND: GET /session/25c011aa293abf97c7913f308519c6b0/screenshot - {}
RESULT: {}
COMMAND: POST /session/25c011aa293abf97c7913f308519c6b0/elements - {"using":"xpath","value":"//span[text()='Error']"}
RESULT: {"using":"xpath","value":"//span[text()='Error']"}
COMMAND: POST /session/25c011aa293abf97c7913f308519c6b0/element - {"using":"xpath","value":"//button[@data-kt=\"masterHOAddButton\"]"}
RESULT: {"using":"xpath","value":"//button[@data-kt=\"masterHOAddButton\"]"}
COMMAND: POST /session/25c011aa293abf97c7913f308519c6b0/elements - {"using":"xpath","value":"//button[@data-kt=\"masterHOAddButton\"]"}
RESULT: {"using":"xpath","value":"//button[@data-kt=\"masterHOAddButton\"]"}
COMMAND: POST /session/25c011aa293abf97c7913f308519c6b0/execute/sync - {"script":"<script> [8489 bytes]","args":[{"element-6066-11e4-a52e-4f735466cecf":"f.A224BA6FA6224D464A8F44AD5BF2EA9F.d.EBAB778C917F7BF3A8FE82E1EABA31EB.e.11591","ELEMENT":"f.A224BA6FA6224D464A8F44AD5BF2EA9F.d.EBAB778C917F7BF3A8FE82E1EABA31EB.e.11591"}]}
RESULT: {"script":"<script> [8489 bytes]","args":[{"element-6066-11e4-a52e-4f735466cecf":"f.A224BA6FA6224D464A8F44AD5BF2EA9F.d.EBAB778C917F7BF3A8FE82E1EABA31EB.e.11591","ELEMENT":"f.A224BA6FA6224D464A8F44AD5BF2EA9F.d.EBAB778C917F7BF3A8FE82E1EABA31EB.e.11591"}]}
COMMAND: GET /session/25c011aa293abf97c7913f308519c6b0/element/f.A224BA6FA6224D464A8F44AD5BF2EA9F.d.EBAB778C917F7BF3A8FE82E1EABA31EB.e.11591/enabled - {}
COMMAND: GET /session/25c011aa293abf97c7913f308519c6b0/screenshot - {}
RESULT: {}
COMMAND: POST /session/25c011aa293abf97c7913f308519c6b0/execute/sync - {"script":"<script> [8489 bytes]","args":[{"element-6066-11e4-a52e-4f735466cecf":"f.A224BA6FA6224D464A8F44AD5BF2EA9F.d.EBAB778C917F7BF3A8FE82E1EABA31EB.e.11591","ELEMENT":"f.A224BA6FA6224D464A8F44AD5BF2EA9F.d.EBAB778C917F7BF3A8FE82E1EABA31EB.e.11591"}]}
COMMAND: GET /session/25c011aa293abf97c7913f308519c6b0/screenshot - {}
RESULT: {}
RESULT: {"script":"<script> [8489 bytes]","args":[{"element-6066-11e4-a52e-4f735466cecf":"f.A224BA6FA6224D464A8F44AD5BF2EA9F.d.EBAB778C917F7BF3A8FE82E1EABA31EB.e.11591","ELEMENT":"f.A224BA6FA6224D464A8F44AD5BF2EA9F.d.EBAB778C917F7BF3A8FE82E1EABA31EB.e.11591"}]}
COMMAND: POST /session/25c011aa293abf97c7913f308519c6b0/execute/sync - {"script":"<script> [5351 bytes]","args":[{"element-6066-11e4-a52e-4f735466cecf":"f.A224BA6FA6224D464A8F44AD5BF2EA9F.d.EBAB778C917F7BF3A8FE82E1EABA31EB.e.11591","ELEMENT":"f.A224BA6FA6224D464A8F44AD5BF2EA9F.d.EBAB778C917F7BF3A8FE82E1EABA31EB.e.11591"}]}
COMMAND: GET /session/25c011aa293abf97c7913f308519c6b0/screenshot - {}
RESULT: {}
RESULT: {"script":"<script> [5351 bytes]","args":[{"element-6066-11e4-a52e-4f735466cecf":"f.A224BA6FA6224D464A8F44AD5BF2EA9F.d.EBAB778C917F7BF3A8FE82E1EABA31EB.e.11591","ELEMENT":"f.A224BA6FA6224D464A8F44AD5BF2EA9F.d.EBAB778C917F7BF3A8FE82E1EABA31EB.e.11591"}]}
COMMAND: POST /session/25c011aa293abf97c7913f308519c6b0/element/f.A224BA6FA6224D464A8F44AD5BF2EA9F.d.EBAB778C917F7BF3A8FE82E1EABA31EB.e.11591/click - {}
COMMAND: GET /session/25c011aa293abf97c7913f308519c6b0/screenshot - {}
RESULT: {}
RESULT: {}
COMMAND: GET /session/25c011aa293abf97c7913f308519c6b0/screenshot - {}
RESULT: {}
RESULT: {}
COMMAND: POST /session/25c011aa293abf97c7913f308519c6b0/element - {"using":"xpath","value":"//span[contains(@id ,\"AddNewHO--typeSelect-arrow\")]"}
RESULT: {"using":"xpath","value":"//span[contains(@id ,\"AddNewHO--typeSelect-arrow\")]"}
COMMAND: POST /session/25c011aa293abf97c7913f308519c6b0/element/f.A224BA6FA6224D464A8F44AD5BF2EA9F.d.EBAB778C917F7BF3A8FE82E1EABA31EB.e.11929/click - {}
RESULT: {}
COMMAND: GET /session/25c011aa293abf97c7913f308519c6b0/screenshot - {}
RESULT: {}
COMMAND: POST /session/25c011aa293abf97c7913f308519c6b0/element - {"using":"xpath","value":"(//li[contains(text(), \"stock increase yard\")])[1]"}
RESULT: {"using":"xpath","value":"(//li[contains(text(), \"stock increase yard\")])[1]"}
COMMAND: POST /session/25c011aa293abf97c7913f308519c6b0/element/f.A224BA6FA6224D464A8F44AD5BF2EA9F.d.EBAB778C917F7BF3A8FE82E1EABA31EB.e.11930/click - {}
RESULT: {}
COMMAND: GET /session/25c011aa293abf97c7913f308519c6b0/screenshot - {}
RESULT: {}
COMMAND: POST /session/25c011aa293abf97c7913f308519c6b0/execute/async - {"script":"<script> [1562 bytes]","args":[{"selector":{"id":"application-managehandovers-display-component---AddNewHO--dueDate","interaction":{"idSuffix":"inner"}},"wdio_ui5_key":"applicationmanagehandovers-display-component---AddNewHO--dueDate"}]}
RESULT: {"script":"<script> [1562 bytes]","args":[{"selector":{"id":"application-managehandovers-display-component---AddNewHO--dueDate","interaction":{"idSuffix":"inner"}},"wdio_ui5_key":"applicationmanagehandovers-display-component---AddNewHO--dueDate"}]}
RESULT: undefined
COMMAND: POST /session/25c011aa293abf97c7913f308519c6b0/execute/async - {"script":"<script> [6424 bytes]","args":[{"element-6066-11e4-a52e-4f735466cecf":"f.A224BA6FA6224D464A8F44AD5BF2EA9F.d.EBAB778C917F7BF3A8FE82E1EABA31EB.e.11934"},"setValue",["6/13/25"]]}
RESULT: {"script":"<script> [6424 bytes]","args":[{"element-6066-11e4-a52e-4f735466cecf":"f.A224BA6FA6224D464A8F44AD5BF2EA9F.d.EBAB778C917F7BF3A8FE82E1EABA31EB.e.11934"},"setValue",["6/13/25"]]}
COMMAND: POST /session/25c011aa293abf97c7913f308519c6b0/element - {"using":"xpath","value":"//input[@id=\"generalSectionFrg--receiveYard-inner\"]"}
RESULT: {"using":"xpath","value":"//input[@id=\"generalSectionFrg--receiveYard-inner\"]"}
COMMAND: POST /session/25c011aa293abf97c7913f308519c6b0/element/f.A224BA6FA6224D464A8F44AD5BF2EA9F.d.EBAB778C917F7BF3A8FE82E1EABA31EB.e.11940/clear - {}
RESULT: {}
COMMAND: POST /session/25c011aa293abf97c7913f308519c6b0/element/f.A224BA6FA6224D464A8F44AD5BF2EA9F.d.EBAB778C917F7BF3A8FE82E1EABA31EB.e.11940/value - {"text":"246"}
COMMAND: GET /session/25c011aa293abf97c7913f308519c6b0/screenshot - {}
RESULT: {"text":"246"}
COMMAND: GET /session/25c011aa293abf97c7913f308519c6b0/screenshot - {}
RESULT: {}
RESULT: {}
COMMAND: POST /session/25c011aa293abf97c7913f308519c6b0/element - {"using":"xpath","value":"//li[.//span[contains(normalize-space(.), '246 -')]]"}
RESULT: {"using":"xpath","value":"//li[.//span[contains(normalize-space(.), '246 -')]]"}
COMMAND: POST /session/25c011aa293abf97c7913f308519c6b0/element/f.A224BA6FA6224D464A8F44AD5BF2EA9F.d.EBAB778C917F7BF3A8FE82E1EABA31EB.e.11956/click - {}
RESULT: {}
COMMAND: GET /session/25c011aa293abf97c7913f308519c6b0/screenshot - {}
RESULT: {}
COMMAND: POST /session/25c011aa293abf97c7913f308519c6b0/execute/async - {"script":"<script> [1562 bytes]","args":[{"selector":{"id":"application-managehandovers-display-component---AddNewHO--ObjectPageLayout-anchBar-application-managehandovers-display-component---AddNewHO--section4-anchor","interaction":{"idSuffix":"BDI-content"}},"wdio_ui5_key":"applicationmanagehandovers-display-component---AddNewHO--ObjectPageLayout-anchBar-application-managehandovers-display-component---AddNewHO--section4-anchor"}]}
RESULT: {"script":"<script> [1562 bytes]","args":[{"selector":{"id":"application-managehandovers-display-component---AddNewHO--ObjectPageLayout-anchBar-application-managehandovers-display-component---AddNewHO--section4-anchor","interaction":{"idSuffix":"BDI-content"}},"wdio_ui5_key":"applicationmanagehandovers-display-component---AddNewHO--ObjectPageLayout-anchBar-application-managehandovers-display-component---AddNewHO--section4-anchor"}]}
RESULT: undefined
COMMAND: POST /session/25c011aa293abf97c7913f308519c6b0/element - {"using":"xpath","value":"//*[@id=\"application-managehandovers-display-component---AddNewHO--ObjectPageLayout-anchBar-application-managehandovers-display-component---AddNewHO--section4-anchor\"]"}
RESULT: {"using":"xpath","value":"//*[@id=\"application-managehandovers-display-component---AddNewHO--ObjectPageLayout-anchBar-application-managehandovers-display-component---AddNewHO--section4-anchor\"]"}
COMMAND: POST /session/25c011aa293abf97c7913f308519c6b0/element/f.A224BA6FA6224D464A8F44AD5BF2EA9F.d.EBAB778C917F7BF3A8FE82E1EABA31EB.e.11958/click - {}
RESULT: {}
COMMAND: GET /session/25c011aa293abf97c7913f308519c6b0/screenshot - {}
RESULT: {}
COMMAND: POST /session/25c011aa293abf97c7913f308519c6b0/element - {"using":"xpath","value":"//button[@aria-label=\"Add\"]"}
RESULT: {"using":"xpath","value":"//button[@aria-label=\"Add\"]"}
COMMAND: POST /session/25c011aa293abf97c7913f308519c6b0/element/f.A224BA6FA6224D464A8F44AD5BF2EA9F.d.EBAB778C917F7BF3A8FE82E1EABA31EB.e.11962/click - {}
RESULT: {}
COMMAND: GET /session/25c011aa293abf97c7913f308519c6b0/screenshot - {}
RESULT: {}
COMMAND: POST /session/25c011aa293abf97c7913f308519c6b0/execute/async - {"script":"<script> [1562 bytes]","args":[{"selector":{"id":"application-managehandovers-display-component---AddNewHO--smartFilterBar-btnBasicSearch","searchOpenDialogs":true,"interaction":{"idSuffix":"I"}},"wdio_ui5_key":"applicationmanagehandovers-display-component---AddNewHO--smartFilterBar-btnBasicSearch"}]}
RESULT: {"script":"<script> [1562 bytes]","args":[{"selector":{"id":"application-managehandovers-display-component---AddNewHO--smartFilterBar-btnBasicSearch","searchOpenDialogs":true,"interaction":{"idSuffix":"I"}},"wdio_ui5_key":"applicationmanagehandovers-display-component---AddNewHO--smartFilterBar-btnBasicSearch"}]}
RESULT: undefined
COMMAND: POST /session/25c011aa293abf97c7913f308519c6b0/execute/async - {"script":"<script> [776 bytes]","args":[{"enterText":"cuzaIkHC59","selector":{"id":"application-managehandovers-display-component---AddNewHO--smartFilterBar-btnBasicSearch","searchOpenDialogs":true,"interaction":{"idSuffix":"I"}},"clearTextFirst":true,"interactionType":"ENTER_TEXT"}]}
RESULT: {"script":"<script> [776 bytes]","args":[{"enterText":"cuzaIkHC59","selector":{"id":"application-managehandovers-display-component---AddNewHO--smartFilterBar-btnBasicSearch","searchOpenDialogs":true,"interaction":{"idSuffix":"I"}},"clearTextFirst":true,"interactionType":"ENTER_TEXT"}]}
COMMAND: POST /session/25c011aa293abf97c7913f308519c6b0/actions - {"actions":[{"id":"action46","type":"key","parameters":{},"actions":[{"type":"keyDown","value":""},{"type":"pause","duration":10},{"type":"keyUp","value":""}]}]}
RESULT: {"actions":[{"id":"action46","type":"key","parameters":{},"actions":[{"type":"keyDown","value":""},{"type":"pause","duration":10},{"type":"keyUp","value":""}]}]}
COMMAND: GET /session/25c011aa293abf97c7913f308519c6b0/screenshot - {}
RESULT: {}
COMMAND: POST /session/25c011aa293abf97c7913f308519c6b0/execute/async - {"script":"<script> [1562 bytes]","args":[{"selector":{"id":"application-managehandovers-display-component---AddNewHO--popup-sa","searchOpenDialogs":true,"interaction":{"idSuffix":"CbBg"}},"wdio_ui5_key":"applicationmanagehandovers-display-component---AddNewHO--popup-sa"}]}
RESULT: {"script":"<script> [1562 bytes]","args":[{"selector":{"id":"application-managehandovers-display-component---AddNewHO--popup-sa","searchOpenDialogs":true,"interaction":{"idSuffix":"CbBg"}},"wdio_ui5_key":"applicationmanagehandovers-display-component---AddNewHO--popup-sa"}]}
RESULT: undefined
COMMAND: POST /session/25c011aa293abf97c7913f308519c6b0/element - {"using":"xpath","value":"//*[@id=\"application-managehandovers-display-component---AddNewHO--popup-sa\"]"}
RESULT: {"using":"xpath","value":"//*[@id=\"application-managehandovers-display-component---AddNewHO--popup-sa\"]"}
COMMAND: POST /session/25c011aa293abf97c7913f308519c6b0/element/f.A224BA6FA6224D464A8F44AD5BF2EA9F.d.EBAB778C917F7BF3A8FE82E1EABA31EB.e.12115/click - {}
RESULT: {}
COMMAND: GET /session/25c011aa293abf97c7913f308519c6b0/screenshot - {}
RESULT: {}
COMMAND: POST /session/25c011aa293abf97c7913f308519c6b0/element - {"using":"xpath","value":"//bdi[contains(text(), \"Select\")]"}
RESULT: {"using":"xpath","value":"//bdi[contains(text(), \"Select\")]"}
COMMAND: POST /session/25c011aa293abf97c7913f308519c6b0/element/f.A224BA6FA6224D464A8F44AD5BF2EA9F.d.EBAB778C917F7BF3A8FE82E1EABA31EB.e.12116/click - {}
RESULT: {}
COMMAND: GET /session/25c011aa293abf97c7913f308519c6b0/screenshot - {}
RESULT: {}
COMMAND: POST /session/25c011aa293abf97c7913f308519c6b0/element - {"using":"xpath","value":"//button[@data-kt=\"AddNewHOSaveButton\"]"}
RESULT: {"using":"xpath","value":"//button[@data-kt=\"AddNewHOSaveButton\"]"}
COMMAND: POST /session/25c011aa293abf97c7913f308519c6b0/element/f.A224BA6FA6224D464A8F44AD5BF2EA9F.d.EBAB778C917F7BF3A8FE82E1EABA31EB.e.12120/click - {}
RESULT: {}
COMMAND: GET /session/25c011aa293abf97c7913f308519c6b0/screenshot - {}
RESULT: {}
COMMAND: POST /session/25c011aa293abf97c7913f308519c6b0/execute/async - {"script":"<script> [1562 bytes]","args":[{"selector":{"id":"receiptDatePicker","viewName":"etm.portal.ui.managehandovers.view.DetailExecuteHO","interaction":{"idSuffix":"inner"}},"wdio_ui5_key":"receiptDatePickeretmportal.ui.managehandovers.view.DetailExecuteHO"}]}
RESULT: {"script":"<script> [1562 bytes]","args":[{"selector":{"id":"receiptDatePicker","viewName":"etm.portal.ui.managehandovers.view.DetailExecuteHO","interaction":{"idSuffix":"inner"}},"wdio_ui5_key":"receiptDatePickeretmportal.ui.managehandovers.view.DetailExecuteHO"}]}
RESULT: undefined
COMMAND: POST /session/25c011aa293abf97c7913f308519c6b0/execute/async - {"script":"<script> [6424 bytes]","args":[{"element-6066-11e4-a52e-4f735466cecf":"f.A224BA6FA6224D464A8F44AD5BF2EA9F.d.EBAB778C917F7BF3A8FE82E1EABA31EB.e.12149"},"setValue",["6/13/25"]]}
RESULT: {"script":"<script> [6424 bytes]","args":[{"element-6066-11e4-a52e-4f735466cecf":"f.A224BA6FA6224D464A8F44AD5BF2EA9F.d.EBAB778C917F7BF3A8FE82E1EABA31EB.e.12149"},"setValue",["6/13/25"]]}
COMMAND: POST /session/25c011aa293abf97c7913f308519c6b0/element - {"using":"xpath","value":"//button[@data-kt=\"ReceivingTableConfirmAllButton\"]"}
RESULT: {"using":"xpath","value":"//button[@data-kt=\"ReceivingTableConfirmAllButton\"]"}
COMMAND: POST /session/25c011aa293abf97c7913f308519c6b0/element/f.A224BA6FA6224D464A8F44AD5BF2EA9F.d.EBAB778C917F7BF3A8FE82E1EABA31EB.e.12164/click - {}
RESULT: {}
COMMAND: GET /session/25c011aa293abf97c7913f308519c6b0/screenshot - {}
RESULT: {}
COMMAND: POST /session/25c011aa293abf97c7913f308519c6b0/element - {"using":"xpath","value":"//bdi[contains(text(), \"OK\")]"}
RESULT: {"using":"xpath","value":"//bdi[contains(text(), \"OK\")]"}
COMMAND: POST /session/25c011aa293abf97c7913f308519c6b0/element/f.A224BA6FA6224D464A8F44AD5BF2EA9F.d.EBAB778C917F7BF3A8FE82E1EABA31EB.e.12166/click - {}
RESULT: {}
COMMAND: GET /session/25c011aa293abf97c7913f308519c6b0/screenshot - {}
RESULT: {}
COMMAND: POST /session/25c011aa293abf97c7913f308519c6b0/element - {"using":"xpath","value":"(//bdi[contains(text(), \"Receive\")])[2]"}
RESULT: {"using":"xpath","value":"(//bdi[contains(text(), \"Receive\")])[2]"}
COMMAND: POST /session/25c011aa293abf97c7913f308519c6b0/element/f.A224BA6FA6224D464A8F44AD5BF2EA9F.d.EBAB778C917F7BF3A8FE82E1EABA31EB.e.12168/click - {}
RESULT: {}
COMMAND: GET /session/25c011aa293abf97c7913f308519c6b0/screenshot - {}
RESULT: {}
COMMAND: POST /session/25c011aa293abf97c7913f308519c6b0/element - {"using":"css selector","value":"#shell-header-logo"}
RESULT: {"using":"css selector","value":"#shell-header-logo"}
COMMAND: POST /session/25c011aa293abf97c7913f308519c6b0/element/f.A224BA6FA6224D464A8F44AD5BF2EA9F.d.EBAB778C917F7BF3A8FE82E1EABA31EB.e.11554/click - {}
RESULT: {}
COMMAND: GET /session/25c011aa293abf97c7913f308519c6b0/screenshot - {}
RESULT: {}
]]></system-out>
    </testcase>
    <testcase classname="chrome.137_0_7151_69.windows.Create_master_data_for_mixed_billing_&amp;_do_billing_calculation_US151661" name="Should create a new contract" time="65.191">
      <system-out><![CDATA[
COMMAND: POST /session/25c011aa293abf97c7913f308519c6b0/execute/async - {"script":"<script> [1562 bytes]","args":[{"selector":{"controlType":"sap.m.GenericTile","properties":{"header":"Manage Contracts"}},"wdio_ui5_key":"sapm.GenericTile{\"header\":\"Manage Contracts\"}"}]}
RESULT: {"script":"<script> [1562 bytes]","args":[{"selector":{"controlType":"sap.m.GenericTile","properties":{"header":"Manage Contracts"}},"wdio_ui5_key":"sapm.GenericTile{\"header\":\"Manage Contracts\"}"}]}
RESULT: undefined
COMMAND: POST /session/25c011aa293abf97c7913f308519c6b0/element - {"using":"xpath","value":"//*[@id=\"__tile132\"]"}
RESULT: {"using":"xpath","value":"//*[@id=\"__tile132\"]"}
COMMAND: POST /session/25c011aa293abf97c7913f308519c6b0/element/f.A224BA6FA6224D464A8F44AD5BF2EA9F.d.EBAB778C917F7BF3A8FE82E1EABA31EB.e.6558/click - {}
RESULT: {}
COMMAND: GET /session/25c011aa293abf97c7913f308519c6b0/screenshot - {}
RESULT: {}
COMMAND: POST /session/25c011aa293abf97c7913f308519c6b0/elements - {"using":"xpath","value":"//span[text()='Error']"}
RESULT: {"using":"xpath","value":"//span[text()='Error']"}
COMMAND: POST /session/25c011aa293abf97c7913f308519c6b0/element - {"using":"xpath","value":"//button[@data-kt=\"addButton\"]"}
RESULT: {"using":"xpath","value":"//button[@data-kt=\"addButton\"]"}
COMMAND: POST /session/25c011aa293abf97c7913f308519c6b0/elements - {"using":"xpath","value":"//button[@data-kt=\"addButton\"]"}
RESULT: {"using":"xpath","value":"//button[@data-kt=\"addButton\"]"}
COMMAND: POST /session/25c011aa293abf97c7913f308519c6b0/execute/sync - {"script":"<script> [8489 bytes]","args":[{"element-6066-11e4-a52e-4f735466cecf":"f.A224BA6FA6224D464A8F44AD5BF2EA9F.d.EBAB778C917F7BF3A8FE82E1EABA31EB.e.12390","ELEMENT":"f.A224BA6FA6224D464A8F44AD5BF2EA9F.d.EBAB778C917F7BF3A8FE82E1EABA31EB.e.12390"}]}
RESULT: {"script":"<script> [8489 bytes]","args":[{"element-6066-11e4-a52e-4f735466cecf":"f.A224BA6FA6224D464A8F44AD5BF2EA9F.d.EBAB778C917F7BF3A8FE82E1EABA31EB.e.12390","ELEMENT":"f.A224BA6FA6224D464A8F44AD5BF2EA9F.d.EBAB778C917F7BF3A8FE82E1EABA31EB.e.12390"}]}
COMMAND: GET /session/25c011aa293abf97c7913f308519c6b0/element/f.A224BA6FA6224D464A8F44AD5BF2EA9F.d.EBAB778C917F7BF3A8FE82E1EABA31EB.e.12390/enabled - {}
COMMAND: GET /session/25c011aa293abf97c7913f308519c6b0/screenshot - {}
RESULT: {}
COMMAND: POST /session/25c011aa293abf97c7913f308519c6b0/execute/sync - {"script":"<script> [8489 bytes]","args":[{"element-6066-11e4-a52e-4f735466cecf":"f.A224BA6FA6224D464A8F44AD5BF2EA9F.d.EBAB778C917F7BF3A8FE82E1EABA31EB.e.12390","ELEMENT":"f.A224BA6FA6224D464A8F44AD5BF2EA9F.d.EBAB778C917F7BF3A8FE82E1EABA31EB.e.12390"}]}
COMMAND: GET /session/25c011aa293abf97c7913f308519c6b0/screenshot - {}
RESULT: {}
RESULT: {"script":"<script> [8489 bytes]","args":[{"element-6066-11e4-a52e-4f735466cecf":"f.A224BA6FA6224D464A8F44AD5BF2EA9F.d.EBAB778C917F7BF3A8FE82E1EABA31EB.e.12390","ELEMENT":"f.A224BA6FA6224D464A8F44AD5BF2EA9F.d.EBAB778C917F7BF3A8FE82E1EABA31EB.e.12390"}]}
COMMAND: POST /session/25c011aa293abf97c7913f308519c6b0/execute/sync - {"script":"<script> [5351 bytes]","args":[{"element-6066-11e4-a52e-4f735466cecf":"f.A224BA6FA6224D464A8F44AD5BF2EA9F.d.EBAB778C917F7BF3A8FE82E1EABA31EB.e.12390","ELEMENT":"f.A224BA6FA6224D464A8F44AD5BF2EA9F.d.EBAB778C917F7BF3A8FE82E1EABA31EB.e.12390"}]}
COMMAND: GET /session/25c011aa293abf97c7913f308519c6b0/screenshot - {}
RESULT: {}
RESULT: {"script":"<script> [5351 bytes]","args":[{"element-6066-11e4-a52e-4f735466cecf":"f.A224BA6FA6224D464A8F44AD5BF2EA9F.d.EBAB778C917F7BF3A8FE82E1EABA31EB.e.12390","ELEMENT":"f.A224BA6FA6224D464A8F44AD5BF2EA9F.d.EBAB778C917F7BF3A8FE82E1EABA31EB.e.12390"}]}
COMMAND: GET /session/25c011aa293abf97c7913f308519c6b0/screenshot - {}
RESULT: {}
RESULT: {}
COMMAND: POST /session/25c011aa293abf97c7913f308519c6b0/element/f.A224BA6FA6224D464A8F44AD5BF2EA9F.d.EBAB778C917F7BF3A8FE82E1EABA31EB.e.12390/click - {}
RESULT: {}
COMMAND: GET /session/25c011aa293abf97c7913f308519c6b0/screenshot - {}
COMMAND: POST /session/25c011aa293abf97c7913f308519c6b0/execute/async - {"script":"<script> [1562 bytes]","args":[{"selector":{"id":"application-managecontracts-display-component---AddNewContract--projectDescription","interaction":{"idSuffix":"inner"}},"wdio_ui5_key":"applicationmanagecontracts-display-component---AddNewContract--projectDescription"}]}
RESULT: {}
RESULT: {"script":"<script> [1562 bytes]","args":[{"selector":{"id":"application-managecontracts-display-component---AddNewContract--projectDescription","interaction":{"idSuffix":"inner"}},"wdio_ui5_key":"applicationmanagecontracts-display-component---AddNewContract--projectDescription"}]}
RESULT: undefined
COMMAND: POST /session/25c011aa293abf97c7913f308519c6b0/execute/async - {"script":"<script> [776 bytes]","args":[{"enterText":"Mixed Contract WDIO","selector":{"id":"application-managecontracts-display-component---AddNewContract--projectDescription","interaction":{"idSuffix":"inner"}},"clearTextFirst":true,"interactionType":"ENTER_TEXT"}]}
RESULT: {"script":"<script> [776 bytes]","args":[{"enterText":"Mixed Contract WDIO","selector":{"id":"application-managecontracts-display-component---AddNewContract--projectDescription","interaction":{"idSuffix":"inner"}},"clearTextFirst":true,"interactionType":"ENTER_TEXT"}]}
COMMAND: POST /session/25c011aa293abf97c7913f308519c6b0/element - {"using":"xpath","value":"//input[@id=\"application-managecontracts-display-component---AddNewContract--site-inner\"]"}
RESULT: {"using":"xpath","value":"//input[@id=\"application-managecontracts-display-component---AddNewContract--site-inner\"]"}
COMMAND: POST /session/25c011aa293abf97c7913f308519c6b0/element/f.A224BA6FA6224D464A8F44AD5BF2EA9F.d.EBAB778C917F7BF3A8FE82E1EABA31EB.e.12706/clear - {}
RESULT: {}
COMMAND: POST /session/25c011aa293abf97c7913f308519c6b0/element/f.A224BA6FA6224D464A8F44AD5BF2EA9F.d.EBAB778C917F7BF3A8FE82E1EABA31EB.e.12706/value - {"text":"2092"}
COMMAND: GET /session/25c011aa293abf97c7913f308519c6b0/screenshot - {}
RESULT: {"text":"2092"}
COMMAND: GET /session/25c011aa293abf97c7913f308519c6b0/screenshot - {}
RESULT: {}
RESULT: {}
COMMAND: POST /session/25c011aa293abf97c7913f308519c6b0/element - {"using":"xpath","value":"//li[.//span[text()='2092']]"}
RESULT: {"using":"xpath","value":"//li[.//span[text()='2092']]"}
COMMAND: POST /session/25c011aa293abf97c7913f308519c6b0/element/f.A224BA6FA6224D464A8F44AD5BF2EA9F.d.EBAB778C917F7BF3A8FE82E1EABA31EB.e.12788/click - {}
RESULT: {}
COMMAND: GET /session/25c011aa293abf97c7913f308519c6b0/screenshot - {}
RESULT: {}
COMMAND: POST /session/25c011aa293abf97c7913f308519c6b0/element - {"using":"xpath","value":"//input[@id=\"application-managecontracts-display-component---AddNewContract--yardId-inner\"]"}
RESULT: {"using":"xpath","value":"//input[@id=\"application-managecontracts-display-component---AddNewContract--yardId-inner\"]"}
COMMAND: GET /session/25c011aa293abf97c7913f308519c6b0/element/f.A224BA6FA6224D464A8F44AD5BF2EA9F.d.EBAB778C917F7BF3A8FE82E1EABA31EB.e.12707/property/value - {}
RESULT: {}
COMMAND: POST /session/25c011aa293abf97c7913f308519c6b0/element - {"using":"xpath","value":"//input[@id=\"application-managecontracts-display-component---AddNewContract--customerSelect-inner\"]"}
COMMAND: GET /session/25c011aa293abf97c7913f308519c6b0/screenshot - {}
RESULT: {"using":"xpath","value":"//input[@id=\"application-managecontracts-display-component---AddNewContract--customerSelect-inner\"]"}
COMMAND: POST /session/25c011aa293abf97c7913f308519c6b0/element/f.A224BA6FA6224D464A8F44AD5BF2EA9F.d.EBAB778C917F7BF3A8FE82E1EABA31EB.e.12705/clear - {}
RESULT: {}
RESULT: {}
COMMAND: POST /session/25c011aa293abf97c7913f308519c6b0/element/f.A224BA6FA6224D464A8F44AD5BF2EA9F.d.EBAB778C917F7BF3A8FE82E1EABA31EB.e.12705/value - {"text":"1098"}
COMMAND: GET /session/25c011aa293abf97c7913f308519c6b0/screenshot - {}
RESULT: {"text":"1098"}
COMMAND: GET /session/25c011aa293abf97c7913f308519c6b0/screenshot - {}
RESULT: {}
RESULT: {}
COMMAND: POST /session/25c011aa293abf97c7913f308519c6b0/element - {"using":"xpath","value":"//li[.//span[text()='1098']]"}
RESULT: {"using":"xpath","value":"//li[.//span[text()='1098']]"}
COMMAND: POST /session/25c011aa293abf97c7913f308519c6b0/element/f.A224BA6FA6224D464A8F44AD5BF2EA9F.d.EBAB778C917F7BF3A8FE82E1EABA31EB.e.12791/click - {}
RESULT: {}
COMMAND: GET /session/25c011aa293abf97c7913f308519c6b0/screenshot - {}
RESULT: {}
COMMAND: POST /session/25c011aa293abf97c7913f308519c6b0/element - {"using":"xpath","value":"//button[@data-kt=\"saveButton\"]"}
RESULT: {"using":"xpath","value":"//button[@data-kt=\"saveButton\"]"}
COMMAND: POST /session/25c011aa293abf97c7913f308519c6b0/element/f.A224BA6FA6224D464A8F44AD5BF2EA9F.d.EBAB778C917F7BF3A8FE82E1EABA31EB.e.12780/click - {}
RESULT: {}
COMMAND: GET /session/25c011aa293abf97c7913f308519c6b0/screenshot - {}
RESULT: {}
COMMAND: POST /session/25c011aa293abf97c7913f308519c6b0/element - {"using":"xpath","value":"//span[contains(@id ,\"contractDetailTitleNoExpanded\")]"}
RESULT: {"using":"xpath","value":"//span[contains(@id ,\"contractDetailTitleNoExpanded\")]"}
COMMAND: POST /session/25c011aa293abf97c7913f308519c6b0/elements - {"using":"xpath","value":"//span[contains(@id ,\"contractDetailTitleNoExpanded\")]"}
RESULT: {"using":"xpath","value":"//span[contains(@id ,\"contractDetailTitleNoExpanded\")]"}
COMMAND: POST /session/25c011aa293abf97c7913f308519c6b0/execute/sync - {"script":"<script> [56 bytes]","args":[{"element-6066-11e4-a52e-4f735466cecf":"f.A224BA6FA6224D464A8F44AD5BF2EA9F.d.EBAB778C917F7BF3A8FE82E1EABA31EB.e.12863","ELEMENT":"f.A224BA6FA6224D464A8F44AD5BF2EA9F.d.EBAB778C917F7BF3A8FE82E1EABA31EB.e.12863"}]}
RESULT: {"script":"<script> [56 bytes]","args":[{"element-6066-11e4-a52e-4f735466cecf":"f.A224BA6FA6224D464A8F44AD5BF2EA9F.d.EBAB778C917F7BF3A8FE82E1EABA31EB.e.12863","ELEMENT":"f.A224BA6FA6224D464A8F44AD5BF2EA9F.d.EBAB778C917F7BF3A8FE82E1EABA31EB.e.12863"}]}
COMMAND: GET /session/25c011aa293abf97c7913f308519c6b0/screenshot - {}
RESULT: {}
]]></system-out>
    </testcase>
    <testcase classname="chrome.137_0_7151_69.windows.Create_master_data_for_mixed_billing_&amp;_do_billing_calculation_US151661" name="Should add equipment to the contract" time="58.339">
      <system-out><![CDATA[
COMMAND: POST /session/25c011aa293abf97c7913f308519c6b0/element - {"using":"xpath","value":"//button[@data-kt=\"contractDetailEditBtnButton\"]"}
RESULT: {"using":"xpath","value":"//button[@data-kt=\"contractDetailEditBtnButton\"]"}
COMMAND: POST /session/25c011aa293abf97c7913f308519c6b0/element/f.A224BA6FA6224D464A8F44AD5BF2EA9F.d.EBAB778C917F7BF3A8FE82E1EABA31EB.e.12865/click - {}
RESULT: {}
COMMAND: GET /session/25c011aa293abf97c7913f308519c6b0/screenshot - {}
RESULT: {}
COMMAND: POST /session/25c011aa293abf97c7913f308519c6b0/element - {"using":"xpath","value":"(//span[contains(text(), \"Additional Addresses\")])[2]"}
RESULT: {"using":"xpath","value":"(//span[contains(text(), \"Additional Addresses\")])[2]"}
COMMAND: POST /session/25c011aa293abf97c7913f308519c6b0/element/f.A224BA6FA6224D464A8F44AD5BF2EA9F.d.EBAB778C917F7BF3A8FE82E1EABA31EB.e.12920/click - {}
RESULT: {}
COMMAND: GET /session/25c011aa293abf97c7913f308519c6b0/screenshot - {}
RESULT: {}
COMMAND: POST /session/25c011aa293abf97c7913f308519c6b0/element - {"using":"xpath","value":"//button[@data-kt=\"btnAddTableRowOverflowToolbarButton\"]"}
RESULT: {"using":"xpath","value":"//button[@data-kt=\"btnAddTableRowOverflowToolbarButton\"]"}
COMMAND: POST /session/25c011aa293abf97c7913f308519c6b0/element/f.A224BA6FA6224D464A8F44AD5BF2EA9F.d.EBAB778C917F7BF3A8FE82E1EABA31EB.e.12924/click - {}
RESULT: {}
COMMAND: GET /session/25c011aa293abf97c7913f308519c6b0/screenshot - {}
RESULT: {}
COMMAND: POST /session/25c011aa293abf97c7913f308519c6b0/element - {"using":"xpath","value":"//div[(text() = 'Standard Entry' or . = 'Standard Entry')]"}
RESULT: {"using":"xpath","value":"//div[(text() = 'Standard Entry' or . = 'Standard Entry')]"}
COMMAND: POST /session/25c011aa293abf97c7913f308519c6b0/element/f.A224BA6FA6224D464A8F44AD5BF2EA9F.d.EBAB778C917F7BF3A8FE82E1EABA31EB.e.12925/click - {}
RESULT: {}
COMMAND: GET /session/25c011aa293abf97c7913f308519c6b0/screenshot - {}
RESULT: {}
COMMAND: POST /session/25c011aa293abf97c7913f308519c6b0/element - {"using":"xpath","value":"//td[7]/div/div/input"}
RESULT: {"using":"xpath","value":"//td[7]/div/div/input"}
COMMAND: POST /session/25c011aa293abf97c7913f308519c6b0/element/f.A224BA6FA6224D464A8F44AD5BF2EA9F.d.EBAB778C917F7BF3A8FE82E1EABA31EB.e.12934/clear - {}
RESULT: {}
COMMAND: POST /session/25c011aa293abf97c7913f308519c6b0/element/f.A224BA6FA6224D464A8F44AD5BF2EA9F.d.EBAB778C917F7BF3A8FE82E1EABA31EB.e.12934/value - {"text":"cuzaIkHC59"}
COMMAND: GET /session/25c011aa293abf97c7913f308519c6b0/screenshot - {}
RESULT: {"text":"cuzaIkHC59"}
COMMAND: GET /session/25c011aa293abf97c7913f308519c6b0/screenshot - {}
RESULT: {}
RESULT: {}
COMMAND: POST /session/25c011aa293abf97c7913f308519c6b0/actions - {"actions":[{"id":"action47","type":"key","parameters":{},"actions":[{"type":"keyDown","value":""},{"type":"pause","duration":10},{"type":"keyUp","value":""}]}]}
RESULT: {"actions":[{"id":"action47","type":"key","parameters":{},"actions":[{"type":"keyDown","value":""},{"type":"pause","duration":10},{"type":"keyUp","value":""}]}]}
COMMAND: GET /session/25c011aa293abf97c7913f308519c6b0/screenshot - {}
RESULT: {}
COMMAND: POST /session/25c011aa293abf97c7913f308519c6b0/execute/sync - {"script":"<script> [276 bytes]","args":["No pricing information was found"]}
RESULT: {"script":"<script> [276 bytes]","args":["No pricing information was found"]}
COMMAND: POST /session/25c011aa293abf97c7913f308519c6b0/element - {"using":"xpath","value":"(//button[@data-kt=\"saveButton\"])[2]"}
COMMAND: GET /session/25c011aa293abf97c7913f308519c6b0/screenshot - {}
RESULT: {"using":"xpath","value":"(//button[@data-kt=\"saveButton\"])[2]"}
COMMAND: POST /session/25c011aa293abf97c7913f308519c6b0/element/f.A224BA6FA6224D464A8F44AD5BF2EA9F.d.EBAB778C917F7BF3A8FE82E1EABA31EB.e.12949/click - {}
RESULT: {}
RESULT: {}
COMMAND: GET /session/25c011aa293abf97c7913f308519c6b0/screenshot - {}
RESULT: {}
COMMAND: POST /session/25c011aa293abf97c7913f308519c6b0/execute/sync - {"script":"<script> [276 bytes]","args":["Some contract items are having rental validity exceeding header rental validity"]}
RESULT: {"script":"<script> [276 bytes]","args":["Some contract items are having rental validity exceeding header rental validity"]}
COMMAND: GET /session/25c011aa293abf97c7913f308519c6b0/screenshot - {}
RESULT: {}
COMMAND: POST /session/25c011aa293abf97c7913f308519c6b0/element - {"using":"xpath","value":"//span[contains(@id ,\"contractItemsSmartTable-header-inner\")]"}
RESULT: {"using":"xpath","value":"//span[contains(@id ,\"contractItemsSmartTable-header-inner\")]"}
COMMAND: POST /session/25c011aa293abf97c7913f308519c6b0/elements - {"using":"xpath","value":"//span[contains(@id ,\"contractItemsSmartTable-header-inner\")]"}
RESULT: {"using":"xpath","value":"//span[contains(@id ,\"contractItemsSmartTable-header-inner\")]"}
COMMAND: POST /session/25c011aa293abf97c7913f308519c6b0/execute/sync - {"script":"<script> [56 bytes]","args":[{"element-6066-11e4-a52e-4f735466cecf":"f.A224BA6FA6224D464A8F44AD5BF2EA9F.d.EBAB778C917F7BF3A8FE82E1EABA31EB.e.12951","ELEMENT":"f.A224BA6FA6224D464A8F44AD5BF2EA9F.d.EBAB778C917F7BF3A8FE82E1EABA31EB.e.12951"}]}
RESULT: {"script":"<script> [56 bytes]","args":[{"element-6066-11e4-a52e-4f735466cecf":"f.A224BA6FA6224D464A8F44AD5BF2EA9F.d.EBAB778C917F7BF3A8FE82E1EABA31EB.e.12951","ELEMENT":"f.A224BA6FA6224D464A8F44AD5BF2EA9F.d.EBAB778C917F7BF3A8FE82E1EABA31EB.e.12951"}]}
COMMAND: GET /session/25c011aa293abf97c7913f308519c6b0/screenshot - {}
RESULT: {}
COMMAND: POST /session/25c011aa293abf97c7913f308519c6b0/execute/sync - {"script":"<script> [56 bytes]","args":[{"element-6066-11e4-a52e-4f735466cecf":"f.A224BA6FA6224D464A8F44AD5BF2EA9F.d.EBAB778C917F7BF3A8FE82E1EABA31EB.e.12951","ELEMENT":"f.A224BA6FA6224D464A8F44AD5BF2EA9F.d.EBAB778C917F7BF3A8FE82E1EABA31EB.e.12951"}]}
RESULT: {"script":"<script> [56 bytes]","args":[{"element-6066-11e4-a52e-4f735466cecf":"f.A224BA6FA6224D464A8F44AD5BF2EA9F.d.EBAB778C917F7BF3A8FE82E1EABA31EB.e.12951","ELEMENT":"f.A224BA6FA6224D464A8F44AD5BF2EA9F.d.EBAB778C917F7BF3A8FE82E1EABA31EB.e.12951"}]}
COMMAND: GET /session/25c011aa293abf97c7913f308519c6b0/screenshot - {}
RESULT: {}
COMMAND: POST /session/25c011aa293abf97c7913f308519c6b0/execute/sync - {"script":"<script> [56 bytes]","args":[{"element-6066-11e4-a52e-4f735466cecf":"f.A224BA6FA6224D464A8F44AD5BF2EA9F.d.EBAB778C917F7BF3A8FE82E1EABA31EB.e.12951","ELEMENT":"f.A224BA6FA6224D464A8F44AD5BF2EA9F.d.EBAB778C917F7BF3A8FE82E1EABA31EB.e.12951"}]}
RESULT: {"script":"<script> [56 bytes]","args":[{"element-6066-11e4-a52e-4f735466cecf":"f.A224BA6FA6224D464A8F44AD5BF2EA9F.d.EBAB778C917F7BF3A8FE82E1EABA31EB.e.12951","ELEMENT":"f.A224BA6FA6224D464A8F44AD5BF2EA9F.d.EBAB778C917F7BF3A8FE82E1EABA31EB.e.12951"}]}
COMMAND: GET /session/25c011aa293abf97c7913f308519c6b0/screenshot - {}
RESULT: {}
COMMAND: POST /session/25c011aa293abf97c7913f308519c6b0/execute/sync - {"script":"<script> [56 bytes]","args":[{"element-6066-11e4-a52e-4f735466cecf":"f.A224BA6FA6224D464A8F44AD5BF2EA9F.d.EBAB778C917F7BF3A8FE82E1EABA31EB.e.12951","ELEMENT":"f.A224BA6FA6224D464A8F44AD5BF2EA9F.d.EBAB778C917F7BF3A8FE82E1EABA31EB.e.12951"}]}
RESULT: {"script":"<script> [56 bytes]","args":[{"element-6066-11e4-a52e-4f735466cecf":"f.A224BA6FA6224D464A8F44AD5BF2EA9F.d.EBAB778C917F7BF3A8FE82E1EABA31EB.e.12951","ELEMENT":"f.A224BA6FA6224D464A8F44AD5BF2EA9F.d.EBAB778C917F7BF3A8FE82E1EABA31EB.e.12951"}]}
COMMAND: GET /session/25c011aa293abf97c7913f308519c6b0/screenshot - {}
RESULT: {}
COMMAND: POST /session/25c011aa293abf97c7913f308519c6b0/execute/sync - {"script":"<script> [56 bytes]","args":[{"element-6066-11e4-a52e-4f735466cecf":"f.A224BA6FA6224D464A8F44AD5BF2EA9F.d.EBAB778C917F7BF3A8FE82E1EABA31EB.e.12951","ELEMENT":"f.A224BA6FA6224D464A8F44AD5BF2EA9F.d.EBAB778C917F7BF3A8FE82E1EABA31EB.e.12951"}]}
RESULT: {"script":"<script> [56 bytes]","args":[{"element-6066-11e4-a52e-4f735466cecf":"f.A224BA6FA6224D464A8F44AD5BF2EA9F.d.EBAB778C917F7BF3A8FE82E1EABA31EB.e.12951","ELEMENT":"f.A224BA6FA6224D464A8F44AD5BF2EA9F.d.EBAB778C917F7BF3A8FE82E1EABA31EB.e.12951"}]}
COMMAND: GET /session/25c011aa293abf97c7913f308519c6b0/screenshot - {}
COMMAND: POST /session/25c011aa293abf97c7913f308519c6b0/execute/sync - {"script":"<script> [56 bytes]","args":[{"element-6066-11e4-a52e-4f735466cecf":"f.A224BA6FA6224D464A8F44AD5BF2EA9F.d.EBAB778C917F7BF3A8FE82E1EABA31EB.e.12951","ELEMENT":"f.A224BA6FA6224D464A8F44AD5BF2EA9F.d.EBAB778C917F7BF3A8FE82E1EABA31EB.e.12951"}]}
RESULT: {}
RESULT: {"script":"<script> [56 bytes]","args":[{"element-6066-11e4-a52e-4f735466cecf":"f.A224BA6FA6224D464A8F44AD5BF2EA9F.d.EBAB778C917F7BF3A8FE82E1EABA31EB.e.12951","ELEMENT":"f.A224BA6FA6224D464A8F44AD5BF2EA9F.d.EBAB778C917F7BF3A8FE82E1EABA31EB.e.12951"}]}
COMMAND: POST /session/25c011aa293abf97c7913f308519c6b0/execute/sync - {"script":"<script> [56 bytes]","args":[{"element-6066-11e4-a52e-4f735466cecf":"f.A224BA6FA6224D464A8F44AD5BF2EA9F.d.EBAB778C917F7BF3A8FE82E1EABA31EB.e.12951","ELEMENT":"f.A224BA6FA6224D464A8F44AD5BF2EA9F.d.EBAB778C917F7BF3A8FE82E1EABA31EB.e.12951"}]}
COMMAND: GET /session/25c011aa293abf97c7913f308519c6b0/screenshot - {}
RESULT: {"script":"<script> [56 bytes]","args":[{"element-6066-11e4-a52e-4f735466cecf":"f.A224BA6FA6224D464A8F44AD5BF2EA9F.d.EBAB778C917F7BF3A8FE82E1EABA31EB.e.12951","ELEMENT":"f.A224BA6FA6224D464A8F44AD5BF2EA9F.d.EBAB778C917F7BF3A8FE82E1EABA31EB.e.12951"}]}
COMMAND: POST /session/25c011aa293abf97c7913f308519c6b0/execute/sync - {"script":"<script> [56 bytes]","args":[{"element-6066-11e4-a52e-4f735466cecf":"f.A224BA6FA6224D464A8F44AD5BF2EA9F.d.EBAB778C917F7BF3A8FE82E1EABA31EB.e.12951","ELEMENT":"f.A224BA6FA6224D464A8F44AD5BF2EA9F.d.EBAB778C917F7BF3A8FE82E1EABA31EB.e.12951"}]}
COMMAND: GET /session/25c011aa293abf97c7913f308519c6b0/screenshot - {}
RESULT: {}
RESULT: {"script":"<script> [56 bytes]","args":[{"element-6066-11e4-a52e-4f735466cecf":"f.A224BA6FA6224D464A8F44AD5BF2EA9F.d.EBAB778C917F7BF3A8FE82E1EABA31EB.e.12951","ELEMENT":"f.A224BA6FA6224D464A8F44AD5BF2EA9F.d.EBAB778C917F7BF3A8FE82E1EABA31EB.e.12951"}]}
COMMAND: POST /session/25c011aa293abf97c7913f308519c6b0/execute/sync - {"script":"<script> [56 bytes]","args":[{"element-6066-11e4-a52e-4f735466cecf":"f.A224BA6FA6224D464A8F44AD5BF2EA9F.d.EBAB778C917F7BF3A8FE82E1EABA31EB.e.12951","ELEMENT":"f.A224BA6FA6224D464A8F44AD5BF2EA9F.d.EBAB778C917F7BF3A8FE82E1EABA31EB.e.12951"}]}
COMMAND: GET /session/25c011aa293abf97c7913f308519c6b0/screenshot - {}
RESULT: {}
RESULT: {"script":"<script> [56 bytes]","args":[{"element-6066-11e4-a52e-4f735466cecf":"f.A224BA6FA6224D464A8F44AD5BF2EA9F.d.EBAB778C917F7BF3A8FE82E1EABA31EB.e.12951","ELEMENT":"f.A224BA6FA6224D464A8F44AD5BF2EA9F.d.EBAB778C917F7BF3A8FE82E1EABA31EB.e.12951"}]}
COMMAND: POST /session/25c011aa293abf97c7913f308519c6b0/execute/sync - {"script":"<script> [56 bytes]","args":[{"element-6066-11e4-a52e-4f735466cecf":"f.A224BA6FA6224D464A8F44AD5BF2EA9F.d.EBAB778C917F7BF3A8FE82E1EABA31EB.e.12951","ELEMENT":"f.A224BA6FA6224D464A8F44AD5BF2EA9F.d.EBAB778C917F7BF3A8FE82E1EABA31EB.e.12951"}]}
COMMAND: GET /session/25c011aa293abf97c7913f308519c6b0/screenshot - {}
RESULT: {}
RESULT: {"script":"<script> [56 bytes]","args":[{"element-6066-11e4-a52e-4f735466cecf":"f.A224BA6FA6224D464A8F44AD5BF2EA9F.d.EBAB778C917F7BF3A8FE82E1EABA31EB.e.12951","ELEMENT":"f.A224BA6FA6224D464A8F44AD5BF2EA9F.d.EBAB778C917F7BF3A8FE82E1EABA31EB.e.12951"}]}
COMMAND: POST /session/25c011aa293abf97c7913f308519c6b0/execute/sync - {"script":"<script> [56 bytes]","args":[{"element-6066-11e4-a52e-4f735466cecf":"f.A224BA6FA6224D464A8F44AD5BF2EA9F.d.EBAB778C917F7BF3A8FE82E1EABA31EB.e.12951","ELEMENT":"f.A224BA6FA6224D464A8F44AD5BF2EA9F.d.EBAB778C917F7BF3A8FE82E1EABA31EB.e.12951"}]}
COMMAND: GET /session/25c011aa293abf97c7913f308519c6b0/screenshot - {}
RESULT: {}
RESULT: {"script":"<script> [56 bytes]","args":[{"element-6066-11e4-a52e-4f735466cecf":"f.A224BA6FA6224D464A8F44AD5BF2EA9F.d.EBAB778C917F7BF3A8FE82E1EABA31EB.e.12951","ELEMENT":"f.A224BA6FA6224D464A8F44AD5BF2EA9F.d.EBAB778C917F7BF3A8FE82E1EABA31EB.e.12951"}]}
COMMAND: POST /session/25c011aa293abf97c7913f308519c6b0/execute/sync - {"script":"<script> [56 bytes]","args":[{"element-6066-11e4-a52e-4f735466cecf":"f.A224BA6FA6224D464A8F44AD5BF2EA9F.d.EBAB778C917F7BF3A8FE82E1EABA31EB.e.12951","ELEMENT":"f.A224BA6FA6224D464A8F44AD5BF2EA9F.d.EBAB778C917F7BF3A8FE82E1EABA31EB.e.12951"}]}
COMMAND: GET /session/25c011aa293abf97c7913f308519c6b0/screenshot - {}
RESULT: {}
RESULT: {"script":"<script> [56 bytes]","args":[{"element-6066-11e4-a52e-4f735466cecf":"f.A224BA6FA6224D464A8F44AD5BF2EA9F.d.EBAB778C917F7BF3A8FE82E1EABA31EB.e.12951","ELEMENT":"f.A224BA6FA6224D464A8F44AD5BF2EA9F.d.EBAB778C917F7BF3A8FE82E1EABA31EB.e.12951"}]}
COMMAND: GET /session/25c011aa293abf97c7913f308519c6b0/screenshot - {}
COMMAND: POST /session/25c011aa293abf97c7913f308519c6b0/execute/sync - {"script":"<script> [56 bytes]","args":[{"element-6066-11e4-a52e-4f735466cecf":"f.A224BA6FA6224D464A8F44AD5BF2EA9F.d.EBAB778C917F7BF3A8FE82E1EABA31EB.e.12951","ELEMENT":"f.A224BA6FA6224D464A8F44AD5BF2EA9F.d.EBAB778C917F7BF3A8FE82E1EABA31EB.e.12951"}]}
RESULT: {}
RESULT: {"script":"<script> [56 bytes]","args":[{"element-6066-11e4-a52e-4f735466cecf":"f.A224BA6FA6224D464A8F44AD5BF2EA9F.d.EBAB778C917F7BF3A8FE82E1EABA31EB.e.12951","ELEMENT":"f.A224BA6FA6224D464A8F44AD5BF2EA9F.d.EBAB778C917F7BF3A8FE82E1EABA31EB.e.12951"}]}
COMMAND: POST /session/25c011aa293abf97c7913f308519c6b0/execute/sync - {"script":"<script> [56 bytes]","args":[{"element-6066-11e4-a52e-4f735466cecf":"f.A224BA6FA6224D464A8F44AD5BF2EA9F.d.EBAB778C917F7BF3A8FE82E1EABA31EB.e.12951","ELEMENT":"f.A224BA6FA6224D464A8F44AD5BF2EA9F.d.EBAB778C917F7BF3A8FE82E1EABA31EB.e.12951"}]}
COMMAND: GET /session/25c011aa293abf97c7913f308519c6b0/screenshot - {}
RESULT: {}
RESULT: {"script":"<script> [56 bytes]","args":[{"element-6066-11e4-a52e-4f735466cecf":"f.A224BA6FA6224D464A8F44AD5BF2EA9F.d.EBAB778C917F7BF3A8FE82E1EABA31EB.e.12951","ELEMENT":"f.A224BA6FA6224D464A8F44AD5BF2EA9F.d.EBAB778C917F7BF3A8FE82E1EABA31EB.e.12951"}]}
]]></system-out>
    </testcase>
    <testcase classname="chrome.137_0_7151_69.windows.Create_master_data_for_mixed_billing_&amp;_do_billing_calculation_US151661" name="Should do a provide to site handover" time="66.746">
      <system-out><![CDATA[
COMMAND: POST /session/25c011aa293abf97c7913f308519c6b0/element - {"using":"xpath","value":"//button[@data-kt=\"provideButton\"]"}
COMMAND: GET /session/25c011aa293abf97c7913f308519c6b0/screenshot - {}
RESULT: {}
RESULT: {"using":"xpath","value":"//button[@data-kt=\"provideButton\"]"}
COMMAND: POST /session/25c011aa293abf97c7913f308519c6b0/element/f.A224BA6FA6224D464A8F44AD5BF2EA9F.d.EBAB778C917F7BF3A8FE82E1EABA31EB.e.12957/click - {}
RESULT: {}
RESULT: {}
COMMAND: GET /session/25c011aa293abf97c7913f308519c6b0/screenshot - {}
RESULT: {}
RESULT: undefined
COMMAND: POST /session/25c011aa293abf97c7913f308519c6b0/execute/async - {"script":"<script> [6424 bytes]","args":[{"element-6066-11e4-a52e-4f735466cecf":"f.A224BA6FA6224D464A8F44AD5BF2EA9F.d.EBAB778C917F7BF3A8FE82E1EABA31EB.e.11934"},"setValue",["6/13/25"]]}
COMMAND: POST /session/25c011aa293abf97c7913f308519c6b0/execute/async - {"script":"<script> [1562 bytes]","args":[{"selector":{"id":"application-managehandovers-display-component---AddNewHO--dueDate","interaction":{"idSuffix":"inner"}},"wdio_ui5_key":"applicationmanagehandovers-display-component---AddNewHO--dueDate"}]}
RESULT: {"script":"<script> [1562 bytes]","args":[{"selector":{"id":"application-managehandovers-display-component---AddNewHO--dueDate","interaction":{"idSuffix":"inner"}},"wdio_ui5_key":"applicationmanagehandovers-display-component---AddNewHO--dueDate"}]}
COMMAND: POST /session/25c011aa293abf97c7913f308519c6b0/execute/async - {"script":"<script> [6424 bytes]","args":[{"element-6066-11e4-a52e-4f735466cecf":"f.A224BA6FA6224D464A8F44AD5BF2EA9F.d.EBAB778C917F7BF3A8FE82E1EABA31EB.e.13014"},"setValue",["6/13/25"]]}
RESULT: {"script":"<script> [6424 bytes]","args":[{"element-6066-11e4-a52e-4f735466cecf":"f.A224BA6FA6224D464A8F44AD5BF2EA9F.d.EBAB778C917F7BF3A8FE82E1EABA31EB.e.13014"},"setValue",["6/13/25"]]}
COMMAND: POST /session/25c011aa293abf97c7913f308519c6b0/element - {"using":"xpath","value":"//bdi[contains(text(), \"Instructions\")]"}
RESULT: {"using":"xpath","value":"//bdi[contains(text(), \"Instructions\")]"}
COMMAND: POST /session/25c011aa293abf97c7913f308519c6b0/element/f.A224BA6FA6224D464A8F44AD5BF2EA9F.d.EBAB778C917F7BF3A8FE82E1EABA31EB.e.13264/click - {}
RESULT: {}
COMMAND: GET /session/25c011aa293abf97c7913f308519c6b0/screenshot - {}
RESULT: {}
COMMAND: POST /session/25c011aa293abf97c7913f308519c6b0/element - {"using":"xpath","value":"//button[@data-kt=\"AddNewHOProvideAddItemsButton\"]"}
RESULT: {"using":"xpath","value":"//button[@data-kt=\"AddNewHOProvideAddItemsButton\"]"}
COMMAND: POST /session/25c011aa293abf97c7913f308519c6b0/element/f.A224BA6FA6224D464A8F44AD5BF2EA9F.d.EBAB778C917F7BF3A8FE82E1EABA31EB.e.13268/click - {}
RESULT: {}
COMMAND: GET /session/25c011aa293abf97c7913f308519c6b0/screenshot - {}
RESULT: {}
RESULT: undefined
COMMAND: POST /session/25c011aa293abf97c7913f308519c6b0/element - {"using":"xpath","value":"//*[@id=\"application-managehandovers-display-component---AddNewHO--popup-sa\"]"}
RESULT: {"using":"xpath","value":"//*[@id=\"application-managehandovers-display-component---AddNewHO--popup-sa\"]"}
COMMAND: POST /session/25c011aa293abf97c7913f308519c6b0/element/f.A224BA6FA6224D464A8F44AD5BF2EA9F.d.EBAB778C917F7BF3A8FE82E1EABA31EB.e.13277/click - {}
RESULT: {}
COMMAND: GET /session/25c011aa293abf97c7913f308519c6b0/screenshot - {}
RESULT: {}
COMMAND: POST /session/25c011aa293abf97c7913f308519c6b0/element - {"using":"xpath","value":"//*[contains(@id ,\"BDI-content\")][contains(text(), \"Select\")]"}
RESULT: {"using":"xpath","value":"//*[contains(@id ,\"BDI-content\")][contains(text(), \"Select\")]"}
COMMAND: POST /session/25c011aa293abf97c7913f308519c6b0/element/f.A224BA6FA6224D464A8F44AD5BF2EA9F.d.EBAB778C917F7BF3A8FE82E1EABA31EB.e.13279/click - {}
RESULT: {}
COMMAND: GET /session/25c011aa293abf97c7913f308519c6b0/screenshot - {}
RESULT: {}
COMMAND: POST /session/25c011aa293abf97c7913f308519c6b0/execute/async - {"script":"<script> [1562 bytes]","args":[{"selector":{"id":"application-managehandovers-display-component---AddNewHO--confirmCreationButton","interaction":{"idSuffix":"BDI-content"}},"wdio_ui5_key":"applicationmanagehandovers-display-component---AddNewHO--confirmCreationButton"}]}
RESULT: {"script":"<script> [1562 bytes]","args":[{"selector":{"id":"application-managehandovers-display-component---AddNewHO--confirmCreationButton","interaction":{"idSuffix":"BDI-content"}},"wdio_ui5_key":"applicationmanagehandovers-display-component---AddNewHO--confirmCreationButton"}]}
RESULT: undefined
COMMAND: POST /session/25c011aa293abf97c7913f308519c6b0/element - {"using":"xpath","value":"//*[@id=\"application-managehandovers-display-component---AddNewHO--confirmCreationButton\"]"}
RESULT: {"using":"xpath","value":"//*[@id=\"application-managehandovers-display-component---AddNewHO--confirmCreationButton\"]"}
COMMAND: POST /session/25c011aa293abf97c7913f308519c6b0/element/f.A224BA6FA6224D464A8F44AD5BF2EA9F.d.EBAB778C917F7BF3A8FE82E1EABA31EB.e.13094/click - {}
RESULT: {}
COMMAND: GET /session/25c011aa293abf97c7913f308519c6b0/screenshot - {}
RESULT: {}
COMMAND: POST /session/25c011aa293abf97c7913f308519c6b0/execute/async - {"script":"<script> [1562 bytes]","args":[{"selector":{"id":"issueDatePicker","viewName":"etm.portal.ui.managehandovers.view.DetailExecuteHO","interaction":{"idSuffix":"inner"}},"wdio_ui5_key":"issueDatePickeretmportal.ui.managehandovers.view.DetailExecuteHO"}]}
RESULT: {"script":"<script> [1562 bytes]","args":[{"selector":{"id":"issueDatePicker","viewName":"etm.portal.ui.managehandovers.view.DetailExecuteHO","interaction":{"idSuffix":"inner"}},"wdio_ui5_key":"issueDatePickeretmportal.ui.managehandovers.view.DetailExecuteHO"}]}
RESULT: undefined
COMMAND: POST /session/25c011aa293abf97c7913f308519c6b0/execute/async - {"script":"<script> [776 bytes]","args":[{"enterText":"6/13/25","selector":{"id":"issueDatePicker","viewName":"etm.portal.ui.managehandovers.view.DetailExecuteHO","interaction":{"idSuffix":"inner"}},"clearTextFirst":true,"interactionType":"ENTER_TEXT"}]}
RESULT: {"script":"<script> [776 bytes]","args":[{"enterText":"6/13/25","selector":{"id":"issueDatePicker","viewName":"etm.portal.ui.managehandovers.view.DetailExecuteHO","interaction":{"idSuffix":"inner"}},"clearTextFirst":true,"interactionType":"ENTER_TEXT"}]}
COMMAND: POST /session/25c011aa293abf97c7913f308519c6b0/element - {"using":"xpath","value":"//button[@data-kt=\"PickingTableConfirmAllButton\"]"}
RESULT: {"using":"xpath","value":"//button[@data-kt=\"PickingTableConfirmAllButton\"]"}
COMMAND: POST /session/25c011aa293abf97c7913f308519c6b0/element/f.A224BA6FA6224D464A8F44AD5BF2EA9F.d.EBAB778C917F7BF3A8FE82E1EABA31EB.e.13341/click - {}
RESULT: {}
COMMAND: GET /session/25c011aa293abf97c7913f308519c6b0/screenshot - {}
RESULT: {}
COMMAND: POST /session/25c011aa293abf97c7913f308519c6b0/element - {"using":"xpath","value":"//bdi[contains(text(), \"OK\")]"}
RESULT: {"using":"xpath","value":"//bdi[contains(text(), \"OK\")]"}
COMMAND: POST /session/25c011aa293abf97c7913f308519c6b0/element/f.A224BA6FA6224D464A8F44AD5BF2EA9F.d.EBAB778C917F7BF3A8FE82E1EABA31EB.e.13344/click - {}
RESULT: {}
COMMAND: GET /session/25c011aa293abf97c7913f308519c6b0/screenshot - {}
RESULT: {}
COMMAND: POST /session/25c011aa293abf97c7913f308519c6b0/element - {"using":"xpath","value":"//bdi[contains(text(), \"Issue\")]"}
RESULT: {"using":"xpath","value":"//bdi[contains(text(), \"Issue\")]"}
COMMAND: POST /session/25c011aa293abf97c7913f308519c6b0/element/f.A224BA6FA6224D464A8F44AD5BF2EA9F.d.EBAB778C917F7BF3A8FE82E1EABA31EB.e.13346/click - {}
RESULT: {}
COMMAND: GET /session/25c011aa293abf97c7913f308519c6b0/screenshot - {}
RESULT: {}
COMMAND: POST /session/25c011aa293abf97c7913f308519c6b0/element - {"using":"css selector","value":"#shell-header-logo"}
RESULT: {"using":"css selector","value":"#shell-header-logo"}
COMMAND: POST /session/25c011aa293abf97c7913f308519c6b0/element/f.A224BA6FA6224D464A8F44AD5BF2EA9F.d.EBAB778C917F7BF3A8FE82E1EABA31EB.e.12341/click - {}
RESULT: {}
COMMAND: GET /session/25c011aa293abf97c7913f308519c6b0/screenshot - {}
RESULT: {}
]]></system-out>
    </testcase>
    <testcase classname="chrome.137_0_7151_69.windows.Create_master_data_for_mixed_billing_&amp;_do_billing_calculation_US151661" name="Should create a few performance documents" time="97.875">
      <system-out><![CDATA[
COMMAND: POST /session/25c011aa293abf97c7913f308519c6b0/execute/async - {"script":"<script> [1562 bytes]","args":[{"selector":{"controlType":"sap.m.GenericTile","properties":{"header":"Manage States & Performance"}},"wdio_ui5_key":"sapm.GenericTile{\"header\":\"Manage States & Performance\"}"}]}
RESULT: {"script":"<script> [1562 bytes]","args":[{"selector":{"controlType":"sap.m.GenericTile","properties":{"header":"Manage States & Performance"}},"wdio_ui5_key":"sapm.GenericTile{\"header\":\"Manage States & Performance\"}"}]}
RESULT: undefined
COMMAND: POST /session/25c011aa293abf97c7913f308519c6b0/element - {"using":"xpath","value":"//*[@id=\"__tile58\"]"}
RESULT: {"using":"xpath","value":"//*[@id=\"__tile58\"]"}
COMMAND: POST /session/25c011aa293abf97c7913f308519c6b0/element/f.A224BA6FA6224D464A8F44AD5BF2EA9F.d.EBAB778C917F7BF3A8FE82E1EABA31EB.e.6638/click - {}
RESULT: {}
COMMAND: GET /session/25c011aa293abf97c7913f308519c6b0/screenshot - {}
RESULT: {}
COMMAND: POST /session/25c011aa293abf97c7913f308519c6b0/elements - {"using":"xpath","value":"//span[text()='Error']"}
RESULT: {"using":"xpath","value":"//span[text()='Error']"}
COMMAND: POST /session/25c011aa293abf97c7913f308519c6b0/execute/async - {"script":"<script> [1562 bytes]","args":[{"selector":{"id":"application-managestatesandperformance-display-component---stateAndPerform--smartFilterBarResources-btnBasicSearch","interaction":{"idSuffix":"I"}},"wdio_ui5_key":"applicationmanagestatesandperformance-display-component---stateAndPerform--smartFilterBarResources-btnBasicSearch"}]}
RESULT: {"script":"<script> [1562 bytes]","args":[{"selector":{"id":"application-managestatesandperformance-display-component---stateAndPerform--smartFilterBarResources-btnBasicSearch","interaction":{"idSuffix":"I"}},"wdio_ui5_key":"applicationmanagestatesandperformance-display-component---stateAndPerform--smartFilterBarResources-btnBasicSearch"}]}
RESULT: undefined
COMMAND: POST /session/25c011aa293abf97c7913f308519c6b0/execute/async - {"script":"<script> [776 bytes]","args":[{"enterText":"cuzaIkHC59","selector":{"id":"application-managestatesandperformance-display-component---stateAndPerform--smartFilterBarResources-btnBasicSearch","interaction":{"idSuffix":"I"}},"clearTextFirst":true,"interactionType":"ENTER_TEXT"}]}
RESULT: {"script":"<script> [776 bytes]","args":[{"enterText":"cuzaIkHC59","selector":{"id":"application-managestatesandperformance-display-component---stateAndPerform--smartFilterBarResources-btnBasicSearch","interaction":{"idSuffix":"I"}},"clearTextFirst":true,"interactionType":"ENTER_TEXT"}]}
COMMAND: POST /session/25c011aa293abf97c7913f308519c6b0/actions - {"actions":[{"id":"action48","type":"key","parameters":{},"actions":[{"type":"keyDown","value":""},{"type":"pause","duration":10},{"type":"keyUp","value":""}]}]}
RESULT: {"actions":[{"id":"action48","type":"key","parameters":{},"actions":[{"type":"keyDown","value":""},{"type":"pause","duration":10},{"type":"keyUp","value":""}]}]}
COMMAND: GET /session/25c011aa293abf97c7913f308519c6b0/screenshot - {}
RESULT: {}
COMMAND: POST /session/25c011aa293abf97c7913f308519c6b0/execute/async - {"script":"<script> [1562 bytes]","args":[{"selector":{"id":"application-managestatesandperformance-display-component---stateAndPerform--stateAndPerformResourcesSmartTable-header"},"wdio_ui5_key":"applicationmanagestatesandperformance-display-component---stateAndPerform--stateAndPerformResourcesSmartTable-header"}]}
RESULT: {"script":"<script> [1562 bytes]","args":[{"selector":{"id":"application-managestatesandperformance-display-component---stateAndPerform--stateAndPerformResourcesSmartTable-header"},"wdio_ui5_key":"applicationmanagestatesandperformance-display-component---stateAndPerform--stateAndPerformResourcesSmartTable-header"}]}
RESULT: undefined
COMMAND: POST /session/25c011aa293abf97c7913f308519c6b0/execute/async - {"script":"<script> [6424 bytes]","args":[{"element-6066-11e4-a52e-4f735466cecf":"f.A224BA6FA6224D464A8F44AD5BF2EA9F.d.EBAB778C917F7BF3A8FE82E1EABA31EB.e.13738"},"getText",[]]}
RESULT: {"script":"<script> [6424 bytes]","args":[{"element-6066-11e4-a52e-4f735466cecf":"f.A224BA6FA6224D464A8F44AD5BF2EA9F.d.EBAB778C917F7BF3A8FE82E1EABA31EB.e.13738"},"getText",[]]}
COMMAND: POST /session/25c011aa293abf97c7913f308519c6b0/execute/async - {"script":"<script> [1562 bytes]","args":[{"selector":{"controlType":"sap.ui.core.Icon","viewName":"etm.portal.ui.managestatesandperformance.view.Master","viewId":"application-managestatesandperformance-display-component---stateAndPerform","properties":{"src":{"regex":{"source":"slim\\-arrow\\-right"}}}},"wdio_ui5_key":"etmportal.ui.managestatesandperformance.view.Mastersap.ui.core.Icon{\"src\":{\"regex\":{\"source\":\"slim\\\\-arrow\\\\-right\"}}}"}]}
RESULT: {"script":"<script> [1562 bytes]","args":[{"selector":{"controlType":"sap.ui.core.Icon","viewName":"etm.portal.ui.managestatesandperformance.view.Master","viewId":"application-managestatesandperformance-display-component---stateAndPerform","properties":{"src":{"regex":{"source":"slim\\-arrow\\-right"}}}},"wdio_ui5_key":"etmportal.ui.managestatesandperformance.view.Mastersap.ui.core.Icon{\"src\":{\"regex\":{\"source\":\"slim\\\\-arrow\\\\-right\"}}}"}]}
RESULT: undefined
COMMAND: POST /session/25c011aa293abf97c7913f308519c6b0/element - {"using":"xpath","value":"//*[@id=\"__item3420-__clone12866-imgNav\"]"}
RESULT: {"using":"xpath","value":"//*[@id=\"__item3420-__clone12866-imgNav\"]"}
COMMAND: POST /session/25c011aa293abf97c7913f308519c6b0/element/f.A224BA6FA6224D464A8F44AD5BF2EA9F.d.EBAB778C917F7BF3A8FE82E1EABA31EB.e.13737/click - {}
RESULT: {}
COMMAND: GET /session/25c011aa293abf97c7913f308519c6b0/screenshot - {}
RESULT: {}
COMMAND: POST /session/25c011aa293abf97c7913f308519c6b0/execute/async - {"script":"<script> [1562 bytes]","args":[{"selector":{"controlType":"sap.m.Button","viewName":"etm.portal.ui.managestatesandperformance.view.Detail","viewId":"application-managestatesandperformance-display-component---detailStateAndPerform","properties":{"text":"Performance Documents"}},"wdio_ui5_key":"etmportal.ui.managestatesandperformance.view.Detailsap.m.Button{\"text\":\"Performance Documents\"}"}]}
RESULT: {"script":"<script> [1562 bytes]","args":[{"selector":{"controlType":"sap.m.Button","viewName":"etm.portal.ui.managestatesandperformance.view.Detail","viewId":"application-managestatesandperformance-display-component---detailStateAndPerform","properties":{"text":"Performance Documents"}},"wdio_ui5_key":"etmportal.ui.managestatesandperformance.view.Detailsap.m.Button{\"text\":\"Performance Documents\"}"}]}
RESULT: undefined
COMMAND: POST /session/25c011aa293abf97c7913f308519c6b0/element - {"using":"xpath","value":"//*[@id=\"__item3443-button\"]"}
RESULT: {"using":"xpath","value":"//*[@id=\"__item3443-button\"]"}
COMMAND: POST /session/25c011aa293abf97c7913f308519c6b0/element/f.A224BA6FA6224D464A8F44AD5BF2EA9F.d.EBAB778C917F7BF3A8FE82E1EABA31EB.e.13784/click - {}
RESULT: {}
COMMAND: POST /session/25c011aa293abf97c7913f308519c6b0/execute/async - {"script":"<script> [1562 bytes]","args":[{"selector":{"controlType":"sap.m.Button","viewName":"etm.portal.ui.managestatesandperformance.view.Detail","viewId":"application-managestatesandperformance-display-component---detailStateAndPerform","i18NText":{"propertyName":"text","key":"createPerformanceDoc"},"interaction":{"idSuffix":"BDI-content"}},"wdio_ui5_key":"etmportal.ui.managestatesandperformance.view.Detailsap.m.Button{\"propertyName\":\"text\",\"key\":\"createPerformanceDoc\"}"}]}
COMMAND: GET /session/25c011aa293abf97c7913f308519c6b0/screenshot - {}
RESULT: {"script":"<script> [1562 bytes]","args":[{"selector":{"controlType":"sap.m.Button","viewName":"etm.portal.ui.managestatesandperformance.view.Detail","viewId":"application-managestatesandperformance-display-component---detailStateAndPerform","i18NText":{"propertyName":"text","key":"createPerformanceDoc"},"interaction":{"idSuffix":"BDI-content"}},"wdio_ui5_key":"etmportal.ui.managestatesandperformance.view.Detailsap.m.Button{\"propertyName\":\"text\",\"key\":\"createPerformanceDoc\"}"}]}
RESULT: undefined
COMMAND: POST /session/25c011aa293abf97c7913f308519c6b0/element - {"using":"xpath","value":"//*[@id=\"__button569\"]"}
RESULT: {}
RESULT: {"using":"xpath","value":"//*[@id=\"__button569\"]"}
COMMAND: POST /session/25c011aa293abf97c7913f308519c6b0/element/f.A224BA6FA6224D464A8F44AD5BF2EA9F.d.EBAB778C917F7BF3A8FE82E1EABA31EB.e.13788/click - {}
RESULT: {}
COMMAND: POST /session/25c011aa293abf97c7913f308519c6b0/execute/async - {"script":"<script> [1562 bytes]","args":[{"selector":{"id":"application-managestatesandperformance-display-component---detailStateAndPerform--perfDocDatePicker","searchOpenDialogs":true,"interaction":{"idSuffix":"inner"}},"wdio_ui5_key":"applicationmanagestatesandperformance-display-component---detailStateAndPerform--perfDocDatePicker"}]}
COMMAND: GET /session/25c011aa293abf97c7913f308519c6b0/screenshot - {}
RESULT: {"script":"<script> [1562 bytes]","args":[{"selector":{"id":"application-managestatesandperformance-display-component---detailStateAndPerform--perfDocDatePicker","searchOpenDialogs":true,"interaction":{"idSuffix":"inner"}},"wdio_ui5_key":"applicationmanagestatesandperformance-display-component---detailStateAndPerform--perfDocDatePicker"}]}
RESULT: undefined
COMMAND: POST /session/25c011aa293abf97c7913f308519c6b0/execute/async - {"script":"<script> [776 bytes]","args":[{"enterText":"6/15/25","selector":{"id":"application-managestatesandperformance-display-component---detailStateAndPerform--perfDocDatePicker","searchOpenDialogs":true,"interaction":{"idSuffix":"inner"}},"clearTextFirst":true,"interactionType":"ENTER_TEXT"}]}
RESULT: {}
RESULT: {"script":"<script> [776 bytes]","args":[{"enterText":"6/15/25","selector":{"id":"application-managestatesandperformance-display-component---detailStateAndPerform--perfDocDatePicker","searchOpenDialogs":true,"interaction":{"idSuffix":"inner"}},"clearTextFirst":true,"interactionType":"ENTER_TEXT"}]}
COMMAND: POST /session/25c011aa293abf97c7913f308519c6b0/execute/async - {"script":"<script> [1562 bytes]","args":[{"selector":{"id":"application-managestatesandperformance-display-component---detailStateAndPerform--counterValue-input","searchOpenDialogs":true,"interaction":{"idSuffix":"inner"}},"wdio_ui5_key":"applicationmanagestatesandperformance-display-component---detailStateAndPerform--counterValue-input"}]}
RESULT: {"script":"<script> [1562 bytes]","args":[{"selector":{"id":"application-managestatesandperformance-display-component---detailStateAndPerform--counterValue-input","searchOpenDialogs":true,"interaction":{"idSuffix":"inner"}},"wdio_ui5_key":"applicationmanagestatesandperformance-display-component---detailStateAndPerform--counterValue-input"}]}
RESULT: undefined
COMMAND: POST /session/25c011aa293abf97c7913f308519c6b0/execute/async - {"script":"<script> [776 bytes]","args":[{"enterText":"15.00","selector":{"id":"application-managestatesandperformance-display-component---detailStateAndPerform--counterValue-input","searchOpenDialogs":true,"interaction":{"idSuffix":"inner"}},"clearTextFirst":true,"interactionType":"ENTER_TEXT"}]}
RESULT: {"script":"<script> [776 bytes]","args":[{"enterText":"15.00","selector":{"id":"application-managestatesandperformance-display-component---detailStateAndPerform--counterValue-input","searchOpenDialogs":true,"interaction":{"idSuffix":"inner"}},"clearTextFirst":true,"interactionType":"ENTER_TEXT"}]}
COMMAND: POST /session/25c011aa293abf97c7913f308519c6b0/execute/async - {"script":"<script> [1562 bytes]","args":[{"selector":{"controlType":"sap.m.Button","viewName":"etm.portal.ui.managestatesandperformance.view.Detail","viewId":"application-managestatesandperformance-display-component---detailStateAndPerform","bindingPath":{"path":"","propertyPath":"/allowAddEdit","modelName":"oScreenModel"},"searchOpenDialogs":true,"interaction":{"idSuffix":"BDI-content"}},"wdio_ui5_key":"etmportal.ui.managestatesandperformance.view.Detailsap.m.Button{\"path\":\"\",\"propertyPath\":\"/allowAddEdit\",\"modelName\":\"oScreenModel\"}"}]}
RESULT: {"script":"<script> [1562 bytes]","args":[{"selector":{"controlType":"sap.m.Button","viewName":"etm.portal.ui.managestatesandperformance.view.Detail","viewId":"application-managestatesandperformance-display-component---detailStateAndPerform","bindingPath":{"path":"","propertyPath":"/allowAddEdit","modelName":"oScreenModel"},"searchOpenDialogs":true,"interaction":{"idSuffix":"BDI-content"}},"wdio_ui5_key":"etmportal.ui.managestatesandperformance.view.Detailsap.m.Button{\"path\":\"\",\"propertyPath\":\"/allowAddEdit\",\"modelName\":\"oScreenModel\"}"}]}
RESULT: undefined
COMMAND: POST /session/25c011aa293abf97c7913f308519c6b0/element - {"using":"xpath","value":"//*[@id=\"__button576\"]"}
RESULT: {"using":"xpath","value":"//*[@id=\"__button576\"]"}
COMMAND: POST /session/25c011aa293abf97c7913f308519c6b0/element/f.A224BA6FA6224D464A8F44AD5BF2EA9F.d.EBAB778C917F7BF3A8FE82E1EABA31EB.e.13803/click - {}
RESULT: {}
RESULT: undefined
COMMAND: POST /session/25c011aa293abf97c7913f308519c6b0/element - {"using":"xpath","value":"//*[@id=\"__button569\"]"}
COMMAND: GET /session/25c011aa293abf97c7913f308519c6b0/screenshot - {}
RESULT: {"using":"xpath","value":"//*[@id=\"__button569\"]"}
COMMAND: POST /session/25c011aa293abf97c7913f308519c6b0/element/f.A224BA6FA6224D464A8F44AD5BF2EA9F.d.EBAB778C917F7BF3A8FE82E1EABA31EB.e.13788/click - {}
RESULT: {}
RESULT: {}
RESULT: undefined
COMMAND: POST /session/25c011aa293abf97c7913f308519c6b0/execute/async - {"script":"<script> [776 bytes]","args":[{"enterText":"6/19/25","selector":{"id":"application-managestatesandperformance-display-component---detailStateAndPerform--perfDocDatePicker","searchOpenDialogs":true,"interaction":{"idSuffix":"inner"}},"clearTextFirst":true,"interactionType":"ENTER_TEXT"}]}
COMMAND: GET /session/25c011aa293abf97c7913f308519c6b0/screenshot - {}
RESULT: {"script":"<script> [776 bytes]","args":[{"enterText":"6/19/25","selector":{"id":"application-managestatesandperformance-display-component---detailStateAndPerform--perfDocDatePicker","searchOpenDialogs":true,"interaction":{"idSuffix":"inner"}},"clearTextFirst":true,"interactionType":"ENTER_TEXT"}]}
RESULT: undefined
COMMAND: POST /session/25c011aa293abf97c7913f308519c6b0/execute/async - {"script":"<script> [776 bytes]","args":[{"enterText":"20.00","selector":{"id":"application-managestatesandperformance-display-component---detailStateAndPerform--counterValue-input","searchOpenDialogs":true,"interaction":{"idSuffix":"inner"}},"clearTextFirst":true,"interactionType":"ENTER_TEXT"}]}
RESULT: {}
RESULT: {"script":"<script> [776 bytes]","args":[{"enterText":"20.00","selector":{"id":"application-managestatesandperformance-display-component---detailStateAndPerform--counterValue-input","searchOpenDialogs":true,"interaction":{"idSuffix":"inner"}},"clearTextFirst":true,"interactionType":"ENTER_TEXT"}]}
COMMAND: POST /session/25c011aa293abf97c7913f308519c6b0/actions - {"actions":[{"id":"action49","type":"key","parameters":{},"actions":[{"type":"keyDown","value":""},{"type":"keyDown","value":""},{"type":"pause","duration":10},{"type":"keyUp","value":""},{"type":"keyUp","value":""}]}]}
RESULT: {"actions":[{"id":"action49","type":"key","parameters":{},"actions":[{"type":"keyDown","value":""},{"type":"keyDown","value":""},{"type":"pause","duration":10},{"type":"keyUp","value":""},{"type":"keyUp","value":""}]}]}
COMMAND: POST /session/25c011aa293abf97c7913f308519c6b0/actions - {"actions":[{"id":"action50","type":"key","parameters":{},"actions":[{"type":"keyDown","value":""},{"type":"pause","duration":10},{"type":"keyUp","value":""}]}]}
COMMAND: GET /session/25c011aa293abf97c7913f308519c6b0/screenshot - {}
RESULT: {"actions":[{"id":"action50","type":"key","parameters":{},"actions":[{"type":"keyDown","value":""},{"type":"pause","duration":10},{"type":"keyUp","value":""}]}]}
RESULT: undefined
COMMAND: POST /session/25c011aa293abf97c7913f308519c6b0/element - {"using":"xpath","value":"//*[@id=\"__button576\"]"}
COMMAND: GET /session/25c011aa293abf97c7913f308519c6b0/screenshot - {}
RESULT: {}
RESULT: {"using":"xpath","value":"//*[@id=\"__button576\"]"}
COMMAND: POST /session/25c011aa293abf97c7913f308519c6b0/elements - {"using":"xpath","value":"//*[@id=\"__button576\"]"}
RESULT: {}
RESULT: {"using":"xpath","value":"//*[@id=\"__button576\"]"}
COMMAND: POST /session/25c011aa293abf97c7913f308519c6b0/elements - {"using":"xpath","value":"//*[@id=\"__button576\"]"}
RESULT: {"using":"xpath","value":"//*[@id=\"__button576\"]"}
COMMAND: POST /session/25c011aa293abf97c7913f308519c6b0/elements - {"using":"xpath","value":"//*[@id=\"__button576\"]"}
RESULT: {"using":"xpath","value":"//*[@id=\"__button576\"]"}
COMMAND: POST /session/25c011aa293abf97c7913f308519c6b0/elements - {"using":"xpath","value":"//*[@id=\"__button576\"]"}
RESULT: {"using":"xpath","value":"//*[@id=\"__button576\"]"}
COMMAND: POST /session/25c011aa293abf97c7913f308519c6b0/elements - {"using":"xpath","value":"//*[@id=\"__button576\"]"}
RESULT: {"using":"xpath","value":"//*[@id=\"__button576\"]"}
COMMAND: POST /session/25c011aa293abf97c7913f308519c6b0/elements - {"using":"xpath","value":"//*[@id=\"__button576\"]"}
RESULT: {"using":"xpath","value":"//*[@id=\"__button576\"]"}
COMMAND: POST /session/25c011aa293abf97c7913f308519c6b0/elements - {"using":"xpath","value":"//*[@id=\"__button576\"]"}
RESULT: {"using":"xpath","value":"//*[@id=\"__button576\"]"}
COMMAND: POST /session/25c011aa293abf97c7913f308519c6b0/elements - {"using":"xpath","value":"//*[@id=\"__button576\"]"}
RESULT: {"using":"xpath","value":"//*[@id=\"__button576\"]"}
COMMAND: POST /session/25c011aa293abf97c7913f308519c6b0/elements - {"using":"xpath","value":"//*[@id=\"__button576\"]"}
RESULT: {"using":"xpath","value":"//*[@id=\"__button576\"]"}
COMMAND: POST /session/25c011aa293abf97c7913f308519c6b0/elements - {"using":"xpath","value":"//*[@id=\"__button576\"]"}
RESULT: {"using":"xpath","value":"//*[@id=\"__button576\"]"}
COMMAND: POST /session/25c011aa293abf97c7913f308519c6b0/elements - {"using":"xpath","value":"//*[@id=\"__button576\"]"}
RESULT: {"using":"xpath","value":"//*[@id=\"__button576\"]"}
COMMAND: POST /session/25c011aa293abf97c7913f308519c6b0/elements - {"using":"xpath","value":"//*[@id=\"__button576\"]"}
RESULT: {"using":"xpath","value":"//*[@id=\"__button576\"]"}
COMMAND: POST /session/25c011aa293abf97c7913f308519c6b0/elements - {"using":"xpath","value":"//*[@id=\"__button576\"]"}
RESULT: {"using":"xpath","value":"//*[@id=\"__button576\"]"}
COMMAND: POST /session/25c011aa293abf97c7913f308519c6b0/elements - {"using":"xpath","value":"//*[@id=\"__button576\"]"}
RESULT: {"using":"xpath","value":"//*[@id=\"__button576\"]"}
COMMAND: POST /session/25c011aa293abf97c7913f308519c6b0/elements - {"using":"xpath","value":"//*[@id=\"__button576\"]"}
RESULT: {"using":"xpath","value":"//*[@id=\"__button576\"]"}
COMMAND: POST /session/25c011aa293abf97c7913f308519c6b0/elements - {"using":"xpath","value":"//*[@id=\"__button576\"]"}
RESULT: {"using":"xpath","value":"//*[@id=\"__button576\"]"}
COMMAND: POST /session/25c011aa293abf97c7913f308519c6b0/elements - {"using":"xpath","value":"//*[@id=\"__button576\"]"}
RESULT: {"using":"xpath","value":"//*[@id=\"__button576\"]"}
COMMAND: POST /session/25c011aa293abf97c7913f308519c6b0/elements - {"using":"xpath","value":"//*[@id=\"__button576\"]"}
RESULT: {"using":"xpath","value":"//*[@id=\"__button576\"]"}
COMMAND: POST /session/25c011aa293abf97c7913f308519c6b0/elements - {"using":"xpath","value":"//*[@id=\"__button576\"]"}
RESULT: {"using":"xpath","value":"//*[@id=\"__button576\"]"}
COMMAND: POST /session/25c011aa293abf97c7913f308519c6b0/elements - {"using":"xpath","value":"//*[@id=\"__button576\"]"}
RESULT: {"using":"xpath","value":"//*[@id=\"__button576\"]"}
COMMAND: POST /session/25c011aa293abf97c7913f308519c6b0/elements - {"using":"xpath","value":"//*[@id=\"__button576\"]"}
RESULT: {"using":"xpath","value":"//*[@id=\"__button576\"]"}
COMMAND: POST /session/25c011aa293abf97c7913f308519c6b0/elements - {"using":"xpath","value":"//*[@id=\"__button576\"]"}
RESULT: {"using":"xpath","value":"//*[@id=\"__button576\"]"}
COMMAND: POST /session/25c011aa293abf97c7913f308519c6b0/elements - {"using":"xpath","value":"//*[@id=\"__button576\"]"}
RESULT: {"using":"xpath","value":"//*[@id=\"__button576\"]"}
COMMAND: POST /session/25c011aa293abf97c7913f308519c6b0/elements - {"using":"xpath","value":"//*[@id=\"__button576\"]"}
RESULT: {"using":"xpath","value":"//*[@id=\"__button576\"]"}
COMMAND: POST /session/25c011aa293abf97c7913f308519c6b0/elements - {"using":"xpath","value":"//*[@id=\"__button576\"]"}
RESULT: {"using":"xpath","value":"//*[@id=\"__button576\"]"}
COMMAND: POST /session/25c011aa293abf97c7913f308519c6b0/elements - {"using":"xpath","value":"//*[@id=\"__button576\"]"}
RESULT: {"using":"xpath","value":"//*[@id=\"__button576\"]"}
COMMAND: POST /session/25c011aa293abf97c7913f308519c6b0/elements - {"using":"xpath","value":"//*[@id=\"__button576\"]"}
RESULT: {"using":"xpath","value":"//*[@id=\"__button576\"]"}
COMMAND: POST /session/25c011aa293abf97c7913f308519c6b0/elements - {"using":"xpath","value":"//*[@id=\"__button576\"]"}
RESULT: {"using":"xpath","value":"//*[@id=\"__button576\"]"}
COMMAND: POST /session/25c011aa293abf97c7913f308519c6b0/elements - {"using":"xpath","value":"//*[@id=\"__button576\"]"}
RESULT: {"using":"xpath","value":"//*[@id=\"__button576\"]"}
COMMAND: POST /session/25c011aa293abf97c7913f308519c6b0/elements - {"using":"xpath","value":"//*[@id=\"__button576\"]"}
RESULT: {"using":"xpath","value":"//*[@id=\"__button576\"]"}
COMMAND: POST /session/25c011aa293abf97c7913f308519c6b0/elements - {"using":"xpath","value":"//*[@id=\"__button576\"]"}
RESULT: {"using":"xpath","value":"//*[@id=\"__button576\"]"}
COMMAND: POST /session/25c011aa293abf97c7913f308519c6b0/elements - {"using":"xpath","value":"//*[@id=\"__button576\"]"}
RESULT: {"using":"xpath","value":"//*[@id=\"__button576\"]"}
COMMAND: POST /session/25c011aa293abf97c7913f308519c6b0/elements - {"using":"xpath","value":"//*[@id=\"__button576\"]"}
RESULT: {"using":"xpath","value":"//*[@id=\"__button576\"]"}
COMMAND: POST /session/25c011aa293abf97c7913f308519c6b0/elements - {"using":"xpath","value":"//*[@id=\"__button576\"]"}
RESULT: {"using":"xpath","value":"//*[@id=\"__button576\"]"}
COMMAND: POST /session/25c011aa293abf97c7913f308519c6b0/elements - {"using":"xpath","value":"//*[@id=\"__button576\"]"}
RESULT: {"using":"xpath","value":"//*[@id=\"__button576\"]"}
COMMAND: POST /session/25c011aa293abf97c7913f308519c6b0/elements - {"using":"xpath","value":"//*[@id=\"__button576\"]"}
RESULT: {"using":"xpath","value":"//*[@id=\"__button576\"]"}
COMMAND: POST /session/25c011aa293abf97c7913f308519c6b0/elements - {"using":"xpath","value":"//*[@id=\"__button576\"]"}
RESULT: {"using":"xpath","value":"//*[@id=\"__button576\"]"}
COMMAND: POST /session/25c011aa293abf97c7913f308519c6b0/elements - {"using":"xpath","value":"//*[@id=\"__button576\"]"}
RESULT: {"using":"xpath","value":"//*[@id=\"__button576\"]"}
COMMAND: POST /session/25c011aa293abf97c7913f308519c6b0/elements - {"using":"xpath","value":"//*[@id=\"__button576\"]"}
RESULT: {"using":"xpath","value":"//*[@id=\"__button576\"]"}
COMMAND: POST /session/25c011aa293abf97c7913f308519c6b0/elements - {"using":"xpath","value":"//*[@id=\"__button576\"]"}
RESULT: {"using":"xpath","value":"//*[@id=\"__button576\"]"}
COMMAND: POST /session/25c011aa293abf97c7913f308519c6b0/elements - {"using":"xpath","value":"//*[@id=\"__button576\"]"}
RESULT: {"using":"xpath","value":"//*[@id=\"__button576\"]"}
COMMAND: POST /session/25c011aa293abf97c7913f308519c6b0/elements - {"using":"xpath","value":"//*[@id=\"__button576\"]"}
RESULT: {"using":"xpath","value":"//*[@id=\"__button576\"]"}
COMMAND: POST /session/25c011aa293abf97c7913f308519c6b0/elements - {"using":"xpath","value":"//*[@id=\"__button576\"]"}
RESULT: {"using":"xpath","value":"//*[@id=\"__button576\"]"}
COMMAND: POST /session/25c011aa293abf97c7913f308519c6b0/elements - {"using":"xpath","value":"//*[@id=\"__button576\"]"}
RESULT: {"using":"xpath","value":"//*[@id=\"__button576\"]"}
COMMAND: POST /session/25c011aa293abf97c7913f308519c6b0/elements - {"using":"xpath","value":"//*[@id=\"__button576\"]"}
RESULT: {"using":"xpath","value":"//*[@id=\"__button576\"]"}
COMMAND: POST /session/25c011aa293abf97c7913f308519c6b0/elements - {"using":"xpath","value":"//*[@id=\"__button576\"]"}
RESULT: {"using":"xpath","value":"//*[@id=\"__button576\"]"}
COMMAND: POST /session/25c011aa293abf97c7913f308519c6b0/elements - {"using":"xpath","value":"//*[@id=\"__button576\"]"}
RESULT: {"using":"xpath","value":"//*[@id=\"__button576\"]"}
COMMAND: POST /session/25c011aa293abf97c7913f308519c6b0/elements - {"using":"xpath","value":"//*[@id=\"__button576\"]"}
RESULT: {"using":"xpath","value":"//*[@id=\"__button576\"]"}
COMMAND: POST /session/25c011aa293abf97c7913f308519c6b0/elements - {"using":"xpath","value":"//*[@id=\"__button576\"]"}
RESULT: {"using":"xpath","value":"//*[@id=\"__button576\"]"}
COMMAND: POST /session/25c011aa293abf97c7913f308519c6b0/elements - {"using":"xpath","value":"//*[@id=\"__button576\"]"}
RESULT: {"using":"xpath","value":"//*[@id=\"__button576\"]"}
COMMAND: POST /session/25c011aa293abf97c7913f308519c6b0/elements - {"using":"xpath","value":"//*[@id=\"__button576\"]"}
RESULT: {"using":"xpath","value":"//*[@id=\"__button576\"]"}
COMMAND: POST /session/25c011aa293abf97c7913f308519c6b0/elements - {"using":"xpath","value":"//*[@id=\"__button576\"]"}
RESULT: {"using":"xpath","value":"//*[@id=\"__button576\"]"}
COMMAND: POST /session/25c011aa293abf97c7913f308519c6b0/elements - {"using":"xpath","value":"//*[@id=\"__button576\"]"}
RESULT: {"using":"xpath","value":"//*[@id=\"__button576\"]"}
COMMAND: POST /session/25c011aa293abf97c7913f308519c6b0/elements - {"using":"xpath","value":"//*[@id=\"__button576\"]"}
RESULT: {"using":"xpath","value":"//*[@id=\"__button576\"]"}
COMMAND: POST /session/25c011aa293abf97c7913f308519c6b0/elements - {"using":"xpath","value":"//*[@id=\"__button576\"]"}
RESULT: {"using":"xpath","value":"//*[@id=\"__button576\"]"}
COMMAND: POST /session/25c011aa293abf97c7913f308519c6b0/elements - {"using":"xpath","value":"//*[@id=\"__button576\"]"}
RESULT: {"using":"xpath","value":"//*[@id=\"__button576\"]"}
COMMAND: POST /session/25c011aa293abf97c7913f308519c6b0/elements - {"using":"xpath","value":"//*[@id=\"__button576\"]"}
RESULT: {"using":"xpath","value":"//*[@id=\"__button576\"]"}
COMMAND: POST /session/25c011aa293abf97c7913f308519c6b0/elements - {"using":"xpath","value":"//*[@id=\"__button576\"]"}
RESULT: {"using":"xpath","value":"//*[@id=\"__button576\"]"}
COMMAND: POST /session/25c011aa293abf97c7913f308519c6b0/elements - {"using":"xpath","value":"//*[@id=\"__button576\"]"}
RESULT: {"using":"xpath","value":"//*[@id=\"__button576\"]"}
COMMAND: POST /session/25c011aa293abf97c7913f308519c6b0/elements - {"using":"xpath","value":"//*[@id=\"__button576\"]"}
RESULT: {"using":"xpath","value":"//*[@id=\"__button576\"]"}
COMMAND: POST /session/25c011aa293abf97c7913f308519c6b0/elements - {"using":"xpath","value":"//*[@id=\"__button576\"]"}
RESULT: {"using":"xpath","value":"//*[@id=\"__button576\"]"}
COMMAND: POST /session/25c011aa293abf97c7913f308519c6b0/elements - {"using":"xpath","value":"//*[@id=\"__button576\"]"}
RESULT: {"using":"xpath","value":"//*[@id=\"__button576\"]"}
COMMAND: POST /session/25c011aa293abf97c7913f308519c6b0/elements - {"using":"xpath","value":"//*[@id=\"__button576\"]"}
RESULT: {"using":"xpath","value":"//*[@id=\"__button576\"]"}
COMMAND: POST /session/25c011aa293abf97c7913f308519c6b0/elements - {"using":"xpath","value":"//*[@id=\"__button576\"]"}
RESULT: {"using":"xpath","value":"//*[@id=\"__button576\"]"}
COMMAND: POST /session/25c011aa293abf97c7913f308519c6b0/elements - {"using":"xpath","value":"//*[@id=\"__button576\"]"}
RESULT: {"using":"xpath","value":"//*[@id=\"__button576\"]"}
COMMAND: POST /session/25c011aa293abf97c7913f308519c6b0/elements - {"using":"xpath","value":"//*[@id=\"__button576\"]"}
RESULT: {"using":"xpath","value":"//*[@id=\"__button576\"]"}
COMMAND: POST /session/25c011aa293abf97c7913f308519c6b0/elements - {"using":"xpath","value":"//*[@id=\"__button576\"]"}
RESULT: {"using":"xpath","value":"//*[@id=\"__button576\"]"}
COMMAND: POST /session/25c011aa293abf97c7913f308519c6b0/elements - {"using":"xpath","value":"//*[@id=\"__button576\"]"}
RESULT: {"using":"xpath","value":"//*[@id=\"__button576\"]"}
COMMAND: POST /session/25c011aa293abf97c7913f308519c6b0/elements - {"using":"xpath","value":"//*[@id=\"__button576\"]"}
RESULT: {"using":"xpath","value":"//*[@id=\"__button576\"]"}
COMMAND: POST /session/25c011aa293abf97c7913f308519c6b0/elements - {"using":"xpath","value":"//*[@id=\"__button576\"]"}
RESULT: {"using":"xpath","value":"//*[@id=\"__button576\"]"}
COMMAND: POST /session/25c011aa293abf97c7913f308519c6b0/elements - {"using":"xpath","value":"//*[@id=\"__button576\"]"}
RESULT: {"using":"xpath","value":"//*[@id=\"__button576\"]"}
COMMAND: POST /session/25c011aa293abf97c7913f308519c6b0/elements - {"using":"xpath","value":"//*[@id=\"__button576\"]"}
RESULT: {"using":"xpath","value":"//*[@id=\"__button576\"]"}
COMMAND: POST /session/25c011aa293abf97c7913f308519c6b0/elements - {"using":"xpath","value":"//*[@id=\"__button576\"]"}
RESULT: {"using":"xpath","value":"//*[@id=\"__button576\"]"}
COMMAND: POST /session/25c011aa293abf97c7913f308519c6b0/elements - {"using":"xpath","value":"//*[@id=\"__button576\"]"}
RESULT: {"using":"xpath","value":"//*[@id=\"__button576\"]"}
COMMAND: POST /session/25c011aa293abf97c7913f308519c6b0/elements - {"using":"xpath","value":"//*[@id=\"__button576\"]"}
RESULT: {"using":"xpath","value":"//*[@id=\"__button576\"]"}
COMMAND: POST /session/25c011aa293abf97c7913f308519c6b0/elements - {"using":"xpath","value":"//*[@id=\"__button576\"]"}
RESULT: {"using":"xpath","value":"//*[@id=\"__button576\"]"}
COMMAND: POST /session/25c011aa293abf97c7913f308519c6b0/elements - {"using":"xpath","value":"//*[@id=\"__button576\"]"}
RESULT: {"using":"xpath","value":"//*[@id=\"__button576\"]"}
COMMAND: POST /session/25c011aa293abf97c7913f308519c6b0/elements - {"using":"xpath","value":"//*[@id=\"__button576\"]"}
RESULT: {"using":"xpath","value":"//*[@id=\"__button576\"]"}
COMMAND: POST /session/25c011aa293abf97c7913f308519c6b0/elements - {"using":"xpath","value":"//*[@id=\"__button576\"]"}
RESULT: {"using":"xpath","value":"//*[@id=\"__button576\"]"}
COMMAND: POST /session/25c011aa293abf97c7913f308519c6b0/elements - {"using":"xpath","value":"//*[@id=\"__button576\"]"}
RESULT: {"using":"xpath","value":"//*[@id=\"__button576\"]"}
COMMAND: POST /session/25c011aa293abf97c7913f308519c6b0/elements - {"using":"xpath","value":"//*[@id=\"__button576\"]"}
RESULT: {"using":"xpath","value":"//*[@id=\"__button576\"]"}
COMMAND: POST /session/25c011aa293abf97c7913f308519c6b0/elements - {"using":"xpath","value":"//*[@id=\"__button576\"]"}
RESULT: {"using":"xpath","value":"//*[@id=\"__button576\"]"}
COMMAND: POST /session/25c011aa293abf97c7913f308519c6b0/elements - {"using":"xpath","value":"//*[@id=\"__button576\"]"}
RESULT: {"using":"xpath","value":"//*[@id=\"__button576\"]"}
COMMAND: POST /session/25c011aa293abf97c7913f308519c6b0/elements - {"using":"xpath","value":"//*[@id=\"__button576\"]"}
RESULT: {"using":"xpath","value":"//*[@id=\"__button576\"]"}
COMMAND: POST /session/25c011aa293abf97c7913f308519c6b0/elements - {"using":"xpath","value":"//*[@id=\"__button576\"]"}
RESULT: {"using":"xpath","value":"//*[@id=\"__button576\"]"}
COMMAND: POST /session/25c011aa293abf97c7913f308519c6b0/elements - {"using":"xpath","value":"//*[@id=\"__button576\"]"}
RESULT: {"using":"xpath","value":"//*[@id=\"__button576\"]"}
COMMAND: POST /session/25c011aa293abf97c7913f308519c6b0/elements - {"using":"xpath","value":"//*[@id=\"__button576\"]"}
RESULT: {"using":"xpath","value":"//*[@id=\"__button576\"]"}
COMMAND: POST /session/25c011aa293abf97c7913f308519c6b0/elements - {"using":"xpath","value":"//*[@id=\"__button576\"]"}
RESULT: {"using":"xpath","value":"//*[@id=\"__button576\"]"}
COMMAND: POST /session/25c011aa293abf97c7913f308519c6b0/elements - {"using":"xpath","value":"//*[@id=\"__button576\"]"}
RESULT: {"using":"xpath","value":"//*[@id=\"__button576\"]"}
COMMAND: POST /session/25c011aa293abf97c7913f308519c6b0/elements - {"using":"xpath","value":"//*[@id=\"__button576\"]"}
RESULT: {"using":"xpath","value":"//*[@id=\"__button576\"]"}
COMMAND: POST /session/25c011aa293abf97c7913f308519c6b0/elements - {"using":"xpath","value":"//*[@id=\"__button576\"]"}
RESULT: {"using":"xpath","value":"//*[@id=\"__button576\"]"}
COMMAND: POST /session/25c011aa293abf97c7913f308519c6b0/elements - {"using":"xpath","value":"//*[@id=\"__button576\"]"}
RESULT: {"using":"xpath","value":"//*[@id=\"__button576\"]"}
COMMAND: POST /session/25c011aa293abf97c7913f308519c6b0/elements - {"using":"xpath","value":"//*[@id=\"__button576\"]"}
RESULT: {"using":"xpath","value":"//*[@id=\"__button576\"]"}
COMMAND: POST /session/25c011aa293abf97c7913f308519c6b0/elements - {"using":"xpath","value":"//*[@id=\"__button576\"]"}
RESULT: {"using":"xpath","value":"//*[@id=\"__button576\"]"}
COMMAND: POST /session/25c011aa293abf97c7913f308519c6b0/elements - {"using":"xpath","value":"//*[@id=\"__button576\"]"}
RESULT: {"using":"xpath","value":"//*[@id=\"__button576\"]"}
COMMAND: POST /session/25c011aa293abf97c7913f308519c6b0/elements - {"using":"xpath","value":"//*[@id=\"__button576\"]"}
RESULT: {"using":"xpath","value":"//*[@id=\"__button576\"]"}
COMMAND: POST /session/25c011aa293abf97c7913f308519c6b0/elements - {"using":"xpath","value":"//*[@id=\"__button576\"]"}
RESULT: {"using":"xpath","value":"//*[@id=\"__button576\"]"}
COMMAND: POST /session/25c011aa293abf97c7913f308519c6b0/elements - {"using":"xpath","value":"//*[@id=\"__button576\"]"}
RESULT: {"using":"xpath","value":"//*[@id=\"__button576\"]"}
COMMAND: POST /session/25c011aa293abf97c7913f308519c6b0/elements - {"using":"xpath","value":"//*[@id=\"__button576\"]"}
RESULT: {"using":"xpath","value":"//*[@id=\"__button576\"]"}
COMMAND: POST /session/25c011aa293abf97c7913f308519c6b0/elements - {"using":"xpath","value":"//*[@id=\"__button576\"]"}
RESULT: {"using":"xpath","value":"//*[@id=\"__button576\"]"}
COMMAND: POST /session/25c011aa293abf97c7913f308519c6b0/elements - {"using":"xpath","value":"//*[@id=\"__button576\"]"}
RESULT: {"using":"xpath","value":"//*[@id=\"__button576\"]"}
COMMAND: POST /session/25c011aa293abf97c7913f308519c6b0/elements - {"using":"xpath","value":"//*[@id=\"__button576\"]"}
RESULT: {"using":"xpath","value":"//*[@id=\"__button576\"]"}
COMMAND: POST /session/25c011aa293abf97c7913f308519c6b0/elements - {"using":"xpath","value":"//*[@id=\"__button576\"]"}
RESULT: {"using":"xpath","value":"//*[@id=\"__button576\"]"}
COMMAND: POST /session/25c011aa293abf97c7913f308519c6b0/elements - {"using":"xpath","value":"//*[@id=\"__button576\"]"}
RESULT: {"using":"xpath","value":"//*[@id=\"__button576\"]"}
COMMAND: POST /session/25c011aa293abf97c7913f308519c6b0/elements - {"using":"xpath","value":"//*[@id=\"__button576\"]"}
RESULT: {"using":"xpath","value":"//*[@id=\"__button576\"]"}
COMMAND: POST /session/25c011aa293abf97c7913f308519c6b0/elements - {"using":"xpath","value":"//*[@id=\"__button576\"]"}
RESULT: {"using":"xpath","value":"//*[@id=\"__button576\"]"}
COMMAND: POST /session/25c011aa293abf97c7913f308519c6b0/elements - {"using":"xpath","value":"//*[@id=\"__button576\"]"}
RESULT: {"using":"xpath","value":"//*[@id=\"__button576\"]"}
COMMAND: POST /session/25c011aa293abf97c7913f308519c6b0/elements - {"using":"xpath","value":"//*[@id=\"__button576\"]"}
RESULT: {"using":"xpath","value":"//*[@id=\"__button576\"]"}
COMMAND: POST /session/25c011aa293abf97c7913f308519c6b0/elements - {"using":"xpath","value":"//*[@id=\"__button576\"]"}
RESULT: {"using":"xpath","value":"//*[@id=\"__button576\"]"}
COMMAND: POST /session/25c011aa293abf97c7913f308519c6b0/elements - {"using":"xpath","value":"//*[@id=\"__button576\"]"}
RESULT: {"using":"xpath","value":"//*[@id=\"__button576\"]"}
COMMAND: POST /session/25c011aa293abf97c7913f308519c6b0/elements - {"using":"xpath","value":"//*[@id=\"__button576\"]"}
RESULT: {"using":"xpath","value":"//*[@id=\"__button576\"]"}
COMMAND: POST /session/25c011aa293abf97c7913f308519c6b0/elements - {"using":"xpath","value":"//*[@id=\"__button576\"]"}
RESULT: {"using":"xpath","value":"//*[@id=\"__button576\"]"}
COMMAND: POST /session/25c011aa293abf97c7913f308519c6b0/elements - {"using":"xpath","value":"//*[@id=\"__button576\"]"}
RESULT: {"using":"xpath","value":"//*[@id=\"__button576\"]"}
COMMAND: POST /session/25c011aa293abf97c7913f308519c6b0/elements - {"using":"xpath","value":"//*[@id=\"__button576\"]"}
RESULT: {"using":"xpath","value":"//*[@id=\"__button576\"]"}
COMMAND: POST /session/25c011aa293abf97c7913f308519c6b0/elements - {"using":"xpath","value":"//*[@id=\"__button576\"]"}
RESULT: {"using":"xpath","value":"//*[@id=\"__button576\"]"}
COMMAND: POST /session/25c011aa293abf97c7913f308519c6b0/elements - {"using":"xpath","value":"//*[@id=\"__button576\"]"}
RESULT: {"using":"xpath","value":"//*[@id=\"__button576\"]"}
COMMAND: POST /session/25c011aa293abf97c7913f308519c6b0/elements - {"using":"xpath","value":"//*[@id=\"__button576\"]"}
RESULT: {"using":"xpath","value":"//*[@id=\"__button576\"]"}
COMMAND: POST /session/25c011aa293abf97c7913f308519c6b0/elements - {"using":"xpath","value":"//*[@id=\"__button576\"]"}
RESULT: {"using":"xpath","value":"//*[@id=\"__button576\"]"}
COMMAND: POST /session/25c011aa293abf97c7913f308519c6b0/elements - {"using":"xpath","value":"//*[@id=\"__button576\"]"}
RESULT: {"using":"xpath","value":"//*[@id=\"__button576\"]"}
COMMAND: POST /session/25c011aa293abf97c7913f308519c6b0/elements - {"using":"xpath","value":"//*[@id=\"__button576\"]"}
RESULT: {"using":"xpath","value":"//*[@id=\"__button576\"]"}
COMMAND: POST /session/25c011aa293abf97c7913f308519c6b0/elements - {"using":"xpath","value":"//*[@id=\"__button576\"]"}
COMMAND: POST /session/25c011aa293abf97c7913f308519c6b0/element - {"using":"css selector","value":"#shell-header-logo"}
RESULT: {"using":"xpath","value":"//*[@id=\"__button576\"]"}
RESULT: {"using":"css selector","value":"#shell-header-logo"}
COMMAND: POST /session/25c011aa293abf97c7913f308519c6b0/execute/sync - {"script":"<script> [8489 bytes]","args":[{"element-6066-11e4-a52e-4f735466cecf":"f.A224BA6FA6224D464A8F44AD5BF2EA9F.d.EBAB778C917F7BF3A8FE82E1EABA31EB.e.13636","ELEMENT":"f.A224BA6FA6224D464A8F44AD5BF2EA9F.d.EBAB778C917F7BF3A8FE82E1EABA31EB.e.13636"}]}
RESULT: {"script":"<script> [8489 bytes]","args":[{"element-6066-11e4-a52e-4f735466cecf":"f.A224BA6FA6224D464A8F44AD5BF2EA9F.d.EBAB778C917F7BF3A8FE82E1EABA31EB.e.13636","ELEMENT":"f.A224BA6FA6224D464A8F44AD5BF2EA9F.d.EBAB778C917F7BF3A8FE82E1EABA31EB.e.13636"}]}
COMMAND: POST /session/25c011aa293abf97c7913f308519c6b0/execute/sync - {"script":"<script> [5351 bytes]","args":[{"element-6066-11e4-a52e-4f735466cecf":"f.A224BA6FA6224D464A8F44AD5BF2EA9F.d.EBAB778C917F7BF3A8FE82E1EABA31EB.e.13636","ELEMENT":"f.A224BA6FA6224D464A8F44AD5BF2EA9F.d.EBAB778C917F7BF3A8FE82E1EABA31EB.e.13636"}]}
COMMAND: GET /session/25c011aa293abf97c7913f308519c6b0/screenshot - {}
RESULT: {"script":"<script> [5351 bytes]","args":[{"element-6066-11e4-a52e-4f735466cecf":"f.A224BA6FA6224D464A8F44AD5BF2EA9F.d.EBAB778C917F7BF3A8FE82E1EABA31EB.e.13636","ELEMENT":"f.A224BA6FA6224D464A8F44AD5BF2EA9F.d.EBAB778C917F7BF3A8FE82E1EABA31EB.e.13636"}]}
COMMAND: POST /session/25c011aa293abf97c7913f308519c6b0/element/f.A224BA6FA6224D464A8F44AD5BF2EA9F.d.EBAB778C917F7BF3A8FE82E1EABA31EB.e.13636/click - {}
COMMAND: GET /session/25c011aa293abf97c7913f308519c6b0/screenshot - {}
RESULT: {}
RESULT: {}
COMMAND: GET /session/25c011aa293abf97c7913f308519c6b0/screenshot - {}
]]></system-out>
    </testcase>
    <testcase classname="chrome.137_0_7151_69.windows.Create_master_data_for_mixed_billing_&amp;_do_billing_calculation_US151661" name="Should go to Manage Billings and trigger calculation check the conditions applied" time="65.121">
      <system-out><![CDATA[
COMMAND: POST /session/25c011aa293abf97c7913f308519c6b0/execute/async - {"script":"<script> [1562 bytes]","args":[{"selector":{"controlType":"sap.m.GenericTile","properties":{"header":"Manage Billings"}},"wdio_ui5_key":"sapm.GenericTile{\"header\":\"Manage Billings\"}"}]}
RESULT: {}
RESULT: {}
RESULT: {"script":"<script> [1562 bytes]","args":[{"selector":{"controlType":"sap.m.GenericTile","properties":{"header":"Manage Billings"}},"wdio_ui5_key":"sapm.GenericTile{\"header\":\"Manage Billings\"}"}]}
RESULT: undefined
COMMAND: POST /session/25c011aa293abf97c7913f308519c6b0/element - {"using":"xpath","value":"//*[@id=\"__tile53\"]"}
RESULT: {"using":"xpath","value":"//*[@id=\"__tile53\"]"}
COMMAND: POST /session/25c011aa293abf97c7913f308519c6b0/element/f.A224BA6FA6224D464A8F44AD5BF2EA9F.d.EBAB778C917F7BF3A8FE82E1EABA31EB.e.6588/click - {}
RESULT: {}
COMMAND: GET /session/25c011aa293abf97c7913f308519c6b0/screenshot - {}
RESULT: {}
COMMAND: POST /session/25c011aa293abf97c7913f308519c6b0/elements - {"using":"xpath","value":"//span[text()='Error']"}
RESULT: {"using":"xpath","value":"//span[text()='Error']"}
COMMAND: POST /session/25c011aa293abf97c7913f308519c6b0/execute/async - {"script":"<script> [1562 bytes]","args":[{"selector":{"id":"application-managebillings-display-component---billRunCalcResult--smartFilterBar-btnBasicSearch","interaction":{"idSuffix":"I"}},"wdio_ui5_key":"applicationmanagebillings-display-component---billRunCalcResult--smartFilterBar-btnBasicSearch"}]}
RESULT: {"script":"<script> [1562 bytes]","args":[{"selector":{"id":"application-managebillings-display-component---billRunCalcResult--smartFilterBar-btnBasicSearch","interaction":{"idSuffix":"I"}},"wdio_ui5_key":"applicationmanagebillings-display-component---billRunCalcResult--smartFilterBar-btnBasicSearch"}]}
RESULT: undefined
COMMAND: POST /session/25c011aa293abf97c7913f308519c6b0/execute/async - {"script":"<script> [776 bytes]","args":[{"enterText":"10178","selector":{"id":"application-managebillings-display-component---billRunCalcResult--smartFilterBar-btnBasicSearch","interaction":{"idSuffix":"I"}},"clearTextFirst":true,"interactionType":"ENTER_TEXT"}]}
RESULT: {"script":"<script> [776 bytes]","args":[{"enterText":"10178","selector":{"id":"application-managebillings-display-component---billRunCalcResult--smartFilterBar-btnBasicSearch","interaction":{"idSuffix":"I"}},"clearTextFirst":true,"interactionType":"ENTER_TEXT"}]}
COMMAND: POST /session/25c011aa293abf97c7913f308519c6b0/actions - {"actions":[{"id":"action51","type":"key","parameters":{},"actions":[{"type":"keyDown","value":""},{"type":"pause","duration":10},{"type":"keyUp","value":""}]}]}
RESULT: {"actions":[{"id":"action51","type":"key","parameters":{},"actions":[{"type":"keyDown","value":""},{"type":"pause","duration":10},{"type":"keyUp","value":""}]}]}
COMMAND: GET /session/25c011aa293abf97c7913f308519c6b0/screenshot - {}
RESULT: {}
COMMAND: POST /session/25c011aa293abf97c7913f308519c6b0/element - {"using":"xpath","value":"//td[@aria-colindex=\"1\"]/div/div[contains(@class, \"sapMCbBg\")]"}
RESULT: {"using":"xpath","value":"//td[@aria-colindex=\"1\"]/div/div[contains(@class, \"sapMCbBg\")]"}
COMMAND: POST /session/25c011aa293abf97c7913f308519c6b0/element/f.A224BA6FA6224D464A8F44AD5BF2EA9F.d.EBAB778C917F7BF3A8FE82E1EABA31EB.e.14037/click - {}
RESULT: {}
COMMAND: GET /session/25c011aa293abf97c7913f308519c6b0/screenshot - {}
RESULT: {}
COMMAND: POST /session/25c011aa293abf97c7913f308519c6b0/execute/async - {"script":"<script> [1562 bytes]","args":[{"selector":{"id":"application-managebillings-display-component---billRunCalcResult--contractBillRunDate","interaction":{"idSuffix":"inner"}},"wdio_ui5_key":"applicationmanagebillings-display-component---billRunCalcResult--contractBillRunDate"}]}
RESULT: {"script":"<script> [1562 bytes]","args":[{"selector":{"id":"application-managebillings-display-component---billRunCalcResult--contractBillRunDate","interaction":{"idSuffix":"inner"}},"wdio_ui5_key":"applicationmanagebillings-display-component---billRunCalcResult--contractBillRunDate"}]}
RESULT: undefined
COMMAND: POST /session/25c011aa293abf97c7913f308519c6b0/execute/async - {"script":"<script> [776 bytes]","args":[{"enterText":"7/13/25","selector":{"id":"application-managebillings-display-component---billRunCalcResult--contractBillRunDate","interaction":{"idSuffix":"inner"}},"clearTextFirst":true,"interactionType":"ENTER_TEXT"}]}
RESULT: {"script":"<script> [776 bytes]","args":[{"enterText":"7/13/25","selector":{"id":"application-managebillings-display-component---billRunCalcResult--contractBillRunDate","interaction":{"idSuffix":"inner"}},"clearTextFirst":true,"interactionType":"ENTER_TEXT"}]}
COMMAND: POST /session/25c011aa293abf97c7913f308519c6b0/element - {"using":"xpath","value":"//bdi[contains(text(), \"Trigger Calculation\")]"}
RESULT: {"using":"xpath","value":"//bdi[contains(text(), \"Trigger Calculation\")]"}
COMMAND: POST /session/25c011aa293abf97c7913f308519c6b0/element/f.A224BA6FA6224D464A8F44AD5BF2EA9F.d.EBAB778C917F7BF3A8FE82E1EABA31EB.e.14057/click - {}
RESULT: {}
COMMAND: GET /session/25c011aa293abf97c7913f308519c6b0/screenshot - {}
RESULT: {}
COMMAND: POST /session/25c011aa293abf97c7913f308519c6b0/element - {"using":"xpath","value":"(//span[contains(@id, \"imgNav\")])[1]"}
RESULT: {"using":"xpath","value":"(//span[contains(@id, \"imgNav\")])[1]"}
COMMAND: POST /session/25c011aa293abf97c7913f308519c6b0/element/f.A224BA6FA6224D464A8F44AD5BF2EA9F.d.EBAB778C917F7BF3A8FE82E1EABA31EB.e.14051/click - {}
RESULT: {}
COMMAND: GET /session/25c011aa293abf97c7913f308519c6b0/screenshot - {}
RESULT: {}
COMMAND: POST /session/25c011aa293abf97c7913f308519c6b0/element - {"using":"xpath","value":"//tr/td[6]/div[1]/span[1]/span[1]"}
RESULT: {"using":"xpath","value":"//tr/td[6]/div[1]/span[1]/span[1]"}
COMMAND: GET /session/25c011aa293abf97c7913f308519c6b0/element/f.A224BA6FA6224D464A8F44AD5BF2EA9F.d.EBAB778C917F7BF3A8FE82E1EABA31EB.e.14062/text - {}
RESULT: {}
COMMAND: POST /session/25c011aa293abf97c7913f308519c6b0/element - {"using":"xpath","value":"(//span[contains(@id, \"imgNav\")])[2]"}
RESULT: {"using":"xpath","value":"(//span[contains(@id, \"imgNav\")])[2]"}
COMMAND: POST /session/25c011aa293abf97c7913f308519c6b0/element/f.A224BA6FA6224D464A8F44AD5BF2EA9F.d.EBAB778C917F7BF3A8FE82E1EABA31EB.e.14063/click - {}
RESULT: {}
COMMAND: POST /session/25c011aa293abf97c7913f308519c6b0/element - {"using":"xpath","value":"//bdi[contains(text(), \"Business Confirm\")]"}
COMMAND: GET /session/25c011aa293abf97c7913f308519c6b0/screenshot - {}
RESULT: {"using":"xpath","value":"//bdi[contains(text(), \"Business Confirm\")]"}
COMMAND: POST /session/25c011aa293abf97c7913f308519c6b0/elements - {"using":"xpath","value":"//bdi[contains(text(), \"Business Confirm\")]"}
RESULT: {}
RESULT: {"using":"xpath","value":"//bdi[contains(text(), \"Business Confirm\")]"}
COMMAND: POST /session/25c011aa293abf97c7913f308519c6b0/element - {"using":"xpath","value":"//bdi[contains(text(), \"Business Confirm\")]"}
RESULT: {"using":"xpath","value":"//bdi[contains(text(), \"Business Confirm\")]"}
COMMAND: POST /session/25c011aa293abf97c7913f308519c6b0/element/f.A224BA6FA6224D464A8F44AD5BF2EA9F.d.EBAB778C917F7BF3A8FE82E1EABA31EB.e.14108/click - {}
RESULT: {}
COMMAND: POST /session/25c011aa293abf97c7913f308519c6b0/element - {"using":"css selector","value":"#shell-header-logo"}
COMMAND: GET /session/25c011aa293abf97c7913f308519c6b0/screenshot - {}
RESULT: {"using":"css selector","value":"#shell-header-logo"}
COMMAND: POST /session/25c011aa293abf97c7913f308519c6b0/element/f.A224BA6FA6224D464A8F44AD5BF2EA9F.d.EBAB778C917F7BF3A8FE82E1EABA31EB.e.13818/click - {}
RESULT: {}
RESULT: {}
COMMAND: GET /session/25c011aa293abf97c7913f308519c6b0/screenshot - {}
RESULT: {}
COMMAND: POST /session/25c011aa293abf97c7913f308519c6b0/element - {"using":"css selector","value":"#j_username"}
COMMAND: POST /session/25c011aa293abf97c7913f308519c6b0/url - {"url":"https://qa-testing-00-live-etm-ui.cfapps.eu10-004.hana.ondemand.com/"}
RESULT: {"using":"css selector","value":"#j_username"}
COMMAND: POST /session/25c011aa293abf97c7913f308519c6b0/element - {"using":"css selector","value":"#j_username"}
RESULT: {"url":"https://qa-testing-00-live-etm-ui.cfapps.eu10-004.hana.ondemand.com/"}
RESULT: undefined
COMMAND: GET /session/25c011aa293abf97c7913f308519c6b0/screenshot - {}
RESULT: {"using":"css selector","value":"#j_username"}
COMMAND: POST /session/25c011aa293abf97c7913f308519c6b0/element - {"using":"css selector","value":"#shell-header-logo"}
RESULT: {}
RESULT: {"using":"css selector","value":"#shell-header-logo"}
COMMAND: POST /session/25c011aa293abf97c7913f308519c6b0/element - {"using":"css selector","value":"#shell-header-logo"}
RESULT: {"using":"css selector","value":"#shell-header-logo"}
COMMAND: POST /session/25c011aa293abf97c7913f308519c6b0/refresh - {}
RESULT: {}
COMMAND: GET /session/25c011aa293abf97c7913f308519c6b0/screenshot - {}
RESULT: {}
COMMAND: POST /session/25c011aa293abf97c7913f308519c6b0/element - {"using":"css selector","value":"#j_username"}
RESULT: {"using":"css selector","value":"#j_username"}
COMMAND: POST /session/25c011aa293abf97c7913f308519c6b0/element - {"using":"css selector","value":"#j_username"}
RESULT: {"using":"css selector","value":"#j_username"}
COMMAND: POST /session/25c011aa293abf97c7913f308519c6b0/element - {"using":"css selector","value":"#shell-header-logo"}
RESULT: {"using":"css selector","value":"#shell-header-logo"}
COMMAND: POST /session/25c011aa293abf97c7913f308519c6b0/execute/sync - {"script":"<script> [8489 bytes]","args":[{"element-6066-11e4-a52e-4f735466cecf":"f.A224BA6FA6224D464A8F44AD5BF2EA9F.d.D7EA8179699E4E82DEE09A2A9CF51E95.e.14156","ELEMENT":"f.A224BA6FA6224D464A8F44AD5BF2EA9F.d.D7EA8179699E4E82DEE09A2A9CF51E95.e.14156"}]}
RESULT: {"script":"<script> [8489 bytes]","args":[{"element-6066-11e4-a52e-4f735466cecf":"f.A224BA6FA6224D464A8F44AD5BF2EA9F.d.D7EA8179699E4E82DEE09A2A9CF51E95.e.14156","ELEMENT":"f.A224BA6FA6224D464A8F44AD5BF2EA9F.d.D7EA8179699E4E82DEE09A2A9CF51E95.e.14156"}]}
COMMAND: POST /session/25c011aa293abf97c7913f308519c6b0/element - {"using":"css selector","value":"#shell-header-logo"}
COMMAND: GET /session/25c011aa293abf97c7913f308519c6b0/screenshot - {}
RESULT: {"using":"css selector","value":"#shell-header-logo"}
COMMAND: POST /session/25c011aa293abf97c7913f308519c6b0/execute/sync - {"script":"<script> [8489 bytes]","args":[{"element-6066-11e4-a52e-4f735466cecf":"f.A224BA6FA6224D464A8F44AD5BF2EA9F.d.D7EA8179699E4E82DEE09A2A9CF51E95.e.14156","ELEMENT":"f.A224BA6FA6224D464A8F44AD5BF2EA9F.d.D7EA8179699E4E82DEE09A2A9CF51E95.e.14156"}]}
RESULT: {}
RESULT: {"script":"<script> [8489 bytes]","args":[{"element-6066-11e4-a52e-4f735466cecf":"f.A224BA6FA6224D464A8F44AD5BF2EA9F.d.D7EA8179699E4E82DEE09A2A9CF51E95.e.14156","ELEMENT":"f.A224BA6FA6224D464A8F44AD5BF2EA9F.d.D7EA8179699E4E82DEE09A2A9CF51E95.e.14156"}]}
COMMAND: POST /session/25c011aa293abf97c7913f308519c6b0/execute/sync - {"script":"<script> [5351 bytes]","args":[{"element-6066-11e4-a52e-4f735466cecf":"f.A224BA6FA6224D464A8F44AD5BF2EA9F.d.D7EA8179699E4E82DEE09A2A9CF51E95.e.14156","ELEMENT":"f.A224BA6FA6224D464A8F44AD5BF2EA9F.d.D7EA8179699E4E82DEE09A2A9CF51E95.e.14156"}]}
COMMAND: GET /session/25c011aa293abf97c7913f308519c6b0/screenshot - {}
RESULT: {"script":"<script> [5351 bytes]","args":[{"element-6066-11e4-a52e-4f735466cecf":"f.A224BA6FA6224D464A8F44AD5BF2EA9F.d.D7EA8179699E4E82DEE09A2A9CF51E95.e.14156","ELEMENT":"f.A224BA6FA6224D464A8F44AD5BF2EA9F.d.D7EA8179699E4E82DEE09A2A9CF51E95.e.14156"}]}
COMMAND: POST /session/25c011aa293abf97c7913f308519c6b0/element - {"using":"css selector","value":"#shell-header-logo"}
COMMAND: GET /session/25c011aa293abf97c7913f308519c6b0/screenshot - {}
RESULT: {}
RESULT: {"using":"css selector","value":"#shell-header-logo"}
COMMAND: POST /session/25c011aa293abf97c7913f308519c6b0/element/f.A224BA6FA6224D464A8F44AD5BF2EA9F.d.D7EA8179699E4E82DEE09A2A9CF51E95.e.14156/click - {}
RESULT: {}
RESULT: {}
COMMAND: GET /session/25c011aa293abf97c7913f308519c6b0/screenshot - {}
RESULT: {}
COMMAND: POST /session/25c011aa293abf97c7913f308519c6b0/execute/async - {"script":"<script> [189 bytes]","args":[]}
RESULT: {"script":"<script> [189 bytes]","args":[]}
COMMAND: POST /session/25c011aa293abf97c7913f308519c6b0/execute/async - {"script":"<script> [123 bytes]","args":[]}
RESULT: {"script":"<script> [123 bytes]","args":[]}
COMMAND: POST /session/25c011aa293abf97c7913f308519c6b0/timeouts - {"script":"<number>"}
RESULT: {"script":"<number>"}
COMMAND: GET /session/25c011aa293abf97c7913f308519c6b0/timeouts - {}
RESULT: {}
RESULT: undefined
COMMAND: POST /session/25c011aa293abf97c7913f308519c6b0/execute/async - {"script":"<script> [2676 bytes]","args":[]}
RESULT: {"script":"<script> [2676 bytes]","args":[]}
COMMAND: POST /session/25c011aa293abf97c7913f308519c6b0/execute/async - {"script":"<script> [2342 bytes]","args":[{"protocol":"http","hostname":"0.0.0.0","path":"/","capabilities":{"browserName":"chrome","goog:chromeOptions":{"binary":"C:\\Program Files\\Google\\Chrome\\Application\\chrome.exe","args":["--start-maximized"]}},"logLevel":"warn","connectionRetryTimeout":120000,"connectionRetryCount":3,"logLevels":{},"enableDirectConnect":true,"strictSSL":true,"_":"65 more keys: [\"cacheDir\",\"port\",\"requestedCapabilities\",\"automationProtocol\",\"baseUrl\",\"waitforInterval\",\"waitforTimeout\",\"onReload\",\"beforeCommand\",\"afterCommand\",\"rootDir\",\"specs\",\"suites\",\"exclude\",\"groupLogsByTestSpec\",\"excludeDriverLogs\",\"bail\",\"framework\",\"reporters\",\"services\",\"maxInstances\",\"maxInstancesPerCapability\",\"injectGlobals\",\"filesToWatch\",\"execArgv\",\"runnerEnv\",\"runner\",\"shard\",\"specFileRetries\",\"specFileRetriesDelay\",\"specFileRetriesDeferred\",\"reporterSyncInterval\",\"reporterSyncTimeout\",\"cucumberFeaturesWithLineNumbers\",\"autoCompileOpts\",\"mochaOpts\",\"jasmineOpts\",\"cucumberOpts\",\"onPrepare\",\"onWorkerStart\",\"onWorkerEnd\",\"before\",\"beforeSession\",\"beforeSuite\",\"beforeHook\",\"beforeTest\",\"afterTest\",\"afterHook\",\"afterSuite\",\"afterSession\",\"after\",\"onComplete\",\"beforeAssertion\",\"afterAssertion\",\"beforeFeature\",\"beforeScenario\",\"beforeStep\",\"afterStep\",\"afterScenario\",\"afterFeature\",\"_\",\"suite\",\"$0\",\"ignoredWorkerServices\",\"wdi5\"]"}]}
RESULT: {"script":"<script> [2342 bytes]","args":[{"protocol":"http","hostname":"0.0.0.0","path":"/","capabilities":{"browserName":"chrome","goog:chromeOptions":{"binary":"C:\\Program Files\\Google\\Chrome\\Application\\chrome.exe","args":["--start-maximized"]}},"logLevel":"warn","connectionRetryTimeout":120000,"connectionRetryCount":3,"logLevels":{},"enableDirectConnect":true,"strictSSL":true,"_":"65 more keys: [\"cacheDir\",\"port\",\"requestedCapabilities\",\"automationProtocol\",\"baseUrl\",\"waitforInterval\",\"waitforTimeout\",\"onReload\",\"beforeCommand\",\"afterCommand\",\"rootDir\",\"specs\",\"suites\",\"exclude\",\"groupLogsByTestSpec\",\"excludeDriverLogs\",\"bail\",\"framework\",\"reporters\",\"services\",\"maxInstances\",\"maxInstancesPerCapability\",\"injectGlobals\",\"filesToWatch\",\"execArgv\",\"runnerEnv\",\"runner\",\"shard\",\"specFileRetries\",\"specFileRetriesDelay\",\"specFileRetriesDeferred\",\"reporterSyncInterval\",\"reporterSyncTimeout\",\"cucumberFeaturesWithLineNumbers\",\"autoCompileOpts\",\"mochaOpts\",\"jasmineOpts\",\"cucumberOpts\",\"onPrepare\",\"onWorkerStart\",\"onWorkerEnd\",\"before\",\"beforeSession\",\"beforeSuite\",\"beforeHook\",\"beforeTest\",\"afterTest\",\"afterHook\",\"afterSuite\",\"afterSession\",\"after\",\"onComplete\",\"beforeAssertion\",\"afterAssertion\",\"beforeFeature\",\"beforeScenario\",\"beforeStep\",\"afterStep\",\"afterScenario\",\"afterFeature\",\"_\",\"suite\",\"$0\",\"ignoredWorkerServices\",\"wdi5\"]"}]}
COMMAND: POST /session/25c011aa293abf97c7913f308519c6b0/execute/async - {"script":"<script> [21126 bytes]","args":[35000]}
RESULT: {"script":"<script> [21126 bytes]","args":[35000]}
COMMAND: POST /session/25c011aa293abf97c7913f308519c6b0/window/maximize - {}
RESULT: {}
COMMAND: POST /session/25c011aa293abf97c7913f308519c6b0/execute/async - {"script":"<script> [1562 bytes]","args":[{"selector":{"id":"shell-header","interaction":{"idSuffix":"icon"}},"wdio_ui5_key":"shellheader"}]}
COMMAND: GET /session/25c011aa293abf97c7913f308519c6b0/screenshot - {}
RESULT: {"script":"<script> [1562 bytes]","args":[{"selector":{"id":"shell-header","interaction":{"idSuffix":"icon"}},"wdio_ui5_key":"shellheader"}]}
RESULT: undefined
COMMAND: POST /session/25c011aa293abf97c7913f308519c6b0/refresh - {}
RESULT: {}
RESULT: {}
COMMAND: GET /session/25c011aa293abf97c7913f308519c6b0/screenshot - {}
RESULT: {}
COMMAND: POST /session/25c011aa293abf97c7913f308519c6b0/refresh - {}
RESULT: {}
COMMAND: GET /session/25c011aa293abf97c7913f308519c6b0/screenshot - {}
RESULT: {}
COMMAND: POST /session/25c011aa293abf97c7913f308519c6b0/window/fullscreen - {}
RESULT: {}
COMMAND: POST /session/25c011aa293abf97c7913f308519c6b0/execute/async - {"script":"<script> [189 bytes]","args":[]}
RESULT: {"script":"<script> [189 bytes]","args":[]}
COMMAND: POST /session/25c011aa293abf97c7913f308519c6b0/execute/async - {"script":"<script> [123 bytes]","args":[]}
RESULT: {"script":"<script> [123 bytes]","args":[]}
COMMAND: POST /session/25c011aa293abf97c7913f308519c6b0/timeouts - {"script":"<number>"}
RESULT: {"script":"<number>"}
COMMAND: GET /session/25c011aa293abf97c7913f308519c6b0/timeouts - {}
RESULT: {}
RESULT: undefined
COMMAND: POST /session/25c011aa293abf97c7913f308519c6b0/execute/async - {"script":"<script> [2676 bytes]","args":[]}
RESULT: {"script":"<script> [2676 bytes]","args":[]}
COMMAND: POST /session/25c011aa293abf97c7913f308519c6b0/execute/async - {"script":"<script> [2342 bytes]","args":[{"protocol":"http","hostname":"0.0.0.0","path":"/","capabilities":{"browserName":"chrome","goog:chromeOptions":{"binary":"C:\\Program Files\\Google\\Chrome\\Application\\chrome.exe","args":["--start-maximized"]}},"logLevel":"warn","connectionRetryTimeout":120000,"connectionRetryCount":3,"logLevels":{},"enableDirectConnect":true,"strictSSL":true,"_":"65 more keys: [\"cacheDir\",\"port\",\"requestedCapabilities\",\"automationProtocol\",\"baseUrl\",\"waitforInterval\",\"waitforTimeout\",\"onReload\",\"beforeCommand\",\"afterCommand\",\"rootDir\",\"specs\",\"suites\",\"exclude\",\"groupLogsByTestSpec\",\"excludeDriverLogs\",\"bail\",\"framework\",\"reporters\",\"services\",\"maxInstances\",\"maxInstancesPerCapability\",\"injectGlobals\",\"filesToWatch\",\"execArgv\",\"runnerEnv\",\"runner\",\"shard\",\"specFileRetries\",\"specFileRetriesDelay\",\"specFileRetriesDeferred\",\"reporterSyncInterval\",\"reporterSyncTimeout\",\"cucumberFeaturesWithLineNumbers\",\"autoCompileOpts\",\"mochaOpts\",\"jasmineOpts\",\"cucumberOpts\",\"onPrepare\",\"onWorkerStart\",\"onWorkerEnd\",\"before\",\"beforeSession\",\"beforeSuite\",\"beforeHook\",\"beforeTest\",\"afterTest\",\"afterHook\",\"afterSuite\",\"afterSession\",\"after\",\"onComplete\",\"beforeAssertion\",\"afterAssertion\",\"beforeFeature\",\"beforeScenario\",\"beforeStep\",\"afterStep\",\"afterScenario\",\"afterFeature\",\"_\",\"suite\",\"$0\",\"ignoredWorkerServices\",\"wdi5\"]"}]}
RESULT: {"script":"<script> [2342 bytes]","args":[{"protocol":"http","hostname":"0.0.0.0","path":"/","capabilities":{"browserName":"chrome","goog:chromeOptions":{"binary":"C:\\Program Files\\Google\\Chrome\\Application\\chrome.exe","args":["--start-maximized"]}},"logLevel":"warn","connectionRetryTimeout":120000,"connectionRetryCount":3,"logLevels":{},"enableDirectConnect":true,"strictSSL":true,"_":"65 more keys: [\"cacheDir\",\"port\",\"requestedCapabilities\",\"automationProtocol\",\"baseUrl\",\"waitforInterval\",\"waitforTimeout\",\"onReload\",\"beforeCommand\",\"afterCommand\",\"rootDir\",\"specs\",\"suites\",\"exclude\",\"groupLogsByTestSpec\",\"excludeDriverLogs\",\"bail\",\"framework\",\"reporters\",\"services\",\"maxInstances\",\"maxInstancesPerCapability\",\"injectGlobals\",\"filesToWatch\",\"execArgv\",\"runnerEnv\",\"runner\",\"shard\",\"specFileRetries\",\"specFileRetriesDelay\",\"specFileRetriesDeferred\",\"reporterSyncInterval\",\"reporterSyncTimeout\",\"cucumberFeaturesWithLineNumbers\",\"autoCompileOpts\",\"mochaOpts\",\"jasmineOpts\",\"cucumberOpts\",\"onPrepare\",\"onWorkerStart\",\"onWorkerEnd\",\"before\",\"beforeSession\",\"beforeSuite\",\"beforeHook\",\"beforeTest\",\"afterTest\",\"afterHook\",\"afterSuite\",\"afterSession\",\"after\",\"onComplete\",\"beforeAssertion\",\"afterAssertion\",\"beforeFeature\",\"beforeScenario\",\"beforeStep\",\"afterStep\",\"afterScenario\",\"afterFeature\",\"_\",\"suite\",\"$0\",\"ignoredWorkerServices\",\"wdi5\"]"}]}
COMMAND: POST /session/25c011aa293abf97c7913f308519c6b0/execute/async - {"script":"<script> [21126 bytes]","args":[35000]}
RESULT: {"script":"<script> [21126 bytes]","args":[35000]}
]]></system-out>
    </testcase>
  </testsuite>
  <testsuite timestamp="2025-06-13T17:50:15" time="814.691" tests="13" failures="0" errors="0" skipped="0">
    <properties>
      <property name="specId" value="0"/>
      <property name="suiteName" value="Performance based billing (work days) US139742"/>
      <property name="capabilities" value="chrome.137_0_7151_69.windows"/>
      <property name="file" value="file:///D:/a/1/s/test/specs/BTS/billing-performance-workdays.spec.js"/>
    </properties>
    <testcase classname="chrome.137_0_7151_69.windows.Performance_based_billing_(work_days)_US139742" name="Should create a new yard" time="0.02">
      <system-out><![CDATA[
COMMAND: POST /session/25c011aa293abf97c7913f308519c6b0/window/fullscreen - {}
RESULT: {}
]]></system-out>
    </testcase>
    <testcase classname="chrome.137_0_7151_69.windows.Performance_based_billing_(work_days)_US139742" name="Should create a new partner" time="0.003"/>
    <testcase classname="chrome.137_0_7151_69.windows.Performance_based_billing_(work_days)_US139742" name="Should create a new site" time="0.003"/>
    <testcase classname="chrome.137_0_7151_69.windows.Performance_based_billing_(work_days)_US139742" name="Should do prerequisite steps add equipment" time="140.425">
      <system-out><![CDATA[
COMMAND: POST /session/25c011aa293abf97c7913f308519c6b0/execute/async - {"script":"<script> [1562 bytes]","args":[{"selector":{"controlType":"sap.m.GenericTile","properties":{"header":"Manage Resources"}},"wdio_ui5_key":"sapm.GenericTile{\"header\":\"Manage Resources\"}"}]}
RESULT: {"script":"<script> [1562 bytes]","args":[{"selector":{"controlType":"sap.m.GenericTile","properties":{"header":"Manage Resources"}},"wdio_ui5_key":"sapm.GenericTile{\"header\":\"Manage Resources\"}"}]}
RESULT: undefined
COMMAND: POST /session/25c011aa293abf97c7913f308519c6b0/element - {"using":"xpath","value":"//*[@id=\"__tile40\"]"}
RESULT: {"using":"xpath","value":"//*[@id=\"__tile40\"]"}
COMMAND: POST /session/25c011aa293abf97c7913f308519c6b0/element/f.A224BA6FA6224D464A8F44AD5BF2EA9F.d.16D6D7BAED514C5341E59854134D99C5.e.14314/click - {}
RESULT: {}
COMMAND: GET /session/25c011aa293abf97c7913f308519c6b0/screenshot - {}
RESULT: {}
COMMAND: POST /session/25c011aa293abf97c7913f308519c6b0/elements - {"using":"xpath","value":"//span[text()='Error']"}
RESULT: {"using":"xpath","value":"//span[text()='Error']"}
COMMAND: POST /session/25c011aa293abf97c7913f308519c6b0/element - {"using":"xpath","value":"//button[@data-kt=\"addNewRUOverflowToolbarButton\"]"}
RESULT: {"using":"xpath","value":"//button[@data-kt=\"addNewRUOverflowToolbarButton\"]"}
COMMAND: POST /session/25c011aa293abf97c7913f308519c6b0/elements - {"using":"xpath","value":"//button[@data-kt=\"addNewRUOverflowToolbarButton\"]"}
RESULT: {"using":"xpath","value":"//button[@data-kt=\"addNewRUOverflowToolbarButton\"]"}
COMMAND: POST /session/25c011aa293abf97c7913f308519c6b0/elements - {"using":"xpath","value":"//button[@data-kt=\"addNewRUOverflowToolbarButton\"]"}
RESULT: {"using":"xpath","value":"//button[@data-kt=\"addNewRUOverflowToolbarButton\"]"}
COMMAND: POST /session/25c011aa293abf97c7913f308519c6b0/elements - {"using":"xpath","value":"//button[@data-kt=\"addNewRUOverflowToolbarButton\"]"}
RESULT: {"using":"xpath","value":"//button[@data-kt=\"addNewRUOverflowToolbarButton\"]"}
COMMAND: POST /session/25c011aa293abf97c7913f308519c6b0/elements - {"using":"xpath","value":"//button[@data-kt=\"addNewRUOverflowToolbarButton\"]"}
RESULT: {"using":"xpath","value":"//button[@data-kt=\"addNewRUOverflowToolbarButton\"]"}
COMMAND: POST /session/25c011aa293abf97c7913f308519c6b0/element - {"using":"xpath","value":"//button[@data-kt=\"addNewRUOverflowToolbarButton\"]"}
RESULT: {"using":"xpath","value":"//button[@data-kt=\"addNewRUOverflowToolbarButton\"]"}
COMMAND: POST /session/25c011aa293abf97c7913f308519c6b0/execute/sync - {"script":"<script> [8489 bytes]","args":[{"element-6066-11e4-a52e-4f735466cecf":"f.A224BA6FA6224D464A8F44AD5BF2EA9F.d.16D6D7BAED514C5341E59854134D99C5.e.14458","ELEMENT":"f.A224BA6FA6224D464A8F44AD5BF2EA9F.d.16D6D7BAED514C5341E59854134D99C5.e.14458"}]}
RESULT: {"script":"<script> [8489 bytes]","args":[{"element-6066-11e4-a52e-4f735466cecf":"f.A224BA6FA6224D464A8F44AD5BF2EA9F.d.16D6D7BAED514C5341E59854134D99C5.e.14458","ELEMENT":"f.A224BA6FA6224D464A8F44AD5BF2EA9F.d.16D6D7BAED514C5341E59854134D99C5.e.14458"}]}
COMMAND: GET /session/25c011aa293abf97c7913f308519c6b0/element/f.A224BA6FA6224D464A8F44AD5BF2EA9F.d.16D6D7BAED514C5341E59854134D99C5.e.14458/enabled - {}
COMMAND: GET /session/25c011aa293abf97c7913f308519c6b0/screenshot - {}
RESULT: {}
COMMAND: POST /session/25c011aa293abf97c7913f308519c6b0/execute/sync - {"script":"<script> [8489 bytes]","args":[{"element-6066-11e4-a52e-4f735466cecf":"f.A224BA6FA6224D464A8F44AD5BF2EA9F.d.16D6D7BAED514C5341E59854134D99C5.e.14458","ELEMENT":"f.A224BA6FA6224D464A8F44AD5BF2EA9F.d.16D6D7BAED514C5341E59854134D99C5.e.14458"}]}
COMMAND: GET /session/25c011aa293abf97c7913f308519c6b0/screenshot - {}
RESULT: {}
RESULT: {"script":"<script> [8489 bytes]","args":[{"element-6066-11e4-a52e-4f735466cecf":"f.A224BA6FA6224D464A8F44AD5BF2EA9F.d.16D6D7BAED514C5341E59854134D99C5.e.14458","ELEMENT":"f.A224BA6FA6224D464A8F44AD5BF2EA9F.d.16D6D7BAED514C5341E59854134D99C5.e.14458"}]}
COMMAND: POST /session/25c011aa293abf97c7913f308519c6b0/execute/sync - {"script":"<script> [5351 bytes]","args":[{"element-6066-11e4-a52e-4f735466cecf":"f.A224BA6FA6224D464A8F44AD5BF2EA9F.d.16D6D7BAED514C5341E59854134D99C5.e.14458","ELEMENT":"f.A224BA6FA6224D464A8F44AD5BF2EA9F.d.16D6D7BAED514C5341E59854134D99C5.e.14458"}]}
COMMAND: GET /session/25c011aa293abf97c7913f308519c6b0/screenshot - {}
RESULT: {}
RESULT: {"script":"<script> [5351 bytes]","args":[{"element-6066-11e4-a52e-4f735466cecf":"f.A224BA6FA6224D464A8F44AD5BF2EA9F.d.16D6D7BAED514C5341E59854134D99C5.e.14458","ELEMENT":"f.A224BA6FA6224D464A8F44AD5BF2EA9F.d.16D6D7BAED514C5341E59854134D99C5.e.14458"}]}
COMMAND: POST /session/25c011aa293abf97c7913f308519c6b0/element/f.A224BA6FA6224D464A8F44AD5BF2EA9F.d.16D6D7BAED514C5341E59854134D99C5.e.14458/click - {}
COMMAND: GET /session/25c011aa293abf97c7913f308519c6b0/screenshot - {}
RESULT: {}
RESULT: {}
COMMAND: GET /session/25c011aa293abf97c7913f308519c6b0/screenshot - {}
COMMAND: POST /session/25c011aa293abf97c7913f308519c6b0/execute/async - {"script":"<script> [1562 bytes]","args":[{"selector":{"id":"application-manageresources-display-component---newResourceUnit--TYPE-arrow"},"wdio_ui5_key":"applicationmanageresources-display-component---newResourceUnit--TYPE-arrow"}]}
RESULT: {}
RESULT: {}
RESULT: {"script":"<script> [1562 bytes]","args":[{"selector":{"id":"application-manageresources-display-component---newResourceUnit--TYPE-arrow"},"wdio_ui5_key":"applicationmanageresources-display-component---newResourceUnit--TYPE-arrow"}]}
RESULT: undefined
COMMAND: POST /session/25c011aa293abf97c7913f308519c6b0/element - {"using":"xpath","value":"//*[@id=\"application-manageresources-display-component---newResourceUnit--TYPE-arrow\"]"}
RESULT: {"using":"xpath","value":"//*[@id=\"application-manageresources-display-component---newResourceUnit--TYPE-arrow\"]"}
COMMAND: POST /session/25c011aa293abf97c7913f308519c6b0/element/f.A224BA6FA6224D464A8F44AD5BF2EA9F.d.16D6D7BAED514C5341E59854134D99C5.e.14804/click - {}
RESULT: {}
COMMAND: POST /session/25c011aa293abf97c7913f308519c6b0/element - {"using":"xpath","value":"//input[@id=\"application-manageresources-display-component---newResourceUnit--TYPE-inner\"]"}
COMMAND: GET /session/25c011aa293abf97c7913f308519c6b0/screenshot - {}
RESULT: {"using":"xpath","value":"//input[@id=\"application-manageresources-display-component---newResourceUnit--TYPE-inner\"]"}
COMMAND: POST /session/25c011aa293abf97c7913f308519c6b0/element/f.A224BA6FA6224D464A8F44AD5BF2EA9F.d.16D6D7BAED514C5341E59854134D99C5.e.14800/clear - {}
RESULT: {}
RESULT: {}
COMMAND: POST /session/25c011aa293abf97c7913f308519c6b0/element/f.A224BA6FA6224D464A8F44AD5BF2EA9F.d.16D6D7BAED514C5341E59854134D99C5.e.14800/value - {"text":"Equipment"}
COMMAND: GET /session/25c011aa293abf97c7913f308519c6b0/screenshot - {}
RESULT: {"text":"Equipment"}
COMMAND: GET /session/25c011aa293abf97c7913f308519c6b0/screenshot - {}
RESULT: {}
RESULT: {}
COMMAND: POST /session/25c011aa293abf97c7913f308519c6b0/actions - {"actions":[{"id":"action52","type":"key","parameters":{},"actions":[{"type":"keyDown","value":""},{"type":"pause","duration":10},{"type":"keyUp","value":""}]}]}
RESULT: {"actions":[{"id":"action52","type":"key","parameters":{},"actions":[{"type":"keyDown","value":""},{"type":"pause","duration":10},{"type":"keyUp","value":""}]}]}
COMMAND: POST /session/25c011aa293abf97c7913f308519c6b0/execute/async - {"script":"<script> [1562 bytes]","args":[{"selector":{"id":"application-manageresources-display-component---newResourceUnit--resourceId","interaction":{"idSuffix":"inner"}},"wdio_ui5_key":"applicationmanageresources-display-component---newResourceUnit--resourceId"}]}
COMMAND: GET /session/25c011aa293abf97c7913f308519c6b0/screenshot - {}
RESULT: {"script":"<script> [1562 bytes]","args":[{"selector":{"id":"application-manageresources-display-component---newResourceUnit--resourceId","interaction":{"idSuffix":"inner"}},"wdio_ui5_key":"applicationmanageresources-display-component---newResourceUnit--resourceId"}]}
RESULT: undefined
COMMAND: POST /session/25c011aa293abf97c7913f308519c6b0/execute/async - {"script":"<script> [776 bytes]","args":[{"enterText":"BbE3FwZVJT","selector":{"id":"application-manageresources-display-component---newResourceUnit--resourceId","interaction":{"idSuffix":"inner"}},"clearTextFirst":true,"interactionType":"ENTER_TEXT"}]}
RESULT: {}
RESULT: {"script":"<script> [776 bytes]","args":[{"enterText":"BbE3FwZVJT","selector":{"id":"application-manageresources-display-component---newResourceUnit--resourceId","interaction":{"idSuffix":"inner"}},"clearTextFirst":true,"interactionType":"ENTER_TEXT"}]}
COMMAND: POST /session/25c011aa293abf97c7913f308519c6b0/execute/async - {"script":"<script> [1562 bytes]","args":[{"selector":{"id":"application-manageresources-display-component---newResourceUnit--SHORT_TEXT","interaction":{"idSuffix":"inner"}},"wdio_ui5_key":"applicationmanageresources-display-component---newResourceUnit--SHORT_TEXT"}]}
RESULT: {"script":"<script> [1562 bytes]","args":[{"selector":{"id":"application-manageresources-display-component---newResourceUnit--SHORT_TEXT","interaction":{"idSuffix":"inner"}},"wdio_ui5_key":"applicationmanageresources-display-component---newResourceUnit--SHORT_TEXT"}]}
RESULT: undefined
COMMAND: POST /session/25c011aa293abf97c7913f308519c6b0/execute/async - {"script":"<script> [776 bytes]","args":[{"enterText":"Intercompany Equipment WDIO","selector":{"id":"application-manageresources-display-component---newResourceUnit--SHORT_TEXT","interaction":{"idSuffix":"inner"}},"clearTextFirst":true,"interactionType":"ENTER_TEXT"}]}
RESULT: {"script":"<script> [776 bytes]","args":[{"enterText":"Intercompany Equipment WDIO","selector":{"id":"application-manageresources-display-component---newResourceUnit--SHORT_TEXT","interaction":{"idSuffix":"inner"}},"clearTextFirst":true,"interactionType":"ENTER_TEXT"}]}
COMMAND: POST /session/25c011aa293abf97c7913f308519c6b0/execute/async - {"script":"<script> [1562 bytes]","args":[{"selector":{"id":"application-manageresources-display-component---newResourceUnit--BASE_UNIT_OF_MEASURE","interaction":{"idSuffix":"inner"}},"wdio_ui5_key":"applicationmanageresources-display-component---newResourceUnit--BASE_UNIT_OF_MEASURE"}]}
RESULT: {"script":"<script> [1562 bytes]","args":[{"selector":{"id":"application-manageresources-display-component---newResourceUnit--BASE_UNIT_OF_MEASURE","interaction":{"idSuffix":"inner"}},"wdio_ui5_key":"applicationmanageresources-display-component---newResourceUnit--BASE_UNIT_OF_MEASURE"}]}
RESULT: undefined
COMMAND: POST /session/25c011aa293abf97c7913f308519c6b0/execute/async - {"script":"<script> [776 bytes]","args":[{"enterText":"Piece","selector":{"id":"application-manageresources-display-component---newResourceUnit--BASE_UNIT_OF_MEASURE","interaction":{"idSuffix":"inner"}},"clearTextFirst":true,"interactionType":"ENTER_TEXT"}]}
RESULT: {"script":"<script> [776 bytes]","args":[{"enterText":"Piece","selector":{"id":"application-manageresources-display-component---newResourceUnit--BASE_UNIT_OF_MEASURE","interaction":{"idSuffix":"inner"}},"clearTextFirst":true,"interactionType":"ENTER_TEXT"}]}
COMMAND: POST /session/25c011aa293abf97c7913f308519c6b0/execute/async - {"script":"<script> [1562 bytes]","args":[{"selector":{"id":"application-manageresources-display-component---newResourceUnit--WEIGHT_UNIT","interaction":{"idSuffix":"inner"}},"wdio_ui5_key":"applicationmanageresources-display-component---newResourceUnit--WEIGHT_UNIT"}]}
RESULT: {"script":"<script> [1562 bytes]","args":[{"selector":{"id":"application-manageresources-display-component---newResourceUnit--WEIGHT_UNIT","interaction":{"idSuffix":"inner"}},"wdio_ui5_key":"applicationmanageresources-display-component---newResourceUnit--WEIGHT_UNIT"}]}
RESULT: undefined
COMMAND: POST /session/25c011aa293abf97c7913f308519c6b0/execute/async - {"script":"<script> [776 bytes]","args":[{"enterText":"Gram","selector":{"id":"application-manageresources-display-component---newResourceUnit--WEIGHT_UNIT","interaction":{"idSuffix":"inner"}},"clearTextFirst":true,"interactionType":"ENTER_TEXT"}]}
RESULT: {"script":"<script> [776 bytes]","args":[{"enterText":"Gram","selector":{"id":"application-manageresources-display-component---newResourceUnit--WEIGHT_UNIT","interaction":{"idSuffix":"inner"}},"clearTextFirst":true,"interactionType":"ENTER_TEXT"}]}
COMMAND: POST /session/25c011aa293abf97c7913f308519c6b0/execute/async - {"script":"<script> [1562 bytes]","args":[{"selector":{"id":"application-manageresources-display-component---newResourceUnit--DIMENSION_UNIT","interaction":{"idSuffix":"inner"}},"wdio_ui5_key":"applicationmanageresources-display-component---newResourceUnit--DIMENSION_UNIT"}]}
RESULT: {"script":"<script> [1562 bytes]","args":[{"selector":{"id":"application-manageresources-display-component---newResourceUnit--DIMENSION_UNIT","interaction":{"idSuffix":"inner"}},"wdio_ui5_key":"applicationmanageresources-display-component---newResourceUnit--DIMENSION_UNIT"}]}
RESULT: undefined
COMMAND: POST /session/25c011aa293abf97c7913f308519c6b0/execute/async - {"script":"<script> [776 bytes]","args":[{"enterText":"Meter","selector":{"id":"application-manageresources-display-component---newResourceUnit--DIMENSION_UNIT","interaction":{"idSuffix":"inner"}},"clearTextFirst":true,"interactionType":"ENTER_TEXT"}]}
RESULT: {"script":"<script> [776 bytes]","args":[{"enterText":"Meter","selector":{"id":"application-manageresources-display-component---newResourceUnit--DIMENSION_UNIT","interaction":{"idSuffix":"inner"}},"clearTextFirst":true,"interactionType":"ENTER_TEXT"}]}
COMMAND: POST /session/25c011aa293abf97c7913f308519c6b0/execute/async - {"script":"<script> [1562 bytes]","args":[{"selector":{"id":"application-manageresources-display-component---newResourceUnit--newRRUPage-anchBar-application-manageresources-display-component---newResourceUnit--control-anchor","interaction":{"idSuffix":"BDI-content"}},"wdio_ui5_key":"applicationmanageresources-display-component---newResourceUnit--newRRUPage-anchBar-application-manageresources-display-component---newResourceUnit--control-anchor"}]}
RESULT: {"script":"<script> [1562 bytes]","args":[{"selector":{"id":"application-manageresources-display-component---newResourceUnit--newRRUPage-anchBar-application-manageresources-display-component---newResourceUnit--control-anchor","interaction":{"idSuffix":"BDI-content"}},"wdio_ui5_key":"applicationmanageresources-display-component---newResourceUnit--newRRUPage-anchBar-application-manageresources-display-component---newResourceUnit--control-anchor"}]}
RESULT: undefined
COMMAND: POST /session/25c011aa293abf97c7913f308519c6b0/element - {"using":"xpath","value":"//*[@id=\"application-manageresources-display-component---newResourceUnit--newRRUPage-anchBar-application-manageresources-display-component---newResourceUnit--control-anchor\"]"}
RESULT: {"using":"xpath","value":"//*[@id=\"application-manageresources-display-component---newResourceUnit--newRRUPage-anchBar-application-manageresources-display-component---newResourceUnit--control-anchor\"]"}
COMMAND: POST /session/25c011aa293abf97c7913f308519c6b0/element/f.A224BA6FA6224D464A8F44AD5BF2EA9F.d.16D6D7BAED514C5341E59854134D99C5.e.14961/click - {}
RESULT: {}
COMMAND: POST /session/25c011aa293abf97c7913f308519c6b0/execute/async - {"script":"<script> [1562 bytes]","args":[{"selector":{"id":"application-manageresources-display-component---newResourceUnit--PLANNING_GROUP","interaction":{"idSuffix":"inner"}},"wdio_ui5_key":"applicationmanageresources-display-component---newResourceUnit--PLANNING_GROUP"}]}
COMMAND: GET /session/25c011aa293abf97c7913f308519c6b0/screenshot - {}
RESULT: {"script":"<script> [1562 bytes]","args":[{"selector":{"id":"application-manageresources-display-component---newResourceUnit--PLANNING_GROUP","interaction":{"idSuffix":"inner"}},"wdio_ui5_key":"applicationmanageresources-display-component---newResourceUnit--PLANNING_GROUP"}]}
RESULT: undefined
COMMAND: POST /session/25c011aa293abf97c7913f308519c6b0/execute/async - {"script":"<script> [776 bytes]","args":[{"enterText":"Heavy Equi","selector":{"id":"application-manageresources-display-component---newResourceUnit--PLANNING_GROUP","interaction":{"idSuffix":"inner"}},"clearTextFirst":true,"interactionType":"ENTER_TEXT"}]}
RESULT: {}
RESULT: {"script":"<script> [776 bytes]","args":[{"enterText":"Heavy Equi","selector":{"id":"application-manageresources-display-component---newResourceUnit--PLANNING_GROUP","interaction":{"idSuffix":"inner"}},"clearTextFirst":true,"interactionType":"ENTER_TEXT"}]}
COMMAND: POST /session/25c011aa293abf97c7913f308519c6b0/execute/async - {"script":"<script> [1562 bytes]","args":[{"selector":{"id":"application-manageresources-display-component---newResourceUnit--ITEM_TYPE-arrow"},"wdio_ui5_key":"applicationmanageresources-display-component---newResourceUnit--ITEM_TYPE-arrow"}]}
RESULT: {"script":"<script> [1562 bytes]","args":[{"selector":{"id":"application-manageresources-display-component---newResourceUnit--ITEM_TYPE-arrow"},"wdio_ui5_key":"applicationmanageresources-display-component---newResourceUnit--ITEM_TYPE-arrow"}]}
RESULT: undefined
COMMAND: POST /session/25c011aa293abf97c7913f308519c6b0/element - {"using":"xpath","value":"//*[@id=\"application-manageresources-display-component---newResourceUnit--ITEM_TYPE-arrow\"]"}
RESULT: {"using":"xpath","value":"//*[@id=\"application-manageresources-display-component---newResourceUnit--ITEM_TYPE-arrow\"]"}
COMMAND: POST /session/25c011aa293abf97c7913f308519c6b0/element/f.A224BA6FA6224D464A8F44AD5BF2EA9F.d.16D6D7BAED514C5341E59854134D99C5.e.14968/click - {}
RESULT: {}
COMMAND: POST /session/25c011aa293abf97c7913f308519c6b0/element - {"using":"xpath","value":"//ul[contains(@id,\"ITEM_TYPE-popup-list-listUl\")]//li[.//span[contains(text(),\"Resource Unit\")]]"}
COMMAND: GET /session/25c011aa293abf97c7913f308519c6b0/screenshot - {}
RESULT: {"using":"xpath","value":"//ul[contains(@id,\"ITEM_TYPE-popup-list-listUl\")]//li[.//span[contains(text(),\"Resource Unit\")]]"}
COMMAND: POST /session/25c011aa293abf97c7913f308519c6b0/element/f.A224BA6FA6224D464A8F44AD5BF2EA9F.d.16D6D7BAED514C5341E59854134D99C5.e.14969/click - {}
RESULT: {}
RESULT: {}
COMMAND: GET /session/25c011aa293abf97c7913f308519c6b0/screenshot - {}
RESULT: {}
COMMAND: POST /session/25c011aa293abf97c7913f308519c6b0/element - {"using":"css selector","value":"#application-manageresources-display-component---newResourceUnit--btnAddTimeSegment"}
RESULT: {"using":"css selector","value":"#application-manageresources-display-component---newResourceUnit--btnAddTimeSegment"}
COMMAND: GET /session/25c011aa293abf97c7913f308519c6b0/element/f.A224BA6FA6224D464A8F44AD5BF2EA9F.d.16D6D7BAED514C5341E59854134D99C5.e.14977/rect - {}
RESULT: {}
COMMAND: GET /session/25c011aa293abf97c7913f308519c6b0/window/rect - {}
RESULT: {}
COMMAND: POST /session/25c011aa293abf97c7913f308519c6b0/execute/sync - {"script":"<script> [92 bytes]","args":[]}
RESULT: {"script":"<script> [92 bytes]","args":[]}
COMMAND: POST /session/25c011aa293abf97c7913f308519c6b0/actions - {"actions":[{"id":"action53","type":"wheel","parameters":{},"actions":[{"type":"scroll","x":-1888,"y":-32,"deltaX":0,"deltaY":0,"duration":0,"origin":{"element-6066-11e4-a52e-4f735466cecf":"f.A224BA6FA6224D464A8F44AD5BF2EA9F.d.16D6D7BAED514C5341E59854134D99C5.e.14977"}}]}]}
COMMAND: GET /session/25c011aa293abf97c7913f308519c6b0/screenshot - {}
RESULT: {}
COMMAND: POST /session/25c011aa293abf97c7913f308519c6b0/execute/sync - {"script":"<script> [79 bytes]","args":[{"element-6066-11e4-a52e-4f735466cecf":"f.A224BA6FA6224D464A8F44AD5BF2EA9F.d.16D6D7BAED514C5341E59854134D99C5.e.14977","ELEMENT":"f.A224BA6FA6224D464A8F44AD5BF2EA9F.d.16D6D7BAED514C5341E59854134D99C5.e.14977"},{"block":"start","inline":"nearest"}]}
RESULT: {"script":"<script> [79 bytes]","args":[{"element-6066-11e4-a52e-4f735466cecf":"f.A224BA6FA6224D464A8F44AD5BF2EA9F.d.16D6D7BAED514C5341E59854134D99C5.e.14977","ELEMENT":"f.A224BA6FA6224D464A8F44AD5BF2EA9F.d.16D6D7BAED514C5341E59854134D99C5.e.14977"},{"block":"start","inline":"nearest"}]}
COMMAND: POST /session/25c011aa293abf97c7913f308519c6b0/execute/async - {"script":"<script> [1562 bytes]","args":[{"selector":{"id":"application-manageresources-display-component---newResourceUnit--btnAddTimeSegment","interaction":{"idSuffix":"inner"}},"wdio_ui5_key":"applicationmanageresources-display-component---newResourceUnit--btnAddTimeSegment"}]}
COMMAND: GET /session/25c011aa293abf97c7913f308519c6b0/screenshot - {}
RESULT: {"script":"<script> [1562 bytes]","args":[{"selector":{"id":"application-manageresources-display-component---newResourceUnit--btnAddTimeSegment","interaction":{"idSuffix":"inner"}},"wdio_ui5_key":"applicationmanageresources-display-component---newResourceUnit--btnAddTimeSegment"}]}
RESULT: undefined
COMMAND: POST /session/25c011aa293abf97c7913f308519c6b0/element - {"using":"xpath","value":"//*[@id=\"application-manageresources-display-component---newResourceUnit--btnAddTimeSegment\"]"}
RESULT: {}
RESULT: {"using":"xpath","value":"//*[@id=\"application-manageresources-display-component---newResourceUnit--btnAddTimeSegment\"]"}
COMMAND: POST /session/25c011aa293abf97c7913f308519c6b0/element/f.A224BA6FA6224D464A8F44AD5BF2EA9F.d.16D6D7BAED514C5341E59854134D99C5.e.14977/click - {}
RESULT: {}
COMMAND: GET /session/25c011aa293abf97c7913f308519c6b0/screenshot - {}
RESULT: {}
COMMAND: POST /session/25c011aa293abf97c7913f308519c6b0/element - {"using":"xpath","value":"//input[@id=\"application-manageresources-display-component---newResourceUnit--idRuTSAdmin-application-manageresources-display-component---newResourceUnit--RUTimeSegment-0-inner\"]"}
RESULT: {"using":"xpath","value":"//input[@id=\"application-manageresources-display-component---newResourceUnit--idRuTSAdmin-application-manageresources-display-component---newResourceUnit--RUTimeSegment-0-inner\"]"}
COMMAND: POST /session/25c011aa293abf97c7913f308519c6b0/element/f.A224BA6FA6224D464A8F44AD5BF2EA9F.d.16D6D7BAED514C5341E59854134D99C5.e.14983/clear - {}
RESULT: {}
COMMAND: POST /session/25c011aa293abf97c7913f308519c6b0/element/f.A224BA6FA6224D464A8F44AD5BF2EA9F.d.16D6D7BAED514C5341E59854134D99C5.e.14983/value - {"text":"246"}
COMMAND: GET /session/25c011aa293abf97c7913f308519c6b0/screenshot - {}
RESULT: {"text":"246"}
COMMAND: GET /session/25c011aa293abf97c7913f308519c6b0/screenshot - {}
RESULT: {}
RESULT: {}
COMMAND: POST /session/25c011aa293abf97c7913f308519c6b0/element - {"using":"xpath","value":"//li[.//span[text()='246']]"}
RESULT: {"using":"xpath","value":"//li[.//span[text()='246']]"}
COMMAND: POST /session/25c011aa293abf97c7913f308519c6b0/element/f.A224BA6FA6224D464A8F44AD5BF2EA9F.d.16D6D7BAED514C5341E59854134D99C5.e.14994/click - {}
RESULT: {}
COMMAND: GET /session/25c011aa293abf97c7913f308519c6b0/screenshot - {}
RESULT: {}
COMMAND: POST /session/25c011aa293abf97c7913f308519c6b0/element - {"using":"xpath","value":"(//span[contains(@id, \"-application-manageresources-display-component---newResourceUnit--RUTimeSegment-0-arrow\")])[6]"}
RESULT: {"using":"xpath","value":"(//span[contains(@id, \"-application-manageresources-display-component---newResourceUnit--RUTimeSegment-0-arrow\")])[6]"}
COMMAND: POST /session/25c011aa293abf97c7913f308519c6b0/element/f.A224BA6FA6224D464A8F44AD5BF2EA9F.d.16D6D7BAED514C5341E59854134D99C5.e.14995/click - {}
RESULT: {}
COMMAND: GET /session/25c011aa293abf97c7913f308519c6b0/screenshot - {}
RESULT: {}
COMMAND: POST /session/25c011aa293abf97c7913f308519c6b0/element - {"using":"xpath","value":"//span[contains(text(), \"PM Order\")]"}
RESULT: {"using":"xpath","value":"//span[contains(text(), \"PM Order\")]"}
COMMAND: POST /session/25c011aa293abf97c7913f308519c6b0/element/f.A224BA6FA6224D464A8F44AD5BF2EA9F.d.16D6D7BAED514C5341E59854134D99C5.e.14998/click - {}
RESULT: {}
COMMAND: GET /session/25c011aa293abf97c7913f308519c6b0/screenshot - {}
RESULT: {}
COMMAND: POST /session/25c011aa293abf97c7913f308519c6b0/element - {"using":"xpath","value":"(//span[contains(@id ,\"manageresources-display-component---newResourceUnit--RUTimeSegment-0-vhi\")])[1]"}
RESULT: {"using":"xpath","value":"(//span[contains(@id ,\"manageresources-display-component---newResourceUnit--RUTimeSegment-0-vhi\")])[1]"}
COMMAND: GET /session/25c011aa293abf97c7913f308519c6b0/element/f.A224BA6FA6224D464A8F44AD5BF2EA9F.d.16D6D7BAED514C5341E59854134D99C5.e.15002/rect - {}
RESULT: {}
COMMAND: GET /session/25c011aa293abf97c7913f308519c6b0/window/rect - {}
RESULT: {}
COMMAND: POST /session/25c011aa293abf97c7913f308519c6b0/execute/sync - {"script":"<script> [92 bytes]","args":[]}
RESULT: {"script":"<script> [92 bytes]","args":[]}
COMMAND: POST /session/25c011aa293abf97c7913f308519c6b0/actions - {"actions":[{"id":"action54","type":"wheel","parameters":{},"actions":[{"type":"scroll","x":-869,"y":-24,"deltaX":0,"deltaY":0,"duration":0,"origin":{"element-6066-11e4-a52e-4f735466cecf":"f.A224BA6FA6224D464A8F44AD5BF2EA9F.d.16D6D7BAED514C5341E59854134D99C5.e.15002"}}]}]}
COMMAND: GET /session/25c011aa293abf97c7913f308519c6b0/screenshot - {}
RESULT: {"actions":[{"id":"action54","type":"wheel","parameters":{},"actions":[{"type":"scroll","x":-869,"y":-24,"deltaX":0,"deltaY":0,"duration":0,"origin":{"element-6066-11e4-a52e-4f735466cecf":"f.A224BA6FA6224D464A8F44AD5BF2EA9F.d.16D6D7BAED514C5341E59854134D99C5.e.15002"}}]}]}
COMMAND: DELETE /session/25c011aa293abf97c7913f308519c6b0/actions - {}
COMMAND: GET /session/25c011aa293abf97c7913f308519c6b0/screenshot - {}
RESULT: {}
RESULT: {}
COMMAND: GET /session/25c011aa293abf97c7913f308519c6b0/screenshot - {}
RESULT: {}
RESULT: {}
COMMAND: POST /session/25c011aa293abf97c7913f308519c6b0/element/f.A224BA6FA6224D464A8F44AD5BF2EA9F.d.16D6D7BAED514C5341E59854134D99C5.e.15002/click - {}
RESULT: {}
COMMAND: GET /session/25c011aa293abf97c7913f308519c6b0/screenshot - {}
RESULT: {}
COMMAND: POST /session/25c011aa293abf97c7913f308519c6b0/execute/async - {"script":"<script> [1562 bytes]","args":[{"selector":{"controlType":"sap.m.SearchField","properties":{"placeholder":"Search"},"searchOpenDialogs":true,"interaction":{"idSuffix":"I"}},"wdio_ui5_key":"sapm.SearchField{\"placeholder\":\"Search\"}"}]}
RESULT: {"script":"<script> [1562 bytes]","args":[{"selector":{"controlType":"sap.m.SearchField","properties":{"placeholder":"Search"},"searchOpenDialogs":true,"interaction":{"idSuffix":"I"}},"wdio_ui5_key":"sapm.SearchField{\"placeholder\":\"Search\"}"}]}
RESULT: undefined
COMMAND: POST /session/25c011aa293abf97c7913f308519c6b0/execute/async - {"script":"<script> [776 bytes]","args":[{"enterText":"4000360","selector":{"controlType":"sap.m.SearchField","properties":{"placeholder":"Search"},"searchOpenDialogs":true,"interaction":{"idSuffix":"I"}},"clearTextFirst":true,"interactionType":"ENTER_TEXT"}]}
RESULT: {"script":"<script> [776 bytes]","args":[{"enterText":"4000360","selector":{"controlType":"sap.m.SearchField","properties":{"placeholder":"Search"},"searchOpenDialogs":true,"interaction":{"idSuffix":"I"}},"clearTextFirst":true,"interactionType":"ENTER_TEXT"}]}
COMMAND: POST /session/25c011aa293abf97c7913f308519c6b0/actions - {"actions":[{"id":"action55","type":"key","parameters":{},"actions":[{"type":"keyDown","value":""},{"type":"pause","duration":10},{"type":"keyUp","value":""}]}]}
RESULT: {"actions":[{"id":"action55","type":"key","parameters":{},"actions":[{"type":"keyDown","value":""},{"type":"pause","duration":10},{"type":"keyUp","value":""}]}]}
COMMAND: GET /session/25c011aa293abf97c7913f308519c6b0/screenshot - {}
RESULT: {}
COMMAND: POST /session/25c011aa293abf97c7913f308519c6b0/element - {"using":"xpath","value":"//td/div/span[contains(text(), \"BGL Vehicles\")]"}
RESULT: {"using":"xpath","value":"//td/div/span[contains(text(), \"BGL Vehicles\")]"}
COMMAND: POST /session/25c011aa293abf97c7913f308519c6b0/element/f.A224BA6FA6224D464A8F44AD5BF2EA9F.d.16D6D7BAED514C5341E59854134D99C5.e.15025/click - {}
RESULT: {}
COMMAND: GET /session/25c011aa293abf97c7913f308519c6b0/screenshot - {}
RESULT: {}
COMMAND: POST /session/25c011aa293abf97c7913f308519c6b0/element - {"using":"xpath","value":"//bdi[contains(text(), \"OK\")]"}
RESULT: {"using":"xpath","value":"//bdi[contains(text(), \"OK\")]"}
COMMAND: POST /session/25c011aa293abf97c7913f308519c6b0/element/f.A224BA6FA6224D464A8F44AD5BF2EA9F.d.16D6D7BAED514C5341E59854134D99C5.e.15026/click - {}
RESULT: {}
COMMAND: GET /session/25c011aa293abf97c7913f308519c6b0/screenshot - {}
RESULT: {}
COMMAND: POST /session/25c011aa293abf97c7913f308519c6b0/execute/async - {"script":"<script> [1562 bytes]","args":[{"selector":{"id":"application-manageresources-display-component---newResourceUnit--newRRUPage-anchBar-application-manageresources-display-component---newResourceUnit--resource-anchor","interaction":{"idSuffix":"BDI-content"}},"wdio_ui5_key":"applicationmanageresources-display-component---newResourceUnit--newRRUPage-anchBar-application-manageresources-display-component---newResourceUnit--resource-anchor"}]}
RESULT: {"script":"<script> [1562 bytes]","args":[{"selector":{"id":"application-manageresources-display-component---newResourceUnit--newRRUPage-anchBar-application-manageresources-display-component---newResourceUnit--resource-anchor","interaction":{"idSuffix":"BDI-content"}},"wdio_ui5_key":"applicationmanageresources-display-component---newResourceUnit--newRRUPage-anchBar-application-manageresources-display-component---newResourceUnit--resource-anchor"}]}
RESULT: undefined
COMMAND: POST /session/25c011aa293abf97c7913f308519c6b0/element - {"using":"xpath","value":"//*[@id=\"application-manageresources-display-component---newResourceUnit--newRRUPage-anchBar-application-manageresources-display-component---newResourceUnit--resource-anchor\"]"}
RESULT: {"using":"xpath","value":"//*[@id=\"application-manageresources-display-component---newResourceUnit--newRRUPage-anchBar-application-manageresources-display-component---newResourceUnit--resource-anchor\"]"}
COMMAND: POST /session/25c011aa293abf97c7913f308519c6b0/element/f.A224BA6FA6224D464A8F44AD5BF2EA9F.d.16D6D7BAED514C5341E59854134D99C5.e.15030/click - {}
RESULT: {}
COMMAND: POST /session/25c011aa293abf97c7913f308519c6b0/execute/async - {"script":"<script> [1562 bytes]","args":[{"selector":{"id":"application-manageresources-display-component---newResourceUnit--PLANNED_DELIVERY_DATE","interaction":{"idSuffix":"inner"}},"wdio_ui5_key":"applicationmanageresources-display-component---newResourceUnit--PLANNED_DELIVERY_DATE"}]}
COMMAND: GET /session/25c011aa293abf97c7913f308519c6b0/screenshot - {}
RESULT: {"script":"<script> [1562 bytes]","args":[{"selector":{"id":"application-manageresources-display-component---newResourceUnit--PLANNED_DELIVERY_DATE","interaction":{"idSuffix":"inner"}},"wdio_ui5_key":"applicationmanageresources-display-component---newResourceUnit--PLANNED_DELIVERY_DATE"}]}
RESULT: undefined
COMMAND: POST /session/25c011aa293abf97c7913f308519c6b0/execute/async - {"script":"<script> [6424 bytes]","args":[{"element-6066-11e4-a52e-4f735466cecf":"f.A224BA6FA6224D464A8F44AD5BF2EA9F.d.16D6D7BAED514C5341E59854134D99C5.e.14861"},"setValue",["6/13/25"]]}
RESULT: {}
RESULT: {"script":"<script> [6424 bytes]","args":[{"element-6066-11e4-a52e-4f735466cecf":"f.A224BA6FA6224D464A8F44AD5BF2EA9F.d.16D6D7BAED514C5341E59854134D99C5.e.14861"},"setValue",["6/13/25"]]}
COMMAND: POST /session/25c011aa293abf97c7913f308519c6b0/element - {"using":"xpath","value":"//label[contains(@class, 'sapMLabelRequired') and .//bdi[contains(text(), 'Planned Retirement')]]"}
RESULT: {"using":"xpath","value":"//label[contains(@class, 'sapMLabelRequired') and .//bdi[contains(text(), 'Planned Retirement')]]"}
COMMAND: POST /session/25c011aa293abf97c7913f308519c6b0/elements - {"using":"xpath","value":"//label[contains(@class, 'sapMLabelRequired') and .//bdi[contains(text(), 'Planned Retirement')]]"}
RESULT: {"using":"xpath","value":"//label[contains(@class, 'sapMLabelRequired') and .//bdi[contains(text(), 'Planned Retirement')]]"}
COMMAND: POST /session/25c011aa293abf97c7913f308519c6b0/element - {"using":"xpath","value":"//button[@data-kt=\"resourceUnitSaveButton\"]"}
RESULT: {"using":"xpath","value":"//button[@data-kt=\"resourceUnitSaveButton\"]"}
COMMAND: POST /session/25c011aa293abf97c7913f308519c6b0/element/f.A224BA6FA6224D464A8F44AD5BF2EA9F.d.16D6D7BAED514C5341E59854134D99C5.e.14820/click - {}
RESULT: {}
COMMAND: GET /session/25c011aa293abf97c7913f308519c6b0/screenshot - {}
RESULT: {}
COMMAND: POST /session/25c011aa293abf97c7913f308519c6b0/element - {"using":"xpath","value":"//bdi[contains(text(), \"Close\")]"}
RESULT: {"using":"xpath","value":"//bdi[contains(text(), \"Close\")]"}
COMMAND: POST /session/25c011aa293abf97c7913f308519c6b0/element/f.A224BA6FA6224D464A8F44AD5BF2EA9F.d.16D6D7BAED514C5341E59854134D99C5.e.15040/click - {}
RESULT: {}
COMMAND: GET /session/25c011aa293abf97c7913f308519c6b0/screenshot - {}
RESULT: {}
COMMAND: POST /session/25c011aa293abf97c7913f308519c6b0/element - {"using":"xpath","value":"(//button[contains(@id ,\"actionsToolbar-overflowButton\")])[1]"}
RESULT: {"using":"xpath","value":"(//button[contains(@id ,\"actionsToolbar-overflowButton\")])[1]"}
COMMAND: POST /session/25c011aa293abf97c7913f308519c6b0/element/f.A224BA6FA6224D464A8F44AD5BF2EA9F.d.16D6D7BAED514C5341E59854134D99C5.e.15095/click - {}
RESULT: {}
COMMAND: GET /session/25c011aa293abf97c7913f308519c6b0/screenshot - {}
RESULT: {}
COMMAND: POST /session/25c011aa293abf97c7913f308519c6b0/element - {"using":"xpath","value":"//button[@data-kt=\"priceInfoButton\"]"}
RESULT: {"using":"xpath","value":"//button[@data-kt=\"priceInfoButton\"]"}
COMMAND: POST /session/25c011aa293abf97c7913f308519c6b0/element/f.A224BA6FA6224D464A8F44AD5BF2EA9F.d.16D6D7BAED514C5341E59854134D99C5.e.15097/click - {}
RESULT: {}
COMMAND: GET /session/25c011aa293abf97c7913f308519c6b0/screenshot - {}
]]></system-out>
    </testcase>
    <testcase classname="chrome.137_0_7151_69.windows.Performance_based_billing_(work_days)_US139742" name="Should create a pricing rule perf based on the equipment" time="53.989">
      <system-out><![CDATA[
COMMAND: POST /session/25c011aa293abf97c7913f308519c6b0/element - {"using":"xpath","value":"//button[@data-kt=\"addButton\"]"}
RESULT: {}
RESULT: {"using":"xpath","value":"//button[@data-kt=\"addButton\"]"}
COMMAND: POST /session/25c011aa293abf97c7913f308519c6b0/elements - {"using":"xpath","value":"//button[@data-kt=\"addButton\"]"}
RESULT: {"using":"xpath","value":"//button[@data-kt=\"addButton\"]"}
COMMAND: POST /session/25c011aa293abf97c7913f308519c6b0/execute/sync - {"script":"<script> [8489 bytes]","args":[{"element-6066-11e4-a52e-4f735466cecf":"f.A224BA6FA6224D464A8F44AD5BF2EA9F.d.16D6D7BAED514C5341E59854134D99C5.e.15143","ELEMENT":"f.A224BA6FA6224D464A8F44AD5BF2EA9F.d.16D6D7BAED514C5341E59854134D99C5.e.15143"}]}
RESULT: {"script":"<script> [8489 bytes]","args":[{"element-6066-11e4-a52e-4f735466cecf":"f.A224BA6FA6224D464A8F44AD5BF2EA9F.d.16D6D7BAED514C5341E59854134D99C5.e.15143","ELEMENT":"f.A224BA6FA6224D464A8F44AD5BF2EA9F.d.16D6D7BAED514C5341E59854134D99C5.e.15143"}]}
COMMAND: GET /session/25c011aa293abf97c7913f308519c6b0/element/f.A224BA6FA6224D464A8F44AD5BF2EA9F.d.16D6D7BAED514C5341E59854134D99C5.e.15143/enabled - {}
COMMAND: GET /session/25c011aa293abf97c7913f308519c6b0/screenshot - {}
RESULT: {}
COMMAND: POST /session/25c011aa293abf97c7913f308519c6b0/execute/sync - {"script":"<script> [8489 bytes]","args":[{"element-6066-11e4-a52e-4f735466cecf":"f.A224BA6FA6224D464A8F44AD5BF2EA9F.d.16D6D7BAED514C5341E59854134D99C5.e.15143","ELEMENT":"f.A224BA6FA6224D464A8F44AD5BF2EA9F.d.16D6D7BAED514C5341E59854134D99C5.e.15143"}]}
COMMAND: GET /session/25c011aa293abf97c7913f308519c6b0/screenshot - {}
RESULT: {}
RESULT: {"script":"<script> [8489 bytes]","args":[{"element-6066-11e4-a52e-4f735466cecf":"f.A224BA6FA6224D464A8F44AD5BF2EA9F.d.16D6D7BAED514C5341E59854134D99C5.e.15143","ELEMENT":"f.A224BA6FA6224D464A8F44AD5BF2EA9F.d.16D6D7BAED514C5341E59854134D99C5.e.15143"}]}
COMMAND: POST /session/25c011aa293abf97c7913f308519c6b0/execute/sync - {"script":"<script> [5351 bytes]","args":[{"element-6066-11e4-a52e-4f735466cecf":"f.A224BA6FA6224D464A8F44AD5BF2EA9F.d.16D6D7BAED514C5341E59854134D99C5.e.15143","ELEMENT":"f.A224BA6FA6224D464A8F44AD5BF2EA9F.d.16D6D7BAED514C5341E59854134D99C5.e.15143"}]}
COMMAND: GET /session/25c011aa293abf97c7913f308519c6b0/screenshot - {}
RESULT: {}
RESULT: {"script":"<script> [5351 bytes]","args":[{"element-6066-11e4-a52e-4f735466cecf":"f.A224BA6FA6224D464A8F44AD5BF2EA9F.d.16D6D7BAED514C5341E59854134D99C5.e.15143","ELEMENT":"f.A224BA6FA6224D464A8F44AD5BF2EA9F.d.16D6D7BAED514C5341E59854134D99C5.e.15143"}]}
COMMAND: POST /session/25c011aa293abf97c7913f308519c6b0/element/f.A224BA6FA6224D464A8F44AD5BF2EA9F.d.16D6D7BAED514C5341E59854134D99C5.e.15143/click - {}
COMMAND: GET /session/25c011aa293abf97c7913f308519c6b0/screenshot - {}
RESULT: {}
RESULT: {}
COMMAND: GET /session/25c011aa293abf97c7913f308519c6b0/screenshot - {}
RESULT: {}
RESULT: {}
COMMAND: POST /session/25c011aa293abf97c7913f308519c6b0/execute/async - {"script":"<script> [1562 bytes]","args":[{"selector":{"controlType":"sap.m.Title","viewName":"etm.portal.ui.managepricingrules.view.NewItem","viewId":"application-managepricingrules-display-component---newInfoPriceItem","properties":{"text":"New Pricing Rules - Item Level"}},"wdio_ui5_key":"etmportal.ui.managepricingrules.view.NewItemsap.m.Title{\"text\":\"New Pricing Rules - Item Level\"}"}]}
RESULT: {"script":"<script> [1562 bytes]","args":[{"selector":{"controlType":"sap.m.Title","viewName":"etm.portal.ui.managepricingrules.view.NewItem","viewId":"application-managepricingrules-display-component---newInfoPriceItem","properties":{"text":"New Pricing Rules - Item Level"}},"wdio_ui5_key":"etmportal.ui.managepricingrules.view.NewItemsap.m.Title{\"text\":\"New Pricing Rules - Item Level\"}"}]}
RESULT: undefined
COMMAND: POST /session/25c011aa293abf97c7913f308519c6b0/execute/async - {"script":"<script> [6424 bytes]","args":[{"element-6066-11e4-a52e-4f735466cecf":"f.A224BA6FA6224D464A8F44AD5BF2EA9F.d.16D6D7BAED514C5341E59854134D99C5.e.15328"},"getText",[]]}
RESULT: {"script":"<script> [6424 bytes]","args":[{"element-6066-11e4-a52e-4f735466cecf":"f.A224BA6FA6224D464A8F44AD5BF2EA9F.d.16D6D7BAED514C5341E59854134D99C5.e.15328"},"getText",[]]}
COMMAND: POST /session/25c011aa293abf97c7913f308519c6b0/execute/async - {"script":"<script> [1562 bytes]","args":[{"selector":{"id":"application-managepricingrules-display-component---newInfoPriceItem--condValidTo","interaction":{"idSuffix":"inner"}},"wdio_ui5_key":"applicationmanagepricingrules-display-component---newInfoPriceItem--condValidTo"}]}
RESULT: {"script":"<script> [1562 bytes]","args":[{"selector":{"id":"application-managepricingrules-display-component---newInfoPriceItem--condValidTo","interaction":{"idSuffix":"inner"}},"wdio_ui5_key":"applicationmanagepricingrules-display-component---newInfoPriceItem--condValidTo"}]}
RESULT: undefined
COMMAND: POST /session/25c011aa293abf97c7913f308519c6b0/execute/async - {"script":"<script> [776 bytes]","args":[{"enterText":"2/13/26","selector":{"id":"application-managepricingrules-display-component---newInfoPriceItem--condValidTo","interaction":{"idSuffix":"inner"}},"clearTextFirst":true,"interactionType":"ENTER_TEXT"}]}
RESULT: {"script":"<script> [776 bytes]","args":[{"enterText":"2/13/26","selector":{"id":"application-managepricingrules-display-component---newInfoPriceItem--condValidTo","interaction":{"idSuffix":"inner"}},"clearTextFirst":true,"interactionType":"ENTER_TEXT"}]}
COMMAND: POST /session/25c011aa293abf97c7913f308519c6b0/execute/async - {"script":"<script> [1562 bytes]","args":[{"selector":{"id":"application-managepricingrules-display-component---newInfoPriceItem--billType-arrow"},"wdio_ui5_key":"applicationmanagepricingrules-display-component---newInfoPriceItem--billType-arrow"}]}
RESULT: {"script":"<script> [1562 bytes]","args":[{"selector":{"id":"application-managepricingrules-display-component---newInfoPriceItem--billType-arrow"},"wdio_ui5_key":"applicationmanagepricingrules-display-component---newInfoPriceItem--billType-arrow"}]}
RESULT: undefined
COMMAND: POST /session/25c011aa293abf97c7913f308519c6b0/element - {"using":"xpath","value":"//*[@id=\"application-managepricingrules-display-component---newInfoPriceItem--billType-arrow\"]"}
RESULT: {"using":"xpath","value":"//*[@id=\"application-managepricingrules-display-component---newInfoPriceItem--billType-arrow\"]"}
COMMAND: POST /session/25c011aa293abf97c7913f308519c6b0/element/f.A224BA6FA6224D464A8F44AD5BF2EA9F.d.16D6D7BAED514C5341E59854134D99C5.e.15288/click - {}
RESULT: {}
COMMAND: POST /session/25c011aa293abf97c7913f308519c6b0/element - {"using":"xpath","value":"//span[contains(text(), \"PB - Performance based\")]"}
COMMAND: GET /session/25c011aa293abf97c7913f308519c6b0/screenshot - {}
RESULT: {"using":"xpath","value":"//span[contains(text(), \"PB - Performance based\")]"}
COMMAND: POST /session/25c011aa293abf97c7913f308519c6b0/element/f.A224BA6FA6224D464A8F44AD5BF2EA9F.d.16D6D7BAED514C5341E59854134D99C5.e.15330/click - {}
RESULT: {}
RESULT: {}
COMMAND: POST /session/25c011aa293abf97c7913f308519c6b0/execute/async - {"script":"<script> [1562 bytes]","args":[{"selector":{"id":"application-managepricingrules-display-component---newInfoPriceItem--priceProc-arrow"},"wdio_ui5_key":"applicationmanagepricingrules-display-component---newInfoPriceItem--priceProc-arrow"}]}
COMMAND: GET /session/25c011aa293abf97c7913f308519c6b0/screenshot - {}
RESULT: {"script":"<script> [1562 bytes]","args":[{"selector":{"id":"application-managepricingrules-display-component---newInfoPriceItem--priceProc-arrow"},"wdio_ui5_key":"applicationmanagepricingrules-display-component---newInfoPriceItem--priceProc-arrow"}]}
RESULT: undefined
COMMAND: POST /session/25c011aa293abf97c7913f308519c6b0/element - {"using":"xpath","value":"//*[@id=\"application-managepricingrules-display-component---newInfoPriceItem--priceProc-arrow\"]"}
RESULT: {}
RESULT: {"using":"xpath","value":"//*[@id=\"application-managepricingrules-display-component---newInfoPriceItem--priceProc-arrow\"]"}
COMMAND: POST /session/25c011aa293abf97c7913f308519c6b0/element/f.A224BA6FA6224D464A8F44AD5BF2EA9F.d.16D6D7BAED514C5341E59854134D99C5.e.15295/click - {}
RESULT: {}
COMMAND: POST /session/25c011aa293abf97c7913f308519c6b0/element - {"using":"xpath","value":"//span[contains(text(), \"PRF - Performance based\")]"}
COMMAND: GET /session/25c011aa293abf97c7913f308519c6b0/screenshot - {}
RESULT: {"using":"xpath","value":"//span[contains(text(), \"PRF - Performance based\")]"}
COMMAND: POST /session/25c011aa293abf97c7913f308519c6b0/element/f.A224BA6FA6224D464A8F44AD5BF2EA9F.d.16D6D7BAED514C5341E59854134D99C5.e.15331/click - {}
RESULT: {}
RESULT: {}
COMMAND: POST /session/25c011aa293abf97c7913f308519c6b0/execute/async - {"script":"<script> [1562 bytes]","args":[{"selector":{"id":"application-managepricingrules-display-component---newInfoPriceItem--calcBase-arrow"},"wdio_ui5_key":"applicationmanagepricingrules-display-component---newInfoPriceItem--calcBase-arrow"}]}
COMMAND: GET /session/25c011aa293abf97c7913f308519c6b0/screenshot - {}
RESULT: {"script":"<script> [1562 bytes]","args":[{"selector":{"id":"application-managepricingrules-display-component---newInfoPriceItem--calcBase-arrow"},"wdio_ui5_key":"applicationmanagepricingrules-display-component---newInfoPriceItem--calcBase-arrow"}]}
RESULT: undefined
COMMAND: POST /session/25c011aa293abf97c7913f308519c6b0/element - {"using":"xpath","value":"//*[@id=\"application-managepricingrules-display-component---newInfoPriceItem--calcBase-arrow\"]"}
RESULT: {}
RESULT: {"using":"xpath","value":"//*[@id=\"application-managepricingrules-display-component---newInfoPriceItem--calcBase-arrow\"]"}
COMMAND: POST /session/25c011aa293abf97c7913f308519c6b0/element/f.A224BA6FA6224D464A8F44AD5BF2EA9F.d.16D6D7BAED514C5341E59854134D99C5.e.15302/click - {}
RESULT: {}
COMMAND: GET /session/25c011aa293abf97c7913f308519c6b0/screenshot - {}
RESULT: {}
COMMAND: POST /session/25c011aa293abf97c7913f308519c6b0/element - {"using":"xpath","value":"//span[contains(text(), \"0007 - PB(work days)\")]"}
RESULT: {"using":"xpath","value":"//span[contains(text(), \"0007 - PB(work days)\")]"}
COMMAND: POST /session/25c011aa293abf97c7913f308519c6b0/element/f.A224BA6FA6224D464A8F44AD5BF2EA9F.d.16D6D7BAED514C5341E59854134D99C5.e.15332/click - {}
RESULT: {}
COMMAND: GET /session/25c011aa293abf97c7913f308519c6b0/screenshot - {}
RESULT: {}
COMMAND: POST /session/25c011aa293abf97c7913f308519c6b0/execute/async - {"script":"<script> [1562 bytes]","args":[{"selector":{"id":"application-managepricingrules-display-component---newInfoPriceItem--hoursMonth","interaction":{"idSuffix":"inner"}},"wdio_ui5_key":"applicationmanagepricingrules-display-component---newInfoPriceItem--hoursMonth"}]}
RESULT: {"script":"<script> [1562 bytes]","args":[{"selector":{"id":"application-managepricingrules-display-component---newInfoPriceItem--hoursMonth","interaction":{"idSuffix":"inner"}},"wdio_ui5_key":"applicationmanagepricingrules-display-component---newInfoPriceItem--hoursMonth"}]}
RESULT: undefined
COMMAND: POST /session/25c011aa293abf97c7913f308519c6b0/execute/async - {"script":"<script> [776 bytes]","args":[{"enterText":"160","selector":{"id":"application-managepricingrules-display-component---newInfoPriceItem--hoursMonth","interaction":{"idSuffix":"inner"}},"clearTextFirst":true,"interactionType":"ENTER_TEXT"}]}
RESULT: {"script":"<script> [776 bytes]","args":[{"enterText":"160","selector":{"id":"application-managepricingrules-display-component---newInfoPriceItem--hoursMonth","interaction":{"idSuffix":"inner"}},"clearTextFirst":true,"interactionType":"ENTER_TEXT"}]}
COMMAND: POST /session/25c011aa293abf97c7913f308519c6b0/element - {"using":"xpath","value":"//button[@data-kt=\"saveNewRuleButton\"]"}
RESULT: {"using":"xpath","value":"//button[@data-kt=\"saveNewRuleButton\"]"}
COMMAND: POST /session/25c011aa293abf97c7913f308519c6b0/element/f.A224BA6FA6224D464A8F44AD5BF2EA9F.d.16D6D7BAED514C5341E59854134D99C5.e.15322/click - {}
RESULT: {}
COMMAND: GET /session/25c011aa293abf97c7913f308519c6b0/screenshot - {}
RESULT: {}
COMMAND: POST /session/25c011aa293abf97c7913f308519c6b0/execute/async - {"script":"<script> [1562 bytes]","args":[{"selector":{"id":"application-managepricingrules-display-component---priceInfoItem--smartFilterBar-btnBasicSearch","interaction":{"idSuffix":"I"}},"wdio_ui5_key":"applicationmanagepricingrules-display-component---priceInfoItem--smartFilterBar-btnBasicSearch"}]}
RESULT: {"script":"<script> [1562 bytes]","args":[{"selector":{"id":"application-managepricingrules-display-component---priceInfoItem--smartFilterBar-btnBasicSearch","interaction":{"idSuffix":"I"}},"wdio_ui5_key":"applicationmanagepricingrules-display-component---priceInfoItem--smartFilterBar-btnBasicSearch"}]}
RESULT: undefined
COMMAND: POST /session/25c011aa293abf97c7913f308519c6b0/execute/async - {"script":"<script> [776 bytes]","args":[{"enterText":"BbE3FwZVJT","selector":{"id":"application-managepricingrules-display-component---priceInfoItem--smartFilterBar-btnBasicSearch","interaction":{"idSuffix":"I"}},"clearTextFirst":true,"interactionType":"ENTER_TEXT"}]}
RESULT: {"script":"<script> [776 bytes]","args":[{"enterText":"BbE3FwZVJT","selector":{"id":"application-managepricingrules-display-component---priceInfoItem--smartFilterBar-btnBasicSearch","interaction":{"idSuffix":"I"}},"clearTextFirst":true,"interactionType":"ENTER_TEXT"}]}
COMMAND: POST /session/25c011aa293abf97c7913f308519c6b0/actions - {"actions":[{"id":"action56","type":"key","parameters":{},"actions":[{"type":"keyDown","value":""},{"type":"pause","duration":10},{"type":"keyUp","value":""}]}]}
RESULT: {"actions":[{"id":"action56","type":"key","parameters":{},"actions":[{"type":"keyDown","value":""},{"type":"pause","duration":10},{"type":"keyUp","value":""}]}]}
COMMAND: GET /session/25c011aa293abf97c7913f308519c6b0/screenshot - {}
RESULT: {}
COMMAND: POST /session/25c011aa293abf97c7913f308519c6b0/element - {"using":"xpath","value":"//span[@id=\"application-managepricingrules-display-component---priceInfoItem--smartTable-header-inner\"]"}
RESULT: {"using":"xpath","value":"//span[@id=\"application-managepricingrules-display-component---priceInfoItem--smartTable-header-inner\"]"}
COMMAND: POST /session/25c011aa293abf97c7913f308519c6b0/elements - {"using":"xpath","value":"//span[@id=\"application-managepricingrules-display-component---priceInfoItem--smartTable-header-inner\"]"}
RESULT: {"using":"xpath","value":"//span[@id=\"application-managepricingrules-display-component---priceInfoItem--smartTable-header-inner\"]"}
COMMAND: POST /session/25c011aa293abf97c7913f308519c6b0/execute/sync - {"script":"<script> [56 bytes]","args":[{"element-6066-11e4-a52e-4f735466cecf":"f.A224BA6FA6224D464A8F44AD5BF2EA9F.d.16D6D7BAED514C5341E59854134D99C5.e.15359","ELEMENT":"f.A224BA6FA6224D464A8F44AD5BF2EA9F.d.16D6D7BAED514C5341E59854134D99C5.e.15359"}]}
RESULT: {"script":"<script> [56 bytes]","args":[{"element-6066-11e4-a52e-4f735466cecf":"f.A224BA6FA6224D464A8F44AD5BF2EA9F.d.16D6D7BAED514C5341E59854134D99C5.e.15359","ELEMENT":"f.A224BA6FA6224D464A8F44AD5BF2EA9F.d.16D6D7BAED514C5341E59854134D99C5.e.15359"}]}
COMMAND: POST /session/25c011aa293abf97c7913f308519c6b0/element - {"using":"css selector","value":"#shell-header-logo"}
COMMAND: GET /session/25c011aa293abf97c7913f308519c6b0/screenshot - {}
RESULT: {"using":"css selector","value":"#shell-header-logo"}
COMMAND: POST /session/25c011aa293abf97c7913f308519c6b0/element/f.A224BA6FA6224D464A8F44AD5BF2EA9F.d.16D6D7BAED514C5341E59854134D99C5.e.14415/click - {}
RESULT: {}
RESULT: {}
COMMAND: GET /session/25c011aa293abf97c7913f308519c6b0/screenshot - {}
RESULT: {}
]]></system-out>
    </testcase>
    <testcase classname="chrome.137_0_7151_69.windows.Performance_based_billing_(work_days)_US139742" name="Should create a performance based billing condition on the equipment" time="65.894">
      <system-out><![CDATA[
COMMAND: POST /session/25c011aa293abf97c7913f308519c6b0/execute/async - {"script":"<script> [1562 bytes]","args":[{"selector":{"controlType":"sap.m.GenericTile","properties":{"header":"Manage Conditions & Prices"}},"wdio_ui5_key":"sapm.GenericTile{\"header\":\"Manage Conditions & Prices\"}"}]}
RESULT: {"script":"<script> [1562 bytes]","args":[{"selector":{"controlType":"sap.m.GenericTile","properties":{"header":"Manage Conditions & Prices"}},"wdio_ui5_key":"sapm.GenericTile{\"header\":\"Manage Conditions & Prices\"}"}]}
RESULT: undefined
COMMAND: POST /session/25c011aa293abf97c7913f308519c6b0/element - {"using":"xpath","value":"//*[@id=\"__tile55\"]"}
RESULT: {"using":"xpath","value":"//*[@id=\"__tile55\"]"}
COMMAND: POST /session/25c011aa293abf97c7913f308519c6b0/element/f.A224BA6FA6224D464A8F44AD5BF2EA9F.d.16D6D7BAED514C5341E59854134D99C5.e.14363/click - {}
RESULT: {}
COMMAND: GET /session/25c011aa293abf97c7913f308519c6b0/screenshot - {}
RESULT: {}
COMMAND: POST /session/25c011aa293abf97c7913f308519c6b0/elements - {"using":"xpath","value":"//span[text()='Error']"}
RESULT: {"using":"xpath","value":"//span[text()='Error']"}
COMMAND: POST /session/25c011aa293abf97c7913f308519c6b0/element - {"using":"xpath","value":"//button[@aria-label=\"Create\"]"}
RESULT: {"using":"xpath","value":"//button[@aria-label=\"Create\"]"}
COMMAND: POST /session/25c011aa293abf97c7913f308519c6b0/elements - {"using":"xpath","value":"//button[@aria-label=\"Create\"]"}
RESULT: {"using":"xpath","value":"//button[@aria-label=\"Create\"]"}
COMMAND: POST /session/25c011aa293abf97c7913f308519c6b0/execute/sync - {"script":"<script> [8489 bytes]","args":[{"element-6066-11e4-a52e-4f735466cecf":"f.A224BA6FA6224D464A8F44AD5BF2EA9F.d.16D6D7BAED514C5341E59854134D99C5.e.15394","ELEMENT":"f.A224BA6FA6224D464A8F44AD5BF2EA9F.d.16D6D7BAED514C5341E59854134D99C5.e.15394"}]}
RESULT: {"script":"<script> [8489 bytes]","args":[{"element-6066-11e4-a52e-4f735466cecf":"f.A224BA6FA6224D464A8F44AD5BF2EA9F.d.16D6D7BAED514C5341E59854134D99C5.e.15394","ELEMENT":"f.A224BA6FA6224D464A8F44AD5BF2EA9F.d.16D6D7BAED514C5341E59854134D99C5.e.15394"}]}
COMMAND: GET /session/25c011aa293abf97c7913f308519c6b0/element/f.A224BA6FA6224D464A8F44AD5BF2EA9F.d.16D6D7BAED514C5341E59854134D99C5.e.15394/enabled - {}
COMMAND: GET /session/25c011aa293abf97c7913f308519c6b0/screenshot - {}
RESULT: {}
RESULT: {}
COMMAND: POST /session/25c011aa293abf97c7913f308519c6b0/execute/sync - {"script":"<script> [8489 bytes]","args":[{"element-6066-11e4-a52e-4f735466cecf":"f.A224BA6FA6224D464A8F44AD5BF2EA9F.d.16D6D7BAED514C5341E59854134D99C5.e.15394","ELEMENT":"f.A224BA6FA6224D464A8F44AD5BF2EA9F.d.16D6D7BAED514C5341E59854134D99C5.e.15394"}]}
COMMAND: GET /session/25c011aa293abf97c7913f308519c6b0/screenshot - {}
RESULT: {"script":"<script> [8489 bytes]","args":[{"element-6066-11e4-a52e-4f735466cecf":"f.A224BA6FA6224D464A8F44AD5BF2EA9F.d.16D6D7BAED514C5341E59854134D99C5.e.15394","ELEMENT":"f.A224BA6FA6224D464A8F44AD5BF2EA9F.d.16D6D7BAED514C5341E59854134D99C5.e.15394"}]}
COMMAND: POST /session/25c011aa293abf97c7913f308519c6b0/execute/sync - {"script":"<script> [5351 bytes]","args":[{"element-6066-11e4-a52e-4f735466cecf":"f.A224BA6FA6224D464A8F44AD5BF2EA9F.d.16D6D7BAED514C5341E59854134D99C5.e.15394","ELEMENT":"f.A224BA6FA6224D464A8F44AD5BF2EA9F.d.16D6D7BAED514C5341E59854134D99C5.e.15394"}]}
COMMAND: GET /session/25c011aa293abf97c7913f308519c6b0/screenshot - {}
RESULT: {}
RESULT: {"script":"<script> [5351 bytes]","args":[{"element-6066-11e4-a52e-4f735466cecf":"f.A224BA6FA6224D464A8F44AD5BF2EA9F.d.16D6D7BAED514C5341E59854134D99C5.e.15394","ELEMENT":"f.A224BA6FA6224D464A8F44AD5BF2EA9F.d.16D6D7BAED514C5341E59854134D99C5.e.15394"}]}
COMMAND: POST /session/25c011aa293abf97c7913f308519c6b0/element/f.A224BA6FA6224D464A8F44AD5BF2EA9F.d.16D6D7BAED514C5341E59854134D99C5.e.15394/click - {}
COMMAND: GET /session/25c011aa293abf97c7913f308519c6b0/screenshot - {}
RESULT: {}
RESULT: {}
COMMAND: GET /session/25c011aa293abf97c7913f308519c6b0/screenshot - {}
RESULT: {}
RESULT: {}
COMMAND: POST /session/25c011aa293abf97c7913f308519c6b0/actions - {"actions":[{"id":"action57","type":"key","parameters":{},"actions":[{"type":"keyDown","value":""},{"type":"pause","duration":10},{"type":"keyUp","value":""}]}]}
RESULT: {"actions":[{"id":"action57","type":"key","parameters":{},"actions":[{"type":"keyDown","value":""},{"type":"pause","duration":10},{"type":"keyUp","value":""}]}]}
COMMAND: GET /session/25c011aa293abf97c7913f308519c6b0/screenshot - {}
RESULT: {}
COMMAND: POST /session/25c011aa293abf97c7913f308519c6b0/execute/async - {"script":"<script> [1562 bytes]","args":[{"selector":{"id":"application-manageconditionprice-display-component---newCondition--condBillCond-arrow"},"wdio_ui5_key":"applicationmanageconditionprice-display-component---newCondition--condBillCond-arrow"}]}
RESULT: {"script":"<script> [1562 bytes]","args":[{"selector":{"id":"application-manageconditionprice-display-component---newCondition--condBillCond-arrow"},"wdio_ui5_key":"applicationmanageconditionprice-display-component---newCondition--condBillCond-arrow"}]}
RESULT: undefined
COMMAND: POST /session/25c011aa293abf97c7913f308519c6b0/element - {"using":"xpath","value":"//*[@id=\"application-manageconditionprice-display-component---newCondition--condBillCond-arrow\"]"}
RESULT: {"using":"xpath","value":"//*[@id=\"application-manageconditionprice-display-component---newCondition--condBillCond-arrow\"]"}
COMMAND: POST /session/25c011aa293abf97c7913f308519c6b0/element/f.A224BA6FA6224D464A8F44AD5BF2EA9F.d.16D6D7BAED514C5341E59854134D99C5.e.15569/click - {}
RESULT: {}
COMMAND: GET /session/25c011aa293abf97c7913f308519c6b0/screenshot - {}
RESULT: {}
COMMAND: POST /session/25c011aa293abf97c7913f308519c6b0/element - {"using":"xpath","value":"//li[.//span[contains(text(), \"PC06 - Performance Price - fuel\")]]"}
RESULT: {"using":"xpath","value":"//li[.//span[contains(text(), \"PC06 - Performance Price - fuel\")]]"}
COMMAND: POST /session/25c011aa293abf97c7913f308519c6b0/element/f.A224BA6FA6224D464A8F44AD5BF2EA9F.d.16D6D7BAED514C5341E59854134D99C5.e.15572/click - {}
RESULT: {}
COMMAND: GET /session/25c011aa293abf97c7913f308519c6b0/screenshot - {}
RESULT: {}
COMMAND: POST /session/25c011aa293abf97c7913f308519c6b0/execute/async - {"script":"<script> [1562 bytes]","args":[{"selector":{"id":"application-manageconditionprice-display-component---newCondition--condValidTo","interaction":{"idSuffix":"inner"}},"wdio_ui5_key":"applicationmanageconditionprice-display-component---newCondition--condValidTo"}]}
RESULT: {"script":"<script> [1562 bytes]","args":[{"selector":{"id":"application-manageconditionprice-display-component---newCondition--condValidTo","interaction":{"idSuffix":"inner"}},"wdio_ui5_key":"applicationmanageconditionprice-display-component---newCondition--condValidTo"}]}
RESULT: undefined
COMMAND: POST /session/25c011aa293abf97c7913f308519c6b0/execute/async - {"script":"<script> [776 bytes]","args":[{"enterText":"2/13/26","selector":{"id":"application-manageconditionprice-display-component---newCondition--condValidTo","interaction":{"idSuffix":"inner"}},"clearTextFirst":true,"interactionType":"ENTER_TEXT"}]}
RESULT: {"script":"<script> [776 bytes]","args":[{"enterText":"2/13/26","selector":{"id":"application-manageconditionprice-display-component---newCondition--condValidTo","interaction":{"idSuffix":"inner"}},"clearTextFirst":true,"interactionType":"ENTER_TEXT"}]}
COMMAND: POST /session/25c011aa293abf97c7913f308519c6b0/element - {"using":"xpath","value":"//input[@id=\"application-manageconditionprice-display-component---newCondition--condRU-inner\"]"}
RESULT: {"using":"xpath","value":"//input[@id=\"application-manageconditionprice-display-component---newCondition--condRU-inner\"]"}
COMMAND: POST /session/25c011aa293abf97c7913f308519c6b0/element/f.A224BA6FA6224D464A8F44AD5BF2EA9F.d.16D6D7BAED514C5341E59854134D99C5.e.15436/clear - {}
RESULT: {}
COMMAND: POST /session/25c011aa293abf97c7913f308519c6b0/element/f.A224BA6FA6224D464A8F44AD5BF2EA9F.d.16D6D7BAED514C5341E59854134D99C5.e.15436/value - {"text":"BbE3FwZVJT"}
COMMAND: GET /session/25c011aa293abf97c7913f308519c6b0/screenshot - {}
RESULT: {"text":"BbE3FwZVJT"}
COMMAND: GET /session/25c011aa293abf97c7913f308519c6b0/screenshot - {}
RESULT: {}
RESULT: {}
COMMAND: POST /session/25c011aa293abf97c7913f308519c6b0/actions - {"actions":[{"id":"action58","type":"key","parameters":{},"actions":[{"type":"keyDown","value":""},{"type":"pause","duration":10},{"type":"keyUp","value":""}]}]}
RESULT: {"actions":[{"id":"action58","type":"key","parameters":{},"actions":[{"type":"keyDown","value":""},{"type":"pause","duration":10},{"type":"keyUp","value":""}]}]}
COMMAND: POST /session/25c011aa293abf97c7913f308519c6b0/execute/async - {"script":"<script> [1562 bytes]","args":[{"selector":{"id":"application-manageconditionprice-display-component---newCondition--condBaseQty","interaction":{"idSuffix":"inner"}},"wdio_ui5_key":"applicationmanageconditionprice-display-component---newCondition--condBaseQty"}]}
COMMAND: GET /session/25c011aa293abf97c7913f308519c6b0/screenshot - {}
RESULT: {"script":"<script> [1562 bytes]","args":[{"selector":{"id":"application-manageconditionprice-display-component---newCondition--condBaseQty","interaction":{"idSuffix":"inner"}},"wdio_ui5_key":"applicationmanageconditionprice-display-component---newCondition--condBaseQty"}]}
RESULT: undefined
COMMAND: POST /session/25c011aa293abf97c7913f308519c6b0/execute/async - {"script":"<script> [776 bytes]","args":[{"enterText":"1","selector":{"id":"application-manageconditionprice-display-component---newCondition--condBaseQty","interaction":{"idSuffix":"inner"}},"clearTextFirst":true,"interactionType":"ENTER_TEXT"}]}
RESULT: {}
RESULT: {"script":"<script> [776 bytes]","args":[{"enterText":"1","selector":{"id":"application-manageconditionprice-display-component---newCondition--condBaseQty","interaction":{"idSuffix":"inner"}},"clearTextFirst":true,"interactionType":"ENTER_TEXT"}]}
COMMAND: POST /session/25c011aa293abf97c7913f308519c6b0/execute/async - {"script":"<script> [1562 bytes]","args":[{"selector":{"id":"application-manageconditionprice-display-component---newCondition--condValue","interaction":{"idSuffix":"inner"}},"wdio_ui5_key":"applicationmanageconditionprice-display-component---newCondition--condValue"}]}
RESULT: {"script":"<script> [1562 bytes]","args":[{"selector":{"id":"application-manageconditionprice-display-component---newCondition--condValue","interaction":{"idSuffix":"inner"}},"wdio_ui5_key":"applicationmanageconditionprice-display-component---newCondition--condValue"}]}
RESULT: undefined
COMMAND: POST /session/25c011aa293abf97c7913f308519c6b0/execute/async - {"script":"<script> [776 bytes]","args":[{"enterText":"10","selector":{"id":"application-manageconditionprice-display-component---newCondition--condValue","interaction":{"idSuffix":"inner"}},"clearTextFirst":true,"interactionType":"ENTER_TEXT"}]}
RESULT: {"script":"<script> [776 bytes]","args":[{"enterText":"10","selector":{"id":"application-manageconditionprice-display-component---newCondition--condValue","interaction":{"idSuffix":"inner"}},"clearTextFirst":true,"interactionType":"ENTER_TEXT"}]}
COMMAND: POST /session/25c011aa293abf97c7913f308519c6b0/execute/async - {"script":"<script> [1562 bytes]","args":[{"selector":{"id":"application-manageconditionprice-display-component---newCondition--condCurr-arrow"},"wdio_ui5_key":"applicationmanageconditionprice-display-component---newCondition--condCurr-arrow"}]}
RESULT: {"script":"<script> [1562 bytes]","args":[{"selector":{"id":"application-manageconditionprice-display-component---newCondition--condCurr-arrow"},"wdio_ui5_key":"applicationmanageconditionprice-display-component---newCondition--condCurr-arrow"}]}
RESULT: undefined
COMMAND: POST /session/25c011aa293abf97c7913f308519c6b0/element - {"using":"xpath","value":"//*[@id=\"application-manageconditionprice-display-component---newCondition--condCurr-arrow\"]"}
RESULT: {"using":"xpath","value":"//*[@id=\"application-manageconditionprice-display-component---newCondition--condCurr-arrow\"]"}
COMMAND: POST /session/25c011aa293abf97c7913f308519c6b0/element/f.A224BA6FA6224D464A8F44AD5BF2EA9F.d.16D6D7BAED514C5341E59854134D99C5.e.15539/click - {}
RESULT: {}
COMMAND: POST /session/25c011aa293abf97c7913f308519c6b0/element - {"using":"xpath","value":"//span[contains(text(), \"Euro\")]"}
COMMAND: GET /session/25c011aa293abf97c7913f308519c6b0/screenshot - {}
RESULT: {"using":"xpath","value":"//span[contains(text(), \"Euro\")]"}
COMMAND: POST /session/25c011aa293abf97c7913f308519c6b0/element/f.A224BA6FA6224D464A8F44AD5BF2EA9F.d.16D6D7BAED514C5341E59854134D99C5.e.15607/click - {}
RESULT: {}
RESULT: {}
COMMAND: POST /session/25c011aa293abf97c7913f308519c6b0/element - {"using":"xpath","value":"//button[@data-kt=\"saveButton\"]"}
COMMAND: GET /session/25c011aa293abf97c7913f308519c6b0/screenshot - {}
RESULT: {"using":"xpath","value":"//button[@data-kt=\"saveButton\"]"}
COMMAND: POST /session/25c011aa293abf97c7913f308519c6b0/element/f.A224BA6FA6224D464A8F44AD5BF2EA9F.d.16D6D7BAED514C5341E59854134D99C5.e.15540/click - {}
RESULT: {}
RESULT: {}
COMMAND: GET /session/25c011aa293abf97c7913f308519c6b0/screenshot - {}
RESULT: {}
COMMAND: POST /session/25c011aa293abf97c7913f308519c6b0/execute/async - {"script":"<script> [1562 bytes]","args":[{"selector":{"id":"application-manageconditionprice-display-component---conditions--smartFilterBar-btnBasicSearch","interaction":{"idSuffix":"I"}},"wdio_ui5_key":"applicationmanageconditionprice-display-component---conditions--smartFilterBar-btnBasicSearch"}]}
RESULT: {"script":"<script> [1562 bytes]","args":[{"selector":{"id":"application-manageconditionprice-display-component---conditions--smartFilterBar-btnBasicSearch","interaction":{"idSuffix":"I"}},"wdio_ui5_key":"applicationmanageconditionprice-display-component---conditions--smartFilterBar-btnBasicSearch"}]}
RESULT: undefined
COMMAND: POST /session/25c011aa293abf97c7913f308519c6b0/execute/async - {"script":"<script> [776 bytes]","args":[{"enterText":"BbE3FwZVJT","selector":{"id":"application-manageconditionprice-display-component---conditions--smartFilterBar-btnBasicSearch","interaction":{"idSuffix":"I"}},"clearTextFirst":true,"interactionType":"ENTER_TEXT"}]}
RESULT: {"script":"<script> [776 bytes]","args":[{"enterText":"BbE3FwZVJT","selector":{"id":"application-manageconditionprice-display-component---conditions--smartFilterBar-btnBasicSearch","interaction":{"idSuffix":"I"}},"clearTextFirst":true,"interactionType":"ENTER_TEXT"}]}
COMMAND: POST /session/25c011aa293abf97c7913f308519c6b0/actions - {"actions":[{"id":"action59","type":"key","parameters":{},"actions":[{"type":"keyDown","value":""},{"type":"pause","duration":10},{"type":"keyUp","value":""}]}]}
RESULT: {"actions":[{"id":"action59","type":"key","parameters":{},"actions":[{"type":"keyDown","value":""},{"type":"pause","duration":10},{"type":"keyUp","value":""}]}]}
COMMAND: GET /session/25c011aa293abf97c7913f308519c6b0/screenshot - {}
RESULT: {}
COMMAND: POST /session/25c011aa293abf97c7913f308519c6b0/execute/async - {"script":"<script> [1562 bytes]","args":[{"selector":{"id":"application-manageconditionprice-display-component---conditions--smartFilterBar-filterItemControl_BASIC-BILL_TYPES-vhi"},"wdio_ui5_key":"applicationmanageconditionprice-display-component---conditions--smartFilterBar-filterItemControl_BASIC-BILL_TYPES-vhi"}]}
RESULT: {"script":"<script> [1562 bytes]","args":[{"selector":{"id":"application-manageconditionprice-display-component---conditions--smartFilterBar-filterItemControl_BASIC-BILL_TYPES-vhi"},"wdio_ui5_key":"applicationmanageconditionprice-display-component---conditions--smartFilterBar-filterItemControl_BASIC-BILL_TYPES-vhi"}]}
RESULT: undefined
COMMAND: POST /session/25c011aa293abf97c7913f308519c6b0/element - {"using":"xpath","value":"//*[@id=\"application-manageconditionprice-display-component---conditions--smartFilterBar-filterItemControl_BASIC-BILL_TYPES-vhi\"]"}
RESULT: {"using":"xpath","value":"//*[@id=\"application-manageconditionprice-display-component---conditions--smartFilterBar-filterItemControl_BASIC-BILL_TYPES-vhi\"]"}
COMMAND: POST /session/25c011aa293abf97c7913f308519c6b0/element/f.A224BA6FA6224D464A8F44AD5BF2EA9F.d.16D6D7BAED514C5341E59854134D99C5.e.15702/click - {}
RESULT: {}
COMMAND: POST /session/25c011aa293abf97c7913f308519c6b0/execute/async - {"script":"<script> [1562 bytes]","args":[{"selector":{"id":"application-manageconditionprice-display-component---conditions--smartFilterBar-filterItemControl_BASIC-BILL_TYPES-valueHelpDialog-smartFilterBar-btnBasicSearch","searchOpenDialogs":true,"interaction":{"idSuffix":"I"}},"wdio_ui5_key":"applicationmanageconditionprice-display-component---conditions--smartFilterBar-filterItemControl_BASIC-BILL_TYPES-valueHelpDialog-smartFilterBar-btnBasicSearch"}]}
COMMAND: GET /session/25c011aa293abf97c7913f308519c6b0/screenshot - {}
RESULT: {"script":"<script> [1562 bytes]","args":[{"selector":{"id":"application-manageconditionprice-display-component---conditions--smartFilterBar-filterItemControl_BASIC-BILL_TYPES-valueHelpDialog-smartFilterBar-btnBasicSearch","searchOpenDialogs":true,"interaction":{"idSuffix":"I"}},"wdio_ui5_key":"applicationmanageconditionprice-display-component---conditions--smartFilterBar-filterItemControl_BASIC-BILL_TYPES-valueHelpDialog-smartFilterBar-btnBasicSearch"}]}
RESULT: undefined
COMMAND: POST /session/25c011aa293abf97c7913f308519c6b0/execute/async - {"script":"<script> [776 bytes]","args":[{"enterText":"PB","selector":{"id":"application-manageconditionprice-display-component---conditions--smartFilterBar-filterItemControl_BASIC-BILL_TYPES-valueHelpDialog-smartFilterBar-btnBasicSearch","searchOpenDialogs":true,"interaction":{"idSuffix":"I"}},"clearTextFirst":true,"interactionType":"ENTER_TEXT"}]}
RESULT: {}
RESULT: {"script":"<script> [776 bytes]","args":[{"enterText":"PB","selector":{"id":"application-manageconditionprice-display-component---conditions--smartFilterBar-filterItemControl_BASIC-BILL_TYPES-valueHelpDialog-smartFilterBar-btnBasicSearch","searchOpenDialogs":true,"interaction":{"idSuffix":"I"}},"clearTextFirst":true,"interactionType":"ENTER_TEXT"}]}
COMMAND: POST /session/25c011aa293abf97c7913f308519c6b0/actions - {"actions":[{"id":"action60","type":"key","parameters":{},"actions":[{"type":"keyDown","value":""},{"type":"pause","duration":10},{"type":"keyUp","value":""}]}]}
RESULT: {"actions":[{"id":"action60","type":"key","parameters":{},"actions":[{"type":"keyDown","value":""},{"type":"pause","duration":10},{"type":"keyUp","value":""}]}]}
COMMAND: GET /session/25c011aa293abf97c7913f308519c6b0/screenshot - {}
RESULT: {}
COMMAND: POST /session/25c011aa293abf97c7913f308519c6b0/element - {"using":"xpath","value":"//div[contains(@id, 'application-manageconditionprice-display-component---conditions--smartFilterBar-filterItemControl_BASIC-BILL_TYPES-valueHelpDialog-table-rowsel0')]"}
RESULT: {"using":"xpath","value":"//div[contains(@id, 'application-manageconditionprice-display-component---conditions--smartFilterBar-filterItemControl_BASIC-BILL_TYPES-valueHelpDialog-table-rowsel0')]"}
COMMAND: POST /session/25c011aa293abf97c7913f308519c6b0/element/f.A224BA6FA6224D464A8F44AD5BF2EA9F.d.16D6D7BAED514C5341E59854134D99C5.e.15711/click - {}
RESULT: {}
COMMAND: GET /session/25c011aa293abf97c7913f308519c6b0/screenshot - {}
RESULT: {}
COMMAND: POST /session/25c011aa293abf97c7913f308519c6b0/element - {"using":"xpath","value":"//bdi[contains(text(), \"OK\")]"}
RESULT: {"using":"xpath","value":"//bdi[contains(text(), \"OK\")]"}
COMMAND: POST /session/25c011aa293abf97c7913f308519c6b0/element/f.A224BA6FA6224D464A8F44AD5BF2EA9F.d.16D6D7BAED514C5341E59854134D99C5.e.15713/click - {}
RESULT: {}
COMMAND: GET /session/25c011aa293abf97c7913f308519c6b0/screenshot - {}
RESULT: {}
COMMAND: POST /session/25c011aa293abf97c7913f308519c6b0/element - {"using":"xpath","value":"//span[@id=\"application-manageconditionprice-display-component---conditions--smartTable-header-inner\"]"}
RESULT: {"using":"xpath","value":"//span[@id=\"application-manageconditionprice-display-component---conditions--smartTable-header-inner\"]"}
COMMAND: POST /session/25c011aa293abf97c7913f308519c6b0/elements - {"using":"xpath","value":"//span[@id=\"application-manageconditionprice-display-component---conditions--smartTable-header-inner\"]"}
RESULT: {"using":"xpath","value":"//span[@id=\"application-manageconditionprice-display-component---conditions--smartTable-header-inner\"]"}
COMMAND: POST /session/25c011aa293abf97c7913f308519c6b0/execute/sync - {"script":"<script> [56 bytes]","args":[{"element-6066-11e4-a52e-4f735466cecf":"f.A224BA6FA6224D464A8F44AD5BF2EA9F.d.16D6D7BAED514C5341E59854134D99C5.e.15716","ELEMENT":"f.A224BA6FA6224D464A8F44AD5BF2EA9F.d.16D6D7BAED514C5341E59854134D99C5.e.15716"}]}
RESULT: {"script":"<script> [56 bytes]","args":[{"element-6066-11e4-a52e-4f735466cecf":"f.A224BA6FA6224D464A8F44AD5BF2EA9F.d.16D6D7BAED514C5341E59854134D99C5.e.15716","ELEMENT":"f.A224BA6FA6224D464A8F44AD5BF2EA9F.d.16D6D7BAED514C5341E59854134D99C5.e.15716"}]}
COMMAND: POST /session/25c011aa293abf97c7913f308519c6b0/element - {"using":"css selector","value":"#shell-header-logo"}
COMMAND: GET /session/25c011aa293abf97c7913f308519c6b0/screenshot - {}
RESULT: {"using":"css selector","value":"#shell-header-logo"}
COMMAND: POST /session/25c011aa293abf97c7913f308519c6b0/element/f.A224BA6FA6224D464A8F44AD5BF2EA9F.d.16D6D7BAED514C5341E59854134D99C5.e.15362/click - {}
RESULT: {}
RESULT: {}
COMMAND: GET /session/25c011aa293abf97c7913f308519c6b0/screenshot - {}
RESULT: {}
]]></system-out>
    </testcase>
    <testcase classname="chrome.137_0_7151_69.windows.Performance_based_billing_(work_days)_US139742" name="Should add a counter to the equipment" time="63.302">
      <system-out><![CDATA[
RESULT: undefined
COMMAND: POST /session/25c011aa293abf97c7913f308519c6b0/element - {"using":"xpath","value":"//*[@id=\"__tile40\"]"}
RESULT: {"using":"xpath","value":"//*[@id=\"__tile40\"]"}
COMMAND: POST /session/25c011aa293abf97c7913f308519c6b0/element/f.A224BA6FA6224D464A8F44AD5BF2EA9F.d.16D6D7BAED514C5341E59854134D99C5.e.14314/click - {}
RESULT: {}
COMMAND: GET /session/25c011aa293abf97c7913f308519c6b0/screenshot - {}
RESULT: {}
COMMAND: POST /session/25c011aa293abf97c7913f308519c6b0/elements - {"using":"xpath","value":"//span[text()='Error']"}
RESULT: {"using":"xpath","value":"//span[text()='Error']"}
COMMAND: POST /session/25c011aa293abf97c7913f308519c6b0/execute/async - {"script":"<script> [1562 bytes]","args":[{"selector":{"id":"application-manageresources-display-component---masterRU--smartFilterBar-btnBasicSearch","interaction":{"idSuffix":"I"}},"wdio_ui5_key":"applicationmanageresources-display-component---masterRU--smartFilterBar-btnBasicSearch"}]}
RESULT: {"script":"<script> [1562 bytes]","args":[{"selector":{"id":"application-manageresources-display-component---masterRU--smartFilterBar-btnBasicSearch","interaction":{"idSuffix":"I"}},"wdio_ui5_key":"applicationmanageresources-display-component---masterRU--smartFilterBar-btnBasicSearch"}]}
RESULT: undefined
COMMAND: POST /session/25c011aa293abf97c7913f308519c6b0/execute/async - {"script":"<script> [776 bytes]","args":[{"enterText":"BbE3FwZVJT","selector":{"id":"application-manageresources-display-component---masterRU--smartFilterBar-btnBasicSearch","interaction":{"idSuffix":"I"}},"clearTextFirst":true,"interactionType":"ENTER_TEXT"}]}
RESULT: {"script":"<script> [776 bytes]","args":[{"enterText":"BbE3FwZVJT","selector":{"id":"application-manageresources-display-component---masterRU--smartFilterBar-btnBasicSearch","interaction":{"idSuffix":"I"}},"clearTextFirst":true,"interactionType":"ENTER_TEXT"}]}
COMMAND: POST /session/25c011aa293abf97c7913f308519c6b0/actions - {"actions":[{"id":"action61","type":"key","parameters":{},"actions":[{"type":"keyDown","value":""},{"type":"pause","duration":10},{"type":"keyUp","value":""}]}]}
RESULT: {"actions":[{"id":"action61","type":"key","parameters":{},"actions":[{"type":"keyDown","value":""},{"type":"pause","duration":10},{"type":"keyUp","value":""}]}]}
COMMAND: GET /session/25c011aa293abf97c7913f308519c6b0/screenshot - {}
RESULT: {}
COMMAND: POST /session/25c011aa293abf97c7913f308519c6b0/execute/async - {"script":"<script> [1562 bytes]","args":[{"selector":{"id":"application-manageresources-display-component---masterRU--smartTable-header"},"wdio_ui5_key":"applicationmanageresources-display-component---masterRU--smartTable-header"}]}
RESULT: {"script":"<script> [1562 bytes]","args":[{"selector":{"id":"application-manageresources-display-component---masterRU--smartTable-header"},"wdio_ui5_key":"applicationmanageresources-display-component---masterRU--smartTable-header"}]}
RESULT: undefined
COMMAND: POST /session/25c011aa293abf97c7913f308519c6b0/execute/async - {"script":"<script> [6424 bytes]","args":[{"element-6066-11e4-a52e-4f735466cecf":"f.A224BA6FA6224D464A8F44AD5BF2EA9F.d.16D6D7BAED514C5341E59854134D99C5.e.15903"},"getText",[]]}
RESULT: {"script":"<script> [6424 bytes]","args":[{"element-6066-11e4-a52e-4f735466cecf":"f.A224BA6FA6224D464A8F44AD5BF2EA9F.d.16D6D7BAED514C5341E59854134D99C5.e.15903"},"getText",[]]}
COMMAND: POST /session/25c011aa293abf97c7913f308519c6b0/execute/async - {"script":"<script> [1562 bytes]","args":[{"selector":{"controlType":"sap.ui.core.Icon","viewName":"etm.portal.ui.manageresources.view.Master","viewId":"application-manageresources-display-component---masterRU","properties":{"src":{"regex":{"source":"slim\\-arrow\\-right"}}}},"wdio_ui5_key":"etmportal.ui.manageresources.view.Mastersap.ui.core.Icon{\"src\":{\"regex\":{\"source\":\"slim\\\\-arrow\\\\-right\"}}}"}]}
RESULT: {"script":"<script> [1562 bytes]","args":[{"selector":{"controlType":"sap.ui.core.Icon","viewName":"etm.portal.ui.manageresources.view.Master","viewId":"application-manageresources-display-component---masterRU","properties":{"src":{"regex":{"source":"slim\\-arrow\\-right"}}}},"wdio_ui5_key":"etmportal.ui.manageresources.view.Mastersap.ui.core.Icon{\"src\":{\"regex\":{\"source\":\"slim\\\\-arrow\\\\-right\"}}}"}]}
RESULT: undefined
COMMAND: POST /session/25c011aa293abf97c7913f308519c6b0/element - {"using":"xpath","value":"//*[@id=\"__item838-__clone1988-imgNav\"]"}
RESULT: {"using":"xpath","value":"//*[@id=\"__item838-__clone1988-imgNav\"]"}
COMMAND: POST /session/25c011aa293abf97c7913f308519c6b0/element/f.A224BA6FA6224D464A8F44AD5BF2EA9F.d.16D6D7BAED514C5341E59854134D99C5.e.15902/click - {}
RESULT: {}
COMMAND: GET /session/25c011aa293abf97c7913f308519c6b0/screenshot - {}
COMMAND: POST /session/25c011aa293abf97c7913f308519c6b0/element - {"using":"xpath","value":"//bdi[contains(text(), \"Edit\")]"}
RESULT: {}
RESULT: {"using":"xpath","value":"//bdi[contains(text(), \"Edit\")]"}
COMMAND: POST /session/25c011aa293abf97c7913f308519c6b0/execute/sync - {"script":"<script> [8489 bytes]","args":[{"element-6066-11e4-a52e-4f735466cecf":"f.A224BA6FA6224D464A8F44AD5BF2EA9F.d.16D6D7BAED514C5341E59854134D99C5.e.16004","ELEMENT":"f.A224BA6FA6224D464A8F44AD5BF2EA9F.d.16D6D7BAED514C5341E59854134D99C5.e.16004"}]}
RESULT: {"script":"<script> [8489 bytes]","args":[{"element-6066-11e4-a52e-4f735466cecf":"f.A224BA6FA6224D464A8F44AD5BF2EA9F.d.16D6D7BAED514C5341E59854134D99C5.e.16004","ELEMENT":"f.A224BA6FA6224D464A8F44AD5BF2EA9F.d.16D6D7BAED514C5341E59854134D99C5.e.16004"}]}
COMMAND: POST /session/25c011aa293abf97c7913f308519c6b0/element/f.A224BA6FA6224D464A8F44AD5BF2EA9F.d.16D6D7BAED514C5341E59854134D99C5.e.16004/click - {}
COMMAND: GET /session/25c011aa293abf97c7913f308519c6b0/screenshot - {}
RESULT: {}
COMMAND: GET /session/25c011aa293abf97c7913f308519c6b0/screenshot - {}
RESULT: {}
COMMAND: POST /session/25c011aa293abf97c7913f308519c6b0/execute/async - {"script":"<script> [1562 bytes]","args":[{"selector":{"id":"application-manageresources-display-component---editResource--editRruPage-anchBar-application-manageresources-display-component---editResource--counters-anchor","interaction":{"idSuffix":"BDI-content"}},"wdio_ui5_key":"applicationmanageresources-display-component---editResource--editRruPage-anchBar-application-manageresources-display-component---editResource--counters-anchor"}]}
RESULT: {}
RESULT: {"script":"<script> [1562 bytes]","args":[{"selector":{"id":"application-manageresources-display-component---editResource--editRruPage-anchBar-application-manageresources-display-component---editResource--counters-anchor","interaction":{"idSuffix":"BDI-content"}},"wdio_ui5_key":"applicationmanageresources-display-component---editResource--editRruPage-anchBar-application-manageresources-display-component---editResource--counters-anchor"}]}
RESULT: undefined
COMMAND: POST /session/25c011aa293abf97c7913f308519c6b0/element - {"using":"xpath","value":"//*[@id=\"application-manageresources-display-component---editResource--editRruPage-anchBar-application-manageresources-display-component---editResource--counters-anchor\"]"}
RESULT: {"using":"xpath","value":"//*[@id=\"application-manageresources-display-component---editResource--editRruPage-anchBar-application-manageresources-display-component---editResource--counters-anchor\"]"}
COMMAND: POST /session/25c011aa293abf97c7913f308519c6b0/element/f.A224BA6FA6224D464A8F44AD5BF2EA9F.d.16D6D7BAED514C5341E59854134D99C5.e.16256/click - {}
RESULT: {}
COMMAND: GET /session/25c011aa293abf97c7913f308519c6b0/screenshot - {}
RESULT: {}
COMMAND: POST /session/25c011aa293abf97c7913f308519c6b0/execute/async - {"script":"<script> [1562 bytes]","args":[{"selector":{"id":"application-manageresources-display-component---editResource--btnAddCounter-img"},"wdio_ui5_key":"applicationmanageresources-display-component---editResource--btnAddCounter-img"}]}
RESULT: {"script":"<script> [1562 bytes]","args":[{"selector":{"id":"application-manageresources-display-component---editResource--btnAddCounter-img"},"wdio_ui5_key":"applicationmanageresources-display-component---editResource--btnAddCounter-img"}]}
RESULT: undefined
COMMAND: POST /session/25c011aa293abf97c7913f308519c6b0/element - {"using":"xpath","value":"//*[@id=\"application-manageresources-display-component---editResource--btnAddCounter-img\"]"}
RESULT: {"using":"xpath","value":"//*[@id=\"application-manageresources-display-component---editResource--btnAddCounter-img\"]"}
COMMAND: POST /session/25c011aa293abf97c7913f308519c6b0/element/f.A224BA6FA6224D464A8F44AD5BF2EA9F.d.16D6D7BAED514C5341E59854134D99C5.e.16263/click - {}
RESULT: {}
COMMAND: POST /session/25c011aa293abf97c7913f308519c6b0/execute/async - {"script":"<script> [1562 bytes]","args":[{"selector":{"id":"application-manageresources-display-component---editResource--COUNTER_ID-application-manageresources-display-component---editResource--RUCounters-0-arrow"},"wdio_ui5_key":"applicationmanageresources-display-component---editResource--COUNTER_ID-application-manageresources-display-component---editResource--RUCounters-0-arrow"}]}
COMMAND: GET /session/25c011aa293abf97c7913f308519c6b0/screenshot - {}
RESULT: {"script":"<script> [1562 bytes]","args":[{"selector":{"id":"application-manageresources-display-component---editResource--COUNTER_ID-application-manageresources-display-component---editResource--RUCounters-0-arrow"},"wdio_ui5_key":"applicationmanageresources-display-component---editResource--COUNTER_ID-application-manageresources-display-component---editResource--RUCounters-0-arrow"}]}
RESULT: undefined
COMMAND: POST /session/25c011aa293abf97c7913f308519c6b0/element - {"using":"xpath","value":"//*[@id=\"application-manageresources-display-component---editResource--COUNTER_ID-application-manageresources-display-component---editResource--RUCounters-0-arrow\"]"}
RESULT: {}
RESULT: {"using":"xpath","value":"//*[@id=\"application-manageresources-display-component---editResource--COUNTER_ID-application-manageresources-display-component---editResource--RUCounters-0-arrow\"]"}
COMMAND: POST /session/25c011aa293abf97c7913f308519c6b0/element/f.A224BA6FA6224D464A8F44AD5BF2EA9F.d.16D6D7BAED514C5341E59854134D99C5.e.16275/click - {}
RESULT: {}
COMMAND: POST /session/25c011aa293abf97c7913f308519c6b0/execute/async - {"script":"<script> [1562 bytes]","args":[{"selector":{"controlType":"sap.m.StandardListItem","viewName":"etm.portal.ui.manageresources.view.EditResource","viewId":"application-manageresources-display-component---editResource","properties":{"title":"fuel"},"searchOpenDialogs":true,"interaction":{"idSuffix":"content"}},"wdio_ui5_key":"etmportal.ui.manageresources.view.EditResourcesap.m.StandardListItem{\"title\":\"fuel\"}"}]}
COMMAND: GET /session/25c011aa293abf97c7913f308519c6b0/screenshot - {}
RESULT: {"script":"<script> [1562 bytes]","args":[{"selector":{"controlType":"sap.m.StandardListItem","viewName":"etm.portal.ui.manageresources.view.EditResource","viewId":"application-manageresources-display-component---editResource","properties":{"title":"fuel"},"searchOpenDialogs":true,"interaction":{"idSuffix":"content"}},"wdio_ui5_key":"etmportal.ui.manageresources.view.EditResourcesap.m.StandardListItem{\"title\":\"fuel\"}"}]}
RESULT: undefined
COMMAND: POST /session/25c011aa293abf97c7913f308519c6b0/element - {"using":"xpath","value":"//*[@id=\"__item1161\"]"}
RESULT: {}
RESULT: {"using":"xpath","value":"//*[@id=\"__item1161\"]"}
COMMAND: POST /session/25c011aa293abf97c7913f308519c6b0/element/f.A224BA6FA6224D464A8F44AD5BF2EA9F.d.16D6D7BAED514C5341E59854134D99C5.e.16277/click - {}
RESULT: {}
COMMAND: POST /session/25c011aa293abf97c7913f308519c6b0/execute/async - {"script":"<script> [1562 bytes]","args":[{"selector":{"controlType":"sap.m.Button","viewName":"etm.portal.ui.manageresources.view.EditResource","viewId":"application-manageresources-display-component---editResource","i18NText":{"propertyName":"text","key":"save"},"interaction":{"idSuffix":"BDI-content"}},"wdio_ui5_key":"etmportal.ui.manageresources.view.EditResourcesap.m.Button{\"propertyName\":\"text\",\"key\":\"save\"}"}]}
COMMAND: GET /session/25c011aa293abf97c7913f308519c6b0/screenshot - {}
RESULT: {"script":"<script> [1562 bytes]","args":[{"selector":{"controlType":"sap.m.Button","viewName":"etm.portal.ui.manageresources.view.EditResource","viewId":"application-manageresources-display-component---editResource","i18NText":{"propertyName":"text","key":"save"},"interaction":{"idSuffix":"BDI-content"}},"wdio_ui5_key":"etmportal.ui.manageresources.view.EditResourcesap.m.Button{\"propertyName\":\"text\",\"key\":\"save\"}"}]}
RESULT: undefined
COMMAND: POST /session/25c011aa293abf97c7913f308519c6b0/element - {"using":"xpath","value":"//*[@id=\"__button209\"]"}
RESULT: {}
RESULT: {"using":"xpath","value":"//*[@id=\"__button209\"]"}
COMMAND: POST /session/25c011aa293abf97c7913f308519c6b0/element/f.A224BA6FA6224D464A8F44AD5BF2EA9F.d.16D6D7BAED514C5341E59854134D99C5.e.16279/click - {}
RESULT: {}
COMMAND: GET /session/25c011aa293abf97c7913f308519c6b0/screenshot - {}
RESULT: {}
COMMAND: POST /session/25c011aa293abf97c7913f308519c6b0/element - {"using":"css selector","value":"#shell-header-logo"}
RESULT: {"using":"css selector","value":"#shell-header-logo"}
COMMAND: POST /session/25c011aa293abf97c7913f308519c6b0/element/f.A224BA6FA6224D464A8F44AD5BF2EA9F.d.16D6D7BAED514C5341E59854134D99C5.e.15721/click - {}
RESULT: {}
COMMAND: GET /session/25c011aa293abf97c7913f308519c6b0/screenshot - {}
RESULT: {}
]]></system-out>
    </testcase>
    <testcase classname="chrome.137_0_7151_69.windows.Performance_based_billing_(work_days)_US139742" name="Should do a stock increase on the yard for the equipment" time="94.591">
      <system-out><![CDATA[
COMMAND: POST /session/25c011aa293abf97c7913f308519c6b0/execute/async - {"script":"<script> [1562 bytes]","args":[{"selector":{"controlType":"sap.m.GenericTile","properties":{"header":"Manage Handovers"}},"wdio_ui5_key":"sapm.GenericTile{\"header\":\"Manage Handovers\"}"}]}
RESULT: {"script":"<script> [1562 bytes]","args":[{"selector":{"controlType":"sap.m.GenericTile","properties":{"header":"Manage Handovers"}},"wdio_ui5_key":"sapm.GenericTile{\"header\":\"Manage Handovers\"}"}]}
RESULT: undefined
COMMAND: POST /session/25c011aa293abf97c7913f308519c6b0/element - {"using":"xpath","value":"//*[@id=\"__tile134\"]"}
RESULT: {"using":"xpath","value":"//*[@id=\"__tile134\"]"}
COMMAND: POST /session/25c011aa293abf97c7913f308519c6b0/element/f.A224BA6FA6224D464A8F44AD5BF2EA9F.d.16D6D7BAED514C5341E59854134D99C5.e.14390/click - {}
RESULT: {}
COMMAND: GET /session/25c011aa293abf97c7913f308519c6b0/screenshot - {}
RESULT: {}
COMMAND: POST /session/25c011aa293abf97c7913f308519c6b0/elements - {"using":"xpath","value":"//span[text()='Error']"}
RESULT: {"using":"xpath","value":"//span[text()='Error']"}
COMMAND: POST /session/25c011aa293abf97c7913f308519c6b0/element - {"using":"xpath","value":"//button[@data-kt=\"masterHOAddButton\"]"}
RESULT: {"using":"xpath","value":"//button[@data-kt=\"masterHOAddButton\"]"}
COMMAND: POST /session/25c011aa293abf97c7913f308519c6b0/elements - {"using":"xpath","value":"//button[@data-kt=\"masterHOAddButton\"]"}
RESULT: {"using":"xpath","value":"//button[@data-kt=\"masterHOAddButton\"]"}
COMMAND: POST /session/25c011aa293abf97c7913f308519c6b0/execute/sync - {"script":"<script> [8489 bytes]","args":[{"element-6066-11e4-a52e-4f735466cecf":"f.A224BA6FA6224D464A8F44AD5BF2EA9F.d.16D6D7BAED514C5341E59854134D99C5.e.16375","ELEMENT":"f.A224BA6FA6224D464A8F44AD5BF2EA9F.d.16D6D7BAED514C5341E59854134D99C5.e.16375"}]}
RESULT: {"script":"<script> [8489 bytes]","args":[{"element-6066-11e4-a52e-4f735466cecf":"f.A224BA6FA6224D464A8F44AD5BF2EA9F.d.16D6D7BAED514C5341E59854134D99C5.e.16375","ELEMENT":"f.A224BA6FA6224D464A8F44AD5BF2EA9F.d.16D6D7BAED514C5341E59854134D99C5.e.16375"}]}
COMMAND: GET /session/25c011aa293abf97c7913f308519c6b0/element/f.A224BA6FA6224D464A8F44AD5BF2EA9F.d.16D6D7BAED514C5341E59854134D99C5.e.16375/enabled - {}
COMMAND: GET /session/25c011aa293abf97c7913f308519c6b0/screenshot - {}
RESULT: {}
COMMAND: POST /session/25c011aa293abf97c7913f308519c6b0/execute/sync - {"script":"<script> [8489 bytes]","args":[{"element-6066-11e4-a52e-4f735466cecf":"f.A224BA6FA6224D464A8F44AD5BF2EA9F.d.16D6D7BAED514C5341E59854134D99C5.e.16375","ELEMENT":"f.A224BA6FA6224D464A8F44AD5BF2EA9F.d.16D6D7BAED514C5341E59854134D99C5.e.16375"}]}
COMMAND: GET /session/25c011aa293abf97c7913f308519c6b0/screenshot - {}
RESULT: {}
RESULT: {"script":"<script> [8489 bytes]","args":[{"element-6066-11e4-a52e-4f735466cecf":"f.A224BA6FA6224D464A8F44AD5BF2EA9F.d.16D6D7BAED514C5341E59854134D99C5.e.16375","ELEMENT":"f.A224BA6FA6224D464A8F44AD5BF2EA9F.d.16D6D7BAED514C5341E59854134D99C5.e.16375"}]}
COMMAND: POST /session/25c011aa293abf97c7913f308519c6b0/execute/sync - {"script":"<script> [5351 bytes]","args":[{"element-6066-11e4-a52e-4f735466cecf":"f.A224BA6FA6224D464A8F44AD5BF2EA9F.d.16D6D7BAED514C5341E59854134D99C5.e.16375","ELEMENT":"f.A224BA6FA6224D464A8F44AD5BF2EA9F.d.16D6D7BAED514C5341E59854134D99C5.e.16375"}]}
COMMAND: GET /session/25c011aa293abf97c7913f308519c6b0/screenshot - {}
RESULT: {}
RESULT: {"script":"<script> [5351 bytes]","args":[{"element-6066-11e4-a52e-4f735466cecf":"f.A224BA6FA6224D464A8F44AD5BF2EA9F.d.16D6D7BAED514C5341E59854134D99C5.e.16375","ELEMENT":"f.A224BA6FA6224D464A8F44AD5BF2EA9F.d.16D6D7BAED514C5341E59854134D99C5.e.16375"}]}
COMMAND: POST /session/25c011aa293abf97c7913f308519c6b0/element/f.A224BA6FA6224D464A8F44AD5BF2EA9F.d.16D6D7BAED514C5341E59854134D99C5.e.16375/click - {}
COMMAND: GET /session/25c011aa293abf97c7913f308519c6b0/screenshot - {}
RESULT: {}
RESULT: {}
COMMAND: GET /session/25c011aa293abf97c7913f308519c6b0/screenshot - {}
RESULT: {}
RESULT: {}
COMMAND: POST /session/25c011aa293abf97c7913f308519c6b0/element - {"using":"xpath","value":"//span[contains(@id ,\"AddNewHO--typeSelect-arrow\")]"}
RESULT: {"using":"xpath","value":"//span[contains(@id ,\"AddNewHO--typeSelect-arrow\")]"}
COMMAND: POST /session/25c011aa293abf97c7913f308519c6b0/element/f.A224BA6FA6224D464A8F44AD5BF2EA9F.d.16D6D7BAED514C5341E59854134D99C5.e.16666/click - {}
RESULT: {}
COMMAND: GET /session/25c011aa293abf97c7913f308519c6b0/screenshot - {}
RESULT: {}
COMMAND: POST /session/25c011aa293abf97c7913f308519c6b0/element - {"using":"xpath","value":"(//li[contains(text(), \"stock increase yard\")])[1]"}
RESULT: {"using":"xpath","value":"(//li[contains(text(), \"stock increase yard\")])[1]"}
COMMAND: POST /session/25c011aa293abf97c7913f308519c6b0/element/f.A224BA6FA6224D464A8F44AD5BF2EA9F.d.16D6D7BAED514C5341E59854134D99C5.e.16667/click - {}
RESULT: {}
COMMAND: GET /session/25c011aa293abf97c7913f308519c6b0/screenshot - {}
RESULT: {}
COMMAND: POST /session/25c011aa293abf97c7913f308519c6b0/execute/async - {"script":"<script> [1562 bytes]","args":[{"selector":{"id":"application-managehandovers-display-component---AddNewHO--dueDate","interaction":{"idSuffix":"inner"}},"wdio_ui5_key":"applicationmanagehandovers-display-component---AddNewHO--dueDate"}]}
RESULT: {"script":"<script> [1562 bytes]","args":[{"selector":{"id":"application-managehandovers-display-component---AddNewHO--dueDate","interaction":{"idSuffix":"inner"}},"wdio_ui5_key":"applicationmanagehandovers-display-component---AddNewHO--dueDate"}]}
RESULT: undefined
COMMAND: POST /session/25c011aa293abf97c7913f308519c6b0/execute/async - {"script":"<script> [6424 bytes]","args":[{"element-6066-11e4-a52e-4f735466cecf":"f.A224BA6FA6224D464A8F44AD5BF2EA9F.d.16D6D7BAED514C5341E59854134D99C5.e.16671"},"setValue",["6/13/25"]]}
RESULT: {"script":"<script> [6424 bytes]","args":[{"element-6066-11e4-a52e-4f735466cecf":"f.A224BA6FA6224D464A8F44AD5BF2EA9F.d.16D6D7BAED514C5341E59854134D99C5.e.16671"},"setValue",["6/13/25"]]}
COMMAND: POST /session/25c011aa293abf97c7913f308519c6b0/element - {"using":"xpath","value":"//input[@id=\"generalSectionFrg--receiveYard-inner\"]"}
RESULT: {"using":"xpath","value":"//input[@id=\"generalSectionFrg--receiveYard-inner\"]"}
COMMAND: POST /session/25c011aa293abf97c7913f308519c6b0/element/f.A224BA6FA6224D464A8F44AD5BF2EA9F.d.16D6D7BAED514C5341E59854134D99C5.e.16677/clear - {}
RESULT: {}
COMMAND: POST /session/25c011aa293abf97c7913f308519c6b0/element/f.A224BA6FA6224D464A8F44AD5BF2EA9F.d.16D6D7BAED514C5341E59854134D99C5.e.16677/value - {"text":"246"}
COMMAND: GET /session/25c011aa293abf97c7913f308519c6b0/screenshot - {}
RESULT: {"text":"246"}
COMMAND: GET /session/25c011aa293abf97c7913f308519c6b0/screenshot - {}
RESULT: {}
RESULT: {}
COMMAND: POST /session/25c011aa293abf97c7913f308519c6b0/element - {"using":"xpath","value":"//li[.//span[contains(normalize-space(.), '246 -')]]"}
RESULT: {"using":"xpath","value":"//li[.//span[contains(normalize-space(.), '246 -')]]"}
COMMAND: POST /session/25c011aa293abf97c7913f308519c6b0/element/f.A224BA6FA6224D464A8F44AD5BF2EA9F.d.16D6D7BAED514C5341E59854134D99C5.e.16693/click - {}
RESULT: {}
COMMAND: GET /session/25c011aa293abf97c7913f308519c6b0/screenshot - {}
RESULT: {}
COMMAND: POST /session/25c011aa293abf97c7913f308519c6b0/execute/async - {"script":"<script> [1562 bytes]","args":[{"selector":{"id":"application-managehandovers-display-component---AddNewHO--ObjectPageLayout-anchBar-application-managehandovers-display-component---AddNewHO--section4-anchor","interaction":{"idSuffix":"BDI-content"}},"wdio_ui5_key":"applicationmanagehandovers-display-component---AddNewHO--ObjectPageLayout-anchBar-application-managehandovers-display-component---AddNewHO--section4-anchor"}]}
RESULT: {"script":"<script> [1562 bytes]","args":[{"selector":{"id":"application-managehandovers-display-component---AddNewHO--ObjectPageLayout-anchBar-application-managehandovers-display-component---AddNewHO--section4-anchor","interaction":{"idSuffix":"BDI-content"}},"wdio_ui5_key":"applicationmanagehandovers-display-component---AddNewHO--ObjectPageLayout-anchBar-application-managehandovers-display-component---AddNewHO--section4-anchor"}]}
RESULT: undefined
COMMAND: POST /session/25c011aa293abf97c7913f308519c6b0/element - {"using":"xpath","value":"//*[@id=\"application-managehandovers-display-component---AddNewHO--ObjectPageLayout-anchBar-application-managehandovers-display-component---AddNewHO--section4-anchor\"]"}
RESULT: {"using":"xpath","value":"//*[@id=\"application-managehandovers-display-component---AddNewHO--ObjectPageLayout-anchBar-application-managehandovers-display-component---AddNewHO--section4-anchor\"]"}
COMMAND: POST /session/25c011aa293abf97c7913f308519c6b0/element/f.A224BA6FA6224D464A8F44AD5BF2EA9F.d.16D6D7BAED514C5341E59854134D99C5.e.16695/click - {}
RESULT: {}
COMMAND: GET /session/25c011aa293abf97c7913f308519c6b0/screenshot - {}
RESULT: {}
COMMAND: POST /session/25c011aa293abf97c7913f308519c6b0/element - {"using":"xpath","value":"//button[@aria-label=\"Add\"]"}
RESULT: {"using":"xpath","value":"//button[@aria-label=\"Add\"]"}
COMMAND: POST /session/25c011aa293abf97c7913f308519c6b0/element/f.A224BA6FA6224D464A8F44AD5BF2EA9F.d.16D6D7BAED514C5341E59854134D99C5.e.16699/click - {}
RESULT: {}
COMMAND: GET /session/25c011aa293abf97c7913f308519c6b0/screenshot - {}
RESULT: {}
COMMAND: POST /session/25c011aa293abf97c7913f308519c6b0/execute/async - {"script":"<script> [1562 bytes]","args":[{"selector":{"id":"application-managehandovers-display-component---AddNewHO--smartFilterBar-btnBasicSearch","searchOpenDialogs":true,"interaction":{"idSuffix":"I"}},"wdio_ui5_key":"applicationmanagehandovers-display-component---AddNewHO--smartFilterBar-btnBasicSearch"}]}
RESULT: {"script":"<script> [1562 bytes]","args":[{"selector":{"id":"application-managehandovers-display-component---AddNewHO--smartFilterBar-btnBasicSearch","searchOpenDialogs":true,"interaction":{"idSuffix":"I"}},"wdio_ui5_key":"applicationmanagehandovers-display-component---AddNewHO--smartFilterBar-btnBasicSearch"}]}
RESULT: undefined
COMMAND: POST /session/25c011aa293abf97c7913f308519c6b0/execute/async - {"script":"<script> [776 bytes]","args":[{"enterText":"BbE3FwZVJT","selector":{"id":"application-managehandovers-display-component---AddNewHO--smartFilterBar-btnBasicSearch","searchOpenDialogs":true,"interaction":{"idSuffix":"I"}},"clearTextFirst":true,"interactionType":"ENTER_TEXT"}]}
RESULT: {"script":"<script> [776 bytes]","args":[{"enterText":"BbE3FwZVJT","selector":{"id":"application-managehandovers-display-component---AddNewHO--smartFilterBar-btnBasicSearch","searchOpenDialogs":true,"interaction":{"idSuffix":"I"}},"clearTextFirst":true,"interactionType":"ENTER_TEXT"}]}
COMMAND: POST /session/25c011aa293abf97c7913f308519c6b0/actions - {"actions":[{"id":"action62","type":"key","parameters":{},"actions":[{"type":"keyDown","value":""},{"type":"pause","duration":10},{"type":"keyUp","value":""}]}]}
RESULT: {"actions":[{"id":"action62","type":"key","parameters":{},"actions":[{"type":"keyDown","value":""},{"type":"pause","duration":10},{"type":"keyUp","value":""}]}]}
COMMAND: GET /session/25c011aa293abf97c7913f308519c6b0/screenshot - {}
RESULT: {}
COMMAND: POST /session/25c011aa293abf97c7913f308519c6b0/execute/async - {"script":"<script> [1562 bytes]","args":[{"selector":{"id":"application-managehandovers-display-component---AddNewHO--popup-sa","searchOpenDialogs":true,"interaction":{"idSuffix":"CbBg"}},"wdio_ui5_key":"applicationmanagehandovers-display-component---AddNewHO--popup-sa"}]}
RESULT: {"script":"<script> [1562 bytes]","args":[{"selector":{"id":"application-managehandovers-display-component---AddNewHO--popup-sa","searchOpenDialogs":true,"interaction":{"idSuffix":"CbBg"}},"wdio_ui5_key":"applicationmanagehandovers-display-component---AddNewHO--popup-sa"}]}
RESULT: undefined
COMMAND: POST /session/25c011aa293abf97c7913f308519c6b0/element - {"using":"xpath","value":"//*[@id=\"application-managehandovers-display-component---AddNewHO--popup-sa\"]"}
RESULT: {"using":"xpath","value":"//*[@id=\"application-managehandovers-display-component---AddNewHO--popup-sa\"]"}
COMMAND: POST /session/25c011aa293abf97c7913f308519c6b0/element/f.A224BA6FA6224D464A8F44AD5BF2EA9F.d.16D6D7BAED514C5341E59854134D99C5.e.16850/click - {}
RESULT: {}
COMMAND: GET /session/25c011aa293abf97c7913f308519c6b0/screenshot - {}
RESULT: {}
COMMAND: POST /session/25c011aa293abf97c7913f308519c6b0/element - {"using":"xpath","value":"//bdi[contains(text(), \"Select\")]"}
RESULT: {"using":"xpath","value":"//bdi[contains(text(), \"Select\")]"}
COMMAND: POST /session/25c011aa293abf97c7913f308519c6b0/element/f.A224BA6FA6224D464A8F44AD5BF2EA9F.d.16D6D7BAED514C5341E59854134D99C5.e.16851/click - {}
RESULT: {}
COMMAND: GET /session/25c011aa293abf97c7913f308519c6b0/screenshot - {}
RESULT: {}
COMMAND: POST /session/25c011aa293abf97c7913f308519c6b0/element - {"using":"xpath","value":"//button[@data-kt=\"AddNewHOSaveButton\"]"}
RESULT: {"using":"xpath","value":"//button[@data-kt=\"AddNewHOSaveButton\"]"}
COMMAND: POST /session/25c011aa293abf97c7913f308519c6b0/element/f.A224BA6FA6224D464A8F44AD5BF2EA9F.d.16D6D7BAED514C5341E59854134D99C5.e.16855/click - {}
RESULT: {}
COMMAND: GET /session/25c011aa293abf97c7913f308519c6b0/screenshot - {}
RESULT: {}
COMMAND: POST /session/25c011aa293abf97c7913f308519c6b0/execute/async - {"script":"<script> [1562 bytes]","args":[{"selector":{"id":"receiptDatePicker","viewName":"etm.portal.ui.managehandovers.view.DetailExecuteHO","interaction":{"idSuffix":"inner"}},"wdio_ui5_key":"receiptDatePickeretmportal.ui.managehandovers.view.DetailExecuteHO"}]}
RESULT: {"script":"<script> [1562 bytes]","args":[{"selector":{"id":"receiptDatePicker","viewName":"etm.portal.ui.managehandovers.view.DetailExecuteHO","interaction":{"idSuffix":"inner"}},"wdio_ui5_key":"receiptDatePickeretmportal.ui.managehandovers.view.DetailExecuteHO"}]}
RESULT: undefined
COMMAND: POST /session/25c011aa293abf97c7913f308519c6b0/execute/async - {"script":"<script> [6424 bytes]","args":[{"element-6066-11e4-a52e-4f735466cecf":"f.A224BA6FA6224D464A8F44AD5BF2EA9F.d.16D6D7BAED514C5341E59854134D99C5.e.16883"},"setValue",["6/13/25"]]}
RESULT: {"script":"<script> [6424 bytes]","args":[{"element-6066-11e4-a52e-4f735466cecf":"f.A224BA6FA6224D464A8F44AD5BF2EA9F.d.16D6D7BAED514C5341E59854134D99C5.e.16883"},"setValue",["6/13/25"]]}
COMMAND: POST /session/25c011aa293abf97c7913f308519c6b0/element - {"using":"xpath","value":"//button[@data-kt=\"ReceivingTableConfirmAllButton\"]"}
RESULT: {"using":"xpath","value":"//button[@data-kt=\"ReceivingTableConfirmAllButton\"]"}
COMMAND: POST /session/25c011aa293abf97c7913f308519c6b0/element/f.A224BA6FA6224D464A8F44AD5BF2EA9F.d.16D6D7BAED514C5341E59854134D99C5.e.16897/click - {}
RESULT: {}
COMMAND: GET /session/25c011aa293abf97c7913f308519c6b0/screenshot - {}
RESULT: {}
COMMAND: POST /session/25c011aa293abf97c7913f308519c6b0/element - {"using":"xpath","value":"//bdi[contains(text(), \"OK\")]"}
RESULT: {"using":"xpath","value":"//bdi[contains(text(), \"OK\")]"}
COMMAND: POST /session/25c011aa293abf97c7913f308519c6b0/element/f.A224BA6FA6224D464A8F44AD5BF2EA9F.d.16D6D7BAED514C5341E59854134D99C5.e.16899/click - {}
RESULT: {}
COMMAND: GET /session/25c011aa293abf97c7913f308519c6b0/screenshot - {}
RESULT: {}
COMMAND: POST /session/25c011aa293abf97c7913f308519c6b0/element - {"using":"xpath","value":"(//bdi[contains(text(), \"Receive\")])[2]"}
RESULT: {"using":"xpath","value":"(//bdi[contains(text(), \"Receive\")])[2]"}
COMMAND: POST /session/25c011aa293abf97c7913f308519c6b0/element/f.A224BA6FA6224D464A8F44AD5BF2EA9F.d.16D6D7BAED514C5341E59854134D99C5.e.16901/click - {}
RESULT: {}
COMMAND: GET /session/25c011aa293abf97c7913f308519c6b0/screenshot - {}
RESULT: {}
COMMAND: POST /session/25c011aa293abf97c7913f308519c6b0/element - {"using":"css selector","value":"#shell-header-logo"}
RESULT: {"using":"css selector","value":"#shell-header-logo"}
COMMAND: POST /session/25c011aa293abf97c7913f308519c6b0/element/f.A224BA6FA6224D464A8F44AD5BF2EA9F.d.16D6D7BAED514C5341E59854134D99C5.e.16351/click - {}
RESULT: {}
COMMAND: GET /session/25c011aa293abf97c7913f308519c6b0/screenshot - {}
RESULT: {}
]]></system-out>
    </testcase>
    <testcase classname="chrome.137_0_7151_69.windows.Performance_based_billing_(work_days)_US139742" name="Should create a new contract" time="58.755">
      <system-out><![CDATA[
COMMAND: POST /session/25c011aa293abf97c7913f308519c6b0/execute/async - {"script":"<script> [1562 bytes]","args":[{"selector":{"controlType":"sap.m.GenericTile","properties":{"header":"Manage Contracts"}},"wdio_ui5_key":"sapm.GenericTile{\"header\":\"Manage Contracts\"}"}]}
RESULT: {"script":"<script> [1562 bytes]","args":[{"selector":{"controlType":"sap.m.GenericTile","properties":{"header":"Manage Contracts"}},"wdio_ui5_key":"sapm.GenericTile{\"header\":\"Manage Contracts\"}"}]}
RESULT: undefined
COMMAND: POST /session/25c011aa293abf97c7913f308519c6b0/element - {"using":"xpath","value":"//*[@id=\"__tile133\"]"}
RESULT: {"using":"xpath","value":"//*[@id=\"__tile133\"]"}
COMMAND: POST /session/25c011aa293abf97c7913f308519c6b0/element/f.A224BA6FA6224D464A8F44AD5BF2EA9F.d.16D6D7BAED514C5341E59854134D99C5.e.14330/click - {}
RESULT: {}
COMMAND: GET /session/25c011aa293abf97c7913f308519c6b0/screenshot - {}
RESULT: {}
COMMAND: POST /session/25c011aa293abf97c7913f308519c6b0/elements - {"using":"xpath","value":"//span[text()='Error']"}
RESULT: {"using":"xpath","value":"//span[text()='Error']"}
COMMAND: POST /session/25c011aa293abf97c7913f308519c6b0/element - {"using":"xpath","value":"//button[@data-kt=\"addButton\"]"}
RESULT: {"using":"xpath","value":"//button[@data-kt=\"addButton\"]"}
COMMAND: POST /session/25c011aa293abf97c7913f308519c6b0/elements - {"using":"xpath","value":"//button[@data-kt=\"addButton\"]"}
RESULT: {"using":"xpath","value":"//button[@data-kt=\"addButton\"]"}
COMMAND: POST /session/25c011aa293abf97c7913f308519c6b0/execute/sync - {"script":"<script> [8489 bytes]","args":[{"element-6066-11e4-a52e-4f735466cecf":"f.A224BA6FA6224D464A8F44AD5BF2EA9F.d.16D6D7BAED514C5341E59854134D99C5.e.17112","ELEMENT":"f.A224BA6FA6224D464A8F44AD5BF2EA9F.d.16D6D7BAED514C5341E59854134D99C5.e.17112"}]}
RESULT: {"script":"<script> [8489 bytes]","args":[{"element-6066-11e4-a52e-4f735466cecf":"f.A224BA6FA6224D464A8F44AD5BF2EA9F.d.16D6D7BAED514C5341E59854134D99C5.e.17112","ELEMENT":"f.A224BA6FA6224D464A8F44AD5BF2EA9F.d.16D6D7BAED514C5341E59854134D99C5.e.17112"}]}
COMMAND: GET /session/25c011aa293abf97c7913f308519c6b0/element/f.A224BA6FA6224D464A8F44AD5BF2EA9F.d.16D6D7BAED514C5341E59854134D99C5.e.17112/enabled - {}
COMMAND: GET /session/25c011aa293abf97c7913f308519c6b0/screenshot - {}
RESULT: {}
COMMAND: POST /session/25c011aa293abf97c7913f308519c6b0/execute/sync - {"script":"<script> [8489 bytes]","args":[{"element-6066-11e4-a52e-4f735466cecf":"f.A224BA6FA6224D464A8F44AD5BF2EA9F.d.16D6D7BAED514C5341E59854134D99C5.e.17112","ELEMENT":"f.A224BA6FA6224D464A8F44AD5BF2EA9F.d.16D6D7BAED514C5341E59854134D99C5.e.17112"}]}
COMMAND: GET /session/25c011aa293abf97c7913f308519c6b0/screenshot - {}
RESULT: {}
RESULT: {"script":"<script> [8489 bytes]","args":[{"element-6066-11e4-a52e-4f735466cecf":"f.A224BA6FA6224D464A8F44AD5BF2EA9F.d.16D6D7BAED514C5341E59854134D99C5.e.17112","ELEMENT":"f.A224BA6FA6224D464A8F44AD5BF2EA9F.d.16D6D7BAED514C5341E59854134D99C5.e.17112"}]}
COMMAND: POST /session/25c011aa293abf97c7913f308519c6b0/execute/sync - {"script":"<script> [5351 bytes]","args":[{"element-6066-11e4-a52e-4f735466cecf":"f.A224BA6FA6224D464A8F44AD5BF2EA9F.d.16D6D7BAED514C5341E59854134D99C5.e.17112","ELEMENT":"f.A224BA6FA6224D464A8F44AD5BF2EA9F.d.16D6D7BAED514C5341E59854134D99C5.e.17112"}]}
COMMAND: GET /session/25c011aa293abf97c7913f308519c6b0/screenshot - {}
RESULT: {}
RESULT: {"script":"<script> [5351 bytes]","args":[{"element-6066-11e4-a52e-4f735466cecf":"f.A224BA6FA6224D464A8F44AD5BF2EA9F.d.16D6D7BAED514C5341E59854134D99C5.e.17112","ELEMENT":"f.A224BA6FA6224D464A8F44AD5BF2EA9F.d.16D6D7BAED514C5341E59854134D99C5.e.17112"}]}
COMMAND: GET /session/25c011aa293abf97c7913f308519c6b0/screenshot - {}
RESULT: {}
RESULT: {}
COMMAND: POST /session/25c011aa293abf97c7913f308519c6b0/element/f.A224BA6FA6224D464A8F44AD5BF2EA9F.d.16D6D7BAED514C5341E59854134D99C5.e.17112/click - {}
RESULT: {}
COMMAND: GET /session/25c011aa293abf97c7913f308519c6b0/screenshot - {}
COMMAND: POST /session/25c011aa293abf97c7913f308519c6b0/execute/async - {"script":"<script> [1562 bytes]","args":[{"selector":{"id":"application-managecontracts-display-component---AddNewContract--projectDescription","interaction":{"idSuffix":"inner"}},"wdio_ui5_key":"applicationmanagecontracts-display-component---AddNewContract--projectDescription"}]}
RESULT: {}
RESULT: {"script":"<script> [1562 bytes]","args":[{"selector":{"id":"application-managecontracts-display-component---AddNewContract--projectDescription","interaction":{"idSuffix":"inner"}},"wdio_ui5_key":"applicationmanagecontracts-display-component---AddNewContract--projectDescription"}]}
RESULT: undefined
COMMAND: POST /session/25c011aa293abf97c7913f308519c6b0/execute/async - {"script":"<script> [776 bytes]","args":[{"enterText":"Performance Contract WDIO","selector":{"id":"application-managecontracts-display-component---AddNewContract--projectDescription","interaction":{"idSuffix":"inner"}},"clearTextFirst":true,"interactionType":"ENTER_TEXT"}]}
RESULT: {"script":"<script> [776 bytes]","args":[{"enterText":"Performance Contract WDIO","selector":{"id":"application-managecontracts-display-component---AddNewContract--projectDescription","interaction":{"idSuffix":"inner"}},"clearTextFirst":true,"interactionType":"ENTER_TEXT"}]}
COMMAND: POST /session/25c011aa293abf97c7913f308519c6b0/element - {"using":"xpath","value":"//input[@id=\"application-managecontracts-display-component---AddNewContract--site-inner\"]"}
RESULT: {"using":"xpath","value":"//input[@id=\"application-managecontracts-display-component---AddNewContract--site-inner\"]"}
COMMAND: POST /session/25c011aa293abf97c7913f308519c6b0/element/f.A224BA6FA6224D464A8F44AD5BF2EA9F.d.16D6D7BAED514C5341E59854134D99C5.e.17433/clear - {}
RESULT: {}
COMMAND: POST /session/25c011aa293abf97c7913f308519c6b0/element/f.A224BA6FA6224D464A8F44AD5BF2EA9F.d.16D6D7BAED514C5341E59854134D99C5.e.17433/value - {"text":"2092"}
COMMAND: GET /session/25c011aa293abf97c7913f308519c6b0/screenshot - {}
RESULT: {"text":"2092"}
COMMAND: GET /session/25c011aa293abf97c7913f308519c6b0/screenshot - {}
RESULT: {}
RESULT: {}
COMMAND: POST /session/25c011aa293abf97c7913f308519c6b0/element - {"using":"xpath","value":"//li[.//span[text()='2092']]"}
RESULT: {"using":"xpath","value":"//li[.//span[text()='2092']]"}
COMMAND: POST /session/25c011aa293abf97c7913f308519c6b0/element/f.A224BA6FA6224D464A8F44AD5BF2EA9F.d.16D6D7BAED514C5341E59854134D99C5.e.17516/click - {}
RESULT: {}
COMMAND: GET /session/25c011aa293abf97c7913f308519c6b0/screenshot - {}
RESULT: {}
COMMAND: POST /session/25c011aa293abf97c7913f308519c6b0/element - {"using":"xpath","value":"//input[@id=\"application-managecontracts-display-component---AddNewContract--yardId-inner\"]"}
RESULT: {"using":"xpath","value":"//input[@id=\"application-managecontracts-display-component---AddNewContract--yardId-inner\"]"}
COMMAND: GET /session/25c011aa293abf97c7913f308519c6b0/element/f.A224BA6FA6224D464A8F44AD5BF2EA9F.d.16D6D7BAED514C5341E59854134D99C5.e.17434/property/value - {}
RESULT: {}
COMMAND: POST /session/25c011aa293abf97c7913f308519c6b0/element - {"using":"xpath","value":"//input[@id=\"application-managecontracts-display-component---AddNewContract--customerSelect-inner\"]"}
COMMAND: GET /session/25c011aa293abf97c7913f308519c6b0/screenshot - {}
RESULT: {"using":"xpath","value":"//input[@id=\"application-managecontracts-display-component---AddNewContract--customerSelect-inner\"]"}
COMMAND: POST /session/25c011aa293abf97c7913f308519c6b0/element/f.A224BA6FA6224D464A8F44AD5BF2EA9F.d.16D6D7BAED514C5341E59854134D99C5.e.17432/clear - {}
RESULT: {}
RESULT: {}
COMMAND: POST /session/25c011aa293abf97c7913f308519c6b0/element/f.A224BA6FA6224D464A8F44AD5BF2EA9F.d.16D6D7BAED514C5341E59854134D99C5.e.17432/value - {"text":"1098"}
COMMAND: GET /session/25c011aa293abf97c7913f308519c6b0/screenshot - {}
RESULT: {"text":"1098"}
COMMAND: GET /session/25c011aa293abf97c7913f308519c6b0/screenshot - {}
RESULT: {}
RESULT: {}
COMMAND: POST /session/25c011aa293abf97c7913f308519c6b0/element - {"using":"xpath","value":"//li[.//span[text()='1098']]"}
RESULT: {"using":"xpath","value":"//li[.//span[text()='1098']]"}
COMMAND: POST /session/25c011aa293abf97c7913f308519c6b0/element/f.A224BA6FA6224D464A8F44AD5BF2EA9F.d.16D6D7BAED514C5341E59854134D99C5.e.17519/click - {}
RESULT: {}
COMMAND: GET /session/25c011aa293abf97c7913f308519c6b0/screenshot - {}
RESULT: {}
COMMAND: POST /session/25c011aa293abf97c7913f308519c6b0/element - {"using":"xpath","value":"//button[@data-kt=\"saveButton\"]"}
RESULT: {"using":"xpath","value":"//button[@data-kt=\"saveButton\"]"}
COMMAND: POST /session/25c011aa293abf97c7913f308519c6b0/element/f.A224BA6FA6224D464A8F44AD5BF2EA9F.d.16D6D7BAED514C5341E59854134D99C5.e.17509/click - {}
RESULT: {}
COMMAND: GET /session/25c011aa293abf97c7913f308519c6b0/screenshot - {}
RESULT: {}
COMMAND: POST /session/25c011aa293abf97c7913f308519c6b0/element - {"using":"xpath","value":"//span[contains(@id ,\"contractDetailTitleNoExpanded\")]"}
RESULT: {"using":"xpath","value":"//span[contains(@id ,\"contractDetailTitleNoExpanded\")]"}
COMMAND: POST /session/25c011aa293abf97c7913f308519c6b0/elements - {"using":"xpath","value":"//span[contains(@id ,\"contractDetailTitleNoExpanded\")]"}
RESULT: {"using":"xpath","value":"//span[contains(@id ,\"contractDetailTitleNoExpanded\")]"}
COMMAND: POST /session/25c011aa293abf97c7913f308519c6b0/execute/sync - {"script":"<script> [56 bytes]","args":[{"element-6066-11e4-a52e-4f735466cecf":"f.A224BA6FA6224D464A8F44AD5BF2EA9F.d.16D6D7BAED514C5341E59854134D99C5.e.17528","ELEMENT":"f.A224BA6FA6224D464A8F44AD5BF2EA9F.d.16D6D7BAED514C5341E59854134D99C5.e.17528"}]}
RESULT: {"script":"<script> [56 bytes]","args":[{"element-6066-11e4-a52e-4f735466cecf":"f.A224BA6FA6224D464A8F44AD5BF2EA9F.d.16D6D7BAED514C5341E59854134D99C5.e.17528","ELEMENT":"f.A224BA6FA6224D464A8F44AD5BF2EA9F.d.16D6D7BAED514C5341E59854134D99C5.e.17528"}]}
COMMAND: GET /session/25c011aa293abf97c7913f308519c6b0/screenshot - {}
RESULT: {}
]]></system-out>
    </testcase>
    <testcase classname="chrome.137_0_7151_69.windows.Performance_based_billing_(work_days)_US139742" name="Should add equipment to the contract" time="48.566">
      <system-out><![CDATA[
COMMAND: POST /session/25c011aa293abf97c7913f308519c6b0/element - {"using":"xpath","value":"//button[@data-kt=\"contractDetailEditBtnButton\"]"}
RESULT: {"using":"xpath","value":"//button[@data-kt=\"contractDetailEditBtnButton\"]"}
COMMAND: POST /session/25c011aa293abf97c7913f308519c6b0/element/f.A224BA6FA6224D464A8F44AD5BF2EA9F.d.16D6D7BAED514C5341E59854134D99C5.e.17531/click - {}
RESULT: {}
COMMAND: GET /session/25c011aa293abf97c7913f308519c6b0/screenshot - {}
RESULT: {}
COMMAND: POST /session/25c011aa293abf97c7913f308519c6b0/element - {"using":"xpath","value":"(//span[contains(text(), \"Additional Addresses\")])[2]"}
RESULT: {"using":"xpath","value":"(//span[contains(text(), \"Additional Addresses\")])[2]"}
COMMAND: POST /session/25c011aa293abf97c7913f308519c6b0/element/f.A224BA6FA6224D464A8F44AD5BF2EA9F.d.16D6D7BAED514C5341E59854134D99C5.e.17587/click - {}
RESULT: {}
COMMAND: GET /session/25c011aa293abf97c7913f308519c6b0/screenshot - {}
RESULT: {}
COMMAND: POST /session/25c011aa293abf97c7913f308519c6b0/element - {"using":"xpath","value":"//button[@data-kt=\"btnAddTableRowOverflowToolbarButton\"]"}
RESULT: {"using":"xpath","value":"//button[@data-kt=\"btnAddTableRowOverflowToolbarButton\"]"}
COMMAND: POST /session/25c011aa293abf97c7913f308519c6b0/element/f.A224BA6FA6224D464A8F44AD5BF2EA9F.d.16D6D7BAED514C5341E59854134D99C5.e.17590/click - {}
RESULT: {}
COMMAND: GET /session/25c011aa293abf97c7913f308519c6b0/screenshot - {}
RESULT: {}
COMMAND: POST /session/25c011aa293abf97c7913f308519c6b0/element - {"using":"xpath","value":"//div[(text() = 'Standard Entry' or . = 'Standard Entry')]"}
RESULT: {"using":"xpath","value":"//div[(text() = 'Standard Entry' or . = 'Standard Entry')]"}
COMMAND: POST /session/25c011aa293abf97c7913f308519c6b0/element/f.A224BA6FA6224D464A8F44AD5BF2EA9F.d.16D6D7BAED514C5341E59854134D99C5.e.17592/click - {}
RESULT: {}
COMMAND: GET /session/25c011aa293abf97c7913f308519c6b0/screenshot - {}
RESULT: {}
COMMAND: POST /session/25c011aa293abf97c7913f308519c6b0/element - {"using":"xpath","value":"//td[7]/div/div/input"}
RESULT: {"using":"xpath","value":"//td[7]/div/div/input"}
COMMAND: POST /session/25c011aa293abf97c7913f308519c6b0/element/f.A224BA6FA6224D464A8F44AD5BF2EA9F.d.16D6D7BAED514C5341E59854134D99C5.e.17601/clear - {}
RESULT: {}
COMMAND: POST /session/25c011aa293abf97c7913f308519c6b0/element/f.A224BA6FA6224D464A8F44AD5BF2EA9F.d.16D6D7BAED514C5341E59854134D99C5.e.17601/value - {"text":"BbE3FwZVJT"}
COMMAND: GET /session/25c011aa293abf97c7913f308519c6b0/screenshot - {}
RESULT: {"text":"BbE3FwZVJT"}
COMMAND: GET /session/25c011aa293abf97c7913f308519c6b0/screenshot - {}
RESULT: {}
RESULT: {}
COMMAND: POST /session/25c011aa293abf97c7913f308519c6b0/actions - {"actions":[{"id":"action63","type":"key","parameters":{},"actions":[{"type":"keyDown","value":""},{"type":"pause","duration":10},{"type":"keyUp","value":""}]}]}
RESULT: {"actions":[{"id":"action63","type":"key","parameters":{},"actions":[{"type":"keyDown","value":""},{"type":"pause","duration":10},{"type":"keyUp","value":""}]}]}
COMMAND: GET /session/25c011aa293abf97c7913f308519c6b0/screenshot - {}
RESULT: {}
COMMAND: POST /session/25c011aa293abf97c7913f308519c6b0/execute/sync - {"script":"<script> [276 bytes]","args":["No pricing information was found"]}
RESULT: {"script":"<script> [276 bytes]","args":["No pricing information was found"]}
COMMAND: POST /session/25c011aa293abf97c7913f308519c6b0/element - {"using":"xpath","value":"(//button[@data-kt=\"saveButton\"])[2]"}
COMMAND: GET /session/25c011aa293abf97c7913f308519c6b0/screenshot - {}
RESULT: {"using":"xpath","value":"(//button[@data-kt=\"saveButton\"])[2]"}
COMMAND: POST /session/25c011aa293abf97c7913f308519c6b0/element/f.A224BA6FA6224D464A8F44AD5BF2EA9F.d.16D6D7BAED514C5341E59854134D99C5.e.17616/click - {}
RESULT: {}
RESULT: {}
COMMAND: GET /session/25c011aa293abf97c7913f308519c6b0/screenshot - {}
RESULT: {}
COMMAND: POST /session/25c011aa293abf97c7913f308519c6b0/execute/sync - {"script":"<script> [276 bytes]","args":["Some contract items are having rental validity exceeding header rental validity"]}
RESULT: {"script":"<script> [276 bytes]","args":["Some contract items are having rental validity exceeding header rental validity"]}
COMMAND: GET /session/25c011aa293abf97c7913f308519c6b0/screenshot - {}
RESULT: {}
COMMAND: POST /session/25c011aa293abf97c7913f308519c6b0/element - {"using":"xpath","value":"//span[contains(@id ,\"contractItemsSmartTable-header-inner\")]"}
RESULT: {"using":"xpath","value":"//span[contains(@id ,\"contractItemsSmartTable-header-inner\")]"}
COMMAND: POST /session/25c011aa293abf97c7913f308519c6b0/elements - {"using":"xpath","value":"//span[contains(@id ,\"contractItemsSmartTable-header-inner\")]"}
RESULT: {"using":"xpath","value":"//span[contains(@id ,\"contractItemsSmartTable-header-inner\")]"}
COMMAND: POST /session/25c011aa293abf97c7913f308519c6b0/execute/sync - {"script":"<script> [56 bytes]","args":[{"element-6066-11e4-a52e-4f735466cecf":"f.A224BA6FA6224D464A8F44AD5BF2EA9F.d.16D6D7BAED514C5341E59854134D99C5.e.17622","ELEMENT":"f.A224BA6FA6224D464A8F44AD5BF2EA9F.d.16D6D7BAED514C5341E59854134D99C5.e.17622"}]}
RESULT: {"script":"<script> [56 bytes]","args":[{"element-6066-11e4-a52e-4f735466cecf":"f.A224BA6FA6224D464A8F44AD5BF2EA9F.d.16D6D7BAED514C5341E59854134D99C5.e.17622","ELEMENT":"f.A224BA6FA6224D464A8F44AD5BF2EA9F.d.16D6D7BAED514C5341E59854134D99C5.e.17622"}]}
]]></system-out>
    </testcase>
    <testcase classname="chrome.137_0_7151_69.windows.Performance_based_billing_(work_days)_US139742" name="Should do a provide to site handover" time="62.662">
      <system-out><![CDATA[
COMMAND: POST /session/25c011aa293abf97c7913f308519c6b0/element - {"using":"xpath","value":"//button[@data-kt=\"provideButton\"]"}
COMMAND: GET /session/25c011aa293abf97c7913f308519c6b0/screenshot - {}
RESULT: {"using":"xpath","value":"//button[@data-kt=\"provideButton\"]"}
COMMAND: POST /session/25c011aa293abf97c7913f308519c6b0/element/f.A224BA6FA6224D464A8F44AD5BF2EA9F.d.16D6D7BAED514C5341E59854134D99C5.e.17623/click - {}
RESULT: {}
RESULT: {}
COMMAND: GET /session/25c011aa293abf97c7913f308519c6b0/screenshot - {}
RESULT: undefined
COMMAND: POST /session/25c011aa293abf97c7913f308519c6b0/execute/async - {"script":"<script> [6424 bytes]","args":[{"element-6066-11e4-a52e-4f735466cecf":"f.A224BA6FA6224D464A8F44AD5BF2EA9F.d.16D6D7BAED514C5341E59854134D99C5.e.16671"},"setValue",["6/13/25"]]}
RESULT: {}
COMMAND: POST /session/25c011aa293abf97c7913f308519c6b0/execute/async - {"script":"<script> [1562 bytes]","args":[{"selector":{"id":"application-managehandovers-display-component---AddNewHO--dueDate","interaction":{"idSuffix":"inner"}},"wdio_ui5_key":"applicationmanagehandovers-display-component---AddNewHO--dueDate"}]}
RESULT: {"script":"<script> [1562 bytes]","args":[{"selector":{"id":"application-managehandovers-display-component---AddNewHO--dueDate","interaction":{"idSuffix":"inner"}},"wdio_ui5_key":"applicationmanagehandovers-display-component---AddNewHO--dueDate"}]}
COMMAND: POST /session/25c011aa293abf97c7913f308519c6b0/execute/async - {"script":"<script> [6424 bytes]","args":[{"element-6066-11e4-a52e-4f735466cecf":"f.A224BA6FA6224D464A8F44AD5BF2EA9F.d.16D6D7BAED514C5341E59854134D99C5.e.17713"},"setValue",["6/13/25"]]}
RESULT: {"script":"<script> [6424 bytes]","args":[{"element-6066-11e4-a52e-4f735466cecf":"f.A224BA6FA6224D464A8F44AD5BF2EA9F.d.16D6D7BAED514C5341E59854134D99C5.e.17713"},"setValue",["6/13/25"]]}
COMMAND: POST /session/25c011aa293abf97c7913f308519c6b0/element - {"using":"xpath","value":"//bdi[contains(text(), \"Instructions\")]"}
RESULT: {"using":"xpath","value":"//bdi[contains(text(), \"Instructions\")]"}
COMMAND: POST /session/25c011aa293abf97c7913f308519c6b0/element/f.A224BA6FA6224D464A8F44AD5BF2EA9F.d.16D6D7BAED514C5341E59854134D99C5.e.17927/click - {}
RESULT: {}
COMMAND: GET /session/25c011aa293abf97c7913f308519c6b0/screenshot - {}
RESULT: {}
COMMAND: POST /session/25c011aa293abf97c7913f308519c6b0/element - {"using":"xpath","value":"//button[@data-kt=\"AddNewHOProvideAddItemsButton\"]"}
RESULT: {"using":"xpath","value":"//button[@data-kt=\"AddNewHOProvideAddItemsButton\"]"}
COMMAND: POST /session/25c011aa293abf97c7913f308519c6b0/element/f.A224BA6FA6224D464A8F44AD5BF2EA9F.d.16D6D7BAED514C5341E59854134D99C5.e.17931/click - {}
RESULT: {}
COMMAND: GET /session/25c011aa293abf97c7913f308519c6b0/screenshot - {}
RESULT: {}
RESULT: undefined
COMMAND: POST /session/25c011aa293abf97c7913f308519c6b0/element - {"using":"xpath","value":"//*[@id=\"application-managehandovers-display-component---AddNewHO--popup-sa\"]"}
RESULT: {"using":"xpath","value":"//*[@id=\"application-managehandovers-display-component---AddNewHO--popup-sa\"]"}
COMMAND: POST /session/25c011aa293abf97c7913f308519c6b0/element/f.A224BA6FA6224D464A8F44AD5BF2EA9F.d.16D6D7BAED514C5341E59854134D99C5.e.17940/click - {}
RESULT: {}
COMMAND: GET /session/25c011aa293abf97c7913f308519c6b0/screenshot - {}
RESULT: {}
COMMAND: POST /session/25c011aa293abf97c7913f308519c6b0/element - {"using":"xpath","value":"//*[contains(@id ,\"BDI-content\")][contains(text(), \"Select\")]"}
RESULT: {"using":"xpath","value":"//*[contains(@id ,\"BDI-content\")][contains(text(), \"Select\")]"}
COMMAND: POST /session/25c011aa293abf97c7913f308519c6b0/element/f.A224BA6FA6224D464A8F44AD5BF2EA9F.d.16D6D7BAED514C5341E59854134D99C5.e.17942/click - {}
RESULT: {}
COMMAND: GET /session/25c011aa293abf97c7913f308519c6b0/screenshot - {}
RESULT: {}
COMMAND: POST /session/25c011aa293abf97c7913f308519c6b0/execute/async - {"script":"<script> [1562 bytes]","args":[{"selector":{"id":"application-managehandovers-display-component---AddNewHO--confirmCreationButton","interaction":{"idSuffix":"BDI-content"}},"wdio_ui5_key":"applicationmanagehandovers-display-component---AddNewHO--confirmCreationButton"}]}
RESULT: {"script":"<script> [1562 bytes]","args":[{"selector":{"id":"application-managehandovers-display-component---AddNewHO--confirmCreationButton","interaction":{"idSuffix":"BDI-content"}},"wdio_ui5_key":"applicationmanagehandovers-display-component---AddNewHO--confirmCreationButton"}]}
RESULT: undefined
COMMAND: POST /session/25c011aa293abf97c7913f308519c6b0/element - {"using":"xpath","value":"//*[@id=\"application-managehandovers-display-component---AddNewHO--confirmCreationButton\"]"}
RESULT: {"using":"xpath","value":"//*[@id=\"application-managehandovers-display-component---AddNewHO--confirmCreationButton\"]"}
COMMAND: POST /session/25c011aa293abf97c7913f308519c6b0/element/f.A224BA6FA6224D464A8F44AD5BF2EA9F.d.16D6D7BAED514C5341E59854134D99C5.e.17760/click - {}
RESULT: {}
COMMAND: GET /session/25c011aa293abf97c7913f308519c6b0/screenshot - {}
RESULT: {}
COMMAND: POST /session/25c011aa293abf97c7913f308519c6b0/execute/async - {"script":"<script> [1562 bytes]","args":[{"selector":{"id":"issueDatePicker","viewName":"etm.portal.ui.managehandovers.view.DetailExecuteHO","interaction":{"idSuffix":"inner"}},"wdio_ui5_key":"issueDatePickeretmportal.ui.managehandovers.view.DetailExecuteHO"}]}
RESULT: {"script":"<script> [1562 bytes]","args":[{"selector":{"id":"issueDatePicker","viewName":"etm.portal.ui.managehandovers.view.DetailExecuteHO","interaction":{"idSuffix":"inner"}},"wdio_ui5_key":"issueDatePickeretmportal.ui.managehandovers.view.DetailExecuteHO"}]}
RESULT: undefined
COMMAND: POST /session/25c011aa293abf97c7913f308519c6b0/execute/async - {"script":"<script> [776 bytes]","args":[{"enterText":"6/13/25","selector":{"id":"issueDatePicker","viewName":"etm.portal.ui.managehandovers.view.DetailExecuteHO","interaction":{"idSuffix":"inner"}},"clearTextFirst":true,"interactionType":"ENTER_TEXT"}]}
RESULT: {"script":"<script> [776 bytes]","args":[{"enterText":"6/13/25","selector":{"id":"issueDatePicker","viewName":"etm.portal.ui.managehandovers.view.DetailExecuteHO","interaction":{"idSuffix":"inner"}},"clearTextFirst":true,"interactionType":"ENTER_TEXT"}]}
COMMAND: POST /session/25c011aa293abf97c7913f308519c6b0/element - {"using":"xpath","value":"//button[@data-kt=\"PickingTableConfirmAllButton\"]"}
RESULT: {"using":"xpath","value":"//button[@data-kt=\"PickingTableConfirmAllButton\"]"}
COMMAND: POST /session/25c011aa293abf97c7913f308519c6b0/element/f.A224BA6FA6224D464A8F44AD5BF2EA9F.d.16D6D7BAED514C5341E59854134D99C5.e.18002/click - {}
RESULT: {}
COMMAND: GET /session/25c011aa293abf97c7913f308519c6b0/screenshot - {}
RESULT: {}
COMMAND: POST /session/25c011aa293abf97c7913f308519c6b0/element - {"using":"xpath","value":"//bdi[contains(text(), \"OK\")]"}
RESULT: {"using":"xpath","value":"//bdi[contains(text(), \"OK\")]"}
COMMAND: POST /session/25c011aa293abf97c7913f308519c6b0/element/f.A224BA6FA6224D464A8F44AD5BF2EA9F.d.16D6D7BAED514C5341E59854134D99C5.e.18005/click - {}
RESULT: {}
COMMAND: GET /session/25c011aa293abf97c7913f308519c6b0/screenshot - {}
RESULT: {}
COMMAND: POST /session/25c011aa293abf97c7913f308519c6b0/element - {"using":"xpath","value":"//bdi[contains(text(), \"Issue\")]"}
RESULT: {"using":"xpath","value":"//bdi[contains(text(), \"Issue\")]"}
COMMAND: POST /session/25c011aa293abf97c7913f308519c6b0/element/f.A224BA6FA6224D464A8F44AD5BF2EA9F.d.16D6D7BAED514C5341E59854134D99C5.e.18007/click - {}
RESULT: {}
COMMAND: GET /session/25c011aa293abf97c7913f308519c6b0/screenshot - {}
RESULT: {}
COMMAND: POST /session/25c011aa293abf97c7913f308519c6b0/element - {"using":"css selector","value":"#shell-header-logo"}
RESULT: {"using":"css selector","value":"#shell-header-logo"}
COMMAND: POST /session/25c011aa293abf97c7913f308519c6b0/element/f.A224BA6FA6224D464A8F44AD5BF2EA9F.d.16D6D7BAED514C5341E59854134D99C5.e.17065/click - {}
RESULT: {}
COMMAND: GET /session/25c011aa293abf97c7913f308519c6b0/screenshot - {}
RESULT: {}
]]></system-out>
    </testcase>
    <testcase classname="chrome.137_0_7151_69.windows.Performance_based_billing_(work_days)_US139742" name="Should create a few performance documents" time="98.856">
      <system-out><![CDATA[
COMMAND: POST /session/25c011aa293abf97c7913f308519c6b0/execute/async - {"script":"<script> [1562 bytes]","args":[{"selector":{"controlType":"sap.m.GenericTile","properties":{"header":"Manage States & Performance"}},"wdio_ui5_key":"sapm.GenericTile{\"header\":\"Manage States & Performance\"}"}]}
RESULT: {"script":"<script> [1562 bytes]","args":[{"selector":{"controlType":"sap.m.GenericTile","properties":{"header":"Manage States & Performance"}},"wdio_ui5_key":"sapm.GenericTile{\"header\":\"Manage States & Performance\"}"}]}
RESULT: undefined
COMMAND: POST /session/25c011aa293abf97c7913f308519c6b0/element - {"using":"xpath","value":"//*[@id=\"__tile58\"]"}
RESULT: {"using":"xpath","value":"//*[@id=\"__tile58\"]"}
COMMAND: POST /session/25c011aa293abf97c7913f308519c6b0/element/f.A224BA6FA6224D464A8F44AD5BF2EA9F.d.16D6D7BAED514C5341E59854134D99C5.e.14411/click - {}
RESULT: {}
COMMAND: GET /session/25c011aa293abf97c7913f308519c6b0/screenshot - {}
RESULT: {}
COMMAND: POST /session/25c011aa293abf97c7913f308519c6b0/elements - {"using":"xpath","value":"//span[text()='Error']"}
RESULT: {"using":"xpath","value":"//span[text()='Error']"}
COMMAND: POST /session/25c011aa293abf97c7913f308519c6b0/element - {"using":"xpath","value":"//div[@id=\"application-managestatesandperformance-display-component---stateAndPerform--smartFilterBarResources-btnBasicSearch\"]"}
RESULT: {"using":"xpath","value":"//div[@id=\"application-managestatesandperformance-display-component---stateAndPerform--smartFilterBarResources-btnBasicSearch\"]"}
COMMAND: POST /session/25c011aa293abf97c7913f308519c6b0/elements - {"using":"xpath","value":"//div[@id=\"application-managestatesandperformance-display-component---stateAndPerform--smartFilterBarResources-btnBasicSearch\"]"}
RESULT: {"using":"xpath","value":"//div[@id=\"application-managestatesandperformance-display-component---stateAndPerform--smartFilterBarResources-btnBasicSearch\"]"}
COMMAND: POST /session/25c011aa293abf97c7913f308519c6b0/execute/sync - {"script":"<script> [8489 bytes]","args":[{"element-6066-11e4-a52e-4f735466cecf":"f.A224BA6FA6224D464A8F44AD5BF2EA9F.d.16D6D7BAED514C5341E59854134D99C5.e.18224","ELEMENT":"f.A224BA6FA6224D464A8F44AD5BF2EA9F.d.16D6D7BAED514C5341E59854134D99C5.e.18224"}]}
RESULT: {"script":"<script> [8489 bytes]","args":[{"element-6066-11e4-a52e-4f735466cecf":"f.A224BA6FA6224D464A8F44AD5BF2EA9F.d.16D6D7BAED514C5341E59854134D99C5.e.18224","ELEMENT":"f.A224BA6FA6224D464A8F44AD5BF2EA9F.d.16D6D7BAED514C5341E59854134D99C5.e.18224"}]}
COMMAND: GET /session/25c011aa293abf97c7913f308519c6b0/element/f.A224BA6FA6224D464A8F44AD5BF2EA9F.d.16D6D7BAED514C5341E59854134D99C5.e.18224/enabled - {}
COMMAND: GET /session/25c011aa293abf97c7913f308519c6b0/screenshot - {}
RESULT: {}
COMMAND: POST /session/25c011aa293abf97c7913f308519c6b0/execute/sync - {"script":"<script> [8489 bytes]","args":[{"element-6066-11e4-a52e-4f735466cecf":"f.A224BA6FA6224D464A8F44AD5BF2EA9F.d.16D6D7BAED514C5341E59854134D99C5.e.18224","ELEMENT":"f.A224BA6FA6224D464A8F44AD5BF2EA9F.d.16D6D7BAED514C5341E59854134D99C5.e.18224"}]}
COMMAND: GET /session/25c011aa293abf97c7913f308519c6b0/screenshot - {}
RESULT: {}
RESULT: {"script":"<script> [8489 bytes]","args":[{"element-6066-11e4-a52e-4f735466cecf":"f.A224BA6FA6224D464A8F44AD5BF2EA9F.d.16D6D7BAED514C5341E59854134D99C5.e.18224","ELEMENT":"f.A224BA6FA6224D464A8F44AD5BF2EA9F.d.16D6D7BAED514C5341E59854134D99C5.e.18224"}]}
COMMAND: POST /session/25c011aa293abf97c7913f308519c6b0/execute/sync - {"script":"<script> [5351 bytes]","args":[{"element-6066-11e4-a52e-4f735466cecf":"f.A224BA6FA6224D464A8F44AD5BF2EA9F.d.16D6D7BAED514C5341E59854134D99C5.e.18224","ELEMENT":"f.A224BA6FA6224D464A8F44AD5BF2EA9F.d.16D6D7BAED514C5341E59854134D99C5.e.18224"}]}
COMMAND: GET /session/25c011aa293abf97c7913f308519c6b0/screenshot - {}
RESULT: {}
RESULT: {"script":"<script> [5351 bytes]","args":[{"element-6066-11e4-a52e-4f735466cecf":"f.A224BA6FA6224D464A8F44AD5BF2EA9F.d.16D6D7BAED514C5341E59854134D99C5.e.18224","ELEMENT":"f.A224BA6FA6224D464A8F44AD5BF2EA9F.d.16D6D7BAED514C5341E59854134D99C5.e.18224"}]}
COMMAND: POST /session/25c011aa293abf97c7913f308519c6b0/execute/async - {"script":"<script> [1562 bytes]","args":[{"selector":{"id":"application-managestatesandperformance-display-component---stateAndPerform--smartFilterBarResources-btnBasicSearch","interaction":{"idSuffix":"I"}},"wdio_ui5_key":"applicationmanagestatesandperformance-display-component---stateAndPerform--smartFilterBarResources-btnBasicSearch"}]}
COMMAND: GET /session/25c011aa293abf97c7913f308519c6b0/screenshot - {}
RESULT: {}
RESULT: {"script":"<script> [1562 bytes]","args":[{"selector":{"id":"application-managestatesandperformance-display-component---stateAndPerform--smartFilterBarResources-btnBasicSearch","interaction":{"idSuffix":"I"}},"wdio_ui5_key":"applicationmanagestatesandperformance-display-component---stateAndPerform--smartFilterBarResources-btnBasicSearch"}]}
RESULT: undefined
COMMAND: POST /session/25c011aa293abf97c7913f308519c6b0/execute/async - {"script":"<script> [776 bytes]","args":[{"enterText":"BbE3FwZVJT","selector":{"id":"application-managestatesandperformance-display-component---stateAndPerform--smartFilterBarResources-btnBasicSearch","interaction":{"idSuffix":"I"}},"clearTextFirst":true,"interactionType":"ENTER_TEXT"}]}
RESULT: {}
RESULT: {"script":"<script> [776 bytes]","args":[{"enterText":"BbE3FwZVJT","selector":{"id":"application-managestatesandperformance-display-component---stateAndPerform--smartFilterBarResources-btnBasicSearch","interaction":{"idSuffix":"I"}},"clearTextFirst":true,"interactionType":"ENTER_TEXT"}]}
COMMAND: POST /session/25c011aa293abf97c7913f308519c6b0/actions - {"actions":[{"id":"action64","type":"key","parameters":{},"actions":[{"type":"keyDown","value":""},{"type":"pause","duration":10},{"type":"keyUp","value":""}]}]}
RESULT: {"actions":[{"id":"action64","type":"key","parameters":{},"actions":[{"type":"keyDown","value":""},{"type":"pause","duration":10},{"type":"keyUp","value":""}]}]}
COMMAND: GET /session/25c011aa293abf97c7913f308519c6b0/screenshot - {}
RESULT: {}
COMMAND: POST /session/25c011aa293abf97c7913f308519c6b0/execute/async - {"script":"<script> [1562 bytes]","args":[{"selector":{"id":"application-managestatesandperformance-display-component---stateAndPerform--stateAndPerformResourcesSmartTable-header"},"wdio_ui5_key":"applicationmanagestatesandperformance-display-component---stateAndPerform--stateAndPerformResourcesSmartTable-header"}]}
RESULT: {"script":"<script> [1562 bytes]","args":[{"selector":{"id":"application-managestatesandperformance-display-component---stateAndPerform--stateAndPerformResourcesSmartTable-header"},"wdio_ui5_key":"applicationmanagestatesandperformance-display-component---stateAndPerform--stateAndPerformResourcesSmartTable-header"}]}
RESULT: undefined
COMMAND: POST /session/25c011aa293abf97c7913f308519c6b0/execute/async - {"script":"<script> [6424 bytes]","args":[{"element-6066-11e4-a52e-4f735466cecf":"f.A224BA6FA6224D464A8F44AD5BF2EA9F.d.16D6D7BAED514C5341E59854134D99C5.e.18287"},"getText",[]]}
RESULT: {"script":"<script> [6424 bytes]","args":[{"element-6066-11e4-a52e-4f735466cecf":"f.A224BA6FA6224D464A8F44AD5BF2EA9F.d.16D6D7BAED514C5341E59854134D99C5.e.18287"},"getText",[]]}
COMMAND: POST /session/25c011aa293abf97c7913f308519c6b0/execute/async - {"script":"<script> [1562 bytes]","args":[{"selector":{"controlType":"sap.ui.core.Icon","viewName":"etm.portal.ui.managestatesandperformance.view.Master","viewId":"application-managestatesandperformance-display-component---stateAndPerform","properties":{"src":{"regex":{"source":"slim\\-arrow\\-right"}}}},"wdio_ui5_key":"etmportal.ui.managestatesandperformance.view.Mastersap.ui.core.Icon{\"src\":{\"regex\":{\"source\":\"slim\\\\-arrow\\\\-right\"}}}"}]}
RESULT: {"script":"<script> [1562 bytes]","args":[{"selector":{"controlType":"sap.ui.core.Icon","viewName":"etm.portal.ui.managestatesandperformance.view.Master","viewId":"application-managestatesandperformance-display-component---stateAndPerform","properties":{"src":{"regex":{"source":"slim\\-arrow\\-right"}}}},"wdio_ui5_key":"etmportal.ui.managestatesandperformance.view.Mastersap.ui.core.Icon{\"src\":{\"regex\":{\"source\":\"slim\\\\-arrow\\\\-right\"}}}"}]}
RESULT: undefined
COMMAND: POST /session/25c011aa293abf97c7913f308519c6b0/element - {"using":"xpath","value":"//*[@id=\"__item1786-__clone3446-imgNav\"]"}
RESULT: {"using":"xpath","value":"//*[@id=\"__item1786-__clone3446-imgNav\"]"}
COMMAND: POST /session/25c011aa293abf97c7913f308519c6b0/element/f.A224BA6FA6224D464A8F44AD5BF2EA9F.d.16D6D7BAED514C5341E59854134D99C5.e.18286/click - {}
RESULT: {}
COMMAND: GET /session/25c011aa293abf97c7913f308519c6b0/screenshot - {}
RESULT: {}
COMMAND: POST /session/25c011aa293abf97c7913f308519c6b0/execute/async - {"script":"<script> [1562 bytes]","args":[{"selector":{"controlType":"sap.m.Button","viewName":"etm.portal.ui.managestatesandperformance.view.Detail","viewId":"application-managestatesandperformance-display-component---detailStateAndPerform","properties":{"text":"Performance Documents"}},"wdio_ui5_key":"etmportal.ui.managestatesandperformance.view.Detailsap.m.Button{\"text\":\"Performance Documents\"}"}]}
RESULT: {"script":"<script> [1562 bytes]","args":[{"selector":{"controlType":"sap.m.Button","viewName":"etm.portal.ui.managestatesandperformance.view.Detail","viewId":"application-managestatesandperformance-display-component---detailStateAndPerform","properties":{"text":"Performance Documents"}},"wdio_ui5_key":"etmportal.ui.managestatesandperformance.view.Detailsap.m.Button{\"text\":\"Performance Documents\"}"}]}
RESULT: undefined
COMMAND: POST /session/25c011aa293abf97c7913f308519c6b0/element - {"using":"xpath","value":"//*[@id=\"__item1809-button\"]"}
RESULT: {"using":"xpath","value":"//*[@id=\"__item1809-button\"]"}
COMMAND: POST /session/25c011aa293abf97c7913f308519c6b0/element/f.A224BA6FA6224D464A8F44AD5BF2EA9F.d.16D6D7BAED514C5341E59854134D99C5.e.18332/click - {}
RESULT: {}
COMMAND: POST /session/25c011aa293abf97c7913f308519c6b0/execute/async - {"script":"<script> [1562 bytes]","args":[{"selector":{"controlType":"sap.m.Button","viewName":"etm.portal.ui.managestatesandperformance.view.Detail","viewId":"application-managestatesandperformance-display-component---detailStateAndPerform","i18NText":{"propertyName":"text","key":"createPerformanceDoc"},"interaction":{"idSuffix":"BDI-content"}},"wdio_ui5_key":"etmportal.ui.managestatesandperformance.view.Detailsap.m.Button{\"propertyName\":\"text\",\"key\":\"createPerformanceDoc\"}"}]}
COMMAND: GET /session/25c011aa293abf97c7913f308519c6b0/screenshot - {}
RESULT: {"script":"<script> [1562 bytes]","args":[{"selector":{"controlType":"sap.m.Button","viewName":"etm.portal.ui.managestatesandperformance.view.Detail","viewId":"application-managestatesandperformance-display-component---detailStateAndPerform","i18NText":{"propertyName":"text","key":"createPerformanceDoc"},"interaction":{"idSuffix":"BDI-content"}},"wdio_ui5_key":"etmportal.ui.managestatesandperformance.view.Detailsap.m.Button{\"propertyName\":\"text\",\"key\":\"createPerformanceDoc\"}"}]}
RESULT: undefined
COMMAND: POST /session/25c011aa293abf97c7913f308519c6b0/element - {"using":"xpath","value":"//*[@id=\"__button417\"]"}
RESULT: {}
RESULT: {"using":"xpath","value":"//*[@id=\"__button417\"]"}
COMMAND: POST /session/25c011aa293abf97c7913f308519c6b0/element/f.A224BA6FA6224D464A8F44AD5BF2EA9F.d.16D6D7BAED514C5341E59854134D99C5.e.18335/click - {}
RESULT: {}
COMMAND: POST /session/25c011aa293abf97c7913f308519c6b0/execute/async - {"script":"<script> [1562 bytes]","args":[{"selector":{"id":"application-managestatesandperformance-display-component---detailStateAndPerform--perfDocDatePicker","searchOpenDialogs":true,"interaction":{"idSuffix":"inner"}},"wdio_ui5_key":"applicationmanagestatesandperformance-display-component---detailStateAndPerform--perfDocDatePicker"}]}
COMMAND: GET /session/25c011aa293abf97c7913f308519c6b0/screenshot - {}
RESULT: {"script":"<script> [1562 bytes]","args":[{"selector":{"id":"application-managestatesandperformance-display-component---detailStateAndPerform--perfDocDatePicker","searchOpenDialogs":true,"interaction":{"idSuffix":"inner"}},"wdio_ui5_key":"applicationmanagestatesandperformance-display-component---detailStateAndPerform--perfDocDatePicker"}]}
RESULT: undefined
COMMAND: POST /session/25c011aa293abf97c7913f308519c6b0/execute/async - {"script":"<script> [776 bytes]","args":[{"enterText":"6/15/25","selector":{"id":"application-managestatesandperformance-display-component---detailStateAndPerform--perfDocDatePicker","searchOpenDialogs":true,"interaction":{"idSuffix":"inner"}},"clearTextFirst":true,"interactionType":"ENTER_TEXT"}]}
RESULT: {}
RESULT: {"script":"<script> [776 bytes]","args":[{"enterText":"6/15/25","selector":{"id":"application-managestatesandperformance-display-component---detailStateAndPerform--perfDocDatePicker","searchOpenDialogs":true,"interaction":{"idSuffix":"inner"}},"clearTextFirst":true,"interactionType":"ENTER_TEXT"}]}
COMMAND: POST /session/25c011aa293abf97c7913f308519c6b0/execute/async - {"script":"<script> [1562 bytes]","args":[{"selector":{"id":"application-managestatesandperformance-display-component---detailStateAndPerform--counterValue-input","searchOpenDialogs":true,"interaction":{"idSuffix":"inner"}},"wdio_ui5_key":"applicationmanagestatesandperformance-display-component---detailStateAndPerform--counterValue-input"}]}
RESULT: {"script":"<script> [1562 bytes]","args":[{"selector":{"id":"application-managestatesandperformance-display-component---detailStateAndPerform--counterValue-input","searchOpenDialogs":true,"interaction":{"idSuffix":"inner"}},"wdio_ui5_key":"applicationmanagestatesandperformance-display-component---detailStateAndPerform--counterValue-input"}]}
RESULT: undefined
COMMAND: POST /session/25c011aa293abf97c7913f308519c6b0/execute/async - {"script":"<script> [776 bytes]","args":[{"enterText":"15.00","selector":{"id":"application-managestatesandperformance-display-component---detailStateAndPerform--counterValue-input","searchOpenDialogs":true,"interaction":{"idSuffix":"inner"}},"clearTextFirst":true,"interactionType":"ENTER_TEXT"}]}
RESULT: {"script":"<script> [776 bytes]","args":[{"enterText":"15.00","selector":{"id":"application-managestatesandperformance-display-component---detailStateAndPerform--counterValue-input","searchOpenDialogs":true,"interaction":{"idSuffix":"inner"}},"clearTextFirst":true,"interactionType":"ENTER_TEXT"}]}
COMMAND: POST /session/25c011aa293abf97c7913f308519c6b0/execute/async - {"script":"<script> [1562 bytes]","args":[{"selector":{"controlType":"sap.m.Button","viewName":"etm.portal.ui.managestatesandperformance.view.Detail","viewId":"application-managestatesandperformance-display-component---detailStateAndPerform","bindingPath":{"path":"","propertyPath":"/allowAddEdit","modelName":"oScreenModel"},"searchOpenDialogs":true,"interaction":{"idSuffix":"BDI-content"}},"wdio_ui5_key":"etmportal.ui.managestatesandperformance.view.Detailsap.m.Button{\"path\":\"\",\"propertyPath\":\"/allowAddEdit\",\"modelName\":\"oScreenModel\"}"}]}
RESULT: {"script":"<script> [1562 bytes]","args":[{"selector":{"controlType":"sap.m.Button","viewName":"etm.portal.ui.managestatesandperformance.view.Detail","viewId":"application-managestatesandperformance-display-component---detailStateAndPerform","bindingPath":{"path":"","propertyPath":"/allowAddEdit","modelName":"oScreenModel"},"searchOpenDialogs":true,"interaction":{"idSuffix":"BDI-content"}},"wdio_ui5_key":"etmportal.ui.managestatesandperformance.view.Detailsap.m.Button{\"path\":\"\",\"propertyPath\":\"/allowAddEdit\",\"modelName\":\"oScreenModel\"}"}]}
RESULT: undefined
COMMAND: POST /session/25c011aa293abf97c7913f308519c6b0/element - {"using":"xpath","value":"//*[@id=\"__button424\"]"}
RESULT: {"using":"xpath","value":"//*[@id=\"__button424\"]"}
COMMAND: POST /session/25c011aa293abf97c7913f308519c6b0/element/f.A224BA6FA6224D464A8F44AD5BF2EA9F.d.16D6D7BAED514C5341E59854134D99C5.e.18355/click - {}
RESULT: {}
RESULT: undefined
COMMAND: POST /session/25c011aa293abf97c7913f308519c6b0/element - {"using":"xpath","value":"//*[@id=\"__button417\"]"}
COMMAND: GET /session/25c011aa293abf97c7913f308519c6b0/screenshot - {}
RESULT: {"using":"xpath","value":"//*[@id=\"__button417\"]"}
COMMAND: POST /session/25c011aa293abf97c7913f308519c6b0/element/f.A224BA6FA6224D464A8F44AD5BF2EA9F.d.16D6D7BAED514C5341E59854134D99C5.e.18335/click - {}
RESULT: {}
RESULT: {}
RESULT: undefined
COMMAND: POST /session/25c011aa293abf97c7913f308519c6b0/execute/async - {"script":"<script> [776 bytes]","args":[{"enterText":"6/19/25","selector":{"id":"application-managestatesandperformance-display-component---detailStateAndPerform--perfDocDatePicker","searchOpenDialogs":true,"interaction":{"idSuffix":"inner"}},"clearTextFirst":true,"interactionType":"ENTER_TEXT"}]}
COMMAND: GET /session/25c011aa293abf97c7913f308519c6b0/screenshot - {}
RESULT: {"script":"<script> [776 bytes]","args":[{"enterText":"6/19/25","selector":{"id":"application-managestatesandperformance-display-component---detailStateAndPerform--perfDocDatePicker","searchOpenDialogs":true,"interaction":{"idSuffix":"inner"}},"clearTextFirst":true,"interactionType":"ENTER_TEXT"}]}
RESULT: undefined
COMMAND: POST /session/25c011aa293abf97c7913f308519c6b0/execute/async - {"script":"<script> [776 bytes]","args":[{"enterText":"20.00","selector":{"id":"application-managestatesandperformance-display-component---detailStateAndPerform--counterValue-input","searchOpenDialogs":true,"interaction":{"idSuffix":"inner"}},"clearTextFirst":true,"interactionType":"ENTER_TEXT"}]}
RESULT: {}
RESULT: {"script":"<script> [776 bytes]","args":[{"enterText":"20.00","selector":{"id":"application-managestatesandperformance-display-component---detailStateAndPerform--counterValue-input","searchOpenDialogs":true,"interaction":{"idSuffix":"inner"}},"clearTextFirst":true,"interactionType":"ENTER_TEXT"}]}
COMMAND: POST /session/25c011aa293abf97c7913f308519c6b0/actions - {"actions":[{"id":"action65","type":"key","parameters":{},"actions":[{"type":"keyDown","value":""},{"type":"keyDown","value":""},{"type":"pause","duration":10},{"type":"keyUp","value":""},{"type":"keyUp","value":""}]}]}
RESULT: {"actions":[{"id":"action65","type":"key","parameters":{},"actions":[{"type":"keyDown","value":""},{"type":"keyDown","value":""},{"type":"pause","duration":10},{"type":"keyUp","value":""},{"type":"keyUp","value":""}]}]}
COMMAND: POST /session/25c011aa293abf97c7913f308519c6b0/actions - {"actions":[{"id":"action66","type":"key","parameters":{},"actions":[{"type":"keyDown","value":""},{"type":"pause","duration":10},{"type":"keyUp","value":""}]}]}
COMMAND: GET /session/25c011aa293abf97c7913f308519c6b0/screenshot - {}
RESULT: {"actions":[{"id":"action66","type":"key","parameters":{},"actions":[{"type":"keyDown","value":""},{"type":"pause","duration":10},{"type":"keyUp","value":""}]}]}
RESULT: undefined
COMMAND: POST /session/25c011aa293abf97c7913f308519c6b0/element - {"using":"xpath","value":"//*[@id=\"__button424\"]"}
COMMAND: GET /session/25c011aa293abf97c7913f308519c6b0/screenshot - {}
RESULT: {}
RESULT: {"using":"xpath","value":"//*[@id=\"__button424\"]"}
COMMAND: POST /session/25c011aa293abf97c7913f308519c6b0/elements - {"using":"xpath","value":"//*[@id=\"__button424\"]"}
RESULT: {}
RESULT: {"using":"xpath","value":"//*[@id=\"__button424\"]"}
COMMAND: POST /session/25c011aa293abf97c7913f308519c6b0/elements - {"using":"xpath","value":"//*[@id=\"__button424\"]"}
RESULT: {"using":"xpath","value":"//*[@id=\"__button424\"]"}
COMMAND: POST /session/25c011aa293abf97c7913f308519c6b0/elements - {"using":"xpath","value":"//*[@id=\"__button424\"]"}
RESULT: {"using":"xpath","value":"//*[@id=\"__button424\"]"}
COMMAND: POST /session/25c011aa293abf97c7913f308519c6b0/elements - {"using":"xpath","value":"//*[@id=\"__button424\"]"}
RESULT: {"using":"xpath","value":"//*[@id=\"__button424\"]"}
COMMAND: POST /session/25c011aa293abf97c7913f308519c6b0/elements - {"using":"xpath","value":"//*[@id=\"__button424\"]"}
RESULT: {"using":"xpath","value":"//*[@id=\"__button424\"]"}
COMMAND: POST /session/25c011aa293abf97c7913f308519c6b0/elements - {"using":"xpath","value":"//*[@id=\"__button424\"]"}
RESULT: {"using":"xpath","value":"//*[@id=\"__button424\"]"}
COMMAND: POST /session/25c011aa293abf97c7913f308519c6b0/elements - {"using":"xpath","value":"//*[@id=\"__button424\"]"}
RESULT: {"using":"xpath","value":"//*[@id=\"__button424\"]"}
COMMAND: POST /session/25c011aa293abf97c7913f308519c6b0/elements - {"using":"xpath","value":"//*[@id=\"__button424\"]"}
RESULT: {"using":"xpath","value":"//*[@id=\"__button424\"]"}
COMMAND: POST /session/25c011aa293abf97c7913f308519c6b0/elements - {"using":"xpath","value":"//*[@id=\"__button424\"]"}
RESULT: {"using":"xpath","value":"//*[@id=\"__button424\"]"}
COMMAND: POST /session/25c011aa293abf97c7913f308519c6b0/elements - {"using":"xpath","value":"//*[@id=\"__button424\"]"}
RESULT: {"using":"xpath","value":"//*[@id=\"__button424\"]"}
COMMAND: POST /session/25c011aa293abf97c7913f308519c6b0/elements - {"using":"xpath","value":"//*[@id=\"__button424\"]"}
RESULT: {"using":"xpath","value":"//*[@id=\"__button424\"]"}
COMMAND: POST /session/25c011aa293abf97c7913f308519c6b0/elements - {"using":"xpath","value":"//*[@id=\"__button424\"]"}
RESULT: {"using":"xpath","value":"//*[@id=\"__button424\"]"}
COMMAND: POST /session/25c011aa293abf97c7913f308519c6b0/elements - {"using":"xpath","value":"//*[@id=\"__button424\"]"}
RESULT: {"using":"xpath","value":"//*[@id=\"__button424\"]"}
COMMAND: POST /session/25c011aa293abf97c7913f308519c6b0/elements - {"using":"xpath","value":"//*[@id=\"__button424\"]"}
RESULT: {"using":"xpath","value":"//*[@id=\"__button424\"]"}
COMMAND: POST /session/25c011aa293abf97c7913f308519c6b0/elements - {"using":"xpath","value":"//*[@id=\"__button424\"]"}
RESULT: {"using":"xpath","value":"//*[@id=\"__button424\"]"}
COMMAND: POST /session/25c011aa293abf97c7913f308519c6b0/elements - {"using":"xpath","value":"//*[@id=\"__button424\"]"}
RESULT: {"using":"xpath","value":"//*[@id=\"__button424\"]"}
COMMAND: POST /session/25c011aa293abf97c7913f308519c6b0/elements - {"using":"xpath","value":"//*[@id=\"__button424\"]"}
RESULT: {"using":"xpath","value":"//*[@id=\"__button424\"]"}
COMMAND: POST /session/25c011aa293abf97c7913f308519c6b0/elements - {"using":"xpath","value":"//*[@id=\"__button424\"]"}
RESULT: {"using":"xpath","value":"//*[@id=\"__button424\"]"}
COMMAND: POST /session/25c011aa293abf97c7913f308519c6b0/elements - {"using":"xpath","value":"//*[@id=\"__button424\"]"}
RESULT: {"using":"xpath","value":"//*[@id=\"__button424\"]"}
COMMAND: POST /session/25c011aa293abf97c7913f308519c6b0/elements - {"using":"xpath","value":"//*[@id=\"__button424\"]"}
RESULT: {"using":"xpath","value":"//*[@id=\"__button424\"]"}
COMMAND: POST /session/25c011aa293abf97c7913f308519c6b0/elements - {"using":"xpath","value":"//*[@id=\"__button424\"]"}
RESULT: {"using":"xpath","value":"//*[@id=\"__button424\"]"}
COMMAND: POST /session/25c011aa293abf97c7913f308519c6b0/elements - {"using":"xpath","value":"//*[@id=\"__button424\"]"}
RESULT: {"using":"xpath","value":"//*[@id=\"__button424\"]"}
COMMAND: POST /session/25c011aa293abf97c7913f308519c6b0/elements - {"using":"xpath","value":"//*[@id=\"__button424\"]"}
RESULT: {"using":"xpath","value":"//*[@id=\"__button424\"]"}
COMMAND: POST /session/25c011aa293abf97c7913f308519c6b0/elements - {"using":"xpath","value":"//*[@id=\"__button424\"]"}
RESULT: {"using":"xpath","value":"//*[@id=\"__button424\"]"}
COMMAND: POST /session/25c011aa293abf97c7913f308519c6b0/elements - {"using":"xpath","value":"//*[@id=\"__button424\"]"}
RESULT: {"using":"xpath","value":"//*[@id=\"__button424\"]"}
COMMAND: POST /session/25c011aa293abf97c7913f308519c6b0/elements - {"using":"xpath","value":"//*[@id=\"__button424\"]"}
RESULT: {"using":"xpath","value":"//*[@id=\"__button424\"]"}
COMMAND: POST /session/25c011aa293abf97c7913f308519c6b0/elements - {"using":"xpath","value":"//*[@id=\"__button424\"]"}
RESULT: {"using":"xpath","value":"//*[@id=\"__button424\"]"}
COMMAND: POST /session/25c011aa293abf97c7913f308519c6b0/elements - {"using":"xpath","value":"//*[@id=\"__button424\"]"}
RESULT: {"using":"xpath","value":"//*[@id=\"__button424\"]"}
COMMAND: POST /session/25c011aa293abf97c7913f308519c6b0/elements - {"using":"xpath","value":"//*[@id=\"__button424\"]"}
RESULT: {"using":"xpath","value":"//*[@id=\"__button424\"]"}
COMMAND: POST /session/25c011aa293abf97c7913f308519c6b0/elements - {"using":"xpath","value":"//*[@id=\"__button424\"]"}
RESULT: {"using":"xpath","value":"//*[@id=\"__button424\"]"}
COMMAND: POST /session/25c011aa293abf97c7913f308519c6b0/elements - {"using":"xpath","value":"//*[@id=\"__button424\"]"}
RESULT: {"using":"xpath","value":"//*[@id=\"__button424\"]"}
COMMAND: POST /session/25c011aa293abf97c7913f308519c6b0/elements - {"using":"xpath","value":"//*[@id=\"__button424\"]"}
RESULT: {"using":"xpath","value":"//*[@id=\"__button424\"]"}
COMMAND: POST /session/25c011aa293abf97c7913f308519c6b0/elements - {"using":"xpath","value":"//*[@id=\"__button424\"]"}
RESULT: {"using":"xpath","value":"//*[@id=\"__button424\"]"}
COMMAND: POST /session/25c011aa293abf97c7913f308519c6b0/elements - {"using":"xpath","value":"//*[@id=\"__button424\"]"}
RESULT: {"using":"xpath","value":"//*[@id=\"__button424\"]"}
COMMAND: POST /session/25c011aa293abf97c7913f308519c6b0/elements - {"using":"xpath","value":"//*[@id=\"__button424\"]"}
RESULT: {"using":"xpath","value":"//*[@id=\"__button424\"]"}
COMMAND: POST /session/25c011aa293abf97c7913f308519c6b0/elements - {"using":"xpath","value":"//*[@id=\"__button424\"]"}
RESULT: {"using":"xpath","value":"//*[@id=\"__button424\"]"}
COMMAND: POST /session/25c011aa293abf97c7913f308519c6b0/elements - {"using":"xpath","value":"//*[@id=\"__button424\"]"}
RESULT: {"using":"xpath","value":"//*[@id=\"__button424\"]"}
COMMAND: POST /session/25c011aa293abf97c7913f308519c6b0/elements - {"using":"xpath","value":"//*[@id=\"__button424\"]"}
RESULT: {"using":"xpath","value":"//*[@id=\"__button424\"]"}
COMMAND: POST /session/25c011aa293abf97c7913f308519c6b0/elements - {"using":"xpath","value":"//*[@id=\"__button424\"]"}
RESULT: {"using":"xpath","value":"//*[@id=\"__button424\"]"}
COMMAND: POST /session/25c011aa293abf97c7913f308519c6b0/elements - {"using":"xpath","value":"//*[@id=\"__button424\"]"}
RESULT: {"using":"xpath","value":"//*[@id=\"__button424\"]"}
COMMAND: POST /session/25c011aa293abf97c7913f308519c6b0/elements - {"using":"xpath","value":"//*[@id=\"__button424\"]"}
RESULT: {"using":"xpath","value":"//*[@id=\"__button424\"]"}
COMMAND: POST /session/25c011aa293abf97c7913f308519c6b0/elements - {"using":"xpath","value":"//*[@id=\"__button424\"]"}
RESULT: {"using":"xpath","value":"//*[@id=\"__button424\"]"}
COMMAND: POST /session/25c011aa293abf97c7913f308519c6b0/elements - {"using":"xpath","value":"//*[@id=\"__button424\"]"}
RESULT: {"using":"xpath","value":"//*[@id=\"__button424\"]"}
COMMAND: POST /session/25c011aa293abf97c7913f308519c6b0/elements - {"using":"xpath","value":"//*[@id=\"__button424\"]"}
RESULT: {"using":"xpath","value":"//*[@id=\"__button424\"]"}
COMMAND: POST /session/25c011aa293abf97c7913f308519c6b0/elements - {"using":"xpath","value":"//*[@id=\"__button424\"]"}
RESULT: {"using":"xpath","value":"//*[@id=\"__button424\"]"}
COMMAND: POST /session/25c011aa293abf97c7913f308519c6b0/elements - {"using":"xpath","value":"//*[@id=\"__button424\"]"}
RESULT: {"using":"xpath","value":"//*[@id=\"__button424\"]"}
COMMAND: POST /session/25c011aa293abf97c7913f308519c6b0/elements - {"using":"xpath","value":"//*[@id=\"__button424\"]"}
RESULT: {"using":"xpath","value":"//*[@id=\"__button424\"]"}
COMMAND: POST /session/25c011aa293abf97c7913f308519c6b0/elements - {"using":"xpath","value":"//*[@id=\"__button424\"]"}
RESULT: {"using":"xpath","value":"//*[@id=\"__button424\"]"}
COMMAND: POST /session/25c011aa293abf97c7913f308519c6b0/elements - {"using":"xpath","value":"//*[@id=\"__button424\"]"}
RESULT: {"using":"xpath","value":"//*[@id=\"__button424\"]"}
COMMAND: POST /session/25c011aa293abf97c7913f308519c6b0/elements - {"using":"xpath","value":"//*[@id=\"__button424\"]"}
RESULT: {"using":"xpath","value":"//*[@id=\"__button424\"]"}
COMMAND: POST /session/25c011aa293abf97c7913f308519c6b0/elements - {"using":"xpath","value":"//*[@id=\"__button424\"]"}
RESULT: {"using":"xpath","value":"//*[@id=\"__button424\"]"}
COMMAND: POST /session/25c011aa293abf97c7913f308519c6b0/elements - {"using":"xpath","value":"//*[@id=\"__button424\"]"}
RESULT: {"using":"xpath","value":"//*[@id=\"__button424\"]"}
COMMAND: POST /session/25c011aa293abf97c7913f308519c6b0/elements - {"using":"xpath","value":"//*[@id=\"__button424\"]"}
RESULT: {"using":"xpath","value":"//*[@id=\"__button424\"]"}
COMMAND: POST /session/25c011aa293abf97c7913f308519c6b0/elements - {"using":"xpath","value":"//*[@id=\"__button424\"]"}
RESULT: {"using":"xpath","value":"//*[@id=\"__button424\"]"}
COMMAND: POST /session/25c011aa293abf97c7913f308519c6b0/elements - {"using":"xpath","value":"//*[@id=\"__button424\"]"}
RESULT: {"using":"xpath","value":"//*[@id=\"__button424\"]"}
COMMAND: POST /session/25c011aa293abf97c7913f308519c6b0/elements - {"using":"xpath","value":"//*[@id=\"__button424\"]"}
RESULT: {"using":"xpath","value":"//*[@id=\"__button424\"]"}
COMMAND: POST /session/25c011aa293abf97c7913f308519c6b0/elements - {"using":"xpath","value":"//*[@id=\"__button424\"]"}
RESULT: {"using":"xpath","value":"//*[@id=\"__button424\"]"}
COMMAND: POST /session/25c011aa293abf97c7913f308519c6b0/elements - {"using":"xpath","value":"//*[@id=\"__button424\"]"}
RESULT: {"using":"xpath","value":"//*[@id=\"__button424\"]"}
COMMAND: POST /session/25c011aa293abf97c7913f308519c6b0/elements - {"using":"xpath","value":"//*[@id=\"__button424\"]"}
RESULT: {"using":"xpath","value":"//*[@id=\"__button424\"]"}
COMMAND: POST /session/25c011aa293abf97c7913f308519c6b0/elements - {"using":"xpath","value":"//*[@id=\"__button424\"]"}
RESULT: {"using":"xpath","value":"//*[@id=\"__button424\"]"}
COMMAND: POST /session/25c011aa293abf97c7913f308519c6b0/elements - {"using":"xpath","value":"//*[@id=\"__button424\"]"}
RESULT: {"using":"xpath","value":"//*[@id=\"__button424\"]"}
COMMAND: POST /session/25c011aa293abf97c7913f308519c6b0/elements - {"using":"xpath","value":"//*[@id=\"__button424\"]"}
RESULT: {"using":"xpath","value":"//*[@id=\"__button424\"]"}
COMMAND: POST /session/25c011aa293abf97c7913f308519c6b0/elements - {"using":"xpath","value":"//*[@id=\"__button424\"]"}
RESULT: {"using":"xpath","value":"//*[@id=\"__button424\"]"}
COMMAND: POST /session/25c011aa293abf97c7913f308519c6b0/elements - {"using":"xpath","value":"//*[@id=\"__button424\"]"}
RESULT: {"using":"xpath","value":"//*[@id=\"__button424\"]"}
COMMAND: POST /session/25c011aa293abf97c7913f308519c6b0/elements - {"using":"xpath","value":"//*[@id=\"__button424\"]"}
RESULT: {"using":"xpath","value":"//*[@id=\"__button424\"]"}
COMMAND: POST /session/25c011aa293abf97c7913f308519c6b0/elements - {"using":"xpath","value":"//*[@id=\"__button424\"]"}
RESULT: {"using":"xpath","value":"//*[@id=\"__button424\"]"}
COMMAND: POST /session/25c011aa293abf97c7913f308519c6b0/elements - {"using":"xpath","value":"//*[@id=\"__button424\"]"}
RESULT: {"using":"xpath","value":"//*[@id=\"__button424\"]"}
COMMAND: POST /session/25c011aa293abf97c7913f308519c6b0/elements - {"using":"xpath","value":"//*[@id=\"__button424\"]"}
RESULT: {"using":"xpath","value":"//*[@id=\"__button424\"]"}
COMMAND: POST /session/25c011aa293abf97c7913f308519c6b0/elements - {"using":"xpath","value":"//*[@id=\"__button424\"]"}
RESULT: {"using":"xpath","value":"//*[@id=\"__button424\"]"}
COMMAND: POST /session/25c011aa293abf97c7913f308519c6b0/elements - {"using":"xpath","value":"//*[@id=\"__button424\"]"}
RESULT: {"using":"xpath","value":"//*[@id=\"__button424\"]"}
COMMAND: POST /session/25c011aa293abf97c7913f308519c6b0/elements - {"using":"xpath","value":"//*[@id=\"__button424\"]"}
RESULT: {"using":"xpath","value":"//*[@id=\"__button424\"]"}
COMMAND: POST /session/25c011aa293abf97c7913f308519c6b0/elements - {"using":"xpath","value":"//*[@id=\"__button424\"]"}
RESULT: {"using":"xpath","value":"//*[@id=\"__button424\"]"}
COMMAND: POST /session/25c011aa293abf97c7913f308519c6b0/elements - {"using":"xpath","value":"//*[@id=\"__button424\"]"}
RESULT: {"using":"xpath","value":"//*[@id=\"__button424\"]"}
COMMAND: POST /session/25c011aa293abf97c7913f308519c6b0/elements - {"using":"xpath","value":"//*[@id=\"__button424\"]"}
RESULT: {"using":"xpath","value":"//*[@id=\"__button424\"]"}
COMMAND: POST /session/25c011aa293abf97c7913f308519c6b0/elements - {"using":"xpath","value":"//*[@id=\"__button424\"]"}
RESULT: {"using":"xpath","value":"//*[@id=\"__button424\"]"}
COMMAND: POST /session/25c011aa293abf97c7913f308519c6b0/elements - {"using":"xpath","value":"//*[@id=\"__button424\"]"}
RESULT: {"using":"xpath","value":"//*[@id=\"__button424\"]"}
COMMAND: POST /session/25c011aa293abf97c7913f308519c6b0/elements - {"using":"xpath","value":"//*[@id=\"__button424\"]"}
RESULT: {"using":"xpath","value":"//*[@id=\"__button424\"]"}
COMMAND: POST /session/25c011aa293abf97c7913f308519c6b0/elements - {"using":"xpath","value":"//*[@id=\"__button424\"]"}
RESULT: {"using":"xpath","value":"//*[@id=\"__button424\"]"}
COMMAND: POST /session/25c011aa293abf97c7913f308519c6b0/elements - {"using":"xpath","value":"//*[@id=\"__button424\"]"}
RESULT: {"using":"xpath","value":"//*[@id=\"__button424\"]"}
COMMAND: POST /session/25c011aa293abf97c7913f308519c6b0/elements - {"using":"xpath","value":"//*[@id=\"__button424\"]"}
RESULT: {"using":"xpath","value":"//*[@id=\"__button424\"]"}
COMMAND: POST /session/25c011aa293abf97c7913f308519c6b0/elements - {"using":"xpath","value":"//*[@id=\"__button424\"]"}
RESULT: {"using":"xpath","value":"//*[@id=\"__button424\"]"}
COMMAND: POST /session/25c011aa293abf97c7913f308519c6b0/elements - {"using":"xpath","value":"//*[@id=\"__button424\"]"}
RESULT: {"using":"xpath","value":"//*[@id=\"__button424\"]"}
COMMAND: POST /session/25c011aa293abf97c7913f308519c6b0/elements - {"using":"xpath","value":"//*[@id=\"__button424\"]"}
RESULT: {"using":"xpath","value":"//*[@id=\"__button424\"]"}
COMMAND: POST /session/25c011aa293abf97c7913f308519c6b0/elements - {"using":"xpath","value":"//*[@id=\"__button424\"]"}
RESULT: {"using":"xpath","value":"//*[@id=\"__button424\"]"}
COMMAND: POST /session/25c011aa293abf97c7913f308519c6b0/elements - {"using":"xpath","value":"//*[@id=\"__button424\"]"}
RESULT: {"using":"xpath","value":"//*[@id=\"__button424\"]"}
COMMAND: POST /session/25c011aa293abf97c7913f308519c6b0/elements - {"using":"xpath","value":"//*[@id=\"__button424\"]"}
RESULT: {"using":"xpath","value":"//*[@id=\"__button424\"]"}
COMMAND: POST /session/25c011aa293abf97c7913f308519c6b0/elements - {"using":"xpath","value":"//*[@id=\"__button424\"]"}
RESULT: {"using":"xpath","value":"//*[@id=\"__button424\"]"}
COMMAND: POST /session/25c011aa293abf97c7913f308519c6b0/elements - {"using":"xpath","value":"//*[@id=\"__button424\"]"}
RESULT: {"using":"xpath","value":"//*[@id=\"__button424\"]"}
COMMAND: POST /session/25c011aa293abf97c7913f308519c6b0/elements - {"using":"xpath","value":"//*[@id=\"__button424\"]"}
RESULT: {"using":"xpath","value":"//*[@id=\"__button424\"]"}
COMMAND: POST /session/25c011aa293abf97c7913f308519c6b0/elements - {"using":"xpath","value":"//*[@id=\"__button424\"]"}
RESULT: {"using":"xpath","value":"//*[@id=\"__button424\"]"}
COMMAND: POST /session/25c011aa293abf97c7913f308519c6b0/elements - {"using":"xpath","value":"//*[@id=\"__button424\"]"}
RESULT: {"using":"xpath","value":"//*[@id=\"__button424\"]"}
COMMAND: POST /session/25c011aa293abf97c7913f308519c6b0/elements - {"using":"xpath","value":"//*[@id=\"__button424\"]"}
RESULT: {"using":"xpath","value":"//*[@id=\"__button424\"]"}
COMMAND: POST /session/25c011aa293abf97c7913f308519c6b0/elements - {"using":"xpath","value":"//*[@id=\"__button424\"]"}
RESULT: {"using":"xpath","value":"//*[@id=\"__button424\"]"}
COMMAND: POST /session/25c011aa293abf97c7913f308519c6b0/elements - {"using":"xpath","value":"//*[@id=\"__button424\"]"}
RESULT: {"using":"xpath","value":"//*[@id=\"__button424\"]"}
COMMAND: POST /session/25c011aa293abf97c7913f308519c6b0/elements - {"using":"xpath","value":"//*[@id=\"__button424\"]"}
RESULT: {"using":"xpath","value":"//*[@id=\"__button424\"]"}
COMMAND: POST /session/25c011aa293abf97c7913f308519c6b0/elements - {"using":"xpath","value":"//*[@id=\"__button424\"]"}
RESULT: {"using":"xpath","value":"//*[@id=\"__button424\"]"}
COMMAND: POST /session/25c011aa293abf97c7913f308519c6b0/elements - {"using":"xpath","value":"//*[@id=\"__button424\"]"}
RESULT: {"using":"xpath","value":"//*[@id=\"__button424\"]"}
COMMAND: POST /session/25c011aa293abf97c7913f308519c6b0/elements - {"using":"xpath","value":"//*[@id=\"__button424\"]"}
RESULT: {"using":"xpath","value":"//*[@id=\"__button424\"]"}
COMMAND: POST /session/25c011aa293abf97c7913f308519c6b0/elements - {"using":"xpath","value":"//*[@id=\"__button424\"]"}
RESULT: {"using":"xpath","value":"//*[@id=\"__button424\"]"}
COMMAND: POST /session/25c011aa293abf97c7913f308519c6b0/elements - {"using":"xpath","value":"//*[@id=\"__button424\"]"}
RESULT: {"using":"xpath","value":"//*[@id=\"__button424\"]"}
COMMAND: POST /session/25c011aa293abf97c7913f308519c6b0/elements - {"using":"xpath","value":"//*[@id=\"__button424\"]"}
RESULT: {"using":"xpath","value":"//*[@id=\"__button424\"]"}
COMMAND: POST /session/25c011aa293abf97c7913f308519c6b0/elements - {"using":"xpath","value":"//*[@id=\"__button424\"]"}
RESULT: {"using":"xpath","value":"//*[@id=\"__button424\"]"}
COMMAND: POST /session/25c011aa293abf97c7913f308519c6b0/elements - {"using":"xpath","value":"//*[@id=\"__button424\"]"}
RESULT: {"using":"xpath","value":"//*[@id=\"__button424\"]"}
COMMAND: POST /session/25c011aa293abf97c7913f308519c6b0/elements - {"using":"xpath","value":"//*[@id=\"__button424\"]"}
RESULT: {"using":"xpath","value":"//*[@id=\"__button424\"]"}
COMMAND: POST /session/25c011aa293abf97c7913f308519c6b0/elements - {"using":"xpath","value":"//*[@id=\"__button424\"]"}
RESULT: {"using":"xpath","value":"//*[@id=\"__button424\"]"}
COMMAND: POST /session/25c011aa293abf97c7913f308519c6b0/elements - {"using":"xpath","value":"//*[@id=\"__button424\"]"}
RESULT: {"using":"xpath","value":"//*[@id=\"__button424\"]"}
COMMAND: POST /session/25c011aa293abf97c7913f308519c6b0/elements - {"using":"xpath","value":"//*[@id=\"__button424\"]"}
RESULT: {"using":"xpath","value":"//*[@id=\"__button424\"]"}
COMMAND: POST /session/25c011aa293abf97c7913f308519c6b0/elements - {"using":"xpath","value":"//*[@id=\"__button424\"]"}
RESULT: {"using":"xpath","value":"//*[@id=\"__button424\"]"}
COMMAND: POST /session/25c011aa293abf97c7913f308519c6b0/elements - {"using":"xpath","value":"//*[@id=\"__button424\"]"}
RESULT: {"using":"xpath","value":"//*[@id=\"__button424\"]"}
COMMAND: POST /session/25c011aa293abf97c7913f308519c6b0/elements - {"using":"xpath","value":"//*[@id=\"__button424\"]"}
RESULT: {"using":"xpath","value":"//*[@id=\"__button424\"]"}
COMMAND: POST /session/25c011aa293abf97c7913f308519c6b0/elements - {"using":"xpath","value":"//*[@id=\"__button424\"]"}
RESULT: {"using":"xpath","value":"//*[@id=\"__button424\"]"}
COMMAND: POST /session/25c011aa293abf97c7913f308519c6b0/elements - {"using":"xpath","value":"//*[@id=\"__button424\"]"}
RESULT: {"using":"xpath","value":"//*[@id=\"__button424\"]"}
COMMAND: POST /session/25c011aa293abf97c7913f308519c6b0/elements - {"using":"xpath","value":"//*[@id=\"__button424\"]"}
RESULT: {"using":"xpath","value":"//*[@id=\"__button424\"]"}
COMMAND: POST /session/25c011aa293abf97c7913f308519c6b0/elements - {"using":"xpath","value":"//*[@id=\"__button424\"]"}
RESULT: {"using":"xpath","value":"//*[@id=\"__button424\"]"}
COMMAND: POST /session/25c011aa293abf97c7913f308519c6b0/elements - {"using":"xpath","value":"//*[@id=\"__button424\"]"}
RESULT: {"using":"xpath","value":"//*[@id=\"__button424\"]"}
COMMAND: POST /session/25c011aa293abf97c7913f308519c6b0/elements - {"using":"xpath","value":"//*[@id=\"__button424\"]"}
RESULT: {"using":"xpath","value":"//*[@id=\"__button424\"]"}
COMMAND: POST /session/25c011aa293abf97c7913f308519c6b0/elements - {"using":"xpath","value":"//*[@id=\"__button424\"]"}
RESULT: {"using":"xpath","value":"//*[@id=\"__button424\"]"}
COMMAND: POST /session/25c011aa293abf97c7913f308519c6b0/elements - {"using":"xpath","value":"//*[@id=\"__button424\"]"}
RESULT: {"using":"xpath","value":"//*[@id=\"__button424\"]"}
COMMAND: POST /session/25c011aa293abf97c7913f308519c6b0/elements - {"using":"xpath","value":"//*[@id=\"__button424\"]"}
RESULT: {"using":"xpath","value":"//*[@id=\"__button424\"]"}
COMMAND: POST /session/25c011aa293abf97c7913f308519c6b0/elements - {"using":"xpath","value":"//*[@id=\"__button424\"]"}
RESULT: {"using":"xpath","value":"//*[@id=\"__button424\"]"}
COMMAND: POST /session/25c011aa293abf97c7913f308519c6b0/elements - {"using":"xpath","value":"//*[@id=\"__button424\"]"}
COMMAND: POST /session/25c011aa293abf97c7913f308519c6b0/element - {"using":"css selector","value":"#shell-header-logo"}
RESULT: {"using":"xpath","value":"//*[@id=\"__button424\"]"}
RESULT: {"using":"css selector","value":"#shell-header-logo"}
COMMAND: POST /session/25c011aa293abf97c7913f308519c6b0/execute/sync - {"script":"<script> [8489 bytes]","args":[{"element-6066-11e4-a52e-4f735466cecf":"f.A224BA6FA6224D464A8F44AD5BF2EA9F.d.16D6D7BAED514C5341E59854134D99C5.e.18185","ELEMENT":"f.A224BA6FA6224D464A8F44AD5BF2EA9F.d.16D6D7BAED514C5341E59854134D99C5.e.18185"}]}
RESULT: {"script":"<script> [8489 bytes]","args":[{"element-6066-11e4-a52e-4f735466cecf":"f.A224BA6FA6224D464A8F44AD5BF2EA9F.d.16D6D7BAED514C5341E59854134D99C5.e.18185","ELEMENT":"f.A224BA6FA6224D464A8F44AD5BF2EA9F.d.16D6D7BAED514C5341E59854134D99C5.e.18185"}]}
COMMAND: POST /session/25c011aa293abf97c7913f308519c6b0/execute/sync - {"script":"<script> [5351 bytes]","args":[{"element-6066-11e4-a52e-4f735466cecf":"f.A224BA6FA6224D464A8F44AD5BF2EA9F.d.16D6D7BAED514C5341E59854134D99C5.e.18185","ELEMENT":"f.A224BA6FA6224D464A8F44AD5BF2EA9F.d.16D6D7BAED514C5341E59854134D99C5.e.18185"}]}
COMMAND: GET /session/25c011aa293abf97c7913f308519c6b0/screenshot - {}
RESULT: {"script":"<script> [5351 bytes]","args":[{"element-6066-11e4-a52e-4f735466cecf":"f.A224BA6FA6224D464A8F44AD5BF2EA9F.d.16D6D7BAED514C5341E59854134D99C5.e.18185","ELEMENT":"f.A224BA6FA6224D464A8F44AD5BF2EA9F.d.16D6D7BAED514C5341E59854134D99C5.e.18185"}]}
COMMAND: POST /session/25c011aa293abf97c7913f308519c6b0/element/f.A224BA6FA6224D464A8F44AD5BF2EA9F.d.16D6D7BAED514C5341E59854134D99C5.e.18185/click - {}
COMMAND: GET /session/25c011aa293abf97c7913f308519c6b0/screenshot - {}
RESULT: {}
RESULT: {}
]]></system-out>
    </testcase>
    <testcase classname="chrome.137_0_7151_69.windows.Performance_based_billing_(work_days)_US139742" name="Should go to Manage Billings and trigger calculation check the conditions applied" time="77.224">
      <system-out><![CDATA[
COMMAND: GET /session/25c011aa293abf97c7913f308519c6b0/screenshot - {}
COMMAND: POST /session/25c011aa293abf97c7913f308519c6b0/execute/async - {"script":"<script> [1562 bytes]","args":[{"selector":{"controlType":"sap.m.GenericTile","properties":{"header":"Manage Billings"}},"wdio_ui5_key":"sapm.GenericTile{\"header\":\"Manage Billings\"}"}]}
RESULT: {}
RESULT: {"script":"<script> [1562 bytes]","args":[{"selector":{"controlType":"sap.m.GenericTile","properties":{"header":"Manage Billings"}},"wdio_ui5_key":"sapm.GenericTile{\"header\":\"Manage Billings\"}"}]}
RESULT: undefined
COMMAND: POST /session/25c011aa293abf97c7913f308519c6b0/element - {"using":"xpath","value":"//*[@id=\"__tile53\"]"}
RESULT: {}
RESULT: {"using":"xpath","value":"//*[@id=\"__tile53\"]"}
COMMAND: POST /session/25c011aa293abf97c7913f308519c6b0/element/f.A224BA6FA6224D464A8F44AD5BF2EA9F.d.16D6D7BAED514C5341E59854134D99C5.e.14360/click - {}
RESULT: {}
COMMAND: GET /session/25c011aa293abf97c7913f308519c6b0/screenshot - {}
RESULT: {}
COMMAND: POST /session/25c011aa293abf97c7913f308519c6b0/elements - {"using":"xpath","value":"//span[text()='Error']"}
RESULT: {"using":"xpath","value":"//span[text()='Error']"}
COMMAND: POST /session/25c011aa293abf97c7913f308519c6b0/execute/async - {"script":"<script> [1562 bytes]","args":[{"selector":{"id":"application-managebillings-display-component---billRunCalcResult--smartFilterBar-btnBasicSearch","interaction":{"idSuffix":"I"}},"wdio_ui5_key":"applicationmanagebillings-display-component---billRunCalcResult--smartFilterBar-btnBasicSearch"}]}
RESULT: {"script":"<script> [1562 bytes]","args":[{"selector":{"id":"application-managebillings-display-component---billRunCalcResult--smartFilterBar-btnBasicSearch","interaction":{"idSuffix":"I"}},"wdio_ui5_key":"applicationmanagebillings-display-component---billRunCalcResult--smartFilterBar-btnBasicSearch"}]}
RESULT: undefined
COMMAND: POST /session/25c011aa293abf97c7913f308519c6b0/execute/async - {"script":"<script> [776 bytes]","args":[{"enterText":"10180","selector":{"id":"application-managebillings-display-component---billRunCalcResult--smartFilterBar-btnBasicSearch","interaction":{"idSuffix":"I"}},"clearTextFirst":true,"interactionType":"ENTER_TEXT"}]}
RESULT: {"script":"<script> [776 bytes]","args":[{"enterText":"10180","selector":{"id":"application-managebillings-display-component---billRunCalcResult--smartFilterBar-btnBasicSearch","interaction":{"idSuffix":"I"}},"clearTextFirst":true,"interactionType":"ENTER_TEXT"}]}
COMMAND: POST /session/25c011aa293abf97c7913f308519c6b0/actions - {"actions":[{"id":"action67","type":"key","parameters":{},"actions":[{"type":"keyDown","value":""},{"type":"pause","duration":10},{"type":"keyUp","value":""}]}]}
RESULT: {"actions":[{"id":"action67","type":"key","parameters":{},"actions":[{"type":"keyDown","value":""},{"type":"pause","duration":10},{"type":"keyUp","value":""}]}]}
COMMAND: GET /session/25c011aa293abf97c7913f308519c6b0/screenshot - {}
RESULT: {}
COMMAND: POST /session/25c011aa293abf97c7913f308519c6b0/element - {"using":"xpath","value":"//td[@aria-colindex=\"1\"]/div/div[contains(@class, \"sapMCbBg\")]"}
RESULT: {"using":"xpath","value":"//td[@aria-colindex=\"1\"]/div/div[contains(@class, \"sapMCbBg\")]"}
COMMAND: POST /session/25c011aa293abf97c7913f308519c6b0/element/f.A224BA6FA6224D464A8F44AD5BF2EA9F.d.16D6D7BAED514C5341E59854134D99C5.e.18590/click - {}
RESULT: {}
COMMAND: GET /session/25c011aa293abf97c7913f308519c6b0/screenshot - {}
RESULT: {}
COMMAND: POST /session/25c011aa293abf97c7913f308519c6b0/execute/async - {"script":"<script> [1562 bytes]","args":[{"selector":{"id":"application-managebillings-display-component---billRunCalcResult--contractBillRunDate","interaction":{"idSuffix":"inner"}},"wdio_ui5_key":"applicationmanagebillings-display-component---billRunCalcResult--contractBillRunDate"}]}
RESULT: {"script":"<script> [1562 bytes]","args":[{"selector":{"id":"application-managebillings-display-component---billRunCalcResult--contractBillRunDate","interaction":{"idSuffix":"inner"}},"wdio_ui5_key":"applicationmanagebillings-display-component---billRunCalcResult--contractBillRunDate"}]}
RESULT: undefined
COMMAND: POST /session/25c011aa293abf97c7913f308519c6b0/execute/async - {"script":"<script> [776 bytes]","args":[{"enterText":"7/13/25","selector":{"id":"application-managebillings-display-component---billRunCalcResult--contractBillRunDate","interaction":{"idSuffix":"inner"}},"clearTextFirst":true,"interactionType":"ENTER_TEXT"}]}
RESULT: {"script":"<script> [776 bytes]","args":[{"enterText":"7/13/25","selector":{"id":"application-managebillings-display-component---billRunCalcResult--contractBillRunDate","interaction":{"idSuffix":"inner"}},"clearTextFirst":true,"interactionType":"ENTER_TEXT"}]}
COMMAND: POST /session/25c011aa293abf97c7913f308519c6b0/element - {"using":"xpath","value":"//bdi[contains(text(), \"Trigger Calculation\")]"}
RESULT: {"using":"xpath","value":"//bdi[contains(text(), \"Trigger Calculation\")]"}
COMMAND: POST /session/25c011aa293abf97c7913f308519c6b0/element/f.A224BA6FA6224D464A8F44AD5BF2EA9F.d.16D6D7BAED514C5341E59854134D99C5.e.18611/click - {}
RESULT: {}
COMMAND: GET /session/25c011aa293abf97c7913f308519c6b0/screenshot - {}
RESULT: {}
COMMAND: POST /session/25c011aa293abf97c7913f308519c6b0/element - {"using":"xpath","value":"(//span[contains(@id, \"imgNav\")])[1]"}
RESULT: {"using":"xpath","value":"(//span[contains(@id, \"imgNav\")])[1]"}
COMMAND: POST /session/25c011aa293abf97c7913f308519c6b0/element/f.A224BA6FA6224D464A8F44AD5BF2EA9F.d.16D6D7BAED514C5341E59854134D99C5.e.18604/click - {}
RESULT: {}
COMMAND: GET /session/25c011aa293abf97c7913f308519c6b0/screenshot - {}
COMMAND: POST /session/25c011aa293abf97c7913f308519c6b0/element - {"using":"xpath","value":"//tr/td[6]/div[1]/span[1]/span[1]"}
RESULT: {}
RESULT: {"using":"xpath","value":"//tr/td[6]/div[1]/span[1]/span[1]"}
COMMAND: GET /session/25c011aa293abf97c7913f308519c6b0/element/f.A224BA6FA6224D464A8F44AD5BF2EA9F.d.16D6D7BAED514C5341E59854134D99C5.e.18616/text - {}
RESULT: {}
COMMAND: POST /session/25c011aa293abf97c7913f308519c6b0/element - {"using":"xpath","value":"(//span[contains(@id, \"imgNav\")])[2]"}
RESULT: {"using":"xpath","value":"(//span[contains(@id, \"imgNav\")])[2]"}
COMMAND: POST /session/25c011aa293abf97c7913f308519c6b0/element/f.A224BA6FA6224D464A8F44AD5BF2EA9F.d.16D6D7BAED514C5341E59854134D99C5.e.18617/click - {}
RESULT: {}
COMMAND: POST /session/25c011aa293abf97c7913f308519c6b0/element - {"using":"xpath","value":"//bdi[contains(text(), \"Business Confirm\")]"}
COMMAND: GET /session/25c011aa293abf97c7913f308519c6b0/screenshot - {}
RESULT: {"using":"xpath","value":"//bdi[contains(text(), \"Business Confirm\")]"}
COMMAND: POST /session/25c011aa293abf97c7913f308519c6b0/elements - {"using":"xpath","value":"//bdi[contains(text(), \"Business Confirm\")]"}
RESULT: {}
RESULT: {"using":"xpath","value":"//bdi[contains(text(), \"Business Confirm\")]"}
COMMAND: POST /session/25c011aa293abf97c7913f308519c6b0/element - {"using":"xpath","value":"//bdi[contains(text(), \"Business Confirm\")]"}
RESULT: {"using":"xpath","value":"//bdi[contains(text(), \"Business Confirm\")]"}
COMMAND: POST /session/25c011aa293abf97c7913f308519c6b0/element/f.A224BA6FA6224D464A8F44AD5BF2EA9F.d.16D6D7BAED514C5341E59854134D99C5.e.18625/click - {}
RESULT: {}
COMMAND: POST /session/25c011aa293abf97c7913f308519c6b0/element - {"using":"css selector","value":"#shell-header-logo"}
COMMAND: GET /session/25c011aa293abf97c7913f308519c6b0/screenshot - {}
RESULT: {"using":"css selector","value":"#shell-header-logo"}
COMMAND: POST /session/25c011aa293abf97c7913f308519c6b0/element/f.A224BA6FA6224D464A8F44AD5BF2EA9F.d.16D6D7BAED514C5341E59854134D99C5.e.18371/click - {}
RESULT: {}
RESULT: {}
COMMAND: GET /session/25c011aa293abf97c7913f308519c6b0/screenshot - {}
COMMAND: POST /session/25c011aa293abf97c7913f308519c6b0/element - {"using":"css selector","value":"#j_username"}
COMMAND: POST /session/25c011aa293abf97c7913f308519c6b0/url - {"url":"https://qa-testing-00-live-etm-ui.cfapps.eu10-004.hana.ondemand.com/"}
RESULT: {}
RESULT: {"using":"css selector","value":"#j_username"}
COMMAND: POST /session/25c011aa293abf97c7913f308519c6b0/element - {"using":"css selector","value":"#j_username"}
RESULT: {"url":"https://qa-testing-00-live-etm-ui.cfapps.eu10-004.hana.ondemand.com/"}
RESULT: undefined
COMMAND: GET /session/25c011aa293abf97c7913f308519c6b0/screenshot - {}
RESULT: {"using":"css selector","value":"#j_username"}
COMMAND: POST /session/25c011aa293abf97c7913f308519c6b0/element - {"using":"css selector","value":"#shell-header-logo"}
RESULT: {}
RESULT: {"using":"css selector","value":"#shell-header-logo"}
COMMAND: POST /session/25c011aa293abf97c7913f308519c6b0/execute/sync - {"script":"<script> [8489 bytes]","args":[{"element-6066-11e4-a52e-4f735466cecf":"f.A224BA6FA6224D464A8F44AD5BF2EA9F.d.C0CA37F399BB0FFF9FF1D8473E881176.e.18704","ELEMENT":"f.A224BA6FA6224D464A8F44AD5BF2EA9F.d.C0CA37F399BB0FFF9FF1D8473E881176.e.18704"}]}
RESULT: {"script":"<script> [8489 bytes]","args":[{"element-6066-11e4-a52e-4f735466cecf":"f.A224BA6FA6224D464A8F44AD5BF2EA9F.d.C0CA37F399BB0FFF9FF1D8473E881176.e.18704","ELEMENT":"f.A224BA6FA6224D464A8F44AD5BF2EA9F.d.C0CA37F399BB0FFF9FF1D8473E881176.e.18704"}]}
COMMAND: POST /session/25c011aa293abf97c7913f308519c6b0/element - {"using":"css selector","value":"#shell-header-logo"}
COMMAND: GET /session/25c011aa293abf97c7913f308519c6b0/screenshot - {}
RESULT: {"using":"css selector","value":"#shell-header-logo"}
COMMAND: POST /session/25c011aa293abf97c7913f308519c6b0/execute/sync - {"script":"<script> [8489 bytes]","args":[{"element-6066-11e4-a52e-4f735466cecf":"f.A224BA6FA6224D464A8F44AD5BF2EA9F.d.C0CA37F399BB0FFF9FF1D8473E881176.e.18704","ELEMENT":"f.A224BA6FA6224D464A8F44AD5BF2EA9F.d.C0CA37F399BB0FFF9FF1D8473E881176.e.18704"}]}
RESULT: {}
RESULT: {"script":"<script> [8489 bytes]","args":[{"element-6066-11e4-a52e-4f735466cecf":"f.A224BA6FA6224D464A8F44AD5BF2EA9F.d.C0CA37F399BB0FFF9FF1D8473E881176.e.18704","ELEMENT":"f.A224BA6FA6224D464A8F44AD5BF2EA9F.d.C0CA37F399BB0FFF9FF1D8473E881176.e.18704"}]}
COMMAND: POST /session/25c011aa293abf97c7913f308519c6b0/execute/sync - {"script":"<script> [5351 bytes]","args":[{"element-6066-11e4-a52e-4f735466cecf":"f.A224BA6FA6224D464A8F44AD5BF2EA9F.d.C0CA37F399BB0FFF9FF1D8473E881176.e.18704","ELEMENT":"f.A224BA6FA6224D464A8F44AD5BF2EA9F.d.C0CA37F399BB0FFF9FF1D8473E881176.e.18704"}]}
COMMAND: GET /session/25c011aa293abf97c7913f308519c6b0/screenshot - {}
RESULT: {"script":"<script> [5351 bytes]","args":[{"element-6066-11e4-a52e-4f735466cecf":"f.A224BA6FA6224D464A8F44AD5BF2EA9F.d.C0CA37F399BB0FFF9FF1D8473E881176.e.18704","ELEMENT":"f.A224BA6FA6224D464A8F44AD5BF2EA9F.d.C0CA37F399BB0FFF9FF1D8473E881176.e.18704"}]}
COMMAND: POST /session/25c011aa293abf97c7913f308519c6b0/element - {"using":"css selector","value":"#shell-header-logo"}
COMMAND: GET /session/25c011aa293abf97c7913f308519c6b0/screenshot - {}
RESULT: {}
RESULT: {"using":"css selector","value":"#shell-header-logo"}
COMMAND: POST /session/25c011aa293abf97c7913f308519c6b0/element/f.A224BA6FA6224D464A8F44AD5BF2EA9F.d.C0CA37F399BB0FFF9FF1D8473E881176.e.18704/click - {}
RESULT: {}
RESULT: {}
COMMAND: GET /session/25c011aa293abf97c7913f308519c6b0/screenshot - {}
RESULT: {}
COMMAND: POST /session/25c011aa293abf97c7913f308519c6b0/execute/async - {"script":"<script> [189 bytes]","args":[]}
RESULT: {"script":"<script> [189 bytes]","args":[]}
COMMAND: POST /session/25c011aa293abf97c7913f308519c6b0/execute/async - {"script":"<script> [123 bytes]","args":[]}
RESULT: {"script":"<script> [123 bytes]","args":[]}
COMMAND: POST /session/25c011aa293abf97c7913f308519c6b0/timeouts - {"script":"<number>"}
RESULT: {"script":"<number>"}
COMMAND: GET /session/25c011aa293abf97c7913f308519c6b0/timeouts - {}
RESULT: {}
RESULT: undefined
COMMAND: POST /session/25c011aa293abf97c7913f308519c6b0/execute/async - {"script":"<script> [2676 bytes]","args":[]}
RESULT: {"script":"<script> [2676 bytes]","args":[]}
COMMAND: POST /session/25c011aa293abf97c7913f308519c6b0/execute/async - {"script":"<script> [2342 bytes]","args":[{"protocol":"http","hostname":"0.0.0.0","path":"/","capabilities":{"browserName":"chrome","goog:chromeOptions":{"binary":"C:\\Program Files\\Google\\Chrome\\Application\\chrome.exe","args":["--start-maximized"]}},"logLevel":"warn","connectionRetryTimeout":120000,"connectionRetryCount":3,"logLevels":{},"enableDirectConnect":true,"strictSSL":true,"_":"65 more keys: [\"cacheDir\",\"port\",\"requestedCapabilities\",\"automationProtocol\",\"baseUrl\",\"waitforInterval\",\"waitforTimeout\",\"onReload\",\"beforeCommand\",\"afterCommand\",\"rootDir\",\"specs\",\"suites\",\"exclude\",\"groupLogsByTestSpec\",\"excludeDriverLogs\",\"bail\",\"framework\",\"reporters\",\"services\",\"maxInstances\",\"maxInstancesPerCapability\",\"injectGlobals\",\"filesToWatch\",\"execArgv\",\"runnerEnv\",\"runner\",\"shard\",\"specFileRetries\",\"specFileRetriesDelay\",\"specFileRetriesDeferred\",\"reporterSyncInterval\",\"reporterSyncTimeout\",\"cucumberFeaturesWithLineNumbers\",\"autoCompileOpts\",\"mochaOpts\",\"jasmineOpts\",\"cucumberOpts\",\"onPrepare\",\"onWorkerStart\",\"onWorkerEnd\",\"before\",\"beforeSession\",\"beforeSuite\",\"beforeHook\",\"beforeTest\",\"afterTest\",\"afterHook\",\"afterSuite\",\"afterSession\",\"after\",\"onComplete\",\"beforeAssertion\",\"afterAssertion\",\"beforeFeature\",\"beforeScenario\",\"beforeStep\",\"afterStep\",\"afterScenario\",\"afterFeature\",\"_\",\"suite\",\"$0\",\"ignoredWorkerServices\",\"wdi5\"]"}]}
RESULT: {"script":"<script> [2342 bytes]","args":[{"protocol":"http","hostname":"0.0.0.0","path":"/","capabilities":{"browserName":"chrome","goog:chromeOptions":{"binary":"C:\\Program Files\\Google\\Chrome\\Application\\chrome.exe","args":["--start-maximized"]}},"logLevel":"warn","connectionRetryTimeout":120000,"connectionRetryCount":3,"logLevels":{},"enableDirectConnect":true,"strictSSL":true,"_":"65 more keys: [\"cacheDir\",\"port\",\"requestedCapabilities\",\"automationProtocol\",\"baseUrl\",\"waitforInterval\",\"waitforTimeout\",\"onReload\",\"beforeCommand\",\"afterCommand\",\"rootDir\",\"specs\",\"suites\",\"exclude\",\"groupLogsByTestSpec\",\"excludeDriverLogs\",\"bail\",\"framework\",\"reporters\",\"services\",\"maxInstances\",\"maxInstancesPerCapability\",\"injectGlobals\",\"filesToWatch\",\"execArgv\",\"runnerEnv\",\"runner\",\"shard\",\"specFileRetries\",\"specFileRetriesDelay\",\"specFileRetriesDeferred\",\"reporterSyncInterval\",\"reporterSyncTimeout\",\"cucumberFeaturesWithLineNumbers\",\"autoCompileOpts\",\"mochaOpts\",\"jasmineOpts\",\"cucumberOpts\",\"onPrepare\",\"onWorkerStart\",\"onWorkerEnd\",\"before\",\"beforeSession\",\"beforeSuite\",\"beforeHook\",\"beforeTest\",\"afterTest\",\"afterHook\",\"afterSuite\",\"afterSession\",\"after\",\"onComplete\",\"beforeAssertion\",\"afterAssertion\",\"beforeFeature\",\"beforeScenario\",\"beforeStep\",\"afterStep\",\"afterScenario\",\"afterFeature\",\"_\",\"suite\",\"$0\",\"ignoredWorkerServices\",\"wdi5\"]"}]}
COMMAND: POST /session/25c011aa293abf97c7913f308519c6b0/execute/async - {"script":"<script> [21126 bytes]","args":[35000]}
RESULT: {"script":"<script> [21126 bytes]","args":[35000]}
COMMAND: POST /session/25c011aa293abf97c7913f308519c6b0/window/maximize - {}
RESULT: {}
COMMAND: POST /session/25c011aa293abf97c7913f308519c6b0/execute/async - {"script":"<script> [1562 bytes]","args":[{"selector":{"id":"shell-header","interaction":{"idSuffix":"icon"}},"wdio_ui5_key":"shellheader"}]}
COMMAND: GET /session/25c011aa293abf97c7913f308519c6b0/screenshot - {}
RESULT: undefined
RESULT: {"script":"<script> [1562 bytes]","args":[{"selector":{"id":"shell-header","interaction":{"idSuffix":"icon"}},"wdio_ui5_key":"shellheader"}]}
RESULT: undefined
COMMAND: POST /session/25c011aa293abf97c7913f308519c6b0/refresh - {}
RESULT: {}
RESULT: {}
COMMAND: GET /session/25c011aa293abf97c7913f308519c6b0/screenshot - {}
RESULT: {}
COMMAND: POST /session/25c011aa293abf97c7913f308519c6b0/refresh - {}
RESULT: {}
COMMAND: GET /session/25c011aa293abf97c7913f308519c6b0/screenshot - {}
RESULT: {}
COMMAND: POST /session/25c011aa293abf97c7913f308519c6b0/window/fullscreen - {}
RESULT: {}
COMMAND: POST /session/25c011aa293abf97c7913f308519c6b0/execute/async - {"script":"<script> [189 bytes]","args":[]}
RESULT: {"script":"<script> [189 bytes]","args":[]}
COMMAND: POST /session/25c011aa293abf97c7913f308519c6b0/execute/async - {"script":"<script> [123 bytes]","args":[]}
RESULT: {"script":"<script> [123 bytes]","args":[]}
COMMAND: POST /session/25c011aa293abf97c7913f308519c6b0/timeouts - {"script":"<number>"}
RESULT: {"script":"<number>"}
COMMAND: GET /session/25c011aa293abf97c7913f308519c6b0/timeouts - {}
RESULT: {}
RESULT: undefined
COMMAND: POST /session/25c011aa293abf97c7913f308519c6b0/execute/async - {"script":"<script> [2676 bytes]","args":[]}
RESULT: {"script":"<script> [2676 bytes]","args":[]}
COMMAND: POST /session/25c011aa293abf97c7913f308519c6b0/execute/async - {"script":"<script> [2342 bytes]","args":[{"protocol":"http","hostname":"0.0.0.0","path":"/","capabilities":{"browserName":"chrome","goog:chromeOptions":{"binary":"C:\\Program Files\\Google\\Chrome\\Application\\chrome.exe","args":["--start-maximized"]}},"logLevel":"warn","connectionRetryTimeout":120000,"connectionRetryCount":3,"logLevels":{},"enableDirectConnect":true,"strictSSL":true,"_":"65 more keys: [\"cacheDir\",\"port\",\"requestedCapabilities\",\"automationProtocol\",\"baseUrl\",\"waitforInterval\",\"waitforTimeout\",\"onReload\",\"beforeCommand\",\"afterCommand\",\"rootDir\",\"specs\",\"suites\",\"exclude\",\"groupLogsByTestSpec\",\"excludeDriverLogs\",\"bail\",\"framework\",\"reporters\",\"services\",\"maxInstances\",\"maxInstancesPerCapability\",\"injectGlobals\",\"filesToWatch\",\"execArgv\",\"runnerEnv\",\"runner\",\"shard\",\"specFileRetries\",\"specFileRetriesDelay\",\"specFileRetriesDeferred\",\"reporterSyncInterval\",\"reporterSyncTimeout\",\"cucumberFeaturesWithLineNumbers\",\"autoCompileOpts\",\"mochaOpts\",\"jasmineOpts\",\"cucumberOpts\",\"onPrepare\",\"onWorkerStart\",\"onWorkerEnd\",\"before\",\"beforeSession\",\"beforeSuite\",\"beforeHook\",\"beforeTest\",\"afterTest\",\"afterHook\",\"afterSuite\",\"afterSession\",\"after\",\"onComplete\",\"beforeAssertion\",\"afterAssertion\",\"beforeFeature\",\"beforeScenario\",\"beforeStep\",\"afterStep\",\"afterScenario\",\"afterFeature\",\"_\",\"suite\",\"$0\",\"ignoredWorkerServices\",\"wdi5\"]"}]}
RESULT: {"script":"<script> [2342 bytes]","args":[{"protocol":"http","hostname":"0.0.0.0","path":"/","capabilities":{"browserName":"chrome","goog:chromeOptions":{"binary":"C:\\Program Files\\Google\\Chrome\\Application\\chrome.exe","args":["--start-maximized"]}},"logLevel":"warn","connectionRetryTimeout":120000,"connectionRetryCount":3,"logLevels":{},"enableDirectConnect":true,"strictSSL":true,"_":"65 more keys: [\"cacheDir\",\"port\",\"requestedCapabilities\",\"automationProtocol\",\"baseUrl\",\"waitforInterval\",\"waitforTimeout\",\"onReload\",\"beforeCommand\",\"afterCommand\",\"rootDir\",\"specs\",\"suites\",\"exclude\",\"groupLogsByTestSpec\",\"excludeDriverLogs\",\"bail\",\"framework\",\"reporters\",\"services\",\"maxInstances\",\"maxInstancesPerCapability\",\"injectGlobals\",\"filesToWatch\",\"execArgv\",\"runnerEnv\",\"runner\",\"shard\",\"specFileRetries\",\"specFileRetriesDelay\",\"specFileRetriesDeferred\",\"reporterSyncInterval\",\"reporterSyncTimeout\",\"cucumberFeaturesWithLineNumbers\",\"autoCompileOpts\",\"mochaOpts\",\"jasmineOpts\",\"cucumberOpts\",\"onPrepare\",\"onWorkerStart\",\"onWorkerEnd\",\"before\",\"beforeSession\",\"beforeSuite\",\"beforeHook\",\"beforeTest\",\"afterTest\",\"afterHook\",\"afterSuite\",\"afterSession\",\"after\",\"onComplete\",\"beforeAssertion\",\"afterAssertion\",\"beforeFeature\",\"beforeScenario\",\"beforeStep\",\"afterStep\",\"afterScenario\",\"afterFeature\",\"_\",\"suite\",\"$0\",\"ignoredWorkerServices\",\"wdi5\"]"}]}
COMMAND: POST /session/25c011aa293abf97c7913f308519c6b0/execute/async - {"script":"<script> [21126 bytes]","args":[35000]}
RESULT: {"script":"<script> [21126 bytes]","args":[35000]}
]]></system-out>
    </testcase>
  </testsuite>
  <testsuite timestamp="2025-06-13T18:03:49" time="1441.153" tests="20" failures="0" errors="0" skipped="0">
    <properties>
      <property name="specId" value="0"/>
      <property name="suiteName" value="Billing Calculation - Time based (considering transport times) US139738"/>
      <property name="capabilities" value="chrome.137_0_7151_69.windows"/>
      <property name="file" value="file:///D:/a/1/s/test/specs/BTS/billing-calculation-transp-times.spec.js"/>
    </properties>
    <testcase classname="chrome.137_0_7151_69.windows.Billing_Calculation_-_Time_based_(considering_transport_times)_US139738" name="Should create a new yard" time="0.028">
      <system-out><![CDATA[
COMMAND: POST /session/25c011aa293abf97c7913f308519c6b0/window/fullscreen - {}
RESULT: {}
]]></system-out>
    </testcase>
    <testcase classname="chrome.137_0_7151_69.windows.Billing_Calculation_-_Time_based_(considering_transport_times)_US139738" name="Should create a new partner" time="0.002"/>
    <testcase classname="chrome.137_0_7151_69.windows.Billing_Calculation_-_Time_based_(considering_transport_times)_US139738" name="Should create a new site" time="0.001"/>
    <testcase classname="chrome.137_0_7151_69.windows.Billing_Calculation_-_Time_based_(considering_transport_times)_US139738" name="Should create the equipment" time="142.461">
      <system-out><![CDATA[
COMMAND: POST /session/25c011aa293abf97c7913f308519c6b0/execute/async - {"script":"<script> [1562 bytes]","args":[{"selector":{"controlType":"sap.m.GenericTile","properties":{"header":"Manage Resources"}},"wdio_ui5_key":"sapm.GenericTile{\"header\":\"Manage Resources\"}"}]}
RESULT: {"script":"<script> [1562 bytes]","args":[{"selector":{"controlType":"sap.m.GenericTile","properties":{"header":"Manage Resources"}},"wdio_ui5_key":"sapm.GenericTile{\"header\":\"Manage Resources\"}"}]}
RESULT: undefined
COMMAND: POST /session/25c011aa293abf97c7913f308519c6b0/element - {"using":"xpath","value":"//*[@id=\"__tile40\"]"}
RESULT: {"using":"xpath","value":"//*[@id=\"__tile40\"]"}
COMMAND: POST /session/25c011aa293abf97c7913f308519c6b0/element/f.A224BA6FA6224D464A8F44AD5BF2EA9F.d.1214CECA2000C3BDA7D7011B458392E8.e.18866/click - {}
RESULT: {}
COMMAND: GET /session/25c011aa293abf97c7913f308519c6b0/screenshot - {}
RESULT: {}
COMMAND: POST /session/25c011aa293abf97c7913f308519c6b0/elements - {"using":"xpath","value":"//span[text()='Error']"}
RESULT: {"using":"xpath","value":"//span[text()='Error']"}
COMMAND: POST /session/25c011aa293abf97c7913f308519c6b0/element - {"using":"xpath","value":"//button[@data-kt=\"addNewRUOverflowToolbarButton\"]"}
RESULT: {"using":"xpath","value":"//button[@data-kt=\"addNewRUOverflowToolbarButton\"]"}
COMMAND: POST /session/25c011aa293abf97c7913f308519c6b0/elements - {"using":"xpath","value":"//button[@data-kt=\"addNewRUOverflowToolbarButton\"]"}
RESULT: {"using":"xpath","value":"//button[@data-kt=\"addNewRUOverflowToolbarButton\"]"}
COMMAND: POST /session/25c011aa293abf97c7913f308519c6b0/element - {"using":"xpath","value":"//button[@data-kt=\"addNewRUOverflowToolbarButton\"]"}
RESULT: {"using":"xpath","value":"//button[@data-kt=\"addNewRUOverflowToolbarButton\"]"}
COMMAND: POST /session/25c011aa293abf97c7913f308519c6b0/execute/sync - {"script":"<script> [8489 bytes]","args":[{"element-6066-11e4-a52e-4f735466cecf":"f.A224BA6FA6224D464A8F44AD5BF2EA9F.d.1214CECA2000C3BDA7D7011B458392E8.e.19008","ELEMENT":"f.A224BA6FA6224D464A8F44AD5BF2EA9F.d.1214CECA2000C3BDA7D7011B458392E8.e.19008"}]}
RESULT: {"script":"<script> [8489 bytes]","args":[{"element-6066-11e4-a52e-4f735466cecf":"f.A224BA6FA6224D464A8F44AD5BF2EA9F.d.1214CECA2000C3BDA7D7011B458392E8.e.19008","ELEMENT":"f.A224BA6FA6224D464A8F44AD5BF2EA9F.d.1214CECA2000C3BDA7D7011B458392E8.e.19008"}]}
COMMAND: GET /session/25c011aa293abf97c7913f308519c6b0/element/f.A224BA6FA6224D464A8F44AD5BF2EA9F.d.1214CECA2000C3BDA7D7011B458392E8.e.19008/enabled - {}
COMMAND: GET /session/25c011aa293abf97c7913f308519c6b0/screenshot - {}
RESULT: {}
COMMAND: POST /session/25c011aa293abf97c7913f308519c6b0/execute/sync - {"script":"<script> [8489 bytes]","args":[{"element-6066-11e4-a52e-4f735466cecf":"f.A224BA6FA6224D464A8F44AD5BF2EA9F.d.1214CECA2000C3BDA7D7011B458392E8.e.19008","ELEMENT":"f.A224BA6FA6224D464A8F44AD5BF2EA9F.d.1214CECA2000C3BDA7D7011B458392E8.e.19008"}]}
COMMAND: GET /session/25c011aa293abf97c7913f308519c6b0/screenshot - {}
RESULT: {}
RESULT: {"script":"<script> [8489 bytes]","args":[{"element-6066-11e4-a52e-4f735466cecf":"f.A224BA6FA6224D464A8F44AD5BF2EA9F.d.1214CECA2000C3BDA7D7011B458392E8.e.19008","ELEMENT":"f.A224BA6FA6224D464A8F44AD5BF2EA9F.d.1214CECA2000C3BDA7D7011B458392E8.e.19008"}]}
COMMAND: POST /session/25c011aa293abf97c7913f308519c6b0/execute/sync - {"script":"<script> [5351 bytes]","args":[{"element-6066-11e4-a52e-4f735466cecf":"f.A224BA6FA6224D464A8F44AD5BF2EA9F.d.1214CECA2000C3BDA7D7011B458392E8.e.19008","ELEMENT":"f.A224BA6FA6224D464A8F44AD5BF2EA9F.d.1214CECA2000C3BDA7D7011B458392E8.e.19008"}]}
RESULT: {}
COMMAND: GET /session/25c011aa293abf97c7913f308519c6b0/screenshot - {}
RESULT: {"script":"<script> [5351 bytes]","args":[{"element-6066-11e4-a52e-4f735466cecf":"f.A224BA6FA6224D464A8F44AD5BF2EA9F.d.1214CECA2000C3BDA7D7011B458392E8.e.19008","ELEMENT":"f.A224BA6FA6224D464A8F44AD5BF2EA9F.d.1214CECA2000C3BDA7D7011B458392E8.e.19008"}]}
COMMAND: POST /session/25c011aa293abf97c7913f308519c6b0/element/f.A224BA6FA6224D464A8F44AD5BF2EA9F.d.1214CECA2000C3BDA7D7011B458392E8.e.19008/click - {}
COMMAND: GET /session/25c011aa293abf97c7913f308519c6b0/screenshot - {}
RESULT: {}
RESULT: {}
COMMAND: GET /session/25c011aa293abf97c7913f308519c6b0/screenshot - {}
RESULT: {}
RESULT: {}
COMMAND: POST /session/25c011aa293abf97c7913f308519c6b0/execute/async - {"script":"<script> [1562 bytes]","args":[{"selector":{"id":"application-manageresources-display-component---newResourceUnit--TYPE-arrow"},"wdio_ui5_key":"applicationmanageresources-display-component---newResourceUnit--TYPE-arrow"}]}
RESULT: {"script":"<script> [1562 bytes]","args":[{"selector":{"id":"application-manageresources-display-component---newResourceUnit--TYPE-arrow"},"wdio_ui5_key":"applicationmanageresources-display-component---newResourceUnit--TYPE-arrow"}]}
RESULT: undefined
COMMAND: POST /session/25c011aa293abf97c7913f308519c6b0/element - {"using":"xpath","value":"//*[@id=\"application-manageresources-display-component---newResourceUnit--TYPE-arrow\"]"}
RESULT: {"using":"xpath","value":"//*[@id=\"application-manageresources-display-component---newResourceUnit--TYPE-arrow\"]"}
COMMAND: POST /session/25c011aa293abf97c7913f308519c6b0/element/f.A224BA6FA6224D464A8F44AD5BF2EA9F.d.1214CECA2000C3BDA7D7011B458392E8.e.19370/click - {}
RESULT: {}
COMMAND: POST /session/25c011aa293abf97c7913f308519c6b0/element - {"using":"xpath","value":"//input[@id=\"application-manageresources-display-component---newResourceUnit--TYPE-inner\"]"}
COMMAND: GET /session/25c011aa293abf97c7913f308519c6b0/screenshot - {}
RESULT: {"using":"xpath","value":"//input[@id=\"application-manageresources-display-component---newResourceUnit--TYPE-inner\"]"}
COMMAND: POST /session/25c011aa293abf97c7913f308519c6b0/element/f.A224BA6FA6224D464A8F44AD5BF2EA9F.d.1214CECA2000C3BDA7D7011B458392E8.e.19364/clear - {}
RESULT: {}
RESULT: {}
COMMAND: POST /session/25c011aa293abf97c7913f308519c6b0/element/f.A224BA6FA6224D464A8F44AD5BF2EA9F.d.1214CECA2000C3BDA7D7011B458392E8.e.19364/value - {"text":"Equipment"}
COMMAND: GET /session/25c011aa293abf97c7913f308519c6b0/screenshot - {}
RESULT: {"text":"Equipment"}
COMMAND: GET /session/25c011aa293abf97c7913f308519c6b0/screenshot - {}
RESULT: {}
RESULT: {}
COMMAND: POST /session/25c011aa293abf97c7913f308519c6b0/actions - {"actions":[{"id":"action68","type":"key","parameters":{},"actions":[{"type":"keyDown","value":""},{"type":"pause","duration":10},{"type":"keyUp","value":""}]}]}
RESULT: {"actions":[{"id":"action68","type":"key","parameters":{},"actions":[{"type":"keyDown","value":""},{"type":"pause","duration":10},{"type":"keyUp","value":""}]}]}
COMMAND: POST /session/25c011aa293abf97c7913f308519c6b0/execute/async - {"script":"<script> [1562 bytes]","args":[{"selector":{"id":"application-manageresources-display-component---newResourceUnit--resourceId","interaction":{"idSuffix":"inner"}},"wdio_ui5_key":"applicationmanageresources-display-component---newResourceUnit--resourceId"}]}
COMMAND: GET /session/25c011aa293abf97c7913f308519c6b0/screenshot - {}
RESULT: {"script":"<script> [1562 bytes]","args":[{"selector":{"id":"application-manageresources-display-component---newResourceUnit--resourceId","interaction":{"idSuffix":"inner"}},"wdio_ui5_key":"applicationmanageresources-display-component---newResourceUnit--resourceId"}]}
RESULT: undefined
COMMAND: POST /session/25c011aa293abf97c7913f308519c6b0/execute/async - {"script":"<script> [776 bytes]","args":[{"enterText":"pdNAbLnVW7","selector":{"id":"application-manageresources-display-component---newResourceUnit--resourceId","interaction":{"idSuffix":"inner"}},"clearTextFirst":true,"interactionType":"ENTER_TEXT"}]}
RESULT: {}
RESULT: {"script":"<script> [776 bytes]","args":[{"enterText":"pdNAbLnVW7","selector":{"id":"application-manageresources-display-component---newResourceUnit--resourceId","interaction":{"idSuffix":"inner"}},"clearTextFirst":true,"interactionType":"ENTER_TEXT"}]}
COMMAND: POST /session/25c011aa293abf97c7913f308519c6b0/execute/async - {"script":"<script> [1562 bytes]","args":[{"selector":{"id":"application-manageresources-display-component---newResourceUnit--SHORT_TEXT","interaction":{"idSuffix":"inner"}},"wdio_ui5_key":"applicationmanageresources-display-component---newResourceUnit--SHORT_TEXT"}]}
RESULT: {"script":"<script> [1562 bytes]","args":[{"selector":{"id":"application-manageresources-display-component---newResourceUnit--SHORT_TEXT","interaction":{"idSuffix":"inner"}},"wdio_ui5_key":"applicationmanageresources-display-component---newResourceUnit--SHORT_TEXT"}]}
RESULT: undefined
COMMAND: POST /session/25c011aa293abf97c7913f308519c6b0/execute/async - {"script":"<script> [776 bytes]","args":[{"enterText":"Intercompany Equipment WDIO","selector":{"id":"application-manageresources-display-component---newResourceUnit--SHORT_TEXT","interaction":{"idSuffix":"inner"}},"clearTextFirst":true,"interactionType":"ENTER_TEXT"}]}
RESULT: {"script":"<script> [776 bytes]","args":[{"enterText":"Intercompany Equipment WDIO","selector":{"id":"application-manageresources-display-component---newResourceUnit--SHORT_TEXT","interaction":{"idSuffix":"inner"}},"clearTextFirst":true,"interactionType":"ENTER_TEXT"}]}
COMMAND: POST /session/25c011aa293abf97c7913f308519c6b0/execute/async - {"script":"<script> [1562 bytes]","args":[{"selector":{"id":"application-manageresources-display-component---newResourceUnit--BASE_UNIT_OF_MEASURE","interaction":{"idSuffix":"inner"}},"wdio_ui5_key":"applicationmanageresources-display-component---newResourceUnit--BASE_UNIT_OF_MEASURE"}]}
RESULT: {"script":"<script> [1562 bytes]","args":[{"selector":{"id":"application-manageresources-display-component---newResourceUnit--BASE_UNIT_OF_MEASURE","interaction":{"idSuffix":"inner"}},"wdio_ui5_key":"applicationmanageresources-display-component---newResourceUnit--BASE_UNIT_OF_MEASURE"}]}
RESULT: undefined
COMMAND: POST /session/25c011aa293abf97c7913f308519c6b0/execute/async - {"script":"<script> [776 bytes]","args":[{"enterText":"Piece","selector":{"id":"application-manageresources-display-component---newResourceUnit--BASE_UNIT_OF_MEASURE","interaction":{"idSuffix":"inner"}},"clearTextFirst":true,"interactionType":"ENTER_TEXT"}]}
RESULT: {"script":"<script> [776 bytes]","args":[{"enterText":"Piece","selector":{"id":"application-manageresources-display-component---newResourceUnit--BASE_UNIT_OF_MEASURE","interaction":{"idSuffix":"inner"}},"clearTextFirst":true,"interactionType":"ENTER_TEXT"}]}
COMMAND: POST /session/25c011aa293abf97c7913f308519c6b0/execute/async - {"script":"<script> [1562 bytes]","args":[{"selector":{"id":"application-manageresources-display-component---newResourceUnit--WEIGHT_UNIT","interaction":{"idSuffix":"inner"}},"wdio_ui5_key":"applicationmanageresources-display-component---newResourceUnit--WEIGHT_UNIT"}]}
RESULT: {"script":"<script> [1562 bytes]","args":[{"selector":{"id":"application-manageresources-display-component---newResourceUnit--WEIGHT_UNIT","interaction":{"idSuffix":"inner"}},"wdio_ui5_key":"applicationmanageresources-display-component---newResourceUnit--WEIGHT_UNIT"}]}
RESULT: undefined
COMMAND: POST /session/25c011aa293abf97c7913f308519c6b0/execute/async - {"script":"<script> [776 bytes]","args":[{"enterText":"Gram","selector":{"id":"application-manageresources-display-component---newResourceUnit--WEIGHT_UNIT","interaction":{"idSuffix":"inner"}},"clearTextFirst":true,"interactionType":"ENTER_TEXT"}]}
RESULT: {"script":"<script> [776 bytes]","args":[{"enterText":"Gram","selector":{"id":"application-manageresources-display-component---newResourceUnit--WEIGHT_UNIT","interaction":{"idSuffix":"inner"}},"clearTextFirst":true,"interactionType":"ENTER_TEXT"}]}
COMMAND: POST /session/25c011aa293abf97c7913f308519c6b0/execute/async - {"script":"<script> [1562 bytes]","args":[{"selector":{"id":"application-manageresources-display-component---newResourceUnit--DIMENSION_UNIT","interaction":{"idSuffix":"inner"}},"wdio_ui5_key":"applicationmanageresources-display-component---newResourceUnit--DIMENSION_UNIT"}]}
RESULT: {"script":"<script> [1562 bytes]","args":[{"selector":{"id":"application-manageresources-display-component---newResourceUnit--DIMENSION_UNIT","interaction":{"idSuffix":"inner"}},"wdio_ui5_key":"applicationmanageresources-display-component---newResourceUnit--DIMENSION_UNIT"}]}
RESULT: undefined
COMMAND: POST /session/25c011aa293abf97c7913f308519c6b0/execute/async - {"script":"<script> [776 bytes]","args":[{"enterText":"Meter","selector":{"id":"application-manageresources-display-component---newResourceUnit--DIMENSION_UNIT","interaction":{"idSuffix":"inner"}},"clearTextFirst":true,"interactionType":"ENTER_TEXT"}]}
RESULT: {"script":"<script> [776 bytes]","args":[{"enterText":"Meter","selector":{"id":"application-manageresources-display-component---newResourceUnit--DIMENSION_UNIT","interaction":{"idSuffix":"inner"}},"clearTextFirst":true,"interactionType":"ENTER_TEXT"}]}
COMMAND: POST /session/25c011aa293abf97c7913f308519c6b0/execute/async - {"script":"<script> [1562 bytes]","args":[{"selector":{"id":"application-manageresources-display-component---newResourceUnit--newRRUPage-anchBar-application-manageresources-display-component---newResourceUnit--control-anchor","interaction":{"idSuffix":"BDI-content"}},"wdio_ui5_key":"applicationmanageresources-display-component---newResourceUnit--newRRUPage-anchBar-application-manageresources-display-component---newResourceUnit--control-anchor"}]}
RESULT: {"script":"<script> [1562 bytes]","args":[{"selector":{"id":"application-manageresources-display-component---newResourceUnit--newRRUPage-anchBar-application-manageresources-display-component---newResourceUnit--control-anchor","interaction":{"idSuffix":"BDI-content"}},"wdio_ui5_key":"applicationmanageresources-display-component---newResourceUnit--newRRUPage-anchBar-application-manageresources-display-component---newResourceUnit--control-anchor"}]}
RESULT: undefined
COMMAND: POST /session/25c011aa293abf97c7913f308519c6b0/element - {"using":"xpath","value":"//*[@id=\"application-manageresources-display-component---newResourceUnit--newRRUPage-anchBar-application-manageresources-display-component---newResourceUnit--control-anchor\"]"}
RESULT: {"using":"xpath","value":"//*[@id=\"application-manageresources-display-component---newResourceUnit--newRRUPage-anchBar-application-manageresources-display-component---newResourceUnit--control-anchor\"]"}
COMMAND: POST /session/25c011aa293abf97c7913f308519c6b0/element/f.A224BA6FA6224D464A8F44AD5BF2EA9F.d.1214CECA2000C3BDA7D7011B458392E8.e.19530/click - {}
RESULT: {}
COMMAND: POST /session/25c011aa293abf97c7913f308519c6b0/execute/async - {"script":"<script> [1562 bytes]","args":[{"selector":{"id":"application-manageresources-display-component---newResourceUnit--PLANNING_GROUP","interaction":{"idSuffix":"inner"}},"wdio_ui5_key":"applicationmanageresources-display-component---newResourceUnit--PLANNING_GROUP"}]}
COMMAND: GET /session/25c011aa293abf97c7913f308519c6b0/screenshot - {}
RESULT: {"script":"<script> [1562 bytes]","args":[{"selector":{"id":"application-manageresources-display-component---newResourceUnit--PLANNING_GROUP","interaction":{"idSuffix":"inner"}},"wdio_ui5_key":"applicationmanageresources-display-component---newResourceUnit--PLANNING_GROUP"}]}
RESULT: undefined
COMMAND: POST /session/25c011aa293abf97c7913f308519c6b0/execute/async - {"script":"<script> [776 bytes]","args":[{"enterText":"Heavy Equi","selector":{"id":"application-manageresources-display-component---newResourceUnit--PLANNING_GROUP","interaction":{"idSuffix":"inner"}},"clearTextFirst":true,"interactionType":"ENTER_TEXT"}]}
RESULT: {}
RESULT: {"script":"<script> [776 bytes]","args":[{"enterText":"Heavy Equi","selector":{"id":"application-manageresources-display-component---newResourceUnit--PLANNING_GROUP","interaction":{"idSuffix":"inner"}},"clearTextFirst":true,"interactionType":"ENTER_TEXT"}]}
COMMAND: POST /session/25c011aa293abf97c7913f308519c6b0/execute/async - {"script":"<script> [1562 bytes]","args":[{"selector":{"id":"application-manageresources-display-component---newResourceUnit--ITEM_TYPE-arrow"},"wdio_ui5_key":"applicationmanageresources-display-component---newResourceUnit--ITEM_TYPE-arrow"}]}
RESULT: {"script":"<script> [1562 bytes]","args":[{"selector":{"id":"application-manageresources-display-component---newResourceUnit--ITEM_TYPE-arrow"},"wdio_ui5_key":"applicationmanageresources-display-component---newResourceUnit--ITEM_TYPE-arrow"}]}
RESULT: undefined
COMMAND: POST /session/25c011aa293abf97c7913f308519c6b0/element - {"using":"xpath","value":"//*[@id=\"application-manageresources-display-component---newResourceUnit--ITEM_TYPE-arrow\"]"}
RESULT: {"using":"xpath","value":"//*[@id=\"application-manageresources-display-component---newResourceUnit--ITEM_TYPE-arrow\"]"}
COMMAND: POST /session/25c011aa293abf97c7913f308519c6b0/element/f.A224BA6FA6224D464A8F44AD5BF2EA9F.d.1214CECA2000C3BDA7D7011B458392E8.e.19539/click - {}
RESULT: {}
COMMAND: POST /session/25c011aa293abf97c7913f308519c6b0/element - {"using":"xpath","value":"//ul[contains(@id,\"ITEM_TYPE-popup-list-listUl\")]//li[.//span[contains(text(),\"Resource Unit\")]]"}
COMMAND: GET /session/25c011aa293abf97c7913f308519c6b0/screenshot - {}
RESULT: {"using":"xpath","value":"//ul[contains(@id,\"ITEM_TYPE-popup-list-listUl\")]//li[.//span[contains(text(),\"Resource Unit\")]]"}
COMMAND: POST /session/25c011aa293abf97c7913f308519c6b0/element/f.A224BA6FA6224D464A8F44AD5BF2EA9F.d.1214CECA2000C3BDA7D7011B458392E8.e.19540/click - {}
RESULT: {}
RESULT: {}
COMMAND: GET /session/25c011aa293abf97c7913f308519c6b0/screenshot - {}
RESULT: {}
COMMAND: POST /session/25c011aa293abf97c7913f308519c6b0/element - {"using":"css selector","value":"#application-manageresources-display-component---newResourceUnit--btnAddTimeSegment"}
RESULT: {"using":"css selector","value":"#application-manageresources-display-component---newResourceUnit--btnAddTimeSegment"}
COMMAND: GET /session/25c011aa293abf97c7913f308519c6b0/element/f.A224BA6FA6224D464A8F44AD5BF2EA9F.d.1214CECA2000C3BDA7D7011B458392E8.e.19548/rect - {}
RESULT: {}
COMMAND: GET /session/25c011aa293abf97c7913f308519c6b0/window/rect - {}
RESULT: {}
COMMAND: POST /session/25c011aa293abf97c7913f308519c6b0/execute/sync - {"script":"<script> [92 bytes]","args":[]}
RESULT: {"script":"<script> [92 bytes]","args":[]}
COMMAND: POST /session/25c011aa293abf97c7913f308519c6b0/actions - {"actions":[{"id":"action69","type":"wheel","parameters":{},"actions":[{"type":"scroll","x":-1888,"y":-32,"deltaX":0,"deltaY":0,"duration":0,"origin":{"element-6066-11e4-a52e-4f735466cecf":"f.A224BA6FA6224D464A8F44AD5BF2EA9F.d.1214CECA2000C3BDA7D7011B458392E8.e.19548"}}]}]}
COMMAND: GET /session/25c011aa293abf97c7913f308519c6b0/screenshot - {}
RESULT: {}
COMMAND: POST /session/25c011aa293abf97c7913f308519c6b0/execute/sync - {"script":"<script> [79 bytes]","args":[{"element-6066-11e4-a52e-4f735466cecf":"f.A224BA6FA6224D464A8F44AD5BF2EA9F.d.1214CECA2000C3BDA7D7011B458392E8.e.19548","ELEMENT":"f.A224BA6FA6224D464A8F44AD5BF2EA9F.d.1214CECA2000C3BDA7D7011B458392E8.e.19548"},{"block":"start","inline":"nearest"}]}
RESULT: {"script":"<script> [79 bytes]","args":[{"element-6066-11e4-a52e-4f735466cecf":"f.A224BA6FA6224D464A8F44AD5BF2EA9F.d.1214CECA2000C3BDA7D7011B458392E8.e.19548","ELEMENT":"f.A224BA6FA6224D464A8F44AD5BF2EA9F.d.1214CECA2000C3BDA7D7011B458392E8.e.19548"},{"block":"start","inline":"nearest"}]}
COMMAND: POST /session/25c011aa293abf97c7913f308519c6b0/execute/async - {"script":"<script> [1562 bytes]","args":[{"selector":{"id":"application-manageresources-display-component---newResourceUnit--btnAddTimeSegment","interaction":{"idSuffix":"inner"}},"wdio_ui5_key":"applicationmanageresources-display-component---newResourceUnit--btnAddTimeSegment"}]}
COMMAND: GET /session/25c011aa293abf97c7913f308519c6b0/screenshot - {}
RESULT: {"script":"<script> [1562 bytes]","args":[{"selector":{"id":"application-manageresources-display-component---newResourceUnit--btnAddTimeSegment","interaction":{"idSuffix":"inner"}},"wdio_ui5_key":"applicationmanageresources-display-component---newResourceUnit--btnAddTimeSegment"}]}
RESULT: undefined
COMMAND: POST /session/25c011aa293abf97c7913f308519c6b0/element - {"using":"xpath","value":"//*[@id=\"application-manageresources-display-component---newResourceUnit--btnAddTimeSegment\"]"}
RESULT: {}
RESULT: {"using":"xpath","value":"//*[@id=\"application-manageresources-display-component---newResourceUnit--btnAddTimeSegment\"]"}
COMMAND: POST /session/25c011aa293abf97c7913f308519c6b0/element/f.A224BA6FA6224D464A8F44AD5BF2EA9F.d.1214CECA2000C3BDA7D7011B458392E8.e.19548/click - {}
RESULT: {}
COMMAND: GET /session/25c011aa293abf97c7913f308519c6b0/screenshot - {}
RESULT: {}
COMMAND: POST /session/25c011aa293abf97c7913f308519c6b0/element - {"using":"xpath","value":"//input[@id=\"application-manageresources-display-component---newResourceUnit--idRuTSAdmin-application-manageresources-display-component---newResourceUnit--RUTimeSegment-0-inner\"]"}
RESULT: {"using":"xpath","value":"//input[@id=\"application-manageresources-display-component---newResourceUnit--idRuTSAdmin-application-manageresources-display-component---newResourceUnit--RUTimeSegment-0-inner\"]"}
COMMAND: POST /session/25c011aa293abf97c7913f308519c6b0/element/f.A224BA6FA6224D464A8F44AD5BF2EA9F.d.1214CECA2000C3BDA7D7011B458392E8.e.19554/clear - {}
RESULT: {}
COMMAND: POST /session/25c011aa293abf97c7913f308519c6b0/element/f.A224BA6FA6224D464A8F44AD5BF2EA9F.d.1214CECA2000C3BDA7D7011B458392E8.e.19554/value - {"text":"244"}
COMMAND: GET /session/25c011aa293abf97c7913f308519c6b0/screenshot - {}
RESULT: {"text":"244"}
COMMAND: GET /session/25c011aa293abf97c7913f308519c6b0/screenshot - {}
RESULT: {}
RESULT: {}
COMMAND: POST /session/25c011aa293abf97c7913f308519c6b0/element - {"using":"xpath","value":"//li[.//span[text()='244']]"}
RESULT: {"using":"xpath","value":"//li[.//span[text()='244']]"}
COMMAND: POST /session/25c011aa293abf97c7913f308519c6b0/element/f.A224BA6FA6224D464A8F44AD5BF2EA9F.d.1214CECA2000C3BDA7D7011B458392E8.e.19566/click - {}
RESULT: {}
COMMAND: GET /session/25c011aa293abf97c7913f308519c6b0/screenshot - {}
RESULT: {}
COMMAND: POST /session/25c011aa293abf97c7913f308519c6b0/element - {"using":"xpath","value":"(//span[contains(@id, \"-application-manageresources-display-component---newResourceUnit--RUTimeSegment-0-arrow\")])[6]"}
RESULT: {"using":"xpath","value":"(//span[contains(@id, \"-application-manageresources-display-component---newResourceUnit--RUTimeSegment-0-arrow\")])[6]"}
COMMAND: POST /session/25c011aa293abf97c7913f308519c6b0/element/f.A224BA6FA6224D464A8F44AD5BF2EA9F.d.1214CECA2000C3BDA7D7011B458392E8.e.19567/click - {}
RESULT: {}
COMMAND: GET /session/25c011aa293abf97c7913f308519c6b0/screenshot - {}
RESULT: {}
COMMAND: POST /session/25c011aa293abf97c7913f308519c6b0/element - {"using":"xpath","value":"//span[contains(text(), \"PM Order\")]"}
RESULT: {"using":"xpath","value":"//span[contains(text(), \"PM Order\")]"}
COMMAND: POST /session/25c011aa293abf97c7913f308519c6b0/element/f.A224BA6FA6224D464A8F44AD5BF2EA9F.d.1214CECA2000C3BDA7D7011B458392E8.e.19570/click - {}
RESULT: {}
COMMAND: GET /session/25c011aa293abf97c7913f308519c6b0/screenshot - {}
RESULT: {}
COMMAND: POST /session/25c011aa293abf97c7913f308519c6b0/element - {"using":"xpath","value":"(//span[contains(@id ,\"manageresources-display-component---newResourceUnit--RUTimeSegment-0-vhi\")])[1]"}
RESULT: {"using":"xpath","value":"(//span[contains(@id ,\"manageresources-display-component---newResourceUnit--RUTimeSegment-0-vhi\")])[1]"}
COMMAND: GET /session/25c011aa293abf97c7913f308519c6b0/element/f.A224BA6FA6224D464A8F44AD5BF2EA9F.d.1214CECA2000C3BDA7D7011B458392E8.e.19574/rect - {}
RESULT: {}
COMMAND: GET /session/25c011aa293abf97c7913f308519c6b0/window/rect - {}
RESULT: {}
COMMAND: POST /session/25c011aa293abf97c7913f308519c6b0/execute/sync - {"script":"<script> [92 bytes]","args":[]}
RESULT: {"script":"<script> [92 bytes]","args":[]}
COMMAND: POST /session/25c011aa293abf97c7913f308519c6b0/actions - {"actions":[{"id":"action70","type":"wheel","parameters":{},"actions":[{"type":"scroll","x":-869,"y":-24,"deltaX":0,"deltaY":0,"duration":0,"origin":{"element-6066-11e4-a52e-4f735466cecf":"f.A224BA6FA6224D464A8F44AD5BF2EA9F.d.1214CECA2000C3BDA7D7011B458392E8.e.19574"}}]}]}
COMMAND: GET /session/25c011aa293abf97c7913f308519c6b0/screenshot - {}
RESULT: {"actions":[{"id":"action70","type":"wheel","parameters":{},"actions":[{"type":"scroll","x":-869,"y":-24,"deltaX":0,"deltaY":0,"duration":0,"origin":{"element-6066-11e4-a52e-4f735466cecf":"f.A224BA6FA6224D464A8F44AD5BF2EA9F.d.1214CECA2000C3BDA7D7011B458392E8.e.19574"}}]}]}
COMMAND: DELETE /session/25c011aa293abf97c7913f308519c6b0/actions - {}
COMMAND: GET /session/25c011aa293abf97c7913f308519c6b0/screenshot - {}
RESULT: {}
RESULT: {}
COMMAND: GET /session/25c011aa293abf97c7913f308519c6b0/screenshot - {}
RESULT: {}
RESULT: {}
COMMAND: POST /session/25c011aa293abf97c7913f308519c6b0/element/f.A224BA6FA6224D464A8F44AD5BF2EA9F.d.1214CECA2000C3BDA7D7011B458392E8.e.19574/click - {}
RESULT: {}
COMMAND: GET /session/25c011aa293abf97c7913f308519c6b0/screenshot - {}
RESULT: {}
COMMAND: POST /session/25c011aa293abf97c7913f308519c6b0/execute/async - {"script":"<script> [1562 bytes]","args":[{"selector":{"controlType":"sap.m.SearchField","properties":{"placeholder":"Search"},"searchOpenDialogs":true,"interaction":{"idSuffix":"I"}},"wdio_ui5_key":"sapm.SearchField{\"placeholder\":\"Search\"}"}]}
RESULT: {"script":"<script> [1562 bytes]","args":[{"selector":{"controlType":"sap.m.SearchField","properties":{"placeholder":"Search"},"searchOpenDialogs":true,"interaction":{"idSuffix":"I"}},"wdio_ui5_key":"sapm.SearchField{\"placeholder\":\"Search\"}"}]}
RESULT: undefined
COMMAND: POST /session/25c011aa293abf97c7913f308519c6b0/execute/async - {"script":"<script> [776 bytes]","args":[{"enterText":"4000360","selector":{"controlType":"sap.m.SearchField","properties":{"placeholder":"Search"},"searchOpenDialogs":true,"interaction":{"idSuffix":"I"}},"clearTextFirst":true,"interactionType":"ENTER_TEXT"}]}
RESULT: {"script":"<script> [776 bytes]","args":[{"enterText":"4000360","selector":{"controlType":"sap.m.SearchField","properties":{"placeholder":"Search"},"searchOpenDialogs":true,"interaction":{"idSuffix":"I"}},"clearTextFirst":true,"interactionType":"ENTER_TEXT"}]}
COMMAND: POST /session/25c011aa293abf97c7913f308519c6b0/actions - {"actions":[{"id":"action71","type":"key","parameters":{},"actions":[{"type":"keyDown","value":""},{"type":"pause","duration":10},{"type":"keyUp","value":""}]}]}
RESULT: {"actions":[{"id":"action71","type":"key","parameters":{},"actions":[{"type":"keyDown","value":""},{"type":"pause","duration":10},{"type":"keyUp","value":""}]}]}
COMMAND: GET /session/25c011aa293abf97c7913f308519c6b0/screenshot - {}
RESULT: {}
COMMAND: POST /session/25c011aa293abf97c7913f308519c6b0/element - {"using":"xpath","value":"//td/div/span[contains(text(), \"BGL Vehicles\")]"}
RESULT: {"using":"xpath","value":"//td/div/span[contains(text(), \"BGL Vehicles\")]"}
COMMAND: POST /session/25c011aa293abf97c7913f308519c6b0/element/f.A224BA6FA6224D464A8F44AD5BF2EA9F.d.1214CECA2000C3BDA7D7011B458392E8.e.19596/click - {}
RESULT: {}
COMMAND: GET /session/25c011aa293abf97c7913f308519c6b0/screenshot - {}
RESULT: {}
COMMAND: POST /session/25c011aa293abf97c7913f308519c6b0/element - {"using":"xpath","value":"//bdi[contains(text(), \"OK\")]"}
RESULT: {"using":"xpath","value":"//bdi[contains(text(), \"OK\")]"}
COMMAND: POST /session/25c011aa293abf97c7913f308519c6b0/element/f.A224BA6FA6224D464A8F44AD5BF2EA9F.d.1214CECA2000C3BDA7D7011B458392E8.e.19597/click - {}
RESULT: {}
COMMAND: GET /session/25c011aa293abf97c7913f308519c6b0/screenshot - {}
RESULT: {}
COMMAND: POST /session/25c011aa293abf97c7913f308519c6b0/execute/async - {"script":"<script> [1562 bytes]","args":[{"selector":{"id":"application-manageresources-display-component---newResourceUnit--newRRUPage-anchBar-application-manageresources-display-component---newResourceUnit--resource-anchor","interaction":{"idSuffix":"BDI-content"}},"wdio_ui5_key":"applicationmanageresources-display-component---newResourceUnit--newRRUPage-anchBar-application-manageresources-display-component---newResourceUnit--resource-anchor"}]}
RESULT: {"script":"<script> [1562 bytes]","args":[{"selector":{"id":"application-manageresources-display-component---newResourceUnit--newRRUPage-anchBar-application-manageresources-display-component---newResourceUnit--resource-anchor","interaction":{"idSuffix":"BDI-content"}},"wdio_ui5_key":"applicationmanageresources-display-component---newResourceUnit--newRRUPage-anchBar-application-manageresources-display-component---newResourceUnit--resource-anchor"}]}
RESULT: undefined
COMMAND: POST /session/25c011aa293abf97c7913f308519c6b0/element - {"using":"xpath","value":"//*[@id=\"application-manageresources-display-component---newResourceUnit--newRRUPage-anchBar-application-manageresources-display-component---newResourceUnit--resource-anchor\"]"}
RESULT: {"using":"xpath","value":"//*[@id=\"application-manageresources-display-component---newResourceUnit--newRRUPage-anchBar-application-manageresources-display-component---newResourceUnit--resource-anchor\"]"}
COMMAND: POST /session/25c011aa293abf97c7913f308519c6b0/element/f.A224BA6FA6224D464A8F44AD5BF2EA9F.d.1214CECA2000C3BDA7D7011B458392E8.e.19601/click - {}
RESULT: {}
COMMAND: POST /session/25c011aa293abf97c7913f308519c6b0/execute/async - {"script":"<script> [1562 bytes]","args":[{"selector":{"id":"application-manageresources-display-component---newResourceUnit--PLANNED_DELIVERY_DATE","interaction":{"idSuffix":"inner"}},"wdio_ui5_key":"applicationmanageresources-display-component---newResourceUnit--PLANNED_DELIVERY_DATE"}]}
COMMAND: GET /session/25c011aa293abf97c7913f308519c6b0/screenshot - {}
RESULT: {"script":"<script> [1562 bytes]","args":[{"selector":{"id":"application-manageresources-display-component---newResourceUnit--PLANNED_DELIVERY_DATE","interaction":{"idSuffix":"inner"}},"wdio_ui5_key":"applicationmanageresources-display-component---newResourceUnit--PLANNED_DELIVERY_DATE"}]}
RESULT: undefined
COMMAND: POST /session/25c011aa293abf97c7913f308519c6b0/execute/async - {"script":"<script> [6424 bytes]","args":[{"element-6066-11e4-a52e-4f735466cecf":"f.A224BA6FA6224D464A8F44AD5BF2EA9F.d.1214CECA2000C3BDA7D7011B458392E8.e.19428"},"setValue",["6/13/25"]]}
RESULT: {}
RESULT: {"script":"<script> [6424 bytes]","args":[{"element-6066-11e4-a52e-4f735466cecf":"f.A224BA6FA6224D464A8F44AD5BF2EA9F.d.1214CECA2000C3BDA7D7011B458392E8.e.19428"},"setValue",["6/13/25"]]}
COMMAND: POST /session/25c011aa293abf97c7913f308519c6b0/element - {"using":"xpath","value":"//label[contains(@class, 'sapMLabelRequired') and .//bdi[contains(text(), 'Planned Retirement')]]"}
RESULT: {"using":"xpath","value":"//label[contains(@class, 'sapMLabelRequired') and .//bdi[contains(text(), 'Planned Retirement')]]"}
COMMAND: POST /session/25c011aa293abf97c7913f308519c6b0/elements - {"using":"xpath","value":"//label[contains(@class, 'sapMLabelRequired') and .//bdi[contains(text(), 'Planned Retirement')]]"}
RESULT: {"using":"xpath","value":"//label[contains(@class, 'sapMLabelRequired') and .//bdi[contains(text(), 'Planned Retirement')]]"}
COMMAND: POST /session/25c011aa293abf97c7913f308519c6b0/element - {"using":"xpath","value":"//button[@data-kt=\"resourceUnitSaveButton\"]"}
RESULT: {"using":"xpath","value":"//button[@data-kt=\"resourceUnitSaveButton\"]"}
COMMAND: POST /session/25c011aa293abf97c7913f308519c6b0/element/f.A224BA6FA6224D464A8F44AD5BF2EA9F.d.1214CECA2000C3BDA7D7011B458392E8.e.19388/click - {}
RESULT: {}
COMMAND: GET /session/25c011aa293abf97c7913f308519c6b0/screenshot - {}
RESULT: {}
COMMAND: POST /session/25c011aa293abf97c7913f308519c6b0/element - {"using":"xpath","value":"//bdi[contains(text(), \"Close\")]"}
RESULT: {"using":"xpath","value":"//bdi[contains(text(), \"Close\")]"}
COMMAND: POST /session/25c011aa293abf97c7913f308519c6b0/element/f.A224BA6FA6224D464A8F44AD5BF2EA9F.d.1214CECA2000C3BDA7D7011B458392E8.e.19609/click - {}
RESULT: {}
COMMAND: GET /session/25c011aa293abf97c7913f308519c6b0/screenshot - {}
RESULT: {}
COMMAND: POST /session/25c011aa293abf97c7913f308519c6b0/element - {"using":"xpath","value":"(//button[contains(@id ,\"actionsToolbar-overflowButton\")])[1]"}
RESULT: {"using":"xpath","value":"(//button[contains(@id ,\"actionsToolbar-overflowButton\")])[1]"}
COMMAND: POST /session/25c011aa293abf97c7913f308519c6b0/element/f.A224BA6FA6224D464A8F44AD5BF2EA9F.d.1214CECA2000C3BDA7D7011B458392E8.e.19667/click - {}
RESULT: {}
COMMAND: GET /session/25c011aa293abf97c7913f308519c6b0/screenshot - {}
RESULT: {}
COMMAND: POST /session/25c011aa293abf97c7913f308519c6b0/element - {"using":"xpath","value":"//button[@data-kt=\"priceInfoButton\"]"}
RESULT: {"using":"xpath","value":"//button[@data-kt=\"priceInfoButton\"]"}
COMMAND: POST /session/25c011aa293abf97c7913f308519c6b0/element/f.A224BA6FA6224D464A8F44AD5BF2EA9F.d.1214CECA2000C3BDA7D7011B458392E8.e.19669/click - {}
RESULT: {}
COMMAND: GET /session/25c011aa293abf97c7913f308519c6b0/screenshot - {}
]]></system-out>
    </testcase>
    <testcase classname="chrome.137_0_7151_69.windows.Billing_Calculation_-_Time_based_(considering_transport_times)_US139738" name="Should create new pricing rule for the equipment" time="59.165">
      <system-out><![CDATA[
COMMAND: POST /session/25c011aa293abf97c7913f308519c6b0/element - {"using":"xpath","value":"//button[@data-kt=\"addButton\"]"}
RESULT: {}
RESULT: {"using":"xpath","value":"//button[@data-kt=\"addButton\"]"}
COMMAND: POST /session/25c011aa293abf97c7913f308519c6b0/elements - {"using":"xpath","value":"//button[@data-kt=\"addButton\"]"}
RESULT: {"using":"xpath","value":"//button[@data-kt=\"addButton\"]"}
COMMAND: POST /session/25c011aa293abf97c7913f308519c6b0/execute/sync - {"script":"<script> [8489 bytes]","args":[{"element-6066-11e4-a52e-4f735466cecf":"f.A224BA6FA6224D464A8F44AD5BF2EA9F.d.1214CECA2000C3BDA7D7011B458392E8.e.19716","ELEMENT":"f.A224BA6FA6224D464A8F44AD5BF2EA9F.d.1214CECA2000C3BDA7D7011B458392E8.e.19716"}]}
RESULT: {"script":"<script> [8489 bytes]","args":[{"element-6066-11e4-a52e-4f735466cecf":"f.A224BA6FA6224D464A8F44AD5BF2EA9F.d.1214CECA2000C3BDA7D7011B458392E8.e.19716","ELEMENT":"f.A224BA6FA6224D464A8F44AD5BF2EA9F.d.1214CECA2000C3BDA7D7011B458392E8.e.19716"}]}
COMMAND: GET /session/25c011aa293abf97c7913f308519c6b0/element/f.A224BA6FA6224D464A8F44AD5BF2EA9F.d.1214CECA2000C3BDA7D7011B458392E8.e.19716/enabled - {}
COMMAND: GET /session/25c011aa293abf97c7913f308519c6b0/screenshot - {}
RESULT: {}
COMMAND: POST /session/25c011aa293abf97c7913f308519c6b0/execute/sync - {"script":"<script> [8489 bytes]","args":[{"element-6066-11e4-a52e-4f735466cecf":"f.A224BA6FA6224D464A8F44AD5BF2EA9F.d.1214CECA2000C3BDA7D7011B458392E8.e.19716","ELEMENT":"f.A224BA6FA6224D464A8F44AD5BF2EA9F.d.1214CECA2000C3BDA7D7011B458392E8.e.19716"}]}
COMMAND: GET /session/25c011aa293abf97c7913f308519c6b0/screenshot - {}
RESULT: {}
RESULT: {"script":"<script> [8489 bytes]","args":[{"element-6066-11e4-a52e-4f735466cecf":"f.A224BA6FA6224D464A8F44AD5BF2EA9F.d.1214CECA2000C3BDA7D7011B458392E8.e.19716","ELEMENT":"f.A224BA6FA6224D464A8F44AD5BF2EA9F.d.1214CECA2000C3BDA7D7011B458392E8.e.19716"}]}
COMMAND: POST /session/25c011aa293abf97c7913f308519c6b0/execute/sync - {"script":"<script> [5351 bytes]","args":[{"element-6066-11e4-a52e-4f735466cecf":"f.A224BA6FA6224D464A8F44AD5BF2EA9F.d.1214CECA2000C3BDA7D7011B458392E8.e.19716","ELEMENT":"f.A224BA6FA6224D464A8F44AD5BF2EA9F.d.1214CECA2000C3BDA7D7011B458392E8.e.19716"}]}
COMMAND: GET /session/25c011aa293abf97c7913f308519c6b0/screenshot - {}
RESULT: {}
RESULT: {"script":"<script> [5351 bytes]","args":[{"element-6066-11e4-a52e-4f735466cecf":"f.A224BA6FA6224D464A8F44AD5BF2EA9F.d.1214CECA2000C3BDA7D7011B458392E8.e.19716","ELEMENT":"f.A224BA6FA6224D464A8F44AD5BF2EA9F.d.1214CECA2000C3BDA7D7011B458392E8.e.19716"}]}
COMMAND: POST /session/25c011aa293abf97c7913f308519c6b0/element/f.A224BA6FA6224D464A8F44AD5BF2EA9F.d.1214CECA2000C3BDA7D7011B458392E8.e.19716/click - {}
COMMAND: GET /session/25c011aa293abf97c7913f308519c6b0/screenshot - {}
RESULT: {}
RESULT: {}
COMMAND: GET /session/25c011aa293abf97c7913f308519c6b0/screenshot - {}
RESULT: {}
RESULT: {}
COMMAND: POST /session/25c011aa293abf97c7913f308519c6b0/execute/async - {"script":"<script> [1562 bytes]","args":[{"selector":{"controlType":"sap.m.Title","viewName":"etm.portal.ui.managepricingrules.view.NewItem","viewId":"application-managepricingrules-display-component---newInfoPriceItem","properties":{"text":"New Pricing Rules - Item Level"}},"wdio_ui5_key":"etmportal.ui.managepricingrules.view.NewItemsap.m.Title{\"text\":\"New Pricing Rules - Item Level\"}"}]}
RESULT: {"script":"<script> [1562 bytes]","args":[{"selector":{"controlType":"sap.m.Title","viewName":"etm.portal.ui.managepricingrules.view.NewItem","viewId":"application-managepricingrules-display-component---newInfoPriceItem","properties":{"text":"New Pricing Rules - Item Level"}},"wdio_ui5_key":"etmportal.ui.managepricingrules.view.NewItemsap.m.Title{\"text\":\"New Pricing Rules - Item Level\"}"}]}
RESULT: undefined
COMMAND: POST /session/25c011aa293abf97c7913f308519c6b0/execute/async - {"script":"<script> [6424 bytes]","args":[{"element-6066-11e4-a52e-4f735466cecf":"f.A224BA6FA6224D464A8F44AD5BF2EA9F.d.1214CECA2000C3BDA7D7011B458392E8.e.19900"},"getText",[]]}
RESULT: {"script":"<script> [6424 bytes]","args":[{"element-6066-11e4-a52e-4f735466cecf":"f.A224BA6FA6224D464A8F44AD5BF2EA9F.d.1214CECA2000C3BDA7D7011B458392E8.e.19900"},"getText",[]]}
COMMAND: POST /session/25c011aa293abf97c7913f308519c6b0/execute/async - {"script":"<script> [1562 bytes]","args":[{"selector":{"id":"application-managepricingrules-display-component---newInfoPriceItem--condValidTo","interaction":{"idSuffix":"inner"}},"wdio_ui5_key":"applicationmanagepricingrules-display-component---newInfoPriceItem--condValidTo"}]}
RESULT: {"script":"<script> [1562 bytes]","args":[{"selector":{"id":"application-managepricingrules-display-component---newInfoPriceItem--condValidTo","interaction":{"idSuffix":"inner"}},"wdio_ui5_key":"applicationmanagepricingrules-display-component---newInfoPriceItem--condValidTo"}]}
RESULT: undefined
COMMAND: POST /session/25c011aa293abf97c7913f308519c6b0/execute/async - {"script":"<script> [776 bytes]","args":[{"enterText":"2/13/26","selector":{"id":"application-managepricingrules-display-component---newInfoPriceItem--condValidTo","interaction":{"idSuffix":"inner"}},"clearTextFirst":true,"interactionType":"ENTER_TEXT"}]}
RESULT: {"script":"<script> [776 bytes]","args":[{"enterText":"2/13/26","selector":{"id":"application-managepricingrules-display-component---newInfoPriceItem--condValidTo","interaction":{"idSuffix":"inner"}},"clearTextFirst":true,"interactionType":"ENTER_TEXT"}]}
COMMAND: POST /session/25c011aa293abf97c7913f308519c6b0/execute/async - {"script":"<script> [1562 bytes]","args":[{"selector":{"id":"application-managepricingrules-display-component---newInfoPriceItem--billType-arrow"},"wdio_ui5_key":"applicationmanagepricingrules-display-component---newInfoPriceItem--billType-arrow"}]}
RESULT: {"script":"<script> [1562 bytes]","args":[{"selector":{"id":"application-managepricingrules-display-component---newInfoPriceItem--billType-arrow"},"wdio_ui5_key":"applicationmanagepricingrules-display-component---newInfoPriceItem--billType-arrow"}]}
RESULT: undefined
COMMAND: POST /session/25c011aa293abf97c7913f308519c6b0/element - {"using":"xpath","value":"//*[@id=\"application-managepricingrules-display-component---newInfoPriceItem--billType-arrow\"]"}
RESULT: {"using":"xpath","value":"//*[@id=\"application-managepricingrules-display-component---newInfoPriceItem--billType-arrow\"]"}
COMMAND: POST /session/25c011aa293abf97c7913f308519c6b0/element/f.A224BA6FA6224D464A8F44AD5BF2EA9F.d.1214CECA2000C3BDA7D7011B458392E8.e.19860/click - {}
RESULT: {}
COMMAND: POST /session/25c011aa293abf97c7913f308519c6b0/element - {"using":"xpath","value":"//span[contains(text(), \"TB - Time based\")]"}
COMMAND: GET /session/25c011aa293abf97c7913f308519c6b0/screenshot - {}
RESULT: {"using":"xpath","value":"//span[contains(text(), \"TB - Time based\")]"}
COMMAND: POST /session/25c011aa293abf97c7913f308519c6b0/element/f.A224BA6FA6224D464A8F44AD5BF2EA9F.d.1214CECA2000C3BDA7D7011B458392E8.e.19902/click - {}
RESULT: {}
RESULT: {}
COMMAND: POST /session/25c011aa293abf97c7913f308519c6b0/execute/async - {"script":"<script> [1562 bytes]","args":[{"selector":{"id":"application-managepricingrules-display-component---newInfoPriceItem--priceProc-arrow"},"wdio_ui5_key":"applicationmanagepricingrules-display-component---newInfoPriceItem--priceProc-arrow"}]}
COMMAND: GET /session/25c011aa293abf97c7913f308519c6b0/screenshot - {}
RESULT: {"script":"<script> [1562 bytes]","args":[{"selector":{"id":"application-managepricingrules-display-component---newInfoPriceItem--priceProc-arrow"},"wdio_ui5_key":"applicationmanagepricingrules-display-component---newInfoPriceItem--priceProc-arrow"}]}
RESULT: undefined
COMMAND: POST /session/25c011aa293abf97c7913f308519c6b0/element - {"using":"xpath","value":"//*[@id=\"application-managepricingrules-display-component---newInfoPriceItem--priceProc-arrow\"]"}
RESULT: {}
RESULT: {"using":"xpath","value":"//*[@id=\"application-managepricingrules-display-component---newInfoPriceItem--priceProc-arrow\"]"}
COMMAND: POST /session/25c011aa293abf97c7913f308519c6b0/element/f.A224BA6FA6224D464A8F44AD5BF2EA9F.d.1214CECA2000C3BDA7D7011B458392E8.e.19867/click - {}
RESULT: {}
COMMAND: POST /session/25c011aa293abf97c7913f308519c6b0/element - {"using":"xpath","value":"//span[contains(text(), \"TBS - Time based standard\")]"}
COMMAND: GET /session/25c011aa293abf97c7913f308519c6b0/screenshot - {}
RESULT: {"using":"xpath","value":"//span[contains(text(), \"TBS - Time based standard\")]"}
COMMAND: POST /session/25c011aa293abf97c7913f308519c6b0/element/f.A224BA6FA6224D464A8F44AD5BF2EA9F.d.1214CECA2000C3BDA7D7011B458392E8.e.19903/click - {}
RESULT: {}
RESULT: {}
COMMAND: POST /session/25c011aa293abf97c7913f308519c6b0/execute/async - {"script":"<script> [1562 bytes]","args":[{"selector":{"id":"application-managepricingrules-display-component---newInfoPriceItem--calcBase-arrow"},"wdio_ui5_key":"applicationmanagepricingrules-display-component---newInfoPriceItem--calcBase-arrow"}]}
COMMAND: GET /session/25c011aa293abf97c7913f308519c6b0/screenshot - {}
RESULT: {"script":"<script> [1562 bytes]","args":[{"selector":{"id":"application-managepricingrules-display-component---newInfoPriceItem--calcBase-arrow"},"wdio_ui5_key":"applicationmanagepricingrules-display-component---newInfoPriceItem--calcBase-arrow"}]}
RESULT: undefined
COMMAND: POST /session/25c011aa293abf97c7913f308519c6b0/element - {"using":"xpath","value":"//*[@id=\"application-managepricingrules-display-component---newInfoPriceItem--calcBase-arrow\"]"}
RESULT: {}
RESULT: {"using":"xpath","value":"//*[@id=\"application-managepricingrules-display-component---newInfoPriceItem--calcBase-arrow\"]"}
COMMAND: POST /session/25c011aa293abf97c7913f308519c6b0/element/f.A224BA6FA6224D464A8F44AD5BF2EA9F.d.1214CECA2000C3BDA7D7011B458392E8.e.19874/click - {}
RESULT: {}
COMMAND: GET /session/25c011aa293abf97c7913f308519c6b0/screenshot - {}
RESULT: {}
COMMAND: POST /session/25c011aa293abf97c7913f308519c6b0/element - {"using":"xpath","value":"//span[contains(text(), \"0006 - TB(calendar days)\")]"}
RESULT: {"using":"xpath","value":"//span[contains(text(), \"0006 - TB(calendar days)\")]"}
COMMAND: POST /session/25c011aa293abf97c7913f308519c6b0/element/f.A224BA6FA6224D464A8F44AD5BF2EA9F.d.1214CECA2000C3BDA7D7011B458392E8.e.19904/click - {}
RESULT: {}
COMMAND: GET /session/25c011aa293abf97c7913f308519c6b0/screenshot - {}
RESULT: {}
COMMAND: POST /session/25c011aa293abf97c7913f308519c6b0/execute/async - {"script":"<script> [1562 bytes]","args":[{"selector":{"id":"application-managepricingrules-display-component---newInfoPriceItem--daysMonth","interaction":{"idSuffix":"inner"}},"wdio_ui5_key":"applicationmanagepricingrules-display-component---newInfoPriceItem--daysMonth"}]}
RESULT: {"script":"<script> [1562 bytes]","args":[{"selector":{"id":"application-managepricingrules-display-component---newInfoPriceItem--daysMonth","interaction":{"idSuffix":"inner"}},"wdio_ui5_key":"applicationmanagepricingrules-display-component---newInfoPriceItem--daysMonth"}]}
RESULT: undefined
COMMAND: POST /session/25c011aa293abf97c7913f308519c6b0/execute/async - {"script":"<script> [776 bytes]","args":[{"enterText":"30","selector":{"id":"application-managepricingrules-display-component---newInfoPriceItem--daysMonth","interaction":{"idSuffix":"inner"}},"clearTextFirst":true,"interactionType":"ENTER_TEXT"}]}
RESULT: {"script":"<script> [776 bytes]","args":[{"enterText":"30","selector":{"id":"application-managepricingrules-display-component---newInfoPriceItem--daysMonth","interaction":{"idSuffix":"inner"}},"clearTextFirst":true,"interactionType":"ENTER_TEXT"}]}
COMMAND: POST /session/25c011aa293abf97c7913f308519c6b0/element - {"using":"xpath","value":"//button[@data-kt=\"saveNewRuleButton\"]"}
RESULT: {"using":"xpath","value":"//button[@data-kt=\"saveNewRuleButton\"]"}
COMMAND: POST /session/25c011aa293abf97c7913f308519c6b0/element/f.A224BA6FA6224D464A8F44AD5BF2EA9F.d.1214CECA2000C3BDA7D7011B458392E8.e.19894/click - {}
RESULT: {}
COMMAND: GET /session/25c011aa293abf97c7913f308519c6b0/screenshot - {}
RESULT: {}
COMMAND: POST /session/25c011aa293abf97c7913f308519c6b0/execute/async - {"script":"<script> [1562 bytes]","args":[{"selector":{"id":"application-managepricingrules-display-component---priceInfoItem--smartFilterBar-btnBasicSearch","interaction":{"idSuffix":"I"}},"wdio_ui5_key":"applicationmanagepricingrules-display-component---priceInfoItem--smartFilterBar-btnBasicSearch"}]}
RESULT: {"script":"<script> [1562 bytes]","args":[{"selector":{"id":"application-managepricingrules-display-component---priceInfoItem--smartFilterBar-btnBasicSearch","interaction":{"idSuffix":"I"}},"wdio_ui5_key":"applicationmanagepricingrules-display-component---priceInfoItem--smartFilterBar-btnBasicSearch"}]}
RESULT: undefined
COMMAND: POST /session/25c011aa293abf97c7913f308519c6b0/execute/async - {"script":"<script> [776 bytes]","args":[{"enterText":"pdNAbLnVW7","selector":{"id":"application-managepricingrules-display-component---priceInfoItem--smartFilterBar-btnBasicSearch","interaction":{"idSuffix":"I"}},"clearTextFirst":true,"interactionType":"ENTER_TEXT"}]}
RESULT: {"script":"<script> [776 bytes]","args":[{"enterText":"pdNAbLnVW7","selector":{"id":"application-managepricingrules-display-component---priceInfoItem--smartFilterBar-btnBasicSearch","interaction":{"idSuffix":"I"}},"clearTextFirst":true,"interactionType":"ENTER_TEXT"}]}
COMMAND: POST /session/25c011aa293abf97c7913f308519c6b0/actions - {"actions":[{"id":"action72","type":"key","parameters":{},"actions":[{"type":"keyDown","value":""},{"type":"pause","duration":10},{"type":"keyUp","value":""}]}]}
RESULT: {"actions":[{"id":"action72","type":"key","parameters":{},"actions":[{"type":"keyDown","value":""},{"type":"pause","duration":10},{"type":"keyUp","value":""}]}]}
COMMAND: GET /session/25c011aa293abf97c7913f308519c6b0/screenshot - {}
RESULT: {}
COMMAND: POST /session/25c011aa293abf97c7913f308519c6b0/element - {"using":"xpath","value":"//span[@id=\"application-managepricingrules-display-component---priceInfoItem--smartTable-header-inner\"]"}
RESULT: {"using":"xpath","value":"//span[@id=\"application-managepricingrules-display-component---priceInfoItem--smartTable-header-inner\"]"}
COMMAND: POST /session/25c011aa293abf97c7913f308519c6b0/elements - {"using":"xpath","value":"//span[@id=\"application-managepricingrules-display-component---priceInfoItem--smartTable-header-inner\"]"}
RESULT: {"using":"xpath","value":"//span[@id=\"application-managepricingrules-display-component---priceInfoItem--smartTable-header-inner\"]"}
COMMAND: POST /session/25c011aa293abf97c7913f308519c6b0/execute/sync - {"script":"<script> [56 bytes]","args":[{"element-6066-11e4-a52e-4f735466cecf":"f.A224BA6FA6224D464A8F44AD5BF2EA9F.d.1214CECA2000C3BDA7D7011B458392E8.e.19922","ELEMENT":"f.A224BA6FA6224D464A8F44AD5BF2EA9F.d.1214CECA2000C3BDA7D7011B458392E8.e.19922"}]}
RESULT: {"script":"<script> [56 bytes]","args":[{"element-6066-11e4-a52e-4f735466cecf":"f.A224BA6FA6224D464A8F44AD5BF2EA9F.d.1214CECA2000C3BDA7D7011B458392E8.e.19922","ELEMENT":"f.A224BA6FA6224D464A8F44AD5BF2EA9F.d.1214CECA2000C3BDA7D7011B458392E8.e.19922"}]}
COMMAND: POST /session/25c011aa293abf97c7913f308519c6b0/element - {"using":"css selector","value":"#shell-header-logo"}
COMMAND: GET /session/25c011aa293abf97c7913f308519c6b0/screenshot - {}
RESULT: {"using":"css selector","value":"#shell-header-logo"}
COMMAND: POST /session/25c011aa293abf97c7913f308519c6b0/element/f.A224BA6FA6224D464A8F44AD5BF2EA9F.d.1214CECA2000C3BDA7D7011B458392E8.e.18979/click - {}
RESULT: {}
RESULT: {}
COMMAND: GET /session/25c011aa293abf97c7913f308519c6b0/screenshot - {}
RESULT: {}
]]></system-out>
    </testcase>
    <testcase classname="chrome.137_0_7151_69.windows.Billing_Calculation_-_Time_based_(considering_transport_times)_US139738" name="Should create new pricing condition for the equipment" time="65.605">
      <system-out><![CDATA[
COMMAND: POST /session/25c011aa293abf97c7913f308519c6b0/execute/async - {"script":"<script> [1562 bytes]","args":[{"selector":{"controlType":"sap.m.GenericTile","properties":{"header":"Manage Conditions & Prices"}},"wdio_ui5_key":"sapm.GenericTile{\"header\":\"Manage Conditions & Prices\"}"}]}
RESULT: {"script":"<script> [1562 bytes]","args":[{"selector":{"controlType":"sap.m.GenericTile","properties":{"header":"Manage Conditions & Prices"}},"wdio_ui5_key":"sapm.GenericTile{\"header\":\"Manage Conditions & Prices\"}"}]}
RESULT: undefined
COMMAND: POST /session/25c011aa293abf97c7913f308519c6b0/element - {"using":"xpath","value":"//*[@id=\"__tile55\"]"}
RESULT: {"using":"xpath","value":"//*[@id=\"__tile55\"]"}
COMMAND: POST /session/25c011aa293abf97c7913f308519c6b0/element/f.A224BA6FA6224D464A8F44AD5BF2EA9F.d.1214CECA2000C3BDA7D7011B458392E8.e.18915/click - {}
RESULT: {}
COMMAND: GET /session/25c011aa293abf97c7913f308519c6b0/screenshot - {}
RESULT: {}
COMMAND: POST /session/25c011aa293abf97c7913f308519c6b0/elements - {"using":"xpath","value":"//span[text()='Error']"}
RESULT: {"using":"xpath","value":"//span[text()='Error']"}
COMMAND: POST /session/25c011aa293abf97c7913f308519c6b0/element - {"using":"xpath","value":"//button[@aria-label=\"Create\"]"}
RESULT: {"using":"xpath","value":"//button[@aria-label=\"Create\"]"}
COMMAND: POST /session/25c011aa293abf97c7913f308519c6b0/elements - {"using":"xpath","value":"//button[@aria-label=\"Create\"]"}
RESULT: {"using":"xpath","value":"//button[@aria-label=\"Create\"]"}
COMMAND: POST /session/25c011aa293abf97c7913f308519c6b0/execute/sync - {"script":"<script> [8489 bytes]","args":[{"element-6066-11e4-a52e-4f735466cecf":"f.A224BA6FA6224D464A8F44AD5BF2EA9F.d.1214CECA2000C3BDA7D7011B458392E8.e.19958","ELEMENT":"f.A224BA6FA6224D464A8F44AD5BF2EA9F.d.1214CECA2000C3BDA7D7011B458392E8.e.19958"}]}
RESULT: {"script":"<script> [8489 bytes]","args":[{"element-6066-11e4-a52e-4f735466cecf":"f.A224BA6FA6224D464A8F44AD5BF2EA9F.d.1214CECA2000C3BDA7D7011B458392E8.e.19958","ELEMENT":"f.A224BA6FA6224D464A8F44AD5BF2EA9F.d.1214CECA2000C3BDA7D7011B458392E8.e.19958"}]}
COMMAND: GET /session/25c011aa293abf97c7913f308519c6b0/element/f.A224BA6FA6224D464A8F44AD5BF2EA9F.d.1214CECA2000C3BDA7D7011B458392E8.e.19958/enabled - {}
COMMAND: GET /session/25c011aa293abf97c7913f308519c6b0/screenshot - {}
RESULT: {}
COMMAND: POST /session/25c011aa293abf97c7913f308519c6b0/execute/sync - {"script":"<script> [8489 bytes]","args":[{"element-6066-11e4-a52e-4f735466cecf":"f.A224BA6FA6224D464A8F44AD5BF2EA9F.d.1214CECA2000C3BDA7D7011B458392E8.e.19958","ELEMENT":"f.A224BA6FA6224D464A8F44AD5BF2EA9F.d.1214CECA2000C3BDA7D7011B458392E8.e.19958"}]}
COMMAND: GET /session/25c011aa293abf97c7913f308519c6b0/screenshot - {}
RESULT: {}
RESULT: {"script":"<script> [8489 bytes]","args":[{"element-6066-11e4-a52e-4f735466cecf":"f.A224BA6FA6224D464A8F44AD5BF2EA9F.d.1214CECA2000C3BDA7D7011B458392E8.e.19958","ELEMENT":"f.A224BA6FA6224D464A8F44AD5BF2EA9F.d.1214CECA2000C3BDA7D7011B458392E8.e.19958"}]}
COMMAND: POST /session/25c011aa293abf97c7913f308519c6b0/execute/sync - {"script":"<script> [5351 bytes]","args":[{"element-6066-11e4-a52e-4f735466cecf":"f.A224BA6FA6224D464A8F44AD5BF2EA9F.d.1214CECA2000C3BDA7D7011B458392E8.e.19958","ELEMENT":"f.A224BA6FA6224D464A8F44AD5BF2EA9F.d.1214CECA2000C3BDA7D7011B458392E8.e.19958"}]}
COMMAND: GET /session/25c011aa293abf97c7913f308519c6b0/screenshot - {}
RESULT: {}
RESULT: {"script":"<script> [5351 bytes]","args":[{"element-6066-11e4-a52e-4f735466cecf":"f.A224BA6FA6224D464A8F44AD5BF2EA9F.d.1214CECA2000C3BDA7D7011B458392E8.e.19958","ELEMENT":"f.A224BA6FA6224D464A8F44AD5BF2EA9F.d.1214CECA2000C3BDA7D7011B458392E8.e.19958"}]}
COMMAND: POST /session/25c011aa293abf97c7913f308519c6b0/element/f.A224BA6FA6224D464A8F44AD5BF2EA9F.d.1214CECA2000C3BDA7D7011B458392E8.e.19958/click - {}
COMMAND: GET /session/25c011aa293abf97c7913f308519c6b0/screenshot - {}
RESULT: {}
RESULT: {}
COMMAND: GET /session/25c011aa293abf97c7913f308519c6b0/screenshot - {}
RESULT: {}
RESULT: {}
COMMAND: POST /session/25c011aa293abf97c7913f308519c6b0/actions - {"actions":[{"id":"action73","type":"key","parameters":{},"actions":[{"type":"keyDown","value":""},{"type":"pause","duration":10},{"type":"keyUp","value":""}]}]}
RESULT: {"actions":[{"id":"action73","type":"key","parameters":{},"actions":[{"type":"keyDown","value":""},{"type":"pause","duration":10},{"type":"keyUp","value":""}]}]}
COMMAND: GET /session/25c011aa293abf97c7913f308519c6b0/screenshot - {}
RESULT: {}
COMMAND: POST /session/25c011aa293abf97c7913f308519c6b0/execute/async - {"script":"<script> [1562 bytes]","args":[{"selector":{"id":"application-manageconditionprice-display-component---newCondition--condBillCond-arrow"},"wdio_ui5_key":"applicationmanageconditionprice-display-component---newCondition--condBillCond-arrow"}]}
RESULT: {"script":"<script> [1562 bytes]","args":[{"selector":{"id":"application-manageconditionprice-display-component---newCondition--condBillCond-arrow"},"wdio_ui5_key":"applicationmanageconditionprice-display-component---newCondition--condBillCond-arrow"}]}
RESULT: undefined
COMMAND: POST /session/25c011aa293abf97c7913f308519c6b0/element - {"using":"xpath","value":"//*[@id=\"application-manageconditionprice-display-component---newCondition--condBillCond-arrow\"]"}
RESULT: {"using":"xpath","value":"//*[@id=\"application-manageconditionprice-display-component---newCondition--condBillCond-arrow\"]"}
COMMAND: POST /session/25c011aa293abf97c7913f308519c6b0/element/f.A224BA6FA6224D464A8F44AD5BF2EA9F.d.1214CECA2000C3BDA7D7011B458392E8.e.20134/click - {}
RESULT: {}
COMMAND: GET /session/25c011aa293abf97c7913f308519c6b0/screenshot - {}
RESULT: {}
COMMAND: POST /session/25c011aa293abf97c7913f308519c6b0/element - {"using":"xpath","value":"//li[.//span[contains(text(), \"DISP - D&I special price\")]]"}
RESULT: {"using":"xpath","value":"//li[.//span[contains(text(), \"DISP - D&I special price\")]]"}
COMMAND: POST /session/25c011aa293abf97c7913f308519c6b0/element/f.A224BA6FA6224D464A8F44AD5BF2EA9F.d.1214CECA2000C3BDA7D7011B458392E8.e.20138/click - {}
RESULT: {}
COMMAND: GET /session/25c011aa293abf97c7913f308519c6b0/screenshot - {}
RESULT: {}
COMMAND: POST /session/25c011aa293abf97c7913f308519c6b0/execute/async - {"script":"<script> [1562 bytes]","args":[{"selector":{"id":"application-manageconditionprice-display-component---newCondition--condValidTo","interaction":{"idSuffix":"inner"}},"wdio_ui5_key":"applicationmanageconditionprice-display-component---newCondition--condValidTo"}]}
RESULT: {"script":"<script> [1562 bytes]","args":[{"selector":{"id":"application-manageconditionprice-display-component---newCondition--condValidTo","interaction":{"idSuffix":"inner"}},"wdio_ui5_key":"applicationmanageconditionprice-display-component---newCondition--condValidTo"}]}
RESULT: undefined
COMMAND: POST /session/25c011aa293abf97c7913f308519c6b0/execute/async - {"script":"<script> [776 bytes]","args":[{"enterText":"2/13/26","selector":{"id":"application-manageconditionprice-display-component---newCondition--condValidTo","interaction":{"idSuffix":"inner"}},"clearTextFirst":true,"interactionType":"ENTER_TEXT"}]}
RESULT: {"script":"<script> [776 bytes]","args":[{"enterText":"2/13/26","selector":{"id":"application-manageconditionprice-display-component---newCondition--condValidTo","interaction":{"idSuffix":"inner"}},"clearTextFirst":true,"interactionType":"ENTER_TEXT"}]}
COMMAND: POST /session/25c011aa293abf97c7913f308519c6b0/element - {"using":"xpath","value":"//input[@id=\"application-manageconditionprice-display-component---newCondition--condRU-inner\"]"}
RESULT: {"using":"xpath","value":"//input[@id=\"application-manageconditionprice-display-component---newCondition--condRU-inner\"]"}
COMMAND: POST /session/25c011aa293abf97c7913f308519c6b0/element/f.A224BA6FA6224D464A8F44AD5BF2EA9F.d.1214CECA2000C3BDA7D7011B458392E8.e.20003/clear - {}
RESULT: {}
COMMAND: POST /session/25c011aa293abf97c7913f308519c6b0/element/f.A224BA6FA6224D464A8F44AD5BF2EA9F.d.1214CECA2000C3BDA7D7011B458392E8.e.20003/value - {"text":"pdNAbLnVW7"}
COMMAND: GET /session/25c011aa293abf97c7913f308519c6b0/screenshot - {}
RESULT: {"text":"pdNAbLnVW7"}
COMMAND: GET /session/25c011aa293abf97c7913f308519c6b0/screenshot - {}
RESULT: {}
RESULT: {}
COMMAND: POST /session/25c011aa293abf97c7913f308519c6b0/actions - {"actions":[{"id":"action74","type":"key","parameters":{},"actions":[{"type":"keyDown","value":""},{"type":"pause","duration":10},{"type":"keyUp","value":""}]}]}
RESULT: {"actions":[{"id":"action74","type":"key","parameters":{},"actions":[{"type":"keyDown","value":""},{"type":"pause","duration":10},{"type":"keyUp","value":""}]}]}
COMMAND: POST /session/25c011aa293abf97c7913f308519c6b0/execute/async - {"script":"<script> [1562 bytes]","args":[{"selector":{"id":"application-manageconditionprice-display-component---newCondition--condBaseQty","interaction":{"idSuffix":"inner"}},"wdio_ui5_key":"applicationmanageconditionprice-display-component---newCondition--condBaseQty"}]}
COMMAND: GET /session/25c011aa293abf97c7913f308519c6b0/screenshot - {}
RESULT: {"script":"<script> [1562 bytes]","args":[{"selector":{"id":"application-manageconditionprice-display-component---newCondition--condBaseQty","interaction":{"idSuffix":"inner"}},"wdio_ui5_key":"applicationmanageconditionprice-display-component---newCondition--condBaseQty"}]}
RESULT: undefined
COMMAND: POST /session/25c011aa293abf97c7913f308519c6b0/execute/async - {"script":"<script> [776 bytes]","args":[{"enterText":"1","selector":{"id":"application-manageconditionprice-display-component---newCondition--condBaseQty","interaction":{"idSuffix":"inner"}},"clearTextFirst":true,"interactionType":"ENTER_TEXT"}]}
RESULT: {}
RESULT: {"script":"<script> [776 bytes]","args":[{"enterText":"1","selector":{"id":"application-manageconditionprice-display-component---newCondition--condBaseQty","interaction":{"idSuffix":"inner"}},"clearTextFirst":true,"interactionType":"ENTER_TEXT"}]}
COMMAND: POST /session/25c011aa293abf97c7913f308519c6b0/execute/async - {"script":"<script> [1562 bytes]","args":[{"selector":{"id":"application-manageconditionprice-display-component---newCondition--condValue","interaction":{"idSuffix":"inner"}},"wdio_ui5_key":"applicationmanageconditionprice-display-component---newCondition--condValue"}]}
RESULT: {"script":"<script> [1562 bytes]","args":[{"selector":{"id":"application-manageconditionprice-display-component---newCondition--condValue","interaction":{"idSuffix":"inner"}},"wdio_ui5_key":"applicationmanageconditionprice-display-component---newCondition--condValue"}]}
RESULT: undefined
COMMAND: POST /session/25c011aa293abf97c7913f308519c6b0/execute/async - {"script":"<script> [776 bytes]","args":[{"enterText":"100","selector":{"id":"application-manageconditionprice-display-component---newCondition--condValue","interaction":{"idSuffix":"inner"}},"clearTextFirst":true,"interactionType":"ENTER_TEXT"}]}
RESULT: {"script":"<script> [776 bytes]","args":[{"enterText":"100","selector":{"id":"application-manageconditionprice-display-component---newCondition--condValue","interaction":{"idSuffix":"inner"}},"clearTextFirst":true,"interactionType":"ENTER_TEXT"}]}
COMMAND: POST /session/25c011aa293abf97c7913f308519c6b0/execute/async - {"script":"<script> [1562 bytes]","args":[{"selector":{"id":"application-manageconditionprice-display-component---newCondition--condCurr-arrow"},"wdio_ui5_key":"applicationmanageconditionprice-display-component---newCondition--condCurr-arrow"}]}
RESULT: {"script":"<script> [1562 bytes]","args":[{"selector":{"id":"application-manageconditionprice-display-component---newCondition--condCurr-arrow"},"wdio_ui5_key":"applicationmanageconditionprice-display-component---newCondition--condCurr-arrow"}]}
RESULT: undefined
COMMAND: POST /session/25c011aa293abf97c7913f308519c6b0/element - {"using":"xpath","value":"//*[@id=\"application-manageconditionprice-display-component---newCondition--condCurr-arrow\"]"}
RESULT: {"using":"xpath","value":"//*[@id=\"application-manageconditionprice-display-component---newCondition--condCurr-arrow\"]"}
COMMAND: POST /session/25c011aa293abf97c7913f308519c6b0/element/f.A224BA6FA6224D464A8F44AD5BF2EA9F.d.1214CECA2000C3BDA7D7011B458392E8.e.20098/click - {}
RESULT: {}
COMMAND: POST /session/25c011aa293abf97c7913f308519c6b0/element - {"using":"xpath","value":"//span[contains(text(), \"Euro\")]"}
COMMAND: GET /session/25c011aa293abf97c7913f308519c6b0/screenshot - {}
RESULT: {"using":"xpath","value":"//span[contains(text(), \"Euro\")]"}
COMMAND: POST /session/25c011aa293abf97c7913f308519c6b0/element/f.A224BA6FA6224D464A8F44AD5BF2EA9F.d.1214CECA2000C3BDA7D7011B458392E8.e.20173/click - {}
RESULT: {}
RESULT: {}
COMMAND: POST /session/25c011aa293abf97c7913f308519c6b0/element - {"using":"xpath","value":"//button[@data-kt=\"saveButton\"]"}
COMMAND: GET /session/25c011aa293abf97c7913f308519c6b0/screenshot - {}
RESULT: {"using":"xpath","value":"//button[@data-kt=\"saveButton\"]"}
COMMAND: POST /session/25c011aa293abf97c7913f308519c6b0/element/f.A224BA6FA6224D464A8F44AD5BF2EA9F.d.1214CECA2000C3BDA7D7011B458392E8.e.20099/click - {}
RESULT: {}
RESULT: {}
COMMAND: GET /session/25c011aa293abf97c7913f308519c6b0/screenshot - {}
RESULT: {}
COMMAND: POST /session/25c011aa293abf97c7913f308519c6b0/execute/async - {"script":"<script> [1562 bytes]","args":[{"selector":{"id":"application-manageconditionprice-display-component---conditions--smartFilterBar-btnBasicSearch","interaction":{"idSuffix":"I"}},"wdio_ui5_key":"applicationmanageconditionprice-display-component---conditions--smartFilterBar-btnBasicSearch"}]}
RESULT: {"script":"<script> [1562 bytes]","args":[{"selector":{"id":"application-manageconditionprice-display-component---conditions--smartFilterBar-btnBasicSearch","interaction":{"idSuffix":"I"}},"wdio_ui5_key":"applicationmanageconditionprice-display-component---conditions--smartFilterBar-btnBasicSearch"}]}
RESULT: undefined
COMMAND: POST /session/25c011aa293abf97c7913f308519c6b0/execute/async - {"script":"<script> [776 bytes]","args":[{"enterText":"pdNAbLnVW7","selector":{"id":"application-manageconditionprice-display-component---conditions--smartFilterBar-btnBasicSearch","interaction":{"idSuffix":"I"}},"clearTextFirst":true,"interactionType":"ENTER_TEXT"}]}
RESULT: {"script":"<script> [776 bytes]","args":[{"enterText":"pdNAbLnVW7","selector":{"id":"application-manageconditionprice-display-component---conditions--smartFilterBar-btnBasicSearch","interaction":{"idSuffix":"I"}},"clearTextFirst":true,"interactionType":"ENTER_TEXT"}]}
COMMAND: POST /session/25c011aa293abf97c7913f308519c6b0/actions - {"actions":[{"id":"action75","type":"key","parameters":{},"actions":[{"type":"keyDown","value":""},{"type":"pause","duration":10},{"type":"keyUp","value":""}]}]}
RESULT: {"actions":[{"id":"action75","type":"key","parameters":{},"actions":[{"type":"keyDown","value":""},{"type":"pause","duration":10},{"type":"keyUp","value":""}]}]}
COMMAND: GET /session/25c011aa293abf97c7913f308519c6b0/screenshot - {}
RESULT: {}
COMMAND: POST /session/25c011aa293abf97c7913f308519c6b0/execute/async - {"script":"<script> [1562 bytes]","args":[{"selector":{"id":"application-manageconditionprice-display-component---conditions--smartFilterBar-filterItemControl_BASIC-BILL_TYPES-vhi"},"wdio_ui5_key":"applicationmanageconditionprice-display-component---conditions--smartFilterBar-filterItemControl_BASIC-BILL_TYPES-vhi"}]}
RESULT: {"script":"<script> [1562 bytes]","args":[{"selector":{"id":"application-manageconditionprice-display-component---conditions--smartFilterBar-filterItemControl_BASIC-BILL_TYPES-vhi"},"wdio_ui5_key":"applicationmanageconditionprice-display-component---conditions--smartFilterBar-filterItemControl_BASIC-BILL_TYPES-vhi"}]}
RESULT: undefined
COMMAND: POST /session/25c011aa293abf97c7913f308519c6b0/element - {"using":"xpath","value":"//*[@id=\"application-manageconditionprice-display-component---conditions--smartFilterBar-filterItemControl_BASIC-BILL_TYPES-vhi\"]"}
RESULT: {"using":"xpath","value":"//*[@id=\"application-manageconditionprice-display-component---conditions--smartFilterBar-filterItemControl_BASIC-BILL_TYPES-vhi\"]"}
COMMAND: POST /session/25c011aa293abf97c7913f308519c6b0/element/f.A224BA6FA6224D464A8F44AD5BF2EA9F.d.1214CECA2000C3BDA7D7011B458392E8.e.20190/click - {}
RESULT: {}
COMMAND: POST /session/25c011aa293abf97c7913f308519c6b0/execute/async - {"script":"<script> [1562 bytes]","args":[{"selector":{"id":"application-manageconditionprice-display-component---conditions--smartFilterBar-filterItemControl_BASIC-BILL_TYPES-valueHelpDialog-smartFilterBar-btnBasicSearch","searchOpenDialogs":true,"interaction":{"idSuffix":"I"}},"wdio_ui5_key":"applicationmanageconditionprice-display-component---conditions--smartFilterBar-filterItemControl_BASIC-BILL_TYPES-valueHelpDialog-smartFilterBar-btnBasicSearch"}]}
COMMAND: GET /session/25c011aa293abf97c7913f308519c6b0/screenshot - {}
RESULT: {"script":"<script> [1562 bytes]","args":[{"selector":{"id":"application-manageconditionprice-display-component---conditions--smartFilterBar-filterItemControl_BASIC-BILL_TYPES-valueHelpDialog-smartFilterBar-btnBasicSearch","searchOpenDialogs":true,"interaction":{"idSuffix":"I"}},"wdio_ui5_key":"applicationmanageconditionprice-display-component---conditions--smartFilterBar-filterItemControl_BASIC-BILL_TYPES-valueHelpDialog-smartFilterBar-btnBasicSearch"}]}
RESULT: undefined
COMMAND: POST /session/25c011aa293abf97c7913f308519c6b0/execute/async - {"script":"<script> [776 bytes]","args":[{"enterText":"TB","selector":{"id":"application-manageconditionprice-display-component---conditions--smartFilterBar-filterItemControl_BASIC-BILL_TYPES-valueHelpDialog-smartFilterBar-btnBasicSearch","searchOpenDialogs":true,"interaction":{"idSuffix":"I"}},"clearTextFirst":true,"interactionType":"ENTER_TEXT"}]}
RESULT: {}
RESULT: {"script":"<script> [776 bytes]","args":[{"enterText":"TB","selector":{"id":"application-manageconditionprice-display-component---conditions--smartFilterBar-filterItemControl_BASIC-BILL_TYPES-valueHelpDialog-smartFilterBar-btnBasicSearch","searchOpenDialogs":true,"interaction":{"idSuffix":"I"}},"clearTextFirst":true,"interactionType":"ENTER_TEXT"}]}
COMMAND: POST /session/25c011aa293abf97c7913f308519c6b0/actions - {"actions":[{"id":"action76","type":"key","parameters":{},"actions":[{"type":"keyDown","value":""},{"type":"pause","duration":10},{"type":"keyUp","value":""}]}]}
RESULT: {"actions":[{"id":"action76","type":"key","parameters":{},"actions":[{"type":"keyDown","value":""},{"type":"pause","duration":10},{"type":"keyUp","value":""}]}]}
COMMAND: GET /session/25c011aa293abf97c7913f308519c6b0/screenshot - {}
RESULT: {}
COMMAND: POST /session/25c011aa293abf97c7913f308519c6b0/element - {"using":"xpath","value":"//div[contains(@id, 'application-manageconditionprice-display-component---conditions--smartFilterBar-filterItemControl_BASIC-BILL_TYPES-valueHelpDialog-table-rowsel0')]"}
RESULT: {"using":"xpath","value":"//div[contains(@id, 'application-manageconditionprice-display-component---conditions--smartFilterBar-filterItemControl_BASIC-BILL_TYPES-valueHelpDialog-table-rowsel0')]"}
COMMAND: POST /session/25c011aa293abf97c7913f308519c6b0/element/f.A224BA6FA6224D464A8F44AD5BF2EA9F.d.1214CECA2000C3BDA7D7011B458392E8.e.20200/click - {}
RESULT: {}
COMMAND: GET /session/25c011aa293abf97c7913f308519c6b0/screenshot - {}
RESULT: {}
COMMAND: POST /session/25c011aa293abf97c7913f308519c6b0/element - {"using":"xpath","value":"//bdi[contains(text(), \"OK\")]"}
RESULT: {"using":"xpath","value":"//bdi[contains(text(), \"OK\")]"}
COMMAND: POST /session/25c011aa293abf97c7913f308519c6b0/element/f.A224BA6FA6224D464A8F44AD5BF2EA9F.d.1214CECA2000C3BDA7D7011B458392E8.e.20202/click - {}
RESULT: {}
COMMAND: GET /session/25c011aa293abf97c7913f308519c6b0/screenshot - {}
RESULT: {}
COMMAND: POST /session/25c011aa293abf97c7913f308519c6b0/element - {"using":"xpath","value":"//span[@id=\"application-manageconditionprice-display-component---conditions--smartTable-header-inner\"]"}
RESULT: {"using":"xpath","value":"//span[@id=\"application-manageconditionprice-display-component---conditions--smartTable-header-inner\"]"}
COMMAND: POST /session/25c011aa293abf97c7913f308519c6b0/elements - {"using":"xpath","value":"//span[@id=\"application-manageconditionprice-display-component---conditions--smartTable-header-inner\"]"}
RESULT: {"using":"xpath","value":"//span[@id=\"application-manageconditionprice-display-component---conditions--smartTable-header-inner\"]"}
COMMAND: POST /session/25c011aa293abf97c7913f308519c6b0/execute/sync - {"script":"<script> [56 bytes]","args":[{"element-6066-11e4-a52e-4f735466cecf":"f.A224BA6FA6224D464A8F44AD5BF2EA9F.d.1214CECA2000C3BDA7D7011B458392E8.e.20205","ELEMENT":"f.A224BA6FA6224D464A8F44AD5BF2EA9F.d.1214CECA2000C3BDA7D7011B458392E8.e.20205"}]}
RESULT: {"script":"<script> [56 bytes]","args":[{"element-6066-11e4-a52e-4f735466cecf":"f.A224BA6FA6224D464A8F44AD5BF2EA9F.d.1214CECA2000C3BDA7D7011B458392E8.e.20205","ELEMENT":"f.A224BA6FA6224D464A8F44AD5BF2EA9F.d.1214CECA2000C3BDA7D7011B458392E8.e.20205"}]}
COMMAND: POST /session/25c011aa293abf97c7913f308519c6b0/element - {"using":"css selector","value":"#shell-header-logo"}
COMMAND: GET /session/25c011aa293abf97c7913f308519c6b0/screenshot - {}
RESULT: {"using":"css selector","value":"#shell-header-logo"}
COMMAND: POST /session/25c011aa293abf97c7913f308519c6b0/element/f.A224BA6FA6224D464A8F44AD5BF2EA9F.d.1214CECA2000C3BDA7D7011B458392E8.e.19925/click - {}
RESULT: {}
RESULT: {}
COMMAND: GET /session/25c011aa293abf97c7913f308519c6b0/screenshot - {}
RESULT: {}
]]></system-out>
    </testcase>
    <testcase classname="chrome.137_0_7151_69.windows.Billing_Calculation_-_Time_based_(considering_transport_times)_US139738" name="Should do a stock increase for the equipment" time="93.923">
      <system-out><![CDATA[
COMMAND: POST /session/25c011aa293abf97c7913f308519c6b0/execute/async - {"script":"<script> [1562 bytes]","args":[{"selector":{"controlType":"sap.m.GenericTile","properties":{"header":"Manage Handovers"}},"wdio_ui5_key":"sapm.GenericTile{\"header\":\"Manage Handovers\"}"}]}
RESULT: {"script":"<script> [1562 bytes]","args":[{"selector":{"controlType":"sap.m.GenericTile","properties":{"header":"Manage Handovers"}},"wdio_ui5_key":"sapm.GenericTile{\"header\":\"Manage Handovers\"}"}]}
RESULT: undefined
COMMAND: POST /session/25c011aa293abf97c7913f308519c6b0/element - {"using":"xpath","value":"//*[@id=\"__tile134\"]"}
RESULT: {"using":"xpath","value":"//*[@id=\"__tile134\"]"}
COMMAND: POST /session/25c011aa293abf97c7913f308519c6b0/element/f.A224BA6FA6224D464A8F44AD5BF2EA9F.d.1214CECA2000C3BDA7D7011B458392E8.e.18954/click - {}
RESULT: {}
COMMAND: GET /session/25c011aa293abf97c7913f308519c6b0/screenshot - {}
RESULT: {}
COMMAND: POST /session/25c011aa293abf97c7913f308519c6b0/elements - {"using":"xpath","value":"//span[text()='Error']"}
RESULT: {"using":"xpath","value":"//span[text()='Error']"}
COMMAND: POST /session/25c011aa293abf97c7913f308519c6b0/element - {"using":"xpath","value":"//button[@data-kt=\"masterHOAddButton\"]"}
RESULT: {"using":"xpath","value":"//button[@data-kt=\"masterHOAddButton\"]"}
COMMAND: POST /session/25c011aa293abf97c7913f308519c6b0/elements - {"using":"xpath","value":"//button[@data-kt=\"masterHOAddButton\"]"}
RESULT: {"using":"xpath","value":"//button[@data-kt=\"masterHOAddButton\"]"}
COMMAND: POST /session/25c011aa293abf97c7913f308519c6b0/element - {"using":"xpath","value":"//button[@data-kt=\"masterHOAddButton\"]"}
RESULT: {"using":"xpath","value":"//button[@data-kt=\"masterHOAddButton\"]"}
COMMAND: POST /session/25c011aa293abf97c7913f308519c6b0/execute/sync - {"script":"<script> [8489 bytes]","args":[{"element-6066-11e4-a52e-4f735466cecf":"f.A224BA6FA6224D464A8F44AD5BF2EA9F.d.1214CECA2000C3BDA7D7011B458392E8.e.20244","ELEMENT":"f.A224BA6FA6224D464A8F44AD5BF2EA9F.d.1214CECA2000C3BDA7D7011B458392E8.e.20244"}]}
RESULT: {"script":"<script> [8489 bytes]","args":[{"element-6066-11e4-a52e-4f735466cecf":"f.A224BA6FA6224D464A8F44AD5BF2EA9F.d.1214CECA2000C3BDA7D7011B458392E8.e.20244","ELEMENT":"f.A224BA6FA6224D464A8F44AD5BF2EA9F.d.1214CECA2000C3BDA7D7011B458392E8.e.20244"}]}
COMMAND: GET /session/25c011aa293abf97c7913f308519c6b0/element/f.A224BA6FA6224D464A8F44AD5BF2EA9F.d.1214CECA2000C3BDA7D7011B458392E8.e.20244/enabled - {}
COMMAND: GET /session/25c011aa293abf97c7913f308519c6b0/screenshot - {}
RESULT: {}
COMMAND: POST /session/25c011aa293abf97c7913f308519c6b0/execute/sync - {"script":"<script> [8489 bytes]","args":[{"element-6066-11e4-a52e-4f735466cecf":"f.A224BA6FA6224D464A8F44AD5BF2EA9F.d.1214CECA2000C3BDA7D7011B458392E8.e.20244","ELEMENT":"f.A224BA6FA6224D464A8F44AD5BF2EA9F.d.1214CECA2000C3BDA7D7011B458392E8.e.20244"}]}
COMMAND: GET /session/25c011aa293abf97c7913f308519c6b0/screenshot - {}
RESULT: {}
RESULT: {"script":"<script> [8489 bytes]","args":[{"element-6066-11e4-a52e-4f735466cecf":"f.A224BA6FA6224D464A8F44AD5BF2EA9F.d.1214CECA2000C3BDA7D7011B458392E8.e.20244","ELEMENT":"f.A224BA6FA6224D464A8F44AD5BF2EA9F.d.1214CECA2000C3BDA7D7011B458392E8.e.20244"}]}
COMMAND: POST /session/25c011aa293abf97c7913f308519c6b0/execute/sync - {"script":"<script> [5351 bytes]","args":[{"element-6066-11e4-a52e-4f735466cecf":"f.A224BA6FA6224D464A8F44AD5BF2EA9F.d.1214CECA2000C3BDA7D7011B458392E8.e.20244","ELEMENT":"f.A224BA6FA6224D464A8F44AD5BF2EA9F.d.1214CECA2000C3BDA7D7011B458392E8.e.20244"}]}
COMMAND: GET /session/25c011aa293abf97c7913f308519c6b0/screenshot - {}
RESULT: {}
RESULT: {"script":"<script> [5351 bytes]","args":[{"element-6066-11e4-a52e-4f735466cecf":"f.A224BA6FA6224D464A8F44AD5BF2EA9F.d.1214CECA2000C3BDA7D7011B458392E8.e.20244","ELEMENT":"f.A224BA6FA6224D464A8F44AD5BF2EA9F.d.1214CECA2000C3BDA7D7011B458392E8.e.20244"}]}
COMMAND: POST /session/25c011aa293abf97c7913f308519c6b0/element/f.A224BA6FA6224D464A8F44AD5BF2EA9F.d.1214CECA2000C3BDA7D7011B458392E8.e.20244/click - {}
COMMAND: GET /session/25c011aa293abf97c7913f308519c6b0/screenshot - {}
RESULT: {}
RESULT: {}
COMMAND: GET /session/25c011aa293abf97c7913f308519c6b0/screenshot - {}
COMMAND: POST /session/25c011aa293abf97c7913f308519c6b0/element - {"using":"xpath","value":"//span[contains(@id ,\"AddNewHO--typeSelect-arrow\")]"}
RESULT: {}
RESULT: {}
RESULT: {"using":"xpath","value":"//span[contains(@id ,\"AddNewHO--typeSelect-arrow\")]"}
COMMAND: POST /session/25c011aa293abf97c7913f308519c6b0/element/f.A224BA6FA6224D464A8F44AD5BF2EA9F.d.1214CECA2000C3BDA7D7011B458392E8.e.20588/click - {}
RESULT: {}
COMMAND: GET /session/25c011aa293abf97c7913f308519c6b0/screenshot - {}
RESULT: {}
COMMAND: POST /session/25c011aa293abf97c7913f308519c6b0/element - {"using":"xpath","value":"(//li[contains(text(), \"stock increase yard\")])[1]"}
RESULT: {"using":"xpath","value":"(//li[contains(text(), \"stock increase yard\")])[1]"}
COMMAND: POST /session/25c011aa293abf97c7913f308519c6b0/element/f.A224BA6FA6224D464A8F44AD5BF2EA9F.d.1214CECA2000C3BDA7D7011B458392E8.e.20589/click - {}
RESULT: {}
COMMAND: GET /session/25c011aa293abf97c7913f308519c6b0/screenshot - {}
RESULT: {}
COMMAND: POST /session/25c011aa293abf97c7913f308519c6b0/execute/async - {"script":"<script> [1562 bytes]","args":[{"selector":{"id":"application-managehandovers-display-component---AddNewHO--dueDate","interaction":{"idSuffix":"inner"}},"wdio_ui5_key":"applicationmanagehandovers-display-component---AddNewHO--dueDate"}]}
RESULT: {"script":"<script> [1562 bytes]","args":[{"selector":{"id":"application-managehandovers-display-component---AddNewHO--dueDate","interaction":{"idSuffix":"inner"}},"wdio_ui5_key":"applicationmanagehandovers-display-component---AddNewHO--dueDate"}]}
RESULT: undefined
COMMAND: POST /session/25c011aa293abf97c7913f308519c6b0/execute/async - {"script":"<script> [6424 bytes]","args":[{"element-6066-11e4-a52e-4f735466cecf":"f.A224BA6FA6224D464A8F44AD5BF2EA9F.d.1214CECA2000C3BDA7D7011B458392E8.e.20593"},"setValue",["6/13/25"]]}
RESULT: {"script":"<script> [6424 bytes]","args":[{"element-6066-11e4-a52e-4f735466cecf":"f.A224BA6FA6224D464A8F44AD5BF2EA9F.d.1214CECA2000C3BDA7D7011B458392E8.e.20593"},"setValue",["6/13/25"]]}
COMMAND: POST /session/25c011aa293abf97c7913f308519c6b0/element - {"using":"xpath","value":"//input[@id=\"generalSectionFrg--receiveYard-inner\"]"}
RESULT: {"using":"xpath","value":"//input[@id=\"generalSectionFrg--receiveYard-inner\"]"}
COMMAND: POST /session/25c011aa293abf97c7913f308519c6b0/element/f.A224BA6FA6224D464A8F44AD5BF2EA9F.d.1214CECA2000C3BDA7D7011B458392E8.e.20599/clear - {}
RESULT: {}
COMMAND: POST /session/25c011aa293abf97c7913f308519c6b0/element/f.A224BA6FA6224D464A8F44AD5BF2EA9F.d.1214CECA2000C3BDA7D7011B458392E8.e.20599/value - {"text":"244"}
COMMAND: GET /session/25c011aa293abf97c7913f308519c6b0/screenshot - {}
RESULT: {"text":"244"}
COMMAND: GET /session/25c011aa293abf97c7913f308519c6b0/screenshot - {}
RESULT: {}
RESULT: {}
COMMAND: POST /session/25c011aa293abf97c7913f308519c6b0/element - {"using":"xpath","value":"//li[.//span[contains(normalize-space(.), '244 -')]]"}
RESULT: {"using":"xpath","value":"//li[.//span[contains(normalize-space(.), '244 -')]]"}
COMMAND: POST /session/25c011aa293abf97c7913f308519c6b0/element/f.A224BA6FA6224D464A8F44AD5BF2EA9F.d.1214CECA2000C3BDA7D7011B458392E8.e.20615/click - {}
RESULT: {}
COMMAND: GET /session/25c011aa293abf97c7913f308519c6b0/screenshot - {}
RESULT: {}
COMMAND: POST /session/25c011aa293abf97c7913f308519c6b0/execute/async - {"script":"<script> [1562 bytes]","args":[{"selector":{"id":"application-managehandovers-display-component---AddNewHO--ObjectPageLayout-anchBar-application-managehandovers-display-component---AddNewHO--section4-anchor","interaction":{"idSuffix":"BDI-content"}},"wdio_ui5_key":"applicationmanagehandovers-display-component---AddNewHO--ObjectPageLayout-anchBar-application-managehandovers-display-component---AddNewHO--section4-anchor"}]}
RESULT: {"script":"<script> [1562 bytes]","args":[{"selector":{"id":"application-managehandovers-display-component---AddNewHO--ObjectPageLayout-anchBar-application-managehandovers-display-component---AddNewHO--section4-anchor","interaction":{"idSuffix":"BDI-content"}},"wdio_ui5_key":"applicationmanagehandovers-display-component---AddNewHO--ObjectPageLayout-anchBar-application-managehandovers-display-component---AddNewHO--section4-anchor"}]}
RESULT: undefined
COMMAND: POST /session/25c011aa293abf97c7913f308519c6b0/element - {"using":"xpath","value":"//*[@id=\"application-managehandovers-display-component---AddNewHO--ObjectPageLayout-anchBar-application-managehandovers-display-component---AddNewHO--section4-anchor\"]"}
RESULT: {"using":"xpath","value":"//*[@id=\"application-managehandovers-display-component---AddNewHO--ObjectPageLayout-anchBar-application-managehandovers-display-component---AddNewHO--section4-anchor\"]"}
COMMAND: POST /session/25c011aa293abf97c7913f308519c6b0/element/f.A224BA6FA6224D464A8F44AD5BF2EA9F.d.1214CECA2000C3BDA7D7011B458392E8.e.20617/click - {}
RESULT: {}
COMMAND: GET /session/25c011aa293abf97c7913f308519c6b0/screenshot - {}
RESULT: {}
COMMAND: POST /session/25c011aa293abf97c7913f308519c6b0/element - {"using":"xpath","value":"//button[@aria-label=\"Add\"]"}
RESULT: {"using":"xpath","value":"//button[@aria-label=\"Add\"]"}
COMMAND: POST /session/25c011aa293abf97c7913f308519c6b0/element/f.A224BA6FA6224D464A8F44AD5BF2EA9F.d.1214CECA2000C3BDA7D7011B458392E8.e.20621/click - {}
RESULT: {}
COMMAND: GET /session/25c011aa293abf97c7913f308519c6b0/screenshot - {}
RESULT: {}
COMMAND: POST /session/25c011aa293abf97c7913f308519c6b0/execute/async - {"script":"<script> [1562 bytes]","args":[{"selector":{"id":"application-managehandovers-display-component---AddNewHO--smartFilterBar-btnBasicSearch","searchOpenDialogs":true,"interaction":{"idSuffix":"I"}},"wdio_ui5_key":"applicationmanagehandovers-display-component---AddNewHO--smartFilterBar-btnBasicSearch"}]}
RESULT: {"script":"<script> [1562 bytes]","args":[{"selector":{"id":"application-managehandovers-display-component---AddNewHO--smartFilterBar-btnBasicSearch","searchOpenDialogs":true,"interaction":{"idSuffix":"I"}},"wdio_ui5_key":"applicationmanagehandovers-display-component---AddNewHO--smartFilterBar-btnBasicSearch"}]}
RESULT: undefined
COMMAND: POST /session/25c011aa293abf97c7913f308519c6b0/execute/async - {"script":"<script> [776 bytes]","args":[{"enterText":"pdNAbLnVW7","selector":{"id":"application-managehandovers-display-component---AddNewHO--smartFilterBar-btnBasicSearch","searchOpenDialogs":true,"interaction":{"idSuffix":"I"}},"clearTextFirst":true,"interactionType":"ENTER_TEXT"}]}
RESULT: {"script":"<script> [776 bytes]","args":[{"enterText":"pdNAbLnVW7","selector":{"id":"application-managehandovers-display-component---AddNewHO--smartFilterBar-btnBasicSearch","searchOpenDialogs":true,"interaction":{"idSuffix":"I"}},"clearTextFirst":true,"interactionType":"ENTER_TEXT"}]}
COMMAND: POST /session/25c011aa293abf97c7913f308519c6b0/actions - {"actions":[{"id":"action77","type":"key","parameters":{},"actions":[{"type":"keyDown","value":""},{"type":"pause","duration":10},{"type":"keyUp","value":""}]}]}
RESULT: {"actions":[{"id":"action77","type":"key","parameters":{},"actions":[{"type":"keyDown","value":""},{"type":"pause","duration":10},{"type":"keyUp","value":""}]}]}
COMMAND: GET /session/25c011aa293abf97c7913f308519c6b0/screenshot - {}
RESULT: {}
COMMAND: POST /session/25c011aa293abf97c7913f308519c6b0/execute/async - {"script":"<script> [1562 bytes]","args":[{"selector":{"id":"application-managehandovers-display-component---AddNewHO--popup-sa","searchOpenDialogs":true,"interaction":{"idSuffix":"CbBg"}},"wdio_ui5_key":"applicationmanagehandovers-display-component---AddNewHO--popup-sa"}]}
RESULT: {"script":"<script> [1562 bytes]","args":[{"selector":{"id":"application-managehandovers-display-component---AddNewHO--popup-sa","searchOpenDialogs":true,"interaction":{"idSuffix":"CbBg"}},"wdio_ui5_key":"applicationmanagehandovers-display-component---AddNewHO--popup-sa"}]}
RESULT: undefined
COMMAND: POST /session/25c011aa293abf97c7913f308519c6b0/element - {"using":"xpath","value":"//*[@id=\"application-managehandovers-display-component---AddNewHO--popup-sa\"]"}
RESULT: {"using":"xpath","value":"//*[@id=\"application-managehandovers-display-component---AddNewHO--popup-sa\"]"}
COMMAND: POST /session/25c011aa293abf97c7913f308519c6b0/element/f.A224BA6FA6224D464A8F44AD5BF2EA9F.d.1214CECA2000C3BDA7D7011B458392E8.e.20774/click - {}
RESULT: {}
COMMAND: GET /session/25c011aa293abf97c7913f308519c6b0/screenshot - {}
RESULT: {}
COMMAND: POST /session/25c011aa293abf97c7913f308519c6b0/element - {"using":"xpath","value":"//bdi[contains(text(), \"Select\")]"}
RESULT: {"using":"xpath","value":"//bdi[contains(text(), \"Select\")]"}
COMMAND: POST /session/25c011aa293abf97c7913f308519c6b0/element/f.A224BA6FA6224D464A8F44AD5BF2EA9F.d.1214CECA2000C3BDA7D7011B458392E8.e.20775/click - {}
RESULT: {}
COMMAND: GET /session/25c011aa293abf97c7913f308519c6b0/screenshot - {}
RESULT: {}
COMMAND: POST /session/25c011aa293abf97c7913f308519c6b0/element - {"using":"xpath","value":"//button[@data-kt=\"AddNewHOSaveButton\"]"}
RESULT: {"using":"xpath","value":"//button[@data-kt=\"AddNewHOSaveButton\"]"}
COMMAND: POST /session/25c011aa293abf97c7913f308519c6b0/element/f.A224BA6FA6224D464A8F44AD5BF2EA9F.d.1214CECA2000C3BDA7D7011B458392E8.e.20779/click - {}
RESULT: {}
COMMAND: GET /session/25c011aa293abf97c7913f308519c6b0/screenshot - {}
COMMAND: POST /session/25c011aa293abf97c7913f308519c6b0/execute/async - {"script":"<script> [1562 bytes]","args":[{"selector":{"id":"receiptDatePicker","viewName":"etm.portal.ui.managehandovers.view.DetailExecuteHO","interaction":{"idSuffix":"inner"}},"wdio_ui5_key":"receiptDatePickeretmportal.ui.managehandovers.view.DetailExecuteHO"}]}
RESULT: {}
RESULT: {"script":"<script> [1562 bytes]","args":[{"selector":{"id":"receiptDatePicker","viewName":"etm.portal.ui.managehandovers.view.DetailExecuteHO","interaction":{"idSuffix":"inner"}},"wdio_ui5_key":"receiptDatePickeretmportal.ui.managehandovers.view.DetailExecuteHO"}]}
RESULT: undefined
COMMAND: POST /session/25c011aa293abf97c7913f308519c6b0/execute/async - {"script":"<script> [6424 bytes]","args":[{"element-6066-11e4-a52e-4f735466cecf":"f.A224BA6FA6224D464A8F44AD5BF2EA9F.d.1214CECA2000C3BDA7D7011B458392E8.e.20809"},"setValue",["6/13/25"]]}
RESULT: {"script":"<script> [6424 bytes]","args":[{"element-6066-11e4-a52e-4f735466cecf":"f.A224BA6FA6224D464A8F44AD5BF2EA9F.d.1214CECA2000C3BDA7D7011B458392E8.e.20809"},"setValue",["6/13/25"]]}
COMMAND: POST /session/25c011aa293abf97c7913f308519c6b0/element - {"using":"xpath","value":"//button[@data-kt=\"ReceivingTableConfirmAllButton\"]"}
RESULT: {"using":"xpath","value":"//button[@data-kt=\"ReceivingTableConfirmAllButton\"]"}
COMMAND: POST /session/25c011aa293abf97c7913f308519c6b0/element/f.A224BA6FA6224D464A8F44AD5BF2EA9F.d.1214CECA2000C3BDA7D7011B458392E8.e.20823/click - {}
RESULT: {}
COMMAND: GET /session/25c011aa293abf97c7913f308519c6b0/screenshot - {}
RESULT: {}
COMMAND: POST /session/25c011aa293abf97c7913f308519c6b0/element - {"using":"xpath","value":"//bdi[contains(text(), \"OK\")]"}
RESULT: {"using":"xpath","value":"//bdi[contains(text(), \"OK\")]"}
COMMAND: POST /session/25c011aa293abf97c7913f308519c6b0/element/f.A224BA6FA6224D464A8F44AD5BF2EA9F.d.1214CECA2000C3BDA7D7011B458392E8.e.20825/click - {}
RESULT: {}
COMMAND: GET /session/25c011aa293abf97c7913f308519c6b0/screenshot - {}
RESULT: {}
COMMAND: POST /session/25c011aa293abf97c7913f308519c6b0/element - {"using":"xpath","value":"(//bdi[contains(text(), \"Receive\")])[2]"}
RESULT: {"using":"xpath","value":"(//bdi[contains(text(), \"Receive\")])[2]"}
COMMAND: POST /session/25c011aa293abf97c7913f308519c6b0/element/f.A224BA6FA6224D464A8F44AD5BF2EA9F.d.1214CECA2000C3BDA7D7011B458392E8.e.20827/click - {}
RESULT: {}
COMMAND: GET /session/25c011aa293abf97c7913f308519c6b0/screenshot - {}
RESULT: {}
COMMAND: POST /session/25c011aa293abf97c7913f308519c6b0/element - {"using":"css selector","value":"#shell-header-logo"}
RESULT: {"using":"css selector","value":"#shell-header-logo"}
COMMAND: POST /session/25c011aa293abf97c7913f308519c6b0/element/f.A224BA6FA6224D464A8F44AD5BF2EA9F.d.1214CECA2000C3BDA7D7011B458392E8.e.20211/click - {}
RESULT: {}
COMMAND: GET /session/25c011aa293abf97c7913f308519c6b0/screenshot - {}
RESULT: {}
]]></system-out>
    </testcase>
    <testcase classname="chrome.137_0_7151_69.windows.Billing_Calculation_-_Time_based_(considering_transport_times)_US139738" name="Should create a new contract" time="60.349">
      <system-out><![CDATA[
COMMAND: POST /session/25c011aa293abf97c7913f308519c6b0/execute/async - {"script":"<script> [1562 bytes]","args":[{"selector":{"controlType":"sap.m.GenericTile","properties":{"header":"Manage Contracts"}},"wdio_ui5_key":"sapm.GenericTile{\"header\":\"Manage Contracts\"}"}]}
RESULT: {"script":"<script> [1562 bytes]","args":[{"selector":{"controlType":"sap.m.GenericTile","properties":{"header":"Manage Contracts"}},"wdio_ui5_key":"sapm.GenericTile{\"header\":\"Manage Contracts\"}"}]}
RESULT: undefined
COMMAND: POST /session/25c011aa293abf97c7913f308519c6b0/element - {"using":"xpath","value":"//*[@id=\"__tile132\"]"}
RESULT: {"using":"xpath","value":"//*[@id=\"__tile132\"]"}
COMMAND: POST /session/25c011aa293abf97c7913f308519c6b0/element/f.A224BA6FA6224D464A8F44AD5BF2EA9F.d.1214CECA2000C3BDA7D7011B458392E8.e.18882/click - {}
RESULT: {}
COMMAND: GET /session/25c011aa293abf97c7913f308519c6b0/screenshot - {}
COMMAND: POST /session/25c011aa293abf97c7913f308519c6b0/elements - {"using":"xpath","value":"//span[text()='Error']"}
RESULT: {}
RESULT: {"using":"xpath","value":"//span[text()='Error']"}
COMMAND: POST /session/25c011aa293abf97c7913f308519c6b0/element - {"using":"xpath","value":"//button[@data-kt=\"addButton\"]"}
RESULT: {"using":"xpath","value":"//button[@data-kt=\"addButton\"]"}
COMMAND: POST /session/25c011aa293abf97c7913f308519c6b0/elements - {"using":"xpath","value":"//button[@data-kt=\"addButton\"]"}
RESULT: {"using":"xpath","value":"//button[@data-kt=\"addButton\"]"}
COMMAND: POST /session/25c011aa293abf97c7913f308519c6b0/execute/sync - {"script":"<script> [8489 bytes]","args":[{"element-6066-11e4-a52e-4f735466cecf":"f.A224BA6FA6224D464A8F44AD5BF2EA9F.d.1214CECA2000C3BDA7D7011B458392E8.e.21046","ELEMENT":"f.A224BA6FA6224D464A8F44AD5BF2EA9F.d.1214CECA2000C3BDA7D7011B458392E8.e.21046"}]}
RESULT: {"script":"<script> [8489 bytes]","args":[{"element-6066-11e4-a52e-4f735466cecf":"f.A224BA6FA6224D464A8F44AD5BF2EA9F.d.1214CECA2000C3BDA7D7011B458392E8.e.21046","ELEMENT":"f.A224BA6FA6224D464A8F44AD5BF2EA9F.d.1214CECA2000C3BDA7D7011B458392E8.e.21046"}]}
COMMAND: GET /session/25c011aa293abf97c7913f308519c6b0/element/f.A224BA6FA6224D464A8F44AD5BF2EA9F.d.1214CECA2000C3BDA7D7011B458392E8.e.21046/enabled - {}
COMMAND: GET /session/25c011aa293abf97c7913f308519c6b0/screenshot - {}
RESULT: {}
COMMAND: POST /session/25c011aa293abf97c7913f308519c6b0/execute/sync - {"script":"<script> [8489 bytes]","args":[{"element-6066-11e4-a52e-4f735466cecf":"f.A224BA6FA6224D464A8F44AD5BF2EA9F.d.1214CECA2000C3BDA7D7011B458392E8.e.21046","ELEMENT":"f.A224BA6FA6224D464A8F44AD5BF2EA9F.d.1214CECA2000C3BDA7D7011B458392E8.e.21046"}]}
COMMAND: GET /session/25c011aa293abf97c7913f308519c6b0/screenshot - {}
RESULT: {}
RESULT: {"script":"<script> [8489 bytes]","args":[{"element-6066-11e4-a52e-4f735466cecf":"f.A224BA6FA6224D464A8F44AD5BF2EA9F.d.1214CECA2000C3BDA7D7011B458392E8.e.21046","ELEMENT":"f.A224BA6FA6224D464A8F44AD5BF2EA9F.d.1214CECA2000C3BDA7D7011B458392E8.e.21046"}]}
COMMAND: POST /session/25c011aa293abf97c7913f308519c6b0/execute/sync - {"script":"<script> [5351 bytes]","args":[{"element-6066-11e4-a52e-4f735466cecf":"f.A224BA6FA6224D464A8F44AD5BF2EA9F.d.1214CECA2000C3BDA7D7011B458392E8.e.21046","ELEMENT":"f.A224BA6FA6224D464A8F44AD5BF2EA9F.d.1214CECA2000C3BDA7D7011B458392E8.e.21046"}]}
COMMAND: GET /session/25c011aa293abf97c7913f308519c6b0/screenshot - {}
RESULT: {}
RESULT: {"script":"<script> [5351 bytes]","args":[{"element-6066-11e4-a52e-4f735466cecf":"f.A224BA6FA6224D464A8F44AD5BF2EA9F.d.1214CECA2000C3BDA7D7011B458392E8.e.21046","ELEMENT":"f.A224BA6FA6224D464A8F44AD5BF2EA9F.d.1214CECA2000C3BDA7D7011B458392E8.e.21046"}]}
COMMAND: GET /session/25c011aa293abf97c7913f308519c6b0/screenshot - {}
RESULT: {}
RESULT: {}
COMMAND: POST /session/25c011aa293abf97c7913f308519c6b0/element/f.A224BA6FA6224D464A8F44AD5BF2EA9F.d.1214CECA2000C3BDA7D7011B458392E8.e.21046/click - {}
RESULT: {}
COMMAND: GET /session/25c011aa293abf97c7913f308519c6b0/screenshot - {}
COMMAND: POST /session/25c011aa293abf97c7913f308519c6b0/execute/async - {"script":"<script> [1562 bytes]","args":[{"selector":{"id":"application-managecontracts-display-component---AddNewContract--projectDescription","interaction":{"idSuffix":"inner"}},"wdio_ui5_key":"applicationmanagecontracts-display-component---AddNewContract--projectDescription"}]}
RESULT: {}
RESULT: {"script":"<script> [1562 bytes]","args":[{"selector":{"id":"application-managecontracts-display-component---AddNewContract--projectDescription","interaction":{"idSuffix":"inner"}},"wdio_ui5_key":"applicationmanagecontracts-display-component---AddNewContract--projectDescription"}]}
RESULT: undefined
COMMAND: POST /session/25c011aa293abf97c7913f308519c6b0/execute/async - {"script":"<script> [776 bytes]","args":[{"enterText":"Contract WDIO","selector":{"id":"application-managecontracts-display-component---AddNewContract--projectDescription","interaction":{"idSuffix":"inner"}},"clearTextFirst":true,"interactionType":"ENTER_TEXT"}]}
RESULT: {"script":"<script> [776 bytes]","args":[{"enterText":"Contract WDIO","selector":{"id":"application-managecontracts-display-component---AddNewContract--projectDescription","interaction":{"idSuffix":"inner"}},"clearTextFirst":true,"interactionType":"ENTER_TEXT"}]}
COMMAND: POST /session/25c011aa293abf97c7913f308519c6b0/element - {"using":"xpath","value":"//input[@id=\"application-managecontracts-display-component---AddNewContract--site-inner\"]"}
RESULT: {"using":"xpath","value":"//input[@id=\"application-managecontracts-display-component---AddNewContract--site-inner\"]"}
COMMAND: POST /session/25c011aa293abf97c7913f308519c6b0/element/f.A224BA6FA6224D464A8F44AD5BF2EA9F.d.1214CECA2000C3BDA7D7011B458392E8.e.21370/clear - {}
RESULT: {}
COMMAND: POST /session/25c011aa293abf97c7913f308519c6b0/element/f.A224BA6FA6224D464A8F44AD5BF2EA9F.d.1214CECA2000C3BDA7D7011B458392E8.e.21370/value - {"text":"2090"}
COMMAND: GET /session/25c011aa293abf97c7913f308519c6b0/screenshot - {}
RESULT: {"text":"2090"}
COMMAND: GET /session/25c011aa293abf97c7913f308519c6b0/screenshot - {}
RESULT: {}
RESULT: {}
COMMAND: POST /session/25c011aa293abf97c7913f308519c6b0/element - {"using":"xpath","value":"//li[.//span[text()='2090']]"}
RESULT: {"using":"xpath","value":"//li[.//span[text()='2090']]"}
COMMAND: POST /session/25c011aa293abf97c7913f308519c6b0/element/f.A224BA6FA6224D464A8F44AD5BF2EA9F.d.1214CECA2000C3BDA7D7011B458392E8.e.21452/click - {}
RESULT: {}
COMMAND: GET /session/25c011aa293abf97c7913f308519c6b0/screenshot - {}
RESULT: {}
COMMAND: POST /session/25c011aa293abf97c7913f308519c6b0/element - {"using":"xpath","value":"//input[@id=\"application-managecontracts-display-component---AddNewContract--yardId-inner\"]"}
RESULT: {"using":"xpath","value":"//input[@id=\"application-managecontracts-display-component---AddNewContract--yardId-inner\"]"}
COMMAND: GET /session/25c011aa293abf97c7913f308519c6b0/element/f.A224BA6FA6224D464A8F44AD5BF2EA9F.d.1214CECA2000C3BDA7D7011B458392E8.e.21371/property/value - {}
RESULT: {}
COMMAND: POST /session/25c011aa293abf97c7913f308519c6b0/element - {"using":"xpath","value":"//input[@id=\"application-managecontracts-display-component---AddNewContract--customerSelect-inner\"]"}
COMMAND: GET /session/25c011aa293abf97c7913f308519c6b0/screenshot - {}
RESULT: {"using":"xpath","value":"//input[@id=\"application-managecontracts-display-component---AddNewContract--customerSelect-inner\"]"}
COMMAND: POST /session/25c011aa293abf97c7913f308519c6b0/element/f.A224BA6FA6224D464A8F44AD5BF2EA9F.d.1214CECA2000C3BDA7D7011B458392E8.e.21369/clear - {}
RESULT: {}
RESULT: {}
COMMAND: POST /session/25c011aa293abf97c7913f308519c6b0/element/f.A224BA6FA6224D464A8F44AD5BF2EA9F.d.1214CECA2000C3BDA7D7011B458392E8.e.21369/value - {"text":"1095"}
COMMAND: GET /session/25c011aa293abf97c7913f308519c6b0/screenshot - {}
RESULT: {"text":"1095"}
COMMAND: GET /session/25c011aa293abf97c7913f308519c6b0/screenshot - {}
RESULT: {}
RESULT: {}
COMMAND: POST /session/25c011aa293abf97c7913f308519c6b0/element - {"using":"xpath","value":"//li[.//span[text()='1095']]"}
RESULT: {"using":"xpath","value":"//li[.//span[text()='1095']]"}
COMMAND: POST /session/25c011aa293abf97c7913f308519c6b0/element/f.A224BA6FA6224D464A8F44AD5BF2EA9F.d.1214CECA2000C3BDA7D7011B458392E8.e.21455/click - {}
RESULT: {}
COMMAND: GET /session/25c011aa293abf97c7913f308519c6b0/screenshot - {}
RESULT: {}
COMMAND: POST /session/25c011aa293abf97c7913f308519c6b0/element - {"using":"xpath","value":"//button[@data-kt=\"saveButton\"]"}
RESULT: {"using":"xpath","value":"//button[@data-kt=\"saveButton\"]"}
COMMAND: POST /session/25c011aa293abf97c7913f308519c6b0/element/f.A224BA6FA6224D464A8F44AD5BF2EA9F.d.1214CECA2000C3BDA7D7011B458392E8.e.21445/click - {}
RESULT: {}
COMMAND: GET /session/25c011aa293abf97c7913f308519c6b0/screenshot - {}
RESULT: {}
COMMAND: POST /session/25c011aa293abf97c7913f308519c6b0/element - {"using":"xpath","value":"//span[contains(@id ,\"contractDetailTitleNoExpanded\")]"}
RESULT: {"using":"xpath","value":"//span[contains(@id ,\"contractDetailTitleNoExpanded\")]"}
COMMAND: POST /session/25c011aa293abf97c7913f308519c6b0/elements - {"using":"xpath","value":"//span[contains(@id ,\"contractDetailTitleNoExpanded\")]"}
RESULT: {"using":"xpath","value":"//span[contains(@id ,\"contractDetailTitleNoExpanded\")]"}
COMMAND: POST /session/25c011aa293abf97c7913f308519c6b0/execute/sync - {"script":"<script> [56 bytes]","args":[{"element-6066-11e4-a52e-4f735466cecf":"f.A224BA6FA6224D464A8F44AD5BF2EA9F.d.1214CECA2000C3BDA7D7011B458392E8.e.21526","ELEMENT":"f.A224BA6FA6224D464A8F44AD5BF2EA9F.d.1214CECA2000C3BDA7D7011B458392E8.e.21526"}]}
RESULT: {"script":"<script> [56 bytes]","args":[{"element-6066-11e4-a52e-4f735466cecf":"f.A224BA6FA6224D464A8F44AD5BF2EA9F.d.1214CECA2000C3BDA7D7011B458392E8.e.21526","ELEMENT":"f.A224BA6FA6224D464A8F44AD5BF2EA9F.d.1214CECA2000C3BDA7D7011B458392E8.e.21526"}]}
COMMAND: GET /session/25c011aa293abf97c7913f308519c6b0/screenshot - {}
RESULT: {}
]]></system-out>
    </testcase>
    <testcase classname="chrome.137_0_7151_69.windows.Billing_Calculation_-_Time_based_(considering_transport_times)_US139738" name="Should add transport time checkbox on contract details" time="17.295">
      <system-out><![CDATA[
COMMAND: POST /session/25c011aa293abf97c7913f308519c6b0/element - {"using":"xpath","value":"//button[@data-kt=\"contractDetailEditBtnButton\"]"}
RESULT: {"using":"xpath","value":"//button[@data-kt=\"contractDetailEditBtnButton\"]"}
COMMAND: POST /session/25c011aa293abf97c7913f308519c6b0/element/f.A224BA6FA6224D464A8F44AD5BF2EA9F.d.1214CECA2000C3BDA7D7011B458392E8.e.21529/click - {}
RESULT: {}
COMMAND: GET /session/25c011aa293abf97c7913f308519c6b0/screenshot - {}
RESULT: {}
COMMAND: POST /session/25c011aa293abf97c7913f308519c6b0/element - {"using":"xpath","value":"(//span[contains(text(), \"Contract Billing\")])[2]"}
RESULT: {"using":"xpath","value":"(//span[contains(text(), \"Contract Billing\")])[2]"}
COMMAND: POST /session/25c011aa293abf97c7913f308519c6b0/element/f.A224BA6FA6224D464A8F44AD5BF2EA9F.d.1214CECA2000C3BDA7D7011B458392E8.e.21584/click - {}
RESULT: {}
COMMAND: GET /session/25c011aa293abf97c7913f308519c6b0/screenshot - {}
RESULT: {}
COMMAND: POST /session/25c011aa293abf97c7913f308519c6b0/element - {"using":"xpath","value":"(//div[contains(@id, \"transportTimesBilled-CbBg\")])"}
RESULT: {"using":"xpath","value":"(//div[contains(@id, \"transportTimesBilled-CbBg\")])"}
COMMAND: POST /session/25c011aa293abf97c7913f308519c6b0/element/f.A224BA6FA6224D464A8F44AD5BF2EA9F.d.1214CECA2000C3BDA7D7011B458392E8.e.21616/click - {}
RESULT: {}
COMMAND: GET /session/25c011aa293abf97c7913f308519c6b0/screenshot - {}
RESULT: {}
COMMAND: POST /session/25c011aa293abf97c7913f308519c6b0/element - {"using":"xpath","value":"(//button[@data-kt=\"saveButton\"])[2]"}
RESULT: {"using":"xpath","value":"(//button[@data-kt=\"saveButton\"])[2]"}
COMMAND: POST /session/25c011aa293abf97c7913f308519c6b0/element/f.A224BA6FA6224D464A8F44AD5BF2EA9F.d.1214CECA2000C3BDA7D7011B458392E8.e.21617/click - {}
RESULT: {}
COMMAND: GET /session/25c011aa293abf97c7913f308519c6b0/screenshot - {}
RESULT: {}
]]></system-out>
    </testcase>
    <testcase classname="chrome.137_0_7151_69.windows.Billing_Calculation_-_Time_based_(considering_transport_times)_US139738" name="Should add created equipment to contract" time="48.538">
      <system-out><![CDATA[
COMMAND: POST /session/25c011aa293abf97c7913f308519c6b0/element - {"using":"xpath","value":"//button[@data-kt=\"contractDetailEditBtnButton\"]"}
RESULT: {"using":"xpath","value":"//button[@data-kt=\"contractDetailEditBtnButton\"]"}
COMMAND: POST /session/25c011aa293abf97c7913f308519c6b0/element/f.A224BA6FA6224D464A8F44AD5BF2EA9F.d.1214CECA2000C3BDA7D7011B458392E8.e.21529/click - {}
RESULT: {}
COMMAND: GET /session/25c011aa293abf97c7913f308519c6b0/screenshot - {}
RESULT: {}
COMMAND: POST /session/25c011aa293abf97c7913f308519c6b0/element - {"using":"xpath","value":"(//span[contains(text(), \"Additional Addresses\")])[2]"}
RESULT: {"using":"xpath","value":"(//span[contains(text(), \"Additional Addresses\")])[2]"}
COMMAND: POST /session/25c011aa293abf97c7913f308519c6b0/element/f.A224BA6FA6224D464A8F44AD5BF2EA9F.d.1214CECA2000C3BDA7D7011B458392E8.e.21633/click - {}
RESULT: {}
COMMAND: GET /session/25c011aa293abf97c7913f308519c6b0/screenshot - {}
RESULT: {}
COMMAND: POST /session/25c011aa293abf97c7913f308519c6b0/element - {"using":"xpath","value":"//button[@data-kt=\"btnAddTableRowOverflowToolbarButton\"]"}
RESULT: {"using":"xpath","value":"//button[@data-kt=\"btnAddTableRowOverflowToolbarButton\"]"}
COMMAND: POST /session/25c011aa293abf97c7913f308519c6b0/element/f.A224BA6FA6224D464A8F44AD5BF2EA9F.d.1214CECA2000C3BDA7D7011B458392E8.e.21636/click - {}
RESULT: {}
COMMAND: GET /session/25c011aa293abf97c7913f308519c6b0/screenshot - {}
RESULT: {}
COMMAND: POST /session/25c011aa293abf97c7913f308519c6b0/element - {"using":"xpath","value":"//div[(text() = 'Standard Entry' or . = 'Standard Entry')]"}
RESULT: {"using":"xpath","value":"//div[(text() = 'Standard Entry' or . = 'Standard Entry')]"}
COMMAND: POST /session/25c011aa293abf97c7913f308519c6b0/element/f.A224BA6FA6224D464A8F44AD5BF2EA9F.d.1214CECA2000C3BDA7D7011B458392E8.e.21638/click - {}
RESULT: {}
COMMAND: GET /session/25c011aa293abf97c7913f308519c6b0/screenshot - {}
RESULT: {}
COMMAND: POST /session/25c011aa293abf97c7913f308519c6b0/element - {"using":"xpath","value":"//td[7]/div/div/input"}
RESULT: {"using":"xpath","value":"//td[7]/div/div/input"}
COMMAND: POST /session/25c011aa293abf97c7913f308519c6b0/element/f.A224BA6FA6224D464A8F44AD5BF2EA9F.d.1214CECA2000C3BDA7D7011B458392E8.e.21647/clear - {}
RESULT: {}
COMMAND: POST /session/25c011aa293abf97c7913f308519c6b0/element/f.A224BA6FA6224D464A8F44AD5BF2EA9F.d.1214CECA2000C3BDA7D7011B458392E8.e.21647/value - {"text":"pdNAbLnVW7"}
COMMAND: GET /session/25c011aa293abf97c7913f308519c6b0/screenshot - {}
RESULT: {"text":"pdNAbLnVW7"}
COMMAND: GET /session/25c011aa293abf97c7913f308519c6b0/screenshot - {}
RESULT: {}
RESULT: {}
COMMAND: POST /session/25c011aa293abf97c7913f308519c6b0/actions - {"actions":[{"id":"action78","type":"key","parameters":{},"actions":[{"type":"keyDown","value":""},{"type":"pause","duration":10},{"type":"keyUp","value":""}]}]}
RESULT: {"actions":[{"id":"action78","type":"key","parameters":{},"actions":[{"type":"keyDown","value":""},{"type":"pause","duration":10},{"type":"keyUp","value":""}]}]}
COMMAND: GET /session/25c011aa293abf97c7913f308519c6b0/screenshot - {}
RESULT: {}
COMMAND: POST /session/25c011aa293abf97c7913f308519c6b0/execute/sync - {"script":"<script> [276 bytes]","args":["No pricing information was found"]}
RESULT: {"script":"<script> [276 bytes]","args":["No pricing information was found"]}
COMMAND: POST /session/25c011aa293abf97c7913f308519c6b0/element - {"using":"xpath","value":"(//button[@data-kt=\"saveButton\"])[2]"}
COMMAND: GET /session/25c011aa293abf97c7913f308519c6b0/screenshot - {}
RESULT: {"using":"xpath","value":"(//button[@data-kt=\"saveButton\"])[2]"}
COMMAND: POST /session/25c011aa293abf97c7913f308519c6b0/element/f.A224BA6FA6224D464A8F44AD5BF2EA9F.d.1214CECA2000C3BDA7D7011B458392E8.e.21617/click - {}
RESULT: {}
RESULT: {}
COMMAND: GET /session/25c011aa293abf97c7913f308519c6b0/screenshot - {}
RESULT: {}
COMMAND: POST /session/25c011aa293abf97c7913f308519c6b0/execute/sync - {"script":"<script> [276 bytes]","args":["Some contract items are having rental validity exceeding header rental validity"]}
RESULT: {"script":"<script> [276 bytes]","args":["Some contract items are having rental validity exceeding header rental validity"]}
COMMAND: GET /session/25c011aa293abf97c7913f308519c6b0/screenshot - {}
RESULT: {}
COMMAND: POST /session/25c011aa293abf97c7913f308519c6b0/element - {"using":"xpath","value":"//span[contains(@id ,\"contractItemsSmartTable-header-inner\")]"}
RESULT: {"using":"xpath","value":"//span[contains(@id ,\"contractItemsSmartTable-header-inner\")]"}
COMMAND: POST /session/25c011aa293abf97c7913f308519c6b0/elements - {"using":"xpath","value":"//span[contains(@id ,\"contractItemsSmartTable-header-inner\")]"}
RESULT: {"using":"xpath","value":"//span[contains(@id ,\"contractItemsSmartTable-header-inner\")]"}
COMMAND: POST /session/25c011aa293abf97c7913f308519c6b0/execute/sync - {"script":"<script> [56 bytes]","args":[{"element-6066-11e4-a52e-4f735466cecf":"f.A224BA6FA6224D464A8F44AD5BF2EA9F.d.1214CECA2000C3BDA7D7011B458392E8.e.21666","ELEMENT":"f.A224BA6FA6224D464A8F44AD5BF2EA9F.d.1214CECA2000C3BDA7D7011B458392E8.e.21666"}]}
RESULT: {"script":"<script> [56 bytes]","args":[{"element-6066-11e4-a52e-4f735466cecf":"f.A224BA6FA6224D464A8F44AD5BF2EA9F.d.1214CECA2000C3BDA7D7011B458392E8.e.21666","ELEMENT":"f.A224BA6FA6224D464A8F44AD5BF2EA9F.d.1214CECA2000C3BDA7D7011B458392E8.e.21666"}]}
]]></system-out>
    </testcase>
    <testcase classname="chrome.137_0_7151_69.windows.Billing_Calculation_-_Time_based_(considering_transport_times)_US139738" name="Should do a provide to site 2 step" time="160.5">
      <system-out><![CDATA[
COMMAND: POST /session/25c011aa293abf97c7913f308519c6b0/element - {"using":"xpath","value":"//button[@data-kt=\"provideButton\"]"}
COMMAND: GET /session/25c011aa293abf97c7913f308519c6b0/screenshot - {}
RESULT: {"using":"xpath","value":"//button[@data-kt=\"provideButton\"]"}
COMMAND: POST /session/25c011aa293abf97c7913f308519c6b0/element/f.A224BA6FA6224D464A8F44AD5BF2EA9F.d.1214CECA2000C3BDA7D7011B458392E8.e.21667/click - {}
RESULT: {}
RESULT: {}
COMMAND: GET /session/25c011aa293abf97c7913f308519c6b0/screenshot - {}
RESULT: {}
COMMAND: POST /session/25c011aa293abf97c7913f308519c6b0/element - {"using":"xpath","value":"(//div[contains(@id, \"application-managehandovers-display-component---AddNewHO--oneStep-CbBg\")])"}
RESULT: {"using":"xpath","value":"(//div[contains(@id, \"application-managehandovers-display-component---AddNewHO--oneStep-CbBg\")])"}
COMMAND: POST /session/25c011aa293abf97c7913f308519c6b0/element - {"using":"xpath","value":"(//div[contains(@id, \"application-managehandovers-display-component---AddNewHO--oneStep-CbBg\")])/input"}
RESULT: {"using":"xpath","value":"(//div[contains(@id, \"application-managehandovers-display-component---AddNewHO--oneStep-CbBg\")])/input"}
COMMAND: GET /session/25c011aa293abf97c7913f308519c6b0/element/f.A224BA6FA6224D464A8F44AD5BF2EA9F.d.1214CECA2000C3BDA7D7011B458392E8.e.21761/attribute/checked - {}
RESULT: {}
RESULT: undefined
COMMAND: POST /session/25c011aa293abf97c7913f308519c6b0/execute/async - {"script":"<script> [6424 bytes]","args":[{"element-6066-11e4-a52e-4f735466cecf":"f.A224BA6FA6224D464A8F44AD5BF2EA9F.d.1214CECA2000C3BDA7D7011B458392E8.e.20593"},"setValue",["6/13/25"]]}
COMMAND: POST /session/25c011aa293abf97c7913f308519c6b0/element/f.A224BA6FA6224D464A8F44AD5BF2EA9F.d.1214CECA2000C3BDA7D7011B458392E8.e.21979/click - {}
RESULT: {}
COMMAND: GET /session/25c011aa293abf97c7913f308519c6b0/screenshot - {}
COMMAND: POST /session/25c011aa293abf97c7913f308519c6b0/execute/async - {"script":"<script> [1562 bytes]","args":[{"selector":{"id":"application-managehandovers-display-component---AddNewHO--dueDate","interaction":{"idSuffix":"inner"}},"wdio_ui5_key":"applicationmanagehandovers-display-component---AddNewHO--dueDate"}]}
RESULT: {}
RESULT: {"script":"<script> [1562 bytes]","args":[{"selector":{"id":"application-managehandovers-display-component---AddNewHO--dueDate","interaction":{"idSuffix":"inner"}},"wdio_ui5_key":"applicationmanagehandovers-display-component---AddNewHO--dueDate"}]}
COMMAND: POST /session/25c011aa293abf97c7913f308519c6b0/execute/async - {"script":"<script> [6424 bytes]","args":[{"element-6066-11e4-a52e-4f735466cecf":"f.A224BA6FA6224D464A8F44AD5BF2EA9F.d.1214CECA2000C3BDA7D7011B458392E8.e.21757"},"setValue",["6/13/25"]]}
RESULT: {"script":"<script> [6424 bytes]","args":[{"element-6066-11e4-a52e-4f735466cecf":"f.A224BA6FA6224D464A8F44AD5BF2EA9F.d.1214CECA2000C3BDA7D7011B458392E8.e.21757"},"setValue",["6/13/25"]]}
COMMAND: POST /session/25c011aa293abf97c7913f308519c6b0/element - {"using":"xpath","value":"//bdi[contains(text(), \"Instructions\")]"}
RESULT: {"using":"xpath","value":"//bdi[contains(text(), \"Instructions\")]"}
COMMAND: POST /session/25c011aa293abf97c7913f308519c6b0/element/f.A224BA6FA6224D464A8F44AD5BF2EA9F.d.1214CECA2000C3BDA7D7011B458392E8.e.21981/click - {}
RESULT: {}
COMMAND: GET /session/25c011aa293abf97c7913f308519c6b0/screenshot - {}
RESULT: {}
COMMAND: POST /session/25c011aa293abf97c7913f308519c6b0/element - {"using":"xpath","value":"//button[@data-kt=\"AddNewHOProvideAddItemsButton\"]"}
RESULT: {"using":"xpath","value":"//button[@data-kt=\"AddNewHOProvideAddItemsButton\"]"}
COMMAND: POST /session/25c011aa293abf97c7913f308519c6b0/element/f.A224BA6FA6224D464A8F44AD5BF2EA9F.d.1214CECA2000C3BDA7D7011B458392E8.e.21985/click - {}
RESULT: {}
COMMAND: GET /session/25c011aa293abf97c7913f308519c6b0/screenshot - {}
RESULT: {}
RESULT: undefined
COMMAND: POST /session/25c011aa293abf97c7913f308519c6b0/element - {"using":"xpath","value":"//*[@id=\"application-managehandovers-display-component---AddNewHO--popup-sa\"]"}
RESULT: {"using":"xpath","value":"//*[@id=\"application-managehandovers-display-component---AddNewHO--popup-sa\"]"}
COMMAND: POST /session/25c011aa293abf97c7913f308519c6b0/element/f.A224BA6FA6224D464A8F44AD5BF2EA9F.d.1214CECA2000C3BDA7D7011B458392E8.e.21994/click - {}
RESULT: {}
COMMAND: GET /session/25c011aa293abf97c7913f308519c6b0/screenshot - {}
RESULT: {}
COMMAND: POST /session/25c011aa293abf97c7913f308519c6b0/element - {"using":"xpath","value":"//*[contains(@id ,\"BDI-content\")][contains(text(), \"Select\")]"}
RESULT: {"using":"xpath","value":"//*[contains(@id ,\"BDI-content\")][contains(text(), \"Select\")]"}
COMMAND: POST /session/25c011aa293abf97c7913f308519c6b0/element/f.A224BA6FA6224D464A8F44AD5BF2EA9F.d.1214CECA2000C3BDA7D7011B458392E8.e.21996/click - {}
RESULT: {}
COMMAND: GET /session/25c011aa293abf97c7913f308519c6b0/screenshot - {}
RESULT: {}
COMMAND: POST /session/25c011aa293abf97c7913f308519c6b0/execute/async - {"script":"<script> [1562 bytes]","args":[{"selector":{"id":"application-managehandovers-display-component---AddNewHO--confirmCreationButton","interaction":{"idSuffix":"BDI-content"}},"wdio_ui5_key":"applicationmanagehandovers-display-component---AddNewHO--confirmCreationButton"}]}
RESULT: {"script":"<script> [1562 bytes]","args":[{"selector":{"id":"application-managehandovers-display-component---AddNewHO--confirmCreationButton","interaction":{"idSuffix":"BDI-content"}},"wdio_ui5_key":"applicationmanagehandovers-display-component---AddNewHO--confirmCreationButton"}]}
RESULT: undefined
COMMAND: POST /session/25c011aa293abf97c7913f308519c6b0/element - {"using":"xpath","value":"//*[@id=\"application-managehandovers-display-component---AddNewHO--confirmCreationButton\"]"}
RESULT: {"using":"xpath","value":"//*[@id=\"application-managehandovers-display-component---AddNewHO--confirmCreationButton\"]"}
COMMAND: POST /session/25c011aa293abf97c7913f308519c6b0/element/f.A224BA6FA6224D464A8F44AD5BF2EA9F.d.1214CECA2000C3BDA7D7011B458392E8.e.21803/click - {}
RESULT: {}
COMMAND: GET /session/25c011aa293abf97c7913f308519c6b0/screenshot - {}
RESULT: {}
COMMAND: POST /session/25c011aa293abf97c7913f308519c6b0/execute/async - {"script":"<script> [1562 bytes]","args":[{"selector":{"id":"issueDatePicker","viewName":"etm.portal.ui.managehandovers.view.DetailExecuteHO","interaction":{"idSuffix":"inner"}},"wdio_ui5_key":"issueDatePickeretmportal.ui.managehandovers.view.DetailExecuteHO"}]}
RESULT: {"script":"<script> [1562 bytes]","args":[{"selector":{"id":"issueDatePicker","viewName":"etm.portal.ui.managehandovers.view.DetailExecuteHO","interaction":{"idSuffix":"inner"}},"wdio_ui5_key":"issueDatePickeretmportal.ui.managehandovers.view.DetailExecuteHO"}]}
RESULT: undefined
COMMAND: POST /session/25c011aa293abf97c7913f308519c6b0/execute/async - {"script":"<script> [776 bytes]","args":[{"enterText":"6/13/25","selector":{"id":"issueDatePicker","viewName":"etm.portal.ui.managehandovers.view.DetailExecuteHO","interaction":{"idSuffix":"inner"}},"clearTextFirst":true,"interactionType":"ENTER_TEXT"}]}
RESULT: {"script":"<script> [776 bytes]","args":[{"enterText":"6/13/25","selector":{"id":"issueDatePicker","viewName":"etm.portal.ui.managehandovers.view.DetailExecuteHO","interaction":{"idSuffix":"inner"}},"clearTextFirst":true,"interactionType":"ENTER_TEXT"}]}
COMMAND: POST /session/25c011aa293abf97c7913f308519c6b0/element - {"using":"xpath","value":"//button[@data-kt=\"PickingTableConfirmAllButton\"]"}
RESULT: {"using":"xpath","value":"//button[@data-kt=\"PickingTableConfirmAllButton\"]"}
COMMAND: POST /session/25c011aa293abf97c7913f308519c6b0/element/f.A224BA6FA6224D464A8F44AD5BF2EA9F.d.1214CECA2000C3BDA7D7011B458392E8.e.22057/click - {}
RESULT: {}
COMMAND: GET /session/25c011aa293abf97c7913f308519c6b0/screenshot - {}
RESULT: {}
COMMAND: POST /session/25c011aa293abf97c7913f308519c6b0/element - {"using":"xpath","value":"//bdi[contains(text(), \"OK\")]"}
RESULT: {"using":"xpath","value":"//bdi[contains(text(), \"OK\")]"}
COMMAND: POST /session/25c011aa293abf97c7913f308519c6b0/element/f.A224BA6FA6224D464A8F44AD5BF2EA9F.d.1214CECA2000C3BDA7D7011B458392E8.e.22060/click - {}
RESULT: {}
COMMAND: GET /session/25c011aa293abf97c7913f308519c6b0/screenshot - {}
RESULT: {}
COMMAND: POST /session/25c011aa293abf97c7913f308519c6b0/element - {"using":"xpath","value":"//button[@data-kt=\"execHoPickButton\"]"}
RESULT: {"using":"xpath","value":"//button[@data-kt=\"execHoPickButton\"]"}
COMMAND: POST /session/25c011aa293abf97c7913f308519c6b0/element/f.A224BA6FA6224D464A8F44AD5BF2EA9F.d.1214CECA2000C3BDA7D7011B458392E8.e.22062/click - {}
RESULT: {}
COMMAND: GET /session/25c011aa293abf97c7913f308519c6b0/screenshot - {}
RESULT: {}
COMMAND: POST /session/25c011aa293abf97c7913f308519c6b0/element - {"using":"xpath","value":"//span[contains(@id ,\"filterItemControl_BASIC-RECEIVE_CONTRACT-vhi\")]"}
RESULT: {"using":"xpath","value":"//span[contains(@id ,\"filterItemControl_BASIC-RECEIVE_CONTRACT-vhi\")]"}
COMMAND: POST /session/25c011aa293abf97c7913f308519c6b0/element/f.A224BA6FA6224D464A8F44AD5BF2EA9F.d.1214CECA2000C3BDA7D7011B458392E8.e.22236/click - {}
RESULT: {}
COMMAND: GET /session/25c011aa293abf97c7913f308519c6b0/screenshot - {}
RESULT: {}
COMMAND: POST /session/25c011aa293abf97c7913f308519c6b0/execute/async - {"script":"<script> [1562 bytes]","args":[{"selector":{"controlType":"sap.m.SearchField","viewName":"etm.portal.ui.managehandovers.view.MasterHO","bindingPath":{"path":"","propertyPath":"/_BASIC_SEARCH_FIELD","modelName":"fi1t3rM0d31"},"searchOpenDialogs":true,"interaction":{"idSuffix":"I"}},"wdio_ui5_key":"etmportal.ui.managehandovers.view.MasterHOsap.m.SearchField{\"path\":\"\",\"propertyPath\":\"/_BASIC_SEARCH_FIELD\",\"modelName\":\"fi1t3rM0d31\"}"}]}
RESULT: {"script":"<script> [1562 bytes]","args":[{"selector":{"controlType":"sap.m.SearchField","viewName":"etm.portal.ui.managehandovers.view.MasterHO","bindingPath":{"path":"","propertyPath":"/_BASIC_SEARCH_FIELD","modelName":"fi1t3rM0d31"},"searchOpenDialogs":true,"interaction":{"idSuffix":"I"}},"wdio_ui5_key":"etmportal.ui.managehandovers.view.MasterHOsap.m.SearchField{\"path\":\"\",\"propertyPath\":\"/_BASIC_SEARCH_FIELD\",\"modelName\":\"fi1t3rM0d31\"}"}]}
RESULT: undefined
COMMAND: POST /session/25c011aa293abf97c7913f308519c6b0/execute/async - {"script":"<script> [776 bytes]","args":[{"enterText":"10185","selector":{"controlType":"sap.m.SearchField","viewName":"etm.portal.ui.managehandovers.view.MasterHO","bindingPath":{"path":"","propertyPath":"/_BASIC_SEARCH_FIELD","modelName":"fi1t3rM0d31"},"searchOpenDialogs":true,"interaction":{"idSuffix":"I"}},"clearTextFirst":true,"interactionType":"ENTER_TEXT"}]}
RESULT: {"script":"<script> [776 bytes]","args":[{"enterText":"10185","selector":{"controlType":"sap.m.SearchField","viewName":"etm.portal.ui.managehandovers.view.MasterHO","bindingPath":{"path":"","propertyPath":"/_BASIC_SEARCH_FIELD","modelName":"fi1t3rM0d31"},"searchOpenDialogs":true,"interaction":{"idSuffix":"I"}},"clearTextFirst":true,"interactionType":"ENTER_TEXT"}]}
COMMAND: POST /session/25c011aa293abf97c7913f308519c6b0/actions - {"actions":[{"id":"action79","type":"key","parameters":{},"actions":[{"type":"keyDown","value":""},{"type":"pause","duration":10},{"type":"keyUp","value":""}]}]}
RESULT: {"actions":[{"id":"action79","type":"key","parameters":{},"actions":[{"type":"keyDown","value":""},{"type":"pause","duration":10},{"type":"keyUp","value":""}]}]}
COMMAND: GET /session/25c011aa293abf97c7913f308519c6b0/screenshot - {}
RESULT: {}
COMMAND: POST /session/25c011aa293abf97c7913f308519c6b0/element - {"using":"xpath","value":"//div[contains(@id, 'filterItemControl_BASIC-RECEIVE_CONTRACT-valueHelpDialog-table-rowsel0')]"}
RESULT: {"using":"xpath","value":"//div[contains(@id, 'filterItemControl_BASIC-RECEIVE_CONTRACT-valueHelpDialog-table-rowsel0')]"}
COMMAND: POST /session/25c011aa293abf97c7913f308519c6b0/element/f.A224BA6FA6224D464A8F44AD5BF2EA9F.d.1214CECA2000C3BDA7D7011B458392E8.e.22245/click - {}
RESULT: {}
COMMAND: GET /session/25c011aa293abf97c7913f308519c6b0/screenshot - {}
RESULT: {}
COMMAND: POST /session/25c011aa293abf97c7913f308519c6b0/element - {"using":"xpath","value":"//bdi[contains(text(), \"OK\")]"}
RESULT: {"using":"xpath","value":"//bdi[contains(text(), \"OK\")]"}
COMMAND: POST /session/25c011aa293abf97c7913f308519c6b0/element/f.A224BA6FA6224D464A8F44AD5BF2EA9F.d.1214CECA2000C3BDA7D7011B458392E8.e.22247/click - {}
RESULT: {}
COMMAND: GET /session/25c011aa293abf97c7913f308519c6b0/screenshot - {}
RESULT: {}
COMMAND: POST /session/25c011aa293abf97c7913f308519c6b0/element - {"using":"xpath","value":"//span[contains(@id, \"smartTable-header-inner\")]"}
RESULT: {"using":"xpath","value":"//span[contains(@id, \"smartTable-header-inner\")]"}
COMMAND: POST /session/25c011aa293abf97c7913f308519c6b0/elements - {"using":"xpath","value":"//span[contains(@id, \"smartTable-header-inner\")]"}
RESULT: {"using":"xpath","value":"//span[contains(@id, \"smartTable-header-inner\")]"}
COMMAND: POST /session/25c011aa293abf97c7913f308519c6b0/execute/sync - {"script":"<script> [56 bytes]","args":[{"element-6066-11e4-a52e-4f735466cecf":"f.A224BA6FA6224D464A8F44AD5BF2EA9F.d.1214CECA2000C3BDA7D7011B458392E8.e.22275","ELEMENT":"f.A224BA6FA6224D464A8F44AD5BF2EA9F.d.1214CECA2000C3BDA7D7011B458392E8.e.22275"}]}
RESULT: {"script":"<script> [56 bytes]","args":[{"element-6066-11e4-a52e-4f735466cecf":"f.A224BA6FA6224D464A8F44AD5BF2EA9F.d.1214CECA2000C3BDA7D7011B458392E8.e.22275","ELEMENT":"f.A224BA6FA6224D464A8F44AD5BF2EA9F.d.1214CECA2000C3BDA7D7011B458392E8.e.22275"}]}
COMMAND: POST /session/25c011aa293abf97c7913f308519c6b0/element - {"using":"xpath","value":"//table[contains(@id, \"customHandovers\")]//tbody/tr[1]/td[2]/span"}
COMMAND: GET /session/25c011aa293abf97c7913f308519c6b0/screenshot - {}
RESULT: {"using":"xpath","value":"//table[contains(@id, \"customHandovers\")]//tbody/tr[1]/td[2]/span"}
COMMAND: POST /session/25c011aa293abf97c7913f308519c6b0/execute/sync - {"script":"<script> [56 bytes]","args":[{"element-6066-11e4-a52e-4f735466cecf":"f.A224BA6FA6224D464A8F44AD5BF2EA9F.d.1214CECA2000C3BDA7D7011B458392E8.e.22276","ELEMENT":"f.A224BA6FA6224D464A8F44AD5BF2EA9F.d.1214CECA2000C3BDA7D7011B458392E8.e.22276"}]}
RESULT: {}
RESULT: {"script":"<script> [56 bytes]","args":[{"element-6066-11e4-a52e-4f735466cecf":"f.A224BA6FA6224D464A8F44AD5BF2EA9F.d.1214CECA2000C3BDA7D7011B458392E8.e.22276","ELEMENT":"f.A224BA6FA6224D464A8F44AD5BF2EA9F.d.1214CECA2000C3BDA7D7011B458392E8.e.22276"}]}
COMMAND: POST /session/25c011aa293abf97c7913f308519c6b0/element - {"using":"xpath","value":"(//span[contains(@id, \"imgNav\")])[1]"}
COMMAND: GET /session/25c011aa293abf97c7913f308519c6b0/screenshot - {}
RESULT: {"using":"xpath","value":"(//span[contains(@id, \"imgNav\")])[1]"}
COMMAND: POST /session/25c011aa293abf97c7913f308519c6b0/element/f.A224BA6FA6224D464A8F44AD5BF2EA9F.d.1214CECA2000C3BDA7D7011B458392E8.e.22273/click - {}
RESULT: {}
RESULT: {}
COMMAND: GET /session/25c011aa293abf97c7913f308519c6b0/screenshot - {}
RESULT: {}
RESULT: undefined
COMMAND: POST /session/25c011aa293abf97c7913f308519c6b0/execute/async - {"script":"<script> [776 bytes]","args":[{"enterText":"6/13/25","selector":{"id":"issueDatePicker","viewName":"etm.portal.ui.managehandovers.view.DetailExecuteHO","interaction":{"idSuffix":"inner"}},"clearTextFirst":true,"interactionType":"ENTER_TEXT"}]}
RESULT: {"script":"<script> [776 bytes]","args":[{"enterText":"6/13/25","selector":{"id":"issueDatePicker","viewName":"etm.portal.ui.managehandovers.view.DetailExecuteHO","interaction":{"idSuffix":"inner"}},"clearTextFirst":true,"interactionType":"ENTER_TEXT"}]}
COMMAND: POST /session/25c011aa293abf97c7913f308519c6b0/element - {"using":"xpath","value":"//button[@data-kt=\"IssuingTableConfirmAllButton\"]"}
RESULT: {"using":"xpath","value":"//button[@data-kt=\"IssuingTableConfirmAllButton\"]"}
COMMAND: POST /session/25c011aa293abf97c7913f308519c6b0/element/f.A224BA6FA6224D464A8F44AD5BF2EA9F.d.1214CECA2000C3BDA7D7011B458392E8.e.22318/click - {}
RESULT: {}
COMMAND: GET /session/25c011aa293abf97c7913f308519c6b0/screenshot - {}
RESULT: {}
COMMAND: POST /session/25c011aa293abf97c7913f308519c6b0/element - {"using":"xpath","value":"//bdi[contains(text(), \"OK\")]"}
RESULT: {"using":"xpath","value":"//bdi[contains(text(), \"OK\")]"}
COMMAND: POST /session/25c011aa293abf97c7913f308519c6b0/element/f.A224BA6FA6224D464A8F44AD5BF2EA9F.d.1214CECA2000C3BDA7D7011B458392E8.e.22336/click - {}
RESULT: {}
COMMAND: GET /session/25c011aa293abf97c7913f308519c6b0/screenshot - {}
RESULT: {}
COMMAND: POST /session/25c011aa293abf97c7913f308519c6b0/element - {"using":"xpath","value":"//button[@data-kt=\"execHoIssueButton\"]"}
RESULT: {"using":"xpath","value":"//button[@data-kt=\"execHoIssueButton\"]"}
COMMAND: POST /session/25c011aa293abf97c7913f308519c6b0/element/f.A224BA6FA6224D464A8F44AD5BF2EA9F.d.1214CECA2000C3BDA7D7011B458392E8.e.22338/click - {}
RESULT: {}
COMMAND: GET /session/25c011aa293abf97c7913f308519c6b0/screenshot - {}
RESULT: {}
COMMAND: POST /session/25c011aa293abf97c7913f308519c6b0/element - {"using":"xpath","value":"//input[contains(@id ,\"smartFilterBar-btnBasicSearch-I\")]"}
RESULT: {"using":"xpath","value":"//input[contains(@id ,\"smartFilterBar-btnBasicSearch-I\")]"}
COMMAND: POST /session/25c011aa293abf97c7913f308519c6b0/elements - {"using":"xpath","value":"//input[contains(@id ,\"smartFilterBar-btnBasicSearch-I\")]"}
RESULT: {"using":"xpath","value":"//input[contains(@id ,\"smartFilterBar-btnBasicSearch-I\")]"}
COMMAND: POST /session/25c011aa293abf97c7913f308519c6b0/execute/sync - {"script":"<script> [8489 bytes]","args":[{"element-6066-11e4-a52e-4f735466cecf":"f.A224BA6FA6224D464A8F44AD5BF2EA9F.d.1214CECA2000C3BDA7D7011B458392E8.e.21756","ELEMENT":"f.A224BA6FA6224D464A8F44AD5BF2EA9F.d.1214CECA2000C3BDA7D7011B458392E8.e.21756"}]}
RESULT: {"script":"<script> [8489 bytes]","args":[{"element-6066-11e4-a52e-4f735466cecf":"f.A224BA6FA6224D464A8F44AD5BF2EA9F.d.1214CECA2000C3BDA7D7011B458392E8.e.21756","ELEMENT":"f.A224BA6FA6224D464A8F44AD5BF2EA9F.d.1214CECA2000C3BDA7D7011B458392E8.e.21756"}]}
COMMAND: GET /session/25c011aa293abf97c7913f308519c6b0/element/f.A224BA6FA6224D464A8F44AD5BF2EA9F.d.1214CECA2000C3BDA7D7011B458392E8.e.21756/enabled - {}
COMMAND: GET /session/25c011aa293abf97c7913f308519c6b0/screenshot - {}
RESULT: {}
COMMAND: POST /session/25c011aa293abf97c7913f308519c6b0/element/f.A224BA6FA6224D464A8F44AD5BF2EA9F.d.1214CECA2000C3BDA7D7011B458392E8.e.21756/clear - {}
COMMAND: GET /session/25c011aa293abf97c7913f308519c6b0/screenshot - {}
RESULT: {}
RESULT: {}
COMMAND: POST /session/25c011aa293abf97c7913f308519c6b0/element/f.A224BA6FA6224D464A8F44AD5BF2EA9F.d.1214CECA2000C3BDA7D7011B458392E8.e.21756/value - {"text":"30404"}
COMMAND: GET /session/25c011aa293abf97c7913f308519c6b0/screenshot - {}
RESULT: {}
RESULT: {"text":"30404"}
COMMAND: GET /session/25c011aa293abf97c7913f308519c6b0/screenshot - {}
RESULT: {}
RESULT: {}
COMMAND: POST /session/25c011aa293abf97c7913f308519c6b0/actions - {"actions":[{"id":"action80","type":"key","parameters":{},"actions":[{"type":"keyDown","value":""},{"type":"pause","duration":10},{"type":"keyUp","value":""}]}]}
RESULT: {"actions":[{"id":"action80","type":"key","parameters":{},"actions":[{"type":"keyDown","value":""},{"type":"pause","duration":10},{"type":"keyUp","value":""}]}]}
COMMAND: GET /session/25c011aa293abf97c7913f308519c6b0/screenshot - {}
RESULT: {}
COMMAND: POST /session/25c011aa293abf97c7913f308519c6b0/element - {"using":"xpath","value":"//span[contains(@id, \"smartTable-header-inner\")]"}
RESULT: {"using":"xpath","value":"//span[contains(@id, \"smartTable-header-inner\")]"}
COMMAND: POST /session/25c011aa293abf97c7913f308519c6b0/elements - {"using":"xpath","value":"//span[contains(@id, \"smartTable-header-inner\")]"}
RESULT: {"using":"xpath","value":"//span[contains(@id, \"smartTable-header-inner\")]"}
COMMAND: POST /session/25c011aa293abf97c7913f308519c6b0/execute/sync - {"script":"<script> [56 bytes]","args":[{"element-6066-11e4-a52e-4f735466cecf":"f.A224BA6FA6224D464A8F44AD5BF2EA9F.d.1214CECA2000C3BDA7D7011B458392E8.e.22275","ELEMENT":"f.A224BA6FA6224D464A8F44AD5BF2EA9F.d.1214CECA2000C3BDA7D7011B458392E8.e.22275"}]}
RESULT: {"script":"<script> [56 bytes]","args":[{"element-6066-11e4-a52e-4f735466cecf":"f.A224BA6FA6224D464A8F44AD5BF2EA9F.d.1214CECA2000C3BDA7D7011B458392E8.e.22275","ELEMENT":"f.A224BA6FA6224D464A8F44AD5BF2EA9F.d.1214CECA2000C3BDA7D7011B458392E8.e.22275"}]}
COMMAND: POST /session/25c011aa293abf97c7913f308519c6b0/elements - {"using":"xpath","value":"//thead[contains(@class, \"sapMTableTH\")]/tr/th"}
COMMAND: GET /session/25c011aa293abf97c7913f308519c6b0/screenshot - {}
RESULT: {"using":"xpath","value":"//thead[contains(@class, \"sapMTableTH\")]/tr/th"}
COMMAND: GET /session/25c011aa293abf97c7913f308519c6b0/element/f.A224BA6FA6224D464A8F44AD5BF2EA9F.d.1214CECA2000C3BDA7D7011B458392E8.e.22375/text - {}
RESULT: {}
RESULT: {}
COMMAND: GET /session/25c011aa293abf97c7913f308519c6b0/element/f.A224BA6FA6224D464A8F44AD5BF2EA9F.d.1214CECA2000C3BDA7D7011B458392E8.e.22376/text - {}
RESULT: {}
COMMAND: GET /session/25c011aa293abf97c7913f308519c6b0/element/f.A224BA6FA6224D464A8F44AD5BF2EA9F.d.1214CECA2000C3BDA7D7011B458392E8.e.21750/text - {}
RESULT: {}
COMMAND: GET /session/25c011aa293abf97c7913f308519c6b0/element/f.A224BA6FA6224D464A8F44AD5BF2EA9F.d.1214CECA2000C3BDA7D7011B458392E8.e.21752/text - {}
RESULT: {}
COMMAND: GET /session/25c011aa293abf97c7913f308519c6b0/element/f.A224BA6FA6224D464A8F44AD5BF2EA9F.d.1214CECA2000C3BDA7D7011B458392E8.e.22355/text - {}
RESULT: {}
COMMAND: GET /session/25c011aa293abf97c7913f308519c6b0/element/f.A224BA6FA6224D464A8F44AD5BF2EA9F.d.1214CECA2000C3BDA7D7011B458392E8.e.22356/text - {}
RESULT: {}
COMMAND: GET /session/25c011aa293abf97c7913f308519c6b0/element/f.A224BA6FA6224D464A8F44AD5BF2EA9F.d.1214CECA2000C3BDA7D7011B458392E8.e.22357/text - {}
RESULT: {}
COMMAND: GET /session/25c011aa293abf97c7913f308519c6b0/element/f.A224BA6FA6224D464A8F44AD5BF2EA9F.d.1214CECA2000C3BDA7D7011B458392E8.e.22358/text - {}
RESULT: {}
COMMAND: GET /session/25c011aa293abf97c7913f308519c6b0/element/f.A224BA6FA6224D464A8F44AD5BF2EA9F.d.1214CECA2000C3BDA7D7011B458392E8.e.22359/text - {}
RESULT: {}
COMMAND: GET /session/25c011aa293abf97c7913f308519c6b0/element/f.A224BA6FA6224D464A8F44AD5BF2EA9F.d.1214CECA2000C3BDA7D7011B458392E8.e.22360/text - {}
RESULT: {}
COMMAND: GET /session/25c011aa293abf97c7913f308519c6b0/element/f.A224BA6FA6224D464A8F44AD5BF2EA9F.d.1214CECA2000C3BDA7D7011B458392E8.e.22361/text - {}
RESULT: {}
COMMAND: GET /session/25c011aa293abf97c7913f308519c6b0/element/f.A224BA6FA6224D464A8F44AD5BF2EA9F.d.1214CECA2000C3BDA7D7011B458392E8.e.22362/text - {}
RESULT: {}
COMMAND: GET /session/25c011aa293abf97c7913f308519c6b0/element/f.A224BA6FA6224D464A8F44AD5BF2EA9F.d.1214CECA2000C3BDA7D7011B458392E8.e.22363/text - {}
RESULT: {}
COMMAND: GET /session/25c011aa293abf97c7913f308519c6b0/element/f.A224BA6FA6224D464A8F44AD5BF2EA9F.d.1214CECA2000C3BDA7D7011B458392E8.e.21753/text - {}
RESULT: {}
COMMAND: POST /session/25c011aa293abf97c7913f308519c6b0/element - {"using":"xpath","value":"//tbody[contains(@id, \"customHandoversTable-tblBody\")]/tr[1]/td[14]/div/span"}
RESULT: {"using":"xpath","value":"//tbody[contains(@id, \"customHandoversTable-tblBody\")]/tr[1]/td[14]/div/span"}
COMMAND: POST /session/25c011aa293abf97c7913f308519c6b0/execute/sync - {"script":"<script> [56 bytes]","args":[{"element-6066-11e4-a52e-4f735466cecf":"f.A224BA6FA6224D464A8F44AD5BF2EA9F.d.1214CECA2000C3BDA7D7011B458392E8.e.22425","ELEMENT":"f.A224BA6FA6224D464A8F44AD5BF2EA9F.d.1214CECA2000C3BDA7D7011B458392E8.e.22425"}]}
RESULT: {"script":"<script> [56 bytes]","args":[{"element-6066-11e4-a52e-4f735466cecf":"f.A224BA6FA6224D464A8F44AD5BF2EA9F.d.1214CECA2000C3BDA7D7011B458392E8.e.22425","ELEMENT":"f.A224BA6FA6224D464A8F44AD5BF2EA9F.d.1214CECA2000C3BDA7D7011B458392E8.e.22425"}]}
COMMAND: POST /session/25c011aa293abf97c7913f308519c6b0/element - {"using":"xpath","value":"(//span[contains(@id, \"imgNav\")])[1]"}
COMMAND: GET /session/25c011aa293abf97c7913f308519c6b0/screenshot - {}
RESULT: {"using":"xpath","value":"(//span[contains(@id, \"imgNav\")])[1]"}
COMMAND: POST /session/25c011aa293abf97c7913f308519c6b0/element/f.A224BA6FA6224D464A8F44AD5BF2EA9F.d.1214CECA2000C3BDA7D7011B458392E8.e.22426/click - {}
RESULT: {}
RESULT: {}
COMMAND: GET /session/25c011aa293abf97c7913f308519c6b0/screenshot - {}
RESULT: {}
RESULT: undefined
COMMAND: POST /session/25c011aa293abf97c7913f308519c6b0/execute/async - {"script":"<script> [776 bytes]","args":[{"enterText":"6/20/25","selector":{"id":"receiptDatePicker","viewName":"etm.portal.ui.managehandovers.view.DetailExecuteHO","interaction":{"idSuffix":"inner"}},"clearTextFirst":true,"interactionType":"ENTER_TEXT"}]}
RESULT: {"script":"<script> [776 bytes]","args":[{"enterText":"6/20/25","selector":{"id":"receiptDatePicker","viewName":"etm.portal.ui.managehandovers.view.DetailExecuteHO","interaction":{"idSuffix":"inner"}},"clearTextFirst":true,"interactionType":"ENTER_TEXT"}]}
COMMAND: POST /session/25c011aa293abf97c7913f308519c6b0/element - {"using":"xpath","value":"//bdi[contains(text(), \"OK\")]"}
RESULT: {"using":"xpath","value":"//bdi[contains(text(), \"OK\")]"}
COMMAND: POST /session/25c011aa293abf97c7913f308519c6b0/element/f.A224BA6FA6224D464A8F44AD5BF2EA9F.d.1214CECA2000C3BDA7D7011B458392E8.e.22463/click - {}
RESULT: {}
COMMAND: GET /session/25c011aa293abf97c7913f308519c6b0/screenshot - {}
RESULT: {}
COMMAND: POST /session/25c011aa293abf97c7913f308519c6b0/element - {"using":"xpath","value":"//button[@data-kt=\"ReceivingTableConfirmAllButton\"]"}
RESULT: {"using":"xpath","value":"//button[@data-kt=\"ReceivingTableConfirmAllButton\"]"}
COMMAND: POST /session/25c011aa293abf97c7913f308519c6b0/element/f.A224BA6FA6224D464A8F44AD5BF2EA9F.d.1214CECA2000C3BDA7D7011B458392E8.e.22445/click - {}
RESULT: {}
COMMAND: GET /session/25c011aa293abf97c7913f308519c6b0/screenshot - {}
RESULT: {}
COMMAND: POST /session/25c011aa293abf97c7913f308519c6b0/element - {"using":"xpath","value":"//bdi[contains(text(), \"OK\")]"}
RESULT: {"using":"xpath","value":"//bdi[contains(text(), \"OK\")]"}
COMMAND: POST /session/25c011aa293abf97c7913f308519c6b0/element/f.A224BA6FA6224D464A8F44AD5BF2EA9F.d.1214CECA2000C3BDA7D7011B458392E8.e.22478/click - {}
RESULT: {}
COMMAND: GET /session/25c011aa293abf97c7913f308519c6b0/screenshot - {}
RESULT: {}
COMMAND: POST /session/25c011aa293abf97c7913f308519c6b0/element - {"using":"xpath","value":"//button[@data-kt= \"execHoReceiveButton\"]"}
RESULT: {"using":"xpath","value":"//button[@data-kt= \"execHoReceiveButton\"]"}
COMMAND: POST /session/25c011aa293abf97c7913f308519c6b0/element/f.A224BA6FA6224D464A8F44AD5BF2EA9F.d.1214CECA2000C3BDA7D7011B458392E8.e.22479/click - {}
RESULT: {}
COMMAND: GET /session/25c011aa293abf97c7913f308519c6b0/screenshot - {}
RESULT: {}
COMMAND: POST /session/25c011aa293abf97c7913f308519c6b0/element - {"using":"xpath","value":"//input[contains(@id ,\"smartFilterBar-btnBasicSearch-I\")]"}
RESULT: {"using":"xpath","value":"//input[contains(@id ,\"smartFilterBar-btnBasicSearch-I\")]"}
COMMAND: POST /session/25c011aa293abf97c7913f308519c6b0/elements - {"using":"xpath","value":"//input[contains(@id ,\"smartFilterBar-btnBasicSearch-I\")]"}
RESULT: {"using":"xpath","value":"//input[contains(@id ,\"smartFilterBar-btnBasicSearch-I\")]"}
COMMAND: POST /session/25c011aa293abf97c7913f308519c6b0/execute/sync - {"script":"<script> [8489 bytes]","args":[{"element-6066-11e4-a52e-4f735466cecf":"f.A224BA6FA6224D464A8F44AD5BF2EA9F.d.1214CECA2000C3BDA7D7011B458392E8.e.21756","ELEMENT":"f.A224BA6FA6224D464A8F44AD5BF2EA9F.d.1214CECA2000C3BDA7D7011B458392E8.e.21756"}]}
RESULT: {"script":"<script> [8489 bytes]","args":[{"element-6066-11e4-a52e-4f735466cecf":"f.A224BA6FA6224D464A8F44AD5BF2EA9F.d.1214CECA2000C3BDA7D7011B458392E8.e.21756","ELEMENT":"f.A224BA6FA6224D464A8F44AD5BF2EA9F.d.1214CECA2000C3BDA7D7011B458392E8.e.21756"}]}
COMMAND: GET /session/25c011aa293abf97c7913f308519c6b0/element/f.A224BA6FA6224D464A8F44AD5BF2EA9F.d.1214CECA2000C3BDA7D7011B458392E8.e.21756/enabled - {}
COMMAND: GET /session/25c011aa293abf97c7913f308519c6b0/screenshot - {}
RESULT: {}
COMMAND: POST /session/25c011aa293abf97c7913f308519c6b0/element/f.A224BA6FA6224D464A8F44AD5BF2EA9F.d.1214CECA2000C3BDA7D7011B458392E8.e.21756/clear - {}
COMMAND: GET /session/25c011aa293abf97c7913f308519c6b0/screenshot - {}
RESULT: {}
RESULT: {}
COMMAND: POST /session/25c011aa293abf97c7913f308519c6b0/element/f.A224BA6FA6224D464A8F44AD5BF2EA9F.d.1214CECA2000C3BDA7D7011B458392E8.e.21756/value - {"text":"30404"}
COMMAND: GET /session/25c011aa293abf97c7913f308519c6b0/screenshot - {}
RESULT: {}
RESULT: {"text":"30404"}
COMMAND: GET /session/25c011aa293abf97c7913f308519c6b0/screenshot - {}
RESULT: {}
RESULT: {}
COMMAND: POST /session/25c011aa293abf97c7913f308519c6b0/actions - {"actions":[{"id":"action81","type":"key","parameters":{},"actions":[{"type":"keyDown","value":""},{"type":"pause","duration":10},{"type":"keyUp","value":""}]}]}
RESULT: {"actions":[{"id":"action81","type":"key","parameters":{},"actions":[{"type":"keyDown","value":""},{"type":"pause","duration":10},{"type":"keyUp","value":""}]}]}
COMMAND: GET /session/25c011aa293abf97c7913f308519c6b0/screenshot - {}
RESULT: {}
COMMAND: POST /session/25c011aa293abf97c7913f308519c6b0/element - {"using":"xpath","value":"//span[contains(@id, \"smartTable-header-inner\")]"}
RESULT: {"using":"xpath","value":"//span[contains(@id, \"smartTable-header-inner\")]"}
COMMAND: POST /session/25c011aa293abf97c7913f308519c6b0/elements - {"using":"xpath","value":"//span[contains(@id, \"smartTable-header-inner\")]"}
RESULT: {"using":"xpath","value":"//span[contains(@id, \"smartTable-header-inner\")]"}
COMMAND: POST /session/25c011aa293abf97c7913f308519c6b0/execute/sync - {"script":"<script> [56 bytes]","args":[{"element-6066-11e4-a52e-4f735466cecf":"f.A224BA6FA6224D464A8F44AD5BF2EA9F.d.1214CECA2000C3BDA7D7011B458392E8.e.22275","ELEMENT":"f.A224BA6FA6224D464A8F44AD5BF2EA9F.d.1214CECA2000C3BDA7D7011B458392E8.e.22275"}]}
RESULT: {"script":"<script> [56 bytes]","args":[{"element-6066-11e4-a52e-4f735466cecf":"f.A224BA6FA6224D464A8F44AD5BF2EA9F.d.1214CECA2000C3BDA7D7011B458392E8.e.22275","ELEMENT":"f.A224BA6FA6224D464A8F44AD5BF2EA9F.d.1214CECA2000C3BDA7D7011B458392E8.e.22275"}]}
COMMAND: POST /session/25c011aa293abf97c7913f308519c6b0/elements - {"using":"xpath","value":"//thead[contains(@class, \"sapMTableTH\")]/tr/th"}
COMMAND: GET /session/25c011aa293abf97c7913f308519c6b0/screenshot - {}
RESULT: {"using":"xpath","value":"//thead[contains(@class, \"sapMTableTH\")]/tr/th"}
COMMAND: GET /session/25c011aa293abf97c7913f308519c6b0/element/f.A224BA6FA6224D464A8F44AD5BF2EA9F.d.1214CECA2000C3BDA7D7011B458392E8.e.22375/text - {}
RESULT: {}
RESULT: {}
COMMAND: GET /session/25c011aa293abf97c7913f308519c6b0/element/f.A224BA6FA6224D464A8F44AD5BF2EA9F.d.1214CECA2000C3BDA7D7011B458392E8.e.22376/text - {}
RESULT: {}
COMMAND: GET /session/25c011aa293abf97c7913f308519c6b0/element/f.A224BA6FA6224D464A8F44AD5BF2EA9F.d.1214CECA2000C3BDA7D7011B458392E8.e.21750/text - {}
RESULT: {}
COMMAND: GET /session/25c011aa293abf97c7913f308519c6b0/element/f.A224BA6FA6224D464A8F44AD5BF2EA9F.d.1214CECA2000C3BDA7D7011B458392E8.e.21752/text - {}
RESULT: {}
COMMAND: GET /session/25c011aa293abf97c7913f308519c6b0/element/f.A224BA6FA6224D464A8F44AD5BF2EA9F.d.1214CECA2000C3BDA7D7011B458392E8.e.22483/text - {}
RESULT: {}
COMMAND: GET /session/25c011aa293abf97c7913f308519c6b0/element/f.A224BA6FA6224D464A8F44AD5BF2EA9F.d.1214CECA2000C3BDA7D7011B458392E8.e.22484/text - {}
RESULT: {}
COMMAND: GET /session/25c011aa293abf97c7913f308519c6b0/element/f.A224BA6FA6224D464A8F44AD5BF2EA9F.d.1214CECA2000C3BDA7D7011B458392E8.e.22485/text - {}
RESULT: {}
COMMAND: GET /session/25c011aa293abf97c7913f308519c6b0/element/f.A224BA6FA6224D464A8F44AD5BF2EA9F.d.1214CECA2000C3BDA7D7011B458392E8.e.22486/text - {}
RESULT: {}
COMMAND: GET /session/25c011aa293abf97c7913f308519c6b0/element/f.A224BA6FA6224D464A8F44AD5BF2EA9F.d.1214CECA2000C3BDA7D7011B458392E8.e.22487/text - {}
RESULT: {}
COMMAND: GET /session/25c011aa293abf97c7913f308519c6b0/element/f.A224BA6FA6224D464A8F44AD5BF2EA9F.d.1214CECA2000C3BDA7D7011B458392E8.e.22488/text - {}
RESULT: {}
COMMAND: GET /session/25c011aa293abf97c7913f308519c6b0/element/f.A224BA6FA6224D464A8F44AD5BF2EA9F.d.1214CECA2000C3BDA7D7011B458392E8.e.22489/text - {}
RESULT: {}
COMMAND: GET /session/25c011aa293abf97c7913f308519c6b0/element/f.A224BA6FA6224D464A8F44AD5BF2EA9F.d.1214CECA2000C3BDA7D7011B458392E8.e.22490/text - {}
RESULT: {}
COMMAND: GET /session/25c011aa293abf97c7913f308519c6b0/element/f.A224BA6FA6224D464A8F44AD5BF2EA9F.d.1214CECA2000C3BDA7D7011B458392E8.e.22491/text - {}
RESULT: {}
COMMAND: GET /session/25c011aa293abf97c7913f308519c6b0/element/f.A224BA6FA6224D464A8F44AD5BF2EA9F.d.1214CECA2000C3BDA7D7011B458392E8.e.21753/text - {}
RESULT: {}
COMMAND: POST /session/25c011aa293abf97c7913f308519c6b0/element - {"using":"xpath","value":"//tbody[contains(@id, \"customHandoversTable-tblBody\")]/tr[1]/td[14]/div/span"}
RESULT: {"using":"xpath","value":"//tbody[contains(@id, \"customHandoversTable-tblBody\")]/tr[1]/td[14]/div/span"}
COMMAND: POST /session/25c011aa293abf97c7913f308519c6b0/execute/sync - {"script":"<script> [56 bytes]","args":[{"element-6066-11e4-a52e-4f735466cecf":"f.A224BA6FA6224D464A8F44AD5BF2EA9F.d.1214CECA2000C3BDA7D7011B458392E8.e.22551","ELEMENT":"f.A224BA6FA6224D464A8F44AD5BF2EA9F.d.1214CECA2000C3BDA7D7011B458392E8.e.22551"}]}
RESULT: {"script":"<script> [56 bytes]","args":[{"element-6066-11e4-a52e-4f735466cecf":"f.A224BA6FA6224D464A8F44AD5BF2EA9F.d.1214CECA2000C3BDA7D7011B458392E8.e.22551","ELEMENT":"f.A224BA6FA6224D464A8F44AD5BF2EA9F.d.1214CECA2000C3BDA7D7011B458392E8.e.22551"}]}
COMMAND: POST /session/25c011aa293abf97c7913f308519c6b0/element - {"using":"css selector","value":"#shell-header-logo"}
COMMAND: GET /session/25c011aa293abf97c7913f308519c6b0/screenshot - {}
RESULT: {"using":"css selector","value":"#shell-header-logo"}
COMMAND: POST /session/25c011aa293abf97c7913f308519c6b0/element/f.A224BA6FA6224D464A8F44AD5BF2EA9F.d.1214CECA2000C3BDA7D7011B458392E8.e.21000/click - {}
RESULT: {}
RESULT: {}
COMMAND: GET /session/25c011aa293abf97c7913f308519c6b0/screenshot - {}
RESULT: {}
]]></system-out>
    </testcase>
    <testcase classname="chrome.137_0_7151_69.windows.Billing_Calculation_-_Time_based_(considering_transport_times)_US139738" name="Should navigate to Manage Billings and trigger contract calculation business confirm it" time="65.206">
      <system-out><![CDATA[
COMMAND: POST /session/25c011aa293abf97c7913f308519c6b0/execute/async - {"script":"<script> [1562 bytes]","args":[{"selector":{"controlType":"sap.m.GenericTile","properties":{"header":"Manage Billings"}},"wdio_ui5_key":"sapm.GenericTile{\"header\":\"Manage Billings\"}"}]}
RESULT: {"script":"<script> [1562 bytes]","args":[{"selector":{"controlType":"sap.m.GenericTile","properties":{"header":"Manage Billings"}},"wdio_ui5_key":"sapm.GenericTile{\"header\":\"Manage Billings\"}"}]}
RESULT: undefined
COMMAND: POST /session/25c011aa293abf97c7913f308519c6b0/element - {"using":"xpath","value":"//*[@id=\"__tile53\"]"}
RESULT: {"using":"xpath","value":"//*[@id=\"__tile53\"]"}
COMMAND: POST /session/25c011aa293abf97c7913f308519c6b0/element/f.A224BA6FA6224D464A8F44AD5BF2EA9F.d.1214CECA2000C3BDA7D7011B458392E8.e.18911/click - {}
RESULT: {}
COMMAND: GET /session/25c011aa293abf97c7913f308519c6b0/screenshot - {}
RESULT: {}
COMMAND: POST /session/25c011aa293abf97c7913f308519c6b0/elements - {"using":"xpath","value":"//span[text()='Error']"}
RESULT: {"using":"xpath","value":"//span[text()='Error']"}
COMMAND: POST /session/25c011aa293abf97c7913f308519c6b0/execute/async - {"script":"<script> [1562 bytes]","args":[{"selector":{"id":"application-managebillings-display-component---billRunCalcResult--smartFilterBar-btnBasicSearch","interaction":{"idSuffix":"I"}},"wdio_ui5_key":"applicationmanagebillings-display-component---billRunCalcResult--smartFilterBar-btnBasicSearch"}]}
RESULT: {"script":"<script> [1562 bytes]","args":[{"selector":{"id":"application-managebillings-display-component---billRunCalcResult--smartFilterBar-btnBasicSearch","interaction":{"idSuffix":"I"}},"wdio_ui5_key":"applicationmanagebillings-display-component---billRunCalcResult--smartFilterBar-btnBasicSearch"}]}
RESULT: undefined
COMMAND: POST /session/25c011aa293abf97c7913f308519c6b0/execute/async - {"script":"<script> [776 bytes]","args":[{"enterText":"10185","selector":{"id":"application-managebillings-display-component---billRunCalcResult--smartFilterBar-btnBasicSearch","interaction":{"idSuffix":"I"}},"clearTextFirst":true,"interactionType":"ENTER_TEXT"}]}
RESULT: {"script":"<script> [776 bytes]","args":[{"enterText":"10185","selector":{"id":"application-managebillings-display-component---billRunCalcResult--smartFilterBar-btnBasicSearch","interaction":{"idSuffix":"I"}},"clearTextFirst":true,"interactionType":"ENTER_TEXT"}]}
COMMAND: POST /session/25c011aa293abf97c7913f308519c6b0/actions - {"actions":[{"id":"action82","type":"key","parameters":{},"actions":[{"type":"keyDown","value":""},{"type":"pause","duration":10},{"type":"keyUp","value":""}]}]}
RESULT: {"actions":[{"id":"action82","type":"key","parameters":{},"actions":[{"type":"keyDown","value":""},{"type":"pause","duration":10},{"type":"keyUp","value":""}]}]}
COMMAND: GET /session/25c011aa293abf97c7913f308519c6b0/screenshot - {}
RESULT: {}
COMMAND: POST /session/25c011aa293abf97c7913f308519c6b0/element - {"using":"xpath","value":"//td[@aria-colindex=\"1\"]/div/div[contains(@class, \"sapMCbBg\")]"}
RESULT: {"using":"xpath","value":"//td[@aria-colindex=\"1\"]/div/div[contains(@class, \"sapMCbBg\")]"}
COMMAND: POST /session/25c011aa293abf97c7913f308519c6b0/element/f.A224BA6FA6224D464A8F44AD5BF2EA9F.d.1214CECA2000C3BDA7D7011B458392E8.e.22774/click - {}
RESULT: {}
COMMAND: GET /session/25c011aa293abf97c7913f308519c6b0/screenshot - {}
RESULT: {}
COMMAND: POST /session/25c011aa293abf97c7913f308519c6b0/execute/async - {"script":"<script> [1562 bytes]","args":[{"selector":{"id":"application-managebillings-display-component---billRunCalcResult--contractBillRunDate","interaction":{"idSuffix":"inner"}},"wdio_ui5_key":"applicationmanagebillings-display-component---billRunCalcResult--contractBillRunDate"}]}
RESULT: {"script":"<script> [1562 bytes]","args":[{"selector":{"id":"application-managebillings-display-component---billRunCalcResult--contractBillRunDate","interaction":{"idSuffix":"inner"}},"wdio_ui5_key":"applicationmanagebillings-display-component---billRunCalcResult--contractBillRunDate"}]}
RESULT: undefined
COMMAND: POST /session/25c011aa293abf97c7913f308519c6b0/execute/async - {"script":"<script> [776 bytes]","args":[{"enterText":"6/13/25","selector":{"id":"application-managebillings-display-component---billRunCalcResult--contractBillRunDate","interaction":{"idSuffix":"inner"}},"clearTextFirst":true,"interactionType":"ENTER_TEXT"}]}
RESULT: {"script":"<script> [776 bytes]","args":[{"enterText":"6/13/25","selector":{"id":"application-managebillings-display-component---billRunCalcResult--contractBillRunDate","interaction":{"idSuffix":"inner"}},"clearTextFirst":true,"interactionType":"ENTER_TEXT"}]}
COMMAND: POST /session/25c011aa293abf97c7913f308519c6b0/element - {"using":"xpath","value":"//bdi[contains(text(), \"Trigger Calculation\")]"}
RESULT: {"using":"xpath","value":"//bdi[contains(text(), \"Trigger Calculation\")]"}
COMMAND: POST /session/25c011aa293abf97c7913f308519c6b0/element/f.A224BA6FA6224D464A8F44AD5BF2EA9F.d.1214CECA2000C3BDA7D7011B458392E8.e.22795/click - {}
RESULT: {}
COMMAND: GET /session/25c011aa293abf97c7913f308519c6b0/screenshot - {}
RESULT: {}
COMMAND: POST /session/25c011aa293abf97c7913f308519c6b0/element - {"using":"xpath","value":"(//span[contains(@id, \"imgNav\")])[1]"}
RESULT: {"using":"xpath","value":"(//span[contains(@id, \"imgNav\")])[1]"}
COMMAND: POST /session/25c011aa293abf97c7913f308519c6b0/element/f.A224BA6FA6224D464A8F44AD5BF2EA9F.d.1214CECA2000C3BDA7D7011B458392E8.e.22788/click - {}
RESULT: {}
COMMAND: GET /session/25c011aa293abf97c7913f308519c6b0/screenshot - {}
RESULT: {}
COMMAND: POST /session/25c011aa293abf97c7913f308519c6b0/element - {"using":"xpath","value":"//tr/td[6]/div[1]/span[1]/span[1]"}
RESULT: {"using":"xpath","value":"//tr/td[6]/div[1]/span[1]/span[1]"}
COMMAND: GET /session/25c011aa293abf97c7913f308519c6b0/element/f.A224BA6FA6224D464A8F44AD5BF2EA9F.d.1214CECA2000C3BDA7D7011B458392E8.e.22800/text - {}
RESULT: {}
COMMAND: POST /session/25c011aa293abf97c7913f308519c6b0/element - {"using":"xpath","value":"(//span[contains(@id, \"imgNav\")])[2]"}
RESULT: {"using":"xpath","value":"(//span[contains(@id, \"imgNav\")])[2]"}
COMMAND: POST /session/25c011aa293abf97c7913f308519c6b0/element/f.A224BA6FA6224D464A8F44AD5BF2EA9F.d.1214CECA2000C3BDA7D7011B458392E8.e.22801/click - {}
RESULT: {}
COMMAND: POST /session/25c011aa293abf97c7913f308519c6b0/element - {"using":"xpath","value":"//bdi[contains(text(), \"Business Confirm\")]"}
COMMAND: GET /session/25c011aa293abf97c7913f308519c6b0/screenshot - {}
RESULT: {"using":"xpath","value":"//bdi[contains(text(), \"Business Confirm\")]"}
COMMAND: POST /session/25c011aa293abf97c7913f308519c6b0/element/f.A224BA6FA6224D464A8F44AD5BF2EA9F.d.1214CECA2000C3BDA7D7011B458392E8.e.22846/click - {}
RESULT: {}
RESULT: {}
COMMAND: POST /session/25c011aa293abf97c7913f308519c6b0/element - {"using":"css selector","value":"#shell-header-logo"}
COMMAND: GET /session/25c011aa293abf97c7913f308519c6b0/screenshot - {}
RESULT: {"using":"css selector","value":"#shell-header-logo"}
COMMAND: POST /session/25c011aa293abf97c7913f308519c6b0/element/f.A224BA6FA6224D464A8F44AD5BF2EA9F.d.1214CECA2000C3BDA7D7011B458392E8.e.22556/click - {}
RESULT: {}
RESULT: {}
COMMAND: GET /session/25c011aa293abf97c7913f308519c6b0/screenshot - {}
RESULT: {}
]]></system-out>
    </testcase>
    <testcase classname="chrome.137_0_7151_69.windows.Billing_Calculation_-_Time_based_(considering_transport_times)_US139738" name="Should transfer the billing all the way to completion" time="83.126">
      <system-out><![CDATA[
COMMAND: POST /session/25c011aa293abf97c7913f308519c6b0/execute/async - {"script":"<script> [1562 bytes]","args":[{"selector":{"controlType":"sap.m.GenericTile","properties":{"header":"Billing Transfer"}},"wdio_ui5_key":"sapm.GenericTile{\"header\":\"Billing Transfer\"}"}]}
RESULT: {"script":"<script> [1562 bytes]","args":[{"selector":{"controlType":"sap.m.GenericTile","properties":{"header":"Billing Transfer"}},"wdio_ui5_key":"sapm.GenericTile{\"header\":\"Billing Transfer\"}"}]}
RESULT: undefined
COMMAND: POST /session/25c011aa293abf97c7913f308519c6b0/element - {"using":"xpath","value":"//*[@id=\"__tile52\"]"}
RESULT: {"using":"xpath","value":"//*[@id=\"__tile52\"]"}
COMMAND: POST /session/25c011aa293abf97c7913f308519c6b0/element/f.A224BA6FA6224D464A8F44AD5BF2EA9F.d.1214CECA2000C3BDA7D7011B458392E8.e.18909/click - {}
RESULT: {}
COMMAND: GET /session/25c011aa293abf97c7913f308519c6b0/screenshot - {}
RESULT: {}
COMMAND: POST /session/25c011aa293abf97c7913f308519c6b0/elements - {"using":"xpath","value":"//span[text()='Error']"}
RESULT: {"using":"xpath","value":"//span[text()='Error']"}
COMMAND: POST /session/25c011aa293abf97c7913f308519c6b0/element - {"using":"xpath","value":"//input[contains(@id ,\"application-billingtransfer-display-component---billingWorkbench--smartFilterBar-btnBasicSearch\")]"}
RESULT: {"using":"xpath","value":"//input[contains(@id ,\"application-billingtransfer-display-component---billingWorkbench--smartFilterBar-btnBasicSearch\")]"}
COMMAND: POST /session/25c011aa293abf97c7913f308519c6b0/elements - {"using":"xpath","value":"//input[contains(@id ,\"application-billingtransfer-display-component---billingWorkbench--smartFilterBar-btnBasicSearch\")]"}
RESULT: {"using":"xpath","value":"//input[contains(@id ,\"application-billingtransfer-display-component---billingWorkbench--smartFilterBar-btnBasicSearch\")]"}
COMMAND: POST /session/25c011aa293abf97c7913f308519c6b0/execute/sync - {"script":"<script> [8489 bytes]","args":[{"element-6066-11e4-a52e-4f735466cecf":"f.A224BA6FA6224D464A8F44AD5BF2EA9F.d.1214CECA2000C3BDA7D7011B458392E8.e.22872","ELEMENT":"f.A224BA6FA6224D464A8F44AD5BF2EA9F.d.1214CECA2000C3BDA7D7011B458392E8.e.22872"}]}
RESULT: {"script":"<script> [8489 bytes]","args":[{"element-6066-11e4-a52e-4f735466cecf":"f.A224BA6FA6224D464A8F44AD5BF2EA9F.d.1214CECA2000C3BDA7D7011B458392E8.e.22872","ELEMENT":"f.A224BA6FA6224D464A8F44AD5BF2EA9F.d.1214CECA2000C3BDA7D7011B458392E8.e.22872"}]}
COMMAND: GET /session/25c011aa293abf97c7913f308519c6b0/element/f.A224BA6FA6224D464A8F44AD5BF2EA9F.d.1214CECA2000C3BDA7D7011B458392E8.e.22872/enabled - {}
COMMAND: GET /session/25c011aa293abf97c7913f308519c6b0/screenshot - {}
RESULT: {}
COMMAND: POST /session/25c011aa293abf97c7913f308519c6b0/element/f.A224BA6FA6224D464A8F44AD5BF2EA9F.d.1214CECA2000C3BDA7D7011B458392E8.e.22872/click - {}
COMMAND: GET /session/25c011aa293abf97c7913f308519c6b0/screenshot - {}
RESULT: {}
RESULT: {}
COMMAND: GET /session/25c011aa293abf97c7913f308519c6b0/screenshot - {}
RESULT: {}
RESULT: {}
COMMAND: POST /session/25c011aa293abf97c7913f308519c6b0/element/f.A224BA6FA6224D464A8F44AD5BF2EA9F.d.1214CECA2000C3BDA7D7011B458392E8.e.22872/clear - {}
RESULT: {}
COMMAND: POST /session/25c011aa293abf97c7913f308519c6b0/element/f.A224BA6FA6224D464A8F44AD5BF2EA9F.d.1214CECA2000C3BDA7D7011B458392E8.e.22872/value - {"text":"10185"}
COMMAND: GET /session/25c011aa293abf97c7913f308519c6b0/screenshot - {}
RESULT: {"text":"10185"}
COMMAND: POST /session/25c011aa293abf97c7913f308519c6b0/actions - {"actions":[{"id":"action83","type":"key","parameters":{},"actions":[{"type":"keyDown","value":""},{"type":"pause","duration":10},{"type":"keyUp","value":""}]}]}
COMMAND: GET /session/25c011aa293abf97c7913f308519c6b0/screenshot - {}
RESULT: {}
RESULT: {"actions":[{"id":"action83","type":"key","parameters":{},"actions":[{"type":"keyDown","value":""},{"type":"pause","duration":10},{"type":"keyUp","value":""}]}]}
COMMAND: GET /session/25c011aa293abf97c7913f308519c6b0/screenshot - {}
RESULT: {}
RESULT: {}
COMMAND: POST /session/25c011aa293abf97c7913f308519c6b0/element - {"using":"xpath","value":"//span[contains(@id ,\"application-billingtransfer-display-component---billingWorkbench--smartTableBillingRuns-header-inner\")]"}
RESULT: {"using":"xpath","value":"//span[contains(@id ,\"application-billingtransfer-display-component---billingWorkbench--smartTableBillingRuns-header-inner\")]"}
COMMAND: POST /session/25c011aa293abf97c7913f308519c6b0/elements - {"using":"xpath","value":"//span[contains(@id ,\"application-billingtransfer-display-component---billingWorkbench--smartTableBillingRuns-header-inner\")]"}
RESULT: {"using":"xpath","value":"//span[contains(@id ,\"application-billingtransfer-display-component---billingWorkbench--smartTableBillingRuns-header-inner\")]"}
COMMAND: POST /session/25c011aa293abf97c7913f308519c6b0/execute/sync - {"script":"<script> [56 bytes]","args":[{"element-6066-11e4-a52e-4f735466cecf":"f.A224BA6FA6224D464A8F44AD5BF2EA9F.d.1214CECA2000C3BDA7D7011B458392E8.e.22975","ELEMENT":"f.A224BA6FA6224D464A8F44AD5BF2EA9F.d.1214CECA2000C3BDA7D7011B458392E8.e.22975"}]}
RESULT: {"script":"<script> [56 bytes]","args":[{"element-6066-11e4-a52e-4f735466cecf":"f.A224BA6FA6224D464A8F44AD5BF2EA9F.d.1214CECA2000C3BDA7D7011B458392E8.e.22975","ELEMENT":"f.A224BA6FA6224D464A8F44AD5BF2EA9F.d.1214CECA2000C3BDA7D7011B458392E8.e.22975"}]}
COMMAND: POST /session/25c011aa293abf97c7913f308519c6b0/element - {"using":"xpath","value":"//td[@aria-colindex=\"1\"]/div/div[contains(@class, \"sapMCbBg\")]"}
COMMAND: GET /session/25c011aa293abf97c7913f308519c6b0/screenshot - {}
RESULT: {"using":"xpath","value":"//td[@aria-colindex=\"1\"]/div/div[contains(@class, \"sapMCbBg\")]"}
COMMAND: POST /session/25c011aa293abf97c7913f308519c6b0/element/f.A224BA6FA6224D464A8F44AD5BF2EA9F.d.1214CECA2000C3BDA7D7011B458392E8.e.22945/click - {}
RESULT: {}
RESULT: {}
COMMAND: GET /session/25c011aa293abf97c7913f308519c6b0/screenshot - {}
RESULT: {}
COMMAND: POST /session/25c011aa293abf97c7913f308519c6b0/element - {"using":"xpath","value":"//bdi[contains(text(), \"Check\")]"}
RESULT: {"using":"xpath","value":"//bdi[contains(text(), \"Check\")]"}
COMMAND: POST /session/25c011aa293abf97c7913f308519c6b0/element/f.A224BA6FA6224D464A8F44AD5BF2EA9F.d.1214CECA2000C3BDA7D7011B458392E8.e.22976/click - {}
RESULT: {}
COMMAND: GET /session/25c011aa293abf97c7913f308519c6b0/screenshot - {}
RESULT: {}
COMMAND: POST /session/25c011aa293abf97c7913f308519c6b0/element - {"using":"xpath","value":"//bdi[contains(text(), \"OK\")]"}
RESULT: {"using":"xpath","value":"//bdi[contains(text(), \"OK\")]"}
COMMAND: POST /session/25c011aa293abf97c7913f308519c6b0/element/f.A224BA6FA6224D464A8F44AD5BF2EA9F.d.1214CECA2000C3BDA7D7011B458392E8.e.22979/click - {}
RESULT: {}
COMMAND: GET /session/25c011aa293abf97c7913f308519c6b0/screenshot - {}
RESULT: {}
COMMAND: POST /session/25c011aa293abf97c7913f308519c6b0/element - {"using":"xpath","value":"(//span[contains(text(), \"CO/SD checked\")]/parent::div/preceding-sibling::div/span)[1]"}
RESULT: {"using":"xpath","value":"(//span[contains(text(), \"CO/SD checked\")]/parent::div/preceding-sibling::div/span)[1]"}
COMMAND: POST /session/25c011aa293abf97c7913f308519c6b0/element/f.A224BA6FA6224D464A8F44AD5BF2EA9F.d.1214CECA2000C3BDA7D7011B458392E8.e.22992/click - {}
RESULT: {}
COMMAND: GET /session/25c011aa293abf97c7913f308519c6b0/screenshot - {}
RESULT: {}
COMMAND: POST /session/25c011aa293abf97c7913f308519c6b0/element - {"using":"xpath","value":"//input[contains(@id ,\"application-billingtransfer-display-component---billingWorkbench--smartFilterBar-btnBasicSearch\")]"}
RESULT: {"using":"xpath","value":"//input[contains(@id ,\"application-billingtransfer-display-component---billingWorkbench--smartFilterBar-btnBasicSearch\")]"}
COMMAND: POST /session/25c011aa293abf97c7913f308519c6b0/elements - {"using":"xpath","value":"//input[contains(@id ,\"application-billingtransfer-display-component---billingWorkbench--smartFilterBar-btnBasicSearch\")]"}
RESULT: {"using":"xpath","value":"//input[contains(@id ,\"application-billingtransfer-display-component---billingWorkbench--smartFilterBar-btnBasicSearch\")]"}
COMMAND: POST /session/25c011aa293abf97c7913f308519c6b0/execute/sync - {"script":"<script> [8489 bytes]","args":[{"element-6066-11e4-a52e-4f735466cecf":"f.A224BA6FA6224D464A8F44AD5BF2EA9F.d.1214CECA2000C3BDA7D7011B458392E8.e.22872","ELEMENT":"f.A224BA6FA6224D464A8F44AD5BF2EA9F.d.1214CECA2000C3BDA7D7011B458392E8.e.22872"}]}
RESULT: {"script":"<script> [8489 bytes]","args":[{"element-6066-11e4-a52e-4f735466cecf":"f.A224BA6FA6224D464A8F44AD5BF2EA9F.d.1214CECA2000C3BDA7D7011B458392E8.e.22872","ELEMENT":"f.A224BA6FA6224D464A8F44AD5BF2EA9F.d.1214CECA2000C3BDA7D7011B458392E8.e.22872"}]}
COMMAND: GET /session/25c011aa293abf97c7913f308519c6b0/element/f.A224BA6FA6224D464A8F44AD5BF2EA9F.d.1214CECA2000C3BDA7D7011B458392E8.e.22872/enabled - {}
COMMAND: GET /session/25c011aa293abf97c7913f308519c6b0/screenshot - {}
RESULT: {}
COMMAND: POST /session/25c011aa293abf97c7913f308519c6b0/element/f.A224BA6FA6224D464A8F44AD5BF2EA9F.d.1214CECA2000C3BDA7D7011B458392E8.e.22872/click - {}
COMMAND: GET /session/25c011aa293abf97c7913f308519c6b0/screenshot - {}
RESULT: {}
RESULT: {}
COMMAND: GET /session/25c011aa293abf97c7913f308519c6b0/screenshot - {}
RESULT: {}
RESULT: {}
COMMAND: POST /session/25c011aa293abf97c7913f308519c6b0/element/f.A224BA6FA6224D464A8F44AD5BF2EA9F.d.1214CECA2000C3BDA7D7011B458392E8.e.22872/clear - {}
RESULT: {}
COMMAND: POST /session/25c011aa293abf97c7913f308519c6b0/element/f.A224BA6FA6224D464A8F44AD5BF2EA9F.d.1214CECA2000C3BDA7D7011B458392E8.e.22872/value - {"text":"10185"}
COMMAND: GET /session/25c011aa293abf97c7913f308519c6b0/screenshot - {}
RESULT: {"text":"10185"}
COMMAND: POST /session/25c011aa293abf97c7913f308519c6b0/actions - {"actions":[{"id":"action84","type":"key","parameters":{},"actions":[{"type":"keyDown","value":""},{"type":"pause","duration":10},{"type":"keyUp","value":""}]}]}
COMMAND: GET /session/25c011aa293abf97c7913f308519c6b0/screenshot - {}
RESULT: {}
RESULT: {"actions":[{"id":"action84","type":"key","parameters":{},"actions":[{"type":"keyDown","value":""},{"type":"pause","duration":10},{"type":"keyUp","value":""}]}]}
COMMAND: GET /session/25c011aa293abf97c7913f308519c6b0/screenshot - {}
RESULT: {}
RESULT: {}
COMMAND: POST /session/25c011aa293abf97c7913f308519c6b0/element - {"using":"xpath","value":"//span[contains(@id ,\"application-billingtransfer-display-component---billingWorkbench--smartTableBillingRuns-header-inner\")]"}
RESULT: {"using":"xpath","value":"//span[contains(@id ,\"application-billingtransfer-display-component---billingWorkbench--smartTableBillingRuns-header-inner\")]"}
COMMAND: POST /session/25c011aa293abf97c7913f308519c6b0/elements - {"using":"xpath","value":"//span[contains(@id ,\"application-billingtransfer-display-component---billingWorkbench--smartTableBillingRuns-header-inner\")]"}
RESULT: {"using":"xpath","value":"//span[contains(@id ,\"application-billingtransfer-display-component---billingWorkbench--smartTableBillingRuns-header-inner\")]"}
COMMAND: POST /session/25c011aa293abf97c7913f308519c6b0/execute/sync - {"script":"<script> [56 bytes]","args":[{"element-6066-11e4-a52e-4f735466cecf":"f.A224BA6FA6224D464A8F44AD5BF2EA9F.d.1214CECA2000C3BDA7D7011B458392E8.e.22975","ELEMENT":"f.A224BA6FA6224D464A8F44AD5BF2EA9F.d.1214CECA2000C3BDA7D7011B458392E8.e.22975"}]}
RESULT: {"script":"<script> [56 bytes]","args":[{"element-6066-11e4-a52e-4f735466cecf":"f.A224BA6FA6224D464A8F44AD5BF2EA9F.d.1214CECA2000C3BDA7D7011B458392E8.e.22975","ELEMENT":"f.A224BA6FA6224D464A8F44AD5BF2EA9F.d.1214CECA2000C3BDA7D7011B458392E8.e.22975"}]}
COMMAND: POST /session/25c011aa293abf97c7913f308519c6b0/element - {"using":"xpath","value":"//td[@aria-colindex=\"1\"]/div/div[contains(@class, \"sapMCbBg\")]"}
COMMAND: GET /session/25c011aa293abf97c7913f308519c6b0/screenshot - {}
RESULT: {"using":"xpath","value":"//td[@aria-colindex=\"1\"]/div/div[contains(@class, \"sapMCbBg\")]"}
COMMAND: POST /session/25c011aa293abf97c7913f308519c6b0/element/f.A224BA6FA6224D464A8F44AD5BF2EA9F.d.1214CECA2000C3BDA7D7011B458392E8.e.22996/click - {}
RESULT: {}
RESULT: {}
COMMAND: GET /session/25c011aa293abf97c7913f308519c6b0/screenshot - {}
RESULT: {}
COMMAND: POST /session/25c011aa293abf97c7913f308519c6b0/element - {"using":"xpath","value":"//bdi[text()=\"Transfer\"]"}
RESULT: {"using":"xpath","value":"//bdi[text()=\"Transfer\"]"}
COMMAND: POST /session/25c011aa293abf97c7913f308519c6b0/element/f.A224BA6FA6224D464A8F44AD5BF2EA9F.d.1214CECA2000C3BDA7D7011B458392E8.e.22997/click - {}
RESULT: {}
COMMAND: GET /session/25c011aa293abf97c7913f308519c6b0/screenshot - {}
RESULT: {}
COMMAND: POST /session/25c011aa293abf97c7913f308519c6b0/element - {"using":"xpath","value":"//bdi[contains(text(), \"OK\")]"}
RESULT: {"using":"xpath","value":"//bdi[contains(text(), \"OK\")]"}
COMMAND: POST /session/25c011aa293abf97c7913f308519c6b0/element/f.A224BA6FA6224D464A8F44AD5BF2EA9F.d.1214CECA2000C3BDA7D7011B458392E8.e.23000/click - {}
RESULT: {}
COMMAND: GET /session/25c011aa293abf97c7913f308519c6b0/screenshot - {}
RESULT: {}
COMMAND: POST /session/25c011aa293abf97c7913f308519c6b0/element - {"using":"xpath","value":"(//span[contains(text(), \"Completed\")]/parent::div/preceding-sibling::div/span)[1]"}
RESULT: {"using":"xpath","value":"(//span[contains(text(), \"Completed\")]/parent::div/preceding-sibling::div/span)[1]"}
COMMAND: POST /session/25c011aa293abf97c7913f308519c6b0/element/f.A224BA6FA6224D464A8F44AD5BF2EA9F.d.1214CECA2000C3BDA7D7011B458392E8.e.23008/click - {}
RESULT: {}
COMMAND: POST /session/25c011aa293abf97c7913f308519c6b0/element - {"using":"xpath","value":"//input[contains(@id ,\"application-billingtransfer-display-component---billingWorkbench--smartFilterBar-btnBasicSearch\")]"}
COMMAND: GET /session/25c011aa293abf97c7913f308519c6b0/screenshot - {}
RESULT: {"using":"xpath","value":"//input[contains(@id ,\"application-billingtransfer-display-component---billingWorkbench--smartFilterBar-btnBasicSearch\")]"}
COMMAND: POST /session/25c011aa293abf97c7913f308519c6b0/elements - {"using":"xpath","value":"//input[contains(@id ,\"application-billingtransfer-display-component---billingWorkbench--smartFilterBar-btnBasicSearch\")]"}
RESULT: {}
RESULT: {"using":"xpath","value":"//input[contains(@id ,\"application-billingtransfer-display-component---billingWorkbench--smartFilterBar-btnBasicSearch\")]"}
COMMAND: POST /session/25c011aa293abf97c7913f308519c6b0/execute/sync - {"script":"<script> [8489 bytes]","args":[{"element-6066-11e4-a52e-4f735466cecf":"f.A224BA6FA6224D464A8F44AD5BF2EA9F.d.1214CECA2000C3BDA7D7011B458392E8.e.22872","ELEMENT":"f.A224BA6FA6224D464A8F44AD5BF2EA9F.d.1214CECA2000C3BDA7D7011B458392E8.e.22872"}]}
RESULT: {"script":"<script> [8489 bytes]","args":[{"element-6066-11e4-a52e-4f735466cecf":"f.A224BA6FA6224D464A8F44AD5BF2EA9F.d.1214CECA2000C3BDA7D7011B458392E8.e.22872","ELEMENT":"f.A224BA6FA6224D464A8F44AD5BF2EA9F.d.1214CECA2000C3BDA7D7011B458392E8.e.22872"}]}
COMMAND: GET /session/25c011aa293abf97c7913f308519c6b0/element/f.A224BA6FA6224D464A8F44AD5BF2EA9F.d.1214CECA2000C3BDA7D7011B458392E8.e.22872/enabled - {}
COMMAND: GET /session/25c011aa293abf97c7913f308519c6b0/screenshot - {}
RESULT: {}
COMMAND: POST /session/25c011aa293abf97c7913f308519c6b0/element/f.A224BA6FA6224D464A8F44AD5BF2EA9F.d.1214CECA2000C3BDA7D7011B458392E8.e.22872/click - {}
COMMAND: GET /session/25c011aa293abf97c7913f308519c6b0/screenshot - {}
RESULT: {}
RESULT: {}
COMMAND: GET /session/25c011aa293abf97c7913f308519c6b0/screenshot - {}
RESULT: {}
RESULT: {}
COMMAND: POST /session/25c011aa293abf97c7913f308519c6b0/element/f.A224BA6FA6224D464A8F44AD5BF2EA9F.d.1214CECA2000C3BDA7D7011B458392E8.e.22872/clear - {}
RESULT: {}
COMMAND: POST /session/25c011aa293abf97c7913f308519c6b0/element/f.A224BA6FA6224D464A8F44AD5BF2EA9F.d.1214CECA2000C3BDA7D7011B458392E8.e.22872/value - {"text":"10185"}
COMMAND: GET /session/25c011aa293abf97c7913f308519c6b0/screenshot - {}
RESULT: {"text":"10185"}
COMMAND: POST /session/25c011aa293abf97c7913f308519c6b0/actions - {"actions":[{"id":"action85","type":"key","parameters":{},"actions":[{"type":"keyDown","value":""},{"type":"pause","duration":10},{"type":"keyUp","value":""}]}]}
COMMAND: GET /session/25c011aa293abf97c7913f308519c6b0/screenshot - {}
RESULT: {}
RESULT: {"actions":[{"id":"action85","type":"key","parameters":{},"actions":[{"type":"keyDown","value":""},{"type":"pause","duration":10},{"type":"keyUp","value":""}]}]}
COMMAND: GET /session/25c011aa293abf97c7913f308519c6b0/screenshot - {}
RESULT: {}
RESULT: {}
COMMAND: POST /session/25c011aa293abf97c7913f308519c6b0/element - {"using":"xpath","value":"//span[contains(@id ,\"application-billingtransfer-display-component---billingWorkbench--smartTableBillingRuns-header-inner\")]"}
RESULT: {"using":"xpath","value":"//span[contains(@id ,\"application-billingtransfer-display-component---billingWorkbench--smartTableBillingRuns-header-inner\")]"}
COMMAND: POST /session/25c011aa293abf97c7913f308519c6b0/elements - {"using":"xpath","value":"//span[contains(@id ,\"application-billingtransfer-display-component---billingWorkbench--smartTableBillingRuns-header-inner\")]"}
RESULT: {"using":"xpath","value":"//span[contains(@id ,\"application-billingtransfer-display-component---billingWorkbench--smartTableBillingRuns-header-inner\")]"}
COMMAND: POST /session/25c011aa293abf97c7913f308519c6b0/execute/sync - {"script":"<script> [56 bytes]","args":[{"element-6066-11e4-a52e-4f735466cecf":"f.A224BA6FA6224D464A8F44AD5BF2EA9F.d.1214CECA2000C3BDA7D7011B458392E8.e.22975","ELEMENT":"f.A224BA6FA6224D464A8F44AD5BF2EA9F.d.1214CECA2000C3BDA7D7011B458392E8.e.22975"}]}
RESULT: {"script":"<script> [56 bytes]","args":[{"element-6066-11e4-a52e-4f735466cecf":"f.A224BA6FA6224D464A8F44AD5BF2EA9F.d.1214CECA2000C3BDA7D7011B458392E8.e.22975","ELEMENT":"f.A224BA6FA6224D464A8F44AD5BF2EA9F.d.1214CECA2000C3BDA7D7011B458392E8.e.22975"}]}
COMMAND: GET /session/25c011aa293abf97c7913f308519c6b0/screenshot - {}
RESULT: {}
COMMAND: POST /session/25c011aa293abf97c7913f308519c6b0/execute/sync - {"script":"<script> [56 bytes]","args":[{"element-6066-11e4-a52e-4f735466cecf":"f.A224BA6FA6224D464A8F44AD5BF2EA9F.d.1214CECA2000C3BDA7D7011B458392E8.e.22975","ELEMENT":"f.A224BA6FA6224D464A8F44AD5BF2EA9F.d.1214CECA2000C3BDA7D7011B458392E8.e.22975"}]}
RESULT: {"script":"<script> [56 bytes]","args":[{"element-6066-11e4-a52e-4f735466cecf":"f.A224BA6FA6224D464A8F44AD5BF2EA9F.d.1214CECA2000C3BDA7D7011B458392E8.e.22975","ELEMENT":"f.A224BA6FA6224D464A8F44AD5BF2EA9F.d.1214CECA2000C3BDA7D7011B458392E8.e.22975"}]}
COMMAND: GET /session/25c011aa293abf97c7913f308519c6b0/screenshot - {}
RESULT: {}
COMMAND: POST /session/25c011aa293abf97c7913f308519c6b0/execute/sync - {"script":"<script> [56 bytes]","args":[{"element-6066-11e4-a52e-4f735466cecf":"f.A224BA6FA6224D464A8F44AD5BF2EA9F.d.1214CECA2000C3BDA7D7011B458392E8.e.22975","ELEMENT":"f.A224BA6FA6224D464A8F44AD5BF2EA9F.d.1214CECA2000C3BDA7D7011B458392E8.e.22975"}]}
RESULT: {"script":"<script> [56 bytes]","args":[{"element-6066-11e4-a52e-4f735466cecf":"f.A224BA6FA6224D464A8F44AD5BF2EA9F.d.1214CECA2000C3BDA7D7011B458392E8.e.22975","ELEMENT":"f.A224BA6FA6224D464A8F44AD5BF2EA9F.d.1214CECA2000C3BDA7D7011B458392E8.e.22975"}]}
COMMAND: GET /session/25c011aa293abf97c7913f308519c6b0/screenshot - {}
RESULT: {}
COMMAND: POST /session/25c011aa293abf97c7913f308519c6b0/execute/sync - {"script":"<script> [56 bytes]","args":[{"element-6066-11e4-a52e-4f735466cecf":"f.A224BA6FA6224D464A8F44AD5BF2EA9F.d.1214CECA2000C3BDA7D7011B458392E8.e.22975","ELEMENT":"f.A224BA6FA6224D464A8F44AD5BF2EA9F.d.1214CECA2000C3BDA7D7011B458392E8.e.22975"}]}
RESULT: {"script":"<script> [56 bytes]","args":[{"element-6066-11e4-a52e-4f735466cecf":"f.A224BA6FA6224D464A8F44AD5BF2EA9F.d.1214CECA2000C3BDA7D7011B458392E8.e.22975","ELEMENT":"f.A224BA6FA6224D464A8F44AD5BF2EA9F.d.1214CECA2000C3BDA7D7011B458392E8.e.22975"}]}
COMMAND: GET /session/25c011aa293abf97c7913f308519c6b0/screenshot - {}
RESULT: {}
COMMAND: POST /session/25c011aa293abf97c7913f308519c6b0/execute/sync - {"script":"<script> [56 bytes]","args":[{"element-6066-11e4-a52e-4f735466cecf":"f.A224BA6FA6224D464A8F44AD5BF2EA9F.d.1214CECA2000C3BDA7D7011B458392E8.e.22975","ELEMENT":"f.A224BA6FA6224D464A8F44AD5BF2EA9F.d.1214CECA2000C3BDA7D7011B458392E8.e.22975"}]}
RESULT: {"script":"<script> [56 bytes]","args":[{"element-6066-11e4-a52e-4f735466cecf":"f.A224BA6FA6224D464A8F44AD5BF2EA9F.d.1214CECA2000C3BDA7D7011B458392E8.e.22975","ELEMENT":"f.A224BA6FA6224D464A8F44AD5BF2EA9F.d.1214CECA2000C3BDA7D7011B458392E8.e.22975"}]}
COMMAND: GET /session/25c011aa293abf97c7913f308519c6b0/screenshot - {}
RESULT: {}
COMMAND: POST /session/25c011aa293abf97c7913f308519c6b0/execute/sync - {"script":"<script> [56 bytes]","args":[{"element-6066-11e4-a52e-4f735466cecf":"f.A224BA6FA6224D464A8F44AD5BF2EA9F.d.1214CECA2000C3BDA7D7011B458392E8.e.22975","ELEMENT":"f.A224BA6FA6224D464A8F44AD5BF2EA9F.d.1214CECA2000C3BDA7D7011B458392E8.e.22975"}]}
RESULT: {"script":"<script> [56 bytes]","args":[{"element-6066-11e4-a52e-4f735466cecf":"f.A224BA6FA6224D464A8F44AD5BF2EA9F.d.1214CECA2000C3BDA7D7011B458392E8.e.22975","ELEMENT":"f.A224BA6FA6224D464A8F44AD5BF2EA9F.d.1214CECA2000C3BDA7D7011B458392E8.e.22975"}]}
COMMAND: GET /session/25c011aa293abf97c7913f308519c6b0/screenshot - {}
RESULT: {}
COMMAND: POST /session/25c011aa293abf97c7913f308519c6b0/execute/sync - {"script":"<script> [56 bytes]","args":[{"element-6066-11e4-a52e-4f735466cecf":"f.A224BA6FA6224D464A8F44AD5BF2EA9F.d.1214CECA2000C3BDA7D7011B458392E8.e.22975","ELEMENT":"f.A224BA6FA6224D464A8F44AD5BF2EA9F.d.1214CECA2000C3BDA7D7011B458392E8.e.22975"}]}
RESULT: {"script":"<script> [56 bytes]","args":[{"element-6066-11e4-a52e-4f735466cecf":"f.A224BA6FA6224D464A8F44AD5BF2EA9F.d.1214CECA2000C3BDA7D7011B458392E8.e.22975","ELEMENT":"f.A224BA6FA6224D464A8F44AD5BF2EA9F.d.1214CECA2000C3BDA7D7011B458392E8.e.22975"}]}
COMMAND: GET /session/25c011aa293abf97c7913f308519c6b0/screenshot - {}
RESULT: {}
COMMAND: POST /session/25c011aa293abf97c7913f308519c6b0/execute/sync - {"script":"<script> [56 bytes]","args":[{"element-6066-11e4-a52e-4f735466cecf":"f.A224BA6FA6224D464A8F44AD5BF2EA9F.d.1214CECA2000C3BDA7D7011B458392E8.e.22975","ELEMENT":"f.A224BA6FA6224D464A8F44AD5BF2EA9F.d.1214CECA2000C3BDA7D7011B458392E8.e.22975"}]}
RESULT: {"script":"<script> [56 bytes]","args":[{"element-6066-11e4-a52e-4f735466cecf":"f.A224BA6FA6224D464A8F44AD5BF2EA9F.d.1214CECA2000C3BDA7D7011B458392E8.e.22975","ELEMENT":"f.A224BA6FA6224D464A8F44AD5BF2EA9F.d.1214CECA2000C3BDA7D7011B458392E8.e.22975"}]}
COMMAND: GET /session/25c011aa293abf97c7913f308519c6b0/screenshot - {}
RESULT: {}
COMMAND: POST /session/25c011aa293abf97c7913f308519c6b0/execute/sync - {"script":"<script> [56 bytes]","args":[{"element-6066-11e4-a52e-4f735466cecf":"f.A224BA6FA6224D464A8F44AD5BF2EA9F.d.1214CECA2000C3BDA7D7011B458392E8.e.22975","ELEMENT":"f.A224BA6FA6224D464A8F44AD5BF2EA9F.d.1214CECA2000C3BDA7D7011B458392E8.e.22975"}]}
RESULT: {"script":"<script> [56 bytes]","args":[{"element-6066-11e4-a52e-4f735466cecf":"f.A224BA6FA6224D464A8F44AD5BF2EA9F.d.1214CECA2000C3BDA7D7011B458392E8.e.22975","ELEMENT":"f.A224BA6FA6224D464A8F44AD5BF2EA9F.d.1214CECA2000C3BDA7D7011B458392E8.e.22975"}]}
COMMAND: GET /session/25c011aa293abf97c7913f308519c6b0/screenshot - {}
RESULT: {}
COMMAND: POST /session/25c011aa293abf97c7913f308519c6b0/execute/sync - {"script":"<script> [56 bytes]","args":[{"element-6066-11e4-a52e-4f735466cecf":"f.A224BA6FA6224D464A8F44AD5BF2EA9F.d.1214CECA2000C3BDA7D7011B458392E8.e.22975","ELEMENT":"f.A224BA6FA6224D464A8F44AD5BF2EA9F.d.1214CECA2000C3BDA7D7011B458392E8.e.22975"}]}
RESULT: {"script":"<script> [56 bytes]","args":[{"element-6066-11e4-a52e-4f735466cecf":"f.A224BA6FA6224D464A8F44AD5BF2EA9F.d.1214CECA2000C3BDA7D7011B458392E8.e.22975","ELEMENT":"f.A224BA6FA6224D464A8F44AD5BF2EA9F.d.1214CECA2000C3BDA7D7011B458392E8.e.22975"}]}
COMMAND: GET /session/25c011aa293abf97c7913f308519c6b0/screenshot - {}
RESULT: {}
COMMAND: POST /session/25c011aa293abf97c7913f308519c6b0/execute/sync - {"script":"<script> [56 bytes]","args":[{"element-6066-11e4-a52e-4f735466cecf":"f.A224BA6FA6224D464A8F44AD5BF2EA9F.d.1214CECA2000C3BDA7D7011B458392E8.e.22975","ELEMENT":"f.A224BA6FA6224D464A8F44AD5BF2EA9F.d.1214CECA2000C3BDA7D7011B458392E8.e.22975"}]}
RESULT: {"script":"<script> [56 bytes]","args":[{"element-6066-11e4-a52e-4f735466cecf":"f.A224BA6FA6224D464A8F44AD5BF2EA9F.d.1214CECA2000C3BDA7D7011B458392E8.e.22975","ELEMENT":"f.A224BA6FA6224D464A8F44AD5BF2EA9F.d.1214CECA2000C3BDA7D7011B458392E8.e.22975"}]}
COMMAND: GET /session/25c011aa293abf97c7913f308519c6b0/screenshot - {}
RESULT: {}
COMMAND: POST /session/25c011aa293abf97c7913f308519c6b0/execute/sync - {"script":"<script> [56 bytes]","args":[{"element-6066-11e4-a52e-4f735466cecf":"f.A224BA6FA6224D464A8F44AD5BF2EA9F.d.1214CECA2000C3BDA7D7011B458392E8.e.22975","ELEMENT":"f.A224BA6FA6224D464A8F44AD5BF2EA9F.d.1214CECA2000C3BDA7D7011B458392E8.e.22975"}]}
RESULT: {"script":"<script> [56 bytes]","args":[{"element-6066-11e4-a52e-4f735466cecf":"f.A224BA6FA6224D464A8F44AD5BF2EA9F.d.1214CECA2000C3BDA7D7011B458392E8.e.22975","ELEMENT":"f.A224BA6FA6224D464A8F44AD5BF2EA9F.d.1214CECA2000C3BDA7D7011B458392E8.e.22975"}]}
COMMAND: GET /session/25c011aa293abf97c7913f308519c6b0/screenshot - {}
RESULT: {}
COMMAND: POST /session/25c011aa293abf97c7913f308519c6b0/execute/sync - {"script":"<script> [56 bytes]","args":[{"element-6066-11e4-a52e-4f735466cecf":"f.A224BA6FA6224D464A8F44AD5BF2EA9F.d.1214CECA2000C3BDA7D7011B458392E8.e.22975","ELEMENT":"f.A224BA6FA6224D464A8F44AD5BF2EA9F.d.1214CECA2000C3BDA7D7011B458392E8.e.22975"}]}
RESULT: {"script":"<script> [56 bytes]","args":[{"element-6066-11e4-a52e-4f735466cecf":"f.A224BA6FA6224D464A8F44AD5BF2EA9F.d.1214CECA2000C3BDA7D7011B458392E8.e.22975","ELEMENT":"f.A224BA6FA6224D464A8F44AD5BF2EA9F.d.1214CECA2000C3BDA7D7011B458392E8.e.22975"}]}
COMMAND: GET /session/25c011aa293abf97c7913f308519c6b0/screenshot - {}
RESULT: {}
COMMAND: POST /session/25c011aa293abf97c7913f308519c6b0/execute/sync - {"script":"<script> [56 bytes]","args":[{"element-6066-11e4-a52e-4f735466cecf":"f.A224BA6FA6224D464A8F44AD5BF2EA9F.d.1214CECA2000C3BDA7D7011B458392E8.e.22975","ELEMENT":"f.A224BA6FA6224D464A8F44AD5BF2EA9F.d.1214CECA2000C3BDA7D7011B458392E8.e.22975"}]}
RESULT: {"script":"<script> [56 bytes]","args":[{"element-6066-11e4-a52e-4f735466cecf":"f.A224BA6FA6224D464A8F44AD5BF2EA9F.d.1214CECA2000C3BDA7D7011B458392E8.e.22975","ELEMENT":"f.A224BA6FA6224D464A8F44AD5BF2EA9F.d.1214CECA2000C3BDA7D7011B458392E8.e.22975"}]}
COMMAND: GET /session/25c011aa293abf97c7913f308519c6b0/screenshot - {}
RESULT: {}
COMMAND: POST /session/25c011aa293abf97c7913f308519c6b0/execute/sync - {"script":"<script> [56 bytes]","args":[{"element-6066-11e4-a52e-4f735466cecf":"f.A224BA6FA6224D464A8F44AD5BF2EA9F.d.1214CECA2000C3BDA7D7011B458392E8.e.22975","ELEMENT":"f.A224BA6FA6224D464A8F44AD5BF2EA9F.d.1214CECA2000C3BDA7D7011B458392E8.e.22975"}]}
RESULT: {"script":"<script> [56 bytes]","args":[{"element-6066-11e4-a52e-4f735466cecf":"f.A224BA6FA6224D464A8F44AD5BF2EA9F.d.1214CECA2000C3BDA7D7011B458392E8.e.22975","ELEMENT":"f.A224BA6FA6224D464A8F44AD5BF2EA9F.d.1214CECA2000C3BDA7D7011B458392E8.e.22975"}]}
COMMAND: GET /session/25c011aa293abf97c7913f308519c6b0/screenshot - {}
RESULT: {}
COMMAND: POST /session/25c011aa293abf97c7913f308519c6b0/execute/sync - {"script":"<script> [56 bytes]","args":[{"element-6066-11e4-a52e-4f735466cecf":"f.A224BA6FA6224D464A8F44AD5BF2EA9F.d.1214CECA2000C3BDA7D7011B458392E8.e.22975","ELEMENT":"f.A224BA6FA6224D464A8F44AD5BF2EA9F.d.1214CECA2000C3BDA7D7011B458392E8.e.22975"}]}
RESULT: {"script":"<script> [56 bytes]","args":[{"element-6066-11e4-a52e-4f735466cecf":"f.A224BA6FA6224D464A8F44AD5BF2EA9F.d.1214CECA2000C3BDA7D7011B458392E8.e.22975","ELEMENT":"f.A224BA6FA6224D464A8F44AD5BF2EA9F.d.1214CECA2000C3BDA7D7011B458392E8.e.22975"}]}
COMMAND: GET /session/25c011aa293abf97c7913f308519c6b0/screenshot - {}
RESULT: {}
COMMAND: POST /session/25c011aa293abf97c7913f308519c6b0/execute/sync - {"script":"<script> [56 bytes]","args":[{"element-6066-11e4-a52e-4f735466cecf":"f.A224BA6FA6224D464A8F44AD5BF2EA9F.d.1214CECA2000C3BDA7D7011B458392E8.e.22975","ELEMENT":"f.A224BA6FA6224D464A8F44AD5BF2EA9F.d.1214CECA2000C3BDA7D7011B458392E8.e.22975"}]}
RESULT: {"script":"<script> [56 bytes]","args":[{"element-6066-11e4-a52e-4f735466cecf":"f.A224BA6FA6224D464A8F44AD5BF2EA9F.d.1214CECA2000C3BDA7D7011B458392E8.e.22975","ELEMENT":"f.A224BA6FA6224D464A8F44AD5BF2EA9F.d.1214CECA2000C3BDA7D7011B458392E8.e.22975"}]}
COMMAND: GET /session/25c011aa293abf97c7913f308519c6b0/screenshot - {}
RESULT: {}
COMMAND: POST /session/25c011aa293abf97c7913f308519c6b0/execute/sync - {"script":"<script> [56 bytes]","args":[{"element-6066-11e4-a52e-4f735466cecf":"f.A224BA6FA6224D464A8F44AD5BF2EA9F.d.1214CECA2000C3BDA7D7011B458392E8.e.22975","ELEMENT":"f.A224BA6FA6224D464A8F44AD5BF2EA9F.d.1214CECA2000C3BDA7D7011B458392E8.e.22975"}]}
RESULT: {"script":"<script> [56 bytes]","args":[{"element-6066-11e4-a52e-4f735466cecf":"f.A224BA6FA6224D464A8F44AD5BF2EA9F.d.1214CECA2000C3BDA7D7011B458392E8.e.22975","ELEMENT":"f.A224BA6FA6224D464A8F44AD5BF2EA9F.d.1214CECA2000C3BDA7D7011B458392E8.e.22975"}]}
COMMAND: GET /session/25c011aa293abf97c7913f308519c6b0/screenshot - {}
RESULT: {}
COMMAND: POST /session/25c011aa293abf97c7913f308519c6b0/execute/sync - {"script":"<script> [56 bytes]","args":[{"element-6066-11e4-a52e-4f735466cecf":"f.A224BA6FA6224D464A8F44AD5BF2EA9F.d.1214CECA2000C3BDA7D7011B458392E8.e.22975","ELEMENT":"f.A224BA6FA6224D464A8F44AD5BF2EA9F.d.1214CECA2000C3BDA7D7011B458392E8.e.22975"}]}
RESULT: {"script":"<script> [56 bytes]","args":[{"element-6066-11e4-a52e-4f735466cecf":"f.A224BA6FA6224D464A8F44AD5BF2EA9F.d.1214CECA2000C3BDA7D7011B458392E8.e.22975","ELEMENT":"f.A224BA6FA6224D464A8F44AD5BF2EA9F.d.1214CECA2000C3BDA7D7011B458392E8.e.22975"}]}
COMMAND: GET /session/25c011aa293abf97c7913f308519c6b0/screenshot - {}
RESULT: {}
COMMAND: POST /session/25c011aa293abf97c7913f308519c6b0/execute/sync - {"script":"<script> [56 bytes]","args":[{"element-6066-11e4-a52e-4f735466cecf":"f.A224BA6FA6224D464A8F44AD5BF2EA9F.d.1214CECA2000C3BDA7D7011B458392E8.e.22975","ELEMENT":"f.A224BA6FA6224D464A8F44AD5BF2EA9F.d.1214CECA2000C3BDA7D7011B458392E8.e.22975"}]}
RESULT: {"script":"<script> [56 bytes]","args":[{"element-6066-11e4-a52e-4f735466cecf":"f.A224BA6FA6224D464A8F44AD5BF2EA9F.d.1214CECA2000C3BDA7D7011B458392E8.e.22975","ELEMENT":"f.A224BA6FA6224D464A8F44AD5BF2EA9F.d.1214CECA2000C3BDA7D7011B458392E8.e.22975"}]}
COMMAND: GET /session/25c011aa293abf97c7913f308519c6b0/screenshot - {}
COMMAND: POST /session/25c011aa293abf97c7913f308519c6b0/execute/sync - {"script":"<script> [56 bytes]","args":[{"element-6066-11e4-a52e-4f735466cecf":"f.A224BA6FA6224D464A8F44AD5BF2EA9F.d.1214CECA2000C3BDA7D7011B458392E8.e.22975","ELEMENT":"f.A224BA6FA6224D464A8F44AD5BF2EA9F.d.1214CECA2000C3BDA7D7011B458392E8.e.22975"}]}
RESULT: {}
RESULT: {"script":"<script> [56 bytes]","args":[{"element-6066-11e4-a52e-4f735466cecf":"f.A224BA6FA6224D464A8F44AD5BF2EA9F.d.1214CECA2000C3BDA7D7011B458392E8.e.22975","ELEMENT":"f.A224BA6FA6224D464A8F44AD5BF2EA9F.d.1214CECA2000C3BDA7D7011B458392E8.e.22975"}]}
COMMAND: POST /session/25c011aa293abf97c7913f308519c6b0/element - {"using":"css selector","value":"#shell-header-logo"}
COMMAND: GET /session/25c011aa293abf97c7913f308519c6b0/screenshot - {}
RESULT: {"using":"css selector","value":"#shell-header-logo"}
COMMAND: POST /session/25c011aa293abf97c7913f308519c6b0/element/f.A224BA6FA6224D464A8F44AD5BF2EA9F.d.1214CECA2000C3BDA7D7011B458392E8.e.22870/click - {}
RESULT: {}
RESULT: {}
COMMAND: GET /session/25c011aa293abf97c7913f308519c6b0/screenshot - {}
RESULT: {}
]]></system-out>
    </testcase>
    <testcase classname="chrome.137_0_7151_69.windows.Billing_Calculation_-_Time_based_(considering_transport_times)_US139738" name="Should navigate to the contract item check the billed until field value" time="50.623">
      <system-out><![CDATA[
RESULT: undefined
COMMAND: POST /session/25c011aa293abf97c7913f308519c6b0/element - {"using":"xpath","value":"//*[@id=\"__tile132\"]"}
RESULT: {"using":"xpath","value":"//*[@id=\"__tile132\"]"}
COMMAND: POST /session/25c011aa293abf97c7913f308519c6b0/element/f.A224BA6FA6224D464A8F44AD5BF2EA9F.d.1214CECA2000C3BDA7D7011B458392E8.e.18882/click - {}
RESULT: {}
COMMAND: GET /session/25c011aa293abf97c7913f308519c6b0/screenshot - {}
RESULT: {}
COMMAND: POST /session/25c011aa293abf97c7913f308519c6b0/elements - {"using":"xpath","value":"//span[text()='Error']"}
RESULT: {"using":"xpath","value":"//span[text()='Error']"}
COMMAND: POST /session/25c011aa293abf97c7913f308519c6b0/element - {"using":"xpath","value":"//button[@data-kt=\"addButton\"]"}
RESULT: {"using":"xpath","value":"//button[@data-kt=\"addButton\"]"}
COMMAND: POST /session/25c011aa293abf97c7913f308519c6b0/elements - {"using":"xpath","value":"//button[@data-kt=\"addButton\"]"}
RESULT: {"using":"xpath","value":"//button[@data-kt=\"addButton\"]"}
COMMAND: POST /session/25c011aa293abf97c7913f308519c6b0/execute/sync - {"script":"<script> [8489 bytes]","args":[{"element-6066-11e4-a52e-4f735466cecf":"f.A224BA6FA6224D464A8F44AD5BF2EA9F.d.1214CECA2000C3BDA7D7011B458392E8.e.23063","ELEMENT":"f.A224BA6FA6224D464A8F44AD5BF2EA9F.d.1214CECA2000C3BDA7D7011B458392E8.e.23063"}]}
RESULT: {"script":"<script> [8489 bytes]","args":[{"element-6066-11e4-a52e-4f735466cecf":"f.A224BA6FA6224D464A8F44AD5BF2EA9F.d.1214CECA2000C3BDA7D7011B458392E8.e.23063","ELEMENT":"f.A224BA6FA6224D464A8F44AD5BF2EA9F.d.1214CECA2000C3BDA7D7011B458392E8.e.23063"}]}
COMMAND: GET /session/25c011aa293abf97c7913f308519c6b0/element/f.A224BA6FA6224D464A8F44AD5BF2EA9F.d.1214CECA2000C3BDA7D7011B458392E8.e.23063/enabled - {}
COMMAND: GET /session/25c011aa293abf97c7913f308519c6b0/screenshot - {}
RESULT: {}
COMMAND: POST /session/25c011aa293abf97c7913f308519c6b0/execute/sync - {"script":"<script> [8489 bytes]","args":[{"element-6066-11e4-a52e-4f735466cecf":"f.A224BA6FA6224D464A8F44AD5BF2EA9F.d.1214CECA2000C3BDA7D7011B458392E8.e.23063","ELEMENT":"f.A224BA6FA6224D464A8F44AD5BF2EA9F.d.1214CECA2000C3BDA7D7011B458392E8.e.23063"}]}
COMMAND: GET /session/25c011aa293abf97c7913f308519c6b0/screenshot - {}
RESULT: {}
RESULT: {"script":"<script> [8489 bytes]","args":[{"element-6066-11e4-a52e-4f735466cecf":"f.A224BA6FA6224D464A8F44AD5BF2EA9F.d.1214CECA2000C3BDA7D7011B458392E8.e.23063","ELEMENT":"f.A224BA6FA6224D464A8F44AD5BF2EA9F.d.1214CECA2000C3BDA7D7011B458392E8.e.23063"}]}
COMMAND: POST /session/25c011aa293abf97c7913f308519c6b0/execute/sync - {"script":"<script> [5351 bytes]","args":[{"element-6066-11e4-a52e-4f735466cecf":"f.A224BA6FA6224D464A8F44AD5BF2EA9F.d.1214CECA2000C3BDA7D7011B458392E8.e.23063","ELEMENT":"f.A224BA6FA6224D464A8F44AD5BF2EA9F.d.1214CECA2000C3BDA7D7011B458392E8.e.23063"}]}
COMMAND: GET /session/25c011aa293abf97c7913f308519c6b0/screenshot - {}
RESULT: {}
RESULT: {"script":"<script> [5351 bytes]","args":[{"element-6066-11e4-a52e-4f735466cecf":"f.A224BA6FA6224D464A8F44AD5BF2EA9F.d.1214CECA2000C3BDA7D7011B458392E8.e.23063","ELEMENT":"f.A224BA6FA6224D464A8F44AD5BF2EA9F.d.1214CECA2000C3BDA7D7011B458392E8.e.23063"}]}
COMMAND: POST /session/25c011aa293abf97c7913f308519c6b0/element - {"using":"xpath","value":"//input[contains(@id ,\"smartContractFilterBar-btnBasicSearch-I\")]"}
COMMAND: GET /session/25c011aa293abf97c7913f308519c6b0/screenshot - {}
RESULT: {}
RESULT: {"using":"xpath","value":"//input[contains(@id ,\"smartContractFilterBar-btnBasicSearch-I\")]"}
COMMAND: POST /session/25c011aa293abf97c7913f308519c6b0/elements - {"using":"xpath","value":"//input[contains(@id ,\"smartContractFilterBar-btnBasicSearch-I\")]"}
RESULT: {}
RESULT: {"using":"xpath","value":"//input[contains(@id ,\"smartContractFilterBar-btnBasicSearch-I\")]"}
COMMAND: POST /session/25c011aa293abf97c7913f308519c6b0/execute/sync - {"script":"<script> [8489 bytes]","args":[{"element-6066-11e4-a52e-4f735466cecf":"f.A224BA6FA6224D464A8F44AD5BF2EA9F.d.1214CECA2000C3BDA7D7011B458392E8.e.23021","ELEMENT":"f.A224BA6FA6224D464A8F44AD5BF2EA9F.d.1214CECA2000C3BDA7D7011B458392E8.e.23021"}]}
RESULT: {"script":"<script> [8489 bytes]","args":[{"element-6066-11e4-a52e-4f735466cecf":"f.A224BA6FA6224D464A8F44AD5BF2EA9F.d.1214CECA2000C3BDA7D7011B458392E8.e.23021","ELEMENT":"f.A224BA6FA6224D464A8F44AD5BF2EA9F.d.1214CECA2000C3BDA7D7011B458392E8.e.23021"}]}
COMMAND: GET /session/25c011aa293abf97c7913f308519c6b0/element/f.A224BA6FA6224D464A8F44AD5BF2EA9F.d.1214CECA2000C3BDA7D7011B458392E8.e.23021/enabled - {}
COMMAND: GET /session/25c011aa293abf97c7913f308519c6b0/screenshot - {}
RESULT: {}
COMMAND: POST /session/25c011aa293abf97c7913f308519c6b0/element/f.A224BA6FA6224D464A8F44AD5BF2EA9F.d.1214CECA2000C3BDA7D7011B458392E8.e.23021/clear - {}
COMMAND: GET /session/25c011aa293abf97c7913f308519c6b0/screenshot - {}
RESULT: {}
RESULT: {}
COMMAND: POST /session/25c011aa293abf97c7913f308519c6b0/element/f.A224BA6FA6224D464A8F44AD5BF2EA9F.d.1214CECA2000C3BDA7D7011B458392E8.e.23021/value - {"text":"10185"}
COMMAND: GET /session/25c011aa293abf97c7913f308519c6b0/screenshot - {}
RESULT: {}
RESULT: {"text":"10185"}
COMMAND: GET /session/25c011aa293abf97c7913f308519c6b0/screenshot - {}
RESULT: {}
RESULT: {}
COMMAND: POST /session/25c011aa293abf97c7913f308519c6b0/actions - {"actions":[{"id":"action86","type":"key","parameters":{},"actions":[{"type":"keyDown","value":""},{"type":"pause","duration":10},{"type":"keyUp","value":""}]}]}
RESULT: {"actions":[{"id":"action86","type":"key","parameters":{},"actions":[{"type":"keyDown","value":""},{"type":"pause","duration":10},{"type":"keyUp","value":""}]}]}
COMMAND: GET /session/25c011aa293abf97c7913f308519c6b0/screenshot - {}
RESULT: {}
COMMAND: POST /session/25c011aa293abf97c7913f308519c6b0/element - {"using":"xpath","value":"//span[contains(@id, \"masterListContractsSmartTable-header-inner\")]"}
RESULT: {"using":"xpath","value":"//span[contains(@id, \"masterListContractsSmartTable-header-inner\")]"}
COMMAND: POST /session/25c011aa293abf97c7913f308519c6b0/elements - {"using":"xpath","value":"//span[contains(@id, \"masterListContractsSmartTable-header-inner\")]"}
RESULT: {"using":"xpath","value":"//span[contains(@id, \"masterListContractsSmartTable-header-inner\")]"}
COMMAND: POST /session/25c011aa293abf97c7913f308519c6b0/execute/sync - {"script":"<script> [56 bytes]","args":[{"element-6066-11e4-a52e-4f735466cecf":"f.A224BA6FA6224D464A8F44AD5BF2EA9F.d.1214CECA2000C3BDA7D7011B458392E8.e.23114","ELEMENT":"f.A224BA6FA6224D464A8F44AD5BF2EA9F.d.1214CECA2000C3BDA7D7011B458392E8.e.23114"}]}
RESULT: {"script":"<script> [56 bytes]","args":[{"element-6066-11e4-a52e-4f735466cecf":"f.A224BA6FA6224D464A8F44AD5BF2EA9F.d.1214CECA2000C3BDA7D7011B458392E8.e.23114","ELEMENT":"f.A224BA6FA6224D464A8F44AD5BF2EA9F.d.1214CECA2000C3BDA7D7011B458392E8.e.23114"}]}
COMMAND: POST /session/25c011aa293abf97c7913f308519c6b0/element - {"using":"xpath","value":"(//span[contains(@id, \"imgNav\")])[1]"}
COMMAND: GET /session/25c011aa293abf97c7913f308519c6b0/screenshot - {}
RESULT: {"using":"xpath","value":"(//span[contains(@id, \"imgNav\")])[1]"}
COMMAND: POST /session/25c011aa293abf97c7913f308519c6b0/element/f.A224BA6FA6224D464A8F44AD5BF2EA9F.d.1214CECA2000C3BDA7D7011B458392E8.e.23112/click - {}
RESULT: {}
RESULT: {}
COMMAND: GET /session/25c011aa293abf97c7913f308519c6b0/screenshot - {}
RESULT: {}
COMMAND: POST /session/25c011aa293abf97c7913f308519c6b0/element - {"using":"xpath","value":"//tr[@data-kt=\"productsColumnListItem\"]//td//span[contains(@id, \"imgNav\")][1]"}
RESULT: {"using":"xpath","value":"//tr[@data-kt=\"productsColumnListItem\"]//td//span[contains(@id, \"imgNav\")][1]"}
COMMAND: POST /session/25c011aa293abf97c7913f308519c6b0/element/f.A224BA6FA6224D464A8F44AD5BF2EA9F.d.1214CECA2000C3BDA7D7011B458392E8.e.23249/click - {}
RESULT: {}
COMMAND: GET /session/25c011aa293abf97c7913f308519c6b0/screenshot - {}
RESULT: {}
COMMAND: POST /session/25c011aa293abf97c7913f308519c6b0/element - {"using":"xpath","value":"//section[contains(@id, \"application-managecontracts-display-component---BillingItem--ObjectPageLayout-OPHeaderContent\")]/div/div/div/div/div[2]/div/div[2]/span"}
RESULT: {"using":"xpath","value":"//section[contains(@id, \"application-managecontracts-display-component---BillingItem--ObjectPageLayout-OPHeaderContent\")]/div/div/div/div/div[2]/div/div[2]/span"}
COMMAND: POST /session/25c011aa293abf97c7913f308519c6b0/execute/sync - {"script":"<script> [56 bytes]","args":[{"element-6066-11e4-a52e-4f735466cecf":"f.A224BA6FA6224D464A8F44AD5BF2EA9F.d.1214CECA2000C3BDA7D7011B458392E8.e.23385","ELEMENT":"f.A224BA6FA6224D464A8F44AD5BF2EA9F.d.1214CECA2000C3BDA7D7011B458392E8.e.23385"}]}
RESULT: {"script":"<script> [56 bytes]","args":[{"element-6066-11e4-a52e-4f735466cecf":"f.A224BA6FA6224D464A8F44AD5BF2EA9F.d.1214CECA2000C3BDA7D7011B458392E8.e.23385","ELEMENT":"f.A224BA6FA6224D464A8F44AD5BF2EA9F.d.1214CECA2000C3BDA7D7011B458392E8.e.23385"}]}
COMMAND: POST /session/25c011aa293abf97c7913f308519c6b0/element - {"using":"xpath","value":"//table[contains(@id, \"application-managecontracts-display-component---BillingItem--billingList-listUl\")]//td//*[contains(text(), \"partial billed\")]"}
COMMAND: GET /session/25c011aa293abf97c7913f308519c6b0/screenshot - {}
RESULT: {"using":"xpath","value":"//table[contains(@id, \"application-managecontracts-display-component---BillingItem--billingList-listUl\")]//td//*[contains(text(), \"partial billed\")]"}
COMMAND: POST /session/25c011aa293abf97c7913f308519c6b0/execute/sync - {"script":"<script> [56 bytes]","args":[{"element-6066-11e4-a52e-4f735466cecf":"f.A224BA6FA6224D464A8F44AD5BF2EA9F.d.1214CECA2000C3BDA7D7011B458392E8.e.23386","ELEMENT":"f.A224BA6FA6224D464A8F44AD5BF2EA9F.d.1214CECA2000C3BDA7D7011B458392E8.e.23386"}]}
RESULT: {}
RESULT: {"script":"<script> [56 bytes]","args":[{"element-6066-11e4-a52e-4f735466cecf":"f.A224BA6FA6224D464A8F44AD5BF2EA9F.d.1214CECA2000C3BDA7D7011B458392E8.e.23386","ELEMENT":"f.A224BA6FA6224D464A8F44AD5BF2EA9F.d.1214CECA2000C3BDA7D7011B458392E8.e.23386"}]}
COMMAND: POST /session/25c011aa293abf97c7913f308519c6b0/element - {"using":"css selector","value":"#shell-header-logo"}
COMMAND: GET /session/25c011aa293abf97c7913f308519c6b0/screenshot - {}
RESULT: {"using":"css selector","value":"#shell-header-logo"}
COMMAND: POST /session/25c011aa293abf97c7913f308519c6b0/element/f.A224BA6FA6224D464A8F44AD5BF2EA9F.d.1214CECA2000C3BDA7D7011B458392E8.e.23012/click - {}
RESULT: {}
RESULT: {}
COMMAND: GET /session/25c011aa293abf97c7913f308519c6b0/screenshot - {}
RESULT: {}
]]></system-out>
    </testcase>
    <testcase classname="chrome.137_0_7151_69.windows.Billing_Calculation_-_Time_based_(considering_transport_times)_US139738" name="Should do a handover return 2 step 7 days after provide or 14 days from today receive it in 21 days" time="174.15">
      <system-out><![CDATA[
RESULT: undefined
COMMAND: POST /session/25c011aa293abf97c7913f308519c6b0/element - {"using":"xpath","value":"//*[@id=\"__tile132\"]"}
RESULT: {"using":"xpath","value":"//*[@id=\"__tile132\"]"}
COMMAND: POST /session/25c011aa293abf97c7913f308519c6b0/element/f.A224BA6FA6224D464A8F44AD5BF2EA9F.d.1214CECA2000C3BDA7D7011B458392E8.e.18882/click - {}
RESULT: {}
COMMAND: GET /session/25c011aa293abf97c7913f308519c6b0/screenshot - {}
RESULT: {}
COMMAND: POST /session/25c011aa293abf97c7913f308519c6b0/elements - {"using":"xpath","value":"//span[text()='Error']"}
RESULT: {"using":"xpath","value":"//span[text()='Error']"}
COMMAND: POST /session/25c011aa293abf97c7913f308519c6b0/element - {"using":"xpath","value":"//button[@data-kt=\"addButton\"]"}
RESULT: {"using":"xpath","value":"//button[@data-kt=\"addButton\"]"}
COMMAND: POST /session/25c011aa293abf97c7913f308519c6b0/elements - {"using":"xpath","value":"//button[@data-kt=\"addButton\"]"}
RESULT: {"using":"xpath","value":"//button[@data-kt=\"addButton\"]"}
COMMAND: POST /session/25c011aa293abf97c7913f308519c6b0/execute/sync - {"script":"<script> [8489 bytes]","args":[{"element-6066-11e4-a52e-4f735466cecf":"f.A224BA6FA6224D464A8F44AD5BF2EA9F.d.1214CECA2000C3BDA7D7011B458392E8.e.23434","ELEMENT":"f.A224BA6FA6224D464A8F44AD5BF2EA9F.d.1214CECA2000C3BDA7D7011B458392E8.e.23434"}]}
RESULT: {"script":"<script> [8489 bytes]","args":[{"element-6066-11e4-a52e-4f735466cecf":"f.A224BA6FA6224D464A8F44AD5BF2EA9F.d.1214CECA2000C3BDA7D7011B458392E8.e.23434","ELEMENT":"f.A224BA6FA6224D464A8F44AD5BF2EA9F.d.1214CECA2000C3BDA7D7011B458392E8.e.23434"}]}
COMMAND: GET /session/25c011aa293abf97c7913f308519c6b0/element/f.A224BA6FA6224D464A8F44AD5BF2EA9F.d.1214CECA2000C3BDA7D7011B458392E8.e.23434/enabled - {}
COMMAND: GET /session/25c011aa293abf97c7913f308519c6b0/screenshot - {}
RESULT: {}
COMMAND: POST /session/25c011aa293abf97c7913f308519c6b0/execute/sync - {"script":"<script> [8489 bytes]","args":[{"element-6066-11e4-a52e-4f735466cecf":"f.A224BA6FA6224D464A8F44AD5BF2EA9F.d.1214CECA2000C3BDA7D7011B458392E8.e.23434","ELEMENT":"f.A224BA6FA6224D464A8F44AD5BF2EA9F.d.1214CECA2000C3BDA7D7011B458392E8.e.23434"}]}
COMMAND: GET /session/25c011aa293abf97c7913f308519c6b0/screenshot - {}
RESULT: {}
RESULT: {"script":"<script> [8489 bytes]","args":[{"element-6066-11e4-a52e-4f735466cecf":"f.A224BA6FA6224D464A8F44AD5BF2EA9F.d.1214CECA2000C3BDA7D7011B458392E8.e.23434","ELEMENT":"f.A224BA6FA6224D464A8F44AD5BF2EA9F.d.1214CECA2000C3BDA7D7011B458392E8.e.23434"}]}
COMMAND: POST /session/25c011aa293abf97c7913f308519c6b0/execute/sync - {"script":"<script> [5351 bytes]","args":[{"element-6066-11e4-a52e-4f735466cecf":"f.A224BA6FA6224D464A8F44AD5BF2EA9F.d.1214CECA2000C3BDA7D7011B458392E8.e.23434","ELEMENT":"f.A224BA6FA6224D464A8F44AD5BF2EA9F.d.1214CECA2000C3BDA7D7011B458392E8.e.23434"}]}
COMMAND: GET /session/25c011aa293abf97c7913f308519c6b0/screenshot - {}
RESULT: {}
RESULT: {"script":"<script> [5351 bytes]","args":[{"element-6066-11e4-a52e-4f735466cecf":"f.A224BA6FA6224D464A8F44AD5BF2EA9F.d.1214CECA2000C3BDA7D7011B458392E8.e.23434","ELEMENT":"f.A224BA6FA6224D464A8F44AD5BF2EA9F.d.1214CECA2000C3BDA7D7011B458392E8.e.23434"}]}
COMMAND: GET /session/25c011aa293abf97c7913f308519c6b0/screenshot - {}
RESULT: {}
RESULT: {}
COMMAND: POST /session/25c011aa293abf97c7913f308519c6b0/element - {"using":"xpath","value":"//input[contains(@id ,\"smartContractFilterBar-btnBasicSearch-I\")]"}
RESULT: {"using":"xpath","value":"//input[contains(@id ,\"smartContractFilterBar-btnBasicSearch-I\")]"}
COMMAND: POST /session/25c011aa293abf97c7913f308519c6b0/elements - {"using":"xpath","value":"//input[contains(@id ,\"smartContractFilterBar-btnBasicSearch-I\")]"}
RESULT: {"using":"xpath","value":"//input[contains(@id ,\"smartContractFilterBar-btnBasicSearch-I\")]"}
COMMAND: POST /session/25c011aa293abf97c7913f308519c6b0/execute/sync - {"script":"<script> [8489 bytes]","args":[{"element-6066-11e4-a52e-4f735466cecf":"f.A224BA6FA6224D464A8F44AD5BF2EA9F.d.1214CECA2000C3BDA7D7011B458392E8.e.23398","ELEMENT":"f.A224BA6FA6224D464A8F44AD5BF2EA9F.d.1214CECA2000C3BDA7D7011B458392E8.e.23398"}]}
RESULT: {"script":"<script> [8489 bytes]","args":[{"element-6066-11e4-a52e-4f735466cecf":"f.A224BA6FA6224D464A8F44AD5BF2EA9F.d.1214CECA2000C3BDA7D7011B458392E8.e.23398","ELEMENT":"f.A224BA6FA6224D464A8F44AD5BF2EA9F.d.1214CECA2000C3BDA7D7011B458392E8.e.23398"}]}
COMMAND: GET /session/25c011aa293abf97c7913f308519c6b0/element/f.A224BA6FA6224D464A8F44AD5BF2EA9F.d.1214CECA2000C3BDA7D7011B458392E8.e.23398/enabled - {}
COMMAND: GET /session/25c011aa293abf97c7913f308519c6b0/screenshot - {}
RESULT: {}
COMMAND: POST /session/25c011aa293abf97c7913f308519c6b0/element/f.A224BA6FA6224D464A8F44AD5BF2EA9F.d.1214CECA2000C3BDA7D7011B458392E8.e.23398/clear - {}
COMMAND: GET /session/25c011aa293abf97c7913f308519c6b0/screenshot - {}
RESULT: {}
RESULT: {}
COMMAND: POST /session/25c011aa293abf97c7913f308519c6b0/element/f.A224BA6FA6224D464A8F44AD5BF2EA9F.d.1214CECA2000C3BDA7D7011B458392E8.e.23398/value - {"text":"10185"}
COMMAND: GET /session/25c011aa293abf97c7913f308519c6b0/screenshot - {}
RESULT: {}
RESULT: {"text":"10185"}
COMMAND: GET /session/25c011aa293abf97c7913f308519c6b0/screenshot - {}
RESULT: {}
RESULT: {}
COMMAND: POST /session/25c011aa293abf97c7913f308519c6b0/actions - {"actions":[{"id":"action87","type":"key","parameters":{},"actions":[{"type":"keyDown","value":""},{"type":"pause","duration":10},{"type":"keyUp","value":""}]}]}
RESULT: {"actions":[{"id":"action87","type":"key","parameters":{},"actions":[{"type":"keyDown","value":""},{"type":"pause","duration":10},{"type":"keyUp","value":""}]}]}
COMMAND: GET /session/25c011aa293abf97c7913f308519c6b0/screenshot - {}
COMMAND: POST /session/25c011aa293abf97c7913f308519c6b0/element - {"using":"xpath","value":"//span[contains(@id, \"masterListContractsSmartTable-header-inner\")]"}
RESULT: {}
RESULT: {"using":"xpath","value":"//span[contains(@id, \"masterListContractsSmartTable-header-inner\")]"}
COMMAND: POST /session/25c011aa293abf97c7913f308519c6b0/elements - {"using":"xpath","value":"//span[contains(@id, \"masterListContractsSmartTable-header-inner\")]"}
RESULT: {"using":"xpath","value":"//span[contains(@id, \"masterListContractsSmartTable-header-inner\")]"}
COMMAND: POST /session/25c011aa293abf97c7913f308519c6b0/execute/sync - {"script":"<script> [56 bytes]","args":[{"element-6066-11e4-a52e-4f735466cecf":"f.A224BA6FA6224D464A8F44AD5BF2EA9F.d.1214CECA2000C3BDA7D7011B458392E8.e.23474","ELEMENT":"f.A224BA6FA6224D464A8F44AD5BF2EA9F.d.1214CECA2000C3BDA7D7011B458392E8.e.23474"}]}
RESULT: {"script":"<script> [56 bytes]","args":[{"element-6066-11e4-a52e-4f735466cecf":"f.A224BA6FA6224D464A8F44AD5BF2EA9F.d.1214CECA2000C3BDA7D7011B458392E8.e.23474","ELEMENT":"f.A224BA6FA6224D464A8F44AD5BF2EA9F.d.1214CECA2000C3BDA7D7011B458392E8.e.23474"}]}
COMMAND: GET /session/25c011aa293abf97c7913f308519c6b0/screenshot - {}
RESULT: {}
COMMAND: POST /session/25c011aa293abf97c7913f308519c6b0/execute/sync - {"script":"<script> [56 bytes]","args":[{"element-6066-11e4-a52e-4f735466cecf":"f.A224BA6FA6224D464A8F44AD5BF2EA9F.d.1214CECA2000C3BDA7D7011B458392E8.e.23474","ELEMENT":"f.A224BA6FA6224D464A8F44AD5BF2EA9F.d.1214CECA2000C3BDA7D7011B458392E8.e.23474"}]}
RESULT: {"script":"<script> [56 bytes]","args":[{"element-6066-11e4-a52e-4f735466cecf":"f.A224BA6FA6224D464A8F44AD5BF2EA9F.d.1214CECA2000C3BDA7D7011B458392E8.e.23474","ELEMENT":"f.A224BA6FA6224D464A8F44AD5BF2EA9F.d.1214CECA2000C3BDA7D7011B458392E8.e.23474"}]}
COMMAND: GET /session/25c011aa293abf97c7913f308519c6b0/screenshot - {}
COMMAND: POST /session/25c011aa293abf97c7913f308519c6b0/execute/sync - {"script":"<script> [56 bytes]","args":[{"element-6066-11e4-a52e-4f735466cecf":"f.A224BA6FA6224D464A8F44AD5BF2EA9F.d.1214CECA2000C3BDA7D7011B458392E8.e.23474","ELEMENT":"f.A224BA6FA6224D464A8F44AD5BF2EA9F.d.1214CECA2000C3BDA7D7011B458392E8.e.23474"}]}
RESULT: {}
RESULT: {"script":"<script> [56 bytes]","args":[{"element-6066-11e4-a52e-4f735466cecf":"f.A224BA6FA6224D464A8F44AD5BF2EA9F.d.1214CECA2000C3BDA7D7011B458392E8.e.23474","ELEMENT":"f.A224BA6FA6224D464A8F44AD5BF2EA9F.d.1214CECA2000C3BDA7D7011B458392E8.e.23474"}]}
COMMAND: POST /session/25c011aa293abf97c7913f308519c6b0/element - {"using":"xpath","value":"(//span[contains(@id, \"imgNav\")])[1]"}
COMMAND: GET /session/25c011aa293abf97c7913f308519c6b0/screenshot - {}
RESULT: {"using":"xpath","value":"(//span[contains(@id, \"imgNav\")])[1]"}
COMMAND: POST /session/25c011aa293abf97c7913f308519c6b0/element/f.A224BA6FA6224D464A8F44AD5BF2EA9F.d.1214CECA2000C3BDA7D7011B458392E8.e.23503/click - {}
RESULT: {}
RESULT: {}
COMMAND: GET /session/25c011aa293abf97c7913f308519c6b0/screenshot - {}
RESULT: {}
COMMAND: POST /session/25c011aa293abf97c7913f308519c6b0/element - {"using":"xpath","value":"//button[contains(@id, \"contractDetailReturnButton\")]"}
RESULT: {"using":"xpath","value":"//button[contains(@id, \"contractDetailReturnButton\")]"}
COMMAND: POST /session/25c011aa293abf97c7913f308519c6b0/element/f.A224BA6FA6224D464A8F44AD5BF2EA9F.d.1214CECA2000C3BDA7D7011B458392E8.e.23581/click - {}
RESULT: {}
COMMAND: GET /session/25c011aa293abf97c7913f308519c6b0/screenshot - {}
RESULT: undefined
COMMAND: POST /session/25c011aa293abf97c7913f308519c6b0/execute/async - {"script":"<script> [776 bytes]","args":[{"enterText":"6/27/25","selector":{"id":"application-managehandovers-display-component---AddNewHO--dueDate","interaction":{"idSuffix":"inner"}},"clearTextFirst":true,"interactionType":"ENTER_TEXT"}]}
RESULT: {}
RESULT: {"script":"<script> [776 bytes]","args":[{"enterText":"6/27/25","selector":{"id":"application-managehandovers-display-component---AddNewHO--dueDate","interaction":{"idSuffix":"inner"}},"clearTextFirst":true,"interactionType":"ENTER_TEXT"}]}
COMMAND: POST /session/25c011aa293abf97c7913f308519c6b0/element - {"using":"xpath","value":"//bdi[contains(text(), \"Instructions\")]"}
RESULT: {"using":"xpath","value":"//bdi[contains(text(), \"Instructions\")]"}
COMMAND: POST /session/25c011aa293abf97c7913f308519c6b0/element/f.A224BA6FA6224D464A8F44AD5BF2EA9F.d.1214CECA2000C3BDA7D7011B458392E8.e.23967/click - {}
RESULT: {}
COMMAND: GET /session/25c011aa293abf97c7913f308519c6b0/screenshot - {}
RESULT: {}
COMMAND: POST /session/25c011aa293abf97c7913f308519c6b0/element - {"using":"xpath","value":"//button[@data-kt=\"AddNewHOProvideAddItemsButton\"]"}
RESULT: {"using":"xpath","value":"//button[@data-kt=\"AddNewHOProvideAddItemsButton\"]"}
COMMAND: POST /session/25c011aa293abf97c7913f308519c6b0/element/f.A224BA6FA6224D464A8F44AD5BF2EA9F.d.1214CECA2000C3BDA7D7011B458392E8.e.23768/click - {}
RESULT: {}
COMMAND: GET /session/25c011aa293abf97c7913f308519c6b0/screenshot - {}
RESULT: {}
RESULT: undefined
COMMAND: POST /session/25c011aa293abf97c7913f308519c6b0/element - {"using":"xpath","value":"//*[@id=\"application-managehandovers-display-component---AddNewHO--popup-sa\"]"}
RESULT: {"using":"xpath","value":"//*[@id=\"application-managehandovers-display-component---AddNewHO--popup-sa\"]"}
COMMAND: POST /session/25c011aa293abf97c7913f308519c6b0/element/f.A224BA6FA6224D464A8F44AD5BF2EA9F.d.1214CECA2000C3BDA7D7011B458392E8.e.23981/click - {}
RESULT: {}
COMMAND: GET /session/25c011aa293abf97c7913f308519c6b0/screenshot - {}
RESULT: {}
COMMAND: POST /session/25c011aa293abf97c7913f308519c6b0/element - {"using":"xpath","value":"//*[contains(@id ,\"BDI-content\")][contains(text(), \"Select\")]"}
RESULT: {"using":"xpath","value":"//*[contains(@id ,\"BDI-content\")][contains(text(), \"Select\")]"}
COMMAND: POST /session/25c011aa293abf97c7913f308519c6b0/element/f.A224BA6FA6224D464A8F44AD5BF2EA9F.d.1214CECA2000C3BDA7D7011B458392E8.e.23982/click - {}
RESULT: {}
COMMAND: GET /session/25c011aa293abf97c7913f308519c6b0/screenshot - {}
RESULT: {}
COMMAND: POST /session/25c011aa293abf97c7913f308519c6b0/element - {"using":"xpath","value":"(//div[contains(@id, \"application-managehandovers-display-component---AddNewHO--oneStep-CbBg\")])"}
RESULT: {"using":"xpath","value":"(//div[contains(@id, \"application-managehandovers-display-component---AddNewHO--oneStep-CbBg\")])"}
COMMAND: POST /session/25c011aa293abf97c7913f308519c6b0/element/f.A224BA6FA6224D464A8F44AD5BF2EA9F.d.1214CECA2000C3BDA7D7011B458392E8.e.23990/click - {}
RESULT: {}
RESULT: undefined
COMMAND: POST /session/25c011aa293abf97c7913f308519c6b0/element - {"using":"xpath","value":"//*[@id=\"application-managehandovers-display-component---AddNewHO--confirmCreationButton\"]"}
COMMAND: GET /session/25c011aa293abf97c7913f308519c6b0/screenshot - {}
RESULT: {"using":"xpath","value":"//*[@id=\"application-managehandovers-display-component---AddNewHO--confirmCreationButton\"]"}
COMMAND: POST /session/25c011aa293abf97c7913f308519c6b0/element/f.A224BA6FA6224D464A8F44AD5BF2EA9F.d.1214CECA2000C3BDA7D7011B458392E8.e.23775/click - {}
RESULT: {}
RESULT: {}
COMMAND: GET /session/25c011aa293abf97c7913f308519c6b0/screenshot - {}
RESULT: {}
RESULT: undefined
COMMAND: POST /session/25c011aa293abf97c7913f308519c6b0/execute/async - {"script":"<script> [776 bytes]","args":[{"enterText":"6/27/25","selector":{"id":"issueDatePicker","viewName":"etm.portal.ui.managehandovers.view.DetailExecuteHO","interaction":{"idSuffix":"inner"}},"clearTextFirst":true,"interactionType":"ENTER_TEXT"}]}
RESULT: {"script":"<script> [776 bytes]","args":[{"enterText":"6/27/25","selector":{"id":"issueDatePicker","viewName":"etm.portal.ui.managehandovers.view.DetailExecuteHO","interaction":{"idSuffix":"inner"}},"clearTextFirst":true,"interactionType":"ENTER_TEXT"}]}
COMMAND: POST /session/25c011aa293abf97c7913f308519c6b0/element - {"using":"xpath","value":"//button[@data-kt=\"PickingTableConfirmAllButton\"]"}
RESULT: {"using":"xpath","value":"//button[@data-kt=\"PickingTableConfirmAllButton\"]"}
COMMAND: POST /session/25c011aa293abf97c7913f308519c6b0/element/f.A224BA6FA6224D464A8F44AD5BF2EA9F.d.1214CECA2000C3BDA7D7011B458392E8.e.24060/click - {}
RESULT: {}
COMMAND: GET /session/25c011aa293abf97c7913f308519c6b0/screenshot - {}
RESULT: {}
COMMAND: POST /session/25c011aa293abf97c7913f308519c6b0/element - {"using":"xpath","value":"//bdi[contains(text(), \"OK\")]"}
RESULT: {"using":"xpath","value":"//bdi[contains(text(), \"OK\")]"}
COMMAND: POST /session/25c011aa293abf97c7913f308519c6b0/element/f.A224BA6FA6224D464A8F44AD5BF2EA9F.d.1214CECA2000C3BDA7D7011B458392E8.e.24064/click - {}
RESULT: {}
COMMAND: GET /session/25c011aa293abf97c7913f308519c6b0/screenshot - {}
RESULT: {}
COMMAND: POST /session/25c011aa293abf97c7913f308519c6b0/element - {"using":"xpath","value":"//button[@data-kt=\"execHoPickButton\"]"}
RESULT: {"using":"xpath","value":"//button[@data-kt=\"execHoPickButton\"]"}
COMMAND: POST /session/25c011aa293abf97c7913f308519c6b0/element/f.A224BA6FA6224D464A8F44AD5BF2EA9F.d.1214CECA2000C3BDA7D7011B458392E8.e.24065/click - {}
RESULT: {}
COMMAND: GET /session/25c011aa293abf97c7913f308519c6b0/screenshot - {}
RESULT: {}
COMMAND: POST /session/25c011aa293abf97c7913f308519c6b0/element - {"using":"xpath","value":"//span[contains(@id ,\"filterItemControl_BASIC-SEND_CONTRACT-vhi\")]"}
RESULT: {"using":"xpath","value":"//span[contains(@id ,\"filterItemControl_BASIC-SEND_CONTRACT-vhi\")]"}
COMMAND: POST /session/25c011aa293abf97c7913f308519c6b0/element/f.A224BA6FA6224D464A8F44AD5BF2EA9F.d.1214CECA2000C3BDA7D7011B458392E8.e.24421/click - {}
RESULT: {}
COMMAND: GET /session/25c011aa293abf97c7913f308519c6b0/screenshot - {}
RESULT: {}
RESULT: undefined
COMMAND: POST /session/25c011aa293abf97c7913f308519c6b0/execute/async - {"script":"<script> [776 bytes]","args":[{"enterText":"10185","selector":{"controlType":"sap.m.SearchField","viewName":"etm.portal.ui.managehandovers.view.MasterHO","bindingPath":{"path":"","propertyPath":"/_BASIC_SEARCH_FIELD","modelName":"fi1t3rM0d31"},"searchOpenDialogs":true,"interaction":{"idSuffix":"I"}},"clearTextFirst":true,"interactionType":"ENTER_TEXT"}]}
RESULT: {"script":"<script> [776 bytes]","args":[{"enterText":"10185","selector":{"controlType":"sap.m.SearchField","viewName":"etm.portal.ui.managehandovers.view.MasterHO","bindingPath":{"path":"","propertyPath":"/_BASIC_SEARCH_FIELD","modelName":"fi1t3rM0d31"},"searchOpenDialogs":true,"interaction":{"idSuffix":"I"}},"clearTextFirst":true,"interactionType":"ENTER_TEXT"}]}
COMMAND: POST /session/25c011aa293abf97c7913f308519c6b0/actions - {"actions":[{"id":"action88","type":"key","parameters":{},"actions":[{"type":"keyDown","value":""},{"type":"pause","duration":10},{"type":"keyUp","value":""}]}]}
RESULT: {"actions":[{"id":"action88","type":"key","parameters":{},"actions":[{"type":"keyDown","value":""},{"type":"pause","duration":10},{"type":"keyUp","value":""}]}]}
COMMAND: GET /session/25c011aa293abf97c7913f308519c6b0/screenshot - {}
RESULT: {}
COMMAND: POST /session/25c011aa293abf97c7913f308519c6b0/element - {"using":"xpath","value":"//div[contains(@id, 'filterItemControl_BASIC-SEND_CONTRACT-valueHelpDialog-table-rowsel0')]"}
RESULT: {"using":"xpath","value":"//div[contains(@id, 'filterItemControl_BASIC-SEND_CONTRACT-valueHelpDialog-table-rowsel0')]"}
COMMAND: POST /session/25c011aa293abf97c7913f308519c6b0/element/f.A224BA6FA6224D464A8F44AD5BF2EA9F.d.1214CECA2000C3BDA7D7011B458392E8.e.24429/click - {}
RESULT: {}
COMMAND: GET /session/25c011aa293abf97c7913f308519c6b0/screenshot - {}
RESULT: {}
COMMAND: POST /session/25c011aa293abf97c7913f308519c6b0/element - {"using":"xpath","value":"//bdi[contains(text(), \"OK\")]"}
RESULT: {"using":"xpath","value":"//bdi[contains(text(), \"OK\")]"}
COMMAND: POST /session/25c011aa293abf97c7913f308519c6b0/element/f.A224BA6FA6224D464A8F44AD5BF2EA9F.d.1214CECA2000C3BDA7D7011B458392E8.e.24431/click - {}
RESULT: {}
COMMAND: GET /session/25c011aa293abf97c7913f308519c6b0/screenshot - {}
RESULT: {}
COMMAND: POST /session/25c011aa293abf97c7913f308519c6b0/element - {"using":"xpath","value":"//span[contains(@id, \"smartTable-header-inner\")]"}
RESULT: {"using":"xpath","value":"//span[contains(@id, \"smartTable-header-inner\")]"}
COMMAND: POST /session/25c011aa293abf97c7913f308519c6b0/elements - {"using":"xpath","value":"//span[contains(@id, \"smartTable-header-inner\")]"}
RESULT: {"using":"xpath","value":"//span[contains(@id, \"smartTable-header-inner\")]"}
COMMAND: POST /session/25c011aa293abf97c7913f308519c6b0/execute/sync - {"script":"<script> [56 bytes]","args":[{"element-6066-11e4-a52e-4f735466cecf":"f.A224BA6FA6224D464A8F44AD5BF2EA9F.d.1214CECA2000C3BDA7D7011B458392E8.e.24458","ELEMENT":"f.A224BA6FA6224D464A8F44AD5BF2EA9F.d.1214CECA2000C3BDA7D7011B458392E8.e.24458"}]}
RESULT: {"script":"<script> [56 bytes]","args":[{"element-6066-11e4-a52e-4f735466cecf":"f.A224BA6FA6224D464A8F44AD5BF2EA9F.d.1214CECA2000C3BDA7D7011B458392E8.e.24458","ELEMENT":"f.A224BA6FA6224D464A8F44AD5BF2EA9F.d.1214CECA2000C3BDA7D7011B458392E8.e.24458"}]}
COMMAND: POST /session/25c011aa293abf97c7913f308519c6b0/element - {"using":"xpath","value":"//table[contains(@id, \"customHandovers\")]//tbody/tr[1]/td[2]/span"}
COMMAND: GET /session/25c011aa293abf97c7913f308519c6b0/screenshot - {}
RESULT: {"using":"xpath","value":"//table[contains(@id, \"customHandovers\")]//tbody/tr[1]/td[2]/span"}
COMMAND: POST /session/25c011aa293abf97c7913f308519c6b0/execute/sync - {"script":"<script> [56 bytes]","args":[{"element-6066-11e4-a52e-4f735466cecf":"f.A224BA6FA6224D464A8F44AD5BF2EA9F.d.1214CECA2000C3BDA7D7011B458392E8.e.24459","ELEMENT":"f.A224BA6FA6224D464A8F44AD5BF2EA9F.d.1214CECA2000C3BDA7D7011B458392E8.e.24459"}]}
RESULT: {}
RESULT: {"script":"<script> [56 bytes]","args":[{"element-6066-11e4-a52e-4f735466cecf":"f.A224BA6FA6224D464A8F44AD5BF2EA9F.d.1214CECA2000C3BDA7D7011B458392E8.e.24459","ELEMENT":"f.A224BA6FA6224D464A8F44AD5BF2EA9F.d.1214CECA2000C3BDA7D7011B458392E8.e.24459"}]}
COMMAND: POST /session/25c011aa293abf97c7913f308519c6b0/element - {"using":"xpath","value":"(//span[contains(@id, \"imgNav\")])[1]"}
COMMAND: GET /session/25c011aa293abf97c7913f308519c6b0/screenshot - {}
RESULT: {"using":"xpath","value":"(//span[contains(@id, \"imgNav\")])[1]"}
COMMAND: POST /session/25c011aa293abf97c7913f308519c6b0/element/f.A224BA6FA6224D464A8F44AD5BF2EA9F.d.1214CECA2000C3BDA7D7011B458392E8.e.24456/click - {}
RESULT: {}
RESULT: {}
COMMAND: GET /session/25c011aa293abf97c7913f308519c6b0/screenshot - {}
RESULT: {}
RESULT: undefined
COMMAND: POST /session/25c011aa293abf97c7913f308519c6b0/execute/async - {"script":"<script> [776 bytes]","args":[{"enterText":"6/27/25","selector":{"id":"issueDatePicker","viewName":"etm.portal.ui.managehandovers.view.DetailExecuteHO","interaction":{"idSuffix":"inner"}},"clearTextFirst":true,"interactionType":"ENTER_TEXT"}]}
RESULT: {"script":"<script> [776 bytes]","args":[{"enterText":"6/27/25","selector":{"id":"issueDatePicker","viewName":"etm.portal.ui.managehandovers.view.DetailExecuteHO","interaction":{"idSuffix":"inner"}},"clearTextFirst":true,"interactionType":"ENTER_TEXT"}]}
COMMAND: POST /session/25c011aa293abf97c7913f308519c6b0/element - {"using":"xpath","value":"//button[@data-kt=\"IssuingTableConfirmAllButton\"]"}
RESULT: {"using":"xpath","value":"//button[@data-kt=\"IssuingTableConfirmAllButton\"]"}
COMMAND: POST /session/25c011aa293abf97c7913f308519c6b0/element/f.A224BA6FA6224D464A8F44AD5BF2EA9F.d.1214CECA2000C3BDA7D7011B458392E8.e.24487/click - {}
RESULT: {}
COMMAND: GET /session/25c011aa293abf97c7913f308519c6b0/screenshot - {}
RESULT: {}
COMMAND: POST /session/25c011aa293abf97c7913f308519c6b0/element - {"using":"xpath","value":"//bdi[contains(text(), \"OK\")]"}
RESULT: {"using":"xpath","value":"//bdi[contains(text(), \"OK\")]"}
COMMAND: POST /session/25c011aa293abf97c7913f308519c6b0/element/f.A224BA6FA6224D464A8F44AD5BF2EA9F.d.1214CECA2000C3BDA7D7011B458392E8.e.24505/click - {}
RESULT: {}
COMMAND: GET /session/25c011aa293abf97c7913f308519c6b0/screenshot - {}
RESULT: {}
COMMAND: POST /session/25c011aa293abf97c7913f308519c6b0/element - {"using":"xpath","value":"//button[@data-kt=\"execHoIssueButton\"]"}
RESULT: {"using":"xpath","value":"//button[@data-kt=\"execHoIssueButton\"]"}
COMMAND: POST /session/25c011aa293abf97c7913f308519c6b0/element/f.A224BA6FA6224D464A8F44AD5BF2EA9F.d.1214CECA2000C3BDA7D7011B458392E8.e.24507/click - {}
RESULT: {}
COMMAND: GET /session/25c011aa293abf97c7913f308519c6b0/screenshot - {}
RESULT: {}
COMMAND: POST /session/25c011aa293abf97c7913f308519c6b0/element - {"using":"xpath","value":"//input[contains(@id ,\"smartFilterBar-btnBasicSearch-I\")]"}
RESULT: {"using":"xpath","value":"//input[contains(@id ,\"smartFilterBar-btnBasicSearch-I\")]"}
COMMAND: POST /session/25c011aa293abf97c7913f308519c6b0/elements - {"using":"xpath","value":"//input[contains(@id ,\"smartFilterBar-btnBasicSearch-I\")]"}
RESULT: {"using":"xpath","value":"//input[contains(@id ,\"smartFilterBar-btnBasicSearch-I\")]"}
COMMAND: POST /session/25c011aa293abf97c7913f308519c6b0/execute/sync - {"script":"<script> [8489 bytes]","args":[{"element-6066-11e4-a52e-4f735466cecf":"f.A224BA6FA6224D464A8F44AD5BF2EA9F.d.1214CECA2000C3BDA7D7011B458392E8.e.23730","ELEMENT":"f.A224BA6FA6224D464A8F44AD5BF2EA9F.d.1214CECA2000C3BDA7D7011B458392E8.e.23730"}]}
RESULT: {"script":"<script> [8489 bytes]","args":[{"element-6066-11e4-a52e-4f735466cecf":"f.A224BA6FA6224D464A8F44AD5BF2EA9F.d.1214CECA2000C3BDA7D7011B458392E8.e.23730","ELEMENT":"f.A224BA6FA6224D464A8F44AD5BF2EA9F.d.1214CECA2000C3BDA7D7011B458392E8.e.23730"}]}
COMMAND: GET /session/25c011aa293abf97c7913f308519c6b0/element/f.A224BA6FA6224D464A8F44AD5BF2EA9F.d.1214CECA2000C3BDA7D7011B458392E8.e.23730/enabled - {}
COMMAND: GET /session/25c011aa293abf97c7913f308519c6b0/screenshot - {}
RESULT: {}
COMMAND: POST /session/25c011aa293abf97c7913f308519c6b0/element/f.A224BA6FA6224D464A8F44AD5BF2EA9F.d.1214CECA2000C3BDA7D7011B458392E8.e.23730/clear - {}
COMMAND: GET /session/25c011aa293abf97c7913f308519c6b0/screenshot - {}
RESULT: {}
RESULT: {}
COMMAND: POST /session/25c011aa293abf97c7913f308519c6b0/element/f.A224BA6FA6224D464A8F44AD5BF2EA9F.d.1214CECA2000C3BDA7D7011B458392E8.e.23730/value - {"text":"30406"}
COMMAND: GET /session/25c011aa293abf97c7913f308519c6b0/screenshot - {}
RESULT: {}
RESULT: {"text":"30406"}
COMMAND: GET /session/25c011aa293abf97c7913f308519c6b0/screenshot - {}
RESULT: {}
RESULT: {}
COMMAND: POST /session/25c011aa293abf97c7913f308519c6b0/actions - {"actions":[{"id":"action89","type":"key","parameters":{},"actions":[{"type":"keyDown","value":""},{"type":"pause","duration":10},{"type":"keyUp","value":""}]}]}
RESULT: {"actions":[{"id":"action89","type":"key","parameters":{},"actions":[{"type":"keyDown","value":""},{"type":"pause","duration":10},{"type":"keyUp","value":""}]}]}
COMMAND: GET /session/25c011aa293abf97c7913f308519c6b0/screenshot - {}
RESULT: {}
COMMAND: POST /session/25c011aa293abf97c7913f308519c6b0/element - {"using":"xpath","value":"//span[contains(@id, \"smartTable-header-inner\")]"}
RESULT: {"using":"xpath","value":"//span[contains(@id, \"smartTable-header-inner\")]"}
COMMAND: POST /session/25c011aa293abf97c7913f308519c6b0/elements - {"using":"xpath","value":"//span[contains(@id, \"smartTable-header-inner\")]"}
RESULT: {"using":"xpath","value":"//span[contains(@id, \"smartTable-header-inner\")]"}
COMMAND: POST /session/25c011aa293abf97c7913f308519c6b0/execute/sync - {"script":"<script> [56 bytes]","args":[{"element-6066-11e4-a52e-4f735466cecf":"f.A224BA6FA6224D464A8F44AD5BF2EA9F.d.1214CECA2000C3BDA7D7011B458392E8.e.24458","ELEMENT":"f.A224BA6FA6224D464A8F44AD5BF2EA9F.d.1214CECA2000C3BDA7D7011B458392E8.e.24458"}]}
RESULT: {"script":"<script> [56 bytes]","args":[{"element-6066-11e4-a52e-4f735466cecf":"f.A224BA6FA6224D464A8F44AD5BF2EA9F.d.1214CECA2000C3BDA7D7011B458392E8.e.24458","ELEMENT":"f.A224BA6FA6224D464A8F44AD5BF2EA9F.d.1214CECA2000C3BDA7D7011B458392E8.e.24458"}]}
COMMAND: POST /session/25c011aa293abf97c7913f308519c6b0/elements - {"using":"xpath","value":"//thead[contains(@class, \"sapMTableTH\")]/tr/th"}
COMMAND: GET /session/25c011aa293abf97c7913f308519c6b0/screenshot - {}
RESULT: {"using":"xpath","value":"//thead[contains(@class, \"sapMTableTH\")]/tr/th"}
COMMAND: GET /session/25c011aa293abf97c7913f308519c6b0/element/f.A224BA6FA6224D464A8F44AD5BF2EA9F.d.1214CECA2000C3BDA7D7011B458392E8.e.24543/text - {}
RESULT: {}
RESULT: {}
COMMAND: GET /session/25c011aa293abf97c7913f308519c6b0/element/f.A224BA6FA6224D464A8F44AD5BF2EA9F.d.1214CECA2000C3BDA7D7011B458392E8.e.24544/text - {}
RESULT: {}
COMMAND: GET /session/25c011aa293abf97c7913f308519c6b0/element/f.A224BA6FA6224D464A8F44AD5BF2EA9F.d.1214CECA2000C3BDA7D7011B458392E8.e.23724/text - {}
RESULT: {}
COMMAND: GET /session/25c011aa293abf97c7913f308519c6b0/element/f.A224BA6FA6224D464A8F44AD5BF2EA9F.d.1214CECA2000C3BDA7D7011B458392E8.e.23726/text - {}
RESULT: {}
COMMAND: GET /session/25c011aa293abf97c7913f308519c6b0/element/f.A224BA6FA6224D464A8F44AD5BF2EA9F.d.1214CECA2000C3BDA7D7011B458392E8.e.24511/text - {}
RESULT: {}
COMMAND: GET /session/25c011aa293abf97c7913f308519c6b0/element/f.A224BA6FA6224D464A8F44AD5BF2EA9F.d.1214CECA2000C3BDA7D7011B458392E8.e.24512/text - {}
RESULT: {}
COMMAND: GET /session/25c011aa293abf97c7913f308519c6b0/element/f.A224BA6FA6224D464A8F44AD5BF2EA9F.d.1214CECA2000C3BDA7D7011B458392E8.e.24513/text - {}
RESULT: {}
COMMAND: GET /session/25c011aa293abf97c7913f308519c6b0/element/f.A224BA6FA6224D464A8F44AD5BF2EA9F.d.1214CECA2000C3BDA7D7011B458392E8.e.24514/text - {}
RESULT: {}
COMMAND: GET /session/25c011aa293abf97c7913f308519c6b0/element/f.A224BA6FA6224D464A8F44AD5BF2EA9F.d.1214CECA2000C3BDA7D7011B458392E8.e.24515/text - {}
RESULT: {}
COMMAND: GET /session/25c011aa293abf97c7913f308519c6b0/element/f.A224BA6FA6224D464A8F44AD5BF2EA9F.d.1214CECA2000C3BDA7D7011B458392E8.e.24516/text - {}
RESULT: {}
COMMAND: GET /session/25c011aa293abf97c7913f308519c6b0/element/f.A224BA6FA6224D464A8F44AD5BF2EA9F.d.1214CECA2000C3BDA7D7011B458392E8.e.24517/text - {}
RESULT: {}
COMMAND: GET /session/25c011aa293abf97c7913f308519c6b0/element/f.A224BA6FA6224D464A8F44AD5BF2EA9F.d.1214CECA2000C3BDA7D7011B458392E8.e.24518/text - {}
RESULT: {}
COMMAND: GET /session/25c011aa293abf97c7913f308519c6b0/element/f.A224BA6FA6224D464A8F44AD5BF2EA9F.d.1214CECA2000C3BDA7D7011B458392E8.e.24519/text - {}
RESULT: {}
COMMAND: GET /session/25c011aa293abf97c7913f308519c6b0/element/f.A224BA6FA6224D464A8F44AD5BF2EA9F.d.1214CECA2000C3BDA7D7011B458392E8.e.23727/text - {}
RESULT: {}
COMMAND: POST /session/25c011aa293abf97c7913f308519c6b0/element - {"using":"xpath","value":"//tbody[contains(@id, \"customHandoversTable-tblBody\")]/tr[1]/td[14]/div/span"}
RESULT: {"using":"xpath","value":"//tbody[contains(@id, \"customHandoversTable-tblBody\")]/tr[1]/td[14]/div/span"}
COMMAND: POST /session/25c011aa293abf97c7913f308519c6b0/execute/sync - {"script":"<script> [56 bytes]","args":[{"element-6066-11e4-a52e-4f735466cecf":"f.A224BA6FA6224D464A8F44AD5BF2EA9F.d.1214CECA2000C3BDA7D7011B458392E8.e.24593","ELEMENT":"f.A224BA6FA6224D464A8F44AD5BF2EA9F.d.1214CECA2000C3BDA7D7011B458392E8.e.24593"}]}
RESULT: {"script":"<script> [56 bytes]","args":[{"element-6066-11e4-a52e-4f735466cecf":"f.A224BA6FA6224D464A8F44AD5BF2EA9F.d.1214CECA2000C3BDA7D7011B458392E8.e.24593","ELEMENT":"f.A224BA6FA6224D464A8F44AD5BF2EA9F.d.1214CECA2000C3BDA7D7011B458392E8.e.24593"}]}
COMMAND: POST /session/25c011aa293abf97c7913f308519c6b0/element - {"using":"xpath","value":"(//span[contains(@id, \"imgNav\")])[1]"}
COMMAND: GET /session/25c011aa293abf97c7913f308519c6b0/screenshot - {}
RESULT: {"using":"xpath","value":"(//span[contains(@id, \"imgNav\")])[1]"}
COMMAND: POST /session/25c011aa293abf97c7913f308519c6b0/element/f.A224BA6FA6224D464A8F44AD5BF2EA9F.d.1214CECA2000C3BDA7D7011B458392E8.e.24594/click - {}
RESULT: {}
RESULT: {}
COMMAND: GET /session/25c011aa293abf97c7913f308519c6b0/screenshot - {}
RESULT: {}
RESULT: undefined
COMMAND: POST /session/25c011aa293abf97c7913f308519c6b0/execute/async - {"script":"<script> [776 bytes]","args":[{"enterText":"7/4/25","selector":{"id":"receiptDatePicker","viewName":"etm.portal.ui.managehandovers.view.DetailExecuteHO","interaction":{"idSuffix":"inner"}},"clearTextFirst":true,"interactionType":"ENTER_TEXT"}]}
RESULT: {"script":"<script> [776 bytes]","args":[{"enterText":"7/4/25","selector":{"id":"receiptDatePicker","viewName":"etm.portal.ui.managehandovers.view.DetailExecuteHO","interaction":{"idSuffix":"inner"}},"clearTextFirst":true,"interactionType":"ENTER_TEXT"}]}
COMMAND: POST /session/25c011aa293abf97c7913f308519c6b0/element - {"using":"xpath","value":"//bdi[contains(text(), \"OK\")]"}
RESULT: {"using":"xpath","value":"//bdi[contains(text(), \"OK\")]"}
COMMAND: POST /session/25c011aa293abf97c7913f308519c6b0/element/f.A224BA6FA6224D464A8F44AD5BF2EA9F.d.1214CECA2000C3BDA7D7011B458392E8.e.24631/click - {}
RESULT: {}
COMMAND: GET /session/25c011aa293abf97c7913f308519c6b0/screenshot - {}
RESULT: {}
COMMAND: POST /session/25c011aa293abf97c7913f308519c6b0/element - {"using":"xpath","value":"//button[@data-kt=\"ReceivingTableConfirmAllButton\"]"}
RESULT: {"using":"xpath","value":"//button[@data-kt=\"ReceivingTableConfirmAllButton\"]"}
COMMAND: POST /session/25c011aa293abf97c7913f308519c6b0/element/f.A224BA6FA6224D464A8F44AD5BF2EA9F.d.1214CECA2000C3BDA7D7011B458392E8.e.24643/click - {}
RESULT: {}
COMMAND: GET /session/25c011aa293abf97c7913f308519c6b0/screenshot - {}
RESULT: {}
COMMAND: POST /session/25c011aa293abf97c7913f308519c6b0/element - {"using":"xpath","value":"//bdi[contains(text(), \"OK\")]"}
RESULT: {"using":"xpath","value":"//bdi[contains(text(), \"OK\")]"}
COMMAND: POST /session/25c011aa293abf97c7913f308519c6b0/element/f.A224BA6FA6224D464A8F44AD5BF2EA9F.d.1214CECA2000C3BDA7D7011B458392E8.e.24647/click - {}
RESULT: {}
COMMAND: GET /session/25c011aa293abf97c7913f308519c6b0/screenshot - {}
RESULT: {}
COMMAND: POST /session/25c011aa293abf97c7913f308519c6b0/element - {"using":"xpath","value":"//button[@data-kt= \"execHoReceiveButton\"]"}
RESULT: {"using":"xpath","value":"//button[@data-kt= \"execHoReceiveButton\"]"}
COMMAND: POST /session/25c011aa293abf97c7913f308519c6b0/element/f.A224BA6FA6224D464A8F44AD5BF2EA9F.d.1214CECA2000C3BDA7D7011B458392E8.e.24648/click - {}
RESULT: {}
COMMAND: GET /session/25c011aa293abf97c7913f308519c6b0/screenshot - {}
RESULT: {}
COMMAND: POST /session/25c011aa293abf97c7913f308519c6b0/element - {"using":"xpath","value":"//input[contains(@id ,\"smartFilterBar-btnBasicSearch-I\")]"}
RESULT: {"using":"xpath","value":"//input[contains(@id ,\"smartFilterBar-btnBasicSearch-I\")]"}
COMMAND: POST /session/25c011aa293abf97c7913f308519c6b0/elements - {"using":"xpath","value":"//input[contains(@id ,\"smartFilterBar-btnBasicSearch-I\")]"}
RESULT: {"using":"xpath","value":"//input[contains(@id ,\"smartFilterBar-btnBasicSearch-I\")]"}
COMMAND: POST /session/25c011aa293abf97c7913f308519c6b0/execute/sync - {"script":"<script> [8489 bytes]","args":[{"element-6066-11e4-a52e-4f735466cecf":"f.A224BA6FA6224D464A8F44AD5BF2EA9F.d.1214CECA2000C3BDA7D7011B458392E8.e.23730","ELEMENT":"f.A224BA6FA6224D464A8F44AD5BF2EA9F.d.1214CECA2000C3BDA7D7011B458392E8.e.23730"}]}
RESULT: {"script":"<script> [8489 bytes]","args":[{"element-6066-11e4-a52e-4f735466cecf":"f.A224BA6FA6224D464A8F44AD5BF2EA9F.d.1214CECA2000C3BDA7D7011B458392E8.e.23730","ELEMENT":"f.A224BA6FA6224D464A8F44AD5BF2EA9F.d.1214CECA2000C3BDA7D7011B458392E8.e.23730"}]}
COMMAND: GET /session/25c011aa293abf97c7913f308519c6b0/element/f.A224BA6FA6224D464A8F44AD5BF2EA9F.d.1214CECA2000C3BDA7D7011B458392E8.e.23730/enabled - {}
COMMAND: GET /session/25c011aa293abf97c7913f308519c6b0/screenshot - {}
RESULT: {}
COMMAND: POST /session/25c011aa293abf97c7913f308519c6b0/element/f.A224BA6FA6224D464A8F44AD5BF2EA9F.d.1214CECA2000C3BDA7D7011B458392E8.e.23730/clear - {}
COMMAND: GET /session/25c011aa293abf97c7913f308519c6b0/screenshot - {}
RESULT: {}
RESULT: {}
COMMAND: POST /session/25c011aa293abf97c7913f308519c6b0/element/f.A224BA6FA6224D464A8F44AD5BF2EA9F.d.1214CECA2000C3BDA7D7011B458392E8.e.23730/value - {"text":"30406"}
COMMAND: GET /session/25c011aa293abf97c7913f308519c6b0/screenshot - {}
RESULT: {}
RESULT: {"text":"30406"}
COMMAND: GET /session/25c011aa293abf97c7913f308519c6b0/screenshot - {}
RESULT: {}
RESULT: {}
COMMAND: POST /session/25c011aa293abf97c7913f308519c6b0/actions - {"actions":[{"id":"action90","type":"key","parameters":{},"actions":[{"type":"keyDown","value":""},{"type":"pause","duration":10},{"type":"keyUp","value":""}]}]}
RESULT: {"actions":[{"id":"action90","type":"key","parameters":{},"actions":[{"type":"keyDown","value":""},{"type":"pause","duration":10},{"type":"keyUp","value":""}]}]}
COMMAND: GET /session/25c011aa293abf97c7913f308519c6b0/screenshot - {}
RESULT: {}
COMMAND: POST /session/25c011aa293abf97c7913f308519c6b0/element - {"using":"xpath","value":"//span[contains(@id, \"smartTable-header-inner\")]"}
RESULT: {"using":"xpath","value":"//span[contains(@id, \"smartTable-header-inner\")]"}
COMMAND: POST /session/25c011aa293abf97c7913f308519c6b0/elements - {"using":"xpath","value":"//span[contains(@id, \"smartTable-header-inner\")]"}
RESULT: {"using":"xpath","value":"//span[contains(@id, \"smartTable-header-inner\")]"}
COMMAND: POST /session/25c011aa293abf97c7913f308519c6b0/execute/sync - {"script":"<script> [56 bytes]","args":[{"element-6066-11e4-a52e-4f735466cecf":"f.A224BA6FA6224D464A8F44AD5BF2EA9F.d.1214CECA2000C3BDA7D7011B458392E8.e.24458","ELEMENT":"f.A224BA6FA6224D464A8F44AD5BF2EA9F.d.1214CECA2000C3BDA7D7011B458392E8.e.24458"}]}
RESULT: {"script":"<script> [56 bytes]","args":[{"element-6066-11e4-a52e-4f735466cecf":"f.A224BA6FA6224D464A8F44AD5BF2EA9F.d.1214CECA2000C3BDA7D7011B458392E8.e.24458","ELEMENT":"f.A224BA6FA6224D464A8F44AD5BF2EA9F.d.1214CECA2000C3BDA7D7011B458392E8.e.24458"}]}
COMMAND: POST /session/25c011aa293abf97c7913f308519c6b0/elements - {"using":"xpath","value":"//thead[contains(@class, \"sapMTableTH\")]/tr/th"}
COMMAND: GET /session/25c011aa293abf97c7913f308519c6b0/screenshot - {}
RESULT: {"using":"xpath","value":"//thead[contains(@class, \"sapMTableTH\")]/tr/th"}
COMMAND: GET /session/25c011aa293abf97c7913f308519c6b0/element/f.A224BA6FA6224D464A8F44AD5BF2EA9F.d.1214CECA2000C3BDA7D7011B458392E8.e.24543/text - {}
RESULT: {}
RESULT: {}
COMMAND: GET /session/25c011aa293abf97c7913f308519c6b0/element/f.A224BA6FA6224D464A8F44AD5BF2EA9F.d.1214CECA2000C3BDA7D7011B458392E8.e.24544/text - {}
RESULT: {}
COMMAND: GET /session/25c011aa293abf97c7913f308519c6b0/element/f.A224BA6FA6224D464A8F44AD5BF2EA9F.d.1214CECA2000C3BDA7D7011B458392E8.e.23724/text - {}
RESULT: {}
COMMAND: GET /session/25c011aa293abf97c7913f308519c6b0/element/f.A224BA6FA6224D464A8F44AD5BF2EA9F.d.1214CECA2000C3BDA7D7011B458392E8.e.23726/text - {}
RESULT: {}
COMMAND: GET /session/25c011aa293abf97c7913f308519c6b0/element/f.A224BA6FA6224D464A8F44AD5BF2EA9F.d.1214CECA2000C3BDA7D7011B458392E8.e.24652/text - {}
RESULT: {}
COMMAND: GET /session/25c011aa293abf97c7913f308519c6b0/element/f.A224BA6FA6224D464A8F44AD5BF2EA9F.d.1214CECA2000C3BDA7D7011B458392E8.e.24653/text - {}
RESULT: {}
COMMAND: GET /session/25c011aa293abf97c7913f308519c6b0/element/f.A224BA6FA6224D464A8F44AD5BF2EA9F.d.1214CECA2000C3BDA7D7011B458392E8.e.24654/text - {}
RESULT: {}
COMMAND: GET /session/25c011aa293abf97c7913f308519c6b0/element/f.A224BA6FA6224D464A8F44AD5BF2EA9F.d.1214CECA2000C3BDA7D7011B458392E8.e.24655/text - {}
RESULT: {}
COMMAND: GET /session/25c011aa293abf97c7913f308519c6b0/element/f.A224BA6FA6224D464A8F44AD5BF2EA9F.d.1214CECA2000C3BDA7D7011B458392E8.e.24656/text - {}
RESULT: {}
COMMAND: GET /session/25c011aa293abf97c7913f308519c6b0/element/f.A224BA6FA6224D464A8F44AD5BF2EA9F.d.1214CECA2000C3BDA7D7011B458392E8.e.24657/text - {}
RESULT: {}
COMMAND: GET /session/25c011aa293abf97c7913f308519c6b0/element/f.A224BA6FA6224D464A8F44AD5BF2EA9F.d.1214CECA2000C3BDA7D7011B458392E8.e.24658/text - {}
RESULT: {}
COMMAND: GET /session/25c011aa293abf97c7913f308519c6b0/element/f.A224BA6FA6224D464A8F44AD5BF2EA9F.d.1214CECA2000C3BDA7D7011B458392E8.e.24659/text - {}
RESULT: {}
COMMAND: GET /session/25c011aa293abf97c7913f308519c6b0/element/f.A224BA6FA6224D464A8F44AD5BF2EA9F.d.1214CECA2000C3BDA7D7011B458392E8.e.24660/text - {}
RESULT: {}
COMMAND: GET /session/25c011aa293abf97c7913f308519c6b0/element/f.A224BA6FA6224D464A8F44AD5BF2EA9F.d.1214CECA2000C3BDA7D7011B458392E8.e.23727/text - {}
RESULT: {}
COMMAND: POST /session/25c011aa293abf97c7913f308519c6b0/element - {"using":"xpath","value":"//tbody[contains(@id, \"customHandoversTable-tblBody\")]/tr[1]/td[14]/div/span"}
RESULT: {"using":"xpath","value":"//tbody[contains(@id, \"customHandoversTable-tblBody\")]/tr[1]/td[14]/div/span"}
COMMAND: POST /session/25c011aa293abf97c7913f308519c6b0/execute/sync - {"script":"<script> [56 bytes]","args":[{"element-6066-11e4-a52e-4f735466cecf":"f.A224BA6FA6224D464A8F44AD5BF2EA9F.d.1214CECA2000C3BDA7D7011B458392E8.e.24706","ELEMENT":"f.A224BA6FA6224D464A8F44AD5BF2EA9F.d.1214CECA2000C3BDA7D7011B458392E8.e.24706"}]}
RESULT: {"script":"<script> [56 bytes]","args":[{"element-6066-11e4-a52e-4f735466cecf":"f.A224BA6FA6224D464A8F44AD5BF2EA9F.d.1214CECA2000C3BDA7D7011B458392E8.e.24706","ELEMENT":"f.A224BA6FA6224D464A8F44AD5BF2EA9F.d.1214CECA2000C3BDA7D7011B458392E8.e.24706"}]}
COMMAND: POST /session/25c011aa293abf97c7913f308519c6b0/element - {"using":"css selector","value":"#shell-header-logo"}
COMMAND: GET /session/25c011aa293abf97c7913f308519c6b0/screenshot - {}
RESULT: {"using":"css selector","value":"#shell-header-logo"}
COMMAND: POST /session/25c011aa293abf97c7913f308519c6b0/element/f.A224BA6FA6224D464A8F44AD5BF2EA9F.d.1214CECA2000C3BDA7D7011B458392E8.e.23389/click - {}
RESULT: {}
RESULT: {}
COMMAND: GET /session/25c011aa293abf97c7913f308519c6b0/screenshot - {}
RESULT: {}
]]></system-out>
    </testcase>
    <testcase classname="chrome.137_0_7151_69.windows.Billing_Calculation_-_Time_based_(considering_transport_times)_US139738" name="Should do another billing run but in around 17 days from today" time="79.735">
      <system-out><![CDATA[
RESULT: undefined
COMMAND: POST /session/25c011aa293abf97c7913f308519c6b0/element - {"using":"xpath","value":"//*[@id=\"__tile53\"]"}
RESULT: {"using":"xpath","value":"//*[@id=\"__tile53\"]"}
COMMAND: POST /session/25c011aa293abf97c7913f308519c6b0/element/f.A224BA6FA6224D464A8F44AD5BF2EA9F.d.1214CECA2000C3BDA7D7011B458392E8.e.18911/click - {}
RESULT: {}
COMMAND: GET /session/25c011aa293abf97c7913f308519c6b0/screenshot - {}
RESULT: {}
COMMAND: POST /session/25c011aa293abf97c7913f308519c6b0/elements - {"using":"xpath","value":"//span[text()='Error']"}
RESULT: {"using":"xpath","value":"//span[text()='Error']"}
RESULT: undefined
COMMAND: POST /session/25c011aa293abf97c7913f308519c6b0/execute/async - {"script":"<script> [776 bytes]","args":[{"enterText":"10185","selector":{"id":"application-managebillings-display-component---billRunCalcResult--smartFilterBar-btnBasicSearch","interaction":{"idSuffix":"I"}},"clearTextFirst":true,"interactionType":"ENTER_TEXT"}]}
RESULT: {"script":"<script> [776 bytes]","args":[{"enterText":"10185","selector":{"id":"application-managebillings-display-component---billRunCalcResult--smartFilterBar-btnBasicSearch","interaction":{"idSuffix":"I"}},"clearTextFirst":true,"interactionType":"ENTER_TEXT"}]}
COMMAND: POST /session/25c011aa293abf97c7913f308519c6b0/actions - {"actions":[{"id":"action91","type":"key","parameters":{},"actions":[{"type":"keyDown","value":""},{"type":"pause","duration":10},{"type":"keyUp","value":""}]}]}
RESULT: {"actions":[{"id":"action91","type":"key","parameters":{},"actions":[{"type":"keyDown","value":""},{"type":"pause","duration":10},{"type":"keyUp","value":""}]}]}
COMMAND: GET /session/25c011aa293abf97c7913f308519c6b0/screenshot - {}
RESULT: {}
COMMAND: POST /session/25c011aa293abf97c7913f308519c6b0/element - {"using":"xpath","value":"//td[@aria-colindex=\"1\"]/div/div[contains(@class, \"sapMCbBg\")]"}
RESULT: {"using":"xpath","value":"//td[@aria-colindex=\"1\"]/div/div[contains(@class, \"sapMCbBg\")]"}
COMMAND: POST /session/25c011aa293abf97c7913f308519c6b0/element/f.A224BA6FA6224D464A8F44AD5BF2EA9F.d.1214CECA2000C3BDA7D7011B458392E8.e.25042/click - {}
RESULT: {}
COMMAND: GET /session/25c011aa293abf97c7913f308519c6b0/screenshot - {}
RESULT: {}
RESULT: undefined
COMMAND: POST /session/25c011aa293abf97c7913f308519c6b0/execute/async - {"script":"<script> [776 bytes]","args":[{"enterText":"6/30/25","selector":{"id":"application-managebillings-display-component---billRunCalcResult--contractBillRunDate","interaction":{"idSuffix":"inner"}},"clearTextFirst":true,"interactionType":"ENTER_TEXT"}]}
RESULT: {"script":"<script> [776 bytes]","args":[{"enterText":"6/30/25","selector":{"id":"application-managebillings-display-component---billRunCalcResult--contractBillRunDate","interaction":{"idSuffix":"inner"}},"clearTextFirst":true,"interactionType":"ENTER_TEXT"}]}
COMMAND: POST /session/25c011aa293abf97c7913f308519c6b0/element - {"using":"xpath","value":"//bdi[contains(text(), \"Trigger Calculation\")]"}
RESULT: {"using":"xpath","value":"//bdi[contains(text(), \"Trigger Calculation\")]"}
COMMAND: POST /session/25c011aa293abf97c7913f308519c6b0/element/f.A224BA6FA6224D464A8F44AD5BF2EA9F.d.1214CECA2000C3BDA7D7011B458392E8.e.25064/click - {}
RESULT: {}
COMMAND: GET /session/25c011aa293abf97c7913f308519c6b0/screenshot - {}
RESULT: {}
COMMAND: POST /session/25c011aa293abf97c7913f308519c6b0/element - {"using":"xpath","value":"(//span[contains(@id, \"imgNav\")])[1]"}
RESULT: {"using":"xpath","value":"(//span[contains(@id, \"imgNav\")])[1]"}
COMMAND: POST /session/25c011aa293abf97c7913f308519c6b0/element/f.A224BA6FA6224D464A8F44AD5BF2EA9F.d.1214CECA2000C3BDA7D7011B458392E8.e.25056/click - {}
RESULT: {}
COMMAND: GET /session/25c011aa293abf97c7913f308519c6b0/screenshot - {}
RESULT: {}
COMMAND: POST /session/25c011aa293abf97c7913f308519c6b0/element - {"using":"xpath","value":"//tr/td[6]/div[1]/span[1]/span[1]"}
RESULT: {"using":"xpath","value":"//tr/td[6]/div[1]/span[1]/span[1]"}
COMMAND: GET /session/25c011aa293abf97c7913f308519c6b0/element/f.A224BA6FA6224D464A8F44AD5BF2EA9F.d.1214CECA2000C3BDA7D7011B458392E8.e.25068/text - {}
RESULT: {}
COMMAND: POST /session/25c011aa293abf97c7913f308519c6b0/element - {"using":"xpath","value":"(//span[contains(@id, \"imgNav\")])[2]"}
RESULT: {"using":"xpath","value":"(//span[contains(@id, \"imgNav\")])[2]"}
COMMAND: POST /session/25c011aa293abf97c7913f308519c6b0/element/f.A224BA6FA6224D464A8F44AD5BF2EA9F.d.1214CECA2000C3BDA7D7011B458392E8.e.25069/click - {}
RESULT: {}
COMMAND: POST /session/25c011aa293abf97c7913f308519c6b0/element - {"using":"xpath","value":"//bdi[contains(text(), \"Business Confirm\")]"}
COMMAND: GET /session/25c011aa293abf97c7913f308519c6b0/screenshot - {}
RESULT: {"using":"xpath","value":"//bdi[contains(text(), \"Business Confirm\")]"}
COMMAND: POST /session/25c011aa293abf97c7913f308519c6b0/elements - {"using":"xpath","value":"//bdi[contains(text(), \"Business Confirm\")]"}
RESULT: {}
RESULT: {"using":"xpath","value":"//bdi[contains(text(), \"Business Confirm\")]"}
COMMAND: POST /session/25c011aa293abf97c7913f308519c6b0/element - {"using":"xpath","value":"//bdi[contains(text(), \"Business Confirm\")]"}
RESULT: {"using":"xpath","value":"//bdi[contains(text(), \"Business Confirm\")]"}
COMMAND: POST /session/25c011aa293abf97c7913f308519c6b0/element/f.A224BA6FA6224D464A8F44AD5BF2EA9F.d.1214CECA2000C3BDA7D7011B458392E8.e.25075/click - {}
RESULT: {}
COMMAND: POST /session/25c011aa293abf97c7913f308519c6b0/element - {"using":"css selector","value":"#shell-header-logo"}
COMMAND: GET /session/25c011aa293abf97c7913f308519c6b0/screenshot - {}
RESULT: {"using":"css selector","value":"#shell-header-logo"}
COMMAND: POST /session/25c011aa293abf97c7913f308519c6b0/element/f.A224BA6FA6224D464A8F44AD5BF2EA9F.d.1214CECA2000C3BDA7D7011B458392E8.e.24710/click - {}
RESULT: {}
RESULT: {}
COMMAND: GET /session/25c011aa293abf97c7913f308519c6b0/screenshot - {}
RESULT: {}
]]></system-out>
    </testcase>
    <testcase classname="chrome.137_0_7151_69.windows.Billing_Calculation_-_Time_based_(considering_transport_times)_US139738" name="Should transfer the billing all the way to completion" time="81.73">
      <system-out><![CDATA[
RESULT: undefined
COMMAND: POST /session/25c011aa293abf97c7913f308519c6b0/element - {"using":"xpath","value":"//*[@id=\"__tile52\"]"}
RESULT: {"using":"xpath","value":"//*[@id=\"__tile52\"]"}
COMMAND: POST /session/25c011aa293abf97c7913f308519c6b0/element/f.A224BA6FA6224D464A8F44AD5BF2EA9F.d.1214CECA2000C3BDA7D7011B458392E8.e.18909/click - {}
RESULT: {}
COMMAND: GET /session/25c011aa293abf97c7913f308519c6b0/screenshot - {}
RESULT: {}
COMMAND: POST /session/25c011aa293abf97c7913f308519c6b0/elements - {"using":"xpath","value":"//span[text()='Error']"}
RESULT: {"using":"xpath","value":"//span[text()='Error']"}
COMMAND: POST /session/25c011aa293abf97c7913f308519c6b0/element - {"using":"xpath","value":"//input[contains(@id ,\"application-billingtransfer-display-component---billingWorkbench--smartFilterBar-btnBasicSearch\")]"}
RESULT: {"using":"xpath","value":"//input[contains(@id ,\"application-billingtransfer-display-component---billingWorkbench--smartFilterBar-btnBasicSearch\")]"}
COMMAND: POST /session/25c011aa293abf97c7913f308519c6b0/elements - {"using":"xpath","value":"//input[contains(@id ,\"application-billingtransfer-display-component---billingWorkbench--smartFilterBar-btnBasicSearch\")]"}
RESULT: {"using":"xpath","value":"//input[contains(@id ,\"application-billingtransfer-display-component---billingWorkbench--smartFilterBar-btnBasicSearch\")]"}
COMMAND: POST /session/25c011aa293abf97c7913f308519c6b0/execute/sync - {"script":"<script> [8489 bytes]","args":[{"element-6066-11e4-a52e-4f735466cecf":"f.A224BA6FA6224D464A8F44AD5BF2EA9F.d.1214CECA2000C3BDA7D7011B458392E8.e.25150","ELEMENT":"f.A224BA6FA6224D464A8F44AD5BF2EA9F.d.1214CECA2000C3BDA7D7011B458392E8.e.25150"}]}
RESULT: {"script":"<script> [8489 bytes]","args":[{"element-6066-11e4-a52e-4f735466cecf":"f.A224BA6FA6224D464A8F44AD5BF2EA9F.d.1214CECA2000C3BDA7D7011B458392E8.e.25150","ELEMENT":"f.A224BA6FA6224D464A8F44AD5BF2EA9F.d.1214CECA2000C3BDA7D7011B458392E8.e.25150"}]}
COMMAND: GET /session/25c011aa293abf97c7913f308519c6b0/element/f.A224BA6FA6224D464A8F44AD5BF2EA9F.d.1214CECA2000C3BDA7D7011B458392E8.e.25150/enabled - {}
COMMAND: GET /session/25c011aa293abf97c7913f308519c6b0/screenshot - {}
RESULT: {}
COMMAND: POST /session/25c011aa293abf97c7913f308519c6b0/element/f.A224BA6FA6224D464A8F44AD5BF2EA9F.d.1214CECA2000C3BDA7D7011B458392E8.e.25150/click - {}
COMMAND: GET /session/25c011aa293abf97c7913f308519c6b0/screenshot - {}
RESULT: {}
RESULT: {}
COMMAND: GET /session/25c011aa293abf97c7913f308519c6b0/screenshot - {}
RESULT: {}
RESULT: {}
COMMAND: POST /session/25c011aa293abf97c7913f308519c6b0/element/f.A224BA6FA6224D464A8F44AD5BF2EA9F.d.1214CECA2000C3BDA7D7011B458392E8.e.25150/clear - {}
RESULT: {}
COMMAND: POST /session/25c011aa293abf97c7913f308519c6b0/element/f.A224BA6FA6224D464A8F44AD5BF2EA9F.d.1214CECA2000C3BDA7D7011B458392E8.e.25150/value - {"text":"10185"}
COMMAND: GET /session/25c011aa293abf97c7913f308519c6b0/screenshot - {}
RESULT: {}
RESULT: {"text":"10185"}
COMMAND: POST /session/25c011aa293abf97c7913f308519c6b0/actions - {"actions":[{"id":"action92","type":"key","parameters":{},"actions":[{"type":"keyDown","value":""},{"type":"pause","duration":10},{"type":"keyUp","value":""}]}]}
COMMAND: GET /session/25c011aa293abf97c7913f308519c6b0/screenshot - {}
RESULT: {"actions":[{"id":"action92","type":"key","parameters":{},"actions":[{"type":"keyDown","value":""},{"type":"pause","duration":10},{"type":"keyUp","value":""}]}]}
COMMAND: GET /session/25c011aa293abf97c7913f308519c6b0/screenshot - {}
RESULT: {}
RESULT: {}
COMMAND: POST /session/25c011aa293abf97c7913f308519c6b0/element - {"using":"xpath","value":"//span[contains(@id ,\"application-billingtransfer-display-component---billingWorkbench--smartTableBillingRuns-header-inner\")]"}
RESULT: {"using":"xpath","value":"//span[contains(@id ,\"application-billingtransfer-display-component---billingWorkbench--smartTableBillingRuns-header-inner\")]"}
COMMAND: POST /session/25c011aa293abf97c7913f308519c6b0/elements - {"using":"xpath","value":"//span[contains(@id ,\"application-billingtransfer-display-component---billingWorkbench--smartTableBillingRuns-header-inner\")]"}
RESULT: {"using":"xpath","value":"//span[contains(@id ,\"application-billingtransfer-display-component---billingWorkbench--smartTableBillingRuns-header-inner\")]"}
COMMAND: POST /session/25c011aa293abf97c7913f308519c6b0/execute/sync - {"script":"<script> [56 bytes]","args":[{"element-6066-11e4-a52e-4f735466cecf":"f.A224BA6FA6224D464A8F44AD5BF2EA9F.d.1214CECA2000C3BDA7D7011B458392E8.e.25393","ELEMENT":"f.A224BA6FA6224D464A8F44AD5BF2EA9F.d.1214CECA2000C3BDA7D7011B458392E8.e.25393"}]}
RESULT: {"script":"<script> [56 bytes]","args":[{"element-6066-11e4-a52e-4f735466cecf":"f.A224BA6FA6224D464A8F44AD5BF2EA9F.d.1214CECA2000C3BDA7D7011B458392E8.e.25393","ELEMENT":"f.A224BA6FA6224D464A8F44AD5BF2EA9F.d.1214CECA2000C3BDA7D7011B458392E8.e.25393"}]}
COMMAND: POST /session/25c011aa293abf97c7913f308519c6b0/element - {"using":"xpath","value":"//td[@aria-colindex=\"1\"]/div/div[contains(@class, \"sapMCbBg\")]"}
COMMAND: GET /session/25c011aa293abf97c7913f308519c6b0/screenshot - {}
RESULT: {"using":"xpath","value":"//td[@aria-colindex=\"1\"]/div/div[contains(@class, \"sapMCbBg\")]"}
COMMAND: POST /session/25c011aa293abf97c7913f308519c6b0/element/f.A224BA6FA6224D464A8F44AD5BF2EA9F.d.1214CECA2000C3BDA7D7011B458392E8.e.25246/click - {}
RESULT: {}
RESULT: {}
COMMAND: GET /session/25c011aa293abf97c7913f308519c6b0/screenshot - {}
RESULT: {}
COMMAND: POST /session/25c011aa293abf97c7913f308519c6b0/element - {"using":"xpath","value":"//bdi[contains(text(), \"Check\")]"}
RESULT: {"using":"xpath","value":"//bdi[contains(text(), \"Check\")]"}
COMMAND: POST /session/25c011aa293abf97c7913f308519c6b0/element/f.A224BA6FA6224D464A8F44AD5BF2EA9F.d.1214CECA2000C3BDA7D7011B458392E8.e.25394/click - {}
RESULT: {}
COMMAND: GET /session/25c011aa293abf97c7913f308519c6b0/screenshot - {}
RESULT: {}
COMMAND: POST /session/25c011aa293abf97c7913f308519c6b0/element - {"using":"xpath","value":"//bdi[contains(text(), \"OK\")]"}
RESULT: {"using":"xpath","value":"//bdi[contains(text(), \"OK\")]"}
COMMAND: POST /session/25c011aa293abf97c7913f308519c6b0/element/f.A224BA6FA6224D464A8F44AD5BF2EA9F.d.1214CECA2000C3BDA7D7011B458392E8.e.25397/click - {}
RESULT: {}
COMMAND: GET /session/25c011aa293abf97c7913f308519c6b0/screenshot - {}
RESULT: {}
COMMAND: POST /session/25c011aa293abf97c7913f308519c6b0/element - {"using":"xpath","value":"(//span[contains(text(), \"CO/SD checked\")]/parent::div/preceding-sibling::div/span)[1]"}
RESULT: {"using":"xpath","value":"(//span[contains(text(), \"CO/SD checked\")]/parent::div/preceding-sibling::div/span)[1]"}
COMMAND: POST /session/25c011aa293abf97c7913f308519c6b0/element/f.A224BA6FA6224D464A8F44AD5BF2EA9F.d.1214CECA2000C3BDA7D7011B458392E8.e.25406/click - {}
RESULT: {}
COMMAND: GET /session/25c011aa293abf97c7913f308519c6b0/screenshot - {}
RESULT: {}
COMMAND: POST /session/25c011aa293abf97c7913f308519c6b0/element - {"using":"xpath","value":"//input[contains(@id ,\"application-billingtransfer-display-component---billingWorkbench--smartFilterBar-btnBasicSearch\")]"}
RESULT: {"using":"xpath","value":"//input[contains(@id ,\"application-billingtransfer-display-component---billingWorkbench--smartFilterBar-btnBasicSearch\")]"}
COMMAND: POST /session/25c011aa293abf97c7913f308519c6b0/elements - {"using":"xpath","value":"//input[contains(@id ,\"application-billingtransfer-display-component---billingWorkbench--smartFilterBar-btnBasicSearch\")]"}
RESULT: {"using":"xpath","value":"//input[contains(@id ,\"application-billingtransfer-display-component---billingWorkbench--smartFilterBar-btnBasicSearch\")]"}
COMMAND: POST /session/25c011aa293abf97c7913f308519c6b0/execute/sync - {"script":"<script> [8489 bytes]","args":[{"element-6066-11e4-a52e-4f735466cecf":"f.A224BA6FA6224D464A8F44AD5BF2EA9F.d.1214CECA2000C3BDA7D7011B458392E8.e.25150","ELEMENT":"f.A224BA6FA6224D464A8F44AD5BF2EA9F.d.1214CECA2000C3BDA7D7011B458392E8.e.25150"}]}
RESULT: {"script":"<script> [8489 bytes]","args":[{"element-6066-11e4-a52e-4f735466cecf":"f.A224BA6FA6224D464A8F44AD5BF2EA9F.d.1214CECA2000C3BDA7D7011B458392E8.e.25150","ELEMENT":"f.A224BA6FA6224D464A8F44AD5BF2EA9F.d.1214CECA2000C3BDA7D7011B458392E8.e.25150"}]}
COMMAND: GET /session/25c011aa293abf97c7913f308519c6b0/element/f.A224BA6FA6224D464A8F44AD5BF2EA9F.d.1214CECA2000C3BDA7D7011B458392E8.e.25150/enabled - {}
COMMAND: GET /session/25c011aa293abf97c7913f308519c6b0/screenshot - {}
RESULT: {}
COMMAND: POST /session/25c011aa293abf97c7913f308519c6b0/element/f.A224BA6FA6224D464A8F44AD5BF2EA9F.d.1214CECA2000C3BDA7D7011B458392E8.e.25150/click - {}
COMMAND: GET /session/25c011aa293abf97c7913f308519c6b0/screenshot - {}
RESULT: {}
RESULT: {}
COMMAND: GET /session/25c011aa293abf97c7913f308519c6b0/screenshot - {}
RESULT: {}
RESULT: {}
COMMAND: POST /session/25c011aa293abf97c7913f308519c6b0/element/f.A224BA6FA6224D464A8F44AD5BF2EA9F.d.1214CECA2000C3BDA7D7011B458392E8.e.25150/clear - {}
RESULT: {}
COMMAND: POST /session/25c011aa293abf97c7913f308519c6b0/element/f.A224BA6FA6224D464A8F44AD5BF2EA9F.d.1214CECA2000C3BDA7D7011B458392E8.e.25150/value - {"text":"10185"}
COMMAND: GET /session/25c011aa293abf97c7913f308519c6b0/screenshot - {}
RESULT: {"text":"10185"}
COMMAND: POST /session/25c011aa293abf97c7913f308519c6b0/actions - {"actions":[{"id":"action93","type":"key","parameters":{},"actions":[{"type":"keyDown","value":""},{"type":"pause","duration":10},{"type":"keyUp","value":""}]}]}
COMMAND: GET /session/25c011aa293abf97c7913f308519c6b0/screenshot - {}
RESULT: {}
RESULT: {"actions":[{"id":"action93","type":"key","parameters":{},"actions":[{"type":"keyDown","value":""},{"type":"pause","duration":10},{"type":"keyUp","value":""}]}]}
COMMAND: GET /session/25c011aa293abf97c7913f308519c6b0/screenshot - {}
RESULT: {}
RESULT: {}
COMMAND: POST /session/25c011aa293abf97c7913f308519c6b0/element - {"using":"xpath","value":"//span[contains(@id ,\"application-billingtransfer-display-component---billingWorkbench--smartTableBillingRuns-header-inner\")]"}
RESULT: {"using":"xpath","value":"//span[contains(@id ,\"application-billingtransfer-display-component---billingWorkbench--smartTableBillingRuns-header-inner\")]"}
COMMAND: POST /session/25c011aa293abf97c7913f308519c6b0/elements - {"using":"xpath","value":"//span[contains(@id ,\"application-billingtransfer-display-component---billingWorkbench--smartTableBillingRuns-header-inner\")]"}
RESULT: {"using":"xpath","value":"//span[contains(@id ,\"application-billingtransfer-display-component---billingWorkbench--smartTableBillingRuns-header-inner\")]"}
COMMAND: POST /session/25c011aa293abf97c7913f308519c6b0/execute/sync - {"script":"<script> [56 bytes]","args":[{"element-6066-11e4-a52e-4f735466cecf":"f.A224BA6FA6224D464A8F44AD5BF2EA9F.d.1214CECA2000C3BDA7D7011B458392E8.e.25393","ELEMENT":"f.A224BA6FA6224D464A8F44AD5BF2EA9F.d.1214CECA2000C3BDA7D7011B458392E8.e.25393"}]}
RESULT: {"script":"<script> [56 bytes]","args":[{"element-6066-11e4-a52e-4f735466cecf":"f.A224BA6FA6224D464A8F44AD5BF2EA9F.d.1214CECA2000C3BDA7D7011B458392E8.e.25393","ELEMENT":"f.A224BA6FA6224D464A8F44AD5BF2EA9F.d.1214CECA2000C3BDA7D7011B458392E8.e.25393"}]}
COMMAND: POST /session/25c011aa293abf97c7913f308519c6b0/element - {"using":"xpath","value":"//td[@aria-colindex=\"1\"]/div/div[contains(@class, \"sapMCbBg\")]"}
COMMAND: GET /session/25c011aa293abf97c7913f308519c6b0/screenshot - {}
RESULT: {"using":"xpath","value":"//td[@aria-colindex=\"1\"]/div/div[contains(@class, \"sapMCbBg\")]"}
COMMAND: POST /session/25c011aa293abf97c7913f308519c6b0/element/f.A224BA6FA6224D464A8F44AD5BF2EA9F.d.1214CECA2000C3BDA7D7011B458392E8.e.25409/click - {}
RESULT: {}
RESULT: {}
COMMAND: GET /session/25c011aa293abf97c7913f308519c6b0/screenshot - {}
RESULT: {}
COMMAND: POST /session/25c011aa293abf97c7913f308519c6b0/element - {"using":"xpath","value":"//bdi[text()=\"Transfer\"]"}
RESULT: {"using":"xpath","value":"//bdi[text()=\"Transfer\"]"}
COMMAND: POST /session/25c011aa293abf97c7913f308519c6b0/element/f.A224BA6FA6224D464A8F44AD5BF2EA9F.d.1214CECA2000C3BDA7D7011B458392E8.e.25410/click - {}
RESULT: {}
COMMAND: GET /session/25c011aa293abf97c7913f308519c6b0/screenshot - {}
RESULT: {}
COMMAND: POST /session/25c011aa293abf97c7913f308519c6b0/element - {"using":"xpath","value":"//bdi[contains(text(), \"OK\")]"}
RESULT: {"using":"xpath","value":"//bdi[contains(text(), \"OK\")]"}
COMMAND: POST /session/25c011aa293abf97c7913f308519c6b0/element/f.A224BA6FA6224D464A8F44AD5BF2EA9F.d.1214CECA2000C3BDA7D7011B458392E8.e.25413/click - {}
RESULT: {}
COMMAND: GET /session/25c011aa293abf97c7913f308519c6b0/screenshot - {}
RESULT: {}
COMMAND: POST /session/25c011aa293abf97c7913f308519c6b0/element - {"using":"xpath","value":"(//span[contains(text(), \"Completed\")]/parent::div/preceding-sibling::div/span)[1]"}
RESULT: {"using":"xpath","value":"(//span[contains(text(), \"Completed\")]/parent::div/preceding-sibling::div/span)[1]"}
COMMAND: POST /session/25c011aa293abf97c7913f308519c6b0/element/f.A224BA6FA6224D464A8F44AD5BF2EA9F.d.1214CECA2000C3BDA7D7011B458392E8.e.25422/click - {}
RESULT: {}
COMMAND: POST /session/25c011aa293abf97c7913f308519c6b0/element - {"using":"xpath","value":"//input[contains(@id ,\"application-billingtransfer-display-component---billingWorkbench--smartFilterBar-btnBasicSearch\")]"}
COMMAND: GET /session/25c011aa293abf97c7913f308519c6b0/screenshot - {}
RESULT: {"using":"xpath","value":"//input[contains(@id ,\"application-billingtransfer-display-component---billingWorkbench--smartFilterBar-btnBasicSearch\")]"}
COMMAND: POST /session/25c011aa293abf97c7913f308519c6b0/elements - {"using":"xpath","value":"//input[contains(@id ,\"application-billingtransfer-display-component---billingWorkbench--smartFilterBar-btnBasicSearch\")]"}
RESULT: {}
RESULT: {"using":"xpath","value":"//input[contains(@id ,\"application-billingtransfer-display-component---billingWorkbench--smartFilterBar-btnBasicSearch\")]"}
COMMAND: POST /session/25c011aa293abf97c7913f308519c6b0/execute/sync - {"script":"<script> [8489 bytes]","args":[{"element-6066-11e4-a52e-4f735466cecf":"f.A224BA6FA6224D464A8F44AD5BF2EA9F.d.1214CECA2000C3BDA7D7011B458392E8.e.25150","ELEMENT":"f.A224BA6FA6224D464A8F44AD5BF2EA9F.d.1214CECA2000C3BDA7D7011B458392E8.e.25150"}]}
RESULT: {"script":"<script> [8489 bytes]","args":[{"element-6066-11e4-a52e-4f735466cecf":"f.A224BA6FA6224D464A8F44AD5BF2EA9F.d.1214CECA2000C3BDA7D7011B458392E8.e.25150","ELEMENT":"f.A224BA6FA6224D464A8F44AD5BF2EA9F.d.1214CECA2000C3BDA7D7011B458392E8.e.25150"}]}
COMMAND: GET /session/25c011aa293abf97c7913f308519c6b0/element/f.A224BA6FA6224D464A8F44AD5BF2EA9F.d.1214CECA2000C3BDA7D7011B458392E8.e.25150/enabled - {}
COMMAND: GET /session/25c011aa293abf97c7913f308519c6b0/screenshot - {}
RESULT: {}
COMMAND: POST /session/25c011aa293abf97c7913f308519c6b0/element/f.A224BA6FA6224D464A8F44AD5BF2EA9F.d.1214CECA2000C3BDA7D7011B458392E8.e.25150/click - {}
COMMAND: GET /session/25c011aa293abf97c7913f308519c6b0/screenshot - {}
RESULT: {}
RESULT: {}
COMMAND: GET /session/25c011aa293abf97c7913f308519c6b0/screenshot - {}
RESULT: {}
RESULT: {}
COMMAND: POST /session/25c011aa293abf97c7913f308519c6b0/element/f.A224BA6FA6224D464A8F44AD5BF2EA9F.d.1214CECA2000C3BDA7D7011B458392E8.e.25150/clear - {}
RESULT: {}
COMMAND: POST /session/25c011aa293abf97c7913f308519c6b0/element/f.A224BA6FA6224D464A8F44AD5BF2EA9F.d.1214CECA2000C3BDA7D7011B458392E8.e.25150/value - {"text":"10185"}
COMMAND: GET /session/25c011aa293abf97c7913f308519c6b0/screenshot - {}
RESULT: {"text":"10185"}
COMMAND: POST /session/25c011aa293abf97c7913f308519c6b0/actions - {"actions":[{"id":"action94","type":"key","parameters":{},"actions":[{"type":"keyDown","value":""},{"type":"pause","duration":10},{"type":"keyUp","value":""}]}]}
COMMAND: GET /session/25c011aa293abf97c7913f308519c6b0/screenshot - {}
RESULT: {}
RESULT: {"actions":[{"id":"action94","type":"key","parameters":{},"actions":[{"type":"keyDown","value":""},{"type":"pause","duration":10},{"type":"keyUp","value":""}]}]}
COMMAND: GET /session/25c011aa293abf97c7913f308519c6b0/screenshot - {}
RESULT: {}
RESULT: {}
COMMAND: POST /session/25c011aa293abf97c7913f308519c6b0/element - {"using":"xpath","value":"//span[contains(@id ,\"application-billingtransfer-display-component---billingWorkbench--smartTableBillingRuns-header-inner\")]"}
RESULT: {"using":"xpath","value":"//span[contains(@id ,\"application-billingtransfer-display-component---billingWorkbench--smartTableBillingRuns-header-inner\")]"}
COMMAND: POST /session/25c011aa293abf97c7913f308519c6b0/elements - {"using":"xpath","value":"//span[contains(@id ,\"application-billingtransfer-display-component---billingWorkbench--smartTableBillingRuns-header-inner\")]"}
RESULT: {"using":"xpath","value":"//span[contains(@id ,\"application-billingtransfer-display-component---billingWorkbench--smartTableBillingRuns-header-inner\")]"}
COMMAND: POST /session/25c011aa293abf97c7913f308519c6b0/execute/sync - {"script":"<script> [56 bytes]","args":[{"element-6066-11e4-a52e-4f735466cecf":"f.A224BA6FA6224D464A8F44AD5BF2EA9F.d.1214CECA2000C3BDA7D7011B458392E8.e.25393","ELEMENT":"f.A224BA6FA6224D464A8F44AD5BF2EA9F.d.1214CECA2000C3BDA7D7011B458392E8.e.25393"}]}
RESULT: {"script":"<script> [56 bytes]","args":[{"element-6066-11e4-a52e-4f735466cecf":"f.A224BA6FA6224D464A8F44AD5BF2EA9F.d.1214CECA2000C3BDA7D7011B458392E8.e.25393","ELEMENT":"f.A224BA6FA6224D464A8F44AD5BF2EA9F.d.1214CECA2000C3BDA7D7011B458392E8.e.25393"}]}
COMMAND: POST /session/25c011aa293abf97c7913f308519c6b0/element - {"using":"css selector","value":"#shell-header-logo"}
COMMAND: GET /session/25c011aa293abf97c7913f308519c6b0/screenshot - {}
RESULT: {"using":"css selector","value":"#shell-header-logo"}
COMMAND: POST /session/25c011aa293abf97c7913f308519c6b0/element/f.A224BA6FA6224D464A8F44AD5BF2EA9F.d.1214CECA2000C3BDA7D7011B458392E8.e.25155/click - {}
RESULT: {}
RESULT: {}
COMMAND: GET /session/25c011aa293abf97c7913f308519c6b0/screenshot - {}
RESULT: {}
]]></system-out>
    </testcase>
    <testcase classname="chrome.137_0_7151_69.windows.Billing_Calculation_-_Time_based_(considering_transport_times)_US139738" name="Should do another billing run but in around 25 days from today" time="76.712">
      <system-out><![CDATA[
RESULT: undefined
COMMAND: POST /session/25c011aa293abf97c7913f308519c6b0/element - {"using":"xpath","value":"//*[@id=\"__tile53\"]"}
RESULT: {"using":"xpath","value":"//*[@id=\"__tile53\"]"}
COMMAND: POST /session/25c011aa293abf97c7913f308519c6b0/element/f.A224BA6FA6224D464A8F44AD5BF2EA9F.d.1214CECA2000C3BDA7D7011B458392E8.e.18911/click - {}
RESULT: {}
COMMAND: GET /session/25c011aa293abf97c7913f308519c6b0/screenshot - {}
RESULT: {}
COMMAND: POST /session/25c011aa293abf97c7913f308519c6b0/elements - {"using":"xpath","value":"//span[text()='Error']"}
RESULT: {"using":"xpath","value":"//span[text()='Error']"}
RESULT: undefined
COMMAND: POST /session/25c011aa293abf97c7913f308519c6b0/execute/async - {"script":"<script> [776 bytes]","args":[{"enterText":"10185","selector":{"id":"application-managebillings-display-component---billRunCalcResult--smartFilterBar-btnBasicSearch","interaction":{"idSuffix":"I"}},"clearTextFirst":true,"interactionType":"ENTER_TEXT"}]}
RESULT: {"script":"<script> [776 bytes]","args":[{"enterText":"10185","selector":{"id":"application-managebillings-display-component---billRunCalcResult--smartFilterBar-btnBasicSearch","interaction":{"idSuffix":"I"}},"clearTextFirst":true,"interactionType":"ENTER_TEXT"}]}
COMMAND: POST /session/25c011aa293abf97c7913f308519c6b0/actions - {"actions":[{"id":"action95","type":"key","parameters":{},"actions":[{"type":"keyDown","value":""},{"type":"pause","duration":10},{"type":"keyUp","value":""}]}]}
RESULT: {"actions":[{"id":"action95","type":"key","parameters":{},"actions":[{"type":"keyDown","value":""},{"type":"pause","duration":10},{"type":"keyUp","value":""}]}]}
COMMAND: GET /session/25c011aa293abf97c7913f308519c6b0/screenshot - {}
RESULT: {}
COMMAND: POST /session/25c011aa293abf97c7913f308519c6b0/element - {"using":"xpath","value":"//td[@aria-colindex=\"1\"]/div/div[contains(@class, \"sapMCbBg\")]"}
RESULT: {"using":"xpath","value":"//td[@aria-colindex=\"1\"]/div/div[contains(@class, \"sapMCbBg\")]"}
COMMAND: POST /session/25c011aa293abf97c7913f308519c6b0/element/f.A224BA6FA6224D464A8F44AD5BF2EA9F.d.1214CECA2000C3BDA7D7011B458392E8.e.25647/click - {}
RESULT: {}
COMMAND: GET /session/25c011aa293abf97c7913f308519c6b0/screenshot - {}
RESULT: {}
RESULT: undefined
COMMAND: POST /session/25c011aa293abf97c7913f308519c6b0/execute/async - {"script":"<script> [776 bytes]","args":[{"enterText":"7/8/25","selector":{"id":"application-managebillings-display-component---billRunCalcResult--contractBillRunDate","interaction":{"idSuffix":"inner"}},"clearTextFirst":true,"interactionType":"ENTER_TEXT"}]}
RESULT: {"script":"<script> [776 bytes]","args":[{"enterText":"7/8/25","selector":{"id":"application-managebillings-display-component---billRunCalcResult--contractBillRunDate","interaction":{"idSuffix":"inner"}},"clearTextFirst":true,"interactionType":"ENTER_TEXT"}]}
COMMAND: POST /session/25c011aa293abf97c7913f308519c6b0/element - {"using":"xpath","value":"//bdi[contains(text(), \"Trigger Calculation\")]"}
RESULT: {"using":"xpath","value":"//bdi[contains(text(), \"Trigger Calculation\")]"}
COMMAND: POST /session/25c011aa293abf97c7913f308519c6b0/element/f.A224BA6FA6224D464A8F44AD5BF2EA9F.d.1214CECA2000C3BDA7D7011B458392E8.e.25667/click - {}
RESULT: {}
COMMAND: GET /session/25c011aa293abf97c7913f308519c6b0/screenshot - {}
RESULT: {}
COMMAND: POST /session/25c011aa293abf97c7913f308519c6b0/element - {"using":"xpath","value":"(//span[contains(@id, \"imgNav\")])[1]"}
RESULT: {"using":"xpath","value":"(//span[contains(@id, \"imgNav\")])[1]"}
COMMAND: POST /session/25c011aa293abf97c7913f308519c6b0/element/f.A224BA6FA6224D464A8F44AD5BF2EA9F.d.1214CECA2000C3BDA7D7011B458392E8.e.25662/click - {}
RESULT: {}
COMMAND: GET /session/25c011aa293abf97c7913f308519c6b0/screenshot - {}
RESULT: {}
COMMAND: POST /session/25c011aa293abf97c7913f308519c6b0/element - {"using":"xpath","value":"//tr/td[6]/div[1]/span[1]/span[1]"}
RESULT: {"using":"xpath","value":"//tr/td[6]/div[1]/span[1]/span[1]"}
COMMAND: GET /session/25c011aa293abf97c7913f308519c6b0/element/f.A224BA6FA6224D464A8F44AD5BF2EA9F.d.1214CECA2000C3BDA7D7011B458392E8.e.25672/text - {}
RESULT: {}
COMMAND: POST /session/25c011aa293abf97c7913f308519c6b0/element - {"using":"xpath","value":"(//span[contains(@id, \"imgNav\")])[2]"}
RESULT: {"using":"xpath","value":"(//span[contains(@id, \"imgNav\")])[2]"}
COMMAND: POST /session/25c011aa293abf97c7913f308519c6b0/element/f.A224BA6FA6224D464A8F44AD5BF2EA9F.d.1214CECA2000C3BDA7D7011B458392E8.e.25673/click - {}
RESULT: {}
COMMAND: POST /session/25c011aa293abf97c7913f308519c6b0/element - {"using":"xpath","value":"//bdi[contains(text(), \"Business Confirm\")]"}
COMMAND: GET /session/25c011aa293abf97c7913f308519c6b0/screenshot - {}
RESULT: {"using":"xpath","value":"//bdi[contains(text(), \"Business Confirm\")]"}
COMMAND: POST /session/25c011aa293abf97c7913f308519c6b0/elements - {"using":"xpath","value":"//bdi[contains(text(), \"Business Confirm\")]"}
RESULT: {}
RESULT: {"using":"xpath","value":"//bdi[contains(text(), \"Business Confirm\")]"}
COMMAND: POST /session/25c011aa293abf97c7913f308519c6b0/element - {"using":"xpath","value":"//bdi[contains(text(), \"Business Confirm\")]"}
RESULT: {"using":"xpath","value":"//bdi[contains(text(), \"Business Confirm\")]"}
COMMAND: POST /session/25c011aa293abf97c7913f308519c6b0/element/f.A224BA6FA6224D464A8F44AD5BF2EA9F.d.1214CECA2000C3BDA7D7011B458392E8.e.25719/click - {}
RESULT: {}
COMMAND: POST /session/25c011aa293abf97c7913f308519c6b0/element - {"using":"css selector","value":"#shell-header-logo"}
COMMAND: GET /session/25c011aa293abf97c7913f308519c6b0/screenshot - {}
RESULT: {"using":"css selector","value":"#shell-header-logo"}
COMMAND: POST /session/25c011aa293abf97c7913f308519c6b0/element/f.A224BA6FA6224D464A8F44AD5BF2EA9F.d.1214CECA2000C3BDA7D7011B458392E8.e.25430/click - {}
RESULT: {}
RESULT: {}
COMMAND: GET /session/25c011aa293abf97c7913f308519c6b0/screenshot - {}
RESULT: {}
]]></system-out>
    </testcase>
    <testcase classname="chrome.137_0_7151_69.windows.Billing_Calculation_-_Time_based_(considering_transport_times)_US139738" name="Should transfer the billing all the way to completion" time="79.822">
      <system-out><![CDATA[
RESULT: undefined
COMMAND: POST /session/25c011aa293abf97c7913f308519c6b0/element - {"using":"xpath","value":"//*[@id=\"__tile52\"]"}
RESULT: {"using":"xpath","value":"//*[@id=\"__tile52\"]"}
COMMAND: POST /session/25c011aa293abf97c7913f308519c6b0/element/f.A224BA6FA6224D464A8F44AD5BF2EA9F.d.1214CECA2000C3BDA7D7011B458392E8.e.18909/click - {}
RESULT: {}
COMMAND: GET /session/25c011aa293abf97c7913f308519c6b0/screenshot - {}
RESULT: {}
COMMAND: POST /session/25c011aa293abf97c7913f308519c6b0/elements - {"using":"xpath","value":"//span[text()='Error']"}
RESULT: {"using":"xpath","value":"//span[text()='Error']"}
COMMAND: POST /session/25c011aa293abf97c7913f308519c6b0/element - {"using":"xpath","value":"//input[contains(@id ,\"application-billingtransfer-display-component---billingWorkbench--smartFilterBar-btnBasicSearch\")]"}
RESULT: {"using":"xpath","value":"//input[contains(@id ,\"application-billingtransfer-display-component---billingWorkbench--smartFilterBar-btnBasicSearch\")]"}
COMMAND: POST /session/25c011aa293abf97c7913f308519c6b0/elements - {"using":"xpath","value":"//input[contains(@id ,\"application-billingtransfer-display-component---billingWorkbench--smartFilterBar-btnBasicSearch\")]"}
RESULT: {"using":"xpath","value":"//input[contains(@id ,\"application-billingtransfer-display-component---billingWorkbench--smartFilterBar-btnBasicSearch\")]"}
COMMAND: POST /session/25c011aa293abf97c7913f308519c6b0/execute/sync - {"script":"<script> [8489 bytes]","args":[{"element-6066-11e4-a52e-4f735466cecf":"f.A224BA6FA6224D464A8F44AD5BF2EA9F.d.1214CECA2000C3BDA7D7011B458392E8.e.25747","ELEMENT":"f.A224BA6FA6224D464A8F44AD5BF2EA9F.d.1214CECA2000C3BDA7D7011B458392E8.e.25747"}]}
RESULT: {"script":"<script> [8489 bytes]","args":[{"element-6066-11e4-a52e-4f735466cecf":"f.A224BA6FA6224D464A8F44AD5BF2EA9F.d.1214CECA2000C3BDA7D7011B458392E8.e.25747","ELEMENT":"f.A224BA6FA6224D464A8F44AD5BF2EA9F.d.1214CECA2000C3BDA7D7011B458392E8.e.25747"}]}
COMMAND: GET /session/25c011aa293abf97c7913f308519c6b0/element/f.A224BA6FA6224D464A8F44AD5BF2EA9F.d.1214CECA2000C3BDA7D7011B458392E8.e.25747/enabled - {}
COMMAND: GET /session/25c011aa293abf97c7913f308519c6b0/screenshot - {}
RESULT: {}
COMMAND: POST /session/25c011aa293abf97c7913f308519c6b0/element/f.A224BA6FA6224D464A8F44AD5BF2EA9F.d.1214CECA2000C3BDA7D7011B458392E8.e.25747/click - {}
COMMAND: GET /session/25c011aa293abf97c7913f308519c6b0/screenshot - {}
RESULT: {}
RESULT: {}
COMMAND: GET /session/25c011aa293abf97c7913f308519c6b0/screenshot - {}
RESULT: {}
RESULT: {}
COMMAND: POST /session/25c011aa293abf97c7913f308519c6b0/element/f.A224BA6FA6224D464A8F44AD5BF2EA9F.d.1214CECA2000C3BDA7D7011B458392E8.e.25747/clear - {}
RESULT: {}
COMMAND: POST /session/25c011aa293abf97c7913f308519c6b0/element/f.A224BA6FA6224D464A8F44AD5BF2EA9F.d.1214CECA2000C3BDA7D7011B458392E8.e.25747/value - {"text":"10185"}
COMMAND: GET /session/25c011aa293abf97c7913f308519c6b0/screenshot - {}
RESULT: {"text":"10185"}
COMMAND: POST /session/25c011aa293abf97c7913f308519c6b0/actions - {"actions":[{"id":"action96","type":"key","parameters":{},"actions":[{"type":"keyDown","value":""},{"type":"pause","duration":10},{"type":"keyUp","value":""}]}]}
COMMAND: GET /session/25c011aa293abf97c7913f308519c6b0/screenshot - {}
RESULT: {}
RESULT: {"actions":[{"id":"action96","type":"key","parameters":{},"actions":[{"type":"keyDown","value":""},{"type":"pause","duration":10},{"type":"keyUp","value":""}]}]}
COMMAND: GET /session/25c011aa293abf97c7913f308519c6b0/screenshot - {}
RESULT: {}
RESULT: {}
COMMAND: POST /session/25c011aa293abf97c7913f308519c6b0/element - {"using":"xpath","value":"//span[contains(@id ,\"application-billingtransfer-display-component---billingWorkbench--smartTableBillingRuns-header-inner\")]"}
RESULT: {"using":"xpath","value":"//span[contains(@id ,\"application-billingtransfer-display-component---billingWorkbench--smartTableBillingRuns-header-inner\")]"}
COMMAND: POST /session/25c011aa293abf97c7913f308519c6b0/elements - {"using":"xpath","value":"//span[contains(@id ,\"application-billingtransfer-display-component---billingWorkbench--smartTableBillingRuns-header-inner\")]"}
RESULT: {"using":"xpath","value":"//span[contains(@id ,\"application-billingtransfer-display-component---billingWorkbench--smartTableBillingRuns-header-inner\")]"}
COMMAND: POST /session/25c011aa293abf97c7913f308519c6b0/execute/sync - {"script":"<script> [56 bytes]","args":[{"element-6066-11e4-a52e-4f735466cecf":"f.A224BA6FA6224D464A8F44AD5BF2EA9F.d.1214CECA2000C3BDA7D7011B458392E8.e.25852","ELEMENT":"f.A224BA6FA6224D464A8F44AD5BF2EA9F.d.1214CECA2000C3BDA7D7011B458392E8.e.25852"}]}
RESULT: {"script":"<script> [56 bytes]","args":[{"element-6066-11e4-a52e-4f735466cecf":"f.A224BA6FA6224D464A8F44AD5BF2EA9F.d.1214CECA2000C3BDA7D7011B458392E8.e.25852","ELEMENT":"f.A224BA6FA6224D464A8F44AD5BF2EA9F.d.1214CECA2000C3BDA7D7011B458392E8.e.25852"}]}
COMMAND: POST /session/25c011aa293abf97c7913f308519c6b0/element - {"using":"xpath","value":"//td[@aria-colindex=\"1\"]/div/div[contains(@class, \"sapMCbBg\")]"}
COMMAND: GET /session/25c011aa293abf97c7913f308519c6b0/screenshot - {}
RESULT: {"using":"xpath","value":"//td[@aria-colindex=\"1\"]/div/div[contains(@class, \"sapMCbBg\")]"}
COMMAND: POST /session/25c011aa293abf97c7913f308519c6b0/element/f.A224BA6FA6224D464A8F44AD5BF2EA9F.d.1214CECA2000C3BDA7D7011B458392E8.e.25834/click - {}
RESULT: {}
RESULT: {}
COMMAND: GET /session/25c011aa293abf97c7913f308519c6b0/screenshot - {}
RESULT: {}
COMMAND: POST /session/25c011aa293abf97c7913f308519c6b0/element - {"using":"xpath","value":"//bdi[contains(text(), \"Check\")]"}
RESULT: {"using":"xpath","value":"//bdi[contains(text(), \"Check\")]"}
COMMAND: POST /session/25c011aa293abf97c7913f308519c6b0/element/f.A224BA6FA6224D464A8F44AD5BF2EA9F.d.1214CECA2000C3BDA7D7011B458392E8.e.25853/click - {}
RESULT: {}
COMMAND: GET /session/25c011aa293abf97c7913f308519c6b0/screenshot - {}
RESULT: {}
COMMAND: POST /session/25c011aa293abf97c7913f308519c6b0/element - {"using":"xpath","value":"//bdi[contains(text(), \"OK\")]"}
RESULT: {"using":"xpath","value":"//bdi[contains(text(), \"OK\")]"}
COMMAND: POST /session/25c011aa293abf97c7913f308519c6b0/element/f.A224BA6FA6224D464A8F44AD5BF2EA9F.d.1214CECA2000C3BDA7D7011B458392E8.e.25856/click - {}
RESULT: {}
COMMAND: GET /session/25c011aa293abf97c7913f308519c6b0/screenshot - {}
RESULT: {}
COMMAND: POST /session/25c011aa293abf97c7913f308519c6b0/element - {"using":"xpath","value":"(//span[contains(text(), \"CO/SD checked\")]/parent::div/preceding-sibling::div/span)[1]"}
RESULT: {"using":"xpath","value":"(//span[contains(text(), \"CO/SD checked\")]/parent::div/preceding-sibling::div/span)[1]"}
COMMAND: POST /session/25c011aa293abf97c7913f308519c6b0/element/f.A224BA6FA6224D464A8F44AD5BF2EA9F.d.1214CECA2000C3BDA7D7011B458392E8.e.25857/click - {}
RESULT: {}
COMMAND: GET /session/25c011aa293abf97c7913f308519c6b0/screenshot - {}
RESULT: {}
COMMAND: POST /session/25c011aa293abf97c7913f308519c6b0/element - {"using":"xpath","value":"//input[contains(@id ,\"application-billingtransfer-display-component---billingWorkbench--smartFilterBar-btnBasicSearch\")]"}
RESULT: {"using":"xpath","value":"//input[contains(@id ,\"application-billingtransfer-display-component---billingWorkbench--smartFilterBar-btnBasicSearch\")]"}
COMMAND: POST /session/25c011aa293abf97c7913f308519c6b0/elements - {"using":"xpath","value":"//input[contains(@id ,\"application-billingtransfer-display-component---billingWorkbench--smartFilterBar-btnBasicSearch\")]"}
RESULT: {"using":"xpath","value":"//input[contains(@id ,\"application-billingtransfer-display-component---billingWorkbench--smartFilterBar-btnBasicSearch\")]"}
COMMAND: POST /session/25c011aa293abf97c7913f308519c6b0/execute/sync - {"script":"<script> [8489 bytes]","args":[{"element-6066-11e4-a52e-4f735466cecf":"f.A224BA6FA6224D464A8F44AD5BF2EA9F.d.1214CECA2000C3BDA7D7011B458392E8.e.25747","ELEMENT":"f.A224BA6FA6224D464A8F44AD5BF2EA9F.d.1214CECA2000C3BDA7D7011B458392E8.e.25747"}]}
RESULT: {"script":"<script> [8489 bytes]","args":[{"element-6066-11e4-a52e-4f735466cecf":"f.A224BA6FA6224D464A8F44AD5BF2EA9F.d.1214CECA2000C3BDA7D7011B458392E8.e.25747","ELEMENT":"f.A224BA6FA6224D464A8F44AD5BF2EA9F.d.1214CECA2000C3BDA7D7011B458392E8.e.25747"}]}
COMMAND: GET /session/25c011aa293abf97c7913f308519c6b0/element/f.A224BA6FA6224D464A8F44AD5BF2EA9F.d.1214CECA2000C3BDA7D7011B458392E8.e.25747/enabled - {}
COMMAND: GET /session/25c011aa293abf97c7913f308519c6b0/screenshot - {}
RESULT: {}
COMMAND: POST /session/25c011aa293abf97c7913f308519c6b0/element/f.A224BA6FA6224D464A8F44AD5BF2EA9F.d.1214CECA2000C3BDA7D7011B458392E8.e.25747/click - {}
COMMAND: GET /session/25c011aa293abf97c7913f308519c6b0/screenshot - {}
RESULT: {}
RESULT: {}
COMMAND: GET /session/25c011aa293abf97c7913f308519c6b0/screenshot - {}
RESULT: {}
RESULT: {}
COMMAND: POST /session/25c011aa293abf97c7913f308519c6b0/element/f.A224BA6FA6224D464A8F44AD5BF2EA9F.d.1214CECA2000C3BDA7D7011B458392E8.e.25747/clear - {}
RESULT: {}
COMMAND: POST /session/25c011aa293abf97c7913f308519c6b0/element/f.A224BA6FA6224D464A8F44AD5BF2EA9F.d.1214CECA2000C3BDA7D7011B458392E8.e.25747/value - {"text":"10185"}
COMMAND: GET /session/25c011aa293abf97c7913f308519c6b0/screenshot - {}
RESULT: {"text":"10185"}
COMMAND: POST /session/25c011aa293abf97c7913f308519c6b0/actions - {"actions":[{"id":"action97","type":"key","parameters":{},"actions":[{"type":"keyDown","value":""},{"type":"pause","duration":10},{"type":"keyUp","value":""}]}]}
COMMAND: GET /session/25c011aa293abf97c7913f308519c6b0/screenshot - {}
RESULT: {}
RESULT: {"actions":[{"id":"action97","type":"key","parameters":{},"actions":[{"type":"keyDown","value":""},{"type":"pause","duration":10},{"type":"keyUp","value":""}]}]}
COMMAND: GET /session/25c011aa293abf97c7913f308519c6b0/screenshot - {}
RESULT: {}
RESULT: {}
COMMAND: POST /session/25c011aa293abf97c7913f308519c6b0/element - {"using":"xpath","value":"//span[contains(@id ,\"application-billingtransfer-display-component---billingWorkbench--smartTableBillingRuns-header-inner\")]"}
RESULT: {"using":"xpath","value":"//span[contains(@id ,\"application-billingtransfer-display-component---billingWorkbench--smartTableBillingRuns-header-inner\")]"}
COMMAND: POST /session/25c011aa293abf97c7913f308519c6b0/elements - {"using":"xpath","value":"//span[contains(@id ,\"application-billingtransfer-display-component---billingWorkbench--smartTableBillingRuns-header-inner\")]"}
RESULT: {"using":"xpath","value":"//span[contains(@id ,\"application-billingtransfer-display-component---billingWorkbench--smartTableBillingRuns-header-inner\")]"}
COMMAND: POST /session/25c011aa293abf97c7913f308519c6b0/execute/sync - {"script":"<script> [56 bytes]","args":[{"element-6066-11e4-a52e-4f735466cecf":"f.A224BA6FA6224D464A8F44AD5BF2EA9F.d.1214CECA2000C3BDA7D7011B458392E8.e.25852","ELEMENT":"f.A224BA6FA6224D464A8F44AD5BF2EA9F.d.1214CECA2000C3BDA7D7011B458392E8.e.25852"}]}
RESULT: {"script":"<script> [56 bytes]","args":[{"element-6066-11e4-a52e-4f735466cecf":"f.A224BA6FA6224D464A8F44AD5BF2EA9F.d.1214CECA2000C3BDA7D7011B458392E8.e.25852","ELEMENT":"f.A224BA6FA6224D464A8F44AD5BF2EA9F.d.1214CECA2000C3BDA7D7011B458392E8.e.25852"}]}
COMMAND: POST /session/25c011aa293abf97c7913f308519c6b0/element - {"using":"xpath","value":"//td[@aria-colindex=\"1\"]/div/div[contains(@class, \"sapMCbBg\")]"}
COMMAND: GET /session/25c011aa293abf97c7913f308519c6b0/screenshot - {}
RESULT: {"using":"xpath","value":"//td[@aria-colindex=\"1\"]/div/div[contains(@class, \"sapMCbBg\")]"}
COMMAND: POST /session/25c011aa293abf97c7913f308519c6b0/element/f.A224BA6FA6224D464A8F44AD5BF2EA9F.d.1214CECA2000C3BDA7D7011B458392E8.e.25861/click - {}
RESULT: {}
RESULT: {}
COMMAND: GET /session/25c011aa293abf97c7913f308519c6b0/screenshot - {}
RESULT: {}
COMMAND: POST /session/25c011aa293abf97c7913f308519c6b0/element - {"using":"xpath","value":"//bdi[text()=\"Transfer\"]"}
RESULT: {"using":"xpath","value":"//bdi[text()=\"Transfer\"]"}
COMMAND: POST /session/25c011aa293abf97c7913f308519c6b0/element/f.A224BA6FA6224D464A8F44AD5BF2EA9F.d.1214CECA2000C3BDA7D7011B458392E8.e.25862/click - {}
RESULT: {}
COMMAND: GET /session/25c011aa293abf97c7913f308519c6b0/screenshot - {}
RESULT: {}
COMMAND: POST /session/25c011aa293abf97c7913f308519c6b0/element - {"using":"xpath","value":"//bdi[contains(text(), \"OK\")]"}
RESULT: {"using":"xpath","value":"//bdi[contains(text(), \"OK\")]"}
COMMAND: POST /session/25c011aa293abf97c7913f308519c6b0/element/f.A224BA6FA6224D464A8F44AD5BF2EA9F.d.1214CECA2000C3BDA7D7011B458392E8.e.25865/click - {}
RESULT: {}
COMMAND: GET /session/25c011aa293abf97c7913f308519c6b0/screenshot - {}
RESULT: {}
COMMAND: POST /session/25c011aa293abf97c7913f308519c6b0/element - {"using":"xpath","value":"(//span[contains(text(), \"Completed\")]/parent::div/preceding-sibling::div/span)[1]"}
RESULT: {"using":"xpath","value":"(//span[contains(text(), \"Completed\")]/parent::div/preceding-sibling::div/span)[1]"}
COMMAND: POST /session/25c011aa293abf97c7913f308519c6b0/element/f.A224BA6FA6224D464A8F44AD5BF2EA9F.d.1214CECA2000C3BDA7D7011B458392E8.e.25878/click - {}
RESULT: {}
COMMAND: POST /session/25c011aa293abf97c7913f308519c6b0/element - {"using":"xpath","value":"//input[contains(@id ,\"application-billingtransfer-display-component---billingWorkbench--smartFilterBar-btnBasicSearch\")]"}
COMMAND: GET /session/25c011aa293abf97c7913f308519c6b0/screenshot - {}
RESULT: {"using":"xpath","value":"//input[contains(@id ,\"application-billingtransfer-display-component---billingWorkbench--smartFilterBar-btnBasicSearch\")]"}
COMMAND: POST /session/25c011aa293abf97c7913f308519c6b0/elements - {"using":"xpath","value":"//input[contains(@id ,\"application-billingtransfer-display-component---billingWorkbench--smartFilterBar-btnBasicSearch\")]"}
RESULT: {}
RESULT: {"using":"xpath","value":"//input[contains(@id ,\"application-billingtransfer-display-component---billingWorkbench--smartFilterBar-btnBasicSearch\")]"}
COMMAND: POST /session/25c011aa293abf97c7913f308519c6b0/execute/sync - {"script":"<script> [8489 bytes]","args":[{"element-6066-11e4-a52e-4f735466cecf":"f.A224BA6FA6224D464A8F44AD5BF2EA9F.d.1214CECA2000C3BDA7D7011B458392E8.e.25747","ELEMENT":"f.A224BA6FA6224D464A8F44AD5BF2EA9F.d.1214CECA2000C3BDA7D7011B458392E8.e.25747"}]}
RESULT: {"script":"<script> [8489 bytes]","args":[{"element-6066-11e4-a52e-4f735466cecf":"f.A224BA6FA6224D464A8F44AD5BF2EA9F.d.1214CECA2000C3BDA7D7011B458392E8.e.25747","ELEMENT":"f.A224BA6FA6224D464A8F44AD5BF2EA9F.d.1214CECA2000C3BDA7D7011B458392E8.e.25747"}]}
COMMAND: GET /session/25c011aa293abf97c7913f308519c6b0/element/f.A224BA6FA6224D464A8F44AD5BF2EA9F.d.1214CECA2000C3BDA7D7011B458392E8.e.25747/enabled - {}
COMMAND: GET /session/25c011aa293abf97c7913f308519c6b0/screenshot - {}
RESULT: {}
COMMAND: POST /session/25c011aa293abf97c7913f308519c6b0/element/f.A224BA6FA6224D464A8F44AD5BF2EA9F.d.1214CECA2000C3BDA7D7011B458392E8.e.25747/click - {}
COMMAND: GET /session/25c011aa293abf97c7913f308519c6b0/screenshot - {}
RESULT: {}
RESULT: {}
COMMAND: GET /session/25c011aa293abf97c7913f308519c6b0/screenshot - {}
RESULT: {}
RESULT: {}
COMMAND: POST /session/25c011aa293abf97c7913f308519c6b0/element/f.A224BA6FA6224D464A8F44AD5BF2EA9F.d.1214CECA2000C3BDA7D7011B458392E8.e.25747/clear - {}
RESULT: {}
COMMAND: POST /session/25c011aa293abf97c7913f308519c6b0/element/f.A224BA6FA6224D464A8F44AD5BF2EA9F.d.1214CECA2000C3BDA7D7011B458392E8.e.25747/value - {"text":"10185"}
COMMAND: GET /session/25c011aa293abf97c7913f308519c6b0/screenshot - {}
RESULT: {"text":"10185"}
COMMAND: POST /session/25c011aa293abf97c7913f308519c6b0/actions - {"actions":[{"id":"action98","type":"key","parameters":{},"actions":[{"type":"keyDown","value":""},{"type":"pause","duration":10},{"type":"keyUp","value":""}]}]}
COMMAND: GET /session/25c011aa293abf97c7913f308519c6b0/screenshot - {}
RESULT: {}
RESULT: {"actions":[{"id":"action98","type":"key","parameters":{},"actions":[{"type":"keyDown","value":""},{"type":"pause","duration":10},{"type":"keyUp","value":""}]}]}
COMMAND: GET /session/25c011aa293abf97c7913f308519c6b0/screenshot - {}
RESULT: {}
RESULT: {}
COMMAND: POST /session/25c011aa293abf97c7913f308519c6b0/element - {"using":"xpath","value":"//span[contains(@id ,\"application-billingtransfer-display-component---billingWorkbench--smartTableBillingRuns-header-inner\")]"}
RESULT: {"using":"xpath","value":"//span[contains(@id ,\"application-billingtransfer-display-component---billingWorkbench--smartTableBillingRuns-header-inner\")]"}
COMMAND: POST /session/25c011aa293abf97c7913f308519c6b0/elements - {"using":"xpath","value":"//span[contains(@id ,\"application-billingtransfer-display-component---billingWorkbench--smartTableBillingRuns-header-inner\")]"}
RESULT: {"using":"xpath","value":"//span[contains(@id ,\"application-billingtransfer-display-component---billingWorkbench--smartTableBillingRuns-header-inner\")]"}
COMMAND: POST /session/25c011aa293abf97c7913f308519c6b0/execute/sync - {"script":"<script> [56 bytes]","args":[{"element-6066-11e4-a52e-4f735466cecf":"f.A224BA6FA6224D464A8F44AD5BF2EA9F.d.1214CECA2000C3BDA7D7011B458392E8.e.25852","ELEMENT":"f.A224BA6FA6224D464A8F44AD5BF2EA9F.d.1214CECA2000C3BDA7D7011B458392E8.e.25852"}]}
RESULT: {"script":"<script> [56 bytes]","args":[{"element-6066-11e4-a52e-4f735466cecf":"f.A224BA6FA6224D464A8F44AD5BF2EA9F.d.1214CECA2000C3BDA7D7011B458392E8.e.25852","ELEMENT":"f.A224BA6FA6224D464A8F44AD5BF2EA9F.d.1214CECA2000C3BDA7D7011B458392E8.e.25852"}]}
COMMAND: POST /session/25c011aa293abf97c7913f308519c6b0/element - {"using":"css selector","value":"#shell-header-logo"}
COMMAND: GET /session/25c011aa293abf97c7913f308519c6b0/screenshot - {}
RESULT: {"using":"css selector","value":"#shell-header-logo"}
COMMAND: POST /session/25c011aa293abf97c7913f308519c6b0/element/f.A224BA6FA6224D464A8F44AD5BF2EA9F.d.1214CECA2000C3BDA7D7011B458392E8.e.25745/click - {}
RESULT: {}
RESULT: {}
COMMAND: GET /session/25c011aa293abf97c7913f308519c6b0/screenshot - {}
RESULT: {}
]]></system-out>
    </testcase>
    <testcase classname="chrome.137_0_7151_69.windows.Billing_Calculation_-_Time_based_(considering_transport_times)_US139738" name="Should navigate to the contract item check the billed until field value" time="54.204">
      <system-out><![CDATA[
RESULT: undefined
COMMAND: POST /session/25c011aa293abf97c7913f308519c6b0/element - {"using":"xpath","value":"//*[@id=\"__tile132\"]"}
RESULT: {"using":"xpath","value":"//*[@id=\"__tile132\"]"}
COMMAND: POST /session/25c011aa293abf97c7913f308519c6b0/element/f.A224BA6FA6224D464A8F44AD5BF2EA9F.d.1214CECA2000C3BDA7D7011B458392E8.e.18882/click - {}
RESULT: {}
COMMAND: GET /session/25c011aa293abf97c7913f308519c6b0/screenshot - {}
RESULT: {}
COMMAND: POST /session/25c011aa293abf97c7913f308519c6b0/elements - {"using":"xpath","value":"//span[text()='Error']"}
RESULT: {"using":"xpath","value":"//span[text()='Error']"}
COMMAND: POST /session/25c011aa293abf97c7913f308519c6b0/element - {"using":"xpath","value":"//button[@data-kt=\"addButton\"]"}
RESULT: {"using":"xpath","value":"//button[@data-kt=\"addButton\"]"}
COMMAND: POST /session/25c011aa293abf97c7913f308519c6b0/elements - {"using":"xpath","value":"//button[@data-kt=\"addButton\"]"}
RESULT: {"using":"xpath","value":"//button[@data-kt=\"addButton\"]"}
COMMAND: POST /session/25c011aa293abf97c7913f308519c6b0/execute/sync - {"script":"<script> [8489 bytes]","args":[{"element-6066-11e4-a52e-4f735466cecf":"f.A224BA6FA6224D464A8F44AD5BF2EA9F.d.1214CECA2000C3BDA7D7011B458392E8.e.25920","ELEMENT":"f.A224BA6FA6224D464A8F44AD5BF2EA9F.d.1214CECA2000C3BDA7D7011B458392E8.e.25920"}]}
RESULT: {"script":"<script> [8489 bytes]","args":[{"element-6066-11e4-a52e-4f735466cecf":"f.A224BA6FA6224D464A8F44AD5BF2EA9F.d.1214CECA2000C3BDA7D7011B458392E8.e.25920","ELEMENT":"f.A224BA6FA6224D464A8F44AD5BF2EA9F.d.1214CECA2000C3BDA7D7011B458392E8.e.25920"}]}
COMMAND: GET /session/25c011aa293abf97c7913f308519c6b0/element/f.A224BA6FA6224D464A8F44AD5BF2EA9F.d.1214CECA2000C3BDA7D7011B458392E8.e.25920/enabled - {}
COMMAND: GET /session/25c011aa293abf97c7913f308519c6b0/screenshot - {}
RESULT: {}
COMMAND: POST /session/25c011aa293abf97c7913f308519c6b0/execute/sync - {"script":"<script> [8489 bytes]","args":[{"element-6066-11e4-a52e-4f735466cecf":"f.A224BA6FA6224D464A8F44AD5BF2EA9F.d.1214CECA2000C3BDA7D7011B458392E8.e.25920","ELEMENT":"f.A224BA6FA6224D464A8F44AD5BF2EA9F.d.1214CECA2000C3BDA7D7011B458392E8.e.25920"}]}
COMMAND: GET /session/25c011aa293abf97c7913f308519c6b0/screenshot - {}
RESULT: {}
RESULT: {"script":"<script> [8489 bytes]","args":[{"element-6066-11e4-a52e-4f735466cecf":"f.A224BA6FA6224D464A8F44AD5BF2EA9F.d.1214CECA2000C3BDA7D7011B458392E8.e.25920","ELEMENT":"f.A224BA6FA6224D464A8F44AD5BF2EA9F.d.1214CECA2000C3BDA7D7011B458392E8.e.25920"}]}
COMMAND: POST /session/25c011aa293abf97c7913f308519c6b0/execute/sync - {"script":"<script> [5351 bytes]","args":[{"element-6066-11e4-a52e-4f735466cecf":"f.A224BA6FA6224D464A8F44AD5BF2EA9F.d.1214CECA2000C3BDA7D7011B458392E8.e.25920","ELEMENT":"f.A224BA6FA6224D464A8F44AD5BF2EA9F.d.1214CECA2000C3BDA7D7011B458392E8.e.25920"}]}
COMMAND: GET /session/25c011aa293abf97c7913f308519c6b0/screenshot - {}
RESULT: {}
RESULT: {"script":"<script> [5351 bytes]","args":[{"element-6066-11e4-a52e-4f735466cecf":"f.A224BA6FA6224D464A8F44AD5BF2EA9F.d.1214CECA2000C3BDA7D7011B458392E8.e.25920","ELEMENT":"f.A224BA6FA6224D464A8F44AD5BF2EA9F.d.1214CECA2000C3BDA7D7011B458392E8.e.25920"}]}
COMMAND: POST /session/25c011aa293abf97c7913f308519c6b0/element - {"using":"xpath","value":"//input[contains(@id ,\"smartContractFilterBar-btnBasicSearch-I\")]"}
COMMAND: GET /session/25c011aa293abf97c7913f308519c6b0/screenshot - {}
RESULT: {}
RESULT: {"using":"xpath","value":"//input[contains(@id ,\"smartContractFilterBar-btnBasicSearch-I\")]"}
COMMAND: POST /session/25c011aa293abf97c7913f308519c6b0/elements - {"using":"xpath","value":"//input[contains(@id ,\"smartContractFilterBar-btnBasicSearch-I\")]"}
RESULT: {}
RESULT: {"using":"xpath","value":"//input[contains(@id ,\"smartContractFilterBar-btnBasicSearch-I\")]"}
COMMAND: POST /session/25c011aa293abf97c7913f308519c6b0/execute/sync - {"script":"<script> [8489 bytes]","args":[{"element-6066-11e4-a52e-4f735466cecf":"f.A224BA6FA6224D464A8F44AD5BF2EA9F.d.1214CECA2000C3BDA7D7011B458392E8.e.25895","ELEMENT":"f.A224BA6FA6224D464A8F44AD5BF2EA9F.d.1214CECA2000C3BDA7D7011B458392E8.e.25895"}]}
RESULT: {"script":"<script> [8489 bytes]","args":[{"element-6066-11e4-a52e-4f735466cecf":"f.A224BA6FA6224D464A8F44AD5BF2EA9F.d.1214CECA2000C3BDA7D7011B458392E8.e.25895","ELEMENT":"f.A224BA6FA6224D464A8F44AD5BF2EA9F.d.1214CECA2000C3BDA7D7011B458392E8.e.25895"}]}
COMMAND: GET /session/25c011aa293abf97c7913f308519c6b0/element/f.A224BA6FA6224D464A8F44AD5BF2EA9F.d.1214CECA2000C3BDA7D7011B458392E8.e.25895/enabled - {}
COMMAND: GET /session/25c011aa293abf97c7913f308519c6b0/screenshot - {}
RESULT: {}
COMMAND: POST /session/25c011aa293abf97c7913f308519c6b0/element/f.A224BA6FA6224D464A8F44AD5BF2EA9F.d.1214CECA2000C3BDA7D7011B458392E8.e.25895/clear - {}
COMMAND: GET /session/25c011aa293abf97c7913f308519c6b0/screenshot - {}
RESULT: {}
RESULT: {}
COMMAND: POST /session/25c011aa293abf97c7913f308519c6b0/element/f.A224BA6FA6224D464A8F44AD5BF2EA9F.d.1214CECA2000C3BDA7D7011B458392E8.e.25895/value - {"text":"10185"}
COMMAND: GET /session/25c011aa293abf97c7913f308519c6b0/screenshot - {}
RESULT: {}
RESULT: {"text":"10185"}
COMMAND: GET /session/25c011aa293abf97c7913f308519c6b0/screenshot - {}
RESULT: {}
RESULT: {}
COMMAND: POST /session/25c011aa293abf97c7913f308519c6b0/actions - {"actions":[{"id":"action99","type":"key","parameters":{},"actions":[{"type":"keyDown","value":""},{"type":"pause","duration":10},{"type":"keyUp","value":""}]}]}
RESULT: {"actions":[{"id":"action99","type":"key","parameters":{},"actions":[{"type":"keyDown","value":""},{"type":"pause","duration":10},{"type":"keyUp","value":""}]}]}
COMMAND: GET /session/25c011aa293abf97c7913f308519c6b0/screenshot - {}
RESULT: {}
COMMAND: POST /session/25c011aa293abf97c7913f308519c6b0/element - {"using":"xpath","value":"//span[contains(@id, \"masterListContractsSmartTable-header-inner\")]"}
RESULT: {"using":"xpath","value":"//span[contains(@id, \"masterListContractsSmartTable-header-inner\")]"}
COMMAND: POST /session/25c011aa293abf97c7913f308519c6b0/elements - {"using":"xpath","value":"//span[contains(@id, \"masterListContractsSmartTable-header-inner\")]"}
RESULT: {"using":"xpath","value":"//span[contains(@id, \"masterListContractsSmartTable-header-inner\")]"}
COMMAND: POST /session/25c011aa293abf97c7913f308519c6b0/execute/sync - {"script":"<script> [56 bytes]","args":[{"element-6066-11e4-a52e-4f735466cecf":"f.A224BA6FA6224D464A8F44AD5BF2EA9F.d.1214CECA2000C3BDA7D7011B458392E8.e.26000","ELEMENT":"f.A224BA6FA6224D464A8F44AD5BF2EA9F.d.1214CECA2000C3BDA7D7011B458392E8.e.26000"}]}
RESULT: {"script":"<script> [56 bytes]","args":[{"element-6066-11e4-a52e-4f735466cecf":"f.A224BA6FA6224D464A8F44AD5BF2EA9F.d.1214CECA2000C3BDA7D7011B458392E8.e.26000","ELEMENT":"f.A224BA6FA6224D464A8F44AD5BF2EA9F.d.1214CECA2000C3BDA7D7011B458392E8.e.26000"}]}
COMMAND: POST /session/25c011aa293abf97c7913f308519c6b0/element - {"using":"xpath","value":"(//span[contains(@id, \"imgNav\")])[1]"}
COMMAND: GET /session/25c011aa293abf97c7913f308519c6b0/screenshot - {}
RESULT: {"using":"xpath","value":"(//span[contains(@id, \"imgNav\")])[1]"}
COMMAND: POST /session/25c011aa293abf97c7913f308519c6b0/element/f.A224BA6FA6224D464A8F44AD5BF2EA9F.d.1214CECA2000C3BDA7D7011B458392E8.e.25998/click - {}
RESULT: {}
RESULT: {}
COMMAND: GET /session/25c011aa293abf97c7913f308519c6b0/screenshot - {}
RESULT: {}
COMMAND: POST /session/25c011aa293abf97c7913f308519c6b0/element - {"using":"xpath","value":"//tr[@data-kt=\"productsColumnListItem\"]//td//span[contains(@id, \"imgNav\")][1]"}
RESULT: {"using":"xpath","value":"//tr[@data-kt=\"productsColumnListItem\"]//td//span[contains(@id, \"imgNav\")][1]"}
COMMAND: POST /session/25c011aa293abf97c7913f308519c6b0/element/f.A224BA6FA6224D464A8F44AD5BF2EA9F.d.1214CECA2000C3BDA7D7011B458392E8.e.26170/click - {}
RESULT: {}
COMMAND: GET /session/25c011aa293abf97c7913f308519c6b0/screenshot - {}
RESULT: {}
COMMAND: POST /session/25c011aa293abf97c7913f308519c6b0/element - {"using":"xpath","value":"//section[contains(@id, \"application-managecontracts-display-component---BillingItem--ObjectPageLayout-OPHeaderContent\")]/div/div/div/div/div[2]/div/div[2]/span"}
RESULT: {"using":"xpath","value":"//section[contains(@id, \"application-managecontracts-display-component---BillingItem--ObjectPageLayout-OPHeaderContent\")]/div/div/div/div/div[2]/div/div[2]/span"}
COMMAND: POST /session/25c011aa293abf97c7913f308519c6b0/execute/sync - {"script":"<script> [56 bytes]","args":[{"element-6066-11e4-a52e-4f735466cecf":"f.A224BA6FA6224D464A8F44AD5BF2EA9F.d.1214CECA2000C3BDA7D7011B458392E8.e.26299","ELEMENT":"f.A224BA6FA6224D464A8F44AD5BF2EA9F.d.1214CECA2000C3BDA7D7011B458392E8.e.26299"}]}
RESULT: {"script":"<script> [56 bytes]","args":[{"element-6066-11e4-a52e-4f735466cecf":"f.A224BA6FA6224D464A8F44AD5BF2EA9F.d.1214CECA2000C3BDA7D7011B458392E8.e.26299","ELEMENT":"f.A224BA6FA6224D464A8F44AD5BF2EA9F.d.1214CECA2000C3BDA7D7011B458392E8.e.26299"}]}
COMMAND: POST /session/25c011aa293abf97c7913f308519c6b0/element - {"using":"xpath","value":"//table[contains(@id, \"application-managecontracts-display-component---BillingItem--billingList-listUl\")]//td//*[contains(text(), \"final billed\")]"}
COMMAND: GET /session/25c011aa293abf97c7913f308519c6b0/screenshot - {}
RESULT: {"using":"xpath","value":"//table[contains(@id, \"application-managecontracts-display-component---BillingItem--billingList-listUl\")]//td//*[contains(text(), \"final billed\")]"}
COMMAND: POST /session/25c011aa293abf97c7913f308519c6b0/execute/sync - {"script":"<script> [56 bytes]","args":[{"element-6066-11e4-a52e-4f735466cecf":"f.A224BA6FA6224D464A8F44AD5BF2EA9F.d.1214CECA2000C3BDA7D7011B458392E8.e.26300","ELEMENT":"f.A224BA6FA6224D464A8F44AD5BF2EA9F.d.1214CECA2000C3BDA7D7011B458392E8.e.26300"}]}
RESULT: {}
RESULT: {"script":"<script> [56 bytes]","args":[{"element-6066-11e4-a52e-4f735466cecf":"f.A224BA6FA6224D464A8F44AD5BF2EA9F.d.1214CECA2000C3BDA7D7011B458392E8.e.26300","ELEMENT":"f.A224BA6FA6224D464A8F44AD5BF2EA9F.d.1214CECA2000C3BDA7D7011B458392E8.e.26300"}]}
COMMAND: POST /session/25c011aa293abf97c7913f308519c6b0/element - {"using":"css selector","value":"#shell-header-logo"}
COMMAND: GET /session/25c011aa293abf97c7913f308519c6b0/screenshot - {}
RESULT: {"using":"css selector","value":"#shell-header-logo"}
COMMAND: POST /session/25c011aa293abf97c7913f308519c6b0/element/f.A224BA6FA6224D464A8F44AD5BF2EA9F.d.1214CECA2000C3BDA7D7011B458392E8.e.25886/click - {}
RESULT: {}
RESULT: {}
COMMAND: GET /session/25c011aa293abf97c7913f308519c6b0/screenshot - {}
RESULT: {}
COMMAND: DELETE /session/25c011aa293abf97c7913f308519c6b0 - {}
RESULT: {}
]]></system-out>
    </testcase>
  </testsuite>
</testsuites>