<?xml version="1.0" encoding="UTF-8"?>
<testsuites tests="9" failures="5" errors="5" skipped="0">
  <testsuite timestamp="2025-05-13T17:57:25" time="805.056" tests="9" failures="5" errors="5" skipped="0">
    <properties>
      <property name="specId" value="0" />
      <property name="suiteName" value="Tests for Mass State Change on Manage States &amp; Performances US104416 US" />
      <property name="capabilities" value="chrome.136_0_7103_49.windows" />
      <property name="file" value="file:///D:/a/1/s/test/specs/HTR/create-mass-state-change.spec.js" />
    </properties>
    <testcase classname="chrome.136_0_7103_49.windows.Tests_for_Mass_State_Change_on_Manage_States_&amp;_Performances_US104416_US" name="Prereq Should create a new yard used for all following tests" time="125.017">
      <system-out><![CDATA[
COMMAND: POST /session/e5e3624079c08a1be99b29f3829b56f3/window/fullscreen - {}
RESULT: {}
COMMAND: POST /session/e5e3624079c08a1be99b29f3829b56f3/execute/async - {"script":"<script> [1562 bytes]","args":[{"selector":{"controlType":"sap.m.GenericTile","properties":{"header":"Manage Yards"}},"wdio_ui5_key":"sapm.GenericTile{\"header\":\"Manage Yards\"}"}]}
RESULT: {"script":"<script> [1562 bytes]","args":[{"selector":{"controlType":"sap.m.GenericTile","properties":{"header":"Manage Yards"}},"wdio_ui5_key":"sapm.GenericTile{\"header\":\"Manage Yards\"}"}]}
RESULT: undefined
COMMAND: POST /session/e5e3624079c08a1be99b29f3829b56f3/element - {"using":"xpath","value":"//*[@id=\"__tile41\"]"}
RESULT: {"using":"xpath","value":"//*[@id=\"__tile41\"]"}
COMMAND: POST /session/e5e3624079c08a1be99b29f3829b56f3/element/f.D9CBB32AE30EEC5AA9D03D761CDFE0B0.d.22FDA5BF47CCBA89497B1D8FA93A1EAB.e.160/click - {}
RESULT: {}
COMMAND: POST /session/e5e3624079c08a1be99b29f3829b56f3/element - {"using":"xpath","value":"//button[@data-kt=\"addNewYardOverflowToolbarButton\"]"}
COMMAND: GET /session/e5e3624079c08a1be99b29f3829b56f3/screenshot - {}
RESULT: {"using":"xpath","value":"//button[@data-kt=\"addNewYardOverflowToolbarButton\"]"}
COMMAND: POST /session/e5e3624079c08a1be99b29f3829b56f3/elements - {"using":"xpath","value":"//button[@data-kt=\"addNewYardOverflowToolbarButton\"]"}
RESULT: {}
RESULT: {"using":"xpath","value":"//button[@data-kt=\"addNewYardOverflowToolbarButton\"]"}
COMMAND: POST /session/e5e3624079c08a1be99b29f3829b56f3/elements - {"using":"xpath","value":"//button[@data-kt=\"addNewYardOverflowToolbarButton\"]"}
RESULT: {"using":"xpath","value":"//button[@data-kt=\"addNewYardOverflowToolbarButton\"]"}
COMMAND: POST /session/e5e3624079c08a1be99b29f3829b56f3/elements - {"using":"xpath","value":"//button[@data-kt=\"addNewYardOverflowToolbarButton\"]"}
RESULT: {"using":"xpath","value":"//button[@data-kt=\"addNewYardOverflowToolbarButton\"]"}
COMMAND: POST /session/e5e3624079c08a1be99b29f3829b56f3/elements - {"using":"xpath","value":"//button[@data-kt=\"addNewYardOverflowToolbarButton\"]"}
RESULT: {"using":"xpath","value":"//button[@data-kt=\"addNewYardOverflowToolbarButton\"]"}
COMMAND: POST /session/e5e3624079c08a1be99b29f3829b56f3/elements - {"using":"xpath","value":"//button[@data-kt=\"addNewYardOverflowToolbarButton\"]"}
RESULT: {"using":"xpath","value":"//button[@data-kt=\"addNewYardOverflowToolbarButton\"]"}
COMMAND: POST /session/e5e3624079c08a1be99b29f3829b56f3/elements - {"using":"xpath","value":"//button[@data-kt=\"addNewYardOverflowToolbarButton\"]"}
RESULT: {"using":"xpath","value":"//button[@data-kt=\"addNewYardOverflowToolbarButton\"]"}
COMMAND: POST /session/e5e3624079c08a1be99b29f3829b56f3/elements - {"using":"xpath","value":"//button[@data-kt=\"addNewYardOverflowToolbarButton\"]"}
RESULT: {"using":"xpath","value":"//button[@data-kt=\"addNewYardOverflowToolbarButton\"]"}
COMMAND: POST /session/e5e3624079c08a1be99b29f3829b56f3/elements - {"using":"xpath","value":"//button[@data-kt=\"addNewYardOverflowToolbarButton\"]"}
RESULT: {"using":"xpath","value":"//button[@data-kt=\"addNewYardOverflowToolbarButton\"]"}
COMMAND: POST /session/e5e3624079c08a1be99b29f3829b56f3/elements - {"using":"xpath","value":"//button[@data-kt=\"addNewYardOverflowToolbarButton\"]"}
RESULT: {"using":"xpath","value":"//button[@data-kt=\"addNewYardOverflowToolbarButton\"]"}
COMMAND: POST /session/e5e3624079c08a1be99b29f3829b56f3/elements - {"using":"xpath","value":"//button[@data-kt=\"addNewYardOverflowToolbarButton\"]"}
RESULT: {"using":"xpath","value":"//button[@data-kt=\"addNewYardOverflowToolbarButton\"]"}
COMMAND: POST /session/e5e3624079c08a1be99b29f3829b56f3/elements - {"using":"xpath","value":"//button[@data-kt=\"addNewYardOverflowToolbarButton\"]"}
RESULT: {"using":"xpath","value":"//button[@data-kt=\"addNewYardOverflowToolbarButton\"]"}
COMMAND: POST /session/e5e3624079c08a1be99b29f3829b56f3/elements - {"using":"xpath","value":"//button[@data-kt=\"addNewYardOverflowToolbarButton\"]"}
RESULT: {"using":"xpath","value":"//button[@data-kt=\"addNewYardOverflowToolbarButton\"]"}
COMMAND: POST /session/e5e3624079c08a1be99b29f3829b56f3/elements - {"using":"xpath","value":"//button[@data-kt=\"addNewYardOverflowToolbarButton\"]"}
RESULT: {"using":"xpath","value":"//button[@data-kt=\"addNewYardOverflowToolbarButton\"]"}
COMMAND: POST /session/e5e3624079c08a1be99b29f3829b56f3/elements - {"using":"xpath","value":"//button[@data-kt=\"addNewYardOverflowToolbarButton\"]"}
RESULT: {"using":"xpath","value":"//button[@data-kt=\"addNewYardOverflowToolbarButton\"]"}
COMMAND: POST /session/e5e3624079c08a1be99b29f3829b56f3/elements - {"using":"xpath","value":"//button[@data-kt=\"addNewYardOverflowToolbarButton\"]"}
RESULT: {"using":"xpath","value":"//button[@data-kt=\"addNewYardOverflowToolbarButton\"]"}
COMMAND: POST /session/e5e3624079c08a1be99b29f3829b56f3/elements - {"using":"xpath","value":"//button[@data-kt=\"addNewYardOverflowToolbarButton\"]"}
RESULT: {"using":"xpath","value":"//button[@data-kt=\"addNewYardOverflowToolbarButton\"]"}
COMMAND: POST /session/e5e3624079c08a1be99b29f3829b56f3/elements - {"using":"xpath","value":"//button[@data-kt=\"addNewYardOverflowToolbarButton\"]"}
RESULT: {"using":"xpath","value":"//button[@data-kt=\"addNewYardOverflowToolbarButton\"]"}
COMMAND: POST /session/e5e3624079c08a1be99b29f3829b56f3/elements - {"using":"xpath","value":"//button[@data-kt=\"addNewYardOverflowToolbarButton\"]"}
RESULT: {"using":"xpath","value":"//button[@data-kt=\"addNewYardOverflowToolbarButton\"]"}
COMMAND: POST /session/e5e3624079c08a1be99b29f3829b56f3/elements - {"using":"xpath","value":"//button[@data-kt=\"addNewYardOverflowToolbarButton\"]"}
RESULT: {"using":"xpath","value":"//button[@data-kt=\"addNewYardOverflowToolbarButton\"]"}
COMMAND: POST /session/e5e3624079c08a1be99b29f3829b56f3/elements - {"using":"xpath","value":"//button[@data-kt=\"addNewYardOverflowToolbarButton\"]"}
RESULT: {"using":"xpath","value":"//button[@data-kt=\"addNewYardOverflowToolbarButton\"]"}
COMMAND: POST /session/e5e3624079c08a1be99b29f3829b56f3/elements - {"using":"xpath","value":"//button[@data-kt=\"addNewYardOverflowToolbarButton\"]"}
RESULT: {"using":"xpath","value":"//button[@data-kt=\"addNewYardOverflowToolbarButton\"]"}
COMMAND: POST /session/e5e3624079c08a1be99b29f3829b56f3/elements - {"using":"xpath","value":"//button[@data-kt=\"addNewYardOverflowToolbarButton\"]"}
RESULT: {"using":"xpath","value":"//button[@data-kt=\"addNewYardOverflowToolbarButton\"]"}
COMMAND: POST /session/e5e3624079c08a1be99b29f3829b56f3/elements - {"using":"xpath","value":"//button[@data-kt=\"addNewYardOverflowToolbarButton\"]"}
RESULT: {"using":"xpath","value":"//button[@data-kt=\"addNewYardOverflowToolbarButton\"]"}
COMMAND: POST /session/e5e3624079c08a1be99b29f3829b56f3/elements - {"using":"xpath","value":"//button[@data-kt=\"addNewYardOverflowToolbarButton\"]"}
RESULT: {"using":"xpath","value":"//button[@data-kt=\"addNewYardOverflowToolbarButton\"]"}
COMMAND: POST /session/e5e3624079c08a1be99b29f3829b56f3/elements - {"using":"xpath","value":"//button[@data-kt=\"addNewYardOverflowToolbarButton\"]"}
RESULT: {"using":"xpath","value":"//button[@data-kt=\"addNewYardOverflowToolbarButton\"]"}
COMMAND: POST /session/e5e3624079c08a1be99b29f3829b56f3/elements - {"using":"xpath","value":"//button[@data-kt=\"addNewYardOverflowToolbarButton\"]"}
RESULT: {"using":"xpath","value":"//button[@data-kt=\"addNewYardOverflowToolbarButton\"]"}
COMMAND: POST /session/e5e3624079c08a1be99b29f3829b56f3/elements - {"using":"xpath","value":"//button[@data-kt=\"addNewYardOverflowToolbarButton\"]"}
RESULT: {"using":"xpath","value":"//button[@data-kt=\"addNewYardOverflowToolbarButton\"]"}
COMMAND: POST /session/e5e3624079c08a1be99b29f3829b56f3/elements - {"using":"xpath","value":"//button[@data-kt=\"addNewYardOverflowToolbarButton\"]"}
RESULT: {"using":"xpath","value":"//button[@data-kt=\"addNewYardOverflowToolbarButton\"]"}
COMMAND: POST /session/e5e3624079c08a1be99b29f3829b56f3/elements - {"using":"xpath","value":"//button[@data-kt=\"addNewYardOverflowToolbarButton\"]"}
RESULT: {"using":"xpath","value":"//button[@data-kt=\"addNewYardOverflowToolbarButton\"]"}
COMMAND: POST /session/e5e3624079c08a1be99b29f3829b56f3/elements - {"using":"xpath","value":"//button[@data-kt=\"addNewYardOverflowToolbarButton\"]"}
RESULT: {"using":"xpath","value":"//button[@data-kt=\"addNewYardOverflowToolbarButton\"]"}
COMMAND: POST /session/e5e3624079c08a1be99b29f3829b56f3/elements - {"using":"xpath","value":"//button[@data-kt=\"addNewYardOverflowToolbarButton\"]"}
RESULT: {"using":"xpath","value":"//button[@data-kt=\"addNewYardOverflowToolbarButton\"]"}
COMMAND: POST /session/e5e3624079c08a1be99b29f3829b56f3/elements - {"using":"xpath","value":"//button[@data-kt=\"addNewYardOverflowToolbarButton\"]"}
RESULT: {"using":"xpath","value":"//button[@data-kt=\"addNewYardOverflowToolbarButton\"]"}
COMMAND: POST /session/e5e3624079c08a1be99b29f3829b56f3/elements - {"using":"xpath","value":"//button[@data-kt=\"addNewYardOverflowToolbarButton\"]"}
RESULT: {"using":"xpath","value":"//button[@data-kt=\"addNewYardOverflowToolbarButton\"]"}
COMMAND: POST /session/e5e3624079c08a1be99b29f3829b56f3/elements - {"using":"xpath","value":"//button[@data-kt=\"addNewYardOverflowToolbarButton\"]"}
RESULT: {"using":"xpath","value":"//button[@data-kt=\"addNewYardOverflowToolbarButton\"]"}
COMMAND: POST /session/e5e3624079c08a1be99b29f3829b56f3/elements - {"using":"xpath","value":"//button[@data-kt=\"addNewYardOverflowToolbarButton\"]"}
RESULT: {"using":"xpath","value":"//button[@data-kt=\"addNewYardOverflowToolbarButton\"]"}
COMMAND: POST /session/e5e3624079c08a1be99b29f3829b56f3/elements - {"using":"xpath","value":"//button[@data-kt=\"addNewYardOverflowToolbarButton\"]"}
RESULT: {"using":"xpath","value":"//button[@data-kt=\"addNewYardOverflowToolbarButton\"]"}
COMMAND: POST /session/e5e3624079c08a1be99b29f3829b56f3/elements - {"using":"xpath","value":"//button[@data-kt=\"addNewYardOverflowToolbarButton\"]"}
RESULT: {"using":"xpath","value":"//button[@data-kt=\"addNewYardOverflowToolbarButton\"]"}
COMMAND: POST /session/e5e3624079c08a1be99b29f3829b56f3/elements - {"using":"xpath","value":"//button[@data-kt=\"addNewYardOverflowToolbarButton\"]"}
RESULT: {"using":"xpath","value":"//button[@data-kt=\"addNewYardOverflowToolbarButton\"]"}
COMMAND: POST /session/e5e3624079c08a1be99b29f3829b56f3/elements - {"using":"xpath","value":"//button[@data-kt=\"addNewYardOverflowToolbarButton\"]"}
RESULT: {"using":"xpath","value":"//button[@data-kt=\"addNewYardOverflowToolbarButton\"]"}
COMMAND: POST /session/e5e3624079c08a1be99b29f3829b56f3/elements - {"using":"xpath","value":"//button[@data-kt=\"addNewYardOverflowToolbarButton\"]"}
RESULT: {"using":"xpath","value":"//button[@data-kt=\"addNewYardOverflowToolbarButton\"]"}
COMMAND: POST /session/e5e3624079c08a1be99b29f3829b56f3/elements - {"using":"xpath","value":"//button[@data-kt=\"addNewYardOverflowToolbarButton\"]"}
RESULT: {"using":"xpath","value":"//button[@data-kt=\"addNewYardOverflowToolbarButton\"]"}
COMMAND: POST /session/e5e3624079c08a1be99b29f3829b56f3/elements - {"using":"xpath","value":"//button[@data-kt=\"addNewYardOverflowToolbarButton\"]"}
RESULT: {"using":"xpath","value":"//button[@data-kt=\"addNewYardOverflowToolbarButton\"]"}
COMMAND: POST /session/e5e3624079c08a1be99b29f3829b56f3/elements - {"using":"xpath","value":"//button[@data-kt=\"addNewYardOverflowToolbarButton\"]"}
RESULT: {"using":"xpath","value":"//button[@data-kt=\"addNewYardOverflowToolbarButton\"]"}
COMMAND: POST /session/e5e3624079c08a1be99b29f3829b56f3/elements - {"using":"xpath","value":"//button[@data-kt=\"addNewYardOverflowToolbarButton\"]"}
RESULT: {"using":"xpath","value":"//button[@data-kt=\"addNewYardOverflowToolbarButton\"]"}
COMMAND: POST /session/e5e3624079c08a1be99b29f3829b56f3/elements - {"using":"xpath","value":"//button[@data-kt=\"addNewYardOverflowToolbarButton\"]"}
RESULT: {"using":"xpath","value":"//button[@data-kt=\"addNewYardOverflowToolbarButton\"]"}
COMMAND: POST /session/e5e3624079c08a1be99b29f3829b56f3/elements - {"using":"xpath","value":"//button[@data-kt=\"addNewYardOverflowToolbarButton\"]"}
RESULT: {"using":"xpath","value":"//button[@data-kt=\"addNewYardOverflowToolbarButton\"]"}
COMMAND: POST /session/e5e3624079c08a1be99b29f3829b56f3/elements - {"using":"xpath","value":"//button[@data-kt=\"addNewYardOverflowToolbarButton\"]"}
RESULT: {"using":"xpath","value":"//button[@data-kt=\"addNewYardOverflowToolbarButton\"]"}
COMMAND: POST /session/e5e3624079c08a1be99b29f3829b56f3/elements - {"using":"xpath","value":"//button[@data-kt=\"addNewYardOverflowToolbarButton\"]"}
RESULT: {"using":"xpath","value":"//button[@data-kt=\"addNewYardOverflowToolbarButton\"]"}
COMMAND: POST /session/e5e3624079c08a1be99b29f3829b56f3/elements - {"using":"xpath","value":"//button[@data-kt=\"addNewYardOverflowToolbarButton\"]"}
RESULT: {"using":"xpath","value":"//button[@data-kt=\"addNewYardOverflowToolbarButton\"]"}
COMMAND: POST /session/e5e3624079c08a1be99b29f3829b56f3/elements - {"using":"xpath","value":"//button[@data-kt=\"addNewYardOverflowToolbarButton\"]"}
RESULT: {"using":"xpath","value":"//button[@data-kt=\"addNewYardOverflowToolbarButton\"]"}
COMMAND: POST /session/e5e3624079c08a1be99b29f3829b56f3/elements - {"using":"xpath","value":"//button[@data-kt=\"addNewYardOverflowToolbarButton\"]"}
RESULT: {"using":"xpath","value":"//button[@data-kt=\"addNewYardOverflowToolbarButton\"]"}
COMMAND: POST /session/e5e3624079c08a1be99b29f3829b56f3/element - {"using":"xpath","value":"//button[@data-kt=\"addNewYardOverflowToolbarButton\"]"}
RESULT: {"using":"xpath","value":"//button[@data-kt=\"addNewYardOverflowToolbarButton\"]"}
COMMAND: POST /session/e5e3624079c08a1be99b29f3829b56f3/execute/sync - {"script":"<script> [8489 bytes]","args":[{"element-6066-11e4-a52e-4f735466cecf":"f.D9CBB32AE30EEC5AA9D03D761CDFE0B0.d.22FDA5BF47CCBA89497B1D8FA93A1EAB.e.307","ELEMENT":"f.D9CBB32AE30EEC5AA9D03D761CDFE0B0.d.22FDA5BF47CCBA89497B1D8FA93A1EAB.e.307"}]}
RESULT: {"script":"<script> [8489 bytes]","args":[{"element-6066-11e4-a52e-4f735466cecf":"f.D9CBB32AE30EEC5AA9D03D761CDFE0B0.d.22FDA5BF47CCBA89497B1D8FA93A1EAB.e.307","ELEMENT":"f.D9CBB32AE30EEC5AA9D03D761CDFE0B0.d.22FDA5BF47CCBA89497B1D8FA93A1EAB.e.307"}]}
COMMAND: GET /session/e5e3624079c08a1be99b29f3829b56f3/element/f.D9CBB32AE30EEC5AA9D03D761CDFE0B0.d.22FDA5BF47CCBA89497B1D8FA93A1EAB.e.307/enabled - {}
COMMAND: GET /session/e5e3624079c08a1be99b29f3829b56f3/screenshot - {}
RESULT: {}
COMMAND: POST /session/e5e3624079c08a1be99b29f3829b56f3/execute/sync - {"script":"<script> [8489 bytes]","args":[{"element-6066-11e4-a52e-4f735466cecf":"f.D9CBB32AE30EEC5AA9D03D761CDFE0B0.d.22FDA5BF47CCBA89497B1D8FA93A1EAB.e.307","ELEMENT":"f.D9CBB32AE30EEC5AA9D03D761CDFE0B0.d.22FDA5BF47CCBA89497B1D8FA93A1EAB.e.307"}]}
COMMAND: GET /session/e5e3624079c08a1be99b29f3829b56f3/screenshot - {}
RESULT: {}
RESULT: {"script":"<script> [8489 bytes]","args":[{"element-6066-11e4-a52e-4f735466cecf":"f.D9CBB32AE30EEC5AA9D03D761CDFE0B0.d.22FDA5BF47CCBA89497B1D8FA93A1EAB.e.307","ELEMENT":"f.D9CBB32AE30EEC5AA9D03D761CDFE0B0.d.22FDA5BF47CCBA89497B1D8FA93A1EAB.e.307"}]}
COMMAND: POST /session/e5e3624079c08a1be99b29f3829b56f3/execute/sync - {"script":"<script> [5351 bytes]","args":[{"element-6066-11e4-a52e-4f735466cecf":"f.D9CBB32AE30EEC5AA9D03D761CDFE0B0.d.22FDA5BF47CCBA89497B1D8FA93A1EAB.e.307","ELEMENT":"f.D9CBB32AE30EEC5AA9D03D761CDFE0B0.d.22FDA5BF47CCBA89497B1D8FA93A1EAB.e.307"}]}
COMMAND: GET /session/e5e3624079c08a1be99b29f3829b56f3/screenshot - {}
RESULT: {}
RESULT: {"script":"<script> [5351 bytes]","args":[{"element-6066-11e4-a52e-4f735466cecf":"f.D9CBB32AE30EEC5AA9D03D761CDFE0B0.d.22FDA5BF47CCBA89497B1D8FA93A1EAB.e.307","ELEMENT":"f.D9CBB32AE30EEC5AA9D03D761CDFE0B0.d.22FDA5BF47CCBA89497B1D8FA93A1EAB.e.307"}]}
COMMAND: POST /session/e5e3624079c08a1be99b29f3829b56f3/element/f.D9CBB32AE30EEC5AA9D03D761CDFE0B0.d.22FDA5BF47CCBA89497B1D8FA93A1EAB.e.307/click - {}
COMMAND: GET /session/e5e3624079c08a1be99b29f3829b56f3/screenshot - {}
RESULT: {}
RESULT: {}
COMMAND: GET /session/e5e3624079c08a1be99b29f3829b56f3/screenshot - {}
COMMAND: POST /session/e5e3624079c08a1be99b29f3829b56f3/element - {"using":"xpath","value":"//input[@id=\"application-manageyards-display-component---NewYard--yardId-inner\"]"}
RESULT: {}
RESULT: {}
RESULT: {"using":"xpath","value":"//input[@id=\"application-manageyards-display-component---NewYard--yardId-inner\"]"}
COMMAND: POST /session/e5e3624079c08a1be99b29f3829b56f3/element - {"using":"xpath","value":"//input[@id=\"application-manageyards-display-component---NewYard--yardId-inner\"]"}
RESULT: {"using":"xpath","value":"//input[@id=\"application-manageyards-display-component---NewYard--yardId-inner\"]"}
COMMAND: POST /session/e5e3624079c08a1be99b29f3829b56f3/execute/async - {"script":"<script> [1562 bytes]","args":[{"selector":{"id":"application-manageyards-display-component---NewYard--addressDetailDetailsName1","interaction":{"idSuffix":"inner"}},"wdio_ui5_key":"applicationmanageyards-display-component---NewYard--addressDetailDetailsName1"}]}
RESULT: {"script":"<script> [1562 bytes]","args":[{"selector":{"id":"application-manageyards-display-component---NewYard--addressDetailDetailsName1","interaction":{"idSuffix":"inner"}},"wdio_ui5_key":"applicationmanageyards-display-component---NewYard--addressDetailDetailsName1"}]}
RESULT: undefined
COMMAND: POST /session/e5e3624079c08a1be99b29f3829b56f3/execute/async - {"script":"<script> [776 bytes]","args":[{"enterText":"Other Yard WDIO","selector":{"id":"application-manageyards-display-component---NewYard--addressDetailDetailsName1","interaction":{"idSuffix":"inner"}},"clearTextFirst":true,"interactionType":"ENTER_TEXT"}]}
RESULT: {"script":"<script> [776 bytes]","args":[{"enterText":"Other Yard WDIO","selector":{"id":"application-manageyards-display-component---NewYard--addressDetailDetailsName1","interaction":{"idSuffix":"inner"}},"clearTextFirst":true,"interactionType":"ENTER_TEXT"}]}
COMMAND: POST /session/e5e3624079c08a1be99b29f3829b56f3/execute/async - {"script":"<script> [1562 bytes]","args":[{"selector":{"id":"application-manageyards-display-component---NewYard--addressDetailDetailsLanguage-arrow"},"wdio_ui5_key":"applicationmanageyards-display-component---NewYard--addressDetailDetailsLanguage-arrow"}]}
RESULT: {"script":"<script> [1562 bytes]","args":[{"selector":{"id":"application-manageyards-display-component---NewYard--addressDetailDetailsLanguage-arrow"},"wdio_ui5_key":"applicationmanageyards-display-component---NewYard--addressDetailDetailsLanguage-arrow"}]}
RESULT: undefined
COMMAND: POST /session/e5e3624079c08a1be99b29f3829b56f3/element - {"using":"xpath","value":"//*[@id=\"application-manageyards-display-component---NewYard--addressDetailDetailsLanguage-arrow\"]"}
RESULT: {"using":"xpath","value":"//*[@id=\"application-manageyards-display-component---NewYard--addressDetailDetailsLanguage-arrow\"]"}
COMMAND: POST /session/e5e3624079c08a1be99b29f3829b56f3/element/f.D9CBB32AE30EEC5AA9D03D761CDFE0B0.d.22FDA5BF47CCBA89497B1D8FA93A1EAB.e.730/click - {}
RESULT: {}
COMMAND: POST /session/e5e3624079c08a1be99b29f3829b56f3/element - {"using":"xpath","value":"//span[contains(text(), \"English\")]"}
COMMAND: GET /session/e5e3624079c08a1be99b29f3829b56f3/screenshot - {}
RESULT: {"using":"xpath","value":"//span[contains(text(), \"English\")]"}
COMMAND: POST /session/e5e3624079c08a1be99b29f3829b56f3/element/f.D9CBB32AE30EEC5AA9D03D761CDFE0B0.d.22FDA5BF47CCBA89497B1D8FA93A1EAB.e.731/click - {}
RESULT: {}
RESULT: {}
COMMAND: POST /session/e5e3624079c08a1be99b29f3829b56f3/execute/async - {"script":"<script> [1562 bytes]","args":[{"selector":{"id":"application-manageyards-display-component---NewYard--addressDetailDetailsCity1","interaction":{"idSuffix":"inner"}},"wdio_ui5_key":"applicationmanageyards-display-component---NewYard--addressDetailDetailsCity1"}]}
COMMAND: GET /session/e5e3624079c08a1be99b29f3829b56f3/screenshot - {}
RESULT: {"script":"<script> [1562 bytes]","args":[{"selector":{"id":"application-manageyards-display-component---NewYard--addressDetailDetailsCity1","interaction":{"idSuffix":"inner"}},"wdio_ui5_key":"applicationmanageyards-display-component---NewYard--addressDetailDetailsCity1"}]}
RESULT: undefined
COMMAND: POST /session/e5e3624079c08a1be99b29f3829b56f3/execute/async - {"script":"<script> [776 bytes]","args":[{"enterText":"Rosario","selector":{"id":"application-manageyards-display-component---NewYard--addressDetailDetailsCity1","interaction":{"idSuffix":"inner"}},"clearTextFirst":true,"interactionType":"ENTER_TEXT"}]}
RESULT: {}
RESULT: {"script":"<script> [776 bytes]","args":[{"enterText":"Rosario","selector":{"id":"application-manageyards-display-component---NewYard--addressDetailDetailsCity1","interaction":{"idSuffix":"inner"}},"clearTextFirst":true,"interactionType":"ENTER_TEXT"}]}
COMMAND: POST /session/e5e3624079c08a1be99b29f3829b56f3/execute/async - {"script":"<script> [1562 bytes]","args":[{"selector":{"id":"application-manageyards-display-component---NewYard--addressDetailDetailsCountry-arrow"},"wdio_ui5_key":"applicationmanageyards-display-component---NewYard--addressDetailDetailsCountry-arrow"}]}
RESULT: {"script":"<script> [1562 bytes]","args":[{"selector":{"id":"application-manageyards-display-component---NewYard--addressDetailDetailsCountry-arrow"},"wdio_ui5_key":"applicationmanageyards-display-component---NewYard--addressDetailDetailsCountry-arrow"}]}
RESULT: undefined
COMMAND: POST /session/e5e3624079c08a1be99b29f3829b56f3/element - {"using":"xpath","value":"//*[@id=\"application-manageyards-display-component---NewYard--addressDetailDetailsCountry-arrow\"]"}
RESULT: {"using":"xpath","value":"//*[@id=\"application-manageyards-display-component---NewYard--addressDetailDetailsCountry-arrow\"]"}
COMMAND: POST /session/e5e3624079c08a1be99b29f3829b56f3/element/f.D9CBB32AE30EEC5AA9D03D761CDFE0B0.d.22FDA5BF47CCBA89497B1D8FA93A1EAB.e.733/click - {}
RESULT: {}
COMMAND: POST /session/e5e3624079c08a1be99b29f3829b56f3/element - {"using":"xpath","value":"//span[contains(text(), \"Argentina\")]"}
COMMAND: GET /session/e5e3624079c08a1be99b29f3829b56f3/screenshot - {}
RESULT: {"using":"xpath","value":"//span[contains(text(), \"Argentina\")]"}
COMMAND: POST /session/e5e3624079c08a1be99b29f3829b56f3/element/f.D9CBB32AE30EEC5AA9D03D761CDFE0B0.d.22FDA5BF47CCBA89497B1D8FA93A1EAB.e.734/click - {}
RESULT: {}
RESULT: {}
COMMAND: POST /session/e5e3624079c08a1be99b29f3829b56f3/execute/async - {"script":"<script> [1562 bytes]","args":[{"selector":{"id":"application-manageyards-display-component---NewYard--addressEditDetailsCostObjectCstType-arrow"},"wdio_ui5_key":"applicationmanageyards-display-component---NewYard--addressEditDetailsCostObjectCstType-arrow"}]}
COMMAND: GET /session/e5e3624079c08a1be99b29f3829b56f3/screenshot - {}
RESULT: {"script":"<script> [1562 bytes]","args":[{"selector":{"id":"application-manageyards-display-component---NewYard--addressEditDetailsCostObjectCstType-arrow"},"wdio_ui5_key":"applicationmanageyards-display-component---NewYard--addressEditDetailsCostObjectCstType-arrow"}]}
RESULT: undefined
COMMAND: POST /session/e5e3624079c08a1be99b29f3829b56f3/element - {"using":"xpath","value":"//*[@id=\"application-manageyards-display-component---NewYard--addressEditDetailsCostObjectCstType-arrow\"]"}
RESULT: {}
RESULT: {"using":"xpath","value":"//*[@id=\"application-manageyards-display-component---NewYard--addressEditDetailsCostObjectCstType-arrow\"]"}
COMMAND: POST /session/e5e3624079c08a1be99b29f3829b56f3/element/f.D9CBB32AE30EEC5AA9D03D761CDFE0B0.d.22FDA5BF47CCBA89497B1D8FA93A1EAB.e.735/click - {}
RESULT: {}
COMMAND: POST /session/e5e3624079c08a1be99b29f3829b56f3/element - {"using":"xpath","value":"//span[contains(text(), \"Cost Center\")]"}
COMMAND: GET /session/e5e3624079c08a1be99b29f3829b56f3/screenshot - {}
RESULT: {"using":"xpath","value":"//span[contains(text(), \"Cost Center\")]"}
COMMAND: POST /session/e5e3624079c08a1be99b29f3829b56f3/element/f.D9CBB32AE30EEC5AA9D03D761CDFE0B0.d.22FDA5BF47CCBA89497B1D8FA93A1EAB.e.736/click - {}
RESULT: {}
RESULT: {}
COMMAND: GET /session/e5e3624079c08a1be99b29f3829b56f3/screenshot - {}
RESULT: {}
COMMAND: POST /session/e5e3624079c08a1be99b29f3829b56f3/element - {"using":"xpath","value":"//span[@id=\"application-manageyards-display-component---NewYard--addressNewCostObjectCstID-vhi\"]"}
RESULT: {"using":"xpath","value":"//span[@id=\"application-manageyards-display-component---NewYard--addressNewCostObjectCstID-vhi\"]"}
COMMAND: POST /session/e5e3624079c08a1be99b29f3829b56f3/execute/sync - {"script":"<script> [8489 bytes]","args":[{"element-6066-11e4-a52e-4f735466cecf":"f.D9CBB32AE30EEC5AA9D03D761CDFE0B0.d.22FDA5BF47CCBA89497B1D8FA93A1EAB.e.740","ELEMENT":"f.D9CBB32AE30EEC5AA9D03D761CDFE0B0.d.22FDA5BF47CCBA89497B1D8FA93A1EAB.e.740"}]}
RESULT: {"script":"<script> [8489 bytes]","args":[{"element-6066-11e4-a52e-4f735466cecf":"f.D9CBB32AE30EEC5AA9D03D761CDFE0B0.d.22FDA5BF47CCBA89497B1D8FA93A1EAB.e.740","ELEMENT":"f.D9CBB32AE30EEC5AA9D03D761CDFE0B0.d.22FDA5BF47CCBA89497B1D8FA93A1EAB.e.740"}]}
COMMAND: POST /session/e5e3624079c08a1be99b29f3829b56f3/execute/async - {"script":"<script> [1562 bytes]","args":[{"selector":{"id":"application-manageyards-display-component---NewYard--addressNewCostObjectCstID-vhi"},"wdio_ui5_key":"applicationmanageyards-display-component---NewYard--addressNewCostObjectCstID-vhi"}]}
COMMAND: GET /session/e5e3624079c08a1be99b29f3829b56f3/screenshot - {}
RESULT: {"script":"<script> [1562 bytes]","args":[{"selector":{"id":"application-manageyards-display-component---NewYard--addressNewCostObjectCstID-vhi"},"wdio_ui5_key":"applicationmanageyards-display-component---NewYard--addressNewCostObjectCstID-vhi"}]}
RESULT: undefined
COMMAND: POST /session/e5e3624079c08a1be99b29f3829b56f3/element - {"using":"xpath","value":"//*[@id=\"application-manageyards-display-component---NewYard--addressNewCostObjectCstID-vhi\"]"}
RESULT: {}
RESULT: {"using":"xpath","value":"//*[@id=\"application-manageyards-display-component---NewYard--addressNewCostObjectCstID-vhi\"]"}
COMMAND: POST /session/e5e3624079c08a1be99b29f3829b56f3/element/f.D9CBB32AE30EEC5AA9D03D761CDFE0B0.d.22FDA5BF47CCBA89497B1D8FA93A1EAB.e.740/click - {}
RESULT: {}
COMMAND: GET /session/e5e3624079c08a1be99b29f3829b56f3/screenshot - {}
RESULT: {}
COMMAND: POST /session/e5e3624079c08a1be99b29f3829b56f3/execute/async - {"script":"<script> [1562 bytes]","args":[{"selector":{"controlType":"sap.m.SearchField","properties":{"placeholder":"Search"},"searchOpenDialogs":true,"interaction":{"idSuffix":"I"}},"wdio_ui5_key":"sapm.SearchField{\"placeholder\":\"Search\"}"}]}
RESULT: {"script":"<script> [1562 bytes]","args":[{"selector":{"controlType":"sap.m.SearchField","properties":{"placeholder":"Search"},"searchOpenDialogs":true,"interaction":{"idSuffix":"I"}},"wdio_ui5_key":"sapm.SearchField{\"placeholder\":\"Search\"}"}]}
RESULT: undefined
COMMAND: POST /session/e5e3624079c08a1be99b29f3829b56f3/execute/async - {"script":"<script> [776 bytes]","args":[{"enterText":"10001013","selector":{"controlType":"sap.m.SearchField","properties":{"placeholder":"Search"},"searchOpenDialogs":true,"interaction":{"idSuffix":"I"}},"clearTextFirst":true,"interactionType":"ENTER_TEXT"}]}
RESULT: {"script":"<script> [776 bytes]","args":[{"enterText":"10001013","selector":{"controlType":"sap.m.SearchField","properties":{"placeholder":"Search"},"searchOpenDialogs":true,"interaction":{"idSuffix":"I"}},"clearTextFirst":true,"interactionType":"ENTER_TEXT"}]}
COMMAND: POST /session/e5e3624079c08a1be99b29f3829b56f3/actions - {"actions":[{"id":"action1","type":"key","parameters":{},"actions":[{"type":"keyDown","value":"î€‡"},{"type":"pause","duration":10},{"type":"keyUp","value":"î€‡"}]}]}
RESULT: {"actions":[{"id":"action1","type":"key","parameters":{},"actions":[{"type":"keyDown","value":"î€‡"},{"type":"pause","duration":10},{"type":"keyUp","value":"î€‡"}]}]}
COMMAND: GET /session/e5e3624079c08a1be99b29f3829b56f3/screenshot - {}
RESULT: {}
COMMAND: POST /session/e5e3624079c08a1be99b29f3829b56f3/element - {"using":"xpath","value":"//span[contains(text(), \"General Management\")]"}
RESULT: {"using":"xpath","value":"//span[contains(text(), \"General Management\")]"}
COMMAND: POST /session/e5e3624079c08a1be99b29f3829b56f3/element/f.D9CBB32AE30EEC5AA9D03D761CDFE0B0.d.22FDA5BF47CCBA89497B1D8FA93A1EAB.e.781/click - {}
RESULT: {}
COMMAND: GET /session/e5e3624079c08a1be99b29f3829b56f3/screenshot - {}
RESULT: {}
COMMAND: POST /session/e5e3624079c08a1be99b29f3829b56f3/element - {"using":"xpath","value":"//bdi[contains(text(), \"OK\")]"}
RESULT: {"using":"xpath","value":"//bdi[contains(text(), \"OK\")]"}
COMMAND: POST /session/e5e3624079c08a1be99b29f3829b56f3/element/f.D9CBB32AE30EEC5AA9D03D761CDFE0B0.d.22FDA5BF47CCBA89497B1D8FA93A1EAB.e.782/click - {}
RESULT: {}
COMMAND: GET /session/e5e3624079c08a1be99b29f3829b56f3/screenshot - {}
RESULT: {}
COMMAND: POST /session/e5e3624079c08a1be99b29f3829b56f3/execute/async - {"script":"<script> [1562 bytes]","args":[{"selector":{"id":"application-manageyards-display-component---NewYard--addressEditDetailsCurrency-arrow"},"wdio_ui5_key":"applicationmanageyards-display-component---NewYard--addressEditDetailsCurrency-arrow"}]}
RESULT: {"script":"<script> [1562 bytes]","args":[{"selector":{"id":"application-manageyards-display-component---NewYard--addressEditDetailsCurrency-arrow"},"wdio_ui5_key":"applicationmanageyards-display-component---NewYard--addressEditDetailsCurrency-arrow"}]}
RESULT: undefined
COMMAND: POST /session/e5e3624079c08a1be99b29f3829b56f3/element - {"using":"xpath","value":"//*[@id=\"application-manageyards-display-component---NewYard--addressEditDetailsCurrency-arrow\"]"}
RESULT: {"using":"xpath","value":"//*[@id=\"application-manageyards-display-component---NewYard--addressEditDetailsCurrency-arrow\"]"}
COMMAND: POST /session/e5e3624079c08a1be99b29f3829b56f3/element/f.D9CBB32AE30EEC5AA9D03D761CDFE0B0.d.22FDA5BF47CCBA89497B1D8FA93A1EAB.e.785/click - {}
RESULT: {}
COMMAND: POST /session/e5e3624079c08a1be99b29f3829b56f3/element - {"using":"xpath","value":"//span[contains(text(), \"Euro\")]"}
COMMAND: GET /session/e5e3624079c08a1be99b29f3829b56f3/screenshot - {}
RESULT: {"using":"xpath","value":"//span[contains(text(), \"Euro\")]"}
COMMAND: POST /session/e5e3624079c08a1be99b29f3829b56f3/element/f.D9CBB32AE30EEC5AA9D03D761CDFE0B0.d.22FDA5BF47CCBA89497B1D8FA93A1EAB.e.786/click - {}
RESULT: {}
RESULT: {}
COMMAND: POST /session/e5e3624079c08a1be99b29f3829b56f3/execute/async - {"script":"<script> [1562 bytes]","args":[{"selector":{"controlType":"sap.m.Input","viewName":"etm.portal.ui.manageyards.view.New","viewId":"application-manageyards-display-component---NewYard","bindingPath":{"path":"","propertyPath":"/CONTROLLING_AREA","modelName":"NewYardModel"},"interaction":{"idSuffix":"inner"}},"wdio_ui5_key":"etmportal.ui.manageyards.view.Newsap.m.Input{\"path\":\"\",\"propertyPath\":\"/CONTROLLING_AREA\",\"modelName\":\"NewYardModel\"}"}]}
COMMAND: GET /session/e5e3624079c08a1be99b29f3829b56f3/screenshot - {}
RESULT: {"script":"<script> [1562 bytes]","args":[{"selector":{"controlType":"sap.m.Input","viewName":"etm.portal.ui.manageyards.view.New","viewId":"application-manageyards-display-component---NewYard","bindingPath":{"path":"","propertyPath":"/CONTROLLING_AREA","modelName":"NewYardModel"},"interaction":{"idSuffix":"inner"}},"wdio_ui5_key":"etmportal.ui.manageyards.view.Newsap.m.Input{\"path\":\"\",\"propertyPath\":\"/CONTROLLING_AREA\",\"modelName\":\"NewYardModel\"}"}]}
RESULT: undefined
COMMAND: POST /session/e5e3624079c08a1be99b29f3829b56f3/execute/async - {"script":"<script> [776 bytes]","args":[{"enterText":"Z001","selector":{"controlType":"sap.m.Input","viewName":"etm.portal.ui.manageyards.view.New","viewId":"application-manageyards-display-component---NewYard","bindingPath":{"path":"","propertyPath":"/CONTROLLING_AREA","modelName":"NewYardModel"},"interaction":{"idSuffix":"inner"}},"clearTextFirst":true,"interactionType":"ENTER_TEXT"}]}
RESULT: {}
RESULT: {"script":"<script> [776 bytes]","args":[{"enterText":"Z001","selector":{"controlType":"sap.m.Input","viewName":"etm.portal.ui.manageyards.view.New","viewId":"application-manageyards-display-component---NewYard","bindingPath":{"path":"","propertyPath":"/CONTROLLING_AREA","modelName":"NewYardModel"},"interaction":{"idSuffix":"inner"}},"clearTextFirst":true,"interactionType":"ENTER_TEXT"}]}
COMMAND: POST /session/e5e3624079c08a1be99b29f3829b56f3/execute/async - {"script":"<script> [1562 bytes]","args":[{"selector":{"id":"application-manageyards-display-component---NewYard--companyCodeComboBox","interaction":{"idSuffix":"inner"}},"wdio_ui5_key":"applicationmanageyards-display-component---NewYard--companyCodeComboBox"}]}
RESULT: {"script":"<script> [1562 bytes]","args":[{"selector":{"id":"application-manageyards-display-component---NewYard--companyCodeComboBox","interaction":{"idSuffix":"inner"}},"wdio_ui5_key":"applicationmanageyards-display-component---NewYard--companyCodeComboBox"}]}
RESULT: undefined
COMMAND: POST /session/e5e3624079c08a1be99b29f3829b56f3/execute/async - {"script":"<script> [776 bytes]","args":[{"enterText":"1000","selector":{"id":"application-manageyards-display-component---NewYard--companyCodeComboBox","interaction":{"idSuffix":"inner"}},"clearTextFirst":true,"interactionType":"ENTER_TEXT"}]}
RESULT: {"script":"<script> [776 bytes]","args":[{"enterText":"1000","selector":{"id":"application-manageyards-display-component---NewYard--companyCodeComboBox","interaction":{"idSuffix":"inner"}},"clearTextFirst":true,"interactionType":"ENTER_TEXT"}]}
COMMAND: POST /session/e5e3624079c08a1be99b29f3829b56f3/execute/async - {"script":"<script> [1562 bytes]","args":[{"selector":{"controlType":"sap.m.Input","viewName":"etm.portal.ui.manageyards.view.New","viewId":"application-manageyards-display-component---NewYard","bindingPath":{"path":"","propertyPath":"/PLANT","modelName":"NewYardModel"},"interaction":{"idSuffix":"inner"}},"wdio_ui5_key":"etmportal.ui.manageyards.view.Newsap.m.Input{\"path\":\"\",\"propertyPath\":\"/PLANT\",\"modelName\":\"NewYardModel\"}"}]}
RESULT: {"script":"<script> [1562 bytes]","args":[{"selector":{"controlType":"sap.m.Input","viewName":"etm.portal.ui.manageyards.view.New","viewId":"application-manageyards-display-component---NewYard","bindingPath":{"path":"","propertyPath":"/PLANT","modelName":"NewYardModel"},"interaction":{"idSuffix":"inner"}},"wdio_ui5_key":"etmportal.ui.manageyards.view.Newsap.m.Input{\"path\":\"\",\"propertyPath\":\"/PLANT\",\"modelName\":\"NewYardModel\"}"}]}
RESULT: undefined
COMMAND: POST /session/e5e3624079c08a1be99b29f3829b56f3/execute/async - {"script":"<script> [776 bytes]","args":[{"enterText":"1001","selector":{"controlType":"sap.m.Input","viewName":"etm.portal.ui.manageyards.view.New","viewId":"application-manageyards-display-component---NewYard","bindingPath":{"path":"","propertyPath":"/PLANT","modelName":"NewYardModel"},"interaction":{"idSuffix":"inner"}},"clearTextFirst":true,"interactionType":"ENTER_TEXT"}]}
RESULT: {"script":"<script> [776 bytes]","args":[{"enterText":"1001","selector":{"controlType":"sap.m.Input","viewName":"etm.portal.ui.manageyards.view.New","viewId":"application-manageyards-display-component---NewYard","bindingPath":{"path":"","propertyPath":"/PLANT","modelName":"NewYardModel"},"interaction":{"idSuffix":"inner"}},"clearTextFirst":true,"interactionType":"ENTER_TEXT"}]}
COMMAND: POST /session/e5e3624079c08a1be99b29f3829b56f3/execute/async - {"script":"<script> [1562 bytes]","args":[{"selector":{"controlType":"sap.m.Input","viewName":"etm.portal.ui.manageyards.view.New","viewId":"application-manageyards-display-component---NewYard","bindingPath":{"path":"","propertyPath":"/SALES_AREA_VKORG","modelName":"NewYardModel"},"interaction":{"idSuffix":"inner"}},"wdio_ui5_key":"etmportal.ui.manageyards.view.Newsap.m.Input{\"path\":\"\",\"propertyPath\":\"/SALES_AREA_VKORG\",\"modelName\":\"NewYardModel\"}"}]}
RESULT: {"script":"<script> [1562 bytes]","args":[{"selector":{"controlType":"sap.m.Input","viewName":"etm.portal.ui.manageyards.view.New","viewId":"application-manageyards-display-component---NewYard","bindingPath":{"path":"","propertyPath":"/SALES_AREA_VKORG","modelName":"NewYardModel"},"interaction":{"idSuffix":"inner"}},"wdio_ui5_key":"etmportal.ui.manageyards.view.Newsap.m.Input{\"path\":\"\",\"propertyPath\":\"/SALES_AREA_VKORG\",\"modelName\":\"NewYardModel\"}"}]}
RESULT: undefined
COMMAND: POST /session/e5e3624079c08a1be99b29f3829b56f3/execute/async - {"script":"<script> [776 bytes]","args":[{"enterText":"C002","selector":{"controlType":"sap.m.Input","viewName":"etm.portal.ui.manageyards.view.New","viewId":"application-manageyards-display-component---NewYard","bindingPath":{"path":"","propertyPath":"/SALES_AREA_VKORG","modelName":"NewYardModel"},"interaction":{"idSuffix":"inner"}},"clearTextFirst":true,"interactionType":"ENTER_TEXT"}]}
RESULT: {"script":"<script> [776 bytes]","args":[{"enterText":"C002","selector":{"controlType":"sap.m.Input","viewName":"etm.portal.ui.manageyards.view.New","viewId":"application-manageyards-display-component---NewYard","bindingPath":{"path":"","propertyPath":"/SALES_AREA_VKORG","modelName":"NewYardModel"},"interaction":{"idSuffix":"inner"}},"clearTextFirst":true,"interactionType":"ENTER_TEXT"}]}
COMMAND: POST /session/e5e3624079c08a1be99b29f3829b56f3/execute/async - {"script":"<script> [1562 bytes]","args":[{"selector":{"controlType":"sap.m.Input","viewName":"etm.portal.ui.manageyards.view.New","viewId":"application-manageyards-display-component---NewYard","bindingPath":{"path":"","propertyPath":"/SALES_AREA_VTWEG","modelName":"NewYardModel"},"interaction":{"idSuffix":"inner"}},"wdio_ui5_key":"etmportal.ui.manageyards.view.Newsap.m.Input{\"path\":\"\",\"propertyPath\":\"/SALES_AREA_VTWEG\",\"modelName\":\"NewYardModel\"}"}]}
RESULT: {"script":"<script> [1562 bytes]","args":[{"selector":{"controlType":"sap.m.Input","viewName":"etm.portal.ui.manageyards.view.New","viewId":"application-manageyards-display-component---NewYard","bindingPath":{"path":"","propertyPath":"/SALES_AREA_VTWEG","modelName":"NewYardModel"},"interaction":{"idSuffix":"inner"}},"wdio_ui5_key":"etmportal.ui.manageyards.view.Newsap.m.Input{\"path\":\"\",\"propertyPath\":\"/SALES_AREA_VTWEG\",\"modelName\":\"NewYardModel\"}"}]}
RESULT: undefined
COMMAND: POST /session/e5e3624079c08a1be99b29f3829b56f3/execute/async - {"script":"<script> [776 bytes]","args":[{"enterText":"C2","selector":{"controlType":"sap.m.Input","viewName":"etm.portal.ui.manageyards.view.New","viewId":"application-manageyards-display-component---NewYard","bindingPath":{"path":"","propertyPath":"/SALES_AREA_VTWEG","modelName":"NewYardModel"},"interaction":{"idSuffix":"inner"}},"clearTextFirst":true,"interactionType":"ENTER_TEXT"}]}
RESULT: {"script":"<script> [776 bytes]","args":[{"enterText":"C2","selector":{"controlType":"sap.m.Input","viewName":"etm.portal.ui.manageyards.view.New","viewId":"application-manageyards-display-component---NewYard","bindingPath":{"path":"","propertyPath":"/SALES_AREA_VTWEG","modelName":"NewYardModel"},"interaction":{"idSuffix":"inner"}},"clearTextFirst":true,"interactionType":"ENTER_TEXT"}]}
COMMAND: POST /session/e5e3624079c08a1be99b29f3829b56f3/execute/async - {"script":"<script> [1562 bytes]","args":[{"selector":{"controlType":"sap.m.Input","viewName":"etm.portal.ui.manageyards.view.New","viewId":"application-manageyards-display-component---NewYard","bindingPath":{"path":"","propertyPath":"/SALES_AREA_SPART","modelName":"NewYardModel"},"interaction":{"idSuffix":"inner"}},"wdio_ui5_key":"etmportal.ui.manageyards.view.Newsap.m.Input{\"path\":\"\",\"propertyPath\":\"/SALES_AREA_SPART\",\"modelName\":\"NewYardModel\"}"}]}
RESULT: {"script":"<script> [1562 bytes]","args":[{"selector":{"controlType":"sap.m.Input","viewName":"etm.portal.ui.manageyards.view.New","viewId":"application-manageyards-display-component---NewYard","bindingPath":{"path":"","propertyPath":"/SALES_AREA_SPART","modelName":"NewYardModel"},"interaction":{"idSuffix":"inner"}},"wdio_ui5_key":"etmportal.ui.manageyards.view.Newsap.m.Input{\"path\":\"\",\"propertyPath\":\"/SALES_AREA_SPART\",\"modelName\":\"NewYardModel\"}"}]}
RESULT: undefined
COMMAND: POST /session/e5e3624079c08a1be99b29f3829b56f3/execute/async - {"script":"<script> [776 bytes]","args":[{"enterText":"C2","selector":{"controlType":"sap.m.Input","viewName":"etm.portal.ui.manageyards.view.New","viewId":"application-manageyards-display-component---NewYard","bindingPath":{"path":"","propertyPath":"/SALES_AREA_SPART","modelName":"NewYardModel"},"interaction":{"idSuffix":"inner"}},"clearTextFirst":true,"interactionType":"ENTER_TEXT"}]}
RESULT: {"script":"<script> [776 bytes]","args":[{"enterText":"C2","selector":{"controlType":"sap.m.Input","viewName":"etm.portal.ui.manageyards.view.New","viewId":"application-manageyards-display-component---NewYard","bindingPath":{"path":"","propertyPath":"/SALES_AREA_SPART","modelName":"NewYardModel"},"interaction":{"idSuffix":"inner"}},"clearTextFirst":true,"interactionType":"ENTER_TEXT"}]}
COMMAND: POST /session/e5e3624079c08a1be99b29f3829b56f3/execute/async - {"script":"<script> [1562 bytes]","args":[{"selector":{"controlType":"sap.m.Input","viewName":"etm.portal.ui.manageyards.view.New","viewId":"application-manageyards-display-component---NewYard","bindingPath":{"path":"","propertyPath":"/SHIP_POINT","modelName":"NewYardModel"},"interaction":{"idSuffix":"inner"}},"wdio_ui5_key":"etmportal.ui.manageyards.view.Newsap.m.Input{\"path\":\"\",\"propertyPath\":\"/SHIP_POINT\",\"modelName\":\"NewYardModel\"}"}]}
RESULT: {"script":"<script> [1562 bytes]","args":[{"selector":{"controlType":"sap.m.Input","viewName":"etm.portal.ui.manageyards.view.New","viewId":"application-manageyards-display-component---NewYard","bindingPath":{"path":"","propertyPath":"/SHIP_POINT","modelName":"NewYardModel"},"interaction":{"idSuffix":"inner"}},"wdio_ui5_key":"etmportal.ui.manageyards.view.Newsap.m.Input{\"path\":\"\",\"propertyPath\":\"/SHIP_POINT\",\"modelName\":\"NewYardModel\"}"}]}
RESULT: undefined
COMMAND: POST /session/e5e3624079c08a1be99b29f3829b56f3/execute/async - {"script":"<script> [776 bytes]","args":[{"enterText":"1710","selector":{"controlType":"sap.m.Input","viewName":"etm.portal.ui.manageyards.view.New","viewId":"application-manageyards-display-component---NewYard","bindingPath":{"path":"","propertyPath":"/SHIP_POINT","modelName":"NewYardModel"},"interaction":{"idSuffix":"inner"}},"clearTextFirst":true,"interactionType":"ENTER_TEXT"}]}
RESULT: {"script":"<script> [776 bytes]","args":[{"enterText":"1710","selector":{"controlType":"sap.m.Input","viewName":"etm.portal.ui.manageyards.view.New","viewId":"application-manageyards-display-component---NewYard","bindingPath":{"path":"","propertyPath":"/SHIP_POINT","modelName":"NewYardModel"},"interaction":{"idSuffix":"inner"}},"clearTextFirst":true,"interactionType":"ENTER_TEXT"}]}
COMMAND: POST /session/e5e3624079c08a1be99b29f3829b56f3/execute/async - {"script":"<script> [1562 bytes]","args":[{"selector":{"controlType":"sap.m.Input","viewName":"etm.portal.ui.manageyards.view.New","viewId":"application-manageyards-display-component---NewYard","bindingPath":{"path":"","propertyPath":"/DELIVERY_TYPE","modelName":"NewYardModel"},"interaction":{"idSuffix":"inner"}},"wdio_ui5_key":"etmportal.ui.manageyards.view.Newsap.m.Input{\"path\":\"\",\"propertyPath\":\"/DELIVERY_TYPE\",\"modelName\":\"NewYardModel\"}"}]}
RESULT: {"script":"<script> [1562 bytes]","args":[{"selector":{"controlType":"sap.m.Input","viewName":"etm.portal.ui.manageyards.view.New","viewId":"application-manageyards-display-component---NewYard","bindingPath":{"path":"","propertyPath":"/DELIVERY_TYPE","modelName":"NewYardModel"},"interaction":{"idSuffix":"inner"}},"wdio_ui5_key":"etmportal.ui.manageyards.view.Newsap.m.Input{\"path\":\"\",\"propertyPath\":\"/DELIVERY_TYPE\",\"modelName\":\"NewYardModel\"}"}]}
RESULT: undefined
COMMAND: POST /session/e5e3624079c08a1be99b29f3829b56f3/execute/async - {"script":"<script> [776 bytes]","args":[{"enterText":"ZL01","selector":{"controlType":"sap.m.Input","viewName":"etm.portal.ui.manageyards.view.New","viewId":"application-manageyards-display-component---NewYard","bindingPath":{"path":"","propertyPath":"/DELIVERY_TYPE","modelName":"NewYardModel"},"interaction":{"idSuffix":"inner"}},"clearTextFirst":true,"interactionType":"ENTER_TEXT"}]}
RESULT: {"script":"<script> [776 bytes]","args":[{"enterText":"ZL01","selector":{"controlType":"sap.m.Input","viewName":"etm.portal.ui.manageyards.view.New","viewId":"application-manageyards-display-component---NewYard","bindingPath":{"path":"","propertyPath":"/DELIVERY_TYPE","modelName":"NewYardModel"},"interaction":{"idSuffix":"inner"}},"clearTextFirst":true,"interactionType":"ENTER_TEXT"}]}
COMMAND: POST /session/e5e3624079c08a1be99b29f3829b56f3/execute/async - {"script":"<script> [1562 bytes]","args":[{"selector":{"controlType":"sap.m.Input","viewName":"etm.portal.ui.manageyards.view.New","viewId":"application-manageyards-display-component---NewYard","bindingPath":{"path":"","propertyPath":"/AUART","modelName":"NewYardModel"},"interaction":{"idSuffix":"inner"}},"wdio_ui5_key":"etmportal.ui.manageyards.view.Newsap.m.Input{\"path\":\"\",\"propertyPath\":\"/AUART\",\"modelName\":\"NewYardModel\"}"}]}
RESULT: {"script":"<script> [1562 bytes]","args":[{"selector":{"controlType":"sap.m.Input","viewName":"etm.portal.ui.manageyards.view.New","viewId":"application-manageyards-display-component---NewYard","bindingPath":{"path":"","propertyPath":"/AUART","modelName":"NewYardModel"},"interaction":{"idSuffix":"inner"}},"wdio_ui5_key":"etmportal.ui.manageyards.view.Newsap.m.Input{\"path\":\"\",\"propertyPath\":\"/AUART\",\"modelName\":\"NewYardModel\"}"}]}
RESULT: undefined
COMMAND: POST /session/e5e3624079c08a1be99b29f3829b56f3/execute/async - {"script":"<script> [776 bytes]","args":[{"enterText":"TA","selector":{"controlType":"sap.m.Input","viewName":"etm.portal.ui.manageyards.view.New","viewId":"application-manageyards-display-component---NewYard","bindingPath":{"path":"","propertyPath":"/AUART","modelName":"NewYardModel"},"interaction":{"idSuffix":"inner"}},"clearTextFirst":true,"interactionType":"ENTER_TEXT"}]}
RESULT: {"script":"<script> [776 bytes]","args":[{"enterText":"TA","selector":{"controlType":"sap.m.Input","viewName":"etm.portal.ui.manageyards.view.New","viewId":"application-manageyards-display-component---NewYard","bindingPath":{"path":"","propertyPath":"/AUART","modelName":"NewYardModel"},"interaction":{"idSuffix":"inner"}},"clearTextFirst":true,"interactionType":"ENTER_TEXT"}]}
COMMAND: POST /session/e5e3624079c08a1be99b29f3829b56f3/element - {"using":"xpath","value":"//button[@data-kt=\"newYardSaveButton\"]"}
RESULT: {"using":"xpath","value":"//button[@data-kt=\"newYardSaveButton\"]"}
COMMAND: POST /session/e5e3624079c08a1be99b29f3829b56f3/element/f.D9CBB32AE30EEC5AA9D03D761CDFE0B0.d.22FDA5BF47CCBA89497B1D8FA93A1EAB.e.691/click - {}
RESULT: {}
COMMAND: GET /session/e5e3624079c08a1be99b29f3829b56f3/screenshot - {}
RESULT: {}
COMMAND: POST /session/e5e3624079c08a1be99b29f3829b56f3/element - {"using":"xpath","value":"//header[contains(@id, 'ObjectPageLayout-headerTitle')]/div[1]/div[2]/div[1]/span[1]"}
RESULT: {"using":"xpath","value":"//header[contains(@id, 'ObjectPageLayout-headerTitle')]/div[1]/div[2]/div[1]/span[1]"}
COMMAND: POST /session/e5e3624079c08a1be99b29f3829b56f3/elements - {"using":"xpath","value":"//header[contains(@id, 'ObjectPageLayout-headerTitle')]/div[1]/div[2]/div[1]/span[1]"}
RESULT: {"using":"xpath","value":"//header[contains(@id, 'ObjectPageLayout-headerTitle')]/div[1]/div[2]/div[1]/span[1]"}
COMMAND: POST /session/e5e3624079c08a1be99b29f3829b56f3/execute/sync - {"script":"<script> [56 bytes]","args":[{"element-6066-11e4-a52e-4f735466cecf":"f.D9CBB32AE30EEC5AA9D03D761CDFE0B0.d.22FDA5BF47CCBA89497B1D8FA93A1EAB.e.1011","ELEMENT":"f.D9CBB32AE30EEC5AA9D03D761CDFE0B0.d.22FDA5BF47CCBA89497B1D8FA93A1EAB.e.1011"}]}
RESULT: {"script":"<script> [56 bytes]","args":[{"element-6066-11e4-a52e-4f735466cecf":"f.D9CBB32AE30EEC5AA9D03D761CDFE0B0.d.22FDA5BF47CCBA89497B1D8FA93A1EAB.e.1011","ELEMENT":"f.D9CBB32AE30EEC5AA9D03D761CDFE0B0.d.22FDA5BF47CCBA89497B1D8FA93A1EAB.e.1011"}]}
COMMAND: GET /session/e5e3624079c08a1be99b29f3829b56f3/screenshot - {}
RESULT: {}
COMMAND: POST /session/e5e3624079c08a1be99b29f3829b56f3/element - {"using":"css selector","value":"#shell-header-logo"}
RESULT: {"using":"css selector","value":"#shell-header-logo"}
COMMAND: POST /session/e5e3624079c08a1be99b29f3829b56f3/element/f.D9CBB32AE30EEC5AA9D03D761CDFE0B0.d.22FDA5BF47CCBA89497B1D8FA93A1EAB.e.265/click - {}
RESULT: {}
COMMAND: GET /session/e5e3624079c08a1be99b29f3829b56f3/screenshot - {}
RESULT: {}
COMMAND: POST /session/e5e3624079c08a1be99b29f3829b56f3/execute/sync - {"script":"<script> [299 bytes]","args":[["getModel","getResource"]]}
RESULT: {"script":"<script> [299 bytes]","args":[["getModel","getResource"]]}
COMMAND: GET /session/e5e3624079c08a1be99b29f3829b56f3/screenshot - {}
]]></system-out>
    </testcase>
    <testcase classname="chrome.136_0_7103_49.windows.Tests_for_Mass_State_Change_on_Manage_States_&amp;_Performances_US104416_US" name="Prereq Should create a new partner" time="125.291">
      <system-out><![CDATA[
COMMAND: POST /session/e5e3624079c08a1be99b29f3829b56f3/window/fullscreen - {}
RESULT: {}
RESULT: {}
COMMAND: POST /session/e5e3624079c08a1be99b29f3829b56f3/execute/async - {"script":"<script> [1562 bytes]","args":[{"selector":{"controlType":"sap.m.GenericTile","properties":{"header":"Manage Partners"}},"wdio_ui5_key":"sapm.GenericTile{\"header\":\"Manage Partners\"}"}]}
RESULT: {"script":"<script> [1562 bytes]","args":[{"selector":{"controlType":"sap.m.GenericTile","properties":{"header":"Manage Partners"}},"wdio_ui5_key":"sapm.GenericTile{\"header\":\"Manage Partners\"}"}]}
RESULT: undefined
COMMAND: POST /session/e5e3624079c08a1be99b29f3829b56f3/element - {"using":"xpath","value":"//*[@id=\"__tile38\"]"}
RESULT: {"using":"xpath","value":"//*[@id=\"__tile38\"]"}
COMMAND: POST /session/e5e3624079c08a1be99b29f3829b56f3/element/f.D9CBB32AE30EEC5AA9D03D761CDFE0B0.d.22FDA5BF47CCBA89497B1D8FA93A1EAB.e.151/click - {}
RESULT: {}
COMMAND: POST /session/e5e3624079c08a1be99b29f3829b56f3/element - {"using":"xpath","value":"//button[@data-kt=\"addButton\"]"}
COMMAND: GET /session/e5e3624079c08a1be99b29f3829b56f3/screenshot - {}
RESULT: {"using":"xpath","value":"//button[@data-kt=\"addButton\"]"}
COMMAND: POST /session/e5e3624079c08a1be99b29f3829b56f3/elements - {"using":"xpath","value":"//button[@data-kt=\"addButton\"]"}
RESULT: {}
RESULT: {"using":"xpath","value":"//button[@data-kt=\"addButton\"]"}
COMMAND: POST /session/e5e3624079c08a1be99b29f3829b56f3/elements - {"using":"xpath","value":"//button[@data-kt=\"addButton\"]"}
RESULT: {"using":"xpath","value":"//button[@data-kt=\"addButton\"]"}
COMMAND: POST /session/e5e3624079c08a1be99b29f3829b56f3/elements - {"using":"xpath","value":"//button[@data-kt=\"addButton\"]"}
RESULT: {"using":"xpath","value":"//button[@data-kt=\"addButton\"]"}
COMMAND: POST /session/e5e3624079c08a1be99b29f3829b56f3/elements - {"using":"xpath","value":"//button[@data-kt=\"addButton\"]"}
RESULT: {"using":"xpath","value":"//button[@data-kt=\"addButton\"]"}
COMMAND: POST /session/e5e3624079c08a1be99b29f3829b56f3/elements - {"using":"xpath","value":"//button[@data-kt=\"addButton\"]"}
RESULT: {"using":"xpath","value":"//button[@data-kt=\"addButton\"]"}
COMMAND: POST /session/e5e3624079c08a1be99b29f3829b56f3/elements - {"using":"xpath","value":"//button[@data-kt=\"addButton\"]"}
RESULT: {"using":"xpath","value":"//button[@data-kt=\"addButton\"]"}
COMMAND: POST /session/e5e3624079c08a1be99b29f3829b56f3/elements - {"using":"xpath","value":"//button[@data-kt=\"addButton\"]"}
RESULT: {"using":"xpath","value":"//button[@data-kt=\"addButton\"]"}
COMMAND: POST /session/e5e3624079c08a1be99b29f3829b56f3/elements - {"using":"xpath","value":"//button[@data-kt=\"addButton\"]"}
RESULT: {"using":"xpath","value":"//button[@data-kt=\"addButton\"]"}
COMMAND: POST /session/e5e3624079c08a1be99b29f3829b56f3/elements - {"using":"xpath","value":"//button[@data-kt=\"addButton\"]"}
RESULT: {"using":"xpath","value":"//button[@data-kt=\"addButton\"]"}
COMMAND: POST /session/e5e3624079c08a1be99b29f3829b56f3/elements - {"using":"xpath","value":"//button[@data-kt=\"addButton\"]"}
RESULT: {"using":"xpath","value":"//button[@data-kt=\"addButton\"]"}
COMMAND: POST /session/e5e3624079c08a1be99b29f3829b56f3/elements - {"using":"xpath","value":"//button[@data-kt=\"addButton\"]"}
RESULT: {"using":"xpath","value":"//button[@data-kt=\"addButton\"]"}
COMMAND: POST /session/e5e3624079c08a1be99b29f3829b56f3/elements - {"using":"xpath","value":"//button[@data-kt=\"addButton\"]"}
RESULT: {"using":"xpath","value":"//button[@data-kt=\"addButton\"]"}
COMMAND: POST /session/e5e3624079c08a1be99b29f3829b56f3/elements - {"using":"xpath","value":"//button[@data-kt=\"addButton\"]"}
RESULT: {"using":"xpath","value":"//button[@data-kt=\"addButton\"]"}
COMMAND: POST /session/e5e3624079c08a1be99b29f3829b56f3/elements - {"using":"xpath","value":"//button[@data-kt=\"addButton\"]"}
RESULT: {"using":"xpath","value":"//button[@data-kt=\"addButton\"]"}
COMMAND: POST /session/e5e3624079c08a1be99b29f3829b56f3/elements - {"using":"xpath","value":"//button[@data-kt=\"addButton\"]"}
RESULT: {"using":"xpath","value":"//button[@data-kt=\"addButton\"]"}
COMMAND: POST /session/e5e3624079c08a1be99b29f3829b56f3/elements - {"using":"xpath","value":"//button[@data-kt=\"addButton\"]"}
RESULT: {"using":"xpath","value":"//button[@data-kt=\"addButton\"]"}
COMMAND: POST /session/e5e3624079c08a1be99b29f3829b56f3/elements - {"using":"xpath","value":"//button[@data-kt=\"addButton\"]"}
RESULT: {"using":"xpath","value":"//button[@data-kt=\"addButton\"]"}
COMMAND: POST /session/e5e3624079c08a1be99b29f3829b56f3/elements - {"using":"xpath","value":"//button[@data-kt=\"addButton\"]"}
RESULT: {"using":"xpath","value":"//button[@data-kt=\"addButton\"]"}
COMMAND: POST /session/e5e3624079c08a1be99b29f3829b56f3/element - {"using":"xpath","value":"//button[@data-kt=\"addButton\"]"}
RESULT: {"using":"xpath","value":"//button[@data-kt=\"addButton\"]"}
COMMAND: POST /session/e5e3624079c08a1be99b29f3829b56f3/execute/sync - {"script":"<script> [8489 bytes]","args":[{"element-6066-11e4-a52e-4f735466cecf":"f.D9CBB32AE30EEC5AA9D03D761CDFE0B0.d.22FDA5BF47CCBA89497B1D8FA93A1EAB.e.1050","ELEMENT":"f.D9CBB32AE30EEC5AA9D03D761CDFE0B0.d.22FDA5BF47CCBA89497B1D8FA93A1EAB.e.1050"}]}
RESULT: {"script":"<script> [8489 bytes]","args":[{"element-6066-11e4-a52e-4f735466cecf":"f.D9CBB32AE30EEC5AA9D03D761CDFE0B0.d.22FDA5BF47CCBA89497B1D8FA93A1EAB.e.1050","ELEMENT":"f.D9CBB32AE30EEC5AA9D03D761CDFE0B0.d.22FDA5BF47CCBA89497B1D8FA93A1EAB.e.1050"}]}
COMMAND: GET /session/e5e3624079c08a1be99b29f3829b56f3/element/f.D9CBB32AE30EEC5AA9D03D761CDFE0B0.d.22FDA5BF47CCBA89497B1D8FA93A1EAB.e.1050/enabled - {}
COMMAND: GET /session/e5e3624079c08a1be99b29f3829b56f3/screenshot - {}
RESULT: {}
COMMAND: POST /session/e5e3624079c08a1be99b29f3829b56f3/execute/sync - {"script":"<script> [8489 bytes]","args":[{"element-6066-11e4-a52e-4f735466cecf":"f.D9CBB32AE30EEC5AA9D03D761CDFE0B0.d.22FDA5BF47CCBA89497B1D8FA93A1EAB.e.1050","ELEMENT":"f.D9CBB32AE30EEC5AA9D03D761CDFE0B0.d.22FDA5BF47CCBA89497B1D8FA93A1EAB.e.1050"}]}
COMMAND: GET /session/e5e3624079c08a1be99b29f3829b56f3/screenshot - {}
RESULT: {}
RESULT: {"script":"<script> [8489 bytes]","args":[{"element-6066-11e4-a52e-4f735466cecf":"f.D9CBB32AE30EEC5AA9D03D761CDFE0B0.d.22FDA5BF47CCBA89497B1D8FA93A1EAB.e.1050","ELEMENT":"f.D9CBB32AE30EEC5AA9D03D761CDFE0B0.d.22FDA5BF47CCBA89497B1D8FA93A1EAB.e.1050"}]}
COMMAND: POST /session/e5e3624079c08a1be99b29f3829b56f3/execute/sync - {"script":"<script> [5351 bytes]","args":[{"element-6066-11e4-a52e-4f735466cecf":"f.D9CBB32AE30EEC5AA9D03D761CDFE0B0.d.22FDA5BF47CCBA89497B1D8FA93A1EAB.e.1050","ELEMENT":"f.D9CBB32AE30EEC5AA9D03D761CDFE0B0.d.22FDA5BF47CCBA89497B1D8FA93A1EAB.e.1050"}]}
COMMAND: GET /session/e5e3624079c08a1be99b29f3829b56f3/screenshot - {}
RESULT: {}
RESULT: {"script":"<script> [5351 bytes]","args":[{"element-6066-11e4-a52e-4f735466cecf":"f.D9CBB32AE30EEC5AA9D03D761CDFE0B0.d.22FDA5BF47CCBA89497B1D8FA93A1EAB.e.1050","ELEMENT":"f.D9CBB32AE30EEC5AA9D03D761CDFE0B0.d.22FDA5BF47CCBA89497B1D8FA93A1EAB.e.1050"}]}
COMMAND: POST /session/e5e3624079c08a1be99b29f3829b56f3/element/f.D9CBB32AE30EEC5AA9D03D761CDFE0B0.d.22FDA5BF47CCBA89497B1D8FA93A1EAB.e.1050/click - {}
COMMAND: GET /session/e5e3624079c08a1be99b29f3829b56f3/screenshot - {}
RESULT: {}
RESULT: {}
COMMAND: GET /session/e5e3624079c08a1be99b29f3829b56f3/screenshot - {}
COMMAND: POST /session/e5e3624079c08a1be99b29f3829b56f3/execute/async - {"script":"<script> [1562 bytes]","args":[{"selector":{"id":"application-managepartners-display-component---NewPartner--addressDetailDetailsName1","interaction":{"idSuffix":"inner"}},"wdio_ui5_key":"applicationmanagepartners-display-component---NewPartner--addressDetailDetailsName1"}]}
RESULT: {}
RESULT: {}
RESULT: {"script":"<script> [1562 bytes]","args":[{"selector":{"id":"application-managepartners-display-component---NewPartner--addressDetailDetailsName1","interaction":{"idSuffix":"inner"}},"wdio_ui5_key":"applicationmanagepartners-display-component---NewPartner--addressDetailDetailsName1"}]}
RESULT: undefined
COMMAND: POST /session/e5e3624079c08a1be99b29f3829b56f3/execute/async - {"script":"<script> [776 bytes]","args":[{"enterText":"Intracompany Partner WDIO","selector":{"id":"application-managepartners-display-component---NewPartner--addressDetailDetailsName1","interaction":{"idSuffix":"inner"}},"clearTextFirst":true,"interactionType":"ENTER_TEXT"}]}
RESULT: {"script":"<script> [776 bytes]","args":[{"enterText":"Intracompany Partner WDIO","selector":{"id":"application-managepartners-display-component---NewPartner--addressDetailDetailsName1","interaction":{"idSuffix":"inner"}},"clearTextFirst":true,"interactionType":"ENTER_TEXT"}]}
COMMAND: POST /session/e5e3624079c08a1be99b29f3829b56f3/execute/async - {"script":"<script> [1562 bytes]","args":[{"selector":{"id":"application-managepartners-display-component---NewPartner--addressDetailDetailsLanguage-arrow"},"wdio_ui5_key":"applicationmanagepartners-display-component---NewPartner--addressDetailDetailsLanguage-arrow"}]}
RESULT: {"script":"<script> [1562 bytes]","args":[{"selector":{"id":"application-managepartners-display-component---NewPartner--addressDetailDetailsLanguage-arrow"},"wdio_ui5_key":"applicationmanagepartners-display-component---NewPartner--addressDetailDetailsLanguage-arrow"}]}
RESULT: undefined
COMMAND: POST /session/e5e3624079c08a1be99b29f3829b56f3/element - {"using":"xpath","value":"//*[@id=\"application-managepartners-display-component---NewPartner--addressDetailDetailsLanguage-arrow\"]"}
RESULT: {"using":"xpath","value":"//*[@id=\"application-managepartners-display-component---NewPartner--addressDetailDetailsLanguage-arrow\"]"}
COMMAND: POST /session/e5e3624079c08a1be99b29f3829b56f3/element/f.D9CBB32AE30EEC5AA9D03D761CDFE0B0.d.22FDA5BF47CCBA89497B1D8FA93A1EAB.e.1505/click - {}
RESULT: {}
COMMAND: POST /session/e5e3624079c08a1be99b29f3829b56f3/element - {"using":"xpath","value":"//span[contains(text(), \"English\")]"}
COMMAND: GET /session/e5e3624079c08a1be99b29f3829b56f3/screenshot - {}
RESULT: {"using":"xpath","value":"//span[contains(text(), \"English\")]"}
COMMAND: POST /session/e5e3624079c08a1be99b29f3829b56f3/element/f.D9CBB32AE30EEC5AA9D03D761CDFE0B0.d.22FDA5BF47CCBA89497B1D8FA93A1EAB.e.1506/click - {}
RESULT: {}
RESULT: {}
COMMAND: GET /session/e5e3624079c08a1be99b29f3829b56f3/screenshot - {}
RESULT: {}
COMMAND: POST /session/e5e3624079c08a1be99b29f3829b56f3/execute/async - {"script":"<script> [1562 bytes]","args":[{"selector":{"id":"application-managepartners-display-component---NewPartner--addressDetailDetailsCity1","interaction":{"idSuffix":"inner"}},"wdio_ui5_key":"applicationmanagepartners-display-component---NewPartner--addressDetailDetailsCity1"}]}
RESULT: {"script":"<script> [1562 bytes]","args":[{"selector":{"id":"application-managepartners-display-component---NewPartner--addressDetailDetailsCity1","interaction":{"idSuffix":"inner"}},"wdio_ui5_key":"applicationmanagepartners-display-component---NewPartner--addressDetailDetailsCity1"}]}
RESULT: undefined
COMMAND: POST /session/e5e3624079c08a1be99b29f3829b56f3/execute/async - {"script":"<script> [776 bytes]","args":[{"enterText":"Rosario","selector":{"id":"application-managepartners-display-component---NewPartner--addressDetailDetailsCity1","interaction":{"idSuffix":"inner"}},"clearTextFirst":true,"interactionType":"ENTER_TEXT"}]}
RESULT: {"script":"<script> [776 bytes]","args":[{"enterText":"Rosario","selector":{"id":"application-managepartners-display-component---NewPartner--addressDetailDetailsCity1","interaction":{"idSuffix":"inner"}},"clearTextFirst":true,"interactionType":"ENTER_TEXT"}]}
COMMAND: POST /session/e5e3624079c08a1be99b29f3829b56f3/execute/async - {"script":"<script> [1562 bytes]","args":[{"selector":{"id":"application-managepartners-display-component---NewPartner--addressDetailDetailsCountry-arrow"},"wdio_ui5_key":"applicationmanagepartners-display-component---NewPartner--addressDetailDetailsCountry-arrow"}]}
RESULT: {"script":"<script> [1562 bytes]","args":[{"selector":{"id":"application-managepartners-display-component---NewPartner--addressDetailDetailsCountry-arrow"},"wdio_ui5_key":"applicationmanagepartners-display-component---NewPartner--addressDetailDetailsCountry-arrow"}]}
RESULT: undefined
COMMAND: POST /session/e5e3624079c08a1be99b29f3829b56f3/element - {"using":"xpath","value":"//*[@id=\"application-managepartners-display-component---NewPartner--addressDetailDetailsCountry-arrow\"]"}
RESULT: {"using":"xpath","value":"//*[@id=\"application-managepartners-display-component---NewPartner--addressDetailDetailsCountry-arrow\"]"}
COMMAND: POST /session/e5e3624079c08a1be99b29f3829b56f3/element/f.D9CBB32AE30EEC5AA9D03D761CDFE0B0.d.22FDA5BF47CCBA89497B1D8FA93A1EAB.e.1492/click - {}
RESULT: {}
COMMAND: POST /session/e5e3624079c08a1be99b29f3829b56f3/element - {"using":"xpath","value":"//span[contains(text(), \"Argentina\")]"}
COMMAND: GET /session/e5e3624079c08a1be99b29f3829b56f3/screenshot - {}
RESULT: {"using":"xpath","value":"//span[contains(text(), \"Argentina\")]"}
COMMAND: POST /session/e5e3624079c08a1be99b29f3829b56f3/element/f.D9CBB32AE30EEC5AA9D03D761CDFE0B0.d.22FDA5BF47CCBA89497B1D8FA93A1EAB.e.1508/click - {}
RESULT: {}
RESULT: {}
COMMAND: GET /session/e5e3624079c08a1be99b29f3829b56f3/screenshot - {}
RESULT: {}
COMMAND: POST /session/e5e3624079c08a1be99b29f3829b56f3/element - {"using":"xpath","value":"//bdi[contains(text(), \"Commercial\")]"}
RESULT: {"using":"xpath","value":"//bdi[contains(text(), \"Commercial\")]"}
COMMAND: POST /session/e5e3624079c08a1be99b29f3829b56f3/element/f.D9CBB32AE30EEC5AA9D03D761CDFE0B0.d.22FDA5BF47CCBA89497B1D8FA93A1EAB.e.1509/click - {}
RESULT: {}
COMMAND: GET /session/e5e3624079c08a1be99b29f3829b56f3/screenshot - {}
RESULT: {}
COMMAND: POST /session/e5e3624079c08a1be99b29f3829b56f3/execute/async - {"script":"<script> [1562 bytes]","args":[{"selector":{"id":"application-managepartners-display-component---NewPartner--partnerDetailInternal-arrow"},"wdio_ui5_key":"applicationmanagepartners-display-component---NewPartner--partnerDetailInternal-arrow"}]}
RESULT: {"script":"<script> [1562 bytes]","args":[{"selector":{"id":"application-managepartners-display-component---NewPartner--partnerDetailInternal-arrow"},"wdio_ui5_key":"applicationmanagepartners-display-component---NewPartner--partnerDetailInternal-arrow"}]}
RESULT: undefined
COMMAND: POST /session/e5e3624079c08a1be99b29f3829b56f3/element - {"using":"xpath","value":"//*[@id=\"application-managepartners-display-component---NewPartner--partnerDetailInternal-arrow\"]"}
RESULT: {"using":"xpath","value":"//*[@id=\"application-managepartners-display-component---NewPartner--partnerDetailInternal-arrow\"]"}
COMMAND: POST /session/e5e3624079c08a1be99b29f3829b56f3/element/f.D9CBB32AE30EEC5AA9D03D761CDFE0B0.d.22FDA5BF47CCBA89497B1D8FA93A1EAB.e.1515/click - {}
RESULT: {}
COMMAND: POST /session/e5e3624079c08a1be99b29f3829b56f3/element - {"using":"xpath","value":"//span[contains(text(), \"Affiliated company\")]"}
COMMAND: GET /session/e5e3624079c08a1be99b29f3829b56f3/screenshot - {}
RESULT: {"using":"xpath","value":"//span[contains(text(), \"Affiliated company\")]"}
COMMAND: POST /session/e5e3624079c08a1be99b29f3829b56f3/element/f.D9CBB32AE30EEC5AA9D03D761CDFE0B0.d.22FDA5BF47CCBA89497B1D8FA93A1EAB.e.1516/click - {}
RESULT: {}
RESULT: {}
COMMAND: POST /session/e5e3624079c08a1be99b29f3829b56f3/execute/async - {"script":"<script> [1562 bytes]","args":[{"selector":{"id":"application-managepartners-display-component---NewPartner--partnerDetailsCurrency-arrow"},"wdio_ui5_key":"applicationmanagepartners-display-component---NewPartner--partnerDetailsCurrency-arrow"}]}
COMMAND: GET /session/e5e3624079c08a1be99b29f3829b56f3/screenshot - {}
RESULT: {"script":"<script> [1562 bytes]","args":[{"selector":{"id":"application-managepartners-display-component---NewPartner--partnerDetailsCurrency-arrow"},"wdio_ui5_key":"applicationmanagepartners-display-component---NewPartner--partnerDetailsCurrency-arrow"}]}
RESULT: undefined
COMMAND: POST /session/e5e3624079c08a1be99b29f3829b56f3/element - {"using":"xpath","value":"//*[@id=\"application-managepartners-display-component---NewPartner--partnerDetailsCurrency-arrow\"]"}
RESULT: {}
RESULT: {"using":"xpath","value":"//*[@id=\"application-managepartners-display-component---NewPartner--partnerDetailsCurrency-arrow\"]"}
COMMAND: POST /session/e5e3624079c08a1be99b29f3829b56f3/element/f.D9CBB32AE30EEC5AA9D03D761CDFE0B0.d.22FDA5BF47CCBA89497B1D8FA93A1EAB.e.1523/click - {}
RESULT: {}
COMMAND: POST /session/e5e3624079c08a1be99b29f3829b56f3/element - {"using":"xpath","value":"//span[contains(text(), \"Euro\")]"}
COMMAND: GET /session/e5e3624079c08a1be99b29f3829b56f3/screenshot - {}
RESULT: {"using":"xpath","value":"//span[contains(text(), \"Euro\")]"}
COMMAND: POST /session/e5e3624079c08a1be99b29f3829b56f3/element/f.D9CBB32AE30EEC5AA9D03D761CDFE0B0.d.22FDA5BF47CCBA89497B1D8FA93A1EAB.e.1524/click - {}
RESULT: {}
RESULT: {}
COMMAND: POST /session/e5e3624079c08a1be99b29f3829b56f3/execute/async - {"script":"<script> [1562 bytes]","args":[{"selector":{"id":"application-managepartners-display-component---NewPartner--addressEditDetailsCostObjectCstType-arrow"},"wdio_ui5_key":"applicationmanagepartners-display-component---NewPartner--addressEditDetailsCostObjectCstType-arrow"}]}
COMMAND: GET /session/e5e3624079c08a1be99b29f3829b56f3/screenshot - {}
RESULT: {"script":"<script> [1562 bytes]","args":[{"selector":{"id":"application-managepartners-display-component---NewPartner--addressEditDetailsCostObjectCstType-arrow"},"wdio_ui5_key":"applicationmanagepartners-display-component---NewPartner--addressEditDetailsCostObjectCstType-arrow"}]}
RESULT: undefined
COMMAND: POST /session/e5e3624079c08a1be99b29f3829b56f3/element - {"using":"xpath","value":"//*[@id=\"application-managepartners-display-component---NewPartner--addressEditDetailsCostObjectCstType-arrow\"]"}
RESULT: {}
RESULT: {"using":"xpath","value":"//*[@id=\"application-managepartners-display-component---NewPartner--addressEditDetailsCostObjectCstType-arrow\"]"}
COMMAND: POST /session/e5e3624079c08a1be99b29f3829b56f3/element/f.D9CBB32AE30EEC5AA9D03D761CDFE0B0.d.22FDA5BF47CCBA89497B1D8FA93A1EAB.e.1525/click - {}
RESULT: {}
COMMAND: POST /session/e5e3624079c08a1be99b29f3829b56f3/element - {"using":"xpath","value":"//span[contains(text(), \"Cost Center\")]"}
COMMAND: GET /session/e5e3624079c08a1be99b29f3829b56f3/screenshot - {}
RESULT: {"using":"xpath","value":"//span[contains(text(), \"Cost Center\")]"}
COMMAND: POST /session/e5e3624079c08a1be99b29f3829b56f3/element/f.D9CBB32AE30EEC5AA9D03D761CDFE0B0.d.22FDA5BF47CCBA89497B1D8FA93A1EAB.e.1526/click - {}
RESULT: {}
RESULT: {}
COMMAND: GET /session/e5e3624079c08a1be99b29f3829b56f3/screenshot - {}
RESULT: {}
COMMAND: POST /session/e5e3624079c08a1be99b29f3829b56f3/element - {"using":"xpath","value":"//span[@id=\"application-managepartners-display-component---NewPartner--addressNewCostObjectCstID-vhi\"]"}
RESULT: {"using":"xpath","value":"//span[@id=\"application-managepartners-display-component---NewPartner--addressNewCostObjectCstID-vhi\"]"}
COMMAND: POST /session/e5e3624079c08a1be99b29f3829b56f3/execute/sync - {"script":"<script> [8489 bytes]","args":[{"element-6066-11e4-a52e-4f735466cecf":"f.D9CBB32AE30EEC5AA9D03D761CDFE0B0.d.22FDA5BF47CCBA89497B1D8FA93A1EAB.e.1530","ELEMENT":"f.D9CBB32AE30EEC5AA9D03D761CDFE0B0.d.22FDA5BF47CCBA89497B1D8FA93A1EAB.e.1530"}]}
RESULT: {"script":"<script> [8489 bytes]","args":[{"element-6066-11e4-a52e-4f735466cecf":"f.D9CBB32AE30EEC5AA9D03D761CDFE0B0.d.22FDA5BF47CCBA89497B1D8FA93A1EAB.e.1530","ELEMENT":"f.D9CBB32AE30EEC5AA9D03D761CDFE0B0.d.22FDA5BF47CCBA89497B1D8FA93A1EAB.e.1530"}]}
COMMAND: POST /session/e5e3624079c08a1be99b29f3829b56f3/execute/async - {"script":"<script> [1562 bytes]","args":[{"selector":{"id":"application-managepartners-display-component---NewPartner--addressNewCostObjectCstID-vhi"},"wdio_ui5_key":"applicationmanagepartners-display-component---NewPartner--addressNewCostObjectCstID-vhi"}]}
COMMAND: GET /session/e5e3624079c08a1be99b29f3829b56f3/screenshot - {}
RESULT: {"script":"<script> [1562 bytes]","args":[{"selector":{"id":"application-managepartners-display-component---NewPartner--addressNewCostObjectCstID-vhi"},"wdio_ui5_key":"applicationmanagepartners-display-component---NewPartner--addressNewCostObjectCstID-vhi"}]}
RESULT: undefined
COMMAND: POST /session/e5e3624079c08a1be99b29f3829b56f3/element - {"using":"xpath","value":"//*[@id=\"application-managepartners-display-component---NewPartner--addressNewCostObjectCstID-vhi\"]"}
RESULT: {}
RESULT: {"using":"xpath","value":"//*[@id=\"application-managepartners-display-component---NewPartner--addressNewCostObjectCstID-vhi\"]"}
COMMAND: POST /session/e5e3624079c08a1be99b29f3829b56f3/element/f.D9CBB32AE30EEC5AA9D03D761CDFE0B0.d.22FDA5BF47CCBA89497B1D8FA93A1EAB.e.1530/click - {}
RESULT: {}
COMMAND: GET /session/e5e3624079c08a1be99b29f3829b56f3/screenshot - {}
RESULT: {}
RESULT: undefined
COMMAND: POST /session/e5e3624079c08a1be99b29f3829b56f3/execute/async - {"script":"<script> [776 bytes]","args":[{"enterText":"10001013","selector":{"controlType":"sap.m.SearchField","properties":{"placeholder":"Search"},"searchOpenDialogs":true,"interaction":{"idSuffix":"I"}},"clearTextFirst":true,"interactionType":"ENTER_TEXT"}]}
RESULT: {"script":"<script> [776 bytes]","args":[{"enterText":"10001013","selector":{"controlType":"sap.m.SearchField","properties":{"placeholder":"Search"},"searchOpenDialogs":true,"interaction":{"idSuffix":"I"}},"clearTextFirst":true,"interactionType":"ENTER_TEXT"}]}
COMMAND: POST /session/e5e3624079c08a1be99b29f3829b56f3/actions - {"actions":[{"id":"action2","type":"key","parameters":{},"actions":[{"type":"keyDown","value":"î€‡"},{"type":"pause","duration":10},{"type":"keyUp","value":"î€‡"}]}]}
RESULT: {"actions":[{"id":"action2","type":"key","parameters":{},"actions":[{"type":"keyDown","value":"î€‡"},{"type":"pause","duration":10},{"type":"keyUp","value":"î€‡"}]}]}
COMMAND: GET /session/e5e3624079c08a1be99b29f3829b56f3/screenshot - {}
RESULT: {}
COMMAND: POST /session/e5e3624079c08a1be99b29f3829b56f3/element - {"using":"xpath","value":"//span[contains(text(), \"General Management\")]"}
RESULT: {"using":"xpath","value":"//span[contains(text(), \"General Management\")]"}
COMMAND: POST /session/e5e3624079c08a1be99b29f3829b56f3/element/f.D9CBB32AE30EEC5AA9D03D761CDFE0B0.d.22FDA5BF47CCBA89497B1D8FA93A1EAB.e.1568/click - {}
RESULT: {}
COMMAND: GET /session/e5e3624079c08a1be99b29f3829b56f3/screenshot - {}
RESULT: {}
COMMAND: POST /session/e5e3624079c08a1be99b29f3829b56f3/element - {"using":"xpath","value":"//bdi[contains(text(), \"OK\")]"}
RESULT: {"using":"xpath","value":"//bdi[contains(text(), \"OK\")]"}
COMMAND: POST /session/e5e3624079c08a1be99b29f3829b56f3/element/f.D9CBB32AE30EEC5AA9D03D761CDFE0B0.d.22FDA5BF47CCBA89497B1D8FA93A1EAB.e.1569/click - {}
RESULT: {}
COMMAND: GET /session/e5e3624079c08a1be99b29f3829b56f3/screenshot - {}
RESULT: {}
COMMAND: POST /session/e5e3624079c08a1be99b29f3829b56f3/element - {"using":"xpath","value":"//input[@id=\"application-managepartners-display-component---NewPartner--companyCodeComboBox-inner\"]"}
RESULT: {"using":"xpath","value":"//input[@id=\"application-managepartners-display-component---NewPartner--companyCodeComboBox-inner\"]"}
COMMAND: POST /session/e5e3624079c08a1be99b29f3829b56f3/element/f.D9CBB32AE30EEC5AA9D03D761CDFE0B0.d.22FDA5BF47CCBA89497B1D8FA93A1EAB.e.1374/clear - {}
RESULT: {}
COMMAND: POST /session/e5e3624079c08a1be99b29f3829b56f3/element/f.D9CBB32AE30EEC5AA9D03D761CDFE0B0.d.22FDA5BF47CCBA89497B1D8FA93A1EAB.e.1374/value - {"text":"1000"}
COMMAND: GET /session/e5e3624079c08a1be99b29f3829b56f3/screenshot - {}
RESULT: {"text":"1000"}
COMMAND: GET /session/e5e3624079c08a1be99b29f3829b56f3/screenshot - {}
RESULT: {}
RESULT: {}
COMMAND: POST /session/e5e3624079c08a1be99b29f3829b56f3/element - {"using":"xpath","value":"//li[.//span[text()= \"1000\"]]"}
RESULT: {"using":"xpath","value":"//li[.//span[text()= \"1000\"]]"}
COMMAND: POST /session/e5e3624079c08a1be99b29f3829b56f3/element/f.D9CBB32AE30EEC5AA9D03D761CDFE0B0.d.22FDA5BF47CCBA89497B1D8FA93A1EAB.e.1575/click - {}
RESULT: {}
COMMAND: GET /session/e5e3624079c08a1be99b29f3829b56f3/screenshot - {}
RESULT: {}
COMMAND: POST /session/e5e3624079c08a1be99b29f3829b56f3/execute/async - {"script":"<script> [1562 bytes]","args":[{"selector":{"id":"application-managepartners-display-component---NewPartner--btnAddTableRow-img"},"wdio_ui5_key":"applicationmanagepartners-display-component---NewPartner--btnAddTableRow-img"}]}
RESULT: {"script":"<script> [1562 bytes]","args":[{"selector":{"id":"application-managepartners-display-component---NewPartner--btnAddTableRow-img"},"wdio_ui5_key":"applicationmanagepartners-display-component---NewPartner--btnAddTableRow-img"}]}
RESULT: undefined
COMMAND: POST /session/e5e3624079c08a1be99b29f3829b56f3/element - {"using":"xpath","value":"//*[@id=\"application-managepartners-display-component---NewPartner--btnAddTableRow-img\"]"}
RESULT: {"using":"xpath","value":"//*[@id=\"application-managepartners-display-component---NewPartner--btnAddTableRow-img\"]"}
COMMAND: POST /session/e5e3624079c08a1be99b29f3829b56f3/element/f.D9CBB32AE30EEC5AA9D03D761CDFE0B0.d.22FDA5BF47CCBA89497B1D8FA93A1EAB.e.1576/click - {}
RESULT: {}
COMMAND: GET /session/e5e3624079c08a1be99b29f3829b56f3/screenshot - {}
RESULT: {}
COMMAND: POST /session/e5e3624079c08a1be99b29f3829b56f3/element - {"using":"xpath","value":"//input[@id=\"application-managepartners-display-component---NewPartner--assignmentYard-application-managepartners-display-component---NewPartner--assignmentsTable-0-inner\"]"}
RESULT: {"using":"xpath","value":"//input[@id=\"application-managepartners-display-component---NewPartner--assignmentYard-application-managepartners-display-component---NewPartner--assignmentsTable-0-inner\"]"}
COMMAND: POST /session/e5e3624079c08a1be99b29f3829b56f3/element/f.D9CBB32AE30EEC5AA9D03D761CDFE0B0.d.22FDA5BF47CCBA89497B1D8FA93A1EAB.e.1579/clear - {}
RESULT: {}
COMMAND: POST /session/e5e3624079c08a1be99b29f3829b56f3/element/f.D9CBB32AE30EEC5AA9D03D761CDFE0B0.d.22FDA5BF47CCBA89497B1D8FA93A1EAB.e.1579/value - {"text":"279"}
COMMAND: GET /session/e5e3624079c08a1be99b29f3829b56f3/screenshot - {}
RESULT: {"text":"279"}
COMMAND: GET /session/e5e3624079c08a1be99b29f3829b56f3/screenshot - {}
RESULT: {}
RESULT: {}
COMMAND: POST /session/e5e3624079c08a1be99b29f3829b56f3/element - {"using":"xpath","value":"//li[.//span[text()='279']]"}
RESULT: {"using":"xpath","value":"//li[.//span[text()='279']]"}
COMMAND: POST /session/e5e3624079c08a1be99b29f3829b56f3/element/f.D9CBB32AE30EEC5AA9D03D761CDFE0B0.d.22FDA5BF47CCBA89497B1D8FA93A1EAB.e.1588/click - {}
RESULT: {}
COMMAND: GET /session/e5e3624079c08a1be99b29f3829b56f3/screenshot - {}
RESULT: {}
COMMAND: POST /session/e5e3624079c08a1be99b29f3829b56f3/actions - {"actions":[{"id":"action3","type":"key","parameters":{},"actions":[{"type":"keyDown","value":"î€‡"},{"type":"pause","duration":10},{"type":"keyUp","value":"î€‡"}]}]}
RESULT: {"actions":[{"id":"action3","type":"key","parameters":{},"actions":[{"type":"keyDown","value":"î€‡"},{"type":"pause","duration":10},{"type":"keyUp","value":"î€‡"}]}]}
COMMAND: POST /session/e5e3624079c08a1be99b29f3829b56f3/execute/async - {"script":"<script> [1562 bytes]","args":[{"selector":{"id":"application-managepartners-display-component---NewPartner--externalCustomerComboBox-application-managepartners-display-component---NewPartner--assignmentsTable-0-vhi"},"wdio_ui5_key":"applicationmanagepartners-display-component---NewPartner--externalCustomerComboBox-application-managepartners-display-component---NewPartner--assignmentsTable-0-vhi"}]}
COMMAND: GET /session/e5e3624079c08a1be99b29f3829b56f3/screenshot - {}
RESULT: {"script":"<script> [1562 bytes]","args":[{"selector":{"id":"application-managepartners-display-component---NewPartner--externalCustomerComboBox-application-managepartners-display-component---NewPartner--assignmentsTable-0-vhi"},"wdio_ui5_key":"applicationmanagepartners-display-component---NewPartner--externalCustomerComboBox-application-managepartners-display-component---NewPartner--assignmentsTable-0-vhi"}]}
RESULT: undefined
COMMAND: POST /session/e5e3624079c08a1be99b29f3829b56f3/element - {"using":"xpath","value":"//*[@id=\"application-managepartners-display-component---NewPartner--externalCustomerComboBox-application-managepartners-display-component---NewPartner--assignmentsTable-0-vhi\"]"}
RESULT: {}
RESULT: {"using":"xpath","value":"//*[@id=\"application-managepartners-display-component---NewPartner--externalCustomerComboBox-application-managepartners-display-component---NewPartner--assignmentsTable-0-vhi\"]"}
COMMAND: POST /session/e5e3624079c08a1be99b29f3829b56f3/element/f.D9CBB32AE30EEC5AA9D03D761CDFE0B0.d.22FDA5BF47CCBA89497B1D8FA93A1EAB.e.1592/click - {}
RESULT: {}
RESULT: undefined
COMMAND: POST /session/e5e3624079c08a1be99b29f3829b56f3/execute/async - {"script":"<script> [776 bytes]","args":[{"enterText":"300003","selector":{"controlType":"sap.m.SearchField","properties":{"placeholder":"Search"},"searchOpenDialogs":true,"interaction":{"idSuffix":"I"}},"clearTextFirst":true,"interactionType":"ENTER_TEXT"}]}
COMMAND: GET /session/e5e3624079c08a1be99b29f3829b56f3/screenshot - {}
RESULT: {"script":"<script> [776 bytes]","args":[{"enterText":"300003","selector":{"controlType":"sap.m.SearchField","properties":{"placeholder":"Search"},"searchOpenDialogs":true,"interaction":{"idSuffix":"I"}},"clearTextFirst":true,"interactionType":"ENTER_TEXT"}]}
COMMAND: POST /session/e5e3624079c08a1be99b29f3829b56f3/actions - {"actions":[{"id":"action4","type":"key","parameters":{},"actions":[{"type":"keyDown","value":"î€‡"},{"type":"pause","duration":10},{"type":"keyUp","value":"î€‡"}]}]}
RESULT: {}
RESULT: {"actions":[{"id":"action4","type":"key","parameters":{},"actions":[{"type":"keyDown","value":"î€‡"},{"type":"pause","duration":10},{"type":"keyUp","value":"î€‡"}]}]}
COMMAND: GET /session/e5e3624079c08a1be99b29f3829b56f3/screenshot - {}
RESULT: {}
COMMAND: POST /session/e5e3624079c08a1be99b29f3829b56f3/element - {"using":"xpath","value":"//span[contains(text(), \"300003\")]"}
RESULT: {"using":"xpath","value":"//span[contains(text(), \"300003\")]"}
COMMAND: POST /session/e5e3624079c08a1be99b29f3829b56f3/element/f.D9CBB32AE30EEC5AA9D03D761CDFE0B0.d.22FDA5BF47CCBA89497B1D8FA93A1EAB.e.1611/click - {}
RESULT: {}
COMMAND: GET /session/e5e3624079c08a1be99b29f3829b56f3/screenshot - {}
RESULT: {}
COMMAND: POST /session/e5e3624079c08a1be99b29f3829b56f3/element - {"using":"xpath","value":"//bdi[contains(text(), \"OK\")]"}
RESULT: {"using":"xpath","value":"//bdi[contains(text(), \"OK\")]"}
COMMAND: POST /session/e5e3624079c08a1be99b29f3829b56f3/element/f.D9CBB32AE30EEC5AA9D03D761CDFE0B0.d.22FDA5BF47CCBA89497B1D8FA93A1EAB.e.1613/click - {}
RESULT: {}
COMMAND: GET /session/e5e3624079c08a1be99b29f3829b56f3/screenshot - {}
RESULT: {}
COMMAND: POST /session/e5e3624079c08a1be99b29f3829b56f3/execute/async - {"script":"<script> [1562 bytes]","args":[{"selector":{"id":"application-managepartners-display-component---NewPartner--intercompVendorComboBox-application-managepartners-display-component---NewPartner--assignmentsTable-0-vhi"},"wdio_ui5_key":"applicationmanagepartners-display-component---NewPartner--intercompVendorComboBox-application-managepartners-display-component---NewPartner--assignmentsTable-0-vhi"}]}
RESULT: {"script":"<script> [1562 bytes]","args":[{"selector":{"id":"application-managepartners-display-component---NewPartner--intercompVendorComboBox-application-managepartners-display-component---NewPartner--assignmentsTable-0-vhi"},"wdio_ui5_key":"applicationmanagepartners-display-component---NewPartner--intercompVendorComboBox-application-managepartners-display-component---NewPartner--assignmentsTable-0-vhi"}]}
RESULT: undefined
COMMAND: POST /session/e5e3624079c08a1be99b29f3829b56f3/element - {"using":"xpath","value":"//*[@id=\"application-managepartners-display-component---NewPartner--intercompVendorComboBox-application-managepartners-display-component---NewPartner--assignmentsTable-0-vhi\"]"}
RESULT: {"using":"xpath","value":"//*[@id=\"application-managepartners-display-component---NewPartner--intercompVendorComboBox-application-managepartners-display-component---NewPartner--assignmentsTable-0-vhi\"]"}
COMMAND: POST /session/e5e3624079c08a1be99b29f3829b56f3/element/f.D9CBB32AE30EEC5AA9D03D761CDFE0B0.d.22FDA5BF47CCBA89497B1D8FA93A1EAB.e.1616/click - {}
RESULT: {}
RESULT: undefined
COMMAND: POST /session/e5e3624079c08a1be99b29f3829b56f3/execute/async - {"script":"<script> [776 bytes]","args":[{"enterText":"100005","selector":{"controlType":"sap.m.SearchField","properties":{"placeholder":"Search"},"searchOpenDialogs":true,"interaction":{"idSuffix":"I"}},"clearTextFirst":true,"interactionType":"ENTER_TEXT"}]}
COMMAND: GET /session/e5e3624079c08a1be99b29f3829b56f3/screenshot - {}
RESULT: {"script":"<script> [776 bytes]","args":[{"enterText":"100005","selector":{"controlType":"sap.m.SearchField","properties":{"placeholder":"Search"},"searchOpenDialogs":true,"interaction":{"idSuffix":"I"}},"clearTextFirst":true,"interactionType":"ENTER_TEXT"}]}
COMMAND: POST /session/e5e3624079c08a1be99b29f3829b56f3/actions - {"actions":[{"id":"action5","type":"key","parameters":{},"actions":[{"type":"keyDown","value":"î€‡"},{"type":"pause","duration":10},{"type":"keyUp","value":"î€‡"}]}]}
RESULT: {}
RESULT: {"actions":[{"id":"action5","type":"key","parameters":{},"actions":[{"type":"keyDown","value":"î€‡"},{"type":"pause","duration":10},{"type":"keyUp","value":"î€‡"}]}]}
COMMAND: GET /session/e5e3624079c08a1be99b29f3829b56f3/screenshot - {}
RESULT: {}
COMMAND: POST /session/e5e3624079c08a1be99b29f3829b56f3/element - {"using":"xpath","value":"//span[contains(text(), \"Penguins - Field/12345 Berlin\")]"}
RESULT: {"using":"xpath","value":"//span[contains(text(), \"Penguins - Field/12345 Berlin\")]"}
COMMAND: POST /session/e5e3624079c08a1be99b29f3829b56f3/element/f.D9CBB32AE30EEC5AA9D03D761CDFE0B0.d.22FDA5BF47CCBA89497B1D8FA93A1EAB.e.1634/click - {}
RESULT: {}
COMMAND: GET /session/e5e3624079c08a1be99b29f3829b56f3/screenshot - {}
RESULT: {}
COMMAND: POST /session/e5e3624079c08a1be99b29f3829b56f3/element - {"using":"xpath","value":"//bdi[contains(text(), \"OK\")]"}
RESULT: {"using":"xpath","value":"//bdi[contains(text(), \"OK\")]"}
COMMAND: POST /session/e5e3624079c08a1be99b29f3829b56f3/element/f.D9CBB32AE30EEC5AA9D03D761CDFE0B0.d.22FDA5BF47CCBA89497B1D8FA93A1EAB.e.1635/click - {}
RESULT: {}
COMMAND: GET /session/e5e3624079c08a1be99b29f3829b56f3/screenshot - {}
RESULT: {}
COMMAND: POST /session/e5e3624079c08a1be99b29f3829b56f3/element - {"using":"xpath","value":"//button[@data-kt=\"saveButton\"]"}
RESULT: {"using":"xpath","value":"//button[@data-kt=\"saveButton\"]"}
COMMAND: POST /session/e5e3624079c08a1be99b29f3829b56f3/element/f.D9CBB32AE30EEC5AA9D03D761CDFE0B0.d.22FDA5BF47CCBA89497B1D8FA93A1EAB.e.1409/click - {}
RESULT: {}
COMMAND: GET /session/e5e3624079c08a1be99b29f3829b56f3/screenshot - {}
RESULT: {}
COMMAND: POST /session/e5e3624079c08a1be99b29f3829b56f3/element - {"using":"xpath","value":"//header[contains(@id, 'ObjectPageLayout-headerTitle')]/div[1]/div[2]/div[2]/span[1]"}
RESULT: {"using":"xpath","value":"//header[contains(@id, 'ObjectPageLayout-headerTitle')]/div[1]/div[2]/div[2]/span[1]"}
COMMAND: POST /session/e5e3624079c08a1be99b29f3829b56f3/elements - {"using":"xpath","value":"//header[contains(@id, 'ObjectPageLayout-headerTitle')]/div[1]/div[2]/div[2]/span[1]"}
RESULT: {"using":"xpath","value":"//header[contains(@id, 'ObjectPageLayout-headerTitle')]/div[1]/div[2]/div[2]/span[1]"}
COMMAND: POST /session/e5e3624079c08a1be99b29f3829b56f3/execute/sync - {"script":"<script> [56 bytes]","args":[{"element-6066-11e4-a52e-4f735466cecf":"f.D9CBB32AE30EEC5AA9D03D761CDFE0B0.d.22FDA5BF47CCBA89497B1D8FA93A1EAB.e.1799","ELEMENT":"f.D9CBB32AE30EEC5AA9D03D761CDFE0B0.d.22FDA5BF47CCBA89497B1D8FA93A1EAB.e.1799"}]}
RESULT: {"script":"<script> [56 bytes]","args":[{"element-6066-11e4-a52e-4f735466cecf":"f.D9CBB32AE30EEC5AA9D03D761CDFE0B0.d.22FDA5BF47CCBA89497B1D8FA93A1EAB.e.1799","ELEMENT":"f.D9CBB32AE30EEC5AA9D03D761CDFE0B0.d.22FDA5BF47CCBA89497B1D8FA93A1EAB.e.1799"}]}
COMMAND: POST /session/e5e3624079c08a1be99b29f3829b56f3/element - {"using":"css selector","value":"#shell-header-logo"}
COMMAND: GET /session/e5e3624079c08a1be99b29f3829b56f3/screenshot - {}
RESULT: {"using":"css selector","value":"#shell-header-logo"}
COMMAND: POST /session/e5e3624079c08a1be99b29f3829b56f3/element/f.D9CBB32AE30EEC5AA9D03D761CDFE0B0.d.22FDA5BF47CCBA89497B1D8FA93A1EAB.e.1016/click - {}
RESULT: {}
RESULT: {}
COMMAND: GET /session/e5e3624079c08a1be99b29f3829b56f3/screenshot - {}
RESULT: {}
COMMAND: POST /session/e5e3624079c08a1be99b29f3829b56f3/execute/sync - {"script":"<script> [299 bytes]","args":[["getModel","getResource"]]}
RESULT: {"script":"<script> [299 bytes]","args":[["getModel","getResource"]]}
COMMAND: GET /session/e5e3624079c08a1be99b29f3829b56f3/screenshot - {}
]]></system-out>
    </testcase>
    <testcase classname="chrome.136_0_7103_49.windows.Tests_for_Mass_State_Change_on_Manage_States_&amp;_Performances_US104416_US" name="Prereq Should create a new site" time="93.747">
      <system-out><![CDATA[
COMMAND: POST /session/e5e3624079c08a1be99b29f3829b56f3/execute/async - {"script":"<script> [1562 bytes]","args":[{"selector":{"controlType":"sap.m.TileContent","bindingPath":{"path":"","propertyPath":"/properties/info"},"ancestor":{"controlType":"sap.m.GenericTile","properties":{"header":"Manage Sites"}}},"wdio_ui5_key":"sapm.TileContent{\"path\":\"\",\"propertyPath\":\"/properties/info\"}{\"controlType\":\"sap.m.GenericTile\",\"properties\":{\"header\":\"Manage Sites\"}}"}]}
RESULT: {"script":"<script> [1562 bytes]","args":[{"selector":{"controlType":"sap.m.TileContent","bindingPath":{"path":"","propertyPath":"/properties/info"},"ancestor":{"controlType":"sap.m.GenericTile","properties":{"header":"Manage Sites"}}},"wdio_ui5_key":"sapm.TileContent{\"path\":\"\",\"propertyPath\":\"/properties/info\"}{\"controlType\":\"sap.m.GenericTile\",\"properties\":{\"header\":\"Manage Sites\"}}"}]}
RESULT: undefined
COMMAND: POST /session/e5e3624079c08a1be99b29f3829b56f3/element - {"using":"xpath","value":"//*[@id=\"__xmlview7--numericTileContent\"]"}
RESULT: {}
RESULT: {"using":"xpath","value":"//*[@id=\"__xmlview7--numericTileContent\"]"}
COMMAND: POST /session/e5e3624079c08a1be99b29f3829b56f3/element/f.D9CBB32AE30EEC5AA9D03D761CDFE0B0.d.22FDA5BF47CCBA89497B1D8FA93A1EAB.e.1801/click - {}
RESULT: {}
COMMAND: POST /session/e5e3624079c08a1be99b29f3829b56f3/element - {"using":"xpath","value":"//button[@data-kt=\"addOverflowToolbarButton\"]"}
COMMAND: GET /session/e5e3624079c08a1be99b29f3829b56f3/screenshot - {}
RESULT: {"using":"xpath","value":"//button[@data-kt=\"addOverflowToolbarButton\"]"}
COMMAND: POST /session/e5e3624079c08a1be99b29f3829b56f3/elements - {"using":"xpath","value":"//button[@data-kt=\"addOverflowToolbarButton\"]"}
RESULT: {}
RESULT: {"using":"xpath","value":"//button[@data-kt=\"addOverflowToolbarButton\"]"}
COMMAND: POST /session/e5e3624079c08a1be99b29f3829b56f3/elements - {"using":"xpath","value":"//button[@data-kt=\"addOverflowToolbarButton\"]"}
RESULT: {"using":"xpath","value":"//button[@data-kt=\"addOverflowToolbarButton\"]"}
COMMAND: POST /session/e5e3624079c08a1be99b29f3829b56f3/elements - {"using":"xpath","value":"//button[@data-kt=\"addOverflowToolbarButton\"]"}
RESULT: {"using":"xpath","value":"//button[@data-kt=\"addOverflowToolbarButton\"]"}
COMMAND: POST /session/e5e3624079c08a1be99b29f3829b56f3/elements - {"using":"xpath","value":"//button[@data-kt=\"addOverflowToolbarButton\"]"}
RESULT: {"using":"xpath","value":"//button[@data-kt=\"addOverflowToolbarButton\"]"}
COMMAND: POST /session/e5e3624079c08a1be99b29f3829b56f3/element - {"using":"xpath","value":"//button[@data-kt=\"addOverflowToolbarButton\"]"}
RESULT: {"using":"xpath","value":"//button[@data-kt=\"addOverflowToolbarButton\"]"}
COMMAND: POST /session/e5e3624079c08a1be99b29f3829b56f3/execute/sync - {"script":"<script> [8489 bytes]","args":[{"element-6066-11e4-a52e-4f735466cecf":"f.D9CBB32AE30EEC5AA9D03D761CDFE0B0.d.22FDA5BF47CCBA89497B1D8FA93A1EAB.e.1848","ELEMENT":"f.D9CBB32AE30EEC5AA9D03D761CDFE0B0.d.22FDA5BF47CCBA89497B1D8FA93A1EAB.e.1848"}]}
RESULT: {"script":"<script> [8489 bytes]","args":[{"element-6066-11e4-a52e-4f735466cecf":"f.D9CBB32AE30EEC5AA9D03D761CDFE0B0.d.22FDA5BF47CCBA89497B1D8FA93A1EAB.e.1848","ELEMENT":"f.D9CBB32AE30EEC5AA9D03D761CDFE0B0.d.22FDA5BF47CCBA89497B1D8FA93A1EAB.e.1848"}]}
COMMAND: GET /session/e5e3624079c08a1be99b29f3829b56f3/element/f.D9CBB32AE30EEC5AA9D03D761CDFE0B0.d.22FDA5BF47CCBA89497B1D8FA93A1EAB.e.1848/enabled - {}
COMMAND: GET /session/e5e3624079c08a1be99b29f3829b56f3/screenshot - {}
RESULT: {}
COMMAND: POST /session/e5e3624079c08a1be99b29f3829b56f3/execute/sync - {"script":"<script> [8489 bytes]","args":[{"element-6066-11e4-a52e-4f735466cecf":"f.D9CBB32AE30EEC5AA9D03D761CDFE0B0.d.22FDA5BF47CCBA89497B1D8FA93A1EAB.e.1848","ELEMENT":"f.D9CBB32AE30EEC5AA9D03D761CDFE0B0.d.22FDA5BF47CCBA89497B1D8FA93A1EAB.e.1848"}]}
COMMAND: GET /session/e5e3624079c08a1be99b29f3829b56f3/screenshot - {}
RESULT: {}
RESULT: {"script":"<script> [8489 bytes]","args":[{"element-6066-11e4-a52e-4f735466cecf":"f.D9CBB32AE30EEC5AA9D03D761CDFE0B0.d.22FDA5BF47CCBA89497B1D8FA93A1EAB.e.1848","ELEMENT":"f.D9CBB32AE30EEC5AA9D03D761CDFE0B0.d.22FDA5BF47CCBA89497B1D8FA93A1EAB.e.1848"}]}
COMMAND: POST /session/e5e3624079c08a1be99b29f3829b56f3/execute/sync - {"script":"<script> [5351 bytes]","args":[{"element-6066-11e4-a52e-4f735466cecf":"f.D9CBB32AE30EEC5AA9D03D761CDFE0B0.d.22FDA5BF47CCBA89497B1D8FA93A1EAB.e.1848","ELEMENT":"f.D9CBB32AE30EEC5AA9D03D761CDFE0B0.d.22FDA5BF47CCBA89497B1D8FA93A1EAB.e.1848"}]}
COMMAND: GET /session/e5e3624079c08a1be99b29f3829b56f3/screenshot - {}
RESULT: {}
RESULT: {"script":"<script> [5351 bytes]","args":[{"element-6066-11e4-a52e-4f735466cecf":"f.D9CBB32AE30EEC5AA9D03D761CDFE0B0.d.22FDA5BF47CCBA89497B1D8FA93A1EAB.e.1848","ELEMENT":"f.D9CBB32AE30EEC5AA9D03D761CDFE0B0.d.22FDA5BF47CCBA89497B1D8FA93A1EAB.e.1848"}]}
COMMAND: POST /session/e5e3624079c08a1be99b29f3829b56f3/element/f.D9CBB32AE30EEC5AA9D03D761CDFE0B0.d.22FDA5BF47CCBA89497B1D8FA93A1EAB.e.1848/click - {}
COMMAND: GET /session/e5e3624079c08a1be99b29f3829b56f3/screenshot - {}
RESULT: {}
RESULT: {}
COMMAND: GET /session/e5e3624079c08a1be99b29f3829b56f3/screenshot - {}
COMMAND: POST /session/e5e3624079c08a1be99b29f3829b56f3/element - {"using":"xpath","value":"//input[@id=\"application-managesites-display-component---NewSite--siteId-inner\"]"}
RESULT: {}
RESULT: {}
RESULT: {"using":"xpath","value":"//input[@id=\"application-managesites-display-component---NewSite--siteId-inner\"]"}
COMMAND: POST /session/e5e3624079c08a1be99b29f3829b56f3/element - {"using":"xpath","value":"//input[@id=\"application-managesites-display-component---NewSite--siteId-inner\"]"}
RESULT: {"using":"xpath","value":"//input[@id=\"application-managesites-display-component---NewSite--siteId-inner\"]"}
COMMAND: POST /session/e5e3624079c08a1be99b29f3829b56f3/execute/async - {"script":"<script> [1562 bytes]","args":[{"selector":{"id":"application-managesites-display-component---NewSite--addressDetailDetailsName1","interaction":{"idSuffix":"inner"}},"wdio_ui5_key":"applicationmanagesites-display-component---NewSite--addressDetailDetailsName1"}]}
RESULT: {"script":"<script> [1562 bytes]","args":[{"selector":{"id":"application-managesites-display-component---NewSite--addressDetailDetailsName1","interaction":{"idSuffix":"inner"}},"wdio_ui5_key":"applicationmanagesites-display-component---NewSite--addressDetailDetailsName1"}]}
RESULT: undefined
COMMAND: POST /session/e5e3624079c08a1be99b29f3829b56f3/execute/async - {"script":"<script> [776 bytes]","args":[{"enterText":"Intracompany Site wdIO","selector":{"id":"application-managesites-display-component---NewSite--addressDetailDetailsName1","interaction":{"idSuffix":"inner"}},"clearTextFirst":true,"interactionType":"ENTER_TEXT"}]}
RESULT: {"script":"<script> [776 bytes]","args":[{"enterText":"Intracompany Site wdIO","selector":{"id":"application-managesites-display-component---NewSite--addressDetailDetailsName1","interaction":{"idSuffix":"inner"}},"clearTextFirst":true,"interactionType":"ENTER_TEXT"}]}
COMMAND: POST /session/e5e3624079c08a1be99b29f3829b56f3/execute/async - {"script":"<script> [1562 bytes]","args":[{"selector":{"id":"application-managesites-display-component---NewSite--addressDetailDetailsLanguage-arrow"},"wdio_ui5_key":"applicationmanagesites-display-component---NewSite--addressDetailDetailsLanguage-arrow"}]}
RESULT: {"script":"<script> [1562 bytes]","args":[{"selector":{"id":"application-managesites-display-component---NewSite--addressDetailDetailsLanguage-arrow"},"wdio_ui5_key":"applicationmanagesites-display-component---NewSite--addressDetailDetailsLanguage-arrow"}]}
RESULT: undefined
COMMAND: POST /session/e5e3624079c08a1be99b29f3829b56f3/element - {"using":"xpath","value":"//*[@id=\"application-managesites-display-component---NewSite--addressDetailDetailsLanguage-arrow\"]"}
RESULT: {"using":"xpath","value":"//*[@id=\"application-managesites-display-component---NewSite--addressDetailDetailsLanguage-arrow\"]"}
COMMAND: POST /session/e5e3624079c08a1be99b29f3829b56f3/element/f.D9CBB32AE30EEC5AA9D03D761CDFE0B0.d.22FDA5BF47CCBA89497B1D8FA93A1EAB.e.2226/click - {}
RESULT: {}
COMMAND: POST /session/e5e3624079c08a1be99b29f3829b56f3/element - {"using":"xpath","value":"//span[contains(text(), \"English\")]"}
COMMAND: GET /session/e5e3624079c08a1be99b29f3829b56f3/screenshot - {}
RESULT: {"using":"xpath","value":"//span[contains(text(), \"English\")]"}
COMMAND: POST /session/e5e3624079c08a1be99b29f3829b56f3/element/f.D9CBB32AE30EEC5AA9D03D761CDFE0B0.d.22FDA5BF47CCBA89497B1D8FA93A1EAB.e.2227/click - {}
RESULT: {}
RESULT: {}
COMMAND: POST /session/e5e3624079c08a1be99b29f3829b56f3/execute/async - {"script":"<script> [1562 bytes]","args":[{"selector":{"id":"application-managesites-display-component---NewSite--addressDetailDetailsCity1","interaction":{"idSuffix":"inner"}},"wdio_ui5_key":"applicationmanagesites-display-component---NewSite--addressDetailDetailsCity1"}]}
COMMAND: GET /session/e5e3624079c08a1be99b29f3829b56f3/screenshot - {}
RESULT: {"script":"<script> [1562 bytes]","args":[{"selector":{"id":"application-managesites-display-component---NewSite--addressDetailDetailsCity1","interaction":{"idSuffix":"inner"}},"wdio_ui5_key":"applicationmanagesites-display-component---NewSite--addressDetailDetailsCity1"}]}
RESULT: undefined
COMMAND: POST /session/e5e3624079c08a1be99b29f3829b56f3/execute/async - {"script":"<script> [776 bytes]","args":[{"enterText":"Rosario","selector":{"id":"application-managesites-display-component---NewSite--addressDetailDetailsCity1","interaction":{"idSuffix":"inner"}},"clearTextFirst":true,"interactionType":"ENTER_TEXT"}]}
RESULT: {}
RESULT: {"script":"<script> [776 bytes]","args":[{"enterText":"Rosario","selector":{"id":"application-managesites-display-component---NewSite--addressDetailDetailsCity1","interaction":{"idSuffix":"inner"}},"clearTextFirst":true,"interactionType":"ENTER_TEXT"}]}
COMMAND: POST /session/e5e3624079c08a1be99b29f3829b56f3/execute/async - {"script":"<script> [1562 bytes]","args":[{"selector":{"id":"application-managesites-display-component---NewSite--addressDetailDetailsCountry-arrow"},"wdio_ui5_key":"applicationmanagesites-display-component---NewSite--addressDetailDetailsCountry-arrow"}]}
RESULT: {"script":"<script> [1562 bytes]","args":[{"selector":{"id":"application-managesites-display-component---NewSite--addressDetailDetailsCountry-arrow"},"wdio_ui5_key":"applicationmanagesites-display-component---NewSite--addressDetailDetailsCountry-arrow"}]}
RESULT: undefined
COMMAND: POST /session/e5e3624079c08a1be99b29f3829b56f3/element - {"using":"xpath","value":"//*[@id=\"application-managesites-display-component---NewSite--addressDetailDetailsCountry-arrow\"]"}
RESULT: {"using":"xpath","value":"//*[@id=\"application-managesites-display-component---NewSite--addressDetailDetailsCountry-arrow\"]"}
COMMAND: POST /session/e5e3624079c08a1be99b29f3829b56f3/element/f.D9CBB32AE30EEC5AA9D03D761CDFE0B0.d.22FDA5BF47CCBA89497B1D8FA93A1EAB.e.2229/click - {}
RESULT: {}
COMMAND: POST /session/e5e3624079c08a1be99b29f3829b56f3/element - {"using":"xpath","value":"//span[contains(text(), \"Argentina\")]"}
COMMAND: GET /session/e5e3624079c08a1be99b29f3829b56f3/screenshot - {}
RESULT: {"using":"xpath","value":"//span[contains(text(), \"Argentina\")]"}
COMMAND: POST /session/e5e3624079c08a1be99b29f3829b56f3/element/f.D9CBB32AE30EEC5AA9D03D761CDFE0B0.d.22FDA5BF47CCBA89497B1D8FA93A1EAB.e.2231/click - {}
RESULT: {}
RESULT: {}
COMMAND: GET /session/e5e3624079c08a1be99b29f3829b56f3/screenshot - {}
RESULT: {}
COMMAND: POST /session/e5e3624079c08a1be99b29f3829b56f3/execute/async - {"script":"<script> [1562 bytes]","args":[{"selector":{"id":"application-managesites-display-component---NewSite--addressEditDetailsCostObjectCstType-arrow"},"wdio_ui5_key":"applicationmanagesites-display-component---NewSite--addressEditDetailsCostObjectCstType-arrow"}]}
RESULT: {"script":"<script> [1562 bytes]","args":[{"selector":{"id":"application-managesites-display-component---NewSite--addressEditDetailsCostObjectCstType-arrow"},"wdio_ui5_key":"applicationmanagesites-display-component---NewSite--addressEditDetailsCostObjectCstType-arrow"}]}
RESULT: undefined
COMMAND: POST /session/e5e3624079c08a1be99b29f3829b56f3/element - {"using":"xpath","value":"//*[@id=\"application-managesites-display-component---NewSite--addressEditDetailsCostObjectCstType-arrow\"]"}
RESULT: {"using":"xpath","value":"//*[@id=\"application-managesites-display-component---NewSite--addressEditDetailsCostObjectCstType-arrow\"]"}
COMMAND: POST /session/e5e3624079c08a1be99b29f3829b56f3/element/f.D9CBB32AE30EEC5AA9D03D761CDFE0B0.d.22FDA5BF47CCBA89497B1D8FA93A1EAB.e.2232/click - {}
RESULT: {}
COMMAND: POST /session/e5e3624079c08a1be99b29f3829b56f3/element - {"using":"xpath","value":"//span[contains(text(), \"Cost Center\")]"}
COMMAND: GET /session/e5e3624079c08a1be99b29f3829b56f3/screenshot - {}
RESULT: {"using":"xpath","value":"//span[contains(text(), \"Cost Center\")]"}
COMMAND: POST /session/e5e3624079c08a1be99b29f3829b56f3/element/f.D9CBB32AE30EEC5AA9D03D761CDFE0B0.d.22FDA5BF47CCBA89497B1D8FA93A1EAB.e.2234/click - {}
RESULT: {}
RESULT: {}
COMMAND: GET /session/e5e3624079c08a1be99b29f3829b56f3/screenshot - {}
RESULT: {}
COMMAND: POST /session/e5e3624079c08a1be99b29f3829b56f3/element - {"using":"xpath","value":"//span[@id=\"application-managesites-display-component---NewSite--addressNewCostObjectCstID-vhi\"]"}
RESULT: {"using":"xpath","value":"//span[@id=\"application-managesites-display-component---NewSite--addressNewCostObjectCstID-vhi\"]"}
COMMAND: POST /session/e5e3624079c08a1be99b29f3829b56f3/execute/sync - {"script":"<script> [8489 bytes]","args":[{"element-6066-11e4-a52e-4f735466cecf":"f.D9CBB32AE30EEC5AA9D03D761CDFE0B0.d.22FDA5BF47CCBA89497B1D8FA93A1EAB.e.2238","ELEMENT":"f.D9CBB32AE30EEC5AA9D03D761CDFE0B0.d.22FDA5BF47CCBA89497B1D8FA93A1EAB.e.2238"}]}
RESULT: {"script":"<script> [8489 bytes]","args":[{"element-6066-11e4-a52e-4f735466cecf":"f.D9CBB32AE30EEC5AA9D03D761CDFE0B0.d.22FDA5BF47CCBA89497B1D8FA93A1EAB.e.2238","ELEMENT":"f.D9CBB32AE30EEC5AA9D03D761CDFE0B0.d.22FDA5BF47CCBA89497B1D8FA93A1EAB.e.2238"}]}
COMMAND: POST /session/e5e3624079c08a1be99b29f3829b56f3/execute/async - {"script":"<script> [1562 bytes]","args":[{"selector":{"id":"application-managesites-display-component---NewSite--addressNewCostObjectCstID-vhi"},"wdio_ui5_key":"applicationmanagesites-display-component---NewSite--addressNewCostObjectCstID-vhi"}]}
COMMAND: GET /session/e5e3624079c08a1be99b29f3829b56f3/screenshot - {}
RESULT: {"script":"<script> [1562 bytes]","args":[{"selector":{"id":"application-managesites-display-component---NewSite--addressNewCostObjectCstID-vhi"},"wdio_ui5_key":"applicationmanagesites-display-component---NewSite--addressNewCostObjectCstID-vhi"}]}
RESULT: undefined
COMMAND: POST /session/e5e3624079c08a1be99b29f3829b56f3/element - {"using":"xpath","value":"//*[@id=\"application-managesites-display-component---NewSite--addressNewCostObjectCstID-vhi\"]"}
RESULT: {}
RESULT: {"using":"xpath","value":"//*[@id=\"application-managesites-display-component---NewSite--addressNewCostObjectCstID-vhi\"]"}
COMMAND: POST /session/e5e3624079c08a1be99b29f3829b56f3/element/f.D9CBB32AE30EEC5AA9D03D761CDFE0B0.d.22FDA5BF47CCBA89497B1D8FA93A1EAB.e.2238/click - {}
RESULT: {}
COMMAND: GET /session/e5e3624079c08a1be99b29f3829b56f3/screenshot - {}
RESULT: {}
RESULT: undefined
COMMAND: POST /session/e5e3624079c08a1be99b29f3829b56f3/execute/async - {"script":"<script> [776 bytes]","args":[{"enterText":"10001013","selector":{"controlType":"sap.m.SearchField","properties":{"placeholder":"Search"},"searchOpenDialogs":true,"interaction":{"idSuffix":"I"}},"clearTextFirst":true,"interactionType":"ENTER_TEXT"}]}
RESULT: {"script":"<script> [776 bytes]","args":[{"enterText":"10001013","selector":{"controlType":"sap.m.SearchField","properties":{"placeholder":"Search"},"searchOpenDialogs":true,"interaction":{"idSuffix":"I"}},"clearTextFirst":true,"interactionType":"ENTER_TEXT"}]}
COMMAND: POST /session/e5e3624079c08a1be99b29f3829b56f3/actions - {"actions":[{"id":"action6","type":"key","parameters":{},"actions":[{"type":"keyDown","value":"î€‡"},{"type":"pause","duration":10},{"type":"keyUp","value":"î€‡"}]}]}
RESULT: {"actions":[{"id":"action6","type":"key","parameters":{},"actions":[{"type":"keyDown","value":"î€‡"},{"type":"pause","duration":10},{"type":"keyUp","value":"î€‡"}]}]}
COMMAND: GET /session/e5e3624079c08a1be99b29f3829b56f3/screenshot - {}
RESULT: {}
COMMAND: POST /session/e5e3624079c08a1be99b29f3829b56f3/element - {"using":"xpath","value":"//span[contains(text(), \"General Management\")]"}
RESULT: {"using":"xpath","value":"//span[contains(text(), \"General Management\")]"}
COMMAND: POST /session/e5e3624079c08a1be99b29f3829b56f3/element/f.D9CBB32AE30EEC5AA9D03D761CDFE0B0.d.22FDA5BF47CCBA89497B1D8FA93A1EAB.e.2276/click - {}
RESULT: {}
COMMAND: GET /session/e5e3624079c08a1be99b29f3829b56f3/screenshot - {}
RESULT: {}
COMMAND: POST /session/e5e3624079c08a1be99b29f3829b56f3/element - {"using":"xpath","value":"//bdi[contains(text(), \"OK\")]"}
RESULT: {"using":"xpath","value":"//bdi[contains(text(), \"OK\")]"}
COMMAND: POST /session/e5e3624079c08a1be99b29f3829b56f3/element/f.D9CBB32AE30EEC5AA9D03D761CDFE0B0.d.22FDA5BF47CCBA89497B1D8FA93A1EAB.e.2277/click - {}
RESULT: {}
COMMAND: GET /session/e5e3624079c08a1be99b29f3829b56f3/screenshot - {}
RESULT: {}
COMMAND: POST /session/e5e3624079c08a1be99b29f3829b56f3/element - {"using":"xpath","value":"//input[@id=\"application-managesites-display-component---NewSite--addressDetailDetailsCalendar-inner\"]"}
RESULT: {"using":"xpath","value":"//input[@id=\"application-managesites-display-component---NewSite--addressDetailDetailsCalendar-inner\"]"}
COMMAND: POST /session/e5e3624079c08a1be99b29f3829b56f3/element/f.D9CBB32AE30EEC5AA9D03D761CDFE0B0.d.22FDA5BF47CCBA89497B1D8FA93A1EAB.e.2038/clear - {}
RESULT: {}
COMMAND: POST /session/e5e3624079c08a1be99b29f3829b56f3/element/f.D9CBB32AE30EEC5AA9D03D761CDFE0B0.d.22FDA5BF47CCBA89497B1D8FA93A1EAB.e.2038/value - {"text":"Unit"}
COMMAND: GET /session/e5e3624079c08a1be99b29f3829b56f3/screenshot - {}
RESULT: {"text":"Unit"}
COMMAND: GET /session/e5e3624079c08a1be99b29f3829b56f3/screenshot - {}
RESULT: {}
RESULT: {}
COMMAND: POST /session/e5e3624079c08a1be99b29f3829b56f3/actions - {"actions":[{"id":"action7","type":"key","parameters":{},"actions":[{"type":"keyDown","value":"î€‡"},{"type":"pause","duration":10},{"type":"keyUp","value":"î€‡"}]}]}
RESULT: {"actions":[{"id":"action7","type":"key","parameters":{},"actions":[{"type":"keyDown","value":"î€‡"},{"type":"pause","duration":10},{"type":"keyUp","value":"î€‡"}]}]}
COMMAND: POST /session/e5e3624079c08a1be99b29f3829b56f3/element - {"using":"xpath","value":"//input[@id=\"application-managesites-display-component---NewSite--addressDetailDetailsYard-inner\"]"}
COMMAND: GET /session/e5e3624079c08a1be99b29f3829b56f3/screenshot - {}
RESULT: {"using":"xpath","value":"//input[@id=\"application-managesites-display-component---NewSite--addressDetailDetailsYard-inner\"]"}
COMMAND: POST /session/e5e3624079c08a1be99b29f3829b56f3/element/f.D9CBB32AE30EEC5AA9D03D761CDFE0B0.d.22FDA5BF47CCBA89497B1D8FA93A1EAB.e.2039/clear - {}
RESULT: {}
RESULT: {}
COMMAND: POST /session/e5e3624079c08a1be99b29f3829b56f3/element/f.D9CBB32AE30EEC5AA9D03D761CDFE0B0.d.22FDA5BF47CCBA89497B1D8FA93A1EAB.e.2039/value - {"text":"279"}
COMMAND: GET /session/e5e3624079c08a1be99b29f3829b56f3/screenshot - {}
RESULT: {"text":"279"}
COMMAND: GET /session/e5e3624079c08a1be99b29f3829b56f3/screenshot - {}
RESULT: {}
RESULT: {}
COMMAND: POST /session/e5e3624079c08a1be99b29f3829b56f3/element - {"using":"xpath","value":"//li[.//span[text()='279']]"}
RESULT: {"using":"xpath","value":"//li[.//span[text()='279']]"}
COMMAND: POST /session/e5e3624079c08a1be99b29f3829b56f3/element/f.D9CBB32AE30EEC5AA9D03D761CDFE0B0.d.22FDA5BF47CCBA89497B1D8FA93A1EAB.e.2285/click - {}
RESULT: {}
COMMAND: GET /session/e5e3624079c08a1be99b29f3829b56f3/screenshot - {}
RESULT: {}
COMMAND: POST /session/e5e3624079c08a1be99b29f3829b56f3/element - {"using":"xpath","value":"//input[@id=\"application-managesites-display-component---NewSite--addressDetailDetailsPartner-inner\"]"}
RESULT: {"using":"xpath","value":"//input[@id=\"application-managesites-display-component---NewSite--addressDetailDetailsPartner-inner\"]"}
COMMAND: POST /session/e5e3624079c08a1be99b29f3829b56f3/element - {"using":"xpath","value":"//input[@id=\"application-managesites-display-component---NewSite--addressDetailDetailsPartner-inner\"]"}
RESULT: {"using":"xpath","value":"//input[@id=\"application-managesites-display-component---NewSite--addressDetailDetailsPartner-inner\"]"}
COMMAND: POST /session/e5e3624079c08a1be99b29f3829b56f3/element - {"using":"xpath","value":"//button[@data-kt=\"saveButton\"]"}
RESULT: {"using":"xpath","value":"//button[@data-kt=\"saveButton\"]"}
COMMAND: POST /session/e5e3624079c08a1be99b29f3829b56f3/element/f.D9CBB32AE30EEC5AA9D03D761CDFE0B0.d.22FDA5BF47CCBA89497B1D8FA93A1EAB.e.2163/click - {}
RESULT: {}
COMMAND: GET /session/e5e3624079c08a1be99b29f3829b56f3/screenshot - {}
RESULT: {}
COMMAND: POST /session/e5e3624079c08a1be99b29f3829b56f3/element - {"using":"xpath","value":"//header[contains(@id, 'ObjectPageLayout-headerTitle')]/div[1]/div[2]/div[2]/span[1]"}
RESULT: {"using":"xpath","value":"//header[contains(@id, 'ObjectPageLayout-headerTitle')]/div[1]/div[2]/div[2]/span[1]"}
COMMAND: POST /session/e5e3624079c08a1be99b29f3829b56f3/elements - {"using":"xpath","value":"//header[contains(@id, 'ObjectPageLayout-headerTitle')]/div[1]/div[2]/div[2]/span[1]"}
RESULT: {"using":"xpath","value":"//header[contains(@id, 'ObjectPageLayout-headerTitle')]/div[1]/div[2]/div[2]/span[1]"}
COMMAND: POST /session/e5e3624079c08a1be99b29f3829b56f3/execute/sync - {"script":"<script> [56 bytes]","args":[{"element-6066-11e4-a52e-4f735466cecf":"f.D9CBB32AE30EEC5AA9D03D761CDFE0B0.d.22FDA5BF47CCBA89497B1D8FA93A1EAB.e.2474","ELEMENT":"f.D9CBB32AE30EEC5AA9D03D761CDFE0B0.d.22FDA5BF47CCBA89497B1D8FA93A1EAB.e.2474"}]}
RESULT: {"script":"<script> [56 bytes]","args":[{"element-6066-11e4-a52e-4f735466cecf":"f.D9CBB32AE30EEC5AA9D03D761CDFE0B0.d.22FDA5BF47CCBA89497B1D8FA93A1EAB.e.2474","ELEMENT":"f.D9CBB32AE30EEC5AA9D03D761CDFE0B0.d.22FDA5BF47CCBA89497B1D8FA93A1EAB.e.2474"}]}
COMMAND: POST /session/e5e3624079c08a1be99b29f3829b56f3/element - {"using":"css selector","value":"#shell-header-logo"}
COMMAND: GET /session/e5e3624079c08a1be99b29f3829b56f3/screenshot - {}
RESULT: {"using":"css selector","value":"#shell-header-logo"}
COMMAND: POST /session/e5e3624079c08a1be99b29f3829b56f3/element/f.D9CBB32AE30EEC5AA9D03D761CDFE0B0.d.22FDA5BF47CCBA89497B1D8FA93A1EAB.e.1805/click - {}
RESULT: {}
RESULT: {}
COMMAND: GET /session/e5e3624079c08a1be99b29f3829b56f3/screenshot - {}
RESULT: {}
COMMAND: POST /session/e5e3624079c08a1be99b29f3829b56f3/execute/sync - {"script":"<script> [299 bytes]","args":[["getModel","getResource"]]}
RESULT: {"script":"<script> [299 bytes]","args":[["getModel","getResource"]]}
]]></system-out>
    </testcase>
    <testcase classname="chrome.136_0_7103_49.windows.Tests_for_Mass_State_Change_on_Manage_States_&amp;_Performances_US104416_US" name="Prereq Should create a new equipment multipart" time="123.858">
      <system-out><![CDATA[
COMMAND: GET /session/e5e3624079c08a1be99b29f3829b56f3/screenshot - {}
COMMAND: POST /session/e5e3624079c08a1be99b29f3829b56f3/execute/async - {"script":"<script> [1562 bytes]","args":[{"selector":{"controlType":"sap.m.GenericTile","properties":{"header":"Manage Resources"}},"wdio_ui5_key":"sapm.GenericTile{\"header\":\"Manage Resources\"}"}]}
RESULT: {}
RESULT: {"script":"<script> [1562 bytes]","args":[{"selector":{"controlType":"sap.m.GenericTile","properties":{"header":"Manage Resources"}},"wdio_ui5_key":"sapm.GenericTile{\"header\":\"Manage Resources\"}"}]}
RESULT: undefined
COMMAND: POST /session/e5e3624079c08a1be99b29f3829b56f3/element - {"using":"xpath","value":"//*[@id=\"__tile39\"]"}
RESULT: {"using":"xpath","value":"//*[@id=\"__tile39\"]"}
COMMAND: POST /session/e5e3624079c08a1be99b29f3829b56f3/element/f.D9CBB32AE30EEC5AA9D03D761CDFE0B0.d.22FDA5BF47CCBA89497B1D8FA93A1EAB.e.154/click - {}
RESULT: {}
COMMAND: POST /session/e5e3624079c08a1be99b29f3829b56f3/element - {"using":"xpath","value":"//button[@data-kt=\"addNewRUOverflowToolbarButton\"]"}
COMMAND: GET /session/e5e3624079c08a1be99b29f3829b56f3/screenshot - {}
RESULT: {"using":"xpath","value":"//button[@data-kt=\"addNewRUOverflowToolbarButton\"]"}
COMMAND: POST /session/e5e3624079c08a1be99b29f3829b56f3/elements - {"using":"xpath","value":"//button[@data-kt=\"addNewRUOverflowToolbarButton\"]"}
RESULT: {}
RESULT: {"using":"xpath","value":"//button[@data-kt=\"addNewRUOverflowToolbarButton\"]"}
COMMAND: POST /session/e5e3624079c08a1be99b29f3829b56f3/elements - {"using":"xpath","value":"//button[@data-kt=\"addNewRUOverflowToolbarButton\"]"}
RESULT: {"using":"xpath","value":"//button[@data-kt=\"addNewRUOverflowToolbarButton\"]"}
COMMAND: POST /session/e5e3624079c08a1be99b29f3829b56f3/elements - {"using":"xpath","value":"//button[@data-kt=\"addNewRUOverflowToolbarButton\"]"}
RESULT: {"using":"xpath","value":"//button[@data-kt=\"addNewRUOverflowToolbarButton\"]"}
COMMAND: POST /session/e5e3624079c08a1be99b29f3829b56f3/elements - {"using":"xpath","value":"//button[@data-kt=\"addNewRUOverflowToolbarButton\"]"}
RESULT: {"using":"xpath","value":"//button[@data-kt=\"addNewRUOverflowToolbarButton\"]"}
COMMAND: POST /session/e5e3624079c08a1be99b29f3829b56f3/elements - {"using":"xpath","value":"//button[@data-kt=\"addNewRUOverflowToolbarButton\"]"}
RESULT: {"using":"xpath","value":"//button[@data-kt=\"addNewRUOverflowToolbarButton\"]"}
COMMAND: POST /session/e5e3624079c08a1be99b29f3829b56f3/elements - {"using":"xpath","value":"//button[@data-kt=\"addNewRUOverflowToolbarButton\"]"}
RESULT: {"using":"xpath","value":"//button[@data-kt=\"addNewRUOverflowToolbarButton\"]"}
COMMAND: POST /session/e5e3624079c08a1be99b29f3829b56f3/elements - {"using":"xpath","value":"//button[@data-kt=\"addNewRUOverflowToolbarButton\"]"}
RESULT: {"using":"xpath","value":"//button[@data-kt=\"addNewRUOverflowToolbarButton\"]"}
COMMAND: POST /session/e5e3624079c08a1be99b29f3829b56f3/elements - {"using":"xpath","value":"//button[@data-kt=\"addNewRUOverflowToolbarButton\"]"}
RESULT: {"using":"xpath","value":"//button[@data-kt=\"addNewRUOverflowToolbarButton\"]"}
COMMAND: POST /session/e5e3624079c08a1be99b29f3829b56f3/elements - {"using":"xpath","value":"//button[@data-kt=\"addNewRUOverflowToolbarButton\"]"}
RESULT: {"using":"xpath","value":"//button[@data-kt=\"addNewRUOverflowToolbarButton\"]"}
COMMAND: POST /session/e5e3624079c08a1be99b29f3829b56f3/elements - {"using":"xpath","value":"//button[@data-kt=\"addNewRUOverflowToolbarButton\"]"}
RESULT: {"using":"xpath","value":"//button[@data-kt=\"addNewRUOverflowToolbarButton\"]"}
COMMAND: POST /session/e5e3624079c08a1be99b29f3829b56f3/elements - {"using":"xpath","value":"//button[@data-kt=\"addNewRUOverflowToolbarButton\"]"}
RESULT: {"using":"xpath","value":"//button[@data-kt=\"addNewRUOverflowToolbarButton\"]"}
COMMAND: POST /session/e5e3624079c08a1be99b29f3829b56f3/elements - {"using":"xpath","value":"//button[@data-kt=\"addNewRUOverflowToolbarButton\"]"}
RESULT: {"using":"xpath","value":"//button[@data-kt=\"addNewRUOverflowToolbarButton\"]"}
COMMAND: POST /session/e5e3624079c08a1be99b29f3829b56f3/elements - {"using":"xpath","value":"//button[@data-kt=\"addNewRUOverflowToolbarButton\"]"}
RESULT: {"using":"xpath","value":"//button[@data-kt=\"addNewRUOverflowToolbarButton\"]"}
COMMAND: POST /session/e5e3624079c08a1be99b29f3829b56f3/elements - {"using":"xpath","value":"//button[@data-kt=\"addNewRUOverflowToolbarButton\"]"}
RESULT: {"using":"xpath","value":"//button[@data-kt=\"addNewRUOverflowToolbarButton\"]"}
COMMAND: POST /session/e5e3624079c08a1be99b29f3829b56f3/elements - {"using":"xpath","value":"//button[@data-kt=\"addNewRUOverflowToolbarButton\"]"}
RESULT: {"using":"xpath","value":"//button[@data-kt=\"addNewRUOverflowToolbarButton\"]"}
COMMAND: POST /session/e5e3624079c08a1be99b29f3829b56f3/elements - {"using":"xpath","value":"//button[@data-kt=\"addNewRUOverflowToolbarButton\"]"}
RESULT: {"using":"xpath","value":"//button[@data-kt=\"addNewRUOverflowToolbarButton\"]"}
COMMAND: POST /session/e5e3624079c08a1be99b29f3829b56f3/elements - {"using":"xpath","value":"//button[@data-kt=\"addNewRUOverflowToolbarButton\"]"}
RESULT: {"using":"xpath","value":"//button[@data-kt=\"addNewRUOverflowToolbarButton\"]"}
COMMAND: POST /session/e5e3624079c08a1be99b29f3829b56f3/elements - {"using":"xpath","value":"//button[@data-kt=\"addNewRUOverflowToolbarButton\"]"}
RESULT: {"using":"xpath","value":"//button[@data-kt=\"addNewRUOverflowToolbarButton\"]"}
COMMAND: POST /session/e5e3624079c08a1be99b29f3829b56f3/elements - {"using":"xpath","value":"//button[@data-kt=\"addNewRUOverflowToolbarButton\"]"}
RESULT: {"using":"xpath","value":"//button[@data-kt=\"addNewRUOverflowToolbarButton\"]"}
COMMAND: POST /session/e5e3624079c08a1be99b29f3829b56f3/elements - {"using":"xpath","value":"//button[@data-kt=\"addNewRUOverflowToolbarButton\"]"}
RESULT: {"using":"xpath","value":"//button[@data-kt=\"addNewRUOverflowToolbarButton\"]"}
COMMAND: POST /session/e5e3624079c08a1be99b29f3829b56f3/elements - {"using":"xpath","value":"//button[@data-kt=\"addNewRUOverflowToolbarButton\"]"}
RESULT: {"using":"xpath","value":"//button[@data-kt=\"addNewRUOverflowToolbarButton\"]"}
COMMAND: POST /session/e5e3624079c08a1be99b29f3829b56f3/element - {"using":"xpath","value":"//button[@data-kt=\"addNewRUOverflowToolbarButton\"]"}
RESULT: {"using":"xpath","value":"//button[@data-kt=\"addNewRUOverflowToolbarButton\"]"}
COMMAND: POST /session/e5e3624079c08a1be99b29f3829b56f3/execute/sync - {"script":"<script> [8489 bytes]","args":[{"element-6066-11e4-a52e-4f735466cecf":"f.D9CBB32AE30EEC5AA9D03D761CDFE0B0.d.22FDA5BF47CCBA89497B1D8FA93A1EAB.e.2518","ELEMENT":"f.D9CBB32AE30EEC5AA9D03D761CDFE0B0.d.22FDA5BF47CCBA89497B1D8FA93A1EAB.e.2518"}]}
RESULT: {"script":"<script> [8489 bytes]","args":[{"element-6066-11e4-a52e-4f735466cecf":"f.D9CBB32AE30EEC5AA9D03D761CDFE0B0.d.22FDA5BF47CCBA89497B1D8FA93A1EAB.e.2518","ELEMENT":"f.D9CBB32AE30EEC5AA9D03D761CDFE0B0.d.22FDA5BF47CCBA89497B1D8FA93A1EAB.e.2518"}]}
COMMAND: GET /session/e5e3624079c08a1be99b29f3829b56f3/element/f.D9CBB32AE30EEC5AA9D03D761CDFE0B0.d.22FDA5BF47CCBA89497B1D8FA93A1EAB.e.2518/enabled - {}
COMMAND: GET /session/e5e3624079c08a1be99b29f3829b56f3/screenshot - {}
RESULT: {}
COMMAND: POST /session/e5e3624079c08a1be99b29f3829b56f3/execute/sync - {"script":"<script> [8489 bytes]","args":[{"element-6066-11e4-a52e-4f735466cecf":"f.D9CBB32AE30EEC5AA9D03D761CDFE0B0.d.22FDA5BF47CCBA89497B1D8FA93A1EAB.e.2518","ELEMENT":"f.D9CBB32AE30EEC5AA9D03D761CDFE0B0.d.22FDA5BF47CCBA89497B1D8FA93A1EAB.e.2518"}]}
COMMAND: GET /session/e5e3624079c08a1be99b29f3829b56f3/screenshot - {}
RESULT: {}
RESULT: {"script":"<script> [8489 bytes]","args":[{"element-6066-11e4-a52e-4f735466cecf":"f.D9CBB32AE30EEC5AA9D03D761CDFE0B0.d.22FDA5BF47CCBA89497B1D8FA93A1EAB.e.2518","ELEMENT":"f.D9CBB32AE30EEC5AA9D03D761CDFE0B0.d.22FDA5BF47CCBA89497B1D8FA93A1EAB.e.2518"}]}
COMMAND: POST /session/e5e3624079c08a1be99b29f3829b56f3/execute/sync - {"script":"<script> [5351 bytes]","args":[{"element-6066-11e4-a52e-4f735466cecf":"f.D9CBB32AE30EEC5AA9D03D761CDFE0B0.d.22FDA5BF47CCBA89497B1D8FA93A1EAB.e.2518","ELEMENT":"f.D9CBB32AE30EEC5AA9D03D761CDFE0B0.d.22FDA5BF47CCBA89497B1D8FA93A1EAB.e.2518"}]}
COMMAND: GET /session/e5e3624079c08a1be99b29f3829b56f3/screenshot - {}
RESULT: {}
RESULT: {"script":"<script> [5351 bytes]","args":[{"element-6066-11e4-a52e-4f735466cecf":"f.D9CBB32AE30EEC5AA9D03D761CDFE0B0.d.22FDA5BF47CCBA89497B1D8FA93A1EAB.e.2518","ELEMENT":"f.D9CBB32AE30EEC5AA9D03D761CDFE0B0.d.22FDA5BF47CCBA89497B1D8FA93A1EAB.e.2518"}]}
COMMAND: POST /session/e5e3624079c08a1be99b29f3829b56f3/element/f.D9CBB32AE30EEC5AA9D03D761CDFE0B0.d.22FDA5BF47CCBA89497B1D8FA93A1EAB.e.2518/click - {}
COMMAND: GET /session/e5e3624079c08a1be99b29f3829b56f3/screenshot - {}
RESULT: {}
RESULT: {}
COMMAND: GET /session/e5e3624079c08a1be99b29f3829b56f3/screenshot - {}
RESULT: {}
RESULT: {}
COMMAND: POST /session/e5e3624079c08a1be99b29f3829b56f3/execute/async - {"script":"<script> [1562 bytes]","args":[{"selector":{"id":"application-manageresources-display-component---newResourceUnit--TYPE-arrow"},"wdio_ui5_key":"applicationmanageresources-display-component---newResourceUnit--TYPE-arrow"}]}
RESULT: {"script":"<script> [1562 bytes]","args":[{"selector":{"id":"application-manageresources-display-component---newResourceUnit--TYPE-arrow"},"wdio_ui5_key":"applicationmanageresources-display-component---newResourceUnit--TYPE-arrow"}]}
RESULT: undefined
COMMAND: POST /session/e5e3624079c08a1be99b29f3829b56f3/element - {"using":"xpath","value":"//*[@id=\"application-manageresources-display-component---newResourceUnit--TYPE-arrow\"]"}
RESULT: {"using":"xpath","value":"//*[@id=\"application-manageresources-display-component---newResourceUnit--TYPE-arrow\"]"}
COMMAND: POST /session/e5e3624079c08a1be99b29f3829b56f3/element/f.D9CBB32AE30EEC5AA9D03D761CDFE0B0.d.22FDA5BF47CCBA89497B1D8FA93A1EAB.e.2864/click - {}
RESULT: {}
COMMAND: POST /session/e5e3624079c08a1be99b29f3829b56f3/element - {"using":"xpath","value":"//input[@id=\"application-manageresources-display-component---newResourceUnit--TYPE-inner\"]"}
COMMAND: GET /session/e5e3624079c08a1be99b29f3829b56f3/screenshot - {}
RESULT: {"using":"xpath","value":"//input[@id=\"application-manageresources-display-component---newResourceUnit--TYPE-inner\"]"}
COMMAND: POST /session/e5e3624079c08a1be99b29f3829b56f3/element/f.D9CBB32AE30EEC5AA9D03D761CDFE0B0.d.22FDA5BF47CCBA89497B1D8FA93A1EAB.e.2861/clear - {}
RESULT: {}
RESULT: {}
COMMAND: POST /session/e5e3624079c08a1be99b29f3829b56f3/element/f.D9CBB32AE30EEC5AA9D03D761CDFE0B0.d.22FDA5BF47CCBA89497B1D8FA93A1EAB.e.2861/value - {"text":"Equi Multipart"}
COMMAND: GET /session/e5e3624079c08a1be99b29f3829b56f3/screenshot - {}
RESULT: {"text":"Equi Multipart"}
COMMAND: GET /session/e5e3624079c08a1be99b29f3829b56f3/screenshot - {}
RESULT: {}
RESULT: {}
COMMAND: POST /session/e5e3624079c08a1be99b29f3829b56f3/actions - {"actions":[{"id":"action8","type":"key","parameters":{},"actions":[{"type":"keyDown","value":"î€‡"},{"type":"pause","duration":10},{"type":"keyUp","value":"î€‡"}]}]}
RESULT: {"actions":[{"id":"action8","type":"key","parameters":{},"actions":[{"type":"keyDown","value":"î€‡"},{"type":"pause","duration":10},{"type":"keyUp","value":"î€‡"}]}]}
COMMAND: POST /session/e5e3624079c08a1be99b29f3829b56f3/execute/async - {"script":"<script> [1562 bytes]","args":[{"selector":{"id":"application-manageresources-display-component---newResourceUnit--SHORT_TEXT","interaction":{"idSuffix":"inner"}},"wdio_ui5_key":"applicationmanageresources-display-component---newResourceUnit--SHORT_TEXT"}]}
COMMAND: GET /session/e5e3624079c08a1be99b29f3829b56f3/screenshot - {}
RESULT: {"script":"<script> [1562 bytes]","args":[{"selector":{"id":"application-manageresources-display-component---newResourceUnit--SHORT_TEXT","interaction":{"idSuffix":"inner"}},"wdio_ui5_key":"applicationmanageresources-display-component---newResourceUnit--SHORT_TEXT"}]}
RESULT: undefined
COMMAND: POST /session/e5e3624079c08a1be99b29f3829b56f3/execute/async - {"script":"<script> [776 bytes]","args":[{"enterText":"Equipment Multipart WDIO","selector":{"id":"application-manageresources-display-component---newResourceUnit--SHORT_TEXT","interaction":{"idSuffix":"inner"}},"clearTextFirst":true,"interactionType":"ENTER_TEXT"}]}
RESULT: {}
RESULT: {"script":"<script> [776 bytes]","args":[{"enterText":"Equipment Multipart WDIO","selector":{"id":"application-manageresources-display-component---newResourceUnit--SHORT_TEXT","interaction":{"idSuffix":"inner"}},"clearTextFirst":true,"interactionType":"ENTER_TEXT"}]}
COMMAND: POST /session/e5e3624079c08a1be99b29f3829b56f3/execute/async - {"script":"<script> [1562 bytes]","args":[{"selector":{"id":"application-manageresources-display-component---newResourceUnit--BASE_UNIT_OF_MEASURE","interaction":{"idSuffix":"inner"}},"wdio_ui5_key":"applicationmanageresources-display-component---newResourceUnit--BASE_UNIT_OF_MEASURE"}]}
RESULT: {"script":"<script> [1562 bytes]","args":[{"selector":{"id":"application-manageresources-display-component---newResourceUnit--BASE_UNIT_OF_MEASURE","interaction":{"idSuffix":"inner"}},"wdio_ui5_key":"applicationmanageresources-display-component---newResourceUnit--BASE_UNIT_OF_MEASURE"}]}
RESULT: undefined
COMMAND: POST /session/e5e3624079c08a1be99b29f3829b56f3/execute/async - {"script":"<script> [776 bytes]","args":[{"enterText":"Piece","selector":{"id":"application-manageresources-display-component---newResourceUnit--BASE_UNIT_OF_MEASURE","interaction":{"idSuffix":"inner"}},"clearTextFirst":true,"interactionType":"ENTER_TEXT"}]}
RESULT: {"script":"<script> [776 bytes]","args":[{"enterText":"Piece","selector":{"id":"application-manageresources-display-component---newResourceUnit--BASE_UNIT_OF_MEASURE","interaction":{"idSuffix":"inner"}},"clearTextFirst":true,"interactionType":"ENTER_TEXT"}]}
COMMAND: POST /session/e5e3624079c08a1be99b29f3829b56f3/execute/async - {"script":"<script> [1562 bytes]","args":[{"selector":{"id":"application-manageresources-display-component---newResourceUnit--WEIGHT_UNIT","interaction":{"idSuffix":"inner"}},"wdio_ui5_key":"applicationmanageresources-display-component---newResourceUnit--WEIGHT_UNIT"}]}
RESULT: {"script":"<script> [1562 bytes]","args":[{"selector":{"id":"application-manageresources-display-component---newResourceUnit--WEIGHT_UNIT","interaction":{"idSuffix":"inner"}},"wdio_ui5_key":"applicationmanageresources-display-component---newResourceUnit--WEIGHT_UNIT"}]}
RESULT: undefined
COMMAND: POST /session/e5e3624079c08a1be99b29f3829b56f3/execute/async - {"script":"<script> [776 bytes]","args":[{"enterText":"Gram","selector":{"id":"application-manageresources-display-component---newResourceUnit--WEIGHT_UNIT","interaction":{"idSuffix":"inner"}},"clearTextFirst":true,"interactionType":"ENTER_TEXT"}]}
RESULT: {"script":"<script> [776 bytes]","args":[{"enterText":"Gram","selector":{"id":"application-manageresources-display-component---newResourceUnit--WEIGHT_UNIT","interaction":{"idSuffix":"inner"}},"clearTextFirst":true,"interactionType":"ENTER_TEXT"}]}
COMMAND: POST /session/e5e3624079c08a1be99b29f3829b56f3/execute/async - {"script":"<script> [1562 bytes]","args":[{"selector":{"id":"application-manageresources-display-component---newResourceUnit--DIMENSION_UNIT","interaction":{"idSuffix":"inner"}},"wdio_ui5_key":"applicationmanageresources-display-component---newResourceUnit--DIMENSION_UNIT"}]}
RESULT: {"script":"<script> [1562 bytes]","args":[{"selector":{"id":"application-manageresources-display-component---newResourceUnit--DIMENSION_UNIT","interaction":{"idSuffix":"inner"}},"wdio_ui5_key":"applicationmanageresources-display-component---newResourceUnit--DIMENSION_UNIT"}]}
RESULT: undefined
COMMAND: POST /session/e5e3624079c08a1be99b29f3829b56f3/execute/async - {"script":"<script> [776 bytes]","args":[{"enterText":"Meter","selector":{"id":"application-manageresources-display-component---newResourceUnit--DIMENSION_UNIT","interaction":{"idSuffix":"inner"}},"clearTextFirst":true,"interactionType":"ENTER_TEXT"}]}
RESULT: {"script":"<script> [776 bytes]","args":[{"enterText":"Meter","selector":{"id":"application-manageresources-display-component---newResourceUnit--DIMENSION_UNIT","interaction":{"idSuffix":"inner"}},"clearTextFirst":true,"interactionType":"ENTER_TEXT"}]}
COMMAND: POST /session/e5e3624079c08a1be99b29f3829b56f3/execute/async - {"script":"<script> [1562 bytes]","args":[{"selector":{"id":"application-manageresources-display-component---newResourceUnit--newRRUPage-anchBar-application-manageresources-display-component---newResourceUnit--control-anchor","interaction":{"idSuffix":"BDI-content"}},"wdio_ui5_key":"applicationmanageresources-display-component---newResourceUnit--newRRUPage-anchBar-application-manageresources-display-component---newResourceUnit--control-anchor"}]}
RESULT: {"script":"<script> [1562 bytes]","args":[{"selector":{"id":"application-manageresources-display-component---newResourceUnit--newRRUPage-anchBar-application-manageresources-display-component---newResourceUnit--control-anchor","interaction":{"idSuffix":"BDI-content"}},"wdio_ui5_key":"applicationmanageresources-display-component---newResourceUnit--newRRUPage-anchBar-application-manageresources-display-component---newResourceUnit--control-anchor"}]}
RESULT: undefined
COMMAND: POST /session/e5e3624079c08a1be99b29f3829b56f3/element - {"using":"xpath","value":"//*[@id=\"application-manageresources-display-component---newResourceUnit--newRRUPage-anchBar-application-manageresources-display-component---newResourceUnit--control-anchor\"]"}
RESULT: {"using":"xpath","value":"//*[@id=\"application-manageresources-display-component---newResourceUnit--newRRUPage-anchBar-application-manageresources-display-component---newResourceUnit--control-anchor\"]"}
COMMAND: POST /session/e5e3624079c08a1be99b29f3829b56f3/element/f.D9CBB32AE30EEC5AA9D03D761CDFE0B0.d.22FDA5BF47CCBA89497B1D8FA93A1EAB.e.2932/click - {}
RESULT: {}
COMMAND: POST /session/e5e3624079c08a1be99b29f3829b56f3/execute/async - {"script":"<script> [1562 bytes]","args":[{"selector":{"id":"application-manageresources-display-component---newResourceUnit--PLANNING_GROUP","interaction":{"idSuffix":"inner"}},"wdio_ui5_key":"applicationmanageresources-display-component---newResourceUnit--PLANNING_GROUP"}]}
COMMAND: GET /session/e5e3624079c08a1be99b29f3829b56f3/screenshot - {}
RESULT: {"script":"<script> [1562 bytes]","args":[{"selector":{"id":"application-manageresources-display-component---newResourceUnit--PLANNING_GROUP","interaction":{"idSuffix":"inner"}},"wdio_ui5_key":"applicationmanageresources-display-component---newResourceUnit--PLANNING_GROUP"}]}
RESULT: undefined
COMMAND: POST /session/e5e3624079c08a1be99b29f3829b56f3/execute/async - {"script":"<script> [776 bytes]","args":[{"enterText":"Heavy Equi","selector":{"id":"application-manageresources-display-component---newResourceUnit--PLANNING_GROUP","interaction":{"idSuffix":"inner"}},"clearTextFirst":true,"interactionType":"ENTER_TEXT"}]}
RESULT: {}
RESULT: {"script":"<script> [776 bytes]","args":[{"enterText":"Heavy Equi","selector":{"id":"application-manageresources-display-component---newResourceUnit--PLANNING_GROUP","interaction":{"idSuffix":"inner"}},"clearTextFirst":true,"interactionType":"ENTER_TEXT"}]}
COMMAND: POST /session/e5e3624079c08a1be99b29f3829b56f3/execute/async - {"script":"<script> [1562 bytes]","args":[{"selector":{"id":"application-manageresources-display-component---newResourceUnit--PLANNING_INDICATOR","interaction":{"idSuffix":"inner"}},"wdio_ui5_key":"applicationmanageresources-display-component---newResourceUnit--PLANNING_INDICATOR"}]}
RESULT: {"script":"<script> [1562 bytes]","args":[{"selector":{"id":"application-manageresources-display-component---newResourceUnit--PLANNING_INDICATOR","interaction":{"idSuffix":"inner"}},"wdio_ui5_key":"applicationmanageresources-display-component---newResourceUnit--PLANNING_INDICATOR"}]}
RESULT: undefined
COMMAND: POST /session/e5e3624079c08a1be99b29f3829b56f3/execute/async - {"script":"<script> [776 bytes]","args":[{"enterText":"10 - infinite","selector":{"id":"application-manageresources-display-component---newResourceUnit--PLANNING_INDICATOR","interaction":{"idSuffix":"inner"}},"clearTextFirst":true,"interactionType":"ENTER_TEXT"}]}
RESULT: {"script":"<script> [776 bytes]","args":[{"enterText":"10 - infinite","selector":{"id":"application-manageresources-display-component---newResourceUnit--PLANNING_INDICATOR","interaction":{"idSuffix":"inner"}},"clearTextFirst":true,"interactionType":"ENTER_TEXT"}]}
COMMAND: POST /session/e5e3624079c08a1be99b29f3829b56f3/execute/async - {"script":"<script> [1562 bytes]","args":[{"selector":{"id":"application-manageresources-display-component---newResourceUnit--ITEM_TYPE-arrow"},"wdio_ui5_key":"applicationmanageresources-display-component---newResourceUnit--ITEM_TYPE-arrow"}]}
RESULT: {"script":"<script> [1562 bytes]","args":[{"selector":{"id":"application-manageresources-display-component---newResourceUnit--ITEM_TYPE-arrow"},"wdio_ui5_key":"applicationmanageresources-display-component---newResourceUnit--ITEM_TYPE-arrow"}]}
RESULT: undefined
COMMAND: POST /session/e5e3624079c08a1be99b29f3829b56f3/element - {"using":"xpath","value":"//*[@id=\"application-manageresources-display-component---newResourceUnit--ITEM_TYPE-arrow\"]"}
RESULT: {"using":"xpath","value":"//*[@id=\"application-manageresources-display-component---newResourceUnit--ITEM_TYPE-arrow\"]"}
COMMAND: POST /session/e5e3624079c08a1be99b29f3829b56f3/element/f.D9CBB32AE30EEC5AA9D03D761CDFE0B0.d.22FDA5BF47CCBA89497B1D8FA93A1EAB.e.2940/click - {}
RESULT: {}
COMMAND: GET /session/e5e3624079c08a1be99b29f3829b56f3/screenshot - {}
RESULT: {}
COMMAND: POST /session/e5e3624079c08a1be99b29f3829b56f3/execute/async - {"script":"<script> [1562 bytes]","args":[{"selector":{"controlType":"sap.m.StandardListItem","viewName":"reusables.view.manageresources.NewResourceUnit","viewId":"application-manageresources-display-component---newResourceUnit","properties":{"title":"Pool Equipment"},"searchOpenDialogs":true,"interaction":{"idSuffix":"content"}},"wdio_ui5_key":"reusablesview.manageresources.NewResourceUnitsap.m.StandardListItem{\"title\":\"Pool Equipment\"}"}]}
RESULT: {"script":"<script> [1562 bytes]","args":[{"selector":{"controlType":"sap.m.StandardListItem","viewName":"reusables.view.manageresources.NewResourceUnit","viewId":"application-manageresources-display-component---newResourceUnit","properties":{"title":"Pool Equipment"},"searchOpenDialogs":true,"interaction":{"idSuffix":"content"}},"wdio_ui5_key":"reusablesview.manageresources.NewResourceUnitsap.m.StandardListItem{\"title\":\"Pool Equipment\"}"}]}
RESULT: undefined
COMMAND: POST /session/e5e3624079c08a1be99b29f3829b56f3/element - {"using":"xpath","value":"//*[@id=\"__item1425\"]"}
RESULT: {"using":"xpath","value":"//*[@id=\"__item1425\"]"}
COMMAND: POST /session/e5e3624079c08a1be99b29f3829b56f3/element/f.D9CBB32AE30EEC5AA9D03D761CDFE0B0.d.22FDA5BF47CCBA89497B1D8FA93A1EAB.e.2942/click - {}
RESULT: {}
COMMAND: GET /session/e5e3624079c08a1be99b29f3829b56f3/screenshot - {}
RESULT: {}
COMMAND: POST /session/e5e3624079c08a1be99b29f3829b56f3/element - {"using":"css selector","value":"#application-manageresources-display-component---newResourceUnit--btnAddTimeSegment"}
RESULT: {"using":"css selector","value":"#application-manageresources-display-component---newResourceUnit--btnAddTimeSegment"}
COMMAND: GET /session/e5e3624079c08a1be99b29f3829b56f3/element/f.D9CBB32AE30EEC5AA9D03D761CDFE0B0.d.22FDA5BF47CCBA89497B1D8FA93A1EAB.e.2943/rect - {}
RESULT: {}
COMMAND: GET /session/e5e3624079c08a1be99b29f3829b56f3/window/rect - {}
RESULT: {}
COMMAND: POST /session/e5e3624079c08a1be99b29f3829b56f3/execute/sync - {"script":"<script> [92 bytes]","args":[]}
RESULT: {"script":"<script> [92 bytes]","args":[]}
COMMAND: POST /session/e5e3624079c08a1be99b29f3829b56f3/actions - {"actions":[{"id":"action9","type":"wheel","parameters":{},"actions":[{"type":"scroll","x":-1888,"y":-32,"deltaX":0,"deltaY":0,"duration":0,"origin":{"element-6066-11e4-a52e-4f735466cecf":"f.D9CBB32AE30EEC5AA9D03D761CDFE0B0.d.22FDA5BF47CCBA89497B1D8FA93A1EAB.e.2943"}}]}]}
COMMAND: GET /session/e5e3624079c08a1be99b29f3829b56f3/screenshot - {}
RESULT: {}
COMMAND: POST /session/e5e3624079c08a1be99b29f3829b56f3/execute/sync - {"script":"<script> [79 bytes]","args":[{"element-6066-11e4-a52e-4f735466cecf":"f.D9CBB32AE30EEC5AA9D03D761CDFE0B0.d.22FDA5BF47CCBA89497B1D8FA93A1EAB.e.2943","ELEMENT":"f.D9CBB32AE30EEC5AA9D03D761CDFE0B0.d.22FDA5BF47CCBA89497B1D8FA93A1EAB.e.2943"},{"block":"start","inline":"nearest"}]}
RESULT: {"script":"<script> [79 bytes]","args":[{"element-6066-11e4-a52e-4f735466cecf":"f.D9CBB32AE30EEC5AA9D03D761CDFE0B0.d.22FDA5BF47CCBA89497B1D8FA93A1EAB.e.2943","ELEMENT":"f.D9CBB32AE30EEC5AA9D03D761CDFE0B0.d.22FDA5BF47CCBA89497B1D8FA93A1EAB.e.2943"},{"block":"start","inline":"nearest"}]}
COMMAND: POST /session/e5e3624079c08a1be99b29f3829b56f3/execute/async - {"script":"<script> [1562 bytes]","args":[{"selector":{"id":"application-manageresources-display-component---newResourceUnit--btnAddTimeSegment","interaction":{"idSuffix":"inner"}},"wdio_ui5_key":"applicationmanageresources-display-component---newResourceUnit--btnAddTimeSegment"}]}
COMMAND: GET /session/e5e3624079c08a1be99b29f3829b56f3/screenshot - {}
RESULT: {"script":"<script> [1562 bytes]","args":[{"selector":{"id":"application-manageresources-display-component---newResourceUnit--btnAddTimeSegment","interaction":{"idSuffix":"inner"}},"wdio_ui5_key":"applicationmanageresources-display-component---newResourceUnit--btnAddTimeSegment"}]}
RESULT: undefined
COMMAND: POST /session/e5e3624079c08a1be99b29f3829b56f3/element - {"using":"xpath","value":"//*[@id=\"application-manageresources-display-component---newResourceUnit--btnAddTimeSegment\"]"}
RESULT: {}
RESULT: {"using":"xpath","value":"//*[@id=\"application-manageresources-display-component---newResourceUnit--btnAddTimeSegment\"]"}
COMMAND: POST /session/e5e3624079c08a1be99b29f3829b56f3/element/f.D9CBB32AE30EEC5AA9D03D761CDFE0B0.d.22FDA5BF47CCBA89497B1D8FA93A1EAB.e.2943/click - {}
RESULT: {}
COMMAND: GET /session/e5e3624079c08a1be99b29f3829b56f3/screenshot - {}
RESULT: {}
COMMAND: POST /session/e5e3624079c08a1be99b29f3829b56f3/element - {"using":"xpath","value":"//input[@id=\"application-manageresources-display-component---newResourceUnit--idRuTSAdmin-application-manageresources-display-component---newResourceUnit--RUTimeSegment-0-inner\"]"}
RESULT: {"using":"xpath","value":"//input[@id=\"application-manageresources-display-component---newResourceUnit--idRuTSAdmin-application-manageresources-display-component---newResourceUnit--RUTimeSegment-0-inner\"]"}
COMMAND: POST /session/e5e3624079c08a1be99b29f3829b56f3/element/f.D9CBB32AE30EEC5AA9D03D761CDFE0B0.d.22FDA5BF47CCBA89497B1D8FA93A1EAB.e.2949/clear - {}
RESULT: {}
COMMAND: POST /session/e5e3624079c08a1be99b29f3829b56f3/element/f.D9CBB32AE30EEC5AA9D03D761CDFE0B0.d.22FDA5BF47CCBA89497B1D8FA93A1EAB.e.2949/value - {"text":"279"}
COMMAND: GET /session/e5e3624079c08a1be99b29f3829b56f3/screenshot - {}
RESULT: {"text":"279"}
COMMAND: GET /session/e5e3624079c08a1be99b29f3829b56f3/screenshot - {}
RESULT: {}
RESULT: {}
COMMAND: POST /session/e5e3624079c08a1be99b29f3829b56f3/element - {"using":"xpath","value":"//li[.//span[text()='279']]"}
RESULT: {"using":"xpath","value":"//li[.//span[text()='279']]"}
COMMAND: POST /session/e5e3624079c08a1be99b29f3829b56f3/element/f.D9CBB32AE30EEC5AA9D03D761CDFE0B0.d.22FDA5BF47CCBA89497B1D8FA93A1EAB.e.2962/click - {}
RESULT: {}
COMMAND: GET /session/e5e3624079c08a1be99b29f3829b56f3/screenshot - {}
RESULT: {}
COMMAND: POST /session/e5e3624079c08a1be99b29f3829b56f3/element - {"using":"xpath","value":"(//span[contains(@id, \"-application-manageresources-display-component---newResourceUnit--RUTimeSegment-0-arrow\")])[5]"}
RESULT: {"using":"xpath","value":"(//span[contains(@id, \"-application-manageresources-display-component---newResourceUnit--RUTimeSegment-0-arrow\")])[5]"}
COMMAND: POST /session/e5e3624079c08a1be99b29f3829b56f3/element/f.D9CBB32AE30EEC5AA9D03D761CDFE0B0.d.22FDA5BF47CCBA89497B1D8FA93A1EAB.e.2963/click - {}
RESULT: {}
COMMAND: GET /session/e5e3624079c08a1be99b29f3829b56f3/screenshot - {}
RESULT: {}
COMMAND: POST /session/e5e3624079c08a1be99b29f3829b56f3/element - {"using":"xpath","value":"//span[contains(text(), \"PM Order\")]"}
RESULT: {"using":"xpath","value":"//span[contains(text(), \"PM Order\")]"}
COMMAND: POST /session/e5e3624079c08a1be99b29f3829b56f3/element/f.D9CBB32AE30EEC5AA9D03D761CDFE0B0.d.22FDA5BF47CCBA89497B1D8FA93A1EAB.e.2964/click - {}
RESULT: {}
COMMAND: GET /session/e5e3624079c08a1be99b29f3829b56f3/screenshot - {}
RESULT: {}
COMMAND: POST /session/e5e3624079c08a1be99b29f3829b56f3/element - {"using":"xpath","value":"(//span[contains(@id ,\"manageresources-display-component---newResourceUnit--RUTimeSegment-0-vhi\")])[1]"}
RESULT: {"using":"xpath","value":"(//span[contains(@id ,\"manageresources-display-component---newResourceUnit--RUTimeSegment-0-vhi\")])[1]"}
COMMAND: GET /session/e5e3624079c08a1be99b29f3829b56f3/element/f.D9CBB32AE30EEC5AA9D03D761CDFE0B0.d.22FDA5BF47CCBA89497B1D8FA93A1EAB.e.2968/rect - {}
RESULT: {}
COMMAND: GET /session/e5e3624079c08a1be99b29f3829b56f3/window/rect - {}
RESULT: {}
COMMAND: POST /session/e5e3624079c08a1be99b29f3829b56f3/execute/sync - {"script":"<script> [92 bytes]","args":[]}
RESULT: {"script":"<script> [92 bytes]","args":[]}
COMMAND: POST /session/e5e3624079c08a1be99b29f3829b56f3/actions - {"actions":[{"id":"action10","type":"wheel","parameters":{},"actions":[{"type":"scroll","x":-1888,"y":-24,"deltaX":0,"deltaY":0,"duration":0,"origin":{"element-6066-11e4-a52e-4f735466cecf":"f.D9CBB32AE30EEC5AA9D03D761CDFE0B0.d.22FDA5BF47CCBA89497B1D8FA93A1EAB.e.2968"}}]}]}
COMMAND: GET /session/e5e3624079c08a1be99b29f3829b56f3/screenshot - {}
RESULT: {}
COMMAND: POST /session/e5e3624079c08a1be99b29f3829b56f3/execute/sync - {"script":"<script> [79 bytes]","args":[{"element-6066-11e4-a52e-4f735466cecf":"f.D9CBB32AE30EEC5AA9D03D761CDFE0B0.d.22FDA5BF47CCBA89497B1D8FA93A1EAB.e.2968","ELEMENT":"f.D9CBB32AE30EEC5AA9D03D761CDFE0B0.d.22FDA5BF47CCBA89497B1D8FA93A1EAB.e.2968"},{"block":"start","inline":"nearest"}]}
RESULT: {"script":"<script> [79 bytes]","args":[{"element-6066-11e4-a52e-4f735466cecf":"f.D9CBB32AE30EEC5AA9D03D761CDFE0B0.d.22FDA5BF47CCBA89497B1D8FA93A1EAB.e.2968","ELEMENT":"f.D9CBB32AE30EEC5AA9D03D761CDFE0B0.d.22FDA5BF47CCBA89497B1D8FA93A1EAB.e.2968"},{"block":"start","inline":"nearest"}]}
COMMAND: GET /session/e5e3624079c08a1be99b29f3829b56f3/screenshot - {}
RESULT: {}
COMMAND: POST /session/e5e3624079c08a1be99b29f3829b56f3/element/f.D9CBB32AE30EEC5AA9D03D761CDFE0B0.d.22FDA5BF47CCBA89497B1D8FA93A1EAB.e.2968/click - {}
RESULT: {}
COMMAND: GET /session/e5e3624079c08a1be99b29f3829b56f3/screenshot - {}
RESULT: {}
RESULT: undefined
COMMAND: POST /session/e5e3624079c08a1be99b29f3829b56f3/execute/async - {"script":"<script> [776 bytes]","args":[{"enterText":"4000360","selector":{"controlType":"sap.m.SearchField","properties":{"placeholder":"Search"},"searchOpenDialogs":true,"interaction":{"idSuffix":"I"}},"clearTextFirst":true,"interactionType":"ENTER_TEXT"}]}
RESULT: {"script":"<script> [776 bytes]","args":[{"enterText":"4000360","selector":{"controlType":"sap.m.SearchField","properties":{"placeholder":"Search"},"searchOpenDialogs":true,"interaction":{"idSuffix":"I"}},"clearTextFirst":true,"interactionType":"ENTER_TEXT"}]}
COMMAND: POST /session/e5e3624079c08a1be99b29f3829b56f3/actions - {"actions":[{"id":"action11","type":"key","parameters":{},"actions":[{"type":"keyDown","value":"î€‡"},{"type":"pause","duration":10},{"type":"keyUp","value":"î€‡"}]}]}
RESULT: {"actions":[{"id":"action11","type":"key","parameters":{},"actions":[{"type":"keyDown","value":"î€‡"},{"type":"pause","duration":10},{"type":"keyUp","value":"î€‡"}]}]}
COMMAND: GET /session/e5e3624079c08a1be99b29f3829b56f3/screenshot - {}
RESULT: {}
COMMAND: POST /session/e5e3624079c08a1be99b29f3829b56f3/element - {"using":"xpath","value":"//td/div/span[contains(text(), \"BGL Vehicles\")]"}
RESULT: {"using":"xpath","value":"//td/div/span[contains(text(), \"BGL Vehicles\")]"}
COMMAND: POST /session/e5e3624079c08a1be99b29f3829b56f3/element/f.D9CBB32AE30EEC5AA9D03D761CDFE0B0.d.22FDA5BF47CCBA89497B1D8FA93A1EAB.e.2988/click - {}
RESULT: {}
COMMAND: GET /session/e5e3624079c08a1be99b29f3829b56f3/screenshot - {}
RESULT: {}
COMMAND: POST /session/e5e3624079c08a1be99b29f3829b56f3/element - {"using":"xpath","value":"//bdi[contains(text(), \"OK\")]"}
RESULT: {"using":"xpath","value":"//bdi[contains(text(), \"OK\")]"}
COMMAND: POST /session/e5e3624079c08a1be99b29f3829b56f3/element/f.D9CBB32AE30EEC5AA9D03D761CDFE0B0.d.22FDA5BF47CCBA89497B1D8FA93A1EAB.e.2989/click - {}
RESULT: {}
COMMAND: GET /session/e5e3624079c08a1be99b29f3829b56f3/screenshot - {}
RESULT: {}
COMMAND: POST /session/e5e3624079c08a1be99b29f3829b56f3/element - {"using":"xpath","value":"//label[contains(@class, 'sapMLabelRequired') and .//bdi[contains(text(), 'Planned Retirement')]]"}
RESULT: {"using":"xpath","value":"//label[contains(@class, 'sapMLabelRequired') and .//bdi[contains(text(), 'Planned Retirement')]]"}
COMMAND: POST /session/e5e3624079c08a1be99b29f3829b56f3/elements - {"using":"xpath","value":"//label[contains(@class, 'sapMLabelRequired') and .//bdi[contains(text(), 'Planned Retirement')]]"}
RESULT: {"using":"xpath","value":"//label[contains(@class, 'sapMLabelRequired') and .//bdi[contains(text(), 'Planned Retirement')]]"}
COMMAND: POST /session/e5e3624079c08a1be99b29f3829b56f3/element - {"using":"xpath","value":"//button[@data-kt=\"resourceUnitSaveButton\"]"}
RESULT: {"using":"xpath","value":"//button[@data-kt=\"resourceUnitSaveButton\"]"}
COMMAND: POST /session/e5e3624079c08a1be99b29f3829b56f3/element/f.D9CBB32AE30EEC5AA9D03D761CDFE0B0.d.22FDA5BF47CCBA89497B1D8FA93A1EAB.e.2881/click - {}
RESULT: {}
COMMAND: GET /session/e5e3624079c08a1be99b29f3829b56f3/screenshot - {}
RESULT: {}
COMMAND: POST /session/e5e3624079c08a1be99b29f3829b56f3/element - {"using":"xpath","value":"//bdi[contains(text(), \"Close\")]"}
RESULT: {"using":"xpath","value":"//bdi[contains(text(), \"Close\")]"}
COMMAND: POST /session/e5e3624079c08a1be99b29f3829b56f3/element/f.D9CBB32AE30EEC5AA9D03D761CDFE0B0.d.22FDA5BF47CCBA89497B1D8FA93A1EAB.e.2996/click - {}
RESULT: {}
COMMAND: GET /session/e5e3624079c08a1be99b29f3829b56f3/screenshot - {}
RESULT: {}
COMMAND: POST /session/e5e3624079c08a1be99b29f3829b56f3/element - {"using":"xpath","value":"//header[contains(@id, 'detailRruPage-headerTitle')]/div[1]/div[2]/div[2]/span[1]"}
RESULT: {"using":"xpath","value":"//header[contains(@id, 'detailRruPage-headerTitle')]/div[1]/div[2]/div[2]/span[1]"}
COMMAND: POST /session/e5e3624079c08a1be99b29f3829b56f3/elements - {"using":"xpath","value":"//header[contains(@id, 'detailRruPage-headerTitle')]/div[1]/div[2]/div[2]/span[1]"}
RESULT: {"using":"xpath","value":"//header[contains(@id, 'detailRruPage-headerTitle')]/div[1]/div[2]/div[2]/span[1]"}
COMMAND: POST /session/e5e3624079c08a1be99b29f3829b56f3/execute/sync - {"script":"<script> [56 bytes]","args":[{"element-6066-11e4-a52e-4f735466cecf":"f.D9CBB32AE30EEC5AA9D03D761CDFE0B0.d.22FDA5BF47CCBA89497B1D8FA93A1EAB.e.3029","ELEMENT":"f.D9CBB32AE30EEC5AA9D03D761CDFE0B0.d.22FDA5BF47CCBA89497B1D8FA93A1EAB.e.3029"}]}
RESULT: {"script":"<script> [56 bytes]","args":[{"element-6066-11e4-a52e-4f735466cecf":"f.D9CBB32AE30EEC5AA9D03D761CDFE0B0.d.22FDA5BF47CCBA89497B1D8FA93A1EAB.e.3029","ELEMENT":"f.D9CBB32AE30EEC5AA9D03D761CDFE0B0.d.22FDA5BF47CCBA89497B1D8FA93A1EAB.e.3029"}]}
COMMAND: POST /session/e5e3624079c08a1be99b29f3829b56f3/element - {"using":"css selector","value":"#shell-header-logo"}
COMMAND: GET /session/e5e3624079c08a1be99b29f3829b56f3/screenshot - {}
RESULT: {"using":"css selector","value":"#shell-header-logo"}
COMMAND: POST /session/e5e3624079c08a1be99b29f3829b56f3/element/f.D9CBB32AE30EEC5AA9D03D761CDFE0B0.d.22FDA5BF47CCBA89497B1D8FA93A1EAB.e.2479/click - {}
RESULT: {}
RESULT: {}
COMMAND: GET /session/e5e3624079c08a1be99b29f3829b56f3/screenshot - {}
RESULT: {}
]]></system-out>
    </testcase>
  </testsuite>
</testsuites>