<?xml version="1.0" encoding="UTF-8"?>
<testsuites tests="9" failures="0" errors="0" skipped="0">
  <testsuite timestamp="2025-05-04T15:46:54" time="82.695" tests="1" failures="0" errors="0" skipped="0">
    <properties>
      <property name="specId" value="0" />
      <property name="suiteName" value="Create a new catalogs section" />
      <property name="capabilities" value="chrome.135_0_7049_96.windows" />
      <property name="file" value="file:///D:/a/1/s/test/specs/R2C/create-new-webshop-catalog-section.spec.js" />
    </properties>
    <testcase classname="chrome.135_0_7049_96.windows.Create_a_new_catalogs_section" name="Should navigate to manage catalogs and add a new section on webshop catalog" time="64.556">
      <system-out><![CDATA[
COMMAND: POST /session/87c905b0ced0689aea197ebc287e8344/element - {"using":"xpath","value":"//*[contains(@href, 'etm.portal.ui.managecatalogs')]"}
RESULT: {"using":"xpath","value":"//*[contains(@href, 'etm.portal.ui.managecatalogs')]"}
COMMAND: POST /session/87c905b0ced0689aea197ebc287e8344/element/f.49273D69898A435DA37F130424A2EF86.d.15307900C0912454224EC623A70F16F1.e.113/click - {}
RESULT: {}
COMMAND: GET /session/87c905b0ced0689aea197ebc287e8344/screenshot - {}
RESULT: {}
COMMAND: POST /session/87c905b0ced0689aea197ebc287e8344/execute/async - {"script":"<script> [1562 bytes]","args":[{"selector":{"controlType":"sap.m.Text","viewName":"etm.portal.ui.managecatalogs.view.MasterCatalogs","viewId":"application-managecatalogs-display-component---masterCatalogs","bindingPath":{"path":"/Catalogs('0D7502D073D53A0F1700BE067B89AFF9')","propertyPath":"DESCRIPTION","modelName":"catalogModel"}},"wdio_ui5_key":"etmportal.ui.managecatalogs.view.MasterCatalogssap.m.Text{\"path\":\"/Catalogs('0D7502D073D53A0F1700BE067B89AFF9')\",\"propertyPath\":\"DESCRIPTION\",\"modelName\":\"catalogModel\"}"}]}
RESULT: {"script":"<script> [1562 bytes]","args":[{"selector":{"controlType":"sap.m.Text","viewName":"etm.portal.ui.managecatalogs.view.MasterCatalogs","viewId":"application-managecatalogs-display-component---masterCatalogs","bindingPath":{"path":"/Catalogs('0D7502D073D53A0F1700BE067B89AFF9')","propertyPath":"DESCRIPTION","modelName":"catalogModel"}},"wdio_ui5_key":"etmportal.ui.managecatalogs.view.MasterCatalogssap.m.Text{\"path\":\"/Catalogs('0D7502D073D53A0F1700BE067B89AFF9')\",\"propertyPath\":\"DESCRIPTION\",\"modelName\":\"catalogModel\"}"}]}
RESULT: undefined
COMMAND: POST /session/87c905b0ced0689aea197ebc287e8344/element - {"using":"xpath","value":"//*[@id=\"__text39-application-managecatalogs-display-component---masterCatalogs--CatalogsTable-11\"]"}
RESULT: {"using":"xpath","value":"//*[@id=\"__text39-application-managecatalogs-display-component---masterCatalogs--CatalogsTable-11\"]"}
COMMAND: POST /session/87c905b0ced0689aea197ebc287e8344/element/f.49273D69898A435DA37F130424A2EF86.d.15307900C0912454224EC623A70F16F1.e.141/click - {}
RESULT: {}
COMMAND: POST /session/87c905b0ced0689aea197ebc287e8344/execute/async - {"script":"<script> [1562 bytes]","args":[{"selector":{"controlType":"sap.ui.layout.HorizontalLayout","viewName":"etm.portal.ui.managecatalogs.view.MasterItems","viewId":"application-managecatalogs-display-component---masterCatalogItems","ancestor":{"id":"application-managecatalogs-display-component---masterCatalogItems--idCatalogItemsTree-rows-row0"}},"wdio_ui5_key":"etmportal.ui.managecatalogs.view.MasterItemssap.ui.layout.HorizontalLayout{\"id\":\"application-managecatalogs-display-component---masterCatalogItems--idCatalogItemsTree-rows-row0\"}"}]}
COMMAND: GET /session/87c905b0ced0689aea197ebc287e8344/screenshot - {}
RESULT: {"script":"<script> [1562 bytes]","args":[{"selector":{"controlType":"sap.ui.layout.HorizontalLayout","viewName":"etm.portal.ui.managecatalogs.view.MasterItems","viewId":"application-managecatalogs-display-component---masterCatalogItems","ancestor":{"id":"application-managecatalogs-display-component---masterCatalogItems--idCatalogItemsTree-rows-row0"}},"wdio_ui5_key":"etmportal.ui.managecatalogs.view.MasterItemssap.ui.layout.HorizontalLayout{\"id\":\"application-managecatalogs-display-component---masterCatalogItems--idCatalogItemsTree-rows-row0\"}"}]}
RESULT: undefined
COMMAND: POST /session/87c905b0ced0689aea197ebc287e8344/element - {"using":"xpath","value":"//*[@id=\"__layout3-__clone11\"]"}
RESULT: {}
RESULT: {"using":"xpath","value":"//*[@id=\"__layout3-__clone11\"]"}
COMMAND: POST /session/87c905b0ced0689aea197ebc287e8344/element/f.49273D69898A435DA37F130424A2EF86.d.15307900C0912454224EC623A70F16F1.e.177/click - {}
RESULT: {}
COMMAND: GET /session/87c905b0ced0689aea197ebc287e8344/screenshot - {}
RESULT: {}
COMMAND: POST /session/87c905b0ced0689aea197ebc287e8344/execute/async - {"script":"<script> [1562 bytes]","args":[{"selector":{"controlType":"sap.m.Button","viewName":"etm.portal.ui.managecatalogs.view.Detail","viewId":"application-managecatalogs-display-component---detailCatalog","i18NText":{"propertyName":"text","key":"edit"},"interaction":{"idSuffix":"BDI-content"}},"wdio_ui5_key":"etmportal.ui.managecatalogs.view.Detailsap.m.Button{\"propertyName\":\"text\",\"key\":\"edit\"}"}]}
RESULT: {"script":"<script> [1562 bytes]","args":[{"selector":{"controlType":"sap.m.Button","viewName":"etm.portal.ui.managecatalogs.view.Detail","viewId":"application-managecatalogs-display-component---detailCatalog","i18NText":{"propertyName":"text","key":"edit"},"interaction":{"idSuffix":"BDI-content"}},"wdio_ui5_key":"etmportal.ui.managecatalogs.view.Detailsap.m.Button{\"propertyName\":\"text\",\"key\":\"edit\"}"}]}
RESULT: undefined
COMMAND: POST /session/87c905b0ced0689aea197ebc287e8344/element - {"using":"xpath","value":"//*[@id=\"__button35\"]"}
RESULT: {"using":"xpath","value":"//*[@id=\"__button35\"]"}
COMMAND: POST /session/87c905b0ced0689aea197ebc287e8344/element/f.49273D69898A435DA37F130424A2EF86.d.15307900C0912454224EC623A70F16F1.e.287/click - {}
RESULT: {}
COMMAND: GET /session/87c905b0ced0689aea197ebc287e8344/screenshot - {}
RESULT: {}
COMMAND: POST /session/87c905b0ced0689aea197ebc287e8344/element - {"using":"xpath","value":"//bdi[contains(text(), \"Unlock\")]"}
RESULT: {"using":"xpath","value":"//bdi[contains(text(), \"Unlock\")]"}
COMMAND: POST /session/87c905b0ced0689aea197ebc287e8344/elements - {"using":"xpath","value":"//bdi[contains(text(), \"Unlock\")]"}
RESULT: {"using":"xpath","value":"//bdi[contains(text(), \"Unlock\")]"}
COMMAND: POST /session/87c905b0ced0689aea197ebc287e8344/execute/async - {"script":"<script> [1562 bytes]","args":[{"selector":{"controlType":"sap.ui.core.Icon","viewName":"etm.portal.ui.managecatalogs.view.Detail","viewId":"application-managecatalogs-display-component---detailCatalog","properties":{"src":{"regex":{"source":"add\\-folder"}}}},"wdio_ui5_key":"etmportal.ui.managecatalogs.view.Detailsap.ui.core.Icon{\"src\":{\"regex\":{\"source\":\"add\\\\-folder\"}}}"}]}
RESULT: {"script":"<script> [1562 bytes]","args":[{"selector":{"controlType":"sap.ui.core.Icon","viewName":"etm.portal.ui.managecatalogs.view.Detail","viewId":"application-managecatalogs-display-component---detailCatalog","properties":{"src":{"regex":{"source":"add\\-folder"}}}},"wdio_ui5_key":"etmportal.ui.managecatalogs.view.Detailsap.ui.core.Icon{\"src\":{\"regex\":{\"source\":\"add\\\\-folder\"}}}"}]}
RESULT: undefined
COMMAND: POST /session/87c905b0ced0689aea197ebc287e8344/element - {"using":"xpath","value":"//*[@id=\"__button43-img\"]"}
RESULT: {"using":"xpath","value":"//*[@id=\"__button43-img\"]"}
COMMAND: POST /session/87c905b0ced0689aea197ebc287e8344/element/f.49273D69898A435DA37F130424A2EF86.d.15307900C0912454224EC623A70F16F1.e.295/click - {}
RESULT: {}
COMMAND: GET /session/87c905b0ced0689aea197ebc287e8344/screenshot - {}
RESULT: {}
COMMAND: POST /session/87c905b0ced0689aea197ebc287e8344/execute/async - {"script":"<script> [1562 bytes]","args":[{"selector":{"id":"application-managecatalogs-display-component---detailCatalog--numberInput","searchOpenDialogs":true,"interaction":{"idSuffix":"inner"}},"wdio_ui5_key":"applicationmanagecatalogs-display-component---detailCatalog--numberInput"}]}
RESULT: {"script":"<script> [1562 bytes]","args":[{"selector":{"id":"application-managecatalogs-display-component---detailCatalog--numberInput","searchOpenDialogs":true,"interaction":{"idSuffix":"inner"}},"wdio_ui5_key":"applicationmanagecatalogs-display-component---detailCatalog--numberInput"}]}
RESULT: undefined
COMMAND: POST /session/87c905b0ced0689aea197ebc287e8344/execute/async - {"script":"<script> [776 bytes]","args":[{"enterText":"Sectionw050kk","selector":{"id":"application-managecatalogs-display-component---detailCatalog--numberInput","searchOpenDialogs":true,"interaction":{"idSuffix":"inner"}},"clearTextFirst":true,"interactionType":"ENTER_TEXT"}]}
RESULT: {"script":"<script> [776 bytes]","args":[{"enterText":"Sectionw050kk","selector":{"id":"application-managecatalogs-display-component---detailCatalog--numberInput","searchOpenDialogs":true,"interaction":{"idSuffix":"inner"}},"clearTextFirst":true,"interactionType":"ENTER_TEXT"}]}
COMMAND: POST /session/87c905b0ced0689aea197ebc287e8344/element - {"using":"css selector","value":"#application-managecatalogs-display-component---detailCatalog--nameInput-inner"}
RESULT: {"using":"css selector","value":"#application-managecatalogs-display-component---detailCatalog--nameInput-inner"}
COMMAND: POST /session/87c905b0ced0689aea197ebc287e8344/elements - {"using":"css selector","value":"#application-managecatalogs-display-component---detailCatalog--nameInput-inner"}
RESULT: {"using":"css selector","value":"#application-managecatalogs-display-component---detailCatalog--nameInput-inner"}
COMMAND: POST /session/87c905b0ced0689aea197ebc287e8344/element/f.49273D69898A435DA37F130424A2EF86.d.15307900C0912454224EC623A70F16F1.e.299/clear - {}
RESULT: {}
COMMAND: POST /session/87c905b0ced0689aea197ebc287e8344/element/f.49273D69898A435DA37F130424A2EF86.d.15307900C0912454224EC623A70F16F1.e.299/value - {"text":"Webdriverablmo"}
COMMAND: GET /session/87c905b0ced0689aea197ebc287e8344/screenshot - {}
RESULT: {"text":"Webdriverablmo"}
COMMAND: POST /session/87c905b0ced0689aea197ebc287e8344/execute/async - {"script":"<script> [1562 bytes]","args":[{"selector":{"controlType":"sap.m.Button","viewName":"etm.portal.ui.managecatalogs.view.Detail","viewId":"application-managecatalogs-display-component---detailCatalog","i18NText":{"propertyName":"text","key":"create"},"searchOpenDialogs":true,"interaction":{"idSuffix":"BDI-content"}},"wdio_ui5_key":"etmportal.ui.managecatalogs.view.Detailsap.m.Button{\"propertyName\":\"text\",\"key\":\"create\"}"}]}
COMMAND: GET /session/87c905b0ced0689aea197ebc287e8344/screenshot - {}
RESULT: {}
RESULT: {"script":"<script> [1562 bytes]","args":[{"selector":{"controlType":"sap.m.Button","viewName":"etm.portal.ui.managecatalogs.view.Detail","viewId":"application-managecatalogs-display-component---detailCatalog","i18NText":{"propertyName":"text","key":"create"},"searchOpenDialogs":true,"interaction":{"idSuffix":"BDI-content"}},"wdio_ui5_key":"etmportal.ui.managecatalogs.view.Detailsap.m.Button{\"propertyName\":\"text\",\"key\":\"create\"}"}]}
RESULT: undefined
COMMAND: POST /session/87c905b0ced0689aea197ebc287e8344/element - {"using":"xpath","value":"//*[@id=\"__button13\"]"}
RESULT: {}
RESULT: {"using":"xpath","value":"//*[@id=\"__button13\"]"}
COMMAND: POST /session/87c905b0ced0689aea197ebc287e8344/element/f.49273D69898A435DA37F130424A2EF86.d.15307900C0912454224EC623A70F16F1.e.305/click - {}
RESULT: {}
COMMAND: GET /session/87c905b0ced0689aea197ebc287e8344/screenshot - {}
RESULT: {}
COMMAND: POST /session/87c905b0ced0689aea197ebc287e8344/element - {"using":"xpath","value":"//button[@title=\"Save\"]"}
RESULT: {"using":"xpath","value":"//button[@title=\"Save\"]"}
COMMAND: POST /session/87c905b0ced0689aea197ebc287e8344/element/f.49273D69898A435DA37F130424A2EF86.d.15307900C0912454224EC623A70F16F1.e.306/click - {}
RESULT: {}
COMMAND: POST /session/87c905b0ced0689aea197ebc287e8344/execute/async - {"script":"<script> [1562 bytes]","args":[{"selector":{"controlType":"sap.ui.core.Icon","viewName":"etm.portal.ui.managecatalogs.view.Detail","viewId":"application-managecatalogs-display-component---detailCatalog","properties":{"src":{"regex":{"source":"decline"}}}},"wdio_ui5_key":"etmportal.ui.managecatalogs.view.Detailsap.ui.core.Icon{\"src\":{\"regex\":{\"source\":\"decline\"}}}"}]}
COMMAND: GET /session/87c905b0ced0689aea197ebc287e8344/screenshot - {}
RESULT: {"script":"<script> [1562 bytes]","args":[{"selector":{"controlType":"sap.ui.core.Icon","viewName":"etm.portal.ui.managecatalogs.view.Detail","viewId":"application-managecatalogs-display-component---detailCatalog","properties":{"src":{"regex":{"source":"decline"}}}},"wdio_ui5_key":"etmportal.ui.managecatalogs.view.Detailsap.ui.core.Icon{\"src\":{\"regex\":{\"source\":\"decline\"}}}"}]}
RESULT: undefined
COMMAND: POST /session/87c905b0ced0689aea197ebc287e8344/element - {"using":"xpath","value":"//*[@id=\"__button38-img\"]"}
RESULT: {}
RESULT: {"using":"xpath","value":"//*[@id=\"__button38-img\"]"}
COMMAND: POST /session/87c905b0ced0689aea197ebc287e8344/element/f.49273D69898A435DA37F130424A2EF86.d.15307900C0912454224EC623A70F16F1.e.311/click - {}
RESULT: {}
COMMAND: GET /session/87c905b0ced0689aea197ebc287e8344/screenshot - {}
RESULT: {}
COMMAND: POST /session/87c905b0ced0689aea197ebc287e8344/execute/async - {"script":"<script> [1562 bytes]","args":[{"selector":{"controlType":"sap.ui.core.Icon","viewName":"etm.portal.ui.managecatalogs.view.MasterItems","viewId":"application-managecatalogs-display-component---masterCatalogItems","properties":{"src":{"regex":{"source":"refresh"}}}},"wdio_ui5_key":"etmportal.ui.managecatalogs.view.MasterItemssap.ui.core.Icon{\"src\":{\"regex\":{\"source\":\"refresh\"}}}"}]}
RESULT: {"script":"<script> [1562 bytes]","args":[{"selector":{"controlType":"sap.ui.core.Icon","viewName":"etm.portal.ui.managecatalogs.view.MasterItems","viewId":"application-managecatalogs-display-component---masterCatalogItems","properties":{"src":{"regex":{"source":"refresh"}}}},"wdio_ui5_key":"etmportal.ui.managecatalogs.view.MasterItemssap.ui.core.Icon{\"src\":{\"regex\":{\"source\":\"refresh\"}}}"}]}
RESULT: undefined
COMMAND: POST /session/87c905b0ced0689aea197ebc287e8344/element - {"using":"xpath","value":"//*[@id=\"__button11-img\"]"}
RESULT: {"using":"xpath","value":"//*[@id=\"__button11-img\"]"}
COMMAND: POST /session/87c905b0ced0689aea197ebc287e8344/element/f.49273D69898A435DA37F130424A2EF86.d.15307900C0912454224EC623A70F16F1.e.345/click - {}
RESULT: {}
COMMAND: POST /session/87c905b0ced0689aea197ebc287e8344/execute/async - {"script":"<script> [1562 bytes]","args":[{"selector":{"id":"application-managecatalogs-display-component---masterCatalogItems--searchItemsField","interaction":{"idSuffix":"I"}},"wdio_ui5_key":"applicationmanagecatalogs-display-component---masterCatalogItems--searchItemsField"}]}
COMMAND: GET /session/87c905b0ced0689aea197ebc287e8344/screenshot - {}
RESULT: {"script":"<script> [1562 bytes]","args":[{"selector":{"id":"application-managecatalogs-display-component---masterCatalogItems--searchItemsField","interaction":{"idSuffix":"I"}},"wdio_ui5_key":"applicationmanagecatalogs-display-component---masterCatalogItems--searchItemsField"}]}
RESULT: undefined
COMMAND: POST /session/87c905b0ced0689aea197ebc287e8344/execute/async - {"script":"<script> [776 bytes]","args":[{"enterText":"Webdriverablmo","selector":{"id":"application-managecatalogs-display-component---masterCatalogItems--searchItemsField","interaction":{"idSuffix":"I"}},"clearTextFirst":true,"interactionType":"ENTER_TEXT"}]}
RESULT: {}
RESULT: {"script":"<script> [776 bytes]","args":[{"enterText":"Webdriverablmo","selector":{"id":"application-managecatalogs-display-component---masterCatalogItems--searchItemsField","interaction":{"idSuffix":"I"}},"clearTextFirst":true,"interactionType":"ENTER_TEXT"}]}
COMMAND: POST /session/87c905b0ced0689aea197ebc287e8344/actions - {"actions":[{"id":"action1","type":"key","parameters":{},"actions":[{"type":"keyDown","value":"î€‡"},{"type":"pause","duration":10},{"type":"keyUp","value":"î€‡"}]}]}
RESULT: {"actions":[{"id":"action1","type":"key","parameters":{},"actions":[{"type":"keyDown","value":"î€‡"},{"type":"pause","duration":10},{"type":"keyUp","value":"î€‡"}]}]}
COMMAND: POST /session/87c905b0ced0689aea197ebc287e8344/element - {"using":"xpath","value":"(//span[contains(text(), \"Webdriverablmo\")])[1]"}
COMMAND: GET /session/87c905b0ced0689aea197ebc287e8344/screenshot - {}
RESULT: {"using":"xpath","value":"(//span[contains(text(), \"Webdriverablmo\")])[1]"}
COMMAND: POST /session/87c905b0ced0689aea197ebc287e8344/element/f.49273D69898A435DA37F130424A2EF86.d.15307900C0912454224EC623A70F16F1.e.348/click - {}
RESULT: {}
RESULT: {}
COMMAND: GET /session/87c905b0ced0689aea197ebc287e8344/screenshot - {}
RESULT: {}
RESULT: undefined
COMMAND: POST /session/87c905b0ced0689aea197ebc287e8344/element - {"using":"xpath","value":"//*[@id=\"__button35\"]"}
RESULT: {"using":"xpath","value":"//*[@id=\"__button35\"]"}
COMMAND: POST /session/87c905b0ced0689aea197ebc287e8344/element/f.49273D69898A435DA37F130424A2EF86.d.15307900C0912454224EC623A70F16F1.e.385/click - {}
RESULT: {}
COMMAND: GET /session/87c905b0ced0689aea197ebc287e8344/screenshot - {}
RESULT: {}
RESULT: undefined
COMMAND: POST /session/87c905b0ced0689aea197ebc287e8344/element - {"using":"xpath","value":"//*[@id=\"__button43-img\"]"}
RESULT: {"using":"xpath","value":"//*[@id=\"__button43-img\"]"}
COMMAND: POST /session/87c905b0ced0689aea197ebc287e8344/element/f.49273D69898A435DA37F130424A2EF86.d.15307900C0912454224EC623A70F16F1.e.432/click - {}
RESULT: {}
COMMAND: GET /session/87c905b0ced0689aea197ebc287e8344/screenshot - {}
RESULT: {}
RESULT: undefined
COMMAND: POST /session/87c905b0ced0689aea197ebc287e8344/execute/async - {"script":"<script> [776 bytes]","args":[{"enterText":"SecondSectionuit51","selector":{"id":"application-managecatalogs-display-component---detailCatalog--numberInput","searchOpenDialogs":true,"interaction":{"idSuffix":"inner"}},"clearTextFirst":true,"interactionType":"ENTER_TEXT"}]}
RESULT: {"script":"<script> [776 bytes]","args":[{"enterText":"SecondSectionuit51","selector":{"id":"application-managecatalogs-display-component---detailCatalog--numberInput","searchOpenDialogs":true,"interaction":{"idSuffix":"inner"}},"clearTextFirst":true,"interactionType":"ENTER_TEXT"}]}
COMMAND: POST /session/87c905b0ced0689aea197ebc287e8344/element - {"using":"xpath","value":"//input[contains(@id ,\"application-managecatalogs-display-component---detailCatalog--nameInput-inner\")]"}
RESULT: {"using":"xpath","value":"//input[contains(@id ,\"application-managecatalogs-display-component---detailCatalog--nameInput-inner\")]"}
COMMAND: POST /session/87c905b0ced0689aea197ebc287e8344/elements - {"using":"xpath","value":"//input[contains(@id ,\"application-managecatalogs-display-component---detailCatalog--nameInput-inner\")]"}
RESULT: {"using":"xpath","value":"//input[contains(@id ,\"application-managecatalogs-display-component---detailCatalog--nameInput-inner\")]"}
COMMAND: POST /session/87c905b0ced0689aea197ebc287e8344/element/f.49273D69898A435DA37F130424A2EF86.d.15307900C0912454224EC623A70F16F1.e.436/clear - {}
RESULT: {}
COMMAND: POST /session/87c905b0ced0689aea197ebc287e8344/element/f.49273D69898A435DA37F130424A2EF86.d.15307900C0912454224EC623A70F16F1.e.436/value - {"text":"webdriversecond02wzf"}
COMMAND: GET /session/87c905b0ced0689aea197ebc287e8344/screenshot - {}
RESULT: {"text":"webdriversecond02wzf"}
COMMAND: POST /session/87c905b0ced0689aea197ebc287e8344/execute/async - {"script":"<script> [1562 bytes]","args":[{"selector":{"id":"application-managecatalogs-display-component---detailCatalog--nameInput","searchOpenDialogs":true,"interaction":{"idSuffix":"inner"}},"wdio_ui5_key":"applicationmanagecatalogs-display-component---detailCatalog--nameInput"}]}
COMMAND: GET /session/87c905b0ced0689aea197ebc287e8344/screenshot - {}
RESULT: {}
RESULT: {"script":"<script> [1562 bytes]","args":[{"selector":{"id":"application-managecatalogs-display-component---detailCatalog--nameInput","searchOpenDialogs":true,"interaction":{"idSuffix":"inner"}},"wdio_ui5_key":"applicationmanagecatalogs-display-component---detailCatalog--nameInput"}]}
RESULT: undefined
COMMAND: POST /session/87c905b0ced0689aea197ebc287e8344/execute/async - {"script":"<script> [776 bytes]","args":[{"enterText":"webdriversecond02wzf","selector":{"id":"application-managecatalogs-display-component---detailCatalog--nameInput","searchOpenDialogs":true,"interaction":{"idSuffix":"inner"}},"clearTextFirst":true,"interactionType":"ENTER_TEXT"}]}
RESULT: {}
RESULT: {"script":"<script> [776 bytes]","args":[{"enterText":"webdriversecond02wzf","selector":{"id":"application-managecatalogs-display-component---detailCatalog--nameInput","searchOpenDialogs":true,"interaction":{"idSuffix":"inner"}},"clearTextFirst":true,"interactionType":"ENTER_TEXT"}]}
RESULT: undefined
COMMAND: POST /session/87c905b0ced0689aea197ebc287e8344/element - {"using":"xpath","value":"//*[@id=\"__button13\"]"}
RESULT: {"using":"xpath","value":"//*[@id=\"__button13\"]"}
COMMAND: POST /session/87c905b0ced0689aea197ebc287e8344/element/f.49273D69898A435DA37F130424A2EF86.d.15307900C0912454224EC623A70F16F1.e.440/click - {}
RESULT: {}
COMMAND: GET /session/87c905b0ced0689aea197ebc287e8344/screenshot - {}
RESULT: {}
COMMAND: POST /session/87c905b0ced0689aea197ebc287e8344/element - {"using":"xpath","value":"//button[@title=\"Save\"]"}
RESULT: {"using":"xpath","value":"//button[@title=\"Save\"]"}
COMMAND: POST /session/87c905b0ced0689aea197ebc287e8344/element/f.49273D69898A435DA37F130424A2EF86.d.15307900C0912454224EC623A70F16F1.e.418/click - {}
RESULT: {}
COMMAND: GET /session/87c905b0ced0689aea197ebc287e8344/screenshot - {}
RESULT: {}
RESULT: undefined
COMMAND: POST /session/87c905b0ced0689aea197ebc287e8344/element - {"using":"xpath","value":"//*[@id=\"__button38-img\"]"}
RESULT: {"using":"xpath","value":"//*[@id=\"__button38-img\"]"}
COMMAND: POST /session/87c905b0ced0689aea197ebc287e8344/element/f.49273D69898A435DA37F130424A2EF86.d.15307900C0912454224EC623A70F16F1.e.392/click - {}
RESULT: {}
COMMAND: GET /session/87c905b0ced0689aea197ebc287e8344/screenshot - {}
RESULT: {}
RESULT: undefined
COMMAND: POST /session/87c905b0ced0689aea197ebc287e8344/element - {"using":"xpath","value":"//*[@id=\"__button11-img\"]"}
RESULT: {"using":"xpath","value":"//*[@id=\"__button11-img\"]"}
COMMAND: POST /session/87c905b0ced0689aea197ebc287e8344/element/f.49273D69898A435DA37F130424A2EF86.d.15307900C0912454224EC623A70F16F1.e.480/click - {}
RESULT: {}
COMMAND: GET /session/87c905b0ced0689aea197ebc287e8344/screenshot - {}
RESULT: {}
RESULT: undefined
COMMAND: POST /session/87c905b0ced0689aea197ebc287e8344/execute/async - {"script":"<script> [776 bytes]","args":[{"enterText":"SecondSectionuit51","selector":{"id":"application-managecatalogs-display-component---masterCatalogItems--searchItemsField","interaction":{"idSuffix":"I"}},"clearTextFirst":true,"interactionType":"ENTER_TEXT"}]}
RESULT: {"script":"<script> [776 bytes]","args":[{"enterText":"SecondSectionuit51","selector":{"id":"application-managecatalogs-display-component---masterCatalogItems--searchItemsField","interaction":{"idSuffix":"I"}},"clearTextFirst":true,"interactionType":"ENTER_TEXT"}]}
COMMAND: POST /session/87c905b0ced0689aea197ebc287e8344/actions - {"actions":[{"id":"action2","type":"key","parameters":{},"actions":[{"type":"keyDown","value":"î€‡"},{"type":"pause","duration":10},{"type":"keyUp","value":"î€‡"}]}]}
RESULT: {"actions":[{"id":"action2","type":"key","parameters":{},"actions":[{"type":"keyDown","value":"î€‡"},{"type":"pause","duration":10},{"type":"keyUp","value":"î€‡"}]}]}
COMMAND: POST /session/87c905b0ced0689aea197ebc287e8344/element - {"using":"xpath","value":"(//span[contains(text(), \"SecondSectionuit51\")])[1]"}
COMMAND: GET /session/87c905b0ced0689aea197ebc287e8344/screenshot - {}
RESULT: {"using":"xpath","value":"(//span[contains(text(), \"SecondSectionuit51\")])[1]"}
COMMAND: POST /session/87c905b0ced0689aea197ebc287e8344/element/f.49273D69898A435DA37F130424A2EF86.d.15307900C0912454224EC623A70F16F1.e.483/click - {}
RESULT: {}
RESULT: {}
COMMAND: POST /session/87c905b0ced0689aea197ebc287e8344/element - {"using":"xpath","value":"(//span[contains(text(), \"SecondSectionuit51\")])[1]"}
COMMAND: GET /session/87c905b0ced0689aea197ebc287e8344/screenshot - {}
RESULT: {"using":"xpath","value":"(//span[contains(text(), \"SecondSectionuit51\")])[1]"}
COMMAND: GET /session/87c905b0ced0689aea197ebc287e8344/element/f.49273D69898A435DA37F130424A2EF86.d.15307900C0912454224EC623A70F16F1.e.483/text - {}
RESULT: {}
COMMAND: POST /session/87c905b0ced0689aea197ebc287e8344/element - {"using":"xpath","value":"(//span[contains(text(), \"SecondSectionuit51\")])[1]"}
RESULT: {"using":"xpath","value":"(//span[contains(text(), \"SecondSectionuit51\")])[1]"}
COMMAND: GET /session/87c905b0ced0689aea197ebc287e8344/element/f.49273D69898A435DA37F130424A2EF86.d.15307900C0912454224EC623A70F16F1.e.483/text - {}
COMMAND: POST /session/87c905b0ced0689aea197ebc287e8344/element - {"using":"xpath","value":"(//span[contains(text(), \"SecondSectionuit51\")])[1]"}
RESULT: {"using":"xpath","value":"(//span[contains(text(), \"SecondSectionuit51\")])[1]"}
COMMAND: GET /session/87c905b0ced0689aea197ebc287e8344/element/f.49273D69898A435DA37F130424A2EF86.d.15307900C0912454224EC623A70F16F1.e.534/text - {}
RESULT: {}
COMMAND: POST /session/87c905b0ced0689aea197ebc287e8344/element - {"using":"css selector","value":"#shell-header-logo"}
RESULT: {"using":"css selector","value":"#shell-header-logo"}
COMMAND: POST /session/87c905b0ced0689aea197ebc287e8344/element/f.49273D69898A435DA37F130424A2EF86.d.15307900C0912454224EC623A70F16F1.e.116/click - {}
RESULT: {}
COMMAND: GET /session/87c905b0ced0689aea197ebc287e8344/screenshot - {}
RESULT: {}
COMMAND: POST /session/87c905b0ced0689aea197ebc287e8344/execute/async - {"script":"<script> [1562 bytes]","args":[{"selector":{"controlType":"sap.m.GenericTile","properties":{"header":"Manage Classifications"}},"wdio_ui5_key":"sapm.GenericTile{\"header\":\"Manage Classifications\"}"}]}
RESULT: {"script":"<script> [1562 bytes]","args":[{"selector":{"controlType":"sap.m.GenericTile","properties":{"header":"Manage Classifications"}},"wdio_ui5_key":"sapm.GenericTile{\"header\":\"Manage Classifications\"}"}]}
RESULT: undefined
COMMAND: POST /session/87c905b0ced0689aea197ebc287e8344/element - {"using":"xpath","value":"//*[@id=\"__tile115\"]"}
RESULT: {"using":"xpath","value":"//*[@id=\"__tile115\"]"}
COMMAND: POST /session/87c905b0ced0689aea197ebc287e8344/element/f.49273D69898A435DA37F130424A2EF86.d.15307900C0912454224EC623A70F16F1.e.539/click - {}
RESULT: {}
COMMAND: GET /session/87c905b0ced0689aea197ebc287e8344/screenshot - {}
RESULT: {}
]]></system-out>
    </testcase>
  </testsuite>
  <testsuite timestamp="2025-05-04T15:48:17" time="208.95" tests="3" failures="0" errors="0" skipped="0">
    <properties>
      <property name="specId" value="0" />
      <property name="suiteName" value="Manage catalogs - yard assignment classification US138930" />
      <property name="capabilities" value="chrome.135_0_7049_96.windows" />
      <property name="file" value="file:///D:/a/1/s/test/specs/R2C/manage-catalogs-yard-assignment-classification.spec.js" />
    </properties>
    <testcase classname="chrome.135_0_7049_96.windows.Manage_catalogs_-_yard_assignment_classification_US138930" name="Should create a new classification of type yard assignment" time="33.334">
      <system-out><![CDATA[
COMMAND: POST /session/87c905b0ced0689aea197ebc287e8344/execute/async - {"script":"<script> [1562 bytes]","args":[{"selector":{"controlType":"sap.ui.core.Icon","viewName":"etm.portal.ui.manageclassifications.view.Master","viewId":"application-manageclassifications-display-component---classificationMaster","properties":{"src":{"regex":{"source":"add"}}}},"wdio_ui5_key":"etmportal.ui.manageclassifications.view.Mastersap.ui.core.Icon{\"src\":{\"regex\":{\"source\":\"add\"}}}"}]}
RESULT: {"script":"<script> [1562 bytes]","args":[{"selector":{"controlType":"sap.ui.core.Icon","viewName":"etm.portal.ui.manageclassifications.view.Master","viewId":"application-manageclassifications-display-component---classificationMaster","properties":{"src":{"regex":{"source":"add"}}}},"wdio_ui5_key":"etmportal.ui.manageclassifications.view.Mastersap.ui.core.Icon{\"src\":{\"regex\":{\"source\":\"add\"}}}"}]}
RESULT: undefined
COMMAND: POST /session/87c905b0ced0689aea197ebc287e8344/element - {"using":"xpath","value":"//*[@id=\"__button77-img\"]"}
RESULT: {"using":"xpath","value":"//*[@id=\"__button77-img\"]"}
COMMAND: POST /session/87c905b0ced0689aea197ebc287e8344/element/f.49273D69898A435DA37F130424A2EF86.d.15307900C0912454224EC623A70F16F1.e.579/click - {}
RESULT: {}
COMMAND: POST /session/87c905b0ced0689aea197ebc287e8344/execute/async - {"script":"<script> [1562 bytes]","args":[{"selector":{"id":"application-manageclassifications-display-component---classificationCreate--classHeaderName","interaction":{"idSuffix":"inner"}},"wdio_ui5_key":"applicationmanageclassifications-display-component---classificationCreate--classHeaderName"}]}
COMMAND: GET /session/87c905b0ced0689aea197ebc287e8344/screenshot - {}
RESULT: {"script":"<script> [1562 bytes]","args":[{"selector":{"id":"application-manageclassifications-display-component---classificationCreate--classHeaderName","interaction":{"idSuffix":"inner"}},"wdio_ui5_key":"applicationmanageclassifications-display-component---classificationCreate--classHeaderName"}]}
RESULT: undefined
COMMAND: POST /session/87c905b0ced0689aea197ebc287e8344/execute/async - {"script":"<script> [776 bytes]","args":[{"enterText":"WebdriverYardClasshm7c9","selector":{"id":"application-manageclassifications-display-component---classificationCreate--classHeaderName","interaction":{"idSuffix":"inner"}},"clearTextFirst":true,"interactionType":"ENTER_TEXT"}]}
RESULT: {}
RESULT: {"script":"<script> [776 bytes]","args":[{"enterText":"WebdriverYardClasshm7c9","selector":{"id":"application-manageclassifications-display-component---classificationCreate--classHeaderName","interaction":{"idSuffix":"inner"}},"clearTextFirst":true,"interactionType":"ENTER_TEXT"}]}
COMMAND: POST /session/87c905b0ced0689aea197ebc287e8344/execute/async - {"script":"<script> [1562 bytes]","args":[{"selector":{"controlType":"sap.ui.core.Icon","viewName":"etm.portal.ui.manageclassifications.view.Create","viewId":"application-manageclassifications-display-component---classificationCreate","properties":{"src":{"regex":{"source":"slim\\-arrow\\-down"}}}},"wdio_ui5_key":"etmportal.ui.manageclassifications.view.Createsap.ui.core.Icon{\"src\":{\"regex\":{\"source\":\"slim\\\\-arrow\\\\-down\"}}}"}]}
RESULT: {"script":"<script> [1562 bytes]","args":[{"selector":{"controlType":"sap.ui.core.Icon","viewName":"etm.portal.ui.manageclassifications.view.Create","viewId":"application-manageclassifications-display-component---classificationCreate","properties":{"src":{"regex":{"source":"slim\\-arrow\\-down"}}}},"wdio_ui5_key":"etmportal.ui.manageclassifications.view.Createsap.ui.core.Icon{\"src\":{\"regex\":{\"source\":\"slim\\\\-arrow\\\\-down\"}}}"}]}
RESULT: undefined
COMMAND: POST /session/87c905b0ced0689aea197ebc287e8344/element - {"using":"xpath","value":"//*[@id=\"__box48-arrow\"]"}
RESULT: {"using":"xpath","value":"//*[@id=\"__box48-arrow\"]"}
COMMAND: POST /session/87c905b0ced0689aea197ebc287e8344/element/f.49273D69898A435DA37F130424A2EF86.d.15307900C0912454224EC623A70F16F1.e.1077/click - {}
RESULT: {}
COMMAND: POST /session/87c905b0ced0689aea197ebc287e8344/execute/async - {"script":"<script> [1562 bytes]","args":[{"selector":{"controlType":"sap.m.StandardListItem","viewName":"etm.portal.ui.manageclassifications.view.Create","viewId":"application-manageclassifications-display-component---classificationCreate","properties":{"title":"Yard assignment"},"searchOpenDialogs":true,"interaction":{"idSuffix":"titleText"}},"wdio_ui5_key":"etmportal.ui.manageclassifications.view.Createsap.m.StandardListItem{\"title\":\"Yard assignment\"}"}]}
COMMAND: GET /session/87c905b0ced0689aea197ebc287e8344/screenshot - {}
RESULT: {"script":"<script> [1562 bytes]","args":[{"selector":{"controlType":"sap.m.StandardListItem","viewName":"etm.portal.ui.manageclassifications.view.Create","viewId":"application-manageclassifications-display-component---classificationCreate","properties":{"title":"Yard assignment"},"searchOpenDialogs":true,"interaction":{"idSuffix":"titleText"}},"wdio_ui5_key":"etmportal.ui.manageclassifications.view.Createsap.m.StandardListItem{\"title\":\"Yard assignment\"}"}]}
RESULT: undefined
COMMAND: POST /session/87c905b0ced0689aea197ebc287e8344/element - {"using":"xpath","value":"//*[@id=\"__item288\"]"}
RESULT: {}
RESULT: {"using":"xpath","value":"//*[@id=\"__item288\"]"}
COMMAND: POST /session/87c905b0ced0689aea197ebc287e8344/element/f.49273D69898A435DA37F130424A2EF86.d.15307900C0912454224EC623A70F16F1.e.1116/click - {}
RESULT: {}
COMMAND: POST /session/87c905b0ced0689aea197ebc287e8344/execute/async - {"script":"<script> [1562 bytes]","args":[{"selector":{"controlType":"sap.ui.core.Icon","viewName":"etm.portal.ui.manageclassifications.view.Create","viewId":"application-manageclassifications-display-component---classificationCreate","properties":{"src":{"regex":{"source":"add"}}}},"wdio_ui5_key":"etmportal.ui.manageclassifications.view.Createsap.ui.core.Icon{\"src\":{\"regex\":{\"source\":\"add\"}}}"}]}
COMMAND: GET /session/87c905b0ced0689aea197ebc287e8344/screenshot - {}
RESULT: {"script":"<script> [1562 bytes]","args":[{"selector":{"controlType":"sap.ui.core.Icon","viewName":"etm.portal.ui.manageclassifications.view.Create","viewId":"application-manageclassifications-display-component---classificationCreate","properties":{"src":{"regex":{"source":"add"}}}},"wdio_ui5_key":"etmportal.ui.manageclassifications.view.Createsap.ui.core.Icon{\"src\":{\"regex\":{\"source\":\"add\"}}}"}]}
RESULT: undefined
COMMAND: POST /session/87c905b0ced0689aea197ebc287e8344/element - {"using":"xpath","value":"//*[@id=\"__button82-img\"]"}
RESULT: {}
RESULT: {"using":"xpath","value":"//*[@id=\"__button82-img\"]"}
COMMAND: POST /session/87c905b0ced0689aea197ebc287e8344/element/f.49273D69898A435DA37F130424A2EF86.d.15307900C0912454224EC623A70F16F1.e.1080/click - {}
RESULT: {}
COMMAND: POST /session/87c905b0ced0689aea197ebc287e8344/execute/async - {"script":"<script> [1562 bytes]","args":[{"selector":{"controlType":"sap.m.Input","viewName":"etm.portal.ui.manageclassifications.view.Create","viewId":"application-manageclassifications-display-component---classificationCreate","bindingPath":{"path":"/0","propertyPath":"PROPERTY","modelName":"newConfigModel"},"interaction":{"idSuffix":"inner"}},"wdio_ui5_key":"etmportal.ui.manageclassifications.view.Createsap.m.Input{\"path\":\"/0\",\"propertyPath\":\"PROPERTY\",\"modelName\":\"newConfigModel\"}"}]}
COMMAND: GET /session/87c905b0ced0689aea197ebc287e8344/screenshot - {}
RESULT: {"script":"<script> [1562 bytes]","args":[{"selector":{"controlType":"sap.m.Input","viewName":"etm.portal.ui.manageclassifications.view.Create","viewId":"application-manageclassifications-display-component---classificationCreate","bindingPath":{"path":"/0","propertyPath":"PROPERTY","modelName":"newConfigModel"},"interaction":{"idSuffix":"inner"}},"wdio_ui5_key":"etmportal.ui.manageclassifications.view.Createsap.m.Input{\"path\":\"/0\",\"propertyPath\":\"PROPERTY\",\"modelName\":\"newConfigModel\"}"}]}
RESULT: undefined
COMMAND: POST /session/87c905b0ced0689aea197ebc287e8344/execute/async - {"script":"<script> [776 bytes]","args":[{"enterText":"101","selector":{"controlType":"sap.m.Input","viewName":"etm.portal.ui.manageclassifications.view.Create","viewId":"application-manageclassifications-display-component---classificationCreate","bindingPath":{"path":"/0","propertyPath":"PROPERTY","modelName":"newConfigModel"},"interaction":{"idSuffix":"inner"}},"clearTextFirst":true,"interactionType":"ENTER_TEXT"}]}
RESULT: {}
RESULT: {"script":"<script> [776 bytes]","args":[{"enterText":"101","selector":{"controlType":"sap.m.Input","viewName":"etm.portal.ui.manageclassifications.view.Create","viewId":"application-manageclassifications-display-component---classificationCreate","bindingPath":{"path":"/0","propertyPath":"PROPERTY","modelName":"newConfigModel"},"interaction":{"idSuffix":"inner"}},"clearTextFirst":true,"interactionType":"ENTER_TEXT"}]}
COMMAND: POST /session/87c905b0ced0689aea197ebc287e8344/execute/async - {"script":"<script> [1562 bytes]","args":[{"selector":{"controlType":"sap.m.Input","viewName":"etm.portal.ui.manageclassifications.view.Create","viewId":"application-manageclassifications-display-component---classificationCreate","bindingPath":{"path":"/0","propertyPath":"DESCRIPTION","modelName":"newConfigModel"},"interaction":{"idSuffix":"inner"}},"wdio_ui5_key":"etmportal.ui.manageclassifications.view.Createsap.m.Input{\"path\":\"/0\",\"propertyPath\":\"DESCRIPTION\",\"modelName\":\"newConfigModel\"}"}]}
RESULT: {"script":"<script> [1562 bytes]","args":[{"selector":{"controlType":"sap.m.Input","viewName":"etm.portal.ui.manageclassifications.view.Create","viewId":"application-manageclassifications-display-component---classificationCreate","bindingPath":{"path":"/0","propertyPath":"DESCRIPTION","modelName":"newConfigModel"},"interaction":{"idSuffix":"inner"}},"wdio_ui5_key":"etmportal.ui.manageclassifications.view.Createsap.m.Input{\"path\":\"/0\",\"propertyPath\":\"DESCRIPTION\",\"modelName\":\"newConfigModel\"}"}]}
RESULT: undefined
COMMAND: POST /session/87c905b0ced0689aea197ebc287e8344/execute/async - {"script":"<script> [776 bytes]","args":[{"enterText":"yard1","selector":{"controlType":"sap.m.Input","viewName":"etm.portal.ui.manageclassifications.view.Create","viewId":"application-manageclassifications-display-component---classificationCreate","bindingPath":{"path":"/0","propertyPath":"DESCRIPTION","modelName":"newConfigModel"},"interaction":{"idSuffix":"inner"}},"clearTextFirst":true,"interactionType":"ENTER_TEXT"}]}
RESULT: {"script":"<script> [776 bytes]","args":[{"enterText":"yard1","selector":{"controlType":"sap.m.Input","viewName":"etm.portal.ui.manageclassifications.view.Create","viewId":"application-manageclassifications-display-component---classificationCreate","bindingPath":{"path":"/0","propertyPath":"DESCRIPTION","modelName":"newConfigModel"},"interaction":{"idSuffix":"inner"}},"clearTextFirst":true,"interactionType":"ENTER_TEXT"}]}
COMMAND: POST /session/87c905b0ced0689aea197ebc287e8344/execute/async - {"script":"<script> [1562 bytes]","args":[{"selector":{"controlType":"sap.ui.core.Icon","viewName":"etm.portal.ui.manageclassifications.view.Create","viewId":"application-manageclassifications-display-component---classificationCreate","properties":{"src":{"regex":{"source":"slim\\-arrow\\-down"}}},"ancestor":{"controlType":"sap.m.ComboBox","viewName":"etm.portal.ui.manageclassifications.view.Create","viewId":"application-manageclassifications-display-component---classificationCreate","bindingPath":{"path":"/0","propertyPath":"VALUE_TYPE","modelName":"newConfigModel"}}},"wdio_ui5_key":"etmportal.ui.manageclassifications.view.Createsap.ui.core.Icon{\"src\":{\"regex\":{\"source\":\"slim\\\\-arrow\\\\-down\"}}}{\"controlType\":\"sap.m.ComboBox\",\"viewName\":\"etm.portal.ui.manageclassifications.view.Create\",\"viewId\":\"application-manageclassifications-display-component---classificationCreate\",\"bindingPath\":{\"path\":\"/0\",\"propertyPath\":\"VALUE_TYPE\",\"modelName\":\"newConfigModel\"}}"}]}
RESULT: {"script":"<script> [1562 bytes]","args":[{"selector":{"controlType":"sap.ui.core.Icon","viewName":"etm.portal.ui.manageclassifications.view.Create","viewId":"application-manageclassifications-display-component---classificationCreate","properties":{"src":{"regex":{"source":"slim\\-arrow\\-down"}}},"ancestor":{"controlType":"sap.m.ComboBox","viewName":"etm.portal.ui.manageclassifications.view.Create","viewId":"application-manageclassifications-display-component---classificationCreate","bindingPath":{"path":"/0","propertyPath":"VALUE_TYPE","modelName":"newConfigModel"}}},"wdio_ui5_key":"etmportal.ui.manageclassifications.view.Createsap.ui.core.Icon{\"src\":{\"regex\":{\"source\":\"slim\\\\-arrow\\\\-down\"}}}{\"controlType\":\"sap.m.ComboBox\",\"viewName\":\"etm.portal.ui.manageclassifications.view.Create\",\"viewId\":\"application-manageclassifications-display-component---classificationCreate\",\"bindingPath\":{\"path\":\"/0\",\"propertyPath\":\"VALUE_TYPE\",\"modelName\":\"newConfigModel\"}}"}]}
RESULT: undefined
COMMAND: POST /session/87c905b0ced0689aea197ebc287e8344/element - {"using":"xpath","value":"//*[@id=\"__box49-application-manageclassifications-display-component---classificationCreate--configurationList-0-arrow\"]"}
RESULT: {"using":"xpath","value":"//*[@id=\"__box49-application-manageclassifications-display-component---classificationCreate--configurationList-0-arrow\"]"}
COMMAND: POST /session/87c905b0ced0689aea197ebc287e8344/element/f.49273D69898A435DA37F130424A2EF86.d.15307900C0912454224EC623A70F16F1.e.1125/click - {}
RESULT: {}
COMMAND: POST /session/87c905b0ced0689aea197ebc287e8344/execute/async - {"script":"<script> [1562 bytes]","args":[{"selector":{"controlType":"sap.m.StandardListItem","viewName":"etm.portal.ui.manageclassifications.view.Create","viewId":"application-manageclassifications-display-component---classificationCreate","properties":{"title":"Boolean"},"searchOpenDialogs":true,"interaction":{"idSuffix":"content"}},"wdio_ui5_key":"etmportal.ui.manageclassifications.view.Createsap.m.StandardListItem{\"title\":\"Boolean\"}"}]}
COMMAND: GET /session/87c905b0ced0689aea197ebc287e8344/screenshot - {}
RESULT: {"script":"<script> [1562 bytes]","args":[{"selector":{"controlType":"sap.m.StandardListItem","viewName":"etm.portal.ui.manageclassifications.view.Create","viewId":"application-manageclassifications-display-component---classificationCreate","properties":{"title":"Boolean"},"searchOpenDialogs":true,"interaction":{"idSuffix":"content"}},"wdio_ui5_key":"etmportal.ui.manageclassifications.view.Createsap.m.StandardListItem{\"title\":\"Boolean\"}"}]}
RESULT: undefined
COMMAND: POST /session/87c905b0ced0689aea197ebc287e8344/element - {"using":"xpath","value":"//*[@id=\"__item291\"]"}
RESULT: {}
RESULT: {"using":"xpath","value":"//*[@id=\"__item291\"]"}
COMMAND: POST /session/87c905b0ced0689aea197ebc287e8344/element/f.49273D69898A435DA37F130424A2EF86.d.15307900C0912454224EC623A70F16F1.e.1127/click - {}
RESULT: {}
COMMAND: POST /session/87c905b0ced0689aea197ebc287e8344/element - {"using":"xpath","value":"//input[contains(@id ,\"application-manageclassifications-display-component---classificationCreate--classHeaderName-inner\")]"}
COMMAND: GET /session/87c905b0ced0689aea197ebc287e8344/screenshot - {}
RESULT: {"using":"xpath","value":"//input[contains(@id ,\"application-manageclassifications-display-component---classificationCreate--classHeaderName-inner\")]"}
COMMAND: GET /session/87c905b0ced0689aea197ebc287e8344/element/f.49273D69898A435DA37F130424A2EF86.d.15307900C0912454224EC623A70F16F1.e.874/property/value - {}
RESULT: {}
RESULT: {}
COMMAND: GET /session/87c905b0ced0689aea197ebc287e8344/screenshot - {}
RESULT: {}
COMMAND: POST /session/87c905b0ced0689aea197ebc287e8344/element - {"using":"xpath","value":"//button[@title=\"Save\"]"}
RESULT: {"using":"xpath","value":"//button[@title=\"Save\"]"}
COMMAND: POST /session/87c905b0ced0689aea197ebc287e8344/element/f.49273D69898A435DA37F130424A2EF86.d.15307900C0912454224EC623A70F16F1.e.1087/click - {}
RESULT: {}
COMMAND: GET /session/87c905b0ced0689aea197ebc287e8344/screenshot - {}
RESULT: {}
COMMAND: POST /session/87c905b0ced0689aea197ebc287e8344/execute/async - {"script":"<script> [1562 bytes]","args":[{"selector":{"id":"application-manageclassifications-display-component---classificationMaster--smartFilterBar-btnBasicSearch","interaction":{"idSuffix":"I"}},"wdio_ui5_key":"applicationmanageclassifications-display-component---classificationMaster--smartFilterBar-btnBasicSearch"}]}
RESULT: {"script":"<script> [1562 bytes]","args":[{"selector":{"id":"application-manageclassifications-display-component---classificationMaster--smartFilterBar-btnBasicSearch","interaction":{"idSuffix":"I"}},"wdio_ui5_key":"applicationmanageclassifications-display-component---classificationMaster--smartFilterBar-btnBasicSearch"}]}
RESULT: undefined
COMMAND: POST /session/87c905b0ced0689aea197ebc287e8344/execute/async - {"script":"<script> [776 bytes]","args":[{"enterText":"WebdriverYardClasshm7c9","selector":{"id":"application-manageclassifications-display-component---classificationMaster--smartFilterBar-btnBasicSearch","interaction":{"idSuffix":"I"}},"clearTextFirst":true,"interactionType":"ENTER_TEXT"}]}
RESULT: {"script":"<script> [776 bytes]","args":[{"enterText":"WebdriverYardClasshm7c9","selector":{"id":"application-manageclassifications-display-component---classificationMaster--smartFilterBar-btnBasicSearch","interaction":{"idSuffix":"I"}},"clearTextFirst":true,"interactionType":"ENTER_TEXT"}]}
COMMAND: POST /session/87c905b0ced0689aea197ebc287e8344/actions - {"actions":[{"id":"action3","type":"key","parameters":{},"actions":[{"type":"keyDown","value":"î€‡"},{"type":"pause","duration":10},{"type":"keyUp","value":"î€‡"}]}]}
RESULT: {"actions":[{"id":"action3","type":"key","parameters":{},"actions":[{"type":"keyDown","value":"î€‡"},{"type":"pause","duration":10},{"type":"keyUp","value":"î€‡"}]}]}
COMMAND: POST /session/87c905b0ced0689aea197ebc287e8344/execute/async - {"script":"<script> [1562 bytes]","args":[{"selector":{"id":"application-manageclassifications-display-component---classificationMaster--smartTable-header"},"wdio_ui5_key":"applicationmanageclassifications-display-component---classificationMaster--smartTable-header"}]}
COMMAND: GET /session/87c905b0ced0689aea197ebc287e8344/screenshot - {}
RESULT: {"script":"<script> [1562 bytes]","args":[{"selector":{"id":"application-manageclassifications-display-component---classificationMaster--smartTable-header"},"wdio_ui5_key":"applicationmanageclassifications-display-component---classificationMaster--smartTable-header"}]}
RESULT: undefined
COMMAND: POST /session/87c905b0ced0689aea197ebc287e8344/execute/async - {"script":"<script> [6424 bytes]","args":[{"element-6066-11e4-a52e-4f735466cecf":"f.49273D69898A435DA37F130424A2EF86.d.15307900C0912454224EC623A70F16F1.e.1336"},"getText",[]]}
RESULT: {}
RESULT: {"script":"<script> [6424 bytes]","args":[{"element-6066-11e4-a52e-4f735466cecf":"f.49273D69898A435DA37F130424A2EF86.d.15307900C0912454224EC623A70F16F1.e.1336"},"getText",[]]}
COMMAND: POST /session/87c905b0ced0689aea197ebc287e8344/element - {"using":"css selector","value":"#shell-header-logo"}
RESULT: {"using":"css selector","value":"#shell-header-logo"}
COMMAND: POST /session/87c905b0ced0689aea197ebc287e8344/element/f.49273D69898A435DA37F130424A2EF86.d.15307900C0912454224EC623A70F16F1.e.544/click - {}
RESULT: {}
COMMAND: GET /session/87c905b0ced0689aea197ebc287e8344/screenshot - {}
RESULT: {}
]]></system-out>
    </testcase>
    <testcase classname="chrome.135_0_7049_96.windows.Manage_catalogs_-_yard_assignment_classification_US138930" name="Should add the yard classification to a catalog item" time="107.971">
      <system-out><![CDATA[
COMMAND: POST /session/87c905b0ced0689aea197ebc287e8344/execute/async - {"script":"<script> [1562 bytes]","args":[{"selector":{"controlType":"sap.m.GenericTile","properties":{"header":"Manage Catalogs"}},"wdio_ui5_key":"sapm.GenericTile{\"header\":\"Manage Catalogs\"}"}]}
RESULT: {"script":"<script> [1562 bytes]","args":[{"selector":{"controlType":"sap.m.GenericTile","properties":{"header":"Manage Catalogs"}},"wdio_ui5_key":"sapm.GenericTile{\"header\":\"Manage Catalogs\"}"}]}
RESULT: undefined
COMMAND: POST /session/87c905b0ced0689aea197ebc287e8344/element - {"using":"xpath","value":"//*[@id=\"__tile37\"]"}
RESULT: {"using":"xpath","value":"//*[@id=\"__tile37\"]"}
COMMAND: POST /session/87c905b0ced0689aea197ebc287e8344/element/f.49273D69898A435DA37F130424A2EF86.d.15307900C0912454224EC623A70F16F1.e.113/click - {}
RESULT: {}
COMMAND: GET /session/87c905b0ced0689aea197ebc287e8344/screenshot - {}
RESULT: {}
COMMAND: POST /session/87c905b0ced0689aea197ebc287e8344/refresh - {}
RESULT: {}
COMMAND: GET /session/87c905b0ced0689aea197ebc287e8344/screenshot - {}
RESULT: {}
COMMAND: POST /session/87c905b0ced0689aea197ebc287e8344/execute/async - {"script":"<script> [189 bytes]","args":[]}
RESULT: {"script":"<script> [189 bytes]","args":[]}
COMMAND: POST /session/87c905b0ced0689aea197ebc287e8344/execute/async - {"script":"<script> [123 bytes]","args":[]}
RESULT: {"script":"<script> [123 bytes]","args":[]}
COMMAND: POST /session/87c905b0ced0689aea197ebc287e8344/timeouts - {"script":"<number>"}
RESULT: {"script":"<number>"}
COMMAND: GET /session/87c905b0ced0689aea197ebc287e8344/timeouts - {}
RESULT: {}
RESULT: undefined
COMMAND: POST /session/87c905b0ced0689aea197ebc287e8344/execute/async - {"script":"<script> [2676 bytes]","args":[]}
RESULT: {"script":"<script> [2676 bytes]","args":[]}
COMMAND: POST /session/87c905b0ced0689aea197ebc287e8344/execute/async - {"script":"<script> [2342 bytes]","args":[{"protocol":"http","hostname":"0.0.0.0","path":"/","capabilities":{"browserName":"chrome","goog:chromeOptions":{"binary":"C:\\Program Files\\Google\\Chrome\\Application\\chrome.exe","args":["--start-maximized"]}},"logLevel":"warn","connectionRetryTimeout":120000,"connectionRetryCount":3,"logLevels":{},"enableDirectConnect":true,"strictSSL":true,"_":"65 more keys: [\"cacheDir\",\"port\",\"requestedCapabilities\",\"automationProtocol\",\"baseUrl\",\"waitforInterval\",\"waitforTimeout\",\"onReload\",\"beforeCommand\",\"afterCommand\",\"rootDir\",\"specs\",\"suites\",\"exclude\",\"groupLogsByTestSpec\",\"excludeDriverLogs\",\"bail\",\"framework\",\"reporters\",\"services\",\"maxInstances\",\"maxInstancesPerCapability\",\"injectGlobals\",\"filesToWatch\",\"execArgv\",\"runnerEnv\",\"runner\",\"shard\",\"specFileRetries\",\"specFileRetriesDelay\",\"specFileRetriesDeferred\",\"reporterSyncInterval\",\"reporterSyncTimeout\",\"cucumberFeaturesWithLineNumbers\",\"autoCompileOpts\",\"mochaOpts\",\"jasmineOpts\",\"cucumberOpts\",\"onPrepare\",\"onWorkerStart\",\"onWorkerEnd\",\"before\",\"beforeSession\",\"beforeSuite\",\"beforeHook\",\"beforeTest\",\"afterTest\",\"afterHook\",\"afterSuite\",\"afterSession\",\"after\",\"onComplete\",\"beforeAssertion\",\"afterAssertion\",\"beforeFeature\",\"beforeScenario\",\"beforeStep\",\"afterStep\",\"afterScenario\",\"afterFeature\",\"_\",\"suite\",\"$0\",\"ignoredWorkerServices\",\"wdi5\"]"}]}
RESULT: {"script":"<script> [2342 bytes]","args":[{"protocol":"http","hostname":"0.0.0.0","path":"/","capabilities":{"browserName":"chrome","goog:chromeOptions":{"binary":"C:\\Program Files\\Google\\Chrome\\Application\\chrome.exe","args":["--start-maximized"]}},"logLevel":"warn","connectionRetryTimeout":120000,"connectionRetryCount":3,"logLevels":{},"enableDirectConnect":true,"strictSSL":true,"_":"65 more keys: [\"cacheDir\",\"port\",\"requestedCapabilities\",\"automationProtocol\",\"baseUrl\",\"waitforInterval\",\"waitforTimeout\",\"onReload\",\"beforeCommand\",\"afterCommand\",\"rootDir\",\"specs\",\"suites\",\"exclude\",\"groupLogsByTestSpec\",\"excludeDriverLogs\",\"bail\",\"framework\",\"reporters\",\"services\",\"maxInstances\",\"maxInstancesPerCapability\",\"injectGlobals\",\"filesToWatch\",\"execArgv\",\"runnerEnv\",\"runner\",\"shard\",\"specFileRetries\",\"specFileRetriesDelay\",\"specFileRetriesDeferred\",\"reporterSyncInterval\",\"reporterSyncTimeout\",\"cucumberFeaturesWithLineNumbers\",\"autoCompileOpts\",\"mochaOpts\",\"jasmineOpts\",\"cucumberOpts\",\"onPrepare\",\"onWorkerStart\",\"onWorkerEnd\",\"before\",\"beforeSession\",\"beforeSuite\",\"beforeHook\",\"beforeTest\",\"afterTest\",\"afterHook\",\"afterSuite\",\"afterSession\",\"after\",\"onComplete\",\"beforeAssertion\",\"afterAssertion\",\"beforeFeature\",\"beforeScenario\",\"beforeStep\",\"afterStep\",\"afterScenario\",\"afterFeature\",\"_\",\"suite\",\"$0\",\"ignoredWorkerServices\",\"wdi5\"]"}]}
COMMAND: POST /session/87c905b0ced0689aea197ebc287e8344/execute/async - {"script":"<script> [21126 bytes]","args":[35000]}
RESULT: {"script":"<script> [21126 bytes]","args":[35000]}
COMMAND: POST /session/87c905b0ced0689aea197ebc287e8344/element - {"using":"xpath","value":"//span[contains(text(), \"Webshop Catalog\")][contains(@id ,\"masterCatalogs\")]"}
RESULT: {"using":"xpath","value":"//span[contains(text(), \"Webshop Catalog\")][contains(@id ,\"masterCatalogs\")]"}
COMMAND: POST /session/87c905b0ced0689aea197ebc287e8344/element/f.49273D69898A435DA37F130424A2EF86.d.A3E6DEA56E0F623CEDC56175D7F60A80.e.1439/click - {}
RESULT: {}
COMMAND: GET /session/87c905b0ced0689aea197ebc287e8344/screenshot - {}
RESULT: {}
COMMAND: POST /session/87c905b0ced0689aea197ebc287e8344/element - {"using":"xpath","value":"//input[contains(@id ,\"application-managecatalogs-display-component---masterCatalogItems--searchItemsField-I\")]"}
RESULT: {"using":"xpath","value":"//input[contains(@id ,\"application-managecatalogs-display-component---masterCatalogItems--searchItemsField-I\")]"}
COMMAND: POST /session/87c905b0ced0689aea197ebc287e8344/element/f.49273D69898A435DA37F130424A2EF86.d.A3E6DEA56E0F623CEDC56175D7F60A80.e.1448/value - {"text":"SecondSectionuit51"}
RESULT: {"text":"SecondSectionuit51"}
COMMAND: POST /session/87c905b0ced0689aea197ebc287e8344/actions - {"actions":[{"id":"action4","type":"key","parameters":{},"actions":[{"type":"keyDown","value":"î€‡"},{"type":"pause","duration":10},{"type":"keyUp","value":"î€‡"}]}]}
COMMAND: GET /session/87c905b0ced0689aea197ebc287e8344/screenshot - {}
RESULT: {"actions":[{"id":"action4","type":"key","parameters":{},"actions":[{"type":"keyDown","value":"î€‡"},{"type":"pause","duration":10},{"type":"keyUp","value":"î€‡"}]}]}
COMMAND: GET /session/87c905b0ced0689aea197ebc287e8344/screenshot - {}
RESULT: {}
RESULT: {}
COMMAND: POST /session/87c905b0ced0689aea197ebc287e8344/element - {"using":"xpath","value":"(//span[contains(text(), \"SecondSectionuit51\")])[1]"}
RESULT: {"using":"xpath","value":"(//span[contains(text(), \"SecondSectionuit51\")])[1]"}
COMMAND: POST /session/87c905b0ced0689aea197ebc287e8344/element/f.49273D69898A435DA37F130424A2EF86.d.A3E6DEA56E0F623CEDC56175D7F60A80.e.1476/click - {}
RESULT: {}
COMMAND: POST /session/87c905b0ced0689aea197ebc287e8344/execute/async - {"script":"<script> [1562 bytes]","args":[{"selector":{"controlType":"sap.m.Button","viewName":"etm.portal.ui.managecatalogs.view.Detail","viewId":"application-managecatalogs-display-component---detailCatalog","i18NText":{"propertyName":"text","key":"edit"},"interaction":{"idSuffix":"BDI-content"}},"wdio_ui5_key":"etmportal.ui.managecatalogs.view.Detailsap.m.Button{\"propertyName\":\"text\",\"key\":\"edit\"}"}]}
COMMAND: GET /session/87c905b0ced0689aea197ebc287e8344/screenshot - {}
RESULT: {"script":"<script> [1562 bytes]","args":[{"selector":{"controlType":"sap.m.Button","viewName":"etm.portal.ui.managecatalogs.view.Detail","viewId":"application-managecatalogs-display-component---detailCatalog","i18NText":{"propertyName":"text","key":"edit"},"interaction":{"idSuffix":"BDI-content"}},"wdio_ui5_key":"etmportal.ui.managecatalogs.view.Detailsap.m.Button{\"propertyName\":\"text\",\"key\":\"edit\"}"}]}
RESULT: undefined
COMMAND: POST /session/87c905b0ced0689aea197ebc287e8344/element - {"using":"xpath","value":"//*[@id=\"__button33\"]"}
RESULT: {}
RESULT: {"using":"xpath","value":"//*[@id=\"__button33\"]"}
COMMAND: POST /session/87c905b0ced0689aea197ebc287e8344/element/f.49273D69898A435DA37F130424A2EF86.d.A3E6DEA56E0F623CEDC56175D7F60A80.e.1544/click - {}
RESULT: {}
COMMAND: POST /session/87c905b0ced0689aea197ebc287e8344/execute/async - {"script":"<script> [1562 bytes]","args":[{"selector":{"controlType":"sap.ui.core.Icon","viewName":"etm.portal.ui.managecatalogs.view.Detail","viewId":"application-managecatalogs-display-component---detailCatalog","properties":{"src":{"regex":{"source":"add\\-document"}}}},"wdio_ui5_key":"etmportal.ui.managecatalogs.view.Detailsap.ui.core.Icon{\"src\":{\"regex\":{\"source\":\"add\\\\-document\"}}}"}]}
COMMAND: GET /session/87c905b0ced0689aea197ebc287e8344/screenshot - {}
RESULT: {"script":"<script> [1562 bytes]","args":[{"selector":{"controlType":"sap.ui.core.Icon","viewName":"etm.portal.ui.managecatalogs.view.Detail","viewId":"application-managecatalogs-display-component---detailCatalog","properties":{"src":{"regex":{"source":"add\\-document"}}}},"wdio_ui5_key":"etmportal.ui.managecatalogs.view.Detailsap.ui.core.Icon{\"src\":{\"regex\":{\"source\":\"add\\\\-document\"}}}"}]}
RESULT: undefined
COMMAND: POST /session/87c905b0ced0689aea197ebc287e8344/element - {"using":"xpath","value":"//*[@id=\"__button42-img\"]"}
RESULT: {}
RESULT: {"using":"xpath","value":"//*[@id=\"__button42-img\"]"}
COMMAND: POST /session/87c905b0ced0689aea197ebc287e8344/element/f.49273D69898A435DA37F130424A2EF86.d.A3E6DEA56E0F623CEDC56175D7F60A80.e.1551/click - {}
RESULT: {}
COMMAND: POST /session/87c905b0ced0689aea197ebc287e8344/execute/async - {"script":"<script> [1562 bytes]","args":[{"selector":{"id":"application-managecatalogs-display-component---detailCatalog--newItemNumberInput","searchOpenDialogs":true,"interaction":{"idSuffix":"inner"}},"wdio_ui5_key":"applicationmanagecatalogs-display-component---detailCatalog--newItemNumberInput"}]}
COMMAND: GET /session/87c905b0ced0689aea197ebc287e8344/screenshot - {}
RESULT: {"script":"<script> [1562 bytes]","args":[{"selector":{"id":"application-managecatalogs-display-component---detailCatalog--newItemNumberInput","searchOpenDialogs":true,"interaction":{"idSuffix":"inner"}},"wdio_ui5_key":"applicationmanagecatalogs-display-component---detailCatalog--newItemNumberInput"}]}
RESULT: undefined
COMMAND: POST /session/87c905b0ced0689aea197ebc287e8344/execute/async - {"script":"<script> [776 bytes]","args":[{"enterText":"catalogItemik9ug","selector":{"id":"application-managecatalogs-display-component---detailCatalog--newItemNumberInput","searchOpenDialogs":true,"interaction":{"idSuffix":"inner"}},"clearTextFirst":true,"interactionType":"ENTER_TEXT"}]}
RESULT: {}
RESULT: {"script":"<script> [776 bytes]","args":[{"enterText":"catalogItemik9ug","selector":{"id":"application-managecatalogs-display-component---detailCatalog--newItemNumberInput","searchOpenDialogs":true,"interaction":{"idSuffix":"inner"}},"clearTextFirst":true,"interactionType":"ENTER_TEXT"}]}
COMMAND: POST /session/87c905b0ced0689aea197ebc287e8344/execute/async - {"script":"<script> [1562 bytes]","args":[{"selector":{"controlType":"sap.m.Input","viewName":"etm.portal.ui.managecatalogs.view.Detail","viewId":"application-managecatalogs-display-component---detailCatalog","bindingPath":{"path":"","propertyPath":"/DESCRIPTION"},"searchOpenDialogs":true,"interaction":{"idSuffix":"inner"}},"wdio_ui5_key":"etmportal.ui.managecatalogs.view.Detailsap.m.Input{\"path\":\"\",\"propertyPath\":\"/DESCRIPTION\"}"}]}
RESULT: {"script":"<script> [1562 bytes]","args":[{"selector":{"controlType":"sap.m.Input","viewName":"etm.portal.ui.managecatalogs.view.Detail","viewId":"application-managecatalogs-display-component---detailCatalog","bindingPath":{"path":"","propertyPath":"/DESCRIPTION"},"searchOpenDialogs":true,"interaction":{"idSuffix":"inner"}},"wdio_ui5_key":"etmportal.ui.managecatalogs.view.Detailsap.m.Input{\"path\":\"\",\"propertyPath\":\"/DESCRIPTION\"}"}]}
RESULT: undefined
COMMAND: POST /session/87c905b0ced0689aea197ebc287e8344/execute/async - {"script":"<script> [776 bytes]","args":[{"enterText":"catalogItemNameh4y3c","selector":{"controlType":"sap.m.Input","viewName":"etm.portal.ui.managecatalogs.view.Detail","viewId":"application-managecatalogs-display-component---detailCatalog","bindingPath":{"path":"","propertyPath":"/DESCRIPTION"},"searchOpenDialogs":true,"interaction":{"idSuffix":"inner"}},"clearTextFirst":true,"interactionType":"ENTER_TEXT"}]}
RESULT: {"script":"<script> [776 bytes]","args":[{"enterText":"catalogItemNameh4y3c","selector":{"controlType":"sap.m.Input","viewName":"etm.portal.ui.managecatalogs.view.Detail","viewId":"application-managecatalogs-display-component---detailCatalog","bindingPath":{"path":"","propertyPath":"/DESCRIPTION"},"searchOpenDialogs":true,"interaction":{"idSuffix":"inner"}},"clearTextFirst":true,"interactionType":"ENTER_TEXT"}]}
COMMAND: POST /session/87c905b0ced0689aea197ebc287e8344/execute/async - {"script":"<script> [1562 bytes]","args":[{"selector":{"controlType":"sap.m.Button","viewName":"etm.portal.ui.managecatalogs.view.Detail","viewId":"application-managecatalogs-display-component---detailCatalog","i18NText":{"propertyName":"text","key":"create"},"searchOpenDialogs":true,"interaction":{"idSuffix":"BDI-content"}},"wdio_ui5_key":"etmportal.ui.managecatalogs.view.Detailsap.m.Button{\"propertyName\":\"text\",\"key\":\"create\"}"}]}
RESULT: {"script":"<script> [1562 bytes]","args":[{"selector":{"controlType":"sap.m.Button","viewName":"etm.portal.ui.managecatalogs.view.Detail","viewId":"application-managecatalogs-display-component---detailCatalog","i18NText":{"propertyName":"text","key":"create"},"searchOpenDialogs":true,"interaction":{"idSuffix":"BDI-content"}},"wdio_ui5_key":"etmportal.ui.managecatalogs.view.Detailsap.m.Button{\"propertyName\":\"text\",\"key\":\"create\"}"}]}
RESULT: undefined
COMMAND: POST /session/87c905b0ced0689aea197ebc287e8344/element - {"using":"xpath","value":"//*[@id=\"__button17\"]"}
RESULT: {"using":"xpath","value":"//*[@id=\"__button17\"]"}
COMMAND: POST /session/87c905b0ced0689aea197ebc287e8344/element/f.49273D69898A435DA37F130424A2EF86.d.A3E6DEA56E0F623CEDC56175D7F60A80.e.1560/click - {}
RESULT: {}
COMMAND: GET /session/87c905b0ced0689aea197ebc287e8344/screenshot - {}
RESULT: {}
COMMAND: POST /session/87c905b0ced0689aea197ebc287e8344/element - {"using":"xpath","value":"//button[@title=\"Save\"]"}
RESULT: {"using":"xpath","value":"//button[@title=\"Save\"]"}
COMMAND: POST /session/87c905b0ced0689aea197ebc287e8344/element/f.49273D69898A435DA37F130424A2EF86.d.A3E6DEA56E0F623CEDC56175D7F60A80.e.1561/click - {}
RESULT: {}
COMMAND: GET /session/87c905b0ced0689aea197ebc287e8344/screenshot - {}
RESULT: {}
COMMAND: POST /session/87c905b0ced0689aea197ebc287e8344/execute/async - {"script":"<script> [1562 bytes]","args":[{"selector":{"controlType":"sap.ui.core.Icon","viewName":"etm.portal.ui.managecatalogs.view.Detail","viewId":"application-managecatalogs-display-component---detailCatalog","properties":{"src":{"regex":{"source":"decline"}}}},"wdio_ui5_key":"etmportal.ui.managecatalogs.view.Detailsap.ui.core.Icon{\"src\":{\"regex\":{\"source\":\"decline\"}}}"}]}
RESULT: {"script":"<script> [1562 bytes]","args":[{"selector":{"controlType":"sap.ui.core.Icon","viewName":"etm.portal.ui.managecatalogs.view.Detail","viewId":"application-managecatalogs-display-component---detailCatalog","properties":{"src":{"regex":{"source":"decline"}}}},"wdio_ui5_key":"etmportal.ui.managecatalogs.view.Detailsap.ui.core.Icon{\"src\":{\"regex\":{\"source\":\"decline\"}}}"}]}
RESULT: undefined
COMMAND: POST /session/87c905b0ced0689aea197ebc287e8344/element - {"using":"xpath","value":"//*[@id=\"__button36-img\"]"}
RESULT: {"using":"xpath","value":"//*[@id=\"__button36-img\"]"}
COMMAND: POST /session/87c905b0ced0689aea197ebc287e8344/element/f.49273D69898A435DA37F130424A2EF86.d.A3E6DEA56E0F623CEDC56175D7F60A80.e.1567/click - {}
RESULT: {}
COMMAND: GET /session/87c905b0ced0689aea197ebc287e8344/screenshot - {}
RESULT: {}
COMMAND: POST /session/87c905b0ced0689aea197ebc287e8344/execute/async - {"script":"<script> [1562 bytes]","args":[{"selector":{"controlType":"sap.ui.core.Icon","viewName":"etm.portal.ui.managecatalogs.view.MasterItems","viewId":"application-managecatalogs-display-component---masterCatalogItems","properties":{"src":{"regex":{"source":"refresh"}}}},"wdio_ui5_key":"etmportal.ui.managecatalogs.view.MasterItemssap.ui.core.Icon{\"src\":{\"regex\":{\"source\":\"refresh\"}}}"}]}
RESULT: {"script":"<script> [1562 bytes]","args":[{"selector":{"controlType":"sap.ui.core.Icon","viewName":"etm.portal.ui.managecatalogs.view.MasterItems","viewId":"application-managecatalogs-display-component---masterCatalogItems","properties":{"src":{"regex":{"source":"refresh"}}}},"wdio_ui5_key":"etmportal.ui.managecatalogs.view.MasterItemssap.ui.core.Icon{\"src\":{\"regex\":{\"source\":\"refresh\"}}}"}]}
RESULT: undefined
COMMAND: POST /session/87c905b0ced0689aea197ebc287e8344/element - {"using":"xpath","value":"//*[@id=\"__button9-img\"]"}
RESULT: {"using":"xpath","value":"//*[@id=\"__button9-img\"]"}
COMMAND: POST /session/87c905b0ced0689aea197ebc287e8344/element/f.49273D69898A435DA37F130424A2EF86.d.A3E6DEA56E0F623CEDC56175D7F60A80.e.1600/click - {}
RESULT: {}
COMMAND: GET /session/87c905b0ced0689aea197ebc287e8344/screenshot - {}
RESULT: {}
COMMAND: POST /session/87c905b0ced0689aea197ebc287e8344/execute/async - {"script":"<script> [1562 bytes]","args":[{"selector":{"id":"application-managecatalogs-display-component---masterCatalogItems--searchItemsField","interaction":{"idSuffix":"I"}},"wdio_ui5_key":"applicationmanagecatalogs-display-component---masterCatalogItems--searchItemsField"}]}
RESULT: {"script":"<script> [1562 bytes]","args":[{"selector":{"id":"application-managecatalogs-display-component---masterCatalogItems--searchItemsField","interaction":{"idSuffix":"I"}},"wdio_ui5_key":"applicationmanagecatalogs-display-component---masterCatalogItems--searchItemsField"}]}
RESULT: undefined
COMMAND: POST /session/87c905b0ced0689aea197ebc287e8344/execute/async - {"script":"<script> [776 bytes]","args":[{"enterText":"catalogItemNameh4y3c","selector":{"id":"application-managecatalogs-display-component---masterCatalogItems--searchItemsField","interaction":{"idSuffix":"I"}},"clearTextFirst":true,"interactionType":"ENTER_TEXT"}]}
RESULT: {"script":"<script> [776 bytes]","args":[{"enterText":"catalogItemNameh4y3c","selector":{"id":"application-managecatalogs-display-component---masterCatalogItems--searchItemsField","interaction":{"idSuffix":"I"}},"clearTextFirst":true,"interactionType":"ENTER_TEXT"}]}
COMMAND: POST /session/87c905b0ced0689aea197ebc287e8344/actions - {"actions":[{"id":"action5","type":"key","parameters":{},"actions":[{"type":"keyDown","value":"î€‡"},{"type":"pause","duration":10},{"type":"keyUp","value":"î€‡"}]}]}
RESULT: {"actions":[{"id":"action5","type":"key","parameters":{},"actions":[{"type":"keyDown","value":"î€‡"},{"type":"pause","duration":10},{"type":"keyUp","value":"î€‡"}]}]}
COMMAND: POST /session/87c905b0ced0689aea197ebc287e8344/element - {"using":"xpath","value":"(//span[contains(text(), \"catalogItemNameh4y3c\")])[1]"}
COMMAND: GET /session/87c905b0ced0689aea197ebc287e8344/screenshot - {}
RESULT: {"using":"xpath","value":"(//span[contains(text(), \"catalogItemNameh4y3c\")])[1]"}
COMMAND: POST /session/87c905b0ced0689aea197ebc287e8344/element/f.49273D69898A435DA37F130424A2EF86.d.A3E6DEA56E0F623CEDC56175D7F60A80.e.1607/click - {}
RESULT: {}
RESULT: {}
COMMAND: GET /session/87c905b0ced0689aea197ebc287e8344/screenshot - {}
RESULT: {}
COMMAND: POST /session/87c905b0ced0689aea197ebc287e8344/element - {"using":"xpath","value":"//span[contains(text(), \"catalogItemik9ug\")]"}
RESULT: {"using":"xpath","value":"//span[contains(text(), \"catalogItemik9ug\")]"}
COMMAND: GET /session/87c905b0ced0689aea197ebc287e8344/element/f.49273D69898A435DA37F130424A2EF86.d.A3E6DEA56E0F623CEDC56175D7F60A80.e.1669/text - {}
RESULT: {}
RESULT: undefined
COMMAND: POST /session/87c905b0ced0689aea197ebc287e8344/element - {"using":"xpath","value":"//*[@id=\"__button33\"]"}
RESULT: {"using":"xpath","value":"//*[@id=\"__button33\"]"}
COMMAND: POST /session/87c905b0ced0689aea197ebc287e8344/element/f.49273D69898A435DA37F130424A2EF86.d.A3E6DEA56E0F623CEDC56175D7F60A80.e.1670/click - {}
RESULT: {}
COMMAND: GET /session/87c905b0ced0689aea197ebc287e8344/screenshot - {}
RESULT: {}
COMMAND: POST /session/87c905b0ced0689aea197ebc287e8344/execute/async - {"script":"<script> [1562 bytes]","args":[{"selector":{"id":"application-managecatalogs-display-component---detailCatalog--BASE_UNIT_OF_MEASURE-arrow"},"wdio_ui5_key":"applicationmanagecatalogs-display-component---detailCatalog--BASE_UNIT_OF_MEASURE-arrow"}]}
RESULT: {"script":"<script> [1562 bytes]","args":[{"selector":{"id":"application-managecatalogs-display-component---detailCatalog--BASE_UNIT_OF_MEASURE-arrow"},"wdio_ui5_key":"applicationmanagecatalogs-display-component---detailCatalog--BASE_UNIT_OF_MEASURE-arrow"}]}
RESULT: undefined
COMMAND: POST /session/87c905b0ced0689aea197ebc287e8344/element - {"using":"xpath","value":"//*[@id=\"application-managecatalogs-display-component---detailCatalog--BASE_UNIT_OF_MEASURE-arrow\"]"}
RESULT: {"using":"xpath","value":"//*[@id=\"application-managecatalogs-display-component---detailCatalog--BASE_UNIT_OF_MEASURE-arrow\"]"}
COMMAND: POST /session/87c905b0ced0689aea197ebc287e8344/element/f.49273D69898A435DA37F130424A2EF86.d.A3E6DEA56E0F623CEDC56175D7F60A80.e.1699/click - {}
RESULT: {}
COMMAND: GET /session/87c905b0ced0689aea197ebc287e8344/screenshot - {}
RESULT: {}
COMMAND: POST /session/87c905b0ced0689aea197ebc287e8344/execute/async - {"script":"<script> [1562 bytes]","args":[{"selector":{"controlType":"sap.m.StandardListItem","viewName":"etm.portal.ui.managecatalogs.view.Detail","viewId":"application-managecatalogs-display-component---detailCatalog","properties":{"title":"Piece"},"searchOpenDialogs":true,"interaction":{"idSuffix":"titleText"}},"wdio_ui5_key":"etmportal.ui.managecatalogs.view.Detailsap.m.StandardListItem{\"title\":\"Piece\"}"}]}
RESULT: {"script":"<script> [1562 bytes]","args":[{"selector":{"controlType":"sap.m.StandardListItem","viewName":"etm.portal.ui.managecatalogs.view.Detail","viewId":"application-managecatalogs-display-component---detailCatalog","properties":{"title":"Piece"},"searchOpenDialogs":true,"interaction":{"idSuffix":"titleText"}},"wdio_ui5_key":"etmportal.ui.managecatalogs.view.Detailsap.m.StandardListItem{\"title\":\"Piece\"}"}]}
RESULT: undefined
COMMAND: POST /session/87c905b0ced0689aea197ebc287e8344/element - {"using":"xpath","value":"//*[@id=\"__item231\"]"}
RESULT: {"using":"xpath","value":"//*[@id=\"__item231\"]"}
COMMAND: POST /session/87c905b0ced0689aea197ebc287e8344/element/f.49273D69898A435DA37F130424A2EF86.d.A3E6DEA56E0F623CEDC56175D7F60A80.e.1703/click - {}
RESULT: {}
COMMAND: POST /session/87c905b0ced0689aea197ebc287e8344/execute/async - {"script":"<script> [1562 bytes]","args":[{"selector":{"controlType":"sap.ui.core.Icon","viewName":"etm.portal.ui.managecatalogs.view.Detail","viewId":"application-managecatalogs-display-component---detailCatalog","properties":{"src":{"regex":{"source":"add"}}},"ancestor":{"controlType":"sap.m.Button","viewName":"etm.portal.ui.managecatalogs.view.Detail","viewId":"application-managecatalogs-display-component---detailCatalog","i18NText":{"propertyName":"tooltip","key":"addClass"}}},"wdio_ui5_key":"etmportal.ui.managecatalogs.view.Detailsap.ui.core.Icon{\"src\":{\"regex\":{\"source\":\"add\"}}}{\"controlType\":\"sap.m.Button\",\"viewName\":\"etm.portal.ui.managecatalogs.view.Detail\",\"viewId\":\"application-managecatalogs-display-component---detailCatalog\",\"i18NText\":{\"propertyName\":\"tooltip\",\"key\":\"addClass\"}}"}]}
COMMAND: GET /session/87c905b0ced0689aea197ebc287e8344/screenshot - {}
RESULT: {"script":"<script> [1562 bytes]","args":[{"selector":{"controlType":"sap.ui.core.Icon","viewName":"etm.portal.ui.managecatalogs.view.Detail","viewId":"application-managecatalogs-display-component---detailCatalog","properties":{"src":{"regex":{"source":"add"}}},"ancestor":{"controlType":"sap.m.Button","viewName":"etm.portal.ui.managecatalogs.view.Detail","viewId":"application-managecatalogs-display-component---detailCatalog","i18NText":{"propertyName":"tooltip","key":"addClass"}}},"wdio_ui5_key":"etmportal.ui.managecatalogs.view.Detailsap.ui.core.Icon{\"src\":{\"regex\":{\"source\":\"add\"}}}{\"controlType\":\"sap.m.Button\",\"viewName\":\"etm.portal.ui.managecatalogs.view.Detail\",\"viewId\":\"application-managecatalogs-display-component---detailCatalog\",\"i18NText\":{\"propertyName\":\"tooltip\",\"key\":\"addClass\"}}"}]}
RESULT: undefined
COMMAND: POST /session/87c905b0ced0689aea197ebc287e8344/element - {"using":"xpath","value":"//*[@id=\"__button39-img\"]"}
RESULT: {}
RESULT: {"using":"xpath","value":"//*[@id=\"__button39-img\"]"}
COMMAND: POST /session/87c905b0ced0689aea197ebc287e8344/element/f.49273D69898A435DA37F130424A2EF86.d.A3E6DEA56E0F623CEDC56175D7F60A80.e.1704/click - {}
RESULT: {}
COMMAND: GET /session/87c905b0ced0689aea197ebc287e8344/screenshot - {}
RESULT: {}
COMMAND: POST /session/87c905b0ced0689aea197ebc287e8344/element - {"using":"xpath","value":"//input[contains(@id ,\"searchField-I\")]"}
RESULT: {"using":"xpath","value":"//input[contains(@id ,\"searchField-I\")]"}
COMMAND: POST /session/87c905b0ced0689aea197ebc287e8344/element/f.49273D69898A435DA37F130424A2EF86.d.A3E6DEA56E0F623CEDC56175D7F60A80.e.1708/value - {"text":"WebdriverYardClasshm7c9"}
RESULT: {"text":"WebdriverYardClasshm7c9"}
COMMAND: POST /session/87c905b0ced0689aea197ebc287e8344/actions - {"actions":[{"id":"action6","type":"key","parameters":{},"actions":[{"type":"keyDown","value":"î€‡"},{"type":"pause","duration":10},{"type":"keyUp","value":"î€‡"}]}]}
COMMAND: GET /session/87c905b0ced0689aea197ebc287e8344/screenshot - {}
RESULT: {"actions":[{"id":"action6","type":"key","parameters":{},"actions":[{"type":"keyDown","value":"î€‡"},{"type":"pause","duration":10},{"type":"keyUp","value":"î€‡"}]}]}
COMMAND: GET /session/87c905b0ced0689aea197ebc287e8344/screenshot - {}
RESULT: {}
RESULT: {}
COMMAND: POST /session/87c905b0ced0689aea197ebc287e8344/element - {"using":"xpath","value":"//span[contains(text(), \"WebdriverYardClasshm7c9\")]"}
RESULT: {"using":"xpath","value":"//span[contains(text(), \"WebdriverYardClasshm7c9\")]"}
COMMAND: POST /session/87c905b0ced0689aea197ebc287e8344/element/f.49273D69898A435DA37F130424A2EF86.d.A3E6DEA56E0F623CEDC56175D7F60A80.e.1743/click - {}
RESULT: {}
COMMAND: GET /session/87c905b0ced0689aea197ebc287e8344/screenshot - {}
RESULT: {}
COMMAND: POST /session/87c905b0ced0689aea197ebc287e8344/execute/async - {"script":"<script> [1562 bytes]","args":[{"selector":{"controlType":"sap.m.Button","viewName":"etm.portal.ui.managecatalogs.view.Detail","viewId":"application-managecatalogs-display-component---detailCatalog","properties":{"text":"Classification"},"interaction":{"idSuffix":"BDI-content"}},"wdio_ui5_key":"etmportal.ui.managecatalogs.view.Detailsap.m.Button{\"text\":\"Classification\"}"}]}
RESULT: {"script":"<script> [1562 bytes]","args":[{"selector":{"controlType":"sap.m.Button","viewName":"etm.portal.ui.managecatalogs.view.Detail","viewId":"application-managecatalogs-display-component---detailCatalog","properties":{"text":"Classification"},"interaction":{"idSuffix":"BDI-content"}},"wdio_ui5_key":"etmportal.ui.managecatalogs.view.Detailsap.m.Button{\"text\":\"Classification\"}"}]}
RESULT: undefined
COMMAND: POST /session/87c905b0ced0689aea197ebc287e8344/element - {"using":"xpath","value":"//*[@id=\"application-managecatalogs-display-component---detailCatalog--ObjectPageLayout-anchBar-__section3-anchor\"]"}
RESULT: {"using":"xpath","value":"//*[@id=\"application-managecatalogs-display-component---detailCatalog--ObjectPageLayout-anchBar-__section3-anchor\"]"}
COMMAND: POST /session/87c905b0ced0689aea197ebc287e8344/element/f.49273D69898A435DA37F130424A2EF86.d.A3E6DEA56E0F623CEDC56175D7F60A80.e.1748/click - {}
RESULT: {}
COMMAND: GET /session/87c905b0ced0689aea197ebc287e8344/screenshot - {}
RESULT: {}
COMMAND: POST /session/87c905b0ced0689aea197ebc287e8344/element - {"using":"xpath","value":"//span[contains(@id ,\"expandButton-img\")]"}
RESULT: {"using":"xpath","value":"//span[contains(@id ,\"expandButton-img\")]"}
COMMAND: POST /session/87c905b0ced0689aea197ebc287e8344/element/f.49273D69898A435DA37F130424A2EF86.d.A3E6DEA56E0F623CEDC56175D7F60A80.e.1754/click - {}
RESULT: {}
COMMAND: POST /session/87c905b0ced0689aea197ebc287e8344/execute/async - {"script":"<script> [1562 bytes]","args":[{"selector":{"controlType":"sap.m.CheckBox","viewName":"etm.portal.ui.managecatalogs.view.Detail","viewId":"application-managecatalogs-display-component---detailCatalog","bindingPath":{"path":"/data/0/PROPERTIES/0","propertyPath":"SELECTED","modelName":"classModel"},"interaction":{"idSuffix":"CbBg"}},"wdio_ui5_key":"etmportal.ui.managecatalogs.view.Detailsap.m.CheckBox{\"path\":\"/data/0/PROPERTIES/0\",\"propertyPath\":\"SELECTED\",\"modelName\":\"classModel\"}"}]}
COMMAND: GET /session/87c905b0ced0689aea197ebc287e8344/screenshot - {}
RESULT: {"script":"<script> [1562 bytes]","args":[{"selector":{"controlType":"sap.m.CheckBox","viewName":"etm.portal.ui.managecatalogs.view.Detail","viewId":"application-managecatalogs-display-component---detailCatalog","bindingPath":{"path":"/data/0/PROPERTIES/0","propertyPath":"SELECTED","modelName":"classModel"},"interaction":{"idSuffix":"CbBg"}},"wdio_ui5_key":"etmportal.ui.managecatalogs.view.Detailsap.m.CheckBox{\"path\":\"/data/0/PROPERTIES/0\",\"propertyPath\":\"SELECTED\",\"modelName\":\"classModel\"}"}]}
RESULT: undefined
COMMAND: POST /session/87c905b0ced0689aea197ebc287e8344/element - {"using":"xpath","value":"//*[@id=\"__box32\"]"}
RESULT: {}
RESULT: {"using":"xpath","value":"//*[@id=\"__box32\"]"}
COMMAND: POST /session/87c905b0ced0689aea197ebc287e8344/element/f.49273D69898A435DA37F130424A2EF86.d.A3E6DEA56E0F623CEDC56175D7F60A80.e.1769/click - {}
RESULT: {}
RESULT: undefined
COMMAND: POST /session/87c905b0ced0689aea197ebc287e8344/execute/async - {"script":"<script> [6424 bytes]","args":[{"element-6066-11e4-a52e-4f735466cecf":"f.49273D69898A435DA37F130424A2EF86.d.A3E6DEA56E0F623CEDC56175D7F60A80.e.1767"},"getSelected",[]]}
COMMAND: GET /session/87c905b0ced0689aea197ebc287e8344/screenshot - {}
RESULT: {"script":"<script> [6424 bytes]","args":[{"element-6066-11e4-a52e-4f735466cecf":"f.49273D69898A435DA37F130424A2EF86.d.A3E6DEA56E0F623CEDC56175D7F60A80.e.1767"},"getSelected",[]]}
COMMAND: POST /session/87c905b0ced0689aea197ebc287e8344/execute/async - {"script":"<script> [1562 bytes]","args":[{"selector":{"controlType":"sap.m.Button","viewName":"etm.portal.ui.managecatalogs.view.Detail","viewId":"application-managecatalogs-display-component---detailCatalog","i18NText":{"propertyName":"text","key":"save"},"interaction":{"idSuffix":"BDI-content"}},"wdio_ui5_key":"etmportal.ui.managecatalogs.view.Detailsap.m.Button{\"propertyName\":\"text\",\"key\":\"save\"}"}]}
RESULT: {}
RESULT: {"script":"<script> [1562 bytes]","args":[{"selector":{"controlType":"sap.m.Button","viewName":"etm.portal.ui.managecatalogs.view.Detail","viewId":"application-managecatalogs-display-component---detailCatalog","i18NText":{"propertyName":"text","key":"save"},"interaction":{"idSuffix":"BDI-content"}},"wdio_ui5_key":"etmportal.ui.managecatalogs.view.Detailsap.m.Button{\"propertyName\":\"text\",\"key\":\"save\"}"}]}
RESULT: undefined
COMMAND: POST /session/87c905b0ced0689aea197ebc287e8344/element - {"using":"xpath","value":"//*[@id=\"__button51\"]"}
RESULT: {"using":"xpath","value":"//*[@id=\"__button51\"]"}
COMMAND: POST /session/87c905b0ced0689aea197ebc287e8344/element/f.49273D69898A435DA37F130424A2EF86.d.A3E6DEA56E0F623CEDC56175D7F60A80.e.1673/click - {}
RESULT: {}
COMMAND: GET /session/87c905b0ced0689aea197ebc287e8344/screenshot - {}
RESULT: {}
COMMAND: POST /session/87c905b0ced0689aea197ebc287e8344/element - {"using":"css selector","value":"#shell-header-logo"}
RESULT: {"using":"css selector","value":"#shell-header-logo"}
COMMAND: POST /session/87c905b0ced0689aea197ebc287e8344/element/f.49273D69898A435DA37F130424A2EF86.d.A3E6DEA56E0F623CEDC56175D7F60A80.e.1437/click - {}
RESULT: {}
COMMAND: GET /session/87c905b0ced0689aea197ebc287e8344/screenshot - {}
RESULT: {}
]]></system-out>
    </testcase>
    <testcase classname="chrome.135_0_7049_96.windows.Manage_catalogs_-_yard_assignment_classification_US138930" name="Should verify if the catalog item is visible after selecting the yard" time="51.318">
      <system-out><![CDATA[
COMMAND: POST /session/87c905b0ced0689aea197ebc287e8344/execute/async - {"script":"<script> [1562 bytes]","args":[{"selector":{"controlType":"sap.m.Text","properties":{"text":"Webshop"},"interaction":{"idSuffix":"inner"}},"wdio_ui5_key":"sapm.Text{\"text\":\"Webshop\"}"}]}
RESULT: {"script":"<script> [1562 bytes]","args":[{"selector":{"controlType":"sap.m.Text","properties":{"text":"Webshop"},"interaction":{"idSuffix":"inner"}},"wdio_ui5_key":"sapm.Text{\"text\":\"Webshop\"}"}]}
RESULT: undefined
COMMAND: POST /session/87c905b0ced0689aea197ebc287e8344/element - {"using":"xpath","value":"//*[@id=\"__tile49-title\"]"}
RESULT: {"using":"xpath","value":"//*[@id=\"__tile49-title\"]"}
COMMAND: POST /session/87c905b0ced0689aea197ebc287e8344/element/f.49273D69898A435DA37F130424A2EF86.d.A3E6DEA56E0F623CEDC56175D7F60A80.e.1795/click - {}
RESULT: {}
COMMAND: GET /session/87c905b0ced0689aea197ebc287e8344/screenshot - {}
RESULT: {}
COMMAND: POST /session/87c905b0ced0689aea197ebc287e8344/element - {"using":"css selector","value":"#requestCreationDialog--createRequestPopUp-title-inner"}
RESULT: {"using":"css selector","value":"#requestCreationDialog--createRequestPopUp-title-inner"}
COMMAND: POST /session/87c905b0ced0689aea197ebc287e8344/execute/sync - {"script":"<script> [8489 bytes]","args":[{"element-6066-11e4-a52e-4f735466cecf":"f.49273D69898A435DA37F130424A2EF86.d.A3E6DEA56E0F623CEDC56175D7F60A80.e.1824","ELEMENT":"f.49273D69898A435DA37F130424A2EF86.d.A3E6DEA56E0F623CEDC56175D7F60A80.e.1824"}]}
RESULT: {"script":"<script> [8489 bytes]","args":[{"element-6066-11e4-a52e-4f735466cecf":"f.49273D69898A435DA37F130424A2EF86.d.A3E6DEA56E0F623CEDC56175D7F60A80.e.1824","ELEMENT":"f.49273D69898A435DA37F130424A2EF86.d.A3E6DEA56E0F623CEDC56175D7F60A80.e.1824"}]}
COMMAND: GET /session/87c905b0ced0689aea197ebc287e8344/element/f.49273D69898A435DA37F130424A2EF86.d.A3E6DEA56E0F623CEDC56175D7F60A80.e.1824/enabled - {}
COMMAND: GET /session/87c905b0ced0689aea197ebc287e8344/screenshot - {}
RESULT: {}
COMMAND: POST /session/87c905b0ced0689aea197ebc287e8344/elements - {"using":"css selector","value":"#requestCreationDialog--createRequestPopUp-title-inner"}
COMMAND: GET /session/87c905b0ced0689aea197ebc287e8344/screenshot - {}
RESULT: {}
RESULT: {"using":"css selector","value":"#requestCreationDialog--createRequestPopUp-title-inner"}
COMMAND: POST /session/87c905b0ced0689aea197ebc287e8344/execute/async - {"script":"<script> [1562 bytes]","args":[{"selector":{"id":"requestCreationDialog--requestName","searchOpenDialogs":true,"interaction":{"idSuffix":"inner"}},"wdio_ui5_key":"requestCreationDialogrequestName"}]}
RESULT: {}
RESULT: {"script":"<script> [1562 bytes]","args":[{"selector":{"id":"requestCreationDialog--requestName","searchOpenDialogs":true,"interaction":{"idSuffix":"inner"}},"wdio_ui5_key":"requestCreationDialogrequestName"}]}
RESULT: undefined
COMMAND: POST /session/87c905b0ced0689aea197ebc287e8344/execute/async - {"script":"<script> [776 bytes]","args":[{"enterText":"WebdriverTest","selector":{"id":"requestCreationDialog--requestName","searchOpenDialogs":true,"interaction":{"idSuffix":"inner"}},"clearTextFirst":true,"interactionType":"ENTER_TEXT"}]}
RESULT: {"script":"<script> [776 bytes]","args":[{"enterText":"WebdriverTest","selector":{"id":"requestCreationDialog--requestName","searchOpenDialogs":true,"interaction":{"idSuffix":"inner"}},"clearTextFirst":true,"interactionType":"ENTER_TEXT"}]}
COMMAND: POST /session/87c905b0ced0689aea197ebc287e8344/element - {"using":"xpath","value":"//input[contains(@id ,\"requestCreationDialog--yardId-inner\")]"}
RESULT: {"using":"xpath","value":"//input[contains(@id ,\"requestCreationDialog--yardId-inner\")]"}
COMMAND: POST /session/87c905b0ced0689aea197ebc287e8344/element/f.49273D69898A435DA37F130424A2EF86.d.A3E6DEA56E0F623CEDC56175D7F60A80.e.1812/clear - {}
RESULT: {}
COMMAND: POST /session/87c905b0ced0689aea197ebc287e8344/element/f.49273D69898A435DA37F130424A2EF86.d.A3E6DEA56E0F623CEDC56175D7F60A80.e.1812/value - {"text":"101"}
COMMAND: GET /session/87c905b0ced0689aea197ebc287e8344/screenshot - {}
RESULT: {"text":"101"}
COMMAND: GET /session/87c905b0ced0689aea197ebc287e8344/screenshot - {}
RESULT: {}
RESULT: {}
COMMAND: POST /session/87c905b0ced0689aea197ebc287e8344/execute/async - {"script":"<script> [1562 bytes]","args":[{"selector":{"id":"requestCreationDialog--okButton","searchOpenDialogs":true,"interaction":{"idSuffix":"BDI-content"}},"wdio_ui5_key":"requestCreationDialogokButton"}]}
RESULT: {"script":"<script> [1562 bytes]","args":[{"selector":{"id":"requestCreationDialog--okButton","searchOpenDialogs":true,"interaction":{"idSuffix":"BDI-content"}},"wdio_ui5_key":"requestCreationDialogokButton"}]}
RESULT: undefined
COMMAND: POST /session/87c905b0ced0689aea197ebc287e8344/element - {"using":"xpath","value":"//*[@id=\"requestCreationDialog--okButton\"]"}
RESULT: {"using":"xpath","value":"//*[@id=\"requestCreationDialog--okButton\"]"}
COMMAND: POST /session/87c905b0ced0689aea197ebc287e8344/element/f.49273D69898A435DA37F130424A2EF86.d.A3E6DEA56E0F623CEDC56175D7F60A80.e.1830/click - {}
RESULT: {}
COMMAND: GET /session/87c905b0ced0689aea197ebc287e8344/screenshot - {}
COMMAND: POST /session/87c905b0ced0689aea197ebc287e8344/element - {"using":"xpath","value":"//input[contains(@id ,\"searchFiledId-I\")]"}
RESULT: {}
RESULT: {"using":"xpath","value":"//input[contains(@id ,\"searchFiledId-I\")]"}
COMMAND: POST /session/87c905b0ced0689aea197ebc287e8344/element/f.49273D69898A435DA37F130424A2EF86.d.A3E6DEA56E0F623CEDC56175D7F60A80.e.1801/value - {"text":"catalogItemik9ug"}
RESULT: {"text":"catalogItemik9ug"}
COMMAND: POST /session/87c905b0ced0689aea197ebc287e8344/actions - {"actions":[{"id":"action7","type":"key","parameters":{},"actions":[{"type":"keyDown","value":"î€‡"},{"type":"pause","duration":10},{"type":"keyUp","value":"î€‡"}]}]}
COMMAND: GET /session/87c905b0ced0689aea197ebc287e8344/screenshot - {}
RESULT: {"actions":[{"id":"action7","type":"key","parameters":{},"actions":[{"type":"keyDown","value":"î€‡"},{"type":"pause","duration":10},{"type":"keyUp","value":"î€‡"}]}]}
COMMAND: GET /session/87c905b0ced0689aea197ebc287e8344/screenshot - {}
RESULT: {}
RESULT: {}
COMMAND: POST /session/87c905b0ced0689aea197ebc287e8344/element - {"using":"xpath","value":"//span[contains(@id ,\"subTitle\")][contains(text(), \"catalogItemik9ug\")]"}
RESULT: {"using":"xpath","value":"//span[contains(@id ,\"subTitle\")][contains(text(), \"catalogItemik9ug\")]"}
COMMAND: POST /session/87c905b0ced0689aea197ebc287e8344/element - {"using":"xpath","value":"//span[contains(@id ,\"subTitle\")][contains(text(), \"catalogItemik9ug\")]"}
RESULT: {"using":"xpath","value":"//span[contains(@id ,\"subTitle\")][contains(text(), \"catalogItemik9ug\")]"}
COMMAND: POST /session/87c905b0ced0689aea197ebc287e8344/execute/async - {"script":"<script> [1562 bytes]","args":[{"selector":{"controlType":"sap.tnt.NavigationListItem","viewName":"etm.portal.ui.webshop.view.Homepage","i18NText":{"propertyName":"text","key":"exit"},"interaction":{"idSuffix":"a"}},"wdio_ui5_key":"etmportal.ui.webshop.view.Homepagesap.tnt.NavigationListItem{\"propertyName\":\"text\",\"key\":\"exit\"}"}]}
RESULT: {"script":"<script> [1562 bytes]","args":[{"selector":{"controlType":"sap.tnt.NavigationListItem","viewName":"etm.portal.ui.webshop.view.Homepage","i18NText":{"propertyName":"text","key":"exit"},"interaction":{"idSuffix":"a"}},"wdio_ui5_key":"etmportal.ui.webshop.view.Homepagesap.tnt.NavigationListItem{\"propertyName\":\"text\",\"key\":\"exit\"}"}]}
RESULT: undefined
COMMAND: POST /session/87c905b0ced0689aea197ebc287e8344/element - {"using":"xpath","value":"//*[@id=\"__item291\"]"}
RESULT: {"using":"xpath","value":"//*[@id=\"__item291\"]"}
COMMAND: POST /session/87c905b0ced0689aea197ebc287e8344/element/f.49273D69898A435DA37F130424A2EF86.d.A3E6DEA56E0F623CEDC56175D7F60A80.e.1838/click - {}
RESULT: {}
]]></system-out>
    </testcase>
  </testsuite>
  <testsuite timestamp="2025-05-04T15:51:46" time="11.311" tests="1" failures="0" errors="0" skipped="0">
    <properties>
      <property name="specId" value="0" />
      <property name="suiteName" value="Catalogs section" />
      <property name="capabilities" value="chrome.135_0_7049_96.windows" />
      <property name="file" value="file:///D:/a/1/s/test/specs/R2C/manage-catalogs-values-section.spec.js" />
    </properties>
    <testcase classname="chrome.135_0_7049_96.windows.Catalogs_section" name="Should add values to a catalog item" time="11.308">
      <system-out><![CDATA[
COMMAND: POST /session/87c905b0ced0689aea197ebc287e8344/element - {"using":"xpath","value":"//li[contains(@data-kt ,\"exitNavigationListItem\")]"}
COMMAND: GET /session/87c905b0ced0689aea197ebc287e8344/screenshot - {}
RESULT: {"using":"xpath","value":"//li[contains(@data-kt ,\"exitNavigationListItem\")]"}
COMMAND: POST /session/87c905b0ced0689aea197ebc287e8344/element - {"using":"xpath","value":"//li[contains(@data-kt ,\"exitNavigationListItem\")]"}
RESULT: {}
RESULT: {"using":"xpath","value":"//li[contains(@data-kt ,\"exitNavigationListItem\")]"}
COMMAND: POST /session/87c905b0ced0689aea197ebc287e8344/element - {"using":"xpath","value":"//span[contains(@id ,\"requestCreationDialog--createRequestPopUp-title-inner\")]"}
RESULT: {"using":"xpath","value":"//span[contains(@id ,\"requestCreationDialog--createRequestPopUp-title-inner\")]"}
COMMAND: POST /session/87c905b0ced0689aea197ebc287e8344/elements - {"using":"xpath","value":"//span[contains(@id ,\"requestCreationDialog--createRequestPopUp-title-inner\")]"}
RESULT: {"using":"xpath","value":"//span[contains(@id ,\"requestCreationDialog--createRequestPopUp-title-inner\")]"}
COMMAND: POST /session/87c905b0ced0689aea197ebc287e8344/element - {"using":"css selector","value":"#shell-header-logo"}
RESULT: {"using":"css selector","value":"#shell-header-logo"}
COMMAND: POST /session/87c905b0ced0689aea197ebc287e8344/element/f.49273D69898A435DA37F130424A2EF86.d.A3E6DEA56E0F623CEDC56175D7F60A80.e.1849/click - {}
RESULT: {}
COMMAND: GET /session/87c905b0ced0689aea197ebc287e8344/screenshot - {}
RESULT: {}
]]></system-out>
    </testcase>
  </testsuite>
  <testsuite timestamp="2025-05-04T15:51:57" time="328.065" tests="4" failures="0" errors="0" skipped="0">
    <properties>
      <property name="specId" value="0" />
      <property name="suiteName" value="Verify RU inventory split cost information US139363" />
      <property name="capabilities" value="chrome.135_0_7049_96.windows" />
      <property name="file" value="file:///D:/a/1/s/test/specs/R2C/verify-ru-inventory-split-cost-information.spec.js" />
    </properties>
    <testcase classname="chrome.135_0_7049_96.windows.Verify_RU_inventory_split_cost_information_US139363" name="Should create a new contract" time="82.97">
      <system-out><![CDATA[
COMMAND: POST /session/87c905b0ced0689aea197ebc287e8344/execute/async - {"script":"<script> [1562 bytes]","args":[{"selector":{"controlType":"sap.m.Text","viewName":"etm.portal.ui.managecontractstile.view.Master","properties":{"text":"Manage Contracts"},"interaction":{"idSuffix":"inner"}},"wdio_ui5_key":"etmportal.ui.managecontractstile.view.Mastersap.m.Text{\"text\":\"Manage Contracts\"}"}]}
RESULT: {"script":"<script> [1562 bytes]","args":[{"selector":{"controlType":"sap.m.Text","viewName":"etm.portal.ui.managecontractstile.view.Master","properties":{"text":"Manage Contracts"},"interaction":{"idSuffix":"inner"}},"wdio_ui5_key":"etmportal.ui.managecontractstile.view.Mastersap.m.Text{\"text\":\"Manage Contracts\"}"}]}
RESULT: undefined
COMMAND: POST /session/87c905b0ced0689aea197ebc287e8344/element - {"using":"xpath","value":"//*[@id=\"__tile131-title\"]"}
RESULT: {"using":"xpath","value":"//*[@id=\"__tile131-title\"]"}
COMMAND: POST /session/87c905b0ced0689aea197ebc287e8344/element/f.49273D69898A435DA37F130424A2EF86.d.A3E6DEA56E0F623CEDC56175D7F60A80.e.1851/click - {}
RESULT: {}
COMMAND: GET /session/87c905b0ced0689aea197ebc287e8344/screenshot - {}
RESULT: {}
COMMAND: POST /session/87c905b0ced0689aea197ebc287e8344/element - {"using":"xpath","value":"//button[@data-kt=\"addButton\"]"}
RESULT: {"using":"xpath","value":"//button[@data-kt=\"addButton\"]"}
COMMAND: POST /session/87c905b0ced0689aea197ebc287e8344/element/f.49273D69898A435DA37F130424A2EF86.d.A3E6DEA56E0F623CEDC56175D7F60A80.e.1901/click - {}
RESULT: {}
COMMAND: GET /session/87c905b0ced0689aea197ebc287e8344/screenshot - {}
RESULT: {}
COMMAND: POST /session/87c905b0ced0689aea197ebc287e8344/execute/async - {"script":"<script> [1562 bytes]","args":[{"selector":{"id":"application-managecontracts-display-component---AddNewContract--projectDescription","interaction":{"idSuffix":"inner"}},"wdio_ui5_key":"applicationmanagecontracts-display-component---AddNewContract--projectDescription"}]}
RESULT: {"script":"<script> [1562 bytes]","args":[{"selector":{"id":"application-managecontracts-display-component---AddNewContract--projectDescription","interaction":{"idSuffix":"inner"}},"wdio_ui5_key":"applicationmanagecontracts-display-component---AddNewContract--projectDescription"}]}
RESULT: undefined
COMMAND: POST /session/87c905b0ced0689aea197ebc287e8344/execute/async - {"script":"<script> [776 bytes]","args":[{"enterText":"WdIOR2cqixod","selector":{"id":"application-managecontracts-display-component---AddNewContract--projectDescription","interaction":{"idSuffix":"inner"}},"clearTextFirst":true,"interactionType":"ENTER_TEXT"}]}
RESULT: {"script":"<script> [776 bytes]","args":[{"enterText":"WdIOR2cqixod","selector":{"id":"application-managecontracts-display-component---AddNewContract--projectDescription","interaction":{"idSuffix":"inner"}},"clearTextFirst":true,"interactionType":"ENTER_TEXT"}]}
COMMAND: POST /session/87c905b0ced0689aea197ebc287e8344/element - {"using":"xpath","value":"//input[@id=\"application-managecontracts-display-component---AddNewContract--yardId-inner\"]"}
RESULT: {"using":"xpath","value":"//input[@id=\"application-managecontracts-display-component---AddNewContract--yardId-inner\"]"}
COMMAND: POST /session/87c905b0ced0689aea197ebc287e8344/element/f.49273D69898A435DA37F130424A2EF86.d.A3E6DEA56E0F623CEDC56175D7F60A80.e.2185/clear - {}
RESULT: {}
COMMAND: POST /session/87c905b0ced0689aea197ebc287e8344/element/f.49273D69898A435DA37F130424A2EF86.d.A3E6DEA56E0F623CEDC56175D7F60A80.e.2185/value - {"text":"webdriveryard"}
COMMAND: GET /session/87c905b0ced0689aea197ebc287e8344/screenshot - {}
RESULT: {"text":"webdriveryard"}
COMMAND: GET /session/87c905b0ced0689aea197ebc287e8344/screenshot - {}
RESULT: {}
RESULT: {}
COMMAND: POST /session/87c905b0ced0689aea197ebc287e8344/actions - {"actions":[{"id":"action8","type":"key","parameters":{},"actions":[{"type":"keyDown","value":"î€‡"},{"type":"pause","duration":10},{"type":"keyUp","value":"î€‡"}]}]}
RESULT: {"actions":[{"id":"action8","type":"key","parameters":{},"actions":[{"type":"keyDown","value":"î€‡"},{"type":"pause","duration":10},{"type":"keyUp","value":"î€‡"}]}]}
COMMAND: GET /session/87c905b0ced0689aea197ebc287e8344/screenshot - {}
RESULT: {}
COMMAND: POST /session/87c905b0ced0689aea197ebc287e8344/element - {"using":"xpath","value":"//input[@id=\"application-managecontracts-display-component---AddNewContract--customerSelect-inner\"]"}
RESULT: {"using":"xpath","value":"//input[@id=\"application-managecontracts-display-component---AddNewContract--customerSelect-inner\"]"}
COMMAND: POST /session/87c905b0ced0689aea197ebc287e8344/element/f.49273D69898A435DA37F130424A2EF86.d.A3E6DEA56E0F623CEDC56175D7F60A80.e.2183/clear - {}
RESULT: {}
COMMAND: POST /session/87c905b0ced0689aea197ebc287e8344/element/f.49273D69898A435DA37F130424A2EF86.d.A3E6DEA56E0F623CEDC56175D7F60A80.e.2183/value - {"text":"webdriverpartner"}
COMMAND: GET /session/87c905b0ced0689aea197ebc287e8344/screenshot - {}
RESULT: {"text":"webdriverpartner"}
COMMAND: GET /session/87c905b0ced0689aea197ebc287e8344/screenshot - {}
RESULT: {}
RESULT: {}
COMMAND: POST /session/87c905b0ced0689aea197ebc287e8344/actions - {"actions":[{"id":"action9","type":"key","parameters":{},"actions":[{"type":"keyDown","value":"î€‡"},{"type":"pause","duration":10},{"type":"keyUp","value":"î€‡"}]}]}
RESULT: {"actions":[{"id":"action9","type":"key","parameters":{},"actions":[{"type":"keyDown","value":"î€‡"},{"type":"pause","duration":10},{"type":"keyUp","value":"î€‡"}]}]}
COMMAND: GET /session/87c905b0ced0689aea197ebc287e8344/screenshot - {}
RESULT: {}
COMMAND: POST /session/87c905b0ced0689aea197ebc287e8344/element - {"using":"xpath","value":"//input[@id=\"application-managecontracts-display-component---AddNewContract--site-inner\"]"}
RESULT: {"using":"xpath","value":"//input[@id=\"application-managecontracts-display-component---AddNewContract--site-inner\"]"}
COMMAND: POST /session/87c905b0ced0689aea197ebc287e8344/element/f.49273D69898A435DA37F130424A2EF86.d.A3E6DEA56E0F623CEDC56175D7F60A80.e.2184/clear - {}
RESULT: {}
COMMAND: POST /session/87c905b0ced0689aea197ebc287e8344/element/f.49273D69898A435DA37F130424A2EF86.d.A3E6DEA56E0F623CEDC56175D7F60A80.e.2184/value - {"text":"Webdriversite"}
COMMAND: GET /session/87c905b0ced0689aea197ebc287e8344/screenshot - {}
RESULT: {"text":"Webdriversite"}
COMMAND: GET /session/87c905b0ced0689aea197ebc287e8344/screenshot - {}
RESULT: {}
RESULT: {}
COMMAND: POST /session/87c905b0ced0689aea197ebc287e8344/actions - {"actions":[{"id":"action10","type":"key","parameters":{},"actions":[{"type":"keyDown","value":"î€‡"},{"type":"pause","duration":10},{"type":"keyUp","value":"î€‡"}]}]}
RESULT: {"actions":[{"id":"action10","type":"key","parameters":{},"actions":[{"type":"keyDown","value":"î€‡"},{"type":"pause","duration":10},{"type":"keyUp","value":"î€‡"}]}]}
COMMAND: GET /session/87c905b0ced0689aea197ebc287e8344/screenshot - {}
RESULT: {}
COMMAND: POST /session/87c905b0ced0689aea197ebc287e8344/element - {"using":"xpath","value":"//button[@data-kt=\"saveButton\"]"}
RESULT: {"using":"xpath","value":"//button[@data-kt=\"saveButton\"]"}
COMMAND: POST /session/87c905b0ced0689aea197ebc287e8344/element/f.49273D69898A435DA37F130424A2EF86.d.A3E6DEA56E0F623CEDC56175D7F60A80.e.2203/click - {}
RESULT: {}
COMMAND: GET /session/87c905b0ced0689aea197ebc287e8344/screenshot - {}
RESULT: {}
COMMAND: POST /session/87c905b0ced0689aea197ebc287e8344/execute/async - {"script":"<script> [1562 bytes]","args":[{"selector":{"id":"contractDetailTitleNoExpanded","viewName":"etm.portal.ui.managecontracts.view.Detail"},"wdio_ui5_key":"contractDetailTitleNoExpandedetmportal.ui.managecontracts.view.Detail"}]}
RESULT: {"script":"<script> [1562 bytes]","args":[{"selector":{"id":"contractDetailTitleNoExpanded","viewName":"etm.portal.ui.managecontracts.view.Detail"},"wdio_ui5_key":"contractDetailTitleNoExpandedetmportal.ui.managecontracts.view.Detail"}]}
RESULT: undefined
COMMAND: POST /session/87c905b0ced0689aea197ebc287e8344/execute/async - {"script":"<script> [6424 bytes]","args":[{"element-6066-11e4-a52e-4f735466cecf":"f.49273D69898A435DA37F130424A2EF86.d.A3E6DEA56E0F623CEDC56175D7F60A80.e.2225"},"getText",[]]}
RESULT: {"script":"<script> [6424 bytes]","args":[{"element-6066-11e4-a52e-4f735466cecf":"f.49273D69898A435DA37F130424A2EF86.d.A3E6DEA56E0F623CEDC56175D7F60A80.e.2225"},"getText",[]]}
COMMAND: POST /session/87c905b0ced0689aea197ebc287e8344/element - {"using":"css selector","value":"#shell-header-logo"}
RESULT: {"using":"css selector","value":"#shell-header-logo"}
COMMAND: POST /session/87c905b0ced0689aea197ebc287e8344/element/f.49273D69898A435DA37F130424A2EF86.d.A3E6DEA56E0F623CEDC56175D7F60A80.e.1849/click - {}
RESULT: {}
COMMAND: GET /session/87c905b0ced0689aea197ebc287e8344/screenshot - {}
RESULT: {}
]]></system-out>
    </testcase>
    <testcase classname="chrome.135_0_7049_96.windows.Verify_RU_inventory_split_cost_information_US139363" name="Should create a new equipment" time="98.275">
      <system-out><![CDATA[
COMMAND: POST /session/87c905b0ced0689aea197ebc287e8344/execute/async - {"script":"<script> [1562 bytes]","args":[{"selector":{"controlType":"sap.m.GenericTile","properties":{"header":"Manage Resources"}},"wdio_ui5_key":"sapm.GenericTile{\"header\":\"Manage Resources\"}"}]}
RESULT: {"script":"<script> [1562 bytes]","args":[{"selector":{"controlType":"sap.m.GenericTile","properties":{"header":"Manage Resources"}},"wdio_ui5_key":"sapm.GenericTile{\"header\":\"Manage Resources\"}"}]}
RESULT: undefined
COMMAND: POST /session/87c905b0ced0689aea197ebc287e8344/element - {"using":"xpath","value":"//*[@id=\"__tile39\"]"}
RESULT: {"using":"xpath","value":"//*[@id=\"__tile39\"]"}
COMMAND: POST /session/87c905b0ced0689aea197ebc287e8344/element/f.49273D69898A435DA37F130424A2EF86.d.A3E6DEA56E0F623CEDC56175D7F60A80.e.2227/click - {}
RESULT: {}
COMMAND: GET /session/87c905b0ced0689aea197ebc287e8344/screenshot - {}
RESULT: {}
COMMAND: POST /session/87c905b0ced0689aea197ebc287e8344/element - {"using":"xpath","value":"//button[@data-kt=\"addNewRUOverflowToolbarButton\"]"}
RESULT: {"using":"xpath","value":"//button[@data-kt=\"addNewRUOverflowToolbarButton\"]"}
COMMAND: POST /session/87c905b0ced0689aea197ebc287e8344/execute/sync - {"script":"<script> [8489 bytes]","args":[{"element-6066-11e4-a52e-4f735466cecf":"f.49273D69898A435DA37F130424A2EF86.d.A3E6DEA56E0F623CEDC56175D7F60A80.e.2268","ELEMENT":"f.49273D69898A435DA37F130424A2EF86.d.A3E6DEA56E0F623CEDC56175D7F60A80.e.2268"}]}
RESULT: {"script":"<script> [8489 bytes]","args":[{"element-6066-11e4-a52e-4f735466cecf":"f.49273D69898A435DA37F130424A2EF86.d.A3E6DEA56E0F623CEDC56175D7F60A80.e.2268","ELEMENT":"f.49273D69898A435DA37F130424A2EF86.d.A3E6DEA56E0F623CEDC56175D7F60A80.e.2268"}]}
COMMAND: POST /session/87c905b0ced0689aea197ebc287e8344/element/f.49273D69898A435DA37F130424A2EF86.d.A3E6DEA56E0F623CEDC56175D7F60A80.e.2268/click - {}
COMMAND: GET /session/87c905b0ced0689aea197ebc287e8344/screenshot - {}
RESULT: {}
COMMAND: GET /session/87c905b0ced0689aea197ebc287e8344/screenshot - {}
RESULT: {}
COMMAND: POST /session/87c905b0ced0689aea197ebc287e8344/execute/async - {"script":"<script> [1562 bytes]","args":[{"selector":{"id":"application-manageresources-display-component---newResourceUnit--TYPE-arrow"},"wdio_ui5_key":"applicationmanageresources-display-component---newResourceUnit--TYPE-arrow"}]}
RESULT: {}
RESULT: {"script":"<script> [1562 bytes]","args":[{"selector":{"id":"application-manageresources-display-component---newResourceUnit--TYPE-arrow"},"wdio_ui5_key":"applicationmanageresources-display-component---newResourceUnit--TYPE-arrow"}]}
RESULT: undefined
COMMAND: POST /session/87c905b0ced0689aea197ebc287e8344/element - {"using":"xpath","value":"//*[@id=\"application-manageresources-display-component---newResourceUnit--TYPE-arrow\"]"}
RESULT: {"using":"xpath","value":"//*[@id=\"application-manageresources-display-component---newResourceUnit--TYPE-arrow\"]"}
COMMAND: POST /session/87c905b0ced0689aea197ebc287e8344/element/f.49273D69898A435DA37F130424A2EF86.d.A3E6DEA56E0F623CEDC56175D7F60A80.e.2593/click - {}
RESULT: {}
COMMAND: POST /session/87c905b0ced0689aea197ebc287e8344/execute/async - {"script":"<script> [1562 bytes]","args":[{"selector":{"controlType":"sap.m.StandardListItem","viewName":"reusables.view.manageresources.NewResourceUnit","viewId":"application-manageresources-display-component---newResourceUnit","properties":{"title":"Equipment"},"searchOpenDialogs":true,"interaction":{"idSuffix":"content"}},"wdio_ui5_key":"reusablesview.manageresources.NewResourceUnitsap.m.StandardListItem{\"title\":\"Equipment\"}"}]}
COMMAND: GET /session/87c905b0ced0689aea197ebc287e8344/screenshot - {}
RESULT: {"script":"<script> [1562 bytes]","args":[{"selector":{"controlType":"sap.m.StandardListItem","viewName":"reusables.view.manageresources.NewResourceUnit","viewId":"application-manageresources-display-component---newResourceUnit","properties":{"title":"Equipment"},"searchOpenDialogs":true,"interaction":{"idSuffix":"content"}},"wdio_ui5_key":"reusablesview.manageresources.NewResourceUnitsap.m.StandardListItem{\"title\":\"Equipment\"}"}]}
RESULT: undefined
COMMAND: POST /session/87c905b0ced0689aea197ebc287e8344/element - {"using":"xpath","value":"//*[@id=\"__item2935\"]"}
RESULT: {}
RESULT: {"using":"xpath","value":"//*[@id=\"__item2935\"]"}
COMMAND: POST /session/87c905b0ced0689aea197ebc287e8344/element/f.49273D69898A435DA37F130424A2EF86.d.A3E6DEA56E0F623CEDC56175D7F60A80.e.2596/click - {}
RESULT: {}
COMMAND: POST /session/87c905b0ced0689aea197ebc287e8344/execute/async - {"script":"<script> [1562 bytes]","args":[{"selector":{"id":"application-manageresources-display-component---newResourceUnit--resourceId","interaction":{"idSuffix":"inner"}},"wdio_ui5_key":"applicationmanageresources-display-component---newResourceUnit--resourceId"}]}
COMMAND: GET /session/87c905b0ced0689aea197ebc287e8344/screenshot - {}
RESULT: {"script":"<script> [1562 bytes]","args":[{"selector":{"id":"application-manageresources-display-component---newResourceUnit--resourceId","interaction":{"idSuffix":"inner"}},"wdio_ui5_key":"applicationmanageresources-display-component---newResourceUnit--resourceId"}]}
RESULT: undefined
COMMAND: POST /session/87c905b0ced0689aea197ebc287e8344/execute/async - {"script":"<script> [776 bytes]","args":[{"enterText":"WdIOR2cEquipezkcw","selector":{"id":"application-manageresources-display-component---newResourceUnit--resourceId","interaction":{"idSuffix":"inner"}},"clearTextFirst":true,"interactionType":"ENTER_TEXT"}]}
RESULT: {}
RESULT: {"script":"<script> [776 bytes]","args":[{"enterText":"WdIOR2cEquipezkcw","selector":{"id":"application-manageresources-display-component---newResourceUnit--resourceId","interaction":{"idSuffix":"inner"}},"clearTextFirst":true,"interactionType":"ENTER_TEXT"}]}
COMMAND: POST /session/87c905b0ced0689aea197ebc287e8344/execute/async - {"script":"<script> [1562 bytes]","args":[{"selector":{"id":"application-manageresources-display-component---newResourceUnit--SHORT_TEXT","interaction":{"idSuffix":"inner"}},"wdio_ui5_key":"applicationmanageresources-display-component---newResourceUnit--SHORT_TEXT"}]}
RESULT: {"script":"<script> [1562 bytes]","args":[{"selector":{"id":"application-manageresources-display-component---newResourceUnit--SHORT_TEXT","interaction":{"idSuffix":"inner"}},"wdio_ui5_key":"applicationmanageresources-display-component---newResourceUnit--SHORT_TEXT"}]}
RESULT: undefined
COMMAND: POST /session/87c905b0ced0689aea197ebc287e8344/execute/async - {"script":"<script> [776 bytes]","args":[{"enterText":"WdIOR2cEquipezkcw","selector":{"id":"application-manageresources-display-component---newResourceUnit--SHORT_TEXT","interaction":{"idSuffix":"inner"}},"clearTextFirst":true,"interactionType":"ENTER_TEXT"}]}
RESULT: {"script":"<script> [776 bytes]","args":[{"enterText":"WdIOR2cEquipezkcw","selector":{"id":"application-manageresources-display-component---newResourceUnit--SHORT_TEXT","interaction":{"idSuffix":"inner"}},"clearTextFirst":true,"interactionType":"ENTER_TEXT"}]}
COMMAND: POST /session/87c905b0ced0689aea197ebc287e8344/execute/async - {"script":"<script> [1562 bytes]","args":[{"selector":{"id":"application-manageresources-display-component---newResourceUnit--BASE_UNIT_OF_MEASURE","interaction":{"idSuffix":"inner"}},"wdio_ui5_key":"applicationmanageresources-display-component---newResourceUnit--BASE_UNIT_OF_MEASURE"}]}
RESULT: {"script":"<script> [1562 bytes]","args":[{"selector":{"id":"application-manageresources-display-component---newResourceUnit--BASE_UNIT_OF_MEASURE","interaction":{"idSuffix":"inner"}},"wdio_ui5_key":"applicationmanageresources-display-component---newResourceUnit--BASE_UNIT_OF_MEASURE"}]}
RESULT: undefined
COMMAND: POST /session/87c905b0ced0689aea197ebc287e8344/execute/async - {"script":"<script> [776 bytes]","args":[{"enterText":"Piece","selector":{"id":"application-manageresources-display-component---newResourceUnit--BASE_UNIT_OF_MEASURE","interaction":{"idSuffix":"inner"}},"clearTextFirst":true,"interactionType":"ENTER_TEXT"}]}
RESULT: {"script":"<script> [776 bytes]","args":[{"enterText":"Piece","selector":{"id":"application-manageresources-display-component---newResourceUnit--BASE_UNIT_OF_MEASURE","interaction":{"idSuffix":"inner"}},"clearTextFirst":true,"interactionType":"ENTER_TEXT"}]}
COMMAND: POST /session/87c905b0ced0689aea197ebc287e8344/execute/async - {"script":"<script> [1562 bytes]","args":[{"selector":{"id":"application-manageresources-display-component---newResourceUnit--WEIGHT_UNIT","interaction":{"idSuffix":"inner"}},"wdio_ui5_key":"applicationmanageresources-display-component---newResourceUnit--WEIGHT_UNIT"}]}
RESULT: {"script":"<script> [1562 bytes]","args":[{"selector":{"id":"application-manageresources-display-component---newResourceUnit--WEIGHT_UNIT","interaction":{"idSuffix":"inner"}},"wdio_ui5_key":"applicationmanageresources-display-component---newResourceUnit--WEIGHT_UNIT"}]}
RESULT: undefined
COMMAND: POST /session/87c905b0ced0689aea197ebc287e8344/execute/async - {"script":"<script> [776 bytes]","args":[{"enterText":"Gram","selector":{"id":"application-manageresources-display-component---newResourceUnit--WEIGHT_UNIT","interaction":{"idSuffix":"inner"}},"clearTextFirst":true,"interactionType":"ENTER_TEXT"}]}
RESULT: {"script":"<script> [776 bytes]","args":[{"enterText":"Gram","selector":{"id":"application-manageresources-display-component---newResourceUnit--WEIGHT_UNIT","interaction":{"idSuffix":"inner"}},"clearTextFirst":true,"interactionType":"ENTER_TEXT"}]}
COMMAND: POST /session/87c905b0ced0689aea197ebc287e8344/execute/async - {"script":"<script> [1562 bytes]","args":[{"selector":{"id":"application-manageresources-display-component---newResourceUnit--newRRUPage-OPHeaderContent-collapseBtn-img"},"wdio_ui5_key":"applicationmanageresources-display-component---newResourceUnit--newRRUPage-OPHeaderContent-collapseBtn-img"}]}
RESULT: {"script":"<script> [1562 bytes]","args":[{"selector":{"id":"application-manageresources-display-component---newResourceUnit--newRRUPage-OPHeaderContent-collapseBtn-img"},"wdio_ui5_key":"applicationmanageresources-display-component---newResourceUnit--newRRUPage-OPHeaderContent-collapseBtn-img"}]}
RESULT: undefined
COMMAND: POST /session/87c905b0ced0689aea197ebc287e8344/element - {"using":"xpath","value":"//*[@id=\"application-manageresources-display-component---newResourceUnit--newRRUPage-OPHeaderContent-collapseBtn-img\"]"}
RESULT: {"using":"xpath","value":"//*[@id=\"application-manageresources-display-component---newResourceUnit--newRRUPage-OPHeaderContent-collapseBtn-img\"]"}
COMMAND: POST /session/87c905b0ced0689aea197ebc287e8344/element/f.49273D69898A435DA37F130424A2EF86.d.A3E6DEA56E0F623CEDC56175D7F60A80.e.2604/click - {}
RESULT: {}
COMMAND: GET /session/87c905b0ced0689aea197ebc287e8344/screenshot - {}
RESULT: {}
COMMAND: POST /session/87c905b0ced0689aea197ebc287e8344/element - {"using":"xpath","value":"(//span[contains(@id ,\"application-manageresources-display-component---newResourceUnit--DIMENSION_UNIT-arrow\")])[1]"}
RESULT: {"using":"xpath","value":"(//span[contains(@id ,\"application-manageresources-display-component---newResourceUnit--DIMENSION_UNIT-arrow\")])[1]"}
COMMAND: POST /session/87c905b0ced0689aea197ebc287e8344/element/f.49273D69898A435DA37F130424A2EF86.d.A3E6DEA56E0F623CEDC56175D7F60A80.e.2728/click - {}
RESULT: {}
COMMAND: GET /session/87c905b0ced0689aea197ebc287e8344/screenshot - {}
RESULT: {}
COMMAND: POST /session/87c905b0ced0689aea197ebc287e8344/execute/async - {"script":"<script> [1562 bytes]","args":[{"selector":{"controlType":"sap.m.StandardListItem","viewName":"reusables.view.manageresources.NewResourceUnit","viewId":"application-manageresources-display-component---newResourceUnit","properties":{"title":"Centimeter"},"searchOpenDialogs":true,"interaction":{"idSuffix":"titleText"}},"wdio_ui5_key":"reusablesview.manageresources.NewResourceUnitsap.m.StandardListItem{\"title\":\"Centimeter\"}"}]}
RESULT: {"script":"<script> [1562 bytes]","args":[{"selector":{"controlType":"sap.m.StandardListItem","viewName":"reusables.view.manageresources.NewResourceUnit","viewId":"application-manageresources-display-component---newResourceUnit","properties":{"title":"Centimeter"},"searchOpenDialogs":true,"interaction":{"idSuffix":"titleText"}},"wdio_ui5_key":"reusablesview.manageresources.NewResourceUnitsap.m.StandardListItem{\"title\":\"Centimeter\"}"}]}
RESULT: undefined
COMMAND: POST /session/87c905b0ced0689aea197ebc287e8344/element - {"using":"xpath","value":"//*[@id=\"__item2978\"]"}
RESULT: {"using":"xpath","value":"//*[@id=\"__item2978\"]"}
COMMAND: POST /session/87c905b0ced0689aea197ebc287e8344/element/f.49273D69898A435DA37F130424A2EF86.d.A3E6DEA56E0F623CEDC56175D7F60A80.e.2730/click - {}
RESULT: {}
COMMAND: GET /session/87c905b0ced0689aea197ebc287e8344/screenshot - {}
RESULT: {}
COMMAND: POST /session/87c905b0ced0689aea197ebc287e8344/execute/async - {"script":"<script> [1562 bytes]","args":[{"selector":{"id":"application-manageresources-display-component---newResourceUnit--newRRUPage-anchBar-application-manageresources-display-component---newResourceUnit--control-anchor","interaction":{"idSuffix":"BDI-content"}},"wdio_ui5_key":"applicationmanageresources-display-component---newResourceUnit--newRRUPage-anchBar-application-manageresources-display-component---newResourceUnit--control-anchor"}]}
RESULT: {"script":"<script> [1562 bytes]","args":[{"selector":{"id":"application-manageresources-display-component---newResourceUnit--newRRUPage-anchBar-application-manageresources-display-component---newResourceUnit--control-anchor","interaction":{"idSuffix":"BDI-content"}},"wdio_ui5_key":"applicationmanageresources-display-component---newResourceUnit--newRRUPage-anchBar-application-manageresources-display-component---newResourceUnit--control-anchor"}]}
RESULT: undefined
COMMAND: POST /session/87c905b0ced0689aea197ebc287e8344/element - {"using":"xpath","value":"//*[@id=\"application-manageresources-display-component---newResourceUnit--newRRUPage-anchBar-application-manageresources-display-component---newResourceUnit--control-anchor\"]"}
RESULT: {"using":"xpath","value":"//*[@id=\"application-manageresources-display-component---newResourceUnit--newRRUPage-anchBar-application-manageresources-display-component---newResourceUnit--control-anchor\"]"}
COMMAND: POST /session/87c905b0ced0689aea197ebc287e8344/element/f.49273D69898A435DA37F130424A2EF86.d.A3E6DEA56E0F623CEDC56175D7F60A80.e.2732/click - {}
RESULT: {}
COMMAND: POST /session/87c905b0ced0689aea197ebc287e8344/execute/async - {"script":"<script> [1562 bytes]","args":[{"selector":{"id":"application-manageresources-display-component---newResourceUnit--PLANNING_GROUP","interaction":{"idSuffix":"inner"}},"wdio_ui5_key":"applicationmanageresources-display-component---newResourceUnit--PLANNING_GROUP"}]}
COMMAND: GET /session/87c905b0ced0689aea197ebc287e8344/screenshot - {}
RESULT: {"script":"<script> [1562 bytes]","args":[{"selector":{"id":"application-manageresources-display-component---newResourceUnit--PLANNING_GROUP","interaction":{"idSuffix":"inner"}},"wdio_ui5_key":"applicationmanageresources-display-component---newResourceUnit--PLANNING_GROUP"}]}
RESULT: undefined
COMMAND: POST /session/87c905b0ced0689aea197ebc287e8344/execute/async - {"script":"<script> [776 bytes]","args":[{"enterText":"Heavy Equi","selector":{"id":"application-manageresources-display-component---newResourceUnit--PLANNING_GROUP","interaction":{"idSuffix":"inner"}},"clearTextFirst":true,"interactionType":"ENTER_TEXT"}]}
RESULT: {}
RESULT: {"script":"<script> [776 bytes]","args":[{"enterText":"Heavy Equi","selector":{"id":"application-manageresources-display-component---newResourceUnit--PLANNING_GROUP","interaction":{"idSuffix":"inner"}},"clearTextFirst":true,"interactionType":"ENTER_TEXT"}]}
COMMAND: POST /session/87c905b0ced0689aea197ebc287e8344/execute/async - {"script":"<script> [1562 bytes]","args":[{"selector":{"id":"application-manageresources-display-component---newResourceUnit--ITEM_TYPE-arrow"},"wdio_ui5_key":"applicationmanageresources-display-component---newResourceUnit--ITEM_TYPE-arrow"}]}
RESULT: {"script":"<script> [1562 bytes]","args":[{"selector":{"id":"application-manageresources-display-component---newResourceUnit--ITEM_TYPE-arrow"},"wdio_ui5_key":"applicationmanageresources-display-component---newResourceUnit--ITEM_TYPE-arrow"}]}
RESULT: undefined
COMMAND: POST /session/87c905b0ced0689aea197ebc287e8344/element - {"using":"xpath","value":"//*[@id=\"application-manageresources-display-component---newResourceUnit--ITEM_TYPE-arrow\"]"}
RESULT: {"using":"xpath","value":"//*[@id=\"application-manageresources-display-component---newResourceUnit--ITEM_TYPE-arrow\"]"}
COMMAND: POST /session/87c905b0ced0689aea197ebc287e8344/element/f.49273D69898A435DA37F130424A2EF86.d.A3E6DEA56E0F623CEDC56175D7F60A80.e.2737/click - {}
RESULT: {}
COMMAND: POST /session/87c905b0ced0689aea197ebc287e8344/execute/async - {"script":"<script> [1562 bytes]","args":[{"selector":{"controlType":"sap.m.StandardListItem","viewName":"reusables.view.manageresources.NewResourceUnit","viewId":"application-manageresources-display-component---newResourceUnit","properties":{"title":"Resource Unit"},"searchOpenDialogs":true,"interaction":{"idSuffix":"titleText"}},"wdio_ui5_key":"reusablesview.manageresources.NewResourceUnitsap.m.StandardListItem{\"title\":\"Resource Unit\"}"}]}
COMMAND: GET /session/87c905b0ced0689aea197ebc287e8344/screenshot - {}
RESULT: {"script":"<script> [1562 bytes]","args":[{"selector":{"controlType":"sap.m.StandardListItem","viewName":"reusables.view.manageresources.NewResourceUnit","viewId":"application-manageresources-display-component---newResourceUnit","properties":{"title":"Resource Unit"},"searchOpenDialogs":true,"interaction":{"idSuffix":"titleText"}},"wdio_ui5_key":"reusablesview.manageresources.NewResourceUnitsap.m.StandardListItem{\"title\":\"Resource Unit\"}"}]}
RESULT: undefined
COMMAND: POST /session/87c905b0ced0689aea197ebc287e8344/element - {"using":"xpath","value":"//*[@id=\"__item3000\"]"}
RESULT: {}
RESULT: {"using":"xpath","value":"//*[@id=\"__item3000\"]"}
COMMAND: POST /session/87c905b0ced0689aea197ebc287e8344/element/f.49273D69898A435DA37F130424A2EF86.d.A3E6DEA56E0F623CEDC56175D7F60A80.e.2739/click - {}
RESULT: {}
COMMAND: POST /session/87c905b0ced0689aea197ebc287e8344/element - {"using":"xpath","value":"//bdi[contains(text(), \"Time Segment\")]"}
COMMAND: GET /session/87c905b0ced0689aea197ebc287e8344/screenshot - {}
RESULT: {"using":"xpath","value":"//bdi[contains(text(), \"Time Segment\")]"}
COMMAND: GET /session/87c905b0ced0689aea197ebc287e8344/element/f.49273D69898A435DA37F130424A2EF86.d.A3E6DEA56E0F623CEDC56175D7F60A80.e.2740/rect - {}
RESULT: {}
RESULT: {}
COMMAND: GET /session/87c905b0ced0689aea197ebc287e8344/window/rect - {}
RESULT: {}
COMMAND: POST /session/87c905b0ced0689aea197ebc287e8344/execute/sync - {"script":"<script> [92 bytes]","args":[]}
RESULT: {"script":"<script> [92 bytes]","args":[]}
COMMAND: POST /session/87c905b0ced0689aea197ebc287e8344/actions - {"actions":[{"id":"action11","type":"wheel","parameters":{},"actions":[{"type":"scroll","x":-1820,"y":-21,"deltaX":0,"deltaY":0,"duration":0,"origin":{"element-6066-11e4-a52e-4f735466cecf":"f.49273D69898A435DA37F130424A2EF86.d.A3E6DEA56E0F623CEDC56175D7F60A80.e.2740"}}]}]}
COMMAND: GET /session/87c905b0ced0689aea197ebc287e8344/screenshot - {}
RESULT: {}
COMMAND: POST /session/87c905b0ced0689aea197ebc287e8344/execute/sync - {"script":"<script> [79 bytes]","args":[{"element-6066-11e4-a52e-4f735466cecf":"f.49273D69898A435DA37F130424A2EF86.d.A3E6DEA56E0F623CEDC56175D7F60A80.e.2740","ELEMENT":"f.49273D69898A435DA37F130424A2EF86.d.A3E6DEA56E0F623CEDC56175D7F60A80.e.2740"},{"block":"start","inline":"nearest"}]}
RESULT: {"script":"<script> [79 bytes]","args":[{"element-6066-11e4-a52e-4f735466cecf":"f.49273D69898A435DA37F130424A2EF86.d.A3E6DEA56E0F623CEDC56175D7F60A80.e.2740","ELEMENT":"f.49273D69898A435DA37F130424A2EF86.d.A3E6DEA56E0F623CEDC56175D7F60A80.e.2740"},{"block":"start","inline":"nearest"}]}
COMMAND: POST /session/87c905b0ced0689aea197ebc287e8344/execute/async - {"script":"<script> [1562 bytes]","args":[{"selector":{"id":"application-manageresources-display-component---newResourceUnit--btnAddTimeSegment-img"},"wdio_ui5_key":"applicationmanageresources-display-component---newResourceUnit--btnAddTimeSegment-img"}]}
COMMAND: GET /session/87c905b0ced0689aea197ebc287e8344/screenshot - {}
RESULT: {"script":"<script> [1562 bytes]","args":[{"selector":{"id":"application-manageresources-display-component---newResourceUnit--btnAddTimeSegment-img"},"wdio_ui5_key":"applicationmanageresources-display-component---newResourceUnit--btnAddTimeSegment-img"}]}
RESULT: undefined
COMMAND: POST /session/87c905b0ced0689aea197ebc287e8344/element - {"using":"xpath","value":"//*[@id=\"application-manageresources-display-component---newResourceUnit--btnAddTimeSegment-img\"]"}
RESULT: {}
RESULT: {"using":"xpath","value":"//*[@id=\"application-manageresources-display-component---newResourceUnit--btnAddTimeSegment-img\"]"}
COMMAND: POST /session/87c905b0ced0689aea197ebc287e8344/element/f.49273D69898A435DA37F130424A2EF86.d.A3E6DEA56E0F623CEDC56175D7F60A80.e.2743/click - {}
RESULT: {}
COMMAND: GET /session/87c905b0ced0689aea197ebc287e8344/screenshot - {}
RESULT: {}
COMMAND: POST /session/87c905b0ced0689aea197ebc287e8344/element - {"using":"xpath","value":"//input[@id=\"application-manageresources-display-component---newResourceUnit--idRuTSAdmin-application-manageresources-display-component---newResourceUnit--RUTimeSegment-0-inner\"]"}
RESULT: {"using":"xpath","value":"//input[@id=\"application-manageresources-display-component---newResourceUnit--idRuTSAdmin-application-manageresources-display-component---newResourceUnit--RUTimeSegment-0-inner\"]"}
COMMAND: POST /session/87c905b0ced0689aea197ebc287e8344/element/f.49273D69898A435DA37F130424A2EF86.d.A3E6DEA56E0F623CEDC56175D7F60A80.e.2747/clear - {}
RESULT: {}
COMMAND: POST /session/87c905b0ced0689aea197ebc287e8344/element/f.49273D69898A435DA37F130424A2EF86.d.A3E6DEA56E0F623CEDC56175D7F60A80.e.2747/value - {"text":"webdriveryard"}
COMMAND: GET /session/87c905b0ced0689aea197ebc287e8344/screenshot - {}
RESULT: {"text":"webdriveryard"}
COMMAND: GET /session/87c905b0ced0689aea197ebc287e8344/screenshot - {}
RESULT: {}
RESULT: {}
COMMAND: POST /session/87c905b0ced0689aea197ebc287e8344/actions - {"actions":[{"id":"action12","type":"key","parameters":{},"actions":[{"type":"keyDown","value":"î€‡"},{"type":"pause","duration":10},{"type":"keyUp","value":"î€‡"}]}]}
RESULT: {"actions":[{"id":"action12","type":"key","parameters":{},"actions":[{"type":"keyDown","value":"î€‡"},{"type":"pause","duration":10},{"type":"keyUp","value":"î€‡"}]}]}
COMMAND: POST /session/87c905b0ced0689aea197ebc287e8344/execute/async - {"script":"<script> [1562 bytes]","args":[{"selector":{"controlType":"sap.ui.core.Icon","viewName":"reusables.view.manageresources.NewResourceUnit","viewId":"application-manageresources-display-component---newResourceUnit","properties":{"src":{"regex":{"source":"slim\\-arrow\\-down"}}},"ancestor":{"controlType":"sap.m.ComboBox","viewName":"reusables.view.manageresources.NewResourceUnit","viewId":"application-manageresources-display-component---newResourceUnit","bindingPath":{"path":"/RESOURCE_UNIT_TIME_SEQUENCES/0","propertyPath":"COST_OBJECT_ADMIN_CST_TYPE","modelName":"oNewRruModel"}}},"wdio_ui5_key":"reusablesview.manageresources.NewResourceUnitsap.ui.core.Icon{\"src\":{\"regex\":{\"source\":\"slim\\\\-arrow\\\\-down\"}}}{\"controlType\":\"sap.m.ComboBox\",\"viewName\":\"reusables.view.manageresources.NewResourceUnit\",\"viewId\":\"application-manageresources-display-component---newResourceUnit\",\"bindingPath\":{\"path\":\"/RESOURCE_UNIT_TIME_SEQUENCES/0\",\"propertyPath\":\"COST_OBJECT_ADMIN_CST_TYPE\",\"modelName\":\"oNewRruModel\"}}"}]}
COMMAND: GET /session/87c905b0ced0689aea197ebc287e8344/screenshot - {}
RESULT: {"script":"<script> [1562 bytes]","args":[{"selector":{"controlType":"sap.ui.core.Icon","viewName":"reusables.view.manageresources.NewResourceUnit","viewId":"application-manageresources-display-component---newResourceUnit","properties":{"src":{"regex":{"source":"slim\\-arrow\\-down"}}},"ancestor":{"controlType":"sap.m.ComboBox","viewName":"reusables.view.manageresources.NewResourceUnit","viewId":"application-manageresources-display-component---newResourceUnit","bindingPath":{"path":"/RESOURCE_UNIT_TIME_SEQUENCES/0","propertyPath":"COST_OBJECT_ADMIN_CST_TYPE","modelName":"oNewRruModel"}}},"wdio_ui5_key":"reusablesview.manageresources.NewResourceUnitsap.ui.core.Icon{\"src\":{\"regex\":{\"source\":\"slim\\\\-arrow\\\\-down\"}}}{\"controlType\":\"sap.m.ComboBox\",\"viewName\":\"reusables.view.manageresources.NewResourceUnit\",\"viewId\":\"application-manageresources-display-component---newResourceUnit\",\"bindingPath\":{\"path\":\"/RESOURCE_UNIT_TIME_SEQUENCES/0\",\"propertyPath\":\"COST_OBJECT_ADMIN_CST_TYPE\",\"modelName\":\"oNewRruModel\"}}"}]}
RESULT: undefined
COMMAND: POST /session/87c905b0ced0689aea197ebc287e8344/element - {"using":"xpath","value":"//*[@id=\"__box58-application-manageresources-display-component---newResourceUnit--RUTimeSegment-0-arrow\"]"}
RESULT: {}
RESULT: {"using":"xpath","value":"//*[@id=\"__box58-application-manageresources-display-component---newResourceUnit--RUTimeSegment-0-arrow\"]"}
COMMAND: POST /session/87c905b0ced0689aea197ebc287e8344/element/f.49273D69898A435DA37F130424A2EF86.d.A3E6DEA56E0F623CEDC56175D7F60A80.e.2763/click - {}
RESULT: {}
COMMAND: POST /session/87c905b0ced0689aea197ebc287e8344/execute/async - {"script":"<script> [1562 bytes]","args":[{"selector":{"controlType":"sap.m.StandardListItem","viewName":"reusables.view.manageresources.NewResourceUnit","viewId":"application-manageresources-display-component---newResourceUnit","properties":{"title":"PM Order"},"searchOpenDialogs":true,"interaction":{"idSuffix":"titleText"}},"wdio_ui5_key":"reusablesview.manageresources.NewResourceUnitsap.m.StandardListItem{\"title\":\"PM Order\"}"}]}
COMMAND: GET /session/87c905b0ced0689aea197ebc287e8344/screenshot - {}
RESULT: {"script":"<script> [1562 bytes]","args":[{"selector":{"controlType":"sap.m.StandardListItem","viewName":"reusables.view.manageresources.NewResourceUnit","viewId":"application-manageresources-display-component---newResourceUnit","properties":{"title":"PM Order"},"searchOpenDialogs":true,"interaction":{"idSuffix":"titleText"}},"wdio_ui5_key":"reusablesview.manageresources.NewResourceUnitsap.m.StandardListItem{\"title\":\"PM Order\"}"}]}
RESULT: undefined
COMMAND: POST /session/87c905b0ced0689aea197ebc287e8344/element - {"using":"xpath","value":"//*[@id=\"__item3745\"]"}
RESULT: {}
RESULT: {"using":"xpath","value":"//*[@id=\"__item3745\"]"}
COMMAND: POST /session/87c905b0ced0689aea197ebc287e8344/element/f.49273D69898A435DA37F130424A2EF86.d.A3E6DEA56E0F623CEDC56175D7F60A80.e.2767/click - {}
RESULT: {}
COMMAND: GET /session/87c905b0ced0689aea197ebc287e8344/screenshot - {}
RESULT: {}
COMMAND: POST /session/87c905b0ced0689aea197ebc287e8344/element - {"using":"xpath","value":"(//input[contains(@id ,\"-application-manageresources-display-component---newResourceUnit--RUTimeSegment-0-inner\")])[8]"}
RESULT: {"using":"xpath","value":"(//input[contains(@id ,\"-application-manageresources-display-component---newResourceUnit--RUTimeSegment-0-inner\")])[8]"}
COMMAND: POST /session/87c905b0ced0689aea197ebc287e8344/element/f.49273D69898A435DA37F130424A2EF86.d.A3E6DEA56E0F623CEDC56175D7F60A80.e.2770/clear - {}
RESULT: {}
COMMAND: POST /session/87c905b0ced0689aea197ebc287e8344/element/f.49273D69898A435DA37F130424A2EF86.d.A3E6DEA56E0F623CEDC56175D7F60A80.e.2770/value - {"text":"4000360"}
COMMAND: GET /session/87c905b0ced0689aea197ebc287e8344/screenshot - {}
RESULT: {"text":"4000360"}
COMMAND: GET /session/87c905b0ced0689aea197ebc287e8344/screenshot - {}
RESULT: {}
RESULT: {}
COMMAND: POST /session/87c905b0ced0689aea197ebc287e8344/actions - {"actions":[{"id":"action13","type":"key","parameters":{},"actions":[{"type":"keyDown","value":"î€‡"},{"type":"pause","duration":10},{"type":"keyUp","value":"î€‡"}]}]}
RESULT: {"actions":[{"id":"action13","type":"key","parameters":{},"actions":[{"type":"keyDown","value":"î€‡"},{"type":"pause","duration":10},{"type":"keyUp","value":"î€‡"}]}]}
COMMAND: GET /session/87c905b0ced0689aea197ebc287e8344/screenshot - {}
RESULT: {}
COMMAND: POST /session/87c905b0ced0689aea197ebc287e8344/element - {"using":"xpath","value":"//input[contains(@id ,\"application-manageresources-display-component---newResourceUnit--newTimeSegmentFromDatePicker-application-manageresources-display-component---newResourceUnit--RUTimeSegment-0-inner\")]"}
RESULT: {"using":"xpath","value":"//input[contains(@id ,\"application-manageresources-display-component---newResourceUnit--newTimeSegmentFromDatePicker-application-manageresources-display-component---newResourceUnit--RUTimeSegment-0-inner\")]"}
COMMAND: POST /session/87c905b0ced0689aea197ebc287e8344/element/f.49273D69898A435DA37F130424A2EF86.d.A3E6DEA56E0F623CEDC56175D7F60A80.e.2754/clear - {}
RESULT: {}
COMMAND: POST /session/87c905b0ced0689aea197ebc287e8344/element/f.49273D69898A435DA37F130424A2EF86.d.A3E6DEA56E0F623CEDC56175D7F60A80.e.2754/clear - {}
COMMAND: GET /session/87c905b0ced0689aea197ebc287e8344/screenshot - {}
RESULT: {}
COMMAND: POST /session/87c905b0ced0689aea197ebc287e8344/element/f.49273D69898A435DA37F130424A2EF86.d.A3E6DEA56E0F623CEDC56175D7F60A80.e.2754/value - {"text":"06/04/24"}
COMMAND: GET /session/87c905b0ced0689aea197ebc287e8344/screenshot - {}
RESULT: {}
RESULT: {"text":"06/04/24"}
COMMAND: POST /session/87c905b0ced0689aea197ebc287e8344/execute/async - {"script":"<script> [1562 bytes]","args":[{"selector":{"id":"application-manageresources-display-component---newResourceUnit--newRRUPage-anchBar-application-manageresources-display-component---newResourceUnit--resource-anchor","interaction":{"idSuffix":"BDI-content"}},"wdio_ui5_key":"applicationmanageresources-display-component---newResourceUnit--newRRUPage-anchBar-application-manageresources-display-component---newResourceUnit--resource-anchor"}]}
COMMAND: GET /session/87c905b0ced0689aea197ebc287e8344/screenshot - {}
RESULT: {}
RESULT: {"script":"<script> [1562 bytes]","args":[{"selector":{"id":"application-manageresources-display-component---newResourceUnit--newRRUPage-anchBar-application-manageresources-display-component---newResourceUnit--resource-anchor","interaction":{"idSuffix":"BDI-content"}},"wdio_ui5_key":"applicationmanageresources-display-component---newResourceUnit--newRRUPage-anchBar-application-manageresources-display-component---newResourceUnit--resource-anchor"}]}
RESULT: undefined
COMMAND: POST /session/87c905b0ced0689aea197ebc287e8344/element - {"using":"xpath","value":"//*[@id=\"application-manageresources-display-component---newResourceUnit--newRRUPage-anchBar-application-manageresources-display-component---newResourceUnit--resource-anchor\"]"}
RESULT: {}
RESULT: {"using":"xpath","value":"//*[@id=\"application-manageresources-display-component---newResourceUnit--newRRUPage-anchBar-application-manageresources-display-component---newResourceUnit--resource-anchor\"]"}
COMMAND: POST /session/87c905b0ced0689aea197ebc287e8344/element/f.49273D69898A435DA37F130424A2EF86.d.A3E6DEA56E0F623CEDC56175D7F60A80.e.2790/click - {}
RESULT: {}
COMMAND: POST /session/87c905b0ced0689aea197ebc287e8344/execute/async - {"script":"<script> [1562 bytes]","args":[{"selector":{"id":"application-manageresources-display-component---newResourceUnit--PLANNED_DELIVERY_DATE","interaction":{"idSuffix":"inner"}},"wdio_ui5_key":"applicationmanageresources-display-component---newResourceUnit--PLANNED_DELIVERY_DATE"}]}
COMMAND: GET /session/87c905b0ced0689aea197ebc287e8344/screenshot - {}
RESULT: {"script":"<script> [1562 bytes]","args":[{"selector":{"id":"application-manageresources-display-component---newResourceUnit--PLANNED_DELIVERY_DATE","interaction":{"idSuffix":"inner"}},"wdio_ui5_key":"applicationmanageresources-display-component---newResourceUnit--PLANNED_DELIVERY_DATE"}]}
RESULT: undefined
COMMAND: POST /session/87c905b0ced0689aea197ebc287e8344/execute/async - {"script":"<script> [6424 bytes]","args":[{"element-6066-11e4-a52e-4f735466cecf":"f.49273D69898A435DA37F130424A2EF86.d.A3E6DEA56E0F623CEDC56175D7F60A80.e.2649"},"setValue",["06/04/24"]]}
RESULT: {}
RESULT: {"script":"<script> [6424 bytes]","args":[{"element-6066-11e4-a52e-4f735466cecf":"f.49273D69898A435DA37F130424A2EF86.d.A3E6DEA56E0F623CEDC56175D7F60A80.e.2649"},"setValue",["06/04/24"]]}
COMMAND: POST /session/87c905b0ced0689aea197ebc287e8344/execute/async - {"script":"<script> [1562 bytes]","args":[{"selector":{"id":"application-manageresources-display-component---newResourceUnit--RETIRE_PLANNED_DATE","interaction":{"idSuffix":"inner"}},"wdio_ui5_key":"applicationmanageresources-display-component---newResourceUnit--RETIRE_PLANNED_DATE"}]}
RESULT: {"script":"<script> [1562 bytes]","args":[{"selector":{"id":"application-manageresources-display-component---newResourceUnit--RETIRE_PLANNED_DATE","interaction":{"idSuffix":"inner"}},"wdio_ui5_key":"applicationmanageresources-display-component---newResourceUnit--RETIRE_PLANNED_DATE"}]}
RESULT: undefined
COMMAND: POST /session/87c905b0ced0689aea197ebc287e8344/execute/async - {"script":"<script> [776 bytes]","args":[{"enterText":"3/14/29","selector":{"id":"application-manageresources-display-component---newResourceUnit--RETIRE_PLANNED_DATE","interaction":{"idSuffix":"inner"}},"clearTextFirst":true,"interactionType":"ENTER_TEXT"}]}
RESULT: {"script":"<script> [776 bytes]","args":[{"enterText":"3/14/29","selector":{"id":"application-manageresources-display-component---newResourceUnit--RETIRE_PLANNED_DATE","interaction":{"idSuffix":"inner"}},"clearTextFirst":true,"interactionType":"ENTER_TEXT"}]}
COMMAND: POST /session/87c905b0ced0689aea197ebc287e8344/execute/async - {"script":"<script> [1562 bytes]","args":[{"selector":{"controlType":"sap.m.Button","viewName":"reusables.view.manageresources.NewResourceUnit","viewId":"application-manageresources-display-component---newResourceUnit","i18NText":{"propertyName":"tooltip","key":"save"},"interaction":{"idSuffix":"BDI-content"}},"wdio_ui5_key":"reusablesview.manageresources.NewResourceUnitsap.m.Button{\"propertyName\":\"tooltip\",\"key\":\"save\"}"}]}
RESULT: {"script":"<script> [1562 bytes]","args":[{"selector":{"controlType":"sap.m.Button","viewName":"reusables.view.manageresources.NewResourceUnit","viewId":"application-manageresources-display-component---newResourceUnit","i18NText":{"propertyName":"tooltip","key":"save"},"interaction":{"idSuffix":"BDI-content"}},"wdio_ui5_key":"reusablesview.manageresources.NewResourceUnitsap.m.Button{\"propertyName\":\"tooltip\",\"key\":\"save\"}"}]}
RESULT: undefined
COMMAND: POST /session/87c905b0ced0689aea197ebc287e8344/element - {"using":"xpath","value":"//*[@id=\"application-manageresources-display-component---newResourceUnit--createRuButton\"]"}
RESULT: {"using":"xpath","value":"//*[@id=\"application-manageresources-display-component---newResourceUnit--createRuButton\"]"}
COMMAND: POST /session/87c905b0ced0689aea197ebc287e8344/element/f.49273D69898A435DA37F130424A2EF86.d.A3E6DEA56E0F623CEDC56175D7F60A80.e.2610/click - {}
RESULT: {}
COMMAND: GET /session/87c905b0ced0689aea197ebc287e8344/screenshot - {}
RESULT: {}
COMMAND: POST /session/87c905b0ced0689aea197ebc287e8344/execute/async - {"script":"<script> [1562 bytes]","args":[{"selector":{"controlType":"sap.m.Button","properties":{"text":"Close"},"searchOpenDialogs":true,"interaction":{"idSuffix":"inner"}},"wdio_ui5_key":"sapm.Button{\"text\":\"Close\"}"}]}
RESULT: {"script":"<script> [1562 bytes]","args":[{"selector":{"controlType":"sap.m.Button","properties":{"text":"Close"},"searchOpenDialogs":true,"interaction":{"idSuffix":"inner"}},"wdio_ui5_key":"sapm.Button{\"text\":\"Close\"}"}]}
RESULT: undefined
COMMAND: POST /session/87c905b0ced0689aea197ebc287e8344/element - {"using":"xpath","value":"//*[@id=\"__mbox-btn-0\"]"}
RESULT: {"using":"xpath","value":"//*[@id=\"__mbox-btn-0\"]"}
COMMAND: POST /session/87c905b0ced0689aea197ebc287e8344/element/f.49273D69898A435DA37F130424A2EF86.d.A3E6DEA56E0F623CEDC56175D7F60A80.e.2800/click - {}
RESULT: {}
COMMAND: GET /session/87c905b0ced0689aea197ebc287e8344/screenshot - {}
RESULT: {}
COMMAND: POST /session/87c905b0ced0689aea197ebc287e8344/execute/async - {"script":"<script> [1562 bytes]","args":[{"selector":{"controlType":"sap.m.Text","viewName":"etm.portal.ui.manageresources.view.Detail","viewId":"application-manageresources-display-component---detailRU","bindingPath":{"propertyPath":"ID","modelName":"catalogModel"}},"wdio_ui5_key":"etmportal.ui.manageresources.view.Detailsap.m.Text{\"propertyPath\":\"ID\",\"modelName\":\"catalogModel\"}"}]}
RESULT: {"script":"<script> [1562 bytes]","args":[{"selector":{"controlType":"sap.m.Text","viewName":"etm.portal.ui.manageresources.view.Detail","viewId":"application-manageresources-display-component---detailRU","bindingPath":{"propertyPath":"ID","modelName":"catalogModel"}},"wdio_ui5_key":"etmportal.ui.manageresources.view.Detailsap.m.Text{\"propertyPath\":\"ID\",\"modelName\":\"catalogModel\"}"}]}
RESULT: undefined
COMMAND: POST /session/87c905b0ced0689aea197ebc287e8344/execute/async - {"script":"<script> [6424 bytes]","args":[{"element-6066-11e4-a52e-4f735466cecf":"f.49273D69898A435DA37F130424A2EF86.d.A3E6DEA56E0F623CEDC56175D7F60A80.e.2834"},"getText",[]]}
RESULT: {"script":"<script> [6424 bytes]","args":[{"element-6066-11e4-a52e-4f735466cecf":"f.49273D69898A435DA37F130424A2EF86.d.A3E6DEA56E0F623CEDC56175D7F60A80.e.2834"},"getText",[]]}
COMMAND: POST /session/87c905b0ced0689aea197ebc287e8344/element - {"using":"css selector","value":"#shell-header-logo"}
RESULT: {"using":"css selector","value":"#shell-header-logo"}
COMMAND: POST /session/87c905b0ced0689aea197ebc287e8344/element/f.49273D69898A435DA37F130424A2EF86.d.A3E6DEA56E0F623CEDC56175D7F60A80.e.2229/click - {}
RESULT: {}
COMMAND: GET /session/87c905b0ced0689aea197ebc287e8344/screenshot - {}
RESULT: {}
]]></system-out>
    </testcase>
    <testcase classname="chrome.135_0_7049_96.windows.Verify_RU_inventory_split_cost_information_US139363" name="Should do a stock increase for the equipment" time="68.606">
      <system-out><![CDATA[
COMMAND: POST /session/87c905b0ced0689aea197ebc287e8344/execute/async - {"script":"<script> [1562 bytes]","args":[{"selector":{"controlType":"sap.m.Text","viewName":"etm.portal.ui.managehandoverstile.view.Master","properties":{"text":"Manage Handovers"},"interaction":{"idSuffix":"inner"}},"wdio_ui5_key":"etmportal.ui.managehandoverstile.view.Mastersap.m.Text{\"text\":\"Manage Handovers\"}"}]}
RESULT: {"script":"<script> [1562 bytes]","args":[{"selector":{"controlType":"sap.m.Text","viewName":"etm.portal.ui.managehandoverstile.view.Master","properties":{"text":"Manage Handovers"},"interaction":{"idSuffix":"inner"}},"wdio_ui5_key":"etmportal.ui.managehandoverstile.view.Mastersap.m.Text{\"text\":\"Manage Handovers\"}"}]}
RESULT: undefined
COMMAND: POST /session/87c905b0ced0689aea197ebc287e8344/element - {"using":"xpath","value":"//*[@id=\"__tile130-title\"]"}
RESULT: {"using":"xpath","value":"//*[@id=\"__tile130-title\"]"}
COMMAND: POST /session/87c905b0ced0689aea197ebc287e8344/element/f.49273D69898A435DA37F130424A2EF86.d.A3E6DEA56E0F623CEDC56175D7F60A80.e.2839/click - {}
RESULT: {}
COMMAND: GET /session/87c905b0ced0689aea197ebc287e8344/screenshot - {}
RESULT: {}
COMMAND: POST /session/87c905b0ced0689aea197ebc287e8344/element - {"using":"xpath","value":"//button[@data-kt=\"masterHOAddButton\"]"}
RESULT: {"using":"xpath","value":"//button[@data-kt=\"masterHOAddButton\"]"}
COMMAND: POST /session/87c905b0ced0689aea197ebc287e8344/execute/sync - {"script":"<script> [8489 bytes]","args":[{"element-6066-11e4-a52e-4f735466cecf":"f.49273D69898A435DA37F130424A2EF86.d.A3E6DEA56E0F623CEDC56175D7F60A80.e.2892","ELEMENT":"f.49273D69898A435DA37F130424A2EF86.d.A3E6DEA56E0F623CEDC56175D7F60A80.e.2892"}]}
RESULT: {"script":"<script> [8489 bytes]","args":[{"element-6066-11e4-a52e-4f735466cecf":"f.49273D69898A435DA37F130424A2EF86.d.A3E6DEA56E0F623CEDC56175D7F60A80.e.2892","ELEMENT":"f.49273D69898A435DA37F130424A2EF86.d.A3E6DEA56E0F623CEDC56175D7F60A80.e.2892"}]}
COMMAND: POST /session/87c905b0ced0689aea197ebc287e8344/element/f.49273D69898A435DA37F130424A2EF86.d.A3E6DEA56E0F623CEDC56175D7F60A80.e.2892/click - {}
COMMAND: GET /session/87c905b0ced0689aea197ebc287e8344/screenshot - {}
RESULT: {}
COMMAND: GET /session/87c905b0ced0689aea197ebc287e8344/screenshot - {}
COMMAND: POST /session/87c905b0ced0689aea197ebc287e8344/element - {"using":"xpath","value":"//span[contains(@id ,\"AddNewHO--typeSelect-arrow\")]"}
RESULT: {}
RESULT: {}
RESULT: {"using":"xpath","value":"//span[contains(@id ,\"AddNewHO--typeSelect-arrow\")]"}
COMMAND: POST /session/87c905b0ced0689aea197ebc287e8344/element/f.49273D69898A435DA37F130424A2EF86.d.A3E6DEA56E0F623CEDC56175D7F60A80.e.3255/click - {}
RESULT: {}
COMMAND: GET /session/87c905b0ced0689aea197ebc287e8344/screenshot - {}
RESULT: {}
COMMAND: POST /session/87c905b0ced0689aea197ebc287e8344/element - {"using":"xpath","value":"(//li[contains(text(), \"stock increase yard\")])[1]"}
RESULT: {"using":"xpath","value":"(//li[contains(text(), \"stock increase yard\")])[1]"}
COMMAND: POST /session/87c905b0ced0689aea197ebc287e8344/element/f.49273D69898A435DA37F130424A2EF86.d.A3E6DEA56E0F623CEDC56175D7F60A80.e.3256/click - {}
RESULT: {}
COMMAND: GET /session/87c905b0ced0689aea197ebc287e8344/screenshot - {}
RESULT: {}
COMMAND: POST /session/87c905b0ced0689aea197ebc287e8344/execute/async - {"script":"<script> [1562 bytes]","args":[{"selector":{"id":"application-managehandovers-display-component---AddNewHO--dueDate","interaction":{"idSuffix":"inner"}},"wdio_ui5_key":"applicationmanagehandovers-display-component---AddNewHO--dueDate"}]}
RESULT: {"script":"<script> [1562 bytes]","args":[{"selector":{"id":"application-managehandovers-display-component---AddNewHO--dueDate","interaction":{"idSuffix":"inner"}},"wdio_ui5_key":"applicationmanagehandovers-display-component---AddNewHO--dueDate"}]}
RESULT: undefined
COMMAND: POST /session/87c905b0ced0689aea197ebc287e8344/execute/async - {"script":"<script> [6424 bytes]","args":[{"element-6066-11e4-a52e-4f735466cecf":"f.49273D69898A435DA37F130424A2EF86.d.A3E6DEA56E0F623CEDC56175D7F60A80.e.3258"},"setValue",["05/04/2025"]]}
RESULT: {"script":"<script> [6424 bytes]","args":[{"element-6066-11e4-a52e-4f735466cecf":"f.49273D69898A435DA37F130424A2EF86.d.A3E6DEA56E0F623CEDC56175D7F60A80.e.3258"},"setValue",["05/04/2025"]]}
COMMAND: POST /session/87c905b0ced0689aea197ebc287e8344/element - {"using":"xpath","value":"//input[@id=\"generalSectionFrg--receiveYard-inner\"]"}
RESULT: {"using":"xpath","value":"//input[@id=\"generalSectionFrg--receiveYard-inner\"]"}
COMMAND: POST /session/87c905b0ced0689aea197ebc287e8344/element/f.49273D69898A435DA37F130424A2EF86.d.A3E6DEA56E0F623CEDC56175D7F60A80.e.3264/clear - {}
RESULT: {}
COMMAND: POST /session/87c905b0ced0689aea197ebc287e8344/element/f.49273D69898A435DA37F130424A2EF86.d.A3E6DEA56E0F623CEDC56175D7F60A80.e.3264/value - {"text":"webdriveryard"}
COMMAND: GET /session/87c905b0ced0689aea197ebc287e8344/screenshot - {}
RESULT: {"text":"webdriveryard"}
COMMAND: GET /session/87c905b0ced0689aea197ebc287e8344/screenshot - {}
RESULT: {}
RESULT: {}
COMMAND: POST /session/87c905b0ced0689aea197ebc287e8344/execute/async - {"script":"<script> [1562 bytes]","args":[{"selector":{"id":"application-managehandovers-display-component---AddNewHO--ObjectPageLayout-anchBar-application-managehandovers-display-component---AddNewHO--section4-anchor","interaction":{"idSuffix":"BDI-content"}},"wdio_ui5_key":"applicationmanagehandovers-display-component---AddNewHO--ObjectPageLayout-anchBar-application-managehandovers-display-component---AddNewHO--section4-anchor"}]}
RESULT: {"script":"<script> [1562 bytes]","args":[{"selector":{"id":"application-managehandovers-display-component---AddNewHO--ObjectPageLayout-anchBar-application-managehandovers-display-component---AddNewHO--section4-anchor","interaction":{"idSuffix":"BDI-content"}},"wdio_ui5_key":"applicationmanagehandovers-display-component---AddNewHO--ObjectPageLayout-anchBar-application-managehandovers-display-component---AddNewHO--section4-anchor"}]}
RESULT: undefined
COMMAND: POST /session/87c905b0ced0689aea197ebc287e8344/element - {"using":"xpath","value":"//*[@id=\"application-managehandovers-display-component---AddNewHO--ObjectPageLayout-anchBar-application-managehandovers-display-component---AddNewHO--section4-anchor\"]"}
RESULT: {"using":"xpath","value":"//*[@id=\"application-managehandovers-display-component---AddNewHO--ObjectPageLayout-anchBar-application-managehandovers-display-component---AddNewHO--section4-anchor\"]"}
COMMAND: POST /session/87c905b0ced0689aea197ebc287e8344/element/f.49273D69898A435DA37F130424A2EF86.d.A3E6DEA56E0F623CEDC56175D7F60A80.e.3283/click - {}
RESULT: {}
COMMAND: GET /session/87c905b0ced0689aea197ebc287e8344/screenshot - {}
RESULT: {}
COMMAND: POST /session/87c905b0ced0689aea197ebc287e8344/element - {"using":"xpath","value":"//button[@aria-label=\"Add\"]"}
RESULT: {"using":"xpath","value":"//button[@aria-label=\"Add\"]"}
COMMAND: POST /session/87c905b0ced0689aea197ebc287e8344/element/f.49273D69898A435DA37F130424A2EF86.d.A3E6DEA56E0F623CEDC56175D7F60A80.e.3287/click - {}
RESULT: {}
COMMAND: GET /session/87c905b0ced0689aea197ebc287e8344/screenshot - {}
RESULT: {}
COMMAND: POST /session/87c905b0ced0689aea197ebc287e8344/execute/async - {"script":"<script> [1562 bytes]","args":[{"selector":{"id":"application-managehandovers-display-component---AddNewHO--smartFilterBar-btnBasicSearch","searchOpenDialogs":true,"interaction":{"idSuffix":"I"}},"wdio_ui5_key":"applicationmanagehandovers-display-component---AddNewHO--smartFilterBar-btnBasicSearch"}]}
RESULT: {"script":"<script> [1562 bytes]","args":[{"selector":{"id":"application-managehandovers-display-component---AddNewHO--smartFilterBar-btnBasicSearch","searchOpenDialogs":true,"interaction":{"idSuffix":"I"}},"wdio_ui5_key":"applicationmanagehandovers-display-component---AddNewHO--smartFilterBar-btnBasicSearch"}]}
RESULT: undefined
COMMAND: POST /session/87c905b0ced0689aea197ebc287e8344/execute/async - {"script":"<script> [776 bytes]","args":[{"enterText":"WdIOR2cEquipezkcw","selector":{"id":"application-managehandovers-display-component---AddNewHO--smartFilterBar-btnBasicSearch","searchOpenDialogs":true,"interaction":{"idSuffix":"I"}},"clearTextFirst":true,"interactionType":"ENTER_TEXT"}]}
RESULT: {"script":"<script> [776 bytes]","args":[{"enterText":"WdIOR2cEquipezkcw","selector":{"id":"application-managehandovers-display-component---AddNewHO--smartFilterBar-btnBasicSearch","searchOpenDialogs":true,"interaction":{"idSuffix":"I"}},"clearTextFirst":true,"interactionType":"ENTER_TEXT"}]}
COMMAND: POST /session/87c905b0ced0689aea197ebc287e8344/actions - {"actions":[{"id":"action14","type":"key","parameters":{},"actions":[{"type":"keyDown","value":"î€‡"},{"type":"pause","duration":10},{"type":"keyUp","value":"î€‡"}]}]}
RESULT: {"actions":[{"id":"action14","type":"key","parameters":{},"actions":[{"type":"keyDown","value":"î€‡"},{"type":"pause","duration":10},{"type":"keyUp","value":"î€‡"}]}]}
COMMAND: POST /session/87c905b0ced0689aea197ebc287e8344/execute/async - {"script":"<script> [1562 bytes]","args":[{"selector":{"id":"application-managehandovers-display-component---AddNewHO--popup-sa","searchOpenDialogs":true,"interaction":{"idSuffix":"CbBg"}},"wdio_ui5_key":"applicationmanagehandovers-display-component---AddNewHO--popup-sa"}]}
COMMAND: GET /session/87c905b0ced0689aea197ebc287e8344/screenshot - {}
RESULT: {"script":"<script> [1562 bytes]","args":[{"selector":{"id":"application-managehandovers-display-component---AddNewHO--popup-sa","searchOpenDialogs":true,"interaction":{"idSuffix":"CbBg"}},"wdio_ui5_key":"applicationmanagehandovers-display-component---AddNewHO--popup-sa"}]}
RESULT: undefined
COMMAND: POST /session/87c905b0ced0689aea197ebc287e8344/element - {"using":"xpath","value":"//*[@id=\"application-managehandovers-display-component---AddNewHO--popup-sa\"]"}
RESULT: {}
RESULT: {"using":"xpath","value":"//*[@id=\"application-managehandovers-display-component---AddNewHO--popup-sa\"]"}
COMMAND: POST /session/87c905b0ced0689aea197ebc287e8344/element/f.49273D69898A435DA37F130424A2EF86.d.A3E6DEA56E0F623CEDC56175D7F60A80.e.3442/click - {}
RESULT: {}
COMMAND: GET /session/87c905b0ced0689aea197ebc287e8344/screenshot - {}
RESULT: {}
COMMAND: POST /session/87c905b0ced0689aea197ebc287e8344/element - {"using":"xpath","value":"//bdi[contains(text(), \"Select\")]"}
RESULT: {"using":"xpath","value":"//bdi[contains(text(), \"Select\")]"}
COMMAND: POST /session/87c905b0ced0689aea197ebc287e8344/element/f.49273D69898A435DA37F130424A2EF86.d.A3E6DEA56E0F623CEDC56175D7F60A80.e.3443/click - {}
RESULT: {}
COMMAND: GET /session/87c905b0ced0689aea197ebc287e8344/screenshot - {}
RESULT: {}
COMMAND: POST /session/87c905b0ced0689aea197ebc287e8344/element - {"using":"xpath","value":"//button[@data-kt=\"AddNewHOSaveButton\"]"}
RESULT: {"using":"xpath","value":"//button[@data-kt=\"AddNewHOSaveButton\"]"}
COMMAND: POST /session/87c905b0ced0689aea197ebc287e8344/element/f.49273D69898A435DA37F130424A2EF86.d.A3E6DEA56E0F623CEDC56175D7F60A80.e.3447/click - {}
RESULT: {}
COMMAND: GET /session/87c905b0ced0689aea197ebc287e8344/screenshot - {}
RESULT: {}
COMMAND: POST /session/87c905b0ced0689aea197ebc287e8344/execute/async - {"script":"<script> [1562 bytes]","args":[{"selector":{"id":"receiptDatePicker","viewName":"etm.portal.ui.managehandovers.view.DetailExecuteHO","interaction":{"idSuffix":"inner"}},"wdio_ui5_key":"receiptDatePickeretmportal.ui.managehandovers.view.DetailExecuteHO"}]}
RESULT: {"script":"<script> [1562 bytes]","args":[{"selector":{"id":"receiptDatePicker","viewName":"etm.portal.ui.managehandovers.view.DetailExecuteHO","interaction":{"idSuffix":"inner"}},"wdio_ui5_key":"receiptDatePickeretmportal.ui.managehandovers.view.DetailExecuteHO"}]}
RESULT: undefined
COMMAND: POST /session/87c905b0ced0689aea197ebc287e8344/execute/async - {"script":"<script> [6424 bytes]","args":[{"element-6066-11e4-a52e-4f735466cecf":"f.49273D69898A435DA37F130424A2EF86.d.A3E6DEA56E0F623CEDC56175D7F60A80.e.3472"},"setValue",["05/04/2025"]]}
RESULT: {"script":"<script> [6424 bytes]","args":[{"element-6066-11e4-a52e-4f735466cecf":"f.49273D69898A435DA37F130424A2EF86.d.A3E6DEA56E0F623CEDC56175D7F60A80.e.3472"},"setValue",["05/04/2025"]]}
COMMAND: POST /session/87c905b0ced0689aea197ebc287e8344/element - {"using":"xpath","value":"//button[@data-kt=\"PickingTableConfirmAllButton\"]"}
RESULT: {"using":"xpath","value":"//button[@data-kt=\"PickingTableConfirmAllButton\"]"}
COMMAND: POST /session/87c905b0ced0689aea197ebc287e8344/element/f.49273D69898A435DA37F130424A2EF86.d.A3E6DEA56E0F623CEDC56175D7F60A80.e.3489/click - {}
RESULT: {}
COMMAND: GET /session/87c905b0ced0689aea197ebc287e8344/screenshot - {}
RESULT: {}
COMMAND: POST /session/87c905b0ced0689aea197ebc287e8344/element - {"using":"xpath","value":"//bdi[contains(text(), \"OK\")]"}
RESULT: {"using":"xpath","value":"//bdi[contains(text(), \"OK\")]"}
COMMAND: POST /session/87c905b0ced0689aea197ebc287e8344/element/f.49273D69898A435DA37F130424A2EF86.d.A3E6DEA56E0F623CEDC56175D7F60A80.e.3491/click - {}
RESULT: {}
COMMAND: GET /session/87c905b0ced0689aea197ebc287e8344/screenshot - {}
RESULT: {}
COMMAND: POST /session/87c905b0ced0689aea197ebc287e8344/element - {"using":"xpath","value":"(//bdi[contains(text(), \"Receive\")])[2]"}
RESULT: {"using":"xpath","value":"(//bdi[contains(text(), \"Receive\")])[2]"}
COMMAND: POST /session/87c905b0ced0689aea197ebc287e8344/element/f.49273D69898A435DA37F130424A2EF86.d.A3E6DEA56E0F623CEDC56175D7F60A80.e.3493/click - {}
RESULT: {}
COMMAND: GET /session/87c905b0ced0689aea197ebc287e8344/screenshot - {}
RESULT: {}
COMMAND: POST /session/87c905b0ced0689aea197ebc287e8344/element - {"using":"css selector","value":"#shell-header-logo"}
RESULT: {"using":"css selector","value":"#shell-header-logo"}
COMMAND: POST /session/87c905b0ced0689aea197ebc287e8344/element/f.49273D69898A435DA37F130424A2EF86.d.A3E6DEA56E0F623CEDC56175D7F60A80.e.2842/click - {}
RESULT: {}
]]></system-out>
    </testcase>
    <testcase classname="chrome.135_0_7049_96.windows.Verify_RU_inventory_split_cost_information_US139363" name="Should navigate to RU inventory and add the resource to the contract" time="73.994">
      <system-out><![CDATA[
COMMAND: POST /session/87c905b0ced0689aea197ebc287e8344/execute/async - {"script":"<script> [1562 bytes]","args":[{"selector":{"controlType":"sap.m.GenericTile","properties":{"header":"RU Inventory List"}},"wdio_ui5_key":"sapm.GenericTile{\"header\":\"RU Inventory List\"}"}]}
COMMAND: GET /session/87c905b0ced0689aea197ebc287e8344/screenshot - {}
RESULT: {"script":"<script> [1562 bytes]","args":[{"selector":{"controlType":"sap.m.GenericTile","properties":{"header":"RU Inventory List"}},"wdio_ui5_key":"sapm.GenericTile{\"header\":\"RU Inventory List\"}"}]}
RESULT: undefined
COMMAND: POST /session/87c905b0ced0689aea197ebc287e8344/element - {"using":"xpath","value":"//*[@id=\"__tile99\"]"}
RESULT: {}
RESULT: {"using":"xpath","value":"//*[@id=\"__tile99\"]"}
COMMAND: POST /session/87c905b0ced0689aea197ebc287e8344/element/f.49273D69898A435DA37F130424A2EF86.d.A3E6DEA56E0F623CEDC56175D7F60A80.e.3720/click - {}
RESULT: {}
COMMAND: GET /session/87c905b0ced0689aea197ebc287e8344/screenshot - {}
RESULT: {}
COMMAND: POST /session/87c905b0ced0689aea197ebc287e8344/execute/async - {"script":"<script> [1562 bytes]","args":[{"selector":{"id":"application-ruinventorylist-display-component---Master--smartFilterBar-btnBasicSearch","interaction":{"idSuffix":"I"}},"wdio_ui5_key":"applicationruinventorylist-display-component---Master--smartFilterBar-btnBasicSearch"}]}
RESULT: {"script":"<script> [1562 bytes]","args":[{"selector":{"id":"application-ruinventorylist-display-component---Master--smartFilterBar-btnBasicSearch","interaction":{"idSuffix":"I"}},"wdio_ui5_key":"applicationruinventorylist-display-component---Master--smartFilterBar-btnBasicSearch"}]}
RESULT: undefined
COMMAND: POST /session/87c905b0ced0689aea197ebc287e8344/execute/async - {"script":"<script> [776 bytes]","args":[{"enterText":"WdIOR2cEquipezkcw","selector":{"id":"application-ruinventorylist-display-component---Master--smartFilterBar-btnBasicSearch","interaction":{"idSuffix":"I"}},"clearTextFirst":true,"interactionType":"ENTER_TEXT"}]}
RESULT: {"script":"<script> [776 bytes]","args":[{"enterText":"WdIOR2cEquipezkcw","selector":{"id":"application-ruinventorylist-display-component---Master--smartFilterBar-btnBasicSearch","interaction":{"idSuffix":"I"}},"clearTextFirst":true,"interactionType":"ENTER_TEXT"}]}
COMMAND: POST /session/87c905b0ced0689aea197ebc287e8344/actions - {"actions":[{"id":"action15","type":"key","parameters":{},"actions":[{"type":"keyDown","value":"î€‡"},{"type":"pause","duration":10},{"type":"keyUp","value":"î€‡"}]}]}
RESULT: {"actions":[{"id":"action15","type":"key","parameters":{},"actions":[{"type":"keyDown","value":"î€‡"},{"type":"pause","duration":10},{"type":"keyUp","value":"î€‡"}]}]}
COMMAND: GET /session/87c905b0ced0689aea197ebc287e8344/screenshot - {}
RESULT: {}
COMMAND: POST /session/87c905b0ced0689aea197ebc287e8344/execute/async - {"script":"<script> [1562 bytes]","args":[{"selector":{"id":"application-ruinventorylist-display-component---Master--smartTableRuInventoryList-header"},"wdio_ui5_key":"applicationruinventorylist-display-component---Master--smartTableRuInventoryList-header"}]}
RESULT: {"script":"<script> [1562 bytes]","args":[{"selector":{"id":"application-ruinventorylist-display-component---Master--smartTableRuInventoryList-header"},"wdio_ui5_key":"applicationruinventorylist-display-component---Master--smartTableRuInventoryList-header"}]}
RESULT: undefined
COMMAND: POST /session/87c905b0ced0689aea197ebc287e8344/execute/async - {"script":"<script> [6424 bytes]","args":[{"element-6066-11e4-a52e-4f735466cecf":"f.49273D69898A435DA37F130424A2EF86.d.A3E6DEA56E0F623CEDC56175D7F60A80.e.3929"},"getText",[]]}
RESULT: {"script":"<script> [6424 bytes]","args":[{"element-6066-11e4-a52e-4f735466cecf":"f.49273D69898A435DA37F130424A2EF86.d.A3E6DEA56E0F623CEDC56175D7F60A80.e.3929"},"getText",[]]}
COMMAND: POST /session/87c905b0ced0689aea197ebc287e8344/execute/async - {"script":"<script> [1562 bytes]","args":[{"selector":{"id":"application-ruinventorylist-display-component---Master--createContractItemsBtn-img"},"wdio_ui5_key":"applicationruinventorylist-display-component---Master--createContractItemsBtn-img"}]}
RESULT: {"script":"<script> [1562 bytes]","args":[{"selector":{"id":"application-ruinventorylist-display-component---Master--createContractItemsBtn-img"},"wdio_ui5_key":"applicationruinventorylist-display-component---Master--createContractItemsBtn-img"}]}
RESULT: undefined
COMMAND: POST /session/87c905b0ced0689aea197ebc287e8344/element - {"using":"xpath","value":"//*[@id=\"application-ruinventorylist-display-component---Master--createContractItemsBtn-img\"]"}
RESULT: {"using":"xpath","value":"//*[@id=\"application-ruinventorylist-display-component---Master--createContractItemsBtn-img\"]"}
COMMAND: POST /session/87c905b0ced0689aea197ebc287e8344/element/f.49273D69898A435DA37F130424A2EF86.d.A3E6DEA56E0F623CEDC56175D7F60A80.e.3778/click - {}
RESULT: {}
COMMAND: GET /session/87c905b0ced0689aea197ebc287e8344/screenshot - {}
RESULT: {}
COMMAND: POST /session/87c905b0ced0689aea197ebc287e8344/element - {"using":"xpath","value":"//div[contains(@id ,\"application-ruinventorylist-display-component---Master--tableRuInventoryList-sa-CbBg\")]"}
RESULT: {"using":"xpath","value":"//div[contains(@id ,\"application-ruinventorylist-display-component---Master--tableRuInventoryList-sa-CbBg\")]"}
COMMAND: POST /session/87c905b0ced0689aea197ebc287e8344/element/f.49273D69898A435DA37F130424A2EF86.d.A3E6DEA56E0F623CEDC56175D7F60A80.e.3938/click - {}
RESULT: {}
RESULT: undefined
COMMAND: POST /session/87c905b0ced0689aea197ebc287e8344/element - {"using":"xpath","value":"//*[@id=\"application-ruinventorylist-display-component---Master--createContractItemsBtn-img\"]"}
COMMAND: GET /session/87c905b0ced0689aea197ebc287e8344/screenshot - {}
RESULT: {"using":"xpath","value":"//*[@id=\"application-ruinventorylist-display-component---Master--createContractItemsBtn-img\"]"}
COMMAND: POST /session/87c905b0ced0689aea197ebc287e8344/element/f.49273D69898A435DA37F130424A2EF86.d.A3E6DEA56E0F623CEDC56175D7F60A80.e.3778/click - {}
RESULT: {}
RESULT: {}
COMMAND: GET /session/87c905b0ced0689aea197ebc287e8344/screenshot - {}
RESULT: {}
COMMAND: POST /session/87c905b0ced0689aea197ebc287e8344/element - {"using":"xpath","value":"//div[contains(@class ,\"sapMObjStatus sapMObjStatusError sapMObjStatusActive\")]"}
RESULT: {"using":"xpath","value":"//div[contains(@class ,\"sapMObjStatus sapMObjStatusError sapMObjStatusActive\")]"}
COMMAND: POST /session/87c905b0ced0689aea197ebc287e8344/elements - {"using":"xpath","value":"//div[contains(@class ,\"sapMObjStatus sapMObjStatusError sapMObjStatusActive\")]"}
RESULT: {"using":"xpath","value":"//div[contains(@class ,\"sapMObjStatus sapMObjStatusError sapMObjStatusActive\")]"}
COMMAND: POST /session/87c905b0ced0689aea197ebc287e8344/element - {"using":"xpath","value":"//input[contains(@id, \"application-ruinventorylist-display-component---Master--contractCb-inner\")]"}
RESULT: {"using":"xpath","value":"//input[contains(@id, \"application-ruinventorylist-display-component---Master--contractCb-inner\")]"}
COMMAND: POST /session/87c905b0ced0689aea197ebc287e8344/element/f.49273D69898A435DA37F130424A2EF86.d.A3E6DEA56E0F623CEDC56175D7F60A80.e.3941/clear - {}
RESULT: {}
COMMAND: POST /session/87c905b0ced0689aea197ebc287e8344/element/f.49273D69898A435DA37F130424A2EF86.d.A3E6DEA56E0F623CEDC56175D7F60A80.e.3941/value - {"text":"10500"}
COMMAND: GET /session/87c905b0ced0689aea197ebc287e8344/screenshot - {}
RESULT: {"text":"10500"}
COMMAND: GET /session/87c905b0ced0689aea197ebc287e8344/screenshot - {}
RESULT: {}
RESULT: {}
COMMAND: POST /session/87c905b0ced0689aea197ebc287e8344/actions - {"actions":[{"id":"action16","type":"key","parameters":{},"actions":[{"type":"keyDown","value":"î€‡"},{"type":"pause","duration":10},{"type":"keyUp","value":"î€‡"}]}]}
RESULT: {"actions":[{"id":"action16","type":"key","parameters":{},"actions":[{"type":"keyDown","value":"î€‡"},{"type":"pause","duration":10},{"type":"keyUp","value":"î€‡"}]}]}
COMMAND: GET /session/87c905b0ced0689aea197ebc287e8344/screenshot - {}
RESULT: {}
COMMAND: POST /session/87c905b0ced0689aea197ebc287e8344/actions - {"actions":[{"id":"action17","type":"key","parameters":{},"actions":[{"type":"keyDown","value":"î€‡"},{"type":"pause","duration":10},{"type":"keyUp","value":"î€‡"}]}]}
RESULT: {"actions":[{"id":"action17","type":"key","parameters":{},"actions":[{"type":"keyDown","value":"î€‡"},{"type":"pause","duration":10},{"type":"keyUp","value":"î€‡"}]}]}
COMMAND: GET /session/87c905b0ced0689aea197ebc287e8344/screenshot - {}
RESULT: {}
COMMAND: POST /session/87c905b0ced0689aea197ebc287e8344/element - {"using":"xpath","value":"//input[contains(@id, \"application-ruinventorylist-display-component---Master--endDate-inner\")]"}
RESULT: {"using":"xpath","value":"//input[contains(@id, \"application-ruinventorylist-display-component---Master--endDate-inner\")]"}
COMMAND: POST /session/87c905b0ced0689aea197ebc287e8344/element/f.49273D69898A435DA37F130424A2EF86.d.A3E6DEA56E0F623CEDC56175D7F60A80.e.3944/clear - {}
RESULT: {}
COMMAND: POST /session/87c905b0ced0689aea197ebc287e8344/element/f.49273D69898A435DA37F130424A2EF86.d.A3E6DEA56E0F623CEDC56175D7F60A80.e.3944/value - {"text":"05/05/25"}
COMMAND: GET /session/87c905b0ced0689aea197ebc287e8344/screenshot - {}
RESULT: {"text":"05/05/25"}
COMMAND: POST /session/87c905b0ced0689aea197ebc287e8344/element - {"using":"xpath","value":"(//div[contains(@data-kt ,\"characteristicsObjectStatus\")])[2]"}
COMMAND: GET /session/87c905b0ced0689aea197ebc287e8344/screenshot - {}
RESULT: {}
RESULT: {"using":"xpath","value":"(//div[contains(@data-kt ,\"characteristicsObjectStatus\")])[2]"}
COMMAND: POST /session/87c905b0ced0689aea197ebc287e8344/element/f.49273D69898A435DA37F130424A2EF86.d.A3E6DEA56E0F623CEDC56175D7F60A80.e.3958/click - {}
RESULT: {}
RESULT: {}
COMMAND: GET /session/87c905b0ced0689aea197ebc287e8344/screenshot - {}
RESULT: {}
COMMAND: POST /session/87c905b0ced0689aea197ebc287e8344/element - {"using":"xpath","value":"//span[contains(@id ,\"application-ruinventorylist-display-component---Master--addSplitCharacteristicsRowButton-img\")]"}
RESULT: {"using":"xpath","value":"//span[contains(@id ,\"application-ruinventorylist-display-component---Master--addSplitCharacteristicsRowButton-img\")]"}
COMMAND: POST /session/87c905b0ced0689aea197ebc287e8344/element/f.49273D69898A435DA37F130424A2EF86.d.A3E6DEA56E0F623CEDC56175D7F60A80.e.3961/click - {}
RESULT: {}
COMMAND: POST /session/87c905b0ced0689aea197ebc287e8344/element - {"using":"xpath","value":"(//input[contains(@id ,\"application-ruinventorylist-display-component---Master--splitCharacteristicsTable-0-inner\")])[1]"}
COMMAND: GET /session/87c905b0ced0689aea197ebc287e8344/screenshot - {}
RESULT: {"using":"xpath","value":"(//input[contains(@id ,\"application-ruinventorylist-display-component---Master--splitCharacteristicsTable-0-inner\")])[1]"}
COMMAND: POST /session/87c905b0ced0689aea197ebc287e8344/element/f.49273D69898A435DA37F130424A2EF86.d.A3E6DEA56E0F623CEDC56175D7F60A80.e.3964/clear - {}
RESULT: {}
RESULT: {}
COMMAND: POST /session/87c905b0ced0689aea197ebc287e8344/element/f.49273D69898A435DA37F130424A2EF86.d.A3E6DEA56E0F623CEDC56175D7F60A80.e.3964/value - {"text":"Cost Center"}
COMMAND: GET /session/87c905b0ced0689aea197ebc287e8344/screenshot - {}
RESULT: {"text":"Cost Center"}
COMMAND: GET /session/87c905b0ced0689aea197ebc287e8344/screenshot - {}
RESULT: {}
RESULT: {}
COMMAND: POST /session/87c905b0ced0689aea197ebc287e8344/actions - {"actions":[{"id":"action18","type":"key","parameters":{},"actions":[{"type":"keyDown","value":"î€‡"},{"type":"pause","duration":10},{"type":"keyUp","value":"î€‡"}]}]}
RESULT: {"actions":[{"id":"action18","type":"key","parameters":{},"actions":[{"type":"keyDown","value":"î€‡"},{"type":"pause","duration":10},{"type":"keyUp","value":"î€‡"}]}]}
COMMAND: POST /session/87c905b0ced0689aea197ebc287e8344/execute/async - {"script":"<script> [1562 bytes]","args":[{"selector":{"controlType":"sap.ui.core.Icon","viewName":"etm.portal.ui.ruinventorylist.view.Master","viewId":"application-ruinventorylist-display-component---Master","properties":{"src":{"regex":{"source":"value\\-help"}}},"searchOpenDialogs":true,"ancestor":{"controlType":"sap.m.ColumnListItem","viewName":"etm.portal.ui.ruinventorylist.view.Master","viewId":"application-ruinventorylist-display-component---Master","bindingPath":{"modelName":"additionalRequiredFields","path":"/currentCharacteristics/0"},"ancestor":{"id":"application-ruinventorylist-display-component---Master--splitCharacteristicsTable","searchOpenDialogs":true}}},"wdio_ui5_key":"etmportal.ui.ruinventorylist.view.Mastersap.ui.core.Icon{\"src\":{\"regex\":{\"source\":\"value\\\\-help\"}}}{\"controlType\":\"sap.m.ColumnListItem\",\"viewName\":\"etm.portal.ui.ruinventorylist.view.Master\",\"viewId\":\"application-ruinventorylist-display-component---Master\",\"bindingPath\":{\"modelName\":\"additionalRequiredFields\",\"path\":\"/currentCharacteristics/0\"},\"ancestor\":{\"id\":\"application-ruinventorylist-display-component---Master--splitCharacteristicsTable\",\"searchOpenDialogs\":true}}"}]}
COMMAND: GET /session/87c905b0ced0689aea197ebc287e8344/screenshot - {}
RESULT: {"script":"<script> [1562 bytes]","args":[{"selector":{"controlType":"sap.ui.core.Icon","viewName":"etm.portal.ui.ruinventorylist.view.Master","viewId":"application-ruinventorylist-display-component---Master","properties":{"src":{"regex":{"source":"value\\-help"}}},"searchOpenDialogs":true,"ancestor":{"controlType":"sap.m.ColumnListItem","viewName":"etm.portal.ui.ruinventorylist.view.Master","viewId":"application-ruinventorylist-display-component---Master","bindingPath":{"modelName":"additionalRequiredFields","path":"/currentCharacteristics/0"},"ancestor":{"id":"application-ruinventorylist-display-component---Master--splitCharacteristicsTable","searchOpenDialogs":true}}},"wdio_ui5_key":"etmportal.ui.ruinventorylist.view.Mastersap.ui.core.Icon{\"src\":{\"regex\":{\"source\":\"value\\\\-help\"}}}{\"controlType\":\"sap.m.ColumnListItem\",\"viewName\":\"etm.portal.ui.ruinventorylist.view.Master\",\"viewId\":\"application-ruinventorylist-display-component---Master\",\"bindingPath\":{\"modelName\":\"additionalRequiredFields\",\"path\":\"/currentCharacteristics/0\"},\"ancestor\":{\"id\":\"application-ruinventorylist-display-component---Master--splitCharacteristicsTable\",\"searchOpenDialogs\":true}}"}]}
RESULT: undefined
COMMAND: POST /session/87c905b0ced0689aea197ebc287e8344/element - {"using":"xpath","value":"//*[@id=\"__help4-application-ruinventorylist-display-component---Master--splitCharacteristicsTable-0-vhi\"]"}
RESULT: {}
RESULT: {"using":"xpath","value":"//*[@id=\"__help4-application-ruinventorylist-display-component---Master--splitCharacteristicsTable-0-vhi\"]"}
COMMAND: POST /session/87c905b0ced0689aea197ebc287e8344/element/f.49273D69898A435DA37F130424A2EF86.d.A3E6DEA56E0F623CEDC56175D7F60A80.e.3972/click - {}
RESULT: {}
COMMAND: POST /session/87c905b0ced0689aea197ebc287e8344/element - {"using":"xpath","value":"(//input[contains(@aria-label ,\"Search\")])[1]"}
COMMAND: GET /session/87c905b0ced0689aea197ebc287e8344/screenshot - {}
RESULT: {"using":"xpath","value":"(//input[contains(@aria-label ,\"Search\")])[1]"}
COMMAND: POST /session/87c905b0ced0689aea197ebc287e8344/element/f.49273D69898A435DA37F130424A2EF86.d.A3E6DEA56E0F623CEDC56175D7F60A80.e.3976/clear - {}
RESULT: {}
RESULT: {}
COMMAND: POST /session/87c905b0ced0689aea197ebc287e8344/element/f.49273D69898A435DA37F130424A2EF86.d.A3E6DEA56E0F623CEDC56175D7F60A80.e.3976/value - {"text":"10001010"}
COMMAND: GET /session/87c905b0ced0689aea197ebc287e8344/screenshot - {}
RESULT: {"text":"10001010"}
COMMAND: POST /session/87c905b0ced0689aea197ebc287e8344/actions - {"actions":[{"id":"action19","type":"key","parameters":{},"actions":[{"type":"keyDown","value":"î€‡"},{"type":"pause","duration":10},{"type":"keyUp","value":"î€‡"}]}]}
COMMAND: GET /session/87c905b0ced0689aea197ebc287e8344/screenshot - {}
RESULT: {}
RESULT: {"actions":[{"id":"action19","type":"key","parameters":{},"actions":[{"type":"keyDown","value":"î€‡"},{"type":"pause","duration":10},{"type":"keyUp","value":"î€‡"}]}]}
COMMAND: GET /session/87c905b0ced0689aea197ebc287e8344/screenshot - {}
RESULT: {}
RESULT: {}
COMMAND: POST /session/87c905b0ced0689aea197ebc287e8344/element - {"using":"xpath","value":"(//span[contains(text(), \"Purchasing\")])[1]"}
RESULT: {"using":"xpath","value":"(//span[contains(text(), \"Purchasing\")])[1]"}
COMMAND: POST /session/87c905b0ced0689aea197ebc287e8344/element/f.49273D69898A435DA37F130424A2EF86.d.A3E6DEA56E0F623CEDC56175D7F60A80.e.4013/click - {}
RESULT: {}
COMMAND: GET /session/87c905b0ced0689aea197ebc287e8344/screenshot - {}
RESULT: {}
COMMAND: POST /session/87c905b0ced0689aea197ebc287e8344/element - {"using":"xpath","value":"//span[contains(@id ,\"ok-content\")]"}
RESULT: {"using":"xpath","value":"//span[contains(@id ,\"ok-content\")]"}
COMMAND: POST /session/87c905b0ced0689aea197ebc287e8344/element/f.49273D69898A435DA37F130424A2EF86.d.A3E6DEA56E0F623CEDC56175D7F60A80.e.4014/click - {}
RESULT: {}
COMMAND: GET /session/87c905b0ced0689aea197ebc287e8344/screenshot - {}
RESULT: {}
COMMAND: POST /session/87c905b0ced0689aea197ebc287e8344/element - {"using":"xpath","value":"//bdi[contains(text(), \"Save\")]"}
RESULT: {"using":"xpath","value":"//bdi[contains(text(), \"Save\")]"}
COMMAND: POST /session/87c905b0ced0689aea197ebc287e8344/element/f.49273D69898A435DA37F130424A2EF86.d.A3E6DEA56E0F623CEDC56175D7F60A80.e.4017/click - {}
RESULT: {}
COMMAND: GET /session/87c905b0ced0689aea197ebc287e8344/screenshot - {}
RESULT: {}
COMMAND: POST /session/87c905b0ced0689aea197ebc287e8344/element - {"using":"xpath","value":"//bdi[contains(text(), \"OK\")]"}
RESULT: {"using":"xpath","value":"//bdi[contains(text(), \"OK\")]"}
COMMAND: POST /session/87c905b0ced0689aea197ebc287e8344/element/f.49273D69898A435DA37F130424A2EF86.d.A3E6DEA56E0F623CEDC56175D7F60A80.e.4019/click - {}
RESULT: {}
COMMAND: GET /session/87c905b0ced0689aea197ebc287e8344/screenshot - {}
RESULT: {}
COMMAND: POST /session/87c905b0ced0689aea197ebc287e8344/actions - {"actions":[{"id":"action20","type":"key","parameters":{},"actions":[{"type":"keyDown","value":"î€‡"},{"type":"pause","duration":10},{"type":"keyUp","value":"î€‡"}]}]}
RESULT: {"actions":[{"id":"action20","type":"key","parameters":{},"actions":[{"type":"keyDown","value":"î€‡"},{"type":"pause","duration":10},{"type":"keyUp","value":"î€‡"}]}]}
COMMAND: GET /session/87c905b0ced0689aea197ebc287e8344/screenshot - {}
RESULT: {}
COMMAND: POST /session/87c905b0ced0689aea197ebc287e8344/execute/async - {"script":"<script> [1562 bytes]","args":[{"selector":{"controlType":"sap.m.Title","viewName":"etm.portal.ui.managecontracts.view.Detail","properties":{"text":"Contract Items (1)"}},"wdio_ui5_key":"etmportal.ui.managecontracts.view.Detailsap.m.Title{\"text\":\"Contract Items (1)\"}"}]}
RESULT: {"script":"<script> [1562 bytes]","args":[{"selector":{"controlType":"sap.m.Title","viewName":"etm.portal.ui.managecontracts.view.Detail","properties":{"text":"Contract Items (1)"}},"wdio_ui5_key":"etmportal.ui.managecontracts.view.Detailsap.m.Title{\"text\":\"Contract Items (1)\"}"}]}
RESULT: undefined
COMMAND: POST /session/87c905b0ced0689aea197ebc287e8344/execute/async - {"script":"<script> [6424 bytes]","args":[{"element-6066-11e4-a52e-4f735466cecf":"f.49273D69898A435DA37F130424A2EF86.d.A3E6DEA56E0F623CEDC56175D7F60A80.e.4241"},"getText",[]]}
RESULT: {"script":"<script> [6424 bytes]","args":[{"element-6066-11e4-a52e-4f735466cecf":"f.49273D69898A435DA37F130424A2EF86.d.A3E6DEA56E0F623CEDC56175D7F60A80.e.4241"},"getText",[]]}
COMMAND: POST /session/87c905b0ced0689aea197ebc287e8344/element - {"using":"xpath","value":"//div[contains(@data-kt ,\"characteristicsObjectStatus\")]"}
RESULT: {"using":"xpath","value":"//div[contains(@data-kt ,\"characteristicsObjectStatus\")]"}
COMMAND: POST /session/87c905b0ced0689aea197ebc287e8344/element/f.49273D69898A435DA37F130424A2EF86.d.A3E6DEA56E0F623CEDC56175D7F60A80.e.4242/click - {}
RESULT: {}
COMMAND: GET /session/87c905b0ced0689aea197ebc287e8344/screenshot - {}
RESULT: {}
COMMAND: POST /session/87c905b0ced0689aea197ebc287e8344/element - {"using":"xpath","value":"(//input[contains(@class ,\"sapMInputBaseInner sapMComboBoxInner\")])[2]"}
RESULT: {"using":"xpath","value":"(//input[contains(@class ,\"sapMInputBaseInner sapMComboBoxInner\")])[2]"}
COMMAND: GET /session/87c905b0ced0689aea197ebc287e8344/element/f.49273D69898A435DA37F130424A2EF86.d.A3E6DEA56E0F623CEDC56175D7F60A80.e.4248/property/value - {}
RESULT: {}
COMMAND: POST /session/87c905b0ced0689aea197ebc287e8344/element - {"using":"xpath","value":"//span[contains(text(), \"Input (10001010) 10001010 - Purchasing\")]"}
COMMAND: GET /session/87c905b0ced0689aea197ebc287e8344/screenshot - {}
RESULT: {"using":"xpath","value":"//span[contains(text(), \"Input (10001010) 10001010 - Purchasing\")]"}
COMMAND: POST /session/87c905b0ced0689aea197ebc287e8344/elements - {"using":"xpath","value":"//span[contains(text(), \"Input (10001010) 10001010 - Purchasing\")]"}
RESULT: {}
RESULT: {"using":"xpath","value":"//span[contains(text(), \"Input (10001010) 10001010 - Purchasing\")]"}
COMMAND: POST /session/87c905b0ced0689aea197ebc287e8344/elements - {"using":"xpath","value":"//span[contains(text(), \"Input (10001010) 10001010 - Purchasing\")]"}
RESULT: {"using":"xpath","value":"//span[contains(text(), \"Input (10001010) 10001010 - Purchasing\")]"}
COMMAND: POST /session/87c905b0ced0689aea197ebc287e8344/elements - {"using":"xpath","value":"//span[contains(text(), \"Input (10001010) 10001010 - Purchasing\")]"}
RESULT: {"using":"xpath","value":"//span[contains(text(), \"Input (10001010) 10001010 - Purchasing\")]"}
COMMAND: POST /session/87c905b0ced0689aea197ebc287e8344/elements - {"using":"xpath","value":"//span[contains(text(), \"Input (10001010) 10001010 - Purchasing\")]"}
RESULT: {"using":"xpath","value":"//span[contains(text(), \"Input (10001010) 10001010 - Purchasing\")]"}
COMMAND: POST /session/87c905b0ced0689aea197ebc287e8344/elements - {"using":"xpath","value":"//span[contains(text(), \"Input (10001010) 10001010 - Purchasing\")]"}
RESULT: {"using":"xpath","value":"//span[contains(text(), \"Input (10001010) 10001010 - Purchasing\")]"}
COMMAND: POST /session/87c905b0ced0689aea197ebc287e8344/elements - {"using":"xpath","value":"//span[contains(text(), \"Input (10001010) 10001010 - Purchasing\")]"}
RESULT: {"using":"xpath","value":"//span[contains(text(), \"Input (10001010) 10001010 - Purchasing\")]"}
COMMAND: POST /session/87c905b0ced0689aea197ebc287e8344/elements - {"using":"xpath","value":"//span[contains(text(), \"Input (10001010) 10001010 - Purchasing\")]"}
RESULT: {"using":"xpath","value":"//span[contains(text(), \"Input (10001010) 10001010 - Purchasing\")]"}
COMMAND: POST /session/87c905b0ced0689aea197ebc287e8344/elements - {"using":"xpath","value":"//span[contains(text(), \"Input (10001010) 10001010 - Purchasing\")]"}
RESULT: {"using":"xpath","value":"//span[contains(text(), \"Input (10001010) 10001010 - Purchasing\")]"}
COMMAND: POST /session/87c905b0ced0689aea197ebc287e8344/elements - {"using":"xpath","value":"//span[contains(text(), \"Input (10001010) 10001010 - Purchasing\")]"}
RESULT: {"using":"xpath","value":"//span[contains(text(), \"Input (10001010) 10001010 - Purchasing\")]"}
COMMAND: POST /session/87c905b0ced0689aea197ebc287e8344/elements - {"using":"xpath","value":"//span[contains(text(), \"Input (10001010) 10001010 - Purchasing\")]"}
RESULT: {"using":"xpath","value":"//span[contains(text(), \"Input (10001010) 10001010 - Purchasing\")]"}
COMMAND: POST /session/87c905b0ced0689aea197ebc287e8344/elements - {"using":"xpath","value":"//span[contains(text(), \"Input (10001010) 10001010 - Purchasing\")]"}
RESULT: {"using":"xpath","value":"//span[contains(text(), \"Input (10001010) 10001010 - Purchasing\")]"}
COMMAND: POST /session/87c905b0ced0689aea197ebc287e8344/elements - {"using":"xpath","value":"//span[contains(text(), \"Input (10001010) 10001010 - Purchasing\")]"}
RESULT: {"using":"xpath","value":"//span[contains(text(), \"Input (10001010) 10001010 - Purchasing\")]"}
COMMAND: POST /session/87c905b0ced0689aea197ebc287e8344/elements - {"using":"xpath","value":"//span[contains(text(), \"Input (10001010) 10001010 - Purchasing\")]"}
RESULT: {"using":"xpath","value":"//span[contains(text(), \"Input (10001010) 10001010 - Purchasing\")]"}
COMMAND: POST /session/87c905b0ced0689aea197ebc287e8344/elements - {"using":"xpath","value":"//span[contains(text(), \"Input (10001010) 10001010 - Purchasing\")]"}
RESULT: {"using":"xpath","value":"//span[contains(text(), \"Input (10001010) 10001010 - Purchasing\")]"}
COMMAND: POST /session/87c905b0ced0689aea197ebc287e8344/elements - {"using":"xpath","value":"//span[contains(text(), \"Input (10001010) 10001010 - Purchasing\")]"}
RESULT: {"using":"xpath","value":"//span[contains(text(), \"Input (10001010) 10001010 - Purchasing\")]"}
COMMAND: POST /session/87c905b0ced0689aea197ebc287e8344/elements - {"using":"xpath","value":"//span[contains(text(), \"Input (10001010) 10001010 - Purchasing\")]"}
RESULT: {"using":"xpath","value":"//span[contains(text(), \"Input (10001010) 10001010 - Purchasing\")]"}
COMMAND: POST /session/87c905b0ced0689aea197ebc287e8344/elements - {"using":"xpath","value":"//span[contains(text(), \"Input (10001010) 10001010 - Purchasing\")]"}
RESULT: {"using":"xpath","value":"//span[contains(text(), \"Input (10001010) 10001010 - Purchasing\")]"}
COMMAND: POST /session/87c905b0ced0689aea197ebc287e8344/elements - {"using":"xpath","value":"//span[contains(text(), \"Input (10001010) 10001010 - Purchasing\")]"}
RESULT: {"using":"xpath","value":"//span[contains(text(), \"Input (10001010) 10001010 - Purchasing\")]"}
COMMAND: POST /session/87c905b0ced0689aea197ebc287e8344/elements - {"using":"xpath","value":"//span[contains(text(), \"Input (10001010) 10001010 - Purchasing\")]"}
RESULT: {"using":"xpath","value":"//span[contains(text(), \"Input (10001010) 10001010 - Purchasing\")]"}
COMMAND: DELETE /session/87c905b0ced0689aea197ebc287e8344 - {}
RESULT: {}
]]></system-out>
    </testcase>
  </testsuite>
</testsuites>