<?xml version="1.0" encoding="UTF-8"?>
<testsuites tests="9" failures="1" errors="1" skipped="0">
  <testsuite timestamp="2025-05-22T15:34:54" time="814.764" tests="8" failures="0" errors="0" skipped="0">
    <properties>
      <property name="specId" value="0"/>
      <property name="suiteName" value="Create masterdata for Yard Overview - trigger provide US130988"/>
      <property name="capabilities" value="chrome.136_0_7103_93.windows"/>
      <property name="file" value="file:///D:/a/1/s/test/specs/HTR/yard-overview-trigger.spec.js"/>
    </properties>
    <testcase classname="chrome.136_0_7103_93.windows.Create_masterdata_for_Yard_Overview_-_trigger_provide_US130988" name="Should create a new yard" time="127.738">
      <system-out><![CDATA[
COMMAND: POST /session/b26d351fd48d9bf18d1747792d872463/window/fullscreen - {}
RESULT: {}
COMMAND: POST /session/b26d351fd48d9bf18d1747792d872463/execute/async - {"script":"<script> [1562 bytes]","args":[{"selector":{"controlType":"sap.m.GenericTile","properties":{"header":"Manage Yards"}},"wdio_ui5_key":"sapm.GenericTile{\"header\":\"Manage Yards\"}"}]}
RESULT: {"script":"<script> [1562 bytes]","args":[{"selector":{"controlType":"sap.m.GenericTile","properties":{"header":"Manage Yards"}},"wdio_ui5_key":"sapm.GenericTile{\"header\":\"Manage Yards\"}"}]}
RESULT: undefined
COMMAND: POST /session/b26d351fd48d9bf18d1747792d872463/element - {"using":"xpath","value":"//*[@id=\"__tile41\"]"}
RESULT: {"using":"xpath","value":"//*[@id=\"__tile41\"]"}
COMMAND: POST /session/b26d351fd48d9bf18d1747792d872463/element/f.DDB7B01D6F017A691A4290B040C538A5.d.3C369E05441BA347DC7BB38FE822BEB0.e.130/click - {}
RESULT: {}
COMMAND: GET /session/b26d351fd48d9bf18d1747792d872463/screenshot - {}
RESULT: {}
COMMAND: POST /session/b26d351fd48d9bf18d1747792d872463/elements - {"using":"xpath","value":"//span[text()='Error']"}
RESULT: {"using":"xpath","value":"//span[text()='Error']"}
COMMAND: POST /session/b26d351fd48d9bf18d1747792d872463/element - {"using":"xpath","value":"//button[@data-kt=\"addNewYardOverflowToolbarButton\"]"}
RESULT: {"using":"xpath","value":"//button[@data-kt=\"addNewYardOverflowToolbarButton\"]"}
COMMAND: POST /session/b26d351fd48d9bf18d1747792d872463/elements - {"using":"xpath","value":"//button[@data-kt=\"addNewYardOverflowToolbarButton\"]"}
RESULT: {"using":"xpath","value":"//button[@data-kt=\"addNewYardOverflowToolbarButton\"]"}
COMMAND: POST /session/b26d351fd48d9bf18d1747792d872463/execute/sync - {"script":"<script> [8489 bytes]","args":[{"element-6066-11e4-a52e-4f735466cecf":"f.DDB7B01D6F017A691A4290B040C538A5.d.3C369E05441BA347DC7BB38FE822BEB0.e.274","ELEMENT":"f.DDB7B01D6F017A691A4290B040C538A5.d.3C369E05441BA347DC7BB38FE822BEB0.e.274"}]}
RESULT: {"script":"<script> [8489 bytes]","args":[{"element-6066-11e4-a52e-4f735466cecf":"f.DDB7B01D6F017A691A4290B040C538A5.d.3C369E05441BA347DC7BB38FE822BEB0.e.274","ELEMENT":"f.DDB7B01D6F017A691A4290B040C538A5.d.3C369E05441BA347DC7BB38FE822BEB0.e.274"}]}
COMMAND: GET /session/b26d351fd48d9bf18d1747792d872463/element/f.DDB7B01D6F017A691A4290B040C538A5.d.3C369E05441BA347DC7BB38FE822BEB0.e.274/enabled - {}
COMMAND: GET /session/b26d351fd48d9bf18d1747792d872463/screenshot - {}
RESULT: {}
COMMAND: POST /session/b26d351fd48d9bf18d1747792d872463/execute/sync - {"script":"<script> [8489 bytes]","args":[{"element-6066-11e4-a52e-4f735466cecf":"f.DDB7B01D6F017A691A4290B040C538A5.d.3C369E05441BA347DC7BB38FE822BEB0.e.274","ELEMENT":"f.DDB7B01D6F017A691A4290B040C538A5.d.3C369E05441BA347DC7BB38FE822BEB0.e.274"}]}
COMMAND: GET /session/b26d351fd48d9bf18d1747792d872463/screenshot - {}
RESULT: {}
RESULT: {"script":"<script> [8489 bytes]","args":[{"element-6066-11e4-a52e-4f735466cecf":"f.DDB7B01D6F017A691A4290B040C538A5.d.3C369E05441BA347DC7BB38FE822BEB0.e.274","ELEMENT":"f.DDB7B01D6F017A691A4290B040C538A5.d.3C369E05441BA347DC7BB38FE822BEB0.e.274"}]}
COMMAND: POST /session/b26d351fd48d9bf18d1747792d872463/execute/sync - {"script":"<script> [5351 bytes]","args":[{"element-6066-11e4-a52e-4f735466cecf":"f.DDB7B01D6F017A691A4290B040C538A5.d.3C369E05441BA347DC7BB38FE822BEB0.e.274","ELEMENT":"f.DDB7B01D6F017A691A4290B040C538A5.d.3C369E05441BA347DC7BB38FE822BEB0.e.274"}]}
COMMAND: GET /session/b26d351fd48d9bf18d1747792d872463/screenshot - {}
RESULT: {}
RESULT: {"script":"<script> [5351 bytes]","args":[{"element-6066-11e4-a52e-4f735466cecf":"f.DDB7B01D6F017A691A4290B040C538A5.d.3C369E05441BA347DC7BB38FE822BEB0.e.274","ELEMENT":"f.DDB7B01D6F017A691A4290B040C538A5.d.3C369E05441BA347DC7BB38FE822BEB0.e.274"}]}
COMMAND: POST /session/b26d351fd48d9bf18d1747792d872463/element/f.DDB7B01D6F017A691A4290B040C538A5.d.3C369E05441BA347DC7BB38FE822BEB0.e.274/click - {}
COMMAND: GET /session/b26d351fd48d9bf18d1747792d872463/screenshot - {}
RESULT: {}
RESULT: {}
COMMAND: GET /session/b26d351fd48d9bf18d1747792d872463/screenshot - {}
COMMAND: POST /session/b26d351fd48d9bf18d1747792d872463/element - {"using":"xpath","value":"//input[@id=\"application-manageyards-display-component---NewYard--yardId-inner\"]"}
RESULT: {}
RESULT: {}
RESULT: {"using":"xpath","value":"//input[@id=\"application-manageyards-display-component---NewYard--yardId-inner\"]"}
COMMAND: POST /session/b26d351fd48d9bf18d1747792d872463/element - {"using":"xpath","value":"//input[@id=\"application-manageyards-display-component---NewYard--yardId-inner\"]"}
RESULT: {"using":"xpath","value":"//input[@id=\"application-manageyards-display-component---NewYard--yardId-inner\"]"}
COMMAND: POST /session/b26d351fd48d9bf18d1747792d872463/execute/async - {"script":"<script> [1562 bytes]","args":[{"selector":{"id":"application-manageyards-display-component---NewYard--addressDetailDetailsName1","interaction":{"idSuffix":"inner"}},"wdio_ui5_key":"applicationmanageyards-display-component---NewYard--addressDetailDetailsName1"}]}
RESULT: {"script":"<script> [1562 bytes]","args":[{"selector":{"id":"application-manageyards-display-component---NewYard--addressDetailDetailsName1","interaction":{"idSuffix":"inner"}},"wdio_ui5_key":"applicationmanageyards-display-component---NewYard--addressDetailDetailsName1"}]}
RESULT: undefined
COMMAND: POST /session/b26d351fd48d9bf18d1747792d872463/execute/async - {"script":"<script> [776 bytes]","args":[{"enterText":"Other Yard WDIO","selector":{"id":"application-manageyards-display-component---NewYard--addressDetailDetailsName1","interaction":{"idSuffix":"inner"}},"clearTextFirst":true,"interactionType":"ENTER_TEXT"}]}
RESULT: {"script":"<script> [776 bytes]","args":[{"enterText":"Other Yard WDIO","selector":{"id":"application-manageyards-display-component---NewYard--addressDetailDetailsName1","interaction":{"idSuffix":"inner"}},"clearTextFirst":true,"interactionType":"ENTER_TEXT"}]}
COMMAND: POST /session/b26d351fd48d9bf18d1747792d872463/execute/async - {"script":"<script> [1562 bytes]","args":[{"selector":{"id":"application-manageyards-display-component---NewYard--addressDetailDetailsLanguage-arrow"},"wdio_ui5_key":"applicationmanageyards-display-component---NewYard--addressDetailDetailsLanguage-arrow"}]}
RESULT: {"script":"<script> [1562 bytes]","args":[{"selector":{"id":"application-manageyards-display-component---NewYard--addressDetailDetailsLanguage-arrow"},"wdio_ui5_key":"applicationmanageyards-display-component---NewYard--addressDetailDetailsLanguage-arrow"}]}
RESULT: undefined
COMMAND: POST /session/b26d351fd48d9bf18d1747792d872463/element - {"using":"xpath","value":"//*[@id=\"application-manageyards-display-component---NewYard--addressDetailDetailsLanguage-arrow\"]"}
RESULT: {"using":"xpath","value":"//*[@id=\"application-manageyards-display-component---NewYard--addressDetailDetailsLanguage-arrow\"]"}
COMMAND: POST /session/b26d351fd48d9bf18d1747792d872463/element/f.DDB7B01D6F017A691A4290B040C538A5.d.3C369E05441BA347DC7BB38FE822BEB0.e.708/click - {}
RESULT: {}
COMMAND: POST /session/b26d351fd48d9bf18d1747792d872463/element - {"using":"xpath","value":"//span[contains(text(), \"English\")]"}
COMMAND: GET /session/b26d351fd48d9bf18d1747792d872463/screenshot - {}
RESULT: {"using":"xpath","value":"//span[contains(text(), \"English\")]"}
COMMAND: POST /session/b26d351fd48d9bf18d1747792d872463/element/f.DDB7B01D6F017A691A4290B040C538A5.d.3C369E05441BA347DC7BB38FE822BEB0.e.709/click - {}
RESULT: {}
RESULT: {}
COMMAND: POST /session/b26d351fd48d9bf18d1747792d872463/execute/async - {"script":"<script> [1562 bytes]","args":[{"selector":{"id":"application-manageyards-display-component---NewYard--addressDetailDetailsCity1","interaction":{"idSuffix":"inner"}},"wdio_ui5_key":"applicationmanageyards-display-component---NewYard--addressDetailDetailsCity1"}]}
COMMAND: GET /session/b26d351fd48d9bf18d1747792d872463/screenshot - {}
RESULT: {"script":"<script> [1562 bytes]","args":[{"selector":{"id":"application-manageyards-display-component---NewYard--addressDetailDetailsCity1","interaction":{"idSuffix":"inner"}},"wdio_ui5_key":"applicationmanageyards-display-component---NewYard--addressDetailDetailsCity1"}]}
RESULT: undefined
COMMAND: POST /session/b26d351fd48d9bf18d1747792d872463/execute/async - {"script":"<script> [776 bytes]","args":[{"enterText":"Rosario","selector":{"id":"application-manageyards-display-component---NewYard--addressDetailDetailsCity1","interaction":{"idSuffix":"inner"}},"clearTextFirst":true,"interactionType":"ENTER_TEXT"}]}
RESULT: {}
RESULT: {"script":"<script> [776 bytes]","args":[{"enterText":"Rosario","selector":{"id":"application-manageyards-display-component---NewYard--addressDetailDetailsCity1","interaction":{"idSuffix":"inner"}},"clearTextFirst":true,"interactionType":"ENTER_TEXT"}]}
COMMAND: POST /session/b26d351fd48d9bf18d1747792d872463/execute/async - {"script":"<script> [1562 bytes]","args":[{"selector":{"id":"application-manageyards-display-component---NewYard--addressDetailDetailsCountry-arrow"},"wdio_ui5_key":"applicationmanageyards-display-component---NewYard--addressDetailDetailsCountry-arrow"}]}
RESULT: {"script":"<script> [1562 bytes]","args":[{"selector":{"id":"application-manageyards-display-component---NewYard--addressDetailDetailsCountry-arrow"},"wdio_ui5_key":"applicationmanageyards-display-component---NewYard--addressDetailDetailsCountry-arrow"}]}
RESULT: undefined
COMMAND: POST /session/b26d351fd48d9bf18d1747792d872463/element - {"using":"xpath","value":"//*[@id=\"application-manageyards-display-component---NewYard--addressDetailDetailsCountry-arrow\"]"}
RESULT: {"using":"xpath","value":"//*[@id=\"application-manageyards-display-component---NewYard--addressDetailDetailsCountry-arrow\"]"}
COMMAND: POST /session/b26d351fd48d9bf18d1747792d872463/element/f.DDB7B01D6F017A691A4290B040C538A5.d.3C369E05441BA347DC7BB38FE822BEB0.e.711/click - {}
RESULT: {}
COMMAND: POST /session/b26d351fd48d9bf18d1747792d872463/element - {"using":"xpath","value":"//span[contains(text(), \"Argentina\")]"}
COMMAND: GET /session/b26d351fd48d9bf18d1747792d872463/screenshot - {}
RESULT: {"using":"xpath","value":"//span[contains(text(), \"Argentina\")]"}
COMMAND: POST /session/b26d351fd48d9bf18d1747792d872463/element/f.DDB7B01D6F017A691A4290B040C538A5.d.3C369E05441BA347DC7BB38FE822BEB0.e.713/click - {}
RESULT: {}
RESULT: {}
COMMAND: POST /session/b26d351fd48d9bf18d1747792d872463/execute/async - {"script":"<script> [1562 bytes]","args":[{"selector":{"id":"application-manageyards-display-component---NewYard--addressEditDetailsCostObjectCstType-arrow"},"wdio_ui5_key":"applicationmanageyards-display-component---NewYard--addressEditDetailsCostObjectCstType-arrow"}]}
COMMAND: GET /session/b26d351fd48d9bf18d1747792d872463/screenshot - {}
RESULT: {"script":"<script> [1562 bytes]","args":[{"selector":{"id":"application-manageyards-display-component---NewYard--addressEditDetailsCostObjectCstType-arrow"},"wdio_ui5_key":"applicationmanageyards-display-component---NewYard--addressEditDetailsCostObjectCstType-arrow"}]}
RESULT: undefined
COMMAND: POST /session/b26d351fd48d9bf18d1747792d872463/element - {"using":"xpath","value":"//*[@id=\"application-manageyards-display-component---NewYard--addressEditDetailsCostObjectCstType-arrow\"]"}
RESULT: {}
RESULT: {"using":"xpath","value":"//*[@id=\"application-manageyards-display-component---NewYard--addressEditDetailsCostObjectCstType-arrow\"]"}
COMMAND: POST /session/b26d351fd48d9bf18d1747792d872463/element/f.DDB7B01D6F017A691A4290B040C538A5.d.3C369E05441BA347DC7BB38FE822BEB0.e.714/click - {}
RESULT: {}
COMMAND: POST /session/b26d351fd48d9bf18d1747792d872463/element - {"using":"xpath","value":"//span[contains(text(), \"Cost Center\")]"}
COMMAND: GET /session/b26d351fd48d9bf18d1747792d872463/screenshot - {}
RESULT: {"using":"xpath","value":"//span[contains(text(), \"Cost Center\")]"}
COMMAND: POST /session/b26d351fd48d9bf18d1747792d872463/element/f.DDB7B01D6F017A691A4290B040C538A5.d.3C369E05441BA347DC7BB38FE822BEB0.e.715/click - {}
RESULT: {}
RESULT: {}
COMMAND: GET /session/b26d351fd48d9bf18d1747792d872463/screenshot - {}
RESULT: {}
COMMAND: POST /session/b26d351fd48d9bf18d1747792d872463/element - {"using":"xpath","value":"//span[@id=\"application-manageyards-display-component---NewYard--addressNewCostObjectCstID-vhi\"]"}
RESULT: {"using":"xpath","value":"//span[@id=\"application-manageyards-display-component---NewYard--addressNewCostObjectCstID-vhi\"]"}
COMMAND: POST /session/b26d351fd48d9bf18d1747792d872463/execute/sync - {"script":"<script> [8489 bytes]","args":[{"element-6066-11e4-a52e-4f735466cecf":"f.DDB7B01D6F017A691A4290B040C538A5.d.3C369E05441BA347DC7BB38FE822BEB0.e.719","ELEMENT":"f.DDB7B01D6F017A691A4290B040C538A5.d.3C369E05441BA347DC7BB38FE822BEB0.e.719"}]}
RESULT: {"script":"<script> [8489 bytes]","args":[{"element-6066-11e4-a52e-4f735466cecf":"f.DDB7B01D6F017A691A4290B040C538A5.d.3C369E05441BA347DC7BB38FE822BEB0.e.719","ELEMENT":"f.DDB7B01D6F017A691A4290B040C538A5.d.3C369E05441BA347DC7BB38FE822BEB0.e.719"}]}
COMMAND: POST /session/b26d351fd48d9bf18d1747792d872463/execute/async - {"script":"<script> [1562 bytes]","args":[{"selector":{"id":"application-manageyards-display-component---NewYard--addressNewCostObjectCstID-vhi"},"wdio_ui5_key":"applicationmanageyards-display-component---NewYard--addressNewCostObjectCstID-vhi"}]}
COMMAND: GET /session/b26d351fd48d9bf18d1747792d872463/screenshot - {}
RESULT: {"script":"<script> [1562 bytes]","args":[{"selector":{"id":"application-manageyards-display-component---NewYard--addressNewCostObjectCstID-vhi"},"wdio_ui5_key":"applicationmanageyards-display-component---NewYard--addressNewCostObjectCstID-vhi"}]}
RESULT: undefined
COMMAND: POST /session/b26d351fd48d9bf18d1747792d872463/element - {"using":"xpath","value":"//*[@id=\"application-manageyards-display-component---NewYard--addressNewCostObjectCstID-vhi\"]"}
RESULT: {}
RESULT: {"using":"xpath","value":"//*[@id=\"application-manageyards-display-component---NewYard--addressNewCostObjectCstID-vhi\"]"}
COMMAND: POST /session/b26d351fd48d9bf18d1747792d872463/element/f.DDB7B01D6F017A691A4290B040C538A5.d.3C369E05441BA347DC7BB38FE822BEB0.e.719/click - {}
RESULT: {}
COMMAND: GET /session/b26d351fd48d9bf18d1747792d872463/screenshot - {}
RESULT: {}
COMMAND: POST /session/b26d351fd48d9bf18d1747792d872463/execute/async - {"script":"<script> [1562 bytes]","args":[{"selector":{"controlType":"sap.m.SearchField","properties":{"placeholder":"Search"},"searchOpenDialogs":true,"interaction":{"idSuffix":"I"}},"wdio_ui5_key":"sapm.SearchField{\"placeholder\":\"Search\"}"}]}
RESULT: {"script":"<script> [1562 bytes]","args":[{"selector":{"controlType":"sap.m.SearchField","properties":{"placeholder":"Search"},"searchOpenDialogs":true,"interaction":{"idSuffix":"I"}},"wdio_ui5_key":"sapm.SearchField{\"placeholder\":\"Search\"}"}]}
RESULT: undefined
COMMAND: POST /session/b26d351fd48d9bf18d1747792d872463/execute/async - {"script":"<script> [776 bytes]","args":[{"enterText":"bauh_b","selector":{"controlType":"sap.m.SearchField","properties":{"placeholder":"Search"},"searchOpenDialogs":true,"interaction":{"idSuffix":"I"}},"clearTextFirst":true,"interactionType":"ENTER_TEXT"}]}
RESULT: {"script":"<script> [776 bytes]","args":[{"enterText":"bauh_b","selector":{"controlType":"sap.m.SearchField","properties":{"placeholder":"Search"},"searchOpenDialogs":true,"interaction":{"idSuffix":"I"}},"clearTextFirst":true,"interactionType":"ENTER_TEXT"}]}
COMMAND: POST /session/b26d351fd48d9bf18d1747792d872463/actions - {"actions":[{"id":"action1","type":"key","parameters":{},"actions":[{"type":"keyDown","value":""},{"type":"pause","duration":10},{"type":"keyUp","value":""}]}]}
RESULT: {"actions":[{"id":"action1","type":"key","parameters":{},"actions":[{"type":"keyDown","value":""},{"type":"pause","duration":10},{"type":"keyUp","value":""}]}]}
COMMAND: GET /session/b26d351fd48d9bf18d1747792d872463/screenshot - {}
RESULT: {}
COMMAND: POST /session/b26d351fd48d9bf18d1747792d872463/element - {"using":"xpath","value":"//span[contains(text(), \"Demo Yard\")]"}
RESULT: {"using":"xpath","value":"//span[contains(text(), \"Demo Yard\")]"}
COMMAND: POST /session/b26d351fd48d9bf18d1747792d872463/element/f.DDB7B01D6F017A691A4290B040C538A5.d.3C369E05441BA347DC7BB38FE822BEB0.e.761/click - {}
RESULT: {}
COMMAND: GET /session/b26d351fd48d9bf18d1747792d872463/screenshot - {}
RESULT: {}
COMMAND: POST /session/b26d351fd48d9bf18d1747792d872463/element - {"using":"xpath","value":"//bdi[contains(text(), \"OK\")]"}
RESULT: {"using":"xpath","value":"//bdi[contains(text(), \"OK\")]"}
COMMAND: POST /session/b26d351fd48d9bf18d1747792d872463/element/f.DDB7B01D6F017A691A4290B040C538A5.d.3C369E05441BA347DC7BB38FE822BEB0.e.762/click - {}
RESULT: {}
COMMAND: GET /session/b26d351fd48d9bf18d1747792d872463/screenshot - {}
RESULT: {}
COMMAND: POST /session/b26d351fd48d9bf18d1747792d872463/execute/async - {"script":"<script> [1562 bytes]","args":[{"selector":{"id":"application-manageyards-display-component---NewYard--addressEditDetailsCurrency-arrow"},"wdio_ui5_key":"applicationmanageyards-display-component---NewYard--addressEditDetailsCurrency-arrow"}]}
RESULT: {"script":"<script> [1562 bytes]","args":[{"selector":{"id":"application-manageyards-display-component---NewYard--addressEditDetailsCurrency-arrow"},"wdio_ui5_key":"applicationmanageyards-display-component---NewYard--addressEditDetailsCurrency-arrow"}]}
RESULT: undefined
COMMAND: POST /session/b26d351fd48d9bf18d1747792d872463/element - {"using":"xpath","value":"//*[@id=\"application-manageyards-display-component---NewYard--addressEditDetailsCurrency-arrow\"]"}
RESULT: {"using":"xpath","value":"//*[@id=\"application-manageyards-display-component---NewYard--addressEditDetailsCurrency-arrow\"]"}
COMMAND: POST /session/b26d351fd48d9bf18d1747792d872463/element/f.DDB7B01D6F017A691A4290B040C538A5.d.3C369E05441BA347DC7BB38FE822BEB0.e.765/click - {}
RESULT: {}
COMMAND: POST /session/b26d351fd48d9bf18d1747792d872463/element - {"using":"xpath","value":"//span[contains(text(), \"Euro\")]"}
COMMAND: GET /session/b26d351fd48d9bf18d1747792d872463/screenshot - {}
RESULT: {"using":"xpath","value":"//span[contains(text(), \"Euro\")]"}
COMMAND: POST /session/b26d351fd48d9bf18d1747792d872463/element/f.DDB7B01D6F017A691A4290B040C538A5.d.3C369E05441BA347DC7BB38FE822BEB0.e.766/click - {}
RESULT: {}
RESULT: {}
COMMAND: POST /session/b26d351fd48d9bf18d1747792d872463/execute/async - {"script":"<script> [1562 bytes]","args":[{"selector":{"controlType":"sap.m.Input","viewName":"etm.portal.ui.manageyards.view.New","viewId":"application-manageyards-display-component---NewYard","bindingPath":{"path":"","propertyPath":"/CONTROLLING_AREA","modelName":"NewYardModel"},"interaction":{"idSuffix":"inner"}},"wdio_ui5_key":"etmportal.ui.manageyards.view.Newsap.m.Input{\"path\":\"\",\"propertyPath\":\"/CONTROLLING_AREA\",\"modelName\":\"NewYardModel\"}"}]}
COMMAND: GET /session/b26d351fd48d9bf18d1747792d872463/screenshot - {}
RESULT: {"script":"<script> [1562 bytes]","args":[{"selector":{"controlType":"sap.m.Input","viewName":"etm.portal.ui.manageyards.view.New","viewId":"application-manageyards-display-component---NewYard","bindingPath":{"path":"","propertyPath":"/CONTROLLING_AREA","modelName":"NewYardModel"},"interaction":{"idSuffix":"inner"}},"wdio_ui5_key":"etmportal.ui.manageyards.view.Newsap.m.Input{\"path\":\"\",\"propertyPath\":\"/CONTROLLING_AREA\",\"modelName\":\"NewYardModel\"}"}]}
RESULT: undefined
COMMAND: POST /session/b26d351fd48d9bf18d1747792d872463/execute/async - {"script":"<script> [776 bytes]","args":[{"enterText":"Z001","selector":{"controlType":"sap.m.Input","viewName":"etm.portal.ui.manageyards.view.New","viewId":"application-manageyards-display-component---NewYard","bindingPath":{"path":"","propertyPath":"/CONTROLLING_AREA","modelName":"NewYardModel"},"interaction":{"idSuffix":"inner"}},"clearTextFirst":true,"interactionType":"ENTER_TEXT"}]}
RESULT: {}
RESULT: {"script":"<script> [776 bytes]","args":[{"enterText":"Z001","selector":{"controlType":"sap.m.Input","viewName":"etm.portal.ui.manageyards.view.New","viewId":"application-manageyards-display-component---NewYard","bindingPath":{"path":"","propertyPath":"/CONTROLLING_AREA","modelName":"NewYardModel"},"interaction":{"idSuffix":"inner"}},"clearTextFirst":true,"interactionType":"ENTER_TEXT"}]}
COMMAND: POST /session/b26d351fd48d9bf18d1747792d872463/execute/async - {"script":"<script> [1562 bytes]","args":[{"selector":{"id":"application-manageyards-display-component---NewYard--companyCodeComboBox","interaction":{"idSuffix":"inner"}},"wdio_ui5_key":"applicationmanageyards-display-component---NewYard--companyCodeComboBox"}]}
RESULT: {"script":"<script> [1562 bytes]","args":[{"selector":{"id":"application-manageyards-display-component---NewYard--companyCodeComboBox","interaction":{"idSuffix":"inner"}},"wdio_ui5_key":"applicationmanageyards-display-component---NewYard--companyCodeComboBox"}]}
RESULT: undefined
COMMAND: POST /session/b26d351fd48d9bf18d1747792d872463/execute/async - {"script":"<script> [776 bytes]","args":[{"enterText":"1000","selector":{"id":"application-manageyards-display-component---NewYard--companyCodeComboBox","interaction":{"idSuffix":"inner"}},"clearTextFirst":true,"interactionType":"ENTER_TEXT"}]}
RESULT: {"script":"<script> [776 bytes]","args":[{"enterText":"1000","selector":{"id":"application-manageyards-display-component---NewYard--companyCodeComboBox","interaction":{"idSuffix":"inner"}},"clearTextFirst":true,"interactionType":"ENTER_TEXT"}]}
COMMAND: POST /session/b26d351fd48d9bf18d1747792d872463/execute/async - {"script":"<script> [1562 bytes]","args":[{"selector":{"controlType":"sap.m.Input","viewName":"etm.portal.ui.manageyards.view.New","viewId":"application-manageyards-display-component---NewYard","bindingPath":{"path":"","propertyPath":"/PLANT","modelName":"NewYardModel"},"interaction":{"idSuffix":"inner"}},"wdio_ui5_key":"etmportal.ui.manageyards.view.Newsap.m.Input{\"path\":\"\",\"propertyPath\":\"/PLANT\",\"modelName\":\"NewYardModel\"}"}]}
RESULT: {"script":"<script> [1562 bytes]","args":[{"selector":{"controlType":"sap.m.Input","viewName":"etm.portal.ui.manageyards.view.New","viewId":"application-manageyards-display-component---NewYard","bindingPath":{"path":"","propertyPath":"/PLANT","modelName":"NewYardModel"},"interaction":{"idSuffix":"inner"}},"wdio_ui5_key":"etmportal.ui.manageyards.view.Newsap.m.Input{\"path\":\"\",\"propertyPath\":\"/PLANT\",\"modelName\":\"NewYardModel\"}"}]}
RESULT: undefined
COMMAND: POST /session/b26d351fd48d9bf18d1747792d872463/execute/async - {"script":"<script> [776 bytes]","args":[{"enterText":"1001","selector":{"controlType":"sap.m.Input","viewName":"etm.portal.ui.manageyards.view.New","viewId":"application-manageyards-display-component---NewYard","bindingPath":{"path":"","propertyPath":"/PLANT","modelName":"NewYardModel"},"interaction":{"idSuffix":"inner"}},"clearTextFirst":true,"interactionType":"ENTER_TEXT"}]}
RESULT: {"script":"<script> [776 bytes]","args":[{"enterText":"1001","selector":{"controlType":"sap.m.Input","viewName":"etm.portal.ui.manageyards.view.New","viewId":"application-manageyards-display-component---NewYard","bindingPath":{"path":"","propertyPath":"/PLANT","modelName":"NewYardModel"},"interaction":{"idSuffix":"inner"}},"clearTextFirst":true,"interactionType":"ENTER_TEXT"}]}
COMMAND: POST /session/b26d351fd48d9bf18d1747792d872463/execute/async - {"script":"<script> [1562 bytes]","args":[{"selector":{"controlType":"sap.m.Input","viewName":"etm.portal.ui.manageyards.view.New","viewId":"application-manageyards-display-component---NewYard","bindingPath":{"path":"","propertyPath":"/SALES_AREA_VKORG","modelName":"NewYardModel"},"interaction":{"idSuffix":"inner"}},"wdio_ui5_key":"etmportal.ui.manageyards.view.Newsap.m.Input{\"path\":\"\",\"propertyPath\":\"/SALES_AREA_VKORG\",\"modelName\":\"NewYardModel\"}"}]}
RESULT: {"script":"<script> [1562 bytes]","args":[{"selector":{"controlType":"sap.m.Input","viewName":"etm.portal.ui.manageyards.view.New","viewId":"application-manageyards-display-component---NewYard","bindingPath":{"path":"","propertyPath":"/SALES_AREA_VKORG","modelName":"NewYardModel"},"interaction":{"idSuffix":"inner"}},"wdio_ui5_key":"etmportal.ui.manageyards.view.Newsap.m.Input{\"path\":\"\",\"propertyPath\":\"/SALES_AREA_VKORG\",\"modelName\":\"NewYardModel\"}"}]}
RESULT: undefined
COMMAND: POST /session/b26d351fd48d9bf18d1747792d872463/execute/async - {"script":"<script> [776 bytes]","args":[{"enterText":"C002","selector":{"controlType":"sap.m.Input","viewName":"etm.portal.ui.manageyards.view.New","viewId":"application-manageyards-display-component---NewYard","bindingPath":{"path":"","propertyPath":"/SALES_AREA_VKORG","modelName":"NewYardModel"},"interaction":{"idSuffix":"inner"}},"clearTextFirst":true,"interactionType":"ENTER_TEXT"}]}
RESULT: {"script":"<script> [776 bytes]","args":[{"enterText":"C002","selector":{"controlType":"sap.m.Input","viewName":"etm.portal.ui.manageyards.view.New","viewId":"application-manageyards-display-component---NewYard","bindingPath":{"path":"","propertyPath":"/SALES_AREA_VKORG","modelName":"NewYardModel"},"interaction":{"idSuffix":"inner"}},"clearTextFirst":true,"interactionType":"ENTER_TEXT"}]}
COMMAND: POST /session/b26d351fd48d9bf18d1747792d872463/execute/async - {"script":"<script> [1562 bytes]","args":[{"selector":{"controlType":"sap.m.Input","viewName":"etm.portal.ui.manageyards.view.New","viewId":"application-manageyards-display-component---NewYard","bindingPath":{"path":"","propertyPath":"/SALES_AREA_VTWEG","modelName":"NewYardModel"},"interaction":{"idSuffix":"inner"}},"wdio_ui5_key":"etmportal.ui.manageyards.view.Newsap.m.Input{\"path\":\"\",\"propertyPath\":\"/SALES_AREA_VTWEG\",\"modelName\":\"NewYardModel\"}"}]}
RESULT: {"script":"<script> [1562 bytes]","args":[{"selector":{"controlType":"sap.m.Input","viewName":"etm.portal.ui.manageyards.view.New","viewId":"application-manageyards-display-component---NewYard","bindingPath":{"path":"","propertyPath":"/SALES_AREA_VTWEG","modelName":"NewYardModel"},"interaction":{"idSuffix":"inner"}},"wdio_ui5_key":"etmportal.ui.manageyards.view.Newsap.m.Input{\"path\":\"\",\"propertyPath\":\"/SALES_AREA_VTWEG\",\"modelName\":\"NewYardModel\"}"}]}
RESULT: undefined
COMMAND: POST /session/b26d351fd48d9bf18d1747792d872463/execute/async - {"script":"<script> [776 bytes]","args":[{"enterText":"C2","selector":{"controlType":"sap.m.Input","viewName":"etm.portal.ui.manageyards.view.New","viewId":"application-manageyards-display-component---NewYard","bindingPath":{"path":"","propertyPath":"/SALES_AREA_VTWEG","modelName":"NewYardModel"},"interaction":{"idSuffix":"inner"}},"clearTextFirst":true,"interactionType":"ENTER_TEXT"}]}
RESULT: {"script":"<script> [776 bytes]","args":[{"enterText":"C2","selector":{"controlType":"sap.m.Input","viewName":"etm.portal.ui.manageyards.view.New","viewId":"application-manageyards-display-component---NewYard","bindingPath":{"path":"","propertyPath":"/SALES_AREA_VTWEG","modelName":"NewYardModel"},"interaction":{"idSuffix":"inner"}},"clearTextFirst":true,"interactionType":"ENTER_TEXT"}]}
COMMAND: POST /session/b26d351fd48d9bf18d1747792d872463/execute/async - {"script":"<script> [1562 bytes]","args":[{"selector":{"controlType":"sap.m.Input","viewName":"etm.portal.ui.manageyards.view.New","viewId":"application-manageyards-display-component---NewYard","bindingPath":{"path":"","propertyPath":"/SALES_AREA_SPART","modelName":"NewYardModel"},"interaction":{"idSuffix":"inner"}},"wdio_ui5_key":"etmportal.ui.manageyards.view.Newsap.m.Input{\"path\":\"\",\"propertyPath\":\"/SALES_AREA_SPART\",\"modelName\":\"NewYardModel\"}"}]}
RESULT: {"script":"<script> [1562 bytes]","args":[{"selector":{"controlType":"sap.m.Input","viewName":"etm.portal.ui.manageyards.view.New","viewId":"application-manageyards-display-component---NewYard","bindingPath":{"path":"","propertyPath":"/SALES_AREA_SPART","modelName":"NewYardModel"},"interaction":{"idSuffix":"inner"}},"wdio_ui5_key":"etmportal.ui.manageyards.view.Newsap.m.Input{\"path\":\"\",\"propertyPath\":\"/SALES_AREA_SPART\",\"modelName\":\"NewYardModel\"}"}]}
RESULT: undefined
COMMAND: POST /session/b26d351fd48d9bf18d1747792d872463/execute/async - {"script":"<script> [776 bytes]","args":[{"enterText":"C2","selector":{"controlType":"sap.m.Input","viewName":"etm.portal.ui.manageyards.view.New","viewId":"application-manageyards-display-component---NewYard","bindingPath":{"path":"","propertyPath":"/SALES_AREA_SPART","modelName":"NewYardModel"},"interaction":{"idSuffix":"inner"}},"clearTextFirst":true,"interactionType":"ENTER_TEXT"}]}
RESULT: {"script":"<script> [776 bytes]","args":[{"enterText":"C2","selector":{"controlType":"sap.m.Input","viewName":"etm.portal.ui.manageyards.view.New","viewId":"application-manageyards-display-component---NewYard","bindingPath":{"path":"","propertyPath":"/SALES_AREA_SPART","modelName":"NewYardModel"},"interaction":{"idSuffix":"inner"}},"clearTextFirst":true,"interactionType":"ENTER_TEXT"}]}
COMMAND: POST /session/b26d351fd48d9bf18d1747792d872463/execute/async - {"script":"<script> [1562 bytes]","args":[{"selector":{"controlType":"sap.m.Input","viewName":"etm.portal.ui.manageyards.view.New","viewId":"application-manageyards-display-component---NewYard","bindingPath":{"path":"","propertyPath":"/SHIP_POINT","modelName":"NewYardModel"},"interaction":{"idSuffix":"inner"}},"wdio_ui5_key":"etmportal.ui.manageyards.view.Newsap.m.Input{\"path\":\"\",\"propertyPath\":\"/SHIP_POINT\",\"modelName\":\"NewYardModel\"}"}]}
RESULT: {"script":"<script> [1562 bytes]","args":[{"selector":{"controlType":"sap.m.Input","viewName":"etm.portal.ui.manageyards.view.New","viewId":"application-manageyards-display-component---NewYard","bindingPath":{"path":"","propertyPath":"/SHIP_POINT","modelName":"NewYardModel"},"interaction":{"idSuffix":"inner"}},"wdio_ui5_key":"etmportal.ui.manageyards.view.Newsap.m.Input{\"path\":\"\",\"propertyPath\":\"/SHIP_POINT\",\"modelName\":\"NewYardModel\"}"}]}
RESULT: undefined
COMMAND: POST /session/b26d351fd48d9bf18d1747792d872463/execute/async - {"script":"<script> [776 bytes]","args":[{"enterText":"1710","selector":{"controlType":"sap.m.Input","viewName":"etm.portal.ui.manageyards.view.New","viewId":"application-manageyards-display-component---NewYard","bindingPath":{"path":"","propertyPath":"/SHIP_POINT","modelName":"NewYardModel"},"interaction":{"idSuffix":"inner"}},"clearTextFirst":true,"interactionType":"ENTER_TEXT"}]}
RESULT: {"script":"<script> [776 bytes]","args":[{"enterText":"1710","selector":{"controlType":"sap.m.Input","viewName":"etm.portal.ui.manageyards.view.New","viewId":"application-manageyards-display-component---NewYard","bindingPath":{"path":"","propertyPath":"/SHIP_POINT","modelName":"NewYardModel"},"interaction":{"idSuffix":"inner"}},"clearTextFirst":true,"interactionType":"ENTER_TEXT"}]}
COMMAND: POST /session/b26d351fd48d9bf18d1747792d872463/execute/async - {"script":"<script> [1562 bytes]","args":[{"selector":{"controlType":"sap.m.Input","viewName":"etm.portal.ui.manageyards.view.New","viewId":"application-manageyards-display-component---NewYard","bindingPath":{"path":"","propertyPath":"/DELIVERY_TYPE","modelName":"NewYardModel"},"interaction":{"idSuffix":"inner"}},"wdio_ui5_key":"etmportal.ui.manageyards.view.Newsap.m.Input{\"path\":\"\",\"propertyPath\":\"/DELIVERY_TYPE\",\"modelName\":\"NewYardModel\"}"}]}
RESULT: {"script":"<script> [1562 bytes]","args":[{"selector":{"controlType":"sap.m.Input","viewName":"etm.portal.ui.manageyards.view.New","viewId":"application-manageyards-display-component---NewYard","bindingPath":{"path":"","propertyPath":"/DELIVERY_TYPE","modelName":"NewYardModel"},"interaction":{"idSuffix":"inner"}},"wdio_ui5_key":"etmportal.ui.manageyards.view.Newsap.m.Input{\"path\":\"\",\"propertyPath\":\"/DELIVERY_TYPE\",\"modelName\":\"NewYardModel\"}"}]}
RESULT: undefined
COMMAND: POST /session/b26d351fd48d9bf18d1747792d872463/execute/async - {"script":"<script> [776 bytes]","args":[{"enterText":"ZL01","selector":{"controlType":"sap.m.Input","viewName":"etm.portal.ui.manageyards.view.New","viewId":"application-manageyards-display-component---NewYard","bindingPath":{"path":"","propertyPath":"/DELIVERY_TYPE","modelName":"NewYardModel"},"interaction":{"idSuffix":"inner"}},"clearTextFirst":true,"interactionType":"ENTER_TEXT"}]}
RESULT: {"script":"<script> [776 bytes]","args":[{"enterText":"ZL01","selector":{"controlType":"sap.m.Input","viewName":"etm.portal.ui.manageyards.view.New","viewId":"application-manageyards-display-component---NewYard","bindingPath":{"path":"","propertyPath":"/DELIVERY_TYPE","modelName":"NewYardModel"},"interaction":{"idSuffix":"inner"}},"clearTextFirst":true,"interactionType":"ENTER_TEXT"}]}
COMMAND: POST /session/b26d351fd48d9bf18d1747792d872463/execute/async - {"script":"<script> [1562 bytes]","args":[{"selector":{"controlType":"sap.m.Input","viewName":"etm.portal.ui.manageyards.view.New","viewId":"application-manageyards-display-component---NewYard","bindingPath":{"path":"","propertyPath":"/AUART","modelName":"NewYardModel"},"interaction":{"idSuffix":"inner"}},"wdio_ui5_key":"etmportal.ui.manageyards.view.Newsap.m.Input{\"path\":\"\",\"propertyPath\":\"/AUART\",\"modelName\":\"NewYardModel\"}"}]}
RESULT: {"script":"<script> [1562 bytes]","args":[{"selector":{"controlType":"sap.m.Input","viewName":"etm.portal.ui.manageyards.view.New","viewId":"application-manageyards-display-component---NewYard","bindingPath":{"path":"","propertyPath":"/AUART","modelName":"NewYardModel"},"interaction":{"idSuffix":"inner"}},"wdio_ui5_key":"etmportal.ui.manageyards.view.Newsap.m.Input{\"path\":\"\",\"propertyPath\":\"/AUART\",\"modelName\":\"NewYardModel\"}"}]}
RESULT: undefined
COMMAND: POST /session/b26d351fd48d9bf18d1747792d872463/execute/async - {"script":"<script> [776 bytes]","args":[{"enterText":"TA","selector":{"controlType":"sap.m.Input","viewName":"etm.portal.ui.manageyards.view.New","viewId":"application-manageyards-display-component---NewYard","bindingPath":{"path":"","propertyPath":"/AUART","modelName":"NewYardModel"},"interaction":{"idSuffix":"inner"}},"clearTextFirst":true,"interactionType":"ENTER_TEXT"}]}
RESULT: {"script":"<script> [776 bytes]","args":[{"enterText":"TA","selector":{"controlType":"sap.m.Input","viewName":"etm.portal.ui.manageyards.view.New","viewId":"application-manageyards-display-component---NewYard","bindingPath":{"path":"","propertyPath":"/AUART","modelName":"NewYardModel"},"interaction":{"idSuffix":"inner"}},"clearTextFirst":true,"interactionType":"ENTER_TEXT"}]}
COMMAND: POST /session/b26d351fd48d9bf18d1747792d872463/element - {"using":"xpath","value":"//button[@data-kt=\"newYardSaveButton\"]"}
RESULT: {"using":"xpath","value":"//button[@data-kt=\"newYardSaveButton\"]"}
COMMAND: POST /session/b26d351fd48d9bf18d1747792d872463/element/f.DDB7B01D6F017A691A4290B040C538A5.d.3C369E05441BA347DC7BB38FE822BEB0.e.659/click - {}
RESULT: {}
COMMAND: GET /session/b26d351fd48d9bf18d1747792d872463/screenshot - {}
RESULT: {}
COMMAND: POST /session/b26d351fd48d9bf18d1747792d872463/element - {"using":"xpath","value":"//header[contains(@id, 'ObjectPageLayout-headerTitle')]/div[1]/div[2]/div[1]/span[1]"}
RESULT: {"using":"xpath","value":"//header[contains(@id, 'ObjectPageLayout-headerTitle')]/div[1]/div[2]/div[1]/span[1]"}
COMMAND: POST /session/b26d351fd48d9bf18d1747792d872463/elements - {"using":"xpath","value":"//header[contains(@id, 'ObjectPageLayout-headerTitle')]/div[1]/div[2]/div[1]/span[1]"}
RESULT: {"using":"xpath","value":"//header[contains(@id, 'ObjectPageLayout-headerTitle')]/div[1]/div[2]/div[1]/span[1]"}
COMMAND: POST /session/b26d351fd48d9bf18d1747792d872463/execute/sync - {"script":"<script> [56 bytes]","args":[{"element-6066-11e4-a52e-4f735466cecf":"f.DDB7B01D6F017A691A4290B040C538A5.d.3C369E05441BA347DC7BB38FE822BEB0.e.990","ELEMENT":"f.DDB7B01D6F017A691A4290B040C538A5.d.3C369E05441BA347DC7BB38FE822BEB0.e.990"}]}
RESULT: {"script":"<script> [56 bytes]","args":[{"element-6066-11e4-a52e-4f735466cecf":"f.DDB7B01D6F017A691A4290B040C538A5.d.3C369E05441BA347DC7BB38FE822BEB0.e.990","ELEMENT":"f.DDB7B01D6F017A691A4290B040C538A5.d.3C369E05441BA347DC7BB38FE822BEB0.e.990"}]}
COMMAND: GET /session/b26d351fd48d9bf18d1747792d872463/screenshot - {}
RESULT: {}
COMMAND: POST /session/b26d351fd48d9bf18d1747792d872463/element - {"using":"css selector","value":"#shell-header-logo"}
RESULT: {"using":"css selector","value":"#shell-header-logo"}
COMMAND: POST /session/b26d351fd48d9bf18d1747792d872463/element/f.DDB7B01D6F017A691A4290B040C538A5.d.3C369E05441BA347DC7BB38FE822BEB0.e.232/click - {}
RESULT: {}
COMMAND: GET /session/b26d351fd48d9bf18d1747792d872463/screenshot - {}
RESULT: {}
COMMAND: POST /session/b26d351fd48d9bf18d1747792d872463/execute/sync - {"script":"<script> [299 bytes]","args":[["getModel","getResource"]]}
RESULT: {"script":"<script> [299 bytes]","args":[["getModel","getResource"]]}
]]></system-out>
    </testcase>
    <testcase classname="chrome.136_0_7103_93.windows.Create_masterdata_for_Yard_Overview_-_trigger_provide_US130988" name="Should create a new external partner" time="89.473">
      <system-out><![CDATA[
COMMAND: POST /session/b26d351fd48d9bf18d1747792d872463/window/fullscreen - {}
COMMAND: GET /session/b26d351fd48d9bf18d1747792d872463/screenshot - {}
RESULT: {}
COMMAND: POST /session/b26d351fd48d9bf18d1747792d872463/execute/async - {"script":"<script> [1562 bytes]","args":[{"selector":{"controlType":"sap.m.GenericTile","properties":{"header":"Manage Partners"}},"wdio_ui5_key":"sapm.GenericTile{\"header\":\"Manage Partners\"}"}]}
RESULT: {}
RESULT: {"script":"<script> [1562 bytes]","args":[{"selector":{"controlType":"sap.m.GenericTile","properties":{"header":"Manage Partners"}},"wdio_ui5_key":"sapm.GenericTile{\"header\":\"Manage Partners\"}"}]}
RESULT: undefined
COMMAND: POST /session/b26d351fd48d9bf18d1747792d872463/element - {"using":"xpath","value":"//*[@id=\"__tile38\"]"}
RESULT: {"using":"xpath","value":"//*[@id=\"__tile38\"]"}
COMMAND: POST /session/b26d351fd48d9bf18d1747792d872463/element/f.DDB7B01D6F017A691A4290B040C538A5.d.3C369E05441BA347DC7BB38FE822BEB0.e.121/click - {}
RESULT: {}
COMMAND: GET /session/b26d351fd48d9bf18d1747792d872463/screenshot - {}
RESULT: {}
COMMAND: POST /session/b26d351fd48d9bf18d1747792d872463/elements - {"using":"xpath","value":"//span[text()='Error']"}
RESULT: {"using":"xpath","value":"//span[text()='Error']"}
COMMAND: POST /session/b26d351fd48d9bf18d1747792d872463/element - {"using":"xpath","value":"//button[@data-kt=\"addButton\"]"}
RESULT: {"using":"xpath","value":"//button[@data-kt=\"addButton\"]"}
COMMAND: POST /session/b26d351fd48d9bf18d1747792d872463/elements - {"using":"xpath","value":"//button[@data-kt=\"addButton\"]"}
RESULT: {"using":"xpath","value":"//button[@data-kt=\"addButton\"]"}
COMMAND: POST /session/b26d351fd48d9bf18d1747792d872463/execute/sync - {"script":"<script> [8489 bytes]","args":[{"element-6066-11e4-a52e-4f735466cecf":"f.DDB7B01D6F017A691A4290B040C538A5.d.3C369E05441BA347DC7BB38FE822BEB0.e.1039","ELEMENT":"f.DDB7B01D6F017A691A4290B040C538A5.d.3C369E05441BA347DC7BB38FE822BEB0.e.1039"}]}
RESULT: {"script":"<script> [8489 bytes]","args":[{"element-6066-11e4-a52e-4f735466cecf":"f.DDB7B01D6F017A691A4290B040C538A5.d.3C369E05441BA347DC7BB38FE822BEB0.e.1039","ELEMENT":"f.DDB7B01D6F017A691A4290B040C538A5.d.3C369E05441BA347DC7BB38FE822BEB0.e.1039"}]}
COMMAND: GET /session/b26d351fd48d9bf18d1747792d872463/element/f.DDB7B01D6F017A691A4290B040C538A5.d.3C369E05441BA347DC7BB38FE822BEB0.e.1039/enabled - {}
COMMAND: GET /session/b26d351fd48d9bf18d1747792d872463/screenshot - {}
RESULT: {}
COMMAND: POST /session/b26d351fd48d9bf18d1747792d872463/execute/sync - {"script":"<script> [8489 bytes]","args":[{"element-6066-11e4-a52e-4f735466cecf":"f.DDB7B01D6F017A691A4290B040C538A5.d.3C369E05441BA347DC7BB38FE822BEB0.e.1039","ELEMENT":"f.DDB7B01D6F017A691A4290B040C538A5.d.3C369E05441BA347DC7BB38FE822BEB0.e.1039"}]}
COMMAND: GET /session/b26d351fd48d9bf18d1747792d872463/screenshot - {}
RESULT: {}
RESULT: {"script":"<script> [8489 bytes]","args":[{"element-6066-11e4-a52e-4f735466cecf":"f.DDB7B01D6F017A691A4290B040C538A5.d.3C369E05441BA347DC7BB38FE822BEB0.e.1039","ELEMENT":"f.DDB7B01D6F017A691A4290B040C538A5.d.3C369E05441BA347DC7BB38FE822BEB0.e.1039"}]}
COMMAND: POST /session/b26d351fd48d9bf18d1747792d872463/execute/sync - {"script":"<script> [5351 bytes]","args":[{"element-6066-11e4-a52e-4f735466cecf":"f.DDB7B01D6F017A691A4290B040C538A5.d.3C369E05441BA347DC7BB38FE822BEB0.e.1039","ELEMENT":"f.DDB7B01D6F017A691A4290B040C538A5.d.3C369E05441BA347DC7BB38FE822BEB0.e.1039"}]}
COMMAND: GET /session/b26d351fd48d9bf18d1747792d872463/screenshot - {}
RESULT: {}
RESULT: {"script":"<script> [5351 bytes]","args":[{"element-6066-11e4-a52e-4f735466cecf":"f.DDB7B01D6F017A691A4290B040C538A5.d.3C369E05441BA347DC7BB38FE822BEB0.e.1039","ELEMENT":"f.DDB7B01D6F017A691A4290B040C538A5.d.3C369E05441BA347DC7BB38FE822BEB0.e.1039"}]}
COMMAND: POST /session/b26d351fd48d9bf18d1747792d872463/element/f.DDB7B01D6F017A691A4290B040C538A5.d.3C369E05441BA347DC7BB38FE822BEB0.e.1039/click - {}
COMMAND: GET /session/b26d351fd48d9bf18d1747792d872463/screenshot - {}
RESULT: {}
RESULT: {}
COMMAND: GET /session/b26d351fd48d9bf18d1747792d872463/screenshot - {}
COMMAND: POST /session/b26d351fd48d9bf18d1747792d872463/execute/async - {"script":"<script> [1562 bytes]","args":[{"selector":{"id":"application-managepartners-display-component---NewPartner--addressDetailDetailsName1","interaction":{"idSuffix":"inner"}},"wdio_ui5_key":"applicationmanagepartners-display-component---NewPartner--addressDetailDetailsName1"}]}
RESULT: {}
RESULT: {}
RESULT: {"script":"<script> [1562 bytes]","args":[{"selector":{"id":"application-managepartners-display-component---NewPartner--addressDetailDetailsName1","interaction":{"idSuffix":"inner"}},"wdio_ui5_key":"applicationmanagepartners-display-component---NewPartner--addressDetailDetailsName1"}]}
RESULT: undefined
COMMAND: POST /session/b26d351fd48d9bf18d1747792d872463/execute/async - {"script":"<script> [776 bytes]","args":[{"enterText":"External Partner WDIO","selector":{"id":"application-managepartners-display-component---NewPartner--addressDetailDetailsName1","interaction":{"idSuffix":"inner"}},"clearTextFirst":true,"interactionType":"ENTER_TEXT"}]}
RESULT: {"script":"<script> [776 bytes]","args":[{"enterText":"External Partner WDIO","selector":{"id":"application-managepartners-display-component---NewPartner--addressDetailDetailsName1","interaction":{"idSuffix":"inner"}},"clearTextFirst":true,"interactionType":"ENTER_TEXT"}]}
COMMAND: POST /session/b26d351fd48d9bf18d1747792d872463/execute/async - {"script":"<script> [1562 bytes]","args":[{"selector":{"id":"application-managepartners-display-component---NewPartner--addressDetailDetailsLanguage-arrow"},"wdio_ui5_key":"applicationmanagepartners-display-component---NewPartner--addressDetailDetailsLanguage-arrow"}]}
RESULT: {"script":"<script> [1562 bytes]","args":[{"selector":{"id":"application-managepartners-display-component---NewPartner--addressDetailDetailsLanguage-arrow"},"wdio_ui5_key":"applicationmanagepartners-display-component---NewPartner--addressDetailDetailsLanguage-arrow"}]}
RESULT: undefined
COMMAND: POST /session/b26d351fd48d9bf18d1747792d872463/element - {"using":"xpath","value":"//*[@id=\"application-managepartners-display-component---NewPartner--addressDetailDetailsLanguage-arrow\"]"}
RESULT: {"using":"xpath","value":"//*[@id=\"application-managepartners-display-component---NewPartner--addressDetailDetailsLanguage-arrow\"]"}
COMMAND: POST /session/b26d351fd48d9bf18d1747792d872463/element/f.DDB7B01D6F017A691A4290B040C538A5.d.3C369E05441BA347DC7BB38FE822BEB0.e.1481/click - {}
RESULT: {}
COMMAND: POST /session/b26d351fd48d9bf18d1747792d872463/element - {"using":"xpath","value":"//span[contains(text(), \"English\")]"}
COMMAND: GET /session/b26d351fd48d9bf18d1747792d872463/screenshot - {}
RESULT: {"using":"xpath","value":"//span[contains(text(), \"English\")]"}
COMMAND: POST /session/b26d351fd48d9bf18d1747792d872463/element/f.DDB7B01D6F017A691A4290B040C538A5.d.3C369E05441BA347DC7BB38FE822BEB0.e.1482/click - {}
RESULT: {}
RESULT: {}
COMMAND: GET /session/b26d351fd48d9bf18d1747792d872463/screenshot - {}
RESULT: {}
COMMAND: POST /session/b26d351fd48d9bf18d1747792d872463/execute/async - {"script":"<script> [1562 bytes]","args":[{"selector":{"id":"application-managepartners-display-component---NewPartner--addressDetailDetailsCity1","interaction":{"idSuffix":"inner"}},"wdio_ui5_key":"applicationmanagepartners-display-component---NewPartner--addressDetailDetailsCity1"}]}
RESULT: {"script":"<script> [1562 bytes]","args":[{"selector":{"id":"application-managepartners-display-component---NewPartner--addressDetailDetailsCity1","interaction":{"idSuffix":"inner"}},"wdio_ui5_key":"applicationmanagepartners-display-component---NewPartner--addressDetailDetailsCity1"}]}
RESULT: undefined
COMMAND: POST /session/b26d351fd48d9bf18d1747792d872463/execute/async - {"script":"<script> [776 bytes]","args":[{"enterText":"Rosario","selector":{"id":"application-managepartners-display-component---NewPartner--addressDetailDetailsCity1","interaction":{"idSuffix":"inner"}},"clearTextFirst":true,"interactionType":"ENTER_TEXT"}]}
RESULT: {"script":"<script> [776 bytes]","args":[{"enterText":"Rosario","selector":{"id":"application-managepartners-display-component---NewPartner--addressDetailDetailsCity1","interaction":{"idSuffix":"inner"}},"clearTextFirst":true,"interactionType":"ENTER_TEXT"}]}
COMMAND: POST /session/b26d351fd48d9bf18d1747792d872463/execute/async - {"script":"<script> [1562 bytes]","args":[{"selector":{"id":"application-managepartners-display-component---NewPartner--addressDetailDetailsCountry-arrow"},"wdio_ui5_key":"applicationmanagepartners-display-component---NewPartner--addressDetailDetailsCountry-arrow"}]}
RESULT: {"script":"<script> [1562 bytes]","args":[{"selector":{"id":"application-managepartners-display-component---NewPartner--addressDetailDetailsCountry-arrow"},"wdio_ui5_key":"applicationmanagepartners-display-component---NewPartner--addressDetailDetailsCountry-arrow"}]}
RESULT: undefined
COMMAND: POST /session/b26d351fd48d9bf18d1747792d872463/element - {"using":"xpath","value":"//*[@id=\"application-managepartners-display-component---NewPartner--addressDetailDetailsCountry-arrow\"]"}
RESULT: {"using":"xpath","value":"//*[@id=\"application-managepartners-display-component---NewPartner--addressDetailDetailsCountry-arrow\"]"}
COMMAND: POST /session/b26d351fd48d9bf18d1747792d872463/element/f.DDB7B01D6F017A691A4290B040C538A5.d.3C369E05441BA347DC7BB38FE822BEB0.e.1468/click - {}
RESULT: {}
COMMAND: POST /session/b26d351fd48d9bf18d1747792d872463/element - {"using":"xpath","value":"//span[contains(text(), \"Argentina\")]"}
COMMAND: GET /session/b26d351fd48d9bf18d1747792d872463/screenshot - {}
RESULT: {"using":"xpath","value":"//span[contains(text(), \"Argentina\")]"}
COMMAND: POST /session/b26d351fd48d9bf18d1747792d872463/element/f.DDB7B01D6F017A691A4290B040C538A5.d.3C369E05441BA347DC7BB38FE822BEB0.e.1484/click - {}
RESULT: {}
RESULT: {}
COMMAND: GET /session/b26d351fd48d9bf18d1747792d872463/screenshot - {}
RESULT: {}
COMMAND: POST /session/b26d351fd48d9bf18d1747792d872463/element - {"using":"xpath","value":"//bdi[contains(text(), \"Commercial\")]"}
RESULT: {"using":"xpath","value":"//bdi[contains(text(), \"Commercial\")]"}
COMMAND: POST /session/b26d351fd48d9bf18d1747792d872463/element/f.DDB7B01D6F017A691A4290B040C538A5.d.3C369E05441BA347DC7BB38FE822BEB0.e.1485/click - {}
RESULT: {}
COMMAND: GET /session/b26d351fd48d9bf18d1747792d872463/screenshot - {}
RESULT: {}
COMMAND: POST /session/b26d351fd48d9bf18d1747792d872463/execute/async - {"script":"<script> [1562 bytes]","args":[{"selector":{"id":"application-managepartners-display-component---NewPartner--partnerDetailInternal-arrow"},"wdio_ui5_key":"applicationmanagepartners-display-component---NewPartner--partnerDetailInternal-arrow"}]}
RESULT: {"script":"<script> [1562 bytes]","args":[{"selector":{"id":"application-managepartners-display-component---NewPartner--partnerDetailInternal-arrow"},"wdio_ui5_key":"applicationmanagepartners-display-component---NewPartner--partnerDetailInternal-arrow"}]}
RESULT: undefined
COMMAND: POST /session/b26d351fd48d9bf18d1747792d872463/element - {"using":"xpath","value":"//*[@id=\"application-managepartners-display-component---NewPartner--partnerDetailInternal-arrow\"]"}
RESULT: {"using":"xpath","value":"//*[@id=\"application-managepartners-display-component---NewPartner--partnerDetailInternal-arrow\"]"}
COMMAND: POST /session/b26d351fd48d9bf18d1747792d872463/element/f.DDB7B01D6F017A691A4290B040C538A5.d.3C369E05441BA347DC7BB38FE822BEB0.e.1491/click - {}
RESULT: {}
COMMAND: POST /session/b26d351fd48d9bf18d1747792d872463/element - {"using":"xpath","value":"//span[contains(text(), \"External partner\")]"}
COMMAND: GET /session/b26d351fd48d9bf18d1747792d872463/screenshot - {}
RESULT: {"using":"xpath","value":"//span[contains(text(), \"External partner\")]"}
COMMAND: POST /session/b26d351fd48d9bf18d1747792d872463/element/f.DDB7B01D6F017A691A4290B040C538A5.d.3C369E05441BA347DC7BB38FE822BEB0.e.1494/click - {}
RESULT: {}
RESULT: {}
COMMAND: POST /session/b26d351fd48d9bf18d1747792d872463/execute/async - {"script":"<script> [1562 bytes]","args":[{"selector":{"id":"application-managepartners-display-component---NewPartner--partnerDetailsCurrency-arrow"},"wdio_ui5_key":"applicationmanagepartners-display-component---NewPartner--partnerDetailsCurrency-arrow"}]}
COMMAND: GET /session/b26d351fd48d9bf18d1747792d872463/screenshot - {}
RESULT: {"script":"<script> [1562 bytes]","args":[{"selector":{"id":"application-managepartners-display-component---NewPartner--partnerDetailsCurrency-arrow"},"wdio_ui5_key":"applicationmanagepartners-display-component---NewPartner--partnerDetailsCurrency-arrow"}]}
RESULT: undefined
COMMAND: POST /session/b26d351fd48d9bf18d1747792d872463/element - {"using":"xpath","value":"//*[@id=\"application-managepartners-display-component---NewPartner--partnerDetailsCurrency-arrow\"]"}
RESULT: {}
RESULT: {"using":"xpath","value":"//*[@id=\"application-managepartners-display-component---NewPartner--partnerDetailsCurrency-arrow\"]"}
COMMAND: POST /session/b26d351fd48d9bf18d1747792d872463/element/f.DDB7B01D6F017A691A4290B040C538A5.d.3C369E05441BA347DC7BB38FE822BEB0.e.1499/click - {}
RESULT: {}
COMMAND: POST /session/b26d351fd48d9bf18d1747792d872463/element - {"using":"xpath","value":"//span[contains(text(), \"US Dollar\")]"}
COMMAND: GET /session/b26d351fd48d9bf18d1747792d872463/screenshot - {}
RESULT: {"using":"xpath","value":"//span[contains(text(), \"US Dollar\")]"}
COMMAND: POST /session/b26d351fd48d9bf18d1747792d872463/element/f.DDB7B01D6F017A691A4290B040C538A5.d.3C369E05441BA347DC7BB38FE822BEB0.e.1500/click - {}
RESULT: {}
RESULT: {}
COMMAND: GET /session/b26d351fd48d9bf18d1747792d872463/screenshot - {}
RESULT: {}
COMMAND: POST /session/b26d351fd48d9bf18d1747792d872463/element - {"using":"xpath","value":"//input[@id=\"application-managepartners-display-component---NewPartner--companyCodeComboBox-inner\"]"}
RESULT: {"using":"xpath","value":"//input[@id=\"application-managepartners-display-component---NewPartner--companyCodeComboBox-inner\"]"}
COMMAND: POST /session/b26d351fd48d9bf18d1747792d872463/element/f.DDB7B01D6F017A691A4290B040C538A5.d.3C369E05441BA347DC7BB38FE822BEB0.e.1350/clear - {}
RESULT: {}
COMMAND: POST /session/b26d351fd48d9bf18d1747792d872463/element/f.DDB7B01D6F017A691A4290B040C538A5.d.3C369E05441BA347DC7BB38FE822BEB0.e.1350/value - {"text":"C002"}
COMMAND: GET /session/b26d351fd48d9bf18d1747792d872463/screenshot - {}
RESULT: {"text":"C002"}
COMMAND: GET /session/b26d351fd48d9bf18d1747792d872463/screenshot - {}
RESULT: {}
RESULT: {}
COMMAND: POST /session/b26d351fd48d9bf18d1747792d872463/element - {"using":"xpath","value":"//li[.//span[text()= \"C002\"]]"}
RESULT: {"using":"xpath","value":"//li[.//span[text()= \"C002\"]]"}
COMMAND: POST /session/b26d351fd48d9bf18d1747792d872463/element/f.DDB7B01D6F017A691A4290B040C538A5.d.3C369E05441BA347DC7BB38FE822BEB0.e.1504/click - {}
RESULT: {}
COMMAND: GET /session/b26d351fd48d9bf18d1747792d872463/screenshot - {}
RESULT: {}
COMMAND: POST /session/b26d351fd48d9bf18d1747792d872463/execute/async - {"script":"<script> [1562 bytes]","args":[{"selector":{"id":"application-managepartners-display-component---NewPartner--btnAddTableRow-img"},"wdio_ui5_key":"applicationmanagepartners-display-component---NewPartner--btnAddTableRow-img"}]}
RESULT: {"script":"<script> [1562 bytes]","args":[{"selector":{"id":"application-managepartners-display-component---NewPartner--btnAddTableRow-img"},"wdio_ui5_key":"applicationmanagepartners-display-component---NewPartner--btnAddTableRow-img"}]}
RESULT: undefined
COMMAND: POST /session/b26d351fd48d9bf18d1747792d872463/element - {"using":"xpath","value":"//*[@id=\"application-managepartners-display-component---NewPartner--btnAddTableRow-img\"]"}
RESULT: {"using":"xpath","value":"//*[@id=\"application-managepartners-display-component---NewPartner--btnAddTableRow-img\"]"}
COMMAND: POST /session/b26d351fd48d9bf18d1747792d872463/element/f.DDB7B01D6F017A691A4290B040C538A5.d.3C369E05441BA347DC7BB38FE822BEB0.e.1505/click - {}
RESULT: {}
COMMAND: GET /session/b26d351fd48d9bf18d1747792d872463/screenshot - {}
RESULT: {}
COMMAND: POST /session/b26d351fd48d9bf18d1747792d872463/element - {"using":"xpath","value":"//input[@id=\"application-managepartners-display-component---NewPartner--assignmentYard-application-managepartners-display-component---NewPartner--assignmentsTable-0-inner\"]"}
RESULT: {"using":"xpath","value":"//input[@id=\"application-managepartners-display-component---NewPartner--assignmentYard-application-managepartners-display-component---NewPartner--assignmentsTable-0-inner\"]"}
COMMAND: POST /session/b26d351fd48d9bf18d1747792d872463/element/f.DDB7B01D6F017A691A4290B040C538A5.d.3C369E05441BA347DC7BB38FE822BEB0.e.1508/clear - {}
RESULT: {}
COMMAND: POST /session/b26d351fd48d9bf18d1747792d872463/element/f.DDB7B01D6F017A691A4290B040C538A5.d.3C369E05441BA347DC7BB38FE822BEB0.e.1508/value - {"text":"669"}
COMMAND: GET /session/b26d351fd48d9bf18d1747792d872463/screenshot - {}
RESULT: {"text":"669"}
COMMAND: GET /session/b26d351fd48d9bf18d1747792d872463/screenshot - {}
RESULT: {}
RESULT: {}
COMMAND: POST /session/b26d351fd48d9bf18d1747792d872463/element - {"using":"xpath","value":"//li[.//span[text()='669']]"}
RESULT: {"using":"xpath","value":"//li[.//span[text()='669']]"}
COMMAND: POST /session/b26d351fd48d9bf18d1747792d872463/element/f.DDB7B01D6F017A691A4290B040C538A5.d.3C369E05441BA347DC7BB38FE822BEB0.e.1516/click - {}
RESULT: {}
COMMAND: GET /session/b26d351fd48d9bf18d1747792d872463/screenshot - {}
RESULT: {}
COMMAND: POST /session/b26d351fd48d9bf18d1747792d872463/actions - {"actions":[{"id":"action2","type":"key","parameters":{},"actions":[{"type":"keyDown","value":""},{"type":"pause","duration":10},{"type":"keyUp","value":""}]}]}
RESULT: {"actions":[{"id":"action2","type":"key","parameters":{},"actions":[{"type":"keyDown","value":""},{"type":"pause","duration":10},{"type":"keyUp","value":""}]}]}
COMMAND: POST /session/b26d351fd48d9bf18d1747792d872463/element - {"using":"xpath","value":"//td[contains(@id, \"assignmentsTable-0-cell2\")]/div/div"}
COMMAND: GET /session/b26d351fd48d9bf18d1747792d872463/screenshot - {}
RESULT: {"using":"xpath","value":"//td[contains(@id, \"assignmentsTable-0-cell2\")]/div/div"}
COMMAND: POST /session/b26d351fd48d9bf18d1747792d872463/element/f.DDB7B01D6F017A691A4290B040C538A5.d.3C369E05441BA347DC7BB38FE822BEB0.e.1519/click - {}
RESULT: {}
RESULT: {}
COMMAND: GET /session/b26d351fd48d9bf18d1747792d872463/screenshot - {}
RESULT: {}
COMMAND: POST /session/b26d351fd48d9bf18d1747792d872463/element - {"using":"xpath","value":"//button[@data-kt=\"saveButton\"]"}
RESULT: {"using":"xpath","value":"//button[@data-kt=\"saveButton\"]"}
COMMAND: POST /session/b26d351fd48d9bf18d1747792d872463/element/f.DDB7B01D6F017A691A4290B040C538A5.d.3C369E05441BA347DC7BB38FE822BEB0.e.1384/click - {}
RESULT: {}
COMMAND: GET /session/b26d351fd48d9bf18d1747792d872463/screenshot - {}
RESULT: {}
COMMAND: POST /session/b26d351fd48d9bf18d1747792d872463/element - {"using":"xpath","value":"//header[contains(@id, 'ObjectPageLayout-headerTitle')]/div[1]/div[2]/div[2]/span[1]"}
RESULT: {"using":"xpath","value":"//header[contains(@id, 'ObjectPageLayout-headerTitle')]/div[1]/div[2]/div[2]/span[1]"}
COMMAND: POST /session/b26d351fd48d9bf18d1747792d872463/elements - {"using":"xpath","value":"//header[contains(@id, 'ObjectPageLayout-headerTitle')]/div[1]/div[2]/div[2]/span[1]"}
RESULT: {"using":"xpath","value":"//header[contains(@id, 'ObjectPageLayout-headerTitle')]/div[1]/div[2]/div[2]/span[1]"}
COMMAND: POST /session/b26d351fd48d9bf18d1747792d872463/execute/sync - {"script":"<script> [56 bytes]","args":[{"element-6066-11e4-a52e-4f735466cecf":"f.DDB7B01D6F017A691A4290B040C538A5.d.3C369E05441BA347DC7BB38FE822BEB0.e.1682","ELEMENT":"f.DDB7B01D6F017A691A4290B040C538A5.d.3C369E05441BA347DC7BB38FE822BEB0.e.1682"}]}
RESULT: {"script":"<script> [56 bytes]","args":[{"element-6066-11e4-a52e-4f735466cecf":"f.DDB7B01D6F017A691A4290B040C538A5.d.3C369E05441BA347DC7BB38FE822BEB0.e.1682","ELEMENT":"f.DDB7B01D6F017A691A4290B040C538A5.d.3C369E05441BA347DC7BB38FE822BEB0.e.1682"}]}
COMMAND: POST /session/b26d351fd48d9bf18d1747792d872463/element - {"using":"css selector","value":"#shell-header-logo"}
COMMAND: GET /session/b26d351fd48d9bf18d1747792d872463/screenshot - {}
RESULT: {"using":"css selector","value":"#shell-header-logo"}
COMMAND: POST /session/b26d351fd48d9bf18d1747792d872463/element/f.DDB7B01D6F017A691A4290B040C538A5.d.3C369E05441BA347DC7BB38FE822BEB0.e.995/click - {}
RESULT: {}
RESULT: {}
COMMAND: GET /session/b26d351fd48d9bf18d1747792d872463/screenshot - {}
RESULT: {}
COMMAND: POST /session/b26d351fd48d9bf18d1747792d872463/execute/sync - {"script":"<script> [299 bytes]","args":[["getModel","getResource"]]}
RESULT: {"script":"<script> [299 bytes]","args":[["getModel","getResource"]]}
]]></system-out>
    </testcase>
    <testcase classname="chrome.136_0_7103_93.windows.Create_masterdata_for_Yard_Overview_-_trigger_provide_US130988" name="Should create a new site" time="93.119">
      <system-out><![CDATA[
COMMAND: GET /session/b26d351fd48d9bf18d1747792d872463/screenshot - {}
COMMAND: POST /session/b26d351fd48d9bf18d1747792d872463/execute/async - {"script":"<script> [1562 bytes]","args":[{"selector":{"controlType":"sap.m.GenericTile","properties":{"header":"Manage Sites"}},"wdio_ui5_key":"sapm.GenericTile{\"header\":\"Manage Sites\"}"}]}
RESULT: {}
RESULT: {"script":"<script> [1562 bytes]","args":[{"selector":{"controlType":"sap.m.GenericTile","properties":{"header":"Manage Sites"}},"wdio_ui5_key":"sapm.GenericTile{\"header\":\"Manage Sites\"}"}]}
RESULT: undefined
COMMAND: POST /session/b26d351fd48d9bf18d1747792d872463/element - {"using":"xpath","value":"//*[@id=\"__tile40\"]"}
RESULT: {"using":"xpath","value":"//*[@id=\"__tile40\"]"}
COMMAND: POST /session/b26d351fd48d9bf18d1747792d872463/element/f.DDB7B01D6F017A691A4290B040C538A5.d.3C369E05441BA347DC7BB38FE822BEB0.e.127/click - {}
RESULT: {}
COMMAND: GET /session/b26d351fd48d9bf18d1747792d872463/screenshot - {}
RESULT: {}
COMMAND: POST /session/b26d351fd48d9bf18d1747792d872463/elements - {"using":"xpath","value":"//span[text()='Error']"}
RESULT: {"using":"xpath","value":"//span[text()='Error']"}
COMMAND: POST /session/b26d351fd48d9bf18d1747792d872463/element - {"using":"xpath","value":"//button[@data-kt=\"addOverflowToolbarButton\"]"}
RESULT: {"using":"xpath","value":"//button[@data-kt=\"addOverflowToolbarButton\"]"}
COMMAND: POST /session/b26d351fd48d9bf18d1747792d872463/elements - {"using":"xpath","value":"//button[@data-kt=\"addOverflowToolbarButton\"]"}
RESULT: {"using":"xpath","value":"//button[@data-kt=\"addOverflowToolbarButton\"]"}
COMMAND: POST /session/b26d351fd48d9bf18d1747792d872463/execute/sync - {"script":"<script> [8489 bytes]","args":[{"element-6066-11e4-a52e-4f735466cecf":"f.DDB7B01D6F017A691A4290B040C538A5.d.3C369E05441BA347DC7BB38FE822BEB0.e.1729","ELEMENT":"f.DDB7B01D6F017A691A4290B040C538A5.d.3C369E05441BA347DC7BB38FE822BEB0.e.1729"}]}
RESULT: {"script":"<script> [8489 bytes]","args":[{"element-6066-11e4-a52e-4f735466cecf":"f.DDB7B01D6F017A691A4290B040C538A5.d.3C369E05441BA347DC7BB38FE822BEB0.e.1729","ELEMENT":"f.DDB7B01D6F017A691A4290B040C538A5.d.3C369E05441BA347DC7BB38FE822BEB0.e.1729"}]}
COMMAND: GET /session/b26d351fd48d9bf18d1747792d872463/element/f.DDB7B01D6F017A691A4290B040C538A5.d.3C369E05441BA347DC7BB38FE822BEB0.e.1729/enabled - {}
COMMAND: GET /session/b26d351fd48d9bf18d1747792d872463/screenshot - {}
RESULT: {}
COMMAND: POST /session/b26d351fd48d9bf18d1747792d872463/execute/sync - {"script":"<script> [8489 bytes]","args":[{"element-6066-11e4-a52e-4f735466cecf":"f.DDB7B01D6F017A691A4290B040C538A5.d.3C369E05441BA347DC7BB38FE822BEB0.e.1729","ELEMENT":"f.DDB7B01D6F017A691A4290B040C538A5.d.3C369E05441BA347DC7BB38FE822BEB0.e.1729"}]}
COMMAND: GET /session/b26d351fd48d9bf18d1747792d872463/screenshot - {}
RESULT: {}
RESULT: {"script":"<script> [8489 bytes]","args":[{"element-6066-11e4-a52e-4f735466cecf":"f.DDB7B01D6F017A691A4290B040C538A5.d.3C369E05441BA347DC7BB38FE822BEB0.e.1729","ELEMENT":"f.DDB7B01D6F017A691A4290B040C538A5.d.3C369E05441BA347DC7BB38FE822BEB0.e.1729"}]}
COMMAND: POST /session/b26d351fd48d9bf18d1747792d872463/execute/sync - {"script":"<script> [5351 bytes]","args":[{"element-6066-11e4-a52e-4f735466cecf":"f.DDB7B01D6F017A691A4290B040C538A5.d.3C369E05441BA347DC7BB38FE822BEB0.e.1729","ELEMENT":"f.DDB7B01D6F017A691A4290B040C538A5.d.3C369E05441BA347DC7BB38FE822BEB0.e.1729"}]}
COMMAND: GET /session/b26d351fd48d9bf18d1747792d872463/screenshot - {}
RESULT: {}
RESULT: {"script":"<script> [5351 bytes]","args":[{"element-6066-11e4-a52e-4f735466cecf":"f.DDB7B01D6F017A691A4290B040C538A5.d.3C369E05441BA347DC7BB38FE822BEB0.e.1729","ELEMENT":"f.DDB7B01D6F017A691A4290B040C538A5.d.3C369E05441BA347DC7BB38FE822BEB0.e.1729"}]}
COMMAND: POST /session/b26d351fd48d9bf18d1747792d872463/element/f.DDB7B01D6F017A691A4290B040C538A5.d.3C369E05441BA347DC7BB38FE822BEB0.e.1729/click - {}
COMMAND: GET /session/b26d351fd48d9bf18d1747792d872463/screenshot - {}
RESULT: {}
RESULT: {}
COMMAND: GET /session/b26d351fd48d9bf18d1747792d872463/screenshot - {}
COMMAND: POST /session/b26d351fd48d9bf18d1747792d872463/element - {"using":"xpath","value":"//input[@id=\"application-managesites-display-component---NewSite--siteId-inner\"]"}
RESULT: {}
RESULT: {}
RESULT: {"using":"xpath","value":"//input[@id=\"application-managesites-display-component---NewSite--siteId-inner\"]"}
COMMAND: POST /session/b26d351fd48d9bf18d1747792d872463/element - {"using":"xpath","value":"//input[@id=\"application-managesites-display-component---NewSite--siteId-inner\"]"}
RESULT: {"using":"xpath","value":"//input[@id=\"application-managesites-display-component---NewSite--siteId-inner\"]"}
COMMAND: POST /session/b26d351fd48d9bf18d1747792d872463/execute/async - {"script":"<script> [1562 bytes]","args":[{"selector":{"id":"application-managesites-display-component---NewSite--addressDetailDetailsName1","interaction":{"idSuffix":"inner"}},"wdio_ui5_key":"applicationmanagesites-display-component---NewSite--addressDetailDetailsName1"}]}
RESULT: {"script":"<script> [1562 bytes]","args":[{"selector":{"id":"application-managesites-display-component---NewSite--addressDetailDetailsName1","interaction":{"idSuffix":"inner"}},"wdio_ui5_key":"applicationmanagesites-display-component---NewSite--addressDetailDetailsName1"}]}
RESULT: undefined
COMMAND: POST /session/b26d351fd48d9bf18d1747792d872463/execute/async - {"script":"<script> [776 bytes]","args":[{"enterText":"Other Type Site WDIO","selector":{"id":"application-managesites-display-component---NewSite--addressDetailDetailsName1","interaction":{"idSuffix":"inner"}},"clearTextFirst":true,"interactionType":"ENTER_TEXT"}]}
RESULT: {"script":"<script> [776 bytes]","args":[{"enterText":"Other Type Site WDIO","selector":{"id":"application-managesites-display-component---NewSite--addressDetailDetailsName1","interaction":{"idSuffix":"inner"}},"clearTextFirst":true,"interactionType":"ENTER_TEXT"}]}
COMMAND: POST /session/b26d351fd48d9bf18d1747792d872463/execute/async - {"script":"<script> [1562 bytes]","args":[{"selector":{"id":"application-managesites-display-component---NewSite--addressDetailDetailsLanguage-arrow"},"wdio_ui5_key":"applicationmanagesites-display-component---NewSite--addressDetailDetailsLanguage-arrow"}]}
RESULT: {"script":"<script> [1562 bytes]","args":[{"selector":{"id":"application-managesites-display-component---NewSite--addressDetailDetailsLanguage-arrow"},"wdio_ui5_key":"applicationmanagesites-display-component---NewSite--addressDetailDetailsLanguage-arrow"}]}
RESULT: undefined
COMMAND: POST /session/b26d351fd48d9bf18d1747792d872463/element - {"using":"xpath","value":"//*[@id=\"application-managesites-display-component---NewSite--addressDetailDetailsLanguage-arrow\"]"}
RESULT: {"using":"xpath","value":"//*[@id=\"application-managesites-display-component---NewSite--addressDetailDetailsLanguage-arrow\"]"}
COMMAND: POST /session/b26d351fd48d9bf18d1747792d872463/element/f.DDB7B01D6F017A691A4290B040C538A5.d.3C369E05441BA347DC7BB38FE822BEB0.e.2137/click - {}
RESULT: {}
COMMAND: POST /session/b26d351fd48d9bf18d1747792d872463/element - {"using":"xpath","value":"//span[contains(text(), \"English\")]"}
COMMAND: GET /session/b26d351fd48d9bf18d1747792d872463/screenshot - {}
RESULT: {"using":"xpath","value":"//span[contains(text(), \"English\")]"}
COMMAND: POST /session/b26d351fd48d9bf18d1747792d872463/element/f.DDB7B01D6F017A691A4290B040C538A5.d.3C369E05441BA347DC7BB38FE822BEB0.e.2138/click - {}
RESULT: {}
RESULT: {}
COMMAND: POST /session/b26d351fd48d9bf18d1747792d872463/execute/async - {"script":"<script> [1562 bytes]","args":[{"selector":{"id":"application-managesites-display-component---NewSite--addressDetailDetailsCity1","interaction":{"idSuffix":"inner"}},"wdio_ui5_key":"applicationmanagesites-display-component---NewSite--addressDetailDetailsCity1"}]}
COMMAND: GET /session/b26d351fd48d9bf18d1747792d872463/screenshot - {}
RESULT: {"script":"<script> [1562 bytes]","args":[{"selector":{"id":"application-managesites-display-component---NewSite--addressDetailDetailsCity1","interaction":{"idSuffix":"inner"}},"wdio_ui5_key":"applicationmanagesites-display-component---NewSite--addressDetailDetailsCity1"}]}
RESULT: undefined
COMMAND: POST /session/b26d351fd48d9bf18d1747792d872463/execute/async - {"script":"<script> [776 bytes]","args":[{"enterText":"Rosario","selector":{"id":"application-managesites-display-component---NewSite--addressDetailDetailsCity1","interaction":{"idSuffix":"inner"}},"clearTextFirst":true,"interactionType":"ENTER_TEXT"}]}
RESULT: {}
RESULT: {"script":"<script> [776 bytes]","args":[{"enterText":"Rosario","selector":{"id":"application-managesites-display-component---NewSite--addressDetailDetailsCity1","interaction":{"idSuffix":"inner"}},"clearTextFirst":true,"interactionType":"ENTER_TEXT"}]}
COMMAND: POST /session/b26d351fd48d9bf18d1747792d872463/execute/async - {"script":"<script> [1562 bytes]","args":[{"selector":{"id":"application-managesites-display-component---NewSite--addressDetailDetailsCountry-arrow"},"wdio_ui5_key":"applicationmanagesites-display-component---NewSite--addressDetailDetailsCountry-arrow"}]}
RESULT: {"script":"<script> [1562 bytes]","args":[{"selector":{"id":"application-managesites-display-component---NewSite--addressDetailDetailsCountry-arrow"},"wdio_ui5_key":"applicationmanagesites-display-component---NewSite--addressDetailDetailsCountry-arrow"}]}
RESULT: undefined
COMMAND: POST /session/b26d351fd48d9bf18d1747792d872463/element - {"using":"xpath","value":"//*[@id=\"application-managesites-display-component---NewSite--addressDetailDetailsCountry-arrow\"]"}
RESULT: {"using":"xpath","value":"//*[@id=\"application-managesites-display-component---NewSite--addressDetailDetailsCountry-arrow\"]"}
COMMAND: POST /session/b26d351fd48d9bf18d1747792d872463/element/f.DDB7B01D6F017A691A4290B040C538A5.d.3C369E05441BA347DC7BB38FE822BEB0.e.2140/click - {}
RESULT: {}
COMMAND: POST /session/b26d351fd48d9bf18d1747792d872463/element - {"using":"xpath","value":"//span[contains(text(), \"Argentina\")]"}
COMMAND: GET /session/b26d351fd48d9bf18d1747792d872463/screenshot - {}
RESULT: {"using":"xpath","value":"//span[contains(text(), \"Argentina\")]"}
COMMAND: POST /session/b26d351fd48d9bf18d1747792d872463/element/f.DDB7B01D6F017A691A4290B040C538A5.d.3C369E05441BA347DC7BB38FE822BEB0.e.2141/click - {}
RESULT: {}
RESULT: {}
COMMAND: GET /session/b26d351fd48d9bf18d1747792d872463/screenshot - {}
RESULT: {}
COMMAND: POST /session/b26d351fd48d9bf18d1747792d872463/execute/async - {"script":"<script> [1562 bytes]","args":[{"selector":{"id":"application-managesites-display-component---NewSite--addressEditDetailsCostObjectCstType-arrow"},"wdio_ui5_key":"applicationmanagesites-display-component---NewSite--addressEditDetailsCostObjectCstType-arrow"}]}
RESULT: {"script":"<script> [1562 bytes]","args":[{"selector":{"id":"application-managesites-display-component---NewSite--addressEditDetailsCostObjectCstType-arrow"},"wdio_ui5_key":"applicationmanagesites-display-component---NewSite--addressEditDetailsCostObjectCstType-arrow"}]}
RESULT: undefined
COMMAND: POST /session/b26d351fd48d9bf18d1747792d872463/element - {"using":"xpath","value":"//*[@id=\"application-managesites-display-component---NewSite--addressEditDetailsCostObjectCstType-arrow\"]"}
RESULT: {"using":"xpath","value":"//*[@id=\"application-managesites-display-component---NewSite--addressEditDetailsCostObjectCstType-arrow\"]"}
COMMAND: POST /session/b26d351fd48d9bf18d1747792d872463/element/f.DDB7B01D6F017A691A4290B040C538A5.d.3C369E05441BA347DC7BB38FE822BEB0.e.2143/click - {}
RESULT: {}
COMMAND: POST /session/b26d351fd48d9bf18d1747792d872463/element - {"using":"xpath","value":"//span[contains(text(), \"Cost Center\")]"}
COMMAND: GET /session/b26d351fd48d9bf18d1747792d872463/screenshot - {}
RESULT: {"using":"xpath","value":"//span[contains(text(), \"Cost Center\")]"}
COMMAND: POST /session/b26d351fd48d9bf18d1747792d872463/element/f.DDB7B01D6F017A691A4290B040C538A5.d.3C369E05441BA347DC7BB38FE822BEB0.e.2144/click - {}
RESULT: {}
RESULT: {}
COMMAND: GET /session/b26d351fd48d9bf18d1747792d872463/screenshot - {}
RESULT: {}
COMMAND: POST /session/b26d351fd48d9bf18d1747792d872463/element - {"using":"xpath","value":"//span[@id=\"application-managesites-display-component---NewSite--addressNewCostObjectCstID-vhi\"]"}
RESULT: {"using":"xpath","value":"//span[@id=\"application-managesites-display-component---NewSite--addressNewCostObjectCstID-vhi\"]"}
COMMAND: POST /session/b26d351fd48d9bf18d1747792d872463/execute/sync - {"script":"<script> [8489 bytes]","args":[{"element-6066-11e4-a52e-4f735466cecf":"f.DDB7B01D6F017A691A4290B040C538A5.d.3C369E05441BA347DC7BB38FE822BEB0.e.2149","ELEMENT":"f.DDB7B01D6F017A691A4290B040C538A5.d.3C369E05441BA347DC7BB38FE822BEB0.e.2149"}]}
RESULT: {"script":"<script> [8489 bytes]","args":[{"element-6066-11e4-a52e-4f735466cecf":"f.DDB7B01D6F017A691A4290B040C538A5.d.3C369E05441BA347DC7BB38FE822BEB0.e.2149","ELEMENT":"f.DDB7B01D6F017A691A4290B040C538A5.d.3C369E05441BA347DC7BB38FE822BEB0.e.2149"}]}
COMMAND: POST /session/b26d351fd48d9bf18d1747792d872463/execute/async - {"script":"<script> [1562 bytes]","args":[{"selector":{"id":"application-managesites-display-component---NewSite--addressNewCostObjectCstID-vhi"},"wdio_ui5_key":"applicationmanagesites-display-component---NewSite--addressNewCostObjectCstID-vhi"}]}
COMMAND: GET /session/b26d351fd48d9bf18d1747792d872463/screenshot - {}
RESULT: {"script":"<script> [1562 bytes]","args":[{"selector":{"id":"application-managesites-display-component---NewSite--addressNewCostObjectCstID-vhi"},"wdio_ui5_key":"applicationmanagesites-display-component---NewSite--addressNewCostObjectCstID-vhi"}]}
RESULT: undefined
COMMAND: POST /session/b26d351fd48d9bf18d1747792d872463/element - {"using":"xpath","value":"//*[@id=\"application-managesites-display-component---NewSite--addressNewCostObjectCstID-vhi\"]"}
RESULT: {}
RESULT: {"using":"xpath","value":"//*[@id=\"application-managesites-display-component---NewSite--addressNewCostObjectCstID-vhi\"]"}
COMMAND: POST /session/b26d351fd48d9bf18d1747792d872463/element/f.DDB7B01D6F017A691A4290B040C538A5.d.3C369E05441BA347DC7BB38FE822BEB0.e.2149/click - {}
RESULT: {}
COMMAND: GET /session/b26d351fd48d9bf18d1747792d872463/screenshot - {}
RESULT: {}
RESULT: undefined
COMMAND: POST /session/b26d351fd48d9bf18d1747792d872463/execute/async - {"script":"<script> [776 bytes]","args":[{"enterText":"10001013","selector":{"controlType":"sap.m.SearchField","properties":{"placeholder":"Search"},"searchOpenDialogs":true,"interaction":{"idSuffix":"I"}},"clearTextFirst":true,"interactionType":"ENTER_TEXT"}]}
RESULT: {"script":"<script> [776 bytes]","args":[{"enterText":"10001013","selector":{"controlType":"sap.m.SearchField","properties":{"placeholder":"Search"},"searchOpenDialogs":true,"interaction":{"idSuffix":"I"}},"clearTextFirst":true,"interactionType":"ENTER_TEXT"}]}
COMMAND: POST /session/b26d351fd48d9bf18d1747792d872463/actions - {"actions":[{"id":"action3","type":"key","parameters":{},"actions":[{"type":"keyDown","value":""},{"type":"pause","duration":10},{"type":"keyUp","value":""}]}]}
RESULT: {"actions":[{"id":"action3","type":"key","parameters":{},"actions":[{"type":"keyDown","value":""},{"type":"pause","duration":10},{"type":"keyUp","value":""}]}]}
COMMAND: GET /session/b26d351fd48d9bf18d1747792d872463/screenshot - {}
RESULT: {}
COMMAND: POST /session/b26d351fd48d9bf18d1747792d872463/element - {"using":"xpath","value":"//span[contains(text(), \"General Management\")]"}
RESULT: {"using":"xpath","value":"//span[contains(text(), \"General Management\")]"}
COMMAND: POST /session/b26d351fd48d9bf18d1747792d872463/element/f.DDB7B01D6F017A691A4290B040C538A5.d.3C369E05441BA347DC7BB38FE822BEB0.e.2187/click - {}
RESULT: {}
COMMAND: GET /session/b26d351fd48d9bf18d1747792d872463/screenshot - {}
RESULT: {}
COMMAND: POST /session/b26d351fd48d9bf18d1747792d872463/element - {"using":"xpath","value":"//bdi[contains(text(), \"OK\")]"}
RESULT: {"using":"xpath","value":"//bdi[contains(text(), \"OK\")]"}
COMMAND: POST /session/b26d351fd48d9bf18d1747792d872463/element/f.DDB7B01D6F017A691A4290B040C538A5.d.3C369E05441BA347DC7BB38FE822BEB0.e.2188/click - {}
RESULT: {}
COMMAND: GET /session/b26d351fd48d9bf18d1747792d872463/screenshot - {}
RESULT: {}
COMMAND: POST /session/b26d351fd48d9bf18d1747792d872463/element - {"using":"xpath","value":"//input[@id=\"application-managesites-display-component---NewSite--addressDetailDetailsCalendar-inner\"]"}
RESULT: {"using":"xpath","value":"//input[@id=\"application-managesites-display-component---NewSite--addressDetailDetailsCalendar-inner\"]"}
COMMAND: POST /session/b26d351fd48d9bf18d1747792d872463/element/f.DDB7B01D6F017A691A4290B040C538A5.d.3C369E05441BA347DC7BB38FE822BEB0.e.1937/clear - {}
RESULT: {}
COMMAND: POST /session/b26d351fd48d9bf18d1747792d872463/element/f.DDB7B01D6F017A691A4290B040C538A5.d.3C369E05441BA347DC7BB38FE822BEB0.e.1937/value - {"text":"Unit"}
COMMAND: GET /session/b26d351fd48d9bf18d1747792d872463/screenshot - {}
RESULT: {"text":"Unit"}
COMMAND: GET /session/b26d351fd48d9bf18d1747792d872463/screenshot - {}
RESULT: {}
RESULT: {}
COMMAND: POST /session/b26d351fd48d9bf18d1747792d872463/actions - {"actions":[{"id":"action4","type":"key","parameters":{},"actions":[{"type":"keyDown","value":""},{"type":"pause","duration":10},{"type":"keyUp","value":""}]}]}
RESULT: {"actions":[{"id":"action4","type":"key","parameters":{},"actions":[{"type":"keyDown","value":""},{"type":"pause","duration":10},{"type":"keyUp","value":""}]}]}
COMMAND: POST /session/b26d351fd48d9bf18d1747792d872463/element - {"using":"xpath","value":"//input[@id=\"application-managesites-display-component---NewSite--addressDetailDetailsYard-inner\"]"}
COMMAND: GET /session/b26d351fd48d9bf18d1747792d872463/screenshot - {}
RESULT: {"using":"xpath","value":"//input[@id=\"application-managesites-display-component---NewSite--addressDetailDetailsYard-inner\"]"}
COMMAND: POST /session/b26d351fd48d9bf18d1747792d872463/element/f.DDB7B01D6F017A691A4290B040C538A5.d.3C369E05441BA347DC7BB38FE822BEB0.e.1938/clear - {}
RESULT: {}
RESULT: {}
COMMAND: POST /session/b26d351fd48d9bf18d1747792d872463/element/f.DDB7B01D6F017A691A4290B040C538A5.d.3C369E05441BA347DC7BB38FE822BEB0.e.1938/value - {"text":"669"}
COMMAND: GET /session/b26d351fd48d9bf18d1747792d872463/screenshot - {}
RESULT: {"text":"669"}
COMMAND: GET /session/b26d351fd48d9bf18d1747792d872463/screenshot - {}
RESULT: {}
RESULT: {}
COMMAND: POST /session/b26d351fd48d9bf18d1747792d872463/element - {"using":"xpath","value":"//li[.//span[text()='669']]"}
RESULT: {"using":"xpath","value":"//li[.//span[text()='669']]"}
COMMAND: POST /session/b26d351fd48d9bf18d1747792d872463/element/f.DDB7B01D6F017A691A4290B040C538A5.d.3C369E05441BA347DC7BB38FE822BEB0.e.2196/click - {}
RESULT: {}
COMMAND: GET /session/b26d351fd48d9bf18d1747792d872463/screenshot - {}
RESULT: {}
COMMAND: POST /session/b26d351fd48d9bf18d1747792d872463/element - {"using":"xpath","value":"//input[@id=\"application-managesites-display-component---NewSite--addressDetailDetailsPartner-inner\"]"}
RESULT: {"using":"xpath","value":"//input[@id=\"application-managesites-display-component---NewSite--addressDetailDetailsPartner-inner\"]"}
COMMAND: POST /session/b26d351fd48d9bf18d1747792d872463/element - {"using":"xpath","value":"//input[@id=\"application-managesites-display-component---NewSite--addressDetailDetailsPartner-inner\"]"}
RESULT: {"using":"xpath","value":"//input[@id=\"application-managesites-display-component---NewSite--addressDetailDetailsPartner-inner\"]"}
COMMAND: POST /session/b26d351fd48d9bf18d1747792d872463/element - {"using":"xpath","value":"//button[@data-kt=\"saveButton\"]"}
RESULT: {"using":"xpath","value":"//button[@data-kt=\"saveButton\"]"}
COMMAND: POST /session/b26d351fd48d9bf18d1747792d872463/element/f.DDB7B01D6F017A691A4290B040C538A5.d.3C369E05441BA347DC7BB38FE822BEB0.e.2071/click - {}
RESULT: {}
COMMAND: GET /session/b26d351fd48d9bf18d1747792d872463/screenshot - {}
RESULT: {}
COMMAND: POST /session/b26d351fd48d9bf18d1747792d872463/element - {"using":"xpath","value":"//header[contains(@id, 'ObjectPageLayout-headerTitle')]/div[1]/div[2]/div[2]/span[1]"}
RESULT: {"using":"xpath","value":"//header[contains(@id, 'ObjectPageLayout-headerTitle')]/div[1]/div[2]/div[2]/span[1]"}
COMMAND: POST /session/b26d351fd48d9bf18d1747792d872463/elements - {"using":"xpath","value":"//header[contains(@id, 'ObjectPageLayout-headerTitle')]/div[1]/div[2]/div[2]/span[1]"}
RESULT: {"using":"xpath","value":"//header[contains(@id, 'ObjectPageLayout-headerTitle')]/div[1]/div[2]/div[2]/span[1]"}
COMMAND: POST /session/b26d351fd48d9bf18d1747792d872463/execute/sync - {"script":"<script> [56 bytes]","args":[{"element-6066-11e4-a52e-4f735466cecf":"f.DDB7B01D6F017A691A4290B040C538A5.d.3C369E05441BA347DC7BB38FE822BEB0.e.2399","ELEMENT":"f.DDB7B01D6F017A691A4290B040C538A5.d.3C369E05441BA347DC7BB38FE822BEB0.e.2399"}]}
RESULT: {"script":"<script> [56 bytes]","args":[{"element-6066-11e4-a52e-4f735466cecf":"f.DDB7B01D6F017A691A4290B040C538A5.d.3C369E05441BA347DC7BB38FE822BEB0.e.2399","ELEMENT":"f.DDB7B01D6F017A691A4290B040C538A5.d.3C369E05441BA347DC7BB38FE822BEB0.e.2399"}]}
COMMAND: POST /session/b26d351fd48d9bf18d1747792d872463/element - {"using":"css selector","value":"#shell-header-logo"}
COMMAND: GET /session/b26d351fd48d9bf18d1747792d872463/screenshot - {}
RESULT: {"using":"css selector","value":"#shell-header-logo"}
COMMAND: POST /session/b26d351fd48d9bf18d1747792d872463/element/f.DDB7B01D6F017A691A4290B040C538A5.d.3C369E05441BA347DC7BB38FE822BEB0.e.1687/click - {}
RESULT: {}
RESULT: {}
COMMAND: GET /session/b26d351fd48d9bf18d1747792d872463/screenshot - {}
RESULT: {}
COMMAND: POST /session/b26d351fd48d9bf18d1747792d872463/execute/sync - {"script":"<script> [299 bytes]","args":[["getModel","getResource"]]}
RESULT: {"script":"<script> [299 bytes]","args":[["getModel","getResource"]]}
]]></system-out>
    </testcase>
    <testcase classname="chrome.136_0_7103_93.windows.Create_masterdata_for_Yard_Overview_-_trigger_provide_US130988" name="Should create a new material" time="112.641">
      <system-out><![CDATA[
COMMAND: POST /session/b26d351fd48d9bf18d1747792d872463/execute/async - {"script":"<script> [1562 bytes]","args":[{"selector":{"controlType":"sap.m.GenericTile","properties":{"header":"Manage Resources"}},"wdio_ui5_key":"sapm.GenericTile{\"header\":\"Manage Resources\"}"}]}
COMMAND: GET /session/b26d351fd48d9bf18d1747792d872463/screenshot - {}
RESULT: {"script":"<script> [1562 bytes]","args":[{"selector":{"controlType":"sap.m.GenericTile","properties":{"header":"Manage Resources"}},"wdio_ui5_key":"sapm.GenericTile{\"header\":\"Manage Resources\"}"}]}
RESULT: undefined
COMMAND: POST /session/b26d351fd48d9bf18d1747792d872463/element - {"using":"xpath","value":"//*[@id=\"__tile39\"]"}
RESULT: {}
RESULT: {"using":"xpath","value":"//*[@id=\"__tile39\"]"}
COMMAND: POST /session/b26d351fd48d9bf18d1747792d872463/element/f.DDB7B01D6F017A691A4290B040C538A5.d.3C369E05441BA347DC7BB38FE822BEB0.e.124/click - {}
RESULT: {}
COMMAND: GET /session/b26d351fd48d9bf18d1747792d872463/screenshot - {}
RESULT: {}
COMMAND: POST /session/b26d351fd48d9bf18d1747792d872463/elements - {"using":"xpath","value":"//span[text()='Error']"}
RESULT: {"using":"xpath","value":"//span[text()='Error']"}
COMMAND: POST /session/b26d351fd48d9bf18d1747792d872463/element - {"using":"xpath","value":"//button[@data-kt=\"addNewRUOverflowToolbarButton\"]"}
RESULT: {"using":"xpath","value":"//button[@data-kt=\"addNewRUOverflowToolbarButton\"]"}
COMMAND: POST /session/b26d351fd48d9bf18d1747792d872463/elements - {"using":"xpath","value":"//button[@data-kt=\"addNewRUOverflowToolbarButton\"]"}
RESULT: {"using":"xpath","value":"//button[@data-kt=\"addNewRUOverflowToolbarButton\"]"}
COMMAND: POST /session/b26d351fd48d9bf18d1747792d872463/execute/sync - {"script":"<script> [8489 bytes]","args":[{"element-6066-11e4-a52e-4f735466cecf":"f.DDB7B01D6F017A691A4290B040C538A5.d.3C369E05441BA347DC7BB38FE822BEB0.e.2446","ELEMENT":"f.DDB7B01D6F017A691A4290B040C538A5.d.3C369E05441BA347DC7BB38FE822BEB0.e.2446"}]}
RESULT: {"script":"<script> [8489 bytes]","args":[{"element-6066-11e4-a52e-4f735466cecf":"f.DDB7B01D6F017A691A4290B040C538A5.d.3C369E05441BA347DC7BB38FE822BEB0.e.2446","ELEMENT":"f.DDB7B01D6F017A691A4290B040C538A5.d.3C369E05441BA347DC7BB38FE822BEB0.e.2446"}]}
COMMAND: GET /session/b26d351fd48d9bf18d1747792d872463/element/f.DDB7B01D6F017A691A4290B040C538A5.d.3C369E05441BA347DC7BB38FE822BEB0.e.2446/enabled - {}
COMMAND: GET /session/b26d351fd48d9bf18d1747792d872463/screenshot - {}
RESULT: {}
COMMAND: POST /session/b26d351fd48d9bf18d1747792d872463/execute/sync - {"script":"<script> [8489 bytes]","args":[{"element-6066-11e4-a52e-4f735466cecf":"f.DDB7B01D6F017A691A4290B040C538A5.d.3C369E05441BA347DC7BB38FE822BEB0.e.2446","ELEMENT":"f.DDB7B01D6F017A691A4290B040C538A5.d.3C369E05441BA347DC7BB38FE822BEB0.e.2446"}]}
COMMAND: GET /session/b26d351fd48d9bf18d1747792d872463/screenshot - {}
RESULT: {}
RESULT: {"script":"<script> [8489 bytes]","args":[{"element-6066-11e4-a52e-4f735466cecf":"f.DDB7B01D6F017A691A4290B040C538A5.d.3C369E05441BA347DC7BB38FE822BEB0.e.2446","ELEMENT":"f.DDB7B01D6F017A691A4290B040C538A5.d.3C369E05441BA347DC7BB38FE822BEB0.e.2446"}]}
COMMAND: POST /session/b26d351fd48d9bf18d1747792d872463/execute/sync - {"script":"<script> [5351 bytes]","args":[{"element-6066-11e4-a52e-4f735466cecf":"f.DDB7B01D6F017A691A4290B040C538A5.d.3C369E05441BA347DC7BB38FE822BEB0.e.2446","ELEMENT":"f.DDB7B01D6F017A691A4290B040C538A5.d.3C369E05441BA347DC7BB38FE822BEB0.e.2446"}]}
COMMAND: GET /session/b26d351fd48d9bf18d1747792d872463/screenshot - {}
RESULT: {}
RESULT: {"script":"<script> [5351 bytes]","args":[{"element-6066-11e4-a52e-4f735466cecf":"f.DDB7B01D6F017A691A4290B040C538A5.d.3C369E05441BA347DC7BB38FE822BEB0.e.2446","ELEMENT":"f.DDB7B01D6F017A691A4290B040C538A5.d.3C369E05441BA347DC7BB38FE822BEB0.e.2446"}]}
COMMAND: POST /session/b26d351fd48d9bf18d1747792d872463/element/f.DDB7B01D6F017A691A4290B040C538A5.d.3C369E05441BA347DC7BB38FE822BEB0.e.2446/click - {}
COMMAND: GET /session/b26d351fd48d9bf18d1747792d872463/screenshot - {}
RESULT: {}
RESULT: {}
COMMAND: GET /session/b26d351fd48d9bf18d1747792d872463/screenshot - {}
COMMAND: POST /session/b26d351fd48d9bf18d1747792d872463/execute/async - {"script":"<script> [1562 bytes]","args":[{"selector":{"id":"application-manageresources-display-component---newResourceUnit--TYPE-arrow"},"wdio_ui5_key":"applicationmanageresources-display-component---newResourceUnit--TYPE-arrow"}]}
RESULT: {}
RESULT: {}
RESULT: {"script":"<script> [1562 bytes]","args":[{"selector":{"id":"application-manageresources-display-component---newResourceUnit--TYPE-arrow"},"wdio_ui5_key":"applicationmanageresources-display-component---newResourceUnit--TYPE-arrow"}]}
RESULT: undefined
COMMAND: POST /session/b26d351fd48d9bf18d1747792d872463/element - {"using":"xpath","value":"//*[@id=\"application-manageresources-display-component---newResourceUnit--TYPE-arrow\"]"}
RESULT: {"using":"xpath","value":"//*[@id=\"application-manageresources-display-component---newResourceUnit--TYPE-arrow\"]"}
COMMAND: POST /session/b26d351fd48d9bf18d1747792d872463/element/f.DDB7B01D6F017A691A4290B040C538A5.d.3C369E05441BA347DC7BB38FE822BEB0.e.2805/click - {}
RESULT: {}
COMMAND: POST /session/b26d351fd48d9bf18d1747792d872463/element - {"using":"xpath","value":"//input[@id=\"application-manageresources-display-component---newResourceUnit--TYPE-inner\"]"}
COMMAND: GET /session/b26d351fd48d9bf18d1747792d872463/screenshot - {}
RESULT: {"using":"xpath","value":"//input[@id=\"application-manageresources-display-component---newResourceUnit--TYPE-inner\"]"}
COMMAND: POST /session/b26d351fd48d9bf18d1747792d872463/element/f.DDB7B01D6F017A691A4290B040C538A5.d.3C369E05441BA347DC7BB38FE822BEB0.e.2787/clear - {}
RESULT: {}
RESULT: {}
COMMAND: POST /session/b26d351fd48d9bf18d1747792d872463/element/f.DDB7B01D6F017A691A4290B040C538A5.d.3C369E05441BA347DC7BB38FE822BEB0.e.2787/value - {"text":"Material"}
COMMAND: GET /session/b26d351fd48d9bf18d1747792d872463/screenshot - {}
RESULT: {"text":"Material"}
COMMAND: GET /session/b26d351fd48d9bf18d1747792d872463/screenshot - {}
RESULT: {}
RESULT: {}
COMMAND: POST /session/b26d351fd48d9bf18d1747792d872463/actions - {"actions":[{"id":"action5","type":"key","parameters":{},"actions":[{"type":"keyDown","value":""},{"type":"pause","duration":10},{"type":"keyUp","value":""}]}]}
RESULT: {"actions":[{"id":"action5","type":"key","parameters":{},"actions":[{"type":"keyDown","value":""},{"type":"pause","duration":10},{"type":"keyUp","value":""}]}]}
COMMAND: POST /session/b26d351fd48d9bf18d1747792d872463/execute/async - {"script":"<script> [1562 bytes]","args":[{"selector":{"id":"application-manageresources-display-component---newResourceUnit--SHORT_TEXT","interaction":{"idSuffix":"inner"}},"wdio_ui5_key":"applicationmanageresources-display-component---newResourceUnit--SHORT_TEXT"}]}
COMMAND: GET /session/b26d351fd48d9bf18d1747792d872463/screenshot - {}
RESULT: {"script":"<script> [1562 bytes]","args":[{"selector":{"id":"application-manageresources-display-component---newResourceUnit--SHORT_TEXT","interaction":{"idSuffix":"inner"}},"wdio_ui5_key":"applicationmanageresources-display-component---newResourceUnit--SHORT_TEXT"}]}
RESULT: undefined
COMMAND: POST /session/b26d351fd48d9bf18d1747792d872463/execute/async - {"script":"<script> [776 bytes]","args":[{"enterText":"Cement WDIO","selector":{"id":"application-manageresources-display-component---newResourceUnit--SHORT_TEXT","interaction":{"idSuffix":"inner"}},"clearTextFirst":true,"interactionType":"ENTER_TEXT"}]}
RESULT: {}
RESULT: {"script":"<script> [776 bytes]","args":[{"enterText":"Cement WDIO","selector":{"id":"application-manageresources-display-component---newResourceUnit--SHORT_TEXT","interaction":{"idSuffix":"inner"}},"clearTextFirst":true,"interactionType":"ENTER_TEXT"}]}
COMMAND: POST /session/b26d351fd48d9bf18d1747792d872463/execute/async - {"script":"<script> [1562 bytes]","args":[{"selector":{"id":"application-manageresources-display-component---newResourceUnit--BASE_UNIT_OF_MEASURE","interaction":{"idSuffix":"inner"}},"wdio_ui5_key":"applicationmanageresources-display-component---newResourceUnit--BASE_UNIT_OF_MEASURE"}]}
RESULT: {"script":"<script> [1562 bytes]","args":[{"selector":{"id":"application-manageresources-display-component---newResourceUnit--BASE_UNIT_OF_MEASURE","interaction":{"idSuffix":"inner"}},"wdio_ui5_key":"applicationmanageresources-display-component---newResourceUnit--BASE_UNIT_OF_MEASURE"}]}
RESULT: undefined
COMMAND: POST /session/b26d351fd48d9bf18d1747792d872463/execute/async - {"script":"<script> [776 bytes]","args":[{"enterText":"Piece","selector":{"id":"application-manageresources-display-component---newResourceUnit--BASE_UNIT_OF_MEASURE","interaction":{"idSuffix":"inner"}},"clearTextFirst":true,"interactionType":"ENTER_TEXT"}]}
RESULT: {"script":"<script> [776 bytes]","args":[{"enterText":"Piece","selector":{"id":"application-manageresources-display-component---newResourceUnit--BASE_UNIT_OF_MEASURE","interaction":{"idSuffix":"inner"}},"clearTextFirst":true,"interactionType":"ENTER_TEXT"}]}
COMMAND: POST /session/b26d351fd48d9bf18d1747792d872463/execute/async - {"script":"<script> [1562 bytes]","args":[{"selector":{"id":"application-manageresources-display-component---newResourceUnit--WEIGHT_UNIT","interaction":{"idSuffix":"inner"}},"wdio_ui5_key":"applicationmanageresources-display-component---newResourceUnit--WEIGHT_UNIT"}]}
RESULT: {"script":"<script> [1562 bytes]","args":[{"selector":{"id":"application-manageresources-display-component---newResourceUnit--WEIGHT_UNIT","interaction":{"idSuffix":"inner"}},"wdio_ui5_key":"applicationmanageresources-display-component---newResourceUnit--WEIGHT_UNIT"}]}
RESULT: undefined
COMMAND: POST /session/b26d351fd48d9bf18d1747792d872463/execute/async - {"script":"<script> [776 bytes]","args":[{"enterText":"Gram","selector":{"id":"application-manageresources-display-component---newResourceUnit--WEIGHT_UNIT","interaction":{"idSuffix":"inner"}},"clearTextFirst":true,"interactionType":"ENTER_TEXT"}]}
RESULT: {"script":"<script> [776 bytes]","args":[{"enterText":"Gram","selector":{"id":"application-manageresources-display-component---newResourceUnit--WEIGHT_UNIT","interaction":{"idSuffix":"inner"}},"clearTextFirst":true,"interactionType":"ENTER_TEXT"}]}
COMMAND: POST /session/b26d351fd48d9bf18d1747792d872463/execute/async - {"script":"<script> [1562 bytes]","args":[{"selector":{"id":"application-manageresources-display-component---newResourceUnit--DIMENSION_UNIT","interaction":{"idSuffix":"inner"}},"wdio_ui5_key":"applicationmanageresources-display-component---newResourceUnit--DIMENSION_UNIT"}]}
RESULT: {"script":"<script> [1562 bytes]","args":[{"selector":{"id":"application-manageresources-display-component---newResourceUnit--DIMENSION_UNIT","interaction":{"idSuffix":"inner"}},"wdio_ui5_key":"applicationmanageresources-display-component---newResourceUnit--DIMENSION_UNIT"}]}
RESULT: undefined
COMMAND: POST /session/b26d351fd48d9bf18d1747792d872463/execute/async - {"script":"<script> [776 bytes]","args":[{"enterText":"Meter","selector":{"id":"application-manageresources-display-component---newResourceUnit--DIMENSION_UNIT","interaction":{"idSuffix":"inner"}},"clearTextFirst":true,"interactionType":"ENTER_TEXT"}]}
RESULT: {"script":"<script> [776 bytes]","args":[{"enterText":"Meter","selector":{"id":"application-manageresources-display-component---newResourceUnit--DIMENSION_UNIT","interaction":{"idSuffix":"inner"}},"clearTextFirst":true,"interactionType":"ENTER_TEXT"}]}
COMMAND: POST /session/b26d351fd48d9bf18d1747792d872463/execute/async - {"script":"<script> [1562 bytes]","args":[{"selector":{"id":"application-manageresources-display-component---newResourceUnit--newRRUPage-anchBar-application-manageresources-display-component---newResourceUnit--control-anchor","interaction":{"idSuffix":"BDI-content"}},"wdio_ui5_key":"applicationmanageresources-display-component---newResourceUnit--newRRUPage-anchBar-application-manageresources-display-component---newResourceUnit--control-anchor"}]}
RESULT: {"script":"<script> [1562 bytes]","args":[{"selector":{"id":"application-manageresources-display-component---newResourceUnit--newRRUPage-anchBar-application-manageresources-display-component---newResourceUnit--control-anchor","interaction":{"idSuffix":"BDI-content"}},"wdio_ui5_key":"applicationmanageresources-display-component---newResourceUnit--newRRUPage-anchBar-application-manageresources-display-component---newResourceUnit--control-anchor"}]}
RESULT: undefined
COMMAND: POST /session/b26d351fd48d9bf18d1747792d872463/element - {"using":"xpath","value":"//*[@id=\"application-manageresources-display-component---newResourceUnit--newRRUPage-anchBar-application-manageresources-display-component---newResourceUnit--control-anchor\"]"}
RESULT: {"using":"xpath","value":"//*[@id=\"application-manageresources-display-component---newResourceUnit--newRRUPage-anchBar-application-manageresources-display-component---newResourceUnit--control-anchor\"]"}
COMMAND: POST /session/b26d351fd48d9bf18d1747792d872463/element/f.DDB7B01D6F017A691A4290B040C538A5.d.3C369E05441BA347DC7BB38FE822BEB0.e.2869/click - {}
RESULT: {}
COMMAND: POST /session/b26d351fd48d9bf18d1747792d872463/execute/async - {"script":"<script> [1562 bytes]","args":[{"selector":{"id":"application-manageresources-display-component---newResourceUnit--PLANNING_GROUP","interaction":{"idSuffix":"inner"}},"wdio_ui5_key":"applicationmanageresources-display-component---newResourceUnit--PLANNING_GROUP"}]}
COMMAND: GET /session/b26d351fd48d9bf18d1747792d872463/screenshot - {}
RESULT: {"script":"<script> [1562 bytes]","args":[{"selector":{"id":"application-manageresources-display-component---newResourceUnit--PLANNING_GROUP","interaction":{"idSuffix":"inner"}},"wdio_ui5_key":"applicationmanageresources-display-component---newResourceUnit--PLANNING_GROUP"}]}
RESULT: undefined
COMMAND: POST /session/b26d351fd48d9bf18d1747792d872463/execute/async - {"script":"<script> [776 bytes]","args":[{"enterText":"Material","selector":{"id":"application-manageresources-display-component---newResourceUnit--PLANNING_GROUP","interaction":{"idSuffix":"inner"}},"clearTextFirst":true,"interactionType":"ENTER_TEXT"}]}
RESULT: {}
RESULT: {"script":"<script> [776 bytes]","args":[{"enterText":"Material","selector":{"id":"application-manageresources-display-component---newResourceUnit--PLANNING_GROUP","interaction":{"idSuffix":"inner"}},"clearTextFirst":true,"interactionType":"ENTER_TEXT"}]}
COMMAND: POST /session/b26d351fd48d9bf18d1747792d872463/execute/async - {"script":"<script> [1562 bytes]","args":[{"selector":{"id":"application-manageresources-display-component---newResourceUnit--PLANNING_INDICATOR","interaction":{"idSuffix":"inner"}},"wdio_ui5_key":"applicationmanageresources-display-component---newResourceUnit--PLANNING_INDICATOR"}]}
RESULT: {"script":"<script> [1562 bytes]","args":[{"selector":{"id":"application-manageresources-display-component---newResourceUnit--PLANNING_INDICATOR","interaction":{"idSuffix":"inner"}},"wdio_ui5_key":"applicationmanageresources-display-component---newResourceUnit--PLANNING_INDICATOR"}]}
RESULT: undefined
COMMAND: POST /session/b26d351fd48d9bf18d1747792d872463/execute/async - {"script":"<script> [776 bytes]","args":[{"enterText":"10 - infinite","selector":{"id":"application-manageresources-display-component---newResourceUnit--PLANNING_INDICATOR","interaction":{"idSuffix":"inner"}},"clearTextFirst":true,"interactionType":"ENTER_TEXT"}]}
RESULT: {"script":"<script> [776 bytes]","args":[{"enterText":"10 - infinite","selector":{"id":"application-manageresources-display-component---newResourceUnit--PLANNING_INDICATOR","interaction":{"idSuffix":"inner"}},"clearTextFirst":true,"interactionType":"ENTER_TEXT"}]}
COMMAND: POST /session/b26d351fd48d9bf18d1747792d872463/element - {"using":"css selector","value":"#application-manageresources-display-component---newResourceUnit--btnAddTimeSegment"}
RESULT: {"using":"css selector","value":"#application-manageresources-display-component---newResourceUnit--btnAddTimeSegment"}
COMMAND: GET /session/b26d351fd48d9bf18d1747792d872463/element/f.DDB7B01D6F017A691A4290B040C538A5.d.3C369E05441BA347DC7BB38FE822BEB0.e.2877/rect - {}
RESULT: {}
COMMAND: GET /session/b26d351fd48d9bf18d1747792d872463/window/rect - {}
RESULT: {}
COMMAND: POST /session/b26d351fd48d9bf18d1747792d872463/execute/sync - {"script":"<script> [92 bytes]","args":[]}
RESULT: {"script":"<script> [92 bytes]","args":[]}
COMMAND: POST /session/b26d351fd48d9bf18d1747792d872463/actions - {"actions":[{"id":"action6","type":"wheel","parameters":{},"actions":[{"type":"scroll","x":-1888,"y":-32,"deltaX":0,"deltaY":0,"duration":0,"origin":{"element-6066-11e4-a52e-4f735466cecf":"f.DDB7B01D6F017A691A4290B040C538A5.d.3C369E05441BA347DC7BB38FE822BEB0.e.2877"}}]}]}
COMMAND: GET /session/b26d351fd48d9bf18d1747792d872463/screenshot - {}
RESULT: {}
COMMAND: POST /session/b26d351fd48d9bf18d1747792d872463/execute/sync - {"script":"<script> [79 bytes]","args":[{"element-6066-11e4-a52e-4f735466cecf":"f.DDB7B01D6F017A691A4290B040C538A5.d.3C369E05441BA347DC7BB38FE822BEB0.e.2877","ELEMENT":"f.DDB7B01D6F017A691A4290B040C538A5.d.3C369E05441BA347DC7BB38FE822BEB0.e.2877"},{"block":"start","inline":"nearest"}]}
RESULT: {"script":"<script> [79 bytes]","args":[{"element-6066-11e4-a52e-4f735466cecf":"f.DDB7B01D6F017A691A4290B040C538A5.d.3C369E05441BA347DC7BB38FE822BEB0.e.2877","ELEMENT":"f.DDB7B01D6F017A691A4290B040C538A5.d.3C369E05441BA347DC7BB38FE822BEB0.e.2877"},{"block":"start","inline":"nearest"}]}
COMMAND: POST /session/b26d351fd48d9bf18d1747792d872463/execute/async - {"script":"<script> [1562 bytes]","args":[{"selector":{"id":"application-manageresources-display-component---newResourceUnit--btnAddTimeSegment","interaction":{"idSuffix":"inner"}},"wdio_ui5_key":"applicationmanageresources-display-component---newResourceUnit--btnAddTimeSegment"}]}
COMMAND: GET /session/b26d351fd48d9bf18d1747792d872463/screenshot - {}
RESULT: {"script":"<script> [1562 bytes]","args":[{"selector":{"id":"application-manageresources-display-component---newResourceUnit--btnAddTimeSegment","interaction":{"idSuffix":"inner"}},"wdio_ui5_key":"applicationmanageresources-display-component---newResourceUnit--btnAddTimeSegment"}]}
RESULT: undefined
COMMAND: POST /session/b26d351fd48d9bf18d1747792d872463/element - {"using":"xpath","value":"//*[@id=\"application-manageresources-display-component---newResourceUnit--btnAddTimeSegment\"]"}
RESULT: {}
RESULT: {"using":"xpath","value":"//*[@id=\"application-manageresources-display-component---newResourceUnit--btnAddTimeSegment\"]"}
COMMAND: POST /session/b26d351fd48d9bf18d1747792d872463/element/f.DDB7B01D6F017A691A4290B040C538A5.d.3C369E05441BA347DC7BB38FE822BEB0.e.2877/click - {}
RESULT: {}
COMMAND: GET /session/b26d351fd48d9bf18d1747792d872463/screenshot - {}
RESULT: {}
COMMAND: POST /session/b26d351fd48d9bf18d1747792d872463/element - {"using":"xpath","value":"//input[@id=\"application-manageresources-display-component---newResourceUnit--idRuTSAdmin-application-manageresources-display-component---newResourceUnit--RUTimeSegment-0-inner\"]"}
RESULT: {"using":"xpath","value":"//input[@id=\"application-manageresources-display-component---newResourceUnit--idRuTSAdmin-application-manageresources-display-component---newResourceUnit--RUTimeSegment-0-inner\"]"}
COMMAND: POST /session/b26d351fd48d9bf18d1747792d872463/element/f.DDB7B01D6F017A691A4290B040C538A5.d.3C369E05441BA347DC7BB38FE822BEB0.e.2882/clear - {}
RESULT: {}
COMMAND: POST /session/b26d351fd48d9bf18d1747792d872463/element/f.DDB7B01D6F017A691A4290B040C538A5.d.3C369E05441BA347DC7BB38FE822BEB0.e.2882/value - {"text":"669"}
COMMAND: GET /session/b26d351fd48d9bf18d1747792d872463/screenshot - {}
RESULT: {"text":"669"}
COMMAND: GET /session/b26d351fd48d9bf18d1747792d872463/screenshot - {}
RESULT: {}
RESULT: {}
COMMAND: POST /session/b26d351fd48d9bf18d1747792d872463/element - {"using":"xpath","value":"//li[.//span[text()='669']]"}
RESULT: {"using":"xpath","value":"//li[.//span[text()='669']]"}
COMMAND: POST /session/b26d351fd48d9bf18d1747792d872463/element/f.DDB7B01D6F017A691A4290B040C538A5.d.3C369E05441BA347DC7BB38FE822BEB0.e.2893/click - {}
RESULT: {}
COMMAND: GET /session/b26d351fd48d9bf18d1747792d872463/screenshot - {}
RESULT: {}
COMMAND: POST /session/b26d351fd48d9bf18d1747792d872463/element - {"using":"xpath","value":"(//span[contains(@id, \"-application-manageresources-display-component---newResourceUnit--RUTimeSegment-0-arrow\")])[2]"}
RESULT: {"using":"xpath","value":"(//span[contains(@id, \"-application-manageresources-display-component---newResourceUnit--RUTimeSegment-0-arrow\")])[2]"}
COMMAND: POST /session/b26d351fd48d9bf18d1747792d872463/element/f.DDB7B01D6F017A691A4290B040C538A5.d.3C369E05441BA347DC7BB38FE822BEB0.e.2894/click - {}
RESULT: {}
COMMAND: POST /session/b26d351fd48d9bf18d1747792d872463/element - {"using":"xpath","value":"//span[contains(text(), \"PM Order\")]"}
COMMAND: GET /session/b26d351fd48d9bf18d1747792d872463/screenshot - {}
RESULT: {"using":"xpath","value":"//span[contains(text(), \"PM Order\")]"}
COMMAND: POST /session/b26d351fd48d9bf18d1747792d872463/element/f.DDB7B01D6F017A691A4290B040C538A5.d.3C369E05441BA347DC7BB38FE822BEB0.e.2895/click - {}
RESULT: {}
RESULT: {}
COMMAND: GET /session/b26d351fd48d9bf18d1747792d872463/screenshot - {}
RESULT: {}
COMMAND: POST /session/b26d351fd48d9bf18d1747792d872463/element - {"using":"xpath","value":"//td/div/div/div/span[contains(@id, \"newResourceUnit--RUTimeSegment-0-vhi\")][1]"}
RESULT: {"using":"xpath","value":"//td/div/div/div/span[contains(@id, \"newResourceUnit--RUTimeSegment-0-vhi\")][1]"}
COMMAND: GET /session/b26d351fd48d9bf18d1747792d872463/element/f.DDB7B01D6F017A691A4290B040C538A5.d.3C369E05441BA347DC7BB38FE822BEB0.e.2899/rect - {}
RESULT: {}
COMMAND: GET /session/b26d351fd48d9bf18d1747792d872463/window/rect - {}
RESULT: {}
COMMAND: POST /session/b26d351fd48d9bf18d1747792d872463/execute/sync - {"script":"<script> [92 bytes]","args":[]}
RESULT: {"script":"<script> [92 bytes]","args":[]}
COMMAND: POST /session/b26d351fd48d9bf18d1747792d872463/actions - {"actions":[{"id":"action7","type":"wheel","parameters":{},"actions":[{"type":"scroll","x":-1888,"y":-24,"deltaX":0,"deltaY":0,"duration":0,"origin":{"element-6066-11e4-a52e-4f735466cecf":"f.DDB7B01D6F017A691A4290B040C538A5.d.3C369E05441BA347DC7BB38FE822BEB0.e.2899"}}]}]}
COMMAND: GET /session/b26d351fd48d9bf18d1747792d872463/screenshot - {}
RESULT: {}
COMMAND: POST /session/b26d351fd48d9bf18d1747792d872463/execute/sync - {"script":"<script> [79 bytes]","args":[{"element-6066-11e4-a52e-4f735466cecf":"f.DDB7B01D6F017A691A4290B040C538A5.d.3C369E05441BA347DC7BB38FE822BEB0.e.2899","ELEMENT":"f.DDB7B01D6F017A691A4290B040C538A5.d.3C369E05441BA347DC7BB38FE822BEB0.e.2899"},{"block":"start","inline":"nearest"}]}
RESULT: {"script":"<script> [79 bytes]","args":[{"element-6066-11e4-a52e-4f735466cecf":"f.DDB7B01D6F017A691A4290B040C538A5.d.3C369E05441BA347DC7BB38FE822BEB0.e.2899","ELEMENT":"f.DDB7B01D6F017A691A4290B040C538A5.d.3C369E05441BA347DC7BB38FE822BEB0.e.2899"},{"block":"start","inline":"nearest"}]}
COMMAND: GET /session/b26d351fd48d9bf18d1747792d872463/screenshot - {}
RESULT: {}
COMMAND: POST /session/b26d351fd48d9bf18d1747792d872463/element/f.DDB7B01D6F017A691A4290B040C538A5.d.3C369E05441BA347DC7BB38FE822BEB0.e.2899/click - {}
RESULT: {}
COMMAND: GET /session/b26d351fd48d9bf18d1747792d872463/screenshot - {}
RESULT: {}
RESULT: undefined
COMMAND: POST /session/b26d351fd48d9bf18d1747792d872463/execute/async - {"script":"<script> [776 bytes]","args":[{"enterText":"4000360","selector":{"controlType":"sap.m.SearchField","properties":{"placeholder":"Search"},"searchOpenDialogs":true,"interaction":{"idSuffix":"I"}},"clearTextFirst":true,"interactionType":"ENTER_TEXT"}]}
RESULT: {"script":"<script> [776 bytes]","args":[{"enterText":"4000360","selector":{"controlType":"sap.m.SearchField","properties":{"placeholder":"Search"},"searchOpenDialogs":true,"interaction":{"idSuffix":"I"}},"clearTextFirst":true,"interactionType":"ENTER_TEXT"}]}
COMMAND: POST /session/b26d351fd48d9bf18d1747792d872463/actions - {"actions":[{"id":"action8","type":"key","parameters":{},"actions":[{"type":"keyDown","value":""},{"type":"pause","duration":10},{"type":"keyUp","value":""}]}]}
RESULT: {"actions":[{"id":"action8","type":"key","parameters":{},"actions":[{"type":"keyDown","value":""},{"type":"pause","duration":10},{"type":"keyUp","value":""}]}]}
COMMAND: GET /session/b26d351fd48d9bf18d1747792d872463/screenshot - {}
RESULT: {}
COMMAND: POST /session/b26d351fd48d9bf18d1747792d872463/element - {"using":"xpath","value":"//td/div/span[contains(text(), \"BGL Vehicles\")]"}
RESULT: {"using":"xpath","value":"//td/div/span[contains(text(), \"BGL Vehicles\")]"}
COMMAND: POST /session/b26d351fd48d9bf18d1747792d872463/element/f.DDB7B01D6F017A691A4290B040C538A5.d.3C369E05441BA347DC7BB38FE822BEB0.e.2918/click - {}
RESULT: {}
COMMAND: GET /session/b26d351fd48d9bf18d1747792d872463/screenshot - {}
RESULT: {}
COMMAND: POST /session/b26d351fd48d9bf18d1747792d872463/element - {"using":"xpath","value":"//bdi[contains(text(), \"OK\")]"}
RESULT: {"using":"xpath","value":"//bdi[contains(text(), \"OK\")]"}
COMMAND: POST /session/b26d351fd48d9bf18d1747792d872463/element/f.DDB7B01D6F017A691A4290B040C538A5.d.3C369E05441BA347DC7BB38FE822BEB0.e.2919/click - {}
RESULT: {}
COMMAND: GET /session/b26d351fd48d9bf18d1747792d872463/screenshot - {}
RESULT: {}
COMMAND: POST /session/b26d351fd48d9bf18d1747792d872463/element - {"using":"xpath","value":"//label[contains(@class, 'sapMLabelRequired') and .//bdi[contains(text(), 'Planned Retirement')]]"}
RESULT: {"using":"xpath","value":"//label[contains(@class, 'sapMLabelRequired') and .//bdi[contains(text(), 'Planned Retirement')]]"}
COMMAND: POST /session/b26d351fd48d9bf18d1747792d872463/elements - {"using":"xpath","value":"//label[contains(@class, 'sapMLabelRequired') and .//bdi[contains(text(), 'Planned Retirement')]]"}
RESULT: {"using":"xpath","value":"//label[contains(@class, 'sapMLabelRequired') and .//bdi[contains(text(), 'Planned Retirement')]]"}
COMMAND: POST /session/b26d351fd48d9bf18d1747792d872463/element - {"using":"xpath","value":"//button[@data-kt=\"resourceUnitSaveButton\"]"}
RESULT: {"using":"xpath","value":"//button[@data-kt=\"resourceUnitSaveButton\"]"}
COMMAND: POST /session/b26d351fd48d9bf18d1747792d872463/element/f.DDB7B01D6F017A691A4290B040C538A5.d.3C369E05441BA347DC7BB38FE822BEB0.e.2822/click - {}
RESULT: {}
COMMAND: GET /session/b26d351fd48d9bf18d1747792d872463/screenshot - {}
RESULT: {}
COMMAND: POST /session/b26d351fd48d9bf18d1747792d872463/element - {"using":"xpath","value":"//bdi[contains(text(), \"Close\")]"}
RESULT: {"using":"xpath","value":"//bdi[contains(text(), \"Close\")]"}
COMMAND: POST /session/b26d351fd48d9bf18d1747792d872463/element/f.DDB7B01D6F017A691A4290B040C538A5.d.3C369E05441BA347DC7BB38FE822BEB0.e.2926/click - {}
RESULT: {}
COMMAND: GET /session/b26d351fd48d9bf18d1747792d872463/screenshot - {}
RESULT: {}
COMMAND: POST /session/b26d351fd48d9bf18d1747792d872463/element - {"using":"xpath","value":"//header[contains(@id, 'detailRruPage-headerTitle')]/div[1]/div[2]/div[2]/span[1]"}
RESULT: {"using":"xpath","value":"//header[contains(@id, 'detailRruPage-headerTitle')]/div[1]/div[2]/div[2]/span[1]"}
COMMAND: POST /session/b26d351fd48d9bf18d1747792d872463/elements - {"using":"xpath","value":"//header[contains(@id, 'detailRruPage-headerTitle')]/div[1]/div[2]/div[2]/span[1]"}
RESULT: {"using":"xpath","value":"//header[contains(@id, 'detailRruPage-headerTitle')]/div[1]/div[2]/div[2]/span[1]"}
COMMAND: POST /session/b26d351fd48d9bf18d1747792d872463/execute/sync - {"script":"<script> [56 bytes]","args":[{"element-6066-11e4-a52e-4f735466cecf":"f.DDB7B01D6F017A691A4290B040C538A5.d.3C369E05441BA347DC7BB38FE822BEB0.e.2953","ELEMENT":"f.DDB7B01D6F017A691A4290B040C538A5.d.3C369E05441BA347DC7BB38FE822BEB0.e.2953"}]}
RESULT: {"script":"<script> [56 bytes]","args":[{"element-6066-11e4-a52e-4f735466cecf":"f.DDB7B01D6F017A691A4290B040C538A5.d.3C369E05441BA347DC7BB38FE822BEB0.e.2953","ELEMENT":"f.DDB7B01D6F017A691A4290B040C538A5.d.3C369E05441BA347DC7BB38FE822BEB0.e.2953"}]}
COMMAND: POST /session/b26d351fd48d9bf18d1747792d872463/element - {"using":"css selector","value":"#shell-header-logo"}
COMMAND: GET /session/b26d351fd48d9bf18d1747792d872463/screenshot - {}
RESULT: {"using":"css selector","value":"#shell-header-logo"}
COMMAND: POST /session/b26d351fd48d9bf18d1747792d872463/element/f.DDB7B01D6F017A691A4290B040C538A5.d.3C369E05441BA347DC7BB38FE822BEB0.e.2404/click - {}
RESULT: {}
RESULT: {}
COMMAND: GET /session/b26d351fd48d9bf18d1747792d872463/screenshot - {}
RESULT: {}
]]></system-out>
    </testcase>
    <testcase classname="chrome.136_0_7103_93.windows.Create_masterdata_for_Yard_Overview_-_trigger_provide_US130988" name="Should do a stock increase handover" time="85.85">
      <system-out><![CDATA[
COMMAND: POST /session/b26d351fd48d9bf18d1747792d872463/execute/async - {"script":"<script> [1562 bytes]","args":[{"selector":{"controlType":"sap.m.GenericTile","properties":{"header":"Manage Handovers"}},"wdio_ui5_key":"sapm.GenericTile{\"header\":\"Manage Handovers\"}"}]}
RESULT: {"script":"<script> [1562 bytes]","args":[{"selector":{"controlType":"sap.m.GenericTile","properties":{"header":"Manage Handovers"}},"wdio_ui5_key":"sapm.GenericTile{\"header\":\"Manage Handovers\"}"}]}
RESULT: undefined
COMMAND: POST /session/b26d351fd48d9bf18d1747792d872463/element - {"using":"xpath","value":"//*[@id=\"__tile131\"]"}
RESULT: {"using":"xpath","value":"//*[@id=\"__tile131\"]"}
COMMAND: POST /session/b26d351fd48d9bf18d1747792d872463/element/f.DDB7B01D6F017A691A4290B040C538A5.d.3C369E05441BA347DC7BB38FE822BEB0.e.206/click - {}
RESULT: {}
COMMAND: GET /session/b26d351fd48d9bf18d1747792d872463/screenshot - {}
RESULT: {}
COMMAND: POST /session/b26d351fd48d9bf18d1747792d872463/elements - {"using":"xpath","value":"//span[text()='Error']"}
RESULT: {"using":"xpath","value":"//span[text()='Error']"}
COMMAND: POST /session/b26d351fd48d9bf18d1747792d872463/element - {"using":"xpath","value":"//button[@data-kt=\"masterHOAddButton\"]"}
RESULT: {"using":"xpath","value":"//button[@data-kt=\"masterHOAddButton\"]"}
COMMAND: POST /session/b26d351fd48d9bf18d1747792d872463/elements - {"using":"xpath","value":"//button[@data-kt=\"masterHOAddButton\"]"}
RESULT: {"using":"xpath","value":"//button[@data-kt=\"masterHOAddButton\"]"}
COMMAND: POST /session/b26d351fd48d9bf18d1747792d872463/execute/sync - {"script":"<script> [8489 bytes]","args":[{"element-6066-11e4-a52e-4f735466cecf":"f.DDB7B01D6F017A691A4290B040C538A5.d.3C369E05441BA347DC7BB38FE822BEB0.e.2987","ELEMENT":"f.DDB7B01D6F017A691A4290B040C538A5.d.3C369E05441BA347DC7BB38FE822BEB0.e.2987"}]}
RESULT: {"script":"<script> [8489 bytes]","args":[{"element-6066-11e4-a52e-4f735466cecf":"f.DDB7B01D6F017A691A4290B040C538A5.d.3C369E05441BA347DC7BB38FE822BEB0.e.2987","ELEMENT":"f.DDB7B01D6F017A691A4290B040C538A5.d.3C369E05441BA347DC7BB38FE822BEB0.e.2987"}]}
COMMAND: GET /session/b26d351fd48d9bf18d1747792d872463/element/f.DDB7B01D6F017A691A4290B040C538A5.d.3C369E05441BA347DC7BB38FE822BEB0.e.2987/enabled - {}
COMMAND: GET /session/b26d351fd48d9bf18d1747792d872463/screenshot - {}
RESULT: {}
COMMAND: POST /session/b26d351fd48d9bf18d1747792d872463/execute/sync - {"script":"<script> [8489 bytes]","args":[{"element-6066-11e4-a52e-4f735466cecf":"f.DDB7B01D6F017A691A4290B040C538A5.d.3C369E05441BA347DC7BB38FE822BEB0.e.2987","ELEMENT":"f.DDB7B01D6F017A691A4290B040C538A5.d.3C369E05441BA347DC7BB38FE822BEB0.e.2987"}]}
COMMAND: GET /session/b26d351fd48d9bf18d1747792d872463/screenshot - {}
RESULT: {}
RESULT: {"script":"<script> [8489 bytes]","args":[{"element-6066-11e4-a52e-4f735466cecf":"f.DDB7B01D6F017A691A4290B040C538A5.d.3C369E05441BA347DC7BB38FE822BEB0.e.2987","ELEMENT":"f.DDB7B01D6F017A691A4290B040C538A5.d.3C369E05441BA347DC7BB38FE822BEB0.e.2987"}]}
COMMAND: POST /session/b26d351fd48d9bf18d1747792d872463/execute/sync - {"script":"<script> [5351 bytes]","args":[{"element-6066-11e4-a52e-4f735466cecf":"f.DDB7B01D6F017A691A4290B040C538A5.d.3C369E05441BA347DC7BB38FE822BEB0.e.2987","ELEMENT":"f.DDB7B01D6F017A691A4290B040C538A5.d.3C369E05441BA347DC7BB38FE822BEB0.e.2987"}]}
COMMAND: GET /session/b26d351fd48d9bf18d1747792d872463/screenshot - {}
RESULT: {}
RESULT: {"script":"<script> [5351 bytes]","args":[{"element-6066-11e4-a52e-4f735466cecf":"f.DDB7B01D6F017A691A4290B040C538A5.d.3C369E05441BA347DC7BB38FE822BEB0.e.2987","ELEMENT":"f.DDB7B01D6F017A691A4290B040C538A5.d.3C369E05441BA347DC7BB38FE822BEB0.e.2987"}]}
COMMAND: POST /session/b26d351fd48d9bf18d1747792d872463/element/f.DDB7B01D6F017A691A4290B040C538A5.d.3C369E05441BA347DC7BB38FE822BEB0.e.2987/click - {}
COMMAND: GET /session/b26d351fd48d9bf18d1747792d872463/screenshot - {}
RESULT: {}
RESULT: {}
COMMAND: GET /session/b26d351fd48d9bf18d1747792d872463/screenshot - {}
RESULT: {}
COMMAND: POST /session/b26d351fd48d9bf18d1747792d872463/element - {"using":"xpath","value":"//span[contains(@id ,\"AddNewHO--typeSelect-arrow\")]"}
RESULT: {}
RESULT: {"using":"xpath","value":"//span[contains(@id ,\"AddNewHO--typeSelect-arrow\")]"}
COMMAND: POST /session/b26d351fd48d9bf18d1747792d872463/element/f.DDB7B01D6F017A691A4290B040C538A5.d.3C369E05441BA347DC7BB38FE822BEB0.e.3352/click - {}
RESULT: {}
COMMAND: GET /session/b26d351fd48d9bf18d1747792d872463/screenshot - {}
RESULT: {}
COMMAND: POST /session/b26d351fd48d9bf18d1747792d872463/element - {"using":"xpath","value":"(//li[contains(text(), \"stock increase yard\")])[1]"}
RESULT: {"using":"xpath","value":"(//li[contains(text(), \"stock increase yard\")])[1]"}
COMMAND: POST /session/b26d351fd48d9bf18d1747792d872463/element/f.DDB7B01D6F017A691A4290B040C538A5.d.3C369E05441BA347DC7BB38FE822BEB0.e.3353/click - {}
RESULT: {}
COMMAND: GET /session/b26d351fd48d9bf18d1747792d872463/screenshot - {}
RESULT: {}
COMMAND: POST /session/b26d351fd48d9bf18d1747792d872463/execute/async - {"script":"<script> [1562 bytes]","args":[{"selector":{"id":"application-managehandovers-display-component---AddNewHO--dueDate","interaction":{"idSuffix":"inner"}},"wdio_ui5_key":"applicationmanagehandovers-display-component---AddNewHO--dueDate"}]}
RESULT: {"script":"<script> [1562 bytes]","args":[{"selector":{"id":"application-managehandovers-display-component---AddNewHO--dueDate","interaction":{"idSuffix":"inner"}},"wdio_ui5_key":"applicationmanagehandovers-display-component---AddNewHO--dueDate"}]}
RESULT: undefined
COMMAND: POST /session/b26d351fd48d9bf18d1747792d872463/execute/async - {"script":"<script> [6424 bytes]","args":[{"element-6066-11e4-a52e-4f735466cecf":"f.DDB7B01D6F017A691A4290B040C538A5.d.3C369E05441BA347DC7BB38FE822BEB0.e.3355"},"setValue",["5/22/25"]]}
RESULT: {"script":"<script> [6424 bytes]","args":[{"element-6066-11e4-a52e-4f735466cecf":"f.DDB7B01D6F017A691A4290B040C538A5.d.3C369E05441BA347DC7BB38FE822BEB0.e.3355"},"setValue",["5/22/25"]]}
COMMAND: POST /session/b26d351fd48d9bf18d1747792d872463/element - {"using":"xpath","value":"//input[@id=\"generalSectionFrg--receiveYard-inner\"]"}
RESULT: {"using":"xpath","value":"//input[@id=\"generalSectionFrg--receiveYard-inner\"]"}
COMMAND: POST /session/b26d351fd48d9bf18d1747792d872463/element/f.DDB7B01D6F017A691A4290B040C538A5.d.3C369E05441BA347DC7BB38FE822BEB0.e.3359/clear - {}
RESULT: {}
COMMAND: POST /session/b26d351fd48d9bf18d1747792d872463/element/f.DDB7B01D6F017A691A4290B040C538A5.d.3C369E05441BA347DC7BB38FE822BEB0.e.3359/value - {"text":"669"}
COMMAND: GET /session/b26d351fd48d9bf18d1747792d872463/screenshot - {}
RESULT: {"text":"669"}
COMMAND: GET /session/b26d351fd48d9bf18d1747792d872463/screenshot - {}
RESULT: {}
RESULT: {}
COMMAND: POST /session/b26d351fd48d9bf18d1747792d872463/element - {"using":"xpath","value":"//li[.//span[text()='669']]"}
RESULT: {"using":"xpath","value":"//li[.//span[text()='669']]"}
COMMAND: POST /session/b26d351fd48d9bf18d1747792d872463/element/f.DDB7B01D6F017A691A4290B040C538A5.d.3C369E05441BA347DC7BB38FE822BEB0.e.3375/click - {}
RESULT: {}
COMMAND: GET /session/b26d351fd48d9bf18d1747792d872463/screenshot - {}
RESULT: {}
COMMAND: POST /session/b26d351fd48d9bf18d1747792d872463/execute/async - {"script":"<script> [1562 bytes]","args":[{"selector":{"id":"application-managehandovers-display-component---AddNewHO--ObjectPageLayout-anchBar-application-managehandovers-display-component---AddNewHO--section4-anchor","interaction":{"idSuffix":"BDI-content"}},"wdio_ui5_key":"applicationmanagehandovers-display-component---AddNewHO--ObjectPageLayout-anchBar-application-managehandovers-display-component---AddNewHO--section4-anchor"}]}
RESULT: {"script":"<script> [1562 bytes]","args":[{"selector":{"id":"application-managehandovers-display-component---AddNewHO--ObjectPageLayout-anchBar-application-managehandovers-display-component---AddNewHO--section4-anchor","interaction":{"idSuffix":"BDI-content"}},"wdio_ui5_key":"applicationmanagehandovers-display-component---AddNewHO--ObjectPageLayout-anchBar-application-managehandovers-display-component---AddNewHO--section4-anchor"}]}
RESULT: undefined
COMMAND: POST /session/b26d351fd48d9bf18d1747792d872463/element - {"using":"xpath","value":"//*[@id=\"application-managehandovers-display-component---AddNewHO--ObjectPageLayout-anchBar-application-managehandovers-display-component---AddNewHO--section4-anchor\"]"}
RESULT: {"using":"xpath","value":"//*[@id=\"application-managehandovers-display-component---AddNewHO--ObjectPageLayout-anchBar-application-managehandovers-display-component---AddNewHO--section4-anchor\"]"}
COMMAND: POST /session/b26d351fd48d9bf18d1747792d872463/element/f.DDB7B01D6F017A691A4290B040C538A5.d.3C369E05441BA347DC7BB38FE822BEB0.e.3377/click - {}
RESULT: {}
COMMAND: POST /session/b26d351fd48d9bf18d1747792d872463/element - {"using":"xpath","value":"//button[@aria-label=\"Add\"]"}
COMMAND: GET /session/b26d351fd48d9bf18d1747792d872463/screenshot - {}
RESULT: {"using":"xpath","value":"//button[@aria-label=\"Add\"]"}
COMMAND: POST /session/b26d351fd48d9bf18d1747792d872463/element/f.DDB7B01D6F017A691A4290B040C538A5.d.3C369E05441BA347DC7BB38FE822BEB0.e.3379/click - {}
RESULT: {}
RESULT: {}
COMMAND: GET /session/b26d351fd48d9bf18d1747792d872463/screenshot - {}
RESULT: {}
COMMAND: POST /session/b26d351fd48d9bf18d1747792d872463/execute/async - {"script":"<script> [1562 bytes]","args":[{"selector":{"id":"application-managehandovers-display-component---AddNewHO--smartFilterBar-btnBasicSearch","searchOpenDialogs":true,"interaction":{"idSuffix":"I"}},"wdio_ui5_key":"applicationmanagehandovers-display-component---AddNewHO--smartFilterBar-btnBasicSearch"}]}
RESULT: {"script":"<script> [1562 bytes]","args":[{"selector":{"id":"application-managehandovers-display-component---AddNewHO--smartFilterBar-btnBasicSearch","searchOpenDialogs":true,"interaction":{"idSuffix":"I"}},"wdio_ui5_key":"applicationmanagehandovers-display-component---AddNewHO--smartFilterBar-btnBasicSearch"}]}
RESULT: undefined
COMMAND: POST /session/b26d351fd48d9bf18d1747792d872463/execute/async - {"script":"<script> [776 bytes]","args":[{"enterText":"200393","selector":{"id":"application-managehandovers-display-component---AddNewHO--smartFilterBar-btnBasicSearch","searchOpenDialogs":true,"interaction":{"idSuffix":"I"}},"clearTextFirst":true,"interactionType":"ENTER_TEXT"}]}
RESULT: {"script":"<script> [776 bytes]","args":[{"enterText":"200393","selector":{"id":"application-managehandovers-display-component---AddNewHO--smartFilterBar-btnBasicSearch","searchOpenDialogs":true,"interaction":{"idSuffix":"I"}},"clearTextFirst":true,"interactionType":"ENTER_TEXT"}]}
COMMAND: POST /session/b26d351fd48d9bf18d1747792d872463/actions - {"actions":[{"id":"action9","type":"key","parameters":{},"actions":[{"type":"keyDown","value":""},{"type":"pause","duration":10},{"type":"keyUp","value":""}]}]}
RESULT: {"actions":[{"id":"action9","type":"key","parameters":{},"actions":[{"type":"keyDown","value":""},{"type":"pause","duration":10},{"type":"keyUp","value":""}]}]}
COMMAND: GET /session/b26d351fd48d9bf18d1747792d872463/screenshot - {}
RESULT: {}
COMMAND: POST /session/b26d351fd48d9bf18d1747792d872463/execute/async - {"script":"<script> [1562 bytes]","args":[{"selector":{"id":"application-managehandovers-display-component---AddNewHO--popup-sa","searchOpenDialogs":true,"interaction":{"idSuffix":"CbBg"}},"wdio_ui5_key":"applicationmanagehandovers-display-component---AddNewHO--popup-sa"}]}
RESULT: {"script":"<script> [1562 bytes]","args":[{"selector":{"id":"application-managehandovers-display-component---AddNewHO--popup-sa","searchOpenDialogs":true,"interaction":{"idSuffix":"CbBg"}},"wdio_ui5_key":"applicationmanagehandovers-display-component---AddNewHO--popup-sa"}]}
RESULT: undefined
COMMAND: POST /session/b26d351fd48d9bf18d1747792d872463/element - {"using":"xpath","value":"//*[@id=\"application-managehandovers-display-component---AddNewHO--popup-sa\"]"}
RESULT: {"using":"xpath","value":"//*[@id=\"application-managehandovers-display-component---AddNewHO--popup-sa\"]"}
COMMAND: POST /session/b26d351fd48d9bf18d1747792d872463/element/f.DDB7B01D6F017A691A4290B040C538A5.d.3C369E05441BA347DC7BB38FE822BEB0.e.3535/click - {}
RESULT: {}
COMMAND: GET /session/b26d351fd48d9bf18d1747792d872463/screenshot - {}
RESULT: {}
COMMAND: POST /session/b26d351fd48d9bf18d1747792d872463/element - {"using":"xpath","value":"//bdi[contains(text(), \"Select\")]"}
RESULT: {"using":"xpath","value":"//bdi[contains(text(), \"Select\")]"}
COMMAND: POST /session/b26d351fd48d9bf18d1747792d872463/element/f.DDB7B01D6F017A691A4290B040C538A5.d.3C369E05441BA347DC7BB38FE822BEB0.e.3536/click - {}
RESULT: {}
COMMAND: GET /session/b26d351fd48d9bf18d1747792d872463/screenshot - {}
RESULT: {}
COMMAND: POST /session/b26d351fd48d9bf18d1747792d872463/element - {"using":"xpath","value":"//button[@data-kt=\"AddNewHOSaveButton\"]"}
RESULT: {"using":"xpath","value":"//button[@data-kt=\"AddNewHOSaveButton\"]"}
COMMAND: POST /session/b26d351fd48d9bf18d1747792d872463/element/f.DDB7B01D6F017A691A4290B040C538A5.d.3C369E05441BA347DC7BB38FE822BEB0.e.3540/click - {}
RESULT: {}
COMMAND: GET /session/b26d351fd48d9bf18d1747792d872463/screenshot - {}
RESULT: {}
COMMAND: POST /session/b26d351fd48d9bf18d1747792d872463/execute/async - {"script":"<script> [1562 bytes]","args":[{"selector":{"id":"receiptDatePicker","viewName":"etm.portal.ui.managehandovers.view.DetailExecuteHO","interaction":{"idSuffix":"inner"}},"wdio_ui5_key":"receiptDatePickeretmportal.ui.managehandovers.view.DetailExecuteHO"}]}
RESULT: {"script":"<script> [1562 bytes]","args":[{"selector":{"id":"receiptDatePicker","viewName":"etm.portal.ui.managehandovers.view.DetailExecuteHO","interaction":{"idSuffix":"inner"}},"wdio_ui5_key":"receiptDatePickeretmportal.ui.managehandovers.view.DetailExecuteHO"}]}
RESULT: undefined
COMMAND: POST /session/b26d351fd48d9bf18d1747792d872463/execute/async - {"script":"<script> [6424 bytes]","args":[{"element-6066-11e4-a52e-4f735466cecf":"f.DDB7B01D6F017A691A4290B040C538A5.d.3C369E05441BA347DC7BB38FE822BEB0.e.3561"},"setValue",["5/22/25"]]}
RESULT: {"script":"<script> [6424 bytes]","args":[{"element-6066-11e4-a52e-4f735466cecf":"f.DDB7B01D6F017A691A4290B040C538A5.d.3C369E05441BA347DC7BB38FE822BEB0.e.3561"},"setValue",["5/22/25"]]}
COMMAND: POST /session/b26d351fd48d9bf18d1747792d872463/element - {"using":"xpath","value":"//button[@data-kt=\"PickingTableConfirmAllButton\"]"}
RESULT: {"using":"xpath","value":"//button[@data-kt=\"PickingTableConfirmAllButton\"]"}
COMMAND: POST /session/b26d351fd48d9bf18d1747792d872463/element/f.DDB7B01D6F017A691A4290B040C538A5.d.3C369E05441BA347DC7BB38FE822BEB0.e.3574/click - {}
RESULT: {}
COMMAND: GET /session/b26d351fd48d9bf18d1747792d872463/screenshot - {}
RESULT: {}
COMMAND: POST /session/b26d351fd48d9bf18d1747792d872463/element - {"using":"xpath","value":"//bdi[contains(text(), \"OK\")]"}
RESULT: {"using":"xpath","value":"//bdi[contains(text(), \"OK\")]"}
COMMAND: POST /session/b26d351fd48d9bf18d1747792d872463/element/f.DDB7B01D6F017A691A4290B040C538A5.d.3C369E05441BA347DC7BB38FE822BEB0.e.3576/click - {}
RESULT: {}
COMMAND: GET /session/b26d351fd48d9bf18d1747792d872463/screenshot - {}
RESULT: {}
COMMAND: POST /session/b26d351fd48d9bf18d1747792d872463/element - {"using":"xpath","value":"(//bdi[contains(text(), \"Receive\")])[2]"}
RESULT: {"using":"xpath","value":"(//bdi[contains(text(), \"Receive\")])[2]"}
COMMAND: POST /session/b26d351fd48d9bf18d1747792d872463/element/f.DDB7B01D6F017A691A4290B040C538A5.d.3C369E05441BA347DC7BB38FE822BEB0.e.3578/click - {}
RESULT: {}
COMMAND: GET /session/b26d351fd48d9bf18d1747792d872463/screenshot - {}
RESULT: {}
COMMAND: POST /session/b26d351fd48d9bf18d1747792d872463/element - {"using":"css selector","value":"#shell-header-logo"}
RESULT: {"using":"css selector","value":"#shell-header-logo"}
COMMAND: POST /session/b26d351fd48d9bf18d1747792d872463/element/f.DDB7B01D6F017A691A4290B040C538A5.d.3C369E05441BA347DC7BB38FE822BEB0.e.2959/click - {}
RESULT: {}
COMMAND: GET /session/b26d351fd48d9bf18d1747792d872463/screenshot - {}
RESULT: {}
]]></system-out>
    </testcase>
    <testcase classname="chrome.136_0_7103_93.windows.Create_masterdata_for_Yard_Overview_-_trigger_provide_US130988" name="Should create a new contract" time="66.759">
      <system-out><![CDATA[
COMMAND: POST /session/b26d351fd48d9bf18d1747792d872463/execute/async - {"script":"<script> [1562 bytes]","args":[{"selector":{"controlType":"sap.m.GenericTile","properties":{"header":"Manage Contracts"}},"wdio_ui5_key":"sapm.GenericTile{\"header\":\"Manage Contracts\"}"}]}
RESULT: {"script":"<script> [1562 bytes]","args":[{"selector":{"controlType":"sap.m.GenericTile","properties":{"header":"Manage Contracts"}},"wdio_ui5_key":"sapm.GenericTile{\"header\":\"Manage Contracts\"}"}]}
RESULT: undefined
COMMAND: POST /session/b26d351fd48d9bf18d1747792d872463/element - {"using":"xpath","value":"//*[@id=\"__tile130\"]"}
RESULT: {"using":"xpath","value":"//*[@id=\"__tile130\"]"}
COMMAND: POST /session/b26d351fd48d9bf18d1747792d872463/element/f.DDB7B01D6F017A691A4290B040C538A5.d.3C369E05441BA347DC7BB38FE822BEB0.e.140/click - {}
RESULT: {}
COMMAND: GET /session/b26d351fd48d9bf18d1747792d872463/screenshot - {}
RESULT: {}
COMMAND: POST /session/b26d351fd48d9bf18d1747792d872463/elements - {"using":"xpath","value":"//span[text()='Error']"}
RESULT: {"using":"xpath","value":"//span[text()='Error']"}
COMMAND: POST /session/b26d351fd48d9bf18d1747792d872463/element - {"using":"xpath","value":"//button[@data-kt=\"addButton\"]"}
RESULT: {"using":"xpath","value":"//button[@data-kt=\"addButton\"]"}
COMMAND: POST /session/b26d351fd48d9bf18d1747792d872463/elements - {"using":"xpath","value":"//button[@data-kt=\"addButton\"]"}
RESULT: {"using":"xpath","value":"//button[@data-kt=\"addButton\"]"}
COMMAND: POST /session/b26d351fd48d9bf18d1747792d872463/execute/sync - {"script":"<script> [8489 bytes]","args":[{"element-6066-11e4-a52e-4f735466cecf":"f.DDB7B01D6F017A691A4290B040C538A5.d.3C369E05441BA347DC7BB38FE822BEB0.e.3801","ELEMENT":"f.DDB7B01D6F017A691A4290B040C538A5.d.3C369E05441BA347DC7BB38FE822BEB0.e.3801"}]}
RESULT: {"script":"<script> [8489 bytes]","args":[{"element-6066-11e4-a52e-4f735466cecf":"f.DDB7B01D6F017A691A4290B040C538A5.d.3C369E05441BA347DC7BB38FE822BEB0.e.3801","ELEMENT":"f.DDB7B01D6F017A691A4290B040C538A5.d.3C369E05441BA347DC7BB38FE822BEB0.e.3801"}]}
COMMAND: GET /session/b26d351fd48d9bf18d1747792d872463/element/f.DDB7B01D6F017A691A4290B040C538A5.d.3C369E05441BA347DC7BB38FE822BEB0.e.3801/enabled - {}
COMMAND: GET /session/b26d351fd48d9bf18d1747792d872463/screenshot - {}
RESULT: {}
COMMAND: POST /session/b26d351fd48d9bf18d1747792d872463/execute/sync - {"script":"<script> [8489 bytes]","args":[{"element-6066-11e4-a52e-4f735466cecf":"f.DDB7B01D6F017A691A4290B040C538A5.d.3C369E05441BA347DC7BB38FE822BEB0.e.3801","ELEMENT":"f.DDB7B01D6F017A691A4290B040C538A5.d.3C369E05441BA347DC7BB38FE822BEB0.e.3801"}]}
COMMAND: GET /session/b26d351fd48d9bf18d1747792d872463/screenshot - {}
RESULT: {}
RESULT: {"script":"<script> [8489 bytes]","args":[{"element-6066-11e4-a52e-4f735466cecf":"f.DDB7B01D6F017A691A4290B040C538A5.d.3C369E05441BA347DC7BB38FE822BEB0.e.3801","ELEMENT":"f.DDB7B01D6F017A691A4290B040C538A5.d.3C369E05441BA347DC7BB38FE822BEB0.e.3801"}]}
COMMAND: POST /session/b26d351fd48d9bf18d1747792d872463/execute/sync - {"script":"<script> [5351 bytes]","args":[{"element-6066-11e4-a52e-4f735466cecf":"f.DDB7B01D6F017A691A4290B040C538A5.d.3C369E05441BA347DC7BB38FE822BEB0.e.3801","ELEMENT":"f.DDB7B01D6F017A691A4290B040C538A5.d.3C369E05441BA347DC7BB38FE822BEB0.e.3801"}]}
COMMAND: GET /session/b26d351fd48d9bf18d1747792d872463/screenshot - {}
RESULT: {}
RESULT: {"script":"<script> [5351 bytes]","args":[{"element-6066-11e4-a52e-4f735466cecf":"f.DDB7B01D6F017A691A4290B040C538A5.d.3C369E05441BA347DC7BB38FE822BEB0.e.3801","ELEMENT":"f.DDB7B01D6F017A691A4290B040C538A5.d.3C369E05441BA347DC7BB38FE822BEB0.e.3801"}]}
COMMAND: GET /session/b26d351fd48d9bf18d1747792d872463/screenshot - {}
RESULT: {}
RESULT: {}
COMMAND: POST /session/b26d351fd48d9bf18d1747792d872463/element/f.DDB7B01D6F017A691A4290B040C538A5.d.3C369E05441BA347DC7BB38FE822BEB0.e.3801/click - {}
RESULT: {}
COMMAND: GET /session/b26d351fd48d9bf18d1747792d872463/screenshot - {}
RESULT: {}
COMMAND: POST /session/b26d351fd48d9bf18d1747792d872463/execute/async - {"script":"<script> [1562 bytes]","args":[{"selector":{"id":"application-managecontracts-display-component---AddNewContract--projectDescription","interaction":{"idSuffix":"inner"}},"wdio_ui5_key":"applicationmanagecontracts-display-component---AddNewContract--projectDescription"}]}
RESULT: {"script":"<script> [1562 bytes]","args":[{"selector":{"id":"application-managecontracts-display-component---AddNewContract--projectDescription","interaction":{"idSuffix":"inner"}},"wdio_ui5_key":"applicationmanagecontracts-display-component---AddNewContract--projectDescription"}]}
RESULT: undefined
COMMAND: POST /session/b26d351fd48d9bf18d1747792d872463/execute/async - {"script":"<script> [776 bytes]","args":[{"enterText":"Contract WDIO","selector":{"id":"application-managecontracts-display-component---AddNewContract--projectDescription","interaction":{"idSuffix":"inner"}},"clearTextFirst":true,"interactionType":"ENTER_TEXT"}]}
RESULT: {"script":"<script> [776 bytes]","args":[{"enterText":"Contract WDIO","selector":{"id":"application-managecontracts-display-component---AddNewContract--projectDescription","interaction":{"idSuffix":"inner"}},"clearTextFirst":true,"interactionType":"ENTER_TEXT"}]}
COMMAND: POST /session/b26d351fd48d9bf18d1747792d872463/element - {"using":"xpath","value":"//input[@id=\"application-managecontracts-display-component---AddNewContract--site-inner\"]"}
RESULT: {"using":"xpath","value":"//input[@id=\"application-managecontracts-display-component---AddNewContract--site-inner\"]"}
COMMAND: POST /session/b26d351fd48d9bf18d1747792d872463/element/f.DDB7B01D6F017A691A4290B040C538A5.d.3C369E05441BA347DC7BB38FE822BEB0.e.4154/clear - {}
RESULT: {}
COMMAND: POST /session/b26d351fd48d9bf18d1747792d872463/element/f.DDB7B01D6F017A691A4290B040C538A5.d.3C369E05441BA347DC7BB38FE822BEB0.e.4154/value - {"text":"2356"}
COMMAND: GET /session/b26d351fd48d9bf18d1747792d872463/screenshot - {}
RESULT: {"text":"2356"}
COMMAND: GET /session/b26d351fd48d9bf18d1747792d872463/screenshot - {}
RESULT: {}
RESULT: {}
COMMAND: POST /session/b26d351fd48d9bf18d1747792d872463/element - {"using":"xpath","value":"//li[.//span[text()='2356']]"}
RESULT: {"using":"xpath","value":"//li[.//span[text()='2356']]"}
COMMAND: POST /session/b26d351fd48d9bf18d1747792d872463/element/f.DDB7B01D6F017A691A4290B040C538A5.d.3C369E05441BA347DC7BB38FE822BEB0.e.4184/click - {}
RESULT: {}
COMMAND: GET /session/b26d351fd48d9bf18d1747792d872463/screenshot - {}
RESULT: {}
COMMAND: POST /session/b26d351fd48d9bf18d1747792d872463/element - {"using":"xpath","value":"//input[@id=\"application-managecontracts-display-component---AddNewContract--yardId-inner\"]"}
RESULT: {"using":"xpath","value":"//input[@id=\"application-managecontracts-display-component---AddNewContract--yardId-inner\"]"}
COMMAND: GET /session/b26d351fd48d9bf18d1747792d872463/element/f.DDB7B01D6F017A691A4290B040C538A5.d.3C369E05441BA347DC7BB38FE822BEB0.e.4155/property/value - {}
RESULT: {}
COMMAND: POST /session/b26d351fd48d9bf18d1747792d872463/element - {"using":"xpath","value":"//input[@id=\"application-managecontracts-display-component---AddNewContract--customerSelect-inner\"]"}
COMMAND: GET /session/b26d351fd48d9bf18d1747792d872463/screenshot - {}
RESULT: {"using":"xpath","value":"//input[@id=\"application-managecontracts-display-component---AddNewContract--customerSelect-inner\"]"}
COMMAND: POST /session/b26d351fd48d9bf18d1747792d872463/element/f.DDB7B01D6F017A691A4290B040C538A5.d.3C369E05441BA347DC7BB38FE822BEB0.e.4153/clear - {}
RESULT: {}
RESULT: {}
COMMAND: POST /session/b26d351fd48d9bf18d1747792d872463/element/f.DDB7B01D6F017A691A4290B040C538A5.d.3C369E05441BA347DC7BB38FE822BEB0.e.4153/value - {"text":"1435"}
COMMAND: GET /session/b26d351fd48d9bf18d1747792d872463/screenshot - {}
RESULT: {"text":"1435"}
COMMAND: GET /session/b26d351fd48d9bf18d1747792d872463/screenshot - {}
RESULT: {}
RESULT: {}
COMMAND: POST /session/b26d351fd48d9bf18d1747792d872463/element - {"using":"xpath","value":"//li[.//span[text()='1435']]"}
RESULT: {"using":"xpath","value":"//li[.//span[text()='1435']]"}
COMMAND: POST /session/b26d351fd48d9bf18d1747792d872463/element/f.DDB7B01D6F017A691A4290B040C538A5.d.3C369E05441BA347DC7BB38FE822BEB0.e.4187/click - {}
RESULT: {}
COMMAND: GET /session/b26d351fd48d9bf18d1747792d872463/screenshot - {}
RESULT: {}
COMMAND: POST /session/b26d351fd48d9bf18d1747792d872463/element - {"using":"xpath","value":"//button[@data-kt=\"saveButton\"]"}
RESULT: {"using":"xpath","value":"//button[@data-kt=\"saveButton\"]"}
COMMAND: POST /session/b26d351fd48d9bf18d1747792d872463/element/f.DDB7B01D6F017A691A4290B040C538A5.d.3C369E05441BA347DC7BB38FE822BEB0.e.4188/click - {}
RESULT: {}
COMMAND: GET /session/b26d351fd48d9bf18d1747792d872463/screenshot - {}
RESULT: {}
COMMAND: POST /session/b26d351fd48d9bf18d1747792d872463/element - {"using":"xpath","value":"//span[contains(@id ,\"contractDetailTitleNoExpanded\")]"}
RESULT: {"using":"xpath","value":"//span[contains(@id ,\"contractDetailTitleNoExpanded\")]"}
COMMAND: POST /session/b26d351fd48d9bf18d1747792d872463/elements - {"using":"xpath","value":"//span[contains(@id ,\"contractDetailTitleNoExpanded\")]"}
RESULT: {"using":"xpath","value":"//span[contains(@id ,\"contractDetailTitleNoExpanded\")]"}
COMMAND: POST /session/b26d351fd48d9bf18d1747792d872463/execute/sync - {"script":"<script> [56 bytes]","args":[{"element-6066-11e4-a52e-4f735466cecf":"f.DDB7B01D6F017A691A4290B040C538A5.d.3C369E05441BA347DC7BB38FE822BEB0.e.4260","ELEMENT":"f.DDB7B01D6F017A691A4290B040C538A5.d.3C369E05441BA347DC7BB38FE822BEB0.e.4260"}]}
RESULT: {"script":"<script> [56 bytes]","args":[{"element-6066-11e4-a52e-4f735466cecf":"f.DDB7B01D6F017A691A4290B040C538A5.d.3C369E05441BA347DC7BB38FE822BEB0.e.4260","ELEMENT":"f.DDB7B01D6F017A691A4290B040C538A5.d.3C369E05441BA347DC7BB38FE822BEB0.e.4260"}]}
COMMAND: GET /session/b26d351fd48d9bf18d1747792d872463/screenshot - {}
RESULT: {}
]]></system-out>
    </testcase>
    <testcase classname="chrome.136_0_7103_93.windows.Create_masterdata_for_Yard_Overview_-_trigger_provide_US130988" name="Should add created equipment to contract" time="65.912">
      <system-out><![CDATA[
COMMAND: POST /session/b26d351fd48d9bf18d1747792d872463/element - {"using":"xpath","value":"//button[@data-kt=\"contractDetailEditBtnButton\"]"}
RESULT: {"using":"xpath","value":"//button[@data-kt=\"contractDetailEditBtnButton\"]"}
COMMAND: POST /session/b26d351fd48d9bf18d1747792d872463/element/f.DDB7B01D6F017A691A4290B040C538A5.d.3C369E05441BA347DC7BB38FE822BEB0.e.4262/click - {}
RESULT: {}
COMMAND: GET /session/b26d351fd48d9bf18d1747792d872463/screenshot - {}
RESULT: {}
COMMAND: POST /session/b26d351fd48d9bf18d1747792d872463/element - {"using":"xpath","value":"(//span[contains(text(), \"Additional Addresses\")])[2]"}
RESULT: {"using":"xpath","value":"(//span[contains(text(), \"Additional Addresses\")])[2]"}
COMMAND: POST /session/b26d351fd48d9bf18d1747792d872463/element/f.DDB7B01D6F017A691A4290B040C538A5.d.3C369E05441BA347DC7BB38FE822BEB0.e.4318/click - {}
RESULT: {}
COMMAND: GET /session/b26d351fd48d9bf18d1747792d872463/screenshot - {}
RESULT: {}
COMMAND: POST /session/b26d351fd48d9bf18d1747792d872463/element - {"using":"xpath","value":"//button[@data-kt=\"btnAddTableRowOverflowToolbarButton\"]"}
RESULT: {"using":"xpath","value":"//button[@data-kt=\"btnAddTableRowOverflowToolbarButton\"]"}
COMMAND: POST /session/b26d351fd48d9bf18d1747792d872463/element/f.DDB7B01D6F017A691A4290B040C538A5.d.3C369E05441BA347DC7BB38FE822BEB0.e.4320/click - {}
RESULT: {}
COMMAND: GET /session/b26d351fd48d9bf18d1747792d872463/screenshot - {}
RESULT: {}
COMMAND: POST /session/b26d351fd48d9bf18d1747792d872463/element - {"using":"xpath","value":"//div[(text() = 'Standard Entry' or . = 'Standard Entry')]"}
RESULT: {"using":"xpath","value":"//div[(text() = 'Standard Entry' or . = 'Standard Entry')]"}
COMMAND: POST /session/b26d351fd48d9bf18d1747792d872463/element/f.DDB7B01D6F017A691A4290B040C538A5.d.3C369E05441BA347DC7BB38FE822BEB0.e.4322/click - {}
RESULT: {}
COMMAND: GET /session/b26d351fd48d9bf18d1747792d872463/screenshot - {}
RESULT: {}
COMMAND: POST /session/b26d351fd48d9bf18d1747792d872463/element - {"using":"xpath","value":"//td[6]/div/div/div/span"}
RESULT: {"using":"xpath","value":"//td[6]/div/div/div/span"}
COMMAND: POST /session/b26d351fd48d9bf18d1747792d872463/element/f.DDB7B01D6F017A691A4290B040C538A5.d.3C369E05441BA347DC7BB38FE822BEB0.e.4334/click - {}
RESULT: {}
COMMAND: GET /session/b26d351fd48d9bf18d1747792d872463/screenshot - {}
RESULT: {}
COMMAND: POST /session/b26d351fd48d9bf18d1747792d872463/element - {"using":"xpath","value":"(//span[contains(text(), \"Material\")])"}
RESULT: {"using":"xpath","value":"(//span[contains(text(), \"Material\")])"}
COMMAND: POST /session/b26d351fd48d9bf18d1747792d872463/element/f.DDB7B01D6F017A691A4290B040C538A5.d.3C369E05441BA347DC7BB38FE822BEB0.e.4335/click - {}
RESULT: {}
COMMAND: GET /session/b26d351fd48d9bf18d1747792d872463/screenshot - {}
RESULT: {}
COMMAND: POST /session/b26d351fd48d9bf18d1747792d872463/element - {"using":"xpath","value":"//td[7]/div/div/input"}
RESULT: {"using":"xpath","value":"//td[7]/div/div/input"}
COMMAND: POST /session/b26d351fd48d9bf18d1747792d872463/element/f.DDB7B01D6F017A691A4290B040C538A5.d.3C369E05441BA347DC7BB38FE822BEB0.e.4339/clear - {}
RESULT: {}
COMMAND: POST /session/b26d351fd48d9bf18d1747792d872463/element/f.DDB7B01D6F017A691A4290B040C538A5.d.3C369E05441BA347DC7BB38FE822BEB0.e.4339/value - {"text":"200393"}
COMMAND: GET /session/b26d351fd48d9bf18d1747792d872463/screenshot - {}
RESULT: {"text":"200393"}
COMMAND: GET /session/b26d351fd48d9bf18d1747792d872463/screenshot - {}
RESULT: {}
RESULT: {}
COMMAND: POST /session/b26d351fd48d9bf18d1747792d872463/actions - {"actions":[{"id":"action10","type":"key","parameters":{},"actions":[{"type":"keyDown","value":""},{"type":"pause","duration":10},{"type":"keyUp","value":""}]}]}
RESULT: {"actions":[{"id":"action10","type":"key","parameters":{},"actions":[{"type":"keyDown","value":""},{"type":"pause","duration":10},{"type":"keyUp","value":""}]}]}
COMMAND: GET /session/b26d351fd48d9bf18d1747792d872463/screenshot - {}
RESULT: {}
COMMAND: POST /session/b26d351fd48d9bf18d1747792d872463/execute/sync - {"script":"<script> [276 bytes]","args":["No pricing information was found"]}
RESULT: {"script":"<script> [276 bytes]","args":["No pricing information was found"]}
COMMAND: POST /session/b26d351fd48d9bf18d1747792d872463/element - {"using":"xpath","value":"//bdi[contains(text(), \"OK\")]"}
COMMAND: GET /session/b26d351fd48d9bf18d1747792d872463/screenshot - {}
RESULT: {"using":"xpath","value":"//bdi[contains(text(), \"OK\")]"}
COMMAND: POST /session/b26d351fd48d9bf18d1747792d872463/element/f.DDB7B01D6F017A691A4290B040C538A5.d.3C369E05441BA347DC7BB38FE822BEB0.e.4365/click - {}
RESULT: {}
RESULT: {}
COMMAND: GET /session/b26d351fd48d9bf18d1747792d872463/screenshot - {}
RESULT: {}
COMMAND: POST /session/b26d351fd48d9bf18d1747792d872463/element - {"using":"xpath","value":"(//button[@data-kt=\"saveButton\"])[2]"}
RESULT: {"using":"xpath","value":"(//button[@data-kt=\"saveButton\"])[2]"}
COMMAND: POST /session/b26d351fd48d9bf18d1747792d872463/element/f.DDB7B01D6F017A691A4290B040C538A5.d.3C369E05441BA347DC7BB38FE822BEB0.e.4366/click - {}
RESULT: {}
COMMAND: GET /session/b26d351fd48d9bf18d1747792d872463/screenshot - {}
RESULT: {}
COMMAND: POST /session/b26d351fd48d9bf18d1747792d872463/execute/sync - {"script":"<script> [276 bytes]","args":["Some contract items are having rental validity exceeding header rental validity"]}
RESULT: {"script":"<script> [276 bytes]","args":["Some contract items are having rental validity exceeding header rental validity"]}
COMMAND: GET /session/b26d351fd48d9bf18d1747792d872463/screenshot - {}
RESULT: {}
COMMAND: POST /session/b26d351fd48d9bf18d1747792d872463/element - {"using":"xpath","value":"//span[contains(@id ,\"contractItemsSmartTable-header-inner\")]"}
RESULT: {"using":"xpath","value":"//span[contains(@id ,\"contractItemsSmartTable-header-inner\")]"}
COMMAND: POST /session/b26d351fd48d9bf18d1747792d872463/elements - {"using":"xpath","value":"//span[contains(@id ,\"contractItemsSmartTable-header-inner\")]"}
RESULT: {"using":"xpath","value":"//span[contains(@id ,\"contractItemsSmartTable-header-inner\")]"}
COMMAND: POST /session/b26d351fd48d9bf18d1747792d872463/execute/sync - {"script":"<script> [56 bytes]","args":[{"element-6066-11e4-a52e-4f735466cecf":"f.DDB7B01D6F017A691A4290B040C538A5.d.3C369E05441BA347DC7BB38FE822BEB0.e.4370","ELEMENT":"f.DDB7B01D6F017A691A4290B040C538A5.d.3C369E05441BA347DC7BB38FE822BEB0.e.4370"}]}
RESULT: {"script":"<script> [56 bytes]","args":[{"element-6066-11e4-a52e-4f735466cecf":"f.DDB7B01D6F017A691A4290B040C538A5.d.3C369E05441BA347DC7BB38FE822BEB0.e.4370","ELEMENT":"f.DDB7B01D6F017A691A4290B040C538A5.d.3C369E05441BA347DC7BB38FE822BEB0.e.4370"}]}
COMMAND: POST /session/b26d351fd48d9bf18d1747792d872463/element - {"using":"css selector","value":"#shell-header-logo"}
COMMAND: GET /session/b26d351fd48d9bf18d1747792d872463/screenshot - {}
RESULT: {"using":"css selector","value":"#shell-header-logo"}
COMMAND: POST /session/b26d351fd48d9bf18d1747792d872463/element/f.DDB7B01D6F017A691A4290B040C538A5.d.3C369E05441BA347DC7BB38FE822BEB0.e.3752/click - {}
RESULT: {}
RESULT: {}
COMMAND: GET /session/b26d351fd48d9bf18d1747792d872463/screenshot - {}
RESULT: {}
]]></system-out>
    </testcase>
    <testcase classname="chrome.136_0_7103_93.windows.Create_masterdata_for_Yard_Overview_-_trigger_provide_US130988" name="Navigate to Yard overview and provide the RU" time="156.047">
      <system-out><![CDATA[
COMMAND: POST /session/b26d351fd48d9bf18d1747792d872463/execute/async - {"script":"<script> [1562 bytes]","args":[{"selector":{"controlType":"sap.m.GenericTile","properties":{"header":"Yard Overview"}},"wdio_ui5_key":"sapm.GenericTile{\"header\":\"Yard Overview\"}"}]}
RESULT: {"script":"<script> [1562 bytes]","args":[{"selector":{"controlType":"sap.m.GenericTile","properties":{"header":"Yard Overview"}},"wdio_ui5_key":"sapm.GenericTile{\"header\":\"Yard Overview\"}"}]}
RESULT: undefined
COMMAND: POST /session/b26d351fd48d9bf18d1747792d872463/element - {"using":"xpath","value":"//*[@id=\"__tile102\"]"}
RESULT: {"using":"xpath","value":"//*[@id=\"__tile102\"]"}
COMMAND: POST /session/b26d351fd48d9bf18d1747792d872463/element/f.DDB7B01D6F017A691A4290B040C538A5.d.3C369E05441BA347DC7BB38FE822BEB0.e.4372/click - {}
RESULT: {}
COMMAND: GET /session/b26d351fd48d9bf18d1747792d872463/screenshot - {}
RESULT: {}
COMMAND: POST /session/b26d351fd48d9bf18d1747792d872463/elements - {"using":"xpath","value":"//span[text()='Error']"}
RESULT: {"using":"xpath","value":"//span[text()='Error']"}
COMMAND: POST /session/b26d351fd48d9bf18d1747792d872463/element - {"using":"xpath","value":"//input[contains(@id,\"smartFilterBar-btnBasicSearch-I\")]"}
RESULT: {"using":"xpath","value":"//input[contains(@id,\"smartFilterBar-btnBasicSearch-I\")]"}
COMMAND: POST /session/b26d351fd48d9bf18d1747792d872463/elements - {"using":"xpath","value":"//input[contains(@id,\"smartFilterBar-btnBasicSearch-I\")]"}
RESULT: {"using":"xpath","value":"//input[contains(@id,\"smartFilterBar-btnBasicSearch-I\")]"}
COMMAND: POST /session/b26d351fd48d9bf18d1747792d872463/execute/sync - {"script":"<script> [8489 bytes]","args":[{"element-6066-11e4-a52e-4f735466cecf":"f.DDB7B01D6F017A691A4290B040C538A5.d.3C369E05441BA347DC7BB38FE822BEB0.e.4378","ELEMENT":"f.DDB7B01D6F017A691A4290B040C538A5.d.3C369E05441BA347DC7BB38FE822BEB0.e.4378"}]}
RESULT: {"script":"<script> [8489 bytes]","args":[{"element-6066-11e4-a52e-4f735466cecf":"f.DDB7B01D6F017A691A4290B040C538A5.d.3C369E05441BA347DC7BB38FE822BEB0.e.4378","ELEMENT":"f.DDB7B01D6F017A691A4290B040C538A5.d.3C369E05441BA347DC7BB38FE822BEB0.e.4378"}]}
COMMAND: GET /session/b26d351fd48d9bf18d1747792d872463/element/f.DDB7B01D6F017A691A4290B040C538A5.d.3C369E05441BA347DC7BB38FE822BEB0.e.4378/enabled - {}
COMMAND: GET /session/b26d351fd48d9bf18d1747792d872463/screenshot - {}
RESULT: {}
COMMAND: POST /session/b26d351fd48d9bf18d1747792d872463/execute/sync - {"script":"<script> [8489 bytes]","args":[{"element-6066-11e4-a52e-4f735466cecf":"f.DDB7B01D6F017A691A4290B040C538A5.d.3C369E05441BA347DC7BB38FE822BEB0.e.4378","ELEMENT":"f.DDB7B01D6F017A691A4290B040C538A5.d.3C369E05441BA347DC7BB38FE822BEB0.e.4378"}]}
COMMAND: GET /session/b26d351fd48d9bf18d1747792d872463/screenshot - {}
RESULT: {}
RESULT: {"script":"<script> [8489 bytes]","args":[{"element-6066-11e4-a52e-4f735466cecf":"f.DDB7B01D6F017A691A4290B040C538A5.d.3C369E05441BA347DC7BB38FE822BEB0.e.4378","ELEMENT":"f.DDB7B01D6F017A691A4290B040C538A5.d.3C369E05441BA347DC7BB38FE822BEB0.e.4378"}]}
COMMAND: POST /session/b26d351fd48d9bf18d1747792d872463/execute/sync - {"script":"<script> [5351 bytes]","args":[{"element-6066-11e4-a52e-4f735466cecf":"f.DDB7B01D6F017A691A4290B040C538A5.d.3C369E05441BA347DC7BB38FE822BEB0.e.4378","ELEMENT":"f.DDB7B01D6F017A691A4290B040C538A5.d.3C369E05441BA347DC7BB38FE822BEB0.e.4378"}]}
COMMAND: GET /session/b26d351fd48d9bf18d1747792d872463/screenshot - {}
RESULT: {}
RESULT: {"script":"<script> [5351 bytes]","args":[{"element-6066-11e4-a52e-4f735466cecf":"f.DDB7B01D6F017A691A4290B040C538A5.d.3C369E05441BA347DC7BB38FE822BEB0.e.4378","ELEMENT":"f.DDB7B01D6F017A691A4290B040C538A5.d.3C369E05441BA347DC7BB38FE822BEB0.e.4378"}]}
COMMAND: GET /session/b26d351fd48d9bf18d1747792d872463/screenshot - {}
RESULT: {}
RESULT: {}
COMMAND: POST /session/b26d351fd48d9bf18d1747792d872463/element/f.DDB7B01D6F017A691A4290B040C538A5.d.3C369E05441BA347DC7BB38FE822BEB0.e.4378/clear - {}
RESULT: {}
COMMAND: POST /session/b26d351fd48d9bf18d1747792d872463/element/f.DDB7B01D6F017A691A4290B040C538A5.d.3C369E05441BA347DC7BB38FE822BEB0.e.4378/value - {"text":"669"}
COMMAND: GET /session/b26d351fd48d9bf18d1747792d872463/screenshot - {}
RESULT: {"text":"669"}
COMMAND: GET /session/b26d351fd48d9bf18d1747792d872463/screenshot - {}
RESULT: {}
RESULT: {}
COMMAND: POST /session/b26d351fd48d9bf18d1747792d872463/actions - {"actions":[{"id":"action11","type":"key","parameters":{},"actions":[{"type":"keyDown","value":""},{"type":"pause","duration":10},{"type":"keyUp","value":""}]}]}
RESULT: {"actions":[{"id":"action11","type":"key","parameters":{},"actions":[{"type":"keyDown","value":""},{"type":"pause","duration":10},{"type":"keyUp","value":""}]}]}
COMMAND: GET /session/b26d351fd48d9bf18d1747792d872463/screenshot - {}
RESULT: {}
COMMAND: POST /session/b26d351fd48d9bf18d1747792d872463/element - {"using":"xpath","value":"//span[contains(@id, \"smartTable-header-inner\")]"}
RESULT: {"using":"xpath","value":"//span[contains(@id, \"smartTable-header-inner\")]"}
COMMAND: POST /session/b26d351fd48d9bf18d1747792d872463/elements - {"using":"xpath","value":"//span[contains(@id, \"smartTable-header-inner\")]"}
RESULT: {"using":"xpath","value":"//span[contains(@id, \"smartTable-header-inner\")]"}
COMMAND: POST /session/b26d351fd48d9bf18d1747792d872463/execute/sync - {"script":"<script> [56 bytes]","args":[{"element-6066-11e4-a52e-4f735466cecf":"f.DDB7B01D6F017A691A4290B040C538A5.d.3C369E05441BA347DC7BB38FE822BEB0.e.4449","ELEMENT":"f.DDB7B01D6F017A691A4290B040C538A5.d.3C369E05441BA347DC7BB38FE822BEB0.e.4449"}]}
RESULT: {"script":"<script> [56 bytes]","args":[{"element-6066-11e4-a52e-4f735466cecf":"f.DDB7B01D6F017A691A4290B040C538A5.d.3C369E05441BA347DC7BB38FE822BEB0.e.4449","ELEMENT":"f.DDB7B01D6F017A691A4290B040C538A5.d.3C369E05441BA347DC7BB38FE822BEB0.e.4449"}]}
COMMAND: POST /session/b26d351fd48d9bf18d1747792d872463/element - {"using":"xpath","value":"(//span[contains(@id, \"imgNav\")])[1]"}
COMMAND: GET /session/b26d351fd48d9bf18d1747792d872463/screenshot - {}
RESULT: {"using":"xpath","value":"(//span[contains(@id, \"imgNav\")])[1]"}
COMMAND: POST /session/b26d351fd48d9bf18d1747792d872463/element/f.DDB7B01D6F017A691A4290B040C538A5.d.3C369E05441BA347DC7BB38FE822BEB0.e.4448/click - {}
RESULT: {}
RESULT: {}
COMMAND: GET /session/b26d351fd48d9bf18d1747792d872463/screenshot - {}
RESULT: {}
COMMAND: POST /session/b26d351fd48d9bf18d1747792d872463/execute/async - {"script":"<script> [1562 bytes]","args":[{"selector":{"id":"application-yardoverview-display-component---detailYardInventory--openProvides-triggerAction-provideBtn","interaction":{"idSuffix":"BDI-content"}},"wdio_ui5_key":"applicationyardoverview-display-component---detailYardInventory--openProvides-triggerAction-provideBtn"}]}
RESULT: {"script":"<script> [1562 bytes]","args":[{"selector":{"id":"application-yardoverview-display-component---detailYardInventory--openProvides-triggerAction-provideBtn","interaction":{"idSuffix":"BDI-content"}},"wdio_ui5_key":"applicationyardoverview-display-component---detailYardInventory--openProvides-triggerAction-provideBtn"}]}
RESULT: undefined
COMMAND: POST /session/b26d351fd48d9bf18d1747792d872463/element - {"using":"xpath","value":"//*[@id=\"application-yardoverview-display-component---detailYardInventory--openProvides-triggerAction-provideBtn\"]"}
RESULT: {"using":"xpath","value":"//*[@id=\"application-yardoverview-display-component---detailYardInventory--openProvides-triggerAction-provideBtn\"]"}
COMMAND: POST /session/b26d351fd48d9bf18d1747792d872463/element/f.DDB7B01D6F017A691A4290B040C538A5.d.3C369E05441BA347DC7BB38FE822BEB0.e.4485/click - {}
RESULT: {}
COMMAND: GET /session/b26d351fd48d9bf18d1747792d872463/screenshot - {}
RESULT: {}
COMMAND: POST /session/b26d351fd48d9bf18d1747792d872463/execute/async - {"script":"<script> [1562 bytes]","args":[{"selector":{"controlType":"sap.m.CheckBox","viewName":"etm.portal.ui.yardoverview.view.Detail","viewId":"application-yardoverview-display-component---detailYardInventory","properties":{"editable":true},"ancestor":{"controlType":"sap.m.ColumnListItem","viewName":"etm.portal.ui.yardoverview.view.Detail","viewId":"application-yardoverview-display-component---detailYardInventory","bindingPath":{"path":"/SmartOpenRUYardInventory(CONTRACT='10501',ITEM=10m,SUB_ITEM=0m)"},"ancestor":{"id":"application-yardoverview-display-component---detailYardInventory--customProvidesTable"}},"interaction":{"idSuffix":"CbBg"}},"wdio_ui5_key":"etmportal.ui.yardoverview.view.Detailsap.m.CheckBox{\"editable\":true}{\"controlType\":\"sap.m.ColumnListItem\",\"viewName\":\"etm.portal.ui.yardoverview.view.Detail\",\"viewId\":\"application-yardoverview-display-component---detailYardInventory\",\"bindingPath\":{\"path\":\"/SmartOpenRUYardInventory(CONTRACT='10501',ITEM=10m,SUB_ITEM=0m)\"},\"ancestor\":{\"id\":\"application-yardoverview-display-component---detailYardInventory--customProvidesTable\"}}"}]}
RESULT: {"script":"<script> [1562 bytes]","args":[{"selector":{"controlType":"sap.m.CheckBox","viewName":"etm.portal.ui.yardoverview.view.Detail","viewId":"application-yardoverview-display-component---detailYardInventory","properties":{"editable":true},"ancestor":{"controlType":"sap.m.ColumnListItem","viewName":"etm.portal.ui.yardoverview.view.Detail","viewId":"application-yardoverview-display-component---detailYardInventory","bindingPath":{"path":"/SmartOpenRUYardInventory(CONTRACT='10501',ITEM=10m,SUB_ITEM=0m)"},"ancestor":{"id":"application-yardoverview-display-component---detailYardInventory--customProvidesTable"}},"interaction":{"idSuffix":"CbBg"}},"wdio_ui5_key":"etmportal.ui.yardoverview.view.Detailsap.m.CheckBox{\"editable\":true}{\"controlType\":\"sap.m.ColumnListItem\",\"viewName\":\"etm.portal.ui.yardoverview.view.Detail\",\"viewId\":\"application-yardoverview-display-component---detailYardInventory\",\"bindingPath\":{\"path\":\"/SmartOpenRUYardInventory(CONTRACT='10501',ITEM=10m,SUB_ITEM=0m)\"},\"ancestor\":{\"id\":\"application-yardoverview-display-component---detailYardInventory--customProvidesTable\"}}"}]}
RESULT: undefined
COMMAND: POST /session/b26d351fd48d9bf18d1747792d872463/element - {"using":"xpath","value":"//*[@id=\"__item3844-__clone9976-selectMulti\"]"}
RESULT: {"using":"xpath","value":"//*[@id=\"__item3844-__clone9976-selectMulti\"]"}
COMMAND: POST /session/b26d351fd48d9bf18d1747792d872463/element/f.DDB7B01D6F017A691A4290B040C538A5.d.3C369E05441BA347DC7BB38FE822BEB0.e.4561/click - {}
RESULT: {}
COMMAND: GET /session/b26d351fd48d9bf18d1747792d872463/screenshot - {}
RESULT: {}
RESULT: undefined
COMMAND: POST /session/b26d351fd48d9bf18d1747792d872463/element - {"using":"xpath","value":"//*[@id=\"application-yardoverview-display-component---detailYardInventory--openProvides-triggerAction-provideBtn\"]"}
RESULT: {"using":"xpath","value":"//*[@id=\"application-yardoverview-display-component---detailYardInventory--openProvides-triggerAction-provideBtn\"]"}
COMMAND: POST /session/b26d351fd48d9bf18d1747792d872463/element/f.DDB7B01D6F017A691A4290B040C538A5.d.3C369E05441BA347DC7BB38FE822BEB0.e.4485/click - {}
RESULT: {}
COMMAND: GET /session/b26d351fd48d9bf18d1747792d872463/screenshot - {}
RESULT: {}
COMMAND: POST /session/b26d351fd48d9bf18d1747792d872463/actions - {"actions":[{"id":"action12","type":"key","parameters":{},"actions":[{"type":"keyDown","value":""},{"type":"pause","duration":10},{"type":"keyUp","value":""}]}]}
RESULT: {"actions":[{"id":"action12","type":"key","parameters":{},"actions":[{"type":"keyDown","value":""},{"type":"pause","duration":10},{"type":"keyUp","value":""}]}]}
COMMAND: GET /session/b26d351fd48d9bf18d1747792d872463/screenshot - {}
RESULT: {}
COMMAND: POST /session/b26d351fd48d9bf18d1747792d872463/execute/async - {"script":"<script> [1562 bytes]","args":[{"selector":{"id":"application-yardoverview-display-component---detailYardInventory--smartTableProvides-btnPersonalisation-img"},"wdio_ui5_key":"applicationyardoverview-display-component---detailYardInventory--smartTableProvides-btnPersonalisation-img"}]}
RESULT: {"script":"<script> [1562 bytes]","args":[{"selector":{"id":"application-yardoverview-display-component---detailYardInventory--smartTableProvides-btnPersonalisation-img"},"wdio_ui5_key":"applicationyardoverview-display-component---detailYardInventory--smartTableProvides-btnPersonalisation-img"}]}
RESULT: undefined
COMMAND: POST /session/b26d351fd48d9bf18d1747792d872463/element - {"using":"xpath","value":"//*[@id=\"application-yardoverview-display-component---detailYardInventory--smartTableProvides-btnPersonalisation-img\"]"}
RESULT: {"using":"xpath","value":"//*[@id=\"application-yardoverview-display-component---detailYardInventory--smartTableProvides-btnPersonalisation-img\"]"}
COMMAND: POST /session/b26d351fd48d9bf18d1747792d872463/element/f.DDB7B01D6F017A691A4290B040C538A5.d.3C369E05441BA347DC7BB38FE822BEB0.e.4497/click - {}
RESULT: {}
COMMAND: POST /session/b26d351fd48d9bf18d1747792d872463/element - {"using":"xpath","value":"//input[contains(@id ,\"searchField-I\")]"}
COMMAND: GET /session/b26d351fd48d9bf18d1747792d872463/screenshot - {}
RESULT: {"using":"xpath","value":"//input[contains(@id ,\"searchField-I\")]"}
COMMAND: POST /session/b26d351fd48d9bf18d1747792d872463/element/f.DDB7B01D6F017A691A4290B040C538A5.d.3C369E05441BA347DC7BB38FE822BEB0.e.4579/clear - {}
RESULT: {}
RESULT: {}
COMMAND: POST /session/b26d351fd48d9bf18d1747792d872463/element/f.DDB7B01D6F017A691A4290B040C538A5.d.3C369E05441BA347DC7BB38FE822BEB0.e.4579/value - {"text":"Handover Provided"}
COMMAND: GET /session/b26d351fd48d9bf18d1747792d872463/screenshot - {}
RESULT: {"text":"Handover Provided"}
COMMAND: GET /session/b26d351fd48d9bf18d1747792d872463/screenshot - {}
RESULT: {}
RESULT: {}
COMMAND: POST /session/b26d351fd48d9bf18d1747792d872463/element - {"using":"xpath","value":"//div[contains(@id ,\"innerSelectionPanelTable-sa-CbBg\")]"}
RESULT: {"using":"xpath","value":"//div[contains(@id ,\"innerSelectionPanelTable-sa-CbBg\")]"}
COMMAND: POST /session/b26d351fd48d9bf18d1747792d872463/element/f.DDB7B01D6F017A691A4290B040C538A5.d.3C369E05441BA347DC7BB38FE822BEB0.e.4608/click - {}
RESULT: {}
COMMAND: GET /session/b26d351fd48d9bf18d1747792d872463/screenshot - {}
RESULT: {}
COMMAND: POST /session/b26d351fd48d9bf18d1747792d872463/element - {"using":"xpath","value":"//bdi[contains(@id ,\"confirmBtn-BDI-content\")]"}
RESULT: {"using":"xpath","value":"//bdi[contains(@id ,\"confirmBtn-BDI-content\")]"}
COMMAND: POST /session/b26d351fd48d9bf18d1747792d872463/element/f.DDB7B01D6F017A691A4290B040C538A5.d.3C369E05441BA347DC7BB38FE822BEB0.e.4609/click - {}
RESULT: {}
COMMAND: GET /session/b26d351fd48d9bf18d1747792d872463/screenshot - {}
RESULT: {}
COMMAND: POST /session/b26d351fd48d9bf18d1747792d872463/element - {"using":"xpath","value":"//a[contains(@data-kt ,\"OpenProvidesHandOverItemLink\")]"}
RESULT: {"using":"xpath","value":"//a[contains(@data-kt ,\"OpenProvidesHandOverItemLink\")]"}
COMMAND: POST /session/b26d351fd48d9bf18d1747792d872463/element/f.DDB7B01D6F017A691A4290B040C538A5.d.3C369E05441BA347DC7BB38FE822BEB0.e.4615/click - {}
RESULT: {}
COMMAND: GET /session/b26d351fd48d9bf18d1747792d872463/screenshot - {}
RESULT: {}
COMMAND: POST /session/b26d351fd48d9bf18d1747792d872463/actions - {"actions":[{"id":"action13","type":"key","parameters":{},"actions":[{"type":"keyDown","value":""},{"type":"pause","duration":10},{"type":"keyUp","value":""}]}]}
RESULT: {"actions":[{"id":"action13","type":"key","parameters":{},"actions":[{"type":"keyDown","value":""},{"type":"pause","duration":10},{"type":"keyUp","value":""}]}]}
COMMAND: GET /session/b26d351fd48d9bf18d1747792d872463/screenshot - {}
RESULT: {}
COMMAND: POST /session/b26d351fd48d9bf18d1747792d872463/execute/async - {"script":"<script> [1562 bytes]","args":[{"selector":{"id":"issueDatePicker","viewName":"etm.portal.ui.managehandovers.view.DetailExecuteHO","interaction":{"idSuffix":"inner"}},"wdio_ui5_key":"issueDatePickeretmportal.ui.managehandovers.view.DetailExecuteHO"}]}
RESULT: {"script":"<script> [1562 bytes]","args":[{"selector":{"id":"issueDatePicker","viewName":"etm.portal.ui.managehandovers.view.DetailExecuteHO","interaction":{"idSuffix":"inner"}},"wdio_ui5_key":"issueDatePickeretmportal.ui.managehandovers.view.DetailExecuteHO"}]}
RESULT: undefined
COMMAND: POST /session/b26d351fd48d9bf18d1747792d872463/execute/async - {"script":"<script> [776 bytes]","args":[{"enterText":"5/22/25","selector":{"id":"issueDatePicker","viewName":"etm.portal.ui.managehandovers.view.DetailExecuteHO","interaction":{"idSuffix":"inner"}},"clearTextFirst":true,"interactionType":"ENTER_TEXT"}]}
RESULT: {"script":"<script> [776 bytes]","args":[{"enterText":"5/22/25","selector":{"id":"issueDatePicker","viewName":"etm.portal.ui.managehandovers.view.DetailExecuteHO","interaction":{"idSuffix":"inner"}},"clearTextFirst":true,"interactionType":"ENTER_TEXT"}]}
COMMAND: POST /session/b26d351fd48d9bf18d1747792d872463/element - {"using":"xpath","value":"//bdi[contains(text(), \"OK\")]"}
RESULT: {"using":"xpath","value":"//bdi[contains(text(), \"OK\")]"}
COMMAND: POST /session/b26d351fd48d9bf18d1747792d872463/element/f.DDB7B01D6F017A691A4290B040C538A5.d.3C369E05441BA347DC7BB38FE822BEB0.e.4919/click - {}
RESULT: {}
COMMAND: GET /session/b26d351fd48d9bf18d1747792d872463/screenshot - {}
RESULT: {}
COMMAND: POST /session/b26d351fd48d9bf18d1747792d872463/element - {"using":"xpath","value":"//button[@data-kt=\"PickingTableConfirmAllButton\"]"}
RESULT: {"using":"xpath","value":"//button[@data-kt=\"PickingTableConfirmAllButton\"]"}
COMMAND: POST /session/b26d351fd48d9bf18d1747792d872463/element/f.DDB7B01D6F017A691A4290B040C538A5.d.3C369E05441BA347DC7BB38FE822BEB0.e.4926/click - {}
RESULT: {}
COMMAND: GET /session/b26d351fd48d9bf18d1747792d872463/screenshot - {}
RESULT: {}
COMMAND: POST /session/b26d351fd48d9bf18d1747792d872463/element - {"using":"xpath","value":"//bdi[contains(text(), \"OK\")]"}
RESULT: {"using":"xpath","value":"//bdi[contains(text(), \"OK\")]"}
COMMAND: POST /session/b26d351fd48d9bf18d1747792d872463/element/f.DDB7B01D6F017A691A4290B040C538A5.d.3C369E05441BA347DC7BB38FE822BEB0.e.4930/click - {}
RESULT: {}
COMMAND: GET /session/b26d351fd48d9bf18d1747792d872463/screenshot - {}
RESULT: {}
COMMAND: POST /session/b26d351fd48d9bf18d1747792d872463/element - {"using":"xpath","value":"//bdi[contains(text(), \"Issue\")]"}
RESULT: {"using":"xpath","value":"//bdi[contains(text(), \"Issue\")]"}
COMMAND: POST /session/b26d351fd48d9bf18d1747792d872463/element/f.DDB7B01D6F017A691A4290B040C538A5.d.3C369E05441BA347DC7BB38FE822BEB0.e.4931/click - {}
RESULT: {}
COMMAND: GET /session/b26d351fd48d9bf18d1747792d872463/screenshot - {}
RESULT: {}
COMMAND: POST /session/b26d351fd48d9bf18d1747792d872463/element - {"using":"css selector","value":"#shell-header-logo"}
RESULT: {"using":"css selector","value":"#shell-header-logo"}
COMMAND: POST /session/b26d351fd48d9bf18d1747792d872463/element/f.DDB7B01D6F017A691A4290B040C538A5.d.3C369E05441BA347DC7BB38FE822BEB0.e.4374/click - {}
RESULT: {}
COMMAND: GET /session/b26d351fd48d9bf18d1747792d872463/screenshot - {}
RESULT: {}
RESULT: undefined
COMMAND: POST /session/b26d351fd48d9bf18d1747792d872463/element - {"using":"xpath","value":"//*[@id=\"__tile130\"]"}
RESULT: {"using":"xpath","value":"//*[@id=\"__tile130\"]"}
COMMAND: POST /session/b26d351fd48d9bf18d1747792d872463/element/f.DDB7B01D6F017A691A4290B040C538A5.d.3C369E05441BA347DC7BB38FE822BEB0.e.140/click - {}
RESULT: {}
COMMAND: GET /session/b26d351fd48d9bf18d1747792d872463/screenshot - {}
RESULT: {}
COMMAND: POST /session/b26d351fd48d9bf18d1747792d872463/elements - {"using":"xpath","value":"//span[text()='Error']"}
RESULT: {"using":"xpath","value":"//span[text()='Error']"}
COMMAND: POST /session/b26d351fd48d9bf18d1747792d872463/element - {"using":"xpath","value":"//button[@data-kt=\"addButton\"]"}
RESULT: {"using":"xpath","value":"//button[@data-kt=\"addButton\"]"}
COMMAND: POST /session/b26d351fd48d9bf18d1747792d872463/elements - {"using":"xpath","value":"//button[@data-kt=\"addButton\"]"}
RESULT: {"using":"xpath","value":"//button[@data-kt=\"addButton\"]"}
COMMAND: POST /session/b26d351fd48d9bf18d1747792d872463/execute/sync - {"script":"<script> [8489 bytes]","args":[{"element-6066-11e4-a52e-4f735466cecf":"f.DDB7B01D6F017A691A4290B040C538A5.d.3C369E05441BA347DC7BB38FE822BEB0.e.5046","ELEMENT":"f.DDB7B01D6F017A691A4290B040C538A5.d.3C369E05441BA347DC7BB38FE822BEB0.e.5046"}]}
RESULT: {"script":"<script> [8489 bytes]","args":[{"element-6066-11e4-a52e-4f735466cecf":"f.DDB7B01D6F017A691A4290B040C538A5.d.3C369E05441BA347DC7BB38FE822BEB0.e.5046","ELEMENT":"f.DDB7B01D6F017A691A4290B040C538A5.d.3C369E05441BA347DC7BB38FE822BEB0.e.5046"}]}
COMMAND: GET /session/b26d351fd48d9bf18d1747792d872463/element/f.DDB7B01D6F017A691A4290B040C538A5.d.3C369E05441BA347DC7BB38FE822BEB0.e.5046/enabled - {}
COMMAND: GET /session/b26d351fd48d9bf18d1747792d872463/screenshot - {}
RESULT: {}
COMMAND: POST /session/b26d351fd48d9bf18d1747792d872463/execute/sync - {"script":"<script> [8489 bytes]","args":[{"element-6066-11e4-a52e-4f735466cecf":"f.DDB7B01D6F017A691A4290B040C538A5.d.3C369E05441BA347DC7BB38FE822BEB0.e.5046","ELEMENT":"f.DDB7B01D6F017A691A4290B040C538A5.d.3C369E05441BA347DC7BB38FE822BEB0.e.5046"}]}
COMMAND: GET /session/b26d351fd48d9bf18d1747792d872463/screenshot - {}
RESULT: {}
RESULT: {"script":"<script> [8489 bytes]","args":[{"element-6066-11e4-a52e-4f735466cecf":"f.DDB7B01D6F017A691A4290B040C538A5.d.3C369E05441BA347DC7BB38FE822BEB0.e.5046","ELEMENT":"f.DDB7B01D6F017A691A4290B040C538A5.d.3C369E05441BA347DC7BB38FE822BEB0.e.5046"}]}
COMMAND: POST /session/b26d351fd48d9bf18d1747792d872463/execute/sync - {"script":"<script> [5351 bytes]","args":[{"element-6066-11e4-a52e-4f735466cecf":"f.DDB7B01D6F017A691A4290B040C538A5.d.3C369E05441BA347DC7BB38FE822BEB0.e.5046","ELEMENT":"f.DDB7B01D6F017A691A4290B040C538A5.d.3C369E05441BA347DC7BB38FE822BEB0.e.5046"}]}
COMMAND: GET /session/b26d351fd48d9bf18d1747792d872463/screenshot - {}
RESULT: {}
RESULT: {"script":"<script> [5351 bytes]","args":[{"element-6066-11e4-a52e-4f735466cecf":"f.DDB7B01D6F017A691A4290B040C538A5.d.3C369E05441BA347DC7BB38FE822BEB0.e.5046","ELEMENT":"f.DDB7B01D6F017A691A4290B040C538A5.d.3C369E05441BA347DC7BB38FE822BEB0.e.5046"}]}
COMMAND: GET /session/b26d351fd48d9bf18d1747792d872463/screenshot - {}
RESULT: {}
RESULT: {}
COMMAND: POST /session/b26d351fd48d9bf18d1747792d872463/execute/async - {"script":"<script> [1562 bytes]","args":[{"selector":{"controlType":"sap.m.SearchField","viewName":"etm.portal.ui.managecontracts.view.Master","bindingPath":{"path":"","propertyPath":"/_BASIC_SEARCH_FIELD","modelName":"fi1t3rM0d31"},"interaction":{"idSuffix":"I"}},"wdio_ui5_key":"etmportal.ui.managecontracts.view.Mastersap.m.SearchField{\"path\":\"\",\"propertyPath\":\"/_BASIC_SEARCH_FIELD\",\"modelName\":\"fi1t3rM0d31\"}"}]}
RESULT: {"script":"<script> [1562 bytes]","args":[{"selector":{"controlType":"sap.m.SearchField","viewName":"etm.portal.ui.managecontracts.view.Master","bindingPath":{"path":"","propertyPath":"/_BASIC_SEARCH_FIELD","modelName":"fi1t3rM0d31"},"interaction":{"idSuffix":"I"}},"wdio_ui5_key":"etmportal.ui.managecontracts.view.Mastersap.m.SearchField{\"path\":\"\",\"propertyPath\":\"/_BASIC_SEARCH_FIELD\",\"modelName\":\"fi1t3rM0d31\"}"}]}
RESULT: undefined
COMMAND: POST /session/b26d351fd48d9bf18d1747792d872463/execute/async - {"script":"<script> [776 bytes]","args":[{"enterText":"10501","selector":{"controlType":"sap.m.SearchField","viewName":"etm.portal.ui.managecontracts.view.Master","bindingPath":{"path":"","propertyPath":"/_BASIC_SEARCH_FIELD","modelName":"fi1t3rM0d31"},"interaction":{"idSuffix":"I"}},"clearTextFirst":true,"interactionType":"ENTER_TEXT"}]}
RESULT: {"script":"<script> [776 bytes]","args":[{"enterText":"10501","selector":{"controlType":"sap.m.SearchField","viewName":"etm.portal.ui.managecontracts.view.Master","bindingPath":{"path":"","propertyPath":"/_BASIC_SEARCH_FIELD","modelName":"fi1t3rM0d31"},"interaction":{"idSuffix":"I"}},"clearTextFirst":true,"interactionType":"ENTER_TEXT"}]}
COMMAND: POST /session/b26d351fd48d9bf18d1747792d872463/actions - {"actions":[{"id":"action14","type":"key","parameters":{},"actions":[{"type":"keyDown","value":""},{"type":"pause","duration":10},{"type":"keyUp","value":""}]}]}
RESULT: {"actions":[{"id":"action14","type":"key","parameters":{},"actions":[{"type":"keyDown","value":""},{"type":"pause","duration":10},{"type":"keyUp","value":""}]}]}
COMMAND: GET /session/b26d351fd48d9bf18d1747792d872463/screenshot - {}
RESULT: {}
COMMAND: POST /session/b26d351fd48d9bf18d1747792d872463/element - {"using":"xpath","value":"//span[contains(@id, \"masterListContractsSmartTable-header-inner\")]"}
RESULT: {"using":"xpath","value":"//span[contains(@id, \"masterListContractsSmartTable-header-inner\")]"}
COMMAND: POST /session/b26d351fd48d9bf18d1747792d872463/elements - {"using":"xpath","value":"//span[contains(@id, \"masterListContractsSmartTable-header-inner\")]"}
RESULT: {"using":"xpath","value":"//span[contains(@id, \"masterListContractsSmartTable-header-inner\")]"}
COMMAND: POST /session/b26d351fd48d9bf18d1747792d872463/execute/sync - {"script":"<script> [56 bytes]","args":[{"element-6066-11e4-a52e-4f735466cecf":"f.DDB7B01D6F017A691A4290B040C538A5.d.3C369E05441BA347DC7BB38FE822BEB0.e.5109","ELEMENT":"f.DDB7B01D6F017A691A4290B040C538A5.d.3C369E05441BA347DC7BB38FE822BEB0.e.5109"}]}
RESULT: {"script":"<script> [56 bytes]","args":[{"element-6066-11e4-a52e-4f735466cecf":"f.DDB7B01D6F017A691A4290B040C538A5.d.3C369E05441BA347DC7BB38FE822BEB0.e.5109","ELEMENT":"f.DDB7B01D6F017A691A4290B040C538A5.d.3C369E05441BA347DC7BB38FE822BEB0.e.5109"}]}
COMMAND: POST /session/b26d351fd48d9bf18d1747792d872463/element - {"using":"xpath","value":"(//span[contains(@id, \"imgNav\")])[1]"}
COMMAND: GET /session/b26d351fd48d9bf18d1747792d872463/screenshot - {}
RESULT: {"using":"xpath","value":"(//span[contains(@id, \"imgNav\")])[1]"}
COMMAND: POST /session/b26d351fd48d9bf18d1747792d872463/element/f.DDB7B01D6F017A691A4290B040C538A5.d.3C369E05441BA347DC7BB38FE822BEB0.e.5108/click - {}
RESULT: {}
RESULT: {}
COMMAND: GET /session/b26d351fd48d9bf18d1747792d872463/screenshot - {}
RESULT: {}
COMMAND: POST /session/b26d351fd48d9bf18d1747792d872463/element - {"using":"xpath","value":"//table[contains(@id, \"ProductsTable-listUl\")]/tbody/tr[1]/td[6]/div/span"}
RESULT: {"using":"xpath","value":"//table[contains(@id, \"ProductsTable-listUl\")]/tbody/tr[1]/td[6]/div/span"}
COMMAND: POST /session/b26d351fd48d9bf18d1747792d872463/elements - {"using":"xpath","value":"//table[contains(@id, \"ProductsTable-listUl\")]/tbody/tr[1]/td[6]/div/span"}
RESULT: {"using":"xpath","value":"//table[contains(@id, \"ProductsTable-listUl\")]/tbody/tr[1]/td[6]/div/span"}
COMMAND: POST /session/b26d351fd48d9bf18d1747792d872463/execute/sync - {"script":"<script> [56 bytes]","args":[{"element-6066-11e4-a52e-4f735466cecf":"f.DDB7B01D6F017A691A4290B040C538A5.d.3C369E05441BA347DC7BB38FE822BEB0.e.5272","ELEMENT":"f.DDB7B01D6F017A691A4290B040C538A5.d.3C369E05441BA347DC7BB38FE822BEB0.e.5272"}]}
RESULT: {"script":"<script> [56 bytes]","args":[{"element-6066-11e4-a52e-4f735466cecf":"f.DDB7B01D6F017A691A4290B040C538A5.d.3C369E05441BA347DC7BB38FE822BEB0.e.5272","ELEMENT":"f.DDB7B01D6F017A691A4290B040C538A5.d.3C369E05441BA347DC7BB38FE822BEB0.e.5272"}]}
COMMAND: POST /session/b26d351fd48d9bf18d1747792d872463/element - {"using":"css selector","value":"#shell-header-logo"}
COMMAND: GET /session/b26d351fd48d9bf18d1747792d872463/screenshot - {}
RESULT: {"using":"css selector","value":"#shell-header-logo"}
COMMAND: POST /session/b26d351fd48d9bf18d1747792d872463/element/f.DDB7B01D6F017A691A4290B040C538A5.d.3C369E05441BA347DC7BB38FE822BEB0.e.4999/click - {}
RESULT: {}
RESULT: {}
COMMAND: GET /session/b26d351fd48d9bf18d1747792d872463/screenshot - {}
RESULT: {}
COMMAND: POST /session/b26d351fd48d9bf18d1747792d872463/element - {"using":"css selector","value":"#j_username"}
COMMAND: POST /session/b26d351fd48d9bf18d1747792d872463/url - {"url":"https://qa-testing-00-live-etm-ui.cfapps.eu10-004.hana.ondemand.com/"}
RESULT: {"using":"css selector","value":"#j_username"}
COMMAND: POST /session/b26d351fd48d9bf18d1747792d872463/element - {"using":"css selector","value":"#j_username"}
RESULT: {"url":"https://qa-testing-00-live-etm-ui.cfapps.eu10-004.hana.ondemand.com/"}
RESULT: undefined
COMMAND: GET /session/b26d351fd48d9bf18d1747792d872463/screenshot - {}
RESULT: {"using":"css selector","value":"#j_username"}
COMMAND: POST /session/b26d351fd48d9bf18d1747792d872463/element - {"using":"css selector","value":"#shell-header-logo"}
RESULT: {}
RESULT: {"using":"css selector","value":"#shell-header-logo"}
COMMAND: POST /session/b26d351fd48d9bf18d1747792d872463/execute/sync - {"script":"<script> [8489 bytes]","args":[{"element-6066-11e4-a52e-4f735466cecf":"f.DDB7B01D6F017A691A4290B040C538A5.d.4F0CF8A8E83BB44FB8B834D99F2C7BAE.e.5354","ELEMENT":"f.DDB7B01D6F017A691A4290B040C538A5.d.4F0CF8A8E83BB44FB8B834D99F2C7BAE.e.5354"}]}
RESULT: {"script":"<script> [8489 bytes]","args":[{"element-6066-11e4-a52e-4f735466cecf":"f.DDB7B01D6F017A691A4290B040C538A5.d.4F0CF8A8E83BB44FB8B834D99F2C7BAE.e.5354","ELEMENT":"f.DDB7B01D6F017A691A4290B040C538A5.d.4F0CF8A8E83BB44FB8B834D99F2C7BAE.e.5354"}]}
COMMAND: POST /session/b26d351fd48d9bf18d1747792d872463/element - {"using":"css selector","value":"#shell-header-logo"}
COMMAND: GET /session/b26d351fd48d9bf18d1747792d872463/screenshot - {}
RESULT: {"using":"css selector","value":"#shell-header-logo"}
COMMAND: POST /session/b26d351fd48d9bf18d1747792d872463/execute/sync - {"script":"<script> [8489 bytes]","args":[{"element-6066-11e4-a52e-4f735466cecf":"f.DDB7B01D6F017A691A4290B040C538A5.d.4F0CF8A8E83BB44FB8B834D99F2C7BAE.e.5354","ELEMENT":"f.DDB7B01D6F017A691A4290B040C538A5.d.4F0CF8A8E83BB44FB8B834D99F2C7BAE.e.5354"}]}
RESULT: {}
RESULT: {"script":"<script> [8489 bytes]","args":[{"element-6066-11e4-a52e-4f735466cecf":"f.DDB7B01D6F017A691A4290B040C538A5.d.4F0CF8A8E83BB44FB8B834D99F2C7BAE.e.5354","ELEMENT":"f.DDB7B01D6F017A691A4290B040C538A5.d.4F0CF8A8E83BB44FB8B834D99F2C7BAE.e.5354"}]}
COMMAND: POST /session/b26d351fd48d9bf18d1747792d872463/execute/sync - {"script":"<script> [5351 bytes]","args":[{"element-6066-11e4-a52e-4f735466cecf":"f.DDB7B01D6F017A691A4290B040C538A5.d.4F0CF8A8E83BB44FB8B834D99F2C7BAE.e.5354","ELEMENT":"f.DDB7B01D6F017A691A4290B040C538A5.d.4F0CF8A8E83BB44FB8B834D99F2C7BAE.e.5354"}]}
COMMAND: GET /session/b26d351fd48d9bf18d1747792d872463/screenshot - {}
RESULT: {"script":"<script> [5351 bytes]","args":[{"element-6066-11e4-a52e-4f735466cecf":"f.DDB7B01D6F017A691A4290B040C538A5.d.4F0CF8A8E83BB44FB8B834D99F2C7BAE.e.5354","ELEMENT":"f.DDB7B01D6F017A691A4290B040C538A5.d.4F0CF8A8E83BB44FB8B834D99F2C7BAE.e.5354"}]}
COMMAND: POST /session/b26d351fd48d9bf18d1747792d872463/element - {"using":"css selector","value":"#shell-header-logo"}
COMMAND: GET /session/b26d351fd48d9bf18d1747792d872463/screenshot - {}
RESULT: {}
RESULT: {}
RESULT: {"using":"css selector","value":"#shell-header-logo"}
COMMAND: POST /session/b26d351fd48d9bf18d1747792d872463/element/f.DDB7B01D6F017A691A4290B040C538A5.d.4F0CF8A8E83BB44FB8B834D99F2C7BAE.e.5354/click - {}
RESULT: {}
COMMAND: GET /session/b26d351fd48d9bf18d1747792d872463/screenshot - {}
RESULT: {}
COMMAND: POST /session/b26d351fd48d9bf18d1747792d872463/execute/async - {"script":"<script> [189 bytes]","args":[]}
RESULT: {"script":"<script> [189 bytes]","args":[]}
COMMAND: POST /session/b26d351fd48d9bf18d1747792d872463/execute/async - {"script":"<script> [123 bytes]","args":[]}
RESULT: {"script":"<script> [123 bytes]","args":[]}
COMMAND: POST /session/b26d351fd48d9bf18d1747792d872463/timeouts - {"script":"<number>"}
RESULT: {"script":"<number>"}
COMMAND: GET /session/b26d351fd48d9bf18d1747792d872463/timeouts - {}
RESULT: {}
RESULT: undefined
COMMAND: POST /session/b26d351fd48d9bf18d1747792d872463/execute/async - {"script":"<script> [2676 bytes]","args":[]}
RESULT: {"script":"<script> [2676 bytes]","args":[]}
COMMAND: POST /session/b26d351fd48d9bf18d1747792d872463/execute/async - {"script":"<script> [2342 bytes]","args":[{"protocol":"http","hostname":"0.0.0.0","path":"/","capabilities":{"browserName":"chrome","goog:chromeOptions":{"binary":"C:\\Program Files\\Google\\Chrome\\Application\\chrome.exe","args":["--start-maximized"]}},"logLevel":"warn","connectionRetryTimeout":120000,"connectionRetryCount":3,"logLevels":{},"enableDirectConnect":true,"strictSSL":true,"_":"65 more keys: [\"cacheDir\",\"port\",\"requestedCapabilities\",\"automationProtocol\",\"baseUrl\",\"waitforInterval\",\"waitforTimeout\",\"onReload\",\"beforeCommand\",\"afterCommand\",\"rootDir\",\"specs\",\"suites\",\"exclude\",\"groupLogsByTestSpec\",\"excludeDriverLogs\",\"bail\",\"framework\",\"reporters\",\"services\",\"maxInstances\",\"maxInstancesPerCapability\",\"injectGlobals\",\"filesToWatch\",\"execArgv\",\"runnerEnv\",\"runner\",\"shard\",\"specFileRetries\",\"specFileRetriesDelay\",\"specFileRetriesDeferred\",\"reporterSyncInterval\",\"reporterSyncTimeout\",\"cucumberFeaturesWithLineNumbers\",\"autoCompileOpts\",\"mochaOpts\",\"jasmineOpts\",\"cucumberOpts\",\"onPrepare\",\"onWorkerStart\",\"onWorkerEnd\",\"before\",\"beforeSession\",\"beforeSuite\",\"beforeHook\",\"beforeTest\",\"afterTest\",\"afterHook\",\"afterSuite\",\"afterSession\",\"after\",\"onComplete\",\"beforeAssertion\",\"afterAssertion\",\"beforeFeature\",\"beforeScenario\",\"beforeStep\",\"afterStep\",\"afterScenario\",\"afterFeature\",\"_\",\"suite\",\"$0\",\"ignoredWorkerServices\",\"wdi5\"]"}]}
RESULT: {"script":"<script> [2342 bytes]","args":[{"protocol":"http","hostname":"0.0.0.0","path":"/","capabilities":{"browserName":"chrome","goog:chromeOptions":{"binary":"C:\\Program Files\\Google\\Chrome\\Application\\chrome.exe","args":["--start-maximized"]}},"logLevel":"warn","connectionRetryTimeout":120000,"connectionRetryCount":3,"logLevels":{},"enableDirectConnect":true,"strictSSL":true,"_":"65 more keys: [\"cacheDir\",\"port\",\"requestedCapabilities\",\"automationProtocol\",\"baseUrl\",\"waitforInterval\",\"waitforTimeout\",\"onReload\",\"beforeCommand\",\"afterCommand\",\"rootDir\",\"specs\",\"suites\",\"exclude\",\"groupLogsByTestSpec\",\"excludeDriverLogs\",\"bail\",\"framework\",\"reporters\",\"services\",\"maxInstances\",\"maxInstancesPerCapability\",\"injectGlobals\",\"filesToWatch\",\"execArgv\",\"runnerEnv\",\"runner\",\"shard\",\"specFileRetries\",\"specFileRetriesDelay\",\"specFileRetriesDeferred\",\"reporterSyncInterval\",\"reporterSyncTimeout\",\"cucumberFeaturesWithLineNumbers\",\"autoCompileOpts\",\"mochaOpts\",\"jasmineOpts\",\"cucumberOpts\",\"onPrepare\",\"onWorkerStart\",\"onWorkerEnd\",\"before\",\"beforeSession\",\"beforeSuite\",\"beforeHook\",\"beforeTest\",\"afterTest\",\"afterHook\",\"afterSuite\",\"afterSession\",\"after\",\"onComplete\",\"beforeAssertion\",\"afterAssertion\",\"beforeFeature\",\"beforeScenario\",\"beforeStep\",\"afterStep\",\"afterScenario\",\"afterFeature\",\"_\",\"suite\",\"$0\",\"ignoredWorkerServices\",\"wdi5\"]"}]}
COMMAND: POST /session/b26d351fd48d9bf18d1747792d872463/execute/async - {"script":"<script> [21126 bytes]","args":[35000]}
RESULT: {"script":"<script> [21126 bytes]","args":[35000]}
COMMAND: POST /session/b26d351fd48d9bf18d1747792d872463/window/maximize - {}
RESULT: {}
COMMAND: POST /session/b26d351fd48d9bf18d1747792d872463/execute/async - {"script":"<script> [1562 bytes]","args":[{"selector":{"id":"shell-header","interaction":{"idSuffix":"icon"}},"wdio_ui5_key":"shellheader"}]}
COMMAND: GET /session/b26d351fd48d9bf18d1747792d872463/screenshot - {}
RESULT: {"script":"<script> [1562 bytes]","args":[{"selector":{"id":"shell-header","interaction":{"idSuffix":"icon"}},"wdio_ui5_key":"shellheader"}]}
RESULT: undefined
COMMAND: POST /session/b26d351fd48d9bf18d1747792d872463/window/fullscreen - {}
RESULT: {}
RESULT: {}
]]></system-out>
    </testcase>
  </testsuite>
  <testsuite timestamp="2025-05-22T15:48:29" time="134.588" tests="1" failures="1" errors="1" skipped="0">
    <properties>
      <property name="specId" value="0"/>
      <property name="suiteName" value="Create masterdata for Yard Overview - trigger provide US130988"/>
      <property name="capabilities" value="chrome.136_0_7103_93.windows"/>
      <property name="file" value="file:///D:/a/1/s/test/specs/HTR/site-overview-return.spec.js"/>
    </properties>
    <testcase classname="chrome.136_0_7103_93.windows.Create_masterdata_for_Yard_Overview_-_trigger_provide_US130988" name="Should navigate to site overview and trigger return" time="116.985">
      <failure/>
      <error message="element (&quot;//button[@data-kt=&quot;masterHOAddButton&quot;]&quot;) still not existing after 45000ms"/>
      <system-out><![CDATA[
COMMAND: POST /session/b26d351fd48d9bf18d1747792d872463/execute/async - {"script":"<script> [1562 bytes]","args":[{"selector":{"controlType":"sap.m.GenericTile","properties":{"header":"Site Overview"}},"wdio_ui5_key":"sapm.GenericTile{\"header\":\"Site Overview\"}"}]}
RESULT: {"script":"<script> [1562 bytes]","args":[{"selector":{"controlType":"sap.m.GenericTile","properties":{"header":"Site Overview"}},"wdio_ui5_key":"sapm.GenericTile{\"header\":\"Site Overview\"}"}]}
RESULT: undefined
COMMAND: POST /session/b26d351fd48d9bf18d1747792d872463/element - {"using":"xpath","value":"//*[@id=\"__tile71\"]"}
RESULT: {"using":"xpath","value":"//*[@id=\"__tile71\"]"}
COMMAND: POST /session/b26d351fd48d9bf18d1747792d872463/element/f.DDB7B01D6F017A691A4290B040C538A5.d.4F0CF8A8E83BB44FB8B834D99F2C7BAE.e.5407/click - {}
RESULT: {}
COMMAND: GET /session/b26d351fd48d9bf18d1747792d872463/screenshot - {}
RESULT: {}
COMMAND: POST /session/b26d351fd48d9bf18d1747792d872463/elements - {"using":"xpath","value":"//span[text()='Error']"}
RESULT: {"using":"xpath","value":"//span[text()='Error']"}
COMMAND: POST /session/b26d351fd48d9bf18d1747792d872463/element - {"using":"xpath","value":"//input[contains(@id,\"smartFilterBar-btnBasicSearch-I\")]"}
RESULT: {"using":"xpath","value":"//input[contains(@id,\"smartFilterBar-btnBasicSearch-I\")]"}
COMMAND: POST /session/b26d351fd48d9bf18d1747792d872463/elements - {"using":"xpath","value":"//input[contains(@id,\"smartFilterBar-btnBasicSearch-I\")]"}
RESULT: {"using":"xpath","value":"//input[contains(@id,\"smartFilterBar-btnBasicSearch-I\")]"}
COMMAND: POST /session/b26d351fd48d9bf18d1747792d872463/elements - {"using":"xpath","value":"//input[contains(@id,\"smartFilterBar-btnBasicSearch-I\")]"}
RESULT: {"using":"xpath","value":"//input[contains(@id,\"smartFilterBar-btnBasicSearch-I\")]"}
COMMAND: POST /session/b26d351fd48d9bf18d1747792d872463/element - {"using":"xpath","value":"//input[contains(@id,\"smartFilterBar-btnBasicSearch-I\")]"}
RESULT: {"using":"xpath","value":"//input[contains(@id,\"smartFilterBar-btnBasicSearch-I\")]"}
COMMAND: POST /session/b26d351fd48d9bf18d1747792d872463/execute/sync - {"script":"<script> [8489 bytes]","args":[{"element-6066-11e4-a52e-4f735466cecf":"f.DDB7B01D6F017A691A4290B040C538A5.d.4F0CF8A8E83BB44FB8B834D99F2C7BAE.e.5415","ELEMENT":"f.DDB7B01D6F017A691A4290B040C538A5.d.4F0CF8A8E83BB44FB8B834D99F2C7BAE.e.5415"}]}
RESULT: {"script":"<script> [8489 bytes]","args":[{"element-6066-11e4-a52e-4f735466cecf":"f.DDB7B01D6F017A691A4290B040C538A5.d.4F0CF8A8E83BB44FB8B834D99F2C7BAE.e.5415","ELEMENT":"f.DDB7B01D6F017A691A4290B040C538A5.d.4F0CF8A8E83BB44FB8B834D99F2C7BAE.e.5415"}]}
COMMAND: GET /session/b26d351fd48d9bf18d1747792d872463/element/f.DDB7B01D6F017A691A4290B040C538A5.d.4F0CF8A8E83BB44FB8B834D99F2C7BAE.e.5415/enabled - {}
COMMAND: GET /session/b26d351fd48d9bf18d1747792d872463/screenshot - {}
RESULT: {}
COMMAND: POST /session/b26d351fd48d9bf18d1747792d872463/execute/sync - {"script":"<script> [8489 bytes]","args":[{"element-6066-11e4-a52e-4f735466cecf":"f.DDB7B01D6F017A691A4290B040C538A5.d.4F0CF8A8E83BB44FB8B834D99F2C7BAE.e.5415","ELEMENT":"f.DDB7B01D6F017A691A4290B040C538A5.d.4F0CF8A8E83BB44FB8B834D99F2C7BAE.e.5415"}]}
COMMAND: GET /session/b26d351fd48d9bf18d1747792d872463/screenshot - {}
RESULT: {}
RESULT: {"script":"<script> [8489 bytes]","args":[{"element-6066-11e4-a52e-4f735466cecf":"f.DDB7B01D6F017A691A4290B040C538A5.d.4F0CF8A8E83BB44FB8B834D99F2C7BAE.e.5415","ELEMENT":"f.DDB7B01D6F017A691A4290B040C538A5.d.4F0CF8A8E83BB44FB8B834D99F2C7BAE.e.5415"}]}
COMMAND: POST /session/b26d351fd48d9bf18d1747792d872463/execute/sync - {"script":"<script> [5351 bytes]","args":[{"element-6066-11e4-a52e-4f735466cecf":"f.DDB7B01D6F017A691A4290B040C538A5.d.4F0CF8A8E83BB44FB8B834D99F2C7BAE.e.5415","ELEMENT":"f.DDB7B01D6F017A691A4290B040C538A5.d.4F0CF8A8E83BB44FB8B834D99F2C7BAE.e.5415"}]}
COMMAND: GET /session/b26d351fd48d9bf18d1747792d872463/screenshot - {}
RESULT: {}
RESULT: {"script":"<script> [5351 bytes]","args":[{"element-6066-11e4-a52e-4f735466cecf":"f.DDB7B01D6F017A691A4290B040C538A5.d.4F0CF8A8E83BB44FB8B834D99F2C7BAE.e.5415","ELEMENT":"f.DDB7B01D6F017A691A4290B040C538A5.d.4F0CF8A8E83BB44FB8B834D99F2C7BAE.e.5415"}]}
COMMAND: GET /session/b26d351fd48d9bf18d1747792d872463/screenshot - {}
RESULT: {}
RESULT: {}
COMMAND: POST /session/b26d351fd48d9bf18d1747792d872463/element/f.DDB7B01D6F017A691A4290B040C538A5.d.4F0CF8A8E83BB44FB8B834D99F2C7BAE.e.5415/clear - {}
RESULT: {}
COMMAND: POST /session/b26d351fd48d9bf18d1747792d872463/element/f.DDB7B01D6F017A691A4290B040C538A5.d.4F0CF8A8E83BB44FB8B834D99F2C7BAE.e.5415/value - {"text":"2356"}
COMMAND: GET /session/b26d351fd48d9bf18d1747792d872463/screenshot - {}
RESULT: {"text":"2356"}
COMMAND: GET /session/b26d351fd48d9bf18d1747792d872463/screenshot - {}
RESULT: {}
RESULT: {}
COMMAND: POST /session/b26d351fd48d9bf18d1747792d872463/actions - {"actions":[{"id":"action15","type":"key","parameters":{},"actions":[{"type":"keyDown","value":""},{"type":"pause","duration":10},{"type":"keyUp","value":""}]}]}
RESULT: {"actions":[{"id":"action15","type":"key","parameters":{},"actions":[{"type":"keyDown","value":""},{"type":"pause","duration":10},{"type":"keyUp","value":""}]}]}
COMMAND: GET /session/b26d351fd48d9bf18d1747792d872463/screenshot - {}
RESULT: {}
COMMAND: POST /session/b26d351fd48d9bf18d1747792d872463/element - {"using":"xpath","value":"//span[contains(@id, \"smartTable-header-inner\")]"}
RESULT: {"using":"xpath","value":"//span[contains(@id, \"smartTable-header-inner\")]"}
COMMAND: POST /session/b26d351fd48d9bf18d1747792d872463/elements - {"using":"xpath","value":"//span[contains(@id, \"smartTable-header-inner\")]"}
RESULT: {"using":"xpath","value":"//span[contains(@id, \"smartTable-header-inner\")]"}
COMMAND: POST /session/b26d351fd48d9bf18d1747792d872463/execute/sync - {"script":"<script> [56 bytes]","args":[{"element-6066-11e4-a52e-4f735466cecf":"f.DDB7B01D6F017A691A4290B040C538A5.d.4F0CF8A8E83BB44FB8B834D99F2C7BAE.e.5538","ELEMENT":"f.DDB7B01D6F017A691A4290B040C538A5.d.4F0CF8A8E83BB44FB8B834D99F2C7BAE.e.5538"}]}
RESULT: {"script":"<script> [56 bytes]","args":[{"element-6066-11e4-a52e-4f735466cecf":"f.DDB7B01D6F017A691A4290B040C538A5.d.4F0CF8A8E83BB44FB8B834D99F2C7BAE.e.5538","ELEMENT":"f.DDB7B01D6F017A691A4290B040C538A5.d.4F0CF8A8E83BB44FB8B834D99F2C7BAE.e.5538"}]}
COMMAND: POST /session/b26d351fd48d9bf18d1747792d872463/element - {"using":"xpath","value":"(//span[contains(@id, \"imgNav\")])[1]"}
COMMAND: GET /session/b26d351fd48d9bf18d1747792d872463/screenshot - {}
RESULT: {"using":"xpath","value":"(//span[contains(@id, \"imgNav\")])[1]"}
COMMAND: POST /session/b26d351fd48d9bf18d1747792d872463/element/f.DDB7B01D6F017A691A4290B040C538A5.d.4F0CF8A8E83BB44FB8B834D99F2C7BAE.e.5537/click - {}
RESULT: {}
RESULT: {}
COMMAND: GET /session/b26d351fd48d9bf18d1747792d872463/screenshot - {}
RESULT: {}
COMMAND: POST /session/b26d351fd48d9bf18d1747792d872463/execute/async - {"script":"<script> [1562 bytes]","args":[{"selector":{"id":"application-siteinventory-display-component---detailSiteInventory--onSite-triggerAction-returnBtn","interaction":{"idSuffix":"BDI-content"}},"wdio_ui5_key":"applicationsiteinventory-display-component---detailSiteInventory--onSite-triggerAction-returnBtn"}]}
RESULT: {"script":"<script> [1562 bytes]","args":[{"selector":{"id":"application-siteinventory-display-component---detailSiteInventory--onSite-triggerAction-returnBtn","interaction":{"idSuffix":"BDI-content"}},"wdio_ui5_key":"applicationsiteinventory-display-component---detailSiteInventory--onSite-triggerAction-returnBtn"}]}
RESULT: undefined
COMMAND: POST /session/b26d351fd48d9bf18d1747792d872463/element - {"using":"xpath","value":"//*[@id=\"application-siteinventory-display-component---detailSiteInventory--onSite-triggerAction-returnBtn\"]"}
RESULT: {"using":"xpath","value":"//*[@id=\"application-siteinventory-display-component---detailSiteInventory--onSite-triggerAction-returnBtn\"]"}
COMMAND: POST /session/b26d351fd48d9bf18d1747792d872463/element/f.DDB7B01D6F017A691A4290B040C538A5.d.4F0CF8A8E83BB44FB8B834D99F2C7BAE.e.5569/click - {}
RESULT: {}
COMMAND: GET /session/b26d351fd48d9bf18d1747792d872463/screenshot - {}
RESULT: {}
COMMAND: POST /session/b26d351fd48d9bf18d1747792d872463/execute/async - {"script":"<script> [1562 bytes]","args":[{"selector":{"id":"application-siteinventory-display-component---detailSiteInventory--smartSiteHoItemsTable-sa","interaction":{"idSuffix":"CbBg"}},"wdio_ui5_key":"applicationsiteinventory-display-component---detailSiteInventory--smartSiteHoItemsTable-sa"}]}
RESULT: {"script":"<script> [1562 bytes]","args":[{"selector":{"id":"application-siteinventory-display-component---detailSiteInventory--smartSiteHoItemsTable-sa","interaction":{"idSuffix":"CbBg"}},"wdio_ui5_key":"applicationsiteinventory-display-component---detailSiteInventory--smartSiteHoItemsTable-sa"}]}
RESULT: undefined
COMMAND: POST /session/b26d351fd48d9bf18d1747792d872463/element - {"using":"xpath","value":"//*[@id=\"application-siteinventory-display-component---detailSiteInventory--smartSiteHoItemsTable-sa\"]"}
RESULT: {"using":"xpath","value":"//*[@id=\"application-siteinventory-display-component---detailSiteInventory--smartSiteHoItemsTable-sa\"]"}
COMMAND: POST /session/b26d351fd48d9bf18d1747792d872463/element/f.DDB7B01D6F017A691A4290B040C538A5.d.4F0CF8A8E83BB44FB8B834D99F2C7BAE.e.5654/click - {}
RESULT: {}
COMMAND: GET /session/b26d351fd48d9bf18d1747792d872463/screenshot - {}
RESULT: {}
RESULT: undefined
COMMAND: POST /session/b26d351fd48d9bf18d1747792d872463/element - {"using":"xpath","value":"//*[@id=\"application-siteinventory-display-component---detailSiteInventory--onSite-triggerAction-returnBtn\"]"}
RESULT: {"using":"xpath","value":"//*[@id=\"application-siteinventory-display-component---detailSiteInventory--onSite-triggerAction-returnBtn\"]"}
COMMAND: POST /session/b26d351fd48d9bf18d1747792d872463/element/f.DDB7B01D6F017A691A4290B040C538A5.d.4F0CF8A8E83BB44FB8B834D99F2C7BAE.e.5569/click - {}
RESULT: {}
COMMAND: GET /session/b26d351fd48d9bf18d1747792d872463/screenshot - {}
RESULT: {}
COMMAND: POST /session/b26d351fd48d9bf18d1747792d872463/actions - {"actions":[{"id":"action16","type":"key","parameters":{},"actions":[{"type":"keyDown","value":""},{"type":"pause","duration":10},{"type":"keyUp","value":""}]}]}
RESULT: {"actions":[{"id":"action16","type":"key","parameters":{},"actions":[{"type":"keyDown","value":""},{"type":"pause","duration":10},{"type":"keyUp","value":""}]}]}
COMMAND: GET /session/b26d351fd48d9bf18d1747792d872463/screenshot - {}
RESULT: {}
COMMAND: POST /session/b26d351fd48d9bf18d1747792d872463/execute/async - {"script":"<script> [1562 bytes]","args":[{"selector":{"id":"application-siteinventory-display-component---detailSiteInventory--hoItemsSmartTable-btnPersonalisation-img"},"wdio_ui5_key":"applicationsiteinventory-display-component---detailSiteInventory--hoItemsSmartTable-btnPersonalisation-img"}]}
RESULT: {"script":"<script> [1562 bytes]","args":[{"selector":{"id":"application-siteinventory-display-component---detailSiteInventory--hoItemsSmartTable-btnPersonalisation-img"},"wdio_ui5_key":"applicationsiteinventory-display-component---detailSiteInventory--hoItemsSmartTable-btnPersonalisation-img"}]}
RESULT: undefined
COMMAND: POST /session/b26d351fd48d9bf18d1747792d872463/element - {"using":"xpath","value":"//*[@id=\"application-siteinventory-display-component---detailSiteInventory--hoItemsSmartTable-btnPersonalisation-img\"]"}
RESULT: {"using":"xpath","value":"//*[@id=\"application-siteinventory-display-component---detailSiteInventory--hoItemsSmartTable-btnPersonalisation-img\"]"}
COMMAND: POST /session/b26d351fd48d9bf18d1747792d872463/element/f.DDB7B01D6F017A691A4290B040C538A5.d.4F0CF8A8E83BB44FB8B834D99F2C7BAE.e.5578/click - {}
RESULT: {}
COMMAND: GET /session/b26d351fd48d9bf18d1747792d872463/screenshot - {}
RESULT: {}
COMMAND: POST /session/b26d351fd48d9bf18d1747792d872463/element - {"using":"xpath","value":"//input[contains(@id ,\"searchField-I\")]"}
RESULT: {"using":"xpath","value":"//input[contains(@id ,\"searchField-I\")]"}
COMMAND: POST /session/b26d351fd48d9bf18d1747792d872463/element/f.DDB7B01D6F017A691A4290B040C538A5.d.4F0CF8A8E83BB44FB8B834D99F2C7BAE.e.5660/clear - {}
RESULT: {}
COMMAND: POST /session/b26d351fd48d9bf18d1747792d872463/element/f.DDB7B01D6F017A691A4290B040C538A5.d.4F0CF8A8E83BB44FB8B834D99F2C7BAE.e.5660/value - {"text":"Handover Returned"}
COMMAND: GET /session/b26d351fd48d9bf18d1747792d872463/screenshot - {}
RESULT: {"text":"Handover Returned"}
COMMAND: GET /session/b26d351fd48d9bf18d1747792d872463/screenshot - {}
RESULT: {}
RESULT: {}
COMMAND: POST /session/b26d351fd48d9bf18d1747792d872463/element - {"using":"xpath","value":"//div[contains(@id ,\"innerSelectionPanelTable-sa-CbBg\")]"}
RESULT: {"using":"xpath","value":"//div[contains(@id ,\"innerSelectionPanelTable-sa-CbBg\")]"}
COMMAND: POST /session/b26d351fd48d9bf18d1747792d872463/element/f.DDB7B01D6F017A691A4290B040C538A5.d.4F0CF8A8E83BB44FB8B834D99F2C7BAE.e.5687/click - {}
RESULT: {}
COMMAND: POST /session/b26d351fd48d9bf18d1747792d872463/execute/async - {"script":"<script> [1562 bytes]","args":[{"selector":{"controlType":"sap.m.Button","viewName":"etm.portal.ui.siteinventory.view.Detail","viewId":"application-siteinventory-display-component---detailSiteInventory","properties":{"text":"OK"},"searchOpenDialogs":true,"interaction":{"idSuffix":"BDI-content"}},"wdio_ui5_key":"etmportal.ui.siteinventory.view.Detailsap.m.Button{\"text\":\"OK\"}"}]}
COMMAND: GET /session/b26d351fd48d9bf18d1747792d872463/screenshot - {}
RESULT: {"script":"<script> [1562 bytes]","args":[{"selector":{"controlType":"sap.m.Button","viewName":"etm.portal.ui.siteinventory.view.Detail","viewId":"application-siteinventory-display-component---detailSiteInventory","properties":{"text":"OK"},"searchOpenDialogs":true,"interaction":{"idSuffix":"BDI-content"}},"wdio_ui5_key":"etmportal.ui.siteinventory.view.Detailsap.m.Button{\"text\":\"OK\"}"}]}
RESULT: undefined
COMMAND: POST /session/b26d351fd48d9bf18d1747792d872463/element - {"using":"xpath","value":"//*[@id=\"__popup37-confirmBtn\"]"}
RESULT: {}
RESULT: {"using":"xpath","value":"//*[@id=\"__popup37-confirmBtn\"]"}
COMMAND: POST /session/b26d351fd48d9bf18d1747792d872463/element/f.DDB7B01D6F017A691A4290B040C538A5.d.4F0CF8A8E83BB44FB8B834D99F2C7BAE.e.5689/click - {}
RESULT: {}
COMMAND: GET /session/b26d351fd48d9bf18d1747792d872463/screenshot - {}
RESULT: {}
COMMAND: POST /session/b26d351fd48d9bf18d1747792d872463/element - {"using":"css selector","value":"#shell-header-logo"}
RESULT: {"using":"css selector","value":"#shell-header-logo"}
COMMAND: POST /session/b26d351fd48d9bf18d1747792d872463/element/f.DDB7B01D6F017A691A4290B040C538A5.d.4F0CF8A8E83BB44FB8B834D99F2C7BAE.e.5354/click - {}
RESULT: {}
COMMAND: GET /session/b26d351fd48d9bf18d1747792d872463/screenshot - {}
RESULT: {}
COMMAND: POST /session/b26d351fd48d9bf18d1747792d872463/execute/async - {"script":"<script> [1562 bytes]","args":[{"selector":{"controlType":"sap.m.GenericTile","properties":{"header":"Manage Handovers"}},"wdio_ui5_key":"sapm.GenericTile{\"header\":\"Manage Handovers\"}"}]}
RESULT: {"script":"<script> [1562 bytes]","args":[{"selector":{"controlType":"sap.m.GenericTile","properties":{"header":"Manage Handovers"}},"wdio_ui5_key":"sapm.GenericTile{\"header\":\"Manage Handovers\"}"}]}
RESULT: undefined
COMMAND: POST /session/b26d351fd48d9bf18d1747792d872463/element - {"using":"xpath","value":"//*[@id=\"__tile56\"]"}
RESULT: {"using":"xpath","value":"//*[@id=\"__tile56\"]"}
COMMAND: POST /session/b26d351fd48d9bf18d1747792d872463/element/f.DDB7B01D6F017A691A4290B040C538A5.d.4F0CF8A8E83BB44FB8B834D99F2C7BAE.e.5348/click - {}
RESULT: {}
COMMAND: GET /session/b26d351fd48d9bf18d1747792d872463/screenshot - {}
RESULT: {}
COMMAND: POST /session/b26d351fd48d9bf18d1747792d872463/elements - {"using":"xpath","value":"//span[text()='Error']"}
RESULT: {"using":"xpath","value":"//span[text()='Error']"}
COMMAND: POST /session/b26d351fd48d9bf18d1747792d872463/element - {"using":"xpath","value":"//button[@data-kt=\"masterHOAddButton\"]"}
RESULT: {"using":"xpath","value":"//button[@data-kt=\"masterHOAddButton\"]"}
COMMAND: POST /session/b26d351fd48d9bf18d1747792d872463/elements - {"using":"xpath","value":"//button[@data-kt=\"masterHOAddButton\"]"}
RESULT: {"using":"xpath","value":"//button[@data-kt=\"masterHOAddButton\"]"}
COMMAND: POST /session/b26d351fd48d9bf18d1747792d872463/elements - {"using":"xpath","value":"//button[@data-kt=\"masterHOAddButton\"]"}
RESULT: {"using":"xpath","value":"//button[@data-kt=\"masterHOAddButton\"]"}
COMMAND: POST /session/b26d351fd48d9bf18d1747792d872463/elements - {"using":"xpath","value":"//button[@data-kt=\"masterHOAddButton\"]"}
RESULT: {"using":"xpath","value":"//button[@data-kt=\"masterHOAddButton\"]"}
COMMAND: POST /session/b26d351fd48d9bf18d1747792d872463/elements - {"using":"xpath","value":"//button[@data-kt=\"masterHOAddButton\"]"}
RESULT: {"using":"xpath","value":"//button[@data-kt=\"masterHOAddButton\"]"}
COMMAND: POST /session/b26d351fd48d9bf18d1747792d872463/elements - {"using":"xpath","value":"//button[@data-kt=\"masterHOAddButton\"]"}
RESULT: {"using":"xpath","value":"//button[@data-kt=\"masterHOAddButton\"]"}
COMMAND: POST /session/b26d351fd48d9bf18d1747792d872463/elements - {"using":"xpath","value":"//button[@data-kt=\"masterHOAddButton\"]"}
RESULT: {"using":"xpath","value":"//button[@data-kt=\"masterHOAddButton\"]"}
COMMAND: POST /session/b26d351fd48d9bf18d1747792d872463/elements - {"using":"xpath","value":"//button[@data-kt=\"masterHOAddButton\"]"}
RESULT: {"using":"xpath","value":"//button[@data-kt=\"masterHOAddButton\"]"}
COMMAND: POST /session/b26d351fd48d9bf18d1747792d872463/elements - {"using":"xpath","value":"//button[@data-kt=\"masterHOAddButton\"]"}
RESULT: {"using":"xpath","value":"//button[@data-kt=\"masterHOAddButton\"]"}
COMMAND: POST /session/b26d351fd48d9bf18d1747792d872463/elements - {"using":"xpath","value":"//button[@data-kt=\"masterHOAddButton\"]"}
RESULT: {"using":"xpath","value":"//button[@data-kt=\"masterHOAddButton\"]"}
COMMAND: POST /session/b26d351fd48d9bf18d1747792d872463/elements - {"using":"xpath","value":"//button[@data-kt=\"masterHOAddButton\"]"}
RESULT: {"using":"xpath","value":"//button[@data-kt=\"masterHOAddButton\"]"}
COMMAND: POST /session/b26d351fd48d9bf18d1747792d872463/elements - {"using":"xpath","value":"//button[@data-kt=\"masterHOAddButton\"]"}
RESULT: {"using":"xpath","value":"//button[@data-kt=\"masterHOAddButton\"]"}
COMMAND: POST /session/b26d351fd48d9bf18d1747792d872463/elements - {"using":"xpath","value":"//button[@data-kt=\"masterHOAddButton\"]"}
RESULT: {"using":"xpath","value":"//button[@data-kt=\"masterHOAddButton\"]"}
COMMAND: POST /session/b26d351fd48d9bf18d1747792d872463/elements - {"using":"xpath","value":"//button[@data-kt=\"masterHOAddButton\"]"}
RESULT: {"using":"xpath","value":"//button[@data-kt=\"masterHOAddButton\"]"}
COMMAND: POST /session/b26d351fd48d9bf18d1747792d872463/elements - {"using":"xpath","value":"//button[@data-kt=\"masterHOAddButton\"]"}
RESULT: {"using":"xpath","value":"//button[@data-kt=\"masterHOAddButton\"]"}
COMMAND: POST /session/b26d351fd48d9bf18d1747792d872463/elements - {"using":"xpath","value":"//button[@data-kt=\"masterHOAddButton\"]"}
RESULT: {"using":"xpath","value":"//button[@data-kt=\"masterHOAddButton\"]"}
COMMAND: POST /session/b26d351fd48d9bf18d1747792d872463/elements - {"using":"xpath","value":"//button[@data-kt=\"masterHOAddButton\"]"}
RESULT: {"using":"xpath","value":"//button[@data-kt=\"masterHOAddButton\"]"}
COMMAND: POST /session/b26d351fd48d9bf18d1747792d872463/elements - {"using":"xpath","value":"//button[@data-kt=\"masterHOAddButton\"]"}
RESULT: {"using":"xpath","value":"//button[@data-kt=\"masterHOAddButton\"]"}
COMMAND: POST /session/b26d351fd48d9bf18d1747792d872463/elements - {"using":"xpath","value":"//button[@data-kt=\"masterHOAddButton\"]"}
RESULT: {"using":"xpath","value":"//button[@data-kt=\"masterHOAddButton\"]"}
COMMAND: POST /session/b26d351fd48d9bf18d1747792d872463/elements - {"using":"xpath","value":"//button[@data-kt=\"masterHOAddButton\"]"}
RESULT: {"using":"xpath","value":"//button[@data-kt=\"masterHOAddButton\"]"}
COMMAND: POST /session/b26d351fd48d9bf18d1747792d872463/elements - {"using":"xpath","value":"//button[@data-kt=\"masterHOAddButton\"]"}
RESULT: {"using":"xpath","value":"//button[@data-kt=\"masterHOAddButton\"]"}
COMMAND: POST /session/b26d351fd48d9bf18d1747792d872463/elements - {"using":"xpath","value":"//button[@data-kt=\"masterHOAddButton\"]"}
RESULT: {"using":"xpath","value":"//button[@data-kt=\"masterHOAddButton\"]"}
COMMAND: POST /session/b26d351fd48d9bf18d1747792d872463/elements - {"using":"xpath","value":"//button[@data-kt=\"masterHOAddButton\"]"}
RESULT: {"using":"xpath","value":"//button[@data-kt=\"masterHOAddButton\"]"}
COMMAND: POST /session/b26d351fd48d9bf18d1747792d872463/elements - {"using":"xpath","value":"//button[@data-kt=\"masterHOAddButton\"]"}
RESULT: {"using":"xpath","value":"//button[@data-kt=\"masterHOAddButton\"]"}
COMMAND: POST /session/b26d351fd48d9bf18d1747792d872463/elements - {"using":"xpath","value":"//button[@data-kt=\"masterHOAddButton\"]"}
RESULT: {"using":"xpath","value":"//button[@data-kt=\"masterHOAddButton\"]"}
COMMAND: POST /session/b26d351fd48d9bf18d1747792d872463/elements - {"using":"xpath","value":"//button[@data-kt=\"masterHOAddButton\"]"}
RESULT: {"using":"xpath","value":"//button[@data-kt=\"masterHOAddButton\"]"}
COMMAND: POST /session/b26d351fd48d9bf18d1747792d872463/elements - {"using":"xpath","value":"//button[@data-kt=\"masterHOAddButton\"]"}
RESULT: {"using":"xpath","value":"//button[@data-kt=\"masterHOAddButton\"]"}
COMMAND: POST /session/b26d351fd48d9bf18d1747792d872463/elements - {"using":"xpath","value":"//button[@data-kt=\"masterHOAddButton\"]"}
RESULT: {"using":"xpath","value":"//button[@data-kt=\"masterHOAddButton\"]"}
COMMAND: POST /session/b26d351fd48d9bf18d1747792d872463/elements - {"using":"xpath","value":"//button[@data-kt=\"masterHOAddButton\"]"}
RESULT: {"using":"xpath","value":"//button[@data-kt=\"masterHOAddButton\"]"}
COMMAND: POST /session/b26d351fd48d9bf18d1747792d872463/elements - {"using":"xpath","value":"//button[@data-kt=\"masterHOAddButton\"]"}
RESULT: {"using":"xpath","value":"//button[@data-kt=\"masterHOAddButton\"]"}
COMMAND: POST /session/b26d351fd48d9bf18d1747792d872463/elements - {"using":"xpath","value":"//button[@data-kt=\"masterHOAddButton\"]"}
RESULT: {"using":"xpath","value":"//button[@data-kt=\"masterHOAddButton\"]"}
COMMAND: POST /session/b26d351fd48d9bf18d1747792d872463/elements - {"using":"xpath","value":"//button[@data-kt=\"masterHOAddButton\"]"}
RESULT: {"using":"xpath","value":"//button[@data-kt=\"masterHOAddButton\"]"}
COMMAND: POST /session/b26d351fd48d9bf18d1747792d872463/elements - {"using":"xpath","value":"//button[@data-kt=\"masterHOAddButton\"]"}
RESULT: {"using":"xpath","value":"//button[@data-kt=\"masterHOAddButton\"]"}
COMMAND: POST /session/b26d351fd48d9bf18d1747792d872463/elements - {"using":"xpath","value":"//button[@data-kt=\"masterHOAddButton\"]"}
RESULT: {"using":"xpath","value":"//button[@data-kt=\"masterHOAddButton\"]"}
COMMAND: POST /session/b26d351fd48d9bf18d1747792d872463/elements - {"using":"xpath","value":"//button[@data-kt=\"masterHOAddButton\"]"}
RESULT: {"using":"xpath","value":"//button[@data-kt=\"masterHOAddButton\"]"}
COMMAND: POST /session/b26d351fd48d9bf18d1747792d872463/elements - {"using":"xpath","value":"//button[@data-kt=\"masterHOAddButton\"]"}
RESULT: {"using":"xpath","value":"//button[@data-kt=\"masterHOAddButton\"]"}
COMMAND: POST /session/b26d351fd48d9bf18d1747792d872463/elements - {"using":"xpath","value":"//button[@data-kt=\"masterHOAddButton\"]"}
RESULT: {"using":"xpath","value":"//button[@data-kt=\"masterHOAddButton\"]"}
COMMAND: POST /session/b26d351fd48d9bf18d1747792d872463/elements - {"using":"xpath","value":"//button[@data-kt=\"masterHOAddButton\"]"}
RESULT: {"using":"xpath","value":"//button[@data-kt=\"masterHOAddButton\"]"}
COMMAND: POST /session/b26d351fd48d9bf18d1747792d872463/elements - {"using":"xpath","value":"//button[@data-kt=\"masterHOAddButton\"]"}
RESULT: {"using":"xpath","value":"//button[@data-kt=\"masterHOAddButton\"]"}
COMMAND: POST /session/b26d351fd48d9bf18d1747792d872463/elements - {"using":"xpath","value":"//button[@data-kt=\"masterHOAddButton\"]"}
RESULT: {"using":"xpath","value":"//button[@data-kt=\"masterHOAddButton\"]"}
COMMAND: POST /session/b26d351fd48d9bf18d1747792d872463/elements - {"using":"xpath","value":"//button[@data-kt=\"masterHOAddButton\"]"}
RESULT: {"using":"xpath","value":"//button[@data-kt=\"masterHOAddButton\"]"}
COMMAND: POST /session/b26d351fd48d9bf18d1747792d872463/elements - {"using":"xpath","value":"//button[@data-kt=\"masterHOAddButton\"]"}
RESULT: {"using":"xpath","value":"//button[@data-kt=\"masterHOAddButton\"]"}
COMMAND: POST /session/b26d351fd48d9bf18d1747792d872463/elements - {"using":"xpath","value":"//button[@data-kt=\"masterHOAddButton\"]"}
RESULT: {"using":"xpath","value":"//button[@data-kt=\"masterHOAddButton\"]"}
COMMAND: POST /session/b26d351fd48d9bf18d1747792d872463/elements - {"using":"xpath","value":"//button[@data-kt=\"masterHOAddButton\"]"}
RESULT: {"using":"xpath","value":"//button[@data-kt=\"masterHOAddButton\"]"}
COMMAND: POST /session/b26d351fd48d9bf18d1747792d872463/elements - {"using":"xpath","value":"//button[@data-kt=\"masterHOAddButton\"]"}
RESULT: {"using":"xpath","value":"//button[@data-kt=\"masterHOAddButton\"]"}
COMMAND: POST /session/b26d351fd48d9bf18d1747792d872463/elements - {"using":"xpath","value":"//button[@data-kt=\"masterHOAddButton\"]"}
RESULT: {"using":"xpath","value":"//button[@data-kt=\"masterHOAddButton\"]"}
COMMAND: POST /session/b26d351fd48d9bf18d1747792d872463/elements - {"using":"xpath","value":"//button[@data-kt=\"masterHOAddButton\"]"}
RESULT: {"using":"xpath","value":"//button[@data-kt=\"masterHOAddButton\"]"}
COMMAND: POST /session/b26d351fd48d9bf18d1747792d872463/elements - {"using":"xpath","value":"//button[@data-kt=\"masterHOAddButton\"]"}
RESULT: {"using":"xpath","value":"//button[@data-kt=\"masterHOAddButton\"]"}
COMMAND: POST /session/b26d351fd48d9bf18d1747792d872463/elements - {"using":"xpath","value":"//button[@data-kt=\"masterHOAddButton\"]"}
RESULT: {"using":"xpath","value":"//button[@data-kt=\"masterHOAddButton\"]"}
COMMAND: POST /session/b26d351fd48d9bf18d1747792d872463/elements - {"using":"xpath","value":"//button[@data-kt=\"masterHOAddButton\"]"}
RESULT: {"using":"xpath","value":"//button[@data-kt=\"masterHOAddButton\"]"}
COMMAND: POST /session/b26d351fd48d9bf18d1747792d872463/elements - {"using":"xpath","value":"//button[@data-kt=\"masterHOAddButton\"]"}
RESULT: {"using":"xpath","value":"//button[@data-kt=\"masterHOAddButton\"]"}
COMMAND: POST /session/b26d351fd48d9bf18d1747792d872463/elements - {"using":"xpath","value":"//button[@data-kt=\"masterHOAddButton\"]"}
RESULT: {"using":"xpath","value":"//button[@data-kt=\"masterHOAddButton\"]"}
COMMAND: POST /session/b26d351fd48d9bf18d1747792d872463/elements - {"using":"xpath","value":"//button[@data-kt=\"masterHOAddButton\"]"}
RESULT: {"using":"xpath","value":"//button[@data-kt=\"masterHOAddButton\"]"}
COMMAND: POST /session/b26d351fd48d9bf18d1747792d872463/elements - {"using":"xpath","value":"//button[@data-kt=\"masterHOAddButton\"]"}
RESULT: {"using":"xpath","value":"//button[@data-kt=\"masterHOAddButton\"]"}
COMMAND: POST /session/b26d351fd48d9bf18d1747792d872463/elements - {"using":"xpath","value":"//button[@data-kt=\"masterHOAddButton\"]"}
RESULT: {"using":"xpath","value":"//button[@data-kt=\"masterHOAddButton\"]"}
COMMAND: POST /session/b26d351fd48d9bf18d1747792d872463/elements - {"using":"xpath","value":"//button[@data-kt=\"masterHOAddButton\"]"}
RESULT: {"using":"xpath","value":"//button[@data-kt=\"masterHOAddButton\"]"}
COMMAND: POST /session/b26d351fd48d9bf18d1747792d872463/elements - {"using":"xpath","value":"//button[@data-kt=\"masterHOAddButton\"]"}
RESULT: {"using":"xpath","value":"//button[@data-kt=\"masterHOAddButton\"]"}
COMMAND: POST /session/b26d351fd48d9bf18d1747792d872463/elements - {"using":"xpath","value":"//button[@data-kt=\"masterHOAddButton\"]"}
RESULT: {"using":"xpath","value":"//button[@data-kt=\"masterHOAddButton\"]"}
COMMAND: POST /session/b26d351fd48d9bf18d1747792d872463/elements - {"using":"xpath","value":"//button[@data-kt=\"masterHOAddButton\"]"}
RESULT: {"using":"xpath","value":"//button[@data-kt=\"masterHOAddButton\"]"}
COMMAND: POST /session/b26d351fd48d9bf18d1747792d872463/elements - {"using":"xpath","value":"//button[@data-kt=\"masterHOAddButton\"]"}
RESULT: {"using":"xpath","value":"//button[@data-kt=\"masterHOAddButton\"]"}
COMMAND: POST /session/b26d351fd48d9bf18d1747792d872463/elements - {"using":"xpath","value":"//button[@data-kt=\"masterHOAddButton\"]"}
RESULT: {"using":"xpath","value":"//button[@data-kt=\"masterHOAddButton\"]"}
COMMAND: POST /session/b26d351fd48d9bf18d1747792d872463/elements - {"using":"xpath","value":"//button[@data-kt=\"masterHOAddButton\"]"}
RESULT: {"using":"xpath","value":"//button[@data-kt=\"masterHOAddButton\"]"}
COMMAND: POST /session/b26d351fd48d9bf18d1747792d872463/elements - {"using":"xpath","value":"//button[@data-kt=\"masterHOAddButton\"]"}
RESULT: {"using":"xpath","value":"//button[@data-kt=\"masterHOAddButton\"]"}
COMMAND: POST /session/b26d351fd48d9bf18d1747792d872463/elements - {"using":"xpath","value":"//button[@data-kt=\"masterHOAddButton\"]"}
RESULT: {"using":"xpath","value":"//button[@data-kt=\"masterHOAddButton\"]"}
COMMAND: POST /session/b26d351fd48d9bf18d1747792d872463/elements - {"using":"xpath","value":"//button[@data-kt=\"masterHOAddButton\"]"}
RESULT: {"using":"xpath","value":"//button[@data-kt=\"masterHOAddButton\"]"}
COMMAND: POST /session/b26d351fd48d9bf18d1747792d872463/elements - {"using":"xpath","value":"//button[@data-kt=\"masterHOAddButton\"]"}
RESULT: {"using":"xpath","value":"//button[@data-kt=\"masterHOAddButton\"]"}
COMMAND: POST /session/b26d351fd48d9bf18d1747792d872463/elements - {"using":"xpath","value":"//button[@data-kt=\"masterHOAddButton\"]"}
RESULT: {"using":"xpath","value":"//button[@data-kt=\"masterHOAddButton\"]"}
COMMAND: POST /session/b26d351fd48d9bf18d1747792d872463/elements - {"using":"xpath","value":"//button[@data-kt=\"masterHOAddButton\"]"}
RESULT: {"using":"xpath","value":"//button[@data-kt=\"masterHOAddButton\"]"}
COMMAND: POST /session/b26d351fd48d9bf18d1747792d872463/elements - {"using":"xpath","value":"//button[@data-kt=\"masterHOAddButton\"]"}
RESULT: {"using":"xpath","value":"//button[@data-kt=\"masterHOAddButton\"]"}
COMMAND: POST /session/b26d351fd48d9bf18d1747792d872463/elements - {"using":"xpath","value":"//button[@data-kt=\"masterHOAddButton\"]"}
RESULT: {"using":"xpath","value":"//button[@data-kt=\"masterHOAddButton\"]"}
COMMAND: POST /session/b26d351fd48d9bf18d1747792d872463/elements - {"using":"xpath","value":"//button[@data-kt=\"masterHOAddButton\"]"}
RESULT: {"using":"xpath","value":"//button[@data-kt=\"masterHOAddButton\"]"}
COMMAND: POST /session/b26d351fd48d9bf18d1747792d872463/elements - {"using":"xpath","value":"//button[@data-kt=\"masterHOAddButton\"]"}
RESULT: {"using":"xpath","value":"//button[@data-kt=\"masterHOAddButton\"]"}
COMMAND: POST /session/b26d351fd48d9bf18d1747792d872463/elements - {"using":"xpath","value":"//button[@data-kt=\"masterHOAddButton\"]"}
RESULT: {"using":"xpath","value":"//button[@data-kt=\"masterHOAddButton\"]"}
COMMAND: POST /session/b26d351fd48d9bf18d1747792d872463/elements - {"using":"xpath","value":"//button[@data-kt=\"masterHOAddButton\"]"}
RESULT: {"using":"xpath","value":"//button[@data-kt=\"masterHOAddButton\"]"}
COMMAND: POST /session/b26d351fd48d9bf18d1747792d872463/elements - {"using":"xpath","value":"//button[@data-kt=\"masterHOAddButton\"]"}
RESULT: {"using":"xpath","value":"//button[@data-kt=\"masterHOAddButton\"]"}
COMMAND: POST /session/b26d351fd48d9bf18d1747792d872463/elements - {"using":"xpath","value":"//button[@data-kt=\"masterHOAddButton\"]"}
RESULT: {"using":"xpath","value":"//button[@data-kt=\"masterHOAddButton\"]"}
COMMAND: POST /session/b26d351fd48d9bf18d1747792d872463/elements - {"using":"xpath","value":"//button[@data-kt=\"masterHOAddButton\"]"}
RESULT: {"using":"xpath","value":"//button[@data-kt=\"masterHOAddButton\"]"}
COMMAND: POST /session/b26d351fd48d9bf18d1747792d872463/elements - {"using":"xpath","value":"//button[@data-kt=\"masterHOAddButton\"]"}
RESULT: {"using":"xpath","value":"//button[@data-kt=\"masterHOAddButton\"]"}
COMMAND: POST /session/b26d351fd48d9bf18d1747792d872463/elements - {"using":"xpath","value":"//button[@data-kt=\"masterHOAddButton\"]"}
RESULT: {"using":"xpath","value":"//button[@data-kt=\"masterHOAddButton\"]"}
COMMAND: POST /session/b26d351fd48d9bf18d1747792d872463/elements - {"using":"xpath","value":"//button[@data-kt=\"masterHOAddButton\"]"}
RESULT: {"using":"xpath","value":"//button[@data-kt=\"masterHOAddButton\"]"}
COMMAND: POST /session/b26d351fd48d9bf18d1747792d872463/elements - {"using":"xpath","value":"//button[@data-kt=\"masterHOAddButton\"]"}
RESULT: {"using":"xpath","value":"//button[@data-kt=\"masterHOAddButton\"]"}
COMMAND: POST /session/b26d351fd48d9bf18d1747792d872463/elements - {"using":"xpath","value":"//button[@data-kt=\"masterHOAddButton\"]"}
RESULT: {"using":"xpath","value":"//button[@data-kt=\"masterHOAddButton\"]"}
COMMAND: POST /session/b26d351fd48d9bf18d1747792d872463/elements - {"using":"xpath","value":"//button[@data-kt=\"masterHOAddButton\"]"}
RESULT: {"using":"xpath","value":"//button[@data-kt=\"masterHOAddButton\"]"}
COMMAND: POST /session/b26d351fd48d9bf18d1747792d872463/elements - {"using":"xpath","value":"//button[@data-kt=\"masterHOAddButton\"]"}
RESULT: {"using":"xpath","value":"//button[@data-kt=\"masterHOAddButton\"]"}
COMMAND: POST /session/b26d351fd48d9bf18d1747792d872463/elements - {"using":"xpath","value":"//button[@data-kt=\"masterHOAddButton\"]"}
RESULT: {"using":"xpath","value":"//button[@data-kt=\"masterHOAddButton\"]"}
COMMAND: POST /session/b26d351fd48d9bf18d1747792d872463/elements - {"using":"xpath","value":"//button[@data-kt=\"masterHOAddButton\"]"}
RESULT: {"using":"xpath","value":"//button[@data-kt=\"masterHOAddButton\"]"}
COMMAND: POST /session/b26d351fd48d9bf18d1747792d872463/elements - {"using":"xpath","value":"//button[@data-kt=\"masterHOAddButton\"]"}
RESULT: {"using":"xpath","value":"//button[@data-kt=\"masterHOAddButton\"]"}
COMMAND: POST /session/b26d351fd48d9bf18d1747792d872463/elements - {"using":"xpath","value":"//button[@data-kt=\"masterHOAddButton\"]"}
RESULT: {"using":"xpath","value":"//button[@data-kt=\"masterHOAddButton\"]"}
COMMAND: POST /session/b26d351fd48d9bf18d1747792d872463/elements - {"using":"xpath","value":"//button[@data-kt=\"masterHOAddButton\"]"}
RESULT: {"using":"xpath","value":"//button[@data-kt=\"masterHOAddButton\"]"}
COMMAND: POST /session/b26d351fd48d9bf18d1747792d872463/elements - {"using":"xpath","value":"//button[@data-kt=\"masterHOAddButton\"]"}
RESULT: {"using":"xpath","value":"//button[@data-kt=\"masterHOAddButton\"]"}
COMMAND: POST /session/b26d351fd48d9bf18d1747792d872463/elements - {"using":"xpath","value":"//button[@data-kt=\"masterHOAddButton\"]"}
RESULT: {"using":"xpath","value":"//button[@data-kt=\"masterHOAddButton\"]"}
COMMAND: GET /session/b26d351fd48d9bf18d1747792d872463/screenshot - {}
RESULT: {}
COMMAND: GET /session/b26d351fd48d9bf18d1747792d872463/screenshot - {}
COMMAND: GET /session/b26d351fd48d9bf18d1747792d872463/screenshot - {}
RESULT: {}
RESULT: {}
COMMAND: DELETE /session/b26d351fd48d9bf18d1747792d872463 - {}
RESULT: {}
]]></system-out>
      <system-err><![CDATA[
Error: element ("//button[@data-kt="masterHOAddButton"]") still not existing after 45000ms
    at async Context.<anonymous> (D:\a\1\s\test\specs\HTR\site-overview-return.spec.js:114:9)
]]></system-err>
    </testcase>
  </testsuite>
</testsuites>