<?xml version="1.0" encoding="UTF-8"?>
<testsuites tests="15" failures="0" errors="0" skipped="0">
  <testsuite timestamp="2025-05-18T16:32:41" time="842.017" tests="9" failures="0" errors="0" skipped="0">
    <properties>
      <property name="specId" value="0" />
      <property name="suiteName" value="Prerequisites &amp; test for yard mass return on Yard Overview US131057" />
      <property name="capabilities" value="chrome.136_0_7103_93.windows" />
      <property name="file" value="file:///D:/a/1/s/test/specs/HTR/yard-mass-return.spec.js" />
    </properties>
    <testcase classname="chrome.136_0_7103_93.windows.Prerequisites_&amp;_test_for_yard_mass_return_on_Yard_Overview_US131057" name="Prereq Should create a new yard used for all following tests" time="118.375">
      <system-out><![CDATA[
COMMAND: POST /session/bbf8399d9e363efb3412e2a9322d982b/window/fullscreen - {}
RESULT: {}
COMMAND: POST /session/bbf8399d9e363efb3412e2a9322d982b/execute/async - {"script":"<script> [1562 bytes]","args":[{"selector":{"controlType":"sap.m.GenericTile","properties":{"header":"Manage Yards"}},"wdio_ui5_key":"sapm.GenericTile{\"header\":\"Manage Yards\"}"}]}
RESULT: {"script":"<script> [1562 bytes]","args":[{"selector":{"controlType":"sap.m.GenericTile","properties":{"header":"Manage Yards"}},"wdio_ui5_key":"sapm.GenericTile{\"header\":\"Manage Yards\"}"}]}
RESULT: undefined
COMMAND: POST /session/bbf8399d9e363efb3412e2a9322d982b/element - {"using":"xpath","value":"//*[@id=\"__tile41\"]"}
RESULT: {"using":"xpath","value":"//*[@id=\"__tile41\"]"}
COMMAND: POST /session/bbf8399d9e363efb3412e2a9322d982b/element/f.877C71D71840E3B44FFEE8E46F2453AC.d.36658F87E6F5ACC10FF2729E9C0AD855.e.160/click - {}
RESULT: {}
COMMAND: GET /session/bbf8399d9e363efb3412e2a9322d982b/screenshot - {}
RESULT: {}
COMMAND: POST /session/bbf8399d9e363efb3412e2a9322d982b/elements - {"using":"xpath","value":"//span[text()='Error']"}
RESULT: {"using":"xpath","value":"//span[text()='Error']"}
COMMAND: POST /session/bbf8399d9e363efb3412e2a9322d982b/element - {"using":"xpath","value":"//button[@data-kt=\"addNewYardOverflowToolbarButton\"]"}
RESULT: {"using":"xpath","value":"//button[@data-kt=\"addNewYardOverflowToolbarButton\"]"}
COMMAND: POST /session/bbf8399d9e363efb3412e2a9322d982b/elements - {"using":"xpath","value":"//button[@data-kt=\"addNewYardOverflowToolbarButton\"]"}
RESULT: {"using":"xpath","value":"//button[@data-kt=\"addNewYardOverflowToolbarButton\"]"}
COMMAND: POST /session/bbf8399d9e363efb3412e2a9322d982b/execute/sync - {"script":"<script> [8489 bytes]","args":[{"element-6066-11e4-a52e-4f735466cecf":"f.877C71D71840E3B44FFEE8E46F2453AC.d.36658F87E6F5ACC10FF2729E9C0AD855.e.298","ELEMENT":"f.877C71D71840E3B44FFEE8E46F2453AC.d.36658F87E6F5ACC10FF2729E9C0AD855.e.298"}]}
RESULT: {"script":"<script> [8489 bytes]","args":[{"element-6066-11e4-a52e-4f735466cecf":"f.877C71D71840E3B44FFEE8E46F2453AC.d.36658F87E6F5ACC10FF2729E9C0AD855.e.298","ELEMENT":"f.877C71D71840E3B44FFEE8E46F2453AC.d.36658F87E6F5ACC10FF2729E9C0AD855.e.298"}]}
COMMAND: GET /session/bbf8399d9e363efb3412e2a9322d982b/element/f.877C71D71840E3B44FFEE8E46F2453AC.d.36658F87E6F5ACC10FF2729E9C0AD855.e.298/enabled - {}
COMMAND: GET /session/bbf8399d9e363efb3412e2a9322d982b/screenshot - {}
RESULT: {}
COMMAND: POST /session/bbf8399d9e363efb3412e2a9322d982b/execute/sync - {"script":"<script> [8489 bytes]","args":[{"element-6066-11e4-a52e-4f735466cecf":"f.877C71D71840E3B44FFEE8E46F2453AC.d.36658F87E6F5ACC10FF2729E9C0AD855.e.298","ELEMENT":"f.877C71D71840E3B44FFEE8E46F2453AC.d.36658F87E6F5ACC10FF2729E9C0AD855.e.298"}]}
COMMAND: GET /session/bbf8399d9e363efb3412e2a9322d982b/screenshot - {}
RESULT: {}
RESULT: {"script":"<script> [8489 bytes]","args":[{"element-6066-11e4-a52e-4f735466cecf":"f.877C71D71840E3B44FFEE8E46F2453AC.d.36658F87E6F5ACC10FF2729E9C0AD855.e.298","ELEMENT":"f.877C71D71840E3B44FFEE8E46F2453AC.d.36658F87E6F5ACC10FF2729E9C0AD855.e.298"}]}
COMMAND: POST /session/bbf8399d9e363efb3412e2a9322d982b/execute/sync - {"script":"<script> [5351 bytes]","args":[{"element-6066-11e4-a52e-4f735466cecf":"f.877C71D71840E3B44FFEE8E46F2453AC.d.36658F87E6F5ACC10FF2729E9C0AD855.e.298","ELEMENT":"f.877C71D71840E3B44FFEE8E46F2453AC.d.36658F87E6F5ACC10FF2729E9C0AD855.e.298"}]}
COMMAND: GET /session/bbf8399d9e363efb3412e2a9322d982b/screenshot - {}
RESULT: {}
RESULT: {"script":"<script> [5351 bytes]","args":[{"element-6066-11e4-a52e-4f735466cecf":"f.877C71D71840E3B44FFEE8E46F2453AC.d.36658F87E6F5ACC10FF2729E9C0AD855.e.298","ELEMENT":"f.877C71D71840E3B44FFEE8E46F2453AC.d.36658F87E6F5ACC10FF2729E9C0AD855.e.298"}]}
COMMAND: POST /session/bbf8399d9e363efb3412e2a9322d982b/element/f.877C71D71840E3B44FFEE8E46F2453AC.d.36658F87E6F5ACC10FF2729E9C0AD855.e.298/click - {}
COMMAND: GET /session/bbf8399d9e363efb3412e2a9322d982b/screenshot - {}
RESULT: {}
RESULT: {}
COMMAND: GET /session/bbf8399d9e363efb3412e2a9322d982b/screenshot - {}
RESULT: {}
RESULT: {}
COMMAND: POST /session/bbf8399d9e363efb3412e2a9322d982b/element - {"using":"xpath","value":"//input[@id=\"application-manageyards-display-component---NewYard--yardId-inner\"]"}
RESULT: {"using":"xpath","value":"//input[@id=\"application-manageyards-display-component---NewYard--yardId-inner\"]"}
COMMAND: POST /session/bbf8399d9e363efb3412e2a9322d982b/element - {"using":"xpath","value":"//input[@id=\"application-manageyards-display-component---NewYard--yardId-inner\"]"}
RESULT: {"using":"xpath","value":"//input[@id=\"application-manageyards-display-component---NewYard--yardId-inner\"]"}
COMMAND: POST /session/bbf8399d9e363efb3412e2a9322d982b/execute/async - {"script":"<script> [1562 bytes]","args":[{"selector":{"id":"application-manageyards-display-component---NewYard--addressDetailDetailsName1","interaction":{"idSuffix":"inner"}},"wdio_ui5_key":"applicationmanageyards-display-component---NewYard--addressDetailDetailsName1"}]}
RESULT: {"script":"<script> [1562 bytes]","args":[{"selector":{"id":"application-manageyards-display-component---NewYard--addressDetailDetailsName1","interaction":{"idSuffix":"inner"}},"wdio_ui5_key":"applicationmanageyards-display-component---NewYard--addressDetailDetailsName1"}]}
RESULT: undefined
COMMAND: POST /session/bbf8399d9e363efb3412e2a9322d982b/execute/async - {"script":"<script> [776 bytes]","args":[{"enterText":"Other Yard WDIO","selector":{"id":"application-manageyards-display-component---NewYard--addressDetailDetailsName1","interaction":{"idSuffix":"inner"}},"clearTextFirst":true,"interactionType":"ENTER_TEXT"}]}
RESULT: {"script":"<script> [776 bytes]","args":[{"enterText":"Other Yard WDIO","selector":{"id":"application-manageyards-display-component---NewYard--addressDetailDetailsName1","interaction":{"idSuffix":"inner"}},"clearTextFirst":true,"interactionType":"ENTER_TEXT"}]}
COMMAND: POST /session/bbf8399d9e363efb3412e2a9322d982b/execute/async - {"script":"<script> [1562 bytes]","args":[{"selector":{"id":"application-manageyards-display-component---NewYard--addressDetailDetailsLanguage-arrow"},"wdio_ui5_key":"applicationmanageyards-display-component---NewYard--addressDetailDetailsLanguage-arrow"}]}
RESULT: {"script":"<script> [1562 bytes]","args":[{"selector":{"id":"application-manageyards-display-component---NewYard--addressDetailDetailsLanguage-arrow"},"wdio_ui5_key":"applicationmanageyards-display-component---NewYard--addressDetailDetailsLanguage-arrow"}]}
RESULT: undefined
COMMAND: POST /session/bbf8399d9e363efb3412e2a9322d982b/element - {"using":"xpath","value":"//*[@id=\"application-manageyards-display-component---NewYard--addressDetailDetailsLanguage-arrow\"]"}
RESULT: {"using":"xpath","value":"//*[@id=\"application-manageyards-display-component---NewYard--addressDetailDetailsLanguage-arrow\"]"}
COMMAND: POST /session/bbf8399d9e363efb3412e2a9322d982b/element/f.877C71D71840E3B44FFEE8E46F2453AC.d.36658F87E6F5ACC10FF2729E9C0AD855.e.719/click - {}
RESULT: {}
COMMAND: POST /session/bbf8399d9e363efb3412e2a9322d982b/element - {"using":"xpath","value":"//span[contains(text(), \"English\")]"}
COMMAND: GET /session/bbf8399d9e363efb3412e2a9322d982b/screenshot - {}
RESULT: {"using":"xpath","value":"//span[contains(text(), \"English\")]"}
COMMAND: POST /session/bbf8399d9e363efb3412e2a9322d982b/element/f.877C71D71840E3B44FFEE8E46F2453AC.d.36658F87E6F5ACC10FF2729E9C0AD855.e.720/click - {}
RESULT: {}
RESULT: {}
COMMAND: POST /session/bbf8399d9e363efb3412e2a9322d982b/execute/async - {"script":"<script> [1562 bytes]","args":[{"selector":{"id":"application-manageyards-display-component---NewYard--addressDetailDetailsCity1","interaction":{"idSuffix":"inner"}},"wdio_ui5_key":"applicationmanageyards-display-component---NewYard--addressDetailDetailsCity1"}]}
COMMAND: GET /session/bbf8399d9e363efb3412e2a9322d982b/screenshot - {}
RESULT: {"script":"<script> [1562 bytes]","args":[{"selector":{"id":"application-manageyards-display-component---NewYard--addressDetailDetailsCity1","interaction":{"idSuffix":"inner"}},"wdio_ui5_key":"applicationmanageyards-display-component---NewYard--addressDetailDetailsCity1"}]}
RESULT: undefined
COMMAND: POST /session/bbf8399d9e363efb3412e2a9322d982b/execute/async - {"script":"<script> [776 bytes]","args":[{"enterText":"Rosario","selector":{"id":"application-manageyards-display-component---NewYard--addressDetailDetailsCity1","interaction":{"idSuffix":"inner"}},"clearTextFirst":true,"interactionType":"ENTER_TEXT"}]}
RESULT: {}
RESULT: {"script":"<script> [776 bytes]","args":[{"enterText":"Rosario","selector":{"id":"application-manageyards-display-component---NewYard--addressDetailDetailsCity1","interaction":{"idSuffix":"inner"}},"clearTextFirst":true,"interactionType":"ENTER_TEXT"}]}
COMMAND: POST /session/bbf8399d9e363efb3412e2a9322d982b/execute/async - {"script":"<script> [1562 bytes]","args":[{"selector":{"id":"application-manageyards-display-component---NewYard--addressDetailDetailsCountry-arrow"},"wdio_ui5_key":"applicationmanageyards-display-component---NewYard--addressDetailDetailsCountry-arrow"}]}
RESULT: {"script":"<script> [1562 bytes]","args":[{"selector":{"id":"application-manageyards-display-component---NewYard--addressDetailDetailsCountry-arrow"},"wdio_ui5_key":"applicationmanageyards-display-component---NewYard--addressDetailDetailsCountry-arrow"}]}
RESULT: undefined
COMMAND: POST /session/bbf8399d9e363efb3412e2a9322d982b/element - {"using":"xpath","value":"//*[@id=\"application-manageyards-display-component---NewYard--addressDetailDetailsCountry-arrow\"]"}
RESULT: {"using":"xpath","value":"//*[@id=\"application-manageyards-display-component---NewYard--addressDetailDetailsCountry-arrow\"]"}
COMMAND: POST /session/bbf8399d9e363efb3412e2a9322d982b/element/f.877C71D71840E3B44FFEE8E46F2453AC.d.36658F87E6F5ACC10FF2729E9C0AD855.e.722/click - {}
RESULT: {}
COMMAND: POST /session/bbf8399d9e363efb3412e2a9322d982b/element - {"using":"xpath","value":"//span[contains(text(), \"Argentina\")]"}
COMMAND: GET /session/bbf8399d9e363efb3412e2a9322d982b/screenshot - {}
RESULT: {"using":"xpath","value":"//span[contains(text(), \"Argentina\")]"}
COMMAND: POST /session/bbf8399d9e363efb3412e2a9322d982b/element/f.877C71D71840E3B44FFEE8E46F2453AC.d.36658F87E6F5ACC10FF2729E9C0AD855.e.723/click - {}
RESULT: {}
RESULT: {}
COMMAND: POST /session/bbf8399d9e363efb3412e2a9322d982b/execute/async - {"script":"<script> [1562 bytes]","args":[{"selector":{"id":"application-manageyards-display-component---NewYard--addressEditDetailsCostObjectCstType-arrow"},"wdio_ui5_key":"applicationmanageyards-display-component---NewYard--addressEditDetailsCostObjectCstType-arrow"}]}
COMMAND: GET /session/bbf8399d9e363efb3412e2a9322d982b/screenshot - {}
RESULT: {"script":"<script> [1562 bytes]","args":[{"selector":{"id":"application-manageyards-display-component---NewYard--addressEditDetailsCostObjectCstType-arrow"},"wdio_ui5_key":"applicationmanageyards-display-component---NewYard--addressEditDetailsCostObjectCstType-arrow"}]}
RESULT: undefined
COMMAND: POST /session/bbf8399d9e363efb3412e2a9322d982b/element - {"using":"xpath","value":"//*[@id=\"application-manageyards-display-component---NewYard--addressEditDetailsCostObjectCstType-arrow\"]"}
RESULT: {}
RESULT: {"using":"xpath","value":"//*[@id=\"application-manageyards-display-component---NewYard--addressEditDetailsCostObjectCstType-arrow\"]"}
COMMAND: POST /session/bbf8399d9e363efb3412e2a9322d982b/element/f.877C71D71840E3B44FFEE8E46F2453AC.d.36658F87E6F5ACC10FF2729E9C0AD855.e.725/click - {}
RESULT: {}
COMMAND: POST /session/bbf8399d9e363efb3412e2a9322d982b/element - {"using":"xpath","value":"//span[contains(text(), \"Cost Center\")]"}
COMMAND: GET /session/bbf8399d9e363efb3412e2a9322d982b/screenshot - {}
RESULT: {"using":"xpath","value":"//span[contains(text(), \"Cost Center\")]"}
COMMAND: POST /session/bbf8399d9e363efb3412e2a9322d982b/element/f.877C71D71840E3B44FFEE8E46F2453AC.d.36658F87E6F5ACC10FF2729E9C0AD855.e.726/click - {}
RESULT: {}
RESULT: {}
COMMAND: GET /session/bbf8399d9e363efb3412e2a9322d982b/screenshot - {}
RESULT: {}
COMMAND: POST /session/bbf8399d9e363efb3412e2a9322d982b/element - {"using":"xpath","value":"//span[@id=\"application-manageyards-display-component---NewYard--addressNewCostObjectCstID-vhi\"]"}
RESULT: {"using":"xpath","value":"//span[@id=\"application-manageyards-display-component---NewYard--addressNewCostObjectCstID-vhi\"]"}
COMMAND: POST /session/bbf8399d9e363efb3412e2a9322d982b/execute/sync - {"script":"<script> [8489 bytes]","args":[{"element-6066-11e4-a52e-4f735466cecf":"f.877C71D71840E3B44FFEE8E46F2453AC.d.36658F87E6F5ACC10FF2729E9C0AD855.e.730","ELEMENT":"f.877C71D71840E3B44FFEE8E46F2453AC.d.36658F87E6F5ACC10FF2729E9C0AD855.e.730"}]}
RESULT: {"script":"<script> [8489 bytes]","args":[{"element-6066-11e4-a52e-4f735466cecf":"f.877C71D71840E3B44FFEE8E46F2453AC.d.36658F87E6F5ACC10FF2729E9C0AD855.e.730","ELEMENT":"f.877C71D71840E3B44FFEE8E46F2453AC.d.36658F87E6F5ACC10FF2729E9C0AD855.e.730"}]}
COMMAND: POST /session/bbf8399d9e363efb3412e2a9322d982b/execute/async - {"script":"<script> [1562 bytes]","args":[{"selector":{"id":"application-manageyards-display-component---NewYard--addressNewCostObjectCstID-vhi"},"wdio_ui5_key":"applicationmanageyards-display-component---NewYard--addressNewCostObjectCstID-vhi"}]}
COMMAND: GET /session/bbf8399d9e363efb3412e2a9322d982b/screenshot - {}
RESULT: {"script":"<script> [1562 bytes]","args":[{"selector":{"id":"application-manageyards-display-component---NewYard--addressNewCostObjectCstID-vhi"},"wdio_ui5_key":"applicationmanageyards-display-component---NewYard--addressNewCostObjectCstID-vhi"}]}
RESULT: undefined
COMMAND: POST /session/bbf8399d9e363efb3412e2a9322d982b/element - {"using":"xpath","value":"//*[@id=\"application-manageyards-display-component---NewYard--addressNewCostObjectCstID-vhi\"]"}
RESULT: {}
RESULT: {"using":"xpath","value":"//*[@id=\"application-manageyards-display-component---NewYard--addressNewCostObjectCstID-vhi\"]"}
COMMAND: POST /session/bbf8399d9e363efb3412e2a9322d982b/element/f.877C71D71840E3B44FFEE8E46F2453AC.d.36658F87E6F5ACC10FF2729E9C0AD855.e.730/click - {}
RESULT: {}
COMMAND: GET /session/bbf8399d9e363efb3412e2a9322d982b/screenshot - {}
RESULT: {}
COMMAND: POST /session/bbf8399d9e363efb3412e2a9322d982b/execute/async - {"script":"<script> [1562 bytes]","args":[{"selector":{"controlType":"sap.m.SearchField","properties":{"placeholder":"Search"},"searchOpenDialogs":true,"interaction":{"idSuffix":"I"}},"wdio_ui5_key":"sapm.SearchField{\"placeholder\":\"Search\"}"}]}
RESULT: {"script":"<script> [1562 bytes]","args":[{"selector":{"controlType":"sap.m.SearchField","properties":{"placeholder":"Search"},"searchOpenDialogs":true,"interaction":{"idSuffix":"I"}},"wdio_ui5_key":"sapm.SearchField{\"placeholder\":\"Search\"}"}]}
RESULT: undefined
COMMAND: POST /session/bbf8399d9e363efb3412e2a9322d982b/execute/async - {"script":"<script> [776 bytes]","args":[{"enterText":"bauh_b","selector":{"controlType":"sap.m.SearchField","properties":{"placeholder":"Search"},"searchOpenDialogs":true,"interaction":{"idSuffix":"I"}},"clearTextFirst":true,"interactionType":"ENTER_TEXT"}]}
RESULT: {"script":"<script> [776 bytes]","args":[{"enterText":"bauh_b","selector":{"controlType":"sap.m.SearchField","properties":{"placeholder":"Search"},"searchOpenDialogs":true,"interaction":{"idSuffix":"I"}},"clearTextFirst":true,"interactionType":"ENTER_TEXT"}]}
COMMAND: POST /session/bbf8399d9e363efb3412e2a9322d982b/actions - {"actions":[{"id":"action1","type":"key","parameters":{},"actions":[{"type":"keyDown","value":"î€‡"},{"type":"pause","duration":10},{"type":"keyUp","value":"î€‡"}]}]}
RESULT: {"actions":[{"id":"action1","type":"key","parameters":{},"actions":[{"type":"keyDown","value":"î€‡"},{"type":"pause","duration":10},{"type":"keyUp","value":"î€‡"}]}]}
COMMAND: GET /session/bbf8399d9e363efb3412e2a9322d982b/screenshot - {}
RESULT: {}
COMMAND: POST /session/bbf8399d9e363efb3412e2a9322d982b/element - {"using":"xpath","value":"//span[contains(text(), \"Demo Yard\")]"}
RESULT: {"using":"xpath","value":"//span[contains(text(), \"Demo Yard\")]"}
COMMAND: POST /session/bbf8399d9e363efb3412e2a9322d982b/element/f.877C71D71840E3B44FFEE8E46F2453AC.d.36658F87E6F5ACC10FF2729E9C0AD855.e.771/click - {}
RESULT: {}
COMMAND: GET /session/bbf8399d9e363efb3412e2a9322d982b/screenshot - {}
RESULT: {}
COMMAND: POST /session/bbf8399d9e363efb3412e2a9322d982b/element - {"using":"xpath","value":"//bdi[contains(text(), \"OK\")]"}
RESULT: {"using":"xpath","value":"//bdi[contains(text(), \"OK\")]"}
COMMAND: POST /session/bbf8399d9e363efb3412e2a9322d982b/element/f.877C71D71840E3B44FFEE8E46F2453AC.d.36658F87E6F5ACC10FF2729E9C0AD855.e.772/click - {}
RESULT: {}
COMMAND: GET /session/bbf8399d9e363efb3412e2a9322d982b/screenshot - {}
RESULT: {}
COMMAND: POST /session/bbf8399d9e363efb3412e2a9322d982b/execute/async - {"script":"<script> [1562 bytes]","args":[{"selector":{"id":"application-manageyards-display-component---NewYard--addressEditDetailsCurrency-arrow"},"wdio_ui5_key":"applicationmanageyards-display-component---NewYard--addressEditDetailsCurrency-arrow"}]}
RESULT: {"script":"<script> [1562 bytes]","args":[{"selector":{"id":"application-manageyards-display-component---NewYard--addressEditDetailsCurrency-arrow"},"wdio_ui5_key":"applicationmanageyards-display-component---NewYard--addressEditDetailsCurrency-arrow"}]}
RESULT: undefined
COMMAND: POST /session/bbf8399d9e363efb3412e2a9322d982b/element - {"using":"xpath","value":"//*[@id=\"application-manageyards-display-component---NewYard--addressEditDetailsCurrency-arrow\"]"}
RESULT: {"using":"xpath","value":"//*[@id=\"application-manageyards-display-component---NewYard--addressEditDetailsCurrency-arrow\"]"}
COMMAND: POST /session/bbf8399d9e363efb3412e2a9322d982b/element/f.877C71D71840E3B44FFEE8E46F2453AC.d.36658F87E6F5ACC10FF2729E9C0AD855.e.775/click - {}
RESULT: {}
COMMAND: POST /session/bbf8399d9e363efb3412e2a9322d982b/element - {"using":"xpath","value":"//span[contains(text(), \"Euro\")]"}
COMMAND: GET /session/bbf8399d9e363efb3412e2a9322d982b/screenshot - {}
RESULT: {"using":"xpath","value":"//span[contains(text(), \"Euro\")]"}
COMMAND: POST /session/bbf8399d9e363efb3412e2a9322d982b/element/f.877C71D71840E3B44FFEE8E46F2453AC.d.36658F87E6F5ACC10FF2729E9C0AD855.e.776/click - {}
RESULT: {}
RESULT: {}
COMMAND: POST /session/bbf8399d9e363efb3412e2a9322d982b/execute/async - {"script":"<script> [1562 bytes]","args":[{"selector":{"controlType":"sap.m.Input","viewName":"etm.portal.ui.manageyards.view.New","viewId":"application-manageyards-display-component---NewYard","bindingPath":{"path":"","propertyPath":"/CONTROLLING_AREA","modelName":"NewYardModel"},"interaction":{"idSuffix":"inner"}},"wdio_ui5_key":"etmportal.ui.manageyards.view.Newsap.m.Input{\"path\":\"\",\"propertyPath\":\"/CONTROLLING_AREA\",\"modelName\":\"NewYardModel\"}"}]}
COMMAND: GET /session/bbf8399d9e363efb3412e2a9322d982b/screenshot - {}
RESULT: {"script":"<script> [1562 bytes]","args":[{"selector":{"controlType":"sap.m.Input","viewName":"etm.portal.ui.manageyards.view.New","viewId":"application-manageyards-display-component---NewYard","bindingPath":{"path":"","propertyPath":"/CONTROLLING_AREA","modelName":"NewYardModel"},"interaction":{"idSuffix":"inner"}},"wdio_ui5_key":"etmportal.ui.manageyards.view.Newsap.m.Input{\"path\":\"\",\"propertyPath\":\"/CONTROLLING_AREA\",\"modelName\":\"NewYardModel\"}"}]}
RESULT: undefined
COMMAND: POST /session/bbf8399d9e363efb3412e2a9322d982b/execute/async - {"script":"<script> [776 bytes]","args":[{"enterText":"Z001","selector":{"controlType":"sap.m.Input","viewName":"etm.portal.ui.manageyards.view.New","viewId":"application-manageyards-display-component---NewYard","bindingPath":{"path":"","propertyPath":"/CONTROLLING_AREA","modelName":"NewYardModel"},"interaction":{"idSuffix":"inner"}},"clearTextFirst":true,"interactionType":"ENTER_TEXT"}]}
RESULT: {}
RESULT: {"script":"<script> [776 bytes]","args":[{"enterText":"Z001","selector":{"controlType":"sap.m.Input","viewName":"etm.portal.ui.manageyards.view.New","viewId":"application-manageyards-display-component---NewYard","bindingPath":{"path":"","propertyPath":"/CONTROLLING_AREA","modelName":"NewYardModel"},"interaction":{"idSuffix":"inner"}},"clearTextFirst":true,"interactionType":"ENTER_TEXT"}]}
COMMAND: POST /session/bbf8399d9e363efb3412e2a9322d982b/execute/async - {"script":"<script> [1562 bytes]","args":[{"selector":{"id":"application-manageyards-display-component---NewYard--companyCodeComboBox","interaction":{"idSuffix":"inner"}},"wdio_ui5_key":"applicationmanageyards-display-component---NewYard--companyCodeComboBox"}]}
RESULT: {"script":"<script> [1562 bytes]","args":[{"selector":{"id":"application-manageyards-display-component---NewYard--companyCodeComboBox","interaction":{"idSuffix":"inner"}},"wdio_ui5_key":"applicationmanageyards-display-component---NewYard--companyCodeComboBox"}]}
RESULT: undefined
COMMAND: POST /session/bbf8399d9e363efb3412e2a9322d982b/execute/async - {"script":"<script> [776 bytes]","args":[{"enterText":"1000","selector":{"id":"application-manageyards-display-component---NewYard--companyCodeComboBox","interaction":{"idSuffix":"inner"}},"clearTextFirst":true,"interactionType":"ENTER_TEXT"}]}
RESULT: {"script":"<script> [776 bytes]","args":[{"enterText":"1000","selector":{"id":"application-manageyards-display-component---NewYard--companyCodeComboBox","interaction":{"idSuffix":"inner"}},"clearTextFirst":true,"interactionType":"ENTER_TEXT"}]}
COMMAND: POST /session/bbf8399d9e363efb3412e2a9322d982b/execute/async - {"script":"<script> [1562 bytes]","args":[{"selector":{"controlType":"sap.m.Input","viewName":"etm.portal.ui.manageyards.view.New","viewId":"application-manageyards-display-component---NewYard","bindingPath":{"path":"","propertyPath":"/PLANT","modelName":"NewYardModel"},"interaction":{"idSuffix":"inner"}},"wdio_ui5_key":"etmportal.ui.manageyards.view.Newsap.m.Input{\"path\":\"\",\"propertyPath\":\"/PLANT\",\"modelName\":\"NewYardModel\"}"}]}
RESULT: {"script":"<script> [1562 bytes]","args":[{"selector":{"controlType":"sap.m.Input","viewName":"etm.portal.ui.manageyards.view.New","viewId":"application-manageyards-display-component---NewYard","bindingPath":{"path":"","propertyPath":"/PLANT","modelName":"NewYardModel"},"interaction":{"idSuffix":"inner"}},"wdio_ui5_key":"etmportal.ui.manageyards.view.Newsap.m.Input{\"path\":\"\",\"propertyPath\":\"/PLANT\",\"modelName\":\"NewYardModel\"}"}]}
RESULT: undefined
COMMAND: POST /session/bbf8399d9e363efb3412e2a9322d982b/execute/async - {"script":"<script> [776 bytes]","args":[{"enterText":"1001","selector":{"controlType":"sap.m.Input","viewName":"etm.portal.ui.manageyards.view.New","viewId":"application-manageyards-display-component---NewYard","bindingPath":{"path":"","propertyPath":"/PLANT","modelName":"NewYardModel"},"interaction":{"idSuffix":"inner"}},"clearTextFirst":true,"interactionType":"ENTER_TEXT"}]}
RESULT: {"script":"<script> [776 bytes]","args":[{"enterText":"1001","selector":{"controlType":"sap.m.Input","viewName":"etm.portal.ui.manageyards.view.New","viewId":"application-manageyards-display-component---NewYard","bindingPath":{"path":"","propertyPath":"/PLANT","modelName":"NewYardModel"},"interaction":{"idSuffix":"inner"}},"clearTextFirst":true,"interactionType":"ENTER_TEXT"}]}
COMMAND: POST /session/bbf8399d9e363efb3412e2a9322d982b/execute/async - {"script":"<script> [1562 bytes]","args":[{"selector":{"controlType":"sap.m.Input","viewName":"etm.portal.ui.manageyards.view.New","viewId":"application-manageyards-display-component---NewYard","bindingPath":{"path":"","propertyPath":"/SALES_AREA_VKORG","modelName":"NewYardModel"},"interaction":{"idSuffix":"inner"}},"wdio_ui5_key":"etmportal.ui.manageyards.view.Newsap.m.Input{\"path\":\"\",\"propertyPath\":\"/SALES_AREA_VKORG\",\"modelName\":\"NewYardModel\"}"}]}
RESULT: {"script":"<script> [1562 bytes]","args":[{"selector":{"controlType":"sap.m.Input","viewName":"etm.portal.ui.manageyards.view.New","viewId":"application-manageyards-display-component---NewYard","bindingPath":{"path":"","propertyPath":"/SALES_AREA_VKORG","modelName":"NewYardModel"},"interaction":{"idSuffix":"inner"}},"wdio_ui5_key":"etmportal.ui.manageyards.view.Newsap.m.Input{\"path\":\"\",\"propertyPath\":\"/SALES_AREA_VKORG\",\"modelName\":\"NewYardModel\"}"}]}
RESULT: undefined
COMMAND: POST /session/bbf8399d9e363efb3412e2a9322d982b/execute/async - {"script":"<script> [776 bytes]","args":[{"enterText":"C002","selector":{"controlType":"sap.m.Input","viewName":"etm.portal.ui.manageyards.view.New","viewId":"application-manageyards-display-component---NewYard","bindingPath":{"path":"","propertyPath":"/SALES_AREA_VKORG","modelName":"NewYardModel"},"interaction":{"idSuffix":"inner"}},"clearTextFirst":true,"interactionType":"ENTER_TEXT"}]}
RESULT: {"script":"<script> [776 bytes]","args":[{"enterText":"C002","selector":{"controlType":"sap.m.Input","viewName":"etm.portal.ui.manageyards.view.New","viewId":"application-manageyards-display-component---NewYard","bindingPath":{"path":"","propertyPath":"/SALES_AREA_VKORG","modelName":"NewYardModel"},"interaction":{"idSuffix":"inner"}},"clearTextFirst":true,"interactionType":"ENTER_TEXT"}]}
COMMAND: POST /session/bbf8399d9e363efb3412e2a9322d982b/execute/async - {"script":"<script> [1562 bytes]","args":[{"selector":{"controlType":"sap.m.Input","viewName":"etm.portal.ui.manageyards.view.New","viewId":"application-manageyards-display-component---NewYard","bindingPath":{"path":"","propertyPath":"/SALES_AREA_VTWEG","modelName":"NewYardModel"},"interaction":{"idSuffix":"inner"}},"wdio_ui5_key":"etmportal.ui.manageyards.view.Newsap.m.Input{\"path\":\"\",\"propertyPath\":\"/SALES_AREA_VTWEG\",\"modelName\":\"NewYardModel\"}"}]}
RESULT: {"script":"<script> [1562 bytes]","args":[{"selector":{"controlType":"sap.m.Input","viewName":"etm.portal.ui.manageyards.view.New","viewId":"application-manageyards-display-component---NewYard","bindingPath":{"path":"","propertyPath":"/SALES_AREA_VTWEG","modelName":"NewYardModel"},"interaction":{"idSuffix":"inner"}},"wdio_ui5_key":"etmportal.ui.manageyards.view.Newsap.m.Input{\"path\":\"\",\"propertyPath\":\"/SALES_AREA_VTWEG\",\"modelName\":\"NewYardModel\"}"}]}
RESULT: undefined
COMMAND: POST /session/bbf8399d9e363efb3412e2a9322d982b/execute/async - {"script":"<script> [776 bytes]","args":[{"enterText":"C2","selector":{"controlType":"sap.m.Input","viewName":"etm.portal.ui.manageyards.view.New","viewId":"application-manageyards-display-component---NewYard","bindingPath":{"path":"","propertyPath":"/SALES_AREA_VTWEG","modelName":"NewYardModel"},"interaction":{"idSuffix":"inner"}},"clearTextFirst":true,"interactionType":"ENTER_TEXT"}]}
RESULT: {"script":"<script> [776 bytes]","args":[{"enterText":"C2","selector":{"controlType":"sap.m.Input","viewName":"etm.portal.ui.manageyards.view.New","viewId":"application-manageyards-display-component---NewYard","bindingPath":{"path":"","propertyPath":"/SALES_AREA_VTWEG","modelName":"NewYardModel"},"interaction":{"idSuffix":"inner"}},"clearTextFirst":true,"interactionType":"ENTER_TEXT"}]}
COMMAND: POST /session/bbf8399d9e363efb3412e2a9322d982b/execute/async - {"script":"<script> [1562 bytes]","args":[{"selector":{"controlType":"sap.m.Input","viewName":"etm.portal.ui.manageyards.view.New","viewId":"application-manageyards-display-component---NewYard","bindingPath":{"path":"","propertyPath":"/SALES_AREA_SPART","modelName":"NewYardModel"},"interaction":{"idSuffix":"inner"}},"wdio_ui5_key":"etmportal.ui.manageyards.view.Newsap.m.Input{\"path\":\"\",\"propertyPath\":\"/SALES_AREA_SPART\",\"modelName\":\"NewYardModel\"}"}]}
RESULT: {"script":"<script> [1562 bytes]","args":[{"selector":{"controlType":"sap.m.Input","viewName":"etm.portal.ui.manageyards.view.New","viewId":"application-manageyards-display-component---NewYard","bindingPath":{"path":"","propertyPath":"/SALES_AREA_SPART","modelName":"NewYardModel"},"interaction":{"idSuffix":"inner"}},"wdio_ui5_key":"etmportal.ui.manageyards.view.Newsap.m.Input{\"path\":\"\",\"propertyPath\":\"/SALES_AREA_SPART\",\"modelName\":\"NewYardModel\"}"}]}
RESULT: undefined
COMMAND: POST /session/bbf8399d9e363efb3412e2a9322d982b/execute/async - {"script":"<script> [776 bytes]","args":[{"enterText":"C2","selector":{"controlType":"sap.m.Input","viewName":"etm.portal.ui.manageyards.view.New","viewId":"application-manageyards-display-component---NewYard","bindingPath":{"path":"","propertyPath":"/SALES_AREA_SPART","modelName":"NewYardModel"},"interaction":{"idSuffix":"inner"}},"clearTextFirst":true,"interactionType":"ENTER_TEXT"}]}
RESULT: {"script":"<script> [776 bytes]","args":[{"enterText":"C2","selector":{"controlType":"sap.m.Input","viewName":"etm.portal.ui.manageyards.view.New","viewId":"application-manageyards-display-component---NewYard","bindingPath":{"path":"","propertyPath":"/SALES_AREA_SPART","modelName":"NewYardModel"},"interaction":{"idSuffix":"inner"}},"clearTextFirst":true,"interactionType":"ENTER_TEXT"}]}
COMMAND: POST /session/bbf8399d9e363efb3412e2a9322d982b/execute/async - {"script":"<script> [1562 bytes]","args":[{"selector":{"controlType":"sap.m.Input","viewName":"etm.portal.ui.manageyards.view.New","viewId":"application-manageyards-display-component---NewYard","bindingPath":{"path":"","propertyPath":"/SHIP_POINT","modelName":"NewYardModel"},"interaction":{"idSuffix":"inner"}},"wdio_ui5_key":"etmportal.ui.manageyards.view.Newsap.m.Input{\"path\":\"\",\"propertyPath\":\"/SHIP_POINT\",\"modelName\":\"NewYardModel\"}"}]}
RESULT: {"script":"<script> [1562 bytes]","args":[{"selector":{"controlType":"sap.m.Input","viewName":"etm.portal.ui.manageyards.view.New","viewId":"application-manageyards-display-component---NewYard","bindingPath":{"path":"","propertyPath":"/SHIP_POINT","modelName":"NewYardModel"},"interaction":{"idSuffix":"inner"}},"wdio_ui5_key":"etmportal.ui.manageyards.view.Newsap.m.Input{\"path\":\"\",\"propertyPath\":\"/SHIP_POINT\",\"modelName\":\"NewYardModel\"}"}]}
RESULT: undefined
COMMAND: POST /session/bbf8399d9e363efb3412e2a9322d982b/execute/async - {"script":"<script> [776 bytes]","args":[{"enterText":"1710","selector":{"controlType":"sap.m.Input","viewName":"etm.portal.ui.manageyards.view.New","viewId":"application-manageyards-display-component---NewYard","bindingPath":{"path":"","propertyPath":"/SHIP_POINT","modelName":"NewYardModel"},"interaction":{"idSuffix":"inner"}},"clearTextFirst":true,"interactionType":"ENTER_TEXT"}]}
RESULT: {"script":"<script> [776 bytes]","args":[{"enterText":"1710","selector":{"controlType":"sap.m.Input","viewName":"etm.portal.ui.manageyards.view.New","viewId":"application-manageyards-display-component---NewYard","bindingPath":{"path":"","propertyPath":"/SHIP_POINT","modelName":"NewYardModel"},"interaction":{"idSuffix":"inner"}},"clearTextFirst":true,"interactionType":"ENTER_TEXT"}]}
COMMAND: POST /session/bbf8399d9e363efb3412e2a9322d982b/execute/async - {"script":"<script> [1562 bytes]","args":[{"selector":{"controlType":"sap.m.Input","viewName":"etm.portal.ui.manageyards.view.New","viewId":"application-manageyards-display-component---NewYard","bindingPath":{"path":"","propertyPath":"/DELIVERY_TYPE","modelName":"NewYardModel"},"interaction":{"idSuffix":"inner"}},"wdio_ui5_key":"etmportal.ui.manageyards.view.Newsap.m.Input{\"path\":\"\",\"propertyPath\":\"/DELIVERY_TYPE\",\"modelName\":\"NewYardModel\"}"}]}
RESULT: {"script":"<script> [1562 bytes]","args":[{"selector":{"controlType":"sap.m.Input","viewName":"etm.portal.ui.manageyards.view.New","viewId":"application-manageyards-display-component---NewYard","bindingPath":{"path":"","propertyPath":"/DELIVERY_TYPE","modelName":"NewYardModel"},"interaction":{"idSuffix":"inner"}},"wdio_ui5_key":"etmportal.ui.manageyards.view.Newsap.m.Input{\"path\":\"\",\"propertyPath\":\"/DELIVERY_TYPE\",\"modelName\":\"NewYardModel\"}"}]}
RESULT: undefined
COMMAND: POST /session/bbf8399d9e363efb3412e2a9322d982b/execute/async - {"script":"<script> [776 bytes]","args":[{"enterText":"ZL01","selector":{"controlType":"sap.m.Input","viewName":"etm.portal.ui.manageyards.view.New","viewId":"application-manageyards-display-component---NewYard","bindingPath":{"path":"","propertyPath":"/DELIVERY_TYPE","modelName":"NewYardModel"},"interaction":{"idSuffix":"inner"}},"clearTextFirst":true,"interactionType":"ENTER_TEXT"}]}
RESULT: {"script":"<script> [776 bytes]","args":[{"enterText":"ZL01","selector":{"controlType":"sap.m.Input","viewName":"etm.portal.ui.manageyards.view.New","viewId":"application-manageyards-display-component---NewYard","bindingPath":{"path":"","propertyPath":"/DELIVERY_TYPE","modelName":"NewYardModel"},"interaction":{"idSuffix":"inner"}},"clearTextFirst":true,"interactionType":"ENTER_TEXT"}]}
COMMAND: POST /session/bbf8399d9e363efb3412e2a9322d982b/execute/async - {"script":"<script> [1562 bytes]","args":[{"selector":{"controlType":"sap.m.Input","viewName":"etm.portal.ui.manageyards.view.New","viewId":"application-manageyards-display-component---NewYard","bindingPath":{"path":"","propertyPath":"/AUART","modelName":"NewYardModel"},"interaction":{"idSuffix":"inner"}},"wdio_ui5_key":"etmportal.ui.manageyards.view.Newsap.m.Input{\"path\":\"\",\"propertyPath\":\"/AUART\",\"modelName\":\"NewYardModel\"}"}]}
RESULT: {"script":"<script> [1562 bytes]","args":[{"selector":{"controlType":"sap.m.Input","viewName":"etm.portal.ui.manageyards.view.New","viewId":"application-manageyards-display-component---NewYard","bindingPath":{"path":"","propertyPath":"/AUART","modelName":"NewYardModel"},"interaction":{"idSuffix":"inner"}},"wdio_ui5_key":"etmportal.ui.manageyards.view.Newsap.m.Input{\"path\":\"\",\"propertyPath\":\"/AUART\",\"modelName\":\"NewYardModel\"}"}]}
RESULT: undefined
COMMAND: POST /session/bbf8399d9e363efb3412e2a9322d982b/execute/async - {"script":"<script> [776 bytes]","args":[{"enterText":"TA","selector":{"controlType":"sap.m.Input","viewName":"etm.portal.ui.manageyards.view.New","viewId":"application-manageyards-display-component---NewYard","bindingPath":{"path":"","propertyPath":"/AUART","modelName":"NewYardModel"},"interaction":{"idSuffix":"inner"}},"clearTextFirst":true,"interactionType":"ENTER_TEXT"}]}
RESULT: {"script":"<script> [776 bytes]","args":[{"enterText":"TA","selector":{"controlType":"sap.m.Input","viewName":"etm.portal.ui.manageyards.view.New","viewId":"application-manageyards-display-component---NewYard","bindingPath":{"path":"","propertyPath":"/AUART","modelName":"NewYardModel"},"interaction":{"idSuffix":"inner"}},"clearTextFirst":true,"interactionType":"ENTER_TEXT"}]}
COMMAND: POST /session/bbf8399d9e363efb3412e2a9322d982b/element - {"using":"xpath","value":"//button[@data-kt=\"newYardSaveButton\"]"}
RESULT: {"using":"xpath","value":"//button[@data-kt=\"newYardSaveButton\"]"}
COMMAND: POST /session/bbf8399d9e363efb3412e2a9322d982b/element/f.877C71D71840E3B44FFEE8E46F2453AC.d.36658F87E6F5ACC10FF2729E9C0AD855.e.681/click - {}
RESULT: {}
COMMAND: GET /session/bbf8399d9e363efb3412e2a9322d982b/screenshot - {}
RESULT: {}
COMMAND: POST /session/bbf8399d9e363efb3412e2a9322d982b/element - {"using":"xpath","value":"//header[contains(@id, 'ObjectPageLayout-headerTitle')]/div[1]/div[2]/div[1]/span[1]"}
RESULT: {"using":"xpath","value":"//header[contains(@id, 'ObjectPageLayout-headerTitle')]/div[1]/div[2]/div[1]/span[1]"}
COMMAND: POST /session/bbf8399d9e363efb3412e2a9322d982b/elements - {"using":"xpath","value":"//header[contains(@id, 'ObjectPageLayout-headerTitle')]/div[1]/div[2]/div[1]/span[1]"}
RESULT: {"using":"xpath","value":"//header[contains(@id, 'ObjectPageLayout-headerTitle')]/div[1]/div[2]/div[1]/span[1]"}
COMMAND: POST /session/bbf8399d9e363efb3412e2a9322d982b/execute/sync - {"script":"<script> [56 bytes]","args":[{"element-6066-11e4-a52e-4f735466cecf":"f.877C71D71840E3B44FFEE8E46F2453AC.d.36658F87E6F5ACC10FF2729E9C0AD855.e.1000","ELEMENT":"f.877C71D71840E3B44FFEE8E46F2453AC.d.36658F87E6F5ACC10FF2729E9C0AD855.e.1000"}]}
RESULT: {"script":"<script> [56 bytes]","args":[{"element-6066-11e4-a52e-4f735466cecf":"f.877C71D71840E3B44FFEE8E46F2453AC.d.36658F87E6F5ACC10FF2729E9C0AD855.e.1000","ELEMENT":"f.877C71D71840E3B44FFEE8E46F2453AC.d.36658F87E6F5ACC10FF2729E9C0AD855.e.1000"}]}
COMMAND: GET /session/bbf8399d9e363efb3412e2a9322d982b/screenshot - {}
RESULT: {}
COMMAND: POST /session/bbf8399d9e363efb3412e2a9322d982b/element - {"using":"css selector","value":"#shell-header-logo"}
RESULT: {"using":"css selector","value":"#shell-header-logo"}
COMMAND: POST /session/bbf8399d9e363efb3412e2a9322d982b/element/f.877C71D71840E3B44FFEE8E46F2453AC.d.36658F87E6F5ACC10FF2729E9C0AD855.e.255/click - {}
RESULT: {}
COMMAND: GET /session/bbf8399d9e363efb3412e2a9322d982b/screenshot - {}
RESULT: {}
COMMAND: POST /session/bbf8399d9e363efb3412e2a9322d982b/execute/sync - {"script":"<script> [299 bytes]","args":[["getModel","getResource"]]}
RESULT: {"script":"<script> [299 bytes]","args":[["getModel","getResource"]]}
]]></system-out>
    </testcase>
    <testcase classname="chrome.136_0_7103_93.windows.Prerequisites_&amp;_test_for_yard_mass_return_on_Yard_Overview_US131057" name="Prereq Should create a new partner" time="137.992">
      <system-out><![CDATA[
COMMAND: GET /session/bbf8399d9e363efb3412e2a9322d982b/screenshot - {}
COMMAND: POST /session/bbf8399d9e363efb3412e2a9322d982b/window/fullscreen - {}
RESULT: {}
COMMAND: POST /session/bbf8399d9e363efb3412e2a9322d982b/execute/async - {"script":"<script> [1562 bytes]","args":[{"selector":{"controlType":"sap.m.GenericTile","properties":{"header":"Manage Partners"}},"wdio_ui5_key":"sapm.GenericTile{\"header\":\"Manage Partners\"}"}]}
RESULT: {}
RESULT: {"script":"<script> [1562 bytes]","args":[{"selector":{"controlType":"sap.m.GenericTile","properties":{"header":"Manage Partners"}},"wdio_ui5_key":"sapm.GenericTile{\"header\":\"Manage Partners\"}"}]}
RESULT: undefined
COMMAND: POST /session/bbf8399d9e363efb3412e2a9322d982b/element - {"using":"xpath","value":"//*[@id=\"__tile38\"]"}
RESULT: {"using":"xpath","value":"//*[@id=\"__tile38\"]"}
COMMAND: POST /session/bbf8399d9e363efb3412e2a9322d982b/element/f.877C71D71840E3B44FFEE8E46F2453AC.d.36658F87E6F5ACC10FF2729E9C0AD855.e.151/click - {}
RESULT: {}
COMMAND: GET /session/bbf8399d9e363efb3412e2a9322d982b/screenshot - {}
RESULT: {}
COMMAND: POST /session/bbf8399d9e363efb3412e2a9322d982b/elements - {"using":"xpath","value":"//span[text()='Error']"}
RESULT: {"using":"xpath","value":"//span[text()='Error']"}
COMMAND: POST /session/bbf8399d9e363efb3412e2a9322d982b/element - {"using":"xpath","value":"//button[@data-kt=\"addButton\"]"}
RESULT: {"using":"xpath","value":"//button[@data-kt=\"addButton\"]"}
COMMAND: POST /session/bbf8399d9e363efb3412e2a9322d982b/elements - {"using":"xpath","value":"//button[@data-kt=\"addButton\"]"}
RESULT: {"using":"xpath","value":"//button[@data-kt=\"addButton\"]"}
COMMAND: POST /session/bbf8399d9e363efb3412e2a9322d982b/execute/sync - {"script":"<script> [8489 bytes]","args":[{"element-6066-11e4-a52e-4f735466cecf":"f.877C71D71840E3B44FFEE8E46F2453AC.d.36658F87E6F5ACC10FF2729E9C0AD855.e.1037","ELEMENT":"f.877C71D71840E3B44FFEE8E46F2453AC.d.36658F87E6F5ACC10FF2729E9C0AD855.e.1037"}]}
RESULT: {"script":"<script> [8489 bytes]","args":[{"element-6066-11e4-a52e-4f735466cecf":"f.877C71D71840E3B44FFEE8E46F2453AC.d.36658F87E6F5ACC10FF2729E9C0AD855.e.1037","ELEMENT":"f.877C71D71840E3B44FFEE8E46F2453AC.d.36658F87E6F5ACC10FF2729E9C0AD855.e.1037"}]}
COMMAND: GET /session/bbf8399d9e363efb3412e2a9322d982b/element/f.877C71D71840E3B44FFEE8E46F2453AC.d.36658F87E6F5ACC10FF2729E9C0AD855.e.1037/enabled - {}
COMMAND: GET /session/bbf8399d9e363efb3412e2a9322d982b/screenshot - {}
RESULT: {}
COMMAND: POST /session/bbf8399d9e363efb3412e2a9322d982b/execute/sync - {"script":"<script> [8489 bytes]","args":[{"element-6066-11e4-a52e-4f735466cecf":"f.877C71D71840E3B44FFEE8E46F2453AC.d.36658F87E6F5ACC10FF2729E9C0AD855.e.1037","ELEMENT":"f.877C71D71840E3B44FFEE8E46F2453AC.d.36658F87E6F5ACC10FF2729E9C0AD855.e.1037"}]}
COMMAND: GET /session/bbf8399d9e363efb3412e2a9322d982b/screenshot - {}
RESULT: {}
RESULT: {"script":"<script> [8489 bytes]","args":[{"element-6066-11e4-a52e-4f735466cecf":"f.877C71D71840E3B44FFEE8E46F2453AC.d.36658F87E6F5ACC10FF2729E9C0AD855.e.1037","ELEMENT":"f.877C71D71840E3B44FFEE8E46F2453AC.d.36658F87E6F5ACC10FF2729E9C0AD855.e.1037"}]}
COMMAND: POST /session/bbf8399d9e363efb3412e2a9322d982b/execute/sync - {"script":"<script> [5351 bytes]","args":[{"element-6066-11e4-a52e-4f735466cecf":"f.877C71D71840E3B44FFEE8E46F2453AC.d.36658F87E6F5ACC10FF2729E9C0AD855.e.1037","ELEMENT":"f.877C71D71840E3B44FFEE8E46F2453AC.d.36658F87E6F5ACC10FF2729E9C0AD855.e.1037"}]}
COMMAND: GET /session/bbf8399d9e363efb3412e2a9322d982b/screenshot - {}
RESULT: {}
RESULT: {"script":"<script> [5351 bytes]","args":[{"element-6066-11e4-a52e-4f735466cecf":"f.877C71D71840E3B44FFEE8E46F2453AC.d.36658F87E6F5ACC10FF2729E9C0AD855.e.1037","ELEMENT":"f.877C71D71840E3B44FFEE8E46F2453AC.d.36658F87E6F5ACC10FF2729E9C0AD855.e.1037"}]}
COMMAND: POST /session/bbf8399d9e363efb3412e2a9322d982b/element/f.877C71D71840E3B44FFEE8E46F2453AC.d.36658F87E6F5ACC10FF2729E9C0AD855.e.1037/click - {}
COMMAND: GET /session/bbf8399d9e363efb3412e2a9322d982b/screenshot - {}
RESULT: {}
RESULT: {}
COMMAND: GET /session/bbf8399d9e363efb3412e2a9322d982b/screenshot - {}
COMMAND: POST /session/bbf8399d9e363efb3412e2a9322d982b/execute/async - {"script":"<script> [1562 bytes]","args":[{"selector":{"id":"application-managepartners-display-component---NewPartner--addressDetailDetailsName1","interaction":{"idSuffix":"inner"}},"wdio_ui5_key":"applicationmanagepartners-display-component---NewPartner--addressDetailDetailsName1"}]}
RESULT: {}
RESULT: {}
RESULT: {"script":"<script> [1562 bytes]","args":[{"selector":{"id":"application-managepartners-display-component---NewPartner--addressDetailDetailsName1","interaction":{"idSuffix":"inner"}},"wdio_ui5_key":"applicationmanagepartners-display-component---NewPartner--addressDetailDetailsName1"}]}
RESULT: undefined
COMMAND: POST /session/bbf8399d9e363efb3412e2a9322d982b/execute/async - {"script":"<script> [776 bytes]","args":[{"enterText":"Intracompany Partner WDIO","selector":{"id":"application-managepartners-display-component---NewPartner--addressDetailDetailsName1","interaction":{"idSuffix":"inner"}},"clearTextFirst":true,"interactionType":"ENTER_TEXT"}]}
RESULT: {"script":"<script> [776 bytes]","args":[{"enterText":"Intracompany Partner WDIO","selector":{"id":"application-managepartners-display-component---NewPartner--addressDetailDetailsName1","interaction":{"idSuffix":"inner"}},"clearTextFirst":true,"interactionType":"ENTER_TEXT"}]}
COMMAND: POST /session/bbf8399d9e363efb3412e2a9322d982b/execute/async - {"script":"<script> [1562 bytes]","args":[{"selector":{"id":"application-managepartners-display-component---NewPartner--addressDetailDetailsLanguage-arrow"},"wdio_ui5_key":"applicationmanagepartners-display-component---NewPartner--addressDetailDetailsLanguage-arrow"}]}
RESULT: {"script":"<script> [1562 bytes]","args":[{"selector":{"id":"application-managepartners-display-component---NewPartner--addressDetailDetailsLanguage-arrow"},"wdio_ui5_key":"applicationmanagepartners-display-component---NewPartner--addressDetailDetailsLanguage-arrow"}]}
RESULT: undefined
COMMAND: POST /session/bbf8399d9e363efb3412e2a9322d982b/element - {"using":"xpath","value":"//*[@id=\"application-managepartners-display-component---NewPartner--addressDetailDetailsLanguage-arrow\"]"}
RESULT: {"using":"xpath","value":"//*[@id=\"application-managepartners-display-component---NewPartner--addressDetailDetailsLanguage-arrow\"]"}
COMMAND: POST /session/bbf8399d9e363efb3412e2a9322d982b/element/f.877C71D71840E3B44FFEE8E46F2453AC.d.36658F87E6F5ACC10FF2729E9C0AD855.e.1496/click - {}
RESULT: {}
COMMAND: POST /session/bbf8399d9e363efb3412e2a9322d982b/element - {"using":"xpath","value":"//span[contains(text(), \"English\")]"}
COMMAND: GET /session/bbf8399d9e363efb3412e2a9322d982b/screenshot - {}
RESULT: {"using":"xpath","value":"//span[contains(text(), \"English\")]"}
COMMAND: POST /session/bbf8399d9e363efb3412e2a9322d982b/element/f.877C71D71840E3B44FFEE8E46F2453AC.d.36658F87E6F5ACC10FF2729E9C0AD855.e.1497/click - {}
RESULT: {}
RESULT: {}
COMMAND: GET /session/bbf8399d9e363efb3412e2a9322d982b/screenshot - {}
RESULT: {}
COMMAND: POST /session/bbf8399d9e363efb3412e2a9322d982b/execute/async - {"script":"<script> [1562 bytes]","args":[{"selector":{"id":"application-managepartners-display-component---NewPartner--addressDetailDetailsCity1","interaction":{"idSuffix":"inner"}},"wdio_ui5_key":"applicationmanagepartners-display-component---NewPartner--addressDetailDetailsCity1"}]}
RESULT: {"script":"<script> [1562 bytes]","args":[{"selector":{"id":"application-managepartners-display-component---NewPartner--addressDetailDetailsCity1","interaction":{"idSuffix":"inner"}},"wdio_ui5_key":"applicationmanagepartners-display-component---NewPartner--addressDetailDetailsCity1"}]}
RESULT: undefined
COMMAND: POST /session/bbf8399d9e363efb3412e2a9322d982b/execute/async - {"script":"<script> [776 bytes]","args":[{"enterText":"Rosario","selector":{"id":"application-managepartners-display-component---NewPartner--addressDetailDetailsCity1","interaction":{"idSuffix":"inner"}},"clearTextFirst":true,"interactionType":"ENTER_TEXT"}]}
RESULT: {"script":"<script> [776 bytes]","args":[{"enterText":"Rosario","selector":{"id":"application-managepartners-display-component---NewPartner--addressDetailDetailsCity1","interaction":{"idSuffix":"inner"}},"clearTextFirst":true,"interactionType":"ENTER_TEXT"}]}
COMMAND: POST /session/bbf8399d9e363efb3412e2a9322d982b/execute/async - {"script":"<script> [1562 bytes]","args":[{"selector":{"id":"application-managepartners-display-component---NewPartner--addressDetailDetailsCountry-arrow"},"wdio_ui5_key":"applicationmanagepartners-display-component---NewPartner--addressDetailDetailsCountry-arrow"}]}
RESULT: {"script":"<script> [1562 bytes]","args":[{"selector":{"id":"application-managepartners-display-component---NewPartner--addressDetailDetailsCountry-arrow"},"wdio_ui5_key":"applicationmanagepartners-display-component---NewPartner--addressDetailDetailsCountry-arrow"}]}
RESULT: undefined
COMMAND: POST /session/bbf8399d9e363efb3412e2a9322d982b/element - {"using":"xpath","value":"//*[@id=\"application-managepartners-display-component---NewPartner--addressDetailDetailsCountry-arrow\"]"}
RESULT: {"using":"xpath","value":"//*[@id=\"application-managepartners-display-component---NewPartner--addressDetailDetailsCountry-arrow\"]"}
COMMAND: POST /session/bbf8399d9e363efb3412e2a9322d982b/element/f.877C71D71840E3B44FFEE8E46F2453AC.d.36658F87E6F5ACC10FF2729E9C0AD855.e.1483/click - {}
RESULT: {}
COMMAND: POST /session/bbf8399d9e363efb3412e2a9322d982b/element - {"using":"xpath","value":"//span[contains(text(), \"Argentina\")]"}
COMMAND: GET /session/bbf8399d9e363efb3412e2a9322d982b/screenshot - {}
RESULT: {"using":"xpath","value":"//span[contains(text(), \"Argentina\")]"}
COMMAND: POST /session/bbf8399d9e363efb3412e2a9322d982b/element/f.877C71D71840E3B44FFEE8E46F2453AC.d.36658F87E6F5ACC10FF2729E9C0AD855.e.1499/click - {}
RESULT: {}
RESULT: {}
COMMAND: GET /session/bbf8399d9e363efb3412e2a9322d982b/screenshot - {}
RESULT: {}
COMMAND: POST /session/bbf8399d9e363efb3412e2a9322d982b/element - {"using":"xpath","value":"//bdi[contains(text(), \"Commercial\")]"}
RESULT: {"using":"xpath","value":"//bdi[contains(text(), \"Commercial\")]"}
COMMAND: POST /session/bbf8399d9e363efb3412e2a9322d982b/element/f.877C71D71840E3B44FFEE8E46F2453AC.d.36658F87E6F5ACC10FF2729E9C0AD855.e.1500/click - {}
RESULT: {}
COMMAND: GET /session/bbf8399d9e363efb3412e2a9322d982b/screenshot - {}
RESULT: {}
COMMAND: POST /session/bbf8399d9e363efb3412e2a9322d982b/execute/async - {"script":"<script> [1562 bytes]","args":[{"selector":{"id":"application-managepartners-display-component---NewPartner--partnerDetailInternal-arrow"},"wdio_ui5_key":"applicationmanagepartners-display-component---NewPartner--partnerDetailInternal-arrow"}]}
RESULT: {"script":"<script> [1562 bytes]","args":[{"selector":{"id":"application-managepartners-display-component---NewPartner--partnerDetailInternal-arrow"},"wdio_ui5_key":"applicationmanagepartners-display-component---NewPartner--partnerDetailInternal-arrow"}]}
RESULT: undefined
COMMAND: POST /session/bbf8399d9e363efb3412e2a9322d982b/element - {"using":"xpath","value":"//*[@id=\"application-managepartners-display-component---NewPartner--partnerDetailInternal-arrow\"]"}
RESULT: {"using":"xpath","value":"//*[@id=\"application-managepartners-display-component---NewPartner--partnerDetailInternal-arrow\"]"}
COMMAND: POST /session/bbf8399d9e363efb3412e2a9322d982b/element/f.877C71D71840E3B44FFEE8E46F2453AC.d.36658F87E6F5ACC10FF2729E9C0AD855.e.1506/click - {}
RESULT: {}
COMMAND: POST /session/bbf8399d9e363efb3412e2a9322d982b/element - {"using":"xpath","value":"//span[contains(text(), \"Affiliated company\")]"}
COMMAND: GET /session/bbf8399d9e363efb3412e2a9322d982b/screenshot - {}
RESULT: {"using":"xpath","value":"//span[contains(text(), \"Affiliated company\")]"}
COMMAND: POST /session/bbf8399d9e363efb3412e2a9322d982b/element/f.877C71D71840E3B44FFEE8E46F2453AC.d.36658F87E6F5ACC10FF2729E9C0AD855.e.1507/click - {}
RESULT: {}
RESULT: {}
COMMAND: POST /session/bbf8399d9e363efb3412e2a9322d982b/execute/async - {"script":"<script> [1562 bytes]","args":[{"selector":{"id":"application-managepartners-display-component---NewPartner--partnerDetailsCurrency-arrow"},"wdio_ui5_key":"applicationmanagepartners-display-component---NewPartner--partnerDetailsCurrency-arrow"}]}
COMMAND: GET /session/bbf8399d9e363efb3412e2a9322d982b/screenshot - {}
RESULT: {"script":"<script> [1562 bytes]","args":[{"selector":{"id":"application-managepartners-display-component---NewPartner--partnerDetailsCurrency-arrow"},"wdio_ui5_key":"applicationmanagepartners-display-component---NewPartner--partnerDetailsCurrency-arrow"}]}
RESULT: undefined
COMMAND: POST /session/bbf8399d9e363efb3412e2a9322d982b/element - {"using":"xpath","value":"//*[@id=\"application-managepartners-display-component---NewPartner--partnerDetailsCurrency-arrow\"]"}
RESULT: {}
RESULT: {"using":"xpath","value":"//*[@id=\"application-managepartners-display-component---NewPartner--partnerDetailsCurrency-arrow\"]"}
COMMAND: POST /session/bbf8399d9e363efb3412e2a9322d982b/element/f.877C71D71840E3B44FFEE8E46F2453AC.d.36658F87E6F5ACC10FF2729E9C0AD855.e.1514/click - {}
RESULT: {}
COMMAND: POST /session/bbf8399d9e363efb3412e2a9322d982b/element - {"using":"xpath","value":"//span[contains(text(), \"Euro\")]"}
COMMAND: GET /session/bbf8399d9e363efb3412e2a9322d982b/screenshot - {}
RESULT: {"using":"xpath","value":"//span[contains(text(), \"Euro\")]"}
COMMAND: POST /session/bbf8399d9e363efb3412e2a9322d982b/element/f.877C71D71840E3B44FFEE8E46F2453AC.d.36658F87E6F5ACC10FF2729E9C0AD855.e.1515/click - {}
RESULT: {}
RESULT: {}
COMMAND: POST /session/bbf8399d9e363efb3412e2a9322d982b/execute/async - {"script":"<script> [1562 bytes]","args":[{"selector":{"id":"application-managepartners-display-component---NewPartner--addressEditDetailsCostObjectCstType-arrow"},"wdio_ui5_key":"applicationmanagepartners-display-component---NewPartner--addressEditDetailsCostObjectCstType-arrow"}]}
COMMAND: GET /session/bbf8399d9e363efb3412e2a9322d982b/screenshot - {}
RESULT: {"script":"<script> [1562 bytes]","args":[{"selector":{"id":"application-managepartners-display-component---NewPartner--addressEditDetailsCostObjectCstType-arrow"},"wdio_ui5_key":"applicationmanagepartners-display-component---NewPartner--addressEditDetailsCostObjectCstType-arrow"}]}
RESULT: undefined
COMMAND: POST /session/bbf8399d9e363efb3412e2a9322d982b/element - {"using":"xpath","value":"//*[@id=\"application-managepartners-display-component---NewPartner--addressEditDetailsCostObjectCstType-arrow\"]"}
RESULT: {}
RESULT: {"using":"xpath","value":"//*[@id=\"application-managepartners-display-component---NewPartner--addressEditDetailsCostObjectCstType-arrow\"]"}
COMMAND: POST /session/bbf8399d9e363efb3412e2a9322d982b/element/f.877C71D71840E3B44FFEE8E46F2453AC.d.36658F87E6F5ACC10FF2729E9C0AD855.e.1516/click - {}
RESULT: {}
COMMAND: POST /session/bbf8399d9e363efb3412e2a9322d982b/element - {"using":"xpath","value":"//span[contains(text(), \"Cost Center\")]"}
COMMAND: GET /session/bbf8399d9e363efb3412e2a9322d982b/screenshot - {}
RESULT: {"using":"xpath","value":"//span[contains(text(), \"Cost Center\")]"}
COMMAND: POST /session/bbf8399d9e363efb3412e2a9322d982b/element/f.877C71D71840E3B44FFEE8E46F2453AC.d.36658F87E6F5ACC10FF2729E9C0AD855.e.1517/click - {}
RESULT: {}
RESULT: {}
COMMAND: GET /session/bbf8399d9e363efb3412e2a9322d982b/screenshot - {}
RESULT: {}
COMMAND: POST /session/bbf8399d9e363efb3412e2a9322d982b/element - {"using":"xpath","value":"//span[@id=\"application-managepartners-display-component---NewPartner--addressNewCostObjectCstID-vhi\"]"}
RESULT: {"using":"xpath","value":"//span[@id=\"application-managepartners-display-component---NewPartner--addressNewCostObjectCstID-vhi\"]"}
COMMAND: POST /session/bbf8399d9e363efb3412e2a9322d982b/execute/sync - {"script":"<script> [8489 bytes]","args":[{"element-6066-11e4-a52e-4f735466cecf":"f.877C71D71840E3B44FFEE8E46F2453AC.d.36658F87E6F5ACC10FF2729E9C0AD855.e.1521","ELEMENT":"f.877C71D71840E3B44FFEE8E46F2453AC.d.36658F87E6F5ACC10FF2729E9C0AD855.e.1521"}]}
RESULT: {"script":"<script> [8489 bytes]","args":[{"element-6066-11e4-a52e-4f735466cecf":"f.877C71D71840E3B44FFEE8E46F2453AC.d.36658F87E6F5ACC10FF2729E9C0AD855.e.1521","ELEMENT":"f.877C71D71840E3B44FFEE8E46F2453AC.d.36658F87E6F5ACC10FF2729E9C0AD855.e.1521"}]}
COMMAND: POST /session/bbf8399d9e363efb3412e2a9322d982b/execute/async - {"script":"<script> [1562 bytes]","args":[{"selector":{"id":"application-managepartners-display-component---NewPartner--addressNewCostObjectCstID-vhi"},"wdio_ui5_key":"applicationmanagepartners-display-component---NewPartner--addressNewCostObjectCstID-vhi"}]}
COMMAND: GET /session/bbf8399d9e363efb3412e2a9322d982b/screenshot - {}
RESULT: {"script":"<script> [1562 bytes]","args":[{"selector":{"id":"application-managepartners-display-component---NewPartner--addressNewCostObjectCstID-vhi"},"wdio_ui5_key":"applicationmanagepartners-display-component---NewPartner--addressNewCostObjectCstID-vhi"}]}
RESULT: undefined
COMMAND: POST /session/bbf8399d9e363efb3412e2a9322d982b/element - {"using":"xpath","value":"//*[@id=\"application-managepartners-display-component---NewPartner--addressNewCostObjectCstID-vhi\"]"}
RESULT: {}
RESULT: {"using":"xpath","value":"//*[@id=\"application-managepartners-display-component---NewPartner--addressNewCostObjectCstID-vhi\"]"}
COMMAND: POST /session/bbf8399d9e363efb3412e2a9322d982b/element/f.877C71D71840E3B44FFEE8E46F2453AC.d.36658F87E6F5ACC10FF2729E9C0AD855.e.1521/click - {}
RESULT: {}
COMMAND: GET /session/bbf8399d9e363efb3412e2a9322d982b/screenshot - {}
RESULT: {}
RESULT: undefined
COMMAND: POST /session/bbf8399d9e363efb3412e2a9322d982b/execute/async - {"script":"<script> [776 bytes]","args":[{"enterText":"10001013","selector":{"controlType":"sap.m.SearchField","properties":{"placeholder":"Search"},"searchOpenDialogs":true,"interaction":{"idSuffix":"I"}},"clearTextFirst":true,"interactionType":"ENTER_TEXT"}]}
RESULT: {"script":"<script> [776 bytes]","args":[{"enterText":"10001013","selector":{"controlType":"sap.m.SearchField","properties":{"placeholder":"Search"},"searchOpenDialogs":true,"interaction":{"idSuffix":"I"}},"clearTextFirst":true,"interactionType":"ENTER_TEXT"}]}
COMMAND: POST /session/bbf8399d9e363efb3412e2a9322d982b/actions - {"actions":[{"id":"action2","type":"key","parameters":{},"actions":[{"type":"keyDown","value":"î€‡"},{"type":"pause","duration":10},{"type":"keyUp","value":"î€‡"}]}]}
RESULT: {"actions":[{"id":"action2","type":"key","parameters":{},"actions":[{"type":"keyDown","value":"î€‡"},{"type":"pause","duration":10},{"type":"keyUp","value":"î€‡"}]}]}
COMMAND: GET /session/bbf8399d9e363efb3412e2a9322d982b/screenshot - {}
RESULT: {}
COMMAND: POST /session/bbf8399d9e363efb3412e2a9322d982b/element - {"using":"xpath","value":"//span[contains(text(), \"General Management\")]"}
RESULT: {"using":"xpath","value":"//span[contains(text(), \"General Management\")]"}
COMMAND: POST /session/bbf8399d9e363efb3412e2a9322d982b/element/f.877C71D71840E3B44FFEE8E46F2453AC.d.36658F87E6F5ACC10FF2729E9C0AD855.e.1559/click - {}
RESULT: {}
COMMAND: GET /session/bbf8399d9e363efb3412e2a9322d982b/screenshot - {}
RESULT: {}
COMMAND: POST /session/bbf8399d9e363efb3412e2a9322d982b/element - {"using":"xpath","value":"//bdi[contains(text(), \"OK\")]"}
RESULT: {"using":"xpath","value":"//bdi[contains(text(), \"OK\")]"}
COMMAND: POST /session/bbf8399d9e363efb3412e2a9322d982b/element/f.877C71D71840E3B44FFEE8E46F2453AC.d.36658F87E6F5ACC10FF2729E9C0AD855.e.1560/click - {}
RESULT: {}
COMMAND: GET /session/bbf8399d9e363efb3412e2a9322d982b/screenshot - {}
RESULT: {}
COMMAND: POST /session/bbf8399d9e363efb3412e2a9322d982b/element - {"using":"xpath","value":"//input[@id=\"application-managepartners-display-component---NewPartner--companyCodeComboBox-inner\"]"}
RESULT: {"using":"xpath","value":"//input[@id=\"application-managepartners-display-component---NewPartner--companyCodeComboBox-inner\"]"}
COMMAND: POST /session/bbf8399d9e363efb3412e2a9322d982b/element/f.877C71D71840E3B44FFEE8E46F2453AC.d.36658F87E6F5ACC10FF2729E9C0AD855.e.1365/clear - {}
RESULT: {}
COMMAND: POST /session/bbf8399d9e363efb3412e2a9322d982b/element/f.877C71D71840E3B44FFEE8E46F2453AC.d.36658F87E6F5ACC10FF2729E9C0AD855.e.1365/value - {"text":"1000"}
COMMAND: GET /session/bbf8399d9e363efb3412e2a9322d982b/screenshot - {}
RESULT: {"text":"1000"}
COMMAND: GET /session/bbf8399d9e363efb3412e2a9322d982b/screenshot - {}
RESULT: {}
RESULT: {}
COMMAND: POST /session/bbf8399d9e363efb3412e2a9322d982b/element - {"using":"xpath","value":"//li[.//span[text()= \"1000\"]]"}
RESULT: {"using":"xpath","value":"//li[.//span[text()= \"1000\"]]"}
COMMAND: POST /session/bbf8399d9e363efb3412e2a9322d982b/element/f.877C71D71840E3B44FFEE8E46F2453AC.d.36658F87E6F5ACC10FF2729E9C0AD855.e.1566/click - {}
RESULT: {}
COMMAND: GET /session/bbf8399d9e363efb3412e2a9322d982b/screenshot - {}
RESULT: {}
COMMAND: POST /session/bbf8399d9e363efb3412e2a9322d982b/execute/async - {"script":"<script> [1562 bytes]","args":[{"selector":{"id":"application-managepartners-display-component---NewPartner--btnAddTableRow-img"},"wdio_ui5_key":"applicationmanagepartners-display-component---NewPartner--btnAddTableRow-img"}]}
RESULT: {"script":"<script> [1562 bytes]","args":[{"selector":{"id":"application-managepartners-display-component---NewPartner--btnAddTableRow-img"},"wdio_ui5_key":"applicationmanagepartners-display-component---NewPartner--btnAddTableRow-img"}]}
RESULT: undefined
COMMAND: POST /session/bbf8399d9e363efb3412e2a9322d982b/element - {"using":"xpath","value":"//*[@id=\"application-managepartners-display-component---NewPartner--btnAddTableRow-img\"]"}
RESULT: {"using":"xpath","value":"//*[@id=\"application-managepartners-display-component---NewPartner--btnAddTableRow-img\"]"}
COMMAND: POST /session/bbf8399d9e363efb3412e2a9322d982b/element/f.877C71D71840E3B44FFEE8E46F2453AC.d.36658F87E6F5ACC10FF2729E9C0AD855.e.1567/click - {}
RESULT: {}
COMMAND: GET /session/bbf8399d9e363efb3412e2a9322d982b/screenshot - {}
RESULT: {}
COMMAND: POST /session/bbf8399d9e363efb3412e2a9322d982b/element - {"using":"xpath","value":"//input[@id=\"application-managepartners-display-component---NewPartner--assignmentYard-application-managepartners-display-component---NewPartner--assignmentsTable-0-inner\"]"}
RESULT: {"using":"xpath","value":"//input[@id=\"application-managepartners-display-component---NewPartner--assignmentYard-application-managepartners-display-component---NewPartner--assignmentsTable-0-inner\"]"}
COMMAND: POST /session/bbf8399d9e363efb3412e2a9322d982b/element/f.877C71D71840E3B44FFEE8E46F2453AC.d.36658F87E6F5ACC10FF2729E9C0AD855.e.1570/clear - {}
RESULT: {}
COMMAND: POST /session/bbf8399d9e363efb3412e2a9322d982b/element/f.877C71D71840E3B44FFEE8E46F2453AC.d.36658F87E6F5ACC10FF2729E9C0AD855.e.1570/value - {"text":"522"}
COMMAND: GET /session/bbf8399d9e363efb3412e2a9322d982b/screenshot - {}
RESULT: {"text":"522"}
COMMAND: GET /session/bbf8399d9e363efb3412e2a9322d982b/screenshot - {}
RESULT: {}
RESULT: {}
COMMAND: POST /session/bbf8399d9e363efb3412e2a9322d982b/element - {"using":"xpath","value":"//li[.//span[text()='522']]"}
RESULT: {"using":"xpath","value":"//li[.//span[text()='522']]"}
COMMAND: POST /session/bbf8399d9e363efb3412e2a9322d982b/element/f.877C71D71840E3B44FFEE8E46F2453AC.d.36658F87E6F5ACC10FF2729E9C0AD855.e.1579/click - {}
RESULT: {}
COMMAND: GET /session/bbf8399d9e363efb3412e2a9322d982b/screenshot - {}
RESULT: {}
COMMAND: POST /session/bbf8399d9e363efb3412e2a9322d982b/actions - {"actions":[{"id":"action3","type":"key","parameters":{},"actions":[{"type":"keyDown","value":"î€‡"},{"type":"pause","duration":10},{"type":"keyUp","value":"î€‡"}]}]}
RESULT: {"actions":[{"id":"action3","type":"key","parameters":{},"actions":[{"type":"keyDown","value":"î€‡"},{"type":"pause","duration":10},{"type":"keyUp","value":"î€‡"}]}]}
COMMAND: POST /session/bbf8399d9e363efb3412e2a9322d982b/execute/async - {"script":"<script> [1562 bytes]","args":[{"selector":{"id":"application-managepartners-display-component---NewPartner--externalCustomerComboBox-application-managepartners-display-component---NewPartner--assignmentsTable-0-vhi"},"wdio_ui5_key":"applicationmanagepartners-display-component---NewPartner--externalCustomerComboBox-application-managepartners-display-component---NewPartner--assignmentsTable-0-vhi"}]}
COMMAND: GET /session/bbf8399d9e363efb3412e2a9322d982b/screenshot - {}
RESULT: {"script":"<script> [1562 bytes]","args":[{"selector":{"id":"application-managepartners-display-component---NewPartner--externalCustomerComboBox-application-managepartners-display-component---NewPartner--assignmentsTable-0-vhi"},"wdio_ui5_key":"applicationmanagepartners-display-component---NewPartner--externalCustomerComboBox-application-managepartners-display-component---NewPartner--assignmentsTable-0-vhi"}]}
RESULT: undefined
COMMAND: POST /session/bbf8399d9e363efb3412e2a9322d982b/element - {"using":"xpath","value":"//*[@id=\"application-managepartners-display-component---NewPartner--externalCustomerComboBox-application-managepartners-display-component---NewPartner--assignmentsTable-0-vhi\"]"}
RESULT: {}
RESULT: {"using":"xpath","value":"//*[@id=\"application-managepartners-display-component---NewPartner--externalCustomerComboBox-application-managepartners-display-component---NewPartner--assignmentsTable-0-vhi\"]"}
COMMAND: POST /session/bbf8399d9e363efb3412e2a9322d982b/element/f.877C71D71840E3B44FFEE8E46F2453AC.d.36658F87E6F5ACC10FF2729E9C0AD855.e.1583/click - {}
RESULT: {}
RESULT: undefined
COMMAND: POST /session/bbf8399d9e363efb3412e2a9322d982b/execute/async - {"script":"<script> [776 bytes]","args":[{"enterText":"300003","selector":{"controlType":"sap.m.SearchField","properties":{"placeholder":"Search"},"searchOpenDialogs":true,"interaction":{"idSuffix":"I"}},"clearTextFirst":true,"interactionType":"ENTER_TEXT"}]}
COMMAND: GET /session/bbf8399d9e363efb3412e2a9322d982b/screenshot - {}
RESULT: {"script":"<script> [776 bytes]","args":[{"enterText":"300003","selector":{"controlType":"sap.m.SearchField","properties":{"placeholder":"Search"},"searchOpenDialogs":true,"interaction":{"idSuffix":"I"}},"clearTextFirst":true,"interactionType":"ENTER_TEXT"}]}
COMMAND: POST /session/bbf8399d9e363efb3412e2a9322d982b/actions - {"actions":[{"id":"action4","type":"key","parameters":{},"actions":[{"type":"keyDown","value":"î€‡"},{"type":"pause","duration":10},{"type":"keyUp","value":"î€‡"}]}]}
RESULT: {}
RESULT: {"actions":[{"id":"action4","type":"key","parameters":{},"actions":[{"type":"keyDown","value":"î€‡"},{"type":"pause","duration":10},{"type":"keyUp","value":"î€‡"}]}]}
COMMAND: GET /session/bbf8399d9e363efb3412e2a9322d982b/screenshot - {}
RESULT: {}
COMMAND: POST /session/bbf8399d9e363efb3412e2a9322d982b/element - {"using":"xpath","value":"//span[contains(text(), \"300003\")]"}
RESULT: {"using":"xpath","value":"//span[contains(text(), \"300003\")]"}
COMMAND: POST /session/bbf8399d9e363efb3412e2a9322d982b/element/f.877C71D71840E3B44FFEE8E46F2453AC.d.36658F87E6F5ACC10FF2729E9C0AD855.e.1601/click - {}
RESULT: {}
COMMAND: GET /session/bbf8399d9e363efb3412e2a9322d982b/screenshot - {}
RESULT: {}
COMMAND: POST /session/bbf8399d9e363efb3412e2a9322d982b/element - {"using":"xpath","value":"//bdi[contains(text(), \"OK\")]"}
RESULT: {"using":"xpath","value":"//bdi[contains(text(), \"OK\")]"}
COMMAND: POST /session/bbf8399d9e363efb3412e2a9322d982b/element/f.877C71D71840E3B44FFEE8E46F2453AC.d.36658F87E6F5ACC10FF2729E9C0AD855.e.1603/click - {}
RESULT: {}
COMMAND: GET /session/bbf8399d9e363efb3412e2a9322d982b/screenshot - {}
RESULT: {}
COMMAND: POST /session/bbf8399d9e363efb3412e2a9322d982b/execute/async - {"script":"<script> [1562 bytes]","args":[{"selector":{"id":"application-managepartners-display-component---NewPartner--intercompVendorComboBox-application-managepartners-display-component---NewPartner--assignmentsTable-0-vhi"},"wdio_ui5_key":"applicationmanagepartners-display-component---NewPartner--intercompVendorComboBox-application-managepartners-display-component---NewPartner--assignmentsTable-0-vhi"}]}
RESULT: {"script":"<script> [1562 bytes]","args":[{"selector":{"id":"application-managepartners-display-component---NewPartner--intercompVendorComboBox-application-managepartners-display-component---NewPartner--assignmentsTable-0-vhi"},"wdio_ui5_key":"applicationmanagepartners-display-component---NewPartner--intercompVendorComboBox-application-managepartners-display-component---NewPartner--assignmentsTable-0-vhi"}]}
RESULT: undefined
COMMAND: POST /session/bbf8399d9e363efb3412e2a9322d982b/element - {"using":"xpath","value":"//*[@id=\"application-managepartners-display-component---NewPartner--intercompVendorComboBox-application-managepartners-display-component---NewPartner--assignmentsTable-0-vhi\"]"}
RESULT: {"using":"xpath","value":"//*[@id=\"application-managepartners-display-component---NewPartner--intercompVendorComboBox-application-managepartners-display-component---NewPartner--assignmentsTable-0-vhi\"]"}
COMMAND: POST /session/bbf8399d9e363efb3412e2a9322d982b/element/f.877C71D71840E3B44FFEE8E46F2453AC.d.36658F87E6F5ACC10FF2729E9C0AD855.e.1606/click - {}
RESULT: {}
RESULT: undefined
COMMAND: POST /session/bbf8399d9e363efb3412e2a9322d982b/execute/async - {"script":"<script> [776 bytes]","args":[{"enterText":"100005","selector":{"controlType":"sap.m.SearchField","properties":{"placeholder":"Search"},"searchOpenDialogs":true,"interaction":{"idSuffix":"I"}},"clearTextFirst":true,"interactionType":"ENTER_TEXT"}]}
COMMAND: GET /session/bbf8399d9e363efb3412e2a9322d982b/screenshot - {}
RESULT: {"script":"<script> [776 bytes]","args":[{"enterText":"100005","selector":{"controlType":"sap.m.SearchField","properties":{"placeholder":"Search"},"searchOpenDialogs":true,"interaction":{"idSuffix":"I"}},"clearTextFirst":true,"interactionType":"ENTER_TEXT"}]}
COMMAND: POST /session/bbf8399d9e363efb3412e2a9322d982b/actions - {"actions":[{"id":"action5","type":"key","parameters":{},"actions":[{"type":"keyDown","value":"î€‡"},{"type":"pause","duration":10},{"type":"keyUp","value":"î€‡"}]}]}
RESULT: {}
RESULT: {"actions":[{"id":"action5","type":"key","parameters":{},"actions":[{"type":"keyDown","value":"î€‡"},{"type":"pause","duration":10},{"type":"keyUp","value":"î€‡"}]}]}
COMMAND: GET /session/bbf8399d9e363efb3412e2a9322d982b/screenshot - {}
RESULT: {}
COMMAND: POST /session/bbf8399d9e363efb3412e2a9322d982b/element - {"using":"xpath","value":"//span[contains(text(), \"Penguins - Field/12345 Berlin\")]"}
RESULT: {"using":"xpath","value":"//span[contains(text(), \"Penguins - Field/12345 Berlin\")]"}
COMMAND: POST /session/bbf8399d9e363efb3412e2a9322d982b/element/f.877C71D71840E3B44FFEE8E46F2453AC.d.36658F87E6F5ACC10FF2729E9C0AD855.e.1624/click - {}
RESULT: {}
COMMAND: GET /session/bbf8399d9e363efb3412e2a9322d982b/screenshot - {}
RESULT: {}
COMMAND: POST /session/bbf8399d9e363efb3412e2a9322d982b/element - {"using":"xpath","value":"//bdi[contains(text(), \"OK\")]"}
RESULT: {"using":"xpath","value":"//bdi[contains(text(), \"OK\")]"}
COMMAND: POST /session/bbf8399d9e363efb3412e2a9322d982b/element/f.877C71D71840E3B44FFEE8E46F2453AC.d.36658F87E6F5ACC10FF2729E9C0AD855.e.1625/click - {}
RESULT: {}
COMMAND: GET /session/bbf8399d9e363efb3412e2a9322d982b/screenshot - {}
RESULT: {}
COMMAND: POST /session/bbf8399d9e363efb3412e2a9322d982b/element - {"using":"xpath","value":"//button[@data-kt=\"saveButton\"]"}
RESULT: {"using":"xpath","value":"//button[@data-kt=\"saveButton\"]"}
COMMAND: POST /session/bbf8399d9e363efb3412e2a9322d982b/element/f.877C71D71840E3B44FFEE8E46F2453AC.d.36658F87E6F5ACC10FF2729E9C0AD855.e.1391/click - {}
RESULT: {}
COMMAND: GET /session/bbf8399d9e363efb3412e2a9322d982b/screenshot - {}
RESULT: {}
COMMAND: POST /session/bbf8399d9e363efb3412e2a9322d982b/element - {"using":"xpath","value":"//header[contains(@id, 'ObjectPageLayout-headerTitle')]/div[1]/div[2]/div[2]/span[1]"}
RESULT: {"using":"xpath","value":"//header[contains(@id, 'ObjectPageLayout-headerTitle')]/div[1]/div[2]/div[2]/span[1]"}
COMMAND: POST /session/bbf8399d9e363efb3412e2a9322d982b/elements - {"using":"xpath","value":"//header[contains(@id, 'ObjectPageLayout-headerTitle')]/div[1]/div[2]/div[2]/span[1]"}
RESULT: {"using":"xpath","value":"//header[contains(@id, 'ObjectPageLayout-headerTitle')]/div[1]/div[2]/div[2]/span[1]"}
COMMAND: POST /session/bbf8399d9e363efb3412e2a9322d982b/execute/sync - {"script":"<script> [56 bytes]","args":[{"element-6066-11e4-a52e-4f735466cecf":"f.877C71D71840E3B44FFEE8E46F2453AC.d.36658F87E6F5ACC10FF2729E9C0AD855.e.1789","ELEMENT":"f.877C71D71840E3B44FFEE8E46F2453AC.d.36658F87E6F5ACC10FF2729E9C0AD855.e.1789"}]}
RESULT: {"script":"<script> [56 bytes]","args":[{"element-6066-11e4-a52e-4f735466cecf":"f.877C71D71840E3B44FFEE8E46F2453AC.d.36658F87E6F5ACC10FF2729E9C0AD855.e.1789","ELEMENT":"f.877C71D71840E3B44FFEE8E46F2453AC.d.36658F87E6F5ACC10FF2729E9C0AD855.e.1789"}]}
COMMAND: POST /session/bbf8399d9e363efb3412e2a9322d982b/element - {"using":"css selector","value":"#shell-header-logo"}
COMMAND: GET /session/bbf8399d9e363efb3412e2a9322d982b/screenshot - {}
RESULT: {"using":"css selector","value":"#shell-header-logo"}
COMMAND: POST /session/bbf8399d9e363efb3412e2a9322d982b/element/f.877C71D71840E3B44FFEE8E46F2453AC.d.36658F87E6F5ACC10FF2729E9C0AD855.e.1004/click - {}
RESULT: {}
RESULT: {}
COMMAND: GET /session/bbf8399d9e363efb3412e2a9322d982b/screenshot - {}
RESULT: {}
COMMAND: POST /session/bbf8399d9e363efb3412e2a9322d982b/execute/sync - {"script":"<script> [299 bytes]","args":[["getModel","getResource"]]}
RESULT: {"script":"<script> [299 bytes]","args":[["getModel","getResource"]]}
]]></system-out>
    </testcase>
    <testcase classname="chrome.136_0_7103_93.windows.Prerequisites_&amp;_test_for_yard_mass_return_on_Yard_Overview_US131057" name="Prereq Should create a new site" time="90.813">
      <system-out><![CDATA[
COMMAND: GET /session/bbf8399d9e363efb3412e2a9322d982b/screenshot - {}
COMMAND: POST /session/bbf8399d9e363efb3412e2a9322d982b/execute/async - {"script":"<script> [1562 bytes]","args":[{"selector":{"controlType":"sap.m.GenericTile","properties":{"header":"Manage Sites"}},"wdio_ui5_key":"sapm.GenericTile{\"header\":\"Manage Sites\"}"}]}
RESULT: {}
RESULT: {"script":"<script> [1562 bytes]","args":[{"selector":{"controlType":"sap.m.GenericTile","properties":{"header":"Manage Sites"}},"wdio_ui5_key":"sapm.GenericTile{\"header\":\"Manage Sites\"}"}]}
RESULT: undefined
COMMAND: POST /session/bbf8399d9e363efb3412e2a9322d982b/element - {"using":"xpath","value":"//*[@id=\"__tile40\"]"}
RESULT: {"using":"xpath","value":"//*[@id=\"__tile40\"]"}
COMMAND: POST /session/bbf8399d9e363efb3412e2a9322d982b/element/f.877C71D71840E3B44FFEE8E46F2453AC.d.36658F87E6F5ACC10FF2729E9C0AD855.e.157/click - {}
RESULT: {}
COMMAND: GET /session/bbf8399d9e363efb3412e2a9322d982b/screenshot - {}
RESULT: {}
COMMAND: POST /session/bbf8399d9e363efb3412e2a9322d982b/elements - {"using":"xpath","value":"//span[text()='Error']"}
RESULT: {"using":"xpath","value":"//span[text()='Error']"}
COMMAND: POST /session/bbf8399d9e363efb3412e2a9322d982b/element - {"using":"xpath","value":"//button[@data-kt=\"addOverflowToolbarButton\"]"}
RESULT: {"using":"xpath","value":"//button[@data-kt=\"addOverflowToolbarButton\"]"}
COMMAND: POST /session/bbf8399d9e363efb3412e2a9322d982b/elements - {"using":"xpath","value":"//button[@data-kt=\"addOverflowToolbarButton\"]"}
RESULT: {"using":"xpath","value":"//button[@data-kt=\"addOverflowToolbarButton\"]"}
COMMAND: POST /session/bbf8399d9e363efb3412e2a9322d982b/execute/sync - {"script":"<script> [8489 bytes]","args":[{"element-6066-11e4-a52e-4f735466cecf":"f.877C71D71840E3B44FFEE8E46F2453AC.d.36658F87E6F5ACC10FF2729E9C0AD855.e.1836","ELEMENT":"f.877C71D71840E3B44FFEE8E46F2453AC.d.36658F87E6F5ACC10FF2729E9C0AD855.e.1836"}]}
RESULT: {"script":"<script> [8489 bytes]","args":[{"element-6066-11e4-a52e-4f735466cecf":"f.877C71D71840E3B44FFEE8E46F2453AC.d.36658F87E6F5ACC10FF2729E9C0AD855.e.1836","ELEMENT":"f.877C71D71840E3B44FFEE8E46F2453AC.d.36658F87E6F5ACC10FF2729E9C0AD855.e.1836"}]}
COMMAND: GET /session/bbf8399d9e363efb3412e2a9322d982b/element/f.877C71D71840E3B44FFEE8E46F2453AC.d.36658F87E6F5ACC10FF2729E9C0AD855.e.1836/enabled - {}
COMMAND: GET /session/bbf8399d9e363efb3412e2a9322d982b/screenshot - {}
RESULT: {}
COMMAND: POST /session/bbf8399d9e363efb3412e2a9322d982b/execute/sync - {"script":"<script> [8489 bytes]","args":[{"element-6066-11e4-a52e-4f735466cecf":"f.877C71D71840E3B44FFEE8E46F2453AC.d.36658F87E6F5ACC10FF2729E9C0AD855.e.1836","ELEMENT":"f.877C71D71840E3B44FFEE8E46F2453AC.d.36658F87E6F5ACC10FF2729E9C0AD855.e.1836"}]}
COMMAND: GET /session/bbf8399d9e363efb3412e2a9322d982b/screenshot - {}
RESULT: {}
RESULT: {"script":"<script> [8489 bytes]","args":[{"element-6066-11e4-a52e-4f735466cecf":"f.877C71D71840E3B44FFEE8E46F2453AC.d.36658F87E6F5ACC10FF2729E9C0AD855.e.1836","ELEMENT":"f.877C71D71840E3B44FFEE8E46F2453AC.d.36658F87E6F5ACC10FF2729E9C0AD855.e.1836"}]}
COMMAND: POST /session/bbf8399d9e363efb3412e2a9322d982b/execute/sync - {"script":"<script> [5351 bytes]","args":[{"element-6066-11e4-a52e-4f735466cecf":"f.877C71D71840E3B44FFEE8E46F2453AC.d.36658F87E6F5ACC10FF2729E9C0AD855.e.1836","ELEMENT":"f.877C71D71840E3B44FFEE8E46F2453AC.d.36658F87E6F5ACC10FF2729E9C0AD855.e.1836"}]}
COMMAND: GET /session/bbf8399d9e363efb3412e2a9322d982b/screenshot - {}
RESULT: {}
RESULT: {"script":"<script> [5351 bytes]","args":[{"element-6066-11e4-a52e-4f735466cecf":"f.877C71D71840E3B44FFEE8E46F2453AC.d.36658F87E6F5ACC10FF2729E9C0AD855.e.1836","ELEMENT":"f.877C71D71840E3B44FFEE8E46F2453AC.d.36658F87E6F5ACC10FF2729E9C0AD855.e.1836"}]}
COMMAND: POST /session/bbf8399d9e363efb3412e2a9322d982b/element/f.877C71D71840E3B44FFEE8E46F2453AC.d.36658F87E6F5ACC10FF2729E9C0AD855.e.1836/click - {}
COMMAND: GET /session/bbf8399d9e363efb3412e2a9322d982b/screenshot - {}
RESULT: {}
RESULT: {}
COMMAND: GET /session/bbf8399d9e363efb3412e2a9322d982b/screenshot - {}
COMMAND: POST /session/bbf8399d9e363efb3412e2a9322d982b/element - {"using":"xpath","value":"//input[@id=\"application-managesites-display-component---NewSite--siteId-inner\"]"}
RESULT: {}
RESULT: {}
RESULT: {"using":"xpath","value":"//input[@id=\"application-managesites-display-component---NewSite--siteId-inner\"]"}
COMMAND: POST /session/bbf8399d9e363efb3412e2a9322d982b/element - {"using":"xpath","value":"//input[@id=\"application-managesites-display-component---NewSite--siteId-inner\"]"}
RESULT: {"using":"xpath","value":"//input[@id=\"application-managesites-display-component---NewSite--siteId-inner\"]"}
COMMAND: POST /session/bbf8399d9e363efb3412e2a9322d982b/execute/async - {"script":"<script> [1562 bytes]","args":[{"selector":{"id":"application-managesites-display-component---NewSite--addressDetailDetailsName1","interaction":{"idSuffix":"inner"}},"wdio_ui5_key":"applicationmanagesites-display-component---NewSite--addressDetailDetailsName1"}]}
RESULT: {"script":"<script> [1562 bytes]","args":[{"selector":{"id":"application-managesites-display-component---NewSite--addressDetailDetailsName1","interaction":{"idSuffix":"inner"}},"wdio_ui5_key":"applicationmanagesites-display-component---NewSite--addressDetailDetailsName1"}]}
RESULT: undefined
COMMAND: POST /session/bbf8399d9e363efb3412e2a9322d982b/execute/async - {"script":"<script> [776 bytes]","args":[{"enterText":"Intracompany Site wdIO","selector":{"id":"application-managesites-display-component---NewSite--addressDetailDetailsName1","interaction":{"idSuffix":"inner"}},"clearTextFirst":true,"interactionType":"ENTER_TEXT"}]}
RESULT: {"script":"<script> [776 bytes]","args":[{"enterText":"Intracompany Site wdIO","selector":{"id":"application-managesites-display-component---NewSite--addressDetailDetailsName1","interaction":{"idSuffix":"inner"}},"clearTextFirst":true,"interactionType":"ENTER_TEXT"}]}
COMMAND: POST /session/bbf8399d9e363efb3412e2a9322d982b/execute/async - {"script":"<script> [1562 bytes]","args":[{"selector":{"id":"application-managesites-display-component---NewSite--addressDetailDetailsLanguage-arrow"},"wdio_ui5_key":"applicationmanagesites-display-component---NewSite--addressDetailDetailsLanguage-arrow"}]}
RESULT: {"script":"<script> [1562 bytes]","args":[{"selector":{"id":"application-managesites-display-component---NewSite--addressDetailDetailsLanguage-arrow"},"wdio_ui5_key":"applicationmanagesites-display-component---NewSite--addressDetailDetailsLanguage-arrow"}]}
RESULT: undefined
COMMAND: POST /session/bbf8399d9e363efb3412e2a9322d982b/element - {"using":"xpath","value":"//*[@id=\"application-managesites-display-component---NewSite--addressDetailDetailsLanguage-arrow\"]"}
RESULT: {"using":"xpath","value":"//*[@id=\"application-managesites-display-component---NewSite--addressDetailDetailsLanguage-arrow\"]"}
COMMAND: POST /session/bbf8399d9e363efb3412e2a9322d982b/element/f.877C71D71840E3B44FFEE8E46F2453AC.d.36658F87E6F5ACC10FF2729E9C0AD855.e.2244/click - {}
RESULT: {}
COMMAND: POST /session/bbf8399d9e363efb3412e2a9322d982b/element - {"using":"xpath","value":"//span[contains(text(), \"English\")]"}
COMMAND: GET /session/bbf8399d9e363efb3412e2a9322d982b/screenshot - {}
RESULT: {"using":"xpath","value":"//span[contains(text(), \"English\")]"}
COMMAND: POST /session/bbf8399d9e363efb3412e2a9322d982b/element/f.877C71D71840E3B44FFEE8E46F2453AC.d.36658F87E6F5ACC10FF2729E9C0AD855.e.2245/click - {}
RESULT: {}
RESULT: {}
COMMAND: POST /session/bbf8399d9e363efb3412e2a9322d982b/execute/async - {"script":"<script> [1562 bytes]","args":[{"selector":{"id":"application-managesites-display-component---NewSite--addressDetailDetailsCity1","interaction":{"idSuffix":"inner"}},"wdio_ui5_key":"applicationmanagesites-display-component---NewSite--addressDetailDetailsCity1"}]}
COMMAND: GET /session/bbf8399d9e363efb3412e2a9322d982b/screenshot - {}
RESULT: {"script":"<script> [1562 bytes]","args":[{"selector":{"id":"application-managesites-display-component---NewSite--addressDetailDetailsCity1","interaction":{"idSuffix":"inner"}},"wdio_ui5_key":"applicationmanagesites-display-component---NewSite--addressDetailDetailsCity1"}]}
RESULT: undefined
COMMAND: POST /session/bbf8399d9e363efb3412e2a9322d982b/execute/async - {"script":"<script> [776 bytes]","args":[{"enterText":"Rosario","selector":{"id":"application-managesites-display-component---NewSite--addressDetailDetailsCity1","interaction":{"idSuffix":"inner"}},"clearTextFirst":true,"interactionType":"ENTER_TEXT"}]}
RESULT: {}
RESULT: {"script":"<script> [776 bytes]","args":[{"enterText":"Rosario","selector":{"id":"application-managesites-display-component---NewSite--addressDetailDetailsCity1","interaction":{"idSuffix":"inner"}},"clearTextFirst":true,"interactionType":"ENTER_TEXT"}]}
COMMAND: POST /session/bbf8399d9e363efb3412e2a9322d982b/execute/async - {"script":"<script> [1562 bytes]","args":[{"selector":{"id":"application-managesites-display-component---NewSite--addressDetailDetailsCountry-arrow"},"wdio_ui5_key":"applicationmanagesites-display-component---NewSite--addressDetailDetailsCountry-arrow"}]}
RESULT: {"script":"<script> [1562 bytes]","args":[{"selector":{"id":"application-managesites-display-component---NewSite--addressDetailDetailsCountry-arrow"},"wdio_ui5_key":"applicationmanagesites-display-component---NewSite--addressDetailDetailsCountry-arrow"}]}
RESULT: undefined
COMMAND: POST /session/bbf8399d9e363efb3412e2a9322d982b/element - {"using":"xpath","value":"//*[@id=\"application-managesites-display-component---NewSite--addressDetailDetailsCountry-arrow\"]"}
RESULT: {"using":"xpath","value":"//*[@id=\"application-managesites-display-component---NewSite--addressDetailDetailsCountry-arrow\"]"}
COMMAND: POST /session/bbf8399d9e363efb3412e2a9322d982b/element/f.877C71D71840E3B44FFEE8E46F2453AC.d.36658F87E6F5ACC10FF2729E9C0AD855.e.2247/click - {}
RESULT: {}
COMMAND: POST /session/bbf8399d9e363efb3412e2a9322d982b/element - {"using":"xpath","value":"//span[contains(text(), \"Argentina\")]"}
COMMAND: GET /session/bbf8399d9e363efb3412e2a9322d982b/screenshot - {}
RESULT: {"using":"xpath","value":"//span[contains(text(), \"Argentina\")]"}
COMMAND: POST /session/bbf8399d9e363efb3412e2a9322d982b/element/f.877C71D71840E3B44FFEE8E46F2453AC.d.36658F87E6F5ACC10FF2729E9C0AD855.e.2248/click - {}
RESULT: {}
RESULT: {}
COMMAND: GET /session/bbf8399d9e363efb3412e2a9322d982b/screenshot - {}
RESULT: {}
COMMAND: POST /session/bbf8399d9e363efb3412e2a9322d982b/execute/async - {"script":"<script> [1562 bytes]","args":[{"selector":{"id":"application-managesites-display-component---NewSite--addressEditDetailsCostObjectCstType-arrow"},"wdio_ui5_key":"applicationmanagesites-display-component---NewSite--addressEditDetailsCostObjectCstType-arrow"}]}
RESULT: {"script":"<script> [1562 bytes]","args":[{"selector":{"id":"application-managesites-display-component---NewSite--addressEditDetailsCostObjectCstType-arrow"},"wdio_ui5_key":"applicationmanagesites-display-component---NewSite--addressEditDetailsCostObjectCstType-arrow"}]}
RESULT: undefined
COMMAND: POST /session/bbf8399d9e363efb3412e2a9322d982b/element - {"using":"xpath","value":"//*[@id=\"application-managesites-display-component---NewSite--addressEditDetailsCostObjectCstType-arrow\"]"}
RESULT: {"using":"xpath","value":"//*[@id=\"application-managesites-display-component---NewSite--addressEditDetailsCostObjectCstType-arrow\"]"}
COMMAND: POST /session/bbf8399d9e363efb3412e2a9322d982b/element/f.877C71D71840E3B44FFEE8E46F2453AC.d.36658F87E6F5ACC10FF2729E9C0AD855.e.2250/click - {}
RESULT: {}
COMMAND: POST /session/bbf8399d9e363efb3412e2a9322d982b/element - {"using":"xpath","value":"//span[contains(text(), \"Cost Center\")]"}
COMMAND: GET /session/bbf8399d9e363efb3412e2a9322d982b/screenshot - {}
RESULT: {"using":"xpath","value":"//span[contains(text(), \"Cost Center\")]"}
COMMAND: POST /session/bbf8399d9e363efb3412e2a9322d982b/element/f.877C71D71840E3B44FFEE8E46F2453AC.d.36658F87E6F5ACC10FF2729E9C0AD855.e.2251/click - {}
RESULT: {}
RESULT: {}
COMMAND: GET /session/bbf8399d9e363efb3412e2a9322d982b/screenshot - {}
RESULT: {}
COMMAND: POST /session/bbf8399d9e363efb3412e2a9322d982b/element - {"using":"xpath","value":"//span[@id=\"application-managesites-display-component---NewSite--addressNewCostObjectCstID-vhi\"]"}
RESULT: {"using":"xpath","value":"//span[@id=\"application-managesites-display-component---NewSite--addressNewCostObjectCstID-vhi\"]"}
COMMAND: POST /session/bbf8399d9e363efb3412e2a9322d982b/execute/sync - {"script":"<script> [8489 bytes]","args":[{"element-6066-11e4-a52e-4f735466cecf":"f.877C71D71840E3B44FFEE8E46F2453AC.d.36658F87E6F5ACC10FF2729E9C0AD855.e.2256","ELEMENT":"f.877C71D71840E3B44FFEE8E46F2453AC.d.36658F87E6F5ACC10FF2729E9C0AD855.e.2256"}]}
RESULT: {"script":"<script> [8489 bytes]","args":[{"element-6066-11e4-a52e-4f735466cecf":"f.877C71D71840E3B44FFEE8E46F2453AC.d.36658F87E6F5ACC10FF2729E9C0AD855.e.2256","ELEMENT":"f.877C71D71840E3B44FFEE8E46F2453AC.d.36658F87E6F5ACC10FF2729E9C0AD855.e.2256"}]}
COMMAND: POST /session/bbf8399d9e363efb3412e2a9322d982b/execute/async - {"script":"<script> [1562 bytes]","args":[{"selector":{"id":"application-managesites-display-component---NewSite--addressNewCostObjectCstID-vhi"},"wdio_ui5_key":"applicationmanagesites-display-component---NewSite--addressNewCostObjectCstID-vhi"}]}
COMMAND: GET /session/bbf8399d9e363efb3412e2a9322d982b/screenshot - {}
RESULT: {"script":"<script> [1562 bytes]","args":[{"selector":{"id":"application-managesites-display-component---NewSite--addressNewCostObjectCstID-vhi"},"wdio_ui5_key":"applicationmanagesites-display-component---NewSite--addressNewCostObjectCstID-vhi"}]}
RESULT: undefined
COMMAND: POST /session/bbf8399d9e363efb3412e2a9322d982b/element - {"using":"xpath","value":"//*[@id=\"application-managesites-display-component---NewSite--addressNewCostObjectCstID-vhi\"]"}
RESULT: {}
RESULT: {"using":"xpath","value":"//*[@id=\"application-managesites-display-component---NewSite--addressNewCostObjectCstID-vhi\"]"}
COMMAND: POST /session/bbf8399d9e363efb3412e2a9322d982b/element/f.877C71D71840E3B44FFEE8E46F2453AC.d.36658F87E6F5ACC10FF2729E9C0AD855.e.2256/click - {}
RESULT: {}
COMMAND: GET /session/bbf8399d9e363efb3412e2a9322d982b/screenshot - {}
RESULT: {}
RESULT: undefined
COMMAND: POST /session/bbf8399d9e363efb3412e2a9322d982b/execute/async - {"script":"<script> [776 bytes]","args":[{"enterText":"10001013","selector":{"controlType":"sap.m.SearchField","properties":{"placeholder":"Search"},"searchOpenDialogs":true,"interaction":{"idSuffix":"I"}},"clearTextFirst":true,"interactionType":"ENTER_TEXT"}]}
RESULT: {"script":"<script> [776 bytes]","args":[{"enterText":"10001013","selector":{"controlType":"sap.m.SearchField","properties":{"placeholder":"Search"},"searchOpenDialogs":true,"interaction":{"idSuffix":"I"}},"clearTextFirst":true,"interactionType":"ENTER_TEXT"}]}
COMMAND: POST /session/bbf8399d9e363efb3412e2a9322d982b/actions - {"actions":[{"id":"action6","type":"key","parameters":{},"actions":[{"type":"keyDown","value":"î€‡"},{"type":"pause","duration":10},{"type":"keyUp","value":"î€‡"}]}]}
RESULT: {"actions":[{"id":"action6","type":"key","parameters":{},"actions":[{"type":"keyDown","value":"î€‡"},{"type":"pause","duration":10},{"type":"keyUp","value":"î€‡"}]}]}
COMMAND: GET /session/bbf8399d9e363efb3412e2a9322d982b/screenshot - {}
RESULT: {}
COMMAND: POST /session/bbf8399d9e363efb3412e2a9322d982b/element - {"using":"xpath","value":"//span[contains(text(), \"General Management\")]"}
RESULT: {"using":"xpath","value":"//span[contains(text(), \"General Management\")]"}
COMMAND: POST /session/bbf8399d9e363efb3412e2a9322d982b/element/f.877C71D71840E3B44FFEE8E46F2453AC.d.36658F87E6F5ACC10FF2729E9C0AD855.e.2294/click - {}
RESULT: {}
COMMAND: GET /session/bbf8399d9e363efb3412e2a9322d982b/screenshot - {}
RESULT: {}
COMMAND: POST /session/bbf8399d9e363efb3412e2a9322d982b/element - {"using":"xpath","value":"//bdi[contains(text(), \"OK\")]"}
RESULT: {"using":"xpath","value":"//bdi[contains(text(), \"OK\")]"}
COMMAND: POST /session/bbf8399d9e363efb3412e2a9322d982b/element/f.877C71D71840E3B44FFEE8E46F2453AC.d.36658F87E6F5ACC10FF2729E9C0AD855.e.2295/click - {}
RESULT: {}
COMMAND: GET /session/bbf8399d9e363efb3412e2a9322d982b/screenshot - {}
RESULT: {}
COMMAND: POST /session/bbf8399d9e363efb3412e2a9322d982b/element - {"using":"xpath","value":"//input[@id=\"application-managesites-display-component---NewSite--addressDetailDetailsCalendar-inner\"]"}
RESULT: {"using":"xpath","value":"//input[@id=\"application-managesites-display-component---NewSite--addressDetailDetailsCalendar-inner\"]"}
COMMAND: POST /session/bbf8399d9e363efb3412e2a9322d982b/element/f.877C71D71840E3B44FFEE8E46F2453AC.d.36658F87E6F5ACC10FF2729E9C0AD855.e.2048/clear - {}
RESULT: {}
COMMAND: POST /session/bbf8399d9e363efb3412e2a9322d982b/element/f.877C71D71840E3B44FFEE8E46F2453AC.d.36658F87E6F5ACC10FF2729E9C0AD855.e.2048/value - {"text":"Unit"}
COMMAND: GET /session/bbf8399d9e363efb3412e2a9322d982b/screenshot - {}
RESULT: {"text":"Unit"}
COMMAND: GET /session/bbf8399d9e363efb3412e2a9322d982b/screenshot - {}
RESULT: {}
RESULT: {}
COMMAND: POST /session/bbf8399d9e363efb3412e2a9322d982b/actions - {"actions":[{"id":"action7","type":"key","parameters":{},"actions":[{"type":"keyDown","value":"î€‡"},{"type":"pause","duration":10},{"type":"keyUp","value":"î€‡"}]}]}
RESULT: {"actions":[{"id":"action7","type":"key","parameters":{},"actions":[{"type":"keyDown","value":"î€‡"},{"type":"pause","duration":10},{"type":"keyUp","value":"î€‡"}]}]}
COMMAND: POST /session/bbf8399d9e363efb3412e2a9322d982b/element - {"using":"xpath","value":"//input[@id=\"application-managesites-display-component---NewSite--addressDetailDetailsYard-inner\"]"}
COMMAND: GET /session/bbf8399d9e363efb3412e2a9322d982b/screenshot - {}
RESULT: {"using":"xpath","value":"//input[@id=\"application-managesites-display-component---NewSite--addressDetailDetailsYard-inner\"]"}
COMMAND: POST /session/bbf8399d9e363efb3412e2a9322d982b/element/f.877C71D71840E3B44FFEE8E46F2453AC.d.36658F87E6F5ACC10FF2729E9C0AD855.e.2049/clear - {}
RESULT: {}
RESULT: {}
COMMAND: POST /session/bbf8399d9e363efb3412e2a9322d982b/element/f.877C71D71840E3B44FFEE8E46F2453AC.d.36658F87E6F5ACC10FF2729E9C0AD855.e.2049/value - {"text":"522"}
COMMAND: GET /session/bbf8399d9e363efb3412e2a9322d982b/screenshot - {}
RESULT: {"text":"522"}
COMMAND: GET /session/bbf8399d9e363efb3412e2a9322d982b/screenshot - {}
RESULT: {}
RESULT: {}
COMMAND: POST /session/bbf8399d9e363efb3412e2a9322d982b/element - {"using":"xpath","value":"//li[.//span[text()='522']]"}
RESULT: {"using":"xpath","value":"//li[.//span[text()='522']]"}
COMMAND: POST /session/bbf8399d9e363efb3412e2a9322d982b/element/f.877C71D71840E3B44FFEE8E46F2453AC.d.36658F87E6F5ACC10FF2729E9C0AD855.e.2303/click - {}
RESULT: {}
COMMAND: GET /session/bbf8399d9e363efb3412e2a9322d982b/screenshot - {}
RESULT: {}
COMMAND: POST /session/bbf8399d9e363efb3412e2a9322d982b/element - {"using":"xpath","value":"//input[@id=\"application-managesites-display-component---NewSite--addressDetailDetailsPartner-inner\"]"}
RESULT: {"using":"xpath","value":"//input[@id=\"application-managesites-display-component---NewSite--addressDetailDetailsPartner-inner\"]"}
COMMAND: POST /session/bbf8399d9e363efb3412e2a9322d982b/element - {"using":"xpath","value":"//input[@id=\"application-managesites-display-component---NewSite--addressDetailDetailsPartner-inner\"]"}
RESULT: {"using":"xpath","value":"//input[@id=\"application-managesites-display-component---NewSite--addressDetailDetailsPartner-inner\"]"}
COMMAND: POST /session/bbf8399d9e363efb3412e2a9322d982b/element - {"using":"xpath","value":"//button[@data-kt=\"saveButton\"]"}
RESULT: {"using":"xpath","value":"//button[@data-kt=\"saveButton\"]"}
COMMAND: POST /session/bbf8399d9e363efb3412e2a9322d982b/element/f.877C71D71840E3B44FFEE8E46F2453AC.d.36658F87E6F5ACC10FF2729E9C0AD855.e.2183/click - {}
RESULT: {}
COMMAND: GET /session/bbf8399d9e363efb3412e2a9322d982b/screenshot - {}
RESULT: {}
COMMAND: POST /session/bbf8399d9e363efb3412e2a9322d982b/element - {"using":"xpath","value":"//header[contains(@id, 'ObjectPageLayout-headerTitle')]/div[1]/div[2]/div[2]/span[1]"}
RESULT: {"using":"xpath","value":"//header[contains(@id, 'ObjectPageLayout-headerTitle')]/div[1]/div[2]/div[2]/span[1]"}
COMMAND: POST /session/bbf8399d9e363efb3412e2a9322d982b/elements - {"using":"xpath","value":"//header[contains(@id, 'ObjectPageLayout-headerTitle')]/div[1]/div[2]/div[2]/span[1]"}
RESULT: {"using":"xpath","value":"//header[contains(@id, 'ObjectPageLayout-headerTitle')]/div[1]/div[2]/div[2]/span[1]"}
COMMAND: POST /session/bbf8399d9e363efb3412e2a9322d982b/execute/sync - {"script":"<script> [56 bytes]","args":[{"element-6066-11e4-a52e-4f735466cecf":"f.877C71D71840E3B44FFEE8E46F2453AC.d.36658F87E6F5ACC10FF2729E9C0AD855.e.2510","ELEMENT":"f.877C71D71840E3B44FFEE8E46F2453AC.d.36658F87E6F5ACC10FF2729E9C0AD855.e.2510"}]}
RESULT: {"script":"<script> [56 bytes]","args":[{"element-6066-11e4-a52e-4f735466cecf":"f.877C71D71840E3B44FFEE8E46F2453AC.d.36658F87E6F5ACC10FF2729E9C0AD855.e.2510","ELEMENT":"f.877C71D71840E3B44FFEE8E46F2453AC.d.36658F87E6F5ACC10FF2729E9C0AD855.e.2510"}]}
COMMAND: POST /session/bbf8399d9e363efb3412e2a9322d982b/element - {"using":"css selector","value":"#shell-header-logo"}
COMMAND: GET /session/bbf8399d9e363efb3412e2a9322d982b/screenshot - {}
RESULT: {"using":"css selector","value":"#shell-header-logo"}
COMMAND: POST /session/bbf8399d9e363efb3412e2a9322d982b/element/f.877C71D71840E3B44FFEE8E46F2453AC.d.36658F87E6F5ACC10FF2729E9C0AD855.e.1794/click - {}
RESULT: {}
RESULT: {}
COMMAND: GET /session/bbf8399d9e363efb3412e2a9322d982b/screenshot - {}
RESULT: {}
COMMAND: POST /session/bbf8399d9e363efb3412e2a9322d982b/execute/sync - {"script":"<script> [299 bytes]","args":[["getModel","getResource"]]}
RESULT: {"script":"<script> [299 bytes]","args":[["getModel","getResource"]]}
]]></system-out>
    </testcase>
    <testcase classname="chrome.136_0_7103_93.windows.Prerequisites_&amp;_test_for_yard_mass_return_on_Yard_Overview_US131057" name="Prereq Should create a new material" time="111.687">
      <system-out><![CDATA[
COMMAND: POST /session/bbf8399d9e363efb3412e2a9322d982b/execute/async - {"script":"<script> [1562 bytes]","args":[{"selector":{"controlType":"sap.m.GenericTile","properties":{"header":"Manage Resources"}},"wdio_ui5_key":"sapm.GenericTile{\"header\":\"Manage Resources\"}"}]}
COMMAND: GET /session/bbf8399d9e363efb3412e2a9322d982b/screenshot - {}
RESULT: {}
RESULT: {"script":"<script> [1562 bytes]","args":[{"selector":{"controlType":"sap.m.GenericTile","properties":{"header":"Manage Resources"}},"wdio_ui5_key":"sapm.GenericTile{\"header\":\"Manage Resources\"}"}]}
RESULT: undefined
COMMAND: POST /session/bbf8399d9e363efb3412e2a9322d982b/element - {"using":"xpath","value":"//*[@id=\"__tile39\"]"}
RESULT: {"using":"xpath","value":"//*[@id=\"__tile39\"]"}
COMMAND: POST /session/bbf8399d9e363efb3412e2a9322d982b/element/f.877C71D71840E3B44FFEE8E46F2453AC.d.36658F87E6F5ACC10FF2729E9C0AD855.e.154/click - {}
RESULT: {}
COMMAND: GET /session/bbf8399d9e363efb3412e2a9322d982b/screenshot - {}
RESULT: {}
COMMAND: POST /session/bbf8399d9e363efb3412e2a9322d982b/elements - {"using":"xpath","value":"//span[text()='Error']"}
RESULT: {"using":"xpath","value":"//span[text()='Error']"}
COMMAND: POST /session/bbf8399d9e363efb3412e2a9322d982b/element - {"using":"xpath","value":"//button[@data-kt=\"addNewRUOverflowToolbarButton\"]"}
RESULT: {"using":"xpath","value":"//button[@data-kt=\"addNewRUOverflowToolbarButton\"]"}
COMMAND: POST /session/bbf8399d9e363efb3412e2a9322d982b/elements - {"using":"xpath","value":"//button[@data-kt=\"addNewRUOverflowToolbarButton\"]"}
RESULT: {"using":"xpath","value":"//button[@data-kt=\"addNewRUOverflowToolbarButton\"]"}
COMMAND: POST /session/bbf8399d9e363efb3412e2a9322d982b/execute/sync - {"script":"<script> [8489 bytes]","args":[{"element-6066-11e4-a52e-4f735466cecf":"f.877C71D71840E3B44FFEE8E46F2453AC.d.36658F87E6F5ACC10FF2729E9C0AD855.e.2552","ELEMENT":"f.877C71D71840E3B44FFEE8E46F2453AC.d.36658F87E6F5ACC10FF2729E9C0AD855.e.2552"}]}
RESULT: {"script":"<script> [8489 bytes]","args":[{"element-6066-11e4-a52e-4f735466cecf":"f.877C71D71840E3B44FFEE8E46F2453AC.d.36658F87E6F5ACC10FF2729E9C0AD855.e.2552","ELEMENT":"f.877C71D71840E3B44FFEE8E46F2453AC.d.36658F87E6F5ACC10FF2729E9C0AD855.e.2552"}]}
COMMAND: GET /session/bbf8399d9e363efb3412e2a9322d982b/element/f.877C71D71840E3B44FFEE8E46F2453AC.d.36658F87E6F5ACC10FF2729E9C0AD855.e.2552/enabled - {}
COMMAND: GET /session/bbf8399d9e363efb3412e2a9322d982b/screenshot - {}
RESULT: {}
COMMAND: POST /session/bbf8399d9e363efb3412e2a9322d982b/execute/sync - {"script":"<script> [8489 bytes]","args":[{"element-6066-11e4-a52e-4f735466cecf":"f.877C71D71840E3B44FFEE8E46F2453AC.d.36658F87E6F5ACC10FF2729E9C0AD855.e.2552","ELEMENT":"f.877C71D71840E3B44FFEE8E46F2453AC.d.36658F87E6F5ACC10FF2729E9C0AD855.e.2552"}]}
COMMAND: GET /session/bbf8399d9e363efb3412e2a9322d982b/screenshot - {}
RESULT: {}
RESULT: {"script":"<script> [8489 bytes]","args":[{"element-6066-11e4-a52e-4f735466cecf":"f.877C71D71840E3B44FFEE8E46F2453AC.d.36658F87E6F5ACC10FF2729E9C0AD855.e.2552","ELEMENT":"f.877C71D71840E3B44FFEE8E46F2453AC.d.36658F87E6F5ACC10FF2729E9C0AD855.e.2552"}]}
COMMAND: POST /session/bbf8399d9e363efb3412e2a9322d982b/execute/sync - {"script":"<script> [5351 bytes]","args":[{"element-6066-11e4-a52e-4f735466cecf":"f.877C71D71840E3B44FFEE8E46F2453AC.d.36658F87E6F5ACC10FF2729E9C0AD855.e.2552","ELEMENT":"f.877C71D71840E3B44FFEE8E46F2453AC.d.36658F87E6F5ACC10FF2729E9C0AD855.e.2552"}]}
COMMAND: GET /session/bbf8399d9e363efb3412e2a9322d982b/screenshot - {}
RESULT: {}
RESULT: {"script":"<script> [5351 bytes]","args":[{"element-6066-11e4-a52e-4f735466cecf":"f.877C71D71840E3B44FFEE8E46F2453AC.d.36658F87E6F5ACC10FF2729E9C0AD855.e.2552","ELEMENT":"f.877C71D71840E3B44FFEE8E46F2453AC.d.36658F87E6F5ACC10FF2729E9C0AD855.e.2552"}]}
COMMAND: POST /session/bbf8399d9e363efb3412e2a9322d982b/element/f.877C71D71840E3B44FFEE8E46F2453AC.d.36658F87E6F5ACC10FF2729E9C0AD855.e.2552/click - {}
COMMAND: GET /session/bbf8399d9e363efb3412e2a9322d982b/screenshot - {}
RESULT: {}
RESULT: {}
COMMAND: GET /session/bbf8399d9e363efb3412e2a9322d982b/screenshot - {}
COMMAND: POST /session/bbf8399d9e363efb3412e2a9322d982b/execute/async - {"script":"<script> [1562 bytes]","args":[{"selector":{"id":"application-manageresources-display-component---newResourceUnit--TYPE-arrow"},"wdio_ui5_key":"applicationmanageresources-display-component---newResourceUnit--TYPE-arrow"}]}
RESULT: {}
RESULT: {}
RESULT: {"script":"<script> [1562 bytes]","args":[{"selector":{"id":"application-manageresources-display-component---newResourceUnit--TYPE-arrow"},"wdio_ui5_key":"applicationmanageresources-display-component---newResourceUnit--TYPE-arrow"}]}
RESULT: undefined
COMMAND: POST /session/bbf8399d9e363efb3412e2a9322d982b/element - {"using":"xpath","value":"//*[@id=\"application-manageresources-display-component---newResourceUnit--TYPE-arrow\"]"}
RESULT: {"using":"xpath","value":"//*[@id=\"application-manageresources-display-component---newResourceUnit--TYPE-arrow\"]"}
COMMAND: POST /session/bbf8399d9e363efb3412e2a9322d982b/element/f.877C71D71840E3B44FFEE8E46F2453AC.d.36658F87E6F5ACC10FF2729E9C0AD855.e.2904/click - {}
RESULT: {}
COMMAND: POST /session/bbf8399d9e363efb3412e2a9322d982b/element - {"using":"xpath","value":"//input[@id=\"application-manageresources-display-component---newResourceUnit--TYPE-inner\"]"}
COMMAND: GET /session/bbf8399d9e363efb3412e2a9322d982b/screenshot - {}
RESULT: {"using":"xpath","value":"//input[@id=\"application-manageresources-display-component---newResourceUnit--TYPE-inner\"]"}
COMMAND: POST /session/bbf8399d9e363efb3412e2a9322d982b/element/f.877C71D71840E3B44FFEE8E46F2453AC.d.36658F87E6F5ACC10FF2729E9C0AD855.e.2899/clear - {}
RESULT: {}
RESULT: {}
COMMAND: POST /session/bbf8399d9e363efb3412e2a9322d982b/element/f.877C71D71840E3B44FFEE8E46F2453AC.d.36658F87E6F5ACC10FF2729E9C0AD855.e.2899/value - {"text":"Material"}
COMMAND: GET /session/bbf8399d9e363efb3412e2a9322d982b/screenshot - {}
RESULT: {}
RESULT: {"text":"Material"}
COMMAND: GET /session/bbf8399d9e363efb3412e2a9322d982b/screenshot - {}
RESULT: {}
COMMAND: POST /session/bbf8399d9e363efb3412e2a9322d982b/actions - {"actions":[{"id":"action8","type":"key","parameters":{},"actions":[{"type":"keyDown","value":"î€‡"},{"type":"pause","duration":10},{"type":"keyUp","value":"î€‡"}]}]}
RESULT: {"actions":[{"id":"action8","type":"key","parameters":{},"actions":[{"type":"keyDown","value":"î€‡"},{"type":"pause","duration":10},{"type":"keyUp","value":"î€‡"}]}]}
COMMAND: POST /session/bbf8399d9e363efb3412e2a9322d982b/execute/async - {"script":"<script> [1562 bytes]","args":[{"selector":{"id":"application-manageresources-display-component---newResourceUnit--SHORT_TEXT","interaction":{"idSuffix":"inner"}},"wdio_ui5_key":"applicationmanageresources-display-component---newResourceUnit--SHORT_TEXT"}]}
COMMAND: GET /session/bbf8399d9e363efb3412e2a9322d982b/screenshot - {}
RESULT: {"script":"<script> [1562 bytes]","args":[{"selector":{"id":"application-manageresources-display-component---newResourceUnit--SHORT_TEXT","interaction":{"idSuffix":"inner"}},"wdio_ui5_key":"applicationmanageresources-display-component---newResourceUnit--SHORT_TEXT"}]}
RESULT: undefined
COMMAND: POST /session/bbf8399d9e363efb3412e2a9322d982b/execute/async - {"script":"<script> [776 bytes]","args":[{"enterText":"Cement WDIO","selector":{"id":"application-manageresources-display-component---newResourceUnit--SHORT_TEXT","interaction":{"idSuffix":"inner"}},"clearTextFirst":true,"interactionType":"ENTER_TEXT"}]}
RESULT: {}
RESULT: {"script":"<script> [776 bytes]","args":[{"enterText":"Cement WDIO","selector":{"id":"application-manageresources-display-component---newResourceUnit--SHORT_TEXT","interaction":{"idSuffix":"inner"}},"clearTextFirst":true,"interactionType":"ENTER_TEXT"}]}
COMMAND: POST /session/bbf8399d9e363efb3412e2a9322d982b/execute/async - {"script":"<script> [1562 bytes]","args":[{"selector":{"id":"application-manageresources-display-component---newResourceUnit--BASE_UNIT_OF_MEASURE","interaction":{"idSuffix":"inner"}},"wdio_ui5_key":"applicationmanageresources-display-component---newResourceUnit--BASE_UNIT_OF_MEASURE"}]}
RESULT: {"script":"<script> [1562 bytes]","args":[{"selector":{"id":"application-manageresources-display-component---newResourceUnit--BASE_UNIT_OF_MEASURE","interaction":{"idSuffix":"inner"}},"wdio_ui5_key":"applicationmanageresources-display-component---newResourceUnit--BASE_UNIT_OF_MEASURE"}]}
RESULT: undefined
COMMAND: POST /session/bbf8399d9e363efb3412e2a9322d982b/execute/async - {"script":"<script> [776 bytes]","args":[{"enterText":"Piece","selector":{"id":"application-manageresources-display-component---newResourceUnit--BASE_UNIT_OF_MEASURE","interaction":{"idSuffix":"inner"}},"clearTextFirst":true,"interactionType":"ENTER_TEXT"}]}
RESULT: {"script":"<script> [776 bytes]","args":[{"enterText":"Piece","selector":{"id":"application-manageresources-display-component---newResourceUnit--BASE_UNIT_OF_MEASURE","interaction":{"idSuffix":"inner"}},"clearTextFirst":true,"interactionType":"ENTER_TEXT"}]}
COMMAND: POST /session/bbf8399d9e363efb3412e2a9322d982b/execute/async - {"script":"<script> [1562 bytes]","args":[{"selector":{"id":"application-manageresources-display-component---newResourceUnit--WEIGHT_UNIT","interaction":{"idSuffix":"inner"}},"wdio_ui5_key":"applicationmanageresources-display-component---newResourceUnit--WEIGHT_UNIT"}]}
RESULT: {"script":"<script> [1562 bytes]","args":[{"selector":{"id":"application-manageresources-display-component---newResourceUnit--WEIGHT_UNIT","interaction":{"idSuffix":"inner"}},"wdio_ui5_key":"applicationmanageresources-display-component---newResourceUnit--WEIGHT_UNIT"}]}
RESULT: undefined
COMMAND: POST /session/bbf8399d9e363efb3412e2a9322d982b/execute/async - {"script":"<script> [776 bytes]","args":[{"enterText":"Gram","selector":{"id":"application-manageresources-display-component---newResourceUnit--WEIGHT_UNIT","interaction":{"idSuffix":"inner"}},"clearTextFirst":true,"interactionType":"ENTER_TEXT"}]}
RESULT: {"script":"<script> [776 bytes]","args":[{"enterText":"Gram","selector":{"id":"application-manageresources-display-component---newResourceUnit--WEIGHT_UNIT","interaction":{"idSuffix":"inner"}},"clearTextFirst":true,"interactionType":"ENTER_TEXT"}]}
COMMAND: POST /session/bbf8399d9e363efb3412e2a9322d982b/execute/async - {"script":"<script> [1562 bytes]","args":[{"selector":{"id":"application-manageresources-display-component---newResourceUnit--DIMENSION_UNIT","interaction":{"idSuffix":"inner"}},"wdio_ui5_key":"applicationmanageresources-display-component---newResourceUnit--DIMENSION_UNIT"}]}
RESULT: {"script":"<script> [1562 bytes]","args":[{"selector":{"id":"application-manageresources-display-component---newResourceUnit--DIMENSION_UNIT","interaction":{"idSuffix":"inner"}},"wdio_ui5_key":"applicationmanageresources-display-component---newResourceUnit--DIMENSION_UNIT"}]}
RESULT: undefined
COMMAND: POST /session/bbf8399d9e363efb3412e2a9322d982b/execute/async - {"script":"<script> [776 bytes]","args":[{"enterText":"Meter","selector":{"id":"application-manageresources-display-component---newResourceUnit--DIMENSION_UNIT","interaction":{"idSuffix":"inner"}},"clearTextFirst":true,"interactionType":"ENTER_TEXT"}]}
RESULT: {"script":"<script> [776 bytes]","args":[{"enterText":"Meter","selector":{"id":"application-manageresources-display-component---newResourceUnit--DIMENSION_UNIT","interaction":{"idSuffix":"inner"}},"clearTextFirst":true,"interactionType":"ENTER_TEXT"}]}
COMMAND: POST /session/bbf8399d9e363efb3412e2a9322d982b/execute/async - {"script":"<script> [1562 bytes]","args":[{"selector":{"id":"application-manageresources-display-component---newResourceUnit--newRRUPage-anchBar-application-manageresources-display-component---newResourceUnit--control-anchor","interaction":{"idSuffix":"BDI-content"}},"wdio_ui5_key":"applicationmanageresources-display-component---newResourceUnit--newRRUPage-anchBar-application-manageresources-display-component---newResourceUnit--control-anchor"}]}
RESULT: {"script":"<script> [1562 bytes]","args":[{"selector":{"id":"application-manageresources-display-component---newResourceUnit--newRRUPage-anchBar-application-manageresources-display-component---newResourceUnit--control-anchor","interaction":{"idSuffix":"BDI-content"}},"wdio_ui5_key":"applicationmanageresources-display-component---newResourceUnit--newRRUPage-anchBar-application-manageresources-display-component---newResourceUnit--control-anchor"}]}
RESULT: undefined
COMMAND: POST /session/bbf8399d9e363efb3412e2a9322d982b/element - {"using":"xpath","value":"//*[@id=\"application-manageresources-display-component---newResourceUnit--newRRUPage-anchBar-application-manageresources-display-component---newResourceUnit--control-anchor\"]"}
RESULT: {"using":"xpath","value":"//*[@id=\"application-manageresources-display-component---newResourceUnit--newRRUPage-anchBar-application-manageresources-display-component---newResourceUnit--control-anchor\"]"}
COMMAND: POST /session/bbf8399d9e363efb3412e2a9322d982b/element/f.877C71D71840E3B44FFEE8E46F2453AC.d.36658F87E6F5ACC10FF2729E9C0AD855.e.2969/click - {}
RESULT: {}
COMMAND: POST /session/bbf8399d9e363efb3412e2a9322d982b/execute/async - {"script":"<script> [1562 bytes]","args":[{"selector":{"id":"application-manageresources-display-component---newResourceUnit--PLANNING_GROUP","interaction":{"idSuffix":"inner"}},"wdio_ui5_key":"applicationmanageresources-display-component---newResourceUnit--PLANNING_GROUP"}]}
COMMAND: GET /session/bbf8399d9e363efb3412e2a9322d982b/screenshot - {}
RESULT: {"script":"<script> [1562 bytes]","args":[{"selector":{"id":"application-manageresources-display-component---newResourceUnit--PLANNING_GROUP","interaction":{"idSuffix":"inner"}},"wdio_ui5_key":"applicationmanageresources-display-component---newResourceUnit--PLANNING_GROUP"}]}
RESULT: undefined
COMMAND: POST /session/bbf8399d9e363efb3412e2a9322d982b/execute/async - {"script":"<script> [776 bytes]","args":[{"enterText":"Material","selector":{"id":"application-manageresources-display-component---newResourceUnit--PLANNING_GROUP","interaction":{"idSuffix":"inner"}},"clearTextFirst":true,"interactionType":"ENTER_TEXT"}]}
RESULT: {}
RESULT: {"script":"<script> [776 bytes]","args":[{"enterText":"Material","selector":{"id":"application-manageresources-display-component---newResourceUnit--PLANNING_GROUP","interaction":{"idSuffix":"inner"}},"clearTextFirst":true,"interactionType":"ENTER_TEXT"}]}
COMMAND: POST /session/bbf8399d9e363efb3412e2a9322d982b/execute/async - {"script":"<script> [1562 bytes]","args":[{"selector":{"id":"application-manageresources-display-component---newResourceUnit--PLANNING_INDICATOR","interaction":{"idSuffix":"inner"}},"wdio_ui5_key":"applicationmanageresources-display-component---newResourceUnit--PLANNING_INDICATOR"}]}
RESULT: {"script":"<script> [1562 bytes]","args":[{"selector":{"id":"application-manageresources-display-component---newResourceUnit--PLANNING_INDICATOR","interaction":{"idSuffix":"inner"}},"wdio_ui5_key":"applicationmanageresources-display-component---newResourceUnit--PLANNING_INDICATOR"}]}
RESULT: undefined
COMMAND: POST /session/bbf8399d9e363efb3412e2a9322d982b/execute/async - {"script":"<script> [776 bytes]","args":[{"enterText":"10 - infinite","selector":{"id":"application-manageresources-display-component---newResourceUnit--PLANNING_INDICATOR","interaction":{"idSuffix":"inner"}},"clearTextFirst":true,"interactionType":"ENTER_TEXT"}]}
RESULT: {"script":"<script> [776 bytes]","args":[{"enterText":"10 - infinite","selector":{"id":"application-manageresources-display-component---newResourceUnit--PLANNING_INDICATOR","interaction":{"idSuffix":"inner"}},"clearTextFirst":true,"interactionType":"ENTER_TEXT"}]}
COMMAND: POST /session/bbf8399d9e363efb3412e2a9322d982b/element - {"using":"css selector","value":"#application-manageresources-display-component---newResourceUnit--btnAddTimeSegment"}
RESULT: {"using":"css selector","value":"#application-manageresources-display-component---newResourceUnit--btnAddTimeSegment"}
COMMAND: GET /session/bbf8399d9e363efb3412e2a9322d982b/element/f.877C71D71840E3B44FFEE8E46F2453AC.d.36658F87E6F5ACC10FF2729E9C0AD855.e.2979/rect - {}
RESULT: {}
COMMAND: GET /session/bbf8399d9e363efb3412e2a9322d982b/window/rect - {}
RESULT: {}
COMMAND: POST /session/bbf8399d9e363efb3412e2a9322d982b/execute/sync - {"script":"<script> [92 bytes]","args":[]}
RESULT: {"script":"<script> [92 bytes]","args":[]}
COMMAND: POST /session/bbf8399d9e363efb3412e2a9322d982b/actions - {"actions":[{"id":"action9","type":"wheel","parameters":{},"actions":[{"type":"scroll","x":-1888,"y":-32,"deltaX":0,"deltaY":0,"duration":0,"origin":{"element-6066-11e4-a52e-4f735466cecf":"f.877C71D71840E3B44FFEE8E46F2453AC.d.36658F87E6F5ACC10FF2729E9C0AD855.e.2979"}}]}]}
COMMAND: GET /session/bbf8399d9e363efb3412e2a9322d982b/screenshot - {}
RESULT: {}
COMMAND: POST /session/bbf8399d9e363efb3412e2a9322d982b/execute/sync - {"script":"<script> [79 bytes]","args":[{"element-6066-11e4-a52e-4f735466cecf":"f.877C71D71840E3B44FFEE8E46F2453AC.d.36658F87E6F5ACC10FF2729E9C0AD855.e.2979","ELEMENT":"f.877C71D71840E3B44FFEE8E46F2453AC.d.36658F87E6F5ACC10FF2729E9C0AD855.e.2979"},{"block":"start","inline":"nearest"}]}
RESULT: {"script":"<script> [79 bytes]","args":[{"element-6066-11e4-a52e-4f735466cecf":"f.877C71D71840E3B44FFEE8E46F2453AC.d.36658F87E6F5ACC10FF2729E9C0AD855.e.2979","ELEMENT":"f.877C71D71840E3B44FFEE8E46F2453AC.d.36658F87E6F5ACC10FF2729E9C0AD855.e.2979"},{"block":"start","inline":"nearest"}]}
COMMAND: POST /session/bbf8399d9e363efb3412e2a9322d982b/execute/async - {"script":"<script> [1562 bytes]","args":[{"selector":{"id":"application-manageresources-display-component---newResourceUnit--btnAddTimeSegment","interaction":{"idSuffix":"inner"}},"wdio_ui5_key":"applicationmanageresources-display-component---newResourceUnit--btnAddTimeSegment"}]}
COMMAND: GET /session/bbf8399d9e363efb3412e2a9322d982b/screenshot - {}
RESULT: {"script":"<script> [1562 bytes]","args":[{"selector":{"id":"application-manageresources-display-component---newResourceUnit--btnAddTimeSegment","interaction":{"idSuffix":"inner"}},"wdio_ui5_key":"applicationmanageresources-display-component---newResourceUnit--btnAddTimeSegment"}]}
RESULT: undefined
COMMAND: POST /session/bbf8399d9e363efb3412e2a9322d982b/element - {"using":"xpath","value":"//*[@id=\"application-manageresources-display-component---newResourceUnit--btnAddTimeSegment\"]"}
RESULT: {}
RESULT: {"using":"xpath","value":"//*[@id=\"application-manageresources-display-component---newResourceUnit--btnAddTimeSegment\"]"}
COMMAND: POST /session/bbf8399d9e363efb3412e2a9322d982b/element/f.877C71D71840E3B44FFEE8E46F2453AC.d.36658F87E6F5ACC10FF2729E9C0AD855.e.2979/click - {}
RESULT: {}
COMMAND: GET /session/bbf8399d9e363efb3412e2a9322d982b/screenshot - {}
RESULT: {}
COMMAND: POST /session/bbf8399d9e363efb3412e2a9322d982b/element - {"using":"xpath","value":"//input[@id=\"application-manageresources-display-component---newResourceUnit--idRuTSAdmin-application-manageresources-display-component---newResourceUnit--RUTimeSegment-0-inner\"]"}
RESULT: {"using":"xpath","value":"//input[@id=\"application-manageresources-display-component---newResourceUnit--idRuTSAdmin-application-manageresources-display-component---newResourceUnit--RUTimeSegment-0-inner\"]"}
COMMAND: POST /session/bbf8399d9e363efb3412e2a9322d982b/element/f.877C71D71840E3B44FFEE8E46F2453AC.d.36658F87E6F5ACC10FF2729E9C0AD855.e.2984/clear - {}
RESULT: {}
COMMAND: POST /session/bbf8399d9e363efb3412e2a9322d982b/element/f.877C71D71840E3B44FFEE8E46F2453AC.d.36658F87E6F5ACC10FF2729E9C0AD855.e.2984/value - {"text":"522"}
COMMAND: GET /session/bbf8399d9e363efb3412e2a9322d982b/screenshot - {}
RESULT: {"text":"522"}
COMMAND: GET /session/bbf8399d9e363efb3412e2a9322d982b/screenshot - {}
RESULT: {}
RESULT: {}
COMMAND: POST /session/bbf8399d9e363efb3412e2a9322d982b/element - {"using":"xpath","value":"//li[.//span[text()='522']]"}
RESULT: {"using":"xpath","value":"//li[.//span[text()='522']]"}
COMMAND: POST /session/bbf8399d9e363efb3412e2a9322d982b/element/f.877C71D71840E3B44FFEE8E46F2453AC.d.36658F87E6F5ACC10FF2729E9C0AD855.e.2993/click - {}
RESULT: {}
COMMAND: GET /session/bbf8399d9e363efb3412e2a9322d982b/screenshot - {}
RESULT: {}
COMMAND: POST /session/bbf8399d9e363efb3412e2a9322d982b/element - {"using":"xpath","value":"(//span[contains(@id, \"-application-manageresources-display-component---newResourceUnit--RUTimeSegment-0-arrow\")])[2]"}
RESULT: {"using":"xpath","value":"(//span[contains(@id, \"-application-manageresources-display-component---newResourceUnit--RUTimeSegment-0-arrow\")])[2]"}
COMMAND: POST /session/bbf8399d9e363efb3412e2a9322d982b/element/f.877C71D71840E3B44FFEE8E46F2453AC.d.36658F87E6F5ACC10FF2729E9C0AD855.e.2994/click - {}
RESULT: {}
COMMAND: POST /session/bbf8399d9e363efb3412e2a9322d982b/element - {"using":"xpath","value":"//span[contains(text(), \"PM Order\")]"}
COMMAND: GET /session/bbf8399d9e363efb3412e2a9322d982b/screenshot - {}
RESULT: {"using":"xpath","value":"//span[contains(text(), \"PM Order\")]"}
COMMAND: POST /session/bbf8399d9e363efb3412e2a9322d982b/element/f.877C71D71840E3B44FFEE8E46F2453AC.d.36658F87E6F5ACC10FF2729E9C0AD855.e.2995/click - {}
RESULT: {}
RESULT: {}
COMMAND: GET /session/bbf8399d9e363efb3412e2a9322d982b/screenshot - {}
RESULT: {}
COMMAND: POST /session/bbf8399d9e363efb3412e2a9322d982b/element - {"using":"xpath","value":"//td/div/div/div/span[contains(@id, \"newResourceUnit--RUTimeSegment-0-vhi\")][1]"}
RESULT: {"using":"xpath","value":"//td/div/div/div/span[contains(@id, \"newResourceUnit--RUTimeSegment-0-vhi\")][1]"}
COMMAND: GET /session/bbf8399d9e363efb3412e2a9322d982b/element/f.877C71D71840E3B44FFEE8E46F2453AC.d.36658F87E6F5ACC10FF2729E9C0AD855.e.2999/rect - {}
RESULT: {}
COMMAND: GET /session/bbf8399d9e363efb3412e2a9322d982b/window/rect - {}
RESULT: {}
COMMAND: POST /session/bbf8399d9e363efb3412e2a9322d982b/execute/sync - {"script":"<script> [92 bytes]","args":[]}
RESULT: {"script":"<script> [92 bytes]","args":[]}
COMMAND: POST /session/bbf8399d9e363efb3412e2a9322d982b/actions - {"actions":[{"id":"action10","type":"wheel","parameters":{},"actions":[{"type":"scroll","x":-1888,"y":-24,"deltaX":0,"deltaY":0,"duration":0,"origin":{"element-6066-11e4-a52e-4f735466cecf":"f.877C71D71840E3B44FFEE8E46F2453AC.d.36658F87E6F5ACC10FF2729E9C0AD855.e.2999"}}]}]}
COMMAND: GET /session/bbf8399d9e363efb3412e2a9322d982b/screenshot - {}
RESULT: {}
COMMAND: POST /session/bbf8399d9e363efb3412e2a9322d982b/execute/sync - {"script":"<script> [79 bytes]","args":[{"element-6066-11e4-a52e-4f735466cecf":"f.877C71D71840E3B44FFEE8E46F2453AC.d.36658F87E6F5ACC10FF2729E9C0AD855.e.2999","ELEMENT":"f.877C71D71840E3B44FFEE8E46F2453AC.d.36658F87E6F5ACC10FF2729E9C0AD855.e.2999"},{"block":"start","inline":"nearest"}]}
RESULT: {"script":"<script> [79 bytes]","args":[{"element-6066-11e4-a52e-4f735466cecf":"f.877C71D71840E3B44FFEE8E46F2453AC.d.36658F87E6F5ACC10FF2729E9C0AD855.e.2999","ELEMENT":"f.877C71D71840E3B44FFEE8E46F2453AC.d.36658F87E6F5ACC10FF2729E9C0AD855.e.2999"},{"block":"start","inline":"nearest"}]}
COMMAND: GET /session/bbf8399d9e363efb3412e2a9322d982b/screenshot - {}
RESULT: {}
COMMAND: POST /session/bbf8399d9e363efb3412e2a9322d982b/element/f.877C71D71840E3B44FFEE8E46F2453AC.d.36658F87E6F5ACC10FF2729E9C0AD855.e.2999/click - {}
RESULT: {}
COMMAND: GET /session/bbf8399d9e363efb3412e2a9322d982b/screenshot - {}
RESULT: {}
RESULT: undefined
COMMAND: POST /session/bbf8399d9e363efb3412e2a9322d982b/execute/async - {"script":"<script> [776 bytes]","args":[{"enterText":"4000360","selector":{"controlType":"sap.m.SearchField","properties":{"placeholder":"Search"},"searchOpenDialogs":true,"interaction":{"idSuffix":"I"}},"clearTextFirst":true,"interactionType":"ENTER_TEXT"}]}
RESULT: {"script":"<script> [776 bytes]","args":[{"enterText":"4000360","selector":{"controlType":"sap.m.SearchField","properties":{"placeholder":"Search"},"searchOpenDialogs":true,"interaction":{"idSuffix":"I"}},"clearTextFirst":true,"interactionType":"ENTER_TEXT"}]}
COMMAND: POST /session/bbf8399d9e363efb3412e2a9322d982b/actions - {"actions":[{"id":"action11","type":"key","parameters":{},"actions":[{"type":"keyDown","value":"î€‡"},{"type":"pause","duration":10},{"type":"keyUp","value":"î€‡"}]}]}
RESULT: {"actions":[{"id":"action11","type":"key","parameters":{},"actions":[{"type":"keyDown","value":"î€‡"},{"type":"pause","duration":10},{"type":"keyUp","value":"î€‡"}]}]}
COMMAND: GET /session/bbf8399d9e363efb3412e2a9322d982b/screenshot - {}
RESULT: {}
COMMAND: POST /session/bbf8399d9e363efb3412e2a9322d982b/element - {"using":"xpath","value":"//td/div/span[contains(text(), \"BGL Vehicles\")]"}
RESULT: {"using":"xpath","value":"//td/div/span[contains(text(), \"BGL Vehicles\")]"}
COMMAND: POST /session/bbf8399d9e363efb3412e2a9322d982b/element/f.877C71D71840E3B44FFEE8E46F2453AC.d.36658F87E6F5ACC10FF2729E9C0AD855.e.3018/click - {}
RESULT: {}
COMMAND: GET /session/bbf8399d9e363efb3412e2a9322d982b/screenshot - {}
RESULT: {}
COMMAND: POST /session/bbf8399d9e363efb3412e2a9322d982b/element - {"using":"xpath","value":"//bdi[contains(text(), \"OK\")]"}
RESULT: {"using":"xpath","value":"//bdi[contains(text(), \"OK\")]"}
COMMAND: POST /session/bbf8399d9e363efb3412e2a9322d982b/element/f.877C71D71840E3B44FFEE8E46F2453AC.d.36658F87E6F5ACC10FF2729E9C0AD855.e.3019/click - {}
RESULT: {}
COMMAND: GET /session/bbf8399d9e363efb3412e2a9322d982b/screenshot - {}
RESULT: {}
COMMAND: POST /session/bbf8399d9e363efb3412e2a9322d982b/element - {"using":"xpath","value":"//label[contains(@class, 'sapMLabelRequired') and .//bdi[contains(text(), 'Planned Retirement')]]"}
RESULT: {"using":"xpath","value":"//label[contains(@class, 'sapMLabelRequired') and .//bdi[contains(text(), 'Planned Retirement')]]"}
COMMAND: POST /session/bbf8399d9e363efb3412e2a9322d982b/elements - {"using":"xpath","value":"//label[contains(@class, 'sapMLabelRequired') and .//bdi[contains(text(), 'Planned Retirement')]]"}
RESULT: {"using":"xpath","value":"//label[contains(@class, 'sapMLabelRequired') and .//bdi[contains(text(), 'Planned Retirement')]]"}
COMMAND: POST /session/bbf8399d9e363efb3412e2a9322d982b/element - {"using":"xpath","value":"//button[@data-kt=\"resourceUnitSaveButton\"]"}
RESULT: {"using":"xpath","value":"//button[@data-kt=\"resourceUnitSaveButton\"]"}
COMMAND: POST /session/bbf8399d9e363efb3412e2a9322d982b/element/f.877C71D71840E3B44FFEE8E46F2453AC.d.36658F87E6F5ACC10FF2729E9C0AD855.e.2922/click - {}
RESULT: {}
COMMAND: GET /session/bbf8399d9e363efb3412e2a9322d982b/screenshot - {}
RESULT: {}
COMMAND: POST /session/bbf8399d9e363efb3412e2a9322d982b/element - {"using":"xpath","value":"//bdi[contains(text(), \"Close\")]"}
RESULT: {"using":"xpath","value":"//bdi[contains(text(), \"Close\")]"}
COMMAND: POST /session/bbf8399d9e363efb3412e2a9322d982b/element/f.877C71D71840E3B44FFEE8E46F2453AC.d.36658F87E6F5ACC10FF2729E9C0AD855.e.3026/click - {}
RESULT: {}
COMMAND: GET /session/bbf8399d9e363efb3412e2a9322d982b/screenshot - {}
RESULT: {}
COMMAND: POST /session/bbf8399d9e363efb3412e2a9322d982b/element - {"using":"xpath","value":"//header[contains(@id, 'detailRruPage-headerTitle')]/div[1]/div[2]/div[2]/span[1]"}
RESULT: {"using":"xpath","value":"//header[contains(@id, 'detailRruPage-headerTitle')]/div[1]/div[2]/div[2]/span[1]"}
COMMAND: POST /session/bbf8399d9e363efb3412e2a9322d982b/elements - {"using":"xpath","value":"//header[contains(@id, 'detailRruPage-headerTitle')]/div[1]/div[2]/div[2]/span[1]"}
RESULT: {"using":"xpath","value":"//header[contains(@id, 'detailRruPage-headerTitle')]/div[1]/div[2]/div[2]/span[1]"}
COMMAND: POST /session/bbf8399d9e363efb3412e2a9322d982b/execute/sync - {"script":"<script> [56 bytes]","args":[{"element-6066-11e4-a52e-4f735466cecf":"f.877C71D71840E3B44FFEE8E46F2453AC.d.36658F87E6F5ACC10FF2729E9C0AD855.e.3051","ELEMENT":"f.877C71D71840E3B44FFEE8E46F2453AC.d.36658F87E6F5ACC10FF2729E9C0AD855.e.3051"}]}
RESULT: {"script":"<script> [56 bytes]","args":[{"element-6066-11e4-a52e-4f735466cecf":"f.877C71D71840E3B44FFEE8E46F2453AC.d.36658F87E6F5ACC10FF2729E9C0AD855.e.3051","ELEMENT":"f.877C71D71840E3B44FFEE8E46F2453AC.d.36658F87E6F5ACC10FF2729E9C0AD855.e.3051"}]}
COMMAND: POST /session/bbf8399d9e363efb3412e2a9322d982b/element - {"using":"css selector","value":"#shell-header-logo"}
COMMAND: GET /session/bbf8399d9e363efb3412e2a9322d982b/screenshot - {}
RESULT: {"using":"css selector","value":"#shell-header-logo"}
COMMAND: POST /session/bbf8399d9e363efb3412e2a9322d982b/element/f.877C71D71840E3B44FFEE8E46F2453AC.d.36658F87E6F5ACC10FF2729E9C0AD855.e.2513/click - {}
RESULT: {}
RESULT: {}
COMMAND: GET /session/bbf8399d9e363efb3412e2a9322d982b/screenshot - {}
RESULT: {}
]]></system-out>
    </testcase>
    <testcase classname="chrome.136_0_7103_93.windows.Prerequisites_&amp;_test_for_yard_mass_return_on_Yard_Overview_US131057" name="Prereq Should do stock increase" time="90.821">
      <system-out><![CDATA[
COMMAND: POST /session/bbf8399d9e363efb3412e2a9322d982b/execute/async - {"script":"<script> [1562 bytes]","args":[{"selector":{"controlType":"sap.m.GenericTile","properties":{"header":"Manage Handovers"}},"wdio_ui5_key":"sapm.GenericTile{\"header\":\"Manage Handovers\"}"}]}
RESULT: {"script":"<script> [1562 bytes]","args":[{"selector":{"controlType":"sap.m.GenericTile","properties":{"header":"Manage Handovers"}},"wdio_ui5_key":"sapm.GenericTile{\"header\":\"Manage Handovers\"}"}]}
RESULT: undefined
COMMAND: POST /session/bbf8399d9e363efb3412e2a9322d982b/element - {"using":"xpath","value":"//*[@id=\"__tile133\"]"}
RESULT: {"using":"xpath","value":"//*[@id=\"__tile133\"]"}
COMMAND: POST /session/bbf8399d9e363efb3412e2a9322d982b/element/f.877C71D71840E3B44FFEE8E46F2453AC.d.36658F87E6F5ACC10FF2729E9C0AD855.e.230/click - {}
RESULT: {}
COMMAND: GET /session/bbf8399d9e363efb3412e2a9322d982b/screenshot - {}
RESULT: {}
COMMAND: POST /session/bbf8399d9e363efb3412e2a9322d982b/elements - {"using":"xpath","value":"//span[text()='Error']"}
RESULT: {"using":"xpath","value":"//span[text()='Error']"}
COMMAND: POST /session/bbf8399d9e363efb3412e2a9322d982b/element - {"using":"xpath","value":"//button[@data-kt=\"masterHOAddButton\"]"}
RESULT: {"using":"xpath","value":"//button[@data-kt=\"masterHOAddButton\"]"}
COMMAND: POST /session/bbf8399d9e363efb3412e2a9322d982b/elements - {"using":"xpath","value":"//button[@data-kt=\"masterHOAddButton\"]"}
RESULT: {"using":"xpath","value":"//button[@data-kt=\"masterHOAddButton\"]"}
COMMAND: POST /session/bbf8399d9e363efb3412e2a9322d982b/execute/sync - {"script":"<script> [8489 bytes]","args":[{"element-6066-11e4-a52e-4f735466cecf":"f.877C71D71840E3B44FFEE8E46F2453AC.d.36658F87E6F5ACC10FF2729E9C0AD855.e.3090","ELEMENT":"f.877C71D71840E3B44FFEE8E46F2453AC.d.36658F87E6F5ACC10FF2729E9C0AD855.e.3090"}]}
RESULT: {"script":"<script> [8489 bytes]","args":[{"element-6066-11e4-a52e-4f735466cecf":"f.877C71D71840E3B44FFEE8E46F2453AC.d.36658F87E6F5ACC10FF2729E9C0AD855.e.3090","ELEMENT":"f.877C71D71840E3B44FFEE8E46F2453AC.d.36658F87E6F5ACC10FF2729E9C0AD855.e.3090"}]}
COMMAND: GET /session/bbf8399d9e363efb3412e2a9322d982b/element/f.877C71D71840E3B44FFEE8E46F2453AC.d.36658F87E6F5ACC10FF2729E9C0AD855.e.3090/enabled - {}
COMMAND: GET /session/bbf8399d9e363efb3412e2a9322d982b/screenshot - {}
RESULT: {}
COMMAND: POST /session/bbf8399d9e363efb3412e2a9322d982b/execute/sync - {"script":"<script> [8489 bytes]","args":[{"element-6066-11e4-a52e-4f735466cecf":"f.877C71D71840E3B44FFEE8E46F2453AC.d.36658F87E6F5ACC10FF2729E9C0AD855.e.3090","ELEMENT":"f.877C71D71840E3B44FFEE8E46F2453AC.d.36658F87E6F5ACC10FF2729E9C0AD855.e.3090"}]}
COMMAND: GET /session/bbf8399d9e363efb3412e2a9322d982b/screenshot - {}
RESULT: {}
RESULT: {"script":"<script> [8489 bytes]","args":[{"element-6066-11e4-a52e-4f735466cecf":"f.877C71D71840E3B44FFEE8E46F2453AC.d.36658F87E6F5ACC10FF2729E9C0AD855.e.3090","ELEMENT":"f.877C71D71840E3B44FFEE8E46F2453AC.d.36658F87E6F5ACC10FF2729E9C0AD855.e.3090"}]}
COMMAND: POST /session/bbf8399d9e363efb3412e2a9322d982b/execute/sync - {"script":"<script> [5351 bytes]","args":[{"element-6066-11e4-a52e-4f735466cecf":"f.877C71D71840E3B44FFEE8E46F2453AC.d.36658F87E6F5ACC10FF2729E9C0AD855.e.3090","ELEMENT":"f.877C71D71840E3B44FFEE8E46F2453AC.d.36658F87E6F5ACC10FF2729E9C0AD855.e.3090"}]}
COMMAND: GET /session/bbf8399d9e363efb3412e2a9322d982b/screenshot - {}
RESULT: {}
RESULT: {"script":"<script> [5351 bytes]","args":[{"element-6066-11e4-a52e-4f735466cecf":"f.877C71D71840E3B44FFEE8E46F2453AC.d.36658F87E6F5ACC10FF2729E9C0AD855.e.3090","ELEMENT":"f.877C71D71840E3B44FFEE8E46F2453AC.d.36658F87E6F5ACC10FF2729E9C0AD855.e.3090"}]}
COMMAND: POST /session/bbf8399d9e363efb3412e2a9322d982b/element/f.877C71D71840E3B44FFEE8E46F2453AC.d.36658F87E6F5ACC10FF2729E9C0AD855.e.3090/click - {}
COMMAND: GET /session/bbf8399d9e363efb3412e2a9322d982b/screenshot - {}
RESULT: {}
RESULT: {}
COMMAND: GET /session/bbf8399d9e363efb3412e2a9322d982b/screenshot - {}
RESULT: {}
COMMAND: POST /session/bbf8399d9e363efb3412e2a9322d982b/element - {"using":"xpath","value":"//span[contains(@id ,\"AddNewHO--typeSelect-arrow\")]"}
RESULT: {}
RESULT: {"using":"xpath","value":"//span[contains(@id ,\"AddNewHO--typeSelect-arrow\")]"}
COMMAND: POST /session/bbf8399d9e363efb3412e2a9322d982b/element/f.877C71D71840E3B44FFEE8E46F2453AC.d.36658F87E6F5ACC10FF2729E9C0AD855.e.3450/click - {}
RESULT: {}
COMMAND: GET /session/bbf8399d9e363efb3412e2a9322d982b/screenshot - {}
RESULT: {}
COMMAND: POST /session/bbf8399d9e363efb3412e2a9322d982b/element - {"using":"xpath","value":"(//li[contains(text(), \"stock increase yard\")])[1]"}
RESULT: {"using":"xpath","value":"(//li[contains(text(), \"stock increase yard\")])[1]"}
COMMAND: POST /session/bbf8399d9e363efb3412e2a9322d982b/element/f.877C71D71840E3B44FFEE8E46F2453AC.d.36658F87E6F5ACC10FF2729E9C0AD855.e.3451/click - {}
RESULT: {}
COMMAND: GET /session/bbf8399d9e363efb3412e2a9322d982b/screenshot - {}
RESULT: {}
COMMAND: POST /session/bbf8399d9e363efb3412e2a9322d982b/execute/async - {"script":"<script> [1562 bytes]","args":[{"selector":{"id":"application-managehandovers-display-component---AddNewHO--dueDate","interaction":{"idSuffix":"inner"}},"wdio_ui5_key":"applicationmanagehandovers-display-component---AddNewHO--dueDate"}]}
RESULT: {"script":"<script> [1562 bytes]","args":[{"selector":{"id":"application-managehandovers-display-component---AddNewHO--dueDate","interaction":{"idSuffix":"inner"}},"wdio_ui5_key":"applicationmanagehandovers-display-component---AddNewHO--dueDate"}]}
RESULT: undefined
COMMAND: POST /session/bbf8399d9e363efb3412e2a9322d982b/execute/async - {"script":"<script> [6424 bytes]","args":[{"element-6066-11e4-a52e-4f735466cecf":"f.877C71D71840E3B44FFEE8E46F2453AC.d.36658F87E6F5ACC10FF2729E9C0AD855.e.3453"},"setValue",["5/18/25"]]}
RESULT: {"script":"<script> [6424 bytes]","args":[{"element-6066-11e4-a52e-4f735466cecf":"f.877C71D71840E3B44FFEE8E46F2453AC.d.36658F87E6F5ACC10FF2729E9C0AD855.e.3453"},"setValue",["5/18/25"]]}
COMMAND: POST /session/bbf8399d9e363efb3412e2a9322d982b/element - {"using":"xpath","value":"//input[@id=\"generalSectionFrg--receiveYard-inner\"]"}
RESULT: {"using":"xpath","value":"//input[@id=\"generalSectionFrg--receiveYard-inner\"]"}
COMMAND: POST /session/bbf8399d9e363efb3412e2a9322d982b/element/f.877C71D71840E3B44FFEE8E46F2453AC.d.36658F87E6F5ACC10FF2729E9C0AD855.e.3457/clear - {}
RESULT: {}
COMMAND: POST /session/bbf8399d9e363efb3412e2a9322d982b/element/f.877C71D71840E3B44FFEE8E46F2453AC.d.36658F87E6F5ACC10FF2729E9C0AD855.e.3457/value - {"text":"522"}
COMMAND: GET /session/bbf8399d9e363efb3412e2a9322d982b/screenshot - {}
RESULT: {"text":"522"}
COMMAND: GET /session/bbf8399d9e363efb3412e2a9322d982b/screenshot - {}
RESULT: {}
RESULT: {}
COMMAND: POST /session/bbf8399d9e363efb3412e2a9322d982b/element - {"using":"xpath","value":"//li[.//span[text()='522']]"}
RESULT: {"using":"xpath","value":"//li[.//span[text()='522']]"}
COMMAND: POST /session/bbf8399d9e363efb3412e2a9322d982b/element/f.877C71D71840E3B44FFEE8E46F2453AC.d.36658F87E6F5ACC10FF2729E9C0AD855.e.3475/click - {}
RESULT: {}
COMMAND: GET /session/bbf8399d9e363efb3412e2a9322d982b/screenshot - {}
RESULT: {}
COMMAND: POST /session/bbf8399d9e363efb3412e2a9322d982b/execute/async - {"script":"<script> [1562 bytes]","args":[{"selector":{"id":"application-managehandovers-display-component---AddNewHO--ObjectPageLayout-anchBar-application-managehandovers-display-component---AddNewHO--section4-anchor","interaction":{"idSuffix":"BDI-content"}},"wdio_ui5_key":"applicationmanagehandovers-display-component---AddNewHO--ObjectPageLayout-anchBar-application-managehandovers-display-component---AddNewHO--section4-anchor"}]}
RESULT: {"script":"<script> [1562 bytes]","args":[{"selector":{"id":"application-managehandovers-display-component---AddNewHO--ObjectPageLayout-anchBar-application-managehandovers-display-component---AddNewHO--section4-anchor","interaction":{"idSuffix":"BDI-content"}},"wdio_ui5_key":"applicationmanagehandovers-display-component---AddNewHO--ObjectPageLayout-anchBar-application-managehandovers-display-component---AddNewHO--section4-anchor"}]}
RESULT: undefined
COMMAND: POST /session/bbf8399d9e363efb3412e2a9322d982b/element - {"using":"xpath","value":"//*[@id=\"application-managehandovers-display-component---AddNewHO--ObjectPageLayout-anchBar-application-managehandovers-display-component---AddNewHO--section4-anchor\"]"}
RESULT: {"using":"xpath","value":"//*[@id=\"application-managehandovers-display-component---AddNewHO--ObjectPageLayout-anchBar-application-managehandovers-display-component---AddNewHO--section4-anchor\"]"}
COMMAND: POST /session/bbf8399d9e363efb3412e2a9322d982b/element/f.877C71D71840E3B44FFEE8E46F2453AC.d.36658F87E6F5ACC10FF2729E9C0AD855.e.3477/click - {}
RESULT: {}
COMMAND: POST /session/bbf8399d9e363efb3412e2a9322d982b/element - {"using":"xpath","value":"//button[@aria-label=\"Add\"]"}
COMMAND: GET /session/bbf8399d9e363efb3412e2a9322d982b/screenshot - {}
RESULT: {"using":"xpath","value":"//button[@aria-label=\"Add\"]"}
COMMAND: POST /session/bbf8399d9e363efb3412e2a9322d982b/element/f.877C71D71840E3B44FFEE8E46F2453AC.d.36658F87E6F5ACC10FF2729E9C0AD855.e.3479/click - {}
RESULT: {}
RESULT: {}
COMMAND: GET /session/bbf8399d9e363efb3412e2a9322d982b/screenshot - {}
RESULT: {}
COMMAND: POST /session/bbf8399d9e363efb3412e2a9322d982b/execute/async - {"script":"<script> [1562 bytes]","args":[{"selector":{"id":"application-managehandovers-display-component---AddNewHO--smartFilterBar-btnBasicSearch","searchOpenDialogs":true,"interaction":{"idSuffix":"I"}},"wdio_ui5_key":"applicationmanagehandovers-display-component---AddNewHO--smartFilterBar-btnBasicSearch"}]}
RESULT: {"script":"<script> [1562 bytes]","args":[{"selector":{"id":"application-managehandovers-display-component---AddNewHO--smartFilterBar-btnBasicSearch","searchOpenDialogs":true,"interaction":{"idSuffix":"I"}},"wdio_ui5_key":"applicationmanagehandovers-display-component---AddNewHO--smartFilterBar-btnBasicSearch"}]}
RESULT: undefined
COMMAND: POST /session/bbf8399d9e363efb3412e2a9322d982b/execute/async - {"script":"<script> [776 bytes]","args":[{"enterText":"200271","selector":{"id":"application-managehandovers-display-component---AddNewHO--smartFilterBar-btnBasicSearch","searchOpenDialogs":true,"interaction":{"idSuffix":"I"}},"clearTextFirst":true,"interactionType":"ENTER_TEXT"}]}
RESULT: {"script":"<script> [776 bytes]","args":[{"enterText":"200271","selector":{"id":"application-managehandovers-display-component---AddNewHO--smartFilterBar-btnBasicSearch","searchOpenDialogs":true,"interaction":{"idSuffix":"I"}},"clearTextFirst":true,"interactionType":"ENTER_TEXT"}]}
COMMAND: POST /session/bbf8399d9e363efb3412e2a9322d982b/actions - {"actions":[{"id":"action12","type":"key","parameters":{},"actions":[{"type":"keyDown","value":"î€‡"},{"type":"pause","duration":10},{"type":"keyUp","value":"î€‡"}]}]}
RESULT: {"actions":[{"id":"action12","type":"key","parameters":{},"actions":[{"type":"keyDown","value":"î€‡"},{"type":"pause","duration":10},{"type":"keyUp","value":"î€‡"}]}]}
COMMAND: GET /session/bbf8399d9e363efb3412e2a9322d982b/screenshot - {}
RESULT: {}
COMMAND: POST /session/bbf8399d9e363efb3412e2a9322d982b/execute/async - {"script":"<script> [1562 bytes]","args":[{"selector":{"id":"application-managehandovers-display-component---AddNewHO--popup-sa","searchOpenDialogs":true,"interaction":{"idSuffix":"CbBg"}},"wdio_ui5_key":"applicationmanagehandovers-display-component---AddNewHO--popup-sa"}]}
RESULT: {"script":"<script> [1562 bytes]","args":[{"selector":{"id":"application-managehandovers-display-component---AddNewHO--popup-sa","searchOpenDialogs":true,"interaction":{"idSuffix":"CbBg"}},"wdio_ui5_key":"applicationmanagehandovers-display-component---AddNewHO--popup-sa"}]}
RESULT: undefined
COMMAND: POST /session/bbf8399d9e363efb3412e2a9322d982b/element - {"using":"xpath","value":"//*[@id=\"application-managehandovers-display-component---AddNewHO--popup-sa\"]"}
RESULT: {"using":"xpath","value":"//*[@id=\"application-managehandovers-display-component---AddNewHO--popup-sa\"]"}
COMMAND: POST /session/bbf8399d9e363efb3412e2a9322d982b/element/f.877C71D71840E3B44FFEE8E46F2453AC.d.36658F87E6F5ACC10FF2729E9C0AD855.e.3631/click - {}
RESULT: {}
COMMAND: GET /session/bbf8399d9e363efb3412e2a9322d982b/screenshot - {}
RESULT: {}
COMMAND: POST /session/bbf8399d9e363efb3412e2a9322d982b/element - {"using":"xpath","value":"//bdi[contains(text(), \"Select\")]"}
RESULT: {"using":"xpath","value":"//bdi[contains(text(), \"Select\")]"}
COMMAND: POST /session/bbf8399d9e363efb3412e2a9322d982b/element/f.877C71D71840E3B44FFEE8E46F2453AC.d.36658F87E6F5ACC10FF2729E9C0AD855.e.3632/click - {}
RESULT: {}
COMMAND: GET /session/bbf8399d9e363efb3412e2a9322d982b/screenshot - {}
RESULT: {}
COMMAND: POST /session/bbf8399d9e363efb3412e2a9322d982b/element - {"using":"xpath","value":"//button[@data-kt=\"AddNewHOSaveButton\"]"}
RESULT: {"using":"xpath","value":"//button[@data-kt=\"AddNewHOSaveButton\"]"}
COMMAND: POST /session/bbf8399d9e363efb3412e2a9322d982b/element/f.877C71D71840E3B44FFEE8E46F2453AC.d.36658F87E6F5ACC10FF2729E9C0AD855.e.3636/click - {}
RESULT: {}
COMMAND: GET /session/bbf8399d9e363efb3412e2a9322d982b/screenshot - {}
RESULT: {}
COMMAND: POST /session/bbf8399d9e363efb3412e2a9322d982b/execute/async - {"script":"<script> [1562 bytes]","args":[{"selector":{"id":"receiptDatePicker","viewName":"etm.portal.ui.managehandovers.view.DetailExecuteHO","interaction":{"idSuffix":"inner"}},"wdio_ui5_key":"receiptDatePickeretmportal.ui.managehandovers.view.DetailExecuteHO"}]}
RESULT: {"script":"<script> [1562 bytes]","args":[{"selector":{"id":"receiptDatePicker","viewName":"etm.portal.ui.managehandovers.view.DetailExecuteHO","interaction":{"idSuffix":"inner"}},"wdio_ui5_key":"receiptDatePickeretmportal.ui.managehandovers.view.DetailExecuteHO"}]}
RESULT: undefined
COMMAND: POST /session/bbf8399d9e363efb3412e2a9322d982b/execute/async - {"script":"<script> [6424 bytes]","args":[{"element-6066-11e4-a52e-4f735466cecf":"f.877C71D71840E3B44FFEE8E46F2453AC.d.36658F87E6F5ACC10FF2729E9C0AD855.e.3656"},"setValue",["5/18/25"]]}
RESULT: {"script":"<script> [6424 bytes]","args":[{"element-6066-11e4-a52e-4f735466cecf":"f.877C71D71840E3B44FFEE8E46F2453AC.d.36658F87E6F5ACC10FF2729E9C0AD855.e.3656"},"setValue",["5/18/25"]]}
COMMAND: POST /session/bbf8399d9e363efb3412e2a9322d982b/element - {"using":"xpath","value":"//button[@data-kt=\"PickingTableConfirmAllButton\"]"}
RESULT: {"using":"xpath","value":"//button[@data-kt=\"PickingTableConfirmAllButton\"]"}
COMMAND: POST /session/bbf8399d9e363efb3412e2a9322d982b/element/f.877C71D71840E3B44FFEE8E46F2453AC.d.36658F87E6F5ACC10FF2729E9C0AD855.e.3669/click - {}
RESULT: {}
COMMAND: GET /session/bbf8399d9e363efb3412e2a9322d982b/screenshot - {}
RESULT: {}
COMMAND: POST /session/bbf8399d9e363efb3412e2a9322d982b/element - {"using":"xpath","value":"//bdi[contains(text(), \"OK\")]"}
RESULT: {"using":"xpath","value":"//bdi[contains(text(), \"OK\")]"}
COMMAND: POST /session/bbf8399d9e363efb3412e2a9322d982b/element/f.877C71D71840E3B44FFEE8E46F2453AC.d.36658F87E6F5ACC10FF2729E9C0AD855.e.3671/click - {}
RESULT: {}
COMMAND: GET /session/bbf8399d9e363efb3412e2a9322d982b/screenshot - {}
RESULT: {}
COMMAND: POST /session/bbf8399d9e363efb3412e2a9322d982b/element - {"using":"xpath","value":"(//bdi[contains(text(), \"Receive\")])[2]"}
RESULT: {"using":"xpath","value":"(//bdi[contains(text(), \"Receive\")])[2]"}
COMMAND: POST /session/bbf8399d9e363efb3412e2a9322d982b/element/f.877C71D71840E3B44FFEE8E46F2453AC.d.36658F87E6F5ACC10FF2729E9C0AD855.e.3673/click - {}
RESULT: {}
COMMAND: GET /session/bbf8399d9e363efb3412e2a9322d982b/screenshot - {}
RESULT: {}
COMMAND: POST /session/bbf8399d9e363efb3412e2a9322d982b/element - {"using":"css selector","value":"#shell-header-logo"}
RESULT: {"using":"css selector","value":"#shell-header-logo"}
COMMAND: POST /session/bbf8399d9e363efb3412e2a9322d982b/element/f.877C71D71840E3B44FFEE8E46F2453AC.d.36658F87E6F5ACC10FF2729E9C0AD855.e.3057/click - {}
RESULT: {}
COMMAND: GET /session/bbf8399d9e363efb3412e2a9322d982b/screenshot - {}
RESULT: {}
]]></system-out>
    </testcase>
    <testcase classname="chrome.136_0_7103_93.windows.Prerequisites_&amp;_test_for_yard_mass_return_on_Yard_Overview_US131057" name="Prereq Should create a new contract" time="62.092">
      <system-out><![CDATA[
COMMAND: POST /session/bbf8399d9e363efb3412e2a9322d982b/execute/async - {"script":"<script> [1562 bytes]","args":[{"selector":{"controlType":"sap.m.GenericTile","properties":{"header":"Manage Contracts"}},"wdio_ui5_key":"sapm.GenericTile{\"header\":\"Manage Contracts\"}"}]}
RESULT: {"script":"<script> [1562 bytes]","args":[{"selector":{"controlType":"sap.m.GenericTile","properties":{"header":"Manage Contracts"}},"wdio_ui5_key":"sapm.GenericTile{\"header\":\"Manage Contracts\"}"}]}
RESULT: undefined
COMMAND: POST /session/bbf8399d9e363efb3412e2a9322d982b/element - {"using":"xpath","value":"//*[@id=\"__tile131\"]"}
RESULT: {"using":"xpath","value":"//*[@id=\"__tile131\"]"}
COMMAND: POST /session/bbf8399d9e363efb3412e2a9322d982b/element/f.877C71D71840E3B44FFEE8E46F2453AC.d.36658F87E6F5ACC10FF2729E9C0AD855.e.170/click - {}
RESULT: {}
COMMAND: GET /session/bbf8399d9e363efb3412e2a9322d982b/screenshot - {}
RESULT: {}
COMMAND: POST /session/bbf8399d9e363efb3412e2a9322d982b/elements - {"using":"xpath","value":"//span[text()='Error']"}
RESULT: {"using":"xpath","value":"//span[text()='Error']"}
COMMAND: POST /session/bbf8399d9e363efb3412e2a9322d982b/element - {"using":"xpath","value":"//button[@data-kt=\"addButton\"]"}
RESULT: {"using":"xpath","value":"//button[@data-kt=\"addButton\"]"}
COMMAND: POST /session/bbf8399d9e363efb3412e2a9322d982b/elements - {"using":"xpath","value":"//button[@data-kt=\"addButton\"]"}
RESULT: {"using":"xpath","value":"//button[@data-kt=\"addButton\"]"}
COMMAND: POST /session/bbf8399d9e363efb3412e2a9322d982b/execute/sync - {"script":"<script> [8489 bytes]","args":[{"element-6066-11e4-a52e-4f735466cecf":"f.877C71D71840E3B44FFEE8E46F2453AC.d.36658F87E6F5ACC10FF2729E9C0AD855.e.3891","ELEMENT":"f.877C71D71840E3B44FFEE8E46F2453AC.d.36658F87E6F5ACC10FF2729E9C0AD855.e.3891"}]}
RESULT: {"script":"<script> [8489 bytes]","args":[{"element-6066-11e4-a52e-4f735466cecf":"f.877C71D71840E3B44FFEE8E46F2453AC.d.36658F87E6F5ACC10FF2729E9C0AD855.e.3891","ELEMENT":"f.877C71D71840E3B44FFEE8E46F2453AC.d.36658F87E6F5ACC10FF2729E9C0AD855.e.3891"}]}
COMMAND: GET /session/bbf8399d9e363efb3412e2a9322d982b/element/f.877C71D71840E3B44FFEE8E46F2453AC.d.36658F87E6F5ACC10FF2729E9C0AD855.e.3891/enabled - {}
COMMAND: GET /session/bbf8399d9e363efb3412e2a9322d982b/screenshot - {}
RESULT: {}
COMMAND: POST /session/bbf8399d9e363efb3412e2a9322d982b/execute/sync - {"script":"<script> [8489 bytes]","args":[{"element-6066-11e4-a52e-4f735466cecf":"f.877C71D71840E3B44FFEE8E46F2453AC.d.36658F87E6F5ACC10FF2729E9C0AD855.e.3891","ELEMENT":"f.877C71D71840E3B44FFEE8E46F2453AC.d.36658F87E6F5ACC10FF2729E9C0AD855.e.3891"}]}
COMMAND: GET /session/bbf8399d9e363efb3412e2a9322d982b/screenshot - {}
RESULT: {}
RESULT: {"script":"<script> [8489 bytes]","args":[{"element-6066-11e4-a52e-4f735466cecf":"f.877C71D71840E3B44FFEE8E46F2453AC.d.36658F87E6F5ACC10FF2729E9C0AD855.e.3891","ELEMENT":"f.877C71D71840E3B44FFEE8E46F2453AC.d.36658F87E6F5ACC10FF2729E9C0AD855.e.3891"}]}
COMMAND: POST /session/bbf8399d9e363efb3412e2a9322d982b/execute/sync - {"script":"<script> [5351 bytes]","args":[{"element-6066-11e4-a52e-4f735466cecf":"f.877C71D71840E3B44FFEE8E46F2453AC.d.36658F87E6F5ACC10FF2729E9C0AD855.e.3891","ELEMENT":"f.877C71D71840E3B44FFEE8E46F2453AC.d.36658F87E6F5ACC10FF2729E9C0AD855.e.3891"}]}
COMMAND: GET /session/bbf8399d9e363efb3412e2a9322d982b/screenshot - {}
RESULT: {}
RESULT: {"script":"<script> [5351 bytes]","args":[{"element-6066-11e4-a52e-4f735466cecf":"f.877C71D71840E3B44FFEE8E46F2453AC.d.36658F87E6F5ACC10FF2729E9C0AD855.e.3891","ELEMENT":"f.877C71D71840E3B44FFEE8E46F2453AC.d.36658F87E6F5ACC10FF2729E9C0AD855.e.3891"}]}
COMMAND: GET /session/bbf8399d9e363efb3412e2a9322d982b/screenshot - {}
RESULT: {}
RESULT: {}
COMMAND: POST /session/bbf8399d9e363efb3412e2a9322d982b/element/f.877C71D71840E3B44FFEE8E46F2453AC.d.36658F87E6F5ACC10FF2729E9C0AD855.e.3891/click - {}
RESULT: {}
COMMAND: GET /session/bbf8399d9e363efb3412e2a9322d982b/screenshot - {}
RESULT: {}
COMMAND: POST /session/bbf8399d9e363efb3412e2a9322d982b/execute/async - {"script":"<script> [1562 bytes]","args":[{"selector":{"id":"application-managecontracts-display-component---AddNewContract--projectDescription","interaction":{"idSuffix":"inner"}},"wdio_ui5_key":"applicationmanagecontracts-display-component---AddNewContract--projectDescription"}]}
RESULT: {"script":"<script> [1562 bytes]","args":[{"selector":{"id":"application-managecontracts-display-component---AddNewContract--projectDescription","interaction":{"idSuffix":"inner"}},"wdio_ui5_key":"applicationmanagecontracts-display-component---AddNewContract--projectDescription"}]}
RESULT: undefined
COMMAND: POST /session/bbf8399d9e363efb3412e2a9322d982b/execute/async - {"script":"<script> [776 bytes]","args":[{"enterText":"Contract WDIO","selector":{"id":"application-managecontracts-display-component---AddNewContract--projectDescription","interaction":{"idSuffix":"inner"}},"clearTextFirst":true,"interactionType":"ENTER_TEXT"}]}
RESULT: {"script":"<script> [776 bytes]","args":[{"enterText":"Contract WDIO","selector":{"id":"application-managecontracts-display-component---AddNewContract--projectDescription","interaction":{"idSuffix":"inner"}},"clearTextFirst":true,"interactionType":"ENTER_TEXT"}]}
COMMAND: POST /session/bbf8399d9e363efb3412e2a9322d982b/element - {"using":"xpath","value":"//input[@id=\"application-managecontracts-display-component---AddNewContract--site-inner\"]"}
RESULT: {"using":"xpath","value":"//input[@id=\"application-managecontracts-display-component---AddNewContract--site-inner\"]"}
COMMAND: POST /session/bbf8399d9e363efb3412e2a9322d982b/element/f.877C71D71840E3B44FFEE8E46F2453AC.d.36658F87E6F5ACC10FF2729E9C0AD855.e.4249/clear - {}
RESULT: {}
COMMAND: POST /session/bbf8399d9e363efb3412e2a9322d982b/element/f.877C71D71840E3B44FFEE8E46F2453AC.d.36658F87E6F5ACC10FF2729E9C0AD855.e.4249/value - {"text":"2256"}
COMMAND: GET /session/bbf8399d9e363efb3412e2a9322d982b/screenshot - {}
RESULT: {"text":"2256"}
COMMAND: GET /session/bbf8399d9e363efb3412e2a9322d982b/screenshot - {}
RESULT: {}
RESULT: {}
COMMAND: POST /session/bbf8399d9e363efb3412e2a9322d982b/element - {"using":"xpath","value":"//li[.//span[text()='2256']]"}
RESULT: {"using":"xpath","value":"//li[.//span[text()='2256']]"}
COMMAND: POST /session/bbf8399d9e363efb3412e2a9322d982b/element/f.877C71D71840E3B44FFEE8E46F2453AC.d.36658F87E6F5ACC10FF2729E9C0AD855.e.4279/click - {}
RESULT: {}
COMMAND: GET /session/bbf8399d9e363efb3412e2a9322d982b/screenshot - {}
RESULT: {}
COMMAND: POST /session/bbf8399d9e363efb3412e2a9322d982b/element - {"using":"xpath","value":"//input[@id=\"application-managecontracts-display-component---AddNewContract--yardId-inner\"]"}
RESULT: {"using":"xpath","value":"//input[@id=\"application-managecontracts-display-component---AddNewContract--yardId-inner\"]"}
COMMAND: GET /session/bbf8399d9e363efb3412e2a9322d982b/element/f.877C71D71840E3B44FFEE8E46F2453AC.d.36658F87E6F5ACC10FF2729E9C0AD855.e.4250/property/value - {}
RESULT: {}
COMMAND: POST /session/bbf8399d9e363efb3412e2a9322d982b/element - {"using":"xpath","value":"//input[@id=\"application-managecontracts-display-component---AddNewContract--customerSelect-inner\"]"}
COMMAND: GET /session/bbf8399d9e363efb3412e2a9322d982b/screenshot - {}
RESULT: {"using":"xpath","value":"//input[@id=\"application-managecontracts-display-component---AddNewContract--customerSelect-inner\"]"}
COMMAND: POST /session/bbf8399d9e363efb3412e2a9322d982b/element/f.877C71D71840E3B44FFEE8E46F2453AC.d.36658F87E6F5ACC10FF2729E9C0AD855.e.4248/clear - {}
RESULT: {}
RESULT: {}
COMMAND: POST /session/bbf8399d9e363efb3412e2a9322d982b/element/f.877C71D71840E3B44FFEE8E46F2453AC.d.36658F87E6F5ACC10FF2729E9C0AD855.e.4248/value - {"text":"1304"}
COMMAND: GET /session/bbf8399d9e363efb3412e2a9322d982b/screenshot - {}
RESULT: {"text":"1304"}
COMMAND: GET /session/bbf8399d9e363efb3412e2a9322d982b/screenshot - {}
RESULT: {}
RESULT: {}
COMMAND: POST /session/bbf8399d9e363efb3412e2a9322d982b/element - {"using":"xpath","value":"//li[.//span[text()='1304']]"}
RESULT: {"using":"xpath","value":"//li[.//span[text()='1304']]"}
COMMAND: POST /session/bbf8399d9e363efb3412e2a9322d982b/element/f.877C71D71840E3B44FFEE8E46F2453AC.d.36658F87E6F5ACC10FF2729E9C0AD855.e.4282/click - {}
RESULT: {}
COMMAND: GET /session/bbf8399d9e363efb3412e2a9322d982b/screenshot - {}
RESULT: {}
COMMAND: POST /session/bbf8399d9e363efb3412e2a9322d982b/element - {"using":"xpath","value":"//button[@data-kt=\"saveButton\"]"}
RESULT: {"using":"xpath","value":"//button[@data-kt=\"saveButton\"]"}
COMMAND: POST /session/bbf8399d9e363efb3412e2a9322d982b/element/f.877C71D71840E3B44FFEE8E46F2453AC.d.36658F87E6F5ACC10FF2729E9C0AD855.e.4283/click - {}
RESULT: {}
COMMAND: GET /session/bbf8399d9e363efb3412e2a9322d982b/screenshot - {}
RESULT: {}
COMMAND: POST /session/bbf8399d9e363efb3412e2a9322d982b/element - {"using":"xpath","value":"//span[contains(@id ,\"contractDetailTitleNoExpanded\")]"}
RESULT: {"using":"xpath","value":"//span[contains(@id ,\"contractDetailTitleNoExpanded\")]"}
COMMAND: POST /session/bbf8399d9e363efb3412e2a9322d982b/elements - {"using":"xpath","value":"//span[contains(@id ,\"contractDetailTitleNoExpanded\")]"}
RESULT: {"using":"xpath","value":"//span[contains(@id ,\"contractDetailTitleNoExpanded\")]"}
COMMAND: POST /session/bbf8399d9e363efb3412e2a9322d982b/execute/sync - {"script":"<script> [56 bytes]","args":[{"element-6066-11e4-a52e-4f735466cecf":"f.877C71D71840E3B44FFEE8E46F2453AC.d.36658F87E6F5ACC10FF2729E9C0AD855.e.4297","ELEMENT":"f.877C71D71840E3B44FFEE8E46F2453AC.d.36658F87E6F5ACC10FF2729E9C0AD855.e.4297"}]}
RESULT: {"script":"<script> [56 bytes]","args":[{"element-6066-11e4-a52e-4f735466cecf":"f.877C71D71840E3B44FFEE8E46F2453AC.d.36658F87E6F5ACC10FF2729E9C0AD855.e.4297","ELEMENT":"f.877C71D71840E3B44FFEE8E46F2453AC.d.36658F87E6F5ACC10FF2729E9C0AD855.e.4297"}]}
COMMAND: GET /session/bbf8399d9e363efb3412e2a9322d982b/screenshot - {}
RESULT: {}
]]></system-out>
    </testcase>
    <testcase classname="chrome.136_0_7103_93.windows.Prerequisites_&amp;_test_for_yard_mass_return_on_Yard_Overview_US131057" name="Prereq Should add created material to contract" time="56.445">
      <system-out><![CDATA[
COMMAND: POST /session/bbf8399d9e363efb3412e2a9322d982b/element - {"using":"xpath","value":"//button[@data-kt=\"contractDetailEditBtnButton\"]"}
RESULT: {"using":"xpath","value":"//button[@data-kt=\"contractDetailEditBtnButton\"]"}
COMMAND: POST /session/bbf8399d9e363efb3412e2a9322d982b/element/f.877C71D71840E3B44FFEE8E46F2453AC.d.36658F87E6F5ACC10FF2729E9C0AD855.e.4299/click - {}
RESULT: {}
COMMAND: GET /session/bbf8399d9e363efb3412e2a9322d982b/screenshot - {}
RESULT: {}
COMMAND: POST /session/bbf8399d9e363efb3412e2a9322d982b/element - {"using":"xpath","value":"(//span[contains(text(), \"Additional Addresses\")])[2]"}
RESULT: {"using":"xpath","value":"(//span[contains(text(), \"Additional Addresses\")])[2]"}
COMMAND: POST /session/bbf8399d9e363efb3412e2a9322d982b/element/f.877C71D71840E3B44FFEE8E46F2453AC.d.36658F87E6F5ACC10FF2729E9C0AD855.e.4354/click - {}
RESULT: {}
COMMAND: GET /session/bbf8399d9e363efb3412e2a9322d982b/screenshot - {}
RESULT: {}
COMMAND: POST /session/bbf8399d9e363efb3412e2a9322d982b/element - {"using":"xpath","value":"//button[@data-kt=\"btnAddTableRowOverflowToolbarButton\"]"}
RESULT: {"using":"xpath","value":"//button[@data-kt=\"btnAddTableRowOverflowToolbarButton\"]"}
COMMAND: POST /session/bbf8399d9e363efb3412e2a9322d982b/element/f.877C71D71840E3B44FFEE8E46F2453AC.d.36658F87E6F5ACC10FF2729E9C0AD855.e.4357/click - {}
RESULT: {}
COMMAND: GET /session/bbf8399d9e363efb3412e2a9322d982b/screenshot - {}
RESULT: {}
COMMAND: POST /session/bbf8399d9e363efb3412e2a9322d982b/element - {"using":"xpath","value":"//div[(text() = 'Standard Entry' or . = 'Standard Entry')]"}
RESULT: {"using":"xpath","value":"//div[(text() = 'Standard Entry' or . = 'Standard Entry')]"}
COMMAND: POST /session/bbf8399d9e363efb3412e2a9322d982b/element/f.877C71D71840E3B44FFEE8E46F2453AC.d.36658F87E6F5ACC10FF2729E9C0AD855.e.4359/click - {}
RESULT: {}
COMMAND: GET /session/bbf8399d9e363efb3412e2a9322d982b/screenshot - {}
RESULT: {}
COMMAND: POST /session/bbf8399d9e363efb3412e2a9322d982b/element - {"using":"xpath","value":"//td[6]/div/div/div/span"}
RESULT: {"using":"xpath","value":"//td[6]/div/div/div/span"}
COMMAND: POST /session/bbf8399d9e363efb3412e2a9322d982b/element/f.877C71D71840E3B44FFEE8E46F2453AC.d.36658F87E6F5ACC10FF2729E9C0AD855.e.4371/click - {}
RESULT: {}
COMMAND: GET /session/bbf8399d9e363efb3412e2a9322d982b/screenshot - {}
RESULT: {}
COMMAND: POST /session/bbf8399d9e363efb3412e2a9322d982b/element - {"using":"xpath","value":"(//span[contains(text(), \"Material\")])"}
RESULT: {"using":"xpath","value":"(//span[contains(text(), \"Material\")])"}
COMMAND: POST /session/bbf8399d9e363efb3412e2a9322d982b/element/f.877C71D71840E3B44FFEE8E46F2453AC.d.36658F87E6F5ACC10FF2729E9C0AD855.e.4372/click - {}
RESULT: {}
COMMAND: GET /session/bbf8399d9e363efb3412e2a9322d982b/screenshot - {}
RESULT: {}
COMMAND: POST /session/bbf8399d9e363efb3412e2a9322d982b/element - {"using":"xpath","value":"//td[7]/div/div/input"}
RESULT: {"using":"xpath","value":"//td[7]/div/div/input"}
COMMAND: POST /session/bbf8399d9e363efb3412e2a9322d982b/element/f.877C71D71840E3B44FFEE8E46F2453AC.d.36658F87E6F5ACC10FF2729E9C0AD855.e.4376/clear - {}
RESULT: {}
COMMAND: POST /session/bbf8399d9e363efb3412e2a9322d982b/element/f.877C71D71840E3B44FFEE8E46F2453AC.d.36658F87E6F5ACC10FF2729E9C0AD855.e.4376/value - {"text":"200271"}
COMMAND: GET /session/bbf8399d9e363efb3412e2a9322d982b/screenshot - {}
RESULT: {"text":"200271"}
COMMAND: GET /session/bbf8399d9e363efb3412e2a9322d982b/screenshot - {}
RESULT: {}
RESULT: {}
COMMAND: POST /session/bbf8399d9e363efb3412e2a9322d982b/actions - {"actions":[{"id":"action13","type":"key","parameters":{},"actions":[{"type":"keyDown","value":"î€‡"},{"type":"pause","duration":10},{"type":"keyUp","value":"î€‡"}]}]}
RESULT: {"actions":[{"id":"action13","type":"key","parameters":{},"actions":[{"type":"keyDown","value":"î€‡"},{"type":"pause","duration":10},{"type":"keyUp","value":"î€‡"}]}]}
COMMAND: GET /session/bbf8399d9e363efb3412e2a9322d982b/screenshot - {}
RESULT: {}
COMMAND: POST /session/bbf8399d9e363efb3412e2a9322d982b/execute/sync - {"script":"<script> [276 bytes]","args":["No pricing information was found"]}
RESULT: {"script":"<script> [276 bytes]","args":["No pricing information was found"]}
COMMAND: POST /session/bbf8399d9e363efb3412e2a9322d982b/element - {"using":"xpath","value":"//bdi[contains(text(), \"OK\")]"}
COMMAND: GET /session/bbf8399d9e363efb3412e2a9322d982b/screenshot - {}
RESULT: {"using":"xpath","value":"//bdi[contains(text(), \"OK\")]"}
COMMAND: POST /session/bbf8399d9e363efb3412e2a9322d982b/element/f.877C71D71840E3B44FFEE8E46F2453AC.d.36658F87E6F5ACC10FF2729E9C0AD855.e.4402/click - {}
RESULT: {}
RESULT: {}
COMMAND: GET /session/bbf8399d9e363efb3412e2a9322d982b/screenshot - {}
RESULT: {}
COMMAND: POST /session/bbf8399d9e363efb3412e2a9322d982b/element - {"using":"xpath","value":"(//button[@data-kt=\"saveButton\"])[2]"}
RESULT: {"using":"xpath","value":"(//button[@data-kt=\"saveButton\"])[2]"}
COMMAND: POST /session/bbf8399d9e363efb3412e2a9322d982b/element/f.877C71D71840E3B44FFEE8E46F2453AC.d.36658F87E6F5ACC10FF2729E9C0AD855.e.4403/click - {}
RESULT: {}
COMMAND: GET /session/bbf8399d9e363efb3412e2a9322d982b/screenshot - {}
RESULT: {}
COMMAND: POST /session/bbf8399d9e363efb3412e2a9322d982b/execute/sync - {"script":"<script> [276 bytes]","args":["Some contract items are having rental validity exceeding header rental validity"]}
RESULT: {"script":"<script> [276 bytes]","args":["Some contract items are having rental validity exceeding header rental validity"]}
COMMAND: GET /session/bbf8399d9e363efb3412e2a9322d982b/screenshot - {}
RESULT: {}
COMMAND: POST /session/bbf8399d9e363efb3412e2a9322d982b/element - {"using":"xpath","value":"//span[contains(@id ,\"contractItemsSmartTable-header-inner\")]"}
RESULT: {"using":"xpath","value":"//span[contains(@id ,\"contractItemsSmartTable-header-inner\")]"}
COMMAND: POST /session/bbf8399d9e363efb3412e2a9322d982b/elements - {"using":"xpath","value":"//span[contains(@id ,\"contractItemsSmartTable-header-inner\")]"}
RESULT: {"using":"xpath","value":"//span[contains(@id ,\"contractItemsSmartTable-header-inner\")]"}
COMMAND: POST /session/bbf8399d9e363efb3412e2a9322d982b/execute/sync - {"script":"<script> [56 bytes]","args":[{"element-6066-11e4-a52e-4f735466cecf":"f.877C71D71840E3B44FFEE8E46F2453AC.d.36658F87E6F5ACC10FF2729E9C0AD855.e.4408","ELEMENT":"f.877C71D71840E3B44FFEE8E46F2453AC.d.36658F87E6F5ACC10FF2729E9C0AD855.e.4408"}]}
RESULT: {"script":"<script> [56 bytes]","args":[{"element-6066-11e4-a52e-4f735466cecf":"f.877C71D71840E3B44FFEE8E46F2453AC.d.36658F87E6F5ACC10FF2729E9C0AD855.e.4408","ELEMENT":"f.877C71D71840E3B44FFEE8E46F2453AC.d.36658F87E6F5ACC10FF2729E9C0AD855.e.4408"}]}
COMMAND: GET /session/bbf8399d9e363efb3412e2a9322d982b/screenshot - {}
]]></system-out>
    </testcase>
    <testcase classname="chrome.136_0_7103_93.windows.Prerequisites_&amp;_test_for_yard_mass_return_on_Yard_Overview_US131057" name="Prerq Should do a provide to site handover" time="62.606">
      <system-out><![CDATA[
COMMAND: POST /session/bbf8399d9e363efb3412e2a9322d982b/element - {"using":"xpath","value":"//button[@data-kt=\"provideButton\"]"}
RESULT: {"using":"xpath","value":"//button[@data-kt=\"provideButton\"]"}
COMMAND: POST /session/bbf8399d9e363efb3412e2a9322d982b/element/f.877C71D71840E3B44FFEE8E46F2453AC.d.36658F87E6F5ACC10FF2729E9C0AD855.e.4409/click - {}
RESULT: {}
RESULT: {}
COMMAND: GET /session/bbf8399d9e363efb3412e2a9322d982b/screenshot - {}
RESULT: undefined
COMMAND: POST /session/bbf8399d9e363efb3412e2a9322d982b/execute/async - {"script":"<script> [6424 bytes]","args":[{"element-6066-11e4-a52e-4f735466cecf":"f.877C71D71840E3B44FFEE8E46F2453AC.d.36658F87E6F5ACC10FF2729E9C0AD855.e.3453"},"setValue",["5/18/25"]]}
RESULT: {}
COMMAND: POST /session/bbf8399d9e363efb3412e2a9322d982b/execute/async - {"script":"<script> [1562 bytes]","args":[{"selector":{"id":"application-managehandovers-display-component---AddNewHO--dueDate","interaction":{"idSuffix":"inner"}},"wdio_ui5_key":"applicationmanagehandovers-display-component---AddNewHO--dueDate"}]}
RESULT: {"script":"<script> [1562 bytes]","args":[{"selector":{"id":"application-managehandovers-display-component---AddNewHO--dueDate","interaction":{"idSuffix":"inner"}},"wdio_ui5_key":"applicationmanagehandovers-display-component---AddNewHO--dueDate"}]}
COMMAND: POST /session/bbf8399d9e363efb3412e2a9322d982b/execute/async - {"script":"<script> [6424 bytes]","args":[{"element-6066-11e4-a52e-4f735466cecf":"f.877C71D71840E3B44FFEE8E46F2453AC.d.36658F87E6F5ACC10FF2729E9C0AD855.e.4466"},"setValue",["5/18/25"]]}
RESULT: {"script":"<script> [6424 bytes]","args":[{"element-6066-11e4-a52e-4f735466cecf":"f.877C71D71840E3B44FFEE8E46F2453AC.d.36658F87E6F5ACC10FF2729E9C0AD855.e.4466"},"setValue",["5/18/25"]]}
COMMAND: POST /session/bbf8399d9e363efb3412e2a9322d982b/element - {"using":"xpath","value":"//bdi[contains(text(), \"Instructions\")]"}
RESULT: {"using":"xpath","value":"//bdi[contains(text(), \"Instructions\")]"}
COMMAND: POST /session/bbf8399d9e363efb3412e2a9322d982b/element/f.877C71D71840E3B44FFEE8E46F2453AC.d.36658F87E6F5ACC10FF2729E9C0AD855.e.4577/click - {}
RESULT: {}
COMMAND: GET /session/bbf8399d9e363efb3412e2a9322d982b/screenshot - {}
RESULT: {}
COMMAND: POST /session/bbf8399d9e363efb3412e2a9322d982b/element - {"using":"xpath","value":"//button[@data-kt=\"AddNewHOProvideAddItemsButton\"]"}
RESULT: {"using":"xpath","value":"//button[@data-kt=\"AddNewHOProvideAddItemsButton\"]"}
COMMAND: POST /session/bbf8399d9e363efb3412e2a9322d982b/element/f.877C71D71840E3B44FFEE8E46F2453AC.d.36658F87E6F5ACC10FF2729E9C0AD855.e.4581/click - {}
RESULT: {}
COMMAND: GET /session/bbf8399d9e363efb3412e2a9322d982b/screenshot - {}
RESULT: {}
RESULT: undefined
COMMAND: POST /session/bbf8399d9e363efb3412e2a9322d982b/element - {"using":"xpath","value":"//*[@id=\"application-managehandovers-display-component---AddNewHO--popup-sa\"]"}
RESULT: {"using":"xpath","value":"//*[@id=\"application-managehandovers-display-component---AddNewHO--popup-sa\"]"}
COMMAND: POST /session/bbf8399d9e363efb3412e2a9322d982b/element/f.877C71D71840E3B44FFEE8E46F2453AC.d.36658F87E6F5ACC10FF2729E9C0AD855.e.4590/click - {}
RESULT: {}
COMMAND: GET /session/bbf8399d9e363efb3412e2a9322d982b/screenshot - {}
RESULT: {}
COMMAND: POST /session/bbf8399d9e363efb3412e2a9322d982b/element - {"using":"xpath","value":"//*[contains(@id ,\"BDI-content\")][contains(text(), \"Select\")]"}
RESULT: {"using":"xpath","value":"//*[contains(@id ,\"BDI-content\")][contains(text(), \"Select\")]"}
COMMAND: POST /session/bbf8399d9e363efb3412e2a9322d982b/element/f.877C71D71840E3B44FFEE8E46F2453AC.d.36658F87E6F5ACC10FF2729E9C0AD855.e.4592/click - {}
RESULT: {}
COMMAND: GET /session/bbf8399d9e363efb3412e2a9322d982b/screenshot - {}
RESULT: {}
COMMAND: POST /session/bbf8399d9e363efb3412e2a9322d982b/execute/async - {"script":"<script> [1562 bytes]","args":[{"selector":{"id":"application-managehandovers-display-component---AddNewHO--confirmCreationButton","interaction":{"idSuffix":"BDI-content"}},"wdio_ui5_key":"applicationmanagehandovers-display-component---AddNewHO--confirmCreationButton"}]}
RESULT: {"script":"<script> [1562 bytes]","args":[{"selector":{"id":"application-managehandovers-display-component---AddNewHO--confirmCreationButton","interaction":{"idSuffix":"BDI-content"}},"wdio_ui5_key":"applicationmanagehandovers-display-component---AddNewHO--confirmCreationButton"}]}
RESULT: undefined
COMMAND: POST /session/bbf8399d9e363efb3412e2a9322d982b/element - {"using":"xpath","value":"//*[@id=\"application-managehandovers-display-component---AddNewHO--confirmCreationButton\"]"}
RESULT: {"using":"xpath","value":"//*[@id=\"application-managehandovers-display-component---AddNewHO--confirmCreationButton\"]"}
COMMAND: POST /session/bbf8399d9e363efb3412e2a9322d982b/element/f.877C71D71840E3B44FFEE8E46F2453AC.d.36658F87E6F5ACC10FF2729E9C0AD855.e.4536/click - {}
RESULT: {}
COMMAND: GET /session/bbf8399d9e363efb3412e2a9322d982b/screenshot - {}
RESULT: {}
COMMAND: POST /session/bbf8399d9e363efb3412e2a9322d982b/execute/async - {"script":"<script> [1562 bytes]","args":[{"selector":{"id":"issueDatePicker","viewName":"etm.portal.ui.managehandovers.view.DetailExecuteHO","interaction":{"idSuffix":"inner"}},"wdio_ui5_key":"issueDatePickeretmportal.ui.managehandovers.view.DetailExecuteHO"}]}
RESULT: {"script":"<script> [1562 bytes]","args":[{"selector":{"id":"issueDatePicker","viewName":"etm.portal.ui.managehandovers.view.DetailExecuteHO","interaction":{"idSuffix":"inner"}},"wdio_ui5_key":"issueDatePickeretmportal.ui.managehandovers.view.DetailExecuteHO"}]}
RESULT: undefined
COMMAND: POST /session/bbf8399d9e363efb3412e2a9322d982b/execute/async - {"script":"<script> [776 bytes]","args":[{"enterText":"5/18/25","selector":{"id":"issueDatePicker","viewName":"etm.portal.ui.managehandovers.view.DetailExecuteHO","interaction":{"idSuffix":"inner"}},"clearTextFirst":true,"interactionType":"ENTER_TEXT"}]}
RESULT: {"script":"<script> [776 bytes]","args":[{"enterText":"5/18/25","selector":{"id":"issueDatePicker","viewName":"etm.portal.ui.managehandovers.view.DetailExecuteHO","interaction":{"idSuffix":"inner"}},"clearTextFirst":true,"interactionType":"ENTER_TEXT"}]}
COMMAND: POST /session/bbf8399d9e363efb3412e2a9322d982b/element - {"using":"xpath","value":"//bdi[contains(text(), \"OK\")]"}
RESULT: {"using":"xpath","value":"//bdi[contains(text(), \"OK\")]"}
COMMAND: POST /session/bbf8399d9e363efb3412e2a9322d982b/element/f.877C71D71840E3B44FFEE8E46F2453AC.d.36658F87E6F5ACC10FF2729E9C0AD855.e.4638/click - {}
RESULT: {}
COMMAND: GET /session/bbf8399d9e363efb3412e2a9322d982b/screenshot - {}
RESULT: {}
COMMAND: POST /session/bbf8399d9e363efb3412e2a9322d982b/element - {"using":"xpath","value":"//button[@data-kt=\"PickingTableConfirmAllButton\"]"}
RESULT: {"using":"xpath","value":"//button[@data-kt=\"PickingTableConfirmAllButton\"]"}
COMMAND: POST /session/bbf8399d9e363efb3412e2a9322d982b/element/f.877C71D71840E3B44FFEE8E46F2453AC.d.36658F87E6F5ACC10FF2729E9C0AD855.e.4645/click - {}
RESULT: {}
COMMAND: GET /session/bbf8399d9e363efb3412e2a9322d982b/screenshot - {}
RESULT: {}
COMMAND: POST /session/bbf8399d9e363efb3412e2a9322d982b/element - {"using":"xpath","value":"//bdi[contains(text(), \"OK\")]"}
RESULT: {"using":"xpath","value":"//bdi[contains(text(), \"OK\")]"}
COMMAND: POST /session/bbf8399d9e363efb3412e2a9322d982b/element/f.877C71D71840E3B44FFEE8E46F2453AC.d.36658F87E6F5ACC10FF2729E9C0AD855.e.4649/click - {}
RESULT: {}
COMMAND: GET /session/bbf8399d9e363efb3412e2a9322d982b/screenshot - {}
RESULT: {}
COMMAND: POST /session/bbf8399d9e363efb3412e2a9322d982b/element - {"using":"xpath","value":"//bdi[contains(text(), \"Issue\")]"}
RESULT: {"using":"xpath","value":"//bdi[contains(text(), \"Issue\")]"}
COMMAND: POST /session/bbf8399d9e363efb3412e2a9322d982b/element/f.877C71D71840E3B44FFEE8E46F2453AC.d.36658F87E6F5ACC10FF2729E9C0AD855.e.4650/click - {}
RESULT: {}
COMMAND: GET /session/bbf8399d9e363efb3412e2a9322d982b/screenshot - {}
RESULT: {}
COMMAND: POST /session/bbf8399d9e363efb3412e2a9322d982b/element - {"using":"css selector","value":"#shell-header-logo"}
RESULT: {"using":"css selector","value":"#shell-header-logo"}
COMMAND: POST /session/bbf8399d9e363efb3412e2a9322d982b/element/f.877C71D71840E3B44FFEE8E46F2453AC.d.36658F87E6F5ACC10FF2729E9C0AD855.e.3844/click - {}
RESULT: {}
COMMAND: GET /session/bbf8399d9e363efb3412e2a9322d982b/screenshot - {}
RESULT: {}
]]></system-out>
    </testcase>
    <testcase classname="chrome.136_0_7103_93.windows.Prerequisites_&amp;_test_for_yard_mass_return_on_Yard_Overview_US131057" name="Should do mass return on Yard Overview US131057" time="55.948">
      <system-out><![CDATA[
COMMAND: POST /session/bbf8399d9e363efb3412e2a9322d982b/execute/async - {"script":"<script> [1562 bytes]","args":[{"selector":{"controlType":"sap.m.GenericTile","properties":{"header":"Yard Overview"}},"wdio_ui5_key":"sapm.GenericTile{\"header\":\"Yard Overview\"}"}]}
RESULT: {"script":"<script> [1562 bytes]","args":[{"selector":{"controlType":"sap.m.GenericTile","properties":{"header":"Yard Overview"}},"wdio_ui5_key":"sapm.GenericTile{\"header\":\"Yard Overview\"}"}]}
RESULT: undefined
COMMAND: POST /session/bbf8399d9e363efb3412e2a9322d982b/element - {"using":"xpath","value":"//*[@id=\"__tile102\"]"}
RESULT: {"using":"xpath","value":"//*[@id=\"__tile102\"]"}
COMMAND: POST /session/bbf8399d9e363efb3412e2a9322d982b/element/f.877C71D71840E3B44FFEE8E46F2453AC.d.36658F87E6F5ACC10FF2729E9C0AD855.e.4846/click - {}
RESULT: {}
COMMAND: GET /session/bbf8399d9e363efb3412e2a9322d982b/screenshot - {}
RESULT: {}
COMMAND: POST /session/bbf8399d9e363efb3412e2a9322d982b/elements - {"using":"xpath","value":"//span[text()='Error']"}
RESULT: {"using":"xpath","value":"//span[text()='Error']"}
COMMAND: POST /session/bbf8399d9e363efb3412e2a9322d982b/element - {"using":"xpath","value":"//input[contains(@id,\"application-yardoverview-display-component---masterYardInventory--smartFilterBar-btnBasicSearch-I\")]"}
RESULT: {"using":"xpath","value":"//input[contains(@id,\"application-yardoverview-display-component---masterYardInventory--smartFilterBar-btnBasicSearch-I\")]"}
COMMAND: POST /session/bbf8399d9e363efb3412e2a9322d982b/elements - {"using":"xpath","value":"//input[contains(@id,\"application-yardoverview-display-component---masterYardInventory--smartFilterBar-btnBasicSearch-I\")]"}
RESULT: {"using":"xpath","value":"//input[contains(@id,\"application-yardoverview-display-component---masterYardInventory--smartFilterBar-btnBasicSearch-I\")]"}
COMMAND: POST /session/bbf8399d9e363efb3412e2a9322d982b/execute/sync - {"script":"<script> [8489 bytes]","args":[{"element-6066-11e4-a52e-4f735466cecf":"f.877C71D71840E3B44FFEE8E46F2453AC.d.36658F87E6F5ACC10FF2729E9C0AD855.e.4853","ELEMENT":"f.877C71D71840E3B44FFEE8E46F2453AC.d.36658F87E6F5ACC10FF2729E9C0AD855.e.4853"}]}
RESULT: {"script":"<script> [8489 bytes]","args":[{"element-6066-11e4-a52e-4f735466cecf":"f.877C71D71840E3B44FFEE8E46F2453AC.d.36658F87E6F5ACC10FF2729E9C0AD855.e.4853","ELEMENT":"f.877C71D71840E3B44FFEE8E46F2453AC.d.36658F87E6F5ACC10FF2729E9C0AD855.e.4853"}]}
COMMAND: GET /session/bbf8399d9e363efb3412e2a9322d982b/element/f.877C71D71840E3B44FFEE8E46F2453AC.d.36658F87E6F5ACC10FF2729E9C0AD855.e.4853/enabled - {}
COMMAND: GET /session/bbf8399d9e363efb3412e2a9322d982b/screenshot - {}
RESULT: {}
COMMAND: POST /session/bbf8399d9e363efb3412e2a9322d982b/execute/sync - {"script":"<script> [8489 bytes]","args":[{"element-6066-11e4-a52e-4f735466cecf":"f.877C71D71840E3B44FFEE8E46F2453AC.d.36658F87E6F5ACC10FF2729E9C0AD855.e.4853","ELEMENT":"f.877C71D71840E3B44FFEE8E46F2453AC.d.36658F87E6F5ACC10FF2729E9C0AD855.e.4853"}]}
COMMAND: GET /session/bbf8399d9e363efb3412e2a9322d982b/screenshot - {}
RESULT: {}
RESULT: {"script":"<script> [8489 bytes]","args":[{"element-6066-11e4-a52e-4f735466cecf":"f.877C71D71840E3B44FFEE8E46F2453AC.d.36658F87E6F5ACC10FF2729E9C0AD855.e.4853","ELEMENT":"f.877C71D71840E3B44FFEE8E46F2453AC.d.36658F87E6F5ACC10FF2729E9C0AD855.e.4853"}]}
COMMAND: POST /session/bbf8399d9e363efb3412e2a9322d982b/execute/sync - {"script":"<script> [5351 bytes]","args":[{"element-6066-11e4-a52e-4f735466cecf":"f.877C71D71840E3B44FFEE8E46F2453AC.d.36658F87E6F5ACC10FF2729E9C0AD855.e.4853","ELEMENT":"f.877C71D71840E3B44FFEE8E46F2453AC.d.36658F87E6F5ACC10FF2729E9C0AD855.e.4853"}]}
COMMAND: GET /session/bbf8399d9e363efb3412e2a9322d982b/screenshot - {}
RESULT: {}
RESULT: {"script":"<script> [5351 bytes]","args":[{"element-6066-11e4-a52e-4f735466cecf":"f.877C71D71840E3B44FFEE8E46F2453AC.d.36658F87E6F5ACC10FF2729E9C0AD855.e.4853","ELEMENT":"f.877C71D71840E3B44FFEE8E46F2453AC.d.36658F87E6F5ACC10FF2729E9C0AD855.e.4853"}]}
COMMAND: GET /session/bbf8399d9e363efb3412e2a9322d982b/screenshot - {}
RESULT: {}
RESULT: {}
COMMAND: POST /session/bbf8399d9e363efb3412e2a9322d982b/execute/async - {"script":"<script> [1562 bytes]","args":[{"selector":{"id":"application-yardoverview-display-component---masterYardInventory--smartFilterBar-btnBasicSearch","interaction":{"idSuffix":"I"}},"wdio_ui5_key":"applicationyardoverview-display-component---masterYardInventory--smartFilterBar-btnBasicSearch"}]}
RESULT: {"script":"<script> [1562 bytes]","args":[{"selector":{"id":"application-yardoverview-display-component---masterYardInventory--smartFilterBar-btnBasicSearch","interaction":{"idSuffix":"I"}},"wdio_ui5_key":"applicationyardoverview-display-component---masterYardInventory--smartFilterBar-btnBasicSearch"}]}
RESULT: undefined
COMMAND: POST /session/bbf8399d9e363efb3412e2a9322d982b/execute/async - {"script":"<script> [776 bytes]","args":[{"enterText":"522","selector":{"id":"application-yardoverview-display-component---masterYardInventory--smartFilterBar-btnBasicSearch","interaction":{"idSuffix":"I"}},"clearTextFirst":true,"interactionType":"ENTER_TEXT"}]}
RESULT: {"script":"<script> [776 bytes]","args":[{"enterText":"522","selector":{"id":"application-yardoverview-display-component---masterYardInventory--smartFilterBar-btnBasicSearch","interaction":{"idSuffix":"I"}},"clearTextFirst":true,"interactionType":"ENTER_TEXT"}]}
COMMAND: POST /session/bbf8399d9e363efb3412e2a9322d982b/actions - {"actions":[{"id":"action14","type":"key","parameters":{},"actions":[{"type":"keyDown","value":"î€‡"},{"type":"pause","duration":10},{"type":"keyUp","value":"î€‡"}]}]}
RESULT: {"actions":[{"id":"action14","type":"key","parameters":{},"actions":[{"type":"keyDown","value":"î€‡"},{"type":"pause","duration":10},{"type":"keyUp","value":"î€‡"}]}]}
COMMAND: GET /session/bbf8399d9e363efb3412e2a9322d982b/screenshot - {}
RESULT: {}
COMMAND: POST /session/bbf8399d9e363efb3412e2a9322d982b/element - {"using":"xpath","value":"(//span[contains(@id, \"imgNav\")])[1]"}
RESULT: {"using":"xpath","value":"(//span[contains(@id, \"imgNav\")])[1]"}
COMMAND: POST /session/bbf8399d9e363efb3412e2a9322d982b/element/f.877C71D71840E3B44FFEE8E46F2453AC.d.36658F87E6F5ACC10FF2729E9C0AD855.e.4916/click - {}
RESULT: {}
COMMAND: GET /session/bbf8399d9e363efb3412e2a9322d982b/screenshot - {}
RESULT: {}
COMMAND: POST /session/bbf8399d9e363efb3412e2a9322d982b/execute/async - {"script":"<script> [1562 bytes]","args":[{"selector":{"id":"application-yardoverview-display-component---detailYardInventory--ObjectPageLayout-anchBar-application-yardoverview-display-component---detailYardInventory--openReturnsSection-anchor","interaction":{"idSuffix":"BDI-content"}},"wdio_ui5_key":"applicationyardoverview-display-component---detailYardInventory--ObjectPageLayout-anchBar-application-yardoverview-display-component---detailYardInventory--openReturnsSection-anchor"}]}
RESULT: {"script":"<script> [1562 bytes]","args":[{"selector":{"id":"application-yardoverview-display-component---detailYardInventory--ObjectPageLayout-anchBar-application-yardoverview-display-component---detailYardInventory--openReturnsSection-anchor","interaction":{"idSuffix":"BDI-content"}},"wdio_ui5_key":"applicationyardoverview-display-component---detailYardInventory--ObjectPageLayout-anchBar-application-yardoverview-display-component---detailYardInventory--openReturnsSection-anchor"}]}
RESULT: undefined
COMMAND: POST /session/bbf8399d9e363efb3412e2a9322d982b/element - {"using":"xpath","value":"//*[@id=\"application-yardoverview-display-component---detailYardInventory--ObjectPageLayout-anchBar-application-yardoverview-display-component---detailYardInventory--openReturnsSection-anchor\"]"}
RESULT: {"using":"xpath","value":"//*[@id=\"application-yardoverview-display-component---detailYardInventory--ObjectPageLayout-anchBar-application-yardoverview-display-component---detailYardInventory--openReturnsSection-anchor\"]"}
COMMAND: POST /session/bbf8399d9e363efb3412e2a9322d982b/element/f.877C71D71840E3B44FFEE8E46F2453AC.d.36658F87E6F5ACC10FF2729E9C0AD855.e.5001/click - {}
RESULT: {}
COMMAND: GET /session/bbf8399d9e363efb3412e2a9322d982b/screenshot - {}
RESULT: {}
COMMAND: POST /session/bbf8399d9e363efb3412e2a9322d982b/execute/async - {"script":"<script> [1562 bytes]","args":[{"selector":{"id":"application-yardoverview-display-component---detailYardInventory--openReturns-triggerAction-returnBtn","interaction":{"idSuffix":"BDI-content"}},"wdio_ui5_key":"applicationyardoverview-display-component---detailYardInventory--openReturns-triggerAction-returnBtn"}]}
RESULT: {"script":"<script> [1562 bytes]","args":[{"selector":{"id":"application-yardoverview-display-component---detailYardInventory--openReturns-triggerAction-returnBtn","interaction":{"idSuffix":"BDI-content"}},"wdio_ui5_key":"applicationyardoverview-display-component---detailYardInventory--openReturns-triggerAction-returnBtn"}]}
RESULT: undefined
COMMAND: POST /session/bbf8399d9e363efb3412e2a9322d982b/element - {"using":"xpath","value":"//*[@id=\"application-yardoverview-display-component---detailYardInventory--openReturns-triggerAction-returnBtn\"]"}
RESULT: {"using":"xpath","value":"//*[@id=\"application-yardoverview-display-component---detailYardInventory--openReturns-triggerAction-returnBtn\"]"}
COMMAND: POST /session/bbf8399d9e363efb3412e2a9322d982b/element/f.877C71D71840E3B44FFEE8E46F2453AC.d.36658F87E6F5ACC10FF2729E9C0AD855.e.5024/click - {}
RESULT: {}
COMMAND: GET /session/bbf8399d9e363efb3412e2a9322d982b/screenshot - {}
RESULT: {}
COMMAND: POST /session/bbf8399d9e363efb3412e2a9322d982b/element - {"using":"xpath","value":"//div[@id=\"application-yardoverview-display-component---detailYardInventory--customReturnsTable-sa-CbBg\"]"}
RESULT: {"using":"xpath","value":"//div[@id=\"application-yardoverview-display-component---detailYardInventory--customReturnsTable-sa-CbBg\"]"}
COMMAND: POST /session/bbf8399d9e363efb3412e2a9322d982b/execute/sync - {"script":"<script> [8489 bytes]","args":[{"element-6066-11e4-a52e-4f735466cecf":"f.877C71D71840E3B44FFEE8E46F2453AC.d.36658F87E6F5ACC10FF2729E9C0AD855.e.5042","ELEMENT":"f.877C71D71840E3B44FFEE8E46F2453AC.d.36658F87E6F5ACC10FF2729E9C0AD855.e.5042"}]}
RESULT: {"script":"<script> [8489 bytes]","args":[{"element-6066-11e4-a52e-4f735466cecf":"f.877C71D71840E3B44FFEE8E46F2453AC.d.36658F87E6F5ACC10FF2729E9C0AD855.e.5042","ELEMENT":"f.877C71D71840E3B44FFEE8E46F2453AC.d.36658F87E6F5ACC10FF2729E9C0AD855.e.5042"}]}
COMMAND: POST /session/bbf8399d9e363efb3412e2a9322d982b/execute/sync - {"script":"<script> [5351 bytes]","args":[{"element-6066-11e4-a52e-4f735466cecf":"f.877C71D71840E3B44FFEE8E46F2453AC.d.36658F87E6F5ACC10FF2729E9C0AD855.e.5042","ELEMENT":"f.877C71D71840E3B44FFEE8E46F2453AC.d.36658F87E6F5ACC10FF2729E9C0AD855.e.5042"}]}
COMMAND: GET /session/bbf8399d9e363efb3412e2a9322d982b/screenshot - {}
RESULT: {"script":"<script> [5351 bytes]","args":[{"element-6066-11e4-a52e-4f735466cecf":"f.877C71D71840E3B44FFEE8E46F2453AC.d.36658F87E6F5ACC10FF2729E9C0AD855.e.5042","ELEMENT":"f.877C71D71840E3B44FFEE8E46F2453AC.d.36658F87E6F5ACC10FF2729E9C0AD855.e.5042"}]}
COMMAND: POST /session/bbf8399d9e363efb3412e2a9322d982b/element/f.877C71D71840E3B44FFEE8E46F2453AC.d.36658F87E6F5ACC10FF2729E9C0AD855.e.5042/click - {}
COMMAND: GET /session/bbf8399d9e363efb3412e2a9322d982b/screenshot - {}
RESULT: {}
RESULT: {}
COMMAND: GET /session/bbf8399d9e363efb3412e2a9322d982b/screenshot - {}
RESULT: {}
RESULT: {}
COMMAND: POST /session/bbf8399d9e363efb3412e2a9322d982b/actions - {"actions":[{"id":"action15","type":"key","parameters":{},"actions":[{"type":"keyDown","value":"î€‡"},{"type":"pause","duration":10},{"type":"keyUp","value":"î€‡"}]}]}
RESULT: {"actions":[{"id":"action15","type":"key","parameters":{},"actions":[{"type":"keyDown","value":"î€‡"},{"type":"pause","duration":10},{"type":"keyUp","value":"î€‡"}]}]}
COMMAND: POST /session/bbf8399d9e363efb3412e2a9322d982b/element - {"using":"xpath","value":"//bdi[text()=\"Return\"]"}
COMMAND: GET /session/bbf8399d9e363efb3412e2a9322d982b/screenshot - {}
RESULT: {"using":"xpath","value":"//bdi[text()=\"Return\"]"}
COMMAND: POST /session/bbf8399d9e363efb3412e2a9322d982b/execute/sync - {"script":"<script> [8489 bytes]","args":[{"element-6066-11e4-a52e-4f735466cecf":"f.877C71D71840E3B44FFEE8E46F2453AC.d.36658F87E6F5ACC10FF2729E9C0AD855.e.5023","ELEMENT":"f.877C71D71840E3B44FFEE8E46F2453AC.d.36658F87E6F5ACC10FF2729E9C0AD855.e.5023"}]}
RESULT: {}
RESULT: {"script":"<script> [8489 bytes]","args":[{"element-6066-11e4-a52e-4f735466cecf":"f.877C71D71840E3B44FFEE8E46F2453AC.d.36658F87E6F5ACC10FF2729E9C0AD855.e.5023","ELEMENT":"f.877C71D71840E3B44FFEE8E46F2453AC.d.36658F87E6F5ACC10FF2729E9C0AD855.e.5023"}]}
COMMAND: POST /session/bbf8399d9e363efb3412e2a9322d982b/execute/sync - {"script":"<script> [5351 bytes]","args":[{"element-6066-11e4-a52e-4f735466cecf":"f.877C71D71840E3B44FFEE8E46F2453AC.d.36658F87E6F5ACC10FF2729E9C0AD855.e.5023","ELEMENT":"f.877C71D71840E3B44FFEE8E46F2453AC.d.36658F87E6F5ACC10FF2729E9C0AD855.e.5023"}]}
COMMAND: GET /session/bbf8399d9e363efb3412e2a9322d982b/screenshot - {}
RESULT: {"script":"<script> [5351 bytes]","args":[{"element-6066-11e4-a52e-4f735466cecf":"f.877C71D71840E3B44FFEE8E46F2453AC.d.36658F87E6F5ACC10FF2729E9C0AD855.e.5023","ELEMENT":"f.877C71D71840E3B44FFEE8E46F2453AC.d.36658F87E6F5ACC10FF2729E9C0AD855.e.5023"}]}
COMMAND: POST /session/bbf8399d9e363efb3412e2a9322d982b/element/f.877C71D71840E3B44FFEE8E46F2453AC.d.36658F87E6F5ACC10FF2729E9C0AD855.e.5023/click - {}
COMMAND: GET /session/bbf8399d9e363efb3412e2a9322d982b/screenshot - {}
RESULT: {}
RESULT: {}
COMMAND: POST /session/bbf8399d9e363efb3412e2a9322d982b/execute/async - {"script":"<script> [1562 bytes]","args":[{"selector":{"controlType":"sap.m.Text","properties":{"text":"Mass Create Handovers process was executed with success!"},"searchOpenDialogs":true},"wdio_ui5_key":"sapm.Text{\"text\":\"Mass Create Handovers process was executed with success!\"}"}]}
COMMAND: GET /session/bbf8399d9e363efb3412e2a9322d982b/screenshot - {}
RESULT: {}
RESULT: {"script":"<script> [1562 bytes]","args":[{"selector":{"controlType":"sap.m.Text","properties":{"text":"Mass Create Handovers process was executed with success!"},"searchOpenDialogs":true},"wdio_ui5_key":"sapm.Text{\"text\":\"Mass Create Handovers process was executed with success!\"}"}]}
RESULT: undefined
COMMAND: POST /session/bbf8399d9e363efb3412e2a9322d982b/execute/async - {"script":"<script> [6424 bytes]","args":[{"element-6066-11e4-a52e-4f735466cecf":"f.877C71D71840E3B44FFEE8E46F2453AC.d.36658F87E6F5ACC10FF2729E9C0AD855.e.5045"},"getText",[]]}
RESULT: {}
RESULT: {"script":"<script> [6424 bytes]","args":[{"element-6066-11e4-a52e-4f735466cecf":"f.877C71D71840E3B44FFEE8E46F2453AC.d.36658F87E6F5ACC10FF2729E9C0AD855.e.5045"},"getText",[]]}
COMMAND: POST /session/bbf8399d9e363efb3412e2a9322d982b/execute/async - {"script":"<script> [1562 bytes]","args":[{"selector":{"controlType":"sap.m.Button","properties":{"text":"OK"},"searchOpenDialogs":true,"interaction":{"idSuffix":"BDI-content"}},"wdio_ui5_key":"sapm.Button{\"text\":\"OK\"}"}]}
RESULT: {"script":"<script> [1562 bytes]","args":[{"selector":{"controlType":"sap.m.Button","properties":{"text":"OK"},"searchOpenDialogs":true,"interaction":{"idSuffix":"BDI-content"}},"wdio_ui5_key":"sapm.Button{\"text\":\"OK\"}"}]}
RESULT: undefined
COMMAND: POST /session/bbf8399d9e363efb3412e2a9322d982b/element - {"using":"xpath","value":"//*[@id=\"__mbox-btn-8\"]"}
RESULT: {"using":"xpath","value":"//*[@id=\"__mbox-btn-8\"]"}
COMMAND: POST /session/bbf8399d9e363efb3412e2a9322d982b/element/f.877C71D71840E3B44FFEE8E46F2453AC.d.36658F87E6F5ACC10FF2729E9C0AD855.e.5044/click - {}
RESULT: {}
COMMAND: GET /session/bbf8399d9e363efb3412e2a9322d982b/screenshot - {}
RESULT: {}
COMMAND: POST /session/bbf8399d9e363efb3412e2a9322d982b/execute/async - {"script":"<script> [1562 bytes]","args":[{"selector":{"controlType":"sap.m.Text","viewName":"etm.portal.ui.yardoverview.view.Detail","viewId":"application-yardoverview-display-component---detailYardInventory","bindingPath":{"path":"","propertyPath":"STATUS_DESC"}},"wdio_ui5_key":"etmportal.ui.yardoverview.view.Detailsap.m.Text{\"path\":\"\",\"propertyPath\":\"STATUS_DESC\"}"}]}
RESULT: {"script":"<script> [1562 bytes]","args":[{"selector":{"controlType":"sap.m.Text","viewName":"etm.portal.ui.yardoverview.view.Detail","viewId":"application-yardoverview-display-component---detailYardInventory","bindingPath":{"path":"","propertyPath":"STATUS_DESC"}},"wdio_ui5_key":"etmportal.ui.yardoverview.view.Detailsap.m.Text{\"path\":\"\",\"propertyPath\":\"STATUS_DESC\"}"}]}
RESULT: undefined
COMMAND: POST /session/bbf8399d9e363efb3412e2a9322d982b/execute/async - {"script":"<script> [6424 bytes]","args":[{"element-6066-11e4-a52e-4f735466cecf":"f.877C71D71840E3B44FFEE8E46F2453AC.d.36658F87E6F5ACC10FF2729E9C0AD855.e.5047"},"getText",[]]}
RESULT: {"script":"<script> [6424 bytes]","args":[{"element-6066-11e4-a52e-4f735466cecf":"f.877C71D71840E3B44FFEE8E46F2453AC.d.36658F87E6F5ACC10FF2729E9C0AD855.e.5047"},"getText",[]]}
COMMAND: POST /session/bbf8399d9e363efb3412e2a9322d982b/element - {"using":"css selector","value":"#shell-header-logo"}
RESULT: {"using":"css selector","value":"#shell-header-logo"}
COMMAND: POST /session/bbf8399d9e363efb3412e2a9322d982b/element/f.877C71D71840E3B44FFEE8E46F2453AC.d.36658F87E6F5ACC10FF2729E9C0AD855.e.4849/click - {}
RESULT: {}
COMMAND: GET /session/bbf8399d9e363efb3412e2a9322d982b/screenshot - {}
RESULT: {}
COMMAND: POST /session/bbf8399d9e363efb3412e2a9322d982b/element - {"using":"css selector","value":"#j_username"}
COMMAND: POST /session/bbf8399d9e363efb3412e2a9322d982b/url - {"url":"https://qa-testing-00-live-etm-ui.cfapps.eu10-004.hana.ondemand.com/"}
RESULT: {"using":"css selector","value":"#j_username"}
COMMAND: POST /session/bbf8399d9e363efb3412e2a9322d982b/element - {"using":"css selector","value":"#j_username"}
RESULT: {"url":"https://qa-testing-00-live-etm-ui.cfapps.eu10-004.hana.ondemand.com/"}
RESULT: undefined
COMMAND: GET /session/bbf8399d9e363efb3412e2a9322d982b/screenshot - {}
RESULT: {"using":"css selector","value":"#j_username"}
COMMAND: POST /session/bbf8399d9e363efb3412e2a9322d982b/element - {"using":"css selector","value":"#shell-header-logo"}
RESULT: {}
RESULT: {"using":"css selector","value":"#shell-header-logo"}
COMMAND: POST /session/bbf8399d9e363efb3412e2a9322d982b/execute/sync - {"script":"<script> [8489 bytes]","args":[{"element-6066-11e4-a52e-4f735466cecf":"f.877C71D71840E3B44FFEE8E46F2453AC.d.BA834E8EA888F0958D8418C833CD3D7F.e.5064","ELEMENT":"f.877C71D71840E3B44FFEE8E46F2453AC.d.BA834E8EA888F0958D8418C833CD3D7F.e.5064"}]}
RESULT: {"script":"<script> [8489 bytes]","args":[{"element-6066-11e4-a52e-4f735466cecf":"f.877C71D71840E3B44FFEE8E46F2453AC.d.BA834E8EA888F0958D8418C833CD3D7F.e.5064","ELEMENT":"f.877C71D71840E3B44FFEE8E46F2453AC.d.BA834E8EA888F0958D8418C833CD3D7F.e.5064"}]}
COMMAND: POST /session/bbf8399d9e363efb3412e2a9322d982b/element - {"using":"css selector","value":"#shell-header-logo"}
COMMAND: GET /session/bbf8399d9e363efb3412e2a9322d982b/screenshot - {}
RESULT: {"using":"css selector","value":"#shell-header-logo"}
COMMAND: POST /session/bbf8399d9e363efb3412e2a9322d982b/execute/sync - {"script":"<script> [8489 bytes]","args":[{"element-6066-11e4-a52e-4f735466cecf":"f.877C71D71840E3B44FFEE8E46F2453AC.d.BA834E8EA888F0958D8418C833CD3D7F.e.5064","ELEMENT":"f.877C71D71840E3B44FFEE8E46F2453AC.d.BA834E8EA888F0958D8418C833CD3D7F.e.5064"}]}
RESULT: {}
RESULT: {"script":"<script> [8489 bytes]","args":[{"element-6066-11e4-a52e-4f735466cecf":"f.877C71D71840E3B44FFEE8E46F2453AC.d.BA834E8EA888F0958D8418C833CD3D7F.e.5064","ELEMENT":"f.877C71D71840E3B44FFEE8E46F2453AC.d.BA834E8EA888F0958D8418C833CD3D7F.e.5064"}]}
COMMAND: POST /session/bbf8399d9e363efb3412e2a9322d982b/execute/sync - {"script":"<script> [5351 bytes]","args":[{"element-6066-11e4-a52e-4f735466cecf":"f.877C71D71840E3B44FFEE8E46F2453AC.d.BA834E8EA888F0958D8418C833CD3D7F.e.5064","ELEMENT":"f.877C71D71840E3B44FFEE8E46F2453AC.d.BA834E8EA888F0958D8418C833CD3D7F.e.5064"}]}
COMMAND: GET /session/bbf8399d9e363efb3412e2a9322d982b/screenshot - {}
RESULT: {"script":"<script> [5351 bytes]","args":[{"element-6066-11e4-a52e-4f735466cecf":"f.877C71D71840E3B44FFEE8E46F2453AC.d.BA834E8EA888F0958D8418C833CD3D7F.e.5064","ELEMENT":"f.877C71D71840E3B44FFEE8E46F2453AC.d.BA834E8EA888F0958D8418C833CD3D7F.e.5064"}]}
COMMAND: POST /session/bbf8399d9e363efb3412e2a9322d982b/element - {"using":"css selector","value":"#shell-header-logo"}
COMMAND: GET /session/bbf8399d9e363efb3412e2a9322d982b/screenshot - {}
RESULT: {}
RESULT: {"using":"css selector","value":"#shell-header-logo"}
COMMAND: POST /session/bbf8399d9e363efb3412e2a9322d982b/element/f.877C71D71840E3B44FFEE8E46F2453AC.d.BA834E8EA888F0958D8418C833CD3D7F.e.5064/click - {}
RESULT: {}
RESULT: {}
COMMAND: GET /session/bbf8399d9e363efb3412e2a9322d982b/screenshot - {}
RESULT: {}
COMMAND: POST /session/bbf8399d9e363efb3412e2a9322d982b/execute/async - {"script":"<script> [189 bytes]","args":[]}
RESULT: {"script":"<script> [189 bytes]","args":[]}
COMMAND: POST /session/bbf8399d9e363efb3412e2a9322d982b/execute/async - {"script":"<script> [123 bytes]","args":[]}
RESULT: {"script":"<script> [123 bytes]","args":[]}
COMMAND: POST /session/bbf8399d9e363efb3412e2a9322d982b/timeouts - {"script":"<number>"}
RESULT: {"script":"<number>"}
COMMAND: GET /session/bbf8399d9e363efb3412e2a9322d982b/timeouts - {}
RESULT: {}
RESULT: undefined
COMMAND: POST /session/bbf8399d9e363efb3412e2a9322d982b/execute/async - {"script":"<script> [2676 bytes]","args":[]}
RESULT: {"script":"<script> [2676 bytes]","args":[]}
COMMAND: POST /session/bbf8399d9e363efb3412e2a9322d982b/execute/async - {"script":"<script> [2342 bytes]","args":[{"protocol":"http","hostname":"0.0.0.0","path":"/","capabilities":{"browserName":"chrome","goog:chromeOptions":{"binary":"C:\\Program Files\\Google\\Chrome\\Application\\chrome.exe","args":["--start-maximized"]}},"logLevel":"warn","connectionRetryTimeout":120000,"connectionRetryCount":3,"logLevels":{},"enableDirectConnect":true,"strictSSL":true,"_":"65 more keys: [\"cacheDir\",\"port\",\"requestedCapabilities\",\"automationProtocol\",\"baseUrl\",\"waitforInterval\",\"waitforTimeout\",\"onReload\",\"beforeCommand\",\"afterCommand\",\"rootDir\",\"specs\",\"suites\",\"exclude\",\"groupLogsByTestSpec\",\"excludeDriverLogs\",\"bail\",\"framework\",\"reporters\",\"services\",\"maxInstances\",\"maxInstancesPerCapability\",\"injectGlobals\",\"filesToWatch\",\"execArgv\",\"runnerEnv\",\"runner\",\"shard\",\"specFileRetries\",\"specFileRetriesDelay\",\"specFileRetriesDeferred\",\"reporterSyncInterval\",\"reporterSyncTimeout\",\"cucumberFeaturesWithLineNumbers\",\"autoCompileOpts\",\"mochaOpts\",\"jasmineOpts\",\"cucumberOpts\",\"onPrepare\",\"onWorkerStart\",\"onWorkerEnd\",\"before\",\"beforeSession\",\"beforeSuite\",\"beforeHook\",\"beforeTest\",\"afterTest\",\"afterHook\",\"afterSuite\",\"afterSession\",\"after\",\"onComplete\",\"beforeAssertion\",\"afterAssertion\",\"beforeFeature\",\"beforeScenario\",\"beforeStep\",\"afterStep\",\"afterScenario\",\"afterFeature\",\"_\",\"suite\",\"$0\",\"ignoredWorkerServices\",\"wdi5\"]"}]}
RESULT: {"script":"<script> [2342 bytes]","args":[{"protocol":"http","hostname":"0.0.0.0","path":"/","capabilities":{"browserName":"chrome","goog:chromeOptions":{"binary":"C:\\Program Files\\Google\\Chrome\\Application\\chrome.exe","args":["--start-maximized"]}},"logLevel":"warn","connectionRetryTimeout":120000,"connectionRetryCount":3,"logLevels":{},"enableDirectConnect":true,"strictSSL":true,"_":"65 more keys: [\"cacheDir\",\"port\",\"requestedCapabilities\",\"automationProtocol\",\"baseUrl\",\"waitforInterval\",\"waitforTimeout\",\"onReload\",\"beforeCommand\",\"afterCommand\",\"rootDir\",\"specs\",\"suites\",\"exclude\",\"groupLogsByTestSpec\",\"excludeDriverLogs\",\"bail\",\"framework\",\"reporters\",\"services\",\"maxInstances\",\"maxInstancesPerCapability\",\"injectGlobals\",\"filesToWatch\",\"execArgv\",\"runnerEnv\",\"runner\",\"shard\",\"specFileRetries\",\"specFileRetriesDelay\",\"specFileRetriesDeferred\",\"reporterSyncInterval\",\"reporterSyncTimeout\",\"cucumberFeaturesWithLineNumbers\",\"autoCompileOpts\",\"mochaOpts\",\"jasmineOpts\",\"cucumberOpts\",\"onPrepare\",\"onWorkerStart\",\"onWorkerEnd\",\"before\",\"beforeSession\",\"beforeSuite\",\"beforeHook\",\"beforeTest\",\"afterTest\",\"afterHook\",\"afterSuite\",\"afterSession\",\"after\",\"onComplete\",\"beforeAssertion\",\"afterAssertion\",\"beforeFeature\",\"beforeScenario\",\"beforeStep\",\"afterStep\",\"afterScenario\",\"afterFeature\",\"_\",\"suite\",\"$0\",\"ignoredWorkerServices\",\"wdi5\"]"}]}
COMMAND: POST /session/bbf8399d9e363efb3412e2a9322d982b/execute/async - {"script":"<script> [21126 bytes]","args":[35000]}
RESULT: {"script":"<script> [21126 bytes]","args":[35000]}
COMMAND: POST /session/bbf8399d9e363efb3412e2a9322d982b/window/maximize - {}
RESULT: {}
COMMAND: POST /session/bbf8399d9e363efb3412e2a9322d982b/execute/async - {"script":"<script> [1562 bytes]","args":[{"selector":{"id":"shell-header","interaction":{"idSuffix":"icon"}},"wdio_ui5_key":"shellheader"}]}
COMMAND: GET /session/bbf8399d9e363efb3412e2a9322d982b/screenshot - {}
RESULT: {"script":"<script> [1562 bytes]","args":[{"selector":{"id":"shell-header","interaction":{"idSuffix":"icon"}},"wdio_ui5_key":"shellheader"}]}
RESULT: undefined
COMMAND: POST /session/bbf8399d9e363efb3412e2a9322d982b/refresh - {}
RESULT: {}
RESULT: {}
COMMAND: GET /session/bbf8399d9e363efb3412e2a9322d982b/screenshot - {}
RESULT: {}
COMMAND: POST /session/bbf8399d9e363efb3412e2a9322d982b/refresh - {}
RESULT: {}
COMMAND: GET /session/bbf8399d9e363efb3412e2a9322d982b/screenshot - {}
RESULT: {}
COMMAND: POST /session/bbf8399d9e363efb3412e2a9322d982b/window/fullscreen - {}
RESULT: {}
COMMAND: POST /session/bbf8399d9e363efb3412e2a9322d982b/execute/async - {"script":"<script> [189 bytes]","args":[]}
RESULT: {"script":"<script> [189 bytes]","args":[]}
COMMAND: POST /session/bbf8399d9e363efb3412e2a9322d982b/execute/async - {"script":"<script> [123 bytes]","args":[]}
RESULT: {"script":"<script> [123 bytes]","args":[]}
COMMAND: POST /session/bbf8399d9e363efb3412e2a9322d982b/timeouts - {"script":"<number>"}
RESULT: {"script":"<number>"}
COMMAND: GET /session/bbf8399d9e363efb3412e2a9322d982b/timeouts - {}
RESULT: {}
RESULT: undefined
COMMAND: POST /session/bbf8399d9e363efb3412e2a9322d982b/execute/async - {"script":"<script> [2676 bytes]","args":[]}
RESULT: {"script":"<script> [2676 bytes]","args":[]}
COMMAND: POST /session/bbf8399d9e363efb3412e2a9322d982b/execute/async - {"script":"<script> [2342 bytes]","args":[{"protocol":"http","hostname":"0.0.0.0","path":"/","capabilities":{"browserName":"chrome","goog:chromeOptions":{"binary":"C:\\Program Files\\Google\\Chrome\\Application\\chrome.exe","args":["--start-maximized"]}},"logLevel":"warn","connectionRetryTimeout":120000,"connectionRetryCount":3,"logLevels":{},"enableDirectConnect":true,"strictSSL":true,"_":"65 more keys: [\"cacheDir\",\"port\",\"requestedCapabilities\",\"automationProtocol\",\"baseUrl\",\"waitforInterval\",\"waitforTimeout\",\"onReload\",\"beforeCommand\",\"afterCommand\",\"rootDir\",\"specs\",\"suites\",\"exclude\",\"groupLogsByTestSpec\",\"excludeDriverLogs\",\"bail\",\"framework\",\"reporters\",\"services\",\"maxInstances\",\"maxInstancesPerCapability\",\"injectGlobals\",\"filesToWatch\",\"execArgv\",\"runnerEnv\",\"runner\",\"shard\",\"specFileRetries\",\"specFileRetriesDelay\",\"specFileRetriesDeferred\",\"reporterSyncInterval\",\"reporterSyncTimeout\",\"cucumberFeaturesWithLineNumbers\",\"autoCompileOpts\",\"mochaOpts\",\"jasmineOpts\",\"cucumberOpts\",\"onPrepare\",\"onWorkerStart\",\"onWorkerEnd\",\"before\",\"beforeSession\",\"beforeSuite\",\"beforeHook\",\"beforeTest\",\"afterTest\",\"afterHook\",\"afterSuite\",\"afterSession\",\"after\",\"onComplete\",\"beforeAssertion\",\"afterAssertion\",\"beforeFeature\",\"beforeScenario\",\"beforeStep\",\"afterStep\",\"afterScenario\",\"afterFeature\",\"_\",\"suite\",\"$0\",\"ignoredWorkerServices\",\"wdi5\"]"}]}
RESULT: {"script":"<script> [2342 bytes]","args":[{"protocol":"http","hostname":"0.0.0.0","path":"/","capabilities":{"browserName":"chrome","goog:chromeOptions":{"binary":"C:\\Program Files\\Google\\Chrome\\Application\\chrome.exe","args":["--start-maximized"]}},"logLevel":"warn","connectionRetryTimeout":120000,"connectionRetryCount":3,"logLevels":{},"enableDirectConnect":true,"strictSSL":true,"_":"65 more keys: [\"cacheDir\",\"port\",\"requestedCapabilities\",\"automationProtocol\",\"baseUrl\",\"waitforInterval\",\"waitforTimeout\",\"onReload\",\"beforeCommand\",\"afterCommand\",\"rootDir\",\"specs\",\"suites\",\"exclude\",\"groupLogsByTestSpec\",\"excludeDriverLogs\",\"bail\",\"framework\",\"reporters\",\"services\",\"maxInstances\",\"maxInstancesPerCapability\",\"injectGlobals\",\"filesToWatch\",\"execArgv\",\"runnerEnv\",\"runner\",\"shard\",\"specFileRetries\",\"specFileRetriesDelay\",\"specFileRetriesDeferred\",\"reporterSyncInterval\",\"reporterSyncTimeout\",\"cucumberFeaturesWithLineNumbers\",\"autoCompileOpts\",\"mochaOpts\",\"jasmineOpts\",\"cucumberOpts\",\"onPrepare\",\"onWorkerStart\",\"onWorkerEnd\",\"before\",\"beforeSession\",\"beforeSuite\",\"beforeHook\",\"beforeTest\",\"afterTest\",\"afterHook\",\"afterSuite\",\"afterSession\",\"after\",\"onComplete\",\"beforeAssertion\",\"afterAssertion\",\"beforeFeature\",\"beforeScenario\",\"beforeStep\",\"afterStep\",\"afterScenario\",\"afterFeature\",\"_\",\"suite\",\"$0\",\"ignoredWorkerServices\",\"wdi5\"]"}]}
COMMAND: POST /session/bbf8399d9e363efb3412e2a9322d982b/execute/async - {"script":"<script> [21126 bytes]","args":[35000]}
RESULT: {"script":"<script> [21126 bytes]","args":[35000]}
COMMAND: POST /session/bbf8399d9e363efb3412e2a9322d982b/window/fullscreen - {}
RESULT: {}
]]></system-out>
    </testcase>
  </testsuite>
  <testsuite timestamp="2025-05-18T16:46:43" time="400.672" tests="6" failures="0" errors="0" skipped="0">
    <properties>
      <property name="specId" value="0" />
      <property name="suiteName" value="Yard Overview Autoplanning US130989" />
      <property name="capabilities" value="chrome.136_0_7103_93.windows" />
      <property name="file" value="file:///D:/a/1/s/test/specs/HTR/yard-overview-autoplanning.spec.js" />
    </properties>
    <testcase classname="chrome.136_0_7103_93.windows.Yard_Overview_Autoplanning_US130989" name="Prereq Should create a new yard used for all following tests" time="0.015">
      <system-out><![CDATA[
COMMAND: POST /session/bbf8399d9e363efb3412e2a9322d982b/window/fullscreen - {}
RESULT: {}
]]></system-out>
    </testcase>
    <testcase classname="chrome.136_0_7103_93.windows.Yard_Overview_Autoplanning_US130989" name="Prereq Should create a new partner" time="0.004" />
    <testcase classname="chrome.136_0_7103_93.windows.Yard_Overview_Autoplanning_US130989" name="Prereq Should create a new site" time="0.008" />
    <testcase classname="chrome.136_0_7103_93.windows.Yard_Overview_Autoplanning_US130989" name="Prereq Should create a new material with catalog selection" time="110.448">
      <system-out><![CDATA[
COMMAND: POST /session/bbf8399d9e363efb3412e2a9322d982b/execute/async - {"script":"<script> [1562 bytes]","args":[{"selector":{"controlType":"sap.m.GenericTile","properties":{"header":"Manage Resources"}},"wdio_ui5_key":"sapm.GenericTile{\"header\":\"Manage Resources\"}"}]}
RESULT: {"script":"<script> [1562 bytes]","args":[{"selector":{"controlType":"sap.m.GenericTile","properties":{"header":"Manage Resources"}},"wdio_ui5_key":"sapm.GenericTile{\"header\":\"Manage Resources\"}"}]}
RESULT: undefined
COMMAND: POST /session/bbf8399d9e363efb3412e2a9322d982b/element - {"using":"xpath","value":"//*[@id=\"__tile39\"]"}
RESULT: {"using":"xpath","value":"//*[@id=\"__tile39\"]"}
COMMAND: POST /session/bbf8399d9e363efb3412e2a9322d982b/element/f.877C71D71840E3B44FFEE8E46F2453AC.d.D65F9A718C719CBCE9FF6359679D8B5E.e.5216/click - {}
RESULT: {}
COMMAND: GET /session/bbf8399d9e363efb3412e2a9322d982b/screenshot - {}
RESULT: {}
COMMAND: POST /session/bbf8399d9e363efb3412e2a9322d982b/elements - {"using":"xpath","value":"//span[text()='Error']"}
RESULT: {"using":"xpath","value":"//span[text()='Error']"}
COMMAND: POST /session/bbf8399d9e363efb3412e2a9322d982b/element - {"using":"xpath","value":"//button[@data-kt=\"addNewRUOverflowToolbarButton\"]"}
RESULT: {"using":"xpath","value":"//button[@data-kt=\"addNewRUOverflowToolbarButton\"]"}
COMMAND: POST /session/bbf8399d9e363efb3412e2a9322d982b/elements - {"using":"xpath","value":"//button[@data-kt=\"addNewRUOverflowToolbarButton\"]"}
RESULT: {"using":"xpath","value":"//button[@data-kt=\"addNewRUOverflowToolbarButton\"]"}
COMMAND: POST /session/bbf8399d9e363efb3412e2a9322d982b/elements - {"using":"xpath","value":"//button[@data-kt=\"addNewRUOverflowToolbarButton\"]"}
RESULT: {"using":"xpath","value":"//button[@data-kt=\"addNewRUOverflowToolbarButton\"]"}
COMMAND: POST /session/bbf8399d9e363efb3412e2a9322d982b/elements - {"using":"xpath","value":"//button[@data-kt=\"addNewRUOverflowToolbarButton\"]"}
RESULT: {"using":"xpath","value":"//button[@data-kt=\"addNewRUOverflowToolbarButton\"]"}
COMMAND: POST /session/bbf8399d9e363efb3412e2a9322d982b/elements - {"using":"xpath","value":"//button[@data-kt=\"addNewRUOverflowToolbarButton\"]"}
RESULT: {"using":"xpath","value":"//button[@data-kt=\"addNewRUOverflowToolbarButton\"]"}
COMMAND: POST /session/bbf8399d9e363efb3412e2a9322d982b/elements - {"using":"xpath","value":"//button[@data-kt=\"addNewRUOverflowToolbarButton\"]"}
RESULT: {"using":"xpath","value":"//button[@data-kt=\"addNewRUOverflowToolbarButton\"]"}
COMMAND: POST /session/bbf8399d9e363efb3412e2a9322d982b/element - {"using":"xpath","value":"//button[@data-kt=\"addNewRUOverflowToolbarButton\"]"}
RESULT: {"using":"xpath","value":"//button[@data-kt=\"addNewRUOverflowToolbarButton\"]"}
COMMAND: POST /session/bbf8399d9e363efb3412e2a9322d982b/execute/sync - {"script":"<script> [8489 bytes]","args":[{"element-6066-11e4-a52e-4f735466cecf":"f.877C71D71840E3B44FFEE8E46F2453AC.d.D65F9A718C719CBCE9FF6359679D8B5E.e.5351","ELEMENT":"f.877C71D71840E3B44FFEE8E46F2453AC.d.D65F9A718C719CBCE9FF6359679D8B5E.e.5351"}]}
RESULT: {"script":"<script> [8489 bytes]","args":[{"element-6066-11e4-a52e-4f735466cecf":"f.877C71D71840E3B44FFEE8E46F2453AC.d.D65F9A718C719CBCE9FF6359679D8B5E.e.5351","ELEMENT":"f.877C71D71840E3B44FFEE8E46F2453AC.d.D65F9A718C719CBCE9FF6359679D8B5E.e.5351"}]}
COMMAND: GET /session/bbf8399d9e363efb3412e2a9322d982b/element/f.877C71D71840E3B44FFEE8E46F2453AC.d.D65F9A718C719CBCE9FF6359679D8B5E.e.5351/enabled - {}
COMMAND: GET /session/bbf8399d9e363efb3412e2a9322d982b/screenshot - {}
RESULT: {}
COMMAND: POST /session/bbf8399d9e363efb3412e2a9322d982b/execute/sync - {"script":"<script> [8489 bytes]","args":[{"element-6066-11e4-a52e-4f735466cecf":"f.877C71D71840E3B44FFEE8E46F2453AC.d.D65F9A718C719CBCE9FF6359679D8B5E.e.5351","ELEMENT":"f.877C71D71840E3B44FFEE8E46F2453AC.d.D65F9A718C719CBCE9FF6359679D8B5E.e.5351"}]}
COMMAND: GET /session/bbf8399d9e363efb3412e2a9322d982b/screenshot - {}
RESULT: {}
RESULT: {"script":"<script> [8489 bytes]","args":[{"element-6066-11e4-a52e-4f735466cecf":"f.877C71D71840E3B44FFEE8E46F2453AC.d.D65F9A718C719CBCE9FF6359679D8B5E.e.5351","ELEMENT":"f.877C71D71840E3B44FFEE8E46F2453AC.d.D65F9A718C719CBCE9FF6359679D8B5E.e.5351"}]}
COMMAND: POST /session/bbf8399d9e363efb3412e2a9322d982b/execute/sync - {"script":"<script> [5351 bytes]","args":[{"element-6066-11e4-a52e-4f735466cecf":"f.877C71D71840E3B44FFEE8E46F2453AC.d.D65F9A718C719CBCE9FF6359679D8B5E.e.5351","ELEMENT":"f.877C71D71840E3B44FFEE8E46F2453AC.d.D65F9A718C719CBCE9FF6359679D8B5E.e.5351"}]}
COMMAND: GET /session/bbf8399d9e363efb3412e2a9322d982b/screenshot - {}
RESULT: {}
RESULT: {"script":"<script> [5351 bytes]","args":[{"element-6066-11e4-a52e-4f735466cecf":"f.877C71D71840E3B44FFEE8E46F2453AC.d.D65F9A718C719CBCE9FF6359679D8B5E.e.5351","ELEMENT":"f.877C71D71840E3B44FFEE8E46F2453AC.d.D65F9A718C719CBCE9FF6359679D8B5E.e.5351"}]}
COMMAND: POST /session/bbf8399d9e363efb3412e2a9322d982b/element/f.877C71D71840E3B44FFEE8E46F2453AC.d.D65F9A718C719CBCE9FF6359679D8B5E.e.5351/click - {}
COMMAND: GET /session/bbf8399d9e363efb3412e2a9322d982b/screenshot - {}
RESULT: {}
RESULT: {}
COMMAND: GET /session/bbf8399d9e363efb3412e2a9322d982b/screenshot - {}
COMMAND: POST /session/bbf8399d9e363efb3412e2a9322d982b/execute/async - {"script":"<script> [1562 bytes]","args":[{"selector":{"id":"application-manageresources-display-component---newResourceUnit--TYPE-arrow"},"wdio_ui5_key":"applicationmanageresources-display-component---newResourceUnit--TYPE-arrow"}]}
RESULT: {}
RESULT: {}
RESULT: {"script":"<script> [1562 bytes]","args":[{"selector":{"id":"application-manageresources-display-component---newResourceUnit--TYPE-arrow"},"wdio_ui5_key":"applicationmanageresources-display-component---newResourceUnit--TYPE-arrow"}]}
RESULT: undefined
COMMAND: POST /session/bbf8399d9e363efb3412e2a9322d982b/element - {"using":"xpath","value":"//*[@id=\"application-manageresources-display-component---newResourceUnit--TYPE-arrow\"]"}
RESULT: {"using":"xpath","value":"//*[@id=\"application-manageresources-display-component---newResourceUnit--TYPE-arrow\"]"}
COMMAND: POST /session/bbf8399d9e363efb3412e2a9322d982b/element/f.877C71D71840E3B44FFEE8E46F2453AC.d.D65F9A718C719CBCE9FF6359679D8B5E.e.5717/click - {}
RESULT: {}
COMMAND: POST /session/bbf8399d9e363efb3412e2a9322d982b/element - {"using":"xpath","value":"//input[@id=\"application-manageresources-display-component---newResourceUnit--TYPE-inner\"]"}
COMMAND: GET /session/bbf8399d9e363efb3412e2a9322d982b/screenshot - {}
RESULT: {"using":"xpath","value":"//input[@id=\"application-manageresources-display-component---newResourceUnit--TYPE-inner\"]"}
COMMAND: POST /session/bbf8399d9e363efb3412e2a9322d982b/element/f.877C71D71840E3B44FFEE8E46F2453AC.d.D65F9A718C719CBCE9FF6359679D8B5E.e.5708/clear - {}
RESULT: {}
RESULT: {}
COMMAND: POST /session/bbf8399d9e363efb3412e2a9322d982b/element/f.877C71D71840E3B44FFEE8E46F2453AC.d.D65F9A718C719CBCE9FF6359679D8B5E.e.5708/value - {"text":"Material"}
COMMAND: GET /session/bbf8399d9e363efb3412e2a9322d982b/screenshot - {}
RESULT: {"text":"Material"}
COMMAND: GET /session/bbf8399d9e363efb3412e2a9322d982b/screenshot - {}
RESULT: {}
RESULT: {}
COMMAND: POST /session/bbf8399d9e363efb3412e2a9322d982b/actions - {"actions":[{"id":"action16","type":"key","parameters":{},"actions":[{"type":"keyDown","value":"î€‡"},{"type":"pause","duration":10},{"type":"keyUp","value":"î€‡"}]}]}
RESULT: {"actions":[{"id":"action16","type":"key","parameters":{},"actions":[{"type":"keyDown","value":"î€‡"},{"type":"pause","duration":10},{"type":"keyUp","value":"î€‡"}]}]}
COMMAND: POST /session/bbf8399d9e363efb3412e2a9322d982b/execute/async - {"script":"<script> [1562 bytes]","args":[{"selector":{"id":"application-manageresources-display-component---newResourceUnit--SHORT_TEXT","interaction":{"idSuffix":"inner"}},"wdio_ui5_key":"applicationmanageresources-display-component---newResourceUnit--SHORT_TEXT"}]}
COMMAND: GET /session/bbf8399d9e363efb3412e2a9322d982b/screenshot - {}
RESULT: {"script":"<script> [1562 bytes]","args":[{"selector":{"id":"application-manageresources-display-component---newResourceUnit--SHORT_TEXT","interaction":{"idSuffix":"inner"}},"wdio_ui5_key":"applicationmanageresources-display-component---newResourceUnit--SHORT_TEXT"}]}
RESULT: undefined
COMMAND: POST /session/bbf8399d9e363efb3412e2a9322d982b/execute/async - {"script":"<script> [776 bytes]","args":[{"enterText":"Cement WDIO","selector":{"id":"application-manageresources-display-component---newResourceUnit--SHORT_TEXT","interaction":{"idSuffix":"inner"}},"clearTextFirst":true,"interactionType":"ENTER_TEXT"}]}
RESULT: {}
RESULT: {"script":"<script> [776 bytes]","args":[{"enterText":"Cement WDIO","selector":{"id":"application-manageresources-display-component---newResourceUnit--SHORT_TEXT","interaction":{"idSuffix":"inner"}},"clearTextFirst":true,"interactionType":"ENTER_TEXT"}]}
COMMAND: POST /session/bbf8399d9e363efb3412e2a9322d982b/execute/async - {"script":"<script> [1562 bytes]","args":[{"selector":{"id":"application-manageresources-display-component---newResourceUnit--BASE_UNIT_OF_MEASURE","interaction":{"idSuffix":"inner"}},"wdio_ui5_key":"applicationmanageresources-display-component---newResourceUnit--BASE_UNIT_OF_MEASURE"}]}
RESULT: {"script":"<script> [1562 bytes]","args":[{"selector":{"id":"application-manageresources-display-component---newResourceUnit--BASE_UNIT_OF_MEASURE","interaction":{"idSuffix":"inner"}},"wdio_ui5_key":"applicationmanageresources-display-component---newResourceUnit--BASE_UNIT_OF_MEASURE"}]}
RESULT: undefined
COMMAND: POST /session/bbf8399d9e363efb3412e2a9322d982b/execute/async - {"script":"<script> [776 bytes]","args":[{"enterText":"Piece","selector":{"id":"application-manageresources-display-component---newResourceUnit--BASE_UNIT_OF_MEASURE","interaction":{"idSuffix":"inner"}},"clearTextFirst":true,"interactionType":"ENTER_TEXT"}]}
RESULT: {"script":"<script> [776 bytes]","args":[{"enterText":"Piece","selector":{"id":"application-manageresources-display-component---newResourceUnit--BASE_UNIT_OF_MEASURE","interaction":{"idSuffix":"inner"}},"clearTextFirst":true,"interactionType":"ENTER_TEXT"}]}
COMMAND: POST /session/bbf8399d9e363efb3412e2a9322d982b/execute/async - {"script":"<script> [1562 bytes]","args":[{"selector":{"id":"application-manageresources-display-component---newResourceUnit--WEIGHT_UNIT","interaction":{"idSuffix":"inner"}},"wdio_ui5_key":"applicationmanageresources-display-component---newResourceUnit--WEIGHT_UNIT"}]}
RESULT: {"script":"<script> [1562 bytes]","args":[{"selector":{"id":"application-manageresources-display-component---newResourceUnit--WEIGHT_UNIT","interaction":{"idSuffix":"inner"}},"wdio_ui5_key":"applicationmanageresources-display-component---newResourceUnit--WEIGHT_UNIT"}]}
RESULT: undefined
COMMAND: POST /session/bbf8399d9e363efb3412e2a9322d982b/execute/async - {"script":"<script> [776 bytes]","args":[{"enterText":"Gram","selector":{"id":"application-manageresources-display-component---newResourceUnit--WEIGHT_UNIT","interaction":{"idSuffix":"inner"}},"clearTextFirst":true,"interactionType":"ENTER_TEXT"}]}
RESULT: {"script":"<script> [776 bytes]","args":[{"enterText":"Gram","selector":{"id":"application-manageresources-display-component---newResourceUnit--WEIGHT_UNIT","interaction":{"idSuffix":"inner"}},"clearTextFirst":true,"interactionType":"ENTER_TEXT"}]}
COMMAND: POST /session/bbf8399d9e363efb3412e2a9322d982b/execute/async - {"script":"<script> [1562 bytes]","args":[{"selector":{"id":"application-manageresources-display-component---newResourceUnit--DIMENSION_UNIT","interaction":{"idSuffix":"inner"}},"wdio_ui5_key":"applicationmanageresources-display-component---newResourceUnit--DIMENSION_UNIT"}]}
RESULT: {"script":"<script> [1562 bytes]","args":[{"selector":{"id":"application-manageresources-display-component---newResourceUnit--DIMENSION_UNIT","interaction":{"idSuffix":"inner"}},"wdio_ui5_key":"applicationmanageresources-display-component---newResourceUnit--DIMENSION_UNIT"}]}
RESULT: undefined
COMMAND: POST /session/bbf8399d9e363efb3412e2a9322d982b/execute/async - {"script":"<script> [776 bytes]","args":[{"enterText":"Meter","selector":{"id":"application-manageresources-display-component---newResourceUnit--DIMENSION_UNIT","interaction":{"idSuffix":"inner"}},"clearTextFirst":true,"interactionType":"ENTER_TEXT"}]}
RESULT: {"script":"<script> [776 bytes]","args":[{"enterText":"Meter","selector":{"id":"application-manageresources-display-component---newResourceUnit--DIMENSION_UNIT","interaction":{"idSuffix":"inner"}},"clearTextFirst":true,"interactionType":"ENTER_TEXT"}]}
COMMAND: POST /session/bbf8399d9e363efb3412e2a9322d982b/execute/async - {"script":"<script> [1562 bytes]","args":[{"selector":{"id":"application-manageresources-display-component---newResourceUnit--newRRUPage-anchBar-application-manageresources-display-component---newResourceUnit--control-anchor","interaction":{"idSuffix":"BDI-content"}},"wdio_ui5_key":"applicationmanageresources-display-component---newResourceUnit--newRRUPage-anchBar-application-manageresources-display-component---newResourceUnit--control-anchor"}]}
RESULT: {"script":"<script> [1562 bytes]","args":[{"selector":{"id":"application-manageresources-display-component---newResourceUnit--newRRUPage-anchBar-application-manageresources-display-component---newResourceUnit--control-anchor","interaction":{"idSuffix":"BDI-content"}},"wdio_ui5_key":"applicationmanageresources-display-component---newResourceUnit--newRRUPage-anchBar-application-manageresources-display-component---newResourceUnit--control-anchor"}]}
RESULT: undefined
COMMAND: POST /session/bbf8399d9e363efb3412e2a9322d982b/element - {"using":"xpath","value":"//*[@id=\"application-manageresources-display-component---newResourceUnit--newRRUPage-anchBar-application-manageresources-display-component---newResourceUnit--control-anchor\"]"}
RESULT: {"using":"xpath","value":"//*[@id=\"application-manageresources-display-component---newResourceUnit--newRRUPage-anchBar-application-manageresources-display-component---newResourceUnit--control-anchor\"]"}
COMMAND: POST /session/bbf8399d9e363efb3412e2a9322d982b/element/f.877C71D71840E3B44FFEE8E46F2453AC.d.D65F9A718C719CBCE9FF6359679D8B5E.e.5782/click - {}
RESULT: {}
COMMAND: POST /session/bbf8399d9e363efb3412e2a9322d982b/execute/async - {"script":"<script> [1562 bytes]","args":[{"selector":{"id":"application-manageresources-display-component---newResourceUnit--PLANNING_GROUP","interaction":{"idSuffix":"inner"}},"wdio_ui5_key":"applicationmanageresources-display-component---newResourceUnit--PLANNING_GROUP"}]}
COMMAND: GET /session/bbf8399d9e363efb3412e2a9322d982b/screenshot - {}
RESULT: {"script":"<script> [1562 bytes]","args":[{"selector":{"id":"application-manageresources-display-component---newResourceUnit--PLANNING_GROUP","interaction":{"idSuffix":"inner"}},"wdio_ui5_key":"applicationmanageresources-display-component---newResourceUnit--PLANNING_GROUP"}]}
RESULT: undefined
COMMAND: POST /session/bbf8399d9e363efb3412e2a9322d982b/execute/async - {"script":"<script> [776 bytes]","args":[{"enterText":"Material","selector":{"id":"application-manageresources-display-component---newResourceUnit--PLANNING_GROUP","interaction":{"idSuffix":"inner"}},"clearTextFirst":true,"interactionType":"ENTER_TEXT"}]}
RESULT: {}
RESULT: {"script":"<script> [776 bytes]","args":[{"enterText":"Material","selector":{"id":"application-manageresources-display-component---newResourceUnit--PLANNING_GROUP","interaction":{"idSuffix":"inner"}},"clearTextFirst":true,"interactionType":"ENTER_TEXT"}]}
COMMAND: POST /session/bbf8399d9e363efb3412e2a9322d982b/execute/async - {"script":"<script> [1562 bytes]","args":[{"selector":{"id":"application-manageresources-display-component---newResourceUnit--PLANNING_INDICATOR","interaction":{"idSuffix":"inner"}},"wdio_ui5_key":"applicationmanageresources-display-component---newResourceUnit--PLANNING_INDICATOR"}]}
RESULT: {"script":"<script> [1562 bytes]","args":[{"selector":{"id":"application-manageresources-display-component---newResourceUnit--PLANNING_INDICATOR","interaction":{"idSuffix":"inner"}},"wdio_ui5_key":"applicationmanageresources-display-component---newResourceUnit--PLANNING_INDICATOR"}]}
RESULT: undefined
COMMAND: POST /session/bbf8399d9e363efb3412e2a9322d982b/execute/async - {"script":"<script> [776 bytes]","args":[{"enterText":"10 - infinite","selector":{"id":"application-manageresources-display-component---newResourceUnit--PLANNING_INDICATOR","interaction":{"idSuffix":"inner"}},"clearTextFirst":true,"interactionType":"ENTER_TEXT"}]}
RESULT: {"script":"<script> [776 bytes]","args":[{"enterText":"10 - infinite","selector":{"id":"application-manageresources-display-component---newResourceUnit--PLANNING_INDICATOR","interaction":{"idSuffix":"inner"}},"clearTextFirst":true,"interactionType":"ENTER_TEXT"}]}
COMMAND: POST /session/bbf8399d9e363efb3412e2a9322d982b/element - {"using":"css selector","value":"#application-manageresources-display-component---newResourceUnit--btnAddTimeSegment"}
RESULT: {"using":"css selector","value":"#application-manageresources-display-component---newResourceUnit--btnAddTimeSegment"}
COMMAND: GET /session/bbf8399d9e363efb3412e2a9322d982b/element/f.877C71D71840E3B44FFEE8E46F2453AC.d.D65F9A718C719CBCE9FF6359679D8B5E.e.5792/rect - {}
RESULT: {}
COMMAND: GET /session/bbf8399d9e363efb3412e2a9322d982b/window/rect - {}
RESULT: {}
COMMAND: POST /session/bbf8399d9e363efb3412e2a9322d982b/execute/sync - {"script":"<script> [92 bytes]","args":[]}
RESULT: {"script":"<script> [92 bytes]","args":[]}
COMMAND: POST /session/bbf8399d9e363efb3412e2a9322d982b/actions - {"actions":[{"id":"action17","type":"wheel","parameters":{},"actions":[{"type":"scroll","x":-1888,"y":-32,"deltaX":0,"deltaY":0,"duration":0,"origin":{"element-6066-11e4-a52e-4f735466cecf":"f.877C71D71840E3B44FFEE8E46F2453AC.d.D65F9A718C719CBCE9FF6359679D8B5E.e.5792"}}]}]}
COMMAND: GET /session/bbf8399d9e363efb3412e2a9322d982b/screenshot - {}
RESULT: {}
COMMAND: POST /session/bbf8399d9e363efb3412e2a9322d982b/execute/sync - {"script":"<script> [79 bytes]","args":[{"element-6066-11e4-a52e-4f735466cecf":"f.877C71D71840E3B44FFEE8E46F2453AC.d.D65F9A718C719CBCE9FF6359679D8B5E.e.5792","ELEMENT":"f.877C71D71840E3B44FFEE8E46F2453AC.d.D65F9A718C719CBCE9FF6359679D8B5E.e.5792"},{"block":"start","inline":"nearest"}]}
RESULT: {"script":"<script> [79 bytes]","args":[{"element-6066-11e4-a52e-4f735466cecf":"f.877C71D71840E3B44FFEE8E46F2453AC.d.D65F9A718C719CBCE9FF6359679D8B5E.e.5792","ELEMENT":"f.877C71D71840E3B44FFEE8E46F2453AC.d.D65F9A718C719CBCE9FF6359679D8B5E.e.5792"},{"block":"start","inline":"nearest"}]}
COMMAND: POST /session/bbf8399d9e363efb3412e2a9322d982b/execute/async - {"script":"<script> [1562 bytes]","args":[{"selector":{"id":"application-manageresources-display-component---newResourceUnit--btnAddTimeSegment","interaction":{"idSuffix":"inner"}},"wdio_ui5_key":"applicationmanageresources-display-component---newResourceUnit--btnAddTimeSegment"}]}
COMMAND: GET /session/bbf8399d9e363efb3412e2a9322d982b/screenshot - {}
RESULT: {"script":"<script> [1562 bytes]","args":[{"selector":{"id":"application-manageresources-display-component---newResourceUnit--btnAddTimeSegment","interaction":{"idSuffix":"inner"}},"wdio_ui5_key":"applicationmanageresources-display-component---newResourceUnit--btnAddTimeSegment"}]}
RESULT: undefined
COMMAND: POST /session/bbf8399d9e363efb3412e2a9322d982b/element - {"using":"xpath","value":"//*[@id=\"application-manageresources-display-component---newResourceUnit--btnAddTimeSegment\"]"}
RESULT: {}
RESULT: {"using":"xpath","value":"//*[@id=\"application-manageresources-display-component---newResourceUnit--btnAddTimeSegment\"]"}
COMMAND: POST /session/bbf8399d9e363efb3412e2a9322d982b/element/f.877C71D71840E3B44FFEE8E46F2453AC.d.D65F9A718C719CBCE9FF6359679D8B5E.e.5792/click - {}
RESULT: {}
COMMAND: GET /session/bbf8399d9e363efb3412e2a9322d982b/screenshot - {}
RESULT: {}
COMMAND: POST /session/bbf8399d9e363efb3412e2a9322d982b/element - {"using":"xpath","value":"//input[@id=\"application-manageresources-display-component---newResourceUnit--idRuTSAdmin-application-manageresources-display-component---newResourceUnit--RUTimeSegment-0-inner\"]"}
RESULT: {"using":"xpath","value":"//input[@id=\"application-manageresources-display-component---newResourceUnit--idRuTSAdmin-application-manageresources-display-component---newResourceUnit--RUTimeSegment-0-inner\"]"}
COMMAND: POST /session/bbf8399d9e363efb3412e2a9322d982b/element/f.877C71D71840E3B44FFEE8E46F2453AC.d.D65F9A718C719CBCE9FF6359679D8B5E.e.5797/clear - {}
RESULT: {}
COMMAND: POST /session/bbf8399d9e363efb3412e2a9322d982b/element/f.877C71D71840E3B44FFEE8E46F2453AC.d.D65F9A718C719CBCE9FF6359679D8B5E.e.5797/value - {"text":"522"}
COMMAND: GET /session/bbf8399d9e363efb3412e2a9322d982b/screenshot - {}
RESULT: {"text":"522"}
COMMAND: GET /session/bbf8399d9e363efb3412e2a9322d982b/screenshot - {}
RESULT: {}
RESULT: {}
COMMAND: POST /session/bbf8399d9e363efb3412e2a9322d982b/element - {"using":"xpath","value":"//li[.//span[text()='522']]"}
RESULT: {"using":"xpath","value":"//li[.//span[text()='522']]"}
COMMAND: POST /session/bbf8399d9e363efb3412e2a9322d982b/element/f.877C71D71840E3B44FFEE8E46F2453AC.d.D65F9A718C719CBCE9FF6359679D8B5E.e.5806/click - {}
RESULT: {}
COMMAND: GET /session/bbf8399d9e363efb3412e2a9322d982b/screenshot - {}
RESULT: {}
COMMAND: POST /session/bbf8399d9e363efb3412e2a9322d982b/element - {"using":"xpath","value":"//*[contains(text(), \"Catalogs\")][contains(@id ,\"application-manageresources-display-component---newResourceUnit--newRRUPage-anchBar\")]"}
RESULT: {"using":"xpath","value":"//*[contains(text(), \"Catalogs\")][contains(@id ,\"application-manageresources-display-component---newResourceUnit--newRRUPage-anchBar\")]"}
COMMAND: POST /session/bbf8399d9e363efb3412e2a9322d982b/element/f.877C71D71840E3B44FFEE8E46F2453AC.d.D65F9A718C719CBCE9FF6359679D8B5E.e.5807/click - {}
RESULT: {}
COMMAND: GET /session/bbf8399d9e363efb3412e2a9322d982b/screenshot - {}
RESULT: {}
COMMAND: POST /session/bbf8399d9e363efb3412e2a9322d982b/element - {"using":"xpath","value":"//*[contains(text(), \"Assign\")][contains(@id ,\"button\")]"}
RESULT: {"using":"xpath","value":"//*[contains(text(), \"Assign\")][contains(@id ,\"button\")]"}
COMMAND: POST /session/bbf8399d9e363efb3412e2a9322d982b/element/f.877C71D71840E3B44FFEE8E46F2453AC.d.D65F9A718C719CBCE9FF6359679D8B5E.e.5810/click - {}
RESULT: {}
COMMAND: GET /session/bbf8399d9e363efb3412e2a9322d982b/screenshot - {}
RESULT: {}
COMMAND: POST /session/bbf8399d9e363efb3412e2a9322d982b/element - {"using":"xpath","value":"//span[@id = \"application-manageresources-display-component---newResourceUnit--catalogSelect-arrow\"]"}
RESULT: {"using":"xpath","value":"//span[@id = \"application-manageresources-display-component---newResourceUnit--catalogSelect-arrow\"]"}
COMMAND: POST /session/bbf8399d9e363efb3412e2a9322d982b/element/f.877C71D71840E3B44FFEE8E46F2453AC.d.D65F9A718C719CBCE9FF6359679D8B5E.e.5818/click - {}
RESULT: {}
COMMAND: GET /session/bbf8399d9e363efb3412e2a9322d982b/screenshot - {}
RESULT: {}
COMMAND: POST /session/bbf8399d9e363efb3412e2a9322d982b/element - {"using":"xpath","value":"//li[.//span[text()=\"Webshop Catalog\"]]"}
RESULT: {"using":"xpath","value":"//li[.//span[text()=\"Webshop Catalog\"]]"}
COMMAND: POST /session/bbf8399d9e363efb3412e2a9322d982b/element/f.877C71D71840E3B44FFEE8E46F2453AC.d.D65F9A718C719CBCE9FF6359679D8B5E.e.5819/click - {}
RESULT: {}
COMMAND: GET /session/bbf8399d9e363efb3412e2a9322d982b/screenshot - {}
RESULT: {}
COMMAND: POST /session/bbf8399d9e363efb3412e2a9322d982b/element - {"using":"xpath","value":"//span[@id = \"application-manageresources-display-component---newResourceUnit--catalogItemSelect-arrow\"]"}
RESULT: {"using":"xpath","value":"//span[@id = \"application-manageresources-display-component---newResourceUnit--catalogItemSelect-arrow\"]"}
COMMAND: POST /session/bbf8399d9e363efb3412e2a9322d982b/element/f.877C71D71840E3B44FFEE8E46F2453AC.d.D65F9A718C719CBCE9FF6359679D8B5E.e.5820/click - {}
RESULT: {}
COMMAND: GET /session/bbf8399d9e363efb3412e2a9322d982b/screenshot - {}
RESULT: {}
COMMAND: POST /session/bbf8399d9e363efb3412e2a9322d982b/element - {"using":"xpath","value":"//li[.//span[text()=\"Concert - Concert \"]]"}
RESULT: {"using":"xpath","value":"//li[.//span[text()=\"Concert - Concert \"]]"}
COMMAND: POST /session/bbf8399d9e363efb3412e2a9322d982b/element/f.877C71D71840E3B44FFEE8E46F2453AC.d.D65F9A718C719CBCE9FF6359679D8B5E.e.5821/click - {}
RESULT: {}
COMMAND: GET /session/bbf8399d9e363efb3412e2a9322d982b/screenshot - {}
RESULT: {}
COMMAND: POST /session/bbf8399d9e363efb3412e2a9322d982b/execute/async - {"script":"<script> [1562 bytes]","args":[{"selector":{"id":"application-manageresources-display-component---newResourceUnit--RUAssignmentSaveButton","searchOpenDialogs":true,"interaction":{"idSuffix":"BDI-content"}},"wdio_ui5_key":"applicationmanageresources-display-component---newResourceUnit--RUAssignmentSaveButton"}]}
RESULT: {"script":"<script> [1562 bytes]","args":[{"selector":{"id":"application-manageresources-display-component---newResourceUnit--RUAssignmentSaveButton","searchOpenDialogs":true,"interaction":{"idSuffix":"BDI-content"}},"wdio_ui5_key":"applicationmanageresources-display-component---newResourceUnit--RUAssignmentSaveButton"}]}
RESULT: undefined
COMMAND: POST /session/bbf8399d9e363efb3412e2a9322d982b/element - {"using":"xpath","value":"//*[@id=\"application-manageresources-display-component---newResourceUnit--RUAssignmentSaveButton\"]"}
RESULT: {"using":"xpath","value":"//*[@id=\"application-manageresources-display-component---newResourceUnit--RUAssignmentSaveButton\"]"}
COMMAND: POST /session/bbf8399d9e363efb3412e2a9322d982b/element/f.877C71D71840E3B44FFEE8E46F2453AC.d.D65F9A718C719CBCE9FF6359679D8B5E.e.5837/click - {}
RESULT: {}
COMMAND: GET /session/bbf8399d9e363efb3412e2a9322d982b/screenshot - {}
RESULT: {}
COMMAND: POST /session/bbf8399d9e363efb3412e2a9322d982b/element - {"using":"xpath","value":"//button[@data-kt=\"resourceUnitSaveButton\"]"}
RESULT: {"using":"xpath","value":"//button[@data-kt=\"resourceUnitSaveButton\"]"}
COMMAND: POST /session/bbf8399d9e363efb3412e2a9322d982b/element/f.877C71D71840E3B44FFEE8E46F2453AC.d.D65F9A718C719CBCE9FF6359679D8B5E.e.5734/click - {}
RESULT: {}
COMMAND: GET /session/bbf8399d9e363efb3412e2a9322d982b/screenshot - {}
RESULT: {}
COMMAND: POST /session/bbf8399d9e363efb3412e2a9322d982b/element - {"using":"xpath","value":"//bdi[contains(text(), \"Close\")]"}
RESULT: {"using":"xpath","value":"//bdi[contains(text(), \"Close\")]"}
COMMAND: POST /session/bbf8399d9e363efb3412e2a9322d982b/element/f.877C71D71840E3B44FFEE8E46F2453AC.d.D65F9A718C719CBCE9FF6359679D8B5E.e.5841/click - {}
RESULT: {}
COMMAND: GET /session/bbf8399d9e363efb3412e2a9322d982b/screenshot - {}
RESULT: {}
COMMAND: POST /session/bbf8399d9e363efb3412e2a9322d982b/element - {"using":"xpath","value":"//header[contains(@id, 'detailRruPage-headerTitle')]/div[1]/div[2]/div[2]/span[1]"}
RESULT: {"using":"xpath","value":"//header[contains(@id, 'detailRruPage-headerTitle')]/div[1]/div[2]/div[2]/span[1]"}
COMMAND: POST /session/bbf8399d9e363efb3412e2a9322d982b/elements - {"using":"xpath","value":"//header[contains(@id, 'detailRruPage-headerTitle')]/div[1]/div[2]/div[2]/span[1]"}
RESULT: {"using":"xpath","value":"//header[contains(@id, 'detailRruPage-headerTitle')]/div[1]/div[2]/div[2]/span[1]"}
COMMAND: POST /session/bbf8399d9e363efb3412e2a9322d982b/execute/sync - {"script":"<script> [56 bytes]","args":[{"element-6066-11e4-a52e-4f735466cecf":"f.877C71D71840E3B44FFEE8E46F2453AC.d.D65F9A718C719CBCE9FF6359679D8B5E.e.5871","ELEMENT":"f.877C71D71840E3B44FFEE8E46F2453AC.d.D65F9A718C719CBCE9FF6359679D8B5E.e.5871"}]}
RESULT: {"script":"<script> [56 bytes]","args":[{"element-6066-11e4-a52e-4f735466cecf":"f.877C71D71840E3B44FFEE8E46F2453AC.d.D65F9A718C719CBCE9FF6359679D8B5E.e.5871","ELEMENT":"f.877C71D71840E3B44FFEE8E46F2453AC.d.D65F9A718C719CBCE9FF6359679D8B5E.e.5871"}]}
COMMAND: POST /session/bbf8399d9e363efb3412e2a9322d982b/element - {"using":"css selector","value":"#shell-header-logo"}
COMMAND: GET /session/bbf8399d9e363efb3412e2a9322d982b/screenshot - {}
RESULT: {"using":"css selector","value":"#shell-header-logo"}
COMMAND: POST /session/bbf8399d9e363efb3412e2a9322d982b/element/f.877C71D71840E3B44FFEE8E46F2453AC.d.D65F9A718C719CBCE9FF6359679D8B5E.e.5325/click - {}
RESULT: {}
RESULT: {}
COMMAND: GET /session/bbf8399d9e363efb3412e2a9322d982b/screenshot - {}
RESULT: {}
]]></system-out>
    </testcase>
    <testcase classname="chrome.136_0_7103_93.windows.Yard_Overview_Autoplanning_US130989" name="Should create a new request and add the material" time="87.066">
      <system-out><![CDATA[
COMMAND: POST /session/bbf8399d9e363efb3412e2a9322d982b/execute/async - {"script":"<script> [1562 bytes]","args":[{"selector":{"controlType":"sap.m.GenericTile","properties":{"header":"Manage Requests"}},"wdio_ui5_key":"sapm.GenericTile{\"header\":\"Manage Requests\"}"}]}
RESULT: {"script":"<script> [1562 bytes]","args":[{"selector":{"controlType":"sap.m.GenericTile","properties":{"header":"Manage Requests"}},"wdio_ui5_key":"sapm.GenericTile{\"header\":\"Manage Requests\"}"}]}
RESULT: undefined
COMMAND: POST /session/bbf8399d9e363efb3412e2a9322d982b/element - {"using":"xpath","value":"//*[@id=\"__tile47\"]"}
RESULT: {"using":"xpath","value":"//*[@id=\"__tile47\"]"}
COMMAND: POST /session/bbf8399d9e363efb3412e2a9322d982b/element/f.877C71D71840E3B44FFEE8E46F2453AC.d.D65F9A718C719CBCE9FF6359679D8B5E.e.5311/click - {}
RESULT: {}
COMMAND: GET /session/bbf8399d9e363efb3412e2a9322d982b/screenshot - {}
RESULT: {}
COMMAND: POST /session/bbf8399d9e363efb3412e2a9322d982b/elements - {"using":"xpath","value":"//span[text()='Error']"}
RESULT: {"using":"xpath","value":"//span[text()='Error']"}
COMMAND: POST /session/bbf8399d9e363efb3412e2a9322d982b/execute/async - {"script":"<script> [1562 bytes]","args":[{"selector":{"id":"btnCreateNew","viewName":"etm.portal.ui.managerequests.view.Master","interaction":{"idSuffix":"inner"}},"wdio_ui5_key":"btnCreateNewetmportal.ui.managerequests.view.Master"}]}
RESULT: {"script":"<script> [1562 bytes]","args":[{"selector":{"id":"btnCreateNew","viewName":"etm.portal.ui.managerequests.view.Master","interaction":{"idSuffix":"inner"}},"wdio_ui5_key":"btnCreateNewetmportal.ui.managerequests.view.Master"}]}
RESULT: undefined
COMMAND: POST /session/bbf8399d9e363efb3412e2a9322d982b/element - {"using":"xpath","value":"//*[@id=\"__xmlview58--btnCreateNew\"]"}
RESULT: {"using":"xpath","value":"//*[@id=\"__xmlview58--btnCreateNew\"]"}
COMMAND: POST /session/bbf8399d9e363efb3412e2a9322d982b/element/f.877C71D71840E3B44FFEE8E46F2453AC.d.D65F9A718C719CBCE9FF6359679D8B5E.e.5930/click - {}
RESULT: {}
COMMAND: GET /session/bbf8399d9e363efb3412e2a9322d982b/screenshot - {}
RESULT: {}
COMMAND: POST /session/bbf8399d9e363efb3412e2a9322d982b/execute/async - {"script":"<script> [1562 bytes]","args":[{"selector":{"controlType":"sap.ui.core.Icon","viewName":"etm.portal.ui.managerequests.view.NewRequest","properties":{"src":{"regex":{"source":"full\\-screen"}}}},"wdio_ui5_key":"etmportal.ui.managerequests.view.NewRequestsap.ui.core.Icon{\"src\":{\"regex\":{\"source\":\"full\\\\-screen\"}}}"}]}
RESULT: {"script":"<script> [1562 bytes]","args":[{"selector":{"controlType":"sap.ui.core.Icon","viewName":"etm.portal.ui.managerequests.view.NewRequest","properties":{"src":{"regex":{"source":"full\\-screen"}}}},"wdio_ui5_key":"etmportal.ui.managerequests.view.NewRequestsap.ui.core.Icon{\"src\":{\"regex\":{\"source\":\"full\\\\-screen\"}}}"}]}
RESULT: undefined
COMMAND: POST /session/bbf8399d9e363efb3412e2a9322d982b/element - {"using":"xpath","value":"//*[@id=\"__button71-img\"]"}
RESULT: {"using":"xpath","value":"//*[@id=\"__button71-img\"]"}
COMMAND: POST /session/bbf8399d9e363efb3412e2a9322d982b/element/f.877C71D71840E3B44FFEE8E46F2453AC.d.D65F9A718C719CBCE9FF6359679D8B5E.e.6033/click - {}
RESULT: {}
COMMAND: GET /session/bbf8399d9e363efb3412e2a9322d982b/screenshot - {}
RESULT: {}
COMMAND: POST /session/bbf8399d9e363efb3412e2a9322d982b/element - {"using":"xpath","value":"//input[contains(@id ,\"yardId-inner\")]"}
RESULT: {"using":"xpath","value":"//input[contains(@id ,\"yardId-inner\")]"}
COMMAND: POST /session/bbf8399d9e363efb3412e2a9322d982b/element/f.877C71D71840E3B44FFEE8E46F2453AC.d.D65F9A718C719CBCE9FF6359679D8B5E.e.6057/value - {"text":"522"}
RESULT: {"text":"522"}
COMMAND: GET /session/bbf8399d9e363efb3412e2a9322d982b/screenshot - {}
RESULT: {}
COMMAND: POST /session/bbf8399d9e363efb3412e2a9322d982b/element - {"using":"xpath","value":"//li[.//span[text()='522']]"}
RESULT: {"using":"xpath","value":"//li[.//span[text()='522']]"}
COMMAND: POST /session/bbf8399d9e363efb3412e2a9322d982b/element/f.877C71D71840E3B44FFEE8E46F2453AC.d.D65F9A718C719CBCE9FF6359679D8B5E.e.6386/click - {}
RESULT: {}
COMMAND: GET /session/bbf8399d9e363efb3412e2a9322d982b/screenshot - {}
RESULT: {}
COMMAND: POST /session/bbf8399d9e363efb3412e2a9322d982b/element - {"using":"xpath","value":"//input[contains(@id ,\"customerNumber-inner\")]"}
RESULT: {"using":"xpath","value":"//input[contains(@id ,\"customerNumber-inner\")]"}
COMMAND: POST /session/bbf8399d9e363efb3412e2a9322d982b/element/f.877C71D71840E3B44FFEE8E46F2453AC.d.D65F9A718C719CBCE9FF6359679D8B5E.e.6053/clear - {}
RESULT: {}
COMMAND: POST /session/bbf8399d9e363efb3412e2a9322d982b/element/f.877C71D71840E3B44FFEE8E46F2453AC.d.D65F9A718C719CBCE9FF6359679D8B5E.e.6053/value - {"text":"1304"}
COMMAND: GET /session/bbf8399d9e363efb3412e2a9322d982b/screenshot - {}
RESULT: {"text":"1304"}
COMMAND: GET /session/bbf8399d9e363efb3412e2a9322d982b/screenshot - {}
RESULT: {}
RESULT: {}
COMMAND: POST /session/bbf8399d9e363efb3412e2a9322d982b/element - {"using":"xpath","value":"//li[.//span[text()='1304']]"}
RESULT: {"using":"xpath","value":"//li[.//span[text()='1304']]"}
COMMAND: POST /session/bbf8399d9e363efb3412e2a9322d982b/element/f.877C71D71840E3B44FFEE8E46F2453AC.d.D65F9A718C719CBCE9FF6359679D8B5E.e.6388/click - {}
RESULT: {}
COMMAND: GET /session/bbf8399d9e363efb3412e2a9322d982b/screenshot - {}
RESULT: {}
COMMAND: POST /session/bbf8399d9e363efb3412e2a9322d982b/element - {"using":"xpath","value":"//button[contains(@id ,\"btnAddTableRow\")]"}
RESULT: {"using":"xpath","value":"//button[contains(@id ,\"btnAddTableRow\")]"}
COMMAND: POST /session/bbf8399d9e363efb3412e2a9322d982b/element/f.877C71D71840E3B44FFEE8E46F2453AC.d.D65F9A718C719CBCE9FF6359679D8B5E.e.6266/click - {}
RESULT: {}
COMMAND: GET /session/bbf8399d9e363efb3412e2a9322d982b/screenshot - {}
RESULT: {}
COMMAND: POST /session/bbf8399d9e363efb3412e2a9322d982b/actions - {"actions":[{"id":"action18","type":"key","parameters":{},"actions":[{"type":"keyDown","value":"î€•"},{"type":"pause","duration":10},{"type":"keyUp","value":"î€•"}]}]}
RESULT: {"actions":[{"id":"action18","type":"key","parameters":{},"actions":[{"type":"keyDown","value":"î€•"},{"type":"pause","duration":10},{"type":"keyUp","value":"î€•"}]}]}
COMMAND: POST /session/bbf8399d9e363efb3412e2a9322d982b/actions - {"actions":[{"id":"action19","type":"key","parameters":{},"actions":[{"type":"keyDown","value":"î€‡"},{"type":"pause","duration":10},{"type":"keyUp","value":"î€‡"}]}]}
COMMAND: GET /session/bbf8399d9e363efb3412e2a9322d982b/screenshot - {}
RESULT: {"actions":[{"id":"action19","type":"key","parameters":{},"actions":[{"type":"keyDown","value":"î€‡"},{"type":"pause","duration":10},{"type":"keyUp","value":"î€‡"}]}]}
COMMAND: GET /session/bbf8399d9e363efb3412e2a9322d982b/screenshot - {}
RESULT: {}
RESULT: {}
COMMAND: POST /session/bbf8399d9e363efb3412e2a9322d982b/element - {"using":"xpath","value":"//table[contains(@id, \"requestItemsTable-listUl\")]//tbody/tr[1]/td[3]/div/div/input"}
RESULT: {"using":"xpath","value":"//table[contains(@id, \"requestItemsTable-listUl\")]//tbody/tr[1]/td[3]/div/div/input"}
COMMAND: POST /session/bbf8399d9e363efb3412e2a9322d982b/element/f.877C71D71840E3B44FFEE8E46F2453AC.d.D65F9A718C719CBCE9FF6359679D8B5E.e.6392/clear - {}
RESULT: {}
COMMAND: POST /session/bbf8399d9e363efb3412e2a9322d982b/element/f.877C71D71840E3B44FFEE8E46F2453AC.d.D65F9A718C719CBCE9FF6359679D8B5E.e.6392/value - {"text":"Concert"}
COMMAND: GET /session/bbf8399d9e363efb3412e2a9322d982b/screenshot - {}
RESULT: {"text":"Concert"}
COMMAND: GET /session/bbf8399d9e363efb3412e2a9322d982b/screenshot - {}
RESULT: {}
RESULT: {}
COMMAND: POST /session/bbf8399d9e363efb3412e2a9322d982b/element - {"using":"xpath","value":"//li[.//span[contains(text(), \"Concert\")]]"}
RESULT: {"using":"xpath","value":"//li[.//span[contains(text(), \"Concert\")]]"}
COMMAND: POST /session/bbf8399d9e363efb3412e2a9322d982b/element/f.877C71D71840E3B44FFEE8E46F2453AC.d.D65F9A718C719CBCE9FF6359679D8B5E.e.6403/click - {}
RESULT: {}
COMMAND: GET /session/bbf8399d9e363efb3412e2a9322d982b/screenshot - {}
RESULT: {}
COMMAND: POST /session/bbf8399d9e363efb3412e2a9322d982b/execute/async - {"script":"<script> [1562 bytes]","args":[{"selector":{"controlType":"sap.ui.core.Icon","viewName":"etm.portal.ui.managerequests.view.NewRequest","properties":{"src":{"regex":{"source":"message\\-error"}}},"ancestor":{"controlType":"sap.m.ColumnListItem","viewName":"etm.portal.ui.managerequests.view.NewRequest","bindingPath":{"modelName":"newRequestItems","path":"/RequestItems/0"},"ancestor":{"id":"requestItemsTable","viewName":"etm.portal.ui.managerequests.view.NewRequest"}}},"wdio_ui5_key":"etmportal.ui.managerequests.view.NewRequestsap.ui.core.Icon{\"src\":{\"regex\":{\"source\":\"message\\\\-error\"}}}{\"controlType\":\"sap.m.ColumnListItem\",\"viewName\":\"etm.portal.ui.managerequests.view.NewRequest\",\"bindingPath\":{\"modelName\":\"newRequestItems\",\"path\":\"/RequestItems/0\"},\"ancestor\":{\"id\":\"requestItemsTable\",\"viewName\":\"etm.portal.ui.managerequests.view.NewRequest\"}}"}]}
RESULT: {"script":"<script> [1562 bytes]","args":[{"selector":{"controlType":"sap.ui.core.Icon","viewName":"etm.portal.ui.managerequests.view.NewRequest","properties":{"src":{"regex":{"source":"message\\-error"}}},"ancestor":{"controlType":"sap.m.ColumnListItem","viewName":"etm.portal.ui.managerequests.view.NewRequest","bindingPath":{"modelName":"newRequestItems","path":"/RequestItems/0"},"ancestor":{"id":"requestItemsTable","viewName":"etm.portal.ui.managerequests.view.NewRequest"}}},"wdio_ui5_key":"etmportal.ui.managerequests.view.NewRequestsap.ui.core.Icon{\"src\":{\"regex\":{\"source\":\"message\\\\-error\"}}}{\"controlType\":\"sap.m.ColumnListItem\",\"viewName\":\"etm.portal.ui.managerequests.view.NewRequest\",\"bindingPath\":{\"modelName\":\"newRequestItems\",\"path\":\"/RequestItems/0\"},\"ancestor\":{\"id\":\"requestItemsTable\",\"viewName\":\"etm.portal.ui.managerequests.view.NewRequest\"}}"}]}
RESULT: undefined
COMMAND: POST /session/bbf8399d9e363efb3412e2a9322d982b/element - {"using":"xpath","value":"//*[@id=\"__status10-__xmlview59--requestItemsTable-0-icon\"]"}
RESULT: {"using":"xpath","value":"//*[@id=\"__status10-__xmlview59--requestItemsTable-0-icon\"]"}
COMMAND: POST /session/bbf8399d9e363efb3412e2a9322d982b/element/f.877C71D71840E3B44FFEE8E46F2453AC.d.D65F9A718C719CBCE9FF6359679D8B5E.e.6404/click - {}
RESULT: {}
COMMAND: POST /session/bbf8399d9e363efb3412e2a9322d982b/execute/async - {"script":"<script> [1562 bytes]","args":[{"selector":{"controlType":"sap.ui.core.Icon","viewName":"etm.portal.ui.managerequests.view.NewRequest","properties":{"src":{"regex":{"source":"slim\\-arrow\\-down"}}},"searchOpenDialogs":true,"ancestor":{"id":"costObjectAdminTypeComboBox","viewName":"etm.portal.ui.managerequests.view.NewRequest","searchOpenDialogs":true}},"wdio_ui5_key":"etmportal.ui.managerequests.view.NewRequestsap.ui.core.Icon{\"src\":{\"regex\":{\"source\":\"slim\\\\-arrow\\\\-down\"}}}{\"id\":\"costObjectAdminTypeComboBox\",\"viewName\":\"etm.portal.ui.managerequests.view.NewRequest\",\"searchOpenDialogs\":true}"}]}
COMMAND: GET /session/bbf8399d9e363efb3412e2a9322d982b/screenshot - {}
RESULT: {"script":"<script> [1562 bytes]","args":[{"selector":{"controlType":"sap.ui.core.Icon","viewName":"etm.portal.ui.managerequests.view.NewRequest","properties":{"src":{"regex":{"source":"slim\\-arrow\\-down"}}},"searchOpenDialogs":true,"ancestor":{"id":"costObjectAdminTypeComboBox","viewName":"etm.portal.ui.managerequests.view.NewRequest","searchOpenDialogs":true}},"wdio_ui5_key":"etmportal.ui.managerequests.view.NewRequestsap.ui.core.Icon{\"src\":{\"regex\":{\"source\":\"slim\\\\-arrow\\\\-down\"}}}{\"id\":\"costObjectAdminTypeComboBox\",\"viewName\":\"etm.portal.ui.managerequests.view.NewRequest\",\"searchOpenDialogs\":true}"}]}
RESULT: undefined
COMMAND: POST /session/bbf8399d9e363efb3412e2a9322d982b/element - {"using":"xpath","value":"//*[@id=\"__xmlview59--costObjectAdminTypeComboBox-arrow\"]"}
RESULT: {}
RESULT: {"using":"xpath","value":"//*[@id=\"__xmlview59--costObjectAdminTypeComboBox-arrow\"]"}
COMMAND: POST /session/bbf8399d9e363efb3412e2a9322d982b/element/f.877C71D71840E3B44FFEE8E46F2453AC.d.D65F9A718C719CBCE9FF6359679D8B5E.e.6409/click - {}
RESULT: {}
COMMAND: GET /session/bbf8399d9e363efb3412e2a9322d982b/screenshot - {}
RESULT: {}
COMMAND: POST /session/bbf8399d9e363efb3412e2a9322d982b/execute/async - {"script":"<script> [1562 bytes]","args":[{"selector":{"controlType":"sap.m.StandardListItem","viewName":"etm.portal.ui.managerequests.view.NewRequest","properties":{"title":"Cost Center"},"searchOpenDialogs":true,"interaction":{"idSuffix":"content"}},"wdio_ui5_key":"etmportal.ui.managerequests.view.NewRequestsap.m.StandardListItem{\"title\":\"Cost Center\"}"}]}
RESULT: {"script":"<script> [1562 bytes]","args":[{"selector":{"controlType":"sap.m.StandardListItem","viewName":"etm.portal.ui.managerequests.view.NewRequest","properties":{"title":"Cost Center"},"searchOpenDialogs":true,"interaction":{"idSuffix":"content"}},"wdio_ui5_key":"etmportal.ui.managerequests.view.NewRequestsap.m.StandardListItem{\"title\":\"Cost Center\"}"}]}
RESULT: undefined
COMMAND: POST /session/bbf8399d9e363efb3412e2a9322d982b/element - {"using":"xpath","value":"//*[@id=\"__item1515\"]"}
RESULT: {"using":"xpath","value":"//*[@id=\"__item1515\"]"}
COMMAND: POST /session/bbf8399d9e363efb3412e2a9322d982b/element/f.877C71D71840E3B44FFEE8E46F2453AC.d.D65F9A718C719CBCE9FF6359679D8B5E.e.6412/click - {}
RESULT: {}
COMMAND: GET /session/bbf8399d9e363efb3412e2a9322d982b/screenshot - {}
RESULT: {}
COMMAND: POST /session/bbf8399d9e363efb3412e2a9322d982b/execute/async - {"script":"<script> [1562 bytes]","args":[{"selector":{"controlType":"sap.m.Button","viewName":"etm.portal.ui.managerequests.view.NewRequest","i18NText":{"propertyName":"text","key":"save"},"searchOpenDialogs":true,"interaction":{"idSuffix":"inner"}},"wdio_ui5_key":"etmportal.ui.managerequests.view.NewRequestsap.m.Button{\"propertyName\":\"text\",\"key\":\"save\"}"}]}
RESULT: {"script":"<script> [1562 bytes]","args":[{"selector":{"controlType":"sap.m.Button","viewName":"etm.portal.ui.managerequests.view.NewRequest","i18NText":{"propertyName":"text","key":"save"},"searchOpenDialogs":true,"interaction":{"idSuffix":"inner"}},"wdio_ui5_key":"etmportal.ui.managerequests.view.NewRequestsap.m.Button{\"propertyName\":\"text\",\"key\":\"save\"}"}]}
RESULT: undefined
COMMAND: POST /session/bbf8399d9e363efb3412e2a9322d982b/element - {"using":"xpath","value":"//*[@id=\"__button87\"]"}
RESULT: {"using":"xpath","value":"//*[@id=\"__button87\"]"}
COMMAND: POST /session/bbf8399d9e363efb3412e2a9322d982b/element/f.877C71D71840E3B44FFEE8E46F2453AC.d.D65F9A718C719CBCE9FF6359679D8B5E.e.6420/click - {}
RESULT: {}
COMMAND: GET /session/bbf8399d9e363efb3412e2a9322d982b/screenshot - {}
RESULT: {}
COMMAND: POST /session/bbf8399d9e363efb3412e2a9322d982b/execute/async - {"script":"<script> [1562 bytes]","args":[{"selector":{"controlType":"sap.m.Button","viewName":"etm.portal.ui.managerequests.view.NewRequest","i18NText":{"propertyName":"tooltip","key":"save"},"interaction":{"idSuffix":"BDI-content"}},"wdio_ui5_key":"etmportal.ui.managerequests.view.NewRequestsap.m.Button{\"propertyName\":\"tooltip\",\"key\":\"save\"}"}]}
RESULT: {"script":"<script> [1562 bytes]","args":[{"selector":{"controlType":"sap.m.Button","viewName":"etm.portal.ui.managerequests.view.NewRequest","i18NText":{"propertyName":"tooltip","key":"save"},"interaction":{"idSuffix":"BDI-content"}},"wdio_ui5_key":"etmportal.ui.managerequests.view.NewRequestsap.m.Button{\"propertyName\":\"tooltip\",\"key\":\"save\"}"}]}
RESULT: undefined
COMMAND: POST /session/bbf8399d9e363efb3412e2a9322d982b/element - {"using":"xpath","value":"//*[@id=\"__button78\"]"}
RESULT: {"using":"xpath","value":"//*[@id=\"__button78\"]"}
COMMAND: POST /session/bbf8399d9e363efb3412e2a9322d982b/element/f.877C71D71840E3B44FFEE8E46F2453AC.d.D65F9A718C719CBCE9FF6359679D8B5E.e.6272/click - {}
RESULT: {}
COMMAND: POST /session/bbf8399d9e363efb3412e2a9322d982b/execute/async - {"script":"<script> [1562 bytes]","args":[{"selector":{"controlType":"sap.m.Button","properties":{"text":"Close"},"searchOpenDialogs":true,"interaction":{"idSuffix":"inner"}},"wdio_ui5_key":"sapm.Button{\"text\":\"Close\"}"}]}
COMMAND: GET /session/bbf8399d9e363efb3412e2a9322d982b/screenshot - {}
RESULT: {"script":"<script> [1562 bytes]","args":[{"selector":{"controlType":"sap.m.Button","properties":{"text":"Close"},"searchOpenDialogs":true,"interaction":{"idSuffix":"inner"}},"wdio_ui5_key":"sapm.Button{\"text\":\"Close\"}"}]}
RESULT: undefined
COMMAND: POST /session/bbf8399d9e363efb3412e2a9322d982b/element - {"using":"xpath","value":"//*[@id=\"__mbox-btn-1\"]"}
RESULT: {}
RESULT: {"using":"xpath","value":"//*[@id=\"__mbox-btn-1\"]"}
COMMAND: POST /session/bbf8399d9e363efb3412e2a9322d982b/element/f.877C71D71840E3B44FFEE8E46F2453AC.d.D65F9A718C719CBCE9FF6359679D8B5E.e.6423/click - {}
RESULT: {}
COMMAND: GET /session/bbf8399d9e363efb3412e2a9322d982b/screenshot - {}
RESULT: {}
COMMAND: POST /session/bbf8399d9e363efb3412e2a9322d982b/execute/async - {"script":"<script> [1562 bytes]","args":[{"selector":{"controlType":"sap.m.Text","viewName":"etm.portal.ui.managerequests.view.Detail","bindingPath":{"propertyPath":"NO","modelName":"catalogModel"}},"wdio_ui5_key":"etmportal.ui.managerequests.view.Detailsap.m.Text{\"propertyPath\":\"NO\",\"modelName\":\"catalogModel\"}"}]}
RESULT: {"script":"<script> [1562 bytes]","args":[{"selector":{"controlType":"sap.m.Text","viewName":"etm.portal.ui.managerequests.view.Detail","bindingPath":{"propertyPath":"NO","modelName":"catalogModel"}},"wdio_ui5_key":"etmportal.ui.managerequests.view.Detailsap.m.Text{\"propertyPath\":\"NO\",\"modelName\":\"catalogModel\"}"}]}
RESULT: undefined
COMMAND: POST /session/bbf8399d9e363efb3412e2a9322d982b/execute/async - {"script":"<script> [6424 bytes]","args":[{"element-6066-11e4-a52e-4f735466cecf":"f.877C71D71840E3B44FFEE8E46F2453AC.d.D65F9A718C719CBCE9FF6359679D8B5E.e.6723"},"getText",[]]}
RESULT: {"script":"<script> [6424 bytes]","args":[{"element-6066-11e4-a52e-4f735466cecf":"f.877C71D71840E3B44FFEE8E46F2453AC.d.D65F9A718C719CBCE9FF6359679D8B5E.e.6723"},"getText",[]]}
COMMAND: POST /session/bbf8399d9e363efb3412e2a9322d982b/element - {"using":"css selector","value":"#shell-header-logo"}
RESULT: {"using":"css selector","value":"#shell-header-logo"}
COMMAND: POST /session/bbf8399d9e363efb3412e2a9322d982b/element/f.877C71D71840E3B44FFEE8E46F2453AC.d.D65F9A718C719CBCE9FF6359679D8B5E.e.5877/click - {}
RESULT: {}
COMMAND: GET /session/bbf8399d9e363efb3412e2a9322d982b/screenshot - {}
RESULT: {}
]]></system-out>
    </testcase>
    <testcase classname="chrome.136_0_7103_93.windows.Yard_Overview_Autoplanning_US130989" name="Should navigate to Yard overview and plan the request" time="142.002">
      <system-out><![CDATA[
COMMAND: POST /session/bbf8399d9e363efb3412e2a9322d982b/execute/async - {"script":"<script> [1562 bytes]","args":[{"selector":{"controlType":"sap.m.GenericTile","properties":{"header":"Yard Overview"}},"wdio_ui5_key":"sapm.GenericTile{\"header\":\"Yard Overview\"}"}]}
RESULT: {"script":"<script> [1562 bytes]","args":[{"selector":{"controlType":"sap.m.GenericTile","properties":{"header":"Yard Overview"}},"wdio_ui5_key":"sapm.GenericTile{\"header\":\"Yard Overview\"}"}]}
RESULT: undefined
COMMAND: POST /session/bbf8399d9e363efb3412e2a9322d982b/element - {"using":"xpath","value":"//*[@id=\"__tile102\"]"}
RESULT: {"using":"xpath","value":"//*[@id=\"__tile102\"]"}
COMMAND: POST /session/bbf8399d9e363efb3412e2a9322d982b/element/f.877C71D71840E3B44FFEE8E46F2453AC.d.D65F9A718C719CBCE9FF6359679D8B5E.e.6727/click - {}
RESULT: {}
COMMAND: GET /session/bbf8399d9e363efb3412e2a9322d982b/screenshot - {}
COMMAND: POST /session/bbf8399d9e363efb3412e2a9322d982b/elements - {"using":"xpath","value":"//span[text()='Error']"}
RESULT: {}
RESULT: {"using":"xpath","value":"//span[text()='Error']"}
COMMAND: POST /session/bbf8399d9e363efb3412e2a9322d982b/execute/async - {"script":"<script> [1562 bytes]","args":[{"selector":{"id":"application-yardoverview-display-component---masterYardInventory--smartFilterBar-btnBasicSearch","interaction":{"idSuffix":"I"}},"wdio_ui5_key":"applicationyardoverview-display-component---masterYardInventory--smartFilterBar-btnBasicSearch"}]}
RESULT: {"script":"<script> [1562 bytes]","args":[{"selector":{"id":"application-yardoverview-display-component---masterYardInventory--smartFilterBar-btnBasicSearch","interaction":{"idSuffix":"I"}},"wdio_ui5_key":"applicationyardoverview-display-component---masterYardInventory--smartFilterBar-btnBasicSearch"}]}
RESULT: undefined
COMMAND: POST /session/bbf8399d9e363efb3412e2a9322d982b/execute/async - {"script":"<script> [776 bytes]","args":[{"enterText":"522","selector":{"id":"application-yardoverview-display-component---masterYardInventory--smartFilterBar-btnBasicSearch","interaction":{"idSuffix":"I"}},"clearTextFirst":true,"interactionType":"ENTER_TEXT"}]}
RESULT: {"script":"<script> [776 bytes]","args":[{"enterText":"522","selector":{"id":"application-yardoverview-display-component---masterYardInventory--smartFilterBar-btnBasicSearch","interaction":{"idSuffix":"I"}},"clearTextFirst":true,"interactionType":"ENTER_TEXT"}]}
COMMAND: POST /session/bbf8399d9e363efb3412e2a9322d982b/actions - {"actions":[{"id":"action20","type":"key","parameters":{},"actions":[{"type":"keyDown","value":"î€‡"},{"type":"pause","duration":10},{"type":"keyUp","value":"î€‡"}]}]}
RESULT: {"actions":[{"id":"action20","type":"key","parameters":{},"actions":[{"type":"keyDown","value":"î€‡"},{"type":"pause","duration":10},{"type":"keyUp","value":"î€‡"}]}]}
COMMAND: GET /session/bbf8399d9e363efb3412e2a9322d982b/screenshot - {}
RESULT: {}
COMMAND: POST /session/bbf8399d9e363efb3412e2a9322d982b/execute/async - {"script":"<script> [1562 bytes]","args":[{"selector":{"controlType":"sap.m.Text","viewName":"etm.portal.ui.yardoverview.view.Master","viewId":"application-yardoverview-display-component---masterYardInventory","bindingPath":{"propertyPath":"ID"}},"wdio_ui5_key":"etmportal.ui.yardoverview.view.Mastersap.m.Text{\"propertyPath\":\"ID\"}"}]}
RESULT: {"script":"<script> [1562 bytes]","args":[{"selector":{"controlType":"sap.m.Text","viewName":"etm.portal.ui.yardoverview.view.Master","viewId":"application-yardoverview-display-component---masterYardInventory","bindingPath":{"propertyPath":"ID"}},"wdio_ui5_key":"etmportal.ui.yardoverview.view.Mastersap.m.Text{\"propertyPath\":\"ID\"}"}]}
RESULT: undefined
COMMAND: POST /session/bbf8399d9e363efb3412e2a9322d982b/element - {"using":"xpath","value":"//*[@id=\"__text882-__clone2735\"]"}
RESULT: {"using":"xpath","value":"//*[@id=\"__text882-__clone2735\"]"}
COMMAND: POST /session/bbf8399d9e363efb3412e2a9322d982b/element/f.877C71D71840E3B44FFEE8E46F2453AC.d.D65F9A718C719CBCE9FF6359679D8B5E.e.6797/click - {}
RESULT: {}
COMMAND: GET /session/bbf8399d9e363efb3412e2a9322d982b/screenshot - {}
RESULT: {}
COMMAND: POST /session/bbf8399d9e363efb3412e2a9322d982b/execute/async - {"script":"<script> [1562 bytes]","args":[{"selector":{"id":"application-yardoverview-display-component---detailYardInventory--ObjectPageLayout-anchBar-application-yardoverview-display-component---detailYardInventory--openRequestsSection-anchor","interaction":{"idSuffix":"BDI-content"}},"wdio_ui5_key":"applicationyardoverview-display-component---detailYardInventory--ObjectPageLayout-anchBar-application-yardoverview-display-component---detailYardInventory--openRequestsSection-anchor"}]}
RESULT: {"script":"<script> [1562 bytes]","args":[{"selector":{"id":"application-yardoverview-display-component---detailYardInventory--ObjectPageLayout-anchBar-application-yardoverview-display-component---detailYardInventory--openRequestsSection-anchor","interaction":{"idSuffix":"BDI-content"}},"wdio_ui5_key":"applicationyardoverview-display-component---detailYardInventory--ObjectPageLayout-anchBar-application-yardoverview-display-component---detailYardInventory--openRequestsSection-anchor"}]}
RESULT: undefined
COMMAND: POST /session/bbf8399d9e363efb3412e2a9322d982b/element - {"using":"xpath","value":"//*[@id=\"application-yardoverview-display-component---detailYardInventory--ObjectPageLayout-anchBar-application-yardoverview-display-component---detailYardInventory--openRequestsSection-anchor\"]"}
RESULT: {"using":"xpath","value":"//*[@id=\"application-yardoverview-display-component---detailYardInventory--ObjectPageLayout-anchBar-application-yardoverview-display-component---detailYardInventory--openRequestsSection-anchor\"]"}
COMMAND: POST /session/bbf8399d9e363efb3412e2a9322d982b/element/f.877C71D71840E3B44FFEE8E46F2453AC.d.D65F9A718C719CBCE9FF6359679D8B5E.e.6889/click - {}
RESULT: {}
COMMAND: GET /session/bbf8399d9e363efb3412e2a9322d982b/screenshot - {}
RESULT: {}
COMMAND: POST /session/bbf8399d9e363efb3412e2a9322d982b/element - {"using":"xpath","value":"//input[contains(@aria-labelledby ,\"INTERNAL_GROUP-request\")]"}
RESULT: {"using":"xpath","value":"//input[contains(@aria-labelledby ,\"INTERNAL_GROUP-request\")]"}
COMMAND: POST /session/bbf8399d9e363efb3412e2a9322d982b/element/f.877C71D71840E3B44FFEE8E46F2453AC.d.D65F9A718C719CBCE9FF6359679D8B5E.e.6900/clear - {}
RESULT: {}
COMMAND: POST /session/bbf8399d9e363efb3412e2a9322d982b/element/f.877C71D71840E3B44FFEE8E46F2453AC.d.D65F9A718C719CBCE9FF6359679D8B5E.e.6900/value - {"text":"20156"}
COMMAND: GET /session/bbf8399d9e363efb3412e2a9322d982b/screenshot - {}
RESULT: {"text":"20156"}
COMMAND: GET /session/bbf8399d9e363efb3412e2a9322d982b/screenshot - {}
RESULT: {}
RESULT: {}
COMMAND: POST /session/bbf8399d9e363efb3412e2a9322d982b/actions - {"actions":[{"id":"action21","type":"key","parameters":{},"actions":[{"type":"keyDown","value":"î€‡"},{"type":"pause","duration":10},{"type":"keyUp","value":"î€‡"}]}]}
RESULT: {"actions":[{"id":"action21","type":"key","parameters":{},"actions":[{"type":"keyDown","value":"î€‡"},{"type":"pause","duration":10},{"type":"keyUp","value":"î€‡"}]}]}
COMMAND: POST /session/bbf8399d9e363efb3412e2a9322d982b/element - {"using":"xpath","value":"//button[contains(@id,\"openRequests-triggerAction-autoplanBtn\")]"}
COMMAND: GET /session/bbf8399d9e363efb3412e2a9322d982b/screenshot - {}
RESULT: {"using":"xpath","value":"//button[contains(@id,\"openRequests-triggerAction-autoplanBtn\")]"}
COMMAND: POST /session/bbf8399d9e363efb3412e2a9322d982b/element/f.877C71D71840E3B44FFEE8E46F2453AC.d.D65F9A718C719CBCE9FF6359679D8B5E.e.6921/click - {}
RESULT: {}
RESULT: {}
COMMAND: GET /session/bbf8399d9e363efb3412e2a9322d982b/screenshot - {}
RESULT: {}
COMMAND: POST /session/bbf8399d9e363efb3412e2a9322d982b/execute/async - {"script":"<script> [1562 bytes]","args":[{"selector":{"id":"application-yardoverview-display-component---detailYardInventory--customRequestsTable-sa","interaction":{"idSuffix":"CbBg"}},"wdio_ui5_key":"applicationyardoverview-display-component---detailYardInventory--customRequestsTable-sa"}]}
RESULT: {"script":"<script> [1562 bytes]","args":[{"selector":{"id":"application-yardoverview-display-component---detailYardInventory--customRequestsTable-sa","interaction":{"idSuffix":"CbBg"}},"wdio_ui5_key":"applicationyardoverview-display-component---detailYardInventory--customRequestsTable-sa"}]}
RESULT: undefined
COMMAND: POST /session/bbf8399d9e363efb3412e2a9322d982b/element - {"using":"xpath","value":"//*[@id=\"application-yardoverview-display-component---detailYardInventory--customRequestsTable-sa\"]"}
RESULT: {"using":"xpath","value":"//*[@id=\"application-yardoverview-display-component---detailYardInventory--customRequestsTable-sa\"]"}
COMMAND: POST /session/bbf8399d9e363efb3412e2a9322d982b/element/f.877C71D71840E3B44FFEE8E46F2453AC.d.D65F9A718C719CBCE9FF6359679D8B5E.e.6944/click - {}
RESULT: {}
COMMAND: GET /session/bbf8399d9e363efb3412e2a9322d982b/screenshot - {}
RESULT: {}
COMMAND: POST /session/bbf8399d9e363efb3412e2a9322d982b/element - {"using":"xpath","value":"//button[contains(@id,\"openRequests-triggerAction-autoplanBtn\")]"}
RESULT: {"using":"xpath","value":"//button[contains(@id,\"openRequests-triggerAction-autoplanBtn\")]"}
COMMAND: POST /session/bbf8399d9e363efb3412e2a9322d982b/element/f.877C71D71840E3B44FFEE8E46F2453AC.d.D65F9A718C719CBCE9FF6359679D8B5E.e.6921/click - {}
RESULT: {}
COMMAND: GET /session/bbf8399d9e363efb3412e2a9322d982b/screenshot - {}
RESULT: {}
COMMAND: POST /session/bbf8399d9e363efb3412e2a9322d982b/element - {"using":"xpath","value":"//button[.//bdi[contains(text(),\"OK\")]]"}
RESULT: {"using":"xpath","value":"//button[.//bdi[contains(text(),\"OK\")]]"}
COMMAND: POST /session/bbf8399d9e363efb3412e2a9322d982b/element/f.877C71D71840E3B44FFEE8E46F2453AC.d.D65F9A718C719CBCE9FF6359679D8B5E.e.6945/click - {}
RESULT: {}
COMMAND: GET /session/bbf8399d9e363efb3412e2a9322d982b/screenshot - {}
RESULT: {}
COMMAND: POST /session/bbf8399d9e363efb3412e2a9322d982b/execute/async - {"script":"<script> [1562 bytes]","args":[{"selector":{"id":"application-yardoverview-display-component---detailYardInventory--refreshOpenRequests-img"},"wdio_ui5_key":"applicationyardoverview-display-component---detailYardInventory--refreshOpenRequests-img"}]}
RESULT: {"script":"<script> [1562 bytes]","args":[{"selector":{"id":"application-yardoverview-display-component---detailYardInventory--refreshOpenRequests-img"},"wdio_ui5_key":"applicationyardoverview-display-component---detailYardInventory--refreshOpenRequests-img"}]}
RESULT: undefined
COMMAND: POST /session/bbf8399d9e363efb3412e2a9322d982b/element - {"using":"xpath","value":"//*[@id=\"application-yardoverview-display-component---detailYardInventory--refreshOpenRequests-img\"]"}
RESULT: {"using":"xpath","value":"//*[@id=\"application-yardoverview-display-component---detailYardInventory--refreshOpenRequests-img\"]"}
COMMAND: POST /session/bbf8399d9e363efb3412e2a9322d982b/element/f.877C71D71840E3B44FFEE8E46F2453AC.d.D65F9A718C719CBCE9FF6359679D8B5E.e.6947/click - {}
RESULT: {}
COMMAND: GET /session/bbf8399d9e363efb3412e2a9322d982b/screenshot - {}
RESULT: {}
COMMAND: POST /session/bbf8399d9e363efb3412e2a9322d982b/execute/async - {"script":"<script> [1562 bytes]","args":[{"selector":{"id":"application-yardoverview-display-component---detailYardInventory--ObjectPageLayout-anchBar-application-yardoverview-display-component---detailYardInventory--openProvidesSection-anchor","interaction":{"idSuffix":"BDI-content"}},"wdio_ui5_key":"applicationyardoverview-display-component---detailYardInventory--ObjectPageLayout-anchBar-application-yardoverview-display-component---detailYardInventory--openProvidesSection-anchor"}]}
RESULT: {"script":"<script> [1562 bytes]","args":[{"selector":{"id":"application-yardoverview-display-component---detailYardInventory--ObjectPageLayout-anchBar-application-yardoverview-display-component---detailYardInventory--openProvidesSection-anchor","interaction":{"idSuffix":"BDI-content"}},"wdio_ui5_key":"applicationyardoverview-display-component---detailYardInventory--ObjectPageLayout-anchBar-application-yardoverview-display-component---detailYardInventory--openProvidesSection-anchor"}]}
RESULT: undefined
COMMAND: POST /session/bbf8399d9e363efb3412e2a9322d982b/element - {"using":"xpath","value":"//*[@id=\"application-yardoverview-display-component---detailYardInventory--ObjectPageLayout-anchBar-application-yardoverview-display-component---detailYardInventory--openProvidesSection-anchor\"]"}
RESULT: {"using":"xpath","value":"//*[@id=\"application-yardoverview-display-component---detailYardInventory--ObjectPageLayout-anchBar-application-yardoverview-display-component---detailYardInventory--openProvidesSection-anchor\"]"}
COMMAND: POST /session/bbf8399d9e363efb3412e2a9322d982b/element/f.877C71D71840E3B44FFEE8E46F2453AC.d.D65F9A718C719CBCE9FF6359679D8B5E.e.6951/click - {}
RESULT: {}
COMMAND: GET /session/bbf8399d9e363efb3412e2a9322d982b/screenshot - {}
RESULT: {}
COMMAND: POST /session/bbf8399d9e363efb3412e2a9322d982b/element - {"using":"css selector","value":"#shell-header-logo"}
RESULT: {"using":"css selector","value":"#shell-header-logo"}
COMMAND: POST /session/bbf8399d9e363efb3412e2a9322d982b/element/f.877C71D71840E3B44FFEE8E46F2453AC.d.D65F9A718C719CBCE9FF6359679D8B5E.e.6729/click - {}
RESULT: {}
COMMAND: GET /session/bbf8399d9e363efb3412e2a9322d982b/screenshot - {}
RESULT: {}
RESULT: undefined
COMMAND: POST /session/bbf8399d9e363efb3412e2a9322d982b/element - {"using":"xpath","value":"//*[@id=\"__tile47\"]"}
RESULT: {"using":"xpath","value":"//*[@id=\"__tile47\"]"}
COMMAND: POST /session/bbf8399d9e363efb3412e2a9322d982b/element/f.877C71D71840E3B44FFEE8E46F2453AC.d.D65F9A718C719CBCE9FF6359679D8B5E.e.5311/click - {}
RESULT: {}
COMMAND: GET /session/bbf8399d9e363efb3412e2a9322d982b/screenshot - {}
RESULT: {}
COMMAND: POST /session/bbf8399d9e363efb3412e2a9322d982b/elements - {"using":"xpath","value":"//span[text()='Error']"}
RESULT: {"using":"xpath","value":"//span[text()='Error']"}
COMMAND: POST /session/bbf8399d9e363efb3412e2a9322d982b/execute/async - {"script":"<script> [1562 bytes]","args":[{"selector":{"controlType":"sap.m.SearchField","viewName":"etm.portal.ui.managerequests.view.Master","bindingPath":{"path":"","propertyPath":"/_BASIC_SEARCH_FIELD","modelName":"fi1t3rM0d31"},"interaction":{"idSuffix":"I"}},"wdio_ui5_key":"etmportal.ui.managerequests.view.Mastersap.m.SearchField{\"path\":\"\",\"propertyPath\":\"/_BASIC_SEARCH_FIELD\",\"modelName\":\"fi1t3rM0d31\"}"}]}
RESULT: {"script":"<script> [1562 bytes]","args":[{"selector":{"controlType":"sap.m.SearchField","viewName":"etm.portal.ui.managerequests.view.Master","bindingPath":{"path":"","propertyPath":"/_BASIC_SEARCH_FIELD","modelName":"fi1t3rM0d31"},"interaction":{"idSuffix":"I"}},"wdio_ui5_key":"etmportal.ui.managerequests.view.Mastersap.m.SearchField{\"path\":\"\",\"propertyPath\":\"/_BASIC_SEARCH_FIELD\",\"modelName\":\"fi1t3rM0d31\"}"}]}
RESULT: undefined
COMMAND: POST /session/bbf8399d9e363efb3412e2a9322d982b/execute/async - {"script":"<script> [776 bytes]","args":[{"enterText":"20156","selector":{"controlType":"sap.m.SearchField","viewName":"etm.portal.ui.managerequests.view.Master","bindingPath":{"path":"","propertyPath":"/_BASIC_SEARCH_FIELD","modelName":"fi1t3rM0d31"},"interaction":{"idSuffix":"I"}},"clearTextFirst":true,"interactionType":"ENTER_TEXT"}]}
RESULT: {"script":"<script> [776 bytes]","args":[{"enterText":"20156","selector":{"controlType":"sap.m.SearchField","viewName":"etm.portal.ui.managerequests.view.Master","bindingPath":{"path":"","propertyPath":"/_BASIC_SEARCH_FIELD","modelName":"fi1t3rM0d31"},"interaction":{"idSuffix":"I"}},"clearTextFirst":true,"interactionType":"ENTER_TEXT"}]}
COMMAND: POST /session/bbf8399d9e363efb3412e2a9322d982b/actions - {"actions":[{"id":"action22","type":"key","parameters":{},"actions":[{"type":"keyDown","value":"î€‡"},{"type":"pause","duration":10},{"type":"keyUp","value":"î€‡"}]}]}
RESULT: {"actions":[{"id":"action22","type":"key","parameters":{},"actions":[{"type":"keyDown","value":"î€‡"},{"type":"pause","duration":10},{"type":"keyUp","value":"î€‡"}]}]}
COMMAND: GET /session/bbf8399d9e363efb3412e2a9322d982b/screenshot - {}
RESULT: {}
COMMAND: POST /session/bbf8399d9e363efb3412e2a9322d982b/execute/async - {"script":"<script> [1562 bytes]","args":[{"selector":{"controlType":"sap.m.ObjectNumber","viewName":"etm.portal.ui.managerequests.view.Master","bindingPath":{"propertyPath":"IN_USE_FOR"},"interaction":{"idSuffix":"number"}},"wdio_ui5_key":"etmportal.ui.managerequests.view.Mastersap.m.ObjectNumber{\"propertyPath\":\"IN_USE_FOR\"}"}]}
RESULT: {"script":"<script> [1562 bytes]","args":[{"selector":{"controlType":"sap.m.ObjectNumber","viewName":"etm.portal.ui.managerequests.view.Master","bindingPath":{"propertyPath":"IN_USE_FOR"},"interaction":{"idSuffix":"number"}},"wdio_ui5_key":"etmportal.ui.managerequests.view.Mastersap.m.ObjectNumber{\"propertyPath\":\"IN_USE_FOR\"}"}]}
RESULT: undefined
COMMAND: POST /session/bbf8399d9e363efb3412e2a9322d982b/element - {"using":"xpath","value":"//*[@id=\"__number8-__clone2876\"]"}
RESULT: {"using":"xpath","value":"//*[@id=\"__number8-__clone2876\"]"}
COMMAND: POST /session/bbf8399d9e363efb3412e2a9322d982b/element/f.877C71D71840E3B44FFEE8E46F2453AC.d.D65F9A718C719CBCE9FF6359679D8B5E.e.7096/click - {}
RESULT: {}
COMMAND: POST /session/bbf8399d9e363efb3412e2a9322d982b/execute/async - {"script":"<script> [1562 bytes]","args":[{"selector":{"controlType":"sap.m.ObjectStatus","viewName":"etm.portal.ui.managerequests.view.Detail","bindingPath":{"propertyPath":"LINK_TO_STATUS/DESCRIPTION","modelName":"catalogModel"}},"wdio_ui5_key":"etmportal.ui.managerequests.view.Detailsap.m.ObjectStatus{\"propertyPath\":\"LINK_TO_STATUS/DESCRIPTION\",\"modelName\":\"catalogModel\"}"}]}
COMMAND: GET /session/bbf8399d9e363efb3412e2a9322d982b/screenshot - {}
RESULT: {"script":"<script> [1562 bytes]","args":[{"selector":{"controlType":"sap.m.ObjectStatus","viewName":"etm.portal.ui.managerequests.view.Detail","bindingPath":{"propertyPath":"LINK_TO_STATUS/DESCRIPTION","modelName":"catalogModel"}},"wdio_ui5_key":"etmportal.ui.managerequests.view.Detailsap.m.ObjectStatus{\"propertyPath\":\"LINK_TO_STATUS/DESCRIPTION\",\"modelName\":\"catalogModel\"}"}]}
RESULT: undefined
COMMAND: POST /session/bbf8399d9e363efb3412e2a9322d982b/execute/async - {"script":"<script> [6424 bytes]","args":[{"element-6066-11e4-a52e-4f735466cecf":"f.877C71D71840E3B44FFEE8E46F2453AC.d.D65F9A718C719CBCE9FF6359679D8B5E.e.7326"},"getText",[]]}
RESULT: {}
RESULT: {"script":"<script> [6424 bytes]","args":[{"element-6066-11e4-a52e-4f735466cecf":"f.877C71D71840E3B44FFEE8E46F2453AC.d.D65F9A718C719CBCE9FF6359679D8B5E.e.7326"},"getText",[]]}
COMMAND: POST /session/bbf8399d9e363efb3412e2a9322d982b/element - {"using":"css selector","value":"#shell-header-logo"}
RESULT: {"using":"css selector","value":"#shell-header-logo"}
COMMAND: POST /session/bbf8399d9e363efb3412e2a9322d982b/element/f.877C71D71840E3B44FFEE8E46F2453AC.d.D65F9A718C719CBCE9FF6359679D8B5E.e.6969/click - {}
RESULT: {}
COMMAND: GET /session/bbf8399d9e363efb3412e2a9322d982b/screenshot - {}
RESULT: {}
COMMAND: DELETE /session/bbf8399d9e363efb3412e2a9322d982b - {}
RESULT: {}
]]></system-out>
    </testcase>
  </testsuite>
</testsuites>