<?xml version="1.0" encoding="UTF-8"?>
<testsuites tests="80" failures="11" errors="11" skipped="0">
  <testsuite timestamp="2025-05-25T16:17:56" time="783.559" tests="8" failures="0" errors="0" skipped="0">
    <properties>
      <property name="specId" value="0"/>
      <property name="suiteName" value="Stock increase - with WHM US125587"/>
      <property name="capabilities" value="chrome.136_0_7103_93.windows"/>
      <property name="file" value="file:///D:/a/1/s/test/specs/HTR/stock-increase.spec.js"/>
    </properties>
    <testcase classname="chrome.136_0_7103_93.windows.Stock_increase_-_with_WHM_US125587" name="Should create a new WHM yard" time="133.473">
      <system-out><![CDATA[
COMMAND: POST /session/2eef3865f9633c585bb33c6ac0c7be86/window/fullscreen - {}
RESULT: {}
COMMAND: POST /session/2eef3865f9633c585bb33c6ac0c7be86/execute/async - {"script":"<script> [1562 bytes]","args":[{"selector":{"controlType":"sap.m.GenericTile","properties":{"header":"Manage Yards"}},"wdio_ui5_key":"sapm.GenericTile{\"header\":\"Manage Yards\"}"}]}
RESULT: {"script":"<script> [1562 bytes]","args":[{"selector":{"controlType":"sap.m.GenericTile","properties":{"header":"Manage Yards"}},"wdio_ui5_key":"sapm.GenericTile{\"header\":\"Manage Yards\"}"}]}
RESULT: undefined
COMMAND: POST /session/2eef3865f9633c585bb33c6ac0c7be86/element - {"using":"xpath","value":"//*[@id=\"__tile41\"]"}
RESULT: {"using":"xpath","value":"//*[@id=\"__tile41\"]"}
COMMAND: POST /session/2eef3865f9633c585bb33c6ac0c7be86/element/f.38388B4EA542EE9F87EA90A6B1549037.d.66B47A63E5ED059B26D6145FD694CCE5.e.134/click - {}
RESULT: {}
COMMAND: GET /session/2eef3865f9633c585bb33c6ac0c7be86/screenshot - {}
RESULT: {}
COMMAND: POST /session/2eef3865f9633c585bb33c6ac0c7be86/elements - {"using":"xpath","value":"//span[text()='Error']"}
RESULT: {"using":"xpath","value":"//span[text()='Error']"}
COMMAND: POST /session/2eef3865f9633c585bb33c6ac0c7be86/element - {"using":"xpath","value":"//button[@data-kt=\"addNewYardOverflowToolbarButton\"]"}
RESULT: {"using":"xpath","value":"//button[@data-kt=\"addNewYardOverflowToolbarButton\"]"}
COMMAND: POST /session/2eef3865f9633c585bb33c6ac0c7be86/elements - {"using":"xpath","value":"//button[@data-kt=\"addNewYardOverflowToolbarButton\"]"}
RESULT: {"using":"xpath","value":"//button[@data-kt=\"addNewYardOverflowToolbarButton\"]"}
COMMAND: POST /session/2eef3865f9633c585bb33c6ac0c7be86/execute/sync - {"script":"<script> [8489 bytes]","args":[{"element-6066-11e4-a52e-4f735466cecf":"f.38388B4EA542EE9F87EA90A6B1549037.d.66B47A63E5ED059B26D6145FD694CCE5.e.270","ELEMENT":"f.38388B4EA542EE9F87EA90A6B1549037.d.66B47A63E5ED059B26D6145FD694CCE5.e.270"}]}
RESULT: {"script":"<script> [8489 bytes]","args":[{"element-6066-11e4-a52e-4f735466cecf":"f.38388B4EA542EE9F87EA90A6B1549037.d.66B47A63E5ED059B26D6145FD694CCE5.e.270","ELEMENT":"f.38388B4EA542EE9F87EA90A6B1549037.d.66B47A63E5ED059B26D6145FD694CCE5.e.270"}]}
COMMAND: GET /session/2eef3865f9633c585bb33c6ac0c7be86/element/f.38388B4EA542EE9F87EA90A6B1549037.d.66B47A63E5ED059B26D6145FD694CCE5.e.270/enabled - {}
COMMAND: GET /session/2eef3865f9633c585bb33c6ac0c7be86/screenshot - {}
RESULT: {}
COMMAND: POST /session/2eef3865f9633c585bb33c6ac0c7be86/execute/sync - {"script":"<script> [8489 bytes]","args":[{"element-6066-11e4-a52e-4f735466cecf":"f.38388B4EA542EE9F87EA90A6B1549037.d.66B47A63E5ED059B26D6145FD694CCE5.e.270","ELEMENT":"f.38388B4EA542EE9F87EA90A6B1549037.d.66B47A63E5ED059B26D6145FD694CCE5.e.270"}]}
COMMAND: GET /session/2eef3865f9633c585bb33c6ac0c7be86/screenshot - {}
RESULT: {}
RESULT: {"script":"<script> [8489 bytes]","args":[{"element-6066-11e4-a52e-4f735466cecf":"f.38388B4EA542EE9F87EA90A6B1549037.d.66B47A63E5ED059B26D6145FD694CCE5.e.270","ELEMENT":"f.38388B4EA542EE9F87EA90A6B1549037.d.66B47A63E5ED059B26D6145FD694CCE5.e.270"}]}
COMMAND: POST /session/2eef3865f9633c585bb33c6ac0c7be86/execute/sync - {"script":"<script> [5351 bytes]","args":[{"element-6066-11e4-a52e-4f735466cecf":"f.38388B4EA542EE9F87EA90A6B1549037.d.66B47A63E5ED059B26D6145FD694CCE5.e.270","ELEMENT":"f.38388B4EA542EE9F87EA90A6B1549037.d.66B47A63E5ED059B26D6145FD694CCE5.e.270"}]}
COMMAND: GET /session/2eef3865f9633c585bb33c6ac0c7be86/screenshot - {}
RESULT: {}
RESULT: {"script":"<script> [5351 bytes]","args":[{"element-6066-11e4-a52e-4f735466cecf":"f.38388B4EA542EE9F87EA90A6B1549037.d.66B47A63E5ED059B26D6145FD694CCE5.e.270","ELEMENT":"f.38388B4EA542EE9F87EA90A6B1549037.d.66B47A63E5ED059B26D6145FD694CCE5.e.270"}]}
COMMAND: POST /session/2eef3865f9633c585bb33c6ac0c7be86/element/f.38388B4EA542EE9F87EA90A6B1549037.d.66B47A63E5ED059B26D6145FD694CCE5.e.270/click - {}
COMMAND: GET /session/2eef3865f9633c585bb33c6ac0c7be86/screenshot - {}
RESULT: {}
RESULT: {}
COMMAND: GET /session/2eef3865f9633c585bb33c6ac0c7be86/screenshot - {}
RESULT: {}
COMMAND: POST /session/2eef3865f9633c585bb33c6ac0c7be86/element - {"using":"xpath","value":"//input[@id=\"application-manageyards-display-component---NewYard--yardId-inner\"]"}
RESULT: {}
RESULT: {"using":"xpath","value":"//input[@id=\"application-manageyards-display-component---NewYard--yardId-inner\"]"}
COMMAND: POST /session/2eef3865f9633c585bb33c6ac0c7be86/element - {"using":"xpath","value":"//input[@id=\"application-manageyards-display-component---NewYard--yardId-inner\"]"}
RESULT: {"using":"xpath","value":"//input[@id=\"application-manageyards-display-component---NewYard--yardId-inner\"]"}
COMMAND: POST /session/2eef3865f9633c585bb33c6ac0c7be86/execute/async - {"script":"<script> [1562 bytes]","args":[{"selector":{"id":"application-manageyards-display-component---NewYard--addressDetailDetailsName1","interaction":{"idSuffix":"inner"}},"wdio_ui5_key":"applicationmanageyards-display-component---NewYard--addressDetailDetailsName1"}]}
RESULT: {"script":"<script> [1562 bytes]","args":[{"selector":{"id":"application-manageyards-display-component---NewYard--addressDetailDetailsName1","interaction":{"idSuffix":"inner"}},"wdio_ui5_key":"applicationmanageyards-display-component---NewYard--addressDetailDetailsName1"}]}
RESULT: undefined
COMMAND: POST /session/2eef3865f9633c585bb33c6ac0c7be86/execute/async - {"script":"<script> [776 bytes]","args":[{"enterText":"Warehouse Managed WDIO","selector":{"id":"application-manageyards-display-component---NewYard--addressDetailDetailsName1","interaction":{"idSuffix":"inner"}},"clearTextFirst":true,"interactionType":"ENTER_TEXT"}]}
RESULT: {"script":"<script> [776 bytes]","args":[{"enterText":"Warehouse Managed WDIO","selector":{"id":"application-manageyards-display-component---NewYard--addressDetailDetailsName1","interaction":{"idSuffix":"inner"}},"clearTextFirst":true,"interactionType":"ENTER_TEXT"}]}
COMMAND: POST /session/2eef3865f9633c585bb33c6ac0c7be86/execute/async - {"script":"<script> [1562 bytes]","args":[{"selector":{"id":"application-manageyards-display-component---NewYard--addressDetailDetailsLanguage-arrow"},"wdio_ui5_key":"applicationmanageyards-display-component---NewYard--addressDetailDetailsLanguage-arrow"}]}
RESULT: {"script":"<script> [1562 bytes]","args":[{"selector":{"id":"application-manageyards-display-component---NewYard--addressDetailDetailsLanguage-arrow"},"wdio_ui5_key":"applicationmanageyards-display-component---NewYard--addressDetailDetailsLanguage-arrow"}]}
RESULT: undefined
COMMAND: POST /session/2eef3865f9633c585bb33c6ac0c7be86/element - {"using":"xpath","value":"//*[@id=\"application-manageyards-display-component---NewYard--addressDetailDetailsLanguage-arrow\"]"}
RESULT: {"using":"xpath","value":"//*[@id=\"application-manageyards-display-component---NewYard--addressDetailDetailsLanguage-arrow\"]"}
COMMAND: POST /session/2eef3865f9633c585bb33c6ac0c7be86/element/f.38388B4EA542EE9F87EA90A6B1549037.d.66B47A63E5ED059B26D6145FD694CCE5.e.700/click - {}
RESULT: {}
COMMAND: POST /session/2eef3865f9633c585bb33c6ac0c7be86/element - {"using":"xpath","value":"//span[contains(text(), \"English\")]"}
COMMAND: GET /session/2eef3865f9633c585bb33c6ac0c7be86/screenshot - {}
RESULT: {"using":"xpath","value":"//span[contains(text(), \"English\")]"}
COMMAND: POST /session/2eef3865f9633c585bb33c6ac0c7be86/element/f.38388B4EA542EE9F87EA90A6B1549037.d.66B47A63E5ED059B26D6145FD694CCE5.e.701/click - {}
RESULT: {}
RESULT: {}
COMMAND: POST /session/2eef3865f9633c585bb33c6ac0c7be86/execute/async - {"script":"<script> [1562 bytes]","args":[{"selector":{"id":"application-manageyards-display-component---NewYard--addressDetailDetailsCity1","interaction":{"idSuffix":"inner"}},"wdio_ui5_key":"applicationmanageyards-display-component---NewYard--addressDetailDetailsCity1"}]}
COMMAND: GET /session/2eef3865f9633c585bb33c6ac0c7be86/screenshot - {}
RESULT: {"script":"<script> [1562 bytes]","args":[{"selector":{"id":"application-manageyards-display-component---NewYard--addressDetailDetailsCity1","interaction":{"idSuffix":"inner"}},"wdio_ui5_key":"applicationmanageyards-display-component---NewYard--addressDetailDetailsCity1"}]}
RESULT: undefined
COMMAND: POST /session/2eef3865f9633c585bb33c6ac0c7be86/execute/async - {"script":"<script> [776 bytes]","args":[{"enterText":"Rosario","selector":{"id":"application-manageyards-display-component---NewYard--addressDetailDetailsCity1","interaction":{"idSuffix":"inner"}},"clearTextFirst":true,"interactionType":"ENTER_TEXT"}]}
RESULT: {}
RESULT: {"script":"<script> [776 bytes]","args":[{"enterText":"Rosario","selector":{"id":"application-manageyards-display-component---NewYard--addressDetailDetailsCity1","interaction":{"idSuffix":"inner"}},"clearTextFirst":true,"interactionType":"ENTER_TEXT"}]}
COMMAND: POST /session/2eef3865f9633c585bb33c6ac0c7be86/execute/async - {"script":"<script> [1562 bytes]","args":[{"selector":{"id":"application-manageyards-display-component---NewYard--addressDetailDetailsCountry-arrow"},"wdio_ui5_key":"applicationmanageyards-display-component---NewYard--addressDetailDetailsCountry-arrow"}]}
RESULT: {"script":"<script> [1562 bytes]","args":[{"selector":{"id":"application-manageyards-display-component---NewYard--addressDetailDetailsCountry-arrow"},"wdio_ui5_key":"applicationmanageyards-display-component---NewYard--addressDetailDetailsCountry-arrow"}]}
RESULT: undefined
COMMAND: POST /session/2eef3865f9633c585bb33c6ac0c7be86/element - {"using":"xpath","value":"//*[@id=\"application-manageyards-display-component---NewYard--addressDetailDetailsCountry-arrow\"]"}
RESULT: {"using":"xpath","value":"//*[@id=\"application-manageyards-display-component---NewYard--addressDetailDetailsCountry-arrow\"]"}
COMMAND: POST /session/2eef3865f9633c585bb33c6ac0c7be86/element/f.38388B4EA542EE9F87EA90A6B1549037.d.66B47A63E5ED059B26D6145FD694CCE5.e.703/click - {}
RESULT: {}
COMMAND: POST /session/2eef3865f9633c585bb33c6ac0c7be86/element - {"using":"xpath","value":"//span[contains(text(), \"Argentina\")]"}
COMMAND: GET /session/2eef3865f9633c585bb33c6ac0c7be86/screenshot - {}
RESULT: {"using":"xpath","value":"//span[contains(text(), \"Argentina\")]"}
COMMAND: POST /session/2eef3865f9633c585bb33c6ac0c7be86/element/f.38388B4EA542EE9F87EA90A6B1549037.d.66B47A63E5ED059B26D6145FD694CCE5.e.705/click - {}
RESULT: {}
RESULT: {}
COMMAND: POST /session/2eef3865f9633c585bb33c6ac0c7be86/execute/async - {"script":"<script> [1562 bytes]","args":[{"selector":{"id":"application-manageyards-display-component---NewYard--addressEditDetailsCostObjectCstType-arrow"},"wdio_ui5_key":"applicationmanageyards-display-component---NewYard--addressEditDetailsCostObjectCstType-arrow"}]}
COMMAND: GET /session/2eef3865f9633c585bb33c6ac0c7be86/screenshot - {}
RESULT: {"script":"<script> [1562 bytes]","args":[{"selector":{"id":"application-manageyards-display-component---NewYard--addressEditDetailsCostObjectCstType-arrow"},"wdio_ui5_key":"applicationmanageyards-display-component---NewYard--addressEditDetailsCostObjectCstType-arrow"}]}
RESULT: undefined
COMMAND: POST /session/2eef3865f9633c585bb33c6ac0c7be86/element - {"using":"xpath","value":"//*[@id=\"application-manageyards-display-component---NewYard--addressEditDetailsCostObjectCstType-arrow\"]"}
RESULT: {}
RESULT: {"using":"xpath","value":"//*[@id=\"application-manageyards-display-component---NewYard--addressEditDetailsCostObjectCstType-arrow\"]"}
COMMAND: POST /session/2eef3865f9633c585bb33c6ac0c7be86/element/f.38388B4EA542EE9F87EA90A6B1549037.d.66B47A63E5ED059B26D6145FD694CCE5.e.706/click - {}
RESULT: {}
COMMAND: POST /session/2eef3865f9633c585bb33c6ac0c7be86/element - {"using":"xpath","value":"//span[contains(text(), \"Cost Center\")]"}
COMMAND: GET /session/2eef3865f9633c585bb33c6ac0c7be86/screenshot - {}
RESULT: {"using":"xpath","value":"//span[contains(text(), \"Cost Center\")]"}
COMMAND: POST /session/2eef3865f9633c585bb33c6ac0c7be86/element/f.38388B4EA542EE9F87EA90A6B1549037.d.66B47A63E5ED059B26D6145FD694CCE5.e.707/click - {}
RESULT: {}
RESULT: {}
COMMAND: GET /session/2eef3865f9633c585bb33c6ac0c7be86/screenshot - {}
RESULT: {}
COMMAND: POST /session/2eef3865f9633c585bb33c6ac0c7be86/element - {"using":"xpath","value":"//span[@id=\"application-manageyards-display-component---NewYard--addressNewCostObjectCstID-vhi\"]"}
RESULT: {"using":"xpath","value":"//span[@id=\"application-manageyards-display-component---NewYard--addressNewCostObjectCstID-vhi\"]"}
COMMAND: POST /session/2eef3865f9633c585bb33c6ac0c7be86/execute/sync - {"script":"<script> [8489 bytes]","args":[{"element-6066-11e4-a52e-4f735466cecf":"f.38388B4EA542EE9F87EA90A6B1549037.d.66B47A63E5ED059B26D6145FD694CCE5.e.711","ELEMENT":"f.38388B4EA542EE9F87EA90A6B1549037.d.66B47A63E5ED059B26D6145FD694CCE5.e.711"}]}
RESULT: {"script":"<script> [8489 bytes]","args":[{"element-6066-11e4-a52e-4f735466cecf":"f.38388B4EA542EE9F87EA90A6B1549037.d.66B47A63E5ED059B26D6145FD694CCE5.e.711","ELEMENT":"f.38388B4EA542EE9F87EA90A6B1549037.d.66B47A63E5ED059B26D6145FD694CCE5.e.711"}]}
COMMAND: POST /session/2eef3865f9633c585bb33c6ac0c7be86/execute/async - {"script":"<script> [1562 bytes]","args":[{"selector":{"id":"application-manageyards-display-component---NewYard--addressNewCostObjectCstID-vhi"},"wdio_ui5_key":"applicationmanageyards-display-component---NewYard--addressNewCostObjectCstID-vhi"}]}
COMMAND: GET /session/2eef3865f9633c585bb33c6ac0c7be86/screenshot - {}
RESULT: {"script":"<script> [1562 bytes]","args":[{"selector":{"id":"application-manageyards-display-component---NewYard--addressNewCostObjectCstID-vhi"},"wdio_ui5_key":"applicationmanageyards-display-component---NewYard--addressNewCostObjectCstID-vhi"}]}
RESULT: undefined
COMMAND: POST /session/2eef3865f9633c585bb33c6ac0c7be86/element - {"using":"xpath","value":"//*[@id=\"application-manageyards-display-component---NewYard--addressNewCostObjectCstID-vhi\"]"}
RESULT: {}
RESULT: {"using":"xpath","value":"//*[@id=\"application-manageyards-display-component---NewYard--addressNewCostObjectCstID-vhi\"]"}
COMMAND: POST /session/2eef3865f9633c585bb33c6ac0c7be86/element/f.38388B4EA542EE9F87EA90A6B1549037.d.66B47A63E5ED059B26D6145FD694CCE5.e.711/click - {}
RESULT: {}
COMMAND: GET /session/2eef3865f9633c585bb33c6ac0c7be86/screenshot - {}
RESULT: {}
COMMAND: POST /session/2eef3865f9633c585bb33c6ac0c7be86/execute/async - {"script":"<script> [1562 bytes]","args":[{"selector":{"controlType":"sap.m.SearchField","properties":{"placeholder":"Search"},"searchOpenDialogs":true,"interaction":{"idSuffix":"I"}},"wdio_ui5_key":"sapm.SearchField{\"placeholder\":\"Search\"}"}]}
RESULT: {"script":"<script> [1562 bytes]","args":[{"selector":{"controlType":"sap.m.SearchField","properties":{"placeholder":"Search"},"searchOpenDialogs":true,"interaction":{"idSuffix":"I"}},"wdio_ui5_key":"sapm.SearchField{\"placeholder\":\"Search\"}"}]}
RESULT: undefined
COMMAND: POST /session/2eef3865f9633c585bb33c6ac0c7be86/execute/async - {"script":"<script> [776 bytes]","args":[{"enterText":"bauh_b","selector":{"controlType":"sap.m.SearchField","properties":{"placeholder":"Search"},"searchOpenDialogs":true,"interaction":{"idSuffix":"I"}},"clearTextFirst":true,"interactionType":"ENTER_TEXT"}]}
RESULT: {"script":"<script> [776 bytes]","args":[{"enterText":"bauh_b","selector":{"controlType":"sap.m.SearchField","properties":{"placeholder":"Search"},"searchOpenDialogs":true,"interaction":{"idSuffix":"I"}},"clearTextFirst":true,"interactionType":"ENTER_TEXT"}]}
COMMAND: POST /session/2eef3865f9633c585bb33c6ac0c7be86/actions - {"actions":[{"id":"action1","type":"key","parameters":{},"actions":[{"type":"keyDown","value":""},{"type":"pause","duration":10},{"type":"keyUp","value":""}]}]}
RESULT: {"actions":[{"id":"action1","type":"key","parameters":{},"actions":[{"type":"keyDown","value":""},{"type":"pause","duration":10},{"type":"keyUp","value":""}]}]}
COMMAND: GET /session/2eef3865f9633c585bb33c6ac0c7be86/screenshot - {}
RESULT: {}
COMMAND: POST /session/2eef3865f9633c585bb33c6ac0c7be86/element - {"using":"xpath","value":"//span[contains(text(), \"Demo Yard\")]"}
RESULT: {"using":"xpath","value":"//span[contains(text(), \"Demo Yard\")]"}
COMMAND: POST /session/2eef3865f9633c585bb33c6ac0c7be86/element/f.38388B4EA542EE9F87EA90A6B1549037.d.66B47A63E5ED059B26D6145FD694CCE5.e.751/click - {}
RESULT: {}
COMMAND: GET /session/2eef3865f9633c585bb33c6ac0c7be86/screenshot - {}
RESULT: {}
COMMAND: POST /session/2eef3865f9633c585bb33c6ac0c7be86/element - {"using":"xpath","value":"//bdi[contains(text(), \"OK\")]"}
RESULT: {"using":"xpath","value":"//bdi[contains(text(), \"OK\")]"}
COMMAND: POST /session/2eef3865f9633c585bb33c6ac0c7be86/element/f.38388B4EA542EE9F87EA90A6B1549037.d.66B47A63E5ED059B26D6145FD694CCE5.e.752/click - {}
RESULT: {}
COMMAND: GET /session/2eef3865f9633c585bb33c6ac0c7be86/screenshot - {}
RESULT: {}
COMMAND: POST /session/2eef3865f9633c585bb33c6ac0c7be86/execute/async - {"script":"<script> [1562 bytes]","args":[{"selector":{"id":"application-manageyards-display-component---NewYard--addressEditDetailsCurrency-arrow"},"wdio_ui5_key":"applicationmanageyards-display-component---NewYard--addressEditDetailsCurrency-arrow"}]}
RESULT: {"script":"<script> [1562 bytes]","args":[{"selector":{"id":"application-manageyards-display-component---NewYard--addressEditDetailsCurrency-arrow"},"wdio_ui5_key":"applicationmanageyards-display-component---NewYard--addressEditDetailsCurrency-arrow"}]}
RESULT: undefined
COMMAND: POST /session/2eef3865f9633c585bb33c6ac0c7be86/element - {"using":"xpath","value":"//*[@id=\"application-manageyards-display-component---NewYard--addressEditDetailsCurrency-arrow\"]"}
RESULT: {"using":"xpath","value":"//*[@id=\"application-manageyards-display-component---NewYard--addressEditDetailsCurrency-arrow\"]"}
COMMAND: POST /session/2eef3865f9633c585bb33c6ac0c7be86/element/f.38388B4EA542EE9F87EA90A6B1549037.d.66B47A63E5ED059B26D6145FD694CCE5.e.755/click - {}
RESULT: {}
COMMAND: POST /session/2eef3865f9633c585bb33c6ac0c7be86/element - {"using":"xpath","value":"//span[contains(text(), \"Euro\")]"}
COMMAND: GET /session/2eef3865f9633c585bb33c6ac0c7be86/screenshot - {}
RESULT: {"using":"xpath","value":"//span[contains(text(), \"Euro\")]"}
COMMAND: POST /session/2eef3865f9633c585bb33c6ac0c7be86/element/f.38388B4EA542EE9F87EA90A6B1549037.d.66B47A63E5ED059B26D6145FD694CCE5.e.756/click - {}
RESULT: {}
RESULT: {}
COMMAND: POST /session/2eef3865f9633c585bb33c6ac0c7be86/execute/async - {"script":"<script> [1562 bytes]","args":[{"selector":{"controlType":"sap.m.Input","viewName":"etm.portal.ui.manageyards.view.New","viewId":"application-manageyards-display-component---NewYard","bindingPath":{"path":"","propertyPath":"/CONTROLLING_AREA","modelName":"NewYardModel"},"interaction":{"idSuffix":"inner"}},"wdio_ui5_key":"etmportal.ui.manageyards.view.Newsap.m.Input{\"path\":\"\",\"propertyPath\":\"/CONTROLLING_AREA\",\"modelName\":\"NewYardModel\"}"}]}
COMMAND: GET /session/2eef3865f9633c585bb33c6ac0c7be86/screenshot - {}
RESULT: {"script":"<script> [1562 bytes]","args":[{"selector":{"controlType":"sap.m.Input","viewName":"etm.portal.ui.manageyards.view.New","viewId":"application-manageyards-display-component---NewYard","bindingPath":{"path":"","propertyPath":"/CONTROLLING_AREA","modelName":"NewYardModel"},"interaction":{"idSuffix":"inner"}},"wdio_ui5_key":"etmportal.ui.manageyards.view.Newsap.m.Input{\"path\":\"\",\"propertyPath\":\"/CONTROLLING_AREA\",\"modelName\":\"NewYardModel\"}"}]}
RESULT: undefined
COMMAND: POST /session/2eef3865f9633c585bb33c6ac0c7be86/execute/async - {"script":"<script> [776 bytes]","args":[{"enterText":"Z001","selector":{"controlType":"sap.m.Input","viewName":"etm.portal.ui.manageyards.view.New","viewId":"application-manageyards-display-component---NewYard","bindingPath":{"path":"","propertyPath":"/CONTROLLING_AREA","modelName":"NewYardModel"},"interaction":{"idSuffix":"inner"}},"clearTextFirst":true,"interactionType":"ENTER_TEXT"}]}
RESULT: {}
RESULT: {"script":"<script> [776 bytes]","args":[{"enterText":"Z001","selector":{"controlType":"sap.m.Input","viewName":"etm.portal.ui.manageyards.view.New","viewId":"application-manageyards-display-component---NewYard","bindingPath":{"path":"","propertyPath":"/CONTROLLING_AREA","modelName":"NewYardModel"},"interaction":{"idSuffix":"inner"}},"clearTextFirst":true,"interactionType":"ENTER_TEXT"}]}
COMMAND: POST /session/2eef3865f9633c585bb33c6ac0c7be86/execute/async - {"script":"<script> [1562 bytes]","args":[{"selector":{"id":"application-manageyards-display-component---NewYard--companyCodeComboBox","interaction":{"idSuffix":"inner"}},"wdio_ui5_key":"applicationmanageyards-display-component---NewYard--companyCodeComboBox"}]}
RESULT: {"script":"<script> [1562 bytes]","args":[{"selector":{"id":"application-manageyards-display-component---NewYard--companyCodeComboBox","interaction":{"idSuffix":"inner"}},"wdio_ui5_key":"applicationmanageyards-display-component---NewYard--companyCodeComboBox"}]}
RESULT: undefined
COMMAND: POST /session/2eef3865f9633c585bb33c6ac0c7be86/execute/async - {"script":"<script> [776 bytes]","args":[{"enterText":"1000","selector":{"id":"application-manageyards-display-component---NewYard--companyCodeComboBox","interaction":{"idSuffix":"inner"}},"clearTextFirst":true,"interactionType":"ENTER_TEXT"}]}
RESULT: {"script":"<script> [776 bytes]","args":[{"enterText":"1000","selector":{"id":"application-manageyards-display-component---NewYard--companyCodeComboBox","interaction":{"idSuffix":"inner"}},"clearTextFirst":true,"interactionType":"ENTER_TEXT"}]}
COMMAND: POST /session/2eef3865f9633c585bb33c6ac0c7be86/execute/async - {"script":"<script> [1562 bytes]","args":[{"selector":{"controlType":"sap.m.Input","viewName":"etm.portal.ui.manageyards.view.New","viewId":"application-manageyards-display-component---NewYard","bindingPath":{"path":"","propertyPath":"/PLANT","modelName":"NewYardModel"},"interaction":{"idSuffix":"inner"}},"wdio_ui5_key":"etmportal.ui.manageyards.view.Newsap.m.Input{\"path\":\"\",\"propertyPath\":\"/PLANT\",\"modelName\":\"NewYardModel\"}"}]}
RESULT: {"script":"<script> [1562 bytes]","args":[{"selector":{"controlType":"sap.m.Input","viewName":"etm.portal.ui.manageyards.view.New","viewId":"application-manageyards-display-component---NewYard","bindingPath":{"path":"","propertyPath":"/PLANT","modelName":"NewYardModel"},"interaction":{"idSuffix":"inner"}},"wdio_ui5_key":"etmportal.ui.manageyards.view.Newsap.m.Input{\"path\":\"\",\"propertyPath\":\"/PLANT\",\"modelName\":\"NewYardModel\"}"}]}
RESULT: undefined
COMMAND: POST /session/2eef3865f9633c585bb33c6ac0c7be86/execute/async - {"script":"<script> [776 bytes]","args":[{"enterText":"1001","selector":{"controlType":"sap.m.Input","viewName":"etm.portal.ui.manageyards.view.New","viewId":"application-manageyards-display-component---NewYard","bindingPath":{"path":"","propertyPath":"/PLANT","modelName":"NewYardModel"},"interaction":{"idSuffix":"inner"}},"clearTextFirst":true,"interactionType":"ENTER_TEXT"}]}
RESULT: {"script":"<script> [776 bytes]","args":[{"enterText":"1001","selector":{"controlType":"sap.m.Input","viewName":"etm.portal.ui.manageyards.view.New","viewId":"application-manageyards-display-component---NewYard","bindingPath":{"path":"","propertyPath":"/PLANT","modelName":"NewYardModel"},"interaction":{"idSuffix":"inner"}},"clearTextFirst":true,"interactionType":"ENTER_TEXT"}]}
COMMAND: POST /session/2eef3865f9633c585bb33c6ac0c7be86/execute/async - {"script":"<script> [1562 bytes]","args":[{"selector":{"controlType":"sap.m.Input","viewName":"etm.portal.ui.manageyards.view.New","viewId":"application-manageyards-display-component---NewYard","bindingPath":{"path":"","propertyPath":"/SALES_AREA_VKORG","modelName":"NewYardModel"},"interaction":{"idSuffix":"inner"}},"wdio_ui5_key":"etmportal.ui.manageyards.view.Newsap.m.Input{\"path\":\"\",\"propertyPath\":\"/SALES_AREA_VKORG\",\"modelName\":\"NewYardModel\"}"}]}
RESULT: {"script":"<script> [1562 bytes]","args":[{"selector":{"controlType":"sap.m.Input","viewName":"etm.portal.ui.manageyards.view.New","viewId":"application-manageyards-display-component---NewYard","bindingPath":{"path":"","propertyPath":"/SALES_AREA_VKORG","modelName":"NewYardModel"},"interaction":{"idSuffix":"inner"}},"wdio_ui5_key":"etmportal.ui.manageyards.view.Newsap.m.Input{\"path\":\"\",\"propertyPath\":\"/SALES_AREA_VKORG\",\"modelName\":\"NewYardModel\"}"}]}
RESULT: undefined
COMMAND: POST /session/2eef3865f9633c585bb33c6ac0c7be86/execute/async - {"script":"<script> [776 bytes]","args":[{"enterText":"C002","selector":{"controlType":"sap.m.Input","viewName":"etm.portal.ui.manageyards.view.New","viewId":"application-manageyards-display-component---NewYard","bindingPath":{"path":"","propertyPath":"/SALES_AREA_VKORG","modelName":"NewYardModel"},"interaction":{"idSuffix":"inner"}},"clearTextFirst":true,"interactionType":"ENTER_TEXT"}]}
RESULT: {"script":"<script> [776 bytes]","args":[{"enterText":"C002","selector":{"controlType":"sap.m.Input","viewName":"etm.portal.ui.manageyards.view.New","viewId":"application-manageyards-display-component---NewYard","bindingPath":{"path":"","propertyPath":"/SALES_AREA_VKORG","modelName":"NewYardModel"},"interaction":{"idSuffix":"inner"}},"clearTextFirst":true,"interactionType":"ENTER_TEXT"}]}
COMMAND: POST /session/2eef3865f9633c585bb33c6ac0c7be86/execute/async - {"script":"<script> [1562 bytes]","args":[{"selector":{"controlType":"sap.m.Input","viewName":"etm.portal.ui.manageyards.view.New","viewId":"application-manageyards-display-component---NewYard","bindingPath":{"path":"","propertyPath":"/SALES_AREA_VTWEG","modelName":"NewYardModel"},"interaction":{"idSuffix":"inner"}},"wdio_ui5_key":"etmportal.ui.manageyards.view.Newsap.m.Input{\"path\":\"\",\"propertyPath\":\"/SALES_AREA_VTWEG\",\"modelName\":\"NewYardModel\"}"}]}
RESULT: {"script":"<script> [1562 bytes]","args":[{"selector":{"controlType":"sap.m.Input","viewName":"etm.portal.ui.manageyards.view.New","viewId":"application-manageyards-display-component---NewYard","bindingPath":{"path":"","propertyPath":"/SALES_AREA_VTWEG","modelName":"NewYardModel"},"interaction":{"idSuffix":"inner"}},"wdio_ui5_key":"etmportal.ui.manageyards.view.Newsap.m.Input{\"path\":\"\",\"propertyPath\":\"/SALES_AREA_VTWEG\",\"modelName\":\"NewYardModel\"}"}]}
RESULT: undefined
COMMAND: POST /session/2eef3865f9633c585bb33c6ac0c7be86/execute/async - {"script":"<script> [776 bytes]","args":[{"enterText":"C2","selector":{"controlType":"sap.m.Input","viewName":"etm.portal.ui.manageyards.view.New","viewId":"application-manageyards-display-component---NewYard","bindingPath":{"path":"","propertyPath":"/SALES_AREA_VTWEG","modelName":"NewYardModel"},"interaction":{"idSuffix":"inner"}},"clearTextFirst":true,"interactionType":"ENTER_TEXT"}]}
RESULT: {"script":"<script> [776 bytes]","args":[{"enterText":"C2","selector":{"controlType":"sap.m.Input","viewName":"etm.portal.ui.manageyards.view.New","viewId":"application-manageyards-display-component---NewYard","bindingPath":{"path":"","propertyPath":"/SALES_AREA_VTWEG","modelName":"NewYardModel"},"interaction":{"idSuffix":"inner"}},"clearTextFirst":true,"interactionType":"ENTER_TEXT"}]}
COMMAND: POST /session/2eef3865f9633c585bb33c6ac0c7be86/execute/async - {"script":"<script> [1562 bytes]","args":[{"selector":{"controlType":"sap.m.Input","viewName":"etm.portal.ui.manageyards.view.New","viewId":"application-manageyards-display-component---NewYard","bindingPath":{"path":"","propertyPath":"/SALES_AREA_SPART","modelName":"NewYardModel"},"interaction":{"idSuffix":"inner"}},"wdio_ui5_key":"etmportal.ui.manageyards.view.Newsap.m.Input{\"path\":\"\",\"propertyPath\":\"/SALES_AREA_SPART\",\"modelName\":\"NewYardModel\"}"}]}
RESULT: {"script":"<script> [1562 bytes]","args":[{"selector":{"controlType":"sap.m.Input","viewName":"etm.portal.ui.manageyards.view.New","viewId":"application-manageyards-display-component---NewYard","bindingPath":{"path":"","propertyPath":"/SALES_AREA_SPART","modelName":"NewYardModel"},"interaction":{"idSuffix":"inner"}},"wdio_ui5_key":"etmportal.ui.manageyards.view.Newsap.m.Input{\"path\":\"\",\"propertyPath\":\"/SALES_AREA_SPART\",\"modelName\":\"NewYardModel\"}"}]}
RESULT: undefined
COMMAND: POST /session/2eef3865f9633c585bb33c6ac0c7be86/execute/async - {"script":"<script> [776 bytes]","args":[{"enterText":"C2","selector":{"controlType":"sap.m.Input","viewName":"etm.portal.ui.manageyards.view.New","viewId":"application-manageyards-display-component---NewYard","bindingPath":{"path":"","propertyPath":"/SALES_AREA_SPART","modelName":"NewYardModel"},"interaction":{"idSuffix":"inner"}},"clearTextFirst":true,"interactionType":"ENTER_TEXT"}]}
RESULT: {"script":"<script> [776 bytes]","args":[{"enterText":"C2","selector":{"controlType":"sap.m.Input","viewName":"etm.portal.ui.manageyards.view.New","viewId":"application-manageyards-display-component---NewYard","bindingPath":{"path":"","propertyPath":"/SALES_AREA_SPART","modelName":"NewYardModel"},"interaction":{"idSuffix":"inner"}},"clearTextFirst":true,"interactionType":"ENTER_TEXT"}]}
COMMAND: POST /session/2eef3865f9633c585bb33c6ac0c7be86/execute/async - {"script":"<script> [1562 bytes]","args":[{"selector":{"controlType":"sap.m.Input","viewName":"etm.portal.ui.manageyards.view.New","viewId":"application-manageyards-display-component---NewYard","bindingPath":{"path":"","propertyPath":"/SHIP_POINT","modelName":"NewYardModel"},"interaction":{"idSuffix":"inner"}},"wdio_ui5_key":"etmportal.ui.manageyards.view.Newsap.m.Input{\"path\":\"\",\"propertyPath\":\"/SHIP_POINT\",\"modelName\":\"NewYardModel\"}"}]}
RESULT: {"script":"<script> [1562 bytes]","args":[{"selector":{"controlType":"sap.m.Input","viewName":"etm.portal.ui.manageyards.view.New","viewId":"application-manageyards-display-component---NewYard","bindingPath":{"path":"","propertyPath":"/SHIP_POINT","modelName":"NewYardModel"},"interaction":{"idSuffix":"inner"}},"wdio_ui5_key":"etmportal.ui.manageyards.view.Newsap.m.Input{\"path\":\"\",\"propertyPath\":\"/SHIP_POINT\",\"modelName\":\"NewYardModel\"}"}]}
RESULT: undefined
COMMAND: POST /session/2eef3865f9633c585bb33c6ac0c7be86/execute/async - {"script":"<script> [776 bytes]","args":[{"enterText":"1710","selector":{"controlType":"sap.m.Input","viewName":"etm.portal.ui.manageyards.view.New","viewId":"application-manageyards-display-component---NewYard","bindingPath":{"path":"","propertyPath":"/SHIP_POINT","modelName":"NewYardModel"},"interaction":{"idSuffix":"inner"}},"clearTextFirst":true,"interactionType":"ENTER_TEXT"}]}
RESULT: {"script":"<script> [776 bytes]","args":[{"enterText":"1710","selector":{"controlType":"sap.m.Input","viewName":"etm.portal.ui.manageyards.view.New","viewId":"application-manageyards-display-component---NewYard","bindingPath":{"path":"","propertyPath":"/SHIP_POINT","modelName":"NewYardModel"},"interaction":{"idSuffix":"inner"}},"clearTextFirst":true,"interactionType":"ENTER_TEXT"}]}
COMMAND: POST /session/2eef3865f9633c585bb33c6ac0c7be86/execute/async - {"script":"<script> [1562 bytes]","args":[{"selector":{"controlType":"sap.m.Input","viewName":"etm.portal.ui.manageyards.view.New","viewId":"application-manageyards-display-component---NewYard","bindingPath":{"path":"","propertyPath":"/DELIVERY_TYPE","modelName":"NewYardModel"},"interaction":{"idSuffix":"inner"}},"wdio_ui5_key":"etmportal.ui.manageyards.view.Newsap.m.Input{\"path\":\"\",\"propertyPath\":\"/DELIVERY_TYPE\",\"modelName\":\"NewYardModel\"}"}]}
RESULT: {"script":"<script> [1562 bytes]","args":[{"selector":{"controlType":"sap.m.Input","viewName":"etm.portal.ui.manageyards.view.New","viewId":"application-manageyards-display-component---NewYard","bindingPath":{"path":"","propertyPath":"/DELIVERY_TYPE","modelName":"NewYardModel"},"interaction":{"idSuffix":"inner"}},"wdio_ui5_key":"etmportal.ui.manageyards.view.Newsap.m.Input{\"path\":\"\",\"propertyPath\":\"/DELIVERY_TYPE\",\"modelName\":\"NewYardModel\"}"}]}
RESULT: undefined
COMMAND: POST /session/2eef3865f9633c585bb33c6ac0c7be86/execute/async - {"script":"<script> [776 bytes]","args":[{"enterText":"ZL01","selector":{"controlType":"sap.m.Input","viewName":"etm.portal.ui.manageyards.view.New","viewId":"application-manageyards-display-component---NewYard","bindingPath":{"path":"","propertyPath":"/DELIVERY_TYPE","modelName":"NewYardModel"},"interaction":{"idSuffix":"inner"}},"clearTextFirst":true,"interactionType":"ENTER_TEXT"}]}
RESULT: {"script":"<script> [776 bytes]","args":[{"enterText":"ZL01","selector":{"controlType":"sap.m.Input","viewName":"etm.portal.ui.manageyards.view.New","viewId":"application-manageyards-display-component---NewYard","bindingPath":{"path":"","propertyPath":"/DELIVERY_TYPE","modelName":"NewYardModel"},"interaction":{"idSuffix":"inner"}},"clearTextFirst":true,"interactionType":"ENTER_TEXT"}]}
COMMAND: POST /session/2eef3865f9633c585bb33c6ac0c7be86/execute/async - {"script":"<script> [1562 bytes]","args":[{"selector":{"controlType":"sap.m.Input","viewName":"etm.portal.ui.manageyards.view.New","viewId":"application-manageyards-display-component---NewYard","bindingPath":{"path":"","propertyPath":"/AUART","modelName":"NewYardModel"},"interaction":{"idSuffix":"inner"}},"wdio_ui5_key":"etmportal.ui.manageyards.view.Newsap.m.Input{\"path\":\"\",\"propertyPath\":\"/AUART\",\"modelName\":\"NewYardModel\"}"}]}
RESULT: {"script":"<script> [1562 bytes]","args":[{"selector":{"controlType":"sap.m.Input","viewName":"etm.portal.ui.manageyards.view.New","viewId":"application-manageyards-display-component---NewYard","bindingPath":{"path":"","propertyPath":"/AUART","modelName":"NewYardModel"},"interaction":{"idSuffix":"inner"}},"wdio_ui5_key":"etmportal.ui.manageyards.view.Newsap.m.Input{\"path\":\"\",\"propertyPath\":\"/AUART\",\"modelName\":\"NewYardModel\"}"}]}
RESULT: undefined
COMMAND: POST /session/2eef3865f9633c585bb33c6ac0c7be86/execute/async - {"script":"<script> [776 bytes]","args":[{"enterText":"TA","selector":{"controlType":"sap.m.Input","viewName":"etm.portal.ui.manageyards.view.New","viewId":"application-manageyards-display-component---NewYard","bindingPath":{"path":"","propertyPath":"/AUART","modelName":"NewYardModel"},"interaction":{"idSuffix":"inner"}},"clearTextFirst":true,"interactionType":"ENTER_TEXT"}]}
RESULT: {"script":"<script> [776 bytes]","args":[{"enterText":"TA","selector":{"controlType":"sap.m.Input","viewName":"etm.portal.ui.manageyards.view.New","viewId":"application-manageyards-display-component---NewYard","bindingPath":{"path":"","propertyPath":"/AUART","modelName":"NewYardModel"},"interaction":{"idSuffix":"inner"}},"clearTextFirst":true,"interactionType":"ENTER_TEXT"}]}
COMMAND: POST /session/2eef3865f9633c585bb33c6ac0c7be86/execute/async - {"script":"<script> [1562 bytes]","args":[{"selector":{"id":"application-manageyards-display-component---NewYard--whmCheckBox","interaction":{"idSuffix":"CbBg"}},"wdio_ui5_key":"applicationmanageyards-display-component---NewYard--whmCheckBox"}]}
RESULT: {"script":"<script> [1562 bytes]","args":[{"selector":{"id":"application-manageyards-display-component---NewYard--whmCheckBox","interaction":{"idSuffix":"CbBg"}},"wdio_ui5_key":"applicationmanageyards-display-component---NewYard--whmCheckBox"}]}
RESULT: undefined
COMMAND: POST /session/2eef3865f9633c585bb33c6ac0c7be86/element - {"using":"xpath","value":"//*[@id=\"application-manageyards-display-component---NewYard--whmCheckBox\"]"}
RESULT: {"using":"xpath","value":"//*[@id=\"application-manageyards-display-component---NewYard--whmCheckBox\"]"}
COMMAND: POST /session/2eef3865f9633c585bb33c6ac0c7be86/element/f.38388B4EA542EE9F87EA90A6B1549037.d.66B47A63E5ED059B26D6145FD694CCE5.e.776/click - {}
RESULT: {}
COMMAND: GET /session/2eef3865f9633c585bb33c6ac0c7be86/screenshot - {}
RESULT: {}
COMMAND: POST /session/2eef3865f9633c585bb33c6ac0c7be86/element - {"using":"xpath","value":"//button[@data-kt=\"newYardSaveButton\"]"}
RESULT: {"using":"xpath","value":"//button[@data-kt=\"newYardSaveButton\"]"}
COMMAND: POST /session/2eef3865f9633c585bb33c6ac0c7be86/element/f.38388B4EA542EE9F87EA90A6B1549037.d.66B47A63E5ED059B26D6145FD694CCE5.e.685/click - {}
RESULT: {}
COMMAND: GET /session/2eef3865f9633c585bb33c6ac0c7be86/screenshot - {}
RESULT: {}
COMMAND: POST /session/2eef3865f9633c585bb33c6ac0c7be86/element - {"using":"xpath","value":"//header[contains(@id, 'ObjectPageLayout-headerTitle')]/div[1]/div[2]/div[1]/span[1]"}
RESULT: {"using":"xpath","value":"//header[contains(@id, 'ObjectPageLayout-headerTitle')]/div[1]/div[2]/div[1]/span[1]"}
COMMAND: POST /session/2eef3865f9633c585bb33c6ac0c7be86/elements - {"using":"xpath","value":"//header[contains(@id, 'ObjectPageLayout-headerTitle')]/div[1]/div[2]/div[1]/span[1]"}
RESULT: {"using":"xpath","value":"//header[contains(@id, 'ObjectPageLayout-headerTitle')]/div[1]/div[2]/div[1]/span[1]"}
COMMAND: POST /session/2eef3865f9633c585bb33c6ac0c7be86/execute/sync - {"script":"<script> [56 bytes]","args":[{"element-6066-11e4-a52e-4f735466cecf":"f.38388B4EA542EE9F87EA90A6B1549037.d.66B47A63E5ED059B26D6145FD694CCE5.e.974","ELEMENT":"f.38388B4EA542EE9F87EA90A6B1549037.d.66B47A63E5ED059B26D6145FD694CCE5.e.974"}]}
RESULT: {"script":"<script> [56 bytes]","args":[{"element-6066-11e4-a52e-4f735466cecf":"f.38388B4EA542EE9F87EA90A6B1549037.d.66B47A63E5ED059B26D6145FD694CCE5.e.974","ELEMENT":"f.38388B4EA542EE9F87EA90A6B1549037.d.66B47A63E5ED059B26D6145FD694CCE5.e.974"}]}
COMMAND: GET /session/2eef3865f9633c585bb33c6ac0c7be86/screenshot - {}
RESULT: {}
COMMAND: POST /session/2eef3865f9633c585bb33c6ac0c7be86/element - {"using":"css selector","value":"#shell-header-logo"}
RESULT: {"using":"css selector","value":"#shell-header-logo"}
COMMAND: POST /session/2eef3865f9633c585bb33c6ac0c7be86/element/f.38388B4EA542EE9F87EA90A6B1549037.d.66B47A63E5ED059B26D6145FD694CCE5.e.239/click - {}
RESULT: {}
COMMAND: GET /session/2eef3865f9633c585bb33c6ac0c7be86/screenshot - {}
RESULT: {}
COMMAND: POST /session/2eef3865f9633c585bb33c6ac0c7be86/execute/sync - {"script":"<script> [299 bytes]","args":[["getModel","getResource"]]}
RESULT: {"script":"<script> [299 bytes]","args":[["getModel","getResource"]]}
]]></system-out>
    </testcase>
    <testcase classname="chrome.136_0_7103_93.windows.Stock_increase_-_with_WHM_US125587" name="Should create a new external WHM partner" time="99.077">
      <system-out><![CDATA[
COMMAND: GET /session/2eef3865f9633c585bb33c6ac0c7be86/screenshot - {}
COMMAND: POST /session/2eef3865f9633c585bb33c6ac0c7be86/window/fullscreen - {}
RESULT: {}
COMMAND: POST /session/2eef3865f9633c585bb33c6ac0c7be86/execute/async - {"script":"<script> [1562 bytes]","args":[{"selector":{"controlType":"sap.m.GenericTile","properties":{"header":"Manage Partners"}},"wdio_ui5_key":"sapm.GenericTile{\"header\":\"Manage Partners\"}"}]}
RESULT: {}
RESULT: {"script":"<script> [1562 bytes]","args":[{"selector":{"controlType":"sap.m.GenericTile","properties":{"header":"Manage Partners"}},"wdio_ui5_key":"sapm.GenericTile{\"header\":\"Manage Partners\"}"}]}
RESULT: undefined
COMMAND: POST /session/2eef3865f9633c585bb33c6ac0c7be86/element - {"using":"xpath","value":"//*[@id=\"__tile38\"]"}
RESULT: {"using":"xpath","value":"//*[@id=\"__tile38\"]"}
COMMAND: POST /session/2eef3865f9633c585bb33c6ac0c7be86/element/f.38388B4EA542EE9F87EA90A6B1549037.d.66B47A63E5ED059B26D6145FD694CCE5.e.125/click - {}
RESULT: {}
COMMAND: GET /session/2eef3865f9633c585bb33c6ac0c7be86/screenshot - {}
RESULT: {}
COMMAND: POST /session/2eef3865f9633c585bb33c6ac0c7be86/elements - {"using":"xpath","value":"//span[text()='Error']"}
RESULT: {"using":"xpath","value":"//span[text()='Error']"}
COMMAND: POST /session/2eef3865f9633c585bb33c6ac0c7be86/element - {"using":"xpath","value":"//button[@data-kt=\"addButton\"]"}
RESULT: {"using":"xpath","value":"//button[@data-kt=\"addButton\"]"}
COMMAND: POST /session/2eef3865f9633c585bb33c6ac0c7be86/elements - {"using":"xpath","value":"//button[@data-kt=\"addButton\"]"}
RESULT: {"using":"xpath","value":"//button[@data-kt=\"addButton\"]"}
COMMAND: POST /session/2eef3865f9633c585bb33c6ac0c7be86/elements - {"using":"xpath","value":"//button[@data-kt=\"addButton\"]"}
RESULT: {"using":"xpath","value":"//button[@data-kt=\"addButton\"]"}
COMMAND: POST /session/2eef3865f9633c585bb33c6ac0c7be86/element - {"using":"xpath","value":"//button[@data-kt=\"addButton\"]"}
RESULT: {"using":"xpath","value":"//button[@data-kt=\"addButton\"]"}
COMMAND: POST /session/2eef3865f9633c585bb33c6ac0c7be86/execute/sync - {"script":"<script> [8489 bytes]","args":[{"element-6066-11e4-a52e-4f735466cecf":"f.38388B4EA542EE9F87EA90A6B1549037.d.66B47A63E5ED059B26D6145FD694CCE5.e.1012","ELEMENT":"f.38388B4EA542EE9F87EA90A6B1549037.d.66B47A63E5ED059B26D6145FD694CCE5.e.1012"}]}
RESULT: {"script":"<script> [8489 bytes]","args":[{"element-6066-11e4-a52e-4f735466cecf":"f.38388B4EA542EE9F87EA90A6B1549037.d.66B47A63E5ED059B26D6145FD694CCE5.e.1012","ELEMENT":"f.38388B4EA542EE9F87EA90A6B1549037.d.66B47A63E5ED059B26D6145FD694CCE5.e.1012"}]}
COMMAND: GET /session/2eef3865f9633c585bb33c6ac0c7be86/element/f.38388B4EA542EE9F87EA90A6B1549037.d.66B47A63E5ED059B26D6145FD694CCE5.e.1012/enabled - {}
COMMAND: GET /session/2eef3865f9633c585bb33c6ac0c7be86/screenshot - {}
RESULT: {}
RESULT: {}
COMMAND: POST /session/2eef3865f9633c585bb33c6ac0c7be86/execute/sync - {"script":"<script> [8489 bytes]","args":[{"element-6066-11e4-a52e-4f735466cecf":"f.38388B4EA542EE9F87EA90A6B1549037.d.66B47A63E5ED059B26D6145FD694CCE5.e.1012","ELEMENT":"f.38388B4EA542EE9F87EA90A6B1549037.d.66B47A63E5ED059B26D6145FD694CCE5.e.1012"}]}
COMMAND: GET /session/2eef3865f9633c585bb33c6ac0c7be86/screenshot - {}
RESULT: {"script":"<script> [8489 bytes]","args":[{"element-6066-11e4-a52e-4f735466cecf":"f.38388B4EA542EE9F87EA90A6B1549037.d.66B47A63E5ED059B26D6145FD694CCE5.e.1012","ELEMENT":"f.38388B4EA542EE9F87EA90A6B1549037.d.66B47A63E5ED059B26D6145FD694CCE5.e.1012"}]}
COMMAND: POST /session/2eef3865f9633c585bb33c6ac0c7be86/execute/sync - {"script":"<script> [5351 bytes]","args":[{"element-6066-11e4-a52e-4f735466cecf":"f.38388B4EA542EE9F87EA90A6B1549037.d.66B47A63E5ED059B26D6145FD694CCE5.e.1012","ELEMENT":"f.38388B4EA542EE9F87EA90A6B1549037.d.66B47A63E5ED059B26D6145FD694CCE5.e.1012"}]}
COMMAND: GET /session/2eef3865f9633c585bb33c6ac0c7be86/screenshot - {}
RESULT: {}
RESULT: {"script":"<script> [5351 bytes]","args":[{"element-6066-11e4-a52e-4f735466cecf":"f.38388B4EA542EE9F87EA90A6B1549037.d.66B47A63E5ED059B26D6145FD694CCE5.e.1012","ELEMENT":"f.38388B4EA542EE9F87EA90A6B1549037.d.66B47A63E5ED059B26D6145FD694CCE5.e.1012"}]}
COMMAND: POST /session/2eef3865f9633c585bb33c6ac0c7be86/element/f.38388B4EA542EE9F87EA90A6B1549037.d.66B47A63E5ED059B26D6145FD694CCE5.e.1012/click - {}
COMMAND: GET /session/2eef3865f9633c585bb33c6ac0c7be86/screenshot - {}
RESULT: {}
RESULT: {}
COMMAND: GET /session/2eef3865f9633c585bb33c6ac0c7be86/screenshot - {}
RESULT: {}
RESULT: {}
COMMAND: POST /session/2eef3865f9633c585bb33c6ac0c7be86/execute/async - {"script":"<script> [1562 bytes]","args":[{"selector":{"id":"application-managepartners-display-component---NewPartner--addressDetailDetailsName1","interaction":{"idSuffix":"inner"}},"wdio_ui5_key":"applicationmanagepartners-display-component---NewPartner--addressDetailDetailsName1"}]}
RESULT: {"script":"<script> [1562 bytes]","args":[{"selector":{"id":"application-managepartners-display-component---NewPartner--addressDetailDetailsName1","interaction":{"idSuffix":"inner"}},"wdio_ui5_key":"applicationmanagepartners-display-component---NewPartner--addressDetailDetailsName1"}]}
RESULT: undefined
COMMAND: POST /session/2eef3865f9633c585bb33c6ac0c7be86/execute/async - {"script":"<script> [776 bytes]","args":[{"enterText":"External Partner WDIO","selector":{"id":"application-managepartners-display-component---NewPartner--addressDetailDetailsName1","interaction":{"idSuffix":"inner"}},"clearTextFirst":true,"interactionType":"ENTER_TEXT"}]}
RESULT: {"script":"<script> [776 bytes]","args":[{"enterText":"External Partner WDIO","selector":{"id":"application-managepartners-display-component---NewPartner--addressDetailDetailsName1","interaction":{"idSuffix":"inner"}},"clearTextFirst":true,"interactionType":"ENTER_TEXT"}]}
COMMAND: POST /session/2eef3865f9633c585bb33c6ac0c7be86/execute/async - {"script":"<script> [1562 bytes]","args":[{"selector":{"id":"application-managepartners-display-component---NewPartner--addressDetailDetailsLanguage-arrow"},"wdio_ui5_key":"applicationmanagepartners-display-component---NewPartner--addressDetailDetailsLanguage-arrow"}]}
RESULT: {"script":"<script> [1562 bytes]","args":[{"selector":{"id":"application-managepartners-display-component---NewPartner--addressDetailDetailsLanguage-arrow"},"wdio_ui5_key":"applicationmanagepartners-display-component---NewPartner--addressDetailDetailsLanguage-arrow"}]}
RESULT: undefined
COMMAND: POST /session/2eef3865f9633c585bb33c6ac0c7be86/element - {"using":"xpath","value":"//*[@id=\"application-managepartners-display-component---NewPartner--addressDetailDetailsLanguage-arrow\"]"}
RESULT: {"using":"xpath","value":"//*[@id=\"application-managepartners-display-component---NewPartner--addressDetailDetailsLanguage-arrow\"]"}
COMMAND: POST /session/2eef3865f9633c585bb33c6ac0c7be86/element/f.38388B4EA542EE9F87EA90A6B1549037.d.66B47A63E5ED059B26D6145FD694CCE5.e.1463/click - {}
RESULT: {}
COMMAND: POST /session/2eef3865f9633c585bb33c6ac0c7be86/element - {"using":"xpath","value":"//span[contains(text(), \"English\")]"}
COMMAND: GET /session/2eef3865f9633c585bb33c6ac0c7be86/screenshot - {}
RESULT: {"using":"xpath","value":"//span[contains(text(), \"English\")]"}
COMMAND: POST /session/2eef3865f9633c585bb33c6ac0c7be86/element/f.38388B4EA542EE9F87EA90A6B1549037.d.66B47A63E5ED059B26D6145FD694CCE5.e.1464/click - {}
RESULT: {}
RESULT: {}
COMMAND: GET /session/2eef3865f9633c585bb33c6ac0c7be86/screenshot - {}
RESULT: {}
COMMAND: POST /session/2eef3865f9633c585bb33c6ac0c7be86/execute/async - {"script":"<script> [1562 bytes]","args":[{"selector":{"id":"application-managepartners-display-component---NewPartner--addressDetailDetailsCity1","interaction":{"idSuffix":"inner"}},"wdio_ui5_key":"applicationmanagepartners-display-component---NewPartner--addressDetailDetailsCity1"}]}
RESULT: {"script":"<script> [1562 bytes]","args":[{"selector":{"id":"application-managepartners-display-component---NewPartner--addressDetailDetailsCity1","interaction":{"idSuffix":"inner"}},"wdio_ui5_key":"applicationmanagepartners-display-component---NewPartner--addressDetailDetailsCity1"}]}
RESULT: undefined
COMMAND: POST /session/2eef3865f9633c585bb33c6ac0c7be86/execute/async - {"script":"<script> [776 bytes]","args":[{"enterText":"Rosario","selector":{"id":"application-managepartners-display-component---NewPartner--addressDetailDetailsCity1","interaction":{"idSuffix":"inner"}},"clearTextFirst":true,"interactionType":"ENTER_TEXT"}]}
RESULT: {"script":"<script> [776 bytes]","args":[{"enterText":"Rosario","selector":{"id":"application-managepartners-display-component---NewPartner--addressDetailDetailsCity1","interaction":{"idSuffix":"inner"}},"clearTextFirst":true,"interactionType":"ENTER_TEXT"}]}
COMMAND: POST /session/2eef3865f9633c585bb33c6ac0c7be86/execute/async - {"script":"<script> [1562 bytes]","args":[{"selector":{"id":"application-managepartners-display-component---NewPartner--addressDetailDetailsCountry-arrow"},"wdio_ui5_key":"applicationmanagepartners-display-component---NewPartner--addressDetailDetailsCountry-arrow"}]}
RESULT: {"script":"<script> [1562 bytes]","args":[{"selector":{"id":"application-managepartners-display-component---NewPartner--addressDetailDetailsCountry-arrow"},"wdio_ui5_key":"applicationmanagepartners-display-component---NewPartner--addressDetailDetailsCountry-arrow"}]}
RESULT: undefined
COMMAND: POST /session/2eef3865f9633c585bb33c6ac0c7be86/element - {"using":"xpath","value":"//*[@id=\"application-managepartners-display-component---NewPartner--addressDetailDetailsCountry-arrow\"]"}
RESULT: {"using":"xpath","value":"//*[@id=\"application-managepartners-display-component---NewPartner--addressDetailDetailsCountry-arrow\"]"}
COMMAND: POST /session/2eef3865f9633c585bb33c6ac0c7be86/element/f.38388B4EA542EE9F87EA90A6B1549037.d.66B47A63E5ED059B26D6145FD694CCE5.e.1431/click - {}
RESULT: {}
COMMAND: POST /session/2eef3865f9633c585bb33c6ac0c7be86/element - {"using":"xpath","value":"//span[contains(text(), \"Argentina\")]"}
COMMAND: GET /session/2eef3865f9633c585bb33c6ac0c7be86/screenshot - {}
RESULT: {"using":"xpath","value":"//span[contains(text(), \"Argentina\")]"}
COMMAND: POST /session/2eef3865f9633c585bb33c6ac0c7be86/element/f.38388B4EA542EE9F87EA90A6B1549037.d.66B47A63E5ED059B26D6145FD694CCE5.e.1466/click - {}
RESULT: {}
RESULT: {}
COMMAND: GET /session/2eef3865f9633c585bb33c6ac0c7be86/screenshot - {}
RESULT: {}
COMMAND: POST /session/2eef3865f9633c585bb33c6ac0c7be86/element - {"using":"xpath","value":"//bdi[contains(text(), \"Commercial\")]"}
RESULT: {"using":"xpath","value":"//bdi[contains(text(), \"Commercial\")]"}
COMMAND: POST /session/2eef3865f9633c585bb33c6ac0c7be86/element/f.38388B4EA542EE9F87EA90A6B1549037.d.66B47A63E5ED059B26D6145FD694CCE5.e.1467/click - {}
RESULT: {}
COMMAND: GET /session/2eef3865f9633c585bb33c6ac0c7be86/screenshot - {}
RESULT: {}
COMMAND: POST /session/2eef3865f9633c585bb33c6ac0c7be86/execute/async - {"script":"<script> [1562 bytes]","args":[{"selector":{"id":"application-managepartners-display-component---NewPartner--partnerDetailInternal-arrow"},"wdio_ui5_key":"applicationmanagepartners-display-component---NewPartner--partnerDetailInternal-arrow"}]}
RESULT: {"script":"<script> [1562 bytes]","args":[{"selector":{"id":"application-managepartners-display-component---NewPartner--partnerDetailInternal-arrow"},"wdio_ui5_key":"applicationmanagepartners-display-component---NewPartner--partnerDetailInternal-arrow"}]}
RESULT: undefined
COMMAND: POST /session/2eef3865f9633c585bb33c6ac0c7be86/element - {"using":"xpath","value":"//*[@id=\"application-managepartners-display-component---NewPartner--partnerDetailInternal-arrow\"]"}
RESULT: {"using":"xpath","value":"//*[@id=\"application-managepartners-display-component---NewPartner--partnerDetailInternal-arrow\"]"}
COMMAND: POST /session/2eef3865f9633c585bb33c6ac0c7be86/element/f.38388B4EA542EE9F87EA90A6B1549037.d.66B47A63E5ED059B26D6145FD694CCE5.e.1473/click - {}
RESULT: {}
COMMAND: POST /session/2eef3865f9633c585bb33c6ac0c7be86/element - {"using":"xpath","value":"//span[contains(text(), \"External partner\")]"}
COMMAND: GET /session/2eef3865f9633c585bb33c6ac0c7be86/screenshot - {}
RESULT: {"using":"xpath","value":"//span[contains(text(), \"External partner\")]"}
COMMAND: POST /session/2eef3865f9633c585bb33c6ac0c7be86/element/f.38388B4EA542EE9F87EA90A6B1549037.d.66B47A63E5ED059B26D6145FD694CCE5.e.1474/click - {}
RESULT: {}
RESULT: {}
COMMAND: POST /session/2eef3865f9633c585bb33c6ac0c7be86/execute/async - {"script":"<script> [1562 bytes]","args":[{"selector":{"id":"application-managepartners-display-component---NewPartner--partnerDetailsCurrency-arrow"},"wdio_ui5_key":"applicationmanagepartners-display-component---NewPartner--partnerDetailsCurrency-arrow"}]}
COMMAND: GET /session/2eef3865f9633c585bb33c6ac0c7be86/screenshot - {}
RESULT: {"script":"<script> [1562 bytes]","args":[{"selector":{"id":"application-managepartners-display-component---NewPartner--partnerDetailsCurrency-arrow"},"wdio_ui5_key":"applicationmanagepartners-display-component---NewPartner--partnerDetailsCurrency-arrow"}]}
RESULT: undefined
COMMAND: POST /session/2eef3865f9633c585bb33c6ac0c7be86/element - {"using":"xpath","value":"//*[@id=\"application-managepartners-display-component---NewPartner--partnerDetailsCurrency-arrow\"]"}
RESULT: {}
RESULT: {"using":"xpath","value":"//*[@id=\"application-managepartners-display-component---NewPartner--partnerDetailsCurrency-arrow\"]"}
COMMAND: POST /session/2eef3865f9633c585bb33c6ac0c7be86/element/f.38388B4EA542EE9F87EA90A6B1549037.d.66B47A63E5ED059B26D6145FD694CCE5.e.1479/click - {}
RESULT: {}
COMMAND: POST /session/2eef3865f9633c585bb33c6ac0c7be86/element - {"using":"xpath","value":"//span[contains(text(), \"US Dollar\")]"}
COMMAND: GET /session/2eef3865f9633c585bb33c6ac0c7be86/screenshot - {}
RESULT: {"using":"xpath","value":"//span[contains(text(), \"US Dollar\")]"}
COMMAND: POST /session/2eef3865f9633c585bb33c6ac0c7be86/element/f.38388B4EA542EE9F87EA90A6B1549037.d.66B47A63E5ED059B26D6145FD694CCE5.e.1480/click - {}
RESULT: {}
RESULT: {}
COMMAND: GET /session/2eef3865f9633c585bb33c6ac0c7be86/screenshot - {}
RESULT: {}
COMMAND: POST /session/2eef3865f9633c585bb33c6ac0c7be86/element - {"using":"xpath","value":"//input[@id=\"application-managepartners-display-component---NewPartner--companyCodeComboBox-inner\"]"}
RESULT: {"using":"xpath","value":"//input[@id=\"application-managepartners-display-component---NewPartner--companyCodeComboBox-inner\"]"}
COMMAND: POST /session/2eef3865f9633c585bb33c6ac0c7be86/element/f.38388B4EA542EE9F87EA90A6B1549037.d.66B47A63E5ED059B26D6145FD694CCE5.e.1329/clear - {}
RESULT: {}
COMMAND: POST /session/2eef3865f9633c585bb33c6ac0c7be86/element/f.38388B4EA542EE9F87EA90A6B1549037.d.66B47A63E5ED059B26D6145FD694CCE5.e.1329/value - {"text":"C002"}
COMMAND: GET /session/2eef3865f9633c585bb33c6ac0c7be86/screenshot - {}
RESULT: {"text":"C002"}
COMMAND: GET /session/2eef3865f9633c585bb33c6ac0c7be86/screenshot - {}
RESULT: {}
RESULT: {}
COMMAND: POST /session/2eef3865f9633c585bb33c6ac0c7be86/element - {"using":"xpath","value":"//li[.//span[text()= \"C002\"]]"}
RESULT: {"using":"xpath","value":"//li[.//span[text()= \"C002\"]]"}
COMMAND: POST /session/2eef3865f9633c585bb33c6ac0c7be86/element/f.38388B4EA542EE9F87EA90A6B1549037.d.66B47A63E5ED059B26D6145FD694CCE5.e.1484/click - {}
RESULT: {}
COMMAND: GET /session/2eef3865f9633c585bb33c6ac0c7be86/screenshot - {}
RESULT: {}
COMMAND: POST /session/2eef3865f9633c585bb33c6ac0c7be86/execute/async - {"script":"<script> [1562 bytes]","args":[{"selector":{"id":"application-managepartners-display-component---NewPartner--btnAddTableRow-img"},"wdio_ui5_key":"applicationmanagepartners-display-component---NewPartner--btnAddTableRow-img"}]}
RESULT: {"script":"<script> [1562 bytes]","args":[{"selector":{"id":"application-managepartners-display-component---NewPartner--btnAddTableRow-img"},"wdio_ui5_key":"applicationmanagepartners-display-component---NewPartner--btnAddTableRow-img"}]}
RESULT: undefined
COMMAND: POST /session/2eef3865f9633c585bb33c6ac0c7be86/element - {"using":"xpath","value":"//*[@id=\"application-managepartners-display-component---NewPartner--btnAddTableRow-img\"]"}
RESULT: {"using":"xpath","value":"//*[@id=\"application-managepartners-display-component---NewPartner--btnAddTableRow-img\"]"}
COMMAND: POST /session/2eef3865f9633c585bb33c6ac0c7be86/element/f.38388B4EA542EE9F87EA90A6B1549037.d.66B47A63E5ED059B26D6145FD694CCE5.e.1485/click - {}
RESULT: {}
COMMAND: GET /session/2eef3865f9633c585bb33c6ac0c7be86/screenshot - {}
RESULT: {}
COMMAND: POST /session/2eef3865f9633c585bb33c6ac0c7be86/element - {"using":"xpath","value":"//input[@id=\"application-managepartners-display-component---NewPartner--assignmentYard-application-managepartners-display-component---NewPartner--assignmentsTable-0-inner\"]"}
RESULT: {"using":"xpath","value":"//input[@id=\"application-managepartners-display-component---NewPartner--assignmentYard-application-managepartners-display-component---NewPartner--assignmentsTable-0-inner\"]"}
COMMAND: POST /session/2eef3865f9633c585bb33c6ac0c7be86/element/f.38388B4EA542EE9F87EA90A6B1549037.d.66B47A63E5ED059B26D6145FD694CCE5.e.1488/clear - {}
RESULT: {}
COMMAND: POST /session/2eef3865f9633c585bb33c6ac0c7be86/element/f.38388B4EA542EE9F87EA90A6B1549037.d.66B47A63E5ED059B26D6145FD694CCE5.e.1488/value - {"text":"272"}
COMMAND: GET /session/2eef3865f9633c585bb33c6ac0c7be86/screenshot - {}
RESULT: {"text":"272"}
COMMAND: GET /session/2eef3865f9633c585bb33c6ac0c7be86/screenshot - {}
RESULT: {}
RESULT: {}
COMMAND: POST /session/2eef3865f9633c585bb33c6ac0c7be86/element - {"using":"xpath","value":"//li[.//span[text()='272']]"}
RESULT: {"using":"xpath","value":"//li[.//span[text()='272']]"}
COMMAND: POST /session/2eef3865f9633c585bb33c6ac0c7be86/element/f.38388B4EA542EE9F87EA90A6B1549037.d.66B47A63E5ED059B26D6145FD694CCE5.e.1496/click - {}
RESULT: {}
COMMAND: GET /session/2eef3865f9633c585bb33c6ac0c7be86/screenshot - {}
RESULT: {}
COMMAND: POST /session/2eef3865f9633c585bb33c6ac0c7be86/actions - {"actions":[{"id":"action2","type":"key","parameters":{},"actions":[{"type":"keyDown","value":""},{"type":"pause","duration":10},{"type":"keyUp","value":""}]}]}
RESULT: {"actions":[{"id":"action2","type":"key","parameters":{},"actions":[{"type":"keyDown","value":""},{"type":"pause","duration":10},{"type":"keyUp","value":""}]}]}
COMMAND: POST /session/2eef3865f9633c585bb33c6ac0c7be86/element - {"using":"xpath","value":"//td[contains(@id, \"assignmentsTable-0-cell2\")]/div/div"}
COMMAND: GET /session/2eef3865f9633c585bb33c6ac0c7be86/screenshot - {}
RESULT: {"using":"xpath","value":"//td[contains(@id, \"assignmentsTable-0-cell2\")]/div/div"}
COMMAND: POST /session/2eef3865f9633c585bb33c6ac0c7be86/element/f.38388B4EA542EE9F87EA90A6B1549037.d.66B47A63E5ED059B26D6145FD694CCE5.e.1499/click - {}
RESULT: {}
RESULT: {}
COMMAND: GET /session/2eef3865f9633c585bb33c6ac0c7be86/screenshot - {}
RESULT: {}
COMMAND: POST /session/2eef3865f9633c585bb33c6ac0c7be86/element - {"using":"xpath","value":"//button[@data-kt=\"saveButton\"]"}
RESULT: {"using":"xpath","value":"//button[@data-kt=\"saveButton\"]"}
COMMAND: POST /session/2eef3865f9633c585bb33c6ac0c7be86/element/f.38388B4EA542EE9F87EA90A6B1549037.d.66B47A63E5ED059B26D6145FD694CCE5.e.1400/click - {}
RESULT: {}
COMMAND: GET /session/2eef3865f9633c585bb33c6ac0c7be86/screenshot - {}
RESULT: {}
COMMAND: POST /session/2eef3865f9633c585bb33c6ac0c7be86/element - {"using":"xpath","value":"//header[contains(@id, 'ObjectPageLayout-headerTitle')]/div[1]/div[2]/div[2]/span[1]"}
RESULT: {"using":"xpath","value":"//header[contains(@id, 'ObjectPageLayout-headerTitle')]/div[1]/div[2]/div[2]/span[1]"}
COMMAND: POST /session/2eef3865f9633c585bb33c6ac0c7be86/elements - {"using":"xpath","value":"//header[contains(@id, 'ObjectPageLayout-headerTitle')]/div[1]/div[2]/div[2]/span[1]"}
RESULT: {"using":"xpath","value":"//header[contains(@id, 'ObjectPageLayout-headerTitle')]/div[1]/div[2]/div[2]/span[1]"}
COMMAND: POST /session/2eef3865f9633c585bb33c6ac0c7be86/execute/sync - {"script":"<script> [56 bytes]","args":[{"element-6066-11e4-a52e-4f735466cecf":"f.38388B4EA542EE9F87EA90A6B1549037.d.66B47A63E5ED059B26D6145FD694CCE5.e.1663","ELEMENT":"f.38388B4EA542EE9F87EA90A6B1549037.d.66B47A63E5ED059B26D6145FD694CCE5.e.1663"}]}
RESULT: {"script":"<script> [56 bytes]","args":[{"element-6066-11e4-a52e-4f735466cecf":"f.38388B4EA542EE9F87EA90A6B1549037.d.66B47A63E5ED059B26D6145FD694CCE5.e.1663","ELEMENT":"f.38388B4EA542EE9F87EA90A6B1549037.d.66B47A63E5ED059B26D6145FD694CCE5.e.1663"}]}
COMMAND: POST /session/2eef3865f9633c585bb33c6ac0c7be86/element - {"using":"css selector","value":"#shell-header-logo"}
COMMAND: GET /session/2eef3865f9633c585bb33c6ac0c7be86/screenshot - {}
RESULT: {"using":"css selector","value":"#shell-header-logo"}
COMMAND: POST /session/2eef3865f9633c585bb33c6ac0c7be86/element/f.38388B4EA542EE9F87EA90A6B1549037.d.66B47A63E5ED059B26D6145FD694CCE5.e.978/click - {}
RESULT: {}
RESULT: {}
COMMAND: GET /session/2eef3865f9633c585bb33c6ac0c7be86/screenshot - {}
RESULT: {}
COMMAND: POST /session/2eef3865f9633c585bb33c6ac0c7be86/execute/sync - {"script":"<script> [299 bytes]","args":[["getModel","getResource"]]}
RESULT: {"script":"<script> [299 bytes]","args":[["getModel","getResource"]]}
COMMAND: GET /session/2eef3865f9633c585bb33c6ac0c7be86/screenshot - {}
]]></system-out>
    </testcase>
    <testcase classname="chrome.136_0_7103_93.windows.Stock_increase_-_with_WHM_US125587" name="Should create a new WHM site" time="109.436">
      <system-out><![CDATA[
COMMAND: POST /session/2eef3865f9633c585bb33c6ac0c7be86/execute/async - {"script":"<script> [1562 bytes]","args":[{"selector":{"controlType":"sap.m.GenericTile","properties":{"header":"Manage Sites"}},"wdio_ui5_key":"sapm.GenericTile{\"header\":\"Manage Sites\"}"}]}
RESULT: {}
RESULT: {"script":"<script> [1562 bytes]","args":[{"selector":{"controlType":"sap.m.GenericTile","properties":{"header":"Manage Sites"}},"wdio_ui5_key":"sapm.GenericTile{\"header\":\"Manage Sites\"}"}]}
RESULT: undefined
COMMAND: POST /session/2eef3865f9633c585bb33c6ac0c7be86/element - {"using":"xpath","value":"//*[@id=\"__tile40\"]"}
RESULT: {"using":"xpath","value":"//*[@id=\"__tile40\"]"}
COMMAND: POST /session/2eef3865f9633c585bb33c6ac0c7be86/element/f.38388B4EA542EE9F87EA90A6B1549037.d.66B47A63E5ED059B26D6145FD694CCE5.e.131/click - {}
RESULT: {}
COMMAND: GET /session/2eef3865f9633c585bb33c6ac0c7be86/screenshot - {}
RESULT: {}
COMMAND: POST /session/2eef3865f9633c585bb33c6ac0c7be86/elements - {"using":"xpath","value":"//span[text()='Error']"}
RESULT: {"using":"xpath","value":"//span[text()='Error']"}
COMMAND: POST /session/2eef3865f9633c585bb33c6ac0c7be86/element - {"using":"xpath","value":"//button[@data-kt=\"addOverflowToolbarButton\"]"}
RESULT: {"using":"xpath","value":"//button[@data-kt=\"addOverflowToolbarButton\"]"}
COMMAND: POST /session/2eef3865f9633c585bb33c6ac0c7be86/elements - {"using":"xpath","value":"//button[@data-kt=\"addOverflowToolbarButton\"]"}
RESULT: {"using":"xpath","value":"//button[@data-kt=\"addOverflowToolbarButton\"]"}
COMMAND: POST /session/2eef3865f9633c585bb33c6ac0c7be86/execute/sync - {"script":"<script> [8489 bytes]","args":[{"element-6066-11e4-a52e-4f735466cecf":"f.38388B4EA542EE9F87EA90A6B1549037.d.66B47A63E5ED059B26D6145FD694CCE5.e.1710","ELEMENT":"f.38388B4EA542EE9F87EA90A6B1549037.d.66B47A63E5ED059B26D6145FD694CCE5.e.1710"}]}
RESULT: {"script":"<script> [8489 bytes]","args":[{"element-6066-11e4-a52e-4f735466cecf":"f.38388B4EA542EE9F87EA90A6B1549037.d.66B47A63E5ED059B26D6145FD694CCE5.e.1710","ELEMENT":"f.38388B4EA542EE9F87EA90A6B1549037.d.66B47A63E5ED059B26D6145FD694CCE5.e.1710"}]}
COMMAND: GET /session/2eef3865f9633c585bb33c6ac0c7be86/element/f.38388B4EA542EE9F87EA90A6B1549037.d.66B47A63E5ED059B26D6145FD694CCE5.e.1710/enabled - {}
COMMAND: GET /session/2eef3865f9633c585bb33c6ac0c7be86/screenshot - {}
RESULT: {}
COMMAND: POST /session/2eef3865f9633c585bb33c6ac0c7be86/execute/sync - {"script":"<script> [8489 bytes]","args":[{"element-6066-11e4-a52e-4f735466cecf":"f.38388B4EA542EE9F87EA90A6B1549037.d.66B47A63E5ED059B26D6145FD694CCE5.e.1710","ELEMENT":"f.38388B4EA542EE9F87EA90A6B1549037.d.66B47A63E5ED059B26D6145FD694CCE5.e.1710"}]}
COMMAND: GET /session/2eef3865f9633c585bb33c6ac0c7be86/screenshot - {}
RESULT: {}
RESULT: {"script":"<script> [8489 bytes]","args":[{"element-6066-11e4-a52e-4f735466cecf":"f.38388B4EA542EE9F87EA90A6B1549037.d.66B47A63E5ED059B26D6145FD694CCE5.e.1710","ELEMENT":"f.38388B4EA542EE9F87EA90A6B1549037.d.66B47A63E5ED059B26D6145FD694CCE5.e.1710"}]}
COMMAND: POST /session/2eef3865f9633c585bb33c6ac0c7be86/execute/sync - {"script":"<script> [5351 bytes]","args":[{"element-6066-11e4-a52e-4f735466cecf":"f.38388B4EA542EE9F87EA90A6B1549037.d.66B47A63E5ED059B26D6145FD694CCE5.e.1710","ELEMENT":"f.38388B4EA542EE9F87EA90A6B1549037.d.66B47A63E5ED059B26D6145FD694CCE5.e.1710"}]}
COMMAND: GET /session/2eef3865f9633c585bb33c6ac0c7be86/screenshot - {}
RESULT: {}
RESULT: {"script":"<script> [5351 bytes]","args":[{"element-6066-11e4-a52e-4f735466cecf":"f.38388B4EA542EE9F87EA90A6B1549037.d.66B47A63E5ED059B26D6145FD694CCE5.e.1710","ELEMENT":"f.38388B4EA542EE9F87EA90A6B1549037.d.66B47A63E5ED059B26D6145FD694CCE5.e.1710"}]}
COMMAND: POST /session/2eef3865f9633c585bb33c6ac0c7be86/element/f.38388B4EA542EE9F87EA90A6B1549037.d.66B47A63E5ED059B26D6145FD694CCE5.e.1710/click - {}
COMMAND: GET /session/2eef3865f9633c585bb33c6ac0c7be86/screenshot - {}
RESULT: {}
RESULT: {}
COMMAND: GET /session/2eef3865f9633c585bb33c6ac0c7be86/screenshot - {}
COMMAND: POST /session/2eef3865f9633c585bb33c6ac0c7be86/element - {"using":"xpath","value":"//input[@id=\"application-managesites-display-component---NewSite--siteId-inner\"]"}
RESULT: {}
RESULT: {}
RESULT: {"using":"xpath","value":"//input[@id=\"application-managesites-display-component---NewSite--siteId-inner\"]"}
COMMAND: POST /session/2eef3865f9633c585bb33c6ac0c7be86/element - {"using":"xpath","value":"//input[@id=\"application-managesites-display-component---NewSite--siteId-inner\"]"}
RESULT: {"using":"xpath","value":"//input[@id=\"application-managesites-display-component---NewSite--siteId-inner\"]"}
COMMAND: POST /session/2eef3865f9633c585bb33c6ac0c7be86/execute/async - {"script":"<script> [1562 bytes]","args":[{"selector":{"id":"application-managesites-display-component---NewSite--addressDetailDetailsName1","interaction":{"idSuffix":"inner"}},"wdio_ui5_key":"applicationmanagesites-display-component---NewSite--addressDetailDetailsName1"}]}
RESULT: {"script":"<script> [1562 bytes]","args":[{"selector":{"id":"application-managesites-display-component---NewSite--addressDetailDetailsName1","interaction":{"idSuffix":"inner"}},"wdio_ui5_key":"applicationmanagesites-display-component---NewSite--addressDetailDetailsName1"}]}
RESULT: undefined
COMMAND: POST /session/2eef3865f9633c585bb33c6ac0c7be86/execute/async - {"script":"<script> [776 bytes]","args":[{"enterText":"Warehouse Managed Site WDIO","selector":{"id":"application-managesites-display-component---NewSite--addressDetailDetailsName1","interaction":{"idSuffix":"inner"}},"clearTextFirst":true,"interactionType":"ENTER_TEXT"}]}
RESULT: {"script":"<script> [776 bytes]","args":[{"enterText":"Warehouse Managed Site WDIO","selector":{"id":"application-managesites-display-component---NewSite--addressDetailDetailsName1","interaction":{"idSuffix":"inner"}},"clearTextFirst":true,"interactionType":"ENTER_TEXT"}]}
COMMAND: POST /session/2eef3865f9633c585bb33c6ac0c7be86/execute/async - {"script":"<script> [1562 bytes]","args":[{"selector":{"id":"application-managesites-display-component---NewSite--addressDetailDetailsLanguage-arrow"},"wdio_ui5_key":"applicationmanagesites-display-component---NewSite--addressDetailDetailsLanguage-arrow"}]}
RESULT: {"script":"<script> [1562 bytes]","args":[{"selector":{"id":"application-managesites-display-component---NewSite--addressDetailDetailsLanguage-arrow"},"wdio_ui5_key":"applicationmanagesites-display-component---NewSite--addressDetailDetailsLanguage-arrow"}]}
RESULT: undefined
COMMAND: POST /session/2eef3865f9633c585bb33c6ac0c7be86/element - {"using":"xpath","value":"//*[@id=\"application-managesites-display-component---NewSite--addressDetailDetailsLanguage-arrow\"]"}
RESULT: {"using":"xpath","value":"//*[@id=\"application-managesites-display-component---NewSite--addressDetailDetailsLanguage-arrow\"]"}
COMMAND: POST /session/2eef3865f9633c585bb33c6ac0c7be86/element/f.38388B4EA542EE9F87EA90A6B1549037.d.66B47A63E5ED059B26D6145FD694CCE5.e.2105/click - {}
RESULT: {}
COMMAND: POST /session/2eef3865f9633c585bb33c6ac0c7be86/element - {"using":"xpath","value":"//span[contains(text(), \"English\")]"}
COMMAND: GET /session/2eef3865f9633c585bb33c6ac0c7be86/screenshot - {}
RESULT: {"using":"xpath","value":"//span[contains(text(), \"English\")]"}
COMMAND: POST /session/2eef3865f9633c585bb33c6ac0c7be86/element/f.38388B4EA542EE9F87EA90A6B1549037.d.66B47A63E5ED059B26D6145FD694CCE5.e.2106/click - {}
RESULT: {}
RESULT: {}
COMMAND: POST /session/2eef3865f9633c585bb33c6ac0c7be86/execute/async - {"script":"<script> [1562 bytes]","args":[{"selector":{"id":"application-managesites-display-component---NewSite--addressDetailDetailsCity1","interaction":{"idSuffix":"inner"}},"wdio_ui5_key":"applicationmanagesites-display-component---NewSite--addressDetailDetailsCity1"}]}
COMMAND: GET /session/2eef3865f9633c585bb33c6ac0c7be86/screenshot - {}
RESULT: {"script":"<script> [1562 bytes]","args":[{"selector":{"id":"application-managesites-display-component---NewSite--addressDetailDetailsCity1","interaction":{"idSuffix":"inner"}},"wdio_ui5_key":"applicationmanagesites-display-component---NewSite--addressDetailDetailsCity1"}]}
RESULT: undefined
COMMAND: POST /session/2eef3865f9633c585bb33c6ac0c7be86/execute/async - {"script":"<script> [776 bytes]","args":[{"enterText":"Rosario","selector":{"id":"application-managesites-display-component---NewSite--addressDetailDetailsCity1","interaction":{"idSuffix":"inner"}},"clearTextFirst":true,"interactionType":"ENTER_TEXT"}]}
RESULT: {}
RESULT: {"script":"<script> [776 bytes]","args":[{"enterText":"Rosario","selector":{"id":"application-managesites-display-component---NewSite--addressDetailDetailsCity1","interaction":{"idSuffix":"inner"}},"clearTextFirst":true,"interactionType":"ENTER_TEXT"}]}
COMMAND: POST /session/2eef3865f9633c585bb33c6ac0c7be86/execute/async - {"script":"<script> [1562 bytes]","args":[{"selector":{"id":"application-managesites-display-component---NewSite--addressDetailDetailsCountry-arrow"},"wdio_ui5_key":"applicationmanagesites-display-component---NewSite--addressDetailDetailsCountry-arrow"}]}
RESULT: {"script":"<script> [1562 bytes]","args":[{"selector":{"id":"application-managesites-display-component---NewSite--addressDetailDetailsCountry-arrow"},"wdio_ui5_key":"applicationmanagesites-display-component---NewSite--addressDetailDetailsCountry-arrow"}]}
RESULT: undefined
COMMAND: POST /session/2eef3865f9633c585bb33c6ac0c7be86/element - {"using":"xpath","value":"//*[@id=\"application-managesites-display-component---NewSite--addressDetailDetailsCountry-arrow\"]"}
RESULT: {"using":"xpath","value":"//*[@id=\"application-managesites-display-component---NewSite--addressDetailDetailsCountry-arrow\"]"}
COMMAND: POST /session/2eef3865f9633c585bb33c6ac0c7be86/element/f.38388B4EA542EE9F87EA90A6B1549037.d.66B47A63E5ED059B26D6145FD694CCE5.e.2108/click - {}
RESULT: {}
COMMAND: POST /session/2eef3865f9633c585bb33c6ac0c7be86/element - {"using":"xpath","value":"//span[contains(text(), \"Argentina\")]"}
COMMAND: GET /session/2eef3865f9633c585bb33c6ac0c7be86/screenshot - {}
RESULT: {"using":"xpath","value":"//span[contains(text(), \"Argentina\")]"}
COMMAND: POST /session/2eef3865f9633c585bb33c6ac0c7be86/element/f.38388B4EA542EE9F87EA90A6B1549037.d.66B47A63E5ED059B26D6145FD694CCE5.e.2109/click - {}
RESULT: {}
RESULT: {}
COMMAND: GET /session/2eef3865f9633c585bb33c6ac0c7be86/screenshot - {}
RESULT: {}
COMMAND: POST /session/2eef3865f9633c585bb33c6ac0c7be86/execute/async - {"script":"<script> [1562 bytes]","args":[{"selector":{"id":"application-managesites-display-component---NewSite--addressEditDetailsCostObjectCstType-arrow"},"wdio_ui5_key":"applicationmanagesites-display-component---NewSite--addressEditDetailsCostObjectCstType-arrow"}]}
RESULT: {"script":"<script> [1562 bytes]","args":[{"selector":{"id":"application-managesites-display-component---NewSite--addressEditDetailsCostObjectCstType-arrow"},"wdio_ui5_key":"applicationmanagesites-display-component---NewSite--addressEditDetailsCostObjectCstType-arrow"}]}
RESULT: undefined
COMMAND: POST /session/2eef3865f9633c585bb33c6ac0c7be86/element - {"using":"xpath","value":"//*[@id=\"application-managesites-display-component---NewSite--addressEditDetailsCostObjectCstType-arrow\"]"}
RESULT: {"using":"xpath","value":"//*[@id=\"application-managesites-display-component---NewSite--addressEditDetailsCostObjectCstType-arrow\"]"}
COMMAND: POST /session/2eef3865f9633c585bb33c6ac0c7be86/element/f.38388B4EA542EE9F87EA90A6B1549037.d.66B47A63E5ED059B26D6145FD694CCE5.e.2111/click - {}
RESULT: {}
COMMAND: POST /session/2eef3865f9633c585bb33c6ac0c7be86/element - {"using":"xpath","value":"//span[contains(text(), \"Cost Center\")]"}
COMMAND: GET /session/2eef3865f9633c585bb33c6ac0c7be86/screenshot - {}
RESULT: {"using":"xpath","value":"//span[contains(text(), \"Cost Center\")]"}
COMMAND: POST /session/2eef3865f9633c585bb33c6ac0c7be86/element/f.38388B4EA542EE9F87EA90A6B1549037.d.66B47A63E5ED059B26D6145FD694CCE5.e.2112/click - {}
RESULT: {}
RESULT: {}
COMMAND: GET /session/2eef3865f9633c585bb33c6ac0c7be86/screenshot - {}
RESULT: {}
COMMAND: POST /session/2eef3865f9633c585bb33c6ac0c7be86/element - {"using":"xpath","value":"//span[@id=\"application-managesites-display-component---NewSite--addressNewCostObjectCstID-vhi\"]"}
RESULT: {"using":"xpath","value":"//span[@id=\"application-managesites-display-component---NewSite--addressNewCostObjectCstID-vhi\"]"}
COMMAND: POST /session/2eef3865f9633c585bb33c6ac0c7be86/execute/sync - {"script":"<script> [8489 bytes]","args":[{"element-6066-11e4-a52e-4f735466cecf":"f.38388B4EA542EE9F87EA90A6B1549037.d.66B47A63E5ED059B26D6145FD694CCE5.e.2117","ELEMENT":"f.38388B4EA542EE9F87EA90A6B1549037.d.66B47A63E5ED059B26D6145FD694CCE5.e.2117"}]}
RESULT: {"script":"<script> [8489 bytes]","args":[{"element-6066-11e4-a52e-4f735466cecf":"f.38388B4EA542EE9F87EA90A6B1549037.d.66B47A63E5ED059B26D6145FD694CCE5.e.2117","ELEMENT":"f.38388B4EA542EE9F87EA90A6B1549037.d.66B47A63E5ED059B26D6145FD694CCE5.e.2117"}]}
COMMAND: POST /session/2eef3865f9633c585bb33c6ac0c7be86/execute/async - {"script":"<script> [1562 bytes]","args":[{"selector":{"id":"application-managesites-display-component---NewSite--addressNewCostObjectCstID-vhi"},"wdio_ui5_key":"applicationmanagesites-display-component---NewSite--addressNewCostObjectCstID-vhi"}]}
COMMAND: GET /session/2eef3865f9633c585bb33c6ac0c7be86/screenshot - {}
RESULT: {"script":"<script> [1562 bytes]","args":[{"selector":{"id":"application-managesites-display-component---NewSite--addressNewCostObjectCstID-vhi"},"wdio_ui5_key":"applicationmanagesites-display-component---NewSite--addressNewCostObjectCstID-vhi"}]}
RESULT: undefined
COMMAND: POST /session/2eef3865f9633c585bb33c6ac0c7be86/element - {"using":"xpath","value":"//*[@id=\"application-managesites-display-component---NewSite--addressNewCostObjectCstID-vhi\"]"}
RESULT: {}
RESULT: {"using":"xpath","value":"//*[@id=\"application-managesites-display-component---NewSite--addressNewCostObjectCstID-vhi\"]"}
COMMAND: POST /session/2eef3865f9633c585bb33c6ac0c7be86/element/f.38388B4EA542EE9F87EA90A6B1549037.d.66B47A63E5ED059B26D6145FD694CCE5.e.2117/click - {}
RESULT: {}
COMMAND: GET /session/2eef3865f9633c585bb33c6ac0c7be86/screenshot - {}
RESULT: {}
RESULT: undefined
COMMAND: POST /session/2eef3865f9633c585bb33c6ac0c7be86/execute/async - {"script":"<script> [776 bytes]","args":[{"enterText":"10001013","selector":{"controlType":"sap.m.SearchField","properties":{"placeholder":"Search"},"searchOpenDialogs":true,"interaction":{"idSuffix":"I"}},"clearTextFirst":true,"interactionType":"ENTER_TEXT"}]}
RESULT: {"script":"<script> [776 bytes]","args":[{"enterText":"10001013","selector":{"controlType":"sap.m.SearchField","properties":{"placeholder":"Search"},"searchOpenDialogs":true,"interaction":{"idSuffix":"I"}},"clearTextFirst":true,"interactionType":"ENTER_TEXT"}]}
COMMAND: POST /session/2eef3865f9633c585bb33c6ac0c7be86/actions - {"actions":[{"id":"action3","type":"key","parameters":{},"actions":[{"type":"keyDown","value":""},{"type":"pause","duration":10},{"type":"keyUp","value":""}]}]}
RESULT: {"actions":[{"id":"action3","type":"key","parameters":{},"actions":[{"type":"keyDown","value":""},{"type":"pause","duration":10},{"type":"keyUp","value":""}]}]}
COMMAND: GET /session/2eef3865f9633c585bb33c6ac0c7be86/screenshot - {}
RESULT: {}
COMMAND: POST /session/2eef3865f9633c585bb33c6ac0c7be86/element - {"using":"xpath","value":"//span[contains(text(), \"General Management\")]"}
RESULT: {"using":"xpath","value":"//span[contains(text(), \"General Management\")]"}
COMMAND: POST /session/2eef3865f9633c585bb33c6ac0c7be86/element/f.38388B4EA542EE9F87EA90A6B1549037.d.66B47A63E5ED059B26D6145FD694CCE5.e.2157/click - {}
RESULT: {}
COMMAND: GET /session/2eef3865f9633c585bb33c6ac0c7be86/screenshot - {}
RESULT: {}
COMMAND: POST /session/2eef3865f9633c585bb33c6ac0c7be86/element - {"using":"xpath","value":"//bdi[contains(text(), \"OK\")]"}
RESULT: {"using":"xpath","value":"//bdi[contains(text(), \"OK\")]"}
COMMAND: POST /session/2eef3865f9633c585bb33c6ac0c7be86/element/f.38388B4EA542EE9F87EA90A6B1549037.d.66B47A63E5ED059B26D6145FD694CCE5.e.2158/click - {}
RESULT: {}
COMMAND: GET /session/2eef3865f9633c585bb33c6ac0c7be86/screenshot - {}
RESULT: {}
COMMAND: POST /session/2eef3865f9633c585bb33c6ac0c7be86/element - {"using":"xpath","value":"//input[@id=\"application-managesites-display-component---NewSite--addressDetailDetailsCalendar-inner\"]"}
RESULT: {"using":"xpath","value":"//input[@id=\"application-managesites-display-component---NewSite--addressDetailDetailsCalendar-inner\"]"}
COMMAND: POST /session/2eef3865f9633c585bb33c6ac0c7be86/element/f.38388B4EA542EE9F87EA90A6B1549037.d.66B47A63E5ED059B26D6145FD694CCE5.e.1905/clear - {}
RESULT: {}
COMMAND: POST /session/2eef3865f9633c585bb33c6ac0c7be86/element/f.38388B4EA542EE9F87EA90A6B1549037.d.66B47A63E5ED059B26D6145FD694CCE5.e.1905/value - {"text":"Unit"}
COMMAND: GET /session/2eef3865f9633c585bb33c6ac0c7be86/screenshot - {}
RESULT: {"text":"Unit"}
COMMAND: GET /session/2eef3865f9633c585bb33c6ac0c7be86/screenshot - {}
RESULT: {}
RESULT: {}
COMMAND: POST /session/2eef3865f9633c585bb33c6ac0c7be86/actions - {"actions":[{"id":"action4","type":"key","parameters":{},"actions":[{"type":"keyDown","value":""},{"type":"pause","duration":10},{"type":"keyUp","value":""}]}]}
RESULT: {"actions":[{"id":"action4","type":"key","parameters":{},"actions":[{"type":"keyDown","value":""},{"type":"pause","duration":10},{"type":"keyUp","value":""}]}]}
COMMAND: POST /session/2eef3865f9633c585bb33c6ac0c7be86/element - {"using":"xpath","value":"//input[@id=\"application-managesites-display-component---NewSite--addressDetailDetailsYard-inner\"]"}
COMMAND: GET /session/2eef3865f9633c585bb33c6ac0c7be86/screenshot - {}
RESULT: {"using":"xpath","value":"//input[@id=\"application-managesites-display-component---NewSite--addressDetailDetailsYard-inner\"]"}
COMMAND: POST /session/2eef3865f9633c585bb33c6ac0c7be86/element/f.38388B4EA542EE9F87EA90A6B1549037.d.66B47A63E5ED059B26D6145FD694CCE5.e.1906/clear - {}
RESULT: {}
RESULT: {}
COMMAND: POST /session/2eef3865f9633c585bb33c6ac0c7be86/element/f.38388B4EA542EE9F87EA90A6B1549037.d.66B47A63E5ED059B26D6145FD694CCE5.e.1906/value - {"text":"272"}
COMMAND: GET /session/2eef3865f9633c585bb33c6ac0c7be86/screenshot - {}
RESULT: {"text":"272"}
COMMAND: GET /session/2eef3865f9633c585bb33c6ac0c7be86/screenshot - {}
RESULT: {}
RESULT: {}
COMMAND: POST /session/2eef3865f9633c585bb33c6ac0c7be86/element - {"using":"xpath","value":"//li[.//span[text()='272']]"}
RESULT: {"using":"xpath","value":"//li[.//span[text()='272']]"}
COMMAND: POST /session/2eef3865f9633c585bb33c6ac0c7be86/element/f.38388B4EA542EE9F87EA90A6B1549037.d.66B47A63E5ED059B26D6145FD694CCE5.e.2166/click - {}
RESULT: {}
COMMAND: GET /session/2eef3865f9633c585bb33c6ac0c7be86/screenshot - {}
RESULT: {}
COMMAND: POST /session/2eef3865f9633c585bb33c6ac0c7be86/element - {"using":"xpath","value":"//input[@id=\"application-managesites-display-component---NewSite--addressDetailDetailsPartner-inner\"]"}
RESULT: {"using":"xpath","value":"//input[@id=\"application-managesites-display-component---NewSite--addressDetailDetailsPartner-inner\"]"}
COMMAND: POST /session/2eef3865f9633c585bb33c6ac0c7be86/element - {"using":"xpath","value":"//input[@id=\"application-managesites-display-component---NewSite--addressDetailDetailsPartner-inner\"]"}
RESULT: {"using":"xpath","value":"//input[@id=\"application-managesites-display-component---NewSite--addressDetailDetailsPartner-inner\"]"}
COMMAND: POST /session/2eef3865f9633c585bb33c6ac0c7be86/execute/async - {"script":"<script> [1562 bytes]","args":[{"selector":{"id":"application-managesites-display-component---NewSite--siteWhmCheckBox-label","interaction":{"idSuffix":"bdi"}},"wdio_ui5_key":"applicationmanagesites-display-component---NewSite--siteWhmCheckBox-label"}]}
RESULT: {"script":"<script> [1562 bytes]","args":[{"selector":{"id":"application-managesites-display-component---NewSite--siteWhmCheckBox-label","interaction":{"idSuffix":"bdi"}},"wdio_ui5_key":"applicationmanagesites-display-component---NewSite--siteWhmCheckBox-label"}]}
RESULT: undefined
COMMAND: POST /session/2eef3865f9633c585bb33c6ac0c7be86/element - {"using":"xpath","value":"//*[@id=\"application-managesites-display-component---NewSite--siteWhmCheckBox-label\"]"}
RESULT: {"using":"xpath","value":"//*[@id=\"application-managesites-display-component---NewSite--siteWhmCheckBox-label\"]"}
COMMAND: POST /session/2eef3865f9633c585bb33c6ac0c7be86/element/f.38388B4EA542EE9F87EA90A6B1549037.d.66B47A63E5ED059B26D6145FD694CCE5.e.2168/click - {}
RESULT: {}
COMMAND: GET /session/2eef3865f9633c585bb33c6ac0c7be86/screenshot - {}
RESULT: {}
COMMAND: POST /session/2eef3865f9633c585bb33c6ac0c7be86/element - {"using":"xpath","value":"//button[@data-kt=\"saveButton\"]"}
RESULT: {"using":"xpath","value":"//button[@data-kt=\"saveButton\"]"}
COMMAND: POST /session/2eef3865f9633c585bb33c6ac0c7be86/element/f.38388B4EA542EE9F87EA90A6B1549037.d.66B47A63E5ED059B26D6145FD694CCE5.e.2098/click - {}
RESULT: {}
COMMAND: GET /session/2eef3865f9633c585bb33c6ac0c7be86/screenshot - {}
RESULT: {}
COMMAND: POST /session/2eef3865f9633c585bb33c6ac0c7be86/element - {"using":"xpath","value":"//header[contains(@id, 'ObjectPageLayout-headerTitle')]/div[1]/div[2]/div[2]/span[1]"}
RESULT: {"using":"xpath","value":"//header[contains(@id, 'ObjectPageLayout-headerTitle')]/div[1]/div[2]/div[2]/span[1]"}
COMMAND: POST /session/2eef3865f9633c585bb33c6ac0c7be86/elements - {"using":"xpath","value":"//header[contains(@id, 'ObjectPageLayout-headerTitle')]/div[1]/div[2]/div[2]/span[1]"}
RESULT: {"using":"xpath","value":"//header[contains(@id, 'ObjectPageLayout-headerTitle')]/div[1]/div[2]/div[2]/span[1]"}
COMMAND: POST /session/2eef3865f9633c585bb33c6ac0c7be86/execute/sync - {"script":"<script> [56 bytes]","args":[{"element-6066-11e4-a52e-4f735466cecf":"f.38388B4EA542EE9F87EA90A6B1549037.d.66B47A63E5ED059B26D6145FD694CCE5.e.2375","ELEMENT":"f.38388B4EA542EE9F87EA90A6B1549037.d.66B47A63E5ED059B26D6145FD694CCE5.e.2375"}]}
RESULT: {"script":"<script> [56 bytes]","args":[{"element-6066-11e4-a52e-4f735466cecf":"f.38388B4EA542EE9F87EA90A6B1549037.d.66B47A63E5ED059B26D6145FD694CCE5.e.2375","ELEMENT":"f.38388B4EA542EE9F87EA90A6B1549037.d.66B47A63E5ED059B26D6145FD694CCE5.e.2375"}]}
COMMAND: POST /session/2eef3865f9633c585bb33c6ac0c7be86/element - {"using":"css selector","value":"#shell-header-logo"}
COMMAND: GET /session/2eef3865f9633c585bb33c6ac0c7be86/screenshot - {}
RESULT: {"using":"css selector","value":"#shell-header-logo"}
COMMAND: POST /session/2eef3865f9633c585bb33c6ac0c7be86/element/f.38388B4EA542EE9F87EA90A6B1549037.d.66B47A63E5ED059B26D6145FD694CCE5.e.1668/click - {}
RESULT: {}
RESULT: {}
COMMAND: GET /session/2eef3865f9633c585bb33c6ac0c7be86/screenshot - {}
RESULT: {}
COMMAND: POST /session/2eef3865f9633c585bb33c6ac0c7be86/execute/sync - {"script":"<script> [299 bytes]","args":[["getModel","getResource"]]}
RESULT: {"script":"<script> [299 bytes]","args":[["getModel","getResource"]]}
COMMAND: GET /session/2eef3865f9633c585bb33c6ac0c7be86/screenshot - {}
]]></system-out>
    </testcase>
    <testcase classname="chrome.136_0_7103_93.windows.Stock_increase_-_with_WHM_US125587" name="Should create a new material" time="118.922">
      <system-out><![CDATA[
COMMAND: POST /session/2eef3865f9633c585bb33c6ac0c7be86/execute/async - {"script":"<script> [1562 bytes]","args":[{"selector":{"controlType":"sap.m.GenericTile","properties":{"header":"Manage Resources"}},"wdio_ui5_key":"sapm.GenericTile{\"header\":\"Manage Resources\"}"}]}
RESULT: {}
RESULT: {"script":"<script> [1562 bytes]","args":[{"selector":{"controlType":"sap.m.GenericTile","properties":{"header":"Manage Resources"}},"wdio_ui5_key":"sapm.GenericTile{\"header\":\"Manage Resources\"}"}]}
RESULT: undefined
COMMAND: POST /session/2eef3865f9633c585bb33c6ac0c7be86/element - {"using":"xpath","value":"//*[@id=\"__tile39\"]"}
RESULT: {"using":"xpath","value":"//*[@id=\"__tile39\"]"}
COMMAND: POST /session/2eef3865f9633c585bb33c6ac0c7be86/element/f.38388B4EA542EE9F87EA90A6B1549037.d.66B47A63E5ED059B26D6145FD694CCE5.e.128/click - {}
RESULT: {}
COMMAND: GET /session/2eef3865f9633c585bb33c6ac0c7be86/screenshot - {}
RESULT: {}
COMMAND: POST /session/2eef3865f9633c585bb33c6ac0c7be86/elements - {"using":"xpath","value":"//span[text()='Error']"}
RESULT: {"using":"xpath","value":"//span[text()='Error']"}
COMMAND: POST /session/2eef3865f9633c585bb33c6ac0c7be86/element - {"using":"xpath","value":"//button[@data-kt=\"addNewRUOverflowToolbarButton\"]"}
RESULT: {"using":"xpath","value":"//button[@data-kt=\"addNewRUOverflowToolbarButton\"]"}
COMMAND: POST /session/2eef3865f9633c585bb33c6ac0c7be86/elements - {"using":"xpath","value":"//button[@data-kt=\"addNewRUOverflowToolbarButton\"]"}
RESULT: {"using":"xpath","value":"//button[@data-kt=\"addNewRUOverflowToolbarButton\"]"}
COMMAND: POST /session/2eef3865f9633c585bb33c6ac0c7be86/elements - {"using":"xpath","value":"//button[@data-kt=\"addNewRUOverflowToolbarButton\"]"}
RESULT: {"using":"xpath","value":"//button[@data-kt=\"addNewRUOverflowToolbarButton\"]"}
COMMAND: POST /session/2eef3865f9633c585bb33c6ac0c7be86/elements - {"using":"xpath","value":"//button[@data-kt=\"addNewRUOverflowToolbarButton\"]"}
RESULT: {"using":"xpath","value":"//button[@data-kt=\"addNewRUOverflowToolbarButton\"]"}
COMMAND: POST /session/2eef3865f9633c585bb33c6ac0c7be86/element - {"using":"xpath","value":"//button[@data-kt=\"addNewRUOverflowToolbarButton\"]"}
RESULT: {"using":"xpath","value":"//button[@data-kt=\"addNewRUOverflowToolbarButton\"]"}
COMMAND: POST /session/2eef3865f9633c585bb33c6ac0c7be86/execute/sync - {"script":"<script> [8489 bytes]","args":[{"element-6066-11e4-a52e-4f735466cecf":"f.38388B4EA542EE9F87EA90A6B1549037.d.66B47A63E5ED059B26D6145FD694CCE5.e.2419","ELEMENT":"f.38388B4EA542EE9F87EA90A6B1549037.d.66B47A63E5ED059B26D6145FD694CCE5.e.2419"}]}
RESULT: {"script":"<script> [8489 bytes]","args":[{"element-6066-11e4-a52e-4f735466cecf":"f.38388B4EA542EE9F87EA90A6B1549037.d.66B47A63E5ED059B26D6145FD694CCE5.e.2419","ELEMENT":"f.38388B4EA542EE9F87EA90A6B1549037.d.66B47A63E5ED059B26D6145FD694CCE5.e.2419"}]}
COMMAND: GET /session/2eef3865f9633c585bb33c6ac0c7be86/element/f.38388B4EA542EE9F87EA90A6B1549037.d.66B47A63E5ED059B26D6145FD694CCE5.e.2419/enabled - {}
COMMAND: GET /session/2eef3865f9633c585bb33c6ac0c7be86/screenshot - {}
RESULT: {}
COMMAND: POST /session/2eef3865f9633c585bb33c6ac0c7be86/execute/sync - {"script":"<script> [8489 bytes]","args":[{"element-6066-11e4-a52e-4f735466cecf":"f.38388B4EA542EE9F87EA90A6B1549037.d.66B47A63E5ED059B26D6145FD694CCE5.e.2419","ELEMENT":"f.38388B4EA542EE9F87EA90A6B1549037.d.66B47A63E5ED059B26D6145FD694CCE5.e.2419"}]}
COMMAND: GET /session/2eef3865f9633c585bb33c6ac0c7be86/screenshot - {}
RESULT: {}
RESULT: {"script":"<script> [8489 bytes]","args":[{"element-6066-11e4-a52e-4f735466cecf":"f.38388B4EA542EE9F87EA90A6B1549037.d.66B47A63E5ED059B26D6145FD694CCE5.e.2419","ELEMENT":"f.38388B4EA542EE9F87EA90A6B1549037.d.66B47A63E5ED059B26D6145FD694CCE5.e.2419"}]}
COMMAND: POST /session/2eef3865f9633c585bb33c6ac0c7be86/execute/sync - {"script":"<script> [5351 bytes]","args":[{"element-6066-11e4-a52e-4f735466cecf":"f.38388B4EA542EE9F87EA90A6B1549037.d.66B47A63E5ED059B26D6145FD694CCE5.e.2419","ELEMENT":"f.38388B4EA542EE9F87EA90A6B1549037.d.66B47A63E5ED059B26D6145FD694CCE5.e.2419"}]}
COMMAND: GET /session/2eef3865f9633c585bb33c6ac0c7be86/screenshot - {}
RESULT: {}
RESULT: {"script":"<script> [5351 bytes]","args":[{"element-6066-11e4-a52e-4f735466cecf":"f.38388B4EA542EE9F87EA90A6B1549037.d.66B47A63E5ED059B26D6145FD694CCE5.e.2419","ELEMENT":"f.38388B4EA542EE9F87EA90A6B1549037.d.66B47A63E5ED059B26D6145FD694CCE5.e.2419"}]}
COMMAND: POST /session/2eef3865f9633c585bb33c6ac0c7be86/element/f.38388B4EA542EE9F87EA90A6B1549037.d.66B47A63E5ED059B26D6145FD694CCE5.e.2419/click - {}
COMMAND: GET /session/2eef3865f9633c585bb33c6ac0c7be86/screenshot - {}
RESULT: {}
RESULT: {}
COMMAND: GET /session/2eef3865f9633c585bb33c6ac0c7be86/screenshot - {}
COMMAND: POST /session/2eef3865f9633c585bb33c6ac0c7be86/execute/async - {"script":"<script> [1562 bytes]","args":[{"selector":{"id":"application-manageresources-display-component---newResourceUnit--TYPE-arrow"},"wdio_ui5_key":"applicationmanageresources-display-component---newResourceUnit--TYPE-arrow"}]}
RESULT: {}
RESULT: {}
RESULT: {"script":"<script> [1562 bytes]","args":[{"selector":{"id":"application-manageresources-display-component---newResourceUnit--TYPE-arrow"},"wdio_ui5_key":"applicationmanageresources-display-component---newResourceUnit--TYPE-arrow"}]}
RESULT: undefined
COMMAND: POST /session/2eef3865f9633c585bb33c6ac0c7be86/element - {"using":"xpath","value":"//*[@id=\"application-manageresources-display-component---newResourceUnit--TYPE-arrow\"]"}
RESULT: {"using":"xpath","value":"//*[@id=\"application-manageresources-display-component---newResourceUnit--TYPE-arrow\"]"}
COMMAND: POST /session/2eef3865f9633c585bb33c6ac0c7be86/element/f.38388B4EA542EE9F87EA90A6B1549037.d.66B47A63E5ED059B26D6145FD694CCE5.e.2766/click - {}
RESULT: {}
COMMAND: POST /session/2eef3865f9633c585bb33c6ac0c7be86/element - {"using":"xpath","value":"//input[@id=\"application-manageresources-display-component---newResourceUnit--TYPE-inner\"]"}
COMMAND: GET /session/2eef3865f9633c585bb33c6ac0c7be86/screenshot - {}
RESULT: {"using":"xpath","value":"//input[@id=\"application-manageresources-display-component---newResourceUnit--TYPE-inner\"]"}
COMMAND: POST /session/2eef3865f9633c585bb33c6ac0c7be86/element/f.38388B4EA542EE9F87EA90A6B1549037.d.66B47A63E5ED059B26D6145FD694CCE5.e.2759/clear - {}
RESULT: {}
RESULT: {}
COMMAND: POST /session/2eef3865f9633c585bb33c6ac0c7be86/element/f.38388B4EA542EE9F87EA90A6B1549037.d.66B47A63E5ED059B26D6145FD694CCE5.e.2759/value - {"text":"Material"}
COMMAND: GET /session/2eef3865f9633c585bb33c6ac0c7be86/screenshot - {}
RESULT: {"text":"Material"}
COMMAND: GET /session/2eef3865f9633c585bb33c6ac0c7be86/screenshot - {}
RESULT: {}
RESULT: {}
COMMAND: POST /session/2eef3865f9633c585bb33c6ac0c7be86/actions - {"actions":[{"id":"action5","type":"key","parameters":{},"actions":[{"type":"keyDown","value":""},{"type":"pause","duration":10},{"type":"keyUp","value":""}]}]}
RESULT: {"actions":[{"id":"action5","type":"key","parameters":{},"actions":[{"type":"keyDown","value":""},{"type":"pause","duration":10},{"type":"keyUp","value":""}]}]}
COMMAND: POST /session/2eef3865f9633c585bb33c6ac0c7be86/execute/async - {"script":"<script> [1562 bytes]","args":[{"selector":{"id":"application-manageresources-display-component---newResourceUnit--SHORT_TEXT","interaction":{"idSuffix":"inner"}},"wdio_ui5_key":"applicationmanageresources-display-component---newResourceUnit--SHORT_TEXT"}]}
COMMAND: GET /session/2eef3865f9633c585bb33c6ac0c7be86/screenshot - {}
RESULT: {"script":"<script> [1562 bytes]","args":[{"selector":{"id":"application-manageresources-display-component---newResourceUnit--SHORT_TEXT","interaction":{"idSuffix":"inner"}},"wdio_ui5_key":"applicationmanageresources-display-component---newResourceUnit--SHORT_TEXT"}]}
RESULT: undefined
COMMAND: POST /session/2eef3865f9633c585bb33c6ac0c7be86/execute/async - {"script":"<script> [776 bytes]","args":[{"enterText":"Cement WDIO","selector":{"id":"application-manageresources-display-component---newResourceUnit--SHORT_TEXT","interaction":{"idSuffix":"inner"}},"clearTextFirst":true,"interactionType":"ENTER_TEXT"}]}
RESULT: {}
RESULT: {"script":"<script> [776 bytes]","args":[{"enterText":"Cement WDIO","selector":{"id":"application-manageresources-display-component---newResourceUnit--SHORT_TEXT","interaction":{"idSuffix":"inner"}},"clearTextFirst":true,"interactionType":"ENTER_TEXT"}]}
COMMAND: POST /session/2eef3865f9633c585bb33c6ac0c7be86/execute/async - {"script":"<script> [1562 bytes]","args":[{"selector":{"id":"application-manageresources-display-component---newResourceUnit--BASE_UNIT_OF_MEASURE","interaction":{"idSuffix":"inner"}},"wdio_ui5_key":"applicationmanageresources-display-component---newResourceUnit--BASE_UNIT_OF_MEASURE"}]}
RESULT: {"script":"<script> [1562 bytes]","args":[{"selector":{"id":"application-manageresources-display-component---newResourceUnit--BASE_UNIT_OF_MEASURE","interaction":{"idSuffix":"inner"}},"wdio_ui5_key":"applicationmanageresources-display-component---newResourceUnit--BASE_UNIT_OF_MEASURE"}]}
RESULT: undefined
COMMAND: POST /session/2eef3865f9633c585bb33c6ac0c7be86/execute/async - {"script":"<script> [776 bytes]","args":[{"enterText":"Piece","selector":{"id":"application-manageresources-display-component---newResourceUnit--BASE_UNIT_OF_MEASURE","interaction":{"idSuffix":"inner"}},"clearTextFirst":true,"interactionType":"ENTER_TEXT"}]}
RESULT: {"script":"<script> [776 bytes]","args":[{"enterText":"Piece","selector":{"id":"application-manageresources-display-component---newResourceUnit--BASE_UNIT_OF_MEASURE","interaction":{"idSuffix":"inner"}},"clearTextFirst":true,"interactionType":"ENTER_TEXT"}]}
COMMAND: POST /session/2eef3865f9633c585bb33c6ac0c7be86/execute/async - {"script":"<script> [1562 bytes]","args":[{"selector":{"id":"application-manageresources-display-component---newResourceUnit--WEIGHT_UNIT","interaction":{"idSuffix":"inner"}},"wdio_ui5_key":"applicationmanageresources-display-component---newResourceUnit--WEIGHT_UNIT"}]}
RESULT: {"script":"<script> [1562 bytes]","args":[{"selector":{"id":"application-manageresources-display-component---newResourceUnit--WEIGHT_UNIT","interaction":{"idSuffix":"inner"}},"wdio_ui5_key":"applicationmanageresources-display-component---newResourceUnit--WEIGHT_UNIT"}]}
RESULT: undefined
COMMAND: POST /session/2eef3865f9633c585bb33c6ac0c7be86/execute/async - {"script":"<script> [776 bytes]","args":[{"enterText":"Gram","selector":{"id":"application-manageresources-display-component---newResourceUnit--WEIGHT_UNIT","interaction":{"idSuffix":"inner"}},"clearTextFirst":true,"interactionType":"ENTER_TEXT"}]}
RESULT: {"script":"<script> [776 bytes]","args":[{"enterText":"Gram","selector":{"id":"application-manageresources-display-component---newResourceUnit--WEIGHT_UNIT","interaction":{"idSuffix":"inner"}},"clearTextFirst":true,"interactionType":"ENTER_TEXT"}]}
COMMAND: POST /session/2eef3865f9633c585bb33c6ac0c7be86/execute/async - {"script":"<script> [1562 bytes]","args":[{"selector":{"id":"application-manageresources-display-component---newResourceUnit--DIMENSION_UNIT","interaction":{"idSuffix":"inner"}},"wdio_ui5_key":"applicationmanageresources-display-component---newResourceUnit--DIMENSION_UNIT"}]}
RESULT: {"script":"<script> [1562 bytes]","args":[{"selector":{"id":"application-manageresources-display-component---newResourceUnit--DIMENSION_UNIT","interaction":{"idSuffix":"inner"}},"wdio_ui5_key":"applicationmanageresources-display-component---newResourceUnit--DIMENSION_UNIT"}]}
RESULT: undefined
COMMAND: POST /session/2eef3865f9633c585bb33c6ac0c7be86/execute/async - {"script":"<script> [776 bytes]","args":[{"enterText":"Meter","selector":{"id":"application-manageresources-display-component---newResourceUnit--DIMENSION_UNIT","interaction":{"idSuffix":"inner"}},"clearTextFirst":true,"interactionType":"ENTER_TEXT"}]}
RESULT: {"script":"<script> [776 bytes]","args":[{"enterText":"Meter","selector":{"id":"application-manageresources-display-component---newResourceUnit--DIMENSION_UNIT","interaction":{"idSuffix":"inner"}},"clearTextFirst":true,"interactionType":"ENTER_TEXT"}]}
COMMAND: POST /session/2eef3865f9633c585bb33c6ac0c7be86/execute/async - {"script":"<script> [1562 bytes]","args":[{"selector":{"id":"application-manageresources-display-component---newResourceUnit--newRRUPage-anchBar-application-manageresources-display-component---newResourceUnit--control-anchor","interaction":{"idSuffix":"BDI-content"}},"wdio_ui5_key":"applicationmanageresources-display-component---newResourceUnit--newRRUPage-anchBar-application-manageresources-display-component---newResourceUnit--control-anchor"}]}
RESULT: {"script":"<script> [1562 bytes]","args":[{"selector":{"id":"application-manageresources-display-component---newResourceUnit--newRRUPage-anchBar-application-manageresources-display-component---newResourceUnit--control-anchor","interaction":{"idSuffix":"BDI-content"}},"wdio_ui5_key":"applicationmanageresources-display-component---newResourceUnit--newRRUPage-anchBar-application-manageresources-display-component---newResourceUnit--control-anchor"}]}
RESULT: undefined
COMMAND: POST /session/2eef3865f9633c585bb33c6ac0c7be86/element - {"using":"xpath","value":"//*[@id=\"application-manageresources-display-component---newResourceUnit--newRRUPage-anchBar-application-manageresources-display-component---newResourceUnit--control-anchor\"]"}
RESULT: {"using":"xpath","value":"//*[@id=\"application-manageresources-display-component---newResourceUnit--newRRUPage-anchBar-application-manageresources-display-component---newResourceUnit--control-anchor\"]"}
COMMAND: POST /session/2eef3865f9633c585bb33c6ac0c7be86/element/f.38388B4EA542EE9F87EA90A6B1549037.d.66B47A63E5ED059B26D6145FD694CCE5.e.2898/click - {}
RESULT: {}
COMMAND: POST /session/2eef3865f9633c585bb33c6ac0c7be86/execute/async - {"script":"<script> [1562 bytes]","args":[{"selector":{"id":"application-manageresources-display-component---newResourceUnit--PLANNING_GROUP","interaction":{"idSuffix":"inner"}},"wdio_ui5_key":"applicationmanageresources-display-component---newResourceUnit--PLANNING_GROUP"}]}
COMMAND: GET /session/2eef3865f9633c585bb33c6ac0c7be86/screenshot - {}
RESULT: {"script":"<script> [1562 bytes]","args":[{"selector":{"id":"application-manageresources-display-component---newResourceUnit--PLANNING_GROUP","interaction":{"idSuffix":"inner"}},"wdio_ui5_key":"applicationmanageresources-display-component---newResourceUnit--PLANNING_GROUP"}]}
RESULT: undefined
COMMAND: POST /session/2eef3865f9633c585bb33c6ac0c7be86/execute/async - {"script":"<script> [776 bytes]","args":[{"enterText":"Material","selector":{"id":"application-manageresources-display-component---newResourceUnit--PLANNING_GROUP","interaction":{"idSuffix":"inner"}},"clearTextFirst":true,"interactionType":"ENTER_TEXT"}]}
RESULT: {}
RESULT: {"script":"<script> [776 bytes]","args":[{"enterText":"Material","selector":{"id":"application-manageresources-display-component---newResourceUnit--PLANNING_GROUP","interaction":{"idSuffix":"inner"}},"clearTextFirst":true,"interactionType":"ENTER_TEXT"}]}
COMMAND: POST /session/2eef3865f9633c585bb33c6ac0c7be86/execute/async - {"script":"<script> [1562 bytes]","args":[{"selector":{"id":"application-manageresources-display-component---newResourceUnit--PLANNING_INDICATOR","interaction":{"idSuffix":"inner"}},"wdio_ui5_key":"applicationmanageresources-display-component---newResourceUnit--PLANNING_INDICATOR"}]}
RESULT: {"script":"<script> [1562 bytes]","args":[{"selector":{"id":"application-manageresources-display-component---newResourceUnit--PLANNING_INDICATOR","interaction":{"idSuffix":"inner"}},"wdio_ui5_key":"applicationmanageresources-display-component---newResourceUnit--PLANNING_INDICATOR"}]}
RESULT: undefined
COMMAND: POST /session/2eef3865f9633c585bb33c6ac0c7be86/execute/async - {"script":"<script> [776 bytes]","args":[{"enterText":"10 - infinite","selector":{"id":"application-manageresources-display-component---newResourceUnit--PLANNING_INDICATOR","interaction":{"idSuffix":"inner"}},"clearTextFirst":true,"interactionType":"ENTER_TEXT"}]}
RESULT: {"script":"<script> [776 bytes]","args":[{"enterText":"10 - infinite","selector":{"id":"application-manageresources-display-component---newResourceUnit--PLANNING_INDICATOR","interaction":{"idSuffix":"inner"}},"clearTextFirst":true,"interactionType":"ENTER_TEXT"}]}
COMMAND: POST /session/2eef3865f9633c585bb33c6ac0c7be86/element - {"using":"css selector","value":"#application-manageresources-display-component---newResourceUnit--btnAddTimeSegment"}
RESULT: {"using":"css selector","value":"#application-manageresources-display-component---newResourceUnit--btnAddTimeSegment"}
COMMAND: GET /session/2eef3865f9633c585bb33c6ac0c7be86/element/f.38388B4EA542EE9F87EA90A6B1549037.d.66B47A63E5ED059B26D6145FD694CCE5.e.2906/rect - {}
RESULT: {}
COMMAND: GET /session/2eef3865f9633c585bb33c6ac0c7be86/window/rect - {}
RESULT: {}
COMMAND: POST /session/2eef3865f9633c585bb33c6ac0c7be86/execute/sync - {"script":"<script> [92 bytes]","args":[]}
RESULT: {"script":"<script> [92 bytes]","args":[]}
COMMAND: POST /session/2eef3865f9633c585bb33c6ac0c7be86/actions - {"actions":[{"id":"action6","type":"wheel","parameters":{},"actions":[{"type":"scroll","x":-1888,"y":-32,"deltaX":0,"deltaY":0,"duration":0,"origin":{"element-6066-11e4-a52e-4f735466cecf":"f.38388B4EA542EE9F87EA90A6B1549037.d.66B47A63E5ED059B26D6145FD694CCE5.e.2906"}}]}]}
COMMAND: GET /session/2eef3865f9633c585bb33c6ac0c7be86/screenshot - {}
RESULT: {}
COMMAND: POST /session/2eef3865f9633c585bb33c6ac0c7be86/execute/sync - {"script":"<script> [79 bytes]","args":[{"element-6066-11e4-a52e-4f735466cecf":"f.38388B4EA542EE9F87EA90A6B1549037.d.66B47A63E5ED059B26D6145FD694CCE5.e.2906","ELEMENT":"f.38388B4EA542EE9F87EA90A6B1549037.d.66B47A63E5ED059B26D6145FD694CCE5.e.2906"},{"block":"start","inline":"nearest"}]}
RESULT: {"script":"<script> [79 bytes]","args":[{"element-6066-11e4-a52e-4f735466cecf":"f.38388B4EA542EE9F87EA90A6B1549037.d.66B47A63E5ED059B26D6145FD694CCE5.e.2906","ELEMENT":"f.38388B4EA542EE9F87EA90A6B1549037.d.66B47A63E5ED059B26D6145FD694CCE5.e.2906"},{"block":"start","inline":"nearest"}]}
COMMAND: POST /session/2eef3865f9633c585bb33c6ac0c7be86/execute/async - {"script":"<script> [1562 bytes]","args":[{"selector":{"id":"application-manageresources-display-component---newResourceUnit--btnAddTimeSegment","interaction":{"idSuffix":"inner"}},"wdio_ui5_key":"applicationmanageresources-display-component---newResourceUnit--btnAddTimeSegment"}]}
COMMAND: GET /session/2eef3865f9633c585bb33c6ac0c7be86/screenshot - {}
RESULT: {"script":"<script> [1562 bytes]","args":[{"selector":{"id":"application-manageresources-display-component---newResourceUnit--btnAddTimeSegment","interaction":{"idSuffix":"inner"}},"wdio_ui5_key":"applicationmanageresources-display-component---newResourceUnit--btnAddTimeSegment"}]}
RESULT: undefined
COMMAND: POST /session/2eef3865f9633c585bb33c6ac0c7be86/element - {"using":"xpath","value":"//*[@id=\"application-manageresources-display-component---newResourceUnit--btnAddTimeSegment\"]"}
RESULT: {}
RESULT: {"using":"xpath","value":"//*[@id=\"application-manageresources-display-component---newResourceUnit--btnAddTimeSegment\"]"}
COMMAND: POST /session/2eef3865f9633c585bb33c6ac0c7be86/element/f.38388B4EA542EE9F87EA90A6B1549037.d.66B47A63E5ED059B26D6145FD694CCE5.e.2906/click - {}
RESULT: {}
COMMAND: GET /session/2eef3865f9633c585bb33c6ac0c7be86/screenshot - {}
RESULT: {}
COMMAND: POST /session/2eef3865f9633c585bb33c6ac0c7be86/element - {"using":"xpath","value":"//input[@id=\"application-manageresources-display-component---newResourceUnit--idRuTSAdmin-application-manageresources-display-component---newResourceUnit--RUTimeSegment-0-inner\"]"}
RESULT: {"using":"xpath","value":"//input[@id=\"application-manageresources-display-component---newResourceUnit--idRuTSAdmin-application-manageresources-display-component---newResourceUnit--RUTimeSegment-0-inner\"]"}
COMMAND: POST /session/2eef3865f9633c585bb33c6ac0c7be86/element/f.38388B4EA542EE9F87EA90A6B1549037.d.66B47A63E5ED059B26D6145FD694CCE5.e.2911/clear - {}
RESULT: {}
COMMAND: POST /session/2eef3865f9633c585bb33c6ac0c7be86/element/f.38388B4EA542EE9F87EA90A6B1549037.d.66B47A63E5ED059B26D6145FD694CCE5.e.2911/value - {"text":"272"}
COMMAND: GET /session/2eef3865f9633c585bb33c6ac0c7be86/screenshot - {}
RESULT: {"text":"272"}
COMMAND: GET /session/2eef3865f9633c585bb33c6ac0c7be86/screenshot - {}
RESULT: {}
RESULT: {}
COMMAND: POST /session/2eef3865f9633c585bb33c6ac0c7be86/element - {"using":"xpath","value":"//li[.//span[text()='272']]"}
RESULT: {"using":"xpath","value":"//li[.//span[text()='272']]"}
COMMAND: POST /session/2eef3865f9633c585bb33c6ac0c7be86/element/f.38388B4EA542EE9F87EA90A6B1549037.d.66B47A63E5ED059B26D6145FD694CCE5.e.2920/click - {}
RESULT: {}
COMMAND: GET /session/2eef3865f9633c585bb33c6ac0c7be86/screenshot - {}
RESULT: {}
COMMAND: POST /session/2eef3865f9633c585bb33c6ac0c7be86/element - {"using":"xpath","value":"(//span[contains(@id, \"-application-manageresources-display-component---newResourceUnit--RUTimeSegment-0-arrow\")])[2]"}
RESULT: {"using":"xpath","value":"(//span[contains(@id, \"-application-manageresources-display-component---newResourceUnit--RUTimeSegment-0-arrow\")])[2]"}
COMMAND: POST /session/2eef3865f9633c585bb33c6ac0c7be86/element/f.38388B4EA542EE9F87EA90A6B1549037.d.66B47A63E5ED059B26D6145FD694CCE5.e.2921/click - {}
RESULT: {}
COMMAND: POST /session/2eef3865f9633c585bb33c6ac0c7be86/element - {"using":"xpath","value":"//span[contains(text(), \"PM Order\")]"}
COMMAND: GET /session/2eef3865f9633c585bb33c6ac0c7be86/screenshot - {}
RESULT: {"using":"xpath","value":"//span[contains(text(), \"PM Order\")]"}
COMMAND: POST /session/2eef3865f9633c585bb33c6ac0c7be86/element/f.38388B4EA542EE9F87EA90A6B1549037.d.66B47A63E5ED059B26D6145FD694CCE5.e.2922/click - {}
RESULT: {}
RESULT: {}
COMMAND: GET /session/2eef3865f9633c585bb33c6ac0c7be86/screenshot - {}
RESULT: {}
COMMAND: POST /session/2eef3865f9633c585bb33c6ac0c7be86/element - {"using":"xpath","value":"//td/div/div/div/span[contains(@id, \"newResourceUnit--RUTimeSegment-0-vhi\")][1]"}
RESULT: {"using":"xpath","value":"//td/div/div/div/span[contains(@id, \"newResourceUnit--RUTimeSegment-0-vhi\")][1]"}
COMMAND: GET /session/2eef3865f9633c585bb33c6ac0c7be86/element/f.38388B4EA542EE9F87EA90A6B1549037.d.66B47A63E5ED059B26D6145FD694CCE5.e.2926/rect - {}
RESULT: {}
COMMAND: GET /session/2eef3865f9633c585bb33c6ac0c7be86/window/rect - {}
RESULT: {}
COMMAND: POST /session/2eef3865f9633c585bb33c6ac0c7be86/execute/sync - {"script":"<script> [92 bytes]","args":[]}
RESULT: {"script":"<script> [92 bytes]","args":[]}
COMMAND: POST /session/2eef3865f9633c585bb33c6ac0c7be86/actions - {"actions":[{"id":"action7","type":"wheel","parameters":{},"actions":[{"type":"scroll","x":-1888,"y":-24,"deltaX":0,"deltaY":0,"duration":0,"origin":{"element-6066-11e4-a52e-4f735466cecf":"f.38388B4EA542EE9F87EA90A6B1549037.d.66B47A63E5ED059B26D6145FD694CCE5.e.2926"}}]}]}
COMMAND: GET /session/2eef3865f9633c585bb33c6ac0c7be86/screenshot - {}
RESULT: {}
COMMAND: POST /session/2eef3865f9633c585bb33c6ac0c7be86/execute/sync - {"script":"<script> [79 bytes]","args":[{"element-6066-11e4-a52e-4f735466cecf":"f.38388B4EA542EE9F87EA90A6B1549037.d.66B47A63E5ED059B26D6145FD694CCE5.e.2926","ELEMENT":"f.38388B4EA542EE9F87EA90A6B1549037.d.66B47A63E5ED059B26D6145FD694CCE5.e.2926"},{"block":"start","inline":"nearest"}]}
RESULT: {"script":"<script> [79 bytes]","args":[{"element-6066-11e4-a52e-4f735466cecf":"f.38388B4EA542EE9F87EA90A6B1549037.d.66B47A63E5ED059B26D6145FD694CCE5.e.2926","ELEMENT":"f.38388B4EA542EE9F87EA90A6B1549037.d.66B47A63E5ED059B26D6145FD694CCE5.e.2926"},{"block":"start","inline":"nearest"}]}
COMMAND: GET /session/2eef3865f9633c585bb33c6ac0c7be86/screenshot - {}
RESULT: {}
COMMAND: POST /session/2eef3865f9633c585bb33c6ac0c7be86/element/f.38388B4EA542EE9F87EA90A6B1549037.d.66B47A63E5ED059B26D6145FD694CCE5.e.2926/click - {}
RESULT: {}
COMMAND: GET /session/2eef3865f9633c585bb33c6ac0c7be86/screenshot - {}
RESULT: {}
RESULT: undefined
COMMAND: POST /session/2eef3865f9633c585bb33c6ac0c7be86/execute/async - {"script":"<script> [776 bytes]","args":[{"enterText":"4000360","selector":{"controlType":"sap.m.SearchField","properties":{"placeholder":"Search"},"searchOpenDialogs":true,"interaction":{"idSuffix":"I"}},"clearTextFirst":true,"interactionType":"ENTER_TEXT"}]}
RESULT: {"script":"<script> [776 bytes]","args":[{"enterText":"4000360","selector":{"controlType":"sap.m.SearchField","properties":{"placeholder":"Search"},"searchOpenDialogs":true,"interaction":{"idSuffix":"I"}},"clearTextFirst":true,"interactionType":"ENTER_TEXT"}]}
COMMAND: POST /session/2eef3865f9633c585bb33c6ac0c7be86/actions - {"actions":[{"id":"action8","type":"key","parameters":{},"actions":[{"type":"keyDown","value":""},{"type":"pause","duration":10},{"type":"keyUp","value":""}]}]}
RESULT: {"actions":[{"id":"action8","type":"key","parameters":{},"actions":[{"type":"keyDown","value":""},{"type":"pause","duration":10},{"type":"keyUp","value":""}]}]}
COMMAND: GET /session/2eef3865f9633c585bb33c6ac0c7be86/screenshot - {}
RESULT: {}
COMMAND: POST /session/2eef3865f9633c585bb33c6ac0c7be86/element - {"using":"xpath","value":"//td/div/span[contains(text(), \"BGL Vehicles\")]"}
RESULT: {"using":"xpath","value":"//td/div/span[contains(text(), \"BGL Vehicles\")]"}
COMMAND: POST /session/2eef3865f9633c585bb33c6ac0c7be86/element/f.38388B4EA542EE9F87EA90A6B1549037.d.66B47A63E5ED059B26D6145FD694CCE5.e.2946/click - {}
RESULT: {}
COMMAND: GET /session/2eef3865f9633c585bb33c6ac0c7be86/screenshot - {}
RESULT: {}
COMMAND: POST /session/2eef3865f9633c585bb33c6ac0c7be86/element - {"using":"xpath","value":"//bdi[contains(text(), \"OK\")]"}
RESULT: {"using":"xpath","value":"//bdi[contains(text(), \"OK\")]"}
COMMAND: POST /session/2eef3865f9633c585bb33c6ac0c7be86/element/f.38388B4EA542EE9F87EA90A6B1549037.d.66B47A63E5ED059B26D6145FD694CCE5.e.2947/click - {}
RESULT: {}
COMMAND: GET /session/2eef3865f9633c585bb33c6ac0c7be86/screenshot - {}
RESULT: {}
COMMAND: POST /session/2eef3865f9633c585bb33c6ac0c7be86/element - {"using":"xpath","value":"//label[contains(@class, 'sapMLabelRequired') and .//bdi[contains(text(), 'Planned Retirement')]]"}
RESULT: {"using":"xpath","value":"//label[contains(@class, 'sapMLabelRequired') and .//bdi[contains(text(), 'Planned Retirement')]]"}
COMMAND: POST /session/2eef3865f9633c585bb33c6ac0c7be86/elements - {"using":"xpath","value":"//label[contains(@class, 'sapMLabelRequired') and .//bdi[contains(text(), 'Planned Retirement')]]"}
RESULT: {"using":"xpath","value":"//label[contains(@class, 'sapMLabelRequired') and .//bdi[contains(text(), 'Planned Retirement')]]"}
COMMAND: POST /session/2eef3865f9633c585bb33c6ac0c7be86/element - {"using":"xpath","value":"//button[@data-kt=\"resourceUnitSaveButton\"]"}
RESULT: {"using":"xpath","value":"//button[@data-kt=\"resourceUnitSaveButton\"]"}
COMMAND: POST /session/2eef3865f9633c585bb33c6ac0c7be86/element/f.38388B4EA542EE9F87EA90A6B1549037.d.66B47A63E5ED059B26D6145FD694CCE5.e.2784/click - {}
RESULT: {}
COMMAND: GET /session/2eef3865f9633c585bb33c6ac0c7be86/screenshot - {}
RESULT: {}
COMMAND: POST /session/2eef3865f9633c585bb33c6ac0c7be86/element - {"using":"xpath","value":"//bdi[contains(text(), \"Close\")]"}
RESULT: {"using":"xpath","value":"//bdi[contains(text(), \"Close\")]"}
COMMAND: POST /session/2eef3865f9633c585bb33c6ac0c7be86/element/f.38388B4EA542EE9F87EA90A6B1549037.d.66B47A63E5ED059B26D6145FD694CCE5.e.2953/click - {}
RESULT: {}
COMMAND: GET /session/2eef3865f9633c585bb33c6ac0c7be86/screenshot - {}
RESULT: {}
COMMAND: POST /session/2eef3865f9633c585bb33c6ac0c7be86/element - {"using":"xpath","value":"//header[contains(@id, 'detailRruPage-headerTitle')]/div[1]/div[2]/div[2]/span[1]"}
RESULT: {"using":"xpath","value":"//header[contains(@id, 'detailRruPage-headerTitle')]/div[1]/div[2]/div[2]/span[1]"}
COMMAND: POST /session/2eef3865f9633c585bb33c6ac0c7be86/elements - {"using":"xpath","value":"//header[contains(@id, 'detailRruPage-headerTitle')]/div[1]/div[2]/div[2]/span[1]"}
RESULT: {"using":"xpath","value":"//header[contains(@id, 'detailRruPage-headerTitle')]/div[1]/div[2]/div[2]/span[1]"}
COMMAND: POST /session/2eef3865f9633c585bb33c6ac0c7be86/execute/sync - {"script":"<script> [56 bytes]","args":[{"element-6066-11e4-a52e-4f735466cecf":"f.38388B4EA542EE9F87EA90A6B1549037.d.66B47A63E5ED059B26D6145FD694CCE5.e.2982","ELEMENT":"f.38388B4EA542EE9F87EA90A6B1549037.d.66B47A63E5ED059B26D6145FD694CCE5.e.2982"}]}
RESULT: {"script":"<script> [56 bytes]","args":[{"element-6066-11e4-a52e-4f735466cecf":"f.38388B4EA542EE9F87EA90A6B1549037.d.66B47A63E5ED059B26D6145FD694CCE5.e.2982","ELEMENT":"f.38388B4EA542EE9F87EA90A6B1549037.d.66B47A63E5ED059B26D6145FD694CCE5.e.2982"}]}
COMMAND: POST /session/2eef3865f9633c585bb33c6ac0c7be86/element - {"using":"css selector","value":"#shell-header-logo"}
COMMAND: GET /session/2eef3865f9633c585bb33c6ac0c7be86/screenshot - {}
RESULT: {"using":"css selector","value":"#shell-header-logo"}
COMMAND: POST /session/2eef3865f9633c585bb33c6ac0c7be86/element/f.38388B4EA542EE9F87EA90A6B1549037.d.66B47A63E5ED059B26D6145FD694CCE5.e.2380/click - {}
RESULT: {}
RESULT: {}
COMMAND: GET /session/2eef3865f9633c585bb33c6ac0c7be86/screenshot - {}
RESULT: {}
]]></system-out>
    </testcase>
    <testcase classname="chrome.136_0_7103_93.windows.Stock_increase_-_with_WHM_US125587" name="Bin Status Report Should Create New Organization yard" time="84.481">
      <system-out><![CDATA[
COMMAND: POST /session/2eef3865f9633c585bb33c6ac0c7be86/execute/async - {"script":"<script> [1562 bytes]","args":[{"selector":{"controlType":"sap.m.GenericTile","properties":{"header":"Bin Status Report"}},"wdio_ui5_key":"sapm.GenericTile{\"header\":\"Bin Status Report\"}"}]}
RESULT: {"script":"<script> [1562 bytes]","args":[{"selector":{"controlType":"sap.m.GenericTile","properties":{"header":"Bin Status Report"}},"wdio_ui5_key":"sapm.GenericTile{\"header\":\"Bin Status Report\"}"}]}
RESULT: undefined
COMMAND: POST /session/2eef3865f9633c585bb33c6ac0c7be86/element - {"using":"xpath","value":"//*[@id=\"__tile104\"]"}
RESULT: {"using":"xpath","value":"//*[@id=\"__tile104\"]"}
COMMAND: POST /session/2eef3865f9633c585bb33c6ac0c7be86/element/f.38388B4EA542EE9F87EA90A6B1549037.d.66B47A63E5ED059B26D6145FD694CCE5.e.2984/click - {}
RESULT: {}
COMMAND: GET /session/2eef3865f9633c585bb33c6ac0c7be86/screenshot - {}
RESULT: {}
COMMAND: POST /session/2eef3865f9633c585bb33c6ac0c7be86/elements - {"using":"xpath","value":"//span[text()='Error']"}
RESULT: {"using":"xpath","value":"//span[text()='Error']"}
COMMAND: POST /session/2eef3865f9633c585bb33c6ac0c7be86/element - {"using":"xpath","value":"//button[@id=\"application-binstatusreport-display-component---warehousing--createOrgBtn\"]"}
RESULT: {"using":"xpath","value":"//button[@id=\"application-binstatusreport-display-component---warehousing--createOrgBtn\"]"}
COMMAND: POST /session/2eef3865f9633c585bb33c6ac0c7be86/elements - {"using":"xpath","value":"//button[@id=\"application-binstatusreport-display-component---warehousing--createOrgBtn\"]"}
RESULT: {"using":"xpath","value":"//button[@id=\"application-binstatusreport-display-component---warehousing--createOrgBtn\"]"}
COMMAND: POST /session/2eef3865f9633c585bb33c6ac0c7be86/execute/sync - {"script":"<script> [8489 bytes]","args":[{"element-6066-11e4-a52e-4f735466cecf":"f.38388B4EA542EE9F87EA90A6B1549037.d.66B47A63E5ED059B26D6145FD694CCE5.e.3023","ELEMENT":"f.38388B4EA542EE9F87EA90A6B1549037.d.66B47A63E5ED059B26D6145FD694CCE5.e.3023"}]}
RESULT: {"script":"<script> [8489 bytes]","args":[{"element-6066-11e4-a52e-4f735466cecf":"f.38388B4EA542EE9F87EA90A6B1549037.d.66B47A63E5ED059B26D6145FD694CCE5.e.3023","ELEMENT":"f.38388B4EA542EE9F87EA90A6B1549037.d.66B47A63E5ED059B26D6145FD694CCE5.e.3023"}]}
COMMAND: GET /session/2eef3865f9633c585bb33c6ac0c7be86/element/f.38388B4EA542EE9F87EA90A6B1549037.d.66B47A63E5ED059B26D6145FD694CCE5.e.3023/enabled - {}
COMMAND: GET /session/2eef3865f9633c585bb33c6ac0c7be86/screenshot - {}
RESULT: {}
COMMAND: POST /session/2eef3865f9633c585bb33c6ac0c7be86/execute/sync - {"script":"<script> [8489 bytes]","args":[{"element-6066-11e4-a52e-4f735466cecf":"f.38388B4EA542EE9F87EA90A6B1549037.d.66B47A63E5ED059B26D6145FD694CCE5.e.3023","ELEMENT":"f.38388B4EA542EE9F87EA90A6B1549037.d.66B47A63E5ED059B26D6145FD694CCE5.e.3023"}]}
COMMAND: GET /session/2eef3865f9633c585bb33c6ac0c7be86/screenshot - {}
RESULT: {}
RESULT: {"script":"<script> [8489 bytes]","args":[{"element-6066-11e4-a52e-4f735466cecf":"f.38388B4EA542EE9F87EA90A6B1549037.d.66B47A63E5ED059B26D6145FD694CCE5.e.3023","ELEMENT":"f.38388B4EA542EE9F87EA90A6B1549037.d.66B47A63E5ED059B26D6145FD694CCE5.e.3023"}]}
COMMAND: POST /session/2eef3865f9633c585bb33c6ac0c7be86/execute/sync - {"script":"<script> [5351 bytes]","args":[{"element-6066-11e4-a52e-4f735466cecf":"f.38388B4EA542EE9F87EA90A6B1549037.d.66B47A63E5ED059B26D6145FD694CCE5.e.3023","ELEMENT":"f.38388B4EA542EE9F87EA90A6B1549037.d.66B47A63E5ED059B26D6145FD694CCE5.e.3023"}]}
COMMAND: GET /session/2eef3865f9633c585bb33c6ac0c7be86/screenshot - {}
RESULT: {}
RESULT: {"script":"<script> [5351 bytes]","args":[{"element-6066-11e4-a52e-4f735466cecf":"f.38388B4EA542EE9F87EA90A6B1549037.d.66B47A63E5ED059B26D6145FD694CCE5.e.3023","ELEMENT":"f.38388B4EA542EE9F87EA90A6B1549037.d.66B47A63E5ED059B26D6145FD694CCE5.e.3023"}]}
COMMAND: GET /session/2eef3865f9633c585bb33c6ac0c7be86/screenshot - {}
RESULT: {}
RESULT: {}
COMMAND: POST /session/2eef3865f9633c585bb33c6ac0c7be86/element/f.38388B4EA542EE9F87EA90A6B1549037.d.66B47A63E5ED059B26D6145FD694CCE5.e.3023/click - {}
RESULT: {}
COMMAND: GET /session/2eef3865f9633c585bb33c6ac0c7be86/screenshot - {}
RESULT: {}
COMMAND: POST /session/2eef3865f9633c585bb33c6ac0c7be86/execute/async - {"script":"<script> [1562 bytes]","args":[{"selector":{"id":"createOrganizationPop--sectionInput","searchOpenDialogs":true,"interaction":{"idSuffix":"inner"}},"wdio_ui5_key":"createOrganizationPopsectionInput"}]}
RESULT: {"script":"<script> [1562 bytes]","args":[{"selector":{"id":"createOrganizationPop--sectionInput","searchOpenDialogs":true,"interaction":{"idSuffix":"inner"}},"wdio_ui5_key":"createOrganizationPopsectionInput"}]}
RESULT: undefined
COMMAND: POST /session/2eef3865f9633c585bb33c6ac0c7be86/execute/async - {"script":"<script> [776 bytes]","args":[{"enterText":"WDIO-272","selector":{"id":"createOrganizationPop--sectionInput","searchOpenDialogs":true,"interaction":{"idSuffix":"inner"}},"clearTextFirst":true,"interactionType":"ENTER_TEXT"}]}
RESULT: {"script":"<script> [776 bytes]","args":[{"enterText":"WDIO-272","selector":{"id":"createOrganizationPop--sectionInput","searchOpenDialogs":true,"interaction":{"idSuffix":"inner"}},"clearTextFirst":true,"interactionType":"ENTER_TEXT"}]}
COMMAND: POST /session/2eef3865f9633c585bb33c6ac0c7be86/execute/async - {"script":"<script> [1562 bytes]","args":[{"selector":{"id":"createOrganizationPop--descriptionInput","searchOpenDialogs":true,"interaction":{"idSuffix":"inner"}},"wdio_ui5_key":"createOrganizationPopdescriptionInput"}]}
RESULT: {"script":"<script> [1562 bytes]","args":[{"selector":{"id":"createOrganizationPop--descriptionInput","searchOpenDialogs":true,"interaction":{"idSuffix":"inner"}},"wdio_ui5_key":"createOrganizationPopdescriptionInput"}]}
RESULT: undefined
COMMAND: POST /session/2eef3865f9633c585bb33c6ac0c7be86/execute/async - {"script":"<script> [776 bytes]","args":[{"enterText":"Shipping-272","selector":{"id":"createOrganizationPop--descriptionInput","searchOpenDialogs":true,"interaction":{"idSuffix":"inner"}},"clearTextFirst":true,"interactionType":"ENTER_TEXT"}]}
RESULT: {"script":"<script> [776 bytes]","args":[{"enterText":"Shipping-272","selector":{"id":"createOrganizationPop--descriptionInput","searchOpenDialogs":true,"interaction":{"idSuffix":"inner"}},"clearTextFirst":true,"interactionType":"ENTER_TEXT"}]}
COMMAND: POST /session/2eef3865f9633c585bb33c6ac0c7be86/element - {"using":"css selector","value":"#createOrganizationPop--yardOrg-inner"}
RESULT: {"using":"css selector","value":"#createOrganizationPop--yardOrg-inner"}
COMMAND: POST /session/2eef3865f9633c585bb33c6ac0c7be86/element/f.38388B4EA542EE9F87EA90A6B1549037.d.66B47A63E5ED059B26D6145FD694CCE5.e.3066/clear - {}
RESULT: {}
COMMAND: POST /session/2eef3865f9633c585bb33c6ac0c7be86/element/f.38388B4EA542EE9F87EA90A6B1549037.d.66B47A63E5ED059B26D6145FD694CCE5.e.3066/value - {"text":"272"}
COMMAND: GET /session/2eef3865f9633c585bb33c6ac0c7be86/screenshot - {}
RESULT: {"text":"272"}
COMMAND: GET /session/2eef3865f9633c585bb33c6ac0c7be86/screenshot - {}
RESULT: {}
RESULT: {}
COMMAND: POST /session/2eef3865f9633c585bb33c6ac0c7be86/actions - {"actions":[{"id":"action9","type":"key","parameters":{},"actions":[{"type":"keyDown","value":""},{"type":"pause","duration":10},{"type":"keyUp","value":""}]}]}
RESULT: {"actions":[{"id":"action9","type":"key","parameters":{},"actions":[{"type":"keyDown","value":""},{"type":"pause","duration":10},{"type":"keyUp","value":""}]}]}
COMMAND: POST /session/2eef3865f9633c585bb33c6ac0c7be86/execute/async - {"script":"<script> [1562 bytes]","args":[{"selector":{"id":"createOrganizationPop--grZone","searchOpenDialogs":true,"interaction":{"idSuffix":"CbBg"}},"wdio_ui5_key":"createOrganizationPopgrZone"}]}
COMMAND: GET /session/2eef3865f9633c585bb33c6ac0c7be86/screenshot - {}
RESULT: {"script":"<script> [1562 bytes]","args":[{"selector":{"id":"createOrganizationPop--grZone","searchOpenDialogs":true,"interaction":{"idSuffix":"CbBg"}},"wdio_ui5_key":"createOrganizationPopgrZone"}]}
RESULT: undefined
COMMAND: POST /session/2eef3865f9633c585bb33c6ac0c7be86/element - {"using":"xpath","value":"//*[@id=\"createOrganizationPop--grZone\"]"}
RESULT: {}
RESULT: {"using":"xpath","value":"//*[@id=\"createOrganizationPop--grZone\"]"}
COMMAND: POST /session/2eef3865f9633c585bb33c6ac0c7be86/element/f.38388B4EA542EE9F87EA90A6B1549037.d.66B47A63E5ED059B26D6145FD694CCE5.e.3088/click - {}
RESULT: {}
COMMAND: GET /session/2eef3865f9633c585bb33c6ac0c7be86/screenshot - {}
RESULT: {}
COMMAND: POST /session/2eef3865f9633c585bb33c6ac0c7be86/execute/async - {"script":"<script> [1562 bytes]","args":[{"selector":{"id":"createOrganizationPop--giZone","searchOpenDialogs":true,"interaction":{"idSuffix":"CbBg"}},"wdio_ui5_key":"createOrganizationPopgiZone"}]}
RESULT: {"script":"<script> [1562 bytes]","args":[{"selector":{"id":"createOrganizationPop--giZone","searchOpenDialogs":true,"interaction":{"idSuffix":"CbBg"}},"wdio_ui5_key":"createOrganizationPopgiZone"}]}
RESULT: undefined
COMMAND: POST /session/2eef3865f9633c585bb33c6ac0c7be86/element - {"using":"xpath","value":"//*[@id=\"createOrganizationPop--giZone\"]"}
RESULT: {"using":"xpath","value":"//*[@id=\"createOrganizationPop--giZone\"]"}
COMMAND: POST /session/2eef3865f9633c585bb33c6ac0c7be86/element/f.38388B4EA542EE9F87EA90A6B1549037.d.66B47A63E5ED059B26D6145FD694CCE5.e.3090/click - {}
RESULT: {}
COMMAND: GET /session/2eef3865f9633c585bb33c6ac0c7be86/screenshot - {}
RESULT: {}
COMMAND: POST /session/2eef3865f9633c585bb33c6ac0c7be86/execute/async - {"script":"<script> [1562 bytes]","args":[{"selector":{"id":"createOrganizationPop--binNoInput","searchOpenDialogs":true,"interaction":{"idSuffix":"inner"}},"wdio_ui5_key":"createOrganizationPopbinNoInput"}]}
RESULT: {"script":"<script> [1562 bytes]","args":[{"selector":{"id":"createOrganizationPop--binNoInput","searchOpenDialogs":true,"interaction":{"idSuffix":"inner"}},"wdio_ui5_key":"createOrganizationPopbinNoInput"}]}
RESULT: undefined
COMMAND: POST /session/2eef3865f9633c585bb33c6ac0c7be86/execute/async - {"script":"<script> [776 bytes]","args":[{"enterText":"Bin-Wd","selector":{"id":"createOrganizationPop--binNoInput","searchOpenDialogs":true,"interaction":{"idSuffix":"inner"}},"clearTextFirst":true,"interactionType":"ENTER_TEXT"}]}
RESULT: {"script":"<script> [776 bytes]","args":[{"enterText":"Bin-Wd","selector":{"id":"createOrganizationPop--binNoInput","searchOpenDialogs":true,"interaction":{"idSuffix":"inner"}},"clearTextFirst":true,"interactionType":"ENTER_TEXT"}]}
COMMAND: POST /session/2eef3865f9633c585bb33c6ac0c7be86/execute/async - {"script":"<script> [1562 bytes]","args":[{"selector":{"id":"createOrganizationPop--descriptionId","searchOpenDialogs":true,"interaction":{"idSuffix":"inner"}},"wdio_ui5_key":"createOrganizationPopdescriptionId"}]}
RESULT: {"script":"<script> [1562 bytes]","args":[{"selector":{"id":"createOrganizationPop--descriptionId","searchOpenDialogs":true,"interaction":{"idSuffix":"inner"}},"wdio_ui5_key":"createOrganizationPopdescriptionId"}]}
RESULT: undefined
COMMAND: POST /session/2eef3865f9633c585bb33c6ac0c7be86/execute/async - {"script":"<script> [776 bytes]","args":[{"enterText":"Shipping-Wd","selector":{"id":"createOrganizationPop--descriptionId","searchOpenDialogs":true,"interaction":{"idSuffix":"inner"}},"clearTextFirst":true,"interactionType":"ENTER_TEXT"}]}
RESULT: {"script":"<script> [776 bytes]","args":[{"enterText":"Shipping-Wd","selector":{"id":"createOrganizationPop--descriptionId","searchOpenDialogs":true,"interaction":{"idSuffix":"inner"}},"clearTextFirst":true,"interactionType":"ENTER_TEXT"}]}
COMMAND: POST /session/2eef3865f9633c585bb33c6ac0c7be86/execute/async - {"script":"<script> [1562 bytes]","args":[{"selector":{"controlType":"sap.m.CheckBox","viewName":"etm.portal.ui.binstatusreport.view.MasterWareBins","viewId":"application-binstatusreport-display-component---warehousing","bindingPath":{"path":"","propertyPath":"/ZONE","modelName":"newBin"},"searchOpenDialogs":true,"interaction":{"idSuffix":"CbBg"}},"wdio_ui5_key":"etmportal.ui.binstatusreport.view.MasterWareBinssap.m.CheckBox{\"path\":\"\",\"propertyPath\":\"/ZONE\",\"modelName\":\"newBin\"}"}]}
RESULT: {"script":"<script> [1562 bytes]","args":[{"selector":{"controlType":"sap.m.CheckBox","viewName":"etm.portal.ui.binstatusreport.view.MasterWareBins","viewId":"application-binstatusreport-display-component---warehousing","bindingPath":{"path":"","propertyPath":"/ZONE","modelName":"newBin"},"searchOpenDialogs":true,"interaction":{"idSuffix":"CbBg"}},"wdio_ui5_key":"etmportal.ui.binstatusreport.view.MasterWareBinssap.m.CheckBox{\"path\":\"\",\"propertyPath\":\"/ZONE\",\"modelName\":\"newBin\"}"}]}
RESULT: undefined
COMMAND: POST /session/2eef3865f9633c585bb33c6ac0c7be86/element - {"using":"xpath","value":"//*[@id=\"__box56\"]"}
RESULT: {"using":"xpath","value":"//*[@id=\"__box56\"]"}
COMMAND: POST /session/2eef3865f9633c585bb33c6ac0c7be86/element/f.38388B4EA542EE9F87EA90A6B1549037.d.66B47A63E5ED059B26D6145FD694CCE5.e.3113/click - {}
RESULT: {}
COMMAND: GET /session/2eef3865f9633c585bb33c6ac0c7be86/screenshot - {}
RESULT: {}
COMMAND: POST /session/2eef3865f9633c585bb33c6ac0c7be86/execute/async - {"script":"<script> [1562 bytes]","args":[{"selector":{"id":"createOrganizationPop--binTypesCB","searchOpenDialogs":true,"interaction":{"idSuffix":"inner"}},"wdio_ui5_key":"createOrganizationPopbinTypesCB"}]}
RESULT: {"script":"<script> [1562 bytes]","args":[{"selector":{"id":"createOrganizationPop--binTypesCB","searchOpenDialogs":true,"interaction":{"idSuffix":"inner"}},"wdio_ui5_key":"createOrganizationPopbinTypesCB"}]}
RESULT: undefined
COMMAND: POST /session/2eef3865f9633c585bb33c6ac0c7be86/execute/async - {"script":"<script> [776 bytes]","args":[{"enterText":"1 - General / No capacity check","selector":{"id":"createOrganizationPop--binTypesCB","searchOpenDialogs":true,"interaction":{"idSuffix":"inner"}},"clearTextFirst":true,"interactionType":"ENTER_TEXT"}]}
RESULT: {"script":"<script> [776 bytes]","args":[{"enterText":"1 - General / No capacity check","selector":{"id":"createOrganizationPop--binTypesCB","searchOpenDialogs":true,"interaction":{"idSuffix":"inner"}},"clearTextFirst":true,"interactionType":"ENTER_TEXT"}]}
COMMAND: POST /session/2eef3865f9633c585bb33c6ac0c7be86/actions - {"actions":[{"id":"action10","type":"key","parameters":{},"actions":[{"type":"keyDown","value":""},{"type":"pause","duration":10},{"type":"keyUp","value":""}]}]}
RESULT: {"actions":[{"id":"action10","type":"key","parameters":{},"actions":[{"type":"keyDown","value":""},{"type":"pause","duration":10},{"type":"keyUp","value":""}]}]}
COMMAND: GET /session/2eef3865f9633c585bb33c6ac0c7be86/screenshot - {}
RESULT: {}
COMMAND: POST /session/2eef3865f9633c585bb33c6ac0c7be86/execute/async - {"script":"<script> [1562 bytes]","args":[{"selector":{"id":"createOrganizationPop--finishBtn","searchOpenDialogs":true,"interaction":{"idSuffix":"BDI-content"}},"wdio_ui5_key":"createOrganizationPopfinishBtn"}]}
RESULT: {"script":"<script> [1562 bytes]","args":[{"selector":{"id":"createOrganizationPop--finishBtn","searchOpenDialogs":true,"interaction":{"idSuffix":"BDI-content"}},"wdio_ui5_key":"createOrganizationPopfinishBtn"}]}
RESULT: undefined
COMMAND: POST /session/2eef3865f9633c585bb33c6ac0c7be86/element - {"using":"xpath","value":"//*[@id=\"createOrganizationPop--finishBtn\"]"}
RESULT: {"using":"xpath","value":"//*[@id=\"createOrganizationPop--finishBtn\"]"}
COMMAND: POST /session/2eef3865f9633c585bb33c6ac0c7be86/element/f.38388B4EA542EE9F87EA90A6B1549037.d.66B47A63E5ED059B26D6145FD694CCE5.e.3124/click - {}
RESULT: {}
COMMAND: GET /session/2eef3865f9633c585bb33c6ac0c7be86/screenshot - {}
RESULT: {}
COMMAND: POST /session/2eef3865f9633c585bb33c6ac0c7be86/element - {"using":"css selector","value":"#shell-header-logo"}
RESULT: {"using":"css selector","value":"#shell-header-logo"}
COMMAND: POST /session/2eef3865f9633c585bb33c6ac0c7be86/element/f.38388B4EA542EE9F87EA90A6B1549037.d.66B47A63E5ED059B26D6145FD694CCE5.e.2991/click - {}
RESULT: {}
COMMAND: GET /session/2eef3865f9633c585bb33c6ac0c7be86/screenshot - {}
RESULT: {}
]]></system-out>
    </testcase>
    <testcase classname="chrome.136_0_7103_93.windows.Stock_increase_-_with_WHM_US125587" name="Bin Status Report Should Create New Organization for Site" time="75.547">
      <system-out><![CDATA[
RESULT: undefined
COMMAND: POST /session/2eef3865f9633c585bb33c6ac0c7be86/element - {"using":"xpath","value":"//*[@id=\"__tile104\"]"}
RESULT: {"using":"xpath","value":"//*[@id=\"__tile104\"]"}
COMMAND: POST /session/2eef3865f9633c585bb33c6ac0c7be86/element/f.38388B4EA542EE9F87EA90A6B1549037.d.66B47A63E5ED059B26D6145FD694CCE5.e.2984/click - {}
RESULT: {}
COMMAND: GET /session/2eef3865f9633c585bb33c6ac0c7be86/screenshot - {}
RESULT: {}
COMMAND: POST /session/2eef3865f9633c585bb33c6ac0c7be86/elements - {"using":"xpath","value":"//span[text()='Error']"}
RESULT: {"using":"xpath","value":"//span[text()='Error']"}
COMMAND: POST /session/2eef3865f9633c585bb33c6ac0c7be86/element - {"using":"xpath","value":"//button[@id=\"application-binstatusreport-display-component---warehousing--createOrgBtn\"]"}
RESULT: {"using":"xpath","value":"//button[@id=\"application-binstatusreport-display-component---warehousing--createOrgBtn\"]"}
COMMAND: POST /session/2eef3865f9633c585bb33c6ac0c7be86/elements - {"using":"xpath","value":"//button[@id=\"application-binstatusreport-display-component---warehousing--createOrgBtn\"]"}
RESULT: {"using":"xpath","value":"//button[@id=\"application-binstatusreport-display-component---warehousing--createOrgBtn\"]"}
COMMAND: POST /session/2eef3865f9633c585bb33c6ac0c7be86/execute/sync - {"script":"<script> [8489 bytes]","args":[{"element-6066-11e4-a52e-4f735466cecf":"f.38388B4EA542EE9F87EA90A6B1549037.d.66B47A63E5ED059B26D6145FD694CCE5.e.3166","ELEMENT":"f.38388B4EA542EE9F87EA90A6B1549037.d.66B47A63E5ED059B26D6145FD694CCE5.e.3166"}]}
RESULT: {"script":"<script> [8489 bytes]","args":[{"element-6066-11e4-a52e-4f735466cecf":"f.38388B4EA542EE9F87EA90A6B1549037.d.66B47A63E5ED059B26D6145FD694CCE5.e.3166","ELEMENT":"f.38388B4EA542EE9F87EA90A6B1549037.d.66B47A63E5ED059B26D6145FD694CCE5.e.3166"}]}
COMMAND: GET /session/2eef3865f9633c585bb33c6ac0c7be86/element/f.38388B4EA542EE9F87EA90A6B1549037.d.66B47A63E5ED059B26D6145FD694CCE5.e.3166/enabled - {}
COMMAND: GET /session/2eef3865f9633c585bb33c6ac0c7be86/screenshot - {}
RESULT: {}
COMMAND: POST /session/2eef3865f9633c585bb33c6ac0c7be86/execute/sync - {"script":"<script> [8489 bytes]","args":[{"element-6066-11e4-a52e-4f735466cecf":"f.38388B4EA542EE9F87EA90A6B1549037.d.66B47A63E5ED059B26D6145FD694CCE5.e.3166","ELEMENT":"f.38388B4EA542EE9F87EA90A6B1549037.d.66B47A63E5ED059B26D6145FD694CCE5.e.3166"}]}
COMMAND: GET /session/2eef3865f9633c585bb33c6ac0c7be86/screenshot - {}
RESULT: {}
RESULT: {"script":"<script> [8489 bytes]","args":[{"element-6066-11e4-a52e-4f735466cecf":"f.38388B4EA542EE9F87EA90A6B1549037.d.66B47A63E5ED059B26D6145FD694CCE5.e.3166","ELEMENT":"f.38388B4EA542EE9F87EA90A6B1549037.d.66B47A63E5ED059B26D6145FD694CCE5.e.3166"}]}
COMMAND: POST /session/2eef3865f9633c585bb33c6ac0c7be86/execute/sync - {"script":"<script> [5351 bytes]","args":[{"element-6066-11e4-a52e-4f735466cecf":"f.38388B4EA542EE9F87EA90A6B1549037.d.66B47A63E5ED059B26D6145FD694CCE5.e.3166","ELEMENT":"f.38388B4EA542EE9F87EA90A6B1549037.d.66B47A63E5ED059B26D6145FD694CCE5.e.3166"}]}
COMMAND: GET /session/2eef3865f9633c585bb33c6ac0c7be86/screenshot - {}
RESULT: {}
RESULT: {"script":"<script> [5351 bytes]","args":[{"element-6066-11e4-a52e-4f735466cecf":"f.38388B4EA542EE9F87EA90A6B1549037.d.66B47A63E5ED059B26D6145FD694CCE5.e.3166","ELEMENT":"f.38388B4EA542EE9F87EA90A6B1549037.d.66B47A63E5ED059B26D6145FD694CCE5.e.3166"}]}
COMMAND: GET /session/2eef3865f9633c585bb33c6ac0c7be86/screenshot - {}
RESULT: {}
RESULT: {}
COMMAND: POST /session/2eef3865f9633c585bb33c6ac0c7be86/element/f.38388B4EA542EE9F87EA90A6B1549037.d.66B47A63E5ED059B26D6145FD694CCE5.e.3166/click - {}
RESULT: {}
COMMAND: GET /session/2eef3865f9633c585bb33c6ac0c7be86/screenshot - {}
RESULT: {}
RESULT: undefined
COMMAND: POST /session/2eef3865f9633c585bb33c6ac0c7be86/execute/async - {"script":"<script> [776 bytes]","args":[{"enterText":"2112","selector":{"id":"createOrganizationPop--sectionInput","searchOpenDialogs":true,"interaction":{"idSuffix":"inner"}},"clearTextFirst":true,"interactionType":"ENTER_TEXT"}]}
RESULT: {"script":"<script> [776 bytes]","args":[{"enterText":"2112","selector":{"id":"createOrganizationPop--sectionInput","searchOpenDialogs":true,"interaction":{"idSuffix":"inner"}},"clearTextFirst":true,"interactionType":"ENTER_TEXT"}]}
RESULT: undefined
COMMAND: POST /session/2eef3865f9633c585bb33c6ac0c7be86/execute/async - {"script":"<script> [776 bytes]","args":[{"enterText":"WDIO-2112","selector":{"id":"createOrganizationPop--descriptionInput","searchOpenDialogs":true,"interaction":{"idSuffix":"inner"}},"clearTextFirst":true,"interactionType":"ENTER_TEXT"}]}
RESULT: {"script":"<script> [776 bytes]","args":[{"enterText":"WDIO-2112","selector":{"id":"createOrganizationPop--descriptionInput","searchOpenDialogs":true,"interaction":{"idSuffix":"inner"}},"clearTextFirst":true,"interactionType":"ENTER_TEXT"}]}
COMMAND: POST /session/2eef3865f9633c585bb33c6ac0c7be86/element - {"using":"css selector","value":"#createOrganizationPop--siteOrg-inner"}
RESULT: {"using":"css selector","value":"#createOrganizationPop--siteOrg-inner"}
COMMAND: POST /session/2eef3865f9633c585bb33c6ac0c7be86/element/f.38388B4EA542EE9F87EA90A6B1549037.d.66B47A63E5ED059B26D6145FD694CCE5.e.3212/clear - {}
RESULT: {}
COMMAND: POST /session/2eef3865f9633c585bb33c6ac0c7be86/element/f.38388B4EA542EE9F87EA90A6B1549037.d.66B47A63E5ED059B26D6145FD694CCE5.e.3212/value - {"text":"2112"}
COMMAND: GET /session/2eef3865f9633c585bb33c6ac0c7be86/screenshot - {}
RESULT: {"text":"2112"}
COMMAND: GET /session/2eef3865f9633c585bb33c6ac0c7be86/screenshot - {}
RESULT: {}
RESULT: {}
COMMAND: POST /session/2eef3865f9633c585bb33c6ac0c7be86/actions - {"actions":[{"id":"action11","type":"key","parameters":{},"actions":[{"type":"keyDown","value":""},{"type":"pause","duration":10},{"type":"keyUp","value":""}]}]}
RESULT: {"actions":[{"id":"action11","type":"key","parameters":{},"actions":[{"type":"keyDown","value":""},{"type":"pause","duration":10},{"type":"keyUp","value":""}]}]}
RESULT: undefined
COMMAND: POST /session/2eef3865f9633c585bb33c6ac0c7be86/element - {"using":"xpath","value":"//*[@id=\"createOrganizationPop--giZone\"]"}
COMMAND: GET /session/2eef3865f9633c585bb33c6ac0c7be86/screenshot - {}
RESULT: {"using":"xpath","value":"//*[@id=\"createOrganizationPop--giZone\"]"}
COMMAND: POST /session/2eef3865f9633c585bb33c6ac0c7be86/element/f.38388B4EA542EE9F87EA90A6B1549037.d.66B47A63E5ED059B26D6145FD694CCE5.e.3250/click - {}
RESULT: {}
RESULT: {}
COMMAND: GET /session/2eef3865f9633c585bb33c6ac0c7be86/screenshot - {}
RESULT: {}
RESULT: undefined
COMMAND: POST /session/2eef3865f9633c585bb33c6ac0c7be86/execute/async - {"script":"<script> [776 bytes]","args":[{"enterText":"WD-BIN","selector":{"id":"createOrganizationPop--binNoInput","searchOpenDialogs":true,"interaction":{"idSuffix":"inner"}},"clearTextFirst":true,"interactionType":"ENTER_TEXT"}]}
RESULT: {"script":"<script> [776 bytes]","args":[{"enterText":"WD-BIN","selector":{"id":"createOrganizationPop--binNoInput","searchOpenDialogs":true,"interaction":{"idSuffix":"inner"}},"clearTextFirst":true,"interactionType":"ENTER_TEXT"}]}
RESULT: undefined
COMMAND: POST /session/2eef3865f9633c585bb33c6ac0c7be86/execute/async - {"script":"<script> [776 bytes]","args":[{"enterText":"WD-BIN","selector":{"id":"createOrganizationPop--descriptionId","searchOpenDialogs":true,"interaction":{"idSuffix":"inner"}},"clearTextFirst":true,"interactionType":"ENTER_TEXT"}]}
RESULT: {"script":"<script> [776 bytes]","args":[{"enterText":"WD-BIN","selector":{"id":"createOrganizationPop--descriptionId","searchOpenDialogs":true,"interaction":{"idSuffix":"inner"}},"clearTextFirst":true,"interactionType":"ENTER_TEXT"}]}
COMMAND: POST /session/2eef3865f9633c585bb33c6ac0c7be86/execute/async - {"script":"<script> [1562 bytes]","args":[{"selector":{"controlType":"sap.m.CheckBox","viewName":"etm.portal.ui.binstatusreport.view.MasterWareBins","viewId":"application-binstatusreport-display-component---warehousing","bindingPath":{"propertyPath":"/ZONE","modelName":"newBin"},"searchOpenDialogs":true,"interaction":{"idSuffix":"CbBg"}},"wdio_ui5_key":"etmportal.ui.binstatusreport.view.MasterWareBinssap.m.CheckBox{\"propertyPath\":\"/ZONE\",\"modelName\":\"newBin\"}"}]}
RESULT: {"script":"<script> [1562 bytes]","args":[{"selector":{"controlType":"sap.m.CheckBox","viewName":"etm.portal.ui.binstatusreport.view.MasterWareBins","viewId":"application-binstatusreport-display-component---warehousing","bindingPath":{"propertyPath":"/ZONE","modelName":"newBin"},"searchOpenDialogs":true,"interaction":{"idSuffix":"CbBg"}},"wdio_ui5_key":"etmportal.ui.binstatusreport.view.MasterWareBinssap.m.CheckBox{\"propertyPath\":\"/ZONE\",\"modelName\":\"newBin\"}"}]}
RESULT: undefined
COMMAND: POST /session/2eef3865f9633c585bb33c6ac0c7be86/element - {"using":"xpath","value":"//*[@id=\"__box68\"]"}
RESULT: {"using":"xpath","value":"//*[@id=\"__box68\"]"}
COMMAND: POST /session/2eef3865f9633c585bb33c6ac0c7be86/element/f.38388B4EA542EE9F87EA90A6B1549037.d.66B47A63E5ED059B26D6145FD694CCE5.e.3272/click - {}
RESULT: {}
COMMAND: GET /session/2eef3865f9633c585bb33c6ac0c7be86/screenshot - {}
RESULT: {}
RESULT: undefined
COMMAND: POST /session/2eef3865f9633c585bb33c6ac0c7be86/execute/async - {"script":"<script> [776 bytes]","args":[{"enterText":"1 - General / No capacity check","selector":{"id":"createOrganizationPop--binTypesCB","searchOpenDialogs":true,"interaction":{"idSuffix":"inner"}},"clearTextFirst":true,"interactionType":"ENTER_TEXT"}]}
RESULT: {"script":"<script> [776 bytes]","args":[{"enterText":"1 - General / No capacity check","selector":{"id":"createOrganizationPop--binTypesCB","searchOpenDialogs":true,"interaction":{"idSuffix":"inner"}},"clearTextFirst":true,"interactionType":"ENTER_TEXT"}]}
COMMAND: POST /session/2eef3865f9633c585bb33c6ac0c7be86/execute/async - {"script":"<script> [1562 bytes]","args":[{"selector":{"id":"createOrganizationPop--capacityId","searchOpenDialogs":true,"interaction":{"idSuffix":"inner"}},"wdio_ui5_key":"createOrganizationPopcapacityId"}]}
RESULT: {"script":"<script> [1562 bytes]","args":[{"selector":{"id":"createOrganizationPop--capacityId","searchOpenDialogs":true,"interaction":{"idSuffix":"inner"}},"wdio_ui5_key":"createOrganizationPopcapacityId"}]}
RESULT: undefined
COMMAND: POST /session/2eef3865f9633c585bb33c6ac0c7be86/actions - {"actions":[{"id":"action12","type":"key","parameters":{},"actions":[{"type":"keyDown","value":""},{"type":"pause","duration":10},{"type":"keyUp","value":""}]}]}
RESULT: {"actions":[{"id":"action12","type":"key","parameters":{},"actions":[{"type":"keyDown","value":""},{"type":"pause","duration":10},{"type":"keyUp","value":""}]}]}
COMMAND: GET /session/2eef3865f9633c585bb33c6ac0c7be86/screenshot - {}
RESULT: {}
RESULT: undefined
COMMAND: POST /session/2eef3865f9633c585bb33c6ac0c7be86/element - {"using":"xpath","value":"//*[@id=\"createOrganizationPop--finishBtn\"]"}
RESULT: {"using":"xpath","value":"//*[@id=\"createOrganizationPop--finishBtn\"]"}
COMMAND: POST /session/2eef3865f9633c585bb33c6ac0c7be86/element/f.38388B4EA542EE9F87EA90A6B1549037.d.66B47A63E5ED059B26D6145FD694CCE5.e.3286/click - {}
RESULT: {}
COMMAND: GET /session/2eef3865f9633c585bb33c6ac0c7be86/screenshot - {}
RESULT: {}
COMMAND: POST /session/2eef3865f9633c585bb33c6ac0c7be86/element - {"using":"css selector","value":"#shell-header-logo"}
RESULT: {"using":"css selector","value":"#shell-header-logo"}
COMMAND: POST /session/2eef3865f9633c585bb33c6ac0c7be86/element/f.38388B4EA542EE9F87EA90A6B1549037.d.66B47A63E5ED059B26D6145FD694CCE5.e.3133/click - {}
RESULT: {}
COMMAND: GET /session/2eef3865f9633c585bb33c6ac0c7be86/screenshot - {}
RESULT: {}
]]></system-out>
    </testcase>
    <testcase classname="chrome.136_0_7103_93.windows.Stock_increase_-_with_WHM_US125587" name="Create a Warehouse Movement for created yard" time="46.794">
      <system-out><![CDATA[
COMMAND: POST /session/2eef3865f9633c585bb33c6ac0c7be86/execute/async - {"script":"<script> [1562 bytes]","args":[{"selector":{"controlType":"sap.m.GenericTile","properties":{"header":"Manage Warehouse Movements"}},"wdio_ui5_key":"sapm.GenericTile{\"header\":\"Manage Warehouse Movements\"}"}]}
RESULT: {"script":"<script> [1562 bytes]","args":[{"selector":{"controlType":"sap.m.GenericTile","properties":{"header":"Manage Warehouse Movements"}},"wdio_ui5_key":"sapm.GenericTile{\"header\":\"Manage Warehouse Movements\"}"}]}
RESULT: undefined
COMMAND: POST /session/2eef3865f9633c585bb33c6ac0c7be86/element - {"using":"xpath","value":"//*[@id=\"__tile105\"]"}
RESULT: {"using":"xpath","value":"//*[@id=\"__tile105\"]"}
COMMAND: POST /session/2eef3865f9633c585bb33c6ac0c7be86/element/f.38388B4EA542EE9F87EA90A6B1549037.d.66B47A63E5ED059B26D6145FD694CCE5.e.3315/click - {}
RESULT: {}
COMMAND: GET /session/2eef3865f9633c585bb33c6ac0c7be86/screenshot - {}
RESULT: {}
COMMAND: POST /session/2eef3865f9633c585bb33c6ac0c7be86/elements - {"using":"xpath","value":"//span[text()='Error']"}
RESULT: {"using":"xpath","value":"//span[text()='Error']"}
COMMAND: POST /session/2eef3865f9633c585bb33c6ac0c7be86/element - {"using":"xpath","value":"//input[@id='application-warehousemovements-display-component---warehouseMovements--smartFilterBar-filterItemControl_BASIC-YARD-inner']"}
RESULT: {"using":"xpath","value":"//input[@id='application-warehousemovements-display-component---warehouseMovements--smartFilterBar-filterItemControl_BASIC-YARD-inner']"}
COMMAND: POST /session/2eef3865f9633c585bb33c6ac0c7be86/elements - {"using":"xpath","value":"//input[@id='application-warehousemovements-display-component---warehouseMovements--smartFilterBar-filterItemControl_BASIC-YARD-inner']"}
RESULT: {"using":"xpath","value":"//input[@id='application-warehousemovements-display-component---warehouseMovements--smartFilterBar-filterItemControl_BASIC-YARD-inner']"}
COMMAND: POST /session/2eef3865f9633c585bb33c6ac0c7be86/execute/sync - {"script":"<script> [8489 bytes]","args":[{"element-6066-11e4-a52e-4f735466cecf":"f.38388B4EA542EE9F87EA90A6B1549037.d.66B47A63E5ED059B26D6145FD694CCE5.e.3337","ELEMENT":"f.38388B4EA542EE9F87EA90A6B1549037.d.66B47A63E5ED059B26D6145FD694CCE5.e.3337"}]}
RESULT: {"script":"<script> [8489 bytes]","args":[{"element-6066-11e4-a52e-4f735466cecf":"f.38388B4EA542EE9F87EA90A6B1549037.d.66B47A63E5ED059B26D6145FD694CCE5.e.3337","ELEMENT":"f.38388B4EA542EE9F87EA90A6B1549037.d.66B47A63E5ED059B26D6145FD694CCE5.e.3337"}]}
COMMAND: GET /session/2eef3865f9633c585bb33c6ac0c7be86/element/f.38388B4EA542EE9F87EA90A6B1549037.d.66B47A63E5ED059B26D6145FD694CCE5.e.3337/enabled - {}
COMMAND: GET /session/2eef3865f9633c585bb33c6ac0c7be86/screenshot - {}
RESULT: {}
COMMAND: POST /session/2eef3865f9633c585bb33c6ac0c7be86/execute/sync - {"script":"<script> [8489 bytes]","args":[{"element-6066-11e4-a52e-4f735466cecf":"f.38388B4EA542EE9F87EA90A6B1549037.d.66B47A63E5ED059B26D6145FD694CCE5.e.3337","ELEMENT":"f.38388B4EA542EE9F87EA90A6B1549037.d.66B47A63E5ED059B26D6145FD694CCE5.e.3337"}]}
COMMAND: GET /session/2eef3865f9633c585bb33c6ac0c7be86/screenshot - {}
RESULT: {}
RESULT: {"script":"<script> [8489 bytes]","args":[{"element-6066-11e4-a52e-4f735466cecf":"f.38388B4EA542EE9F87EA90A6B1549037.d.66B47A63E5ED059B26D6145FD694CCE5.e.3337","ELEMENT":"f.38388B4EA542EE9F87EA90A6B1549037.d.66B47A63E5ED059B26D6145FD694CCE5.e.3337"}]}
COMMAND: POST /session/2eef3865f9633c585bb33c6ac0c7be86/execute/sync - {"script":"<script> [5351 bytes]","args":[{"element-6066-11e4-a52e-4f735466cecf":"f.38388B4EA542EE9F87EA90A6B1549037.d.66B47A63E5ED059B26D6145FD694CCE5.e.3337","ELEMENT":"f.38388B4EA542EE9F87EA90A6B1549037.d.66B47A63E5ED059B26D6145FD694CCE5.e.3337"}]}
COMMAND: GET /session/2eef3865f9633c585bb33c6ac0c7be86/screenshot - {}
RESULT: {}
RESULT: {}
RESULT: {"script":"<script> [5351 bytes]","args":[{"element-6066-11e4-a52e-4f735466cecf":"f.38388B4EA542EE9F87EA90A6B1549037.d.66B47A63E5ED059B26D6145FD694CCE5.e.3337","ELEMENT":"f.38388B4EA542EE9F87EA90A6B1549037.d.66B47A63E5ED059B26D6145FD694CCE5.e.3337"}]}
COMMAND: GET /session/2eef3865f9633c585bb33c6ac0c7be86/screenshot - {}
RESULT: {}
COMMAND: POST /session/2eef3865f9633c585bb33c6ac0c7be86/element/f.38388B4EA542EE9F87EA90A6B1549037.d.66B47A63E5ED059B26D6145FD694CCE5.e.3337/clear - {}
RESULT: {}
COMMAND: POST /session/2eef3865f9633c585bb33c6ac0c7be86/element/f.38388B4EA542EE9F87EA90A6B1549037.d.66B47A63E5ED059B26D6145FD694CCE5.e.3337/value - {"text":"272"}
COMMAND: GET /session/2eef3865f9633c585bb33c6ac0c7be86/screenshot - {}
RESULT: {"text":"272"}
COMMAND: POST /session/2eef3865f9633c585bb33c6ac0c7be86/actions - {"actions":[{"id":"action13","type":"key","parameters":{},"actions":[{"type":"keyDown","value":""},{"type":"pause","duration":10},{"type":"keyUp","value":""}]}]}
COMMAND: GET /session/2eef3865f9633c585bb33c6ac0c7be86/screenshot - {}
RESULT: {}
RESULT: {"actions":[{"id":"action13","type":"key","parameters":{},"actions":[{"type":"keyDown","value":""},{"type":"pause","duration":10},{"type":"keyUp","value":""}]}]}
COMMAND: GET /session/2eef3865f9633c585bb33c6ac0c7be86/screenshot - {}
RESULT: {}
RESULT: {}
COMMAND: POST /session/2eef3865f9633c585bb33c6ac0c7be86/element - {"using":"xpath","value":"//button[contains(@data-kt, \"MasterMovementAddOverflowToolbarButton\")]"}
RESULT: {"using":"xpath","value":"//button[contains(@data-kt, \"MasterMovementAddOverflowToolbarButton\")]"}
COMMAND: POST /session/2eef3865f9633c585bb33c6ac0c7be86/element/f.38388B4EA542EE9F87EA90A6B1549037.d.66B47A63E5ED059B26D6145FD694CCE5.e.3360/click - {}
RESULT: {}
COMMAND: GET /session/2eef3865f9633c585bb33c6ac0c7be86/screenshot - {}
RESULT: {}
COMMAND: POST /session/2eef3865f9633c585bb33c6ac0c7be86/element - {"using":"xpath","value":"//*[@id=\"application-warehousemovements-display-component---addMovement--sectionsList-arrow\"]"}
RESULT: {"using":"xpath","value":"//*[@id=\"application-warehousemovements-display-component---addMovement--sectionsList-arrow\"]"}
COMMAND: POST /session/2eef3865f9633c585bb33c6ac0c7be86/element/f.38388B4EA542EE9F87EA90A6B1549037.d.66B47A63E5ED059B26D6145FD694CCE5.e.3509/click - {}
RESULT: {}
COMMAND: POST /session/2eef3865f9633c585bb33c6ac0c7be86/actions - {"actions":[{"id":"action14","type":"key","parameters":{},"actions":[{"type":"keyDown","value":""},{"type":"pause","duration":10},{"type":"keyUp","value":""}]}]}
COMMAND: GET /session/2eef3865f9633c585bb33c6ac0c7be86/screenshot - {}
RESULT: {"actions":[{"id":"action14","type":"key","parameters":{},"actions":[{"type":"keyDown","value":""},{"type":"pause","duration":10},{"type":"keyUp","value":""}]}]}
COMMAND: GET /session/2eef3865f9633c585bb33c6ac0c7be86/screenshot - {}
RESULT: {}
RESULT: {}
COMMAND: POST /session/2eef3865f9633c585bb33c6ac0c7be86/actions - {"actions":[{"id":"action15","type":"key","parameters":{},"actions":[{"type":"keyDown","value":""},{"type":"pause","duration":10},{"type":"keyUp","value":""}]}]}
RESULT: {"actions":[{"id":"action15","type":"key","parameters":{},"actions":[{"type":"keyDown","value":""},{"type":"pause","duration":10},{"type":"keyUp","value":""}]}]}
COMMAND: GET /session/2eef3865f9633c585bb33c6ac0c7be86/screenshot - {}
RESULT: {}
COMMAND: POST /session/2eef3865f9633c585bb33c6ac0c7be86/element - {"using":"xpath","value":"//*[@id=\"application-warehousemovements-display-component---addMovement--saveMovementBtn-BDI-content\" and text()=\"Save\"]"}
RESULT: {"using":"xpath","value":"//*[@id=\"application-warehousemovements-display-component---addMovement--saveMovementBtn-BDI-content\" and text()=\"Save\"]"}
COMMAND: POST /session/2eef3865f9633c585bb33c6ac0c7be86/element/f.38388B4EA542EE9F87EA90A6B1549037.d.66B47A63E5ED059B26D6145FD694CCE5.e.3510/click - {}
RESULT: {}
COMMAND: GET /session/2eef3865f9633c585bb33c6ac0c7be86/screenshot - {}
RESULT: {}
COMMAND: POST /session/2eef3865f9633c585bb33c6ac0c7be86/element - {"using":"css selector","value":"#shell-header-logo"}
RESULT: {"using":"css selector","value":"#shell-header-logo"}
COMMAND: POST /session/2eef3865f9633c585bb33c6ac0c7be86/element/f.38388B4EA542EE9F87EA90A6B1549037.d.66B47A63E5ED059B26D6145FD694CCE5.e.3318/click - {}
RESULT: {}
COMMAND: GET /session/2eef3865f9633c585bb33c6ac0c7be86/screenshot - {}
RESULT: {}
]]></system-out>
    </testcase>
    <testcase classname="chrome.136_0_7103_93.windows.Stock_increase_-_with_WHM_US125587" name="Should do a stock increase handover" time="92.535">
      <system-out><![CDATA[
COMMAND: POST /session/2eef3865f9633c585bb33c6ac0c7be86/execute/async - {"script":"<script> [1562 bytes]","args":[{"selector":{"controlType":"sap.m.GenericTile","properties":{"header":"Manage Handovers"}},"wdio_ui5_key":"sapm.GenericTile{\"header\":\"Manage Handovers\"}"}]}
RESULT: {"script":"<script> [1562 bytes]","args":[{"selector":{"controlType":"sap.m.GenericTile","properties":{"header":"Manage Handovers"}},"wdio_ui5_key":"sapm.GenericTile{\"header\":\"Manage Handovers\"}"}]}
RESULT: undefined
COMMAND: POST /session/2eef3865f9633c585bb33c6ac0c7be86/element - {"using":"xpath","value":"//*[@id=\"__tile133\"]"}
RESULT: {"using":"xpath","value":"//*[@id=\"__tile133\"]"}
COMMAND: POST /session/2eef3865f9633c585bb33c6ac0c7be86/element/f.38388B4EA542EE9F87EA90A6B1549037.d.66B47A63E5ED059B26D6145FD694CCE5.e.213/click - {}
RESULT: {}
COMMAND: GET /session/2eef3865f9633c585bb33c6ac0c7be86/screenshot - {}
RESULT: {}
COMMAND: POST /session/2eef3865f9633c585bb33c6ac0c7be86/elements - {"using":"xpath","value":"//span[text()='Error']"}
RESULT: {"using":"xpath","value":"//span[text()='Error']"}
COMMAND: POST /session/2eef3865f9633c585bb33c6ac0c7be86/element - {"using":"xpath","value":"//button[@data-kt=\"masterHOAddButton\"]"}
RESULT: {"using":"xpath","value":"//button[@data-kt=\"masterHOAddButton\"]"}
COMMAND: POST /session/2eef3865f9633c585bb33c6ac0c7be86/elements - {"using":"xpath","value":"//button[@data-kt=\"masterHOAddButton\"]"}
RESULT: {"using":"xpath","value":"//button[@data-kt=\"masterHOAddButton\"]"}
COMMAND: POST /session/2eef3865f9633c585bb33c6ac0c7be86/execute/sync - {"script":"<script> [8489 bytes]","args":[{"element-6066-11e4-a52e-4f735466cecf":"f.38388B4EA542EE9F87EA90A6B1549037.d.66B47A63E5ED059B26D6145FD694CCE5.e.3619","ELEMENT":"f.38388B4EA542EE9F87EA90A6B1549037.d.66B47A63E5ED059B26D6145FD694CCE5.e.3619"}]}
RESULT: {"script":"<script> [8489 bytes]","args":[{"element-6066-11e4-a52e-4f735466cecf":"f.38388B4EA542EE9F87EA90A6B1549037.d.66B47A63E5ED059B26D6145FD694CCE5.e.3619","ELEMENT":"f.38388B4EA542EE9F87EA90A6B1549037.d.66B47A63E5ED059B26D6145FD694CCE5.e.3619"}]}
COMMAND: GET /session/2eef3865f9633c585bb33c6ac0c7be86/element/f.38388B4EA542EE9F87EA90A6B1549037.d.66B47A63E5ED059B26D6145FD694CCE5.e.3619/enabled - {}
COMMAND: GET /session/2eef3865f9633c585bb33c6ac0c7be86/screenshot - {}
RESULT: {}
COMMAND: POST /session/2eef3865f9633c585bb33c6ac0c7be86/execute/sync - {"script":"<script> [8489 bytes]","args":[{"element-6066-11e4-a52e-4f735466cecf":"f.38388B4EA542EE9F87EA90A6B1549037.d.66B47A63E5ED059B26D6145FD694CCE5.e.3619","ELEMENT":"f.38388B4EA542EE9F87EA90A6B1549037.d.66B47A63E5ED059B26D6145FD694CCE5.e.3619"}]}
COMMAND: GET /session/2eef3865f9633c585bb33c6ac0c7be86/screenshot - {}
RESULT: {}
RESULT: {"script":"<script> [8489 bytes]","args":[{"element-6066-11e4-a52e-4f735466cecf":"f.38388B4EA542EE9F87EA90A6B1549037.d.66B47A63E5ED059B26D6145FD694CCE5.e.3619","ELEMENT":"f.38388B4EA542EE9F87EA90A6B1549037.d.66B47A63E5ED059B26D6145FD694CCE5.e.3619"}]}
COMMAND: POST /session/2eef3865f9633c585bb33c6ac0c7be86/execute/sync - {"script":"<script> [5351 bytes]","args":[{"element-6066-11e4-a52e-4f735466cecf":"f.38388B4EA542EE9F87EA90A6B1549037.d.66B47A63E5ED059B26D6145FD694CCE5.e.3619","ELEMENT":"f.38388B4EA542EE9F87EA90A6B1549037.d.66B47A63E5ED059B26D6145FD694CCE5.e.3619"}]}
COMMAND: GET /session/2eef3865f9633c585bb33c6ac0c7be86/screenshot - {}
RESULT: {}
RESULT: {"script":"<script> [5351 bytes]","args":[{"element-6066-11e4-a52e-4f735466cecf":"f.38388B4EA542EE9F87EA90A6B1549037.d.66B47A63E5ED059B26D6145FD694CCE5.e.3619","ELEMENT":"f.38388B4EA542EE9F87EA90A6B1549037.d.66B47A63E5ED059B26D6145FD694CCE5.e.3619"}]}
COMMAND: POST /session/2eef3865f9633c585bb33c6ac0c7be86/element/f.38388B4EA542EE9F87EA90A6B1549037.d.66B47A63E5ED059B26D6145FD694CCE5.e.3619/click - {}
COMMAND: GET /session/2eef3865f9633c585bb33c6ac0c7be86/screenshot - {}
RESULT: {}
RESULT: {}
COMMAND: GET /session/2eef3865f9633c585bb33c6ac0c7be86/screenshot - {}
COMMAND: POST /session/2eef3865f9633c585bb33c6ac0c7be86/element - {"using":"xpath","value":"//span[contains(@id ,\"AddNewHO--typeSelect-arrow\")]"}
RESULT: {}
RESULT: {}
RESULT: {"using":"xpath","value":"//span[contains(@id ,\"AddNewHO--typeSelect-arrow\")]"}
COMMAND: POST /session/2eef3865f9633c585bb33c6ac0c7be86/element/f.38388B4EA542EE9F87EA90A6B1549037.d.66B47A63E5ED059B26D6145FD694CCE5.e.3954/click - {}
RESULT: {}
COMMAND: GET /session/2eef3865f9633c585bb33c6ac0c7be86/screenshot - {}
RESULT: {}
COMMAND: POST /session/2eef3865f9633c585bb33c6ac0c7be86/element - {"using":"xpath","value":"(//li[contains(text(), \"stock increase yard\")])[1]"}
RESULT: {"using":"xpath","value":"(//li[contains(text(), \"stock increase yard\")])[1]"}
COMMAND: POST /session/2eef3865f9633c585bb33c6ac0c7be86/element/f.38388B4EA542EE9F87EA90A6B1549037.d.66B47A63E5ED059B26D6145FD694CCE5.e.3955/click - {}
RESULT: {}
COMMAND: GET /session/2eef3865f9633c585bb33c6ac0c7be86/screenshot - {}
RESULT: {}
COMMAND: POST /session/2eef3865f9633c585bb33c6ac0c7be86/execute/async - {"script":"<script> [1562 bytes]","args":[{"selector":{"id":"application-managehandovers-display-component---AddNewHO--dueDate","interaction":{"idSuffix":"inner"}},"wdio_ui5_key":"applicationmanagehandovers-display-component---AddNewHO--dueDate"}]}
RESULT: {"script":"<script> [1562 bytes]","args":[{"selector":{"id":"application-managehandovers-display-component---AddNewHO--dueDate","interaction":{"idSuffix":"inner"}},"wdio_ui5_key":"applicationmanagehandovers-display-component---AddNewHO--dueDate"}]}
RESULT: undefined
COMMAND: POST /session/2eef3865f9633c585bb33c6ac0c7be86/execute/async - {"script":"<script> [6424 bytes]","args":[{"element-6066-11e4-a52e-4f735466cecf":"f.38388B4EA542EE9F87EA90A6B1549037.d.66B47A63E5ED059B26D6145FD694CCE5.e.3959"},"setValue",["5/25/25"]]}
RESULT: {"script":"<script> [6424 bytes]","args":[{"element-6066-11e4-a52e-4f735466cecf":"f.38388B4EA542EE9F87EA90A6B1549037.d.66B47A63E5ED059B26D6145FD694CCE5.e.3959"},"setValue",["5/25/25"]]}
COMMAND: POST /session/2eef3865f9633c585bb33c6ac0c7be86/element - {"using":"xpath","value":"//input[@id=\"generalSectionFrg--receiveYard-inner\"]"}
RESULT: {"using":"xpath","value":"//input[@id=\"generalSectionFrg--receiveYard-inner\"]"}
COMMAND: POST /session/2eef3865f9633c585bb33c6ac0c7be86/element/f.38388B4EA542EE9F87EA90A6B1549037.d.66B47A63E5ED059B26D6145FD694CCE5.e.3965/clear - {}
RESULT: {}
COMMAND: POST /session/2eef3865f9633c585bb33c6ac0c7be86/element/f.38388B4EA542EE9F87EA90A6B1549037.d.66B47A63E5ED059B26D6145FD694CCE5.e.3965/value - {"text":"272"}
COMMAND: GET /session/2eef3865f9633c585bb33c6ac0c7be86/screenshot - {}
RESULT: {"text":"272"}
COMMAND: GET /session/2eef3865f9633c585bb33c6ac0c7be86/screenshot - {}
RESULT: {}
RESULT: {}
COMMAND: POST /session/2eef3865f9633c585bb33c6ac0c7be86/element - {"using":"xpath","value":"//li[.//span[text()='272']]"}
RESULT: {"using":"xpath","value":"//li[.//span[text()='272']]"}
COMMAND: POST /session/2eef3865f9633c585bb33c6ac0c7be86/element/f.38388B4EA542EE9F87EA90A6B1549037.d.66B47A63E5ED059B26D6145FD694CCE5.e.3979/click - {}
RESULT: {}
COMMAND: GET /session/2eef3865f9633c585bb33c6ac0c7be86/screenshot - {}
RESULT: {}
COMMAND: POST /session/2eef3865f9633c585bb33c6ac0c7be86/execute/async - {"script":"<script> [1562 bytes]","args":[{"selector":{"id":"application-managehandovers-display-component---AddNewHO--ObjectPageLayout-anchBar-application-managehandovers-display-component---AddNewHO--section4-anchor","interaction":{"idSuffix":"BDI-content"}},"wdio_ui5_key":"applicationmanagehandovers-display-component---AddNewHO--ObjectPageLayout-anchBar-application-managehandovers-display-component---AddNewHO--section4-anchor"}]}
RESULT: {"script":"<script> [1562 bytes]","args":[{"selector":{"id":"application-managehandovers-display-component---AddNewHO--ObjectPageLayout-anchBar-application-managehandovers-display-component---AddNewHO--section4-anchor","interaction":{"idSuffix":"BDI-content"}},"wdio_ui5_key":"applicationmanagehandovers-display-component---AddNewHO--ObjectPageLayout-anchBar-application-managehandovers-display-component---AddNewHO--section4-anchor"}]}
RESULT: undefined
COMMAND: POST /session/2eef3865f9633c585bb33c6ac0c7be86/element - {"using":"xpath","value":"//*[@id=\"application-managehandovers-display-component---AddNewHO--ObjectPageLayout-anchBar-application-managehandovers-display-component---AddNewHO--section4-anchor\"]"}
RESULT: {"using":"xpath","value":"//*[@id=\"application-managehandovers-display-component---AddNewHO--ObjectPageLayout-anchBar-application-managehandovers-display-component---AddNewHO--section4-anchor\"]"}
COMMAND: POST /session/2eef3865f9633c585bb33c6ac0c7be86/element/f.38388B4EA542EE9F87EA90A6B1549037.d.66B47A63E5ED059B26D6145FD694CCE5.e.3981/click - {}
RESULT: {}
COMMAND: POST /session/2eef3865f9633c585bb33c6ac0c7be86/element - {"using":"xpath","value":"//button[@aria-label=\"Add\"]"}
COMMAND: GET /session/2eef3865f9633c585bb33c6ac0c7be86/screenshot - {}
RESULT: {"using":"xpath","value":"//button[@aria-label=\"Add\"]"}
COMMAND: POST /session/2eef3865f9633c585bb33c6ac0c7be86/element/f.38388B4EA542EE9F87EA90A6B1549037.d.66B47A63E5ED059B26D6145FD694CCE5.e.3983/click - {}
RESULT: {}
RESULT: {}
COMMAND: GET /session/2eef3865f9633c585bb33c6ac0c7be86/screenshot - {}
RESULT: {}
COMMAND: POST /session/2eef3865f9633c585bb33c6ac0c7be86/execute/async - {"script":"<script> [1562 bytes]","args":[{"selector":{"id":"application-managehandovers-display-component---AddNewHO--smartFilterBar-btnBasicSearch","searchOpenDialogs":true,"interaction":{"idSuffix":"I"}},"wdio_ui5_key":"applicationmanagehandovers-display-component---AddNewHO--smartFilterBar-btnBasicSearch"}]}
RESULT: {"script":"<script> [1562 bytes]","args":[{"selector":{"id":"application-managehandovers-display-component---AddNewHO--smartFilterBar-btnBasicSearch","searchOpenDialogs":true,"interaction":{"idSuffix":"I"}},"wdio_ui5_key":"applicationmanagehandovers-display-component---AddNewHO--smartFilterBar-btnBasicSearch"}]}
RESULT: undefined
COMMAND: POST /session/2eef3865f9633c585bb33c6ac0c7be86/execute/async - {"script":"<script> [776 bytes]","args":[{"enterText":"200125","selector":{"id":"application-managehandovers-display-component---AddNewHO--smartFilterBar-btnBasicSearch","searchOpenDialogs":true,"interaction":{"idSuffix":"I"}},"clearTextFirst":true,"interactionType":"ENTER_TEXT"}]}
RESULT: {"script":"<script> [776 bytes]","args":[{"enterText":"200125","selector":{"id":"application-managehandovers-display-component---AddNewHO--smartFilterBar-btnBasicSearch","searchOpenDialogs":true,"interaction":{"idSuffix":"I"}},"clearTextFirst":true,"interactionType":"ENTER_TEXT"}]}
COMMAND: POST /session/2eef3865f9633c585bb33c6ac0c7be86/actions - {"actions":[{"id":"action16","type":"key","parameters":{},"actions":[{"type":"keyDown","value":""},{"type":"pause","duration":10},{"type":"keyUp","value":""}]}]}
RESULT: {"actions":[{"id":"action16","type":"key","parameters":{},"actions":[{"type":"keyDown","value":""},{"type":"pause","duration":10},{"type":"keyUp","value":""}]}]}
COMMAND: GET /session/2eef3865f9633c585bb33c6ac0c7be86/screenshot - {}
RESULT: {}
COMMAND: POST /session/2eef3865f9633c585bb33c6ac0c7be86/execute/async - {"script":"<script> [1562 bytes]","args":[{"selector":{"id":"application-managehandovers-display-component---AddNewHO--popup-sa","searchOpenDialogs":true,"interaction":{"idSuffix":"CbBg"}},"wdio_ui5_key":"applicationmanagehandovers-display-component---AddNewHO--popup-sa"}]}
RESULT: {"script":"<script> [1562 bytes]","args":[{"selector":{"id":"application-managehandovers-display-component---AddNewHO--popup-sa","searchOpenDialogs":true,"interaction":{"idSuffix":"CbBg"}},"wdio_ui5_key":"applicationmanagehandovers-display-component---AddNewHO--popup-sa"}]}
RESULT: undefined
COMMAND: POST /session/2eef3865f9633c585bb33c6ac0c7be86/element - {"using":"xpath","value":"//*[@id=\"application-managehandovers-display-component---AddNewHO--popup-sa\"]"}
RESULT: {"using":"xpath","value":"//*[@id=\"application-managehandovers-display-component---AddNewHO--popup-sa\"]"}
COMMAND: POST /session/2eef3865f9633c585bb33c6ac0c7be86/element/f.38388B4EA542EE9F87EA90A6B1549037.d.66B47A63E5ED059B26D6145FD694CCE5.e.4138/click - {}
RESULT: {}
COMMAND: GET /session/2eef3865f9633c585bb33c6ac0c7be86/screenshot - {}
RESULT: {}
COMMAND: POST /session/2eef3865f9633c585bb33c6ac0c7be86/element - {"using":"xpath","value":"//bdi[contains(text(), \"Select\")]"}
RESULT: {"using":"xpath","value":"//bdi[contains(text(), \"Select\")]"}
COMMAND: POST /session/2eef3865f9633c585bb33c6ac0c7be86/element/f.38388B4EA542EE9F87EA90A6B1549037.d.66B47A63E5ED059B26D6145FD694CCE5.e.4139/click - {}
RESULT: {}
COMMAND: GET /session/2eef3865f9633c585bb33c6ac0c7be86/screenshot - {}
RESULT: {}
COMMAND: POST /session/2eef3865f9633c585bb33c6ac0c7be86/element - {"using":"xpath","value":"//button[@data-kt=\"AddNewHOSaveButton\"]"}
RESULT: {"using":"xpath","value":"//button[@data-kt=\"AddNewHOSaveButton\"]"}
COMMAND: POST /session/2eef3865f9633c585bb33c6ac0c7be86/element/f.38388B4EA542EE9F87EA90A6B1549037.d.66B47A63E5ED059B26D6145FD694CCE5.e.4143/click - {}
RESULT: {}
COMMAND: GET /session/2eef3865f9633c585bb33c6ac0c7be86/screenshot - {}
RESULT: {}
COMMAND: POST /session/2eef3865f9633c585bb33c6ac0c7be86/execute/async - {"script":"<script> [1562 bytes]","args":[{"selector":{"id":"receiptDatePicker","viewName":"etm.portal.ui.managehandovers.view.DetailExecuteHO","interaction":{"idSuffix":"inner"}},"wdio_ui5_key":"receiptDatePickeretmportal.ui.managehandovers.view.DetailExecuteHO"}]}
RESULT: {"script":"<script> [1562 bytes]","args":[{"selector":{"id":"receiptDatePicker","viewName":"etm.portal.ui.managehandovers.view.DetailExecuteHO","interaction":{"idSuffix":"inner"}},"wdio_ui5_key":"receiptDatePickeretmportal.ui.managehandovers.view.DetailExecuteHO"}]}
RESULT: undefined
COMMAND: POST /session/2eef3865f9633c585bb33c6ac0c7be86/execute/async - {"script":"<script> [6424 bytes]","args":[{"element-6066-11e4-a52e-4f735466cecf":"f.38388B4EA542EE9F87EA90A6B1549037.d.66B47A63E5ED059B26D6145FD694CCE5.e.4172"},"setValue",["5/25/25"]]}
RESULT: {"script":"<script> [6424 bytes]","args":[{"element-6066-11e4-a52e-4f735466cecf":"f.38388B4EA542EE9F87EA90A6B1549037.d.66B47A63E5ED059B26D6145FD694CCE5.e.4172"},"setValue",["5/25/25"]]}
COMMAND: POST /session/2eef3865f9633c585bb33c6ac0c7be86/element - {"using":"xpath","value":"//button[@data-kt=\"ReceivingTableConfirmAllButton\"]"}
RESULT: {"using":"xpath","value":"//button[@data-kt=\"ReceivingTableConfirmAllButton\"]"}
COMMAND: POST /session/2eef3865f9633c585bb33c6ac0c7be86/element/f.38388B4EA542EE9F87EA90A6B1549037.d.66B47A63E5ED059B26D6145FD694CCE5.e.4189/click - {}
RESULT: {}
COMMAND: GET /session/2eef3865f9633c585bb33c6ac0c7be86/screenshot - {}
RESULT: {}
COMMAND: POST /session/2eef3865f9633c585bb33c6ac0c7be86/element - {"using":"xpath","value":"//bdi[contains(text(), \"OK\")]"}
RESULT: {"using":"xpath","value":"//bdi[contains(text(), \"OK\")]"}
COMMAND: POST /session/2eef3865f9633c585bb33c6ac0c7be86/element/f.38388B4EA542EE9F87EA90A6B1549037.d.66B47A63E5ED059B26D6145FD694CCE5.e.4191/click - {}
RESULT: {}
COMMAND: GET /session/2eef3865f9633c585bb33c6ac0c7be86/screenshot - {}
RESULT: {}
COMMAND: POST /session/2eef3865f9633c585bb33c6ac0c7be86/element - {"using":"xpath","value":"(//bdi[contains(text(), \"Receive\")])[2]"}
RESULT: {"using":"xpath","value":"(//bdi[contains(text(), \"Receive\")])[2]"}
COMMAND: POST /session/2eef3865f9633c585bb33c6ac0c7be86/element/f.38388B4EA542EE9F87EA90A6B1549037.d.66B47A63E5ED059B26D6145FD694CCE5.e.4193/click - {}
RESULT: {}
COMMAND: GET /session/2eef3865f9633c585bb33c6ac0c7be86/screenshot - {}
RESULT: {}
COMMAND: POST /session/2eef3865f9633c585bb33c6ac0c7be86/element - {"using":"css selector","value":"#shell-header-logo"}
RESULT: {"using":"css selector","value":"#shell-header-logo"}
COMMAND: POST /session/2eef3865f9633c585bb33c6ac0c7be86/element/f.38388B4EA542EE9F87EA90A6B1549037.d.66B47A63E5ED059B26D6145FD694CCE5.e.3580/click - {}
RESULT: {}
COMMAND: GET /session/2eef3865f9633c585bb33c6ac0c7be86/screenshot - {}
RESULT: {}
COMMAND: POST /session/2eef3865f9633c585bb33c6ac0c7be86/element - {"using":"css selector","value":"#j_username"}
COMMAND: POST /session/2eef3865f9633c585bb33c6ac0c7be86/url - {"url":"https://qa-testing-00-live-etm-ui.cfapps.eu10-004.hana.ondemand.com/"}
RESULT: {"using":"css selector","value":"#j_username"}
COMMAND: POST /session/2eef3865f9633c585bb33c6ac0c7be86/element - {"using":"css selector","value":"#j_username"}
RESULT: {"url":"https://qa-testing-00-live-etm-ui.cfapps.eu10-004.hana.ondemand.com/"}
RESULT: undefined
COMMAND: GET /session/2eef3865f9633c585bb33c6ac0c7be86/screenshot - {}
RESULT: {"using":"css selector","value":"#j_username"}
COMMAND: POST /session/2eef3865f9633c585bb33c6ac0c7be86/element - {"using":"css selector","value":"#shell-header-logo"}
RESULT: {}
RESULT: {"using":"css selector","value":"#shell-header-logo"}
COMMAND: POST /session/2eef3865f9633c585bb33c6ac0c7be86/execute/sync - {"script":"<script> [8489 bytes]","args":[{"element-6066-11e4-a52e-4f735466cecf":"f.38388B4EA542EE9F87EA90A6B1549037.d.1FA10AE6D8AC64AFCE90169251320AB2.e.4494","ELEMENT":"f.38388B4EA542EE9F87EA90A6B1549037.d.1FA10AE6D8AC64AFCE90169251320AB2.e.4494"}]}
RESULT: {"script":"<script> [8489 bytes]","args":[{"element-6066-11e4-a52e-4f735466cecf":"f.38388B4EA542EE9F87EA90A6B1549037.d.1FA10AE6D8AC64AFCE90169251320AB2.e.4494","ELEMENT":"f.38388B4EA542EE9F87EA90A6B1549037.d.1FA10AE6D8AC64AFCE90169251320AB2.e.4494"}]}
COMMAND: POST /session/2eef3865f9633c585bb33c6ac0c7be86/element - {"using":"css selector","value":"#shell-header-logo"}
COMMAND: GET /session/2eef3865f9633c585bb33c6ac0c7be86/screenshot - {}
RESULT: {"using":"css selector","value":"#shell-header-logo"}
COMMAND: POST /session/2eef3865f9633c585bb33c6ac0c7be86/execute/sync - {"script":"<script> [8489 bytes]","args":[{"element-6066-11e4-a52e-4f735466cecf":"f.38388B4EA542EE9F87EA90A6B1549037.d.1FA10AE6D8AC64AFCE90169251320AB2.e.4494","ELEMENT":"f.38388B4EA542EE9F87EA90A6B1549037.d.1FA10AE6D8AC64AFCE90169251320AB2.e.4494"}]}
RESULT: {}
RESULT: {"script":"<script> [8489 bytes]","args":[{"element-6066-11e4-a52e-4f735466cecf":"f.38388B4EA542EE9F87EA90A6B1549037.d.1FA10AE6D8AC64AFCE90169251320AB2.e.4494","ELEMENT":"f.38388B4EA542EE9F87EA90A6B1549037.d.1FA10AE6D8AC64AFCE90169251320AB2.e.4494"}]}
COMMAND: POST /session/2eef3865f9633c585bb33c6ac0c7be86/execute/sync - {"script":"<script> [5351 bytes]","args":[{"element-6066-11e4-a52e-4f735466cecf":"f.38388B4EA542EE9F87EA90A6B1549037.d.1FA10AE6D8AC64AFCE90169251320AB2.e.4494","ELEMENT":"f.38388B4EA542EE9F87EA90A6B1549037.d.1FA10AE6D8AC64AFCE90169251320AB2.e.4494"}]}
COMMAND: GET /session/2eef3865f9633c585bb33c6ac0c7be86/screenshot - {}
RESULT: {"script":"<script> [5351 bytes]","args":[{"element-6066-11e4-a52e-4f735466cecf":"f.38388B4EA542EE9F87EA90A6B1549037.d.1FA10AE6D8AC64AFCE90169251320AB2.e.4494","ELEMENT":"f.38388B4EA542EE9F87EA90A6B1549037.d.1FA10AE6D8AC64AFCE90169251320AB2.e.4494"}]}
COMMAND: POST /session/2eef3865f9633c585bb33c6ac0c7be86/element - {"using":"css selector","value":"#shell-header-logo"}
COMMAND: GET /session/2eef3865f9633c585bb33c6ac0c7be86/screenshot - {}
RESULT: {}
RESULT: {"using":"css selector","value":"#shell-header-logo"}
COMMAND: POST /session/2eef3865f9633c585bb33c6ac0c7be86/element/f.38388B4EA542EE9F87EA90A6B1549037.d.1FA10AE6D8AC64AFCE90169251320AB2.e.4494/click - {}
RESULT: {}
RESULT: {}
COMMAND: GET /session/2eef3865f9633c585bb33c6ac0c7be86/screenshot - {}
RESULT: {}
COMMAND: POST /session/2eef3865f9633c585bb33c6ac0c7be86/execute/async - {"script":"<script> [189 bytes]","args":[]}
RESULT: {"script":"<script> [189 bytes]","args":[]}
COMMAND: POST /session/2eef3865f9633c585bb33c6ac0c7be86/execute/async - {"script":"<script> [123 bytes]","args":[]}
RESULT: {"script":"<script> [123 bytes]","args":[]}
COMMAND: POST /session/2eef3865f9633c585bb33c6ac0c7be86/timeouts - {"script":"<number>"}
RESULT: {"script":"<number>"}
COMMAND: GET /session/2eef3865f9633c585bb33c6ac0c7be86/timeouts - {}
RESULT: {}
RESULT: undefined
COMMAND: POST /session/2eef3865f9633c585bb33c6ac0c7be86/execute/async - {"script":"<script> [2676 bytes]","args":[]}
RESULT: {"script":"<script> [2676 bytes]","args":[]}
COMMAND: POST /session/2eef3865f9633c585bb33c6ac0c7be86/execute/async - {"script":"<script> [2342 bytes]","args":[{"protocol":"http","hostname":"0.0.0.0","path":"/","capabilities":{"browserName":"chrome","goog:chromeOptions":{"binary":"C:\\Program Files\\Google\\Chrome\\Application\\chrome.exe","args":["--start-maximized"]}},"logLevel":"warn","connectionRetryTimeout":120000,"connectionRetryCount":3,"logLevels":{},"enableDirectConnect":true,"strictSSL":true,"_":"65 more keys: [\"cacheDir\",\"port\",\"requestedCapabilities\",\"automationProtocol\",\"baseUrl\",\"waitforInterval\",\"waitforTimeout\",\"onReload\",\"beforeCommand\",\"afterCommand\",\"rootDir\",\"specs\",\"suites\",\"exclude\",\"groupLogsByTestSpec\",\"excludeDriverLogs\",\"bail\",\"framework\",\"reporters\",\"services\",\"maxInstances\",\"maxInstancesPerCapability\",\"injectGlobals\",\"filesToWatch\",\"execArgv\",\"runnerEnv\",\"runner\",\"shard\",\"specFileRetries\",\"specFileRetriesDelay\",\"specFileRetriesDeferred\",\"reporterSyncInterval\",\"reporterSyncTimeout\",\"cucumberFeaturesWithLineNumbers\",\"autoCompileOpts\",\"mochaOpts\",\"jasmineOpts\",\"cucumberOpts\",\"onPrepare\",\"onWorkerStart\",\"onWorkerEnd\",\"before\",\"beforeSession\",\"beforeSuite\",\"beforeHook\",\"beforeTest\",\"afterTest\",\"afterHook\",\"afterSuite\",\"afterSession\",\"after\",\"onComplete\",\"beforeAssertion\",\"afterAssertion\",\"beforeFeature\",\"beforeScenario\",\"beforeStep\",\"afterStep\",\"afterScenario\",\"afterFeature\",\"_\",\"suite\",\"$0\",\"ignoredWorkerServices\",\"wdi5\"]"}]}
RESULT: {"script":"<script> [2342 bytes]","args":[{"protocol":"http","hostname":"0.0.0.0","path":"/","capabilities":{"browserName":"chrome","goog:chromeOptions":{"binary":"C:\\Program Files\\Google\\Chrome\\Application\\chrome.exe","args":["--start-maximized"]}},"logLevel":"warn","connectionRetryTimeout":120000,"connectionRetryCount":3,"logLevels":{},"enableDirectConnect":true,"strictSSL":true,"_":"65 more keys: [\"cacheDir\",\"port\",\"requestedCapabilities\",\"automationProtocol\",\"baseUrl\",\"waitforInterval\",\"waitforTimeout\",\"onReload\",\"beforeCommand\",\"afterCommand\",\"rootDir\",\"specs\",\"suites\",\"exclude\",\"groupLogsByTestSpec\",\"excludeDriverLogs\",\"bail\",\"framework\",\"reporters\",\"services\",\"maxInstances\",\"maxInstancesPerCapability\",\"injectGlobals\",\"filesToWatch\",\"execArgv\",\"runnerEnv\",\"runner\",\"shard\",\"specFileRetries\",\"specFileRetriesDelay\",\"specFileRetriesDeferred\",\"reporterSyncInterval\",\"reporterSyncTimeout\",\"cucumberFeaturesWithLineNumbers\",\"autoCompileOpts\",\"mochaOpts\",\"jasmineOpts\",\"cucumberOpts\",\"onPrepare\",\"onWorkerStart\",\"onWorkerEnd\",\"before\",\"beforeSession\",\"beforeSuite\",\"beforeHook\",\"beforeTest\",\"afterTest\",\"afterHook\",\"afterSuite\",\"afterSession\",\"after\",\"onComplete\",\"beforeAssertion\",\"afterAssertion\",\"beforeFeature\",\"beforeScenario\",\"beforeStep\",\"afterStep\",\"afterScenario\",\"afterFeature\",\"_\",\"suite\",\"$0\",\"ignoredWorkerServices\",\"wdi5\"]"}]}
COMMAND: POST /session/2eef3865f9633c585bb33c6ac0c7be86/execute/async - {"script":"<script> [21126 bytes]","args":[35000]}
RESULT: {"script":"<script> [21126 bytes]","args":[35000]}
COMMAND: POST /session/2eef3865f9633c585bb33c6ac0c7be86/window/maximize - {}
RESULT: {}
COMMAND: POST /session/2eef3865f9633c585bb33c6ac0c7be86/execute/async - {"script":"<script> [1562 bytes]","args":[{"selector":{"id":"shell-header","interaction":{"idSuffix":"icon"}},"wdio_ui5_key":"shellheader"}]}
COMMAND: GET /session/2eef3865f9633c585bb33c6ac0c7be86/screenshot - {}
RESULT: {"script":"<script> [1562 bytes]","args":[{"selector":{"id":"shell-header","interaction":{"idSuffix":"icon"}},"wdio_ui5_key":"shellheader"}]}
RESULT: undefined
COMMAND: POST /session/2eef3865f9633c585bb33c6ac0c7be86/window/fullscreen - {}
RESULT: {}
RESULT: {}
]]></system-out>
    </testcase>
  </testsuite>
  <testsuite timestamp="2025-05-25T16:31:00" time="141.263" tests="6" failures="0" errors="0" skipped="0">
    <properties>
      <property name="specId" value="0"/>
      <property name="suiteName" value="Provide to Site w/ warehouse management w/ clarification US115878"/>
      <property name="capabilities" value="chrome.136_0_7103_93.windows"/>
      <property name="file" value="file:///D:/a/1/s/test/specs/HTR/provide-to-site-w-warehouse-w-clarification.spec.js"/>
    </properties>
    <testcase classname="chrome.136_0_7103_93.windows.Provide_to_Site_w/_warehouse_management_w/_clarification_US115878" name="Should create a new WHM yard" time="0.014">
      <system-out><![CDATA[
COMMAND: POST /session/2eef3865f9633c585bb33c6ac0c7be86/window/fullscreen - {}
RESULT: {}
]]></system-out>
    </testcase>
    <testcase classname="chrome.136_0_7103_93.windows.Provide_to_Site_w/_warehouse_management_w/_clarification_US115878" name="Should create a new external WHM partner" time="0.005"/>
    <testcase classname="chrome.136_0_7103_93.windows.Provide_to_Site_w/_warehouse_management_w/_clarification_US115878" name="Should create a new WHM site" time="0.004"/>
    <testcase classname="chrome.136_0_7103_93.windows.Provide_to_Site_w/_warehouse_management_w/_clarification_US115878" name="Should create a new material" time="122.855">
      <system-out><![CDATA[
COMMAND: POST /session/2eef3865f9633c585bb33c6ac0c7be86/execute/async - {"script":"<script> [1562 bytes]","args":[{"selector":{"controlType":"sap.m.GenericTile","properties":{"header":"Manage Resources"}},"wdio_ui5_key":"sapm.GenericTile{\"header\":\"Manage Resources\"}"}]}
RESULT: {"script":"<script> [1562 bytes]","args":[{"selector":{"controlType":"sap.m.GenericTile","properties":{"header":"Manage Resources"}},"wdio_ui5_key":"sapm.GenericTile{\"header\":\"Manage Resources\"}"}]}
RESULT: undefined
COMMAND: POST /session/2eef3865f9633c585bb33c6ac0c7be86/element - {"using":"xpath","value":"//*[@id=\"__tile31\"]"}
RESULT: {"using":"xpath","value":"//*[@id=\"__tile31\"]"}
COMMAND: POST /session/2eef3865f9633c585bb33c6ac0c7be86/element/f.38388B4EA542EE9F87EA90A6B1549037.d.1FA10AE6D8AC64AFCE90169251320AB2.e.4512/click - {}
RESULT: {}
COMMAND: GET /session/2eef3865f9633c585bb33c6ac0c7be86/screenshot - {}
COMMAND: POST /session/2eef3865f9633c585bb33c6ac0c7be86/elements - {"using":"xpath","value":"//span[text()='Error']"}
RESULT: {}
RESULT: {"using":"xpath","value":"//span[text()='Error']"}
COMMAND: POST /session/2eef3865f9633c585bb33c6ac0c7be86/element - {"using":"xpath","value":"//button[@data-kt=\"addNewRUOverflowToolbarButton\"]"}
RESULT: {"using":"xpath","value":"//button[@data-kt=\"addNewRUOverflowToolbarButton\"]"}
COMMAND: POST /session/2eef3865f9633c585bb33c6ac0c7be86/elements - {"using":"xpath","value":"//button[@data-kt=\"addNewRUOverflowToolbarButton\"]"}
RESULT: {"using":"xpath","value":"//button[@data-kt=\"addNewRUOverflowToolbarButton\"]"}
COMMAND: POST /session/2eef3865f9633c585bb33c6ac0c7be86/execute/sync - {"script":"<script> [8489 bytes]","args":[{"element-6066-11e4-a52e-4f735466cecf":"f.38388B4EA542EE9F87EA90A6B1549037.d.1FA10AE6D8AC64AFCE90169251320AB2.e.4651","ELEMENT":"f.38388B4EA542EE9F87EA90A6B1549037.d.1FA10AE6D8AC64AFCE90169251320AB2.e.4651"}]}
RESULT: {"script":"<script> [8489 bytes]","args":[{"element-6066-11e4-a52e-4f735466cecf":"f.38388B4EA542EE9F87EA90A6B1549037.d.1FA10AE6D8AC64AFCE90169251320AB2.e.4651","ELEMENT":"f.38388B4EA542EE9F87EA90A6B1549037.d.1FA10AE6D8AC64AFCE90169251320AB2.e.4651"}]}
COMMAND: GET /session/2eef3865f9633c585bb33c6ac0c7be86/element/f.38388B4EA542EE9F87EA90A6B1549037.d.1FA10AE6D8AC64AFCE90169251320AB2.e.4651/enabled - {}
COMMAND: GET /session/2eef3865f9633c585bb33c6ac0c7be86/screenshot - {}
RESULT: {}
COMMAND: POST /session/2eef3865f9633c585bb33c6ac0c7be86/execute/sync - {"script":"<script> [8489 bytes]","args":[{"element-6066-11e4-a52e-4f735466cecf":"f.38388B4EA542EE9F87EA90A6B1549037.d.1FA10AE6D8AC64AFCE90169251320AB2.e.4651","ELEMENT":"f.38388B4EA542EE9F87EA90A6B1549037.d.1FA10AE6D8AC64AFCE90169251320AB2.e.4651"}]}
COMMAND: GET /session/2eef3865f9633c585bb33c6ac0c7be86/screenshot - {}
RESULT: {}
RESULT: {"script":"<script> [8489 bytes]","args":[{"element-6066-11e4-a52e-4f735466cecf":"f.38388B4EA542EE9F87EA90A6B1549037.d.1FA10AE6D8AC64AFCE90169251320AB2.e.4651","ELEMENT":"f.38388B4EA542EE9F87EA90A6B1549037.d.1FA10AE6D8AC64AFCE90169251320AB2.e.4651"}]}
COMMAND: POST /session/2eef3865f9633c585bb33c6ac0c7be86/execute/sync - {"script":"<script> [5351 bytes]","args":[{"element-6066-11e4-a52e-4f735466cecf":"f.38388B4EA542EE9F87EA90A6B1549037.d.1FA10AE6D8AC64AFCE90169251320AB2.e.4651","ELEMENT":"f.38388B4EA542EE9F87EA90A6B1549037.d.1FA10AE6D8AC64AFCE90169251320AB2.e.4651"}]}
COMMAND: GET /session/2eef3865f9633c585bb33c6ac0c7be86/screenshot - {}
RESULT: {}
RESULT: {"script":"<script> [5351 bytes]","args":[{"element-6066-11e4-a52e-4f735466cecf":"f.38388B4EA542EE9F87EA90A6B1549037.d.1FA10AE6D8AC64AFCE90169251320AB2.e.4651","ELEMENT":"f.38388B4EA542EE9F87EA90A6B1549037.d.1FA10AE6D8AC64AFCE90169251320AB2.e.4651"}]}
COMMAND: POST /session/2eef3865f9633c585bb33c6ac0c7be86/element/f.38388B4EA542EE9F87EA90A6B1549037.d.1FA10AE6D8AC64AFCE90169251320AB2.e.4651/click - {}
COMMAND: GET /session/2eef3865f9633c585bb33c6ac0c7be86/screenshot - {}
RESULT: {}
RESULT: {}
COMMAND: GET /session/2eef3865f9633c585bb33c6ac0c7be86/screenshot - {}
COMMAND: POST /session/2eef3865f9633c585bb33c6ac0c7be86/execute/async - {"script":"<script> [1562 bytes]","args":[{"selector":{"id":"application-manageresources-display-component---newResourceUnit--TYPE-arrow"},"wdio_ui5_key":"applicationmanageresources-display-component---newResourceUnit--TYPE-arrow"}]}
RESULT: {}
RESULT: {}
RESULT: {"script":"<script> [1562 bytes]","args":[{"selector":{"id":"application-manageresources-display-component---newResourceUnit--TYPE-arrow"},"wdio_ui5_key":"applicationmanageresources-display-component---newResourceUnit--TYPE-arrow"}]}
RESULT: undefined
COMMAND: POST /session/2eef3865f9633c585bb33c6ac0c7be86/element - {"using":"xpath","value":"//*[@id=\"application-manageresources-display-component---newResourceUnit--TYPE-arrow\"]"}
RESULT: {"using":"xpath","value":"//*[@id=\"application-manageresources-display-component---newResourceUnit--TYPE-arrow\"]"}
COMMAND: POST /session/2eef3865f9633c585bb33c6ac0c7be86/element/f.38388B4EA542EE9F87EA90A6B1549037.d.1FA10AE6D8AC64AFCE90169251320AB2.e.5001/click - {}
RESULT: {}
COMMAND: POST /session/2eef3865f9633c585bb33c6ac0c7be86/element - {"using":"xpath","value":"//input[@id=\"application-manageresources-display-component---newResourceUnit--TYPE-inner\"]"}
COMMAND: GET /session/2eef3865f9633c585bb33c6ac0c7be86/screenshot - {}
RESULT: {"using":"xpath","value":"//input[@id=\"application-manageresources-display-component---newResourceUnit--TYPE-inner\"]"}
COMMAND: POST /session/2eef3865f9633c585bb33c6ac0c7be86/element/f.38388B4EA542EE9F87EA90A6B1549037.d.1FA10AE6D8AC64AFCE90169251320AB2.e.4995/clear - {}
RESULT: {}
RESULT: {}
COMMAND: POST /session/2eef3865f9633c585bb33c6ac0c7be86/element/f.38388B4EA542EE9F87EA90A6B1549037.d.1FA10AE6D8AC64AFCE90169251320AB2.e.4995/value - {"text":"Material"}
COMMAND: GET /session/2eef3865f9633c585bb33c6ac0c7be86/screenshot - {}
RESULT: {"text":"Material"}
COMMAND: GET /session/2eef3865f9633c585bb33c6ac0c7be86/screenshot - {}
RESULT: {}
RESULT: {}
COMMAND: POST /session/2eef3865f9633c585bb33c6ac0c7be86/actions - {"actions":[{"id":"action17","type":"key","parameters":{},"actions":[{"type":"keyDown","value":""},{"type":"pause","duration":10},{"type":"keyUp","value":""}]}]}
RESULT: {"actions":[{"id":"action17","type":"key","parameters":{},"actions":[{"type":"keyDown","value":""},{"type":"pause","duration":10},{"type":"keyUp","value":""}]}]}
COMMAND: POST /session/2eef3865f9633c585bb33c6ac0c7be86/execute/async - {"script":"<script> [1562 bytes]","args":[{"selector":{"id":"application-manageresources-display-component---newResourceUnit--SHORT_TEXT","interaction":{"idSuffix":"inner"}},"wdio_ui5_key":"applicationmanageresources-display-component---newResourceUnit--SHORT_TEXT"}]}
COMMAND: GET /session/2eef3865f9633c585bb33c6ac0c7be86/screenshot - {}
RESULT: {"script":"<script> [1562 bytes]","args":[{"selector":{"id":"application-manageresources-display-component---newResourceUnit--SHORT_TEXT","interaction":{"idSuffix":"inner"}},"wdio_ui5_key":"applicationmanageresources-display-component---newResourceUnit--SHORT_TEXT"}]}
RESULT: undefined
COMMAND: POST /session/2eef3865f9633c585bb33c6ac0c7be86/execute/async - {"script":"<script> [776 bytes]","args":[{"enterText":"Cement WDIO","selector":{"id":"application-manageresources-display-component---newResourceUnit--SHORT_TEXT","interaction":{"idSuffix":"inner"}},"clearTextFirst":true,"interactionType":"ENTER_TEXT"}]}
RESULT: {}
RESULT: {"script":"<script> [776 bytes]","args":[{"enterText":"Cement WDIO","selector":{"id":"application-manageresources-display-component---newResourceUnit--SHORT_TEXT","interaction":{"idSuffix":"inner"}},"clearTextFirst":true,"interactionType":"ENTER_TEXT"}]}
COMMAND: POST /session/2eef3865f9633c585bb33c6ac0c7be86/execute/async - {"script":"<script> [1562 bytes]","args":[{"selector":{"id":"application-manageresources-display-component---newResourceUnit--BASE_UNIT_OF_MEASURE","interaction":{"idSuffix":"inner"}},"wdio_ui5_key":"applicationmanageresources-display-component---newResourceUnit--BASE_UNIT_OF_MEASURE"}]}
RESULT: {"script":"<script> [1562 bytes]","args":[{"selector":{"id":"application-manageresources-display-component---newResourceUnit--BASE_UNIT_OF_MEASURE","interaction":{"idSuffix":"inner"}},"wdio_ui5_key":"applicationmanageresources-display-component---newResourceUnit--BASE_UNIT_OF_MEASURE"}]}
RESULT: undefined
COMMAND: POST /session/2eef3865f9633c585bb33c6ac0c7be86/execute/async - {"script":"<script> [776 bytes]","args":[{"enterText":"Piece","selector":{"id":"application-manageresources-display-component---newResourceUnit--BASE_UNIT_OF_MEASURE","interaction":{"idSuffix":"inner"}},"clearTextFirst":true,"interactionType":"ENTER_TEXT"}]}
RESULT: {"script":"<script> [776 bytes]","args":[{"enterText":"Piece","selector":{"id":"application-manageresources-display-component---newResourceUnit--BASE_UNIT_OF_MEASURE","interaction":{"idSuffix":"inner"}},"clearTextFirst":true,"interactionType":"ENTER_TEXT"}]}
COMMAND: POST /session/2eef3865f9633c585bb33c6ac0c7be86/execute/async - {"script":"<script> [1562 bytes]","args":[{"selector":{"id":"application-manageresources-display-component---newResourceUnit--WEIGHT_UNIT","interaction":{"idSuffix":"inner"}},"wdio_ui5_key":"applicationmanageresources-display-component---newResourceUnit--WEIGHT_UNIT"}]}
RESULT: {"script":"<script> [1562 bytes]","args":[{"selector":{"id":"application-manageresources-display-component---newResourceUnit--WEIGHT_UNIT","interaction":{"idSuffix":"inner"}},"wdio_ui5_key":"applicationmanageresources-display-component---newResourceUnit--WEIGHT_UNIT"}]}
RESULT: undefined
COMMAND: POST /session/2eef3865f9633c585bb33c6ac0c7be86/execute/async - {"script":"<script> [776 bytes]","args":[{"enterText":"Gram","selector":{"id":"application-manageresources-display-component---newResourceUnit--WEIGHT_UNIT","interaction":{"idSuffix":"inner"}},"clearTextFirst":true,"interactionType":"ENTER_TEXT"}]}
RESULT: {"script":"<script> [776 bytes]","args":[{"enterText":"Gram","selector":{"id":"application-manageresources-display-component---newResourceUnit--WEIGHT_UNIT","interaction":{"idSuffix":"inner"}},"clearTextFirst":true,"interactionType":"ENTER_TEXT"}]}
COMMAND: POST /session/2eef3865f9633c585bb33c6ac0c7be86/execute/async - {"script":"<script> [1562 bytes]","args":[{"selector":{"id":"application-manageresources-display-component---newResourceUnit--DIMENSION_UNIT","interaction":{"idSuffix":"inner"}},"wdio_ui5_key":"applicationmanageresources-display-component---newResourceUnit--DIMENSION_UNIT"}]}
RESULT: {"script":"<script> [1562 bytes]","args":[{"selector":{"id":"application-manageresources-display-component---newResourceUnit--DIMENSION_UNIT","interaction":{"idSuffix":"inner"}},"wdio_ui5_key":"applicationmanageresources-display-component---newResourceUnit--DIMENSION_UNIT"}]}
RESULT: undefined
COMMAND: POST /session/2eef3865f9633c585bb33c6ac0c7be86/execute/async - {"script":"<script> [776 bytes]","args":[{"enterText":"Meter","selector":{"id":"application-manageresources-display-component---newResourceUnit--DIMENSION_UNIT","interaction":{"idSuffix":"inner"}},"clearTextFirst":true,"interactionType":"ENTER_TEXT"}]}
RESULT: {"script":"<script> [776 bytes]","args":[{"enterText":"Meter","selector":{"id":"application-manageresources-display-component---newResourceUnit--DIMENSION_UNIT","interaction":{"idSuffix":"inner"}},"clearTextFirst":true,"interactionType":"ENTER_TEXT"}]}
COMMAND: POST /session/2eef3865f9633c585bb33c6ac0c7be86/execute/async - {"script":"<script> [1562 bytes]","args":[{"selector":{"id":"application-manageresources-display-component---newResourceUnit--newRRUPage-anchBar-application-manageresources-display-component---newResourceUnit--control-anchor","interaction":{"idSuffix":"BDI-content"}},"wdio_ui5_key":"applicationmanageresources-display-component---newResourceUnit--newRRUPage-anchBar-application-manageresources-display-component---newResourceUnit--control-anchor"}]}
RESULT: {"script":"<script> [1562 bytes]","args":[{"selector":{"id":"application-manageresources-display-component---newResourceUnit--newRRUPage-anchBar-application-manageresources-display-component---newResourceUnit--control-anchor","interaction":{"idSuffix":"BDI-content"}},"wdio_ui5_key":"applicationmanageresources-display-component---newResourceUnit--newRRUPage-anchBar-application-manageresources-display-component---newResourceUnit--control-anchor"}]}
RESULT: undefined
COMMAND: POST /session/2eef3865f9633c585bb33c6ac0c7be86/element - {"using":"xpath","value":"//*[@id=\"application-manageresources-display-component---newResourceUnit--newRRUPage-anchBar-application-manageresources-display-component---newResourceUnit--control-anchor\"]"}
RESULT: {"using":"xpath","value":"//*[@id=\"application-manageresources-display-component---newResourceUnit--newRRUPage-anchBar-application-manageresources-display-component---newResourceUnit--control-anchor\"]"}
COMMAND: POST /session/2eef3865f9633c585bb33c6ac0c7be86/element/f.38388B4EA542EE9F87EA90A6B1549037.d.1FA10AE6D8AC64AFCE90169251320AB2.e.5133/click - {}
RESULT: {}
COMMAND: POST /session/2eef3865f9633c585bb33c6ac0c7be86/execute/async - {"script":"<script> [1562 bytes]","args":[{"selector":{"id":"application-manageresources-display-component---newResourceUnit--PLANNING_GROUP","interaction":{"idSuffix":"inner"}},"wdio_ui5_key":"applicationmanageresources-display-component---newResourceUnit--PLANNING_GROUP"}]}
COMMAND: GET /session/2eef3865f9633c585bb33c6ac0c7be86/screenshot - {}
RESULT: {"script":"<script> [1562 bytes]","args":[{"selector":{"id":"application-manageresources-display-component---newResourceUnit--PLANNING_GROUP","interaction":{"idSuffix":"inner"}},"wdio_ui5_key":"applicationmanageresources-display-component---newResourceUnit--PLANNING_GROUP"}]}
RESULT: undefined
COMMAND: POST /session/2eef3865f9633c585bb33c6ac0c7be86/execute/async - {"script":"<script> [776 bytes]","args":[{"enterText":"Material","selector":{"id":"application-manageresources-display-component---newResourceUnit--PLANNING_GROUP","interaction":{"idSuffix":"inner"}},"clearTextFirst":true,"interactionType":"ENTER_TEXT"}]}
RESULT: {}
RESULT: {"script":"<script> [776 bytes]","args":[{"enterText":"Material","selector":{"id":"application-manageresources-display-component---newResourceUnit--PLANNING_GROUP","interaction":{"idSuffix":"inner"}},"clearTextFirst":true,"interactionType":"ENTER_TEXT"}]}
COMMAND: POST /session/2eef3865f9633c585bb33c6ac0c7be86/execute/async - {"script":"<script> [1562 bytes]","args":[{"selector":{"id":"application-manageresources-display-component---newResourceUnit--PLANNING_INDICATOR","interaction":{"idSuffix":"inner"}},"wdio_ui5_key":"applicationmanageresources-display-component---newResourceUnit--PLANNING_INDICATOR"}]}
RESULT: {"script":"<script> [1562 bytes]","args":[{"selector":{"id":"application-manageresources-display-component---newResourceUnit--PLANNING_INDICATOR","interaction":{"idSuffix":"inner"}},"wdio_ui5_key":"applicationmanageresources-display-component---newResourceUnit--PLANNING_INDICATOR"}]}
RESULT: undefined
COMMAND: POST /session/2eef3865f9633c585bb33c6ac0c7be86/execute/async - {"script":"<script> [776 bytes]","args":[{"enterText":"10 - infinite","selector":{"id":"application-manageresources-display-component---newResourceUnit--PLANNING_INDICATOR","interaction":{"idSuffix":"inner"}},"clearTextFirst":true,"interactionType":"ENTER_TEXT"}]}
RESULT: {"script":"<script> [776 bytes]","args":[{"enterText":"10 - infinite","selector":{"id":"application-manageresources-display-component---newResourceUnit--PLANNING_INDICATOR","interaction":{"idSuffix":"inner"}},"clearTextFirst":true,"interactionType":"ENTER_TEXT"}]}
COMMAND: POST /session/2eef3865f9633c585bb33c6ac0c7be86/element - {"using":"css selector","value":"#application-manageresources-display-component---newResourceUnit--btnAddTimeSegment"}
RESULT: {"using":"css selector","value":"#application-manageresources-display-component---newResourceUnit--btnAddTimeSegment"}
COMMAND: GET /session/2eef3865f9633c585bb33c6ac0c7be86/element/f.38388B4EA542EE9F87EA90A6B1549037.d.1FA10AE6D8AC64AFCE90169251320AB2.e.5141/rect - {}
RESULT: {}
COMMAND: GET /session/2eef3865f9633c585bb33c6ac0c7be86/window/rect - {}
RESULT: {}
COMMAND: POST /session/2eef3865f9633c585bb33c6ac0c7be86/execute/sync - {"script":"<script> [92 bytes]","args":[]}
RESULT: {"script":"<script> [92 bytes]","args":[]}
COMMAND: POST /session/2eef3865f9633c585bb33c6ac0c7be86/actions - {"actions":[{"id":"action18","type":"wheel","parameters":{},"actions":[{"type":"scroll","x":-1888,"y":-32,"deltaX":0,"deltaY":0,"duration":0,"origin":{"element-6066-11e4-a52e-4f735466cecf":"f.38388B4EA542EE9F87EA90A6B1549037.d.1FA10AE6D8AC64AFCE90169251320AB2.e.5141"}}]}]}
COMMAND: GET /session/2eef3865f9633c585bb33c6ac0c7be86/screenshot - {}
RESULT: {}
COMMAND: POST /session/2eef3865f9633c585bb33c6ac0c7be86/execute/sync - {"script":"<script> [79 bytes]","args":[{"element-6066-11e4-a52e-4f735466cecf":"f.38388B4EA542EE9F87EA90A6B1549037.d.1FA10AE6D8AC64AFCE90169251320AB2.e.5141","ELEMENT":"f.38388B4EA542EE9F87EA90A6B1549037.d.1FA10AE6D8AC64AFCE90169251320AB2.e.5141"},{"block":"start","inline":"nearest"}]}
RESULT: {"script":"<script> [79 bytes]","args":[{"element-6066-11e4-a52e-4f735466cecf":"f.38388B4EA542EE9F87EA90A6B1549037.d.1FA10AE6D8AC64AFCE90169251320AB2.e.5141","ELEMENT":"f.38388B4EA542EE9F87EA90A6B1549037.d.1FA10AE6D8AC64AFCE90169251320AB2.e.5141"},{"block":"start","inline":"nearest"}]}
COMMAND: POST /session/2eef3865f9633c585bb33c6ac0c7be86/execute/async - {"script":"<script> [1562 bytes]","args":[{"selector":{"id":"application-manageresources-display-component---newResourceUnit--btnAddTimeSegment","interaction":{"idSuffix":"inner"}},"wdio_ui5_key":"applicationmanageresources-display-component---newResourceUnit--btnAddTimeSegment"}]}
COMMAND: GET /session/2eef3865f9633c585bb33c6ac0c7be86/screenshot - {}
RESULT: {"script":"<script> [1562 bytes]","args":[{"selector":{"id":"application-manageresources-display-component---newResourceUnit--btnAddTimeSegment","interaction":{"idSuffix":"inner"}},"wdio_ui5_key":"applicationmanageresources-display-component---newResourceUnit--btnAddTimeSegment"}]}
RESULT: undefined
COMMAND: POST /session/2eef3865f9633c585bb33c6ac0c7be86/element - {"using":"xpath","value":"//*[@id=\"application-manageresources-display-component---newResourceUnit--btnAddTimeSegment\"]"}
RESULT: {}
RESULT: {"using":"xpath","value":"//*[@id=\"application-manageresources-display-component---newResourceUnit--btnAddTimeSegment\"]"}
COMMAND: POST /session/2eef3865f9633c585bb33c6ac0c7be86/element/f.38388B4EA542EE9F87EA90A6B1549037.d.1FA10AE6D8AC64AFCE90169251320AB2.e.5141/click - {}
RESULT: {}
COMMAND: GET /session/2eef3865f9633c585bb33c6ac0c7be86/screenshot - {}
RESULT: {}
COMMAND: POST /session/2eef3865f9633c585bb33c6ac0c7be86/element - {"using":"xpath","value":"//input[@id=\"application-manageresources-display-component---newResourceUnit--idRuTSAdmin-application-manageresources-display-component---newResourceUnit--RUTimeSegment-0-inner\"]"}
RESULT: {"using":"xpath","value":"//input[@id=\"application-manageresources-display-component---newResourceUnit--idRuTSAdmin-application-manageresources-display-component---newResourceUnit--RUTimeSegment-0-inner\"]"}
COMMAND: POST /session/2eef3865f9633c585bb33c6ac0c7be86/element/f.38388B4EA542EE9F87EA90A6B1549037.d.1FA10AE6D8AC64AFCE90169251320AB2.e.5146/clear - {}
RESULT: {}
COMMAND: POST /session/2eef3865f9633c585bb33c6ac0c7be86/element/f.38388B4EA542EE9F87EA90A6B1549037.d.1FA10AE6D8AC64AFCE90169251320AB2.e.5146/value - {"text":"272"}
COMMAND: GET /session/2eef3865f9633c585bb33c6ac0c7be86/screenshot - {}
RESULT: {"text":"272"}
COMMAND: GET /session/2eef3865f9633c585bb33c6ac0c7be86/screenshot - {}
RESULT: {}
RESULT: {}
COMMAND: POST /session/2eef3865f9633c585bb33c6ac0c7be86/element - {"using":"xpath","value":"//li[.//span[text()='272']]"}
RESULT: {"using":"xpath","value":"//li[.//span[text()='272']]"}
COMMAND: POST /session/2eef3865f9633c585bb33c6ac0c7be86/element/f.38388B4EA542EE9F87EA90A6B1549037.d.1FA10AE6D8AC64AFCE90169251320AB2.e.5155/click - {}
RESULT: {}
COMMAND: GET /session/2eef3865f9633c585bb33c6ac0c7be86/screenshot - {}
RESULT: {}
COMMAND: POST /session/2eef3865f9633c585bb33c6ac0c7be86/element - {"using":"xpath","value":"(//span[contains(@id, \"-application-manageresources-display-component---newResourceUnit--RUTimeSegment-0-arrow\")])[2]"}
RESULT: {"using":"xpath","value":"(//span[contains(@id, \"-application-manageresources-display-component---newResourceUnit--RUTimeSegment-0-arrow\")])[2]"}
COMMAND: POST /session/2eef3865f9633c585bb33c6ac0c7be86/element/f.38388B4EA542EE9F87EA90A6B1549037.d.1FA10AE6D8AC64AFCE90169251320AB2.e.5156/click - {}
RESULT: {}
COMMAND: POST /session/2eef3865f9633c585bb33c6ac0c7be86/element - {"using":"xpath","value":"//span[contains(text(), \"PM Order\")]"}
COMMAND: GET /session/2eef3865f9633c585bb33c6ac0c7be86/screenshot - {}
RESULT: {"using":"xpath","value":"//span[contains(text(), \"PM Order\")]"}
COMMAND: POST /session/2eef3865f9633c585bb33c6ac0c7be86/element/f.38388B4EA542EE9F87EA90A6B1549037.d.1FA10AE6D8AC64AFCE90169251320AB2.e.5157/click - {}
RESULT: {}
RESULT: {}
COMMAND: GET /session/2eef3865f9633c585bb33c6ac0c7be86/screenshot - {}
RESULT: {}
COMMAND: POST /session/2eef3865f9633c585bb33c6ac0c7be86/element - {"using":"xpath","value":"//td/div/div/div/span[contains(@id, \"newResourceUnit--RUTimeSegment-0-vhi\")][1]"}
RESULT: {"using":"xpath","value":"//td/div/div/div/span[contains(@id, \"newResourceUnit--RUTimeSegment-0-vhi\")][1]"}
COMMAND: GET /session/2eef3865f9633c585bb33c6ac0c7be86/element/f.38388B4EA542EE9F87EA90A6B1549037.d.1FA10AE6D8AC64AFCE90169251320AB2.e.5161/rect - {}
RESULT: {}
COMMAND: GET /session/2eef3865f9633c585bb33c6ac0c7be86/window/rect - {}
RESULT: {}
COMMAND: POST /session/2eef3865f9633c585bb33c6ac0c7be86/execute/sync - {"script":"<script> [92 bytes]","args":[]}
RESULT: {"script":"<script> [92 bytes]","args":[]}
COMMAND: POST /session/2eef3865f9633c585bb33c6ac0c7be86/actions - {"actions":[{"id":"action19","type":"wheel","parameters":{},"actions":[{"type":"scroll","x":-1888,"y":-24,"deltaX":0,"deltaY":0,"duration":0,"origin":{"element-6066-11e4-a52e-4f735466cecf":"f.38388B4EA542EE9F87EA90A6B1549037.d.1FA10AE6D8AC64AFCE90169251320AB2.e.5161"}}]}]}
COMMAND: GET /session/2eef3865f9633c585bb33c6ac0c7be86/screenshot - {}
RESULT: {}
COMMAND: POST /session/2eef3865f9633c585bb33c6ac0c7be86/execute/sync - {"script":"<script> [79 bytes]","args":[{"element-6066-11e4-a52e-4f735466cecf":"f.38388B4EA542EE9F87EA90A6B1549037.d.1FA10AE6D8AC64AFCE90169251320AB2.e.5161","ELEMENT":"f.38388B4EA542EE9F87EA90A6B1549037.d.1FA10AE6D8AC64AFCE90169251320AB2.e.5161"},{"block":"start","inline":"nearest"}]}
RESULT: {"script":"<script> [79 bytes]","args":[{"element-6066-11e4-a52e-4f735466cecf":"f.38388B4EA542EE9F87EA90A6B1549037.d.1FA10AE6D8AC64AFCE90169251320AB2.e.5161","ELEMENT":"f.38388B4EA542EE9F87EA90A6B1549037.d.1FA10AE6D8AC64AFCE90169251320AB2.e.5161"},{"block":"start","inline":"nearest"}]}
COMMAND: GET /session/2eef3865f9633c585bb33c6ac0c7be86/screenshot - {}
RESULT: {}
COMMAND: POST /session/2eef3865f9633c585bb33c6ac0c7be86/element/f.38388B4EA542EE9F87EA90A6B1549037.d.1FA10AE6D8AC64AFCE90169251320AB2.e.5161/click - {}
RESULT: {}
COMMAND: GET /session/2eef3865f9633c585bb33c6ac0c7be86/screenshot - {}
RESULT: {}
COMMAND: POST /session/2eef3865f9633c585bb33c6ac0c7be86/execute/async - {"script":"<script> [1562 bytes]","args":[{"selector":{"controlType":"sap.m.SearchField","properties":{"placeholder":"Search"},"searchOpenDialogs":true,"interaction":{"idSuffix":"I"}},"wdio_ui5_key":"sapm.SearchField{\"placeholder\":\"Search\"}"}]}
RESULT: {"script":"<script> [1562 bytes]","args":[{"selector":{"controlType":"sap.m.SearchField","properties":{"placeholder":"Search"},"searchOpenDialogs":true,"interaction":{"idSuffix":"I"}},"wdio_ui5_key":"sapm.SearchField{\"placeholder\":\"Search\"}"}]}
RESULT: undefined
COMMAND: POST /session/2eef3865f9633c585bb33c6ac0c7be86/execute/async - {"script":"<script> [776 bytes]","args":[{"enterText":"4000360","selector":{"controlType":"sap.m.SearchField","properties":{"placeholder":"Search"},"searchOpenDialogs":true,"interaction":{"idSuffix":"I"}},"clearTextFirst":true,"interactionType":"ENTER_TEXT"}]}
RESULT: {"script":"<script> [776 bytes]","args":[{"enterText":"4000360","selector":{"controlType":"sap.m.SearchField","properties":{"placeholder":"Search"},"searchOpenDialogs":true,"interaction":{"idSuffix":"I"}},"clearTextFirst":true,"interactionType":"ENTER_TEXT"}]}
COMMAND: POST /session/2eef3865f9633c585bb33c6ac0c7be86/actions - {"actions":[{"id":"action20","type":"key","parameters":{},"actions":[{"type":"keyDown","value":""},{"type":"pause","duration":10},{"type":"keyUp","value":""}]}]}
RESULT: {"actions":[{"id":"action20","type":"key","parameters":{},"actions":[{"type":"keyDown","value":""},{"type":"pause","duration":10},{"type":"keyUp","value":""}]}]}
COMMAND: GET /session/2eef3865f9633c585bb33c6ac0c7be86/screenshot - {}
RESULT: {}
COMMAND: POST /session/2eef3865f9633c585bb33c6ac0c7be86/element - {"using":"xpath","value":"//td/div/span[contains(text(), \"BGL Vehicles\")]"}
RESULT: {"using":"xpath","value":"//td/div/span[contains(text(), \"BGL Vehicles\")]"}
COMMAND: POST /session/2eef3865f9633c585bb33c6ac0c7be86/element/f.38388B4EA542EE9F87EA90A6B1549037.d.1FA10AE6D8AC64AFCE90169251320AB2.e.5182/click - {}
RESULT: {}
COMMAND: GET /session/2eef3865f9633c585bb33c6ac0c7be86/screenshot - {}
RESULT: {}
COMMAND: POST /session/2eef3865f9633c585bb33c6ac0c7be86/element - {"using":"xpath","value":"//bdi[contains(text(), \"OK\")]"}
RESULT: {"using":"xpath","value":"//bdi[contains(text(), \"OK\")]"}
COMMAND: POST /session/2eef3865f9633c585bb33c6ac0c7be86/element/f.38388B4EA542EE9F87EA90A6B1549037.d.1FA10AE6D8AC64AFCE90169251320AB2.e.5183/click - {}
RESULT: {}
COMMAND: GET /session/2eef3865f9633c585bb33c6ac0c7be86/screenshot - {}
RESULT: {}
COMMAND: POST /session/2eef3865f9633c585bb33c6ac0c7be86/element - {"using":"xpath","value":"//label[contains(@class, 'sapMLabelRequired') and .//bdi[contains(text(), 'Planned Retirement')]]"}
RESULT: {"using":"xpath","value":"//label[contains(@class, 'sapMLabelRequired') and .//bdi[contains(text(), 'Planned Retirement')]]"}
COMMAND: POST /session/2eef3865f9633c585bb33c6ac0c7be86/elements - {"using":"xpath","value":"//label[contains(@class, 'sapMLabelRequired') and .//bdi[contains(text(), 'Planned Retirement')]]"}
RESULT: {"using":"xpath","value":"//label[contains(@class, 'sapMLabelRequired') and .//bdi[contains(text(), 'Planned Retirement')]]"}
COMMAND: POST /session/2eef3865f9633c585bb33c6ac0c7be86/element - {"using":"xpath","value":"//button[@data-kt=\"resourceUnitSaveButton\"]"}
RESULT: {"using":"xpath","value":"//button[@data-kt=\"resourceUnitSaveButton\"]"}
COMMAND: POST /session/2eef3865f9633c585bb33c6ac0c7be86/element/f.38388B4EA542EE9F87EA90A6B1549037.d.1FA10AE6D8AC64AFCE90169251320AB2.e.5019/click - {}
RESULT: {}
COMMAND: GET /session/2eef3865f9633c585bb33c6ac0c7be86/screenshot - {}
RESULT: {}
COMMAND: POST /session/2eef3865f9633c585bb33c6ac0c7be86/element - {"using":"xpath","value":"//bdi[contains(text(), \"Close\")]"}
RESULT: {"using":"xpath","value":"//bdi[contains(text(), \"Close\")]"}
COMMAND: POST /session/2eef3865f9633c585bb33c6ac0c7be86/element/f.38388B4EA542EE9F87EA90A6B1549037.d.1FA10AE6D8AC64AFCE90169251320AB2.e.5189/click - {}
RESULT: {}
COMMAND: GET /session/2eef3865f9633c585bb33c6ac0c7be86/screenshot - {}
RESULT: {}
COMMAND: POST /session/2eef3865f9633c585bb33c6ac0c7be86/element - {"using":"xpath","value":"//header[contains(@id, 'detailRruPage-headerTitle')]/div[1]/div[2]/div[2]/span[1]"}
RESULT: {"using":"xpath","value":"//header[contains(@id, 'detailRruPage-headerTitle')]/div[1]/div[2]/div[2]/span[1]"}
COMMAND: POST /session/2eef3865f9633c585bb33c6ac0c7be86/elements - {"using":"xpath","value":"//header[contains(@id, 'detailRruPage-headerTitle')]/div[1]/div[2]/div[2]/span[1]"}
RESULT: {"using":"xpath","value":"//header[contains(@id, 'detailRruPage-headerTitle')]/div[1]/div[2]/div[2]/span[1]"}
COMMAND: POST /session/2eef3865f9633c585bb33c6ac0c7be86/execute/sync - {"script":"<script> [56 bytes]","args":[{"element-6066-11e4-a52e-4f735466cecf":"f.38388B4EA542EE9F87EA90A6B1549037.d.1FA10AE6D8AC64AFCE90169251320AB2.e.5224","ELEMENT":"f.38388B4EA542EE9F87EA90A6B1549037.d.1FA10AE6D8AC64AFCE90169251320AB2.e.5224"}]}
RESULT: {"script":"<script> [56 bytes]","args":[{"element-6066-11e4-a52e-4f735466cecf":"f.38388B4EA542EE9F87EA90A6B1549037.d.1FA10AE6D8AC64AFCE90169251320AB2.e.5224","ELEMENT":"f.38388B4EA542EE9F87EA90A6B1549037.d.1FA10AE6D8AC64AFCE90169251320AB2.e.5224"}]}
COMMAND: POST /session/2eef3865f9633c585bb33c6ac0c7be86/element - {"using":"css selector","value":"#shell-header-logo"}
COMMAND: GET /session/2eef3865f9633c585bb33c6ac0c7be86/screenshot - {}
RESULT: {"using":"css selector","value":"#shell-header-logo"}
COMMAND: POST /session/2eef3865f9633c585bb33c6ac0c7be86/element/f.38388B4EA542EE9F87EA90A6B1549037.d.1FA10AE6D8AC64AFCE90169251320AB2.e.4494/click - {}
RESULT: {}
RESULT: {}
COMMAND: GET /session/2eef3865f9633c585bb33c6ac0c7be86/screenshot - {}
RESULT: {}
]]></system-out>
    </testcase>
    <testcase classname="chrome.136_0_7103_93.windows.Provide_to_Site_w/_warehouse_management_w/_clarification_US115878" name="Bin Status Report Should Create New Organization yard" time="0.005"/>
    <testcase classname="chrome.136_0_7103_93.windows.Provide_to_Site_w/_warehouse_management_w/_clarification_US115878" name="Bin Status Report Should Create New Organization for Site" time="0.005"/>
  </testsuite>
  <testsuite timestamp="2025-05-25T16:33:21" time="465.071" tests="6" failures="0" errors="0" skipped="0">
    <properties>
      <property name="specId" value="0"/>
      <property name="suiteName" value="Provide to Site w/ warehouse management w clarification"/>
      <property name="capabilities" value="chrome.136_0_7103_93.windows"/>
      <property name="file" value="file:///D:/a/1/s/test/specs/HTR/provide-to-site-w-warehouse-w-clarification.spec.js"/>
    </properties>
    <testcase classname="chrome.136_0_7103_93.windows.Provide_to_Site_w/_warehouse_management_w_clarification" name="Should do a stock increase handover" time="95.702">
      <system-out><![CDATA[
COMMAND: POST /session/2eef3865f9633c585bb33c6ac0c7be86/execute/async - {"script":"<script> [1562 bytes]","args":[{"selector":{"controlType":"sap.m.GenericTile","properties":{"header":"Manage Handovers"}},"wdio_ui5_key":"sapm.GenericTile{\"header\":\"Manage Handovers\"}"}]}
RESULT: {"script":"<script> [1562 bytes]","args":[{"selector":{"controlType":"sap.m.GenericTile","properties":{"header":"Manage Handovers"}},"wdio_ui5_key":"sapm.GenericTile{\"header\":\"Manage Handovers\"}"}]}
RESULT: undefined
COMMAND: POST /session/2eef3865f9633c585bb33c6ac0c7be86/element - {"using":"xpath","value":"//*[@id=\"__tile130\"]"}
RESULT: {"using":"xpath","value":"//*[@id=\"__tile130\"]"}
COMMAND: POST /session/2eef3865f9633c585bb33c6ac0c7be86/element/f.38388B4EA542EE9F87EA90A6B1549037.d.1FA10AE6D8AC64AFCE90169251320AB2.e.4539/click - {}
RESULT: {}
COMMAND: GET /session/2eef3865f9633c585bb33c6ac0c7be86/screenshot - {}
COMMAND: POST /session/2eef3865f9633c585bb33c6ac0c7be86/elements - {"using":"xpath","value":"//span[text()='Error']"}
RESULT: {}
RESULT: {"using":"xpath","value":"//span[text()='Error']"}
COMMAND: POST /session/2eef3865f9633c585bb33c6ac0c7be86/element - {"using":"xpath","value":"//button[@data-kt=\"masterHOAddButton\"]"}
RESULT: {"using":"xpath","value":"//button[@data-kt=\"masterHOAddButton\"]"}
COMMAND: POST /session/2eef3865f9633c585bb33c6ac0c7be86/elements - {"using":"xpath","value":"//button[@data-kt=\"masterHOAddButton\"]"}
RESULT: {"using":"xpath","value":"//button[@data-kt=\"masterHOAddButton\"]"}
COMMAND: POST /session/2eef3865f9633c585bb33c6ac0c7be86/elements - {"using":"xpath","value":"//button[@data-kt=\"masterHOAddButton\"]"}
RESULT: {"using":"xpath","value":"//button[@data-kt=\"masterHOAddButton\"]"}
COMMAND: POST /session/2eef3865f9633c585bb33c6ac0c7be86/element - {"using":"xpath","value":"//button[@data-kt=\"masterHOAddButton\"]"}
RESULT: {"using":"xpath","value":"//button[@data-kt=\"masterHOAddButton\"]"}
COMMAND: POST /session/2eef3865f9633c585bb33c6ac0c7be86/execute/sync - {"script":"<script> [8489 bytes]","args":[{"element-6066-11e4-a52e-4f735466cecf":"f.38388B4EA542EE9F87EA90A6B1549037.d.1FA10AE6D8AC64AFCE90169251320AB2.e.5257","ELEMENT":"f.38388B4EA542EE9F87EA90A6B1549037.d.1FA10AE6D8AC64AFCE90169251320AB2.e.5257"}]}
RESULT: {"script":"<script> [8489 bytes]","args":[{"element-6066-11e4-a52e-4f735466cecf":"f.38388B4EA542EE9F87EA90A6B1549037.d.1FA10AE6D8AC64AFCE90169251320AB2.e.5257","ELEMENT":"f.38388B4EA542EE9F87EA90A6B1549037.d.1FA10AE6D8AC64AFCE90169251320AB2.e.5257"}]}
COMMAND: GET /session/2eef3865f9633c585bb33c6ac0c7be86/element/f.38388B4EA542EE9F87EA90A6B1549037.d.1FA10AE6D8AC64AFCE90169251320AB2.e.5257/enabled - {}
COMMAND: GET /session/2eef3865f9633c585bb33c6ac0c7be86/screenshot - {}
RESULT: {}
RESULT: {}
COMMAND: POST /session/2eef3865f9633c585bb33c6ac0c7be86/execute/sync - {"script":"<script> [8489 bytes]","args":[{"element-6066-11e4-a52e-4f735466cecf":"f.38388B4EA542EE9F87EA90A6B1549037.d.1FA10AE6D8AC64AFCE90169251320AB2.e.5257","ELEMENT":"f.38388B4EA542EE9F87EA90A6B1549037.d.1FA10AE6D8AC64AFCE90169251320AB2.e.5257"}]}
COMMAND: GET /session/2eef3865f9633c585bb33c6ac0c7be86/screenshot - {}
RESULT: {"script":"<script> [8489 bytes]","args":[{"element-6066-11e4-a52e-4f735466cecf":"f.38388B4EA542EE9F87EA90A6B1549037.d.1FA10AE6D8AC64AFCE90169251320AB2.e.5257","ELEMENT":"f.38388B4EA542EE9F87EA90A6B1549037.d.1FA10AE6D8AC64AFCE90169251320AB2.e.5257"}]}
COMMAND: POST /session/2eef3865f9633c585bb33c6ac0c7be86/execute/sync - {"script":"<script> [5351 bytes]","args":[{"element-6066-11e4-a52e-4f735466cecf":"f.38388B4EA542EE9F87EA90A6B1549037.d.1FA10AE6D8AC64AFCE90169251320AB2.e.5257","ELEMENT":"f.38388B4EA542EE9F87EA90A6B1549037.d.1FA10AE6D8AC64AFCE90169251320AB2.e.5257"}]}
COMMAND: GET /session/2eef3865f9633c585bb33c6ac0c7be86/screenshot - {}
RESULT: {}
RESULT: {"script":"<script> [5351 bytes]","args":[{"element-6066-11e4-a52e-4f735466cecf":"f.38388B4EA542EE9F87EA90A6B1549037.d.1FA10AE6D8AC64AFCE90169251320AB2.e.5257","ELEMENT":"f.38388B4EA542EE9F87EA90A6B1549037.d.1FA10AE6D8AC64AFCE90169251320AB2.e.5257"}]}
COMMAND: POST /session/2eef3865f9633c585bb33c6ac0c7be86/element/f.38388B4EA542EE9F87EA90A6B1549037.d.1FA10AE6D8AC64AFCE90169251320AB2.e.5257/click - {}
COMMAND: GET /session/2eef3865f9633c585bb33c6ac0c7be86/screenshot - {}
RESULT: {}
RESULT: {}
COMMAND: GET /session/2eef3865f9633c585bb33c6ac0c7be86/screenshot - {}
RESULT: {}
COMMAND: POST /session/2eef3865f9633c585bb33c6ac0c7be86/element - {"using":"xpath","value":"//span[contains(@id ,\"AddNewHO--typeSelect-arrow\")]"}
RESULT: {}
RESULT: {"using":"xpath","value":"//span[contains(@id ,\"AddNewHO--typeSelect-arrow\")]"}
COMMAND: POST /session/2eef3865f9633c585bb33c6ac0c7be86/element/f.38388B4EA542EE9F87EA90A6B1549037.d.1FA10AE6D8AC64AFCE90169251320AB2.e.5605/click - {}
RESULT: {}
COMMAND: GET /session/2eef3865f9633c585bb33c6ac0c7be86/screenshot - {}
RESULT: {}
COMMAND: POST /session/2eef3865f9633c585bb33c6ac0c7be86/element - {"using":"xpath","value":"(//li[contains(text(), \"stock increase yard\")])[1]"}
RESULT: {"using":"xpath","value":"(//li[contains(text(), \"stock increase yard\")])[1]"}
COMMAND: POST /session/2eef3865f9633c585bb33c6ac0c7be86/element/f.38388B4EA542EE9F87EA90A6B1549037.d.1FA10AE6D8AC64AFCE90169251320AB2.e.5606/click - {}
RESULT: {}
COMMAND: GET /session/2eef3865f9633c585bb33c6ac0c7be86/screenshot - {}
RESULT: {}
COMMAND: POST /session/2eef3865f9633c585bb33c6ac0c7be86/execute/async - {"script":"<script> [1562 bytes]","args":[{"selector":{"id":"application-managehandovers-display-component---AddNewHO--dueDate","interaction":{"idSuffix":"inner"}},"wdio_ui5_key":"applicationmanagehandovers-display-component---AddNewHO--dueDate"}]}
RESULT: {"script":"<script> [1562 bytes]","args":[{"selector":{"id":"application-managehandovers-display-component---AddNewHO--dueDate","interaction":{"idSuffix":"inner"}},"wdio_ui5_key":"applicationmanagehandovers-display-component---AddNewHO--dueDate"}]}
RESULT: undefined
COMMAND: POST /session/2eef3865f9633c585bb33c6ac0c7be86/execute/async - {"script":"<script> [6424 bytes]","args":[{"element-6066-11e4-a52e-4f735466cecf":"f.38388B4EA542EE9F87EA90A6B1549037.d.1FA10AE6D8AC64AFCE90169251320AB2.e.5610"},"setValue",["5/25/25"]]}
RESULT: {"script":"<script> [6424 bytes]","args":[{"element-6066-11e4-a52e-4f735466cecf":"f.38388B4EA542EE9F87EA90A6B1549037.d.1FA10AE6D8AC64AFCE90169251320AB2.e.5610"},"setValue",["5/25/25"]]}
COMMAND: POST /session/2eef3865f9633c585bb33c6ac0c7be86/element - {"using":"xpath","value":"//input[@id=\"generalSectionFrg--receiveYard-inner\"]"}
RESULT: {"using":"xpath","value":"//input[@id=\"generalSectionFrg--receiveYard-inner\"]"}
COMMAND: POST /session/2eef3865f9633c585bb33c6ac0c7be86/element/f.38388B4EA542EE9F87EA90A6B1549037.d.1FA10AE6D8AC64AFCE90169251320AB2.e.5616/clear - {}
RESULT: {}
COMMAND: POST /session/2eef3865f9633c585bb33c6ac0c7be86/element/f.38388B4EA542EE9F87EA90A6B1549037.d.1FA10AE6D8AC64AFCE90169251320AB2.e.5616/value - {"text":"272"}
COMMAND: GET /session/2eef3865f9633c585bb33c6ac0c7be86/screenshot - {}
RESULT: {"text":"272"}
COMMAND: GET /session/2eef3865f9633c585bb33c6ac0c7be86/screenshot - {}
RESULT: {}
RESULT: {}
COMMAND: POST /session/2eef3865f9633c585bb33c6ac0c7be86/element - {"using":"xpath","value":"//li[.//span[text()='272']]"}
RESULT: {"using":"xpath","value":"//li[.//span[text()='272']]"}
COMMAND: POST /session/2eef3865f9633c585bb33c6ac0c7be86/element/f.38388B4EA542EE9F87EA90A6B1549037.d.1FA10AE6D8AC64AFCE90169251320AB2.e.5632/click - {}
RESULT: {}
COMMAND: GET /session/2eef3865f9633c585bb33c6ac0c7be86/screenshot - {}
RESULT: {}
COMMAND: POST /session/2eef3865f9633c585bb33c6ac0c7be86/execute/async - {"script":"<script> [1562 bytes]","args":[{"selector":{"id":"application-managehandovers-display-component---AddNewHO--ObjectPageLayout-anchBar-application-managehandovers-display-component---AddNewHO--section4-anchor","interaction":{"idSuffix":"BDI-content"}},"wdio_ui5_key":"applicationmanagehandovers-display-component---AddNewHO--ObjectPageLayout-anchBar-application-managehandovers-display-component---AddNewHO--section4-anchor"}]}
RESULT: {"script":"<script> [1562 bytes]","args":[{"selector":{"id":"application-managehandovers-display-component---AddNewHO--ObjectPageLayout-anchBar-application-managehandovers-display-component---AddNewHO--section4-anchor","interaction":{"idSuffix":"BDI-content"}},"wdio_ui5_key":"applicationmanagehandovers-display-component---AddNewHO--ObjectPageLayout-anchBar-application-managehandovers-display-component---AddNewHO--section4-anchor"}]}
RESULT: undefined
COMMAND: POST /session/2eef3865f9633c585bb33c6ac0c7be86/element - {"using":"xpath","value":"//*[@id=\"application-managehandovers-display-component---AddNewHO--ObjectPageLayout-anchBar-application-managehandovers-display-component---AddNewHO--section4-anchor\"]"}
RESULT: {"using":"xpath","value":"//*[@id=\"application-managehandovers-display-component---AddNewHO--ObjectPageLayout-anchBar-application-managehandovers-display-component---AddNewHO--section4-anchor\"]"}
COMMAND: POST /session/2eef3865f9633c585bb33c6ac0c7be86/element/f.38388B4EA542EE9F87EA90A6B1549037.d.1FA10AE6D8AC64AFCE90169251320AB2.e.5634/click - {}
RESULT: {}
COMMAND: POST /session/2eef3865f9633c585bb33c6ac0c7be86/element - {"using":"xpath","value":"//button[@aria-label=\"Add\"]"}
COMMAND: GET /session/2eef3865f9633c585bb33c6ac0c7be86/screenshot - {}
RESULT: {"using":"xpath","value":"//button[@aria-label=\"Add\"]"}
COMMAND: POST /session/2eef3865f9633c585bb33c6ac0c7be86/element/f.38388B4EA542EE9F87EA90A6B1549037.d.1FA10AE6D8AC64AFCE90169251320AB2.e.5636/click - {}
RESULT: {}
RESULT: {}
COMMAND: GET /session/2eef3865f9633c585bb33c6ac0c7be86/screenshot - {}
RESULT: {}
COMMAND: POST /session/2eef3865f9633c585bb33c6ac0c7be86/execute/async - {"script":"<script> [1562 bytes]","args":[{"selector":{"id":"application-managehandovers-display-component---AddNewHO--smartFilterBar-btnBasicSearch","searchOpenDialogs":true,"interaction":{"idSuffix":"I"}},"wdio_ui5_key":"applicationmanagehandovers-display-component---AddNewHO--smartFilterBar-btnBasicSearch"}]}
RESULT: {"script":"<script> [1562 bytes]","args":[{"selector":{"id":"application-managehandovers-display-component---AddNewHO--smartFilterBar-btnBasicSearch","searchOpenDialogs":true,"interaction":{"idSuffix":"I"}},"wdio_ui5_key":"applicationmanagehandovers-display-component---AddNewHO--smartFilterBar-btnBasicSearch"}]}
RESULT: undefined
COMMAND: POST /session/2eef3865f9633c585bb33c6ac0c7be86/execute/async - {"script":"<script> [776 bytes]","args":[{"enterText":"200126","selector":{"id":"application-managehandovers-display-component---AddNewHO--smartFilterBar-btnBasicSearch","searchOpenDialogs":true,"interaction":{"idSuffix":"I"}},"clearTextFirst":true,"interactionType":"ENTER_TEXT"}]}
RESULT: {"script":"<script> [776 bytes]","args":[{"enterText":"200126","selector":{"id":"application-managehandovers-display-component---AddNewHO--smartFilterBar-btnBasicSearch","searchOpenDialogs":true,"interaction":{"idSuffix":"I"}},"clearTextFirst":true,"interactionType":"ENTER_TEXT"}]}
COMMAND: POST /session/2eef3865f9633c585bb33c6ac0c7be86/actions - {"actions":[{"id":"action21","type":"key","parameters":{},"actions":[{"type":"keyDown","value":""},{"type":"pause","duration":10},{"type":"keyUp","value":""}]}]}
RESULT: {"actions":[{"id":"action21","type":"key","parameters":{},"actions":[{"type":"keyDown","value":""},{"type":"pause","duration":10},{"type":"keyUp","value":""}]}]}
COMMAND: GET /session/2eef3865f9633c585bb33c6ac0c7be86/screenshot - {}
RESULT: {}
COMMAND: POST /session/2eef3865f9633c585bb33c6ac0c7be86/execute/async - {"script":"<script> [1562 bytes]","args":[{"selector":{"id":"application-managehandovers-display-component---AddNewHO--popup-sa","searchOpenDialogs":true,"interaction":{"idSuffix":"CbBg"}},"wdio_ui5_key":"applicationmanagehandovers-display-component---AddNewHO--popup-sa"}]}
RESULT: {"script":"<script> [1562 bytes]","args":[{"selector":{"id":"application-managehandovers-display-component---AddNewHO--popup-sa","searchOpenDialogs":true,"interaction":{"idSuffix":"CbBg"}},"wdio_ui5_key":"applicationmanagehandovers-display-component---AddNewHO--popup-sa"}]}
RESULT: undefined
COMMAND: POST /session/2eef3865f9633c585bb33c6ac0c7be86/element - {"using":"xpath","value":"//*[@id=\"application-managehandovers-display-component---AddNewHO--popup-sa\"]"}
RESULT: {"using":"xpath","value":"//*[@id=\"application-managehandovers-display-component---AddNewHO--popup-sa\"]"}
COMMAND: POST /session/2eef3865f9633c585bb33c6ac0c7be86/element/f.38388B4EA542EE9F87EA90A6B1549037.d.1FA10AE6D8AC64AFCE90169251320AB2.e.5791/click - {}
RESULT: {}
COMMAND: GET /session/2eef3865f9633c585bb33c6ac0c7be86/screenshot - {}
RESULT: {}
COMMAND: POST /session/2eef3865f9633c585bb33c6ac0c7be86/element - {"using":"xpath","value":"//bdi[contains(text(), \"Select\")]"}
RESULT: {"using":"xpath","value":"//bdi[contains(text(), \"Select\")]"}
COMMAND: POST /session/2eef3865f9633c585bb33c6ac0c7be86/element/f.38388B4EA542EE9F87EA90A6B1549037.d.1FA10AE6D8AC64AFCE90169251320AB2.e.5792/click - {}
RESULT: {}
COMMAND: GET /session/2eef3865f9633c585bb33c6ac0c7be86/screenshot - {}
RESULT: {}
COMMAND: POST /session/2eef3865f9633c585bb33c6ac0c7be86/element - {"using":"xpath","value":"//button[@data-kt=\"AddNewHOSaveButton\"]"}
RESULT: {"using":"xpath","value":"//button[@data-kt=\"AddNewHOSaveButton\"]"}
COMMAND: POST /session/2eef3865f9633c585bb33c6ac0c7be86/element/f.38388B4EA542EE9F87EA90A6B1549037.d.1FA10AE6D8AC64AFCE90169251320AB2.e.5796/click - {}
RESULT: {}
COMMAND: GET /session/2eef3865f9633c585bb33c6ac0c7be86/screenshot - {}
RESULT: {}
COMMAND: POST /session/2eef3865f9633c585bb33c6ac0c7be86/execute/async - {"script":"<script> [1562 bytes]","args":[{"selector":{"id":"receiptDatePicker","viewName":"etm.portal.ui.managehandovers.view.DetailExecuteHO","interaction":{"idSuffix":"inner"}},"wdio_ui5_key":"receiptDatePickeretmportal.ui.managehandovers.view.DetailExecuteHO"}]}
RESULT: {"script":"<script> [1562 bytes]","args":[{"selector":{"id":"receiptDatePicker","viewName":"etm.portal.ui.managehandovers.view.DetailExecuteHO","interaction":{"idSuffix":"inner"}},"wdio_ui5_key":"receiptDatePickeretmportal.ui.managehandovers.view.DetailExecuteHO"}]}
RESULT: undefined
COMMAND: POST /session/2eef3865f9633c585bb33c6ac0c7be86/execute/async - {"script":"<script> [6424 bytes]","args":[{"element-6066-11e4-a52e-4f735466cecf":"f.38388B4EA542EE9F87EA90A6B1549037.d.1FA10AE6D8AC64AFCE90169251320AB2.e.5822"},"setValue",["5/25/25"]]}
RESULT: {"script":"<script> [6424 bytes]","args":[{"element-6066-11e4-a52e-4f735466cecf":"f.38388B4EA542EE9F87EA90A6B1549037.d.1FA10AE6D8AC64AFCE90169251320AB2.e.5822"},"setValue",["5/25/25"]]}
COMMAND: POST /session/2eef3865f9633c585bb33c6ac0c7be86/element - {"using":"xpath","value":"//button[@data-kt=\"ReceivingTableConfirmAllButton\"]"}
RESULT: {"using":"xpath","value":"//button[@data-kt=\"ReceivingTableConfirmAllButton\"]"}
COMMAND: POST /session/2eef3865f9633c585bb33c6ac0c7be86/element/f.38388B4EA542EE9F87EA90A6B1549037.d.1FA10AE6D8AC64AFCE90169251320AB2.e.5840/click - {}
RESULT: {}
COMMAND: GET /session/2eef3865f9633c585bb33c6ac0c7be86/screenshot - {}
RESULT: {}
COMMAND: POST /session/2eef3865f9633c585bb33c6ac0c7be86/element - {"using":"xpath","value":"//bdi[contains(text(), \"OK\")]"}
RESULT: {"using":"xpath","value":"//bdi[contains(text(), \"OK\")]"}
COMMAND: POST /session/2eef3865f9633c585bb33c6ac0c7be86/element/f.38388B4EA542EE9F87EA90A6B1549037.d.1FA10AE6D8AC64AFCE90169251320AB2.e.5842/click - {}
RESULT: {}
COMMAND: GET /session/2eef3865f9633c585bb33c6ac0c7be86/screenshot - {}
RESULT: {}
COMMAND: POST /session/2eef3865f9633c585bb33c6ac0c7be86/element - {"using":"xpath","value":"(//bdi[contains(text(), \"Receive\")])[2]"}
RESULT: {"using":"xpath","value":"(//bdi[contains(text(), \"Receive\")])[2]"}
COMMAND: POST /session/2eef3865f9633c585bb33c6ac0c7be86/element/f.38388B4EA542EE9F87EA90A6B1549037.d.1FA10AE6D8AC64AFCE90169251320AB2.e.5844/click - {}
RESULT: {}
COMMAND: GET /session/2eef3865f9633c585bb33c6ac0c7be86/screenshot - {}
RESULT: {}
COMMAND: POST /session/2eef3865f9633c585bb33c6ac0c7be86/element - {"using":"css selector","value":"#shell-header-logo"}
RESULT: {"using":"css selector","value":"#shell-header-logo"}
COMMAND: POST /session/2eef3865f9633c585bb33c6ac0c7be86/element/f.38388B4EA542EE9F87EA90A6B1549037.d.1FA10AE6D8AC64AFCE90169251320AB2.e.5229/click - {}
RESULT: {}
COMMAND: GET /session/2eef3865f9633c585bb33c6ac0c7be86/screenshot - {}
RESULT: {}
]]></system-out>
    </testcase>
    <testcase classname="chrome.136_0_7103_93.windows.Provide_to_Site_w/_warehouse_management_w_clarification" name="Should create a new contract" time="60.168">
      <system-out><![CDATA[
COMMAND: POST /session/2eef3865f9633c585bb33c6ac0c7be86/execute/async - {"script":"<script> [1562 bytes]","args":[{"selector":{"controlType":"sap.m.GenericTile","properties":{"header":"Manage Contracts"}},"wdio_ui5_key":"sapm.GenericTile{\"header\":\"Manage Contracts\"}"}]}
RESULT: {"script":"<script> [1562 bytes]","args":[{"selector":{"controlType":"sap.m.GenericTile","properties":{"header":"Manage Contracts"}},"wdio_ui5_key":"sapm.GenericTile{\"header\":\"Manage Contracts\"}"}]}
RESULT: undefined
COMMAND: POST /session/2eef3865f9633c585bb33c6ac0c7be86/element - {"using":"xpath","value":"//*[@id=\"__tile132\"]"}
RESULT: {"using":"xpath","value":"//*[@id=\"__tile132\"]"}
COMMAND: POST /session/2eef3865f9633c585bb33c6ac0c7be86/element/f.38388B4EA542EE9F87EA90A6B1549037.d.1FA10AE6D8AC64AFCE90169251320AB2.e.4528/click - {}
RESULT: {}
COMMAND: GET /session/2eef3865f9633c585bb33c6ac0c7be86/screenshot - {}
RESULT: {}
COMMAND: POST /session/2eef3865f9633c585bb33c6ac0c7be86/elements - {"using":"xpath","value":"//span[text()='Error']"}
RESULT: {"using":"xpath","value":"//span[text()='Error']"}
COMMAND: POST /session/2eef3865f9633c585bb33c6ac0c7be86/element - {"using":"xpath","value":"//button[@data-kt=\"addButton\"]"}
RESULT: {"using":"xpath","value":"//button[@data-kt=\"addButton\"]"}
COMMAND: POST /session/2eef3865f9633c585bb33c6ac0c7be86/elements - {"using":"xpath","value":"//button[@data-kt=\"addButton\"]"}
RESULT: {"using":"xpath","value":"//button[@data-kt=\"addButton\"]"}
COMMAND: POST /session/2eef3865f9633c585bb33c6ac0c7be86/execute/sync - {"script":"<script> [8489 bytes]","args":[{"element-6066-11e4-a52e-4f735466cecf":"f.38388B4EA542EE9F87EA90A6B1549037.d.1FA10AE6D8AC64AFCE90169251320AB2.e.6068","ELEMENT":"f.38388B4EA542EE9F87EA90A6B1549037.d.1FA10AE6D8AC64AFCE90169251320AB2.e.6068"}]}
RESULT: {"script":"<script> [8489 bytes]","args":[{"element-6066-11e4-a52e-4f735466cecf":"f.38388B4EA542EE9F87EA90A6B1549037.d.1FA10AE6D8AC64AFCE90169251320AB2.e.6068","ELEMENT":"f.38388B4EA542EE9F87EA90A6B1549037.d.1FA10AE6D8AC64AFCE90169251320AB2.e.6068"}]}
COMMAND: GET /session/2eef3865f9633c585bb33c6ac0c7be86/element/f.38388B4EA542EE9F87EA90A6B1549037.d.1FA10AE6D8AC64AFCE90169251320AB2.e.6068/enabled - {}
COMMAND: GET /session/2eef3865f9633c585bb33c6ac0c7be86/screenshot - {}
RESULT: {}
COMMAND: POST /session/2eef3865f9633c585bb33c6ac0c7be86/execute/sync - {"script":"<script> [8489 bytes]","args":[{"element-6066-11e4-a52e-4f735466cecf":"f.38388B4EA542EE9F87EA90A6B1549037.d.1FA10AE6D8AC64AFCE90169251320AB2.e.6068","ELEMENT":"f.38388B4EA542EE9F87EA90A6B1549037.d.1FA10AE6D8AC64AFCE90169251320AB2.e.6068"}]}
COMMAND: GET /session/2eef3865f9633c585bb33c6ac0c7be86/screenshot - {}
RESULT: {}
RESULT: {"script":"<script> [8489 bytes]","args":[{"element-6066-11e4-a52e-4f735466cecf":"f.38388B4EA542EE9F87EA90A6B1549037.d.1FA10AE6D8AC64AFCE90169251320AB2.e.6068","ELEMENT":"f.38388B4EA542EE9F87EA90A6B1549037.d.1FA10AE6D8AC64AFCE90169251320AB2.e.6068"}]}
COMMAND: POST /session/2eef3865f9633c585bb33c6ac0c7be86/execute/sync - {"script":"<script> [5351 bytes]","args":[{"element-6066-11e4-a52e-4f735466cecf":"f.38388B4EA542EE9F87EA90A6B1549037.d.1FA10AE6D8AC64AFCE90169251320AB2.e.6068","ELEMENT":"f.38388B4EA542EE9F87EA90A6B1549037.d.1FA10AE6D8AC64AFCE90169251320AB2.e.6068"}]}
COMMAND: GET /session/2eef3865f9633c585bb33c6ac0c7be86/screenshot - {}
RESULT: {}
RESULT: {"script":"<script> [5351 bytes]","args":[{"element-6066-11e4-a52e-4f735466cecf":"f.38388B4EA542EE9F87EA90A6B1549037.d.1FA10AE6D8AC64AFCE90169251320AB2.e.6068","ELEMENT":"f.38388B4EA542EE9F87EA90A6B1549037.d.1FA10AE6D8AC64AFCE90169251320AB2.e.6068"}]}
COMMAND: GET /session/2eef3865f9633c585bb33c6ac0c7be86/screenshot - {}
RESULT: {}
RESULT: {}
COMMAND: POST /session/2eef3865f9633c585bb33c6ac0c7be86/element/f.38388B4EA542EE9F87EA90A6B1549037.d.1FA10AE6D8AC64AFCE90169251320AB2.e.6068/click - {}
RESULT: {}
COMMAND: GET /session/2eef3865f9633c585bb33c6ac0c7be86/screenshot - {}
RESULT: {}
COMMAND: POST /session/2eef3865f9633c585bb33c6ac0c7be86/execute/async - {"script":"<script> [1562 bytes]","args":[{"selector":{"id":"application-managecontracts-display-component---AddNewContract--projectDescription","interaction":{"idSuffix":"inner"}},"wdio_ui5_key":"applicationmanagecontracts-display-component---AddNewContract--projectDescription"}]}
RESULT: {"script":"<script> [1562 bytes]","args":[{"selector":{"id":"application-managecontracts-display-component---AddNewContract--projectDescription","interaction":{"idSuffix":"inner"}},"wdio_ui5_key":"applicationmanagecontracts-display-component---AddNewContract--projectDescription"}]}
RESULT: undefined
COMMAND: POST /session/2eef3865f9633c585bb33c6ac0c7be86/execute/async - {"script":"<script> [776 bytes]","args":[{"enterText":"Contract WDIO","selector":{"id":"application-managecontracts-display-component---AddNewContract--projectDescription","interaction":{"idSuffix":"inner"}},"clearTextFirst":true,"interactionType":"ENTER_TEXT"}]}
RESULT: {"script":"<script> [776 bytes]","args":[{"enterText":"Contract WDIO","selector":{"id":"application-managecontracts-display-component---AddNewContract--projectDescription","interaction":{"idSuffix":"inner"}},"clearTextFirst":true,"interactionType":"ENTER_TEXT"}]}
COMMAND: POST /session/2eef3865f9633c585bb33c6ac0c7be86/element - {"using":"xpath","value":"//input[@id=\"application-managecontracts-display-component---AddNewContract--site-inner\"]"}
RESULT: {"using":"xpath","value":"//input[@id=\"application-managecontracts-display-component---AddNewContract--site-inner\"]"}
COMMAND: POST /session/2eef3865f9633c585bb33c6ac0c7be86/element/f.38388B4EA542EE9F87EA90A6B1549037.d.1FA10AE6D8AC64AFCE90169251320AB2.e.6385/clear - {}
RESULT: {}
COMMAND: POST /session/2eef3865f9633c585bb33c6ac0c7be86/element/f.38388B4EA542EE9F87EA90A6B1549037.d.1FA10AE6D8AC64AFCE90169251320AB2.e.6385/value - {"text":"2112"}
COMMAND: GET /session/2eef3865f9633c585bb33c6ac0c7be86/screenshot - {}
RESULT: {"text":"2112"}
COMMAND: GET /session/2eef3865f9633c585bb33c6ac0c7be86/screenshot - {}
RESULT: {}
RESULT: {}
COMMAND: POST /session/2eef3865f9633c585bb33c6ac0c7be86/element - {"using":"xpath","value":"//li[.//span[text()='2112']]"}
RESULT: {"using":"xpath","value":"//li[.//span[text()='2112']]"}
COMMAND: POST /session/2eef3865f9633c585bb33c6ac0c7be86/element/f.38388B4EA542EE9F87EA90A6B1549037.d.1FA10AE6D8AC64AFCE90169251320AB2.e.6468/click - {}
RESULT: {}
COMMAND: GET /session/2eef3865f9633c585bb33c6ac0c7be86/screenshot - {}
RESULT: {}
COMMAND: POST /session/2eef3865f9633c585bb33c6ac0c7be86/element - {"using":"xpath","value":"//input[@id=\"application-managecontracts-display-component---AddNewContract--yardId-inner\"]"}
RESULT: {"using":"xpath","value":"//input[@id=\"application-managecontracts-display-component---AddNewContract--yardId-inner\"]"}
COMMAND: GET /session/2eef3865f9633c585bb33c6ac0c7be86/element/f.38388B4EA542EE9F87EA90A6B1549037.d.1FA10AE6D8AC64AFCE90169251320AB2.e.6386/property/value - {}
RESULT: {}
COMMAND: POST /session/2eef3865f9633c585bb33c6ac0c7be86/element - {"using":"xpath","value":"//input[@id=\"application-managecontracts-display-component---AddNewContract--customerSelect-inner\"]"}
COMMAND: GET /session/2eef3865f9633c585bb33c6ac0c7be86/screenshot - {}
RESULT: {"using":"xpath","value":"//input[@id=\"application-managecontracts-display-component---AddNewContract--customerSelect-inner\"]"}
COMMAND: POST /session/2eef3865f9633c585bb33c6ac0c7be86/element/f.38388B4EA542EE9F87EA90A6B1549037.d.1FA10AE6D8AC64AFCE90169251320AB2.e.6384/clear - {}
RESULT: {}
RESULT: {}
COMMAND: POST /session/2eef3865f9633c585bb33c6ac0c7be86/element/f.38388B4EA542EE9F87EA90A6B1549037.d.1FA10AE6D8AC64AFCE90169251320AB2.e.6384/value - {"text":"1119"}
COMMAND: GET /session/2eef3865f9633c585bb33c6ac0c7be86/screenshot - {}
RESULT: {"text":"1119"}
COMMAND: GET /session/2eef3865f9633c585bb33c6ac0c7be86/screenshot - {}
RESULT: {}
RESULT: {}
COMMAND: POST /session/2eef3865f9633c585bb33c6ac0c7be86/element - {"using":"xpath","value":"//li[.//span[text()='1119']]"}
RESULT: {"using":"xpath","value":"//li[.//span[text()='1119']]"}
COMMAND: POST /session/2eef3865f9633c585bb33c6ac0c7be86/element/f.38388B4EA542EE9F87EA90A6B1549037.d.1FA10AE6D8AC64AFCE90169251320AB2.e.6471/click - {}
RESULT: {}
COMMAND: GET /session/2eef3865f9633c585bb33c6ac0c7be86/screenshot - {}
RESULT: {}
COMMAND: POST /session/2eef3865f9633c585bb33c6ac0c7be86/element - {"using":"xpath","value":"//button[@data-kt=\"saveButton\"]"}
RESULT: {"using":"xpath","value":"//button[@data-kt=\"saveButton\"]"}
COMMAND: POST /session/2eef3865f9633c585bb33c6ac0c7be86/element/f.38388B4EA542EE9F87EA90A6B1549037.d.1FA10AE6D8AC64AFCE90169251320AB2.e.6461/click - {}
RESULT: {}
COMMAND: GET /session/2eef3865f9633c585bb33c6ac0c7be86/screenshot - {}
RESULT: {}
COMMAND: POST /session/2eef3865f9633c585bb33c6ac0c7be86/element - {"using":"xpath","value":"//span[contains(@id ,\"contractDetailTitleNoExpanded\")]"}
RESULT: {"using":"xpath","value":"//span[contains(@id ,\"contractDetailTitleNoExpanded\")]"}
COMMAND: POST /session/2eef3865f9633c585bb33c6ac0c7be86/elements - {"using":"xpath","value":"//span[contains(@id ,\"contractDetailTitleNoExpanded\")]"}
RESULT: {"using":"xpath","value":"//span[contains(@id ,\"contractDetailTitleNoExpanded\")]"}
COMMAND: POST /session/2eef3865f9633c585bb33c6ac0c7be86/execute/sync - {"script":"<script> [56 bytes]","args":[{"element-6066-11e4-a52e-4f735466cecf":"f.38388B4EA542EE9F87EA90A6B1549037.d.1FA10AE6D8AC64AFCE90169251320AB2.e.6543","ELEMENT":"f.38388B4EA542EE9F87EA90A6B1549037.d.1FA10AE6D8AC64AFCE90169251320AB2.e.6543"}]}
RESULT: {"script":"<script> [56 bytes]","args":[{"element-6066-11e4-a52e-4f735466cecf":"f.38388B4EA542EE9F87EA90A6B1549037.d.1FA10AE6D8AC64AFCE90169251320AB2.e.6543","ELEMENT":"f.38388B4EA542EE9F87EA90A6B1549037.d.1FA10AE6D8AC64AFCE90169251320AB2.e.6543"}]}
COMMAND: GET /session/2eef3865f9633c585bb33c6ac0c7be86/screenshot - {}
RESULT: {}
]]></system-out>
    </testcase>
    <testcase classname="chrome.136_0_7103_93.windows.Provide_to_Site_w/_warehouse_management_w_clarification" name="Should add equipment to the contract" time="56.464">
      <system-out><![CDATA[
COMMAND: POST /session/2eef3865f9633c585bb33c6ac0c7be86/element - {"using":"xpath","value":"//button[@data-kt=\"contractDetailEditBtnButton\"]"}
RESULT: {"using":"xpath","value":"//button[@data-kt=\"contractDetailEditBtnButton\"]"}
COMMAND: POST /session/2eef3865f9633c585bb33c6ac0c7be86/element/f.38388B4EA542EE9F87EA90A6B1549037.d.1FA10AE6D8AC64AFCE90169251320AB2.e.6545/click - {}
RESULT: {}
COMMAND: GET /session/2eef3865f9633c585bb33c6ac0c7be86/screenshot - {}
RESULT: {}
COMMAND: POST /session/2eef3865f9633c585bb33c6ac0c7be86/element - {"using":"xpath","value":"(//span[contains(text(), \"Additional Addresses\")])[2]"}
RESULT: {"using":"xpath","value":"(//span[contains(text(), \"Additional Addresses\")])[2]"}
COMMAND: POST /session/2eef3865f9633c585bb33c6ac0c7be86/element/f.38388B4EA542EE9F87EA90A6B1549037.d.1FA10AE6D8AC64AFCE90169251320AB2.e.6601/click - {}
RESULT: {}
COMMAND: GET /session/2eef3865f9633c585bb33c6ac0c7be86/screenshot - {}
RESULT: {}
COMMAND: POST /session/2eef3865f9633c585bb33c6ac0c7be86/element - {"using":"xpath","value":"//button[@data-kt=\"btnAddTableRowOverflowToolbarButton\"]"}
RESULT: {"using":"xpath","value":"//button[@data-kt=\"btnAddTableRowOverflowToolbarButton\"]"}
COMMAND: POST /session/2eef3865f9633c585bb33c6ac0c7be86/element/f.38388B4EA542EE9F87EA90A6B1549037.d.1FA10AE6D8AC64AFCE90169251320AB2.e.6603/click - {}
RESULT: {}
COMMAND: GET /session/2eef3865f9633c585bb33c6ac0c7be86/screenshot - {}
RESULT: {}
COMMAND: POST /session/2eef3865f9633c585bb33c6ac0c7be86/element - {"using":"xpath","value":"//div[(text() = 'Standard Entry' or . = 'Standard Entry')]"}
RESULT: {"using":"xpath","value":"//div[(text() = 'Standard Entry' or . = 'Standard Entry')]"}
COMMAND: POST /session/2eef3865f9633c585bb33c6ac0c7be86/element/f.38388B4EA542EE9F87EA90A6B1549037.d.1FA10AE6D8AC64AFCE90169251320AB2.e.6605/click - {}
RESULT: {}
COMMAND: GET /session/2eef3865f9633c585bb33c6ac0c7be86/screenshot - {}
RESULT: {}
COMMAND: POST /session/2eef3865f9633c585bb33c6ac0c7be86/element - {"using":"xpath","value":"//td[6]/div/div/div/span"}
RESULT: {"using":"xpath","value":"//td[6]/div/div/div/span"}
COMMAND: POST /session/2eef3865f9633c585bb33c6ac0c7be86/element/f.38388B4EA542EE9F87EA90A6B1549037.d.1FA10AE6D8AC64AFCE90169251320AB2.e.6617/click - {}
RESULT: {}
COMMAND: GET /session/2eef3865f9633c585bb33c6ac0c7be86/screenshot - {}
RESULT: {}
COMMAND: POST /session/2eef3865f9633c585bb33c6ac0c7be86/element - {"using":"xpath","value":"(//span[contains(text(), \"Material\")])"}
RESULT: {"using":"xpath","value":"(//span[contains(text(), \"Material\")])"}
COMMAND: POST /session/2eef3865f9633c585bb33c6ac0c7be86/element/f.38388B4EA542EE9F87EA90A6B1549037.d.1FA10AE6D8AC64AFCE90169251320AB2.e.6618/click - {}
RESULT: {}
COMMAND: GET /session/2eef3865f9633c585bb33c6ac0c7be86/screenshot - {}
RESULT: {}
COMMAND: POST /session/2eef3865f9633c585bb33c6ac0c7be86/element - {"using":"xpath","value":"//td[7]/div/div/input"}
RESULT: {"using":"xpath","value":"//td[7]/div/div/input"}
COMMAND: POST /session/2eef3865f9633c585bb33c6ac0c7be86/element/f.38388B4EA542EE9F87EA90A6B1549037.d.1FA10AE6D8AC64AFCE90169251320AB2.e.6622/clear - {}
RESULT: {}
COMMAND: POST /session/2eef3865f9633c585bb33c6ac0c7be86/element/f.38388B4EA542EE9F87EA90A6B1549037.d.1FA10AE6D8AC64AFCE90169251320AB2.e.6622/value - {"text":"200126"}
COMMAND: GET /session/2eef3865f9633c585bb33c6ac0c7be86/screenshot - {}
RESULT: {"text":"200126"}
COMMAND: GET /session/2eef3865f9633c585bb33c6ac0c7be86/screenshot - {}
RESULT: {}
RESULT: {}
COMMAND: POST /session/2eef3865f9633c585bb33c6ac0c7be86/actions - {"actions":[{"id":"action22","type":"key","parameters":{},"actions":[{"type":"keyDown","value":""},{"type":"pause","duration":10},{"type":"keyUp","value":""}]}]}
RESULT: {"actions":[{"id":"action22","type":"key","parameters":{},"actions":[{"type":"keyDown","value":""},{"type":"pause","duration":10},{"type":"keyUp","value":""}]}]}
COMMAND: GET /session/2eef3865f9633c585bb33c6ac0c7be86/screenshot - {}
RESULT: {}
COMMAND: POST /session/2eef3865f9633c585bb33c6ac0c7be86/execute/sync - {"script":"<script> [276 bytes]","args":["No pricing information was found"]}
RESULT: {"script":"<script> [276 bytes]","args":["No pricing information was found"]}
COMMAND: POST /session/2eef3865f9633c585bb33c6ac0c7be86/element - {"using":"xpath","value":"//bdi[contains(text(), \"OK\")]"}
COMMAND: GET /session/2eef3865f9633c585bb33c6ac0c7be86/screenshot - {}
RESULT: {"using":"xpath","value":"//bdi[contains(text(), \"OK\")]"}
COMMAND: POST /session/2eef3865f9633c585bb33c6ac0c7be86/element/f.38388B4EA542EE9F87EA90A6B1549037.d.1FA10AE6D8AC64AFCE90169251320AB2.e.6648/click - {}
RESULT: {}
RESULT: {}
COMMAND: GET /session/2eef3865f9633c585bb33c6ac0c7be86/screenshot - {}
RESULT: {}
COMMAND: POST /session/2eef3865f9633c585bb33c6ac0c7be86/element - {"using":"xpath","value":"(//button[@data-kt=\"saveButton\"])[2]"}
RESULT: {"using":"xpath","value":"(//button[@data-kt=\"saveButton\"])[2]"}
COMMAND: POST /session/2eef3865f9633c585bb33c6ac0c7be86/element/f.38388B4EA542EE9F87EA90A6B1549037.d.1FA10AE6D8AC64AFCE90169251320AB2.e.6649/click - {}
RESULT: {}
COMMAND: GET /session/2eef3865f9633c585bb33c6ac0c7be86/screenshot - {}
RESULT: {}
COMMAND: POST /session/2eef3865f9633c585bb33c6ac0c7be86/execute/sync - {"script":"<script> [276 bytes]","args":["Some contract items are having rental validity exceeding header rental validity"]}
RESULT: {"script":"<script> [276 bytes]","args":["Some contract items are having rental validity exceeding header rental validity"]}
COMMAND: GET /session/2eef3865f9633c585bb33c6ac0c7be86/screenshot - {}
RESULT: {}
COMMAND: POST /session/2eef3865f9633c585bb33c6ac0c7be86/element - {"using":"xpath","value":"//span[contains(@id ,\"contractItemsSmartTable-header-inner\")]"}
RESULT: {"using":"xpath","value":"//span[contains(@id ,\"contractItemsSmartTable-header-inner\")]"}
COMMAND: POST /session/2eef3865f9633c585bb33c6ac0c7be86/elements - {"using":"xpath","value":"//span[contains(@id ,\"contractItemsSmartTable-header-inner\")]"}
RESULT: {"using":"xpath","value":"//span[contains(@id ,\"contractItemsSmartTable-header-inner\")]"}
COMMAND: POST /session/2eef3865f9633c585bb33c6ac0c7be86/execute/sync - {"script":"<script> [56 bytes]","args":[{"element-6066-11e4-a52e-4f735466cecf":"f.38388B4EA542EE9F87EA90A6B1549037.d.1FA10AE6D8AC64AFCE90169251320AB2.e.6653","ELEMENT":"f.38388B4EA542EE9F87EA90A6B1549037.d.1FA10AE6D8AC64AFCE90169251320AB2.e.6653"}]}
RESULT: {"script":"<script> [56 bytes]","args":[{"element-6066-11e4-a52e-4f735466cecf":"f.38388B4EA542EE9F87EA90A6B1549037.d.1FA10AE6D8AC64AFCE90169251320AB2.e.6653","ELEMENT":"f.38388B4EA542EE9F87EA90A6B1549037.d.1FA10AE6D8AC64AFCE90169251320AB2.e.6653"}]}
]]></system-out>
    </testcase>
    <testcase classname="chrome.136_0_7103_93.windows.Provide_to_Site_w/_warehouse_management_w_clarification" name="Should provide to site" time="38.38">
      <system-out><![CDATA[
COMMAND: GET /session/2eef3865f9633c585bb33c6ac0c7be86/screenshot - {}
COMMAND: POST /session/2eef3865f9633c585bb33c6ac0c7be86/element - {"using":"xpath","value":"//button[@data-kt=\"provideButton\"]"}
RESULT: {}
RESULT: {"using":"xpath","value":"//button[@data-kt=\"provideButton\"]"}
COMMAND: POST /session/2eef3865f9633c585bb33c6ac0c7be86/element/f.38388B4EA542EE9F87EA90A6B1549037.d.1FA10AE6D8AC64AFCE90169251320AB2.e.6654/click - {}
RESULT: {}
COMMAND: GET /session/2eef3865f9633c585bb33c6ac0c7be86/screenshot - {}
RESULT: undefined
COMMAND: POST /session/2eef3865f9633c585bb33c6ac0c7be86/execute/async - {"script":"<script> [6424 bytes]","args":[{"element-6066-11e4-a52e-4f735466cecf":"f.38388B4EA542EE9F87EA90A6B1549037.d.1FA10AE6D8AC64AFCE90169251320AB2.e.5610"},"setValue",["05/25/25"]]}
RESULT: {}
COMMAND: POST /session/2eef3865f9633c585bb33c6ac0c7be86/execute/async - {"script":"<script> [1562 bytes]","args":[{"selector":{"id":"application-managehandovers-display-component---AddNewHO--dueDate","interaction":{"idSuffix":"inner"}},"wdio_ui5_key":"applicationmanagehandovers-display-component---AddNewHO--dueDate"}]}
RESULT: {"script":"<script> [1562 bytes]","args":[{"selector":{"id":"application-managehandovers-display-component---AddNewHO--dueDate","interaction":{"idSuffix":"inner"}},"wdio_ui5_key":"applicationmanagehandovers-display-component---AddNewHO--dueDate"}]}
COMMAND: POST /session/2eef3865f9633c585bb33c6ac0c7be86/execute/async - {"script":"<script> [6424 bytes]","args":[{"element-6066-11e4-a52e-4f735466cecf":"f.38388B4EA542EE9F87EA90A6B1549037.d.1FA10AE6D8AC64AFCE90169251320AB2.e.6711"},"setValue",["05/25/25"]]}
RESULT: {"script":"<script> [6424 bytes]","args":[{"element-6066-11e4-a52e-4f735466cecf":"f.38388B4EA542EE9F87EA90A6B1549037.d.1FA10AE6D8AC64AFCE90169251320AB2.e.6711"},"setValue",["05/25/25"]]}
COMMAND: POST /session/2eef3865f9633c585bb33c6ac0c7be86/element - {"using":"xpath","value":"//bdi[contains(text(), \"Instructions\")]"}
RESULT: {"using":"xpath","value":"//bdi[contains(text(), \"Instructions\")]"}
COMMAND: POST /session/2eef3865f9633c585bb33c6ac0c7be86/element/f.38388B4EA542EE9F87EA90A6B1549037.d.1FA10AE6D8AC64AFCE90169251320AB2.e.6964/click - {}
RESULT: {}
COMMAND: GET /session/2eef3865f9633c585bb33c6ac0c7be86/screenshot - {}
RESULT: {}
COMMAND: POST /session/2eef3865f9633c585bb33c6ac0c7be86/element - {"using":"xpath","value":"//button[@data-kt=\"AddNewHOProvideAddItemsButton\"]"}
RESULT: {"using":"xpath","value":"//button[@data-kt=\"AddNewHOProvideAddItemsButton\"]"}
COMMAND: POST /session/2eef3865f9633c585bb33c6ac0c7be86/element/f.38388B4EA542EE9F87EA90A6B1549037.d.1FA10AE6D8AC64AFCE90169251320AB2.e.6968/click - {}
RESULT: {}
COMMAND: GET /session/2eef3865f9633c585bb33c6ac0c7be86/screenshot - {}
RESULT: {}
RESULT: undefined
COMMAND: POST /session/2eef3865f9633c585bb33c6ac0c7be86/element - {"using":"xpath","value":"//*[@id=\"application-managehandovers-display-component---AddNewHO--popup-sa\"]"}
RESULT: {"using":"xpath","value":"//*[@id=\"application-managehandovers-display-component---AddNewHO--popup-sa\"]"}
COMMAND: POST /session/2eef3865f9633c585bb33c6ac0c7be86/element/f.38388B4EA542EE9F87EA90A6B1549037.d.1FA10AE6D8AC64AFCE90169251320AB2.e.6977/click - {}
RESULT: {}
COMMAND: GET /session/2eef3865f9633c585bb33c6ac0c7be86/screenshot - {}
RESULT: {}
COMMAND: POST /session/2eef3865f9633c585bb33c6ac0c7be86/element - {"using":"xpath","value":"//*[contains(@id ,\"BDI-content\")][contains(text(), \"Select\")]"}
RESULT: {"using":"xpath","value":"//*[contains(@id ,\"BDI-content\")][contains(text(), \"Select\")]"}
COMMAND: POST /session/2eef3865f9633c585bb33c6ac0c7be86/element/f.38388B4EA542EE9F87EA90A6B1549037.d.1FA10AE6D8AC64AFCE90169251320AB2.e.6979/click - {}
RESULT: {}
COMMAND: GET /session/2eef3865f9633c585bb33c6ac0c7be86/screenshot - {}
RESULT: {}
COMMAND: POST /session/2eef3865f9633c585bb33c6ac0c7be86/element - {"using":"xpath","value":"//bdi[(text() = 'Save' or . = 'Save')]"}
RESULT: {"using":"xpath","value":"//bdi[(text() = 'Save' or . = 'Save')]"}
COMMAND: POST /session/2eef3865f9633c585bb33c6ac0c7be86/element/f.38388B4EA542EE9F87EA90A6B1549037.d.1FA10AE6D8AC64AFCE90169251320AB2.e.6987/click - {}
RESULT: {}
COMMAND: GET /session/2eef3865f9633c585bb33c6ac0c7be86/screenshot - {}
RESULT: {}
]]></system-out>
    </testcase>
    <testcase classname="chrome.136_0_7103_93.windows.Provide_to_Site_w/_warehouse_management_w_clarification" name="Should test for Handover Execution" time="151.125">
      <system-out><![CDATA[
COMMAND: POST /session/2eef3865f9633c585bb33c6ac0c7be86/execute/async - {"script":"<script> [1562 bytes]","args":[{"selector":{"controlType":"sap.m.Link","viewName":"etm.portal.ui.managehandovers.view.DetailExecuteHO","bindingPath":{"path":"","propertyPath":"/wmDoc","modelName":"warehouseMovModel"}},"wdio_ui5_key":"etmportal.ui.managehandovers.view.DetailExecuteHOsap.m.Link{\"path\":\"\",\"propertyPath\":\"/wmDoc\",\"modelName\":\"warehouseMovModel\"}"}]}
RESULT: {"script":"<script> [1562 bytes]","args":[{"selector":{"controlType":"sap.m.Link","viewName":"etm.portal.ui.managehandovers.view.DetailExecuteHO","bindingPath":{"path":"","propertyPath":"/wmDoc","modelName":"warehouseMovModel"}},"wdio_ui5_key":"etmportal.ui.managehandovers.view.DetailExecuteHOsap.m.Link{\"path\":\"\",\"propertyPath\":\"/wmDoc\",\"modelName\":\"warehouseMovModel\"}"}]}
RESULT: undefined
COMMAND: POST /session/2eef3865f9633c585bb33c6ac0c7be86/element - {"using":"xpath","value":"//*[@id=\"__link82\"]"}
RESULT: {"using":"xpath","value":"//*[@id=\"__link82\"]"}
COMMAND: POST /session/2eef3865f9633c585bb33c6ac0c7be86/element/f.38388B4EA542EE9F87EA90A6B1549037.d.1FA10AE6D8AC64AFCE90169251320AB2.e.7028/click - {}
RESULT: {}
COMMAND: GET /session/2eef3865f9633c585bb33c6ac0c7be86/screenshot - {}
RESULT: {}
COMMAND: POST /session/2eef3865f9633c585bb33c6ac0c7be86/execute/async - {"script":"<script> [1562 bytes]","args":[{"selector":{"controlType":"sap.m.Link","viewName":"etm.portal.ui.managehandovers.view.DetailExecuteHO","properties":{"text":"Warehouse Overview"},"searchOpenDialogs":true},"wdio_ui5_key":"etmportal.ui.managehandovers.view.DetailExecuteHOsap.m.Link{\"text\":\"Warehouse Overview\"}"}]}
RESULT: {"script":"<script> [1562 bytes]","args":[{"selector":{"controlType":"sap.m.Link","viewName":"etm.portal.ui.managehandovers.view.DetailExecuteHO","properties":{"text":"Warehouse Overview"},"searchOpenDialogs":true},"wdio_ui5_key":"etmportal.ui.managehandovers.view.DetailExecuteHOsap.m.Link{\"text\":\"Warehouse Overview\"}"}]}
RESULT: undefined
COMMAND: POST /session/2eef3865f9633c585bb33c6ac0c7be86/element - {"using":"xpath","value":"//*[@id=\"__link98\"]"}
RESULT: {"using":"xpath","value":"//*[@id=\"__link98\"]"}
COMMAND: POST /session/2eef3865f9633c585bb33c6ac0c7be86/element/f.38388B4EA542EE9F87EA90A6B1549037.d.1FA10AE6D8AC64AFCE90169251320AB2.e.7032/click - {}
RESULT: {}
COMMAND: GET /session/2eef3865f9633c585bb33c6ac0c7be86/screenshot - {}
RESULT: {}
COMMAND: POST /session/2eef3865f9633c585bb33c6ac0c7be86/execute/async - {"script":"<script> [1562 bytes]","args":[{"selector":{"controlType":"sap.m.Button","viewName":"etm.portal.ui.warehousemovements.view.DisplayMovement","viewId":"application-warehousemovements-display-component---displayMovement","i18NText":{"propertyName":"text","key":"execution"},"interaction":{"idSuffix":"BDI-content"}},"wdio_ui5_key":"etmportal.ui.warehousemovements.view.DisplayMovementsap.m.Button{\"propertyName\":\"text\",\"key\":\"execution\"}"}]}
RESULT: {"script":"<script> [1562 bytes]","args":[{"selector":{"controlType":"sap.m.Button","viewName":"etm.portal.ui.warehousemovements.view.DisplayMovement","viewId":"application-warehousemovements-display-component---displayMovement","i18NText":{"propertyName":"text","key":"execution"},"interaction":{"idSuffix":"BDI-content"}},"wdio_ui5_key":"etmportal.ui.warehousemovements.view.DisplayMovementsap.m.Button{\"propertyName\":\"text\",\"key\":\"execution\"}"}]}
RESULT: undefined
COMMAND: POST /session/2eef3865f9633c585bb33c6ac0c7be86/element - {"using":"xpath","value":"//*[@id=\"__button247\"]"}
RESULT: {"using":"xpath","value":"//*[@id=\"__button247\"]"}
COMMAND: POST /session/2eef3865f9633c585bb33c6ac0c7be86/element/f.38388B4EA542EE9F87EA90A6B1549037.d.1FA10AE6D8AC64AFCE90169251320AB2.e.7198/click - {}
RESULT: {}
COMMAND: GET /session/2eef3865f9633c585bb33c6ac0c7be86/screenshot - {}
RESULT: {}
COMMAND: POST /session/2eef3865f9633c585bb33c6ac0c7be86/execute/async - {"script":"<script> [1562 bytes]","args":[{"selector":{"controlType":"sap.m.Button","viewName":"etm.portal.ui.warehousemovements.view.ExecuteMovement","viewId":"application-warehousemovements-display-component---executeMovement","properties":{"text":"Items"},"interaction":{"idSuffix":"BDI-content"}},"wdio_ui5_key":"etmportal.ui.warehousemovements.view.ExecuteMovementsap.m.Button{\"text\":\"Items\"}"}]}
RESULT: {"script":"<script> [1562 bytes]","args":[{"selector":{"controlType":"sap.m.Button","viewName":"etm.portal.ui.warehousemovements.view.ExecuteMovement","viewId":"application-warehousemovements-display-component---executeMovement","properties":{"text":"Items"},"interaction":{"idSuffix":"BDI-content"}},"wdio_ui5_key":"etmportal.ui.warehousemovements.view.ExecuteMovementsap.m.Button{\"text\":\"Items\"}"}]}
RESULT: undefined
COMMAND: POST /session/2eef3865f9633c585bb33c6ac0c7be86/element - {"using":"xpath","value":"//*[@id=\"__layout379-anchBar-application-warehousemovements-display-component---executeMovement--itemsSection-anchor\"]"}
RESULT: {"using":"xpath","value":"//*[@id=\"__layout379-anchBar-application-warehousemovements-display-component---executeMovement--itemsSection-anchor\"]"}
COMMAND: POST /session/2eef3865f9633c585bb33c6ac0c7be86/element/f.38388B4EA542EE9F87EA90A6B1549037.d.1FA10AE6D8AC64AFCE90169251320AB2.e.7293/click - {}
RESULT: {}
COMMAND: GET /session/2eef3865f9633c585bb33c6ac0c7be86/screenshot - {}
RESULT: {}
COMMAND: POST /session/2eef3865f9633c585bb33c6ac0c7be86/execute/async - {"script":"<script> [1562 bytes]","args":[{"selector":{"controlType":"sap.m.ToggleButton","viewName":"etm.portal.ui.warehousemovements.view.ExecuteMovement","viewId":"application-warehousemovements-display-component---executeMovement","bindingPath":{"propertyPath":"STATUS","modelName":"catalogModel"},"interaction":{"idSuffix":"BDI-content"}},"wdio_ui5_key":"etmportal.ui.warehousemovements.view.ExecuteMovementsap.m.ToggleButton{\"propertyPath\":\"STATUS\",\"modelName\":\"catalogModel\"}"}]}
RESULT: {"script":"<script> [1562 bytes]","args":[{"selector":{"controlType":"sap.m.ToggleButton","viewName":"etm.portal.ui.warehousemovements.view.ExecuteMovement","viewId":"application-warehousemovements-display-component---executeMovement","bindingPath":{"propertyPath":"STATUS","modelName":"catalogModel"},"interaction":{"idSuffix":"BDI-content"}},"wdio_ui5_key":"etmportal.ui.warehousemovements.view.ExecuteMovementsap.m.ToggleButton{\"propertyPath\":\"STATUS\",\"modelName\":\"catalogModel\"}"}]}
RESULT: undefined
COMMAND: POST /session/2eef3865f9633c585bb33c6ac0c7be86/element - {"using":"xpath","value":"//*[@id=\"__button272-__clone2389\"]"}
RESULT: {"using":"xpath","value":"//*[@id=\"__button272-__clone2389\"]"}
COMMAND: POST /session/2eef3865f9633c585bb33c6ac0c7be86/element/f.38388B4EA542EE9F87EA90A6B1549037.d.1FA10AE6D8AC64AFCE90169251320AB2.e.7272/click - {}
RESULT: {}
RESULT: undefined
COMMAND: POST /session/2eef3865f9633c585bb33c6ac0c7be86/element - {"using":"xpath","value":"//*[@id=\"__button272-__clone2389\"]"}
COMMAND: GET /session/2eef3865f9633c585bb33c6ac0c7be86/screenshot - {}
RESULT: {"using":"xpath","value":"//*[@id=\"__button272-__clone2389\"]"}
COMMAND: POST /session/2eef3865f9633c585bb33c6ac0c7be86/element/f.38388B4EA542EE9F87EA90A6B1549037.d.1FA10AE6D8AC64AFCE90169251320AB2.e.7272/click - {}
RESULT: {}
RESULT: {}
COMMAND: GET /session/2eef3865f9633c585bb33c6ac0c7be86/screenshot - {}
RESULT: {}
COMMAND: POST /session/2eef3865f9633c585bb33c6ac0c7be86/element - {"using":"xpath","value":"//section[contains(@id,\"FC-NoHead\")]/div[1]/div[5]/div[2]/span"}
RESULT: {"using":"xpath","value":"//section[contains(@id,\"FC-NoHead\")]/div[1]/div[5]/div[2]/span"}
COMMAND: POST /session/2eef3865f9633c585bb33c6ac0c7be86/elements - {"using":"xpath","value":"//section[contains(@id,\"FC-NoHead\")]/div[1]/div[5]/div[2]/span"}
RESULT: {"using":"xpath","value":"//section[contains(@id,\"FC-NoHead\")]/div[1]/div[5]/div[2]/span"}
COMMAND: POST /session/2eef3865f9633c585bb33c6ac0c7be86/execute/sync - {"script":"<script> [56 bytes]","args":[{"element-6066-11e4-a52e-4f735466cecf":"f.38388B4EA542EE9F87EA90A6B1549037.d.1FA10AE6D8AC64AFCE90169251320AB2.e.7300","ELEMENT":"f.38388B4EA542EE9F87EA90A6B1549037.d.1FA10AE6D8AC64AFCE90169251320AB2.e.7300"}]}
RESULT: {"script":"<script> [56 bytes]","args":[{"element-6066-11e4-a52e-4f735466cecf":"f.38388B4EA542EE9F87EA90A6B1549037.d.1FA10AE6D8AC64AFCE90169251320AB2.e.7300","ELEMENT":"f.38388B4EA542EE9F87EA90A6B1549037.d.1FA10AE6D8AC64AFCE90169251320AB2.e.7300"}]}
COMMAND: POST /session/2eef3865f9633c585bb33c6ac0c7be86/actions - {"actions":[{"id":"action23","type":"key","parameters":{},"actions":[{"type":"keyDown","value":""},{"type":"pause","duration":10},{"type":"keyUp","value":""}]}]}
COMMAND: GET /session/2eef3865f9633c585bb33c6ac0c7be86/screenshot - {}
RESULT: {"actions":[{"id":"action23","type":"key","parameters":{},"actions":[{"type":"keyDown","value":""},{"type":"pause","duration":10},{"type":"keyUp","value":""}]}]}
COMMAND: POST /session/2eef3865f9633c585bb33c6ac0c7be86/execute/async - {"script":"<script> [1562 bytes]","args":[{"selector":{"id":"application-warehousemovements-display-component---executeMovement--executeId","interaction":{"idSuffix":"BDI-content"}},"wdio_ui5_key":"applicationwarehousemovements-display-component---executeMovement--executeId"}]}
COMMAND: GET /session/2eef3865f9633c585bb33c6ac0c7be86/screenshot - {}
RESULT: {}
RESULT: {"script":"<script> [1562 bytes]","args":[{"selector":{"id":"application-warehousemovements-display-component---executeMovement--executeId","interaction":{"idSuffix":"BDI-content"}},"wdio_ui5_key":"applicationwarehousemovements-display-component---executeMovement--executeId"}]}
RESULT: undefined
COMMAND: POST /session/2eef3865f9633c585bb33c6ac0c7be86/element - {"using":"xpath","value":"//*[@id=\"application-warehousemovements-display-component---executeMovement--executeId\"]"}
RESULT: {}
RESULT: {"using":"xpath","value":"//*[@id=\"application-warehousemovements-display-component---executeMovement--executeId\"]"}
COMMAND: POST /session/2eef3865f9633c585bb33c6ac0c7be86/element/f.38388B4EA542EE9F87EA90A6B1549037.d.1FA10AE6D8AC64AFCE90169251320AB2.e.7266/click - {}
RESULT: {}
COMMAND: GET /session/2eef3865f9633c585bb33c6ac0c7be86/screenshot - {}
RESULT: {}
COMMAND: POST /session/2eef3865f9633c585bb33c6ac0c7be86/element - {"using":"css selector","value":"#shell-header-logo"}
RESULT: {"using":"css selector","value":"#shell-header-logo"}
COMMAND: POST /session/2eef3865f9633c585bb33c6ac0c7be86/element/f.38388B4EA542EE9F87EA90A6B1549037.d.1FA10AE6D8AC64AFCE90169251320AB2.e.6021/click - {}
RESULT: {}
COMMAND: GET /session/2eef3865f9633c585bb33c6ac0c7be86/screenshot - {}
RESULT: {}
RESULT: undefined
COMMAND: POST /session/2eef3865f9633c585bb33c6ac0c7be86/element - {"using":"xpath","value":"//*[@id=\"__tile130\"]"}
RESULT: {"using":"xpath","value":"//*[@id=\"__tile130\"]"}
COMMAND: POST /session/2eef3865f9633c585bb33c6ac0c7be86/element/f.38388B4EA542EE9F87EA90A6B1549037.d.1FA10AE6D8AC64AFCE90169251320AB2.e.4539/click - {}
RESULT: {}
COMMAND: GET /session/2eef3865f9633c585bb33c6ac0c7be86/screenshot - {}
RESULT: {}
COMMAND: POST /session/2eef3865f9633c585bb33c6ac0c7be86/elements - {"using":"xpath","value":"//span[text()='Error']"}
RESULT: {"using":"xpath","value":"//span[text()='Error']"}
COMMAND: POST /session/2eef3865f9633c585bb33c6ac0c7be86/execute/async - {"script":"<script> [1562 bytes]","args":[{"selector":{"controlType":"sap.m.SearchField","viewName":"etm.portal.ui.managehandovers.view.MasterHO","bindingPath":{"propertyPath":"/_BASIC_SEARCH_FIELD","modelName":"fi1t3rM0d31"},"interaction":{"idSuffix":"I"}},"wdio_ui5_key":"etmportal.ui.managehandovers.view.MasterHOsap.m.SearchField{\"propertyPath\":\"/_BASIC_SEARCH_FIELD\",\"modelName\":\"fi1t3rM0d31\"}"}]}
RESULT: {"script":"<script> [1562 bytes]","args":[{"selector":{"controlType":"sap.m.SearchField","viewName":"etm.portal.ui.managehandovers.view.MasterHO","bindingPath":{"propertyPath":"/_BASIC_SEARCH_FIELD","modelName":"fi1t3rM0d31"},"interaction":{"idSuffix":"I"}},"wdio_ui5_key":"etmportal.ui.managehandovers.view.MasterHOsap.m.SearchField{\"propertyPath\":\"/_BASIC_SEARCH_FIELD\",\"modelName\":\"fi1t3rM0d31\"}"}]}
RESULT: undefined
COMMAND: POST /session/2eef3865f9633c585bb33c6ac0c7be86/execute/async - {"script":"<script> [776 bytes]","args":[{"enterText":"30416","selector":{"controlType":"sap.m.SearchField","viewName":"etm.portal.ui.managehandovers.view.MasterHO","bindingPath":{"propertyPath":"/_BASIC_SEARCH_FIELD","modelName":"fi1t3rM0d31"},"interaction":{"idSuffix":"I"}},"clearTextFirst":true,"interactionType":"ENTER_TEXT"}]}
RESULT: {"script":"<script> [776 bytes]","args":[{"enterText":"30416","selector":{"controlType":"sap.m.SearchField","viewName":"etm.portal.ui.managehandovers.view.MasterHO","bindingPath":{"propertyPath":"/_BASIC_SEARCH_FIELD","modelName":"fi1t3rM0d31"},"interaction":{"idSuffix":"I"}},"clearTextFirst":true,"interactionType":"ENTER_TEXT"}]}
COMMAND: POST /session/2eef3865f9633c585bb33c6ac0c7be86/actions - {"actions":[{"id":"action24","type":"key","parameters":{},"actions":[{"type":"keyDown","value":""},{"type":"pause","duration":10},{"type":"keyUp","value":""}]}]}
RESULT: {"actions":[{"id":"action24","type":"key","parameters":{},"actions":[{"type":"keyDown","value":""},{"type":"pause","duration":10},{"type":"keyUp","value":""}]}]}
COMMAND: GET /session/2eef3865f9633c585bb33c6ac0c7be86/screenshot - {}
RESULT: {}
COMMAND: POST /session/2eef3865f9633c585bb33c6ac0c7be86/execute/async - {"script":"<script> [1562 bytes]","args":[{"selector":{"controlType":"sap.ui.core.Icon","viewName":"etm.portal.ui.managehandovers.view.MasterHO","properties":{"src":{"regex":{"source":"slim\\-arrow\\-right"}}}},"wdio_ui5_key":"etmportal.ui.managehandovers.view.MasterHOsap.ui.core.Icon{\"src\":{\"regex\":{\"source\":\"slim\\\\-arrow\\\\-right\"}}}"}]}
RESULT: {"script":"<script> [1562 bytes]","args":[{"selector":{"controlType":"sap.ui.core.Icon","viewName":"etm.portal.ui.managehandovers.view.MasterHO","properties":{"src":{"regex":{"source":"slim\\-arrow\\-right"}}}},"wdio_ui5_key":"etmportal.ui.managehandovers.view.MasterHOsap.ui.core.Icon{\"src\":{\"regex\":{\"source\":\"slim\\\\-arrow\\\\-right\"}}}"}]}
RESULT: undefined
COMMAND: POST /session/2eef3865f9633c585bb33c6ac0c7be86/element - {"using":"xpath","value":"//*[@id=\"__item1252-__clone2468-imgNav\"]"}
RESULT: {"using":"xpath","value":"//*[@id=\"__item1252-__clone2468-imgNav\"]"}
COMMAND: POST /session/2eef3865f9633c585bb33c6ac0c7be86/element/f.38388B4EA542EE9F87EA90A6B1549037.d.1FA10AE6D8AC64AFCE90169251320AB2.e.7474/click - {}
RESULT: {}
COMMAND: GET /session/2eef3865f9633c585bb33c6ac0c7be86/screenshot - {}
RESULT: {}
COMMAND: POST /session/2eef3865f9633c585bb33c6ac0c7be86/element - {"using":"xpath","value":"//button[@data-kt=\"IssuingTableConfirmAllButton\"]"}
RESULT: {"using":"xpath","value":"//button[@data-kt=\"IssuingTableConfirmAllButton\"]"}
COMMAND: POST /session/2eef3865f9633c585bb33c6ac0c7be86/element/f.38388B4EA542EE9F87EA90A6B1549037.d.1FA10AE6D8AC64AFCE90169251320AB2.e.7569/click - {}
RESULT: {}
COMMAND: GET /session/2eef3865f9633c585bb33c6ac0c7be86/screenshot - {}
RESULT: {}
COMMAND: POST /session/2eef3865f9633c585bb33c6ac0c7be86/element - {"using":"xpath","value":"//bdi[contains(text(), \"OK\")]"}
RESULT: {"using":"xpath","value":"//bdi[contains(text(), \"OK\")]"}
COMMAND: POST /session/2eef3865f9633c585bb33c6ac0c7be86/element/f.38388B4EA542EE9F87EA90A6B1549037.d.1FA10AE6D8AC64AFCE90169251320AB2.e.7577/click - {}
RESULT: {}
COMMAND: GET /session/2eef3865f9633c585bb33c6ac0c7be86/screenshot - {}
RESULT: {}
COMMAND: POST /session/2eef3865f9633c585bb33c6ac0c7be86/element - {"using":"xpath","value":"//button[@data-kt=\"execHoIssueButton\"]"}
RESULT: {"using":"xpath","value":"//button[@data-kt=\"execHoIssueButton\"]"}
COMMAND: POST /session/2eef3865f9633c585bb33c6ac0c7be86/element/f.38388B4EA542EE9F87EA90A6B1549037.d.1FA10AE6D8AC64AFCE90169251320AB2.e.7578/click - {}
RESULT: {}
COMMAND: GET /session/2eef3865f9633c585bb33c6ac0c7be86/screenshot - {}
RESULT: {}
RESULT: undefined
COMMAND: POST /session/2eef3865f9633c585bb33c6ac0c7be86/execute/async - {"script":"<script> [776 bytes]","args":[{"enterText":"30416","selector":{"controlType":"sap.m.SearchField","viewName":"etm.portal.ui.managehandovers.view.MasterHO","bindingPath":{"propertyPath":"/_BASIC_SEARCH_FIELD","modelName":"fi1t3rM0d31"},"interaction":{"idSuffix":"I"}},"clearTextFirst":true,"interactionType":"ENTER_TEXT"}]}
RESULT: {"script":"<script> [776 bytes]","args":[{"enterText":"30416","selector":{"controlType":"sap.m.SearchField","viewName":"etm.portal.ui.managehandovers.view.MasterHO","bindingPath":{"propertyPath":"/_BASIC_SEARCH_FIELD","modelName":"fi1t3rM0d31"},"interaction":{"idSuffix":"I"}},"clearTextFirst":true,"interactionType":"ENTER_TEXT"}]}
COMMAND: POST /session/2eef3865f9633c585bb33c6ac0c7be86/actions - {"actions":[{"id":"action25","type":"key","parameters":{},"actions":[{"type":"keyDown","value":""},{"type":"pause","duration":10},{"type":"keyUp","value":""}]}]}
RESULT: {"actions":[{"id":"action25","type":"key","parameters":{},"actions":[{"type":"keyDown","value":""},{"type":"pause","duration":10},{"type":"keyUp","value":""}]}]}
COMMAND: GET /session/2eef3865f9633c585bb33c6ac0c7be86/screenshot - {}
RESULT: {}
COMMAND: POST /session/2eef3865f9633c585bb33c6ac0c7be86/element - {"using":"xpath","value":"//span[(text() = '30416' or . = '30416')]"}
RESULT: {"using":"xpath","value":"//span[(text() = '30416' or . = '30416')]"}
COMMAND: POST /session/2eef3865f9633c585bb33c6ac0c7be86/element/f.38388B4EA542EE9F87EA90A6B1549037.d.1FA10AE6D8AC64AFCE90169251320AB2.e.7623/click - {}
RESULT: {}
COMMAND: GET /session/2eef3865f9633c585bb33c6ac0c7be86/screenshot - {}
RESULT: {}
COMMAND: POST /session/2eef3865f9633c585bb33c6ac0c7be86/element - {"using":"xpath","value":"//span[contains(text(), \"Instructions\")]"}
RESULT: {"using":"xpath","value":"//span[contains(text(), \"Instructions\")]"}
COMMAND: POST /session/2eef3865f9633c585bb33c6ac0c7be86/element/f.38388B4EA542EE9F87EA90A6B1549037.d.1FA10AE6D8AC64AFCE90169251320AB2.e.7668/click - {}
RESULT: {}
COMMAND: GET /session/2eef3865f9633c585bb33c6ac0c7be86/screenshot - {}
RESULT: {}
COMMAND: POST /session/2eef3865f9633c585bb33c6ac0c7be86/element - {"using":"xpath","value":"//span[contains(text(), \"Instructions\")]"}
RESULT: {"using":"xpath","value":"//span[contains(text(), \"Instructions\")]"}
COMMAND: POST /session/2eef3865f9633c585bb33c6ac0c7be86/element/f.38388B4EA542EE9F87EA90A6B1549037.d.1FA10AE6D8AC64AFCE90169251320AB2.e.7668/click - {}
RESULT: {}
COMMAND: GET /session/2eef3865f9633c585bb33c6ac0c7be86/screenshot - {}
RESULT: {}
COMMAND: POST /session/2eef3865f9633c585bb33c6ac0c7be86/execute/async - {"script":"<script> [1562 bytes]","args":[{"selector":{"controlType":"sap.m.ComboBox","viewName":"etm.portal.ui.managehandovers.view.DetailExecuteHO","bindingPath":{"propertyPath":"RECEIVING_SECTION","modelName":"catalogModel"},"interaction":{"idSuffix":"inner"}},"wdio_ui5_key":"etmportal.ui.managehandovers.view.DetailExecuteHOsap.m.ComboBox{\"propertyPath\":\"RECEIVING_SECTION\",\"modelName\":\"catalogModel\"}"}]}
RESULT: {"script":"<script> [1562 bytes]","args":[{"selector":{"controlType":"sap.m.ComboBox","viewName":"etm.portal.ui.managehandovers.view.DetailExecuteHO","bindingPath":{"propertyPath":"RECEIVING_SECTION","modelName":"catalogModel"},"interaction":{"idSuffix":"inner"}},"wdio_ui5_key":"etmportal.ui.managehandovers.view.DetailExecuteHOsap.m.ComboBox{\"propertyPath\":\"RECEIVING_SECTION\",\"modelName\":\"catalogModel\"}"}]}
RESULT: undefined
COMMAND: POST /session/2eef3865f9633c585bb33c6ac0c7be86/execute/async - {"script":"<script> [776 bytes]","args":[{"enterText":"WDIO-2112","selector":{"controlType":"sap.m.ComboBox","viewName":"etm.portal.ui.managehandovers.view.DetailExecuteHO","bindingPath":{"propertyPath":"RECEIVING_SECTION","modelName":"catalogModel"},"interaction":{"idSuffix":"inner"}},"clearTextFirst":true,"interactionType":"ENTER_TEXT"}]}
RESULT: {"script":"<script> [776 bytes]","args":[{"enterText":"WDIO-2112","selector":{"controlType":"sap.m.ComboBox","viewName":"etm.portal.ui.managehandovers.view.DetailExecuteHO","bindingPath":{"propertyPath":"RECEIVING_SECTION","modelName":"catalogModel"},"interaction":{"idSuffix":"inner"}},"clearTextFirst":true,"interactionType":"ENTER_TEXT"}]}
COMMAND: POST /session/2eef3865f9633c585bb33c6ac0c7be86/actions - {"actions":[{"id":"action26","type":"key","parameters":{},"actions":[{"type":"keyDown","value":""},{"type":"pause","duration":10},{"type":"keyUp","value":""}]}]}
RESULT: {"actions":[{"id":"action26","type":"key","parameters":{},"actions":[{"type":"keyDown","value":""},{"type":"pause","duration":10},{"type":"keyUp","value":""}]}]}
COMMAND: GET /session/2eef3865f9633c585bb33c6ac0c7be86/screenshot - {}
RESULT: {}
COMMAND: POST /session/2eef3865f9633c585bb33c6ac0c7be86/element - {"using":"xpath","value":"//button[@data-kt= \"execHoReceiveButton\"]"}
RESULT: {"using":"xpath","value":"//button[@data-kt= \"execHoReceiveButton\"]"}
COMMAND: POST /session/2eef3865f9633c585bb33c6ac0c7be86/element/f.38388B4EA542EE9F87EA90A6B1549037.d.1FA10AE6D8AC64AFCE90169251320AB2.e.7674/click - {}
RESULT: {}
COMMAND: GET /session/2eef3865f9633c585bb33c6ac0c7be86/screenshot - {}
RESULT: {}
COMMAND: POST /session/2eef3865f9633c585bb33c6ac0c7be86/execute/async - {"script":"<script> [1562 bytes]","args":[{"selector":{"controlType":"sap.m.Button","properties":{"text":"Continue"},"searchOpenDialogs":true,"interaction":{"idSuffix":"content"}},"wdio_ui5_key":"sapm.Button{\"text\":\"Continue\"}"}]}
RESULT: {"script":"<script> [1562 bytes]","args":[{"selector":{"controlType":"sap.m.Button","properties":{"text":"Continue"},"searchOpenDialogs":true,"interaction":{"idSuffix":"content"}},"wdio_ui5_key":"sapm.Button{\"text\":\"Continue\"}"}]}
RESULT: undefined
COMMAND: POST /session/2eef3865f9633c585bb33c6ac0c7be86/element - {"using":"xpath","value":"//*[@id=\"__mbox-btn-6\"]"}
RESULT: {"using":"xpath","value":"//*[@id=\"__mbox-btn-6\"]"}
COMMAND: POST /session/2eef3865f9633c585bb33c6ac0c7be86/element/f.38388B4EA542EE9F87EA90A6B1549037.d.1FA10AE6D8AC64AFCE90169251320AB2.e.7675/click - {}
RESULT: {}
COMMAND: GET /session/2eef3865f9633c585bb33c6ac0c7be86/screenshot - {}
RESULT: {}
COMMAND: POST /session/2eef3865f9633c585bb33c6ac0c7be86/element - {"using":"css selector","value":"#shell-header-logo"}
RESULT: {"using":"css selector","value":"#shell-header-logo"}
COMMAND: POST /session/2eef3865f9633c585bb33c6ac0c7be86/element/f.38388B4EA542EE9F87EA90A6B1549037.d.1FA10AE6D8AC64AFCE90169251320AB2.e.7367/click - {}
RESULT: {}
COMMAND: GET /session/2eef3865f9633c585bb33c6ac0c7be86/screenshot - {}
RESULT: {}
]]></system-out>
    </testcase>
    <testcase classname="chrome.136_0_7103_93.windows.Provide_to_Site_w/_warehouse_management_w_clarification" name="Should test for Clarification" time="63.223">
      <system-out><![CDATA[
RESULT: undefined
COMMAND: POST /session/2eef3865f9633c585bb33c6ac0c7be86/element - {"using":"xpath","value":"//*[@id=\"__tile130\"]"}
RESULT: {"using":"xpath","value":"//*[@id=\"__tile130\"]"}
COMMAND: POST /session/2eef3865f9633c585bb33c6ac0c7be86/element/f.38388B4EA542EE9F87EA90A6B1549037.d.1FA10AE6D8AC64AFCE90169251320AB2.e.4539/click - {}
RESULT: {}
COMMAND: GET /session/2eef3865f9633c585bb33c6ac0c7be86/screenshot - {}
RESULT: {}
COMMAND: POST /session/2eef3865f9633c585bb33c6ac0c7be86/elements - {"using":"xpath","value":"//span[text()='Error']"}
RESULT: {"using":"xpath","value":"//span[text()='Error']"}
RESULT: undefined
COMMAND: POST /session/2eef3865f9633c585bb33c6ac0c7be86/execute/async - {"script":"<script> [776 bytes]","args":[{"enterText":"30416","selector":{"controlType":"sap.m.SearchField","viewName":"etm.portal.ui.managehandovers.view.MasterHO","bindingPath":{"propertyPath":"/_BASIC_SEARCH_FIELD","modelName":"fi1t3rM0d31"},"interaction":{"idSuffix":"I"}},"clearTextFirst":true,"interactionType":"ENTER_TEXT"}]}
RESULT: {"script":"<script> [776 bytes]","args":[{"enterText":"30416","selector":{"controlType":"sap.m.SearchField","viewName":"etm.portal.ui.managehandovers.view.MasterHO","bindingPath":{"propertyPath":"/_BASIC_SEARCH_FIELD","modelName":"fi1t3rM0d31"},"interaction":{"idSuffix":"I"}},"clearTextFirst":true,"interactionType":"ENTER_TEXT"}]}
COMMAND: POST /session/2eef3865f9633c585bb33c6ac0c7be86/actions - {"actions":[{"id":"action27","type":"key","parameters":{},"actions":[{"type":"keyDown","value":""},{"type":"pause","duration":10},{"type":"keyUp","value":""}]}]}
RESULT: {"actions":[{"id":"action27","type":"key","parameters":{},"actions":[{"type":"keyDown","value":""},{"type":"pause","duration":10},{"type":"keyUp","value":""}]}]}
COMMAND: GET /session/2eef3865f9633c585bb33c6ac0c7be86/screenshot - {}
RESULT: {}
COMMAND: POST /session/2eef3865f9633c585bb33c6ac0c7be86/element - {"using":"xpath","value":"//span[(text() = '30416' or . = '30416')]"}
RESULT: {"using":"xpath","value":"//span[(text() = '30416' or . = '30416')]"}
COMMAND: POST /session/2eef3865f9633c585bb33c6ac0c7be86/element/f.38388B4EA542EE9F87EA90A6B1549037.d.1FA10AE6D8AC64AFCE90169251320AB2.e.7839/click - {}
RESULT: {}
COMMAND: GET /session/2eef3865f9633c585bb33c6ac0c7be86/screenshot - {}
RESULT: {}
COMMAND: POST /session/2eef3865f9633c585bb33c6ac0c7be86/element - {"using":"xpath","value":"//span[contains(text(), \"Instructions\")]"}
RESULT: {"using":"xpath","value":"//span[contains(text(), \"Instructions\")]"}
COMMAND: POST /session/2eef3865f9633c585bb33c6ac0c7be86/element/f.38388B4EA542EE9F87EA90A6B1549037.d.1FA10AE6D8AC64AFCE90169251320AB2.e.7933/click - {}
RESULT: {}
COMMAND: GET /session/2eef3865f9633c585bb33c6ac0c7be86/screenshot - {}
RESULT: {}
COMMAND: POST /session/2eef3865f9633c585bb33c6ac0c7be86/element - {"using":"xpath","value":"//span[contains(text(), \"Instructions\")]"}
RESULT: {"using":"xpath","value":"//span[contains(text(), \"Instructions\")]"}
COMMAND: POST /session/2eef3865f9633c585bb33c6ac0c7be86/element/f.38388B4EA542EE9F87EA90A6B1549037.d.1FA10AE6D8AC64AFCE90169251320AB2.e.7933/click - {}
RESULT: {}
COMMAND: GET /session/2eef3865f9633c585bb33c6ac0c7be86/screenshot - {}
RESULT: {}
COMMAND: POST /session/2eef3865f9633c585bb33c6ac0c7be86/element - {"using":"xpath","value":"//button[.//bdi[text() = \"Refuse\"]]"}
RESULT: {"using":"xpath","value":"//button[.//bdi[text() = \"Refuse\"]]"}
COMMAND: POST /session/2eef3865f9633c585bb33c6ac0c7be86/element/f.38388B4EA542EE9F87EA90A6B1549037.d.1FA10AE6D8AC64AFCE90169251320AB2.e.7939/click - {}
RESULT: {}
COMMAND: GET /session/2eef3865f9633c585bb33c6ac0c7be86/screenshot - {}
RESULT: {}
COMMAND: POST /session/2eef3865f9633c585bb33c6ac0c7be86/element - {"using":"xpath","value":"//button[@data-kt= \"execHoReceiveRefuseButton\"]"}
RESULT: {"using":"xpath","value":"//button[@data-kt= \"execHoReceiveRefuseButton\"]"}
COMMAND: POST /session/2eef3865f9633c585bb33c6ac0c7be86/element/f.38388B4EA542EE9F87EA90A6B1549037.d.1FA10AE6D8AC64AFCE90169251320AB2.e.7942/click - {}
RESULT: {}
COMMAND: GET /session/2eef3865f9633c585bb33c6ac0c7be86/screenshot - {}
RESULT: {}
COMMAND: POST /session/2eef3865f9633c585bb33c6ac0c7be86/element - {"using":"css selector","value":"#shell-header-logo"}
RESULT: {"using":"css selector","value":"#shell-header-logo"}
COMMAND: POST /session/2eef3865f9633c585bb33c6ac0c7be86/element/f.38388B4EA542EE9F87EA90A6B1549037.d.1FA10AE6D8AC64AFCE90169251320AB2.e.7717/click - {}
RESULT: {}
COMMAND: GET /session/2eef3865f9633c585bb33c6ac0c7be86/screenshot - {}
RESULT: {}
COMMAND: POST /session/2eef3865f9633c585bb33c6ac0c7be86/element - {"using":"css selector","value":"#j_username"}
COMMAND: POST /session/2eef3865f9633c585bb33c6ac0c7be86/url - {"url":"https://qa-testing-00-live-etm-ui.cfapps.eu10-004.hana.ondemand.com/"}
RESULT: {"using":"css selector","value":"#j_username"}
COMMAND: POST /session/2eef3865f9633c585bb33c6ac0c7be86/element - {"using":"css selector","value":"#j_username"}
RESULT: {"url":"https://qa-testing-00-live-etm-ui.cfapps.eu10-004.hana.ondemand.com/"}
RESULT: undefined
COMMAND: GET /session/2eef3865f9633c585bb33c6ac0c7be86/screenshot - {}
RESULT: {"using":"css selector","value":"#j_username"}
COMMAND: POST /session/2eef3865f9633c585bb33c6ac0c7be86/element - {"using":"css selector","value":"#shell-header-logo"}
RESULT: {}
RESULT: {"using":"css selector","value":"#shell-header-logo"}
COMMAND: POST /session/2eef3865f9633c585bb33c6ac0c7be86/execute/sync - {"script":"<script> [8489 bytes]","args":[{"element-6066-11e4-a52e-4f735466cecf":"f.38388B4EA542EE9F87EA90A6B1549037.d.CD9AF7EAC3BA4ABBC0B73B86DBB89E7A.e.7994","ELEMENT":"f.38388B4EA542EE9F87EA90A6B1549037.d.CD9AF7EAC3BA4ABBC0B73B86DBB89E7A.e.7994"}]}
RESULT: {"script":"<script> [8489 bytes]","args":[{"element-6066-11e4-a52e-4f735466cecf":"f.38388B4EA542EE9F87EA90A6B1549037.d.CD9AF7EAC3BA4ABBC0B73B86DBB89E7A.e.7994","ELEMENT":"f.38388B4EA542EE9F87EA90A6B1549037.d.CD9AF7EAC3BA4ABBC0B73B86DBB89E7A.e.7994"}]}
COMMAND: POST /session/2eef3865f9633c585bb33c6ac0c7be86/element - {"using":"css selector","value":"#shell-header-logo"}
COMMAND: GET /session/2eef3865f9633c585bb33c6ac0c7be86/screenshot - {}
RESULT: {"using":"css selector","value":"#shell-header-logo"}
COMMAND: POST /session/2eef3865f9633c585bb33c6ac0c7be86/execute/sync - {"script":"<script> [8489 bytes]","args":[{"element-6066-11e4-a52e-4f735466cecf":"f.38388B4EA542EE9F87EA90A6B1549037.d.CD9AF7EAC3BA4ABBC0B73B86DBB89E7A.e.7994","ELEMENT":"f.38388B4EA542EE9F87EA90A6B1549037.d.CD9AF7EAC3BA4ABBC0B73B86DBB89E7A.e.7994"}]}
RESULT: {}
RESULT: {"script":"<script> [8489 bytes]","args":[{"element-6066-11e4-a52e-4f735466cecf":"f.38388B4EA542EE9F87EA90A6B1549037.d.CD9AF7EAC3BA4ABBC0B73B86DBB89E7A.e.7994","ELEMENT":"f.38388B4EA542EE9F87EA90A6B1549037.d.CD9AF7EAC3BA4ABBC0B73B86DBB89E7A.e.7994"}]}
COMMAND: POST /session/2eef3865f9633c585bb33c6ac0c7be86/execute/sync - {"script":"<script> [5351 bytes]","args":[{"element-6066-11e4-a52e-4f735466cecf":"f.38388B4EA542EE9F87EA90A6B1549037.d.CD9AF7EAC3BA4ABBC0B73B86DBB89E7A.e.7994","ELEMENT":"f.38388B4EA542EE9F87EA90A6B1549037.d.CD9AF7EAC3BA4ABBC0B73B86DBB89E7A.e.7994"}]}
COMMAND: GET /session/2eef3865f9633c585bb33c6ac0c7be86/screenshot - {}
RESULT: {}
RESULT: {"script":"<script> [5351 bytes]","args":[{"element-6066-11e4-a52e-4f735466cecf":"f.38388B4EA542EE9F87EA90A6B1549037.d.CD9AF7EAC3BA4ABBC0B73B86DBB89E7A.e.7994","ELEMENT":"f.38388B4EA542EE9F87EA90A6B1549037.d.CD9AF7EAC3BA4ABBC0B73B86DBB89E7A.e.7994"}]}
COMMAND: POST /session/2eef3865f9633c585bb33c6ac0c7be86/element - {"using":"css selector","value":"#shell-header-logo"}
COMMAND: GET /session/2eef3865f9633c585bb33c6ac0c7be86/screenshot - {}
RESULT: {"using":"css selector","value":"#shell-header-logo"}
COMMAND: POST /session/2eef3865f9633c585bb33c6ac0c7be86/element/f.38388B4EA542EE9F87EA90A6B1549037.d.CD9AF7EAC3BA4ABBC0B73B86DBB89E7A.e.7994/click - {}
RESULT: {}
RESULT: {}
COMMAND: GET /session/2eef3865f9633c585bb33c6ac0c7be86/screenshot - {}
RESULT: {}
COMMAND: POST /session/2eef3865f9633c585bb33c6ac0c7be86/execute/async - {"script":"<script> [189 bytes]","args":[]}
RESULT: {"script":"<script> [189 bytes]","args":[]}
COMMAND: POST /session/2eef3865f9633c585bb33c6ac0c7be86/execute/async - {"script":"<script> [123 bytes]","args":[]}
RESULT: {"script":"<script> [123 bytes]","args":[]}
COMMAND: POST /session/2eef3865f9633c585bb33c6ac0c7be86/timeouts - {"script":"<number>"}
RESULT: {"script":"<number>"}
COMMAND: GET /session/2eef3865f9633c585bb33c6ac0c7be86/timeouts - {}
RESULT: {}
RESULT: undefined
COMMAND: POST /session/2eef3865f9633c585bb33c6ac0c7be86/execute/async - {"script":"<script> [2676 bytes]","args":[]}
RESULT: {"script":"<script> [2676 bytes]","args":[]}
COMMAND: POST /session/2eef3865f9633c585bb33c6ac0c7be86/execute/async - {"script":"<script> [2342 bytes]","args":[{"protocol":"http","hostname":"0.0.0.0","path":"/","capabilities":{"browserName":"chrome","goog:chromeOptions":{"binary":"C:\\Program Files\\Google\\Chrome\\Application\\chrome.exe","args":["--start-maximized"]}},"logLevel":"warn","connectionRetryTimeout":120000,"connectionRetryCount":3,"logLevels":{},"enableDirectConnect":true,"strictSSL":true,"_":"65 more keys: [\"cacheDir\",\"port\",\"requestedCapabilities\",\"automationProtocol\",\"baseUrl\",\"waitforInterval\",\"waitforTimeout\",\"onReload\",\"beforeCommand\",\"afterCommand\",\"rootDir\",\"specs\",\"suites\",\"exclude\",\"groupLogsByTestSpec\",\"excludeDriverLogs\",\"bail\",\"framework\",\"reporters\",\"services\",\"maxInstances\",\"maxInstancesPerCapability\",\"injectGlobals\",\"filesToWatch\",\"execArgv\",\"runnerEnv\",\"runner\",\"shard\",\"specFileRetries\",\"specFileRetriesDelay\",\"specFileRetriesDeferred\",\"reporterSyncInterval\",\"reporterSyncTimeout\",\"cucumberFeaturesWithLineNumbers\",\"autoCompileOpts\",\"mochaOpts\",\"jasmineOpts\",\"cucumberOpts\",\"onPrepare\",\"onWorkerStart\",\"onWorkerEnd\",\"before\",\"beforeSession\",\"beforeSuite\",\"beforeHook\",\"beforeTest\",\"afterTest\",\"afterHook\",\"afterSuite\",\"afterSession\",\"after\",\"onComplete\",\"beforeAssertion\",\"afterAssertion\",\"beforeFeature\",\"beforeScenario\",\"beforeStep\",\"afterStep\",\"afterScenario\",\"afterFeature\",\"_\",\"suite\",\"$0\",\"ignoredWorkerServices\",\"wdi5\"]"}]}
RESULT: {"script":"<script> [2342 bytes]","args":[{"protocol":"http","hostname":"0.0.0.0","path":"/","capabilities":{"browserName":"chrome","goog:chromeOptions":{"binary":"C:\\Program Files\\Google\\Chrome\\Application\\chrome.exe","args":["--start-maximized"]}},"logLevel":"warn","connectionRetryTimeout":120000,"connectionRetryCount":3,"logLevels":{},"enableDirectConnect":true,"strictSSL":true,"_":"65 more keys: [\"cacheDir\",\"port\",\"requestedCapabilities\",\"automationProtocol\",\"baseUrl\",\"waitforInterval\",\"waitforTimeout\",\"onReload\",\"beforeCommand\",\"afterCommand\",\"rootDir\",\"specs\",\"suites\",\"exclude\",\"groupLogsByTestSpec\",\"excludeDriverLogs\",\"bail\",\"framework\",\"reporters\",\"services\",\"maxInstances\",\"maxInstancesPerCapability\",\"injectGlobals\",\"filesToWatch\",\"execArgv\",\"runnerEnv\",\"runner\",\"shard\",\"specFileRetries\",\"specFileRetriesDelay\",\"specFileRetriesDeferred\",\"reporterSyncInterval\",\"reporterSyncTimeout\",\"cucumberFeaturesWithLineNumbers\",\"autoCompileOpts\",\"mochaOpts\",\"jasmineOpts\",\"cucumberOpts\",\"onPrepare\",\"onWorkerStart\",\"onWorkerEnd\",\"before\",\"beforeSession\",\"beforeSuite\",\"beforeHook\",\"beforeTest\",\"afterTest\",\"afterHook\",\"afterSuite\",\"afterSession\",\"after\",\"onComplete\",\"beforeAssertion\",\"afterAssertion\",\"beforeFeature\",\"beforeScenario\",\"beforeStep\",\"afterStep\",\"afterScenario\",\"afterFeature\",\"_\",\"suite\",\"$0\",\"ignoredWorkerServices\",\"wdi5\"]"}]}
COMMAND: POST /session/2eef3865f9633c585bb33c6ac0c7be86/execute/async - {"script":"<script> [21126 bytes]","args":[35000]}
RESULT: {"script":"<script> [21126 bytes]","args":[35000]}
COMMAND: POST /session/2eef3865f9633c585bb33c6ac0c7be86/window/maximize - {}
RESULT: {}
COMMAND: POST /session/2eef3865f9633c585bb33c6ac0c7be86/execute/async - {"script":"<script> [1562 bytes]","args":[{"selector":{"id":"shell-header","interaction":{"idSuffix":"icon"}},"wdio_ui5_key":"shellheader"}]}
COMMAND: GET /session/2eef3865f9633c585bb33c6ac0c7be86/screenshot - {}
RESULT: {"script":"<script> [1562 bytes]","args":[{"selector":{"id":"shell-header","interaction":{"idSuffix":"icon"}},"wdio_ui5_key":"shellheader"}]}
RESULT: undefined
COMMAND: POST /session/2eef3865f9633c585bb33c6ac0c7be86/window/fullscreen - {}
RESULT: {}
RESULT: {}
]]></system-out>
    </testcase>
  </testsuite>
  <testsuite timestamp="2025-05-25T16:41:06" time="129.324" tests="6" failures="1" errors="1" skipped="0">
    <properties>
      <property name="specId" value="0"/>
      <property name="suiteName" value="Provide to Site w/ warehouse management w/o clarification US113782 "/>
      <property name="capabilities" value="chrome.136_0_7103_93.windows"/>
      <property name="file" value="file:///D:/a/1/s/test/specs/HTR/provide-to-site-w-warehouse-wo-clarification.spec.js"/>
    </properties>
    <testcase classname="chrome.136_0_7103_93.windows.Provide_to_Site_w/_warehouse_management_w/o_clarification_US113782_" name="Should create a new WHM yard" time="0.015">
      <system-out><![CDATA[
COMMAND: POST /session/2eef3865f9633c585bb33c6ac0c7be86/window/fullscreen - {}
RESULT: {}
]]></system-out>
    </testcase>
    <testcase classname="chrome.136_0_7103_93.windows.Provide_to_Site_w/_warehouse_management_w/o_clarification_US113782_" name="Should create a new external WHM partner" time="0.004"/>
    <testcase classname="chrome.136_0_7103_93.windows.Provide_to_Site_w/_warehouse_management_w/o_clarification_US113782_" name="Should create a new WHM site" time="0.004"/>
    <testcase classname="chrome.136_0_7103_93.windows.Provide_to_Site_w/_warehouse_management_w/o_clarification_US113782_" name="Should create a new material" time="113.994">
      <failure/>
      <error message="element not interactable&#xA;  (Session info: chrome=136.0.7103.93)"/>
      <system-out><![CDATA[
COMMAND: POST /session/2eef3865f9633c585bb33c6ac0c7be86/execute/async - {"script":"<script> [1562 bytes]","args":[{"selector":{"controlType":"sap.m.GenericTile","properties":{"header":"Manage Resources"}},"wdio_ui5_key":"sapm.GenericTile{\"header\":\"Manage Resources\"}"}]}
RESULT: {"script":"<script> [1562 bytes]","args":[{"selector":{"controlType":"sap.m.GenericTile","properties":{"header":"Manage Resources"}},"wdio_ui5_key":"sapm.GenericTile{\"header\":\"Manage Resources\"}"}]}
RESULT: undefined
COMMAND: POST /session/2eef3865f9633c585bb33c6ac0c7be86/element - {"using":"xpath","value":"//*[@id=\"__tile31\"]"}
RESULT: {"using":"xpath","value":"//*[@id=\"__tile31\"]"}
COMMAND: POST /session/2eef3865f9633c585bb33c6ac0c7be86/element/f.38388B4EA542EE9F87EA90A6B1549037.d.CD9AF7EAC3BA4ABBC0B73B86DBB89E7A.e.8017/click - {}
RESULT: {}
COMMAND: GET /session/2eef3865f9633c585bb33c6ac0c7be86/screenshot - {}
RESULT: {}
COMMAND: POST /session/2eef3865f9633c585bb33c6ac0c7be86/elements - {"using":"xpath","value":"//span[text()='Error']"}
RESULT: {"using":"xpath","value":"//span[text()='Error']"}
COMMAND: POST /session/2eef3865f9633c585bb33c6ac0c7be86/element - {"using":"xpath","value":"//button[@data-kt=\"addNewRUOverflowToolbarButton\"]"}
RESULT: {"using":"xpath","value":"//button[@data-kt=\"addNewRUOverflowToolbarButton\"]"}
COMMAND: POST /session/2eef3865f9633c585bb33c6ac0c7be86/elements - {"using":"xpath","value":"//button[@data-kt=\"addNewRUOverflowToolbarButton\"]"}
RESULT: {"using":"xpath","value":"//button[@data-kt=\"addNewRUOverflowToolbarButton\"]"}
COMMAND: POST /session/2eef3865f9633c585bb33c6ac0c7be86/elements - {"using":"xpath","value":"//button[@data-kt=\"addNewRUOverflowToolbarButton\"]"}
RESULT: {"using":"xpath","value":"//button[@data-kt=\"addNewRUOverflowToolbarButton\"]"}
COMMAND: POST /session/2eef3865f9633c585bb33c6ac0c7be86/elements - {"using":"xpath","value":"//button[@data-kt=\"addNewRUOverflowToolbarButton\"]"}
RESULT: {"using":"xpath","value":"//button[@data-kt=\"addNewRUOverflowToolbarButton\"]"}
COMMAND: POST /session/2eef3865f9633c585bb33c6ac0c7be86/elements - {"using":"xpath","value":"//button[@data-kt=\"addNewRUOverflowToolbarButton\"]"}
RESULT: {"using":"xpath","value":"//button[@data-kt=\"addNewRUOverflowToolbarButton\"]"}
COMMAND: POST /session/2eef3865f9633c585bb33c6ac0c7be86/elements - {"using":"xpath","value":"//button[@data-kt=\"addNewRUOverflowToolbarButton\"]"}
RESULT: {"using":"xpath","value":"//button[@data-kt=\"addNewRUOverflowToolbarButton\"]"}
COMMAND: POST /session/2eef3865f9633c585bb33c6ac0c7be86/element - {"using":"xpath","value":"//button[@data-kt=\"addNewRUOverflowToolbarButton\"]"}
RESULT: {"using":"xpath","value":"//button[@data-kt=\"addNewRUOverflowToolbarButton\"]"}
COMMAND: POST /session/2eef3865f9633c585bb33c6ac0c7be86/execute/sync - {"script":"<script> [8489 bytes]","args":[{"element-6066-11e4-a52e-4f735466cecf":"f.38388B4EA542EE9F87EA90A6B1549037.d.CD9AF7EAC3BA4ABBC0B73B86DBB89E7A.e.8148","ELEMENT":"f.38388B4EA542EE9F87EA90A6B1549037.d.CD9AF7EAC3BA4ABBC0B73B86DBB89E7A.e.8148"}]}
RESULT: {"script":"<script> [8489 bytes]","args":[{"element-6066-11e4-a52e-4f735466cecf":"f.38388B4EA542EE9F87EA90A6B1549037.d.CD9AF7EAC3BA4ABBC0B73B86DBB89E7A.e.8148","ELEMENT":"f.38388B4EA542EE9F87EA90A6B1549037.d.CD9AF7EAC3BA4ABBC0B73B86DBB89E7A.e.8148"}]}
COMMAND: GET /session/2eef3865f9633c585bb33c6ac0c7be86/element/f.38388B4EA542EE9F87EA90A6B1549037.d.CD9AF7EAC3BA4ABBC0B73B86DBB89E7A.e.8148/enabled - {}
COMMAND: GET /session/2eef3865f9633c585bb33c6ac0c7be86/screenshot - {}
RESULT: {}
COMMAND: POST /session/2eef3865f9633c585bb33c6ac0c7be86/execute/sync - {"script":"<script> [8489 bytes]","args":[{"element-6066-11e4-a52e-4f735466cecf":"f.38388B4EA542EE9F87EA90A6B1549037.d.CD9AF7EAC3BA4ABBC0B73B86DBB89E7A.e.8148","ELEMENT":"f.38388B4EA542EE9F87EA90A6B1549037.d.CD9AF7EAC3BA4ABBC0B73B86DBB89E7A.e.8148"}]}
COMMAND: GET /session/2eef3865f9633c585bb33c6ac0c7be86/screenshot - {}
RESULT: {}
RESULT: {"script":"<script> [8489 bytes]","args":[{"element-6066-11e4-a52e-4f735466cecf":"f.38388B4EA542EE9F87EA90A6B1549037.d.CD9AF7EAC3BA4ABBC0B73B86DBB89E7A.e.8148","ELEMENT":"f.38388B4EA542EE9F87EA90A6B1549037.d.CD9AF7EAC3BA4ABBC0B73B86DBB89E7A.e.8148"}]}
COMMAND: POST /session/2eef3865f9633c585bb33c6ac0c7be86/execute/sync - {"script":"<script> [5351 bytes]","args":[{"element-6066-11e4-a52e-4f735466cecf":"f.38388B4EA542EE9F87EA90A6B1549037.d.CD9AF7EAC3BA4ABBC0B73B86DBB89E7A.e.8148","ELEMENT":"f.38388B4EA542EE9F87EA90A6B1549037.d.CD9AF7EAC3BA4ABBC0B73B86DBB89E7A.e.8148"}]}
COMMAND: GET /session/2eef3865f9633c585bb33c6ac0c7be86/screenshot - {}
RESULT: {}
RESULT: {"script":"<script> [5351 bytes]","args":[{"element-6066-11e4-a52e-4f735466cecf":"f.38388B4EA542EE9F87EA90A6B1549037.d.CD9AF7EAC3BA4ABBC0B73B86DBB89E7A.e.8148","ELEMENT":"f.38388B4EA542EE9F87EA90A6B1549037.d.CD9AF7EAC3BA4ABBC0B73B86DBB89E7A.e.8148"}]}
COMMAND: POST /session/2eef3865f9633c585bb33c6ac0c7be86/element/f.38388B4EA542EE9F87EA90A6B1549037.d.CD9AF7EAC3BA4ABBC0B73B86DBB89E7A.e.8148/click - {}
COMMAND: GET /session/2eef3865f9633c585bb33c6ac0c7be86/screenshot - {}
RESULT: {}
RESULT: {}
COMMAND: GET /session/2eef3865f9633c585bb33c6ac0c7be86/screenshot - {}
COMMAND: POST /session/2eef3865f9633c585bb33c6ac0c7be86/execute/async - {"script":"<script> [1562 bytes]","args":[{"selector":{"id":"application-manageresources-display-component---newResourceUnit--TYPE-arrow"},"wdio_ui5_key":"applicationmanageresources-display-component---newResourceUnit--TYPE-arrow"}]}
RESULT: {}
RESULT: {}
RESULT: {"script":"<script> [1562 bytes]","args":[{"selector":{"id":"application-manageresources-display-component---newResourceUnit--TYPE-arrow"},"wdio_ui5_key":"applicationmanageresources-display-component---newResourceUnit--TYPE-arrow"}]}
RESULT: undefined
COMMAND: POST /session/2eef3865f9633c585bb33c6ac0c7be86/element - {"using":"xpath","value":"//*[@id=\"application-manageresources-display-component---newResourceUnit--TYPE-arrow\"]"}
RESULT: {"using":"xpath","value":"//*[@id=\"application-manageresources-display-component---newResourceUnit--TYPE-arrow\"]"}
COMMAND: POST /session/2eef3865f9633c585bb33c6ac0c7be86/element/f.38388B4EA542EE9F87EA90A6B1549037.d.CD9AF7EAC3BA4ABBC0B73B86DBB89E7A.e.8507/click - {}
RESULT: {}
COMMAND: POST /session/2eef3865f9633c585bb33c6ac0c7be86/element - {"using":"xpath","value":"//input[@id=\"application-manageresources-display-component---newResourceUnit--TYPE-inner\"]"}
COMMAND: GET /session/2eef3865f9633c585bb33c6ac0c7be86/screenshot - {}
RESULT: {"using":"xpath","value":"//input[@id=\"application-manageresources-display-component---newResourceUnit--TYPE-inner\"]"}
COMMAND: POST /session/2eef3865f9633c585bb33c6ac0c7be86/element/f.38388B4EA542EE9F87EA90A6B1549037.d.CD9AF7EAC3BA4ABBC0B73B86DBB89E7A.e.8499/clear - {}
RESULT: {}
RESULT: {}
COMMAND: POST /session/2eef3865f9633c585bb33c6ac0c7be86/element/f.38388B4EA542EE9F87EA90A6B1549037.d.CD9AF7EAC3BA4ABBC0B73B86DBB89E7A.e.8499/value - {"text":"Material"}
COMMAND: GET /session/2eef3865f9633c585bb33c6ac0c7be86/screenshot - {}
RESULT: {"text":"Material"}
COMMAND: GET /session/2eef3865f9633c585bb33c6ac0c7be86/screenshot - {}
RESULT: {}
RESULT: {}
COMMAND: POST /session/2eef3865f9633c585bb33c6ac0c7be86/actions - {"actions":[{"id":"action28","type":"key","parameters":{},"actions":[{"type":"keyDown","value":""},{"type":"pause","duration":10},{"type":"keyUp","value":""}]}]}
RESULT: {"actions":[{"id":"action28","type":"key","parameters":{},"actions":[{"type":"keyDown","value":""},{"type":"pause","duration":10},{"type":"keyUp","value":""}]}]}
COMMAND: POST /session/2eef3865f9633c585bb33c6ac0c7be86/execute/async - {"script":"<script> [1562 bytes]","args":[{"selector":{"id":"application-manageresources-display-component---newResourceUnit--SHORT_TEXT","interaction":{"idSuffix":"inner"}},"wdio_ui5_key":"applicationmanageresources-display-component---newResourceUnit--SHORT_TEXT"}]}
COMMAND: GET /session/2eef3865f9633c585bb33c6ac0c7be86/screenshot - {}
RESULT: {"script":"<script> [1562 bytes]","args":[{"selector":{"id":"application-manageresources-display-component---newResourceUnit--SHORT_TEXT","interaction":{"idSuffix":"inner"}},"wdio_ui5_key":"applicationmanageresources-display-component---newResourceUnit--SHORT_TEXT"}]}
RESULT: undefined
COMMAND: POST /session/2eef3865f9633c585bb33c6ac0c7be86/execute/async - {"script":"<script> [776 bytes]","args":[{"enterText":"Cement WDIO","selector":{"id":"application-manageresources-display-component---newResourceUnit--SHORT_TEXT","interaction":{"idSuffix":"inner"}},"clearTextFirst":true,"interactionType":"ENTER_TEXT"}]}
RESULT: {}
RESULT: {"script":"<script> [776 bytes]","args":[{"enterText":"Cement WDIO","selector":{"id":"application-manageresources-display-component---newResourceUnit--SHORT_TEXT","interaction":{"idSuffix":"inner"}},"clearTextFirst":true,"interactionType":"ENTER_TEXT"}]}
COMMAND: POST /session/2eef3865f9633c585bb33c6ac0c7be86/execute/async - {"script":"<script> [1562 bytes]","args":[{"selector":{"id":"application-manageresources-display-component---newResourceUnit--BASE_UNIT_OF_MEASURE","interaction":{"idSuffix":"inner"}},"wdio_ui5_key":"applicationmanageresources-display-component---newResourceUnit--BASE_UNIT_OF_MEASURE"}]}
RESULT: {"script":"<script> [1562 bytes]","args":[{"selector":{"id":"application-manageresources-display-component---newResourceUnit--BASE_UNIT_OF_MEASURE","interaction":{"idSuffix":"inner"}},"wdio_ui5_key":"applicationmanageresources-display-component---newResourceUnit--BASE_UNIT_OF_MEASURE"}]}
RESULT: undefined
COMMAND: POST /session/2eef3865f9633c585bb33c6ac0c7be86/execute/async - {"script":"<script> [776 bytes]","args":[{"enterText":"Piece","selector":{"id":"application-manageresources-display-component---newResourceUnit--BASE_UNIT_OF_MEASURE","interaction":{"idSuffix":"inner"}},"clearTextFirst":true,"interactionType":"ENTER_TEXT"}]}
RESULT: {"script":"<script> [776 bytes]","args":[{"enterText":"Piece","selector":{"id":"application-manageresources-display-component---newResourceUnit--BASE_UNIT_OF_MEASURE","interaction":{"idSuffix":"inner"}},"clearTextFirst":true,"interactionType":"ENTER_TEXT"}]}
COMMAND: POST /session/2eef3865f9633c585bb33c6ac0c7be86/execute/async - {"script":"<script> [1562 bytes]","args":[{"selector":{"id":"application-manageresources-display-component---newResourceUnit--WEIGHT_UNIT","interaction":{"idSuffix":"inner"}},"wdio_ui5_key":"applicationmanageresources-display-component---newResourceUnit--WEIGHT_UNIT"}]}
RESULT: {"script":"<script> [1562 bytes]","args":[{"selector":{"id":"application-manageresources-display-component---newResourceUnit--WEIGHT_UNIT","interaction":{"idSuffix":"inner"}},"wdio_ui5_key":"applicationmanageresources-display-component---newResourceUnit--WEIGHT_UNIT"}]}
RESULT: undefined
COMMAND: POST /session/2eef3865f9633c585bb33c6ac0c7be86/execute/async - {"script":"<script> [776 bytes]","args":[{"enterText":"Gram","selector":{"id":"application-manageresources-display-component---newResourceUnit--WEIGHT_UNIT","interaction":{"idSuffix":"inner"}},"clearTextFirst":true,"interactionType":"ENTER_TEXT"}]}
RESULT: {"script":"<script> [776 bytes]","args":[{"enterText":"Gram","selector":{"id":"application-manageresources-display-component---newResourceUnit--WEIGHT_UNIT","interaction":{"idSuffix":"inner"}},"clearTextFirst":true,"interactionType":"ENTER_TEXT"}]}
COMMAND: POST /session/2eef3865f9633c585bb33c6ac0c7be86/execute/async - {"script":"<script> [1562 bytes]","args":[{"selector":{"id":"application-manageresources-display-component---newResourceUnit--DIMENSION_UNIT","interaction":{"idSuffix":"inner"}},"wdio_ui5_key":"applicationmanageresources-display-component---newResourceUnit--DIMENSION_UNIT"}]}
RESULT: {"script":"<script> [1562 bytes]","args":[{"selector":{"id":"application-manageresources-display-component---newResourceUnit--DIMENSION_UNIT","interaction":{"idSuffix":"inner"}},"wdio_ui5_key":"applicationmanageresources-display-component---newResourceUnit--DIMENSION_UNIT"}]}
RESULT: undefined
COMMAND: POST /session/2eef3865f9633c585bb33c6ac0c7be86/execute/async - {"script":"<script> [776 bytes]","args":[{"enterText":"Meter","selector":{"id":"application-manageresources-display-component---newResourceUnit--DIMENSION_UNIT","interaction":{"idSuffix":"inner"}},"clearTextFirst":true,"interactionType":"ENTER_TEXT"}]}
RESULT: {"script":"<script> [776 bytes]","args":[{"enterText":"Meter","selector":{"id":"application-manageresources-display-component---newResourceUnit--DIMENSION_UNIT","interaction":{"idSuffix":"inner"}},"clearTextFirst":true,"interactionType":"ENTER_TEXT"}]}
COMMAND: POST /session/2eef3865f9633c585bb33c6ac0c7be86/execute/async - {"script":"<script> [1562 bytes]","args":[{"selector":{"id":"application-manageresources-display-component---newResourceUnit--newRRUPage-anchBar-application-manageresources-display-component---newResourceUnit--control-anchor","interaction":{"idSuffix":"BDI-content"}},"wdio_ui5_key":"applicationmanageresources-display-component---newResourceUnit--newRRUPage-anchBar-application-manageresources-display-component---newResourceUnit--control-anchor"}]}
RESULT: {"script":"<script> [1562 bytes]","args":[{"selector":{"id":"application-manageresources-display-component---newResourceUnit--newRRUPage-anchBar-application-manageresources-display-component---newResourceUnit--control-anchor","interaction":{"idSuffix":"BDI-content"}},"wdio_ui5_key":"applicationmanageresources-display-component---newResourceUnit--newRRUPage-anchBar-application-manageresources-display-component---newResourceUnit--control-anchor"}]}
RESULT: undefined
COMMAND: POST /session/2eef3865f9633c585bb33c6ac0c7be86/element - {"using":"xpath","value":"//*[@id=\"application-manageresources-display-component---newResourceUnit--newRRUPage-anchBar-application-manageresources-display-component---newResourceUnit--control-anchor\"]"}
RESULT: {"using":"xpath","value":"//*[@id=\"application-manageresources-display-component---newResourceUnit--newRRUPage-anchBar-application-manageresources-display-component---newResourceUnit--control-anchor\"]"}
COMMAND: POST /session/2eef3865f9633c585bb33c6ac0c7be86/element/f.38388B4EA542EE9F87EA90A6B1549037.d.CD9AF7EAC3BA4ABBC0B73B86DBB89E7A.e.8639/click - {}
RESULT: {}
COMMAND: POST /session/2eef3865f9633c585bb33c6ac0c7be86/execute/async - {"script":"<script> [1562 bytes]","args":[{"selector":{"id":"application-manageresources-display-component---newResourceUnit--PLANNING_GROUP","interaction":{"idSuffix":"inner"}},"wdio_ui5_key":"applicationmanageresources-display-component---newResourceUnit--PLANNING_GROUP"}]}
COMMAND: GET /session/2eef3865f9633c585bb33c6ac0c7be86/screenshot - {}
RESULT: {"script":"<script> [1562 bytes]","args":[{"selector":{"id":"application-manageresources-display-component---newResourceUnit--PLANNING_GROUP","interaction":{"idSuffix":"inner"}},"wdio_ui5_key":"applicationmanageresources-display-component---newResourceUnit--PLANNING_GROUP"}]}
RESULT: undefined
COMMAND: POST /session/2eef3865f9633c585bb33c6ac0c7be86/execute/async - {"script":"<script> [776 bytes]","args":[{"enterText":"Material","selector":{"id":"application-manageresources-display-component---newResourceUnit--PLANNING_GROUP","interaction":{"idSuffix":"inner"}},"clearTextFirst":true,"interactionType":"ENTER_TEXT"}]}
RESULT: {}
RESULT: {"script":"<script> [776 bytes]","args":[{"enterText":"Material","selector":{"id":"application-manageresources-display-component---newResourceUnit--PLANNING_GROUP","interaction":{"idSuffix":"inner"}},"clearTextFirst":true,"interactionType":"ENTER_TEXT"}]}
COMMAND: POST /session/2eef3865f9633c585bb33c6ac0c7be86/execute/async - {"script":"<script> [1562 bytes]","args":[{"selector":{"id":"application-manageresources-display-component---newResourceUnit--PLANNING_INDICATOR","interaction":{"idSuffix":"inner"}},"wdio_ui5_key":"applicationmanageresources-display-component---newResourceUnit--PLANNING_INDICATOR"}]}
RESULT: {"script":"<script> [1562 bytes]","args":[{"selector":{"id":"application-manageresources-display-component---newResourceUnit--PLANNING_INDICATOR","interaction":{"idSuffix":"inner"}},"wdio_ui5_key":"applicationmanageresources-display-component---newResourceUnit--PLANNING_INDICATOR"}]}
RESULT: undefined
COMMAND: POST /session/2eef3865f9633c585bb33c6ac0c7be86/execute/async - {"script":"<script> [776 bytes]","args":[{"enterText":"10 - infinite","selector":{"id":"application-manageresources-display-component---newResourceUnit--PLANNING_INDICATOR","interaction":{"idSuffix":"inner"}},"clearTextFirst":true,"interactionType":"ENTER_TEXT"}]}
RESULT: {"script":"<script> [776 bytes]","args":[{"enterText":"10 - infinite","selector":{"id":"application-manageresources-display-component---newResourceUnit--PLANNING_INDICATOR","interaction":{"idSuffix":"inner"}},"clearTextFirst":true,"interactionType":"ENTER_TEXT"}]}
COMMAND: POST /session/2eef3865f9633c585bb33c6ac0c7be86/element - {"using":"css selector","value":"#application-manageresources-display-component---newResourceUnit--btnAddTimeSegment"}
RESULT: {"using":"css selector","value":"#application-manageresources-display-component---newResourceUnit--btnAddTimeSegment"}
COMMAND: GET /session/2eef3865f9633c585bb33c6ac0c7be86/element/f.38388B4EA542EE9F87EA90A6B1549037.d.CD9AF7EAC3BA4ABBC0B73B86DBB89E7A.e.8648/rect - {}
RESULT: {}
COMMAND: GET /session/2eef3865f9633c585bb33c6ac0c7be86/window/rect - {}
RESULT: {}
COMMAND: POST /session/2eef3865f9633c585bb33c6ac0c7be86/execute/sync - {"script":"<script> [92 bytes]","args":[]}
RESULT: {"script":"<script> [92 bytes]","args":[]}
COMMAND: POST /session/2eef3865f9633c585bb33c6ac0c7be86/actions - {"actions":[{"id":"action29","type":"wheel","parameters":{},"actions":[{"type":"scroll","x":-1888,"y":-32,"deltaX":0,"deltaY":0,"duration":0,"origin":{"element-6066-11e4-a52e-4f735466cecf":"f.38388B4EA542EE9F87EA90A6B1549037.d.CD9AF7EAC3BA4ABBC0B73B86DBB89E7A.e.8648"}}]}]}
COMMAND: GET /session/2eef3865f9633c585bb33c6ac0c7be86/screenshot - {}
RESULT: {}
COMMAND: POST /session/2eef3865f9633c585bb33c6ac0c7be86/execute/sync - {"script":"<script> [79 bytes]","args":[{"element-6066-11e4-a52e-4f735466cecf":"f.38388B4EA542EE9F87EA90A6B1549037.d.CD9AF7EAC3BA4ABBC0B73B86DBB89E7A.e.8648","ELEMENT":"f.38388B4EA542EE9F87EA90A6B1549037.d.CD9AF7EAC3BA4ABBC0B73B86DBB89E7A.e.8648"},{"block":"start","inline":"nearest"}]}
RESULT: {"script":"<script> [79 bytes]","args":[{"element-6066-11e4-a52e-4f735466cecf":"f.38388B4EA542EE9F87EA90A6B1549037.d.CD9AF7EAC3BA4ABBC0B73B86DBB89E7A.e.8648","ELEMENT":"f.38388B4EA542EE9F87EA90A6B1549037.d.CD9AF7EAC3BA4ABBC0B73B86DBB89E7A.e.8648"},{"block":"start","inline":"nearest"}]}
COMMAND: POST /session/2eef3865f9633c585bb33c6ac0c7be86/execute/async - {"script":"<script> [1562 bytes]","args":[{"selector":{"id":"application-manageresources-display-component---newResourceUnit--btnAddTimeSegment","interaction":{"idSuffix":"inner"}},"wdio_ui5_key":"applicationmanageresources-display-component---newResourceUnit--btnAddTimeSegment"}]}
COMMAND: GET /session/2eef3865f9633c585bb33c6ac0c7be86/screenshot - {}
RESULT: {"script":"<script> [1562 bytes]","args":[{"selector":{"id":"application-manageresources-display-component---newResourceUnit--btnAddTimeSegment","interaction":{"idSuffix":"inner"}},"wdio_ui5_key":"applicationmanageresources-display-component---newResourceUnit--btnAddTimeSegment"}]}
RESULT: undefined
COMMAND: POST /session/2eef3865f9633c585bb33c6ac0c7be86/element - {"using":"xpath","value":"//*[@id=\"application-manageresources-display-component---newResourceUnit--btnAddTimeSegment\"]"}
RESULT: {}
RESULT: {"using":"xpath","value":"//*[@id=\"application-manageresources-display-component---newResourceUnit--btnAddTimeSegment\"]"}
COMMAND: POST /session/2eef3865f9633c585bb33c6ac0c7be86/element/f.38388B4EA542EE9F87EA90A6B1549037.d.CD9AF7EAC3BA4ABBC0B73B86DBB89E7A.e.8648/click - {}
RESULT: {}
COMMAND: GET /session/2eef3865f9633c585bb33c6ac0c7be86/screenshot - {}
RESULT: {}
COMMAND: POST /session/2eef3865f9633c585bb33c6ac0c7be86/element - {"using":"xpath","value":"//input[@id=\"application-manageresources-display-component---newResourceUnit--idRuTSAdmin-application-manageresources-display-component---newResourceUnit--RUTimeSegment-0-inner\"]"}
RESULT: {"using":"xpath","value":"//input[@id=\"application-manageresources-display-component---newResourceUnit--idRuTSAdmin-application-manageresources-display-component---newResourceUnit--RUTimeSegment-0-inner\"]"}
COMMAND: POST /session/2eef3865f9633c585bb33c6ac0c7be86/element/f.38388B4EA542EE9F87EA90A6B1549037.d.CD9AF7EAC3BA4ABBC0B73B86DBB89E7A.e.8653/clear - {}
RESULT: {}
COMMAND: POST /session/2eef3865f9633c585bb33c6ac0c7be86/element/f.38388B4EA542EE9F87EA90A6B1549037.d.CD9AF7EAC3BA4ABBC0B73B86DBB89E7A.e.8653/value - {"text":"272"}
COMMAND: GET /session/2eef3865f9633c585bb33c6ac0c7be86/screenshot - {}
RESULT: {"text":"272"}
COMMAND: GET /session/2eef3865f9633c585bb33c6ac0c7be86/screenshot - {}
RESULT: {}
RESULT: {}
COMMAND: POST /session/2eef3865f9633c585bb33c6ac0c7be86/element - {"using":"xpath","value":"//li[.//span[text()='272']]"}
RESULT: {"using":"xpath","value":"//li[.//span[text()='272']]"}
COMMAND: POST /session/2eef3865f9633c585bb33c6ac0c7be86/element/f.38388B4EA542EE9F87EA90A6B1549037.d.CD9AF7EAC3BA4ABBC0B73B86DBB89E7A.e.8661/click - {}
RESULT: {}
COMMAND: GET /session/2eef3865f9633c585bb33c6ac0c7be86/screenshot - {}
RESULT: {}
COMMAND: POST /session/2eef3865f9633c585bb33c6ac0c7be86/element - {"using":"xpath","value":"(//span[contains(@id, \"-application-manageresources-display-component---newResourceUnit--RUTimeSegment-0-arrow\")])[2]"}
RESULT: {"using":"xpath","value":"(//span[contains(@id, \"-application-manageresources-display-component---newResourceUnit--RUTimeSegment-0-arrow\")])[2]"}
COMMAND: POST /session/2eef3865f9633c585bb33c6ac0c7be86/element/f.38388B4EA542EE9F87EA90A6B1549037.d.CD9AF7EAC3BA4ABBC0B73B86DBB89E7A.e.8662/click - {}
RESULT: {}
COMMAND: POST /session/2eef3865f9633c585bb33c6ac0c7be86/element - {"using":"xpath","value":"//span[contains(text(), \"PM Order\")]"}
COMMAND: GET /session/2eef3865f9633c585bb33c6ac0c7be86/screenshot - {}
RESULT: {"using":"xpath","value":"//span[contains(text(), \"PM Order\")]"}
COMMAND: POST /session/2eef3865f9633c585bb33c6ac0c7be86/element/f.38388B4EA542EE9F87EA90A6B1549037.d.CD9AF7EAC3BA4ABBC0B73B86DBB89E7A.e.8663/click - {}
RESULT: {}
RESULT: {}
COMMAND: GET /session/2eef3865f9633c585bb33c6ac0c7be86/screenshot - {}
RESULT: {}
COMMAND: POST /session/2eef3865f9633c585bb33c6ac0c7be86/element - {"using":"xpath","value":"//td/div/div/div/span[contains(@id, \"newResourceUnit--RUTimeSegment-0-vhi\")][1]"}
RESULT: {"using":"xpath","value":"//td/div/div/div/span[contains(@id, \"newResourceUnit--RUTimeSegment-0-vhi\")][1]"}
COMMAND: GET /session/2eef3865f9633c585bb33c6ac0c7be86/element/f.38388B4EA542EE9F87EA90A6B1549037.d.CD9AF7EAC3BA4ABBC0B73B86DBB89E7A.e.8667/rect - {}
RESULT: {}
COMMAND: GET /session/2eef3865f9633c585bb33c6ac0c7be86/window/rect - {}
RESULT: {}
COMMAND: POST /session/2eef3865f9633c585bb33c6ac0c7be86/execute/sync - {"script":"<script> [92 bytes]","args":[]}
RESULT: {"script":"<script> [92 bytes]","args":[]}
COMMAND: POST /session/2eef3865f9633c585bb33c6ac0c7be86/actions - {"actions":[{"id":"action30","type":"wheel","parameters":{},"actions":[{"type":"scroll","x":-1888,"y":-24,"deltaX":0,"deltaY":0,"duration":0,"origin":{"element-6066-11e4-a52e-4f735466cecf":"f.38388B4EA542EE9F87EA90A6B1549037.d.CD9AF7EAC3BA4ABBC0B73B86DBB89E7A.e.8667"}}]}]}
COMMAND: GET /session/2eef3865f9633c585bb33c6ac0c7be86/screenshot - {}
RESULT: {}
COMMAND: POST /session/2eef3865f9633c585bb33c6ac0c7be86/execute/sync - {"script":"<script> [79 bytes]","args":[{"element-6066-11e4-a52e-4f735466cecf":"f.38388B4EA542EE9F87EA90A6B1549037.d.CD9AF7EAC3BA4ABBC0B73B86DBB89E7A.e.8667","ELEMENT":"f.38388B4EA542EE9F87EA90A6B1549037.d.CD9AF7EAC3BA4ABBC0B73B86DBB89E7A.e.8667"},{"block":"start","inline":"nearest"}]}
RESULT: {"script":"<script> [79 bytes]","args":[{"element-6066-11e4-a52e-4f735466cecf":"f.38388B4EA542EE9F87EA90A6B1549037.d.CD9AF7EAC3BA4ABBC0B73B86DBB89E7A.e.8667","ELEMENT":"f.38388B4EA542EE9F87EA90A6B1549037.d.CD9AF7EAC3BA4ABBC0B73B86DBB89E7A.e.8667"},{"block":"start","inline":"nearest"}]}
COMMAND: GET /session/2eef3865f9633c585bb33c6ac0c7be86/screenshot - {}
RESULT: {}
COMMAND: POST /session/2eef3865f9633c585bb33c6ac0c7be86/element/f.38388B4EA542EE9F87EA90A6B1549037.d.CD9AF7EAC3BA4ABBC0B73B86DBB89E7A.e.8667/click - {}
RESULT: {}
COMMAND: GET /session/2eef3865f9633c585bb33c6ac0c7be86/screenshot - {}
RESULT: {}
COMMAND: POST /session/2eef3865f9633c585bb33c6ac0c7be86/execute/async - {"script":"<script> [1562 bytes]","args":[{"selector":{"controlType":"sap.m.SearchField","properties":{"placeholder":"Search"},"searchOpenDialogs":true,"interaction":{"idSuffix":"I"}},"wdio_ui5_key":"sapm.SearchField{\"placeholder\":\"Search\"}"}]}
RESULT: {"script":"<script> [1562 bytes]","args":[{"selector":{"controlType":"sap.m.SearchField","properties":{"placeholder":"Search"},"searchOpenDialogs":true,"interaction":{"idSuffix":"I"}},"wdio_ui5_key":"sapm.SearchField{\"placeholder\":\"Search\"}"}]}
RESULT: undefined
COMMAND: POST /session/2eef3865f9633c585bb33c6ac0c7be86/execute/async - {"script":"<script> [776 bytes]","args":[{"enterText":"4000360","selector":{"controlType":"sap.m.SearchField","properties":{"placeholder":"Search"},"searchOpenDialogs":true,"interaction":{"idSuffix":"I"}},"clearTextFirst":true,"interactionType":"ENTER_TEXT"}]}
RESULT: {"script":"<script> [776 bytes]","args":[{"enterText":"4000360","selector":{"controlType":"sap.m.SearchField","properties":{"placeholder":"Search"},"searchOpenDialogs":true,"interaction":{"idSuffix":"I"}},"clearTextFirst":true,"interactionType":"ENTER_TEXT"}]}
COMMAND: POST /session/2eef3865f9633c585bb33c6ac0c7be86/actions - {"actions":[{"id":"action31","type":"key","parameters":{},"actions":[{"type":"keyDown","value":""},{"type":"pause","duration":10},{"type":"keyUp","value":""}]}]}
RESULT: {"actions":[{"id":"action31","type":"key","parameters":{},"actions":[{"type":"keyDown","value":""},{"type":"pause","duration":10},{"type":"keyUp","value":""}]}]}
COMMAND: GET /session/2eef3865f9633c585bb33c6ac0c7be86/screenshot - {}
RESULT: {}
COMMAND: POST /session/2eef3865f9633c585bb33c6ac0c7be86/element - {"using":"xpath","value":"//td/div/span[contains(text(), \"BGL Vehicles\")]"}
RESULT: {"using":"xpath","value":"//td/div/span[contains(text(), \"BGL Vehicles\")]"}
COMMAND: POST /session/2eef3865f9633c585bb33c6ac0c7be86/element/f.38388B4EA542EE9F87EA90A6B1549037.d.CD9AF7EAC3BA4ABBC0B73B86DBB89E7A.e.8688/click - {}
RESULT: {}
COMMAND: GET /session/2eef3865f9633c585bb33c6ac0c7be86/screenshot - {}
RESULT: {}
COMMAND: POST /session/2eef3865f9633c585bb33c6ac0c7be86/element - {"using":"xpath","value":"//bdi[contains(text(), \"OK\")]"}
RESULT: {"using":"xpath","value":"//bdi[contains(text(), \"OK\")]"}
COMMAND: POST /session/2eef3865f9633c585bb33c6ac0c7be86/element/f.38388B4EA542EE9F87EA90A6B1549037.d.CD9AF7EAC3BA4ABBC0B73B86DBB89E7A.e.8689/click - {}
RESULT: {}
COMMAND: GET /session/2eef3865f9633c585bb33c6ac0c7be86/screenshot - {}
RESULT: {}
COMMAND: POST /session/2eef3865f9633c585bb33c6ac0c7be86/element - {"using":"xpath","value":"//label[contains(@class, 'sapMLabelRequired') and .//bdi[contains(text(), 'Planned Retirement')]]"}
RESULT: {"using":"xpath","value":"//label[contains(@class, 'sapMLabelRequired') and .//bdi[contains(text(), 'Planned Retirement')]]"}
COMMAND: POST /session/2eef3865f9633c585bb33c6ac0c7be86/elements - {"using":"xpath","value":"//label[contains(@class, 'sapMLabelRequired') and .//bdi[contains(text(), 'Planned Retirement')]]"}
RESULT: {"using":"xpath","value":"//label[contains(@class, 'sapMLabelRequired') and .//bdi[contains(text(), 'Planned Retirement')]]"}
COMMAND: POST /session/2eef3865f9633c585bb33c6ac0c7be86/element - {"using":"xpath","value":"//button[@data-kt=\"resourceUnitSaveButton\"]"}
RESULT: {"using":"xpath","value":"//button[@data-kt=\"resourceUnitSaveButton\"]"}
COMMAND: POST /session/2eef3865f9633c585bb33c6ac0c7be86/element/f.38388B4EA542EE9F87EA90A6B1549037.d.CD9AF7EAC3BA4ABBC0B73B86DBB89E7A.e.8525/click - {}
RESULT: {}
COMMAND: GET /session/2eef3865f9633c585bb33c6ac0c7be86/screenshot - {}
RESULT: undefined
RESULT: {}
COMMAND: POST /session/2eef3865f9633c585bb33c6ac0c7be86/element - {"using":"xpath","value":"//bdi[contains(text(), \"Close\")]"}
RESULT: {"using":"xpath","value":"//bdi[contains(text(), \"Close\")]"}
COMMAND: POST /session/2eef3865f9633c585bb33c6ac0c7be86/element/f.38388B4EA542EE9F87EA90A6B1549037.d.CD9AF7EAC3BA4ABBC0B73B86DBB89E7A.e.8693/click - {}
COMMAND: GET /session/2eef3865f9633c585bb33c6ac0c7be86/screenshot - {}
RESULT: {}
]]></system-out>
      <system-err><![CDATA[
element not interactable: element not interactable
  (Session info: chrome=136.0.7103.93)
    at async UtilsPrerequisites.resourceCreation (D:\a\1\s\test\specs\BTS\prerequisites-and-utils-functions.js:1100:9)
    at async Context.<anonymous> (D:\a\1\s\test\specs\HTR\provide-to-site-w-warehouse-wo-clarification.spec.js:46:49)
]]></system-err>
    </testcase>
    <testcase classname="chrome.136_0_7103_93.windows.Provide_to_Site_w/_warehouse_management_w/o_clarification_US113782_" name="Bin Status Report Should Create New Organization yard" time="0.005"/>
    <testcase classname="chrome.136_0_7103_93.windows.Provide_to_Site_w/_warehouse_management_w/o_clarification_US113782_" name="Bin Status Report Should Create New Organization for Site" time="0.011">
      <system-out><![CDATA[
COMMAND: GET /session/2eef3865f9633c585bb33c6ac0c7be86/screenshot - {}
]]></system-out>
    </testcase>
  </testsuite>
  <testsuite timestamp="2025-05-25T16:43:15" time="271.356" tests="5" failures="5" errors="5" skipped="0">
    <properties>
      <property name="specId" value="0"/>
      <property name="suiteName" value="Provide to Site w/ warehouse management wo clarification"/>
      <property name="capabilities" value="chrome.136_0_7103_93.windows"/>
      <property name="file" value="file:///D:/a/1/s/test/specs/HTR/provide-to-site-w-warehouse-wo-clarification.spec.js"/>
    </properties>
    <testcase classname="chrome.136_0_7103_93.windows.Provide_to_Site_w/_warehouse_management_wo_clarification" name="Should do a stock increase handover" time="56.075">
      <failure/>
      <error message="element (&quot;//button[@data-kt=&quot;masterHOAddButton&quot;]&quot;) still not existing after 45000ms"/>
      <system-out><![CDATA[
COMMAND: POST /session/2eef3865f9633c585bb33c6ac0c7be86/execute/async - {"script":"<script> [1562 bytes]","args":[{"selector":{"controlType":"sap.m.GenericTile","properties":{"header":"Manage Handovers"}},"wdio_ui5_key":"sapm.GenericTile{\"header\":\"Manage Handovers\"}"}]}
COMMAND: GET /session/2eef3865f9633c585bb33c6ac0c7be86/screenshot - {}
RESULT: {"script":"<script> [1562 bytes]","args":[{"selector":{"controlType":"sap.m.GenericTile","properties":{"header":"Manage Handovers"}},"wdio_ui5_key":"sapm.GenericTile{\"header\":\"Manage Handovers\"}"}]}
RESULT: undefined
RESULT: {}
RESULT: {}
COMMAND: POST /session/2eef3865f9633c585bb33c6ac0c7be86/elements - {"using":"xpath","value":"//span[text()='Error']"}
RESULT: {"using":"xpath","value":"//span[text()='Error']"}
COMMAND: POST /session/2eef3865f9633c585bb33c6ac0c7be86/element - {"using":"xpath","value":"//button[@data-kt=\"masterHOAddButton\"]"}
RESULT: {"using":"xpath","value":"//button[@data-kt=\"masterHOAddButton\"]"}
COMMAND: POST /session/2eef3865f9633c585bb33c6ac0c7be86/elements - {"using":"xpath","value":"//button[@data-kt=\"masterHOAddButton\"]"}
RESULT: {"using":"xpath","value":"//button[@data-kt=\"masterHOAddButton\"]"}
COMMAND: POST /session/2eef3865f9633c585bb33c6ac0c7be86/elements - {"using":"xpath","value":"//button[@data-kt=\"masterHOAddButton\"]"}
RESULT: {"using":"xpath","value":"//button[@data-kt=\"masterHOAddButton\"]"}
COMMAND: POST /session/2eef3865f9633c585bb33c6ac0c7be86/elements - {"using":"xpath","value":"//button[@data-kt=\"masterHOAddButton\"]"}
RESULT: {"using":"xpath","value":"//button[@data-kt=\"masterHOAddButton\"]"}
COMMAND: POST /session/2eef3865f9633c585bb33c6ac0c7be86/elements - {"using":"xpath","value":"//button[@data-kt=\"masterHOAddButton\"]"}
RESULT: {"using":"xpath","value":"//button[@data-kt=\"masterHOAddButton\"]"}
COMMAND: POST /session/2eef3865f9633c585bb33c6ac0c7be86/elements - {"using":"xpath","value":"//button[@data-kt=\"masterHOAddButton\"]"}
RESULT: {"using":"xpath","value":"//button[@data-kt=\"masterHOAddButton\"]"}
COMMAND: POST /session/2eef3865f9633c585bb33c6ac0c7be86/elements - {"using":"xpath","value":"//button[@data-kt=\"masterHOAddButton\"]"}
RESULT: {"using":"xpath","value":"//button[@data-kt=\"masterHOAddButton\"]"}
COMMAND: POST /session/2eef3865f9633c585bb33c6ac0c7be86/elements - {"using":"xpath","value":"//button[@data-kt=\"masterHOAddButton\"]"}
RESULT: {"using":"xpath","value":"//button[@data-kt=\"masterHOAddButton\"]"}
COMMAND: POST /session/2eef3865f9633c585bb33c6ac0c7be86/elements - {"using":"xpath","value":"//button[@data-kt=\"masterHOAddButton\"]"}
RESULT: {"using":"xpath","value":"//button[@data-kt=\"masterHOAddButton\"]"}
COMMAND: POST /session/2eef3865f9633c585bb33c6ac0c7be86/elements - {"using":"xpath","value":"//button[@data-kt=\"masterHOAddButton\"]"}
RESULT: {"using":"xpath","value":"//button[@data-kt=\"masterHOAddButton\"]"}
COMMAND: POST /session/2eef3865f9633c585bb33c6ac0c7be86/elements - {"using":"xpath","value":"//button[@data-kt=\"masterHOAddButton\"]"}
RESULT: {"using":"xpath","value":"//button[@data-kt=\"masterHOAddButton\"]"}
COMMAND: POST /session/2eef3865f9633c585bb33c6ac0c7be86/elements - {"using":"xpath","value":"//button[@data-kt=\"masterHOAddButton\"]"}
RESULT: {"using":"xpath","value":"//button[@data-kt=\"masterHOAddButton\"]"}
COMMAND: POST /session/2eef3865f9633c585bb33c6ac0c7be86/elements - {"using":"xpath","value":"//button[@data-kt=\"masterHOAddButton\"]"}
RESULT: {"using":"xpath","value":"//button[@data-kt=\"masterHOAddButton\"]"}
COMMAND: POST /session/2eef3865f9633c585bb33c6ac0c7be86/elements - {"using":"xpath","value":"//button[@data-kt=\"masterHOAddButton\"]"}
RESULT: {"using":"xpath","value":"//button[@data-kt=\"masterHOAddButton\"]"}
COMMAND: POST /session/2eef3865f9633c585bb33c6ac0c7be86/elements - {"using":"xpath","value":"//button[@data-kt=\"masterHOAddButton\"]"}
RESULT: {"using":"xpath","value":"//button[@data-kt=\"masterHOAddButton\"]"}
COMMAND: POST /session/2eef3865f9633c585bb33c6ac0c7be86/elements - {"using":"xpath","value":"//button[@data-kt=\"masterHOAddButton\"]"}
RESULT: {"using":"xpath","value":"//button[@data-kt=\"masterHOAddButton\"]"}
COMMAND: POST /session/2eef3865f9633c585bb33c6ac0c7be86/elements - {"using":"xpath","value":"//button[@data-kt=\"masterHOAddButton\"]"}
RESULT: {"using":"xpath","value":"//button[@data-kt=\"masterHOAddButton\"]"}
COMMAND: POST /session/2eef3865f9633c585bb33c6ac0c7be86/elements - {"using":"xpath","value":"//button[@data-kt=\"masterHOAddButton\"]"}
RESULT: {"using":"xpath","value":"//button[@data-kt=\"masterHOAddButton\"]"}
COMMAND: POST /session/2eef3865f9633c585bb33c6ac0c7be86/elements - {"using":"xpath","value":"//button[@data-kt=\"masterHOAddButton\"]"}
RESULT: {"using":"xpath","value":"//button[@data-kt=\"masterHOAddButton\"]"}
COMMAND: POST /session/2eef3865f9633c585bb33c6ac0c7be86/elements - {"using":"xpath","value":"//button[@data-kt=\"masterHOAddButton\"]"}
RESULT: {"using":"xpath","value":"//button[@data-kt=\"masterHOAddButton\"]"}
COMMAND: POST /session/2eef3865f9633c585bb33c6ac0c7be86/elements - {"using":"xpath","value":"//button[@data-kt=\"masterHOAddButton\"]"}
RESULT: {"using":"xpath","value":"//button[@data-kt=\"masterHOAddButton\"]"}
COMMAND: POST /session/2eef3865f9633c585bb33c6ac0c7be86/elements - {"using":"xpath","value":"//button[@data-kt=\"masterHOAddButton\"]"}
RESULT: {"using":"xpath","value":"//button[@data-kt=\"masterHOAddButton\"]"}
COMMAND: POST /session/2eef3865f9633c585bb33c6ac0c7be86/elements - {"using":"xpath","value":"//button[@data-kt=\"masterHOAddButton\"]"}
RESULT: {"using":"xpath","value":"//button[@data-kt=\"masterHOAddButton\"]"}
COMMAND: POST /session/2eef3865f9633c585bb33c6ac0c7be86/elements - {"using":"xpath","value":"//button[@data-kt=\"masterHOAddButton\"]"}
RESULT: {"using":"xpath","value":"//button[@data-kt=\"masterHOAddButton\"]"}
COMMAND: POST /session/2eef3865f9633c585bb33c6ac0c7be86/elements - {"using":"xpath","value":"//button[@data-kt=\"masterHOAddButton\"]"}
RESULT: {"using":"xpath","value":"//button[@data-kt=\"masterHOAddButton\"]"}
COMMAND: POST /session/2eef3865f9633c585bb33c6ac0c7be86/elements - {"using":"xpath","value":"//button[@data-kt=\"masterHOAddButton\"]"}
RESULT: {"using":"xpath","value":"//button[@data-kt=\"masterHOAddButton\"]"}
COMMAND: POST /session/2eef3865f9633c585bb33c6ac0c7be86/elements - {"using":"xpath","value":"//button[@data-kt=\"masterHOAddButton\"]"}
RESULT: {"using":"xpath","value":"//button[@data-kt=\"masterHOAddButton\"]"}
COMMAND: POST /session/2eef3865f9633c585bb33c6ac0c7be86/elements - {"using":"xpath","value":"//button[@data-kt=\"masterHOAddButton\"]"}
RESULT: {"using":"xpath","value":"//button[@data-kt=\"masterHOAddButton\"]"}
COMMAND: POST /session/2eef3865f9633c585bb33c6ac0c7be86/elements - {"using":"xpath","value":"//button[@data-kt=\"masterHOAddButton\"]"}
RESULT: {"using":"xpath","value":"//button[@data-kt=\"masterHOAddButton\"]"}
COMMAND: POST /session/2eef3865f9633c585bb33c6ac0c7be86/elements - {"using":"xpath","value":"//button[@data-kt=\"masterHOAddButton\"]"}
RESULT: {"using":"xpath","value":"//button[@data-kt=\"masterHOAddButton\"]"}
COMMAND: POST /session/2eef3865f9633c585bb33c6ac0c7be86/elements - {"using":"xpath","value":"//button[@data-kt=\"masterHOAddButton\"]"}
RESULT: {"using":"xpath","value":"//button[@data-kt=\"masterHOAddButton\"]"}
COMMAND: POST /session/2eef3865f9633c585bb33c6ac0c7be86/elements - {"using":"xpath","value":"//button[@data-kt=\"masterHOAddButton\"]"}
RESULT: {"using":"xpath","value":"//button[@data-kt=\"masterHOAddButton\"]"}
COMMAND: POST /session/2eef3865f9633c585bb33c6ac0c7be86/elements - {"using":"xpath","value":"//button[@data-kt=\"masterHOAddButton\"]"}
RESULT: {"using":"xpath","value":"//button[@data-kt=\"masterHOAddButton\"]"}
COMMAND: POST /session/2eef3865f9633c585bb33c6ac0c7be86/elements - {"using":"xpath","value":"//button[@data-kt=\"masterHOAddButton\"]"}
RESULT: {"using":"xpath","value":"//button[@data-kt=\"masterHOAddButton\"]"}
COMMAND: POST /session/2eef3865f9633c585bb33c6ac0c7be86/elements - {"using":"xpath","value":"//button[@data-kt=\"masterHOAddButton\"]"}
RESULT: {"using":"xpath","value":"//button[@data-kt=\"masterHOAddButton\"]"}
COMMAND: POST /session/2eef3865f9633c585bb33c6ac0c7be86/elements - {"using":"xpath","value":"//button[@data-kt=\"masterHOAddButton\"]"}
RESULT: {"using":"xpath","value":"//button[@data-kt=\"masterHOAddButton\"]"}
COMMAND: POST /session/2eef3865f9633c585bb33c6ac0c7be86/elements - {"using":"xpath","value":"//button[@data-kt=\"masterHOAddButton\"]"}
RESULT: {"using":"xpath","value":"//button[@data-kt=\"masterHOAddButton\"]"}
COMMAND: POST /session/2eef3865f9633c585bb33c6ac0c7be86/elements - {"using":"xpath","value":"//button[@data-kt=\"masterHOAddButton\"]"}
RESULT: {"using":"xpath","value":"//button[@data-kt=\"masterHOAddButton\"]"}
COMMAND: POST /session/2eef3865f9633c585bb33c6ac0c7be86/elements - {"using":"xpath","value":"//button[@data-kt=\"masterHOAddButton\"]"}
RESULT: {"using":"xpath","value":"//button[@data-kt=\"masterHOAddButton\"]"}
COMMAND: POST /session/2eef3865f9633c585bb33c6ac0c7be86/elements - {"using":"xpath","value":"//button[@data-kt=\"masterHOAddButton\"]"}
RESULT: {"using":"xpath","value":"//button[@data-kt=\"masterHOAddButton\"]"}
COMMAND: POST /session/2eef3865f9633c585bb33c6ac0c7be86/elements - {"using":"xpath","value":"//button[@data-kt=\"masterHOAddButton\"]"}
RESULT: {"using":"xpath","value":"//button[@data-kt=\"masterHOAddButton\"]"}
COMMAND: POST /session/2eef3865f9633c585bb33c6ac0c7be86/elements - {"using":"xpath","value":"//button[@data-kt=\"masterHOAddButton\"]"}
RESULT: {"using":"xpath","value":"//button[@data-kt=\"masterHOAddButton\"]"}
COMMAND: POST /session/2eef3865f9633c585bb33c6ac0c7be86/elements - {"using":"xpath","value":"//button[@data-kt=\"masterHOAddButton\"]"}
RESULT: {"using":"xpath","value":"//button[@data-kt=\"masterHOAddButton\"]"}
COMMAND: POST /session/2eef3865f9633c585bb33c6ac0c7be86/elements - {"using":"xpath","value":"//button[@data-kt=\"masterHOAddButton\"]"}
RESULT: {"using":"xpath","value":"//button[@data-kt=\"masterHOAddButton\"]"}
COMMAND: POST /session/2eef3865f9633c585bb33c6ac0c7be86/elements - {"using":"xpath","value":"//button[@data-kt=\"masterHOAddButton\"]"}
RESULT: {"using":"xpath","value":"//button[@data-kt=\"masterHOAddButton\"]"}
COMMAND: POST /session/2eef3865f9633c585bb33c6ac0c7be86/elements - {"using":"xpath","value":"//button[@data-kt=\"masterHOAddButton\"]"}
RESULT: {"using":"xpath","value":"//button[@data-kt=\"masterHOAddButton\"]"}
COMMAND: POST /session/2eef3865f9633c585bb33c6ac0c7be86/elements - {"using":"xpath","value":"//button[@data-kt=\"masterHOAddButton\"]"}
RESULT: {"using":"xpath","value":"//button[@data-kt=\"masterHOAddButton\"]"}
COMMAND: POST /session/2eef3865f9633c585bb33c6ac0c7be86/elements - {"using":"xpath","value":"//button[@data-kt=\"masterHOAddButton\"]"}
RESULT: {"using":"xpath","value":"//button[@data-kt=\"masterHOAddButton\"]"}
COMMAND: POST /session/2eef3865f9633c585bb33c6ac0c7be86/elements - {"using":"xpath","value":"//button[@data-kt=\"masterHOAddButton\"]"}
RESULT: {"using":"xpath","value":"//button[@data-kt=\"masterHOAddButton\"]"}
COMMAND: POST /session/2eef3865f9633c585bb33c6ac0c7be86/elements - {"using":"xpath","value":"//button[@data-kt=\"masterHOAddButton\"]"}
RESULT: {"using":"xpath","value":"//button[@data-kt=\"masterHOAddButton\"]"}
COMMAND: POST /session/2eef3865f9633c585bb33c6ac0c7be86/elements - {"using":"xpath","value":"//button[@data-kt=\"masterHOAddButton\"]"}
RESULT: {"using":"xpath","value":"//button[@data-kt=\"masterHOAddButton\"]"}
COMMAND: POST /session/2eef3865f9633c585bb33c6ac0c7be86/elements - {"using":"xpath","value":"//button[@data-kt=\"masterHOAddButton\"]"}
RESULT: {"using":"xpath","value":"//button[@data-kt=\"masterHOAddButton\"]"}
COMMAND: POST /session/2eef3865f9633c585bb33c6ac0c7be86/elements - {"using":"xpath","value":"//button[@data-kt=\"masterHOAddButton\"]"}
RESULT: {"using":"xpath","value":"//button[@data-kt=\"masterHOAddButton\"]"}
COMMAND: POST /session/2eef3865f9633c585bb33c6ac0c7be86/elements - {"using":"xpath","value":"//button[@data-kt=\"masterHOAddButton\"]"}
RESULT: {"using":"xpath","value":"//button[@data-kt=\"masterHOAddButton\"]"}
COMMAND: POST /session/2eef3865f9633c585bb33c6ac0c7be86/elements - {"using":"xpath","value":"//button[@data-kt=\"masterHOAddButton\"]"}
RESULT: {"using":"xpath","value":"//button[@data-kt=\"masterHOAddButton\"]"}
COMMAND: POST /session/2eef3865f9633c585bb33c6ac0c7be86/elements - {"using":"xpath","value":"//button[@data-kt=\"masterHOAddButton\"]"}
RESULT: {"using":"xpath","value":"//button[@data-kt=\"masterHOAddButton\"]"}
COMMAND: POST /session/2eef3865f9633c585bb33c6ac0c7be86/elements - {"using":"xpath","value":"//button[@data-kt=\"masterHOAddButton\"]"}
RESULT: {"using":"xpath","value":"//button[@data-kt=\"masterHOAddButton\"]"}
COMMAND: POST /session/2eef3865f9633c585bb33c6ac0c7be86/elements - {"using":"xpath","value":"//button[@data-kt=\"masterHOAddButton\"]"}
RESULT: {"using":"xpath","value":"//button[@data-kt=\"masterHOAddButton\"]"}
COMMAND: POST /session/2eef3865f9633c585bb33c6ac0c7be86/elements - {"using":"xpath","value":"//button[@data-kt=\"masterHOAddButton\"]"}
RESULT: {"using":"xpath","value":"//button[@data-kt=\"masterHOAddButton\"]"}
COMMAND: POST /session/2eef3865f9633c585bb33c6ac0c7be86/elements - {"using":"xpath","value":"//button[@data-kt=\"masterHOAddButton\"]"}
RESULT: {"using":"xpath","value":"//button[@data-kt=\"masterHOAddButton\"]"}
COMMAND: POST /session/2eef3865f9633c585bb33c6ac0c7be86/elements - {"using":"xpath","value":"//button[@data-kt=\"masterHOAddButton\"]"}
RESULT: {"using":"xpath","value":"//button[@data-kt=\"masterHOAddButton\"]"}
COMMAND: POST /session/2eef3865f9633c585bb33c6ac0c7be86/elements - {"using":"xpath","value":"//button[@data-kt=\"masterHOAddButton\"]"}
RESULT: {"using":"xpath","value":"//button[@data-kt=\"masterHOAddButton\"]"}
COMMAND: POST /session/2eef3865f9633c585bb33c6ac0c7be86/elements - {"using":"xpath","value":"//button[@data-kt=\"masterHOAddButton\"]"}
RESULT: {"using":"xpath","value":"//button[@data-kt=\"masterHOAddButton\"]"}
COMMAND: POST /session/2eef3865f9633c585bb33c6ac0c7be86/elements - {"using":"xpath","value":"//button[@data-kt=\"masterHOAddButton\"]"}
RESULT: {"using":"xpath","value":"//button[@data-kt=\"masterHOAddButton\"]"}
COMMAND: POST /session/2eef3865f9633c585bb33c6ac0c7be86/elements - {"using":"xpath","value":"//button[@data-kt=\"masterHOAddButton\"]"}
RESULT: {"using":"xpath","value":"//button[@data-kt=\"masterHOAddButton\"]"}
COMMAND: POST /session/2eef3865f9633c585bb33c6ac0c7be86/elements - {"using":"xpath","value":"//button[@data-kt=\"masterHOAddButton\"]"}
RESULT: {"using":"xpath","value":"//button[@data-kt=\"masterHOAddButton\"]"}
COMMAND: POST /session/2eef3865f9633c585bb33c6ac0c7be86/elements - {"using":"xpath","value":"//button[@data-kt=\"masterHOAddButton\"]"}
RESULT: {"using":"xpath","value":"//button[@data-kt=\"masterHOAddButton\"]"}
COMMAND: POST /session/2eef3865f9633c585bb33c6ac0c7be86/elements - {"using":"xpath","value":"//button[@data-kt=\"masterHOAddButton\"]"}
RESULT: {"using":"xpath","value":"//button[@data-kt=\"masterHOAddButton\"]"}
COMMAND: POST /session/2eef3865f9633c585bb33c6ac0c7be86/elements - {"using":"xpath","value":"//button[@data-kt=\"masterHOAddButton\"]"}
RESULT: {"using":"xpath","value":"//button[@data-kt=\"masterHOAddButton\"]"}
COMMAND: POST /session/2eef3865f9633c585bb33c6ac0c7be86/elements - {"using":"xpath","value":"//button[@data-kt=\"masterHOAddButton\"]"}
RESULT: {"using":"xpath","value":"//button[@data-kt=\"masterHOAddButton\"]"}
COMMAND: POST /session/2eef3865f9633c585bb33c6ac0c7be86/elements - {"using":"xpath","value":"//button[@data-kt=\"masterHOAddButton\"]"}
RESULT: {"using":"xpath","value":"//button[@data-kt=\"masterHOAddButton\"]"}
COMMAND: POST /session/2eef3865f9633c585bb33c6ac0c7be86/elements - {"using":"xpath","value":"//button[@data-kt=\"masterHOAddButton\"]"}
RESULT: {"using":"xpath","value":"//button[@data-kt=\"masterHOAddButton\"]"}
COMMAND: POST /session/2eef3865f9633c585bb33c6ac0c7be86/elements - {"using":"xpath","value":"//button[@data-kt=\"masterHOAddButton\"]"}
RESULT: {"using":"xpath","value":"//button[@data-kt=\"masterHOAddButton\"]"}
COMMAND: POST /session/2eef3865f9633c585bb33c6ac0c7be86/elements - {"using":"xpath","value":"//button[@data-kt=\"masterHOAddButton\"]"}
RESULT: {"using":"xpath","value":"//button[@data-kt=\"masterHOAddButton\"]"}
COMMAND: POST /session/2eef3865f9633c585bb33c6ac0c7be86/elements - {"using":"xpath","value":"//button[@data-kt=\"masterHOAddButton\"]"}
RESULT: {"using":"xpath","value":"//button[@data-kt=\"masterHOAddButton\"]"}
COMMAND: POST /session/2eef3865f9633c585bb33c6ac0c7be86/elements - {"using":"xpath","value":"//button[@data-kt=\"masterHOAddButton\"]"}
RESULT: {"using":"xpath","value":"//button[@data-kt=\"masterHOAddButton\"]"}
COMMAND: POST /session/2eef3865f9633c585bb33c6ac0c7be86/elements - {"using":"xpath","value":"//button[@data-kt=\"masterHOAddButton\"]"}
RESULT: {"using":"xpath","value":"//button[@data-kt=\"masterHOAddButton\"]"}
COMMAND: POST /session/2eef3865f9633c585bb33c6ac0c7be86/elements - {"using":"xpath","value":"//button[@data-kt=\"masterHOAddButton\"]"}
RESULT: {"using":"xpath","value":"//button[@data-kt=\"masterHOAddButton\"]"}
COMMAND: POST /session/2eef3865f9633c585bb33c6ac0c7be86/elements - {"using":"xpath","value":"//button[@data-kt=\"masterHOAddButton\"]"}
RESULT: {"using":"xpath","value":"//button[@data-kt=\"masterHOAddButton\"]"}
COMMAND: POST /session/2eef3865f9633c585bb33c6ac0c7be86/elements - {"using":"xpath","value":"//button[@data-kt=\"masterHOAddButton\"]"}
RESULT: {"using":"xpath","value":"//button[@data-kt=\"masterHOAddButton\"]"}
COMMAND: POST /session/2eef3865f9633c585bb33c6ac0c7be86/elements - {"using":"xpath","value":"//button[@data-kt=\"masterHOAddButton\"]"}
RESULT: {"using":"xpath","value":"//button[@data-kt=\"masterHOAddButton\"]"}
COMMAND: POST /session/2eef3865f9633c585bb33c6ac0c7be86/elements - {"using":"xpath","value":"//button[@data-kt=\"masterHOAddButton\"]"}
RESULT: {"using":"xpath","value":"//button[@data-kt=\"masterHOAddButton\"]"}
COMMAND: POST /session/2eef3865f9633c585bb33c6ac0c7be86/elements - {"using":"xpath","value":"//button[@data-kt=\"masterHOAddButton\"]"}
RESULT: {"using":"xpath","value":"//button[@data-kt=\"masterHOAddButton\"]"}
COMMAND: POST /session/2eef3865f9633c585bb33c6ac0c7be86/elements - {"using":"xpath","value":"//button[@data-kt=\"masterHOAddButton\"]"}
RESULT: {"using":"xpath","value":"//button[@data-kt=\"masterHOAddButton\"]"}
COMMAND: POST /session/2eef3865f9633c585bb33c6ac0c7be86/elements - {"using":"xpath","value":"//button[@data-kt=\"masterHOAddButton\"]"}
RESULT: {"using":"xpath","value":"//button[@data-kt=\"masterHOAddButton\"]"}
COMMAND: POST /session/2eef3865f9633c585bb33c6ac0c7be86/elements - {"using":"xpath","value":"//button[@data-kt=\"masterHOAddButton\"]"}
RESULT: {"using":"xpath","value":"//button[@data-kt=\"masterHOAddButton\"]"}
COMMAND: POST /session/2eef3865f9633c585bb33c6ac0c7be86/elements - {"using":"xpath","value":"//button[@data-kt=\"masterHOAddButton\"]"}
RESULT: {"using":"xpath","value":"//button[@data-kt=\"masterHOAddButton\"]"}
COMMAND: POST /session/2eef3865f9633c585bb33c6ac0c7be86/elements - {"using":"xpath","value":"//button[@data-kt=\"masterHOAddButton\"]"}
RESULT: {"using":"xpath","value":"//button[@data-kt=\"masterHOAddButton\"]"}
COMMAND: POST /session/2eef3865f9633c585bb33c6ac0c7be86/elements - {"using":"xpath","value":"//button[@data-kt=\"masterHOAddButton\"]"}
RESULT: {"using":"xpath","value":"//button[@data-kt=\"masterHOAddButton\"]"}
COMMAND: POST /session/2eef3865f9633c585bb33c6ac0c7be86/elements - {"using":"xpath","value":"//button[@data-kt=\"masterHOAddButton\"]"}
RESULT: {"using":"xpath","value":"//button[@data-kt=\"masterHOAddButton\"]"}
COMMAND: POST /session/2eef3865f9633c585bb33c6ac0c7be86/elements - {"using":"xpath","value":"//button[@data-kt=\"masterHOAddButton\"]"}
RESULT: {"using":"xpath","value":"//button[@data-kt=\"masterHOAddButton\"]"}
COMMAND: POST /session/2eef3865f9633c585bb33c6ac0c7be86/elements - {"using":"xpath","value":"//button[@data-kt=\"masterHOAddButton\"]"}
COMMAND: GET /session/2eef3865f9633c585bb33c6ac0c7be86/screenshot - {}
RESULT: {"using":"xpath","value":"//button[@data-kt=\"masterHOAddButton\"]"}
RESULT: {}
]]></system-out>
      <system-err><![CDATA[
Error: element ("//button[@data-kt="masterHOAddButton"]") still not existing after 45000ms
    at async UtilsPrerequisites.stockIncrease (D:\a\1\s\test\specs\BTS\prerequisites-and-utils-functions.js:1576:9)
    at async Context.<anonymous> (D:\a\1\s\test\specs\HTR\provide-to-site-w-warehouse-wo-clarification.spec.js:70:9)
]]></system-err>
    </testcase>
    <testcase classname="chrome.136_0_7103_93.windows.Provide_to_Site_w/_warehouse_management_wo_clarification" name="Should create a new contract" time="60.413">
      <failure/>
      <error message="element (&quot;//button[@data-kt=&quot;addButton&quot;]&quot;) still not existing after 45000ms"/>
      <system-out><![CDATA[
COMMAND: POST /session/2eef3865f9633c585bb33c6ac0c7be86/execute/async - {"script":"<script> [1562 bytes]","args":[{"selector":{"controlType":"sap.m.GenericTile","properties":{"header":"Manage Contracts"}},"wdio_ui5_key":"sapm.GenericTile{\"header\":\"Manage Contracts\"}"}]}
COMMAND: GET /session/2eef3865f9633c585bb33c6ac0c7be86/screenshot - {}
RESULT: {"script":"<script> [1562 bytes]","args":[{"selector":{"controlType":"sap.m.GenericTile","properties":{"header":"Manage Contracts"}},"wdio_ui5_key":"sapm.GenericTile{\"header\":\"Manage Contracts\"}"}]}
RESULT: undefined
RESULT: {}
COMMAND: POST /session/2eef3865f9633c585bb33c6ac0c7be86/elements - {"using":"xpath","value":"//span[text()='Error']"}
RESULT: {"using":"xpath","value":"//span[text()='Error']"}
COMMAND: POST /session/2eef3865f9633c585bb33c6ac0c7be86/element - {"using":"xpath","value":"//button[@data-kt=\"addButton\"]"}
RESULT: {"using":"xpath","value":"//button[@data-kt=\"addButton\"]"}
COMMAND: POST /session/2eef3865f9633c585bb33c6ac0c7be86/elements - {"using":"xpath","value":"//button[@data-kt=\"addButton\"]"}
RESULT: {"using":"xpath","value":"//button[@data-kt=\"addButton\"]"}
COMMAND: POST /session/2eef3865f9633c585bb33c6ac0c7be86/elements - {"using":"xpath","value":"//button[@data-kt=\"addButton\"]"}
RESULT: {"using":"xpath","value":"//button[@data-kt=\"addButton\"]"}
COMMAND: POST /session/2eef3865f9633c585bb33c6ac0c7be86/elements - {"using":"xpath","value":"//button[@data-kt=\"addButton\"]"}
RESULT: {"using":"xpath","value":"//button[@data-kt=\"addButton\"]"}
COMMAND: POST /session/2eef3865f9633c585bb33c6ac0c7be86/elements - {"using":"xpath","value":"//button[@data-kt=\"addButton\"]"}
RESULT: {"using":"xpath","value":"//button[@data-kt=\"addButton\"]"}
COMMAND: POST /session/2eef3865f9633c585bb33c6ac0c7be86/elements - {"using":"xpath","value":"//button[@data-kt=\"addButton\"]"}
RESULT: {"using":"xpath","value":"//button[@data-kt=\"addButton\"]"}
COMMAND: POST /session/2eef3865f9633c585bb33c6ac0c7be86/elements - {"using":"xpath","value":"//button[@data-kt=\"addButton\"]"}
RESULT: {"using":"xpath","value":"//button[@data-kt=\"addButton\"]"}
COMMAND: POST /session/2eef3865f9633c585bb33c6ac0c7be86/elements - {"using":"xpath","value":"//button[@data-kt=\"addButton\"]"}
RESULT: {"using":"xpath","value":"//button[@data-kt=\"addButton\"]"}
COMMAND: POST /session/2eef3865f9633c585bb33c6ac0c7be86/elements - {"using":"xpath","value":"//button[@data-kt=\"addButton\"]"}
RESULT: {"using":"xpath","value":"//button[@data-kt=\"addButton\"]"}
COMMAND: POST /session/2eef3865f9633c585bb33c6ac0c7be86/elements - {"using":"xpath","value":"//button[@data-kt=\"addButton\"]"}
RESULT: {"using":"xpath","value":"//button[@data-kt=\"addButton\"]"}
COMMAND: POST /session/2eef3865f9633c585bb33c6ac0c7be86/elements - {"using":"xpath","value":"//button[@data-kt=\"addButton\"]"}
RESULT: {"using":"xpath","value":"//button[@data-kt=\"addButton\"]"}
COMMAND: POST /session/2eef3865f9633c585bb33c6ac0c7be86/elements - {"using":"xpath","value":"//button[@data-kt=\"addButton\"]"}
RESULT: {"using":"xpath","value":"//button[@data-kt=\"addButton\"]"}
COMMAND: POST /session/2eef3865f9633c585bb33c6ac0c7be86/elements - {"using":"xpath","value":"//button[@data-kt=\"addButton\"]"}
RESULT: {"using":"xpath","value":"//button[@data-kt=\"addButton\"]"}
COMMAND: POST /session/2eef3865f9633c585bb33c6ac0c7be86/elements - {"using":"xpath","value":"//button[@data-kt=\"addButton\"]"}
RESULT: {"using":"xpath","value":"//button[@data-kt=\"addButton\"]"}
COMMAND: POST /session/2eef3865f9633c585bb33c6ac0c7be86/elements - {"using":"xpath","value":"//button[@data-kt=\"addButton\"]"}
RESULT: {"using":"xpath","value":"//button[@data-kt=\"addButton\"]"}
COMMAND: POST /session/2eef3865f9633c585bb33c6ac0c7be86/elements - {"using":"xpath","value":"//button[@data-kt=\"addButton\"]"}
RESULT: {"using":"xpath","value":"//button[@data-kt=\"addButton\"]"}
COMMAND: POST /session/2eef3865f9633c585bb33c6ac0c7be86/elements - {"using":"xpath","value":"//button[@data-kt=\"addButton\"]"}
RESULT: {"using":"xpath","value":"//button[@data-kt=\"addButton\"]"}
COMMAND: POST /session/2eef3865f9633c585bb33c6ac0c7be86/elements - {"using":"xpath","value":"//button[@data-kt=\"addButton\"]"}
RESULT: {"using":"xpath","value":"//button[@data-kt=\"addButton\"]"}
COMMAND: POST /session/2eef3865f9633c585bb33c6ac0c7be86/elements - {"using":"xpath","value":"//button[@data-kt=\"addButton\"]"}
RESULT: {"using":"xpath","value":"//button[@data-kt=\"addButton\"]"}
COMMAND: POST /session/2eef3865f9633c585bb33c6ac0c7be86/elements - {"using":"xpath","value":"//button[@data-kt=\"addButton\"]"}
RESULT: {"using":"xpath","value":"//button[@data-kt=\"addButton\"]"}
COMMAND: POST /session/2eef3865f9633c585bb33c6ac0c7be86/elements - {"using":"xpath","value":"//button[@data-kt=\"addButton\"]"}
RESULT: {"using":"xpath","value":"//button[@data-kt=\"addButton\"]"}
COMMAND: POST /session/2eef3865f9633c585bb33c6ac0c7be86/elements - {"using":"xpath","value":"//button[@data-kt=\"addButton\"]"}
RESULT: {"using":"xpath","value":"//button[@data-kt=\"addButton\"]"}
COMMAND: POST /session/2eef3865f9633c585bb33c6ac0c7be86/elements - {"using":"xpath","value":"//button[@data-kt=\"addButton\"]"}
RESULT: {"using":"xpath","value":"//button[@data-kt=\"addButton\"]"}
COMMAND: POST /session/2eef3865f9633c585bb33c6ac0c7be86/elements - {"using":"xpath","value":"//button[@data-kt=\"addButton\"]"}
RESULT: {"using":"xpath","value":"//button[@data-kt=\"addButton\"]"}
COMMAND: POST /session/2eef3865f9633c585bb33c6ac0c7be86/elements - {"using":"xpath","value":"//button[@data-kt=\"addButton\"]"}
RESULT: {"using":"xpath","value":"//button[@data-kt=\"addButton\"]"}
COMMAND: POST /session/2eef3865f9633c585bb33c6ac0c7be86/elements - {"using":"xpath","value":"//button[@data-kt=\"addButton\"]"}
RESULT: {"using":"xpath","value":"//button[@data-kt=\"addButton\"]"}
COMMAND: POST /session/2eef3865f9633c585bb33c6ac0c7be86/elements - {"using":"xpath","value":"//button[@data-kt=\"addButton\"]"}
RESULT: {"using":"xpath","value":"//button[@data-kt=\"addButton\"]"}
COMMAND: POST /session/2eef3865f9633c585bb33c6ac0c7be86/elements - {"using":"xpath","value":"//button[@data-kt=\"addButton\"]"}
RESULT: {"using":"xpath","value":"//button[@data-kt=\"addButton\"]"}
COMMAND: POST /session/2eef3865f9633c585bb33c6ac0c7be86/elements - {"using":"xpath","value":"//button[@data-kt=\"addButton\"]"}
RESULT: {"using":"xpath","value":"//button[@data-kt=\"addButton\"]"}
COMMAND: POST /session/2eef3865f9633c585bb33c6ac0c7be86/elements - {"using":"xpath","value":"//button[@data-kt=\"addButton\"]"}
RESULT: {"using":"xpath","value":"//button[@data-kt=\"addButton\"]"}
COMMAND: POST /session/2eef3865f9633c585bb33c6ac0c7be86/elements - {"using":"xpath","value":"//button[@data-kt=\"addButton\"]"}
RESULT: {"using":"xpath","value":"//button[@data-kt=\"addButton\"]"}
COMMAND: POST /session/2eef3865f9633c585bb33c6ac0c7be86/elements - {"using":"xpath","value":"//button[@data-kt=\"addButton\"]"}
RESULT: {"using":"xpath","value":"//button[@data-kt=\"addButton\"]"}
COMMAND: POST /session/2eef3865f9633c585bb33c6ac0c7be86/elements - {"using":"xpath","value":"//button[@data-kt=\"addButton\"]"}
RESULT: {"using":"xpath","value":"//button[@data-kt=\"addButton\"]"}
COMMAND: POST /session/2eef3865f9633c585bb33c6ac0c7be86/elements - {"using":"xpath","value":"//button[@data-kt=\"addButton\"]"}
RESULT: {"using":"xpath","value":"//button[@data-kt=\"addButton\"]"}
COMMAND: POST /session/2eef3865f9633c585bb33c6ac0c7be86/elements - {"using":"xpath","value":"//button[@data-kt=\"addButton\"]"}
RESULT: {"using":"xpath","value":"//button[@data-kt=\"addButton\"]"}
COMMAND: POST /session/2eef3865f9633c585bb33c6ac0c7be86/elements - {"using":"xpath","value":"//button[@data-kt=\"addButton\"]"}
RESULT: {"using":"xpath","value":"//button[@data-kt=\"addButton\"]"}
COMMAND: POST /session/2eef3865f9633c585bb33c6ac0c7be86/elements - {"using":"xpath","value":"//button[@data-kt=\"addButton\"]"}
RESULT: {"using":"xpath","value":"//button[@data-kt=\"addButton\"]"}
COMMAND: POST /session/2eef3865f9633c585bb33c6ac0c7be86/elements - {"using":"xpath","value":"//button[@data-kt=\"addButton\"]"}
RESULT: {"using":"xpath","value":"//button[@data-kt=\"addButton\"]"}
COMMAND: POST /session/2eef3865f9633c585bb33c6ac0c7be86/elements - {"using":"xpath","value":"//button[@data-kt=\"addButton\"]"}
RESULT: {"using":"xpath","value":"//button[@data-kt=\"addButton\"]"}
COMMAND: POST /session/2eef3865f9633c585bb33c6ac0c7be86/elements - {"using":"xpath","value":"//button[@data-kt=\"addButton\"]"}
RESULT: {"using":"xpath","value":"//button[@data-kt=\"addButton\"]"}
COMMAND: POST /session/2eef3865f9633c585bb33c6ac0c7be86/elements - {"using":"xpath","value":"//button[@data-kt=\"addButton\"]"}
RESULT: {"using":"xpath","value":"//button[@data-kt=\"addButton\"]"}
COMMAND: POST /session/2eef3865f9633c585bb33c6ac0c7be86/elements - {"using":"xpath","value":"//button[@data-kt=\"addButton\"]"}
RESULT: {"using":"xpath","value":"//button[@data-kt=\"addButton\"]"}
COMMAND: POST /session/2eef3865f9633c585bb33c6ac0c7be86/elements - {"using":"xpath","value":"//button[@data-kt=\"addButton\"]"}
RESULT: {"using":"xpath","value":"//button[@data-kt=\"addButton\"]"}
COMMAND: POST /session/2eef3865f9633c585bb33c6ac0c7be86/elements - {"using":"xpath","value":"//button[@data-kt=\"addButton\"]"}
RESULT: {"using":"xpath","value":"//button[@data-kt=\"addButton\"]"}
COMMAND: POST /session/2eef3865f9633c585bb33c6ac0c7be86/elements - {"using":"xpath","value":"//button[@data-kt=\"addButton\"]"}
RESULT: {"using":"xpath","value":"//button[@data-kt=\"addButton\"]"}
COMMAND: POST /session/2eef3865f9633c585bb33c6ac0c7be86/elements - {"using":"xpath","value":"//button[@data-kt=\"addButton\"]"}
RESULT: {"using":"xpath","value":"//button[@data-kt=\"addButton\"]"}
COMMAND: POST /session/2eef3865f9633c585bb33c6ac0c7be86/elements - {"using":"xpath","value":"//button[@data-kt=\"addButton\"]"}
RESULT: {"using":"xpath","value":"//button[@data-kt=\"addButton\"]"}
COMMAND: POST /session/2eef3865f9633c585bb33c6ac0c7be86/elements - {"using":"xpath","value":"//button[@data-kt=\"addButton\"]"}
RESULT: {"using":"xpath","value":"//button[@data-kt=\"addButton\"]"}
COMMAND: POST /session/2eef3865f9633c585bb33c6ac0c7be86/elements - {"using":"xpath","value":"//button[@data-kt=\"addButton\"]"}
RESULT: {"using":"xpath","value":"//button[@data-kt=\"addButton\"]"}
COMMAND: POST /session/2eef3865f9633c585bb33c6ac0c7be86/elements - {"using":"xpath","value":"//button[@data-kt=\"addButton\"]"}
RESULT: {"using":"xpath","value":"//button[@data-kt=\"addButton\"]"}
COMMAND: POST /session/2eef3865f9633c585bb33c6ac0c7be86/elements - {"using":"xpath","value":"//button[@data-kt=\"addButton\"]"}
RESULT: {"using":"xpath","value":"//button[@data-kt=\"addButton\"]"}
COMMAND: POST /session/2eef3865f9633c585bb33c6ac0c7be86/elements - {"using":"xpath","value":"//button[@data-kt=\"addButton\"]"}
RESULT: {"using":"xpath","value":"//button[@data-kt=\"addButton\"]"}
COMMAND: POST /session/2eef3865f9633c585bb33c6ac0c7be86/elements - {"using":"xpath","value":"//button[@data-kt=\"addButton\"]"}
RESULT: {"using":"xpath","value":"//button[@data-kt=\"addButton\"]"}
COMMAND: POST /session/2eef3865f9633c585bb33c6ac0c7be86/elements - {"using":"xpath","value":"//button[@data-kt=\"addButton\"]"}
RESULT: {"using":"xpath","value":"//button[@data-kt=\"addButton\"]"}
COMMAND: POST /session/2eef3865f9633c585bb33c6ac0c7be86/elements - {"using":"xpath","value":"//button[@data-kt=\"addButton\"]"}
RESULT: {"using":"xpath","value":"//button[@data-kt=\"addButton\"]"}
COMMAND: POST /session/2eef3865f9633c585bb33c6ac0c7be86/elements - {"using":"xpath","value":"//button[@data-kt=\"addButton\"]"}
RESULT: {"using":"xpath","value":"//button[@data-kt=\"addButton\"]"}
COMMAND: POST /session/2eef3865f9633c585bb33c6ac0c7be86/elements - {"using":"xpath","value":"//button[@data-kt=\"addButton\"]"}
RESULT: {"using":"xpath","value":"//button[@data-kt=\"addButton\"]"}
COMMAND: POST /session/2eef3865f9633c585bb33c6ac0c7be86/elements - {"using":"xpath","value":"//button[@data-kt=\"addButton\"]"}
RESULT: {"using":"xpath","value":"//button[@data-kt=\"addButton\"]"}
COMMAND: POST /session/2eef3865f9633c585bb33c6ac0c7be86/elements - {"using":"xpath","value":"//button[@data-kt=\"addButton\"]"}
RESULT: {"using":"xpath","value":"//button[@data-kt=\"addButton\"]"}
COMMAND: POST /session/2eef3865f9633c585bb33c6ac0c7be86/elements - {"using":"xpath","value":"//button[@data-kt=\"addButton\"]"}
RESULT: {"using":"xpath","value":"//button[@data-kt=\"addButton\"]"}
COMMAND: POST /session/2eef3865f9633c585bb33c6ac0c7be86/elements - {"using":"xpath","value":"//button[@data-kt=\"addButton\"]"}
RESULT: {"using":"xpath","value":"//button[@data-kt=\"addButton\"]"}
COMMAND: POST /session/2eef3865f9633c585bb33c6ac0c7be86/elements - {"using":"xpath","value":"//button[@data-kt=\"addButton\"]"}
RESULT: {"using":"xpath","value":"//button[@data-kt=\"addButton\"]"}
COMMAND: POST /session/2eef3865f9633c585bb33c6ac0c7be86/elements - {"using":"xpath","value":"//button[@data-kt=\"addButton\"]"}
RESULT: {"using":"xpath","value":"//button[@data-kt=\"addButton\"]"}
COMMAND: POST /session/2eef3865f9633c585bb33c6ac0c7be86/elements - {"using":"xpath","value":"//button[@data-kt=\"addButton\"]"}
RESULT: {"using":"xpath","value":"//button[@data-kt=\"addButton\"]"}
COMMAND: POST /session/2eef3865f9633c585bb33c6ac0c7be86/elements - {"using":"xpath","value":"//button[@data-kt=\"addButton\"]"}
RESULT: {"using":"xpath","value":"//button[@data-kt=\"addButton\"]"}
COMMAND: POST /session/2eef3865f9633c585bb33c6ac0c7be86/elements - {"using":"xpath","value":"//button[@data-kt=\"addButton\"]"}
RESULT: {"using":"xpath","value":"//button[@data-kt=\"addButton\"]"}
COMMAND: POST /session/2eef3865f9633c585bb33c6ac0c7be86/elements - {"using":"xpath","value":"//button[@data-kt=\"addButton\"]"}
RESULT: {"using":"xpath","value":"//button[@data-kt=\"addButton\"]"}
COMMAND: POST /session/2eef3865f9633c585bb33c6ac0c7be86/elements - {"using":"xpath","value":"//button[@data-kt=\"addButton\"]"}
RESULT: {"using":"xpath","value":"//button[@data-kt=\"addButton\"]"}
COMMAND: POST /session/2eef3865f9633c585bb33c6ac0c7be86/elements - {"using":"xpath","value":"//button[@data-kt=\"addButton\"]"}
RESULT: {"using":"xpath","value":"//button[@data-kt=\"addButton\"]"}
COMMAND: POST /session/2eef3865f9633c585bb33c6ac0c7be86/elements - {"using":"xpath","value":"//button[@data-kt=\"addButton\"]"}
RESULT: {"using":"xpath","value":"//button[@data-kt=\"addButton\"]"}
COMMAND: POST /session/2eef3865f9633c585bb33c6ac0c7be86/elements - {"using":"xpath","value":"//button[@data-kt=\"addButton\"]"}
RESULT: {"using":"xpath","value":"//button[@data-kt=\"addButton\"]"}
COMMAND: POST /session/2eef3865f9633c585bb33c6ac0c7be86/elements - {"using":"xpath","value":"//button[@data-kt=\"addButton\"]"}
RESULT: {"using":"xpath","value":"//button[@data-kt=\"addButton\"]"}
COMMAND: POST /session/2eef3865f9633c585bb33c6ac0c7be86/elements - {"using":"xpath","value":"//button[@data-kt=\"addButton\"]"}
RESULT: {"using":"xpath","value":"//button[@data-kt=\"addButton\"]"}
COMMAND: POST /session/2eef3865f9633c585bb33c6ac0c7be86/elements - {"using":"xpath","value":"//button[@data-kt=\"addButton\"]"}
RESULT: {"using":"xpath","value":"//button[@data-kt=\"addButton\"]"}
COMMAND: POST /session/2eef3865f9633c585bb33c6ac0c7be86/elements - {"using":"xpath","value":"//button[@data-kt=\"addButton\"]"}
RESULT: {"using":"xpath","value":"//button[@data-kt=\"addButton\"]"}
COMMAND: POST /session/2eef3865f9633c585bb33c6ac0c7be86/elements - {"using":"xpath","value":"//button[@data-kt=\"addButton\"]"}
RESULT: {"using":"xpath","value":"//button[@data-kt=\"addButton\"]"}
COMMAND: POST /session/2eef3865f9633c585bb33c6ac0c7be86/elements - {"using":"xpath","value":"//button[@data-kt=\"addButton\"]"}
RESULT: {"using":"xpath","value":"//button[@data-kt=\"addButton\"]"}
COMMAND: POST /session/2eef3865f9633c585bb33c6ac0c7be86/elements - {"using":"xpath","value":"//button[@data-kt=\"addButton\"]"}
RESULT: {"using":"xpath","value":"//button[@data-kt=\"addButton\"]"}
COMMAND: POST /session/2eef3865f9633c585bb33c6ac0c7be86/elements - {"using":"xpath","value":"//button[@data-kt=\"addButton\"]"}
RESULT: {"using":"xpath","value":"//button[@data-kt=\"addButton\"]"}
COMMAND: POST /session/2eef3865f9633c585bb33c6ac0c7be86/elements - {"using":"xpath","value":"//button[@data-kt=\"addButton\"]"}
RESULT: {"using":"xpath","value":"//button[@data-kt=\"addButton\"]"}
COMMAND: POST /session/2eef3865f9633c585bb33c6ac0c7be86/elements - {"using":"xpath","value":"//button[@data-kt=\"addButton\"]"}
RESULT: {"using":"xpath","value":"//button[@data-kt=\"addButton\"]"}
COMMAND: POST /session/2eef3865f9633c585bb33c6ac0c7be86/elements - {"using":"xpath","value":"//button[@data-kt=\"addButton\"]"}
RESULT: {"using":"xpath","value":"//button[@data-kt=\"addButton\"]"}
COMMAND: POST /session/2eef3865f9633c585bb33c6ac0c7be86/elements - {"using":"xpath","value":"//button[@data-kt=\"addButton\"]"}
RESULT: {"using":"xpath","value":"//button[@data-kt=\"addButton\"]"}
COMMAND: POST /session/2eef3865f9633c585bb33c6ac0c7be86/elements - {"using":"xpath","value":"//button[@data-kt=\"addButton\"]"}
RESULT: {"using":"xpath","value":"//button[@data-kt=\"addButton\"]"}
COMMAND: POST /session/2eef3865f9633c585bb33c6ac0c7be86/elements - {"using":"xpath","value":"//button[@data-kt=\"addButton\"]"}
RESULT: {"using":"xpath","value":"//button[@data-kt=\"addButton\"]"}
COMMAND: POST /session/2eef3865f9633c585bb33c6ac0c7be86/elements - {"using":"xpath","value":"//button[@data-kt=\"addButton\"]"}
RESULT: {"using":"xpath","value":"//button[@data-kt=\"addButton\"]"}
COMMAND: POST /session/2eef3865f9633c585bb33c6ac0c7be86/elements - {"using":"xpath","value":"//button[@data-kt=\"addButton\"]"}
RESULT: {"using":"xpath","value":"//button[@data-kt=\"addButton\"]"}
COMMAND: POST /session/2eef3865f9633c585bb33c6ac0c7be86/elements - {"using":"xpath","value":"//button[@data-kt=\"addButton\"]"}
RESULT: {"using":"xpath","value":"//button[@data-kt=\"addButton\"]"}
COMMAND: POST /session/2eef3865f9633c585bb33c6ac0c7be86/elements - {"using":"xpath","value":"//button[@data-kt=\"addButton\"]"}
RESULT: {"using":"xpath","value":"//button[@data-kt=\"addButton\"]"}
COMMAND: POST /session/2eef3865f9633c585bb33c6ac0c7be86/elements - {"using":"xpath","value":"//button[@data-kt=\"addButton\"]"}
RESULT: {"using":"xpath","value":"//button[@data-kt=\"addButton\"]"}
COMMAND: POST /session/2eef3865f9633c585bb33c6ac0c7be86/elements - {"using":"xpath","value":"//button[@data-kt=\"addButton\"]"}
RESULT: {"using":"xpath","value":"//button[@data-kt=\"addButton\"]"}
COMMAND: GET /session/2eef3865f9633c585bb33c6ac0c7be86/screenshot - {}
RESULT: {}
]]></system-out>
      <system-err><![CDATA[
Error: element ("//button[@data-kt="addButton"]") still not existing after 45000ms
    at async UtilsPrerequisites.contractCreation (D:\a\1\s\test\specs\BTS\prerequisites-and-utils-functions.js:1711:9)
    at async Context.<anonymous> (D:\a\1\s\test\specs\HTR\provide-to-site-w-warehouse-wo-clarification.spec.js:74:49)
]]></system-err>
    </testcase>
    <testcase classname="chrome.136_0_7103_93.windows.Provide_to_Site_w/_warehouse_management_wo_clarification" name="Should add equipment to the contract" time="60.44">
      <failure/>
      <error message="Can't call click on element with selector &quot;//button[@data-kt=&quot;contractDetailEditBtnButton&quot;]&quot; because element wasn't found"/>
      <system-out><![CDATA[
COMMAND: POST /session/2eef3865f9633c585bb33c6ac0c7be86/element - {"using":"xpath","value":"//button[@data-kt=\"contractDetailEditBtnButton\"]"}
COMMAND: GET /session/2eef3865f9633c585bb33c6ac0c7be86/screenshot - {}
RESULT: {"using":"xpath","value":"//button[@data-kt=\"contractDetailEditBtnButton\"]"}
COMMAND: POST /session/2eef3865f9633c585bb33c6ac0c7be86/elements - {"using":"xpath","value":"//button[@data-kt=\"contractDetailEditBtnButton\"]"}
RESULT: {}
RESULT: {"using":"xpath","value":"//button[@data-kt=\"contractDetailEditBtnButton\"]"}
COMMAND: POST /session/2eef3865f9633c585bb33c6ac0c7be86/elements - {"using":"xpath","value":"//button[@data-kt=\"contractDetailEditBtnButton\"]"}
RESULT: {"using":"xpath","value":"//button[@data-kt=\"contractDetailEditBtnButton\"]"}
COMMAND: POST /session/2eef3865f9633c585bb33c6ac0c7be86/elements - {"using":"xpath","value":"//button[@data-kt=\"contractDetailEditBtnButton\"]"}
RESULT: {"using":"xpath","value":"//button[@data-kt=\"contractDetailEditBtnButton\"]"}
COMMAND: POST /session/2eef3865f9633c585bb33c6ac0c7be86/elements - {"using":"xpath","value":"//button[@data-kt=\"contractDetailEditBtnButton\"]"}
RESULT: {"using":"xpath","value":"//button[@data-kt=\"contractDetailEditBtnButton\"]"}
COMMAND: POST /session/2eef3865f9633c585bb33c6ac0c7be86/elements - {"using":"xpath","value":"//button[@data-kt=\"contractDetailEditBtnButton\"]"}
RESULT: {"using":"xpath","value":"//button[@data-kt=\"contractDetailEditBtnButton\"]"}
COMMAND: POST /session/2eef3865f9633c585bb33c6ac0c7be86/elements - {"using":"xpath","value":"//button[@data-kt=\"contractDetailEditBtnButton\"]"}
RESULT: {"using":"xpath","value":"//button[@data-kt=\"contractDetailEditBtnButton\"]"}
COMMAND: POST /session/2eef3865f9633c585bb33c6ac0c7be86/elements - {"using":"xpath","value":"//button[@data-kt=\"contractDetailEditBtnButton\"]"}
RESULT: {"using":"xpath","value":"//button[@data-kt=\"contractDetailEditBtnButton\"]"}
COMMAND: POST /session/2eef3865f9633c585bb33c6ac0c7be86/elements - {"using":"xpath","value":"//button[@data-kt=\"contractDetailEditBtnButton\"]"}
RESULT: {"using":"xpath","value":"//button[@data-kt=\"contractDetailEditBtnButton\"]"}
COMMAND: POST /session/2eef3865f9633c585bb33c6ac0c7be86/elements - {"using":"xpath","value":"//button[@data-kt=\"contractDetailEditBtnButton\"]"}
RESULT: {"using":"xpath","value":"//button[@data-kt=\"contractDetailEditBtnButton\"]"}
COMMAND: POST /session/2eef3865f9633c585bb33c6ac0c7be86/elements - {"using":"xpath","value":"//button[@data-kt=\"contractDetailEditBtnButton\"]"}
RESULT: {"using":"xpath","value":"//button[@data-kt=\"contractDetailEditBtnButton\"]"}
COMMAND: POST /session/2eef3865f9633c585bb33c6ac0c7be86/elements - {"using":"xpath","value":"//button[@data-kt=\"contractDetailEditBtnButton\"]"}
RESULT: {"using":"xpath","value":"//button[@data-kt=\"contractDetailEditBtnButton\"]"}
COMMAND: POST /session/2eef3865f9633c585bb33c6ac0c7be86/elements - {"using":"xpath","value":"//button[@data-kt=\"contractDetailEditBtnButton\"]"}
RESULT: {"using":"xpath","value":"//button[@data-kt=\"contractDetailEditBtnButton\"]"}
COMMAND: POST /session/2eef3865f9633c585bb33c6ac0c7be86/elements - {"using":"xpath","value":"//button[@data-kt=\"contractDetailEditBtnButton\"]"}
RESULT: {"using":"xpath","value":"//button[@data-kt=\"contractDetailEditBtnButton\"]"}
COMMAND: POST /session/2eef3865f9633c585bb33c6ac0c7be86/elements - {"using":"xpath","value":"//button[@data-kt=\"contractDetailEditBtnButton\"]"}
RESULT: {"using":"xpath","value":"//button[@data-kt=\"contractDetailEditBtnButton\"]"}
COMMAND: POST /session/2eef3865f9633c585bb33c6ac0c7be86/elements - {"using":"xpath","value":"//button[@data-kt=\"contractDetailEditBtnButton\"]"}
RESULT: {"using":"xpath","value":"//button[@data-kt=\"contractDetailEditBtnButton\"]"}
COMMAND: POST /session/2eef3865f9633c585bb33c6ac0c7be86/elements - {"using":"xpath","value":"//button[@data-kt=\"contractDetailEditBtnButton\"]"}
RESULT: {"using":"xpath","value":"//button[@data-kt=\"contractDetailEditBtnButton\"]"}
COMMAND: POST /session/2eef3865f9633c585bb33c6ac0c7be86/elements - {"using":"xpath","value":"//button[@data-kt=\"contractDetailEditBtnButton\"]"}
RESULT: {"using":"xpath","value":"//button[@data-kt=\"contractDetailEditBtnButton\"]"}
COMMAND: POST /session/2eef3865f9633c585bb33c6ac0c7be86/elements - {"using":"xpath","value":"//button[@data-kt=\"contractDetailEditBtnButton\"]"}
RESULT: {"using":"xpath","value":"//button[@data-kt=\"contractDetailEditBtnButton\"]"}
COMMAND: POST /session/2eef3865f9633c585bb33c6ac0c7be86/elements - {"using":"xpath","value":"//button[@data-kt=\"contractDetailEditBtnButton\"]"}
RESULT: {"using":"xpath","value":"//button[@data-kt=\"contractDetailEditBtnButton\"]"}
COMMAND: POST /session/2eef3865f9633c585bb33c6ac0c7be86/elements - {"using":"xpath","value":"//button[@data-kt=\"contractDetailEditBtnButton\"]"}
RESULT: {"using":"xpath","value":"//button[@data-kt=\"contractDetailEditBtnButton\"]"}
COMMAND: POST /session/2eef3865f9633c585bb33c6ac0c7be86/elements - {"using":"xpath","value":"//button[@data-kt=\"contractDetailEditBtnButton\"]"}
RESULT: {"using":"xpath","value":"//button[@data-kt=\"contractDetailEditBtnButton\"]"}
COMMAND: POST /session/2eef3865f9633c585bb33c6ac0c7be86/elements - {"using":"xpath","value":"//button[@data-kt=\"contractDetailEditBtnButton\"]"}
RESULT: {"using":"xpath","value":"//button[@data-kt=\"contractDetailEditBtnButton\"]"}
COMMAND: POST /session/2eef3865f9633c585bb33c6ac0c7be86/elements - {"using":"xpath","value":"//button[@data-kt=\"contractDetailEditBtnButton\"]"}
RESULT: {"using":"xpath","value":"//button[@data-kt=\"contractDetailEditBtnButton\"]"}
COMMAND: POST /session/2eef3865f9633c585bb33c6ac0c7be86/elements - {"using":"xpath","value":"//button[@data-kt=\"contractDetailEditBtnButton\"]"}
RESULT: {"using":"xpath","value":"//button[@data-kt=\"contractDetailEditBtnButton\"]"}
COMMAND: POST /session/2eef3865f9633c585bb33c6ac0c7be86/elements - {"using":"xpath","value":"//button[@data-kt=\"contractDetailEditBtnButton\"]"}
RESULT: {"using":"xpath","value":"//button[@data-kt=\"contractDetailEditBtnButton\"]"}
COMMAND: POST /session/2eef3865f9633c585bb33c6ac0c7be86/elements - {"using":"xpath","value":"//button[@data-kt=\"contractDetailEditBtnButton\"]"}
RESULT: {"using":"xpath","value":"//button[@data-kt=\"contractDetailEditBtnButton\"]"}
COMMAND: POST /session/2eef3865f9633c585bb33c6ac0c7be86/elements - {"using":"xpath","value":"//button[@data-kt=\"contractDetailEditBtnButton\"]"}
RESULT: {"using":"xpath","value":"//button[@data-kt=\"contractDetailEditBtnButton\"]"}
COMMAND: POST /session/2eef3865f9633c585bb33c6ac0c7be86/elements - {"using":"xpath","value":"//button[@data-kt=\"contractDetailEditBtnButton\"]"}
RESULT: {"using":"xpath","value":"//button[@data-kt=\"contractDetailEditBtnButton\"]"}
COMMAND: POST /session/2eef3865f9633c585bb33c6ac0c7be86/elements - {"using":"xpath","value":"//button[@data-kt=\"contractDetailEditBtnButton\"]"}
RESULT: {"using":"xpath","value":"//button[@data-kt=\"contractDetailEditBtnButton\"]"}
COMMAND: POST /session/2eef3865f9633c585bb33c6ac0c7be86/elements - {"using":"xpath","value":"//button[@data-kt=\"contractDetailEditBtnButton\"]"}
RESULT: {"using":"xpath","value":"//button[@data-kt=\"contractDetailEditBtnButton\"]"}
COMMAND: POST /session/2eef3865f9633c585bb33c6ac0c7be86/elements - {"using":"xpath","value":"//button[@data-kt=\"contractDetailEditBtnButton\"]"}
RESULT: {"using":"xpath","value":"//button[@data-kt=\"contractDetailEditBtnButton\"]"}
COMMAND: POST /session/2eef3865f9633c585bb33c6ac0c7be86/elements - {"using":"xpath","value":"//button[@data-kt=\"contractDetailEditBtnButton\"]"}
RESULT: {"using":"xpath","value":"//button[@data-kt=\"contractDetailEditBtnButton\"]"}
COMMAND: POST /session/2eef3865f9633c585bb33c6ac0c7be86/elements - {"using":"xpath","value":"//button[@data-kt=\"contractDetailEditBtnButton\"]"}
RESULT: {"using":"xpath","value":"//button[@data-kt=\"contractDetailEditBtnButton\"]"}
COMMAND: POST /session/2eef3865f9633c585bb33c6ac0c7be86/elements - {"using":"xpath","value":"//button[@data-kt=\"contractDetailEditBtnButton\"]"}
RESULT: {"using":"xpath","value":"//button[@data-kt=\"contractDetailEditBtnButton\"]"}
COMMAND: POST /session/2eef3865f9633c585bb33c6ac0c7be86/elements - {"using":"xpath","value":"//button[@data-kt=\"contractDetailEditBtnButton\"]"}
RESULT: {"using":"xpath","value":"//button[@data-kt=\"contractDetailEditBtnButton\"]"}
COMMAND: POST /session/2eef3865f9633c585bb33c6ac0c7be86/elements - {"using":"xpath","value":"//button[@data-kt=\"contractDetailEditBtnButton\"]"}
RESULT: {"using":"xpath","value":"//button[@data-kt=\"contractDetailEditBtnButton\"]"}
COMMAND: POST /session/2eef3865f9633c585bb33c6ac0c7be86/elements - {"using":"xpath","value":"//button[@data-kt=\"contractDetailEditBtnButton\"]"}
RESULT: {"using":"xpath","value":"//button[@data-kt=\"contractDetailEditBtnButton\"]"}
COMMAND: POST /session/2eef3865f9633c585bb33c6ac0c7be86/elements - {"using":"xpath","value":"//button[@data-kt=\"contractDetailEditBtnButton\"]"}
RESULT: {"using":"xpath","value":"//button[@data-kt=\"contractDetailEditBtnButton\"]"}
COMMAND: POST /session/2eef3865f9633c585bb33c6ac0c7be86/elements - {"using":"xpath","value":"//button[@data-kt=\"contractDetailEditBtnButton\"]"}
RESULT: {"using":"xpath","value":"//button[@data-kt=\"contractDetailEditBtnButton\"]"}
COMMAND: POST /session/2eef3865f9633c585bb33c6ac0c7be86/elements - {"using":"xpath","value":"//button[@data-kt=\"contractDetailEditBtnButton\"]"}
RESULT: {"using":"xpath","value":"//button[@data-kt=\"contractDetailEditBtnButton\"]"}
COMMAND: POST /session/2eef3865f9633c585bb33c6ac0c7be86/elements - {"using":"xpath","value":"//button[@data-kt=\"contractDetailEditBtnButton\"]"}
RESULT: {"using":"xpath","value":"//button[@data-kt=\"contractDetailEditBtnButton\"]"}
COMMAND: POST /session/2eef3865f9633c585bb33c6ac0c7be86/elements - {"using":"xpath","value":"//button[@data-kt=\"contractDetailEditBtnButton\"]"}
RESULT: {"using":"xpath","value":"//button[@data-kt=\"contractDetailEditBtnButton\"]"}
COMMAND: POST /session/2eef3865f9633c585bb33c6ac0c7be86/elements - {"using":"xpath","value":"//button[@data-kt=\"contractDetailEditBtnButton\"]"}
RESULT: {"using":"xpath","value":"//button[@data-kt=\"contractDetailEditBtnButton\"]"}
COMMAND: POST /session/2eef3865f9633c585bb33c6ac0c7be86/elements - {"using":"xpath","value":"//button[@data-kt=\"contractDetailEditBtnButton\"]"}
RESULT: {"using":"xpath","value":"//button[@data-kt=\"contractDetailEditBtnButton\"]"}
COMMAND: POST /session/2eef3865f9633c585bb33c6ac0c7be86/elements - {"using":"xpath","value":"//button[@data-kt=\"contractDetailEditBtnButton\"]"}
RESULT: {"using":"xpath","value":"//button[@data-kt=\"contractDetailEditBtnButton\"]"}
COMMAND: POST /session/2eef3865f9633c585bb33c6ac0c7be86/elements - {"using":"xpath","value":"//button[@data-kt=\"contractDetailEditBtnButton\"]"}
RESULT: {"using":"xpath","value":"//button[@data-kt=\"contractDetailEditBtnButton\"]"}
COMMAND: POST /session/2eef3865f9633c585bb33c6ac0c7be86/elements - {"using":"xpath","value":"//button[@data-kt=\"contractDetailEditBtnButton\"]"}
RESULT: {"using":"xpath","value":"//button[@data-kt=\"contractDetailEditBtnButton\"]"}
COMMAND: POST /session/2eef3865f9633c585bb33c6ac0c7be86/elements - {"using":"xpath","value":"//button[@data-kt=\"contractDetailEditBtnButton\"]"}
RESULT: {"using":"xpath","value":"//button[@data-kt=\"contractDetailEditBtnButton\"]"}
COMMAND: POST /session/2eef3865f9633c585bb33c6ac0c7be86/elements - {"using":"xpath","value":"//button[@data-kt=\"contractDetailEditBtnButton\"]"}
RESULT: {"using":"xpath","value":"//button[@data-kt=\"contractDetailEditBtnButton\"]"}
COMMAND: POST /session/2eef3865f9633c585bb33c6ac0c7be86/elements - {"using":"xpath","value":"//button[@data-kt=\"contractDetailEditBtnButton\"]"}
RESULT: {"using":"xpath","value":"//button[@data-kt=\"contractDetailEditBtnButton\"]"}
COMMAND: POST /session/2eef3865f9633c585bb33c6ac0c7be86/elements - {"using":"xpath","value":"//button[@data-kt=\"contractDetailEditBtnButton\"]"}
RESULT: {"using":"xpath","value":"//button[@data-kt=\"contractDetailEditBtnButton\"]"}
COMMAND: POST /session/2eef3865f9633c585bb33c6ac0c7be86/elements - {"using":"xpath","value":"//button[@data-kt=\"contractDetailEditBtnButton\"]"}
RESULT: {"using":"xpath","value":"//button[@data-kt=\"contractDetailEditBtnButton\"]"}
COMMAND: POST /session/2eef3865f9633c585bb33c6ac0c7be86/elements - {"using":"xpath","value":"//button[@data-kt=\"contractDetailEditBtnButton\"]"}
RESULT: {"using":"xpath","value":"//button[@data-kt=\"contractDetailEditBtnButton\"]"}
COMMAND: POST /session/2eef3865f9633c585bb33c6ac0c7be86/elements - {"using":"xpath","value":"//button[@data-kt=\"contractDetailEditBtnButton\"]"}
RESULT: {"using":"xpath","value":"//button[@data-kt=\"contractDetailEditBtnButton\"]"}
COMMAND: POST /session/2eef3865f9633c585bb33c6ac0c7be86/elements - {"using":"xpath","value":"//button[@data-kt=\"contractDetailEditBtnButton\"]"}
RESULT: {"using":"xpath","value":"//button[@data-kt=\"contractDetailEditBtnButton\"]"}
COMMAND: POST /session/2eef3865f9633c585bb33c6ac0c7be86/elements - {"using":"xpath","value":"//button[@data-kt=\"contractDetailEditBtnButton\"]"}
RESULT: {"using":"xpath","value":"//button[@data-kt=\"contractDetailEditBtnButton\"]"}
COMMAND: POST /session/2eef3865f9633c585bb33c6ac0c7be86/elements - {"using":"xpath","value":"//button[@data-kt=\"contractDetailEditBtnButton\"]"}
RESULT: {"using":"xpath","value":"//button[@data-kt=\"contractDetailEditBtnButton\"]"}
COMMAND: POST /session/2eef3865f9633c585bb33c6ac0c7be86/elements - {"using":"xpath","value":"//button[@data-kt=\"contractDetailEditBtnButton\"]"}
RESULT: {"using":"xpath","value":"//button[@data-kt=\"contractDetailEditBtnButton\"]"}
COMMAND: POST /session/2eef3865f9633c585bb33c6ac0c7be86/elements - {"using":"xpath","value":"//button[@data-kt=\"contractDetailEditBtnButton\"]"}
RESULT: {"using":"xpath","value":"//button[@data-kt=\"contractDetailEditBtnButton\"]"}
COMMAND: POST /session/2eef3865f9633c585bb33c6ac0c7be86/elements - {"using":"xpath","value":"//button[@data-kt=\"contractDetailEditBtnButton\"]"}
RESULT: {"using":"xpath","value":"//button[@data-kt=\"contractDetailEditBtnButton\"]"}
COMMAND: POST /session/2eef3865f9633c585bb33c6ac0c7be86/elements - {"using":"xpath","value":"//button[@data-kt=\"contractDetailEditBtnButton\"]"}
RESULT: {"using":"xpath","value":"//button[@data-kt=\"contractDetailEditBtnButton\"]"}
COMMAND: POST /session/2eef3865f9633c585bb33c6ac0c7be86/elements - {"using":"xpath","value":"//button[@data-kt=\"contractDetailEditBtnButton\"]"}
RESULT: {"using":"xpath","value":"//button[@data-kt=\"contractDetailEditBtnButton\"]"}
COMMAND: POST /session/2eef3865f9633c585bb33c6ac0c7be86/elements - {"using":"xpath","value":"//button[@data-kt=\"contractDetailEditBtnButton\"]"}
RESULT: {"using":"xpath","value":"//button[@data-kt=\"contractDetailEditBtnButton\"]"}
COMMAND: POST /session/2eef3865f9633c585bb33c6ac0c7be86/elements - {"using":"xpath","value":"//button[@data-kt=\"contractDetailEditBtnButton\"]"}
RESULT: {"using":"xpath","value":"//button[@data-kt=\"contractDetailEditBtnButton\"]"}
COMMAND: POST /session/2eef3865f9633c585bb33c6ac0c7be86/elements - {"using":"xpath","value":"//button[@data-kt=\"contractDetailEditBtnButton\"]"}
RESULT: {"using":"xpath","value":"//button[@data-kt=\"contractDetailEditBtnButton\"]"}
COMMAND: POST /session/2eef3865f9633c585bb33c6ac0c7be86/elements - {"using":"xpath","value":"//button[@data-kt=\"contractDetailEditBtnButton\"]"}
RESULT: {"using":"xpath","value":"//button[@data-kt=\"contractDetailEditBtnButton\"]"}
COMMAND: POST /session/2eef3865f9633c585bb33c6ac0c7be86/elements - {"using":"xpath","value":"//button[@data-kt=\"contractDetailEditBtnButton\"]"}
RESULT: {"using":"xpath","value":"//button[@data-kt=\"contractDetailEditBtnButton\"]"}
COMMAND: POST /session/2eef3865f9633c585bb33c6ac0c7be86/elements - {"using":"xpath","value":"//button[@data-kt=\"contractDetailEditBtnButton\"]"}
RESULT: {"using":"xpath","value":"//button[@data-kt=\"contractDetailEditBtnButton\"]"}
COMMAND: POST /session/2eef3865f9633c585bb33c6ac0c7be86/elements - {"using":"xpath","value":"//button[@data-kt=\"contractDetailEditBtnButton\"]"}
RESULT: {"using":"xpath","value":"//button[@data-kt=\"contractDetailEditBtnButton\"]"}
COMMAND: POST /session/2eef3865f9633c585bb33c6ac0c7be86/elements - {"using":"xpath","value":"//button[@data-kt=\"contractDetailEditBtnButton\"]"}
RESULT: {"using":"xpath","value":"//button[@data-kt=\"contractDetailEditBtnButton\"]"}
COMMAND: POST /session/2eef3865f9633c585bb33c6ac0c7be86/elements - {"using":"xpath","value":"//button[@data-kt=\"contractDetailEditBtnButton\"]"}
RESULT: {"using":"xpath","value":"//button[@data-kt=\"contractDetailEditBtnButton\"]"}
COMMAND: POST /session/2eef3865f9633c585bb33c6ac0c7be86/elements - {"using":"xpath","value":"//button[@data-kt=\"contractDetailEditBtnButton\"]"}
RESULT: {"using":"xpath","value":"//button[@data-kt=\"contractDetailEditBtnButton\"]"}
COMMAND: POST /session/2eef3865f9633c585bb33c6ac0c7be86/elements - {"using":"xpath","value":"//button[@data-kt=\"contractDetailEditBtnButton\"]"}
RESULT: {"using":"xpath","value":"//button[@data-kt=\"contractDetailEditBtnButton\"]"}
COMMAND: POST /session/2eef3865f9633c585bb33c6ac0c7be86/elements - {"using":"xpath","value":"//button[@data-kt=\"contractDetailEditBtnButton\"]"}
RESULT: {"using":"xpath","value":"//button[@data-kt=\"contractDetailEditBtnButton\"]"}
COMMAND: POST /session/2eef3865f9633c585bb33c6ac0c7be86/elements - {"using":"xpath","value":"//button[@data-kt=\"contractDetailEditBtnButton\"]"}
RESULT: {"using":"xpath","value":"//button[@data-kt=\"contractDetailEditBtnButton\"]"}
COMMAND: POST /session/2eef3865f9633c585bb33c6ac0c7be86/elements - {"using":"xpath","value":"//button[@data-kt=\"contractDetailEditBtnButton\"]"}
RESULT: {"using":"xpath","value":"//button[@data-kt=\"contractDetailEditBtnButton\"]"}
COMMAND: POST /session/2eef3865f9633c585bb33c6ac0c7be86/elements - {"using":"xpath","value":"//button[@data-kt=\"contractDetailEditBtnButton\"]"}
RESULT: {"using":"xpath","value":"//button[@data-kt=\"contractDetailEditBtnButton\"]"}
COMMAND: POST /session/2eef3865f9633c585bb33c6ac0c7be86/elements - {"using":"xpath","value":"//button[@data-kt=\"contractDetailEditBtnButton\"]"}
RESULT: {"using":"xpath","value":"//button[@data-kt=\"contractDetailEditBtnButton\"]"}
COMMAND: POST /session/2eef3865f9633c585bb33c6ac0c7be86/elements - {"using":"xpath","value":"//button[@data-kt=\"contractDetailEditBtnButton\"]"}
RESULT: {"using":"xpath","value":"//button[@data-kt=\"contractDetailEditBtnButton\"]"}
COMMAND: POST /session/2eef3865f9633c585bb33c6ac0c7be86/elements - {"using":"xpath","value":"//button[@data-kt=\"contractDetailEditBtnButton\"]"}
RESULT: {"using":"xpath","value":"//button[@data-kt=\"contractDetailEditBtnButton\"]"}
COMMAND: POST /session/2eef3865f9633c585bb33c6ac0c7be86/elements - {"using":"xpath","value":"//button[@data-kt=\"contractDetailEditBtnButton\"]"}
RESULT: {"using":"xpath","value":"//button[@data-kt=\"contractDetailEditBtnButton\"]"}
COMMAND: POST /session/2eef3865f9633c585bb33c6ac0c7be86/elements - {"using":"xpath","value":"//button[@data-kt=\"contractDetailEditBtnButton\"]"}
RESULT: {"using":"xpath","value":"//button[@data-kt=\"contractDetailEditBtnButton\"]"}
COMMAND: POST /session/2eef3865f9633c585bb33c6ac0c7be86/elements - {"using":"xpath","value":"//button[@data-kt=\"contractDetailEditBtnButton\"]"}
RESULT: {"using":"xpath","value":"//button[@data-kt=\"contractDetailEditBtnButton\"]"}
COMMAND: POST /session/2eef3865f9633c585bb33c6ac0c7be86/elements - {"using":"xpath","value":"//button[@data-kt=\"contractDetailEditBtnButton\"]"}
RESULT: {"using":"xpath","value":"//button[@data-kt=\"contractDetailEditBtnButton\"]"}
COMMAND: POST /session/2eef3865f9633c585bb33c6ac0c7be86/elements - {"using":"xpath","value":"//button[@data-kt=\"contractDetailEditBtnButton\"]"}
RESULT: {"using":"xpath","value":"//button[@data-kt=\"contractDetailEditBtnButton\"]"}
COMMAND: POST /session/2eef3865f9633c585bb33c6ac0c7be86/elements - {"using":"xpath","value":"//button[@data-kt=\"contractDetailEditBtnButton\"]"}
RESULT: {"using":"xpath","value":"//button[@data-kt=\"contractDetailEditBtnButton\"]"}
COMMAND: POST /session/2eef3865f9633c585bb33c6ac0c7be86/elements - {"using":"xpath","value":"//button[@data-kt=\"contractDetailEditBtnButton\"]"}
RESULT: {"using":"xpath","value":"//button[@data-kt=\"contractDetailEditBtnButton\"]"}
COMMAND: POST /session/2eef3865f9633c585bb33c6ac0c7be86/elements - {"using":"xpath","value":"//button[@data-kt=\"contractDetailEditBtnButton\"]"}
RESULT: {"using":"xpath","value":"//button[@data-kt=\"contractDetailEditBtnButton\"]"}
COMMAND: POST /session/2eef3865f9633c585bb33c6ac0c7be86/elements - {"using":"xpath","value":"//button[@data-kt=\"contractDetailEditBtnButton\"]"}
RESULT: {"using":"xpath","value":"//button[@data-kt=\"contractDetailEditBtnButton\"]"}
COMMAND: POST /session/2eef3865f9633c585bb33c6ac0c7be86/elements - {"using":"xpath","value":"//button[@data-kt=\"contractDetailEditBtnButton\"]"}
RESULT: {"using":"xpath","value":"//button[@data-kt=\"contractDetailEditBtnButton\"]"}
COMMAND: POST /session/2eef3865f9633c585bb33c6ac0c7be86/elements - {"using":"xpath","value":"//button[@data-kt=\"contractDetailEditBtnButton\"]"}
RESULT: {"using":"xpath","value":"//button[@data-kt=\"contractDetailEditBtnButton\"]"}
COMMAND: POST /session/2eef3865f9633c585bb33c6ac0c7be86/elements - {"using":"xpath","value":"//button[@data-kt=\"contractDetailEditBtnButton\"]"}
RESULT: {"using":"xpath","value":"//button[@data-kt=\"contractDetailEditBtnButton\"]"}
COMMAND: POST /session/2eef3865f9633c585bb33c6ac0c7be86/elements - {"using":"xpath","value":"//button[@data-kt=\"contractDetailEditBtnButton\"]"}
RESULT: {"using":"xpath","value":"//button[@data-kt=\"contractDetailEditBtnButton\"]"}
COMMAND: POST /session/2eef3865f9633c585bb33c6ac0c7be86/elements - {"using":"xpath","value":"//button[@data-kt=\"contractDetailEditBtnButton\"]"}
RESULT: {"using":"xpath","value":"//button[@data-kt=\"contractDetailEditBtnButton\"]"}
COMMAND: POST /session/2eef3865f9633c585bb33c6ac0c7be86/elements - {"using":"xpath","value":"//button[@data-kt=\"contractDetailEditBtnButton\"]"}
RESULT: {"using":"xpath","value":"//button[@data-kt=\"contractDetailEditBtnButton\"]"}
COMMAND: POST /session/2eef3865f9633c585bb33c6ac0c7be86/elements - {"using":"xpath","value":"//button[@data-kt=\"contractDetailEditBtnButton\"]"}
RESULT: {"using":"xpath","value":"//button[@data-kt=\"contractDetailEditBtnButton\"]"}
COMMAND: POST /session/2eef3865f9633c585bb33c6ac0c7be86/elements - {"using":"xpath","value":"//button[@data-kt=\"contractDetailEditBtnButton\"]"}
RESULT: {"using":"xpath","value":"//button[@data-kt=\"contractDetailEditBtnButton\"]"}
COMMAND: POST /session/2eef3865f9633c585bb33c6ac0c7be86/elements - {"using":"xpath","value":"//button[@data-kt=\"contractDetailEditBtnButton\"]"}
RESULT: {"using":"xpath","value":"//button[@data-kt=\"contractDetailEditBtnButton\"]"}
COMMAND: POST /session/2eef3865f9633c585bb33c6ac0c7be86/elements - {"using":"xpath","value":"//button[@data-kt=\"contractDetailEditBtnButton\"]"}
RESULT: {"using":"xpath","value":"//button[@data-kt=\"contractDetailEditBtnButton\"]"}
COMMAND: POST /session/2eef3865f9633c585bb33c6ac0c7be86/elements - {"using":"xpath","value":"//button[@data-kt=\"contractDetailEditBtnButton\"]"}
RESULT: {"using":"xpath","value":"//button[@data-kt=\"contractDetailEditBtnButton\"]"}
COMMAND: POST /session/2eef3865f9633c585bb33c6ac0c7be86/elements - {"using":"xpath","value":"//button[@data-kt=\"contractDetailEditBtnButton\"]"}
RESULT: {"using":"xpath","value":"//button[@data-kt=\"contractDetailEditBtnButton\"]"}
COMMAND: POST /session/2eef3865f9633c585bb33c6ac0c7be86/elements - {"using":"xpath","value":"//button[@data-kt=\"contractDetailEditBtnButton\"]"}
RESULT: {"using":"xpath","value":"//button[@data-kt=\"contractDetailEditBtnButton\"]"}
COMMAND: POST /session/2eef3865f9633c585bb33c6ac0c7be86/elements - {"using":"xpath","value":"//button[@data-kt=\"contractDetailEditBtnButton\"]"}
RESULT: {"using":"xpath","value":"//button[@data-kt=\"contractDetailEditBtnButton\"]"}
COMMAND: POST /session/2eef3865f9633c585bb33c6ac0c7be86/elements - {"using":"xpath","value":"//button[@data-kt=\"contractDetailEditBtnButton\"]"}
RESULT: {"using":"xpath","value":"//button[@data-kt=\"contractDetailEditBtnButton\"]"}
COMMAND: POST /session/2eef3865f9633c585bb33c6ac0c7be86/elements - {"using":"xpath","value":"//button[@data-kt=\"contractDetailEditBtnButton\"]"}
RESULT: {"using":"xpath","value":"//button[@data-kt=\"contractDetailEditBtnButton\"]"}
COMMAND: POST /session/2eef3865f9633c585bb33c6ac0c7be86/elements - {"using":"xpath","value":"//button[@data-kt=\"contractDetailEditBtnButton\"]"}
RESULT: {"using":"xpath","value":"//button[@data-kt=\"contractDetailEditBtnButton\"]"}
COMMAND: POST /session/2eef3865f9633c585bb33c6ac0c7be86/elements - {"using":"xpath","value":"//button[@data-kt=\"contractDetailEditBtnButton\"]"}
RESULT: {"using":"xpath","value":"//button[@data-kt=\"contractDetailEditBtnButton\"]"}
COMMAND: POST /session/2eef3865f9633c585bb33c6ac0c7be86/elements - {"using":"xpath","value":"//button[@data-kt=\"contractDetailEditBtnButton\"]"}
RESULT: {"using":"xpath","value":"//button[@data-kt=\"contractDetailEditBtnButton\"]"}
COMMAND: POST /session/2eef3865f9633c585bb33c6ac0c7be86/elements - {"using":"xpath","value":"//button[@data-kt=\"contractDetailEditBtnButton\"]"}
RESULT: {"using":"xpath","value":"//button[@data-kt=\"contractDetailEditBtnButton\"]"}
COMMAND: POST /session/2eef3865f9633c585bb33c6ac0c7be86/elements - {"using":"xpath","value":"//button[@data-kt=\"contractDetailEditBtnButton\"]"}
RESULT: {"using":"xpath","value":"//button[@data-kt=\"contractDetailEditBtnButton\"]"}
COMMAND: POST /session/2eef3865f9633c585bb33c6ac0c7be86/elements - {"using":"xpath","value":"//button[@data-kt=\"contractDetailEditBtnButton\"]"}
RESULT: {"using":"xpath","value":"//button[@data-kt=\"contractDetailEditBtnButton\"]"}
COMMAND: POST /session/2eef3865f9633c585bb33c6ac0c7be86/elements - {"using":"xpath","value":"//button[@data-kt=\"contractDetailEditBtnButton\"]"}
RESULT: {"using":"xpath","value":"//button[@data-kt=\"contractDetailEditBtnButton\"]"}
COMMAND: POST /session/2eef3865f9633c585bb33c6ac0c7be86/elements - {"using":"xpath","value":"//button[@data-kt=\"contractDetailEditBtnButton\"]"}
RESULT: {"using":"xpath","value":"//button[@data-kt=\"contractDetailEditBtnButton\"]"}
COMMAND: POST /session/2eef3865f9633c585bb33c6ac0c7be86/elements - {"using":"xpath","value":"//button[@data-kt=\"contractDetailEditBtnButton\"]"}
RESULT: {"using":"xpath","value":"//button[@data-kt=\"contractDetailEditBtnButton\"]"}
COMMAND: POST /session/2eef3865f9633c585bb33c6ac0c7be86/elements - {"using":"xpath","value":"//button[@data-kt=\"contractDetailEditBtnButton\"]"}
RESULT: {"using":"xpath","value":"//button[@data-kt=\"contractDetailEditBtnButton\"]"}
COMMAND: POST /session/2eef3865f9633c585bb33c6ac0c7be86/elements - {"using":"xpath","value":"//button[@data-kt=\"contractDetailEditBtnButton\"]"}
RESULT: {"using":"xpath","value":"//button[@data-kt=\"contractDetailEditBtnButton\"]"}
COMMAND: POST /session/2eef3865f9633c585bb33c6ac0c7be86/elements - {"using":"xpath","value":"//button[@data-kt=\"contractDetailEditBtnButton\"]"}
RESULT: {"using":"xpath","value":"//button[@data-kt=\"contractDetailEditBtnButton\"]"}
COMMAND: POST /session/2eef3865f9633c585bb33c6ac0c7be86/elements - {"using":"xpath","value":"//button[@data-kt=\"contractDetailEditBtnButton\"]"}
RESULT: {"using":"xpath","value":"//button[@data-kt=\"contractDetailEditBtnButton\"]"}
COMMAND: POST /session/2eef3865f9633c585bb33c6ac0c7be86/elements - {"using":"xpath","value":"//button[@data-kt=\"contractDetailEditBtnButton\"]"}
RESULT: {"using":"xpath","value":"//button[@data-kt=\"contractDetailEditBtnButton\"]"}
COMMAND: POST /session/2eef3865f9633c585bb33c6ac0c7be86/elements - {"using":"xpath","value":"//button[@data-kt=\"contractDetailEditBtnButton\"]"}
RESULT: {"using":"xpath","value":"//button[@data-kt=\"contractDetailEditBtnButton\"]"}
COMMAND: POST /session/2eef3865f9633c585bb33c6ac0c7be86/elements - {"using":"xpath","value":"//button[@data-kt=\"contractDetailEditBtnButton\"]"}
COMMAND: GET /session/2eef3865f9633c585bb33c6ac0c7be86/screenshot - {}
RESULT: {"using":"xpath","value":"//button[@data-kt=\"contractDetailEditBtnButton\"]"}
RESULT: {}
]]></system-out>
      <system-err><![CDATA[
Error: Can't call click on element with selector "//button[@data-kt="contractDetailEditBtnButton"]" because element wasn't found
    at async UtilsPrerequisites.addItemToContract (D:\a\1\s\test\specs\BTS\prerequisites-and-utils-functions.js:1822:9)
    at async Context.<anonymous> (D:\a\1\s\test\specs\HTR\provide-to-site-w-warehouse-wo-clarification.spec.js:78:9)
]]></system-err>
    </testcase>
    <testcase classname="chrome.136_0_7103_93.windows.Provide_to_Site_w/_warehouse_management_wo_clarification" name="Should provide to site" time="60.417">
      <failure/>
      <error message="Can't call click on element with selector &quot;//button[@data-kt=&quot;provideButton&quot;]&quot; because element wasn't found"/>
      <system-out><![CDATA[
COMMAND: POST /session/2eef3865f9633c585bb33c6ac0c7be86/element - {"using":"xpath","value":"//button[@data-kt=\"provideButton\"]"}
COMMAND: GET /session/2eef3865f9633c585bb33c6ac0c7be86/screenshot - {}
RESULT: {"using":"xpath","value":"//button[@data-kt=\"provideButton\"]"}
COMMAND: POST /session/2eef3865f9633c585bb33c6ac0c7be86/elements - {"using":"xpath","value":"//button[@data-kt=\"provideButton\"]"}
RESULT: {}
RESULT: {"using":"xpath","value":"//button[@data-kt=\"provideButton\"]"}
COMMAND: POST /session/2eef3865f9633c585bb33c6ac0c7be86/elements - {"using":"xpath","value":"//button[@data-kt=\"provideButton\"]"}
RESULT: {"using":"xpath","value":"//button[@data-kt=\"provideButton\"]"}
COMMAND: POST /session/2eef3865f9633c585bb33c6ac0c7be86/elements - {"using":"xpath","value":"//button[@data-kt=\"provideButton\"]"}
RESULT: {"using":"xpath","value":"//button[@data-kt=\"provideButton\"]"}
COMMAND: POST /session/2eef3865f9633c585bb33c6ac0c7be86/elements - {"using":"xpath","value":"//button[@data-kt=\"provideButton\"]"}
RESULT: {"using":"xpath","value":"//button[@data-kt=\"provideButton\"]"}
COMMAND: POST /session/2eef3865f9633c585bb33c6ac0c7be86/elements - {"using":"xpath","value":"//button[@data-kt=\"provideButton\"]"}
RESULT: {"using":"xpath","value":"//button[@data-kt=\"provideButton\"]"}
COMMAND: POST /session/2eef3865f9633c585bb33c6ac0c7be86/elements - {"using":"xpath","value":"//button[@data-kt=\"provideButton\"]"}
RESULT: {"using":"xpath","value":"//button[@data-kt=\"provideButton\"]"}
COMMAND: POST /session/2eef3865f9633c585bb33c6ac0c7be86/elements - {"using":"xpath","value":"//button[@data-kt=\"provideButton\"]"}
RESULT: {"using":"xpath","value":"//button[@data-kt=\"provideButton\"]"}
COMMAND: POST /session/2eef3865f9633c585bb33c6ac0c7be86/elements - {"using":"xpath","value":"//button[@data-kt=\"provideButton\"]"}
RESULT: {"using":"xpath","value":"//button[@data-kt=\"provideButton\"]"}
COMMAND: POST /session/2eef3865f9633c585bb33c6ac0c7be86/elements - {"using":"xpath","value":"//button[@data-kt=\"provideButton\"]"}
RESULT: {"using":"xpath","value":"//button[@data-kt=\"provideButton\"]"}
COMMAND: POST /session/2eef3865f9633c585bb33c6ac0c7be86/elements - {"using":"xpath","value":"//button[@data-kt=\"provideButton\"]"}
RESULT: {"using":"xpath","value":"//button[@data-kt=\"provideButton\"]"}
COMMAND: POST /session/2eef3865f9633c585bb33c6ac0c7be86/elements - {"using":"xpath","value":"//button[@data-kt=\"provideButton\"]"}
RESULT: {"using":"xpath","value":"//button[@data-kt=\"provideButton\"]"}
COMMAND: POST /session/2eef3865f9633c585bb33c6ac0c7be86/elements - {"using":"xpath","value":"//button[@data-kt=\"provideButton\"]"}
RESULT: {"using":"xpath","value":"//button[@data-kt=\"provideButton\"]"}
COMMAND: POST /session/2eef3865f9633c585bb33c6ac0c7be86/elements - {"using":"xpath","value":"//button[@data-kt=\"provideButton\"]"}
RESULT: {"using":"xpath","value":"//button[@data-kt=\"provideButton\"]"}
COMMAND: POST /session/2eef3865f9633c585bb33c6ac0c7be86/elements - {"using":"xpath","value":"//button[@data-kt=\"provideButton\"]"}
RESULT: {"using":"xpath","value":"//button[@data-kt=\"provideButton\"]"}
COMMAND: POST /session/2eef3865f9633c585bb33c6ac0c7be86/elements - {"using":"xpath","value":"//button[@data-kt=\"provideButton\"]"}
RESULT: {"using":"xpath","value":"//button[@data-kt=\"provideButton\"]"}
COMMAND: POST /session/2eef3865f9633c585bb33c6ac0c7be86/elements - {"using":"xpath","value":"//button[@data-kt=\"provideButton\"]"}
RESULT: {"using":"xpath","value":"//button[@data-kt=\"provideButton\"]"}
COMMAND: POST /session/2eef3865f9633c585bb33c6ac0c7be86/elements - {"using":"xpath","value":"//button[@data-kt=\"provideButton\"]"}
RESULT: {"using":"xpath","value":"//button[@data-kt=\"provideButton\"]"}
COMMAND: POST /session/2eef3865f9633c585bb33c6ac0c7be86/elements - {"using":"xpath","value":"//button[@data-kt=\"provideButton\"]"}
RESULT: {"using":"xpath","value":"//button[@data-kt=\"provideButton\"]"}
COMMAND: POST /session/2eef3865f9633c585bb33c6ac0c7be86/elements - {"using":"xpath","value":"//button[@data-kt=\"provideButton\"]"}
RESULT: {"using":"xpath","value":"//button[@data-kt=\"provideButton\"]"}
COMMAND: POST /session/2eef3865f9633c585bb33c6ac0c7be86/elements - {"using":"xpath","value":"//button[@data-kt=\"provideButton\"]"}
RESULT: {"using":"xpath","value":"//button[@data-kt=\"provideButton\"]"}
COMMAND: POST /session/2eef3865f9633c585bb33c6ac0c7be86/elements - {"using":"xpath","value":"//button[@data-kt=\"provideButton\"]"}
RESULT: {"using":"xpath","value":"//button[@data-kt=\"provideButton\"]"}
COMMAND: POST /session/2eef3865f9633c585bb33c6ac0c7be86/elements - {"using":"xpath","value":"//button[@data-kt=\"provideButton\"]"}
RESULT: {"using":"xpath","value":"//button[@data-kt=\"provideButton\"]"}
COMMAND: POST /session/2eef3865f9633c585bb33c6ac0c7be86/elements - {"using":"xpath","value":"//button[@data-kt=\"provideButton\"]"}
RESULT: {"using":"xpath","value":"//button[@data-kt=\"provideButton\"]"}
COMMAND: POST /session/2eef3865f9633c585bb33c6ac0c7be86/elements - {"using":"xpath","value":"//button[@data-kt=\"provideButton\"]"}
RESULT: {"using":"xpath","value":"//button[@data-kt=\"provideButton\"]"}
COMMAND: POST /session/2eef3865f9633c585bb33c6ac0c7be86/elements - {"using":"xpath","value":"//button[@data-kt=\"provideButton\"]"}
RESULT: {"using":"xpath","value":"//button[@data-kt=\"provideButton\"]"}
COMMAND: POST /session/2eef3865f9633c585bb33c6ac0c7be86/elements - {"using":"xpath","value":"//button[@data-kt=\"provideButton\"]"}
RESULT: {"using":"xpath","value":"//button[@data-kt=\"provideButton\"]"}
COMMAND: POST /session/2eef3865f9633c585bb33c6ac0c7be86/elements - {"using":"xpath","value":"//button[@data-kt=\"provideButton\"]"}
RESULT: {"using":"xpath","value":"//button[@data-kt=\"provideButton\"]"}
COMMAND: POST /session/2eef3865f9633c585bb33c6ac0c7be86/elements - {"using":"xpath","value":"//button[@data-kt=\"provideButton\"]"}
RESULT: {"using":"xpath","value":"//button[@data-kt=\"provideButton\"]"}
COMMAND: POST /session/2eef3865f9633c585bb33c6ac0c7be86/elements - {"using":"xpath","value":"//button[@data-kt=\"provideButton\"]"}
RESULT: {"using":"xpath","value":"//button[@data-kt=\"provideButton\"]"}
COMMAND: POST /session/2eef3865f9633c585bb33c6ac0c7be86/elements - {"using":"xpath","value":"//button[@data-kt=\"provideButton\"]"}
RESULT: {"using":"xpath","value":"//button[@data-kt=\"provideButton\"]"}
COMMAND: POST /session/2eef3865f9633c585bb33c6ac0c7be86/elements - {"using":"xpath","value":"//button[@data-kt=\"provideButton\"]"}
RESULT: {"using":"xpath","value":"//button[@data-kt=\"provideButton\"]"}
COMMAND: POST /session/2eef3865f9633c585bb33c6ac0c7be86/elements - {"using":"xpath","value":"//button[@data-kt=\"provideButton\"]"}
RESULT: {"using":"xpath","value":"//button[@data-kt=\"provideButton\"]"}
COMMAND: POST /session/2eef3865f9633c585bb33c6ac0c7be86/elements - {"using":"xpath","value":"//button[@data-kt=\"provideButton\"]"}
RESULT: {"using":"xpath","value":"//button[@data-kt=\"provideButton\"]"}
COMMAND: POST /session/2eef3865f9633c585bb33c6ac0c7be86/elements - {"using":"xpath","value":"//button[@data-kt=\"provideButton\"]"}
RESULT: {"using":"xpath","value":"//button[@data-kt=\"provideButton\"]"}
COMMAND: POST /session/2eef3865f9633c585bb33c6ac0c7be86/elements - {"using":"xpath","value":"//button[@data-kt=\"provideButton\"]"}
RESULT: {"using":"xpath","value":"//button[@data-kt=\"provideButton\"]"}
COMMAND: POST /session/2eef3865f9633c585bb33c6ac0c7be86/elements - {"using":"xpath","value":"//button[@data-kt=\"provideButton\"]"}
RESULT: {"using":"xpath","value":"//button[@data-kt=\"provideButton\"]"}
COMMAND: POST /session/2eef3865f9633c585bb33c6ac0c7be86/elements - {"using":"xpath","value":"//button[@data-kt=\"provideButton\"]"}
RESULT: {"using":"xpath","value":"//button[@data-kt=\"provideButton\"]"}
COMMAND: POST /session/2eef3865f9633c585bb33c6ac0c7be86/elements - {"using":"xpath","value":"//button[@data-kt=\"provideButton\"]"}
RESULT: {"using":"xpath","value":"//button[@data-kt=\"provideButton\"]"}
COMMAND: POST /session/2eef3865f9633c585bb33c6ac0c7be86/elements - {"using":"xpath","value":"//button[@data-kt=\"provideButton\"]"}
RESULT: {"using":"xpath","value":"//button[@data-kt=\"provideButton\"]"}
COMMAND: POST /session/2eef3865f9633c585bb33c6ac0c7be86/elements - {"using":"xpath","value":"//button[@data-kt=\"provideButton\"]"}
RESULT: {"using":"xpath","value":"//button[@data-kt=\"provideButton\"]"}
COMMAND: POST /session/2eef3865f9633c585bb33c6ac0c7be86/elements - {"using":"xpath","value":"//button[@data-kt=\"provideButton\"]"}
RESULT: {"using":"xpath","value":"//button[@data-kt=\"provideButton\"]"}
COMMAND: POST /session/2eef3865f9633c585bb33c6ac0c7be86/elements - {"using":"xpath","value":"//button[@data-kt=\"provideButton\"]"}
RESULT: {"using":"xpath","value":"//button[@data-kt=\"provideButton\"]"}
COMMAND: POST /session/2eef3865f9633c585bb33c6ac0c7be86/elements - {"using":"xpath","value":"//button[@data-kt=\"provideButton\"]"}
RESULT: {"using":"xpath","value":"//button[@data-kt=\"provideButton\"]"}
COMMAND: POST /session/2eef3865f9633c585bb33c6ac0c7be86/elements - {"using":"xpath","value":"//button[@data-kt=\"provideButton\"]"}
RESULT: {"using":"xpath","value":"//button[@data-kt=\"provideButton\"]"}
COMMAND: POST /session/2eef3865f9633c585bb33c6ac0c7be86/elements - {"using":"xpath","value":"//button[@data-kt=\"provideButton\"]"}
RESULT: {"using":"xpath","value":"//button[@data-kt=\"provideButton\"]"}
COMMAND: POST /session/2eef3865f9633c585bb33c6ac0c7be86/elements - {"using":"xpath","value":"//button[@data-kt=\"provideButton\"]"}
RESULT: {"using":"xpath","value":"//button[@data-kt=\"provideButton\"]"}
COMMAND: POST /session/2eef3865f9633c585bb33c6ac0c7be86/elements - {"using":"xpath","value":"//button[@data-kt=\"provideButton\"]"}
RESULT: {"using":"xpath","value":"//button[@data-kt=\"provideButton\"]"}
COMMAND: POST /session/2eef3865f9633c585bb33c6ac0c7be86/elements - {"using":"xpath","value":"//button[@data-kt=\"provideButton\"]"}
RESULT: {"using":"xpath","value":"//button[@data-kt=\"provideButton\"]"}
COMMAND: POST /session/2eef3865f9633c585bb33c6ac0c7be86/elements - {"using":"xpath","value":"//button[@data-kt=\"provideButton\"]"}
RESULT: {"using":"xpath","value":"//button[@data-kt=\"provideButton\"]"}
COMMAND: POST /session/2eef3865f9633c585bb33c6ac0c7be86/elements - {"using":"xpath","value":"//button[@data-kt=\"provideButton\"]"}
RESULT: {"using":"xpath","value":"//button[@data-kt=\"provideButton\"]"}
COMMAND: POST /session/2eef3865f9633c585bb33c6ac0c7be86/elements - {"using":"xpath","value":"//button[@data-kt=\"provideButton\"]"}
RESULT: {"using":"xpath","value":"//button[@data-kt=\"provideButton\"]"}
COMMAND: POST /session/2eef3865f9633c585bb33c6ac0c7be86/elements - {"using":"xpath","value":"//button[@data-kt=\"provideButton\"]"}
RESULT: {"using":"xpath","value":"//button[@data-kt=\"provideButton\"]"}
COMMAND: POST /session/2eef3865f9633c585bb33c6ac0c7be86/elements - {"using":"xpath","value":"//button[@data-kt=\"provideButton\"]"}
RESULT: {"using":"xpath","value":"//button[@data-kt=\"provideButton\"]"}
COMMAND: POST /session/2eef3865f9633c585bb33c6ac0c7be86/elements - {"using":"xpath","value":"//button[@data-kt=\"provideButton\"]"}
RESULT: {"using":"xpath","value":"//button[@data-kt=\"provideButton\"]"}
COMMAND: POST /session/2eef3865f9633c585bb33c6ac0c7be86/elements - {"using":"xpath","value":"//button[@data-kt=\"provideButton\"]"}
RESULT: {"using":"xpath","value":"//button[@data-kt=\"provideButton\"]"}
COMMAND: POST /session/2eef3865f9633c585bb33c6ac0c7be86/elements - {"using":"xpath","value":"//button[@data-kt=\"provideButton\"]"}
RESULT: {"using":"xpath","value":"//button[@data-kt=\"provideButton\"]"}
COMMAND: POST /session/2eef3865f9633c585bb33c6ac0c7be86/elements - {"using":"xpath","value":"//button[@data-kt=\"provideButton\"]"}
RESULT: {"using":"xpath","value":"//button[@data-kt=\"provideButton\"]"}
COMMAND: POST /session/2eef3865f9633c585bb33c6ac0c7be86/elements - {"using":"xpath","value":"//button[@data-kt=\"provideButton\"]"}
RESULT: {"using":"xpath","value":"//button[@data-kt=\"provideButton\"]"}
COMMAND: POST /session/2eef3865f9633c585bb33c6ac0c7be86/elements - {"using":"xpath","value":"//button[@data-kt=\"provideButton\"]"}
RESULT: {"using":"xpath","value":"//button[@data-kt=\"provideButton\"]"}
COMMAND: POST /session/2eef3865f9633c585bb33c6ac0c7be86/elements - {"using":"xpath","value":"//button[@data-kt=\"provideButton\"]"}
RESULT: {"using":"xpath","value":"//button[@data-kt=\"provideButton\"]"}
COMMAND: POST /session/2eef3865f9633c585bb33c6ac0c7be86/elements - {"using":"xpath","value":"//button[@data-kt=\"provideButton\"]"}
RESULT: {"using":"xpath","value":"//button[@data-kt=\"provideButton\"]"}
COMMAND: POST /session/2eef3865f9633c585bb33c6ac0c7be86/elements - {"using":"xpath","value":"//button[@data-kt=\"provideButton\"]"}
RESULT: {"using":"xpath","value":"//button[@data-kt=\"provideButton\"]"}
COMMAND: POST /session/2eef3865f9633c585bb33c6ac0c7be86/elements - {"using":"xpath","value":"//button[@data-kt=\"provideButton\"]"}
RESULT: {"using":"xpath","value":"//button[@data-kt=\"provideButton\"]"}
COMMAND: POST /session/2eef3865f9633c585bb33c6ac0c7be86/elements - {"using":"xpath","value":"//button[@data-kt=\"provideButton\"]"}
RESULT: {"using":"xpath","value":"//button[@data-kt=\"provideButton\"]"}
COMMAND: POST /session/2eef3865f9633c585bb33c6ac0c7be86/elements - {"using":"xpath","value":"//button[@data-kt=\"provideButton\"]"}
RESULT: {"using":"xpath","value":"//button[@data-kt=\"provideButton\"]"}
COMMAND: POST /session/2eef3865f9633c585bb33c6ac0c7be86/elements - {"using":"xpath","value":"//button[@data-kt=\"provideButton\"]"}
RESULT: {"using":"xpath","value":"//button[@data-kt=\"provideButton\"]"}
COMMAND: POST /session/2eef3865f9633c585bb33c6ac0c7be86/elements - {"using":"xpath","value":"//button[@data-kt=\"provideButton\"]"}
RESULT: {"using":"xpath","value":"//button[@data-kt=\"provideButton\"]"}
COMMAND: POST /session/2eef3865f9633c585bb33c6ac0c7be86/elements - {"using":"xpath","value":"//button[@data-kt=\"provideButton\"]"}
RESULT: {"using":"xpath","value":"//button[@data-kt=\"provideButton\"]"}
COMMAND: POST /session/2eef3865f9633c585bb33c6ac0c7be86/elements - {"using":"xpath","value":"//button[@data-kt=\"provideButton\"]"}
RESULT: {"using":"xpath","value":"//button[@data-kt=\"provideButton\"]"}
COMMAND: POST /session/2eef3865f9633c585bb33c6ac0c7be86/elements - {"using":"xpath","value":"//button[@data-kt=\"provideButton\"]"}
RESULT: {"using":"xpath","value":"//button[@data-kt=\"provideButton\"]"}
COMMAND: POST /session/2eef3865f9633c585bb33c6ac0c7be86/elements - {"using":"xpath","value":"//button[@data-kt=\"provideButton\"]"}
RESULT: {"using":"xpath","value":"//button[@data-kt=\"provideButton\"]"}
COMMAND: POST /session/2eef3865f9633c585bb33c6ac0c7be86/elements - {"using":"xpath","value":"//button[@data-kt=\"provideButton\"]"}
RESULT: {"using":"xpath","value":"//button[@data-kt=\"provideButton\"]"}
COMMAND: POST /session/2eef3865f9633c585bb33c6ac0c7be86/elements - {"using":"xpath","value":"//button[@data-kt=\"provideButton\"]"}
RESULT: {"using":"xpath","value":"//button[@data-kt=\"provideButton\"]"}
COMMAND: POST /session/2eef3865f9633c585bb33c6ac0c7be86/elements - {"using":"xpath","value":"//button[@data-kt=\"provideButton\"]"}
RESULT: {"using":"xpath","value":"//button[@data-kt=\"provideButton\"]"}
COMMAND: POST /session/2eef3865f9633c585bb33c6ac0c7be86/elements - {"using":"xpath","value":"//button[@data-kt=\"provideButton\"]"}
RESULT: {"using":"xpath","value":"//button[@data-kt=\"provideButton\"]"}
COMMAND: POST /session/2eef3865f9633c585bb33c6ac0c7be86/elements - {"using":"xpath","value":"//button[@data-kt=\"provideButton\"]"}
RESULT: {"using":"xpath","value":"//button[@data-kt=\"provideButton\"]"}
COMMAND: POST /session/2eef3865f9633c585bb33c6ac0c7be86/elements - {"using":"xpath","value":"//button[@data-kt=\"provideButton\"]"}
RESULT: {"using":"xpath","value":"//button[@data-kt=\"provideButton\"]"}
COMMAND: POST /session/2eef3865f9633c585bb33c6ac0c7be86/elements - {"using":"xpath","value":"//button[@data-kt=\"provideButton\"]"}
RESULT: {"using":"xpath","value":"//button[@data-kt=\"provideButton\"]"}
COMMAND: POST /session/2eef3865f9633c585bb33c6ac0c7be86/elements - {"using":"xpath","value":"//button[@data-kt=\"provideButton\"]"}
RESULT: {"using":"xpath","value":"//button[@data-kt=\"provideButton\"]"}
COMMAND: POST /session/2eef3865f9633c585bb33c6ac0c7be86/elements - {"using":"xpath","value":"//button[@data-kt=\"provideButton\"]"}
RESULT: {"using":"xpath","value":"//button[@data-kt=\"provideButton\"]"}
COMMAND: POST /session/2eef3865f9633c585bb33c6ac0c7be86/elements - {"using":"xpath","value":"//button[@data-kt=\"provideButton\"]"}
RESULT: {"using":"xpath","value":"//button[@data-kt=\"provideButton\"]"}
COMMAND: POST /session/2eef3865f9633c585bb33c6ac0c7be86/elements - {"using":"xpath","value":"//button[@data-kt=\"provideButton\"]"}
RESULT: {"using":"xpath","value":"//button[@data-kt=\"provideButton\"]"}
COMMAND: POST /session/2eef3865f9633c585bb33c6ac0c7be86/elements - {"using":"xpath","value":"//button[@data-kt=\"provideButton\"]"}
RESULT: {"using":"xpath","value":"//button[@data-kt=\"provideButton\"]"}
COMMAND: POST /session/2eef3865f9633c585bb33c6ac0c7be86/elements - {"using":"xpath","value":"//button[@data-kt=\"provideButton\"]"}
RESULT: {"using":"xpath","value":"//button[@data-kt=\"provideButton\"]"}
COMMAND: POST /session/2eef3865f9633c585bb33c6ac0c7be86/elements - {"using":"xpath","value":"//button[@data-kt=\"provideButton\"]"}
RESULT: {"using":"xpath","value":"//button[@data-kt=\"provideButton\"]"}
COMMAND: POST /session/2eef3865f9633c585bb33c6ac0c7be86/elements - {"using":"xpath","value":"//button[@data-kt=\"provideButton\"]"}
RESULT: {"using":"xpath","value":"//button[@data-kt=\"provideButton\"]"}
COMMAND: POST /session/2eef3865f9633c585bb33c6ac0c7be86/elements - {"using":"xpath","value":"//button[@data-kt=\"provideButton\"]"}
RESULT: {"using":"xpath","value":"//button[@data-kt=\"provideButton\"]"}
COMMAND: POST /session/2eef3865f9633c585bb33c6ac0c7be86/elements - {"using":"xpath","value":"//button[@data-kt=\"provideButton\"]"}
RESULT: {"using":"xpath","value":"//button[@data-kt=\"provideButton\"]"}
COMMAND: POST /session/2eef3865f9633c585bb33c6ac0c7be86/elements - {"using":"xpath","value":"//button[@data-kt=\"provideButton\"]"}
RESULT: {"using":"xpath","value":"//button[@data-kt=\"provideButton\"]"}
COMMAND: POST /session/2eef3865f9633c585bb33c6ac0c7be86/elements - {"using":"xpath","value":"//button[@data-kt=\"provideButton\"]"}
RESULT: {"using":"xpath","value":"//button[@data-kt=\"provideButton\"]"}
COMMAND: POST /session/2eef3865f9633c585bb33c6ac0c7be86/elements - {"using":"xpath","value":"//button[@data-kt=\"provideButton\"]"}
RESULT: {"using":"xpath","value":"//button[@data-kt=\"provideButton\"]"}
COMMAND: POST /session/2eef3865f9633c585bb33c6ac0c7be86/elements - {"using":"xpath","value":"//button[@data-kt=\"provideButton\"]"}
RESULT: {"using":"xpath","value":"//button[@data-kt=\"provideButton\"]"}
COMMAND: POST /session/2eef3865f9633c585bb33c6ac0c7be86/elements - {"using":"xpath","value":"//button[@data-kt=\"provideButton\"]"}
RESULT: {"using":"xpath","value":"//button[@data-kt=\"provideButton\"]"}
COMMAND: POST /session/2eef3865f9633c585bb33c6ac0c7be86/elements - {"using":"xpath","value":"//button[@data-kt=\"provideButton\"]"}
RESULT: {"using":"xpath","value":"//button[@data-kt=\"provideButton\"]"}
COMMAND: POST /session/2eef3865f9633c585bb33c6ac0c7be86/elements - {"using":"xpath","value":"//button[@data-kt=\"provideButton\"]"}
RESULT: {"using":"xpath","value":"//button[@data-kt=\"provideButton\"]"}
COMMAND: POST /session/2eef3865f9633c585bb33c6ac0c7be86/elements - {"using":"xpath","value":"//button[@data-kt=\"provideButton\"]"}
RESULT: {"using":"xpath","value":"//button[@data-kt=\"provideButton\"]"}
COMMAND: POST /session/2eef3865f9633c585bb33c6ac0c7be86/elements - {"using":"xpath","value":"//button[@data-kt=\"provideButton\"]"}
RESULT: {"using":"xpath","value":"//button[@data-kt=\"provideButton\"]"}
COMMAND: POST /session/2eef3865f9633c585bb33c6ac0c7be86/elements - {"using":"xpath","value":"//button[@data-kt=\"provideButton\"]"}
RESULT: {"using":"xpath","value":"//button[@data-kt=\"provideButton\"]"}
COMMAND: POST /session/2eef3865f9633c585bb33c6ac0c7be86/elements - {"using":"xpath","value":"//button[@data-kt=\"provideButton\"]"}
RESULT: {"using":"xpath","value":"//button[@data-kt=\"provideButton\"]"}
COMMAND: POST /session/2eef3865f9633c585bb33c6ac0c7be86/elements - {"using":"xpath","value":"//button[@data-kt=\"provideButton\"]"}
RESULT: {"using":"xpath","value":"//button[@data-kt=\"provideButton\"]"}
COMMAND: POST /session/2eef3865f9633c585bb33c6ac0c7be86/elements - {"using":"xpath","value":"//button[@data-kt=\"provideButton\"]"}
RESULT: {"using":"xpath","value":"//button[@data-kt=\"provideButton\"]"}
COMMAND: POST /session/2eef3865f9633c585bb33c6ac0c7be86/elements - {"using":"xpath","value":"//button[@data-kt=\"provideButton\"]"}
RESULT: {"using":"xpath","value":"//button[@data-kt=\"provideButton\"]"}
COMMAND: POST /session/2eef3865f9633c585bb33c6ac0c7be86/elements - {"using":"xpath","value":"//button[@data-kt=\"provideButton\"]"}
RESULT: {"using":"xpath","value":"//button[@data-kt=\"provideButton\"]"}
COMMAND: POST /session/2eef3865f9633c585bb33c6ac0c7be86/elements - {"using":"xpath","value":"//button[@data-kt=\"provideButton\"]"}
RESULT: {"using":"xpath","value":"//button[@data-kt=\"provideButton\"]"}
COMMAND: POST /session/2eef3865f9633c585bb33c6ac0c7be86/elements - {"using":"xpath","value":"//button[@data-kt=\"provideButton\"]"}
RESULT: {"using":"xpath","value":"//button[@data-kt=\"provideButton\"]"}
COMMAND: POST /session/2eef3865f9633c585bb33c6ac0c7be86/elements - {"using":"xpath","value":"//button[@data-kt=\"provideButton\"]"}
RESULT: {"using":"xpath","value":"//button[@data-kt=\"provideButton\"]"}
COMMAND: POST /session/2eef3865f9633c585bb33c6ac0c7be86/elements - {"using":"xpath","value":"//button[@data-kt=\"provideButton\"]"}
RESULT: {"using":"xpath","value":"//button[@data-kt=\"provideButton\"]"}
COMMAND: POST /session/2eef3865f9633c585bb33c6ac0c7be86/elements - {"using":"xpath","value":"//button[@data-kt=\"provideButton\"]"}
RESULT: {"using":"xpath","value":"//button[@data-kt=\"provideButton\"]"}
COMMAND: POST /session/2eef3865f9633c585bb33c6ac0c7be86/elements - {"using":"xpath","value":"//button[@data-kt=\"provideButton\"]"}
RESULT: {"using":"xpath","value":"//button[@data-kt=\"provideButton\"]"}
COMMAND: POST /session/2eef3865f9633c585bb33c6ac0c7be86/elements - {"using":"xpath","value":"//button[@data-kt=\"provideButton\"]"}
RESULT: {"using":"xpath","value":"//button[@data-kt=\"provideButton\"]"}
COMMAND: POST /session/2eef3865f9633c585bb33c6ac0c7be86/elements - {"using":"xpath","value":"//button[@data-kt=\"provideButton\"]"}
RESULT: {"using":"xpath","value":"//button[@data-kt=\"provideButton\"]"}
COMMAND: POST /session/2eef3865f9633c585bb33c6ac0c7be86/elements - {"using":"xpath","value":"//button[@data-kt=\"provideButton\"]"}
RESULT: {"using":"xpath","value":"//button[@data-kt=\"provideButton\"]"}
COMMAND: POST /session/2eef3865f9633c585bb33c6ac0c7be86/elements - {"using":"xpath","value":"//button[@data-kt=\"provideButton\"]"}
RESULT: {"using":"xpath","value":"//button[@data-kt=\"provideButton\"]"}
COMMAND: POST /session/2eef3865f9633c585bb33c6ac0c7be86/elements - {"using":"xpath","value":"//button[@data-kt=\"provideButton\"]"}
RESULT: {"using":"xpath","value":"//button[@data-kt=\"provideButton\"]"}
COMMAND: POST /session/2eef3865f9633c585bb33c6ac0c7be86/elements - {"using":"xpath","value":"//button[@data-kt=\"provideButton\"]"}
RESULT: {"using":"xpath","value":"//button[@data-kt=\"provideButton\"]"}
COMMAND: POST /session/2eef3865f9633c585bb33c6ac0c7be86/elements - {"using":"xpath","value":"//button[@data-kt=\"provideButton\"]"}
RESULT: {"using":"xpath","value":"//button[@data-kt=\"provideButton\"]"}
COMMAND: POST /session/2eef3865f9633c585bb33c6ac0c7be86/elements - {"using":"xpath","value":"//button[@data-kt=\"provideButton\"]"}
RESULT: {"using":"xpath","value":"//button[@data-kt=\"provideButton\"]"}
COMMAND: POST /session/2eef3865f9633c585bb33c6ac0c7be86/elements - {"using":"xpath","value":"//button[@data-kt=\"provideButton\"]"}
RESULT: {"using":"xpath","value":"//button[@data-kt=\"provideButton\"]"}
COMMAND: POST /session/2eef3865f9633c585bb33c6ac0c7be86/elements - {"using":"xpath","value":"//button[@data-kt=\"provideButton\"]"}
RESULT: {"using":"xpath","value":"//button[@data-kt=\"provideButton\"]"}
COMMAND: POST /session/2eef3865f9633c585bb33c6ac0c7be86/elements - {"using":"xpath","value":"//button[@data-kt=\"provideButton\"]"}
RESULT: {"using":"xpath","value":"//button[@data-kt=\"provideButton\"]"}
COMMAND: POST /session/2eef3865f9633c585bb33c6ac0c7be86/elements - {"using":"xpath","value":"//button[@data-kt=\"provideButton\"]"}
COMMAND: GET /session/2eef3865f9633c585bb33c6ac0c7be86/screenshot - {}
RESULT: {"using":"xpath","value":"//button[@data-kt=\"provideButton\"]"}
RESULT: {}
]]></system-out>
      <system-err><![CDATA[
Error: Can't call click on element with selector "//button[@data-kt="provideButton"]" because element wasn't found
    at async Context.<anonymous> (D:\a\1\s\test\specs\HTR\provide-to-site-w-warehouse-wo-clarification.spec.js:83:9)
]]></system-err>
    </testcase>
    <testcase classname="chrome.136_0_7103_93.windows.Provide_to_Site_w/_warehouse_management_wo_clarification" name="Should Test for Handover Execution" time="33.994">
      <failure/>
      <error message="expect(received).toEqual(expected) // deep equality&#xA;&#xA;Expected: &quot;stored&quot;&#xA;Received: undefined"/>
      <system-out><![CDATA[
COMMAND: POST /session/2eef3865f9633c585bb33c6ac0c7be86/execute/async - {"script":"<script> [1562 bytes]","args":[{"selector":{"controlType":"sap.m.Link","viewName":"etm.portal.ui.managehandovers.view.DetailExecuteHO","bindingPath":{"path":"","propertyPath":"/wmDoc","modelName":"warehouseMovModel"}},"wdio_ui5_key":"etmportal.ui.managehandovers.view.DetailExecuteHOsap.m.Link{\"path\":\"\",\"propertyPath\":\"/wmDoc\",\"modelName\":\"warehouseMovModel\"}"}]}
COMMAND: GET /session/2eef3865f9633c585bb33c6ac0c7be86/screenshot - {}
RESULT: {"script":"<script> [1562 bytes]","args":[{"selector":{"controlType":"sap.m.Link","viewName":"etm.portal.ui.managehandovers.view.DetailExecuteHO","bindingPath":{"path":"","propertyPath":"/wmDoc","modelName":"warehouseMovModel"}},"wdio_ui5_key":"etmportal.ui.managehandovers.view.DetailExecuteHOsap.m.Link{\"path\":\"\",\"propertyPath\":\"/wmDoc\",\"modelName\":\"warehouseMovModel\"}"}]}
RESULT: undefined
RESULT: {}
COMMAND: POST /session/2eef3865f9633c585bb33c6ac0c7be86/execute/async - {"script":"<script> [1562 bytes]","args":[{"selector":{"controlType":"sap.m.Link","viewName":"etm.portal.ui.managehandovers.view.DetailExecuteHO","properties":{"text":"Warehouse Overview"},"searchOpenDialogs":true},"wdio_ui5_key":"etmportal.ui.managehandovers.view.DetailExecuteHOsap.m.Link{\"text\":\"Warehouse Overview\"}"}]}
RESULT: {"script":"<script> [1562 bytes]","args":[{"selector":{"controlType":"sap.m.Link","viewName":"etm.portal.ui.managehandovers.view.DetailExecuteHO","properties":{"text":"Warehouse Overview"},"searchOpenDialogs":true},"wdio_ui5_key":"etmportal.ui.managehandovers.view.DetailExecuteHOsap.m.Link{\"text\":\"Warehouse Overview\"}"}]}
RESULT: undefined
COMMAND: POST /session/2eef3865f9633c585bb33c6ac0c7be86/execute/async - {"script":"<script> [1562 bytes]","args":[{"selector":{"controlType":"sap.m.Button","viewName":"etm.portal.ui.warehousemovements.view.DisplayMovement","viewId":"application-warehousemovements-display-component---displayMovement","i18NText":{"propertyName":"text","key":"execution"},"interaction":{"idSuffix":"BDI-content"}},"wdio_ui5_key":"etmportal.ui.warehousemovements.view.DisplayMovementsap.m.Button{\"propertyName\":\"text\",\"key\":\"execution\"}"}]}
RESULT: {"script":"<script> [1562 bytes]","args":[{"selector":{"controlType":"sap.m.Button","viewName":"etm.portal.ui.warehousemovements.view.DisplayMovement","viewId":"application-warehousemovements-display-component---displayMovement","i18NText":{"propertyName":"text","key":"execution"},"interaction":{"idSuffix":"BDI-content"}},"wdio_ui5_key":"etmportal.ui.warehousemovements.view.DisplayMovementsap.m.Button{\"propertyName\":\"text\",\"key\":\"execution\"}"}]}
RESULT: undefined
COMMAND: POST /session/2eef3865f9633c585bb33c6ac0c7be86/execute/async - {"script":"<script> [1562 bytes]","args":[{"selector":{"controlType":"sap.m.Button","viewName":"etm.portal.ui.warehousemovements.view.ExecuteMovement","viewId":"application-warehousemovements-display-component---executeMovement","properties":{"text":"Items"},"interaction":{"idSuffix":"BDI-content"}},"wdio_ui5_key":"etmportal.ui.warehousemovements.view.ExecuteMovementsap.m.Button{\"text\":\"Items\"}"}]}
RESULT: {"script":"<script> [1562 bytes]","args":[{"selector":{"controlType":"sap.m.Button","viewName":"etm.portal.ui.warehousemovements.view.ExecuteMovement","viewId":"application-warehousemovements-display-component---executeMovement","properties":{"text":"Items"},"interaction":{"idSuffix":"BDI-content"}},"wdio_ui5_key":"etmportal.ui.warehousemovements.view.ExecuteMovementsap.m.Button{\"text\":\"Items\"}"}]}
RESULT: undefined
COMMAND: POST /session/2eef3865f9633c585bb33c6ac0c7be86/execute/async - {"script":"<script> [1562 bytes]","args":[{"selector":{"controlType":"sap.m.ToggleButton","viewName":"etm.portal.ui.warehousemovements.view.ExecuteMovement","viewId":"application-warehousemovements-display-component---executeMovement","bindingPath":{"propertyPath":"STATUS","modelName":"catalogModel"},"interaction":{"idSuffix":"BDI-content"}},"wdio_ui5_key":"etmportal.ui.warehousemovements.view.ExecuteMovementsap.m.ToggleButton{\"propertyPath\":\"STATUS\",\"modelName\":\"catalogModel\"}"}]}
RESULT: {"script":"<script> [1562 bytes]","args":[{"selector":{"controlType":"sap.m.ToggleButton","viewName":"etm.portal.ui.warehousemovements.view.ExecuteMovement","viewId":"application-warehousemovements-display-component---executeMovement","bindingPath":{"propertyPath":"STATUS","modelName":"catalogModel"},"interaction":{"idSuffix":"BDI-content"}},"wdio_ui5_key":"etmportal.ui.warehousemovements.view.ExecuteMovementsap.m.ToggleButton{\"propertyPath\":\"STATUS\",\"modelName\":\"catalogModel\"}"}]}
RESULT: undefined
RESULT: undefined
RESULT: undefined
COMMAND: GET /session/2eef3865f9633c585bb33c6ac0c7be86/screenshot - {}
RESULT: {}
COMMAND: POST /session/2eef3865f9633c585bb33c6ac0c7be86/element - {"using":"css selector","value":"#j_username"}
COMMAND: POST /session/2eef3865f9633c585bb33c6ac0c7be86/url - {"url":"https://qa-testing-00-live-etm-ui.cfapps.eu10-004.hana.ondemand.com/"}
COMMAND: GET /session/2eef3865f9633c585bb33c6ac0c7be86/screenshot - {}
COMMAND: GET /session/2eef3865f9633c585bb33c6ac0c7be86/screenshot - {}
RESULT: {"url":"https://qa-testing-00-live-etm-ui.cfapps.eu10-004.hana.ondemand.com/"}
RESULT: undefined
COMMAND: GET /session/2eef3865f9633c585bb33c6ac0c7be86/screenshot - {}
RESULT: {"using":"css selector","value":"#j_username"}
COMMAND: POST /session/2eef3865f9633c585bb33c6ac0c7be86/element - {"using":"css selector","value":"#j_username"}
RESULT: {}
RESULT: {}
RESULT: {}
RESULT: {"using":"css selector","value":"#j_username"}
COMMAND: POST /session/2eef3865f9633c585bb33c6ac0c7be86/element - {"using":"css selector","value":"#shell-header-logo"}
RESULT: {"using":"css selector","value":"#shell-header-logo"}
COMMAND: POST /session/2eef3865f9633c585bb33c6ac0c7be86/execute/sync - {"script":"<script> [8489 bytes]","args":[{"element-6066-11e4-a52e-4f735466cecf":"f.38388B4EA542EE9F87EA90A6B1549037.d.27170EB198E19006166C6A08D334459F.e.8708","ELEMENT":"f.38388B4EA542EE9F87EA90A6B1549037.d.27170EB198E19006166C6A08D334459F.e.8708"}]}
RESULT: {"script":"<script> [8489 bytes]","args":[{"element-6066-11e4-a52e-4f735466cecf":"f.38388B4EA542EE9F87EA90A6B1549037.d.27170EB198E19006166C6A08D334459F.e.8708","ELEMENT":"f.38388B4EA542EE9F87EA90A6B1549037.d.27170EB198E19006166C6A08D334459F.e.8708"}]}
COMMAND: POST /session/2eef3865f9633c585bb33c6ac0c7be86/element - {"using":"css selector","value":"#shell-header-logo"}
COMMAND: GET /session/2eef3865f9633c585bb33c6ac0c7be86/screenshot - {}
RESULT: {"using":"css selector","value":"#shell-header-logo"}
COMMAND: POST /session/2eef3865f9633c585bb33c6ac0c7be86/execute/sync - {"script":"<script> [8489 bytes]","args":[{"element-6066-11e4-a52e-4f735466cecf":"f.38388B4EA542EE9F87EA90A6B1549037.d.27170EB198E19006166C6A08D334459F.e.8708","ELEMENT":"f.38388B4EA542EE9F87EA90A6B1549037.d.27170EB198E19006166C6A08D334459F.e.8708"}]}
RESULT: {}
RESULT: {"script":"<script> [8489 bytes]","args":[{"element-6066-11e4-a52e-4f735466cecf":"f.38388B4EA542EE9F87EA90A6B1549037.d.27170EB198E19006166C6A08D334459F.e.8708","ELEMENT":"f.38388B4EA542EE9F87EA90A6B1549037.d.27170EB198E19006166C6A08D334459F.e.8708"}]}
COMMAND: POST /session/2eef3865f9633c585bb33c6ac0c7be86/execute/sync - {"script":"<script> [5351 bytes]","args":[{"element-6066-11e4-a52e-4f735466cecf":"f.38388B4EA542EE9F87EA90A6B1549037.d.27170EB198E19006166C6A08D334459F.e.8708","ELEMENT":"f.38388B4EA542EE9F87EA90A6B1549037.d.27170EB198E19006166C6A08D334459F.e.8708"}]}
COMMAND: GET /session/2eef3865f9633c585bb33c6ac0c7be86/screenshot - {}
RESULT: {"script":"<script> [5351 bytes]","args":[{"element-6066-11e4-a52e-4f735466cecf":"f.38388B4EA542EE9F87EA90A6B1549037.d.27170EB198E19006166C6A08D334459F.e.8708","ELEMENT":"f.38388B4EA542EE9F87EA90A6B1549037.d.27170EB198E19006166C6A08D334459F.e.8708"}]}
COMMAND: POST /session/2eef3865f9633c585bb33c6ac0c7be86/element - {"using":"css selector","value":"#shell-header-logo"}
COMMAND: GET /session/2eef3865f9633c585bb33c6ac0c7be86/screenshot - {}
RESULT: {}
RESULT: {"using":"css selector","value":"#shell-header-logo"}
COMMAND: POST /session/2eef3865f9633c585bb33c6ac0c7be86/element/f.38388B4EA542EE9F87EA90A6B1549037.d.27170EB198E19006166C6A08D334459F.e.8708/click - {}
RESULT: {}
RESULT: {}
COMMAND: GET /session/2eef3865f9633c585bb33c6ac0c7be86/screenshot - {}
RESULT: {}
COMMAND: POST /session/2eef3865f9633c585bb33c6ac0c7be86/execute/async - {"script":"<script> [189 bytes]","args":[]}
RESULT: {"script":"<script> [189 bytes]","args":[]}
COMMAND: POST /session/2eef3865f9633c585bb33c6ac0c7be86/execute/async - {"script":"<script> [123 bytes]","args":[]}
RESULT: {"script":"<script> [123 bytes]","args":[]}
COMMAND: POST /session/2eef3865f9633c585bb33c6ac0c7be86/timeouts - {"script":"<number>"}
RESULT: {"script":"<number>"}
COMMAND: GET /session/2eef3865f9633c585bb33c6ac0c7be86/timeouts - {}
RESULT: {}
RESULT: undefined
COMMAND: POST /session/2eef3865f9633c585bb33c6ac0c7be86/execute/async - {"script":"<script> [2676 bytes]","args":[]}
RESULT: {"script":"<script> [2676 bytes]","args":[]}
COMMAND: POST /session/2eef3865f9633c585bb33c6ac0c7be86/execute/async - {"script":"<script> [2342 bytes]","args":[{"protocol":"http","hostname":"0.0.0.0","path":"/","capabilities":{"browserName":"chrome","goog:chromeOptions":{"binary":"C:\\Program Files\\Google\\Chrome\\Application\\chrome.exe","args":["--start-maximized"]}},"logLevel":"warn","connectionRetryTimeout":120000,"connectionRetryCount":3,"logLevels":{},"enableDirectConnect":true,"strictSSL":true,"_":"65 more keys: [\"cacheDir\",\"port\",\"requestedCapabilities\",\"automationProtocol\",\"baseUrl\",\"waitforInterval\",\"waitforTimeout\",\"onReload\",\"beforeCommand\",\"afterCommand\",\"rootDir\",\"specs\",\"suites\",\"exclude\",\"groupLogsByTestSpec\",\"excludeDriverLogs\",\"bail\",\"framework\",\"reporters\",\"services\",\"maxInstances\",\"maxInstancesPerCapability\",\"injectGlobals\",\"filesToWatch\",\"execArgv\",\"runnerEnv\",\"runner\",\"shard\",\"specFileRetries\",\"specFileRetriesDelay\",\"specFileRetriesDeferred\",\"reporterSyncInterval\",\"reporterSyncTimeout\",\"cucumberFeaturesWithLineNumbers\",\"autoCompileOpts\",\"mochaOpts\",\"jasmineOpts\",\"cucumberOpts\",\"onPrepare\",\"onWorkerStart\",\"onWorkerEnd\",\"before\",\"beforeSession\",\"beforeSuite\",\"beforeHook\",\"beforeTest\",\"afterTest\",\"afterHook\",\"afterSuite\",\"afterSession\",\"after\",\"onComplete\",\"beforeAssertion\",\"afterAssertion\",\"beforeFeature\",\"beforeScenario\",\"beforeStep\",\"afterStep\",\"afterScenario\",\"afterFeature\",\"_\",\"suite\",\"$0\",\"ignoredWorkerServices\",\"wdi5\"]"}]}
RESULT: {"script":"<script> [2342 bytes]","args":[{"protocol":"http","hostname":"0.0.0.0","path":"/","capabilities":{"browserName":"chrome","goog:chromeOptions":{"binary":"C:\\Program Files\\Google\\Chrome\\Application\\chrome.exe","args":["--start-maximized"]}},"logLevel":"warn","connectionRetryTimeout":120000,"connectionRetryCount":3,"logLevels":{},"enableDirectConnect":true,"strictSSL":true,"_":"65 more keys: [\"cacheDir\",\"port\",\"requestedCapabilities\",\"automationProtocol\",\"baseUrl\",\"waitforInterval\",\"waitforTimeout\",\"onReload\",\"beforeCommand\",\"afterCommand\",\"rootDir\",\"specs\",\"suites\",\"exclude\",\"groupLogsByTestSpec\",\"excludeDriverLogs\",\"bail\",\"framework\",\"reporters\",\"services\",\"maxInstances\",\"maxInstancesPerCapability\",\"injectGlobals\",\"filesToWatch\",\"execArgv\",\"runnerEnv\",\"runner\",\"shard\",\"specFileRetries\",\"specFileRetriesDelay\",\"specFileRetriesDeferred\",\"reporterSyncInterval\",\"reporterSyncTimeout\",\"cucumberFeaturesWithLineNumbers\",\"autoCompileOpts\",\"mochaOpts\",\"jasmineOpts\",\"cucumberOpts\",\"onPrepare\",\"onWorkerStart\",\"onWorkerEnd\",\"before\",\"beforeSession\",\"beforeSuite\",\"beforeHook\",\"beforeTest\",\"afterTest\",\"afterHook\",\"afterSuite\",\"afterSession\",\"after\",\"onComplete\",\"beforeAssertion\",\"afterAssertion\",\"beforeFeature\",\"beforeScenario\",\"beforeStep\",\"afterStep\",\"afterScenario\",\"afterFeature\",\"_\",\"suite\",\"$0\",\"ignoredWorkerServices\",\"wdi5\"]"}]}
COMMAND: POST /session/2eef3865f9633c585bb33c6ac0c7be86/execute/async - {"script":"<script> [21126 bytes]","args":[35000]}
RESULT: {"script":"<script> [21126 bytes]","args":[35000]}
COMMAND: POST /session/2eef3865f9633c585bb33c6ac0c7be86/window/maximize - {}
RESULT: {}
COMMAND: POST /session/2eef3865f9633c585bb33c6ac0c7be86/execute/async - {"script":"<script> [1562 bytes]","args":[{"selector":{"id":"shell-header","interaction":{"idSuffix":"icon"}},"wdio_ui5_key":"shellheader"}]}
COMMAND: GET /session/2eef3865f9633c585bb33c6ac0c7be86/screenshot - {}
RESULT: {"script":"<script> [1562 bytes]","args":[{"selector":{"id":"shell-header","interaction":{"idSuffix":"icon"}},"wdio_ui5_key":"shellheader"}]}
RESULT: undefined
COMMAND: POST /session/2eef3865f9633c585bb33c6ac0c7be86/window/fullscreen - {}
RESULT: {}
RESULT: {}
]]></system-out>
      <system-err><![CDATA[
Error: expect(received).toEqual(expected) // deep equality

Expected: "stored"
Received: undefined
    at Context.<anonymous> (D:\a\1\s\test\specs\HTR\provide-to-site-w-warehouse-wo-clarification.spec.js:229:28)
]]></system-err>
    </testcase>
  </testsuite>
  <testsuite timestamp="2025-05-25T16:47:47" time="454.512" tests="4" failures="0" errors="0" skipped="0">
    <properties>
      <property name="specId" value="0"/>
      <property name="suiteName" value="Provide to Site w/o warehouse management w/ clarification US116605"/>
      <property name="capabilities" value="chrome.136_0_7103_93.windows"/>
      <property name="file" value="file:///D:/a/1/s/test/specs/HTR/provide-to-site-wo-warehouse-w-clarification.spec.js"/>
    </properties>
    <testcase classname="chrome.136_0_7103_93.windows.Provide_to_Site_w/o_warehouse_management_w/_clarification_US116605" name="Should create a new yard" time="123.699">
      <system-out><![CDATA[
COMMAND: POST /session/2eef3865f9633c585bb33c6ac0c7be86/window/fullscreen - {}
RESULT: {}
COMMAND: POST /session/2eef3865f9633c585bb33c6ac0c7be86/execute/async - {"script":"<script> [1562 bytes]","args":[{"selector":{"controlType":"sap.m.GenericTile","properties":{"header":"Manage Yards"}},"wdio_ui5_key":"sapm.GenericTile{\"header\":\"Manage Yards\"}"}]}
RESULT: {"script":"<script> [1562 bytes]","args":[{"selector":{"controlType":"sap.m.GenericTile","properties":{"header":"Manage Yards"}},"wdio_ui5_key":"sapm.GenericTile{\"header\":\"Manage Yards\"}"}]}
RESULT: undefined
COMMAND: POST /session/2eef3865f9633c585bb33c6ac0c7be86/element - {"using":"xpath","value":"//*[@id=\"__tile33\"]"}
RESULT: {"using":"xpath","value":"//*[@id=\"__tile33\"]"}
COMMAND: POST /session/2eef3865f9633c585bb33c6ac0c7be86/element/f.38388B4EA542EE9F87EA90A6B1549037.d.27170EB198E19006166C6A08D334459F.e.8733/click - {}
RESULT: {}
COMMAND: GET /session/2eef3865f9633c585bb33c6ac0c7be86/screenshot - {}
RESULT: {}
COMMAND: POST /session/2eef3865f9633c585bb33c6ac0c7be86/elements - {"using":"xpath","value":"//span[text()='Error']"}
RESULT: {"using":"xpath","value":"//span[text()='Error']"}
COMMAND: POST /session/2eef3865f9633c585bb33c6ac0c7be86/element - {"using":"xpath","value":"//button[@data-kt=\"addNewYardOverflowToolbarButton\"]"}
RESULT: {"using":"xpath","value":"//button[@data-kt=\"addNewYardOverflowToolbarButton\"]"}
COMMAND: POST /session/2eef3865f9633c585bb33c6ac0c7be86/elements - {"using":"xpath","value":"//button[@data-kt=\"addNewYardOverflowToolbarButton\"]"}
RESULT: {"using":"xpath","value":"//button[@data-kt=\"addNewYardOverflowToolbarButton\"]"}
COMMAND: POST /session/2eef3865f9633c585bb33c6ac0c7be86/execute/sync - {"script":"<script> [8489 bytes]","args":[{"element-6066-11e4-a52e-4f735466cecf":"f.38388B4EA542EE9F87EA90A6B1549037.d.27170EB198E19006166C6A08D334459F.e.8869","ELEMENT":"f.38388B4EA542EE9F87EA90A6B1549037.d.27170EB198E19006166C6A08D334459F.e.8869"}]}
RESULT: {"script":"<script> [8489 bytes]","args":[{"element-6066-11e4-a52e-4f735466cecf":"f.38388B4EA542EE9F87EA90A6B1549037.d.27170EB198E19006166C6A08D334459F.e.8869","ELEMENT":"f.38388B4EA542EE9F87EA90A6B1549037.d.27170EB198E19006166C6A08D334459F.e.8869"}]}
COMMAND: GET /session/2eef3865f9633c585bb33c6ac0c7be86/element/f.38388B4EA542EE9F87EA90A6B1549037.d.27170EB198E19006166C6A08D334459F.e.8869/enabled - {}
COMMAND: GET /session/2eef3865f9633c585bb33c6ac0c7be86/screenshot - {}
RESULT: {}
COMMAND: POST /session/2eef3865f9633c585bb33c6ac0c7be86/execute/sync - {"script":"<script> [8489 bytes]","args":[{"element-6066-11e4-a52e-4f735466cecf":"f.38388B4EA542EE9F87EA90A6B1549037.d.27170EB198E19006166C6A08D334459F.e.8869","ELEMENT":"f.38388B4EA542EE9F87EA90A6B1549037.d.27170EB198E19006166C6A08D334459F.e.8869"}]}
COMMAND: GET /session/2eef3865f9633c585bb33c6ac0c7be86/screenshot - {}
RESULT: {}
RESULT: {"script":"<script> [8489 bytes]","args":[{"element-6066-11e4-a52e-4f735466cecf":"f.38388B4EA542EE9F87EA90A6B1549037.d.27170EB198E19006166C6A08D334459F.e.8869","ELEMENT":"f.38388B4EA542EE9F87EA90A6B1549037.d.27170EB198E19006166C6A08D334459F.e.8869"}]}
COMMAND: POST /session/2eef3865f9633c585bb33c6ac0c7be86/execute/sync - {"script":"<script> [5351 bytes]","args":[{"element-6066-11e4-a52e-4f735466cecf":"f.38388B4EA542EE9F87EA90A6B1549037.d.27170EB198E19006166C6A08D334459F.e.8869","ELEMENT":"f.38388B4EA542EE9F87EA90A6B1549037.d.27170EB198E19006166C6A08D334459F.e.8869"}]}
COMMAND: GET /session/2eef3865f9633c585bb33c6ac0c7be86/screenshot - {}
RESULT: {}
RESULT: {"script":"<script> [5351 bytes]","args":[{"element-6066-11e4-a52e-4f735466cecf":"f.38388B4EA542EE9F87EA90A6B1549037.d.27170EB198E19006166C6A08D334459F.e.8869","ELEMENT":"f.38388B4EA542EE9F87EA90A6B1549037.d.27170EB198E19006166C6A08D334459F.e.8869"}]}
COMMAND: POST /session/2eef3865f9633c585bb33c6ac0c7be86/element/f.38388B4EA542EE9F87EA90A6B1549037.d.27170EB198E19006166C6A08D334459F.e.8869/click - {}
COMMAND: GET /session/2eef3865f9633c585bb33c6ac0c7be86/screenshot - {}
RESULT: {}
RESULT: {}
COMMAND: GET /session/2eef3865f9633c585bb33c6ac0c7be86/screenshot - {}
COMMAND: POST /session/2eef3865f9633c585bb33c6ac0c7be86/element - {"using":"xpath","value":"//input[@id=\"application-manageyards-display-component---NewYard--yardId-inner\"]"}
RESULT: {}
RESULT: {}
RESULT: {"using":"xpath","value":"//input[@id=\"application-manageyards-display-component---NewYard--yardId-inner\"]"}
COMMAND: POST /session/2eef3865f9633c585bb33c6ac0c7be86/element - {"using":"xpath","value":"//input[@id=\"application-manageyards-display-component---NewYard--yardId-inner\"]"}
RESULT: {"using":"xpath","value":"//input[@id=\"application-manageyards-display-component---NewYard--yardId-inner\"]"}
COMMAND: POST /session/2eef3865f9633c585bb33c6ac0c7be86/execute/async - {"script":"<script> [1562 bytes]","args":[{"selector":{"id":"application-manageyards-display-component---NewYard--addressDetailDetailsName1","interaction":{"idSuffix":"inner"}},"wdio_ui5_key":"applicationmanageyards-display-component---NewYard--addressDetailDetailsName1"}]}
RESULT: {"script":"<script> [1562 bytes]","args":[{"selector":{"id":"application-manageyards-display-component---NewYard--addressDetailDetailsName1","interaction":{"idSuffix":"inner"}},"wdio_ui5_key":"applicationmanageyards-display-component---NewYard--addressDetailDetailsName1"}]}
RESULT: undefined
COMMAND: POST /session/2eef3865f9633c585bb33c6ac0c7be86/execute/async - {"script":"<script> [776 bytes]","args":[{"enterText":"Other Yard WDIO","selector":{"id":"application-manageyards-display-component---NewYard--addressDetailDetailsName1","interaction":{"idSuffix":"inner"}},"clearTextFirst":true,"interactionType":"ENTER_TEXT"}]}
RESULT: {"script":"<script> [776 bytes]","args":[{"enterText":"Other Yard WDIO","selector":{"id":"application-manageyards-display-component---NewYard--addressDetailDetailsName1","interaction":{"idSuffix":"inner"}},"clearTextFirst":true,"interactionType":"ENTER_TEXT"}]}
COMMAND: POST /session/2eef3865f9633c585bb33c6ac0c7be86/execute/async - {"script":"<script> [1562 bytes]","args":[{"selector":{"id":"application-manageyards-display-component---NewYard--addressDetailDetailsLanguage-arrow"},"wdio_ui5_key":"applicationmanageyards-display-component---NewYard--addressDetailDetailsLanguage-arrow"}]}
RESULT: {"script":"<script> [1562 bytes]","args":[{"selector":{"id":"application-manageyards-display-component---NewYard--addressDetailDetailsLanguage-arrow"},"wdio_ui5_key":"applicationmanageyards-display-component---NewYard--addressDetailDetailsLanguage-arrow"}]}
RESULT: undefined
COMMAND: POST /session/2eef3865f9633c585bb33c6ac0c7be86/element - {"using":"xpath","value":"//*[@id=\"application-manageyards-display-component---NewYard--addressDetailDetailsLanguage-arrow\"]"}
RESULT: {"using":"xpath","value":"//*[@id=\"application-manageyards-display-component---NewYard--addressDetailDetailsLanguage-arrow\"]"}
COMMAND: POST /session/2eef3865f9633c585bb33c6ac0c7be86/element/f.38388B4EA542EE9F87EA90A6B1549037.d.27170EB198E19006166C6A08D334459F.e.9289/click - {}
RESULT: {}
COMMAND: POST /session/2eef3865f9633c585bb33c6ac0c7be86/element - {"using":"xpath","value":"//span[contains(text(), \"English\")]"}
COMMAND: GET /session/2eef3865f9633c585bb33c6ac0c7be86/screenshot - {}
RESULT: {"using":"xpath","value":"//span[contains(text(), \"English\")]"}
COMMAND: POST /session/2eef3865f9633c585bb33c6ac0c7be86/element/f.38388B4EA542EE9F87EA90A6B1549037.d.27170EB198E19006166C6A08D334459F.e.9290/click - {}
RESULT: {}
RESULT: {}
COMMAND: POST /session/2eef3865f9633c585bb33c6ac0c7be86/execute/async - {"script":"<script> [1562 bytes]","args":[{"selector":{"id":"application-manageyards-display-component---NewYard--addressDetailDetailsCity1","interaction":{"idSuffix":"inner"}},"wdio_ui5_key":"applicationmanageyards-display-component---NewYard--addressDetailDetailsCity1"}]}
COMMAND: GET /session/2eef3865f9633c585bb33c6ac0c7be86/screenshot - {}
RESULT: {"script":"<script> [1562 bytes]","args":[{"selector":{"id":"application-manageyards-display-component---NewYard--addressDetailDetailsCity1","interaction":{"idSuffix":"inner"}},"wdio_ui5_key":"applicationmanageyards-display-component---NewYard--addressDetailDetailsCity1"}]}
RESULT: undefined
COMMAND: POST /session/2eef3865f9633c585bb33c6ac0c7be86/execute/async - {"script":"<script> [776 bytes]","args":[{"enterText":"Rosario","selector":{"id":"application-manageyards-display-component---NewYard--addressDetailDetailsCity1","interaction":{"idSuffix":"inner"}},"clearTextFirst":true,"interactionType":"ENTER_TEXT"}]}
RESULT: {}
RESULT: {"script":"<script> [776 bytes]","args":[{"enterText":"Rosario","selector":{"id":"application-manageyards-display-component---NewYard--addressDetailDetailsCity1","interaction":{"idSuffix":"inner"}},"clearTextFirst":true,"interactionType":"ENTER_TEXT"}]}
COMMAND: POST /session/2eef3865f9633c585bb33c6ac0c7be86/execute/async - {"script":"<script> [1562 bytes]","args":[{"selector":{"id":"application-manageyards-display-component---NewYard--addressDetailDetailsCountry-arrow"},"wdio_ui5_key":"applicationmanageyards-display-component---NewYard--addressDetailDetailsCountry-arrow"}]}
RESULT: {"script":"<script> [1562 bytes]","args":[{"selector":{"id":"application-manageyards-display-component---NewYard--addressDetailDetailsCountry-arrow"},"wdio_ui5_key":"applicationmanageyards-display-component---NewYard--addressDetailDetailsCountry-arrow"}]}
RESULT: undefined
COMMAND: POST /session/2eef3865f9633c585bb33c6ac0c7be86/element - {"using":"xpath","value":"//*[@id=\"application-manageyards-display-component---NewYard--addressDetailDetailsCountry-arrow\"]"}
RESULT: {"using":"xpath","value":"//*[@id=\"application-manageyards-display-component---NewYard--addressDetailDetailsCountry-arrow\"]"}
COMMAND: POST /session/2eef3865f9633c585bb33c6ac0c7be86/element/f.38388B4EA542EE9F87EA90A6B1549037.d.27170EB198E19006166C6A08D334459F.e.9292/click - {}
RESULT: {}
COMMAND: POST /session/2eef3865f9633c585bb33c6ac0c7be86/element - {"using":"xpath","value":"//span[contains(text(), \"Argentina\")]"}
COMMAND: GET /session/2eef3865f9633c585bb33c6ac0c7be86/screenshot - {}
RESULT: {"using":"xpath","value":"//span[contains(text(), \"Argentina\")]"}
COMMAND: POST /session/2eef3865f9633c585bb33c6ac0c7be86/element/f.38388B4EA542EE9F87EA90A6B1549037.d.27170EB198E19006166C6A08D334459F.e.9294/click - {}
RESULT: {}
RESULT: {}
COMMAND: POST /session/2eef3865f9633c585bb33c6ac0c7be86/execute/async - {"script":"<script> [1562 bytes]","args":[{"selector":{"id":"application-manageyards-display-component---NewYard--addressEditDetailsCostObjectCstType-arrow"},"wdio_ui5_key":"applicationmanageyards-display-component---NewYard--addressEditDetailsCostObjectCstType-arrow"}]}
COMMAND: GET /session/2eef3865f9633c585bb33c6ac0c7be86/screenshot - {}
RESULT: {"script":"<script> [1562 bytes]","args":[{"selector":{"id":"application-manageyards-display-component---NewYard--addressEditDetailsCostObjectCstType-arrow"},"wdio_ui5_key":"applicationmanageyards-display-component---NewYard--addressEditDetailsCostObjectCstType-arrow"}]}
RESULT: undefined
COMMAND: POST /session/2eef3865f9633c585bb33c6ac0c7be86/element - {"using":"xpath","value":"//*[@id=\"application-manageyards-display-component---NewYard--addressEditDetailsCostObjectCstType-arrow\"]"}
RESULT: {}
RESULT: {"using":"xpath","value":"//*[@id=\"application-manageyards-display-component---NewYard--addressEditDetailsCostObjectCstType-arrow\"]"}
COMMAND: POST /session/2eef3865f9633c585bb33c6ac0c7be86/element/f.38388B4EA542EE9F87EA90A6B1549037.d.27170EB198E19006166C6A08D334459F.e.9295/click - {}
RESULT: {}
COMMAND: POST /session/2eef3865f9633c585bb33c6ac0c7be86/element - {"using":"xpath","value":"//span[contains(text(), \"Cost Center\")]"}
COMMAND: GET /session/2eef3865f9633c585bb33c6ac0c7be86/screenshot - {}
RESULT: {"using":"xpath","value":"//span[contains(text(), \"Cost Center\")]"}
COMMAND: POST /session/2eef3865f9633c585bb33c6ac0c7be86/element/f.38388B4EA542EE9F87EA90A6B1549037.d.27170EB198E19006166C6A08D334459F.e.9296/click - {}
RESULT: {}
RESULT: {}
COMMAND: GET /session/2eef3865f9633c585bb33c6ac0c7be86/screenshot - {}
RESULT: {}
COMMAND: POST /session/2eef3865f9633c585bb33c6ac0c7be86/element - {"using":"xpath","value":"//span[@id=\"application-manageyards-display-component---NewYard--addressNewCostObjectCstID-vhi\"]"}
RESULT: {"using":"xpath","value":"//span[@id=\"application-manageyards-display-component---NewYard--addressNewCostObjectCstID-vhi\"]"}
COMMAND: POST /session/2eef3865f9633c585bb33c6ac0c7be86/execute/sync - {"script":"<script> [8489 bytes]","args":[{"element-6066-11e4-a52e-4f735466cecf":"f.38388B4EA542EE9F87EA90A6B1549037.d.27170EB198E19006166C6A08D334459F.e.9300","ELEMENT":"f.38388B4EA542EE9F87EA90A6B1549037.d.27170EB198E19006166C6A08D334459F.e.9300"}]}
RESULT: {"script":"<script> [8489 bytes]","args":[{"element-6066-11e4-a52e-4f735466cecf":"f.38388B4EA542EE9F87EA90A6B1549037.d.27170EB198E19006166C6A08D334459F.e.9300","ELEMENT":"f.38388B4EA542EE9F87EA90A6B1549037.d.27170EB198E19006166C6A08D334459F.e.9300"}]}
COMMAND: POST /session/2eef3865f9633c585bb33c6ac0c7be86/execute/async - {"script":"<script> [1562 bytes]","args":[{"selector":{"id":"application-manageyards-display-component---NewYard--addressNewCostObjectCstID-vhi"},"wdio_ui5_key":"applicationmanageyards-display-component---NewYard--addressNewCostObjectCstID-vhi"}]}
COMMAND: GET /session/2eef3865f9633c585bb33c6ac0c7be86/screenshot - {}
RESULT: {"script":"<script> [1562 bytes]","args":[{"selector":{"id":"application-manageyards-display-component---NewYard--addressNewCostObjectCstID-vhi"},"wdio_ui5_key":"applicationmanageyards-display-component---NewYard--addressNewCostObjectCstID-vhi"}]}
RESULT: undefined
COMMAND: POST /session/2eef3865f9633c585bb33c6ac0c7be86/element - {"using":"xpath","value":"//*[@id=\"application-manageyards-display-component---NewYard--addressNewCostObjectCstID-vhi\"]"}
RESULT: {}
RESULT: {"using":"xpath","value":"//*[@id=\"application-manageyards-display-component---NewYard--addressNewCostObjectCstID-vhi\"]"}
COMMAND: POST /session/2eef3865f9633c585bb33c6ac0c7be86/element/f.38388B4EA542EE9F87EA90A6B1549037.d.27170EB198E19006166C6A08D334459F.e.9300/click - {}
RESULT: {}
COMMAND: GET /session/2eef3865f9633c585bb33c6ac0c7be86/screenshot - {}
RESULT: {}
COMMAND: POST /session/2eef3865f9633c585bb33c6ac0c7be86/execute/async - {"script":"<script> [1562 bytes]","args":[{"selector":{"controlType":"sap.m.SearchField","properties":{"placeholder":"Search"},"searchOpenDialogs":true,"interaction":{"idSuffix":"I"}},"wdio_ui5_key":"sapm.SearchField{\"placeholder\":\"Search\"}"}]}
RESULT: {"script":"<script> [1562 bytes]","args":[{"selector":{"controlType":"sap.m.SearchField","properties":{"placeholder":"Search"},"searchOpenDialogs":true,"interaction":{"idSuffix":"I"}},"wdio_ui5_key":"sapm.SearchField{\"placeholder\":\"Search\"}"}]}
RESULT: undefined
COMMAND: POST /session/2eef3865f9633c585bb33c6ac0c7be86/execute/async - {"script":"<script> [776 bytes]","args":[{"enterText":"bauh_b","selector":{"controlType":"sap.m.SearchField","properties":{"placeholder":"Search"},"searchOpenDialogs":true,"interaction":{"idSuffix":"I"}},"clearTextFirst":true,"interactionType":"ENTER_TEXT"}]}
RESULT: {"script":"<script> [776 bytes]","args":[{"enterText":"bauh_b","selector":{"controlType":"sap.m.SearchField","properties":{"placeholder":"Search"},"searchOpenDialogs":true,"interaction":{"idSuffix":"I"}},"clearTextFirst":true,"interactionType":"ENTER_TEXT"}]}
COMMAND: POST /session/2eef3865f9633c585bb33c6ac0c7be86/actions - {"actions":[{"id":"action32","type":"key","parameters":{},"actions":[{"type":"keyDown","value":""},{"type":"pause","duration":10},{"type":"keyUp","value":""}]}]}
RESULT: {"actions":[{"id":"action32","type":"key","parameters":{},"actions":[{"type":"keyDown","value":""},{"type":"pause","duration":10},{"type":"keyUp","value":""}]}]}
COMMAND: GET /session/2eef3865f9633c585bb33c6ac0c7be86/screenshot - {}
RESULT: {}
COMMAND: POST /session/2eef3865f9633c585bb33c6ac0c7be86/element - {"using":"xpath","value":"//span[contains(text(), \"Demo Yard\")]"}
RESULT: {"using":"xpath","value":"//span[contains(text(), \"Demo Yard\")]"}
COMMAND: POST /session/2eef3865f9633c585bb33c6ac0c7be86/element/f.38388B4EA542EE9F87EA90A6B1549037.d.27170EB198E19006166C6A08D334459F.e.9341/click - {}
RESULT: {}
COMMAND: GET /session/2eef3865f9633c585bb33c6ac0c7be86/screenshot - {}
RESULT: {}
COMMAND: POST /session/2eef3865f9633c585bb33c6ac0c7be86/element - {"using":"xpath","value":"//bdi[contains(text(), \"OK\")]"}
RESULT: {"using":"xpath","value":"//bdi[contains(text(), \"OK\")]"}
COMMAND: POST /session/2eef3865f9633c585bb33c6ac0c7be86/element/f.38388B4EA542EE9F87EA90A6B1549037.d.27170EB198E19006166C6A08D334459F.e.9342/click - {}
RESULT: {}
COMMAND: GET /session/2eef3865f9633c585bb33c6ac0c7be86/screenshot - {}
RESULT: {}
COMMAND: POST /session/2eef3865f9633c585bb33c6ac0c7be86/execute/async - {"script":"<script> [1562 bytes]","args":[{"selector":{"id":"application-manageyards-display-component---NewYard--addressEditDetailsCurrency-arrow"},"wdio_ui5_key":"applicationmanageyards-display-component---NewYard--addressEditDetailsCurrency-arrow"}]}
RESULT: {"script":"<script> [1562 bytes]","args":[{"selector":{"id":"application-manageyards-display-component---NewYard--addressEditDetailsCurrency-arrow"},"wdio_ui5_key":"applicationmanageyards-display-component---NewYard--addressEditDetailsCurrency-arrow"}]}
RESULT: undefined
COMMAND: POST /session/2eef3865f9633c585bb33c6ac0c7be86/element - {"using":"xpath","value":"//*[@id=\"application-manageyards-display-component---NewYard--addressEditDetailsCurrency-arrow\"]"}
RESULT: {"using":"xpath","value":"//*[@id=\"application-manageyards-display-component---NewYard--addressEditDetailsCurrency-arrow\"]"}
COMMAND: POST /session/2eef3865f9633c585bb33c6ac0c7be86/element/f.38388B4EA542EE9F87EA90A6B1549037.d.27170EB198E19006166C6A08D334459F.e.9345/click - {}
RESULT: {}
COMMAND: POST /session/2eef3865f9633c585bb33c6ac0c7be86/element - {"using":"xpath","value":"//span[contains(text(), \"Euro\")]"}
COMMAND: GET /session/2eef3865f9633c585bb33c6ac0c7be86/screenshot - {}
RESULT: {"using":"xpath","value":"//span[contains(text(), \"Euro\")]"}
COMMAND: POST /session/2eef3865f9633c585bb33c6ac0c7be86/element/f.38388B4EA542EE9F87EA90A6B1549037.d.27170EB198E19006166C6A08D334459F.e.9346/click - {}
RESULT: {}
RESULT: {}
COMMAND: POST /session/2eef3865f9633c585bb33c6ac0c7be86/execute/async - {"script":"<script> [1562 bytes]","args":[{"selector":{"controlType":"sap.m.Input","viewName":"etm.portal.ui.manageyards.view.New","viewId":"application-manageyards-display-component---NewYard","bindingPath":{"path":"","propertyPath":"/CONTROLLING_AREA","modelName":"NewYardModel"},"interaction":{"idSuffix":"inner"}},"wdio_ui5_key":"etmportal.ui.manageyards.view.Newsap.m.Input{\"path\":\"\",\"propertyPath\":\"/CONTROLLING_AREA\",\"modelName\":\"NewYardModel\"}"}]}
COMMAND: GET /session/2eef3865f9633c585bb33c6ac0c7be86/screenshot - {}
RESULT: {"script":"<script> [1562 bytes]","args":[{"selector":{"controlType":"sap.m.Input","viewName":"etm.portal.ui.manageyards.view.New","viewId":"application-manageyards-display-component---NewYard","bindingPath":{"path":"","propertyPath":"/CONTROLLING_AREA","modelName":"NewYardModel"},"interaction":{"idSuffix":"inner"}},"wdio_ui5_key":"etmportal.ui.manageyards.view.Newsap.m.Input{\"path\":\"\",\"propertyPath\":\"/CONTROLLING_AREA\",\"modelName\":\"NewYardModel\"}"}]}
RESULT: undefined
COMMAND: POST /session/2eef3865f9633c585bb33c6ac0c7be86/execute/async - {"script":"<script> [776 bytes]","args":[{"enterText":"Z001","selector":{"controlType":"sap.m.Input","viewName":"etm.portal.ui.manageyards.view.New","viewId":"application-manageyards-display-component---NewYard","bindingPath":{"path":"","propertyPath":"/CONTROLLING_AREA","modelName":"NewYardModel"},"interaction":{"idSuffix":"inner"}},"clearTextFirst":true,"interactionType":"ENTER_TEXT"}]}
RESULT: {}
RESULT: {"script":"<script> [776 bytes]","args":[{"enterText":"Z001","selector":{"controlType":"sap.m.Input","viewName":"etm.portal.ui.manageyards.view.New","viewId":"application-manageyards-display-component---NewYard","bindingPath":{"path":"","propertyPath":"/CONTROLLING_AREA","modelName":"NewYardModel"},"interaction":{"idSuffix":"inner"}},"clearTextFirst":true,"interactionType":"ENTER_TEXT"}]}
COMMAND: POST /session/2eef3865f9633c585bb33c6ac0c7be86/execute/async - {"script":"<script> [1562 bytes]","args":[{"selector":{"id":"application-manageyards-display-component---NewYard--companyCodeComboBox","interaction":{"idSuffix":"inner"}},"wdio_ui5_key":"applicationmanageyards-display-component---NewYard--companyCodeComboBox"}]}
RESULT: {"script":"<script> [1562 bytes]","args":[{"selector":{"id":"application-manageyards-display-component---NewYard--companyCodeComboBox","interaction":{"idSuffix":"inner"}},"wdio_ui5_key":"applicationmanageyards-display-component---NewYard--companyCodeComboBox"}]}
RESULT: undefined
COMMAND: POST /session/2eef3865f9633c585bb33c6ac0c7be86/execute/async - {"script":"<script> [776 bytes]","args":[{"enterText":"1000","selector":{"id":"application-manageyards-display-component---NewYard--companyCodeComboBox","interaction":{"idSuffix":"inner"}},"clearTextFirst":true,"interactionType":"ENTER_TEXT"}]}
RESULT: {"script":"<script> [776 bytes]","args":[{"enterText":"1000","selector":{"id":"application-manageyards-display-component---NewYard--companyCodeComboBox","interaction":{"idSuffix":"inner"}},"clearTextFirst":true,"interactionType":"ENTER_TEXT"}]}
COMMAND: POST /session/2eef3865f9633c585bb33c6ac0c7be86/execute/async - {"script":"<script> [1562 bytes]","args":[{"selector":{"controlType":"sap.m.Input","viewName":"etm.portal.ui.manageyards.view.New","viewId":"application-manageyards-display-component---NewYard","bindingPath":{"path":"","propertyPath":"/PLANT","modelName":"NewYardModel"},"interaction":{"idSuffix":"inner"}},"wdio_ui5_key":"etmportal.ui.manageyards.view.Newsap.m.Input{\"path\":\"\",\"propertyPath\":\"/PLANT\",\"modelName\":\"NewYardModel\"}"}]}
RESULT: {"script":"<script> [1562 bytes]","args":[{"selector":{"controlType":"sap.m.Input","viewName":"etm.portal.ui.manageyards.view.New","viewId":"application-manageyards-display-component---NewYard","bindingPath":{"path":"","propertyPath":"/PLANT","modelName":"NewYardModel"},"interaction":{"idSuffix":"inner"}},"wdio_ui5_key":"etmportal.ui.manageyards.view.Newsap.m.Input{\"path\":\"\",\"propertyPath\":\"/PLANT\",\"modelName\":\"NewYardModel\"}"}]}
RESULT: undefined
COMMAND: POST /session/2eef3865f9633c585bb33c6ac0c7be86/execute/async - {"script":"<script> [776 bytes]","args":[{"enterText":"1001","selector":{"controlType":"sap.m.Input","viewName":"etm.portal.ui.manageyards.view.New","viewId":"application-manageyards-display-component---NewYard","bindingPath":{"path":"","propertyPath":"/PLANT","modelName":"NewYardModel"},"interaction":{"idSuffix":"inner"}},"clearTextFirst":true,"interactionType":"ENTER_TEXT"}]}
RESULT: {"script":"<script> [776 bytes]","args":[{"enterText":"1001","selector":{"controlType":"sap.m.Input","viewName":"etm.portal.ui.manageyards.view.New","viewId":"application-manageyards-display-component---NewYard","bindingPath":{"path":"","propertyPath":"/PLANT","modelName":"NewYardModel"},"interaction":{"idSuffix":"inner"}},"clearTextFirst":true,"interactionType":"ENTER_TEXT"}]}
COMMAND: POST /session/2eef3865f9633c585bb33c6ac0c7be86/execute/async - {"script":"<script> [1562 bytes]","args":[{"selector":{"controlType":"sap.m.Input","viewName":"etm.portal.ui.manageyards.view.New","viewId":"application-manageyards-display-component---NewYard","bindingPath":{"path":"","propertyPath":"/SALES_AREA_VKORG","modelName":"NewYardModel"},"interaction":{"idSuffix":"inner"}},"wdio_ui5_key":"etmportal.ui.manageyards.view.Newsap.m.Input{\"path\":\"\",\"propertyPath\":\"/SALES_AREA_VKORG\",\"modelName\":\"NewYardModel\"}"}]}
RESULT: {"script":"<script> [1562 bytes]","args":[{"selector":{"controlType":"sap.m.Input","viewName":"etm.portal.ui.manageyards.view.New","viewId":"application-manageyards-display-component---NewYard","bindingPath":{"path":"","propertyPath":"/SALES_AREA_VKORG","modelName":"NewYardModel"},"interaction":{"idSuffix":"inner"}},"wdio_ui5_key":"etmportal.ui.manageyards.view.Newsap.m.Input{\"path\":\"\",\"propertyPath\":\"/SALES_AREA_VKORG\",\"modelName\":\"NewYardModel\"}"}]}
RESULT: undefined
COMMAND: POST /session/2eef3865f9633c585bb33c6ac0c7be86/execute/async - {"script":"<script> [776 bytes]","args":[{"enterText":"C002","selector":{"controlType":"sap.m.Input","viewName":"etm.portal.ui.manageyards.view.New","viewId":"application-manageyards-display-component---NewYard","bindingPath":{"path":"","propertyPath":"/SALES_AREA_VKORG","modelName":"NewYardModel"},"interaction":{"idSuffix":"inner"}},"clearTextFirst":true,"interactionType":"ENTER_TEXT"}]}
RESULT: {"script":"<script> [776 bytes]","args":[{"enterText":"C002","selector":{"controlType":"sap.m.Input","viewName":"etm.portal.ui.manageyards.view.New","viewId":"application-manageyards-display-component---NewYard","bindingPath":{"path":"","propertyPath":"/SALES_AREA_VKORG","modelName":"NewYardModel"},"interaction":{"idSuffix":"inner"}},"clearTextFirst":true,"interactionType":"ENTER_TEXT"}]}
COMMAND: POST /session/2eef3865f9633c585bb33c6ac0c7be86/execute/async - {"script":"<script> [1562 bytes]","args":[{"selector":{"controlType":"sap.m.Input","viewName":"etm.portal.ui.manageyards.view.New","viewId":"application-manageyards-display-component---NewYard","bindingPath":{"path":"","propertyPath":"/SALES_AREA_VTWEG","modelName":"NewYardModel"},"interaction":{"idSuffix":"inner"}},"wdio_ui5_key":"etmportal.ui.manageyards.view.Newsap.m.Input{\"path\":\"\",\"propertyPath\":\"/SALES_AREA_VTWEG\",\"modelName\":\"NewYardModel\"}"}]}
RESULT: {"script":"<script> [1562 bytes]","args":[{"selector":{"controlType":"sap.m.Input","viewName":"etm.portal.ui.manageyards.view.New","viewId":"application-manageyards-display-component---NewYard","bindingPath":{"path":"","propertyPath":"/SALES_AREA_VTWEG","modelName":"NewYardModel"},"interaction":{"idSuffix":"inner"}},"wdio_ui5_key":"etmportal.ui.manageyards.view.Newsap.m.Input{\"path\":\"\",\"propertyPath\":\"/SALES_AREA_VTWEG\",\"modelName\":\"NewYardModel\"}"}]}
RESULT: undefined
COMMAND: POST /session/2eef3865f9633c585bb33c6ac0c7be86/execute/async - {"script":"<script> [776 bytes]","args":[{"enterText":"C2","selector":{"controlType":"sap.m.Input","viewName":"etm.portal.ui.manageyards.view.New","viewId":"application-manageyards-display-component---NewYard","bindingPath":{"path":"","propertyPath":"/SALES_AREA_VTWEG","modelName":"NewYardModel"},"interaction":{"idSuffix":"inner"}},"clearTextFirst":true,"interactionType":"ENTER_TEXT"}]}
RESULT: {"script":"<script> [776 bytes]","args":[{"enterText":"C2","selector":{"controlType":"sap.m.Input","viewName":"etm.portal.ui.manageyards.view.New","viewId":"application-manageyards-display-component---NewYard","bindingPath":{"path":"","propertyPath":"/SALES_AREA_VTWEG","modelName":"NewYardModel"},"interaction":{"idSuffix":"inner"}},"clearTextFirst":true,"interactionType":"ENTER_TEXT"}]}
COMMAND: POST /session/2eef3865f9633c585bb33c6ac0c7be86/execute/async - {"script":"<script> [1562 bytes]","args":[{"selector":{"controlType":"sap.m.Input","viewName":"etm.portal.ui.manageyards.view.New","viewId":"application-manageyards-display-component---NewYard","bindingPath":{"path":"","propertyPath":"/SALES_AREA_SPART","modelName":"NewYardModel"},"interaction":{"idSuffix":"inner"}},"wdio_ui5_key":"etmportal.ui.manageyards.view.Newsap.m.Input{\"path\":\"\",\"propertyPath\":\"/SALES_AREA_SPART\",\"modelName\":\"NewYardModel\"}"}]}
RESULT: {"script":"<script> [1562 bytes]","args":[{"selector":{"controlType":"sap.m.Input","viewName":"etm.portal.ui.manageyards.view.New","viewId":"application-manageyards-display-component---NewYard","bindingPath":{"path":"","propertyPath":"/SALES_AREA_SPART","modelName":"NewYardModel"},"interaction":{"idSuffix":"inner"}},"wdio_ui5_key":"etmportal.ui.manageyards.view.Newsap.m.Input{\"path\":\"\",\"propertyPath\":\"/SALES_AREA_SPART\",\"modelName\":\"NewYardModel\"}"}]}
RESULT: undefined
COMMAND: POST /session/2eef3865f9633c585bb33c6ac0c7be86/execute/async - {"script":"<script> [776 bytes]","args":[{"enterText":"C2","selector":{"controlType":"sap.m.Input","viewName":"etm.portal.ui.manageyards.view.New","viewId":"application-manageyards-display-component---NewYard","bindingPath":{"path":"","propertyPath":"/SALES_AREA_SPART","modelName":"NewYardModel"},"interaction":{"idSuffix":"inner"}},"clearTextFirst":true,"interactionType":"ENTER_TEXT"}]}
RESULT: {"script":"<script> [776 bytes]","args":[{"enterText":"C2","selector":{"controlType":"sap.m.Input","viewName":"etm.portal.ui.manageyards.view.New","viewId":"application-manageyards-display-component---NewYard","bindingPath":{"path":"","propertyPath":"/SALES_AREA_SPART","modelName":"NewYardModel"},"interaction":{"idSuffix":"inner"}},"clearTextFirst":true,"interactionType":"ENTER_TEXT"}]}
COMMAND: POST /session/2eef3865f9633c585bb33c6ac0c7be86/execute/async - {"script":"<script> [1562 bytes]","args":[{"selector":{"controlType":"sap.m.Input","viewName":"etm.portal.ui.manageyards.view.New","viewId":"application-manageyards-display-component---NewYard","bindingPath":{"path":"","propertyPath":"/SHIP_POINT","modelName":"NewYardModel"},"interaction":{"idSuffix":"inner"}},"wdio_ui5_key":"etmportal.ui.manageyards.view.Newsap.m.Input{\"path\":\"\",\"propertyPath\":\"/SHIP_POINT\",\"modelName\":\"NewYardModel\"}"}]}
RESULT: {"script":"<script> [1562 bytes]","args":[{"selector":{"controlType":"sap.m.Input","viewName":"etm.portal.ui.manageyards.view.New","viewId":"application-manageyards-display-component---NewYard","bindingPath":{"path":"","propertyPath":"/SHIP_POINT","modelName":"NewYardModel"},"interaction":{"idSuffix":"inner"}},"wdio_ui5_key":"etmportal.ui.manageyards.view.Newsap.m.Input{\"path\":\"\",\"propertyPath\":\"/SHIP_POINT\",\"modelName\":\"NewYardModel\"}"}]}
RESULT: undefined
COMMAND: POST /session/2eef3865f9633c585bb33c6ac0c7be86/execute/async - {"script":"<script> [776 bytes]","args":[{"enterText":"1710","selector":{"controlType":"sap.m.Input","viewName":"etm.portal.ui.manageyards.view.New","viewId":"application-manageyards-display-component---NewYard","bindingPath":{"path":"","propertyPath":"/SHIP_POINT","modelName":"NewYardModel"},"interaction":{"idSuffix":"inner"}},"clearTextFirst":true,"interactionType":"ENTER_TEXT"}]}
RESULT: {"script":"<script> [776 bytes]","args":[{"enterText":"1710","selector":{"controlType":"sap.m.Input","viewName":"etm.portal.ui.manageyards.view.New","viewId":"application-manageyards-display-component---NewYard","bindingPath":{"path":"","propertyPath":"/SHIP_POINT","modelName":"NewYardModel"},"interaction":{"idSuffix":"inner"}},"clearTextFirst":true,"interactionType":"ENTER_TEXT"}]}
COMMAND: POST /session/2eef3865f9633c585bb33c6ac0c7be86/execute/async - {"script":"<script> [1562 bytes]","args":[{"selector":{"controlType":"sap.m.Input","viewName":"etm.portal.ui.manageyards.view.New","viewId":"application-manageyards-display-component---NewYard","bindingPath":{"path":"","propertyPath":"/DELIVERY_TYPE","modelName":"NewYardModel"},"interaction":{"idSuffix":"inner"}},"wdio_ui5_key":"etmportal.ui.manageyards.view.Newsap.m.Input{\"path\":\"\",\"propertyPath\":\"/DELIVERY_TYPE\",\"modelName\":\"NewYardModel\"}"}]}
RESULT: {"script":"<script> [1562 bytes]","args":[{"selector":{"controlType":"sap.m.Input","viewName":"etm.portal.ui.manageyards.view.New","viewId":"application-manageyards-display-component---NewYard","bindingPath":{"path":"","propertyPath":"/DELIVERY_TYPE","modelName":"NewYardModel"},"interaction":{"idSuffix":"inner"}},"wdio_ui5_key":"etmportal.ui.manageyards.view.Newsap.m.Input{\"path\":\"\",\"propertyPath\":\"/DELIVERY_TYPE\",\"modelName\":\"NewYardModel\"}"}]}
RESULT: undefined
COMMAND: POST /session/2eef3865f9633c585bb33c6ac0c7be86/execute/async - {"script":"<script> [776 bytes]","args":[{"enterText":"ZL01","selector":{"controlType":"sap.m.Input","viewName":"etm.portal.ui.manageyards.view.New","viewId":"application-manageyards-display-component---NewYard","bindingPath":{"path":"","propertyPath":"/DELIVERY_TYPE","modelName":"NewYardModel"},"interaction":{"idSuffix":"inner"}},"clearTextFirst":true,"interactionType":"ENTER_TEXT"}]}
RESULT: {"script":"<script> [776 bytes]","args":[{"enterText":"ZL01","selector":{"controlType":"sap.m.Input","viewName":"etm.portal.ui.manageyards.view.New","viewId":"application-manageyards-display-component---NewYard","bindingPath":{"path":"","propertyPath":"/DELIVERY_TYPE","modelName":"NewYardModel"},"interaction":{"idSuffix":"inner"}},"clearTextFirst":true,"interactionType":"ENTER_TEXT"}]}
COMMAND: POST /session/2eef3865f9633c585bb33c6ac0c7be86/execute/async - {"script":"<script> [1562 bytes]","args":[{"selector":{"controlType":"sap.m.Input","viewName":"etm.portal.ui.manageyards.view.New","viewId":"application-manageyards-display-component---NewYard","bindingPath":{"path":"","propertyPath":"/AUART","modelName":"NewYardModel"},"interaction":{"idSuffix":"inner"}},"wdio_ui5_key":"etmportal.ui.manageyards.view.Newsap.m.Input{\"path\":\"\",\"propertyPath\":\"/AUART\",\"modelName\":\"NewYardModel\"}"}]}
RESULT: {"script":"<script> [1562 bytes]","args":[{"selector":{"controlType":"sap.m.Input","viewName":"etm.portal.ui.manageyards.view.New","viewId":"application-manageyards-display-component---NewYard","bindingPath":{"path":"","propertyPath":"/AUART","modelName":"NewYardModel"},"interaction":{"idSuffix":"inner"}},"wdio_ui5_key":"etmportal.ui.manageyards.view.Newsap.m.Input{\"path\":\"\",\"propertyPath\":\"/AUART\",\"modelName\":\"NewYardModel\"}"}]}
RESULT: undefined
COMMAND: POST /session/2eef3865f9633c585bb33c6ac0c7be86/execute/async - {"script":"<script> [776 bytes]","args":[{"enterText":"TA","selector":{"controlType":"sap.m.Input","viewName":"etm.portal.ui.manageyards.view.New","viewId":"application-manageyards-display-component---NewYard","bindingPath":{"path":"","propertyPath":"/AUART","modelName":"NewYardModel"},"interaction":{"idSuffix":"inner"}},"clearTextFirst":true,"interactionType":"ENTER_TEXT"}]}
RESULT: {"script":"<script> [776 bytes]","args":[{"enterText":"TA","selector":{"controlType":"sap.m.Input","viewName":"etm.portal.ui.manageyards.view.New","viewId":"application-manageyards-display-component---NewYard","bindingPath":{"path":"","propertyPath":"/AUART","modelName":"NewYardModel"},"interaction":{"idSuffix":"inner"}},"clearTextFirst":true,"interactionType":"ENTER_TEXT"}]}
COMMAND: POST /session/2eef3865f9633c585bb33c6ac0c7be86/element - {"using":"xpath","value":"//button[@data-kt=\"newYardSaveButton\"]"}
RESULT: {"using":"xpath","value":"//button[@data-kt=\"newYardSaveButton\"]"}
COMMAND: POST /session/2eef3865f9633c585bb33c6ac0c7be86/element/f.38388B4EA542EE9F87EA90A6B1549037.d.27170EB198E19006166C6A08D334459F.e.9274/click - {}
RESULT: {}
COMMAND: GET /session/2eef3865f9633c585bb33c6ac0c7be86/screenshot - {}
RESULT: {}
COMMAND: POST /session/2eef3865f9633c585bb33c6ac0c7be86/element - {"using":"xpath","value":"//header[contains(@id, 'ObjectPageLayout-headerTitle')]/div[1]/div[2]/div[1]/span[1]"}
RESULT: {"using":"xpath","value":"//header[contains(@id, 'ObjectPageLayout-headerTitle')]/div[1]/div[2]/div[1]/span[1]"}
COMMAND: POST /session/2eef3865f9633c585bb33c6ac0c7be86/elements - {"using":"xpath","value":"//header[contains(@id, 'ObjectPageLayout-headerTitle')]/div[1]/div[2]/div[1]/span[1]"}
RESULT: {"using":"xpath","value":"//header[contains(@id, 'ObjectPageLayout-headerTitle')]/div[1]/div[2]/div[1]/span[1]"}
COMMAND: POST /session/2eef3865f9633c585bb33c6ac0c7be86/execute/sync - {"script":"<script> [56 bytes]","args":[{"element-6066-11e4-a52e-4f735466cecf":"f.38388B4EA542EE9F87EA90A6B1549037.d.27170EB198E19006166C6A08D334459F.e.9565","ELEMENT":"f.38388B4EA542EE9F87EA90A6B1549037.d.27170EB198E19006166C6A08D334459F.e.9565"}]}
RESULT: {"script":"<script> [56 bytes]","args":[{"element-6066-11e4-a52e-4f735466cecf":"f.38388B4EA542EE9F87EA90A6B1549037.d.27170EB198E19006166C6A08D334459F.e.9565","ELEMENT":"f.38388B4EA542EE9F87EA90A6B1549037.d.27170EB198E19006166C6A08D334459F.e.9565"}]}
COMMAND: GET /session/2eef3865f9633c585bb33c6ac0c7be86/screenshot - {}
RESULT: {}
COMMAND: POST /session/2eef3865f9633c585bb33c6ac0c7be86/element - {"using":"css selector","value":"#shell-header-logo"}
RESULT: {"using":"css selector","value":"#shell-header-logo"}
COMMAND: POST /session/2eef3865f9633c585bb33c6ac0c7be86/element/f.38388B4EA542EE9F87EA90A6B1549037.d.27170EB198E19006166C6A08D334459F.e.8708/click - {}
RESULT: {}
COMMAND: GET /session/2eef3865f9633c585bb33c6ac0c7be86/screenshot - {}
RESULT: {}
COMMAND: POST /session/2eef3865f9633c585bb33c6ac0c7be86/execute/sync - {"script":"<script> [299 bytes]","args":[["getModel","getResource"]]}
RESULT: {"script":"<script> [299 bytes]","args":[["getModel","getResource"]]}
]]></system-out>
    </testcase>
    <testcase classname="chrome.136_0_7103_93.windows.Provide_to_Site_w/o_warehouse_management_w/_clarification_US116605" name="Should create a new external partner" time="96.805">
      <system-out><![CDATA[
COMMAND: POST /session/2eef3865f9633c585bb33c6ac0c7be86/window/fullscreen - {}
COMMAND: GET /session/2eef3865f9633c585bb33c6ac0c7be86/screenshot - {}
RESULT: {}
COMMAND: POST /session/2eef3865f9633c585bb33c6ac0c7be86/execute/async - {"script":"<script> [1562 bytes]","args":[{"selector":{"controlType":"sap.m.GenericTile","properties":{"header":"Manage Partners"}},"wdio_ui5_key":"sapm.GenericTile{\"header\":\"Manage Partners\"}"}]}
RESULT: {}
RESULT: {"script":"<script> [1562 bytes]","args":[{"selector":{"controlType":"sap.m.GenericTile","properties":{"header":"Manage Partners"}},"wdio_ui5_key":"sapm.GenericTile{\"header\":\"Manage Partners\"}"}]}
RESULT: undefined
COMMAND: POST /session/2eef3865f9633c585bb33c6ac0c7be86/element - {"using":"xpath","value":"//*[@id=\"__tile30\"]"}
RESULT: {"using":"xpath","value":"//*[@id=\"__tile30\"]"}
COMMAND: POST /session/2eef3865f9633c585bb33c6ac0c7be86/element/f.38388B4EA542EE9F87EA90A6B1549037.d.27170EB198E19006166C6A08D334459F.e.8724/click - {}
RESULT: {}
COMMAND: GET /session/2eef3865f9633c585bb33c6ac0c7be86/screenshot - {}
RESULT: {}
COMMAND: POST /session/2eef3865f9633c585bb33c6ac0c7be86/elements - {"using":"xpath","value":"//span[text()='Error']"}
RESULT: {"using":"xpath","value":"//span[text()='Error']"}
COMMAND: POST /session/2eef3865f9633c585bb33c6ac0c7be86/element - {"using":"xpath","value":"//button[@data-kt=\"addButton\"]"}
RESULT: {"using":"xpath","value":"//button[@data-kt=\"addButton\"]"}
COMMAND: POST /session/2eef3865f9633c585bb33c6ac0c7be86/elements - {"using":"xpath","value":"//button[@data-kt=\"addButton\"]"}
RESULT: {"using":"xpath","value":"//button[@data-kt=\"addButton\"]"}
COMMAND: POST /session/2eef3865f9633c585bb33c6ac0c7be86/elements - {"using":"xpath","value":"//button[@data-kt=\"addButton\"]"}
RESULT: {"using":"xpath","value":"//button[@data-kt=\"addButton\"]"}
COMMAND: POST /session/2eef3865f9633c585bb33c6ac0c7be86/elements - {"using":"xpath","value":"//button[@data-kt=\"addButton\"]"}
RESULT: {"using":"xpath","value":"//button[@data-kt=\"addButton\"]"}
COMMAND: POST /session/2eef3865f9633c585bb33c6ac0c7be86/elements - {"using":"xpath","value":"//button[@data-kt=\"addButton\"]"}
RESULT: {"using":"xpath","value":"//button[@data-kt=\"addButton\"]"}
COMMAND: POST /session/2eef3865f9633c585bb33c6ac0c7be86/elements - {"using":"xpath","value":"//button[@data-kt=\"addButton\"]"}
RESULT: {"using":"xpath","value":"//button[@data-kt=\"addButton\"]"}
COMMAND: POST /session/2eef3865f9633c585bb33c6ac0c7be86/elements - {"using":"xpath","value":"//button[@data-kt=\"addButton\"]"}
RESULT: {"using":"xpath","value":"//button[@data-kt=\"addButton\"]"}
COMMAND: POST /session/2eef3865f9633c585bb33c6ac0c7be86/elements - {"using":"xpath","value":"//button[@data-kt=\"addButton\"]"}
RESULT: {"using":"xpath","value":"//button[@data-kt=\"addButton\"]"}
COMMAND: POST /session/2eef3865f9633c585bb33c6ac0c7be86/elements - {"using":"xpath","value":"//button[@data-kt=\"addButton\"]"}
RESULT: {"using":"xpath","value":"//button[@data-kt=\"addButton\"]"}
COMMAND: POST /session/2eef3865f9633c585bb33c6ac0c7be86/element - {"using":"xpath","value":"//button[@data-kt=\"addButton\"]"}
RESULT: {"using":"xpath","value":"//button[@data-kt=\"addButton\"]"}
COMMAND: POST /session/2eef3865f9633c585bb33c6ac0c7be86/execute/sync - {"script":"<script> [8489 bytes]","args":[{"element-6066-11e4-a52e-4f735466cecf":"f.38388B4EA542EE9F87EA90A6B1549037.d.27170EB198E19006166C6A08D334459F.e.9613","ELEMENT":"f.38388B4EA542EE9F87EA90A6B1549037.d.27170EB198E19006166C6A08D334459F.e.9613"}]}
RESULT: {"script":"<script> [8489 bytes]","args":[{"element-6066-11e4-a52e-4f735466cecf":"f.38388B4EA542EE9F87EA90A6B1549037.d.27170EB198E19006166C6A08D334459F.e.9613","ELEMENT":"f.38388B4EA542EE9F87EA90A6B1549037.d.27170EB198E19006166C6A08D334459F.e.9613"}]}
COMMAND: GET /session/2eef3865f9633c585bb33c6ac0c7be86/element/f.38388B4EA542EE9F87EA90A6B1549037.d.27170EB198E19006166C6A08D334459F.e.9613/enabled - {}
COMMAND: GET /session/2eef3865f9633c585bb33c6ac0c7be86/screenshot - {}
RESULT: {}
COMMAND: POST /session/2eef3865f9633c585bb33c6ac0c7be86/execute/sync - {"script":"<script> [8489 bytes]","args":[{"element-6066-11e4-a52e-4f735466cecf":"f.38388B4EA542EE9F87EA90A6B1549037.d.27170EB198E19006166C6A08D334459F.e.9613","ELEMENT":"f.38388B4EA542EE9F87EA90A6B1549037.d.27170EB198E19006166C6A08D334459F.e.9613"}]}
COMMAND: GET /session/2eef3865f9633c585bb33c6ac0c7be86/screenshot - {}
RESULT: {}
RESULT: {"script":"<script> [8489 bytes]","args":[{"element-6066-11e4-a52e-4f735466cecf":"f.38388B4EA542EE9F87EA90A6B1549037.d.27170EB198E19006166C6A08D334459F.e.9613","ELEMENT":"f.38388B4EA542EE9F87EA90A6B1549037.d.27170EB198E19006166C6A08D334459F.e.9613"}]}
COMMAND: POST /session/2eef3865f9633c585bb33c6ac0c7be86/execute/sync - {"script":"<script> [5351 bytes]","args":[{"element-6066-11e4-a52e-4f735466cecf":"f.38388B4EA542EE9F87EA90A6B1549037.d.27170EB198E19006166C6A08D334459F.e.9613","ELEMENT":"f.38388B4EA542EE9F87EA90A6B1549037.d.27170EB198E19006166C6A08D334459F.e.9613"}]}
COMMAND: GET /session/2eef3865f9633c585bb33c6ac0c7be86/screenshot - {}
RESULT: {}
RESULT: {"script":"<script> [5351 bytes]","args":[{"element-6066-11e4-a52e-4f735466cecf":"f.38388B4EA542EE9F87EA90A6B1549037.d.27170EB198E19006166C6A08D334459F.e.9613","ELEMENT":"f.38388B4EA542EE9F87EA90A6B1549037.d.27170EB198E19006166C6A08D334459F.e.9613"}]}
COMMAND: POST /session/2eef3865f9633c585bb33c6ac0c7be86/element/f.38388B4EA542EE9F87EA90A6B1549037.d.27170EB198E19006166C6A08D334459F.e.9613/click - {}
COMMAND: GET /session/2eef3865f9633c585bb33c6ac0c7be86/screenshot - {}
RESULT: {}
RESULT: {}
COMMAND: GET /session/2eef3865f9633c585bb33c6ac0c7be86/screenshot - {}
COMMAND: POST /session/2eef3865f9633c585bb33c6ac0c7be86/execute/async - {"script":"<script> [1562 bytes]","args":[{"selector":{"id":"application-managepartners-display-component---NewPartner--addressDetailDetailsName1","interaction":{"idSuffix":"inner"}},"wdio_ui5_key":"applicationmanagepartners-display-component---NewPartner--addressDetailDetailsName1"}]}
RESULT: {}
RESULT: {}
RESULT: {"script":"<script> [1562 bytes]","args":[{"selector":{"id":"application-managepartners-display-component---NewPartner--addressDetailDetailsName1","interaction":{"idSuffix":"inner"}},"wdio_ui5_key":"applicationmanagepartners-display-component---NewPartner--addressDetailDetailsName1"}]}
RESULT: undefined
COMMAND: POST /session/2eef3865f9633c585bb33c6ac0c7be86/execute/async - {"script":"<script> [776 bytes]","args":[{"enterText":"External Partner WDIO","selector":{"id":"application-managepartners-display-component---NewPartner--addressDetailDetailsName1","interaction":{"idSuffix":"inner"}},"clearTextFirst":true,"interactionType":"ENTER_TEXT"}]}
RESULT: {"script":"<script> [776 bytes]","args":[{"enterText":"External Partner WDIO","selector":{"id":"application-managepartners-display-component---NewPartner--addressDetailDetailsName1","interaction":{"idSuffix":"inner"}},"clearTextFirst":true,"interactionType":"ENTER_TEXT"}]}
COMMAND: POST /session/2eef3865f9633c585bb33c6ac0c7be86/execute/async - {"script":"<script> [1562 bytes]","args":[{"selector":{"id":"application-managepartners-display-component---NewPartner--addressDetailDetailsLanguage-arrow"},"wdio_ui5_key":"applicationmanagepartners-display-component---NewPartner--addressDetailDetailsLanguage-arrow"}]}
RESULT: {"script":"<script> [1562 bytes]","args":[{"selector":{"id":"application-managepartners-display-component---NewPartner--addressDetailDetailsLanguage-arrow"},"wdio_ui5_key":"applicationmanagepartners-display-component---NewPartner--addressDetailDetailsLanguage-arrow"}]}
RESULT: undefined
COMMAND: POST /session/2eef3865f9633c585bb33c6ac0c7be86/element - {"using":"xpath","value":"//*[@id=\"application-managepartners-display-component---NewPartner--addressDetailDetailsLanguage-arrow\"]"}
RESULT: {"using":"xpath","value":"//*[@id=\"application-managepartners-display-component---NewPartner--addressDetailDetailsLanguage-arrow\"]"}
COMMAND: POST /session/2eef3865f9633c585bb33c6ac0c7be86/element/f.38388B4EA542EE9F87EA90A6B1549037.d.27170EB198E19006166C6A08D334459F.e.10054/click - {}
RESULT: {}
COMMAND: POST /session/2eef3865f9633c585bb33c6ac0c7be86/element - {"using":"xpath","value":"//span[contains(text(), \"English\")]"}
COMMAND: GET /session/2eef3865f9633c585bb33c6ac0c7be86/screenshot - {}
RESULT: {"using":"xpath","value":"//span[contains(text(), \"English\")]"}
COMMAND: POST /session/2eef3865f9633c585bb33c6ac0c7be86/element/f.38388B4EA542EE9F87EA90A6B1549037.d.27170EB198E19006166C6A08D334459F.e.10055/click - {}
RESULT: {}
RESULT: {}
COMMAND: GET /session/2eef3865f9633c585bb33c6ac0c7be86/screenshot - {}
RESULT: {}
COMMAND: POST /session/2eef3865f9633c585bb33c6ac0c7be86/execute/async - {"script":"<script> [1562 bytes]","args":[{"selector":{"id":"application-managepartners-display-component---NewPartner--addressDetailDetailsCity1","interaction":{"idSuffix":"inner"}},"wdio_ui5_key":"applicationmanagepartners-display-component---NewPartner--addressDetailDetailsCity1"}]}
RESULT: {"script":"<script> [1562 bytes]","args":[{"selector":{"id":"application-managepartners-display-component---NewPartner--addressDetailDetailsCity1","interaction":{"idSuffix":"inner"}},"wdio_ui5_key":"applicationmanagepartners-display-component---NewPartner--addressDetailDetailsCity1"}]}
RESULT: undefined
COMMAND: POST /session/2eef3865f9633c585bb33c6ac0c7be86/execute/async - {"script":"<script> [776 bytes]","args":[{"enterText":"Rosario","selector":{"id":"application-managepartners-display-component---NewPartner--addressDetailDetailsCity1","interaction":{"idSuffix":"inner"}},"clearTextFirst":true,"interactionType":"ENTER_TEXT"}]}
RESULT: {"script":"<script> [776 bytes]","args":[{"enterText":"Rosario","selector":{"id":"application-managepartners-display-component---NewPartner--addressDetailDetailsCity1","interaction":{"idSuffix":"inner"}},"clearTextFirst":true,"interactionType":"ENTER_TEXT"}]}
COMMAND: POST /session/2eef3865f9633c585bb33c6ac0c7be86/execute/async - {"script":"<script> [1562 bytes]","args":[{"selector":{"id":"application-managepartners-display-component---NewPartner--addressDetailDetailsCountry-arrow"},"wdio_ui5_key":"applicationmanagepartners-display-component---NewPartner--addressDetailDetailsCountry-arrow"}]}
RESULT: {"script":"<script> [1562 bytes]","args":[{"selector":{"id":"application-managepartners-display-component---NewPartner--addressDetailDetailsCountry-arrow"},"wdio_ui5_key":"applicationmanagepartners-display-component---NewPartner--addressDetailDetailsCountry-arrow"}]}
RESULT: undefined
COMMAND: POST /session/2eef3865f9633c585bb33c6ac0c7be86/element - {"using":"xpath","value":"//*[@id=\"application-managepartners-display-component---NewPartner--addressDetailDetailsCountry-arrow\"]"}
RESULT: {"using":"xpath","value":"//*[@id=\"application-managepartners-display-component---NewPartner--addressDetailDetailsCountry-arrow\"]"}
COMMAND: POST /session/2eef3865f9633c585bb33c6ac0c7be86/element/f.38388B4EA542EE9F87EA90A6B1549037.d.27170EB198E19006166C6A08D334459F.e.10040/click - {}
RESULT: {}
COMMAND: POST /session/2eef3865f9633c585bb33c6ac0c7be86/element - {"using":"xpath","value":"//span[contains(text(), \"Argentina\")]"}
COMMAND: GET /session/2eef3865f9633c585bb33c6ac0c7be86/screenshot - {}
RESULT: {"using":"xpath","value":"//span[contains(text(), \"Argentina\")]"}
COMMAND: POST /session/2eef3865f9633c585bb33c6ac0c7be86/element/f.38388B4EA542EE9F87EA90A6B1549037.d.27170EB198E19006166C6A08D334459F.e.10057/click - {}
RESULT: {}
RESULT: {}
COMMAND: GET /session/2eef3865f9633c585bb33c6ac0c7be86/screenshot - {}
RESULT: {}
COMMAND: POST /session/2eef3865f9633c585bb33c6ac0c7be86/element - {"using":"xpath","value":"//bdi[contains(text(), \"Commercial\")]"}
RESULT: {"using":"xpath","value":"//bdi[contains(text(), \"Commercial\")]"}
COMMAND: POST /session/2eef3865f9633c585bb33c6ac0c7be86/element/f.38388B4EA542EE9F87EA90A6B1549037.d.27170EB198E19006166C6A08D334459F.e.10058/click - {}
RESULT: {}
COMMAND: GET /session/2eef3865f9633c585bb33c6ac0c7be86/screenshot - {}
RESULT: {}
COMMAND: POST /session/2eef3865f9633c585bb33c6ac0c7be86/execute/async - {"script":"<script> [1562 bytes]","args":[{"selector":{"id":"application-managepartners-display-component---NewPartner--partnerDetailInternal-arrow"},"wdio_ui5_key":"applicationmanagepartners-display-component---NewPartner--partnerDetailInternal-arrow"}]}
RESULT: {"script":"<script> [1562 bytes]","args":[{"selector":{"id":"application-managepartners-display-component---NewPartner--partnerDetailInternal-arrow"},"wdio_ui5_key":"applicationmanagepartners-display-component---NewPartner--partnerDetailInternal-arrow"}]}
RESULT: undefined
COMMAND: POST /session/2eef3865f9633c585bb33c6ac0c7be86/element - {"using":"xpath","value":"//*[@id=\"application-managepartners-display-component---NewPartner--partnerDetailInternal-arrow\"]"}
RESULT: {"using":"xpath","value":"//*[@id=\"application-managepartners-display-component---NewPartner--partnerDetailInternal-arrow\"]"}
COMMAND: POST /session/2eef3865f9633c585bb33c6ac0c7be86/element/f.38388B4EA542EE9F87EA90A6B1549037.d.27170EB198E19006166C6A08D334459F.e.10064/click - {}
RESULT: {}
COMMAND: POST /session/2eef3865f9633c585bb33c6ac0c7be86/element - {"using":"xpath","value":"//span[contains(text(), \"External partner\")]"}
COMMAND: GET /session/2eef3865f9633c585bb33c6ac0c7be86/screenshot - {}
RESULT: {"using":"xpath","value":"//span[contains(text(), \"External partner\")]"}
COMMAND: POST /session/2eef3865f9633c585bb33c6ac0c7be86/element/f.38388B4EA542EE9F87EA90A6B1549037.d.27170EB198E19006166C6A08D334459F.e.10065/click - {}
RESULT: {}
RESULT: {}
COMMAND: POST /session/2eef3865f9633c585bb33c6ac0c7be86/execute/async - {"script":"<script> [1562 bytes]","args":[{"selector":{"id":"application-managepartners-display-component---NewPartner--partnerDetailsCurrency-arrow"},"wdio_ui5_key":"applicationmanagepartners-display-component---NewPartner--partnerDetailsCurrency-arrow"}]}
COMMAND: GET /session/2eef3865f9633c585bb33c6ac0c7be86/screenshot - {}
RESULT: {"script":"<script> [1562 bytes]","args":[{"selector":{"id":"application-managepartners-display-component---NewPartner--partnerDetailsCurrency-arrow"},"wdio_ui5_key":"applicationmanagepartners-display-component---NewPartner--partnerDetailsCurrency-arrow"}]}
RESULT: undefined
COMMAND: POST /session/2eef3865f9633c585bb33c6ac0c7be86/element - {"using":"xpath","value":"//*[@id=\"application-managepartners-display-component---NewPartner--partnerDetailsCurrency-arrow\"]"}
RESULT: {}
RESULT: {"using":"xpath","value":"//*[@id=\"application-managepartners-display-component---NewPartner--partnerDetailsCurrency-arrow\"]"}
COMMAND: POST /session/2eef3865f9633c585bb33c6ac0c7be86/element/f.38388B4EA542EE9F87EA90A6B1549037.d.27170EB198E19006166C6A08D334459F.e.10070/click - {}
RESULT: {}
COMMAND: POST /session/2eef3865f9633c585bb33c6ac0c7be86/element - {"using":"xpath","value":"//span[contains(text(), \"US Dollar\")]"}
COMMAND: GET /session/2eef3865f9633c585bb33c6ac0c7be86/screenshot - {}
RESULT: {"using":"xpath","value":"//span[contains(text(), \"US Dollar\")]"}
COMMAND: POST /session/2eef3865f9633c585bb33c6ac0c7be86/element/f.38388B4EA542EE9F87EA90A6B1549037.d.27170EB198E19006166C6A08D334459F.e.10071/click - {}
RESULT: {}
RESULT: {}
COMMAND: GET /session/2eef3865f9633c585bb33c6ac0c7be86/screenshot - {}
RESULT: {}
COMMAND: POST /session/2eef3865f9633c585bb33c6ac0c7be86/element - {"using":"xpath","value":"//input[@id=\"application-managepartners-display-component---NewPartner--companyCodeComboBox-inner\"]"}
RESULT: {"using":"xpath","value":"//input[@id=\"application-managepartners-display-component---NewPartner--companyCodeComboBox-inner\"]"}
COMMAND: POST /session/2eef3865f9633c585bb33c6ac0c7be86/element/f.38388B4EA542EE9F87EA90A6B1549037.d.27170EB198E19006166C6A08D334459F.e.9920/clear - {}
RESULT: {}
COMMAND: POST /session/2eef3865f9633c585bb33c6ac0c7be86/element/f.38388B4EA542EE9F87EA90A6B1549037.d.27170EB198E19006166C6A08D334459F.e.9920/value - {"text":"C002"}
COMMAND: GET /session/2eef3865f9633c585bb33c6ac0c7be86/screenshot - {}
RESULT: {"text":"C002"}
COMMAND: GET /session/2eef3865f9633c585bb33c6ac0c7be86/screenshot - {}
RESULT: {}
RESULT: {}
COMMAND: POST /session/2eef3865f9633c585bb33c6ac0c7be86/element - {"using":"xpath","value":"//li[.//span[text()= \"C002\"]]"}
RESULT: {"using":"xpath","value":"//li[.//span[text()= \"C002\"]]"}
COMMAND: POST /session/2eef3865f9633c585bb33c6ac0c7be86/element/f.38388B4EA542EE9F87EA90A6B1549037.d.27170EB198E19006166C6A08D334459F.e.10075/click - {}
RESULT: {}
COMMAND: GET /session/2eef3865f9633c585bb33c6ac0c7be86/screenshot - {}
RESULT: {}
COMMAND: POST /session/2eef3865f9633c585bb33c6ac0c7be86/execute/async - {"script":"<script> [1562 bytes]","args":[{"selector":{"id":"application-managepartners-display-component---NewPartner--btnAddTableRow-img"},"wdio_ui5_key":"applicationmanagepartners-display-component---NewPartner--btnAddTableRow-img"}]}
RESULT: {"script":"<script> [1562 bytes]","args":[{"selector":{"id":"application-managepartners-display-component---NewPartner--btnAddTableRow-img"},"wdio_ui5_key":"applicationmanagepartners-display-component---NewPartner--btnAddTableRow-img"}]}
RESULT: undefined
COMMAND: POST /session/2eef3865f9633c585bb33c6ac0c7be86/element - {"using":"xpath","value":"//*[@id=\"application-managepartners-display-component---NewPartner--btnAddTableRow-img\"]"}
RESULT: {"using":"xpath","value":"//*[@id=\"application-managepartners-display-component---NewPartner--btnAddTableRow-img\"]"}
COMMAND: POST /session/2eef3865f9633c585bb33c6ac0c7be86/element/f.38388B4EA542EE9F87EA90A6B1549037.d.27170EB198E19006166C6A08D334459F.e.10076/click - {}
RESULT: {}
COMMAND: GET /session/2eef3865f9633c585bb33c6ac0c7be86/screenshot - {}
RESULT: {}
COMMAND: POST /session/2eef3865f9633c585bb33c6ac0c7be86/element - {"using":"xpath","value":"//input[@id=\"application-managepartners-display-component---NewPartner--assignmentYard-application-managepartners-display-component---NewPartner--assignmentsTable-0-inner\"]"}
RESULT: {"using":"xpath","value":"//input[@id=\"application-managepartners-display-component---NewPartner--assignmentYard-application-managepartners-display-component---NewPartner--assignmentsTable-0-inner\"]"}
COMMAND: POST /session/2eef3865f9633c585bb33c6ac0c7be86/element/f.38388B4EA542EE9F87EA90A6B1549037.d.27170EB198E19006166C6A08D334459F.e.10079/clear - {}
RESULT: {}
COMMAND: POST /session/2eef3865f9633c585bb33c6ac0c7be86/element/f.38388B4EA542EE9F87EA90A6B1549037.d.27170EB198E19006166C6A08D334459F.e.10079/value - {"text":"277"}
COMMAND: GET /session/2eef3865f9633c585bb33c6ac0c7be86/screenshot - {}
RESULT: {"text":"277"}
COMMAND: GET /session/2eef3865f9633c585bb33c6ac0c7be86/screenshot - {}
RESULT: {}
RESULT: {}
COMMAND: POST /session/2eef3865f9633c585bb33c6ac0c7be86/element - {"using":"xpath","value":"//li[.//span[text()='277']]"}
RESULT: {"using":"xpath","value":"//li[.//span[text()='277']]"}
COMMAND: POST /session/2eef3865f9633c585bb33c6ac0c7be86/element/f.38388B4EA542EE9F87EA90A6B1549037.d.27170EB198E19006166C6A08D334459F.e.10087/click - {}
RESULT: {}
COMMAND: GET /session/2eef3865f9633c585bb33c6ac0c7be86/screenshot - {}
RESULT: {}
COMMAND: POST /session/2eef3865f9633c585bb33c6ac0c7be86/actions - {"actions":[{"id":"action33","type":"key","parameters":{},"actions":[{"type":"keyDown","value":""},{"type":"pause","duration":10},{"type":"keyUp","value":""}]}]}
RESULT: {"actions":[{"id":"action33","type":"key","parameters":{},"actions":[{"type":"keyDown","value":""},{"type":"pause","duration":10},{"type":"keyUp","value":""}]}]}
COMMAND: POST /session/2eef3865f9633c585bb33c6ac0c7be86/element - {"using":"xpath","value":"//td[contains(@id, \"assignmentsTable-0-cell2\")]/div/div"}
COMMAND: GET /session/2eef3865f9633c585bb33c6ac0c7be86/screenshot - {}
RESULT: {"using":"xpath","value":"//td[contains(@id, \"assignmentsTable-0-cell2\")]/div/div"}
COMMAND: POST /session/2eef3865f9633c585bb33c6ac0c7be86/element/f.38388B4EA542EE9F87EA90A6B1549037.d.27170EB198E19006166C6A08D334459F.e.10090/click - {}
RESULT: {}
RESULT: {}
COMMAND: GET /session/2eef3865f9633c585bb33c6ac0c7be86/screenshot - {}
RESULT: {}
COMMAND: POST /session/2eef3865f9633c585bb33c6ac0c7be86/element - {"using":"xpath","value":"//button[@data-kt=\"saveButton\"]"}
RESULT: {"using":"xpath","value":"//button[@data-kt=\"saveButton\"]"}
COMMAND: POST /session/2eef3865f9633c585bb33c6ac0c7be86/element/f.38388B4EA542EE9F87EA90A6B1549037.d.27170EB198E19006166C6A08D334459F.e.10036/click - {}
RESULT: {}
COMMAND: GET /session/2eef3865f9633c585bb33c6ac0c7be86/screenshot - {}
RESULT: {}
COMMAND: POST /session/2eef3865f9633c585bb33c6ac0c7be86/element - {"using":"xpath","value":"//header[contains(@id, 'ObjectPageLayout-headerTitle')]/div[1]/div[2]/div[2]/span[1]"}
RESULT: {"using":"xpath","value":"//header[contains(@id, 'ObjectPageLayout-headerTitle')]/div[1]/div[2]/div[2]/span[1]"}
COMMAND: POST /session/2eef3865f9633c585bb33c6ac0c7be86/elements - {"using":"xpath","value":"//header[contains(@id, 'ObjectPageLayout-headerTitle')]/div[1]/div[2]/div[2]/span[1]"}
RESULT: {"using":"xpath","value":"//header[contains(@id, 'ObjectPageLayout-headerTitle')]/div[1]/div[2]/div[2]/span[1]"}
COMMAND: POST /session/2eef3865f9633c585bb33c6ac0c7be86/execute/sync - {"script":"<script> [56 bytes]","args":[{"element-6066-11e4-a52e-4f735466cecf":"f.38388B4EA542EE9F87EA90A6B1549037.d.27170EB198E19006166C6A08D334459F.e.10249","ELEMENT":"f.38388B4EA542EE9F87EA90A6B1549037.d.27170EB198E19006166C6A08D334459F.e.10249"}]}
RESULT: {"script":"<script> [56 bytes]","args":[{"element-6066-11e4-a52e-4f735466cecf":"f.38388B4EA542EE9F87EA90A6B1549037.d.27170EB198E19006166C6A08D334459F.e.10249","ELEMENT":"f.38388B4EA542EE9F87EA90A6B1549037.d.27170EB198E19006166C6A08D334459F.e.10249"}]}
COMMAND: POST /session/2eef3865f9633c585bb33c6ac0c7be86/element - {"using":"css selector","value":"#shell-header-logo"}
COMMAND: GET /session/2eef3865f9633c585bb33c6ac0c7be86/screenshot - {}
RESULT: {"using":"css selector","value":"#shell-header-logo"}
COMMAND: POST /session/2eef3865f9633c585bb33c6ac0c7be86/element/f.38388B4EA542EE9F87EA90A6B1549037.d.27170EB198E19006166C6A08D334459F.e.9568/click - {}
RESULT: {}
RESULT: {}
COMMAND: GET /session/2eef3865f9633c585bb33c6ac0c7be86/screenshot - {}
RESULT: {}
COMMAND: POST /session/2eef3865f9633c585bb33c6ac0c7be86/execute/sync - {"script":"<script> [299 bytes]","args":[["getModel","getResource"]]}
RESULT: {"script":"<script> [299 bytes]","args":[["getModel","getResource"]]}
]]></system-out>
    </testcase>
    <testcase classname="chrome.136_0_7103_93.windows.Provide_to_Site_w/o_warehouse_management_w/_clarification_US116605" name="Should create a new site" time="95.902">
      <system-out><![CDATA[
COMMAND: GET /session/2eef3865f9633c585bb33c6ac0c7be86/screenshot - {}
COMMAND: POST /session/2eef3865f9633c585bb33c6ac0c7be86/execute/async - {"script":"<script> [1562 bytes]","args":[{"selector":{"controlType":"sap.m.GenericTile","properties":{"header":"Manage Sites"}},"wdio_ui5_key":"sapm.GenericTile{\"header\":\"Manage Sites\"}"}]}
RESULT: {"script":"<script> [1562 bytes]","args":[{"selector":{"controlType":"sap.m.GenericTile","properties":{"header":"Manage Sites"}},"wdio_ui5_key":"sapm.GenericTile{\"header\":\"Manage Sites\"}"}]}
RESULT: undefined
COMMAND: POST /session/2eef3865f9633c585bb33c6ac0c7be86/element - {"using":"xpath","value":"//*[@id=\"__tile32\"]"}
RESULT: {}
RESULT: {"using":"xpath","value":"//*[@id=\"__tile32\"]"}
COMMAND: POST /session/2eef3865f9633c585bb33c6ac0c7be86/element/f.38388B4EA542EE9F87EA90A6B1549037.d.27170EB198E19006166C6A08D334459F.e.8730/click - {}
RESULT: {}
COMMAND: GET /session/2eef3865f9633c585bb33c6ac0c7be86/screenshot - {}
RESULT: {}
COMMAND: POST /session/2eef3865f9633c585bb33c6ac0c7be86/elements - {"using":"xpath","value":"//span[text()='Error']"}
RESULT: {"using":"xpath","value":"//span[text()='Error']"}
COMMAND: POST /session/2eef3865f9633c585bb33c6ac0c7be86/element - {"using":"xpath","value":"//button[@data-kt=\"addOverflowToolbarButton\"]"}
RESULT: {"using":"xpath","value":"//button[@data-kt=\"addOverflowToolbarButton\"]"}
COMMAND: POST /session/2eef3865f9633c585bb33c6ac0c7be86/elements - {"using":"xpath","value":"//button[@data-kt=\"addOverflowToolbarButton\"]"}
RESULT: {"using":"xpath","value":"//button[@data-kt=\"addOverflowToolbarButton\"]"}
COMMAND: POST /session/2eef3865f9633c585bb33c6ac0c7be86/execute/sync - {"script":"<script> [8489 bytes]","args":[{"element-6066-11e4-a52e-4f735466cecf":"f.38388B4EA542EE9F87EA90A6B1549037.d.27170EB198E19006166C6A08D334459F.e.10295","ELEMENT":"f.38388B4EA542EE9F87EA90A6B1549037.d.27170EB198E19006166C6A08D334459F.e.10295"}]}
RESULT: {"script":"<script> [8489 bytes]","args":[{"element-6066-11e4-a52e-4f735466cecf":"f.38388B4EA542EE9F87EA90A6B1549037.d.27170EB198E19006166C6A08D334459F.e.10295","ELEMENT":"f.38388B4EA542EE9F87EA90A6B1549037.d.27170EB198E19006166C6A08D334459F.e.10295"}]}
COMMAND: GET /session/2eef3865f9633c585bb33c6ac0c7be86/element/f.38388B4EA542EE9F87EA90A6B1549037.d.27170EB198E19006166C6A08D334459F.e.10295/enabled - {}
COMMAND: GET /session/2eef3865f9633c585bb33c6ac0c7be86/screenshot - {}
RESULT: {}
COMMAND: POST /session/2eef3865f9633c585bb33c6ac0c7be86/execute/sync - {"script":"<script> [8489 bytes]","args":[{"element-6066-11e4-a52e-4f735466cecf":"f.38388B4EA542EE9F87EA90A6B1549037.d.27170EB198E19006166C6A08D334459F.e.10295","ELEMENT":"f.38388B4EA542EE9F87EA90A6B1549037.d.27170EB198E19006166C6A08D334459F.e.10295"}]}
COMMAND: GET /session/2eef3865f9633c585bb33c6ac0c7be86/screenshot - {}
RESULT: {}
RESULT: {"script":"<script> [8489 bytes]","args":[{"element-6066-11e4-a52e-4f735466cecf":"f.38388B4EA542EE9F87EA90A6B1549037.d.27170EB198E19006166C6A08D334459F.e.10295","ELEMENT":"f.38388B4EA542EE9F87EA90A6B1549037.d.27170EB198E19006166C6A08D334459F.e.10295"}]}
COMMAND: POST /session/2eef3865f9633c585bb33c6ac0c7be86/execute/sync - {"script":"<script> [5351 bytes]","args":[{"element-6066-11e4-a52e-4f735466cecf":"f.38388B4EA542EE9F87EA90A6B1549037.d.27170EB198E19006166C6A08D334459F.e.10295","ELEMENT":"f.38388B4EA542EE9F87EA90A6B1549037.d.27170EB198E19006166C6A08D334459F.e.10295"}]}
COMMAND: GET /session/2eef3865f9633c585bb33c6ac0c7be86/screenshot - {}
RESULT: {}
RESULT: {"script":"<script> [5351 bytes]","args":[{"element-6066-11e4-a52e-4f735466cecf":"f.38388B4EA542EE9F87EA90A6B1549037.d.27170EB198E19006166C6A08D334459F.e.10295","ELEMENT":"f.38388B4EA542EE9F87EA90A6B1549037.d.27170EB198E19006166C6A08D334459F.e.10295"}]}
COMMAND: POST /session/2eef3865f9633c585bb33c6ac0c7be86/element/f.38388B4EA542EE9F87EA90A6B1549037.d.27170EB198E19006166C6A08D334459F.e.10295/click - {}
COMMAND: GET /session/2eef3865f9633c585bb33c6ac0c7be86/screenshot - {}
RESULT: {}
RESULT: {}
COMMAND: GET /session/2eef3865f9633c585bb33c6ac0c7be86/screenshot - {}
COMMAND: POST /session/2eef3865f9633c585bb33c6ac0c7be86/element - {"using":"xpath","value":"//input[@id=\"application-managesites-display-component---NewSite--siteId-inner\"]"}
RESULT: {}
RESULT: {}
RESULT: {"using":"xpath","value":"//input[@id=\"application-managesites-display-component---NewSite--siteId-inner\"]"}
COMMAND: POST /session/2eef3865f9633c585bb33c6ac0c7be86/element - {"using":"xpath","value":"//input[@id=\"application-managesites-display-component---NewSite--siteId-inner\"]"}
RESULT: {"using":"xpath","value":"//input[@id=\"application-managesites-display-component---NewSite--siteId-inner\"]"}
COMMAND: POST /session/2eef3865f9633c585bb33c6ac0c7be86/execute/async - {"script":"<script> [1562 bytes]","args":[{"selector":{"id":"application-managesites-display-component---NewSite--addressDetailDetailsName1","interaction":{"idSuffix":"inner"}},"wdio_ui5_key":"applicationmanagesites-display-component---NewSite--addressDetailDetailsName1"}]}
RESULT: {"script":"<script> [1562 bytes]","args":[{"selector":{"id":"application-managesites-display-component---NewSite--addressDetailDetailsName1","interaction":{"idSuffix":"inner"}},"wdio_ui5_key":"applicationmanagesites-display-component---NewSite--addressDetailDetailsName1"}]}
RESULT: undefined
COMMAND: POST /session/2eef3865f9633c585bb33c6ac0c7be86/execute/async - {"script":"<script> [776 bytes]","args":[{"enterText":"Other Type Site WDIO","selector":{"id":"application-managesites-display-component---NewSite--addressDetailDetailsName1","interaction":{"idSuffix":"inner"}},"clearTextFirst":true,"interactionType":"ENTER_TEXT"}]}
RESULT: {"script":"<script> [776 bytes]","args":[{"enterText":"Other Type Site WDIO","selector":{"id":"application-managesites-display-component---NewSite--addressDetailDetailsName1","interaction":{"idSuffix":"inner"}},"clearTextFirst":true,"interactionType":"ENTER_TEXT"}]}
COMMAND: POST /session/2eef3865f9633c585bb33c6ac0c7be86/execute/async - {"script":"<script> [1562 bytes]","args":[{"selector":{"id":"application-managesites-display-component---NewSite--addressDetailDetailsLanguage-arrow"},"wdio_ui5_key":"applicationmanagesites-display-component---NewSite--addressDetailDetailsLanguage-arrow"}]}
RESULT: {"script":"<script> [1562 bytes]","args":[{"selector":{"id":"application-managesites-display-component---NewSite--addressDetailDetailsLanguage-arrow"},"wdio_ui5_key":"applicationmanagesites-display-component---NewSite--addressDetailDetailsLanguage-arrow"}]}
RESULT: undefined
COMMAND: POST /session/2eef3865f9633c585bb33c6ac0c7be86/element - {"using":"xpath","value":"//*[@id=\"application-managesites-display-component---NewSite--addressDetailDetailsLanguage-arrow\"]"}
RESULT: {"using":"xpath","value":"//*[@id=\"application-managesites-display-component---NewSite--addressDetailDetailsLanguage-arrow\"]"}
COMMAND: POST /session/2eef3865f9633c585bb33c6ac0c7be86/element/f.38388B4EA542EE9F87EA90A6B1549037.d.27170EB198E19006166C6A08D334459F.e.10707/click - {}
RESULT: {}
COMMAND: POST /session/2eef3865f9633c585bb33c6ac0c7be86/element - {"using":"xpath","value":"//span[contains(text(), \"English\")]"}
COMMAND: GET /session/2eef3865f9633c585bb33c6ac0c7be86/screenshot - {}
RESULT: {"using":"xpath","value":"//span[contains(text(), \"English\")]"}
COMMAND: POST /session/2eef3865f9633c585bb33c6ac0c7be86/element/f.38388B4EA542EE9F87EA90A6B1549037.d.27170EB198E19006166C6A08D334459F.e.10708/click - {}
RESULT: {}
RESULT: {}
COMMAND: POST /session/2eef3865f9633c585bb33c6ac0c7be86/execute/async - {"script":"<script> [1562 bytes]","args":[{"selector":{"id":"application-managesites-display-component---NewSite--addressDetailDetailsCity1","interaction":{"idSuffix":"inner"}},"wdio_ui5_key":"applicationmanagesites-display-component---NewSite--addressDetailDetailsCity1"}]}
COMMAND: GET /session/2eef3865f9633c585bb33c6ac0c7be86/screenshot - {}
RESULT: {"script":"<script> [1562 bytes]","args":[{"selector":{"id":"application-managesites-display-component---NewSite--addressDetailDetailsCity1","interaction":{"idSuffix":"inner"}},"wdio_ui5_key":"applicationmanagesites-display-component---NewSite--addressDetailDetailsCity1"}]}
RESULT: undefined
COMMAND: POST /session/2eef3865f9633c585bb33c6ac0c7be86/execute/async - {"script":"<script> [776 bytes]","args":[{"enterText":"Rosario","selector":{"id":"application-managesites-display-component---NewSite--addressDetailDetailsCity1","interaction":{"idSuffix":"inner"}},"clearTextFirst":true,"interactionType":"ENTER_TEXT"}]}
RESULT: {}
RESULT: {"script":"<script> [776 bytes]","args":[{"enterText":"Rosario","selector":{"id":"application-managesites-display-component---NewSite--addressDetailDetailsCity1","interaction":{"idSuffix":"inner"}},"clearTextFirst":true,"interactionType":"ENTER_TEXT"}]}
COMMAND: POST /session/2eef3865f9633c585bb33c6ac0c7be86/execute/async - {"script":"<script> [1562 bytes]","args":[{"selector":{"id":"application-managesites-display-component---NewSite--addressDetailDetailsCountry-arrow"},"wdio_ui5_key":"applicationmanagesites-display-component---NewSite--addressDetailDetailsCountry-arrow"}]}
RESULT: {"script":"<script> [1562 bytes]","args":[{"selector":{"id":"application-managesites-display-component---NewSite--addressDetailDetailsCountry-arrow"},"wdio_ui5_key":"applicationmanagesites-display-component---NewSite--addressDetailDetailsCountry-arrow"}]}
RESULT: undefined
COMMAND: POST /session/2eef3865f9633c585bb33c6ac0c7be86/element - {"using":"xpath","value":"//*[@id=\"application-managesites-display-component---NewSite--addressDetailDetailsCountry-arrow\"]"}
RESULT: {"using":"xpath","value":"//*[@id=\"application-managesites-display-component---NewSite--addressDetailDetailsCountry-arrow\"]"}
COMMAND: POST /session/2eef3865f9633c585bb33c6ac0c7be86/element/f.38388B4EA542EE9F87EA90A6B1549037.d.27170EB198E19006166C6A08D334459F.e.10710/click - {}
RESULT: {}
COMMAND: POST /session/2eef3865f9633c585bb33c6ac0c7be86/element - {"using":"xpath","value":"//span[contains(text(), \"Argentina\")]"}
COMMAND: GET /session/2eef3865f9633c585bb33c6ac0c7be86/screenshot - {}
RESULT: {"using":"xpath","value":"//span[contains(text(), \"Argentina\")]"}
COMMAND: POST /session/2eef3865f9633c585bb33c6ac0c7be86/element/f.38388B4EA542EE9F87EA90A6B1549037.d.27170EB198E19006166C6A08D334459F.e.10711/click - {}
RESULT: {}
RESULT: {}
COMMAND: GET /session/2eef3865f9633c585bb33c6ac0c7be86/screenshot - {}
RESULT: {}
COMMAND: POST /session/2eef3865f9633c585bb33c6ac0c7be86/execute/async - {"script":"<script> [1562 bytes]","args":[{"selector":{"id":"application-managesites-display-component---NewSite--addressEditDetailsCostObjectCstType-arrow"},"wdio_ui5_key":"applicationmanagesites-display-component---NewSite--addressEditDetailsCostObjectCstType-arrow"}]}
RESULT: {"script":"<script> [1562 bytes]","args":[{"selector":{"id":"application-managesites-display-component---NewSite--addressEditDetailsCostObjectCstType-arrow"},"wdio_ui5_key":"applicationmanagesites-display-component---NewSite--addressEditDetailsCostObjectCstType-arrow"}]}
RESULT: undefined
COMMAND: POST /session/2eef3865f9633c585bb33c6ac0c7be86/element - {"using":"xpath","value":"//*[@id=\"application-managesites-display-component---NewSite--addressEditDetailsCostObjectCstType-arrow\"]"}
RESULT: {"using":"xpath","value":"//*[@id=\"application-managesites-display-component---NewSite--addressEditDetailsCostObjectCstType-arrow\"]"}
COMMAND: POST /session/2eef3865f9633c585bb33c6ac0c7be86/element/f.38388B4EA542EE9F87EA90A6B1549037.d.27170EB198E19006166C6A08D334459F.e.10713/click - {}
RESULT: {}
COMMAND: POST /session/2eef3865f9633c585bb33c6ac0c7be86/element - {"using":"xpath","value":"//span[contains(text(), \"Cost Center\")]"}
COMMAND: GET /session/2eef3865f9633c585bb33c6ac0c7be86/screenshot - {}
RESULT: {"using":"xpath","value":"//span[contains(text(), \"Cost Center\")]"}
COMMAND: POST /session/2eef3865f9633c585bb33c6ac0c7be86/element/f.38388B4EA542EE9F87EA90A6B1549037.d.27170EB198E19006166C6A08D334459F.e.10714/click - {}
RESULT: {}
RESULT: {}
COMMAND: GET /session/2eef3865f9633c585bb33c6ac0c7be86/screenshot - {}
RESULT: {}
COMMAND: POST /session/2eef3865f9633c585bb33c6ac0c7be86/element - {"using":"xpath","value":"//span[@id=\"application-managesites-display-component---NewSite--addressNewCostObjectCstID-vhi\"]"}
RESULT: {"using":"xpath","value":"//span[@id=\"application-managesites-display-component---NewSite--addressNewCostObjectCstID-vhi\"]"}
COMMAND: POST /session/2eef3865f9633c585bb33c6ac0c7be86/execute/sync - {"script":"<script> [8489 bytes]","args":[{"element-6066-11e4-a52e-4f735466cecf":"f.38388B4EA542EE9F87EA90A6B1549037.d.27170EB198E19006166C6A08D334459F.e.10719","ELEMENT":"f.38388B4EA542EE9F87EA90A6B1549037.d.27170EB198E19006166C6A08D334459F.e.10719"}]}
RESULT: {"script":"<script> [8489 bytes]","args":[{"element-6066-11e4-a52e-4f735466cecf":"f.38388B4EA542EE9F87EA90A6B1549037.d.27170EB198E19006166C6A08D334459F.e.10719","ELEMENT":"f.38388B4EA542EE9F87EA90A6B1549037.d.27170EB198E19006166C6A08D334459F.e.10719"}]}
COMMAND: POST /session/2eef3865f9633c585bb33c6ac0c7be86/execute/async - {"script":"<script> [1562 bytes]","args":[{"selector":{"id":"application-managesites-display-component---NewSite--addressNewCostObjectCstID-vhi"},"wdio_ui5_key":"applicationmanagesites-display-component---NewSite--addressNewCostObjectCstID-vhi"}]}
COMMAND: GET /session/2eef3865f9633c585bb33c6ac0c7be86/screenshot - {}
RESULT: {"script":"<script> [1562 bytes]","args":[{"selector":{"id":"application-managesites-display-component---NewSite--addressNewCostObjectCstID-vhi"},"wdio_ui5_key":"applicationmanagesites-display-component---NewSite--addressNewCostObjectCstID-vhi"}]}
RESULT: undefined
COMMAND: POST /session/2eef3865f9633c585bb33c6ac0c7be86/element - {"using":"xpath","value":"//*[@id=\"application-managesites-display-component---NewSite--addressNewCostObjectCstID-vhi\"]"}
RESULT: {}
RESULT: {"using":"xpath","value":"//*[@id=\"application-managesites-display-component---NewSite--addressNewCostObjectCstID-vhi\"]"}
COMMAND: POST /session/2eef3865f9633c585bb33c6ac0c7be86/element/f.38388B4EA542EE9F87EA90A6B1549037.d.27170EB198E19006166C6A08D334459F.e.10719/click - {}
RESULT: {}
COMMAND: GET /session/2eef3865f9633c585bb33c6ac0c7be86/screenshot - {}
RESULT: {}
RESULT: undefined
COMMAND: POST /session/2eef3865f9633c585bb33c6ac0c7be86/execute/async - {"script":"<script> [776 bytes]","args":[{"enterText":"10001013","selector":{"controlType":"sap.m.SearchField","properties":{"placeholder":"Search"},"searchOpenDialogs":true,"interaction":{"idSuffix":"I"}},"clearTextFirst":true,"interactionType":"ENTER_TEXT"}]}
RESULT: {"script":"<script> [776 bytes]","args":[{"enterText":"10001013","selector":{"controlType":"sap.m.SearchField","properties":{"placeholder":"Search"},"searchOpenDialogs":true,"interaction":{"idSuffix":"I"}},"clearTextFirst":true,"interactionType":"ENTER_TEXT"}]}
COMMAND: POST /session/2eef3865f9633c585bb33c6ac0c7be86/actions - {"actions":[{"id":"action34","type":"key","parameters":{},"actions":[{"type":"keyDown","value":""},{"type":"pause","duration":10},{"type":"keyUp","value":""}]}]}
RESULT: {"actions":[{"id":"action34","type":"key","parameters":{},"actions":[{"type":"keyDown","value":""},{"type":"pause","duration":10},{"type":"keyUp","value":""}]}]}
COMMAND: GET /session/2eef3865f9633c585bb33c6ac0c7be86/screenshot - {}
RESULT: {}
COMMAND: POST /session/2eef3865f9633c585bb33c6ac0c7be86/element - {"using":"xpath","value":"//span[contains(text(), \"General Management\")]"}
RESULT: {"using":"xpath","value":"//span[contains(text(), \"General Management\")]"}
COMMAND: POST /session/2eef3865f9633c585bb33c6ac0c7be86/element/f.38388B4EA542EE9F87EA90A6B1549037.d.27170EB198E19006166C6A08D334459F.e.10758/click - {}
RESULT: {}
COMMAND: GET /session/2eef3865f9633c585bb33c6ac0c7be86/screenshot - {}
RESULT: {}
COMMAND: POST /session/2eef3865f9633c585bb33c6ac0c7be86/element - {"using":"xpath","value":"//bdi[contains(text(), \"OK\")]"}
RESULT: {"using":"xpath","value":"//bdi[contains(text(), \"OK\")]"}
COMMAND: POST /session/2eef3865f9633c585bb33c6ac0c7be86/element/f.38388B4EA542EE9F87EA90A6B1549037.d.27170EB198E19006166C6A08D334459F.e.10759/click - {}
RESULT: {}
COMMAND: GET /session/2eef3865f9633c585bb33c6ac0c7be86/screenshot - {}
RESULT: {}
COMMAND: POST /session/2eef3865f9633c585bb33c6ac0c7be86/element - {"using":"xpath","value":"//input[@id=\"application-managesites-display-component---NewSite--addressDetailDetailsCalendar-inner\"]"}
RESULT: {"using":"xpath","value":"//input[@id=\"application-managesites-display-component---NewSite--addressDetailDetailsCalendar-inner\"]"}
COMMAND: POST /session/2eef3865f9633c585bb33c6ac0c7be86/element/f.38388B4EA542EE9F87EA90A6B1549037.d.27170EB198E19006166C6A08D334459F.e.10495/clear - {}
RESULT: {}
COMMAND: POST /session/2eef3865f9633c585bb33c6ac0c7be86/element/f.38388B4EA542EE9F87EA90A6B1549037.d.27170EB198E19006166C6A08D334459F.e.10495/value - {"text":"Unit"}
COMMAND: GET /session/2eef3865f9633c585bb33c6ac0c7be86/screenshot - {}
RESULT: {"text":"Unit"}
COMMAND: GET /session/2eef3865f9633c585bb33c6ac0c7be86/screenshot - {}
RESULT: {}
RESULT: {}
COMMAND: POST /session/2eef3865f9633c585bb33c6ac0c7be86/actions - {"actions":[{"id":"action35","type":"key","parameters":{},"actions":[{"type":"keyDown","value":""},{"type":"pause","duration":10},{"type":"keyUp","value":""}]}]}
RESULT: {"actions":[{"id":"action35","type":"key","parameters":{},"actions":[{"type":"keyDown","value":""},{"type":"pause","duration":10},{"type":"keyUp","value":""}]}]}
COMMAND: POST /session/2eef3865f9633c585bb33c6ac0c7be86/element - {"using":"xpath","value":"//input[@id=\"application-managesites-display-component---NewSite--addressDetailDetailsYard-inner\"]"}
COMMAND: GET /session/2eef3865f9633c585bb33c6ac0c7be86/screenshot - {}
RESULT: {"using":"xpath","value":"//input[@id=\"application-managesites-display-component---NewSite--addressDetailDetailsYard-inner\"]"}
COMMAND: POST /session/2eef3865f9633c585bb33c6ac0c7be86/element/f.38388B4EA542EE9F87EA90A6B1549037.d.27170EB198E19006166C6A08D334459F.e.10496/clear - {}
RESULT: {}
RESULT: {}
COMMAND: POST /session/2eef3865f9633c585bb33c6ac0c7be86/element/f.38388B4EA542EE9F87EA90A6B1549037.d.27170EB198E19006166C6A08D334459F.e.10496/value - {"text":"277"}
COMMAND: GET /session/2eef3865f9633c585bb33c6ac0c7be86/screenshot - {}
RESULT: {"text":"277"}
COMMAND: GET /session/2eef3865f9633c585bb33c6ac0c7be86/screenshot - {}
RESULT: {}
RESULT: {}
COMMAND: POST /session/2eef3865f9633c585bb33c6ac0c7be86/element - {"using":"xpath","value":"//li[.//span[text()='277']]"}
RESULT: {"using":"xpath","value":"//li[.//span[text()='277']]"}
COMMAND: POST /session/2eef3865f9633c585bb33c6ac0c7be86/element/f.38388B4EA542EE9F87EA90A6B1549037.d.27170EB198E19006166C6A08D334459F.e.10767/click - {}
RESULT: {}
COMMAND: GET /session/2eef3865f9633c585bb33c6ac0c7be86/screenshot - {}
RESULT: {}
COMMAND: POST /session/2eef3865f9633c585bb33c6ac0c7be86/element - {"using":"xpath","value":"//input[@id=\"application-managesites-display-component---NewSite--addressDetailDetailsPartner-inner\"]"}
RESULT: {"using":"xpath","value":"//input[@id=\"application-managesites-display-component---NewSite--addressDetailDetailsPartner-inner\"]"}
COMMAND: POST /session/2eef3865f9633c585bb33c6ac0c7be86/element - {"using":"xpath","value":"//input[@id=\"application-managesites-display-component---NewSite--addressDetailDetailsPartner-inner\"]"}
RESULT: {"using":"xpath","value":"//input[@id=\"application-managesites-display-component---NewSite--addressDetailDetailsPartner-inner\"]"}
COMMAND: POST /session/2eef3865f9633c585bb33c6ac0c7be86/element - {"using":"xpath","value":"//button[@data-kt=\"saveButton\"]"}
RESULT: {"using":"xpath","value":"//button[@data-kt=\"saveButton\"]"}
COMMAND: POST /session/2eef3865f9633c585bb33c6ac0c7be86/element/f.38388B4EA542EE9F87EA90A6B1549037.d.27170EB198E19006166C6A08D334459F.e.10692/click - {}
RESULT: {}
COMMAND: GET /session/2eef3865f9633c585bb33c6ac0c7be86/screenshot - {}
RESULT: {}
COMMAND: POST /session/2eef3865f9633c585bb33c6ac0c7be86/element - {"using":"xpath","value":"//header[contains(@id, 'ObjectPageLayout-headerTitle')]/div[1]/div[2]/div[2]/span[1]"}
RESULT: {"using":"xpath","value":"//header[contains(@id, 'ObjectPageLayout-headerTitle')]/div[1]/div[2]/div[2]/span[1]"}
COMMAND: POST /session/2eef3865f9633c585bb33c6ac0c7be86/elements - {"using":"xpath","value":"//header[contains(@id, 'ObjectPageLayout-headerTitle')]/div[1]/div[2]/div[2]/span[1]"}
RESULT: {"using":"xpath","value":"//header[contains(@id, 'ObjectPageLayout-headerTitle')]/div[1]/div[2]/div[2]/span[1]"}
COMMAND: POST /session/2eef3865f9633c585bb33c6ac0c7be86/execute/sync - {"script":"<script> [56 bytes]","args":[{"element-6066-11e4-a52e-4f735466cecf":"f.38388B4EA542EE9F87EA90A6B1549037.d.27170EB198E19006166C6A08D334459F.e.10970","ELEMENT":"f.38388B4EA542EE9F87EA90A6B1549037.d.27170EB198E19006166C6A08D334459F.e.10970"}]}
RESULT: {"script":"<script> [56 bytes]","args":[{"element-6066-11e4-a52e-4f735466cecf":"f.38388B4EA542EE9F87EA90A6B1549037.d.27170EB198E19006166C6A08D334459F.e.10970","ELEMENT":"f.38388B4EA542EE9F87EA90A6B1549037.d.27170EB198E19006166C6A08D334459F.e.10970"}]}
COMMAND: POST /session/2eef3865f9633c585bb33c6ac0c7be86/element - {"using":"css selector","value":"#shell-header-logo"}
COMMAND: GET /session/2eef3865f9633c585bb33c6ac0c7be86/screenshot - {}
RESULT: {"using":"css selector","value":"#shell-header-logo"}
COMMAND: POST /session/2eef3865f9633c585bb33c6ac0c7be86/element/f.38388B4EA542EE9F87EA90A6B1549037.d.27170EB198E19006166C6A08D334459F.e.10253/click - {}
RESULT: {}
RESULT: {}
COMMAND: GET /session/2eef3865f9633c585bb33c6ac0c7be86/screenshot - {}
RESULT: {}
COMMAND: POST /session/2eef3865f9633c585bb33c6ac0c7be86/execute/sync - {"script":"<script> [299 bytes]","args":[["getModel","getResource"]]}
RESULT: {"script":"<script> [299 bytes]","args":[["getModel","getResource"]]}
]]></system-out>
    </testcase>
    <testcase classname="chrome.136_0_7103_93.windows.Provide_to_Site_w/o_warehouse_management_w/_clarification_US116605" name="Should create a new material" time="119.369">
      <system-out><![CDATA[
COMMAND: GET /session/2eef3865f9633c585bb33c6ac0c7be86/screenshot - {}
COMMAND: POST /session/2eef3865f9633c585bb33c6ac0c7be86/execute/async - {"script":"<script> [1562 bytes]","args":[{"selector":{"controlType":"sap.m.GenericTile","properties":{"header":"Manage Resources"}},"wdio_ui5_key":"sapm.GenericTile{\"header\":\"Manage Resources\"}"}]}
RESULT: {}
RESULT: {"script":"<script> [1562 bytes]","args":[{"selector":{"controlType":"sap.m.GenericTile","properties":{"header":"Manage Resources"}},"wdio_ui5_key":"sapm.GenericTile{\"header\":\"Manage Resources\"}"}]}
RESULT: undefined
COMMAND: POST /session/2eef3865f9633c585bb33c6ac0c7be86/element - {"using":"xpath","value":"//*[@id=\"__tile31\"]"}
RESULT: {"using":"xpath","value":"//*[@id=\"__tile31\"]"}
COMMAND: POST /session/2eef3865f9633c585bb33c6ac0c7be86/element/f.38388B4EA542EE9F87EA90A6B1549037.d.27170EB198E19006166C6A08D334459F.e.8727/click - {}
RESULT: {}
COMMAND: GET /session/2eef3865f9633c585bb33c6ac0c7be86/screenshot - {}
RESULT: {}
COMMAND: POST /session/2eef3865f9633c585bb33c6ac0c7be86/elements - {"using":"xpath","value":"//span[text()='Error']"}
RESULT: {"using":"xpath","value":"//span[text()='Error']"}
COMMAND: POST /session/2eef3865f9633c585bb33c6ac0c7be86/element - {"using":"xpath","value":"//button[@data-kt=\"addNewRUOverflowToolbarButton\"]"}
RESULT: {"using":"xpath","value":"//button[@data-kt=\"addNewRUOverflowToolbarButton\"]"}
COMMAND: POST /session/2eef3865f9633c585bb33c6ac0c7be86/elements - {"using":"xpath","value":"//button[@data-kt=\"addNewRUOverflowToolbarButton\"]"}
RESULT: {"using":"xpath","value":"//button[@data-kt=\"addNewRUOverflowToolbarButton\"]"}
COMMAND: POST /session/2eef3865f9633c585bb33c6ac0c7be86/elements - {"using":"xpath","value":"//button[@data-kt=\"addNewRUOverflowToolbarButton\"]"}
RESULT: {"using":"xpath","value":"//button[@data-kt=\"addNewRUOverflowToolbarButton\"]"}
COMMAND: POST /session/2eef3865f9633c585bb33c6ac0c7be86/element - {"using":"xpath","value":"//button[@data-kt=\"addNewRUOverflowToolbarButton\"]"}
RESULT: {"using":"xpath","value":"//button[@data-kt=\"addNewRUOverflowToolbarButton\"]"}
COMMAND: POST /session/2eef3865f9633c585bb33c6ac0c7be86/execute/sync - {"script":"<script> [8489 bytes]","args":[{"element-6066-11e4-a52e-4f735466cecf":"f.38388B4EA542EE9F87EA90A6B1549037.d.27170EB198E19006166C6A08D334459F.e.11003","ELEMENT":"f.38388B4EA542EE9F87EA90A6B1549037.d.27170EB198E19006166C6A08D334459F.e.11003"}]}
RESULT: {"script":"<script> [8489 bytes]","args":[{"element-6066-11e4-a52e-4f735466cecf":"f.38388B4EA542EE9F87EA90A6B1549037.d.27170EB198E19006166C6A08D334459F.e.11003","ELEMENT":"f.38388B4EA542EE9F87EA90A6B1549037.d.27170EB198E19006166C6A08D334459F.e.11003"}]}
COMMAND: GET /session/2eef3865f9633c585bb33c6ac0c7be86/element/f.38388B4EA542EE9F87EA90A6B1549037.d.27170EB198E19006166C6A08D334459F.e.11003/enabled - {}
COMMAND: GET /session/2eef3865f9633c585bb33c6ac0c7be86/screenshot - {}
RESULT: {}
COMMAND: POST /session/2eef3865f9633c585bb33c6ac0c7be86/execute/sync - {"script":"<script> [8489 bytes]","args":[{"element-6066-11e4-a52e-4f735466cecf":"f.38388B4EA542EE9F87EA90A6B1549037.d.27170EB198E19006166C6A08D334459F.e.11003","ELEMENT":"f.38388B4EA542EE9F87EA90A6B1549037.d.27170EB198E19006166C6A08D334459F.e.11003"}]}
COMMAND: GET /session/2eef3865f9633c585bb33c6ac0c7be86/screenshot - {}
RESULT: {}
RESULT: {"script":"<script> [8489 bytes]","args":[{"element-6066-11e4-a52e-4f735466cecf":"f.38388B4EA542EE9F87EA90A6B1549037.d.27170EB198E19006166C6A08D334459F.e.11003","ELEMENT":"f.38388B4EA542EE9F87EA90A6B1549037.d.27170EB198E19006166C6A08D334459F.e.11003"}]}
COMMAND: POST /session/2eef3865f9633c585bb33c6ac0c7be86/execute/sync - {"script":"<script> [5351 bytes]","args":[{"element-6066-11e4-a52e-4f735466cecf":"f.38388B4EA542EE9F87EA90A6B1549037.d.27170EB198E19006166C6A08D334459F.e.11003","ELEMENT":"f.38388B4EA542EE9F87EA90A6B1549037.d.27170EB198E19006166C6A08D334459F.e.11003"}]}
COMMAND: GET /session/2eef3865f9633c585bb33c6ac0c7be86/screenshot - {}
RESULT: {}
RESULT: {"script":"<script> [5351 bytes]","args":[{"element-6066-11e4-a52e-4f735466cecf":"f.38388B4EA542EE9F87EA90A6B1549037.d.27170EB198E19006166C6A08D334459F.e.11003","ELEMENT":"f.38388B4EA542EE9F87EA90A6B1549037.d.27170EB198E19006166C6A08D334459F.e.11003"}]}
COMMAND: POST /session/2eef3865f9633c585bb33c6ac0c7be86/element/f.38388B4EA542EE9F87EA90A6B1549037.d.27170EB198E19006166C6A08D334459F.e.11003/click - {}
COMMAND: GET /session/2eef3865f9633c585bb33c6ac0c7be86/screenshot - {}
RESULT: {}
RESULT: {}
COMMAND: GET /session/2eef3865f9633c585bb33c6ac0c7be86/screenshot - {}
COMMAND: POST /session/2eef3865f9633c585bb33c6ac0c7be86/execute/async - {"script":"<script> [1562 bytes]","args":[{"selector":{"id":"application-manageresources-display-component---newResourceUnit--TYPE-arrow"},"wdio_ui5_key":"applicationmanageresources-display-component---newResourceUnit--TYPE-arrow"}]}
RESULT: {}
RESULT: {}
RESULT: {"script":"<script> [1562 bytes]","args":[{"selector":{"id":"application-manageresources-display-component---newResourceUnit--TYPE-arrow"},"wdio_ui5_key":"applicationmanageresources-display-component---newResourceUnit--TYPE-arrow"}]}
RESULT: undefined
COMMAND: POST /session/2eef3865f9633c585bb33c6ac0c7be86/element - {"using":"xpath","value":"//*[@id=\"application-manageresources-display-component---newResourceUnit--TYPE-arrow\"]"}
RESULT: {"using":"xpath","value":"//*[@id=\"application-manageresources-display-component---newResourceUnit--TYPE-arrow\"]"}
COMMAND: POST /session/2eef3865f9633c585bb33c6ac0c7be86/element/f.38388B4EA542EE9F87EA90A6B1549037.d.27170EB198E19006166C6A08D334459F.e.11360/click - {}
RESULT: {}
COMMAND: POST /session/2eef3865f9633c585bb33c6ac0c7be86/element - {"using":"xpath","value":"//input[@id=\"application-manageresources-display-component---newResourceUnit--TYPE-inner\"]"}
COMMAND: GET /session/2eef3865f9633c585bb33c6ac0c7be86/screenshot - {}
RESULT: {"using":"xpath","value":"//input[@id=\"application-manageresources-display-component---newResourceUnit--TYPE-inner\"]"}
COMMAND: POST /session/2eef3865f9633c585bb33c6ac0c7be86/element/f.38388B4EA542EE9F87EA90A6B1549037.d.27170EB198E19006166C6A08D334459F.e.11354/clear - {}
RESULT: {}
RESULT: {}
COMMAND: POST /session/2eef3865f9633c585bb33c6ac0c7be86/element/f.38388B4EA542EE9F87EA90A6B1549037.d.27170EB198E19006166C6A08D334459F.e.11354/value - {"text":"Material"}
COMMAND: GET /session/2eef3865f9633c585bb33c6ac0c7be86/screenshot - {}
RESULT: {"text":"Material"}
COMMAND: GET /session/2eef3865f9633c585bb33c6ac0c7be86/screenshot - {}
RESULT: {}
RESULT: {}
COMMAND: POST /session/2eef3865f9633c585bb33c6ac0c7be86/actions - {"actions":[{"id":"action36","type":"key","parameters":{},"actions":[{"type":"keyDown","value":""},{"type":"pause","duration":10},{"type":"keyUp","value":""}]}]}
RESULT: {"actions":[{"id":"action36","type":"key","parameters":{},"actions":[{"type":"keyDown","value":""},{"type":"pause","duration":10},{"type":"keyUp","value":""}]}]}
COMMAND: POST /session/2eef3865f9633c585bb33c6ac0c7be86/execute/async - {"script":"<script> [1562 bytes]","args":[{"selector":{"id":"application-manageresources-display-component---newResourceUnit--SHORT_TEXT","interaction":{"idSuffix":"inner"}},"wdio_ui5_key":"applicationmanageresources-display-component---newResourceUnit--SHORT_TEXT"}]}
COMMAND: GET /session/2eef3865f9633c585bb33c6ac0c7be86/screenshot - {}
RESULT: {"script":"<script> [1562 bytes]","args":[{"selector":{"id":"application-manageresources-display-component---newResourceUnit--SHORT_TEXT","interaction":{"idSuffix":"inner"}},"wdio_ui5_key":"applicationmanageresources-display-component---newResourceUnit--SHORT_TEXT"}]}
RESULT: undefined
COMMAND: POST /session/2eef3865f9633c585bb33c6ac0c7be86/execute/async - {"script":"<script> [776 bytes]","args":[{"enterText":"Cement WDIO","selector":{"id":"application-manageresources-display-component---newResourceUnit--SHORT_TEXT","interaction":{"idSuffix":"inner"}},"clearTextFirst":true,"interactionType":"ENTER_TEXT"}]}
RESULT: {}
RESULT: {"script":"<script> [776 bytes]","args":[{"enterText":"Cement WDIO","selector":{"id":"application-manageresources-display-component---newResourceUnit--SHORT_TEXT","interaction":{"idSuffix":"inner"}},"clearTextFirst":true,"interactionType":"ENTER_TEXT"}]}
COMMAND: POST /session/2eef3865f9633c585bb33c6ac0c7be86/execute/async - {"script":"<script> [1562 bytes]","args":[{"selector":{"id":"application-manageresources-display-component---newResourceUnit--BASE_UNIT_OF_MEASURE","interaction":{"idSuffix":"inner"}},"wdio_ui5_key":"applicationmanageresources-display-component---newResourceUnit--BASE_UNIT_OF_MEASURE"}]}
RESULT: {"script":"<script> [1562 bytes]","args":[{"selector":{"id":"application-manageresources-display-component---newResourceUnit--BASE_UNIT_OF_MEASURE","interaction":{"idSuffix":"inner"}},"wdio_ui5_key":"applicationmanageresources-display-component---newResourceUnit--BASE_UNIT_OF_MEASURE"}]}
RESULT: undefined
COMMAND: POST /session/2eef3865f9633c585bb33c6ac0c7be86/execute/async - {"script":"<script> [776 bytes]","args":[{"enterText":"Piece","selector":{"id":"application-manageresources-display-component---newResourceUnit--BASE_UNIT_OF_MEASURE","interaction":{"idSuffix":"inner"}},"clearTextFirst":true,"interactionType":"ENTER_TEXT"}]}
RESULT: {"script":"<script> [776 bytes]","args":[{"enterText":"Piece","selector":{"id":"application-manageresources-display-component---newResourceUnit--BASE_UNIT_OF_MEASURE","interaction":{"idSuffix":"inner"}},"clearTextFirst":true,"interactionType":"ENTER_TEXT"}]}
COMMAND: POST /session/2eef3865f9633c585bb33c6ac0c7be86/execute/async - {"script":"<script> [1562 bytes]","args":[{"selector":{"id":"application-manageresources-display-component---newResourceUnit--WEIGHT_UNIT","interaction":{"idSuffix":"inner"}},"wdio_ui5_key":"applicationmanageresources-display-component---newResourceUnit--WEIGHT_UNIT"}]}
RESULT: {"script":"<script> [1562 bytes]","args":[{"selector":{"id":"application-manageresources-display-component---newResourceUnit--WEIGHT_UNIT","interaction":{"idSuffix":"inner"}},"wdio_ui5_key":"applicationmanageresources-display-component---newResourceUnit--WEIGHT_UNIT"}]}
RESULT: undefined
COMMAND: POST /session/2eef3865f9633c585bb33c6ac0c7be86/execute/async - {"script":"<script> [776 bytes]","args":[{"enterText":"Gram","selector":{"id":"application-manageresources-display-component---newResourceUnit--WEIGHT_UNIT","interaction":{"idSuffix":"inner"}},"clearTextFirst":true,"interactionType":"ENTER_TEXT"}]}
RESULT: {"script":"<script> [776 bytes]","args":[{"enterText":"Gram","selector":{"id":"application-manageresources-display-component---newResourceUnit--WEIGHT_UNIT","interaction":{"idSuffix":"inner"}},"clearTextFirst":true,"interactionType":"ENTER_TEXT"}]}
COMMAND: POST /session/2eef3865f9633c585bb33c6ac0c7be86/execute/async - {"script":"<script> [1562 bytes]","args":[{"selector":{"id":"application-manageresources-display-component---newResourceUnit--DIMENSION_UNIT","interaction":{"idSuffix":"inner"}},"wdio_ui5_key":"applicationmanageresources-display-component---newResourceUnit--DIMENSION_UNIT"}]}
RESULT: {"script":"<script> [1562 bytes]","args":[{"selector":{"id":"application-manageresources-display-component---newResourceUnit--DIMENSION_UNIT","interaction":{"idSuffix":"inner"}},"wdio_ui5_key":"applicationmanageresources-display-component---newResourceUnit--DIMENSION_UNIT"}]}
RESULT: undefined
COMMAND: POST /session/2eef3865f9633c585bb33c6ac0c7be86/execute/async - {"script":"<script> [776 bytes]","args":[{"enterText":"Meter","selector":{"id":"application-manageresources-display-component---newResourceUnit--DIMENSION_UNIT","interaction":{"idSuffix":"inner"}},"clearTextFirst":true,"interactionType":"ENTER_TEXT"}]}
RESULT: {"script":"<script> [776 bytes]","args":[{"enterText":"Meter","selector":{"id":"application-manageresources-display-component---newResourceUnit--DIMENSION_UNIT","interaction":{"idSuffix":"inner"}},"clearTextFirst":true,"interactionType":"ENTER_TEXT"}]}
COMMAND: POST /session/2eef3865f9633c585bb33c6ac0c7be86/execute/async - {"script":"<script> [1562 bytes]","args":[{"selector":{"id":"application-manageresources-display-component---newResourceUnit--newRRUPage-anchBar-application-manageresources-display-component---newResourceUnit--control-anchor","interaction":{"idSuffix":"BDI-content"}},"wdio_ui5_key":"applicationmanageresources-display-component---newResourceUnit--newRRUPage-anchBar-application-manageresources-display-component---newResourceUnit--control-anchor"}]}
RESULT: {"script":"<script> [1562 bytes]","args":[{"selector":{"id":"application-manageresources-display-component---newResourceUnit--newRRUPage-anchBar-application-manageresources-display-component---newResourceUnit--control-anchor","interaction":{"idSuffix":"BDI-content"}},"wdio_ui5_key":"applicationmanageresources-display-component---newResourceUnit--newRRUPage-anchBar-application-manageresources-display-component---newResourceUnit--control-anchor"}]}
RESULT: undefined
COMMAND: POST /session/2eef3865f9633c585bb33c6ac0c7be86/element - {"using":"xpath","value":"//*[@id=\"application-manageresources-display-component---newResourceUnit--newRRUPage-anchBar-application-manageresources-display-component---newResourceUnit--control-anchor\"]"}
RESULT: {"using":"xpath","value":"//*[@id=\"application-manageresources-display-component---newResourceUnit--newRRUPage-anchBar-application-manageresources-display-component---newResourceUnit--control-anchor\"]"}
COMMAND: POST /session/2eef3865f9633c585bb33c6ac0c7be86/element/f.38388B4EA542EE9F87EA90A6B1549037.d.27170EB198E19006166C6A08D334459F.e.11490/click - {}
RESULT: {}
COMMAND: POST /session/2eef3865f9633c585bb33c6ac0c7be86/execute/async - {"script":"<script> [1562 bytes]","args":[{"selector":{"id":"application-manageresources-display-component---newResourceUnit--PLANNING_GROUP","interaction":{"idSuffix":"inner"}},"wdio_ui5_key":"applicationmanageresources-display-component---newResourceUnit--PLANNING_GROUP"}]}
COMMAND: GET /session/2eef3865f9633c585bb33c6ac0c7be86/screenshot - {}
RESULT: {"script":"<script> [1562 bytes]","args":[{"selector":{"id":"application-manageresources-display-component---newResourceUnit--PLANNING_GROUP","interaction":{"idSuffix":"inner"}},"wdio_ui5_key":"applicationmanageresources-display-component---newResourceUnit--PLANNING_GROUP"}]}
RESULT: undefined
COMMAND: POST /session/2eef3865f9633c585bb33c6ac0c7be86/execute/async - {"script":"<script> [776 bytes]","args":[{"enterText":"Material","selector":{"id":"application-manageresources-display-component---newResourceUnit--PLANNING_GROUP","interaction":{"idSuffix":"inner"}},"clearTextFirst":true,"interactionType":"ENTER_TEXT"}]}
RESULT: {}
RESULT: {"script":"<script> [776 bytes]","args":[{"enterText":"Material","selector":{"id":"application-manageresources-display-component---newResourceUnit--PLANNING_GROUP","interaction":{"idSuffix":"inner"}},"clearTextFirst":true,"interactionType":"ENTER_TEXT"}]}
COMMAND: POST /session/2eef3865f9633c585bb33c6ac0c7be86/execute/async - {"script":"<script> [1562 bytes]","args":[{"selector":{"id":"application-manageresources-display-component---newResourceUnit--PLANNING_INDICATOR","interaction":{"idSuffix":"inner"}},"wdio_ui5_key":"applicationmanageresources-display-component---newResourceUnit--PLANNING_INDICATOR"}]}
RESULT: {"script":"<script> [1562 bytes]","args":[{"selector":{"id":"application-manageresources-display-component---newResourceUnit--PLANNING_INDICATOR","interaction":{"idSuffix":"inner"}},"wdio_ui5_key":"applicationmanageresources-display-component---newResourceUnit--PLANNING_INDICATOR"}]}
RESULT: undefined
COMMAND: POST /session/2eef3865f9633c585bb33c6ac0c7be86/execute/async - {"script":"<script> [776 bytes]","args":[{"enterText":"10 - infinite","selector":{"id":"application-manageresources-display-component---newResourceUnit--PLANNING_INDICATOR","interaction":{"idSuffix":"inner"}},"clearTextFirst":true,"interactionType":"ENTER_TEXT"}]}
RESULT: {"script":"<script> [776 bytes]","args":[{"enterText":"10 - infinite","selector":{"id":"application-manageresources-display-component---newResourceUnit--PLANNING_INDICATOR","interaction":{"idSuffix":"inner"}},"clearTextFirst":true,"interactionType":"ENTER_TEXT"}]}
COMMAND: POST /session/2eef3865f9633c585bb33c6ac0c7be86/element - {"using":"css selector","value":"#application-manageresources-display-component---newResourceUnit--btnAddTimeSegment"}
RESULT: {"using":"css selector","value":"#application-manageresources-display-component---newResourceUnit--btnAddTimeSegment"}
COMMAND: GET /session/2eef3865f9633c585bb33c6ac0c7be86/element/f.38388B4EA542EE9F87EA90A6B1549037.d.27170EB198E19006166C6A08D334459F.e.11500/rect - {}
RESULT: {}
COMMAND: GET /session/2eef3865f9633c585bb33c6ac0c7be86/window/rect - {}
RESULT: {}
COMMAND: POST /session/2eef3865f9633c585bb33c6ac0c7be86/execute/sync - {"script":"<script> [92 bytes]","args":[]}
RESULT: {"script":"<script> [92 bytes]","args":[]}
COMMAND: POST /session/2eef3865f9633c585bb33c6ac0c7be86/actions - {"actions":[{"id":"action37","type":"wheel","parameters":{},"actions":[{"type":"scroll","x":-1888,"y":-32,"deltaX":0,"deltaY":0,"duration":0,"origin":{"element-6066-11e4-a52e-4f735466cecf":"f.38388B4EA542EE9F87EA90A6B1549037.d.27170EB198E19006166C6A08D334459F.e.11500"}}]}]}
COMMAND: GET /session/2eef3865f9633c585bb33c6ac0c7be86/screenshot - {}
RESULT: {}
COMMAND: POST /session/2eef3865f9633c585bb33c6ac0c7be86/execute/sync - {"script":"<script> [79 bytes]","args":[{"element-6066-11e4-a52e-4f735466cecf":"f.38388B4EA542EE9F87EA90A6B1549037.d.27170EB198E19006166C6A08D334459F.e.11500","ELEMENT":"f.38388B4EA542EE9F87EA90A6B1549037.d.27170EB198E19006166C6A08D334459F.e.11500"},{"block":"start","inline":"nearest"}]}
RESULT: {"script":"<script> [79 bytes]","args":[{"element-6066-11e4-a52e-4f735466cecf":"f.38388B4EA542EE9F87EA90A6B1549037.d.27170EB198E19006166C6A08D334459F.e.11500","ELEMENT":"f.38388B4EA542EE9F87EA90A6B1549037.d.27170EB198E19006166C6A08D334459F.e.11500"},{"block":"start","inline":"nearest"}]}
COMMAND: POST /session/2eef3865f9633c585bb33c6ac0c7be86/execute/async - {"script":"<script> [1562 bytes]","args":[{"selector":{"id":"application-manageresources-display-component---newResourceUnit--btnAddTimeSegment","interaction":{"idSuffix":"inner"}},"wdio_ui5_key":"applicationmanageresources-display-component---newResourceUnit--btnAddTimeSegment"}]}
COMMAND: GET /session/2eef3865f9633c585bb33c6ac0c7be86/screenshot - {}
RESULT: {"script":"<script> [1562 bytes]","args":[{"selector":{"id":"application-manageresources-display-component---newResourceUnit--btnAddTimeSegment","interaction":{"idSuffix":"inner"}},"wdio_ui5_key":"applicationmanageresources-display-component---newResourceUnit--btnAddTimeSegment"}]}
RESULT: undefined
COMMAND: POST /session/2eef3865f9633c585bb33c6ac0c7be86/element - {"using":"xpath","value":"//*[@id=\"application-manageresources-display-component---newResourceUnit--btnAddTimeSegment\"]"}
RESULT: {}
RESULT: {"using":"xpath","value":"//*[@id=\"application-manageresources-display-component---newResourceUnit--btnAddTimeSegment\"]"}
COMMAND: POST /session/2eef3865f9633c585bb33c6ac0c7be86/element/f.38388B4EA542EE9F87EA90A6B1549037.d.27170EB198E19006166C6A08D334459F.e.11500/click - {}
RESULT: {}
COMMAND: GET /session/2eef3865f9633c585bb33c6ac0c7be86/screenshot - {}
RESULT: {}
COMMAND: POST /session/2eef3865f9633c585bb33c6ac0c7be86/element - {"using":"xpath","value":"//input[@id=\"application-manageresources-display-component---newResourceUnit--idRuTSAdmin-application-manageresources-display-component---newResourceUnit--RUTimeSegment-0-inner\"]"}
RESULT: {"using":"xpath","value":"//input[@id=\"application-manageresources-display-component---newResourceUnit--idRuTSAdmin-application-manageresources-display-component---newResourceUnit--RUTimeSegment-0-inner\"]"}
COMMAND: POST /session/2eef3865f9633c585bb33c6ac0c7be86/element/f.38388B4EA542EE9F87EA90A6B1549037.d.27170EB198E19006166C6A08D334459F.e.11505/clear - {}
RESULT: {}
COMMAND: POST /session/2eef3865f9633c585bb33c6ac0c7be86/element/f.38388B4EA542EE9F87EA90A6B1549037.d.27170EB198E19006166C6A08D334459F.e.11505/value - {"text":"277"}
COMMAND: GET /session/2eef3865f9633c585bb33c6ac0c7be86/screenshot - {}
RESULT: {"text":"277"}
COMMAND: GET /session/2eef3865f9633c585bb33c6ac0c7be86/screenshot - {}
RESULT: {}
RESULT: {}
COMMAND: POST /session/2eef3865f9633c585bb33c6ac0c7be86/element - {"using":"xpath","value":"//li[.//span[text()='277']]"}
RESULT: {"using":"xpath","value":"//li[.//span[text()='277']]"}
COMMAND: POST /session/2eef3865f9633c585bb33c6ac0c7be86/element/f.38388B4EA542EE9F87EA90A6B1549037.d.27170EB198E19006166C6A08D334459F.e.11514/click - {}
RESULT: {}
COMMAND: GET /session/2eef3865f9633c585bb33c6ac0c7be86/screenshot - {}
RESULT: {}
COMMAND: POST /session/2eef3865f9633c585bb33c6ac0c7be86/element - {"using":"xpath","value":"(//span[contains(@id, \"-application-manageresources-display-component---newResourceUnit--RUTimeSegment-0-arrow\")])[2]"}
RESULT: {"using":"xpath","value":"(//span[contains(@id, \"-application-manageresources-display-component---newResourceUnit--RUTimeSegment-0-arrow\")])[2]"}
COMMAND: POST /session/2eef3865f9633c585bb33c6ac0c7be86/element/f.38388B4EA542EE9F87EA90A6B1549037.d.27170EB198E19006166C6A08D334459F.e.11515/click - {}
RESULT: {}
COMMAND: POST /session/2eef3865f9633c585bb33c6ac0c7be86/element - {"using":"xpath","value":"//span[contains(text(), \"PM Order\")]"}
COMMAND: GET /session/2eef3865f9633c585bb33c6ac0c7be86/screenshot - {}
RESULT: {"using":"xpath","value":"//span[contains(text(), \"PM Order\")]"}
COMMAND: POST /session/2eef3865f9633c585bb33c6ac0c7be86/element/f.38388B4EA542EE9F87EA90A6B1549037.d.27170EB198E19006166C6A08D334459F.e.11516/click - {}
RESULT: {}
RESULT: {}
COMMAND: GET /session/2eef3865f9633c585bb33c6ac0c7be86/screenshot - {}
RESULT: {}
COMMAND: POST /session/2eef3865f9633c585bb33c6ac0c7be86/element - {"using":"xpath","value":"//td/div/div/div/span[contains(@id, \"newResourceUnit--RUTimeSegment-0-vhi\")][1]"}
RESULT: {"using":"xpath","value":"//td/div/div/div/span[contains(@id, \"newResourceUnit--RUTimeSegment-0-vhi\")][1]"}
COMMAND: GET /session/2eef3865f9633c585bb33c6ac0c7be86/element/f.38388B4EA542EE9F87EA90A6B1549037.d.27170EB198E19006166C6A08D334459F.e.11520/rect - {}
RESULT: {}
COMMAND: GET /session/2eef3865f9633c585bb33c6ac0c7be86/window/rect - {}
RESULT: {}
COMMAND: POST /session/2eef3865f9633c585bb33c6ac0c7be86/execute/sync - {"script":"<script> [92 bytes]","args":[]}
RESULT: {"script":"<script> [92 bytes]","args":[]}
COMMAND: POST /session/2eef3865f9633c585bb33c6ac0c7be86/actions - {"actions":[{"id":"action38","type":"wheel","parameters":{},"actions":[{"type":"scroll","x":-1888,"y":-24,"deltaX":0,"deltaY":0,"duration":0,"origin":{"element-6066-11e4-a52e-4f735466cecf":"f.38388B4EA542EE9F87EA90A6B1549037.d.27170EB198E19006166C6A08D334459F.e.11520"}}]}]}
COMMAND: GET /session/2eef3865f9633c585bb33c6ac0c7be86/screenshot - {}
RESULT: {}
COMMAND: POST /session/2eef3865f9633c585bb33c6ac0c7be86/execute/sync - {"script":"<script> [79 bytes]","args":[{"element-6066-11e4-a52e-4f735466cecf":"f.38388B4EA542EE9F87EA90A6B1549037.d.27170EB198E19006166C6A08D334459F.e.11520","ELEMENT":"f.38388B4EA542EE9F87EA90A6B1549037.d.27170EB198E19006166C6A08D334459F.e.11520"},{"block":"start","inline":"nearest"}]}
RESULT: {"script":"<script> [79 bytes]","args":[{"element-6066-11e4-a52e-4f735466cecf":"f.38388B4EA542EE9F87EA90A6B1549037.d.27170EB198E19006166C6A08D334459F.e.11520","ELEMENT":"f.38388B4EA542EE9F87EA90A6B1549037.d.27170EB198E19006166C6A08D334459F.e.11520"},{"block":"start","inline":"nearest"}]}
COMMAND: GET /session/2eef3865f9633c585bb33c6ac0c7be86/screenshot - {}
RESULT: {}
COMMAND: POST /session/2eef3865f9633c585bb33c6ac0c7be86/element/f.38388B4EA542EE9F87EA90A6B1549037.d.27170EB198E19006166C6A08D334459F.e.11520/click - {}
RESULT: {}
COMMAND: GET /session/2eef3865f9633c585bb33c6ac0c7be86/screenshot - {}
RESULT: {}
RESULT: undefined
COMMAND: POST /session/2eef3865f9633c585bb33c6ac0c7be86/execute/async - {"script":"<script> [776 bytes]","args":[{"enterText":"4000360","selector":{"controlType":"sap.m.SearchField","properties":{"placeholder":"Search"},"searchOpenDialogs":true,"interaction":{"idSuffix":"I"}},"clearTextFirst":true,"interactionType":"ENTER_TEXT"}]}
RESULT: {"script":"<script> [776 bytes]","args":[{"enterText":"4000360","selector":{"controlType":"sap.m.SearchField","properties":{"placeholder":"Search"},"searchOpenDialogs":true,"interaction":{"idSuffix":"I"}},"clearTextFirst":true,"interactionType":"ENTER_TEXT"}]}
COMMAND: POST /session/2eef3865f9633c585bb33c6ac0c7be86/actions - {"actions":[{"id":"action39","type":"key","parameters":{},"actions":[{"type":"keyDown","value":""},{"type":"pause","duration":10},{"type":"keyUp","value":""}]}]}
RESULT: {"actions":[{"id":"action39","type":"key","parameters":{},"actions":[{"type":"keyDown","value":""},{"type":"pause","duration":10},{"type":"keyUp","value":""}]}]}
COMMAND: GET /session/2eef3865f9633c585bb33c6ac0c7be86/screenshot - {}
RESULT: {}
COMMAND: POST /session/2eef3865f9633c585bb33c6ac0c7be86/element - {"using":"xpath","value":"//td/div/span[contains(text(), \"BGL Vehicles\")]"}
RESULT: {"using":"xpath","value":"//td/div/span[contains(text(), \"BGL Vehicles\")]"}
COMMAND: POST /session/2eef3865f9633c585bb33c6ac0c7be86/element/f.38388B4EA542EE9F87EA90A6B1549037.d.27170EB198E19006166C6A08D334459F.e.11540/click - {}
RESULT: {}
COMMAND: GET /session/2eef3865f9633c585bb33c6ac0c7be86/screenshot - {}
RESULT: {}
COMMAND: POST /session/2eef3865f9633c585bb33c6ac0c7be86/element - {"using":"xpath","value":"//bdi[contains(text(), \"OK\")]"}
RESULT: {"using":"xpath","value":"//bdi[contains(text(), \"OK\")]"}
COMMAND: POST /session/2eef3865f9633c585bb33c6ac0c7be86/element/f.38388B4EA542EE9F87EA90A6B1549037.d.27170EB198E19006166C6A08D334459F.e.11541/click - {}
RESULT: {}
COMMAND: GET /session/2eef3865f9633c585bb33c6ac0c7be86/screenshot - {}
RESULT: {}
COMMAND: POST /session/2eef3865f9633c585bb33c6ac0c7be86/element - {"using":"xpath","value":"//label[contains(@class, 'sapMLabelRequired') and .//bdi[contains(text(), 'Planned Retirement')]]"}
RESULT: {"using":"xpath","value":"//label[contains(@class, 'sapMLabelRequired') and .//bdi[contains(text(), 'Planned Retirement')]]"}
COMMAND: POST /session/2eef3865f9633c585bb33c6ac0c7be86/elements - {"using":"xpath","value":"//label[contains(@class, 'sapMLabelRequired') and .//bdi[contains(text(), 'Planned Retirement')]]"}
RESULT: {"using":"xpath","value":"//label[contains(@class, 'sapMLabelRequired') and .//bdi[contains(text(), 'Planned Retirement')]]"}
COMMAND: POST /session/2eef3865f9633c585bb33c6ac0c7be86/element - {"using":"xpath","value":"//button[@data-kt=\"resourceUnitSaveButton\"]"}
RESULT: {"using":"xpath","value":"//button[@data-kt=\"resourceUnitSaveButton\"]"}
COMMAND: POST /session/2eef3865f9633c585bb33c6ac0c7be86/element/f.38388B4EA542EE9F87EA90A6B1549037.d.27170EB198E19006166C6A08D334459F.e.11377/click - {}
RESULT: {}
COMMAND: GET /session/2eef3865f9633c585bb33c6ac0c7be86/screenshot - {}
RESULT: {}
COMMAND: POST /session/2eef3865f9633c585bb33c6ac0c7be86/element - {"using":"xpath","value":"//bdi[contains(text(), \"Close\")]"}
RESULT: {"using":"xpath","value":"//bdi[contains(text(), \"Close\")]"}
COMMAND: POST /session/2eef3865f9633c585bb33c6ac0c7be86/element/f.38388B4EA542EE9F87EA90A6B1549037.d.27170EB198E19006166C6A08D334459F.e.11547/click - {}
RESULT: {}
COMMAND: GET /session/2eef3865f9633c585bb33c6ac0c7be86/screenshot - {}
RESULT: {}
COMMAND: POST /session/2eef3865f9633c585bb33c6ac0c7be86/element - {"using":"xpath","value":"//header[contains(@id, 'detailRruPage-headerTitle')]/div[1]/div[2]/div[2]/span[1]"}
RESULT: {"using":"xpath","value":"//header[contains(@id, 'detailRruPage-headerTitle')]/div[1]/div[2]/div[2]/span[1]"}
COMMAND: POST /session/2eef3865f9633c585bb33c6ac0c7be86/elements - {"using":"xpath","value":"//header[contains(@id, 'detailRruPage-headerTitle')]/div[1]/div[2]/div[2]/span[1]"}
RESULT: {"using":"xpath","value":"//header[contains(@id, 'detailRruPage-headerTitle')]/div[1]/div[2]/div[2]/span[1]"}
COMMAND: POST /session/2eef3865f9633c585bb33c6ac0c7be86/execute/sync - {"script":"<script> [56 bytes]","args":[{"element-6066-11e4-a52e-4f735466cecf":"f.38388B4EA542EE9F87EA90A6B1549037.d.27170EB198E19006166C6A08D334459F.e.11580","ELEMENT":"f.38388B4EA542EE9F87EA90A6B1549037.d.27170EB198E19006166C6A08D334459F.e.11580"}]}
RESULT: {"script":"<script> [56 bytes]","args":[{"element-6066-11e4-a52e-4f735466cecf":"f.38388B4EA542EE9F87EA90A6B1549037.d.27170EB198E19006166C6A08D334459F.e.11580","ELEMENT":"f.38388B4EA542EE9F87EA90A6B1549037.d.27170EB198E19006166C6A08D334459F.e.11580"}]}
COMMAND: POST /session/2eef3865f9633c585bb33c6ac0c7be86/element - {"using":"css selector","value":"#shell-header-logo"}
COMMAND: GET /session/2eef3865f9633c585bb33c6ac0c7be86/screenshot - {}
RESULT: {"using":"css selector","value":"#shell-header-logo"}
COMMAND: POST /session/2eef3865f9633c585bb33c6ac0c7be86/element/f.38388B4EA542EE9F87EA90A6B1549037.d.27170EB198E19006166C6A08D334459F.e.10975/click - {}
RESULT: {}
RESULT: {}
COMMAND: GET /session/2eef3865f9633c585bb33c6ac0c7be86/screenshot - {}
RESULT: {}
]]></system-out>
    </testcase>
  </testsuite>
  <testsuite timestamp="2025-05-25T16:55:21" time="338.697" tests="6" failures="2" errors="2" skipped="0">
    <properties>
      <property name="specId" value="0"/>
      <property name="suiteName" value="Provide to Site w/o warehouse management w clarification"/>
      <property name="capabilities" value="chrome.136_0_7103_93.windows"/>
      <property name="file" value="file:///D:/a/1/s/test/specs/HTR/provide-to-site-wo-warehouse-w-clarification.spec.js"/>
    </properties>
    <testcase classname="chrome.136_0_7103_93.windows.Provide_to_Site_w/o_warehouse_management_w_clarification" name="Should do a stock increase handover" time="91.954">
      <system-out><![CDATA[
COMMAND: POST /session/2eef3865f9633c585bb33c6ac0c7be86/execute/async - {"script":"<script> [1562 bytes]","args":[{"selector":{"controlType":"sap.m.GenericTile","properties":{"header":"Manage Handovers"}},"wdio_ui5_key":"sapm.GenericTile{\"header\":\"Manage Handovers\"}"}]}
RESULT: {"script":"<script> [1562 bytes]","args":[{"selector":{"controlType":"sap.m.GenericTile","properties":{"header":"Manage Handovers"}},"wdio_ui5_key":"sapm.GenericTile{\"header\":\"Manage Handovers\"}"}]}
RESULT: undefined
COMMAND: POST /session/2eef3865f9633c585bb33c6ac0c7be86/element - {"using":"xpath","value":"//*[@id=\"__tile131\"]"}
RESULT: {"using":"xpath","value":"//*[@id=\"__tile131\"]"}
COMMAND: POST /session/2eef3865f9633c585bb33c6ac0c7be86/element/f.38388B4EA542EE9F87EA90A6B1549037.d.27170EB198E19006166C6A08D334459F.e.8754/click - {}
RESULT: {}
COMMAND: GET /session/2eef3865f9633c585bb33c6ac0c7be86/screenshot - {}
RESULT: {}
COMMAND: POST /session/2eef3865f9633c585bb33c6ac0c7be86/elements - {"using":"xpath","value":"//span[text()='Error']"}
RESULT: {"using":"xpath","value":"//span[text()='Error']"}
COMMAND: POST /session/2eef3865f9633c585bb33c6ac0c7be86/element - {"using":"xpath","value":"//button[@data-kt=\"masterHOAddButton\"]"}
RESULT: {"using":"xpath","value":"//button[@data-kt=\"masterHOAddButton\"]"}
COMMAND: POST /session/2eef3865f9633c585bb33c6ac0c7be86/elements - {"using":"xpath","value":"//button[@data-kt=\"masterHOAddButton\"]"}
RESULT: {"using":"xpath","value":"//button[@data-kt=\"masterHOAddButton\"]"}
COMMAND: POST /session/2eef3865f9633c585bb33c6ac0c7be86/execute/sync - {"script":"<script> [8489 bytes]","args":[{"element-6066-11e4-a52e-4f735466cecf":"f.38388B4EA542EE9F87EA90A6B1549037.d.27170EB198E19006166C6A08D334459F.e.11622","ELEMENT":"f.38388B4EA542EE9F87EA90A6B1549037.d.27170EB198E19006166C6A08D334459F.e.11622"}]}
RESULT: {"script":"<script> [8489 bytes]","args":[{"element-6066-11e4-a52e-4f735466cecf":"f.38388B4EA542EE9F87EA90A6B1549037.d.27170EB198E19006166C6A08D334459F.e.11622","ELEMENT":"f.38388B4EA542EE9F87EA90A6B1549037.d.27170EB198E19006166C6A08D334459F.e.11622"}]}
COMMAND: GET /session/2eef3865f9633c585bb33c6ac0c7be86/element/f.38388B4EA542EE9F87EA90A6B1549037.d.27170EB198E19006166C6A08D334459F.e.11622/enabled - {}
COMMAND: GET /session/2eef3865f9633c585bb33c6ac0c7be86/screenshot - {}
RESULT: {}
COMMAND: POST /session/2eef3865f9633c585bb33c6ac0c7be86/execute/sync - {"script":"<script> [8489 bytes]","args":[{"element-6066-11e4-a52e-4f735466cecf":"f.38388B4EA542EE9F87EA90A6B1549037.d.27170EB198E19006166C6A08D334459F.e.11622","ELEMENT":"f.38388B4EA542EE9F87EA90A6B1549037.d.27170EB198E19006166C6A08D334459F.e.11622"}]}
COMMAND: GET /session/2eef3865f9633c585bb33c6ac0c7be86/screenshot - {}
RESULT: {}
RESULT: {"script":"<script> [8489 bytes]","args":[{"element-6066-11e4-a52e-4f735466cecf":"f.38388B4EA542EE9F87EA90A6B1549037.d.27170EB198E19006166C6A08D334459F.e.11622","ELEMENT":"f.38388B4EA542EE9F87EA90A6B1549037.d.27170EB198E19006166C6A08D334459F.e.11622"}]}
COMMAND: POST /session/2eef3865f9633c585bb33c6ac0c7be86/execute/sync - {"script":"<script> [5351 bytes]","args":[{"element-6066-11e4-a52e-4f735466cecf":"f.38388B4EA542EE9F87EA90A6B1549037.d.27170EB198E19006166C6A08D334459F.e.11622","ELEMENT":"f.38388B4EA542EE9F87EA90A6B1549037.d.27170EB198E19006166C6A08D334459F.e.11622"}]}
COMMAND: GET /session/2eef3865f9633c585bb33c6ac0c7be86/screenshot - {}
RESULT: {}
RESULT: {"script":"<script> [5351 bytes]","args":[{"element-6066-11e4-a52e-4f735466cecf":"f.38388B4EA542EE9F87EA90A6B1549037.d.27170EB198E19006166C6A08D334459F.e.11622","ELEMENT":"f.38388B4EA542EE9F87EA90A6B1549037.d.27170EB198E19006166C6A08D334459F.e.11622"}]}
COMMAND: POST /session/2eef3865f9633c585bb33c6ac0c7be86/element/f.38388B4EA542EE9F87EA90A6B1549037.d.27170EB198E19006166C6A08D334459F.e.11622/click - {}
COMMAND: GET /session/2eef3865f9633c585bb33c6ac0c7be86/screenshot - {}
RESULT: {}
RESULT: {}
COMMAND: GET /session/2eef3865f9633c585bb33c6ac0c7be86/screenshot - {}
RESULT: {}
RESULT: {}
COMMAND: POST /session/2eef3865f9633c585bb33c6ac0c7be86/element - {"using":"xpath","value":"//span[contains(@id ,\"AddNewHO--typeSelect-arrow\")]"}
RESULT: {"using":"xpath","value":"//span[contains(@id ,\"AddNewHO--typeSelect-arrow\")]"}
COMMAND: POST /session/2eef3865f9633c585bb33c6ac0c7be86/element/f.38388B4EA542EE9F87EA90A6B1549037.d.27170EB198E19006166C6A08D334459F.e.11962/click - {}
RESULT: {}
COMMAND: GET /session/2eef3865f9633c585bb33c6ac0c7be86/screenshot - {}
RESULT: {}
COMMAND: POST /session/2eef3865f9633c585bb33c6ac0c7be86/element - {"using":"xpath","value":"(//li[contains(text(), \"stock increase yard\")])[1]"}
RESULT: {"using":"xpath","value":"(//li[contains(text(), \"stock increase yard\")])[1]"}
COMMAND: POST /session/2eef3865f9633c585bb33c6ac0c7be86/element/f.38388B4EA542EE9F87EA90A6B1549037.d.27170EB198E19006166C6A08D334459F.e.11963/click - {}
RESULT: {}
COMMAND: GET /session/2eef3865f9633c585bb33c6ac0c7be86/screenshot - {}
RESULT: {}
COMMAND: POST /session/2eef3865f9633c585bb33c6ac0c7be86/execute/async - {"script":"<script> [1562 bytes]","args":[{"selector":{"id":"application-managehandovers-display-component---AddNewHO--dueDate","interaction":{"idSuffix":"inner"}},"wdio_ui5_key":"applicationmanagehandovers-display-component---AddNewHO--dueDate"}]}
RESULT: {"script":"<script> [1562 bytes]","args":[{"selector":{"id":"application-managehandovers-display-component---AddNewHO--dueDate","interaction":{"idSuffix":"inner"}},"wdio_ui5_key":"applicationmanagehandovers-display-component---AddNewHO--dueDate"}]}
RESULT: undefined
COMMAND: POST /session/2eef3865f9633c585bb33c6ac0c7be86/execute/async - {"script":"<script> [6424 bytes]","args":[{"element-6066-11e4-a52e-4f735466cecf":"f.38388B4EA542EE9F87EA90A6B1549037.d.27170EB198E19006166C6A08D334459F.e.11967"},"setValue",["5/25/25"]]}
RESULT: {"script":"<script> [6424 bytes]","args":[{"element-6066-11e4-a52e-4f735466cecf":"f.38388B4EA542EE9F87EA90A6B1549037.d.27170EB198E19006166C6A08D334459F.e.11967"},"setValue",["5/25/25"]]}
COMMAND: POST /session/2eef3865f9633c585bb33c6ac0c7be86/element - {"using":"xpath","value":"//input[@id=\"generalSectionFrg--receiveYard-inner\"]"}
RESULT: {"using":"xpath","value":"//input[@id=\"generalSectionFrg--receiveYard-inner\"]"}
COMMAND: POST /session/2eef3865f9633c585bb33c6ac0c7be86/element/f.38388B4EA542EE9F87EA90A6B1549037.d.27170EB198E19006166C6A08D334459F.e.11973/clear - {}
RESULT: {}
COMMAND: POST /session/2eef3865f9633c585bb33c6ac0c7be86/element/f.38388B4EA542EE9F87EA90A6B1549037.d.27170EB198E19006166C6A08D334459F.e.11973/value - {"text":"277"}
COMMAND: GET /session/2eef3865f9633c585bb33c6ac0c7be86/screenshot - {}
RESULT: {"text":"277"}
COMMAND: GET /session/2eef3865f9633c585bb33c6ac0c7be86/screenshot - {}
RESULT: {}
RESULT: {}
COMMAND: POST /session/2eef3865f9633c585bb33c6ac0c7be86/element - {"using":"xpath","value":"//li[.//span[text()='277']]"}
RESULT: {"using":"xpath","value":"//li[.//span[text()='277']]"}
COMMAND: POST /session/2eef3865f9633c585bb33c6ac0c7be86/element/f.38388B4EA542EE9F87EA90A6B1549037.d.27170EB198E19006166C6A08D334459F.e.11989/click - {}
RESULT: {}
COMMAND: GET /session/2eef3865f9633c585bb33c6ac0c7be86/screenshot - {}
RESULT: {}
COMMAND: POST /session/2eef3865f9633c585bb33c6ac0c7be86/execute/async - {"script":"<script> [1562 bytes]","args":[{"selector":{"id":"application-managehandovers-display-component---AddNewHO--ObjectPageLayout-anchBar-application-managehandovers-display-component---AddNewHO--section4-anchor","interaction":{"idSuffix":"BDI-content"}},"wdio_ui5_key":"applicationmanagehandovers-display-component---AddNewHO--ObjectPageLayout-anchBar-application-managehandovers-display-component---AddNewHO--section4-anchor"}]}
RESULT: {"script":"<script> [1562 bytes]","args":[{"selector":{"id":"application-managehandovers-display-component---AddNewHO--ObjectPageLayout-anchBar-application-managehandovers-display-component---AddNewHO--section4-anchor","interaction":{"idSuffix":"BDI-content"}},"wdio_ui5_key":"applicationmanagehandovers-display-component---AddNewHO--ObjectPageLayout-anchBar-application-managehandovers-display-component---AddNewHO--section4-anchor"}]}
RESULT: undefined
COMMAND: POST /session/2eef3865f9633c585bb33c6ac0c7be86/element - {"using":"xpath","value":"//*[@id=\"application-managehandovers-display-component---AddNewHO--ObjectPageLayout-anchBar-application-managehandovers-display-component---AddNewHO--section4-anchor\"]"}
RESULT: {"using":"xpath","value":"//*[@id=\"application-managehandovers-display-component---AddNewHO--ObjectPageLayout-anchBar-application-managehandovers-display-component---AddNewHO--section4-anchor\"]"}
COMMAND: POST /session/2eef3865f9633c585bb33c6ac0c7be86/element/f.38388B4EA542EE9F87EA90A6B1549037.d.27170EB198E19006166C6A08D334459F.e.11991/click - {}
RESULT: {}
COMMAND: POST /session/2eef3865f9633c585bb33c6ac0c7be86/element - {"using":"xpath","value":"//button[@aria-label=\"Add\"]"}
COMMAND: GET /session/2eef3865f9633c585bb33c6ac0c7be86/screenshot - {}
RESULT: {"using":"xpath","value":"//button[@aria-label=\"Add\"]"}
COMMAND: POST /session/2eef3865f9633c585bb33c6ac0c7be86/element/f.38388B4EA542EE9F87EA90A6B1549037.d.27170EB198E19006166C6A08D334459F.e.11993/click - {}
RESULT: {}
RESULT: {}
COMMAND: GET /session/2eef3865f9633c585bb33c6ac0c7be86/screenshot - {}
RESULT: {}
COMMAND: POST /session/2eef3865f9633c585bb33c6ac0c7be86/execute/async - {"script":"<script> [1562 bytes]","args":[{"selector":{"id":"application-managehandovers-display-component---AddNewHO--smartFilterBar-btnBasicSearch","searchOpenDialogs":true,"interaction":{"idSuffix":"I"}},"wdio_ui5_key":"applicationmanagehandovers-display-component---AddNewHO--smartFilterBar-btnBasicSearch"}]}
RESULT: {"script":"<script> [1562 bytes]","args":[{"selector":{"id":"application-managehandovers-display-component---AddNewHO--smartFilterBar-btnBasicSearch","searchOpenDialogs":true,"interaction":{"idSuffix":"I"}},"wdio_ui5_key":"applicationmanagehandovers-display-component---AddNewHO--smartFilterBar-btnBasicSearch"}]}
RESULT: undefined
COMMAND: POST /session/2eef3865f9633c585bb33c6ac0c7be86/execute/async - {"script":"<script> [776 bytes]","args":[{"enterText":"200131","selector":{"id":"application-managehandovers-display-component---AddNewHO--smartFilterBar-btnBasicSearch","searchOpenDialogs":true,"interaction":{"idSuffix":"I"}},"clearTextFirst":true,"interactionType":"ENTER_TEXT"}]}
RESULT: {"script":"<script> [776 bytes]","args":[{"enterText":"200131","selector":{"id":"application-managehandovers-display-component---AddNewHO--smartFilterBar-btnBasicSearch","searchOpenDialogs":true,"interaction":{"idSuffix":"I"}},"clearTextFirst":true,"interactionType":"ENTER_TEXT"}]}
COMMAND: POST /session/2eef3865f9633c585bb33c6ac0c7be86/actions - {"actions":[{"id":"action40","type":"key","parameters":{},"actions":[{"type":"keyDown","value":""},{"type":"pause","duration":10},{"type":"keyUp","value":""}]}]}
RESULT: {"actions":[{"id":"action40","type":"key","parameters":{},"actions":[{"type":"keyDown","value":""},{"type":"pause","duration":10},{"type":"keyUp","value":""}]}]}
COMMAND: GET /session/2eef3865f9633c585bb33c6ac0c7be86/screenshot - {}
RESULT: {}
COMMAND: POST /session/2eef3865f9633c585bb33c6ac0c7be86/execute/async - {"script":"<script> [1562 bytes]","args":[{"selector":{"id":"application-managehandovers-display-component---AddNewHO--popup-sa","searchOpenDialogs":true,"interaction":{"idSuffix":"CbBg"}},"wdio_ui5_key":"applicationmanagehandovers-display-component---AddNewHO--popup-sa"}]}
RESULT: {"script":"<script> [1562 bytes]","args":[{"selector":{"id":"application-managehandovers-display-component---AddNewHO--popup-sa","searchOpenDialogs":true,"interaction":{"idSuffix":"CbBg"}},"wdio_ui5_key":"applicationmanagehandovers-display-component---AddNewHO--popup-sa"}]}
RESULT: undefined
COMMAND: POST /session/2eef3865f9633c585bb33c6ac0c7be86/element - {"using":"xpath","value":"//*[@id=\"application-managehandovers-display-component---AddNewHO--popup-sa\"]"}
RESULT: {"using":"xpath","value":"//*[@id=\"application-managehandovers-display-component---AddNewHO--popup-sa\"]"}
COMMAND: POST /session/2eef3865f9633c585bb33c6ac0c7be86/element/f.38388B4EA542EE9F87EA90A6B1549037.d.27170EB198E19006166C6A08D334459F.e.12146/click - {}
RESULT: {}
COMMAND: GET /session/2eef3865f9633c585bb33c6ac0c7be86/screenshot - {}
RESULT: {}
COMMAND: POST /session/2eef3865f9633c585bb33c6ac0c7be86/element - {"using":"xpath","value":"//bdi[contains(text(), \"Select\")]"}
RESULT: {"using":"xpath","value":"//bdi[contains(text(), \"Select\")]"}
COMMAND: POST /session/2eef3865f9633c585bb33c6ac0c7be86/element/f.38388B4EA542EE9F87EA90A6B1549037.d.27170EB198E19006166C6A08D334459F.e.12147/click - {}
RESULT: {}
COMMAND: GET /session/2eef3865f9633c585bb33c6ac0c7be86/screenshot - {}
RESULT: {}
COMMAND: POST /session/2eef3865f9633c585bb33c6ac0c7be86/element - {"using":"xpath","value":"//button[@data-kt=\"AddNewHOSaveButton\"]"}
RESULT: {"using":"xpath","value":"//button[@data-kt=\"AddNewHOSaveButton\"]"}
COMMAND: POST /session/2eef3865f9633c585bb33c6ac0c7be86/element/f.38388B4EA542EE9F87EA90A6B1549037.d.27170EB198E19006166C6A08D334459F.e.12151/click - {}
RESULT: {}
COMMAND: GET /session/2eef3865f9633c585bb33c6ac0c7be86/screenshot - {}
RESULT: {}
COMMAND: POST /session/2eef3865f9633c585bb33c6ac0c7be86/execute/async - {"script":"<script> [1562 bytes]","args":[{"selector":{"id":"receiptDatePicker","viewName":"etm.portal.ui.managehandovers.view.DetailExecuteHO","interaction":{"idSuffix":"inner"}},"wdio_ui5_key":"receiptDatePickeretmportal.ui.managehandovers.view.DetailExecuteHO"}]}
RESULT: {"script":"<script> [1562 bytes]","args":[{"selector":{"id":"receiptDatePicker","viewName":"etm.portal.ui.managehandovers.view.DetailExecuteHO","interaction":{"idSuffix":"inner"}},"wdio_ui5_key":"receiptDatePickeretmportal.ui.managehandovers.view.DetailExecuteHO"}]}
RESULT: undefined
COMMAND: POST /session/2eef3865f9633c585bb33c6ac0c7be86/execute/async - {"script":"<script> [6424 bytes]","args":[{"element-6066-11e4-a52e-4f735466cecf":"f.38388B4EA542EE9F87EA90A6B1549037.d.27170EB198E19006166C6A08D334459F.e.12197"},"setValue",["5/25/25"]]}
RESULT: {"script":"<script> [6424 bytes]","args":[{"element-6066-11e4-a52e-4f735466cecf":"f.38388B4EA542EE9F87EA90A6B1549037.d.27170EB198E19006166C6A08D334459F.e.12197"},"setValue",["5/25/25"]]}
COMMAND: POST /session/2eef3865f9633c585bb33c6ac0c7be86/element - {"using":"xpath","value":"//button[@data-kt=\"ReceivingTableConfirmAllButton\"]"}
RESULT: {"using":"xpath","value":"//button[@data-kt=\"ReceivingTableConfirmAllButton\"]"}
COMMAND: POST /session/2eef3865f9633c585bb33c6ac0c7be86/element/f.38388B4EA542EE9F87EA90A6B1549037.d.27170EB198E19006166C6A08D334459F.e.12210/click - {}
RESULT: {}
COMMAND: GET /session/2eef3865f9633c585bb33c6ac0c7be86/screenshot - {}
RESULT: {}
COMMAND: POST /session/2eef3865f9633c585bb33c6ac0c7be86/element - {"using":"xpath","value":"//bdi[contains(text(), \"OK\")]"}
RESULT: {"using":"xpath","value":"//bdi[contains(text(), \"OK\")]"}
COMMAND: POST /session/2eef3865f9633c585bb33c6ac0c7be86/element/f.38388B4EA542EE9F87EA90A6B1549037.d.27170EB198E19006166C6A08D334459F.e.12212/click - {}
RESULT: {}
COMMAND: GET /session/2eef3865f9633c585bb33c6ac0c7be86/screenshot - {}
RESULT: {}
COMMAND: POST /session/2eef3865f9633c585bb33c6ac0c7be86/element - {"using":"xpath","value":"(//bdi[contains(text(), \"Receive\")])[2]"}
RESULT: {"using":"xpath","value":"(//bdi[contains(text(), \"Receive\")])[2]"}
COMMAND: POST /session/2eef3865f9633c585bb33c6ac0c7be86/element/f.38388B4EA542EE9F87EA90A6B1549037.d.27170EB198E19006166C6A08D334459F.e.12214/click - {}
RESULT: {}
COMMAND: GET /session/2eef3865f9633c585bb33c6ac0c7be86/screenshot - {}
RESULT: {}
COMMAND: POST /session/2eef3865f9633c585bb33c6ac0c7be86/element - {"using":"css selector","value":"#shell-header-logo"}
RESULT: {"using":"css selector","value":"#shell-header-logo"}
COMMAND: POST /session/2eef3865f9633c585bb33c6ac0c7be86/element/f.38388B4EA542EE9F87EA90A6B1549037.d.27170EB198E19006166C6A08D334459F.e.11583/click - {}
RESULT: {}
COMMAND: GET /session/2eef3865f9633c585bb33c6ac0c7be86/screenshot - {}
RESULT: {}
]]></system-out>
    </testcase>
    <testcase classname="chrome.136_0_7103_93.windows.Provide_to_Site_w/o_warehouse_management_w_clarification" name="Should create a new contract" time="61.27">
      <system-out><![CDATA[
COMMAND: POST /session/2eef3865f9633c585bb33c6ac0c7be86/execute/async - {"script":"<script> [1562 bytes]","args":[{"selector":{"controlType":"sap.m.GenericTile","properties":{"header":"Manage Contracts"}},"wdio_ui5_key":"sapm.GenericTile{\"header\":\"Manage Contracts\"}"}]}
RESULT: {"script":"<script> [1562 bytes]","args":[{"selector":{"controlType":"sap.m.GenericTile","properties":{"header":"Manage Contracts"}},"wdio_ui5_key":"sapm.GenericTile{\"header\":\"Manage Contracts\"}"}]}
RESULT: undefined
COMMAND: POST /session/2eef3865f9633c585bb33c6ac0c7be86/element - {"using":"xpath","value":"//*[@id=\"__tile133\"]"}
RESULT: {"using":"xpath","value":"//*[@id=\"__tile133\"]"}
COMMAND: POST /session/2eef3865f9633c585bb33c6ac0c7be86/element/f.38388B4EA542EE9F87EA90A6B1549037.d.27170EB198E19006166C6A08D334459F.e.8743/click - {}
RESULT: {}
COMMAND: GET /session/2eef3865f9633c585bb33c6ac0c7be86/screenshot - {}
RESULT: {}
COMMAND: POST /session/2eef3865f9633c585bb33c6ac0c7be86/elements - {"using":"xpath","value":"//span[text()='Error']"}
RESULT: {"using":"xpath","value":"//span[text()='Error']"}
COMMAND: POST /session/2eef3865f9633c585bb33c6ac0c7be86/element - {"using":"xpath","value":"//button[@data-kt=\"addButton\"]"}
RESULT: {"using":"xpath","value":"//button[@data-kt=\"addButton\"]"}
COMMAND: POST /session/2eef3865f9633c585bb33c6ac0c7be86/elements - {"using":"xpath","value":"//button[@data-kt=\"addButton\"]"}
RESULT: {"using":"xpath","value":"//button[@data-kt=\"addButton\"]"}
COMMAND: POST /session/2eef3865f9633c585bb33c6ac0c7be86/execute/sync - {"script":"<script> [8489 bytes]","args":[{"element-6066-11e4-a52e-4f735466cecf":"f.38388B4EA542EE9F87EA90A6B1549037.d.27170EB198E19006166C6A08D334459F.e.12434","ELEMENT":"f.38388B4EA542EE9F87EA90A6B1549037.d.27170EB198E19006166C6A08D334459F.e.12434"}]}
RESULT: {"script":"<script> [8489 bytes]","args":[{"element-6066-11e4-a52e-4f735466cecf":"f.38388B4EA542EE9F87EA90A6B1549037.d.27170EB198E19006166C6A08D334459F.e.12434","ELEMENT":"f.38388B4EA542EE9F87EA90A6B1549037.d.27170EB198E19006166C6A08D334459F.e.12434"}]}
COMMAND: GET /session/2eef3865f9633c585bb33c6ac0c7be86/element/f.38388B4EA542EE9F87EA90A6B1549037.d.27170EB198E19006166C6A08D334459F.e.12434/enabled - {}
COMMAND: GET /session/2eef3865f9633c585bb33c6ac0c7be86/screenshot - {}
RESULT: {}
COMMAND: POST /session/2eef3865f9633c585bb33c6ac0c7be86/execute/sync - {"script":"<script> [8489 bytes]","args":[{"element-6066-11e4-a52e-4f735466cecf":"f.38388B4EA542EE9F87EA90A6B1549037.d.27170EB198E19006166C6A08D334459F.e.12434","ELEMENT":"f.38388B4EA542EE9F87EA90A6B1549037.d.27170EB198E19006166C6A08D334459F.e.12434"}]}
COMMAND: GET /session/2eef3865f9633c585bb33c6ac0c7be86/screenshot - {}
RESULT: {}
RESULT: {"script":"<script> [8489 bytes]","args":[{"element-6066-11e4-a52e-4f735466cecf":"f.38388B4EA542EE9F87EA90A6B1549037.d.27170EB198E19006166C6A08D334459F.e.12434","ELEMENT":"f.38388B4EA542EE9F87EA90A6B1549037.d.27170EB198E19006166C6A08D334459F.e.12434"}]}
COMMAND: POST /session/2eef3865f9633c585bb33c6ac0c7be86/execute/sync - {"script":"<script> [5351 bytes]","args":[{"element-6066-11e4-a52e-4f735466cecf":"f.38388B4EA542EE9F87EA90A6B1549037.d.27170EB198E19006166C6A08D334459F.e.12434","ELEMENT":"f.38388B4EA542EE9F87EA90A6B1549037.d.27170EB198E19006166C6A08D334459F.e.12434"}]}
COMMAND: GET /session/2eef3865f9633c585bb33c6ac0c7be86/screenshot - {}
RESULT: {}
RESULT: {"script":"<script> [5351 bytes]","args":[{"element-6066-11e4-a52e-4f735466cecf":"f.38388B4EA542EE9F87EA90A6B1549037.d.27170EB198E19006166C6A08D334459F.e.12434","ELEMENT":"f.38388B4EA542EE9F87EA90A6B1549037.d.27170EB198E19006166C6A08D334459F.e.12434"}]}
COMMAND: GET /session/2eef3865f9633c585bb33c6ac0c7be86/screenshot - {}
RESULT: {}
RESULT: {}
COMMAND: POST /session/2eef3865f9633c585bb33c6ac0c7be86/element/f.38388B4EA542EE9F87EA90A6B1549037.d.27170EB198E19006166C6A08D334459F.e.12434/click - {}
RESULT: {}
COMMAND: GET /session/2eef3865f9633c585bb33c6ac0c7be86/screenshot - {}
COMMAND: POST /session/2eef3865f9633c585bb33c6ac0c7be86/execute/async - {"script":"<script> [1562 bytes]","args":[{"selector":{"id":"application-managecontracts-display-component---AddNewContract--projectDescription","interaction":{"idSuffix":"inner"}},"wdio_ui5_key":"applicationmanagecontracts-display-component---AddNewContract--projectDescription"}]}
RESULT: {}
RESULT: {"script":"<script> [1562 bytes]","args":[{"selector":{"id":"application-managecontracts-display-component---AddNewContract--projectDescription","interaction":{"idSuffix":"inner"}},"wdio_ui5_key":"applicationmanagecontracts-display-component---AddNewContract--projectDescription"}]}
RESULT: undefined
COMMAND: POST /session/2eef3865f9633c585bb33c6ac0c7be86/execute/async - {"script":"<script> [776 bytes]","args":[{"enterText":"Contract WDIO","selector":{"id":"application-managecontracts-display-component---AddNewContract--projectDescription","interaction":{"idSuffix":"inner"}},"clearTextFirst":true,"interactionType":"ENTER_TEXT"}]}
RESULT: {"script":"<script> [776 bytes]","args":[{"enterText":"Contract WDIO","selector":{"id":"application-managecontracts-display-component---AddNewContract--projectDescription","interaction":{"idSuffix":"inner"}},"clearTextFirst":true,"interactionType":"ENTER_TEXT"}]}
COMMAND: POST /session/2eef3865f9633c585bb33c6ac0c7be86/element - {"using":"xpath","value":"//input[@id=\"application-managecontracts-display-component---AddNewContract--site-inner\"]"}
RESULT: {"using":"xpath","value":"//input[@id=\"application-managecontracts-display-component---AddNewContract--site-inner\"]"}
COMMAND: POST /session/2eef3865f9633c585bb33c6ac0c7be86/element/f.38388B4EA542EE9F87EA90A6B1549037.d.27170EB198E19006166C6A08D334459F.e.12762/clear - {}
RESULT: {}
COMMAND: POST /session/2eef3865f9633c585bb33c6ac0c7be86/element/f.38388B4EA542EE9F87EA90A6B1549037.d.27170EB198E19006166C6A08D334459F.e.12762/value - {"text":"2115"}
COMMAND: GET /session/2eef3865f9633c585bb33c6ac0c7be86/screenshot - {}
RESULT: {"text":"2115"}
COMMAND: GET /session/2eef3865f9633c585bb33c6ac0c7be86/screenshot - {}
RESULT: {}
RESULT: {}
COMMAND: POST /session/2eef3865f9633c585bb33c6ac0c7be86/element - {"using":"xpath","value":"//li[.//span[text()='2115']]"}
RESULT: {"using":"xpath","value":"//li[.//span[text()='2115']]"}
COMMAND: POST /session/2eef3865f9633c585bb33c6ac0c7be86/element/f.38388B4EA542EE9F87EA90A6B1549037.d.27170EB198E19006166C6A08D334459F.e.12844/click - {}
RESULT: {}
COMMAND: GET /session/2eef3865f9633c585bb33c6ac0c7be86/screenshot - {}
RESULT: {}
COMMAND: POST /session/2eef3865f9633c585bb33c6ac0c7be86/element - {"using":"xpath","value":"//input[@id=\"application-managecontracts-display-component---AddNewContract--yardId-inner\"]"}
RESULT: {"using":"xpath","value":"//input[@id=\"application-managecontracts-display-component---AddNewContract--yardId-inner\"]"}
COMMAND: GET /session/2eef3865f9633c585bb33c6ac0c7be86/element/f.38388B4EA542EE9F87EA90A6B1549037.d.27170EB198E19006166C6A08D334459F.e.12763/property/value - {}
RESULT: {}
COMMAND: POST /session/2eef3865f9633c585bb33c6ac0c7be86/element - {"using":"xpath","value":"//input[@id=\"application-managecontracts-display-component---AddNewContract--customerSelect-inner\"]"}
COMMAND: GET /session/2eef3865f9633c585bb33c6ac0c7be86/screenshot - {}
RESULT: {"using":"xpath","value":"//input[@id=\"application-managecontracts-display-component---AddNewContract--customerSelect-inner\"]"}
COMMAND: POST /session/2eef3865f9633c585bb33c6ac0c7be86/element/f.38388B4EA542EE9F87EA90A6B1549037.d.27170EB198E19006166C6A08D334459F.e.12761/clear - {}
RESULT: {}
RESULT: {}
COMMAND: POST /session/2eef3865f9633c585bb33c6ac0c7be86/element/f.38388B4EA542EE9F87EA90A6B1549037.d.27170EB198E19006166C6A08D334459F.e.12761/value - {"text":"1122"}
COMMAND: GET /session/2eef3865f9633c585bb33c6ac0c7be86/screenshot - {}
RESULT: {"text":"1122"}
COMMAND: GET /session/2eef3865f9633c585bb33c6ac0c7be86/screenshot - {}
RESULT: {}
RESULT: {}
COMMAND: POST /session/2eef3865f9633c585bb33c6ac0c7be86/element - {"using":"xpath","value":"//li[.//span[text()='1122']]"}
RESULT: {"using":"xpath","value":"//li[.//span[text()='1122']]"}
COMMAND: POST /session/2eef3865f9633c585bb33c6ac0c7be86/element/f.38388B4EA542EE9F87EA90A6B1549037.d.27170EB198E19006166C6A08D334459F.e.12847/click - {}
RESULT: {}
COMMAND: GET /session/2eef3865f9633c585bb33c6ac0c7be86/screenshot - {}
RESULT: {}
COMMAND: POST /session/2eef3865f9633c585bb33c6ac0c7be86/element - {"using":"xpath","value":"//button[@data-kt=\"saveButton\"]"}
RESULT: {"using":"xpath","value":"//button[@data-kt=\"saveButton\"]"}
COMMAND: POST /session/2eef3865f9633c585bb33c6ac0c7be86/element/f.38388B4EA542EE9F87EA90A6B1549037.d.27170EB198E19006166C6A08D334459F.e.12837/click - {}
RESULT: {}
COMMAND: GET /session/2eef3865f9633c585bb33c6ac0c7be86/screenshot - {}
RESULT: {}
COMMAND: POST /session/2eef3865f9633c585bb33c6ac0c7be86/element - {"using":"xpath","value":"//span[contains(@id ,\"contractDetailTitleNoExpanded\")]"}
RESULT: {"using":"xpath","value":"//span[contains(@id ,\"contractDetailTitleNoExpanded\")]"}
COMMAND: POST /session/2eef3865f9633c585bb33c6ac0c7be86/elements - {"using":"xpath","value":"//span[contains(@id ,\"contractDetailTitleNoExpanded\")]"}
RESULT: {"using":"xpath","value":"//span[contains(@id ,\"contractDetailTitleNoExpanded\")]"}
COMMAND: POST /session/2eef3865f9633c585bb33c6ac0c7be86/execute/sync - {"script":"<script> [56 bytes]","args":[{"element-6066-11e4-a52e-4f735466cecf":"f.38388B4EA542EE9F87EA90A6B1549037.d.27170EB198E19006166C6A08D334459F.e.12855","ELEMENT":"f.38388B4EA542EE9F87EA90A6B1549037.d.27170EB198E19006166C6A08D334459F.e.12855"}]}
RESULT: {"script":"<script> [56 bytes]","args":[{"element-6066-11e4-a52e-4f735466cecf":"f.38388B4EA542EE9F87EA90A6B1549037.d.27170EB198E19006166C6A08D334459F.e.12855","ELEMENT":"f.38388B4EA542EE9F87EA90A6B1549037.d.27170EB198E19006166C6A08D334459F.e.12855"}]}
COMMAND: GET /session/2eef3865f9633c585bb33c6ac0c7be86/screenshot - {}
RESULT: {}
]]></system-out>
    </testcase>
    <testcase classname="chrome.136_0_7103_93.windows.Provide_to_Site_w/o_warehouse_management_w_clarification" name="Should add equipment to the contract" time="56.222">
      <system-out><![CDATA[
COMMAND: POST /session/2eef3865f9633c585bb33c6ac0c7be86/element - {"using":"xpath","value":"//button[@data-kt=\"contractDetailEditBtnButton\"]"}
RESULT: {"using":"xpath","value":"//button[@data-kt=\"contractDetailEditBtnButton\"]"}
COMMAND: POST /session/2eef3865f9633c585bb33c6ac0c7be86/element/f.38388B4EA542EE9F87EA90A6B1549037.d.27170EB198E19006166C6A08D334459F.e.12858/click - {}
RESULT: {}
COMMAND: GET /session/2eef3865f9633c585bb33c6ac0c7be86/screenshot - {}
RESULT: {}
COMMAND: POST /session/2eef3865f9633c585bb33c6ac0c7be86/element - {"using":"xpath","value":"(//span[contains(text(), \"Additional Addresses\")])[2]"}
RESULT: {"using":"xpath","value":"(//span[contains(text(), \"Additional Addresses\")])[2]"}
COMMAND: POST /session/2eef3865f9633c585bb33c6ac0c7be86/element/f.38388B4EA542EE9F87EA90A6B1549037.d.27170EB198E19006166C6A08D334459F.e.12914/click - {}
RESULT: {}
COMMAND: GET /session/2eef3865f9633c585bb33c6ac0c7be86/screenshot - {}
RESULT: {}
COMMAND: POST /session/2eef3865f9633c585bb33c6ac0c7be86/element - {"using":"xpath","value":"//button[@data-kt=\"btnAddTableRowOverflowToolbarButton\"]"}
RESULT: {"using":"xpath","value":"//button[@data-kt=\"btnAddTableRowOverflowToolbarButton\"]"}
COMMAND: POST /session/2eef3865f9633c585bb33c6ac0c7be86/element/f.38388B4EA542EE9F87EA90A6B1549037.d.27170EB198E19006166C6A08D334459F.e.12916/click - {}
RESULT: {}
COMMAND: GET /session/2eef3865f9633c585bb33c6ac0c7be86/screenshot - {}
RESULT: {}
COMMAND: POST /session/2eef3865f9633c585bb33c6ac0c7be86/element - {"using":"xpath","value":"//div[(text() = 'Standard Entry' or . = 'Standard Entry')]"}
RESULT: {"using":"xpath","value":"//div[(text() = 'Standard Entry' or . = 'Standard Entry')]"}
COMMAND: POST /session/2eef3865f9633c585bb33c6ac0c7be86/element/f.38388B4EA542EE9F87EA90A6B1549037.d.27170EB198E19006166C6A08D334459F.e.12918/click - {}
RESULT: {}
COMMAND: GET /session/2eef3865f9633c585bb33c6ac0c7be86/screenshot - {}
RESULT: {}
COMMAND: POST /session/2eef3865f9633c585bb33c6ac0c7be86/element - {"using":"xpath","value":"//td[6]/div/div/div/span"}
RESULT: {"using":"xpath","value":"//td[6]/div/div/div/span"}
COMMAND: POST /session/2eef3865f9633c585bb33c6ac0c7be86/element/f.38388B4EA542EE9F87EA90A6B1549037.d.27170EB198E19006166C6A08D334459F.e.12930/click - {}
RESULT: {}
COMMAND: GET /session/2eef3865f9633c585bb33c6ac0c7be86/screenshot - {}
RESULT: {}
COMMAND: POST /session/2eef3865f9633c585bb33c6ac0c7be86/element - {"using":"xpath","value":"(//span[contains(text(), \"Material\")])"}
RESULT: {"using":"xpath","value":"(//span[contains(text(), \"Material\")])"}
COMMAND: POST /session/2eef3865f9633c585bb33c6ac0c7be86/element/f.38388B4EA542EE9F87EA90A6B1549037.d.27170EB198E19006166C6A08D334459F.e.12932/click - {}
RESULT: {}
COMMAND: GET /session/2eef3865f9633c585bb33c6ac0c7be86/screenshot - {}
RESULT: {}
COMMAND: POST /session/2eef3865f9633c585bb33c6ac0c7be86/element - {"using":"xpath","value":"//td[7]/div/div/input"}
RESULT: {"using":"xpath","value":"//td[7]/div/div/input"}
COMMAND: POST /session/2eef3865f9633c585bb33c6ac0c7be86/element/f.38388B4EA542EE9F87EA90A6B1549037.d.27170EB198E19006166C6A08D334459F.e.12935/clear - {}
RESULT: {}
COMMAND: POST /session/2eef3865f9633c585bb33c6ac0c7be86/element/f.38388B4EA542EE9F87EA90A6B1549037.d.27170EB198E19006166C6A08D334459F.e.12935/value - {"text":"200131"}
COMMAND: GET /session/2eef3865f9633c585bb33c6ac0c7be86/screenshot - {}
RESULT: {"text":"200131"}
COMMAND: GET /session/2eef3865f9633c585bb33c6ac0c7be86/screenshot - {}
RESULT: {}
RESULT: {}
COMMAND: POST /session/2eef3865f9633c585bb33c6ac0c7be86/actions - {"actions":[{"id":"action41","type":"key","parameters":{},"actions":[{"type":"keyDown","value":""},{"type":"pause","duration":10},{"type":"keyUp","value":""}]}]}
RESULT: {"actions":[{"id":"action41","type":"key","parameters":{},"actions":[{"type":"keyDown","value":""},{"type":"pause","duration":10},{"type":"keyUp","value":""}]}]}
COMMAND: GET /session/2eef3865f9633c585bb33c6ac0c7be86/screenshot - {}
RESULT: {}
COMMAND: POST /session/2eef3865f9633c585bb33c6ac0c7be86/execute/sync - {"script":"<script> [276 bytes]","args":["No pricing information was found"]}
RESULT: {"script":"<script> [276 bytes]","args":["No pricing information was found"]}
COMMAND: POST /session/2eef3865f9633c585bb33c6ac0c7be86/element - {"using":"xpath","value":"//bdi[contains(text(), \"OK\")]"}
COMMAND: GET /session/2eef3865f9633c585bb33c6ac0c7be86/screenshot - {}
RESULT: {"using":"xpath","value":"//bdi[contains(text(), \"OK\")]"}
COMMAND: POST /session/2eef3865f9633c585bb33c6ac0c7be86/element/f.38388B4EA542EE9F87EA90A6B1549037.d.27170EB198E19006166C6A08D334459F.e.12961/click - {}
RESULT: {}
RESULT: {}
COMMAND: GET /session/2eef3865f9633c585bb33c6ac0c7be86/screenshot - {}
RESULT: {}
COMMAND: POST /session/2eef3865f9633c585bb33c6ac0c7be86/element - {"using":"xpath","value":"(//button[@data-kt=\"saveButton\"])[2]"}
RESULT: {"using":"xpath","value":"(//button[@data-kt=\"saveButton\"])[2]"}
COMMAND: POST /session/2eef3865f9633c585bb33c6ac0c7be86/element/f.38388B4EA542EE9F87EA90A6B1549037.d.27170EB198E19006166C6A08D334459F.e.12962/click - {}
RESULT: {}
COMMAND: GET /session/2eef3865f9633c585bb33c6ac0c7be86/screenshot - {}
RESULT: {}
COMMAND: POST /session/2eef3865f9633c585bb33c6ac0c7be86/execute/sync - {"script":"<script> [276 bytes]","args":["Some contract items are having rental validity exceeding header rental validity"]}
RESULT: {"script":"<script> [276 bytes]","args":["Some contract items are having rental validity exceeding header rental validity"]}
COMMAND: GET /session/2eef3865f9633c585bb33c6ac0c7be86/screenshot - {}
RESULT: {}
COMMAND: POST /session/2eef3865f9633c585bb33c6ac0c7be86/element - {"using":"xpath","value":"//span[contains(@id ,\"contractItemsSmartTable-header-inner\")]"}
RESULT: {"using":"xpath","value":"//span[contains(@id ,\"contractItemsSmartTable-header-inner\")]"}
COMMAND: POST /session/2eef3865f9633c585bb33c6ac0c7be86/elements - {"using":"xpath","value":"//span[contains(@id ,\"contractItemsSmartTable-header-inner\")]"}
RESULT: {"using":"xpath","value":"//span[contains(@id ,\"contractItemsSmartTable-header-inner\")]"}
COMMAND: POST /session/2eef3865f9633c585bb33c6ac0c7be86/execute/sync - {"script":"<script> [56 bytes]","args":[{"element-6066-11e4-a52e-4f735466cecf":"f.38388B4EA542EE9F87EA90A6B1549037.d.27170EB198E19006166C6A08D334459F.e.12966","ELEMENT":"f.38388B4EA542EE9F87EA90A6B1549037.d.27170EB198E19006166C6A08D334459F.e.12966"}]}
RESULT: {"script":"<script> [56 bytes]","args":[{"element-6066-11e4-a52e-4f735466cecf":"f.38388B4EA542EE9F87EA90A6B1549037.d.27170EB198E19006166C6A08D334459F.e.12966","ELEMENT":"f.38388B4EA542EE9F87EA90A6B1549037.d.27170EB198E19006166C6A08D334459F.e.12966"}]}
]]></system-out>
    </testcase>
    <testcase classname="chrome.136_0_7103_93.windows.Provide_to_Site_w/o_warehouse_management_w_clarification" name="Should do provide to site" time="124.117">
      <failure/>
      <error message="element click intercepted: Element &lt;button id=&quot;__button416&quot; data-sap-ui=&quot;__button416&quot; data-sap-ui-render=&quot;&quot; data-kt=&quot;ReceivingTableConfirmAllButton&quot; data-ui5-accesskey=&quot;c&quot; aria-describedby=&quot;__button416-tooltip&quot; title=&quot;Confirm All&quot; class=&quot;sapMBtnBase sapMBtn sapMColumnHeaderContent&quot;>...&lt;/button> is not clickable at point (726, 801). Other element would receive the click: &lt;div id=&quot;sap-ui-blocklayer-popup&quot; tabindex=&quot;0&quot; class=&quot;sapUiBLy&quot; style=&quot;z-index: 709; visibility: visible;&quot;>&lt;/div>&#xA;  (Session info: chrome=136.0.7103.93)"/>
      <system-out><![CDATA[
COMMAND: POST /session/2eef3865f9633c585bb33c6ac0c7be86/element - {"using":"xpath","value":"//button[@data-kt=\"provideButton\"]"}
COMMAND: GET /session/2eef3865f9633c585bb33c6ac0c7be86/screenshot - {}
RESULT: {"using":"xpath","value":"//button[@data-kt=\"provideButton\"]"}
COMMAND: POST /session/2eef3865f9633c585bb33c6ac0c7be86/element/f.38388B4EA542EE9F87EA90A6B1549037.d.27170EB198E19006166C6A08D334459F.e.12967/click - {}
RESULT: {}
RESULT: {}
COMMAND: GET /session/2eef3865f9633c585bb33c6ac0c7be86/screenshot - {}
RESULT: {}
COMMAND: POST /session/2eef3865f9633c585bb33c6ac0c7be86/element - {"using":"xpath","value":"(//div[contains(@id, \"application-managehandovers-display-component---AddNewHO--oneStep-CbBg\")])"}
RESULT: {"using":"xpath","value":"(//div[contains(@id, \"application-managehandovers-display-component---AddNewHO--oneStep-CbBg\")])"}
COMMAND: POST /session/2eef3865f9633c585bb33c6ac0c7be86/element - {"using":"xpath","value":"(//div[contains(@id, \"application-managehandovers-display-component---AddNewHO--oneStep-CbBg\")])/input"}
RESULT: {"using":"xpath","value":"(//div[contains(@id, \"application-managehandovers-display-component---AddNewHO--oneStep-CbBg\")])/input"}
COMMAND: GET /session/2eef3865f9633c585bb33c6ac0c7be86/element/f.38388B4EA542EE9F87EA90A6B1549037.d.27170EB198E19006166C6A08D334459F.e.13061/attribute/checked - {}
RESULT: {}
RESULT: undefined
COMMAND: POST /session/2eef3865f9633c585bb33c6ac0c7be86/execute/async - {"script":"<script> [6424 bytes]","args":[{"element-6066-11e4-a52e-4f735466cecf":"f.38388B4EA542EE9F87EA90A6B1549037.d.27170EB198E19006166C6A08D334459F.e.11967"},"setValue",["05/25/25"]]}
COMMAND: POST /session/2eef3865f9633c585bb33c6ac0c7be86/element/f.38388B4EA542EE9F87EA90A6B1549037.d.27170EB198E19006166C6A08D334459F.e.13271/click - {}
COMMAND: POST /session/2eef3865f9633c585bb33c6ac0c7be86/execute/async - {"script":"<script> [1562 bytes]","args":[{"selector":{"id":"application-managehandovers-display-component---AddNewHO--dueDate","interaction":{"idSuffix":"inner"}},"wdio_ui5_key":"applicationmanagehandovers-display-component---AddNewHO--dueDate"}]}
RESULT: {}
COMMAND: GET /session/2eef3865f9633c585bb33c6ac0c7be86/screenshot - {}
RESULT: {"script":"<script> [1562 bytes]","args":[{"selector":{"id":"application-managehandovers-display-component---AddNewHO--dueDate","interaction":{"idSuffix":"inner"}},"wdio_ui5_key":"applicationmanagehandovers-display-component---AddNewHO--dueDate"}]}
COMMAND: POST /session/2eef3865f9633c585bb33c6ac0c7be86/execute/async - {"script":"<script> [6424 bytes]","args":[{"element-6066-11e4-a52e-4f735466cecf":"f.38388B4EA542EE9F87EA90A6B1549037.d.27170EB198E19006166C6A08D334459F.e.13057"},"setValue",["05/25/25"]]}
RESULT: {}
RESULT: {"script":"<script> [6424 bytes]","args":[{"element-6066-11e4-a52e-4f735466cecf":"f.38388B4EA542EE9F87EA90A6B1549037.d.27170EB198E19006166C6A08D334459F.e.13057"},"setValue",["05/25/25"]]}
COMMAND: POST /session/2eef3865f9633c585bb33c6ac0c7be86/element - {"using":"xpath","value":"//bdi[contains(text(), \"Instructions\")]"}
RESULT: {"using":"xpath","value":"//bdi[contains(text(), \"Instructions\")]"}
COMMAND: POST /session/2eef3865f9633c585bb33c6ac0c7be86/element/f.38388B4EA542EE9F87EA90A6B1549037.d.27170EB198E19006166C6A08D334459F.e.13275/click - {}
RESULT: {}
COMMAND: GET /session/2eef3865f9633c585bb33c6ac0c7be86/screenshot - {}
RESULT: {}
COMMAND: POST /session/2eef3865f9633c585bb33c6ac0c7be86/element - {"using":"xpath","value":"//button[@data-kt=\"AddNewHOProvideAddItemsButton\"]"}
RESULT: {"using":"xpath","value":"//button[@data-kt=\"AddNewHOProvideAddItemsButton\"]"}
COMMAND: POST /session/2eef3865f9633c585bb33c6ac0c7be86/element/f.38388B4EA542EE9F87EA90A6B1549037.d.27170EB198E19006166C6A08D334459F.e.13279/click - {}
RESULT: {}
COMMAND: GET /session/2eef3865f9633c585bb33c6ac0c7be86/screenshot - {}
RESULT: {}
RESULT: undefined
COMMAND: POST /session/2eef3865f9633c585bb33c6ac0c7be86/element - {"using":"xpath","value":"//*[@id=\"application-managehandovers-display-component---AddNewHO--popup-sa\"]"}
RESULT: {"using":"xpath","value":"//*[@id=\"application-managehandovers-display-component---AddNewHO--popup-sa\"]"}
COMMAND: POST /session/2eef3865f9633c585bb33c6ac0c7be86/element/f.38388B4EA542EE9F87EA90A6B1549037.d.27170EB198E19006166C6A08D334459F.e.13288/click - {}
RESULT: {}
COMMAND: GET /session/2eef3865f9633c585bb33c6ac0c7be86/screenshot - {}
RESULT: {}
COMMAND: POST /session/2eef3865f9633c585bb33c6ac0c7be86/element - {"using":"xpath","value":"//*[contains(@id ,\"BDI-content\")][contains(text(), \"Select\")]"}
RESULT: {"using":"xpath","value":"//*[contains(@id ,\"BDI-content\")][contains(text(), \"Select\")]"}
COMMAND: POST /session/2eef3865f9633c585bb33c6ac0c7be86/element/f.38388B4EA542EE9F87EA90A6B1549037.d.27170EB198E19006166C6A08D334459F.e.13290/click - {}
RESULT: {}
COMMAND: GET /session/2eef3865f9633c585bb33c6ac0c7be86/screenshot - {}
RESULT: {}
COMMAND: POST /session/2eef3865f9633c585bb33c6ac0c7be86/execute/async - {"script":"<script> [1562 bytes]","args":[{"selector":{"id":"application-managehandovers-display-component---AddNewHO--confirmCreationButton","interaction":{"idSuffix":"BDI-content"}},"wdio_ui5_key":"applicationmanagehandovers-display-component---AddNewHO--confirmCreationButton"}]}
RESULT: {"script":"<script> [1562 bytes]","args":[{"selector":{"id":"application-managehandovers-display-component---AddNewHO--confirmCreationButton","interaction":{"idSuffix":"BDI-content"}},"wdio_ui5_key":"applicationmanagehandovers-display-component---AddNewHO--confirmCreationButton"}]}
RESULT: undefined
COMMAND: POST /session/2eef3865f9633c585bb33c6ac0c7be86/element - {"using":"xpath","value":"//*[@id=\"application-managehandovers-display-component---AddNewHO--confirmCreationButton\"]"}
RESULT: {"using":"xpath","value":"//*[@id=\"application-managehandovers-display-component---AddNewHO--confirmCreationButton\"]"}
COMMAND: POST /session/2eef3865f9633c585bb33c6ac0c7be86/element/f.38388B4EA542EE9F87EA90A6B1549037.d.27170EB198E19006166C6A08D334459F.e.13103/click - {}
RESULT: {}
COMMAND: GET /session/2eef3865f9633c585bb33c6ac0c7be86/screenshot - {}
RESULT: {}
COMMAND: POST /session/2eef3865f9633c585bb33c6ac0c7be86/execute/async - {"script":"<script> [1562 bytes]","args":[{"selector":{"id":"issueDatePicker","viewName":"etm.portal.ui.managehandovers.view.DetailExecuteHO","interaction":{"idSuffix":"inner"}},"wdio_ui5_key":"issueDatePickeretmportal.ui.managehandovers.view.DetailExecuteHO"}]}
RESULT: {"script":"<script> [1562 bytes]","args":[{"selector":{"id":"issueDatePicker","viewName":"etm.portal.ui.managehandovers.view.DetailExecuteHO","interaction":{"idSuffix":"inner"}},"wdio_ui5_key":"issueDatePickeretmportal.ui.managehandovers.view.DetailExecuteHO"}]}
RESULT: undefined
COMMAND: POST /session/2eef3865f9633c585bb33c6ac0c7be86/execute/async - {"script":"<script> [776 bytes]","args":[{"enterText":"5/25/25","selector":{"id":"issueDatePicker","viewName":"etm.portal.ui.managehandovers.view.DetailExecuteHO","interaction":{"idSuffix":"inner"}},"clearTextFirst":true,"interactionType":"ENTER_TEXT"}]}
RESULT: {"script":"<script> [776 bytes]","args":[{"enterText":"5/25/25","selector":{"id":"issueDatePicker","viewName":"etm.portal.ui.managehandovers.view.DetailExecuteHO","interaction":{"idSuffix":"inner"}},"clearTextFirst":true,"interactionType":"ENTER_TEXT"}]}
COMMAND: POST /session/2eef3865f9633c585bb33c6ac0c7be86/element - {"using":"xpath","value":"//button[@data-kt=\"PickingTableConfirmAllButton\"]"}
RESULT: {"using":"xpath","value":"//button[@data-kt=\"PickingTableConfirmAllButton\"]"}
COMMAND: POST /session/2eef3865f9633c585bb33c6ac0c7be86/element/f.38388B4EA542EE9F87EA90A6B1549037.d.27170EB198E19006166C6A08D334459F.e.13348/click - {}
RESULT: {}
COMMAND: GET /session/2eef3865f9633c585bb33c6ac0c7be86/screenshot - {}
RESULT: {}
COMMAND: POST /session/2eef3865f9633c585bb33c6ac0c7be86/element - {"using":"xpath","value":"//bdi[contains(text(), \"OK\")]"}
RESULT: {"using":"xpath","value":"//bdi[contains(text(), \"OK\")]"}
COMMAND: POST /session/2eef3865f9633c585bb33c6ac0c7be86/element/f.38388B4EA542EE9F87EA90A6B1549037.d.27170EB198E19006166C6A08D334459F.e.13351/click - {}
RESULT: {}
COMMAND: GET /session/2eef3865f9633c585bb33c6ac0c7be86/screenshot - {}
RESULT: {}
COMMAND: POST /session/2eef3865f9633c585bb33c6ac0c7be86/element - {"using":"xpath","value":"//button[@data-kt=\"execHoPickButton\"]"}
RESULT: {"using":"xpath","value":"//button[@data-kt=\"execHoPickButton\"]"}
COMMAND: POST /session/2eef3865f9633c585bb33c6ac0c7be86/element/f.38388B4EA542EE9F87EA90A6B1549037.d.27170EB198E19006166C6A08D334459F.e.13353/click - {}
RESULT: {}
COMMAND: GET /session/2eef3865f9633c585bb33c6ac0c7be86/screenshot - {}
RESULT: {}
COMMAND: POST /session/2eef3865f9633c585bb33c6ac0c7be86/element - {"using":"xpath","value":"//span[contains(@id ,\"filterItemControl_BASIC-RECEIVE_CONTRACT-vhi\")]"}
RESULT: {"using":"xpath","value":"//span[contains(@id ,\"filterItemControl_BASIC-RECEIVE_CONTRACT-vhi\")]"}
COMMAND: POST /session/2eef3865f9633c585bb33c6ac0c7be86/element/f.38388B4EA542EE9F87EA90A6B1549037.d.27170EB198E19006166C6A08D334459F.e.13528/click - {}
RESULT: {}
COMMAND: GET /session/2eef3865f9633c585bb33c6ac0c7be86/screenshot - {}
RESULT: {}
COMMAND: POST /session/2eef3865f9633c585bb33c6ac0c7be86/execute/async - {"script":"<script> [1562 bytes]","args":[{"selector":{"controlType":"sap.m.SearchField","viewName":"etm.portal.ui.managehandovers.view.MasterHO","bindingPath":{"path":"","propertyPath":"/_BASIC_SEARCH_FIELD","modelName":"fi1t3rM0d31"},"searchOpenDialogs":true,"interaction":{"idSuffix":"I"}},"wdio_ui5_key":"etmportal.ui.managehandovers.view.MasterHOsap.m.SearchField{\"path\":\"\",\"propertyPath\":\"/_BASIC_SEARCH_FIELD\",\"modelName\":\"fi1t3rM0d31\"}"}]}
RESULT: {"script":"<script> [1562 bytes]","args":[{"selector":{"controlType":"sap.m.SearchField","viewName":"etm.portal.ui.managehandovers.view.MasterHO","bindingPath":{"path":"","propertyPath":"/_BASIC_SEARCH_FIELD","modelName":"fi1t3rM0d31"},"searchOpenDialogs":true,"interaction":{"idSuffix":"I"}},"wdio_ui5_key":"etmportal.ui.managehandovers.view.MasterHOsap.m.SearchField{\"path\":\"\",\"propertyPath\":\"/_BASIC_SEARCH_FIELD\",\"modelName\":\"fi1t3rM0d31\"}"}]}
RESULT: undefined
COMMAND: POST /session/2eef3865f9633c585bb33c6ac0c7be86/execute/async - {"script":"<script> [776 bytes]","args":[{"enterText":"10209","selector":{"controlType":"sap.m.SearchField","viewName":"etm.portal.ui.managehandovers.view.MasterHO","bindingPath":{"path":"","propertyPath":"/_BASIC_SEARCH_FIELD","modelName":"fi1t3rM0d31"},"searchOpenDialogs":true,"interaction":{"idSuffix":"I"}},"clearTextFirst":true,"interactionType":"ENTER_TEXT"}]}
RESULT: {"script":"<script> [776 bytes]","args":[{"enterText":"10209","selector":{"controlType":"sap.m.SearchField","viewName":"etm.portal.ui.managehandovers.view.MasterHO","bindingPath":{"path":"","propertyPath":"/_BASIC_SEARCH_FIELD","modelName":"fi1t3rM0d31"},"searchOpenDialogs":true,"interaction":{"idSuffix":"I"}},"clearTextFirst":true,"interactionType":"ENTER_TEXT"}]}
COMMAND: POST /session/2eef3865f9633c585bb33c6ac0c7be86/actions - {"actions":[{"id":"action42","type":"key","parameters":{},"actions":[{"type":"keyDown","value":""},{"type":"pause","duration":10},{"type":"keyUp","value":""}]}]}
RESULT: {"actions":[{"id":"action42","type":"key","parameters":{},"actions":[{"type":"keyDown","value":""},{"type":"pause","duration":10},{"type":"keyUp","value":""}]}]}
COMMAND: GET /session/2eef3865f9633c585bb33c6ac0c7be86/screenshot - {}
RESULT: {}
COMMAND: POST /session/2eef3865f9633c585bb33c6ac0c7be86/element - {"using":"xpath","value":"//div[contains(@id, 'filterItemControl_BASIC-RECEIVE_CONTRACT-valueHelpDialog-table-rowsel0')]"}
RESULT: {"using":"xpath","value":"//div[contains(@id, 'filterItemControl_BASIC-RECEIVE_CONTRACT-valueHelpDialog-table-rowsel0')]"}
COMMAND: POST /session/2eef3865f9633c585bb33c6ac0c7be86/element/f.38388B4EA542EE9F87EA90A6B1549037.d.27170EB198E19006166C6A08D334459F.e.13538/click - {}
RESULT: {}
COMMAND: GET /session/2eef3865f9633c585bb33c6ac0c7be86/screenshot - {}
RESULT: {}
COMMAND: POST /session/2eef3865f9633c585bb33c6ac0c7be86/element - {"using":"xpath","value":"//bdi[contains(text(), \"OK\")]"}
RESULT: {"using":"xpath","value":"//bdi[contains(text(), \"OK\")]"}
COMMAND: POST /session/2eef3865f9633c585bb33c6ac0c7be86/element/f.38388B4EA542EE9F87EA90A6B1549037.d.27170EB198E19006166C6A08D334459F.e.13540/click - {}
RESULT: {}
COMMAND: GET /session/2eef3865f9633c585bb33c6ac0c7be86/screenshot - {}
RESULT: {}
COMMAND: POST /session/2eef3865f9633c585bb33c6ac0c7be86/element - {"using":"xpath","value":"//span[contains(@id, \"smartTable-header-inner\")]"}
RESULT: {"using":"xpath","value":"//span[contains(@id, \"smartTable-header-inner\")]"}
COMMAND: POST /session/2eef3865f9633c585bb33c6ac0c7be86/elements - {"using":"xpath","value":"//span[contains(@id, \"smartTable-header-inner\")]"}
RESULT: {"using":"xpath","value":"//span[contains(@id, \"smartTable-header-inner\")]"}
COMMAND: POST /session/2eef3865f9633c585bb33c6ac0c7be86/execute/sync - {"script":"<script> [56 bytes]","args":[{"element-6066-11e4-a52e-4f735466cecf":"f.38388B4EA542EE9F87EA90A6B1549037.d.27170EB198E19006166C6A08D334459F.e.13569","ELEMENT":"f.38388B4EA542EE9F87EA90A6B1549037.d.27170EB198E19006166C6A08D334459F.e.13569"}]}
RESULT: {"script":"<script> [56 bytes]","args":[{"element-6066-11e4-a52e-4f735466cecf":"f.38388B4EA542EE9F87EA90A6B1549037.d.27170EB198E19006166C6A08D334459F.e.13569","ELEMENT":"f.38388B4EA542EE9F87EA90A6B1549037.d.27170EB198E19006166C6A08D334459F.e.13569"}]}
COMMAND: POST /session/2eef3865f9633c585bb33c6ac0c7be86/element - {"using":"xpath","value":"//table[contains(@id, \"customHandovers\")]//tbody/tr[1]/td[2]/span"}
COMMAND: GET /session/2eef3865f9633c585bb33c6ac0c7be86/screenshot - {}
RESULT: {"using":"xpath","value":"//table[contains(@id, \"customHandovers\")]//tbody/tr[1]/td[2]/span"}
COMMAND: POST /session/2eef3865f9633c585bb33c6ac0c7be86/execute/sync - {"script":"<script> [56 bytes]","args":[{"element-6066-11e4-a52e-4f735466cecf":"f.38388B4EA542EE9F87EA90A6B1549037.d.27170EB198E19006166C6A08D334459F.e.13570","ELEMENT":"f.38388B4EA542EE9F87EA90A6B1549037.d.27170EB198E19006166C6A08D334459F.e.13570"}]}
RESULT: {}
RESULT: {"script":"<script> [56 bytes]","args":[{"element-6066-11e4-a52e-4f735466cecf":"f.38388B4EA542EE9F87EA90A6B1549037.d.27170EB198E19006166C6A08D334459F.e.13570","ELEMENT":"f.38388B4EA542EE9F87EA90A6B1549037.d.27170EB198E19006166C6A08D334459F.e.13570"}]}
COMMAND: POST /session/2eef3865f9633c585bb33c6ac0c7be86/element - {"using":"xpath","value":"(//span[contains(@id, \"imgNav\")])[1]"}
COMMAND: GET /session/2eef3865f9633c585bb33c6ac0c7be86/screenshot - {}
RESULT: {"using":"xpath","value":"(//span[contains(@id, \"imgNav\")])[1]"}
COMMAND: POST /session/2eef3865f9633c585bb33c6ac0c7be86/element/f.38388B4EA542EE9F87EA90A6B1549037.d.27170EB198E19006166C6A08D334459F.e.13567/click - {}
RESULT: {}
RESULT: {}
COMMAND: GET /session/2eef3865f9633c585bb33c6ac0c7be86/screenshot - {}
RESULT: {}
RESULT: undefined
COMMAND: POST /session/2eef3865f9633c585bb33c6ac0c7be86/execute/async - {"script":"<script> [776 bytes]","args":[{"enterText":"5/25/25","selector":{"id":"issueDatePicker","viewName":"etm.portal.ui.managehandovers.view.DetailExecuteHO","interaction":{"idSuffix":"inner"}},"clearTextFirst":true,"interactionType":"ENTER_TEXT"}]}
RESULT: {"script":"<script> [776 bytes]","args":[{"enterText":"5/25/25","selector":{"id":"issueDatePicker","viewName":"etm.portal.ui.managehandovers.view.DetailExecuteHO","interaction":{"idSuffix":"inner"}},"clearTextFirst":true,"interactionType":"ENTER_TEXT"}]}
COMMAND: POST /session/2eef3865f9633c585bb33c6ac0c7be86/element - {"using":"xpath","value":"//button[@data-kt=\"IssuingTableConfirmAllButton\"]"}
RESULT: {"using":"xpath","value":"//button[@data-kt=\"IssuingTableConfirmAllButton\"]"}
COMMAND: POST /session/2eef3865f9633c585bb33c6ac0c7be86/element/f.38388B4EA542EE9F87EA90A6B1549037.d.27170EB198E19006166C6A08D334459F.e.13611/click - {}
RESULT: {}
COMMAND: GET /session/2eef3865f9633c585bb33c6ac0c7be86/screenshot - {}
RESULT: {}
COMMAND: POST /session/2eef3865f9633c585bb33c6ac0c7be86/element - {"using":"xpath","value":"//bdi[contains(text(), \"OK\")]"}
RESULT: {"using":"xpath","value":"//bdi[contains(text(), \"OK\")]"}
COMMAND: POST /session/2eef3865f9633c585bb33c6ac0c7be86/element/f.38388B4EA542EE9F87EA90A6B1549037.d.27170EB198E19006166C6A08D334459F.e.13627/click - {}
RESULT: {}
COMMAND: GET /session/2eef3865f9633c585bb33c6ac0c7be86/screenshot - {}
RESULT: {}
COMMAND: POST /session/2eef3865f9633c585bb33c6ac0c7be86/element - {"using":"xpath","value":"//button[@data-kt=\"execHoIssueButton\"]"}
RESULT: {"using":"xpath","value":"//button[@data-kt=\"execHoIssueButton\"]"}
COMMAND: POST /session/2eef3865f9633c585bb33c6ac0c7be86/element/f.38388B4EA542EE9F87EA90A6B1549037.d.27170EB198E19006166C6A08D334459F.e.13629/click - {}
RESULT: {}
COMMAND: GET /session/2eef3865f9633c585bb33c6ac0c7be86/screenshot - {}
RESULT: {}
COMMAND: POST /session/2eef3865f9633c585bb33c6ac0c7be86/element - {"using":"xpath","value":"//input[contains(@id ,\"smartFilterBar-btnBasicSearch-I\")]"}
RESULT: {"using":"xpath","value":"//input[contains(@id ,\"smartFilterBar-btnBasicSearch-I\")]"}
COMMAND: POST /session/2eef3865f9633c585bb33c6ac0c7be86/elements - {"using":"xpath","value":"//input[contains(@id ,\"smartFilterBar-btnBasicSearch-I\")]"}
RESULT: {"using":"xpath","value":"//input[contains(@id ,\"smartFilterBar-btnBasicSearch-I\")]"}
COMMAND: POST /session/2eef3865f9633c585bb33c6ac0c7be86/execute/sync - {"script":"<script> [8489 bytes]","args":[{"element-6066-11e4-a52e-4f735466cecf":"f.38388B4EA542EE9F87EA90A6B1549037.d.27170EB198E19006166C6A08D334459F.e.13056","ELEMENT":"f.38388B4EA542EE9F87EA90A6B1549037.d.27170EB198E19006166C6A08D334459F.e.13056"}]}
RESULT: {"script":"<script> [8489 bytes]","args":[{"element-6066-11e4-a52e-4f735466cecf":"f.38388B4EA542EE9F87EA90A6B1549037.d.27170EB198E19006166C6A08D334459F.e.13056","ELEMENT":"f.38388B4EA542EE9F87EA90A6B1549037.d.27170EB198E19006166C6A08D334459F.e.13056"}]}
COMMAND: GET /session/2eef3865f9633c585bb33c6ac0c7be86/element/f.38388B4EA542EE9F87EA90A6B1549037.d.27170EB198E19006166C6A08D334459F.e.13056/enabled - {}
COMMAND: GET /session/2eef3865f9633c585bb33c6ac0c7be86/screenshot - {}
RESULT: {}
COMMAND: POST /session/2eef3865f9633c585bb33c6ac0c7be86/element/f.38388B4EA542EE9F87EA90A6B1549037.d.27170EB198E19006166C6A08D334459F.e.13056/clear - {}
COMMAND: GET /session/2eef3865f9633c585bb33c6ac0c7be86/screenshot - {}
RESULT: {}
RESULT: {}
COMMAND: POST /session/2eef3865f9633c585bb33c6ac0c7be86/element/f.38388B4EA542EE9F87EA90A6B1549037.d.27170EB198E19006166C6A08D334459F.e.13056/value - {"text":"30426"}
COMMAND: GET /session/2eef3865f9633c585bb33c6ac0c7be86/screenshot - {}
RESULT: {}
RESULT: {"text":"30426"}
COMMAND: GET /session/2eef3865f9633c585bb33c6ac0c7be86/screenshot - {}
RESULT: {}
RESULT: {}
COMMAND: POST /session/2eef3865f9633c585bb33c6ac0c7be86/actions - {"actions":[{"id":"action43","type":"key","parameters":{},"actions":[{"type":"keyDown","value":""},{"type":"pause","duration":10},{"type":"keyUp","value":""}]}]}
RESULT: {"actions":[{"id":"action43","type":"key","parameters":{},"actions":[{"type":"keyDown","value":""},{"type":"pause","duration":10},{"type":"keyUp","value":""}]}]}
COMMAND: GET /session/2eef3865f9633c585bb33c6ac0c7be86/screenshot - {}
RESULT: {}
COMMAND: POST /session/2eef3865f9633c585bb33c6ac0c7be86/element - {"using":"xpath","value":"//span[contains(@id, \"smartTable-header-inner\")]"}
RESULT: {"using":"xpath","value":"//span[contains(@id, \"smartTable-header-inner\")]"}
COMMAND: POST /session/2eef3865f9633c585bb33c6ac0c7be86/elements - {"using":"xpath","value":"//span[contains(@id, \"smartTable-header-inner\")]"}
RESULT: {"using":"xpath","value":"//span[contains(@id, \"smartTable-header-inner\")]"}
COMMAND: POST /session/2eef3865f9633c585bb33c6ac0c7be86/execute/sync - {"script":"<script> [56 bytes]","args":[{"element-6066-11e4-a52e-4f735466cecf":"f.38388B4EA542EE9F87EA90A6B1549037.d.27170EB198E19006166C6A08D334459F.e.13569","ELEMENT":"f.38388B4EA542EE9F87EA90A6B1549037.d.27170EB198E19006166C6A08D334459F.e.13569"}]}
RESULT: {"script":"<script> [56 bytes]","args":[{"element-6066-11e4-a52e-4f735466cecf":"f.38388B4EA542EE9F87EA90A6B1549037.d.27170EB198E19006166C6A08D334459F.e.13569","ELEMENT":"f.38388B4EA542EE9F87EA90A6B1549037.d.27170EB198E19006166C6A08D334459F.e.13569"}]}
COMMAND: POST /session/2eef3865f9633c585bb33c6ac0c7be86/elements - {"using":"xpath","value":"//thead[contains(@class, \"sapMTableTH\")]/tr/th"}
COMMAND: GET /session/2eef3865f9633c585bb33c6ac0c7be86/screenshot - {}
RESULT: {"using":"xpath","value":"//thead[contains(@class, \"sapMTableTH\")]/tr/th"}
COMMAND: GET /session/2eef3865f9633c585bb33c6ac0c7be86/element/f.38388B4EA542EE9F87EA90A6B1549037.d.27170EB198E19006166C6A08D334459F.e.13668/text - {}
RESULT: {}
RESULT: {}
COMMAND: GET /session/2eef3865f9633c585bb33c6ac0c7be86/element/f.38388B4EA542EE9F87EA90A6B1549037.d.27170EB198E19006166C6A08D334459F.e.13669/text - {}
RESULT: {}
COMMAND: GET /session/2eef3865f9633c585bb33c6ac0c7be86/element/f.38388B4EA542EE9F87EA90A6B1549037.d.27170EB198E19006166C6A08D334459F.e.13050/text - {}
RESULT: {}
COMMAND: GET /session/2eef3865f9633c585bb33c6ac0c7be86/element/f.38388B4EA542EE9F87EA90A6B1549037.d.27170EB198E19006166C6A08D334459F.e.13052/text - {}
RESULT: {}
COMMAND: GET /session/2eef3865f9633c585bb33c6ac0c7be86/element/f.38388B4EA542EE9F87EA90A6B1549037.d.27170EB198E19006166C6A08D334459F.e.13634/text - {}
RESULT: {}
COMMAND: GET /session/2eef3865f9633c585bb33c6ac0c7be86/element/f.38388B4EA542EE9F87EA90A6B1549037.d.27170EB198E19006166C6A08D334459F.e.13635/text - {}
RESULT: {}
COMMAND: GET /session/2eef3865f9633c585bb33c6ac0c7be86/element/f.38388B4EA542EE9F87EA90A6B1549037.d.27170EB198E19006166C6A08D334459F.e.13636/text - {}
RESULT: {}
COMMAND: GET /session/2eef3865f9633c585bb33c6ac0c7be86/element/f.38388B4EA542EE9F87EA90A6B1549037.d.27170EB198E19006166C6A08D334459F.e.13637/text - {}
RESULT: {}
COMMAND: GET /session/2eef3865f9633c585bb33c6ac0c7be86/element/f.38388B4EA542EE9F87EA90A6B1549037.d.27170EB198E19006166C6A08D334459F.e.13638/text - {}
RESULT: {}
COMMAND: GET /session/2eef3865f9633c585bb33c6ac0c7be86/element/f.38388B4EA542EE9F87EA90A6B1549037.d.27170EB198E19006166C6A08D334459F.e.13639/text - {}
RESULT: {}
COMMAND: GET /session/2eef3865f9633c585bb33c6ac0c7be86/element/f.38388B4EA542EE9F87EA90A6B1549037.d.27170EB198E19006166C6A08D334459F.e.13640/text - {}
RESULT: {}
COMMAND: GET /session/2eef3865f9633c585bb33c6ac0c7be86/element/f.38388B4EA542EE9F87EA90A6B1549037.d.27170EB198E19006166C6A08D334459F.e.13641/text - {}
RESULT: {}
COMMAND: GET /session/2eef3865f9633c585bb33c6ac0c7be86/element/f.38388B4EA542EE9F87EA90A6B1549037.d.27170EB198E19006166C6A08D334459F.e.13642/text - {}
RESULT: {}
COMMAND: GET /session/2eef3865f9633c585bb33c6ac0c7be86/element/f.38388B4EA542EE9F87EA90A6B1549037.d.27170EB198E19006166C6A08D334459F.e.13053/text - {}
RESULT: {}
COMMAND: POST /session/2eef3865f9633c585bb33c6ac0c7be86/element - {"using":"xpath","value":"//tbody[contains(@id, \"customHandoversTable-tblBody\")]/tr[1]/td[14]/div/span"}
RESULT: {"using":"xpath","value":"//tbody[contains(@id, \"customHandoversTable-tblBody\")]/tr[1]/td[14]/div/span"}
COMMAND: POST /session/2eef3865f9633c585bb33c6ac0c7be86/execute/sync - {"script":"<script> [56 bytes]","args":[{"element-6066-11e4-a52e-4f735466cecf":"f.38388B4EA542EE9F87EA90A6B1549037.d.27170EB198E19006166C6A08D334459F.e.13718","ELEMENT":"f.38388B4EA542EE9F87EA90A6B1549037.d.27170EB198E19006166C6A08D334459F.e.13718"}]}
RESULT: {"script":"<script> [56 bytes]","args":[{"element-6066-11e4-a52e-4f735466cecf":"f.38388B4EA542EE9F87EA90A6B1549037.d.27170EB198E19006166C6A08D334459F.e.13718","ELEMENT":"f.38388B4EA542EE9F87EA90A6B1549037.d.27170EB198E19006166C6A08D334459F.e.13718"}]}
COMMAND: POST /session/2eef3865f9633c585bb33c6ac0c7be86/element - {"using":"xpath","value":"(//span[contains(@id, \"imgNav\")])[1]"}
COMMAND: GET /session/2eef3865f9633c585bb33c6ac0c7be86/screenshot - {}
RESULT: {"using":"xpath","value":"(//span[contains(@id, \"imgNav\")])[1]"}
COMMAND: POST /session/2eef3865f9633c585bb33c6ac0c7be86/element/f.38388B4EA542EE9F87EA90A6B1549037.d.27170EB198E19006166C6A08D334459F.e.13719/click - {}
RESULT: {}
RESULT: {}
COMMAND: GET /session/2eef3865f9633c585bb33c6ac0c7be86/screenshot - {}
RESULT: {}
RESULT: undefined
COMMAND: POST /session/2eef3865f9633c585bb33c6ac0c7be86/execute/async - {"script":"<script> [776 bytes]","args":[{"enterText":"05/25/25","selector":{"id":"receiptDatePicker","viewName":"etm.portal.ui.managehandovers.view.DetailExecuteHO","interaction":{"idSuffix":"inner"}},"clearTextFirst":true,"interactionType":"ENTER_TEXT"}]}
RESULT: {"script":"<script> [776 bytes]","args":[{"enterText":"05/25/25","selector":{"id":"receiptDatePicker","viewName":"etm.portal.ui.managehandovers.view.DetailExecuteHO","interaction":{"idSuffix":"inner"}},"clearTextFirst":true,"interactionType":"ENTER_TEXT"}]}
COMMAND: POST /session/2eef3865f9633c585bb33c6ac0c7be86/element - {"using":"xpath","value":"//button[@data-kt=\"ReceivingTableConfirmAllButton\"]"}
RESULT: {"using":"xpath","value":"//button[@data-kt=\"ReceivingTableConfirmAllButton\"]"}
COMMAND: POST /session/2eef3865f9633c585bb33c6ac0c7be86/element/f.38388B4EA542EE9F87EA90A6B1549037.d.27170EB198E19006166C6A08D334459F.e.13738/click - {}
COMMAND: GET /session/2eef3865f9633c585bb33c6ac0c7be86/screenshot - {}
RESULT: {}
]]></system-out>
      <system-err><![CDATA[
element click intercepted: element click intercepted: Element <button id="__button416" data-sap-ui="__button416" data-sap-ui-render="" data-kt="ReceivingTableConfirmAllButton" data-ui5-accesskey="c" aria-describedby="__button416-tooltip" title="Confirm All" class="sapMBtnBase sapMBtn sapMColumnHeaderContent">...</button> is not clickable at point (726, 801). Other element would receive the click: <div id="sap-ui-blocklayer-popup" tabindex="0" class="sapUiBLy" style="z-index: 709; visibility: visible;"></div>
  (Session info: chrome=136.0.7103.93)
    at async Context.<anonymous> (D:\a\1\s\test\specs\HTR\provide-to-site-wo-warehouse-w-clarification.spec.js:287:9)
]]></system-err>
    </testcase>
    <testcase classname="chrome.136_0_7103_93.windows.Provide_to_Site_w/o_warehouse_management_w_clarification" name="Should Test for Handover Execution" time="5.107">
      <failure/>
      <error message="element click intercepted: Element &lt;span id=&quot;__item2402-__clone7625-imgNav&quot; data-sap-ui=&quot;__item2402-__clone7625-imgNav&quot; data-sap-ui-render=&quot;&quot; role=&quot;img&quot; aria-label=&quot;Navigation&quot; data-sap-ui-icon-content=&quot;&quot; class=&quot;sapUiIcon sapUiIconMirrorInRTL sapMLIBType sapMLIBImgNav&quot; style=&quot;font-family: SAP-icons;&quot;>...&lt;/span> is not clickable at point (588, 394). Other element would receive the click: &lt;div id=&quot;sap-ui-blocklayer-popup&quot; tabindex=&quot;0&quot; class=&quot;sapUiBLy&quot; style=&quot;z-index: 709; visibility: visible;&quot;>&lt;/div>&#xA;  (Session info: chrome=136.0.7103.93)"/>
      <system-out><![CDATA[
COMMAND: GET /session/2eef3865f9633c585bb33c6ac0c7be86/screenshot - {}
COMMAND: POST /session/2eef3865f9633c585bb33c6ac0c7be86/element - {"using":"xpath","value":"(//span[contains(@id, \"imgNav\")])[1]"}
RESULT: {}
RESULT: {"using":"xpath","value":"(//span[contains(@id, \"imgNav\")])[1]"}
COMMAND: POST /session/2eef3865f9633c585bb33c6ac0c7be86/element/f.38388B4EA542EE9F87EA90A6B1549037.d.27170EB198E19006166C6A08D334459F.e.13719/click - {}
COMMAND: GET /session/2eef3865f9633c585bb33c6ac0c7be86/screenshot - {}
RESULT: {}
]]></system-out>
      <system-err><![CDATA[
element click intercepted: element click intercepted: Element <span id="__item2402-__clone7625-imgNav" data-sap-ui="__item2402-__clone7625-imgNav" data-sap-ui-render="" role="img" aria-label="Navigation" data-sap-ui-icon-content="" class="sapUiIcon sapUiIconMirrorInRTL sapMLIBType sapMLIBImgNav" style="font-family: SAP-icons;">...</span> is not clickable at point (588, 394). Other element would receive the click: <div id="sap-ui-blocklayer-popup" tabindex="0" class="sapUiBLy" style="z-index: 709; visibility: visible;"></div>
  (Session info: chrome=136.0.7103.93)
    at async Context.<anonymous> (D:\a\1\s\test\specs\HTR\provide-to-site-wo-warehouse-w-clarification.spec.js:343:9)
]]></system-err>
    </testcase>
    <testcase classname="chrome.136_0_7103_93.windows.Provide_to_Site_w/o_warehouse_management_w_clarification" name="Should test for Clarification" time="0.01">
      <system-out><![CDATA[
COMMAND: GET /session/2eef3865f9633c585bb33c6ac0c7be86/screenshot - {}
COMMAND: POST /session/2eef3865f9633c585bb33c6ac0c7be86/element - {"using":"css selector","value":"#j_username"}
COMMAND: POST /session/2eef3865f9633c585bb33c6ac0c7be86/url - {"url":"https://qa-testing-00-live-etm-ui.cfapps.eu10-004.hana.ondemand.com/"}
COMMAND: GET /session/2eef3865f9633c585bb33c6ac0c7be86/screenshot - {}
RESULT: {}
RESULT: {"using":"css selector","value":"#j_username"}
COMMAND: POST /session/2eef3865f9633c585bb33c6ac0c7be86/element - {"using":"css selector","value":"#j_username"}
RESULT: {"url":"https://qa-testing-00-live-etm-ui.cfapps.eu10-004.hana.ondemand.com/"}
RESULT: undefined
COMMAND: GET /session/2eef3865f9633c585bb33c6ac0c7be86/screenshot - {}
RESULT: {}
RESULT: {"using":"css selector","value":"#j_username"}
COMMAND: POST /session/2eef3865f9633c585bb33c6ac0c7be86/element - {"using":"css selector","value":"#shell-header-logo"}
RESULT: {}
RESULT: {"using":"css selector","value":"#shell-header-logo"}
COMMAND: POST /session/2eef3865f9633c585bb33c6ac0c7be86/execute/sync - {"script":"<script> [8489 bytes]","args":[{"element-6066-11e4-a52e-4f735466cecf":"f.38388B4EA542EE9F87EA90A6B1549037.d.923DDEC5A588C01846194BD7040D77C3.e.13769","ELEMENT":"f.38388B4EA542EE9F87EA90A6B1549037.d.923DDEC5A588C01846194BD7040D77C3.e.13769"}]}
RESULT: {"script":"<script> [8489 bytes]","args":[{"element-6066-11e4-a52e-4f735466cecf":"f.38388B4EA542EE9F87EA90A6B1549037.d.923DDEC5A588C01846194BD7040D77C3.e.13769","ELEMENT":"f.38388B4EA542EE9F87EA90A6B1549037.d.923DDEC5A588C01846194BD7040D77C3.e.13769"}]}
COMMAND: POST /session/2eef3865f9633c585bb33c6ac0c7be86/element - {"using":"css selector","value":"#shell-header-logo"}
COMMAND: GET /session/2eef3865f9633c585bb33c6ac0c7be86/screenshot - {}
RESULT: {"using":"css selector","value":"#shell-header-logo"}
COMMAND: POST /session/2eef3865f9633c585bb33c6ac0c7be86/execute/sync - {"script":"<script> [8489 bytes]","args":[{"element-6066-11e4-a52e-4f735466cecf":"f.38388B4EA542EE9F87EA90A6B1549037.d.923DDEC5A588C01846194BD7040D77C3.e.13769","ELEMENT":"f.38388B4EA542EE9F87EA90A6B1549037.d.923DDEC5A588C01846194BD7040D77C3.e.13769"}]}
RESULT: {}
RESULT: {"script":"<script> [8489 bytes]","args":[{"element-6066-11e4-a52e-4f735466cecf":"f.38388B4EA542EE9F87EA90A6B1549037.d.923DDEC5A588C01846194BD7040D77C3.e.13769","ELEMENT":"f.38388B4EA542EE9F87EA90A6B1549037.d.923DDEC5A588C01846194BD7040D77C3.e.13769"}]}
COMMAND: POST /session/2eef3865f9633c585bb33c6ac0c7be86/execute/sync - {"script":"<script> [5351 bytes]","args":[{"element-6066-11e4-a52e-4f735466cecf":"f.38388B4EA542EE9F87EA90A6B1549037.d.923DDEC5A588C01846194BD7040D77C3.e.13769","ELEMENT":"f.38388B4EA542EE9F87EA90A6B1549037.d.923DDEC5A588C01846194BD7040D77C3.e.13769"}]}
COMMAND: GET /session/2eef3865f9633c585bb33c6ac0c7be86/screenshot - {}
RESULT: {"script":"<script> [5351 bytes]","args":[{"element-6066-11e4-a52e-4f735466cecf":"f.38388B4EA542EE9F87EA90A6B1549037.d.923DDEC5A588C01846194BD7040D77C3.e.13769","ELEMENT":"f.38388B4EA542EE9F87EA90A6B1549037.d.923DDEC5A588C01846194BD7040D77C3.e.13769"}]}
COMMAND: POST /session/2eef3865f9633c585bb33c6ac0c7be86/element - {"using":"css selector","value":"#shell-header-logo"}
COMMAND: GET /session/2eef3865f9633c585bb33c6ac0c7be86/screenshot - {}
RESULT: {}
RESULT: {"using":"css selector","value":"#shell-header-logo"}
COMMAND: POST /session/2eef3865f9633c585bb33c6ac0c7be86/element/f.38388B4EA542EE9F87EA90A6B1549037.d.923DDEC5A588C01846194BD7040D77C3.e.13769/click - {}
RESULT: {}
RESULT: {}
COMMAND: GET /session/2eef3865f9633c585bb33c6ac0c7be86/screenshot - {}
RESULT: {}
COMMAND: POST /session/2eef3865f9633c585bb33c6ac0c7be86/execute/async - {"script":"<script> [189 bytes]","args":[]}
RESULT: {"script":"<script> [189 bytes]","args":[]}
COMMAND: POST /session/2eef3865f9633c585bb33c6ac0c7be86/execute/async - {"script":"<script> [123 bytes]","args":[]}
RESULT: {"script":"<script> [123 bytes]","args":[]}
COMMAND: POST /session/2eef3865f9633c585bb33c6ac0c7be86/timeouts - {"script":"<number>"}
RESULT: {"script":"<number>"}
COMMAND: GET /session/2eef3865f9633c585bb33c6ac0c7be86/timeouts - {}
RESULT: {}
RESULT: undefined
COMMAND: POST /session/2eef3865f9633c585bb33c6ac0c7be86/execute/async - {"script":"<script> [2676 bytes]","args":[]}
RESULT: {"script":"<script> [2676 bytes]","args":[]}
COMMAND: POST /session/2eef3865f9633c585bb33c6ac0c7be86/execute/async - {"script":"<script> [2342 bytes]","args":[{"protocol":"http","hostname":"0.0.0.0","path":"/","capabilities":{"browserName":"chrome","goog:chromeOptions":{"binary":"C:\\Program Files\\Google\\Chrome\\Application\\chrome.exe","args":["--start-maximized"]}},"logLevel":"warn","connectionRetryTimeout":120000,"connectionRetryCount":3,"logLevels":{},"enableDirectConnect":true,"strictSSL":true,"_":"65 more keys: [\"cacheDir\",\"port\",\"requestedCapabilities\",\"automationProtocol\",\"baseUrl\",\"waitforInterval\",\"waitforTimeout\",\"onReload\",\"beforeCommand\",\"afterCommand\",\"rootDir\",\"specs\",\"suites\",\"exclude\",\"groupLogsByTestSpec\",\"excludeDriverLogs\",\"bail\",\"framework\",\"reporters\",\"services\",\"maxInstances\",\"maxInstancesPerCapability\",\"injectGlobals\",\"filesToWatch\",\"execArgv\",\"runnerEnv\",\"runner\",\"shard\",\"specFileRetries\",\"specFileRetriesDelay\",\"specFileRetriesDeferred\",\"reporterSyncInterval\",\"reporterSyncTimeout\",\"cucumberFeaturesWithLineNumbers\",\"autoCompileOpts\",\"mochaOpts\",\"jasmineOpts\",\"cucumberOpts\",\"onPrepare\",\"onWorkerStart\",\"onWorkerEnd\",\"before\",\"beforeSession\",\"beforeSuite\",\"beforeHook\",\"beforeTest\",\"afterTest\",\"afterHook\",\"afterSuite\",\"afterSession\",\"after\",\"onComplete\",\"beforeAssertion\",\"afterAssertion\",\"beforeFeature\",\"beforeScenario\",\"beforeStep\",\"afterStep\",\"afterScenario\",\"afterFeature\",\"_\",\"suite\",\"$0\",\"ignoredWorkerServices\",\"wdi5\"]"}]}
RESULT: {"script":"<script> [2342 bytes]","args":[{"protocol":"http","hostname":"0.0.0.0","path":"/","capabilities":{"browserName":"chrome","goog:chromeOptions":{"binary":"C:\\Program Files\\Google\\Chrome\\Application\\chrome.exe","args":["--start-maximized"]}},"logLevel":"warn","connectionRetryTimeout":120000,"connectionRetryCount":3,"logLevels":{},"enableDirectConnect":true,"strictSSL":true,"_":"65 more keys: [\"cacheDir\",\"port\",\"requestedCapabilities\",\"automationProtocol\",\"baseUrl\",\"waitforInterval\",\"waitforTimeout\",\"onReload\",\"beforeCommand\",\"afterCommand\",\"rootDir\",\"specs\",\"suites\",\"exclude\",\"groupLogsByTestSpec\",\"excludeDriverLogs\",\"bail\",\"framework\",\"reporters\",\"services\",\"maxInstances\",\"maxInstancesPerCapability\",\"injectGlobals\",\"filesToWatch\",\"execArgv\",\"runnerEnv\",\"runner\",\"shard\",\"specFileRetries\",\"specFileRetriesDelay\",\"specFileRetriesDeferred\",\"reporterSyncInterval\",\"reporterSyncTimeout\",\"cucumberFeaturesWithLineNumbers\",\"autoCompileOpts\",\"mochaOpts\",\"jasmineOpts\",\"cucumberOpts\",\"onPrepare\",\"onWorkerStart\",\"onWorkerEnd\",\"before\",\"beforeSession\",\"beforeSuite\",\"beforeHook\",\"beforeTest\",\"afterTest\",\"afterHook\",\"afterSuite\",\"afterSession\",\"after\",\"onComplete\",\"beforeAssertion\",\"afterAssertion\",\"beforeFeature\",\"beforeScenario\",\"beforeStep\",\"afterStep\",\"afterScenario\",\"afterFeature\",\"_\",\"suite\",\"$0\",\"ignoredWorkerServices\",\"wdi5\"]"}]}
COMMAND: POST /session/2eef3865f9633c585bb33c6ac0c7be86/execute/async - {"script":"<script> [21126 bytes]","args":[35000]}
RESULT: {"script":"<script> [21126 bytes]","args":[35000]}
COMMAND: POST /session/2eef3865f9633c585bb33c6ac0c7be86/window/maximize - {}
RESULT: {}
COMMAND: POST /session/2eef3865f9633c585bb33c6ac0c7be86/execute/async - {"script":"<script> [1562 bytes]","args":[{"selector":{"id":"shell-header","interaction":{"idSuffix":"icon"}},"wdio_ui5_key":"shellheader"}]}
COMMAND: GET /session/2eef3865f9633c585bb33c6ac0c7be86/screenshot - {}
RESULT: {"script":"<script> [1562 bytes]","args":[{"selector":{"id":"shell-header","interaction":{"idSuffix":"icon"}},"wdio_ui5_key":"shellheader"}]}
RESULT: undefined
COMMAND: POST /session/2eef3865f9633c585bb33c6ac0c7be86/window/fullscreen - {}
RESULT: {}
RESULT: {}
]]></system-out>
    </testcase>
  </testsuite>
  <testsuite timestamp="2025-05-25T17:01:00" time="146.908" tests="4" failures="0" errors="0" skipped="0">
    <properties>
      <property name="specId" value="0"/>
      <property name="suiteName" value="Provide to Site w/o warehouse management w/o clarification US116612"/>
      <property name="capabilities" value="chrome.136_0_7103_93.windows"/>
      <property name="file" value="file:///D:/a/1/s/test/specs/HTR/provide-to-site-wo-warehouse-wo-clarification.spec.js"/>
    </properties>
    <testcase classname="chrome.136_0_7103_93.windows.Provide_to_Site_w/o_warehouse_management_w/o_clarification_US116612" name="Should create a new yard" time="0.015">
      <system-out><![CDATA[
COMMAND: POST /session/2eef3865f9633c585bb33c6ac0c7be86/window/fullscreen - {}
RESULT: {}
]]></system-out>
    </testcase>
    <testcase classname="chrome.136_0_7103_93.windows.Provide_to_Site_w/o_warehouse_management_w/o_clarification_US116612" name="Should create a new external partner" time="0.004"/>
    <testcase classname="chrome.136_0_7103_93.windows.Provide_to_Site_w/o_warehouse_management_w/o_clarification_US116612" name="Should create a new site" time="0.004"/>
    <testcase classname="chrome.136_0_7103_93.windows.Provide_to_Site_w/o_warehouse_management_w/o_clarification_US116612" name="Should create a new material" time="126.549">
      <system-out><![CDATA[
COMMAND: POST /session/2eef3865f9633c585bb33c6ac0c7be86/execute/async - {"script":"<script> [1562 bytes]","args":[{"selector":{"controlType":"sap.m.GenericTile","properties":{"header":"Manage Resources"}},"wdio_ui5_key":"sapm.GenericTile{\"header\":\"Manage Resources\"}"}]}
RESULT: {"script":"<script> [1562 bytes]","args":[{"selector":{"controlType":"sap.m.GenericTile","properties":{"header":"Manage Resources"}},"wdio_ui5_key":"sapm.GenericTile{\"header\":\"Manage Resources\"}"}]}
RESULT: undefined
COMMAND: POST /session/2eef3865f9633c585bb33c6ac0c7be86/element - {"using":"xpath","value":"//*[@id=\"__tile31\"]"}
RESULT: {"using":"xpath","value":"//*[@id=\"__tile31\"]"}
COMMAND: POST /session/2eef3865f9633c585bb33c6ac0c7be86/element/f.38388B4EA542EE9F87EA90A6B1549037.d.923DDEC5A588C01846194BD7040D77C3.e.13788/click - {}
RESULT: {}
COMMAND: GET /session/2eef3865f9633c585bb33c6ac0c7be86/screenshot - {}
COMMAND: POST /session/2eef3865f9633c585bb33c6ac0c7be86/elements - {"using":"xpath","value":"//span[text()='Error']"}
RESULT: {}
RESULT: {"using":"xpath","value":"//span[text()='Error']"}
COMMAND: POST /session/2eef3865f9633c585bb33c6ac0c7be86/element - {"using":"xpath","value":"//button[@data-kt=\"addNewRUOverflowToolbarButton\"]"}
RESULT: {"using":"xpath","value":"//button[@data-kt=\"addNewRUOverflowToolbarButton\"]"}
COMMAND: POST /session/2eef3865f9633c585bb33c6ac0c7be86/elements - {"using":"xpath","value":"//button[@data-kt=\"addNewRUOverflowToolbarButton\"]"}
RESULT: {"using":"xpath","value":"//button[@data-kt=\"addNewRUOverflowToolbarButton\"]"}
COMMAND: POST /session/2eef3865f9633c585bb33c6ac0c7be86/execute/sync - {"script":"<script> [8489 bytes]","args":[{"element-6066-11e4-a52e-4f735466cecf":"f.38388B4EA542EE9F87EA90A6B1549037.d.923DDEC5A588C01846194BD7040D77C3.e.13928","ELEMENT":"f.38388B4EA542EE9F87EA90A6B1549037.d.923DDEC5A588C01846194BD7040D77C3.e.13928"}]}
RESULT: {"script":"<script> [8489 bytes]","args":[{"element-6066-11e4-a52e-4f735466cecf":"f.38388B4EA542EE9F87EA90A6B1549037.d.923DDEC5A588C01846194BD7040D77C3.e.13928","ELEMENT":"f.38388B4EA542EE9F87EA90A6B1549037.d.923DDEC5A588C01846194BD7040D77C3.e.13928"}]}
COMMAND: GET /session/2eef3865f9633c585bb33c6ac0c7be86/element/f.38388B4EA542EE9F87EA90A6B1549037.d.923DDEC5A588C01846194BD7040D77C3.e.13928/enabled - {}
COMMAND: GET /session/2eef3865f9633c585bb33c6ac0c7be86/screenshot - {}
RESULT: {}
COMMAND: POST /session/2eef3865f9633c585bb33c6ac0c7be86/execute/sync - {"script":"<script> [8489 bytes]","args":[{"element-6066-11e4-a52e-4f735466cecf":"f.38388B4EA542EE9F87EA90A6B1549037.d.923DDEC5A588C01846194BD7040D77C3.e.13928","ELEMENT":"f.38388B4EA542EE9F87EA90A6B1549037.d.923DDEC5A588C01846194BD7040D77C3.e.13928"}]}
COMMAND: GET /session/2eef3865f9633c585bb33c6ac0c7be86/screenshot - {}
RESULT: {}
RESULT: {"script":"<script> [8489 bytes]","args":[{"element-6066-11e4-a52e-4f735466cecf":"f.38388B4EA542EE9F87EA90A6B1549037.d.923DDEC5A588C01846194BD7040D77C3.e.13928","ELEMENT":"f.38388B4EA542EE9F87EA90A6B1549037.d.923DDEC5A588C01846194BD7040D77C3.e.13928"}]}
COMMAND: POST /session/2eef3865f9633c585bb33c6ac0c7be86/execute/sync - {"script":"<script> [5351 bytes]","args":[{"element-6066-11e4-a52e-4f735466cecf":"f.38388B4EA542EE9F87EA90A6B1549037.d.923DDEC5A588C01846194BD7040D77C3.e.13928","ELEMENT":"f.38388B4EA542EE9F87EA90A6B1549037.d.923DDEC5A588C01846194BD7040D77C3.e.13928"}]}
COMMAND: GET /session/2eef3865f9633c585bb33c6ac0c7be86/screenshot - {}
RESULT: {}
RESULT: {"script":"<script> [5351 bytes]","args":[{"element-6066-11e4-a52e-4f735466cecf":"f.38388B4EA542EE9F87EA90A6B1549037.d.923DDEC5A588C01846194BD7040D77C3.e.13928","ELEMENT":"f.38388B4EA542EE9F87EA90A6B1549037.d.923DDEC5A588C01846194BD7040D77C3.e.13928"}]}
COMMAND: POST /session/2eef3865f9633c585bb33c6ac0c7be86/element/f.38388B4EA542EE9F87EA90A6B1549037.d.923DDEC5A588C01846194BD7040D77C3.e.13928/click - {}
COMMAND: GET /session/2eef3865f9633c585bb33c6ac0c7be86/screenshot - {}
RESULT: {}
RESULT: {}
COMMAND: GET /session/2eef3865f9633c585bb33c6ac0c7be86/screenshot - {}
COMMAND: POST /session/2eef3865f9633c585bb33c6ac0c7be86/execute/async - {"script":"<script> [1562 bytes]","args":[{"selector":{"id":"application-manageresources-display-component---newResourceUnit--TYPE-arrow"},"wdio_ui5_key":"applicationmanageresources-display-component---newResourceUnit--TYPE-arrow"}]}
RESULT: {}
RESULT: {}
RESULT: {"script":"<script> [1562 bytes]","args":[{"selector":{"id":"application-manageresources-display-component---newResourceUnit--TYPE-arrow"},"wdio_ui5_key":"applicationmanageresources-display-component---newResourceUnit--TYPE-arrow"}]}
RESULT: undefined
COMMAND: POST /session/2eef3865f9633c585bb33c6ac0c7be86/element - {"using":"xpath","value":"//*[@id=\"application-manageresources-display-component---newResourceUnit--TYPE-arrow\"]"}
RESULT: {"using":"xpath","value":"//*[@id=\"application-manageresources-display-component---newResourceUnit--TYPE-arrow\"]"}
COMMAND: POST /session/2eef3865f9633c585bb33c6ac0c7be86/element/f.38388B4EA542EE9F87EA90A6B1549037.d.923DDEC5A588C01846194BD7040D77C3.e.14274/click - {}
RESULT: {}
COMMAND: POST /session/2eef3865f9633c585bb33c6ac0c7be86/element - {"using":"xpath","value":"//input[@id=\"application-manageresources-display-component---newResourceUnit--TYPE-inner\"]"}
COMMAND: GET /session/2eef3865f9633c585bb33c6ac0c7be86/screenshot - {}
RESULT: {"using":"xpath","value":"//input[@id=\"application-manageresources-display-component---newResourceUnit--TYPE-inner\"]"}
COMMAND: POST /session/2eef3865f9633c585bb33c6ac0c7be86/element/f.38388B4EA542EE9F87EA90A6B1549037.d.923DDEC5A588C01846194BD7040D77C3.e.14268/clear - {}
RESULT: {}
RESULT: {}
COMMAND: POST /session/2eef3865f9633c585bb33c6ac0c7be86/element/f.38388B4EA542EE9F87EA90A6B1549037.d.923DDEC5A588C01846194BD7040D77C3.e.14268/value - {"text":"Material"}
COMMAND: GET /session/2eef3865f9633c585bb33c6ac0c7be86/screenshot - {}
RESULT: {"text":"Material"}
COMMAND: GET /session/2eef3865f9633c585bb33c6ac0c7be86/screenshot - {}
RESULT: {}
RESULT: {}
COMMAND: POST /session/2eef3865f9633c585bb33c6ac0c7be86/actions - {"actions":[{"id":"action44","type":"key","parameters":{},"actions":[{"type":"keyDown","value":""},{"type":"pause","duration":10},{"type":"keyUp","value":""}]}]}
RESULT: {"actions":[{"id":"action44","type":"key","parameters":{},"actions":[{"type":"keyDown","value":""},{"type":"pause","duration":10},{"type":"keyUp","value":""}]}]}
COMMAND: POST /session/2eef3865f9633c585bb33c6ac0c7be86/execute/async - {"script":"<script> [1562 bytes]","args":[{"selector":{"id":"application-manageresources-display-component---newResourceUnit--SHORT_TEXT","interaction":{"idSuffix":"inner"}},"wdio_ui5_key":"applicationmanageresources-display-component---newResourceUnit--SHORT_TEXT"}]}
COMMAND: GET /session/2eef3865f9633c585bb33c6ac0c7be86/screenshot - {}
RESULT: {"script":"<script> [1562 bytes]","args":[{"selector":{"id":"application-manageresources-display-component---newResourceUnit--SHORT_TEXT","interaction":{"idSuffix":"inner"}},"wdio_ui5_key":"applicationmanageresources-display-component---newResourceUnit--SHORT_TEXT"}]}
RESULT: undefined
COMMAND: POST /session/2eef3865f9633c585bb33c6ac0c7be86/execute/async - {"script":"<script> [776 bytes]","args":[{"enterText":"Cement WDIO","selector":{"id":"application-manageresources-display-component---newResourceUnit--SHORT_TEXT","interaction":{"idSuffix":"inner"}},"clearTextFirst":true,"interactionType":"ENTER_TEXT"}]}
RESULT: {}
RESULT: {"script":"<script> [776 bytes]","args":[{"enterText":"Cement WDIO","selector":{"id":"application-manageresources-display-component---newResourceUnit--SHORT_TEXT","interaction":{"idSuffix":"inner"}},"clearTextFirst":true,"interactionType":"ENTER_TEXT"}]}
COMMAND: POST /session/2eef3865f9633c585bb33c6ac0c7be86/execute/async - {"script":"<script> [1562 bytes]","args":[{"selector":{"id":"application-manageresources-display-component---newResourceUnit--BASE_UNIT_OF_MEASURE","interaction":{"idSuffix":"inner"}},"wdio_ui5_key":"applicationmanageresources-display-component---newResourceUnit--BASE_UNIT_OF_MEASURE"}]}
RESULT: {"script":"<script> [1562 bytes]","args":[{"selector":{"id":"application-manageresources-display-component---newResourceUnit--BASE_UNIT_OF_MEASURE","interaction":{"idSuffix":"inner"}},"wdio_ui5_key":"applicationmanageresources-display-component---newResourceUnit--BASE_UNIT_OF_MEASURE"}]}
RESULT: undefined
COMMAND: POST /session/2eef3865f9633c585bb33c6ac0c7be86/execute/async - {"script":"<script> [776 bytes]","args":[{"enterText":"Piece","selector":{"id":"application-manageresources-display-component---newResourceUnit--BASE_UNIT_OF_MEASURE","interaction":{"idSuffix":"inner"}},"clearTextFirst":true,"interactionType":"ENTER_TEXT"}]}
RESULT: {"script":"<script> [776 bytes]","args":[{"enterText":"Piece","selector":{"id":"application-manageresources-display-component---newResourceUnit--BASE_UNIT_OF_MEASURE","interaction":{"idSuffix":"inner"}},"clearTextFirst":true,"interactionType":"ENTER_TEXT"}]}
COMMAND: POST /session/2eef3865f9633c585bb33c6ac0c7be86/execute/async - {"script":"<script> [1562 bytes]","args":[{"selector":{"id":"application-manageresources-display-component---newResourceUnit--WEIGHT_UNIT","interaction":{"idSuffix":"inner"}},"wdio_ui5_key":"applicationmanageresources-display-component---newResourceUnit--WEIGHT_UNIT"}]}
RESULT: {"script":"<script> [1562 bytes]","args":[{"selector":{"id":"application-manageresources-display-component---newResourceUnit--WEIGHT_UNIT","interaction":{"idSuffix":"inner"}},"wdio_ui5_key":"applicationmanageresources-display-component---newResourceUnit--WEIGHT_UNIT"}]}
RESULT: undefined
COMMAND: POST /session/2eef3865f9633c585bb33c6ac0c7be86/execute/async - {"script":"<script> [776 bytes]","args":[{"enterText":"Gram","selector":{"id":"application-manageresources-display-component---newResourceUnit--WEIGHT_UNIT","interaction":{"idSuffix":"inner"}},"clearTextFirst":true,"interactionType":"ENTER_TEXT"}]}
RESULT: {"script":"<script> [776 bytes]","args":[{"enterText":"Gram","selector":{"id":"application-manageresources-display-component---newResourceUnit--WEIGHT_UNIT","interaction":{"idSuffix":"inner"}},"clearTextFirst":true,"interactionType":"ENTER_TEXT"}]}
COMMAND: POST /session/2eef3865f9633c585bb33c6ac0c7be86/execute/async - {"script":"<script> [1562 bytes]","args":[{"selector":{"id":"application-manageresources-display-component---newResourceUnit--DIMENSION_UNIT","interaction":{"idSuffix":"inner"}},"wdio_ui5_key":"applicationmanageresources-display-component---newResourceUnit--DIMENSION_UNIT"}]}
RESULT: {"script":"<script> [1562 bytes]","args":[{"selector":{"id":"application-manageresources-display-component---newResourceUnit--DIMENSION_UNIT","interaction":{"idSuffix":"inner"}},"wdio_ui5_key":"applicationmanageresources-display-component---newResourceUnit--DIMENSION_UNIT"}]}
RESULT: undefined
COMMAND: POST /session/2eef3865f9633c585bb33c6ac0c7be86/execute/async - {"script":"<script> [776 bytes]","args":[{"enterText":"Meter","selector":{"id":"application-manageresources-display-component---newResourceUnit--DIMENSION_UNIT","interaction":{"idSuffix":"inner"}},"clearTextFirst":true,"interactionType":"ENTER_TEXT"}]}
RESULT: {"script":"<script> [776 bytes]","args":[{"enterText":"Meter","selector":{"id":"application-manageresources-display-component---newResourceUnit--DIMENSION_UNIT","interaction":{"idSuffix":"inner"}},"clearTextFirst":true,"interactionType":"ENTER_TEXT"}]}
COMMAND: POST /session/2eef3865f9633c585bb33c6ac0c7be86/execute/async - {"script":"<script> [1562 bytes]","args":[{"selector":{"id":"application-manageresources-display-component---newResourceUnit--newRRUPage-anchBar-application-manageresources-display-component---newResourceUnit--control-anchor","interaction":{"idSuffix":"BDI-content"}},"wdio_ui5_key":"applicationmanageresources-display-component---newResourceUnit--newRRUPage-anchBar-application-manageresources-display-component---newResourceUnit--control-anchor"}]}
RESULT: {"script":"<script> [1562 bytes]","args":[{"selector":{"id":"application-manageresources-display-component---newResourceUnit--newRRUPage-anchBar-application-manageresources-display-component---newResourceUnit--control-anchor","interaction":{"idSuffix":"BDI-content"}},"wdio_ui5_key":"applicationmanageresources-display-component---newResourceUnit--newRRUPage-anchBar-application-manageresources-display-component---newResourceUnit--control-anchor"}]}
RESULT: undefined
COMMAND: POST /session/2eef3865f9633c585bb33c6ac0c7be86/element - {"using":"xpath","value":"//*[@id=\"application-manageresources-display-component---newResourceUnit--newRRUPage-anchBar-application-manageresources-display-component---newResourceUnit--control-anchor\"]"}
RESULT: {"using":"xpath","value":"//*[@id=\"application-manageresources-display-component---newResourceUnit--newRRUPage-anchBar-application-manageresources-display-component---newResourceUnit--control-anchor\"]"}
COMMAND: POST /session/2eef3865f9633c585bb33c6ac0c7be86/element/f.38388B4EA542EE9F87EA90A6B1549037.d.923DDEC5A588C01846194BD7040D77C3.e.14406/click - {}
RESULT: {}
COMMAND: POST /session/2eef3865f9633c585bb33c6ac0c7be86/execute/async - {"script":"<script> [1562 bytes]","args":[{"selector":{"id":"application-manageresources-display-component---newResourceUnit--PLANNING_GROUP","interaction":{"idSuffix":"inner"}},"wdio_ui5_key":"applicationmanageresources-display-component---newResourceUnit--PLANNING_GROUP"}]}
COMMAND: GET /session/2eef3865f9633c585bb33c6ac0c7be86/screenshot - {}
RESULT: {"script":"<script> [1562 bytes]","args":[{"selector":{"id":"application-manageresources-display-component---newResourceUnit--PLANNING_GROUP","interaction":{"idSuffix":"inner"}},"wdio_ui5_key":"applicationmanageresources-display-component---newResourceUnit--PLANNING_GROUP"}]}
RESULT: undefined
COMMAND: POST /session/2eef3865f9633c585bb33c6ac0c7be86/execute/async - {"script":"<script> [776 bytes]","args":[{"enterText":"Material","selector":{"id":"application-manageresources-display-component---newResourceUnit--PLANNING_GROUP","interaction":{"idSuffix":"inner"}},"clearTextFirst":true,"interactionType":"ENTER_TEXT"}]}
RESULT: {}
RESULT: {"script":"<script> [776 bytes]","args":[{"enterText":"Material","selector":{"id":"application-manageresources-display-component---newResourceUnit--PLANNING_GROUP","interaction":{"idSuffix":"inner"}},"clearTextFirst":true,"interactionType":"ENTER_TEXT"}]}
COMMAND: POST /session/2eef3865f9633c585bb33c6ac0c7be86/execute/async - {"script":"<script> [1562 bytes]","args":[{"selector":{"id":"application-manageresources-display-component---newResourceUnit--PLANNING_INDICATOR","interaction":{"idSuffix":"inner"}},"wdio_ui5_key":"applicationmanageresources-display-component---newResourceUnit--PLANNING_INDICATOR"}]}
RESULT: {"script":"<script> [1562 bytes]","args":[{"selector":{"id":"application-manageresources-display-component---newResourceUnit--PLANNING_INDICATOR","interaction":{"idSuffix":"inner"}},"wdio_ui5_key":"applicationmanageresources-display-component---newResourceUnit--PLANNING_INDICATOR"}]}
RESULT: undefined
COMMAND: POST /session/2eef3865f9633c585bb33c6ac0c7be86/execute/async - {"script":"<script> [776 bytes]","args":[{"enterText":"10 - infinite","selector":{"id":"application-manageresources-display-component---newResourceUnit--PLANNING_INDICATOR","interaction":{"idSuffix":"inner"}},"clearTextFirst":true,"interactionType":"ENTER_TEXT"}]}
RESULT: {"script":"<script> [776 bytes]","args":[{"enterText":"10 - infinite","selector":{"id":"application-manageresources-display-component---newResourceUnit--PLANNING_INDICATOR","interaction":{"idSuffix":"inner"}},"clearTextFirst":true,"interactionType":"ENTER_TEXT"}]}
COMMAND: POST /session/2eef3865f9633c585bb33c6ac0c7be86/element - {"using":"css selector","value":"#application-manageresources-display-component---newResourceUnit--btnAddTimeSegment"}
RESULT: {"using":"css selector","value":"#application-manageresources-display-component---newResourceUnit--btnAddTimeSegment"}
COMMAND: GET /session/2eef3865f9633c585bb33c6ac0c7be86/element/f.38388B4EA542EE9F87EA90A6B1549037.d.923DDEC5A588C01846194BD7040D77C3.e.14416/rect - {}
RESULT: {}
COMMAND: GET /session/2eef3865f9633c585bb33c6ac0c7be86/window/rect - {}
RESULT: {}
COMMAND: POST /session/2eef3865f9633c585bb33c6ac0c7be86/execute/sync - {"script":"<script> [92 bytes]","args":[]}
RESULT: {"script":"<script> [92 bytes]","args":[]}
COMMAND: POST /session/2eef3865f9633c585bb33c6ac0c7be86/actions - {"actions":[{"id":"action45","type":"wheel","parameters":{},"actions":[{"type":"scroll","x":-1888,"y":-32,"deltaX":0,"deltaY":0,"duration":0,"origin":{"element-6066-11e4-a52e-4f735466cecf":"f.38388B4EA542EE9F87EA90A6B1549037.d.923DDEC5A588C01846194BD7040D77C3.e.14416"}}]}]}
COMMAND: GET /session/2eef3865f9633c585bb33c6ac0c7be86/screenshot - {}
RESULT: {}
COMMAND: POST /session/2eef3865f9633c585bb33c6ac0c7be86/execute/sync - {"script":"<script> [79 bytes]","args":[{"element-6066-11e4-a52e-4f735466cecf":"f.38388B4EA542EE9F87EA90A6B1549037.d.923DDEC5A588C01846194BD7040D77C3.e.14416","ELEMENT":"f.38388B4EA542EE9F87EA90A6B1549037.d.923DDEC5A588C01846194BD7040D77C3.e.14416"},{"block":"start","inline":"nearest"}]}
RESULT: {"script":"<script> [79 bytes]","args":[{"element-6066-11e4-a52e-4f735466cecf":"f.38388B4EA542EE9F87EA90A6B1549037.d.923DDEC5A588C01846194BD7040D77C3.e.14416","ELEMENT":"f.38388B4EA542EE9F87EA90A6B1549037.d.923DDEC5A588C01846194BD7040D77C3.e.14416"},{"block":"start","inline":"nearest"}]}
COMMAND: POST /session/2eef3865f9633c585bb33c6ac0c7be86/execute/async - {"script":"<script> [1562 bytes]","args":[{"selector":{"id":"application-manageresources-display-component---newResourceUnit--btnAddTimeSegment","interaction":{"idSuffix":"inner"}},"wdio_ui5_key":"applicationmanageresources-display-component---newResourceUnit--btnAddTimeSegment"}]}
COMMAND: GET /session/2eef3865f9633c585bb33c6ac0c7be86/screenshot - {}
RESULT: {"script":"<script> [1562 bytes]","args":[{"selector":{"id":"application-manageresources-display-component---newResourceUnit--btnAddTimeSegment","interaction":{"idSuffix":"inner"}},"wdio_ui5_key":"applicationmanageresources-display-component---newResourceUnit--btnAddTimeSegment"}]}
RESULT: undefined
COMMAND: POST /session/2eef3865f9633c585bb33c6ac0c7be86/element - {"using":"xpath","value":"//*[@id=\"application-manageresources-display-component---newResourceUnit--btnAddTimeSegment\"]"}
RESULT: {}
RESULT: {"using":"xpath","value":"//*[@id=\"application-manageresources-display-component---newResourceUnit--btnAddTimeSegment\"]"}
COMMAND: POST /session/2eef3865f9633c585bb33c6ac0c7be86/element/f.38388B4EA542EE9F87EA90A6B1549037.d.923DDEC5A588C01846194BD7040D77C3.e.14416/click - {}
RESULT: {}
COMMAND: GET /session/2eef3865f9633c585bb33c6ac0c7be86/screenshot - {}
RESULT: {}
COMMAND: POST /session/2eef3865f9633c585bb33c6ac0c7be86/element - {"using":"xpath","value":"//input[@id=\"application-manageresources-display-component---newResourceUnit--idRuTSAdmin-application-manageresources-display-component---newResourceUnit--RUTimeSegment-0-inner\"]"}
RESULT: {"using":"xpath","value":"//input[@id=\"application-manageresources-display-component---newResourceUnit--idRuTSAdmin-application-manageresources-display-component---newResourceUnit--RUTimeSegment-0-inner\"]"}
COMMAND: POST /session/2eef3865f9633c585bb33c6ac0c7be86/element/f.38388B4EA542EE9F87EA90A6B1549037.d.923DDEC5A588C01846194BD7040D77C3.e.14421/clear - {}
RESULT: {}
COMMAND: POST /session/2eef3865f9633c585bb33c6ac0c7be86/element/f.38388B4EA542EE9F87EA90A6B1549037.d.923DDEC5A588C01846194BD7040D77C3.e.14421/value - {"text":"277"}
COMMAND: GET /session/2eef3865f9633c585bb33c6ac0c7be86/screenshot - {}
RESULT: {"text":"277"}
COMMAND: GET /session/2eef3865f9633c585bb33c6ac0c7be86/screenshot - {}
RESULT: {}
RESULT: {}
COMMAND: POST /session/2eef3865f9633c585bb33c6ac0c7be86/element - {"using":"xpath","value":"//li[.//span[text()='277']]"}
RESULT: {"using":"xpath","value":"//li[.//span[text()='277']]"}
COMMAND: POST /session/2eef3865f9633c585bb33c6ac0c7be86/element/f.38388B4EA542EE9F87EA90A6B1549037.d.923DDEC5A588C01846194BD7040D77C3.e.14430/click - {}
RESULT: {}
COMMAND: GET /session/2eef3865f9633c585bb33c6ac0c7be86/screenshot - {}
RESULT: {}
COMMAND: POST /session/2eef3865f9633c585bb33c6ac0c7be86/element - {"using":"xpath","value":"(//span[contains(@id, \"-application-manageresources-display-component---newResourceUnit--RUTimeSegment-0-arrow\")])[2]"}
RESULT: {"using":"xpath","value":"(//span[contains(@id, \"-application-manageresources-display-component---newResourceUnit--RUTimeSegment-0-arrow\")])[2]"}
COMMAND: POST /session/2eef3865f9633c585bb33c6ac0c7be86/element/f.38388B4EA542EE9F87EA90A6B1549037.d.923DDEC5A588C01846194BD7040D77C3.e.14431/click - {}
RESULT: {}
COMMAND: POST /session/2eef3865f9633c585bb33c6ac0c7be86/element - {"using":"xpath","value":"//span[contains(text(), \"PM Order\")]"}
COMMAND: GET /session/2eef3865f9633c585bb33c6ac0c7be86/screenshot - {}
RESULT: {"using":"xpath","value":"//span[contains(text(), \"PM Order\")]"}
COMMAND: POST /session/2eef3865f9633c585bb33c6ac0c7be86/element/f.38388B4EA542EE9F87EA90A6B1549037.d.923DDEC5A588C01846194BD7040D77C3.e.14432/click - {}
RESULT: {}
RESULT: {}
COMMAND: GET /session/2eef3865f9633c585bb33c6ac0c7be86/screenshot - {}
RESULT: {}
COMMAND: POST /session/2eef3865f9633c585bb33c6ac0c7be86/element - {"using":"xpath","value":"//td/div/div/div/span[contains(@id, \"newResourceUnit--RUTimeSegment-0-vhi\")][1]"}
RESULT: {"using":"xpath","value":"//td/div/div/div/span[contains(@id, \"newResourceUnit--RUTimeSegment-0-vhi\")][1]"}
COMMAND: GET /session/2eef3865f9633c585bb33c6ac0c7be86/element/f.38388B4EA542EE9F87EA90A6B1549037.d.923DDEC5A588C01846194BD7040D77C3.e.14436/rect - {}
RESULT: {}
COMMAND: GET /session/2eef3865f9633c585bb33c6ac0c7be86/window/rect - {}
RESULT: {}
COMMAND: POST /session/2eef3865f9633c585bb33c6ac0c7be86/execute/sync - {"script":"<script> [92 bytes]","args":[]}
RESULT: {"script":"<script> [92 bytes]","args":[]}
COMMAND: POST /session/2eef3865f9633c585bb33c6ac0c7be86/actions - {"actions":[{"id":"action46","type":"wheel","parameters":{},"actions":[{"type":"scroll","x":-1888,"y":-24,"deltaX":0,"deltaY":0,"duration":0,"origin":{"element-6066-11e4-a52e-4f735466cecf":"f.38388B4EA542EE9F87EA90A6B1549037.d.923DDEC5A588C01846194BD7040D77C3.e.14436"}}]}]}
COMMAND: GET /session/2eef3865f9633c585bb33c6ac0c7be86/screenshot - {}
RESULT: {}
COMMAND: POST /session/2eef3865f9633c585bb33c6ac0c7be86/execute/sync - {"script":"<script> [79 bytes]","args":[{"element-6066-11e4-a52e-4f735466cecf":"f.38388B4EA542EE9F87EA90A6B1549037.d.923DDEC5A588C01846194BD7040D77C3.e.14436","ELEMENT":"f.38388B4EA542EE9F87EA90A6B1549037.d.923DDEC5A588C01846194BD7040D77C3.e.14436"},{"block":"start","inline":"nearest"}]}
RESULT: {"script":"<script> [79 bytes]","args":[{"element-6066-11e4-a52e-4f735466cecf":"f.38388B4EA542EE9F87EA90A6B1549037.d.923DDEC5A588C01846194BD7040D77C3.e.14436","ELEMENT":"f.38388B4EA542EE9F87EA90A6B1549037.d.923DDEC5A588C01846194BD7040D77C3.e.14436"},{"block":"start","inline":"nearest"}]}
COMMAND: GET /session/2eef3865f9633c585bb33c6ac0c7be86/screenshot - {}
RESULT: {}
COMMAND: POST /session/2eef3865f9633c585bb33c6ac0c7be86/element/f.38388B4EA542EE9F87EA90A6B1549037.d.923DDEC5A588C01846194BD7040D77C3.e.14436/click - {}
RESULT: {}
COMMAND: GET /session/2eef3865f9633c585bb33c6ac0c7be86/screenshot - {}
RESULT: {}
COMMAND: POST /session/2eef3865f9633c585bb33c6ac0c7be86/execute/async - {"script":"<script> [1562 bytes]","args":[{"selector":{"controlType":"sap.m.SearchField","properties":{"placeholder":"Search"},"searchOpenDialogs":true,"interaction":{"idSuffix":"I"}},"wdio_ui5_key":"sapm.SearchField{\"placeholder\":\"Search\"}"}]}
RESULT: {"script":"<script> [1562 bytes]","args":[{"selector":{"controlType":"sap.m.SearchField","properties":{"placeholder":"Search"},"searchOpenDialogs":true,"interaction":{"idSuffix":"I"}},"wdio_ui5_key":"sapm.SearchField{\"placeholder\":\"Search\"}"}]}
RESULT: undefined
COMMAND: POST /session/2eef3865f9633c585bb33c6ac0c7be86/execute/async - {"script":"<script> [776 bytes]","args":[{"enterText":"4000360","selector":{"controlType":"sap.m.SearchField","properties":{"placeholder":"Search"},"searchOpenDialogs":true,"interaction":{"idSuffix":"I"}},"clearTextFirst":true,"interactionType":"ENTER_TEXT"}]}
RESULT: {"script":"<script> [776 bytes]","args":[{"enterText":"4000360","selector":{"controlType":"sap.m.SearchField","properties":{"placeholder":"Search"},"searchOpenDialogs":true,"interaction":{"idSuffix":"I"}},"clearTextFirst":true,"interactionType":"ENTER_TEXT"}]}
COMMAND: POST /session/2eef3865f9633c585bb33c6ac0c7be86/actions - {"actions":[{"id":"action47","type":"key","parameters":{},"actions":[{"type":"keyDown","value":""},{"type":"pause","duration":10},{"type":"keyUp","value":""}]}]}
RESULT: {"actions":[{"id":"action47","type":"key","parameters":{},"actions":[{"type":"keyDown","value":""},{"type":"pause","duration":10},{"type":"keyUp","value":""}]}]}
COMMAND: GET /session/2eef3865f9633c585bb33c6ac0c7be86/screenshot - {}
RESULT: {}
COMMAND: POST /session/2eef3865f9633c585bb33c6ac0c7be86/element - {"using":"xpath","value":"//td/div/span[contains(text(), \"BGL Vehicles\")]"}
RESULT: {"using":"xpath","value":"//td/div/span[contains(text(), \"BGL Vehicles\")]"}
COMMAND: POST /session/2eef3865f9633c585bb33c6ac0c7be86/element/f.38388B4EA542EE9F87EA90A6B1549037.d.923DDEC5A588C01846194BD7040D77C3.e.14459/click - {}
RESULT: {}
COMMAND: GET /session/2eef3865f9633c585bb33c6ac0c7be86/screenshot - {}
RESULT: {}
COMMAND: POST /session/2eef3865f9633c585bb33c6ac0c7be86/element - {"using":"xpath","value":"//bdi[contains(text(), \"OK\")]"}
RESULT: {"using":"xpath","value":"//bdi[contains(text(), \"OK\")]"}
COMMAND: POST /session/2eef3865f9633c585bb33c6ac0c7be86/element/f.38388B4EA542EE9F87EA90A6B1549037.d.923DDEC5A588C01846194BD7040D77C3.e.14460/click - {}
RESULT: {}
COMMAND: GET /session/2eef3865f9633c585bb33c6ac0c7be86/screenshot - {}
RESULT: {}
COMMAND: POST /session/2eef3865f9633c585bb33c6ac0c7be86/element - {"using":"xpath","value":"//label[contains(@class, 'sapMLabelRequired') and .//bdi[contains(text(), 'Planned Retirement')]]"}
RESULT: {"using":"xpath","value":"//label[contains(@class, 'sapMLabelRequired') and .//bdi[contains(text(), 'Planned Retirement')]]"}
COMMAND: POST /session/2eef3865f9633c585bb33c6ac0c7be86/elements - {"using":"xpath","value":"//label[contains(@class, 'sapMLabelRequired') and .//bdi[contains(text(), 'Planned Retirement')]]"}
RESULT: {"using":"xpath","value":"//label[contains(@class, 'sapMLabelRequired') and .//bdi[contains(text(), 'Planned Retirement')]]"}
COMMAND: POST /session/2eef3865f9633c585bb33c6ac0c7be86/element - {"using":"xpath","value":"//button[@data-kt=\"resourceUnitSaveButton\"]"}
RESULT: {"using":"xpath","value":"//button[@data-kt=\"resourceUnitSaveButton\"]"}
COMMAND: POST /session/2eef3865f9633c585bb33c6ac0c7be86/element/f.38388B4EA542EE9F87EA90A6B1549037.d.923DDEC5A588C01846194BD7040D77C3.e.14293/click - {}
RESULT: {}
COMMAND: GET /session/2eef3865f9633c585bb33c6ac0c7be86/screenshot - {}
RESULT: {}
COMMAND: POST /session/2eef3865f9633c585bb33c6ac0c7be86/element - {"using":"xpath","value":"//bdi[contains(text(), \"Close\")]"}
RESULT: {"using":"xpath","value":"//bdi[contains(text(), \"Close\")]"}
COMMAND: POST /session/2eef3865f9633c585bb33c6ac0c7be86/element/f.38388B4EA542EE9F87EA90A6B1549037.d.923DDEC5A588C01846194BD7040D77C3.e.14467/click - {}
RESULT: {}
COMMAND: GET /session/2eef3865f9633c585bb33c6ac0c7be86/screenshot - {}
RESULT: {}
COMMAND: POST /session/2eef3865f9633c585bb33c6ac0c7be86/element - {"using":"xpath","value":"//header[contains(@id, 'detailRruPage-headerTitle')]/div[1]/div[2]/div[2]/span[1]"}
RESULT: {"using":"xpath","value":"//header[contains(@id, 'detailRruPage-headerTitle')]/div[1]/div[2]/div[2]/span[1]"}
COMMAND: POST /session/2eef3865f9633c585bb33c6ac0c7be86/elements - {"using":"xpath","value":"//header[contains(@id, 'detailRruPage-headerTitle')]/div[1]/div[2]/div[2]/span[1]"}
RESULT: {"using":"xpath","value":"//header[contains(@id, 'detailRruPage-headerTitle')]/div[1]/div[2]/div[2]/span[1]"}
COMMAND: POST /session/2eef3865f9633c585bb33c6ac0c7be86/execute/sync - {"script":"<script> [56 bytes]","args":[{"element-6066-11e4-a52e-4f735466cecf":"f.38388B4EA542EE9F87EA90A6B1549037.d.923DDEC5A588C01846194BD7040D77C3.e.14497","ELEMENT":"f.38388B4EA542EE9F87EA90A6B1549037.d.923DDEC5A588C01846194BD7040D77C3.e.14497"}]}
RESULT: {"script":"<script> [56 bytes]","args":[{"element-6066-11e4-a52e-4f735466cecf":"f.38388B4EA542EE9F87EA90A6B1549037.d.923DDEC5A588C01846194BD7040D77C3.e.14497","ELEMENT":"f.38388B4EA542EE9F87EA90A6B1549037.d.923DDEC5A588C01846194BD7040D77C3.e.14497"}]}
COMMAND: POST /session/2eef3865f9633c585bb33c6ac0c7be86/element - {"using":"css selector","value":"#shell-header-logo"}
COMMAND: GET /session/2eef3865f9633c585bb33c6ac0c7be86/screenshot - {}
RESULT: {"using":"css selector","value":"#shell-header-logo"}
COMMAND: POST /session/2eef3865f9633c585bb33c6ac0c7be86/element/f.38388B4EA542EE9F87EA90A6B1549037.d.923DDEC5A588C01846194BD7040D77C3.e.13769/click - {}
RESULT: {}
RESULT: {}
COMMAND: GET /session/2eef3865f9633c585bb33c6ac0c7be86/screenshot - {}
RESULT: {}
]]></system-out>
    </testcase>
  </testsuite>
  <testsuite timestamp="2025-05-25T17:03:27" time="333.97" tests="6" failures="2" errors="2" skipped="0">
    <properties>
      <property name="specId" value="0"/>
      <property name="suiteName" value="Provide to Site w/o warehouse management w/o clarification"/>
      <property name="capabilities" value="chrome.136_0_7103_93.windows"/>
      <property name="file" value="file:///D:/a/1/s/test/specs/HTR/provide-to-site-wo-warehouse-wo-clarification.spec.js"/>
    </properties>
    <testcase classname="chrome.136_0_7103_93.windows.Provide_to_Site_w/o_warehouse_management_w/o_clarification" name="Should do a stock increase handover" time="87.285">
      <system-out><![CDATA[
COMMAND: POST /session/2eef3865f9633c585bb33c6ac0c7be86/execute/async - {"script":"<script> [1562 bytes]","args":[{"selector":{"controlType":"sap.m.GenericTile","properties":{"header":"Manage Handovers"}},"wdio_ui5_key":"sapm.GenericTile{\"header\":\"Manage Handovers\"}"}]}
RESULT: {"script":"<script> [1562 bytes]","args":[{"selector":{"controlType":"sap.m.GenericTile","properties":{"header":"Manage Handovers"}},"wdio_ui5_key":"sapm.GenericTile{\"header\":\"Manage Handovers\"}"}]}
RESULT: undefined
COMMAND: POST /session/2eef3865f9633c585bb33c6ac0c7be86/element - {"using":"xpath","value":"//*[@id=\"__tile133\"]"}
RESULT: {"using":"xpath","value":"//*[@id=\"__tile133\"]"}
COMMAND: POST /session/2eef3865f9633c585bb33c6ac0c7be86/element/f.38388B4EA542EE9F87EA90A6B1549037.d.923DDEC5A588C01846194BD7040D77C3.e.13815/click - {}
RESULT: {}
COMMAND: GET /session/2eef3865f9633c585bb33c6ac0c7be86/screenshot - {}
RESULT: {}
COMMAND: POST /session/2eef3865f9633c585bb33c6ac0c7be86/elements - {"using":"xpath","value":"//span[text()='Error']"}
RESULT: {"using":"xpath","value":"//span[text()='Error']"}
COMMAND: POST /session/2eef3865f9633c585bb33c6ac0c7be86/element - {"using":"xpath","value":"//button[@data-kt=\"masterHOAddButton\"]"}
RESULT: {"using":"xpath","value":"//button[@data-kt=\"masterHOAddButton\"]"}
COMMAND: POST /session/2eef3865f9633c585bb33c6ac0c7be86/elements - {"using":"xpath","value":"//button[@data-kt=\"masterHOAddButton\"]"}
RESULT: {"using":"xpath","value":"//button[@data-kt=\"masterHOAddButton\"]"}
COMMAND: POST /session/2eef3865f9633c585bb33c6ac0c7be86/execute/sync - {"script":"<script> [8489 bytes]","args":[{"element-6066-11e4-a52e-4f735466cecf":"f.38388B4EA542EE9F87EA90A6B1549037.d.923DDEC5A588C01846194BD7040D77C3.e.14533","ELEMENT":"f.38388B4EA542EE9F87EA90A6B1549037.d.923DDEC5A588C01846194BD7040D77C3.e.14533"}]}
RESULT: {"script":"<script> [8489 bytes]","args":[{"element-6066-11e4-a52e-4f735466cecf":"f.38388B4EA542EE9F87EA90A6B1549037.d.923DDEC5A588C01846194BD7040D77C3.e.14533","ELEMENT":"f.38388B4EA542EE9F87EA90A6B1549037.d.923DDEC5A588C01846194BD7040D77C3.e.14533"}]}
COMMAND: GET /session/2eef3865f9633c585bb33c6ac0c7be86/element/f.38388B4EA542EE9F87EA90A6B1549037.d.923DDEC5A588C01846194BD7040D77C3.e.14533/enabled - {}
COMMAND: GET /session/2eef3865f9633c585bb33c6ac0c7be86/screenshot - {}
RESULT: {}
COMMAND: POST /session/2eef3865f9633c585bb33c6ac0c7be86/execute/sync - {"script":"<script> [8489 bytes]","args":[{"element-6066-11e4-a52e-4f735466cecf":"f.38388B4EA542EE9F87EA90A6B1549037.d.923DDEC5A588C01846194BD7040D77C3.e.14533","ELEMENT":"f.38388B4EA542EE9F87EA90A6B1549037.d.923DDEC5A588C01846194BD7040D77C3.e.14533"}]}
COMMAND: GET /session/2eef3865f9633c585bb33c6ac0c7be86/screenshot - {}
RESULT: {}
RESULT: {"script":"<script> [8489 bytes]","args":[{"element-6066-11e4-a52e-4f735466cecf":"f.38388B4EA542EE9F87EA90A6B1549037.d.923DDEC5A588C01846194BD7040D77C3.e.14533","ELEMENT":"f.38388B4EA542EE9F87EA90A6B1549037.d.923DDEC5A588C01846194BD7040D77C3.e.14533"}]}
COMMAND: POST /session/2eef3865f9633c585bb33c6ac0c7be86/execute/sync - {"script":"<script> [5351 bytes]","args":[{"element-6066-11e4-a52e-4f735466cecf":"f.38388B4EA542EE9F87EA90A6B1549037.d.923DDEC5A588C01846194BD7040D77C3.e.14533","ELEMENT":"f.38388B4EA542EE9F87EA90A6B1549037.d.923DDEC5A588C01846194BD7040D77C3.e.14533"}]}
COMMAND: GET /session/2eef3865f9633c585bb33c6ac0c7be86/screenshot - {}
RESULT: {}
RESULT: {"script":"<script> [5351 bytes]","args":[{"element-6066-11e4-a52e-4f735466cecf":"f.38388B4EA542EE9F87EA90A6B1549037.d.923DDEC5A588C01846194BD7040D77C3.e.14533","ELEMENT":"f.38388B4EA542EE9F87EA90A6B1549037.d.923DDEC5A588C01846194BD7040D77C3.e.14533"}]}
COMMAND: POST /session/2eef3865f9633c585bb33c6ac0c7be86/element/f.38388B4EA542EE9F87EA90A6B1549037.d.923DDEC5A588C01846194BD7040D77C3.e.14533/click - {}
COMMAND: GET /session/2eef3865f9633c585bb33c6ac0c7be86/screenshot - {}
RESULT: {}
RESULT: {}
COMMAND: GET /session/2eef3865f9633c585bb33c6ac0c7be86/screenshot - {}
COMMAND: POST /session/2eef3865f9633c585bb33c6ac0c7be86/element - {"using":"xpath","value":"//span[contains(@id ,\"AddNewHO--typeSelect-arrow\")]"}
RESULT: {}
RESULT: {}
RESULT: {"using":"xpath","value":"//span[contains(@id ,\"AddNewHO--typeSelect-arrow\")]"}
COMMAND: POST /session/2eef3865f9633c585bb33c6ac0c7be86/element/f.38388B4EA542EE9F87EA90A6B1549037.d.923DDEC5A588C01846194BD7040D77C3.e.14875/click - {}
RESULT: {}
COMMAND: GET /session/2eef3865f9633c585bb33c6ac0c7be86/screenshot - {}
RESULT: {}
COMMAND: POST /session/2eef3865f9633c585bb33c6ac0c7be86/element - {"using":"xpath","value":"(//li[contains(text(), \"stock increase yard\")])[1]"}
RESULT: {"using":"xpath","value":"(//li[contains(text(), \"stock increase yard\")])[1]"}
COMMAND: POST /session/2eef3865f9633c585bb33c6ac0c7be86/element/f.38388B4EA542EE9F87EA90A6B1549037.d.923DDEC5A588C01846194BD7040D77C3.e.14876/click - {}
RESULT: {}
COMMAND: GET /session/2eef3865f9633c585bb33c6ac0c7be86/screenshot - {}
RESULT: {}
COMMAND: POST /session/2eef3865f9633c585bb33c6ac0c7be86/execute/async - {"script":"<script> [1562 bytes]","args":[{"selector":{"id":"application-managehandovers-display-component---AddNewHO--dueDate","interaction":{"idSuffix":"inner"}},"wdio_ui5_key":"applicationmanagehandovers-display-component---AddNewHO--dueDate"}]}
RESULT: {"script":"<script> [1562 bytes]","args":[{"selector":{"id":"application-managehandovers-display-component---AddNewHO--dueDate","interaction":{"idSuffix":"inner"}},"wdio_ui5_key":"applicationmanagehandovers-display-component---AddNewHO--dueDate"}]}
RESULT: undefined
COMMAND: POST /session/2eef3865f9633c585bb33c6ac0c7be86/execute/async - {"script":"<script> [6424 bytes]","args":[{"element-6066-11e4-a52e-4f735466cecf":"f.38388B4EA542EE9F87EA90A6B1549037.d.923DDEC5A588C01846194BD7040D77C3.e.14880"},"setValue",["5/25/25"]]}
RESULT: {"script":"<script> [6424 bytes]","args":[{"element-6066-11e4-a52e-4f735466cecf":"f.38388B4EA542EE9F87EA90A6B1549037.d.923DDEC5A588C01846194BD7040D77C3.e.14880"},"setValue",["5/25/25"]]}
COMMAND: POST /session/2eef3865f9633c585bb33c6ac0c7be86/element - {"using":"xpath","value":"//input[@id=\"generalSectionFrg--receiveYard-inner\"]"}
RESULT: {"using":"xpath","value":"//input[@id=\"generalSectionFrg--receiveYard-inner\"]"}
COMMAND: POST /session/2eef3865f9633c585bb33c6ac0c7be86/element/f.38388B4EA542EE9F87EA90A6B1549037.d.923DDEC5A588C01846194BD7040D77C3.e.14886/clear - {}
RESULT: {}
COMMAND: POST /session/2eef3865f9633c585bb33c6ac0c7be86/element/f.38388B4EA542EE9F87EA90A6B1549037.d.923DDEC5A588C01846194BD7040D77C3.e.14886/value - {"text":"277"}
COMMAND: GET /session/2eef3865f9633c585bb33c6ac0c7be86/screenshot - {}
RESULT: {"text":"277"}
COMMAND: GET /session/2eef3865f9633c585bb33c6ac0c7be86/screenshot - {}
RESULT: {}
RESULT: {}
COMMAND: POST /session/2eef3865f9633c585bb33c6ac0c7be86/element - {"using":"xpath","value":"//li[.//span[text()='277']]"}
RESULT: {"using":"xpath","value":"//li[.//span[text()='277']]"}
COMMAND: POST /session/2eef3865f9633c585bb33c6ac0c7be86/element/f.38388B4EA542EE9F87EA90A6B1549037.d.923DDEC5A588C01846194BD7040D77C3.e.14902/click - {}
RESULT: {}
COMMAND: GET /session/2eef3865f9633c585bb33c6ac0c7be86/screenshot - {}
RESULT: {}
COMMAND: POST /session/2eef3865f9633c585bb33c6ac0c7be86/execute/async - {"script":"<script> [1562 bytes]","args":[{"selector":{"id":"application-managehandovers-display-component---AddNewHO--ObjectPageLayout-anchBar-application-managehandovers-display-component---AddNewHO--section4-anchor","interaction":{"idSuffix":"BDI-content"}},"wdio_ui5_key":"applicationmanagehandovers-display-component---AddNewHO--ObjectPageLayout-anchBar-application-managehandovers-display-component---AddNewHO--section4-anchor"}]}
RESULT: {"script":"<script> [1562 bytes]","args":[{"selector":{"id":"application-managehandovers-display-component---AddNewHO--ObjectPageLayout-anchBar-application-managehandovers-display-component---AddNewHO--section4-anchor","interaction":{"idSuffix":"BDI-content"}},"wdio_ui5_key":"applicationmanagehandovers-display-component---AddNewHO--ObjectPageLayout-anchBar-application-managehandovers-display-component---AddNewHO--section4-anchor"}]}
RESULT: undefined
COMMAND: POST /session/2eef3865f9633c585bb33c6ac0c7be86/element - {"using":"xpath","value":"//*[@id=\"application-managehandovers-display-component---AddNewHO--ObjectPageLayout-anchBar-application-managehandovers-display-component---AddNewHO--section4-anchor\"]"}
RESULT: {"using":"xpath","value":"//*[@id=\"application-managehandovers-display-component---AddNewHO--ObjectPageLayout-anchBar-application-managehandovers-display-component---AddNewHO--section4-anchor\"]"}
COMMAND: POST /session/2eef3865f9633c585bb33c6ac0c7be86/element/f.38388B4EA542EE9F87EA90A6B1549037.d.923DDEC5A588C01846194BD7040D77C3.e.14904/click - {}
RESULT: {}
COMMAND: POST /session/2eef3865f9633c585bb33c6ac0c7be86/element - {"using":"xpath","value":"//button[@aria-label=\"Add\"]"}
COMMAND: GET /session/2eef3865f9633c585bb33c6ac0c7be86/screenshot - {}
RESULT: {"using":"xpath","value":"//button[@aria-label=\"Add\"]"}
COMMAND: POST /session/2eef3865f9633c585bb33c6ac0c7be86/element/f.38388B4EA542EE9F87EA90A6B1549037.d.923DDEC5A588C01846194BD7040D77C3.e.14906/click - {}
RESULT: {}
RESULT: {}
COMMAND: GET /session/2eef3865f9633c585bb33c6ac0c7be86/screenshot - {}
RESULT: {}
COMMAND: POST /session/2eef3865f9633c585bb33c6ac0c7be86/execute/async - {"script":"<script> [1562 bytes]","args":[{"selector":{"id":"application-managehandovers-display-component---AddNewHO--smartFilterBar-btnBasicSearch","searchOpenDialogs":true,"interaction":{"idSuffix":"I"}},"wdio_ui5_key":"applicationmanagehandovers-display-component---AddNewHO--smartFilterBar-btnBasicSearch"}]}
RESULT: {"script":"<script> [1562 bytes]","args":[{"selector":{"id":"application-managehandovers-display-component---AddNewHO--smartFilterBar-btnBasicSearch","searchOpenDialogs":true,"interaction":{"idSuffix":"I"}},"wdio_ui5_key":"applicationmanagehandovers-display-component---AddNewHO--smartFilterBar-btnBasicSearch"}]}
RESULT: undefined
COMMAND: POST /session/2eef3865f9633c585bb33c6ac0c7be86/execute/async - {"script":"<script> [776 bytes]","args":[{"enterText":"200133","selector":{"id":"application-managehandovers-display-component---AddNewHO--smartFilterBar-btnBasicSearch","searchOpenDialogs":true,"interaction":{"idSuffix":"I"}},"clearTextFirst":true,"interactionType":"ENTER_TEXT"}]}
RESULT: {"script":"<script> [776 bytes]","args":[{"enterText":"200133","selector":{"id":"application-managehandovers-display-component---AddNewHO--smartFilterBar-btnBasicSearch","searchOpenDialogs":true,"interaction":{"idSuffix":"I"}},"clearTextFirst":true,"interactionType":"ENTER_TEXT"}]}
COMMAND: POST /session/2eef3865f9633c585bb33c6ac0c7be86/actions - {"actions":[{"id":"action48","type":"key","parameters":{},"actions":[{"type":"keyDown","value":""},{"type":"pause","duration":10},{"type":"keyUp","value":""}]}]}
RESULT: {"actions":[{"id":"action48","type":"key","parameters":{},"actions":[{"type":"keyDown","value":""},{"type":"pause","duration":10},{"type":"keyUp","value":""}]}]}
COMMAND: GET /session/2eef3865f9633c585bb33c6ac0c7be86/screenshot - {}
RESULT: {}
COMMAND: POST /session/2eef3865f9633c585bb33c6ac0c7be86/execute/async - {"script":"<script> [1562 bytes]","args":[{"selector":{"id":"application-managehandovers-display-component---AddNewHO--popup-sa","searchOpenDialogs":true,"interaction":{"idSuffix":"CbBg"}},"wdio_ui5_key":"applicationmanagehandovers-display-component---AddNewHO--popup-sa"}]}
RESULT: {"script":"<script> [1562 bytes]","args":[{"selector":{"id":"application-managehandovers-display-component---AddNewHO--popup-sa","searchOpenDialogs":true,"interaction":{"idSuffix":"CbBg"}},"wdio_ui5_key":"applicationmanagehandovers-display-component---AddNewHO--popup-sa"}]}
RESULT: undefined
COMMAND: POST /session/2eef3865f9633c585bb33c6ac0c7be86/element - {"using":"xpath","value":"//*[@id=\"application-managehandovers-display-component---AddNewHO--popup-sa\"]"}
RESULT: {"using":"xpath","value":"//*[@id=\"application-managehandovers-display-component---AddNewHO--popup-sa\"]"}
COMMAND: POST /session/2eef3865f9633c585bb33c6ac0c7be86/element/f.38388B4EA542EE9F87EA90A6B1549037.d.923DDEC5A588C01846194BD7040D77C3.e.15061/click - {}
RESULT: {}
COMMAND: GET /session/2eef3865f9633c585bb33c6ac0c7be86/screenshot - {}
RESULT: {}
COMMAND: POST /session/2eef3865f9633c585bb33c6ac0c7be86/element - {"using":"xpath","value":"//bdi[contains(text(), \"Select\")]"}
RESULT: {"using":"xpath","value":"//bdi[contains(text(), \"Select\")]"}
COMMAND: POST /session/2eef3865f9633c585bb33c6ac0c7be86/element/f.38388B4EA542EE9F87EA90A6B1549037.d.923DDEC5A588C01846194BD7040D77C3.e.15062/click - {}
RESULT: {}
COMMAND: GET /session/2eef3865f9633c585bb33c6ac0c7be86/screenshot - {}
RESULT: {}
COMMAND: POST /session/2eef3865f9633c585bb33c6ac0c7be86/element - {"using":"xpath","value":"//button[@data-kt=\"AddNewHOSaveButton\"]"}
RESULT: {"using":"xpath","value":"//button[@data-kt=\"AddNewHOSaveButton\"]"}
COMMAND: POST /session/2eef3865f9633c585bb33c6ac0c7be86/element/f.38388B4EA542EE9F87EA90A6B1549037.d.923DDEC5A588C01846194BD7040D77C3.e.15066/click - {}
RESULT: {}
COMMAND: GET /session/2eef3865f9633c585bb33c6ac0c7be86/screenshot - {}
RESULT: {}
COMMAND: POST /session/2eef3865f9633c585bb33c6ac0c7be86/execute/async - {"script":"<script> [1562 bytes]","args":[{"selector":{"id":"receiptDatePicker","viewName":"etm.portal.ui.managehandovers.view.DetailExecuteHO","interaction":{"idSuffix":"inner"}},"wdio_ui5_key":"receiptDatePickeretmportal.ui.managehandovers.view.DetailExecuteHO"}]}
RESULT: {"script":"<script> [1562 bytes]","args":[{"selector":{"id":"receiptDatePicker","viewName":"etm.portal.ui.managehandovers.view.DetailExecuteHO","interaction":{"idSuffix":"inner"}},"wdio_ui5_key":"receiptDatePickeretmportal.ui.managehandovers.view.DetailExecuteHO"}]}
RESULT: undefined
COMMAND: POST /session/2eef3865f9633c585bb33c6ac0c7be86/execute/async - {"script":"<script> [6424 bytes]","args":[{"element-6066-11e4-a52e-4f735466cecf":"f.38388B4EA542EE9F87EA90A6B1549037.d.923DDEC5A588C01846194BD7040D77C3.e.15096"},"setValue",["5/25/25"]]}
RESULT: {"script":"<script> [6424 bytes]","args":[{"element-6066-11e4-a52e-4f735466cecf":"f.38388B4EA542EE9F87EA90A6B1549037.d.923DDEC5A588C01846194BD7040D77C3.e.15096"},"setValue",["5/25/25"]]}
COMMAND: POST /session/2eef3865f9633c585bb33c6ac0c7be86/element - {"using":"xpath","value":"//button[@data-kt=\"ReceivingTableConfirmAllButton\"]"}
RESULT: {"using":"xpath","value":"//button[@data-kt=\"ReceivingTableConfirmAllButton\"]"}
COMMAND: POST /session/2eef3865f9633c585bb33c6ac0c7be86/element/f.38388B4EA542EE9F87EA90A6B1549037.d.923DDEC5A588C01846194BD7040D77C3.e.15110/click - {}
RESULT: {}
COMMAND: GET /session/2eef3865f9633c585bb33c6ac0c7be86/screenshot - {}
RESULT: {}
COMMAND: POST /session/2eef3865f9633c585bb33c6ac0c7be86/element - {"using":"xpath","value":"//bdi[contains(text(), \"OK\")]"}
RESULT: {"using":"xpath","value":"//bdi[contains(text(), \"OK\")]"}
COMMAND: POST /session/2eef3865f9633c585bb33c6ac0c7be86/element/f.38388B4EA542EE9F87EA90A6B1549037.d.923DDEC5A588C01846194BD7040D77C3.e.15112/click - {}
RESULT: {}
COMMAND: GET /session/2eef3865f9633c585bb33c6ac0c7be86/screenshot - {}
RESULT: {}
COMMAND: POST /session/2eef3865f9633c585bb33c6ac0c7be86/element - {"using":"xpath","value":"(//bdi[contains(text(), \"Receive\")])[2]"}
RESULT: {"using":"xpath","value":"(//bdi[contains(text(), \"Receive\")])[2]"}
COMMAND: POST /session/2eef3865f9633c585bb33c6ac0c7be86/element/f.38388B4EA542EE9F87EA90A6B1549037.d.923DDEC5A588C01846194BD7040D77C3.e.15114/click - {}
RESULT: {}
COMMAND: GET /session/2eef3865f9633c585bb33c6ac0c7be86/screenshot - {}
RESULT: {}
COMMAND: POST /session/2eef3865f9633c585bb33c6ac0c7be86/element - {"using":"css selector","value":"#shell-header-logo"}
RESULT: {"using":"css selector","value":"#shell-header-logo"}
COMMAND: POST /session/2eef3865f9633c585bb33c6ac0c7be86/element/f.38388B4EA542EE9F87EA90A6B1549037.d.923DDEC5A588C01846194BD7040D77C3.e.14500/click - {}
RESULT: {}
COMMAND: GET /session/2eef3865f9633c585bb33c6ac0c7be86/screenshot - {}
RESULT: {}
]]></system-out>
    </testcase>
    <testcase classname="chrome.136_0_7103_93.windows.Provide_to_Site_w/o_warehouse_management_w/o_clarification" name="Should create a new contract" time="60.364">
      <system-out><![CDATA[
COMMAND: POST /session/2eef3865f9633c585bb33c6ac0c7be86/execute/async - {"script":"<script> [1562 bytes]","args":[{"selector":{"controlType":"sap.m.GenericTile","properties":{"header":"Manage Contracts"}},"wdio_ui5_key":"sapm.GenericTile{\"header\":\"Manage Contracts\"}"}]}
RESULT: {"script":"<script> [1562 bytes]","args":[{"selector":{"controlType":"sap.m.GenericTile","properties":{"header":"Manage Contracts"}},"wdio_ui5_key":"sapm.GenericTile{\"header\":\"Manage Contracts\"}"}]}
RESULT: undefined
COMMAND: POST /session/2eef3865f9633c585bb33c6ac0c7be86/element - {"using":"xpath","value":"//*[@id=\"__tile130\"]"}
RESULT: {"using":"xpath","value":"//*[@id=\"__tile130\"]"}
COMMAND: POST /session/2eef3865f9633c585bb33c6ac0c7be86/element/f.38388B4EA542EE9F87EA90A6B1549037.d.923DDEC5A588C01846194BD7040D77C3.e.13804/click - {}
RESULT: {}
COMMAND: GET /session/2eef3865f9633c585bb33c6ac0c7be86/screenshot - {}
RESULT: {}
COMMAND: POST /session/2eef3865f9633c585bb33c6ac0c7be86/elements - {"using":"xpath","value":"//span[text()='Error']"}
RESULT: {"using":"xpath","value":"//span[text()='Error']"}
COMMAND: POST /session/2eef3865f9633c585bb33c6ac0c7be86/element - {"using":"xpath","value":"//button[@data-kt=\"addButton\"]"}
RESULT: {"using":"xpath","value":"//button[@data-kt=\"addButton\"]"}
COMMAND: POST /session/2eef3865f9633c585bb33c6ac0c7be86/elements - {"using":"xpath","value":"//button[@data-kt=\"addButton\"]"}
RESULT: {"using":"xpath","value":"//button[@data-kt=\"addButton\"]"}
COMMAND: POST /session/2eef3865f9633c585bb33c6ac0c7be86/execute/sync - {"script":"<script> [8489 bytes]","args":[{"element-6066-11e4-a52e-4f735466cecf":"f.38388B4EA542EE9F87EA90A6B1549037.d.923DDEC5A588C01846194BD7040D77C3.e.15331","ELEMENT":"f.38388B4EA542EE9F87EA90A6B1549037.d.923DDEC5A588C01846194BD7040D77C3.e.15331"}]}
RESULT: {"script":"<script> [8489 bytes]","args":[{"element-6066-11e4-a52e-4f735466cecf":"f.38388B4EA542EE9F87EA90A6B1549037.d.923DDEC5A588C01846194BD7040D77C3.e.15331","ELEMENT":"f.38388B4EA542EE9F87EA90A6B1549037.d.923DDEC5A588C01846194BD7040D77C3.e.15331"}]}
COMMAND: GET /session/2eef3865f9633c585bb33c6ac0c7be86/element/f.38388B4EA542EE9F87EA90A6B1549037.d.923DDEC5A588C01846194BD7040D77C3.e.15331/enabled - {}
COMMAND: GET /session/2eef3865f9633c585bb33c6ac0c7be86/screenshot - {}
RESULT: {}
COMMAND: POST /session/2eef3865f9633c585bb33c6ac0c7be86/execute/sync - {"script":"<script> [8489 bytes]","args":[{"element-6066-11e4-a52e-4f735466cecf":"f.38388B4EA542EE9F87EA90A6B1549037.d.923DDEC5A588C01846194BD7040D77C3.e.15331","ELEMENT":"f.38388B4EA542EE9F87EA90A6B1549037.d.923DDEC5A588C01846194BD7040D77C3.e.15331"}]}
COMMAND: GET /session/2eef3865f9633c585bb33c6ac0c7be86/screenshot - {}
RESULT: {}
RESULT: {"script":"<script> [8489 bytes]","args":[{"element-6066-11e4-a52e-4f735466cecf":"f.38388B4EA542EE9F87EA90A6B1549037.d.923DDEC5A588C01846194BD7040D77C3.e.15331","ELEMENT":"f.38388B4EA542EE9F87EA90A6B1549037.d.923DDEC5A588C01846194BD7040D77C3.e.15331"}]}
COMMAND: POST /session/2eef3865f9633c585bb33c6ac0c7be86/execute/sync - {"script":"<script> [5351 bytes]","args":[{"element-6066-11e4-a52e-4f735466cecf":"f.38388B4EA542EE9F87EA90A6B1549037.d.923DDEC5A588C01846194BD7040D77C3.e.15331","ELEMENT":"f.38388B4EA542EE9F87EA90A6B1549037.d.923DDEC5A588C01846194BD7040D77C3.e.15331"}]}
COMMAND: GET /session/2eef3865f9633c585bb33c6ac0c7be86/screenshot - {}
RESULT: {}
RESULT: {"script":"<script> [5351 bytes]","args":[{"element-6066-11e4-a52e-4f735466cecf":"f.38388B4EA542EE9F87EA90A6B1549037.d.923DDEC5A588C01846194BD7040D77C3.e.15331","ELEMENT":"f.38388B4EA542EE9F87EA90A6B1549037.d.923DDEC5A588C01846194BD7040D77C3.e.15331"}]}
COMMAND: GET /session/2eef3865f9633c585bb33c6ac0c7be86/screenshot - {}
RESULT: {}
RESULT: {}
COMMAND: POST /session/2eef3865f9633c585bb33c6ac0c7be86/element/f.38388B4EA542EE9F87EA90A6B1549037.d.923DDEC5A588C01846194BD7040D77C3.e.15331/click - {}
RESULT: {}
COMMAND: GET /session/2eef3865f9633c585bb33c6ac0c7be86/screenshot - {}
COMMAND: POST /session/2eef3865f9633c585bb33c6ac0c7be86/execute/async - {"script":"<script> [1562 bytes]","args":[{"selector":{"id":"application-managecontracts-display-component---AddNewContract--projectDescription","interaction":{"idSuffix":"inner"}},"wdio_ui5_key":"applicationmanagecontracts-display-component---AddNewContract--projectDescription"}]}
RESULT: {}
RESULT: {"script":"<script> [1562 bytes]","args":[{"selector":{"id":"application-managecontracts-display-component---AddNewContract--projectDescription","interaction":{"idSuffix":"inner"}},"wdio_ui5_key":"applicationmanagecontracts-display-component---AddNewContract--projectDescription"}]}
RESULT: undefined
COMMAND: POST /session/2eef3865f9633c585bb33c6ac0c7be86/execute/async - {"script":"<script> [776 bytes]","args":[{"enterText":"Contract WDIO","selector":{"id":"application-managecontracts-display-component---AddNewContract--projectDescription","interaction":{"idSuffix":"inner"}},"clearTextFirst":true,"interactionType":"ENTER_TEXT"}]}
RESULT: {"script":"<script> [776 bytes]","args":[{"enterText":"Contract WDIO","selector":{"id":"application-managecontracts-display-component---AddNewContract--projectDescription","interaction":{"idSuffix":"inner"}},"clearTextFirst":true,"interactionType":"ENTER_TEXT"}]}
COMMAND: POST /session/2eef3865f9633c585bb33c6ac0c7be86/element - {"using":"xpath","value":"//input[@id=\"application-managecontracts-display-component---AddNewContract--site-inner\"]"}
RESULT: {"using":"xpath","value":"//input[@id=\"application-managecontracts-display-component---AddNewContract--site-inner\"]"}
COMMAND: POST /session/2eef3865f9633c585bb33c6ac0c7be86/element/f.38388B4EA542EE9F87EA90A6B1549037.d.923DDEC5A588C01846194BD7040D77C3.e.15653/clear - {}
RESULT: {}
COMMAND: POST /session/2eef3865f9633c585bb33c6ac0c7be86/element/f.38388B4EA542EE9F87EA90A6B1549037.d.923DDEC5A588C01846194BD7040D77C3.e.15653/value - {"text":"2115"}
COMMAND: GET /session/2eef3865f9633c585bb33c6ac0c7be86/screenshot - {}
RESULT: {"text":"2115"}
COMMAND: GET /session/2eef3865f9633c585bb33c6ac0c7be86/screenshot - {}
RESULT: {}
RESULT: {}
COMMAND: POST /session/2eef3865f9633c585bb33c6ac0c7be86/element - {"using":"xpath","value":"//li[.//span[text()='2115']]"}
RESULT: {"using":"xpath","value":"//li[.//span[text()='2115']]"}
COMMAND: POST /session/2eef3865f9633c585bb33c6ac0c7be86/element/f.38388B4EA542EE9F87EA90A6B1549037.d.923DDEC5A588C01846194BD7040D77C3.e.15736/click - {}
RESULT: {}
COMMAND: GET /session/2eef3865f9633c585bb33c6ac0c7be86/screenshot - {}
RESULT: {}
COMMAND: POST /session/2eef3865f9633c585bb33c6ac0c7be86/element - {"using":"xpath","value":"//input[@id=\"application-managecontracts-display-component---AddNewContract--yardId-inner\"]"}
RESULT: {"using":"xpath","value":"//input[@id=\"application-managecontracts-display-component---AddNewContract--yardId-inner\"]"}
COMMAND: GET /session/2eef3865f9633c585bb33c6ac0c7be86/element/f.38388B4EA542EE9F87EA90A6B1549037.d.923DDEC5A588C01846194BD7040D77C3.e.15654/property/value - {}
RESULT: {}
COMMAND: POST /session/2eef3865f9633c585bb33c6ac0c7be86/element - {"using":"xpath","value":"//input[@id=\"application-managecontracts-display-component---AddNewContract--customerSelect-inner\"]"}
COMMAND: GET /session/2eef3865f9633c585bb33c6ac0c7be86/screenshot - {}
RESULT: {"using":"xpath","value":"//input[@id=\"application-managecontracts-display-component---AddNewContract--customerSelect-inner\"]"}
COMMAND: POST /session/2eef3865f9633c585bb33c6ac0c7be86/element/f.38388B4EA542EE9F87EA90A6B1549037.d.923DDEC5A588C01846194BD7040D77C3.e.15652/clear - {}
RESULT: {}
RESULT: {}
COMMAND: POST /session/2eef3865f9633c585bb33c6ac0c7be86/element/f.38388B4EA542EE9F87EA90A6B1549037.d.923DDEC5A588C01846194BD7040D77C3.e.15652/value - {"text":"1122"}
COMMAND: GET /session/2eef3865f9633c585bb33c6ac0c7be86/screenshot - {}
RESULT: {"text":"1122"}
COMMAND: GET /session/2eef3865f9633c585bb33c6ac0c7be86/screenshot - {}
RESULT: {}
RESULT: {}
COMMAND: POST /session/2eef3865f9633c585bb33c6ac0c7be86/element - {"using":"xpath","value":"//li[.//span[text()='1122']]"}
RESULT: {"using":"xpath","value":"//li[.//span[text()='1122']]"}
COMMAND: POST /session/2eef3865f9633c585bb33c6ac0c7be86/element/f.38388B4EA542EE9F87EA90A6B1549037.d.923DDEC5A588C01846194BD7040D77C3.e.15739/click - {}
RESULT: {}
COMMAND: GET /session/2eef3865f9633c585bb33c6ac0c7be86/screenshot - {}
RESULT: {}
COMMAND: POST /session/2eef3865f9633c585bb33c6ac0c7be86/element - {"using":"xpath","value":"//button[@data-kt=\"saveButton\"]"}
RESULT: {"using":"xpath","value":"//button[@data-kt=\"saveButton\"]"}
COMMAND: POST /session/2eef3865f9633c585bb33c6ac0c7be86/element/f.38388B4EA542EE9F87EA90A6B1549037.d.923DDEC5A588C01846194BD7040D77C3.e.15729/click - {}
RESULT: {}
COMMAND: GET /session/2eef3865f9633c585bb33c6ac0c7be86/screenshot - {}
RESULT: {}
COMMAND: POST /session/2eef3865f9633c585bb33c6ac0c7be86/element - {"using":"xpath","value":"//span[contains(@id ,\"contractDetailTitleNoExpanded\")]"}
RESULT: {"using":"xpath","value":"//span[contains(@id ,\"contractDetailTitleNoExpanded\")]"}
COMMAND: POST /session/2eef3865f9633c585bb33c6ac0c7be86/elements - {"using":"xpath","value":"//span[contains(@id ,\"contractDetailTitleNoExpanded\")]"}
RESULT: {"using":"xpath","value":"//span[contains(@id ,\"contractDetailTitleNoExpanded\")]"}
COMMAND: POST /session/2eef3865f9633c585bb33c6ac0c7be86/execute/sync - {"script":"<script> [56 bytes]","args":[{"element-6066-11e4-a52e-4f735466cecf":"f.38388B4EA542EE9F87EA90A6B1549037.d.923DDEC5A588C01846194BD7040D77C3.e.15811","ELEMENT":"f.38388B4EA542EE9F87EA90A6B1549037.d.923DDEC5A588C01846194BD7040D77C3.e.15811"}]}
RESULT: {"script":"<script> [56 bytes]","args":[{"element-6066-11e4-a52e-4f735466cecf":"f.38388B4EA542EE9F87EA90A6B1549037.d.923DDEC5A588C01846194BD7040D77C3.e.15811","ELEMENT":"f.38388B4EA542EE9F87EA90A6B1549037.d.923DDEC5A588C01846194BD7040D77C3.e.15811"}]}
COMMAND: GET /session/2eef3865f9633c585bb33c6ac0c7be86/screenshot - {}
RESULT: {}
]]></system-out>
    </testcase>
    <testcase classname="chrome.136_0_7103_93.windows.Provide_to_Site_w/o_warehouse_management_w/o_clarification" name="Should add equipment to the contract" time="58.381">
      <system-out><![CDATA[
COMMAND: POST /session/2eef3865f9633c585bb33c6ac0c7be86/element - {"using":"xpath","value":"//button[@data-kt=\"contractDetailEditBtnButton\"]"}
RESULT: {"using":"xpath","value":"//button[@data-kt=\"contractDetailEditBtnButton\"]"}
COMMAND: POST /session/2eef3865f9633c585bb33c6ac0c7be86/element/f.38388B4EA542EE9F87EA90A6B1549037.d.923DDEC5A588C01846194BD7040D77C3.e.15813/click - {}
RESULT: {}
COMMAND: GET /session/2eef3865f9633c585bb33c6ac0c7be86/screenshot - {}
RESULT: {}
COMMAND: POST /session/2eef3865f9633c585bb33c6ac0c7be86/element - {"using":"xpath","value":"(//span[contains(text(), \"Additional Addresses\")])[2]"}
RESULT: {"using":"xpath","value":"(//span[contains(text(), \"Additional Addresses\")])[2]"}
COMMAND: POST /session/2eef3865f9633c585bb33c6ac0c7be86/element/f.38388B4EA542EE9F87EA90A6B1549037.d.923DDEC5A588C01846194BD7040D77C3.e.15867/click - {}
RESULT: {}
COMMAND: GET /session/2eef3865f9633c585bb33c6ac0c7be86/screenshot - {}
RESULT: {}
COMMAND: POST /session/2eef3865f9633c585bb33c6ac0c7be86/element - {"using":"xpath","value":"//button[@data-kt=\"btnAddTableRowOverflowToolbarButton\"]"}
RESULT: {"using":"xpath","value":"//button[@data-kt=\"btnAddTableRowOverflowToolbarButton\"]"}
COMMAND: POST /session/2eef3865f9633c585bb33c6ac0c7be86/element/f.38388B4EA542EE9F87EA90A6B1549037.d.923DDEC5A588C01846194BD7040D77C3.e.15871/click - {}
RESULT: {}
COMMAND: GET /session/2eef3865f9633c585bb33c6ac0c7be86/screenshot - {}
RESULT: {}
COMMAND: POST /session/2eef3865f9633c585bb33c6ac0c7be86/element - {"using":"xpath","value":"//div[(text() = 'Standard Entry' or . = 'Standard Entry')]"}
RESULT: {"using":"xpath","value":"//div[(text() = 'Standard Entry' or . = 'Standard Entry')]"}
COMMAND: POST /session/2eef3865f9633c585bb33c6ac0c7be86/element/f.38388B4EA542EE9F87EA90A6B1549037.d.923DDEC5A588C01846194BD7040D77C3.e.15873/click - {}
RESULT: {}
COMMAND: GET /session/2eef3865f9633c585bb33c6ac0c7be86/screenshot - {}
RESULT: {}
COMMAND: POST /session/2eef3865f9633c585bb33c6ac0c7be86/element - {"using":"xpath","value":"//td[6]/div/div/div/span"}
RESULT: {"using":"xpath","value":"//td[6]/div/div/div/span"}
COMMAND: POST /session/2eef3865f9633c585bb33c6ac0c7be86/element/f.38388B4EA542EE9F87EA90A6B1549037.d.923DDEC5A588C01846194BD7040D77C3.e.15885/click - {}
RESULT: {}
COMMAND: GET /session/2eef3865f9633c585bb33c6ac0c7be86/screenshot - {}
RESULT: {}
COMMAND: POST /session/2eef3865f9633c585bb33c6ac0c7be86/element - {"using":"xpath","value":"(//span[contains(text(), \"Material\")])"}
RESULT: {"using":"xpath","value":"(//span[contains(text(), \"Material\")])"}
COMMAND: POST /session/2eef3865f9633c585bb33c6ac0c7be86/element/f.38388B4EA542EE9F87EA90A6B1549037.d.923DDEC5A588C01846194BD7040D77C3.e.15886/click - {}
RESULT: {}
COMMAND: GET /session/2eef3865f9633c585bb33c6ac0c7be86/screenshot - {}
RESULT: {}
COMMAND: POST /session/2eef3865f9633c585bb33c6ac0c7be86/element - {"using":"xpath","value":"//td[7]/div/div/input"}
RESULT: {"using":"xpath","value":"//td[7]/div/div/input"}
COMMAND: POST /session/2eef3865f9633c585bb33c6ac0c7be86/element/f.38388B4EA542EE9F87EA90A6B1549037.d.923DDEC5A588C01846194BD7040D77C3.e.15890/clear - {}
RESULT: {}
COMMAND: POST /session/2eef3865f9633c585bb33c6ac0c7be86/element/f.38388B4EA542EE9F87EA90A6B1549037.d.923DDEC5A588C01846194BD7040D77C3.e.15890/value - {"text":"200133"}
COMMAND: GET /session/2eef3865f9633c585bb33c6ac0c7be86/screenshot - {}
RESULT: {"text":"200133"}
COMMAND: GET /session/2eef3865f9633c585bb33c6ac0c7be86/screenshot - {}
RESULT: {}
RESULT: {}
COMMAND: POST /session/2eef3865f9633c585bb33c6ac0c7be86/actions - {"actions":[{"id":"action49","type":"key","parameters":{},"actions":[{"type":"keyDown","value":""},{"type":"pause","duration":10},{"type":"keyUp","value":""}]}]}
RESULT: {"actions":[{"id":"action49","type":"key","parameters":{},"actions":[{"type":"keyDown","value":""},{"type":"pause","duration":10},{"type":"keyUp","value":""}]}]}
COMMAND: GET /session/2eef3865f9633c585bb33c6ac0c7be86/screenshot - {}
RESULT: {}
COMMAND: POST /session/2eef3865f9633c585bb33c6ac0c7be86/execute/sync - {"script":"<script> [276 bytes]","args":["No pricing information was found"]}
RESULT: {"script":"<script> [276 bytes]","args":["No pricing information was found"]}
COMMAND: POST /session/2eef3865f9633c585bb33c6ac0c7be86/element - {"using":"xpath","value":"//bdi[contains(text(), \"OK\")]"}
COMMAND: GET /session/2eef3865f9633c585bb33c6ac0c7be86/screenshot - {}
RESULT: {"using":"xpath","value":"//bdi[contains(text(), \"OK\")]"}
COMMAND: POST /session/2eef3865f9633c585bb33c6ac0c7be86/element/f.38388B4EA542EE9F87EA90A6B1549037.d.923DDEC5A588C01846194BD7040D77C3.e.15916/click - {}
RESULT: {}
RESULT: {}
COMMAND: GET /session/2eef3865f9633c585bb33c6ac0c7be86/screenshot - {}
RESULT: {}
COMMAND: POST /session/2eef3865f9633c585bb33c6ac0c7be86/element - {"using":"xpath","value":"(//button[@data-kt=\"saveButton\"])[2]"}
RESULT: {"using":"xpath","value":"(//button[@data-kt=\"saveButton\"])[2]"}
COMMAND: POST /session/2eef3865f9633c585bb33c6ac0c7be86/element/f.38388B4EA542EE9F87EA90A6B1549037.d.923DDEC5A588C01846194BD7040D77C3.e.15917/click - {}
RESULT: {}
COMMAND: GET /session/2eef3865f9633c585bb33c6ac0c7be86/screenshot - {}
RESULT: {}
COMMAND: POST /session/2eef3865f9633c585bb33c6ac0c7be86/execute/sync - {"script":"<script> [276 bytes]","args":["Some contract items are having rental validity exceeding header rental validity"]}
RESULT: {"script":"<script> [276 bytes]","args":["Some contract items are having rental validity exceeding header rental validity"]}
COMMAND: GET /session/2eef3865f9633c585bb33c6ac0c7be86/screenshot - {}
RESULT: {}
COMMAND: POST /session/2eef3865f9633c585bb33c6ac0c7be86/element - {"using":"xpath","value":"//span[contains(@id ,\"contractItemsSmartTable-header-inner\")]"}
RESULT: {"using":"xpath","value":"//span[contains(@id ,\"contractItemsSmartTable-header-inner\")]"}
COMMAND: POST /session/2eef3865f9633c585bb33c6ac0c7be86/elements - {"using":"xpath","value":"//span[contains(@id ,\"contractItemsSmartTable-header-inner\")]"}
RESULT: {"using":"xpath","value":"//span[contains(@id ,\"contractItemsSmartTable-header-inner\")]"}
COMMAND: POST /session/2eef3865f9633c585bb33c6ac0c7be86/execute/sync - {"script":"<script> [56 bytes]","args":[{"element-6066-11e4-a52e-4f735466cecf":"f.38388B4EA542EE9F87EA90A6B1549037.d.923DDEC5A588C01846194BD7040D77C3.e.15921","ELEMENT":"f.38388B4EA542EE9F87EA90A6B1549037.d.923DDEC5A588C01846194BD7040D77C3.e.15921"}]}
RESULT: {"script":"<script> [56 bytes]","args":[{"element-6066-11e4-a52e-4f735466cecf":"f.38388B4EA542EE9F87EA90A6B1549037.d.923DDEC5A588C01846194BD7040D77C3.e.15921","ELEMENT":"f.38388B4EA542EE9F87EA90A6B1549037.d.923DDEC5A588C01846194BD7040D77C3.e.15921"}]}
]]></system-out>
    </testcase>
    <testcase classname="chrome.136_0_7103_93.windows.Provide_to_Site_w/o_warehouse_management_w/o_clarification" name="Should do provide to site" time="122.71">
      <failure/>
      <error message="element click intercepted: Element &lt;button id=&quot;__button251&quot; data-sap-ui=&quot;__button251&quot; data-sap-ui-render=&quot;&quot; data-kt=&quot;ReceivingTableConfirmAllButton&quot; data-ui5-accesskey=&quot;c&quot; aria-describedby=&quot;__button251-tooltip&quot; title=&quot;Confirm All&quot; class=&quot;sapMBtnBase sapMBtn sapMColumnHeaderContent&quot;>...&lt;/button> is not clickable at point (726, 801). Other element would receive the click: &lt;div id=&quot;sap-ui-blocklayer-popup&quot; tabindex=&quot;0&quot; class=&quot;sapUiBLy&quot; style=&quot;z-index: 469; visibility: visible;&quot;>&lt;/div>&#xA;  (Session info: chrome=136.0.7103.93)"/>
      <system-out><![CDATA[
COMMAND: POST /session/2eef3865f9633c585bb33c6ac0c7be86/element - {"using":"xpath","value":"//button[@data-kt=\"provideButton\"]"}
COMMAND: GET /session/2eef3865f9633c585bb33c6ac0c7be86/screenshot - {}
RESULT: {"using":"xpath","value":"//button[@data-kt=\"provideButton\"]"}
COMMAND: POST /session/2eef3865f9633c585bb33c6ac0c7be86/element/f.38388B4EA542EE9F87EA90A6B1549037.d.923DDEC5A588C01846194BD7040D77C3.e.15922/click - {}
RESULT: {}
RESULT: {}
COMMAND: GET /session/2eef3865f9633c585bb33c6ac0c7be86/screenshot - {}
RESULT: {}
COMMAND: POST /session/2eef3865f9633c585bb33c6ac0c7be86/element - {"using":"xpath","value":"(//div[contains(@id, \"application-managehandovers-display-component---AddNewHO--oneStep-CbBg\")])"}
RESULT: {"using":"xpath","value":"(//div[contains(@id, \"application-managehandovers-display-component---AddNewHO--oneStep-CbBg\")])"}
COMMAND: POST /session/2eef3865f9633c585bb33c6ac0c7be86/element - {"using":"xpath","value":"(//div[contains(@id, \"application-managehandovers-display-component---AddNewHO--oneStep-CbBg\")])/input"}
RESULT: {"using":"xpath","value":"(//div[contains(@id, \"application-managehandovers-display-component---AddNewHO--oneStep-CbBg\")])/input"}
COMMAND: GET /session/2eef3865f9633c585bb33c6ac0c7be86/element/f.38388B4EA542EE9F87EA90A6B1549037.d.923DDEC5A588C01846194BD7040D77C3.e.16002/attribute/checked - {}
RESULT: {}
RESULT: undefined
COMMAND: POST /session/2eef3865f9633c585bb33c6ac0c7be86/execute/async - {"script":"<script> [6424 bytes]","args":[{"element-6066-11e4-a52e-4f735466cecf":"f.38388B4EA542EE9F87EA90A6B1549037.d.923DDEC5A588C01846194BD7040D77C3.e.14880"},"setValue",["05/25/25"]]}
COMMAND: POST /session/2eef3865f9633c585bb33c6ac0c7be86/element/f.38388B4EA542EE9F87EA90A6B1549037.d.923DDEC5A588C01846194BD7040D77C3.e.16231/click - {}
RESULT: {}
COMMAND: GET /session/2eef3865f9633c585bb33c6ac0c7be86/screenshot - {}
COMMAND: POST /session/2eef3865f9633c585bb33c6ac0c7be86/execute/async - {"script":"<script> [1562 bytes]","args":[{"selector":{"id":"application-managehandovers-display-component---AddNewHO--dueDate","interaction":{"idSuffix":"inner"}},"wdio_ui5_key":"applicationmanagehandovers-display-component---AddNewHO--dueDate"}]}
RESULT: {}
RESULT: {"script":"<script> [1562 bytes]","args":[{"selector":{"id":"application-managehandovers-display-component---AddNewHO--dueDate","interaction":{"idSuffix":"inner"}},"wdio_ui5_key":"applicationmanagehandovers-display-component---AddNewHO--dueDate"}]}
COMMAND: POST /session/2eef3865f9633c585bb33c6ac0c7be86/execute/async - {"script":"<script> [6424 bytes]","args":[{"element-6066-11e4-a52e-4f735466cecf":"f.38388B4EA542EE9F87EA90A6B1549037.d.923DDEC5A588C01846194BD7040D77C3.e.15998"},"setValue",["05/25/25"]]}
RESULT: {"script":"<script> [6424 bytes]","args":[{"element-6066-11e4-a52e-4f735466cecf":"f.38388B4EA542EE9F87EA90A6B1549037.d.923DDEC5A588C01846194BD7040D77C3.e.15998"},"setValue",["05/25/25"]]}
COMMAND: POST /session/2eef3865f9633c585bb33c6ac0c7be86/element - {"using":"xpath","value":"//bdi[contains(text(), \"Instructions\")]"}
RESULT: {"using":"xpath","value":"//bdi[contains(text(), \"Instructions\")]"}
COMMAND: POST /session/2eef3865f9633c585bb33c6ac0c7be86/element/f.38388B4EA542EE9F87EA90A6B1549037.d.923DDEC5A588C01846194BD7040D77C3.e.16233/click - {}
RESULT: {}
COMMAND: GET /session/2eef3865f9633c585bb33c6ac0c7be86/screenshot - {}
RESULT: {}
COMMAND: POST /session/2eef3865f9633c585bb33c6ac0c7be86/element - {"using":"xpath","value":"//button[@data-kt=\"AddNewHOProvideAddItemsButton\"]"}
RESULT: {"using":"xpath","value":"//button[@data-kt=\"AddNewHOProvideAddItemsButton\"]"}
COMMAND: POST /session/2eef3865f9633c585bb33c6ac0c7be86/element/f.38388B4EA542EE9F87EA90A6B1549037.d.923DDEC5A588C01846194BD7040D77C3.e.16237/click - {}
RESULT: {}
COMMAND: GET /session/2eef3865f9633c585bb33c6ac0c7be86/screenshot - {}
RESULT: {}
RESULT: undefined
COMMAND: POST /session/2eef3865f9633c585bb33c6ac0c7be86/element - {"using":"xpath","value":"//*[@id=\"application-managehandovers-display-component---AddNewHO--popup-sa\"]"}
RESULT: {"using":"xpath","value":"//*[@id=\"application-managehandovers-display-component---AddNewHO--popup-sa\"]"}
COMMAND: POST /session/2eef3865f9633c585bb33c6ac0c7be86/element/f.38388B4EA542EE9F87EA90A6B1549037.d.923DDEC5A588C01846194BD7040D77C3.e.16246/click - {}
RESULT: {}
COMMAND: GET /session/2eef3865f9633c585bb33c6ac0c7be86/screenshot - {}
RESULT: {}
COMMAND: POST /session/2eef3865f9633c585bb33c6ac0c7be86/element - {"using":"xpath","value":"//*[contains(@id ,\"BDI-content\")][contains(text(), \"Select\")]"}
RESULT: {"using":"xpath","value":"//*[contains(@id ,\"BDI-content\")][contains(text(), \"Select\")]"}
COMMAND: POST /session/2eef3865f9633c585bb33c6ac0c7be86/element/f.38388B4EA542EE9F87EA90A6B1549037.d.923DDEC5A588C01846194BD7040D77C3.e.16248/click - {}
RESULT: {}
COMMAND: GET /session/2eef3865f9633c585bb33c6ac0c7be86/screenshot - {}
RESULT: {}
COMMAND: POST /session/2eef3865f9633c585bb33c6ac0c7be86/execute/async - {"script":"<script> [1562 bytes]","args":[{"selector":{"id":"application-managehandovers-display-component---AddNewHO--confirmCreationButton","interaction":{"idSuffix":"BDI-content"}},"wdio_ui5_key":"applicationmanagehandovers-display-component---AddNewHO--confirmCreationButton"}]}
RESULT: {"script":"<script> [1562 bytes]","args":[{"selector":{"id":"application-managehandovers-display-component---AddNewHO--confirmCreationButton","interaction":{"idSuffix":"BDI-content"}},"wdio_ui5_key":"applicationmanagehandovers-display-component---AddNewHO--confirmCreationButton"}]}
RESULT: undefined
COMMAND: POST /session/2eef3865f9633c585bb33c6ac0c7be86/element - {"using":"xpath","value":"//*[@id=\"application-managehandovers-display-component---AddNewHO--confirmCreationButton\"]"}
RESULT: {"using":"xpath","value":"//*[@id=\"application-managehandovers-display-component---AddNewHO--confirmCreationButton\"]"}
COMMAND: POST /session/2eef3865f9633c585bb33c6ac0c7be86/element/f.38388B4EA542EE9F87EA90A6B1549037.d.923DDEC5A588C01846194BD7040D77C3.e.16045/click - {}
RESULT: {}
COMMAND: GET /session/2eef3865f9633c585bb33c6ac0c7be86/screenshot - {}
RESULT: {}
COMMAND: POST /session/2eef3865f9633c585bb33c6ac0c7be86/execute/async - {"script":"<script> [1562 bytes]","args":[{"selector":{"id":"issueDatePicker","viewName":"etm.portal.ui.managehandovers.view.DetailExecuteHO","interaction":{"idSuffix":"inner"}},"wdio_ui5_key":"issueDatePickeretmportal.ui.managehandovers.view.DetailExecuteHO"}]}
RESULT: {"script":"<script> [1562 bytes]","args":[{"selector":{"id":"issueDatePicker","viewName":"etm.portal.ui.managehandovers.view.DetailExecuteHO","interaction":{"idSuffix":"inner"}},"wdio_ui5_key":"issueDatePickeretmportal.ui.managehandovers.view.DetailExecuteHO"}]}
RESULT: undefined
COMMAND: POST /session/2eef3865f9633c585bb33c6ac0c7be86/execute/async - {"script":"<script> [776 bytes]","args":[{"enterText":"5/25/25","selector":{"id":"issueDatePicker","viewName":"etm.portal.ui.managehandovers.view.DetailExecuteHO","interaction":{"idSuffix":"inner"}},"clearTextFirst":true,"interactionType":"ENTER_TEXT"}]}
RESULT: {"script":"<script> [776 bytes]","args":[{"enterText":"5/25/25","selector":{"id":"issueDatePicker","viewName":"etm.portal.ui.managehandovers.view.DetailExecuteHO","interaction":{"idSuffix":"inner"}},"clearTextFirst":true,"interactionType":"ENTER_TEXT"}]}
COMMAND: POST /session/2eef3865f9633c585bb33c6ac0c7be86/element - {"using":"xpath","value":"//button[@data-kt=\"PickingTableConfirmAllButton\"]"}
RESULT: {"using":"xpath","value":"//button[@data-kt=\"PickingTableConfirmAllButton\"]"}
COMMAND: POST /session/2eef3865f9633c585bb33c6ac0c7be86/element/f.38388B4EA542EE9F87EA90A6B1549037.d.923DDEC5A588C01846194BD7040D77C3.e.16302/click - {}
RESULT: {}
COMMAND: GET /session/2eef3865f9633c585bb33c6ac0c7be86/screenshot - {}
RESULT: {}
COMMAND: POST /session/2eef3865f9633c585bb33c6ac0c7be86/element - {"using":"xpath","value":"//bdi[contains(text(), \"OK\")]"}
RESULT: {"using":"xpath","value":"//bdi[contains(text(), \"OK\")]"}
COMMAND: POST /session/2eef3865f9633c585bb33c6ac0c7be86/element/f.38388B4EA542EE9F87EA90A6B1549037.d.923DDEC5A588C01846194BD7040D77C3.e.16306/click - {}
RESULT: {}
COMMAND: GET /session/2eef3865f9633c585bb33c6ac0c7be86/screenshot - {}
RESULT: {}
COMMAND: POST /session/2eef3865f9633c585bb33c6ac0c7be86/element - {"using":"xpath","value":"//button[@data-kt=\"execHoPickButton\"]"}
RESULT: {"using":"xpath","value":"//button[@data-kt=\"execHoPickButton\"]"}
COMMAND: POST /session/2eef3865f9633c585bb33c6ac0c7be86/element/f.38388B4EA542EE9F87EA90A6B1549037.d.923DDEC5A588C01846194BD7040D77C3.e.16307/click - {}
RESULT: {}
COMMAND: GET /session/2eef3865f9633c585bb33c6ac0c7be86/screenshot - {}
RESULT: {}
COMMAND: POST /session/2eef3865f9633c585bb33c6ac0c7be86/element - {"using":"xpath","value":"//span[contains(@id ,\"filterItemControl_BASIC-RECEIVE_CONTRACT-vhi\")]"}
RESULT: {"using":"xpath","value":"//span[contains(@id ,\"filterItemControl_BASIC-RECEIVE_CONTRACT-vhi\")]"}
COMMAND: POST /session/2eef3865f9633c585bb33c6ac0c7be86/element/f.38388B4EA542EE9F87EA90A6B1549037.d.923DDEC5A588C01846194BD7040D77C3.e.16482/click - {}
RESULT: {}
COMMAND: GET /session/2eef3865f9633c585bb33c6ac0c7be86/screenshot - {}
RESULT: {}
COMMAND: POST /session/2eef3865f9633c585bb33c6ac0c7be86/execute/async - {"script":"<script> [1562 bytes]","args":[{"selector":{"controlType":"sap.m.SearchField","viewName":"etm.portal.ui.managehandovers.view.MasterHO","bindingPath":{"path":"","propertyPath":"/_BASIC_SEARCH_FIELD","modelName":"fi1t3rM0d31"},"searchOpenDialogs":true,"interaction":{"idSuffix":"I"}},"wdio_ui5_key":"etmportal.ui.managehandovers.view.MasterHOsap.m.SearchField{\"path\":\"\",\"propertyPath\":\"/_BASIC_SEARCH_FIELD\",\"modelName\":\"fi1t3rM0d31\"}"}]}
RESULT: {"script":"<script> [1562 bytes]","args":[{"selector":{"controlType":"sap.m.SearchField","viewName":"etm.portal.ui.managehandovers.view.MasterHO","bindingPath":{"path":"","propertyPath":"/_BASIC_SEARCH_FIELD","modelName":"fi1t3rM0d31"},"searchOpenDialogs":true,"interaction":{"idSuffix":"I"}},"wdio_ui5_key":"etmportal.ui.managehandovers.view.MasterHOsap.m.SearchField{\"path\":\"\",\"propertyPath\":\"/_BASIC_SEARCH_FIELD\",\"modelName\":\"fi1t3rM0d31\"}"}]}
RESULT: undefined
COMMAND: POST /session/2eef3865f9633c585bb33c6ac0c7be86/execute/async - {"script":"<script> [776 bytes]","args":[{"enterText":"10210","selector":{"controlType":"sap.m.SearchField","viewName":"etm.portal.ui.managehandovers.view.MasterHO","bindingPath":{"path":"","propertyPath":"/_BASIC_SEARCH_FIELD","modelName":"fi1t3rM0d31"},"searchOpenDialogs":true,"interaction":{"idSuffix":"I"}},"clearTextFirst":true,"interactionType":"ENTER_TEXT"}]}
RESULT: {"script":"<script> [776 bytes]","args":[{"enterText":"10210","selector":{"controlType":"sap.m.SearchField","viewName":"etm.portal.ui.managehandovers.view.MasterHO","bindingPath":{"path":"","propertyPath":"/_BASIC_SEARCH_FIELD","modelName":"fi1t3rM0d31"},"searchOpenDialogs":true,"interaction":{"idSuffix":"I"}},"clearTextFirst":true,"interactionType":"ENTER_TEXT"}]}
COMMAND: POST /session/2eef3865f9633c585bb33c6ac0c7be86/actions - {"actions":[{"id":"action50","type":"key","parameters":{},"actions":[{"type":"keyDown","value":""},{"type":"pause","duration":10},{"type":"keyUp","value":""}]}]}
RESULT: {"actions":[{"id":"action50","type":"key","parameters":{},"actions":[{"type":"keyDown","value":""},{"type":"pause","duration":10},{"type":"keyUp","value":""}]}]}
COMMAND: GET /session/2eef3865f9633c585bb33c6ac0c7be86/screenshot - {}
RESULT: {}
COMMAND: POST /session/2eef3865f9633c585bb33c6ac0c7be86/element - {"using":"xpath","value":"//div[contains(@id, 'filterItemControl_BASIC-RECEIVE_CONTRACT-valueHelpDialog-table-rowsel0')]"}
RESULT: {"using":"xpath","value":"//div[contains(@id, 'filterItemControl_BASIC-RECEIVE_CONTRACT-valueHelpDialog-table-rowsel0')]"}
COMMAND: POST /session/2eef3865f9633c585bb33c6ac0c7be86/element/f.38388B4EA542EE9F87EA90A6B1549037.d.923DDEC5A588C01846194BD7040D77C3.e.16492/click - {}
RESULT: {}
COMMAND: GET /session/2eef3865f9633c585bb33c6ac0c7be86/screenshot - {}
RESULT: {}
COMMAND: POST /session/2eef3865f9633c585bb33c6ac0c7be86/element - {"using":"xpath","value":"//bdi[contains(text(), \"OK\")]"}
RESULT: {"using":"xpath","value":"//bdi[contains(text(), \"OK\")]"}
COMMAND: POST /session/2eef3865f9633c585bb33c6ac0c7be86/element/f.38388B4EA542EE9F87EA90A6B1549037.d.923DDEC5A588C01846194BD7040D77C3.e.16494/click - {}
RESULT: {}
COMMAND: GET /session/2eef3865f9633c585bb33c6ac0c7be86/screenshot - {}
RESULT: {}
COMMAND: POST /session/2eef3865f9633c585bb33c6ac0c7be86/element - {"using":"xpath","value":"//span[contains(@id, \"smartTable-header-inner\")]"}
RESULT: {"using":"xpath","value":"//span[contains(@id, \"smartTable-header-inner\")]"}
COMMAND: POST /session/2eef3865f9633c585bb33c6ac0c7be86/elements - {"using":"xpath","value":"//span[contains(@id, \"smartTable-header-inner\")]"}
RESULT: {"using":"xpath","value":"//span[contains(@id, \"smartTable-header-inner\")]"}
COMMAND: POST /session/2eef3865f9633c585bb33c6ac0c7be86/execute/sync - {"script":"<script> [56 bytes]","args":[{"element-6066-11e4-a52e-4f735466cecf":"f.38388B4EA542EE9F87EA90A6B1549037.d.923DDEC5A588C01846194BD7040D77C3.e.16523","ELEMENT":"f.38388B4EA542EE9F87EA90A6B1549037.d.923DDEC5A588C01846194BD7040D77C3.e.16523"}]}
RESULT: {"script":"<script> [56 bytes]","args":[{"element-6066-11e4-a52e-4f735466cecf":"f.38388B4EA542EE9F87EA90A6B1549037.d.923DDEC5A588C01846194BD7040D77C3.e.16523","ELEMENT":"f.38388B4EA542EE9F87EA90A6B1549037.d.923DDEC5A588C01846194BD7040D77C3.e.16523"}]}
COMMAND: POST /session/2eef3865f9633c585bb33c6ac0c7be86/element - {"using":"xpath","value":"//table[contains(@id, \"customHandovers\")]//tbody/tr[1]/td[2]/span"}
COMMAND: GET /session/2eef3865f9633c585bb33c6ac0c7be86/screenshot - {}
RESULT: {"using":"xpath","value":"//table[contains(@id, \"customHandovers\")]//tbody/tr[1]/td[2]/span"}
COMMAND: POST /session/2eef3865f9633c585bb33c6ac0c7be86/execute/sync - {"script":"<script> [56 bytes]","args":[{"element-6066-11e4-a52e-4f735466cecf":"f.38388B4EA542EE9F87EA90A6B1549037.d.923DDEC5A588C01846194BD7040D77C3.e.16524","ELEMENT":"f.38388B4EA542EE9F87EA90A6B1549037.d.923DDEC5A588C01846194BD7040D77C3.e.16524"}]}
RESULT: {}
RESULT: {"script":"<script> [56 bytes]","args":[{"element-6066-11e4-a52e-4f735466cecf":"f.38388B4EA542EE9F87EA90A6B1549037.d.923DDEC5A588C01846194BD7040D77C3.e.16524","ELEMENT":"f.38388B4EA542EE9F87EA90A6B1549037.d.923DDEC5A588C01846194BD7040D77C3.e.16524"}]}
COMMAND: POST /session/2eef3865f9633c585bb33c6ac0c7be86/element - {"using":"xpath","value":"(//span[contains(@id, \"imgNav\")])[1]"}
COMMAND: GET /session/2eef3865f9633c585bb33c6ac0c7be86/screenshot - {}
RESULT: {"using":"xpath","value":"(//span[contains(@id, \"imgNav\")])[1]"}
COMMAND: POST /session/2eef3865f9633c585bb33c6ac0c7be86/element/f.38388B4EA542EE9F87EA90A6B1549037.d.923DDEC5A588C01846194BD7040D77C3.e.16521/click - {}
RESULT: {}
RESULT: {}
COMMAND: GET /session/2eef3865f9633c585bb33c6ac0c7be86/screenshot - {}
RESULT: {}
RESULT: undefined
COMMAND: POST /session/2eef3865f9633c585bb33c6ac0c7be86/execute/async - {"script":"<script> [776 bytes]","args":[{"enterText":"5/25/25","selector":{"id":"issueDatePicker","viewName":"etm.portal.ui.managehandovers.view.DetailExecuteHO","interaction":{"idSuffix":"inner"}},"clearTextFirst":true,"interactionType":"ENTER_TEXT"}]}
RESULT: {"script":"<script> [776 bytes]","args":[{"enterText":"5/25/25","selector":{"id":"issueDatePicker","viewName":"etm.portal.ui.managehandovers.view.DetailExecuteHO","interaction":{"idSuffix":"inner"}},"clearTextFirst":true,"interactionType":"ENTER_TEXT"}]}
COMMAND: POST /session/2eef3865f9633c585bb33c6ac0c7be86/element - {"using":"xpath","value":"//button[@data-kt=\"IssuingTableConfirmAllButton\"]"}
RESULT: {"using":"xpath","value":"//button[@data-kt=\"IssuingTableConfirmAllButton\"]"}
COMMAND: POST /session/2eef3865f9633c585bb33c6ac0c7be86/element/f.38388B4EA542EE9F87EA90A6B1549037.d.923DDEC5A588C01846194BD7040D77C3.e.16565/click - {}
RESULT: {}
COMMAND: GET /session/2eef3865f9633c585bb33c6ac0c7be86/screenshot - {}
RESULT: {}
COMMAND: POST /session/2eef3865f9633c585bb33c6ac0c7be86/element - {"using":"xpath","value":"//bdi[contains(text(), \"OK\")]"}
RESULT: {"using":"xpath","value":"//bdi[contains(text(), \"OK\")]"}
COMMAND: POST /session/2eef3865f9633c585bb33c6ac0c7be86/element/f.38388B4EA542EE9F87EA90A6B1549037.d.923DDEC5A588C01846194BD7040D77C3.e.16581/click - {}
RESULT: {}
COMMAND: GET /session/2eef3865f9633c585bb33c6ac0c7be86/screenshot - {}
RESULT: {}
COMMAND: POST /session/2eef3865f9633c585bb33c6ac0c7be86/element - {"using":"xpath","value":"//button[@data-kt=\"execHoIssueButton\"]"}
RESULT: {"using":"xpath","value":"//button[@data-kt=\"execHoIssueButton\"]"}
COMMAND: POST /session/2eef3865f9633c585bb33c6ac0c7be86/element/f.38388B4EA542EE9F87EA90A6B1549037.d.923DDEC5A588C01846194BD7040D77C3.e.16582/click - {}
RESULT: {}
COMMAND: GET /session/2eef3865f9633c585bb33c6ac0c7be86/screenshot - {}
RESULT: {}
COMMAND: POST /session/2eef3865f9633c585bb33c6ac0c7be86/element - {"using":"xpath","value":"//input[contains(@id ,\"smartFilterBar-btnBasicSearch-I\")]"}
RESULT: {"using":"xpath","value":"//input[contains(@id ,\"smartFilterBar-btnBasicSearch-I\")]"}
COMMAND: POST /session/2eef3865f9633c585bb33c6ac0c7be86/elements - {"using":"xpath","value":"//input[contains(@id ,\"smartFilterBar-btnBasicSearch-I\")]"}
RESULT: {"using":"xpath","value":"//input[contains(@id ,\"smartFilterBar-btnBasicSearch-I\")]"}
COMMAND: POST /session/2eef3865f9633c585bb33c6ac0c7be86/execute/sync - {"script":"<script> [8489 bytes]","args":[{"element-6066-11e4-a52e-4f735466cecf":"f.38388B4EA542EE9F87EA90A6B1549037.d.923DDEC5A588C01846194BD7040D77C3.e.15997","ELEMENT":"f.38388B4EA542EE9F87EA90A6B1549037.d.923DDEC5A588C01846194BD7040D77C3.e.15997"}]}
RESULT: {"script":"<script> [8489 bytes]","args":[{"element-6066-11e4-a52e-4f735466cecf":"f.38388B4EA542EE9F87EA90A6B1549037.d.923DDEC5A588C01846194BD7040D77C3.e.15997","ELEMENT":"f.38388B4EA542EE9F87EA90A6B1549037.d.923DDEC5A588C01846194BD7040D77C3.e.15997"}]}
COMMAND: GET /session/2eef3865f9633c585bb33c6ac0c7be86/element/f.38388B4EA542EE9F87EA90A6B1549037.d.923DDEC5A588C01846194BD7040D77C3.e.15997/enabled - {}
COMMAND: GET /session/2eef3865f9633c585bb33c6ac0c7be86/screenshot - {}
RESULT: {}
COMMAND: POST /session/2eef3865f9633c585bb33c6ac0c7be86/element/f.38388B4EA542EE9F87EA90A6B1549037.d.923DDEC5A588C01846194BD7040D77C3.e.15997/clear - {}
COMMAND: GET /session/2eef3865f9633c585bb33c6ac0c7be86/screenshot - {}
RESULT: {}
RESULT: {}
COMMAND: POST /session/2eef3865f9633c585bb33c6ac0c7be86/element/f.38388B4EA542EE9F87EA90A6B1549037.d.923DDEC5A588C01846194BD7040D77C3.e.15997/value - {"text":"30428"}
COMMAND: GET /session/2eef3865f9633c585bb33c6ac0c7be86/screenshot - {}
RESULT: {}
RESULT: {"text":"30428"}
COMMAND: GET /session/2eef3865f9633c585bb33c6ac0c7be86/screenshot - {}
RESULT: {}
RESULT: {}
COMMAND: POST /session/2eef3865f9633c585bb33c6ac0c7be86/actions - {"actions":[{"id":"action51","type":"key","parameters":{},"actions":[{"type":"keyDown","value":""},{"type":"pause","duration":10},{"type":"keyUp","value":""}]}]}
RESULT: {"actions":[{"id":"action51","type":"key","parameters":{},"actions":[{"type":"keyDown","value":""},{"type":"pause","duration":10},{"type":"keyUp","value":""}]}]}
COMMAND: GET /session/2eef3865f9633c585bb33c6ac0c7be86/screenshot - {}
RESULT: {}
COMMAND: POST /session/2eef3865f9633c585bb33c6ac0c7be86/element - {"using":"xpath","value":"//span[contains(@id, \"smartTable-header-inner\")]"}
RESULT: {"using":"xpath","value":"//span[contains(@id, \"smartTable-header-inner\")]"}
COMMAND: POST /session/2eef3865f9633c585bb33c6ac0c7be86/elements - {"using":"xpath","value":"//span[contains(@id, \"smartTable-header-inner\")]"}
RESULT: {"using":"xpath","value":"//span[contains(@id, \"smartTable-header-inner\")]"}
COMMAND: POST /session/2eef3865f9633c585bb33c6ac0c7be86/execute/sync - {"script":"<script> [56 bytes]","args":[{"element-6066-11e4-a52e-4f735466cecf":"f.38388B4EA542EE9F87EA90A6B1549037.d.923DDEC5A588C01846194BD7040D77C3.e.16523","ELEMENT":"f.38388B4EA542EE9F87EA90A6B1549037.d.923DDEC5A588C01846194BD7040D77C3.e.16523"}]}
RESULT: {"script":"<script> [56 bytes]","args":[{"element-6066-11e4-a52e-4f735466cecf":"f.38388B4EA542EE9F87EA90A6B1549037.d.923DDEC5A588C01846194BD7040D77C3.e.16523","ELEMENT":"f.38388B4EA542EE9F87EA90A6B1549037.d.923DDEC5A588C01846194BD7040D77C3.e.16523"}]}
COMMAND: POST /session/2eef3865f9633c585bb33c6ac0c7be86/elements - {"using":"xpath","value":"//thead[contains(@class, \"sapMTableTH\")]/tr/th"}
COMMAND: GET /session/2eef3865f9633c585bb33c6ac0c7be86/screenshot - {}
RESULT: {"using":"xpath","value":"//thead[contains(@class, \"sapMTableTH\")]/tr/th"}
COMMAND: GET /session/2eef3865f9633c585bb33c6ac0c7be86/element/f.38388B4EA542EE9F87EA90A6B1549037.d.923DDEC5A588C01846194BD7040D77C3.e.16630/text - {}
RESULT: {}
RESULT: {}
COMMAND: GET /session/2eef3865f9633c585bb33c6ac0c7be86/element/f.38388B4EA542EE9F87EA90A6B1549037.d.923DDEC5A588C01846194BD7040D77C3.e.16631/text - {}
RESULT: {}
COMMAND: GET /session/2eef3865f9633c585bb33c6ac0c7be86/element/f.38388B4EA542EE9F87EA90A6B1549037.d.923DDEC5A588C01846194BD7040D77C3.e.15991/text - {}
RESULT: {}
COMMAND: GET /session/2eef3865f9633c585bb33c6ac0c7be86/element/f.38388B4EA542EE9F87EA90A6B1549037.d.923DDEC5A588C01846194BD7040D77C3.e.15993/text - {}
RESULT: {}
COMMAND: GET /session/2eef3865f9633c585bb33c6ac0c7be86/element/f.38388B4EA542EE9F87EA90A6B1549037.d.923DDEC5A588C01846194BD7040D77C3.e.16587/text - {}
RESULT: {}
COMMAND: GET /session/2eef3865f9633c585bb33c6ac0c7be86/element/f.38388B4EA542EE9F87EA90A6B1549037.d.923DDEC5A588C01846194BD7040D77C3.e.16588/text - {}
RESULT: {}
COMMAND: GET /session/2eef3865f9633c585bb33c6ac0c7be86/element/f.38388B4EA542EE9F87EA90A6B1549037.d.923DDEC5A588C01846194BD7040D77C3.e.16589/text - {}
RESULT: {}
COMMAND: GET /session/2eef3865f9633c585bb33c6ac0c7be86/element/f.38388B4EA542EE9F87EA90A6B1549037.d.923DDEC5A588C01846194BD7040D77C3.e.16590/text - {}
RESULT: {}
COMMAND: GET /session/2eef3865f9633c585bb33c6ac0c7be86/element/f.38388B4EA542EE9F87EA90A6B1549037.d.923DDEC5A588C01846194BD7040D77C3.e.16591/text - {}
RESULT: {}
COMMAND: GET /session/2eef3865f9633c585bb33c6ac0c7be86/element/f.38388B4EA542EE9F87EA90A6B1549037.d.923DDEC5A588C01846194BD7040D77C3.e.16592/text - {}
RESULT: {}
COMMAND: GET /session/2eef3865f9633c585bb33c6ac0c7be86/element/f.38388B4EA542EE9F87EA90A6B1549037.d.923DDEC5A588C01846194BD7040D77C3.e.16593/text - {}
RESULT: {}
COMMAND: GET /session/2eef3865f9633c585bb33c6ac0c7be86/element/f.38388B4EA542EE9F87EA90A6B1549037.d.923DDEC5A588C01846194BD7040D77C3.e.16594/text - {}
RESULT: {}
COMMAND: GET /session/2eef3865f9633c585bb33c6ac0c7be86/element/f.38388B4EA542EE9F87EA90A6B1549037.d.923DDEC5A588C01846194BD7040D77C3.e.16595/text - {}
RESULT: {}
COMMAND: GET /session/2eef3865f9633c585bb33c6ac0c7be86/element/f.38388B4EA542EE9F87EA90A6B1549037.d.923DDEC5A588C01846194BD7040D77C3.e.15994/text - {}
RESULT: {}
COMMAND: POST /session/2eef3865f9633c585bb33c6ac0c7be86/element - {"using":"xpath","value":"//tbody[contains(@id, \"customHandoversTable-tblBody\")]/tr[1]/td[14]/div/span"}
RESULT: {"using":"xpath","value":"//tbody[contains(@id, \"customHandoversTable-tblBody\")]/tr[1]/td[14]/div/span"}
COMMAND: POST /session/2eef3865f9633c585bb33c6ac0c7be86/execute/sync - {"script":"<script> [56 bytes]","args":[{"element-6066-11e4-a52e-4f735466cecf":"f.38388B4EA542EE9F87EA90A6B1549037.d.923DDEC5A588C01846194BD7040D77C3.e.16680","ELEMENT":"f.38388B4EA542EE9F87EA90A6B1549037.d.923DDEC5A588C01846194BD7040D77C3.e.16680"}]}
RESULT: {"script":"<script> [56 bytes]","args":[{"element-6066-11e4-a52e-4f735466cecf":"f.38388B4EA542EE9F87EA90A6B1549037.d.923DDEC5A588C01846194BD7040D77C3.e.16680","ELEMENT":"f.38388B4EA542EE9F87EA90A6B1549037.d.923DDEC5A588C01846194BD7040D77C3.e.16680"}]}
COMMAND: POST /session/2eef3865f9633c585bb33c6ac0c7be86/element - {"using":"xpath","value":"(//span[contains(@id, \"imgNav\")])[1]"}
COMMAND: GET /session/2eef3865f9633c585bb33c6ac0c7be86/screenshot - {}
RESULT: {"using":"xpath","value":"(//span[contains(@id, \"imgNav\")])[1]"}
COMMAND: POST /session/2eef3865f9633c585bb33c6ac0c7be86/element/f.38388B4EA542EE9F87EA90A6B1549037.d.923DDEC5A588C01846194BD7040D77C3.e.16628/click - {}
RESULT: {}
RESULT: {}
COMMAND: GET /session/2eef3865f9633c585bb33c6ac0c7be86/screenshot - {}
RESULT: {}
RESULT: undefined
COMMAND: POST /session/2eef3865f9633c585bb33c6ac0c7be86/execute/async - {"script":"<script> [776 bytes]","args":[{"enterText":"05/25/25","selector":{"id":"receiptDatePicker","viewName":"etm.portal.ui.managehandovers.view.DetailExecuteHO","interaction":{"idSuffix":"inner"}},"clearTextFirst":true,"interactionType":"ENTER_TEXT"}]}
RESULT: {"script":"<script> [776 bytes]","args":[{"enterText":"05/25/25","selector":{"id":"receiptDatePicker","viewName":"etm.portal.ui.managehandovers.view.DetailExecuteHO","interaction":{"idSuffix":"inner"}},"clearTextFirst":true,"interactionType":"ENTER_TEXT"}]}
COMMAND: POST /session/2eef3865f9633c585bb33c6ac0c7be86/element - {"using":"xpath","value":"//button[@data-kt=\"ReceivingTableConfirmAllButton\"]"}
RESULT: {"using":"xpath","value":"//button[@data-kt=\"ReceivingTableConfirmAllButton\"]"}
COMMAND: POST /session/2eef3865f9633c585bb33c6ac0c7be86/element/f.38388B4EA542EE9F87EA90A6B1549037.d.923DDEC5A588C01846194BD7040D77C3.e.16690/click - {}
COMMAND: GET /session/2eef3865f9633c585bb33c6ac0c7be86/screenshot - {}
RESULT: {}
]]></system-out>
      <system-err><![CDATA[
element click intercepted: element click intercepted: Element <button id="__button251" data-sap-ui="__button251" data-sap-ui-render="" data-kt="ReceivingTableConfirmAllButton" data-ui5-accesskey="c" aria-describedby="__button251-tooltip" title="Confirm All" class="sapMBtnBase sapMBtn sapMColumnHeaderContent">...</button> is not clickable at point (726, 801). Other element would receive the click: <div id="sap-ui-blocklayer-popup" tabindex="0" class="sapUiBLy" style="z-index: 469; visibility: visible;"></div>
  (Session info: chrome=136.0.7103.93)
    at async Context.<anonymous> (D:\a\1\s\test\specs\HTR\provide-to-site-wo-warehouse-wo-clarification.spec.js:288:9)
]]></system-err>
    </testcase>
    <testcase classname="chrome.136_0_7103_93.windows.Provide_to_Site_w/o_warehouse_management_w/o_clarification" name="Should Test for Handover Execution" time="5.203">
      <failure/>
      <error message="element click intercepted: Element &lt;span id=&quot;__item1128-__clone2300-imgNav&quot; data-sap-ui=&quot;__item1128-__clone2300-imgNav&quot; data-sap-ui-render=&quot;&quot; role=&quot;img&quot; aria-label=&quot;Navigation&quot; data-sap-ui-icon-content=&quot;&quot; class=&quot;sapUiIcon sapUiIconMirrorInRTL sapMLIBType sapMLIBImgNav&quot; style=&quot;font-family: SAP-icons;&quot;>...&lt;/span> is not clickable at point (588, 394). Other element would receive the click: &lt;div id=&quot;sap-ui-blocklayer-popup&quot; tabindex=&quot;0&quot; class=&quot;sapUiBLy&quot; style=&quot;z-index: 469; visibility: visible;&quot;>&lt;/div>&#xA;  (Session info: chrome=136.0.7103.93)"/>
      <system-out><![CDATA[
COMMAND: GET /session/2eef3865f9633c585bb33c6ac0c7be86/screenshot - {}
COMMAND: POST /session/2eef3865f9633c585bb33c6ac0c7be86/element - {"using":"xpath","value":"(//span[contains(@id, \"imgNav\")])[1]"}
RESULT: {"using":"xpath","value":"(//span[contains(@id, \"imgNav\")])[1]"}
COMMAND: POST /session/2eef3865f9633c585bb33c6ac0c7be86/element/f.38388B4EA542EE9F87EA90A6B1549037.d.923DDEC5A588C01846194BD7040D77C3.e.16628/click - {}
RESULT: {}
COMMAND: GET /session/2eef3865f9633c585bb33c6ac0c7be86/screenshot - {}
RESULT: {}
]]></system-out>
      <system-err><![CDATA[
element click intercepted: element click intercepted: Element <span id="__item1128-__clone2300-imgNav" data-sap-ui="__item1128-__clone2300-imgNav" data-sap-ui-render="" role="img" aria-label="Navigation" data-sap-ui-icon-content="" class="sapUiIcon sapUiIconMirrorInRTL sapMLIBType sapMLIBImgNav" style="font-family: SAP-icons;">...</span> is not clickable at point (588, 394). Other element would receive the click: <div id="sap-ui-blocklayer-popup" tabindex="0" class="sapUiBLy" style="z-index: 469; visibility: visible;"></div>
  (Session info: chrome=136.0.7103.93)
    at async Context.<anonymous> (D:\a\1\s\test\specs\HTR\provide-to-site-wo-warehouse-wo-clarification.spec.js:344:9)
]]></system-err>
    </testcase>
    <testcase classname="chrome.136_0_7103_93.windows.Provide_to_Site_w/o_warehouse_management_w/o_clarification" name="Should test for Clarification" time="0.006">
      <system-out><![CDATA[
COMMAND: GET /session/2eef3865f9633c585bb33c6ac0c7be86/screenshot - {}
COMMAND: POST /session/2eef3865f9633c585bb33c6ac0c7be86/element - {"using":"css selector","value":"#j_username"}
COMMAND: POST /session/2eef3865f9633c585bb33c6ac0c7be86/url - {"url":"https://qa-testing-00-live-etm-ui.cfapps.eu10-004.hana.ondemand.com/"}
COMMAND: GET /session/2eef3865f9633c585bb33c6ac0c7be86/screenshot - {}
RESULT: {}
RESULT: {"using":"css selector","value":"#j_username"}
COMMAND: POST /session/2eef3865f9633c585bb33c6ac0c7be86/element - {"using":"css selector","value":"#j_username"}
RESULT: {"url":"https://qa-testing-00-live-etm-ui.cfapps.eu10-004.hana.ondemand.com/"}
RESULT: undefined
COMMAND: GET /session/2eef3865f9633c585bb33c6ac0c7be86/screenshot - {}
RESULT: {}
RESULT: {"using":"css selector","value":"#j_username"}
COMMAND: POST /session/2eef3865f9633c585bb33c6ac0c7be86/element - {"using":"css selector","value":"#shell-header-logo"}
RESULT: {}
RESULT: {"using":"css selector","value":"#shell-header-logo"}
COMMAND: POST /session/2eef3865f9633c585bb33c6ac0c7be86/execute/sync - {"script":"<script> [8489 bytes]","args":[{"element-6066-11e4-a52e-4f735466cecf":"f.38388B4EA542EE9F87EA90A6B1549037.d.09E9DD5471A30563D15DA95EE55DB743.e.16717","ELEMENT":"f.38388B4EA542EE9F87EA90A6B1549037.d.09E9DD5471A30563D15DA95EE55DB743.e.16717"}]}
RESULT: {"script":"<script> [8489 bytes]","args":[{"element-6066-11e4-a52e-4f735466cecf":"f.38388B4EA542EE9F87EA90A6B1549037.d.09E9DD5471A30563D15DA95EE55DB743.e.16717","ELEMENT":"f.38388B4EA542EE9F87EA90A6B1549037.d.09E9DD5471A30563D15DA95EE55DB743.e.16717"}]}
COMMAND: POST /session/2eef3865f9633c585bb33c6ac0c7be86/element - {"using":"css selector","value":"#shell-header-logo"}
COMMAND: GET /session/2eef3865f9633c585bb33c6ac0c7be86/screenshot - {}
RESULT: {"using":"css selector","value":"#shell-header-logo"}
COMMAND: POST /session/2eef3865f9633c585bb33c6ac0c7be86/execute/sync - {"script":"<script> [8489 bytes]","args":[{"element-6066-11e4-a52e-4f735466cecf":"f.38388B4EA542EE9F87EA90A6B1549037.d.09E9DD5471A30563D15DA95EE55DB743.e.16717","ELEMENT":"f.38388B4EA542EE9F87EA90A6B1549037.d.09E9DD5471A30563D15DA95EE55DB743.e.16717"}]}
RESULT: {}
RESULT: {"script":"<script> [8489 bytes]","args":[{"element-6066-11e4-a52e-4f735466cecf":"f.38388B4EA542EE9F87EA90A6B1549037.d.09E9DD5471A30563D15DA95EE55DB743.e.16717","ELEMENT":"f.38388B4EA542EE9F87EA90A6B1549037.d.09E9DD5471A30563D15DA95EE55DB743.e.16717"}]}
COMMAND: POST /session/2eef3865f9633c585bb33c6ac0c7be86/execute/sync - {"script":"<script> [5351 bytes]","args":[{"element-6066-11e4-a52e-4f735466cecf":"f.38388B4EA542EE9F87EA90A6B1549037.d.09E9DD5471A30563D15DA95EE55DB743.e.16717","ELEMENT":"f.38388B4EA542EE9F87EA90A6B1549037.d.09E9DD5471A30563D15DA95EE55DB743.e.16717"}]}
COMMAND: GET /session/2eef3865f9633c585bb33c6ac0c7be86/screenshot - {}
RESULT: {}
RESULT: {"script":"<script> [5351 bytes]","args":[{"element-6066-11e4-a52e-4f735466cecf":"f.38388B4EA542EE9F87EA90A6B1549037.d.09E9DD5471A30563D15DA95EE55DB743.e.16717","ELEMENT":"f.38388B4EA542EE9F87EA90A6B1549037.d.09E9DD5471A30563D15DA95EE55DB743.e.16717"}]}
COMMAND: POST /session/2eef3865f9633c585bb33c6ac0c7be86/element - {"using":"css selector","value":"#shell-header-logo"}
COMMAND: GET /session/2eef3865f9633c585bb33c6ac0c7be86/screenshot - {}
RESULT: {"using":"css selector","value":"#shell-header-logo"}
COMMAND: POST /session/2eef3865f9633c585bb33c6ac0c7be86/element/f.38388B4EA542EE9F87EA90A6B1549037.d.09E9DD5471A30563D15DA95EE55DB743.e.16717/click - {}
RESULT: {}
RESULT: {}
COMMAND: GET /session/2eef3865f9633c585bb33c6ac0c7be86/screenshot - {}
RESULT: {}
COMMAND: POST /session/2eef3865f9633c585bb33c6ac0c7be86/execute/async - {"script":"<script> [189 bytes]","args":[]}
RESULT: {"script":"<script> [189 bytes]","args":[]}
COMMAND: POST /session/2eef3865f9633c585bb33c6ac0c7be86/execute/async - {"script":"<script> [123 bytes]","args":[]}
RESULT: {"script":"<script> [123 bytes]","args":[]}
COMMAND: POST /session/2eef3865f9633c585bb33c6ac0c7be86/timeouts - {"script":"<number>"}
RESULT: {"script":"<number>"}
COMMAND: GET /session/2eef3865f9633c585bb33c6ac0c7be86/timeouts - {}
RESULT: {}
RESULT: undefined
COMMAND: POST /session/2eef3865f9633c585bb33c6ac0c7be86/execute/async - {"script":"<script> [2676 bytes]","args":[]}
RESULT: {"script":"<script> [2676 bytes]","args":[]}
COMMAND: POST /session/2eef3865f9633c585bb33c6ac0c7be86/execute/async - {"script":"<script> [2342 bytes]","args":[{"protocol":"http","hostname":"0.0.0.0","path":"/","capabilities":{"browserName":"chrome","goog:chromeOptions":{"binary":"C:\\Program Files\\Google\\Chrome\\Application\\chrome.exe","args":["--start-maximized"]}},"logLevel":"warn","connectionRetryTimeout":120000,"connectionRetryCount":3,"logLevels":{},"enableDirectConnect":true,"strictSSL":true,"_":"65 more keys: [\"cacheDir\",\"port\",\"requestedCapabilities\",\"automationProtocol\",\"baseUrl\",\"waitforInterval\",\"waitforTimeout\",\"onReload\",\"beforeCommand\",\"afterCommand\",\"rootDir\",\"specs\",\"suites\",\"exclude\",\"groupLogsByTestSpec\",\"excludeDriverLogs\",\"bail\",\"framework\",\"reporters\",\"services\",\"maxInstances\",\"maxInstancesPerCapability\",\"injectGlobals\",\"filesToWatch\",\"execArgv\",\"runnerEnv\",\"runner\",\"shard\",\"specFileRetries\",\"specFileRetriesDelay\",\"specFileRetriesDeferred\",\"reporterSyncInterval\",\"reporterSyncTimeout\",\"cucumberFeaturesWithLineNumbers\",\"autoCompileOpts\",\"mochaOpts\",\"jasmineOpts\",\"cucumberOpts\",\"onPrepare\",\"onWorkerStart\",\"onWorkerEnd\",\"before\",\"beforeSession\",\"beforeSuite\",\"beforeHook\",\"beforeTest\",\"afterTest\",\"afterHook\",\"afterSuite\",\"afterSession\",\"after\",\"onComplete\",\"beforeAssertion\",\"afterAssertion\",\"beforeFeature\",\"beforeScenario\",\"beforeStep\",\"afterStep\",\"afterScenario\",\"afterFeature\",\"_\",\"suite\",\"$0\",\"ignoredWorkerServices\",\"wdi5\"]"}]}
RESULT: {"script":"<script> [2342 bytes]","args":[{"protocol":"http","hostname":"0.0.0.0","path":"/","capabilities":{"browserName":"chrome","goog:chromeOptions":{"binary":"C:\\Program Files\\Google\\Chrome\\Application\\chrome.exe","args":["--start-maximized"]}},"logLevel":"warn","connectionRetryTimeout":120000,"connectionRetryCount":3,"logLevels":{},"enableDirectConnect":true,"strictSSL":true,"_":"65 more keys: [\"cacheDir\",\"port\",\"requestedCapabilities\",\"automationProtocol\",\"baseUrl\",\"waitforInterval\",\"waitforTimeout\",\"onReload\",\"beforeCommand\",\"afterCommand\",\"rootDir\",\"specs\",\"suites\",\"exclude\",\"groupLogsByTestSpec\",\"excludeDriverLogs\",\"bail\",\"framework\",\"reporters\",\"services\",\"maxInstances\",\"maxInstancesPerCapability\",\"injectGlobals\",\"filesToWatch\",\"execArgv\",\"runnerEnv\",\"runner\",\"shard\",\"specFileRetries\",\"specFileRetriesDelay\",\"specFileRetriesDeferred\",\"reporterSyncInterval\",\"reporterSyncTimeout\",\"cucumberFeaturesWithLineNumbers\",\"autoCompileOpts\",\"mochaOpts\",\"jasmineOpts\",\"cucumberOpts\",\"onPrepare\",\"onWorkerStart\",\"onWorkerEnd\",\"before\",\"beforeSession\",\"beforeSuite\",\"beforeHook\",\"beforeTest\",\"afterTest\",\"afterHook\",\"afterSuite\",\"afterSession\",\"after\",\"onComplete\",\"beforeAssertion\",\"afterAssertion\",\"beforeFeature\",\"beforeScenario\",\"beforeStep\",\"afterStep\",\"afterScenario\",\"afterFeature\",\"_\",\"suite\",\"$0\",\"ignoredWorkerServices\",\"wdi5\"]"}]}
COMMAND: POST /session/2eef3865f9633c585bb33c6ac0c7be86/execute/async - {"script":"<script> [21126 bytes]","args":[35000]}
RESULT: {"script":"<script> [21126 bytes]","args":[35000]}
COMMAND: POST /session/2eef3865f9633c585bb33c6ac0c7be86/window/maximize - {}
RESULT: {}
COMMAND: POST /session/2eef3865f9633c585bb33c6ac0c7be86/execute/async - {"script":"<script> [1562 bytes]","args":[{"selector":{"id":"shell-header","interaction":{"idSuffix":"icon"}},"wdio_ui5_key":"shellheader"}]}
COMMAND: GET /session/2eef3865f9633c585bb33c6ac0c7be86/screenshot - {}
RESULT: {"script":"<script> [1562 bytes]","args":[{"selector":{"id":"shell-header","interaction":{"idSuffix":"icon"}},"wdio_ui5_key":"shellheader"}]}
RESULT: undefined
COMMAND: POST /session/2eef3865f9633c585bb33c6ac0c7be86/refresh - {}
RESULT: {}
RESULT: {}
COMMAND: GET /session/2eef3865f9633c585bb33c6ac0c7be86/screenshot - {}
RESULT: {}
COMMAND: POST /session/2eef3865f9633c585bb33c6ac0c7be86/refresh - {}
RESULT: {}
COMMAND: GET /session/2eef3865f9633c585bb33c6ac0c7be86/screenshot - {}
RESULT: {}
COMMAND: POST /session/2eef3865f9633c585bb33c6ac0c7be86/window/fullscreen - {}
RESULT: {}
COMMAND: POST /session/2eef3865f9633c585bb33c6ac0c7be86/execute/async - {"script":"<script> [189 bytes]","args":[]}
RESULT: {"script":"<script> [189 bytes]","args":[]}
COMMAND: POST /session/2eef3865f9633c585bb33c6ac0c7be86/execute/async - {"script":"<script> [123 bytes]","args":[]}
RESULT: {"script":"<script> [123 bytes]","args":[]}
COMMAND: POST /session/2eef3865f9633c585bb33c6ac0c7be86/timeouts - {"script":"<number>"}
RESULT: {"script":"<number>"}
COMMAND: GET /session/2eef3865f9633c585bb33c6ac0c7be86/timeouts - {}
RESULT: {}
RESULT: undefined
COMMAND: POST /session/2eef3865f9633c585bb33c6ac0c7be86/execute/async - {"script":"<script> [2676 bytes]","args":[]}
RESULT: {"script":"<script> [2676 bytes]","args":[]}
COMMAND: POST /session/2eef3865f9633c585bb33c6ac0c7be86/execute/async - {"script":"<script> [2342 bytes]","args":[{"protocol":"http","hostname":"0.0.0.0","path":"/","capabilities":{"browserName":"chrome","goog:chromeOptions":{"binary":"C:\\Program Files\\Google\\Chrome\\Application\\chrome.exe","args":["--start-maximized"]}},"logLevel":"warn","connectionRetryTimeout":120000,"connectionRetryCount":3,"logLevels":{},"enableDirectConnect":true,"strictSSL":true,"_":"65 more keys: [\"cacheDir\",\"port\",\"requestedCapabilities\",\"automationProtocol\",\"baseUrl\",\"waitforInterval\",\"waitforTimeout\",\"onReload\",\"beforeCommand\",\"afterCommand\",\"rootDir\",\"specs\",\"suites\",\"exclude\",\"groupLogsByTestSpec\",\"excludeDriverLogs\",\"bail\",\"framework\",\"reporters\",\"services\",\"maxInstances\",\"maxInstancesPerCapability\",\"injectGlobals\",\"filesToWatch\",\"execArgv\",\"runnerEnv\",\"runner\",\"shard\",\"specFileRetries\",\"specFileRetriesDelay\",\"specFileRetriesDeferred\",\"reporterSyncInterval\",\"reporterSyncTimeout\",\"cucumberFeaturesWithLineNumbers\",\"autoCompileOpts\",\"mochaOpts\",\"jasmineOpts\",\"cucumberOpts\",\"onPrepare\",\"onWorkerStart\",\"onWorkerEnd\",\"before\",\"beforeSession\",\"beforeSuite\",\"beforeHook\",\"beforeTest\",\"afterTest\",\"afterHook\",\"afterSuite\",\"afterSession\",\"after\",\"onComplete\",\"beforeAssertion\",\"afterAssertion\",\"beforeFeature\",\"beforeScenario\",\"beforeStep\",\"afterStep\",\"afterScenario\",\"afterFeature\",\"_\",\"suite\",\"$0\",\"ignoredWorkerServices\",\"wdi5\"]"}]}
RESULT: {"script":"<script> [2342 bytes]","args":[{"protocol":"http","hostname":"0.0.0.0","path":"/","capabilities":{"browserName":"chrome","goog:chromeOptions":{"binary":"C:\\Program Files\\Google\\Chrome\\Application\\chrome.exe","args":["--start-maximized"]}},"logLevel":"warn","connectionRetryTimeout":120000,"connectionRetryCount":3,"logLevels":{},"enableDirectConnect":true,"strictSSL":true,"_":"65 more keys: [\"cacheDir\",\"port\",\"requestedCapabilities\",\"automationProtocol\",\"baseUrl\",\"waitforInterval\",\"waitforTimeout\",\"onReload\",\"beforeCommand\",\"afterCommand\",\"rootDir\",\"specs\",\"suites\",\"exclude\",\"groupLogsByTestSpec\",\"excludeDriverLogs\",\"bail\",\"framework\",\"reporters\",\"services\",\"maxInstances\",\"maxInstancesPerCapability\",\"injectGlobals\",\"filesToWatch\",\"execArgv\",\"runnerEnv\",\"runner\",\"shard\",\"specFileRetries\",\"specFileRetriesDelay\",\"specFileRetriesDeferred\",\"reporterSyncInterval\",\"reporterSyncTimeout\",\"cucumberFeaturesWithLineNumbers\",\"autoCompileOpts\",\"mochaOpts\",\"jasmineOpts\",\"cucumberOpts\",\"onPrepare\",\"onWorkerStart\",\"onWorkerEnd\",\"before\",\"beforeSession\",\"beforeSuite\",\"beforeHook\",\"beforeTest\",\"afterTest\",\"afterHook\",\"afterSuite\",\"afterSession\",\"after\",\"onComplete\",\"beforeAssertion\",\"afterAssertion\",\"beforeFeature\",\"beforeScenario\",\"beforeStep\",\"afterStep\",\"afterScenario\",\"afterFeature\",\"_\",\"suite\",\"$0\",\"ignoredWorkerServices\",\"wdi5\"]"}]}
COMMAND: POST /session/2eef3865f9633c585bb33c6ac0c7be86/execute/async - {"script":"<script> [21126 bytes]","args":[35000]}
RESULT: {"script":"<script> [21126 bytes]","args":[35000]}
]]></system-out>
    </testcase>
  </testsuite>
  <testsuite timestamp="2025-05-25T17:09:01" time="180.24" tests="6" failures="0" errors="0" skipped="0">
    <properties>
      <property name="specId" value="0"/>
      <property name="suiteName" value="Return from Site w/ warehouse management w/ clarification US125588"/>
      <property name="capabilities" value="chrome.136_0_7103_93.windows"/>
      <property name="file" value="file:///D:/a/1/s/test/specs/HTR/return-from-site-w-warehouse-management-w-clarification.spec.js"/>
    </properties>
    <testcase classname="chrome.136_0_7103_93.windows.Return_from_Site_w/_warehouse_management_w/_clarification_US125588" name="Should create a new WHM yard" time="0.019">
      <system-out><![CDATA[
COMMAND: POST /session/2eef3865f9633c585bb33c6ac0c7be86/window/fullscreen - {}
RESULT: {}
]]></system-out>
    </testcase>
    <testcase classname="chrome.136_0_7103_93.windows.Return_from_Site_w/_warehouse_management_w/_clarification_US125588" name="Should create a new external WHM partner" time="0.004"/>
    <testcase classname="chrome.136_0_7103_93.windows.Return_from_Site_w/_warehouse_management_w/_clarification_US125588" name="Should create a new WHM site" time="0.004"/>
    <testcase classname="chrome.136_0_7103_93.windows.Return_from_Site_w/_warehouse_management_w/_clarification_US125588" name="Should create a new material" time="127.33">
      <system-out><![CDATA[
COMMAND: POST /session/2eef3865f9633c585bb33c6ac0c7be86/execute/async - {"script":"<script> [1562 bytes]","args":[{"selector":{"controlType":"sap.m.GenericTile","properties":{"header":"Manage Resources"}},"wdio_ui5_key":"sapm.GenericTile{\"header\":\"Manage Resources\"}"}]}
RESULT: {"script":"<script> [1562 bytes]","args":[{"selector":{"controlType":"sap.m.GenericTile","properties":{"header":"Manage Resources"}},"wdio_ui5_key":"sapm.GenericTile{\"header\":\"Manage Resources\"}"}]}
RESULT: undefined
COMMAND: POST /session/2eef3865f9633c585bb33c6ac0c7be86/element - {"using":"xpath","value":"//*[@id=\"__tile39\"]"}
RESULT: {"using":"xpath","value":"//*[@id=\"__tile39\"]"}
COMMAND: POST /session/2eef3865f9633c585bb33c6ac0c7be86/element/f.38388B4EA542EE9F87EA90A6B1549037.d.79DEAAEE8B8CD74093DFDB4C24589DA8.e.16877/click - {}
RESULT: {}
COMMAND: GET /session/2eef3865f9633c585bb33c6ac0c7be86/screenshot - {}
RESULT: {}
COMMAND: POST /session/2eef3865f9633c585bb33c6ac0c7be86/elements - {"using":"xpath","value":"//span[text()='Error']"}
RESULT: {"using":"xpath","value":"//span[text()='Error']"}
COMMAND: POST /session/2eef3865f9633c585bb33c6ac0c7be86/element - {"using":"xpath","value":"//button[@data-kt=\"addNewRUOverflowToolbarButton\"]"}
RESULT: {"using":"xpath","value":"//button[@data-kt=\"addNewRUOverflowToolbarButton\"]"}
COMMAND: POST /session/2eef3865f9633c585bb33c6ac0c7be86/elements - {"using":"xpath","value":"//button[@data-kt=\"addNewRUOverflowToolbarButton\"]"}
RESULT: {"using":"xpath","value":"//button[@data-kt=\"addNewRUOverflowToolbarButton\"]"}
COMMAND: POST /session/2eef3865f9633c585bb33c6ac0c7be86/elements - {"using":"xpath","value":"//button[@data-kt=\"addNewRUOverflowToolbarButton\"]"}
RESULT: {"using":"xpath","value":"//button[@data-kt=\"addNewRUOverflowToolbarButton\"]"}
COMMAND: POST /session/2eef3865f9633c585bb33c6ac0c7be86/elements - {"using":"xpath","value":"//button[@data-kt=\"addNewRUOverflowToolbarButton\"]"}
RESULT: {"using":"xpath","value":"//button[@data-kt=\"addNewRUOverflowToolbarButton\"]"}
COMMAND: POST /session/2eef3865f9633c585bb33c6ac0c7be86/elements - {"using":"xpath","value":"//button[@data-kt=\"addNewRUOverflowToolbarButton\"]"}
RESULT: {"using":"xpath","value":"//button[@data-kt=\"addNewRUOverflowToolbarButton\"]"}
COMMAND: POST /session/2eef3865f9633c585bb33c6ac0c7be86/elements - {"using":"xpath","value":"//button[@data-kt=\"addNewRUOverflowToolbarButton\"]"}
RESULT: {"using":"xpath","value":"//button[@data-kt=\"addNewRUOverflowToolbarButton\"]"}
COMMAND: POST /session/2eef3865f9633c585bb33c6ac0c7be86/elements - {"using":"xpath","value":"//button[@data-kt=\"addNewRUOverflowToolbarButton\"]"}
RESULT: {"using":"xpath","value":"//button[@data-kt=\"addNewRUOverflowToolbarButton\"]"}
COMMAND: POST /session/2eef3865f9633c585bb33c6ac0c7be86/elements - {"using":"xpath","value":"//button[@data-kt=\"addNewRUOverflowToolbarButton\"]"}
RESULT: {"using":"xpath","value":"//button[@data-kt=\"addNewRUOverflowToolbarButton\"]"}
COMMAND: POST /session/2eef3865f9633c585bb33c6ac0c7be86/elements - {"using":"xpath","value":"//button[@data-kt=\"addNewRUOverflowToolbarButton\"]"}
RESULT: {"using":"xpath","value":"//button[@data-kt=\"addNewRUOverflowToolbarButton\"]"}
COMMAND: POST /session/2eef3865f9633c585bb33c6ac0c7be86/element - {"using":"xpath","value":"//button[@data-kt=\"addNewRUOverflowToolbarButton\"]"}
RESULT: {"using":"xpath","value":"//button[@data-kt=\"addNewRUOverflowToolbarButton\"]"}
COMMAND: POST /session/2eef3865f9633c585bb33c6ac0c7be86/execute/sync - {"script":"<script> [8489 bytes]","args":[{"element-6066-11e4-a52e-4f735466cecf":"f.38388B4EA542EE9F87EA90A6B1549037.d.79DEAAEE8B8CD74093DFDB4C24589DA8.e.17018","ELEMENT":"f.38388B4EA542EE9F87EA90A6B1549037.d.79DEAAEE8B8CD74093DFDB4C24589DA8.e.17018"}]}
RESULT: {"script":"<script> [8489 bytes]","args":[{"element-6066-11e4-a52e-4f735466cecf":"f.38388B4EA542EE9F87EA90A6B1549037.d.79DEAAEE8B8CD74093DFDB4C24589DA8.e.17018","ELEMENT":"f.38388B4EA542EE9F87EA90A6B1549037.d.79DEAAEE8B8CD74093DFDB4C24589DA8.e.17018"}]}
COMMAND: GET /session/2eef3865f9633c585bb33c6ac0c7be86/element/f.38388B4EA542EE9F87EA90A6B1549037.d.79DEAAEE8B8CD74093DFDB4C24589DA8.e.17018/enabled - {}
COMMAND: GET /session/2eef3865f9633c585bb33c6ac0c7be86/screenshot - {}
RESULT: {}
COMMAND: POST /session/2eef3865f9633c585bb33c6ac0c7be86/execute/sync - {"script":"<script> [8489 bytes]","args":[{"element-6066-11e4-a52e-4f735466cecf":"f.38388B4EA542EE9F87EA90A6B1549037.d.79DEAAEE8B8CD74093DFDB4C24589DA8.e.17018","ELEMENT":"f.38388B4EA542EE9F87EA90A6B1549037.d.79DEAAEE8B8CD74093DFDB4C24589DA8.e.17018"}]}
COMMAND: GET /session/2eef3865f9633c585bb33c6ac0c7be86/screenshot - {}
RESULT: {}
RESULT: {"script":"<script> [8489 bytes]","args":[{"element-6066-11e4-a52e-4f735466cecf":"f.38388B4EA542EE9F87EA90A6B1549037.d.79DEAAEE8B8CD74093DFDB4C24589DA8.e.17018","ELEMENT":"f.38388B4EA542EE9F87EA90A6B1549037.d.79DEAAEE8B8CD74093DFDB4C24589DA8.e.17018"}]}
COMMAND: POST /session/2eef3865f9633c585bb33c6ac0c7be86/execute/sync - {"script":"<script> [5351 bytes]","args":[{"element-6066-11e4-a52e-4f735466cecf":"f.38388B4EA542EE9F87EA90A6B1549037.d.79DEAAEE8B8CD74093DFDB4C24589DA8.e.17018","ELEMENT":"f.38388B4EA542EE9F87EA90A6B1549037.d.79DEAAEE8B8CD74093DFDB4C24589DA8.e.17018"}]}
COMMAND: GET /session/2eef3865f9633c585bb33c6ac0c7be86/screenshot - {}
RESULT: {}
RESULT: {"script":"<script> [5351 bytes]","args":[{"element-6066-11e4-a52e-4f735466cecf":"f.38388B4EA542EE9F87EA90A6B1549037.d.79DEAAEE8B8CD74093DFDB4C24589DA8.e.17018","ELEMENT":"f.38388B4EA542EE9F87EA90A6B1549037.d.79DEAAEE8B8CD74093DFDB4C24589DA8.e.17018"}]}
COMMAND: POST /session/2eef3865f9633c585bb33c6ac0c7be86/element/f.38388B4EA542EE9F87EA90A6B1549037.d.79DEAAEE8B8CD74093DFDB4C24589DA8.e.17018/click - {}
COMMAND: GET /session/2eef3865f9633c585bb33c6ac0c7be86/screenshot - {}
RESULT: {}
RESULT: {}
COMMAND: GET /session/2eef3865f9633c585bb33c6ac0c7be86/screenshot - {}
RESULT: {}
RESULT: {}
COMMAND: POST /session/2eef3865f9633c585bb33c6ac0c7be86/execute/async - {"script":"<script> [1562 bytes]","args":[{"selector":{"id":"application-manageresources-display-component---newResourceUnit--TYPE-arrow"},"wdio_ui5_key":"applicationmanageresources-display-component---newResourceUnit--TYPE-arrow"}]}
RESULT: {"script":"<script> [1562 bytes]","args":[{"selector":{"id":"application-manageresources-display-component---newResourceUnit--TYPE-arrow"},"wdio_ui5_key":"applicationmanageresources-display-component---newResourceUnit--TYPE-arrow"}]}
RESULT: undefined
COMMAND: POST /session/2eef3865f9633c585bb33c6ac0c7be86/element - {"using":"xpath","value":"//*[@id=\"application-manageresources-display-component---newResourceUnit--TYPE-arrow\"]"}
RESULT: {"using":"xpath","value":"//*[@id=\"application-manageresources-display-component---newResourceUnit--TYPE-arrow\"]"}
COMMAND: POST /session/2eef3865f9633c585bb33c6ac0c7be86/element/f.38388B4EA542EE9F87EA90A6B1549037.d.79DEAAEE8B8CD74093DFDB4C24589DA8.e.17379/click - {}
RESULT: {}
COMMAND: POST /session/2eef3865f9633c585bb33c6ac0c7be86/element - {"using":"xpath","value":"//input[@id=\"application-manageresources-display-component---newResourceUnit--TYPE-inner\"]"}
COMMAND: GET /session/2eef3865f9633c585bb33c6ac0c7be86/screenshot - {}
RESULT: {"using":"xpath","value":"//input[@id=\"application-manageresources-display-component---newResourceUnit--TYPE-inner\"]"}
COMMAND: POST /session/2eef3865f9633c585bb33c6ac0c7be86/element/f.38388B4EA542EE9F87EA90A6B1549037.d.79DEAAEE8B8CD74093DFDB4C24589DA8.e.17372/clear - {}
RESULT: {}
RESULT: {}
COMMAND: POST /session/2eef3865f9633c585bb33c6ac0c7be86/element/f.38388B4EA542EE9F87EA90A6B1549037.d.79DEAAEE8B8CD74093DFDB4C24589DA8.e.17372/value - {"text":"Material"}
COMMAND: GET /session/2eef3865f9633c585bb33c6ac0c7be86/screenshot - {}
RESULT: {"text":"Material"}
COMMAND: GET /session/2eef3865f9633c585bb33c6ac0c7be86/screenshot - {}
RESULT: {}
RESULT: {}
COMMAND: POST /session/2eef3865f9633c585bb33c6ac0c7be86/actions - {"actions":[{"id":"action52","type":"key","parameters":{},"actions":[{"type":"keyDown","value":""},{"type":"pause","duration":10},{"type":"keyUp","value":""}]}]}
RESULT: {"actions":[{"id":"action52","type":"key","parameters":{},"actions":[{"type":"keyDown","value":""},{"type":"pause","duration":10},{"type":"keyUp","value":""}]}]}
COMMAND: POST /session/2eef3865f9633c585bb33c6ac0c7be86/execute/async - {"script":"<script> [1562 bytes]","args":[{"selector":{"id":"application-manageresources-display-component---newResourceUnit--SHORT_TEXT","interaction":{"idSuffix":"inner"}},"wdio_ui5_key":"applicationmanageresources-display-component---newResourceUnit--SHORT_TEXT"}]}
COMMAND: GET /session/2eef3865f9633c585bb33c6ac0c7be86/screenshot - {}
RESULT: {"script":"<script> [1562 bytes]","args":[{"selector":{"id":"application-manageresources-display-component---newResourceUnit--SHORT_TEXT","interaction":{"idSuffix":"inner"}},"wdio_ui5_key":"applicationmanageresources-display-component---newResourceUnit--SHORT_TEXT"}]}
RESULT: undefined
COMMAND: POST /session/2eef3865f9633c585bb33c6ac0c7be86/execute/async - {"script":"<script> [776 bytes]","args":[{"enterText":"Cement WDIO","selector":{"id":"application-manageresources-display-component---newResourceUnit--SHORT_TEXT","interaction":{"idSuffix":"inner"}},"clearTextFirst":true,"interactionType":"ENTER_TEXT"}]}
RESULT: {}
RESULT: {"script":"<script> [776 bytes]","args":[{"enterText":"Cement WDIO","selector":{"id":"application-manageresources-display-component---newResourceUnit--SHORT_TEXT","interaction":{"idSuffix":"inner"}},"clearTextFirst":true,"interactionType":"ENTER_TEXT"}]}
COMMAND: POST /session/2eef3865f9633c585bb33c6ac0c7be86/execute/async - {"script":"<script> [1562 bytes]","args":[{"selector":{"id":"application-manageresources-display-component---newResourceUnit--BASE_UNIT_OF_MEASURE","interaction":{"idSuffix":"inner"}},"wdio_ui5_key":"applicationmanageresources-display-component---newResourceUnit--BASE_UNIT_OF_MEASURE"}]}
RESULT: {"script":"<script> [1562 bytes]","args":[{"selector":{"id":"application-manageresources-display-component---newResourceUnit--BASE_UNIT_OF_MEASURE","interaction":{"idSuffix":"inner"}},"wdio_ui5_key":"applicationmanageresources-display-component---newResourceUnit--BASE_UNIT_OF_MEASURE"}]}
RESULT: undefined
COMMAND: POST /session/2eef3865f9633c585bb33c6ac0c7be86/execute/async - {"script":"<script> [776 bytes]","args":[{"enterText":"Piece","selector":{"id":"application-manageresources-display-component---newResourceUnit--BASE_UNIT_OF_MEASURE","interaction":{"idSuffix":"inner"}},"clearTextFirst":true,"interactionType":"ENTER_TEXT"}]}
RESULT: {"script":"<script> [776 bytes]","args":[{"enterText":"Piece","selector":{"id":"application-manageresources-display-component---newResourceUnit--BASE_UNIT_OF_MEASURE","interaction":{"idSuffix":"inner"}},"clearTextFirst":true,"interactionType":"ENTER_TEXT"}]}
COMMAND: POST /session/2eef3865f9633c585bb33c6ac0c7be86/execute/async - {"script":"<script> [1562 bytes]","args":[{"selector":{"id":"application-manageresources-display-component---newResourceUnit--WEIGHT_UNIT","interaction":{"idSuffix":"inner"}},"wdio_ui5_key":"applicationmanageresources-display-component---newResourceUnit--WEIGHT_UNIT"}]}
RESULT: {"script":"<script> [1562 bytes]","args":[{"selector":{"id":"application-manageresources-display-component---newResourceUnit--WEIGHT_UNIT","interaction":{"idSuffix":"inner"}},"wdio_ui5_key":"applicationmanageresources-display-component---newResourceUnit--WEIGHT_UNIT"}]}
RESULT: undefined
COMMAND: POST /session/2eef3865f9633c585bb33c6ac0c7be86/execute/async - {"script":"<script> [776 bytes]","args":[{"enterText":"Gram","selector":{"id":"application-manageresources-display-component---newResourceUnit--WEIGHT_UNIT","interaction":{"idSuffix":"inner"}},"clearTextFirst":true,"interactionType":"ENTER_TEXT"}]}
RESULT: {"script":"<script> [776 bytes]","args":[{"enterText":"Gram","selector":{"id":"application-manageresources-display-component---newResourceUnit--WEIGHT_UNIT","interaction":{"idSuffix":"inner"}},"clearTextFirst":true,"interactionType":"ENTER_TEXT"}]}
COMMAND: POST /session/2eef3865f9633c585bb33c6ac0c7be86/execute/async - {"script":"<script> [1562 bytes]","args":[{"selector":{"id":"application-manageresources-display-component---newResourceUnit--DIMENSION_UNIT","interaction":{"idSuffix":"inner"}},"wdio_ui5_key":"applicationmanageresources-display-component---newResourceUnit--DIMENSION_UNIT"}]}
RESULT: {"script":"<script> [1562 bytes]","args":[{"selector":{"id":"application-manageresources-display-component---newResourceUnit--DIMENSION_UNIT","interaction":{"idSuffix":"inner"}},"wdio_ui5_key":"applicationmanageresources-display-component---newResourceUnit--DIMENSION_UNIT"}]}
RESULT: undefined
COMMAND: POST /session/2eef3865f9633c585bb33c6ac0c7be86/execute/async - {"script":"<script> [776 bytes]","args":[{"enterText":"Meter","selector":{"id":"application-manageresources-display-component---newResourceUnit--DIMENSION_UNIT","interaction":{"idSuffix":"inner"}},"clearTextFirst":true,"interactionType":"ENTER_TEXT"}]}
RESULT: {"script":"<script> [776 bytes]","args":[{"enterText":"Meter","selector":{"id":"application-manageresources-display-component---newResourceUnit--DIMENSION_UNIT","interaction":{"idSuffix":"inner"}},"clearTextFirst":true,"interactionType":"ENTER_TEXT"}]}
COMMAND: POST /session/2eef3865f9633c585bb33c6ac0c7be86/execute/async - {"script":"<script> [1562 bytes]","args":[{"selector":{"id":"application-manageresources-display-component---newResourceUnit--newRRUPage-anchBar-application-manageresources-display-component---newResourceUnit--control-anchor","interaction":{"idSuffix":"BDI-content"}},"wdio_ui5_key":"applicationmanageresources-display-component---newResourceUnit--newRRUPage-anchBar-application-manageresources-display-component---newResourceUnit--control-anchor"}]}
RESULT: {"script":"<script> [1562 bytes]","args":[{"selector":{"id":"application-manageresources-display-component---newResourceUnit--newRRUPage-anchBar-application-manageresources-display-component---newResourceUnit--control-anchor","interaction":{"idSuffix":"BDI-content"}},"wdio_ui5_key":"applicationmanageresources-display-component---newResourceUnit--newRRUPage-anchBar-application-manageresources-display-component---newResourceUnit--control-anchor"}]}
RESULT: undefined
COMMAND: POST /session/2eef3865f9633c585bb33c6ac0c7be86/element - {"using":"xpath","value":"//*[@id=\"application-manageresources-display-component---newResourceUnit--newRRUPage-anchBar-application-manageresources-display-component---newResourceUnit--control-anchor\"]"}
RESULT: {"using":"xpath","value":"//*[@id=\"application-manageresources-display-component---newResourceUnit--newRRUPage-anchBar-application-manageresources-display-component---newResourceUnit--control-anchor\"]"}
COMMAND: POST /session/2eef3865f9633c585bb33c6ac0c7be86/element/f.38388B4EA542EE9F87EA90A6B1549037.d.79DEAAEE8B8CD74093DFDB4C24589DA8.e.17510/click - {}
RESULT: {}
COMMAND: POST /session/2eef3865f9633c585bb33c6ac0c7be86/execute/async - {"script":"<script> [1562 bytes]","args":[{"selector":{"id":"application-manageresources-display-component---newResourceUnit--PLANNING_GROUP","interaction":{"idSuffix":"inner"}},"wdio_ui5_key":"applicationmanageresources-display-component---newResourceUnit--PLANNING_GROUP"}]}
COMMAND: GET /session/2eef3865f9633c585bb33c6ac0c7be86/screenshot - {}
RESULT: {"script":"<script> [1562 bytes]","args":[{"selector":{"id":"application-manageresources-display-component---newResourceUnit--PLANNING_GROUP","interaction":{"idSuffix":"inner"}},"wdio_ui5_key":"applicationmanageresources-display-component---newResourceUnit--PLANNING_GROUP"}]}
RESULT: undefined
COMMAND: POST /session/2eef3865f9633c585bb33c6ac0c7be86/execute/async - {"script":"<script> [776 bytes]","args":[{"enterText":"Material","selector":{"id":"application-manageresources-display-component---newResourceUnit--PLANNING_GROUP","interaction":{"idSuffix":"inner"}},"clearTextFirst":true,"interactionType":"ENTER_TEXT"}]}
RESULT: {}
RESULT: {"script":"<script> [776 bytes]","args":[{"enterText":"Material","selector":{"id":"application-manageresources-display-component---newResourceUnit--PLANNING_GROUP","interaction":{"idSuffix":"inner"}},"clearTextFirst":true,"interactionType":"ENTER_TEXT"}]}
COMMAND: POST /session/2eef3865f9633c585bb33c6ac0c7be86/execute/async - {"script":"<script> [1562 bytes]","args":[{"selector":{"id":"application-manageresources-display-component---newResourceUnit--PLANNING_INDICATOR","interaction":{"idSuffix":"inner"}},"wdio_ui5_key":"applicationmanageresources-display-component---newResourceUnit--PLANNING_INDICATOR"}]}
RESULT: {"script":"<script> [1562 bytes]","args":[{"selector":{"id":"application-manageresources-display-component---newResourceUnit--PLANNING_INDICATOR","interaction":{"idSuffix":"inner"}},"wdio_ui5_key":"applicationmanageresources-display-component---newResourceUnit--PLANNING_INDICATOR"}]}
RESULT: undefined
COMMAND: POST /session/2eef3865f9633c585bb33c6ac0c7be86/execute/async - {"script":"<script> [776 bytes]","args":[{"enterText":"10 - infinite","selector":{"id":"application-manageresources-display-component---newResourceUnit--PLANNING_INDICATOR","interaction":{"idSuffix":"inner"}},"clearTextFirst":true,"interactionType":"ENTER_TEXT"}]}
RESULT: {"script":"<script> [776 bytes]","args":[{"enterText":"10 - infinite","selector":{"id":"application-manageresources-display-component---newResourceUnit--PLANNING_INDICATOR","interaction":{"idSuffix":"inner"}},"clearTextFirst":true,"interactionType":"ENTER_TEXT"}]}
COMMAND: POST /session/2eef3865f9633c585bb33c6ac0c7be86/element - {"using":"css selector","value":"#application-manageresources-display-component---newResourceUnit--btnAddTimeSegment"}
RESULT: {"using":"css selector","value":"#application-manageresources-display-component---newResourceUnit--btnAddTimeSegment"}
COMMAND: GET /session/2eef3865f9633c585bb33c6ac0c7be86/element/f.38388B4EA542EE9F87EA90A6B1549037.d.79DEAAEE8B8CD74093DFDB4C24589DA8.e.17518/rect - {}
RESULT: {}
COMMAND: GET /session/2eef3865f9633c585bb33c6ac0c7be86/window/rect - {}
RESULT: {}
COMMAND: POST /session/2eef3865f9633c585bb33c6ac0c7be86/execute/sync - {"script":"<script> [92 bytes]","args":[]}
RESULT: {"script":"<script> [92 bytes]","args":[]}
COMMAND: POST /session/2eef3865f9633c585bb33c6ac0c7be86/actions - {"actions":[{"id":"action53","type":"wheel","parameters":{},"actions":[{"type":"scroll","x":-1888,"y":-32,"deltaX":0,"deltaY":0,"duration":0,"origin":{"element-6066-11e4-a52e-4f735466cecf":"f.38388B4EA542EE9F87EA90A6B1549037.d.79DEAAEE8B8CD74093DFDB4C24589DA8.e.17518"}}]}]}
COMMAND: GET /session/2eef3865f9633c585bb33c6ac0c7be86/screenshot - {}
RESULT: {}
COMMAND: POST /session/2eef3865f9633c585bb33c6ac0c7be86/execute/sync - {"script":"<script> [79 bytes]","args":[{"element-6066-11e4-a52e-4f735466cecf":"f.38388B4EA542EE9F87EA90A6B1549037.d.79DEAAEE8B8CD74093DFDB4C24589DA8.e.17518","ELEMENT":"f.38388B4EA542EE9F87EA90A6B1549037.d.79DEAAEE8B8CD74093DFDB4C24589DA8.e.17518"},{"block":"start","inline":"nearest"}]}
RESULT: {"script":"<script> [79 bytes]","args":[{"element-6066-11e4-a52e-4f735466cecf":"f.38388B4EA542EE9F87EA90A6B1549037.d.79DEAAEE8B8CD74093DFDB4C24589DA8.e.17518","ELEMENT":"f.38388B4EA542EE9F87EA90A6B1549037.d.79DEAAEE8B8CD74093DFDB4C24589DA8.e.17518"},{"block":"start","inline":"nearest"}]}
COMMAND: POST /session/2eef3865f9633c585bb33c6ac0c7be86/execute/async - {"script":"<script> [1562 bytes]","args":[{"selector":{"id":"application-manageresources-display-component---newResourceUnit--btnAddTimeSegment","interaction":{"idSuffix":"inner"}},"wdio_ui5_key":"applicationmanageresources-display-component---newResourceUnit--btnAddTimeSegment"}]}
COMMAND: GET /session/2eef3865f9633c585bb33c6ac0c7be86/screenshot - {}
RESULT: {"script":"<script> [1562 bytes]","args":[{"selector":{"id":"application-manageresources-display-component---newResourceUnit--btnAddTimeSegment","interaction":{"idSuffix":"inner"}},"wdio_ui5_key":"applicationmanageresources-display-component---newResourceUnit--btnAddTimeSegment"}]}
RESULT: undefined
COMMAND: POST /session/2eef3865f9633c585bb33c6ac0c7be86/element - {"using":"xpath","value":"//*[@id=\"application-manageresources-display-component---newResourceUnit--btnAddTimeSegment\"]"}
RESULT: {}
RESULT: {"using":"xpath","value":"//*[@id=\"application-manageresources-display-component---newResourceUnit--btnAddTimeSegment\"]"}
COMMAND: POST /session/2eef3865f9633c585bb33c6ac0c7be86/element/f.38388B4EA542EE9F87EA90A6B1549037.d.79DEAAEE8B8CD74093DFDB4C24589DA8.e.17518/click - {}
RESULT: {}
COMMAND: GET /session/2eef3865f9633c585bb33c6ac0c7be86/screenshot - {}
RESULT: {}
COMMAND: POST /session/2eef3865f9633c585bb33c6ac0c7be86/element - {"using":"xpath","value":"//input[@id=\"application-manageresources-display-component---newResourceUnit--idRuTSAdmin-application-manageresources-display-component---newResourceUnit--RUTimeSegment-0-inner\"]"}
RESULT: {"using":"xpath","value":"//input[@id=\"application-manageresources-display-component---newResourceUnit--idRuTSAdmin-application-manageresources-display-component---newResourceUnit--RUTimeSegment-0-inner\"]"}
COMMAND: POST /session/2eef3865f9633c585bb33c6ac0c7be86/element/f.38388B4EA542EE9F87EA90A6B1549037.d.79DEAAEE8B8CD74093DFDB4C24589DA8.e.17523/clear - {}
RESULT: {}
COMMAND: POST /session/2eef3865f9633c585bb33c6ac0c7be86/element/f.38388B4EA542EE9F87EA90A6B1549037.d.79DEAAEE8B8CD74093DFDB4C24589DA8.e.17523/value - {"text":"272"}
COMMAND: GET /session/2eef3865f9633c585bb33c6ac0c7be86/screenshot - {}
RESULT: {"text":"272"}
COMMAND: GET /session/2eef3865f9633c585bb33c6ac0c7be86/screenshot - {}
RESULT: {}
RESULT: {}
COMMAND: POST /session/2eef3865f9633c585bb33c6ac0c7be86/element - {"using":"xpath","value":"//li[.//span[text()='272']]"}
RESULT: {"using":"xpath","value":"//li[.//span[text()='272']]"}
COMMAND: POST /session/2eef3865f9633c585bb33c6ac0c7be86/element/f.38388B4EA542EE9F87EA90A6B1549037.d.79DEAAEE8B8CD74093DFDB4C24589DA8.e.17530/click - {}
RESULT: {}
COMMAND: GET /session/2eef3865f9633c585bb33c6ac0c7be86/screenshot - {}
RESULT: {}
COMMAND: POST /session/2eef3865f9633c585bb33c6ac0c7be86/element - {"using":"xpath","value":"(//span[contains(@id, \"-application-manageresources-display-component---newResourceUnit--RUTimeSegment-0-arrow\")])[2]"}
RESULT: {"using":"xpath","value":"(//span[contains(@id, \"-application-manageresources-display-component---newResourceUnit--RUTimeSegment-0-arrow\")])[2]"}
COMMAND: POST /session/2eef3865f9633c585bb33c6ac0c7be86/element/f.38388B4EA542EE9F87EA90A6B1549037.d.79DEAAEE8B8CD74093DFDB4C24589DA8.e.17531/click - {}
RESULT: {}
COMMAND: POST /session/2eef3865f9633c585bb33c6ac0c7be86/element - {"using":"xpath","value":"//span[contains(text(), \"PM Order\")]"}
COMMAND: GET /session/2eef3865f9633c585bb33c6ac0c7be86/screenshot - {}
RESULT: {"using":"xpath","value":"//span[contains(text(), \"PM Order\")]"}
COMMAND: POST /session/2eef3865f9633c585bb33c6ac0c7be86/element/f.38388B4EA542EE9F87EA90A6B1549037.d.79DEAAEE8B8CD74093DFDB4C24589DA8.e.17532/click - {}
RESULT: {}
RESULT: {}
COMMAND: GET /session/2eef3865f9633c585bb33c6ac0c7be86/screenshot - {}
RESULT: {}
COMMAND: POST /session/2eef3865f9633c585bb33c6ac0c7be86/element - {"using":"xpath","value":"//td/div/div/div/span[contains(@id, \"newResourceUnit--RUTimeSegment-0-vhi\")][1]"}
RESULT: {"using":"xpath","value":"//td/div/div/div/span[contains(@id, \"newResourceUnit--RUTimeSegment-0-vhi\")][1]"}
COMMAND: GET /session/2eef3865f9633c585bb33c6ac0c7be86/element/f.38388B4EA542EE9F87EA90A6B1549037.d.79DEAAEE8B8CD74093DFDB4C24589DA8.e.17536/rect - {}
RESULT: {}
COMMAND: GET /session/2eef3865f9633c585bb33c6ac0c7be86/window/rect - {}
RESULT: {}
COMMAND: POST /session/2eef3865f9633c585bb33c6ac0c7be86/execute/sync - {"script":"<script> [92 bytes]","args":[]}
RESULT: {"script":"<script> [92 bytes]","args":[]}
COMMAND: POST /session/2eef3865f9633c585bb33c6ac0c7be86/actions - {"actions":[{"id":"action54","type":"wheel","parameters":{},"actions":[{"type":"scroll","x":-1888,"y":-24,"deltaX":0,"deltaY":0,"duration":0,"origin":{"element-6066-11e4-a52e-4f735466cecf":"f.38388B4EA542EE9F87EA90A6B1549037.d.79DEAAEE8B8CD74093DFDB4C24589DA8.e.17536"}}]}]}
COMMAND: GET /session/2eef3865f9633c585bb33c6ac0c7be86/screenshot - {}
RESULT: {}
COMMAND: POST /session/2eef3865f9633c585bb33c6ac0c7be86/execute/sync - {"script":"<script> [79 bytes]","args":[{"element-6066-11e4-a52e-4f735466cecf":"f.38388B4EA542EE9F87EA90A6B1549037.d.79DEAAEE8B8CD74093DFDB4C24589DA8.e.17536","ELEMENT":"f.38388B4EA542EE9F87EA90A6B1549037.d.79DEAAEE8B8CD74093DFDB4C24589DA8.e.17536"},{"block":"start","inline":"nearest"}]}
RESULT: {"script":"<script> [79 bytes]","args":[{"element-6066-11e4-a52e-4f735466cecf":"f.38388B4EA542EE9F87EA90A6B1549037.d.79DEAAEE8B8CD74093DFDB4C24589DA8.e.17536","ELEMENT":"f.38388B4EA542EE9F87EA90A6B1549037.d.79DEAAEE8B8CD74093DFDB4C24589DA8.e.17536"},{"block":"start","inline":"nearest"}]}
COMMAND: GET /session/2eef3865f9633c585bb33c6ac0c7be86/screenshot - {}
RESULT: {}
COMMAND: POST /session/2eef3865f9633c585bb33c6ac0c7be86/element/f.38388B4EA542EE9F87EA90A6B1549037.d.79DEAAEE8B8CD74093DFDB4C24589DA8.e.17536/click - {}
RESULT: {}
COMMAND: GET /session/2eef3865f9633c585bb33c6ac0c7be86/screenshot - {}
RESULT: {}
COMMAND: POST /session/2eef3865f9633c585bb33c6ac0c7be86/execute/async - {"script":"<script> [1562 bytes]","args":[{"selector":{"controlType":"sap.m.SearchField","properties":{"placeholder":"Search"},"searchOpenDialogs":true,"interaction":{"idSuffix":"I"}},"wdio_ui5_key":"sapm.SearchField{\"placeholder\":\"Search\"}"}]}
RESULT: {"script":"<script> [1562 bytes]","args":[{"selector":{"controlType":"sap.m.SearchField","properties":{"placeholder":"Search"},"searchOpenDialogs":true,"interaction":{"idSuffix":"I"}},"wdio_ui5_key":"sapm.SearchField{\"placeholder\":\"Search\"}"}]}
RESULT: undefined
COMMAND: POST /session/2eef3865f9633c585bb33c6ac0c7be86/execute/async - {"script":"<script> [776 bytes]","args":[{"enterText":"4000360","selector":{"controlType":"sap.m.SearchField","properties":{"placeholder":"Search"},"searchOpenDialogs":true,"interaction":{"idSuffix":"I"}},"clearTextFirst":true,"interactionType":"ENTER_TEXT"}]}
RESULT: {"script":"<script> [776 bytes]","args":[{"enterText":"4000360","selector":{"controlType":"sap.m.SearchField","properties":{"placeholder":"Search"},"searchOpenDialogs":true,"interaction":{"idSuffix":"I"}},"clearTextFirst":true,"interactionType":"ENTER_TEXT"}]}
COMMAND: POST /session/2eef3865f9633c585bb33c6ac0c7be86/actions - {"actions":[{"id":"action55","type":"key","parameters":{},"actions":[{"type":"keyDown","value":""},{"type":"pause","duration":10},{"type":"keyUp","value":""}]}]}
RESULT: {"actions":[{"id":"action55","type":"key","parameters":{},"actions":[{"type":"keyDown","value":""},{"type":"pause","duration":10},{"type":"keyUp","value":""}]}]}
COMMAND: GET /session/2eef3865f9633c585bb33c6ac0c7be86/screenshot - {}
RESULT: {}
COMMAND: POST /session/2eef3865f9633c585bb33c6ac0c7be86/element - {"using":"xpath","value":"//td/div/span[contains(text(), \"BGL Vehicles\")]"}
RESULT: {"using":"xpath","value":"//td/div/span[contains(text(), \"BGL Vehicles\")]"}
COMMAND: POST /session/2eef3865f9633c585bb33c6ac0c7be86/element/f.38388B4EA542EE9F87EA90A6B1549037.d.79DEAAEE8B8CD74093DFDB4C24589DA8.e.17558/click - {}
RESULT: {}
COMMAND: GET /session/2eef3865f9633c585bb33c6ac0c7be86/screenshot - {}
RESULT: {}
COMMAND: POST /session/2eef3865f9633c585bb33c6ac0c7be86/element - {"using":"xpath","value":"//bdi[contains(text(), \"OK\")]"}
RESULT: {"using":"xpath","value":"//bdi[contains(text(), \"OK\")]"}
COMMAND: POST /session/2eef3865f9633c585bb33c6ac0c7be86/element/f.38388B4EA542EE9F87EA90A6B1549037.d.79DEAAEE8B8CD74093DFDB4C24589DA8.e.17559/click - {}
RESULT: {}
COMMAND: GET /session/2eef3865f9633c585bb33c6ac0c7be86/screenshot - {}
RESULT: {}
COMMAND: POST /session/2eef3865f9633c585bb33c6ac0c7be86/element - {"using":"xpath","value":"//label[contains(@class, 'sapMLabelRequired') and .//bdi[contains(text(), 'Planned Retirement')]]"}
RESULT: {"using":"xpath","value":"//label[contains(@class, 'sapMLabelRequired') and .//bdi[contains(text(), 'Planned Retirement')]]"}
COMMAND: POST /session/2eef3865f9633c585bb33c6ac0c7be86/elements - {"using":"xpath","value":"//label[contains(@class, 'sapMLabelRequired') and .//bdi[contains(text(), 'Planned Retirement')]]"}
RESULT: {"using":"xpath","value":"//label[contains(@class, 'sapMLabelRequired') and .//bdi[contains(text(), 'Planned Retirement')]]"}
COMMAND: POST /session/2eef3865f9633c585bb33c6ac0c7be86/element - {"using":"xpath","value":"//button[@data-kt=\"resourceUnitSaveButton\"]"}
RESULT: {"using":"xpath","value":"//button[@data-kt=\"resourceUnitSaveButton\"]"}
COMMAND: POST /session/2eef3865f9633c585bb33c6ac0c7be86/element/f.38388B4EA542EE9F87EA90A6B1549037.d.79DEAAEE8B8CD74093DFDB4C24589DA8.e.17396/click - {}
RESULT: {}
COMMAND: GET /session/2eef3865f9633c585bb33c6ac0c7be86/screenshot - {}
RESULT: {}
COMMAND: POST /session/2eef3865f9633c585bb33c6ac0c7be86/element - {"using":"xpath","value":"//bdi[contains(text(), \"Close\")]"}
RESULT: {"using":"xpath","value":"//bdi[contains(text(), \"Close\")]"}
COMMAND: POST /session/2eef3865f9633c585bb33c6ac0c7be86/element/f.38388B4EA542EE9F87EA90A6B1549037.d.79DEAAEE8B8CD74093DFDB4C24589DA8.e.17566/click - {}
RESULT: {}
COMMAND: GET /session/2eef3865f9633c585bb33c6ac0c7be86/screenshot - {}
RESULT: {}
COMMAND: POST /session/2eef3865f9633c585bb33c6ac0c7be86/element - {"using":"xpath","value":"//header[contains(@id, 'detailRruPage-headerTitle')]/div[1]/div[2]/div[2]/span[1]"}
RESULT: {"using":"xpath","value":"//header[contains(@id, 'detailRruPage-headerTitle')]/div[1]/div[2]/div[2]/span[1]"}
COMMAND: POST /session/2eef3865f9633c585bb33c6ac0c7be86/elements - {"using":"xpath","value":"//header[contains(@id, 'detailRruPage-headerTitle')]/div[1]/div[2]/div[2]/span[1]"}
RESULT: {"using":"xpath","value":"//header[contains(@id, 'detailRruPage-headerTitle')]/div[1]/div[2]/div[2]/span[1]"}
COMMAND: POST /session/2eef3865f9633c585bb33c6ac0c7be86/execute/sync - {"script":"<script> [56 bytes]","args":[{"element-6066-11e4-a52e-4f735466cecf":"f.38388B4EA542EE9F87EA90A6B1549037.d.79DEAAEE8B8CD74093DFDB4C24589DA8.e.17592","ELEMENT":"f.38388B4EA542EE9F87EA90A6B1549037.d.79DEAAEE8B8CD74093DFDB4C24589DA8.e.17592"}]}
RESULT: {"script":"<script> [56 bytes]","args":[{"element-6066-11e4-a52e-4f735466cecf":"f.38388B4EA542EE9F87EA90A6B1549037.d.79DEAAEE8B8CD74093DFDB4C24589DA8.e.17592","ELEMENT":"f.38388B4EA542EE9F87EA90A6B1549037.d.79DEAAEE8B8CD74093DFDB4C24589DA8.e.17592"}]}
COMMAND: POST /session/2eef3865f9633c585bb33c6ac0c7be86/element - {"using":"css selector","value":"#shell-header-logo"}
COMMAND: GET /session/2eef3865f9633c585bb33c6ac0c7be86/screenshot - {}
RESULT: {"using":"css selector","value":"#shell-header-logo"}
COMMAND: POST /session/2eef3865f9633c585bb33c6ac0c7be86/element/f.38388B4EA542EE9F87EA90A6B1549037.d.79DEAAEE8B8CD74093DFDB4C24589DA8.e.16989/click - {}
RESULT: {}
RESULT: {}
COMMAND: GET /session/2eef3865f9633c585bb33c6ac0c7be86/screenshot - {}
RESULT: {}
]]></system-out>
    </testcase>
    <testcase classname="chrome.136_0_7103_93.windows.Return_from_Site_w/_warehouse_management_w/_clarification_US125588" name="Bin Status Report Should Create New Organization yard" time="0.005"/>
    <testcase classname="chrome.136_0_7103_93.windows.Return_from_Site_w/_warehouse_management_w/_clarification_US125588" name="Bin Status Report Should Create New Organization for Site" time="0.004"/>
  </testsuite>
  <testsuite timestamp="2025-05-25T17:12:01" time="705.199" tests="7" failures="0" errors="0" skipped="0">
    <properties>
      <property name="specId" value="0"/>
      <property name="suiteName" value="Return from Site w/ warehouse management w clarification"/>
      <property name="capabilities" value="chrome.136_0_7103_93.windows"/>
      <property name="file" value="file:///D:/a/1/s/test/specs/HTR/return-from-site-w-warehouse-management-w-clarification.spec.js"/>
    </properties>
    <testcase classname="chrome.136_0_7103_93.windows.Return_from_Site_w/_warehouse_management_w_clarification" name="Should do a stock increase handover" time="92.811">
      <system-out><![CDATA[
COMMAND: POST /session/2eef3865f9633c585bb33c6ac0c7be86/execute/async - {"script":"<script> [1562 bytes]","args":[{"selector":{"controlType":"sap.m.GenericTile","properties":{"header":"Manage Handovers"}},"wdio_ui5_key":"sapm.GenericTile{\"header\":\"Manage Handovers\"}"}]}
RESULT: {"script":"<script> [1562 bytes]","args":[{"selector":{"controlType":"sap.m.GenericTile","properties":{"header":"Manage Handovers"}},"wdio_ui5_key":"sapm.GenericTile{\"header\":\"Manage Handovers\"}"}]}
RESULT: undefined
COMMAND: POST /session/2eef3865f9633c585bb33c6ac0c7be86/element - {"using":"xpath","value":"//*[@id=\"__tile132\"]"}
RESULT: {"using":"xpath","value":"//*[@id=\"__tile132\"]"}
COMMAND: POST /session/2eef3865f9633c585bb33c6ac0c7be86/element/f.38388B4EA542EE9F87EA90A6B1549037.d.79DEAAEE8B8CD74093DFDB4C24589DA8.e.16965/click - {}
RESULT: {}
COMMAND: GET /session/2eef3865f9633c585bb33c6ac0c7be86/screenshot - {}
RESULT: {}
COMMAND: POST /session/2eef3865f9633c585bb33c6ac0c7be86/elements - {"using":"xpath","value":"//span[text()='Error']"}
RESULT: {"using":"xpath","value":"//span[text()='Error']"}
COMMAND: POST /session/2eef3865f9633c585bb33c6ac0c7be86/element - {"using":"xpath","value":"//button[@data-kt=\"masterHOAddButton\"]"}
RESULT: {"using":"xpath","value":"//button[@data-kt=\"masterHOAddButton\"]"}
COMMAND: POST /session/2eef3865f9633c585bb33c6ac0c7be86/elements - {"using":"xpath","value":"//button[@data-kt=\"masterHOAddButton\"]"}
RESULT: {"using":"xpath","value":"//button[@data-kt=\"masterHOAddButton\"]"}
COMMAND: POST /session/2eef3865f9633c585bb33c6ac0c7be86/execute/sync - {"script":"<script> [8489 bytes]","args":[{"element-6066-11e4-a52e-4f735466cecf":"f.38388B4EA542EE9F87EA90A6B1549037.d.79DEAAEE8B8CD74093DFDB4C24589DA8.e.17632","ELEMENT":"f.38388B4EA542EE9F87EA90A6B1549037.d.79DEAAEE8B8CD74093DFDB4C24589DA8.e.17632"}]}
RESULT: {"script":"<script> [8489 bytes]","args":[{"element-6066-11e4-a52e-4f735466cecf":"f.38388B4EA542EE9F87EA90A6B1549037.d.79DEAAEE8B8CD74093DFDB4C24589DA8.e.17632","ELEMENT":"f.38388B4EA542EE9F87EA90A6B1549037.d.79DEAAEE8B8CD74093DFDB4C24589DA8.e.17632"}]}
COMMAND: GET /session/2eef3865f9633c585bb33c6ac0c7be86/element/f.38388B4EA542EE9F87EA90A6B1549037.d.79DEAAEE8B8CD74093DFDB4C24589DA8.e.17632/enabled - {}
COMMAND: GET /session/2eef3865f9633c585bb33c6ac0c7be86/screenshot - {}
RESULT: {}
COMMAND: POST /session/2eef3865f9633c585bb33c6ac0c7be86/execute/sync - {"script":"<script> [8489 bytes]","args":[{"element-6066-11e4-a52e-4f735466cecf":"f.38388B4EA542EE9F87EA90A6B1549037.d.79DEAAEE8B8CD74093DFDB4C24589DA8.e.17632","ELEMENT":"f.38388B4EA542EE9F87EA90A6B1549037.d.79DEAAEE8B8CD74093DFDB4C24589DA8.e.17632"}]}
COMMAND: GET /session/2eef3865f9633c585bb33c6ac0c7be86/screenshot - {}
RESULT: {}
RESULT: {"script":"<script> [8489 bytes]","args":[{"element-6066-11e4-a52e-4f735466cecf":"f.38388B4EA542EE9F87EA90A6B1549037.d.79DEAAEE8B8CD74093DFDB4C24589DA8.e.17632","ELEMENT":"f.38388B4EA542EE9F87EA90A6B1549037.d.79DEAAEE8B8CD74093DFDB4C24589DA8.e.17632"}]}
COMMAND: POST /session/2eef3865f9633c585bb33c6ac0c7be86/execute/sync - {"script":"<script> [5351 bytes]","args":[{"element-6066-11e4-a52e-4f735466cecf":"f.38388B4EA542EE9F87EA90A6B1549037.d.79DEAAEE8B8CD74093DFDB4C24589DA8.e.17632","ELEMENT":"f.38388B4EA542EE9F87EA90A6B1549037.d.79DEAAEE8B8CD74093DFDB4C24589DA8.e.17632"}]}
COMMAND: GET /session/2eef3865f9633c585bb33c6ac0c7be86/screenshot - {}
RESULT: {}
RESULT: {"script":"<script> [5351 bytes]","args":[{"element-6066-11e4-a52e-4f735466cecf":"f.38388B4EA542EE9F87EA90A6B1549037.d.79DEAAEE8B8CD74093DFDB4C24589DA8.e.17632","ELEMENT":"f.38388B4EA542EE9F87EA90A6B1549037.d.79DEAAEE8B8CD74093DFDB4C24589DA8.e.17632"}]}
COMMAND: POST /session/2eef3865f9633c585bb33c6ac0c7be86/element/f.38388B4EA542EE9F87EA90A6B1549037.d.79DEAAEE8B8CD74093DFDB4C24589DA8.e.17632/click - {}
COMMAND: GET /session/2eef3865f9633c585bb33c6ac0c7be86/screenshot - {}
RESULT: {}
RESULT: {}
COMMAND: GET /session/2eef3865f9633c585bb33c6ac0c7be86/screenshot - {}
COMMAND: POST /session/2eef3865f9633c585bb33c6ac0c7be86/element - {"using":"xpath","value":"//span[contains(@id ,\"AddNewHO--typeSelect-arrow\")]"}
RESULT: {}
RESULT: {}
RESULT: {"using":"xpath","value":"//span[contains(@id ,\"AddNewHO--typeSelect-arrow\")]"}
COMMAND: POST /session/2eef3865f9633c585bb33c6ac0c7be86/element/f.38388B4EA542EE9F87EA90A6B1549037.d.79DEAAEE8B8CD74093DFDB4C24589DA8.e.17969/click - {}
RESULT: {}
COMMAND: GET /session/2eef3865f9633c585bb33c6ac0c7be86/screenshot - {}
RESULT: {}
COMMAND: POST /session/2eef3865f9633c585bb33c6ac0c7be86/element - {"using":"xpath","value":"(//li[contains(text(), \"stock increase yard\")])[1]"}
RESULT: {"using":"xpath","value":"(//li[contains(text(), \"stock increase yard\")])[1]"}
COMMAND: POST /session/2eef3865f9633c585bb33c6ac0c7be86/element/f.38388B4EA542EE9F87EA90A6B1549037.d.79DEAAEE8B8CD74093DFDB4C24589DA8.e.17970/click - {}
RESULT: {}
COMMAND: GET /session/2eef3865f9633c585bb33c6ac0c7be86/screenshot - {}
RESULT: {}
COMMAND: POST /session/2eef3865f9633c585bb33c6ac0c7be86/execute/async - {"script":"<script> [1562 bytes]","args":[{"selector":{"id":"application-managehandovers-display-component---AddNewHO--dueDate","interaction":{"idSuffix":"inner"}},"wdio_ui5_key":"applicationmanagehandovers-display-component---AddNewHO--dueDate"}]}
RESULT: {"script":"<script> [1562 bytes]","args":[{"selector":{"id":"application-managehandovers-display-component---AddNewHO--dueDate","interaction":{"idSuffix":"inner"}},"wdio_ui5_key":"applicationmanagehandovers-display-component---AddNewHO--dueDate"}]}
RESULT: undefined
COMMAND: POST /session/2eef3865f9633c585bb33c6ac0c7be86/execute/async - {"script":"<script> [6424 bytes]","args":[{"element-6066-11e4-a52e-4f735466cecf":"f.38388B4EA542EE9F87EA90A6B1549037.d.79DEAAEE8B8CD74093DFDB4C24589DA8.e.17974"},"setValue",["5/25/25"]]}
RESULT: {"script":"<script> [6424 bytes]","args":[{"element-6066-11e4-a52e-4f735466cecf":"f.38388B4EA542EE9F87EA90A6B1549037.d.79DEAAEE8B8CD74093DFDB4C24589DA8.e.17974"},"setValue",["5/25/25"]]}
COMMAND: POST /session/2eef3865f9633c585bb33c6ac0c7be86/element - {"using":"xpath","value":"//input[@id=\"generalSectionFrg--receiveYard-inner\"]"}
RESULT: {"using":"xpath","value":"//input[@id=\"generalSectionFrg--receiveYard-inner\"]"}
COMMAND: POST /session/2eef3865f9633c585bb33c6ac0c7be86/element/f.38388B4EA542EE9F87EA90A6B1549037.d.79DEAAEE8B8CD74093DFDB4C24589DA8.e.17980/clear - {}
RESULT: {}
COMMAND: POST /session/2eef3865f9633c585bb33c6ac0c7be86/element/f.38388B4EA542EE9F87EA90A6B1549037.d.79DEAAEE8B8CD74093DFDB4C24589DA8.e.17980/value - {"text":"272"}
COMMAND: GET /session/2eef3865f9633c585bb33c6ac0c7be86/screenshot - {}
RESULT: {"text":"272"}
COMMAND: GET /session/2eef3865f9633c585bb33c6ac0c7be86/screenshot - {}
RESULT: {}
RESULT: {}
COMMAND: POST /session/2eef3865f9633c585bb33c6ac0c7be86/element - {"using":"xpath","value":"//li[.//span[text()='272']]"}
RESULT: {"using":"xpath","value":"//li[.//span[text()='272']]"}
COMMAND: POST /session/2eef3865f9633c585bb33c6ac0c7be86/element/f.38388B4EA542EE9F87EA90A6B1549037.d.79DEAAEE8B8CD74093DFDB4C24589DA8.e.17995/click - {}
RESULT: {}
COMMAND: GET /session/2eef3865f9633c585bb33c6ac0c7be86/screenshot - {}
RESULT: {}
COMMAND: POST /session/2eef3865f9633c585bb33c6ac0c7be86/execute/async - {"script":"<script> [1562 bytes]","args":[{"selector":{"id":"application-managehandovers-display-component---AddNewHO--ObjectPageLayout-anchBar-application-managehandovers-display-component---AddNewHO--section4-anchor","interaction":{"idSuffix":"BDI-content"}},"wdio_ui5_key":"applicationmanagehandovers-display-component---AddNewHO--ObjectPageLayout-anchBar-application-managehandovers-display-component---AddNewHO--section4-anchor"}]}
RESULT: {"script":"<script> [1562 bytes]","args":[{"selector":{"id":"application-managehandovers-display-component---AddNewHO--ObjectPageLayout-anchBar-application-managehandovers-display-component---AddNewHO--section4-anchor","interaction":{"idSuffix":"BDI-content"}},"wdio_ui5_key":"applicationmanagehandovers-display-component---AddNewHO--ObjectPageLayout-anchBar-application-managehandovers-display-component---AddNewHO--section4-anchor"}]}
RESULT: undefined
COMMAND: POST /session/2eef3865f9633c585bb33c6ac0c7be86/element - {"using":"xpath","value":"//*[@id=\"application-managehandovers-display-component---AddNewHO--ObjectPageLayout-anchBar-application-managehandovers-display-component---AddNewHO--section4-anchor\"]"}
RESULT: {"using":"xpath","value":"//*[@id=\"application-managehandovers-display-component---AddNewHO--ObjectPageLayout-anchBar-application-managehandovers-display-component---AddNewHO--section4-anchor\"]"}
COMMAND: POST /session/2eef3865f9633c585bb33c6ac0c7be86/element/f.38388B4EA542EE9F87EA90A6B1549037.d.79DEAAEE8B8CD74093DFDB4C24589DA8.e.17997/click - {}
RESULT: {}
COMMAND: POST /session/2eef3865f9633c585bb33c6ac0c7be86/element - {"using":"xpath","value":"//button[@aria-label=\"Add\"]"}
COMMAND: GET /session/2eef3865f9633c585bb33c6ac0c7be86/screenshot - {}
RESULT: {"using":"xpath","value":"//button[@aria-label=\"Add\"]"}
COMMAND: POST /session/2eef3865f9633c585bb33c6ac0c7be86/element/f.38388B4EA542EE9F87EA90A6B1549037.d.79DEAAEE8B8CD74093DFDB4C24589DA8.e.17999/click - {}
RESULT: {}
RESULT: {}
COMMAND: GET /session/2eef3865f9633c585bb33c6ac0c7be86/screenshot - {}
RESULT: {}
COMMAND: POST /session/2eef3865f9633c585bb33c6ac0c7be86/execute/async - {"script":"<script> [1562 bytes]","args":[{"selector":{"id":"application-managehandovers-display-component---AddNewHO--smartFilterBar-btnBasicSearch","searchOpenDialogs":true,"interaction":{"idSuffix":"I"}},"wdio_ui5_key":"applicationmanagehandovers-display-component---AddNewHO--smartFilterBar-btnBasicSearch"}]}
RESULT: {"script":"<script> [1562 bytes]","args":[{"selector":{"id":"application-managehandovers-display-component---AddNewHO--smartFilterBar-btnBasicSearch","searchOpenDialogs":true,"interaction":{"idSuffix":"I"}},"wdio_ui5_key":"applicationmanagehandovers-display-component---AddNewHO--smartFilterBar-btnBasicSearch"}]}
RESULT: undefined
COMMAND: POST /session/2eef3865f9633c585bb33c6ac0c7be86/execute/async - {"script":"<script> [776 bytes]","args":[{"enterText":"200134","selector":{"id":"application-managehandovers-display-component---AddNewHO--smartFilterBar-btnBasicSearch","searchOpenDialogs":true,"interaction":{"idSuffix":"I"}},"clearTextFirst":true,"interactionType":"ENTER_TEXT"}]}
RESULT: {"script":"<script> [776 bytes]","args":[{"enterText":"200134","selector":{"id":"application-managehandovers-display-component---AddNewHO--smartFilterBar-btnBasicSearch","searchOpenDialogs":true,"interaction":{"idSuffix":"I"}},"clearTextFirst":true,"interactionType":"ENTER_TEXT"}]}
COMMAND: POST /session/2eef3865f9633c585bb33c6ac0c7be86/actions - {"actions":[{"id":"action56","type":"key","parameters":{},"actions":[{"type":"keyDown","value":""},{"type":"pause","duration":10},{"type":"keyUp","value":""}]}]}
RESULT: {"actions":[{"id":"action56","type":"key","parameters":{},"actions":[{"type":"keyDown","value":""},{"type":"pause","duration":10},{"type":"keyUp","value":""}]}]}
COMMAND: GET /session/2eef3865f9633c585bb33c6ac0c7be86/screenshot - {}
RESULT: {}
COMMAND: POST /session/2eef3865f9633c585bb33c6ac0c7be86/execute/async - {"script":"<script> [1562 bytes]","args":[{"selector":{"id":"application-managehandovers-display-component---AddNewHO--popup-sa","searchOpenDialogs":true,"interaction":{"idSuffix":"CbBg"}},"wdio_ui5_key":"applicationmanagehandovers-display-component---AddNewHO--popup-sa"}]}
RESULT: {"script":"<script> [1562 bytes]","args":[{"selector":{"id":"application-managehandovers-display-component---AddNewHO--popup-sa","searchOpenDialogs":true,"interaction":{"idSuffix":"CbBg"}},"wdio_ui5_key":"applicationmanagehandovers-display-component---AddNewHO--popup-sa"}]}
RESULT: undefined
COMMAND: POST /session/2eef3865f9633c585bb33c6ac0c7be86/element - {"using":"xpath","value":"//*[@id=\"application-managehandovers-display-component---AddNewHO--popup-sa\"]"}
RESULT: {"using":"xpath","value":"//*[@id=\"application-managehandovers-display-component---AddNewHO--popup-sa\"]"}
COMMAND: POST /session/2eef3865f9633c585bb33c6ac0c7be86/element/f.38388B4EA542EE9F87EA90A6B1549037.d.79DEAAEE8B8CD74093DFDB4C24589DA8.e.18152/click - {}
RESULT: {}
COMMAND: GET /session/2eef3865f9633c585bb33c6ac0c7be86/screenshot - {}
RESULT: {}
COMMAND: POST /session/2eef3865f9633c585bb33c6ac0c7be86/element - {"using":"xpath","value":"//bdi[contains(text(), \"Select\")]"}
RESULT: {"using":"xpath","value":"//bdi[contains(text(), \"Select\")]"}
COMMAND: POST /session/2eef3865f9633c585bb33c6ac0c7be86/element/f.38388B4EA542EE9F87EA90A6B1549037.d.79DEAAEE8B8CD74093DFDB4C24589DA8.e.18153/click - {}
RESULT: {}
COMMAND: GET /session/2eef3865f9633c585bb33c6ac0c7be86/screenshot - {}
RESULT: {}
COMMAND: POST /session/2eef3865f9633c585bb33c6ac0c7be86/element - {"using":"xpath","value":"//button[@data-kt=\"AddNewHOSaveButton\"]"}
RESULT: {"using":"xpath","value":"//button[@data-kt=\"AddNewHOSaveButton\"]"}
COMMAND: POST /session/2eef3865f9633c585bb33c6ac0c7be86/element/f.38388B4EA542EE9F87EA90A6B1549037.d.79DEAAEE8B8CD74093DFDB4C24589DA8.e.18157/click - {}
RESULT: {}
COMMAND: GET /session/2eef3865f9633c585bb33c6ac0c7be86/screenshot - {}
RESULT: {}
COMMAND: POST /session/2eef3865f9633c585bb33c6ac0c7be86/execute/async - {"script":"<script> [1562 bytes]","args":[{"selector":{"id":"receiptDatePicker","viewName":"etm.portal.ui.managehandovers.view.DetailExecuteHO","interaction":{"idSuffix":"inner"}},"wdio_ui5_key":"receiptDatePickeretmportal.ui.managehandovers.view.DetailExecuteHO"}]}
RESULT: {"script":"<script> [1562 bytes]","args":[{"selector":{"id":"receiptDatePicker","viewName":"etm.portal.ui.managehandovers.view.DetailExecuteHO","interaction":{"idSuffix":"inner"}},"wdio_ui5_key":"receiptDatePickeretmportal.ui.managehandovers.view.DetailExecuteHO"}]}
RESULT: undefined
COMMAND: POST /session/2eef3865f9633c585bb33c6ac0c7be86/execute/async - {"script":"<script> [6424 bytes]","args":[{"element-6066-11e4-a52e-4f735466cecf":"f.38388B4EA542EE9F87EA90A6B1549037.d.79DEAAEE8B8CD74093DFDB4C24589DA8.e.18187"},"setValue",["5/25/25"]]}
RESULT: {"script":"<script> [6424 bytes]","args":[{"element-6066-11e4-a52e-4f735466cecf":"f.38388B4EA542EE9F87EA90A6B1549037.d.79DEAAEE8B8CD74093DFDB4C24589DA8.e.18187"},"setValue",["5/25/25"]]}
COMMAND: POST /session/2eef3865f9633c585bb33c6ac0c7be86/element - {"using":"xpath","value":"//button[@data-kt=\"ReceivingTableConfirmAllButton\"]"}
RESULT: {"using":"xpath","value":"//button[@data-kt=\"ReceivingTableConfirmAllButton\"]"}
COMMAND: POST /session/2eef3865f9633c585bb33c6ac0c7be86/element/f.38388B4EA542EE9F87EA90A6B1549037.d.79DEAAEE8B8CD74093DFDB4C24589DA8.e.18204/click - {}
RESULT: {}
COMMAND: GET /session/2eef3865f9633c585bb33c6ac0c7be86/screenshot - {}
RESULT: {}
COMMAND: POST /session/2eef3865f9633c585bb33c6ac0c7be86/element - {"using":"xpath","value":"//bdi[contains(text(), \"OK\")]"}
RESULT: {"using":"xpath","value":"//bdi[contains(text(), \"OK\")]"}
COMMAND: POST /session/2eef3865f9633c585bb33c6ac0c7be86/element/f.38388B4EA542EE9F87EA90A6B1549037.d.79DEAAEE8B8CD74093DFDB4C24589DA8.e.18206/click - {}
RESULT: {}
COMMAND: GET /session/2eef3865f9633c585bb33c6ac0c7be86/screenshot - {}
RESULT: {}
COMMAND: POST /session/2eef3865f9633c585bb33c6ac0c7be86/element - {"using":"xpath","value":"(//bdi[contains(text(), \"Receive\")])[2]"}
RESULT: {"using":"xpath","value":"(//bdi[contains(text(), \"Receive\")])[2]"}
COMMAND: POST /session/2eef3865f9633c585bb33c6ac0c7be86/element/f.38388B4EA542EE9F87EA90A6B1549037.d.79DEAAEE8B8CD74093DFDB4C24589DA8.e.18208/click - {}
RESULT: {}
COMMAND: GET /session/2eef3865f9633c585bb33c6ac0c7be86/screenshot - {}
RESULT: {}
COMMAND: POST /session/2eef3865f9633c585bb33c6ac0c7be86/element - {"using":"css selector","value":"#shell-header-logo"}
RESULT: {"using":"css selector","value":"#shell-header-logo"}
COMMAND: POST /session/2eef3865f9633c585bb33c6ac0c7be86/element/f.38388B4EA542EE9F87EA90A6B1549037.d.79DEAAEE8B8CD74093DFDB4C24589DA8.e.17595/click - {}
RESULT: {}
COMMAND: GET /session/2eef3865f9633c585bb33c6ac0c7be86/screenshot - {}
RESULT: {}
]]></system-out>
    </testcase>
    <testcase classname="chrome.136_0_7103_93.windows.Return_from_Site_w/_warehouse_management_w_clarification" name="Should create a new contract" time="58.613">
      <system-out><![CDATA[
COMMAND: POST /session/2eef3865f9633c585bb33c6ac0c7be86/execute/async - {"script":"<script> [1562 bytes]","args":[{"selector":{"controlType":"sap.m.GenericTile","properties":{"header":"Manage Contracts"}},"wdio_ui5_key":"sapm.GenericTile{\"header\":\"Manage Contracts\"}"}]}
RESULT: {"script":"<script> [1562 bytes]","args":[{"selector":{"controlType":"sap.m.GenericTile","properties":{"header":"Manage Contracts"}},"wdio_ui5_key":"sapm.GenericTile{\"header\":\"Manage Contracts\"}"}]}
RESULT: undefined
COMMAND: POST /session/2eef3865f9633c585bb33c6ac0c7be86/element - {"using":"xpath","value":"//*[@id=\"__tile130\"]"}
RESULT: {"using":"xpath","value":"//*[@id=\"__tile130\"]"}
COMMAND: POST /session/2eef3865f9633c585bb33c6ac0c7be86/element/f.38388B4EA542EE9F87EA90A6B1549037.d.79DEAAEE8B8CD74093DFDB4C24589DA8.e.16893/click - {}
RESULT: {}
COMMAND: GET /session/2eef3865f9633c585bb33c6ac0c7be86/screenshot - {}
RESULT: {}
COMMAND: POST /session/2eef3865f9633c585bb33c6ac0c7be86/elements - {"using":"xpath","value":"//span[text()='Error']"}
RESULT: {"using":"xpath","value":"//span[text()='Error']"}
COMMAND: POST /session/2eef3865f9633c585bb33c6ac0c7be86/element - {"using":"xpath","value":"//button[@data-kt=\"addButton\"]"}
RESULT: {"using":"xpath","value":"//button[@data-kt=\"addButton\"]"}
COMMAND: POST /session/2eef3865f9633c585bb33c6ac0c7be86/elements - {"using":"xpath","value":"//button[@data-kt=\"addButton\"]"}
RESULT: {"using":"xpath","value":"//button[@data-kt=\"addButton\"]"}
COMMAND: POST /session/2eef3865f9633c585bb33c6ac0c7be86/execute/sync - {"script":"<script> [8489 bytes]","args":[{"element-6066-11e4-a52e-4f735466cecf":"f.38388B4EA542EE9F87EA90A6B1549037.d.79DEAAEE8B8CD74093DFDB4C24589DA8.e.18536","ELEMENT":"f.38388B4EA542EE9F87EA90A6B1549037.d.79DEAAEE8B8CD74093DFDB4C24589DA8.e.18536"}]}
RESULT: {"script":"<script> [8489 bytes]","args":[{"element-6066-11e4-a52e-4f735466cecf":"f.38388B4EA542EE9F87EA90A6B1549037.d.79DEAAEE8B8CD74093DFDB4C24589DA8.e.18536","ELEMENT":"f.38388B4EA542EE9F87EA90A6B1549037.d.79DEAAEE8B8CD74093DFDB4C24589DA8.e.18536"}]}
COMMAND: GET /session/2eef3865f9633c585bb33c6ac0c7be86/element/f.38388B4EA542EE9F87EA90A6B1549037.d.79DEAAEE8B8CD74093DFDB4C24589DA8.e.18536/enabled - {}
COMMAND: GET /session/2eef3865f9633c585bb33c6ac0c7be86/screenshot - {}
RESULT: {}
COMMAND: POST /session/2eef3865f9633c585bb33c6ac0c7be86/execute/sync - {"script":"<script> [8489 bytes]","args":[{"element-6066-11e4-a52e-4f735466cecf":"f.38388B4EA542EE9F87EA90A6B1549037.d.79DEAAEE8B8CD74093DFDB4C24589DA8.e.18536","ELEMENT":"f.38388B4EA542EE9F87EA90A6B1549037.d.79DEAAEE8B8CD74093DFDB4C24589DA8.e.18536"}]}
COMMAND: GET /session/2eef3865f9633c585bb33c6ac0c7be86/screenshot - {}
RESULT: {}
RESULT: {"script":"<script> [8489 bytes]","args":[{"element-6066-11e4-a52e-4f735466cecf":"f.38388B4EA542EE9F87EA90A6B1549037.d.79DEAAEE8B8CD74093DFDB4C24589DA8.e.18536","ELEMENT":"f.38388B4EA542EE9F87EA90A6B1549037.d.79DEAAEE8B8CD74093DFDB4C24589DA8.e.18536"}]}
COMMAND: POST /session/2eef3865f9633c585bb33c6ac0c7be86/execute/sync - {"script":"<script> [5351 bytes]","args":[{"element-6066-11e4-a52e-4f735466cecf":"f.38388B4EA542EE9F87EA90A6B1549037.d.79DEAAEE8B8CD74093DFDB4C24589DA8.e.18536","ELEMENT":"f.38388B4EA542EE9F87EA90A6B1549037.d.79DEAAEE8B8CD74093DFDB4C24589DA8.e.18536"}]}
COMMAND: GET /session/2eef3865f9633c585bb33c6ac0c7be86/screenshot - {}
RESULT: {}
RESULT: {"script":"<script> [5351 bytes]","args":[{"element-6066-11e4-a52e-4f735466cecf":"f.38388B4EA542EE9F87EA90A6B1549037.d.79DEAAEE8B8CD74093DFDB4C24589DA8.e.18536","ELEMENT":"f.38388B4EA542EE9F87EA90A6B1549037.d.79DEAAEE8B8CD74093DFDB4C24589DA8.e.18536"}]}
COMMAND: GET /session/2eef3865f9633c585bb33c6ac0c7be86/screenshot - {}
RESULT: {}
RESULT: {}
COMMAND: POST /session/2eef3865f9633c585bb33c6ac0c7be86/element/f.38388B4EA542EE9F87EA90A6B1549037.d.79DEAAEE8B8CD74093DFDB4C24589DA8.e.18536/click - {}
RESULT: {}
COMMAND: GET /session/2eef3865f9633c585bb33c6ac0c7be86/screenshot - {}
COMMAND: POST /session/2eef3865f9633c585bb33c6ac0c7be86/execute/async - {"script":"<script> [1562 bytes]","args":[{"selector":{"id":"application-managecontracts-display-component---AddNewContract--projectDescription","interaction":{"idSuffix":"inner"}},"wdio_ui5_key":"applicationmanagecontracts-display-component---AddNewContract--projectDescription"}]}
RESULT: {}
RESULT: {"script":"<script> [1562 bytes]","args":[{"selector":{"id":"application-managecontracts-display-component---AddNewContract--projectDescription","interaction":{"idSuffix":"inner"}},"wdio_ui5_key":"applicationmanagecontracts-display-component---AddNewContract--projectDescription"}]}
RESULT: undefined
COMMAND: POST /session/2eef3865f9633c585bb33c6ac0c7be86/execute/async - {"script":"<script> [776 bytes]","args":[{"enterText":"Contract WDIO","selector":{"id":"application-managecontracts-display-component---AddNewContract--projectDescription","interaction":{"idSuffix":"inner"}},"clearTextFirst":true,"interactionType":"ENTER_TEXT"}]}
RESULT: {"script":"<script> [776 bytes]","args":[{"enterText":"Contract WDIO","selector":{"id":"application-managecontracts-display-component---AddNewContract--projectDescription","interaction":{"idSuffix":"inner"}},"clearTextFirst":true,"interactionType":"ENTER_TEXT"}]}
COMMAND: POST /session/2eef3865f9633c585bb33c6ac0c7be86/element - {"using":"xpath","value":"//input[@id=\"application-managecontracts-display-component---AddNewContract--site-inner\"]"}
RESULT: {"using":"xpath","value":"//input[@id=\"application-managecontracts-display-component---AddNewContract--site-inner\"]"}
COMMAND: POST /session/2eef3865f9633c585bb33c6ac0c7be86/element/f.38388B4EA542EE9F87EA90A6B1549037.d.79DEAAEE8B8CD74093DFDB4C24589DA8.e.18860/clear - {}
RESULT: {}
COMMAND: POST /session/2eef3865f9633c585bb33c6ac0c7be86/element/f.38388B4EA542EE9F87EA90A6B1549037.d.79DEAAEE8B8CD74093DFDB4C24589DA8.e.18860/value - {"text":"2112"}
COMMAND: GET /session/2eef3865f9633c585bb33c6ac0c7be86/screenshot - {}
RESULT: {"text":"2112"}
COMMAND: GET /session/2eef3865f9633c585bb33c6ac0c7be86/screenshot - {}
RESULT: {}
RESULT: {}
COMMAND: POST /session/2eef3865f9633c585bb33c6ac0c7be86/element - {"using":"xpath","value":"//li[.//span[text()='2112']]"}
RESULT: {"using":"xpath","value":"//li[.//span[text()='2112']]"}
COMMAND: POST /session/2eef3865f9633c585bb33c6ac0c7be86/element/f.38388B4EA542EE9F87EA90A6B1549037.d.79DEAAEE8B8CD74093DFDB4C24589DA8.e.18943/click - {}
RESULT: {}
COMMAND: GET /session/2eef3865f9633c585bb33c6ac0c7be86/screenshot - {}
RESULT: {}
COMMAND: POST /session/2eef3865f9633c585bb33c6ac0c7be86/element - {"using":"xpath","value":"//input[@id=\"application-managecontracts-display-component---AddNewContract--yardId-inner\"]"}
RESULT: {"using":"xpath","value":"//input[@id=\"application-managecontracts-display-component---AddNewContract--yardId-inner\"]"}
COMMAND: GET /session/2eef3865f9633c585bb33c6ac0c7be86/element/f.38388B4EA542EE9F87EA90A6B1549037.d.79DEAAEE8B8CD74093DFDB4C24589DA8.e.18861/property/value - {}
RESULT: {}
COMMAND: POST /session/2eef3865f9633c585bb33c6ac0c7be86/element - {"using":"xpath","value":"//input[@id=\"application-managecontracts-display-component---AddNewContract--customerSelect-inner\"]"}
COMMAND: GET /session/2eef3865f9633c585bb33c6ac0c7be86/screenshot - {}
RESULT: {"using":"xpath","value":"//input[@id=\"application-managecontracts-display-component---AddNewContract--customerSelect-inner\"]"}
COMMAND: POST /session/2eef3865f9633c585bb33c6ac0c7be86/element/f.38388B4EA542EE9F87EA90A6B1549037.d.79DEAAEE8B8CD74093DFDB4C24589DA8.e.18859/clear - {}
RESULT: {}
RESULT: {}
COMMAND: POST /session/2eef3865f9633c585bb33c6ac0c7be86/element/f.38388B4EA542EE9F87EA90A6B1549037.d.79DEAAEE8B8CD74093DFDB4C24589DA8.e.18859/value - {"text":"1119"}
COMMAND: GET /session/2eef3865f9633c585bb33c6ac0c7be86/screenshot - {}
RESULT: {"text":"1119"}
COMMAND: GET /session/2eef3865f9633c585bb33c6ac0c7be86/screenshot - {}
RESULT: {}
RESULT: {}
COMMAND: POST /session/2eef3865f9633c585bb33c6ac0c7be86/element - {"using":"xpath","value":"//li[.//span[text()='1119']]"}
RESULT: {"using":"xpath","value":"//li[.//span[text()='1119']]"}
COMMAND: POST /session/2eef3865f9633c585bb33c6ac0c7be86/element/f.38388B4EA542EE9F87EA90A6B1549037.d.79DEAAEE8B8CD74093DFDB4C24589DA8.e.18946/click - {}
RESULT: {}
COMMAND: GET /session/2eef3865f9633c585bb33c6ac0c7be86/screenshot - {}
RESULT: {}
COMMAND: POST /session/2eef3865f9633c585bb33c6ac0c7be86/element - {"using":"xpath","value":"//button[@data-kt=\"saveButton\"]"}
RESULT: {"using":"xpath","value":"//button[@data-kt=\"saveButton\"]"}
COMMAND: POST /session/2eef3865f9633c585bb33c6ac0c7be86/element/f.38388B4EA542EE9F87EA90A6B1549037.d.79DEAAEE8B8CD74093DFDB4C24589DA8.e.18936/click - {}
RESULT: {}
COMMAND: GET /session/2eef3865f9633c585bb33c6ac0c7be86/screenshot - {}
RESULT: {}
COMMAND: POST /session/2eef3865f9633c585bb33c6ac0c7be86/element - {"using":"xpath","value":"//span[contains(@id ,\"contractDetailTitleNoExpanded\")]"}
RESULT: {"using":"xpath","value":"//span[contains(@id ,\"contractDetailTitleNoExpanded\")]"}
COMMAND: POST /session/2eef3865f9633c585bb33c6ac0c7be86/elements - {"using":"xpath","value":"//span[contains(@id ,\"contractDetailTitleNoExpanded\")]"}
RESULT: {"using":"xpath","value":"//span[contains(@id ,\"contractDetailTitleNoExpanded\")]"}
COMMAND: POST /session/2eef3865f9633c585bb33c6ac0c7be86/execute/sync - {"script":"<script> [56 bytes]","args":[{"element-6066-11e4-a52e-4f735466cecf":"f.38388B4EA542EE9F87EA90A6B1549037.d.79DEAAEE8B8CD74093DFDB4C24589DA8.e.18956","ELEMENT":"f.38388B4EA542EE9F87EA90A6B1549037.d.79DEAAEE8B8CD74093DFDB4C24589DA8.e.18956"}]}
RESULT: {"script":"<script> [56 bytes]","args":[{"element-6066-11e4-a52e-4f735466cecf":"f.38388B4EA542EE9F87EA90A6B1549037.d.79DEAAEE8B8CD74093DFDB4C24589DA8.e.18956","ELEMENT":"f.38388B4EA542EE9F87EA90A6B1549037.d.79DEAAEE8B8CD74093DFDB4C24589DA8.e.18956"}]}
COMMAND: GET /session/2eef3865f9633c585bb33c6ac0c7be86/screenshot - {}
RESULT: {}
]]></system-out>
    </testcase>
    <testcase classname="chrome.136_0_7103_93.windows.Return_from_Site_w/_warehouse_management_w_clarification" name="Should add equipment to the contract" time="58.452">
      <system-out><![CDATA[
COMMAND: POST /session/2eef3865f9633c585bb33c6ac0c7be86/element - {"using":"xpath","value":"//button[@data-kt=\"contractDetailEditBtnButton\"]"}
RESULT: {"using":"xpath","value":"//button[@data-kt=\"contractDetailEditBtnButton\"]"}
COMMAND: POST /session/2eef3865f9633c585bb33c6ac0c7be86/element/f.38388B4EA542EE9F87EA90A6B1549037.d.79DEAAEE8B8CD74093DFDB4C24589DA8.e.18957/click - {}
RESULT: {}
COMMAND: GET /session/2eef3865f9633c585bb33c6ac0c7be86/screenshot - {}
RESULT: {}
COMMAND: POST /session/2eef3865f9633c585bb33c6ac0c7be86/element - {"using":"xpath","value":"(//span[contains(text(), \"Additional Addresses\")])[2]"}
RESULT: {"using":"xpath","value":"(//span[contains(text(), \"Additional Addresses\")])[2]"}
COMMAND: POST /session/2eef3865f9633c585bb33c6ac0c7be86/element/f.38388B4EA542EE9F87EA90A6B1549037.d.79DEAAEE8B8CD74093DFDB4C24589DA8.e.19011/click - {}
RESULT: {}
COMMAND: GET /session/2eef3865f9633c585bb33c6ac0c7be86/screenshot - {}
RESULT: {}
COMMAND: POST /session/2eef3865f9633c585bb33c6ac0c7be86/element - {"using":"xpath","value":"//button[@data-kt=\"btnAddTableRowOverflowToolbarButton\"]"}
RESULT: {"using":"xpath","value":"//button[@data-kt=\"btnAddTableRowOverflowToolbarButton\"]"}
COMMAND: POST /session/2eef3865f9633c585bb33c6ac0c7be86/element/f.38388B4EA542EE9F87EA90A6B1549037.d.79DEAAEE8B8CD74093DFDB4C24589DA8.e.19015/click - {}
RESULT: {}
COMMAND: GET /session/2eef3865f9633c585bb33c6ac0c7be86/screenshot - {}
RESULT: {}
COMMAND: POST /session/2eef3865f9633c585bb33c6ac0c7be86/element - {"using":"xpath","value":"//div[(text() = 'Standard Entry' or . = 'Standard Entry')]"}
RESULT: {"using":"xpath","value":"//div[(text() = 'Standard Entry' or . = 'Standard Entry')]"}
COMMAND: POST /session/2eef3865f9633c585bb33c6ac0c7be86/element/f.38388B4EA542EE9F87EA90A6B1549037.d.79DEAAEE8B8CD74093DFDB4C24589DA8.e.19017/click - {}
RESULT: {}
COMMAND: GET /session/2eef3865f9633c585bb33c6ac0c7be86/screenshot - {}
RESULT: {}
COMMAND: POST /session/2eef3865f9633c585bb33c6ac0c7be86/element - {"using":"xpath","value":"//td[6]/div/div/div/span"}
RESULT: {"using":"xpath","value":"//td[6]/div/div/div/span"}
COMMAND: POST /session/2eef3865f9633c585bb33c6ac0c7be86/element/f.38388B4EA542EE9F87EA90A6B1549037.d.79DEAAEE8B8CD74093DFDB4C24589DA8.e.19029/click - {}
RESULT: {}
COMMAND: GET /session/2eef3865f9633c585bb33c6ac0c7be86/screenshot - {}
RESULT: {}
COMMAND: POST /session/2eef3865f9633c585bb33c6ac0c7be86/element - {"using":"xpath","value":"(//span[contains(text(), \"Material\")])"}
RESULT: {"using":"xpath","value":"(//span[contains(text(), \"Material\")])"}
COMMAND: POST /session/2eef3865f9633c585bb33c6ac0c7be86/element/f.38388B4EA542EE9F87EA90A6B1549037.d.79DEAAEE8B8CD74093DFDB4C24589DA8.e.19030/click - {}
RESULT: {}
COMMAND: GET /session/2eef3865f9633c585bb33c6ac0c7be86/screenshot - {}
RESULT: {}
COMMAND: POST /session/2eef3865f9633c585bb33c6ac0c7be86/element - {"using":"xpath","value":"//td[7]/div/div/input"}
RESULT: {"using":"xpath","value":"//td[7]/div/div/input"}
COMMAND: POST /session/2eef3865f9633c585bb33c6ac0c7be86/element/f.38388B4EA542EE9F87EA90A6B1549037.d.79DEAAEE8B8CD74093DFDB4C24589DA8.e.19034/clear - {}
RESULT: {}
COMMAND: POST /session/2eef3865f9633c585bb33c6ac0c7be86/element/f.38388B4EA542EE9F87EA90A6B1549037.d.79DEAAEE8B8CD74093DFDB4C24589DA8.e.19034/value - {"text":"200134"}
COMMAND: GET /session/2eef3865f9633c585bb33c6ac0c7be86/screenshot - {}
RESULT: {"text":"200134"}
COMMAND: GET /session/2eef3865f9633c585bb33c6ac0c7be86/screenshot - {}
RESULT: {}
RESULT: {}
COMMAND: POST /session/2eef3865f9633c585bb33c6ac0c7be86/actions - {"actions":[{"id":"action57","type":"key","parameters":{},"actions":[{"type":"keyDown","value":""},{"type":"pause","duration":10},{"type":"keyUp","value":""}]}]}
RESULT: {"actions":[{"id":"action57","type":"key","parameters":{},"actions":[{"type":"keyDown","value":""},{"type":"pause","duration":10},{"type":"keyUp","value":""}]}]}
COMMAND: GET /session/2eef3865f9633c585bb33c6ac0c7be86/screenshot - {}
RESULT: {}
COMMAND: POST /session/2eef3865f9633c585bb33c6ac0c7be86/execute/sync - {"script":"<script> [276 bytes]","args":["No pricing information was found"]}
RESULT: {"script":"<script> [276 bytes]","args":["No pricing information was found"]}
COMMAND: POST /session/2eef3865f9633c585bb33c6ac0c7be86/element - {"using":"xpath","value":"//bdi[contains(text(), \"OK\")]"}
COMMAND: GET /session/2eef3865f9633c585bb33c6ac0c7be86/screenshot - {}
RESULT: {"using":"xpath","value":"//bdi[contains(text(), \"OK\")]"}
COMMAND: POST /session/2eef3865f9633c585bb33c6ac0c7be86/element/f.38388B4EA542EE9F87EA90A6B1549037.d.79DEAAEE8B8CD74093DFDB4C24589DA8.e.19060/click - {}
RESULT: {}
RESULT: {}
COMMAND: GET /session/2eef3865f9633c585bb33c6ac0c7be86/screenshot - {}
RESULT: {}
COMMAND: POST /session/2eef3865f9633c585bb33c6ac0c7be86/element - {"using":"xpath","value":"(//button[@data-kt=\"saveButton\"])[2]"}
RESULT: {"using":"xpath","value":"(//button[@data-kt=\"saveButton\"])[2]"}
COMMAND: POST /session/2eef3865f9633c585bb33c6ac0c7be86/element/f.38388B4EA542EE9F87EA90A6B1549037.d.79DEAAEE8B8CD74093DFDB4C24589DA8.e.19061/click - {}
RESULT: {}
COMMAND: GET /session/2eef3865f9633c585bb33c6ac0c7be86/screenshot - {}
RESULT: {}
COMMAND: POST /session/2eef3865f9633c585bb33c6ac0c7be86/execute/sync - {"script":"<script> [276 bytes]","args":["Some contract items are having rental validity exceeding header rental validity"]}
RESULT: {"script":"<script> [276 bytes]","args":["Some contract items are having rental validity exceeding header rental validity"]}
COMMAND: GET /session/2eef3865f9633c585bb33c6ac0c7be86/screenshot - {}
RESULT: {}
COMMAND: POST /session/2eef3865f9633c585bb33c6ac0c7be86/element - {"using":"xpath","value":"//span[contains(@id ,\"contractItemsSmartTable-header-inner\")]"}
RESULT: {"using":"xpath","value":"//span[contains(@id ,\"contractItemsSmartTable-header-inner\")]"}
COMMAND: POST /session/2eef3865f9633c585bb33c6ac0c7be86/elements - {"using":"xpath","value":"//span[contains(@id ,\"contractItemsSmartTable-header-inner\")]"}
RESULT: {"using":"xpath","value":"//span[contains(@id ,\"contractItemsSmartTable-header-inner\")]"}
COMMAND: POST /session/2eef3865f9633c585bb33c6ac0c7be86/execute/sync - {"script":"<script> [56 bytes]","args":[{"element-6066-11e4-a52e-4f735466cecf":"f.38388B4EA542EE9F87EA90A6B1549037.d.79DEAAEE8B8CD74093DFDB4C24589DA8.e.19065","ELEMENT":"f.38388B4EA542EE9F87EA90A6B1549037.d.79DEAAEE8B8CD74093DFDB4C24589DA8.e.19065"}]}
RESULT: {"script":"<script> [56 bytes]","args":[{"element-6066-11e4-a52e-4f735466cecf":"f.38388B4EA542EE9F87EA90A6B1549037.d.79DEAAEE8B8CD74093DFDB4C24589DA8.e.19065","ELEMENT":"f.38388B4EA542EE9F87EA90A6B1549037.d.79DEAAEE8B8CD74093DFDB4C24589DA8.e.19065"}]}
]]></system-out>
    </testcase>
    <testcase classname="chrome.136_0_7103_93.windows.Return_from_Site_w/_warehouse_management_w_clarification" name="Should provide to site" time="41.119">
      <system-out><![CDATA[
COMMAND: POST /session/2eef3865f9633c585bb33c6ac0c7be86/element - {"using":"xpath","value":"//button[@data-kt=\"provideButton\"]"}
COMMAND: GET /session/2eef3865f9633c585bb33c6ac0c7be86/screenshot - {}
RESULT: {"using":"xpath","value":"//button[@data-kt=\"provideButton\"]"}
COMMAND: POST /session/2eef3865f9633c585bb33c6ac0c7be86/element/f.38388B4EA542EE9F87EA90A6B1549037.d.79DEAAEE8B8CD74093DFDB4C24589DA8.e.19066/click - {}
RESULT: {}
RESULT: {}
COMMAND: GET /session/2eef3865f9633c585bb33c6ac0c7be86/screenshot - {}
RESULT: {}
RESULT: undefined
COMMAND: POST /session/2eef3865f9633c585bb33c6ac0c7be86/execute/async - {"script":"<script> [6424 bytes]","args":[{"element-6066-11e4-a52e-4f735466cecf":"f.38388B4EA542EE9F87EA90A6B1549037.d.79DEAAEE8B8CD74093DFDB4C24589DA8.e.17974"},"setValue",["05/25/25"]]}
COMMAND: POST /session/2eef3865f9633c585bb33c6ac0c7be86/execute/async - {"script":"<script> [1562 bytes]","args":[{"selector":{"id":"application-managehandovers-display-component---AddNewHO--dueDate","interaction":{"idSuffix":"inner"}},"wdio_ui5_key":"applicationmanagehandovers-display-component---AddNewHO--dueDate"}]}
RESULT: {"script":"<script> [1562 bytes]","args":[{"selector":{"id":"application-managehandovers-display-component---AddNewHO--dueDate","interaction":{"idSuffix":"inner"}},"wdio_ui5_key":"applicationmanagehandovers-display-component---AddNewHO--dueDate"}]}
COMMAND: POST /session/2eef3865f9633c585bb33c6ac0c7be86/execute/async - {"script":"<script> [6424 bytes]","args":[{"element-6066-11e4-a52e-4f735466cecf":"f.38388B4EA542EE9F87EA90A6B1549037.d.79DEAAEE8B8CD74093DFDB4C24589DA8.e.19142"},"setValue",["05/25/25"]]}
RESULT: {"script":"<script> [6424 bytes]","args":[{"element-6066-11e4-a52e-4f735466cecf":"f.38388B4EA542EE9F87EA90A6B1549037.d.79DEAAEE8B8CD74093DFDB4C24589DA8.e.19142"},"setValue",["05/25/25"]]}
COMMAND: POST /session/2eef3865f9633c585bb33c6ac0c7be86/element - {"using":"xpath","value":"//bdi[contains(text(), \"Instructions\")]"}
RESULT: {"using":"xpath","value":"//bdi[contains(text(), \"Instructions\")]"}
COMMAND: POST /session/2eef3865f9633c585bb33c6ac0c7be86/element/f.38388B4EA542EE9F87EA90A6B1549037.d.79DEAAEE8B8CD74093DFDB4C24589DA8.e.19384/click - {}
RESULT: {}
COMMAND: GET /session/2eef3865f9633c585bb33c6ac0c7be86/screenshot - {}
RESULT: {}
COMMAND: POST /session/2eef3865f9633c585bb33c6ac0c7be86/element - {"using":"xpath","value":"//button[@data-kt=\"AddNewHOProvideAddItemsButton\"]"}
RESULT: {"using":"xpath","value":"//button[@data-kt=\"AddNewHOProvideAddItemsButton\"]"}
COMMAND: POST /session/2eef3865f9633c585bb33c6ac0c7be86/element/f.38388B4EA542EE9F87EA90A6B1549037.d.79DEAAEE8B8CD74093DFDB4C24589DA8.e.19388/click - {}
RESULT: {}
COMMAND: GET /session/2eef3865f9633c585bb33c6ac0c7be86/screenshot - {}
RESULT: {}
RESULT: undefined
COMMAND: POST /session/2eef3865f9633c585bb33c6ac0c7be86/element - {"using":"xpath","value":"//*[@id=\"application-managehandovers-display-component---AddNewHO--popup-sa\"]"}
RESULT: {"using":"xpath","value":"//*[@id=\"application-managehandovers-display-component---AddNewHO--popup-sa\"]"}
COMMAND: POST /session/2eef3865f9633c585bb33c6ac0c7be86/element/f.38388B4EA542EE9F87EA90A6B1549037.d.79DEAAEE8B8CD74093DFDB4C24589DA8.e.19403/click - {}
RESULT: {}
COMMAND: GET /session/2eef3865f9633c585bb33c6ac0c7be86/screenshot - {}
RESULT: {}
COMMAND: POST /session/2eef3865f9633c585bb33c6ac0c7be86/element - {"using":"xpath","value":"//*[contains(@id ,\"BDI-content\")][contains(text(), \"Select\")]"}
RESULT: {"using":"xpath","value":"//*[contains(@id ,\"BDI-content\")][contains(text(), \"Select\")]"}
COMMAND: POST /session/2eef3865f9633c585bb33c6ac0c7be86/element/f.38388B4EA542EE9F87EA90A6B1549037.d.79DEAAEE8B8CD74093DFDB4C24589DA8.e.19404/click - {}
RESULT: {}
COMMAND: GET /session/2eef3865f9633c585bb33c6ac0c7be86/screenshot - {}
RESULT: {}
COMMAND: POST /session/2eef3865f9633c585bb33c6ac0c7be86/element - {"using":"xpath","value":"//bdi[(text() = 'Save' or . = 'Save')]"}
RESULT: {"using":"xpath","value":"//bdi[(text() = 'Save' or . = 'Save')]"}
COMMAND: POST /session/2eef3865f9633c585bb33c6ac0c7be86/element/f.38388B4EA542EE9F87EA90A6B1549037.d.79DEAAEE8B8CD74093DFDB4C24589DA8.e.19412/click - {}
RESULT: {}
COMMAND: GET /session/2eef3865f9633c585bb33c6ac0c7be86/screenshot - {}
RESULT: {}
]]></system-out>
    </testcase>
    <testcase classname="chrome.136_0_7103_93.windows.Return_from_Site_w/_warehouse_management_w_clarification" name="Should test for Handover Execution" time="163.844">
      <system-out><![CDATA[
COMMAND: POST /session/2eef3865f9633c585bb33c6ac0c7be86/execute/async - {"script":"<script> [1562 bytes]","args":[{"selector":{"controlType":"sap.m.Link","viewName":"etm.portal.ui.managehandovers.view.DetailExecuteHO","bindingPath":{"path":"","propertyPath":"/wmDoc","modelName":"warehouseMovModel"}},"wdio_ui5_key":"etmportal.ui.managehandovers.view.DetailExecuteHOsap.m.Link{\"path\":\"\",\"propertyPath\":\"/wmDoc\",\"modelName\":\"warehouseMovModel\"}"}]}
RESULT: {"script":"<script> [1562 bytes]","args":[{"selector":{"controlType":"sap.m.Link","viewName":"etm.portal.ui.managehandovers.view.DetailExecuteHO","bindingPath":{"path":"","propertyPath":"/wmDoc","modelName":"warehouseMovModel"}},"wdio_ui5_key":"etmportal.ui.managehandovers.view.DetailExecuteHOsap.m.Link{\"path\":\"\",\"propertyPath\":\"/wmDoc\",\"modelName\":\"warehouseMovModel\"}"}]}
RESULT: undefined
COMMAND: POST /session/2eef3865f9633c585bb33c6ac0c7be86/element - {"using":"xpath","value":"//*[@id=\"__link82\"]"}
RESULT: {"using":"xpath","value":"//*[@id=\"__link82\"]"}
COMMAND: POST /session/2eef3865f9633c585bb33c6ac0c7be86/element/f.38388B4EA542EE9F87EA90A6B1549037.d.79DEAAEE8B8CD74093DFDB4C24589DA8.e.19455/click - {}
RESULT: {}
COMMAND: GET /session/2eef3865f9633c585bb33c6ac0c7be86/screenshot - {}
RESULT: {}
COMMAND: POST /session/2eef3865f9633c585bb33c6ac0c7be86/execute/async - {"script":"<script> [1562 bytes]","args":[{"selector":{"controlType":"sap.m.Link","viewName":"etm.portal.ui.managehandovers.view.DetailExecuteHO","properties":{"text":"Warehouse Overview"},"searchOpenDialogs":true},"wdio_ui5_key":"etmportal.ui.managehandovers.view.DetailExecuteHOsap.m.Link{\"text\":\"Warehouse Overview\"}"}]}
RESULT: {"script":"<script> [1562 bytes]","args":[{"selector":{"controlType":"sap.m.Link","viewName":"etm.portal.ui.managehandovers.view.DetailExecuteHO","properties":{"text":"Warehouse Overview"},"searchOpenDialogs":true},"wdio_ui5_key":"etmportal.ui.managehandovers.view.DetailExecuteHOsap.m.Link{\"text\":\"Warehouse Overview\"}"}]}
RESULT: undefined
COMMAND: POST /session/2eef3865f9633c585bb33c6ac0c7be86/element - {"using":"xpath","value":"//*[@id=\"__link98\"]"}
RESULT: {"using":"xpath","value":"//*[@id=\"__link98\"]"}
COMMAND: POST /session/2eef3865f9633c585bb33c6ac0c7be86/element/f.38388B4EA542EE9F87EA90A6B1549037.d.79DEAAEE8B8CD74093DFDB4C24589DA8.e.19459/click - {}
RESULT: {}
COMMAND: GET /session/2eef3865f9633c585bb33c6ac0c7be86/screenshot - {}
COMMAND: POST /session/2eef3865f9633c585bb33c6ac0c7be86/execute/async - {"script":"<script> [1562 bytes]","args":[{"selector":{"controlType":"sap.m.Button","viewName":"etm.portal.ui.warehousemovements.view.DisplayMovement","viewId":"application-warehousemovements-display-component---displayMovement","i18NText":{"propertyName":"text","key":"execution"},"interaction":{"idSuffix":"BDI-content"}},"wdio_ui5_key":"etmportal.ui.warehousemovements.view.DisplayMovementsap.m.Button{\"propertyName\":\"text\",\"key\":\"execution\"}"}]}
RESULT: {}
RESULT: {"script":"<script> [1562 bytes]","args":[{"selector":{"controlType":"sap.m.Button","viewName":"etm.portal.ui.warehousemovements.view.DisplayMovement","viewId":"application-warehousemovements-display-component---displayMovement","i18NText":{"propertyName":"text","key":"execution"},"interaction":{"idSuffix":"BDI-content"}},"wdio_ui5_key":"etmportal.ui.warehousemovements.view.DisplayMovementsap.m.Button{\"propertyName\":\"text\",\"key\":\"execution\"}"}]}
RESULT: undefined
COMMAND: POST /session/2eef3865f9633c585bb33c6ac0c7be86/element - {"using":"xpath","value":"//*[@id=\"__button247\"]"}
RESULT: {"using":"xpath","value":"//*[@id=\"__button247\"]"}
COMMAND: POST /session/2eef3865f9633c585bb33c6ac0c7be86/element/f.38388B4EA542EE9F87EA90A6B1549037.d.79DEAAEE8B8CD74093DFDB4C24589DA8.e.19570/click - {}
RESULT: {}
COMMAND: GET /session/2eef3865f9633c585bb33c6ac0c7be86/screenshot - {}
RESULT: {}
COMMAND: POST /session/2eef3865f9633c585bb33c6ac0c7be86/execute/async - {"script":"<script> [1562 bytes]","args":[{"selector":{"controlType":"sap.m.Button","viewName":"etm.portal.ui.warehousemovements.view.ExecuteMovement","viewId":"application-warehousemovements-display-component---executeMovement","properties":{"text":"Items"},"interaction":{"idSuffix":"BDI-content"}},"wdio_ui5_key":"etmportal.ui.warehousemovements.view.ExecuteMovementsap.m.Button{\"text\":\"Items\"}"}]}
RESULT: {"script":"<script> [1562 bytes]","args":[{"selector":{"controlType":"sap.m.Button","viewName":"etm.portal.ui.warehousemovements.view.ExecuteMovement","viewId":"application-warehousemovements-display-component---executeMovement","properties":{"text":"Items"},"interaction":{"idSuffix":"BDI-content"}},"wdio_ui5_key":"etmportal.ui.warehousemovements.view.ExecuteMovementsap.m.Button{\"text\":\"Items\"}"}]}
RESULT: undefined
COMMAND: POST /session/2eef3865f9633c585bb33c6ac0c7be86/element - {"using":"xpath","value":"//*[@id=\"__layout379-anchBar-application-warehousemovements-display-component---executeMovement--itemsSection-anchor\"]"}
RESULT: {"using":"xpath","value":"//*[@id=\"__layout379-anchBar-application-warehousemovements-display-component---executeMovement--itemsSection-anchor\"]"}
COMMAND: POST /session/2eef3865f9633c585bb33c6ac0c7be86/element/f.38388B4EA542EE9F87EA90A6B1549037.d.79DEAAEE8B8CD74093DFDB4C24589DA8.e.19677/click - {}
RESULT: {}
COMMAND: GET /session/2eef3865f9633c585bb33c6ac0c7be86/screenshot - {}
RESULT: {}
COMMAND: POST /session/2eef3865f9633c585bb33c6ac0c7be86/execute/async - {"script":"<script> [1562 bytes]","args":[{"selector":{"controlType":"sap.m.ToggleButton","viewName":"etm.portal.ui.warehousemovements.view.ExecuteMovement","viewId":"application-warehousemovements-display-component---executeMovement","bindingPath":{"propertyPath":"STATUS","modelName":"catalogModel"},"interaction":{"idSuffix":"BDI-content"}},"wdio_ui5_key":"etmportal.ui.warehousemovements.view.ExecuteMovementsap.m.ToggleButton{\"propertyPath\":\"STATUS\",\"modelName\":\"catalogModel\"}"}]}
RESULT: {"script":"<script> [1562 bytes]","args":[{"selector":{"controlType":"sap.m.ToggleButton","viewName":"etm.portal.ui.warehousemovements.view.ExecuteMovement","viewId":"application-warehousemovements-display-component---executeMovement","bindingPath":{"propertyPath":"STATUS","modelName":"catalogModel"},"interaction":{"idSuffix":"BDI-content"}},"wdio_ui5_key":"etmportal.ui.warehousemovements.view.ExecuteMovementsap.m.ToggleButton{\"propertyPath\":\"STATUS\",\"modelName\":\"catalogModel\"}"}]}
RESULT: undefined
COMMAND: POST /session/2eef3865f9633c585bb33c6ac0c7be86/element - {"using":"xpath","value":"//*[@id=\"__button272-__clone2416\"]"}
RESULT: {"using":"xpath","value":"//*[@id=\"__button272-__clone2416\"]"}
COMMAND: POST /session/2eef3865f9633c585bb33c6ac0c7be86/element/f.38388B4EA542EE9F87EA90A6B1549037.d.79DEAAEE8B8CD74093DFDB4C24589DA8.e.19655/click - {}
RESULT: {}
RESULT: undefined
COMMAND: POST /session/2eef3865f9633c585bb33c6ac0c7be86/element - {"using":"xpath","value":"//*[@id=\"__button272-__clone2416\"]"}
COMMAND: GET /session/2eef3865f9633c585bb33c6ac0c7be86/screenshot - {}
RESULT: {"using":"xpath","value":"//*[@id=\"__button272-__clone2416\"]"}
COMMAND: POST /session/2eef3865f9633c585bb33c6ac0c7be86/element/f.38388B4EA542EE9F87EA90A6B1549037.d.79DEAAEE8B8CD74093DFDB4C24589DA8.e.19655/click - {}
RESULT: {}
RESULT: {}
COMMAND: GET /session/2eef3865f9633c585bb33c6ac0c7be86/screenshot - {}
RESULT: {}
COMMAND: POST /session/2eef3865f9633c585bb33c6ac0c7be86/element - {"using":"xpath","value":"//section[contains(@id,\"FC-NoHead\")]/div[1]/div[5]/div[2]/span"}
RESULT: {"using":"xpath","value":"//section[contains(@id,\"FC-NoHead\")]/div[1]/div[5]/div[2]/span"}
COMMAND: POST /session/2eef3865f9633c585bb33c6ac0c7be86/elements - {"using":"xpath","value":"//section[contains(@id,\"FC-NoHead\")]/div[1]/div[5]/div[2]/span"}
RESULT: {"using":"xpath","value":"//section[contains(@id,\"FC-NoHead\")]/div[1]/div[5]/div[2]/span"}
COMMAND: POST /session/2eef3865f9633c585bb33c6ac0c7be86/execute/sync - {"script":"<script> [56 bytes]","args":[{"element-6066-11e4-a52e-4f735466cecf":"f.38388B4EA542EE9F87EA90A6B1549037.d.79DEAAEE8B8CD74093DFDB4C24589DA8.e.19683","ELEMENT":"f.38388B4EA542EE9F87EA90A6B1549037.d.79DEAAEE8B8CD74093DFDB4C24589DA8.e.19683"}]}
RESULT: {"script":"<script> [56 bytes]","args":[{"element-6066-11e4-a52e-4f735466cecf":"f.38388B4EA542EE9F87EA90A6B1549037.d.79DEAAEE8B8CD74093DFDB4C24589DA8.e.19683","ELEMENT":"f.38388B4EA542EE9F87EA90A6B1549037.d.79DEAAEE8B8CD74093DFDB4C24589DA8.e.19683"}]}
COMMAND: POST /session/2eef3865f9633c585bb33c6ac0c7be86/actions - {"actions":[{"id":"action58","type":"key","parameters":{},"actions":[{"type":"keyDown","value":""},{"type":"pause","duration":10},{"type":"keyUp","value":""}]}]}
COMMAND: GET /session/2eef3865f9633c585bb33c6ac0c7be86/screenshot - {}
RESULT: {"actions":[{"id":"action58","type":"key","parameters":{},"actions":[{"type":"keyDown","value":""},{"type":"pause","duration":10},{"type":"keyUp","value":""}]}]}
COMMAND: POST /session/2eef3865f9633c585bb33c6ac0c7be86/execute/async - {"script":"<script> [1562 bytes]","args":[{"selector":{"id":"application-warehousemovements-display-component---executeMovement--executeId","interaction":{"idSuffix":"BDI-content"}},"wdio_ui5_key":"applicationwarehousemovements-display-component---executeMovement--executeId"}]}
COMMAND: GET /session/2eef3865f9633c585bb33c6ac0c7be86/screenshot - {}
RESULT: {}
RESULT: {"script":"<script> [1562 bytes]","args":[{"selector":{"id":"application-warehousemovements-display-component---executeMovement--executeId","interaction":{"idSuffix":"BDI-content"}},"wdio_ui5_key":"applicationwarehousemovements-display-component---executeMovement--executeId"}]}
RESULT: undefined
COMMAND: POST /session/2eef3865f9633c585bb33c6ac0c7be86/element - {"using":"xpath","value":"//*[@id=\"application-warehousemovements-display-component---executeMovement--executeId\"]"}
RESULT: {}
RESULT: {"using":"xpath","value":"//*[@id=\"application-warehousemovements-display-component---executeMovement--executeId\"]"}
COMMAND: POST /session/2eef3865f9633c585bb33c6ac0c7be86/element/f.38388B4EA542EE9F87EA90A6B1549037.d.79DEAAEE8B8CD74093DFDB4C24589DA8.e.19649/click - {}
RESULT: {}
COMMAND: GET /session/2eef3865f9633c585bb33c6ac0c7be86/screenshot - {}
RESULT: {}
COMMAND: POST /session/2eef3865f9633c585bb33c6ac0c7be86/element - {"using":"css selector","value":"#shell-header-logo"}
RESULT: {"using":"css selector","value":"#shell-header-logo"}
COMMAND: POST /session/2eef3865f9633c585bb33c6ac0c7be86/element/f.38388B4EA542EE9F87EA90A6B1549037.d.79DEAAEE8B8CD74093DFDB4C24589DA8.e.18493/click - {}
RESULT: {}
COMMAND: GET /session/2eef3865f9633c585bb33c6ac0c7be86/screenshot - {}
RESULT: {}
RESULT: undefined
COMMAND: POST /session/2eef3865f9633c585bb33c6ac0c7be86/element - {"using":"xpath","value":"//*[@id=\"__tile132\"]"}
RESULT: {"using":"xpath","value":"//*[@id=\"__tile132\"]"}
COMMAND: POST /session/2eef3865f9633c585bb33c6ac0c7be86/element/f.38388B4EA542EE9F87EA90A6B1549037.d.79DEAAEE8B8CD74093DFDB4C24589DA8.e.16965/click - {}
RESULT: {}
COMMAND: GET /session/2eef3865f9633c585bb33c6ac0c7be86/screenshot - {}
RESULT: {}
COMMAND: POST /session/2eef3865f9633c585bb33c6ac0c7be86/elements - {"using":"xpath","value":"//span[text()='Error']"}
RESULT: {"using":"xpath","value":"//span[text()='Error']"}
COMMAND: POST /session/2eef3865f9633c585bb33c6ac0c7be86/execute/async - {"script":"<script> [1562 bytes]","args":[{"selector":{"controlType":"sap.m.SearchField","viewName":"etm.portal.ui.managehandovers.view.MasterHO","bindingPath":{"propertyPath":"/_BASIC_SEARCH_FIELD","modelName":"fi1t3rM0d31"},"interaction":{"idSuffix":"I"}},"wdio_ui5_key":"etmportal.ui.managehandovers.view.MasterHOsap.m.SearchField{\"propertyPath\":\"/_BASIC_SEARCH_FIELD\",\"modelName\":\"fi1t3rM0d31\"}"}]}
RESULT: {"script":"<script> [1562 bytes]","args":[{"selector":{"controlType":"sap.m.SearchField","viewName":"etm.portal.ui.managehandovers.view.MasterHO","bindingPath":{"propertyPath":"/_BASIC_SEARCH_FIELD","modelName":"fi1t3rM0d31"},"interaction":{"idSuffix":"I"}},"wdio_ui5_key":"etmportal.ui.managehandovers.view.MasterHOsap.m.SearchField{\"propertyPath\":\"/_BASIC_SEARCH_FIELD\",\"modelName\":\"fi1t3rM0d31\"}"}]}
RESULT: undefined
COMMAND: POST /session/2eef3865f9633c585bb33c6ac0c7be86/execute/async - {"script":"<script> [776 bytes]","args":[{"enterText":"30430","selector":{"controlType":"sap.m.SearchField","viewName":"etm.portal.ui.managehandovers.view.MasterHO","bindingPath":{"propertyPath":"/_BASIC_SEARCH_FIELD","modelName":"fi1t3rM0d31"},"interaction":{"idSuffix":"I"}},"clearTextFirst":true,"interactionType":"ENTER_TEXT"}]}
RESULT: {"script":"<script> [776 bytes]","args":[{"enterText":"30430","selector":{"controlType":"sap.m.SearchField","viewName":"etm.portal.ui.managehandovers.view.MasterHO","bindingPath":{"propertyPath":"/_BASIC_SEARCH_FIELD","modelName":"fi1t3rM0d31"},"interaction":{"idSuffix":"I"}},"clearTextFirst":true,"interactionType":"ENTER_TEXT"}]}
COMMAND: POST /session/2eef3865f9633c585bb33c6ac0c7be86/actions - {"actions":[{"id":"action59","type":"key","parameters":{},"actions":[{"type":"keyDown","value":""},{"type":"pause","duration":10},{"type":"keyUp","value":""}]}]}
RESULT: {"actions":[{"id":"action59","type":"key","parameters":{},"actions":[{"type":"keyDown","value":""},{"type":"pause","duration":10},{"type":"keyUp","value":""}]}]}
COMMAND: GET /session/2eef3865f9633c585bb33c6ac0c7be86/screenshot - {}
RESULT: {}
COMMAND: POST /session/2eef3865f9633c585bb33c6ac0c7be86/execute/async - {"script":"<script> [1562 bytes]","args":[{"selector":{"controlType":"sap.ui.core.Icon","viewName":"etm.portal.ui.managehandovers.view.MasterHO","properties":{"src":{"regex":{"source":"slim\\-arrow\\-right"}}}},"wdio_ui5_key":"etmportal.ui.managehandovers.view.MasterHOsap.ui.core.Icon{\"src\":{\"regex\":{\"source\":\"slim\\\\-arrow\\\\-right\"}}}"}]}
RESULT: {"script":"<script> [1562 bytes]","args":[{"selector":{"controlType":"sap.ui.core.Icon","viewName":"etm.portal.ui.managehandovers.view.MasterHO","properties":{"src":{"regex":{"source":"slim\\-arrow\\-right"}}}},"wdio_ui5_key":"etmportal.ui.managehandovers.view.MasterHOsap.ui.core.Icon{\"src\":{\"regex\":{\"source\":\"slim\\\\-arrow\\\\-right\"}}}"}]}
RESULT: undefined
COMMAND: POST /session/2eef3865f9633c585bb33c6ac0c7be86/element - {"using":"xpath","value":"//*[@id=\"__item1251-__clone2495-imgNav\"]"}
RESULT: {"using":"xpath","value":"//*[@id=\"__item1251-__clone2495-imgNav\"]"}
COMMAND: POST /session/2eef3865f9633c585bb33c6ac0c7be86/element/f.38388B4EA542EE9F87EA90A6B1549037.d.79DEAAEE8B8CD74093DFDB4C24589DA8.e.19862/click - {}
RESULT: {}
COMMAND: GET /session/2eef3865f9633c585bb33c6ac0c7be86/screenshot - {}
RESULT: {}
COMMAND: POST /session/2eef3865f9633c585bb33c6ac0c7be86/element - {"using":"xpath","value":"//button[@data-kt=\"IssuingTableConfirmAllButton\"]"}
RESULT: {"using":"xpath","value":"//button[@data-kt=\"IssuingTableConfirmAllButton\"]"}
COMMAND: POST /session/2eef3865f9633c585bb33c6ac0c7be86/element/f.38388B4EA542EE9F87EA90A6B1549037.d.79DEAAEE8B8CD74093DFDB4C24589DA8.e.19956/click - {}
RESULT: {}
COMMAND: GET /session/2eef3865f9633c585bb33c6ac0c7be86/screenshot - {}
RESULT: {}
COMMAND: POST /session/2eef3865f9633c585bb33c6ac0c7be86/element - {"using":"xpath","value":"//bdi[contains(text(), \"OK\")]"}
RESULT: {"using":"xpath","value":"//bdi[contains(text(), \"OK\")]"}
COMMAND: POST /session/2eef3865f9633c585bb33c6ac0c7be86/element/f.38388B4EA542EE9F87EA90A6B1549037.d.79DEAAEE8B8CD74093DFDB4C24589DA8.e.19964/click - {}
RESULT: {}
COMMAND: GET /session/2eef3865f9633c585bb33c6ac0c7be86/screenshot - {}
RESULT: {}
COMMAND: POST /session/2eef3865f9633c585bb33c6ac0c7be86/element - {"using":"xpath","value":"//button[@data-kt=\"execHoIssueButton\"]"}
RESULT: {"using":"xpath","value":"//button[@data-kt=\"execHoIssueButton\"]"}
COMMAND: POST /session/2eef3865f9633c585bb33c6ac0c7be86/element/f.38388B4EA542EE9F87EA90A6B1549037.d.79DEAAEE8B8CD74093DFDB4C24589DA8.e.19965/click - {}
RESULT: {}
COMMAND: GET /session/2eef3865f9633c585bb33c6ac0c7be86/screenshot - {}
RESULT: {}
RESULT: undefined
COMMAND: POST /session/2eef3865f9633c585bb33c6ac0c7be86/execute/async - {"script":"<script> [776 bytes]","args":[{"enterText":"30430","selector":{"controlType":"sap.m.SearchField","viewName":"etm.portal.ui.managehandovers.view.MasterHO","bindingPath":{"propertyPath":"/_BASIC_SEARCH_FIELD","modelName":"fi1t3rM0d31"},"interaction":{"idSuffix":"I"}},"clearTextFirst":true,"interactionType":"ENTER_TEXT"}]}
RESULT: {"script":"<script> [776 bytes]","args":[{"enterText":"30430","selector":{"controlType":"sap.m.SearchField","viewName":"etm.portal.ui.managehandovers.view.MasterHO","bindingPath":{"propertyPath":"/_BASIC_SEARCH_FIELD","modelName":"fi1t3rM0d31"},"interaction":{"idSuffix":"I"}},"clearTextFirst":true,"interactionType":"ENTER_TEXT"}]}
COMMAND: POST /session/2eef3865f9633c585bb33c6ac0c7be86/actions - {"actions":[{"id":"action60","type":"key","parameters":{},"actions":[{"type":"keyDown","value":""},{"type":"pause","duration":10},{"type":"keyUp","value":""}]}]}
RESULT: {"actions":[{"id":"action60","type":"key","parameters":{},"actions":[{"type":"keyDown","value":""},{"type":"pause","duration":10},{"type":"keyUp","value":""}]}]}
COMMAND: GET /session/2eef3865f9633c585bb33c6ac0c7be86/screenshot - {}
RESULT: {}
COMMAND: POST /session/2eef3865f9633c585bb33c6ac0c7be86/element - {"using":"xpath","value":"//span[(text() = '30430' or . = '30430')]"}
RESULT: {"using":"xpath","value":"//span[(text() = '30430' or . = '30430')]"}
COMMAND: POST /session/2eef3865f9633c585bb33c6ac0c7be86/element/f.38388B4EA542EE9F87EA90A6B1549037.d.79DEAAEE8B8CD74093DFDB4C24589DA8.e.20007/click - {}
RESULT: {}
COMMAND: GET /session/2eef3865f9633c585bb33c6ac0c7be86/screenshot - {}
RESULT: {}
COMMAND: POST /session/2eef3865f9633c585bb33c6ac0c7be86/element - {"using":"xpath","value":"//span[contains(text(), \"Instructions\")]"}
RESULT: {"using":"xpath","value":"//span[contains(text(), \"Instructions\")]"}
COMMAND: POST /session/2eef3865f9633c585bb33c6ac0c7be86/element/f.38388B4EA542EE9F87EA90A6B1549037.d.79DEAAEE8B8CD74093DFDB4C24589DA8.e.20052/click - {}
RESULT: {}
COMMAND: GET /session/2eef3865f9633c585bb33c6ac0c7be86/screenshot - {}
RESULT: {}
COMMAND: POST /session/2eef3865f9633c585bb33c6ac0c7be86/element - {"using":"xpath","value":"//span[contains(text(), \"Instructions\")]"}
RESULT: {"using":"xpath","value":"//span[contains(text(), \"Instructions\")]"}
COMMAND: POST /session/2eef3865f9633c585bb33c6ac0c7be86/element/f.38388B4EA542EE9F87EA90A6B1549037.d.79DEAAEE8B8CD74093DFDB4C24589DA8.e.20052/click - {}
RESULT: {}
COMMAND: GET /session/2eef3865f9633c585bb33c6ac0c7be86/screenshot - {}
RESULT: {}
COMMAND: POST /session/2eef3865f9633c585bb33c6ac0c7be86/execute/async - {"script":"<script> [1562 bytes]","args":[{"selector":{"controlType":"sap.m.ComboBox","viewName":"etm.portal.ui.managehandovers.view.DetailExecuteHO","bindingPath":{"propertyPath":"RECEIVING_SECTION","modelName":"catalogModel"},"interaction":{"idSuffix":"inner"}},"wdio_ui5_key":"etmportal.ui.managehandovers.view.DetailExecuteHOsap.m.ComboBox{\"propertyPath\":\"RECEIVING_SECTION\",\"modelName\":\"catalogModel\"}"}]}
RESULT: {"script":"<script> [1562 bytes]","args":[{"selector":{"controlType":"sap.m.ComboBox","viewName":"etm.portal.ui.managehandovers.view.DetailExecuteHO","bindingPath":{"propertyPath":"RECEIVING_SECTION","modelName":"catalogModel"},"interaction":{"idSuffix":"inner"}},"wdio_ui5_key":"etmportal.ui.managehandovers.view.DetailExecuteHOsap.m.ComboBox{\"propertyPath\":\"RECEIVING_SECTION\",\"modelName\":\"catalogModel\"}"}]}
RESULT: undefined
COMMAND: POST /session/2eef3865f9633c585bb33c6ac0c7be86/execute/async - {"script":"<script> [776 bytes]","args":[{"enterText":"WDIO-2112","selector":{"controlType":"sap.m.ComboBox","viewName":"etm.portal.ui.managehandovers.view.DetailExecuteHO","bindingPath":{"propertyPath":"RECEIVING_SECTION","modelName":"catalogModel"},"interaction":{"idSuffix":"inner"}},"clearTextFirst":true,"interactionType":"ENTER_TEXT"}]}
RESULT: {"script":"<script> [776 bytes]","args":[{"enterText":"WDIO-2112","selector":{"controlType":"sap.m.ComboBox","viewName":"etm.portal.ui.managehandovers.view.DetailExecuteHO","bindingPath":{"propertyPath":"RECEIVING_SECTION","modelName":"catalogModel"},"interaction":{"idSuffix":"inner"}},"clearTextFirst":true,"interactionType":"ENTER_TEXT"}]}
COMMAND: POST /session/2eef3865f9633c585bb33c6ac0c7be86/actions - {"actions":[{"id":"action61","type":"key","parameters":{},"actions":[{"type":"keyDown","value":""},{"type":"pause","duration":10},{"type":"keyUp","value":""}]}]}
RESULT: {"actions":[{"id":"action61","type":"key","parameters":{},"actions":[{"type":"keyDown","value":""},{"type":"pause","duration":10},{"type":"keyUp","value":""}]}]}
COMMAND: GET /session/2eef3865f9633c585bb33c6ac0c7be86/screenshot - {}
RESULT: {}
COMMAND: POST /session/2eef3865f9633c585bb33c6ac0c7be86/element - {"using":"xpath","value":"//button[@data-kt= \"execHoReceiveButton\"]"}
RESULT: {"using":"xpath","value":"//button[@data-kt= \"execHoReceiveButton\"]"}
COMMAND: POST /session/2eef3865f9633c585bb33c6ac0c7be86/element/f.38388B4EA542EE9F87EA90A6B1549037.d.79DEAAEE8B8CD74093DFDB4C24589DA8.e.20059/click - {}
RESULT: {}
COMMAND: GET /session/2eef3865f9633c585bb33c6ac0c7be86/screenshot - {}
RESULT: {}
COMMAND: POST /session/2eef3865f9633c585bb33c6ac0c7be86/execute/async - {"script":"<script> [1562 bytes]","args":[{"selector":{"controlType":"sap.m.Button","properties":{"text":"Continue"},"searchOpenDialogs":true,"interaction":{"idSuffix":"content"}},"wdio_ui5_key":"sapm.Button{\"text\":\"Continue\"}"}]}
RESULT: {"script":"<script> [1562 bytes]","args":[{"selector":{"controlType":"sap.m.Button","properties":{"text":"Continue"},"searchOpenDialogs":true,"interaction":{"idSuffix":"content"}},"wdio_ui5_key":"sapm.Button{\"text\":\"Continue\"}"}]}
RESULT: undefined
COMMAND: POST /session/2eef3865f9633c585bb33c6ac0c7be86/element - {"using":"xpath","value":"//*[@id=\"__mbox-btn-6\"]"}
RESULT: {"using":"xpath","value":"//*[@id=\"__mbox-btn-6\"]"}
COMMAND: POST /session/2eef3865f9633c585bb33c6ac0c7be86/element/f.38388B4EA542EE9F87EA90A6B1549037.d.79DEAAEE8B8CD74093DFDB4C24589DA8.e.20060/click - {}
RESULT: {}
COMMAND: GET /session/2eef3865f9633c585bb33c6ac0c7be86/screenshot - {}
RESULT: {}
COMMAND: POST /session/2eef3865f9633c585bb33c6ac0c7be86/element - {"using":"css selector","value":"#shell-header-logo"}
RESULT: {"using":"css selector","value":"#shell-header-logo"}
COMMAND: POST /session/2eef3865f9633c585bb33c6ac0c7be86/element/f.38388B4EA542EE9F87EA90A6B1549037.d.79DEAAEE8B8CD74093DFDB4C24589DA8.e.19749/click - {}
RESULT: {}
COMMAND: GET /session/2eef3865f9633c585bb33c6ac0c7be86/screenshot - {}
RESULT: {}
]]></system-out>
    </testcase>
    <testcase classname="chrome.136_0_7103_93.windows.Return_from_Site_w/_warehouse_management_w_clarification" name="Should test for Clarification" time="72.949">
      <system-out><![CDATA[
RESULT: undefined
COMMAND: POST /session/2eef3865f9633c585bb33c6ac0c7be86/element - {"using":"xpath","value":"//*[@id=\"__tile132\"]"}
RESULT: {"using":"xpath","value":"//*[@id=\"__tile132\"]"}
COMMAND: POST /session/2eef3865f9633c585bb33c6ac0c7be86/element/f.38388B4EA542EE9F87EA90A6B1549037.d.79DEAAEE8B8CD74093DFDB4C24589DA8.e.16965/click - {}
RESULT: {}
COMMAND: GET /session/2eef3865f9633c585bb33c6ac0c7be86/screenshot - {}
RESULT: {}
COMMAND: POST /session/2eef3865f9633c585bb33c6ac0c7be86/elements - {"using":"xpath","value":"//span[text()='Error']"}
RESULT: {"using":"xpath","value":"//span[text()='Error']"}
RESULT: undefined
COMMAND: POST /session/2eef3865f9633c585bb33c6ac0c7be86/execute/async - {"script":"<script> [776 bytes]","args":[{"enterText":"30430","selector":{"controlType":"sap.m.SearchField","viewName":"etm.portal.ui.managehandovers.view.MasterHO","bindingPath":{"propertyPath":"/_BASIC_SEARCH_FIELD","modelName":"fi1t3rM0d31"},"interaction":{"idSuffix":"I"}},"clearTextFirst":true,"interactionType":"ENTER_TEXT"}]}
RESULT: {"script":"<script> [776 bytes]","args":[{"enterText":"30430","selector":{"controlType":"sap.m.SearchField","viewName":"etm.portal.ui.managehandovers.view.MasterHO","bindingPath":{"propertyPath":"/_BASIC_SEARCH_FIELD","modelName":"fi1t3rM0d31"},"interaction":{"idSuffix":"I"}},"clearTextFirst":true,"interactionType":"ENTER_TEXT"}]}
COMMAND: POST /session/2eef3865f9633c585bb33c6ac0c7be86/actions - {"actions":[{"id":"action62","type":"key","parameters":{},"actions":[{"type":"keyDown","value":""},{"type":"pause","duration":10},{"type":"keyUp","value":""}]}]}
RESULT: {"actions":[{"id":"action62","type":"key","parameters":{},"actions":[{"type":"keyDown","value":""},{"type":"pause","duration":10},{"type":"keyUp","value":""}]}]}
COMMAND: GET /session/2eef3865f9633c585bb33c6ac0c7be86/screenshot - {}
RESULT: {}
COMMAND: POST /session/2eef3865f9633c585bb33c6ac0c7be86/element - {"using":"xpath","value":"//span[(text() = '30430' or . = '30430')]"}
RESULT: {"using":"xpath","value":"//span[(text() = '30430' or . = '30430')]"}
COMMAND: POST /session/2eef3865f9633c585bb33c6ac0c7be86/element/f.38388B4EA542EE9F87EA90A6B1549037.d.79DEAAEE8B8CD74093DFDB4C24589DA8.e.20218/click - {}
RESULT: {}
COMMAND: GET /session/2eef3865f9633c585bb33c6ac0c7be86/screenshot - {}
RESULT: {}
COMMAND: POST /session/2eef3865f9633c585bb33c6ac0c7be86/element - {"using":"xpath","value":"//span[contains(text(), \"Instructions\")]"}
RESULT: {"using":"xpath","value":"//span[contains(text(), \"Instructions\")]"}
COMMAND: POST /session/2eef3865f9633c585bb33c6ac0c7be86/element/f.38388B4EA542EE9F87EA90A6B1549037.d.79DEAAEE8B8CD74093DFDB4C24589DA8.e.20315/click - {}
RESULT: {}
COMMAND: GET /session/2eef3865f9633c585bb33c6ac0c7be86/screenshot - {}
RESULT: {}
COMMAND: POST /session/2eef3865f9633c585bb33c6ac0c7be86/element - {"using":"xpath","value":"//span[contains(text(), \"Instructions\")]"}
RESULT: {"using":"xpath","value":"//span[contains(text(), \"Instructions\")]"}
COMMAND: POST /session/2eef3865f9633c585bb33c6ac0c7be86/element/f.38388B4EA542EE9F87EA90A6B1549037.d.79DEAAEE8B8CD74093DFDB4C24589DA8.e.20315/click - {}
RESULT: {}
COMMAND: GET /session/2eef3865f9633c585bb33c6ac0c7be86/screenshot - {}
RESULT: {}
COMMAND: POST /session/2eef3865f9633c585bb33c6ac0c7be86/element - {"using":"xpath","value":"//button[.//bdi[text() = \"Receive\"]]"}
RESULT: {"using":"xpath","value":"//button[.//bdi[text() = \"Receive\"]]"}
COMMAND: POST /session/2eef3865f9633c585bb33c6ac0c7be86/element/f.38388B4EA542EE9F87EA90A6B1549037.d.79DEAAEE8B8CD74093DFDB4C24589DA8.e.20321/click - {}
RESULT: {}
COMMAND: GET /session/2eef3865f9633c585bb33c6ac0c7be86/screenshot - {}
RESULT: {}
COMMAND: POST /session/2eef3865f9633c585bb33c6ac0c7be86/element - {"using":"xpath","value":"//button[@data-kt= \"execHoReceiveRefuseButton\"]"}
RESULT: {"using":"xpath","value":"//button[@data-kt= \"execHoReceiveRefuseButton\"]"}
COMMAND: POST /session/2eef3865f9633c585bb33c6ac0c7be86/element/f.38388B4EA542EE9F87EA90A6B1549037.d.79DEAAEE8B8CD74093DFDB4C24589DA8.e.20323/click - {}
RESULT: {}
COMMAND: GET /session/2eef3865f9633c585bb33c6ac0c7be86/screenshot - {}
RESULT: {}
COMMAND: POST /session/2eef3865f9633c585bb33c6ac0c7be86/element - {"using":"css selector","value":"#shell-header-logo"}
RESULT: {"using":"css selector","value":"#shell-header-logo"}
COMMAND: POST /session/2eef3865f9633c585bb33c6ac0c7be86/element/f.38388B4EA542EE9F87EA90A6B1549037.d.79DEAAEE8B8CD74093DFDB4C24589DA8.e.20104/click - {}
RESULT: {}
COMMAND: GET /session/2eef3865f9633c585bb33c6ac0c7be86/screenshot - {}
RESULT: {}
]]></system-out>
    </testcase>
    <testcase classname="chrome.136_0_7103_93.windows.Return_from_Site_w/_warehouse_management_w_clarification" name="Should do a return to site from the contracts screen in one step" time="217.402">
      <system-out><![CDATA[
RESULT: undefined
COMMAND: POST /session/2eef3865f9633c585bb33c6ac0c7be86/element - {"using":"xpath","value":"//*[@id=\"__tile130\"]"}
RESULT: {"using":"xpath","value":"//*[@id=\"__tile130\"]"}
COMMAND: POST /session/2eef3865f9633c585bb33c6ac0c7be86/element/f.38388B4EA542EE9F87EA90A6B1549037.d.79DEAAEE8B8CD74093DFDB4C24589DA8.e.16893/click - {}
RESULT: {}
COMMAND: GET /session/2eef3865f9633c585bb33c6ac0c7be86/screenshot - {}
RESULT: {}
COMMAND: POST /session/2eef3865f9633c585bb33c6ac0c7be86/elements - {"using":"xpath","value":"//span[text()='Error']"}
RESULT: {"using":"xpath","value":"//span[text()='Error']"}
COMMAND: POST /session/2eef3865f9633c585bb33c6ac0c7be86/element - {"using":"xpath","value":"//button[@data-kt=\"addButton\"]"}
RESULT: {"using":"xpath","value":"//button[@data-kt=\"addButton\"]"}
COMMAND: POST /session/2eef3865f9633c585bb33c6ac0c7be86/elements - {"using":"xpath","value":"//button[@data-kt=\"addButton\"]"}
RESULT: {"using":"xpath","value":"//button[@data-kt=\"addButton\"]"}
COMMAND: POST /session/2eef3865f9633c585bb33c6ac0c7be86/execute/sync - {"script":"<script> [8489 bytes]","args":[{"element-6066-11e4-a52e-4f735466cecf":"f.38388B4EA542EE9F87EA90A6B1549037.d.79DEAAEE8B8CD74093DFDB4C24589DA8.e.20413","ELEMENT":"f.38388B4EA542EE9F87EA90A6B1549037.d.79DEAAEE8B8CD74093DFDB4C24589DA8.e.20413"}]}
RESULT: {"script":"<script> [8489 bytes]","args":[{"element-6066-11e4-a52e-4f735466cecf":"f.38388B4EA542EE9F87EA90A6B1549037.d.79DEAAEE8B8CD74093DFDB4C24589DA8.e.20413","ELEMENT":"f.38388B4EA542EE9F87EA90A6B1549037.d.79DEAAEE8B8CD74093DFDB4C24589DA8.e.20413"}]}
COMMAND: GET /session/2eef3865f9633c585bb33c6ac0c7be86/element/f.38388B4EA542EE9F87EA90A6B1549037.d.79DEAAEE8B8CD74093DFDB4C24589DA8.e.20413/enabled - {}
COMMAND: GET /session/2eef3865f9633c585bb33c6ac0c7be86/screenshot - {}
RESULT: {}
COMMAND: POST /session/2eef3865f9633c585bb33c6ac0c7be86/execute/sync - {"script":"<script> [8489 bytes]","args":[{"element-6066-11e4-a52e-4f735466cecf":"f.38388B4EA542EE9F87EA90A6B1549037.d.79DEAAEE8B8CD74093DFDB4C24589DA8.e.20413","ELEMENT":"f.38388B4EA542EE9F87EA90A6B1549037.d.79DEAAEE8B8CD74093DFDB4C24589DA8.e.20413"}]}
COMMAND: GET /session/2eef3865f9633c585bb33c6ac0c7be86/screenshot - {}
RESULT: {}
RESULT: {"script":"<script> [8489 bytes]","args":[{"element-6066-11e4-a52e-4f735466cecf":"f.38388B4EA542EE9F87EA90A6B1549037.d.79DEAAEE8B8CD74093DFDB4C24589DA8.e.20413","ELEMENT":"f.38388B4EA542EE9F87EA90A6B1549037.d.79DEAAEE8B8CD74093DFDB4C24589DA8.e.20413"}]}
COMMAND: POST /session/2eef3865f9633c585bb33c6ac0c7be86/execute/sync - {"script":"<script> [5351 bytes]","args":[{"element-6066-11e4-a52e-4f735466cecf":"f.38388B4EA542EE9F87EA90A6B1549037.d.79DEAAEE8B8CD74093DFDB4C24589DA8.e.20413","ELEMENT":"f.38388B4EA542EE9F87EA90A6B1549037.d.79DEAAEE8B8CD74093DFDB4C24589DA8.e.20413"}]}
COMMAND: GET /session/2eef3865f9633c585bb33c6ac0c7be86/screenshot - {}
RESULT: {}
RESULT: {"script":"<script> [5351 bytes]","args":[{"element-6066-11e4-a52e-4f735466cecf":"f.38388B4EA542EE9F87EA90A6B1549037.d.79DEAAEE8B8CD74093DFDB4C24589DA8.e.20413","ELEMENT":"f.38388B4EA542EE9F87EA90A6B1549037.d.79DEAAEE8B8CD74093DFDB4C24589DA8.e.20413"}]}
COMMAND: GET /session/2eef3865f9633c585bb33c6ac0c7be86/screenshot - {}
RESULT: {}
RESULT: {}
COMMAND: POST /session/2eef3865f9633c585bb33c6ac0c7be86/element - {"using":"xpath","value":"//input[contains(@id ,\"smartContractFilterBar-btnBasicSearch-I\")]"}
RESULT: {"using":"xpath","value":"//input[contains(@id ,\"smartContractFilterBar-btnBasicSearch-I\")]"}
COMMAND: POST /session/2eef3865f9633c585bb33c6ac0c7be86/elements - {"using":"xpath","value":"//input[contains(@id ,\"smartContractFilterBar-btnBasicSearch-I\")]"}
RESULT: {"using":"xpath","value":"//input[contains(@id ,\"smartContractFilterBar-btnBasicSearch-I\")]"}
COMMAND: POST /session/2eef3865f9633c585bb33c6ac0c7be86/execute/sync - {"script":"<script> [8489 bytes]","args":[{"element-6066-11e4-a52e-4f735466cecf":"f.38388B4EA542EE9F87EA90A6B1549037.d.79DEAAEE8B8CD74093DFDB4C24589DA8.e.20377","ELEMENT":"f.38388B4EA542EE9F87EA90A6B1549037.d.79DEAAEE8B8CD74093DFDB4C24589DA8.e.20377"}]}
RESULT: {"script":"<script> [8489 bytes]","args":[{"element-6066-11e4-a52e-4f735466cecf":"f.38388B4EA542EE9F87EA90A6B1549037.d.79DEAAEE8B8CD74093DFDB4C24589DA8.e.20377","ELEMENT":"f.38388B4EA542EE9F87EA90A6B1549037.d.79DEAAEE8B8CD74093DFDB4C24589DA8.e.20377"}]}
COMMAND: GET /session/2eef3865f9633c585bb33c6ac0c7be86/element/f.38388B4EA542EE9F87EA90A6B1549037.d.79DEAAEE8B8CD74093DFDB4C24589DA8.e.20377/enabled - {}
COMMAND: GET /session/2eef3865f9633c585bb33c6ac0c7be86/screenshot - {}
RESULT: {}
COMMAND: POST /session/2eef3865f9633c585bb33c6ac0c7be86/element/f.38388B4EA542EE9F87EA90A6B1549037.d.79DEAAEE8B8CD74093DFDB4C24589DA8.e.20377/clear - {}
COMMAND: GET /session/2eef3865f9633c585bb33c6ac0c7be86/screenshot - {}
RESULT: {}
RESULT: {}
COMMAND: POST /session/2eef3865f9633c585bb33c6ac0c7be86/element/f.38388B4EA542EE9F87EA90A6B1549037.d.79DEAAEE8B8CD74093DFDB4C24589DA8.e.20377/value - {"text":"10211"}
COMMAND: GET /session/2eef3865f9633c585bb33c6ac0c7be86/screenshot - {}
RESULT: {}
RESULT: {"text":"10211"}
COMMAND: GET /session/2eef3865f9633c585bb33c6ac0c7be86/screenshot - {}
RESULT: {}
RESULT: {}
COMMAND: POST /session/2eef3865f9633c585bb33c6ac0c7be86/actions - {"actions":[{"id":"action63","type":"key","parameters":{},"actions":[{"type":"keyDown","value":""},{"type":"pause","duration":10},{"type":"keyUp","value":""}]}]}
RESULT: {"actions":[{"id":"action63","type":"key","parameters":{},"actions":[{"type":"keyDown","value":""},{"type":"pause","duration":10},{"type":"keyUp","value":""}]}]}
COMMAND: GET /session/2eef3865f9633c585bb33c6ac0c7be86/screenshot - {}
RESULT: {}
COMMAND: POST /session/2eef3865f9633c585bb33c6ac0c7be86/element - {"using":"xpath","value":"//span[contains(@id, \"masterListContractsSmartTable-header-inner\")]"}
RESULT: {"using":"xpath","value":"//span[contains(@id, \"masterListContractsSmartTable-header-inner\")]"}
COMMAND: POST /session/2eef3865f9633c585bb33c6ac0c7be86/elements - {"using":"xpath","value":"//span[contains(@id, \"masterListContractsSmartTable-header-inner\")]"}
RESULT: {"using":"xpath","value":"//span[contains(@id, \"masterListContractsSmartTable-header-inner\")]"}
COMMAND: POST /session/2eef3865f9633c585bb33c6ac0c7be86/execute/sync - {"script":"<script> [56 bytes]","args":[{"element-6066-11e4-a52e-4f735466cecf":"f.38388B4EA542EE9F87EA90A6B1549037.d.79DEAAEE8B8CD74093DFDB4C24589DA8.e.20481","ELEMENT":"f.38388B4EA542EE9F87EA90A6B1549037.d.79DEAAEE8B8CD74093DFDB4C24589DA8.e.20481"}]}
RESULT: {"script":"<script> [56 bytes]","args":[{"element-6066-11e4-a52e-4f735466cecf":"f.38388B4EA542EE9F87EA90A6B1549037.d.79DEAAEE8B8CD74093DFDB4C24589DA8.e.20481","ELEMENT":"f.38388B4EA542EE9F87EA90A6B1549037.d.79DEAAEE8B8CD74093DFDB4C24589DA8.e.20481"}]}
COMMAND: POST /session/2eef3865f9633c585bb33c6ac0c7be86/element - {"using":"xpath","value":"(//span[contains(@id, \"imgNav\")])[1]"}
COMMAND: GET /session/2eef3865f9633c585bb33c6ac0c7be86/screenshot - {}
RESULT: {"using":"xpath","value":"(//span[contains(@id, \"imgNav\")])[1]"}
COMMAND: POST /session/2eef3865f9633c585bb33c6ac0c7be86/element/f.38388B4EA542EE9F87EA90A6B1549037.d.79DEAAEE8B8CD74093DFDB4C24589DA8.e.20480/click - {}
RESULT: {}
RESULT: {}
COMMAND: GET /session/2eef3865f9633c585bb33c6ac0c7be86/screenshot - {}
RESULT: {}
COMMAND: POST /session/2eef3865f9633c585bb33c6ac0c7be86/element - {"using":"xpath","value":"//button[contains(@id, \"contractDetailReturnButton\")]"}
RESULT: {"using":"xpath","value":"//button[contains(@id, \"contractDetailReturnButton\")]"}
COMMAND: POST /session/2eef3865f9633c585bb33c6ac0c7be86/element/f.38388B4EA542EE9F87EA90A6B1549037.d.79DEAAEE8B8CD74093DFDB4C24589DA8.e.20563/click - {}
RESULT: {}
COMMAND: GET /session/2eef3865f9633c585bb33c6ac0c7be86/screenshot - {}
RESULT: {}
RESULT: undefined
COMMAND: POST /session/2eef3865f9633c585bb33c6ac0c7be86/execute/async - {"script":"<script> [6424 bytes]","args":[{"element-6066-11e4-a52e-4f735466cecf":"f.38388B4EA542EE9F87EA90A6B1549037.d.79DEAAEE8B8CD74093DFDB4C24589DA8.e.17974"},"setValue",["05/25/25"]]}
COMMAND: POST /session/2eef3865f9633c585bb33c6ac0c7be86/execute/async - {"script":"<script> [1562 bytes]","args":[{"selector":{"id":"application-managehandovers-display-component---AddNewHO--dueDate","interaction":{"idSuffix":"inner"}},"wdio_ui5_key":"applicationmanagehandovers-display-component---AddNewHO--dueDate"}]}
RESULT: {"script":"<script> [1562 bytes]","args":[{"selector":{"id":"application-managehandovers-display-component---AddNewHO--dueDate","interaction":{"idSuffix":"inner"}},"wdio_ui5_key":"applicationmanagehandovers-display-component---AddNewHO--dueDate"}]}
COMMAND: POST /session/2eef3865f9633c585bb33c6ac0c7be86/execute/async - {"script":"<script> [6424 bytes]","args":[{"element-6066-11e4-a52e-4f735466cecf":"f.38388B4EA542EE9F87EA90A6B1549037.d.79DEAAEE8B8CD74093DFDB4C24589DA8.e.20705"},"setValue",["05/25/25"]]}
RESULT: {"script":"<script> [6424 bytes]","args":[{"element-6066-11e4-a52e-4f735466cecf":"f.38388B4EA542EE9F87EA90A6B1549037.d.79DEAAEE8B8CD74093DFDB4C24589DA8.e.20705"},"setValue",["05/25/25"]]}
COMMAND: POST /session/2eef3865f9633c585bb33c6ac0c7be86/element - {"using":"xpath","value":"//bdi[contains(text(), \"Instructions\")]"}
RESULT: {"using":"xpath","value":"//bdi[contains(text(), \"Instructions\")]"}
COMMAND: POST /session/2eef3865f9633c585bb33c6ac0c7be86/element/f.38388B4EA542EE9F87EA90A6B1549037.d.79DEAAEE8B8CD74093DFDB4C24589DA8.e.20823/click - {}
RESULT: {}
COMMAND: GET /session/2eef3865f9633c585bb33c6ac0c7be86/screenshot - {}
RESULT: {}
COMMAND: POST /session/2eef3865f9633c585bb33c6ac0c7be86/element - {"using":"xpath","value":"//button[@data-kt=\"AddNewHOProvideAddItemsButton\"]"}
RESULT: {"using":"xpath","value":"//button[@data-kt=\"AddNewHOProvideAddItemsButton\"]"}
COMMAND: POST /session/2eef3865f9633c585bb33c6ac0c7be86/element/f.38388B4EA542EE9F87EA90A6B1549037.d.79DEAAEE8B8CD74093DFDB4C24589DA8.e.20827/click - {}
RESULT: {}
COMMAND: GET /session/2eef3865f9633c585bb33c6ac0c7be86/screenshot - {}
RESULT: {}
RESULT: undefined
COMMAND: POST /session/2eef3865f9633c585bb33c6ac0c7be86/element - {"using":"xpath","value":"//*[@id=\"application-managehandovers-display-component---AddNewHO--popup-sa\"]"}
RESULT: {"using":"xpath","value":"//*[@id=\"application-managehandovers-display-component---AddNewHO--popup-sa\"]"}
COMMAND: POST /session/2eef3865f9633c585bb33c6ac0c7be86/element/f.38388B4EA542EE9F87EA90A6B1549037.d.79DEAAEE8B8CD74093DFDB4C24589DA8.e.20842/click - {}
RESULT: {}
COMMAND: GET /session/2eef3865f9633c585bb33c6ac0c7be86/screenshot - {}
RESULT: {}
COMMAND: POST /session/2eef3865f9633c585bb33c6ac0c7be86/element - {"using":"xpath","value":"//*[contains(@id ,\"BDI-content\")][contains(text(), \"Select\")]"}
RESULT: {"using":"xpath","value":"//*[contains(@id ,\"BDI-content\")][contains(text(), \"Select\")]"}
COMMAND: POST /session/2eef3865f9633c585bb33c6ac0c7be86/element/f.38388B4EA542EE9F87EA90A6B1549037.d.79DEAAEE8B8CD74093DFDB4C24589DA8.e.20844/click - {}
RESULT: {}
COMMAND: GET /session/2eef3865f9633c585bb33c6ac0c7be86/screenshot - {}
RESULT: {}
COMMAND: POST /session/2eef3865f9633c585bb33c6ac0c7be86/element - {"using":"xpath","value":"//bdi[(text() = 'Save' or . = 'Save')]"}
RESULT: {"using":"xpath","value":"//bdi[(text() = 'Save' or . = 'Save')]"}
COMMAND: POST /session/2eef3865f9633c585bb33c6ac0c7be86/element/f.38388B4EA542EE9F87EA90A6B1549037.d.79DEAAEE8B8CD74093DFDB4C24589DA8.e.20852/click - {}
RESULT: {}
COMMAND: GET /session/2eef3865f9633c585bb33c6ac0c7be86/screenshot - {}
RESULT: {}
COMMAND: POST /session/2eef3865f9633c585bb33c6ac0c7be86/element - {"using":"xpath","value":"//a[@data-kt=\"execHoWhMovementLink\"]"}
RESULT: {"using":"xpath","value":"//a[@data-kt=\"execHoWhMovementLink\"]"}
COMMAND: POST /session/2eef3865f9633c585bb33c6ac0c7be86/element/f.38388B4EA542EE9F87EA90A6B1549037.d.79DEAAEE8B8CD74093DFDB4C24589DA8.e.20887/click - {}
RESULT: {}
COMMAND: GET /session/2eef3865f9633c585bb33c6ac0c7be86/screenshot - {}
RESULT: {}
COMMAND: POST /session/2eef3865f9633c585bb33c6ac0c7be86/element - {"using":"xpath","value":"(//div[contains(@class, \"sapMPopover\") and .//div[contains(@style, \"display: block\")]])[last()]//a"}
RESULT: {"using":"xpath","value":"(//div[contains(@class, \"sapMPopover\") and .//div[contains(@style, \"display: block\")]])[last()]//a"}
COMMAND: POST /session/2eef3865f9633c585bb33c6ac0c7be86/element/f.38388B4EA542EE9F87EA90A6B1549037.d.79DEAAEE8B8CD74093DFDB4C24589DA8.e.20891/click - {}
RESULT: {}
COMMAND: GET /session/2eef3865f9633c585bb33c6ac0c7be86/screenshot - {}
COMMAND: POST /session/2eef3865f9633c585bb33c6ac0c7be86/element - {"using":"xpath","value":"//button[@data-kt=\"executionButton\"]"}
RESULT: {}
RESULT: {"using":"xpath","value":"//button[@data-kt=\"executionButton\"]"}
COMMAND: POST /session/2eef3865f9633c585bb33c6ac0c7be86/element/f.38388B4EA542EE9F87EA90A6B1549037.d.79DEAAEE8B8CD74093DFDB4C24589DA8.e.21007/click - {}
RESULT: {}
COMMAND: GET /session/2eef3865f9633c585bb33c6ac0c7be86/screenshot - {}
RESULT: {}
COMMAND: POST /session/2eef3865f9633c585bb33c6ac0c7be86/element - {"using":"xpath","value":"//button[contains(@id,\"executeMovement--itemsSection-anchor\")]"}
RESULT: {"using":"xpath","value":"//button[contains(@id,\"executeMovement--itemsSection-anchor\")]"}
COMMAND: POST /session/2eef3865f9633c585bb33c6ac0c7be86/element/f.38388B4EA542EE9F87EA90A6B1549037.d.79DEAAEE8B8CD74093DFDB4C24589DA8.e.21106/click - {}
RESULT: {}
COMMAND: GET /session/2eef3865f9633c585bb33c6ac0c7be86/screenshot - {}
RESULT: {}
COMMAND: POST /session/2eef3865f9633c585bb33c6ac0c7be86/element - {"using":"xpath","value":"//table[contains(@id,\"executeMovement--movementItemsTbl-listUl\")]/tbody/tr[1]/td[2]/button"}
RESULT: {"using":"xpath","value":"//table[contains(@id,\"executeMovement--movementItemsTbl-listUl\")]/tbody/tr[1]/td[2]/button"}
COMMAND: POST /session/2eef3865f9633c585bb33c6ac0c7be86/element/f.38388B4EA542EE9F87EA90A6B1549037.d.79DEAAEE8B8CD74093DFDB4C24589DA8.e.21085/click - {}
RESULT: {}
COMMAND: GET /session/2eef3865f9633c585bb33c6ac0c7be86/screenshot - {}
RESULT: {}
COMMAND: POST /session/2eef3865f9633c585bb33c6ac0c7be86/element - {"using":"xpath","value":"//table[contains(@id,\"executeMovement--movementItemsTbl-listUl\")]/tbody/tr[1]/td[2]/button"}
RESULT: {"using":"xpath","value":"//table[contains(@id,\"executeMovement--movementItemsTbl-listUl\")]/tbody/tr[1]/td[2]/button"}
COMMAND: POST /session/2eef3865f9633c585bb33c6ac0c7be86/element/f.38388B4EA542EE9F87EA90A6B1549037.d.79DEAAEE8B8CD74093DFDB4C24589DA8.e.21085/click - {}
RESULT: {}
COMMAND: GET /session/2eef3865f9633c585bb33c6ac0c7be86/screenshot - {}
RESULT: {}
COMMAND: POST /session/2eef3865f9633c585bb33c6ac0c7be86/element - {"using":"xpath","value":"//section[contains(@id,\"FC-NoHead\")]/div[1]/div[5]/div[2]/span"}
RESULT: {"using":"xpath","value":"//section[contains(@id,\"FC-NoHead\")]/div[1]/div[5]/div[2]/span"}
COMMAND: POST /session/2eef3865f9633c585bb33c6ac0c7be86/elements - {"using":"xpath","value":"//section[contains(@id,\"FC-NoHead\")]/div[1]/div[5]/div[2]/span"}
RESULT: {"using":"xpath","value":"//section[contains(@id,\"FC-NoHead\")]/div[1]/div[5]/div[2]/span"}
COMMAND: POST /session/2eef3865f9633c585bb33c6ac0c7be86/execute/sync - {"script":"<script> [56 bytes]","args":[{"element-6066-11e4-a52e-4f735466cecf":"f.38388B4EA542EE9F87EA90A6B1549037.d.79DEAAEE8B8CD74093DFDB4C24589DA8.e.21112","ELEMENT":"f.38388B4EA542EE9F87EA90A6B1549037.d.79DEAAEE8B8CD74093DFDB4C24589DA8.e.21112"}]}
RESULT: {"script":"<script> [56 bytes]","args":[{"element-6066-11e4-a52e-4f735466cecf":"f.38388B4EA542EE9F87EA90A6B1549037.d.79DEAAEE8B8CD74093DFDB4C24589DA8.e.21112","ELEMENT":"f.38388B4EA542EE9F87EA90A6B1549037.d.79DEAAEE8B8CD74093DFDB4C24589DA8.e.21112"}]}
COMMAND: POST /session/2eef3865f9633c585bb33c6ac0c7be86/actions - {"actions":[{"id":"action64","type":"key","parameters":{},"actions":[{"type":"keyDown","value":""},{"type":"pause","duration":10},{"type":"keyUp","value":""}]}]}
COMMAND: GET /session/2eef3865f9633c585bb33c6ac0c7be86/screenshot - {}
RESULT: {"actions":[{"id":"action64","type":"key","parameters":{},"actions":[{"type":"keyDown","value":""},{"type":"pause","duration":10},{"type":"keyUp","value":""}]}]}
COMMAND: POST /session/2eef3865f9633c585bb33c6ac0c7be86/element - {"using":"xpath","value":"//button[contains(@id,\"executeMovement--executeId\")]"}
COMMAND: GET /session/2eef3865f9633c585bb33c6ac0c7be86/screenshot - {}
RESULT: {}
RESULT: {"using":"xpath","value":"//button[contains(@id,\"executeMovement--executeId\")]"}
COMMAND: POST /session/2eef3865f9633c585bb33c6ac0c7be86/element/f.38388B4EA542EE9F87EA90A6B1549037.d.79DEAAEE8B8CD74093DFDB4C24589DA8.e.21079/click - {}
RESULT: {}
RESULT: {}
COMMAND: GET /session/2eef3865f9633c585bb33c6ac0c7be86/screenshot - {}
RESULT: {}
COMMAND: POST /session/2eef3865f9633c585bb33c6ac0c7be86/element - {"using":"css selector","value":"#shell-header-logo"}
RESULT: {"using":"css selector","value":"#shell-header-logo"}
COMMAND: POST /session/2eef3865f9633c585bb33c6ac0c7be86/element/f.38388B4EA542EE9F87EA90A6B1549037.d.79DEAAEE8B8CD74093DFDB4C24589DA8.e.20368/click - {}
RESULT: {}
COMMAND: GET /session/2eef3865f9633c585bb33c6ac0c7be86/screenshot - {}
RESULT: {}
RESULT: undefined
COMMAND: POST /session/2eef3865f9633c585bb33c6ac0c7be86/element - {"using":"xpath","value":"//*[@id=\"__tile132\"]"}
RESULT: {"using":"xpath","value":"//*[@id=\"__tile132\"]"}
COMMAND: POST /session/2eef3865f9633c585bb33c6ac0c7be86/element/f.38388B4EA542EE9F87EA90A6B1549037.d.79DEAAEE8B8CD74093DFDB4C24589DA8.e.16965/click - {}
RESULT: {}
COMMAND: GET /session/2eef3865f9633c585bb33c6ac0c7be86/screenshot - {}
RESULT: {}
COMMAND: POST /session/2eef3865f9633c585bb33c6ac0c7be86/elements - {"using":"xpath","value":"//span[text()='Error']"}
RESULT: {"using":"xpath","value":"//span[text()='Error']"}
RESULT: undefined
COMMAND: POST /session/2eef3865f9633c585bb33c6ac0c7be86/execute/async - {"script":"<script> [776 bytes]","args":[{"enterText":"30432","selector":{"controlType":"sap.m.SearchField","viewName":"etm.portal.ui.managehandovers.view.MasterHO","bindingPath":{"propertyPath":"/_BASIC_SEARCH_FIELD","modelName":"fi1t3rM0d31"},"interaction":{"idSuffix":"I"}},"clearTextFirst":true,"interactionType":"ENTER_TEXT"}]}
RESULT: {"script":"<script> [776 bytes]","args":[{"enterText":"30432","selector":{"controlType":"sap.m.SearchField","viewName":"etm.portal.ui.managehandovers.view.MasterHO","bindingPath":{"propertyPath":"/_BASIC_SEARCH_FIELD","modelName":"fi1t3rM0d31"},"interaction":{"idSuffix":"I"}},"clearTextFirst":true,"interactionType":"ENTER_TEXT"}]}
COMMAND: POST /session/2eef3865f9633c585bb33c6ac0c7be86/actions - {"actions":[{"id":"action65","type":"key","parameters":{},"actions":[{"type":"keyDown","value":""},{"type":"pause","duration":10},{"type":"keyUp","value":""}]}]}
RESULT: {"actions":[{"id":"action65","type":"key","parameters":{},"actions":[{"type":"keyDown","value":""},{"type":"pause","duration":10},{"type":"keyUp","value":""}]}]}
COMMAND: GET /session/2eef3865f9633c585bb33c6ac0c7be86/screenshot - {}
RESULT: {}
COMMAND: POST /session/2eef3865f9633c585bb33c6ac0c7be86/element - {"using":"xpath","value":"(//span[contains(@id, \"imgNav\")])[1]"}
RESULT: {"using":"xpath","value":"(//span[contains(@id, \"imgNav\")])[1]"}
COMMAND: POST /session/2eef3865f9633c585bb33c6ac0c7be86/element/f.38388B4EA542EE9F87EA90A6B1549037.d.79DEAAEE8B8CD74093DFDB4C24589DA8.e.21495/click - {}
RESULT: {}
COMMAND: GET /session/2eef3865f9633c585bb33c6ac0c7be86/screenshot - {}
RESULT: {}
COMMAND: POST /session/2eef3865f9633c585bb33c6ac0c7be86/element - {"using":"xpath","value":"//button[@data-kt=\"IssuingTableConfirmAllButton\"]"}
RESULT: {"using":"xpath","value":"//button[@data-kt=\"IssuingTableConfirmAllButton\"]"}
COMMAND: POST /session/2eef3865f9633c585bb33c6ac0c7be86/element/f.38388B4EA542EE9F87EA90A6B1549037.d.79DEAAEE8B8CD74093DFDB4C24589DA8.e.21592/click - {}
RESULT: {}
COMMAND: GET /session/2eef3865f9633c585bb33c6ac0c7be86/screenshot - {}
RESULT: {}
COMMAND: POST /session/2eef3865f9633c585bb33c6ac0c7be86/element - {"using":"xpath","value":"//bdi[contains(text(), \"OK\")]"}
RESULT: {"using":"xpath","value":"//bdi[contains(text(), \"OK\")]"}
COMMAND: POST /session/2eef3865f9633c585bb33c6ac0c7be86/element/f.38388B4EA542EE9F87EA90A6B1549037.d.79DEAAEE8B8CD74093DFDB4C24589DA8.e.21602/click - {}
RESULT: {}
COMMAND: GET /session/2eef3865f9633c585bb33c6ac0c7be86/screenshot - {}
RESULT: {}
COMMAND: POST /session/2eef3865f9633c585bb33c6ac0c7be86/element - {"using":"xpath","value":"//button[@data-kt=\"execHoIssueButton\"]"}
RESULT: {"using":"xpath","value":"//button[@data-kt=\"execHoIssueButton\"]"}
COMMAND: POST /session/2eef3865f9633c585bb33c6ac0c7be86/element/f.38388B4EA542EE9F87EA90A6B1549037.d.79DEAAEE8B8CD74093DFDB4C24589DA8.e.21603/click - {}
RESULT: {}
COMMAND: GET /session/2eef3865f9633c585bb33c6ac0c7be86/screenshot - {}
RESULT: {}
RESULT: undefined
COMMAND: POST /session/2eef3865f9633c585bb33c6ac0c7be86/execute/async - {"script":"<script> [776 bytes]","args":[{"enterText":"30432","selector":{"controlType":"sap.m.SearchField","viewName":"etm.portal.ui.managehandovers.view.MasterHO","bindingPath":{"propertyPath":"/_BASIC_SEARCH_FIELD","modelName":"fi1t3rM0d31"},"interaction":{"idSuffix":"I"}},"clearTextFirst":true,"interactionType":"ENTER_TEXT"}]}
RESULT: {"script":"<script> [776 bytes]","args":[{"enterText":"30432","selector":{"controlType":"sap.m.SearchField","viewName":"etm.portal.ui.managehandovers.view.MasterHO","bindingPath":{"propertyPath":"/_BASIC_SEARCH_FIELD","modelName":"fi1t3rM0d31"},"interaction":{"idSuffix":"I"}},"clearTextFirst":true,"interactionType":"ENTER_TEXT"}]}
COMMAND: POST /session/2eef3865f9633c585bb33c6ac0c7be86/actions - {"actions":[{"id":"action66","type":"key","parameters":{},"actions":[{"type":"keyDown","value":""},{"type":"pause","duration":10},{"type":"keyUp","value":""}]}]}
RESULT: {"actions":[{"id":"action66","type":"key","parameters":{},"actions":[{"type":"keyDown","value":""},{"type":"pause","duration":10},{"type":"keyUp","value":""}]}]}
COMMAND: GET /session/2eef3865f9633c585bb33c6ac0c7be86/screenshot - {}
RESULT: {}
COMMAND: POST /session/2eef3865f9633c585bb33c6ac0c7be86/element - {"using":"xpath","value":"(//span[contains(@id, \"imgNav\")])[1]"}
RESULT: {"using":"xpath","value":"(//span[contains(@id, \"imgNav\")])[1]"}
COMMAND: POST /session/2eef3865f9633c585bb33c6ac0c7be86/element/f.38388B4EA542EE9F87EA90A6B1549037.d.79DEAAEE8B8CD74093DFDB4C24589DA8.e.21648/click - {}
RESULT: {}
COMMAND: GET /session/2eef3865f9633c585bb33c6ac0c7be86/screenshot - {}
RESULT: {}
COMMAND: POST /session/2eef3865f9633c585bb33c6ac0c7be86/execute/async - {"script":"<script> [1562 bytes]","args":[{"selector":{"id":"application-managehandovers-display-component---detailManageHO--completedItemsTableTitle"},"wdio_ui5_key":"applicationmanagehandovers-display-component---detailManageHO--completedItemsTableTitle"}]}
RESULT: {"script":"<script> [1562 bytes]","args":[{"selector":{"id":"application-managehandovers-display-component---detailManageHO--completedItemsTableTitle"},"wdio_ui5_key":"applicationmanagehandovers-display-component---detailManageHO--completedItemsTableTitle"}]}
RESULT: undefined
COMMAND: POST /session/2eef3865f9633c585bb33c6ac0c7be86/execute/async - {"script":"<script> [6424 bytes]","args":[{"element-6066-11e4-a52e-4f735466cecf":"f.38388B4EA542EE9F87EA90A6B1549037.d.79DEAAEE8B8CD74093DFDB4C24589DA8.e.21692"},"getText",[]]}
RESULT: {"script":"<script> [6424 bytes]","args":[{"element-6066-11e4-a52e-4f735466cecf":"f.38388B4EA542EE9F87EA90A6B1549037.d.79DEAAEE8B8CD74093DFDB4C24589DA8.e.21692"},"getText",[]]}
COMMAND: POST /session/2eef3865f9633c585bb33c6ac0c7be86/element - {"using":"xpath","value":"//div[contains(@id, \"detailManageHO--headerContentForm--FC-NoHead-content\")]/div[4]/div[2]/div/span"}
RESULT: {"using":"xpath","value":"//div[contains(@id, \"detailManageHO--headerContentForm--FC-NoHead-content\")]/div[4]/div[2]/div/span"}
COMMAND: POST /session/2eef3865f9633c585bb33c6ac0c7be86/execute/sync - {"script":"<script> [56 bytes]","args":[{"element-6066-11e4-a52e-4f735466cecf":"f.38388B4EA542EE9F87EA90A6B1549037.d.79DEAAEE8B8CD74093DFDB4C24589DA8.e.21693","ELEMENT":"f.38388B4EA542EE9F87EA90A6B1549037.d.79DEAAEE8B8CD74093DFDB4C24589DA8.e.21693"}]}
RESULT: {"script":"<script> [56 bytes]","args":[{"element-6066-11e4-a52e-4f735466cecf":"f.38388B4EA542EE9F87EA90A6B1549037.d.79DEAAEE8B8CD74093DFDB4C24589DA8.e.21693","ELEMENT":"f.38388B4EA542EE9F87EA90A6B1549037.d.79DEAAEE8B8CD74093DFDB4C24589DA8.e.21693"}]}
COMMAND: GET /session/2eef3865f9633c585bb33c6ac0c7be86/screenshot - {}
RESULT: {}
COMMAND: POST /session/2eef3865f9633c585bb33c6ac0c7be86/element - {"using":"css selector","value":"#shell-header-logo"}
RESULT: {"using":"css selector","value":"#shell-header-logo"}
COMMAND: POST /session/2eef3865f9633c585bb33c6ac0c7be86/element/f.38388B4EA542EE9F87EA90A6B1549037.d.79DEAAEE8B8CD74093DFDB4C24589DA8.e.21177/click - {}
RESULT: {}
COMMAND: GET /session/2eef3865f9633c585bb33c6ac0c7be86/screenshot - {}
RESULT: {}
COMMAND: POST /session/2eef3865f9633c585bb33c6ac0c7be86/element - {"using":"css selector","value":"#j_username"}
COMMAND: POST /session/2eef3865f9633c585bb33c6ac0c7be86/url - {"url":"https://qa-testing-00-live-etm-ui.cfapps.eu10-004.hana.ondemand.com/"}
RESULT: {"using":"css selector","value":"#j_username"}
COMMAND: POST /session/2eef3865f9633c585bb33c6ac0c7be86/element - {"using":"css selector","value":"#j_username"}
RESULT: {"url":"https://qa-testing-00-live-etm-ui.cfapps.eu10-004.hana.ondemand.com/"}
RESULT: undefined
COMMAND: GET /session/2eef3865f9633c585bb33c6ac0c7be86/screenshot - {}
RESULT: {"using":"css selector","value":"#j_username"}
COMMAND: POST /session/2eef3865f9633c585bb33c6ac0c7be86/element - {"using":"css selector","value":"#shell-header-logo"}
RESULT: {}
RESULT: {"using":"css selector","value":"#shell-header-logo"}
COMMAND: POST /session/2eef3865f9633c585bb33c6ac0c7be86/execute/sync - {"script":"<script> [8489 bytes]","args":[{"element-6066-11e4-a52e-4f735466cecf":"f.38388B4EA542EE9F87EA90A6B1549037.d.C6F7C8145FDC0EDE6929B8529D8A8D50.e.21710","ELEMENT":"f.38388B4EA542EE9F87EA90A6B1549037.d.C6F7C8145FDC0EDE6929B8529D8A8D50.e.21710"}]}
RESULT: {"script":"<script> [8489 bytes]","args":[{"element-6066-11e4-a52e-4f735466cecf":"f.38388B4EA542EE9F87EA90A6B1549037.d.C6F7C8145FDC0EDE6929B8529D8A8D50.e.21710","ELEMENT":"f.38388B4EA542EE9F87EA90A6B1549037.d.C6F7C8145FDC0EDE6929B8529D8A8D50.e.21710"}]}
COMMAND: POST /session/2eef3865f9633c585bb33c6ac0c7be86/element - {"using":"css selector","value":"#shell-header-logo"}
COMMAND: GET /session/2eef3865f9633c585bb33c6ac0c7be86/screenshot - {}
RESULT: {"using":"css selector","value":"#shell-header-logo"}
COMMAND: POST /session/2eef3865f9633c585bb33c6ac0c7be86/execute/sync - {"script":"<script> [8489 bytes]","args":[{"element-6066-11e4-a52e-4f735466cecf":"f.38388B4EA542EE9F87EA90A6B1549037.d.C6F7C8145FDC0EDE6929B8529D8A8D50.e.21710","ELEMENT":"f.38388B4EA542EE9F87EA90A6B1549037.d.C6F7C8145FDC0EDE6929B8529D8A8D50.e.21710"}]}
RESULT: {}
RESULT: {"script":"<script> [8489 bytes]","args":[{"element-6066-11e4-a52e-4f735466cecf":"f.38388B4EA542EE9F87EA90A6B1549037.d.C6F7C8145FDC0EDE6929B8529D8A8D50.e.21710","ELEMENT":"f.38388B4EA542EE9F87EA90A6B1549037.d.C6F7C8145FDC0EDE6929B8529D8A8D50.e.21710"}]}
COMMAND: POST /session/2eef3865f9633c585bb33c6ac0c7be86/execute/sync - {"script":"<script> [5351 bytes]","args":[{"element-6066-11e4-a52e-4f735466cecf":"f.38388B4EA542EE9F87EA90A6B1549037.d.C6F7C8145FDC0EDE6929B8529D8A8D50.e.21710","ELEMENT":"f.38388B4EA542EE9F87EA90A6B1549037.d.C6F7C8145FDC0EDE6929B8529D8A8D50.e.21710"}]}
COMMAND: GET /session/2eef3865f9633c585bb33c6ac0c7be86/screenshot - {}
RESULT: {"script":"<script> [5351 bytes]","args":[{"element-6066-11e4-a52e-4f735466cecf":"f.38388B4EA542EE9F87EA90A6B1549037.d.C6F7C8145FDC0EDE6929B8529D8A8D50.e.21710","ELEMENT":"f.38388B4EA542EE9F87EA90A6B1549037.d.C6F7C8145FDC0EDE6929B8529D8A8D50.e.21710"}]}
COMMAND: POST /session/2eef3865f9633c585bb33c6ac0c7be86/element - {"using":"css selector","value":"#shell-header-logo"}
COMMAND: GET /session/2eef3865f9633c585bb33c6ac0c7be86/screenshot - {}
RESULT: {}
RESULT: {"using":"css selector","value":"#shell-header-logo"}
COMMAND: POST /session/2eef3865f9633c585bb33c6ac0c7be86/element/f.38388B4EA542EE9F87EA90A6B1549037.d.C6F7C8145FDC0EDE6929B8529D8A8D50.e.21710/click - {}
RESULT: {}
RESULT: {}
COMMAND: GET /session/2eef3865f9633c585bb33c6ac0c7be86/screenshot - {}
RESULT: {}
COMMAND: POST /session/2eef3865f9633c585bb33c6ac0c7be86/execute/async - {"script":"<script> [189 bytes]","args":[]}
RESULT: {"script":"<script> [189 bytes]","args":[]}
COMMAND: POST /session/2eef3865f9633c585bb33c6ac0c7be86/execute/async - {"script":"<script> [123 bytes]","args":[]}
RESULT: {"script":"<script> [123 bytes]","args":[]}
COMMAND: POST /session/2eef3865f9633c585bb33c6ac0c7be86/timeouts - {"script":"<number>"}
RESULT: {"script":"<number>"}
COMMAND: GET /session/2eef3865f9633c585bb33c6ac0c7be86/timeouts - {}
RESULT: {}
RESULT: undefined
COMMAND: POST /session/2eef3865f9633c585bb33c6ac0c7be86/execute/async - {"script":"<script> [2676 bytes]","args":[]}
RESULT: {"script":"<script> [2676 bytes]","args":[]}
COMMAND: POST /session/2eef3865f9633c585bb33c6ac0c7be86/execute/async - {"script":"<script> [2342 bytes]","args":[{"protocol":"http","hostname":"0.0.0.0","path":"/","capabilities":{"browserName":"chrome","goog:chromeOptions":{"binary":"C:\\Program Files\\Google\\Chrome\\Application\\chrome.exe","args":["--start-maximized"]}},"logLevel":"warn","connectionRetryTimeout":120000,"connectionRetryCount":3,"logLevels":{},"enableDirectConnect":true,"strictSSL":true,"_":"65 more keys: [\"cacheDir\",\"port\",\"requestedCapabilities\",\"automationProtocol\",\"baseUrl\",\"waitforInterval\",\"waitforTimeout\",\"onReload\",\"beforeCommand\",\"afterCommand\",\"rootDir\",\"specs\",\"suites\",\"exclude\",\"groupLogsByTestSpec\",\"excludeDriverLogs\",\"bail\",\"framework\",\"reporters\",\"services\",\"maxInstances\",\"maxInstancesPerCapability\",\"injectGlobals\",\"filesToWatch\",\"execArgv\",\"runnerEnv\",\"runner\",\"shard\",\"specFileRetries\",\"specFileRetriesDelay\",\"specFileRetriesDeferred\",\"reporterSyncInterval\",\"reporterSyncTimeout\",\"cucumberFeaturesWithLineNumbers\",\"autoCompileOpts\",\"mochaOpts\",\"jasmineOpts\",\"cucumberOpts\",\"onPrepare\",\"onWorkerStart\",\"onWorkerEnd\",\"before\",\"beforeSession\",\"beforeSuite\",\"beforeHook\",\"beforeTest\",\"afterTest\",\"afterHook\",\"afterSuite\",\"afterSession\",\"after\",\"onComplete\",\"beforeAssertion\",\"afterAssertion\",\"beforeFeature\",\"beforeScenario\",\"beforeStep\",\"afterStep\",\"afterScenario\",\"afterFeature\",\"_\",\"suite\",\"$0\",\"ignoredWorkerServices\",\"wdi5\"]"}]}
RESULT: {"script":"<script> [2342 bytes]","args":[{"protocol":"http","hostname":"0.0.0.0","path":"/","capabilities":{"browserName":"chrome","goog:chromeOptions":{"binary":"C:\\Program Files\\Google\\Chrome\\Application\\chrome.exe","args":["--start-maximized"]}},"logLevel":"warn","connectionRetryTimeout":120000,"connectionRetryCount":3,"logLevels":{},"enableDirectConnect":true,"strictSSL":true,"_":"65 more keys: [\"cacheDir\",\"port\",\"requestedCapabilities\",\"automationProtocol\",\"baseUrl\",\"waitforInterval\",\"waitforTimeout\",\"onReload\",\"beforeCommand\",\"afterCommand\",\"rootDir\",\"specs\",\"suites\",\"exclude\",\"groupLogsByTestSpec\",\"excludeDriverLogs\",\"bail\",\"framework\",\"reporters\",\"services\",\"maxInstances\",\"maxInstancesPerCapability\",\"injectGlobals\",\"filesToWatch\",\"execArgv\",\"runnerEnv\",\"runner\",\"shard\",\"specFileRetries\",\"specFileRetriesDelay\",\"specFileRetriesDeferred\",\"reporterSyncInterval\",\"reporterSyncTimeout\",\"cucumberFeaturesWithLineNumbers\",\"autoCompileOpts\",\"mochaOpts\",\"jasmineOpts\",\"cucumberOpts\",\"onPrepare\",\"onWorkerStart\",\"onWorkerEnd\",\"before\",\"beforeSession\",\"beforeSuite\",\"beforeHook\",\"beforeTest\",\"afterTest\",\"afterHook\",\"afterSuite\",\"afterSession\",\"after\",\"onComplete\",\"beforeAssertion\",\"afterAssertion\",\"beforeFeature\",\"beforeScenario\",\"beforeStep\",\"afterStep\",\"afterScenario\",\"afterFeature\",\"_\",\"suite\",\"$0\",\"ignoredWorkerServices\",\"wdi5\"]"}]}
COMMAND: POST /session/2eef3865f9633c585bb33c6ac0c7be86/execute/async - {"script":"<script> [21126 bytes]","args":[35000]}
RESULT: {"script":"<script> [21126 bytes]","args":[35000]}
COMMAND: POST /session/2eef3865f9633c585bb33c6ac0c7be86/window/maximize - {}
RESULT: {}
COMMAND: POST /session/2eef3865f9633c585bb33c6ac0c7be86/execute/async - {"script":"<script> [1562 bytes]","args":[{"selector":{"id":"shell-header","interaction":{"idSuffix":"icon"}},"wdio_ui5_key":"shellheader"}]}
COMMAND: GET /session/2eef3865f9633c585bb33c6ac0c7be86/screenshot - {}
RESULT: {"script":"<script> [1562 bytes]","args":[{"selector":{"id":"shell-header","interaction":{"idSuffix":"icon"}},"wdio_ui5_key":"shellheader"}]}
RESULT: undefined
COMMAND: POST /session/2eef3865f9633c585bb33c6ac0c7be86/window/fullscreen - {}
RESULT: {}
RESULT: {}
]]></system-out>
    </testcase>
  </testsuite>
  <testsuite timestamp="2025-05-25T17:23:46" time="439.474" tests="9" failures="0" errors="0" skipped="0">
    <properties>
      <property name="specId" value="0"/>
      <property name="suiteName" value="Create masterdata for Yard Overview - trigger provide US130988"/>
      <property name="capabilities" value="chrome.136_0_7103_93.windows"/>
      <property name="file" value="file:///D:/a/1/s/test/specs/HTR/stock-decrease.spec.js"/>
    </properties>
    <testcase classname="chrome.136_0_7103_93.windows.Create_masterdata_for_Yard_Overview_-_trigger_provide_US130988" name="Should create a new WHM yard" time="0.041">
      <system-out><![CDATA[
COMMAND: POST /session/2eef3865f9633c585bb33c6ac0c7be86/window/fullscreen - {}
RESULT: {}
]]></system-out>
    </testcase>
    <testcase classname="chrome.136_0_7103_93.windows.Create_masterdata_for_Yard_Overview_-_trigger_provide_US130988" name="Should create a new partner" time="0.012"/>
    <testcase classname="chrome.136_0_7103_93.windows.Create_masterdata_for_Yard_Overview_-_trigger_provide_US130988" name="Should create a new site" time="0.004"/>
    <testcase classname="chrome.136_0_7103_93.windows.Create_masterdata_for_Yard_Overview_-_trigger_provide_US130988" name="Should create a new material" time="131.3">
      <system-out><![CDATA[
COMMAND: POST /session/2eef3865f9633c585bb33c6ac0c7be86/execute/async - {"script":"<script> [1562 bytes]","args":[{"selector":{"controlType":"sap.m.GenericTile","properties":{"header":"Manage Resources"}},"wdio_ui5_key":"sapm.GenericTile{\"header\":\"Manage Resources\"}"}]}
RESULT: {"script":"<script> [1562 bytes]","args":[{"selector":{"controlType":"sap.m.GenericTile","properties":{"header":"Manage Resources"}},"wdio_ui5_key":"sapm.GenericTile{\"header\":\"Manage Resources\"}"}]}
RESULT: undefined
COMMAND: POST /session/2eef3865f9633c585bb33c6ac0c7be86/element - {"using":"xpath","value":"//*[@id=\"__tile31\"]"}
RESULT: {"using":"xpath","value":"//*[@id=\"__tile31\"]"}
COMMAND: POST /session/2eef3865f9633c585bb33c6ac0c7be86/element/f.38388B4EA542EE9F87EA90A6B1549037.d.C6F7C8145FDC0EDE6929B8529D8A8D50.e.21727/click - {}
RESULT: {}
COMMAND: GET /session/2eef3865f9633c585bb33c6ac0c7be86/screenshot - {}
COMMAND: POST /session/2eef3865f9633c585bb33c6ac0c7be86/elements - {"using":"xpath","value":"//span[text()='Error']"}
RESULT: {}
RESULT: {"using":"xpath","value":"//span[text()='Error']"}
COMMAND: POST /session/2eef3865f9633c585bb33c6ac0c7be86/element - {"using":"xpath","value":"//button[@data-kt=\"addNewRUOverflowToolbarButton\"]"}
RESULT: {"using":"xpath","value":"//button[@data-kt=\"addNewRUOverflowToolbarButton\"]"}
COMMAND: POST /session/2eef3865f9633c585bb33c6ac0c7be86/elements - {"using":"xpath","value":"//button[@data-kt=\"addNewRUOverflowToolbarButton\"]"}
RESULT: {"using":"xpath","value":"//button[@data-kt=\"addNewRUOverflowToolbarButton\"]"}
COMMAND: POST /session/2eef3865f9633c585bb33c6ac0c7be86/execute/sync - {"script":"<script> [8489 bytes]","args":[{"element-6066-11e4-a52e-4f735466cecf":"f.38388B4EA542EE9F87EA90A6B1549037.d.C6F7C8145FDC0EDE6929B8529D8A8D50.e.21868","ELEMENT":"f.38388B4EA542EE9F87EA90A6B1549037.d.C6F7C8145FDC0EDE6929B8529D8A8D50.e.21868"}]}
RESULT: {"script":"<script> [8489 bytes]","args":[{"element-6066-11e4-a52e-4f735466cecf":"f.38388B4EA542EE9F87EA90A6B1549037.d.C6F7C8145FDC0EDE6929B8529D8A8D50.e.21868","ELEMENT":"f.38388B4EA542EE9F87EA90A6B1549037.d.C6F7C8145FDC0EDE6929B8529D8A8D50.e.21868"}]}
COMMAND: GET /session/2eef3865f9633c585bb33c6ac0c7be86/element/f.38388B4EA542EE9F87EA90A6B1549037.d.C6F7C8145FDC0EDE6929B8529D8A8D50.e.21868/enabled - {}
COMMAND: GET /session/2eef3865f9633c585bb33c6ac0c7be86/screenshot - {}
RESULT: {}
COMMAND: POST /session/2eef3865f9633c585bb33c6ac0c7be86/execute/sync - {"script":"<script> [8489 bytes]","args":[{"element-6066-11e4-a52e-4f735466cecf":"f.38388B4EA542EE9F87EA90A6B1549037.d.C6F7C8145FDC0EDE6929B8529D8A8D50.e.21868","ELEMENT":"f.38388B4EA542EE9F87EA90A6B1549037.d.C6F7C8145FDC0EDE6929B8529D8A8D50.e.21868"}]}
COMMAND: GET /session/2eef3865f9633c585bb33c6ac0c7be86/screenshot - {}
RESULT: {}
RESULT: {"script":"<script> [8489 bytes]","args":[{"element-6066-11e4-a52e-4f735466cecf":"f.38388B4EA542EE9F87EA90A6B1549037.d.C6F7C8145FDC0EDE6929B8529D8A8D50.e.21868","ELEMENT":"f.38388B4EA542EE9F87EA90A6B1549037.d.C6F7C8145FDC0EDE6929B8529D8A8D50.e.21868"}]}
COMMAND: POST /session/2eef3865f9633c585bb33c6ac0c7be86/execute/sync - {"script":"<script> [5351 bytes]","args":[{"element-6066-11e4-a52e-4f735466cecf":"f.38388B4EA542EE9F87EA90A6B1549037.d.C6F7C8145FDC0EDE6929B8529D8A8D50.e.21868","ELEMENT":"f.38388B4EA542EE9F87EA90A6B1549037.d.C6F7C8145FDC0EDE6929B8529D8A8D50.e.21868"}]}
COMMAND: GET /session/2eef3865f9633c585bb33c6ac0c7be86/screenshot - {}
RESULT: {}
RESULT: {"script":"<script> [5351 bytes]","args":[{"element-6066-11e4-a52e-4f735466cecf":"f.38388B4EA542EE9F87EA90A6B1549037.d.C6F7C8145FDC0EDE6929B8529D8A8D50.e.21868","ELEMENT":"f.38388B4EA542EE9F87EA90A6B1549037.d.C6F7C8145FDC0EDE6929B8529D8A8D50.e.21868"}]}
COMMAND: POST /session/2eef3865f9633c585bb33c6ac0c7be86/element/f.38388B4EA542EE9F87EA90A6B1549037.d.C6F7C8145FDC0EDE6929B8529D8A8D50.e.21868/click - {}
COMMAND: GET /session/2eef3865f9633c585bb33c6ac0c7be86/screenshot - {}
RESULT: {}
RESULT: {}
COMMAND: GET /session/2eef3865f9633c585bb33c6ac0c7be86/screenshot - {}
RESULT: {}
COMMAND: POST /session/2eef3865f9633c585bb33c6ac0c7be86/execute/async - {"script":"<script> [1562 bytes]","args":[{"selector":{"id":"application-manageresources-display-component---newResourceUnit--TYPE-arrow"},"wdio_ui5_key":"applicationmanageresources-display-component---newResourceUnit--TYPE-arrow"}]}
RESULT: {}
RESULT: {"script":"<script> [1562 bytes]","args":[{"selector":{"id":"application-manageresources-display-component---newResourceUnit--TYPE-arrow"},"wdio_ui5_key":"applicationmanageresources-display-component---newResourceUnit--TYPE-arrow"}]}
RESULT: undefined
COMMAND: POST /session/2eef3865f9633c585bb33c6ac0c7be86/element - {"using":"xpath","value":"//*[@id=\"application-manageresources-display-component---newResourceUnit--TYPE-arrow\"]"}
RESULT: {"using":"xpath","value":"//*[@id=\"application-manageresources-display-component---newResourceUnit--TYPE-arrow\"]"}
COMMAND: POST /session/2eef3865f9633c585bb33c6ac0c7be86/element/f.38388B4EA542EE9F87EA90A6B1549037.d.C6F7C8145FDC0EDE6929B8529D8A8D50.e.22211/click - {}
RESULT: {}
COMMAND: POST /session/2eef3865f9633c585bb33c6ac0c7be86/element - {"using":"xpath","value":"//input[@id=\"application-manageresources-display-component---newResourceUnit--TYPE-inner\"]"}
COMMAND: GET /session/2eef3865f9633c585bb33c6ac0c7be86/screenshot - {}
RESULT: {"using":"xpath","value":"//input[@id=\"application-manageresources-display-component---newResourceUnit--TYPE-inner\"]"}
COMMAND: POST /session/2eef3865f9633c585bb33c6ac0c7be86/element/f.38388B4EA542EE9F87EA90A6B1549037.d.C6F7C8145FDC0EDE6929B8529D8A8D50.e.22207/clear - {}
RESULT: {}
RESULT: {}
COMMAND: POST /session/2eef3865f9633c585bb33c6ac0c7be86/element/f.38388B4EA542EE9F87EA90A6B1549037.d.C6F7C8145FDC0EDE6929B8529D8A8D50.e.22207/value - {"text":"Material"}
COMMAND: GET /session/2eef3865f9633c585bb33c6ac0c7be86/screenshot - {}
RESULT: {"text":"Material"}
COMMAND: GET /session/2eef3865f9633c585bb33c6ac0c7be86/screenshot - {}
RESULT: {}
RESULT: {}
COMMAND: POST /session/2eef3865f9633c585bb33c6ac0c7be86/actions - {"actions":[{"id":"action67","type":"key","parameters":{},"actions":[{"type":"keyDown","value":""},{"type":"pause","duration":10},{"type":"keyUp","value":""}]}]}
RESULT: {"actions":[{"id":"action67","type":"key","parameters":{},"actions":[{"type":"keyDown","value":""},{"type":"pause","duration":10},{"type":"keyUp","value":""}]}]}
COMMAND: POST /session/2eef3865f9633c585bb33c6ac0c7be86/execute/async - {"script":"<script> [1562 bytes]","args":[{"selector":{"id":"application-manageresources-display-component---newResourceUnit--SHORT_TEXT","interaction":{"idSuffix":"inner"}},"wdio_ui5_key":"applicationmanageresources-display-component---newResourceUnit--SHORT_TEXT"}]}
COMMAND: GET /session/2eef3865f9633c585bb33c6ac0c7be86/screenshot - {}
RESULT: {"script":"<script> [1562 bytes]","args":[{"selector":{"id":"application-manageresources-display-component---newResourceUnit--SHORT_TEXT","interaction":{"idSuffix":"inner"}},"wdio_ui5_key":"applicationmanageresources-display-component---newResourceUnit--SHORT_TEXT"}]}
RESULT: undefined
COMMAND: POST /session/2eef3865f9633c585bb33c6ac0c7be86/execute/async - {"script":"<script> [776 bytes]","args":[{"enterText":"Cement WDIO","selector":{"id":"application-manageresources-display-component---newResourceUnit--SHORT_TEXT","interaction":{"idSuffix":"inner"}},"clearTextFirst":true,"interactionType":"ENTER_TEXT"}]}
RESULT: {}
RESULT: {"script":"<script> [776 bytes]","args":[{"enterText":"Cement WDIO","selector":{"id":"application-manageresources-display-component---newResourceUnit--SHORT_TEXT","interaction":{"idSuffix":"inner"}},"clearTextFirst":true,"interactionType":"ENTER_TEXT"}]}
COMMAND: POST /session/2eef3865f9633c585bb33c6ac0c7be86/execute/async - {"script":"<script> [1562 bytes]","args":[{"selector":{"id":"application-manageresources-display-component---newResourceUnit--BASE_UNIT_OF_MEASURE","interaction":{"idSuffix":"inner"}},"wdio_ui5_key":"applicationmanageresources-display-component---newResourceUnit--BASE_UNIT_OF_MEASURE"}]}
RESULT: {"script":"<script> [1562 bytes]","args":[{"selector":{"id":"application-manageresources-display-component---newResourceUnit--BASE_UNIT_OF_MEASURE","interaction":{"idSuffix":"inner"}},"wdio_ui5_key":"applicationmanageresources-display-component---newResourceUnit--BASE_UNIT_OF_MEASURE"}]}
RESULT: undefined
COMMAND: POST /session/2eef3865f9633c585bb33c6ac0c7be86/execute/async - {"script":"<script> [776 bytes]","args":[{"enterText":"Piece","selector":{"id":"application-manageresources-display-component---newResourceUnit--BASE_UNIT_OF_MEASURE","interaction":{"idSuffix":"inner"}},"clearTextFirst":true,"interactionType":"ENTER_TEXT"}]}
RESULT: {"script":"<script> [776 bytes]","args":[{"enterText":"Piece","selector":{"id":"application-manageresources-display-component---newResourceUnit--BASE_UNIT_OF_MEASURE","interaction":{"idSuffix":"inner"}},"clearTextFirst":true,"interactionType":"ENTER_TEXT"}]}
COMMAND: POST /session/2eef3865f9633c585bb33c6ac0c7be86/execute/async - {"script":"<script> [1562 bytes]","args":[{"selector":{"id":"application-manageresources-display-component---newResourceUnit--WEIGHT_UNIT","interaction":{"idSuffix":"inner"}},"wdio_ui5_key":"applicationmanageresources-display-component---newResourceUnit--WEIGHT_UNIT"}]}
RESULT: {"script":"<script> [1562 bytes]","args":[{"selector":{"id":"application-manageresources-display-component---newResourceUnit--WEIGHT_UNIT","interaction":{"idSuffix":"inner"}},"wdio_ui5_key":"applicationmanageresources-display-component---newResourceUnit--WEIGHT_UNIT"}]}
RESULT: undefined
COMMAND: POST /session/2eef3865f9633c585bb33c6ac0c7be86/execute/async - {"script":"<script> [776 bytes]","args":[{"enterText":"Gram","selector":{"id":"application-manageresources-display-component---newResourceUnit--WEIGHT_UNIT","interaction":{"idSuffix":"inner"}},"clearTextFirst":true,"interactionType":"ENTER_TEXT"}]}
RESULT: {"script":"<script> [776 bytes]","args":[{"enterText":"Gram","selector":{"id":"application-manageresources-display-component---newResourceUnit--WEIGHT_UNIT","interaction":{"idSuffix":"inner"}},"clearTextFirst":true,"interactionType":"ENTER_TEXT"}]}
COMMAND: POST /session/2eef3865f9633c585bb33c6ac0c7be86/execute/async - {"script":"<script> [1562 bytes]","args":[{"selector":{"id":"application-manageresources-display-component---newResourceUnit--DIMENSION_UNIT","interaction":{"idSuffix":"inner"}},"wdio_ui5_key":"applicationmanageresources-display-component---newResourceUnit--DIMENSION_UNIT"}]}
RESULT: {"script":"<script> [1562 bytes]","args":[{"selector":{"id":"application-manageresources-display-component---newResourceUnit--DIMENSION_UNIT","interaction":{"idSuffix":"inner"}},"wdio_ui5_key":"applicationmanageresources-display-component---newResourceUnit--DIMENSION_UNIT"}]}
RESULT: undefined
COMMAND: POST /session/2eef3865f9633c585bb33c6ac0c7be86/execute/async - {"script":"<script> [776 bytes]","args":[{"enterText":"Meter","selector":{"id":"application-manageresources-display-component---newResourceUnit--DIMENSION_UNIT","interaction":{"idSuffix":"inner"}},"clearTextFirst":true,"interactionType":"ENTER_TEXT"}]}
RESULT: {"script":"<script> [776 bytes]","args":[{"enterText":"Meter","selector":{"id":"application-manageresources-display-component---newResourceUnit--DIMENSION_UNIT","interaction":{"idSuffix":"inner"}},"clearTextFirst":true,"interactionType":"ENTER_TEXT"}]}
COMMAND: POST /session/2eef3865f9633c585bb33c6ac0c7be86/execute/async - {"script":"<script> [1562 bytes]","args":[{"selector":{"id":"application-manageresources-display-component---newResourceUnit--newRRUPage-anchBar-application-manageresources-display-component---newResourceUnit--control-anchor","interaction":{"idSuffix":"BDI-content"}},"wdio_ui5_key":"applicationmanageresources-display-component---newResourceUnit--newRRUPage-anchBar-application-manageresources-display-component---newResourceUnit--control-anchor"}]}
RESULT: {"script":"<script> [1562 bytes]","args":[{"selector":{"id":"application-manageresources-display-component---newResourceUnit--newRRUPage-anchBar-application-manageresources-display-component---newResourceUnit--control-anchor","interaction":{"idSuffix":"BDI-content"}},"wdio_ui5_key":"applicationmanageresources-display-component---newResourceUnit--newRRUPage-anchBar-application-manageresources-display-component---newResourceUnit--control-anchor"}]}
RESULT: undefined
COMMAND: POST /session/2eef3865f9633c585bb33c6ac0c7be86/element - {"using":"xpath","value":"//*[@id=\"application-manageresources-display-component---newResourceUnit--newRRUPage-anchBar-application-manageresources-display-component---newResourceUnit--control-anchor\"]"}
RESULT: {"using":"xpath","value":"//*[@id=\"application-manageresources-display-component---newResourceUnit--newRRUPage-anchBar-application-manageresources-display-component---newResourceUnit--control-anchor\"]"}
COMMAND: POST /session/2eef3865f9633c585bb33c6ac0c7be86/element/f.38388B4EA542EE9F87EA90A6B1549037.d.C6F7C8145FDC0EDE6929B8529D8A8D50.e.22342/click - {}
RESULT: {}
COMMAND: POST /session/2eef3865f9633c585bb33c6ac0c7be86/execute/async - {"script":"<script> [1562 bytes]","args":[{"selector":{"id":"application-manageresources-display-component---newResourceUnit--PLANNING_GROUP","interaction":{"idSuffix":"inner"}},"wdio_ui5_key":"applicationmanageresources-display-component---newResourceUnit--PLANNING_GROUP"}]}
COMMAND: GET /session/2eef3865f9633c585bb33c6ac0c7be86/screenshot - {}
RESULT: {"script":"<script> [1562 bytes]","args":[{"selector":{"id":"application-manageresources-display-component---newResourceUnit--PLANNING_GROUP","interaction":{"idSuffix":"inner"}},"wdio_ui5_key":"applicationmanageresources-display-component---newResourceUnit--PLANNING_GROUP"}]}
RESULT: undefined
COMMAND: POST /session/2eef3865f9633c585bb33c6ac0c7be86/execute/async - {"script":"<script> [776 bytes]","args":[{"enterText":"Material","selector":{"id":"application-manageresources-display-component---newResourceUnit--PLANNING_GROUP","interaction":{"idSuffix":"inner"}},"clearTextFirst":true,"interactionType":"ENTER_TEXT"}]}
RESULT: {}
RESULT: {"script":"<script> [776 bytes]","args":[{"enterText":"Material","selector":{"id":"application-manageresources-display-component---newResourceUnit--PLANNING_GROUP","interaction":{"idSuffix":"inner"}},"clearTextFirst":true,"interactionType":"ENTER_TEXT"}]}
COMMAND: POST /session/2eef3865f9633c585bb33c6ac0c7be86/execute/async - {"script":"<script> [1562 bytes]","args":[{"selector":{"id":"application-manageresources-display-component---newResourceUnit--PLANNING_INDICATOR","interaction":{"idSuffix":"inner"}},"wdio_ui5_key":"applicationmanageresources-display-component---newResourceUnit--PLANNING_INDICATOR"}]}
RESULT: {"script":"<script> [1562 bytes]","args":[{"selector":{"id":"application-manageresources-display-component---newResourceUnit--PLANNING_INDICATOR","interaction":{"idSuffix":"inner"}},"wdio_ui5_key":"applicationmanageresources-display-component---newResourceUnit--PLANNING_INDICATOR"}]}
RESULT: undefined
COMMAND: POST /session/2eef3865f9633c585bb33c6ac0c7be86/execute/async - {"script":"<script> [776 bytes]","args":[{"enterText":"10 - infinite","selector":{"id":"application-manageresources-display-component---newResourceUnit--PLANNING_INDICATOR","interaction":{"idSuffix":"inner"}},"clearTextFirst":true,"interactionType":"ENTER_TEXT"}]}
RESULT: {"script":"<script> [776 bytes]","args":[{"enterText":"10 - infinite","selector":{"id":"application-manageresources-display-component---newResourceUnit--PLANNING_INDICATOR","interaction":{"idSuffix":"inner"}},"clearTextFirst":true,"interactionType":"ENTER_TEXT"}]}
COMMAND: POST /session/2eef3865f9633c585bb33c6ac0c7be86/element - {"using":"css selector","value":"#application-manageresources-display-component---newResourceUnit--btnAddTimeSegment"}
RESULT: {"using":"css selector","value":"#application-manageresources-display-component---newResourceUnit--btnAddTimeSegment"}
COMMAND: GET /session/2eef3865f9633c585bb33c6ac0c7be86/element/f.38388B4EA542EE9F87EA90A6B1549037.d.C6F7C8145FDC0EDE6929B8529D8A8D50.e.22350/rect - {}
RESULT: {}
COMMAND: GET /session/2eef3865f9633c585bb33c6ac0c7be86/window/rect - {}
RESULT: {}
COMMAND: POST /session/2eef3865f9633c585bb33c6ac0c7be86/execute/sync - {"script":"<script> [92 bytes]","args":[]}
RESULT: {"script":"<script> [92 bytes]","args":[]}
COMMAND: POST /session/2eef3865f9633c585bb33c6ac0c7be86/actions - {"actions":[{"id":"action68","type":"wheel","parameters":{},"actions":[{"type":"scroll","x":-1888,"y":-32,"deltaX":0,"deltaY":0,"duration":0,"origin":{"element-6066-11e4-a52e-4f735466cecf":"f.38388B4EA542EE9F87EA90A6B1549037.d.C6F7C8145FDC0EDE6929B8529D8A8D50.e.22350"}}]}]}
COMMAND: GET /session/2eef3865f9633c585bb33c6ac0c7be86/screenshot - {}
RESULT: {}
COMMAND: POST /session/2eef3865f9633c585bb33c6ac0c7be86/execute/sync - {"script":"<script> [79 bytes]","args":[{"element-6066-11e4-a52e-4f735466cecf":"f.38388B4EA542EE9F87EA90A6B1549037.d.C6F7C8145FDC0EDE6929B8529D8A8D50.e.22350","ELEMENT":"f.38388B4EA542EE9F87EA90A6B1549037.d.C6F7C8145FDC0EDE6929B8529D8A8D50.e.22350"},{"block":"start","inline":"nearest"}]}
RESULT: {"script":"<script> [79 bytes]","args":[{"element-6066-11e4-a52e-4f735466cecf":"f.38388B4EA542EE9F87EA90A6B1549037.d.C6F7C8145FDC0EDE6929B8529D8A8D50.e.22350","ELEMENT":"f.38388B4EA542EE9F87EA90A6B1549037.d.C6F7C8145FDC0EDE6929B8529D8A8D50.e.22350"},{"block":"start","inline":"nearest"}]}
COMMAND: POST /session/2eef3865f9633c585bb33c6ac0c7be86/execute/async - {"script":"<script> [1562 bytes]","args":[{"selector":{"id":"application-manageresources-display-component---newResourceUnit--btnAddTimeSegment","interaction":{"idSuffix":"inner"}},"wdio_ui5_key":"applicationmanageresources-display-component---newResourceUnit--btnAddTimeSegment"}]}
COMMAND: GET /session/2eef3865f9633c585bb33c6ac0c7be86/screenshot - {}
RESULT: {"script":"<script> [1562 bytes]","args":[{"selector":{"id":"application-manageresources-display-component---newResourceUnit--btnAddTimeSegment","interaction":{"idSuffix":"inner"}},"wdio_ui5_key":"applicationmanageresources-display-component---newResourceUnit--btnAddTimeSegment"}]}
RESULT: undefined
COMMAND: POST /session/2eef3865f9633c585bb33c6ac0c7be86/element - {"using":"xpath","value":"//*[@id=\"application-manageresources-display-component---newResourceUnit--btnAddTimeSegment\"]"}
RESULT: {}
RESULT: {"using":"xpath","value":"//*[@id=\"application-manageresources-display-component---newResourceUnit--btnAddTimeSegment\"]"}
COMMAND: POST /session/2eef3865f9633c585bb33c6ac0c7be86/element/f.38388B4EA542EE9F87EA90A6B1549037.d.C6F7C8145FDC0EDE6929B8529D8A8D50.e.22350/click - {}
RESULT: {}
COMMAND: GET /session/2eef3865f9633c585bb33c6ac0c7be86/screenshot - {}
RESULT: {}
COMMAND: POST /session/2eef3865f9633c585bb33c6ac0c7be86/element - {"using":"xpath","value":"//input[@id=\"application-manageresources-display-component---newResourceUnit--idRuTSAdmin-application-manageresources-display-component---newResourceUnit--RUTimeSegment-0-inner\"]"}
RESULT: {"using":"xpath","value":"//input[@id=\"application-manageresources-display-component---newResourceUnit--idRuTSAdmin-application-manageresources-display-component---newResourceUnit--RUTimeSegment-0-inner\"]"}
COMMAND: POST /session/2eef3865f9633c585bb33c6ac0c7be86/element/f.38388B4EA542EE9F87EA90A6B1549037.d.C6F7C8145FDC0EDE6929B8529D8A8D50.e.22355/clear - {}
RESULT: {}
COMMAND: POST /session/2eef3865f9633c585bb33c6ac0c7be86/element/f.38388B4EA542EE9F87EA90A6B1549037.d.C6F7C8145FDC0EDE6929B8529D8A8D50.e.22355/value - {"text":"272"}
COMMAND: GET /session/2eef3865f9633c585bb33c6ac0c7be86/screenshot - {}
RESULT: {"text":"272"}
COMMAND: GET /session/2eef3865f9633c585bb33c6ac0c7be86/screenshot - {}
RESULT: {}
RESULT: {}
COMMAND: POST /session/2eef3865f9633c585bb33c6ac0c7be86/element - {"using":"xpath","value":"//li[.//span[text()='272']]"}
RESULT: {"using":"xpath","value":"//li[.//span[text()='272']]"}
COMMAND: POST /session/2eef3865f9633c585bb33c6ac0c7be86/element/f.38388B4EA542EE9F87EA90A6B1549037.d.C6F7C8145FDC0EDE6929B8529D8A8D50.e.22363/click - {}
RESULT: {}
COMMAND: GET /session/2eef3865f9633c585bb33c6ac0c7be86/screenshot - {}
RESULT: {}
COMMAND: POST /session/2eef3865f9633c585bb33c6ac0c7be86/element - {"using":"xpath","value":"(//span[contains(@id, \"-application-manageresources-display-component---newResourceUnit--RUTimeSegment-0-arrow\")])[2]"}
RESULT: {"using":"xpath","value":"(//span[contains(@id, \"-application-manageresources-display-component---newResourceUnit--RUTimeSegment-0-arrow\")])[2]"}
COMMAND: POST /session/2eef3865f9633c585bb33c6ac0c7be86/element/f.38388B4EA542EE9F87EA90A6B1549037.d.C6F7C8145FDC0EDE6929B8529D8A8D50.e.22364/click - {}
RESULT: {}
COMMAND: POST /session/2eef3865f9633c585bb33c6ac0c7be86/element - {"using":"xpath","value":"//span[contains(text(), \"PM Order\")]"}
COMMAND: GET /session/2eef3865f9633c585bb33c6ac0c7be86/screenshot - {}
RESULT: {"using":"xpath","value":"//span[contains(text(), \"PM Order\")]"}
COMMAND: POST /session/2eef3865f9633c585bb33c6ac0c7be86/element/f.38388B4EA542EE9F87EA90A6B1549037.d.C6F7C8145FDC0EDE6929B8529D8A8D50.e.22365/click - {}
RESULT: {}
RESULT: {}
COMMAND: GET /session/2eef3865f9633c585bb33c6ac0c7be86/screenshot - {}
RESULT: {}
COMMAND: POST /session/2eef3865f9633c585bb33c6ac0c7be86/element - {"using":"xpath","value":"//td/div/div/div/span[contains(@id, \"newResourceUnit--RUTimeSegment-0-vhi\")][1]"}
RESULT: {"using":"xpath","value":"//td/div/div/div/span[contains(@id, \"newResourceUnit--RUTimeSegment-0-vhi\")][1]"}
COMMAND: GET /session/2eef3865f9633c585bb33c6ac0c7be86/element/f.38388B4EA542EE9F87EA90A6B1549037.d.C6F7C8145FDC0EDE6929B8529D8A8D50.e.22369/rect - {}
RESULT: {}
COMMAND: GET /session/2eef3865f9633c585bb33c6ac0c7be86/window/rect - {}
RESULT: {}
COMMAND: POST /session/2eef3865f9633c585bb33c6ac0c7be86/execute/sync - {"script":"<script> [92 bytes]","args":[]}
RESULT: {"script":"<script> [92 bytes]","args":[]}
COMMAND: POST /session/2eef3865f9633c585bb33c6ac0c7be86/actions - {"actions":[{"id":"action69","type":"wheel","parameters":{},"actions":[{"type":"scroll","x":-1888,"y":-24,"deltaX":0,"deltaY":0,"duration":0,"origin":{"element-6066-11e4-a52e-4f735466cecf":"f.38388B4EA542EE9F87EA90A6B1549037.d.C6F7C8145FDC0EDE6929B8529D8A8D50.e.22369"}}]}]}
COMMAND: GET /session/2eef3865f9633c585bb33c6ac0c7be86/screenshot - {}
RESULT: {}
COMMAND: POST /session/2eef3865f9633c585bb33c6ac0c7be86/execute/sync - {"script":"<script> [79 bytes]","args":[{"element-6066-11e4-a52e-4f735466cecf":"f.38388B4EA542EE9F87EA90A6B1549037.d.C6F7C8145FDC0EDE6929B8529D8A8D50.e.22369","ELEMENT":"f.38388B4EA542EE9F87EA90A6B1549037.d.C6F7C8145FDC0EDE6929B8529D8A8D50.e.22369"},{"block":"start","inline":"nearest"}]}
RESULT: {"script":"<script> [79 bytes]","args":[{"element-6066-11e4-a52e-4f735466cecf":"f.38388B4EA542EE9F87EA90A6B1549037.d.C6F7C8145FDC0EDE6929B8529D8A8D50.e.22369","ELEMENT":"f.38388B4EA542EE9F87EA90A6B1549037.d.C6F7C8145FDC0EDE6929B8529D8A8D50.e.22369"},{"block":"start","inline":"nearest"}]}
COMMAND: GET /session/2eef3865f9633c585bb33c6ac0c7be86/screenshot - {}
RESULT: {}
COMMAND: POST /session/2eef3865f9633c585bb33c6ac0c7be86/element/f.38388B4EA542EE9F87EA90A6B1549037.d.C6F7C8145FDC0EDE6929B8529D8A8D50.e.22369/click - {}
RESULT: {}
COMMAND: GET /session/2eef3865f9633c585bb33c6ac0c7be86/screenshot - {}
RESULT: {}
COMMAND: POST /session/2eef3865f9633c585bb33c6ac0c7be86/execute/async - {"script":"<script> [1562 bytes]","args":[{"selector":{"controlType":"sap.m.SearchField","properties":{"placeholder":"Search"},"searchOpenDialogs":true,"interaction":{"idSuffix":"I"}},"wdio_ui5_key":"sapm.SearchField{\"placeholder\":\"Search\"}"}]}
RESULT: {"script":"<script> [1562 bytes]","args":[{"selector":{"controlType":"sap.m.SearchField","properties":{"placeholder":"Search"},"searchOpenDialogs":true,"interaction":{"idSuffix":"I"}},"wdio_ui5_key":"sapm.SearchField{\"placeholder\":\"Search\"}"}]}
RESULT: undefined
COMMAND: POST /session/2eef3865f9633c585bb33c6ac0c7be86/execute/async - {"script":"<script> [776 bytes]","args":[{"enterText":"4000360","selector":{"controlType":"sap.m.SearchField","properties":{"placeholder":"Search"},"searchOpenDialogs":true,"interaction":{"idSuffix":"I"}},"clearTextFirst":true,"interactionType":"ENTER_TEXT"}]}
RESULT: {"script":"<script> [776 bytes]","args":[{"enterText":"4000360","selector":{"controlType":"sap.m.SearchField","properties":{"placeholder":"Search"},"searchOpenDialogs":true,"interaction":{"idSuffix":"I"}},"clearTextFirst":true,"interactionType":"ENTER_TEXT"}]}
COMMAND: POST /session/2eef3865f9633c585bb33c6ac0c7be86/actions - {"actions":[{"id":"action70","type":"key","parameters":{},"actions":[{"type":"keyDown","value":""},{"type":"pause","duration":10},{"type":"keyUp","value":""}]}]}
RESULT: {"actions":[{"id":"action70","type":"key","parameters":{},"actions":[{"type":"keyDown","value":""},{"type":"pause","duration":10},{"type":"keyUp","value":""}]}]}
COMMAND: GET /session/2eef3865f9633c585bb33c6ac0c7be86/screenshot - {}
RESULT: {}
COMMAND: POST /session/2eef3865f9633c585bb33c6ac0c7be86/element - {"using":"xpath","value":"//td/div/span[contains(text(), \"BGL Vehicles\")]"}
RESULT: {"using":"xpath","value":"//td/div/span[contains(text(), \"BGL Vehicles\")]"}
COMMAND: POST /session/2eef3865f9633c585bb33c6ac0c7be86/element/f.38388B4EA542EE9F87EA90A6B1549037.d.C6F7C8145FDC0EDE6929B8529D8A8D50.e.22391/click - {}
RESULT: {}
COMMAND: GET /session/2eef3865f9633c585bb33c6ac0c7be86/screenshot - {}
RESULT: {}
COMMAND: POST /session/2eef3865f9633c585bb33c6ac0c7be86/element - {"using":"xpath","value":"//bdi[contains(text(), \"OK\")]"}
RESULT: {"using":"xpath","value":"//bdi[contains(text(), \"OK\")]"}
COMMAND: POST /session/2eef3865f9633c585bb33c6ac0c7be86/element/f.38388B4EA542EE9F87EA90A6B1549037.d.C6F7C8145FDC0EDE6929B8529D8A8D50.e.22392/click - {}
RESULT: {}
COMMAND: GET /session/2eef3865f9633c585bb33c6ac0c7be86/screenshot - {}
RESULT: {}
COMMAND: POST /session/2eef3865f9633c585bb33c6ac0c7be86/element - {"using":"xpath","value":"//label[contains(@class, 'sapMLabelRequired') and .//bdi[contains(text(), 'Planned Retirement')]]"}
RESULT: {"using":"xpath","value":"//label[contains(@class, 'sapMLabelRequired') and .//bdi[contains(text(), 'Planned Retirement')]]"}
COMMAND: POST /session/2eef3865f9633c585bb33c6ac0c7be86/elements - {"using":"xpath","value":"//label[contains(@class, 'sapMLabelRequired') and .//bdi[contains(text(), 'Planned Retirement')]]"}
RESULT: {"using":"xpath","value":"//label[contains(@class, 'sapMLabelRequired') and .//bdi[contains(text(), 'Planned Retirement')]]"}
COMMAND: POST /session/2eef3865f9633c585bb33c6ac0c7be86/element - {"using":"xpath","value":"//button[@data-kt=\"resourceUnitSaveButton\"]"}
RESULT: {"using":"xpath","value":"//button[@data-kt=\"resourceUnitSaveButton\"]"}
COMMAND: POST /session/2eef3865f9633c585bb33c6ac0c7be86/element/f.38388B4EA542EE9F87EA90A6B1549037.d.C6F7C8145FDC0EDE6929B8529D8A8D50.e.22228/click - {}
RESULT: {}
COMMAND: GET /session/2eef3865f9633c585bb33c6ac0c7be86/screenshot - {}
RESULT: {}
COMMAND: POST /session/2eef3865f9633c585bb33c6ac0c7be86/element - {"using":"xpath","value":"//bdi[contains(text(), \"Close\")]"}
RESULT: {"using":"xpath","value":"//bdi[contains(text(), \"Close\")]"}
COMMAND: POST /session/2eef3865f9633c585bb33c6ac0c7be86/element/f.38388B4EA542EE9F87EA90A6B1549037.d.C6F7C8145FDC0EDE6929B8529D8A8D50.e.22398/click - {}
RESULT: {}
COMMAND: GET /session/2eef3865f9633c585bb33c6ac0c7be86/screenshot - {}
RESULT: {}
COMMAND: POST /session/2eef3865f9633c585bb33c6ac0c7be86/element - {"using":"xpath","value":"//header[contains(@id, 'detailRruPage-headerTitle')]/div[1]/div[2]/div[2]/span[1]"}
RESULT: {"using":"xpath","value":"//header[contains(@id, 'detailRruPage-headerTitle')]/div[1]/div[2]/div[2]/span[1]"}
COMMAND: POST /session/2eef3865f9633c585bb33c6ac0c7be86/elements - {"using":"xpath","value":"//header[contains(@id, 'detailRruPage-headerTitle')]/div[1]/div[2]/div[2]/span[1]"}
RESULT: {"using":"xpath","value":"//header[contains(@id, 'detailRruPage-headerTitle')]/div[1]/div[2]/div[2]/span[1]"}
COMMAND: POST /session/2eef3865f9633c585bb33c6ac0c7be86/execute/sync - {"script":"<script> [56 bytes]","args":[{"element-6066-11e4-a52e-4f735466cecf":"f.38388B4EA542EE9F87EA90A6B1549037.d.C6F7C8145FDC0EDE6929B8529D8A8D50.e.22431","ELEMENT":"f.38388B4EA542EE9F87EA90A6B1549037.d.C6F7C8145FDC0EDE6929B8529D8A8D50.e.22431"}]}
RESULT: {"script":"<script> [56 bytes]","args":[{"element-6066-11e4-a52e-4f735466cecf":"f.38388B4EA542EE9F87EA90A6B1549037.d.C6F7C8145FDC0EDE6929B8529D8A8D50.e.22431","ELEMENT":"f.38388B4EA542EE9F87EA90A6B1549037.d.C6F7C8145FDC0EDE6929B8529D8A8D50.e.22431"}]}
COMMAND: POST /session/2eef3865f9633c585bb33c6ac0c7be86/element - {"using":"css selector","value":"#shell-header-logo"}
COMMAND: GET /session/2eef3865f9633c585bb33c6ac0c7be86/screenshot - {}
RESULT: {"using":"css selector","value":"#shell-header-logo"}
COMMAND: POST /session/2eef3865f9633c585bb33c6ac0c7be86/element/f.38388B4EA542EE9F87EA90A6B1549037.d.C6F7C8145FDC0EDE6929B8529D8A8D50.e.21710/click - {}
RESULT: {}
RESULT: {}
COMMAND: GET /session/2eef3865f9633c585bb33c6ac0c7be86/screenshot - {}
RESULT: {}
]]></system-out>
    </testcase>
    <testcase classname="chrome.136_0_7103_93.windows.Create_masterdata_for_Yard_Overview_-_trigger_provide_US130988" name="Bin Status Report Should Create New Organization yard" time="0.005"/>
    <testcase classname="chrome.136_0_7103_93.windows.Create_masterdata_for_Yard_Overview_-_trigger_provide_US130988" name="Create a Warehouse Movement for created yard" time="45.181">
      <system-out><![CDATA[
COMMAND: POST /session/2eef3865f9633c585bb33c6ac0c7be86/execute/async - {"script":"<script> [1562 bytes]","args":[{"selector":{"controlType":"sap.m.GenericTile","properties":{"header":"Manage Warehouse Movements"}},"wdio_ui5_key":"sapm.GenericTile{\"header\":\"Manage Warehouse Movements\"}"}]}
RESULT: {"script":"<script> [1562 bytes]","args":[{"selector":{"controlType":"sap.m.GenericTile","properties":{"header":"Manage Warehouse Movements"}},"wdio_ui5_key":"sapm.GenericTile{\"header\":\"Manage Warehouse Movements\"}"}]}
RESULT: undefined
COMMAND: POST /session/2eef3865f9633c585bb33c6ac0c7be86/element - {"using":"xpath","value":"//*[@id=\"__tile105\"]"}
RESULT: {"using":"xpath","value":"//*[@id=\"__tile105\"]"}
COMMAND: POST /session/2eef3865f9633c585bb33c6ac0c7be86/element/f.38388B4EA542EE9F87EA90A6B1549037.d.C6F7C8145FDC0EDE6929B8529D8A8D50.e.22433/click - {}
RESULT: {}
COMMAND: POST /session/2eef3865f9633c585bb33c6ac0c7be86/element - {"using":"xpath","value":"//input[@id='application-warehousemovements-display-component---warehouseMovements--smartFilterBar-filterItemControl_BASIC-YARD-inner']"}
COMMAND: GET /session/2eef3865f9633c585bb33c6ac0c7be86/screenshot - {}
RESULT: {"using":"xpath","value":"//input[@id='application-warehousemovements-display-component---warehouseMovements--smartFilterBar-filterItemControl_BASIC-YARD-inner']"}
COMMAND: POST /session/2eef3865f9633c585bb33c6ac0c7be86/elements - {"using":"xpath","value":"//input[@id='application-warehousemovements-display-component---warehouseMovements--smartFilterBar-filterItemControl_BASIC-YARD-inner']"}
RESULT: {}
RESULT: {"using":"xpath","value":"//input[@id='application-warehousemovements-display-component---warehouseMovements--smartFilterBar-filterItemControl_BASIC-YARD-inner']"}
COMMAND: POST /session/2eef3865f9633c585bb33c6ac0c7be86/elements - {"using":"xpath","value":"//input[@id='application-warehousemovements-display-component---warehouseMovements--smartFilterBar-filterItemControl_BASIC-YARD-inner']"}
RESULT: {"using":"xpath","value":"//input[@id='application-warehousemovements-display-component---warehouseMovements--smartFilterBar-filterItemControl_BASIC-YARD-inner']"}
COMMAND: POST /session/2eef3865f9633c585bb33c6ac0c7be86/elements - {"using":"xpath","value":"//input[@id='application-warehousemovements-display-component---warehouseMovements--smartFilterBar-filterItemControl_BASIC-YARD-inner']"}
RESULT: {"using":"xpath","value":"//input[@id='application-warehousemovements-display-component---warehouseMovements--smartFilterBar-filterItemControl_BASIC-YARD-inner']"}
COMMAND: POST /session/2eef3865f9633c585bb33c6ac0c7be86/elements - {"using":"xpath","value":"//input[@id='application-warehousemovements-display-component---warehouseMovements--smartFilterBar-filterItemControl_BASIC-YARD-inner']"}
RESULT: {"using":"xpath","value":"//input[@id='application-warehousemovements-display-component---warehouseMovements--smartFilterBar-filterItemControl_BASIC-YARD-inner']"}
COMMAND: POST /session/2eef3865f9633c585bb33c6ac0c7be86/elements - {"using":"xpath","value":"//input[@id='application-warehousemovements-display-component---warehouseMovements--smartFilterBar-filterItemControl_BASIC-YARD-inner']"}
RESULT: {"using":"xpath","value":"//input[@id='application-warehousemovements-display-component---warehouseMovements--smartFilterBar-filterItemControl_BASIC-YARD-inner']"}
COMMAND: POST /session/2eef3865f9633c585bb33c6ac0c7be86/elements - {"using":"xpath","value":"//input[@id='application-warehousemovements-display-component---warehouseMovements--smartFilterBar-filterItemControl_BASIC-YARD-inner']"}
RESULT: {"using":"xpath","value":"//input[@id='application-warehousemovements-display-component---warehouseMovements--smartFilterBar-filterItemControl_BASIC-YARD-inner']"}
COMMAND: POST /session/2eef3865f9633c585bb33c6ac0c7be86/elements - {"using":"xpath","value":"//input[@id='application-warehousemovements-display-component---warehouseMovements--smartFilterBar-filterItemControl_BASIC-YARD-inner']"}
RESULT: {"using":"xpath","value":"//input[@id='application-warehousemovements-display-component---warehouseMovements--smartFilterBar-filterItemControl_BASIC-YARD-inner']"}
COMMAND: POST /session/2eef3865f9633c585bb33c6ac0c7be86/elements - {"using":"xpath","value":"//input[@id='application-warehousemovements-display-component---warehouseMovements--smartFilterBar-filterItemControl_BASIC-YARD-inner']"}
RESULT: {"using":"xpath","value":"//input[@id='application-warehousemovements-display-component---warehouseMovements--smartFilterBar-filterItemControl_BASIC-YARD-inner']"}
COMMAND: POST /session/2eef3865f9633c585bb33c6ac0c7be86/elements - {"using":"xpath","value":"//input[@id='application-warehousemovements-display-component---warehouseMovements--smartFilterBar-filterItemControl_BASIC-YARD-inner']"}
RESULT: {"using":"xpath","value":"//input[@id='application-warehousemovements-display-component---warehouseMovements--smartFilterBar-filterItemControl_BASIC-YARD-inner']"}
COMMAND: POST /session/2eef3865f9633c585bb33c6ac0c7be86/elements - {"using":"xpath","value":"//input[@id='application-warehousemovements-display-component---warehouseMovements--smartFilterBar-filterItemControl_BASIC-YARD-inner']"}
RESULT: {"using":"xpath","value":"//input[@id='application-warehousemovements-display-component---warehouseMovements--smartFilterBar-filterItemControl_BASIC-YARD-inner']"}
COMMAND: POST /session/2eef3865f9633c585bb33c6ac0c7be86/elements - {"using":"xpath","value":"//input[@id='application-warehousemovements-display-component---warehouseMovements--smartFilterBar-filterItemControl_BASIC-YARD-inner']"}
RESULT: {"using":"xpath","value":"//input[@id='application-warehousemovements-display-component---warehouseMovements--smartFilterBar-filterItemControl_BASIC-YARD-inner']"}
COMMAND: POST /session/2eef3865f9633c585bb33c6ac0c7be86/elements - {"using":"xpath","value":"//input[@id='application-warehousemovements-display-component---warehouseMovements--smartFilterBar-filterItemControl_BASIC-YARD-inner']"}
RESULT: {"using":"xpath","value":"//input[@id='application-warehousemovements-display-component---warehouseMovements--smartFilterBar-filterItemControl_BASIC-YARD-inner']"}
COMMAND: POST /session/2eef3865f9633c585bb33c6ac0c7be86/elements - {"using":"xpath","value":"//input[@id='application-warehousemovements-display-component---warehouseMovements--smartFilterBar-filterItemControl_BASIC-YARD-inner']"}
RESULT: {"using":"xpath","value":"//input[@id='application-warehousemovements-display-component---warehouseMovements--smartFilterBar-filterItemControl_BASIC-YARD-inner']"}
COMMAND: POST /session/2eef3865f9633c585bb33c6ac0c7be86/elements - {"using":"xpath","value":"//input[@id='application-warehousemovements-display-component---warehouseMovements--smartFilterBar-filterItemControl_BASIC-YARD-inner']"}
RESULT: {"using":"xpath","value":"//input[@id='application-warehousemovements-display-component---warehouseMovements--smartFilterBar-filterItemControl_BASIC-YARD-inner']"}
COMMAND: POST /session/2eef3865f9633c585bb33c6ac0c7be86/elements - {"using":"xpath","value":"//input[@id='application-warehousemovements-display-component---warehouseMovements--smartFilterBar-filterItemControl_BASIC-YARD-inner']"}
RESULT: {"using":"xpath","value":"//input[@id='application-warehousemovements-display-component---warehouseMovements--smartFilterBar-filterItemControl_BASIC-YARD-inner']"}
COMMAND: POST /session/2eef3865f9633c585bb33c6ac0c7be86/elements - {"using":"xpath","value":"//input[@id='application-warehousemovements-display-component---warehouseMovements--smartFilterBar-filterItemControl_BASIC-YARD-inner']"}
RESULT: {"using":"xpath","value":"//input[@id='application-warehousemovements-display-component---warehouseMovements--smartFilterBar-filterItemControl_BASIC-YARD-inner']"}
COMMAND: POST /session/2eef3865f9633c585bb33c6ac0c7be86/elements - {"using":"xpath","value":"//input[@id='application-warehousemovements-display-component---warehouseMovements--smartFilterBar-filterItemControl_BASIC-YARD-inner']"}
RESULT: {"using":"xpath","value":"//input[@id='application-warehousemovements-display-component---warehouseMovements--smartFilterBar-filterItemControl_BASIC-YARD-inner']"}
COMMAND: POST /session/2eef3865f9633c585bb33c6ac0c7be86/elements - {"using":"xpath","value":"//input[@id='application-warehousemovements-display-component---warehouseMovements--smartFilterBar-filterItemControl_BASIC-YARD-inner']"}
RESULT: {"using":"xpath","value":"//input[@id='application-warehousemovements-display-component---warehouseMovements--smartFilterBar-filterItemControl_BASIC-YARD-inner']"}
COMMAND: POST /session/2eef3865f9633c585bb33c6ac0c7be86/elements - {"using":"xpath","value":"//input[@id='application-warehousemovements-display-component---warehouseMovements--smartFilterBar-filterItemControl_BASIC-YARD-inner']"}
RESULT: {"using":"xpath","value":"//input[@id='application-warehousemovements-display-component---warehouseMovements--smartFilterBar-filterItemControl_BASIC-YARD-inner']"}
COMMAND: POST /session/2eef3865f9633c585bb33c6ac0c7be86/element - {"using":"xpath","value":"//input[@id='application-warehousemovements-display-component---warehouseMovements--smartFilterBar-filterItemControl_BASIC-YARD-inner']"}
RESULT: {"using":"xpath","value":"//input[@id='application-warehousemovements-display-component---warehouseMovements--smartFilterBar-filterItemControl_BASIC-YARD-inner']"}
COMMAND: POST /session/2eef3865f9633c585bb33c6ac0c7be86/execute/sync - {"script":"<script> [8489 bytes]","args":[{"element-6066-11e4-a52e-4f735466cecf":"f.38388B4EA542EE9F87EA90A6B1549037.d.C6F7C8145FDC0EDE6929B8529D8A8D50.e.22443","ELEMENT":"f.38388B4EA542EE9F87EA90A6B1549037.d.C6F7C8145FDC0EDE6929B8529D8A8D50.e.22443"}]}
RESULT: {"script":"<script> [8489 bytes]","args":[{"element-6066-11e4-a52e-4f735466cecf":"f.38388B4EA542EE9F87EA90A6B1549037.d.C6F7C8145FDC0EDE6929B8529D8A8D50.e.22443","ELEMENT":"f.38388B4EA542EE9F87EA90A6B1549037.d.C6F7C8145FDC0EDE6929B8529D8A8D50.e.22443"}]}
COMMAND: GET /session/2eef3865f9633c585bb33c6ac0c7be86/element/f.38388B4EA542EE9F87EA90A6B1549037.d.C6F7C8145FDC0EDE6929B8529D8A8D50.e.22443/enabled - {}
COMMAND: GET /session/2eef3865f9633c585bb33c6ac0c7be86/screenshot - {}
RESULT: {}
COMMAND: POST /session/2eef3865f9633c585bb33c6ac0c7be86/execute/sync - {"script":"<script> [8489 bytes]","args":[{"element-6066-11e4-a52e-4f735466cecf":"f.38388B4EA542EE9F87EA90A6B1549037.d.C6F7C8145FDC0EDE6929B8529D8A8D50.e.22443","ELEMENT":"f.38388B4EA542EE9F87EA90A6B1549037.d.C6F7C8145FDC0EDE6929B8529D8A8D50.e.22443"}]}
COMMAND: GET /session/2eef3865f9633c585bb33c6ac0c7be86/screenshot - {}
RESULT: {}
RESULT: {"script":"<script> [8489 bytes]","args":[{"element-6066-11e4-a52e-4f735466cecf":"f.38388B4EA542EE9F87EA90A6B1549037.d.C6F7C8145FDC0EDE6929B8529D8A8D50.e.22443","ELEMENT":"f.38388B4EA542EE9F87EA90A6B1549037.d.C6F7C8145FDC0EDE6929B8529D8A8D50.e.22443"}]}
COMMAND: POST /session/2eef3865f9633c585bb33c6ac0c7be86/execute/sync - {"script":"<script> [5351 bytes]","args":[{"element-6066-11e4-a52e-4f735466cecf":"f.38388B4EA542EE9F87EA90A6B1549037.d.C6F7C8145FDC0EDE6929B8529D8A8D50.e.22443","ELEMENT":"f.38388B4EA542EE9F87EA90A6B1549037.d.C6F7C8145FDC0EDE6929B8529D8A8D50.e.22443"}]}
COMMAND: GET /session/2eef3865f9633c585bb33c6ac0c7be86/screenshot - {}
RESULT: {}
RESULT: {"script":"<script> [5351 bytes]","args":[{"element-6066-11e4-a52e-4f735466cecf":"f.38388B4EA542EE9F87EA90A6B1549037.d.C6F7C8145FDC0EDE6929B8529D8A8D50.e.22443","ELEMENT":"f.38388B4EA542EE9F87EA90A6B1549037.d.C6F7C8145FDC0EDE6929B8529D8A8D50.e.22443"}]}
COMMAND: GET /session/2eef3865f9633c585bb33c6ac0c7be86/screenshot - {}
RESULT: {}
RESULT: {}
COMMAND: POST /session/2eef3865f9633c585bb33c6ac0c7be86/element/f.38388B4EA542EE9F87EA90A6B1549037.d.C6F7C8145FDC0EDE6929B8529D8A8D50.e.22443/clear - {}
RESULT: {}
COMMAND: POST /session/2eef3865f9633c585bb33c6ac0c7be86/element/f.38388B4EA542EE9F87EA90A6B1549037.d.C6F7C8145FDC0EDE6929B8529D8A8D50.e.22443/value - {"text":"272"}
COMMAND: GET /session/2eef3865f9633c585bb33c6ac0c7be86/screenshot - {}
RESULT: {"text":"272"}
COMMAND: POST /session/2eef3865f9633c585bb33c6ac0c7be86/actions - {"actions":[{"id":"action71","type":"key","parameters":{},"actions":[{"type":"keyDown","value":""},{"type":"pause","duration":10},{"type":"keyUp","value":""}]}]}
COMMAND: GET /session/2eef3865f9633c585bb33c6ac0c7be86/screenshot - {}
RESULT: {}
RESULT: {"actions":[{"id":"action71","type":"key","parameters":{},"actions":[{"type":"keyDown","value":""},{"type":"pause","duration":10},{"type":"keyUp","value":""}]}]}
COMMAND: GET /session/2eef3865f9633c585bb33c6ac0c7be86/screenshot - {}
RESULT: {}
RESULT: {}
COMMAND: POST /session/2eef3865f9633c585bb33c6ac0c7be86/element - {"using":"xpath","value":"//button[contains(@data-kt, \"MasterMovementAddOverflowToolbarButton\")]"}
RESULT: {"using":"xpath","value":"//button[contains(@data-kt, \"MasterMovementAddOverflowToolbarButton\")]"}
COMMAND: POST /session/2eef3865f9633c585bb33c6ac0c7be86/element/f.38388B4EA542EE9F87EA90A6B1549037.d.C6F7C8145FDC0EDE6929B8529D8A8D50.e.22480/click - {}
RESULT: {}
COMMAND: GET /session/2eef3865f9633c585bb33c6ac0c7be86/screenshot - {}
RESULT: {}
COMMAND: POST /session/2eef3865f9633c585bb33c6ac0c7be86/element - {"using":"xpath","value":"//*[@id=\"application-warehousemovements-display-component---addMovement--sectionsList-arrow\"]"}
RESULT: {"using":"xpath","value":"//*[@id=\"application-warehousemovements-display-component---addMovement--sectionsList-arrow\"]"}
COMMAND: POST /session/2eef3865f9633c585bb33c6ac0c7be86/element/f.38388B4EA542EE9F87EA90A6B1549037.d.C6F7C8145FDC0EDE6929B8529D8A8D50.e.22670/click - {}
RESULT: {}
COMMAND: POST /session/2eef3865f9633c585bb33c6ac0c7be86/actions - {"actions":[{"id":"action72","type":"key","parameters":{},"actions":[{"type":"keyDown","value":""},{"type":"pause","duration":10},{"type":"keyUp","value":""}]}]}
COMMAND: GET /session/2eef3865f9633c585bb33c6ac0c7be86/screenshot - {}
RESULT: {"actions":[{"id":"action72","type":"key","parameters":{},"actions":[{"type":"keyDown","value":""},{"type":"pause","duration":10},{"type":"keyUp","value":""}]}]}
COMMAND: GET /session/2eef3865f9633c585bb33c6ac0c7be86/screenshot - {}
RESULT: {}
RESULT: {}
COMMAND: POST /session/2eef3865f9633c585bb33c6ac0c7be86/actions - {"actions":[{"id":"action73","type":"key","parameters":{},"actions":[{"type":"keyDown","value":""},{"type":"pause","duration":10},{"type":"keyUp","value":""}]}]}
RESULT: {"actions":[{"id":"action73","type":"key","parameters":{},"actions":[{"type":"keyDown","value":""},{"type":"pause","duration":10},{"type":"keyUp","value":""}]}]}
COMMAND: GET /session/2eef3865f9633c585bb33c6ac0c7be86/screenshot - {}
RESULT: {}
COMMAND: POST /session/2eef3865f9633c585bb33c6ac0c7be86/element - {"using":"xpath","value":"//*[@id=\"application-warehousemovements-display-component---addMovement--saveMovementBtn-BDI-content\" and text()=\"Save\"]"}
RESULT: {"using":"xpath","value":"//*[@id=\"application-warehousemovements-display-component---addMovement--saveMovementBtn-BDI-content\" and text()=\"Save\"]"}
COMMAND: POST /session/2eef3865f9633c585bb33c6ac0c7be86/element/f.38388B4EA542EE9F87EA90A6B1549037.d.C6F7C8145FDC0EDE6929B8529D8A8D50.e.22671/click - {}
RESULT: {}
COMMAND: GET /session/2eef3865f9633c585bb33c6ac0c7be86/screenshot - {}
RESULT: {}
COMMAND: POST /session/2eef3865f9633c585bb33c6ac0c7be86/element - {"using":"css selector","value":"#shell-header-logo"}
RESULT: {"using":"css selector","value":"#shell-header-logo"}
COMMAND: POST /session/2eef3865f9633c585bb33c6ac0c7be86/element/f.38388B4EA542EE9F87EA90A6B1549037.d.C6F7C8145FDC0EDE6929B8529D8A8D50.e.22437/click - {}
RESULT: {}
COMMAND: GET /session/2eef3865f9633c585bb33c6ac0c7be86/screenshot - {}
RESULT: {}
]]></system-out>
    </testcase>
    <testcase classname="chrome.136_0_7103_93.windows.Create_masterdata_for_Yard_Overview_-_trigger_provide_US130988" name="Should do a stock increase handover for equipment" time="88.904">
      <system-out><![CDATA[
COMMAND: POST /session/2eef3865f9633c585bb33c6ac0c7be86/execute/async - {"script":"<script> [1562 bytes]","args":[{"selector":{"controlType":"sap.m.GenericTile","properties":{"header":"Manage Handovers"}},"wdio_ui5_key":"sapm.GenericTile{\"header\":\"Manage Handovers\"}"}]}
RESULT: {"script":"<script> [1562 bytes]","args":[{"selector":{"controlType":"sap.m.GenericTile","properties":{"header":"Manage Handovers"}},"wdio_ui5_key":"sapm.GenericTile{\"header\":\"Manage Handovers\"}"}]}
RESULT: undefined
COMMAND: POST /session/2eef3865f9633c585bb33c6ac0c7be86/element - {"using":"xpath","value":"//*[@id=\"__tile130\"]"}
RESULT: {"using":"xpath","value":"//*[@id=\"__tile130\"]"}
COMMAND: POST /session/2eef3865f9633c585bb33c6ac0c7be86/element/f.38388B4EA542EE9F87EA90A6B1549037.d.C6F7C8145FDC0EDE6929B8529D8A8D50.e.21754/click - {}
RESULT: {}
COMMAND: GET /session/2eef3865f9633c585bb33c6ac0c7be86/screenshot - {}
RESULT: {}
COMMAND: POST /session/2eef3865f9633c585bb33c6ac0c7be86/elements - {"using":"xpath","value":"//span[text()='Error']"}
RESULT: {"using":"xpath","value":"//span[text()='Error']"}
COMMAND: POST /session/2eef3865f9633c585bb33c6ac0c7be86/element - {"using":"xpath","value":"//button[@data-kt=\"masterHOAddButton\"]"}
RESULT: {"using":"xpath","value":"//button[@data-kt=\"masterHOAddButton\"]"}
COMMAND: POST /session/2eef3865f9633c585bb33c6ac0c7be86/elements - {"using":"xpath","value":"//button[@data-kt=\"masterHOAddButton\"]"}
RESULT: {"using":"xpath","value":"//button[@data-kt=\"masterHOAddButton\"]"}
COMMAND: POST /session/2eef3865f9633c585bb33c6ac0c7be86/execute/sync - {"script":"<script> [8489 bytes]","args":[{"element-6066-11e4-a52e-4f735466cecf":"f.38388B4EA542EE9F87EA90A6B1549037.d.C6F7C8145FDC0EDE6929B8529D8A8D50.e.22829","ELEMENT":"f.38388B4EA542EE9F87EA90A6B1549037.d.C6F7C8145FDC0EDE6929B8529D8A8D50.e.22829"}]}
RESULT: {"script":"<script> [8489 bytes]","args":[{"element-6066-11e4-a52e-4f735466cecf":"f.38388B4EA542EE9F87EA90A6B1549037.d.C6F7C8145FDC0EDE6929B8529D8A8D50.e.22829","ELEMENT":"f.38388B4EA542EE9F87EA90A6B1549037.d.C6F7C8145FDC0EDE6929B8529D8A8D50.e.22829"}]}
COMMAND: GET /session/2eef3865f9633c585bb33c6ac0c7be86/element/f.38388B4EA542EE9F87EA90A6B1549037.d.C6F7C8145FDC0EDE6929B8529D8A8D50.e.22829/enabled - {}
COMMAND: GET /session/2eef3865f9633c585bb33c6ac0c7be86/screenshot - {}
RESULT: {}
COMMAND: POST /session/2eef3865f9633c585bb33c6ac0c7be86/execute/sync - {"script":"<script> [8489 bytes]","args":[{"element-6066-11e4-a52e-4f735466cecf":"f.38388B4EA542EE9F87EA90A6B1549037.d.C6F7C8145FDC0EDE6929B8529D8A8D50.e.22829","ELEMENT":"f.38388B4EA542EE9F87EA90A6B1549037.d.C6F7C8145FDC0EDE6929B8529D8A8D50.e.22829"}]}
COMMAND: GET /session/2eef3865f9633c585bb33c6ac0c7be86/screenshot - {}
RESULT: {}
RESULT: {"script":"<script> [8489 bytes]","args":[{"element-6066-11e4-a52e-4f735466cecf":"f.38388B4EA542EE9F87EA90A6B1549037.d.C6F7C8145FDC0EDE6929B8529D8A8D50.e.22829","ELEMENT":"f.38388B4EA542EE9F87EA90A6B1549037.d.C6F7C8145FDC0EDE6929B8529D8A8D50.e.22829"}]}
COMMAND: POST /session/2eef3865f9633c585bb33c6ac0c7be86/execute/sync - {"script":"<script> [5351 bytes]","args":[{"element-6066-11e4-a52e-4f735466cecf":"f.38388B4EA542EE9F87EA90A6B1549037.d.C6F7C8145FDC0EDE6929B8529D8A8D50.e.22829","ELEMENT":"f.38388B4EA542EE9F87EA90A6B1549037.d.C6F7C8145FDC0EDE6929B8529D8A8D50.e.22829"}]}
COMMAND: GET /session/2eef3865f9633c585bb33c6ac0c7be86/screenshot - {}
RESULT: {}
RESULT: {"script":"<script> [5351 bytes]","args":[{"element-6066-11e4-a52e-4f735466cecf":"f.38388B4EA542EE9F87EA90A6B1549037.d.C6F7C8145FDC0EDE6929B8529D8A8D50.e.22829","ELEMENT":"f.38388B4EA542EE9F87EA90A6B1549037.d.C6F7C8145FDC0EDE6929B8529D8A8D50.e.22829"}]}
COMMAND: POST /session/2eef3865f9633c585bb33c6ac0c7be86/element/f.38388B4EA542EE9F87EA90A6B1549037.d.C6F7C8145FDC0EDE6929B8529D8A8D50.e.22829/click - {}
COMMAND: GET /session/2eef3865f9633c585bb33c6ac0c7be86/screenshot - {}
RESULT: {}
RESULT: {}
COMMAND: GET /session/2eef3865f9633c585bb33c6ac0c7be86/screenshot - {}
RESULT: {}
COMMAND: POST /session/2eef3865f9633c585bb33c6ac0c7be86/element - {"using":"xpath","value":"//span[contains(@id ,\"AddNewHO--typeSelect-arrow\")]"}
RESULT: {}
RESULT: {"using":"xpath","value":"//span[contains(@id ,\"AddNewHO--typeSelect-arrow\")]"}
COMMAND: POST /session/2eef3865f9633c585bb33c6ac0c7be86/element/f.38388B4EA542EE9F87EA90A6B1549037.d.C6F7C8145FDC0EDE6929B8529D8A8D50.e.23186/click - {}
RESULT: {}
COMMAND: GET /session/2eef3865f9633c585bb33c6ac0c7be86/screenshot - {}
RESULT: {}
COMMAND: POST /session/2eef3865f9633c585bb33c6ac0c7be86/element - {"using":"xpath","value":"(//li[contains(text(), \"stock increase yard\")])[1]"}
RESULT: {"using":"xpath","value":"(//li[contains(text(), \"stock increase yard\")])[1]"}
COMMAND: POST /session/2eef3865f9633c585bb33c6ac0c7be86/element/f.38388B4EA542EE9F87EA90A6B1549037.d.C6F7C8145FDC0EDE6929B8529D8A8D50.e.23187/click - {}
RESULT: {}
COMMAND: GET /session/2eef3865f9633c585bb33c6ac0c7be86/screenshot - {}
RESULT: {}
COMMAND: POST /session/2eef3865f9633c585bb33c6ac0c7be86/execute/async - {"script":"<script> [1562 bytes]","args":[{"selector":{"id":"application-managehandovers-display-component---AddNewHO--dueDate","interaction":{"idSuffix":"inner"}},"wdio_ui5_key":"applicationmanagehandovers-display-component---AddNewHO--dueDate"}]}
RESULT: {"script":"<script> [1562 bytes]","args":[{"selector":{"id":"application-managehandovers-display-component---AddNewHO--dueDate","interaction":{"idSuffix":"inner"}},"wdio_ui5_key":"applicationmanagehandovers-display-component---AddNewHO--dueDate"}]}
RESULT: undefined
COMMAND: POST /session/2eef3865f9633c585bb33c6ac0c7be86/execute/async - {"script":"<script> [6424 bytes]","args":[{"element-6066-11e4-a52e-4f735466cecf":"f.38388B4EA542EE9F87EA90A6B1549037.d.C6F7C8145FDC0EDE6929B8529D8A8D50.e.23191"},"setValue",["5/25/25"]]}
RESULT: {"script":"<script> [6424 bytes]","args":[{"element-6066-11e4-a52e-4f735466cecf":"f.38388B4EA542EE9F87EA90A6B1549037.d.C6F7C8145FDC0EDE6929B8529D8A8D50.e.23191"},"setValue",["5/25/25"]]}
COMMAND: POST /session/2eef3865f9633c585bb33c6ac0c7be86/element - {"using":"xpath","value":"//input[@id=\"generalSectionFrg--receiveYard-inner\"]"}
RESULT: {"using":"xpath","value":"//input[@id=\"generalSectionFrg--receiveYard-inner\"]"}
COMMAND: POST /session/2eef3865f9633c585bb33c6ac0c7be86/element/f.38388B4EA542EE9F87EA90A6B1549037.d.C6F7C8145FDC0EDE6929B8529D8A8D50.e.23197/clear - {}
RESULT: {}
COMMAND: POST /session/2eef3865f9633c585bb33c6ac0c7be86/element/f.38388B4EA542EE9F87EA90A6B1549037.d.C6F7C8145FDC0EDE6929B8529D8A8D50.e.23197/value - {"text":"272"}
COMMAND: GET /session/2eef3865f9633c585bb33c6ac0c7be86/screenshot - {}
RESULT: {"text":"272"}
COMMAND: GET /session/2eef3865f9633c585bb33c6ac0c7be86/screenshot - {}
RESULT: {}
RESULT: {}
COMMAND: POST /session/2eef3865f9633c585bb33c6ac0c7be86/element - {"using":"xpath","value":"//li[.//span[text()='272']]"}
RESULT: {"using":"xpath","value":"//li[.//span[text()='272']]"}
COMMAND: POST /session/2eef3865f9633c585bb33c6ac0c7be86/element/f.38388B4EA542EE9F87EA90A6B1549037.d.C6F7C8145FDC0EDE6929B8529D8A8D50.e.23213/click - {}
RESULT: {}
COMMAND: GET /session/2eef3865f9633c585bb33c6ac0c7be86/screenshot - {}
RESULT: {}
COMMAND: POST /session/2eef3865f9633c585bb33c6ac0c7be86/execute/async - {"script":"<script> [1562 bytes]","args":[{"selector":{"id":"application-managehandovers-display-component---AddNewHO--ObjectPageLayout-anchBar-application-managehandovers-display-component---AddNewHO--section4-anchor","interaction":{"idSuffix":"BDI-content"}},"wdio_ui5_key":"applicationmanagehandovers-display-component---AddNewHO--ObjectPageLayout-anchBar-application-managehandovers-display-component---AddNewHO--section4-anchor"}]}
RESULT: {"script":"<script> [1562 bytes]","args":[{"selector":{"id":"application-managehandovers-display-component---AddNewHO--ObjectPageLayout-anchBar-application-managehandovers-display-component---AddNewHO--section4-anchor","interaction":{"idSuffix":"BDI-content"}},"wdio_ui5_key":"applicationmanagehandovers-display-component---AddNewHO--ObjectPageLayout-anchBar-application-managehandovers-display-component---AddNewHO--section4-anchor"}]}
RESULT: undefined
COMMAND: POST /session/2eef3865f9633c585bb33c6ac0c7be86/element - {"using":"xpath","value":"//*[@id=\"application-managehandovers-display-component---AddNewHO--ObjectPageLayout-anchBar-application-managehandovers-display-component---AddNewHO--section4-anchor\"]"}
RESULT: {"using":"xpath","value":"//*[@id=\"application-managehandovers-display-component---AddNewHO--ObjectPageLayout-anchBar-application-managehandovers-display-component---AddNewHO--section4-anchor\"]"}
COMMAND: POST /session/2eef3865f9633c585bb33c6ac0c7be86/element/f.38388B4EA542EE9F87EA90A6B1549037.d.C6F7C8145FDC0EDE6929B8529D8A8D50.e.23215/click - {}
RESULT: {}
COMMAND: POST /session/2eef3865f9633c585bb33c6ac0c7be86/element - {"using":"xpath","value":"//button[@aria-label=\"Add\"]"}
COMMAND: GET /session/2eef3865f9633c585bb33c6ac0c7be86/screenshot - {}
RESULT: {"using":"xpath","value":"//button[@aria-label=\"Add\"]"}
COMMAND: POST /session/2eef3865f9633c585bb33c6ac0c7be86/element/f.38388B4EA542EE9F87EA90A6B1549037.d.C6F7C8145FDC0EDE6929B8529D8A8D50.e.23217/click - {}
RESULT: {}
RESULT: {}
COMMAND: GET /session/2eef3865f9633c585bb33c6ac0c7be86/screenshot - {}
RESULT: {}
COMMAND: POST /session/2eef3865f9633c585bb33c6ac0c7be86/execute/async - {"script":"<script> [1562 bytes]","args":[{"selector":{"id":"application-managehandovers-display-component---AddNewHO--smartFilterBar-btnBasicSearch","searchOpenDialogs":true,"interaction":{"idSuffix":"I"}},"wdio_ui5_key":"applicationmanagehandovers-display-component---AddNewHO--smartFilterBar-btnBasicSearch"}]}
RESULT: {"script":"<script> [1562 bytes]","args":[{"selector":{"id":"application-managehandovers-display-component---AddNewHO--smartFilterBar-btnBasicSearch","searchOpenDialogs":true,"interaction":{"idSuffix":"I"}},"wdio_ui5_key":"applicationmanagehandovers-display-component---AddNewHO--smartFilterBar-btnBasicSearch"}]}
RESULT: undefined
COMMAND: POST /session/2eef3865f9633c585bb33c6ac0c7be86/execute/async - {"script":"<script> [776 bytes]","args":[{"enterText":"200136","selector":{"id":"application-managehandovers-display-component---AddNewHO--smartFilterBar-btnBasicSearch","searchOpenDialogs":true,"interaction":{"idSuffix":"I"}},"clearTextFirst":true,"interactionType":"ENTER_TEXT"}]}
RESULT: {"script":"<script> [776 bytes]","args":[{"enterText":"200136","selector":{"id":"application-managehandovers-display-component---AddNewHO--smartFilterBar-btnBasicSearch","searchOpenDialogs":true,"interaction":{"idSuffix":"I"}},"clearTextFirst":true,"interactionType":"ENTER_TEXT"}]}
COMMAND: POST /session/2eef3865f9633c585bb33c6ac0c7be86/actions - {"actions":[{"id":"action74","type":"key","parameters":{},"actions":[{"type":"keyDown","value":""},{"type":"pause","duration":10},{"type":"keyUp","value":""}]}]}
RESULT: {"actions":[{"id":"action74","type":"key","parameters":{},"actions":[{"type":"keyDown","value":""},{"type":"pause","duration":10},{"type":"keyUp","value":""}]}]}
COMMAND: GET /session/2eef3865f9633c585bb33c6ac0c7be86/screenshot - {}
RESULT: {}
COMMAND: POST /session/2eef3865f9633c585bb33c6ac0c7be86/execute/async - {"script":"<script> [1562 bytes]","args":[{"selector":{"id":"application-managehandovers-display-component---AddNewHO--popup-sa","searchOpenDialogs":true,"interaction":{"idSuffix":"CbBg"}},"wdio_ui5_key":"applicationmanagehandovers-display-component---AddNewHO--popup-sa"}]}
RESULT: {"script":"<script> [1562 bytes]","args":[{"selector":{"id":"application-managehandovers-display-component---AddNewHO--popup-sa","searchOpenDialogs":true,"interaction":{"idSuffix":"CbBg"}},"wdio_ui5_key":"applicationmanagehandovers-display-component---AddNewHO--popup-sa"}]}
RESULT: undefined
COMMAND: POST /session/2eef3865f9633c585bb33c6ac0c7be86/element - {"using":"xpath","value":"//*[@id=\"application-managehandovers-display-component---AddNewHO--popup-sa\"]"}
RESULT: {"using":"xpath","value":"//*[@id=\"application-managehandovers-display-component---AddNewHO--popup-sa\"]"}
COMMAND: POST /session/2eef3865f9633c585bb33c6ac0c7be86/element/f.38388B4EA542EE9F87EA90A6B1549037.d.C6F7C8145FDC0EDE6929B8529D8A8D50.e.23368/click - {}
RESULT: {}
COMMAND: GET /session/2eef3865f9633c585bb33c6ac0c7be86/screenshot - {}
RESULT: {}
COMMAND: POST /session/2eef3865f9633c585bb33c6ac0c7be86/element - {"using":"xpath","value":"//bdi[contains(text(), \"Select\")]"}
RESULT: {"using":"xpath","value":"//bdi[contains(text(), \"Select\")]"}
COMMAND: POST /session/2eef3865f9633c585bb33c6ac0c7be86/element/f.38388B4EA542EE9F87EA90A6B1549037.d.C6F7C8145FDC0EDE6929B8529D8A8D50.e.23369/click - {}
RESULT: {}
COMMAND: GET /session/2eef3865f9633c585bb33c6ac0c7be86/screenshot - {}
RESULT: {}
COMMAND: POST /session/2eef3865f9633c585bb33c6ac0c7be86/element - {"using":"xpath","value":"//button[@data-kt=\"AddNewHOSaveButton\"]"}
RESULT: {"using":"xpath","value":"//button[@data-kt=\"AddNewHOSaveButton\"]"}
COMMAND: POST /session/2eef3865f9633c585bb33c6ac0c7be86/element/f.38388B4EA542EE9F87EA90A6B1549037.d.C6F7C8145FDC0EDE6929B8529D8A8D50.e.23373/click - {}
RESULT: {}
COMMAND: GET /session/2eef3865f9633c585bb33c6ac0c7be86/screenshot - {}
RESULT: {}
COMMAND: POST /session/2eef3865f9633c585bb33c6ac0c7be86/execute/async - {"script":"<script> [1562 bytes]","args":[{"selector":{"id":"receiptDatePicker","viewName":"etm.portal.ui.managehandovers.view.DetailExecuteHO","interaction":{"idSuffix":"inner"}},"wdio_ui5_key":"receiptDatePickeretmportal.ui.managehandovers.view.DetailExecuteHO"}]}
RESULT: {"script":"<script> [1562 bytes]","args":[{"selector":{"id":"receiptDatePicker","viewName":"etm.portal.ui.managehandovers.view.DetailExecuteHO","interaction":{"idSuffix":"inner"}},"wdio_ui5_key":"receiptDatePickeretmportal.ui.managehandovers.view.DetailExecuteHO"}]}
RESULT: undefined
COMMAND: POST /session/2eef3865f9633c585bb33c6ac0c7be86/execute/async - {"script":"<script> [6424 bytes]","args":[{"element-6066-11e4-a52e-4f735466cecf":"f.38388B4EA542EE9F87EA90A6B1549037.d.C6F7C8145FDC0EDE6929B8529D8A8D50.e.23405"},"setValue",["5/25/25"]]}
RESULT: {"script":"<script> [6424 bytes]","args":[{"element-6066-11e4-a52e-4f735466cecf":"f.38388B4EA542EE9F87EA90A6B1549037.d.C6F7C8145FDC0EDE6929B8529D8A8D50.e.23405"},"setValue",["5/25/25"]]}
COMMAND: POST /session/2eef3865f9633c585bb33c6ac0c7be86/element - {"using":"xpath","value":"//button[@data-kt=\"ReceivingTableConfirmAllButton\"]"}
RESULT: {"using":"xpath","value":"//button[@data-kt=\"ReceivingTableConfirmAllButton\"]"}
COMMAND: POST /session/2eef3865f9633c585bb33c6ac0c7be86/element/f.38388B4EA542EE9F87EA90A6B1549037.d.C6F7C8145FDC0EDE6929B8529D8A8D50.e.23422/click - {}
RESULT: {}
COMMAND: GET /session/2eef3865f9633c585bb33c6ac0c7be86/screenshot - {}
RESULT: {}
COMMAND: POST /session/2eef3865f9633c585bb33c6ac0c7be86/element - {"using":"xpath","value":"//bdi[contains(text(), \"OK\")]"}
RESULT: {"using":"xpath","value":"//bdi[contains(text(), \"OK\")]"}
COMMAND: POST /session/2eef3865f9633c585bb33c6ac0c7be86/element/f.38388B4EA542EE9F87EA90A6B1549037.d.C6F7C8145FDC0EDE6929B8529D8A8D50.e.23424/click - {}
RESULT: {}
COMMAND: GET /session/2eef3865f9633c585bb33c6ac0c7be86/screenshot - {}
RESULT: {}
COMMAND: POST /session/2eef3865f9633c585bb33c6ac0c7be86/element - {"using":"xpath","value":"(//bdi[contains(text(), \"Receive\")])[2]"}
RESULT: {"using":"xpath","value":"(//bdi[contains(text(), \"Receive\")])[2]"}
COMMAND: POST /session/2eef3865f9633c585bb33c6ac0c7be86/element/f.38388B4EA542EE9F87EA90A6B1549037.d.C6F7C8145FDC0EDE6929B8529D8A8D50.e.23426/click - {}
RESULT: {}
COMMAND: GET /session/2eef3865f9633c585bb33c6ac0c7be86/screenshot - {}
RESULT: {}
COMMAND: POST /session/2eef3865f9633c585bb33c6ac0c7be86/element - {"using":"css selector","value":"#shell-header-logo"}
RESULT: {"using":"css selector","value":"#shell-header-logo"}
COMMAND: POST /session/2eef3865f9633c585bb33c6ac0c7be86/element/f.38388B4EA542EE9F87EA90A6B1549037.d.C6F7C8145FDC0EDE6929B8529D8A8D50.e.22796/click - {}
RESULT: {}
COMMAND: GET /session/2eef3865f9633c585bb33c6ac0c7be86/screenshot - {}
RESULT: {}
]]></system-out>
    </testcase>
    <testcase classname="chrome.136_0_7103_93.windows.Create_masterdata_for_Yard_Overview_-_trigger_provide_US130988" name="Set status to defect" time="56.739">
      <system-out><![CDATA[
COMMAND: POST /session/2eef3865f9633c585bb33c6ac0c7be86/execute/async - {"script":"<script> [1562 bytes]","args":[{"selector":{"controlType":"sap.m.GenericTile","properties":{"header":"Manage States & Performance"}},"wdio_ui5_key":"sapm.GenericTile{\"header\":\"Manage States & Performance\"}"}]}
RESULT: {"script":"<script> [1562 bytes]","args":[{"selector":{"controlType":"sap.m.GenericTile","properties":{"header":"Manage States & Performance"}},"wdio_ui5_key":"sapm.GenericTile{\"header\":\"Manage States & Performance\"}"}]}
RESULT: undefined
COMMAND: POST /session/2eef3865f9633c585bb33c6ac0c7be86/element - {"using":"xpath","value":"//*[@id=\"__tile96\"]"}
RESULT: {"using":"xpath","value":"//*[@id=\"__tile96\"]"}
COMMAND: POST /session/2eef3865f9633c585bb33c6ac0c7be86/element/f.38388B4EA542EE9F87EA90A6B1549037.d.C6F7C8145FDC0EDE6929B8529D8A8D50.e.21799/click - {}
RESULT: {}
COMMAND: GET /session/2eef3865f9633c585bb33c6ac0c7be86/screenshot - {}
RESULT: {}
COMMAND: POST /session/2eef3865f9633c585bb33c6ac0c7be86/elements - {"using":"xpath","value":"//span[text()='Error']"}
RESULT: {"using":"xpath","value":"//span[text()='Error']"}
COMMAND: POST /session/2eef3865f9633c585bb33c6ac0c7be86/execute/async - {"script":"<script> [1562 bytes]","args":[{"selector":{"controlType":"sap.ui.core.Icon","viewName":"etm.portal.ui.managestatesandperformance.view.Master","viewId":"application-managestatesandperformance-display-component---stateAndPerform","properties":{"src":{"regex":{"source":"inventory"}}}},"wdio_ui5_key":"etmportal.ui.managestatesandperformance.view.Mastersap.ui.core.Icon{\"src\":{\"regex\":{\"source\":\"inventory\"}}}"}]}
RESULT: {"script":"<script> [1562 bytes]","args":[{"selector":{"controlType":"sap.ui.core.Icon","viewName":"etm.portal.ui.managestatesandperformance.view.Master","viewId":"application-managestatesandperformance-display-component---stateAndPerform","properties":{"src":{"regex":{"source":"inventory"}}}},"wdio_ui5_key":"etmportal.ui.managestatesandperformance.view.Mastersap.ui.core.Icon{\"src\":{\"regex\":{\"source\":\"inventory\"}}}"}]}
RESULT: undefined
COMMAND: POST /session/2eef3865f9633c585bb33c6ac0c7be86/element - {"using":"xpath","value":"//*[@id=\"__filter57-icon\"]"}
RESULT: {"using":"xpath","value":"//*[@id=\"__filter57-icon\"]"}
COMMAND: POST /session/2eef3865f9633c585bb33c6ac0c7be86/element/f.38388B4EA542EE9F87EA90A6B1549037.d.C6F7C8145FDC0EDE6929B8529D8A8D50.e.23696/click - {}
RESULT: {}
COMMAND: POST /session/2eef3865f9633c585bb33c6ac0c7be86/execute/async - {"script":"<script> [1562 bytes]","args":[{"selector":{"id":"application-managestatesandperformance-display-component---stateAndPerform--smartFilterBarYard-btnBasicSearch","interaction":{"idSuffix":"I"}},"wdio_ui5_key":"applicationmanagestatesandperformance-display-component---stateAndPerform--smartFilterBarYard-btnBasicSearch"}]}
COMMAND: GET /session/2eef3865f9633c585bb33c6ac0c7be86/screenshot - {}
RESULT: {"script":"<script> [1562 bytes]","args":[{"selector":{"id":"application-managestatesandperformance-display-component---stateAndPerform--smartFilterBarYard-btnBasicSearch","interaction":{"idSuffix":"I"}},"wdio_ui5_key":"applicationmanagestatesandperformance-display-component---stateAndPerform--smartFilterBarYard-btnBasicSearch"}]}
RESULT: undefined
COMMAND: POST /session/2eef3865f9633c585bb33c6ac0c7be86/execute/async - {"script":"<script> [776 bytes]","args":[{"enterText":"200136","selector":{"id":"application-managestatesandperformance-display-component---stateAndPerform--smartFilterBarYard-btnBasicSearch","interaction":{"idSuffix":"I"}},"clearTextFirst":true,"interactionType":"ENTER_TEXT"}]}
RESULT: {}
RESULT: {"script":"<script> [776 bytes]","args":[{"enterText":"200136","selector":{"id":"application-managestatesandperformance-display-component---stateAndPerform--smartFilterBarYard-btnBasicSearch","interaction":{"idSuffix":"I"}},"clearTextFirst":true,"interactionType":"ENTER_TEXT"}]}
COMMAND: POST /session/2eef3865f9633c585bb33c6ac0c7be86/actions - {"actions":[{"id":"action75","type":"key","parameters":{},"actions":[{"type":"keyDown","value":""},{"type":"pause","duration":10},{"type":"keyUp","value":""}]}]}
RESULT: {"actions":[{"id":"action75","type":"key","parameters":{},"actions":[{"type":"keyDown","value":""},{"type":"pause","duration":10},{"type":"keyUp","value":""}]}]}
COMMAND: GET /session/2eef3865f9633c585bb33c6ac0c7be86/screenshot - {}
RESULT: {}
COMMAND: POST /session/2eef3865f9633c585bb33c6ac0c7be86/element - {"using":"xpath","value":"(//span[contains(@id, \"imgNav\")])[1]"}
RESULT: {"using":"xpath","value":"(//span[contains(@id, \"imgNav\")])[1]"}
COMMAND: POST /session/2eef3865f9633c585bb33c6ac0c7be86/element/f.38388B4EA542EE9F87EA90A6B1549037.d.C6F7C8145FDC0EDE6929B8529D8A8D50.e.23775/click - {}
RESULT: {}
COMMAND: GET /session/2eef3865f9633c585bb33c6ac0c7be86/screenshot - {}
RESULT: {}
COMMAND: POST /session/2eef3865f9633c585bb33c6ac0c7be86/execute/async - {"script":"<script> [1562 bytes]","args":[{"selector":{"controlType":"sap.m.Button","viewName":"etm.portal.ui.managestatesandperformance.view.Detail","viewId":"application-managestatesandperformance-display-component---detailStateAndPerform","i18NText":{"propertyName":"text","key":"createStateChange"},"interaction":{"idSuffix":"content"}},"wdio_ui5_key":"etmportal.ui.managestatesandperformance.view.Detailsap.m.Button{\"propertyName\":\"text\",\"key\":\"createStateChange\"}"}]}
RESULT: {"script":"<script> [1562 bytes]","args":[{"selector":{"controlType":"sap.m.Button","viewName":"etm.portal.ui.managestatesandperformance.view.Detail","viewId":"application-managestatesandperformance-display-component---detailStateAndPerform","i18NText":{"propertyName":"text","key":"createStateChange"},"interaction":{"idSuffix":"content"}},"wdio_ui5_key":"etmportal.ui.managestatesandperformance.view.Detailsap.m.Button{\"propertyName\":\"text\",\"key\":\"createStateChange\"}"}]}
RESULT: undefined
COMMAND: POST /session/2eef3865f9633c585bb33c6ac0c7be86/element - {"using":"xpath","value":"//*[@id=\"__button186\"]"}
RESULT: {"using":"xpath","value":"//*[@id=\"__button186\"]"}
COMMAND: POST /session/2eef3865f9633c585bb33c6ac0c7be86/element/f.38388B4EA542EE9F87EA90A6B1549037.d.C6F7C8145FDC0EDE6929B8529D8A8D50.e.23820/click - {}
RESULT: {}
COMMAND: GET /session/2eef3865f9633c585bb33c6ac0c7be86/screenshot - {}
RESULT: {}
COMMAND: POST /session/2eef3865f9633c585bb33c6ac0c7be86/execute/async - {"script":"<script> [1562 bytes]","args":[{"selector":{"id":"addStateDialog--stateSelect","searchOpenDialogs":true,"interaction":{"idSuffix":"arrow"}},"wdio_ui5_key":"addStateDialogstateSelect"}]}
RESULT: {"script":"<script> [1562 bytes]","args":[{"selector":{"id":"addStateDialog--stateSelect","searchOpenDialogs":true,"interaction":{"idSuffix":"arrow"}},"wdio_ui5_key":"addStateDialogstateSelect"}]}
RESULT: undefined
COMMAND: POST /session/2eef3865f9633c585bb33c6ac0c7be86/element - {"using":"xpath","value":"//*[@id=\"addStateDialog--stateSelect\"]"}
RESULT: {"using":"xpath","value":"//*[@id=\"addStateDialog--stateSelect\"]"}
COMMAND: POST /session/2eef3865f9633c585bb33c6ac0c7be86/element/f.38388B4EA542EE9F87EA90A6B1549037.d.C6F7C8145FDC0EDE6929B8529D8A8D50.e.23845/click - {}
RESULT: {}
COMMAND: GET /session/2eef3865f9633c585bb33c6ac0c7be86/screenshot - {}
RESULT: {}
COMMAND: POST /session/2eef3865f9633c585bb33c6ac0c7be86/element - {"using":"xpath","value":"//li[text()=\"defect\"]"}
RESULT: {"using":"xpath","value":"//li[text()=\"defect\"]"}
COMMAND: POST /session/2eef3865f9633c585bb33c6ac0c7be86/element/f.38388B4EA542EE9F87EA90A6B1549037.d.C6F7C8145FDC0EDE6929B8529D8A8D50.e.23847/click - {}
RESULT: {}
COMMAND: GET /session/2eef3865f9633c585bb33c6ac0c7be86/screenshot - {}
RESULT: {}
COMMAND: POST /session/2eef3865f9633c585bb33c6ac0c7be86/element - {"using":"xpath","value":"//span[contains(@id,\"incrementBtn\")]"}
RESULT: {"using":"xpath","value":"//span[contains(@id,\"incrementBtn\")]"}
COMMAND: POST /session/2eef3865f9633c585bb33c6ac0c7be86/element/f.38388B4EA542EE9F87EA90A6B1549037.d.C6F7C8145FDC0EDE6929B8529D8A8D50.e.23849/click - {}
RESULT: {}
COMMAND: GET /session/2eef3865f9633c585bb33c6ac0c7be86/screenshot - {}
RESULT: {}
COMMAND: POST /session/2eef3865f9633c585bb33c6ac0c7be86/element - {"using":"xpath","value":"//button[@data-kt=\"confirmAddStateButton\"]"}
RESULT: {"using":"xpath","value":"//button[@data-kt=\"confirmAddStateButton\"]"}
COMMAND: POST /session/2eef3865f9633c585bb33c6ac0c7be86/element/f.38388B4EA542EE9F87EA90A6B1549037.d.C6F7C8145FDC0EDE6929B8529D8A8D50.e.23850/click - {}
RESULT: {}
COMMAND: GET /session/2eef3865f9633c585bb33c6ac0c7be86/screenshot - {}
RESULT: {}
COMMAND: POST /session/2eef3865f9633c585bb33c6ac0c7be86/element - {"using":"css selector","value":"#shell-header-logo"}
RESULT: {"using":"css selector","value":"#shell-header-logo"}
COMMAND: POST /session/2eef3865f9633c585bb33c6ac0c7be86/element/f.38388B4EA542EE9F87EA90A6B1549037.d.C6F7C8145FDC0EDE6929B8529D8A8D50.e.23599/click - {}
RESULT: {}
COMMAND: GET /session/2eef3865f9633c585bb33c6ac0c7be86/screenshot - {}
RESULT: {}
]]></system-out>
    </testcase>
    <testcase classname="chrome.136_0_7103_93.windows.Create_masterdata_for_Yard_Overview_-_trigger_provide_US130988" name="Should do a Stock Decrease" time="99.127">
      <system-out><![CDATA[
RESULT: undefined
COMMAND: POST /session/2eef3865f9633c585bb33c6ac0c7be86/element - {"using":"xpath","value":"//*[@id=\"__tile130\"]"}
RESULT: {"using":"xpath","value":"//*[@id=\"__tile130\"]"}
COMMAND: POST /session/2eef3865f9633c585bb33c6ac0c7be86/element/f.38388B4EA542EE9F87EA90A6B1549037.d.C6F7C8145FDC0EDE6929B8529D8A8D50.e.21754/click - {}
RESULT: {}
COMMAND: GET /session/2eef3865f9633c585bb33c6ac0c7be86/screenshot - {}
RESULT: {}
COMMAND: POST /session/2eef3865f9633c585bb33c6ac0c7be86/elements - {"using":"xpath","value":"//span[text()='Error']"}
RESULT: {"using":"xpath","value":"//span[text()='Error']"}
COMMAND: POST /session/2eef3865f9633c585bb33c6ac0c7be86/element - {"using":"xpath","value":"//button[@data-kt=\"masterHOAddButton\"]"}
RESULT: {"using":"xpath","value":"//button[@data-kt=\"masterHOAddButton\"]"}
COMMAND: POST /session/2eef3865f9633c585bb33c6ac0c7be86/elements - {"using":"xpath","value":"//button[@data-kt=\"masterHOAddButton\"]"}
RESULT: {"using":"xpath","value":"//button[@data-kt=\"masterHOAddButton\"]"}
COMMAND: POST /session/2eef3865f9633c585bb33c6ac0c7be86/execute/sync - {"script":"<script> [8489 bytes]","args":[{"element-6066-11e4-a52e-4f735466cecf":"f.38388B4EA542EE9F87EA90A6B1549037.d.C6F7C8145FDC0EDE6929B8529D8A8D50.e.23906","ELEMENT":"f.38388B4EA542EE9F87EA90A6B1549037.d.C6F7C8145FDC0EDE6929B8529D8A8D50.e.23906"}]}
RESULT: {"script":"<script> [8489 bytes]","args":[{"element-6066-11e4-a52e-4f735466cecf":"f.38388B4EA542EE9F87EA90A6B1549037.d.C6F7C8145FDC0EDE6929B8529D8A8D50.e.23906","ELEMENT":"f.38388B4EA542EE9F87EA90A6B1549037.d.C6F7C8145FDC0EDE6929B8529D8A8D50.e.23906"}]}
COMMAND: GET /session/2eef3865f9633c585bb33c6ac0c7be86/element/f.38388B4EA542EE9F87EA90A6B1549037.d.C6F7C8145FDC0EDE6929B8529D8A8D50.e.23906/enabled - {}
COMMAND: GET /session/2eef3865f9633c585bb33c6ac0c7be86/screenshot - {}
RESULT: {}
COMMAND: POST /session/2eef3865f9633c585bb33c6ac0c7be86/execute/sync - {"script":"<script> [8489 bytes]","args":[{"element-6066-11e4-a52e-4f735466cecf":"f.38388B4EA542EE9F87EA90A6B1549037.d.C6F7C8145FDC0EDE6929B8529D8A8D50.e.23906","ELEMENT":"f.38388B4EA542EE9F87EA90A6B1549037.d.C6F7C8145FDC0EDE6929B8529D8A8D50.e.23906"}]}
COMMAND: GET /session/2eef3865f9633c585bb33c6ac0c7be86/screenshot - {}
RESULT: {}
RESULT: {"script":"<script> [8489 bytes]","args":[{"element-6066-11e4-a52e-4f735466cecf":"f.38388B4EA542EE9F87EA90A6B1549037.d.C6F7C8145FDC0EDE6929B8529D8A8D50.e.23906","ELEMENT":"f.38388B4EA542EE9F87EA90A6B1549037.d.C6F7C8145FDC0EDE6929B8529D8A8D50.e.23906"}]}
COMMAND: POST /session/2eef3865f9633c585bb33c6ac0c7be86/execute/sync - {"script":"<script> [5351 bytes]","args":[{"element-6066-11e4-a52e-4f735466cecf":"f.38388B4EA542EE9F87EA90A6B1549037.d.C6F7C8145FDC0EDE6929B8529D8A8D50.e.23906","ELEMENT":"f.38388B4EA542EE9F87EA90A6B1549037.d.C6F7C8145FDC0EDE6929B8529D8A8D50.e.23906"}]}
COMMAND: GET /session/2eef3865f9633c585bb33c6ac0c7be86/screenshot - {}
RESULT: {}
RESULT: {"script":"<script> [5351 bytes]","args":[{"element-6066-11e4-a52e-4f735466cecf":"f.38388B4EA542EE9F87EA90A6B1549037.d.C6F7C8145FDC0EDE6929B8529D8A8D50.e.23906","ELEMENT":"f.38388B4EA542EE9F87EA90A6B1549037.d.C6F7C8145FDC0EDE6929B8529D8A8D50.e.23906"}]}
COMMAND: POST /session/2eef3865f9633c585bb33c6ac0c7be86/element/f.38388B4EA542EE9F87EA90A6B1549037.d.C6F7C8145FDC0EDE6929B8529D8A8D50.e.23906/click - {}
COMMAND: GET /session/2eef3865f9633c585bb33c6ac0c7be86/screenshot - {}
RESULT: {}
RESULT: {}
COMMAND: GET /session/2eef3865f9633c585bb33c6ac0c7be86/screenshot - {}
RESULT: {}
COMMAND: POST /session/2eef3865f9633c585bb33c6ac0c7be86/element - {"using":"xpath","value":"//span[contains(@id ,\"AddNewHO--typeSelect-arrow\")]"}
RESULT: {}
RESULT: {"using":"xpath","value":"//span[contains(@id ,\"AddNewHO--typeSelect-arrow\")]"}
COMMAND: POST /session/2eef3865f9633c585bb33c6ac0c7be86/element/f.38388B4EA542EE9F87EA90A6B1549037.d.C6F7C8145FDC0EDE6929B8529D8A8D50.e.24317/click - {}
RESULT: {}
COMMAND: GET /session/2eef3865f9633c585bb33c6ac0c7be86/screenshot - {}
RESULT: {}
COMMAND: POST /session/2eef3865f9633c585bb33c6ac0c7be86/element - {"using":"xpath","value":"(//li[contains(text(), \"stock decrease yard\")])[1]"}
RESULT: {"using":"xpath","value":"(//li[contains(text(), \"stock decrease yard\")])[1]"}
COMMAND: POST /session/2eef3865f9633c585bb33c6ac0c7be86/element/f.38388B4EA542EE9F87EA90A6B1549037.d.C6F7C8145FDC0EDE6929B8529D8A8D50.e.24318/click - {}
RESULT: {}
COMMAND: GET /session/2eef3865f9633c585bb33c6ac0c7be86/screenshot - {}
RESULT: {}
RESULT: undefined
COMMAND: POST /session/2eef3865f9633c585bb33c6ac0c7be86/execute/async - {"script":"<script> [6424 bytes]","args":[{"element-6066-11e4-a52e-4f735466cecf":"f.38388B4EA542EE9F87EA90A6B1549037.d.C6F7C8145FDC0EDE6929B8529D8A8D50.e.23191"},"setValue",["5/25/25"]]}
COMMAND: POST /session/2eef3865f9633c585bb33c6ac0c7be86/execute/async - {"script":"<script> [1562 bytes]","args":[{"selector":{"id":"application-managehandovers-display-component---AddNewHO--dueDate","interaction":{"idSuffix":"inner"}},"wdio_ui5_key":"applicationmanagehandovers-display-component---AddNewHO--dueDate"}]}
RESULT: {"script":"<script> [1562 bytes]","args":[{"selector":{"id":"application-managehandovers-display-component---AddNewHO--dueDate","interaction":{"idSuffix":"inner"}},"wdio_ui5_key":"applicationmanagehandovers-display-component---AddNewHO--dueDate"}]}
COMMAND: POST /session/2eef3865f9633c585bb33c6ac0c7be86/execute/async - {"script":"<script> [6424 bytes]","args":[{"element-6066-11e4-a52e-4f735466cecf":"f.38388B4EA542EE9F87EA90A6B1549037.d.C6F7C8145FDC0EDE6929B8529D8A8D50.e.24332"},"setValue",["5/25/25"]]}
RESULT: {"script":"<script> [6424 bytes]","args":[{"element-6066-11e4-a52e-4f735466cecf":"f.38388B4EA542EE9F87EA90A6B1549037.d.C6F7C8145FDC0EDE6929B8529D8A8D50.e.24332"},"setValue",["5/25/25"]]}
COMMAND: POST /session/2eef3865f9633c585bb33c6ac0c7be86/element - {"using":"xpath","value":"//input[@id=\"generalSectionFrg--sendYard-inner\"]"}
RESULT: {"using":"xpath","value":"//input[@id=\"generalSectionFrg--sendYard-inner\"]"}
COMMAND: POST /session/2eef3865f9633c585bb33c6ac0c7be86/element/f.38388B4EA542EE9F87EA90A6B1549037.d.C6F7C8145FDC0EDE6929B8529D8A8D50.e.24338/clear - {}
RESULT: {}
COMMAND: POST /session/2eef3865f9633c585bb33c6ac0c7be86/element/f.38388B4EA542EE9F87EA90A6B1549037.d.C6F7C8145FDC0EDE6929B8529D8A8D50.e.24338/value - {"text":"272"}
COMMAND: GET /session/2eef3865f9633c585bb33c6ac0c7be86/screenshot - {}
RESULT: {"text":"272"}
COMMAND: GET /session/2eef3865f9633c585bb33c6ac0c7be86/screenshot - {}
RESULT: {}
RESULT: {}
COMMAND: POST /session/2eef3865f9633c585bb33c6ac0c7be86/element - {"using":"xpath","value":"//li[.//span[text()='272']]"}
RESULT: {"using":"xpath","value":"//li[.//span[text()='272']]"}
COMMAND: POST /session/2eef3865f9633c585bb33c6ac0c7be86/element/f.38388B4EA542EE9F87EA90A6B1549037.d.C6F7C8145FDC0EDE6929B8529D8A8D50.e.24356/click - {}
RESULT: {}
COMMAND: GET /session/2eef3865f9633c585bb33c6ac0c7be86/screenshot - {}
RESULT: {}
COMMAND: POST /session/2eef3865f9633c585bb33c6ac0c7be86/execute/async - {"script":"<script> [1562 bytes]","args":[{"selector":{"controlType":"sap.ui.core.Icon","viewName":"etm.portal.ui.managehandovers.view.AddNewHO","viewId":"application-managehandovers-display-component---AddNewHO","properties":{"src":{"regex":{"source":"slim\\-arrow\\-down"}}},"ancestor":{"controlType":"etm.portal.ui.reusables.customControls.LiveSearchComboBox","viewName":"etm.portal.ui.managehandovers.view.AddNewHO","viewId":"application-managehandovers-display-component---AddNewHO","bindingPath":{"path":"","propertyPath":"/FORWARDER","modelName":"hoItemsModel"}}},"wdio_ui5_key":"etmportal.ui.managehandovers.view.AddNewHOsap.ui.core.Icon{\"src\":{\"regex\":{\"source\":\"slim\\\\-arrow\\\\-down\"}}}{\"controlType\":\"etm.portal.ui.reusables.customControls.LiveSearchComboBox\",\"viewName\":\"etm.portal.ui.managehandovers.view.AddNewHO\",\"viewId\":\"application-managehandovers-display-component---AddNewHO\",\"bindingPath\":{\"path\":\"\",\"propertyPath\":\"/FORWARDER\",\"modelName\":\"hoItemsModel\"}}"}]}
RESULT: {"script":"<script> [1562 bytes]","args":[{"selector":{"controlType":"sap.ui.core.Icon","viewName":"etm.portal.ui.managehandovers.view.AddNewHO","viewId":"application-managehandovers-display-component---AddNewHO","properties":{"src":{"regex":{"source":"slim\\-arrow\\-down"}}},"ancestor":{"controlType":"etm.portal.ui.reusables.customControls.LiveSearchComboBox","viewName":"etm.portal.ui.managehandovers.view.AddNewHO","viewId":"application-managehandovers-display-component---AddNewHO","bindingPath":{"path":"","propertyPath":"/FORWARDER","modelName":"hoItemsModel"}}},"wdio_ui5_key":"etmportal.ui.managehandovers.view.AddNewHOsap.ui.core.Icon{\"src\":{\"regex\":{\"source\":\"slim\\\\-arrow\\\\-down\"}}}{\"controlType\":\"etm.portal.ui.reusables.customControls.LiveSearchComboBox\",\"viewName\":\"etm.portal.ui.managehandovers.view.AddNewHO\",\"viewId\":\"application-managehandovers-display-component---AddNewHO\",\"bindingPath\":{\"path\":\"\",\"propertyPath\":\"/FORWARDER\",\"modelName\":\"hoItemsModel\"}}"}]}
RESULT: undefined
COMMAND: POST /session/2eef3865f9633c585bb33c6ac0c7be86/element - {"using":"xpath","value":"//*[@id=\"__box41-arrow\"]"}
RESULT: {"using":"xpath","value":"//*[@id=\"__box41-arrow\"]"}
COMMAND: POST /session/2eef3865f9633c585bb33c6ac0c7be86/element/f.38388B4EA542EE9F87EA90A6B1549037.d.C6F7C8145FDC0EDE6929B8529D8A8D50.e.24357/click - {}
RESULT: {}
COMMAND: GET /session/2eef3865f9633c585bb33c6ac0c7be86/screenshot - {}
RESULT: {}
COMMAND: POST /session/2eef3865f9633c585bb33c6ac0c7be86/execute/async - {"script":"<script> [1562 bytes]","args":[{"selector":{"controlType":"sap.m.StandardListItem","viewName":"etm.portal.ui.managehandovers.view.AddNewHO","viewId":"application-managehandovers-display-component---AddNewHO","properties":{"title":"1002 - Test "},"searchOpenDialogs":true,"interaction":{"idSuffix":"content"}},"wdio_ui5_key":"etmportal.ui.managehandovers.view.AddNewHOsap.m.StandardListItem{\"title\":\"1002 - Test \"}"}]}
RESULT: {"script":"<script> [1562 bytes]","args":[{"selector":{"controlType":"sap.m.StandardListItem","viewName":"etm.portal.ui.managehandovers.view.AddNewHO","viewId":"application-managehandovers-display-component---AddNewHO","properties":{"title":"1002 - Test "},"searchOpenDialogs":true,"interaction":{"idSuffix":"content"}},"wdio_ui5_key":"etmportal.ui.managehandovers.view.AddNewHOsap.m.StandardListItem{\"title\":\"1002 - Test \"}"}]}
RESULT: undefined
COMMAND: POST /session/2eef3865f9633c585bb33c6ac0c7be86/element - {"using":"xpath","value":"//*[@id=\"__item989\"]"}
RESULT: {"using":"xpath","value":"//*[@id=\"__item989\"]"}
COMMAND: POST /session/2eef3865f9633c585bb33c6ac0c7be86/element/f.38388B4EA542EE9F87EA90A6B1549037.d.C6F7C8145FDC0EDE6929B8529D8A8D50.e.24360/click - {}
RESULT: {}
COMMAND: GET /session/2eef3865f9633c585bb33c6ac0c7be86/screenshot - {}
RESULT: {}
COMMAND: POST /session/2eef3865f9633c585bb33c6ac0c7be86/execute/async - {"script":"<script> [1562 bytes]","args":[{"selector":{"controlType":"sap.m.Input","viewName":"etm.portal.ui.managehandovers.view.AddNewHO","viewId":"application-managehandovers-display-component---AddNewHO","bindingPath":{"path":"","propertyPath":"/DRIVER","modelName":"hoItemsModel"},"interaction":{"idSuffix":"inner"}},"wdio_ui5_key":"etmportal.ui.managehandovers.view.AddNewHOsap.m.Input{\"path\":\"\",\"propertyPath\":\"/DRIVER\",\"modelName\":\"hoItemsModel\"}"}]}
RESULT: {"script":"<script> [1562 bytes]","args":[{"selector":{"controlType":"sap.m.Input","viewName":"etm.portal.ui.managehandovers.view.AddNewHO","viewId":"application-managehandovers-display-component---AddNewHO","bindingPath":{"path":"","propertyPath":"/DRIVER","modelName":"hoItemsModel"},"interaction":{"idSuffix":"inner"}},"wdio_ui5_key":"etmportal.ui.managehandovers.view.AddNewHOsap.m.Input{\"path\":\"\",\"propertyPath\":\"/DRIVER\",\"modelName\":\"hoItemsModel\"}"}]}
RESULT: undefined
COMMAND: POST /session/2eef3865f9633c585bb33c6ac0c7be86/execute/async - {"script":"<script> [776 bytes]","args":[{"enterText":"StockDecrease Driver","selector":{"controlType":"sap.m.Input","viewName":"etm.portal.ui.managehandovers.view.AddNewHO","viewId":"application-managehandovers-display-component---AddNewHO","bindingPath":{"path":"","propertyPath":"/DRIVER","modelName":"hoItemsModel"},"interaction":{"idSuffix":"inner"}},"clearTextFirst":true,"interactionType":"ENTER_TEXT"}]}
RESULT: {"script":"<script> [776 bytes]","args":[{"enterText":"StockDecrease Driver","selector":{"controlType":"sap.m.Input","viewName":"etm.portal.ui.managehandovers.view.AddNewHO","viewId":"application-managehandovers-display-component---AddNewHO","bindingPath":{"path":"","propertyPath":"/DRIVER","modelName":"hoItemsModel"},"interaction":{"idSuffix":"inner"}},"clearTextFirst":true,"interactionType":"ENTER_TEXT"}]}
COMMAND: POST /session/2eef3865f9633c585bb33c6ac0c7be86/execute/async - {"script":"<script> [1562 bytes]","args":[{"selector":{"id":"application-managehandovers-display-component---AddNewHO--responsibleCB-arrow"},"wdio_ui5_key":"applicationmanagehandovers-display-component---AddNewHO--responsibleCB-arrow"}]}
RESULT: {"script":"<script> [1562 bytes]","args":[{"selector":{"id":"application-managehandovers-display-component---AddNewHO--responsibleCB-arrow"},"wdio_ui5_key":"applicationmanagehandovers-display-component---AddNewHO--responsibleCB-arrow"}]}
RESULT: undefined
COMMAND: POST /session/2eef3865f9633c585bb33c6ac0c7be86/element - {"using":"xpath","value":"//*[@id=\"application-managehandovers-display-component---AddNewHO--responsibleCB-arrow\"]"}
RESULT: {"using":"xpath","value":"//*[@id=\"application-managehandovers-display-component---AddNewHO--responsibleCB-arrow\"]"}
COMMAND: POST /session/2eef3865f9633c585bb33c6ac0c7be86/element/f.38388B4EA542EE9F87EA90A6B1549037.d.C6F7C8145FDC0EDE6929B8529D8A8D50.e.24362/click - {}
RESULT: {}
COMMAND: GET /session/2eef3865f9633c585bb33c6ac0c7be86/screenshot - {}
RESULT: {}
COMMAND: POST /session/2eef3865f9633c585bb33c6ac0c7be86/execute/async - {"script":"<script> [1562 bytes]","args":[{"selector":{"controlType":"sap.m.StandardListItem","viewName":"etm.portal.ui.managehandovers.view.AddNewHO","viewId":"application-managehandovers-display-component---AddNewHO","properties":{"title":"1 - Test unit Update "},"searchOpenDialogs":true},"wdio_ui5_key":"etmportal.ui.managehandovers.view.AddNewHOsap.m.StandardListItem{\"title\":\"1 - Test unit Update \"}"}]}
RESULT: {"script":"<script> [1562 bytes]","args":[{"selector":{"controlType":"sap.m.StandardListItem","viewName":"etm.portal.ui.managehandovers.view.AddNewHO","viewId":"application-managehandovers-display-component---AddNewHO","properties":{"title":"1 - Test unit Update "},"searchOpenDialogs":true},"wdio_ui5_key":"etmportal.ui.managehandovers.view.AddNewHOsap.m.StandardListItem{\"title\":\"1 - Test unit Update \"}"}]}
RESULT: undefined
COMMAND: POST /session/2eef3865f9633c585bb33c6ac0c7be86/element - {"using":"xpath","value":"//*[@id=\"__item1088\"]"}
RESULT: {"using":"xpath","value":"//*[@id=\"__item1088\"]"}
COMMAND: POST /session/2eef3865f9633c585bb33c6ac0c7be86/element/f.38388B4EA542EE9F87EA90A6B1549037.d.C6F7C8145FDC0EDE6929B8529D8A8D50.e.24363/click - {}
RESULT: {}
COMMAND: GET /session/2eef3865f9633c585bb33c6ac0c7be86/screenshot - {}
RESULT: {}
RESULT: undefined
COMMAND: POST /session/2eef3865f9633c585bb33c6ac0c7be86/element - {"using":"xpath","value":"//*[@id=\"application-managehandovers-display-component---AddNewHO--ObjectPageLayout-anchBar-application-managehandovers-display-component---AddNewHO--section4-anchor\"]"}
RESULT: {"using":"xpath","value":"//*[@id=\"application-managehandovers-display-component---AddNewHO--ObjectPageLayout-anchBar-application-managehandovers-display-component---AddNewHO--section4-anchor\"]"}
COMMAND: POST /session/2eef3865f9633c585bb33c6ac0c7be86/element/f.38388B4EA542EE9F87EA90A6B1549037.d.C6F7C8145FDC0EDE6929B8529D8A8D50.e.24364/click - {}
RESULT: {}
COMMAND: GET /session/2eef3865f9633c585bb33c6ac0c7be86/screenshot - {}
RESULT: {}
COMMAND: POST /session/2eef3865f9633c585bb33c6ac0c7be86/execute/async - {"script":"<script> [1562 bytes]","args":[{"selector":{"controlType":"sap.ui.core.Icon","viewName":"etm.portal.ui.managehandovers.view.AddNewHO","viewId":"application-managehandovers-display-component---AddNewHO","properties":{"src":{"regex":{"source":"add"}}}},"wdio_ui5_key":"etmportal.ui.managehandovers.view.AddNewHOsap.ui.core.Icon{\"src\":{\"regex\":{\"source\":\"add\"}}}"}]}
RESULT: {"script":"<script> [1562 bytes]","args":[{"selector":{"controlType":"sap.ui.core.Icon","viewName":"etm.portal.ui.managehandovers.view.AddNewHO","viewId":"application-managehandovers-display-component---AddNewHO","properties":{"src":{"regex":{"source":"add"}}}},"wdio_ui5_key":"etmportal.ui.managehandovers.view.AddNewHOsap.ui.core.Icon{\"src\":{\"regex\":{\"source\":\"add\"}}}"}]}
RESULT: undefined
COMMAND: POST /session/2eef3865f9633c585bb33c6ac0c7be86/element - {"using":"xpath","value":"//*[@id=\"__button220-img\"]"}
RESULT: {"using":"xpath","value":"//*[@id=\"__button220-img\"]"}
COMMAND: POST /session/2eef3865f9633c585bb33c6ac0c7be86/element/f.38388B4EA542EE9F87EA90A6B1549037.d.C6F7C8145FDC0EDE6929B8529D8A8D50.e.24368/click - {}
RESULT: {}
RESULT: undefined
COMMAND: POST /session/2eef3865f9633c585bb33c6ac0c7be86/execute/async - {"script":"<script> [776 bytes]","args":[{"enterText":"200136","selector":{"id":"application-managehandovers-display-component---AddNewHO--smartFilterBar-btnBasicSearch","searchOpenDialogs":true,"interaction":{"idSuffix":"I"}},"clearTextFirst":true,"interactionType":"ENTER_TEXT"}]}
COMMAND: GET /session/2eef3865f9633c585bb33c6ac0c7be86/screenshot - {}
RESULT: {"script":"<script> [776 bytes]","args":[{"enterText":"200136","selector":{"id":"application-managehandovers-display-component---AddNewHO--smartFilterBar-btnBasicSearch","searchOpenDialogs":true,"interaction":{"idSuffix":"I"}},"clearTextFirst":true,"interactionType":"ENTER_TEXT"}]}
RESULT: {}
RESULT: undefined
COMMAND: POST /session/2eef3865f9633c585bb33c6ac0c7be86/element - {"using":"xpath","value":"//*[@id=\"application-managehandovers-display-component---AddNewHO--popup-sa\"]"}
RESULT: {"using":"xpath","value":"//*[@id=\"application-managehandovers-display-component---AddNewHO--popup-sa\"]"}
COMMAND: POST /session/2eef3865f9633c585bb33c6ac0c7be86/element/f.38388B4EA542EE9F87EA90A6B1549037.d.C6F7C8145FDC0EDE6929B8529D8A8D50.e.24405/click - {}
RESULT: {}
COMMAND: GET /session/2eef3865f9633c585bb33c6ac0c7be86/screenshot - {}
RESULT: {}
COMMAND: POST /session/2eef3865f9633c585bb33c6ac0c7be86/element - {"using":"xpath","value":"//*[contains(@id ,\"BDI-content\")][contains(text(), \"Select\")]"}
RESULT: {"using":"xpath","value":"//*[contains(@id ,\"BDI-content\")][contains(text(), \"Select\")]"}
COMMAND: POST /session/2eef3865f9633c585bb33c6ac0c7be86/element/f.38388B4EA542EE9F87EA90A6B1549037.d.C6F7C8145FDC0EDE6929B8529D8A8D50.e.24406/click - {}
RESULT: {}
COMMAND: POST /session/2eef3865f9633c585bb33c6ac0c7be86/execute/async - {"script":"<script> [1562 bytes]","args":[{"selector":{"controlType":"sap.m.Button","viewName":"etm.portal.ui.managehandovers.view.AddNewHO","viewId":"application-managehandovers-display-component---AddNewHO","bindingPath":{"path":"/items/0","propertyPath":"QUANTITY","modelName":"hoItemsModel"},"interaction":{"idSuffix":"inner"}},"wdio_ui5_key":"etmportal.ui.managehandovers.view.AddNewHOsap.m.Button{\"path\":\"/items/0\",\"propertyPath\":\"QUANTITY\",\"modelName\":\"hoItemsModel\"}"}]}
COMMAND: GET /session/2eef3865f9633c585bb33c6ac0c7be86/screenshot - {}
RESULT: {"script":"<script> [1562 bytes]","args":[{"selector":{"controlType":"sap.m.Button","viewName":"etm.portal.ui.managehandovers.view.AddNewHO","viewId":"application-managehandovers-display-component---AddNewHO","bindingPath":{"path":"/items/0","propertyPath":"QUANTITY","modelName":"hoItemsModel"},"interaction":{"idSuffix":"inner"}},"wdio_ui5_key":"etmportal.ui.managehandovers.view.AddNewHOsap.m.Button{\"path\":\"/items/0\",\"propertyPath\":\"QUANTITY\",\"modelName\":\"hoItemsModel\"}"}]}
RESULT: undefined
COMMAND: POST /session/2eef3865f9633c585bb33c6ac0c7be86/element - {"using":"xpath","value":"//*[@id=\"__button221-__clone1956\"]"}
RESULT: {}
RESULT: {"using":"xpath","value":"//*[@id=\"__button221-__clone1956\"]"}
COMMAND: POST /session/2eef3865f9633c585bb33c6ac0c7be86/element/f.38388B4EA542EE9F87EA90A6B1549037.d.C6F7C8145FDC0EDE6929B8529D8A8D50.e.24410/click - {}
RESULT: {}
COMMAND: POST /session/2eef3865f9633c585bb33c6ac0c7be86/execute/async - {"script":"<script> [1562 bytes]","args":[{"selector":{"controlType":"sap.m.NumericInput","viewName":"etm.portal.ui.managehandovers.view.AddNewHO","viewId":"application-managehandovers-display-component---AddNewHO","properties":{"value":"0"},"searchOpenDialogs":true,"interaction":{"idSuffix":"inner"}},"wdio_ui5_key":"etmportal.ui.managehandovers.view.AddNewHOsap.m.NumericInput{\"value\":\"0\"}"}]}
COMMAND: GET /session/2eef3865f9633c585bb33c6ac0c7be86/screenshot - {}
RESULT: {"script":"<script> [1562 bytes]","args":[{"selector":{"controlType":"sap.m.NumericInput","viewName":"etm.portal.ui.managehandovers.view.AddNewHO","viewId":"application-managehandovers-display-component---AddNewHO","properties":{"value":"0"},"searchOpenDialogs":true,"interaction":{"idSuffix":"inner"}},"wdio_ui5_key":"etmportal.ui.managehandovers.view.AddNewHOsap.m.NumericInput{\"value\":\"0\"}"}]}
RESULT: undefined
COMMAND: POST /session/2eef3865f9633c585bb33c6ac0c7be86/execute/async - {"script":"<script> [776 bytes]","args":[{"enterText":"1","selector":{"controlType":"sap.m.NumericInput","viewName":"etm.portal.ui.managehandovers.view.AddNewHO","viewId":"application-managehandovers-display-component---AddNewHO","properties":{"value":"0"},"searchOpenDialogs":true,"interaction":{"idSuffix":"inner"}},"clearTextFirst":true,"interactionType":"ENTER_TEXT"}]}
RESULT: {}
RESULT: {"script":"<script> [776 bytes]","args":[{"enterText":"1","selector":{"controlType":"sap.m.NumericInput","viewName":"etm.portal.ui.managehandovers.view.AddNewHO","viewId":"application-managehandovers-display-component---AddNewHO","properties":{"value":"0"},"searchOpenDialogs":true,"interaction":{"idSuffix":"inner"}},"clearTextFirst":true,"interactionType":"ENTER_TEXT"}]}
COMMAND: POST /session/2eef3865f9633c585bb33c6ac0c7be86/execute/async - {"script":"<script> [1562 bytes]","args":[{"selector":{"controlType":"sap.m.Button","viewName":"etm.portal.ui.managehandovers.view.AddNewHO","viewId":"application-managehandovers-display-component---AddNewHO","i18NText":{"propertyName":"text","key":"confirm"},"searchOpenDialogs":true,"interaction":{"idSuffix":"BDI-content"}},"wdio_ui5_key":"etmportal.ui.managehandovers.view.AddNewHOsap.m.Button{\"propertyName\":\"text\",\"key\":\"confirm\"}"}]}
RESULT: {"script":"<script> [1562 bytes]","args":[{"selector":{"controlType":"sap.m.Button","viewName":"etm.portal.ui.managehandovers.view.AddNewHO","viewId":"application-managehandovers-display-component---AddNewHO","i18NText":{"propertyName":"text","key":"confirm"},"searchOpenDialogs":true,"interaction":{"idSuffix":"BDI-content"}},"wdio_ui5_key":"etmportal.ui.managehandovers.view.AddNewHOsap.m.Button{\"propertyName\":\"text\",\"key\":\"confirm\"}"}]}
RESULT: undefined
COMMAND: POST /session/2eef3865f9633c585bb33c6ac0c7be86/element - {"using":"xpath","value":"//*[@id=\"__button224\"]"}
RESULT: {"using":"xpath","value":"//*[@id=\"__button224\"]"}
COMMAND: POST /session/2eef3865f9633c585bb33c6ac0c7be86/element/f.38388B4EA542EE9F87EA90A6B1549037.d.C6F7C8145FDC0EDE6929B8529D8A8D50.e.24411/click - {}
RESULT: {}
COMMAND: POST /session/2eef3865f9633c585bb33c6ac0c7be86/execute/async - {"script":"<script> [1562 bytes]","args":[{"selector":{"id":"application-managehandovers-display-component---AddNewHO--confirmCreationButton","interaction":{"idSuffix":"inner"}},"wdio_ui5_key":"applicationmanagehandovers-display-component---AddNewHO--confirmCreationButton"}]}
COMMAND: GET /session/2eef3865f9633c585bb33c6ac0c7be86/screenshot - {}
RESULT: {"script":"<script> [1562 bytes]","args":[{"selector":{"id":"application-managehandovers-display-component---AddNewHO--confirmCreationButton","interaction":{"idSuffix":"inner"}},"wdio_ui5_key":"applicationmanagehandovers-display-component---AddNewHO--confirmCreationButton"}]}
RESULT: undefined
COMMAND: POST /session/2eef3865f9633c585bb33c6ac0c7be86/element - {"using":"xpath","value":"//*[@id=\"application-managehandovers-display-component---AddNewHO--confirmCreationButton\"]"}
RESULT: {}
RESULT: {"using":"xpath","value":"//*[@id=\"application-managehandovers-display-component---AddNewHO--confirmCreationButton\"]"}
COMMAND: POST /session/2eef3865f9633c585bb33c6ac0c7be86/element/f.38388B4EA542EE9F87EA90A6B1549037.d.C6F7C8145FDC0EDE6929B8529D8A8D50.e.24422/click - {}
RESULT: {}
COMMAND: GET /session/2eef3865f9633c585bb33c6ac0c7be86/screenshot - {}
RESULT: {}
RESULT: undefined
COMMAND: POST /session/2eef3865f9633c585bb33c6ac0c7be86/execute/async - {"script":"<script> [776 bytes]","args":[{"enterText":"5/25/25","selector":{"id":"receiptDatePicker","viewName":"etm.portal.ui.managehandovers.view.DetailExecuteHO","interaction":{"idSuffix":"inner"}},"clearTextFirst":true,"interactionType":"ENTER_TEXT"}]}
RESULT: {"script":"<script> [776 bytes]","args":[{"enterText":"5/25/25","selector":{"id":"receiptDatePicker","viewName":"etm.portal.ui.managehandovers.view.DetailExecuteHO","interaction":{"idSuffix":"inner"}},"clearTextFirst":true,"interactionType":"ENTER_TEXT"}]}
COMMAND: POST /session/2eef3865f9633c585bb33c6ac0c7be86/element - {"using":"xpath","value":"//button[@data-kt=\"IssuingTableConfirmAllButton\"]"}
RESULT: {"using":"xpath","value":"//button[@data-kt=\"IssuingTableConfirmAllButton\"]"}
COMMAND: POST /session/2eef3865f9633c585bb33c6ac0c7be86/element/f.38388B4EA542EE9F87EA90A6B1549037.d.C6F7C8145FDC0EDE6929B8529D8A8D50.e.24461/click - {}
RESULT: {}
COMMAND: GET /session/2eef3865f9633c585bb33c6ac0c7be86/screenshot - {}
RESULT: {}
COMMAND: POST /session/2eef3865f9633c585bb33c6ac0c7be86/element - {"using":"xpath","value":"//bdi[contains(text(), \"OK\")]"}
RESULT: {"using":"xpath","value":"//bdi[contains(text(), \"OK\")]"}
COMMAND: POST /session/2eef3865f9633c585bb33c6ac0c7be86/element/f.38388B4EA542EE9F87EA90A6B1549037.d.C6F7C8145FDC0EDE6929B8529D8A8D50.e.24465/click - {}
RESULT: {}
COMMAND: GET /session/2eef3865f9633c585bb33c6ac0c7be86/screenshot - {}
RESULT: {}
COMMAND: POST /session/2eef3865f9633c585bb33c6ac0c7be86/element - {"using":"xpath","value":"//bdi[contains(text(), \"Issue\")]"}
RESULT: {"using":"xpath","value":"//bdi[contains(text(), \"Issue\")]"}
COMMAND: POST /session/2eef3865f9633c585bb33c6ac0c7be86/element/f.38388B4EA542EE9F87EA90A6B1549037.d.C6F7C8145FDC0EDE6929B8529D8A8D50.e.24467/click - {}
RESULT: {}
COMMAND: GET /session/2eef3865f9633c585bb33c6ac0c7be86/screenshot - {}
RESULT: {}
COMMAND: POST /session/2eef3865f9633c585bb33c6ac0c7be86/element - {"using":"css selector","value":"#shell-header-logo"}
RESULT: {"using":"css selector","value":"#shell-header-logo"}
COMMAND: POST /session/2eef3865f9633c585bb33c6ac0c7be86/element/f.38388B4EA542EE9F87EA90A6B1549037.d.C6F7C8145FDC0EDE6929B8529D8A8D50.e.23856/click - {}
RESULT: {}
COMMAND: GET /session/2eef3865f9633c585bb33c6ac0c7be86/screenshot - {}
RESULT: {}
COMMAND: POST /session/2eef3865f9633c585bb33c6ac0c7be86/element - {"using":"css selector","value":"#j_username"}
COMMAND: POST /session/2eef3865f9633c585bb33c6ac0c7be86/url - {"url":"https://qa-testing-00-live-etm-ui.cfapps.eu10-004.hana.ondemand.com/"}
RESULT: {"using":"css selector","value":"#j_username"}
COMMAND: POST /session/2eef3865f9633c585bb33c6ac0c7be86/element - {"using":"css selector","value":"#j_username"}
RESULT: {"url":"https://qa-testing-00-live-etm-ui.cfapps.eu10-004.hana.ondemand.com/"}
RESULT: undefined
COMMAND: GET /session/2eef3865f9633c585bb33c6ac0c7be86/screenshot - {}
RESULT: {"using":"css selector","value":"#j_username"}
COMMAND: POST /session/2eef3865f9633c585bb33c6ac0c7be86/element - {"using":"css selector","value":"#shell-header-logo"}
RESULT: {}
RESULT: {"using":"css selector","value":"#shell-header-logo"}
COMMAND: POST /session/2eef3865f9633c585bb33c6ac0c7be86/execute/sync - {"script":"<script> [8489 bytes]","args":[{"element-6066-11e4-a52e-4f735466cecf":"f.38388B4EA542EE9F87EA90A6B1549037.d.D13BC39D00375542694BBEB832E30B34.e.24750","ELEMENT":"f.38388B4EA542EE9F87EA90A6B1549037.d.D13BC39D00375542694BBEB832E30B34.e.24750"}]}
RESULT: {"script":"<script> [8489 bytes]","args":[{"element-6066-11e4-a52e-4f735466cecf":"f.38388B4EA542EE9F87EA90A6B1549037.d.D13BC39D00375542694BBEB832E30B34.e.24750","ELEMENT":"f.38388B4EA542EE9F87EA90A6B1549037.d.D13BC39D00375542694BBEB832E30B34.e.24750"}]}
COMMAND: POST /session/2eef3865f9633c585bb33c6ac0c7be86/element - {"using":"css selector","value":"#shell-header-logo"}
COMMAND: GET /session/2eef3865f9633c585bb33c6ac0c7be86/screenshot - {}
RESULT: {"using":"css selector","value":"#shell-header-logo"}
COMMAND: POST /session/2eef3865f9633c585bb33c6ac0c7be86/execute/sync - {"script":"<script> [8489 bytes]","args":[{"element-6066-11e4-a52e-4f735466cecf":"f.38388B4EA542EE9F87EA90A6B1549037.d.D13BC39D00375542694BBEB832E30B34.e.24750","ELEMENT":"f.38388B4EA542EE9F87EA90A6B1549037.d.D13BC39D00375542694BBEB832E30B34.e.24750"}]}
RESULT: {}
RESULT: {"script":"<script> [8489 bytes]","args":[{"element-6066-11e4-a52e-4f735466cecf":"f.38388B4EA542EE9F87EA90A6B1549037.d.D13BC39D00375542694BBEB832E30B34.e.24750","ELEMENT":"f.38388B4EA542EE9F87EA90A6B1549037.d.D13BC39D00375542694BBEB832E30B34.e.24750"}]}
COMMAND: POST /session/2eef3865f9633c585bb33c6ac0c7be86/execute/sync - {"script":"<script> [5351 bytes]","args":[{"element-6066-11e4-a52e-4f735466cecf":"f.38388B4EA542EE9F87EA90A6B1549037.d.D13BC39D00375542694BBEB832E30B34.e.24750","ELEMENT":"f.38388B4EA542EE9F87EA90A6B1549037.d.D13BC39D00375542694BBEB832E30B34.e.24750"}]}
COMMAND: GET /session/2eef3865f9633c585bb33c6ac0c7be86/screenshot - {}
RESULT: {"script":"<script> [5351 bytes]","args":[{"element-6066-11e4-a52e-4f735466cecf":"f.38388B4EA542EE9F87EA90A6B1549037.d.D13BC39D00375542694BBEB832E30B34.e.24750","ELEMENT":"f.38388B4EA542EE9F87EA90A6B1549037.d.D13BC39D00375542694BBEB832E30B34.e.24750"}]}
COMMAND: POST /session/2eef3865f9633c585bb33c6ac0c7be86/element - {"using":"css selector","value":"#shell-header-logo"}
COMMAND: GET /session/2eef3865f9633c585bb33c6ac0c7be86/screenshot - {}
RESULT: {}
RESULT: {"using":"css selector","value":"#shell-header-logo"}
COMMAND: POST /session/2eef3865f9633c585bb33c6ac0c7be86/element/f.38388B4EA542EE9F87EA90A6B1549037.d.D13BC39D00375542694BBEB832E30B34.e.24750/click - {}
RESULT: {}
RESULT: {}
COMMAND: GET /session/2eef3865f9633c585bb33c6ac0c7be86/screenshot - {}
RESULT: {}
COMMAND: POST /session/2eef3865f9633c585bb33c6ac0c7be86/execute/async - {"script":"<script> [189 bytes]","args":[]}
RESULT: {"script":"<script> [189 bytes]","args":[]}
COMMAND: POST /session/2eef3865f9633c585bb33c6ac0c7be86/execute/async - {"script":"<script> [123 bytes]","args":[]}
RESULT: {"script":"<script> [123 bytes]","args":[]}
COMMAND: POST /session/2eef3865f9633c585bb33c6ac0c7be86/timeouts - {"script":"<number>"}
RESULT: {"script":"<number>"}
COMMAND: GET /session/2eef3865f9633c585bb33c6ac0c7be86/timeouts - {}
RESULT: {}
RESULT: undefined
COMMAND: POST /session/2eef3865f9633c585bb33c6ac0c7be86/execute/async - {"script":"<script> [2676 bytes]","args":[]}
RESULT: {"script":"<script> [2676 bytes]","args":[]}
COMMAND: POST /session/2eef3865f9633c585bb33c6ac0c7be86/execute/async - {"script":"<script> [2342 bytes]","args":[{"protocol":"http","hostname":"0.0.0.0","path":"/","capabilities":{"browserName":"chrome","goog:chromeOptions":{"binary":"C:\\Program Files\\Google\\Chrome\\Application\\chrome.exe","args":["--start-maximized"]}},"logLevel":"warn","connectionRetryTimeout":120000,"connectionRetryCount":3,"logLevels":{},"enableDirectConnect":true,"strictSSL":true,"_":"65 more keys: [\"cacheDir\",\"port\",\"requestedCapabilities\",\"automationProtocol\",\"baseUrl\",\"waitforInterval\",\"waitforTimeout\",\"onReload\",\"beforeCommand\",\"afterCommand\",\"rootDir\",\"specs\",\"suites\",\"exclude\",\"groupLogsByTestSpec\",\"excludeDriverLogs\",\"bail\",\"framework\",\"reporters\",\"services\",\"maxInstances\",\"maxInstancesPerCapability\",\"injectGlobals\",\"filesToWatch\",\"execArgv\",\"runnerEnv\",\"runner\",\"shard\",\"specFileRetries\",\"specFileRetriesDelay\",\"specFileRetriesDeferred\",\"reporterSyncInterval\",\"reporterSyncTimeout\",\"cucumberFeaturesWithLineNumbers\",\"autoCompileOpts\",\"mochaOpts\",\"jasmineOpts\",\"cucumberOpts\",\"onPrepare\",\"onWorkerStart\",\"onWorkerEnd\",\"before\",\"beforeSession\",\"beforeSuite\",\"beforeHook\",\"beforeTest\",\"afterTest\",\"afterHook\",\"afterSuite\",\"afterSession\",\"after\",\"onComplete\",\"beforeAssertion\",\"afterAssertion\",\"beforeFeature\",\"beforeScenario\",\"beforeStep\",\"afterStep\",\"afterScenario\",\"afterFeature\",\"_\",\"suite\",\"$0\",\"ignoredWorkerServices\",\"wdi5\"]"}]}
RESULT: {"script":"<script> [2342 bytes]","args":[{"protocol":"http","hostname":"0.0.0.0","path":"/","capabilities":{"browserName":"chrome","goog:chromeOptions":{"binary":"C:\\Program Files\\Google\\Chrome\\Application\\chrome.exe","args":["--start-maximized"]}},"logLevel":"warn","connectionRetryTimeout":120000,"connectionRetryCount":3,"logLevels":{},"enableDirectConnect":true,"strictSSL":true,"_":"65 more keys: [\"cacheDir\",\"port\",\"requestedCapabilities\",\"automationProtocol\",\"baseUrl\",\"waitforInterval\",\"waitforTimeout\",\"onReload\",\"beforeCommand\",\"afterCommand\",\"rootDir\",\"specs\",\"suites\",\"exclude\",\"groupLogsByTestSpec\",\"excludeDriverLogs\",\"bail\",\"framework\",\"reporters\",\"services\",\"maxInstances\",\"maxInstancesPerCapability\",\"injectGlobals\",\"filesToWatch\",\"execArgv\",\"runnerEnv\",\"runner\",\"shard\",\"specFileRetries\",\"specFileRetriesDelay\",\"specFileRetriesDeferred\",\"reporterSyncInterval\",\"reporterSyncTimeout\",\"cucumberFeaturesWithLineNumbers\",\"autoCompileOpts\",\"mochaOpts\",\"jasmineOpts\",\"cucumberOpts\",\"onPrepare\",\"onWorkerStart\",\"onWorkerEnd\",\"before\",\"beforeSession\",\"beforeSuite\",\"beforeHook\",\"beforeTest\",\"afterTest\",\"afterHook\",\"afterSuite\",\"afterSession\",\"after\",\"onComplete\",\"beforeAssertion\",\"afterAssertion\",\"beforeFeature\",\"beforeScenario\",\"beforeStep\",\"afterStep\",\"afterScenario\",\"afterFeature\",\"_\",\"suite\",\"$0\",\"ignoredWorkerServices\",\"wdi5\"]"}]}
COMMAND: POST /session/2eef3865f9633c585bb33c6ac0c7be86/execute/async - {"script":"<script> [21126 bytes]","args":[35000]}
RESULT: {"script":"<script> [21126 bytes]","args":[35000]}
COMMAND: POST /session/2eef3865f9633c585bb33c6ac0c7be86/window/maximize - {}
RESULT: {}
COMMAND: POST /session/2eef3865f9633c585bb33c6ac0c7be86/execute/async - {"script":"<script> [1562 bytes]","args":[{"selector":{"id":"shell-header","interaction":{"idSuffix":"icon"}},"wdio_ui5_key":"shellheader"}]}
COMMAND: GET /session/2eef3865f9633c585bb33c6ac0c7be86/screenshot - {}
RESULT: {"script":"<script> [1562 bytes]","args":[{"selector":{"id":"shell-header","interaction":{"idSuffix":"icon"}},"wdio_ui5_key":"shellheader"}]}
RESULT: undefined
COMMAND: POST /session/2eef3865f9633c585bb33c6ac0c7be86/window/fullscreen - {}
RESULT: {}
RESULT: {}
]]></system-out>
    </testcase>
  </testsuite>
  <testsuite timestamp="2025-05-25T17:31:06" time="752.202" tests="7" failures="1" errors="1" skipped="0">
    <properties>
      <property name="specId" value="0"/>
      <property name="suiteName" value="Transfer Yard to Yard US131076"/>
      <property name="capabilities" value="chrome.136_0_7103_93.windows"/>
      <property name="file" value="file:///D:/a/1/s/test/specs/HTR/transfer-yard-to-yard.spec.js"/>
    </properties>
    <testcase classname="chrome.136_0_7103_93.windows.Transfer_Yard_to_Yard_US131076" name="Should create a new yard" time="0.012">
      <system-out><![CDATA[
COMMAND: POST /session/2eef3865f9633c585bb33c6ac0c7be86/window/fullscreen - {}
RESULT: {}
]]></system-out>
    </testcase>
    <testcase classname="chrome.136_0_7103_93.windows.Transfer_Yard_to_Yard_US131076" name="Should create a new 2nd yard" time="128.082">
      <system-out><![CDATA[
COMMAND: POST /session/2eef3865f9633c585bb33c6ac0c7be86/window/fullscreen - {}
RESULT: {}
COMMAND: POST /session/2eef3865f9633c585bb33c6ac0c7be86/execute/async - {"script":"<script> [1562 bytes]","args":[{"selector":{"controlType":"sap.m.GenericTile","properties":{"header":"Manage Yards"}},"wdio_ui5_key":"sapm.GenericTile{\"header\":\"Manage Yards\"}"}]}
RESULT: {"script":"<script> [1562 bytes]","args":[{"selector":{"controlType":"sap.m.GenericTile","properties":{"header":"Manage Yards"}},"wdio_ui5_key":"sapm.GenericTile{\"header\":\"Manage Yards\"}"}]}
RESULT: undefined
COMMAND: POST /session/2eef3865f9633c585bb33c6ac0c7be86/element - {"using":"xpath","value":"//*[@id=\"__tile33\"]"}
RESULT: {"using":"xpath","value":"//*[@id=\"__tile33\"]"}
COMMAND: POST /session/2eef3865f9633c585bb33c6ac0c7be86/element/f.38388B4EA542EE9F87EA90A6B1549037.d.D13BC39D00375542694BBEB832E30B34.e.24774/click - {}
RESULT: {}
COMMAND: GET /session/2eef3865f9633c585bb33c6ac0c7be86/screenshot - {}
RESULT: {}
COMMAND: POST /session/2eef3865f9633c585bb33c6ac0c7be86/elements - {"using":"xpath","value":"//span[text()='Error']"}
RESULT: {"using":"xpath","value":"//span[text()='Error']"}
COMMAND: POST /session/2eef3865f9633c585bb33c6ac0c7be86/element - {"using":"xpath","value":"//button[@data-kt=\"addNewYardOverflowToolbarButton\"]"}
RESULT: {"using":"xpath","value":"//button[@data-kt=\"addNewYardOverflowToolbarButton\"]"}
COMMAND: POST /session/2eef3865f9633c585bb33c6ac0c7be86/elements - {"using":"xpath","value":"//button[@data-kt=\"addNewYardOverflowToolbarButton\"]"}
RESULT: {"using":"xpath","value":"//button[@data-kt=\"addNewYardOverflowToolbarButton\"]"}
COMMAND: POST /session/2eef3865f9633c585bb33c6ac0c7be86/elements - {"using":"xpath","value":"//button[@data-kt=\"addNewYardOverflowToolbarButton\"]"}
RESULT: {"using":"xpath","value":"//button[@data-kt=\"addNewYardOverflowToolbarButton\"]"}
COMMAND: POST /session/2eef3865f9633c585bb33c6ac0c7be86/element - {"using":"xpath","value":"//button[@data-kt=\"addNewYardOverflowToolbarButton\"]"}
RESULT: {"using":"xpath","value":"//button[@data-kt=\"addNewYardOverflowToolbarButton\"]"}
COMMAND: POST /session/2eef3865f9633c585bb33c6ac0c7be86/execute/sync - {"script":"<script> [8489 bytes]","args":[{"element-6066-11e4-a52e-4f735466cecf":"f.38388B4EA542EE9F87EA90A6B1549037.d.D13BC39D00375542694BBEB832E30B34.e.24901","ELEMENT":"f.38388B4EA542EE9F87EA90A6B1549037.d.D13BC39D00375542694BBEB832E30B34.e.24901"}]}
RESULT: {"script":"<script> [8489 bytes]","args":[{"element-6066-11e4-a52e-4f735466cecf":"f.38388B4EA542EE9F87EA90A6B1549037.d.D13BC39D00375542694BBEB832E30B34.e.24901","ELEMENT":"f.38388B4EA542EE9F87EA90A6B1549037.d.D13BC39D00375542694BBEB832E30B34.e.24901"}]}
COMMAND: GET /session/2eef3865f9633c585bb33c6ac0c7be86/element/f.38388B4EA542EE9F87EA90A6B1549037.d.D13BC39D00375542694BBEB832E30B34.e.24901/enabled - {}
COMMAND: GET /session/2eef3865f9633c585bb33c6ac0c7be86/screenshot - {}
RESULT: {}
COMMAND: POST /session/2eef3865f9633c585bb33c6ac0c7be86/execute/sync - {"script":"<script> [8489 bytes]","args":[{"element-6066-11e4-a52e-4f735466cecf":"f.38388B4EA542EE9F87EA90A6B1549037.d.D13BC39D00375542694BBEB832E30B34.e.24901","ELEMENT":"f.38388B4EA542EE9F87EA90A6B1549037.d.D13BC39D00375542694BBEB832E30B34.e.24901"}]}
COMMAND: GET /session/2eef3865f9633c585bb33c6ac0c7be86/screenshot - {}
RESULT: {}
RESULT: {"script":"<script> [8489 bytes]","args":[{"element-6066-11e4-a52e-4f735466cecf":"f.38388B4EA542EE9F87EA90A6B1549037.d.D13BC39D00375542694BBEB832E30B34.e.24901","ELEMENT":"f.38388B4EA542EE9F87EA90A6B1549037.d.D13BC39D00375542694BBEB832E30B34.e.24901"}]}
COMMAND: POST /session/2eef3865f9633c585bb33c6ac0c7be86/execute/sync - {"script":"<script> [5351 bytes]","args":[{"element-6066-11e4-a52e-4f735466cecf":"f.38388B4EA542EE9F87EA90A6B1549037.d.D13BC39D00375542694BBEB832E30B34.e.24901","ELEMENT":"f.38388B4EA542EE9F87EA90A6B1549037.d.D13BC39D00375542694BBEB832E30B34.e.24901"}]}
COMMAND: GET /session/2eef3865f9633c585bb33c6ac0c7be86/screenshot - {}
RESULT: {}
RESULT: {"script":"<script> [5351 bytes]","args":[{"element-6066-11e4-a52e-4f735466cecf":"f.38388B4EA542EE9F87EA90A6B1549037.d.D13BC39D00375542694BBEB832E30B34.e.24901","ELEMENT":"f.38388B4EA542EE9F87EA90A6B1549037.d.D13BC39D00375542694BBEB832E30B34.e.24901"}]}
COMMAND: POST /session/2eef3865f9633c585bb33c6ac0c7be86/element/f.38388B4EA542EE9F87EA90A6B1549037.d.D13BC39D00375542694BBEB832E30B34.e.24901/click - {}
COMMAND: GET /session/2eef3865f9633c585bb33c6ac0c7be86/screenshot - {}
RESULT: {}
RESULT: {}
COMMAND: GET /session/2eef3865f9633c585bb33c6ac0c7be86/screenshot - {}
RESULT: {}
COMMAND: POST /session/2eef3865f9633c585bb33c6ac0c7be86/element - {"using":"xpath","value":"//input[@id=\"application-manageyards-display-component---NewYard--yardId-inner\"]"}
RESULT: {}
RESULT: {"using":"xpath","value":"//input[@id=\"application-manageyards-display-component---NewYard--yardId-inner\"]"}
COMMAND: POST /session/2eef3865f9633c585bb33c6ac0c7be86/element - {"using":"xpath","value":"//input[@id=\"application-manageyards-display-component---NewYard--yardId-inner\"]"}
RESULT: {"using":"xpath","value":"//input[@id=\"application-manageyards-display-component---NewYard--yardId-inner\"]"}
COMMAND: POST /session/2eef3865f9633c585bb33c6ac0c7be86/execute/async - {"script":"<script> [1562 bytes]","args":[{"selector":{"id":"application-manageyards-display-component---NewYard--addressDetailDetailsName1","interaction":{"idSuffix":"inner"}},"wdio_ui5_key":"applicationmanageyards-display-component---NewYard--addressDetailDetailsName1"}]}
RESULT: {"script":"<script> [1562 bytes]","args":[{"selector":{"id":"application-manageyards-display-component---NewYard--addressDetailDetailsName1","interaction":{"idSuffix":"inner"}},"wdio_ui5_key":"applicationmanageyards-display-component---NewYard--addressDetailDetailsName1"}]}
RESULT: undefined
COMMAND: POST /session/2eef3865f9633c585bb33c6ac0c7be86/execute/async - {"script":"<script> [776 bytes]","args":[{"enterText":"Intracompany Yard wdIO","selector":{"id":"application-manageyards-display-component---NewYard--addressDetailDetailsName1","interaction":{"idSuffix":"inner"}},"clearTextFirst":true,"interactionType":"ENTER_TEXT"}]}
RESULT: {"script":"<script> [776 bytes]","args":[{"enterText":"Intracompany Yard wdIO","selector":{"id":"application-manageyards-display-component---NewYard--addressDetailDetailsName1","interaction":{"idSuffix":"inner"}},"clearTextFirst":true,"interactionType":"ENTER_TEXT"}]}
COMMAND: POST /session/2eef3865f9633c585bb33c6ac0c7be86/execute/async - {"script":"<script> [1562 bytes]","args":[{"selector":{"id":"application-manageyards-display-component---NewYard--addressDetailDetailsLanguage-arrow"},"wdio_ui5_key":"applicationmanageyards-display-component---NewYard--addressDetailDetailsLanguage-arrow"}]}
RESULT: {"script":"<script> [1562 bytes]","args":[{"selector":{"id":"application-manageyards-display-component---NewYard--addressDetailDetailsLanguage-arrow"},"wdio_ui5_key":"applicationmanageyards-display-component---NewYard--addressDetailDetailsLanguage-arrow"}]}
RESULT: undefined
COMMAND: POST /session/2eef3865f9633c585bb33c6ac0c7be86/element - {"using":"xpath","value":"//*[@id=\"application-manageyards-display-component---NewYard--addressDetailDetailsLanguage-arrow\"]"}
RESULT: {"using":"xpath","value":"//*[@id=\"application-manageyards-display-component---NewYard--addressDetailDetailsLanguage-arrow\"]"}
COMMAND: POST /session/2eef3865f9633c585bb33c6ac0c7be86/element/f.38388B4EA542EE9F87EA90A6B1549037.d.D13BC39D00375542694BBEB832E30B34.e.25332/click - {}
RESULT: {}
COMMAND: POST /session/2eef3865f9633c585bb33c6ac0c7be86/element - {"using":"xpath","value":"//span[contains(text(), \"English\")]"}
COMMAND: GET /session/2eef3865f9633c585bb33c6ac0c7be86/screenshot - {}
RESULT: {"using":"xpath","value":"//span[contains(text(), \"English\")]"}
COMMAND: POST /session/2eef3865f9633c585bb33c6ac0c7be86/element/f.38388B4EA542EE9F87EA90A6B1549037.d.D13BC39D00375542694BBEB832E30B34.e.25333/click - {}
RESULT: {}
RESULT: {}
COMMAND: POST /session/2eef3865f9633c585bb33c6ac0c7be86/execute/async - {"script":"<script> [1562 bytes]","args":[{"selector":{"id":"application-manageyards-display-component---NewYard--addressDetailDetailsCity1","interaction":{"idSuffix":"inner"}},"wdio_ui5_key":"applicationmanageyards-display-component---NewYard--addressDetailDetailsCity1"}]}
COMMAND: GET /session/2eef3865f9633c585bb33c6ac0c7be86/screenshot - {}
RESULT: {"script":"<script> [1562 bytes]","args":[{"selector":{"id":"application-manageyards-display-component---NewYard--addressDetailDetailsCity1","interaction":{"idSuffix":"inner"}},"wdio_ui5_key":"applicationmanageyards-display-component---NewYard--addressDetailDetailsCity1"}]}
RESULT: undefined
COMMAND: POST /session/2eef3865f9633c585bb33c6ac0c7be86/execute/async - {"script":"<script> [776 bytes]","args":[{"enterText":"Rosario","selector":{"id":"application-manageyards-display-component---NewYard--addressDetailDetailsCity1","interaction":{"idSuffix":"inner"}},"clearTextFirst":true,"interactionType":"ENTER_TEXT"}]}
RESULT: {}
RESULT: {"script":"<script> [776 bytes]","args":[{"enterText":"Rosario","selector":{"id":"application-manageyards-display-component---NewYard--addressDetailDetailsCity1","interaction":{"idSuffix":"inner"}},"clearTextFirst":true,"interactionType":"ENTER_TEXT"}]}
COMMAND: POST /session/2eef3865f9633c585bb33c6ac0c7be86/execute/async - {"script":"<script> [1562 bytes]","args":[{"selector":{"id":"application-manageyards-display-component---NewYard--addressDetailDetailsCountry-arrow"},"wdio_ui5_key":"applicationmanageyards-display-component---NewYard--addressDetailDetailsCountry-arrow"}]}
RESULT: {"script":"<script> [1562 bytes]","args":[{"selector":{"id":"application-manageyards-display-component---NewYard--addressDetailDetailsCountry-arrow"},"wdio_ui5_key":"applicationmanageyards-display-component---NewYard--addressDetailDetailsCountry-arrow"}]}
RESULT: undefined
COMMAND: POST /session/2eef3865f9633c585bb33c6ac0c7be86/element - {"using":"xpath","value":"//*[@id=\"application-manageyards-display-component---NewYard--addressDetailDetailsCountry-arrow\"]"}
RESULT: {"using":"xpath","value":"//*[@id=\"application-manageyards-display-component---NewYard--addressDetailDetailsCountry-arrow\"]"}
COMMAND: POST /session/2eef3865f9633c585bb33c6ac0c7be86/element/f.38388B4EA542EE9F87EA90A6B1549037.d.D13BC39D00375542694BBEB832E30B34.e.25335/click - {}
RESULT: {}
COMMAND: POST /session/2eef3865f9633c585bb33c6ac0c7be86/element - {"using":"xpath","value":"//span[contains(text(), \"Argentina\")]"}
COMMAND: GET /session/2eef3865f9633c585bb33c6ac0c7be86/screenshot - {}
RESULT: {"using":"xpath","value":"//span[contains(text(), \"Argentina\")]"}
COMMAND: POST /session/2eef3865f9633c585bb33c6ac0c7be86/element/f.38388B4EA542EE9F87EA90A6B1549037.d.D13BC39D00375542694BBEB832E30B34.e.25336/click - {}
RESULT: {}
RESULT: {}
COMMAND: POST /session/2eef3865f9633c585bb33c6ac0c7be86/execute/async - {"script":"<script> [1562 bytes]","args":[{"selector":{"id":"application-manageyards-display-component---NewYard--addressEditDetailsCostObjectCstType-arrow"},"wdio_ui5_key":"applicationmanageyards-display-component---NewYard--addressEditDetailsCostObjectCstType-arrow"}]}
COMMAND: GET /session/2eef3865f9633c585bb33c6ac0c7be86/screenshot - {}
RESULT: {"script":"<script> [1562 bytes]","args":[{"selector":{"id":"application-manageyards-display-component---NewYard--addressEditDetailsCostObjectCstType-arrow"},"wdio_ui5_key":"applicationmanageyards-display-component---NewYard--addressEditDetailsCostObjectCstType-arrow"}]}
RESULT: undefined
COMMAND: POST /session/2eef3865f9633c585bb33c6ac0c7be86/element - {"using":"xpath","value":"//*[@id=\"application-manageyards-display-component---NewYard--addressEditDetailsCostObjectCstType-arrow\"]"}
RESULT: {}
RESULT: {"using":"xpath","value":"//*[@id=\"application-manageyards-display-component---NewYard--addressEditDetailsCostObjectCstType-arrow\"]"}
COMMAND: POST /session/2eef3865f9633c585bb33c6ac0c7be86/element/f.38388B4EA542EE9F87EA90A6B1549037.d.D13BC39D00375542694BBEB832E30B34.e.25338/click - {}
RESULT: {}
COMMAND: POST /session/2eef3865f9633c585bb33c6ac0c7be86/element - {"using":"xpath","value":"//span[contains(text(), \"Cost Center\")]"}
COMMAND: GET /session/2eef3865f9633c585bb33c6ac0c7be86/screenshot - {}
RESULT: {"using":"xpath","value":"//span[contains(text(), \"Cost Center\")]"}
COMMAND: POST /session/2eef3865f9633c585bb33c6ac0c7be86/element/f.38388B4EA542EE9F87EA90A6B1549037.d.D13BC39D00375542694BBEB832E30B34.e.25339/click - {}
RESULT: {}
RESULT: {}
COMMAND: GET /session/2eef3865f9633c585bb33c6ac0c7be86/screenshot - {}
RESULT: {}
COMMAND: POST /session/2eef3865f9633c585bb33c6ac0c7be86/element - {"using":"xpath","value":"//span[@id=\"application-manageyards-display-component---NewYard--addressNewCostObjectCstID-vhi\"]"}
RESULT: {"using":"xpath","value":"//span[@id=\"application-manageyards-display-component---NewYard--addressNewCostObjectCstID-vhi\"]"}
COMMAND: POST /session/2eef3865f9633c585bb33c6ac0c7be86/execute/sync - {"script":"<script> [8489 bytes]","args":[{"element-6066-11e4-a52e-4f735466cecf":"f.38388B4EA542EE9F87EA90A6B1549037.d.D13BC39D00375542694BBEB832E30B34.e.25343","ELEMENT":"f.38388B4EA542EE9F87EA90A6B1549037.d.D13BC39D00375542694BBEB832E30B34.e.25343"}]}
RESULT: {"script":"<script> [8489 bytes]","args":[{"element-6066-11e4-a52e-4f735466cecf":"f.38388B4EA542EE9F87EA90A6B1549037.d.D13BC39D00375542694BBEB832E30B34.e.25343","ELEMENT":"f.38388B4EA542EE9F87EA90A6B1549037.d.D13BC39D00375542694BBEB832E30B34.e.25343"}]}
COMMAND: POST /session/2eef3865f9633c585bb33c6ac0c7be86/execute/async - {"script":"<script> [1562 bytes]","args":[{"selector":{"id":"application-manageyards-display-component---NewYard--addressNewCostObjectCstID-vhi"},"wdio_ui5_key":"applicationmanageyards-display-component---NewYard--addressNewCostObjectCstID-vhi"}]}
COMMAND: GET /session/2eef3865f9633c585bb33c6ac0c7be86/screenshot - {}
RESULT: {"script":"<script> [1562 bytes]","args":[{"selector":{"id":"application-manageyards-display-component---NewYard--addressNewCostObjectCstID-vhi"},"wdio_ui5_key":"applicationmanageyards-display-component---NewYard--addressNewCostObjectCstID-vhi"}]}
RESULT: undefined
COMMAND: POST /session/2eef3865f9633c585bb33c6ac0c7be86/element - {"using":"xpath","value":"//*[@id=\"application-manageyards-display-component---NewYard--addressNewCostObjectCstID-vhi\"]"}
RESULT: {}
RESULT: {"using":"xpath","value":"//*[@id=\"application-manageyards-display-component---NewYard--addressNewCostObjectCstID-vhi\"]"}
COMMAND: POST /session/2eef3865f9633c585bb33c6ac0c7be86/element/f.38388B4EA542EE9F87EA90A6B1549037.d.D13BC39D00375542694BBEB832E30B34.e.25343/click - {}
RESULT: {}
COMMAND: GET /session/2eef3865f9633c585bb33c6ac0c7be86/screenshot - {}
RESULT: {}
COMMAND: POST /session/2eef3865f9633c585bb33c6ac0c7be86/execute/async - {"script":"<script> [1562 bytes]","args":[{"selector":{"controlType":"sap.m.SearchField","properties":{"placeholder":"Search"},"searchOpenDialogs":true,"interaction":{"idSuffix":"I"}},"wdio_ui5_key":"sapm.SearchField{\"placeholder\":\"Search\"}"}]}
RESULT: {"script":"<script> [1562 bytes]","args":[{"selector":{"controlType":"sap.m.SearchField","properties":{"placeholder":"Search"},"searchOpenDialogs":true,"interaction":{"idSuffix":"I"}},"wdio_ui5_key":"sapm.SearchField{\"placeholder\":\"Search\"}"}]}
RESULT: undefined
COMMAND: POST /session/2eef3865f9633c585bb33c6ac0c7be86/execute/async - {"script":"<script> [776 bytes]","args":[{"enterText":"bauh_b","selector":{"controlType":"sap.m.SearchField","properties":{"placeholder":"Search"},"searchOpenDialogs":true,"interaction":{"idSuffix":"I"}},"clearTextFirst":true,"interactionType":"ENTER_TEXT"}]}
RESULT: {"script":"<script> [776 bytes]","args":[{"enterText":"bauh_b","selector":{"controlType":"sap.m.SearchField","properties":{"placeholder":"Search"},"searchOpenDialogs":true,"interaction":{"idSuffix":"I"}},"clearTextFirst":true,"interactionType":"ENTER_TEXT"}]}
COMMAND: POST /session/2eef3865f9633c585bb33c6ac0c7be86/actions - {"actions":[{"id":"action76","type":"key","parameters":{},"actions":[{"type":"keyDown","value":""},{"type":"pause","duration":10},{"type":"keyUp","value":""}]}]}
RESULT: {"actions":[{"id":"action76","type":"key","parameters":{},"actions":[{"type":"keyDown","value":""},{"type":"pause","duration":10},{"type":"keyUp","value":""}]}]}
COMMAND: GET /session/2eef3865f9633c585bb33c6ac0c7be86/screenshot - {}
RESULT: {}
COMMAND: POST /session/2eef3865f9633c585bb33c6ac0c7be86/element - {"using":"xpath","value":"//span[contains(text(), \"Demo Yard\")]"}
RESULT: {"using":"xpath","value":"//span[contains(text(), \"Demo Yard\")]"}
COMMAND: POST /session/2eef3865f9633c585bb33c6ac0c7be86/element/f.38388B4EA542EE9F87EA90A6B1549037.d.D13BC39D00375542694BBEB832E30B34.e.25385/click - {}
RESULT: {}
COMMAND: GET /session/2eef3865f9633c585bb33c6ac0c7be86/screenshot - {}
RESULT: {}
COMMAND: POST /session/2eef3865f9633c585bb33c6ac0c7be86/element - {"using":"xpath","value":"//bdi[contains(text(), \"OK\")]"}
RESULT: {"using":"xpath","value":"//bdi[contains(text(), \"OK\")]"}
COMMAND: POST /session/2eef3865f9633c585bb33c6ac0c7be86/element/f.38388B4EA542EE9F87EA90A6B1549037.d.D13BC39D00375542694BBEB832E30B34.e.25386/click - {}
RESULT: {}
COMMAND: GET /session/2eef3865f9633c585bb33c6ac0c7be86/screenshot - {}
RESULT: {}
COMMAND: POST /session/2eef3865f9633c585bb33c6ac0c7be86/execute/async - {"script":"<script> [1562 bytes]","args":[{"selector":{"id":"application-manageyards-display-component---NewYard--addressEditDetailsCurrency-arrow"},"wdio_ui5_key":"applicationmanageyards-display-component---NewYard--addressEditDetailsCurrency-arrow"}]}
RESULT: {"script":"<script> [1562 bytes]","args":[{"selector":{"id":"application-manageyards-display-component---NewYard--addressEditDetailsCurrency-arrow"},"wdio_ui5_key":"applicationmanageyards-display-component---NewYard--addressEditDetailsCurrency-arrow"}]}
RESULT: undefined
COMMAND: POST /session/2eef3865f9633c585bb33c6ac0c7be86/element - {"using":"xpath","value":"//*[@id=\"application-manageyards-display-component---NewYard--addressEditDetailsCurrency-arrow\"]"}
RESULT: {"using":"xpath","value":"//*[@id=\"application-manageyards-display-component---NewYard--addressEditDetailsCurrency-arrow\"]"}
COMMAND: POST /session/2eef3865f9633c585bb33c6ac0c7be86/element/f.38388B4EA542EE9F87EA90A6B1549037.d.D13BC39D00375542694BBEB832E30B34.e.25389/click - {}
RESULT: {}
COMMAND: POST /session/2eef3865f9633c585bb33c6ac0c7be86/element - {"using":"xpath","value":"//span[contains(text(), \"Euro\")]"}
COMMAND: GET /session/2eef3865f9633c585bb33c6ac0c7be86/screenshot - {}
RESULT: {"using":"xpath","value":"//span[contains(text(), \"Euro\")]"}
COMMAND: POST /session/2eef3865f9633c585bb33c6ac0c7be86/element/f.38388B4EA542EE9F87EA90A6B1549037.d.D13BC39D00375542694BBEB832E30B34.e.25390/click - {}
RESULT: {}
RESULT: {}
COMMAND: POST /session/2eef3865f9633c585bb33c6ac0c7be86/execute/async - {"script":"<script> [1562 bytes]","args":[{"selector":{"controlType":"sap.m.Input","viewName":"etm.portal.ui.manageyards.view.New","viewId":"application-manageyards-display-component---NewYard","bindingPath":{"path":"","propertyPath":"/CONTROLLING_AREA","modelName":"NewYardModel"},"interaction":{"idSuffix":"inner"}},"wdio_ui5_key":"etmportal.ui.manageyards.view.Newsap.m.Input{\"path\":\"\",\"propertyPath\":\"/CONTROLLING_AREA\",\"modelName\":\"NewYardModel\"}"}]}
COMMAND: GET /session/2eef3865f9633c585bb33c6ac0c7be86/screenshot - {}
RESULT: {"script":"<script> [1562 bytes]","args":[{"selector":{"controlType":"sap.m.Input","viewName":"etm.portal.ui.manageyards.view.New","viewId":"application-manageyards-display-component---NewYard","bindingPath":{"path":"","propertyPath":"/CONTROLLING_AREA","modelName":"NewYardModel"},"interaction":{"idSuffix":"inner"}},"wdio_ui5_key":"etmportal.ui.manageyards.view.Newsap.m.Input{\"path\":\"\",\"propertyPath\":\"/CONTROLLING_AREA\",\"modelName\":\"NewYardModel\"}"}]}
RESULT: undefined
COMMAND: POST /session/2eef3865f9633c585bb33c6ac0c7be86/execute/async - {"script":"<script> [776 bytes]","args":[{"enterText":"Z001","selector":{"controlType":"sap.m.Input","viewName":"etm.portal.ui.manageyards.view.New","viewId":"application-manageyards-display-component---NewYard","bindingPath":{"path":"","propertyPath":"/CONTROLLING_AREA","modelName":"NewYardModel"},"interaction":{"idSuffix":"inner"}},"clearTextFirst":true,"interactionType":"ENTER_TEXT"}]}
RESULT: {}
RESULT: {"script":"<script> [776 bytes]","args":[{"enterText":"Z001","selector":{"controlType":"sap.m.Input","viewName":"etm.portal.ui.manageyards.view.New","viewId":"application-manageyards-display-component---NewYard","bindingPath":{"path":"","propertyPath":"/CONTROLLING_AREA","modelName":"NewYardModel"},"interaction":{"idSuffix":"inner"}},"clearTextFirst":true,"interactionType":"ENTER_TEXT"}]}
COMMAND: POST /session/2eef3865f9633c585bb33c6ac0c7be86/execute/async - {"script":"<script> [1562 bytes]","args":[{"selector":{"id":"application-manageyards-display-component---NewYard--companyCodeComboBox","interaction":{"idSuffix":"inner"}},"wdio_ui5_key":"applicationmanageyards-display-component---NewYard--companyCodeComboBox"}]}
RESULT: {"script":"<script> [1562 bytes]","args":[{"selector":{"id":"application-manageyards-display-component---NewYard--companyCodeComboBox","interaction":{"idSuffix":"inner"}},"wdio_ui5_key":"applicationmanageyards-display-component---NewYard--companyCodeComboBox"}]}
RESULT: undefined
COMMAND: POST /session/2eef3865f9633c585bb33c6ac0c7be86/execute/async - {"script":"<script> [776 bytes]","args":[{"enterText":"1000","selector":{"id":"application-manageyards-display-component---NewYard--companyCodeComboBox","interaction":{"idSuffix":"inner"}},"clearTextFirst":true,"interactionType":"ENTER_TEXT"}]}
RESULT: {"script":"<script> [776 bytes]","args":[{"enterText":"1000","selector":{"id":"application-manageyards-display-component---NewYard--companyCodeComboBox","interaction":{"idSuffix":"inner"}},"clearTextFirst":true,"interactionType":"ENTER_TEXT"}]}
COMMAND: POST /session/2eef3865f9633c585bb33c6ac0c7be86/execute/async - {"script":"<script> [1562 bytes]","args":[{"selector":{"controlType":"sap.m.Input","viewName":"etm.portal.ui.manageyards.view.New","viewId":"application-manageyards-display-component---NewYard","bindingPath":{"path":"","propertyPath":"/PLANT","modelName":"NewYardModel"},"interaction":{"idSuffix":"inner"}},"wdio_ui5_key":"etmportal.ui.manageyards.view.Newsap.m.Input{\"path\":\"\",\"propertyPath\":\"/PLANT\",\"modelName\":\"NewYardModel\"}"}]}
RESULT: {"script":"<script> [1562 bytes]","args":[{"selector":{"controlType":"sap.m.Input","viewName":"etm.portal.ui.manageyards.view.New","viewId":"application-manageyards-display-component---NewYard","bindingPath":{"path":"","propertyPath":"/PLANT","modelName":"NewYardModel"},"interaction":{"idSuffix":"inner"}},"wdio_ui5_key":"etmportal.ui.manageyards.view.Newsap.m.Input{\"path\":\"\",\"propertyPath\":\"/PLANT\",\"modelName\":\"NewYardModel\"}"}]}
RESULT: undefined
COMMAND: POST /session/2eef3865f9633c585bb33c6ac0c7be86/execute/async - {"script":"<script> [776 bytes]","args":[{"enterText":"1001","selector":{"controlType":"sap.m.Input","viewName":"etm.portal.ui.manageyards.view.New","viewId":"application-manageyards-display-component---NewYard","bindingPath":{"path":"","propertyPath":"/PLANT","modelName":"NewYardModel"},"interaction":{"idSuffix":"inner"}},"clearTextFirst":true,"interactionType":"ENTER_TEXT"}]}
RESULT: {"script":"<script> [776 bytes]","args":[{"enterText":"1001","selector":{"controlType":"sap.m.Input","viewName":"etm.portal.ui.manageyards.view.New","viewId":"application-manageyards-display-component---NewYard","bindingPath":{"path":"","propertyPath":"/PLANT","modelName":"NewYardModel"},"interaction":{"idSuffix":"inner"}},"clearTextFirst":true,"interactionType":"ENTER_TEXT"}]}
COMMAND: POST /session/2eef3865f9633c585bb33c6ac0c7be86/execute/async - {"script":"<script> [1562 bytes]","args":[{"selector":{"controlType":"sap.m.Input","viewName":"etm.portal.ui.manageyards.view.New","viewId":"application-manageyards-display-component---NewYard","bindingPath":{"path":"","propertyPath":"/SALES_AREA_VKORG","modelName":"NewYardModel"},"interaction":{"idSuffix":"inner"}},"wdio_ui5_key":"etmportal.ui.manageyards.view.Newsap.m.Input{\"path\":\"\",\"propertyPath\":\"/SALES_AREA_VKORG\",\"modelName\":\"NewYardModel\"}"}]}
RESULT: {"script":"<script> [1562 bytes]","args":[{"selector":{"controlType":"sap.m.Input","viewName":"etm.portal.ui.manageyards.view.New","viewId":"application-manageyards-display-component---NewYard","bindingPath":{"path":"","propertyPath":"/SALES_AREA_VKORG","modelName":"NewYardModel"},"interaction":{"idSuffix":"inner"}},"wdio_ui5_key":"etmportal.ui.manageyards.view.Newsap.m.Input{\"path\":\"\",\"propertyPath\":\"/SALES_AREA_VKORG\",\"modelName\":\"NewYardModel\"}"}]}
RESULT: undefined
COMMAND: POST /session/2eef3865f9633c585bb33c6ac0c7be86/execute/async - {"script":"<script> [776 bytes]","args":[{"enterText":"C002","selector":{"controlType":"sap.m.Input","viewName":"etm.portal.ui.manageyards.view.New","viewId":"application-manageyards-display-component---NewYard","bindingPath":{"path":"","propertyPath":"/SALES_AREA_VKORG","modelName":"NewYardModel"},"interaction":{"idSuffix":"inner"}},"clearTextFirst":true,"interactionType":"ENTER_TEXT"}]}
RESULT: {"script":"<script> [776 bytes]","args":[{"enterText":"C002","selector":{"controlType":"sap.m.Input","viewName":"etm.portal.ui.manageyards.view.New","viewId":"application-manageyards-display-component---NewYard","bindingPath":{"path":"","propertyPath":"/SALES_AREA_VKORG","modelName":"NewYardModel"},"interaction":{"idSuffix":"inner"}},"clearTextFirst":true,"interactionType":"ENTER_TEXT"}]}
COMMAND: POST /session/2eef3865f9633c585bb33c6ac0c7be86/execute/async - {"script":"<script> [1562 bytes]","args":[{"selector":{"controlType":"sap.m.Input","viewName":"etm.portal.ui.manageyards.view.New","viewId":"application-manageyards-display-component---NewYard","bindingPath":{"path":"","propertyPath":"/SALES_AREA_VTWEG","modelName":"NewYardModel"},"interaction":{"idSuffix":"inner"}},"wdio_ui5_key":"etmportal.ui.manageyards.view.Newsap.m.Input{\"path\":\"\",\"propertyPath\":\"/SALES_AREA_VTWEG\",\"modelName\":\"NewYardModel\"}"}]}
RESULT: {"script":"<script> [1562 bytes]","args":[{"selector":{"controlType":"sap.m.Input","viewName":"etm.portal.ui.manageyards.view.New","viewId":"application-manageyards-display-component---NewYard","bindingPath":{"path":"","propertyPath":"/SALES_AREA_VTWEG","modelName":"NewYardModel"},"interaction":{"idSuffix":"inner"}},"wdio_ui5_key":"etmportal.ui.manageyards.view.Newsap.m.Input{\"path\":\"\",\"propertyPath\":\"/SALES_AREA_VTWEG\",\"modelName\":\"NewYardModel\"}"}]}
RESULT: undefined
COMMAND: POST /session/2eef3865f9633c585bb33c6ac0c7be86/execute/async - {"script":"<script> [776 bytes]","args":[{"enterText":"C2","selector":{"controlType":"sap.m.Input","viewName":"etm.portal.ui.manageyards.view.New","viewId":"application-manageyards-display-component---NewYard","bindingPath":{"path":"","propertyPath":"/SALES_AREA_VTWEG","modelName":"NewYardModel"},"interaction":{"idSuffix":"inner"}},"clearTextFirst":true,"interactionType":"ENTER_TEXT"}]}
RESULT: {"script":"<script> [776 bytes]","args":[{"enterText":"C2","selector":{"controlType":"sap.m.Input","viewName":"etm.portal.ui.manageyards.view.New","viewId":"application-manageyards-display-component---NewYard","bindingPath":{"path":"","propertyPath":"/SALES_AREA_VTWEG","modelName":"NewYardModel"},"interaction":{"idSuffix":"inner"}},"clearTextFirst":true,"interactionType":"ENTER_TEXT"}]}
COMMAND: POST /session/2eef3865f9633c585bb33c6ac0c7be86/execute/async - {"script":"<script> [1562 bytes]","args":[{"selector":{"controlType":"sap.m.Input","viewName":"etm.portal.ui.manageyards.view.New","viewId":"application-manageyards-display-component---NewYard","bindingPath":{"path":"","propertyPath":"/SALES_AREA_SPART","modelName":"NewYardModel"},"interaction":{"idSuffix":"inner"}},"wdio_ui5_key":"etmportal.ui.manageyards.view.Newsap.m.Input{\"path\":\"\",\"propertyPath\":\"/SALES_AREA_SPART\",\"modelName\":\"NewYardModel\"}"}]}
RESULT: {"script":"<script> [1562 bytes]","args":[{"selector":{"controlType":"sap.m.Input","viewName":"etm.portal.ui.manageyards.view.New","viewId":"application-manageyards-display-component---NewYard","bindingPath":{"path":"","propertyPath":"/SALES_AREA_SPART","modelName":"NewYardModel"},"interaction":{"idSuffix":"inner"}},"wdio_ui5_key":"etmportal.ui.manageyards.view.Newsap.m.Input{\"path\":\"\",\"propertyPath\":\"/SALES_AREA_SPART\",\"modelName\":\"NewYardModel\"}"}]}
RESULT: undefined
COMMAND: POST /session/2eef3865f9633c585bb33c6ac0c7be86/execute/async - {"script":"<script> [776 bytes]","args":[{"enterText":"C2","selector":{"controlType":"sap.m.Input","viewName":"etm.portal.ui.manageyards.view.New","viewId":"application-manageyards-display-component---NewYard","bindingPath":{"path":"","propertyPath":"/SALES_AREA_SPART","modelName":"NewYardModel"},"interaction":{"idSuffix":"inner"}},"clearTextFirst":true,"interactionType":"ENTER_TEXT"}]}
RESULT: {"script":"<script> [776 bytes]","args":[{"enterText":"C2","selector":{"controlType":"sap.m.Input","viewName":"etm.portal.ui.manageyards.view.New","viewId":"application-manageyards-display-component---NewYard","bindingPath":{"path":"","propertyPath":"/SALES_AREA_SPART","modelName":"NewYardModel"},"interaction":{"idSuffix":"inner"}},"clearTextFirst":true,"interactionType":"ENTER_TEXT"}]}
COMMAND: POST /session/2eef3865f9633c585bb33c6ac0c7be86/execute/async - {"script":"<script> [1562 bytes]","args":[{"selector":{"controlType":"sap.m.Input","viewName":"etm.portal.ui.manageyards.view.New","viewId":"application-manageyards-display-component---NewYard","bindingPath":{"path":"","propertyPath":"/SHIP_POINT","modelName":"NewYardModel"},"interaction":{"idSuffix":"inner"}},"wdio_ui5_key":"etmportal.ui.manageyards.view.Newsap.m.Input{\"path\":\"\",\"propertyPath\":\"/SHIP_POINT\",\"modelName\":\"NewYardModel\"}"}]}
RESULT: {"script":"<script> [1562 bytes]","args":[{"selector":{"controlType":"sap.m.Input","viewName":"etm.portal.ui.manageyards.view.New","viewId":"application-manageyards-display-component---NewYard","bindingPath":{"path":"","propertyPath":"/SHIP_POINT","modelName":"NewYardModel"},"interaction":{"idSuffix":"inner"}},"wdio_ui5_key":"etmportal.ui.manageyards.view.Newsap.m.Input{\"path\":\"\",\"propertyPath\":\"/SHIP_POINT\",\"modelName\":\"NewYardModel\"}"}]}
RESULT: undefined
COMMAND: POST /session/2eef3865f9633c585bb33c6ac0c7be86/execute/async - {"script":"<script> [776 bytes]","args":[{"enterText":"1710","selector":{"controlType":"sap.m.Input","viewName":"etm.portal.ui.manageyards.view.New","viewId":"application-manageyards-display-component---NewYard","bindingPath":{"path":"","propertyPath":"/SHIP_POINT","modelName":"NewYardModel"},"interaction":{"idSuffix":"inner"}},"clearTextFirst":true,"interactionType":"ENTER_TEXT"}]}
RESULT: {"script":"<script> [776 bytes]","args":[{"enterText":"1710","selector":{"controlType":"sap.m.Input","viewName":"etm.portal.ui.manageyards.view.New","viewId":"application-manageyards-display-component---NewYard","bindingPath":{"path":"","propertyPath":"/SHIP_POINT","modelName":"NewYardModel"},"interaction":{"idSuffix":"inner"}},"clearTextFirst":true,"interactionType":"ENTER_TEXT"}]}
COMMAND: POST /session/2eef3865f9633c585bb33c6ac0c7be86/execute/async - {"script":"<script> [1562 bytes]","args":[{"selector":{"controlType":"sap.m.Input","viewName":"etm.portal.ui.manageyards.view.New","viewId":"application-manageyards-display-component---NewYard","bindingPath":{"path":"","propertyPath":"/DELIVERY_TYPE","modelName":"NewYardModel"},"interaction":{"idSuffix":"inner"}},"wdio_ui5_key":"etmportal.ui.manageyards.view.Newsap.m.Input{\"path\":\"\",\"propertyPath\":\"/DELIVERY_TYPE\",\"modelName\":\"NewYardModel\"}"}]}
RESULT: {"script":"<script> [1562 bytes]","args":[{"selector":{"controlType":"sap.m.Input","viewName":"etm.portal.ui.manageyards.view.New","viewId":"application-manageyards-display-component---NewYard","bindingPath":{"path":"","propertyPath":"/DELIVERY_TYPE","modelName":"NewYardModel"},"interaction":{"idSuffix":"inner"}},"wdio_ui5_key":"etmportal.ui.manageyards.view.Newsap.m.Input{\"path\":\"\",\"propertyPath\":\"/DELIVERY_TYPE\",\"modelName\":\"NewYardModel\"}"}]}
RESULT: undefined
COMMAND: POST /session/2eef3865f9633c585bb33c6ac0c7be86/execute/async - {"script":"<script> [776 bytes]","args":[{"enterText":"ZL01","selector":{"controlType":"sap.m.Input","viewName":"etm.portal.ui.manageyards.view.New","viewId":"application-manageyards-display-component---NewYard","bindingPath":{"path":"","propertyPath":"/DELIVERY_TYPE","modelName":"NewYardModel"},"interaction":{"idSuffix":"inner"}},"clearTextFirst":true,"interactionType":"ENTER_TEXT"}]}
RESULT: {"script":"<script> [776 bytes]","args":[{"enterText":"ZL01","selector":{"controlType":"sap.m.Input","viewName":"etm.portal.ui.manageyards.view.New","viewId":"application-manageyards-display-component---NewYard","bindingPath":{"path":"","propertyPath":"/DELIVERY_TYPE","modelName":"NewYardModel"},"interaction":{"idSuffix":"inner"}},"clearTextFirst":true,"interactionType":"ENTER_TEXT"}]}
COMMAND: POST /session/2eef3865f9633c585bb33c6ac0c7be86/execute/async - {"script":"<script> [1562 bytes]","args":[{"selector":{"controlType":"sap.m.Input","viewName":"etm.portal.ui.manageyards.view.New","viewId":"application-manageyards-display-component---NewYard","bindingPath":{"path":"","propertyPath":"/AUART","modelName":"NewYardModel"},"interaction":{"idSuffix":"inner"}},"wdio_ui5_key":"etmportal.ui.manageyards.view.Newsap.m.Input{\"path\":\"\",\"propertyPath\":\"/AUART\",\"modelName\":\"NewYardModel\"}"}]}
RESULT: {"script":"<script> [1562 bytes]","args":[{"selector":{"controlType":"sap.m.Input","viewName":"etm.portal.ui.manageyards.view.New","viewId":"application-manageyards-display-component---NewYard","bindingPath":{"path":"","propertyPath":"/AUART","modelName":"NewYardModel"},"interaction":{"idSuffix":"inner"}},"wdio_ui5_key":"etmportal.ui.manageyards.view.Newsap.m.Input{\"path\":\"\",\"propertyPath\":\"/AUART\",\"modelName\":\"NewYardModel\"}"}]}
RESULT: undefined
COMMAND: POST /session/2eef3865f9633c585bb33c6ac0c7be86/execute/async - {"script":"<script> [776 bytes]","args":[{"enterText":"TA","selector":{"controlType":"sap.m.Input","viewName":"etm.portal.ui.manageyards.view.New","viewId":"application-manageyards-display-component---NewYard","bindingPath":{"path":"","propertyPath":"/AUART","modelName":"NewYardModel"},"interaction":{"idSuffix":"inner"}},"clearTextFirst":true,"interactionType":"ENTER_TEXT"}]}
RESULT: {"script":"<script> [776 bytes]","args":[{"enterText":"TA","selector":{"controlType":"sap.m.Input","viewName":"etm.portal.ui.manageyards.view.New","viewId":"application-manageyards-display-component---NewYard","bindingPath":{"path":"","propertyPath":"/AUART","modelName":"NewYardModel"},"interaction":{"idSuffix":"inner"}},"clearTextFirst":true,"interactionType":"ENTER_TEXT"}]}
COMMAND: POST /session/2eef3865f9633c585bb33c6ac0c7be86/element - {"using":"xpath","value":"//button[@data-kt=\"newYardSaveButton\"]"}
RESULT: {"using":"xpath","value":"//button[@data-kt=\"newYardSaveButton\"]"}
COMMAND: POST /session/2eef3865f9633c585bb33c6ac0c7be86/element/f.38388B4EA542EE9F87EA90A6B1549037.d.D13BC39D00375542694BBEB832E30B34.e.25317/click - {}
RESULT: {}
COMMAND: GET /session/2eef3865f9633c585bb33c6ac0c7be86/screenshot - {}
RESULT: {}
COMMAND: POST /session/2eef3865f9633c585bb33c6ac0c7be86/element - {"using":"xpath","value":"//header[contains(@id, 'ObjectPageLayout-headerTitle')]/div[1]/div[2]/div[1]/span[1]"}
RESULT: {"using":"xpath","value":"//header[contains(@id, 'ObjectPageLayout-headerTitle')]/div[1]/div[2]/div[1]/span[1]"}
COMMAND: POST /session/2eef3865f9633c585bb33c6ac0c7be86/elements - {"using":"xpath","value":"//header[contains(@id, 'ObjectPageLayout-headerTitle')]/div[1]/div[2]/div[1]/span[1]"}
RESULT: {"using":"xpath","value":"//header[contains(@id, 'ObjectPageLayout-headerTitle')]/div[1]/div[2]/div[1]/span[1]"}
COMMAND: POST /session/2eef3865f9633c585bb33c6ac0c7be86/execute/sync - {"script":"<script> [56 bytes]","args":[{"element-6066-11e4-a52e-4f735466cecf":"f.38388B4EA542EE9F87EA90A6B1549037.d.D13BC39D00375542694BBEB832E30B34.e.25610","ELEMENT":"f.38388B4EA542EE9F87EA90A6B1549037.d.D13BC39D00375542694BBEB832E30B34.e.25610"}]}
RESULT: {"script":"<script> [56 bytes]","args":[{"element-6066-11e4-a52e-4f735466cecf":"f.38388B4EA542EE9F87EA90A6B1549037.d.D13BC39D00375542694BBEB832E30B34.e.25610","ELEMENT":"f.38388B4EA542EE9F87EA90A6B1549037.d.D13BC39D00375542694BBEB832E30B34.e.25610"}]}
COMMAND: GET /session/2eef3865f9633c585bb33c6ac0c7be86/screenshot - {}
RESULT: {}
COMMAND: POST /session/2eef3865f9633c585bb33c6ac0c7be86/element - {"using":"css selector","value":"#shell-header-logo"}
RESULT: {"using":"css selector","value":"#shell-header-logo"}
COMMAND: POST /session/2eef3865f9633c585bb33c6ac0c7be86/element/f.38388B4EA542EE9F87EA90A6B1549037.d.D13BC39D00375542694BBEB832E30B34.e.24750/click - {}
RESULT: {}
COMMAND: GET /session/2eef3865f9633c585bb33c6ac0c7be86/screenshot - {}
RESULT: {}
COMMAND: POST /session/2eef3865f9633c585bb33c6ac0c7be86/execute/sync - {"script":"<script> [299 bytes]","args":[["getModel","getResource"]]}
RESULT: {"script":"<script> [299 bytes]","args":[["getModel","getResource"]]}
]]></system-out>
    </testcase>
    <testcase classname="chrome.136_0_7103_93.windows.Transfer_Yard_to_Yard_US131076" name="Should create an equipment" time="140.308">
      <system-out><![CDATA[
COMMAND: POST /session/2eef3865f9633c585bb33c6ac0c7be86/execute/async - {"script":"<script> [1562 bytes]","args":[{"selector":{"controlType":"sap.m.GenericTile","properties":{"header":"Manage Resources"}},"wdio_ui5_key":"sapm.GenericTile{\"header\":\"Manage Resources\"}"}]}
COMMAND: GET /session/2eef3865f9633c585bb33c6ac0c7be86/screenshot - {}
RESULT: {"script":"<script> [1562 bytes]","args":[{"selector":{"controlType":"sap.m.GenericTile","properties":{"header":"Manage Resources"}},"wdio_ui5_key":"sapm.GenericTile{\"header\":\"Manage Resources\"}"}]}
RESULT: undefined
COMMAND: POST /session/2eef3865f9633c585bb33c6ac0c7be86/element - {"using":"xpath","value":"//*[@id=\"__tile31\"]"}
RESULT: {}
RESULT: {"using":"xpath","value":"//*[@id=\"__tile31\"]"}
COMMAND: POST /session/2eef3865f9633c585bb33c6ac0c7be86/element/f.38388B4EA542EE9F87EA90A6B1549037.d.D13BC39D00375542694BBEB832E30B34.e.24768/click - {}
RESULT: {}
COMMAND: GET /session/2eef3865f9633c585bb33c6ac0c7be86/screenshot - {}
RESULT: {}
COMMAND: POST /session/2eef3865f9633c585bb33c6ac0c7be86/elements - {"using":"xpath","value":"//span[text()='Error']"}
RESULT: {"using":"xpath","value":"//span[text()='Error']"}
COMMAND: POST /session/2eef3865f9633c585bb33c6ac0c7be86/element - {"using":"xpath","value":"//button[@data-kt=\"addNewRUOverflowToolbarButton\"]"}
RESULT: {"using":"xpath","value":"//button[@data-kt=\"addNewRUOverflowToolbarButton\"]"}
COMMAND: POST /session/2eef3865f9633c585bb33c6ac0c7be86/elements - {"using":"xpath","value":"//button[@data-kt=\"addNewRUOverflowToolbarButton\"]"}
RESULT: {"using":"xpath","value":"//button[@data-kt=\"addNewRUOverflowToolbarButton\"]"}
COMMAND: POST /session/2eef3865f9633c585bb33c6ac0c7be86/execute/sync - {"script":"<script> [8489 bytes]","args":[{"element-6066-11e4-a52e-4f735466cecf":"f.38388B4EA542EE9F87EA90A6B1549037.d.D13BC39D00375542694BBEB832E30B34.e.25653","ELEMENT":"f.38388B4EA542EE9F87EA90A6B1549037.d.D13BC39D00375542694BBEB832E30B34.e.25653"}]}
RESULT: {"script":"<script> [8489 bytes]","args":[{"element-6066-11e4-a52e-4f735466cecf":"f.38388B4EA542EE9F87EA90A6B1549037.d.D13BC39D00375542694BBEB832E30B34.e.25653","ELEMENT":"f.38388B4EA542EE9F87EA90A6B1549037.d.D13BC39D00375542694BBEB832E30B34.e.25653"}]}
COMMAND: GET /session/2eef3865f9633c585bb33c6ac0c7be86/element/f.38388B4EA542EE9F87EA90A6B1549037.d.D13BC39D00375542694BBEB832E30B34.e.25653/enabled - {}
COMMAND: GET /session/2eef3865f9633c585bb33c6ac0c7be86/screenshot - {}
RESULT: {}
COMMAND: POST /session/2eef3865f9633c585bb33c6ac0c7be86/execute/sync - {"script":"<script> [8489 bytes]","args":[{"element-6066-11e4-a52e-4f735466cecf":"f.38388B4EA542EE9F87EA90A6B1549037.d.D13BC39D00375542694BBEB832E30B34.e.25653","ELEMENT":"f.38388B4EA542EE9F87EA90A6B1549037.d.D13BC39D00375542694BBEB832E30B34.e.25653"}]}
COMMAND: GET /session/2eef3865f9633c585bb33c6ac0c7be86/screenshot - {}
RESULT: {}
RESULT: {"script":"<script> [8489 bytes]","args":[{"element-6066-11e4-a52e-4f735466cecf":"f.38388B4EA542EE9F87EA90A6B1549037.d.D13BC39D00375542694BBEB832E30B34.e.25653","ELEMENT":"f.38388B4EA542EE9F87EA90A6B1549037.d.D13BC39D00375542694BBEB832E30B34.e.25653"}]}
COMMAND: POST /session/2eef3865f9633c585bb33c6ac0c7be86/execute/sync - {"script":"<script> [5351 bytes]","args":[{"element-6066-11e4-a52e-4f735466cecf":"f.38388B4EA542EE9F87EA90A6B1549037.d.D13BC39D00375542694BBEB832E30B34.e.25653","ELEMENT":"f.38388B4EA542EE9F87EA90A6B1549037.d.D13BC39D00375542694BBEB832E30B34.e.25653"}]}
COMMAND: GET /session/2eef3865f9633c585bb33c6ac0c7be86/screenshot - {}
RESULT: {}
RESULT: {"script":"<script> [5351 bytes]","args":[{"element-6066-11e4-a52e-4f735466cecf":"f.38388B4EA542EE9F87EA90A6B1549037.d.D13BC39D00375542694BBEB832E30B34.e.25653","ELEMENT":"f.38388B4EA542EE9F87EA90A6B1549037.d.D13BC39D00375542694BBEB832E30B34.e.25653"}]}
COMMAND: POST /session/2eef3865f9633c585bb33c6ac0c7be86/element/f.38388B4EA542EE9F87EA90A6B1549037.d.D13BC39D00375542694BBEB832E30B34.e.25653/click - {}
COMMAND: GET /session/2eef3865f9633c585bb33c6ac0c7be86/screenshot - {}
RESULT: {}
RESULT: {}
COMMAND: GET /session/2eef3865f9633c585bb33c6ac0c7be86/screenshot - {}
RESULT: {}
COMMAND: POST /session/2eef3865f9633c585bb33c6ac0c7be86/execute/async - {"script":"<script> [1562 bytes]","args":[{"selector":{"id":"application-manageresources-display-component---newResourceUnit--TYPE-arrow"},"wdio_ui5_key":"applicationmanageresources-display-component---newResourceUnit--TYPE-arrow"}]}
RESULT: {}
RESULT: {"script":"<script> [1562 bytes]","args":[{"selector":{"id":"application-manageresources-display-component---newResourceUnit--TYPE-arrow"},"wdio_ui5_key":"applicationmanageresources-display-component---newResourceUnit--TYPE-arrow"}]}
RESULT: undefined
COMMAND: POST /session/2eef3865f9633c585bb33c6ac0c7be86/element - {"using":"xpath","value":"//*[@id=\"application-manageresources-display-component---newResourceUnit--TYPE-arrow\"]"}
RESULT: {"using":"xpath","value":"//*[@id=\"application-manageresources-display-component---newResourceUnit--TYPE-arrow\"]"}
COMMAND: POST /session/2eef3865f9633c585bb33c6ac0c7be86/element/f.38388B4EA542EE9F87EA90A6B1549037.d.D13BC39D00375542694BBEB832E30B34.e.26001/click - {}
RESULT: {}
COMMAND: POST /session/2eef3865f9633c585bb33c6ac0c7be86/element - {"using":"xpath","value":"//input[@id=\"application-manageresources-display-component---newResourceUnit--TYPE-inner\"]"}
COMMAND: GET /session/2eef3865f9633c585bb33c6ac0c7be86/screenshot - {}
RESULT: {"using":"xpath","value":"//input[@id=\"application-manageresources-display-component---newResourceUnit--TYPE-inner\"]"}
COMMAND: POST /session/2eef3865f9633c585bb33c6ac0c7be86/element/f.38388B4EA542EE9F87EA90A6B1549037.d.D13BC39D00375542694BBEB832E30B34.e.25994/clear - {}
RESULT: {}
RESULT: {}
COMMAND: POST /session/2eef3865f9633c585bb33c6ac0c7be86/element/f.38388B4EA542EE9F87EA90A6B1549037.d.D13BC39D00375542694BBEB832E30B34.e.25994/value - {"text":"Equipment"}
COMMAND: GET /session/2eef3865f9633c585bb33c6ac0c7be86/screenshot - {}
RESULT: {"text":"Equipment"}
COMMAND: GET /session/2eef3865f9633c585bb33c6ac0c7be86/screenshot - {}
RESULT: {}
RESULT: {}
COMMAND: POST /session/2eef3865f9633c585bb33c6ac0c7be86/actions - {"actions":[{"id":"action77","type":"key","parameters":{},"actions":[{"type":"keyDown","value":""},{"type":"pause","duration":10},{"type":"keyUp","value":""}]}]}
RESULT: {"actions":[{"id":"action77","type":"key","parameters":{},"actions":[{"type":"keyDown","value":""},{"type":"pause","duration":10},{"type":"keyUp","value":""}]}]}
COMMAND: POST /session/2eef3865f9633c585bb33c6ac0c7be86/execute/async - {"script":"<script> [1562 bytes]","args":[{"selector":{"id":"application-manageresources-display-component---newResourceUnit--resourceId","interaction":{"idSuffix":"inner"}},"wdio_ui5_key":"applicationmanageresources-display-component---newResourceUnit--resourceId"}]}
COMMAND: GET /session/2eef3865f9633c585bb33c6ac0c7be86/screenshot - {}
RESULT: {"script":"<script> [1562 bytes]","args":[{"selector":{"id":"application-manageresources-display-component---newResourceUnit--resourceId","interaction":{"idSuffix":"inner"}},"wdio_ui5_key":"applicationmanageresources-display-component---newResourceUnit--resourceId"}]}
RESULT: undefined
COMMAND: POST /session/2eef3865f9633c585bb33c6ac0c7be86/execute/async - {"script":"<script> [776 bytes]","args":[{"enterText":"ZAc9jK5Izd","selector":{"id":"application-manageresources-display-component---newResourceUnit--resourceId","interaction":{"idSuffix":"inner"}},"clearTextFirst":true,"interactionType":"ENTER_TEXT"}]}
RESULT: {}
RESULT: {"script":"<script> [776 bytes]","args":[{"enterText":"ZAc9jK5Izd","selector":{"id":"application-manageresources-display-component---newResourceUnit--resourceId","interaction":{"idSuffix":"inner"}},"clearTextFirst":true,"interactionType":"ENTER_TEXT"}]}
COMMAND: POST /session/2eef3865f9633c585bb33c6ac0c7be86/execute/async - {"script":"<script> [1562 bytes]","args":[{"selector":{"id":"application-manageresources-display-component---newResourceUnit--SHORT_TEXT","interaction":{"idSuffix":"inner"}},"wdio_ui5_key":"applicationmanageresources-display-component---newResourceUnit--SHORT_TEXT"}]}
RESULT: {"script":"<script> [1562 bytes]","args":[{"selector":{"id":"application-manageresources-display-component---newResourceUnit--SHORT_TEXT","interaction":{"idSuffix":"inner"}},"wdio_ui5_key":"applicationmanageresources-display-component---newResourceUnit--SHORT_TEXT"}]}
RESULT: undefined
COMMAND: POST /session/2eef3865f9633c585bb33c6ac0c7be86/execute/async - {"script":"<script> [776 bytes]","args":[{"enterText":"Intercompany Equipment WDIO","selector":{"id":"application-manageresources-display-component---newResourceUnit--SHORT_TEXT","interaction":{"idSuffix":"inner"}},"clearTextFirst":true,"interactionType":"ENTER_TEXT"}]}
RESULT: {"script":"<script> [776 bytes]","args":[{"enterText":"Intercompany Equipment WDIO","selector":{"id":"application-manageresources-display-component---newResourceUnit--SHORT_TEXT","interaction":{"idSuffix":"inner"}},"clearTextFirst":true,"interactionType":"ENTER_TEXT"}]}
COMMAND: POST /session/2eef3865f9633c585bb33c6ac0c7be86/execute/async - {"script":"<script> [1562 bytes]","args":[{"selector":{"id":"application-manageresources-display-component---newResourceUnit--BASE_UNIT_OF_MEASURE","interaction":{"idSuffix":"inner"}},"wdio_ui5_key":"applicationmanageresources-display-component---newResourceUnit--BASE_UNIT_OF_MEASURE"}]}
RESULT: {"script":"<script> [1562 bytes]","args":[{"selector":{"id":"application-manageresources-display-component---newResourceUnit--BASE_UNIT_OF_MEASURE","interaction":{"idSuffix":"inner"}},"wdio_ui5_key":"applicationmanageresources-display-component---newResourceUnit--BASE_UNIT_OF_MEASURE"}]}
RESULT: undefined
COMMAND: POST /session/2eef3865f9633c585bb33c6ac0c7be86/execute/async - {"script":"<script> [776 bytes]","args":[{"enterText":"Piece","selector":{"id":"application-manageresources-display-component---newResourceUnit--BASE_UNIT_OF_MEASURE","interaction":{"idSuffix":"inner"}},"clearTextFirst":true,"interactionType":"ENTER_TEXT"}]}
RESULT: {"script":"<script> [776 bytes]","args":[{"enterText":"Piece","selector":{"id":"application-manageresources-display-component---newResourceUnit--BASE_UNIT_OF_MEASURE","interaction":{"idSuffix":"inner"}},"clearTextFirst":true,"interactionType":"ENTER_TEXT"}]}
COMMAND: POST /session/2eef3865f9633c585bb33c6ac0c7be86/execute/async - {"script":"<script> [1562 bytes]","args":[{"selector":{"id":"application-manageresources-display-component---newResourceUnit--WEIGHT_UNIT","interaction":{"idSuffix":"inner"}},"wdio_ui5_key":"applicationmanageresources-display-component---newResourceUnit--WEIGHT_UNIT"}]}
RESULT: {"script":"<script> [1562 bytes]","args":[{"selector":{"id":"application-manageresources-display-component---newResourceUnit--WEIGHT_UNIT","interaction":{"idSuffix":"inner"}},"wdio_ui5_key":"applicationmanageresources-display-component---newResourceUnit--WEIGHT_UNIT"}]}
RESULT: undefined
COMMAND: POST /session/2eef3865f9633c585bb33c6ac0c7be86/execute/async - {"script":"<script> [776 bytes]","args":[{"enterText":"Gram","selector":{"id":"application-manageresources-display-component---newResourceUnit--WEIGHT_UNIT","interaction":{"idSuffix":"inner"}},"clearTextFirst":true,"interactionType":"ENTER_TEXT"}]}
RESULT: {"script":"<script> [776 bytes]","args":[{"enterText":"Gram","selector":{"id":"application-manageresources-display-component---newResourceUnit--WEIGHT_UNIT","interaction":{"idSuffix":"inner"}},"clearTextFirst":true,"interactionType":"ENTER_TEXT"}]}
COMMAND: POST /session/2eef3865f9633c585bb33c6ac0c7be86/execute/async - {"script":"<script> [1562 bytes]","args":[{"selector":{"id":"application-manageresources-display-component---newResourceUnit--DIMENSION_UNIT","interaction":{"idSuffix":"inner"}},"wdio_ui5_key":"applicationmanageresources-display-component---newResourceUnit--DIMENSION_UNIT"}]}
RESULT: {"script":"<script> [1562 bytes]","args":[{"selector":{"id":"application-manageresources-display-component---newResourceUnit--DIMENSION_UNIT","interaction":{"idSuffix":"inner"}},"wdio_ui5_key":"applicationmanageresources-display-component---newResourceUnit--DIMENSION_UNIT"}]}
RESULT: undefined
COMMAND: POST /session/2eef3865f9633c585bb33c6ac0c7be86/execute/async - {"script":"<script> [776 bytes]","args":[{"enterText":"Meter","selector":{"id":"application-manageresources-display-component---newResourceUnit--DIMENSION_UNIT","interaction":{"idSuffix":"inner"}},"clearTextFirst":true,"interactionType":"ENTER_TEXT"}]}
RESULT: {"script":"<script> [776 bytes]","args":[{"enterText":"Meter","selector":{"id":"application-manageresources-display-component---newResourceUnit--DIMENSION_UNIT","interaction":{"idSuffix":"inner"}},"clearTextFirst":true,"interactionType":"ENTER_TEXT"}]}
COMMAND: POST /session/2eef3865f9633c585bb33c6ac0c7be86/execute/async - {"script":"<script> [1562 bytes]","args":[{"selector":{"id":"application-manageresources-display-component---newResourceUnit--newRRUPage-anchBar-application-manageresources-display-component---newResourceUnit--control-anchor","interaction":{"idSuffix":"BDI-content"}},"wdio_ui5_key":"applicationmanageresources-display-component---newResourceUnit--newRRUPage-anchBar-application-manageresources-display-component---newResourceUnit--control-anchor"}]}
RESULT: {"script":"<script> [1562 bytes]","args":[{"selector":{"id":"application-manageresources-display-component---newResourceUnit--newRRUPage-anchBar-application-manageresources-display-component---newResourceUnit--control-anchor","interaction":{"idSuffix":"BDI-content"}},"wdio_ui5_key":"applicationmanageresources-display-component---newResourceUnit--newRRUPage-anchBar-application-manageresources-display-component---newResourceUnit--control-anchor"}]}
RESULT: undefined
COMMAND: POST /session/2eef3865f9633c585bb33c6ac0c7be86/element - {"using":"xpath","value":"//*[@id=\"application-manageresources-display-component---newResourceUnit--newRRUPage-anchBar-application-manageresources-display-component---newResourceUnit--control-anchor\"]"}
RESULT: {"using":"xpath","value":"//*[@id=\"application-manageresources-display-component---newResourceUnit--newRRUPage-anchBar-application-manageresources-display-component---newResourceUnit--control-anchor\"]"}
COMMAND: POST /session/2eef3865f9633c585bb33c6ac0c7be86/element/f.38388B4EA542EE9F87EA90A6B1549037.d.D13BC39D00375542694BBEB832E30B34.e.26160/click - {}
RESULT: {}
COMMAND: POST /session/2eef3865f9633c585bb33c6ac0c7be86/execute/async - {"script":"<script> [1562 bytes]","args":[{"selector":{"id":"application-manageresources-display-component---newResourceUnit--PLANNING_GROUP","interaction":{"idSuffix":"inner"}},"wdio_ui5_key":"applicationmanageresources-display-component---newResourceUnit--PLANNING_GROUP"}]}
COMMAND: GET /session/2eef3865f9633c585bb33c6ac0c7be86/screenshot - {}
RESULT: {"script":"<script> [1562 bytes]","args":[{"selector":{"id":"application-manageresources-display-component---newResourceUnit--PLANNING_GROUP","interaction":{"idSuffix":"inner"}},"wdio_ui5_key":"applicationmanageresources-display-component---newResourceUnit--PLANNING_GROUP"}]}
RESULT: undefined
COMMAND: POST /session/2eef3865f9633c585bb33c6ac0c7be86/execute/async - {"script":"<script> [776 bytes]","args":[{"enterText":"Heavy Equi","selector":{"id":"application-manageresources-display-component---newResourceUnit--PLANNING_GROUP","interaction":{"idSuffix":"inner"}},"clearTextFirst":true,"interactionType":"ENTER_TEXT"}]}
RESULT: {}
RESULT: {"script":"<script> [776 bytes]","args":[{"enterText":"Heavy Equi","selector":{"id":"application-manageresources-display-component---newResourceUnit--PLANNING_GROUP","interaction":{"idSuffix":"inner"}},"clearTextFirst":true,"interactionType":"ENTER_TEXT"}]}
COMMAND: POST /session/2eef3865f9633c585bb33c6ac0c7be86/execute/async - {"script":"<script> [1562 bytes]","args":[{"selector":{"id":"application-manageresources-display-component---newResourceUnit--ITEM_TYPE-arrow"},"wdio_ui5_key":"applicationmanageresources-display-component---newResourceUnit--ITEM_TYPE-arrow"}]}
RESULT: {"script":"<script> [1562 bytes]","args":[{"selector":{"id":"application-manageresources-display-component---newResourceUnit--ITEM_TYPE-arrow"},"wdio_ui5_key":"applicationmanageresources-display-component---newResourceUnit--ITEM_TYPE-arrow"}]}
RESULT: undefined
COMMAND: POST /session/2eef3865f9633c585bb33c6ac0c7be86/element - {"using":"xpath","value":"//*[@id=\"application-manageresources-display-component---newResourceUnit--ITEM_TYPE-arrow\"]"}
RESULT: {"using":"xpath","value":"//*[@id=\"application-manageresources-display-component---newResourceUnit--ITEM_TYPE-arrow\"]"}
COMMAND: POST /session/2eef3865f9633c585bb33c6ac0c7be86/element/f.38388B4EA542EE9F87EA90A6B1549037.d.D13BC39D00375542694BBEB832E30B34.e.26169/click - {}
RESULT: {}
COMMAND: POST /session/2eef3865f9633c585bb33c6ac0c7be86/element - {"using":"xpath","value":"(//span[contains(text(), \"Resource Unit\")])[2]"}
COMMAND: GET /session/2eef3865f9633c585bb33c6ac0c7be86/screenshot - {}
RESULT: {"using":"xpath","value":"(//span[contains(text(), \"Resource Unit\")])[2]"}
COMMAND: POST /session/2eef3865f9633c585bb33c6ac0c7be86/element/f.38388B4EA542EE9F87EA90A6B1549037.d.D13BC39D00375542694BBEB832E30B34.e.26170/click - {}
RESULT: {}
RESULT: {}
COMMAND: GET /session/2eef3865f9633c585bb33c6ac0c7be86/screenshot - {}
RESULT: {}
COMMAND: POST /session/2eef3865f9633c585bb33c6ac0c7be86/element - {"using":"css selector","value":"#application-manageresources-display-component---newResourceUnit--btnAddTimeSegment"}
RESULT: {"using":"css selector","value":"#application-manageresources-display-component---newResourceUnit--btnAddTimeSegment"}
COMMAND: GET /session/2eef3865f9633c585bb33c6ac0c7be86/element/f.38388B4EA542EE9F87EA90A6B1549037.d.D13BC39D00375542694BBEB832E30B34.e.26178/rect - {}
RESULT: {}
COMMAND: GET /session/2eef3865f9633c585bb33c6ac0c7be86/window/rect - {}
RESULT: {}
COMMAND: POST /session/2eef3865f9633c585bb33c6ac0c7be86/execute/sync - {"script":"<script> [92 bytes]","args":[]}
RESULT: {"script":"<script> [92 bytes]","args":[]}
COMMAND: POST /session/2eef3865f9633c585bb33c6ac0c7be86/actions - {"actions":[{"id":"action78","type":"wheel","parameters":{},"actions":[{"type":"scroll","x":-1888,"y":-32,"deltaX":0,"deltaY":0,"duration":0,"origin":{"element-6066-11e4-a52e-4f735466cecf":"f.38388B4EA542EE9F87EA90A6B1549037.d.D13BC39D00375542694BBEB832E30B34.e.26178"}}]}]}
COMMAND: GET /session/2eef3865f9633c585bb33c6ac0c7be86/screenshot - {}
RESULT: {}
COMMAND: POST /session/2eef3865f9633c585bb33c6ac0c7be86/execute/sync - {"script":"<script> [79 bytes]","args":[{"element-6066-11e4-a52e-4f735466cecf":"f.38388B4EA542EE9F87EA90A6B1549037.d.D13BC39D00375542694BBEB832E30B34.e.26178","ELEMENT":"f.38388B4EA542EE9F87EA90A6B1549037.d.D13BC39D00375542694BBEB832E30B34.e.26178"},{"block":"start","inline":"nearest"}]}
RESULT: {"script":"<script> [79 bytes]","args":[{"element-6066-11e4-a52e-4f735466cecf":"f.38388B4EA542EE9F87EA90A6B1549037.d.D13BC39D00375542694BBEB832E30B34.e.26178","ELEMENT":"f.38388B4EA542EE9F87EA90A6B1549037.d.D13BC39D00375542694BBEB832E30B34.e.26178"},{"block":"start","inline":"nearest"}]}
COMMAND: POST /session/2eef3865f9633c585bb33c6ac0c7be86/execute/async - {"script":"<script> [1562 bytes]","args":[{"selector":{"id":"application-manageresources-display-component---newResourceUnit--btnAddTimeSegment","interaction":{"idSuffix":"inner"}},"wdio_ui5_key":"applicationmanageresources-display-component---newResourceUnit--btnAddTimeSegment"}]}
COMMAND: GET /session/2eef3865f9633c585bb33c6ac0c7be86/screenshot - {}
RESULT: {"script":"<script> [1562 bytes]","args":[{"selector":{"id":"application-manageresources-display-component---newResourceUnit--btnAddTimeSegment","interaction":{"idSuffix":"inner"}},"wdio_ui5_key":"applicationmanageresources-display-component---newResourceUnit--btnAddTimeSegment"}]}
RESULT: undefined
COMMAND: POST /session/2eef3865f9633c585bb33c6ac0c7be86/element - {"using":"xpath","value":"//*[@id=\"application-manageresources-display-component---newResourceUnit--btnAddTimeSegment\"]"}
RESULT: {}
RESULT: {"using":"xpath","value":"//*[@id=\"application-manageresources-display-component---newResourceUnit--btnAddTimeSegment\"]"}
COMMAND: POST /session/2eef3865f9633c585bb33c6ac0c7be86/element/f.38388B4EA542EE9F87EA90A6B1549037.d.D13BC39D00375542694BBEB832E30B34.e.26178/click - {}
RESULT: {}
COMMAND: GET /session/2eef3865f9633c585bb33c6ac0c7be86/screenshot - {}
RESULT: {}
COMMAND: POST /session/2eef3865f9633c585bb33c6ac0c7be86/element - {"using":"xpath","value":"//input[@id=\"application-manageresources-display-component---newResourceUnit--idRuTSAdmin-application-manageresources-display-component---newResourceUnit--RUTimeSegment-0-inner\"]"}
RESULT: {"using":"xpath","value":"//input[@id=\"application-manageresources-display-component---newResourceUnit--idRuTSAdmin-application-manageresources-display-component---newResourceUnit--RUTimeSegment-0-inner\"]"}
COMMAND: POST /session/2eef3865f9633c585bb33c6ac0c7be86/element/f.38388B4EA542EE9F87EA90A6B1549037.d.D13BC39D00375542694BBEB832E30B34.e.26184/clear - {}
RESULT: {}
COMMAND: POST /session/2eef3865f9633c585bb33c6ac0c7be86/element/f.38388B4EA542EE9F87EA90A6B1549037.d.D13BC39D00375542694BBEB832E30B34.e.26184/value - {"text":"277"}
COMMAND: GET /session/2eef3865f9633c585bb33c6ac0c7be86/screenshot - {}
RESULT: {"text":"277"}
COMMAND: GET /session/2eef3865f9633c585bb33c6ac0c7be86/screenshot - {}
RESULT: {}
RESULT: {}
COMMAND: POST /session/2eef3865f9633c585bb33c6ac0c7be86/element - {"using":"xpath","value":"//li[.//span[text()='277']]"}
RESULT: {"using":"xpath","value":"//li[.//span[text()='277']]"}
COMMAND: POST /session/2eef3865f9633c585bb33c6ac0c7be86/element/f.38388B4EA542EE9F87EA90A6B1549037.d.D13BC39D00375542694BBEB832E30B34.e.26196/click - {}
RESULT: {}
COMMAND: GET /session/2eef3865f9633c585bb33c6ac0c7be86/screenshot - {}
RESULT: {}
COMMAND: POST /session/2eef3865f9633c585bb33c6ac0c7be86/element - {"using":"xpath","value":"(//span[contains(@id, \"-application-manageresources-display-component---newResourceUnit--RUTimeSegment-0-arrow\")])[6]"}
RESULT: {"using":"xpath","value":"(//span[contains(@id, \"-application-manageresources-display-component---newResourceUnit--RUTimeSegment-0-arrow\")])[6]"}
COMMAND: POST /session/2eef3865f9633c585bb33c6ac0c7be86/element/f.38388B4EA542EE9F87EA90A6B1549037.d.D13BC39D00375542694BBEB832E30B34.e.26197/click - {}
RESULT: {}
COMMAND: GET /session/2eef3865f9633c585bb33c6ac0c7be86/screenshot - {}
RESULT: {}
COMMAND: POST /session/2eef3865f9633c585bb33c6ac0c7be86/element - {"using":"xpath","value":"//span[contains(text(), \"PM Order\")]"}
RESULT: {"using":"xpath","value":"//span[contains(text(), \"PM Order\")]"}
COMMAND: POST /session/2eef3865f9633c585bb33c6ac0c7be86/element/f.38388B4EA542EE9F87EA90A6B1549037.d.D13BC39D00375542694BBEB832E30B34.e.26200/click - {}
RESULT: {}
COMMAND: GET /session/2eef3865f9633c585bb33c6ac0c7be86/screenshot - {}
RESULT: {}
COMMAND: POST /session/2eef3865f9633c585bb33c6ac0c7be86/element - {"using":"xpath","value":"(//span[contains(@id ,\"manageresources-display-component---newResourceUnit--RUTimeSegment-0-vhi\")])[1]"}
RESULT: {"using":"xpath","value":"(//span[contains(@id ,\"manageresources-display-component---newResourceUnit--RUTimeSegment-0-vhi\")])[1]"}
COMMAND: GET /session/2eef3865f9633c585bb33c6ac0c7be86/element/f.38388B4EA542EE9F87EA90A6B1549037.d.D13BC39D00375542694BBEB832E30B34.e.26204/rect - {}
RESULT: {}
COMMAND: GET /session/2eef3865f9633c585bb33c6ac0c7be86/window/rect - {}
RESULT: {}
COMMAND: POST /session/2eef3865f9633c585bb33c6ac0c7be86/execute/sync - {"script":"<script> [92 bytes]","args":[]}
RESULT: {"script":"<script> [92 bytes]","args":[]}
COMMAND: POST /session/2eef3865f9633c585bb33c6ac0c7be86/actions - {"actions":[{"id":"action79","type":"wheel","parameters":{},"actions":[{"type":"scroll","x":-869,"y":-24,"deltaX":0,"deltaY":0,"duration":0,"origin":{"element-6066-11e4-a52e-4f735466cecf":"f.38388B4EA542EE9F87EA90A6B1549037.d.D13BC39D00375542694BBEB832E30B34.e.26204"}}]}]}
COMMAND: GET /session/2eef3865f9633c585bb33c6ac0c7be86/screenshot - {}
RESULT: {"actions":[{"id":"action79","type":"wheel","parameters":{},"actions":[{"type":"scroll","x":-869,"y":-24,"deltaX":0,"deltaY":0,"duration":0,"origin":{"element-6066-11e4-a52e-4f735466cecf":"f.38388B4EA542EE9F87EA90A6B1549037.d.D13BC39D00375542694BBEB832E30B34.e.26204"}}]}]}
COMMAND: DELETE /session/2eef3865f9633c585bb33c6ac0c7be86/actions - {}
COMMAND: GET /session/2eef3865f9633c585bb33c6ac0c7be86/screenshot - {}
RESULT: {}
RESULT: {}
COMMAND: GET /session/2eef3865f9633c585bb33c6ac0c7be86/screenshot - {}
RESULT: {}
RESULT: {}
COMMAND: POST /session/2eef3865f9633c585bb33c6ac0c7be86/element/f.38388B4EA542EE9F87EA90A6B1549037.d.D13BC39D00375542694BBEB832E30B34.e.26204/click - {}
RESULT: {}
COMMAND: GET /session/2eef3865f9633c585bb33c6ac0c7be86/screenshot - {}
RESULT: {}
RESULT: undefined
COMMAND: POST /session/2eef3865f9633c585bb33c6ac0c7be86/execute/async - {"script":"<script> [776 bytes]","args":[{"enterText":"4000360","selector":{"controlType":"sap.m.SearchField","properties":{"placeholder":"Search"},"searchOpenDialogs":true,"interaction":{"idSuffix":"I"}},"clearTextFirst":true,"interactionType":"ENTER_TEXT"}]}
RESULT: {"script":"<script> [776 bytes]","args":[{"enterText":"4000360","selector":{"controlType":"sap.m.SearchField","properties":{"placeholder":"Search"},"searchOpenDialogs":true,"interaction":{"idSuffix":"I"}},"clearTextFirst":true,"interactionType":"ENTER_TEXT"}]}
COMMAND: POST /session/2eef3865f9633c585bb33c6ac0c7be86/actions - {"actions":[{"id":"action80","type":"key","parameters":{},"actions":[{"type":"keyDown","value":""},{"type":"pause","duration":10},{"type":"keyUp","value":""}]}]}
RESULT: {"actions":[{"id":"action80","type":"key","parameters":{},"actions":[{"type":"keyDown","value":""},{"type":"pause","duration":10},{"type":"keyUp","value":""}]}]}
COMMAND: GET /session/2eef3865f9633c585bb33c6ac0c7be86/screenshot - {}
RESULT: {}
COMMAND: POST /session/2eef3865f9633c585bb33c6ac0c7be86/element - {"using":"xpath","value":"//td/div/span[contains(text(), \"BGL Vehicles\")]"}
RESULT: {"using":"xpath","value":"//td/div/span[contains(text(), \"BGL Vehicles\")]"}
COMMAND: POST /session/2eef3865f9633c585bb33c6ac0c7be86/element/f.38388B4EA542EE9F87EA90A6B1549037.d.D13BC39D00375542694BBEB832E30B34.e.26224/click - {}
RESULT: {}
COMMAND: GET /session/2eef3865f9633c585bb33c6ac0c7be86/screenshot - {}
RESULT: {}
COMMAND: POST /session/2eef3865f9633c585bb33c6ac0c7be86/element - {"using":"xpath","value":"//bdi[contains(text(), \"OK\")]"}
RESULT: {"using":"xpath","value":"//bdi[contains(text(), \"OK\")]"}
COMMAND: POST /session/2eef3865f9633c585bb33c6ac0c7be86/element/f.38388B4EA542EE9F87EA90A6B1549037.d.D13BC39D00375542694BBEB832E30B34.e.26225/click - {}
RESULT: {}
COMMAND: GET /session/2eef3865f9633c585bb33c6ac0c7be86/screenshot - {}
RESULT: {}
COMMAND: POST /session/2eef3865f9633c585bb33c6ac0c7be86/execute/async - {"script":"<script> [1562 bytes]","args":[{"selector":{"id":"application-manageresources-display-component---newResourceUnit--newRRUPage-anchBar-application-manageresources-display-component---newResourceUnit--resource-anchor","interaction":{"idSuffix":"BDI-content"}},"wdio_ui5_key":"applicationmanageresources-display-component---newResourceUnit--newRRUPage-anchBar-application-manageresources-display-component---newResourceUnit--resource-anchor"}]}
RESULT: {"script":"<script> [1562 bytes]","args":[{"selector":{"id":"application-manageresources-display-component---newResourceUnit--newRRUPage-anchBar-application-manageresources-display-component---newResourceUnit--resource-anchor","interaction":{"idSuffix":"BDI-content"}},"wdio_ui5_key":"applicationmanageresources-display-component---newResourceUnit--newRRUPage-anchBar-application-manageresources-display-component---newResourceUnit--resource-anchor"}]}
RESULT: undefined
COMMAND: POST /session/2eef3865f9633c585bb33c6ac0c7be86/element - {"using":"xpath","value":"//*[@id=\"application-manageresources-display-component---newResourceUnit--newRRUPage-anchBar-application-manageresources-display-component---newResourceUnit--resource-anchor\"]"}
RESULT: {"using":"xpath","value":"//*[@id=\"application-manageresources-display-component---newResourceUnit--newRRUPage-anchBar-application-manageresources-display-component---newResourceUnit--resource-anchor\"]"}
COMMAND: POST /session/2eef3865f9633c585bb33c6ac0c7be86/element/f.38388B4EA542EE9F87EA90A6B1549037.d.D13BC39D00375542694BBEB832E30B34.e.26229/click - {}
RESULT: {}
COMMAND: POST /session/2eef3865f9633c585bb33c6ac0c7be86/execute/async - {"script":"<script> [1562 bytes]","args":[{"selector":{"id":"application-manageresources-display-component---newResourceUnit--PLANNED_DELIVERY_DATE","interaction":{"idSuffix":"inner"}},"wdio_ui5_key":"applicationmanageresources-display-component---newResourceUnit--PLANNED_DELIVERY_DATE"}]}
COMMAND: GET /session/2eef3865f9633c585bb33c6ac0c7be86/screenshot - {}
RESULT: {}
RESULT: {"script":"<script> [1562 bytes]","args":[{"selector":{"id":"application-manageresources-display-component---newResourceUnit--PLANNED_DELIVERY_DATE","interaction":{"idSuffix":"inner"}},"wdio_ui5_key":"applicationmanageresources-display-component---newResourceUnit--PLANNED_DELIVERY_DATE"}]}
RESULT: undefined
COMMAND: POST /session/2eef3865f9633c585bb33c6ac0c7be86/execute/async - {"script":"<script> [6424 bytes]","args":[{"element-6066-11e4-a52e-4f735466cecf":"f.38388B4EA542EE9F87EA90A6B1549037.d.D13BC39D00375542694BBEB832E30B34.e.26058"},"setValue",["5/25/25"]]}
RESULT: {"script":"<script> [6424 bytes]","args":[{"element-6066-11e4-a52e-4f735466cecf":"f.38388B4EA542EE9F87EA90A6B1549037.d.D13BC39D00375542694BBEB832E30B34.e.26058"},"setValue",["5/25/25"]]}
COMMAND: POST /session/2eef3865f9633c585bb33c6ac0c7be86/element - {"using":"xpath","value":"//label[contains(@class, 'sapMLabelRequired') and .//bdi[contains(text(), 'Planned Retirement')]]"}
RESULT: {"using":"xpath","value":"//label[contains(@class, 'sapMLabelRequired') and .//bdi[contains(text(), 'Planned Retirement')]]"}
COMMAND: POST /session/2eef3865f9633c585bb33c6ac0c7be86/elements - {"using":"xpath","value":"//label[contains(@class, 'sapMLabelRequired') and .//bdi[contains(text(), 'Planned Retirement')]]"}
RESULT: {"using":"xpath","value":"//label[contains(@class, 'sapMLabelRequired') and .//bdi[contains(text(), 'Planned Retirement')]]"}
COMMAND: POST /session/2eef3865f9633c585bb33c6ac0c7be86/element - {"using":"xpath","value":"//button[@data-kt=\"resourceUnitSaveButton\"]"}
RESULT: {"using":"xpath","value":"//button[@data-kt=\"resourceUnitSaveButton\"]"}
COMMAND: POST /session/2eef3865f9633c585bb33c6ac0c7be86/element/f.38388B4EA542EE9F87EA90A6B1549037.d.D13BC39D00375542694BBEB832E30B34.e.26018/click - {}
RESULT: {}
COMMAND: GET /session/2eef3865f9633c585bb33c6ac0c7be86/screenshot - {}
RESULT: {}
COMMAND: POST /session/2eef3865f9633c585bb33c6ac0c7be86/element - {"using":"xpath","value":"//bdi[contains(text(), \"Close\")]"}
RESULT: {"using":"xpath","value":"//bdi[contains(text(), \"Close\")]"}
COMMAND: POST /session/2eef3865f9633c585bb33c6ac0c7be86/element/f.38388B4EA542EE9F87EA90A6B1549037.d.D13BC39D00375542694BBEB832E30B34.e.26237/click - {}
RESULT: {}
COMMAND: GET /session/2eef3865f9633c585bb33c6ac0c7be86/screenshot - {}
RESULT: {}
COMMAND: POST /session/2eef3865f9633c585bb33c6ac0c7be86/element - {"using":"xpath","value":"(//button[contains(@id ,\"actionsToolbar-overflowButton\")])[1]"}
RESULT: {"using":"xpath","value":"(//button[contains(@id ,\"actionsToolbar-overflowButton\")])[1]"}
COMMAND: POST /session/2eef3865f9633c585bb33c6ac0c7be86/element/f.38388B4EA542EE9F87EA90A6B1549037.d.D13BC39D00375542694BBEB832E30B34.e.26272/click - {}
RESULT: {}
COMMAND: GET /session/2eef3865f9633c585bb33c6ac0c7be86/screenshot - {}
RESULT: {}
COMMAND: POST /session/2eef3865f9633c585bb33c6ac0c7be86/element - {"using":"xpath","value":"//button[@data-kt=\"priceInfoButton\"]"}
RESULT: {"using":"xpath","value":"//button[@data-kt=\"priceInfoButton\"]"}
COMMAND: POST /session/2eef3865f9633c585bb33c6ac0c7be86/element/f.38388B4EA542EE9F87EA90A6B1549037.d.D13BC39D00375542694BBEB832E30B34.e.26274/click - {}
RESULT: {}
COMMAND: GET /session/2eef3865f9633c585bb33c6ac0c7be86/screenshot - {}
RESULT: {}
COMMAND: POST /session/2eef3865f9633c585bb33c6ac0c7be86/element - {"using":"css selector","value":"#shell-header-logo"}
RESULT: {"using":"css selector","value":"#shell-header-logo"}
COMMAND: POST /session/2eef3865f9633c585bb33c6ac0c7be86/element/f.38388B4EA542EE9F87EA90A6B1549037.d.D13BC39D00375542694BBEB832E30B34.e.25613/click - {}
RESULT: {}
COMMAND: GET /session/2eef3865f9633c585bb33c6ac0c7be86/screenshot - {}
RESULT: {}
]]></system-out>
    </testcase>
    <testcase classname="chrome.136_0_7103_93.windows.Transfer_Yard_to_Yard_US131076" name="Prereq Should create a new equipment multipart" time="119.626">
      <system-out><![CDATA[
RESULT: undefined
COMMAND: POST /session/2eef3865f9633c585bb33c6ac0c7be86/element - {"using":"xpath","value":"//*[@id=\"__tile31\"]"}
RESULT: {"using":"xpath","value":"//*[@id=\"__tile31\"]"}
COMMAND: POST /session/2eef3865f9633c585bb33c6ac0c7be86/element/f.38388B4EA542EE9F87EA90A6B1549037.d.D13BC39D00375542694BBEB832E30B34.e.24768/click - {}
RESULT: {}
COMMAND: GET /session/2eef3865f9633c585bb33c6ac0c7be86/screenshot - {}
RESULT: {}
COMMAND: POST /session/2eef3865f9633c585bb33c6ac0c7be86/elements - {"using":"xpath","value":"//span[text()='Error']"}
RESULT: {"using":"xpath","value":"//span[text()='Error']"}
COMMAND: POST /session/2eef3865f9633c585bb33c6ac0c7be86/element - {"using":"xpath","value":"//button[@data-kt=\"addNewRUOverflowToolbarButton\"]"}
RESULT: {"using":"xpath","value":"//button[@data-kt=\"addNewRUOverflowToolbarButton\"]"}
COMMAND: POST /session/2eef3865f9633c585bb33c6ac0c7be86/elements - {"using":"xpath","value":"//button[@data-kt=\"addNewRUOverflowToolbarButton\"]"}
RESULT: {"using":"xpath","value":"//button[@data-kt=\"addNewRUOverflowToolbarButton\"]"}
COMMAND: POST /session/2eef3865f9633c585bb33c6ac0c7be86/execute/sync - {"script":"<script> [8489 bytes]","args":[{"element-6066-11e4-a52e-4f735466cecf":"f.38388B4EA542EE9F87EA90A6B1549037.d.D13BC39D00375542694BBEB832E30B34.e.26319","ELEMENT":"f.38388B4EA542EE9F87EA90A6B1549037.d.D13BC39D00375542694BBEB832E30B34.e.26319"}]}
RESULT: {"script":"<script> [8489 bytes]","args":[{"element-6066-11e4-a52e-4f735466cecf":"f.38388B4EA542EE9F87EA90A6B1549037.d.D13BC39D00375542694BBEB832E30B34.e.26319","ELEMENT":"f.38388B4EA542EE9F87EA90A6B1549037.d.D13BC39D00375542694BBEB832E30B34.e.26319"}]}
COMMAND: GET /session/2eef3865f9633c585bb33c6ac0c7be86/element/f.38388B4EA542EE9F87EA90A6B1549037.d.D13BC39D00375542694BBEB832E30B34.e.26319/enabled - {}
COMMAND: GET /session/2eef3865f9633c585bb33c6ac0c7be86/screenshot - {}
RESULT: {}
COMMAND: POST /session/2eef3865f9633c585bb33c6ac0c7be86/execute/sync - {"script":"<script> [8489 bytes]","args":[{"element-6066-11e4-a52e-4f735466cecf":"f.38388B4EA542EE9F87EA90A6B1549037.d.D13BC39D00375542694BBEB832E30B34.e.26319","ELEMENT":"f.38388B4EA542EE9F87EA90A6B1549037.d.D13BC39D00375542694BBEB832E30B34.e.26319"}]}
COMMAND: GET /session/2eef3865f9633c585bb33c6ac0c7be86/screenshot - {}
RESULT: {}
RESULT: {"script":"<script> [8489 bytes]","args":[{"element-6066-11e4-a52e-4f735466cecf":"f.38388B4EA542EE9F87EA90A6B1549037.d.D13BC39D00375542694BBEB832E30B34.e.26319","ELEMENT":"f.38388B4EA542EE9F87EA90A6B1549037.d.D13BC39D00375542694BBEB832E30B34.e.26319"}]}
COMMAND: POST /session/2eef3865f9633c585bb33c6ac0c7be86/execute/sync - {"script":"<script> [5351 bytes]","args":[{"element-6066-11e4-a52e-4f735466cecf":"f.38388B4EA542EE9F87EA90A6B1549037.d.D13BC39D00375542694BBEB832E30B34.e.26319","ELEMENT":"f.38388B4EA542EE9F87EA90A6B1549037.d.D13BC39D00375542694BBEB832E30B34.e.26319"}]}
COMMAND: GET /session/2eef3865f9633c585bb33c6ac0c7be86/screenshot - {}
RESULT: {}
RESULT: {"script":"<script> [5351 bytes]","args":[{"element-6066-11e4-a52e-4f735466cecf":"f.38388B4EA542EE9F87EA90A6B1549037.d.D13BC39D00375542694BBEB832E30B34.e.26319","ELEMENT":"f.38388B4EA542EE9F87EA90A6B1549037.d.D13BC39D00375542694BBEB832E30B34.e.26319"}]}
COMMAND: POST /session/2eef3865f9633c585bb33c6ac0c7be86/element/f.38388B4EA542EE9F87EA90A6B1549037.d.D13BC39D00375542694BBEB832E30B34.e.26319/click - {}
COMMAND: GET /session/2eef3865f9633c585bb33c6ac0c7be86/screenshot - {}
RESULT: {}
RESULT: {}
COMMAND: GET /session/2eef3865f9633c585bb33c6ac0c7be86/screenshot - {}
RESULT: {}
RESULT: {}
RESULT: undefined
COMMAND: POST /session/2eef3865f9633c585bb33c6ac0c7be86/element - {"using":"xpath","value":"//*[@id=\"application-manageresources-display-component---newResourceUnit--TYPE-arrow\"]"}
RESULT: {"using":"xpath","value":"//*[@id=\"application-manageresources-display-component---newResourceUnit--TYPE-arrow\"]"}
COMMAND: POST /session/2eef3865f9633c585bb33c6ac0c7be86/element/f.38388B4EA542EE9F87EA90A6B1549037.d.D13BC39D00375542694BBEB832E30B34.e.26667/click - {}
RESULT: {}
COMMAND: POST /session/2eef3865f9633c585bb33c6ac0c7be86/element - {"using":"xpath","value":"//input[@id=\"application-manageresources-display-component---newResourceUnit--TYPE-inner\"]"}
COMMAND: GET /session/2eef3865f9633c585bb33c6ac0c7be86/screenshot - {}
RESULT: {"using":"xpath","value":"//input[@id=\"application-manageresources-display-component---newResourceUnit--TYPE-inner\"]"}
COMMAND: POST /session/2eef3865f9633c585bb33c6ac0c7be86/element/f.38388B4EA542EE9F87EA90A6B1549037.d.D13BC39D00375542694BBEB832E30B34.e.26661/clear - {}
RESULT: {}
RESULT: {}
COMMAND: POST /session/2eef3865f9633c585bb33c6ac0c7be86/element/f.38388B4EA542EE9F87EA90A6B1549037.d.D13BC39D00375542694BBEB832E30B34.e.26661/value - {"text":"Equi Multipart"}
COMMAND: GET /session/2eef3865f9633c585bb33c6ac0c7be86/screenshot - {}
RESULT: {"text":"Equi Multipart"}
COMMAND: GET /session/2eef3865f9633c585bb33c6ac0c7be86/screenshot - {}
RESULT: {}
RESULT: {}
COMMAND: POST /session/2eef3865f9633c585bb33c6ac0c7be86/actions - {"actions":[{"id":"action81","type":"key","parameters":{},"actions":[{"type":"keyDown","value":""},{"type":"pause","duration":10},{"type":"keyUp","value":""}]}]}
RESULT: {"actions":[{"id":"action81","type":"key","parameters":{},"actions":[{"type":"keyDown","value":""},{"type":"pause","duration":10},{"type":"keyUp","value":""}]}]}
RESULT: undefined
COMMAND: POST /session/2eef3865f9633c585bb33c6ac0c7be86/execute/async - {"script":"<script> [776 bytes]","args":[{"enterText":"Equipment Multipart WDIO","selector":{"id":"application-manageresources-display-component---newResourceUnit--SHORT_TEXT","interaction":{"idSuffix":"inner"}},"clearTextFirst":true,"interactionType":"ENTER_TEXT"}]}
COMMAND: GET /session/2eef3865f9633c585bb33c6ac0c7be86/screenshot - {}
RESULT: {"script":"<script> [776 bytes]","args":[{"enterText":"Equipment Multipart WDIO","selector":{"id":"application-manageresources-display-component---newResourceUnit--SHORT_TEXT","interaction":{"idSuffix":"inner"}},"clearTextFirst":true,"interactionType":"ENTER_TEXT"}]}
RESULT: undefined
COMMAND: POST /session/2eef3865f9633c585bb33c6ac0c7be86/execute/async - {"script":"<script> [776 bytes]","args":[{"enterText":"Piece","selector":{"id":"application-manageresources-display-component---newResourceUnit--BASE_UNIT_OF_MEASURE","interaction":{"idSuffix":"inner"}},"clearTextFirst":true,"interactionType":"ENTER_TEXT"}]}
RESULT: {}
RESULT: {"script":"<script> [776 bytes]","args":[{"enterText":"Piece","selector":{"id":"application-manageresources-display-component---newResourceUnit--BASE_UNIT_OF_MEASURE","interaction":{"idSuffix":"inner"}},"clearTextFirst":true,"interactionType":"ENTER_TEXT"}]}
RESULT: undefined
COMMAND: POST /session/2eef3865f9633c585bb33c6ac0c7be86/execute/async - {"script":"<script> [776 bytes]","args":[{"enterText":"Gram","selector":{"id":"application-manageresources-display-component---newResourceUnit--WEIGHT_UNIT","interaction":{"idSuffix":"inner"}},"clearTextFirst":true,"interactionType":"ENTER_TEXT"}]}
RESULT: {"script":"<script> [776 bytes]","args":[{"enterText":"Gram","selector":{"id":"application-manageresources-display-component---newResourceUnit--WEIGHT_UNIT","interaction":{"idSuffix":"inner"}},"clearTextFirst":true,"interactionType":"ENTER_TEXT"}]}
RESULT: undefined
COMMAND: POST /session/2eef3865f9633c585bb33c6ac0c7be86/execute/async - {"script":"<script> [776 bytes]","args":[{"enterText":"Meter","selector":{"id":"application-manageresources-display-component---newResourceUnit--DIMENSION_UNIT","interaction":{"idSuffix":"inner"}},"clearTextFirst":true,"interactionType":"ENTER_TEXT"}]}
RESULT: {"script":"<script> [776 bytes]","args":[{"enterText":"Meter","selector":{"id":"application-manageresources-display-component---newResourceUnit--DIMENSION_UNIT","interaction":{"idSuffix":"inner"}},"clearTextFirst":true,"interactionType":"ENTER_TEXT"}]}
RESULT: undefined
COMMAND: POST /session/2eef3865f9633c585bb33c6ac0c7be86/element - {"using":"xpath","value":"//*[@id=\"application-manageresources-display-component---newResourceUnit--newRRUPage-anchBar-application-manageresources-display-component---newResourceUnit--control-anchor\"]"}
RESULT: {"using":"xpath","value":"//*[@id=\"application-manageresources-display-component---newResourceUnit--newRRUPage-anchBar-application-manageresources-display-component---newResourceUnit--control-anchor\"]"}
COMMAND: POST /session/2eef3865f9633c585bb33c6ac0c7be86/element/f.38388B4EA542EE9F87EA90A6B1549037.d.D13BC39D00375542694BBEB832E30B34.e.26798/click - {}
RESULT: {}
RESULT: undefined
COMMAND: POST /session/2eef3865f9633c585bb33c6ac0c7be86/execute/async - {"script":"<script> [776 bytes]","args":[{"enterText":"Heavy Equi","selector":{"id":"application-manageresources-display-component---newResourceUnit--PLANNING_GROUP","interaction":{"idSuffix":"inner"}},"clearTextFirst":true,"interactionType":"ENTER_TEXT"}]}
COMMAND: GET /session/2eef3865f9633c585bb33c6ac0c7be86/screenshot - {}
RESULT: {"script":"<script> [776 bytes]","args":[{"enterText":"Heavy Equi","selector":{"id":"application-manageresources-display-component---newResourceUnit--PLANNING_GROUP","interaction":{"idSuffix":"inner"}},"clearTextFirst":true,"interactionType":"ENTER_TEXT"}]}
RESULT: {}
COMMAND: POST /session/2eef3865f9633c585bb33c6ac0c7be86/execute/async - {"script":"<script> [1562 bytes]","args":[{"selector":{"id":"application-manageresources-display-component---newResourceUnit--PLANNING_INDICATOR","interaction":{"idSuffix":"inner"}},"wdio_ui5_key":"applicationmanageresources-display-component---newResourceUnit--PLANNING_INDICATOR"}]}
RESULT: {"script":"<script> [1562 bytes]","args":[{"selector":{"id":"application-manageresources-display-component---newResourceUnit--PLANNING_INDICATOR","interaction":{"idSuffix":"inner"}},"wdio_ui5_key":"applicationmanageresources-display-component---newResourceUnit--PLANNING_INDICATOR"}]}
RESULT: undefined
COMMAND: POST /session/2eef3865f9633c585bb33c6ac0c7be86/execute/async - {"script":"<script> [776 bytes]","args":[{"enterText":"10 - infinite","selector":{"id":"application-manageresources-display-component---newResourceUnit--PLANNING_INDICATOR","interaction":{"idSuffix":"inner"}},"clearTextFirst":true,"interactionType":"ENTER_TEXT"}]}
RESULT: {"script":"<script> [776 bytes]","args":[{"enterText":"10 - infinite","selector":{"id":"application-manageresources-display-component---newResourceUnit--PLANNING_INDICATOR","interaction":{"idSuffix":"inner"}},"clearTextFirst":true,"interactionType":"ENTER_TEXT"}]}
RESULT: undefined
COMMAND: POST /session/2eef3865f9633c585bb33c6ac0c7be86/element - {"using":"xpath","value":"//*[@id=\"application-manageresources-display-component---newResourceUnit--ITEM_TYPE-arrow\"]"}
RESULT: {"using":"xpath","value":"//*[@id=\"application-manageresources-display-component---newResourceUnit--ITEM_TYPE-arrow\"]"}
COMMAND: POST /session/2eef3865f9633c585bb33c6ac0c7be86/element/f.38388B4EA542EE9F87EA90A6B1549037.d.D13BC39D00375542694BBEB832E30B34.e.26805/click - {}
RESULT: {}
COMMAND: GET /session/2eef3865f9633c585bb33c6ac0c7be86/screenshot - {}
RESULT: {}
COMMAND: POST /session/2eef3865f9633c585bb33c6ac0c7be86/execute/async - {"script":"<script> [1562 bytes]","args":[{"selector":{"controlType":"sap.m.StandardListItem","viewName":"reusables.view.manageresources.NewResourceUnit","viewId":"application-manageresources-display-component---newResourceUnit","properties":{"title":"Pool Equipment"},"searchOpenDialogs":true,"interaction":{"idSuffix":"content"}},"wdio_ui5_key":"reusablesview.manageresources.NewResourceUnitsap.m.StandardListItem{\"title\":\"Pool Equipment\"}"}]}
RESULT: {"script":"<script> [1562 bytes]","args":[{"selector":{"controlType":"sap.m.StandardListItem","viewName":"reusables.view.manageresources.NewResourceUnit","viewId":"application-manageresources-display-component---newResourceUnit","properties":{"title":"Pool Equipment"},"searchOpenDialogs":true,"interaction":{"idSuffix":"content"}},"wdio_ui5_key":"reusablesview.manageresources.NewResourceUnitsap.m.StandardListItem{\"title\":\"Pool Equipment\"}"}]}
RESULT: undefined
COMMAND: POST /session/2eef3865f9633c585bb33c6ac0c7be86/element - {"using":"xpath","value":"//*[@id=\"__item1132\"]"}
RESULT: {"using":"xpath","value":"//*[@id=\"__item1132\"]"}
COMMAND: POST /session/2eef3865f9633c585bb33c6ac0c7be86/element/f.38388B4EA542EE9F87EA90A6B1549037.d.D13BC39D00375542694BBEB832E30B34.e.26807/click - {}
RESULT: {}
COMMAND: GET /session/2eef3865f9633c585bb33c6ac0c7be86/screenshot - {}
RESULT: {}
COMMAND: POST /session/2eef3865f9633c585bb33c6ac0c7be86/element - {"using":"css selector","value":"#application-manageresources-display-component---newResourceUnit--btnAddTimeSegment"}
RESULT: {"using":"css selector","value":"#application-manageresources-display-component---newResourceUnit--btnAddTimeSegment"}
COMMAND: GET /session/2eef3865f9633c585bb33c6ac0c7be86/element/f.38388B4EA542EE9F87EA90A6B1549037.d.D13BC39D00375542694BBEB832E30B34.e.26869/rect - {}
RESULT: {}
COMMAND: GET /session/2eef3865f9633c585bb33c6ac0c7be86/window/rect - {}
RESULT: {}
COMMAND: POST /session/2eef3865f9633c585bb33c6ac0c7be86/execute/sync - {"script":"<script> [92 bytes]","args":[]}
RESULT: {"script":"<script> [92 bytes]","args":[]}
COMMAND: POST /session/2eef3865f9633c585bb33c6ac0c7be86/actions - {"actions":[{"id":"action82","type":"wheel","parameters":{},"actions":[{"type":"scroll","x":-1888,"y":-32,"deltaX":0,"deltaY":0,"duration":0,"origin":{"element-6066-11e4-a52e-4f735466cecf":"f.38388B4EA542EE9F87EA90A6B1549037.d.D13BC39D00375542694BBEB832E30B34.e.26869"}}]}]}
COMMAND: GET /session/2eef3865f9633c585bb33c6ac0c7be86/screenshot - {}
RESULT: {}
COMMAND: POST /session/2eef3865f9633c585bb33c6ac0c7be86/execute/sync - {"script":"<script> [79 bytes]","args":[{"element-6066-11e4-a52e-4f735466cecf":"f.38388B4EA542EE9F87EA90A6B1549037.d.D13BC39D00375542694BBEB832E30B34.e.26869","ELEMENT":"f.38388B4EA542EE9F87EA90A6B1549037.d.D13BC39D00375542694BBEB832E30B34.e.26869"},{"block":"start","inline":"nearest"}]}
RESULT: {"script":"<script> [79 bytes]","args":[{"element-6066-11e4-a52e-4f735466cecf":"f.38388B4EA542EE9F87EA90A6B1549037.d.D13BC39D00375542694BBEB832E30B34.e.26869","ELEMENT":"f.38388B4EA542EE9F87EA90A6B1549037.d.D13BC39D00375542694BBEB832E30B34.e.26869"},{"block":"start","inline":"nearest"}]}
RESULT: undefined
COMMAND: POST /session/2eef3865f9633c585bb33c6ac0c7be86/element - {"using":"xpath","value":"//*[@id=\"application-manageresources-display-component---newResourceUnit--btnAddTimeSegment\"]"}
COMMAND: GET /session/2eef3865f9633c585bb33c6ac0c7be86/screenshot - {}
RESULT: {"using":"xpath","value":"//*[@id=\"application-manageresources-display-component---newResourceUnit--btnAddTimeSegment\"]"}
COMMAND: POST /session/2eef3865f9633c585bb33c6ac0c7be86/element/f.38388B4EA542EE9F87EA90A6B1549037.d.D13BC39D00375542694BBEB832E30B34.e.26869/click - {}
RESULT: {}
RESULT: {}
COMMAND: GET /session/2eef3865f9633c585bb33c6ac0c7be86/screenshot - {}
RESULT: {}
COMMAND: POST /session/2eef3865f9633c585bb33c6ac0c7be86/element - {"using":"xpath","value":"//input[@id=\"application-manageresources-display-component---newResourceUnit--idRuTSAdmin-application-manageresources-display-component---newResourceUnit--RUTimeSegment-0-inner\"]"}
RESULT: {"using":"xpath","value":"//input[@id=\"application-manageresources-display-component---newResourceUnit--idRuTSAdmin-application-manageresources-display-component---newResourceUnit--RUTimeSegment-0-inner\"]"}
COMMAND: POST /session/2eef3865f9633c585bb33c6ac0c7be86/element/f.38388B4EA542EE9F87EA90A6B1549037.d.D13BC39D00375542694BBEB832E30B34.e.26874/clear - {}
RESULT: {}
COMMAND: POST /session/2eef3865f9633c585bb33c6ac0c7be86/element/f.38388B4EA542EE9F87EA90A6B1549037.d.D13BC39D00375542694BBEB832E30B34.e.26874/value - {"text":"277"}
COMMAND: GET /session/2eef3865f9633c585bb33c6ac0c7be86/screenshot - {}
RESULT: {"text":"277"}
COMMAND: GET /session/2eef3865f9633c585bb33c6ac0c7be86/screenshot - {}
RESULT: {}
RESULT: {}
COMMAND: POST /session/2eef3865f9633c585bb33c6ac0c7be86/element - {"using":"xpath","value":"//li[.//span[text()='277']]"}
RESULT: {"using":"xpath","value":"//li[.//span[text()='277']]"}
COMMAND: POST /session/2eef3865f9633c585bb33c6ac0c7be86/element/f.38388B4EA542EE9F87EA90A6B1549037.d.D13BC39D00375542694BBEB832E30B34.e.26887/click - {}
RESULT: {}
COMMAND: GET /session/2eef3865f9633c585bb33c6ac0c7be86/screenshot - {}
RESULT: {}
COMMAND: POST /session/2eef3865f9633c585bb33c6ac0c7be86/element - {"using":"xpath","value":"(//span[contains(@id, \"-application-manageresources-display-component---newResourceUnit--RUTimeSegment-0-arrow\")])[5]"}
RESULT: {"using":"xpath","value":"(//span[contains(@id, \"-application-manageresources-display-component---newResourceUnit--RUTimeSegment-0-arrow\")])[5]"}
COMMAND: POST /session/2eef3865f9633c585bb33c6ac0c7be86/element/f.38388B4EA542EE9F87EA90A6B1549037.d.D13BC39D00375542694BBEB832E30B34.e.26888/click - {}
RESULT: {}
COMMAND: GET /session/2eef3865f9633c585bb33c6ac0c7be86/screenshot - {}
RESULT: {}
COMMAND: POST /session/2eef3865f9633c585bb33c6ac0c7be86/element - {"using":"xpath","value":"//span[contains(text(), \"PM Order\")]"}
RESULT: {"using":"xpath","value":"//span[contains(text(), \"PM Order\")]"}
COMMAND: POST /session/2eef3865f9633c585bb33c6ac0c7be86/element/f.38388B4EA542EE9F87EA90A6B1549037.d.D13BC39D00375542694BBEB832E30B34.e.26889/click - {}
RESULT: {}
COMMAND: GET /session/2eef3865f9633c585bb33c6ac0c7be86/screenshot - {}
RESULT: {}
COMMAND: POST /session/2eef3865f9633c585bb33c6ac0c7be86/element - {"using":"xpath","value":"(//span[contains(@id ,\"manageresources-display-component---newResourceUnit--RUTimeSegment-0-vhi\")])[1]"}
RESULT: {"using":"xpath","value":"(//span[contains(@id ,\"manageresources-display-component---newResourceUnit--RUTimeSegment-0-vhi\")])[1]"}
COMMAND: GET /session/2eef3865f9633c585bb33c6ac0c7be86/element/f.38388B4EA542EE9F87EA90A6B1549037.d.D13BC39D00375542694BBEB832E30B34.e.26893/rect - {}
RESULT: {}
COMMAND: GET /session/2eef3865f9633c585bb33c6ac0c7be86/window/rect - {}
RESULT: {}
COMMAND: POST /session/2eef3865f9633c585bb33c6ac0c7be86/execute/sync - {"script":"<script> [92 bytes]","args":[]}
RESULT: {"script":"<script> [92 bytes]","args":[]}
COMMAND: POST /session/2eef3865f9633c585bb33c6ac0c7be86/actions - {"actions":[{"id":"action83","type":"wheel","parameters":{},"actions":[{"type":"scroll","x":-1888,"y":-24,"deltaX":0,"deltaY":0,"duration":0,"origin":{"element-6066-11e4-a52e-4f735466cecf":"f.38388B4EA542EE9F87EA90A6B1549037.d.D13BC39D00375542694BBEB832E30B34.e.26893"}}]}]}
COMMAND: GET /session/2eef3865f9633c585bb33c6ac0c7be86/screenshot - {}
RESULT: {}
COMMAND: POST /session/2eef3865f9633c585bb33c6ac0c7be86/execute/sync - {"script":"<script> [79 bytes]","args":[{"element-6066-11e4-a52e-4f735466cecf":"f.38388B4EA542EE9F87EA90A6B1549037.d.D13BC39D00375542694BBEB832E30B34.e.26893","ELEMENT":"f.38388B4EA542EE9F87EA90A6B1549037.d.D13BC39D00375542694BBEB832E30B34.e.26893"},{"block":"start","inline":"nearest"}]}
RESULT: {"script":"<script> [79 bytes]","args":[{"element-6066-11e4-a52e-4f735466cecf":"f.38388B4EA542EE9F87EA90A6B1549037.d.D13BC39D00375542694BBEB832E30B34.e.26893","ELEMENT":"f.38388B4EA542EE9F87EA90A6B1549037.d.D13BC39D00375542694BBEB832E30B34.e.26893"},{"block":"start","inline":"nearest"}]}
COMMAND: GET /session/2eef3865f9633c585bb33c6ac0c7be86/screenshot - {}
RESULT: {}
COMMAND: POST /session/2eef3865f9633c585bb33c6ac0c7be86/element/f.38388B4EA542EE9F87EA90A6B1549037.d.D13BC39D00375542694BBEB832E30B34.e.26893/click - {}
RESULT: {}
COMMAND: GET /session/2eef3865f9633c585bb33c6ac0c7be86/screenshot - {}
RESULT: {}
RESULT: undefined
COMMAND: POST /session/2eef3865f9633c585bb33c6ac0c7be86/execute/async - {"script":"<script> [776 bytes]","args":[{"enterText":"4000360","selector":{"controlType":"sap.m.SearchField","properties":{"placeholder":"Search"},"searchOpenDialogs":true,"interaction":{"idSuffix":"I"}},"clearTextFirst":true,"interactionType":"ENTER_TEXT"}]}
RESULT: {"script":"<script> [776 bytes]","args":[{"enterText":"4000360","selector":{"controlType":"sap.m.SearchField","properties":{"placeholder":"Search"},"searchOpenDialogs":true,"interaction":{"idSuffix":"I"}},"clearTextFirst":true,"interactionType":"ENTER_TEXT"}]}
COMMAND: POST /session/2eef3865f9633c585bb33c6ac0c7be86/actions - {"actions":[{"id":"action84","type":"key","parameters":{},"actions":[{"type":"keyDown","value":""},{"type":"pause","duration":10},{"type":"keyUp","value":""}]}]}
RESULT: {"actions":[{"id":"action84","type":"key","parameters":{},"actions":[{"type":"keyDown","value":""},{"type":"pause","duration":10},{"type":"keyUp","value":""}]}]}
COMMAND: GET /session/2eef3865f9633c585bb33c6ac0c7be86/screenshot - {}
RESULT: {}
COMMAND: POST /session/2eef3865f9633c585bb33c6ac0c7be86/element - {"using":"xpath","value":"//td/div/span[contains(text(), \"BGL Vehicles\")]"}
RESULT: {"using":"xpath","value":"//td/div/span[contains(text(), \"BGL Vehicles\")]"}
COMMAND: POST /session/2eef3865f9633c585bb33c6ac0c7be86/element/f.38388B4EA542EE9F87EA90A6B1549037.d.D13BC39D00375542694BBEB832E30B34.e.26913/click - {}
RESULT: {}
COMMAND: GET /session/2eef3865f9633c585bb33c6ac0c7be86/screenshot - {}
RESULT: {}
COMMAND: POST /session/2eef3865f9633c585bb33c6ac0c7be86/element - {"using":"xpath","value":"//bdi[contains(text(), \"OK\")]"}
RESULT: {"using":"xpath","value":"//bdi[contains(text(), \"OK\")]"}
COMMAND: POST /session/2eef3865f9633c585bb33c6ac0c7be86/element/f.38388B4EA542EE9F87EA90A6B1549037.d.D13BC39D00375542694BBEB832E30B34.e.26914/click - {}
RESULT: {}
COMMAND: GET /session/2eef3865f9633c585bb33c6ac0c7be86/screenshot - {}
RESULT: {}
COMMAND: POST /session/2eef3865f9633c585bb33c6ac0c7be86/element - {"using":"xpath","value":"//label[contains(@class, 'sapMLabelRequired') and .//bdi[contains(text(), 'Planned Retirement')]]"}
RESULT: {"using":"xpath","value":"//label[contains(@class, 'sapMLabelRequired') and .//bdi[contains(text(), 'Planned Retirement')]]"}
COMMAND: POST /session/2eef3865f9633c585bb33c6ac0c7be86/elements - {"using":"xpath","value":"//label[contains(@class, 'sapMLabelRequired') and .//bdi[contains(text(), 'Planned Retirement')]]"}
RESULT: {"using":"xpath","value":"//label[contains(@class, 'sapMLabelRequired') and .//bdi[contains(text(), 'Planned Retirement')]]"}
COMMAND: POST /session/2eef3865f9633c585bb33c6ac0c7be86/element - {"using":"xpath","value":"//button[@data-kt=\"resourceUnitSaveButton\"]"}
RESULT: {"using":"xpath","value":"//button[@data-kt=\"resourceUnitSaveButton\"]"}
COMMAND: POST /session/2eef3865f9633c585bb33c6ac0c7be86/element/f.38388B4EA542EE9F87EA90A6B1549037.d.D13BC39D00375542694BBEB832E30B34.e.26686/click - {}
RESULT: {}
COMMAND: GET /session/2eef3865f9633c585bb33c6ac0c7be86/screenshot - {}
RESULT: {}
COMMAND: POST /session/2eef3865f9633c585bb33c6ac0c7be86/element - {"using":"xpath","value":"//bdi[contains(text(), \"Close\")]"}
RESULT: {"using":"xpath","value":"//bdi[contains(text(), \"Close\")]"}
COMMAND: POST /session/2eef3865f9633c585bb33c6ac0c7be86/element/f.38388B4EA542EE9F87EA90A6B1549037.d.D13BC39D00375542694BBEB832E30B34.e.26920/click - {}
RESULT: {}
COMMAND: GET /session/2eef3865f9633c585bb33c6ac0c7be86/screenshot - {}
RESULT: {}
COMMAND: POST /session/2eef3865f9633c585bb33c6ac0c7be86/element - {"using":"xpath","value":"//header[contains(@id, 'detailRruPage-headerTitle')]/div[1]/div[2]/div[2]/span[1]"}
RESULT: {"using":"xpath","value":"//header[contains(@id, 'detailRruPage-headerTitle')]/div[1]/div[2]/div[2]/span[1]"}
COMMAND: POST /session/2eef3865f9633c585bb33c6ac0c7be86/elements - {"using":"xpath","value":"//header[contains(@id, 'detailRruPage-headerTitle')]/div[1]/div[2]/div[2]/span[1]"}
RESULT: {"using":"xpath","value":"//header[contains(@id, 'detailRruPage-headerTitle')]/div[1]/div[2]/div[2]/span[1]"}
COMMAND: POST /session/2eef3865f9633c585bb33c6ac0c7be86/execute/sync - {"script":"<script> [56 bytes]","args":[{"element-6066-11e4-a52e-4f735466cecf":"f.38388B4EA542EE9F87EA90A6B1549037.d.D13BC39D00375542694BBEB832E30B34.e.26951","ELEMENT":"f.38388B4EA542EE9F87EA90A6B1549037.d.D13BC39D00375542694BBEB832E30B34.e.26951"}]}
RESULT: {"script":"<script> [56 bytes]","args":[{"element-6066-11e4-a52e-4f735466cecf":"f.38388B4EA542EE9F87EA90A6B1549037.d.D13BC39D00375542694BBEB832E30B34.e.26951","ELEMENT":"f.38388B4EA542EE9F87EA90A6B1549037.d.D13BC39D00375542694BBEB832E30B34.e.26951"}]}
COMMAND: POST /session/2eef3865f9633c585bb33c6ac0c7be86/element - {"using":"css selector","value":"#shell-header-logo"}
COMMAND: GET /session/2eef3865f9633c585bb33c6ac0c7be86/screenshot - {}
RESULT: {"using":"css selector","value":"#shell-header-logo"}
COMMAND: POST /session/2eef3865f9633c585bb33c6ac0c7be86/element/f.38388B4EA542EE9F87EA90A6B1549037.d.D13BC39D00375542694BBEB832E30B34.e.26280/click - {}
RESULT: {}
RESULT: {}
COMMAND: GET /session/2eef3865f9633c585bb33c6ac0c7be86/screenshot - {}
RESULT: {}
]]></system-out>
    </testcase>
    <testcase classname="chrome.136_0_7103_93.windows.Transfer_Yard_to_Yard_US131076" name="Should do a stock increase handover for equipment" time="92.433">
      <system-out><![CDATA[
COMMAND: POST /session/2eef3865f9633c585bb33c6ac0c7be86/execute/async - {"script":"<script> [1562 bytes]","args":[{"selector":{"controlType":"sap.m.GenericTile","properties":{"header":"Manage Handovers"}},"wdio_ui5_key":"sapm.GenericTile{\"header\":\"Manage Handovers\"}"}]}
RESULT: {"script":"<script> [1562 bytes]","args":[{"selector":{"controlType":"sap.m.GenericTile","properties":{"header":"Manage Handovers"}},"wdio_ui5_key":"sapm.GenericTile{\"header\":\"Manage Handovers\"}"}]}
RESULT: undefined
COMMAND: POST /session/2eef3865f9633c585bb33c6ac0c7be86/element - {"using":"xpath","value":"//*[@id=\"__tile131\"]"}
RESULT: {"using":"xpath","value":"//*[@id=\"__tile131\"]"}
COMMAND: POST /session/2eef3865f9633c585bb33c6ac0c7be86/element/f.38388B4EA542EE9F87EA90A6B1549037.d.D13BC39D00375542694BBEB832E30B34.e.24795/click - {}
RESULT: {}
COMMAND: GET /session/2eef3865f9633c585bb33c6ac0c7be86/screenshot - {}
RESULT: {}
COMMAND: POST /session/2eef3865f9633c585bb33c6ac0c7be86/elements - {"using":"xpath","value":"//span[text()='Error']"}
RESULT: {"using":"xpath","value":"//span[text()='Error']"}
COMMAND: POST /session/2eef3865f9633c585bb33c6ac0c7be86/element - {"using":"xpath","value":"//button[@data-kt=\"masterHOAddButton\"]"}
RESULT: {"using":"xpath","value":"//button[@data-kt=\"masterHOAddButton\"]"}
COMMAND: POST /session/2eef3865f9633c585bb33c6ac0c7be86/elements - {"using":"xpath","value":"//button[@data-kt=\"masterHOAddButton\"]"}
RESULT: {"using":"xpath","value":"//button[@data-kt=\"masterHOAddButton\"]"}
COMMAND: POST /session/2eef3865f9633c585bb33c6ac0c7be86/execute/sync - {"script":"<script> [8489 bytes]","args":[{"element-6066-11e4-a52e-4f735466cecf":"f.38388B4EA542EE9F87EA90A6B1549037.d.D13BC39D00375542694BBEB832E30B34.e.26989","ELEMENT":"f.38388B4EA542EE9F87EA90A6B1549037.d.D13BC39D00375542694BBEB832E30B34.e.26989"}]}
RESULT: {"script":"<script> [8489 bytes]","args":[{"element-6066-11e4-a52e-4f735466cecf":"f.38388B4EA542EE9F87EA90A6B1549037.d.D13BC39D00375542694BBEB832E30B34.e.26989","ELEMENT":"f.38388B4EA542EE9F87EA90A6B1549037.d.D13BC39D00375542694BBEB832E30B34.e.26989"}]}
COMMAND: GET /session/2eef3865f9633c585bb33c6ac0c7be86/element/f.38388B4EA542EE9F87EA90A6B1549037.d.D13BC39D00375542694BBEB832E30B34.e.26989/enabled - {}
COMMAND: GET /session/2eef3865f9633c585bb33c6ac0c7be86/screenshot - {}
RESULT: {}
COMMAND: POST /session/2eef3865f9633c585bb33c6ac0c7be86/execute/sync - {"script":"<script> [8489 bytes]","args":[{"element-6066-11e4-a52e-4f735466cecf":"f.38388B4EA542EE9F87EA90A6B1549037.d.D13BC39D00375542694BBEB832E30B34.e.26989","ELEMENT":"f.38388B4EA542EE9F87EA90A6B1549037.d.D13BC39D00375542694BBEB832E30B34.e.26989"}]}
COMMAND: GET /session/2eef3865f9633c585bb33c6ac0c7be86/screenshot - {}
RESULT: {}
RESULT: {"script":"<script> [8489 bytes]","args":[{"element-6066-11e4-a52e-4f735466cecf":"f.38388B4EA542EE9F87EA90A6B1549037.d.D13BC39D00375542694BBEB832E30B34.e.26989","ELEMENT":"f.38388B4EA542EE9F87EA90A6B1549037.d.D13BC39D00375542694BBEB832E30B34.e.26989"}]}
COMMAND: POST /session/2eef3865f9633c585bb33c6ac0c7be86/execute/sync - {"script":"<script> [5351 bytes]","args":[{"element-6066-11e4-a52e-4f735466cecf":"f.38388B4EA542EE9F87EA90A6B1549037.d.D13BC39D00375542694BBEB832E30B34.e.26989","ELEMENT":"f.38388B4EA542EE9F87EA90A6B1549037.d.D13BC39D00375542694BBEB832E30B34.e.26989"}]}
COMMAND: GET /session/2eef3865f9633c585bb33c6ac0c7be86/screenshot - {}
RESULT: {}
RESULT: {"script":"<script> [5351 bytes]","args":[{"element-6066-11e4-a52e-4f735466cecf":"f.38388B4EA542EE9F87EA90A6B1549037.d.D13BC39D00375542694BBEB832E30B34.e.26989","ELEMENT":"f.38388B4EA542EE9F87EA90A6B1549037.d.D13BC39D00375542694BBEB832E30B34.e.26989"}]}
COMMAND: POST /session/2eef3865f9633c585bb33c6ac0c7be86/element/f.38388B4EA542EE9F87EA90A6B1549037.d.D13BC39D00375542694BBEB832E30B34.e.26989/click - {}
COMMAND: GET /session/2eef3865f9633c585bb33c6ac0c7be86/screenshot - {}
RESULT: {}
RESULT: {}
COMMAND: GET /session/2eef3865f9633c585bb33c6ac0c7be86/screenshot - {}
COMMAND: POST /session/2eef3865f9633c585bb33c6ac0c7be86/element - {"using":"xpath","value":"//span[contains(@id ,\"AddNewHO--typeSelect-arrow\")]"}
RESULT: {}
RESULT: {}
RESULT: {"using":"xpath","value":"//span[contains(@id ,\"AddNewHO--typeSelect-arrow\")]"}
COMMAND: POST /session/2eef3865f9633c585bb33c6ac0c7be86/element/f.38388B4EA542EE9F87EA90A6B1549037.d.D13BC39D00375542694BBEB832E30B34.e.27331/click - {}
RESULT: {}
COMMAND: GET /session/2eef3865f9633c585bb33c6ac0c7be86/screenshot - {}
RESULT: {}
COMMAND: POST /session/2eef3865f9633c585bb33c6ac0c7be86/element - {"using":"xpath","value":"(//li[contains(text(), \"stock increase yard\")])[1]"}
RESULT: {"using":"xpath","value":"(//li[contains(text(), \"stock increase yard\")])[1]"}
COMMAND: POST /session/2eef3865f9633c585bb33c6ac0c7be86/element/f.38388B4EA542EE9F87EA90A6B1549037.d.D13BC39D00375542694BBEB832E30B34.e.27332/click - {}
RESULT: {}
COMMAND: GET /session/2eef3865f9633c585bb33c6ac0c7be86/screenshot - {}
RESULT: {}
COMMAND: POST /session/2eef3865f9633c585bb33c6ac0c7be86/execute/async - {"script":"<script> [1562 bytes]","args":[{"selector":{"id":"application-managehandovers-display-component---AddNewHO--dueDate","interaction":{"idSuffix":"inner"}},"wdio_ui5_key":"applicationmanagehandovers-display-component---AddNewHO--dueDate"}]}
RESULT: {"script":"<script> [1562 bytes]","args":[{"selector":{"id":"application-managehandovers-display-component---AddNewHO--dueDate","interaction":{"idSuffix":"inner"}},"wdio_ui5_key":"applicationmanagehandovers-display-component---AddNewHO--dueDate"}]}
RESULT: undefined
COMMAND: POST /session/2eef3865f9633c585bb33c6ac0c7be86/execute/async - {"script":"<script> [6424 bytes]","args":[{"element-6066-11e4-a52e-4f735466cecf":"f.38388B4EA542EE9F87EA90A6B1549037.d.D13BC39D00375542694BBEB832E30B34.e.27336"},"setValue",["5/25/25"]]}
RESULT: {"script":"<script> [6424 bytes]","args":[{"element-6066-11e4-a52e-4f735466cecf":"f.38388B4EA542EE9F87EA90A6B1549037.d.D13BC39D00375542694BBEB832E30B34.e.27336"},"setValue",["5/25/25"]]}
COMMAND: POST /session/2eef3865f9633c585bb33c6ac0c7be86/element - {"using":"xpath","value":"//input[@id=\"generalSectionFrg--receiveYard-inner\"]"}
RESULT: {"using":"xpath","value":"//input[@id=\"generalSectionFrg--receiveYard-inner\"]"}
COMMAND: POST /session/2eef3865f9633c585bb33c6ac0c7be86/element/f.38388B4EA542EE9F87EA90A6B1549037.d.D13BC39D00375542694BBEB832E30B34.e.27342/clear - {}
RESULT: {}
COMMAND: POST /session/2eef3865f9633c585bb33c6ac0c7be86/element/f.38388B4EA542EE9F87EA90A6B1549037.d.D13BC39D00375542694BBEB832E30B34.e.27342/value - {"text":"277"}
COMMAND: GET /session/2eef3865f9633c585bb33c6ac0c7be86/screenshot - {}
RESULT: {"text":"277"}
COMMAND: GET /session/2eef3865f9633c585bb33c6ac0c7be86/screenshot - {}
RESULT: {}
RESULT: {}
COMMAND: POST /session/2eef3865f9633c585bb33c6ac0c7be86/element - {"using":"xpath","value":"//li[.//span[text()='277']]"}
RESULT: {"using":"xpath","value":"//li[.//span[text()='277']]"}
COMMAND: POST /session/2eef3865f9633c585bb33c6ac0c7be86/element/f.38388B4EA542EE9F87EA90A6B1549037.d.D13BC39D00375542694BBEB832E30B34.e.27356/click - {}
RESULT: {}
COMMAND: GET /session/2eef3865f9633c585bb33c6ac0c7be86/screenshot - {}
RESULT: {}
COMMAND: POST /session/2eef3865f9633c585bb33c6ac0c7be86/execute/async - {"script":"<script> [1562 bytes]","args":[{"selector":{"id":"application-managehandovers-display-component---AddNewHO--ObjectPageLayout-anchBar-application-managehandovers-display-component---AddNewHO--section4-anchor","interaction":{"idSuffix":"BDI-content"}},"wdio_ui5_key":"applicationmanagehandovers-display-component---AddNewHO--ObjectPageLayout-anchBar-application-managehandovers-display-component---AddNewHO--section4-anchor"}]}
RESULT: {"script":"<script> [1562 bytes]","args":[{"selector":{"id":"application-managehandovers-display-component---AddNewHO--ObjectPageLayout-anchBar-application-managehandovers-display-component---AddNewHO--section4-anchor","interaction":{"idSuffix":"BDI-content"}},"wdio_ui5_key":"applicationmanagehandovers-display-component---AddNewHO--ObjectPageLayout-anchBar-application-managehandovers-display-component---AddNewHO--section4-anchor"}]}
RESULT: undefined
COMMAND: POST /session/2eef3865f9633c585bb33c6ac0c7be86/element - {"using":"xpath","value":"//*[@id=\"application-managehandovers-display-component---AddNewHO--ObjectPageLayout-anchBar-application-managehandovers-display-component---AddNewHO--section4-anchor\"]"}
RESULT: {"using":"xpath","value":"//*[@id=\"application-managehandovers-display-component---AddNewHO--ObjectPageLayout-anchBar-application-managehandovers-display-component---AddNewHO--section4-anchor\"]"}
COMMAND: POST /session/2eef3865f9633c585bb33c6ac0c7be86/element/f.38388B4EA542EE9F87EA90A6B1549037.d.D13BC39D00375542694BBEB832E30B34.e.27358/click - {}
RESULT: {}
COMMAND: POST /session/2eef3865f9633c585bb33c6ac0c7be86/element - {"using":"xpath","value":"//button[@aria-label=\"Add\"]"}
COMMAND: GET /session/2eef3865f9633c585bb33c6ac0c7be86/screenshot - {}
RESULT: {"using":"xpath","value":"//button[@aria-label=\"Add\"]"}
COMMAND: POST /session/2eef3865f9633c585bb33c6ac0c7be86/element/f.38388B4EA542EE9F87EA90A6B1549037.d.D13BC39D00375542694BBEB832E30B34.e.27360/click - {}
RESULT: {}
RESULT: {}
COMMAND: GET /session/2eef3865f9633c585bb33c6ac0c7be86/screenshot - {}
RESULT: {}
COMMAND: POST /session/2eef3865f9633c585bb33c6ac0c7be86/execute/async - {"script":"<script> [1562 bytes]","args":[{"selector":{"id":"application-managehandovers-display-component---AddNewHO--smartFilterBar-btnBasicSearch","searchOpenDialogs":true,"interaction":{"idSuffix":"I"}},"wdio_ui5_key":"applicationmanagehandovers-display-component---AddNewHO--smartFilterBar-btnBasicSearch"}]}
RESULT: {"script":"<script> [1562 bytes]","args":[{"selector":{"id":"application-managehandovers-display-component---AddNewHO--smartFilterBar-btnBasicSearch","searchOpenDialogs":true,"interaction":{"idSuffix":"I"}},"wdio_ui5_key":"applicationmanagehandovers-display-component---AddNewHO--smartFilterBar-btnBasicSearch"}]}
RESULT: undefined
COMMAND: POST /session/2eef3865f9633c585bb33c6ac0c7be86/execute/async - {"script":"<script> [776 bytes]","args":[{"enterText":"ZAc9jK5Izd","selector":{"id":"application-managehandovers-display-component---AddNewHO--smartFilterBar-btnBasicSearch","searchOpenDialogs":true,"interaction":{"idSuffix":"I"}},"clearTextFirst":true,"interactionType":"ENTER_TEXT"}]}
RESULT: {"script":"<script> [776 bytes]","args":[{"enterText":"ZAc9jK5Izd","selector":{"id":"application-managehandovers-display-component---AddNewHO--smartFilterBar-btnBasicSearch","searchOpenDialogs":true,"interaction":{"idSuffix":"I"}},"clearTextFirst":true,"interactionType":"ENTER_TEXT"}]}
COMMAND: POST /session/2eef3865f9633c585bb33c6ac0c7be86/actions - {"actions":[{"id":"action85","type":"key","parameters":{},"actions":[{"type":"keyDown","value":""},{"type":"pause","duration":10},{"type":"keyUp","value":""}]}]}
RESULT: {"actions":[{"id":"action85","type":"key","parameters":{},"actions":[{"type":"keyDown","value":""},{"type":"pause","duration":10},{"type":"keyUp","value":""}]}]}
COMMAND: GET /session/2eef3865f9633c585bb33c6ac0c7be86/screenshot - {}
RESULT: {}
COMMAND: POST /session/2eef3865f9633c585bb33c6ac0c7be86/execute/async - {"script":"<script> [1562 bytes]","args":[{"selector":{"id":"application-managehandovers-display-component---AddNewHO--popup-sa","searchOpenDialogs":true,"interaction":{"idSuffix":"CbBg"}},"wdio_ui5_key":"applicationmanagehandovers-display-component---AddNewHO--popup-sa"}]}
RESULT: {"script":"<script> [1562 bytes]","args":[{"selector":{"id":"application-managehandovers-display-component---AddNewHO--popup-sa","searchOpenDialogs":true,"interaction":{"idSuffix":"CbBg"}},"wdio_ui5_key":"applicationmanagehandovers-display-component---AddNewHO--popup-sa"}]}
RESULT: undefined
COMMAND: POST /session/2eef3865f9633c585bb33c6ac0c7be86/element - {"using":"xpath","value":"//*[@id=\"application-managehandovers-display-component---AddNewHO--popup-sa\"]"}
RESULT: {"using":"xpath","value":"//*[@id=\"application-managehandovers-display-component---AddNewHO--popup-sa\"]"}
COMMAND: POST /session/2eef3865f9633c585bb33c6ac0c7be86/element/f.38388B4EA542EE9F87EA90A6B1549037.d.D13BC39D00375542694BBEB832E30B34.e.27514/click - {}
RESULT: {}
COMMAND: GET /session/2eef3865f9633c585bb33c6ac0c7be86/screenshot - {}
RESULT: {}
COMMAND: POST /session/2eef3865f9633c585bb33c6ac0c7be86/element - {"using":"xpath","value":"//bdi[contains(text(), \"Select\")]"}
RESULT: {"using":"xpath","value":"//bdi[contains(text(), \"Select\")]"}
COMMAND: POST /session/2eef3865f9633c585bb33c6ac0c7be86/element/f.38388B4EA542EE9F87EA90A6B1549037.d.D13BC39D00375542694BBEB832E30B34.e.27515/click - {}
RESULT: {}
COMMAND: GET /session/2eef3865f9633c585bb33c6ac0c7be86/screenshot - {}
RESULT: {}
COMMAND: POST /session/2eef3865f9633c585bb33c6ac0c7be86/element - {"using":"xpath","value":"//button[@data-kt=\"AddNewHOSaveButton\"]"}
RESULT: {"using":"xpath","value":"//button[@data-kt=\"AddNewHOSaveButton\"]"}
COMMAND: POST /session/2eef3865f9633c585bb33c6ac0c7be86/element/f.38388B4EA542EE9F87EA90A6B1549037.d.D13BC39D00375542694BBEB832E30B34.e.27519/click - {}
RESULT: {}
COMMAND: GET /session/2eef3865f9633c585bb33c6ac0c7be86/screenshot - {}
RESULT: {}
COMMAND: POST /session/2eef3865f9633c585bb33c6ac0c7be86/execute/async - {"script":"<script> [1562 bytes]","args":[{"selector":{"id":"receiptDatePicker","viewName":"etm.portal.ui.managehandovers.view.DetailExecuteHO","interaction":{"idSuffix":"inner"}},"wdio_ui5_key":"receiptDatePickeretmportal.ui.managehandovers.view.DetailExecuteHO"}]}
RESULT: {"script":"<script> [1562 bytes]","args":[{"selector":{"id":"receiptDatePicker","viewName":"etm.portal.ui.managehandovers.view.DetailExecuteHO","interaction":{"idSuffix":"inner"}},"wdio_ui5_key":"receiptDatePickeretmportal.ui.managehandovers.view.DetailExecuteHO"}]}
RESULT: undefined
COMMAND: POST /session/2eef3865f9633c585bb33c6ac0c7be86/execute/async - {"script":"<script> [6424 bytes]","args":[{"element-6066-11e4-a52e-4f735466cecf":"f.38388B4EA542EE9F87EA90A6B1549037.d.D13BC39D00375542694BBEB832E30B34.e.27545"},"setValue",["5/25/25"]]}
RESULT: {"script":"<script> [6424 bytes]","args":[{"element-6066-11e4-a52e-4f735466cecf":"f.38388B4EA542EE9F87EA90A6B1549037.d.D13BC39D00375542694BBEB832E30B34.e.27545"},"setValue",["5/25/25"]]}
COMMAND: POST /session/2eef3865f9633c585bb33c6ac0c7be86/element - {"using":"xpath","value":"//button[@data-kt=\"ReceivingTableConfirmAllButton\"]"}
RESULT: {"using":"xpath","value":"//button[@data-kt=\"ReceivingTableConfirmAllButton\"]"}
COMMAND: POST /session/2eef3865f9633c585bb33c6ac0c7be86/element/f.38388B4EA542EE9F87EA90A6B1549037.d.D13BC39D00375542694BBEB832E30B34.e.27560/click - {}
RESULT: {}
COMMAND: GET /session/2eef3865f9633c585bb33c6ac0c7be86/screenshot - {}
RESULT: {}
COMMAND: POST /session/2eef3865f9633c585bb33c6ac0c7be86/element - {"using":"xpath","value":"//bdi[contains(text(), \"OK\")]"}
RESULT: {"using":"xpath","value":"//bdi[contains(text(), \"OK\")]"}
COMMAND: POST /session/2eef3865f9633c585bb33c6ac0c7be86/element/f.38388B4EA542EE9F87EA90A6B1549037.d.D13BC39D00375542694BBEB832E30B34.e.27562/click - {}
RESULT: {}
COMMAND: GET /session/2eef3865f9633c585bb33c6ac0c7be86/screenshot - {}
RESULT: {}
COMMAND: POST /session/2eef3865f9633c585bb33c6ac0c7be86/element - {"using":"xpath","value":"(//bdi[contains(text(), \"Receive\")])[2]"}
RESULT: {"using":"xpath","value":"(//bdi[contains(text(), \"Receive\")])[2]"}
COMMAND: POST /session/2eef3865f9633c585bb33c6ac0c7be86/element/f.38388B4EA542EE9F87EA90A6B1549037.d.D13BC39D00375542694BBEB832E30B34.e.27564/click - {}
RESULT: {}
COMMAND: GET /session/2eef3865f9633c585bb33c6ac0c7be86/screenshot - {}
RESULT: {}
COMMAND: POST /session/2eef3865f9633c585bb33c6ac0c7be86/element - {"using":"css selector","value":"#shell-header-logo"}
RESULT: {"using":"css selector","value":"#shell-header-logo"}
COMMAND: POST /session/2eef3865f9633c585bb33c6ac0c7be86/element/f.38388B4EA542EE9F87EA90A6B1549037.d.D13BC39D00375542694BBEB832E30B34.e.26954/click - {}
RESULT: {}
COMMAND: GET /session/2eef3865f9633c585bb33c6ac0c7be86/screenshot - {}
RESULT: {}
]]></system-out>
    </testcase>
    <testcase classname="chrome.136_0_7103_93.windows.Transfer_Yard_to_Yard_US131076" name="Should do a stock increase handover for equipment multipart" time="90.144">
      <system-out><![CDATA[
RESULT: undefined
COMMAND: POST /session/2eef3865f9633c585bb33c6ac0c7be86/element - {"using":"xpath","value":"//*[@id=\"__tile131\"]"}
RESULT: {"using":"xpath","value":"//*[@id=\"__tile131\"]"}
COMMAND: POST /session/2eef3865f9633c585bb33c6ac0c7be86/element/f.38388B4EA542EE9F87EA90A6B1549037.d.D13BC39D00375542694BBEB832E30B34.e.24795/click - {}
RESULT: {}
COMMAND: GET /session/2eef3865f9633c585bb33c6ac0c7be86/screenshot - {}
RESULT: {}
COMMAND: POST /session/2eef3865f9633c585bb33c6ac0c7be86/elements - {"using":"xpath","value":"//span[text()='Error']"}
RESULT: {"using":"xpath","value":"//span[text()='Error']"}
COMMAND: POST /session/2eef3865f9633c585bb33c6ac0c7be86/element - {"using":"xpath","value":"//button[@data-kt=\"masterHOAddButton\"]"}
RESULT: {"using":"xpath","value":"//button[@data-kt=\"masterHOAddButton\"]"}
COMMAND: POST /session/2eef3865f9633c585bb33c6ac0c7be86/elements - {"using":"xpath","value":"//button[@data-kt=\"masterHOAddButton\"]"}
RESULT: {"using":"xpath","value":"//button[@data-kt=\"masterHOAddButton\"]"}
COMMAND: POST /session/2eef3865f9633c585bb33c6ac0c7be86/execute/sync - {"script":"<script> [8489 bytes]","args":[{"element-6066-11e4-a52e-4f735466cecf":"f.38388B4EA542EE9F87EA90A6B1549037.d.D13BC39D00375542694BBEB832E30B34.e.27880","ELEMENT":"f.38388B4EA542EE9F87EA90A6B1549037.d.D13BC39D00375542694BBEB832E30B34.e.27880"}]}
RESULT: {"script":"<script> [8489 bytes]","args":[{"element-6066-11e4-a52e-4f735466cecf":"f.38388B4EA542EE9F87EA90A6B1549037.d.D13BC39D00375542694BBEB832E30B34.e.27880","ELEMENT":"f.38388B4EA542EE9F87EA90A6B1549037.d.D13BC39D00375542694BBEB832E30B34.e.27880"}]}
COMMAND: GET /session/2eef3865f9633c585bb33c6ac0c7be86/element/f.38388B4EA542EE9F87EA90A6B1549037.d.D13BC39D00375542694BBEB832E30B34.e.27880/enabled - {}
COMMAND: GET /session/2eef3865f9633c585bb33c6ac0c7be86/screenshot - {}
RESULT: {}
COMMAND: POST /session/2eef3865f9633c585bb33c6ac0c7be86/execute/sync - {"script":"<script> [8489 bytes]","args":[{"element-6066-11e4-a52e-4f735466cecf":"f.38388B4EA542EE9F87EA90A6B1549037.d.D13BC39D00375542694BBEB832E30B34.e.27880","ELEMENT":"f.38388B4EA542EE9F87EA90A6B1549037.d.D13BC39D00375542694BBEB832E30B34.e.27880"}]}
COMMAND: GET /session/2eef3865f9633c585bb33c6ac0c7be86/screenshot - {}
RESULT: {}
RESULT: {"script":"<script> [8489 bytes]","args":[{"element-6066-11e4-a52e-4f735466cecf":"f.38388B4EA542EE9F87EA90A6B1549037.d.D13BC39D00375542694BBEB832E30B34.e.27880","ELEMENT":"f.38388B4EA542EE9F87EA90A6B1549037.d.D13BC39D00375542694BBEB832E30B34.e.27880"}]}
COMMAND: POST /session/2eef3865f9633c585bb33c6ac0c7be86/execute/sync - {"script":"<script> [5351 bytes]","args":[{"element-6066-11e4-a52e-4f735466cecf":"f.38388B4EA542EE9F87EA90A6B1549037.d.D13BC39D00375542694BBEB832E30B34.e.27880","ELEMENT":"f.38388B4EA542EE9F87EA90A6B1549037.d.D13BC39D00375542694BBEB832E30B34.e.27880"}]}
COMMAND: GET /session/2eef3865f9633c585bb33c6ac0c7be86/screenshot - {}
RESULT: {}
RESULT: {"script":"<script> [5351 bytes]","args":[{"element-6066-11e4-a52e-4f735466cecf":"f.38388B4EA542EE9F87EA90A6B1549037.d.D13BC39D00375542694BBEB832E30B34.e.27880","ELEMENT":"f.38388B4EA542EE9F87EA90A6B1549037.d.D13BC39D00375542694BBEB832E30B34.e.27880"}]}
COMMAND: POST /session/2eef3865f9633c585bb33c6ac0c7be86/element/f.38388B4EA542EE9F87EA90A6B1549037.d.D13BC39D00375542694BBEB832E30B34.e.27880/click - {}
COMMAND: GET /session/2eef3865f9633c585bb33c6ac0c7be86/screenshot - {}
RESULT: {}
RESULT: {}
COMMAND: GET /session/2eef3865f9633c585bb33c6ac0c7be86/screenshot - {}
RESULT: {}
RESULT: {}
COMMAND: POST /session/2eef3865f9633c585bb33c6ac0c7be86/element - {"using":"xpath","value":"//span[contains(@id ,\"AddNewHO--typeSelect-arrow\")]"}
RESULT: {"using":"xpath","value":"//span[contains(@id ,\"AddNewHO--typeSelect-arrow\")]"}
COMMAND: POST /session/2eef3865f9633c585bb33c6ac0c7be86/element/f.38388B4EA542EE9F87EA90A6B1549037.d.D13BC39D00375542694BBEB832E30B34.e.28303/click - {}
RESULT: {}
COMMAND: GET /session/2eef3865f9633c585bb33c6ac0c7be86/screenshot - {}
RESULT: {}
COMMAND: POST /session/2eef3865f9633c585bb33c6ac0c7be86/element - {"using":"xpath","value":"(//li[contains(text(), \"stock increase yard\")])[1]"}
RESULT: {"using":"xpath","value":"(//li[contains(text(), \"stock increase yard\")])[1]"}
COMMAND: POST /session/2eef3865f9633c585bb33c6ac0c7be86/element/f.38388B4EA542EE9F87EA90A6B1549037.d.D13BC39D00375542694BBEB832E30B34.e.28304/click - {}
RESULT: {}
COMMAND: GET /session/2eef3865f9633c585bb33c6ac0c7be86/screenshot - {}
RESULT: {}
RESULT: undefined
COMMAND: POST /session/2eef3865f9633c585bb33c6ac0c7be86/execute/async - {"script":"<script> [6424 bytes]","args":[{"element-6066-11e4-a52e-4f735466cecf":"f.38388B4EA542EE9F87EA90A6B1549037.d.D13BC39D00375542694BBEB832E30B34.e.27336"},"setValue",["5/25/25"]]}
COMMAND: POST /session/2eef3865f9633c585bb33c6ac0c7be86/execute/async - {"script":"<script> [1562 bytes]","args":[{"selector":{"id":"application-managehandovers-display-component---AddNewHO--dueDate","interaction":{"idSuffix":"inner"}},"wdio_ui5_key":"applicationmanagehandovers-display-component---AddNewHO--dueDate"}]}
RESULT: {"script":"<script> [1562 bytes]","args":[{"selector":{"id":"application-managehandovers-display-component---AddNewHO--dueDate","interaction":{"idSuffix":"inner"}},"wdio_ui5_key":"applicationmanagehandovers-display-component---AddNewHO--dueDate"}]}
COMMAND: POST /session/2eef3865f9633c585bb33c6ac0c7be86/execute/async - {"script":"<script> [6424 bytes]","args":[{"element-6066-11e4-a52e-4f735466cecf":"f.38388B4EA542EE9F87EA90A6B1549037.d.D13BC39D00375542694BBEB832E30B34.e.28306"},"setValue",["5/25/25"]]}
RESULT: {"script":"<script> [6424 bytes]","args":[{"element-6066-11e4-a52e-4f735466cecf":"f.38388B4EA542EE9F87EA90A6B1549037.d.D13BC39D00375542694BBEB832E30B34.e.28306"},"setValue",["5/25/25"]]}
COMMAND: POST /session/2eef3865f9633c585bb33c6ac0c7be86/element - {"using":"xpath","value":"//input[@id=\"generalSectionFrg--receiveYard-inner\"]"}
RESULT: {"using":"xpath","value":"//input[@id=\"generalSectionFrg--receiveYard-inner\"]"}
COMMAND: POST /session/2eef3865f9633c585bb33c6ac0c7be86/element/f.38388B4EA542EE9F87EA90A6B1549037.d.D13BC39D00375542694BBEB832E30B34.e.28312/clear - {}
RESULT: {}
COMMAND: POST /session/2eef3865f9633c585bb33c6ac0c7be86/element/f.38388B4EA542EE9F87EA90A6B1549037.d.D13BC39D00375542694BBEB832E30B34.e.28312/value - {"text":"277"}
COMMAND: GET /session/2eef3865f9633c585bb33c6ac0c7be86/screenshot - {}
RESULT: {"text":"277"}
COMMAND: GET /session/2eef3865f9633c585bb33c6ac0c7be86/screenshot - {}
RESULT: {}
RESULT: {}
COMMAND: POST /session/2eef3865f9633c585bb33c6ac0c7be86/element - {"using":"xpath","value":"//li[.//span[text()='277']]"}
RESULT: {"using":"xpath","value":"//li[.//span[text()='277']]"}
COMMAND: POST /session/2eef3865f9633c585bb33c6ac0c7be86/element/f.38388B4EA542EE9F87EA90A6B1549037.d.D13BC39D00375542694BBEB832E30B34.e.28328/click - {}
RESULT: {}
COMMAND: GET /session/2eef3865f9633c585bb33c6ac0c7be86/screenshot - {}
RESULT: {}
RESULT: undefined
COMMAND: POST /session/2eef3865f9633c585bb33c6ac0c7be86/element - {"using":"xpath","value":"//*[@id=\"application-managehandovers-display-component---AddNewHO--ObjectPageLayout-anchBar-application-managehandovers-display-component---AddNewHO--section4-anchor\"]"}
RESULT: {"using":"xpath","value":"//*[@id=\"application-managehandovers-display-component---AddNewHO--ObjectPageLayout-anchBar-application-managehandovers-display-component---AddNewHO--section4-anchor\"]"}
COMMAND: POST /session/2eef3865f9633c585bb33c6ac0c7be86/element/f.38388B4EA542EE9F87EA90A6B1549037.d.D13BC39D00375542694BBEB832E30B34.e.28329/click - {}
RESULT: {}
COMMAND: POST /session/2eef3865f9633c585bb33c6ac0c7be86/element - {"using":"xpath","value":"//button[@aria-label=\"Add\"]"}
COMMAND: GET /session/2eef3865f9633c585bb33c6ac0c7be86/screenshot - {}
RESULT: {"using":"xpath","value":"//button[@aria-label=\"Add\"]"}
COMMAND: POST /session/2eef3865f9633c585bb33c6ac0c7be86/element/f.38388B4EA542EE9F87EA90A6B1549037.d.D13BC39D00375542694BBEB832E30B34.e.28331/click - {}
RESULT: {}
RESULT: {}
COMMAND: GET /session/2eef3865f9633c585bb33c6ac0c7be86/screenshot - {}
RESULT: {}
RESULT: undefined
COMMAND: POST /session/2eef3865f9633c585bb33c6ac0c7be86/execute/async - {"script":"<script> [776 bytes]","args":[{"enterText":"400011","selector":{"id":"application-managehandovers-display-component---AddNewHO--smartFilterBar-btnBasicSearch","searchOpenDialogs":true,"interaction":{"idSuffix":"I"}},"clearTextFirst":true,"interactionType":"ENTER_TEXT"}]}
RESULT: {"script":"<script> [776 bytes]","args":[{"enterText":"400011","selector":{"id":"application-managehandovers-display-component---AddNewHO--smartFilterBar-btnBasicSearch","searchOpenDialogs":true,"interaction":{"idSuffix":"I"}},"clearTextFirst":true,"interactionType":"ENTER_TEXT"}]}
COMMAND: POST /session/2eef3865f9633c585bb33c6ac0c7be86/actions - {"actions":[{"id":"action86","type":"key","parameters":{},"actions":[{"type":"keyDown","value":""},{"type":"pause","duration":10},{"type":"keyUp","value":""}]}]}
RESULT: {"actions":[{"id":"action86","type":"key","parameters":{},"actions":[{"type":"keyDown","value":""},{"type":"pause","duration":10},{"type":"keyUp","value":""}]}]}
COMMAND: GET /session/2eef3865f9633c585bb33c6ac0c7be86/screenshot - {}
RESULT: {}
RESULT: undefined
COMMAND: POST /session/2eef3865f9633c585bb33c6ac0c7be86/element - {"using":"xpath","value":"//*[@id=\"application-managehandovers-display-component---AddNewHO--popup-sa\"]"}
RESULT: {"using":"xpath","value":"//*[@id=\"application-managehandovers-display-component---AddNewHO--popup-sa\"]"}
COMMAND: POST /session/2eef3865f9633c585bb33c6ac0c7be86/element/f.38388B4EA542EE9F87EA90A6B1549037.d.D13BC39D00375542694BBEB832E30B34.e.28481/click - {}
RESULT: {}
COMMAND: GET /session/2eef3865f9633c585bb33c6ac0c7be86/screenshot - {}
RESULT: {}
COMMAND: POST /session/2eef3865f9633c585bb33c6ac0c7be86/element - {"using":"xpath","value":"//bdi[contains(text(), \"Select\")]"}
RESULT: {"using":"xpath","value":"//bdi[contains(text(), \"Select\")]"}
COMMAND: POST /session/2eef3865f9633c585bb33c6ac0c7be86/element/f.38388B4EA542EE9F87EA90A6B1549037.d.D13BC39D00375542694BBEB832E30B34.e.28482/click - {}
RESULT: {}
COMMAND: GET /session/2eef3865f9633c585bb33c6ac0c7be86/screenshot - {}
RESULT: {}
COMMAND: POST /session/2eef3865f9633c585bb33c6ac0c7be86/element - {"using":"xpath","value":"//button[@data-kt=\"AddNewHOSaveButton\"]"}
RESULT: {"using":"xpath","value":"//button[@data-kt=\"AddNewHOSaveButton\"]"}
COMMAND: POST /session/2eef3865f9633c585bb33c6ac0c7be86/element/f.38388B4EA542EE9F87EA90A6B1549037.d.D13BC39D00375542694BBEB832E30B34.e.28486/click - {}
RESULT: {}
COMMAND: GET /session/2eef3865f9633c585bb33c6ac0c7be86/screenshot - {}
RESULT: {}
RESULT: undefined
COMMAND: POST /session/2eef3865f9633c585bb33c6ac0c7be86/execute/async - {"script":"<script> [6424 bytes]","args":[{"element-6066-11e4-a52e-4f735466cecf":"f.38388B4EA542EE9F87EA90A6B1549037.d.D13BC39D00375542694BBEB832E30B34.e.27545"},"setValue",["5/25/25"]]}
COMMAND: POST /session/2eef3865f9633c585bb33c6ac0c7be86/execute/async - {"script":"<script> [1562 bytes]","args":[{"selector":{"id":"receiptDatePicker","viewName":"etm.portal.ui.managehandovers.view.DetailExecuteHO","interaction":{"idSuffix":"inner"}},"wdio_ui5_key":"receiptDatePickeretmportal.ui.managehandovers.view.DetailExecuteHO"}]}
RESULT: {"script":"<script> [1562 bytes]","args":[{"selector":{"id":"receiptDatePicker","viewName":"etm.portal.ui.managehandovers.view.DetailExecuteHO","interaction":{"idSuffix":"inner"}},"wdio_ui5_key":"receiptDatePickeretmportal.ui.managehandovers.view.DetailExecuteHO"}]}
COMMAND: POST /session/2eef3865f9633c585bb33c6ac0c7be86/execute/async - {"script":"<script> [6424 bytes]","args":[{"element-6066-11e4-a52e-4f735466cecf":"f.38388B4EA542EE9F87EA90A6B1549037.d.D13BC39D00375542694BBEB832E30B34.e.28533"},"setValue",["5/25/25"]]}
RESULT: {"script":"<script> [6424 bytes]","args":[{"element-6066-11e4-a52e-4f735466cecf":"f.38388B4EA542EE9F87EA90A6B1549037.d.D13BC39D00375542694BBEB832E30B34.e.28533"},"setValue",["5/25/25"]]}
COMMAND: POST /session/2eef3865f9633c585bb33c6ac0c7be86/element - {"using":"xpath","value":"//button[@data-kt=\"ReceivingTableConfirmAllButton\"]"}
RESULT: {"using":"xpath","value":"//button[@data-kt=\"ReceivingTableConfirmAllButton\"]"}
COMMAND: POST /session/2eef3865f9633c585bb33c6ac0c7be86/element/f.38388B4EA542EE9F87EA90A6B1549037.d.D13BC39D00375542694BBEB832E30B34.e.28546/click - {}
RESULT: {}
COMMAND: GET /session/2eef3865f9633c585bb33c6ac0c7be86/screenshot - {}
RESULT: {}
COMMAND: POST /session/2eef3865f9633c585bb33c6ac0c7be86/element - {"using":"xpath","value":"//bdi[contains(text(), \"OK\")]"}
RESULT: {"using":"xpath","value":"//bdi[contains(text(), \"OK\")]"}
COMMAND: POST /session/2eef3865f9633c585bb33c6ac0c7be86/element/f.38388B4EA542EE9F87EA90A6B1549037.d.D13BC39D00375542694BBEB832E30B34.e.28548/click - {}
RESULT: {}
COMMAND: GET /session/2eef3865f9633c585bb33c6ac0c7be86/screenshot - {}
RESULT: {}
COMMAND: POST /session/2eef3865f9633c585bb33c6ac0c7be86/element - {"using":"xpath","value":"(//bdi[contains(text(), \"Receive\")])[2]"}
RESULT: {"using":"xpath","value":"(//bdi[contains(text(), \"Receive\")])[2]"}
COMMAND: POST /session/2eef3865f9633c585bb33c6ac0c7be86/element/f.38388B4EA542EE9F87EA90A6B1549037.d.D13BC39D00375542694BBEB832E30B34.e.28550/click - {}
RESULT: {}
COMMAND: GET /session/2eef3865f9633c585bb33c6ac0c7be86/screenshot - {}
RESULT: {}
COMMAND: POST /session/2eef3865f9633c585bb33c6ac0c7be86/element - {"using":"css selector","value":"#shell-header-logo"}
RESULT: {"using":"css selector","value":"#shell-header-logo"}
COMMAND: POST /session/2eef3865f9633c585bb33c6ac0c7be86/element/f.38388B4EA542EE9F87EA90A6B1549037.d.D13BC39D00375542694BBEB832E30B34.e.27844/click - {}
RESULT: {}
COMMAND: GET /session/2eef3865f9633c585bb33c6ac0c7be86/screenshot - {}
RESULT: {}
]]></system-out>
    </testcase>
    <testcase classname="chrome.136_0_7103_93.windows.Transfer_Yard_to_Yard_US131076" name="Should create a yard to yard transfer handover" time="162.857">
      <failure/>
      <error message="Can't call click on element with selector &quot;//button[@data-kt=&quot;IssuingTableConfirmAllButton&quot;]&quot; because element wasn't found"/>
      <system-out><![CDATA[
RESULT: undefined
COMMAND: POST /session/2eef3865f9633c585bb33c6ac0c7be86/element - {"using":"xpath","value":"//*[@id=\"__tile131\"]"}
RESULT: {"using":"xpath","value":"//*[@id=\"__tile131\"]"}
COMMAND: POST /session/2eef3865f9633c585bb33c6ac0c7be86/element/f.38388B4EA542EE9F87EA90A6B1549037.d.D13BC39D00375542694BBEB832E30B34.e.24795/click - {}
RESULT: {}
COMMAND: GET /session/2eef3865f9633c585bb33c6ac0c7be86/screenshot - {}
RESULT: {}
COMMAND: POST /session/2eef3865f9633c585bb33c6ac0c7be86/elements - {"using":"xpath","value":"//span[text()='Error']"}
RESULT: {"using":"xpath","value":"//span[text()='Error']"}
COMMAND: POST /session/2eef3865f9633c585bb33c6ac0c7be86/element - {"using":"xpath","value":"//button[@data-kt=\"masterHOAddButton\"]"}
RESULT: {"using":"xpath","value":"//button[@data-kt=\"masterHOAddButton\"]"}
COMMAND: POST /session/2eef3865f9633c585bb33c6ac0c7be86/elements - {"using":"xpath","value":"//button[@data-kt=\"masterHOAddButton\"]"}
RESULT: {"using":"xpath","value":"//button[@data-kt=\"masterHOAddButton\"]"}
COMMAND: POST /session/2eef3865f9633c585bb33c6ac0c7be86/execute/sync - {"script":"<script> [8489 bytes]","args":[{"element-6066-11e4-a52e-4f735466cecf":"f.38388B4EA542EE9F87EA90A6B1549037.d.D13BC39D00375542694BBEB832E30B34.e.28771","ELEMENT":"f.38388B4EA542EE9F87EA90A6B1549037.d.D13BC39D00375542694BBEB832E30B34.e.28771"}]}
RESULT: {"script":"<script> [8489 bytes]","args":[{"element-6066-11e4-a52e-4f735466cecf":"f.38388B4EA542EE9F87EA90A6B1549037.d.D13BC39D00375542694BBEB832E30B34.e.28771","ELEMENT":"f.38388B4EA542EE9F87EA90A6B1549037.d.D13BC39D00375542694BBEB832E30B34.e.28771"}]}
COMMAND: GET /session/2eef3865f9633c585bb33c6ac0c7be86/element/f.38388B4EA542EE9F87EA90A6B1549037.d.D13BC39D00375542694BBEB832E30B34.e.28771/enabled - {}
COMMAND: GET /session/2eef3865f9633c585bb33c6ac0c7be86/screenshot - {}
RESULT: {}
COMMAND: POST /session/2eef3865f9633c585bb33c6ac0c7be86/execute/sync - {"script":"<script> [8489 bytes]","args":[{"element-6066-11e4-a52e-4f735466cecf":"f.38388B4EA542EE9F87EA90A6B1549037.d.D13BC39D00375542694BBEB832E30B34.e.28771","ELEMENT":"f.38388B4EA542EE9F87EA90A6B1549037.d.D13BC39D00375542694BBEB832E30B34.e.28771"}]}
COMMAND: GET /session/2eef3865f9633c585bb33c6ac0c7be86/screenshot - {}
RESULT: {}
RESULT: {"script":"<script> [8489 bytes]","args":[{"element-6066-11e4-a52e-4f735466cecf":"f.38388B4EA542EE9F87EA90A6B1549037.d.D13BC39D00375542694BBEB832E30B34.e.28771","ELEMENT":"f.38388B4EA542EE9F87EA90A6B1549037.d.D13BC39D00375542694BBEB832E30B34.e.28771"}]}
COMMAND: POST /session/2eef3865f9633c585bb33c6ac0c7be86/execute/sync - {"script":"<script> [5351 bytes]","args":[{"element-6066-11e4-a52e-4f735466cecf":"f.38388B4EA542EE9F87EA90A6B1549037.d.D13BC39D00375542694BBEB832E30B34.e.28771","ELEMENT":"f.38388B4EA542EE9F87EA90A6B1549037.d.D13BC39D00375542694BBEB832E30B34.e.28771"}]}
COMMAND: GET /session/2eef3865f9633c585bb33c6ac0c7be86/screenshot - {}
RESULT: {}
RESULT: {"script":"<script> [5351 bytes]","args":[{"element-6066-11e4-a52e-4f735466cecf":"f.38388B4EA542EE9F87EA90A6B1549037.d.D13BC39D00375542694BBEB832E30B34.e.28771","ELEMENT":"f.38388B4EA542EE9F87EA90A6B1549037.d.D13BC39D00375542694BBEB832E30B34.e.28771"}]}
COMMAND: POST /session/2eef3865f9633c585bb33c6ac0c7be86/element/f.38388B4EA542EE9F87EA90A6B1549037.d.D13BC39D00375542694BBEB832E30B34.e.28771/click - {}
COMMAND: GET /session/2eef3865f9633c585bb33c6ac0c7be86/screenshot - {}
RESULT: {}
RESULT: {}
COMMAND: GET /session/2eef3865f9633c585bb33c6ac0c7be86/screenshot - {}
RESULT: {}
RESULT: {}
COMMAND: POST /session/2eef3865f9633c585bb33c6ac0c7be86/element - {"using":"xpath","value":"//span[contains(@id ,\"AddNewHO--typeSelect-arrow\")]"}
RESULT: {"using":"xpath","value":"//span[contains(@id ,\"AddNewHO--typeSelect-arrow\")]"}
COMMAND: POST /session/2eef3865f9633c585bb33c6ac0c7be86/element/f.38388B4EA542EE9F87EA90A6B1549037.d.D13BC39D00375542694BBEB832E30B34.e.29176/click - {}
RESULT: {}
COMMAND: GET /session/2eef3865f9633c585bb33c6ac0c7be86/screenshot - {}
RESULT: {}
COMMAND: POST /session/2eef3865f9633c585bb33c6ac0c7be86/element - {"using":"xpath","value":"(//li[contains(text(), \"transfer\")])[1]"}
RESULT: {"using":"xpath","value":"(//li[contains(text(), \"transfer\")])[1]"}
COMMAND: POST /session/2eef3865f9633c585bb33c6ac0c7be86/element/f.38388B4EA542EE9F87EA90A6B1549037.d.D13BC39D00375542694BBEB832E30B34.e.29177/click - {}
RESULT: {}
COMMAND: GET /session/2eef3865f9633c585bb33c6ac0c7be86/screenshot - {}
RESULT: {}
RESULT: undefined
COMMAND: POST /session/2eef3865f9633c585bb33c6ac0c7be86/execute/async - {"script":"<script> [6424 bytes]","args":[{"element-6066-11e4-a52e-4f735466cecf":"f.38388B4EA542EE9F87EA90A6B1549037.d.D13BC39D00375542694BBEB832E30B34.e.27336"},"setValue",["05/25/25"]]}
COMMAND: POST /session/2eef3865f9633c585bb33c6ac0c7be86/execute/async - {"script":"<script> [1562 bytes]","args":[{"selector":{"id":"application-managehandovers-display-component---AddNewHO--dueDate","interaction":{"idSuffix":"inner"}},"wdio_ui5_key":"applicationmanagehandovers-display-component---AddNewHO--dueDate"}]}
RESULT: {"script":"<script> [1562 bytes]","args":[{"selector":{"id":"application-managehandovers-display-component---AddNewHO--dueDate","interaction":{"idSuffix":"inner"}},"wdio_ui5_key":"applicationmanagehandovers-display-component---AddNewHO--dueDate"}]}
COMMAND: POST /session/2eef3865f9633c585bb33c6ac0c7be86/execute/async - {"script":"<script> [6424 bytes]","args":[{"element-6066-11e4-a52e-4f735466cecf":"f.38388B4EA542EE9F87EA90A6B1549037.d.D13BC39D00375542694BBEB832E30B34.e.29181"},"setValue",["05/25/25"]]}
RESULT: {"script":"<script> [6424 bytes]","args":[{"element-6066-11e4-a52e-4f735466cecf":"f.38388B4EA542EE9F87EA90A6B1549037.d.D13BC39D00375542694BBEB832E30B34.e.29181"},"setValue",["05/25/25"]]}
COMMAND: POST /session/2eef3865f9633c585bb33c6ac0c7be86/element - {"using":"xpath","value":"//input[@id=\"generalSectionFrg--sendYard-inner\"]"}
RESULT: {"using":"xpath","value":"//input[@id=\"generalSectionFrg--sendYard-inner\"]"}
COMMAND: POST /session/2eef3865f9633c585bb33c6ac0c7be86/element/f.38388B4EA542EE9F87EA90A6B1549037.d.D13BC39D00375542694BBEB832E30B34.e.29187/clear - {}
RESULT: {}
COMMAND: POST /session/2eef3865f9633c585bb33c6ac0c7be86/element/f.38388B4EA542EE9F87EA90A6B1549037.d.D13BC39D00375542694BBEB832E30B34.e.29187/value - {"text":"277"}
COMMAND: GET /session/2eef3865f9633c585bb33c6ac0c7be86/screenshot - {}
RESULT: {"text":"277"}
COMMAND: GET /session/2eef3865f9633c585bb33c6ac0c7be86/screenshot - {}
RESULT: {}
RESULT: {}
COMMAND: POST /session/2eef3865f9633c585bb33c6ac0c7be86/element - {"using":"xpath","value":"//li[.//span[text()='277']]"}
RESULT: {"using":"xpath","value":"//li[.//span[text()='277']]"}
COMMAND: POST /session/2eef3865f9633c585bb33c6ac0c7be86/element/f.38388B4EA542EE9F87EA90A6B1549037.d.D13BC39D00375542694BBEB832E30B34.e.29204/click - {}
RESULT: {}
COMMAND: GET /session/2eef3865f9633c585bb33c6ac0c7be86/screenshot - {}
RESULT: {}
COMMAND: POST /session/2eef3865f9633c585bb33c6ac0c7be86/element - {"using":"xpath","value":"//input[@id=\"generalSectionFrg--receiveYard-inner\"]"}
RESULT: {"using":"xpath","value":"//input[@id=\"generalSectionFrg--receiveYard-inner\"]"}
COMMAND: POST /session/2eef3865f9633c585bb33c6ac0c7be86/element/f.38388B4EA542EE9F87EA90A6B1549037.d.D13BC39D00375542694BBEB832E30B34.e.29188/clear - {}
RESULT: {}
COMMAND: POST /session/2eef3865f9633c585bb33c6ac0c7be86/element/f.38388B4EA542EE9F87EA90A6B1549037.d.D13BC39D00375542694BBEB832E30B34.e.29188/value - {"text":"283"}
COMMAND: GET /session/2eef3865f9633c585bb33c6ac0c7be86/screenshot - {}
RESULT: {}
RESULT: {"text":"283"}
COMMAND: GET /session/2eef3865f9633c585bb33c6ac0c7be86/screenshot - {}
RESULT: {}
COMMAND: POST /session/2eef3865f9633c585bb33c6ac0c7be86/element - {"using":"xpath","value":"//li[.//span[text()='283']]"}
RESULT: {"using":"xpath","value":"//li[.//span[text()='283']]"}
COMMAND: POST /session/2eef3865f9633c585bb33c6ac0c7be86/element/f.38388B4EA542EE9F87EA90A6B1549037.d.D13BC39D00375542694BBEB832E30B34.e.29206/click - {}
RESULT: {}
COMMAND: GET /session/2eef3865f9633c585bb33c6ac0c7be86/screenshot - {}
RESULT: {}
RESULT: undefined
COMMAND: POST /session/2eef3865f9633c585bb33c6ac0c7be86/element - {"using":"xpath","value":"//*[@id=\"application-managehandovers-display-component---AddNewHO--ObjectPageLayout-anchBar-application-managehandovers-display-component---AddNewHO--section4-anchor\"]"}
RESULT: {"using":"xpath","value":"//*[@id=\"application-managehandovers-display-component---AddNewHO--ObjectPageLayout-anchBar-application-managehandovers-display-component---AddNewHO--section4-anchor\"]"}
COMMAND: POST /session/2eef3865f9633c585bb33c6ac0c7be86/element/f.38388B4EA542EE9F87EA90A6B1549037.d.D13BC39D00375542694BBEB832E30B34.e.29207/click - {}
RESULT: {}
COMMAND: GET /session/2eef3865f9633c585bb33c6ac0c7be86/screenshot - {}
RESULT: {}
COMMAND: POST /session/2eef3865f9633c585bb33c6ac0c7be86/element - {"using":"xpath","value":"//button[@data-kt=\"AddNewHOProvideAddItemsButton\"]"}
RESULT: {"using":"xpath","value":"//button[@data-kt=\"AddNewHOProvideAddItemsButton\"]"}
COMMAND: POST /session/2eef3865f9633c585bb33c6ac0c7be86/element/f.38388B4EA542EE9F87EA90A6B1549037.d.D13BC39D00375542694BBEB832E30B34.e.29211/click - {}
RESULT: {}
COMMAND: GET /session/2eef3865f9633c585bb33c6ac0c7be86/screenshot - {}
RESULT: {}
COMMAND: POST /session/2eef3865f9633c585bb33c6ac0c7be86/element - {"using":"xpath","value":"//div[contains(@id,\"AddNewHO--TransferHOTypesRuDialogTable-sa-CbBg\")]"}
RESULT: {"using":"xpath","value":"//div[contains(@id,\"AddNewHO--TransferHOTypesRuDialogTable-sa-CbBg\")]"}
COMMAND: POST /session/2eef3865f9633c585bb33c6ac0c7be86/element/f.38388B4EA542EE9F87EA90A6B1549037.d.D13BC39D00375542694BBEB832E30B34.e.29235/click - {}
RESULT: {}
COMMAND: GET /session/2eef3865f9633c585bb33c6ac0c7be86/screenshot - {}
RESULT: {}
COMMAND: POST /session/2eef3865f9633c585bb33c6ac0c7be86/element - {"using":"xpath","value":"//table[contains(@id,\"AddNewHO--TransferHOTypesRuDialogTable-listUl\")]/tbody/tr[1]/td[6]/div/div/input"}
RESULT: {"using":"xpath","value":"//table[contains(@id,\"AddNewHO--TransferHOTypesRuDialogTable-listUl\")]/tbody/tr[1]/td[6]/div/div/input"}
COMMAND: POST /session/2eef3865f9633c585bb33c6ac0c7be86/element/f.38388B4EA542EE9F87EA90A6B1549037.d.D13BC39D00375542694BBEB832E30B34.e.29232/clear - {}
RESULT: {}
COMMAND: POST /session/2eef3865f9633c585bb33c6ac0c7be86/element/f.38388B4EA542EE9F87EA90A6B1549037.d.D13BC39D00375542694BBEB832E30B34.e.29232/value - {"text":"1"}
COMMAND: GET /session/2eef3865f9633c585bb33c6ac0c7be86/screenshot - {}
RESULT: {"text":"1"}
COMMAND: GET /session/2eef3865f9633c585bb33c6ac0c7be86/screenshot - {}
RESULT: {}
RESULT: {}
COMMAND: POST /session/2eef3865f9633c585bb33c6ac0c7be86/element - {"using":"xpath","value":"//bdi[contains(text(), \"OK\")]"}
RESULT: {"using":"xpath","value":"//bdi[contains(text(), \"OK\")]"}
COMMAND: POST /session/2eef3865f9633c585bb33c6ac0c7be86/element/f.38388B4EA542EE9F87EA90A6B1549037.d.D13BC39D00375542694BBEB832E30B34.e.29239/click - {}
RESULT: {}
COMMAND: GET /session/2eef3865f9633c585bb33c6ac0c7be86/screenshot - {}
RESULT: {}
COMMAND: POST /session/2eef3865f9633c585bb33c6ac0c7be86/execute/async - {"script":"<script> [1562 bytes]","args":[{"selector":{"id":"application-managehandovers-display-component---AddNewHO--confirmCreationButton","interaction":{"idSuffix":"BDI-content"}},"wdio_ui5_key":"applicationmanagehandovers-display-component---AddNewHO--confirmCreationButton"}]}
RESULT: {"script":"<script> [1562 bytes]","args":[{"selector":{"id":"application-managehandovers-display-component---AddNewHO--confirmCreationButton","interaction":{"idSuffix":"BDI-content"}},"wdio_ui5_key":"applicationmanagehandovers-display-component---AddNewHO--confirmCreationButton"}]}
RESULT: undefined
COMMAND: POST /session/2eef3865f9633c585bb33c6ac0c7be86/element - {"using":"xpath","value":"//*[@id=\"application-managehandovers-display-component---AddNewHO--confirmCreationButton\"]"}
RESULT: {"using":"xpath","value":"//*[@id=\"application-managehandovers-display-component---AddNewHO--confirmCreationButton\"]"}
COMMAND: POST /session/2eef3865f9633c585bb33c6ac0c7be86/element/f.38388B4EA542EE9F87EA90A6B1549037.d.D13BC39D00375542694BBEB832E30B34.e.29255/click - {}
RESULT: {}
COMMAND: GET /session/2eef3865f9633c585bb33c6ac0c7be86/screenshot - {}
RESULT: {}
COMMAND: POST /session/2eef3865f9633c585bb33c6ac0c7be86/element - {"using":"xpath","value":"(//section[contains(@id,\"headerContentForm--FC-NoHead\")])[2]/div[1]/div[5]/div[2]/div/span"}
RESULT: {"using":"xpath","value":"(//section[contains(@id,\"headerContentForm--FC-NoHead\")])[2]/div[1]/div[5]/div[2]/div/span"}
COMMAND: POST /session/2eef3865f9633c585bb33c6ac0c7be86/execute/sync - {"script":"<script> [56 bytes]","args":[{"element-6066-11e4-a52e-4f735466cecf":"f.38388B4EA542EE9F87EA90A6B1549037.d.D13BC39D00375542694BBEB832E30B34.e.29319","ELEMENT":"f.38388B4EA542EE9F87EA90A6B1549037.d.D13BC39D00375542694BBEB832E30B34.e.29319"}]}
RESULT: {"script":"<script> [56 bytes]","args":[{"element-6066-11e4-a52e-4f735466cecf":"f.38388B4EA542EE9F87EA90A6B1549037.d.D13BC39D00375542694BBEB832E30B34.e.29319","ELEMENT":"f.38388B4EA542EE9F87EA90A6B1549037.d.D13BC39D00375542694BBEB832E30B34.e.29319"}]}
COMMAND: POST /session/2eef3865f9633c585bb33c6ac0c7be86/execute/async - {"script":"<script> [1562 bytes]","args":[{"selector":{"id":"issueDatePicker","viewName":"etm.portal.ui.managehandovers.view.DetailExecuteHO","interaction":{"idSuffix":"inner"}},"wdio_ui5_key":"issueDatePickeretmportal.ui.managehandovers.view.DetailExecuteHO"}]}
COMMAND: GET /session/2eef3865f9633c585bb33c6ac0c7be86/screenshot - {}
RESULT: {"script":"<script> [1562 bytes]","args":[{"selector":{"id":"issueDatePicker","viewName":"etm.portal.ui.managehandovers.view.DetailExecuteHO","interaction":{"idSuffix":"inner"}},"wdio_ui5_key":"issueDatePickeretmportal.ui.managehandovers.view.DetailExecuteHO"}]}
RESULT: undefined
COMMAND: POST /session/2eef3865f9633c585bb33c6ac0c7be86/execute/async - {"script":"<script> [776 bytes]","args":[{"enterText":"05/25/25","selector":{"id":"issueDatePicker","viewName":"etm.portal.ui.managehandovers.view.DetailExecuteHO","interaction":{"idSuffix":"inner"}},"clearTextFirst":true,"interactionType":"ENTER_TEXT"}]}
RESULT: {}
RESULT: {"script":"<script> [776 bytes]","args":[{"enterText":"05/25/25","selector":{"id":"issueDatePicker","viewName":"etm.portal.ui.managehandovers.view.DetailExecuteHO","interaction":{"idSuffix":"inner"}},"clearTextFirst":true,"interactionType":"ENTER_TEXT"}]}
COMMAND: POST /session/2eef3865f9633c585bb33c6ac0c7be86/element - {"using":"xpath","value":"//bdi[contains(text(), \"OK\")]"}
RESULT: {"using":"xpath","value":"//bdi[contains(text(), \"OK\")]"}
COMMAND: POST /session/2eef3865f9633c585bb33c6ac0c7be86/element/f.38388B4EA542EE9F87EA90A6B1549037.d.D13BC39D00375542694BBEB832E30B34.e.29324/click - {}
RESULT: {}
COMMAND: GET /session/2eef3865f9633c585bb33c6ac0c7be86/screenshot - {}
RESULT: {}
COMMAND: POST /session/2eef3865f9633c585bb33c6ac0c7be86/execute/async - {"script":"<script> [1562 bytes]","args":[{"selector":{"controlType":"sap.m.Button","viewName":"etm.portal.ui.managehandovers.view.DetailExecuteHO","i18NText":{"propertyName":"text","key":"pickQty"},"interaction":{"idSuffix":"content"}},"wdio_ui5_key":"etmportal.ui.managehandovers.view.DetailExecuteHOsap.m.Button{\"propertyName\":\"text\",\"key\":\"pickQty\"}"}]}
RESULT: {"script":"<script> [1562 bytes]","args":[{"selector":{"controlType":"sap.m.Button","viewName":"etm.portal.ui.managehandovers.view.DetailExecuteHO","i18NText":{"propertyName":"text","key":"pickQty"},"interaction":{"idSuffix":"content"}},"wdio_ui5_key":"etmportal.ui.managehandovers.view.DetailExecuteHOsap.m.Button{\"propertyName\":\"text\",\"key\":\"pickQty\"}"}]}
RESULT: undefined
COMMAND: POST /session/2eef3865f9633c585bb33c6ac0c7be86/element - {"using":"xpath","value":"//*[@id=\"__button433\"]"}
RESULT: {"using":"xpath","value":"//*[@id=\"__button433\"]"}
COMMAND: POST /session/2eef3865f9633c585bb33c6ac0c7be86/element/f.38388B4EA542EE9F87EA90A6B1549037.d.D13BC39D00375542694BBEB832E30B34.e.29330/click - {}
RESULT: {}
COMMAND: GET /session/2eef3865f9633c585bb33c6ac0c7be86/screenshot - {}
RESULT: {}
COMMAND: POST /session/2eef3865f9633c585bb33c6ac0c7be86/execute/async - {"script":"<script> [1562 bytes]","args":[{"selector":{"controlType":"sap.m.NumericInput","viewName":"etm.portal.ui.managehandovers.view.DetailExecuteHO","properties":{"value":"0"},"searchOpenDialogs":true,"interaction":{"idSuffix":"inner"}},"wdio_ui5_key":"etmportal.ui.managehandovers.view.DetailExecuteHOsap.m.NumericInput{\"value\":\"0\"}"}]}
RESULT: {"script":"<script> [1562 bytes]","args":[{"selector":{"controlType":"sap.m.NumericInput","viewName":"etm.portal.ui.managehandovers.view.DetailExecuteHO","properties":{"value":"0"},"searchOpenDialogs":true,"interaction":{"idSuffix":"inner"}},"wdio_ui5_key":"etmportal.ui.managehandovers.view.DetailExecuteHOsap.m.NumericInput{\"value\":\"0\"}"}]}
RESULT: undefined
COMMAND: POST /session/2eef3865f9633c585bb33c6ac0c7be86/execute/async - {"script":"<script> [1562 bytes]","args":[{"selector":{"id":"statesDialog--okBttnStatesDialog","searchOpenDialogs":true,"interaction":{"idSuffix":"BDI-content"}},"wdio_ui5_key":"statesDialogokBttnStatesDialog"}]}
RESULT: {"script":"<script> [1562 bytes]","args":[{"selector":{"id":"statesDialog--okBttnStatesDialog","searchOpenDialogs":true,"interaction":{"idSuffix":"BDI-content"}},"wdio_ui5_key":"statesDialogokBttnStatesDialog"}]}
RESULT: undefined
COMMAND: POST /session/2eef3865f9633c585bb33c6ac0c7be86/element - {"using":"xpath","value":"//*[@id=\"statesDialog--okBttnStatesDialog\"]"}
RESULT: {"using":"xpath","value":"//*[@id=\"statesDialog--okBttnStatesDialog\"]"}
COMMAND: POST /session/2eef3865f9633c585bb33c6ac0c7be86/element/f.38388B4EA542EE9F87EA90A6B1549037.d.D13BC39D00375542694BBEB832E30B34.e.29336/click - {}
RESULT: {}
COMMAND: GET /session/2eef3865f9633c585bb33c6ac0c7be86/screenshot - {}
RESULT: {}
COMMAND: POST /session/2eef3865f9633c585bb33c6ac0c7be86/element - {"using":"xpath","value":"//button[@data-kt=\"IssuingTableConfirmAllButton\"]"}
RESULT: {"using":"xpath","value":"//button[@data-kt=\"IssuingTableConfirmAllButton\"]"}
COMMAND: POST /session/2eef3865f9633c585bb33c6ac0c7be86/elements - {"using":"xpath","value":"//button[@data-kt=\"IssuingTableConfirmAllButton\"]"}
RESULT: {"using":"xpath","value":"//button[@data-kt=\"IssuingTableConfirmAllButton\"]"}
COMMAND: POST /session/2eef3865f9633c585bb33c6ac0c7be86/elements - {"using":"xpath","value":"//button[@data-kt=\"IssuingTableConfirmAllButton\"]"}
RESULT: {"using":"xpath","value":"//button[@data-kt=\"IssuingTableConfirmAllButton\"]"}
COMMAND: POST /session/2eef3865f9633c585bb33c6ac0c7be86/elements - {"using":"xpath","value":"//button[@data-kt=\"IssuingTableConfirmAllButton\"]"}
RESULT: {"using":"xpath","value":"//button[@data-kt=\"IssuingTableConfirmAllButton\"]"}
COMMAND: POST /session/2eef3865f9633c585bb33c6ac0c7be86/elements - {"using":"xpath","value":"//button[@data-kt=\"IssuingTableConfirmAllButton\"]"}
RESULT: {"using":"xpath","value":"//button[@data-kt=\"IssuingTableConfirmAllButton\"]"}
COMMAND: POST /session/2eef3865f9633c585bb33c6ac0c7be86/elements - {"using":"xpath","value":"//button[@data-kt=\"IssuingTableConfirmAllButton\"]"}
RESULT: {"using":"xpath","value":"//button[@data-kt=\"IssuingTableConfirmAllButton\"]"}
COMMAND: POST /session/2eef3865f9633c585bb33c6ac0c7be86/elements - {"using":"xpath","value":"//button[@data-kt=\"IssuingTableConfirmAllButton\"]"}
RESULT: {"using":"xpath","value":"//button[@data-kt=\"IssuingTableConfirmAllButton\"]"}
COMMAND: POST /session/2eef3865f9633c585bb33c6ac0c7be86/elements - {"using":"xpath","value":"//button[@data-kt=\"IssuingTableConfirmAllButton\"]"}
RESULT: {"using":"xpath","value":"//button[@data-kt=\"IssuingTableConfirmAllButton\"]"}
COMMAND: POST /session/2eef3865f9633c585bb33c6ac0c7be86/elements - {"using":"xpath","value":"//button[@data-kt=\"IssuingTableConfirmAllButton\"]"}
RESULT: {"using":"xpath","value":"//button[@data-kt=\"IssuingTableConfirmAllButton\"]"}
COMMAND: POST /session/2eef3865f9633c585bb33c6ac0c7be86/elements - {"using":"xpath","value":"//button[@data-kt=\"IssuingTableConfirmAllButton\"]"}
RESULT: {"using":"xpath","value":"//button[@data-kt=\"IssuingTableConfirmAllButton\"]"}
COMMAND: POST /session/2eef3865f9633c585bb33c6ac0c7be86/elements - {"using":"xpath","value":"//button[@data-kt=\"IssuingTableConfirmAllButton\"]"}
RESULT: {"using":"xpath","value":"//button[@data-kt=\"IssuingTableConfirmAllButton\"]"}
COMMAND: POST /session/2eef3865f9633c585bb33c6ac0c7be86/elements - {"using":"xpath","value":"//button[@data-kt=\"IssuingTableConfirmAllButton\"]"}
RESULT: {"using":"xpath","value":"//button[@data-kt=\"IssuingTableConfirmAllButton\"]"}
COMMAND: POST /session/2eef3865f9633c585bb33c6ac0c7be86/elements - {"using":"xpath","value":"//button[@data-kt=\"IssuingTableConfirmAllButton\"]"}
RESULT: {"using":"xpath","value":"//button[@data-kt=\"IssuingTableConfirmAllButton\"]"}
COMMAND: POST /session/2eef3865f9633c585bb33c6ac0c7be86/elements - {"using":"xpath","value":"//button[@data-kt=\"IssuingTableConfirmAllButton\"]"}
RESULT: {"using":"xpath","value":"//button[@data-kt=\"IssuingTableConfirmAllButton\"]"}
COMMAND: POST /session/2eef3865f9633c585bb33c6ac0c7be86/elements - {"using":"xpath","value":"//button[@data-kt=\"IssuingTableConfirmAllButton\"]"}
RESULT: {"using":"xpath","value":"//button[@data-kt=\"IssuingTableConfirmAllButton\"]"}
COMMAND: POST /session/2eef3865f9633c585bb33c6ac0c7be86/elements - {"using":"xpath","value":"//button[@data-kt=\"IssuingTableConfirmAllButton\"]"}
RESULT: {"using":"xpath","value":"//button[@data-kt=\"IssuingTableConfirmAllButton\"]"}
COMMAND: POST /session/2eef3865f9633c585bb33c6ac0c7be86/elements - {"using":"xpath","value":"//button[@data-kt=\"IssuingTableConfirmAllButton\"]"}
RESULT: {"using":"xpath","value":"//button[@data-kt=\"IssuingTableConfirmAllButton\"]"}
COMMAND: POST /session/2eef3865f9633c585bb33c6ac0c7be86/elements - {"using":"xpath","value":"//button[@data-kt=\"IssuingTableConfirmAllButton\"]"}
RESULT: {"using":"xpath","value":"//button[@data-kt=\"IssuingTableConfirmAllButton\"]"}
COMMAND: POST /session/2eef3865f9633c585bb33c6ac0c7be86/elements - {"using":"xpath","value":"//button[@data-kt=\"IssuingTableConfirmAllButton\"]"}
RESULT: {"using":"xpath","value":"//button[@data-kt=\"IssuingTableConfirmAllButton\"]"}
COMMAND: POST /session/2eef3865f9633c585bb33c6ac0c7be86/elements - {"using":"xpath","value":"//button[@data-kt=\"IssuingTableConfirmAllButton\"]"}
RESULT: {"using":"xpath","value":"//button[@data-kt=\"IssuingTableConfirmAllButton\"]"}
COMMAND: POST /session/2eef3865f9633c585bb33c6ac0c7be86/elements - {"using":"xpath","value":"//button[@data-kt=\"IssuingTableConfirmAllButton\"]"}
RESULT: {"using":"xpath","value":"//button[@data-kt=\"IssuingTableConfirmAllButton\"]"}
COMMAND: POST /session/2eef3865f9633c585bb33c6ac0c7be86/elements - {"using":"xpath","value":"//button[@data-kt=\"IssuingTableConfirmAllButton\"]"}
RESULT: {"using":"xpath","value":"//button[@data-kt=\"IssuingTableConfirmAllButton\"]"}
COMMAND: POST /session/2eef3865f9633c585bb33c6ac0c7be86/elements - {"using":"xpath","value":"//button[@data-kt=\"IssuingTableConfirmAllButton\"]"}
RESULT: {"using":"xpath","value":"//button[@data-kt=\"IssuingTableConfirmAllButton\"]"}
COMMAND: POST /session/2eef3865f9633c585bb33c6ac0c7be86/elements - {"using":"xpath","value":"//button[@data-kt=\"IssuingTableConfirmAllButton\"]"}
RESULT: {"using":"xpath","value":"//button[@data-kt=\"IssuingTableConfirmAllButton\"]"}
COMMAND: POST /session/2eef3865f9633c585bb33c6ac0c7be86/elements - {"using":"xpath","value":"//button[@data-kt=\"IssuingTableConfirmAllButton\"]"}
RESULT: {"using":"xpath","value":"//button[@data-kt=\"IssuingTableConfirmAllButton\"]"}
COMMAND: POST /session/2eef3865f9633c585bb33c6ac0c7be86/elements - {"using":"xpath","value":"//button[@data-kt=\"IssuingTableConfirmAllButton\"]"}
RESULT: {"using":"xpath","value":"//button[@data-kt=\"IssuingTableConfirmAllButton\"]"}
COMMAND: POST /session/2eef3865f9633c585bb33c6ac0c7be86/elements - {"using":"xpath","value":"//button[@data-kt=\"IssuingTableConfirmAllButton\"]"}
RESULT: {"using":"xpath","value":"//button[@data-kt=\"IssuingTableConfirmAllButton\"]"}
COMMAND: POST /session/2eef3865f9633c585bb33c6ac0c7be86/elements - {"using":"xpath","value":"//button[@data-kt=\"IssuingTableConfirmAllButton\"]"}
RESULT: {"using":"xpath","value":"//button[@data-kt=\"IssuingTableConfirmAllButton\"]"}
COMMAND: POST /session/2eef3865f9633c585bb33c6ac0c7be86/elements - {"using":"xpath","value":"//button[@data-kt=\"IssuingTableConfirmAllButton\"]"}
RESULT: {"using":"xpath","value":"//button[@data-kt=\"IssuingTableConfirmAllButton\"]"}
COMMAND: POST /session/2eef3865f9633c585bb33c6ac0c7be86/elements - {"using":"xpath","value":"//button[@data-kt=\"IssuingTableConfirmAllButton\"]"}
RESULT: {"using":"xpath","value":"//button[@data-kt=\"IssuingTableConfirmAllButton\"]"}
COMMAND: POST /session/2eef3865f9633c585bb33c6ac0c7be86/elements - {"using":"xpath","value":"//button[@data-kt=\"IssuingTableConfirmAllButton\"]"}
RESULT: {"using":"xpath","value":"//button[@data-kt=\"IssuingTableConfirmAllButton\"]"}
COMMAND: POST /session/2eef3865f9633c585bb33c6ac0c7be86/elements - {"using":"xpath","value":"//button[@data-kt=\"IssuingTableConfirmAllButton\"]"}
RESULT: {"using":"xpath","value":"//button[@data-kt=\"IssuingTableConfirmAllButton\"]"}
COMMAND: POST /session/2eef3865f9633c585bb33c6ac0c7be86/elements - {"using":"xpath","value":"//button[@data-kt=\"IssuingTableConfirmAllButton\"]"}
RESULT: {"using":"xpath","value":"//button[@data-kt=\"IssuingTableConfirmAllButton\"]"}
COMMAND: POST /session/2eef3865f9633c585bb33c6ac0c7be86/elements - {"using":"xpath","value":"//button[@data-kt=\"IssuingTableConfirmAllButton\"]"}
RESULT: {"using":"xpath","value":"//button[@data-kt=\"IssuingTableConfirmAllButton\"]"}
COMMAND: POST /session/2eef3865f9633c585bb33c6ac0c7be86/elements - {"using":"xpath","value":"//button[@data-kt=\"IssuingTableConfirmAllButton\"]"}
RESULT: {"using":"xpath","value":"//button[@data-kt=\"IssuingTableConfirmAllButton\"]"}
COMMAND: POST /session/2eef3865f9633c585bb33c6ac0c7be86/elements - {"using":"xpath","value":"//button[@data-kt=\"IssuingTableConfirmAllButton\"]"}
RESULT: {"using":"xpath","value":"//button[@data-kt=\"IssuingTableConfirmAllButton\"]"}
COMMAND: POST /session/2eef3865f9633c585bb33c6ac0c7be86/elements - {"using":"xpath","value":"//button[@data-kt=\"IssuingTableConfirmAllButton\"]"}
RESULT: {"using":"xpath","value":"//button[@data-kt=\"IssuingTableConfirmAllButton\"]"}
COMMAND: POST /session/2eef3865f9633c585bb33c6ac0c7be86/elements - {"using":"xpath","value":"//button[@data-kt=\"IssuingTableConfirmAllButton\"]"}
RESULT: {"using":"xpath","value":"//button[@data-kt=\"IssuingTableConfirmAllButton\"]"}
COMMAND: POST /session/2eef3865f9633c585bb33c6ac0c7be86/elements - {"using":"xpath","value":"//button[@data-kt=\"IssuingTableConfirmAllButton\"]"}
RESULT: {"using":"xpath","value":"//button[@data-kt=\"IssuingTableConfirmAllButton\"]"}
COMMAND: POST /session/2eef3865f9633c585bb33c6ac0c7be86/elements - {"using":"xpath","value":"//button[@data-kt=\"IssuingTableConfirmAllButton\"]"}
RESULT: {"using":"xpath","value":"//button[@data-kt=\"IssuingTableConfirmAllButton\"]"}
COMMAND: POST /session/2eef3865f9633c585bb33c6ac0c7be86/elements - {"using":"xpath","value":"//button[@data-kt=\"IssuingTableConfirmAllButton\"]"}
RESULT: {"using":"xpath","value":"//button[@data-kt=\"IssuingTableConfirmAllButton\"]"}
COMMAND: POST /session/2eef3865f9633c585bb33c6ac0c7be86/elements - {"using":"xpath","value":"//button[@data-kt=\"IssuingTableConfirmAllButton\"]"}
RESULT: {"using":"xpath","value":"//button[@data-kt=\"IssuingTableConfirmAllButton\"]"}
COMMAND: POST /session/2eef3865f9633c585bb33c6ac0c7be86/elements - {"using":"xpath","value":"//button[@data-kt=\"IssuingTableConfirmAllButton\"]"}
RESULT: {"using":"xpath","value":"//button[@data-kt=\"IssuingTableConfirmAllButton\"]"}
COMMAND: POST /session/2eef3865f9633c585bb33c6ac0c7be86/elements - {"using":"xpath","value":"//button[@data-kt=\"IssuingTableConfirmAllButton\"]"}
RESULT: {"using":"xpath","value":"//button[@data-kt=\"IssuingTableConfirmAllButton\"]"}
COMMAND: POST /session/2eef3865f9633c585bb33c6ac0c7be86/elements - {"using":"xpath","value":"//button[@data-kt=\"IssuingTableConfirmAllButton\"]"}
RESULT: {"using":"xpath","value":"//button[@data-kt=\"IssuingTableConfirmAllButton\"]"}
COMMAND: POST /session/2eef3865f9633c585bb33c6ac0c7be86/elements - {"using":"xpath","value":"//button[@data-kt=\"IssuingTableConfirmAllButton\"]"}
RESULT: {"using":"xpath","value":"//button[@data-kt=\"IssuingTableConfirmAllButton\"]"}
COMMAND: POST /session/2eef3865f9633c585bb33c6ac0c7be86/elements - {"using":"xpath","value":"//button[@data-kt=\"IssuingTableConfirmAllButton\"]"}
RESULT: {"using":"xpath","value":"//button[@data-kt=\"IssuingTableConfirmAllButton\"]"}
COMMAND: POST /session/2eef3865f9633c585bb33c6ac0c7be86/elements - {"using":"xpath","value":"//button[@data-kt=\"IssuingTableConfirmAllButton\"]"}
RESULT: {"using":"xpath","value":"//button[@data-kt=\"IssuingTableConfirmAllButton\"]"}
COMMAND: POST /session/2eef3865f9633c585bb33c6ac0c7be86/elements - {"using":"xpath","value":"//button[@data-kt=\"IssuingTableConfirmAllButton\"]"}
RESULT: {"using":"xpath","value":"//button[@data-kt=\"IssuingTableConfirmAllButton\"]"}
COMMAND: POST /session/2eef3865f9633c585bb33c6ac0c7be86/elements - {"using":"xpath","value":"//button[@data-kt=\"IssuingTableConfirmAllButton\"]"}
RESULT: {"using":"xpath","value":"//button[@data-kt=\"IssuingTableConfirmAllButton\"]"}
COMMAND: POST /session/2eef3865f9633c585bb33c6ac0c7be86/elements - {"using":"xpath","value":"//button[@data-kt=\"IssuingTableConfirmAllButton\"]"}
RESULT: {"using":"xpath","value":"//button[@data-kt=\"IssuingTableConfirmAllButton\"]"}
COMMAND: POST /session/2eef3865f9633c585bb33c6ac0c7be86/elements - {"using":"xpath","value":"//button[@data-kt=\"IssuingTableConfirmAllButton\"]"}
RESULT: {"using":"xpath","value":"//button[@data-kt=\"IssuingTableConfirmAllButton\"]"}
COMMAND: POST /session/2eef3865f9633c585bb33c6ac0c7be86/elements - {"using":"xpath","value":"//button[@data-kt=\"IssuingTableConfirmAllButton\"]"}
RESULT: {"using":"xpath","value":"//button[@data-kt=\"IssuingTableConfirmAllButton\"]"}
COMMAND: POST /session/2eef3865f9633c585bb33c6ac0c7be86/elements - {"using":"xpath","value":"//button[@data-kt=\"IssuingTableConfirmAllButton\"]"}
RESULT: {"using":"xpath","value":"//button[@data-kt=\"IssuingTableConfirmAllButton\"]"}
COMMAND: POST /session/2eef3865f9633c585bb33c6ac0c7be86/elements - {"using":"xpath","value":"//button[@data-kt=\"IssuingTableConfirmAllButton\"]"}
RESULT: {"using":"xpath","value":"//button[@data-kt=\"IssuingTableConfirmAllButton\"]"}
COMMAND: POST /session/2eef3865f9633c585bb33c6ac0c7be86/elements - {"using":"xpath","value":"//button[@data-kt=\"IssuingTableConfirmAllButton\"]"}
RESULT: {"using":"xpath","value":"//button[@data-kt=\"IssuingTableConfirmAllButton\"]"}
COMMAND: POST /session/2eef3865f9633c585bb33c6ac0c7be86/elements - {"using":"xpath","value":"//button[@data-kt=\"IssuingTableConfirmAllButton\"]"}
RESULT: {"using":"xpath","value":"//button[@data-kt=\"IssuingTableConfirmAllButton\"]"}
COMMAND: POST /session/2eef3865f9633c585bb33c6ac0c7be86/elements - {"using":"xpath","value":"//button[@data-kt=\"IssuingTableConfirmAllButton\"]"}
RESULT: {"using":"xpath","value":"//button[@data-kt=\"IssuingTableConfirmAllButton\"]"}
COMMAND: POST /session/2eef3865f9633c585bb33c6ac0c7be86/elements - {"using":"xpath","value":"//button[@data-kt=\"IssuingTableConfirmAllButton\"]"}
RESULT: {"using":"xpath","value":"//button[@data-kt=\"IssuingTableConfirmAllButton\"]"}
COMMAND: POST /session/2eef3865f9633c585bb33c6ac0c7be86/elements - {"using":"xpath","value":"//button[@data-kt=\"IssuingTableConfirmAllButton\"]"}
RESULT: {"using":"xpath","value":"//button[@data-kt=\"IssuingTableConfirmAllButton\"]"}
COMMAND: POST /session/2eef3865f9633c585bb33c6ac0c7be86/elements - {"using":"xpath","value":"//button[@data-kt=\"IssuingTableConfirmAllButton\"]"}
RESULT: {"using":"xpath","value":"//button[@data-kt=\"IssuingTableConfirmAllButton\"]"}
COMMAND: POST /session/2eef3865f9633c585bb33c6ac0c7be86/elements - {"using":"xpath","value":"//button[@data-kt=\"IssuingTableConfirmAllButton\"]"}
RESULT: {"using":"xpath","value":"//button[@data-kt=\"IssuingTableConfirmAllButton\"]"}
COMMAND: POST /session/2eef3865f9633c585bb33c6ac0c7be86/elements - {"using":"xpath","value":"//button[@data-kt=\"IssuingTableConfirmAllButton\"]"}
RESULT: {"using":"xpath","value":"//button[@data-kt=\"IssuingTableConfirmAllButton\"]"}
COMMAND: POST /session/2eef3865f9633c585bb33c6ac0c7be86/elements - {"using":"xpath","value":"//button[@data-kt=\"IssuingTableConfirmAllButton\"]"}
RESULT: {"using":"xpath","value":"//button[@data-kt=\"IssuingTableConfirmAllButton\"]"}
COMMAND: POST /session/2eef3865f9633c585bb33c6ac0c7be86/elements - {"using":"xpath","value":"//button[@data-kt=\"IssuingTableConfirmAllButton\"]"}
RESULT: {"using":"xpath","value":"//button[@data-kt=\"IssuingTableConfirmAllButton\"]"}
COMMAND: POST /session/2eef3865f9633c585bb33c6ac0c7be86/elements - {"using":"xpath","value":"//button[@data-kt=\"IssuingTableConfirmAllButton\"]"}
RESULT: {"using":"xpath","value":"//button[@data-kt=\"IssuingTableConfirmAllButton\"]"}
COMMAND: POST /session/2eef3865f9633c585bb33c6ac0c7be86/elements - {"using":"xpath","value":"//button[@data-kt=\"IssuingTableConfirmAllButton\"]"}
RESULT: {"using":"xpath","value":"//button[@data-kt=\"IssuingTableConfirmAllButton\"]"}
COMMAND: POST /session/2eef3865f9633c585bb33c6ac0c7be86/elements - {"using":"xpath","value":"//button[@data-kt=\"IssuingTableConfirmAllButton\"]"}
RESULT: {"using":"xpath","value":"//button[@data-kt=\"IssuingTableConfirmAllButton\"]"}
COMMAND: POST /session/2eef3865f9633c585bb33c6ac0c7be86/elements - {"using":"xpath","value":"//button[@data-kt=\"IssuingTableConfirmAllButton\"]"}
RESULT: {"using":"xpath","value":"//button[@data-kt=\"IssuingTableConfirmAllButton\"]"}
COMMAND: POST /session/2eef3865f9633c585bb33c6ac0c7be86/elements - {"using":"xpath","value":"//button[@data-kt=\"IssuingTableConfirmAllButton\"]"}
RESULT: {"using":"xpath","value":"//button[@data-kt=\"IssuingTableConfirmAllButton\"]"}
COMMAND: POST /session/2eef3865f9633c585bb33c6ac0c7be86/elements - {"using":"xpath","value":"//button[@data-kt=\"IssuingTableConfirmAllButton\"]"}
RESULT: {"using":"xpath","value":"//button[@data-kt=\"IssuingTableConfirmAllButton\"]"}
COMMAND: POST /session/2eef3865f9633c585bb33c6ac0c7be86/elements - {"using":"xpath","value":"//button[@data-kt=\"IssuingTableConfirmAllButton\"]"}
RESULT: {"using":"xpath","value":"//button[@data-kt=\"IssuingTableConfirmAllButton\"]"}
COMMAND: POST /session/2eef3865f9633c585bb33c6ac0c7be86/elements - {"using":"xpath","value":"//button[@data-kt=\"IssuingTableConfirmAllButton\"]"}
RESULT: {"using":"xpath","value":"//button[@data-kt=\"IssuingTableConfirmAllButton\"]"}
COMMAND: POST /session/2eef3865f9633c585bb33c6ac0c7be86/elements - {"using":"xpath","value":"//button[@data-kt=\"IssuingTableConfirmAllButton\"]"}
RESULT: {"using":"xpath","value":"//button[@data-kt=\"IssuingTableConfirmAllButton\"]"}
COMMAND: POST /session/2eef3865f9633c585bb33c6ac0c7be86/elements - {"using":"xpath","value":"//button[@data-kt=\"IssuingTableConfirmAllButton\"]"}
RESULT: {"using":"xpath","value":"//button[@data-kt=\"IssuingTableConfirmAllButton\"]"}
COMMAND: POST /session/2eef3865f9633c585bb33c6ac0c7be86/elements - {"using":"xpath","value":"//button[@data-kt=\"IssuingTableConfirmAllButton\"]"}
RESULT: {"using":"xpath","value":"//button[@data-kt=\"IssuingTableConfirmAllButton\"]"}
COMMAND: POST /session/2eef3865f9633c585bb33c6ac0c7be86/elements - {"using":"xpath","value":"//button[@data-kt=\"IssuingTableConfirmAllButton\"]"}
RESULT: {"using":"xpath","value":"//button[@data-kt=\"IssuingTableConfirmAllButton\"]"}
COMMAND: POST /session/2eef3865f9633c585bb33c6ac0c7be86/elements - {"using":"xpath","value":"//button[@data-kt=\"IssuingTableConfirmAllButton\"]"}
RESULT: {"using":"xpath","value":"//button[@data-kt=\"IssuingTableConfirmAllButton\"]"}
COMMAND: POST /session/2eef3865f9633c585bb33c6ac0c7be86/elements - {"using":"xpath","value":"//button[@data-kt=\"IssuingTableConfirmAllButton\"]"}
RESULT: {"using":"xpath","value":"//button[@data-kt=\"IssuingTableConfirmAllButton\"]"}
COMMAND: POST /session/2eef3865f9633c585bb33c6ac0c7be86/elements - {"using":"xpath","value":"//button[@data-kt=\"IssuingTableConfirmAllButton\"]"}
RESULT: {"using":"xpath","value":"//button[@data-kt=\"IssuingTableConfirmAllButton\"]"}
COMMAND: POST /session/2eef3865f9633c585bb33c6ac0c7be86/elements - {"using":"xpath","value":"//button[@data-kt=\"IssuingTableConfirmAllButton\"]"}
RESULT: {"using":"xpath","value":"//button[@data-kt=\"IssuingTableConfirmAllButton\"]"}
COMMAND: POST /session/2eef3865f9633c585bb33c6ac0c7be86/elements - {"using":"xpath","value":"//button[@data-kt=\"IssuingTableConfirmAllButton\"]"}
RESULT: {"using":"xpath","value":"//button[@data-kt=\"IssuingTableConfirmAllButton\"]"}
COMMAND: POST /session/2eef3865f9633c585bb33c6ac0c7be86/elements - {"using":"xpath","value":"//button[@data-kt=\"IssuingTableConfirmAllButton\"]"}
RESULT: {"using":"xpath","value":"//button[@data-kt=\"IssuingTableConfirmAllButton\"]"}
COMMAND: POST /session/2eef3865f9633c585bb33c6ac0c7be86/elements - {"using":"xpath","value":"//button[@data-kt=\"IssuingTableConfirmAllButton\"]"}
RESULT: {"using":"xpath","value":"//button[@data-kt=\"IssuingTableConfirmAllButton\"]"}
COMMAND: POST /session/2eef3865f9633c585bb33c6ac0c7be86/elements - {"using":"xpath","value":"//button[@data-kt=\"IssuingTableConfirmAllButton\"]"}
RESULT: {"using":"xpath","value":"//button[@data-kt=\"IssuingTableConfirmAllButton\"]"}
COMMAND: POST /session/2eef3865f9633c585bb33c6ac0c7be86/elements - {"using":"xpath","value":"//button[@data-kt=\"IssuingTableConfirmAllButton\"]"}
RESULT: {"using":"xpath","value":"//button[@data-kt=\"IssuingTableConfirmAllButton\"]"}
COMMAND: POST /session/2eef3865f9633c585bb33c6ac0c7be86/elements - {"using":"xpath","value":"//button[@data-kt=\"IssuingTableConfirmAllButton\"]"}
RESULT: {"using":"xpath","value":"//button[@data-kt=\"IssuingTableConfirmAllButton\"]"}
COMMAND: POST /session/2eef3865f9633c585bb33c6ac0c7be86/elements - {"using":"xpath","value":"//button[@data-kt=\"IssuingTableConfirmAllButton\"]"}
RESULT: {"using":"xpath","value":"//button[@data-kt=\"IssuingTableConfirmAllButton\"]"}
COMMAND: POST /session/2eef3865f9633c585bb33c6ac0c7be86/elements - {"using":"xpath","value":"//button[@data-kt=\"IssuingTableConfirmAllButton\"]"}
RESULT: {"using":"xpath","value":"//button[@data-kt=\"IssuingTableConfirmAllButton\"]"}
COMMAND: POST /session/2eef3865f9633c585bb33c6ac0c7be86/elements - {"using":"xpath","value":"//button[@data-kt=\"IssuingTableConfirmAllButton\"]"}
RESULT: {"using":"xpath","value":"//button[@data-kt=\"IssuingTableConfirmAllButton\"]"}
COMMAND: POST /session/2eef3865f9633c585bb33c6ac0c7be86/elements - {"using":"xpath","value":"//button[@data-kt=\"IssuingTableConfirmAllButton\"]"}
RESULT: {"using":"xpath","value":"//button[@data-kt=\"IssuingTableConfirmAllButton\"]"}
COMMAND: POST /session/2eef3865f9633c585bb33c6ac0c7be86/elements - {"using":"xpath","value":"//button[@data-kt=\"IssuingTableConfirmAllButton\"]"}
RESULT: {"using":"xpath","value":"//button[@data-kt=\"IssuingTableConfirmAllButton\"]"}
COMMAND: POST /session/2eef3865f9633c585bb33c6ac0c7be86/elements - {"using":"xpath","value":"//button[@data-kt=\"IssuingTableConfirmAllButton\"]"}
RESULT: {"using":"xpath","value":"//button[@data-kt=\"IssuingTableConfirmAllButton\"]"}
COMMAND: POST /session/2eef3865f9633c585bb33c6ac0c7be86/elements - {"using":"xpath","value":"//button[@data-kt=\"IssuingTableConfirmAllButton\"]"}
RESULT: {"using":"xpath","value":"//button[@data-kt=\"IssuingTableConfirmAllButton\"]"}
COMMAND: POST /session/2eef3865f9633c585bb33c6ac0c7be86/elements - {"using":"xpath","value":"//button[@data-kt=\"IssuingTableConfirmAllButton\"]"}
RESULT: {"using":"xpath","value":"//button[@data-kt=\"IssuingTableConfirmAllButton\"]"}
COMMAND: POST /session/2eef3865f9633c585bb33c6ac0c7be86/elements - {"using":"xpath","value":"//button[@data-kt=\"IssuingTableConfirmAllButton\"]"}
RESULT: {"using":"xpath","value":"//button[@data-kt=\"IssuingTableConfirmAllButton\"]"}
COMMAND: POST /session/2eef3865f9633c585bb33c6ac0c7be86/elements - {"using":"xpath","value":"//button[@data-kt=\"IssuingTableConfirmAllButton\"]"}
RESULT: {"using":"xpath","value":"//button[@data-kt=\"IssuingTableConfirmAllButton\"]"}
COMMAND: POST /session/2eef3865f9633c585bb33c6ac0c7be86/elements - {"using":"xpath","value":"//button[@data-kt=\"IssuingTableConfirmAllButton\"]"}
RESULT: {"using":"xpath","value":"//button[@data-kt=\"IssuingTableConfirmAllButton\"]"}
COMMAND: POST /session/2eef3865f9633c585bb33c6ac0c7be86/elements - {"using":"xpath","value":"//button[@data-kt=\"IssuingTableConfirmAllButton\"]"}
RESULT: {"using":"xpath","value":"//button[@data-kt=\"IssuingTableConfirmAllButton\"]"}
COMMAND: POST /session/2eef3865f9633c585bb33c6ac0c7be86/elements - {"using":"xpath","value":"//button[@data-kt=\"IssuingTableConfirmAllButton\"]"}
RESULT: {"using":"xpath","value":"//button[@data-kt=\"IssuingTableConfirmAllButton\"]"}
COMMAND: POST /session/2eef3865f9633c585bb33c6ac0c7be86/elements - {"using":"xpath","value":"//button[@data-kt=\"IssuingTableConfirmAllButton\"]"}
RESULT: {"using":"xpath","value":"//button[@data-kt=\"IssuingTableConfirmAllButton\"]"}
COMMAND: POST /session/2eef3865f9633c585bb33c6ac0c7be86/elements - {"using":"xpath","value":"//button[@data-kt=\"IssuingTableConfirmAllButton\"]"}
RESULT: {"using":"xpath","value":"//button[@data-kt=\"IssuingTableConfirmAllButton\"]"}
COMMAND: POST /session/2eef3865f9633c585bb33c6ac0c7be86/elements - {"using":"xpath","value":"//button[@data-kt=\"IssuingTableConfirmAllButton\"]"}
RESULT: {"using":"xpath","value":"//button[@data-kt=\"IssuingTableConfirmAllButton\"]"}
COMMAND: POST /session/2eef3865f9633c585bb33c6ac0c7be86/elements - {"using":"xpath","value":"//button[@data-kt=\"IssuingTableConfirmAllButton\"]"}
RESULT: {"using":"xpath","value":"//button[@data-kt=\"IssuingTableConfirmAllButton\"]"}
COMMAND: POST /session/2eef3865f9633c585bb33c6ac0c7be86/elements - {"using":"xpath","value":"//button[@data-kt=\"IssuingTableConfirmAllButton\"]"}
RESULT: {"using":"xpath","value":"//button[@data-kt=\"IssuingTableConfirmAllButton\"]"}
COMMAND: POST /session/2eef3865f9633c585bb33c6ac0c7be86/elements - {"using":"xpath","value":"//button[@data-kt=\"IssuingTableConfirmAllButton\"]"}
RESULT: {"using":"xpath","value":"//button[@data-kt=\"IssuingTableConfirmAllButton\"]"}
COMMAND: POST /session/2eef3865f9633c585bb33c6ac0c7be86/elements - {"using":"xpath","value":"//button[@data-kt=\"IssuingTableConfirmAllButton\"]"}
RESULT: {"using":"xpath","value":"//button[@data-kt=\"IssuingTableConfirmAllButton\"]"}
COMMAND: POST /session/2eef3865f9633c585bb33c6ac0c7be86/elements - {"using":"xpath","value":"//button[@data-kt=\"IssuingTableConfirmAllButton\"]"}
RESULT: {"using":"xpath","value":"//button[@data-kt=\"IssuingTableConfirmAllButton\"]"}
COMMAND: POST /session/2eef3865f9633c585bb33c6ac0c7be86/elements - {"using":"xpath","value":"//button[@data-kt=\"IssuingTableConfirmAllButton\"]"}
RESULT: {"using":"xpath","value":"//button[@data-kt=\"IssuingTableConfirmAllButton\"]"}
COMMAND: POST /session/2eef3865f9633c585bb33c6ac0c7be86/elements - {"using":"xpath","value":"//button[@data-kt=\"IssuingTableConfirmAllButton\"]"}
RESULT: {"using":"xpath","value":"//button[@data-kt=\"IssuingTableConfirmAllButton\"]"}
COMMAND: POST /session/2eef3865f9633c585bb33c6ac0c7be86/elements - {"using":"xpath","value":"//button[@data-kt=\"IssuingTableConfirmAllButton\"]"}
RESULT: {"using":"xpath","value":"//button[@data-kt=\"IssuingTableConfirmAllButton\"]"}
COMMAND: POST /session/2eef3865f9633c585bb33c6ac0c7be86/elements - {"using":"xpath","value":"//button[@data-kt=\"IssuingTableConfirmAllButton\"]"}
RESULT: {"using":"xpath","value":"//button[@data-kt=\"IssuingTableConfirmAllButton\"]"}
COMMAND: POST /session/2eef3865f9633c585bb33c6ac0c7be86/elements - {"using":"xpath","value":"//button[@data-kt=\"IssuingTableConfirmAllButton\"]"}
RESULT: {"using":"xpath","value":"//button[@data-kt=\"IssuingTableConfirmAllButton\"]"}
COMMAND: POST /session/2eef3865f9633c585bb33c6ac0c7be86/elements - {"using":"xpath","value":"//button[@data-kt=\"IssuingTableConfirmAllButton\"]"}
RESULT: {"using":"xpath","value":"//button[@data-kt=\"IssuingTableConfirmAllButton\"]"}
COMMAND: POST /session/2eef3865f9633c585bb33c6ac0c7be86/elements - {"using":"xpath","value":"//button[@data-kt=\"IssuingTableConfirmAllButton\"]"}
RESULT: {"using":"xpath","value":"//button[@data-kt=\"IssuingTableConfirmAllButton\"]"}
COMMAND: POST /session/2eef3865f9633c585bb33c6ac0c7be86/elements - {"using":"xpath","value":"//button[@data-kt=\"IssuingTableConfirmAllButton\"]"}
RESULT: {"using":"xpath","value":"//button[@data-kt=\"IssuingTableConfirmAllButton\"]"}
COMMAND: POST /session/2eef3865f9633c585bb33c6ac0c7be86/elements - {"using":"xpath","value":"//button[@data-kt=\"IssuingTableConfirmAllButton\"]"}
RESULT: {"using":"xpath","value":"//button[@data-kt=\"IssuingTableConfirmAllButton\"]"}
COMMAND: POST /session/2eef3865f9633c585bb33c6ac0c7be86/elements - {"using":"xpath","value":"//button[@data-kt=\"IssuingTableConfirmAllButton\"]"}
RESULT: {"using":"xpath","value":"//button[@data-kt=\"IssuingTableConfirmAllButton\"]"}
COMMAND: POST /session/2eef3865f9633c585bb33c6ac0c7be86/elements - {"using":"xpath","value":"//button[@data-kt=\"IssuingTableConfirmAllButton\"]"}
RESULT: {"using":"xpath","value":"//button[@data-kt=\"IssuingTableConfirmAllButton\"]"}
COMMAND: POST /session/2eef3865f9633c585bb33c6ac0c7be86/elements - {"using":"xpath","value":"//button[@data-kt=\"IssuingTableConfirmAllButton\"]"}
RESULT: {"using":"xpath","value":"//button[@data-kt=\"IssuingTableConfirmAllButton\"]"}
COMMAND: POST /session/2eef3865f9633c585bb33c6ac0c7be86/elements - {"using":"xpath","value":"//button[@data-kt=\"IssuingTableConfirmAllButton\"]"}
RESULT: {"using":"xpath","value":"//button[@data-kt=\"IssuingTableConfirmAllButton\"]"}
COMMAND: POST /session/2eef3865f9633c585bb33c6ac0c7be86/elements - {"using":"xpath","value":"//button[@data-kt=\"IssuingTableConfirmAllButton\"]"}
COMMAND: GET /session/2eef3865f9633c585bb33c6ac0c7be86/screenshot - {}
RESULT: {"using":"xpath","value":"//button[@data-kt=\"IssuingTableConfirmAllButton\"]"}
RESULT: {}
COMMAND: GET /session/2eef3865f9633c585bb33c6ac0c7be86/screenshot - {}
COMMAND: GET /session/2eef3865f9633c585bb33c6ac0c7be86/screenshot - {}
RESULT: {}
RESULT: {}
COMMAND: DELETE /session/2eef3865f9633c585bb33c6ac0c7be86 - {}
RESULT: {}
]]></system-out>
      <system-err><![CDATA[
Error: Can't call click on element with selector "//button[@data-kt="IssuingTableConfirmAllButton"]" because element wasn't found
    at async Context.<anonymous> (D:\a\1\s\test\specs\HTR\transfer-yard-to-yard.spec.js:200:9)
]]></system-err>
    </testcase>
  </testsuite>
</testsuites>