<?xml version="1.0" encoding="UTF-8"?>
<testsuites tests="76" failures="33" errors="33" skipped="0">
  <testsuite timestamp="2025-05-02T05:38:46" time="97.148" tests="1" failures="0" errors="0" skipped="0">
    <properties>
      <property name="specId" value="0" />
      <property name="suiteName" value="US104422 Create new bin &amp; section - select nothing " />
      <property name="capabilities" value="chrome.135_0_7049_96.windows" />
      <property name="file" value="file:///D:/a/1/s/test/specs/HTR/create-bin.spec.js" />
    </properties>
    <testcase classname="chrome.135_0_7049_96.windows.US104422_Create_new_bin_&amp;_section_-_select_nothing_" name="Create new bin section" time="66.343">
      <system-out><![CDATA[
COMMAND: POST /session/3637353f0f0366f06ffc96bdd6dcca04/element - {"using":"xpath","value":"//div[text()='Warehouse']"}
RESULT: {"using":"xpath","value":"//div[text()='Warehouse']"}
COMMAND: POST /session/3637353f0f0366f06ffc96bdd6dcca04/elements - {"using":"xpath","value":"//div[text()='Warehouse']"}
RESULT: {"using":"xpath","value":"//div[text()='Warehouse']"}
COMMAND: POST /session/3637353f0f0366f06ffc96bdd6dcca04/element/f.FA5AA6ACA71DB73EA77ABAF269C4B101.d.35D5880C25B1067708EC6D74EE585981.e.117/click - {}
RESULT: {}
COMMAND: POST /session/3637353f0f0366f06ffc96bdd6dcca04/execute/async - {"script":"<script> [1562 bytes]","args":[{"selector":{"controlType":"sap.m.GenericTile","properties":{"header":"Bin Status Report"}},"wdio_ui5_key":"sapm.GenericTile{\"header\":\"Bin Status Report\"}"}]}
COMMAND: GET /session/3637353f0f0366f06ffc96bdd6dcca04/screenshot - {}
RESULT: {"script":"<script> [1562 bytes]","args":[{"selector":{"controlType":"sap.m.GenericTile","properties":{"header":"Bin Status Report"}},"wdio_ui5_key":"sapm.GenericTile{\"header\":\"Bin Status Report\"}"}]}
RESULT: undefined
COMMAND: POST /session/3637353f0f0366f06ffc96bdd6dcca04/element - {"using":"xpath","value":"//*[@id=\"__tile104\"]"}
RESULT: {}
RESULT: {"using":"xpath","value":"//*[@id=\"__tile104\"]"}
COMMAND: POST /session/3637353f0f0366f06ffc96bdd6dcca04/element/f.FA5AA6ACA71DB73EA77ABAF269C4B101.d.35D5880C25B1067708EC6D74EE585981.e.120/click - {}
RESULT: {}
COMMAND: GET /session/3637353f0f0366f06ffc96bdd6dcca04/screenshot - {}
RESULT: {}
COMMAND: POST /session/3637353f0f0366f06ffc96bdd6dcca04/element - {"using":"xpath","value":"//bdi[text()='Create New Organization']"}
RESULT: {"using":"xpath","value":"//bdi[text()='Create New Organization']"}
COMMAND: POST /session/3637353f0f0366f06ffc96bdd6dcca04/elements - {"using":"xpath","value":"//bdi[text()='Create New Organization']"}
RESULT: {"using":"xpath","value":"//bdi[text()='Create New Organization']"}
COMMAND: POST /session/3637353f0f0366f06ffc96bdd6dcca04/elements - {"using":"xpath","value":"//bdi[text()='Create New Organization']"}
RESULT: {"using":"xpath","value":"//bdi[text()='Create New Organization']"}
COMMAND: POST /session/3637353f0f0366f06ffc96bdd6dcca04/elements - {"using":"xpath","value":"//bdi[text()='Create New Organization']"}
RESULT: {"using":"xpath","value":"//bdi[text()='Create New Organization']"}
COMMAND: POST /session/3637353f0f0366f06ffc96bdd6dcca04/elements - {"using":"xpath","value":"//bdi[text()='Create New Organization']"}
RESULT: {"using":"xpath","value":"//bdi[text()='Create New Organization']"}
COMMAND: POST /session/3637353f0f0366f06ffc96bdd6dcca04/elements - {"using":"xpath","value":"//bdi[text()='Create New Organization']"}
RESULT: {"using":"xpath","value":"//bdi[text()='Create New Organization']"}
COMMAND: POST /session/3637353f0f0366f06ffc96bdd6dcca04/elements - {"using":"xpath","value":"//bdi[text()='Create New Organization']"}
RESULT: {"using":"xpath","value":"//bdi[text()='Create New Organization']"}
COMMAND: POST /session/3637353f0f0366f06ffc96bdd6dcca04/elements - {"using":"xpath","value":"//bdi[text()='Create New Organization']"}
RESULT: {"using":"xpath","value":"//bdi[text()='Create New Organization']"}
COMMAND: POST /session/3637353f0f0366f06ffc96bdd6dcca04/elements - {"using":"xpath","value":"//bdi[text()='Create New Organization']"}
RESULT: {"using":"xpath","value":"//bdi[text()='Create New Organization']"}
COMMAND: POST /session/3637353f0f0366f06ffc96bdd6dcca04/elements - {"using":"xpath","value":"//bdi[text()='Create New Organization']"}
RESULT: {"using":"xpath","value":"//bdi[text()='Create New Organization']"}
COMMAND: POST /session/3637353f0f0366f06ffc96bdd6dcca04/elements - {"using":"xpath","value":"//bdi[text()='Create New Organization']"}
RESULT: {"using":"xpath","value":"//bdi[text()='Create New Organization']"}
COMMAND: POST /session/3637353f0f0366f06ffc96bdd6dcca04/elements - {"using":"xpath","value":"//bdi[text()='Create New Organization']"}
RESULT: {"using":"xpath","value":"//bdi[text()='Create New Organization']"}
COMMAND: POST /session/3637353f0f0366f06ffc96bdd6dcca04/elements - {"using":"xpath","value":"//bdi[text()='Create New Organization']"}
RESULT: {"using":"xpath","value":"//bdi[text()='Create New Organization']"}
COMMAND: POST /session/3637353f0f0366f06ffc96bdd6dcca04/elements - {"using":"xpath","value":"//bdi[text()='Create New Organization']"}
RESULT: {"using":"xpath","value":"//bdi[text()='Create New Organization']"}
COMMAND: POST /session/3637353f0f0366f06ffc96bdd6dcca04/elements - {"using":"xpath","value":"//bdi[text()='Create New Organization']"}
RESULT: {"using":"xpath","value":"//bdi[text()='Create New Organization']"}
COMMAND: POST /session/3637353f0f0366f06ffc96bdd6dcca04/elements - {"using":"xpath","value":"//bdi[text()='Create New Organization']"}
RESULT: {"using":"xpath","value":"//bdi[text()='Create New Organization']"}
COMMAND: POST /session/3637353f0f0366f06ffc96bdd6dcca04/elements - {"using":"xpath","value":"//bdi[text()='Create New Organization']"}
RESULT: {"using":"xpath","value":"//bdi[text()='Create New Organization']"}
COMMAND: POST /session/3637353f0f0366f06ffc96bdd6dcca04/elements - {"using":"xpath","value":"//bdi[text()='Create New Organization']"}
RESULT: {"using":"xpath","value":"//bdi[text()='Create New Organization']"}
COMMAND: POST /session/3637353f0f0366f06ffc96bdd6dcca04/elements - {"using":"xpath","value":"//bdi[text()='Create New Organization']"}
RESULT: {"using":"xpath","value":"//bdi[text()='Create New Organization']"}
COMMAND: POST /session/3637353f0f0366f06ffc96bdd6dcca04/elements - {"using":"xpath","value":"//bdi[text()='Create New Organization']"}
RESULT: {"using":"xpath","value":"//bdi[text()='Create New Organization']"}
COMMAND: POST /session/3637353f0f0366f06ffc96bdd6dcca04/elements - {"using":"xpath","value":"//bdi[text()='Create New Organization']"}
RESULT: {"using":"xpath","value":"//bdi[text()='Create New Organization']"}
COMMAND: POST /session/3637353f0f0366f06ffc96bdd6dcca04/elements - {"using":"xpath","value":"//bdi[text()='Create New Organization']"}
RESULT: {"using":"xpath","value":"//bdi[text()='Create New Organization']"}
COMMAND: POST /session/3637353f0f0366f06ffc96bdd6dcca04/elements - {"using":"xpath","value":"//bdi[text()='Create New Organization']"}
RESULT: {"using":"xpath","value":"//bdi[text()='Create New Organization']"}
COMMAND: POST /session/3637353f0f0366f06ffc96bdd6dcca04/elements - {"using":"xpath","value":"//bdi[text()='Create New Organization']"}
RESULT: {"using":"xpath","value":"//bdi[text()='Create New Organization']"}
COMMAND: POST /session/3637353f0f0366f06ffc96bdd6dcca04/elements - {"using":"xpath","value":"//bdi[text()='Create New Organization']"}
RESULT: {"using":"xpath","value":"//bdi[text()='Create New Organization']"}
COMMAND: POST /session/3637353f0f0366f06ffc96bdd6dcca04/elements - {"using":"xpath","value":"//bdi[text()='Create New Organization']"}
RESULT: {"using":"xpath","value":"//bdi[text()='Create New Organization']"}
COMMAND: POST /session/3637353f0f0366f06ffc96bdd6dcca04/elements - {"using":"xpath","value":"//bdi[text()='Create New Organization']"}
RESULT: {"using":"xpath","value":"//bdi[text()='Create New Organization']"}
COMMAND: POST /session/3637353f0f0366f06ffc96bdd6dcca04/element - {"using":"xpath","value":"//bdi[text()='Create New Organization']"}
RESULT: {"using":"xpath","value":"//bdi[text()='Create New Organization']"}
COMMAND: GET /session/3637353f0f0366f06ffc96bdd6dcca04/element/f.FA5AA6ACA71DB73EA77ABAF269C4B101.d.35D5880C25B1067708EC6D74EE585981.e.157/enabled - {}
RESULT: {}
COMMAND: POST /session/3637353f0f0366f06ffc96bdd6dcca04/execute/sync - {"script":"<script> [8489 bytes]","args":[{"element-6066-11e4-a52e-4f735466cecf":"f.FA5AA6ACA71DB73EA77ABAF269C4B101.d.35D5880C25B1067708EC6D74EE585981.e.157","ELEMENT":"f.FA5AA6ACA71DB73EA77ABAF269C4B101.d.35D5880C25B1067708EC6D74EE585981.e.157"}]}
COMMAND: GET /session/3637353f0f0366f06ffc96bdd6dcca04/screenshot - {}
RESULT: {"script":"<script> [8489 bytes]","args":[{"element-6066-11e4-a52e-4f735466cecf":"f.FA5AA6ACA71DB73EA77ABAF269C4B101.d.35D5880C25B1067708EC6D74EE585981.e.157","ELEMENT":"f.FA5AA6ACA71DB73EA77ABAF269C4B101.d.35D5880C25B1067708EC6D74EE585981.e.157"}]}
COMMAND: POST /session/3637353f0f0366f06ffc96bdd6dcca04/execute/sync - {"script":"<script> [5351 bytes]","args":[{"element-6066-11e4-a52e-4f735466cecf":"f.FA5AA6ACA71DB73EA77ABAF269C4B101.d.35D5880C25B1067708EC6D74EE585981.e.157","ELEMENT":"f.FA5AA6ACA71DB73EA77ABAF269C4B101.d.35D5880C25B1067708EC6D74EE585981.e.157"}]}
COMMAND: GET /session/3637353f0f0366f06ffc96bdd6dcca04/screenshot - {}
RESULT: {}
RESULT: {"script":"<script> [5351 bytes]","args":[{"element-6066-11e4-a52e-4f735466cecf":"f.FA5AA6ACA71DB73EA77ABAF269C4B101.d.35D5880C25B1067708EC6D74EE585981.e.157","ELEMENT":"f.FA5AA6ACA71DB73EA77ABAF269C4B101.d.35D5880C25B1067708EC6D74EE585981.e.157"}]}
COMMAND: POST /session/3637353f0f0366f06ffc96bdd6dcca04/element/f.FA5AA6ACA71DB73EA77ABAF269C4B101.d.35D5880C25B1067708EC6D74EE585981.e.157/click - {}
COMMAND: GET /session/3637353f0f0366f06ffc96bdd6dcca04/screenshot - {}
RESULT: {}
RESULT: {}
COMMAND: POST /session/3637353f0f0366f06ffc96bdd6dcca04/execute/async - {"script":"<script> [1562 bytes]","args":[{"selector":{"id":"createOrganizationPop--sectionInput","searchOpenDialogs":true,"interaction":{"idSuffix":"inner"}},"wdio_ui5_key":"createOrganizationPopsectionInput"}]}
RESULT: {}
COMMAND: GET /session/3637353f0f0366f06ffc96bdd6dcca04/screenshot - {}
RESULT: {"script":"<script> [1562 bytes]","args":[{"selector":{"id":"createOrganizationPop--sectionInput","searchOpenDialogs":true,"interaction":{"idSuffix":"inner"}},"wdio_ui5_key":"createOrganizationPopsectionInput"}]}
RESULT: undefined
COMMAND: POST /session/3637353f0f0366f06ffc96bdd6dcca04/execute/async - {"script":"<script> [776 bytes]","args":[{"enterText":"WHImdkz93wmr4hxvwmxuc9y5egxb79kgyl4i7odq55bbcws3pec9aosopdasrny5ujr5k3i5v2rzqtgvi1a6xwhccnisjv16fra7jhyd98grurra3gi5yvr7at3a2n0per93uv8w9ft7z2zpqaif8zp8ohlvx8rwa302bfyhgu5jhkigb5sfvx7fu7f7krau7oiu7nmq ... (803 more bytes)","selector":{"id":"createOrganizationPop--sectionInput","searchOpenDialogs":true,"interaction":{"idSuffix":"inner"}},"clearTextFirst":true,"interactionType":"ENTER_TEXT"}]}
RESULT: {}
RESULT: {"script":"<script> [776 bytes]","args":[{"enterText":"WHImdkz93wmr4hxvwmxuc9y5egxb79kgyl4i7odq55bbcws3pec9aosopdasrny5ujr5k3i5v2rzqtgvi1a6xwhccnisjv16fra7jhyd98grurra3gi5yvr7at3a2n0per93uv8w9ft7z2zpqaif8zp8ohlvx8rwa302bfyhgu5jhkigb5sfvx7fu7f7krau7oiu7nmq ... (803 more bytes)","selector":{"id":"createOrganizationPop--sectionInput","searchOpenDialogs":true,"interaction":{"idSuffix":"inner"}},"clearTextFirst":true,"interactionType":"ENTER_TEXT"}]}
COMMAND: POST /session/3637353f0f0366f06ffc96bdd6dcca04/execute/async - {"script":"<script> [1562 bytes]","args":[{"selector":{"id":"createOrganizationPop--descriptionInput","searchOpenDialogs":true,"interaction":{"idSuffix":"inner"}},"wdio_ui5_key":"createOrganizationPopdescriptionInput"}]}
RESULT: {"script":"<script> [1562 bytes]","args":[{"selector":{"id":"createOrganizationPop--descriptionInput","searchOpenDialogs":true,"interaction":{"idSuffix":"inner"}},"wdio_ui5_key":"createOrganizationPopdescriptionInput"}]}
RESULT: undefined
COMMAND: POST /session/3637353f0f0366f06ffc96bdd6dcca04/execute/async - {"script":"<script> [776 bytes]","args":[{"enterText":"WHImdkz93wmr4hxvwmxuc9y5egxb79kgyl4i7odq55bbcws3pec9aosopdasrny5ujr5k3i5v2rzqtgvi1a6xwhccnisjv16fra7jhyd98grurra3gi5yvr7at3a2n0per93uv8w9ft7z2zpqaif8zp8ohlvx8rwa302bfyhgu5jhkigb5sfvx7fu7f7krau7oiu7nmq ... (803 more bytes)","selector":{"id":"createOrganizationPop--descriptionInput","searchOpenDialogs":true,"interaction":{"idSuffix":"inner"}},"clearTextFirst":true,"interactionType":"ENTER_TEXT"}]}
RESULT: {"script":"<script> [776 bytes]","args":[{"enterText":"WHImdkz93wmr4hxvwmxuc9y5egxb79kgyl4i7odq55bbcws3pec9aosopdasrny5ujr5k3i5v2rzqtgvi1a6xwhccnisjv16fra7jhyd98grurra3gi5yvr7at3a2n0per93uv8w9ft7z2zpqaif8zp8ohlvx8rwa302bfyhgu5jhkigb5sfvx7fu7f7krau7oiu7nmq ... (803 more bytes)","selector":{"id":"createOrganizationPop--descriptionInput","searchOpenDialogs":true,"interaction":{"idSuffix":"inner"}},"clearTextFirst":true,"interactionType":"ENTER_TEXT"}]}
COMMAND: POST /session/3637353f0f0366f06ffc96bdd6dcca04/element - {"using":"css selector","value":"#createOrganizationPop--yardOrg-inner"}
RESULT: {"using":"css selector","value":"#createOrganizationPop--yardOrg-inner"}
COMMAND: POST /session/3637353f0f0366f06ffc96bdd6dcca04/element/f.FA5AA6ACA71DB73EA77ABAF269C4B101.d.35D5880C25B1067708EC6D74EE585981.e.164/clear - {}
RESULT: {}
COMMAND: POST /session/3637353f0f0366f06ffc96bdd6dcca04/element/f.FA5AA6ACA71DB73EA77ABAF269C4B101.d.35D5880C25B1067708EC6D74EE585981.e.164/value - {"text":"WHM"}
COMMAND: GET /session/3637353f0f0366f06ffc96bdd6dcca04/screenshot - {}
RESULT: {"text":"WHM"}
COMMAND: GET /session/3637353f0f0366f06ffc96bdd6dcca04/screenshot - {}
RESULT: {}
RESULT: {}
COMMAND: POST /session/3637353f0f0366f06ffc96bdd6dcca04/actions - {"actions":[{"id":"action1","type":"key","parameters":{},"actions":[{"type":"keyDown","value":"î€‡"},{"type":"pause","duration":10},{"type":"keyUp","value":"î€‡"}]}]}
RESULT: {"actions":[{"id":"action1","type":"key","parameters":{},"actions":[{"type":"keyDown","value":"î€‡"},{"type":"pause","duration":10},{"type":"keyUp","value":"î€‡"}]}]}
COMMAND: POST /session/3637353f0f0366f06ffc96bdd6dcca04/execute/async - {"script":"<script> [1562 bytes]","args":[{"selector":{"id":"createOrganizationPop--grZone","searchOpenDialogs":true,"interaction":{"idSuffix":"CbBg"}},"wdio_ui5_key":"createOrganizationPopgrZone"}]}
COMMAND: GET /session/3637353f0f0366f06ffc96bdd6dcca04/screenshot - {}
RESULT: {"script":"<script> [1562 bytes]","args":[{"selector":{"id":"createOrganizationPop--grZone","searchOpenDialogs":true,"interaction":{"idSuffix":"CbBg"}},"wdio_ui5_key":"createOrganizationPopgrZone"}]}
RESULT: undefined
COMMAND: POST /session/3637353f0f0366f06ffc96bdd6dcca04/element - {"using":"xpath","value":"//*[@id=\"createOrganizationPop--grZone\"]"}
RESULT: {}
RESULT: {"using":"xpath","value":"//*[@id=\"createOrganizationPop--grZone\"]"}
COMMAND: POST /session/3637353f0f0366f06ffc96bdd6dcca04/element/f.FA5AA6ACA71DB73EA77ABAF269C4B101.d.35D5880C25B1067708EC6D74EE585981.e.220/click - {}
RESULT: {}
COMMAND: POST /session/3637353f0f0366f06ffc96bdd6dcca04/execute/async - {"script":"<script> [1562 bytes]","args":[{"selector":{"id":"createOrganizationPop--giZone","searchOpenDialogs":true,"interaction":{"idSuffix":"CbBg"}},"wdio_ui5_key":"createOrganizationPopgiZone"}]}
COMMAND: GET /session/3637353f0f0366f06ffc96bdd6dcca04/screenshot - {}
RESULT: {"script":"<script> [1562 bytes]","args":[{"selector":{"id":"createOrganizationPop--giZone","searchOpenDialogs":true,"interaction":{"idSuffix":"CbBg"}},"wdio_ui5_key":"createOrganizationPopgiZone"}]}
RESULT: undefined
COMMAND: POST /session/3637353f0f0366f06ffc96bdd6dcca04/element - {"using":"xpath","value":"//*[@id=\"createOrganizationPop--giZone\"]"}
RESULT: {}
RESULT: {"using":"xpath","value":"//*[@id=\"createOrganizationPop--giZone\"]"}
COMMAND: POST /session/3637353f0f0366f06ffc96bdd6dcca04/element/f.FA5AA6ACA71DB73EA77ABAF269C4B101.d.35D5880C25B1067708EC6D74EE585981.e.222/click - {}
RESULT: {}
COMMAND: POST /session/3637353f0f0366f06ffc96bdd6dcca04/execute/async - {"script":"<script> [1562 bytes]","args":[{"selector":{"id":"createOrganizationPop--binNoInput","searchOpenDialogs":true,"interaction":{"idSuffix":"inner"}},"wdio_ui5_key":"createOrganizationPopbinNoInput"}]}
COMMAND: GET /session/3637353f0f0366f06ffc96bdd6dcca04/screenshot - {}
RESULT: {"script":"<script> [1562 bytes]","args":[{"selector":{"id":"createOrganizationPop--binNoInput","searchOpenDialogs":true,"interaction":{"idSuffix":"inner"}},"wdio_ui5_key":"createOrganizationPopbinNoInput"}]}
RESULT: undefined
COMMAND: POST /session/3637353f0f0366f06ffc96bdd6dcca04/execute/async - {"script":"<script> [776 bytes]","args":[{"enterText":"Bin-Wd","selector":{"id":"createOrganizationPop--binNoInput","searchOpenDialogs":true,"interaction":{"idSuffix":"inner"}},"clearTextFirst":true,"interactionType":"ENTER_TEXT"}]}
RESULT: {}
RESULT: {"script":"<script> [776 bytes]","args":[{"enterText":"Bin-Wd","selector":{"id":"createOrganizationPop--binNoInput","searchOpenDialogs":true,"interaction":{"idSuffix":"inner"}},"clearTextFirst":true,"interactionType":"ENTER_TEXT"}]}
COMMAND: POST /session/3637353f0f0366f06ffc96bdd6dcca04/execute/async - {"script":"<script> [1562 bytes]","args":[{"selector":{"id":"createOrganizationPop--descriptionId","searchOpenDialogs":true,"interaction":{"idSuffix":"inner"}},"wdio_ui5_key":"createOrganizationPopdescriptionId"}]}
RESULT: {"script":"<script> [1562 bytes]","args":[{"selector":{"id":"createOrganizationPop--descriptionId","searchOpenDialogs":true,"interaction":{"idSuffix":"inner"}},"wdio_ui5_key":"createOrganizationPopdescriptionId"}]}
RESULT: undefined
COMMAND: POST /session/3637353f0f0366f06ffc96bdd6dcca04/execute/async - {"script":"<script> [776 bytes]","args":[{"enterText":"Shipping-Wd","selector":{"id":"createOrganizationPop--descriptionId","searchOpenDialogs":true,"interaction":{"idSuffix":"inner"}},"clearTextFirst":true,"interactionType":"ENTER_TEXT"}]}
RESULT: {"script":"<script> [776 bytes]","args":[{"enterText":"Shipping-Wd","selector":{"id":"createOrganizationPop--descriptionId","searchOpenDialogs":true,"interaction":{"idSuffix":"inner"}},"clearTextFirst":true,"interactionType":"ENTER_TEXT"}]}
COMMAND: POST /session/3637353f0f0366f06ffc96bdd6dcca04/execute/async - {"script":"<script> [1562 bytes]","args":[{"selector":{"controlType":"sap.m.CheckBox","viewName":"etm.portal.ui.binstatusreport.view.MasterWareBins","viewId":"application-binstatusreport-display-component---warehousing","bindingPath":{"path":"","propertyPath":"/ZONE","modelName":"newBin"},"searchOpenDialogs":true,"interaction":{"idSuffix":"CbBg"}},"wdio_ui5_key":"etmportal.ui.binstatusreport.view.MasterWareBinssap.m.CheckBox{\"path\":\"\",\"propertyPath\":\"/ZONE\",\"modelName\":\"newBin\"}"}]}
RESULT: {"script":"<script> [1562 bytes]","args":[{"selector":{"controlType":"sap.m.CheckBox","viewName":"etm.portal.ui.binstatusreport.view.MasterWareBins","viewId":"application-binstatusreport-display-component---warehousing","bindingPath":{"path":"","propertyPath":"/ZONE","modelName":"newBin"},"searchOpenDialogs":true,"interaction":{"idSuffix":"CbBg"}},"wdio_ui5_key":"etmportal.ui.binstatusreport.view.MasterWareBinssap.m.CheckBox{\"path\":\"\",\"propertyPath\":\"/ZONE\",\"modelName\":\"newBin\"}"}]}
RESULT: undefined
COMMAND: POST /session/3637353f0f0366f06ffc96bdd6dcca04/element - {"using":"xpath","value":"//*[@id=\"__box12\"]"}
RESULT: {"using":"xpath","value":"//*[@id=\"__box12\"]"}
COMMAND: POST /session/3637353f0f0366f06ffc96bdd6dcca04/element/f.FA5AA6ACA71DB73EA77ABAF269C4B101.d.35D5880C25B1067708EC6D74EE585981.e.226/click - {}
RESULT: {}
COMMAND: POST /session/3637353f0f0366f06ffc96bdd6dcca04/execute/async - {"script":"<script> [1562 bytes]","args":[{"selector":{"id":"createOrganizationPop--binTypesCB-arrow","searchOpenDialogs":true},"wdio_ui5_key":"createOrganizationPopbinTypesCB-arrow"}]}
COMMAND: GET /session/3637353f0f0366f06ffc96bdd6dcca04/screenshot - {}
RESULT: {}
RESULT: {"script":"<script> [1562 bytes]","args":[{"selector":{"id":"createOrganizationPop--binTypesCB-arrow","searchOpenDialogs":true},"wdio_ui5_key":"createOrganizationPopbinTypesCB-arrow"}]}
RESULT: undefined
COMMAND: POST /session/3637353f0f0366f06ffc96bdd6dcca04/element - {"using":"xpath","value":"//*[@id=\"createOrganizationPop--binTypesCB-arrow\"]"}
RESULT: {"using":"xpath","value":"//*[@id=\"createOrganizationPop--binTypesCB-arrow\"]"}
COMMAND: POST /session/3637353f0f0366f06ffc96bdd6dcca04/element/f.FA5AA6ACA71DB73EA77ABAF269C4B101.d.35D5880C25B1067708EC6D74EE585981.e.232/click - {}
RESULT: {}
COMMAND: POST /session/3637353f0f0366f06ffc96bdd6dcca04/execute/async - {"script":"<script> [1562 bytes]","args":[{"selector":{"id":"createOrganizationPop--binTypesCB","searchOpenDialogs":true,"interaction":{"idSuffix":"inner"}},"wdio_ui5_key":"createOrganizationPopbinTypesCB"}]}
COMMAND: GET /session/3637353f0f0366f06ffc96bdd6dcca04/screenshot - {}
RESULT: {"script":"<script> [1562 bytes]","args":[{"selector":{"id":"createOrganizationPop--binTypesCB","searchOpenDialogs":true,"interaction":{"idSuffix":"inner"}},"wdio_ui5_key":"createOrganizationPopbinTypesCB"}]}
RESULT: undefined
COMMAND: POST /session/3637353f0f0366f06ffc96bdd6dcca04/execute/async - {"script":"<script> [776 bytes]","args":[{"enterText":"1 - General / No capacity check","selector":{"id":"createOrganizationPop--binTypesCB","searchOpenDialogs":true,"interaction":{"idSuffix":"inner"}},"clearTextFirst":true,"interactionType":"ENTER_TEXT"}]}
RESULT: {}
RESULT: {"script":"<script> [776 bytes]","args":[{"enterText":"1 - General / No capacity check","selector":{"id":"createOrganizationPop--binTypesCB","searchOpenDialogs":true,"interaction":{"idSuffix":"inner"}},"clearTextFirst":true,"interactionType":"ENTER_TEXT"}]}
COMMAND: POST /session/3637353f0f0366f06ffc96bdd6dcca04/actions - {"actions":[{"id":"action2","type":"key","parameters":{},"actions":[{"type":"keyDown","value":"î€‡"},{"type":"pause","duration":10},{"type":"keyUp","value":"î€‡"}]}]}
RESULT: {"actions":[{"id":"action2","type":"key","parameters":{},"actions":[{"type":"keyDown","value":"î€‡"},{"type":"pause","duration":10},{"type":"keyUp","value":"î€‡"}]}]}
COMMAND: GET /session/3637353f0f0366f06ffc96bdd6dcca04/screenshot - {}
RESULT: {}
COMMAND: POST /session/3637353f0f0366f06ffc96bdd6dcca04/execute/async - {"script":"<script> [1562 bytes]","args":[{"selector":{"id":"createOrganizationPop--finishBtn","searchOpenDialogs":true,"interaction":{"idSuffix":"BDI-content"}},"wdio_ui5_key":"createOrganizationPopfinishBtn"}]}
RESULT: {"script":"<script> [1562 bytes]","args":[{"selector":{"id":"createOrganizationPop--finishBtn","searchOpenDialogs":true,"interaction":{"idSuffix":"BDI-content"}},"wdio_ui5_key":"createOrganizationPopfinishBtn"}]}
RESULT: undefined
COMMAND: POST /session/3637353f0f0366f06ffc96bdd6dcca04/element - {"using":"xpath","value":"//*[@id=\"createOrganizationPop--finishBtn\"]"}
RESULT: {"using":"xpath","value":"//*[@id=\"createOrganizationPop--finishBtn\"]"}
COMMAND: POST /session/3637353f0f0366f06ffc96bdd6dcca04/element/f.FA5AA6ACA71DB73EA77ABAF269C4B101.d.35D5880C25B1067708EC6D74EE585981.e.235/click - {}
RESULT: {}
COMMAND: POST /session/3637353f0f0366f06ffc96bdd6dcca04/element - {"using":"css selector","value":"#j_username"}
COMMAND: POST /session/3637353f0f0366f06ffc96bdd6dcca04/url - {"url":"https://qa-testing-00-live-etm-ui.cfapps.eu10-004.hana.ondemand.com/"}
COMMAND: GET /session/3637353f0f0366f06ffc96bdd6dcca04/screenshot - {}
RESULT: {"url":"https://qa-testing-00-live-etm-ui.cfapps.eu10-004.hana.ondemand.com/"}
RESULT: undefined
COMMAND: GET /session/3637353f0f0366f06ffc96bdd6dcca04/screenshot - {}
RESULT: {"using":"css selector","value":"#j_username"}
COMMAND: POST /session/3637353f0f0366f06ffc96bdd6dcca04/element - {"using":"css selector","value":"#j_username"}
RESULT: {}
RESULT: {}
RESULT: {"using":"css selector","value":"#j_username"}
COMMAND: POST /session/3637353f0f0366f06ffc96bdd6dcca04/element - {"using":"css selector","value":"#shell-header-logo"}
RESULT: {"using":"css selector","value":"#shell-header-logo"}
COMMAND: POST /session/3637353f0f0366f06ffc96bdd6dcca04/execute/sync - {"script":"<script> [8489 bytes]","args":[{"element-6066-11e4-a52e-4f735466cecf":"f.FA5AA6ACA71DB73EA77ABAF269C4B101.d.E17F542F17E1B3947187A5EEC281780A.e.246","ELEMENT":"f.FA5AA6ACA71DB73EA77ABAF269C4B101.d.E17F542F17E1B3947187A5EEC281780A.e.246"}]}
RESULT: {"script":"<script> [8489 bytes]","args":[{"element-6066-11e4-a52e-4f735466cecf":"f.FA5AA6ACA71DB73EA77ABAF269C4B101.d.E17F542F17E1B3947187A5EEC281780A.e.246","ELEMENT":"f.FA5AA6ACA71DB73EA77ABAF269C4B101.d.E17F542F17E1B3947187A5EEC281780A.e.246"}]}
COMMAND: POST /session/3637353f0f0366f06ffc96bdd6dcca04/element - {"using":"css selector","value":"#shell-header-logo"}
COMMAND: GET /session/3637353f0f0366f06ffc96bdd6dcca04/screenshot - {}
RESULT: {"using":"css selector","value":"#shell-header-logo"}
COMMAND: POST /session/3637353f0f0366f06ffc96bdd6dcca04/execute/sync - {"script":"<script> [8489 bytes]","args":[{"element-6066-11e4-a52e-4f735466cecf":"f.FA5AA6ACA71DB73EA77ABAF269C4B101.d.E17F542F17E1B3947187A5EEC281780A.e.246","ELEMENT":"f.FA5AA6ACA71DB73EA77ABAF269C4B101.d.E17F542F17E1B3947187A5EEC281780A.e.246"}]}
RESULT: {}
RESULT: {"script":"<script> [8489 bytes]","args":[{"element-6066-11e4-a52e-4f735466cecf":"f.FA5AA6ACA71DB73EA77ABAF269C4B101.d.E17F542F17E1B3947187A5EEC281780A.e.246","ELEMENT":"f.FA5AA6ACA71DB73EA77ABAF269C4B101.d.E17F542F17E1B3947187A5EEC281780A.e.246"}]}
COMMAND: POST /session/3637353f0f0366f06ffc96bdd6dcca04/execute/sync - {"script":"<script> [5351 bytes]","args":[{"element-6066-11e4-a52e-4f735466cecf":"f.FA5AA6ACA71DB73EA77ABAF269C4B101.d.E17F542F17E1B3947187A5EEC281780A.e.246","ELEMENT":"f.FA5AA6ACA71DB73EA77ABAF269C4B101.d.E17F542F17E1B3947187A5EEC281780A.e.246"}]}
COMMAND: GET /session/3637353f0f0366f06ffc96bdd6dcca04/screenshot - {}
RESULT: {"script":"<script> [5351 bytes]","args":[{"element-6066-11e4-a52e-4f735466cecf":"f.FA5AA6ACA71DB73EA77ABAF269C4B101.d.E17F542F17E1B3947187A5EEC281780A.e.246","ELEMENT":"f.FA5AA6ACA71DB73EA77ABAF269C4B101.d.E17F542F17E1B3947187A5EEC281780A.e.246"}]}
COMMAND: POST /session/3637353f0f0366f06ffc96bdd6dcca04/element - {"using":"css selector","value":"#shell-header-logo"}
COMMAND: GET /session/3637353f0f0366f06ffc96bdd6dcca04/screenshot - {}
RESULT: {}
RESULT: {"using":"css selector","value":"#shell-header-logo"}
COMMAND: POST /session/3637353f0f0366f06ffc96bdd6dcca04/element/f.FA5AA6ACA71DB73EA77ABAF269C4B101.d.E17F542F17E1B3947187A5EEC281780A.e.246/click - {}
RESULT: {}
RESULT: {}
COMMAND: GET /session/3637353f0f0366f06ffc96bdd6dcca04/screenshot - {}
RESULT: {}
COMMAND: POST /session/3637353f0f0366f06ffc96bdd6dcca04/execute/async - {"script":"<script> [189 bytes]","args":[]}
RESULT: {"script":"<script> [189 bytes]","args":[]}
COMMAND: POST /session/3637353f0f0366f06ffc96bdd6dcca04/execute/async - {"script":"<script> [123 bytes]","args":[]}
RESULT: {"script":"<script> [123 bytes]","args":[]}
COMMAND: POST /session/3637353f0f0366f06ffc96bdd6dcca04/timeouts - {"script":"<number>"}
RESULT: {"script":"<number>"}
COMMAND: GET /session/3637353f0f0366f06ffc96bdd6dcca04/timeouts - {}
RESULT: {}
RESULT: undefined
COMMAND: POST /session/3637353f0f0366f06ffc96bdd6dcca04/execute/async - {"script":"<script> [2676 bytes]","args":[]}
RESULT: {"script":"<script> [2676 bytes]","args":[]}
COMMAND: POST /session/3637353f0f0366f06ffc96bdd6dcca04/execute/async - {"script":"<script> [2342 bytes]","args":[{"protocol":"http","hostname":"0.0.0.0","path":"/","capabilities":{"browserName":"chrome","goog:chromeOptions":{"binary":"C:\\Program Files\\Google\\Chrome\\Application\\chrome.exe","args":["--start-maximized"]}},"logLevel":"warn","connectionRetryTimeout":120000,"connectionRetryCount":3,"logLevels":{},"enableDirectConnect":true,"strictSSL":true,"_":"65 more keys: [\"cacheDir\",\"port\",\"requestedCapabilities\",\"automationProtocol\",\"baseUrl\",\"waitforInterval\",\"waitforTimeout\",\"onReload\",\"beforeCommand\",\"afterCommand\",\"rootDir\",\"specs\",\"suites\",\"exclude\",\"groupLogsByTestSpec\",\"excludeDriverLogs\",\"bail\",\"framework\",\"reporters\",\"services\",\"maxInstances\",\"maxInstancesPerCapability\",\"injectGlobals\",\"filesToWatch\",\"execArgv\",\"runnerEnv\",\"runner\",\"shard\",\"specFileRetries\",\"specFileRetriesDelay\",\"specFileRetriesDeferred\",\"reporterSyncInterval\",\"reporterSyncTimeout\",\"cucumberFeaturesWithLineNumbers\",\"autoCompileOpts\",\"mochaOpts\",\"jasmineOpts\",\"cucumberOpts\",\"onPrepare\",\"onWorkerStart\",\"onWorkerEnd\",\"before\",\"beforeSession\",\"beforeSuite\",\"beforeHook\",\"beforeTest\",\"afterTest\",\"afterHook\",\"afterSuite\",\"afterSession\",\"after\",\"onComplete\",\"beforeAssertion\",\"afterAssertion\",\"beforeFeature\",\"beforeScenario\",\"beforeStep\",\"afterStep\",\"afterScenario\",\"afterFeature\",\"_\",\"suite\",\"$0\",\"ignoredWorkerServices\",\"wdi5\"]"}]}
RESULT: {"script":"<script> [2342 bytes]","args":[{"protocol":"http","hostname":"0.0.0.0","path":"/","capabilities":{"browserName":"chrome","goog:chromeOptions":{"binary":"C:\\Program Files\\Google\\Chrome\\Application\\chrome.exe","args":["--start-maximized"]}},"logLevel":"warn","connectionRetryTimeout":120000,"connectionRetryCount":3,"logLevels":{},"enableDirectConnect":true,"strictSSL":true,"_":"65 more keys: [\"cacheDir\",\"port\",\"requestedCapabilities\",\"automationProtocol\",\"baseUrl\",\"waitforInterval\",\"waitforTimeout\",\"onReload\",\"beforeCommand\",\"afterCommand\",\"rootDir\",\"specs\",\"suites\",\"exclude\",\"groupLogsByTestSpec\",\"excludeDriverLogs\",\"bail\",\"framework\",\"reporters\",\"services\",\"maxInstances\",\"maxInstancesPerCapability\",\"injectGlobals\",\"filesToWatch\",\"execArgv\",\"runnerEnv\",\"runner\",\"shard\",\"specFileRetries\",\"specFileRetriesDelay\",\"specFileRetriesDeferred\",\"reporterSyncInterval\",\"reporterSyncTimeout\",\"cucumberFeaturesWithLineNumbers\",\"autoCompileOpts\",\"mochaOpts\",\"jasmineOpts\",\"cucumberOpts\",\"onPrepare\",\"onWorkerStart\",\"onWorkerEnd\",\"before\",\"beforeSession\",\"beforeSuite\",\"beforeHook\",\"beforeTest\",\"afterTest\",\"afterHook\",\"afterSuite\",\"afterSession\",\"after\",\"onComplete\",\"beforeAssertion\",\"afterAssertion\",\"beforeFeature\",\"beforeScenario\",\"beforeStep\",\"afterStep\",\"afterScenario\",\"afterFeature\",\"_\",\"suite\",\"$0\",\"ignoredWorkerServices\",\"wdi5\"]"}]}
COMMAND: POST /session/3637353f0f0366f06ffc96bdd6dcca04/execute/async - {"script":"<script> [21126 bytes]","args":[35000]}
RESULT: {"script":"<script> [21126 bytes]","args":[35000]}
COMMAND: POST /session/3637353f0f0366f06ffc96bdd6dcca04/window/maximize - {}
RESULT: {}
COMMAND: POST /session/3637353f0f0366f06ffc96bdd6dcca04/execute/async - {"script":"<script> [1562 bytes]","args":[{"selector":{"id":"shell-header","interaction":{"idSuffix":"icon"}},"wdio_ui5_key":"shellheader"}]}
COMMAND: GET /session/3637353f0f0366f06ffc96bdd6dcca04/screenshot - {}
RESULT: {"script":"<script> [1562 bytes]","args":[{"selector":{"id":"shell-header","interaction":{"idSuffix":"icon"}},"wdio_ui5_key":"shellheader"}]}
RESULT: undefined
]]></system-out>
    </testcase>
  </testsuite>
  <testsuite timestamp="2025-05-02T05:40:23" time="850.663" tests="8" failures="0" errors="0" skipped="0">
    <properties>
      <property name="specId" value="0" />
      <property name="suiteName" value="Stock increase - with WHM US125587" />
      <property name="capabilities" value="chrome.135_0_7049_96.windows" />
      <property name="file" value="file:///D:/a/1/s/test/specs/HTR/stock-increase.spec.js" />
    </properties>
    <testcase classname="chrome.135_0_7049_96.windows.Stock_increase_-_with_WHM_US125587" name="Should create a WHM yard" time="99.241">
      <system-out><![CDATA[
COMMAND: POST /session/3637353f0f0366f06ffc96bdd6dcca04/element - {"using":"css selector","value":"#shell-header-logo"}
RESULT: {}
RESULT: {"using":"css selector","value":"#shell-header-logo"}
COMMAND: POST /session/3637353f0f0366f06ffc96bdd6dcca04/element/f.FA5AA6ACA71DB73EA77ABAF269C4B101.d.E17F542F17E1B3947187A5EEC281780A.e.246/click - {}
RESULT: {}
COMMAND: GET /session/3637353f0f0366f06ffc96bdd6dcca04/screenshot - {}
RESULT: {}
COMMAND: POST /session/3637353f0f0366f06ffc96bdd6dcca04/execute/async - {"script":"<script> [1562 bytes]","args":[{"selector":{"controlType":"sap.m.GenericTile","properties":{"header":"Manage Yards"}},"wdio_ui5_key":"sapm.GenericTile{\"header\":\"Manage Yards\"}"}]}
RESULT: {"script":"<script> [1562 bytes]","args":[{"selector":{"controlType":"sap.m.GenericTile","properties":{"header":"Manage Yards"}},"wdio_ui5_key":"sapm.GenericTile{\"header\":\"Manage Yards\"}"}]}
RESULT: undefined
COMMAND: POST /session/3637353f0f0366f06ffc96bdd6dcca04/element - {"using":"xpath","value":"//*[@id=\"__tile41\"]"}
RESULT: {"using":"xpath","value":"//*[@id=\"__tile41\"]"}
COMMAND: POST /session/3637353f0f0366f06ffc96bdd6dcca04/element/f.FA5AA6ACA71DB73EA77ABAF269C4B101.d.E17F542F17E1B3947187A5EEC281780A.e.256/click - {}
RESULT: {}
COMMAND: GET /session/3637353f0f0366f06ffc96bdd6dcca04/screenshot - {}
RESULT: {}
COMMAND: POST /session/3637353f0f0366f06ffc96bdd6dcca04/execute/async - {"script":"<script> [1562 bytes]","args":[{"selector":{"controlType":"sap.ui.core.Icon","viewName":"etm.portal.ui.manageyards.view.Master","viewId":"application-manageyards-display-component---masterYard","properties":{"src":{"regex":{"source":"add"}}}},"wdio_ui5_key":"etmportal.ui.manageyards.view.Mastersap.ui.core.Icon{\"src\":{\"regex\":{\"source\":\"add\"}}}"}]}
RESULT: {"script":"<script> [1562 bytes]","args":[{"selector":{"controlType":"sap.ui.core.Icon","viewName":"etm.portal.ui.manageyards.view.Master","viewId":"application-manageyards-display-component---masterYard","properties":{"src":{"regex":{"source":"add"}}}},"wdio_ui5_key":"etmportal.ui.manageyards.view.Mastersap.ui.core.Icon{\"src\":{\"regex\":{\"source\":\"add\"}}}"}]}
RESULT: undefined
COMMAND: POST /session/3637353f0f0366f06ffc96bdd6dcca04/element - {"using":"xpath","value":"//*[@id=\"__button4-img\"]"}
RESULT: {"using":"xpath","value":"//*[@id=\"__button4-img\"]"}
COMMAND: POST /session/3637353f0f0366f06ffc96bdd6dcca04/element/f.FA5AA6ACA71DB73EA77ABAF269C4B101.d.E17F542F17E1B3947187A5EEC281780A.e.303/click - {}
RESULT: {}
COMMAND: GET /session/3637353f0f0366f06ffc96bdd6dcca04/screenshot - {}
RESULT: {}
COMMAND: POST /session/3637353f0f0366f06ffc96bdd6dcca04/execute/async - {"script":"<script> [1562 bytes]","args":[{"selector":{"id":"application-manageyards-display-component---NewYard--yardId","interaction":{"idSuffix":"inner"}},"wdio_ui5_key":"applicationmanageyards-display-component---NewYard--yardId"}]}
RESULT: {"script":"<script> [1562 bytes]","args":[{"selector":{"id":"application-manageyards-display-component---NewYard--yardId","interaction":{"idSuffix":"inner"}},"wdio_ui5_key":"applicationmanageyards-display-component---NewYard--yardId"}]}
RESULT: undefined
COMMAND: POST /session/3637353f0f0366f06ffc96bdd6dcca04/element - {"using":"xpath","value":"//*[@id=\"application-manageyards-display-component---NewYard--addressDetailDetailsName1-inner\"]"}
RESULT: {"using":"xpath","value":"//*[@id=\"application-manageyards-display-component---NewYard--addressDetailDetailsName1-inner\"]"}
COMMAND: POST /session/3637353f0f0366f06ffc96bdd6dcca04/element/f.FA5AA6ACA71DB73EA77ABAF269C4B101.d.E17F542F17E1B3947187A5EEC281780A.e.518/clear - {}
RESULT: {}
COMMAND: POST /session/3637353f0f0366f06ffc96bdd6dcca04/element/f.FA5AA6ACA71DB73EA77ABAF269C4B101.d.E17F542F17E1B3947187A5EEC281780A.e.518/value - {"text":"WebdriverWHMYardi4o1of"}
COMMAND: GET /session/3637353f0f0366f06ffc96bdd6dcca04/screenshot - {}
RESULT: {"text":"WebdriverWHMYardi4o1of"}
COMMAND: POST /session/3637353f0f0366f06ffc96bdd6dcca04/element - {"using":"xpath","value":"//*[@id=\"application-manageyards-display-component---NewYard--addressDetailDetailsLanguage-inner\"]"}
COMMAND: GET /session/3637353f0f0366f06ffc96bdd6dcca04/screenshot - {}
RESULT: {}
RESULT: {"using":"xpath","value":"//*[@id=\"application-manageyards-display-component---NewYard--addressDetailDetailsLanguage-inner\"]"}
COMMAND: POST /session/3637353f0f0366f06ffc96bdd6dcca04/element/f.FA5AA6ACA71DB73EA77ABAF269C4B101.d.E17F542F17E1B3947187A5EEC281780A.e.519/clear - {}
RESULT: {}
RESULT: {}
COMMAND: POST /session/3637353f0f0366f06ffc96bdd6dcca04/element/f.FA5AA6ACA71DB73EA77ABAF269C4B101.d.E17F542F17E1B3947187A5EEC281780A.e.519/value - {"text":"Romanian"}
COMMAND: GET /session/3637353f0f0366f06ffc96bdd6dcca04/screenshot - {}
RESULT: {"text":"Romanian"}
COMMAND: GET /session/3637353f0f0366f06ffc96bdd6dcca04/screenshot - {}
RESULT: {}
RESULT: {}
COMMAND: POST /session/3637353f0f0366f06ffc96bdd6dcca04/element - {"using":"xpath","value":"//*[@id=\"application-manageyards-display-component---NewYard--addressDetailDetailsCity1-inner\"]"}
RESULT: {"using":"xpath","value":"//*[@id=\"application-manageyards-display-component---NewYard--addressDetailDetailsCity1-inner\"]"}
COMMAND: POST /session/3637353f0f0366f06ffc96bdd6dcca04/element/f.FA5AA6ACA71DB73EA77ABAF269C4B101.d.E17F542F17E1B3947187A5EEC281780A.e.521/clear - {}
RESULT: {}
COMMAND: POST /session/3637353f0f0366f06ffc96bdd6dcca04/element/f.FA5AA6ACA71DB73EA77ABAF269C4B101.d.E17F542F17E1B3947187A5EEC281780A.e.521/value - {"text":"Bucuresti"}
COMMAND: GET /session/3637353f0f0366f06ffc96bdd6dcca04/screenshot - {}
RESULT: {"text":"Bucuresti"}
COMMAND: GET /session/3637353f0f0366f06ffc96bdd6dcca04/screenshot - {}
RESULT: {}
RESULT: {}
COMMAND: POST /session/3637353f0f0366f06ffc96bdd6dcca04/element - {"using":"xpath","value":"//*[@id=\"application-manageyards-display-component---NewYard--addressDetailDetailsCountry-inner\"]"}
RESULT: {"using":"xpath","value":"//*[@id=\"application-manageyards-display-component---NewYard--addressDetailDetailsCountry-inner\"]"}
COMMAND: POST /session/3637353f0f0366f06ffc96bdd6dcca04/element/f.FA5AA6ACA71DB73EA77ABAF269C4B101.d.E17F542F17E1B3947187A5EEC281780A.e.525/clear - {}
RESULT: {}
COMMAND: POST /session/3637353f0f0366f06ffc96bdd6dcca04/element/f.FA5AA6ACA71DB73EA77ABAF269C4B101.d.E17F542F17E1B3947187A5EEC281780A.e.525/value - {"text":"Romania"}
COMMAND: GET /session/3637353f0f0366f06ffc96bdd6dcca04/screenshot - {}
RESULT: {"text":"Romania"}
COMMAND: GET /session/3637353f0f0366f06ffc96bdd6dcca04/screenshot - {}
RESULT: {}
RESULT: {}
COMMAND: POST /session/3637353f0f0366f06ffc96bdd6dcca04/execute/async - {"script":"<script> [1562 bytes]","args":[{"selector":{"controlType":"sap.m.Button","viewName":"etm.portal.ui.manageyards.view.New","viewId":"application-manageyards-display-component---NewYard","properties":{"text":"Commercial"},"interaction":{"idSuffix":"BDI-content"}},"wdio_ui5_key":"etmportal.ui.manageyards.view.Newsap.m.Button{\"text\":\"Commercial\"}"}]}
RESULT: {"script":"<script> [1562 bytes]","args":[{"selector":{"controlType":"sap.m.Button","viewName":"etm.portal.ui.manageyards.view.New","viewId":"application-manageyards-display-component---NewYard","properties":{"text":"Commercial"},"interaction":{"idSuffix":"BDI-content"}},"wdio_ui5_key":"etmportal.ui.manageyards.view.Newsap.m.Button{\"text\":\"Commercial\"}"}]}
RESULT: undefined
COMMAND: POST /session/3637353f0f0366f06ffc96bdd6dcca04/element - {"using":"xpath","value":"//*[@id=\"application-manageyards-display-component---NewYard--ObjectPageLayout-anchBar-__section5-anchor\"]"}
RESULT: {"using":"xpath","value":"//*[@id=\"application-manageyards-display-component---NewYard--ObjectPageLayout-anchBar-__section5-anchor\"]"}
COMMAND: POST /session/3637353f0f0366f06ffc96bdd6dcca04/element/f.FA5AA6ACA71DB73EA77ABAF269C4B101.d.E17F542F17E1B3947187A5EEC281780A.e.714/click - {}
RESULT: {}
COMMAND: GET /session/3637353f0f0366f06ffc96bdd6dcca04/screenshot - {}
RESULT: {}
COMMAND: POST /session/3637353f0f0366f06ffc96bdd6dcca04/element - {"using":"xpath","value":"//input[@id='application-manageyards-display-component---NewYard--addressEditDetailsCostObjectCstType-inner']"}
RESULT: {"using":"xpath","value":"//input[@id='application-manageyards-display-component---NewYard--addressEditDetailsCostObjectCstType-inner']"}
COMMAND: POST /session/3637353f0f0366f06ffc96bdd6dcca04/execute/sync - {"script":"<script> [8489 bytes]","args":[{"element-6066-11e4-a52e-4f735466cecf":"f.FA5AA6ACA71DB73EA77ABAF269C4B101.d.E17F542F17E1B3947187A5EEC281780A.e.531","ELEMENT":"f.FA5AA6ACA71DB73EA77ABAF269C4B101.d.E17F542F17E1B3947187A5EEC281780A.e.531"}]}
RESULT: {"script":"<script> [8489 bytes]","args":[{"element-6066-11e4-a52e-4f735466cecf":"f.FA5AA6ACA71DB73EA77ABAF269C4B101.d.E17F542F17E1B3947187A5EEC281780A.e.531","ELEMENT":"f.FA5AA6ACA71DB73EA77ABAF269C4B101.d.E17F542F17E1B3947187A5EEC281780A.e.531"}]}
COMMAND: POST /session/3637353f0f0366f06ffc96bdd6dcca04/element/f.FA5AA6ACA71DB73EA77ABAF269C4B101.d.E17F542F17E1B3947187A5EEC281780A.e.531/clear - {}
COMMAND: GET /session/3637353f0f0366f06ffc96bdd6dcca04/screenshot - {}
RESULT: {}
COMMAND: POST /session/3637353f0f0366f06ffc96bdd6dcca04/element/f.FA5AA6ACA71DB73EA77ABAF269C4B101.d.E17F542F17E1B3947187A5EEC281780A.e.531/value - {"text":"Cost"}
COMMAND: GET /session/3637353f0f0366f06ffc96bdd6dcca04/screenshot - {}
RESULT: {}
RESULT: {"text":"Cost"}
COMMAND: GET /session/3637353f0f0366f06ffc96bdd6dcca04/screenshot - {}
RESULT: {}
RESULT: {}
COMMAND: POST /session/3637353f0f0366f06ffc96bdd6dcca04/execute/async - {"script":"<script> [1562 bytes]","args":[{"selector":{"id":"application-manageyards-display-component---NewYard--addressNewCostObjectCstID","interaction":{"idSuffix":"inner"}},"wdio_ui5_key":"applicationmanageyards-display-component---NewYard--addressNewCostObjectCstID"}]}
RESULT: {"script":"<script> [1562 bytes]","args":[{"selector":{"id":"application-manageyards-display-component---NewYard--addressNewCostObjectCstID","interaction":{"idSuffix":"inner"}},"wdio_ui5_key":"applicationmanageyards-display-component---NewYard--addressNewCostObjectCstID"}]}
RESULT: undefined
COMMAND: POST /session/3637353f0f0366f06ffc96bdd6dcca04/execute/async - {"script":"<script> [776 bytes]","args":[{"enterText":"10001013","selector":{"id":"application-manageyards-display-component---NewYard--addressNewCostObjectCstID","interaction":{"idSuffix":"inner"}},"clearTextFirst":true,"interactionType":"ENTER_TEXT"}]}
RESULT: {"script":"<script> [776 bytes]","args":[{"enterText":"10001013","selector":{"id":"application-manageyards-display-component---NewYard--addressNewCostObjectCstID","interaction":{"idSuffix":"inner"}},"clearTextFirst":true,"interactionType":"ENTER_TEXT"}]}
COMMAND: POST /session/3637353f0f0366f06ffc96bdd6dcca04/actions - {"actions":[{"id":"action3","type":"key","parameters":{},"actions":[{"type":"keyDown","value":"î€‡"},{"type":"pause","duration":10},{"type":"keyUp","value":"î€‡"}]}]}
RESULT: {"actions":[{"id":"action3","type":"key","parameters":{},"actions":[{"type":"keyDown","value":"î€‡"},{"type":"pause","duration":10},{"type":"keyUp","value":"î€‡"}]}]}
COMMAND: POST /session/3637353f0f0366f06ffc96bdd6dcca04/execute/async - {"script":"<script> [1562 bytes]","args":[{"selector":{"id":"application-manageyards-display-component---NewYard--addressEditDetailsCurrency","interaction":{"idSuffix":"inner"}},"wdio_ui5_key":"applicationmanageyards-display-component---NewYard--addressEditDetailsCurrency"}]}
COMMAND: GET /session/3637353f0f0366f06ffc96bdd6dcca04/screenshot - {}
RESULT: {"script":"<script> [1562 bytes]","args":[{"selector":{"id":"application-manageyards-display-component---NewYard--addressEditDetailsCurrency","interaction":{"idSuffix":"inner"}},"wdio_ui5_key":"applicationmanageyards-display-component---NewYard--addressEditDetailsCurrency"}]}
RESULT: undefined
COMMAND: POST /session/3637353f0f0366f06ffc96bdd6dcca04/execute/async - {"script":"<script> [776 bytes]","args":[{"enterText":"Euro","selector":{"id":"application-manageyards-display-component---NewYard--addressEditDetailsCurrency","interaction":{"idSuffix":"inner"}},"clearTextFirst":true,"interactionType":"ENTER_TEXT"}]}
RESULT: {}
RESULT: {"script":"<script> [776 bytes]","args":[{"enterText":"Euro","selector":{"id":"application-manageyards-display-component---NewYard--addressEditDetailsCurrency","interaction":{"idSuffix":"inner"}},"clearTextFirst":true,"interactionType":"ENTER_TEXT"}]}
COMMAND: POST /session/3637353f0f0366f06ffc96bdd6dcca04/execute/async - {"script":"<script> [1562 bytes]","args":[{"selector":{"controlType":"sap.m.Input","viewName":"etm.portal.ui.manageyards.view.New","viewId":"application-manageyards-display-component---NewYard","bindingPath":{"path":"","propertyPath":"/CONTROLLING_AREA","modelName":"NewYardModel"},"interaction":{"idSuffix":"inner"}},"wdio_ui5_key":"etmportal.ui.manageyards.view.Newsap.m.Input{\"path\":\"\",\"propertyPath\":\"/CONTROLLING_AREA\",\"modelName\":\"NewYardModel\"}"}]}
RESULT: {"script":"<script> [1562 bytes]","args":[{"selector":{"controlType":"sap.m.Input","viewName":"etm.portal.ui.manageyards.view.New","viewId":"application-manageyards-display-component---NewYard","bindingPath":{"path":"","propertyPath":"/CONTROLLING_AREA","modelName":"NewYardModel"},"interaction":{"idSuffix":"inner"}},"wdio_ui5_key":"etmportal.ui.manageyards.view.Newsap.m.Input{\"path\":\"\",\"propertyPath\":\"/CONTROLLING_AREA\",\"modelName\":\"NewYardModel\"}"}]}
RESULT: undefined
COMMAND: POST /session/3637353f0f0366f06ffc96bdd6dcca04/execute/async - {"script":"<script> [776 bytes]","args":[{"enterText":"Z001","selector":{"controlType":"sap.m.Input","viewName":"etm.portal.ui.manageyards.view.New","viewId":"application-manageyards-display-component---NewYard","bindingPath":{"path":"","propertyPath":"/CONTROLLING_AREA","modelName":"NewYardModel"},"interaction":{"idSuffix":"inner"}},"clearTextFirst":true,"interactionType":"ENTER_TEXT"}]}
RESULT: {"script":"<script> [776 bytes]","args":[{"enterText":"Z001","selector":{"controlType":"sap.m.Input","viewName":"etm.portal.ui.manageyards.view.New","viewId":"application-manageyards-display-component---NewYard","bindingPath":{"path":"","propertyPath":"/CONTROLLING_AREA","modelName":"NewYardModel"},"interaction":{"idSuffix":"inner"}},"clearTextFirst":true,"interactionType":"ENTER_TEXT"}]}
COMMAND: POST /session/3637353f0f0366f06ffc96bdd6dcca04/execute/async - {"script":"<script> [1562 bytes]","args":[{"selector":{"id":"application-manageyards-display-component---NewYard--companyCodeComboBox","interaction":{"idSuffix":"inner"}},"wdio_ui5_key":"applicationmanageyards-display-component---NewYard--companyCodeComboBox"}]}
RESULT: {"script":"<script> [1562 bytes]","args":[{"selector":{"id":"application-manageyards-display-component---NewYard--companyCodeComboBox","interaction":{"idSuffix":"inner"}},"wdio_ui5_key":"applicationmanageyards-display-component---NewYard--companyCodeComboBox"}]}
RESULT: undefined
COMMAND: POST /session/3637353f0f0366f06ffc96bdd6dcca04/execute/async - {"script":"<script> [776 bytes]","args":[{"enterText":"1000","selector":{"id":"application-manageyards-display-component---NewYard--companyCodeComboBox","interaction":{"idSuffix":"inner"}},"clearTextFirst":true,"interactionType":"ENTER_TEXT"}]}
RESULT: {"script":"<script> [776 bytes]","args":[{"enterText":"1000","selector":{"id":"application-manageyards-display-component---NewYard--companyCodeComboBox","interaction":{"idSuffix":"inner"}},"clearTextFirst":true,"interactionType":"ENTER_TEXT"}]}
COMMAND: POST /session/3637353f0f0366f06ffc96bdd6dcca04/actions - {"actions":[{"id":"action4","type":"key","parameters":{},"actions":[{"type":"keyDown","value":"î€‡"},{"type":"pause","duration":10},{"type":"keyUp","value":"î€‡"}]}]}
RESULT: {"actions":[{"id":"action4","type":"key","parameters":{},"actions":[{"type":"keyDown","value":"î€‡"},{"type":"pause","duration":10},{"type":"keyUp","value":"î€‡"}]}]}
COMMAND: POST /session/3637353f0f0366f06ffc96bdd6dcca04/execute/async - {"script":"<script> [1562 bytes]","args":[{"selector":{"controlType":"sap.m.Input","viewName":"etm.portal.ui.manageyards.view.New","viewId":"application-manageyards-display-component---NewYard","bindingPath":{"path":"","propertyPath":"/PLANT","modelName":"NewYardModel"},"interaction":{"idSuffix":"inner"}},"wdio_ui5_key":"etmportal.ui.manageyards.view.Newsap.m.Input{\"path\":\"\",\"propertyPath\":\"/PLANT\",\"modelName\":\"NewYardModel\"}"}]}
COMMAND: GET /session/3637353f0f0366f06ffc96bdd6dcca04/screenshot - {}
RESULT: {"script":"<script> [1562 bytes]","args":[{"selector":{"controlType":"sap.m.Input","viewName":"etm.portal.ui.manageyards.view.New","viewId":"application-manageyards-display-component---NewYard","bindingPath":{"path":"","propertyPath":"/PLANT","modelName":"NewYardModel"},"interaction":{"idSuffix":"inner"}},"wdio_ui5_key":"etmportal.ui.manageyards.view.Newsap.m.Input{\"path\":\"\",\"propertyPath\":\"/PLANT\",\"modelName\":\"NewYardModel\"}"}]}
RESULT: undefined
COMMAND: POST /session/3637353f0f0366f06ffc96bdd6dcca04/execute/async - {"script":"<script> [776 bytes]","args":[{"enterText":"1001","selector":{"controlType":"sap.m.Input","viewName":"etm.portal.ui.manageyards.view.New","viewId":"application-manageyards-display-component---NewYard","bindingPath":{"path":"","propertyPath":"/PLANT","modelName":"NewYardModel"},"interaction":{"idSuffix":"inner"}},"clearTextFirst":true,"interactionType":"ENTER_TEXT"}]}
RESULT: {}
RESULT: {"script":"<script> [776 bytes]","args":[{"enterText":"1001","selector":{"controlType":"sap.m.Input","viewName":"etm.portal.ui.manageyards.view.New","viewId":"application-manageyards-display-component---NewYard","bindingPath":{"path":"","propertyPath":"/PLANT","modelName":"NewYardModel"},"interaction":{"idSuffix":"inner"}},"clearTextFirst":true,"interactionType":"ENTER_TEXT"}]}
COMMAND: POST /session/3637353f0f0366f06ffc96bdd6dcca04/execute/async - {"script":"<script> [1562 bytes]","args":[{"selector":{"controlType":"sap.m.Input","viewName":"etm.portal.ui.manageyards.view.New","viewId":"application-manageyards-display-component---NewYard","bindingPath":{"path":"","propertyPath":"/SALES_AREA_VKORG","modelName":"NewYardModel"},"interaction":{"idSuffix":"inner"}},"wdio_ui5_key":"etmportal.ui.manageyards.view.Newsap.m.Input{\"path\":\"\",\"propertyPath\":\"/SALES_AREA_VKORG\",\"modelName\":\"NewYardModel\"}"}]}
RESULT: {"script":"<script> [1562 bytes]","args":[{"selector":{"controlType":"sap.m.Input","viewName":"etm.portal.ui.manageyards.view.New","viewId":"application-manageyards-display-component---NewYard","bindingPath":{"path":"","propertyPath":"/SALES_AREA_VKORG","modelName":"NewYardModel"},"interaction":{"idSuffix":"inner"}},"wdio_ui5_key":"etmportal.ui.manageyards.view.Newsap.m.Input{\"path\":\"\",\"propertyPath\":\"/SALES_AREA_VKORG\",\"modelName\":\"NewYardModel\"}"}]}
RESULT: undefined
COMMAND: POST /session/3637353f0f0366f06ffc96bdd6dcca04/execute/async - {"script":"<script> [776 bytes]","args":[{"enterText":"C002","selector":{"controlType":"sap.m.Input","viewName":"etm.portal.ui.manageyards.view.New","viewId":"application-manageyards-display-component---NewYard","bindingPath":{"path":"","propertyPath":"/SALES_AREA_VKORG","modelName":"NewYardModel"},"interaction":{"idSuffix":"inner"}},"clearTextFirst":true,"interactionType":"ENTER_TEXT"}]}
RESULT: {"script":"<script> [776 bytes]","args":[{"enterText":"C002","selector":{"controlType":"sap.m.Input","viewName":"etm.portal.ui.manageyards.view.New","viewId":"application-manageyards-display-component---NewYard","bindingPath":{"path":"","propertyPath":"/SALES_AREA_VKORG","modelName":"NewYardModel"},"interaction":{"idSuffix":"inner"}},"clearTextFirst":true,"interactionType":"ENTER_TEXT"}]}
COMMAND: POST /session/3637353f0f0366f06ffc96bdd6dcca04/execute/async - {"script":"<script> [1562 bytes]","args":[{"selector":{"controlType":"sap.m.Input","viewName":"etm.portal.ui.manageyards.view.New","viewId":"application-manageyards-display-component---NewYard","bindingPath":{"path":"","propertyPath":"/SALES_AREA_VTWEG","modelName":"NewYardModel"},"interaction":{"idSuffix":"inner"}},"wdio_ui5_key":"etmportal.ui.manageyards.view.Newsap.m.Input{\"path\":\"\",\"propertyPath\":\"/SALES_AREA_VTWEG\",\"modelName\":\"NewYardModel\"}"}]}
RESULT: {"script":"<script> [1562 bytes]","args":[{"selector":{"controlType":"sap.m.Input","viewName":"etm.portal.ui.manageyards.view.New","viewId":"application-manageyards-display-component---NewYard","bindingPath":{"path":"","propertyPath":"/SALES_AREA_VTWEG","modelName":"NewYardModel"},"interaction":{"idSuffix":"inner"}},"wdio_ui5_key":"etmportal.ui.manageyards.view.Newsap.m.Input{\"path\":\"\",\"propertyPath\":\"/SALES_AREA_VTWEG\",\"modelName\":\"NewYardModel\"}"}]}
RESULT: undefined
COMMAND: POST /session/3637353f0f0366f06ffc96bdd6dcca04/execute/async - {"script":"<script> [776 bytes]","args":[{"enterText":"C2","selector":{"controlType":"sap.m.Input","viewName":"etm.portal.ui.manageyards.view.New","viewId":"application-manageyards-display-component---NewYard","bindingPath":{"path":"","propertyPath":"/SALES_AREA_VTWEG","modelName":"NewYardModel"},"interaction":{"idSuffix":"inner"}},"clearTextFirst":true,"interactionType":"ENTER_TEXT"}]}
RESULT: {"script":"<script> [776 bytes]","args":[{"enterText":"C2","selector":{"controlType":"sap.m.Input","viewName":"etm.portal.ui.manageyards.view.New","viewId":"application-manageyards-display-component---NewYard","bindingPath":{"path":"","propertyPath":"/SALES_AREA_VTWEG","modelName":"NewYardModel"},"interaction":{"idSuffix":"inner"}},"clearTextFirst":true,"interactionType":"ENTER_TEXT"}]}
COMMAND: POST /session/3637353f0f0366f06ffc96bdd6dcca04/execute/async - {"script":"<script> [1562 bytes]","args":[{"selector":{"controlType":"sap.m.Input","viewName":"etm.portal.ui.manageyards.view.New","viewId":"application-manageyards-display-component---NewYard","bindingPath":{"path":"","propertyPath":"/SALES_AREA_SPART","modelName":"NewYardModel"},"interaction":{"idSuffix":"inner"}},"wdio_ui5_key":"etmportal.ui.manageyards.view.Newsap.m.Input{\"path\":\"\",\"propertyPath\":\"/SALES_AREA_SPART\",\"modelName\":\"NewYardModel\"}"}]}
RESULT: {"script":"<script> [1562 bytes]","args":[{"selector":{"controlType":"sap.m.Input","viewName":"etm.portal.ui.manageyards.view.New","viewId":"application-manageyards-display-component---NewYard","bindingPath":{"path":"","propertyPath":"/SALES_AREA_SPART","modelName":"NewYardModel"},"interaction":{"idSuffix":"inner"}},"wdio_ui5_key":"etmportal.ui.manageyards.view.Newsap.m.Input{\"path\":\"\",\"propertyPath\":\"/SALES_AREA_SPART\",\"modelName\":\"NewYardModel\"}"}]}
RESULT: undefined
COMMAND: POST /session/3637353f0f0366f06ffc96bdd6dcca04/execute/async - {"script":"<script> [776 bytes]","args":[{"enterText":"C2","selector":{"controlType":"sap.m.Input","viewName":"etm.portal.ui.manageyards.view.New","viewId":"application-manageyards-display-component---NewYard","bindingPath":{"path":"","propertyPath":"/SALES_AREA_SPART","modelName":"NewYardModel"},"interaction":{"idSuffix":"inner"}},"clearTextFirst":true,"interactionType":"ENTER_TEXT"}]}
RESULT: {"script":"<script> [776 bytes]","args":[{"enterText":"C2","selector":{"controlType":"sap.m.Input","viewName":"etm.portal.ui.manageyards.view.New","viewId":"application-manageyards-display-component---NewYard","bindingPath":{"path":"","propertyPath":"/SALES_AREA_SPART","modelName":"NewYardModel"},"interaction":{"idSuffix":"inner"}},"clearTextFirst":true,"interactionType":"ENTER_TEXT"}]}
COMMAND: POST /session/3637353f0f0366f06ffc96bdd6dcca04/execute/async - {"script":"<script> [1562 bytes]","args":[{"selector":{"id":"application-manageyards-display-component---NewYard--whmCheckBox","interaction":{"idSuffix":"CbBg"}},"wdio_ui5_key":"applicationmanageyards-display-component---NewYard--whmCheckBox"}]}
RESULT: {"script":"<script> [1562 bytes]","args":[{"selector":{"id":"application-manageyards-display-component---NewYard--whmCheckBox","interaction":{"idSuffix":"CbBg"}},"wdio_ui5_key":"applicationmanageyards-display-component---NewYard--whmCheckBox"}]}
RESULT: undefined
COMMAND: POST /session/3637353f0f0366f06ffc96bdd6dcca04/element - {"using":"xpath","value":"//*[@id=\"application-manageyards-display-component---NewYard--whmCheckBox\"]"}
RESULT: {"using":"xpath","value":"//*[@id=\"application-manageyards-display-component---NewYard--whmCheckBox\"]"}
COMMAND: POST /session/3637353f0f0366f06ffc96bdd6dcca04/element/f.FA5AA6ACA71DB73EA77ABAF269C4B101.d.E17F542F17E1B3947187A5EEC281780A.e.741/click - {}
RESULT: {}
COMMAND: POST /session/3637353f0f0366f06ffc96bdd6dcca04/execute/async - {"script":"<script> [1562 bytes]","args":[{"selector":{"controlType":"sap.m.Button","viewName":"etm.portal.ui.manageyards.view.New","viewId":"application-manageyards-display-component---NewYard","i18NText":{"propertyName":"text","key":"save"},"interaction":{"idSuffix":"inner"}},"wdio_ui5_key":"etmportal.ui.manageyards.view.Newsap.m.Button{\"propertyName\":\"text\",\"key\":\"save\"}"}]}
COMMAND: GET /session/3637353f0f0366f06ffc96bdd6dcca04/screenshot - {}
RESULT: {"script":"<script> [1562 bytes]","args":[{"selector":{"controlType":"sap.m.Button","viewName":"etm.portal.ui.manageyards.view.New","viewId":"application-manageyards-display-component---NewYard","i18NText":{"propertyName":"text","key":"save"},"interaction":{"idSuffix":"inner"}},"wdio_ui5_key":"etmportal.ui.manageyards.view.Newsap.m.Button{\"propertyName\":\"text\",\"key\":\"save\"}"}]}
RESULT: undefined
COMMAND: POST /session/3637353f0f0366f06ffc96bdd6dcca04/element - {"using":"xpath","value":"//*[@id=\"__button18\"]"}
RESULT: {}
RESULT: {"using":"xpath","value":"//*[@id=\"__button18\"]"}
COMMAND: POST /session/3637353f0f0366f06ffc96bdd6dcca04/element/f.FA5AA6ACA71DB73EA77ABAF269C4B101.d.E17F542F17E1B3947187A5EEC281780A.e.694/click - {}
RESULT: {}
COMMAND: GET /session/3637353f0f0366f06ffc96bdd6dcca04/screenshot - {}
RESULT: {}
COMMAND: POST /session/3637353f0f0366f06ffc96bdd6dcca04/element - {"using":"xpath","value":"//header/div/div/div/div/div/div[2]/div/span"}
RESULT: {"using":"xpath","value":"//header/div/div/div/div/div/div[2]/div/span"}
COMMAND: GET /session/3637353f0f0366f06ffc96bdd6dcca04/element/f.FA5AA6ACA71DB73EA77ABAF269C4B101.d.E17F542F17E1B3947187A5EEC281780A.e.937/text - {}
RESULT: {}
COMMAND: POST /session/3637353f0f0366f06ffc96bdd6dcca04/element - {"using":"xpath","value":"//header/div/div[2]/div[2]/span"}
RESULT: {"using":"xpath","value":"//header/div/div[2]/div[2]/span"}
COMMAND: GET /session/3637353f0f0366f06ffc96bdd6dcca04/element/f.FA5AA6ACA71DB73EA77ABAF269C4B101.d.E17F542F17E1B3947187A5EEC281780A.e.938/text - {}
RESULT: {}
]]></system-out>
    </testcase>
    <testcase classname="chrome.135_0_7049_96.windows.Stock_increase_-_with_WHM_US125587" name="Should create new whm partner" time="131.211">
      <system-out><![CDATA[
COMMAND: POST /session/3637353f0f0366f06ffc96bdd6dcca04/element - {"using":"css selector","value":"#shell-header-logo"}
RESULT: {"using":"css selector","value":"#shell-header-logo"}
COMMAND: POST /session/3637353f0f0366f06ffc96bdd6dcca04/element/f.FA5AA6ACA71DB73EA77ABAF269C4B101.d.E17F542F17E1B3947187A5EEC281780A.e.246/click - {}
RESULT: {}
COMMAND: GET /session/3637353f0f0366f06ffc96bdd6dcca04/screenshot - {}
RESULT: {}
COMMAND: POST /session/3637353f0f0366f06ffc96bdd6dcca04/execute/async - {"script":"<script> [1562 bytes]","args":[{"selector":{"controlType":"sap.m.GenericTile","properties":{"header":"Manage Partners"}},"wdio_ui5_key":"sapm.GenericTile{\"header\":\"Manage Partners\"}"}]}
RESULT: {"script":"<script> [1562 bytes]","args":[{"selector":{"controlType":"sap.m.GenericTile","properties":{"header":"Manage Partners"}},"wdio_ui5_key":"sapm.GenericTile{\"header\":\"Manage Partners\"}"}]}
RESULT: undefined
COMMAND: POST /session/3637353f0f0366f06ffc96bdd6dcca04/element - {"using":"xpath","value":"//*[@id=\"__tile38\"]"}
RESULT: {"using":"xpath","value":"//*[@id=\"__tile38\"]"}
COMMAND: POST /session/3637353f0f0366f06ffc96bdd6dcca04/element/f.FA5AA6ACA71DB73EA77ABAF269C4B101.d.E17F542F17E1B3947187A5EEC281780A.e.940/click - {}
RESULT: {}
COMMAND: GET /session/3637353f0f0366f06ffc96bdd6dcca04/screenshot - {}
RESULT: {}
COMMAND: POST /session/3637353f0f0366f06ffc96bdd6dcca04/refresh - {}
RESULT: {}
COMMAND: GET /session/3637353f0f0366f06ffc96bdd6dcca04/screenshot - {}
RESULT: {}
COMMAND: POST /session/3637353f0f0366f06ffc96bdd6dcca04/refresh - {}
RESULT: {}
COMMAND: GET /session/3637353f0f0366f06ffc96bdd6dcca04/screenshot - {}
COMMAND: POST /session/3637353f0f0366f06ffc96bdd6dcca04/window/fullscreen - {}
RESULT: {}
RESULT: {}
COMMAND: POST /session/3637353f0f0366f06ffc96bdd6dcca04/execute/async - {"script":"<script> [189 bytes]","args":[]}
RESULT: {"script":"<script> [189 bytes]","args":[]}
COMMAND: POST /session/3637353f0f0366f06ffc96bdd6dcca04/execute/async - {"script":"<script> [123 bytes]","args":[]}
RESULT: {"script":"<script> [123 bytes]","args":[]}
COMMAND: POST /session/3637353f0f0366f06ffc96bdd6dcca04/timeouts - {"script":"<number>"}
RESULT: {"script":"<number>"}
COMMAND: GET /session/3637353f0f0366f06ffc96bdd6dcca04/timeouts - {}
RESULT: {}
RESULT: undefined
COMMAND: POST /session/3637353f0f0366f06ffc96bdd6dcca04/execute/async - {"script":"<script> [2676 bytes]","args":[]}
RESULT: {"script":"<script> [2676 bytes]","args":[]}
COMMAND: POST /session/3637353f0f0366f06ffc96bdd6dcca04/execute/async - {"script":"<script> [2342 bytes]","args":[{"protocol":"http","hostname":"0.0.0.0","path":"/","capabilities":{"browserName":"chrome","goog:chromeOptions":{"binary":"C:\\Program Files\\Google\\Chrome\\Application\\chrome.exe","args":["--start-maximized"]}},"logLevel":"warn","connectionRetryTimeout":120000,"connectionRetryCount":3,"logLevels":{},"enableDirectConnect":true,"strictSSL":true,"_":"65 more keys: [\"cacheDir\",\"port\",\"requestedCapabilities\",\"automationProtocol\",\"baseUrl\",\"waitforInterval\",\"waitforTimeout\",\"onReload\",\"beforeCommand\",\"afterCommand\",\"rootDir\",\"specs\",\"suites\",\"exclude\",\"groupLogsByTestSpec\",\"excludeDriverLogs\",\"bail\",\"framework\",\"reporters\",\"services\",\"maxInstances\",\"maxInstancesPerCapability\",\"injectGlobals\",\"filesToWatch\",\"execArgv\",\"runnerEnv\",\"runner\",\"shard\",\"specFileRetries\",\"specFileRetriesDelay\",\"specFileRetriesDeferred\",\"reporterSyncInterval\",\"reporterSyncTimeout\",\"cucumberFeaturesWithLineNumbers\",\"autoCompileOpts\",\"mochaOpts\",\"jasmineOpts\",\"cucumberOpts\",\"onPrepare\",\"onWorkerStart\",\"onWorkerEnd\",\"before\",\"beforeSession\",\"beforeSuite\",\"beforeHook\",\"beforeTest\",\"afterTest\",\"afterHook\",\"afterSuite\",\"afterSession\",\"after\",\"onComplete\",\"beforeAssertion\",\"afterAssertion\",\"beforeFeature\",\"beforeScenario\",\"beforeStep\",\"afterStep\",\"afterScenario\",\"afterFeature\",\"_\",\"suite\",\"$0\",\"ignoredWorkerServices\",\"wdi5\"]"}]}
RESULT: {"script":"<script> [2342 bytes]","args":[{"protocol":"http","hostname":"0.0.0.0","path":"/","capabilities":{"browserName":"chrome","goog:chromeOptions":{"binary":"C:\\Program Files\\Google\\Chrome\\Application\\chrome.exe","args":["--start-maximized"]}},"logLevel":"warn","connectionRetryTimeout":120000,"connectionRetryCount":3,"logLevels":{},"enableDirectConnect":true,"strictSSL":true,"_":"65 more keys: [\"cacheDir\",\"port\",\"requestedCapabilities\",\"automationProtocol\",\"baseUrl\",\"waitforInterval\",\"waitforTimeout\",\"onReload\",\"beforeCommand\",\"afterCommand\",\"rootDir\",\"specs\",\"suites\",\"exclude\",\"groupLogsByTestSpec\",\"excludeDriverLogs\",\"bail\",\"framework\",\"reporters\",\"services\",\"maxInstances\",\"maxInstancesPerCapability\",\"injectGlobals\",\"filesToWatch\",\"execArgv\",\"runnerEnv\",\"runner\",\"shard\",\"specFileRetries\",\"specFileRetriesDelay\",\"specFileRetriesDeferred\",\"reporterSyncInterval\",\"reporterSyncTimeout\",\"cucumberFeaturesWithLineNumbers\",\"autoCompileOpts\",\"mochaOpts\",\"jasmineOpts\",\"cucumberOpts\",\"onPrepare\",\"onWorkerStart\",\"onWorkerEnd\",\"before\",\"beforeSession\",\"beforeSuite\",\"beforeHook\",\"beforeTest\",\"afterTest\",\"afterHook\",\"afterSuite\",\"afterSession\",\"after\",\"onComplete\",\"beforeAssertion\",\"afterAssertion\",\"beforeFeature\",\"beforeScenario\",\"beforeStep\",\"afterStep\",\"afterScenario\",\"afterFeature\",\"_\",\"suite\",\"$0\",\"ignoredWorkerServices\",\"wdi5\"]"}]}
COMMAND: POST /session/3637353f0f0366f06ffc96bdd6dcca04/execute/async - {"script":"<script> [21126 bytes]","args":[35000]}
RESULT: {"script":"<script> [21126 bytes]","args":[35000]}
COMMAND: POST /session/3637353f0f0366f06ffc96bdd6dcca04/execute/async - {"script":"<script> [1562 bytes]","args":[{"selector":{"controlType":"sap.ui.core.Icon","viewName":"etm.portal.ui.managepartners.view.Master","viewId":"application-managepartners-display-component---masterPtm","properties":{"src":{"regex":{"source":"add"}}}},"wdio_ui5_key":"etmportal.ui.managepartners.view.Mastersap.ui.core.Icon{\"src\":{\"regex\":{\"source\":\"add\"}}}"}]}
RESULT: {"script":"<script> [1562 bytes]","args":[{"selector":{"controlType":"sap.ui.core.Icon","viewName":"etm.portal.ui.managepartners.view.Master","viewId":"application-managepartners-display-component---masterPtm","properties":{"src":{"regex":{"source":"add"}}}},"wdio_ui5_key":"etmportal.ui.managepartners.view.Mastersap.ui.core.Icon{\"src\":{\"regex\":{\"source\":\"add\"}}}"}]}
RESULT: undefined
COMMAND: POST /session/3637353f0f0366f06ffc96bdd6dcca04/element - {"using":"xpath","value":"//*[@id=\"__button2-img\"]"}
RESULT: {"using":"xpath","value":"//*[@id=\"__button2-img\"]"}
COMMAND: POST /session/3637353f0f0366f06ffc96bdd6dcca04/element/f.FA5AA6ACA71DB73EA77ABAF269C4B101.d.2FF2B500D10F57279F2A605FB46EE8FF.e.1175/click - {}
RESULT: {}
COMMAND: GET /session/3637353f0f0366f06ffc96bdd6dcca04/screenshot - {}
COMMAND: POST /session/3637353f0f0366f06ffc96bdd6dcca04/execute/async - {"script":"<script> [1562 bytes]","args":[{"selector":{"controlType":"sap.m.Title","viewName":"etm.portal.ui.managepartners.view.NewPartner","viewId":"application-managepartners-display-component---NewPartner","i18NText":{"propertyName":"text","key":"newPartner"},"interaction":{"idSuffix":"inner"}},"wdio_ui5_key":"etmportal.ui.managepartners.view.NewPartnersap.m.Title{\"propertyName\":\"text\",\"key\":\"newPartner\"}"}]}
RESULT: {}
RESULT: {"script":"<script> [1562 bytes]","args":[{"selector":{"controlType":"sap.m.Title","viewName":"etm.portal.ui.managepartners.view.NewPartner","viewId":"application-managepartners-display-component---NewPartner","i18NText":{"propertyName":"text","key":"newPartner"},"interaction":{"idSuffix":"inner"}},"wdio_ui5_key":"etmportal.ui.managepartners.view.NewPartnersap.m.Title{\"propertyName\":\"text\",\"key\":\"newPartner\"}"}]}
RESULT: undefined
COMMAND: POST /session/3637353f0f0366f06ffc96bdd6dcca04/execute/async - {"script":"<script> [6424 bytes]","args":[{"element-6066-11e4-a52e-4f735466cecf":"f.FA5AA6ACA71DB73EA77ABAF269C4B101.d.2FF2B500D10F57279F2A605FB46EE8FF.e.1608"},"getText",[]]}
RESULT: {"script":"<script> [6424 bytes]","args":[{"element-6066-11e4-a52e-4f735466cecf":"f.FA5AA6ACA71DB73EA77ABAF269C4B101.d.2FF2B500D10F57279F2A605FB46EE8FF.e.1608"},"getText",[]]}
COMMAND: POST /session/3637353f0f0366f06ffc96bdd6dcca04/execute/async - {"script":"<script> [1562 bytes]","args":[{"selector":{"id":"application-managepartners-display-component---NewPartner--partnerId","interaction":{"idSuffix":"inner"}},"wdio_ui5_key":"applicationmanagepartners-display-component---NewPartner--partnerId"}]}
RESULT: {"script":"<script> [1562 bytes]","args":[{"selector":{"id":"application-managepartners-display-component---NewPartner--partnerId","interaction":{"idSuffix":"inner"}},"wdio_ui5_key":"applicationmanagepartners-display-component---NewPartner--partnerId"}]}
RESULT: undefined
COMMAND: POST /session/3637353f0f0366f06ffc96bdd6dcca04/execute/async - {"script":"<script> [1562 bytes]","args":[{"selector":{"id":"application-managepartners-display-component---NewPartner--addressDetailDetailsName1","interaction":{"idSuffix":"inner"}},"wdio_ui5_key":"applicationmanagepartners-display-component---NewPartner--addressDetailDetailsName1"}]}
RESULT: {"script":"<script> [1562 bytes]","args":[{"selector":{"id":"application-managepartners-display-component---NewPartner--addressDetailDetailsName1","interaction":{"idSuffix":"inner"}},"wdio_ui5_key":"applicationmanagepartners-display-component---NewPartner--addressDetailDetailsName1"}]}
RESULT: undefined
COMMAND: POST /session/3637353f0f0366f06ffc96bdd6dcca04/execute/async - {"script":"<script> [776 bytes]","args":[{"enterText":"WebdriverWHMPartneri4o1of","selector":{"id":"application-managepartners-display-component---NewPartner--addressDetailDetailsName1","interaction":{"idSuffix":"inner"}},"clearTextFirst":true,"interactionType":"ENTER_TEXT"}]}
RESULT: {"script":"<script> [776 bytes]","args":[{"enterText":"WebdriverWHMPartneri4o1of","selector":{"id":"application-managepartners-display-component---NewPartner--addressDetailDetailsName1","interaction":{"idSuffix":"inner"}},"clearTextFirst":true,"interactionType":"ENTER_TEXT"}]}
COMMAND: POST /session/3637353f0f0366f06ffc96bdd6dcca04/execute/async - {"script":"<script> [1562 bytes]","args":[{"selector":{"id":"application-managepartners-display-component---NewPartner--addressDetailDetailsLanguage","interaction":{"idSuffix":"inner"}},"wdio_ui5_key":"applicationmanagepartners-display-component---NewPartner--addressDetailDetailsLanguage"}]}
RESULT: {"script":"<script> [1562 bytes]","args":[{"selector":{"id":"application-managepartners-display-component---NewPartner--addressDetailDetailsLanguage","interaction":{"idSuffix":"inner"}},"wdio_ui5_key":"applicationmanagepartners-display-component---NewPartner--addressDetailDetailsLanguage"}]}
RESULT: undefined
COMMAND: POST /session/3637353f0f0366f06ffc96bdd6dcca04/execute/async - {"script":"<script> [776 bytes]","args":[{"enterText":"Romanian","selector":{"id":"application-managepartners-display-component---NewPartner--addressDetailDetailsLanguage","interaction":{"idSuffix":"inner"}},"clearTextFirst":true,"interactionType":"ENTER_TEXT"}]}
RESULT: {"script":"<script> [776 bytes]","args":[{"enterText":"Romanian","selector":{"id":"application-managepartners-display-component---NewPartner--addressDetailDetailsLanguage","interaction":{"idSuffix":"inner"}},"clearTextFirst":true,"interactionType":"ENTER_TEXT"}]}
COMMAND: POST /session/3637353f0f0366f06ffc96bdd6dcca04/execute/async - {"script":"<script> [1562 bytes]","args":[{"selector":{"controlType":"sap.m.StandardListItem","viewName":"etm.portal.ui.managepartners.view.NewPartner","viewId":"application-managepartners-display-component---NewPartner","properties":{"type":"Active"},"searchOpenDialogs":true,"interaction":{"idSuffix":"content"}},"wdio_ui5_key":"etmportal.ui.managepartners.view.NewPartnersap.m.StandardListItem{\"type\":\"Active\"}"}]}
RESULT: {"script":"<script> [1562 bytes]","args":[{"selector":{"controlType":"sap.m.StandardListItem","viewName":"etm.portal.ui.managepartners.view.NewPartner","viewId":"application-managepartners-display-component---NewPartner","properties":{"type":"Active"},"searchOpenDialogs":true,"interaction":{"idSuffix":"content"}},"wdio_ui5_key":"etmportal.ui.managepartners.view.NewPartnersap.m.StandardListItem{\"type\":\"Active\"}"}]}
RESULT: undefined
COMMAND: POST /session/3637353f0f0366f06ffc96bdd6dcca04/element - {"using":"xpath","value":"//*[@id=\"__item131\"]"}
RESULT: {"using":"xpath","value":"//*[@id=\"__item131\"]"}
COMMAND: POST /session/3637353f0f0366f06ffc96bdd6dcca04/element/f.FA5AA6ACA71DB73EA77ABAF269C4B101.d.2FF2B500D10F57279F2A605FB46EE8FF.e.1612/click - {}
RESULT: {}
COMMAND: POST /session/3637353f0f0366f06ffc96bdd6dcca04/execute/async - {"script":"<script> [1562 bytes]","args":[{"selector":{"id":"application-managepartners-display-component---NewPartner--addressDetailDetailsCity1","interaction":{"idSuffix":"inner"}},"wdio_ui5_key":"applicationmanagepartners-display-component---NewPartner--addressDetailDetailsCity1"}]}
COMMAND: GET /session/3637353f0f0366f06ffc96bdd6dcca04/screenshot - {}
RESULT: {"script":"<script> [1562 bytes]","args":[{"selector":{"id":"application-managepartners-display-component---NewPartner--addressDetailDetailsCity1","interaction":{"idSuffix":"inner"}},"wdio_ui5_key":"applicationmanagepartners-display-component---NewPartner--addressDetailDetailsCity1"}]}
RESULT: undefined
COMMAND: POST /session/3637353f0f0366f06ffc96bdd6dcca04/execute/async - {"script":"<script> [776 bytes]","args":[{"enterText":"Cluj","selector":{"id":"application-managepartners-display-component---NewPartner--addressDetailDetailsCity1","interaction":{"idSuffix":"inner"}},"clearTextFirst":true,"interactionType":"ENTER_TEXT"}]}
RESULT: {}
RESULT: {"script":"<script> [776 bytes]","args":[{"enterText":"Cluj","selector":{"id":"application-managepartners-display-component---NewPartner--addressDetailDetailsCity1","interaction":{"idSuffix":"inner"}},"clearTextFirst":true,"interactionType":"ENTER_TEXT"}]}
COMMAND: POST /session/3637353f0f0366f06ffc96bdd6dcca04/execute/async - {"script":"<script> [1562 bytes]","args":[{"selector":{"id":"application-managepartners-display-component---NewPartner--addressDetailDetailsCountry","interaction":{"idSuffix":"inner"}},"wdio_ui5_key":"applicationmanagepartners-display-component---NewPartner--addressDetailDetailsCountry"}]}
RESULT: {"script":"<script> [1562 bytes]","args":[{"selector":{"id":"application-managepartners-display-component---NewPartner--addressDetailDetailsCountry","interaction":{"idSuffix":"inner"}},"wdio_ui5_key":"applicationmanagepartners-display-component---NewPartner--addressDetailDetailsCountry"}]}
RESULT: undefined
COMMAND: POST /session/3637353f0f0366f06ffc96bdd6dcca04/execute/async - {"script":"<script> [6424 bytes]","args":[{"element-6066-11e4-a52e-4f735466cecf":"f.FA5AA6ACA71DB73EA77ABAF269C4B101.d.2FF2B500D10F57279F2A605FB46EE8FF.e.1446"},"setValue",["Romania"]]}
RESULT: {"script":"<script> [6424 bytes]","args":[{"element-6066-11e4-a52e-4f735466cecf":"f.FA5AA6ACA71DB73EA77ABAF269C4B101.d.2FF2B500D10F57279F2A605FB46EE8FF.e.1446"},"setValue",["Romania"]]}
COMMAND: POST /session/3637353f0f0366f06ffc96bdd6dcca04/execute/async - {"script":"<script> [1562 bytes]","args":[{"selector":{"id":"application-managepartners-display-component---NewPartner--partnerDetailInternal","interaction":{"idSuffix":"inner"}},"wdio_ui5_key":"applicationmanagepartners-display-component---NewPartner--partnerDetailInternal"}]}
RESULT: {"script":"<script> [1562 bytes]","args":[{"selector":{"id":"application-managepartners-display-component---NewPartner--partnerDetailInternal","interaction":{"idSuffix":"inner"}},"wdio_ui5_key":"applicationmanagepartners-display-component---NewPartner--partnerDetailInternal"}]}
RESULT: undefined
COMMAND: POST /session/3637353f0f0366f06ffc96bdd6dcca04/execute/async - {"script":"<script> [776 bytes]","args":[{"enterText":"External partner","selector":{"id":"application-managepartners-display-component---NewPartner--partnerDetailInternal","interaction":{"idSuffix":"inner"}},"clearTextFirst":true,"interactionType":"ENTER_TEXT"}]}
RESULT: {"script":"<script> [776 bytes]","args":[{"enterText":"External partner","selector":{"id":"application-managepartners-display-component---NewPartner--partnerDetailInternal","interaction":{"idSuffix":"inner"}},"clearTextFirst":true,"interactionType":"ENTER_TEXT"}]}
COMMAND: POST /session/3637353f0f0366f06ffc96bdd6dcca04/execute/async - {"script":"<script> [1562 bytes]","args":[{"selector":{"id":"application-managepartners-display-component---NewPartner--partnerDetailsCurrency","interaction":{"idSuffix":"inner"}},"wdio_ui5_key":"applicationmanagepartners-display-component---NewPartner--partnerDetailsCurrency"}]}
RESULT: {"script":"<script> [1562 bytes]","args":[{"selector":{"id":"application-managepartners-display-component---NewPartner--partnerDetailsCurrency","interaction":{"idSuffix":"inner"}},"wdio_ui5_key":"applicationmanagepartners-display-component---NewPartner--partnerDetailsCurrency"}]}
RESULT: undefined
COMMAND: POST /session/3637353f0f0366f06ffc96bdd6dcca04/execute/async - {"script":"<script> [776 bytes]","args":[{"enterText":"Euro","selector":{"id":"application-managepartners-display-component---NewPartner--partnerDetailsCurrency","interaction":{"idSuffix":"inner"}},"clearTextFirst":true,"interactionType":"ENTER_TEXT"}]}
RESULT: {"script":"<script> [776 bytes]","args":[{"enterText":"Euro","selector":{"id":"application-managepartners-display-component---NewPartner--partnerDetailsCurrency","interaction":{"idSuffix":"inner"}},"clearTextFirst":true,"interactionType":"ENTER_TEXT"}]}
COMMAND: POST /session/3637353f0f0366f06ffc96bdd6dcca04/execute/async - {"script":"<script> [1562 bytes]","args":[{"selector":{"controlType":"sap.m.Button","viewName":"etm.portal.ui.managepartners.view.NewPartner","viewId":"application-managepartners-display-component---NewPartner","properties":{"text":"Commercial"},"interaction":{"idSuffix":"BDI-content"}},"wdio_ui5_key":"etmportal.ui.managepartners.view.NewPartnersap.m.Button{\"text\":\"Commercial\"}"}]}
RESULT: {"script":"<script> [1562 bytes]","args":[{"selector":{"controlType":"sap.m.Button","viewName":"etm.portal.ui.managepartners.view.NewPartner","viewId":"application-managepartners-display-component---NewPartner","properties":{"text":"Commercial"},"interaction":{"idSuffix":"BDI-content"}},"wdio_ui5_key":"etmportal.ui.managepartners.view.NewPartnersap.m.Button{\"text\":\"Commercial\"}"}]}
RESULT: undefined
COMMAND: POST /session/3637353f0f0366f06ffc96bdd6dcca04/element - {"using":"xpath","value":"//*[@id=\"application-managepartners-display-component---NewPartner--ObjectPageLayout-anchBar-__section5-anchor\"]"}
RESULT: {"using":"xpath","value":"//*[@id=\"application-managepartners-display-component---NewPartner--ObjectPageLayout-anchBar-__section5-anchor\"]"}
COMMAND: POST /session/3637353f0f0366f06ffc96bdd6dcca04/element/f.FA5AA6ACA71DB73EA77ABAF269C4B101.d.2FF2B500D10F57279F2A605FB46EE8FF.e.1618/click - {}
RESULT: {}
COMMAND: GET /session/3637353f0f0366f06ffc96bdd6dcca04/screenshot - {}
RESULT: {}
COMMAND: POST /session/3637353f0f0366f06ffc96bdd6dcca04/execute/async - {"script":"<script> [1562 bytes]","args":[{"selector":{"id":"application-managepartners-display-component---NewPartner--btnAddTableRow-img"},"wdio_ui5_key":"applicationmanagepartners-display-component---NewPartner--btnAddTableRow-img"}]}
RESULT: {"script":"<script> [1562 bytes]","args":[{"selector":{"id":"application-managepartners-display-component---NewPartner--btnAddTableRow-img"},"wdio_ui5_key":"applicationmanagepartners-display-component---NewPartner--btnAddTableRow-img"}]}
RESULT: undefined
COMMAND: POST /session/3637353f0f0366f06ffc96bdd6dcca04/element - {"using":"xpath","value":"//*[@id=\"application-managepartners-display-component---NewPartner--btnAddTableRow-img\"]"}
RESULT: {"using":"xpath","value":"//*[@id=\"application-managepartners-display-component---NewPartner--btnAddTableRow-img\"]"}
COMMAND: POST /session/3637353f0f0366f06ffc96bdd6dcca04/element/f.FA5AA6ACA71DB73EA77ABAF269C4B101.d.2FF2B500D10F57279F2A605FB46EE8FF.e.1625/click - {}
RESULT: {}
COMMAND: POST /session/3637353f0f0366f06ffc96bdd6dcca04/element - {"using":"xpath","value":"//input[contains(@id ,\"application-managepartners-display-component---NewPartner--assignmentYard-application-managepartners-display-component---NewPartner\")]"}
COMMAND: GET /session/3637353f0f0366f06ffc96bdd6dcca04/screenshot - {}
RESULT: {"using":"xpath","value":"//input[contains(@id ,\"application-managepartners-display-component---NewPartner--assignmentYard-application-managepartners-display-component---NewPartner\")]"}
COMMAND: POST /session/3637353f0f0366f06ffc96bdd6dcca04/elements - {"using":"xpath","value":"//input[contains(@id ,\"application-managepartners-display-component---NewPartner--assignmentYard-application-managepartners-display-component---NewPartner\")]"}
RESULT: {}
RESULT: {"using":"xpath","value":"//input[contains(@id ,\"application-managepartners-display-component---NewPartner--assignmentYard-application-managepartners-display-component---NewPartner\")]"}
COMMAND: POST /session/3637353f0f0366f06ffc96bdd6dcca04/element/f.FA5AA6ACA71DB73EA77ABAF269C4B101.d.2FF2B500D10F57279F2A605FB46EE8FF.e.1628/value - {"text":"495"}
RESULT: {"text":"495"}
COMMAND: GET /session/3637353f0f0366f06ffc96bdd6dcca04/screenshot - {}
RESULT: {}
COMMAND: POST /session/3637353f0f0366f06ffc96bdd6dcca04/actions - {"actions":[{"id":"action5","type":"key","parameters":{},"actions":[{"type":"keyDown","value":"î€‡"},{"type":"pause","duration":10},{"type":"keyUp","value":"î€‡"}]}]}
RESULT: {"actions":[{"id":"action5","type":"key","parameters":{},"actions":[{"type":"keyDown","value":"î€‡"},{"type":"pause","duration":10},{"type":"keyUp","value":"î€‡"}]}]}
COMMAND: POST /session/3637353f0f0366f06ffc96bdd6dcca04/execute/async - {"script":"<script> [1562 bytes]","args":[{"selector":{"controlType":"sap.m.Button","viewName":"etm.portal.ui.managepartners.view.NewPartner","viewId":"application-managepartners-display-component---NewPartner","i18NText":{"propertyName":"text","key":"save"},"interaction":{"idSuffix":"BDI-content"}},"wdio_ui5_key":"etmportal.ui.managepartners.view.NewPartnersap.m.Button{\"propertyName\":\"text\",\"key\":\"save\"}"}]}
COMMAND: GET /session/3637353f0f0366f06ffc96bdd6dcca04/screenshot - {}
RESULT: {"script":"<script> [1562 bytes]","args":[{"selector":{"controlType":"sap.m.Button","viewName":"etm.portal.ui.managepartners.view.NewPartner","viewId":"application-managepartners-display-component---NewPartner","i18NText":{"propertyName":"text","key":"save"},"interaction":{"idSuffix":"BDI-content"}},"wdio_ui5_key":"etmportal.ui.managepartners.view.NewPartnersap.m.Button{\"propertyName\":\"text\",\"key\":\"save\"}"}]}
RESULT: undefined
COMMAND: POST /session/3637353f0f0366f06ffc96bdd6dcca04/element - {"using":"xpath","value":"//*[@id=\"__button10\"]"}
RESULT: {}
RESULT: {"using":"xpath","value":"//*[@id=\"__button10\"]"}
COMMAND: POST /session/3637353f0f0366f06ffc96bdd6dcca04/element/f.FA5AA6ACA71DB73EA77ABAF269C4B101.d.2FF2B500D10F57279F2A605FB46EE8FF.e.1587/click - {}
RESULT: {}
COMMAND: GET /session/3637353f0f0366f06ffc96bdd6dcca04/screenshot - {}
RESULT: {}
COMMAND: POST /session/3637353f0f0366f06ffc96bdd6dcca04/element - {"using":"xpath","value":"//header/div/div[2]/div[2]/span"}
RESULT: {"using":"xpath","value":"//header/div/div[2]/div[2]/span"}
COMMAND: POST /session/3637353f0f0366f06ffc96bdd6dcca04/elements - {"using":"xpath","value":"//header/div/div[2]/div[2]/span"}
RESULT: {"using":"xpath","value":"//header/div/div[2]/div[2]/span"}
COMMAND: POST /session/3637353f0f0366f06ffc96bdd6dcca04/execute/sync - {"script":"<script> [8489 bytes]","args":[{"element-6066-11e4-a52e-4f735466cecf":"f.FA5AA6ACA71DB73EA77ABAF269C4B101.d.2FF2B500D10F57279F2A605FB46EE8FF.e.1799","ELEMENT":"f.FA5AA6ACA71DB73EA77ABAF269C4B101.d.2FF2B500D10F57279F2A605FB46EE8FF.e.1799"}]}
RESULT: {"script":"<script> [8489 bytes]","args":[{"element-6066-11e4-a52e-4f735466cecf":"f.FA5AA6ACA71DB73EA77ABAF269C4B101.d.2FF2B500D10F57279F2A605FB46EE8FF.e.1799","ELEMENT":"f.FA5AA6ACA71DB73EA77ABAF269C4B101.d.2FF2B500D10F57279F2A605FB46EE8FF.e.1799"}]}
COMMAND: GET /session/3637353f0f0366f06ffc96bdd6dcca04/element/f.FA5AA6ACA71DB73EA77ABAF269C4B101.d.2FF2B500D10F57279F2A605FB46EE8FF.e.1799/text - {}
COMMAND: GET /session/3637353f0f0366f06ffc96bdd6dcca04/screenshot - {}
RESULT: {}
COMMAND: POST /session/3637353f0f0366f06ffc96bdd6dcca04/element - {"using":"xpath","value":"//header/div/div/div/div/div/div[2]/div/span"}
RESULT: {}
RESULT: {"using":"xpath","value":"//header/div/div/div/div/div/div[2]/div/span"}
COMMAND: POST /session/3637353f0f0366f06ffc96bdd6dcca04/elements - {"using":"xpath","value":"//header/div/div/div/div/div/div[2]/div/span"}
RESULT: {"using":"xpath","value":"//header/div/div/div/div/div/div[2]/div/span"}
COMMAND: POST /session/3637353f0f0366f06ffc96bdd6dcca04/execute/sync - {"script":"<script> [8489 bytes]","args":[{"element-6066-11e4-a52e-4f735466cecf":"f.FA5AA6ACA71DB73EA77ABAF269C4B101.d.2FF2B500D10F57279F2A605FB46EE8FF.e.1800","ELEMENT":"f.FA5AA6ACA71DB73EA77ABAF269C4B101.d.2FF2B500D10F57279F2A605FB46EE8FF.e.1800"}]}
RESULT: {"script":"<script> [8489 bytes]","args":[{"element-6066-11e4-a52e-4f735466cecf":"f.FA5AA6ACA71DB73EA77ABAF269C4B101.d.2FF2B500D10F57279F2A605FB46EE8FF.e.1800","ELEMENT":"f.FA5AA6ACA71DB73EA77ABAF269C4B101.d.2FF2B500D10F57279F2A605FB46EE8FF.e.1800"}]}
COMMAND: GET /session/3637353f0f0366f06ffc96bdd6dcca04/element/f.FA5AA6ACA71DB73EA77ABAF269C4B101.d.2FF2B500D10F57279F2A605FB46EE8FF.e.1800/text - {}
COMMAND: GET /session/3637353f0f0366f06ffc96bdd6dcca04/screenshot - {}
RESULT: {}
]]></system-out>
    </testcase>
    <testcase classname="chrome.135_0_7049_96.windows.Stock_increase_-_with_WHM_US125587" name="Should create WHM site" time="100.329">
      <system-out><![CDATA[
COMMAND: POST /session/3637353f0f0366f06ffc96bdd6dcca04/element - {"using":"css selector","value":"#shell-header-logo"}
RESULT: {}
RESULT: {"using":"css selector","value":"#shell-header-logo"}
COMMAND: POST /session/3637353f0f0366f06ffc96bdd6dcca04/element/f.FA5AA6ACA71DB73EA77ABAF269C4B101.d.2FF2B500D10F57279F2A605FB46EE8FF.e.1126/click - {}
RESULT: {}
COMMAND: GET /session/3637353f0f0366f06ffc96bdd6dcca04/screenshot - {}
RESULT: {}
COMMAND: POST /session/3637353f0f0366f06ffc96bdd6dcca04/execute/async - {"script":"<script> [1562 bytes]","args":[{"selector":{"controlType":"sap.m.GenericTile","properties":{"header":"Manage Sites"}},"wdio_ui5_key":"sapm.GenericTile{\"header\":\"Manage Sites\"}"}]}
RESULT: {"script":"<script> [1562 bytes]","args":[{"selector":{"controlType":"sap.m.GenericTile","properties":{"header":"Manage Sites"}},"wdio_ui5_key":"sapm.GenericTile{\"header\":\"Manage Sites\"}"}]}
RESULT: undefined
COMMAND: POST /session/3637353f0f0366f06ffc96bdd6dcca04/element - {"using":"xpath","value":"//*[@id=\"__tile51\"]"}
RESULT: {"using":"xpath","value":"//*[@id=\"__tile51\"]"}
COMMAND: POST /session/3637353f0f0366f06ffc96bdd6dcca04/element/f.FA5AA6ACA71DB73EA77ABAF269C4B101.d.2FF2B500D10F57279F2A605FB46EE8FF.e.1814/click - {}
RESULT: {}
COMMAND: GET /session/3637353f0f0366f06ffc96bdd6dcca04/screenshot - {}
RESULT: {}
COMMAND: POST /session/3637353f0f0366f06ffc96bdd6dcca04/execute/async - {"script":"<script> [1562 bytes]","args":[{"selector":{"controlType":"sap.ui.core.Icon","viewName":"etm.portal.ui.managesites.view.Master","viewId":"application-managesites-display-component---masterSite","properties":{"src":{"regex":{"source":"add"}}}},"wdio_ui5_key":"etmportal.ui.managesites.view.Mastersap.ui.core.Icon{\"src\":{\"regex\":{\"source\":\"add\"}}}"}]}
RESULT: {"script":"<script> [1562 bytes]","args":[{"selector":{"controlType":"sap.ui.core.Icon","viewName":"etm.portal.ui.managesites.view.Master","viewId":"application-managesites-display-component---masterSite","properties":{"src":{"regex":{"source":"add"}}}},"wdio_ui5_key":"etmportal.ui.managesites.view.Mastersap.ui.core.Icon{\"src\":{\"regex\":{\"source\":\"add\"}}}"}]}
RESULT: undefined
COMMAND: POST /session/3637353f0f0366f06ffc96bdd6dcca04/element - {"using":"xpath","value":"//*[@id=\"__button52-img\"]"}
RESULT: {"using":"xpath","value":"//*[@id=\"__button52-img\"]"}
COMMAND: POST /session/3637353f0f0366f06ffc96bdd6dcca04/element/f.FA5AA6ACA71DB73EA77ABAF269C4B101.d.2FF2B500D10F57279F2A605FB46EE8FF.e.1863/click - {}
RESULT: {}
COMMAND: GET /session/3637353f0f0366f06ffc96bdd6dcca04/screenshot - {}
COMMAND: POST /session/3637353f0f0366f06ffc96bdd6dcca04/execute/async - {"script":"<script> [1562 bytes]","args":[{"selector":{"id":"application-managesites-display-component---NewSite--siteId","interaction":{"idSuffix":"inner"}},"wdio_ui5_key":"applicationmanagesites-display-component---NewSite--siteId"}]}
RESULT: {}
RESULT: {"script":"<script> [1562 bytes]","args":[{"selector":{"id":"application-managesites-display-component---NewSite--siteId","interaction":{"idSuffix":"inner"}},"wdio_ui5_key":"applicationmanagesites-display-component---NewSite--siteId"}]}
RESULT: undefined
COMMAND: POST /session/3637353f0f0366f06ffc96bdd6dcca04/execute/async - {"script":"<script> [1562 bytes]","args":[{"selector":{"controlType":"sap.m.Button","viewName":"etm.portal.ui.managesites.view.NewSmartSite","viewId":"application-managesites-display-component---NewSite","properties":{"text":"General Information"},"interaction":{"idSuffix":"BDI-content"}},"wdio_ui5_key":"etmportal.ui.managesites.view.NewSmartSitesap.m.Button{\"text\":\"General Information\"}"}]}
RESULT: {"script":"<script> [1562 bytes]","args":[{"selector":{"controlType":"sap.m.Button","viewName":"etm.portal.ui.managesites.view.NewSmartSite","viewId":"application-managesites-display-component---NewSite","properties":{"text":"General Information"},"interaction":{"idSuffix":"BDI-content"}},"wdio_ui5_key":"etmportal.ui.managesites.view.NewSmartSitesap.m.Button{\"text\":\"General Information\"}"}]}
RESULT: undefined
COMMAND: POST /session/3637353f0f0366f06ffc96bdd6dcca04/element - {"using":"xpath","value":"//*[@id=\"application-managesites-display-component---NewSite--ObjectPageLayout-anchBar-__section29-anchor\"]"}
RESULT: {"using":"xpath","value":"//*[@id=\"application-managesites-display-component---NewSite--ObjectPageLayout-anchBar-__section29-anchor\"]"}
COMMAND: POST /session/3637353f0f0366f06ffc96bdd6dcca04/element/f.FA5AA6ACA71DB73EA77ABAF269C4B101.d.2FF2B500D10F57279F2A605FB46EE8FF.e.2494/click - {}
RESULT: {}
COMMAND: POST /session/3637353f0f0366f06ffc96bdd6dcca04/execute/async - {"script":"<script> [1562 bytes]","args":[{"selector":{"id":"application-managesites-display-component---NewSite--addressDetailDetailsName1","interaction":{"idSuffix":"inner"}},"wdio_ui5_key":"applicationmanagesites-display-component---NewSite--addressDetailDetailsName1"}]}
COMMAND: GET /session/3637353f0f0366f06ffc96bdd6dcca04/screenshot - {}
RESULT: {"script":"<script> [1562 bytes]","args":[{"selector":{"id":"application-managesites-display-component---NewSite--addressDetailDetailsName1","interaction":{"idSuffix":"inner"}},"wdio_ui5_key":"applicationmanagesites-display-component---NewSite--addressDetailDetailsName1"}]}
RESULT: undefined
COMMAND: POST /session/3637353f0f0366f06ffc96bdd6dcca04/execute/async - {"script":"<script> [776 bytes]","args":[{"enterText":"WebdriverWHMSitei4o1of","selector":{"id":"application-managesites-display-component---NewSite--addressDetailDetailsName1","interaction":{"idSuffix":"inner"}},"clearTextFirst":true,"interactionType":"ENTER_TEXT"}]}
RESULT: {}
RESULT: {"script":"<script> [776 bytes]","args":[{"enterText":"WebdriverWHMSitei4o1of","selector":{"id":"application-managesites-display-component---NewSite--addressDetailDetailsName1","interaction":{"idSuffix":"inner"}},"clearTextFirst":true,"interactionType":"ENTER_TEXT"}]}
COMMAND: POST /session/3637353f0f0366f06ffc96bdd6dcca04/execute/async - {"script":"<script> [1562 bytes]","args":[{"selector":{"id":"application-managesites-display-component---NewSite--addressDetailDetailsLanguage","interaction":{"idSuffix":"inner"}},"wdio_ui5_key":"applicationmanagesites-display-component---NewSite--addressDetailDetailsLanguage"}]}
RESULT: {"script":"<script> [1562 bytes]","args":[{"selector":{"id":"application-managesites-display-component---NewSite--addressDetailDetailsLanguage","interaction":{"idSuffix":"inner"}},"wdio_ui5_key":"applicationmanagesites-display-component---NewSite--addressDetailDetailsLanguage"}]}
RESULT: undefined
COMMAND: POST /session/3637353f0f0366f06ffc96bdd6dcca04/execute/async - {"script":"<script> [776 bytes]","args":[{"enterText":"Romanian","selector":{"id":"application-managesites-display-component---NewSite--addressDetailDetailsLanguage","interaction":{"idSuffix":"inner"}},"clearTextFirst":true,"interactionType":"ENTER_TEXT"}]}
RESULT: {"script":"<script> [776 bytes]","args":[{"enterText":"Romanian","selector":{"id":"application-managesites-display-component---NewSite--addressDetailDetailsLanguage","interaction":{"idSuffix":"inner"}},"clearTextFirst":true,"interactionType":"ENTER_TEXT"}]}
COMMAND: POST /session/3637353f0f0366f06ffc96bdd6dcca04/actions - {"actions":[{"id":"action6","type":"key","parameters":{},"actions":[{"type":"keyDown","value":"î€‡"},{"type":"pause","duration":10},{"type":"keyUp","value":"î€‡"}]}]}
RESULT: {"actions":[{"id":"action6","type":"key","parameters":{},"actions":[{"type":"keyDown","value":"î€‡"},{"type":"pause","duration":10},{"type":"keyUp","value":"î€‡"}]}]}
COMMAND: POST /session/3637353f0f0366f06ffc96bdd6dcca04/execute/async - {"script":"<script> [1562 bytes]","args":[{"selector":{"id":"application-managesites-display-component---NewSite--addressDetailDetailsCity1","interaction":{"idSuffix":"inner"}},"wdio_ui5_key":"applicationmanagesites-display-component---NewSite--addressDetailDetailsCity1"}]}
COMMAND: GET /session/3637353f0f0366f06ffc96bdd6dcca04/screenshot - {}
RESULT: {"script":"<script> [1562 bytes]","args":[{"selector":{"id":"application-managesites-display-component---NewSite--addressDetailDetailsCity1","interaction":{"idSuffix":"inner"}},"wdio_ui5_key":"applicationmanagesites-display-component---NewSite--addressDetailDetailsCity1"}]}
RESULT: undefined
COMMAND: POST /session/3637353f0f0366f06ffc96bdd6dcca04/execute/async - {"script":"<script> [776 bytes]","args":[{"enterText":"Bucharest","selector":{"id":"application-managesites-display-component---NewSite--addressDetailDetailsCity1","interaction":{"idSuffix":"inner"}},"clearTextFirst":true,"interactionType":"ENTER_TEXT"}]}
RESULT: {}
RESULT: {"script":"<script> [776 bytes]","args":[{"enterText":"Bucharest","selector":{"id":"application-managesites-display-component---NewSite--addressDetailDetailsCity1","interaction":{"idSuffix":"inner"}},"clearTextFirst":true,"interactionType":"ENTER_TEXT"}]}
COMMAND: POST /session/3637353f0f0366f06ffc96bdd6dcca04/actions - {"actions":[{"id":"action7","type":"key","parameters":{},"actions":[{"type":"keyDown","value":"î€‡"},{"type":"pause","duration":10},{"type":"keyUp","value":"î€‡"}]}]}
RESULT: {"actions":[{"id":"action7","type":"key","parameters":{},"actions":[{"type":"keyDown","value":"î€‡"},{"type":"pause","duration":10},{"type":"keyUp","value":"î€‡"}]}]}
COMMAND: POST /session/3637353f0f0366f06ffc96bdd6dcca04/execute/async - {"script":"<script> [1562 bytes]","args":[{"selector":{"id":"application-managesites-display-component---NewSite--addressDetailDetailsCountry","interaction":{"idSuffix":"inner"}},"wdio_ui5_key":"applicationmanagesites-display-component---NewSite--addressDetailDetailsCountry"}]}
COMMAND: GET /session/3637353f0f0366f06ffc96bdd6dcca04/screenshot - {}
RESULT: {"script":"<script> [1562 bytes]","args":[{"selector":{"id":"application-managesites-display-component---NewSite--addressDetailDetailsCountry","interaction":{"idSuffix":"inner"}},"wdio_ui5_key":"applicationmanagesites-display-component---NewSite--addressDetailDetailsCountry"}]}
RESULT: undefined
COMMAND: POST /session/3637353f0f0366f06ffc96bdd6dcca04/execute/async - {"script":"<script> [6424 bytes]","args":[{"element-6066-11e4-a52e-4f735466cecf":"f.FA5AA6ACA71DB73EA77ABAF269C4B101.d.2FF2B500D10F57279F2A605FB46EE8FF.e.2335"},"setValue",["Romania"]]}
RESULT: {}
RESULT: {"script":"<script> [6424 bytes]","args":[{"element-6066-11e4-a52e-4f735466cecf":"f.FA5AA6ACA71DB73EA77ABAF269C4B101.d.2FF2B500D10F57279F2A605FB46EE8FF.e.2335"},"setValue",["Romania"]]}
COMMAND: POST /session/3637353f0f0366f06ffc96bdd6dcca04/actions - {"actions":[{"id":"action8","type":"key","parameters":{},"actions":[{"type":"keyDown","value":"î€‡"},{"type":"pause","duration":10},{"type":"keyUp","value":"î€‡"}]}]}
RESULT: {"actions":[{"id":"action8","type":"key","parameters":{},"actions":[{"type":"keyDown","value":"î€‡"},{"type":"pause","duration":10},{"type":"keyUp","value":"î€‡"}]}]}
COMMAND: POST /session/3637353f0f0366f06ffc96bdd6dcca04/execute/async - {"script":"<script> [1562 bytes]","args":[{"selector":{"id":"application-managesites-display-component---NewSite--addressDetailDetailsCalendar","interaction":{"idSuffix":"inner"}},"wdio_ui5_key":"applicationmanagesites-display-component---NewSite--addressDetailDetailsCalendar"}]}
COMMAND: GET /session/3637353f0f0366f06ffc96bdd6dcca04/screenshot - {}
RESULT: {"script":"<script> [1562 bytes]","args":[{"selector":{"id":"application-managesites-display-component---NewSite--addressDetailDetailsCalendar","interaction":{"idSuffix":"inner"}},"wdio_ui5_key":"applicationmanagesites-display-component---NewSite--addressDetailDetailsCalendar"}]}
RESULT: undefined
COMMAND: POST /session/3637353f0f0366f06ffc96bdd6dcca04/execute/async - {"script":"<script> [776 bytes]","args":[{"enterText":"Germany","selector":{"id":"application-managesites-display-component---NewSite--addressDetailDetailsCalendar","interaction":{"idSuffix":"inner"}},"clearTextFirst":true,"interactionType":"ENTER_TEXT"}]}
RESULT: {}
RESULT: {"script":"<script> [776 bytes]","args":[{"enterText":"Germany","selector":{"id":"application-managesites-display-component---NewSite--addressDetailDetailsCalendar","interaction":{"idSuffix":"inner"}},"clearTextFirst":true,"interactionType":"ENTER_TEXT"}]}
COMMAND: POST /session/3637353f0f0366f06ffc96bdd6dcca04/actions - {"actions":[{"id":"action9","type":"key","parameters":{},"actions":[{"type":"keyDown","value":"î€‡"},{"type":"pause","duration":10},{"type":"keyUp","value":"î€‡"}]}]}
RESULT: {"actions":[{"id":"action9","type":"key","parameters":{},"actions":[{"type":"keyDown","value":"î€‡"},{"type":"pause","duration":10},{"type":"keyUp","value":"î€‡"}]}]}
COMMAND: POST /session/3637353f0f0366f06ffc96bdd6dcca04/execute/async - {"script":"<script> [1562 bytes]","args":[{"selector":{"id":"application-managesites-display-component---NewSite--addressEditDetailsCostObjectCstType","interaction":{"idSuffix":"inner"}},"wdio_ui5_key":"applicationmanagesites-display-component---NewSite--addressEditDetailsCostObjectCstType"}]}
COMMAND: GET /session/3637353f0f0366f06ffc96bdd6dcca04/screenshot - {}
RESULT: {"script":"<script> [1562 bytes]","args":[{"selector":{"id":"application-managesites-display-component---NewSite--addressEditDetailsCostObjectCstType","interaction":{"idSuffix":"inner"}},"wdio_ui5_key":"applicationmanagesites-display-component---NewSite--addressEditDetailsCostObjectCstType"}]}
RESULT: undefined
COMMAND: POST /session/3637353f0f0366f06ffc96bdd6dcca04/execute/async - {"script":"<script> [776 bytes]","args":[{"enterText":"Cost","selector":{"id":"application-managesites-display-component---NewSite--addressEditDetailsCostObjectCstType","interaction":{"idSuffix":"inner"}},"clearTextFirst":true,"interactionType":"ENTER_TEXT"}]}
RESULT: {}
RESULT: {"script":"<script> [776 bytes]","args":[{"enterText":"Cost","selector":{"id":"application-managesites-display-component---NewSite--addressEditDetailsCostObjectCstType","interaction":{"idSuffix":"inner"}},"clearTextFirst":true,"interactionType":"ENTER_TEXT"}]}
COMMAND: POST /session/3637353f0f0366f06ffc96bdd6dcca04/actions - {"actions":[{"id":"action10","type":"key","parameters":{},"actions":[{"type":"keyDown","value":"î€‡"},{"type":"pause","duration":10},{"type":"keyUp","value":"î€‡"}]}]}
RESULT: {"actions":[{"id":"action10","type":"key","parameters":{},"actions":[{"type":"keyDown","value":"î€‡"},{"type":"pause","duration":10},{"type":"keyUp","value":"î€‡"}]}]}
COMMAND: POST /session/3637353f0f0366f06ffc96bdd6dcca04/execute/async - {"script":"<script> [1562 bytes]","args":[{"selector":{"id":"application-managesites-display-component---NewSite--addressNewCostObjectCstID","interaction":{"idSuffix":"inner"}},"wdio_ui5_key":"applicationmanagesites-display-component---NewSite--addressNewCostObjectCstID"}]}
COMMAND: GET /session/3637353f0f0366f06ffc96bdd6dcca04/screenshot - {}
RESULT: {"script":"<script> [1562 bytes]","args":[{"selector":{"id":"application-managesites-display-component---NewSite--addressNewCostObjectCstID","interaction":{"idSuffix":"inner"}},"wdio_ui5_key":"applicationmanagesites-display-component---NewSite--addressNewCostObjectCstID"}]}
RESULT: undefined
COMMAND: POST /session/3637353f0f0366f06ffc96bdd6dcca04/execute/async - {"script":"<script> [776 bytes]","args":[{"enterText":"1001","selector":{"id":"application-managesites-display-component---NewSite--addressNewCostObjectCstID","interaction":{"idSuffix":"inner"}},"clearTextFirst":true,"interactionType":"ENTER_TEXT"}]}
RESULT: {}
RESULT: {"script":"<script> [776 bytes]","args":[{"enterText":"1001","selector":{"id":"application-managesites-display-component---NewSite--addressNewCostObjectCstID","interaction":{"idSuffix":"inner"}},"clearTextFirst":true,"interactionType":"ENTER_TEXT"}]}
COMMAND: POST /session/3637353f0f0366f06ffc96bdd6dcca04/actions - {"actions":[{"id":"action11","type":"key","parameters":{},"actions":[{"type":"keyDown","value":"î€‡"},{"type":"pause","duration":10},{"type":"keyUp","value":"î€‡"}]}]}
RESULT: {"actions":[{"id":"action11","type":"key","parameters":{},"actions":[{"type":"keyDown","value":"î€‡"},{"type":"pause","duration":10},{"type":"keyUp","value":"î€‡"}]}]}
COMMAND: POST /session/3637353f0f0366f06ffc96bdd6dcca04/element - {"using":"xpath","value":"//input[@id=\"application-managesites-display-component---NewSite--addressDetailDetailsYard-inner\"]"}
COMMAND: GET /session/3637353f0f0366f06ffc96bdd6dcca04/screenshot - {}
RESULT: {"using":"xpath","value":"//input[@id=\"application-managesites-display-component---NewSite--addressDetailDetailsYard-inner\"]"}
COMMAND: POST /session/3637353f0f0366f06ffc96bdd6dcca04/element/f.FA5AA6ACA71DB73EA77ABAF269C4B101.d.2FF2B500D10F57279F2A605FB46EE8FF.e.2346/value - {"text":"495"}
RESULT: {}
RESULT: {"text":"495"}
COMMAND: GET /session/3637353f0f0366f06ffc96bdd6dcca04/screenshot - {}
RESULT: {}
COMMAND: POST /session/3637353f0f0366f06ffc96bdd6dcca04/actions - {"actions":[{"id":"action12","type":"key","parameters":{},"actions":[{"type":"keyDown","value":"î€‡"},{"type":"pause","duration":10},{"type":"keyUp","value":"î€‡"}]}]}
RESULT: {"actions":[{"id":"action12","type":"key","parameters":{},"actions":[{"type":"keyDown","value":"î€‡"},{"type":"pause","duration":10},{"type":"keyUp","value":"î€‡"}]}]}
COMMAND: GET /session/3637353f0f0366f06ffc96bdd6dcca04/screenshot - {}
RESULT: {}
COMMAND: POST /session/3637353f0f0366f06ffc96bdd6dcca04/element - {"using":"xpath","value":"//input[@id=\"application-managesites-display-component---NewSite--addressDetailDetailsPartner-inner\"]"}
RESULT: {"using":"xpath","value":"//input[@id=\"application-managesites-display-component---NewSite--addressDetailDetailsPartner-inner\"]"}
COMMAND: POST /session/3637353f0f0366f06ffc96bdd6dcca04/elements - {"using":"xpath","value":"//input[@id=\"application-managesites-display-component---NewSite--addressDetailDetailsPartner-inner\"]"}
RESULT: {"using":"xpath","value":"//input[@id=\"application-managesites-display-component---NewSite--addressDetailDetailsPartner-inner\"]"}
COMMAND: POST /session/3637353f0f0366f06ffc96bdd6dcca04/execute/async - {"script":"<script> [1562 bytes]","args":[{"selector":{"controlType":"sap.m.Button","viewName":"etm.portal.ui.managesites.view.NewSmartSite","viewId":"application-managesites-display-component---NewSite","properties":{"text":"Commercial"},"interaction":{"idSuffix":"BDI-content"}},"wdio_ui5_key":"etmportal.ui.managesites.view.NewSmartSitesap.m.Button{\"text\":\"Commercial\"}"}]}
RESULT: {"script":"<script> [1562 bytes]","args":[{"selector":{"controlType":"sap.m.Button","viewName":"etm.portal.ui.managesites.view.NewSmartSite","viewId":"application-managesites-display-component---NewSite","properties":{"text":"Commercial"},"interaction":{"idSuffix":"BDI-content"}},"wdio_ui5_key":"etmportal.ui.managesites.view.NewSmartSitesap.m.Button{\"text\":\"Commercial\"}"}]}
RESULT: undefined
COMMAND: POST /session/3637353f0f0366f06ffc96bdd6dcca04/element - {"using":"xpath","value":"//*[@id=\"application-managesites-display-component---NewSite--ObjectPageLayout-anchBar-__section31-anchor\"]"}
RESULT: {"using":"xpath","value":"//*[@id=\"application-managesites-display-component---NewSite--ObjectPageLayout-anchBar-__section31-anchor\"]"}
COMMAND: POST /session/3637353f0f0366f06ffc96bdd6dcca04/element/f.FA5AA6ACA71DB73EA77ABAF269C4B101.d.2FF2B500D10F57279F2A605FB46EE8FF.e.2506/click - {}
RESULT: {}
COMMAND: POST /session/3637353f0f0366f06ffc96bdd6dcca04/execute/async - {"script":"<script> [1562 bytes]","args":[{"selector":{"id":"application-managesites-display-component---NewSite--siteWhmCheckBox-label","interaction":{"idSuffix":"bdi"}},"wdio_ui5_key":"applicationmanagesites-display-component---NewSite--siteWhmCheckBox-label"}]}
COMMAND: GET /session/3637353f0f0366f06ffc96bdd6dcca04/screenshot - {}
RESULT: {"script":"<script> [1562 bytes]","args":[{"selector":{"id":"application-managesites-display-component---NewSite--siteWhmCheckBox-label","interaction":{"idSuffix":"bdi"}},"wdio_ui5_key":"applicationmanagesites-display-component---NewSite--siteWhmCheckBox-label"}]}
RESULT: undefined
COMMAND: POST /session/3637353f0f0366f06ffc96bdd6dcca04/element - {"using":"xpath","value":"//*[@id=\"application-managesites-display-component---NewSite--siteWhmCheckBox-label\"]"}
RESULT: {}
RESULT: {"using":"xpath","value":"//*[@id=\"application-managesites-display-component---NewSite--siteWhmCheckBox-label\"]"}
COMMAND: POST /session/3637353f0f0366f06ffc96bdd6dcca04/element/f.FA5AA6ACA71DB73EA77ABAF269C4B101.d.2FF2B500D10F57279F2A605FB46EE8FF.e.2517/click - {}
RESULT: {}
COMMAND: POST /session/3637353f0f0366f06ffc96bdd6dcca04/execute/async - {"script":"<script> [1562 bytes]","args":[{"selector":{"controlType":"sap.m.Button","viewName":"etm.portal.ui.managesites.view.NewSmartSite","viewId":"application-managesites-display-component---NewSite","i18NText":{"propertyName":"text","key":"save"},"interaction":{"idSuffix":"BDI-content"}},"wdio_ui5_key":"etmportal.ui.managesites.view.NewSmartSitesap.m.Button{\"propertyName\":\"text\",\"key\":\"save\"}"}]}
COMMAND: GET /session/3637353f0f0366f06ffc96bdd6dcca04/screenshot - {}
RESULT: {"script":"<script> [1562 bytes]","args":[{"selector":{"controlType":"sap.m.Button","viewName":"etm.portal.ui.managesites.view.NewSmartSite","viewId":"application-managesites-display-component---NewSite","i18NText":{"propertyName":"text","key":"save"},"interaction":{"idSuffix":"BDI-content"}},"wdio_ui5_key":"etmportal.ui.managesites.view.NewSmartSitesap.m.Button{\"propertyName\":\"text\",\"key\":\"save\"}"}]}
RESULT: undefined
COMMAND: POST /session/3637353f0f0366f06ffc96bdd6dcca04/element - {"using":"xpath","value":"//*[@id=\"__button64\"]"}
RESULT: {}
RESULT: {"using":"xpath","value":"//*[@id=\"__button64\"]"}
COMMAND: POST /session/3637353f0f0366f06ffc96bdd6dcca04/element/f.FA5AA6ACA71DB73EA77ABAF269C4B101.d.2FF2B500D10F57279F2A605FB46EE8FF.e.2487/click - {}
RESULT: {}
COMMAND: GET /session/3637353f0f0366f06ffc96bdd6dcca04/screenshot - {}
RESULT: {}
COMMAND: POST /session/3637353f0f0366f06ffc96bdd6dcca04/element - {"using":"xpath","value":"//header/div/div[2]/div[2]/span"}
RESULT: {"using":"xpath","value":"//header/div/div[2]/div[2]/span"}
COMMAND: GET /session/3637353f0f0366f06ffc96bdd6dcca04/element/f.FA5AA6ACA71DB73EA77ABAF269C4B101.d.2FF2B500D10F57279F2A605FB46EE8FF.e.2722/text - {}
RESULT: {}
COMMAND: POST /session/3637353f0f0366f06ffc96bdd6dcca04/execute/async - {"script":"<script> [1562 bytes]","args":[{"selector":{"id":"application-managesites-display-component---detailSite--addressDetailDetailsYardText"},"wdio_ui5_key":"applicationmanagesites-display-component---detailSite--addressDetailDetailsYardText"}]}
RESULT: {"script":"<script> [1562 bytes]","args":[{"selector":{"id":"application-managesites-display-component---detailSite--addressDetailDetailsYardText"},"wdio_ui5_key":"applicationmanagesites-display-component---detailSite--addressDetailDetailsYardText"}]}
RESULT: undefined
COMMAND: POST /session/3637353f0f0366f06ffc96bdd6dcca04/execute/async - {"script":"<script> [1562 bytes]","args":[{"selector":{"controlType":"sap.m.Label","viewName":"etm.portal.ui.managesites.view.Detail","viewId":"application-managesites-display-component---detailSite","i18NText":{"propertyName":"text","key":"status"}},"wdio_ui5_key":"etmportal.ui.managesites.view.Detailsap.m.Label{\"propertyName\":\"text\",\"key\":\"status\"}"}]}
RESULT: {"script":"<script> [1562 bytes]","args":[{"selector":{"controlType":"sap.m.Label","viewName":"etm.portal.ui.managesites.view.Detail","viewId":"application-managesites-display-component---detailSite","i18NText":{"propertyName":"text","key":"status"}},"wdio_ui5_key":"etmportal.ui.managesites.view.Detailsap.m.Label{\"propertyName\":\"text\",\"key\":\"status\"}"}]}
RESULT: undefined
COMMAND: POST /session/3637353f0f0366f06ffc96bdd6dcca04/execute/async - {"script":"<script> [6424 bytes]","args":[{"element-6066-11e4-a52e-4f735466cecf":"f.FA5AA6ACA71DB73EA77ABAF269C4B101.d.2FF2B500D10F57279F2A605FB46EE8FF.e.2711"},"getText",[]]}
RESULT: {"script":"<script> [6424 bytes]","args":[{"element-6066-11e4-a52e-4f735466cecf":"f.FA5AA6ACA71DB73EA77ABAF269C4B101.d.2FF2B500D10F57279F2A605FB46EE8FF.e.2711"},"getText",[]]}
COMMAND: POST /session/3637353f0f0366f06ffc96bdd6dcca04/execute/async - {"script":"<script> [1562 bytes]","args":[{"selector":{"id":"shell-header","interaction":{"idSuffix":"icon"}},"wdio_ui5_key":"shellheader"}]}
RESULT: {"script":"<script> [1562 bytes]","args":[{"selector":{"id":"shell-header","interaction":{"idSuffix":"icon"}},"wdio_ui5_key":"shellheader"}]}
RESULT: undefined
COMMAND: POST /session/3637353f0f0366f06ffc96bdd6dcca04/element - {"using":"xpath","value":"//*[@id=\"shell-header\"]"}
RESULT: {"using":"xpath","value":"//*[@id=\"shell-header\"]"}
COMMAND: POST /session/3637353f0f0366f06ffc96bdd6dcca04/element/f.FA5AA6ACA71DB73EA77ABAF269C4B101.d.2FF2B500D10F57279F2A605FB46EE8FF.e.2723/click - {}
RESULT: {}
COMMAND: GET /session/3637353f0f0366f06ffc96bdd6dcca04/screenshot - {}
]]></system-out>
    </testcase>
    <testcase classname="chrome.135_0_7049_96.windows.Stock_increase_-_with_WHM_US125587" name="Create WHM material" time="248.374">
      <system-out><![CDATA[
COMMAND: POST /session/3637353f0f0366f06ffc96bdd6dcca04/element - {"using":"css selector","value":"#shell-header-logo"}
RESULT: {}
RESULT: {"using":"css selector","value":"#shell-header-logo"}
COMMAND: POST /session/3637353f0f0366f06ffc96bdd6dcca04/element/f.FA5AA6ACA71DB73EA77ABAF269C4B101.d.2FF2B500D10F57279F2A605FB46EE8FF.e.1819/click - {}
RESULT: {}
COMMAND: GET /session/3637353f0f0366f06ffc96bdd6dcca04/screenshot - {}
RESULT: {}
COMMAND: POST /session/3637353f0f0366f06ffc96bdd6dcca04/execute/async - {"script":"<script> [1562 bytes]","args":[{"selector":{"controlType":"sap.m.GenericTile","properties":{"header":"Manage Resources"}},"wdio_ui5_key":"sapm.GenericTile{\"header\":\"Manage Resources\"}"}]}
RESULT: {"script":"<script> [1562 bytes]","args":[{"selector":{"controlType":"sap.m.GenericTile","properties":{"header":"Manage Resources"}},"wdio_ui5_key":"sapm.GenericTile{\"header\":\"Manage Resources\"}"}]}
RESULT: undefined
COMMAND: POST /session/3637353f0f0366f06ffc96bdd6dcca04/element - {"using":"xpath","value":"//*[@id=\"__tile50\"]"}
RESULT: {"using":"xpath","value":"//*[@id=\"__tile50\"]"}
COMMAND: POST /session/3637353f0f0366f06ffc96bdd6dcca04/element/f.FA5AA6ACA71DB73EA77ABAF269C4B101.d.2FF2B500D10F57279F2A605FB46EE8FF.e.2728/click - {}
RESULT: {}
COMMAND: GET /session/3637353f0f0366f06ffc96bdd6dcca04/screenshot - {}
RESULT: {}
COMMAND: POST /session/3637353f0f0366f06ffc96bdd6dcca04/element - {"using":"xpath","value":"//button[@data-kt=\"addNewRUOverflowToolbarButton\"]"}
RESULT: {"using":"xpath","value":"//button[@data-kt=\"addNewRUOverflowToolbarButton\"]"}
COMMAND: POST /session/3637353f0f0366f06ffc96bdd6dcca04/execute/sync - {"script":"<script> [8489 bytes]","args":[{"element-6066-11e4-a52e-4f735466cecf":"f.FA5AA6ACA71DB73EA77ABAF269C4B101.d.2FF2B500D10F57279F2A605FB46EE8FF.e.2758","ELEMENT":"f.FA5AA6ACA71DB73EA77ABAF269C4B101.d.2FF2B500D10F57279F2A605FB46EE8FF.e.2758"}]}
RESULT: {"script":"<script> [8489 bytes]","args":[{"element-6066-11e4-a52e-4f735466cecf":"f.FA5AA6ACA71DB73EA77ABAF269C4B101.d.2FF2B500D10F57279F2A605FB46EE8FF.e.2758","ELEMENT":"f.FA5AA6ACA71DB73EA77ABAF269C4B101.d.2FF2B500D10F57279F2A605FB46EE8FF.e.2758"}]}
COMMAND: POST /session/3637353f0f0366f06ffc96bdd6dcca04/element/f.FA5AA6ACA71DB73EA77ABAF269C4B101.d.2FF2B500D10F57279F2A605FB46EE8FF.e.2758/click - {}
COMMAND: GET /session/3637353f0f0366f06ffc96bdd6dcca04/screenshot - {}
RESULT: {}
COMMAND: GET /session/3637353f0f0366f06ffc96bdd6dcca04/screenshot - {}
RESULT: {}
RESULT: {}
COMMAND: POST /session/3637353f0f0366f06ffc96bdd6dcca04/execute/async - {"script":"<script> [1562 bytes]","args":[{"selector":{"controlType":"sap.m.ComboBox","viewName":"reusables.view.manageresources.NewResourceUnit","viewId":"application-manageresources-display-component---newResourceUnit","bindingPath":{"path":"","propertyPath":"/RuTypes","modelName":"catalogModel"},"searchOpenDialogs":true},"wdio_ui5_key":"reusablesview.manageresources.NewResourceUnitsap.m.ComboBox{\"path\":\"\",\"propertyPath\":\"/RuTypes\",\"modelName\":\"catalogModel\"}"}]}
RESULT: {"script":"<script> [1562 bytes]","args":[{"selector":{"controlType":"sap.m.ComboBox","viewName":"reusables.view.manageresources.NewResourceUnit","viewId":"application-manageresources-display-component---newResourceUnit","bindingPath":{"path":"","propertyPath":"/RuTypes","modelName":"catalogModel"},"searchOpenDialogs":true},"wdio_ui5_key":"reusablesview.manageresources.NewResourceUnitsap.m.ComboBox{\"path\":\"\",\"propertyPath\":\"/RuTypes\",\"modelName\":\"catalogModel\"}"}]}
RESULT: undefined
COMMAND: POST /session/3637353f0f0366f06ffc96bdd6dcca04/execute/async - {"script":"<script> [1562 bytes]","args":[{"selector":{"controlType":"sap.m.ComboBox","viewName":"reusables.view.manageresources.NewResourceUnit","viewId":"application-manageresources-display-component---newResourceUnit","bindingPath":{"path":"","propertyPath":"/Yards","modelName":"catalogModel"},"searchOpenDialogs":true},"wdio_ui5_key":"reusablesview.manageresources.NewResourceUnitsap.m.ComboBox{\"path\":\"\",\"propertyPath\":\"/Yards\",\"modelName\":\"catalogModel\"}"}]}
RESULT: {"script":"<script> [1562 bytes]","args":[{"selector":{"controlType":"sap.m.ComboBox","viewName":"reusables.view.manageresources.NewResourceUnit","viewId":"application-manageresources-display-component---newResourceUnit","bindingPath":{"path":"","propertyPath":"/Yards","modelName":"catalogModel"},"searchOpenDialogs":true},"wdio_ui5_key":"reusablesview.manageresources.NewResourceUnitsap.m.ComboBox{\"path\":\"\",\"propertyPath\":\"/Yards\",\"modelName\":\"catalogModel\"}"}]}
RESULT: undefined
COMMAND: POST /session/3637353f0f0366f06ffc96bdd6dcca04/execute/async - {"script":"<script> [1562 bytes]","args":[{"selector":{"controlType":"etm.portal.ui.reusables.customControls.LiveSearchComboBox","viewName":"reusables.view.manageresources.NewResourceUnit","viewId":"application-manageresources-display-component---newResourceUnit","bindingPath":{"path":"","propertyPath":"/CatalogItems","modelName":"catalogModel"},"searchOpenDialogs":true},"wdio_ui5_key":"reusablesview.manageresources.NewResourceUnitetm.portal.ui.reusables.customControls.LiveSearchComboBox{\"path\":\"\",\"propertyPath\":\"/CatalogItems\",\"modelName\":\"catalogModel\"}"}]}
RESULT: {"script":"<script> [1562 bytes]","args":[{"selector":{"controlType":"etm.portal.ui.reusables.customControls.LiveSearchComboBox","viewName":"reusables.view.manageresources.NewResourceUnit","viewId":"application-manageresources-display-component---newResourceUnit","bindingPath":{"path":"","propertyPath":"/CatalogItems","modelName":"catalogModel"},"searchOpenDialogs":true},"wdio_ui5_key":"reusablesview.manageresources.NewResourceUnitetm.portal.ui.reusables.customControls.LiveSearchComboBox{\"path\":\"\",\"propertyPath\":\"/CatalogItems\",\"modelName\":\"catalogModel\"}"}]}
RESULT: undefined
COMMAND: POST /session/3637353f0f0366f06ffc96bdd6dcca04/element - {"using":"xpath","value":"//bdi[text()=\"OK\"]"}
RESULT: {"using":"xpath","value":"//bdi[text()=\"OK\"]"}
COMMAND: POST /session/3637353f0f0366f06ffc96bdd6dcca04/elements - {"using":"xpath","value":"//bdi[text()=\"OK\"]"}
RESULT: {"using":"xpath","value":"//bdi[text()=\"OK\"]"}
COMMAND: POST /session/3637353f0f0366f06ffc96bdd6dcca04/elements - {"using":"xpath","value":"//bdi[text()=\"OK\"]"}
RESULT: {"using":"xpath","value":"//bdi[text()=\"OK\"]"}
COMMAND: POST /session/3637353f0f0366f06ffc96bdd6dcca04/elements - {"using":"xpath","value":"//bdi[text()=\"OK\"]"}
RESULT: {"using":"xpath","value":"//bdi[text()=\"OK\"]"}
COMMAND: POST /session/3637353f0f0366f06ffc96bdd6dcca04/elements - {"using":"xpath","value":"//bdi[text()=\"OK\"]"}
RESULT: {"using":"xpath","value":"//bdi[text()=\"OK\"]"}
COMMAND: POST /session/3637353f0f0366f06ffc96bdd6dcca04/elements - {"using":"xpath","value":"//bdi[text()=\"OK\"]"}
RESULT: {"using":"xpath","value":"//bdi[text()=\"OK\"]"}
COMMAND: POST /session/3637353f0f0366f06ffc96bdd6dcca04/elements - {"using":"xpath","value":"//bdi[text()=\"OK\"]"}
RESULT: {"using":"xpath","value":"//bdi[text()=\"OK\"]"}
COMMAND: POST /session/3637353f0f0366f06ffc96bdd6dcca04/elements - {"using":"xpath","value":"//bdi[text()=\"OK\"]"}
RESULT: {"using":"xpath","value":"//bdi[text()=\"OK\"]"}
COMMAND: POST /session/3637353f0f0366f06ffc96bdd6dcca04/elements - {"using":"xpath","value":"//bdi[text()=\"OK\"]"}
RESULT: {"using":"xpath","value":"//bdi[text()=\"OK\"]"}
COMMAND: POST /session/3637353f0f0366f06ffc96bdd6dcca04/elements - {"using":"xpath","value":"//bdi[text()=\"OK\"]"}
RESULT: {"using":"xpath","value":"//bdi[text()=\"OK\"]"}
COMMAND: POST /session/3637353f0f0366f06ffc96bdd6dcca04/elements - {"using":"xpath","value":"//bdi[text()=\"OK\"]"}
RESULT: {"using":"xpath","value":"//bdi[text()=\"OK\"]"}
COMMAND: POST /session/3637353f0f0366f06ffc96bdd6dcca04/elements - {"using":"xpath","value":"//bdi[text()=\"OK\"]"}
RESULT: {"using":"xpath","value":"//bdi[text()=\"OK\"]"}
COMMAND: POST /session/3637353f0f0366f06ffc96bdd6dcca04/elements - {"using":"xpath","value":"//bdi[text()=\"OK\"]"}
RESULT: {"using":"xpath","value":"//bdi[text()=\"OK\"]"}
COMMAND: POST /session/3637353f0f0366f06ffc96bdd6dcca04/elements - {"using":"xpath","value":"//bdi[text()=\"OK\"]"}
RESULT: {"using":"xpath","value":"//bdi[text()=\"OK\"]"}
COMMAND: POST /session/3637353f0f0366f06ffc96bdd6dcca04/elements - {"using":"xpath","value":"//bdi[text()=\"OK\"]"}
RESULT: {"using":"xpath","value":"//bdi[text()=\"OK\"]"}
COMMAND: POST /session/3637353f0f0366f06ffc96bdd6dcca04/elements - {"using":"xpath","value":"//bdi[text()=\"OK\"]"}
RESULT: {"using":"xpath","value":"//bdi[text()=\"OK\"]"}
COMMAND: POST /session/3637353f0f0366f06ffc96bdd6dcca04/elements - {"using":"xpath","value":"//bdi[text()=\"OK\"]"}
RESULT: {"using":"xpath","value":"//bdi[text()=\"OK\"]"}
COMMAND: POST /session/3637353f0f0366f06ffc96bdd6dcca04/elements - {"using":"xpath","value":"//bdi[text()=\"OK\"]"}
RESULT: {"using":"xpath","value":"//bdi[text()=\"OK\"]"}
COMMAND: POST /session/3637353f0f0366f06ffc96bdd6dcca04/elements - {"using":"xpath","value":"//bdi[text()=\"OK\"]"}
RESULT: {"using":"xpath","value":"//bdi[text()=\"OK\"]"}
COMMAND: POST /session/3637353f0f0366f06ffc96bdd6dcca04/elements - {"using":"xpath","value":"//bdi[text()=\"OK\"]"}
RESULT: {"using":"xpath","value":"//bdi[text()=\"OK\"]"}
COMMAND: POST /session/3637353f0f0366f06ffc96bdd6dcca04/elements - {"using":"xpath","value":"//bdi[text()=\"OK\"]"}
RESULT: {"using":"xpath","value":"//bdi[text()=\"OK\"]"}
COMMAND: POST /session/3637353f0f0366f06ffc96bdd6dcca04/elements - {"using":"xpath","value":"//bdi[text()=\"OK\"]"}
RESULT: {"using":"xpath","value":"//bdi[text()=\"OK\"]"}
COMMAND: POST /session/3637353f0f0366f06ffc96bdd6dcca04/elements - {"using":"xpath","value":"//bdi[text()=\"OK\"]"}
RESULT: {"using":"xpath","value":"//bdi[text()=\"OK\"]"}
COMMAND: POST /session/3637353f0f0366f06ffc96bdd6dcca04/elements - {"using":"xpath","value":"//bdi[text()=\"OK\"]"}
RESULT: {"using":"xpath","value":"//bdi[text()=\"OK\"]"}
COMMAND: POST /session/3637353f0f0366f06ffc96bdd6dcca04/elements - {"using":"xpath","value":"//bdi[text()=\"OK\"]"}
RESULT: {"using":"xpath","value":"//bdi[text()=\"OK\"]"}
COMMAND: POST /session/3637353f0f0366f06ffc96bdd6dcca04/elements - {"using":"xpath","value":"//bdi[text()=\"OK\"]"}
RESULT: {"using":"xpath","value":"//bdi[text()=\"OK\"]"}
COMMAND: POST /session/3637353f0f0366f06ffc96bdd6dcca04/elements - {"using":"xpath","value":"//bdi[text()=\"OK\"]"}
RESULT: {"using":"xpath","value":"//bdi[text()=\"OK\"]"}
COMMAND: POST /session/3637353f0f0366f06ffc96bdd6dcca04/elements - {"using":"xpath","value":"//bdi[text()=\"OK\"]"}
RESULT: {"using":"xpath","value":"//bdi[text()=\"OK\"]"}
COMMAND: POST /session/3637353f0f0366f06ffc96bdd6dcca04/elements - {"using":"xpath","value":"//bdi[text()=\"OK\"]"}
RESULT: {"using":"xpath","value":"//bdi[text()=\"OK\"]"}
COMMAND: POST /session/3637353f0f0366f06ffc96bdd6dcca04/elements - {"using":"xpath","value":"//bdi[text()=\"OK\"]"}
RESULT: {"using":"xpath","value":"//bdi[text()=\"OK\"]"}
COMMAND: POST /session/3637353f0f0366f06ffc96bdd6dcca04/elements - {"using":"xpath","value":"//bdi[text()=\"OK\"]"}
RESULT: {"using":"xpath","value":"//bdi[text()=\"OK\"]"}
COMMAND: POST /session/3637353f0f0366f06ffc96bdd6dcca04/elements - {"using":"xpath","value":"//bdi[text()=\"OK\"]"}
RESULT: {"using":"xpath","value":"//bdi[text()=\"OK\"]"}
COMMAND: POST /session/3637353f0f0366f06ffc96bdd6dcca04/elements - {"using":"xpath","value":"//bdi[text()=\"OK\"]"}
RESULT: {"using":"xpath","value":"//bdi[text()=\"OK\"]"}
COMMAND: POST /session/3637353f0f0366f06ffc96bdd6dcca04/elements - {"using":"xpath","value":"//bdi[text()=\"OK\"]"}
RESULT: {"using":"xpath","value":"//bdi[text()=\"OK\"]"}
COMMAND: POST /session/3637353f0f0366f06ffc96bdd6dcca04/elements - {"using":"xpath","value":"//bdi[text()=\"OK\"]"}
RESULT: {"using":"xpath","value":"//bdi[text()=\"OK\"]"}
COMMAND: POST /session/3637353f0f0366f06ffc96bdd6dcca04/elements - {"using":"xpath","value":"//bdi[text()=\"OK\"]"}
RESULT: {"using":"xpath","value":"//bdi[text()=\"OK\"]"}
COMMAND: POST /session/3637353f0f0366f06ffc96bdd6dcca04/elements - {"using":"xpath","value":"//bdi[text()=\"OK\"]"}
RESULT: {"using":"xpath","value":"//bdi[text()=\"OK\"]"}
COMMAND: POST /session/3637353f0f0366f06ffc96bdd6dcca04/elements - {"using":"xpath","value":"//bdi[text()=\"OK\"]"}
RESULT: {"using":"xpath","value":"//bdi[text()=\"OK\"]"}
COMMAND: POST /session/3637353f0f0366f06ffc96bdd6dcca04/elements - {"using":"xpath","value":"//bdi[text()=\"OK\"]"}
RESULT: {"using":"xpath","value":"//bdi[text()=\"OK\"]"}
COMMAND: POST /session/3637353f0f0366f06ffc96bdd6dcca04/elements - {"using":"xpath","value":"//bdi[text()=\"OK\"]"}
RESULT: {"using":"xpath","value":"//bdi[text()=\"OK\"]"}
COMMAND: POST /session/3637353f0f0366f06ffc96bdd6dcca04/elements - {"using":"xpath","value":"//bdi[text()=\"OK\"]"}
RESULT: {"using":"xpath","value":"//bdi[text()=\"OK\"]"}
COMMAND: POST /session/3637353f0f0366f06ffc96bdd6dcca04/elements - {"using":"xpath","value":"//bdi[text()=\"OK\"]"}
RESULT: {"using":"xpath","value":"//bdi[text()=\"OK\"]"}
COMMAND: POST /session/3637353f0f0366f06ffc96bdd6dcca04/elements - {"using":"xpath","value":"//bdi[text()=\"OK\"]"}
RESULT: {"using":"xpath","value":"//bdi[text()=\"OK\"]"}
COMMAND: POST /session/3637353f0f0366f06ffc96bdd6dcca04/elements - {"using":"xpath","value":"//bdi[text()=\"OK\"]"}
RESULT: {"using":"xpath","value":"//bdi[text()=\"OK\"]"}
COMMAND: POST /session/3637353f0f0366f06ffc96bdd6dcca04/elements - {"using":"xpath","value":"//bdi[text()=\"OK\"]"}
RESULT: {"using":"xpath","value":"//bdi[text()=\"OK\"]"}
COMMAND: POST /session/3637353f0f0366f06ffc96bdd6dcca04/elements - {"using":"xpath","value":"//bdi[text()=\"OK\"]"}
RESULT: {"using":"xpath","value":"//bdi[text()=\"OK\"]"}
COMMAND: POST /session/3637353f0f0366f06ffc96bdd6dcca04/elements - {"using":"xpath","value":"//bdi[text()=\"OK\"]"}
RESULT: {"using":"xpath","value":"//bdi[text()=\"OK\"]"}
COMMAND: POST /session/3637353f0f0366f06ffc96bdd6dcca04/elements - {"using":"xpath","value":"//bdi[text()=\"OK\"]"}
RESULT: {"using":"xpath","value":"//bdi[text()=\"OK\"]"}
COMMAND: POST /session/3637353f0f0366f06ffc96bdd6dcca04/elements - {"using":"xpath","value":"//bdi[text()=\"OK\"]"}
RESULT: {"using":"xpath","value":"//bdi[text()=\"OK\"]"}
COMMAND: POST /session/3637353f0f0366f06ffc96bdd6dcca04/elements - {"using":"xpath","value":"//bdi[text()=\"OK\"]"}
RESULT: {"using":"xpath","value":"//bdi[text()=\"OK\"]"}
COMMAND: POST /session/3637353f0f0366f06ffc96bdd6dcca04/elements - {"using":"xpath","value":"//bdi[text()=\"OK\"]"}
RESULT: {"using":"xpath","value":"//bdi[text()=\"OK\"]"}
COMMAND: POST /session/3637353f0f0366f06ffc96bdd6dcca04/elements - {"using":"xpath","value":"//bdi[text()=\"OK\"]"}
RESULT: {"using":"xpath","value":"//bdi[text()=\"OK\"]"}
COMMAND: POST /session/3637353f0f0366f06ffc96bdd6dcca04/elements - {"using":"xpath","value":"//bdi[text()=\"OK\"]"}
RESULT: {"using":"xpath","value":"//bdi[text()=\"OK\"]"}
COMMAND: POST /session/3637353f0f0366f06ffc96bdd6dcca04/elements - {"using":"xpath","value":"//bdi[text()=\"OK\"]"}
RESULT: {"using":"xpath","value":"//bdi[text()=\"OK\"]"}
COMMAND: POST /session/3637353f0f0366f06ffc96bdd6dcca04/elements - {"using":"xpath","value":"//bdi[text()=\"OK\"]"}
RESULT: {"using":"xpath","value":"//bdi[text()=\"OK\"]"}
COMMAND: POST /session/3637353f0f0366f06ffc96bdd6dcca04/elements - {"using":"xpath","value":"//bdi[text()=\"OK\"]"}
RESULT: {"using":"xpath","value":"//bdi[text()=\"OK\"]"}
COMMAND: POST /session/3637353f0f0366f06ffc96bdd6dcca04/elements - {"using":"xpath","value":"//bdi[text()=\"OK\"]"}
RESULT: {"using":"xpath","value":"//bdi[text()=\"OK\"]"}
COMMAND: POST /session/3637353f0f0366f06ffc96bdd6dcca04/elements - {"using":"xpath","value":"//bdi[text()=\"OK\"]"}
RESULT: {"using":"xpath","value":"//bdi[text()=\"OK\"]"}
COMMAND: POST /session/3637353f0f0366f06ffc96bdd6dcca04/elements - {"using":"xpath","value":"//bdi[text()=\"OK\"]"}
RESULT: {"using":"xpath","value":"//bdi[text()=\"OK\"]"}
COMMAND: POST /session/3637353f0f0366f06ffc96bdd6dcca04/elements - {"using":"xpath","value":"//bdi[text()=\"OK\"]"}
RESULT: {"using":"xpath","value":"//bdi[text()=\"OK\"]"}
COMMAND: POST /session/3637353f0f0366f06ffc96bdd6dcca04/elements - {"using":"xpath","value":"//bdi[text()=\"OK\"]"}
RESULT: {"using":"xpath","value":"//bdi[text()=\"OK\"]"}
COMMAND: POST /session/3637353f0f0366f06ffc96bdd6dcca04/elements - {"using":"xpath","value":"//bdi[text()=\"OK\"]"}
RESULT: {"using":"xpath","value":"//bdi[text()=\"OK\"]"}
COMMAND: POST /session/3637353f0f0366f06ffc96bdd6dcca04/elements - {"using":"xpath","value":"//bdi[text()=\"OK\"]"}
RESULT: {"using":"xpath","value":"//bdi[text()=\"OK\"]"}
COMMAND: POST /session/3637353f0f0366f06ffc96bdd6dcca04/elements - {"using":"xpath","value":"//bdi[text()=\"OK\"]"}
RESULT: {"using":"xpath","value":"//bdi[text()=\"OK\"]"}
COMMAND: POST /session/3637353f0f0366f06ffc96bdd6dcca04/elements - {"using":"xpath","value":"//bdi[text()=\"OK\"]"}
RESULT: {"using":"xpath","value":"//bdi[text()=\"OK\"]"}
COMMAND: POST /session/3637353f0f0366f06ffc96bdd6dcca04/elements - {"using":"xpath","value":"//bdi[text()=\"OK\"]"}
RESULT: {"using":"xpath","value":"//bdi[text()=\"OK\"]"}
COMMAND: POST /session/3637353f0f0366f06ffc96bdd6dcca04/elements - {"using":"xpath","value":"//bdi[text()=\"OK\"]"}
RESULT: {"using":"xpath","value":"//bdi[text()=\"OK\"]"}
COMMAND: POST /session/3637353f0f0366f06ffc96bdd6dcca04/elements - {"using":"xpath","value":"//bdi[text()=\"OK\"]"}
RESULT: {"using":"xpath","value":"//bdi[text()=\"OK\"]"}
COMMAND: POST /session/3637353f0f0366f06ffc96bdd6dcca04/elements - {"using":"xpath","value":"//bdi[text()=\"OK\"]"}
RESULT: {"using":"xpath","value":"//bdi[text()=\"OK\"]"}
COMMAND: POST /session/3637353f0f0366f06ffc96bdd6dcca04/elements - {"using":"xpath","value":"//bdi[text()=\"OK\"]"}
RESULT: {"using":"xpath","value":"//bdi[text()=\"OK\"]"}
COMMAND: POST /session/3637353f0f0366f06ffc96bdd6dcca04/elements - {"using":"xpath","value":"//bdi[text()=\"OK\"]"}
RESULT: {"using":"xpath","value":"//bdi[text()=\"OK\"]"}
COMMAND: POST /session/3637353f0f0366f06ffc96bdd6dcca04/elements - {"using":"xpath","value":"//bdi[text()=\"OK\"]"}
RESULT: {"using":"xpath","value":"//bdi[text()=\"OK\"]"}
COMMAND: POST /session/3637353f0f0366f06ffc96bdd6dcca04/elements - {"using":"xpath","value":"//bdi[text()=\"OK\"]"}
RESULT: {"using":"xpath","value":"//bdi[text()=\"OK\"]"}
COMMAND: POST /session/3637353f0f0366f06ffc96bdd6dcca04/elements - {"using":"xpath","value":"//bdi[text()=\"OK\"]"}
RESULT: {"using":"xpath","value":"//bdi[text()=\"OK\"]"}
COMMAND: POST /session/3637353f0f0366f06ffc96bdd6dcca04/elements - {"using":"xpath","value":"//bdi[text()=\"OK\"]"}
RESULT: {"using":"xpath","value":"//bdi[text()=\"OK\"]"}
COMMAND: POST /session/3637353f0f0366f06ffc96bdd6dcca04/elements - {"using":"xpath","value":"//bdi[text()=\"OK\"]"}
RESULT: {"using":"xpath","value":"//bdi[text()=\"OK\"]"}
COMMAND: POST /session/3637353f0f0366f06ffc96bdd6dcca04/elements - {"using":"xpath","value":"//bdi[text()=\"OK\"]"}
RESULT: {"using":"xpath","value":"//bdi[text()=\"OK\"]"}
COMMAND: POST /session/3637353f0f0366f06ffc96bdd6dcca04/elements - {"using":"xpath","value":"//bdi[text()=\"OK\"]"}
RESULT: {"using":"xpath","value":"//bdi[text()=\"OK\"]"}
COMMAND: POST /session/3637353f0f0366f06ffc96bdd6dcca04/elements - {"using":"xpath","value":"//bdi[text()=\"OK\"]"}
RESULT: {"using":"xpath","value":"//bdi[text()=\"OK\"]"}
COMMAND: POST /session/3637353f0f0366f06ffc96bdd6dcca04/elements - {"using":"xpath","value":"//bdi[text()=\"OK\"]"}
RESULT: {"using":"xpath","value":"//bdi[text()=\"OK\"]"}
COMMAND: POST /session/3637353f0f0366f06ffc96bdd6dcca04/elements - {"using":"xpath","value":"//bdi[text()=\"OK\"]"}
RESULT: {"using":"xpath","value":"//bdi[text()=\"OK\"]"}
COMMAND: POST /session/3637353f0f0366f06ffc96bdd6dcca04/elements - {"using":"xpath","value":"//bdi[text()=\"OK\"]"}
RESULT: {"using":"xpath","value":"//bdi[text()=\"OK\"]"}
COMMAND: POST /session/3637353f0f0366f06ffc96bdd6dcca04/elements - {"using":"xpath","value":"//bdi[text()=\"OK\"]"}
RESULT: {"using":"xpath","value":"//bdi[text()=\"OK\"]"}
COMMAND: POST /session/3637353f0f0366f06ffc96bdd6dcca04/elements - {"using":"xpath","value":"//bdi[text()=\"OK\"]"}
RESULT: {"using":"xpath","value":"//bdi[text()=\"OK\"]"}
COMMAND: POST /session/3637353f0f0366f06ffc96bdd6dcca04/elements - {"using":"xpath","value":"//bdi[text()=\"OK\"]"}
RESULT: {"using":"xpath","value":"//bdi[text()=\"OK\"]"}
COMMAND: POST /session/3637353f0f0366f06ffc96bdd6dcca04/elements - {"using":"xpath","value":"//bdi[text()=\"OK\"]"}
RESULT: {"using":"xpath","value":"//bdi[text()=\"OK\"]"}
COMMAND: POST /session/3637353f0f0366f06ffc96bdd6dcca04/elements - {"using":"xpath","value":"//bdi[text()=\"OK\"]"}
RESULT: {"using":"xpath","value":"//bdi[text()=\"OK\"]"}
COMMAND: POST /session/3637353f0f0366f06ffc96bdd6dcca04/elements - {"using":"xpath","value":"//bdi[text()=\"OK\"]"}
RESULT: {"using":"xpath","value":"//bdi[text()=\"OK\"]"}
COMMAND: POST /session/3637353f0f0366f06ffc96bdd6dcca04/elements - {"using":"xpath","value":"//bdi[text()=\"OK\"]"}
RESULT: {"using":"xpath","value":"//bdi[text()=\"OK\"]"}
COMMAND: POST /session/3637353f0f0366f06ffc96bdd6dcca04/elements - {"using":"xpath","value":"//bdi[text()=\"OK\"]"}
RESULT: {"using":"xpath","value":"//bdi[text()=\"OK\"]"}
COMMAND: POST /session/3637353f0f0366f06ffc96bdd6dcca04/elements - {"using":"xpath","value":"//bdi[text()=\"OK\"]"}
RESULT: {"using":"xpath","value":"//bdi[text()=\"OK\"]"}
COMMAND: POST /session/3637353f0f0366f06ffc96bdd6dcca04/elements - {"using":"xpath","value":"//bdi[text()=\"OK\"]"}
RESULT: {"using":"xpath","value":"//bdi[text()=\"OK\"]"}
COMMAND: POST /session/3637353f0f0366f06ffc96bdd6dcca04/elements - {"using":"xpath","value":"//bdi[text()=\"OK\"]"}
RESULT: {"using":"xpath","value":"//bdi[text()=\"OK\"]"}
COMMAND: POST /session/3637353f0f0366f06ffc96bdd6dcca04/elements - {"using":"xpath","value":"//bdi[text()=\"OK\"]"}
RESULT: {"using":"xpath","value":"//bdi[text()=\"OK\"]"}
COMMAND: POST /session/3637353f0f0366f06ffc96bdd6dcca04/elements - {"using":"xpath","value":"//bdi[text()=\"OK\"]"}
RESULT: {"using":"xpath","value":"//bdi[text()=\"OK\"]"}
COMMAND: POST /session/3637353f0f0366f06ffc96bdd6dcca04/elements - {"using":"xpath","value":"//bdi[text()=\"OK\"]"}
RESULT: {"using":"xpath","value":"//bdi[text()=\"OK\"]"}
COMMAND: POST /session/3637353f0f0366f06ffc96bdd6dcca04/elements - {"using":"xpath","value":"//bdi[text()=\"OK\"]"}
RESULT: {"using":"xpath","value":"//bdi[text()=\"OK\"]"}
COMMAND: POST /session/3637353f0f0366f06ffc96bdd6dcca04/elements - {"using":"xpath","value":"//bdi[text()=\"OK\"]"}
RESULT: {"using":"xpath","value":"//bdi[text()=\"OK\"]"}
COMMAND: POST /session/3637353f0f0366f06ffc96bdd6dcca04/elements - {"using":"xpath","value":"//bdi[text()=\"OK\"]"}
RESULT: {"using":"xpath","value":"//bdi[text()=\"OK\"]"}
COMMAND: POST /session/3637353f0f0366f06ffc96bdd6dcca04/elements - {"using":"xpath","value":"//bdi[text()=\"OK\"]"}
RESULT: {"using":"xpath","value":"//bdi[text()=\"OK\"]"}
COMMAND: POST /session/3637353f0f0366f06ffc96bdd6dcca04/elements - {"using":"xpath","value":"//bdi[text()=\"OK\"]"}
RESULT: {"using":"xpath","value":"//bdi[text()=\"OK\"]"}
COMMAND: POST /session/3637353f0f0366f06ffc96bdd6dcca04/elements - {"using":"xpath","value":"//bdi[text()=\"OK\"]"}
RESULT: {"using":"xpath","value":"//bdi[text()=\"OK\"]"}
COMMAND: POST /session/3637353f0f0366f06ffc96bdd6dcca04/elements - {"using":"xpath","value":"//bdi[text()=\"OK\"]"}
RESULT: {"using":"xpath","value":"//bdi[text()=\"OK\"]"}
COMMAND: POST /session/3637353f0f0366f06ffc96bdd6dcca04/elements - {"using":"xpath","value":"//bdi[text()=\"OK\"]"}
RESULT: {"using":"xpath","value":"//bdi[text()=\"OK\"]"}
COMMAND: POST /session/3637353f0f0366f06ffc96bdd6dcca04/elements - {"using":"xpath","value":"//bdi[text()=\"OK\"]"}
RESULT: {"using":"xpath","value":"//bdi[text()=\"OK\"]"}
COMMAND: POST /session/3637353f0f0366f06ffc96bdd6dcca04/elements - {"using":"xpath","value":"//bdi[text()=\"OK\"]"}
RESULT: {"using":"xpath","value":"//bdi[text()=\"OK\"]"}
COMMAND: POST /session/3637353f0f0366f06ffc96bdd6dcca04/elements - {"using":"xpath","value":"//bdi[text()=\"OK\"]"}
RESULT: {"using":"xpath","value":"//bdi[text()=\"OK\"]"}
COMMAND: POST /session/3637353f0f0366f06ffc96bdd6dcca04/elements - {"using":"xpath","value":"//bdi[text()=\"OK\"]"}
RESULT: {"using":"xpath","value":"//bdi[text()=\"OK\"]"}
COMMAND: POST /session/3637353f0f0366f06ffc96bdd6dcca04/elements - {"using":"xpath","value":"//bdi[text()=\"OK\"]"}
RESULT: {"using":"xpath","value":"//bdi[text()=\"OK\"]"}
COMMAND: POST /session/3637353f0f0366f06ffc96bdd6dcca04/elements - {"using":"xpath","value":"//bdi[text()=\"OK\"]"}
RESULT: {"using":"xpath","value":"//bdi[text()=\"OK\"]"}
COMMAND: POST /session/3637353f0f0366f06ffc96bdd6dcca04/elements - {"using":"xpath","value":"//bdi[text()=\"OK\"]"}
RESULT: {"using":"xpath","value":"//bdi[text()=\"OK\"]"}
COMMAND: POST /session/3637353f0f0366f06ffc96bdd6dcca04/elements - {"using":"xpath","value":"//bdi[text()=\"OK\"]"}
RESULT: {"using":"xpath","value":"//bdi[text()=\"OK\"]"}
COMMAND: POST /session/3637353f0f0366f06ffc96bdd6dcca04/elements - {"using":"xpath","value":"//bdi[text()=\"OK\"]"}
RESULT: {"using":"xpath","value":"//bdi[text()=\"OK\"]"}
COMMAND: POST /session/3637353f0f0366f06ffc96bdd6dcca04/elements - {"using":"xpath","value":"//bdi[text()=\"OK\"]"}
RESULT: {"using":"xpath","value":"//bdi[text()=\"OK\"]"}
COMMAND: POST /session/3637353f0f0366f06ffc96bdd6dcca04/elements - {"using":"xpath","value":"//bdi[text()=\"OK\"]"}
RESULT: {"using":"xpath","value":"//bdi[text()=\"OK\"]"}
COMMAND: POST /session/3637353f0f0366f06ffc96bdd6dcca04/elements - {"using":"xpath","value":"//bdi[text()=\"OK\"]"}
RESULT: {"using":"xpath","value":"//bdi[text()=\"OK\"]"}
COMMAND: POST /session/3637353f0f0366f06ffc96bdd6dcca04/elements - {"using":"xpath","value":"//bdi[text()=\"OK\"]"}
RESULT: {"using":"xpath","value":"//bdi[text()=\"OK\"]"}
COMMAND: POST /session/3637353f0f0366f06ffc96bdd6dcca04/elements - {"using":"xpath","value":"//bdi[text()=\"OK\"]"}
RESULT: {"using":"xpath","value":"//bdi[text()=\"OK\"]"}
COMMAND: POST /session/3637353f0f0366f06ffc96bdd6dcca04/elements - {"using":"xpath","value":"//bdi[text()=\"OK\"]"}
RESULT: {"using":"xpath","value":"//bdi[text()=\"OK\"]"}
COMMAND: POST /session/3637353f0f0366f06ffc96bdd6dcca04/elements - {"using":"xpath","value":"//bdi[text()=\"OK\"]"}
RESULT: {"using":"xpath","value":"//bdi[text()=\"OK\"]"}
COMMAND: POST /session/3637353f0f0366f06ffc96bdd6dcca04/elements - {"using":"xpath","value":"//bdi[text()=\"OK\"]"}
RESULT: {"using":"xpath","value":"//bdi[text()=\"OK\"]"}
COMMAND: POST /session/3637353f0f0366f06ffc96bdd6dcca04/elements - {"using":"xpath","value":"//bdi[text()=\"OK\"]"}
COMMAND: POST /session/3637353f0f0366f06ffc96bdd6dcca04/element - {"using":"xpath","value":"//bdi[text()=\"OK\"]"}
RESULT: {"using":"xpath","value":"//bdi[text()=\"OK\"]"}
RESULT: {"using":"xpath","value":"//bdi[text()=\"OK\"]"}
COMMAND: POST /session/3637353f0f0366f06ffc96bdd6dcca04/elements - {"using":"xpath","value":"//bdi[text()=\"OK\"]"}
RESULT: {"using":"xpath","value":"//bdi[text()=\"OK\"]"}
COMMAND: POST /session/3637353f0f0366f06ffc96bdd6dcca04/elements - {"using":"xpath","value":"//bdi[text()=\"OK\"]"}
RESULT: {"using":"xpath","value":"//bdi[text()=\"OK\"]"}
COMMAND: POST /session/3637353f0f0366f06ffc96bdd6dcca04/elements - {"using":"xpath","value":"//bdi[text()=\"OK\"]"}
RESULT: {"using":"xpath","value":"//bdi[text()=\"OK\"]"}
COMMAND: POST /session/3637353f0f0366f06ffc96bdd6dcca04/elements - {"using":"xpath","value":"//bdi[text()=\"OK\"]"}
RESULT: {"using":"xpath","value":"//bdi[text()=\"OK\"]"}
COMMAND: POST /session/3637353f0f0366f06ffc96bdd6dcca04/elements - {"using":"xpath","value":"//bdi[text()=\"OK\"]"}
RESULT: {"using":"xpath","value":"//bdi[text()=\"OK\"]"}
COMMAND: POST /session/3637353f0f0366f06ffc96bdd6dcca04/elements - {"using":"xpath","value":"//bdi[text()=\"OK\"]"}
RESULT: {"using":"xpath","value":"//bdi[text()=\"OK\"]"}
COMMAND: POST /session/3637353f0f0366f06ffc96bdd6dcca04/elements - {"using":"xpath","value":"//bdi[text()=\"OK\"]"}
RESULT: {"using":"xpath","value":"//bdi[text()=\"OK\"]"}
COMMAND: POST /session/3637353f0f0366f06ffc96bdd6dcca04/elements - {"using":"xpath","value":"//bdi[text()=\"OK\"]"}
RESULT: {"using":"xpath","value":"//bdi[text()=\"OK\"]"}
COMMAND: POST /session/3637353f0f0366f06ffc96bdd6dcca04/elements - {"using":"xpath","value":"//bdi[text()=\"OK\"]"}
RESULT: {"using":"xpath","value":"//bdi[text()=\"OK\"]"}
COMMAND: POST /session/3637353f0f0366f06ffc96bdd6dcca04/elements - {"using":"xpath","value":"//bdi[text()=\"OK\"]"}
RESULT: {"using":"xpath","value":"//bdi[text()=\"OK\"]"}
COMMAND: POST /session/3637353f0f0366f06ffc96bdd6dcca04/elements - {"using":"xpath","value":"//bdi[text()=\"OK\"]"}
RESULT: {"using":"xpath","value":"//bdi[text()=\"OK\"]"}
COMMAND: POST /session/3637353f0f0366f06ffc96bdd6dcca04/elements - {"using":"xpath","value":"//bdi[text()=\"OK\"]"}
RESULT: {"using":"xpath","value":"//bdi[text()=\"OK\"]"}
COMMAND: POST /session/3637353f0f0366f06ffc96bdd6dcca04/elements - {"using":"xpath","value":"//bdi[text()=\"OK\"]"}
RESULT: {"using":"xpath","value":"//bdi[text()=\"OK\"]"}
COMMAND: POST /session/3637353f0f0366f06ffc96bdd6dcca04/elements - {"using":"xpath","value":"//bdi[text()=\"OK\"]"}
RESULT: {"using":"xpath","value":"//bdi[text()=\"OK\"]"}
COMMAND: POST /session/3637353f0f0366f06ffc96bdd6dcca04/elements - {"using":"xpath","value":"//bdi[text()=\"OK\"]"}
RESULT: {"using":"xpath","value":"//bdi[text()=\"OK\"]"}
COMMAND: POST /session/3637353f0f0366f06ffc96bdd6dcca04/elements - {"using":"xpath","value":"//bdi[text()=\"OK\"]"}
RESULT: {"using":"xpath","value":"//bdi[text()=\"OK\"]"}
COMMAND: POST /session/3637353f0f0366f06ffc96bdd6dcca04/elements - {"using":"xpath","value":"//bdi[text()=\"OK\"]"}
RESULT: {"using":"xpath","value":"//bdi[text()=\"OK\"]"}
COMMAND: POST /session/3637353f0f0366f06ffc96bdd6dcca04/elements - {"using":"xpath","value":"//bdi[text()=\"OK\"]"}
RESULT: {"using":"xpath","value":"//bdi[text()=\"OK\"]"}
COMMAND: POST /session/3637353f0f0366f06ffc96bdd6dcca04/elements - {"using":"xpath","value":"//bdi[text()=\"OK\"]"}
RESULT: {"using":"xpath","value":"//bdi[text()=\"OK\"]"}
COMMAND: POST /session/3637353f0f0366f06ffc96bdd6dcca04/elements - {"using":"xpath","value":"//bdi[text()=\"OK\"]"}
RESULT: {"using":"xpath","value":"//bdi[text()=\"OK\"]"}
COMMAND: POST /session/3637353f0f0366f06ffc96bdd6dcca04/elements - {"using":"xpath","value":"//bdi[text()=\"OK\"]"}
RESULT: {"using":"xpath","value":"//bdi[text()=\"OK\"]"}
COMMAND: POST /session/3637353f0f0366f06ffc96bdd6dcca04/elements - {"using":"xpath","value":"//bdi[text()=\"OK\"]"}
RESULT: {"using":"xpath","value":"//bdi[text()=\"OK\"]"}
COMMAND: POST /session/3637353f0f0366f06ffc96bdd6dcca04/elements - {"using":"xpath","value":"//bdi[text()=\"OK\"]"}
RESULT: {"using":"xpath","value":"//bdi[text()=\"OK\"]"}
COMMAND: POST /session/3637353f0f0366f06ffc96bdd6dcca04/elements - {"using":"xpath","value":"//bdi[text()=\"OK\"]"}
RESULT: {"using":"xpath","value":"//bdi[text()=\"OK\"]"}
COMMAND: POST /session/3637353f0f0366f06ffc96bdd6dcca04/elements - {"using":"xpath","value":"//bdi[text()=\"OK\"]"}
RESULT: {"using":"xpath","value":"//bdi[text()=\"OK\"]"}
COMMAND: POST /session/3637353f0f0366f06ffc96bdd6dcca04/elements - {"using":"xpath","value":"//bdi[text()=\"OK\"]"}
RESULT: {"using":"xpath","value":"//bdi[text()=\"OK\"]"}
COMMAND: POST /session/3637353f0f0366f06ffc96bdd6dcca04/elements - {"using":"xpath","value":"//bdi[text()=\"OK\"]"}
RESULT: {"using":"xpath","value":"//bdi[text()=\"OK\"]"}
COMMAND: POST /session/3637353f0f0366f06ffc96bdd6dcca04/elements - {"using":"xpath","value":"//bdi[text()=\"OK\"]"}
RESULT: {"using":"xpath","value":"//bdi[text()=\"OK\"]"}
COMMAND: POST /session/3637353f0f0366f06ffc96bdd6dcca04/elements - {"using":"xpath","value":"//bdi[text()=\"OK\"]"}
RESULT: {"using":"xpath","value":"//bdi[text()=\"OK\"]"}
COMMAND: POST /session/3637353f0f0366f06ffc96bdd6dcca04/elements - {"using":"xpath","value":"//bdi[text()=\"OK\"]"}
RESULT: {"using":"xpath","value":"//bdi[text()=\"OK\"]"}
COMMAND: POST /session/3637353f0f0366f06ffc96bdd6dcca04/elements - {"using":"xpath","value":"//bdi[text()=\"OK\"]"}
RESULT: {"using":"xpath","value":"//bdi[text()=\"OK\"]"}
COMMAND: POST /session/3637353f0f0366f06ffc96bdd6dcca04/elements - {"using":"xpath","value":"//bdi[text()=\"OK\"]"}
RESULT: {"using":"xpath","value":"//bdi[text()=\"OK\"]"}
COMMAND: POST /session/3637353f0f0366f06ffc96bdd6dcca04/elements - {"using":"xpath","value":"//bdi[text()=\"OK\"]"}
RESULT: {"using":"xpath","value":"//bdi[text()=\"OK\"]"}
COMMAND: POST /session/3637353f0f0366f06ffc96bdd6dcca04/elements - {"using":"xpath","value":"//bdi[text()=\"OK\"]"}
RESULT: {"using":"xpath","value":"//bdi[text()=\"OK\"]"}
COMMAND: POST /session/3637353f0f0366f06ffc96bdd6dcca04/elements - {"using":"xpath","value":"//bdi[text()=\"OK\"]"}
RESULT: {"using":"xpath","value":"//bdi[text()=\"OK\"]"}
COMMAND: POST /session/3637353f0f0366f06ffc96bdd6dcca04/elements - {"using":"xpath","value":"//bdi[text()=\"OK\"]"}
RESULT: {"using":"xpath","value":"//bdi[text()=\"OK\"]"}
COMMAND: POST /session/3637353f0f0366f06ffc96bdd6dcca04/elements - {"using":"xpath","value":"//bdi[text()=\"OK\"]"}
RESULT: {"using":"xpath","value":"//bdi[text()=\"OK\"]"}
COMMAND: POST /session/3637353f0f0366f06ffc96bdd6dcca04/elements - {"using":"xpath","value":"//bdi[text()=\"OK\"]"}
RESULT: {"using":"xpath","value":"//bdi[text()=\"OK\"]"}
COMMAND: POST /session/3637353f0f0366f06ffc96bdd6dcca04/elements - {"using":"xpath","value":"//bdi[text()=\"OK\"]"}
RESULT: {"using":"xpath","value":"//bdi[text()=\"OK\"]"}
COMMAND: POST /session/3637353f0f0366f06ffc96bdd6dcca04/elements - {"using":"xpath","value":"//bdi[text()=\"OK\"]"}
RESULT: {"using":"xpath","value":"//bdi[text()=\"OK\"]"}
COMMAND: POST /session/3637353f0f0366f06ffc96bdd6dcca04/elements - {"using":"xpath","value":"//bdi[text()=\"OK\"]"}
RESULT: {"using":"xpath","value":"//bdi[text()=\"OK\"]"}
COMMAND: POST /session/3637353f0f0366f06ffc96bdd6dcca04/elements - {"using":"xpath","value":"//bdi[text()=\"OK\"]"}
RESULT: {"using":"xpath","value":"//bdi[text()=\"OK\"]"}
COMMAND: POST /session/3637353f0f0366f06ffc96bdd6dcca04/elements - {"using":"xpath","value":"//bdi[text()=\"OK\"]"}
RESULT: {"using":"xpath","value":"//bdi[text()=\"OK\"]"}
COMMAND: POST /session/3637353f0f0366f06ffc96bdd6dcca04/elements - {"using":"xpath","value":"//bdi[text()=\"OK\"]"}
RESULT: {"using":"xpath","value":"//bdi[text()=\"OK\"]"}
COMMAND: POST /session/3637353f0f0366f06ffc96bdd6dcca04/elements - {"using":"xpath","value":"//bdi[text()=\"OK\"]"}
RESULT: {"using":"xpath","value":"//bdi[text()=\"OK\"]"}
COMMAND: POST /session/3637353f0f0366f06ffc96bdd6dcca04/elements - {"using":"xpath","value":"//bdi[text()=\"OK\"]"}
RESULT: {"using":"xpath","value":"//bdi[text()=\"OK\"]"}
COMMAND: POST /session/3637353f0f0366f06ffc96bdd6dcca04/elements - {"using":"xpath","value":"//bdi[text()=\"OK\"]"}
RESULT: {"using":"xpath","value":"//bdi[text()=\"OK\"]"}
COMMAND: POST /session/3637353f0f0366f06ffc96bdd6dcca04/elements - {"using":"xpath","value":"//bdi[text()=\"OK\"]"}
RESULT: {"using":"xpath","value":"//bdi[text()=\"OK\"]"}
COMMAND: POST /session/3637353f0f0366f06ffc96bdd6dcca04/elements - {"using":"xpath","value":"//bdi[text()=\"OK\"]"}
RESULT: {"using":"xpath","value":"//bdi[text()=\"OK\"]"}
COMMAND: POST /session/3637353f0f0366f06ffc96bdd6dcca04/elements - {"using":"xpath","value":"//bdi[text()=\"OK\"]"}
RESULT: {"using":"xpath","value":"//bdi[text()=\"OK\"]"}
COMMAND: POST /session/3637353f0f0366f06ffc96bdd6dcca04/elements - {"using":"xpath","value":"//bdi[text()=\"OK\"]"}
RESULT: {"using":"xpath","value":"//bdi[text()=\"OK\"]"}
COMMAND: POST /session/3637353f0f0366f06ffc96bdd6dcca04/elements - {"using":"xpath","value":"//bdi[text()=\"OK\"]"}
RESULT: {"using":"xpath","value":"//bdi[text()=\"OK\"]"}
COMMAND: POST /session/3637353f0f0366f06ffc96bdd6dcca04/elements - {"using":"xpath","value":"//bdi[text()=\"OK\"]"}
RESULT: {"using":"xpath","value":"//bdi[text()=\"OK\"]"}
COMMAND: POST /session/3637353f0f0366f06ffc96bdd6dcca04/elements - {"using":"xpath","value":"//bdi[text()=\"OK\"]"}
RESULT: {"using":"xpath","value":"//bdi[text()=\"OK\"]"}
COMMAND: POST /session/3637353f0f0366f06ffc96bdd6dcca04/elements - {"using":"xpath","value":"//bdi[text()=\"OK\"]"}
RESULT: {"using":"xpath","value":"//bdi[text()=\"OK\"]"}
COMMAND: POST /session/3637353f0f0366f06ffc96bdd6dcca04/elements - {"using":"xpath","value":"//bdi[text()=\"OK\"]"}
RESULT: {"using":"xpath","value":"//bdi[text()=\"OK\"]"}
COMMAND: POST /session/3637353f0f0366f06ffc96bdd6dcca04/elements - {"using":"xpath","value":"//bdi[text()=\"OK\"]"}
RESULT: {"using":"xpath","value":"//bdi[text()=\"OK\"]"}
COMMAND: POST /session/3637353f0f0366f06ffc96bdd6dcca04/elements - {"using":"xpath","value":"//bdi[text()=\"OK\"]"}
RESULT: {"using":"xpath","value":"//bdi[text()=\"OK\"]"}
COMMAND: POST /session/3637353f0f0366f06ffc96bdd6dcca04/elements - {"using":"xpath","value":"//bdi[text()=\"OK\"]"}
RESULT: {"using":"xpath","value":"//bdi[text()=\"OK\"]"}
COMMAND: POST /session/3637353f0f0366f06ffc96bdd6dcca04/elements - {"using":"xpath","value":"//bdi[text()=\"OK\"]"}
RESULT: {"using":"xpath","value":"//bdi[text()=\"OK\"]"}
COMMAND: POST /session/3637353f0f0366f06ffc96bdd6dcca04/elements - {"using":"xpath","value":"//bdi[text()=\"OK\"]"}
RESULT: {"using":"xpath","value":"//bdi[text()=\"OK\"]"}
COMMAND: POST /session/3637353f0f0366f06ffc96bdd6dcca04/elements - {"using":"xpath","value":"//bdi[text()=\"OK\"]"}
RESULT: {"using":"xpath","value":"//bdi[text()=\"OK\"]"}
COMMAND: POST /session/3637353f0f0366f06ffc96bdd6dcca04/elements - {"using":"xpath","value":"//bdi[text()=\"OK\"]"}
RESULT: {"using":"xpath","value":"//bdi[text()=\"OK\"]"}
COMMAND: POST /session/3637353f0f0366f06ffc96bdd6dcca04/elements - {"using":"xpath","value":"//bdi[text()=\"OK\"]"}
RESULT: {"using":"xpath","value":"//bdi[text()=\"OK\"]"}
COMMAND: POST /session/3637353f0f0366f06ffc96bdd6dcca04/elements - {"using":"xpath","value":"//bdi[text()=\"OK\"]"}
RESULT: {"using":"xpath","value":"//bdi[text()=\"OK\"]"}
COMMAND: POST /session/3637353f0f0366f06ffc96bdd6dcca04/elements - {"using":"xpath","value":"//bdi[text()=\"OK\"]"}
RESULT: {"using":"xpath","value":"//bdi[text()=\"OK\"]"}
COMMAND: POST /session/3637353f0f0366f06ffc96bdd6dcca04/elements - {"using":"xpath","value":"//bdi[text()=\"OK\"]"}
RESULT: {"using":"xpath","value":"//bdi[text()=\"OK\"]"}
COMMAND: POST /session/3637353f0f0366f06ffc96bdd6dcca04/elements - {"using":"xpath","value":"//bdi[text()=\"OK\"]"}
RESULT: {"using":"xpath","value":"//bdi[text()=\"OK\"]"}
COMMAND: POST /session/3637353f0f0366f06ffc96bdd6dcca04/elements - {"using":"xpath","value":"//bdi[text()=\"OK\"]"}
RESULT: {"using":"xpath","value":"//bdi[text()=\"OK\"]"}
COMMAND: POST /session/3637353f0f0366f06ffc96bdd6dcca04/elements - {"using":"xpath","value":"//bdi[text()=\"OK\"]"}
RESULT: {"using":"xpath","value":"//bdi[text()=\"OK\"]"}
COMMAND: POST /session/3637353f0f0366f06ffc96bdd6dcca04/elements - {"using":"xpath","value":"//bdi[text()=\"OK\"]"}
RESULT: {"using":"xpath","value":"//bdi[text()=\"OK\"]"}
COMMAND: POST /session/3637353f0f0366f06ffc96bdd6dcca04/elements - {"using":"xpath","value":"//bdi[text()=\"OK\"]"}
RESULT: {"using":"xpath","value":"//bdi[text()=\"OK\"]"}
COMMAND: POST /session/3637353f0f0366f06ffc96bdd6dcca04/elements - {"using":"xpath","value":"//bdi[text()=\"OK\"]"}
RESULT: {"using":"xpath","value":"//bdi[text()=\"OK\"]"}
COMMAND: POST /session/3637353f0f0366f06ffc96bdd6dcca04/elements - {"using":"xpath","value":"//bdi[text()=\"OK\"]"}
RESULT: {"using":"xpath","value":"//bdi[text()=\"OK\"]"}
COMMAND: POST /session/3637353f0f0366f06ffc96bdd6dcca04/elements - {"using":"xpath","value":"//bdi[text()=\"OK\"]"}
RESULT: {"using":"xpath","value":"//bdi[text()=\"OK\"]"}
COMMAND: POST /session/3637353f0f0366f06ffc96bdd6dcca04/elements - {"using":"xpath","value":"//bdi[text()=\"OK\"]"}
RESULT: {"using":"xpath","value":"//bdi[text()=\"OK\"]"}
COMMAND: POST /session/3637353f0f0366f06ffc96bdd6dcca04/elements - {"using":"xpath","value":"//bdi[text()=\"OK\"]"}
RESULT: {"using":"xpath","value":"//bdi[text()=\"OK\"]"}
COMMAND: POST /session/3637353f0f0366f06ffc96bdd6dcca04/elements - {"using":"xpath","value":"//bdi[text()=\"OK\"]"}
RESULT: {"using":"xpath","value":"//bdi[text()=\"OK\"]"}
COMMAND: POST /session/3637353f0f0366f06ffc96bdd6dcca04/elements - {"using":"xpath","value":"//bdi[text()=\"OK\"]"}
RESULT: {"using":"xpath","value":"//bdi[text()=\"OK\"]"}
COMMAND: POST /session/3637353f0f0366f06ffc96bdd6dcca04/elements - {"using":"xpath","value":"//bdi[text()=\"OK\"]"}
RESULT: {"using":"xpath","value":"//bdi[text()=\"OK\"]"}
COMMAND: POST /session/3637353f0f0366f06ffc96bdd6dcca04/elements - {"using":"xpath","value":"//bdi[text()=\"OK\"]"}
RESULT: {"using":"xpath","value":"//bdi[text()=\"OK\"]"}
COMMAND: POST /session/3637353f0f0366f06ffc96bdd6dcca04/elements - {"using":"xpath","value":"//bdi[text()=\"OK\"]"}
RESULT: {"using":"xpath","value":"//bdi[text()=\"OK\"]"}
COMMAND: POST /session/3637353f0f0366f06ffc96bdd6dcca04/elements - {"using":"xpath","value":"//bdi[text()=\"OK\"]"}
RESULT: {"using":"xpath","value":"//bdi[text()=\"OK\"]"}
COMMAND: POST /session/3637353f0f0366f06ffc96bdd6dcca04/elements - {"using":"xpath","value":"//bdi[text()=\"OK\"]"}
RESULT: {"using":"xpath","value":"//bdi[text()=\"OK\"]"}
COMMAND: POST /session/3637353f0f0366f06ffc96bdd6dcca04/elements - {"using":"xpath","value":"//bdi[text()=\"OK\"]"}
RESULT: {"using":"xpath","value":"//bdi[text()=\"OK\"]"}
COMMAND: POST /session/3637353f0f0366f06ffc96bdd6dcca04/elements - {"using":"xpath","value":"//bdi[text()=\"OK\"]"}
RESULT: {"using":"xpath","value":"//bdi[text()=\"OK\"]"}
COMMAND: POST /session/3637353f0f0366f06ffc96bdd6dcca04/elements - {"using":"xpath","value":"//bdi[text()=\"OK\"]"}
RESULT: {"using":"xpath","value":"//bdi[text()=\"OK\"]"}
COMMAND: POST /session/3637353f0f0366f06ffc96bdd6dcca04/elements - {"using":"xpath","value":"//bdi[text()=\"OK\"]"}
RESULT: {"using":"xpath","value":"//bdi[text()=\"OK\"]"}
COMMAND: POST /session/3637353f0f0366f06ffc96bdd6dcca04/elements - {"using":"xpath","value":"//bdi[text()=\"OK\"]"}
RESULT: {"using":"xpath","value":"//bdi[text()=\"OK\"]"}
COMMAND: POST /session/3637353f0f0366f06ffc96bdd6dcca04/elements - {"using":"xpath","value":"//bdi[text()=\"OK\"]"}
RESULT: {"using":"xpath","value":"//bdi[text()=\"OK\"]"}
COMMAND: POST /session/3637353f0f0366f06ffc96bdd6dcca04/elements - {"using":"xpath","value":"//bdi[text()=\"OK\"]"}
RESULT: {"using":"xpath","value":"//bdi[text()=\"OK\"]"}
COMMAND: POST /session/3637353f0f0366f06ffc96bdd6dcca04/elements - {"using":"xpath","value":"//bdi[text()=\"OK\"]"}
RESULT: {"using":"xpath","value":"//bdi[text()=\"OK\"]"}
COMMAND: POST /session/3637353f0f0366f06ffc96bdd6dcca04/elements - {"using":"xpath","value":"//bdi[text()=\"OK\"]"}
RESULT: {"using":"xpath","value":"//bdi[text()=\"OK\"]"}
COMMAND: POST /session/3637353f0f0366f06ffc96bdd6dcca04/elements - {"using":"xpath","value":"//bdi[text()=\"OK\"]"}
RESULT: {"using":"xpath","value":"//bdi[text()=\"OK\"]"}
COMMAND: POST /session/3637353f0f0366f06ffc96bdd6dcca04/elements - {"using":"xpath","value":"//bdi[text()=\"OK\"]"}
RESULT: {"using":"xpath","value":"//bdi[text()=\"OK\"]"}
COMMAND: POST /session/3637353f0f0366f06ffc96bdd6dcca04/elements - {"using":"xpath","value":"//bdi[text()=\"OK\"]"}
RESULT: {"using":"xpath","value":"//bdi[text()=\"OK\"]"}
COMMAND: POST /session/3637353f0f0366f06ffc96bdd6dcca04/elements - {"using":"xpath","value":"//bdi[text()=\"OK\"]"}
RESULT: {"using":"xpath","value":"//bdi[text()=\"OK\"]"}
COMMAND: POST /session/3637353f0f0366f06ffc96bdd6dcca04/elements - {"using":"xpath","value":"//bdi[text()=\"OK\"]"}
RESULT: {"using":"xpath","value":"//bdi[text()=\"OK\"]"}
COMMAND: POST /session/3637353f0f0366f06ffc96bdd6dcca04/elements - {"using":"xpath","value":"//bdi[text()=\"OK\"]"}
RESULT: {"using":"xpath","value":"//bdi[text()=\"OK\"]"}
COMMAND: POST /session/3637353f0f0366f06ffc96bdd6dcca04/elements - {"using":"xpath","value":"//bdi[text()=\"OK\"]"}
RESULT: {"using":"xpath","value":"//bdi[text()=\"OK\"]"}
COMMAND: POST /session/3637353f0f0366f06ffc96bdd6dcca04/elements - {"using":"xpath","value":"//bdi[text()=\"OK\"]"}
RESULT: {"using":"xpath","value":"//bdi[text()=\"OK\"]"}
COMMAND: POST /session/3637353f0f0366f06ffc96bdd6dcca04/elements - {"using":"xpath","value":"//bdi[text()=\"OK\"]"}
RESULT: {"using":"xpath","value":"//bdi[text()=\"OK\"]"}
COMMAND: POST /session/3637353f0f0366f06ffc96bdd6dcca04/elements - {"using":"xpath","value":"//bdi[text()=\"OK\"]"}
RESULT: {"using":"xpath","value":"//bdi[text()=\"OK\"]"}
COMMAND: POST /session/3637353f0f0366f06ffc96bdd6dcca04/elements - {"using":"xpath","value":"//bdi[text()=\"OK\"]"}
RESULT: {"using":"xpath","value":"//bdi[text()=\"OK\"]"}
COMMAND: POST /session/3637353f0f0366f06ffc96bdd6dcca04/elements - {"using":"xpath","value":"//bdi[text()=\"OK\"]"}
RESULT: {"using":"xpath","value":"//bdi[text()=\"OK\"]"}
COMMAND: POST /session/3637353f0f0366f06ffc96bdd6dcca04/elements - {"using":"xpath","value":"//bdi[text()=\"OK\"]"}
RESULT: {"using":"xpath","value":"//bdi[text()=\"OK\"]"}
COMMAND: POST /session/3637353f0f0366f06ffc96bdd6dcca04/elements - {"using":"xpath","value":"//bdi[text()=\"OK\"]"}
RESULT: {"using":"xpath","value":"//bdi[text()=\"OK\"]"}
COMMAND: POST /session/3637353f0f0366f06ffc96bdd6dcca04/elements - {"using":"xpath","value":"//bdi[text()=\"OK\"]"}
RESULT: {"using":"xpath","value":"//bdi[text()=\"OK\"]"}
COMMAND: POST /session/3637353f0f0366f06ffc96bdd6dcca04/elements - {"using":"xpath","value":"//bdi[text()=\"OK\"]"}
RESULT: {"using":"xpath","value":"//bdi[text()=\"OK\"]"}
COMMAND: POST /session/3637353f0f0366f06ffc96bdd6dcca04/elements - {"using":"xpath","value":"//bdi[text()=\"OK\"]"}
RESULT: {"using":"xpath","value":"//bdi[text()=\"OK\"]"}
COMMAND: POST /session/3637353f0f0366f06ffc96bdd6dcca04/elements - {"using":"xpath","value":"//bdi[text()=\"OK\"]"}
RESULT: {"using":"xpath","value":"//bdi[text()=\"OK\"]"}
COMMAND: POST /session/3637353f0f0366f06ffc96bdd6dcca04/elements - {"using":"xpath","value":"//bdi[text()=\"OK\"]"}
RESULT: {"using":"xpath","value":"//bdi[text()=\"OK\"]"}
COMMAND: POST /session/3637353f0f0366f06ffc96bdd6dcca04/elements - {"using":"xpath","value":"//bdi[text()=\"OK\"]"}
RESULT: {"using":"xpath","value":"//bdi[text()=\"OK\"]"}
COMMAND: POST /session/3637353f0f0366f06ffc96bdd6dcca04/elements - {"using":"xpath","value":"//bdi[text()=\"OK\"]"}
RESULT: {"using":"xpath","value":"//bdi[text()=\"OK\"]"}
COMMAND: POST /session/3637353f0f0366f06ffc96bdd6dcca04/elements - {"using":"xpath","value":"//bdi[text()=\"OK\"]"}
RESULT: {"using":"xpath","value":"//bdi[text()=\"OK\"]"}
COMMAND: POST /session/3637353f0f0366f06ffc96bdd6dcca04/elements - {"using":"xpath","value":"//bdi[text()=\"OK\"]"}
RESULT: {"using":"xpath","value":"//bdi[text()=\"OK\"]"}
COMMAND: POST /session/3637353f0f0366f06ffc96bdd6dcca04/elements - {"using":"xpath","value":"//bdi[text()=\"OK\"]"}
RESULT: {"using":"xpath","value":"//bdi[text()=\"OK\"]"}
COMMAND: POST /session/3637353f0f0366f06ffc96bdd6dcca04/elements - {"using":"xpath","value":"//bdi[text()=\"OK\"]"}
RESULT: {"using":"xpath","value":"//bdi[text()=\"OK\"]"}
COMMAND: POST /session/3637353f0f0366f06ffc96bdd6dcca04/elements - {"using":"xpath","value":"//bdi[text()=\"OK\"]"}
RESULT: {"using":"xpath","value":"//bdi[text()=\"OK\"]"}
COMMAND: POST /session/3637353f0f0366f06ffc96bdd6dcca04/elements - {"using":"xpath","value":"//bdi[text()=\"OK\"]"}
RESULT: {"using":"xpath","value":"//bdi[text()=\"OK\"]"}
COMMAND: POST /session/3637353f0f0366f06ffc96bdd6dcca04/execute/async - {"script":"<script> [1562 bytes]","args":[{"selector":{"id":"application-manageresources-display-component---newResourceUnit--TYPE-arrow"},"wdio_ui5_key":"applicationmanageresources-display-component---newResourceUnit--TYPE-arrow"}]}
RESULT: {"script":"<script> [1562 bytes]","args":[{"selector":{"id":"application-manageresources-display-component---newResourceUnit--TYPE-arrow"},"wdio_ui5_key":"applicationmanageresources-display-component---newResourceUnit--TYPE-arrow"}]}
RESULT: undefined
COMMAND: POST /session/3637353f0f0366f06ffc96bdd6dcca04/element - {"using":"xpath","value":"//*[@id=\"application-manageresources-display-component---newResourceUnit--TYPE-arrow\"]"}
RESULT: {"using":"xpath","value":"//*[@id=\"application-manageresources-display-component---newResourceUnit--TYPE-arrow\"]"}
COMMAND: POST /session/3637353f0f0366f06ffc96bdd6dcca04/element/f.FA5AA6ACA71DB73EA77ABAF269C4B101.d.2FF2B500D10F57279F2A605FB46EE8FF.e.2925/click - {}
RESULT: {}
COMMAND: POST /session/3637353f0f0366f06ffc96bdd6dcca04/execute/async - {"script":"<script> [1562 bytes]","args":[{"selector":{"controlType":"sap.m.StandardListItem","viewName":"reusables.view.manageresources.NewResourceUnit","viewId":"application-manageresources-display-component---newResourceUnit","properties":{"title":"Material"},"searchOpenDialogs":true,"interaction":{"idSuffix":"titleText"}},"wdio_ui5_key":"reusablesview.manageresources.NewResourceUnitsap.m.StandardListItem{\"title\":\"Material\"}"}]}
COMMAND: GET /session/3637353f0f0366f06ffc96bdd6dcca04/screenshot - {}
RESULT: {"script":"<script> [1562 bytes]","args":[{"selector":{"controlType":"sap.m.StandardListItem","viewName":"reusables.view.manageresources.NewResourceUnit","viewId":"application-manageresources-display-component---newResourceUnit","properties":{"title":"Material"},"searchOpenDialogs":true,"interaction":{"idSuffix":"titleText"}},"wdio_ui5_key":"reusablesview.manageresources.NewResourceUnitsap.m.StandardListItem{\"title\":\"Material\"}"}]}
RESULT: undefined
COMMAND: POST /session/3637353f0f0366f06ffc96bdd6dcca04/element - {"using":"xpath","value":"//*[@id=\"__item979\"]"}
RESULT: {}
RESULT: {"using":"xpath","value":"//*[@id=\"__item979\"]"}
COMMAND: POST /session/3637353f0f0366f06ffc96bdd6dcca04/element/f.FA5AA6ACA71DB73EA77ABAF269C4B101.d.2FF2B500D10F57279F2A605FB46EE8FF.e.2928/click - {}
RESULT: {}
COMMAND: GET /session/3637353f0f0366f06ffc96bdd6dcca04/screenshot - {}
RESULT: {}
COMMAND: POST /session/3637353f0f0366f06ffc96bdd6dcca04/execute/async - {"script":"<script> [1562 bytes]","args":[{"selector":{"id":"application-manageresources-display-component---newResourceUnit--newRRUPage-OPHeaderContent-collapseBtn-img"},"wdio_ui5_key":"applicationmanageresources-display-component---newResourceUnit--newRRUPage-OPHeaderContent-collapseBtn-img"}]}
RESULT: {"script":"<script> [1562 bytes]","args":[{"selector":{"id":"application-manageresources-display-component---newResourceUnit--newRRUPage-OPHeaderContent-collapseBtn-img"},"wdio_ui5_key":"applicationmanageresources-display-component---newResourceUnit--newRRUPage-OPHeaderContent-collapseBtn-img"}]}
RESULT: undefined
COMMAND: POST /session/3637353f0f0366f06ffc96bdd6dcca04/element - {"using":"xpath","value":"//*[@id=\"application-manageresources-display-component---newResourceUnit--newRRUPage-OPHeaderContent-collapseBtn-img\"]"}
RESULT: {"using":"xpath","value":"//*[@id=\"application-manageresources-display-component---newResourceUnit--newRRUPage-OPHeaderContent-collapseBtn-img\"]"}
COMMAND: POST /session/3637353f0f0366f06ffc96bdd6dcca04/element/f.FA5AA6ACA71DB73EA77ABAF269C4B101.d.2FF2B500D10F57279F2A605FB46EE8FF.e.2935/click - {}
RESULT: {}
COMMAND: GET /session/3637353f0f0366f06ffc96bdd6dcca04/screenshot - {}
RESULT: {}
COMMAND: POST /session/3637353f0f0366f06ffc96bdd6dcca04/execute/async - {"script":"<script> [1562 bytes]","args":[{"selector":{"id":"application-manageresources-display-component---newResourceUnit--SHORT_TEXT","interaction":{"idSuffix":"inner"}},"wdio_ui5_key":"applicationmanageresources-display-component---newResourceUnit--SHORT_TEXT"}]}
RESULT: {"script":"<script> [1562 bytes]","args":[{"selector":{"id":"application-manageresources-display-component---newResourceUnit--SHORT_TEXT","interaction":{"idSuffix":"inner"}},"wdio_ui5_key":"applicationmanageresources-display-component---newResourceUnit--SHORT_TEXT"}]}
RESULT: undefined
COMMAND: POST /session/3637353f0f0366f06ffc96bdd6dcca04/execute/async - {"script":"<script> [776 bytes]","args":[{"enterText":"WebdriverWHM_RUR2Ci4o1of","selector":{"id":"application-manageresources-display-component---newResourceUnit--SHORT_TEXT","interaction":{"idSuffix":"inner"}},"clearTextFirst":true,"interactionType":"ENTER_TEXT"}]}
RESULT: {"script":"<script> [776 bytes]","args":[{"enterText":"WebdriverWHM_RUR2Ci4o1of","selector":{"id":"application-manageresources-display-component---newResourceUnit--SHORT_TEXT","interaction":{"idSuffix":"inner"}},"clearTextFirst":true,"interactionType":"ENTER_TEXT"}]}
COMMAND: POST /session/3637353f0f0366f06ffc96bdd6dcca04/execute/async - {"script":"<script> [1562 bytes]","args":[{"selector":{"id":"application-manageresources-display-component---newResourceUnit--BASE_UNIT_OF_MEASURE-arrow"},"wdio_ui5_key":"applicationmanageresources-display-component---newResourceUnit--BASE_UNIT_OF_MEASURE-arrow"}]}
RESULT: {"script":"<script> [1562 bytes]","args":[{"selector":{"id":"application-manageresources-display-component---newResourceUnit--BASE_UNIT_OF_MEASURE-arrow"},"wdio_ui5_key":"applicationmanageresources-display-component---newResourceUnit--BASE_UNIT_OF_MEASURE-arrow"}]}
RESULT: undefined
COMMAND: POST /session/3637353f0f0366f06ffc96bdd6dcca04/element - {"using":"xpath","value":"//*[@id=\"application-manageresources-display-component---newResourceUnit--BASE_UNIT_OF_MEASURE-arrow\"]"}
RESULT: {"using":"xpath","value":"//*[@id=\"application-manageresources-display-component---newResourceUnit--BASE_UNIT_OF_MEASURE-arrow\"]"}
COMMAND: POST /session/3637353f0f0366f06ffc96bdd6dcca04/element/f.FA5AA6ACA71DB73EA77ABAF269C4B101.d.2FF2B500D10F57279F2A605FB46EE8FF.e.2988/click - {}
RESULT: {}
COMMAND: POST /session/3637353f0f0366f06ffc96bdd6dcca04/execute/async - {"script":"<script> [1562 bytes]","args":[{"selector":{"controlType":"sap.m.StandardListItem","viewName":"reusables.view.manageresources.NewResourceUnit","viewId":"application-manageresources-display-component---newResourceUnit","properties":{"title":"Piece"},"searchOpenDialogs":true,"interaction":{"idSuffix":"content"}},"wdio_ui5_key":"reusablesview.manageresources.NewResourceUnitsap.m.StandardListItem{\"title\":\"Piece\"}"}]}
COMMAND: GET /session/3637353f0f0366f06ffc96bdd6dcca04/screenshot - {}
RESULT: {"script":"<script> [1562 bytes]","args":[{"selector":{"controlType":"sap.m.StandardListItem","viewName":"reusables.view.manageresources.NewResourceUnit","viewId":"application-manageresources-display-component---newResourceUnit","properties":{"title":"Piece"},"searchOpenDialogs":true,"interaction":{"idSuffix":"content"}},"wdio_ui5_key":"reusablesview.manageresources.NewResourceUnitsap.m.StandardListItem{\"title\":\"Piece\"}"}]}
RESULT: undefined
COMMAND: POST /session/3637353f0f0366f06ffc96bdd6dcca04/element - {"using":"xpath","value":"//*[@id=\"__item1023\"]"}
RESULT: {}
RESULT: {"using":"xpath","value":"//*[@id=\"__item1023\"]"}
COMMAND: POST /session/3637353f0f0366f06ffc96bdd6dcca04/element/f.FA5AA6ACA71DB73EA77ABAF269C4B101.d.2FF2B500D10F57279F2A605FB46EE8FF.e.2990/click - {}
RESULT: {}
COMMAND: POST /session/3637353f0f0366f06ffc96bdd6dcca04/execute/async - {"script":"<script> [1562 bytes]","args":[{"selector":{"id":"application-manageresources-display-component---newResourceUnit--WEIGHT_UNIT-arrow"},"wdio_ui5_key":"applicationmanageresources-display-component---newResourceUnit--WEIGHT_UNIT-arrow"}]}
COMMAND: GET /session/3637353f0f0366f06ffc96bdd6dcca04/screenshot - {}
RESULT: {"script":"<script> [1562 bytes]","args":[{"selector":{"id":"application-manageresources-display-component---newResourceUnit--WEIGHT_UNIT-arrow"},"wdio_ui5_key":"applicationmanageresources-display-component---newResourceUnit--WEIGHT_UNIT-arrow"}]}
RESULT: undefined
COMMAND: POST /session/3637353f0f0366f06ffc96bdd6dcca04/element - {"using":"xpath","value":"//*[@id=\"application-manageresources-display-component---newResourceUnit--WEIGHT_UNIT-arrow\"]"}
RESULT: {}
RESULT: {"using":"xpath","value":"//*[@id=\"application-manageresources-display-component---newResourceUnit--WEIGHT_UNIT-arrow\"]"}
COMMAND: POST /session/3637353f0f0366f06ffc96bdd6dcca04/element/f.FA5AA6ACA71DB73EA77ABAF269C4B101.d.2FF2B500D10F57279F2A605FB46EE8FF.e.2991/click - {}
RESULT: {}
COMMAND: POST /session/3637353f0f0366f06ffc96bdd6dcca04/execute/async - {"script":"<script> [1562 bytes]","args":[{"selector":{"controlType":"sap.m.StandardListItem","viewName":"reusables.view.manageresources.NewResourceUnit","viewId":"application-manageresources-display-component---newResourceUnit","properties":{"title":"Gram"},"searchOpenDialogs":true,"interaction":{"idSuffix":"content"}},"wdio_ui5_key":"reusablesview.manageresources.NewResourceUnitsap.m.StandardListItem{\"title\":\"Gram\"}"}]}
COMMAND: GET /session/3637353f0f0366f06ffc96bdd6dcca04/screenshot - {}
RESULT: {"script":"<script> [1562 bytes]","args":[{"selector":{"controlType":"sap.m.StandardListItem","viewName":"reusables.view.manageresources.NewResourceUnit","viewId":"application-manageresources-display-component---newResourceUnit","properties":{"title":"Gram"},"searchOpenDialogs":true,"interaction":{"idSuffix":"content"}},"wdio_ui5_key":"reusablesview.manageresources.NewResourceUnitsap.m.StandardListItem{\"title\":\"Gram\"}"}]}
RESULT: undefined
COMMAND: POST /session/3637353f0f0366f06ffc96bdd6dcca04/element - {"using":"xpath","value":"//*[@id=\"__item1088\"]"}
RESULT: {}
RESULT: {"using":"xpath","value":"//*[@id=\"__item1088\"]"}
COMMAND: POST /session/3637353f0f0366f06ffc96bdd6dcca04/element/f.FA5AA6ACA71DB73EA77ABAF269C4B101.d.2FF2B500D10F57279F2A605FB46EE8FF.e.2993/click - {}
RESULT: {}
COMMAND: POST /session/3637353f0f0366f06ffc96bdd6dcca04/element - {"using":"xpath","value":"//bdi[text()='Reference']"}
COMMAND: GET /session/3637353f0f0366f06ffc96bdd6dcca04/screenshot - {}
RESULT: {"using":"xpath","value":"//bdi[text()='Reference']"}
COMMAND: GET /session/3637353f0f0366f06ffc96bdd6dcca04/element/f.FA5AA6ACA71DB73EA77ABAF269C4B101.d.2FF2B500D10F57279F2A605FB46EE8FF.e.2994/enabled - {}
RESULT: {}
RESULT: {}
COMMAND: POST /session/3637353f0f0366f06ffc96bdd6dcca04/execute/sync - {"script":"<script> [8489 bytes]","args":[{"element-6066-11e4-a52e-4f735466cecf":"f.FA5AA6ACA71DB73EA77ABAF269C4B101.d.2FF2B500D10F57279F2A605FB46EE8FF.e.2994","ELEMENT":"f.FA5AA6ACA71DB73EA77ABAF269C4B101.d.2FF2B500D10F57279F2A605FB46EE8FF.e.2994"}]}
COMMAND: GET /session/3637353f0f0366f06ffc96bdd6dcca04/screenshot - {}
RESULT: {"script":"<script> [8489 bytes]","args":[{"element-6066-11e4-a52e-4f735466cecf":"f.FA5AA6ACA71DB73EA77ABAF269C4B101.d.2FF2B500D10F57279F2A605FB46EE8FF.e.2994","ELEMENT":"f.FA5AA6ACA71DB73EA77ABAF269C4B101.d.2FF2B500D10F57279F2A605FB46EE8FF.e.2994"}]}
COMMAND: POST /session/3637353f0f0366f06ffc96bdd6dcca04/execute/sync - {"script":"<script> [5351 bytes]","args":[{"element-6066-11e4-a52e-4f735466cecf":"f.FA5AA6ACA71DB73EA77ABAF269C4B101.d.2FF2B500D10F57279F2A605FB46EE8FF.e.2994","ELEMENT":"f.FA5AA6ACA71DB73EA77ABAF269C4B101.d.2FF2B500D10F57279F2A605FB46EE8FF.e.2994"}]}
COMMAND: GET /session/3637353f0f0366f06ffc96bdd6dcca04/screenshot - {}
RESULT: {}
RESULT: {"script":"<script> [5351 bytes]","args":[{"element-6066-11e4-a52e-4f735466cecf":"f.FA5AA6ACA71DB73EA77ABAF269C4B101.d.2FF2B500D10F57279F2A605FB46EE8FF.e.2994","ELEMENT":"f.FA5AA6ACA71DB73EA77ABAF269C4B101.d.2FF2B500D10F57279F2A605FB46EE8FF.e.2994"}]}
COMMAND: POST /session/3637353f0f0366f06ffc96bdd6dcca04/element/f.FA5AA6ACA71DB73EA77ABAF269C4B101.d.2FF2B500D10F57279F2A605FB46EE8FF.e.2994/click - {}
COMMAND: GET /session/3637353f0f0366f06ffc96bdd6dcca04/screenshot - {}
RESULT: {}
RESULT: {}
COMMAND: POST /session/3637353f0f0366f06ffc96bdd6dcca04/element - {"using":"xpath","value":"//bdi[text()='General Information']"}
COMMAND: GET /session/3637353f0f0366f06ffc96bdd6dcca04/screenshot - {}
RESULT: {}
RESULT: {"using":"xpath","value":"//bdi[text()='General Information']"}
COMMAND: GET /session/3637353f0f0366f06ffc96bdd6dcca04/element/f.FA5AA6ACA71DB73EA77ABAF269C4B101.d.2FF2B500D10F57279F2A605FB46EE8FF.e.2999/enabled - {}
RESULT: {}
RESULT: {}
COMMAND: POST /session/3637353f0f0366f06ffc96bdd6dcca04/execute/sync - {"script":"<script> [8489 bytes]","args":[{"element-6066-11e4-a52e-4f735466cecf":"f.FA5AA6ACA71DB73EA77ABAF269C4B101.d.2FF2B500D10F57279F2A605FB46EE8FF.e.2999","ELEMENT":"f.FA5AA6ACA71DB73EA77ABAF269C4B101.d.2FF2B500D10F57279F2A605FB46EE8FF.e.2999"}]}
COMMAND: GET /session/3637353f0f0366f06ffc96bdd6dcca04/screenshot - {}
RESULT: {"script":"<script> [8489 bytes]","args":[{"element-6066-11e4-a52e-4f735466cecf":"f.FA5AA6ACA71DB73EA77ABAF269C4B101.d.2FF2B500D10F57279F2A605FB46EE8FF.e.2999","ELEMENT":"f.FA5AA6ACA71DB73EA77ABAF269C4B101.d.2FF2B500D10F57279F2A605FB46EE8FF.e.2999"}]}
COMMAND: POST /session/3637353f0f0366f06ffc96bdd6dcca04/execute/sync - {"script":"<script> [5351 bytes]","args":[{"element-6066-11e4-a52e-4f735466cecf":"f.FA5AA6ACA71DB73EA77ABAF269C4B101.d.2FF2B500D10F57279F2A605FB46EE8FF.e.2999","ELEMENT":"f.FA5AA6ACA71DB73EA77ABAF269C4B101.d.2FF2B500D10F57279F2A605FB46EE8FF.e.2999"}]}
COMMAND: GET /session/3637353f0f0366f06ffc96bdd6dcca04/screenshot - {}
RESULT: {}
RESULT: {"script":"<script> [5351 bytes]","args":[{"element-6066-11e4-a52e-4f735466cecf":"f.FA5AA6ACA71DB73EA77ABAF269C4B101.d.2FF2B500D10F57279F2A605FB46EE8FF.e.2999","ELEMENT":"f.FA5AA6ACA71DB73EA77ABAF269C4B101.d.2FF2B500D10F57279F2A605FB46EE8FF.e.2999"}]}
COMMAND: POST /session/3637353f0f0366f06ffc96bdd6dcca04/element/f.FA5AA6ACA71DB73EA77ABAF269C4B101.d.2FF2B500D10F57279F2A605FB46EE8FF.e.2999/click - {}
COMMAND: GET /session/3637353f0f0366f06ffc96bdd6dcca04/screenshot - {}
RESULT: {}
RESULT: {}
COMMAND: POST /session/3637353f0f0366f06ffc96bdd6dcca04/execute/async - {"script":"<script> [1562 bytes]","args":[{"selector":{"id":"application-manageresources-display-component---newResourceUnit--DIMENSION_UNIT-arrow"},"wdio_ui5_key":"applicationmanageresources-display-component---newResourceUnit--DIMENSION_UNIT-arrow"}]}
COMMAND: GET /session/3637353f0f0366f06ffc96bdd6dcca04/screenshot - {}
RESULT: {}
RESULT: {"script":"<script> [1562 bytes]","args":[{"selector":{"id":"application-manageresources-display-component---newResourceUnit--DIMENSION_UNIT-arrow"},"wdio_ui5_key":"applicationmanageresources-display-component---newResourceUnit--DIMENSION_UNIT-arrow"}]}
RESULT: undefined
COMMAND: POST /session/3637353f0f0366f06ffc96bdd6dcca04/element - {"using":"xpath","value":"//*[@id=\"application-manageresources-display-component---newResourceUnit--DIMENSION_UNIT-arrow\"]"}
RESULT: {}
RESULT: {"using":"xpath","value":"//*[@id=\"application-manageresources-display-component---newResourceUnit--DIMENSION_UNIT-arrow\"]"}
COMMAND: POST /session/3637353f0f0366f06ffc96bdd6dcca04/element/f.FA5AA6ACA71DB73EA77ABAF269C4B101.d.2FF2B500D10F57279F2A605FB46EE8FF.e.3002/click - {}
RESULT: {}
COMMAND: GET /session/3637353f0f0366f06ffc96bdd6dcca04/screenshot - {}
RESULT: {}
COMMAND: POST /session/3637353f0f0366f06ffc96bdd6dcca04/execute/async - {"script":"<script> [1562 bytes]","args":[{"selector":{"controlType":"sap.m.StandardListItem","viewName":"reusables.view.manageresources.NewResourceUnit","viewId":"application-manageresources-display-component---newResourceUnit","properties":{"title":"Centimeter"},"searchOpenDialogs":true,"interaction":{"idSuffix":"titleText"}},"wdio_ui5_key":"reusablesview.manageresources.NewResourceUnitsap.m.StandardListItem{\"title\":\"Centimeter\"}"}]}
RESULT: {"script":"<script> [1562 bytes]","args":[{"selector":{"controlType":"sap.m.StandardListItem","viewName":"reusables.view.manageresources.NewResourceUnit","viewId":"application-manageresources-display-component---newResourceUnit","properties":{"title":"Centimeter"},"searchOpenDialogs":true,"interaction":{"idSuffix":"titleText"}},"wdio_ui5_key":"reusablesview.manageresources.NewResourceUnitsap.m.StandardListItem{\"title\":\"Centimeter\"}"}]}
RESULT: undefined
COMMAND: POST /session/3637353f0f0366f06ffc96bdd6dcca04/element - {"using":"xpath","value":"//*[@id=\"__item1091\"]"}
RESULT: {"using":"xpath","value":"//*[@id=\"__item1091\"]"}
COMMAND: POST /session/3637353f0f0366f06ffc96bdd6dcca04/element/f.FA5AA6ACA71DB73EA77ABAF269C4B101.d.2FF2B500D10F57279F2A605FB46EE8FF.e.3004/click - {}
RESULT: {}
COMMAND: POST /session/3637353f0f0366f06ffc96bdd6dcca04/execute/async - {"script":"<script> [1562 bytes]","args":[{"selector":{"id":"application-manageresources-display-component---newResourceUnit--newRRUPage-anchBar-application-manageresources-display-component---newResourceUnit--reference-anchor","interaction":{"idSuffix":"BDI-content"}},"wdio_ui5_key":"applicationmanageresources-display-component---newResourceUnit--newRRUPage-anchBar-application-manageresources-display-component---newResourceUnit--reference-anchor"}]}
COMMAND: GET /session/3637353f0f0366f06ffc96bdd6dcca04/screenshot - {}
RESULT: {"script":"<script> [1562 bytes]","args":[{"selector":{"id":"application-manageresources-display-component---newResourceUnit--newRRUPage-anchBar-application-manageresources-display-component---newResourceUnit--reference-anchor","interaction":{"idSuffix":"BDI-content"}},"wdio_ui5_key":"applicationmanageresources-display-component---newResourceUnit--newRRUPage-anchBar-application-manageresources-display-component---newResourceUnit--reference-anchor"}]}
RESULT: undefined
COMMAND: POST /session/3637353f0f0366f06ffc96bdd6dcca04/element - {"using":"xpath","value":"//*[@id=\"application-manageresources-display-component---newResourceUnit--newRRUPage-anchBar-application-manageresources-display-component---newResourceUnit--reference-anchor\"]"}
RESULT: {}
RESULT: {"using":"xpath","value":"//*[@id=\"application-manageresources-display-component---newResourceUnit--newRRUPage-anchBar-application-manageresources-display-component---newResourceUnit--reference-anchor\"]"}
COMMAND: POST /session/3637353f0f0366f06ffc96bdd6dcca04/element/f.FA5AA6ACA71DB73EA77ABAF269C4B101.d.2FF2B500D10F57279F2A605FB46EE8FF.e.2995/click - {}
RESULT: {}
COMMAND: POST /session/3637353f0f0366f06ffc96bdd6dcca04/execute/async - {"script":"<script> [1562 bytes]","args":[{"selector":{"id":"application-manageresources-display-component---newResourceUnit--PLANNING_GROUP-arrow"},"wdio_ui5_key":"applicationmanageresources-display-component---newResourceUnit--PLANNING_GROUP-arrow"}]}
COMMAND: GET /session/3637353f0f0366f06ffc96bdd6dcca04/screenshot - {}
RESULT: {"script":"<script> [1562 bytes]","args":[{"selector":{"id":"application-manageresources-display-component---newResourceUnit--PLANNING_GROUP-arrow"},"wdio_ui5_key":"applicationmanageresources-display-component---newResourceUnit--PLANNING_GROUP-arrow"}]}
RESULT: undefined
COMMAND: POST /session/3637353f0f0366f06ffc96bdd6dcca04/element - {"using":"xpath","value":"//*[@id=\"application-manageresources-display-component---newResourceUnit--PLANNING_GROUP-arrow\"]"}
RESULT: {}
RESULT: {"using":"xpath","value":"//*[@id=\"application-manageresources-display-component---newResourceUnit--PLANNING_GROUP-arrow\"]"}
COMMAND: POST /session/3637353f0f0366f06ffc96bdd6dcca04/element/f.FA5AA6ACA71DB73EA77ABAF269C4B101.d.2FF2B500D10F57279F2A605FB46EE8FF.e.3005/click - {}
RESULT: {}
COMMAND: POST /session/3637353f0f0366f06ffc96bdd6dcca04/execute/async - {"script":"<script> [1562 bytes]","args":[{"selector":{"controlType":"sap.m.StandardListItem","viewName":"reusables.view.manageresources.NewResourceUnit","viewId":"application-manageresources-display-component---newResourceUnit","properties":{"title":"Heavy Equi"},"searchOpenDialogs":true,"interaction":{"idSuffix":"content"}},"wdio_ui5_key":"reusablesview.manageresources.NewResourceUnitsap.m.StandardListItem{\"title\":\"Heavy Equi\"}"}]}
COMMAND: GET /session/3637353f0f0366f06ffc96bdd6dcca04/screenshot - {}
RESULT: {"script":"<script> [1562 bytes]","args":[{"selector":{"controlType":"sap.m.StandardListItem","viewName":"reusables.view.manageresources.NewResourceUnit","viewId":"application-manageresources-display-component---newResourceUnit","properties":{"title":"Heavy Equi"},"searchOpenDialogs":true,"interaction":{"idSuffix":"content"}},"wdio_ui5_key":"reusablesview.manageresources.NewResourceUnitsap.m.StandardListItem{\"title\":\"Heavy Equi\"}"}]}
RESULT: undefined
COMMAND: POST /session/3637353f0f0366f06ffc96bdd6dcca04/element - {"using":"xpath","value":"//*[@id=\"__item1099\"]"}
RESULT: {}
RESULT: {"using":"xpath","value":"//*[@id=\"__item1099\"]"}
COMMAND: POST /session/3637353f0f0366f06ffc96bdd6dcca04/element/f.FA5AA6ACA71DB73EA77ABAF269C4B101.d.2FF2B500D10F57279F2A605FB46EE8FF.e.3007/click - {}
RESULT: {}
COMMAND: GET /session/3637353f0f0366f06ffc96bdd6dcca04/screenshot - {}
RESULT: {}
COMMAND: POST /session/3637353f0f0366f06ffc96bdd6dcca04/execute/async - {"script":"<script> [1562 bytes]","args":[{"selector":{"id":"application-manageresources-display-component---newResourceUnit--PLANNING_INDICATOR-arrow"},"wdio_ui5_key":"applicationmanageresources-display-component---newResourceUnit--PLANNING_INDICATOR-arrow"}]}
RESULT: {"script":"<script> [1562 bytes]","args":[{"selector":{"id":"application-manageresources-display-component---newResourceUnit--PLANNING_INDICATOR-arrow"},"wdio_ui5_key":"applicationmanageresources-display-component---newResourceUnit--PLANNING_INDICATOR-arrow"}]}
RESULT: undefined
COMMAND: POST /session/3637353f0f0366f06ffc96bdd6dcca04/element - {"using":"xpath","value":"//*[@id=\"application-manageresources-display-component---newResourceUnit--PLANNING_INDICATOR-arrow\"]"}
RESULT: {"using":"xpath","value":"//*[@id=\"application-manageresources-display-component---newResourceUnit--PLANNING_INDICATOR-arrow\"]"}
COMMAND: POST /session/3637353f0f0366f06ffc96bdd6dcca04/element/f.FA5AA6ACA71DB73EA77ABAF269C4B101.d.2FF2B500D10F57279F2A605FB46EE8FF.e.3008/click - {}
RESULT: {}
COMMAND: POST /session/3637353f0f0366f06ffc96bdd6dcca04/execute/async - {"script":"<script> [1562 bytes]","args":[{"selector":{"controlType":"sap.m.StandardListItem","viewName":"reusables.view.manageresources.NewResourceUnit","viewId":"application-manageresources-display-component---newResourceUnit","properties":{"title":"10 - infinite"},"searchOpenDialogs":true,"interaction":{"idSuffix":"content"}},"wdio_ui5_key":"reusablesview.manageresources.NewResourceUnitsap.m.StandardListItem{\"title\":\"10 - infinite\"}"}]}
COMMAND: GET /session/3637353f0f0366f06ffc96bdd6dcca04/screenshot - {}
RESULT: {"script":"<script> [1562 bytes]","args":[{"selector":{"controlType":"sap.m.StandardListItem","viewName":"reusables.view.manageresources.NewResourceUnit","viewId":"application-manageresources-display-component---newResourceUnit","properties":{"title":"10 - infinite"},"searchOpenDialogs":true,"interaction":{"idSuffix":"content"}},"wdio_ui5_key":"reusablesview.manageresources.NewResourceUnitsap.m.StandardListItem{\"title\":\"10 - infinite\"}"}]}
RESULT: undefined
COMMAND: POST /session/3637353f0f0366f06ffc96bdd6dcca04/element - {"using":"xpath","value":"//*[@id=\"__item1109\"]"}
RESULT: {}
RESULT: {"using":"xpath","value":"//*[@id=\"__item1109\"]"}
COMMAND: POST /session/3637353f0f0366f06ffc96bdd6dcca04/element/f.FA5AA6ACA71DB73EA77ABAF269C4B101.d.2FF2B500D10F57279F2A605FB46EE8FF.e.3010/click - {}
RESULT: {}
COMMAND: GET /session/3637353f0f0366f06ffc96bdd6dcca04/screenshot - {}
RESULT: {}
COMMAND: POST /session/3637353f0f0366f06ffc96bdd6dcca04/element - {"using":"xpath","value":"//bdi[contains(text(), \"Time Segment\")]"}
RESULT: {"using":"xpath","value":"//bdi[contains(text(), \"Time Segment\")]"}
COMMAND: GET /session/3637353f0f0366f06ffc96bdd6dcca04/element/f.FA5AA6ACA71DB73EA77ABAF269C4B101.d.2FF2B500D10F57279F2A605FB46EE8FF.e.3011/rect - {}
RESULT: {}
COMMAND: GET /session/3637353f0f0366f06ffc96bdd6dcca04/window/rect - {}
RESULT: {}
COMMAND: POST /session/3637353f0f0366f06ffc96bdd6dcca04/execute/sync - {"script":"<script> [92 bytes]","args":[]}
RESULT: {"script":"<script> [92 bytes]","args":[]}
COMMAND: POST /session/3637353f0f0366f06ffc96bdd6dcca04/actions - {"actions":[{"id":"action13","type":"wheel","parameters":{},"actions":[{"type":"scroll","x":-1804,"y":-21,"deltaX":0,"deltaY":0,"duration":0,"origin":{"element-6066-11e4-a52e-4f735466cecf":"f.FA5AA6ACA71DB73EA77ABAF269C4B101.d.2FF2B500D10F57279F2A605FB46EE8FF.e.3011"}}]}]}
COMMAND: GET /session/3637353f0f0366f06ffc96bdd6dcca04/screenshot - {}
RESULT: {}
COMMAND: POST /session/3637353f0f0366f06ffc96bdd6dcca04/execute/sync - {"script":"<script> [79 bytes]","args":[{"element-6066-11e4-a52e-4f735466cecf":"f.FA5AA6ACA71DB73EA77ABAF269C4B101.d.2FF2B500D10F57279F2A605FB46EE8FF.e.3011","ELEMENT":"f.FA5AA6ACA71DB73EA77ABAF269C4B101.d.2FF2B500D10F57279F2A605FB46EE8FF.e.3011"},{"block":"start","inline":"nearest"}]}
RESULT: {"script":"<script> [79 bytes]","args":[{"element-6066-11e4-a52e-4f735466cecf":"f.FA5AA6ACA71DB73EA77ABAF269C4B101.d.2FF2B500D10F57279F2A605FB46EE8FF.e.3011","ELEMENT":"f.FA5AA6ACA71DB73EA77ABAF269C4B101.d.2FF2B500D10F57279F2A605FB46EE8FF.e.3011"},{"block":"start","inline":"nearest"}]}
COMMAND: GET /session/3637353f0f0366f06ffc96bdd6dcca04/screenshot - {}
RESULT: {}
COMMAND: POST /session/3637353f0f0366f06ffc96bdd6dcca04/element - {"using":"xpath","value":"//span[@id=\"application-manageresources-display-component---newResourceUnit--btnAddTimeSegment-img\"]"}
RESULT: {"using":"xpath","value":"//span[@id=\"application-manageresources-display-component---newResourceUnit--btnAddTimeSegment-img\"]"}
COMMAND: POST /session/3637353f0f0366f06ffc96bdd6dcca04/execute/sync - {"script":"<script> [8489 bytes]","args":[{"element-6066-11e4-a52e-4f735466cecf":"f.FA5AA6ACA71DB73EA77ABAF269C4B101.d.2FF2B500D10F57279F2A605FB46EE8FF.e.3014","ELEMENT":"f.FA5AA6ACA71DB73EA77ABAF269C4B101.d.2FF2B500D10F57279F2A605FB46EE8FF.e.3014"}]}
RESULT: {"script":"<script> [8489 bytes]","args":[{"element-6066-11e4-a52e-4f735466cecf":"f.FA5AA6ACA71DB73EA77ABAF269C4B101.d.2FF2B500D10F57279F2A605FB46EE8FF.e.3014","ELEMENT":"f.FA5AA6ACA71DB73EA77ABAF269C4B101.d.2FF2B500D10F57279F2A605FB46EE8FF.e.3014"}]}
COMMAND: POST /session/3637353f0f0366f06ffc96bdd6dcca04/element/f.FA5AA6ACA71DB73EA77ABAF269C4B101.d.2FF2B500D10F57279F2A605FB46EE8FF.e.3014/click - {}
COMMAND: GET /session/3637353f0f0366f06ffc96bdd6dcca04/screenshot - {}
RESULT: {}
COMMAND: GET /session/3637353f0f0366f06ffc96bdd6dcca04/screenshot - {}
RESULT: {}
RESULT: {}
COMMAND: POST /session/3637353f0f0366f06ffc96bdd6dcca04/element - {"using":"xpath","value":"//input[@id=\"application-manageresources-display-component---newResourceUnit--idRuTSAdmin-application-manageresources-display-component---newResourceUnit--RUTimeSegment-0-inner\"]"}
RESULT: {"using":"xpath","value":"//input[@id=\"application-manageresources-display-component---newResourceUnit--idRuTSAdmin-application-manageresources-display-component---newResourceUnit--RUTimeSegment-0-inner\"]"}
COMMAND: POST /session/3637353f0f0366f06ffc96bdd6dcca04/element/f.FA5AA6ACA71DB73EA77ABAF269C4B101.d.2FF2B500D10F57279F2A605FB46EE8FF.e.3017/clear - {}
RESULT: {}
COMMAND: POST /session/3637353f0f0366f06ffc96bdd6dcca04/element/f.FA5AA6ACA71DB73EA77ABAF269C4B101.d.2FF2B500D10F57279F2A605FB46EE8FF.e.3017/value - {"text":"495"}
COMMAND: GET /session/3637353f0f0366f06ffc96bdd6dcca04/screenshot - {}
RESULT: {"text":"495"}
COMMAND: GET /session/3637353f0f0366f06ffc96bdd6dcca04/screenshot - {}
RESULT: {}
RESULT: {}
COMMAND: POST /session/3637353f0f0366f06ffc96bdd6dcca04/actions - {"actions":[{"id":"action14","type":"key","parameters":{},"actions":[{"type":"keyDown","value":"î€‡"},{"type":"pause","duration":10},{"type":"keyUp","value":"î€‡"}]}]}
RESULT: {"actions":[{"id":"action14","type":"key","parameters":{},"actions":[{"type":"keyDown","value":"î€‡"},{"type":"pause","duration":10},{"type":"keyUp","value":"î€‡"}]}]}
COMMAND: POST /session/3637353f0f0366f06ffc96bdd6dcca04/execute/async - {"script":"<script> [1562 bytes]","args":[{"selector":{"controlType":"sap.m.Button","viewName":"reusables.view.manageresources.NewResourceUnit","viewId":"application-manageresources-display-component---newResourceUnit","i18NText":{"propertyName":"tooltip","key":"save"},"interaction":{"idSuffix":"BDI-content"}},"wdio_ui5_key":"reusablesview.manageresources.NewResourceUnitsap.m.Button{\"propertyName\":\"tooltip\",\"key\":\"save\"}"}]}
COMMAND: GET /session/3637353f0f0366f06ffc96bdd6dcca04/screenshot - {}
RESULT: {"script":"<script> [1562 bytes]","args":[{"selector":{"controlType":"sap.m.Button","viewName":"reusables.view.manageresources.NewResourceUnit","viewId":"application-manageresources-display-component---newResourceUnit","i18NText":{"propertyName":"tooltip","key":"save"},"interaction":{"idSuffix":"BDI-content"}},"wdio_ui5_key":"reusablesview.manageresources.NewResourceUnitsap.m.Button{\"propertyName\":\"tooltip\",\"key\":\"save\"}"}]}
RESULT: undefined
COMMAND: POST /session/3637353f0f0366f06ffc96bdd6dcca04/element - {"using":"xpath","value":"//*[@id=\"application-manageresources-display-component---newResourceUnit--createRuButton\"]"}
RESULT: {}
RESULT: {"using":"xpath","value":"//*[@id=\"application-manageresources-display-component---newResourceUnit--createRuButton\"]"}
COMMAND: POST /session/3637353f0f0366f06ffc96bdd6dcca04/element/f.FA5AA6ACA71DB73EA77ABAF269C4B101.d.2FF2B500D10F57279F2A605FB46EE8FF.e.2941/click - {}
RESULT: {}
COMMAND: GET /session/3637353f0f0366f06ffc96bdd6dcca04/screenshot - {}
RESULT: {}
COMMAND: POST /session/3637353f0f0366f06ffc96bdd6dcca04/execute/async - {"script":"<script> [1562 bytes]","args":[{"selector":{"controlType":"sap.m.Title","properties":{"text":"Success"},"searchOpenDialogs":true},"wdio_ui5_key":"sapm.Title{\"text\":\"Success\"}"}]}
RESULT: {"script":"<script> [1562 bytes]","args":[{"selector":{"controlType":"sap.m.Title","properties":{"text":"Success"},"searchOpenDialogs":true},"wdio_ui5_key":"sapm.Title{\"text\":\"Success\"}"}]}
RESULT: undefined
COMMAND: POST /session/3637353f0f0366f06ffc96bdd6dcca04/execute/async - {"script":"<script> [6424 bytes]","args":[{"element-6066-11e4-a52e-4f735466cecf":"f.FA5AA6ACA71DB73EA77ABAF269C4B101.d.2FF2B500D10F57279F2A605FB46EE8FF.e.3034"},"getText",[]]}
RESULT: {"script":"<script> [6424 bytes]","args":[{"element-6066-11e4-a52e-4f735466cecf":"f.FA5AA6ACA71DB73EA77ABAF269C4B101.d.2FF2B500D10F57279F2A605FB46EE8FF.e.3034"},"getText",[]]}
COMMAND: POST /session/3637353f0f0366f06ffc96bdd6dcca04/element - {"using":"xpath","value":"//*[contains(@id, '__text') and (contains(text(), 'successfully created') or contains(., 'successfully created'))]"}
RESULT: {"using":"xpath","value":"//*[contains(@id, '__text') and (contains(text(), 'successfully created') or contains(., 'successfully created'))]"}
COMMAND: GET /session/3637353f0f0366f06ffc96bdd6dcca04/element/f.FA5AA6ACA71DB73EA77ABAF269C4B101.d.2FF2B500D10F57279F2A605FB46EE8FF.e.3033/text - {}
RESULT: {}
COMMAND: POST /session/3637353f0f0366f06ffc96bdd6dcca04/execute/async - {"script":"<script> [1562 bytes]","args":[{"selector":{"controlType":"sap.m.Button","properties":{"text":"Close"},"searchOpenDialogs":true,"interaction":{"idSuffix":"BDI-content"}},"wdio_ui5_key":"sapm.Button{\"text\":\"Close\"}"}]}
RESULT: {"script":"<script> [1562 bytes]","args":[{"selector":{"controlType":"sap.m.Button","properties":{"text":"Close"},"searchOpenDialogs":true,"interaction":{"idSuffix":"BDI-content"}},"wdio_ui5_key":"sapm.Button{\"text\":\"Close\"}"}]}
RESULT: undefined
COMMAND: POST /session/3637353f0f0366f06ffc96bdd6dcca04/element - {"using":"xpath","value":"//*[@id=\"__mbox-btn-0\"]"}
RESULT: {"using":"xpath","value":"//*[@id=\"__mbox-btn-0\"]"}
COMMAND: POST /session/3637353f0f0366f06ffc96bdd6dcca04/element/f.FA5AA6ACA71DB73EA77ABAF269C4B101.d.2FF2B500D10F57279F2A605FB46EE8FF.e.3030/click - {}
RESULT: {}
COMMAND: GET /session/3637353f0f0366f06ffc96bdd6dcca04/screenshot - {}
RESULT: {}
COMMAND: POST /session/3637353f0f0366f06ffc96bdd6dcca04/execute/async - {"script":"<script> [1562 bytes]","args":[{"selector":{"controlType":"sap.ui.core.Icon","viewName":"etm.portal.ui.manageresources.view.Detail","viewId":"application-manageresources-display-component---detailRU","properties":{"src":{"regex":{"source":"overflow"}}}},"wdio_ui5_key":"etmportal.ui.manageresources.view.Detailsap.ui.core.Icon{\"src\":{\"regex\":{\"source\":\"overflow\"}}}"}]}
RESULT: {"script":"<script> [1562 bytes]","args":[{"selector":{"controlType":"sap.ui.core.Icon","viewName":"etm.portal.ui.manageresources.view.Detail","viewId":"application-manageresources-display-component---detailRU","properties":{"src":{"regex":{"source":"overflow"}}}},"wdio_ui5_key":"etmportal.ui.manageresources.view.Detailsap.ui.core.Icon{\"src\":{\"regex\":{\"source\":\"overflow\"}}}"}]}
RESULT: undefined
COMMAND: POST /session/3637353f0f0366f06ffc96bdd6dcca04/element - {"using":"xpath","value":"//*[@id=\"__title35-_actionsToolbar-overflowButton-img\"]"}
RESULT: {"using":"xpath","value":"//*[@id=\"__title35-_actionsToolbar-overflowButton-img\"]"}
COMMAND: POST /session/3637353f0f0366f06ffc96bdd6dcca04/element/f.FA5AA6ACA71DB73EA77ABAF269C4B101.d.2FF2B500D10F57279F2A605FB46EE8FF.e.3067/click - {}
RESULT: {}
COMMAND: POST /session/3637353f0f0366f06ffc96bdd6dcca04/execute/async - {"script":"<script> [1562 bytes]","args":[{"selector":{"controlType":"sap.m.Button","viewName":"etm.portal.ui.manageresources.view.Detail","viewId":"application-manageresources-display-component---detailRU","i18NText":{"propertyName":"tooltip","key":"closeColumn"},"searchOpenDialogs":true,"interaction":{"idSuffix":"inner"}},"wdio_ui5_key":"etmportal.ui.manageresources.view.Detailsap.m.Button{\"propertyName\":\"tooltip\",\"key\":\"closeColumn\"}"}]}
COMMAND: GET /session/3637353f0f0366f06ffc96bdd6dcca04/screenshot - {}
RESULT: {"script":"<script> [1562 bytes]","args":[{"selector":{"controlType":"sap.m.Button","viewName":"etm.portal.ui.manageresources.view.Detail","viewId":"application-manageresources-display-component---detailRU","i18NText":{"propertyName":"tooltip","key":"closeColumn"},"searchOpenDialogs":true,"interaction":{"idSuffix":"inner"}},"wdio_ui5_key":"etmportal.ui.manageresources.view.Detailsap.m.Button{\"propertyName\":\"tooltip\",\"key\":\"closeColumn\"}"}]}
RESULT: undefined
COMMAND: POST /session/3637353f0f0366f06ffc96bdd6dcca04/element - {"using":"xpath","value":"//*[@id=\"__button146\"]"}
RESULT: {}
RESULT: {"using":"xpath","value":"//*[@id=\"__button146\"]"}
COMMAND: POST /session/3637353f0f0366f06ffc96bdd6dcca04/element/f.FA5AA6ACA71DB73EA77ABAF269C4B101.d.2FF2B500D10F57279F2A605FB46EE8FF.e.3071/click - {}
RESULT: {}
COMMAND: POST /session/3637353f0f0366f06ffc96bdd6dcca04/element - {"using":"css selector","value":"#shell-header-logo"}
COMMAND: GET /session/3637353f0f0366f06ffc96bdd6dcca04/screenshot - {}
RESULT: {"using":"css selector","value":"#shell-header-logo"}
COMMAND: POST /session/3637353f0f0366f06ffc96bdd6dcca04/element/f.FA5AA6ACA71DB73EA77ABAF269C4B101.d.2FF2B500D10F57279F2A605FB46EE8FF.e.2730/click - {}
RESULT: {}
RESULT: {}
COMMAND: GET /session/3637353f0f0366f06ffc96bdd6dcca04/screenshot - {}
RESULT: {}
]]></system-out>
    </testcase>
    <testcase classname="chrome.135_0_7049_96.windows.Stock_increase_-_with_WHM_US125587" name="Bin Status Report Should Create New Organization yard" time="60.43">
      <system-out><![CDATA[
COMMAND: POST /session/3637353f0f0366f06ffc96bdd6dcca04/element - {"using":"xpath","value":"//div[text()='Warehouse']"}
RESULT: {"using":"xpath","value":"//div[text()='Warehouse']"}
COMMAND: POST /session/3637353f0f0366f06ffc96bdd6dcca04/elements - {"using":"xpath","value":"//div[text()='Warehouse']"}
RESULT: {"using":"xpath","value":"//div[text()='Warehouse']"}
COMMAND: POST /session/3637353f0f0366f06ffc96bdd6dcca04/element/f.FA5AA6ACA71DB73EA77ABAF269C4B101.d.2FF2B500D10F57279F2A605FB46EE8FF.e.3326/click - {}
RESULT: {}
COMMAND: POST /session/3637353f0f0366f06ffc96bdd6dcca04/execute/async - {"script":"<script> [1562 bytes]","args":[{"selector":{"controlType":"sap.m.GenericTile","properties":{"header":"Bin Status Report"}},"wdio_ui5_key":"sapm.GenericTile{\"header\":\"Bin Status Report\"}"}]}
COMMAND: GET /session/3637353f0f0366f06ffc96bdd6dcca04/screenshot - {}
RESULT: {"script":"<script> [1562 bytes]","args":[{"selector":{"controlType":"sap.m.GenericTile","properties":{"header":"Bin Status Report"}},"wdio_ui5_key":"sapm.GenericTile{\"header\":\"Bin Status Report\"}"}]}
RESULT: undefined
COMMAND: POST /session/3637353f0f0366f06ffc96bdd6dcca04/element - {"using":"xpath","value":"//*[@id=\"__tile108\"]"}
RESULT: {}
RESULT: {"using":"xpath","value":"//*[@id=\"__tile108\"]"}
COMMAND: POST /session/3637353f0f0366f06ffc96bdd6dcca04/element/f.FA5AA6ACA71DB73EA77ABAF269C4B101.d.2FF2B500D10F57279F2A605FB46EE8FF.e.3329/click - {}
RESULT: {}
COMMAND: GET /session/3637353f0f0366f06ffc96bdd6dcca04/screenshot - {}
RESULT: {}
COMMAND: POST /session/3637353f0f0366f06ffc96bdd6dcca04/element - {"using":"xpath","value":"//bdi[text()='Create New Organization']"}
RESULT: {"using":"xpath","value":"//bdi[text()='Create New Organization']"}
COMMAND: POST /session/3637353f0f0366f06ffc96bdd6dcca04/elements - {"using":"xpath","value":"//bdi[text()='Create New Organization']"}
RESULT: {"using":"xpath","value":"//bdi[text()='Create New Organization']"}
COMMAND: POST /session/3637353f0f0366f06ffc96bdd6dcca04/element/f.FA5AA6ACA71DB73EA77ABAF269C4B101.d.2FF2B500D10F57279F2A605FB46EE8FF.e.3394/click - {}
RESULT: {}
COMMAND: POST /session/3637353f0f0366f06ffc96bdd6dcca04/execute/async - {"script":"<script> [1562 bytes]","args":[{"selector":{"id":"createOrganizationPop--sectionInput","searchOpenDialogs":true,"interaction":{"idSuffix":"inner"}},"wdio_ui5_key":"createOrganizationPopsectionInput"}]}
COMMAND: GET /session/3637353f0f0366f06ffc96bdd6dcca04/screenshot - {}
RESULT: {"script":"<script> [1562 bytes]","args":[{"selector":{"id":"createOrganizationPop--sectionInput","searchOpenDialogs":true,"interaction":{"idSuffix":"inner"}},"wdio_ui5_key":"createOrganizationPopsectionInput"}]}
RESULT: undefined
COMMAND: POST /session/3637353f0f0366f06ffc96bdd6dcca04/execute/async - {"script":"<script> [776 bytes]","args":[{"enterText":"WHIi4o1of","selector":{"id":"createOrganizationPop--sectionInput","searchOpenDialogs":true,"interaction":{"idSuffix":"inner"}},"clearTextFirst":true,"interactionType":"ENTER_TEXT"}]}
RESULT: {}
RESULT: {"script":"<script> [776 bytes]","args":[{"enterText":"WHIi4o1of","selector":{"id":"createOrganizationPop--sectionInput","searchOpenDialogs":true,"interaction":{"idSuffix":"inner"}},"clearTextFirst":true,"interactionType":"ENTER_TEXT"}]}
COMMAND: POST /session/3637353f0f0366f06ffc96bdd6dcca04/execute/async - {"script":"<script> [1562 bytes]","args":[{"selector":{"id":"createOrganizationPop--descriptionInput","searchOpenDialogs":true,"interaction":{"idSuffix":"inner"}},"wdio_ui5_key":"createOrganizationPopdescriptionInput"}]}
RESULT: {"script":"<script> [1562 bytes]","args":[{"selector":{"id":"createOrganizationPop--descriptionInput","searchOpenDialogs":true,"interaction":{"idSuffix":"inner"}},"wdio_ui5_key":"createOrganizationPopdescriptionInput"}]}
RESULT: undefined
COMMAND: POST /session/3637353f0f0366f06ffc96bdd6dcca04/execute/async - {"script":"<script> [776 bytes]","args":[{"enterText":"WHIi4o1of","selector":{"id":"createOrganizationPop--descriptionInput","searchOpenDialogs":true,"interaction":{"idSuffix":"inner"}},"clearTextFirst":true,"interactionType":"ENTER_TEXT"}]}
RESULT: {"script":"<script> [776 bytes]","args":[{"enterText":"WHIi4o1of","selector":{"id":"createOrganizationPop--descriptionInput","searchOpenDialogs":true,"interaction":{"idSuffix":"inner"}},"clearTextFirst":true,"interactionType":"ENTER_TEXT"}]}
COMMAND: POST /session/3637353f0f0366f06ffc96bdd6dcca04/element - {"using":"css selector","value":"#createOrganizationPop--yardOrg-inner"}
RESULT: {"using":"css selector","value":"#createOrganizationPop--yardOrg-inner"}
COMMAND: POST /session/3637353f0f0366f06ffc96bdd6dcca04/element/f.FA5AA6ACA71DB73EA77ABAF269C4B101.d.2FF2B500D10F57279F2A605FB46EE8FF.e.3399/clear - {}
RESULT: {}
COMMAND: POST /session/3637353f0f0366f06ffc96bdd6dcca04/element/f.FA5AA6ACA71DB73EA77ABAF269C4B101.d.2FF2B500D10F57279F2A605FB46EE8FF.e.3399/value - {"text":"495"}
COMMAND: GET /session/3637353f0f0366f06ffc96bdd6dcca04/screenshot - {}
RESULT: {"text":"495"}
COMMAND: GET /session/3637353f0f0366f06ffc96bdd6dcca04/screenshot - {}
RESULT: {}
RESULT: {}
COMMAND: POST /session/3637353f0f0366f06ffc96bdd6dcca04/actions - {"actions":[{"id":"action15","type":"key","parameters":{},"actions":[{"type":"keyDown","value":"î€‡"},{"type":"pause","duration":10},{"type":"keyUp","value":"î€‡"}]}]}
RESULT: {"actions":[{"id":"action15","type":"key","parameters":{},"actions":[{"type":"keyDown","value":"î€‡"},{"type":"pause","duration":10},{"type":"keyUp","value":"î€‡"}]}]}
COMMAND: POST /session/3637353f0f0366f06ffc96bdd6dcca04/execute/async - {"script":"<script> [1562 bytes]","args":[{"selector":{"id":"createOrganizationPop--grZone","searchOpenDialogs":true,"interaction":{"idSuffix":"CbBg"}},"wdio_ui5_key":"createOrganizationPopgrZone"}]}
COMMAND: GET /session/3637353f0f0366f06ffc96bdd6dcca04/screenshot - {}
RESULT: {"script":"<script> [1562 bytes]","args":[{"selector":{"id":"createOrganizationPop--grZone","searchOpenDialogs":true,"interaction":{"idSuffix":"CbBg"}},"wdio_ui5_key":"createOrganizationPopgrZone"}]}
RESULT: undefined
COMMAND: POST /session/3637353f0f0366f06ffc96bdd6dcca04/element - {"using":"xpath","value":"//*[@id=\"createOrganizationPop--grZone\"]"}
RESULT: {}
RESULT: {"using":"xpath","value":"//*[@id=\"createOrganizationPop--grZone\"]"}
COMMAND: POST /session/3637353f0f0366f06ffc96bdd6dcca04/element/f.FA5AA6ACA71DB73EA77ABAF269C4B101.d.2FF2B500D10F57279F2A605FB46EE8FF.e.3437/click - {}
RESULT: {}
COMMAND: POST /session/3637353f0f0366f06ffc96bdd6dcca04/execute/async - {"script":"<script> [1562 bytes]","args":[{"selector":{"id":"createOrganizationPop--giZone","searchOpenDialogs":true,"interaction":{"idSuffix":"CbBg"}},"wdio_ui5_key":"createOrganizationPopgiZone"}]}
COMMAND: GET /session/3637353f0f0366f06ffc96bdd6dcca04/screenshot - {}
RESULT: {"script":"<script> [1562 bytes]","args":[{"selector":{"id":"createOrganizationPop--giZone","searchOpenDialogs":true,"interaction":{"idSuffix":"CbBg"}},"wdio_ui5_key":"createOrganizationPopgiZone"}]}
RESULT: undefined
COMMAND: POST /session/3637353f0f0366f06ffc96bdd6dcca04/element - {"using":"xpath","value":"//*[@id=\"createOrganizationPop--giZone\"]"}
RESULT: {}
RESULT: {"using":"xpath","value":"//*[@id=\"createOrganizationPop--giZone\"]"}
COMMAND: POST /session/3637353f0f0366f06ffc96bdd6dcca04/element/f.FA5AA6ACA71DB73EA77ABAF269C4B101.d.2FF2B500D10F57279F2A605FB46EE8FF.e.3439/click - {}
RESULT: {}
COMMAND: POST /session/3637353f0f0366f06ffc96bdd6dcca04/execute/async - {"script":"<script> [1562 bytes]","args":[{"selector":{"id":"createOrganizationPop--binNoInput","searchOpenDialogs":true,"interaction":{"idSuffix":"inner"}},"wdio_ui5_key":"createOrganizationPopbinNoInput"}]}
COMMAND: GET /session/3637353f0f0366f06ffc96bdd6dcca04/screenshot - {}
RESULT: {"script":"<script> [1562 bytes]","args":[{"selector":{"id":"createOrganizationPop--binNoInput","searchOpenDialogs":true,"interaction":{"idSuffix":"inner"}},"wdio_ui5_key":"createOrganizationPopbinNoInput"}]}
RESULT: undefined
COMMAND: POST /session/3637353f0f0366f06ffc96bdd6dcca04/execute/async - {"script":"<script> [776 bytes]","args":[{"enterText":"Bin-Wd","selector":{"id":"createOrganizationPop--binNoInput","searchOpenDialogs":true,"interaction":{"idSuffix":"inner"}},"clearTextFirst":true,"interactionType":"ENTER_TEXT"}]}
RESULT: {}
RESULT: {"script":"<script> [776 bytes]","args":[{"enterText":"Bin-Wd","selector":{"id":"createOrganizationPop--binNoInput","searchOpenDialogs":true,"interaction":{"idSuffix":"inner"}},"clearTextFirst":true,"interactionType":"ENTER_TEXT"}]}
COMMAND: POST /session/3637353f0f0366f06ffc96bdd6dcca04/execute/async - {"script":"<script> [1562 bytes]","args":[{"selector":{"id":"createOrganizationPop--descriptionId","searchOpenDialogs":true,"interaction":{"idSuffix":"inner"}},"wdio_ui5_key":"createOrganizationPopdescriptionId"}]}
RESULT: {"script":"<script> [1562 bytes]","args":[{"selector":{"id":"createOrganizationPop--descriptionId","searchOpenDialogs":true,"interaction":{"idSuffix":"inner"}},"wdio_ui5_key":"createOrganizationPopdescriptionId"}]}
RESULT: undefined
COMMAND: POST /session/3637353f0f0366f06ffc96bdd6dcca04/execute/async - {"script":"<script> [776 bytes]","args":[{"enterText":"Shipping-Wd","selector":{"id":"createOrganizationPop--descriptionId","searchOpenDialogs":true,"interaction":{"idSuffix":"inner"}},"clearTextFirst":true,"interactionType":"ENTER_TEXT"}]}
RESULT: {"script":"<script> [776 bytes]","args":[{"enterText":"Shipping-Wd","selector":{"id":"createOrganizationPop--descriptionId","searchOpenDialogs":true,"interaction":{"idSuffix":"inner"}},"clearTextFirst":true,"interactionType":"ENTER_TEXT"}]}
COMMAND: POST /session/3637353f0f0366f06ffc96bdd6dcca04/execute/async - {"script":"<script> [1562 bytes]","args":[{"selector":{"controlType":"sap.m.CheckBox","viewName":"etm.portal.ui.binstatusreport.view.MasterWareBins","viewId":"application-binstatusreport-display-component---warehousing","bindingPath":{"path":"","propertyPath":"/ZONE","modelName":"newBin"},"searchOpenDialogs":true,"interaction":{"idSuffix":"CbBg"}},"wdio_ui5_key":"etmportal.ui.binstatusreport.view.MasterWareBinssap.m.CheckBox{\"path\":\"\",\"propertyPath\":\"/ZONE\",\"modelName\":\"newBin\"}"}]}
RESULT: {"script":"<script> [1562 bytes]","args":[{"selector":{"controlType":"sap.m.CheckBox","viewName":"etm.portal.ui.binstatusreport.view.MasterWareBins","viewId":"application-binstatusreport-display-component---warehousing","bindingPath":{"path":"","propertyPath":"/ZONE","modelName":"newBin"},"searchOpenDialogs":true,"interaction":{"idSuffix":"CbBg"}},"wdio_ui5_key":"etmportal.ui.binstatusreport.view.MasterWareBinssap.m.CheckBox{\"path\":\"\",\"propertyPath\":\"/ZONE\",\"modelName\":\"newBin\"}"}]}
RESULT: undefined
COMMAND: POST /session/3637353f0f0366f06ffc96bdd6dcca04/element - {"using":"xpath","value":"//*[@id=\"__box41\"]"}
RESULT: {"using":"xpath","value":"//*[@id=\"__box41\"]"}
COMMAND: POST /session/3637353f0f0366f06ffc96bdd6dcca04/element/f.FA5AA6ACA71DB73EA77ABAF269C4B101.d.2FF2B500D10F57279F2A605FB46EE8FF.e.3443/click - {}
RESULT: {}
COMMAND: POST /session/3637353f0f0366f06ffc96bdd6dcca04/execute/async - {"script":"<script> [1562 bytes]","args":[{"selector":{"id":"createOrganizationPop--binTypesCB-arrow","searchOpenDialogs":true},"wdio_ui5_key":"createOrganizationPopbinTypesCB-arrow"}]}
COMMAND: GET /session/3637353f0f0366f06ffc96bdd6dcca04/screenshot - {}
RESULT: {"script":"<script> [1562 bytes]","args":[{"selector":{"id":"createOrganizationPop--binTypesCB-arrow","searchOpenDialogs":true},"wdio_ui5_key":"createOrganizationPopbinTypesCB-arrow"}]}
RESULT: undefined
COMMAND: POST /session/3637353f0f0366f06ffc96bdd6dcca04/element - {"using":"xpath","value":"//*[@id=\"createOrganizationPop--binTypesCB-arrow\"]"}
RESULT: {}
RESULT: {"using":"xpath","value":"//*[@id=\"createOrganizationPop--binTypesCB-arrow\"]"}
COMMAND: POST /session/3637353f0f0366f06ffc96bdd6dcca04/element/f.FA5AA6ACA71DB73EA77ABAF269C4B101.d.2FF2B500D10F57279F2A605FB46EE8FF.e.3449/click - {}
RESULT: {}
COMMAND: POST /session/3637353f0f0366f06ffc96bdd6dcca04/execute/async - {"script":"<script> [1562 bytes]","args":[{"selector":{"id":"createOrganizationPop--binTypesCB","searchOpenDialogs":true,"interaction":{"idSuffix":"inner"}},"wdio_ui5_key":"createOrganizationPopbinTypesCB"}]}
COMMAND: GET /session/3637353f0f0366f06ffc96bdd6dcca04/screenshot - {}
RESULT: {"script":"<script> [1562 bytes]","args":[{"selector":{"id":"createOrganizationPop--binTypesCB","searchOpenDialogs":true,"interaction":{"idSuffix":"inner"}},"wdio_ui5_key":"createOrganizationPopbinTypesCB"}]}
RESULT: undefined
COMMAND: POST /session/3637353f0f0366f06ffc96bdd6dcca04/execute/async - {"script":"<script> [776 bytes]","args":[{"enterText":"1 - General / No capacity check","selector":{"id":"createOrganizationPop--binTypesCB","searchOpenDialogs":true,"interaction":{"idSuffix":"inner"}},"clearTextFirst":true,"interactionType":"ENTER_TEXT"}]}
RESULT: {}
RESULT: {"script":"<script> [776 bytes]","args":[{"enterText":"1 - General / No capacity check","selector":{"id":"createOrganizationPop--binTypesCB","searchOpenDialogs":true,"interaction":{"idSuffix":"inner"}},"clearTextFirst":true,"interactionType":"ENTER_TEXT"}]}
COMMAND: POST /session/3637353f0f0366f06ffc96bdd6dcca04/actions - {"actions":[{"id":"action16","type":"key","parameters":{},"actions":[{"type":"keyDown","value":"î€‡"},{"type":"pause","duration":10},{"type":"keyUp","value":"î€‡"}]}]}
RESULT: {"actions":[{"id":"action16","type":"key","parameters":{},"actions":[{"type":"keyDown","value":"î€‡"},{"type":"pause","duration":10},{"type":"keyUp","value":"î€‡"}]}]}
COMMAND: GET /session/3637353f0f0366f06ffc96bdd6dcca04/screenshot - {}
RESULT: {}
COMMAND: POST /session/3637353f0f0366f06ffc96bdd6dcca04/execute/async - {"script":"<script> [1562 bytes]","args":[{"selector":{"id":"createOrganizationPop--finishBtn","searchOpenDialogs":true,"interaction":{"idSuffix":"BDI-content"}},"wdio_ui5_key":"createOrganizationPopfinishBtn"}]}
RESULT: {"script":"<script> [1562 bytes]","args":[{"selector":{"id":"createOrganizationPop--finishBtn","searchOpenDialogs":true,"interaction":{"idSuffix":"BDI-content"}},"wdio_ui5_key":"createOrganizationPopfinishBtn"}]}
RESULT: undefined
COMMAND: POST /session/3637353f0f0366f06ffc96bdd6dcca04/element - {"using":"xpath","value":"//*[@id=\"createOrganizationPop--finishBtn\"]"}
RESULT: {"using":"xpath","value":"//*[@id=\"createOrganizationPop--finishBtn\"]"}
COMMAND: POST /session/3637353f0f0366f06ffc96bdd6dcca04/element/f.FA5AA6ACA71DB73EA77ABAF269C4B101.d.2FF2B500D10F57279F2A605FB46EE8FF.e.3452/click - {}
RESULT: {}
COMMAND: GET /session/3637353f0f0366f06ffc96bdd6dcca04/screenshot - {}
]]></system-out>
    </testcase>
    <testcase classname="chrome.135_0_7049_96.windows.Stock_increase_-_with_WHM_US125587" name="Bin Status Report Should Create New Organization for Site" time="61.372">
      <system-out><![CDATA[
RESULT: {}
COMMAND: POST /session/3637353f0f0366f06ffc96bdd6dcca04/execute/async - {"script":"<script> [1562 bytes]","args":[{"selector":{"id":"application-binstatusreport-display-component---warehousing--createOrgBtn","interaction":{"idSuffix":"content"}},"wdio_ui5_key":"applicationbinstatusreport-display-component---warehousing--createOrgBtn"}]}
RESULT: {"script":"<script> [1562 bytes]","args":[{"selector":{"id":"application-binstatusreport-display-component---warehousing--createOrgBtn","interaction":{"idSuffix":"content"}},"wdio_ui5_key":"applicationbinstatusreport-display-component---warehousing--createOrgBtn"}]}
RESULT: undefined
COMMAND: POST /session/3637353f0f0366f06ffc96bdd6dcca04/element - {"using":"xpath","value":"//*[@id=\"application-binstatusreport-display-component---warehousing--createOrgBtn\"]"}
RESULT: {"using":"xpath","value":"//*[@id=\"application-binstatusreport-display-component---warehousing--createOrgBtn\"]"}
COMMAND: POST /session/3637353f0f0366f06ffc96bdd6dcca04/element/f.FA5AA6ACA71DB73EA77ABAF269C4B101.d.2FF2B500D10F57279F2A605FB46EE8FF.e.3369/click - {}
RESULT: {}
RESULT: undefined
COMMAND: POST /session/3637353f0f0366f06ffc96bdd6dcca04/execute/async - {"script":"<script> [776 bytes]","args":[{"enterText":"2330","selector":{"id":"createOrganizationPop--sectionInput","searchOpenDialogs":true,"interaction":{"idSuffix":"inner"}},"clearTextFirst":true,"interactionType":"ENTER_TEXT"}]}
COMMAND: GET /session/3637353f0f0366f06ffc96bdd6dcca04/screenshot - {}
RESULT: {"script":"<script> [776 bytes]","args":[{"enterText":"2330","selector":{"id":"createOrganizationPop--sectionInput","searchOpenDialogs":true,"interaction":{"idSuffix":"inner"}},"clearTextFirst":true,"interactionType":"ENTER_TEXT"}]}
RESULT: undefined
COMMAND: POST /session/3637353f0f0366f06ffc96bdd6dcca04/execute/async - {"script":"<script> [776 bytes]","args":[{"enterText":"2330","selector":{"id":"createOrganizationPop--descriptionInput","searchOpenDialogs":true,"interaction":{"idSuffix":"inner"}},"clearTextFirst":true,"interactionType":"ENTER_TEXT"}]}
RESULT: {}
RESULT: {"script":"<script> [776 bytes]","args":[{"enterText":"2330","selector":{"id":"createOrganizationPop--descriptionInput","searchOpenDialogs":true,"interaction":{"idSuffix":"inner"}},"clearTextFirst":true,"interactionType":"ENTER_TEXT"}]}
COMMAND: POST /session/3637353f0f0366f06ffc96bdd6dcca04/element - {"using":"css selector","value":"#createOrganizationPop--siteOrg-inner"}
RESULT: {"using":"css selector","value":"#createOrganizationPop--siteOrg-inner"}
COMMAND: POST /session/3637353f0f0366f06ffc96bdd6dcca04/element/f.FA5AA6ACA71DB73EA77ABAF269C4B101.d.2FF2B500D10F57279F2A605FB46EE8FF.e.3460/clear - {}
RESULT: {}
COMMAND: POST /session/3637353f0f0366f06ffc96bdd6dcca04/element/f.FA5AA6ACA71DB73EA77ABAF269C4B101.d.2FF2B500D10F57279F2A605FB46EE8FF.e.3460/value - {"text":"2330"}
COMMAND: GET /session/3637353f0f0366f06ffc96bdd6dcca04/screenshot - {}
RESULT: {"text":"2330"}
COMMAND: GET /session/3637353f0f0366f06ffc96bdd6dcca04/screenshot - {}
RESULT: {}
RESULT: {}
COMMAND: POST /session/3637353f0f0366f06ffc96bdd6dcca04/actions - {"actions":[{"id":"action17","type":"key","parameters":{},"actions":[{"type":"keyDown","value":"î€‡"},{"type":"pause","duration":10},{"type":"keyUp","value":"î€‡"}]}]}
RESULT: {"actions":[{"id":"action17","type":"key","parameters":{},"actions":[{"type":"keyDown","value":"î€‡"},{"type":"pause","duration":10},{"type":"keyUp","value":"î€‡"}]}]}
RESULT: undefined
COMMAND: POST /session/3637353f0f0366f06ffc96bdd6dcca04/element - {"using":"xpath","value":"//*[@id=\"createOrganizationPop--giZone\"]"}
COMMAND: GET /session/3637353f0f0366f06ffc96bdd6dcca04/screenshot - {}
RESULT: {"using":"xpath","value":"//*[@id=\"createOrganizationPop--giZone\"]"}
COMMAND: POST /session/3637353f0f0366f06ffc96bdd6dcca04/element/f.FA5AA6ACA71DB73EA77ABAF269C4B101.d.2FF2B500D10F57279F2A605FB46EE8FF.e.3478/click - {}
RESULT: {}
RESULT: {}
RESULT: undefined
COMMAND: POST /session/3637353f0f0366f06ffc96bdd6dcca04/execute/async - {"script":"<script> [776 bytes]","args":[{"enterText":"WD-BIN","selector":{"id":"createOrganizationPop--binNoInput","searchOpenDialogs":true,"interaction":{"idSuffix":"inner"}},"clearTextFirst":true,"interactionType":"ENTER_TEXT"}]}
COMMAND: GET /session/3637353f0f0366f06ffc96bdd6dcca04/screenshot - {}
RESULT: {"script":"<script> [776 bytes]","args":[{"enterText":"WD-BIN","selector":{"id":"createOrganizationPop--binNoInput","searchOpenDialogs":true,"interaction":{"idSuffix":"inner"}},"clearTextFirst":true,"interactionType":"ENTER_TEXT"}]}
RESULT: undefined
COMMAND: POST /session/3637353f0f0366f06ffc96bdd6dcca04/execute/async - {"script":"<script> [776 bytes]","args":[{"enterText":"WD-BIN","selector":{"id":"createOrganizationPop--descriptionId","searchOpenDialogs":true,"interaction":{"idSuffix":"inner"}},"clearTextFirst":true,"interactionType":"ENTER_TEXT"}]}
RESULT: {}
RESULT: {"script":"<script> [776 bytes]","args":[{"enterText":"WD-BIN","selector":{"id":"createOrganizationPop--descriptionId","searchOpenDialogs":true,"interaction":{"idSuffix":"inner"}},"clearTextFirst":true,"interactionType":"ENTER_TEXT"}]}
COMMAND: POST /session/3637353f0f0366f06ffc96bdd6dcca04/execute/async - {"script":"<script> [1562 bytes]","args":[{"selector":{"controlType":"sap.m.CheckBox","viewName":"etm.portal.ui.binstatusreport.view.MasterWareBins","viewId":"application-binstatusreport-display-component---warehousing","bindingPath":{"propertyPath":"/ZONE","modelName":"newBin"},"searchOpenDialogs":true,"interaction":{"idSuffix":"CbBg"}},"wdio_ui5_key":"etmportal.ui.binstatusreport.view.MasterWareBinssap.m.CheckBox{\"propertyPath\":\"/ZONE\",\"modelName\":\"newBin\"}"}]}
RESULT: {"script":"<script> [1562 bytes]","args":[{"selector":{"controlType":"sap.m.CheckBox","viewName":"etm.portal.ui.binstatusreport.view.MasterWareBins","viewId":"application-binstatusreport-display-component---warehousing","bindingPath":{"propertyPath":"/ZONE","modelName":"newBin"},"searchOpenDialogs":true,"interaction":{"idSuffix":"CbBg"}},"wdio_ui5_key":"etmportal.ui.binstatusreport.view.MasterWareBinssap.m.CheckBox{\"propertyPath\":\"/ZONE\",\"modelName\":\"newBin\"}"}]}
RESULT: undefined
COMMAND: POST /session/3637353f0f0366f06ffc96bdd6dcca04/element - {"using":"xpath","value":"//*[@id=\"__box44\"]"}
RESULT: {"using":"xpath","value":"//*[@id=\"__box44\"]"}
COMMAND: POST /session/3637353f0f0366f06ffc96bdd6dcca04/element/f.FA5AA6ACA71DB73EA77ABAF269C4B101.d.2FF2B500D10F57279F2A605FB46EE8FF.e.3480/click - {}
RESULT: {}
COMMAND: GET /session/3637353f0f0366f06ffc96bdd6dcca04/screenshot - {}
RESULT: {}
RESULT: undefined
COMMAND: POST /session/3637353f0f0366f06ffc96bdd6dcca04/execute/async - {"script":"<script> [776 bytes]","args":[{"enterText":"1 - General / No capacity check","selector":{"id":"createOrganizationPop--binTypesCB","searchOpenDialogs":true,"interaction":{"idSuffix":"inner"}},"clearTextFirst":true,"interactionType":"ENTER_TEXT"}]}
RESULT: {"script":"<script> [776 bytes]","args":[{"enterText":"1 - General / No capacity check","selector":{"id":"createOrganizationPop--binTypesCB","searchOpenDialogs":true,"interaction":{"idSuffix":"inner"}},"clearTextFirst":true,"interactionType":"ENTER_TEXT"}]}
COMMAND: POST /session/3637353f0f0366f06ffc96bdd6dcca04/execute/async - {"script":"<script> [1562 bytes]","args":[{"selector":{"id":"createOrganizationPop--capacityId","searchOpenDialogs":true,"interaction":{"idSuffix":"inner"}},"wdio_ui5_key":"createOrganizationPopcapacityId"}]}
RESULT: {"script":"<script> [1562 bytes]","args":[{"selector":{"id":"createOrganizationPop--capacityId","searchOpenDialogs":true,"interaction":{"idSuffix":"inner"}},"wdio_ui5_key":"createOrganizationPopcapacityId"}]}
RESULT: undefined
COMMAND: POST /session/3637353f0f0366f06ffc96bdd6dcca04/actions - {"actions":[{"id":"action18","type":"key","parameters":{},"actions":[{"type":"keyDown","value":"î€‡"},{"type":"pause","duration":10},{"type":"keyUp","value":"î€‡"}]}]}
RESULT: {"actions":[{"id":"action18","type":"key","parameters":{},"actions":[{"type":"keyDown","value":"î€‡"},{"type":"pause","duration":10},{"type":"keyUp","value":"î€‡"}]}]}
COMMAND: GET /session/3637353f0f0366f06ffc96bdd6dcca04/screenshot - {}
RESULT: {}
RESULT: undefined
COMMAND: POST /session/3637353f0f0366f06ffc96bdd6dcca04/element - {"using":"xpath","value":"//*[@id=\"createOrganizationPop--finishBtn\"]"}
RESULT: {"using":"xpath","value":"//*[@id=\"createOrganizationPop--finishBtn\"]"}
COMMAND: POST /session/3637353f0f0366f06ffc96bdd6dcca04/element/f.FA5AA6ACA71DB73EA77ABAF269C4B101.d.2FF2B500D10F57279F2A605FB46EE8FF.e.3481/click - {}
RESULT: {}
COMMAND: GET /session/3637353f0f0366f06ffc96bdd6dcca04/screenshot - {}
RESULT: {}
COMMAND: POST /session/3637353f0f0366f06ffc96bdd6dcca04/element - {"using":"css selector","value":"#shell-header-icon"}
RESULT: {"using":"css selector","value":"#shell-header-icon"}
COMMAND: POST /session/3637353f0f0366f06ffc96bdd6dcca04/execute/sync - {"script":"<script> [8489 bytes]","args":[{"element-6066-11e4-a52e-4f735466cecf":"f.FA5AA6ACA71DB73EA77ABAF269C4B101.d.2FF2B500D10F57279F2A605FB46EE8FF.e.3325","ELEMENT":"f.FA5AA6ACA71DB73EA77ABAF269C4B101.d.2FF2B500D10F57279F2A605FB46EE8FF.e.3325"}]}
RESULT: {"script":"<script> [8489 bytes]","args":[{"element-6066-11e4-a52e-4f735466cecf":"f.FA5AA6ACA71DB73EA77ABAF269C4B101.d.2FF2B500D10F57279F2A605FB46EE8FF.e.3325","ELEMENT":"f.FA5AA6ACA71DB73EA77ABAF269C4B101.d.2FF2B500D10F57279F2A605FB46EE8FF.e.3325"}]}
COMMAND: GET /session/3637353f0f0366f06ffc96bdd6dcca04/element/f.FA5AA6ACA71DB73EA77ABAF269C4B101.d.2FF2B500D10F57279F2A605FB46EE8FF.e.3325/enabled - {}
COMMAND: GET /session/3637353f0f0366f06ffc96bdd6dcca04/screenshot - {}
RESULT: {}
COMMAND: POST /session/3637353f0f0366f06ffc96bdd6dcca04/element/f.FA5AA6ACA71DB73EA77ABAF269C4B101.d.2FF2B500D10F57279F2A605FB46EE8FF.e.3325/click - {}
COMMAND: GET /session/3637353f0f0366f06ffc96bdd6dcca04/screenshot - {}
RESULT: {}
RESULT: {}
COMMAND: GET /session/3637353f0f0366f06ffc96bdd6dcca04/screenshot - {}
RESULT: {}
RESULT: {}
]]></system-out>
    </testcase>
    <testcase classname="chrome.135_0_7049_96.windows.Stock_increase_-_with_WHM_US125587" name="create a whm for yard" time="34.338">
      <system-out><![CDATA[
COMMAND: POST /session/3637353f0f0366f06ffc96bdd6dcca04/element - {"using":"xpath","value":"//div[text()='Warehouse']"}
RESULT: {"using":"xpath","value":"//div[text()='Warehouse']"}
COMMAND: POST /session/3637353f0f0366f06ffc96bdd6dcca04/elements - {"using":"xpath","value":"//div[text()='Warehouse']"}
RESULT: {"using":"xpath","value":"//div[text()='Warehouse']"}
COMMAND: POST /session/3637353f0f0366f06ffc96bdd6dcca04/element/f.FA5AA6ACA71DB73EA77ABAF269C4B101.d.2FF2B500D10F57279F2A605FB46EE8FF.e.3326/click - {}
RESULT: {}
COMMAND: POST /session/3637353f0f0366f06ffc96bdd6dcca04/element - {"using":"xpath","value":"//span[text()='Manage Warehouse Movements']"}
COMMAND: GET /session/3637353f0f0366f06ffc96bdd6dcca04/screenshot - {}
RESULT: {"using":"xpath","value":"//span[text()='Manage Warehouse Movements']"}
COMMAND: POST /session/3637353f0f0366f06ffc96bdd6dcca04/elements - {"using":"xpath","value":"//span[text()='Manage Warehouse Movements']"}
RESULT: {}
RESULT: {"using":"xpath","value":"//span[text()='Manage Warehouse Movements']"}
COMMAND: POST /session/3637353f0f0366f06ffc96bdd6dcca04/element - {"using":"xpath","value":"//input[@id='application-warehousemovements-display-component---warehouseMovements--smartFilterBar-filterItemControl_BASIC-YARD-inner']"}
RESULT: {"using":"xpath","value":"//input[@id='application-warehousemovements-display-component---warehouseMovements--smartFilterBar-filterItemControl_BASIC-YARD-inner']"}
COMMAND: POST /session/3637353f0f0366f06ffc96bdd6dcca04/element - {"using":"xpath","value":"//input[@id='application-warehousemovements-display-component---warehouseMovements--smartFilterBar-filterItemControl_BASIC-YARD-inner']"}
RESULT: {"using":"xpath","value":"//input[@id='application-warehousemovements-display-component---warehouseMovements--smartFilterBar-filterItemControl_BASIC-YARD-inner']"}
COMMAND: POST /session/3637353f0f0366f06ffc96bdd6dcca04/actions - {"actions":[{"id":"action19","type":"key","parameters":{},"actions":[{"type":"keyDown","value":"î€‡"},{"type":"pause","duration":10},{"type":"keyUp","value":"î€‡"}]}]}
RESULT: {"actions":[{"id":"action19","type":"key","parameters":{},"actions":[{"type":"keyDown","value":"î€‡"},{"type":"pause","duration":10},{"type":"keyUp","value":"î€‡"}]}]}
COMMAND: POST /session/3637353f0f0366f06ffc96bdd6dcca04/element - {"using":"xpath","value":"(//*[@title=\"Add New Movement\"])[1]"}
COMMAND: GET /session/3637353f0f0366f06ffc96bdd6dcca04/screenshot - {}
RESULT: {"using":"xpath","value":"(//*[@title=\"Add New Movement\"])[1]"}
COMMAND: POST /session/3637353f0f0366f06ffc96bdd6dcca04/element - {"using":"xpath","value":"(//*[@title=\"Add New Movement\"])[1]"}
RESULT: {}
RESULT: {"using":"xpath","value":"(//*[@title=\"Add New Movement\"])[1]"}
COMMAND: POST /session/3637353f0f0366f06ffc96bdd6dcca04/element - {"using":"xpath","value":"//*[@id=\"application-warehousemovements-display-component---addMovement--sectionsList-arrow\"]"}
RESULT: {"using":"xpath","value":"//*[@id=\"application-warehousemovements-display-component---addMovement--sectionsList-arrow\"]"}
COMMAND: POST /session/3637353f0f0366f06ffc96bdd6dcca04/element - {"using":"xpath","value":"//*[@id=\"application-warehousemovements-display-component---addMovement--sectionsList-arrow\"]"}
RESULT: {"using":"xpath","value":"//*[@id=\"application-warehousemovements-display-component---addMovement--sectionsList-arrow\"]"}
COMMAND: POST /session/3637353f0f0366f06ffc96bdd6dcca04/element - {"using":"xpath","value":"//*[@id=\"application-warehousemovements-display-component---addMovement--saveMovementBtn-BDI-content\" and text()=\"Save\"]"}
RESULT: {"using":"xpath","value":"//*[@id=\"application-warehousemovements-display-component---addMovement--saveMovementBtn-BDI-content\" and text()=\"Save\"]"}
COMMAND: POST /session/3637353f0f0366f06ffc96bdd6dcca04/element - {"using":"xpath","value":"//*[@id=\"application-warehousemovements-display-component---addMovement--saveMovementBtn-BDI-content\" and text()=\"Save\"]"}
RESULT: {"using":"xpath","value":"//*[@id=\"application-warehousemovements-display-component---addMovement--saveMovementBtn-BDI-content\" and text()=\"Save\"]"}
COMMAND: POST /session/3637353f0f0366f06ffc96bdd6dcca04/element - {"using":"css selector","value":"#shell-header-icon"}
RESULT: {"using":"css selector","value":"#shell-header-icon"}
COMMAND: POST /session/3637353f0f0366f06ffc96bdd6dcca04/execute/sync - {"script":"<script> [8489 bytes]","args":[{"element-6066-11e4-a52e-4f735466cecf":"f.FA5AA6ACA71DB73EA77ABAF269C4B101.d.2FF2B500D10F57279F2A605FB46EE8FF.e.3483","ELEMENT":"f.FA5AA6ACA71DB73EA77ABAF269C4B101.d.2FF2B500D10F57279F2A605FB46EE8FF.e.3483"}]}
RESULT: {"script":"<script> [8489 bytes]","args":[{"element-6066-11e4-a52e-4f735466cecf":"f.FA5AA6ACA71DB73EA77ABAF269C4B101.d.2FF2B500D10F57279F2A605FB46EE8FF.e.3483","ELEMENT":"f.FA5AA6ACA71DB73EA77ABAF269C4B101.d.2FF2B500D10F57279F2A605FB46EE8FF.e.3483"}]}
COMMAND: GET /session/3637353f0f0366f06ffc96bdd6dcca04/element/f.FA5AA6ACA71DB73EA77ABAF269C4B101.d.2FF2B500D10F57279F2A605FB46EE8FF.e.3483/enabled - {}
COMMAND: GET /session/3637353f0f0366f06ffc96bdd6dcca04/screenshot - {}
RESULT: {}
COMMAND: POST /session/3637353f0f0366f06ffc96bdd6dcca04/element/f.FA5AA6ACA71DB73EA77ABAF269C4B101.d.2FF2B500D10F57279F2A605FB46EE8FF.e.3483/click - {}
COMMAND: GET /session/3637353f0f0366f06ffc96bdd6dcca04/screenshot - {}
RESULT: {}
RESULT: {}
COMMAND: GET /session/3637353f0f0366f06ffc96bdd6dcca04/screenshot - {}
RESULT: {}
RESULT: {}
]]></system-out>
    </testcase>
    <testcase classname="chrome.135_0_7049_96.windows.Stock_increase_-_with_WHM_US125587" name="Should do a stock increase handover" time="90.834">
      <system-out><![CDATA[
COMMAND: POST /session/3637353f0f0366f06ffc96bdd6dcca04/execute/async - {"script":"<script> [1562 bytes]","args":[{"selector":{"controlType":"sap.m.Text","viewName":"etm.portal.ui.managehandoverstile.view.Master","properties":{"text":"Manage Handovers"},"interaction":{"idSuffix":"inner"}},"wdio_ui5_key":"etmportal.ui.managehandoverstile.view.Mastersap.m.Text{\"text\":\"Manage Handovers\"}"}]}
RESULT: {"script":"<script> [1562 bytes]","args":[{"selector":{"controlType":"sap.m.Text","viewName":"etm.portal.ui.managehandoverstile.view.Master","properties":{"text":"Manage Handovers"},"interaction":{"idSuffix":"inner"}},"wdio_ui5_key":"etmportal.ui.managehandoverstile.view.Mastersap.m.Text{\"text\":\"Manage Handovers\"}"}]}
RESULT: undefined
COMMAND: POST /session/3637353f0f0366f06ffc96bdd6dcca04/element - {"using":"xpath","value":"//*[@id=\"__tile133-title\"]"}
RESULT: {"using":"xpath","value":"//*[@id=\"__tile133-title\"]"}
COMMAND: POST /session/3637353f0f0366f06ffc96bdd6dcca04/element/f.FA5AA6ACA71DB73EA77ABAF269C4B101.d.2FF2B500D10F57279F2A605FB46EE8FF.e.3485/click - {}
RESULT: {}
COMMAND: GET /session/3637353f0f0366f06ffc96bdd6dcca04/screenshot - {}
RESULT: {}
COMMAND: POST /session/3637353f0f0366f06ffc96bdd6dcca04/execute/async - {"script":"<script> [1562 bytes]","args":[{"selector":{"controlType":"sap.ui.core.Icon","viewName":"etm.portal.ui.managehandovers.view.MasterHO","properties":{"src":{"regex":{"source":"add"}}}},"wdio_ui5_key":"etmportal.ui.managehandovers.view.MasterHOsap.ui.core.Icon{\"src\":{\"regex\":{\"source\":\"add\"}}}"}]}
RESULT: {"script":"<script> [1562 bytes]","args":[{"selector":{"controlType":"sap.ui.core.Icon","viewName":"etm.portal.ui.managehandovers.view.MasterHO","properties":{"src":{"regex":{"source":"add"}}}},"wdio_ui5_key":"etmportal.ui.managehandovers.view.MasterHOsap.ui.core.Icon{\"src\":{\"regex\":{\"source\":\"add\"}}}"}]}
RESULT: undefined
COMMAND: POST /session/3637353f0f0366f06ffc96bdd6dcca04/element - {"using":"xpath","value":"//*[@id=\"__button179-img\"]"}
RESULT: {"using":"xpath","value":"//*[@id=\"__button179-img\"]"}
COMMAND: POST /session/3637353f0f0366f06ffc96bdd6dcca04/element/f.FA5AA6ACA71DB73EA77ABAF269C4B101.d.2FF2B500D10F57279F2A605FB46EE8FF.e.3527/click - {}
RESULT: {}
COMMAND: GET /session/3637353f0f0366f06ffc96bdd6dcca04/screenshot - {}
RESULT: {}
COMMAND: POST /session/3637353f0f0366f06ffc96bdd6dcca04/execute/async - {"script":"<script> [1562 bytes]","args":[{"selector":{"id":"application-managehandovers-display-component---AddNewHO--typeSelect","interaction":{"idSuffix":"arrow"}},"wdio_ui5_key":"applicationmanagehandovers-display-component---AddNewHO--typeSelect"}]}
RESULT: {"script":"<script> [1562 bytes]","args":[{"selector":{"id":"application-managehandovers-display-component---AddNewHO--typeSelect","interaction":{"idSuffix":"arrow"}},"wdio_ui5_key":"applicationmanagehandovers-display-component---AddNewHO--typeSelect"}]}
RESULT: undefined
COMMAND: POST /session/3637353f0f0366f06ffc96bdd6dcca04/element - {"using":"xpath","value":"//*[@id=\"application-managehandovers-display-component---AddNewHO--typeSelect\"]"}
RESULT: {"using":"xpath","value":"//*[@id=\"application-managehandovers-display-component---AddNewHO--typeSelect\"]"}
COMMAND: POST /session/3637353f0f0366f06ffc96bdd6dcca04/element/f.FA5AA6ACA71DB73EA77ABAF269C4B101.d.2FF2B500D10F57279F2A605FB46EE8FF.e.3867/click - {}
RESULT: {}
COMMAND: POST /session/3637353f0f0366f06ffc96bdd6dcca04/execute/async - {"script":"<script> [1562 bytes]","args":[{"selector":{"controlType":"sap.ui.core.Item","viewName":"etm.portal.ui.managehandovers.view.AddNewHO","viewId":"application-managehandovers-display-component---AddNewHO","bindingPath":{"path":"/HandOverTypes('100')","propertyPath":"ID","modelName":"catalogModel"},"searchOpenDialogs":true},"wdio_ui5_key":"etmportal.ui.managehandovers.view.AddNewHOsap.ui.core.Item{\"path\":\"/HandOverTypes('100')\",\"propertyPath\":\"ID\",\"modelName\":\"catalogModel\"}"}]}
COMMAND: GET /session/3637353f0f0366f06ffc96bdd6dcca04/screenshot - {}
RESULT: {"script":"<script> [1562 bytes]","args":[{"selector":{"controlType":"sap.ui.core.Item","viewName":"etm.portal.ui.managehandovers.view.AddNewHO","viewId":"application-managehandovers-display-component---AddNewHO","bindingPath":{"path":"/HandOverTypes('100')","propertyPath":"ID","modelName":"catalogModel"},"searchOpenDialogs":true},"wdio_ui5_key":"etmportal.ui.managehandovers.view.AddNewHOsap.ui.core.Item{\"path\":\"/HandOverTypes('100')\",\"propertyPath\":\"ID\",\"modelName\":\"catalogModel\"}"}]}
RESULT: undefined
COMMAND: POST /session/3637353f0f0366f06ffc96bdd6dcca04/element - {"using":"xpath","value":"//*[@id=\"__item1837-application-managehandovers-display-component---AddNewHO--typeSelect-1\"]"}
RESULT: {}
RESULT: {"using":"xpath","value":"//*[@id=\"__item1837-application-managehandovers-display-component---AddNewHO--typeSelect-1\"]"}
COMMAND: POST /session/3637353f0f0366f06ffc96bdd6dcca04/element/f.FA5AA6ACA71DB73EA77ABAF269C4B101.d.2FF2B500D10F57279F2A605FB46EE8FF.e.3868/click - {}
RESULT: {}
COMMAND: POST /session/3637353f0f0366f06ffc96bdd6dcca04/element - {"using":"css selector","value":"#application-managehandovers-display-component---AddNewHO--oneStep-CB"}
COMMAND: GET /session/3637353f0f0366f06ffc96bdd6dcca04/screenshot - {}
RESULT: {"using":"css selector","value":"#application-managehandovers-display-component---AddNewHO--oneStep-CB"}
COMMAND: POST /session/3637353f0f0366f06ffc96bdd6dcca04/execute/sync - {"script":"<script> [8489 bytes]","args":[{"element-6066-11e4-a52e-4f735466cecf":"f.FA5AA6ACA71DB73EA77ABAF269C4B101.d.2FF2B500D10F57279F2A605FB46EE8FF.e.3876","ELEMENT":"f.FA5AA6ACA71DB73EA77ABAF269C4B101.d.2FF2B500D10F57279F2A605FB46EE8FF.e.3876"}]}
RESULT: {}
RESULT: {"script":"<script> [8489 bytes]","args":[{"element-6066-11e4-a52e-4f735466cecf":"f.FA5AA6ACA71DB73EA77ABAF269C4B101.d.2FF2B500D10F57279F2A605FB46EE8FF.e.3876","ELEMENT":"f.FA5AA6ACA71DB73EA77ABAF269C4B101.d.2FF2B500D10F57279F2A605FB46EE8FF.e.3876"}]}
COMMAND: GET /session/3637353f0f0366f06ffc96bdd6dcca04/screenshot - {}
RESULT: {}
COMMAND: POST /session/3637353f0f0366f06ffc96bdd6dcca04/element - {"using":"css selector","value":"input[id=\"generalSectionFrg--receiveYard-inner\"]"}
RESULT: {"using":"css selector","value":"input[id=\"generalSectionFrg--receiveYard-inner\"]"}
COMMAND: POST /session/3637353f0f0366f06ffc96bdd6dcca04/element/f.FA5AA6ACA71DB73EA77ABAF269C4B101.d.2FF2B500D10F57279F2A605FB46EE8FF.e.3878/clear - {}
RESULT: {}
COMMAND: POST /session/3637353f0f0366f06ffc96bdd6dcca04/element/f.FA5AA6ACA71DB73EA77ABAF269C4B101.d.2FF2B500D10F57279F2A605FB46EE8FF.e.3878/value - {"text":"495"}
COMMAND: GET /session/3637353f0f0366f06ffc96bdd6dcca04/screenshot - {}
RESULT: {"text":"495"}
COMMAND: GET /session/3637353f0f0366f06ffc96bdd6dcca04/screenshot - {}
RESULT: {}
RESULT: {}
COMMAND: POST /session/3637353f0f0366f06ffc96bdd6dcca04/element - {"using":"css selector","value":"#application-managehandovers-display-component---AddNewHO--dueDate-inner"}
RESULT: {"using":"css selector","value":"#application-managehandovers-display-component---AddNewHO--dueDate-inner"}
COMMAND: POST /session/3637353f0f0366f06ffc96bdd6dcca04/element/f.FA5AA6ACA71DB73EA77ABAF269C4B101.d.2FF2B500D10F57279F2A605FB46EE8FF.e.3872/clear - {}
RESULT: {}
COMMAND: POST /session/3637353f0f0366f06ffc96bdd6dcca04/element/f.FA5AA6ACA71DB73EA77ABAF269C4B101.d.2FF2B500D10F57279F2A605FB46EE8FF.e.3872/value - {"text":"5/2/25"}
COMMAND: GET /session/3637353f0f0366f06ffc96bdd6dcca04/screenshot - {}
RESULT: {"text":"5/2/25"}
COMMAND: GET /session/3637353f0f0366f06ffc96bdd6dcca04/screenshot - {}
RESULT: {}
RESULT: {}
COMMAND: POST /session/3637353f0f0366f06ffc96bdd6dcca04/element - {"using":"xpath","value":"//bdi[(text() = 'Items' or . = 'Items')]"}
RESULT: {"using":"xpath","value":"//bdi[(text() = 'Items' or . = 'Items')]"}
COMMAND: POST /session/3637353f0f0366f06ffc96bdd6dcca04/element/f.FA5AA6ACA71DB73EA77ABAF269C4B101.d.2FF2B500D10F57279F2A605FB46EE8FF.e.3892/click - {}
RESULT: {}
COMMAND: GET /session/3637353f0f0366f06ffc96bdd6dcca04/screenshot - {}
RESULT: {}
COMMAND: POST /session/3637353f0f0366f06ffc96bdd6dcca04/element - {"using":"xpath","value":"//button[@aria-label=\"Add\"]"}
RESULT: {"using":"xpath","value":"//button[@aria-label=\"Add\"]"}
COMMAND: POST /session/3637353f0f0366f06ffc96bdd6dcca04/element/f.FA5AA6ACA71DB73EA77ABAF269C4B101.d.2FF2B500D10F57279F2A605FB46EE8FF.e.3897/click - {}
RESULT: {}
COMMAND: GET /session/3637353f0f0366f06ffc96bdd6dcca04/screenshot - {}
RESULT: {}
COMMAND: POST /session/3637353f0f0366f06ffc96bdd6dcca04/element - {"using":"css selector","value":"input[id= \"application-managehandovers-display-component---AddNewHO--smartFilterBar-btnBasicSearch-I\"]"}
RESULT: {"using":"css selector","value":"input[id= \"application-managehandovers-display-component---AddNewHO--smartFilterBar-btnBasicSearch-I\"]"}
COMMAND: POST /session/3637353f0f0366f06ffc96bdd6dcca04/element/f.FA5AA6ACA71DB73EA77ABAF269C4B101.d.2FF2B500D10F57279F2A605FB46EE8FF.e.3901/clear - {}
RESULT: {}
COMMAND: POST /session/3637353f0f0366f06ffc96bdd6dcca04/element/f.FA5AA6ACA71DB73EA77ABAF269C4B101.d.2FF2B500D10F57279F2A605FB46EE8FF.e.3901/value - {"text":"200266"}
COMMAND: GET /session/3637353f0f0366f06ffc96bdd6dcca04/screenshot - {}
RESULT: {"text":"200266"}
COMMAND: POST /session/3637353f0f0366f06ffc96bdd6dcca04/actions - {"actions":[{"id":"action20","type":"key","parameters":{},"actions":[{"type":"keyDown","value":"î€‡"},{"type":"pause","duration":10},{"type":"keyUp","value":"î€‡"}]}]}
COMMAND: GET /session/3637353f0f0366f06ffc96bdd6dcca04/screenshot - {}
RESULT: {}
RESULT: {"actions":[{"id":"action20","type":"key","parameters":{},"actions":[{"type":"keyDown","value":"î€‡"},{"type":"pause","duration":10},{"type":"keyUp","value":"î€‡"}]}]}
COMMAND: POST /session/3637353f0f0366f06ffc96bdd6dcca04/element - {"using":"css selector","value":"div[id= \"application-managehandovers-display-component---AddNewHO--smartFilterBar-btnBasicSearch-search\"]"}
COMMAND: GET /session/3637353f0f0366f06ffc96bdd6dcca04/screenshot - {}
RESULT: {}
RESULT: {"using":"css selector","value":"div[id= \"application-managehandovers-display-component---AddNewHO--smartFilterBar-btnBasicSearch-search\"]"}
COMMAND: POST /session/3637353f0f0366f06ffc96bdd6dcca04/element/f.FA5AA6ACA71DB73EA77ABAF269C4B101.d.2FF2B500D10F57279F2A605FB46EE8FF.e.4051/click - {}
RESULT: {}
RESULT: {}
COMMAND: GET /session/3637353f0f0366f06ffc96bdd6dcca04/screenshot - {}
RESULT: {}
COMMAND: POST /session/3637353f0f0366f06ffc96bdd6dcca04/element - {"using":"css selector","value":"div[id= \"application-managehandovers-display-component---AddNewHO--popup-sa-CbBg\"]"}
RESULT: {"using":"css selector","value":"div[id= \"application-managehandovers-display-component---AddNewHO--popup-sa-CbBg\"]"}
COMMAND: POST /session/3637353f0f0366f06ffc96bdd6dcca04/element/f.FA5AA6ACA71DB73EA77ABAF269C4B101.d.2FF2B500D10F57279F2A605FB46EE8FF.e.4052/click - {}
RESULT: {}
COMMAND: POST /session/3637353f0f0366f06ffc96bdd6dcca04/element - {"using":"xpath","value":"//bdi[(text() = 'Select' or . = 'Select')]"}
COMMAND: GET /session/3637353f0f0366f06ffc96bdd6dcca04/screenshot - {}
RESULT: {"using":"xpath","value":"//bdi[(text() = 'Select' or . = 'Select')]"}
COMMAND: POST /session/3637353f0f0366f06ffc96bdd6dcca04/element/f.FA5AA6ACA71DB73EA77ABAF269C4B101.d.2FF2B500D10F57279F2A605FB46EE8FF.e.4053/click - {}
RESULT: {}
RESULT: {}
COMMAND: GET /session/3637353f0f0366f06ffc96bdd6dcca04/screenshot - {}
RESULT: {}
COMMAND: POST /session/3637353f0f0366f06ffc96bdd6dcca04/element - {"using":"xpath","value":"//bdi[(text() = 'Save' or . = 'Save')]"}
RESULT: {"using":"xpath","value":"//bdi[(text() = 'Save' or . = 'Save')]"}
COMMAND: POST /session/3637353f0f0366f06ffc96bdd6dcca04/element/f.FA5AA6ACA71DB73EA77ABAF269C4B101.d.2FF2B500D10F57279F2A605FB46EE8FF.e.4057/click - {}
RESULT: {}
COMMAND: GET /session/3637353f0f0366f06ffc96bdd6dcca04/screenshot - {}
RESULT: {}
COMMAND: POST /session/3637353f0f0366f06ffc96bdd6dcca04/element - {"using":"xpath","value":"//input[contains(@id ,\"receiptDatePicker-inner\")]"}
RESULT: {"using":"xpath","value":"//input[contains(@id ,\"receiptDatePicker-inner\")]"}
COMMAND: POST /session/3637353f0f0366f06ffc96bdd6dcca04/element/f.FA5AA6ACA71DB73EA77ABAF269C4B101.d.2FF2B500D10F57279F2A605FB46EE8FF.e.4087/click - {}
RESULT: {}
COMMAND: POST /session/3637353f0f0366f06ffc96bdd6dcca04/element - {"using":"xpath","value":"//input[contains(@id ,\"receiptDatePicker-inner\")]"}
COMMAND: GET /session/3637353f0f0366f06ffc96bdd6dcca04/screenshot - {}
RESULT: {"using":"xpath","value":"//input[contains(@id ,\"receiptDatePicker-inner\")]"}
COMMAND: POST /session/3637353f0f0366f06ffc96bdd6dcca04/element/f.FA5AA6ACA71DB73EA77ABAF269C4B101.d.2FF2B500D10F57279F2A605FB46EE8FF.e.4087/clear - {}
RESULT: {}
RESULT: {}
COMMAND: POST /session/3637353f0f0366f06ffc96bdd6dcca04/element/f.FA5AA6ACA71DB73EA77ABAF269C4B101.d.2FF2B500D10F57279F2A605FB46EE8FF.e.4087/value - {"text":"5/2/25"}
COMMAND: GET /session/3637353f0f0366f06ffc96bdd6dcca04/screenshot - {}
RESULT: {"text":"5/2/25"}
COMMAND: GET /session/3637353f0f0366f06ffc96bdd6dcca04/screenshot - {}
RESULT: {}
RESULT: {}
COMMAND: POST /session/3637353f0f0366f06ffc96bdd6dcca04/execute/async - {"script":"<script> [1562 bytes]","args":[{"selector":{"id":"administrationTabFilter","viewName":"etm.portal.ui.managehandovers.view.DetailExecuteHO","interaction":{"idSuffix":"text"}},"wdio_ui5_key":"administrationTabFilteretmportal.ui.managehandovers.view.DetailExecuteHO"}]}
RESULT: {"script":"<script> [1562 bytes]","args":[{"selector":{"id":"administrationTabFilter","viewName":"etm.portal.ui.managehandovers.view.DetailExecuteHO","interaction":{"idSuffix":"text"}},"wdio_ui5_key":"administrationTabFilteretmportal.ui.managehandovers.view.DetailExecuteHO"}]}
RESULT: undefined
COMMAND: POST /session/3637353f0f0366f06ffc96bdd6dcca04/element - {"using":"xpath","value":"//*[@id=\"__xmlview61--administrationTabFilter\"]"}
RESULT: {"using":"xpath","value":"//*[@id=\"__xmlview61--administrationTabFilter\"]"}
COMMAND: POST /session/3637353f0f0366f06ffc96bdd6dcca04/element/f.FA5AA6ACA71DB73EA77ABAF269C4B101.d.2FF2B500D10F57279F2A605FB46EE8FF.e.4105/click - {}
RESULT: {}
RESULT: undefined
COMMAND: POST /session/3637353f0f0366f06ffc96bdd6dcca04/element - {"using":"xpath","value":"//*[@id=\"__xmlview61--administrationTabFilter\"]"}
COMMAND: GET /session/3637353f0f0366f06ffc96bdd6dcca04/screenshot - {}
RESULT: {"using":"xpath","value":"//*[@id=\"__xmlview61--administrationTabFilter\"]"}
COMMAND: POST /session/3637353f0f0366f06ffc96bdd6dcca04/element/f.FA5AA6ACA71DB73EA77ABAF269C4B101.d.2FF2B500D10F57279F2A605FB46EE8FF.e.4105/click - {}
RESULT: {}
RESULT: {}
COMMAND: GET /session/3637353f0f0366f06ffc96bdd6dcca04/screenshot - {}
RESULT: {}
COMMAND: POST /session/3637353f0f0366f06ffc96bdd6dcca04/element - {"using":"xpath","value":"//bdi[(text() = 'Confirm' or . = 'Confirm')]"}
RESULT: {"using":"xpath","value":"//bdi[(text() = 'Confirm' or . = 'Confirm')]"}
COMMAND: POST /session/3637353f0f0366f06ffc96bdd6dcca04/element/f.FA5AA6ACA71DB73EA77ABAF269C4B101.d.2FF2B500D10F57279F2A605FB46EE8FF.e.4113/click - {}
RESULT: {}
COMMAND: GET /session/3637353f0f0366f06ffc96bdd6dcca04/screenshot - {}
RESULT: {}
COMMAND: POST /session/3637353f0f0366f06ffc96bdd6dcca04/execute/async - {"script":"<script> [1562 bytes]","args":[{"selector":{"id":"confirmationButton","viewName":"etm.portal.ui.managehandovers.view.DetailExecuteHO","interaction":{"idSuffix":"BDI-content"}},"wdio_ui5_key":"confirmationButtonetmportal.ui.managehandovers.view.DetailExecuteHO"}]}
RESULT: {"script":"<script> [1562 bytes]","args":[{"selector":{"id":"confirmationButton","viewName":"etm.portal.ui.managehandovers.view.DetailExecuteHO","interaction":{"idSuffix":"BDI-content"}},"wdio_ui5_key":"confirmationButtonetmportal.ui.managehandovers.view.DetailExecuteHO"}]}
RESULT: undefined
COMMAND: POST /session/3637353f0f0366f06ffc96bdd6dcca04/element - {"using":"css selector","value":"bdi[aria-live=\"off\"][text=\"Close\"]"}
RESULT: {"using":"css selector","value":"bdi[aria-live=\"off\"][text=\"Close\"]"}
COMMAND: POST /session/3637353f0f0366f06ffc96bdd6dcca04/element - {"using":"css selector","value":"bdi[aria-live=\"off\"][text=\"Close\"]"}
RESULT: {"using":"css selector","value":"bdi[aria-live=\"off\"][text=\"Close\"]"}
COMMAND: POST /session/3637353f0f0366f06ffc96bdd6dcca04/element - {"using":"css selector","value":"#shell-header-logo"}
RESULT: {"using":"css selector","value":"#shell-header-logo"}
COMMAND: POST /session/3637353f0f0366f06ffc96bdd6dcca04/element/f.FA5AA6ACA71DB73EA77ABAF269C4B101.d.2FF2B500D10F57279F2A605FB46EE8FF.e.3489/click - {}
RESULT: {}
COMMAND: GET /session/3637353f0f0366f06ffc96bdd6dcca04/screenshot - {}
RESULT: {}
COMMAND: POST /session/3637353f0f0366f06ffc96bdd6dcca04/element - {"using":"css selector","value":"#j_username"}
COMMAND: POST /session/3637353f0f0366f06ffc96bdd6dcca04/url - {"url":"https://qa-testing-00-live-etm-ui.cfapps.eu10-004.hana.ondemand.com/"}
RESULT: {"using":"css selector","value":"#j_username"}
COMMAND: POST /session/3637353f0f0366f06ffc96bdd6dcca04/element - {"using":"css selector","value":"#j_username"}
RESULT: {"url":"https://qa-testing-00-live-etm-ui.cfapps.eu10-004.hana.ondemand.com/"}
RESULT: undefined
COMMAND: GET /session/3637353f0f0366f06ffc96bdd6dcca04/screenshot - {}
RESULT: {"using":"css selector","value":"#j_username"}
COMMAND: POST /session/3637353f0f0366f06ffc96bdd6dcca04/element - {"using":"css selector","value":"#shell-header-logo"}
RESULT: {}
RESULT: {"using":"css selector","value":"#shell-header-logo"}
COMMAND: POST /session/3637353f0f0366f06ffc96bdd6dcca04/execute/sync - {"script":"<script> [8489 bytes]","args":[{"element-6066-11e4-a52e-4f735466cecf":"f.FA5AA6ACA71DB73EA77ABAF269C4B101.d.D497745B9F9EF733BCD70FA0B9755BBB.e.4151","ELEMENT":"f.FA5AA6ACA71DB73EA77ABAF269C4B101.d.D497745B9F9EF733BCD70FA0B9755BBB.e.4151"}]}
RESULT: {"script":"<script> [8489 bytes]","args":[{"element-6066-11e4-a52e-4f735466cecf":"f.FA5AA6ACA71DB73EA77ABAF269C4B101.d.D497745B9F9EF733BCD70FA0B9755BBB.e.4151","ELEMENT":"f.FA5AA6ACA71DB73EA77ABAF269C4B101.d.D497745B9F9EF733BCD70FA0B9755BBB.e.4151"}]}
COMMAND: POST /session/3637353f0f0366f06ffc96bdd6dcca04/element - {"using":"css selector","value":"#shell-header-logo"}
COMMAND: GET /session/3637353f0f0366f06ffc96bdd6dcca04/screenshot - {}
RESULT: {"using":"css selector","value":"#shell-header-logo"}
COMMAND: POST /session/3637353f0f0366f06ffc96bdd6dcca04/execute/sync - {"script":"<script> [8489 bytes]","args":[{"element-6066-11e4-a52e-4f735466cecf":"f.FA5AA6ACA71DB73EA77ABAF269C4B101.d.D497745B9F9EF733BCD70FA0B9755BBB.e.4151","ELEMENT":"f.FA5AA6ACA71DB73EA77ABAF269C4B101.d.D497745B9F9EF733BCD70FA0B9755BBB.e.4151"}]}
RESULT: {}
RESULT: {"script":"<script> [8489 bytes]","args":[{"element-6066-11e4-a52e-4f735466cecf":"f.FA5AA6ACA71DB73EA77ABAF269C4B101.d.D497745B9F9EF733BCD70FA0B9755BBB.e.4151","ELEMENT":"f.FA5AA6ACA71DB73EA77ABAF269C4B101.d.D497745B9F9EF733BCD70FA0B9755BBB.e.4151"}]}
COMMAND: POST /session/3637353f0f0366f06ffc96bdd6dcca04/execute/sync - {"script":"<script> [5351 bytes]","args":[{"element-6066-11e4-a52e-4f735466cecf":"f.FA5AA6ACA71DB73EA77ABAF269C4B101.d.D497745B9F9EF733BCD70FA0B9755BBB.e.4151","ELEMENT":"f.FA5AA6ACA71DB73EA77ABAF269C4B101.d.D497745B9F9EF733BCD70FA0B9755BBB.e.4151"}]}
COMMAND: GET /session/3637353f0f0366f06ffc96bdd6dcca04/screenshot - {}
RESULT: {"script":"<script> [5351 bytes]","args":[{"element-6066-11e4-a52e-4f735466cecf":"f.FA5AA6ACA71DB73EA77ABAF269C4B101.d.D497745B9F9EF733BCD70FA0B9755BBB.e.4151","ELEMENT":"f.FA5AA6ACA71DB73EA77ABAF269C4B101.d.D497745B9F9EF733BCD70FA0B9755BBB.e.4151"}]}
COMMAND: POST /session/3637353f0f0366f06ffc96bdd6dcca04/element - {"using":"css selector","value":"#shell-header-logo"}
COMMAND: GET /session/3637353f0f0366f06ffc96bdd6dcca04/screenshot - {}
RESULT: {}
RESULT: {"using":"css selector","value":"#shell-header-logo"}
COMMAND: POST /session/3637353f0f0366f06ffc96bdd6dcca04/element/f.FA5AA6ACA71DB73EA77ABAF269C4B101.d.D497745B9F9EF733BCD70FA0B9755BBB.e.4151/click - {}
RESULT: {}
RESULT: {}
COMMAND: GET /session/3637353f0f0366f06ffc96bdd6dcca04/screenshot - {}
RESULT: {}
COMMAND: POST /session/3637353f0f0366f06ffc96bdd6dcca04/execute/async - {"script":"<script> [189 bytes]","args":[]}
RESULT: {"script":"<script> [189 bytes]","args":[]}
COMMAND: POST /session/3637353f0f0366f06ffc96bdd6dcca04/execute/async - {"script":"<script> [123 bytes]","args":[]}
RESULT: {"script":"<script> [123 bytes]","args":[]}
COMMAND: POST /session/3637353f0f0366f06ffc96bdd6dcca04/timeouts - {"script":"<number>"}
RESULT: {"script":"<number>"}
COMMAND: GET /session/3637353f0f0366f06ffc96bdd6dcca04/timeouts - {}
RESULT: {}
RESULT: undefined
COMMAND: POST /session/3637353f0f0366f06ffc96bdd6dcca04/execute/async - {"script":"<script> [2676 bytes]","args":[]}
RESULT: {"script":"<script> [2676 bytes]","args":[]}
COMMAND: POST /session/3637353f0f0366f06ffc96bdd6dcca04/execute/async - {"script":"<script> [2342 bytes]","args":[{"protocol":"http","hostname":"0.0.0.0","path":"/","capabilities":{"browserName":"chrome","goog:chromeOptions":{"binary":"C:\\Program Files\\Google\\Chrome\\Application\\chrome.exe","args":["--start-maximized"]}},"logLevel":"warn","connectionRetryTimeout":120000,"connectionRetryCount":3,"logLevels":{},"enableDirectConnect":true,"strictSSL":true,"_":"65 more keys: [\"cacheDir\",\"port\",\"requestedCapabilities\",\"automationProtocol\",\"baseUrl\",\"waitforInterval\",\"waitforTimeout\",\"onReload\",\"beforeCommand\",\"afterCommand\",\"rootDir\",\"specs\",\"suites\",\"exclude\",\"groupLogsByTestSpec\",\"excludeDriverLogs\",\"bail\",\"framework\",\"reporters\",\"services\",\"maxInstances\",\"maxInstancesPerCapability\",\"injectGlobals\",\"filesToWatch\",\"execArgv\",\"runnerEnv\",\"runner\",\"shard\",\"specFileRetries\",\"specFileRetriesDelay\",\"specFileRetriesDeferred\",\"reporterSyncInterval\",\"reporterSyncTimeout\",\"cucumberFeaturesWithLineNumbers\",\"autoCompileOpts\",\"mochaOpts\",\"jasmineOpts\",\"cucumberOpts\",\"onPrepare\",\"onWorkerStart\",\"onWorkerEnd\",\"before\",\"beforeSession\",\"beforeSuite\",\"beforeHook\",\"beforeTest\",\"afterTest\",\"afterHook\",\"afterSuite\",\"afterSession\",\"after\",\"onComplete\",\"beforeAssertion\",\"afterAssertion\",\"beforeFeature\",\"beforeScenario\",\"beforeStep\",\"afterStep\",\"afterScenario\",\"afterFeature\",\"_\",\"suite\",\"$0\",\"ignoredWorkerServices\",\"wdi5\"]"}]}
RESULT: {"script":"<script> [2342 bytes]","args":[{"protocol":"http","hostname":"0.0.0.0","path":"/","capabilities":{"browserName":"chrome","goog:chromeOptions":{"binary":"C:\\Program Files\\Google\\Chrome\\Application\\chrome.exe","args":["--start-maximized"]}},"logLevel":"warn","connectionRetryTimeout":120000,"connectionRetryCount":3,"logLevels":{},"enableDirectConnect":true,"strictSSL":true,"_":"65 more keys: [\"cacheDir\",\"port\",\"requestedCapabilities\",\"automationProtocol\",\"baseUrl\",\"waitforInterval\",\"waitforTimeout\",\"onReload\",\"beforeCommand\",\"afterCommand\",\"rootDir\",\"specs\",\"suites\",\"exclude\",\"groupLogsByTestSpec\",\"excludeDriverLogs\",\"bail\",\"framework\",\"reporters\",\"services\",\"maxInstances\",\"maxInstancesPerCapability\",\"injectGlobals\",\"filesToWatch\",\"execArgv\",\"runnerEnv\",\"runner\",\"shard\",\"specFileRetries\",\"specFileRetriesDelay\",\"specFileRetriesDeferred\",\"reporterSyncInterval\",\"reporterSyncTimeout\",\"cucumberFeaturesWithLineNumbers\",\"autoCompileOpts\",\"mochaOpts\",\"jasmineOpts\",\"cucumberOpts\",\"onPrepare\",\"onWorkerStart\",\"onWorkerEnd\",\"before\",\"beforeSession\",\"beforeSuite\",\"beforeHook\",\"beforeTest\",\"afterTest\",\"afterHook\",\"afterSuite\",\"afterSession\",\"after\",\"onComplete\",\"beforeAssertion\",\"afterAssertion\",\"beforeFeature\",\"beforeScenario\",\"beforeStep\",\"afterStep\",\"afterScenario\",\"afterFeature\",\"_\",\"suite\",\"$0\",\"ignoredWorkerServices\",\"wdi5\"]"}]}
COMMAND: POST /session/3637353f0f0366f06ffc96bdd6dcca04/execute/async - {"script":"<script> [21126 bytes]","args":[35000]}
RESULT: {"script":"<script> [21126 bytes]","args":[35000]}
COMMAND: POST /session/3637353f0f0366f06ffc96bdd6dcca04/window/maximize - {}
RESULT: {}
COMMAND: POST /session/3637353f0f0366f06ffc96bdd6dcca04/execute/async - {"script":"<script> [1562 bytes]","args":[{"selector":{"id":"shell-header","interaction":{"idSuffix":"icon"}},"wdio_ui5_key":"shellheader"}]}
COMMAND: GET /session/3637353f0f0366f06ffc96bdd6dcca04/screenshot - {}
RESULT: {"script":"<script> [1562 bytes]","args":[{"selector":{"id":"shell-header","interaction":{"idSuffix":"icon"}},"wdio_ui5_key":"shellheader"}]}
RESULT: undefined
]]></system-out>
    </testcase>
  </testsuite>
  <testsuite timestamp="2025-05-02T05:54:34" time="427.084" tests="6" failures="0" errors="0" skipped="0">
    <properties>
      <property name="specId" value="0" />
      <property name="suiteName" value="Provide to Site w/ warehouse management w/ clarification US115878" />
      <property name="capabilities" value="chrome.135_0_7049_96.windows" />
      <property name="file" value="file:///D:/a/1/s/test/specs/HTR/provide-to-site-w-warehouse-w-clarification.spec.js" />
    </properties>
    <testcase classname="chrome.135_0_7049_96.windows.Provide_to_Site_w/_warehouse_management_w/_clarification_US115878" name="Should create a WHM yard" time="98.231">
      <system-out><![CDATA[
COMMAND: POST /session/3637353f0f0366f06ffc96bdd6dcca04/execute/async - {"script":"<script> [1562 bytes]","args":[{"selector":{"controlType":"sap.m.GenericTile","properties":{"header":"Manage Yards"}},"wdio_ui5_key":"sapm.GenericTile{\"header\":\"Manage Yards\"}"}]}
RESULT: {}
RESULT: {"script":"<script> [1562 bytes]","args":[{"selector":{"controlType":"sap.m.GenericTile","properties":{"header":"Manage Yards"}},"wdio_ui5_key":"sapm.GenericTile{\"header\":\"Manage Yards\"}"}]}
RESULT: undefined
COMMAND: POST /session/3637353f0f0366f06ffc96bdd6dcca04/element - {"using":"xpath","value":"//*[@id=\"__tile52\"]"}
RESULT: {"using":"xpath","value":"//*[@id=\"__tile52\"]"}
COMMAND: POST /session/3637353f0f0366f06ffc96bdd6dcca04/element/f.FA5AA6ACA71DB73EA77ABAF269C4B101.d.D497745B9F9EF733BCD70FA0B9755BBB.e.4171/click - {}
RESULT: {}
COMMAND: POST /session/3637353f0f0366f06ffc96bdd6dcca04/execute/async - {"script":"<script> [1562 bytes]","args":[{"selector":{"controlType":"sap.ui.core.Icon","viewName":"etm.portal.ui.manageyards.view.Master","viewId":"application-manageyards-display-component---masterYard","properties":{"src":{"regex":{"source":"add"}}}},"wdio_ui5_key":"etmportal.ui.manageyards.view.Mastersap.ui.core.Icon{\"src\":{\"regex\":{\"source\":\"add\"}}}"}]}
COMMAND: GET /session/3637353f0f0366f06ffc96bdd6dcca04/screenshot - {}
RESULT: {"script":"<script> [1562 bytes]","args":[{"selector":{"controlType":"sap.ui.core.Icon","viewName":"etm.portal.ui.manageyards.view.Master","viewId":"application-manageyards-display-component---masterYard","properties":{"src":{"regex":{"source":"add"}}}},"wdio_ui5_key":"etmportal.ui.manageyards.view.Mastersap.ui.core.Icon{\"src\":{\"regex\":{\"source\":\"add\"}}}"}]}
RESULT: undefined
COMMAND: POST /session/3637353f0f0366f06ffc96bdd6dcca04/element - {"using":"xpath","value":"//*[@id=\"__button4-img\"]"}
RESULT: {}
RESULT: {"using":"xpath","value":"//*[@id=\"__button4-img\"]"}
COMMAND: POST /session/3637353f0f0366f06ffc96bdd6dcca04/element/f.FA5AA6ACA71DB73EA77ABAF269C4B101.d.D497745B9F9EF733BCD70FA0B9755BBB.e.4292/click - {}
RESULT: {}
COMMAND: POST /session/3637353f0f0366f06ffc96bdd6dcca04/execute/async - {"script":"<script> [1562 bytes]","args":[{"selector":{"id":"application-manageyards-display-component---NewYard--addressDetailDetailsName1","interaction":{"idSuffix":"inner"}},"wdio_ui5_key":"applicationmanageyards-display-component---NewYard--addressDetailDetailsName1"}]}
COMMAND: GET /session/3637353f0f0366f06ffc96bdd6dcca04/screenshot - {}
RESULT: {"script":"<script> [1562 bytes]","args":[{"selector":{"id":"application-manageyards-display-component---NewYard--addressDetailDetailsName1","interaction":{"idSuffix":"inner"}},"wdio_ui5_key":"applicationmanageyards-display-component---NewYard--addressDetailDetailsName1"}]}
RESULT: undefined
COMMAND: POST /session/3637353f0f0366f06ffc96bdd6dcca04/execute/async - {"script":"<script> [776 bytes]","args":[{"enterText":"warehouse managed Yard","selector":{"id":"application-manageyards-display-component---NewYard--addressDetailDetailsName1","interaction":{"idSuffix":"inner"}},"clearTextFirst":true,"interactionType":"ENTER_TEXT"}]}
RESULT: {}
RESULT: {"script":"<script> [776 bytes]","args":[{"enterText":"warehouse managed Yard","selector":{"id":"application-manageyards-display-component---NewYard--addressDetailDetailsName1","interaction":{"idSuffix":"inner"}},"clearTextFirst":true,"interactionType":"ENTER_TEXT"}]}
COMMAND: POST /session/3637353f0f0366f06ffc96bdd6dcca04/execute/async - {"script":"<script> [1562 bytes]","args":[{"selector":{"id":"application-manageyards-display-component---NewYard--addressDetailDetailsLanguage-arrow"},"wdio_ui5_key":"applicationmanageyards-display-component---NewYard--addressDetailDetailsLanguage-arrow"}]}
RESULT: {"script":"<script> [1562 bytes]","args":[{"selector":{"id":"application-manageyards-display-component---NewYard--addressDetailDetailsLanguage-arrow"},"wdio_ui5_key":"applicationmanageyards-display-component---NewYard--addressDetailDetailsLanguage-arrow"}]}
RESULT: undefined
COMMAND: POST /session/3637353f0f0366f06ffc96bdd6dcca04/element - {"using":"xpath","value":"//*[@id=\"application-manageyards-display-component---NewYard--addressDetailDetailsLanguage-arrow\"]"}
RESULT: {"using":"xpath","value":"//*[@id=\"application-manageyards-display-component---NewYard--addressDetailDetailsLanguage-arrow\"]"}
COMMAND: POST /session/3637353f0f0366f06ffc96bdd6dcca04/element/f.FA5AA6ACA71DB73EA77ABAF269C4B101.d.D497745B9F9EF733BCD70FA0B9755BBB.e.4701/click - {}
RESULT: {}
COMMAND: POST /session/3637353f0f0366f06ffc96bdd6dcca04/execute/async - {"script":"<script> [1562 bytes]","args":[{"selector":{"controlType":"sap.m.StandardListItem","viewName":"etm.portal.ui.manageyards.view.New","viewId":"application-manageyards-display-component---NewYard","properties":{"title":"English"},"searchOpenDialogs":true,"interaction":{"idSuffix":"content"}},"wdio_ui5_key":"etmportal.ui.manageyards.view.Newsap.m.StandardListItem{\"title\":\"English\"}"}]}
COMMAND: GET /session/3637353f0f0366f06ffc96bdd6dcca04/screenshot - {}
RESULT: {"script":"<script> [1562 bytes]","args":[{"selector":{"controlType":"sap.m.StandardListItem","viewName":"etm.portal.ui.manageyards.view.New","viewId":"application-manageyards-display-component---NewYard","properties":{"title":"English"},"searchOpenDialogs":true,"interaction":{"idSuffix":"content"}},"wdio_ui5_key":"etmportal.ui.manageyards.view.Newsap.m.StandardListItem{\"title\":\"English\"}"}]}
RESULT: undefined
COMMAND: POST /session/3637353f0f0366f06ffc96bdd6dcca04/element - {"using":"xpath","value":"//*[@id=\"__item99\"]"}
RESULT: {}
RESULT: {"using":"xpath","value":"//*[@id=\"__item99\"]"}
COMMAND: POST /session/3637353f0f0366f06ffc96bdd6dcca04/element/f.FA5AA6ACA71DB73EA77ABAF269C4B101.d.D497745B9F9EF733BCD70FA0B9755BBB.e.4703/click - {}
RESULT: {}
COMMAND: POST /session/3637353f0f0366f06ffc96bdd6dcca04/execute/async - {"script":"<script> [1562 bytes]","args":[{"selector":{"id":"application-manageyards-display-component---NewYard--addressDetailDetailsCity1","interaction":{"idSuffix":"inner"}},"wdio_ui5_key":"applicationmanageyards-display-component---NewYard--addressDetailDetailsCity1"}]}
COMMAND: GET /session/3637353f0f0366f06ffc96bdd6dcca04/screenshot - {}
RESULT: {"script":"<script> [1562 bytes]","args":[{"selector":{"id":"application-manageyards-display-component---NewYard--addressDetailDetailsCity1","interaction":{"idSuffix":"inner"}},"wdio_ui5_key":"applicationmanageyards-display-component---NewYard--addressDetailDetailsCity1"}]}
RESULT: undefined
COMMAND: POST /session/3637353f0f0366f06ffc96bdd6dcca04/execute/async - {"script":"<script> [776 bytes]","args":[{"enterText":"Rosario","selector":{"id":"application-manageyards-display-component---NewYard--addressDetailDetailsCity1","interaction":{"idSuffix":"inner"}},"clearTextFirst":true,"interactionType":"ENTER_TEXT"}]}
RESULT: {}
RESULT: {"script":"<script> [776 bytes]","args":[{"enterText":"Rosario","selector":{"id":"application-manageyards-display-component---NewYard--addressDetailDetailsCity1","interaction":{"idSuffix":"inner"}},"clearTextFirst":true,"interactionType":"ENTER_TEXT"}]}
COMMAND: POST /session/3637353f0f0366f06ffc96bdd6dcca04/execute/async - {"script":"<script> [1562 bytes]","args":[{"selector":{"id":"application-manageyards-display-component---NewYard--addressDetailDetailsCountry-arrow"},"wdio_ui5_key":"applicationmanageyards-display-component---NewYard--addressDetailDetailsCountry-arrow"}]}
RESULT: {"script":"<script> [1562 bytes]","args":[{"selector":{"id":"application-manageyards-display-component---NewYard--addressDetailDetailsCountry-arrow"},"wdio_ui5_key":"applicationmanageyards-display-component---NewYard--addressDetailDetailsCountry-arrow"}]}
RESULT: undefined
COMMAND: POST /session/3637353f0f0366f06ffc96bdd6dcca04/element - {"using":"xpath","value":"//*[@id=\"application-manageyards-display-component---NewYard--addressDetailDetailsCountry-arrow\"]"}
RESULT: {"using":"xpath","value":"//*[@id=\"application-manageyards-display-component---NewYard--addressDetailDetailsCountry-arrow\"]"}
COMMAND: POST /session/3637353f0f0366f06ffc96bdd6dcca04/element/f.FA5AA6ACA71DB73EA77ABAF269C4B101.d.D497745B9F9EF733BCD70FA0B9755BBB.e.4664/click - {}
RESULT: {}
COMMAND: POST /session/3637353f0f0366f06ffc96bdd6dcca04/execute/async - {"script":"<script> [1562 bytes]","args":[{"selector":{"controlType":"sap.m.StandardListItem","viewName":"etm.portal.ui.manageyards.view.New","viewId":"application-manageyards-display-component---NewYard","properties":{"title":"Argentina"},"searchOpenDialogs":true,"interaction":{"idSuffix":"content"}},"wdio_ui5_key":"etmportal.ui.manageyards.view.Newsap.m.StandardListItem{\"title\":\"Argentina\"}"}]}
COMMAND: GET /session/3637353f0f0366f06ffc96bdd6dcca04/screenshot - {}
RESULT: {"script":"<script> [1562 bytes]","args":[{"selector":{"controlType":"sap.m.StandardListItem","viewName":"etm.portal.ui.manageyards.view.New","viewId":"application-manageyards-display-component---NewYard","properties":{"title":"Argentina"},"searchOpenDialogs":true,"interaction":{"idSuffix":"content"}},"wdio_ui5_key":"etmportal.ui.manageyards.view.Newsap.m.StandardListItem{\"title\":\"Argentina\"}"}]}
RESULT: undefined
COMMAND: POST /session/3637353f0f0366f06ffc96bdd6dcca04/element - {"using":"xpath","value":"//*[@id=\"__item142\"]"}
RESULT: {}
RESULT: {"using":"xpath","value":"//*[@id=\"__item142\"]"}
COMMAND: POST /session/3637353f0f0366f06ffc96bdd6dcca04/element/f.FA5AA6ACA71DB73EA77ABAF269C4B101.d.D497745B9F9EF733BCD70FA0B9755BBB.e.4707/click - {}
RESULT: {}
COMMAND: POST /session/3637353f0f0366f06ffc96bdd6dcca04/execute/async - {"script":"<script> [1562 bytes]","args":[{"selector":{"controlType":"sap.m.Button","viewName":"etm.portal.ui.manageyards.view.New","viewId":"application-manageyards-display-component---NewYard","properties":{"text":"Commercial"},"interaction":{"idSuffix":"BDI-content"}},"wdio_ui5_key":"etmportal.ui.manageyards.view.Newsap.m.Button{\"text\":\"Commercial\"}"}]}
COMMAND: GET /session/3637353f0f0366f06ffc96bdd6dcca04/screenshot - {}
RESULT: {"script":"<script> [1562 bytes]","args":[{"selector":{"controlType":"sap.m.Button","viewName":"etm.portal.ui.manageyards.view.New","viewId":"application-manageyards-display-component---NewYard","properties":{"text":"Commercial"},"interaction":{"idSuffix":"BDI-content"}},"wdio_ui5_key":"etmportal.ui.manageyards.view.Newsap.m.Button{\"text\":\"Commercial\"}"}]}
RESULT: undefined
COMMAND: POST /session/3637353f0f0366f06ffc96bdd6dcca04/element - {"using":"xpath","value":"//*[@id=\"application-manageyards-display-component---NewYard--ObjectPageLayout-anchBar-__section5-anchor\"]"}
RESULT: {}
RESULT: {"using":"xpath","value":"//*[@id=\"application-manageyards-display-component---NewYard--ObjectPageLayout-anchBar-__section5-anchor\"]"}
COMMAND: POST /session/3637353f0f0366f06ffc96bdd6dcca04/element/f.FA5AA6ACA71DB73EA77ABAF269C4B101.d.D497745B9F9EF733BCD70FA0B9755BBB.e.4709/click - {}
RESULT: {}
COMMAND: GET /session/3637353f0f0366f06ffc96bdd6dcca04/screenshot - {}
RESULT: {}
COMMAND: POST /session/3637353f0f0366f06ffc96bdd6dcca04/execute/async - {"script":"<script> [1562 bytes]","args":[{"selector":{"id":"application-manageyards-display-component---NewYard--addressEditDetailsCostObjectCstType-arrow"},"wdio_ui5_key":"applicationmanageyards-display-component---NewYard--addressEditDetailsCostObjectCstType-arrow"}]}
RESULT: {"script":"<script> [1562 bytes]","args":[{"selector":{"id":"application-manageyards-display-component---NewYard--addressEditDetailsCostObjectCstType-arrow"},"wdio_ui5_key":"applicationmanageyards-display-component---NewYard--addressEditDetailsCostObjectCstType-arrow"}]}
RESULT: undefined
COMMAND: POST /session/3637353f0f0366f06ffc96bdd6dcca04/element - {"using":"xpath","value":"//*[@id=\"application-manageyards-display-component---NewYard--addressEditDetailsCostObjectCstType-arrow\"]"}
RESULT: {"using":"xpath","value":"//*[@id=\"application-manageyards-display-component---NewYard--addressEditDetailsCostObjectCstType-arrow\"]"}
COMMAND: POST /session/3637353f0f0366f06ffc96bdd6dcca04/element/f.FA5AA6ACA71DB73EA77ABAF269C4B101.d.D497745B9F9EF733BCD70FA0B9755BBB.e.4720/click - {}
RESULT: {}
COMMAND: GET /session/3637353f0f0366f06ffc96bdd6dcca04/screenshot - {}
RESULT: {}
COMMAND: POST /session/3637353f0f0366f06ffc96bdd6dcca04/execute/async - {"script":"<script> [1562 bytes]","args":[{"selector":{"controlType":"sap.m.StandardListItem","viewName":"etm.portal.ui.manageyards.view.New","viewId":"application-manageyards-display-component---NewYard","properties":{"title":"Cost Center"},"searchOpenDialogs":true,"interaction":{"idSuffix":"titleText"}},"wdio_ui5_key":"etmportal.ui.manageyards.view.Newsap.m.StandardListItem{\"title\":\"Cost Center\"}"}]}
RESULT: {"script":"<script> [1562 bytes]","args":[{"selector":{"controlType":"sap.m.StandardListItem","viewName":"etm.portal.ui.manageyards.view.New","viewId":"application-manageyards-display-component---NewYard","properties":{"title":"Cost Center"},"searchOpenDialogs":true,"interaction":{"idSuffix":"titleText"}},"wdio_ui5_key":"etmportal.ui.manageyards.view.Newsap.m.StandardListItem{\"title\":\"Cost Center\"}"}]}
RESULT: undefined
COMMAND: POST /session/3637353f0f0366f06ffc96bdd6dcca04/element - {"using":"xpath","value":"//*[@id=\"__item232\"]"}
RESULT: {"using":"xpath","value":"//*[@id=\"__item232\"]"}
COMMAND: POST /session/3637353f0f0366f06ffc96bdd6dcca04/element/f.FA5AA6ACA71DB73EA77ABAF269C4B101.d.D497745B9F9EF733BCD70FA0B9755BBB.e.4722/click - {}
RESULT: {}
COMMAND: POST /session/3637353f0f0366f06ffc96bdd6dcca04/element - {"using":"xpath","value":"//input[@id=\"application-manageyards-display-component---NewYard--addressNewCostObjectCstID-inner\"]"}
COMMAND: GET /session/3637353f0f0366f06ffc96bdd6dcca04/screenshot - {}
RESULT: {"using":"xpath","value":"//input[@id=\"application-manageyards-display-component---NewYard--addressNewCostObjectCstID-inner\"]"}
COMMAND: POST /session/3637353f0f0366f06ffc96bdd6dcca04/element/f.FA5AA6ACA71DB73EA77ABAF269C4B101.d.D497745B9F9EF733BCD70FA0B9755BBB.e.4524/clear - {}
RESULT: {}
COMMAND: POST /session/3637353f0f0366f06ffc96bdd6dcca04/element - {"using":"xpath","value":"//input[@id=\"application-manageyards-display-component---NewYard--addressNewCostObjectCstID-inner\"]"}
RESULT: {"using":"xpath","value":"//input[@id=\"application-manageyards-display-component---NewYard--addressNewCostObjectCstID-inner\"]"}
COMMAND: POST /session/3637353f0f0366f06ffc96bdd6dcca04/element/f.FA5AA6ACA71DB73EA77ABAF269C4B101.d.D497745B9F9EF733BCD70FA0B9755BBB.e.4524/clear - {}
COMMAND: POST /session/3637353f0f0366f06ffc96bdd6dcca04/element - {"using":"xpath","value":"//input[@id=\"application-manageyards-display-component---NewYard--addressNewCostObjectCstID-inner\"]"}
RESULT: {"using":"xpath","value":"//input[@id=\"application-manageyards-display-component---NewYard--addressNewCostObjectCstID-inner\"]"}
COMMAND: POST /session/3637353f0f0366f06ffc96bdd6dcca04/element/f.FA5AA6ACA71DB73EA77ABAF269C4B101.d.D497745B9F9EF733BCD70FA0B9755BBB.e.4725/clear - {}
COMMAND: POST /session/3637353f0f0366f06ffc96bdd6dcca04/element - {"using":"xpath","value":"//input[@id=\"application-manageyards-display-component---NewYard--addressNewCostObjectCstID-inner\"]"}
RESULT: {"using":"xpath","value":"//input[@id=\"application-manageyards-display-component---NewYard--addressNewCostObjectCstID-inner\"]"}
COMMAND: POST /session/3637353f0f0366f06ffc96bdd6dcca04/element/f.FA5AA6ACA71DB73EA77ABAF269C4B101.d.D497745B9F9EF733BCD70FA0B9755BBB.e.4725/clear - {}
COMMAND: POST /session/3637353f0f0366f06ffc96bdd6dcca04/element - {"using":"xpath","value":"//input[@id=\"application-manageyards-display-component---NewYard--addressNewCostObjectCstID-inner\"]"}
RESULT: {"using":"xpath","value":"//input[@id=\"application-manageyards-display-component---NewYard--addressNewCostObjectCstID-inner\"]"}
COMMAND: POST /session/3637353f0f0366f06ffc96bdd6dcca04/element/f.FA5AA6ACA71DB73EA77ABAF269C4B101.d.D497745B9F9EF733BCD70FA0B9755BBB.e.4727/clear - {}
RESULT: {}
COMMAND: POST /session/3637353f0f0366f06ffc96bdd6dcca04/element/f.FA5AA6ACA71DB73EA77ABAF269C4B101.d.D497745B9F9EF733BCD70FA0B9755BBB.e.4727/value - {"text":"10001013"}
COMMAND: GET /session/3637353f0f0366f06ffc96bdd6dcca04/screenshot - {}
RESULT: {"text":"10001013"}
COMMAND: GET /session/3637353f0f0366f06ffc96bdd6dcca04/screenshot - {}
RESULT: {}
RESULT: {}
COMMAND: POST /session/3637353f0f0366f06ffc96bdd6dcca04/execute/async - {"script":"<script> [1562 bytes]","args":[{"selector":{"controlType":"sap.m.StandardListItem","viewName":"etm.portal.ui.manageyards.view.New","viewId":"application-manageyards-display-component---NewYard","properties":{"type":"Active"},"searchOpenDialogs":true,"interaction":{"idSuffix":"titleText"}},"wdio_ui5_key":"etmportal.ui.manageyards.view.Newsap.m.StandardListItem{\"type\":\"Active\"}"}]}
RESULT: {"script":"<script> [1562 bytes]","args":[{"selector":{"controlType":"sap.m.StandardListItem","viewName":"etm.portal.ui.manageyards.view.New","viewId":"application-manageyards-display-component---NewYard","properties":{"type":"Active"},"searchOpenDialogs":true,"interaction":{"idSuffix":"titleText"}},"wdio_ui5_key":"etmportal.ui.manageyards.view.Newsap.m.StandardListItem{\"type\":\"Active\"}"}]}
RESULT: undefined
COMMAND: POST /session/3637353f0f0366f06ffc96bdd6dcca04/element - {"using":"xpath","value":"//*[@id=\"__item337\"]"}
RESULT: {"using":"xpath","value":"//*[@id=\"__item337\"]"}
COMMAND: POST /session/3637353f0f0366f06ffc96bdd6dcca04/element/f.FA5AA6ACA71DB73EA77ABAF269C4B101.d.D497745B9F9EF733BCD70FA0B9755BBB.e.4731/click - {}
RESULT: {}
COMMAND: POST /session/3637353f0f0366f06ffc96bdd6dcca04/execute/async - {"script":"<script> [1562 bytes]","args":[{"selector":{"id":"application-manageyards-display-component---NewYard--addressEditDetailsCurrency-arrow"},"wdio_ui5_key":"applicationmanageyards-display-component---NewYard--addressEditDetailsCurrency-arrow"}]}
COMMAND: GET /session/3637353f0f0366f06ffc96bdd6dcca04/screenshot - {}
RESULT: {"script":"<script> [1562 bytes]","args":[{"selector":{"id":"application-manageyards-display-component---NewYard--addressEditDetailsCurrency-arrow"},"wdio_ui5_key":"applicationmanageyards-display-component---NewYard--addressEditDetailsCurrency-arrow"}]}
RESULT: undefined
COMMAND: POST /session/3637353f0f0366f06ffc96bdd6dcca04/element - {"using":"xpath","value":"//*[@id=\"application-manageyards-display-component---NewYard--addressEditDetailsCurrency-arrow\"]"}
RESULT: {}
RESULT: {"using":"xpath","value":"//*[@id=\"application-manageyards-display-component---NewYard--addressEditDetailsCurrency-arrow\"]"}
COMMAND: POST /session/3637353f0f0366f06ffc96bdd6dcca04/element/f.FA5AA6ACA71DB73EA77ABAF269C4B101.d.D497745B9F9EF733BCD70FA0B9755BBB.e.4733/click - {}
RESULT: {}
COMMAND: POST /session/3637353f0f0366f06ffc96bdd6dcca04/execute/async - {"script":"<script> [1562 bytes]","args":[{"selector":{"controlType":"sap.m.StandardListItem","viewName":"etm.portal.ui.manageyards.view.New","viewId":"application-manageyards-display-component---NewYard","properties":{"title":"Euro"},"searchOpenDialogs":true,"interaction":{"idSuffix":"content"}},"wdio_ui5_key":"etmportal.ui.manageyards.view.Newsap.m.StandardListItem{\"title\":\"Euro\"}"}]}
COMMAND: GET /session/3637353f0f0366f06ffc96bdd6dcca04/screenshot - {}
RESULT: {"script":"<script> [1562 bytes]","args":[{"selector":{"controlType":"sap.m.StandardListItem","viewName":"etm.portal.ui.manageyards.view.New","viewId":"application-manageyards-display-component---NewYard","properties":{"title":"Euro"},"searchOpenDialogs":true,"interaction":{"idSuffix":"content"}},"wdio_ui5_key":"etmportal.ui.manageyards.view.Newsap.m.StandardListItem{\"title\":\"Euro\"}"}]}
RESULT: undefined
COMMAND: POST /session/3637353f0f0366f06ffc96bdd6dcca04/element - {"using":"xpath","value":"//*[@id=\"__item338\"]"}
RESULT: {}
RESULT: {"using":"xpath","value":"//*[@id=\"__item338\"]"}
COMMAND: POST /session/3637353f0f0366f06ffc96bdd6dcca04/element/f.FA5AA6ACA71DB73EA77ABAF269C4B101.d.D497745B9F9EF733BCD70FA0B9755BBB.e.4735/click - {}
RESULT: {}
COMMAND: POST /session/3637353f0f0366f06ffc96bdd6dcca04/execute/async - {"script":"<script> [1562 bytes]","args":[{"selector":{"controlType":"sap.m.Input","viewName":"etm.portal.ui.manageyards.view.New","viewId":"application-manageyards-display-component---NewYard","bindingPath":{"path":"","propertyPath":"/CONTROLLING_AREA","modelName":"NewYardModel"},"interaction":{"idSuffix":"inner"}},"wdio_ui5_key":"etmportal.ui.manageyards.view.Newsap.m.Input{\"path\":\"\",\"propertyPath\":\"/CONTROLLING_AREA\",\"modelName\":\"NewYardModel\"}"}]}
COMMAND: GET /session/3637353f0f0366f06ffc96bdd6dcca04/screenshot - {}
RESULT: {"script":"<script> [1562 bytes]","args":[{"selector":{"controlType":"sap.m.Input","viewName":"etm.portal.ui.manageyards.view.New","viewId":"application-manageyards-display-component---NewYard","bindingPath":{"path":"","propertyPath":"/CONTROLLING_AREA","modelName":"NewYardModel"},"interaction":{"idSuffix":"inner"}},"wdio_ui5_key":"etmportal.ui.manageyards.view.Newsap.m.Input{\"path\":\"\",\"propertyPath\":\"/CONTROLLING_AREA\",\"modelName\":\"NewYardModel\"}"}]}
RESULT: undefined
COMMAND: POST /session/3637353f0f0366f06ffc96bdd6dcca04/execute/async - {"script":"<script> [776 bytes]","args":[{"enterText":"Z001","selector":{"controlType":"sap.m.Input","viewName":"etm.portal.ui.manageyards.view.New","viewId":"application-manageyards-display-component---NewYard","bindingPath":{"path":"","propertyPath":"/CONTROLLING_AREA","modelName":"NewYardModel"},"interaction":{"idSuffix":"inner"}},"clearTextFirst":true,"interactionType":"ENTER_TEXT"}]}
RESULT: {}
RESULT: {"script":"<script> [776 bytes]","args":[{"enterText":"Z001","selector":{"controlType":"sap.m.Input","viewName":"etm.portal.ui.manageyards.view.New","viewId":"application-manageyards-display-component---NewYard","bindingPath":{"path":"","propertyPath":"/CONTROLLING_AREA","modelName":"NewYardModel"},"interaction":{"idSuffix":"inner"}},"clearTextFirst":true,"interactionType":"ENTER_TEXT"}]}
COMMAND: POST /session/3637353f0f0366f06ffc96bdd6dcca04/execute/async - {"script":"<script> [1562 bytes]","args":[{"selector":{"id":"application-manageyards-display-component---NewYard--companyCodeComboBox","interaction":{"idSuffix":"inner"}},"wdio_ui5_key":"applicationmanageyards-display-component---NewYard--companyCodeComboBox"}]}
RESULT: {"script":"<script> [1562 bytes]","args":[{"selector":{"id":"application-manageyards-display-component---NewYard--companyCodeComboBox","interaction":{"idSuffix":"inner"}},"wdio_ui5_key":"applicationmanageyards-display-component---NewYard--companyCodeComboBox"}]}
RESULT: undefined
COMMAND: POST /session/3637353f0f0366f06ffc96bdd6dcca04/execute/async - {"script":"<script> [776 bytes]","args":[{"enterText":"1000","selector":{"id":"application-manageyards-display-component---NewYard--companyCodeComboBox","interaction":{"idSuffix":"inner"}},"clearTextFirst":true,"interactionType":"ENTER_TEXT"}]}
RESULT: {"script":"<script> [776 bytes]","args":[{"enterText":"1000","selector":{"id":"application-manageyards-display-component---NewYard--companyCodeComboBox","interaction":{"idSuffix":"inner"}},"clearTextFirst":true,"interactionType":"ENTER_TEXT"}]}
COMMAND: POST /session/3637353f0f0366f06ffc96bdd6dcca04/execute/async - {"script":"<script> [1562 bytes]","args":[{"selector":{"controlType":"sap.m.Input","viewName":"etm.portal.ui.manageyards.view.New","viewId":"application-manageyards-display-component---NewYard","bindingPath":{"path":"","propertyPath":"/PLANT","modelName":"NewYardModel"},"interaction":{"idSuffix":"inner"}},"wdio_ui5_key":"etmportal.ui.manageyards.view.Newsap.m.Input{\"path\":\"\",\"propertyPath\":\"/PLANT\",\"modelName\":\"NewYardModel\"}"}]}
RESULT: {"script":"<script> [1562 bytes]","args":[{"selector":{"controlType":"sap.m.Input","viewName":"etm.portal.ui.manageyards.view.New","viewId":"application-manageyards-display-component---NewYard","bindingPath":{"path":"","propertyPath":"/PLANT","modelName":"NewYardModel"},"interaction":{"idSuffix":"inner"}},"wdio_ui5_key":"etmportal.ui.manageyards.view.Newsap.m.Input{\"path\":\"\",\"propertyPath\":\"/PLANT\",\"modelName\":\"NewYardModel\"}"}]}
RESULT: undefined
COMMAND: POST /session/3637353f0f0366f06ffc96bdd6dcca04/execute/async - {"script":"<script> [776 bytes]","args":[{"enterText":"1001","selector":{"controlType":"sap.m.Input","viewName":"etm.portal.ui.manageyards.view.New","viewId":"application-manageyards-display-component---NewYard","bindingPath":{"path":"","propertyPath":"/PLANT","modelName":"NewYardModel"},"interaction":{"idSuffix":"inner"}},"clearTextFirst":true,"interactionType":"ENTER_TEXT"}]}
RESULT: {"script":"<script> [776 bytes]","args":[{"enterText":"1001","selector":{"controlType":"sap.m.Input","viewName":"etm.portal.ui.manageyards.view.New","viewId":"application-manageyards-display-component---NewYard","bindingPath":{"path":"","propertyPath":"/PLANT","modelName":"NewYardModel"},"interaction":{"idSuffix":"inner"}},"clearTextFirst":true,"interactionType":"ENTER_TEXT"}]}
COMMAND: POST /session/3637353f0f0366f06ffc96bdd6dcca04/execute/async - {"script":"<script> [1562 bytes]","args":[{"selector":{"controlType":"sap.m.Input","viewName":"etm.portal.ui.manageyards.view.New","viewId":"application-manageyards-display-component---NewYard","bindingPath":{"path":"","propertyPath":"/SALES_AREA_VKORG","modelName":"NewYardModel"},"interaction":{"idSuffix":"inner"}},"wdio_ui5_key":"etmportal.ui.manageyards.view.Newsap.m.Input{\"path\":\"\",\"propertyPath\":\"/SALES_AREA_VKORG\",\"modelName\":\"NewYardModel\"}"}]}
RESULT: {"script":"<script> [1562 bytes]","args":[{"selector":{"controlType":"sap.m.Input","viewName":"etm.portal.ui.manageyards.view.New","viewId":"application-manageyards-display-component---NewYard","bindingPath":{"path":"","propertyPath":"/SALES_AREA_VKORG","modelName":"NewYardModel"},"interaction":{"idSuffix":"inner"}},"wdio_ui5_key":"etmportal.ui.manageyards.view.Newsap.m.Input{\"path\":\"\",\"propertyPath\":\"/SALES_AREA_VKORG\",\"modelName\":\"NewYardModel\"}"}]}
RESULT: undefined
COMMAND: POST /session/3637353f0f0366f06ffc96bdd6dcca04/execute/async - {"script":"<script> [776 bytes]","args":[{"enterText":"C002","selector":{"controlType":"sap.m.Input","viewName":"etm.portal.ui.manageyards.view.New","viewId":"application-manageyards-display-component---NewYard","bindingPath":{"path":"","propertyPath":"/SALES_AREA_VKORG","modelName":"NewYardModel"},"interaction":{"idSuffix":"inner"}},"clearTextFirst":true,"interactionType":"ENTER_TEXT"}]}
RESULT: {"script":"<script> [776 bytes]","args":[{"enterText":"C002","selector":{"controlType":"sap.m.Input","viewName":"etm.portal.ui.manageyards.view.New","viewId":"application-manageyards-display-component---NewYard","bindingPath":{"path":"","propertyPath":"/SALES_AREA_VKORG","modelName":"NewYardModel"},"interaction":{"idSuffix":"inner"}},"clearTextFirst":true,"interactionType":"ENTER_TEXT"}]}
COMMAND: POST /session/3637353f0f0366f06ffc96bdd6dcca04/execute/async - {"script":"<script> [1562 bytes]","args":[{"selector":{"controlType":"sap.m.Input","viewName":"etm.portal.ui.manageyards.view.New","viewId":"application-manageyards-display-component---NewYard","bindingPath":{"path":"","propertyPath":"/SALES_AREA_VTWEG","modelName":"NewYardModel"},"interaction":{"idSuffix":"inner"}},"wdio_ui5_key":"etmportal.ui.manageyards.view.Newsap.m.Input{\"path\":\"\",\"propertyPath\":\"/SALES_AREA_VTWEG\",\"modelName\":\"NewYardModel\"}"}]}
RESULT: {"script":"<script> [1562 bytes]","args":[{"selector":{"controlType":"sap.m.Input","viewName":"etm.portal.ui.manageyards.view.New","viewId":"application-manageyards-display-component---NewYard","bindingPath":{"path":"","propertyPath":"/SALES_AREA_VTWEG","modelName":"NewYardModel"},"interaction":{"idSuffix":"inner"}},"wdio_ui5_key":"etmportal.ui.manageyards.view.Newsap.m.Input{\"path\":\"\",\"propertyPath\":\"/SALES_AREA_VTWEG\",\"modelName\":\"NewYardModel\"}"}]}
RESULT: undefined
COMMAND: POST /session/3637353f0f0366f06ffc96bdd6dcca04/execute/async - {"script":"<script> [776 bytes]","args":[{"enterText":"C2","selector":{"controlType":"sap.m.Input","viewName":"etm.portal.ui.manageyards.view.New","viewId":"application-manageyards-display-component---NewYard","bindingPath":{"path":"","propertyPath":"/SALES_AREA_VTWEG","modelName":"NewYardModel"},"interaction":{"idSuffix":"inner"}},"clearTextFirst":true,"interactionType":"ENTER_TEXT"}]}
RESULT: {"script":"<script> [776 bytes]","args":[{"enterText":"C2","selector":{"controlType":"sap.m.Input","viewName":"etm.portal.ui.manageyards.view.New","viewId":"application-manageyards-display-component---NewYard","bindingPath":{"path":"","propertyPath":"/SALES_AREA_VTWEG","modelName":"NewYardModel"},"interaction":{"idSuffix":"inner"}},"clearTextFirst":true,"interactionType":"ENTER_TEXT"}]}
COMMAND: POST /session/3637353f0f0366f06ffc96bdd6dcca04/execute/async - {"script":"<script> [1562 bytes]","args":[{"selector":{"controlType":"sap.m.Input","viewName":"etm.portal.ui.manageyards.view.New","viewId":"application-manageyards-display-component---NewYard","bindingPath":{"path":"","propertyPath":"/SALES_AREA_SPART","modelName":"NewYardModel"},"interaction":{"idSuffix":"inner"}},"wdio_ui5_key":"etmportal.ui.manageyards.view.Newsap.m.Input{\"path\":\"\",\"propertyPath\":\"/SALES_AREA_SPART\",\"modelName\":\"NewYardModel\"}"}]}
RESULT: {"script":"<script> [1562 bytes]","args":[{"selector":{"controlType":"sap.m.Input","viewName":"etm.portal.ui.manageyards.view.New","viewId":"application-manageyards-display-component---NewYard","bindingPath":{"path":"","propertyPath":"/SALES_AREA_SPART","modelName":"NewYardModel"},"interaction":{"idSuffix":"inner"}},"wdio_ui5_key":"etmportal.ui.manageyards.view.Newsap.m.Input{\"path\":\"\",\"propertyPath\":\"/SALES_AREA_SPART\",\"modelName\":\"NewYardModel\"}"}]}
RESULT: undefined
COMMAND: POST /session/3637353f0f0366f06ffc96bdd6dcca04/execute/async - {"script":"<script> [776 bytes]","args":[{"enterText":"C2","selector":{"controlType":"sap.m.Input","viewName":"etm.portal.ui.manageyards.view.New","viewId":"application-manageyards-display-component---NewYard","bindingPath":{"path":"","propertyPath":"/SALES_AREA_SPART","modelName":"NewYardModel"},"interaction":{"idSuffix":"inner"}},"clearTextFirst":true,"interactionType":"ENTER_TEXT"}]}
RESULT: {"script":"<script> [776 bytes]","args":[{"enterText":"C2","selector":{"controlType":"sap.m.Input","viewName":"etm.portal.ui.manageyards.view.New","viewId":"application-manageyards-display-component---NewYard","bindingPath":{"path":"","propertyPath":"/SALES_AREA_SPART","modelName":"NewYardModel"},"interaction":{"idSuffix":"inner"}},"clearTextFirst":true,"interactionType":"ENTER_TEXT"}]}
COMMAND: POST /session/3637353f0f0366f06ffc96bdd6dcca04/execute/async - {"script":"<script> [1562 bytes]","args":[{"selector":{"controlType":"sap.m.Input","viewName":"etm.portal.ui.manageyards.view.New","viewId":"application-manageyards-display-component---NewYard","bindingPath":{"path":"","propertyPath":"/SHIP_POINT","modelName":"NewYardModel"},"interaction":{"idSuffix":"inner"}},"wdio_ui5_key":"etmportal.ui.manageyards.view.Newsap.m.Input{\"path\":\"\",\"propertyPath\":\"/SHIP_POINT\",\"modelName\":\"NewYardModel\"}"}]}
RESULT: {"script":"<script> [1562 bytes]","args":[{"selector":{"controlType":"sap.m.Input","viewName":"etm.portal.ui.manageyards.view.New","viewId":"application-manageyards-display-component---NewYard","bindingPath":{"path":"","propertyPath":"/SHIP_POINT","modelName":"NewYardModel"},"interaction":{"idSuffix":"inner"}},"wdio_ui5_key":"etmportal.ui.manageyards.view.Newsap.m.Input{\"path\":\"\",\"propertyPath\":\"/SHIP_POINT\",\"modelName\":\"NewYardModel\"}"}]}
RESULT: undefined
COMMAND: POST /session/3637353f0f0366f06ffc96bdd6dcca04/execute/async - {"script":"<script> [776 bytes]","args":[{"enterText":"1710","selector":{"controlType":"sap.m.Input","viewName":"etm.portal.ui.manageyards.view.New","viewId":"application-manageyards-display-component---NewYard","bindingPath":{"path":"","propertyPath":"/SHIP_POINT","modelName":"NewYardModel"},"interaction":{"idSuffix":"inner"}},"clearTextFirst":true,"interactionType":"ENTER_TEXT"}]}
RESULT: {"script":"<script> [776 bytes]","args":[{"enterText":"1710","selector":{"controlType":"sap.m.Input","viewName":"etm.portal.ui.manageyards.view.New","viewId":"application-manageyards-display-component---NewYard","bindingPath":{"path":"","propertyPath":"/SHIP_POINT","modelName":"NewYardModel"},"interaction":{"idSuffix":"inner"}},"clearTextFirst":true,"interactionType":"ENTER_TEXT"}]}
COMMAND: POST /session/3637353f0f0366f06ffc96bdd6dcca04/execute/async - {"script":"<script> [1562 bytes]","args":[{"selector":{"controlType":"sap.m.Input","viewName":"etm.portal.ui.manageyards.view.New","viewId":"application-manageyards-display-component---NewYard","bindingPath":{"path":"","propertyPath":"/DELIVERY_TYPE","modelName":"NewYardModel"},"interaction":{"idSuffix":"inner"}},"wdio_ui5_key":"etmportal.ui.manageyards.view.Newsap.m.Input{\"path\":\"\",\"propertyPath\":\"/DELIVERY_TYPE\",\"modelName\":\"NewYardModel\"}"}]}
RESULT: {"script":"<script> [1562 bytes]","args":[{"selector":{"controlType":"sap.m.Input","viewName":"etm.portal.ui.manageyards.view.New","viewId":"application-manageyards-display-component---NewYard","bindingPath":{"path":"","propertyPath":"/DELIVERY_TYPE","modelName":"NewYardModel"},"interaction":{"idSuffix":"inner"}},"wdio_ui5_key":"etmportal.ui.manageyards.view.Newsap.m.Input{\"path\":\"\",\"propertyPath\":\"/DELIVERY_TYPE\",\"modelName\":\"NewYardModel\"}"}]}
RESULT: undefined
COMMAND: POST /session/3637353f0f0366f06ffc96bdd6dcca04/execute/async - {"script":"<script> [776 bytes]","args":[{"enterText":"ZL01","selector":{"controlType":"sap.m.Input","viewName":"etm.portal.ui.manageyards.view.New","viewId":"application-manageyards-display-component---NewYard","bindingPath":{"path":"","propertyPath":"/DELIVERY_TYPE","modelName":"NewYardModel"},"interaction":{"idSuffix":"inner"}},"clearTextFirst":true,"interactionType":"ENTER_TEXT"}]}
RESULT: {"script":"<script> [776 bytes]","args":[{"enterText":"ZL01","selector":{"controlType":"sap.m.Input","viewName":"etm.portal.ui.manageyards.view.New","viewId":"application-manageyards-display-component---NewYard","bindingPath":{"path":"","propertyPath":"/DELIVERY_TYPE","modelName":"NewYardModel"},"interaction":{"idSuffix":"inner"}},"clearTextFirst":true,"interactionType":"ENTER_TEXT"}]}
COMMAND: POST /session/3637353f0f0366f06ffc96bdd6dcca04/execute/async - {"script":"<script> [1562 bytes]","args":[{"selector":{"controlType":"sap.m.Input","viewName":"etm.portal.ui.manageyards.view.New","viewId":"application-manageyards-display-component---NewYard","bindingPath":{"path":"","propertyPath":"/AUART","modelName":"NewYardModel"},"interaction":{"idSuffix":"inner"}},"wdio_ui5_key":"etmportal.ui.manageyards.view.Newsap.m.Input{\"path\":\"\",\"propertyPath\":\"/AUART\",\"modelName\":\"NewYardModel\"}"}]}
RESULT: {"script":"<script> [1562 bytes]","args":[{"selector":{"controlType":"sap.m.Input","viewName":"etm.portal.ui.manageyards.view.New","viewId":"application-manageyards-display-component---NewYard","bindingPath":{"path":"","propertyPath":"/AUART","modelName":"NewYardModel"},"interaction":{"idSuffix":"inner"}},"wdio_ui5_key":"etmportal.ui.manageyards.view.Newsap.m.Input{\"path\":\"\",\"propertyPath\":\"/AUART\",\"modelName\":\"NewYardModel\"}"}]}
RESULT: undefined
COMMAND: POST /session/3637353f0f0366f06ffc96bdd6dcca04/execute/async - {"script":"<script> [776 bytes]","args":[{"enterText":"TA","selector":{"controlType":"sap.m.Input","viewName":"etm.portal.ui.manageyards.view.New","viewId":"application-manageyards-display-component---NewYard","bindingPath":{"path":"","propertyPath":"/AUART","modelName":"NewYardModel"},"interaction":{"idSuffix":"inner"}},"clearTextFirst":true,"interactionType":"ENTER_TEXT"}]}
RESULT: {"script":"<script> [776 bytes]","args":[{"enterText":"TA","selector":{"controlType":"sap.m.Input","viewName":"etm.portal.ui.manageyards.view.New","viewId":"application-manageyards-display-component---NewYard","bindingPath":{"path":"","propertyPath":"/AUART","modelName":"NewYardModel"},"interaction":{"idSuffix":"inner"}},"clearTextFirst":true,"interactionType":"ENTER_TEXT"}]}
COMMAND: POST /session/3637353f0f0366f06ffc96bdd6dcca04/execute/async - {"script":"<script> [1562 bytes]","args":[{"selector":{"id":"application-manageyards-display-component---NewYard--whmCheckBox","interaction":{"idSuffix":"CbBg"}},"wdio_ui5_key":"applicationmanageyards-display-component---NewYard--whmCheckBox"}]}
RESULT: {"script":"<script> [1562 bytes]","args":[{"selector":{"id":"application-manageyards-display-component---NewYard--whmCheckBox","interaction":{"idSuffix":"CbBg"}},"wdio_ui5_key":"applicationmanageyards-display-component---NewYard--whmCheckBox"}]}
RESULT: undefined
COMMAND: POST /session/3637353f0f0366f06ffc96bdd6dcca04/element - {"using":"xpath","value":"//*[@id=\"application-manageyards-display-component---NewYard--whmCheckBox\"]"}
RESULT: {"using":"xpath","value":"//*[@id=\"application-manageyards-display-component---NewYard--whmCheckBox\"]"}
COMMAND: POST /session/3637353f0f0366f06ffc96bdd6dcca04/element/f.FA5AA6ACA71DB73EA77ABAF269C4B101.d.D497745B9F9EF733BCD70FA0B9755BBB.e.4746/click - {}
RESULT: {}
COMMAND: POST /session/3637353f0f0366f06ffc96bdd6dcca04/execute/async - {"script":"<script> [1562 bytes]","args":[{"selector":{"controlType":"sap.m.Button","viewName":"etm.portal.ui.manageyards.view.New","viewId":"application-manageyards-display-component---NewYard","i18NText":{"propertyName":"text","key":"save"},"interaction":{"idSuffix":"BDI-content"}},"wdio_ui5_key":"etmportal.ui.manageyards.view.Newsap.m.Button{\"propertyName\":\"text\",\"key\":\"save\"}"}]}
COMMAND: GET /session/3637353f0f0366f06ffc96bdd6dcca04/screenshot - {}
RESULT: {"script":"<script> [1562 bytes]","args":[{"selector":{"controlType":"sap.m.Button","viewName":"etm.portal.ui.manageyards.view.New","viewId":"application-manageyards-display-component---NewYard","i18NText":{"propertyName":"text","key":"save"},"interaction":{"idSuffix":"BDI-content"}},"wdio_ui5_key":"etmportal.ui.manageyards.view.Newsap.m.Button{\"propertyName\":\"text\",\"key\":\"save\"}"}]}
RESULT: undefined
COMMAND: POST /session/3637353f0f0366f06ffc96bdd6dcca04/element - {"using":"xpath","value":"//*[@id=\"__button18\"]"}
RESULT: {}
RESULT: {"using":"xpath","value":"//*[@id=\"__button18\"]"}
COMMAND: POST /session/3637353f0f0366f06ffc96bdd6dcca04/element/f.FA5AA6ACA71DB73EA77ABAF269C4B101.d.D497745B9F9EF733BCD70FA0B9755BBB.e.4686/click - {}
RESULT: {}
COMMAND: GET /session/3637353f0f0366f06ffc96bdd6dcca04/screenshot - {}
RESULT: {}
COMMAND: POST /session/3637353f0f0366f06ffc96bdd6dcca04/execute/async - {"script":"<script> [1562 bytes]","args":[{"selector":{"controlType":"sap.m.Text","viewName":"etm.portal.ui.manageyards.view.Detail","viewId":"application-manageyards-display-component---detailYard","bindingPath":{"propertyPath":"ID","modelName":"catalogModel"}},"wdio_ui5_key":"etmportal.ui.manageyards.view.Detailsap.m.Text{\"propertyPath\":\"ID\",\"modelName\":\"catalogModel\"}"}]}
RESULT: {"script":"<script> [1562 bytes]","args":[{"selector":{"controlType":"sap.m.Text","viewName":"etm.portal.ui.manageyards.view.Detail","viewId":"application-manageyards-display-component---detailYard","bindingPath":{"propertyPath":"ID","modelName":"catalogModel"}},"wdio_ui5_key":"etmportal.ui.manageyards.view.Detailsap.m.Text{\"propertyPath\":\"ID\",\"modelName\":\"catalogModel\"}"}]}
RESULT: undefined
COMMAND: POST /session/3637353f0f0366f06ffc96bdd6dcca04/execute/async - {"script":"<script> [6424 bytes]","args":[{"element-6066-11e4-a52e-4f735466cecf":"f.FA5AA6ACA71DB73EA77ABAF269C4B101.d.D497745B9F9EF733BCD70FA0B9755BBB.e.4942"},"getText",[]]}
RESULT: {"script":"<script> [6424 bytes]","args":[{"element-6066-11e4-a52e-4f735466cecf":"f.FA5AA6ACA71DB73EA77ABAF269C4B101.d.D497745B9F9EF733BCD70FA0B9755BBB.e.4942"},"getText",[]]}
COMMAND: POST /session/3637353f0f0366f06ffc96bdd6dcca04/element - {"using":"css selector","value":"#shell-header-logo"}
RESULT: {"using":"css selector","value":"#shell-header-logo"}
COMMAND: POST /session/3637353f0f0366f06ffc96bdd6dcca04/element/f.FA5AA6ACA71DB73EA77ABAF269C4B101.d.D497745B9F9EF733BCD70FA0B9755BBB.e.4151/click - {}
RESULT: {}
COMMAND: GET /session/3637353f0f0366f06ffc96bdd6dcca04/screenshot - {}
RESULT: {}
]]></system-out>
    </testcase>
    <testcase classname="chrome.135_0_7049_96.windows.Provide_to_Site_w/_warehouse_management_w/_clarification_US115878" name="Should create WHM site" time="60.399">
      <system-out><![CDATA[
COMMAND: POST /session/3637353f0f0366f06ffc96bdd6dcca04/execute/async - {"script":"<script> [1562 bytes]","args":[{"selector":{"controlType":"sap.m.GenericTile","properties":{"header":"Manage Sites"}},"wdio_ui5_key":"sapm.GenericTile{\"header\":\"Manage Sites\"}"}]}
RESULT: {"script":"<script> [1562 bytes]","args":[{"selector":{"controlType":"sap.m.GenericTile","properties":{"header":"Manage Sites"}},"wdio_ui5_key":"sapm.GenericTile{\"header\":\"Manage Sites\"}"}]}
RESULT: undefined
COMMAND: POST /session/3637353f0f0366f06ffc96bdd6dcca04/element - {"using":"xpath","value":"//*[@id=\"__tile51\"]"}
RESULT: {"using":"xpath","value":"//*[@id=\"__tile51\"]"}
COMMAND: POST /session/3637353f0f0366f06ffc96bdd6dcca04/element/f.FA5AA6ACA71DB73EA77ABAF269C4B101.d.D497745B9F9EF733BCD70FA0B9755BBB.e.4169/click - {}
RESULT: {}
COMMAND: GET /session/3637353f0f0366f06ffc96bdd6dcca04/screenshot - {}
COMMAND: POST /session/3637353f0f0366f06ffc96bdd6dcca04/execute/async - {"script":"<script> [1562 bytes]","args":[{"selector":{"controlType":"sap.ui.core.Icon","viewName":"etm.portal.ui.managesites.view.Master","viewId":"application-managesites-display-component---masterSite","properties":{"src":{"regex":{"source":"add"}}}},"wdio_ui5_key":"etmportal.ui.managesites.view.Mastersap.ui.core.Icon{\"src\":{\"regex\":{\"source\":\"add\"}}}"}]}
RESULT: {}
RESULT: {"script":"<script> [1562 bytes]","args":[{"selector":{"controlType":"sap.ui.core.Icon","viewName":"etm.portal.ui.managesites.view.Master","viewId":"application-managesites-display-component---masterSite","properties":{"src":{"regex":{"source":"add"}}}},"wdio_ui5_key":"etmportal.ui.managesites.view.Mastersap.ui.core.Icon{\"src\":{\"regex\":{\"source\":\"add\"}}}"}]}
RESULT: undefined
COMMAND: POST /session/3637353f0f0366f06ffc96bdd6dcca04/element - {"using":"xpath","value":"//*[@id=\"__button64-img\"]"}
RESULT: {"using":"xpath","value":"//*[@id=\"__button64-img\"]"}
COMMAND: POST /session/3637353f0f0366f06ffc96bdd6dcca04/element/f.FA5AA6ACA71DB73EA77ABAF269C4B101.d.D497745B9F9EF733BCD70FA0B9755BBB.e.4992/click - {}
RESULT: {}
COMMAND: GET /session/3637353f0f0366f06ffc96bdd6dcca04/screenshot - {}
COMMAND: POST /session/3637353f0f0366f06ffc96bdd6dcca04/execute/async - {"script":"<script> [1562 bytes]","args":[{"selector":{"controlType":"sap.m.Button","viewName":"etm.portal.ui.managesites.view.NewSmartSite","viewId":"application-managesites-display-component---NewSite","properties":{"text":"General Information"},"interaction":{"idSuffix":"BDI-content"}},"wdio_ui5_key":"etmportal.ui.managesites.view.NewSmartSitesap.m.Button{\"text\":\"General Information\"}"}]}
RESULT: {}
RESULT: {"script":"<script> [1562 bytes]","args":[{"selector":{"controlType":"sap.m.Button","viewName":"etm.portal.ui.managesites.view.NewSmartSite","viewId":"application-managesites-display-component---NewSite","properties":{"text":"General Information"},"interaction":{"idSuffix":"BDI-content"}},"wdio_ui5_key":"etmportal.ui.managesites.view.NewSmartSitesap.m.Button{\"text\":\"General Information\"}"}]}
RESULT: undefined
COMMAND: POST /session/3637353f0f0366f06ffc96bdd6dcca04/element - {"using":"xpath","value":"//*[@id=\"application-managesites-display-component---NewSite--ObjectPageLayout-anchBar-__section31-anchor\"]"}
RESULT: {"using":"xpath","value":"//*[@id=\"application-managesites-display-component---NewSite--ObjectPageLayout-anchBar-__section31-anchor\"]"}
COMMAND: POST /session/3637353f0f0366f06ffc96bdd6dcca04/element/f.FA5AA6ACA71DB73EA77ABAF269C4B101.d.D497745B9F9EF733BCD70FA0B9755BBB.e.5380/click - {}
RESULT: {}
COMMAND: POST /session/3637353f0f0366f06ffc96bdd6dcca04/execute/async - {"script":"<script> [1562 bytes]","args":[{"selector":{"id":"application-managesites-display-component---NewSite--addressDetailDetailsName1","interaction":{"idSuffix":"inner"}},"wdio_ui5_key":"applicationmanagesites-display-component---NewSite--addressDetailDetailsName1"}]}
COMMAND: GET /session/3637353f0f0366f06ffc96bdd6dcca04/screenshot - {}
RESULT: {"script":"<script> [1562 bytes]","args":[{"selector":{"id":"application-managesites-display-component---NewSite--addressDetailDetailsName1","interaction":{"idSuffix":"inner"}},"wdio_ui5_key":"applicationmanagesites-display-component---NewSite--addressDetailDetailsName1"}]}
RESULT: undefined
COMMAND: POST /session/3637353f0f0366f06ffc96bdd6dcca04/execute/async - {"script":"<script> [776 bytes]","args":[{"enterText":"WDI5 WHM Site","selector":{"id":"application-managesites-display-component---NewSite--addressDetailDetailsName1","interaction":{"idSuffix":"inner"}},"clearTextFirst":true,"interactionType":"ENTER_TEXT"}]}
RESULT: {}
RESULT: {"script":"<script> [776 bytes]","args":[{"enterText":"WDI5 WHM Site","selector":{"id":"application-managesites-display-component---NewSite--addressDetailDetailsName1","interaction":{"idSuffix":"inner"}},"clearTextFirst":true,"interactionType":"ENTER_TEXT"}]}
COMMAND: POST /session/3637353f0f0366f06ffc96bdd6dcca04/execute/async - {"script":"<script> [1562 bytes]","args":[{"selector":{"id":"application-managesites-display-component---NewSite--addressDetailDetailsLanguage","interaction":{"idSuffix":"inner"}},"wdio_ui5_key":"applicationmanagesites-display-component---NewSite--addressDetailDetailsLanguage"}]}
RESULT: {"script":"<script> [1562 bytes]","args":[{"selector":{"id":"application-managesites-display-component---NewSite--addressDetailDetailsLanguage","interaction":{"idSuffix":"inner"}},"wdio_ui5_key":"applicationmanagesites-display-component---NewSite--addressDetailDetailsLanguage"}]}
RESULT: undefined
COMMAND: POST /session/3637353f0f0366f06ffc96bdd6dcca04/execute/async - {"script":"<script> [776 bytes]","args":[{"enterText":"Romanian","selector":{"id":"application-managesites-display-component---NewSite--addressDetailDetailsLanguage","interaction":{"idSuffix":"inner"}},"clearTextFirst":true,"interactionType":"ENTER_TEXT"}]}
RESULT: {"script":"<script> [776 bytes]","args":[{"enterText":"Romanian","selector":{"id":"application-managesites-display-component---NewSite--addressDetailDetailsLanguage","interaction":{"idSuffix":"inner"}},"clearTextFirst":true,"interactionType":"ENTER_TEXT"}]}
COMMAND: POST /session/3637353f0f0366f06ffc96bdd6dcca04/execute/async - {"script":"<script> [1562 bytes]","args":[{"selector":{"id":"application-managesites-display-component---NewSite--addressDetailDetailsCity1","interaction":{"idSuffix":"inner"}},"wdio_ui5_key":"applicationmanagesites-display-component---NewSite--addressDetailDetailsCity1"}]}
RESULT: {"script":"<script> [1562 bytes]","args":[{"selector":{"id":"application-managesites-display-component---NewSite--addressDetailDetailsCity1","interaction":{"idSuffix":"inner"}},"wdio_ui5_key":"applicationmanagesites-display-component---NewSite--addressDetailDetailsCity1"}]}
RESULT: undefined
COMMAND: POST /session/3637353f0f0366f06ffc96bdd6dcca04/execute/async - {"script":"<script> [776 bytes]","args":[{"enterText":"Bucharest","selector":{"id":"application-managesites-display-component---NewSite--addressDetailDetailsCity1","interaction":{"idSuffix":"inner"}},"clearTextFirst":true,"interactionType":"ENTER_TEXT"}]}
RESULT: {"script":"<script> [776 bytes]","args":[{"enterText":"Bucharest","selector":{"id":"application-managesites-display-component---NewSite--addressDetailDetailsCity1","interaction":{"idSuffix":"inner"}},"clearTextFirst":true,"interactionType":"ENTER_TEXT"}]}
COMMAND: POST /session/3637353f0f0366f06ffc96bdd6dcca04/execute/async - {"script":"<script> [1562 bytes]","args":[{"selector":{"id":"application-managesites-display-component---NewSite--addressDetailDetailsCountry","interaction":{"idSuffix":"inner"}},"wdio_ui5_key":"applicationmanagesites-display-component---NewSite--addressDetailDetailsCountry"}]}
RESULT: {"script":"<script> [1562 bytes]","args":[{"selector":{"id":"application-managesites-display-component---NewSite--addressDetailDetailsCountry","interaction":{"idSuffix":"inner"}},"wdio_ui5_key":"applicationmanagesites-display-component---NewSite--addressDetailDetailsCountry"}]}
RESULT: undefined
COMMAND: POST /session/3637353f0f0366f06ffc96bdd6dcca04/execute/async - {"script":"<script> [6424 bytes]","args":[{"element-6066-11e4-a52e-4f735466cecf":"f.FA5AA6ACA71DB73EA77ABAF269C4B101.d.D497745B9F9EF733BCD70FA0B9755BBB.e.5175"},"setValue",["Romania"]]}
RESULT: {"script":"<script> [6424 bytes]","args":[{"element-6066-11e4-a52e-4f735466cecf":"f.FA5AA6ACA71DB73EA77ABAF269C4B101.d.D497745B9F9EF733BCD70FA0B9755BBB.e.5175"},"setValue",["Romania"]]}
COMMAND: POST /session/3637353f0f0366f06ffc96bdd6dcca04/execute/async - {"script":"<script> [1562 bytes]","args":[{"selector":{"id":"application-managesites-display-component---NewSite--addressDetailDetailsCalendar","interaction":{"idSuffix":"inner"}},"wdio_ui5_key":"applicationmanagesites-display-component---NewSite--addressDetailDetailsCalendar"}]}
RESULT: {"script":"<script> [1562 bytes]","args":[{"selector":{"id":"application-managesites-display-component---NewSite--addressDetailDetailsCalendar","interaction":{"idSuffix":"inner"}},"wdio_ui5_key":"applicationmanagesites-display-component---NewSite--addressDetailDetailsCalendar"}]}
RESULT: undefined
COMMAND: POST /session/3637353f0f0366f06ffc96bdd6dcca04/execute/async - {"script":"<script> [776 bytes]","args":[{"enterText":"8 - Germany (Standard)","selector":{"id":"application-managesites-display-component---NewSite--addressDetailDetailsCalendar","interaction":{"idSuffix":"inner"}},"clearTextFirst":true,"interactionType":"ENTER_TEXT"}]}
RESULT: {"script":"<script> [776 bytes]","args":[{"enterText":"8 - Germany (Standard)","selector":{"id":"application-managesites-display-component---NewSite--addressDetailDetailsCalendar","interaction":{"idSuffix":"inner"}},"clearTextFirst":true,"interactionType":"ENTER_TEXT"}]}
COMMAND: POST /session/3637353f0f0366f06ffc96bdd6dcca04/element - {"using":"xpath","value":"//input[@id=\"application-managesites-display-component---NewSite--addressDetailDetailsYard-inner\"]"}
RESULT: {"using":"xpath","value":"//input[@id=\"application-managesites-display-component---NewSite--addressDetailDetailsYard-inner\"]"}
COMMAND: POST /session/3637353f0f0366f06ffc96bdd6dcca04/element/f.FA5AA6ACA71DB73EA77ABAF269C4B101.d.D497745B9F9EF733BCD70FA0B9755BBB.e.5186/clear - {}
RESULT: {}
COMMAND: POST /session/3637353f0f0366f06ffc96bdd6dcca04/element/f.FA5AA6ACA71DB73EA77ABAF269C4B101.d.D497745B9F9EF733BCD70FA0B9755BBB.e.5186/value - {"text":"497"}
COMMAND: GET /session/3637353f0f0366f06ffc96bdd6dcca04/screenshot - {}
RESULT: {"text":"497"}
COMMAND: GET /session/3637353f0f0366f06ffc96bdd6dcca04/screenshot - {}
RESULT: {}
RESULT: {}
COMMAND: POST /session/3637353f0f0366f06ffc96bdd6dcca04/execute/async - {"script":"<script> [1562 bytes]","args":[{"selector":{"controlType":"sap.m.Button","viewName":"etm.portal.ui.managesites.view.NewSmartSite","viewId":"application-managesites-display-component---NewSite","properties":{"text":"Commercial"},"interaction":{"idSuffix":"BDI-content"}},"wdio_ui5_key":"etmportal.ui.managesites.view.NewSmartSitesap.m.Button{\"text\":\"Commercial\"}"}]}
RESULT: {"script":"<script> [1562 bytes]","args":[{"selector":{"controlType":"sap.m.Button","viewName":"etm.portal.ui.managesites.view.NewSmartSite","viewId":"application-managesites-display-component---NewSite","properties":{"text":"Commercial"},"interaction":{"idSuffix":"BDI-content"}},"wdio_ui5_key":"etmportal.ui.managesites.view.NewSmartSitesap.m.Button{\"text\":\"Commercial\"}"}]}
RESULT: undefined
COMMAND: POST /session/3637353f0f0366f06ffc96bdd6dcca04/element - {"using":"xpath","value":"//*[@id=\"application-managesites-display-component---NewSite--ObjectPageLayout-anchBar-__section33-anchor\"]"}
RESULT: {"using":"xpath","value":"//*[@id=\"application-managesites-display-component---NewSite--ObjectPageLayout-anchBar-__section33-anchor\"]"}
COMMAND: POST /session/3637353f0f0366f06ffc96bdd6dcca04/element/f.FA5AA6ACA71DB73EA77ABAF269C4B101.d.D497745B9F9EF733BCD70FA0B9755BBB.e.5389/click - {}
RESULT: {}
COMMAND: POST /session/3637353f0f0366f06ffc96bdd6dcca04/execute/async - {"script":"<script> [1562 bytes]","args":[{"selector":{"id":"application-managesites-display-component---NewSite--siteWhmCheckBox-label","interaction":{"idSuffix":"bdi"}},"wdio_ui5_key":"applicationmanagesites-display-component---NewSite--siteWhmCheckBox-label"}]}
COMMAND: GET /session/3637353f0f0366f06ffc96bdd6dcca04/screenshot - {}
RESULT: {"script":"<script> [1562 bytes]","args":[{"selector":{"id":"application-managesites-display-component---NewSite--siteWhmCheckBox-label","interaction":{"idSuffix":"bdi"}},"wdio_ui5_key":"applicationmanagesites-display-component---NewSite--siteWhmCheckBox-label"}]}
RESULT: undefined
COMMAND: POST /session/3637353f0f0366f06ffc96bdd6dcca04/element - {"using":"xpath","value":"//*[@id=\"application-managesites-display-component---NewSite--siteWhmCheckBox-label\"]"}
RESULT: {}
RESULT: {"using":"xpath","value":"//*[@id=\"application-managesites-display-component---NewSite--siteWhmCheckBox-label\"]"}
COMMAND: POST /session/3637353f0f0366f06ffc96bdd6dcca04/element/f.FA5AA6ACA71DB73EA77ABAF269C4B101.d.D497745B9F9EF733BCD70FA0B9755BBB.e.5398/click - {}
RESULT: {}
COMMAND: POST /session/3637353f0f0366f06ffc96bdd6dcca04/execute/async - {"script":"<script> [1562 bytes]","args":[{"selector":{"controlType":"sap.m.Button","viewName":"etm.portal.ui.managesites.view.NewSmartSite","viewId":"application-managesites-display-component---NewSite","i18NText":{"propertyName":"text","key":"save"},"interaction":{"idSuffix":"BDI-content"}},"wdio_ui5_key":"etmportal.ui.managesites.view.NewSmartSitesap.m.Button{\"propertyName\":\"text\",\"key\":\"save\"}"}]}
COMMAND: GET /session/3637353f0f0366f06ffc96bdd6dcca04/screenshot - {}
RESULT: {"script":"<script> [1562 bytes]","args":[{"selector":{"controlType":"sap.m.Button","viewName":"etm.portal.ui.managesites.view.NewSmartSite","viewId":"application-managesites-display-component---NewSite","i18NText":{"propertyName":"text","key":"save"},"interaction":{"idSuffix":"BDI-content"}},"wdio_ui5_key":"etmportal.ui.managesites.view.NewSmartSitesap.m.Button{\"propertyName\":\"text\",\"key\":\"save\"}"}]}
RESULT: undefined
COMMAND: POST /session/3637353f0f0366f06ffc96bdd6dcca04/element - {"using":"xpath","value":"//*[@id=\"__button76\"]"}
RESULT: {}
RESULT: {"using":"xpath","value":"//*[@id=\"__button76\"]"}
COMMAND: POST /session/3637353f0f0366f06ffc96bdd6dcca04/element/f.FA5AA6ACA71DB73EA77ABAF269C4B101.d.D497745B9F9EF733BCD70FA0B9755BBB.e.5365/click - {}
RESULT: {}
COMMAND: GET /session/3637353f0f0366f06ffc96bdd6dcca04/screenshot - {}
RESULT: {}
COMMAND: POST /session/3637353f0f0366f06ffc96bdd6dcca04/execute/async - {"script":"<script> [1562 bytes]","args":[{"selector":{"controlType":"sap.m.Text","viewName":"etm.portal.ui.managesites.view.Detail","viewId":"application-managesites-display-component---detailSite","bindingPath":{"propertyPath":"ID","modelName":"catalogModel"}},"wdio_ui5_key":"etmportal.ui.managesites.view.Detailsap.m.Text{\"propertyPath\":\"ID\",\"modelName\":\"catalogModel\"}"}]}
RESULT: {"script":"<script> [1562 bytes]","args":[{"selector":{"controlType":"sap.m.Text","viewName":"etm.portal.ui.managesites.view.Detail","viewId":"application-managesites-display-component---detailSite","bindingPath":{"propertyPath":"ID","modelName":"catalogModel"}},"wdio_ui5_key":"etmportal.ui.managesites.view.Detailsap.m.Text{\"propertyPath\":\"ID\",\"modelName\":\"catalogModel\"}"}]}
RESULT: undefined
COMMAND: POST /session/3637353f0f0366f06ffc96bdd6dcca04/execute/async - {"script":"<script> [6424 bytes]","args":[{"element-6066-11e4-a52e-4f735466cecf":"f.FA5AA6ACA71DB73EA77ABAF269C4B101.d.D497745B9F9EF733BCD70FA0B9755BBB.e.5587"},"getText",[]]}
RESULT: {"script":"<script> [6424 bytes]","args":[{"element-6066-11e4-a52e-4f735466cecf":"f.FA5AA6ACA71DB73EA77ABAF269C4B101.d.D497745B9F9EF733BCD70FA0B9755BBB.e.5587"},"getText",[]]}
COMMAND: POST /session/3637353f0f0366f06ffc96bdd6dcca04/execute/async - {"script":"<script> [1562 bytes]","args":[{"selector":{"controlType":"sap.m.Label","viewName":"etm.portal.ui.managesites.view.Detail","viewId":"application-managesites-display-component---detailSite","i18NText":{"propertyName":"text","key":"status"}},"wdio_ui5_key":"etmportal.ui.managesites.view.Detailsap.m.Label{\"propertyName\":\"text\",\"key\":\"status\"}"}]}
RESULT: {"script":"<script> [1562 bytes]","args":[{"selector":{"controlType":"sap.m.Label","viewName":"etm.portal.ui.managesites.view.Detail","viewId":"application-managesites-display-component---detailSite","i18NText":{"propertyName":"text","key":"status"}},"wdio_ui5_key":"etmportal.ui.managesites.view.Detailsap.m.Label{\"propertyName\":\"text\",\"key\":\"status\"}"}]}
RESULT: undefined
COMMAND: POST /session/3637353f0f0366f06ffc96bdd6dcca04/execute/async - {"script":"<script> [6424 bytes]","args":[{"element-6066-11e4-a52e-4f735466cecf":"f.FA5AA6ACA71DB73EA77ABAF269C4B101.d.D497745B9F9EF733BCD70FA0B9755BBB.e.5576"},"getText",[]]}
RESULT: {"script":"<script> [6424 bytes]","args":[{"element-6066-11e4-a52e-4f735466cecf":"f.FA5AA6ACA71DB73EA77ABAF269C4B101.d.D497745B9F9EF733BCD70FA0B9755BBB.e.5576"},"getText",[]]}
RESULT: undefined
COMMAND: POST /session/3637353f0f0366f06ffc96bdd6dcca04/element - {"using":"xpath","value":"//*[@id=\"shell-header\"]"}
RESULT: {"using":"xpath","value":"//*[@id=\"shell-header\"]"}
COMMAND: POST /session/3637353f0f0366f06ffc96bdd6dcca04/element/f.FA5AA6ACA71DB73EA77ABAF269C4B101.d.D497745B9F9EF733BCD70FA0B9755BBB.e.5588/click - {}
RESULT: {}
COMMAND: POST /session/3637353f0f0366f06ffc96bdd6dcca04/element - {"using":"css selector","value":"#shell-header-logo"}
COMMAND: GET /session/3637353f0f0366f06ffc96bdd6dcca04/screenshot - {}
RESULT: {"using":"css selector","value":"#shell-header-logo"}
COMMAND: POST /session/3637353f0f0366f06ffc96bdd6dcca04/element/f.FA5AA6ACA71DB73EA77ABAF269C4B101.d.D497745B9F9EF733BCD70FA0B9755BBB.e.4946/click - {}
RESULT: {}
RESULT: {}
]]></system-out>
    </testcase>
    <testcase classname="chrome.135_0_7049_96.windows.Provide_to_Site_w/_warehouse_management_w/_clarification_US115878" name="Should create WHM Partner" time="65.951">
      <system-out><![CDATA[
COMMAND: POST /session/3637353f0f0366f06ffc96bdd6dcca04/execute/async - {"script":"<script> [1562 bytes]","args":[{"selector":{"controlType":"sap.m.GenericTile","properties":{"header":"Manage Partners"}},"wdio_ui5_key":"sapm.GenericTile{\"header\":\"Manage Partners\"}"}]}
COMMAND: GET /session/3637353f0f0366f06ffc96bdd6dcca04/screenshot - {}
RESULT: {"script":"<script> [1562 bytes]","args":[{"selector":{"controlType":"sap.m.GenericTile","properties":{"header":"Manage Partners"}},"wdio_ui5_key":"sapm.GenericTile{\"header\":\"Manage Partners\"}"}]}
RESULT: undefined
COMMAND: POST /session/3637353f0f0366f06ffc96bdd6dcca04/element - {"using":"xpath","value":"//*[@id=\"__tile49\"]"}
RESULT: {}
RESULT: {"using":"xpath","value":"//*[@id=\"__tile49\"]"}
COMMAND: POST /session/3637353f0f0366f06ffc96bdd6dcca04/element/f.FA5AA6ACA71DB73EA77ABAF269C4B101.d.D497745B9F9EF733BCD70FA0B9755BBB.e.4165/click - {}
RESULT: {}
COMMAND: GET /session/3637353f0f0366f06ffc96bdd6dcca04/screenshot - {}
RESULT: {}
COMMAND: POST /session/3637353f0f0366f06ffc96bdd6dcca04/element - {"using":"xpath","value":"//button[(@data-kt = 'addButton')]"}
RESULT: {"using":"xpath","value":"//button[(@data-kt = 'addButton')]"}
COMMAND: POST /session/3637353f0f0366f06ffc96bdd6dcca04/elements - {"using":"xpath","value":"//button[(@data-kt = 'addButton')]"}
RESULT: {"using":"xpath","value":"//button[(@data-kt = 'addButton')]"}
COMMAND: POST /session/3637353f0f0366f06ffc96bdd6dcca04/elements - {"using":"xpath","value":"//button[(@data-kt = 'addButton')]"}
RESULT: {"using":"xpath","value":"//button[(@data-kt = 'addButton')]"}
COMMAND: POST /session/3637353f0f0366f06ffc96bdd6dcca04/element - {"using":"xpath","value":"//button[(@data-kt = 'addButton')]"}
RESULT: {"using":"xpath","value":"//button[(@data-kt = 'addButton')]"}
COMMAND: POST /session/3637353f0f0366f06ffc96bdd6dcca04/element/f.FA5AA6ACA71DB73EA77ABAF269C4B101.d.D497745B9F9EF733BCD70FA0B9755BBB.e.5636/click - {}
RESULT: {}
COMMAND: POST /session/3637353f0f0366f06ffc96bdd6dcca04/execute/async - {"script":"<script> [1562 bytes]","args":[{"selector":{"id":"application-managepartners-display-component---NewPartner--addressDetailDetailsName1","interaction":{"idSuffix":"inner"}},"wdio_ui5_key":"applicationmanagepartners-display-component---NewPartner--addressDetailDetailsName1"}]}
COMMAND: GET /session/3637353f0f0366f06ffc96bdd6dcca04/screenshot - {}
RESULT: {"script":"<script> [1562 bytes]","args":[{"selector":{"id":"application-managepartners-display-component---NewPartner--addressDetailDetailsName1","interaction":{"idSuffix":"inner"}},"wdio_ui5_key":"applicationmanagepartners-display-component---NewPartner--addressDetailDetailsName1"}]}
RESULT: undefined
COMMAND: POST /session/3637353f0f0366f06ffc96bdd6dcca04/execute/async - {"script":"<script> [776 bytes]","args":[{"enterText":"WDI5-Partners","selector":{"id":"application-managepartners-display-component---NewPartner--addressDetailDetailsName1","interaction":{"idSuffix":"inner"}},"clearTextFirst":true,"interactionType":"ENTER_TEXT"}]}
RESULT: {}
RESULT: {"script":"<script> [776 bytes]","args":[{"enterText":"WDI5-Partners","selector":{"id":"application-managepartners-display-component---NewPartner--addressDetailDetailsName1","interaction":{"idSuffix":"inner"}},"clearTextFirst":true,"interactionType":"ENTER_TEXT"}]}
COMMAND: POST /session/3637353f0f0366f06ffc96bdd6dcca04/execute/async - {"script":"<script> [1562 bytes]","args":[{"selector":{"id":"application-managepartners-display-component---NewPartner--addressDetailDetailsLanguage-arrow"},"wdio_ui5_key":"applicationmanagepartners-display-component---NewPartner--addressDetailDetailsLanguage-arrow"}]}
RESULT: {"script":"<script> [1562 bytes]","args":[{"selector":{"id":"application-managepartners-display-component---NewPartner--addressDetailDetailsLanguage-arrow"},"wdio_ui5_key":"applicationmanagepartners-display-component---NewPartner--addressDetailDetailsLanguage-arrow"}]}
RESULT: undefined
COMMAND: POST /session/3637353f0f0366f06ffc96bdd6dcca04/element - {"using":"xpath","value":"//*[@id=\"application-managepartners-display-component---NewPartner--addressDetailDetailsLanguage-arrow\"]"}
RESULT: {"using":"xpath","value":"//*[@id=\"application-managepartners-display-component---NewPartner--addressDetailDetailsLanguage-arrow\"]"}
COMMAND: POST /session/3637353f0f0366f06ffc96bdd6dcca04/element/f.FA5AA6ACA71DB73EA77ABAF269C4B101.d.D497745B9F9EF733BCD70FA0B9755BBB.e.6058/click - {}
RESULT: {}
COMMAND: POST /session/3637353f0f0366f06ffc96bdd6dcca04/execute/async - {"script":"<script> [1562 bytes]","args":[{"selector":{"controlType":"sap.m.StandardListItem","viewName":"etm.portal.ui.managepartners.view.NewPartner","viewId":"application-managepartners-display-component---NewPartner","properties":{"title":"English"},"searchOpenDialogs":true,"interaction":{"idSuffix":"content"}},"wdio_ui5_key":"etmportal.ui.managepartners.view.NewPartnersap.m.StandardListItem{\"title\":\"English\"}"}]}
COMMAND: GET /session/3637353f0f0366f06ffc96bdd6dcca04/screenshot - {}
RESULT: {"script":"<script> [1562 bytes]","args":[{"selector":{"controlType":"sap.m.StandardListItem","viewName":"etm.portal.ui.managepartners.view.NewPartner","viewId":"application-managepartners-display-component---NewPartner","properties":{"title":"English"},"searchOpenDialogs":true,"interaction":{"idSuffix":"content"}},"wdio_ui5_key":"etmportal.ui.managepartners.view.NewPartnersap.m.StandardListItem{\"title\":\"English\"}"}]}
RESULT: undefined
COMMAND: POST /session/3637353f0f0366f06ffc96bdd6dcca04/element - {"using":"xpath","value":"//*[@id=\"__item1116\"]"}
RESULT: {}
RESULT: {"using":"xpath","value":"//*[@id=\"__item1116\"]"}
COMMAND: POST /session/3637353f0f0366f06ffc96bdd6dcca04/element/f.FA5AA6ACA71DB73EA77ABAF269C4B101.d.D497745B9F9EF733BCD70FA0B9755BBB.e.6060/click - {}
RESULT: {}
COMMAND: POST /session/3637353f0f0366f06ffc96bdd6dcca04/execute/async - {"script":"<script> [1562 bytes]","args":[{"selector":{"id":"application-managepartners-display-component---NewPartner--addressDetailDetailsCity1","interaction":{"idSuffix":"inner"}},"wdio_ui5_key":"applicationmanagepartners-display-component---NewPartner--addressDetailDetailsCity1"}]}
COMMAND: GET /session/3637353f0f0366f06ffc96bdd6dcca04/screenshot - {}
RESULT: {"script":"<script> [1562 bytes]","args":[{"selector":{"id":"application-managepartners-display-component---NewPartner--addressDetailDetailsCity1","interaction":{"idSuffix":"inner"}},"wdio_ui5_key":"applicationmanagepartners-display-component---NewPartner--addressDetailDetailsCity1"}]}
RESULT: undefined
COMMAND: POST /session/3637353f0f0366f06ffc96bdd6dcca04/execute/async - {"script":"<script> [776 bytes]","args":[{"enterText":"Bangalore","selector":{"id":"application-managepartners-display-component---NewPartner--addressDetailDetailsCity1","interaction":{"idSuffix":"inner"}},"clearTextFirst":true,"interactionType":"ENTER_TEXT"}]}
RESULT: {}
RESULT: {"script":"<script> [776 bytes]","args":[{"enterText":"Bangalore","selector":{"id":"application-managepartners-display-component---NewPartner--addressDetailDetailsCity1","interaction":{"idSuffix":"inner"}},"clearTextFirst":true,"interactionType":"ENTER_TEXT"}]}
COMMAND: POST /session/3637353f0f0366f06ffc96bdd6dcca04/execute/async - {"script":"<script> [1562 bytes]","args":[{"selector":{"id":"application-managepartners-display-component---NewPartner--addressDetailDetailsCountry-arrow"},"wdio_ui5_key":"applicationmanagepartners-display-component---NewPartner--addressDetailDetailsCountry-arrow"}]}
RESULT: {"script":"<script> [1562 bytes]","args":[{"selector":{"id":"application-managepartners-display-component---NewPartner--addressDetailDetailsCountry-arrow"},"wdio_ui5_key":"applicationmanagepartners-display-component---NewPartner--addressDetailDetailsCountry-arrow"}]}
RESULT: undefined
COMMAND: POST /session/3637353f0f0366f06ffc96bdd6dcca04/element - {"using":"xpath","value":"//*[@id=\"application-managepartners-display-component---NewPartner--addressDetailDetailsCountry-arrow\"]"}
RESULT: {"using":"xpath","value":"//*[@id=\"application-managepartners-display-component---NewPartner--addressDetailDetailsCountry-arrow\"]"}
COMMAND: POST /session/3637353f0f0366f06ffc96bdd6dcca04/element/f.FA5AA6ACA71DB73EA77ABAF269C4B101.d.D497745B9F9EF733BCD70FA0B9755BBB.e.6062/click - {}
RESULT: {}
COMMAND: POST /session/3637353f0f0366f06ffc96bdd6dcca04/execute/async - {"script":"<script> [1562 bytes]","args":[{"selector":{"id":"application-managepartners-display-component---NewPartner--addressDetailDetailsCountry","interaction":{"idSuffix":"inner"}},"wdio_ui5_key":"applicationmanagepartners-display-component---NewPartner--addressDetailDetailsCountry"}]}
COMMAND: GET /session/3637353f0f0366f06ffc96bdd6dcca04/screenshot - {}
RESULT: {"script":"<script> [1562 bytes]","args":[{"selector":{"id":"application-managepartners-display-component---NewPartner--addressDetailDetailsCountry","interaction":{"idSuffix":"inner"}},"wdio_ui5_key":"applicationmanagepartners-display-component---NewPartner--addressDetailDetailsCountry"}]}
RESULT: undefined
COMMAND: POST /session/3637353f0f0366f06ffc96bdd6dcca04/execute/async - {"script":"<script> [776 bytes]","args":[{"enterText":"India","selector":{"id":"application-managepartners-display-component---NewPartner--addressDetailDetailsCountry","interaction":{"idSuffix":"inner"}},"clearTextFirst":true,"interactionType":"ENTER_TEXT"}]}
RESULT: {}
RESULT: {"script":"<script> [776 bytes]","args":[{"enterText":"India","selector":{"id":"application-managepartners-display-component---NewPartner--addressDetailDetailsCountry","interaction":{"idSuffix":"inner"}},"clearTextFirst":true,"interactionType":"ENTER_TEXT"}]}
COMMAND: POST /session/3637353f0f0366f06ffc96bdd6dcca04/execute/async - {"script":"<script> [1562 bytes]","args":[{"selector":{"controlType":"sap.m.StandardListItem","viewName":"etm.portal.ui.managepartners.view.NewPartner","viewId":"application-managepartners-display-component---NewPartner","properties":{"title":"India"},"searchOpenDialogs":true,"interaction":{"idSuffix":"content"}},"wdio_ui5_key":"etmportal.ui.managepartners.view.NewPartnersap.m.StandardListItem{\"title\":\"India\"}"}]}
RESULT: {"script":"<script> [1562 bytes]","args":[{"selector":{"controlType":"sap.m.StandardListItem","viewName":"etm.portal.ui.managepartners.view.NewPartner","viewId":"application-managepartners-display-component---NewPartner","properties":{"title":"India"},"searchOpenDialogs":true,"interaction":{"idSuffix":"content"}},"wdio_ui5_key":"etmportal.ui.managepartners.view.NewPartnersap.m.StandardListItem{\"title\":\"India\"}"}]}
RESULT: undefined
COMMAND: POST /session/3637353f0f0366f06ffc96bdd6dcca04/execute/async - {"script":"<script> [1562 bytes]","args":[{"selector":{"controlType":"sap.m.Button","viewName":"etm.portal.ui.managepartners.view.NewPartner","viewId":"application-managepartners-display-component---NewPartner","properties":{"text":"Commercial"},"interaction":{"idSuffix":"BDI-content"}},"wdio_ui5_key":"etmportal.ui.managepartners.view.NewPartnersap.m.Button{\"text\":\"Commercial\"}"}]}
RESULT: {"script":"<script> [1562 bytes]","args":[{"selector":{"controlType":"sap.m.Button","viewName":"etm.portal.ui.managepartners.view.NewPartner","viewId":"application-managepartners-display-component---NewPartner","properties":{"text":"Commercial"},"interaction":{"idSuffix":"BDI-content"}},"wdio_ui5_key":"etmportal.ui.managepartners.view.NewPartnersap.m.Button{\"text\":\"Commercial\"}"}]}
RESULT: undefined
COMMAND: POST /session/3637353f0f0366f06ffc96bdd6dcca04/element - {"using":"xpath","value":"//*[@id=\"application-managepartners-display-component---NewPartner--ObjectPageLayout-anchBar-__section57-anchor\"]"}
RESULT: {"using":"xpath","value":"//*[@id=\"application-managepartners-display-component---NewPartner--ObjectPageLayout-anchBar-__section57-anchor\"]"}
COMMAND: POST /session/3637353f0f0366f06ffc96bdd6dcca04/element/f.FA5AA6ACA71DB73EA77ABAF269C4B101.d.D497745B9F9EF733BCD70FA0B9755BBB.e.6067/click - {}
RESULT: {}
COMMAND: POST /session/3637353f0f0366f06ffc96bdd6dcca04/execute/async - {"script":"<script> [1562 bytes]","args":[{"selector":{"id":"application-managepartners-display-component---NewPartner--partnerDetailInternal-arrow"},"wdio_ui5_key":"applicationmanagepartners-display-component---NewPartner--partnerDetailInternal-arrow"}]}
COMMAND: GET /session/3637353f0f0366f06ffc96bdd6dcca04/screenshot - {}
RESULT: {"script":"<script> [1562 bytes]","args":[{"selector":{"id":"application-managepartners-display-component---NewPartner--partnerDetailInternal-arrow"},"wdio_ui5_key":"applicationmanagepartners-display-component---NewPartner--partnerDetailInternal-arrow"}]}
RESULT: undefined
COMMAND: POST /session/3637353f0f0366f06ffc96bdd6dcca04/element - {"using":"xpath","value":"//*[@id=\"application-managepartners-display-component---NewPartner--partnerDetailInternal-arrow\"]"}
RESULT: {}
RESULT: {"using":"xpath","value":"//*[@id=\"application-managepartners-display-component---NewPartner--partnerDetailInternal-arrow\"]"}
COMMAND: POST /session/3637353f0f0366f06ffc96bdd6dcca04/element/f.FA5AA6ACA71DB73EA77ABAF269C4B101.d.D497745B9F9EF733BCD70FA0B9755BBB.e.6072/click - {}
RESULT: {}
COMMAND: POST /session/3637353f0f0366f06ffc96bdd6dcca04/execute/async - {"script":"<script> [1562 bytes]","args":[{"selector":{"controlType":"sap.m.StandardListItem","viewName":"etm.portal.ui.managepartners.view.NewPartner","viewId":"application-managepartners-display-component---NewPartner","properties":{"title":"External partner"},"searchOpenDialogs":true,"interaction":{"idSuffix":"content"}},"wdio_ui5_key":"etmportal.ui.managepartners.view.NewPartnersap.m.StandardListItem{\"title\":\"External partner\"}"}]}
COMMAND: GET /session/3637353f0f0366f06ffc96bdd6dcca04/screenshot - {}
RESULT: {"script":"<script> [1562 bytes]","args":[{"selector":{"controlType":"sap.m.StandardListItem","viewName":"etm.portal.ui.managepartners.view.NewPartner","viewId":"application-managepartners-display-component---NewPartner","properties":{"title":"External partner"},"searchOpenDialogs":true,"interaction":{"idSuffix":"content"}},"wdio_ui5_key":"etmportal.ui.managepartners.view.NewPartnersap.m.StandardListItem{\"title\":\"External partner\"}"}]}
RESULT: undefined
COMMAND: POST /session/3637353f0f0366f06ffc96bdd6dcca04/element - {"using":"xpath","value":"//*[@id=\"__item1250\"]"}
RESULT: {}
RESULT: {"using":"xpath","value":"//*[@id=\"__item1250\"]"}
COMMAND: POST /session/3637353f0f0366f06ffc96bdd6dcca04/element/f.FA5AA6ACA71DB73EA77ABAF269C4B101.d.D497745B9F9EF733BCD70FA0B9755BBB.e.6075/click - {}
RESULT: {}
COMMAND: POST /session/3637353f0f0366f06ffc96bdd6dcca04/execute/async - {"script":"<script> [1562 bytes]","args":[{"selector":{"id":"application-managepartners-display-component---NewPartner--partnerDetailsCurrency-arrow"},"wdio_ui5_key":"applicationmanagepartners-display-component---NewPartner--partnerDetailsCurrency-arrow"}]}
COMMAND: GET /session/3637353f0f0366f06ffc96bdd6dcca04/screenshot - {}
RESULT: {"script":"<script> [1562 bytes]","args":[{"selector":{"id":"application-managepartners-display-component---NewPartner--partnerDetailsCurrency-arrow"},"wdio_ui5_key":"applicationmanagepartners-display-component---NewPartner--partnerDetailsCurrency-arrow"}]}
RESULT: undefined
COMMAND: POST /session/3637353f0f0366f06ffc96bdd6dcca04/element - {"using":"xpath","value":"//*[@id=\"application-managepartners-display-component---NewPartner--partnerDetailsCurrency-arrow\"]"}
RESULT: {}
RESULT: {"using":"xpath","value":"//*[@id=\"application-managepartners-display-component---NewPartner--partnerDetailsCurrency-arrow\"]"}
COMMAND: POST /session/3637353f0f0366f06ffc96bdd6dcca04/element/f.FA5AA6ACA71DB73EA77ABAF269C4B101.d.D497745B9F9EF733BCD70FA0B9755BBB.e.6080/click - {}
RESULT: {}
COMMAND: POST /session/3637353f0f0366f06ffc96bdd6dcca04/execute/async - {"script":"<script> [1562 bytes]","args":[{"selector":{"controlType":"sap.m.StandardListItem","viewName":"etm.portal.ui.managepartners.view.NewPartner","viewId":"application-managepartners-display-component---NewPartner","properties":{"title":"Euro"},"searchOpenDialogs":true,"interaction":{"idSuffix":"content"}},"wdio_ui5_key":"etmportal.ui.managepartners.view.NewPartnersap.m.StandardListItem{\"title\":\"Euro\"}"}]}
COMMAND: GET /session/3637353f0f0366f06ffc96bdd6dcca04/screenshot - {}
RESULT: {"script":"<script> [1562 bytes]","args":[{"selector":{"controlType":"sap.m.StandardListItem","viewName":"etm.portal.ui.managepartners.view.NewPartner","viewId":"application-managepartners-display-component---NewPartner","properties":{"title":"Euro"},"searchOpenDialogs":true,"interaction":{"idSuffix":"content"}},"wdio_ui5_key":"etmportal.ui.managepartners.view.NewPartnersap.m.StandardListItem{\"title\":\"Euro\"}"}]}
RESULT: undefined
COMMAND: POST /session/3637353f0f0366f06ffc96bdd6dcca04/element - {"using":"xpath","value":"//*[@id=\"__item1252\"]"}
RESULT: {}
RESULT: {"using":"xpath","value":"//*[@id=\"__item1252\"]"}
COMMAND: POST /session/3637353f0f0366f06ffc96bdd6dcca04/element/f.FA5AA6ACA71DB73EA77ABAF269C4B101.d.D497745B9F9EF733BCD70FA0B9755BBB.e.6082/click - {}
RESULT: {}
COMMAND: POST /session/3637353f0f0366f06ffc96bdd6dcca04/execute/async - {"script":"<script> [1562 bytes]","args":[{"selector":{"controlType":"sap.m.Button","viewName":"etm.portal.ui.managepartners.view.NewPartner","viewId":"application-managepartners-display-component---NewPartner","properties":{"text":"Assignments"},"interaction":{"idSuffix":"BDI-content"}},"wdio_ui5_key":"etmportal.ui.managepartners.view.NewPartnersap.m.Button{\"text\":\"Assignments\"}"}]}
COMMAND: GET /session/3637353f0f0366f06ffc96bdd6dcca04/screenshot - {}
RESULT: {"script":"<script> [1562 bytes]","args":[{"selector":{"controlType":"sap.m.Button","viewName":"etm.portal.ui.managepartners.view.NewPartner","viewId":"application-managepartners-display-component---NewPartner","properties":{"text":"Assignments"},"interaction":{"idSuffix":"BDI-content"}},"wdio_ui5_key":"etmportal.ui.managepartners.view.NewPartnersap.m.Button{\"text\":\"Assignments\"}"}]}
RESULT: undefined
COMMAND: POST /session/3637353f0f0366f06ffc96bdd6dcca04/element - {"using":"xpath","value":"//*[@id=\"application-managepartners-display-component---NewPartner--ObjectPageLayout-anchBar-__section61-anchor\"]"}
RESULT: {}
RESULT: {"using":"xpath","value":"//*[@id=\"application-managepartners-display-component---NewPartner--ObjectPageLayout-anchBar-__section61-anchor\"]"}
COMMAND: POST /session/3637353f0f0366f06ffc96bdd6dcca04/element/f.FA5AA6ACA71DB73EA77ABAF269C4B101.d.D497745B9F9EF733BCD70FA0B9755BBB.e.6084/click - {}
RESULT: {}
COMMAND: POST /session/3637353f0f0366f06ffc96bdd6dcca04/execute/async - {"script":"<script> [1562 bytes]","args":[{"selector":{"id":"application-managepartners-display-component---NewPartner--btnAddTableRow","interaction":{"idSuffix":"inner"}},"wdio_ui5_key":"applicationmanagepartners-display-component---NewPartner--btnAddTableRow"}]}
COMMAND: GET /session/3637353f0f0366f06ffc96bdd6dcca04/screenshot - {}
RESULT: {"script":"<script> [1562 bytes]","args":[{"selector":{"id":"application-managepartners-display-component---NewPartner--btnAddTableRow","interaction":{"idSuffix":"inner"}},"wdio_ui5_key":"applicationmanagepartners-display-component---NewPartner--btnAddTableRow"}]}
RESULT: undefined
COMMAND: POST /session/3637353f0f0366f06ffc96bdd6dcca04/element - {"using":"xpath","value":"//*[@id=\"application-managepartners-display-component---NewPartner--btnAddTableRow\"]"}
RESULT: {}
RESULT: {"using":"xpath","value":"//*[@id=\"application-managepartners-display-component---NewPartner--btnAddTableRow\"]"}
COMMAND: POST /session/3637353f0f0366f06ffc96bdd6dcca04/element/f.FA5AA6ACA71DB73EA77ABAF269C4B101.d.D497745B9F9EF733BCD70FA0B9755BBB.e.6091/click - {}
RESULT: {}
COMMAND: POST /session/3637353f0f0366f06ffc96bdd6dcca04/element - {"using":"css selector","value":"#application-managepartners-display-component---NewPartner--assignmentYard-application-managepartners-display-component---NewPartner--assignmentsTable-0-inner"}
COMMAND: GET /session/3637353f0f0366f06ffc96bdd6dcca04/screenshot - {}
RESULT: {"using":"css selector","value":"#application-managepartners-display-component---NewPartner--assignmentYard-application-managepartners-display-component---NewPartner--assignmentsTable-0-inner"}
COMMAND: POST /session/3637353f0f0366f06ffc96bdd6dcca04/element/f.FA5AA6ACA71DB73EA77ABAF269C4B101.d.D497745B9F9EF733BCD70FA0B9755BBB.e.6093/clear - {}
RESULT: {}
RESULT: {}
COMMAND: POST /session/3637353f0f0366f06ffc96bdd6dcca04/element/f.FA5AA6ACA71DB73EA77ABAF269C4B101.d.D497745B9F9EF733BCD70FA0B9755BBB.e.6093/value - {"text":"497"}
COMMAND: GET /session/3637353f0f0366f06ffc96bdd6dcca04/screenshot - {}
RESULT: {"text":"497"}
COMMAND: POST /session/3637353f0f0366f06ffc96bdd6dcca04/execute/async - {"script":"<script> [1562 bytes]","args":[{"selector":{"id":"application-managepartners-display-component---NewPartner--assignmentYard-application-managepartners-display-component---NewPartner--assignmentsTable-0-arrow"},"wdio_ui5_key":"applicationmanagepartners-display-component---NewPartner--assignmentYard-application-managepartners-display-component---NewPartner--assignmentsTable-0-arrow"}]}
COMMAND: GET /session/3637353f0f0366f06ffc96bdd6dcca04/screenshot - {}
RESULT: {}
RESULT: {}
RESULT: {"script":"<script> [1562 bytes]","args":[{"selector":{"id":"application-managepartners-display-component---NewPartner--assignmentYard-application-managepartners-display-component---NewPartner--assignmentsTable-0-arrow"},"wdio_ui5_key":"applicationmanagepartners-display-component---NewPartner--assignmentYard-application-managepartners-display-component---NewPartner--assignmentsTable-0-arrow"}]}
RESULT: undefined
COMMAND: POST /session/3637353f0f0366f06ffc96bdd6dcca04/element - {"using":"xpath","value":"//*[@id=\"application-managepartners-display-component---NewPartner--assignmentYard-application-managepartners-display-component---NewPartner--assignmentsTable-0-arrow\"]"}
RESULT: {"using":"xpath","value":"//*[@id=\"application-managepartners-display-component---NewPartner--assignmentYard-application-managepartners-display-component---NewPartner--assignmentsTable-0-arrow\"]"}
COMMAND: POST /session/3637353f0f0366f06ffc96bdd6dcca04/element/f.FA5AA6ACA71DB73EA77ABAF269C4B101.d.D497745B9F9EF733BCD70FA0B9755BBB.e.6101/click - {}
RESULT: {}
COMMAND: GET /session/3637353f0f0366f06ffc96bdd6dcca04/screenshot - {}
RESULT: {}
COMMAND: POST /session/3637353f0f0366f06ffc96bdd6dcca04/execute/async - {"script":"<script> [1562 bytes]","args":[{"selector":{"controlType":"sap.m.Button","viewName":"etm.portal.ui.managepartners.view.NewPartner","viewId":"application-managepartners-display-component---NewPartner","i18NText":{"propertyName":"text","key":"save"},"interaction":{"idSuffix":"BDI-content"}},"wdio_ui5_key":"etmportal.ui.managepartners.view.NewPartnersap.m.Button{\"propertyName\":\"text\",\"key\":\"save\"}"}]}
RESULT: {"script":"<script> [1562 bytes]","args":[{"selector":{"controlType":"sap.m.Button","viewName":"etm.portal.ui.managepartners.view.NewPartner","viewId":"application-managepartners-display-component---NewPartner","i18NText":{"propertyName":"text","key":"save"},"interaction":{"idSuffix":"BDI-content"}},"wdio_ui5_key":"etmportal.ui.managepartners.view.NewPartnersap.m.Button{\"propertyName\":\"text\",\"key\":\"save\"}"}]}
RESULT: undefined
COMMAND: POST /session/3637353f0f0366f06ffc96bdd6dcca04/element - {"using":"xpath","value":"//*[@id=\"__button127\"]"}
RESULT: {"using":"xpath","value":"//*[@id=\"__button127\"]"}
COMMAND: POST /session/3637353f0f0366f06ffc96bdd6dcca04/element/f.FA5AA6ACA71DB73EA77ABAF269C4B101.d.D497745B9F9EF733BCD70FA0B9755BBB.e.6041/click - {}
RESULT: {}
COMMAND: GET /session/3637353f0f0366f06ffc96bdd6dcca04/screenshot - {}
RESULT: {}
COMMAND: POST /session/3637353f0f0366f06ffc96bdd6dcca04/execute/async - {"script":"<script> [1562 bytes]","args":[{"selector":{"controlType":"sap.m.Text","viewName":"etm.portal.ui.managepartners.view.Detail","viewId":"application-managepartners-display-component---detailPtm","bindingPath":{"propertyPath":"ID","modelName":"catalogModel"}},"wdio_ui5_key":"etmportal.ui.managepartners.view.Detailsap.m.Text{\"propertyPath\":\"ID\",\"modelName\":\"catalogModel\"}"}]}
RESULT: {"script":"<script> [1562 bytes]","args":[{"selector":{"controlType":"sap.m.Text","viewName":"etm.portal.ui.managepartners.view.Detail","viewId":"application-managepartners-display-component---detailPtm","bindingPath":{"propertyPath":"ID","modelName":"catalogModel"}},"wdio_ui5_key":"etmportal.ui.managepartners.view.Detailsap.m.Text{\"propertyPath\":\"ID\",\"modelName\":\"catalogModel\"}"}]}
RESULT: undefined
COMMAND: POST /session/3637353f0f0366f06ffc96bdd6dcca04/execute/async - {"script":"<script> [6424 bytes]","args":[{"element-6066-11e4-a52e-4f735466cecf":"f.FA5AA6ACA71DB73EA77ABAF269C4B101.d.D497745B9F9EF733BCD70FA0B9755BBB.e.6262"},"getText",[]]}
RESULT: {"script":"<script> [6424 bytes]","args":[{"element-6066-11e4-a52e-4f735466cecf":"f.FA5AA6ACA71DB73EA77ABAF269C4B101.d.D497745B9F9EF733BCD70FA0B9755BBB.e.6262"},"getText",[]]}
COMMAND: POST /session/3637353f0f0366f06ffc96bdd6dcca04/element - {"using":"css selector","value":"#shell-header-logo"}
RESULT: {"using":"css selector","value":"#shell-header-logo"}
COMMAND: POST /session/3637353f0f0366f06ffc96bdd6dcca04/element/f.FA5AA6ACA71DB73EA77ABAF269C4B101.d.D497745B9F9EF733BCD70FA0B9755BBB.e.5592/click - {}
RESULT: {}
COMMAND: GET /session/3637353f0f0366f06ffc96bdd6dcca04/screenshot - {}
]]></system-out>
    </testcase>
    <testcase classname="chrome.135_0_7049_96.windows.Provide_to_Site_w/_warehouse_management_w/_clarification_US115878" name="Should create a new WHM Material" time="95.637">
      <system-out><![CDATA[
COMMAND: POST /session/3637353f0f0366f06ffc96bdd6dcca04/execute/async - {"script":"<script> [1562 bytes]","args":[{"selector":{"controlType":"sap.m.GenericTile","properties":{"header":"Manage Resources"}},"wdio_ui5_key":"sapm.GenericTile{\"header\":\"Manage Resources\"}"}]}
RESULT: {"script":"<script> [1562 bytes]","args":[{"selector":{"controlType":"sap.m.GenericTile","properties":{"header":"Manage Resources"}},"wdio_ui5_key":"sapm.GenericTile{\"header\":\"Manage Resources\"}"}]}
RESULT: undefined
COMMAND: POST /session/3637353f0f0366f06ffc96bdd6dcca04/element - {"using":"xpath","value":"//*[@id=\"__tile50\"]"}
RESULT: {}
RESULT: {"using":"xpath","value":"//*[@id=\"__tile50\"]"}
COMMAND: POST /session/3637353f0f0366f06ffc96bdd6dcca04/element/f.FA5AA6ACA71DB73EA77ABAF269C4B101.d.D497745B9F9EF733BCD70FA0B9755BBB.e.4167/click - {}
RESULT: {}
COMMAND: POST /session/3637353f0f0366f06ffc96bdd6dcca04/execute/async - {"script":"<script> [1562 bytes]","args":[{"selector":{"controlType":"sap.m.OverflowToolbarButton","viewName":"etm.portal.ui.manageresources.view.Master","viewId":"application-manageresources-display-component---masterRU","bindingPath":{"path":"","propertyPath":"/isLogbook","modelName":"minimumStockRPGModel"},"interaction":{"idSuffix":"inner"}},"wdio_ui5_key":"etmportal.ui.manageresources.view.Mastersap.m.OverflowToolbarButton{\"path\":\"\",\"propertyPath\":\"/isLogbook\",\"modelName\":\"minimumStockRPGModel\"}"}]}
COMMAND: GET /session/3637353f0f0366f06ffc96bdd6dcca04/screenshot - {}
RESULT: {"script":"<script> [1562 bytes]","args":[{"selector":{"controlType":"sap.m.OverflowToolbarButton","viewName":"etm.portal.ui.manageresources.view.Master","viewId":"application-manageresources-display-component---masterRU","bindingPath":{"path":"","propertyPath":"/isLogbook","modelName":"minimumStockRPGModel"},"interaction":{"idSuffix":"inner"}},"wdio_ui5_key":"etmportal.ui.manageresources.view.Mastersap.m.OverflowToolbarButton{\"path\":\"\",\"propertyPath\":\"/isLogbook\",\"modelName\":\"minimumStockRPGModel\"}"}]}
RESULT: undefined
COMMAND: POST /session/3637353f0f0366f06ffc96bdd6dcca04/element - {"using":"xpath","value":"//*[@id=\"__button168\"]"}
RESULT: {}
RESULT: {"using":"xpath","value":"//*[@id=\"__button168\"]"}
COMMAND: POST /session/3637353f0f0366f06ffc96bdd6dcca04/element/f.FA5AA6ACA71DB73EA77ABAF269C4B101.d.D497745B9F9EF733BCD70FA0B9755BBB.e.6305/click - {}
RESULT: {}
COMMAND: GET /session/3637353f0f0366f06ffc96bdd6dcca04/screenshot - {}
COMMAND: POST /session/3637353f0f0366f06ffc96bdd6dcca04/execute/async - {"script":"<script> [1562 bytes]","args":[{"selector":{"id":"application-manageresources-display-component---newResourceUnit--TYPE-arrow"},"wdio_ui5_key":"applicationmanageresources-display-component---newResourceUnit--TYPE-arrow"}]}
RESULT: {}
RESULT: {"script":"<script> [1562 bytes]","args":[{"selector":{"id":"application-manageresources-display-component---newResourceUnit--TYPE-arrow"},"wdio_ui5_key":"applicationmanageresources-display-component---newResourceUnit--TYPE-arrow"}]}
RESULT: undefined
COMMAND: POST /session/3637353f0f0366f06ffc96bdd6dcca04/element - {"using":"xpath","value":"//*[@id=\"application-manageresources-display-component---newResourceUnit--TYPE-arrow\"]"}
RESULT: {"using":"xpath","value":"//*[@id=\"application-manageresources-display-component---newResourceUnit--TYPE-arrow\"]"}
COMMAND: POST /session/3637353f0f0366f06ffc96bdd6dcca04/element/f.FA5AA6ACA71DB73EA77ABAF269C4B101.d.D497745B9F9EF733BCD70FA0B9755BBB.e.6618/click - {}
RESULT: {}
COMMAND: POST /session/3637353f0f0366f06ffc96bdd6dcca04/execute/async - {"script":"<script> [1562 bytes]","args":[{"selector":{"controlType":"sap.m.StandardListItem","viewName":"reusables.view.manageresources.NewResourceUnit","viewId":"application-manageresources-display-component---newResourceUnit","properties":{"title":"Material"},"searchOpenDialogs":true,"interaction":{"idSuffix":"content"}},"wdio_ui5_key":"reusablesview.manageresources.NewResourceUnitsap.m.StandardListItem{\"title\":\"Material\"}"}]}
COMMAND: GET /session/3637353f0f0366f06ffc96bdd6dcca04/screenshot - {}
RESULT: {"script":"<script> [1562 bytes]","args":[{"selector":{"controlType":"sap.m.StandardListItem","viewName":"reusables.view.manageresources.NewResourceUnit","viewId":"application-manageresources-display-component---newResourceUnit","properties":{"title":"Material"},"searchOpenDialogs":true,"interaction":{"idSuffix":"content"}},"wdio_ui5_key":"reusablesview.manageresources.NewResourceUnitsap.m.StandardListItem{\"title\":\"Material\"}"}]}
RESULT: undefined
COMMAND: POST /session/3637353f0f0366f06ffc96bdd6dcca04/element - {"using":"xpath","value":"//*[@id=\"__item1525\"]"}
RESULT: {}
RESULT: {"using":"xpath","value":"//*[@id=\"__item1525\"]"}
COMMAND: POST /session/3637353f0f0366f06ffc96bdd6dcca04/element/f.FA5AA6ACA71DB73EA77ABAF269C4B101.d.D497745B9F9EF733BCD70FA0B9755BBB.e.6621/click - {}
RESULT: {}
COMMAND: POST /session/3637353f0f0366f06ffc96bdd6dcca04/execute/async - {"script":"<script> [1562 bytes]","args":[{"selector":{"id":"application-manageresources-display-component---newResourceUnit--resourceId","interaction":{"idSuffix":"inner"}},"wdio_ui5_key":"applicationmanageresources-display-component---newResourceUnit--resourceId"}]}
COMMAND: GET /session/3637353f0f0366f06ffc96bdd6dcca04/screenshot - {}
RESULT: {"script":"<script> [1562 bytes]","args":[{"selector":{"id":"application-manageresources-display-component---newResourceUnit--resourceId","interaction":{"idSuffix":"inner"}},"wdio_ui5_key":"applicationmanageresources-display-component---newResourceUnit--resourceId"}]}
RESULT: undefined
COMMAND: POST /session/3637353f0f0366f06ffc96bdd6dcca04/execute/async - {"script":"<script> [1562 bytes]","args":[{"selector":{"id":"application-manageresources-display-component---newResourceUnit--SHORT_TEXT","interaction":{"idSuffix":"inner"}},"wdio_ui5_key":"applicationmanageresources-display-component---newResourceUnit--SHORT_TEXT"}]}
RESULT: {}
RESULT: {"script":"<script> [1562 bytes]","args":[{"selector":{"id":"application-manageresources-display-component---newResourceUnit--SHORT_TEXT","interaction":{"idSuffix":"inner"}},"wdio_ui5_key":"applicationmanageresources-display-component---newResourceUnit--SHORT_TEXT"}]}
RESULT: undefined
COMMAND: POST /session/3637353f0f0366f06ffc96bdd6dcca04/execute/async - {"script":"<script> [776 bytes]","args":[{"enterText":"material WHM","selector":{"id":"application-manageresources-display-component---newResourceUnit--SHORT_TEXT","interaction":{"idSuffix":"inner"}},"clearTextFirst":true,"interactionType":"ENTER_TEXT"}]}
RESULT: {"script":"<script> [776 bytes]","args":[{"enterText":"material WHM","selector":{"id":"application-manageresources-display-component---newResourceUnit--SHORT_TEXT","interaction":{"idSuffix":"inner"}},"clearTextFirst":true,"interactionType":"ENTER_TEXT"}]}
COMMAND: POST /session/3637353f0f0366f06ffc96bdd6dcca04/execute/async - {"script":"<script> [1562 bytes]","args":[{"selector":{"id":"application-manageresources-display-component---newResourceUnit--BASE_UNIT_OF_MEASURE","interaction":{"idSuffix":"inner"}},"wdio_ui5_key":"applicationmanageresources-display-component---newResourceUnit--BASE_UNIT_OF_MEASURE"}]}
RESULT: {"script":"<script> [1562 bytes]","args":[{"selector":{"id":"application-manageresources-display-component---newResourceUnit--BASE_UNIT_OF_MEASURE","interaction":{"idSuffix":"inner"}},"wdio_ui5_key":"applicationmanageresources-display-component---newResourceUnit--BASE_UNIT_OF_MEASURE"}]}
RESULT: undefined
COMMAND: POST /session/3637353f0f0366f06ffc96bdd6dcca04/execute/async - {"script":"<script> [776 bytes]","args":[{"enterText":"Piece","selector":{"id":"application-manageresources-display-component---newResourceUnit--BASE_UNIT_OF_MEASURE","interaction":{"idSuffix":"inner"}},"clearTextFirst":true,"interactionType":"ENTER_TEXT"}]}
RESULT: {"script":"<script> [776 bytes]","args":[{"enterText":"Piece","selector":{"id":"application-manageresources-display-component---newResourceUnit--BASE_UNIT_OF_MEASURE","interaction":{"idSuffix":"inner"}},"clearTextFirst":true,"interactionType":"ENTER_TEXT"}]}
COMMAND: POST /session/3637353f0f0366f06ffc96bdd6dcca04/execute/async - {"script":"<script> [1562 bytes]","args":[{"selector":{"id":"application-manageresources-display-component---newResourceUnit--WEIGHT_UNIT","interaction":{"idSuffix":"inner"}},"wdio_ui5_key":"applicationmanageresources-display-component---newResourceUnit--WEIGHT_UNIT"}]}
RESULT: {"script":"<script> [1562 bytes]","args":[{"selector":{"id":"application-manageresources-display-component---newResourceUnit--WEIGHT_UNIT","interaction":{"idSuffix":"inner"}},"wdio_ui5_key":"applicationmanageresources-display-component---newResourceUnit--WEIGHT_UNIT"}]}
RESULT: undefined
COMMAND: POST /session/3637353f0f0366f06ffc96bdd6dcca04/execute/async - {"script":"<script> [776 bytes]","args":[{"enterText":"Gram","selector":{"id":"application-manageresources-display-component---newResourceUnit--WEIGHT_UNIT","interaction":{"idSuffix":"inner"}},"clearTextFirst":true,"interactionType":"ENTER_TEXT"}]}
RESULT: {"script":"<script> [776 bytes]","args":[{"enterText":"Gram","selector":{"id":"application-manageresources-display-component---newResourceUnit--WEIGHT_UNIT","interaction":{"idSuffix":"inner"}},"clearTextFirst":true,"interactionType":"ENTER_TEXT"}]}
COMMAND: POST /session/3637353f0f0366f06ffc96bdd6dcca04/execute/async - {"script":"<script> [1562 bytes]","args":[{"selector":{"id":"application-manageresources-display-component---newResourceUnit--DIMENSION_UNIT","interaction":{"idSuffix":"inner"}},"wdio_ui5_key":"applicationmanageresources-display-component---newResourceUnit--DIMENSION_UNIT"}]}
RESULT: {"script":"<script> [1562 bytes]","args":[{"selector":{"id":"application-manageresources-display-component---newResourceUnit--DIMENSION_UNIT","interaction":{"idSuffix":"inner"}},"wdio_ui5_key":"applicationmanageresources-display-component---newResourceUnit--DIMENSION_UNIT"}]}
RESULT: undefined
COMMAND: POST /session/3637353f0f0366f06ffc96bdd6dcca04/execute/async - {"script":"<script> [776 bytes]","args":[{"enterText":"Meter","selector":{"id":"application-manageresources-display-component---newResourceUnit--DIMENSION_UNIT","interaction":{"idSuffix":"inner"}},"clearTextFirst":true,"interactionType":"ENTER_TEXT"}]}
RESULT: {"script":"<script> [776 bytes]","args":[{"enterText":"Meter","selector":{"id":"application-manageresources-display-component---newResourceUnit--DIMENSION_UNIT","interaction":{"idSuffix":"inner"}},"clearTextFirst":true,"interactionType":"ENTER_TEXT"}]}
COMMAND: POST /session/3637353f0f0366f06ffc96bdd6dcca04/execute/async - {"script":"<script> [1562 bytes]","args":[{"selector":{"id":"application-manageresources-display-component---newResourceUnit--newRRUPage-anchBar-application-manageresources-display-component---newResourceUnit--control-anchor","interaction":{"idSuffix":"content"}},"wdio_ui5_key":"applicationmanageresources-display-component---newResourceUnit--newRRUPage-anchBar-application-manageresources-display-component---newResourceUnit--control-anchor"}]}
RESULT: {"script":"<script> [1562 bytes]","args":[{"selector":{"id":"application-manageresources-display-component---newResourceUnit--newRRUPage-anchBar-application-manageresources-display-component---newResourceUnit--control-anchor","interaction":{"idSuffix":"content"}},"wdio_ui5_key":"applicationmanageresources-display-component---newResourceUnit--newRRUPage-anchBar-application-manageresources-display-component---newResourceUnit--control-anchor"}]}
RESULT: undefined
COMMAND: POST /session/3637353f0f0366f06ffc96bdd6dcca04/element - {"using":"xpath","value":"//*[@id=\"application-manageresources-display-component---newResourceUnit--newRRUPage-anchBar-application-manageresources-display-component---newResourceUnit--control-anchor\"]"}
RESULT: {"using":"xpath","value":"//*[@id=\"application-manageresources-display-component---newResourceUnit--newRRUPage-anchBar-application-manageresources-display-component---newResourceUnit--control-anchor\"]"}
COMMAND: POST /session/3637353f0f0366f06ffc96bdd6dcca04/element/f.FA5AA6ACA71DB73EA77ABAF269C4B101.d.D497745B9F9EF733BCD70FA0B9755BBB.e.6685/click - {}
RESULT: {}
COMMAND: POST /session/3637353f0f0366f06ffc96bdd6dcca04/execute/async - {"script":"<script> [1562 bytes]","args":[{"selector":{"id":"application-manageresources-display-component---newResourceUnit--PLANNING_GROUP","interaction":{"idSuffix":"inner"}},"wdio_ui5_key":"applicationmanageresources-display-component---newResourceUnit--PLANNING_GROUP"}]}
COMMAND: GET /session/3637353f0f0366f06ffc96bdd6dcca04/screenshot - {}
RESULT: {"script":"<script> [1562 bytes]","args":[{"selector":{"id":"application-manageresources-display-component---newResourceUnit--PLANNING_GROUP","interaction":{"idSuffix":"inner"}},"wdio_ui5_key":"applicationmanageresources-display-component---newResourceUnit--PLANNING_GROUP"}]}
RESULT: undefined
COMMAND: POST /session/3637353f0f0366f06ffc96bdd6dcca04/execute/async - {"script":"<script> [776 bytes]","args":[{"enterText":"Heavy Equi","selector":{"id":"application-manageresources-display-component---newResourceUnit--PLANNING_GROUP","interaction":{"idSuffix":"inner"}},"clearTextFirst":true,"interactionType":"ENTER_TEXT"}]}
RESULT: {}
RESULT: {"script":"<script> [776 bytes]","args":[{"enterText":"Heavy Equi","selector":{"id":"application-manageresources-display-component---newResourceUnit--PLANNING_GROUP","interaction":{"idSuffix":"inner"}},"clearTextFirst":true,"interactionType":"ENTER_TEXT"}]}
COMMAND: POST /session/3637353f0f0366f06ffc96bdd6dcca04/execute/async - {"script":"<script> [1562 bytes]","args":[{"selector":{"id":"application-manageresources-display-component---newResourceUnit--PLANNING_INDICATOR","interaction":{"idSuffix":"inner"}},"wdio_ui5_key":"applicationmanageresources-display-component---newResourceUnit--PLANNING_INDICATOR"}]}
RESULT: {"script":"<script> [1562 bytes]","args":[{"selector":{"id":"application-manageresources-display-component---newResourceUnit--PLANNING_INDICATOR","interaction":{"idSuffix":"inner"}},"wdio_ui5_key":"applicationmanageresources-display-component---newResourceUnit--PLANNING_INDICATOR"}]}
RESULT: undefined
COMMAND: POST /session/3637353f0f0366f06ffc96bdd6dcca04/execute/async - {"script":"<script> [776 bytes]","args":[{"enterText":"10 - infinite","selector":{"id":"application-manageresources-display-component---newResourceUnit--PLANNING_INDICATOR","interaction":{"idSuffix":"inner"}},"clearTextFirst":true,"interactionType":"ENTER_TEXT"}]}
RESULT: {"script":"<script> [776 bytes]","args":[{"enterText":"10 - infinite","selector":{"id":"application-manageresources-display-component---newResourceUnit--PLANNING_INDICATOR","interaction":{"idSuffix":"inner"}},"clearTextFirst":true,"interactionType":"ENTER_TEXT"}]}
COMMAND: POST /session/3637353f0f0366f06ffc96bdd6dcca04/actions - {"actions":[{"id":"action21","type":"key","parameters":{},"actions":[{"type":"keyDown","value":"î€‡"},{"type":"pause","duration":10},{"type":"keyUp","value":"î€‡"}]}]}
RESULT: {"actions":[{"id":"action21","type":"key","parameters":{},"actions":[{"type":"keyDown","value":"î€‡"},{"type":"pause","duration":10},{"type":"keyUp","value":"î€‡"}]}]}
COMMAND: POST /session/3637353f0f0366f06ffc96bdd6dcca04/execute/async - {"script":"<script> [1562 bytes]","args":[{"selector":{"id":"application-manageresources-display-component---newResourceUnit--ITEM_TYPE-arrow"},"wdio_ui5_key":"applicationmanageresources-display-component---newResourceUnit--ITEM_TYPE-arrow"}]}
COMMAND: GET /session/3637353f0f0366f06ffc96bdd6dcca04/screenshot - {}
RESULT: {"script":"<script> [1562 bytes]","args":[{"selector":{"id":"application-manageresources-display-component---newResourceUnit--ITEM_TYPE-arrow"},"wdio_ui5_key":"applicationmanageresources-display-component---newResourceUnit--ITEM_TYPE-arrow"}]}
RESULT: undefined
COMMAND: POST /session/3637353f0f0366f06ffc96bdd6dcca04/element - {"using":"xpath","value":"//*[@id=\"application-manageresources-display-component---newResourceUnit--ITEM_TYPE-arrow\"]"}
RESULT: {}
RESULT: {"using":"xpath","value":"//*[@id=\"application-manageresources-display-component---newResourceUnit--ITEM_TYPE-arrow\"]"}
COMMAND: POST /session/3637353f0f0366f06ffc96bdd6dcca04/element/f.FA5AA6ACA71DB73EA77ABAF269C4B101.d.D497745B9F9EF733BCD70FA0B9755BBB.e.6695/click - {}
RESULT: {}
COMMAND: POST /session/3637353f0f0366f06ffc96bdd6dcca04/execute/async - {"script":"<script> [1562 bytes]","args":[{"selector":{"controlType":"sap.m.StandardListItem","viewName":"reusables.view.manageresources.NewResourceUnit","viewId":"application-manageresources-display-component---newResourceUnit","properties":{"title":"Resource Unit"},"searchOpenDialogs":true,"interaction":{"idSuffix":"titleText"}},"wdio_ui5_key":"reusablesview.manageresources.NewResourceUnitsap.m.StandardListItem{\"title\":\"Resource Unit\"}"}]}
COMMAND: GET /session/3637353f0f0366f06ffc96bdd6dcca04/screenshot - {}
RESULT: {"script":"<script> [1562 bytes]","args":[{"selector":{"controlType":"sap.m.StandardListItem","viewName":"reusables.view.manageresources.NewResourceUnit","viewId":"application-manageresources-display-component---newResourceUnit","properties":{"title":"Resource Unit"},"searchOpenDialogs":true,"interaction":{"idSuffix":"titleText"}},"wdio_ui5_key":"reusablesview.manageresources.NewResourceUnitsap.m.StandardListItem{\"title\":\"Resource Unit\"}"}]}
RESULT: undefined
RESULT: {}
COMMAND: POST /session/3637353f0f0366f06ffc96bdd6dcca04/execute/async - {"script":"<script> [1562 bytes]","args":[{"selector":{"controlType":"sap.m.Label","viewName":"reusables.view.manageresources.NewResourceUnit","viewId":"application-manageresources-display-component---newResourceUnit","i18NText":{"propertyName":"text","key":"planningGroup"},"interaction":{"idSuffix":"bdi"}},"wdio_ui5_key":"reusablesview.manageresources.NewResourceUnitsap.m.Label{\"propertyName\":\"text\",\"key\":\"planningGroup\"}"}]}
RESULT: {"script":"<script> [1562 bytes]","args":[{"selector":{"controlType":"sap.m.Label","viewName":"reusables.view.manageresources.NewResourceUnit","viewId":"application-manageresources-display-component---newResourceUnit","i18NText":{"propertyName":"text","key":"planningGroup"},"interaction":{"idSuffix":"bdi"}},"wdio_ui5_key":"reusablesview.manageresources.NewResourceUnitsap.m.Label{\"propertyName\":\"text\",\"key\":\"planningGroup\"}"}]}
RESULT: undefined
COMMAND: POST /session/3637353f0f0366f06ffc96bdd6dcca04/element - {"using":"xpath","value":"//*[@id=\"__label263\"]"}
RESULT: {"using":"xpath","value":"//*[@id=\"__label263\"]"}
COMMAND: POST /session/3637353f0f0366f06ffc96bdd6dcca04/element/f.FA5AA6ACA71DB73EA77ABAF269C4B101.d.D497745B9F9EF733BCD70FA0B9755BBB.e.6697/click - {}
RESULT: {}
COMMAND: GET /session/3637353f0f0366f06ffc96bdd6dcca04/screenshot - {}
RESULT: {}
COMMAND: POST /session/3637353f0f0366f06ffc96bdd6dcca04/actions - {"actions":[{"type":"key","id":"keyboard","actions":[{"type":"keyDown","value":"î›"}]}]}
RESULT: {"actions":[{"type":"key","id":"keyboard","actions":[{"type":"keyDown","value":"î›"}]}]}
COMMAND: GET /session/3637353f0f0366f06ffc96bdd6dcca04/screenshot - {}
RESULT: {}
COMMAND: POST /session/3637353f0f0366f06ffc96bdd6dcca04/actions - {"actions":[{"type":"key","id":"keyboard","actions":[{"type":"keyDown","value":"î›"}]}]}
RESULT: {"actions":[{"type":"key","id":"keyboard","actions":[{"type":"keyDown","value":"î›"}]}]}
COMMAND: GET /session/3637353f0f0366f06ffc96bdd6dcca04/screenshot - {}
RESULT: {}
COMMAND: POST /session/3637353f0f0366f06ffc96bdd6dcca04/actions - {"actions":[{"type":"key","id":"keyboard","actions":[{"type":"keyDown","value":"î›"}]}]}
RESULT: {"actions":[{"type":"key","id":"keyboard","actions":[{"type":"keyDown","value":"î›"}]}]}
COMMAND: GET /session/3637353f0f0366f06ffc96bdd6dcca04/screenshot - {}
RESULT: {}
COMMAND: POST /session/3637353f0f0366f06ffc96bdd6dcca04/actions - {"actions":[{"type":"key","id":"keyboard","actions":[{"type":"keyDown","value":"î›"}]}]}
RESULT: {"actions":[{"type":"key","id":"keyboard","actions":[{"type":"keyDown","value":"î›"}]}]}
COMMAND: GET /session/3637353f0f0366f06ffc96bdd6dcca04/screenshot - {}
RESULT: {}
COMMAND: POST /session/3637353f0f0366f06ffc96bdd6dcca04/actions - {"actions":[{"type":"key","id":"keyboard","actions":[{"type":"keyDown","value":"î›"}]}]}
RESULT: {"actions":[{"type":"key","id":"keyboard","actions":[{"type":"keyDown","value":"î›"}]}]}
COMMAND: GET /session/3637353f0f0366f06ffc96bdd6dcca04/screenshot - {}
RESULT: {}
COMMAND: POST /session/3637353f0f0366f06ffc96bdd6dcca04/actions - {"actions":[{"type":"key","id":"keyboard","actions":[{"type":"keyDown","value":"î›"}]}]}
RESULT: {"actions":[{"type":"key","id":"keyboard","actions":[{"type":"keyDown","value":"î›"}]}]}
COMMAND: GET /session/3637353f0f0366f06ffc96bdd6dcca04/screenshot - {}
RESULT: {}
COMMAND: POST /session/3637353f0f0366f06ffc96bdd6dcca04/execute/async - {"script":"<script> [1562 bytes]","args":[{"selector":{"id":"application-manageresources-display-component---newResourceUnit--btnAddTimeSegment-img"},"wdio_ui5_key":"applicationmanageresources-display-component---newResourceUnit--btnAddTimeSegment-img"}]}
RESULT: {"script":"<script> [1562 bytes]","args":[{"selector":{"id":"application-manageresources-display-component---newResourceUnit--btnAddTimeSegment-img"},"wdio_ui5_key":"applicationmanageresources-display-component---newResourceUnit--btnAddTimeSegment-img"}]}
RESULT: undefined
COMMAND: POST /session/3637353f0f0366f06ffc96bdd6dcca04/element - {"using":"xpath","value":"//*[@id=\"application-manageresources-display-component---newResourceUnit--btnAddTimeSegment-img\"]"}
RESULT: {"using":"xpath","value":"//*[@id=\"application-manageresources-display-component---newResourceUnit--btnAddTimeSegment-img\"]"}
COMMAND: POST /session/3637353f0f0366f06ffc96bdd6dcca04/element/f.FA5AA6ACA71DB73EA77ABAF269C4B101.d.D497745B9F9EF733BCD70FA0B9755BBB.e.6698/click - {}
RESULT: {}
COMMAND: POST /session/3637353f0f0366f06ffc96bdd6dcca04/element - {"using":"xpath","value":"//input[@id=\"application-manageresources-display-component---newResourceUnit--idRuTSAdmin-application-manageresources-display-component---newResourceUnit--RUTimeSegment-0-inner\"]"}
COMMAND: GET /session/3637353f0f0366f06ffc96bdd6dcca04/screenshot - {}
RESULT: {"using":"xpath","value":"//input[@id=\"application-manageresources-display-component---newResourceUnit--idRuTSAdmin-application-manageresources-display-component---newResourceUnit--RUTimeSegment-0-inner\"]"}
COMMAND: POST /session/3637353f0f0366f06ffc96bdd6dcca04/element/f.FA5AA6ACA71DB73EA77ABAF269C4B101.d.D497745B9F9EF733BCD70FA0B9755BBB.e.6701/clear - {}
RESULT: {}
RESULT: {}
COMMAND: POST /session/3637353f0f0366f06ffc96bdd6dcca04/element/f.FA5AA6ACA71DB73EA77ABAF269C4B101.d.D497745B9F9EF733BCD70FA0B9755BBB.e.6701/value - {"text":"497"}
COMMAND: GET /session/3637353f0f0366f06ffc96bdd6dcca04/screenshot - {}
RESULT: {"text":"497"}
COMMAND: GET /session/3637353f0f0366f06ffc96bdd6dcca04/screenshot - {}
COMMAND: POST /session/3637353f0f0366f06ffc96bdd6dcca04/actions - {"actions":[{"id":"action22","type":"key","parameters":{},"actions":[{"type":"keyDown","value":"î€‡"},{"type":"pause","duration":10},{"type":"keyUp","value":"î€‡"}]}]}
RESULT: {}
RESULT: {}
RESULT: {"actions":[{"id":"action22","type":"key","parameters":{},"actions":[{"type":"keyDown","value":"î€‡"},{"type":"pause","duration":10},{"type":"keyUp","value":"î€‡"}]}]}
COMMAND: GET /session/3637353f0f0366f06ffc96bdd6dcca04/screenshot - {}
RESULT: {}
COMMAND: POST /session/3637353f0f0366f06ffc96bdd6dcca04/execute/async - {"script":"<script> [1562 bytes]","args":[{"selector":{"controlType":"sap.m.Button","viewName":"reusables.view.manageresources.NewResourceUnit","viewId":"application-manageresources-display-component---newResourceUnit","i18NText":{"propertyName":"tooltip","key":"save"},"interaction":{"idSuffix":"BDI-content"}},"wdio_ui5_key":"reusablesview.manageresources.NewResourceUnitsap.m.Button{\"propertyName\":\"tooltip\",\"key\":\"save\"}"}]}
RESULT: {"script":"<script> [1562 bytes]","args":[{"selector":{"controlType":"sap.m.Button","viewName":"reusables.view.manageresources.NewResourceUnit","viewId":"application-manageresources-display-component---newResourceUnit","i18NText":{"propertyName":"tooltip","key":"save"},"interaction":{"idSuffix":"BDI-content"}},"wdio_ui5_key":"reusablesview.manageresources.NewResourceUnitsap.m.Button{\"propertyName\":\"tooltip\",\"key\":\"save\"}"}]}
RESULT: undefined
COMMAND: POST /session/3637353f0f0366f06ffc96bdd6dcca04/element - {"using":"xpath","value":"//*[@id=\"application-manageresources-display-component---newResourceUnit--createRuButton\"]"}
RESULT: {"using":"xpath","value":"//*[@id=\"application-manageresources-display-component---newResourceUnit--createRuButton\"]"}
COMMAND: POST /session/3637353f0f0366f06ffc96bdd6dcca04/element/f.FA5AA6ACA71DB73EA77ABAF269C4B101.d.D497745B9F9EF733BCD70FA0B9755BBB.e.6634/click - {}
RESULT: {}
COMMAND: POST /session/3637353f0f0366f06ffc96bdd6dcca04/execute/async - {"script":"<script> [1562 bytes]","args":[{"selector":{"controlType":"sap.m.Button","properties":{"text":"Close"},"searchOpenDialogs":true,"interaction":{"idSuffix":"BDI-content"}},"wdio_ui5_key":"sapm.Button{\"text\":\"Close\"}"}]}
COMMAND: GET /session/3637353f0f0366f06ffc96bdd6dcca04/screenshot - {}
RESULT: {"script":"<script> [1562 bytes]","args":[{"selector":{"controlType":"sap.m.Button","properties":{"text":"Close"},"searchOpenDialogs":true,"interaction":{"idSuffix":"BDI-content"}},"wdio_ui5_key":"sapm.Button{\"text\":\"Close\"}"}]}
RESULT: undefined
COMMAND: POST /session/3637353f0f0366f06ffc96bdd6dcca04/element - {"using":"xpath","value":"//*[@id=\"__mbox-btn-0\"]"}
RESULT: {}
RESULT: {"using":"xpath","value":"//*[@id=\"__mbox-btn-0\"]"}
COMMAND: POST /session/3637353f0f0366f06ffc96bdd6dcca04/element/f.FA5AA6ACA71DB73EA77ABAF269C4B101.d.D497745B9F9EF733BCD70FA0B9755BBB.e.6715/click - {}
RESULT: {}
COMMAND: GET /session/3637353f0f0366f06ffc96bdd6dcca04/screenshot - {}
RESULT: {}
COMMAND: POST /session/3637353f0f0366f06ffc96bdd6dcca04/execute/async - {"script":"<script> [1562 bytes]","args":[{"selector":{"controlType":"sap.m.Text","viewName":"etm.portal.ui.manageresources.view.Detail","viewId":"application-manageresources-display-component---detailRU","bindingPath":{"propertyPath":"ID","modelName":"catalogModel"}},"wdio_ui5_key":"etmportal.ui.manageresources.view.Detailsap.m.Text{\"propertyPath\":\"ID\",\"modelName\":\"catalogModel\"}"}]}
RESULT: {"script":"<script> [1562 bytes]","args":[{"selector":{"controlType":"sap.m.Text","viewName":"etm.portal.ui.manageresources.view.Detail","viewId":"application-manageresources-display-component---detailRU","bindingPath":{"propertyPath":"ID","modelName":"catalogModel"}},"wdio_ui5_key":"etmportal.ui.manageresources.view.Detailsap.m.Text{\"propertyPath\":\"ID\",\"modelName\":\"catalogModel\"}"}]}
RESULT: undefined
COMMAND: POST /session/3637353f0f0366f06ffc96bdd6dcca04/execute/async - {"script":"<script> [6424 bytes]","args":[{"element-6066-11e4-a52e-4f735466cecf":"f.FA5AA6ACA71DB73EA77ABAF269C4B101.d.D497745B9F9EF733BCD70FA0B9755BBB.e.6749"},"getText",[]]}
RESULT: {"script":"<script> [6424 bytes]","args":[{"element-6066-11e4-a52e-4f735466cecf":"f.FA5AA6ACA71DB73EA77ABAF269C4B101.d.D497745B9F9EF733BCD70FA0B9755BBB.e.6749"},"getText",[]]}
COMMAND: POST /session/3637353f0f0366f06ffc96bdd6dcca04/element - {"using":"css selector","value":"#shell-header-logo"}
RESULT: {"using":"css selector","value":"#shell-header-logo"}
COMMAND: POST /session/3637353f0f0366f06ffc96bdd6dcca04/element/f.FA5AA6ACA71DB73EA77ABAF269C4B101.d.D497745B9F9EF733BCD70FA0B9755BBB.e.6265/click - {}
RESULT: {}
COMMAND: GET /session/3637353f0f0366f06ffc96bdd6dcca04/screenshot - {}
RESULT: {}
]]></system-out>
    </testcase>
    <testcase classname="chrome.135_0_7049_96.windows.Provide_to_Site_w/_warehouse_management_w/_clarification_US115878" name="Bin Status Report Should Create New Organization yard" time="48.531">
      <system-out><![CDATA[
COMMAND: POST /session/3637353f0f0366f06ffc96bdd6dcca04/execute/async - {"script":"<script> [1562 bytes]","args":[{"selector":{"controlType":"sap.m.GenericTile","properties":{"header":"Bin Status Report"}},"wdio_ui5_key":"sapm.GenericTile{\"header\":\"Bin Status Report\"}"}]}
RESULT: {"script":"<script> [1562 bytes]","args":[{"selector":{"controlType":"sap.m.GenericTile","properties":{"header":"Bin Status Report"}},"wdio_ui5_key":"sapm.GenericTile{\"header\":\"Bin Status Report\"}"}]}
RESULT: undefined
COMMAND: POST /session/3637353f0f0366f06ffc96bdd6dcca04/element - {"using":"xpath","value":"//*[@id=\"__tile108\"]"}
RESULT: {"using":"xpath","value":"//*[@id=\"__tile108\"]"}
COMMAND: POST /session/3637353f0f0366f06ffc96bdd6dcca04/element/f.FA5AA6ACA71DB73EA77ABAF269C4B101.d.D497745B9F9EF733BCD70FA0B9755BBB.e.6753/click - {}
RESULT: {}
COMMAND: GET /session/3637353f0f0366f06ffc96bdd6dcca04/screenshot - {}
RESULT: {}
COMMAND: POST /session/3637353f0f0366f06ffc96bdd6dcca04/execute/async - {"script":"<script> [1562 bytes]","args":[{"selector":{"id":"application-binstatusreport-display-component---warehousing--createOrgBtn","interaction":{"idSuffix":"content"}},"wdio_ui5_key":"applicationbinstatusreport-display-component---warehousing--createOrgBtn"}]}
RESULT: {"script":"<script> [1562 bytes]","args":[{"selector":{"id":"application-binstatusreport-display-component---warehousing--createOrgBtn","interaction":{"idSuffix":"content"}},"wdio_ui5_key":"applicationbinstatusreport-display-component---warehousing--createOrgBtn"}]}
RESULT: undefined
COMMAND: POST /session/3637353f0f0366f06ffc96bdd6dcca04/element - {"using":"xpath","value":"//*[@id=\"application-binstatusreport-display-component---warehousing--createOrgBtn\"]"}
RESULT: {"using":"xpath","value":"//*[@id=\"application-binstatusreport-display-component---warehousing--createOrgBtn\"]"}
COMMAND: POST /session/3637353f0f0366f06ffc96bdd6dcca04/element/f.FA5AA6ACA71DB73EA77ABAF269C4B101.d.D497745B9F9EF733BCD70FA0B9755BBB.e.6790/click - {}
RESULT: {}
COMMAND: POST /session/3637353f0f0366f06ffc96bdd6dcca04/execute/async - {"script":"<script> [1562 bytes]","args":[{"selector":{"id":"createOrganizationPop--sectionInput","searchOpenDialogs":true,"interaction":{"idSuffix":"inner"}},"wdio_ui5_key":"createOrganizationPopsectionInput"}]}
COMMAND: GET /session/3637353f0f0366f06ffc96bdd6dcca04/screenshot - {}
RESULT: {"script":"<script> [1562 bytes]","args":[{"selector":{"id":"createOrganizationPop--sectionInput","searchOpenDialogs":true,"interaction":{"idSuffix":"inner"}},"wdio_ui5_key":"createOrganizationPopsectionInput"}]}
RESULT: undefined
COMMAND: POST /session/3637353f0f0366f06ffc96bdd6dcca04/execute/async - {"script":"<script> [776 bytes]","args":[{"enterText":"WDI497","selector":{"id":"createOrganizationPop--sectionInput","searchOpenDialogs":true,"interaction":{"idSuffix":"inner"}},"clearTextFirst":true,"interactionType":"ENTER_TEXT"}]}
RESULT: {}
RESULT: {"script":"<script> [776 bytes]","args":[{"enterText":"WDI497","selector":{"id":"createOrganizationPop--sectionInput","searchOpenDialogs":true,"interaction":{"idSuffix":"inner"}},"clearTextFirst":true,"interactionType":"ENTER_TEXT"}]}
COMMAND: POST /session/3637353f0f0366f06ffc96bdd6dcca04/execute/async - {"script":"<script> [1562 bytes]","args":[{"selector":{"id":"createOrganizationPop--descriptionInput","searchOpenDialogs":true,"interaction":{"idSuffix":"inner"}},"wdio_ui5_key":"createOrganizationPopdescriptionInput"}]}
RESULT: {"script":"<script> [1562 bytes]","args":[{"selector":{"id":"createOrganizationPop--descriptionInput","searchOpenDialogs":true,"interaction":{"idSuffix":"inner"}},"wdio_ui5_key":"createOrganizationPopdescriptionInput"}]}
RESULT: undefined
COMMAND: POST /session/3637353f0f0366f06ffc96bdd6dcca04/execute/async - {"script":"<script> [776 bytes]","args":[{"enterText":"Shipping497","selector":{"id":"createOrganizationPop--descriptionInput","searchOpenDialogs":true,"interaction":{"idSuffix":"inner"}},"clearTextFirst":true,"interactionType":"ENTER_TEXT"}]}
RESULT: {"script":"<script> [776 bytes]","args":[{"enterText":"Shipping497","selector":{"id":"createOrganizationPop--descriptionInput","searchOpenDialogs":true,"interaction":{"idSuffix":"inner"}},"clearTextFirst":true,"interactionType":"ENTER_TEXT"}]}
COMMAND: POST /session/3637353f0f0366f06ffc96bdd6dcca04/element - {"using":"css selector","value":"#createOrganizationPop--yardOrg-inner"}
RESULT: {"using":"css selector","value":"#createOrganizationPop--yardOrg-inner"}
COMMAND: POST /session/3637353f0f0366f06ffc96bdd6dcca04/element/f.FA5AA6ACA71DB73EA77ABAF269C4B101.d.D497745B9F9EF733BCD70FA0B9755BBB.e.6842/clear - {}
RESULT: {}
COMMAND: POST /session/3637353f0f0366f06ffc96bdd6dcca04/element/f.FA5AA6ACA71DB73EA77ABAF269C4B101.d.D497745B9F9EF733BCD70FA0B9755BBB.e.6842/value - {"text":"497"}
COMMAND: GET /session/3637353f0f0366f06ffc96bdd6dcca04/screenshot - {}
RESULT: {"text":"497"}
COMMAND: GET /session/3637353f0f0366f06ffc96bdd6dcca04/screenshot - {}
RESULT: {}
RESULT: {}
COMMAND: POST /session/3637353f0f0366f06ffc96bdd6dcca04/actions - {"actions":[{"id":"action23","type":"key","parameters":{},"actions":[{"type":"keyDown","value":"î€‡"},{"type":"pause","duration":10},{"type":"keyUp","value":"î€‡"}]}]}
RESULT: {"actions":[{"id":"action23","type":"key","parameters":{},"actions":[{"type":"keyDown","value":"î€‡"},{"type":"pause","duration":10},{"type":"keyUp","value":"î€‡"}]}]}
COMMAND: POST /session/3637353f0f0366f06ffc96bdd6dcca04/execute/async - {"script":"<script> [1562 bytes]","args":[{"selector":{"id":"createOrganizationPop--grZone","searchOpenDialogs":true,"interaction":{"idSuffix":"CbBg"}},"wdio_ui5_key":"createOrganizationPopgrZone"}]}
COMMAND: GET /session/3637353f0f0366f06ffc96bdd6dcca04/screenshot - {}
RESULT: {"script":"<script> [1562 bytes]","args":[{"selector":{"id":"createOrganizationPop--grZone","searchOpenDialogs":true,"interaction":{"idSuffix":"CbBg"}},"wdio_ui5_key":"createOrganizationPopgrZone"}]}
RESULT: undefined
COMMAND: POST /session/3637353f0f0366f06ffc96bdd6dcca04/element - {"using":"xpath","value":"//*[@id=\"createOrganizationPop--grZone\"]"}
RESULT: {}
RESULT: {"using":"xpath","value":"//*[@id=\"createOrganizationPop--grZone\"]"}
COMMAND: POST /session/3637353f0f0366f06ffc96bdd6dcca04/element/f.FA5AA6ACA71DB73EA77ABAF269C4B101.d.D497745B9F9EF733BCD70FA0B9755BBB.e.6862/click - {}
RESULT: {}
COMMAND: POST /session/3637353f0f0366f06ffc96bdd6dcca04/execute/async - {"script":"<script> [1562 bytes]","args":[{"selector":{"id":"createOrganizationPop--giZone","searchOpenDialogs":true,"interaction":{"idSuffix":"CbBg"}},"wdio_ui5_key":"createOrganizationPopgiZone"}]}
COMMAND: GET /session/3637353f0f0366f06ffc96bdd6dcca04/screenshot - {}
RESULT: {"script":"<script> [1562 bytes]","args":[{"selector":{"id":"createOrganizationPop--giZone","searchOpenDialogs":true,"interaction":{"idSuffix":"CbBg"}},"wdio_ui5_key":"createOrganizationPopgiZone"}]}
RESULT: undefined
COMMAND: POST /session/3637353f0f0366f06ffc96bdd6dcca04/element - {"using":"xpath","value":"//*[@id=\"createOrganizationPop--giZone\"]"}
RESULT: {}
RESULT: {"using":"xpath","value":"//*[@id=\"createOrganizationPop--giZone\"]"}
COMMAND: POST /session/3637353f0f0366f06ffc96bdd6dcca04/element/f.FA5AA6ACA71DB73EA77ABAF269C4B101.d.D497745B9F9EF733BCD70FA0B9755BBB.e.6864/click - {}
RESULT: {}
COMMAND: POST /session/3637353f0f0366f06ffc96bdd6dcca04/execute/async - {"script":"<script> [1562 bytes]","args":[{"selector":{"id":"createOrganizationPop--binNoInput","searchOpenDialogs":true,"interaction":{"idSuffix":"inner"}},"wdio_ui5_key":"createOrganizationPopbinNoInput"}]}
COMMAND: GET /session/3637353f0f0366f06ffc96bdd6dcca04/screenshot - {}
RESULT: {"script":"<script> [1562 bytes]","args":[{"selector":{"id":"createOrganizationPop--binNoInput","searchOpenDialogs":true,"interaction":{"idSuffix":"inner"}},"wdio_ui5_key":"createOrganizationPopbinNoInput"}]}
RESULT: undefined
COMMAND: POST /session/3637353f0f0366f06ffc96bdd6dcca04/execute/async - {"script":"<script> [776 bytes]","args":[{"enterText":"Bin-Wd","selector":{"id":"createOrganizationPop--binNoInput","searchOpenDialogs":true,"interaction":{"idSuffix":"inner"}},"clearTextFirst":true,"interactionType":"ENTER_TEXT"}]}
RESULT: {}
RESULT: {"script":"<script> [776 bytes]","args":[{"enterText":"Bin-Wd","selector":{"id":"createOrganizationPop--binNoInput","searchOpenDialogs":true,"interaction":{"idSuffix":"inner"}},"clearTextFirst":true,"interactionType":"ENTER_TEXT"}]}
COMMAND: POST /session/3637353f0f0366f06ffc96bdd6dcca04/execute/async - {"script":"<script> [1562 bytes]","args":[{"selector":{"id":"createOrganizationPop--descriptionId","searchOpenDialogs":true,"interaction":{"idSuffix":"inner"}},"wdio_ui5_key":"createOrganizationPopdescriptionId"}]}
RESULT: {"script":"<script> [1562 bytes]","args":[{"selector":{"id":"createOrganizationPop--descriptionId","searchOpenDialogs":true,"interaction":{"idSuffix":"inner"}},"wdio_ui5_key":"createOrganizationPopdescriptionId"}]}
RESULT: undefined
COMMAND: POST /session/3637353f0f0366f06ffc96bdd6dcca04/execute/async - {"script":"<script> [776 bytes]","args":[{"enterText":"Shipping-Wd","selector":{"id":"createOrganizationPop--descriptionId","searchOpenDialogs":true,"interaction":{"idSuffix":"inner"}},"clearTextFirst":true,"interactionType":"ENTER_TEXT"}]}
RESULT: {"script":"<script> [776 bytes]","args":[{"enterText":"Shipping-Wd","selector":{"id":"createOrganizationPop--descriptionId","searchOpenDialogs":true,"interaction":{"idSuffix":"inner"}},"clearTextFirst":true,"interactionType":"ENTER_TEXT"}]}
COMMAND: POST /session/3637353f0f0366f06ffc96bdd6dcca04/execute/async - {"script":"<script> [1562 bytes]","args":[{"selector":{"controlType":"sap.m.CheckBox","viewName":"etm.portal.ui.binstatusreport.view.MasterWareBins","viewId":"application-binstatusreport-display-component---warehousing","bindingPath":{"path":"","propertyPath":"/ZONE","modelName":"newBin"},"searchOpenDialogs":true,"interaction":{"idSuffix":"CbBg"}},"wdio_ui5_key":"etmportal.ui.binstatusreport.view.MasterWareBinssap.m.CheckBox{\"path\":\"\",\"propertyPath\":\"/ZONE\",\"modelName\":\"newBin\"}"}]}
RESULT: {"script":"<script> [1562 bytes]","args":[{"selector":{"controlType":"sap.m.CheckBox","viewName":"etm.portal.ui.binstatusreport.view.MasterWareBins","viewId":"application-binstatusreport-display-component---warehousing","bindingPath":{"path":"","propertyPath":"/ZONE","modelName":"newBin"},"searchOpenDialogs":true,"interaction":{"idSuffix":"CbBg"}},"wdio_ui5_key":"etmportal.ui.binstatusreport.view.MasterWareBinssap.m.CheckBox{\"path\":\"\",\"propertyPath\":\"/ZONE\",\"modelName\":\"newBin\"}"}]}
RESULT: undefined
COMMAND: POST /session/3637353f0f0366f06ffc96bdd6dcca04/element - {"using":"xpath","value":"//*[@id=\"__box55\"]"}
RESULT: {"using":"xpath","value":"//*[@id=\"__box55\"]"}
COMMAND: POST /session/3637353f0f0366f06ffc96bdd6dcca04/element/f.FA5AA6ACA71DB73EA77ABAF269C4B101.d.D497745B9F9EF733BCD70FA0B9755BBB.e.6868/click - {}
RESULT: {}
COMMAND: POST /session/3637353f0f0366f06ffc96bdd6dcca04/execute/async - {"script":"<script> [1562 bytes]","args":[{"selector":{"id":"createOrganizationPop--binTypesCB","searchOpenDialogs":true,"interaction":{"idSuffix":"inner"}},"wdio_ui5_key":"createOrganizationPopbinTypesCB"}]}
COMMAND: GET /session/3637353f0f0366f06ffc96bdd6dcca04/screenshot - {}
RESULT: {"script":"<script> [1562 bytes]","args":[{"selector":{"id":"createOrganizationPop--binTypesCB","searchOpenDialogs":true,"interaction":{"idSuffix":"inner"}},"wdio_ui5_key":"createOrganizationPopbinTypesCB"}]}
RESULT: undefined
COMMAND: POST /session/3637353f0f0366f06ffc96bdd6dcca04/execute/async - {"script":"<script> [776 bytes]","args":[{"enterText":"1 - General / No capacity check","selector":{"id":"createOrganizationPop--binTypesCB","searchOpenDialogs":true,"interaction":{"idSuffix":"inner"}},"clearTextFirst":true,"interactionType":"ENTER_TEXT"}]}
RESULT: {}
RESULT: {"script":"<script> [776 bytes]","args":[{"enterText":"1 - General / No capacity check","selector":{"id":"createOrganizationPop--binTypesCB","searchOpenDialogs":true,"interaction":{"idSuffix":"inner"}},"clearTextFirst":true,"interactionType":"ENTER_TEXT"}]}
COMMAND: POST /session/3637353f0f0366f06ffc96bdd6dcca04/actions - {"actions":[{"id":"action24","type":"key","parameters":{},"actions":[{"type":"keyDown","value":"î€‡"},{"type":"pause","duration":10},{"type":"keyUp","value":"î€‡"}]}]}
RESULT: {"actions":[{"id":"action24","type":"key","parameters":{},"actions":[{"type":"keyDown","value":"î€‡"},{"type":"pause","duration":10},{"type":"keyUp","value":"î€‡"}]}]}
COMMAND: GET /session/3637353f0f0366f06ffc96bdd6dcca04/screenshot - {}
RESULT: {}
COMMAND: POST /session/3637353f0f0366f06ffc96bdd6dcca04/execute/async - {"script":"<script> [1562 bytes]","args":[{"selector":{"id":"createOrganizationPop--finishBtn","searchOpenDialogs":true,"interaction":{"idSuffix":"BDI-content"}},"wdio_ui5_key":"createOrganizationPopfinishBtn"}]}
RESULT: {"script":"<script> [1562 bytes]","args":[{"selector":{"id":"createOrganizationPop--finishBtn","searchOpenDialogs":true,"interaction":{"idSuffix":"BDI-content"}},"wdio_ui5_key":"createOrganizationPopfinishBtn"}]}
RESULT: undefined
COMMAND: POST /session/3637353f0f0366f06ffc96bdd6dcca04/element - {"using":"xpath","value":"//*[@id=\"createOrganizationPop--finishBtn\"]"}
RESULT: {"using":"xpath","value":"//*[@id=\"createOrganizationPop--finishBtn\"]"}
COMMAND: POST /session/3637353f0f0366f06ffc96bdd6dcca04/element/f.FA5AA6ACA71DB73EA77ABAF269C4B101.d.D497745B9F9EF733BCD70FA0B9755BBB.e.6876/click - {}
RESULT: {}
COMMAND: GET /session/3637353f0f0366f06ffc96bdd6dcca04/screenshot - {}
]]></system-out>
    </testcase>
    <testcase classname="chrome.135_0_7049_96.windows.Provide_to_Site_w/_warehouse_management_w/_clarification_US115878" name="Bin Status Report Should Create New Organization for Site" time="43.102">
      <system-out><![CDATA[
RESULT: {}
RESULT: undefined
COMMAND: POST /session/3637353f0f0366f06ffc96bdd6dcca04/element - {"using":"xpath","value":"//*[@id=\"application-binstatusreport-display-component---warehousing--createOrgBtn\"]"}
RESULT: {"using":"xpath","value":"//*[@id=\"application-binstatusreport-display-component---warehousing--createOrgBtn\"]"}
COMMAND: POST /session/3637353f0f0366f06ffc96bdd6dcca04/element/f.FA5AA6ACA71DB73EA77ABAF269C4B101.d.D497745B9F9EF733BCD70FA0B9755BBB.e.6790/click - {}
RESULT: {}
RESULT: undefined
COMMAND: POST /session/3637353f0f0366f06ffc96bdd6dcca04/execute/async - {"script":"<script> [776 bytes]","args":[{"enterText":"2332","selector":{"id":"createOrganizationPop--sectionInput","searchOpenDialogs":true,"interaction":{"idSuffix":"inner"}},"clearTextFirst":true,"interactionType":"ENTER_TEXT"}]}
COMMAND: GET /session/3637353f0f0366f06ffc96bdd6dcca04/screenshot - {}
RESULT: {"script":"<script> [776 bytes]","args":[{"enterText":"2332","selector":{"id":"createOrganizationPop--sectionInput","searchOpenDialogs":true,"interaction":{"idSuffix":"inner"}},"clearTextFirst":true,"interactionType":"ENTER_TEXT"}]}
RESULT: undefined
COMMAND: POST /session/3637353f0f0366f06ffc96bdd6dcca04/execute/async - {"script":"<script> [776 bytes]","args":[{"enterText":"WDI2332","selector":{"id":"createOrganizationPop--descriptionInput","searchOpenDialogs":true,"interaction":{"idSuffix":"inner"}},"clearTextFirst":true,"interactionType":"ENTER_TEXT"}]}
RESULT: {}
RESULT: {"script":"<script> [776 bytes]","args":[{"enterText":"WDI2332","selector":{"id":"createOrganizationPop--descriptionInput","searchOpenDialogs":true,"interaction":{"idSuffix":"inner"}},"clearTextFirst":true,"interactionType":"ENTER_TEXT"}]}
COMMAND: POST /session/3637353f0f0366f06ffc96bdd6dcca04/element - {"using":"css selector","value":"#createOrganizationPop--siteOrg-inner"}
RESULT: {"using":"css selector","value":"#createOrganizationPop--siteOrg-inner"}
COMMAND: POST /session/3637353f0f0366f06ffc96bdd6dcca04/element/f.FA5AA6ACA71DB73EA77ABAF269C4B101.d.D497745B9F9EF733BCD70FA0B9755BBB.e.6882/clear - {}
RESULT: {}
COMMAND: POST /session/3637353f0f0366f06ffc96bdd6dcca04/element/f.FA5AA6ACA71DB73EA77ABAF269C4B101.d.D497745B9F9EF733BCD70FA0B9755BBB.e.6882/value - {"text":"2332"}
COMMAND: GET /session/3637353f0f0366f06ffc96bdd6dcca04/screenshot - {}
RESULT: {"text":"2332"}
COMMAND: GET /session/3637353f0f0366f06ffc96bdd6dcca04/screenshot - {}
RESULT: {}
RESULT: {}
COMMAND: POST /session/3637353f0f0366f06ffc96bdd6dcca04/actions - {"actions":[{"id":"action25","type":"key","parameters":{},"actions":[{"type":"keyDown","value":"î€‡"},{"type":"pause","duration":10},{"type":"keyUp","value":"î€‡"}]}]}
RESULT: {"actions":[{"id":"action25","type":"key","parameters":{},"actions":[{"type":"keyDown","value":"î€‡"},{"type":"pause","duration":10},{"type":"keyUp","value":"î€‡"}]}]}
RESULT: undefined
COMMAND: POST /session/3637353f0f0366f06ffc96bdd6dcca04/element - {"using":"xpath","value":"//*[@id=\"createOrganizationPop--giZone\"]"}
COMMAND: GET /session/3637353f0f0366f06ffc96bdd6dcca04/screenshot - {}
RESULT: {"using":"xpath","value":"//*[@id=\"createOrganizationPop--giZone\"]"}
COMMAND: POST /session/3637353f0f0366f06ffc96bdd6dcca04/element/f.FA5AA6ACA71DB73EA77ABAF269C4B101.d.D497745B9F9EF733BCD70FA0B9755BBB.e.6900/click - {}
RESULT: {}
RESULT: {}
RESULT: undefined
COMMAND: POST /session/3637353f0f0366f06ffc96bdd6dcca04/execute/async - {"script":"<script> [776 bytes]","args":[{"enterText":"WD-BIN","selector":{"id":"createOrganizationPop--binNoInput","searchOpenDialogs":true,"interaction":{"idSuffix":"inner"}},"clearTextFirst":true,"interactionType":"ENTER_TEXT"}]}
COMMAND: GET /session/3637353f0f0366f06ffc96bdd6dcca04/screenshot - {}
RESULT: {}
RESULT: {"script":"<script> [776 bytes]","args":[{"enterText":"WD-BIN","selector":{"id":"createOrganizationPop--binNoInput","searchOpenDialogs":true,"interaction":{"idSuffix":"inner"}},"clearTextFirst":true,"interactionType":"ENTER_TEXT"}]}
RESULT: undefined
COMMAND: POST /session/3637353f0f0366f06ffc96bdd6dcca04/execute/async - {"script":"<script> [776 bytes]","args":[{"enterText":"WD-BIN","selector":{"id":"createOrganizationPop--descriptionId","searchOpenDialogs":true,"interaction":{"idSuffix":"inner"}},"clearTextFirst":true,"interactionType":"ENTER_TEXT"}]}
RESULT: {"script":"<script> [776 bytes]","args":[{"enterText":"WD-BIN","selector":{"id":"createOrganizationPop--descriptionId","searchOpenDialogs":true,"interaction":{"idSuffix":"inner"}},"clearTextFirst":true,"interactionType":"ENTER_TEXT"}]}
COMMAND: POST /session/3637353f0f0366f06ffc96bdd6dcca04/execute/async - {"script":"<script> [1562 bytes]","args":[{"selector":{"controlType":"sap.m.CheckBox","viewName":"etm.portal.ui.binstatusreport.view.MasterWareBins","viewId":"application-binstatusreport-display-component---warehousing","bindingPath":{"propertyPath":"/ZONE","modelName":"newBin"},"searchOpenDialogs":true,"interaction":{"idSuffix":"CbBg"}},"wdio_ui5_key":"etmportal.ui.binstatusreport.view.MasterWareBinssap.m.CheckBox{\"propertyPath\":\"/ZONE\",\"modelName\":\"newBin\"}"}]}
RESULT: {"script":"<script> [1562 bytes]","args":[{"selector":{"controlType":"sap.m.CheckBox","viewName":"etm.portal.ui.binstatusreport.view.MasterWareBins","viewId":"application-binstatusreport-display-component---warehousing","bindingPath":{"propertyPath":"/ZONE","modelName":"newBin"},"searchOpenDialogs":true,"interaction":{"idSuffix":"CbBg"}},"wdio_ui5_key":"etmportal.ui.binstatusreport.view.MasterWareBinssap.m.CheckBox{\"propertyPath\":\"/ZONE\",\"modelName\":\"newBin\"}"}]}
RESULT: undefined
COMMAND: POST /session/3637353f0f0366f06ffc96bdd6dcca04/element - {"using":"xpath","value":"//*[@id=\"__box58\"]"}
RESULT: {"using":"xpath","value":"//*[@id=\"__box58\"]"}
COMMAND: POST /session/3637353f0f0366f06ffc96bdd6dcca04/element/f.FA5AA6ACA71DB73EA77ABAF269C4B101.d.D497745B9F9EF733BCD70FA0B9755BBB.e.6902/click - {}
RESULT: {}
COMMAND: GET /session/3637353f0f0366f06ffc96bdd6dcca04/screenshot - {}
RESULT: {}
RESULT: undefined
COMMAND: POST /session/3637353f0f0366f06ffc96bdd6dcca04/execute/async - {"script":"<script> [776 bytes]","args":[{"enterText":"1 - General / No capacity check","selector":{"id":"createOrganizationPop--binTypesCB","searchOpenDialogs":true,"interaction":{"idSuffix":"inner"}},"clearTextFirst":true,"interactionType":"ENTER_TEXT"}]}
RESULT: {"script":"<script> [776 bytes]","args":[{"enterText":"1 - General / No capacity check","selector":{"id":"createOrganizationPop--binTypesCB","searchOpenDialogs":true,"interaction":{"idSuffix":"inner"}},"clearTextFirst":true,"interactionType":"ENTER_TEXT"}]}
COMMAND: POST /session/3637353f0f0366f06ffc96bdd6dcca04/execute/async - {"script":"<script> [1562 bytes]","args":[{"selector":{"id":"createOrganizationPop--capacityId","searchOpenDialogs":true,"interaction":{"idSuffix":"inner"}},"wdio_ui5_key":"createOrganizationPopcapacityId"}]}
RESULT: {"script":"<script> [1562 bytes]","args":[{"selector":{"id":"createOrganizationPop--capacityId","searchOpenDialogs":true,"interaction":{"idSuffix":"inner"}},"wdio_ui5_key":"createOrganizationPopcapacityId"}]}
RESULT: undefined
COMMAND: POST /session/3637353f0f0366f06ffc96bdd6dcca04/actions - {"actions":[{"id":"action26","type":"key","parameters":{},"actions":[{"type":"keyDown","value":"î€‡"},{"type":"pause","duration":10},{"type":"keyUp","value":"î€‡"}]}]}
RESULT: {"actions":[{"id":"action26","type":"key","parameters":{},"actions":[{"type":"keyDown","value":"î€‡"},{"type":"pause","duration":10},{"type":"keyUp","value":"î€‡"}]}]}
COMMAND: GET /session/3637353f0f0366f06ffc96bdd6dcca04/screenshot - {}
RESULT: {}
RESULT: undefined
COMMAND: POST /session/3637353f0f0366f06ffc96bdd6dcca04/element - {"using":"xpath","value":"//*[@id=\"createOrganizationPop--finishBtn\"]"}
RESULT: {"using":"xpath","value":"//*[@id=\"createOrganizationPop--finishBtn\"]"}
COMMAND: POST /session/3637353f0f0366f06ffc96bdd6dcca04/element/f.FA5AA6ACA71DB73EA77ABAF269C4B101.d.D497745B9F9EF733BCD70FA0B9755BBB.e.6903/click - {}
RESULT: {}
COMMAND: POST /session/3637353f0f0366f06ffc96bdd6dcca04/element - {"using":"css selector","value":"#shell-header-logo"}
COMMAND: GET /session/3637353f0f0366f06ffc96bdd6dcca04/screenshot - {}
RESULT: {"using":"css selector","value":"#shell-header-logo"}
COMMAND: POST /session/3637353f0f0366f06ffc96bdd6dcca04/element/f.FA5AA6ACA71DB73EA77ABAF269C4B101.d.D497745B9F9EF733BCD70FA0B9755BBB.e.6759/click - {}
RESULT: {}
RESULT: {}
]]></system-out>
    </testcase>
  </testsuite>
  <testsuite timestamp="2025-05-02T06:01:41" time="545.548" tests="6" failures="2" errors="2" skipped="0">
    <properties>
      <property name="specId" value="0" />
      <property name="suiteName" value="Provide to Site w/ warehouse management w clarification" />
      <property name="capabilities" value="chrome.135_0_7049_96.windows" />
      <property name="file" value="file:///D:/a/1/s/test/specs/HTR/provide-to-site-w-warehouse-w-clarification.spec.js" />
    </properties>
    <testcase classname="chrome.135_0_7049_96.windows.Provide_to_Site_w/_warehouse_management_w_clarification" name="Should do a stock increase handover" time="79.554">
      <system-out><![CDATA[
COMMAND: POST /session/3637353f0f0366f06ffc96bdd6dcca04/execute/async - {"script":"<script> [1562 bytes]","args":[{"selector":{"controlType":"sap.m.GenericTile","properties":{"header":"Manage Handovers"}},"wdio_ui5_key":"sapm.GenericTile{\"header\":\"Manage Handovers\"}"}]}
COMMAND: GET /session/3637353f0f0366f06ffc96bdd6dcca04/screenshot - {}
RESULT: {"script":"<script> [1562 bytes]","args":[{"selector":{"controlType":"sap.m.GenericTile","properties":{"header":"Manage Handovers"}},"wdio_ui5_key":"sapm.GenericTile{\"header\":\"Manage Handovers\"}"}]}
RESULT: undefined
COMMAND: POST /session/3637353f0f0366f06ffc96bdd6dcca04/element - {"using":"xpath","value":"//*[@id=\"__tile131\"]"}
RESULT: {}
RESULT: {"using":"xpath","value":"//*[@id=\"__tile131\"]"}
COMMAND: POST /session/3637353f0f0366f06ffc96bdd6dcca04/element/f.FA5AA6ACA71DB73EA77ABAF269C4B101.d.D497745B9F9EF733BCD70FA0B9755BBB.e.4186/click - {}
RESULT: {}
COMMAND: GET /session/3637353f0f0366f06ffc96bdd6dcca04/screenshot - {}
COMMAND: POST /session/3637353f0f0366f06ffc96bdd6dcca04/element - {"using":"xpath","value":"//button[(@data-kt = 'masterHOAddButton')]"}
RESULT: {}
RESULT: {"using":"xpath","value":"//button[(@data-kt = 'masterHOAddButton')]"}
COMMAND: POST /session/3637353f0f0366f06ffc96bdd6dcca04/elements - {"using":"xpath","value":"//button[(@data-kt = 'masterHOAddButton')]"}
RESULT: {"using":"xpath","value":"//button[(@data-kt = 'masterHOAddButton')]"}
COMMAND: POST /session/3637353f0f0366f06ffc96bdd6dcca04/elements - {"using":"xpath","value":"//button[(@data-kt = 'masterHOAddButton')]"}
RESULT: {"using":"xpath","value":"//button[(@data-kt = 'masterHOAddButton')]"}
COMMAND: POST /session/3637353f0f0366f06ffc96bdd6dcca04/element - {"using":"xpath","value":"//button[(@data-kt = 'masterHOAddButton')]"}
RESULT: {"using":"xpath","value":"//button[(@data-kt = 'masterHOAddButton')]"}
COMMAND: POST /session/3637353f0f0366f06ffc96bdd6dcca04/element/f.FA5AA6ACA71DB73EA77ABAF269C4B101.d.D497745B9F9EF733BCD70FA0B9755BBB.e.6944/click - {}
RESULT: {}
COMMAND: POST /session/3637353f0f0366f06ffc96bdd6dcca04/element - {"using":"css selector","value":"span[id=\"application-managehandovers-display-component---AddNewHO--typeSelect-label\"]"}
COMMAND: GET /session/3637353f0f0366f06ffc96bdd6dcca04/screenshot - {}
RESULT: {"using":"css selector","value":"span[id=\"application-managehandovers-display-component---AddNewHO--typeSelect-label\"]"}
COMMAND: POST /session/3637353f0f0366f06ffc96bdd6dcca04/element/f.FA5AA6ACA71DB73EA77ABAF269C4B101.d.D497745B9F9EF733BCD70FA0B9755BBB.e.7244/click - {}
RESULT: {}
RESULT: {}
COMMAND: POST /session/3637353f0f0366f06ffc96bdd6dcca04/element - {"using":"css selector","value":"#application-managehandovers-display-component---AddNewHO--oneStep-CB"}
COMMAND: GET /session/3637353f0f0366f06ffc96bdd6dcca04/screenshot - {}
RESULT: {"using":"css selector","value":"#application-managehandovers-display-component---AddNewHO--oneStep-CB"}
COMMAND: GET /session/3637353f0f0366f06ffc96bdd6dcca04/element/f.FA5AA6ACA71DB73EA77ABAF269C4B101.d.D497745B9F9EF733BCD70FA0B9755BBB.e.7182/selected - {}
RESULT: {}
RESULT: {}
COMMAND: POST /session/3637353f0f0366f06ffc96bdd6dcca04/element - {"using":"xpath","value":"//li[contains(text(), \"stock increase yard\")]"}
COMMAND: GET /session/3637353f0f0366f06ffc96bdd6dcca04/screenshot - {}
RESULT: {"using":"xpath","value":"//li[contains(text(), \"stock increase yard\")]"}
COMMAND: POST /session/3637353f0f0366f06ffc96bdd6dcca04/element/f.FA5AA6ACA71DB73EA77ABAF269C4B101.d.D497745B9F9EF733BCD70FA0B9755BBB.e.7245/click - {}
RESULT: {}
RESULT: {}
COMMAND: GET /session/3637353f0f0366f06ffc96bdd6dcca04/screenshot - {}
RESULT: {}
COMMAND: POST /session/3637353f0f0366f06ffc96bdd6dcca04/element - {"using":"css selector","value":"input[id=\"generalSectionFrg--receiveYard-inner\"]"}
RESULT: {"using":"css selector","value":"input[id=\"generalSectionFrg--receiveYard-inner\"]"}
COMMAND: POST /session/3637353f0f0366f06ffc96bdd6dcca04/element/f.FA5AA6ACA71DB73EA77ABAF269C4B101.d.D497745B9F9EF733BCD70FA0B9755BBB.e.7255/clear - {}
RESULT: {}
COMMAND: POST /session/3637353f0f0366f06ffc96bdd6dcca04/element/f.FA5AA6ACA71DB73EA77ABAF269C4B101.d.D497745B9F9EF733BCD70FA0B9755BBB.e.7255/value - {"text":"497"}
COMMAND: GET /session/3637353f0f0366f06ffc96bdd6dcca04/screenshot - {}
RESULT: {"text":"497"}
COMMAND: GET /session/3637353f0f0366f06ffc96bdd6dcca04/screenshot - {}
RESULT: {}
RESULT: {}
COMMAND: POST /session/3637353f0f0366f06ffc96bdd6dcca04/element - {"using":"css selector","value":"#application-managehandovers-display-component---AddNewHO--dueDate-inner"}
RESULT: {"using":"css selector","value":"#application-managehandovers-display-component---AddNewHO--dueDate-inner"}
COMMAND: POST /session/3637353f0f0366f06ffc96bdd6dcca04/element/f.FA5AA6ACA71DB73EA77ABAF269C4B101.d.D497745B9F9EF733BCD70FA0B9755BBB.e.7249/clear - {}
RESULT: {}
COMMAND: POST /session/3637353f0f0366f06ffc96bdd6dcca04/element/f.FA5AA6ACA71DB73EA77ABAF269C4B101.d.D497745B9F9EF733BCD70FA0B9755BBB.e.7249/value - {"text":"5/2/25"}
COMMAND: GET /session/3637353f0f0366f06ffc96bdd6dcca04/screenshot - {}
RESULT: {"text":"5/2/25"}
COMMAND: GET /session/3637353f0f0366f06ffc96bdd6dcca04/screenshot - {}
RESULT: {}
RESULT: {}
COMMAND: POST /session/3637353f0f0366f06ffc96bdd6dcca04/element - {"using":"xpath","value":"//bdi[(text() = 'Items' or . = 'Items')]"}
RESULT: {"using":"xpath","value":"//bdi[(text() = 'Items' or . = 'Items')]"}
COMMAND: POST /session/3637353f0f0366f06ffc96bdd6dcca04/element/f.FA5AA6ACA71DB73EA77ABAF269C4B101.d.D497745B9F9EF733BCD70FA0B9755BBB.e.7270/click - {}
RESULT: {}
COMMAND: GET /session/3637353f0f0366f06ffc96bdd6dcca04/screenshot - {}
RESULT: {}
COMMAND: POST /session/3637353f0f0366f06ffc96bdd6dcca04/element - {"using":"xpath","value":"//button[@aria-label=\"Add\"]"}
RESULT: {"using":"xpath","value":"//button[@aria-label=\"Add\"]"}
COMMAND: POST /session/3637353f0f0366f06ffc96bdd6dcca04/element/f.FA5AA6ACA71DB73EA77ABAF269C4B101.d.D497745B9F9EF733BCD70FA0B9755BBB.e.7275/click - {}
RESULT: {}
COMMAND: GET /session/3637353f0f0366f06ffc96bdd6dcca04/screenshot - {}
RESULT: {}
COMMAND: POST /session/3637353f0f0366f06ffc96bdd6dcca04/element - {"using":"css selector","value":"input[id= \"application-managehandovers-display-component---AddNewHO--smartFilterBar-btnBasicSearch-I\"]"}
RESULT: {"using":"css selector","value":"input[id= \"application-managehandovers-display-component---AddNewHO--smartFilterBar-btnBasicSearch-I\"]"}
COMMAND: POST /session/3637353f0f0366f06ffc96bdd6dcca04/element/f.FA5AA6ACA71DB73EA77ABAF269C4B101.d.D497745B9F9EF733BCD70FA0B9755BBB.e.7279/clear - {}
RESULT: {}
COMMAND: POST /session/3637353f0f0366f06ffc96bdd6dcca04/element/f.FA5AA6ACA71DB73EA77ABAF269C4B101.d.D497745B9F9EF733BCD70FA0B9755BBB.e.7279/value - {"text":"200268"}
COMMAND: GET /session/3637353f0f0366f06ffc96bdd6dcca04/screenshot - {}
RESULT: {"text":"200268"}
COMMAND: POST /session/3637353f0f0366f06ffc96bdd6dcca04/actions - {"actions":[{"id":"action27","type":"key","parameters":{},"actions":[{"type":"keyDown","value":"î€‡"},{"type":"pause","duration":10},{"type":"keyUp","value":"î€‡"}]}]}
COMMAND: GET /session/3637353f0f0366f06ffc96bdd6dcca04/screenshot - {}
RESULT: {}
RESULT: {"actions":[{"id":"action27","type":"key","parameters":{},"actions":[{"type":"keyDown","value":"î€‡"},{"type":"pause","duration":10},{"type":"keyUp","value":"î€‡"}]}]}
COMMAND: POST /session/3637353f0f0366f06ffc96bdd6dcca04/element - {"using":"css selector","value":"div[id= \"application-managehandovers-display-component---AddNewHO--smartFilterBar-btnBasicSearch-search\"]"}
COMMAND: GET /session/3637353f0f0366f06ffc96bdd6dcca04/screenshot - {}
RESULT: {}
RESULT: {"using":"css selector","value":"div[id= \"application-managehandovers-display-component---AddNewHO--smartFilterBar-btnBasicSearch-search\"]"}
COMMAND: POST /session/3637353f0f0366f06ffc96bdd6dcca04/element/f.FA5AA6ACA71DB73EA77ABAF269C4B101.d.D497745B9F9EF733BCD70FA0B9755BBB.e.7427/click - {}
RESULT: {}
RESULT: {}
COMMAND: GET /session/3637353f0f0366f06ffc96bdd6dcca04/screenshot - {}
RESULT: {}
COMMAND: POST /session/3637353f0f0366f06ffc96bdd6dcca04/element - {"using":"css selector","value":"div[id= \"application-managehandovers-display-component---AddNewHO--popup-sa-CbBg\"]"}
RESULT: {"using":"css selector","value":"div[id= \"application-managehandovers-display-component---AddNewHO--popup-sa-CbBg\"]"}
COMMAND: POST /session/3637353f0f0366f06ffc96bdd6dcca04/element/f.FA5AA6ACA71DB73EA77ABAF269C4B101.d.D497745B9F9EF733BCD70FA0B9755BBB.e.7428/click - {}
RESULT: {}
COMMAND: POST /session/3637353f0f0366f06ffc96bdd6dcca04/element - {"using":"xpath","value":"//bdi[(text() = 'Select' or . = 'Select')]"}
COMMAND: GET /session/3637353f0f0366f06ffc96bdd6dcca04/screenshot - {}
RESULT: {"using":"xpath","value":"//bdi[(text() = 'Select' or . = 'Select')]"}
COMMAND: POST /session/3637353f0f0366f06ffc96bdd6dcca04/element/f.FA5AA6ACA71DB73EA77ABAF269C4B101.d.D497745B9F9EF733BCD70FA0B9755BBB.e.7429/click - {}
RESULT: {}
RESULT: {}
COMMAND: GET /session/3637353f0f0366f06ffc96bdd6dcca04/screenshot - {}
RESULT: {}
COMMAND: POST /session/3637353f0f0366f06ffc96bdd6dcca04/element - {"using":"xpath","value":"//bdi[(text() = 'Save' or . = 'Save')]"}
RESULT: {"using":"xpath","value":"//bdi[(text() = 'Save' or . = 'Save')]"}
COMMAND: POST /session/3637353f0f0366f06ffc96bdd6dcca04/element/f.FA5AA6ACA71DB73EA77ABAF269C4B101.d.D497745B9F9EF733BCD70FA0B9755BBB.e.7433/click - {}
RESULT: {}
COMMAND: GET /session/3637353f0f0366f06ffc96bdd6dcca04/screenshot - {}
COMMAND: POST /session/3637353f0f0366f06ffc96bdd6dcca04/element - {"using":"xpath","value":"//input[contains(@id ,\"receiptDatePicker-inner\")]"}
RESULT: {}
RESULT: {"using":"xpath","value":"//input[contains(@id ,\"receiptDatePicker-inner\")]"}
COMMAND: POST /session/3637353f0f0366f06ffc96bdd6dcca04/element/f.FA5AA6ACA71DB73EA77ABAF269C4B101.d.D497745B9F9EF733BCD70FA0B9755BBB.e.7461/click - {}
RESULT: {}
COMMAND: POST /session/3637353f0f0366f06ffc96bdd6dcca04/element - {"using":"xpath","value":"//input[contains(@id ,\"receiptDatePicker-inner\")]"}
COMMAND: GET /session/3637353f0f0366f06ffc96bdd6dcca04/screenshot - {}
RESULT: {}
RESULT: {"using":"xpath","value":"//input[contains(@id ,\"receiptDatePicker-inner\")]"}
COMMAND: POST /session/3637353f0f0366f06ffc96bdd6dcca04/element/f.FA5AA6ACA71DB73EA77ABAF269C4B101.d.D497745B9F9EF733BCD70FA0B9755BBB.e.7461/clear - {}
RESULT: {}
COMMAND: POST /session/3637353f0f0366f06ffc96bdd6dcca04/element/f.FA5AA6ACA71DB73EA77ABAF269C4B101.d.D497745B9F9EF733BCD70FA0B9755BBB.e.7461/value - {"text":"5/2/25"}
COMMAND: GET /session/3637353f0f0366f06ffc96bdd6dcca04/screenshot - {}
RESULT: {"text":"5/2/25"}
COMMAND: GET /session/3637353f0f0366f06ffc96bdd6dcca04/screenshot - {}
RESULT: {}
RESULT: {}
COMMAND: POST /session/3637353f0f0366f06ffc96bdd6dcca04/execute/async - {"script":"<script> [1562 bytes]","args":[{"selector":{"id":"administrationTabFilter","viewName":"etm.portal.ui.managehandovers.view.DetailExecuteHO","interaction":{"idSuffix":"text"}},"wdio_ui5_key":"administrationTabFilteretmportal.ui.managehandovers.view.DetailExecuteHO"}]}
RESULT: {"script":"<script> [1562 bytes]","args":[{"selector":{"id":"administrationTabFilter","viewName":"etm.portal.ui.managehandovers.view.DetailExecuteHO","interaction":{"idSuffix":"text"}},"wdio_ui5_key":"administrationTabFilteretmportal.ui.managehandovers.view.DetailExecuteHO"}]}
RESULT: undefined
COMMAND: POST /session/3637353f0f0366f06ffc96bdd6dcca04/element - {"using":"xpath","value":"//*[@id=\"__xmlview61--administrationTabFilter\"]"}
RESULT: {"using":"xpath","value":"//*[@id=\"__xmlview61--administrationTabFilter\"]"}
COMMAND: POST /session/3637353f0f0366f06ffc96bdd6dcca04/element/f.FA5AA6ACA71DB73EA77ABAF269C4B101.d.D497745B9F9EF733BCD70FA0B9755BBB.e.7481/click - {}
RESULT: {}
RESULT: undefined
COMMAND: POST /session/3637353f0f0366f06ffc96bdd6dcca04/element - {"using":"xpath","value":"//*[@id=\"__xmlview61--administrationTabFilter\"]"}
COMMAND: GET /session/3637353f0f0366f06ffc96bdd6dcca04/screenshot - {}
RESULT: {}
RESULT: {"using":"xpath","value":"//*[@id=\"__xmlview61--administrationTabFilter\"]"}
COMMAND: POST /session/3637353f0f0366f06ffc96bdd6dcca04/element/f.FA5AA6ACA71DB73EA77ABAF269C4B101.d.D497745B9F9EF733BCD70FA0B9755BBB.e.7481/click - {}
RESULT: {}
COMMAND: GET /session/3637353f0f0366f06ffc96bdd6dcca04/screenshot - {}
RESULT: {}
COMMAND: POST /session/3637353f0f0366f06ffc96bdd6dcca04/element - {"using":"xpath","value":"//bdi[(text() = 'Confirm' or . = 'Confirm')]"}
RESULT: {"using":"xpath","value":"//bdi[(text() = 'Confirm' or . = 'Confirm')]"}
COMMAND: POST /session/3637353f0f0366f06ffc96bdd6dcca04/element/f.FA5AA6ACA71DB73EA77ABAF269C4B101.d.D497745B9F9EF733BCD70FA0B9755BBB.e.7489/click - {}
RESULT: {}
COMMAND: GET /session/3637353f0f0366f06ffc96bdd6dcca04/screenshot - {}
RESULT: {}
COMMAND: POST /session/3637353f0f0366f06ffc96bdd6dcca04/execute/async - {"script":"<script> [1562 bytes]","args":[{"selector":{"id":"confirmationButton","viewName":"etm.portal.ui.managehandovers.view.DetailExecuteHO","interaction":{"idSuffix":"BDI-content"}},"wdio_ui5_key":"confirmationButtonetmportal.ui.managehandovers.view.DetailExecuteHO"}]}
RESULT: {"script":"<script> [1562 bytes]","args":[{"selector":{"id":"confirmationButton","viewName":"etm.portal.ui.managehandovers.view.DetailExecuteHO","interaction":{"idSuffix":"BDI-content"}},"wdio_ui5_key":"confirmationButtonetmportal.ui.managehandovers.view.DetailExecuteHO"}]}
RESULT: undefined
COMMAND: POST /session/3637353f0f0366f06ffc96bdd6dcca04/element - {"using":"xpath","value":"(//*[text()='Receive'])[2]"}
RESULT: {"using":"xpath","value":"(//*[text()='Receive'])[2]"}
COMMAND: GET /session/3637353f0f0366f06ffc96bdd6dcca04/element/f.FA5AA6ACA71DB73EA77ABAF269C4B101.d.D497745B9F9EF733BCD70FA0B9755BBB.e.7493/enabled - {}
RESULT: {}
COMMAND: POST /session/3637353f0f0366f06ffc96bdd6dcca04/execute/sync - {"script":"<script> [8489 bytes]","args":[{"element-6066-11e4-a52e-4f735466cecf":"f.FA5AA6ACA71DB73EA77ABAF269C4B101.d.D497745B9F9EF733BCD70FA0B9755BBB.e.7493","ELEMENT":"f.FA5AA6ACA71DB73EA77ABAF269C4B101.d.D497745B9F9EF733BCD70FA0B9755BBB.e.7493"}]}
COMMAND: GET /session/3637353f0f0366f06ffc96bdd6dcca04/screenshot - {}
RESULT: {"script":"<script> [8489 bytes]","args":[{"element-6066-11e4-a52e-4f735466cecf":"f.FA5AA6ACA71DB73EA77ABAF269C4B101.d.D497745B9F9EF733BCD70FA0B9755BBB.e.7493","ELEMENT":"f.FA5AA6ACA71DB73EA77ABAF269C4B101.d.D497745B9F9EF733BCD70FA0B9755BBB.e.7493"}]}
COMMAND: POST /session/3637353f0f0366f06ffc96bdd6dcca04/execute/sync - {"script":"<script> [5351 bytes]","args":[{"element-6066-11e4-a52e-4f735466cecf":"f.FA5AA6ACA71DB73EA77ABAF269C4B101.d.D497745B9F9EF733BCD70FA0B9755BBB.e.7493","ELEMENT":"f.FA5AA6ACA71DB73EA77ABAF269C4B101.d.D497745B9F9EF733BCD70FA0B9755BBB.e.7493"}]}
COMMAND: GET /session/3637353f0f0366f06ffc96bdd6dcca04/screenshot - {}
RESULT: {}
RESULT: {}
RESULT: {"script":"<script> [5351 bytes]","args":[{"element-6066-11e4-a52e-4f735466cecf":"f.FA5AA6ACA71DB73EA77ABAF269C4B101.d.D497745B9F9EF733BCD70FA0B9755BBB.e.7493","ELEMENT":"f.FA5AA6ACA71DB73EA77ABAF269C4B101.d.D497745B9F9EF733BCD70FA0B9755BBB.e.7493"}]}
COMMAND: POST /session/3637353f0f0366f06ffc96bdd6dcca04/element/f.FA5AA6ACA71DB73EA77ABAF269C4B101.d.D497745B9F9EF733BCD70FA0B9755BBB.e.7493/click - {}
COMMAND: GET /session/3637353f0f0366f06ffc96bdd6dcca04/screenshot - {}
RESULT: {}
COMMAND: GET /session/3637353f0f0366f06ffc96bdd6dcca04/screenshot - {}
RESULT: {}
RESULT: {}
COMMAND: POST /session/3637353f0f0366f06ffc96bdd6dcca04/element - {"using":"css selector","value":"#shell-header-logo"}
RESULT: {"using":"css selector","value":"#shell-header-logo"}
COMMAND: POST /session/3637353f0f0366f06ffc96bdd6dcca04/element/f.FA5AA6ACA71DB73EA77ABAF269C4B101.d.D497745B9F9EF733BCD70FA0B9755BBB.e.6909/click - {}
RESULT: {}
COMMAND: GET /session/3637353f0f0366f06ffc96bdd6dcca04/screenshot - {}
RESULT: {}
]]></system-out>
    </testcase>
    <testcase classname="chrome.135_0_7049_96.windows.Provide_to_Site_w/_warehouse_management_w_clarification" name="Should create a new contract" time="76.099">
      <system-out><![CDATA[
COMMAND: POST /session/3637353f0f0366f06ffc96bdd6dcca04/execute/async - {"script":"<script> [1562 bytes]","args":[{"selector":{"controlType":"sap.m.GenericTile","properties":{"header":"Manage Contracts"}},"wdio_ui5_key":"sapm.GenericTile{\"header\":\"Manage Contracts\"}"}]}
RESULT: {"script":"<script> [1562 bytes]","args":[{"selector":{"controlType":"sap.m.GenericTile","properties":{"header":"Manage Contracts"}},"wdio_ui5_key":"sapm.GenericTile{\"header\":\"Manage Contracts\"}"}]}
RESULT: undefined
COMMAND: POST /session/3637353f0f0366f06ffc96bdd6dcca04/element - {"using":"xpath","value":"//*[@id=\"__tile132\"]"}
RESULT: {"using":"xpath","value":"//*[@id=\"__tile132\"]"}
COMMAND: POST /session/3637353f0f0366f06ffc96bdd6dcca04/element/f.FA5AA6ACA71DB73EA77ABAF269C4B101.d.D497745B9F9EF733BCD70FA0B9755BBB.e.4177/click - {}
RESULT: {}
COMMAND: GET /session/3637353f0f0366f06ffc96bdd6dcca04/screenshot - {}
RESULT: {}
COMMAND: POST /session/3637353f0f0366f06ffc96bdd6dcca04/execute/async - {"script":"<script> [1562 bytes]","args":[{"selector":{"controlType":"sap.ui.core.Icon","viewName":"etm.portal.ui.managecontracts.view.Master","properties":{"src":{"regex":{"source":"add"}}}},"wdio_ui5_key":"etmportal.ui.managecontracts.view.Mastersap.ui.core.Icon{\"src\":{\"regex\":{\"source\":\"add\"}}}"}]}
RESULT: {"script":"<script> [1562 bytes]","args":[{"selector":{"controlType":"sap.ui.core.Icon","viewName":"etm.portal.ui.managecontracts.view.Master","properties":{"src":{"regex":{"source":"add"}}}},"wdio_ui5_key":"etmportal.ui.managecontracts.view.Mastersap.ui.core.Icon{\"src\":{\"regex\":{\"source\":\"add\"}}}"}]}
RESULT: undefined
COMMAND: POST /session/3637353f0f0366f06ffc96bdd6dcca04/element - {"using":"xpath","value":"//*[@id=\"__button303-img\"]"}
RESULT: {"using":"xpath","value":"//*[@id=\"__button303-img\"]"}
COMMAND: POST /session/3637353f0f0366f06ffc96bdd6dcca04/element/f.FA5AA6ACA71DB73EA77ABAF269C4B101.d.D497745B9F9EF733BCD70FA0B9755BBB.e.7724/click - {}
RESULT: {}
COMMAND: POST /session/3637353f0f0366f06ffc96bdd6dcca04/execute/async - {"script":"<script> [1562 bytes]","args":[{"selector":{"id":"application-managecontracts-display-component---AddNewContract--projectDescription","interaction":{"idSuffix":"inner"}},"wdio_ui5_key":"applicationmanagecontracts-display-component---AddNewContract--projectDescription"}]}
COMMAND: GET /session/3637353f0f0366f06ffc96bdd6dcca04/screenshot - {}
RESULT: {"script":"<script> [1562 bytes]","args":[{"selector":{"id":"application-managecontracts-display-component---AddNewContract--projectDescription","interaction":{"idSuffix":"inner"}},"wdio_ui5_key":"applicationmanagecontracts-display-component---AddNewContract--projectDescription"}]}
RESULT: undefined
COMMAND: POST /session/3637353f0f0366f06ffc96bdd6dcca04/execute/async - {"script":"<script> [776 bytes]","args":[{"enterText":"wdi5 contract for billing","selector":{"id":"application-managecontracts-display-component---AddNewContract--projectDescription","interaction":{"idSuffix":"inner"}},"clearTextFirst":true,"interactionType":"ENTER_TEXT"}]}
RESULT: {}
RESULT: {"script":"<script> [776 bytes]","args":[{"enterText":"wdi5 contract for billing","selector":{"id":"application-managecontracts-display-component---AddNewContract--projectDescription","interaction":{"idSuffix":"inner"}},"clearTextFirst":true,"interactionType":"ENTER_TEXT"}]}
COMMAND: POST /session/3637353f0f0366f06ffc96bdd6dcca04/element - {"using":"xpath","value":"//input[@id=\"application-managecontracts-display-component---AddNewContract--customerSelect-inner\"]"}
RESULT: {"using":"xpath","value":"//input[@id=\"application-managecontracts-display-component---AddNewContract--customerSelect-inner\"]"}
COMMAND: POST /session/3637353f0f0366f06ffc96bdd6dcca04/element/f.FA5AA6ACA71DB73EA77ABAF269C4B101.d.D497745B9F9EF733BCD70FA0B9755BBB.e.7973/clear - {}
RESULT: {}
COMMAND: POST /session/3637353f0f0366f06ffc96bdd6dcca04/element/f.FA5AA6ACA71DB73EA77ABAF269C4B101.d.D497745B9F9EF733BCD70FA0B9755BBB.e.7973/value - {"text":"1371"}
COMMAND: GET /session/3637353f0f0366f06ffc96bdd6dcca04/screenshot - {}
RESULT: {"text":"1371"}
COMMAND: GET /session/3637353f0f0366f06ffc96bdd6dcca04/screenshot - {}
RESULT: {}
RESULT: {}
COMMAND: POST /session/3637353f0f0366f06ffc96bdd6dcca04/actions - {"actions":[{"id":"action28","type":"key","parameters":{},"actions":[{"type":"keyDown","value":"î€‡"},{"type":"pause","duration":10},{"type":"keyUp","value":"î€‡"}]}]}
RESULT: {"actions":[{"id":"action28","type":"key","parameters":{},"actions":[{"type":"keyDown","value":"î€‡"},{"type":"pause","duration":10},{"type":"keyUp","value":"î€‡"}]}]}
COMMAND: POST /session/3637353f0f0366f06ffc96bdd6dcca04/element - {"using":"xpath","value":"//input[@id=\"application-managecontracts-display-component---AddNewContract--site-inner\"]"}
COMMAND: GET /session/3637353f0f0366f06ffc96bdd6dcca04/screenshot - {}
RESULT: {"using":"xpath","value":"//input[@id=\"application-managecontracts-display-component---AddNewContract--site-inner\"]"}
COMMAND: POST /session/3637353f0f0366f06ffc96bdd6dcca04/element/f.FA5AA6ACA71DB73EA77ABAF269C4B101.d.D497745B9F9EF733BCD70FA0B9755BBB.e.7974/clear - {}
RESULT: {}
RESULT: {}
COMMAND: POST /session/3637353f0f0366f06ffc96bdd6dcca04/element/f.FA5AA6ACA71DB73EA77ABAF269C4B101.d.D497745B9F9EF733BCD70FA0B9755BBB.e.7974/value - {"text":"2332"}
COMMAND: GET /session/3637353f0f0366f06ffc96bdd6dcca04/screenshot - {}
RESULT: {"text":"2332"}
COMMAND: GET /session/3637353f0f0366f06ffc96bdd6dcca04/screenshot - {}
RESULT: {}
RESULT: {}
COMMAND: POST /session/3637353f0f0366f06ffc96bdd6dcca04/actions - {"actions":[{"id":"action29","type":"key","parameters":{},"actions":[{"type":"keyDown","value":"î€‡"},{"type":"pause","duration":10},{"type":"keyUp","value":"î€‡"}]}]}
RESULT: {"actions":[{"id":"action29","type":"key","parameters":{},"actions":[{"type":"keyDown","value":"î€‡"},{"type":"pause","duration":10},{"type":"keyUp","value":"î€‡"}]}]}
COMMAND: POST /session/3637353f0f0366f06ffc96bdd6dcca04/execute/async - {"script":"<script> [1562 bytes]","args":[{"selector":{"id":"application-managecontracts-display-component---AddNewContract--calendarInput","interaction":{"idSuffix":"inner"}},"wdio_ui5_key":"applicationmanagecontracts-display-component---AddNewContract--calendarInput"}]}
COMMAND: GET /session/3637353f0f0366f06ffc96bdd6dcca04/screenshot - {}
RESULT: {"script":"<script> [1562 bytes]","args":[{"selector":{"id":"application-managecontracts-display-component---AddNewContract--calendarInput","interaction":{"idSuffix":"inner"}},"wdio_ui5_key":"applicationmanagecontracts-display-component---AddNewContract--calendarInput"}]}
RESULT: undefined
COMMAND: POST /session/3637353f0f0366f06ffc96bdd6dcca04/execute/async - {"script":"<script> [776 bytes]","args":[{"enterText":"1 - Calendar unit test patch","selector":{"id":"application-managecontracts-display-component---AddNewContract--calendarInput","interaction":{"idSuffix":"inner"}},"clearTextFirst":true,"interactionType":"ENTER_TEXT"}]}
RESULT: {}
RESULT: {"script":"<script> [776 bytes]","args":[{"enterText":"1 - Calendar unit test patch","selector":{"id":"application-managecontracts-display-component---AddNewContract--calendarInput","interaction":{"idSuffix":"inner"}},"clearTextFirst":true,"interactionType":"ENTER_TEXT"}]}
COMMAND: POST /session/3637353f0f0366f06ffc96bdd6dcca04/actions - {"actions":[{"id":"action30","type":"key","parameters":{},"actions":[{"type":"keyDown","value":"î€‡"},{"type":"pause","duration":10},{"type":"keyUp","value":"î€‡"}]}]}
RESULT: {"actions":[{"id":"action30","type":"key","parameters":{},"actions":[{"type":"keyDown","value":"î€‡"},{"type":"pause","duration":10},{"type":"keyUp","value":"î€‡"}]}]}
COMMAND: POST /session/3637353f0f0366f06ffc96bdd6dcca04/execute/async - {"script":"<script> [1562 bytes]","args":[{"selector":{"id":"application-managecontracts-display-component---AddNewContract--languageCB","interaction":{"idSuffix":"inner"}},"wdio_ui5_key":"applicationmanagecontracts-display-component---AddNewContract--languageCB"}]}
COMMAND: GET /session/3637353f0f0366f06ffc96bdd6dcca04/screenshot - {}
RESULT: {"script":"<script> [1562 bytes]","args":[{"selector":{"id":"application-managecontracts-display-component---AddNewContract--languageCB","interaction":{"idSuffix":"inner"}},"wdio_ui5_key":"applicationmanagecontracts-display-component---AddNewContract--languageCB"}]}
RESULT: undefined
COMMAND: POST /session/3637353f0f0366f06ffc96bdd6dcca04/execute/async - {"script":"<script> [776 bytes]","args":[{"enterText":"EN - English","selector":{"id":"application-managecontracts-display-component---AddNewContract--languageCB","interaction":{"idSuffix":"inner"}},"clearTextFirst":true,"interactionType":"ENTER_TEXT"}]}
RESULT: {}
RESULT: {"script":"<script> [776 bytes]","args":[{"enterText":"EN - English","selector":{"id":"application-managecontracts-display-component---AddNewContract--languageCB","interaction":{"idSuffix":"inner"}},"clearTextFirst":true,"interactionType":"ENTER_TEXT"}]}
COMMAND: POST /session/3637353f0f0366f06ffc96bdd6dcca04/actions - {"actions":[{"id":"action31","type":"key","parameters":{},"actions":[{"type":"keyDown","value":"î€‡"},{"type":"pause","duration":10},{"type":"keyUp","value":"î€‡"}]}]}
RESULT: {"actions":[{"id":"action31","type":"key","parameters":{},"actions":[{"type":"keyDown","value":"î€‡"},{"type":"pause","duration":10},{"type":"keyUp","value":"î€‡"}]}]}
COMMAND: POST /session/3637353f0f0366f06ffc96bdd6dcca04/execute/async - {"script":"<script> [1562 bytes]","args":[{"selector":{"id":"application-managecontracts-display-component---AddNewContract--saveBtn","interaction":{"idSuffix":"BDI-content"}},"wdio_ui5_key":"applicationmanagecontracts-display-component---AddNewContract--saveBtn"}]}
COMMAND: GET /session/3637353f0f0366f06ffc96bdd6dcca04/screenshot - {}
RESULT: {"script":"<script> [1562 bytes]","args":[{"selector":{"id":"application-managecontracts-display-component---AddNewContract--saveBtn","interaction":{"idSuffix":"BDI-content"}},"wdio_ui5_key":"applicationmanagecontracts-display-component---AddNewContract--saveBtn"}]}
RESULT: undefined
COMMAND: POST /session/3637353f0f0366f06ffc96bdd6dcca04/element - {"using":"xpath","value":"//*[@id=\"application-managecontracts-display-component---AddNewContract--saveBtn\"]"}
RESULT: {}
RESULT: {"using":"xpath","value":"//*[@id=\"application-managecontracts-display-component---AddNewContract--saveBtn\"]"}
COMMAND: POST /session/3637353f0f0366f06ffc96bdd6dcca04/element/f.FA5AA6ACA71DB73EA77ABAF269C4B101.d.D497745B9F9EF733BCD70FA0B9755BBB.e.7988/click - {}
RESULT: {}
COMMAND: GET /session/3637353f0f0366f06ffc96bdd6dcca04/screenshot - {}
RESULT: {}
COMMAND: POST /session/3637353f0f0366f06ffc96bdd6dcca04/execute/async - {"script":"<script> [1562 bytes]","args":[{"selector":{"id":"contractDetailTitleNoExpanded","viewName":"etm.portal.ui.managecontracts.view.Detail"},"wdio_ui5_key":"contractDetailTitleNoExpandedetmportal.ui.managecontracts.view.Detail"}]}
RESULT: {"script":"<script> [1562 bytes]","args":[{"selector":{"id":"contractDetailTitleNoExpanded","viewName":"etm.portal.ui.managecontracts.view.Detail"},"wdio_ui5_key":"contractDetailTitleNoExpandedetmportal.ui.managecontracts.view.Detail"}]}
RESULT: undefined
COMMAND: POST /session/3637353f0f0366f06ffc96bdd6dcca04/execute/async - {"script":"<script> [6424 bytes]","args":[{"element-6066-11e4-a52e-4f735466cecf":"f.FA5AA6ACA71DB73EA77ABAF269C4B101.d.D497745B9F9EF733BCD70FA0B9755BBB.e.8075"},"getText",[]]}
RESULT: {"script":"<script> [6424 bytes]","args":[{"element-6066-11e4-a52e-4f735466cecf":"f.FA5AA6ACA71DB73EA77ABAF269C4B101.d.D497745B9F9EF733BCD70FA0B9755BBB.e.8075"},"getText",[]]}
]]></system-out>
    </testcase>
    <testcase classname="chrome.135_0_7049_96.windows.Provide_to_Site_w/_warehouse_management_w_clarification" name="Should add resource to the contract" time="62.947">
      <system-out><![CDATA[
COMMAND: POST /session/3637353f0f0366f06ffc96bdd6dcca04/execute/async - {"script":"<script> [1562 bytes]","args":[{"selector":{"id":"contractDetailEditBtn","viewName":"etm.portal.ui.managecontracts.view.Detail","interaction":{"idSuffix":"BDI-content"}},"wdio_ui5_key":"contractDetailEditBtnetmportal.ui.managecontracts.view.Detail"}]}
RESULT: {"script":"<script> [1562 bytes]","args":[{"selector":{"id":"contractDetailEditBtn","viewName":"etm.portal.ui.managecontracts.view.Detail","interaction":{"idSuffix":"BDI-content"}},"wdio_ui5_key":"contractDetailEditBtnetmportal.ui.managecontracts.view.Detail"}]}
RESULT: undefined
COMMAND: POST /session/3637353f0f0366f06ffc96bdd6dcca04/element - {"using":"xpath","value":"//*[@id=\"__xmlview63--contractDetailEditBtn\"]"}
RESULT: {"using":"xpath","value":"//*[@id=\"__xmlview63--contractDetailEditBtn\"]"}
COMMAND: POST /session/3637353f0f0366f06ffc96bdd6dcca04/element/f.FA5AA6ACA71DB73EA77ABAF269C4B101.d.D497745B9F9EF733BCD70FA0B9755BBB.e.8077/click - {}
RESULT: {}
COMMAND: GET /session/3637353f0f0366f06ffc96bdd6dcca04/screenshot - {}
RESULT: {}
COMMAND: POST /session/3637353f0f0366f06ffc96bdd6dcca04/execute/async - {"script":"<script> [1562 bytes]","args":[{"selector":{"id":"additionalAddressesTabFilter","viewName":"etm.portal.ui.managecontracts.view.EditContract","interaction":{"idSuffix":"text"}},"wdio_ui5_key":"additionalAddressesTabFilteretmportal.ui.managecontracts.view.EditContract"}]}
RESULT: {"script":"<script> [1562 bytes]","args":[{"selector":{"id":"additionalAddressesTabFilter","viewName":"etm.portal.ui.managecontracts.view.EditContract","interaction":{"idSuffix":"text"}},"wdio_ui5_key":"additionalAddressesTabFilteretmportal.ui.managecontracts.view.EditContract"}]}
RESULT: undefined
COMMAND: POST /session/3637353f0f0366f06ffc96bdd6dcca04/element - {"using":"xpath","value":"//*[@id=\"__xmlview64--additionalAddressesTabFilter\"]"}
RESULT: {"using":"xpath","value":"//*[@id=\"__xmlview64--additionalAddressesTabFilter\"]"}
COMMAND: POST /session/3637353f0f0366f06ffc96bdd6dcca04/element/f.FA5AA6ACA71DB73EA77ABAF269C4B101.d.D497745B9F9EF733BCD70FA0B9755BBB.e.8136/click - {}
RESULT: {}
RESULT: undefined
COMMAND: POST /session/3637353f0f0366f06ffc96bdd6dcca04/element - {"using":"xpath","value":"//*[@id=\"__xmlview64--additionalAddressesTabFilter\"]"}
COMMAND: GET /session/3637353f0f0366f06ffc96bdd6dcca04/screenshot - {}
RESULT: {"using":"xpath","value":"//*[@id=\"__xmlview64--additionalAddressesTabFilter\"]"}
COMMAND: POST /session/3637353f0f0366f06ffc96bdd6dcca04/element/f.FA5AA6ACA71DB73EA77ABAF269C4B101.d.D497745B9F9EF733BCD70FA0B9755BBB.e.8136/click - {}
RESULT: {}
RESULT: {}
COMMAND: POST /session/3637353f0f0366f06ffc96bdd6dcca04/execute/async - {"script":"<script> [1562 bytes]","args":[{"selector":{"controlType":"sap.ui.core.Icon","viewName":"etm.portal.ui.managecontracts.view.EditContract","properties":{"src":{"regex":{"source":"add"}}}},"wdio_ui5_key":"etmportal.ui.managecontracts.view.EditContractsap.ui.core.Icon{\"src\":{\"regex\":{\"source\":\"add\"}}}"}]}
COMMAND: GET /session/3637353f0f0366f06ffc96bdd6dcca04/screenshot - {}
RESULT: {"script":"<script> [1562 bytes]","args":[{"selector":{"controlType":"sap.ui.core.Icon","viewName":"etm.portal.ui.managecontracts.view.EditContract","properties":{"src":{"regex":{"source":"add"}}}},"wdio_ui5_key":"etmportal.ui.managecontracts.view.EditContractsap.ui.core.Icon{\"src\":{\"regex\":{\"source\":\"add\"}}}"}]}
RESULT: undefined
COMMAND: POST /session/3637353f0f0366f06ffc96bdd6dcca04/element - {"using":"xpath","value":"//*[@id=\"__xmlview64--btnAddTableRow-img\"]"}
RESULT: {}
RESULT: {"using":"xpath","value":"//*[@id=\"__xmlview64--btnAddTableRow-img\"]"}
COMMAND: POST /session/3637353f0f0366f06ffc96bdd6dcca04/element/f.FA5AA6ACA71DB73EA77ABAF269C4B101.d.D497745B9F9EF733BCD70FA0B9755BBB.e.8139/click - {}
RESULT: {}
COMMAND: POST /session/3637353f0f0366f06ffc96bdd6dcca04/element - {"using":"xpath","value":"//div[(text() = 'Standard Entry' or . = 'Standard Entry')]"}
COMMAND: GET /session/3637353f0f0366f06ffc96bdd6dcca04/screenshot - {}
RESULT: {"using":"xpath","value":"//div[(text() = 'Standard Entry' or . = 'Standard Entry')]"}
COMMAND: POST /session/3637353f0f0366f06ffc96bdd6dcca04/element/f.FA5AA6ACA71DB73EA77ABAF269C4B101.d.D497745B9F9EF733BCD70FA0B9755BBB.e.8142/click - {}
RESULT: {}
RESULT: {}
COMMAND: POST /session/3637353f0f0366f06ffc96bdd6dcca04/execute/async - {"script":"<script> [1562 bytes]","args":[{"selector":{"controlType":"sap.ui.core.Icon","viewName":"etm.portal.ui.managecontracts.view.EditContract","properties":{"src":{"regex":{"source":"inspect"}}}},"wdio_ui5_key":"etmportal.ui.managecontracts.view.EditContractsap.ui.core.Icon{\"src\":{\"regex\":{\"source\":\"inspect\"}}}"}]}
COMMAND: GET /session/3637353f0f0366f06ffc96bdd6dcca04/screenshot - {}
RESULT: {"script":"<script> [1562 bytes]","args":[{"selector":{"controlType":"sap.ui.core.Icon","viewName":"etm.portal.ui.managecontracts.view.EditContract","properties":{"src":{"regex":{"source":"inspect"}}}},"wdio_ui5_key":"etmportal.ui.managecontracts.view.EditContractsap.ui.core.Icon{\"src\":{\"regex\":{\"source\":\"inspect\"}}}"}]}
RESULT: undefined
COMMAND: POST /session/3637353f0f0366f06ffc96bdd6dcca04/element - {"using":"xpath","value":"//*[@id=\"__button329-img\"]"}
RESULT: {}
RESULT: {"using":"xpath","value":"//*[@id=\"__button329-img\"]"}
COMMAND: POST /session/3637353f0f0366f06ffc96bdd6dcca04/element/f.FA5AA6ACA71DB73EA77ABAF269C4B101.d.D497745B9F9EF733BCD70FA0B9755BBB.e.8154/click - {}
RESULT: {}
COMMAND: GET /session/3637353f0f0366f06ffc96bdd6dcca04/screenshot - {}
RESULT: {}
COMMAND: POST /session/3637353f0f0366f06ffc96bdd6dcca04/element - {"using":"xpath","value":"//td[6]/div/div/input[1]"}
RESULT: {"using":"xpath","value":"//td[6]/div/div/input[1]"}
COMMAND: POST /session/3637353f0f0366f06ffc96bdd6dcca04/element/f.FA5AA6ACA71DB73EA77ABAF269C4B101.d.D497745B9F9EF733BCD70FA0B9755BBB.e.8144/clear - {}
RESULT: {}
COMMAND: GET /session/3637353f0f0366f06ffc96bdd6dcca04/screenshot - {}
RESULT: {}
COMMAND: POST /session/3637353f0f0366f06ffc96bdd6dcca04/element - {"using":"xpath","value":"//td[6]/div/div/input[1]"}
RESULT: {"using":"xpath","value":"//td[6]/div/div/input[1]"}
COMMAND: POST /session/3637353f0f0366f06ffc96bdd6dcca04/element/f.FA5AA6ACA71DB73EA77ABAF269C4B101.d.D497745B9F9EF733BCD70FA0B9755BBB.e.8170/click - {}
RESULT: {}
COMMAND: POST /session/3637353f0f0366f06ffc96bdd6dcca04/actions - {"actions":[{"id":"action32","type":"key","parameters":{},"actions":[{"type":"keyDown","value":"î€ƒ"},{"type":"pause","duration":10},{"type":"keyUp","value":"î€ƒ"}]}]}
COMMAND: GET /session/3637353f0f0366f06ffc96bdd6dcca04/screenshot - {}
RESULT: {"actions":[{"id":"action32","type":"key","parameters":{},"actions":[{"type":"keyDown","value":"î€ƒ"},{"type":"pause","duration":10},{"type":"keyUp","value":"î€ƒ"}]}]}
COMMAND: POST /session/3637353f0f0366f06ffc96bdd6dcca04/element - {"using":"xpath","value":"//td[6]/div/div/input[1]"}
COMMAND: GET /session/3637353f0f0366f06ffc96bdd6dcca04/screenshot - {}
RESULT: {}
RESULT: {"using":"xpath","value":"//td[6]/div/div/input[1]"}
COMMAND: POST /session/3637353f0f0366f06ffc96bdd6dcca04/element/f.FA5AA6ACA71DB73EA77ABAF269C4B101.d.D497745B9F9EF733BCD70FA0B9755BBB.e.8170/clear - {}
RESULT: {}
RESULT: {}
COMMAND: POST /session/3637353f0f0366f06ffc96bdd6dcca04/element/f.FA5AA6ACA71DB73EA77ABAF269C4B101.d.D497745B9F9EF733BCD70FA0B9755BBB.e.8170/value - {"text":"Material"}
COMMAND: GET /session/3637353f0f0366f06ffc96bdd6dcca04/screenshot - {}
RESULT: {"text":"Material"}
COMMAND: GET /session/3637353f0f0366f06ffc96bdd6dcca04/screenshot - {}
RESULT: {}
RESULT: {}
COMMAND: POST /session/3637353f0f0366f06ffc96bdd6dcca04/actions - {"actions":[{"id":"action33","type":"key","parameters":{},"actions":[{"type":"keyDown","value":"î€‡"},{"type":"pause","duration":10},{"type":"keyUp","value":"î€‡"}]}]}
RESULT: {"actions":[{"id":"action33","type":"key","parameters":{},"actions":[{"type":"keyDown","value":"î€‡"},{"type":"pause","duration":10},{"type":"keyUp","value":"î€‡"}]}]}
COMMAND: POST /session/3637353f0f0366f06ffc96bdd6dcca04/element - {"using":"xpath","value":"//td[7]/div/div/input[1]"}
COMMAND: GET /session/3637353f0f0366f06ffc96bdd6dcca04/screenshot - {}
RESULT: {"using":"xpath","value":"//td[7]/div/div/input[1]"}
COMMAND: POST /session/3637353f0f0366f06ffc96bdd6dcca04/element/f.FA5AA6ACA71DB73EA77ABAF269C4B101.d.D497745B9F9EF733BCD70FA0B9755BBB.e.8192/clear - {}
RESULT: {}
RESULT: {}
COMMAND: POST /session/3637353f0f0366f06ffc96bdd6dcca04/element/f.FA5AA6ACA71DB73EA77ABAF269C4B101.d.D497745B9F9EF733BCD70FA0B9755BBB.e.8192/value - {"text":"200268"}
COMMAND: GET /session/3637353f0f0366f06ffc96bdd6dcca04/screenshot - {}
RESULT: {"text":"200268"}
COMMAND: GET /session/3637353f0f0366f06ffc96bdd6dcca04/screenshot - {}
RESULT: {}
RESULT: {}
COMMAND: POST /session/3637353f0f0366f06ffc96bdd6dcca04/actions - {"actions":[{"id":"action34","type":"key","parameters":{},"actions":[{"type":"keyDown","value":"î€‡"},{"type":"pause","duration":10},{"type":"keyUp","value":"î€‡"}]}]}
RESULT: {"actions":[{"id":"action34","type":"key","parameters":{},"actions":[{"type":"keyDown","value":"î€‡"},{"type":"pause","duration":10},{"type":"keyUp","value":"î€‡"}]}]}
COMMAND: POST /session/3637353f0f0366f06ffc96bdd6dcca04/execute/async - {"script":"<script> [1562 bytes]","args":[{"selector":{"controlType":"sap.m.Button","properties":{"text":"OK"},"searchOpenDialogs":true,"interaction":{"idSuffix":"BDI-content"}},"wdio_ui5_key":"sapm.Button{\"text\":\"OK\"}"}]}
COMMAND: GET /session/3637353f0f0366f06ffc96bdd6dcca04/screenshot - {}
RESULT: {"script":"<script> [1562 bytes]","args":[{"selector":{"controlType":"sap.m.Button","properties":{"text":"OK"},"searchOpenDialogs":true,"interaction":{"idSuffix":"BDI-content"}},"wdio_ui5_key":"sapm.Button{\"text\":\"OK\"}"}]}
RESULT: undefined
COMMAND: POST /session/3637353f0f0366f06ffc96bdd6dcca04/element - {"using":"xpath","value":"//*[@id=\"__mbox-btn-1\"]"}
RESULT: {}
RESULT: {"using":"xpath","value":"//*[@id=\"__mbox-btn-1\"]"}
COMMAND: POST /session/3637353f0f0366f06ffc96bdd6dcca04/element/f.FA5AA6ACA71DB73EA77ABAF269C4B101.d.D497745B9F9EF733BCD70FA0B9755BBB.e.8214/click - {}
RESULT: {}
COMMAND: POST /session/3637353f0f0366f06ffc96bdd6dcca04/execute/async - {"script":"<script> [1562 bytes]","args":[{"selector":{"id":"saveBtn","viewName":"etm.portal.ui.managecontracts.view.EditContract","interaction":{"idSuffix":"BDI-content"}},"wdio_ui5_key":"saveBtnetmportal.ui.managecontracts.view.EditContract"}]}
COMMAND: GET /session/3637353f0f0366f06ffc96bdd6dcca04/screenshot - {}
RESULT: {"script":"<script> [1562 bytes]","args":[{"selector":{"id":"saveBtn","viewName":"etm.portal.ui.managecontracts.view.EditContract","interaction":{"idSuffix":"BDI-content"}},"wdio_ui5_key":"saveBtnetmportal.ui.managecontracts.view.EditContract"}]}
RESULT: undefined
COMMAND: POST /session/3637353f0f0366f06ffc96bdd6dcca04/element - {"using":"xpath","value":"//*[@id=\"__xmlview64--saveBtn\"]"}
RESULT: {}
RESULT: {"using":"xpath","value":"//*[@id=\"__xmlview64--saveBtn\"]"}
COMMAND: POST /session/3637353f0f0366f06ffc96bdd6dcca04/element/f.FA5AA6ACA71DB73EA77ABAF269C4B101.d.D497745B9F9EF733BCD70FA0B9755BBB.e.8240/click - {}
RESULT: {}
COMMAND: GET /session/3637353f0f0366f06ffc96bdd6dcca04/screenshot - {}
RESULT: {}
COMMAND: POST /session/3637353f0f0366f06ffc96bdd6dcca04/execute/async - {"script":"<script> [1562 bytes]","args":[{"selector":{"id":"additionalAddressesTabFilter","viewName":"etm.portal.ui.managecontracts.view.Detail","interaction":{"idSuffix":"text"}},"wdio_ui5_key":"additionalAddressesTabFilteretmportal.ui.managecontracts.view.Detail"}]}
RESULT: {"script":"<script> [1562 bytes]","args":[{"selector":{"id":"additionalAddressesTabFilter","viewName":"etm.portal.ui.managecontracts.view.Detail","interaction":{"idSuffix":"text"}},"wdio_ui5_key":"additionalAddressesTabFilteretmportal.ui.managecontracts.view.Detail"}]}
RESULT: undefined
COMMAND: POST /session/3637353f0f0366f06ffc96bdd6dcca04/element - {"using":"xpath","value":"//*[@id=\"__xmlview63--additionalAddressesTabFilter\"]"}
RESULT: {"using":"xpath","value":"//*[@id=\"__xmlview63--additionalAddressesTabFilter\"]"}
COMMAND: POST /session/3637353f0f0366f06ffc96bdd6dcca04/element/f.FA5AA6ACA71DB73EA77ABAF269C4B101.d.D497745B9F9EF733BCD70FA0B9755BBB.e.8244/click - {}
RESULT: {}
COMMAND: POST /session/3637353f0f0366f06ffc96bdd6dcca04/execute/async - {"script":"<script> [1562 bytes]","args":[{"selector":{"id":"contractDetailProvideButton","viewName":"etm.portal.ui.managecontracts.view.Detail","interaction":{"idSuffix":"BDI-content"}},"wdio_ui5_key":"contractDetailProvideButtonetmportal.ui.managecontracts.view.Detail"}]}
COMMAND: GET /session/3637353f0f0366f06ffc96bdd6dcca04/screenshot - {}
RESULT: {}
RESULT: {"script":"<script> [1562 bytes]","args":[{"selector":{"id":"contractDetailProvideButton","viewName":"etm.portal.ui.managecontracts.view.Detail","interaction":{"idSuffix":"BDI-content"}},"wdio_ui5_key":"contractDetailProvideButtonetmportal.ui.managecontracts.view.Detail"}]}
RESULT: undefined
COMMAND: POST /session/3637353f0f0366f06ffc96bdd6dcca04/element - {"using":"xpath","value":"//*[@id=\"__xmlview63--contractDetailProvideButton\"]"}
RESULT: {"using":"xpath","value":"//*[@id=\"__xmlview63--contractDetailProvideButton\"]"}
COMMAND: POST /session/3637353f0f0366f06ffc96bdd6dcca04/element/f.FA5AA6ACA71DB73EA77ABAF269C4B101.d.D497745B9F9EF733BCD70FA0B9755BBB.e.8247/click - {}
RESULT: {}
COMMAND: GET /session/3637353f0f0366f06ffc96bdd6dcca04/screenshot - {}
RESULT: {}
]]></system-out>
    </testcase>
    <testcase classname="chrome.135_0_7049_96.windows.Provide_to_Site_w/_warehouse_management_w_clarification" name="Should Create HandOvers provide to site" time="76.529">
      <system-out><![CDATA[
COMMAND: POST /session/3637353f0f0366f06ffc96bdd6dcca04/element - {"using":"css selector","value":"#application-managehandovers-display-component---AddNewHO--dueDate-inner"}
RESULT: {"using":"css selector","value":"#application-managehandovers-display-component---AddNewHO--dueDate-inner"}
COMMAND: POST /session/3637353f0f0366f06ffc96bdd6dcca04/element/f.FA5AA6ACA71DB73EA77ABAF269C4B101.d.D497745B9F9EF733BCD70FA0B9755BBB.e.8339/clear - {}
RESULT: {}
COMMAND: POST /session/3637353f0f0366f06ffc96bdd6dcca04/element/f.FA5AA6ACA71DB73EA77ABAF269C4B101.d.D497745B9F9EF733BCD70FA0B9755BBB.e.8339/value - {"text":"5/2/25"}
COMMAND: GET /session/3637353f0f0366f06ffc96bdd6dcca04/screenshot - {}
RESULT: {"text":"5/2/25"}
COMMAND: POST /session/3637353f0f0366f06ffc96bdd6dcca04/element - {"using":"xpath","value":"//bdi[(text() = 'Items' or . = 'Items')]"}
COMMAND: GET /session/3637353f0f0366f06ffc96bdd6dcca04/screenshot - {}
RESULT: {}
RESULT: {"using":"xpath","value":"//bdi[(text() = 'Items' or . = 'Items')]"}
COMMAND: POST /session/3637353f0f0366f06ffc96bdd6dcca04/element/f.FA5AA6ACA71DB73EA77ABAF269C4B101.d.D497745B9F9EF733BCD70FA0B9755BBB.e.8450/click - {}
RESULT: {}
RESULT: {}
COMMAND: POST /session/3637353f0f0366f06ffc96bdd6dcca04/execute/async - {"script":"<script> [1562 bytes]","args":[{"selector":{"controlType":"sap.m.Button","viewName":"etm.portal.ui.managehandovers.view.AddNewHO","viewId":"application-managehandovers-display-component---AddNewHO","i18NText":{"propertyName":"tooltip","key":"addItems"}},"wdio_ui5_key":"etmportal.ui.managehandovers.view.AddNewHOsap.m.Button{\"propertyName\":\"tooltip\",\"key\":\"addItems\"}"}]}
COMMAND: GET /session/3637353f0f0366f06ffc96bdd6dcca04/screenshot - {}
RESULT: {"script":"<script> [1562 bytes]","args":[{"selector":{"controlType":"sap.m.Button","viewName":"etm.portal.ui.managehandovers.view.AddNewHO","viewId":"application-managehandovers-display-component---AddNewHO","i18NText":{"propertyName":"tooltip","key":"addItems"}},"wdio_ui5_key":"etmportal.ui.managehandovers.view.AddNewHOsap.m.Button{\"propertyName\":\"tooltip\",\"key\":\"addItems\"}"}]}
RESULT: undefined
COMMAND: POST /session/3637353f0f0366f06ffc96bdd6dcca04/element - {"using":"xpath","value":"//*[@id=\"__button354\"]"}
RESULT: {}
RESULT: {"using":"xpath","value":"//*[@id=\"__button354\"]"}
COMMAND: POST /session/3637353f0f0366f06ffc96bdd6dcca04/element/f.FA5AA6ACA71DB73EA77ABAF269C4B101.d.D497745B9F9EF733BCD70FA0B9755BBB.e.8455/click - {}
RESULT: {}
COMMAND: GET /session/3637353f0f0366f06ffc96bdd6dcca04/screenshot - {}
RESULT: {}
COMMAND: POST /session/3637353f0f0366f06ffc96bdd6dcca04/element - {"using":"css selector","value":"div[id= \"application-managehandovers-display-component---AddNewHO--popup-sa-CbBg\"]"}
RESULT: {"using":"css selector","value":"div[id= \"application-managehandovers-display-component---AddNewHO--popup-sa-CbBg\"]"}
COMMAND: POST /session/3637353f0f0366f06ffc96bdd6dcca04/element/f.FA5AA6ACA71DB73EA77ABAF269C4B101.d.D497745B9F9EF733BCD70FA0B9755BBB.e.8465/click - {}
RESULT: {}
COMMAND: GET /session/3637353f0f0366f06ffc96bdd6dcca04/screenshot - {}
RESULT: {}
COMMAND: POST /session/3637353f0f0366f06ffc96bdd6dcca04/element - {"using":"xpath","value":"//bdi[(text() = 'Select' or . = 'Select')]"}
RESULT: {"using":"xpath","value":"//bdi[(text() = 'Select' or . = 'Select')]"}
COMMAND: POST /session/3637353f0f0366f06ffc96bdd6dcca04/element/f.FA5AA6ACA71DB73EA77ABAF269C4B101.d.D497745B9F9EF733BCD70FA0B9755BBB.e.8467/click - {}
RESULT: {}
COMMAND: GET /session/3637353f0f0366f06ffc96bdd6dcca04/screenshot - {}
RESULT: {}
COMMAND: POST /session/3637353f0f0366f06ffc96bdd6dcca04/element - {"using":"xpath","value":"//bdi[(text() = 'Save' or . = 'Save')]"}
RESULT: {"using":"xpath","value":"//bdi[(text() = 'Save' or . = 'Save')]"}
COMMAND: POST /session/3637353f0f0366f06ffc96bdd6dcca04/element/f.FA5AA6ACA71DB73EA77ABAF269C4B101.d.D497745B9F9EF733BCD70FA0B9755BBB.e.8475/click - {}
RESULT: {}
COMMAND: GET /session/3637353f0f0366f06ffc96bdd6dcca04/screenshot - {}
RESULT: {}
COMMAND: POST /session/3637353f0f0366f06ffc96bdd6dcca04/elements - {"using":"xpath","value":"//*[text()='Close']"}
RESULT: {"using":"xpath","value":"//*[text()='Close']"}
COMMAND: GET /session/3637353f0f0366f06ffc96bdd6dcca04/element/f.FA5AA6ACA71DB73EA77ABAF269C4B101.d.D497745B9F9EF733BCD70FA0B9755BBB.e.8509/enabled - {}
RESULT: {}
COMMAND: POST /session/3637353f0f0366f06ffc96bdd6dcca04/execute/sync - {"script":"<script> [8489 bytes]","args":[{"element-6066-11e4-a52e-4f735466cecf":"f.FA5AA6ACA71DB73EA77ABAF269C4B101.d.D497745B9F9EF733BCD70FA0B9755BBB.e.8509","ELEMENT":"f.FA5AA6ACA71DB73EA77ABAF269C4B101.d.D497745B9F9EF733BCD70FA0B9755BBB.e.8509"}]}
COMMAND: GET /session/3637353f0f0366f06ffc96bdd6dcca04/screenshot - {}
RESULT: {"script":"<script> [8489 bytes]","args":[{"element-6066-11e4-a52e-4f735466cecf":"f.FA5AA6ACA71DB73EA77ABAF269C4B101.d.D497745B9F9EF733BCD70FA0B9755BBB.e.8509","ELEMENT":"f.FA5AA6ACA71DB73EA77ABAF269C4B101.d.D497745B9F9EF733BCD70FA0B9755BBB.e.8509"}]}
COMMAND: GET /session/3637353f0f0366f06ffc96bdd6dcca04/screenshot - {}
RESULT: {}
RESULT: {}
COMMAND: POST /session/3637353f0f0366f06ffc96bdd6dcca04/execute/sync - {"script":"<script> [8489 bytes]","args":[{"element-6066-11e4-a52e-4f735466cecf":"f.FA5AA6ACA71DB73EA77ABAF269C4B101.d.D497745B9F9EF733BCD70FA0B9755BBB.e.8509","ELEMENT":"f.FA5AA6ACA71DB73EA77ABAF269C4B101.d.D497745B9F9EF733BCD70FA0B9755BBB.e.8509"}]}
RESULT: {"script":"<script> [8489 bytes]","args":[{"element-6066-11e4-a52e-4f735466cecf":"f.FA5AA6ACA71DB73EA77ABAF269C4B101.d.D497745B9F9EF733BCD70FA0B9755BBB.e.8509","ELEMENT":"f.FA5AA6ACA71DB73EA77ABAF269C4B101.d.D497745B9F9EF733BCD70FA0B9755BBB.e.8509"}]}
COMMAND: GET /session/3637353f0f0366f06ffc96bdd6dcca04/screenshot - {}
RESULT: {}
COMMAND: POST /session/3637353f0f0366f06ffc96bdd6dcca04/execute/sync - {"script":"<script> [8489 bytes]","args":[{"element-6066-11e4-a52e-4f735466cecf":"f.FA5AA6ACA71DB73EA77ABAF269C4B101.d.D497745B9F9EF733BCD70FA0B9755BBB.e.8509","ELEMENT":"f.FA5AA6ACA71DB73EA77ABAF269C4B101.d.D497745B9F9EF733BCD70FA0B9755BBB.e.8509"}]}
RESULT: {"script":"<script> [8489 bytes]","args":[{"element-6066-11e4-a52e-4f735466cecf":"f.FA5AA6ACA71DB73EA77ABAF269C4B101.d.D497745B9F9EF733BCD70FA0B9755BBB.e.8509","ELEMENT":"f.FA5AA6ACA71DB73EA77ABAF269C4B101.d.D497745B9F9EF733BCD70FA0B9755BBB.e.8509"}]}
COMMAND: GET /session/3637353f0f0366f06ffc96bdd6dcca04/screenshot - {}
RESULT: {}
COMMAND: POST /session/3637353f0f0366f06ffc96bdd6dcca04/execute/sync - {"script":"<script> [8489 bytes]","args":[{"element-6066-11e4-a52e-4f735466cecf":"f.FA5AA6ACA71DB73EA77ABAF269C4B101.d.D497745B9F9EF733BCD70FA0B9755BBB.e.8509","ELEMENT":"f.FA5AA6ACA71DB73EA77ABAF269C4B101.d.D497745B9F9EF733BCD70FA0B9755BBB.e.8509"}]}
RESULT: {"script":"<script> [8489 bytes]","args":[{"element-6066-11e4-a52e-4f735466cecf":"f.FA5AA6ACA71DB73EA77ABAF269C4B101.d.D497745B9F9EF733BCD70FA0B9755BBB.e.8509","ELEMENT":"f.FA5AA6ACA71DB73EA77ABAF269C4B101.d.D497745B9F9EF733BCD70FA0B9755BBB.e.8509"}]}
COMMAND: GET /session/3637353f0f0366f06ffc96bdd6dcca04/screenshot - {}
RESULT: {}
COMMAND: POST /session/3637353f0f0366f06ffc96bdd6dcca04/execute/sync - {"script":"<script> [8489 bytes]","args":[{"element-6066-11e4-a52e-4f735466cecf":"f.FA5AA6ACA71DB73EA77ABAF269C4B101.d.D497745B9F9EF733BCD70FA0B9755BBB.e.8509","ELEMENT":"f.FA5AA6ACA71DB73EA77ABAF269C4B101.d.D497745B9F9EF733BCD70FA0B9755BBB.e.8509"}]}
RESULT: {"script":"<script> [8489 bytes]","args":[{"element-6066-11e4-a52e-4f735466cecf":"f.FA5AA6ACA71DB73EA77ABAF269C4B101.d.D497745B9F9EF733BCD70FA0B9755BBB.e.8509","ELEMENT":"f.FA5AA6ACA71DB73EA77ABAF269C4B101.d.D497745B9F9EF733BCD70FA0B9755BBB.e.8509"}]}
COMMAND: POST /session/3637353f0f0366f06ffc96bdd6dcca04/execute/sync - {"script":"<script> [8489 bytes]","args":[{"element-6066-11e4-a52e-4f735466cecf":"f.FA5AA6ACA71DB73EA77ABAF269C4B101.d.D497745B9F9EF733BCD70FA0B9755BBB.e.8509","ELEMENT":"f.FA5AA6ACA71DB73EA77ABAF269C4B101.d.D497745B9F9EF733BCD70FA0B9755BBB.e.8509"}]}
COMMAND: GET /session/3637353f0f0366f06ffc96bdd6dcca04/screenshot - {}
RESULT: {"script":"<script> [8489 bytes]","args":[{"element-6066-11e4-a52e-4f735466cecf":"f.FA5AA6ACA71DB73EA77ABAF269C4B101.d.D497745B9F9EF733BCD70FA0B9755BBB.e.8509","ELEMENT":"f.FA5AA6ACA71DB73EA77ABAF269C4B101.d.D497745B9F9EF733BCD70FA0B9755BBB.e.8509"}]}
COMMAND: GET /session/3637353f0f0366f06ffc96bdd6dcca04/screenshot - {}
COMMAND: POST /session/3637353f0f0366f06ffc96bdd6dcca04/execute/sync - {"script":"<script> [8489 bytes]","args":[{"element-6066-11e4-a52e-4f735466cecf":"f.FA5AA6ACA71DB73EA77ABAF269C4B101.d.D497745B9F9EF733BCD70FA0B9755BBB.e.8509","ELEMENT":"f.FA5AA6ACA71DB73EA77ABAF269C4B101.d.D497745B9F9EF733BCD70FA0B9755BBB.e.8509"}]}
RESULT: {}
RESULT: {}
RESULT: {"script":"<script> [8489 bytes]","args":[{"element-6066-11e4-a52e-4f735466cecf":"f.FA5AA6ACA71DB73EA77ABAF269C4B101.d.D497745B9F9EF733BCD70FA0B9755BBB.e.8509","ELEMENT":"f.FA5AA6ACA71DB73EA77ABAF269C4B101.d.D497745B9F9EF733BCD70FA0B9755BBB.e.8509"}]}
COMMAND: GET /session/3637353f0f0366f06ffc96bdd6dcca04/screenshot - {}
COMMAND: POST /session/3637353f0f0366f06ffc96bdd6dcca04/execute/sync - {"script":"<script> [8489 bytes]","args":[{"element-6066-11e4-a52e-4f735466cecf":"f.FA5AA6ACA71DB73EA77ABAF269C4B101.d.D497745B9F9EF733BCD70FA0B9755BBB.e.8509","ELEMENT":"f.FA5AA6ACA71DB73EA77ABAF269C4B101.d.D497745B9F9EF733BCD70FA0B9755BBB.e.8509"}]}
RESULT: {}
RESULT: {"script":"<script> [8489 bytes]","args":[{"element-6066-11e4-a52e-4f735466cecf":"f.FA5AA6ACA71DB73EA77ABAF269C4B101.d.D497745B9F9EF733BCD70FA0B9755BBB.e.8509","ELEMENT":"f.FA5AA6ACA71DB73EA77ABAF269C4B101.d.D497745B9F9EF733BCD70FA0B9755BBB.e.8509"}]}
COMMAND: GET /session/3637353f0f0366f06ffc96bdd6dcca04/screenshot - {}
RESULT: {}
COMMAND: POST /session/3637353f0f0366f06ffc96bdd6dcca04/execute/sync - {"script":"<script> [8489 bytes]","args":[{"element-6066-11e4-a52e-4f735466cecf":"f.FA5AA6ACA71DB73EA77ABAF269C4B101.d.D497745B9F9EF733BCD70FA0B9755BBB.e.8509","ELEMENT":"f.FA5AA6ACA71DB73EA77ABAF269C4B101.d.D497745B9F9EF733BCD70FA0B9755BBB.e.8509"}]}
RESULT: {"script":"<script> [8489 bytes]","args":[{"element-6066-11e4-a52e-4f735466cecf":"f.FA5AA6ACA71DB73EA77ABAF269C4B101.d.D497745B9F9EF733BCD70FA0B9755BBB.e.8509","ELEMENT":"f.FA5AA6ACA71DB73EA77ABAF269C4B101.d.D497745B9F9EF733BCD70FA0B9755BBB.e.8509"}]}
COMMAND: GET /session/3637353f0f0366f06ffc96bdd6dcca04/screenshot - {}
RESULT: {}
COMMAND: POST /session/3637353f0f0366f06ffc96bdd6dcca04/execute/sync - {"script":"<script> [8489 bytes]","args":[{"element-6066-11e4-a52e-4f735466cecf":"f.FA5AA6ACA71DB73EA77ABAF269C4B101.d.D497745B9F9EF733BCD70FA0B9755BBB.e.8509","ELEMENT":"f.FA5AA6ACA71DB73EA77ABAF269C4B101.d.D497745B9F9EF733BCD70FA0B9755BBB.e.8509"}]}
RESULT: {"script":"<script> [8489 bytes]","args":[{"element-6066-11e4-a52e-4f735466cecf":"f.FA5AA6ACA71DB73EA77ABAF269C4B101.d.D497745B9F9EF733BCD70FA0B9755BBB.e.8509","ELEMENT":"f.FA5AA6ACA71DB73EA77ABAF269C4B101.d.D497745B9F9EF733BCD70FA0B9755BBB.e.8509"}]}
COMMAND: GET /session/3637353f0f0366f06ffc96bdd6dcca04/screenshot - {}
RESULT: {}
COMMAND: POST /session/3637353f0f0366f06ffc96bdd6dcca04/execute/sync - {"script":"<script> [8489 bytes]","args":[{"element-6066-11e4-a52e-4f735466cecf":"f.FA5AA6ACA71DB73EA77ABAF269C4B101.d.D497745B9F9EF733BCD70FA0B9755BBB.e.8509","ELEMENT":"f.FA5AA6ACA71DB73EA77ABAF269C4B101.d.D497745B9F9EF733BCD70FA0B9755BBB.e.8509"}]}
RESULT: {"script":"<script> [8489 bytes]","args":[{"element-6066-11e4-a52e-4f735466cecf":"f.FA5AA6ACA71DB73EA77ABAF269C4B101.d.D497745B9F9EF733BCD70FA0B9755BBB.e.8509","ELEMENT":"f.FA5AA6ACA71DB73EA77ABAF269C4B101.d.D497745B9F9EF733BCD70FA0B9755BBB.e.8509"}]}
COMMAND: GET /session/3637353f0f0366f06ffc96bdd6dcca04/screenshot - {}
RESULT: {}
COMMAND: POST /session/3637353f0f0366f06ffc96bdd6dcca04/execute/sync - {"script":"<script> [8489 bytes]","args":[{"element-6066-11e4-a52e-4f735466cecf":"f.FA5AA6ACA71DB73EA77ABAF269C4B101.d.D497745B9F9EF733BCD70FA0B9755BBB.e.8509","ELEMENT":"f.FA5AA6ACA71DB73EA77ABAF269C4B101.d.D497745B9F9EF733BCD70FA0B9755BBB.e.8509"}]}
RESULT: {"script":"<script> [8489 bytes]","args":[{"element-6066-11e4-a52e-4f735466cecf":"f.FA5AA6ACA71DB73EA77ABAF269C4B101.d.D497745B9F9EF733BCD70FA0B9755BBB.e.8509","ELEMENT":"f.FA5AA6ACA71DB73EA77ABAF269C4B101.d.D497745B9F9EF733BCD70FA0B9755BBB.e.8509"}]}
COMMAND: GET /session/3637353f0f0366f06ffc96bdd6dcca04/screenshot - {}
RESULT: {}
COMMAND: POST /session/3637353f0f0366f06ffc96bdd6dcca04/execute/sync - {"script":"<script> [8489 bytes]","args":[{"element-6066-11e4-a52e-4f735466cecf":"f.FA5AA6ACA71DB73EA77ABAF269C4B101.d.D497745B9F9EF733BCD70FA0B9755BBB.e.8509","ELEMENT":"f.FA5AA6ACA71DB73EA77ABAF269C4B101.d.D497745B9F9EF733BCD70FA0B9755BBB.e.8509"}]}
RESULT: {"script":"<script> [8489 bytes]","args":[{"element-6066-11e4-a52e-4f735466cecf":"f.FA5AA6ACA71DB73EA77ABAF269C4B101.d.D497745B9F9EF733BCD70FA0B9755BBB.e.8509","ELEMENT":"f.FA5AA6ACA71DB73EA77ABAF269C4B101.d.D497745B9F9EF733BCD70FA0B9755BBB.e.8509"}]}
COMMAND: GET /session/3637353f0f0366f06ffc96bdd6dcca04/screenshot - {}
RESULT: {}
COMMAND: POST /session/3637353f0f0366f06ffc96bdd6dcca04/execute/sync - {"script":"<script> [8489 bytes]","args":[{"element-6066-11e4-a52e-4f735466cecf":"f.FA5AA6ACA71DB73EA77ABAF269C4B101.d.D497745B9F9EF733BCD70FA0B9755BBB.e.8509","ELEMENT":"f.FA5AA6ACA71DB73EA77ABAF269C4B101.d.D497745B9F9EF733BCD70FA0B9755BBB.e.8509"}]}
RESULT: {"script":"<script> [8489 bytes]","args":[{"element-6066-11e4-a52e-4f735466cecf":"f.FA5AA6ACA71DB73EA77ABAF269C4B101.d.D497745B9F9EF733BCD70FA0B9755BBB.e.8509","ELEMENT":"f.FA5AA6ACA71DB73EA77ABAF269C4B101.d.D497745B9F9EF733BCD70FA0B9755BBB.e.8509"}]}
COMMAND: GET /session/3637353f0f0366f06ffc96bdd6dcca04/screenshot - {}
RESULT: {}
COMMAND: POST /session/3637353f0f0366f06ffc96bdd6dcca04/execute/sync - {"script":"<script> [8489 bytes]","args":[{"element-6066-11e4-a52e-4f735466cecf":"f.FA5AA6ACA71DB73EA77ABAF269C4B101.d.D497745B9F9EF733BCD70FA0B9755BBB.e.8509","ELEMENT":"f.FA5AA6ACA71DB73EA77ABAF269C4B101.d.D497745B9F9EF733BCD70FA0B9755BBB.e.8509"}]}
RESULT: {"script":"<script> [8489 bytes]","args":[{"element-6066-11e4-a52e-4f735466cecf":"f.FA5AA6ACA71DB73EA77ABAF269C4B101.d.D497745B9F9EF733BCD70FA0B9755BBB.e.8509","ELEMENT":"f.FA5AA6ACA71DB73EA77ABAF269C4B101.d.D497745B9F9EF733BCD70FA0B9755BBB.e.8509"}]}
COMMAND: GET /session/3637353f0f0366f06ffc96bdd6dcca04/screenshot - {}
RESULT: {}
COMMAND: POST /session/3637353f0f0366f06ffc96bdd6dcca04/execute/sync - {"script":"<script> [8489 bytes]","args":[{"element-6066-11e4-a52e-4f735466cecf":"f.FA5AA6ACA71DB73EA77ABAF269C4B101.d.D497745B9F9EF733BCD70FA0B9755BBB.e.8509","ELEMENT":"f.FA5AA6ACA71DB73EA77ABAF269C4B101.d.D497745B9F9EF733BCD70FA0B9755BBB.e.8509"}]}
RESULT: {"script":"<script> [8489 bytes]","args":[{"element-6066-11e4-a52e-4f735466cecf":"f.FA5AA6ACA71DB73EA77ABAF269C4B101.d.D497745B9F9EF733BCD70FA0B9755BBB.e.8509","ELEMENT":"f.FA5AA6ACA71DB73EA77ABAF269C4B101.d.D497745B9F9EF733BCD70FA0B9755BBB.e.8509"}]}
COMMAND: GET /session/3637353f0f0366f06ffc96bdd6dcca04/screenshot - {}
RESULT: {}
COMMAND: POST /session/3637353f0f0366f06ffc96bdd6dcca04/execute/sync - {"script":"<script> [8489 bytes]","args":[{"element-6066-11e4-a52e-4f735466cecf":"f.FA5AA6ACA71DB73EA77ABAF269C4B101.d.D497745B9F9EF733BCD70FA0B9755BBB.e.8509","ELEMENT":"f.FA5AA6ACA71DB73EA77ABAF269C4B101.d.D497745B9F9EF733BCD70FA0B9755BBB.e.8509"}]}
RESULT: {"script":"<script> [8489 bytes]","args":[{"element-6066-11e4-a52e-4f735466cecf":"f.FA5AA6ACA71DB73EA77ABAF269C4B101.d.D497745B9F9EF733BCD70FA0B9755BBB.e.8509","ELEMENT":"f.FA5AA6ACA71DB73EA77ABAF269C4B101.d.D497745B9F9EF733BCD70FA0B9755BBB.e.8509"}]}
COMMAND: GET /session/3637353f0f0366f06ffc96bdd6dcca04/screenshot - {}
RESULT: {}
COMMAND: POST /session/3637353f0f0366f06ffc96bdd6dcca04/execute/sync - {"script":"<script> [8489 bytes]","args":[{"element-6066-11e4-a52e-4f735466cecf":"f.FA5AA6ACA71DB73EA77ABAF269C4B101.d.D497745B9F9EF733BCD70FA0B9755BBB.e.8509","ELEMENT":"f.FA5AA6ACA71DB73EA77ABAF269C4B101.d.D497745B9F9EF733BCD70FA0B9755BBB.e.8509"}]}
RESULT: {"script":"<script> [8489 bytes]","args":[{"element-6066-11e4-a52e-4f735466cecf":"f.FA5AA6ACA71DB73EA77ABAF269C4B101.d.D497745B9F9EF733BCD70FA0B9755BBB.e.8509","ELEMENT":"f.FA5AA6ACA71DB73EA77ABAF269C4B101.d.D497745B9F9EF733BCD70FA0B9755BBB.e.8509"}]}
COMMAND: GET /session/3637353f0f0366f06ffc96bdd6dcca04/screenshot - {}
RESULT: {}
COMMAND: POST /session/3637353f0f0366f06ffc96bdd6dcca04/execute/sync - {"script":"<script> [8489 bytes]","args":[{"element-6066-11e4-a52e-4f735466cecf":"f.FA5AA6ACA71DB73EA77ABAF269C4B101.d.D497745B9F9EF733BCD70FA0B9755BBB.e.8509","ELEMENT":"f.FA5AA6ACA71DB73EA77ABAF269C4B101.d.D497745B9F9EF733BCD70FA0B9755BBB.e.8509"}]}
RESULT: {"script":"<script> [8489 bytes]","args":[{"element-6066-11e4-a52e-4f735466cecf":"f.FA5AA6ACA71DB73EA77ABAF269C4B101.d.D497745B9F9EF733BCD70FA0B9755BBB.e.8509","ELEMENT":"f.FA5AA6ACA71DB73EA77ABAF269C4B101.d.D497745B9F9EF733BCD70FA0B9755BBB.e.8509"}]}
COMMAND: GET /session/3637353f0f0366f06ffc96bdd6dcca04/screenshot - {}
RESULT: {}
COMMAND: POST /session/3637353f0f0366f06ffc96bdd6dcca04/execute/sync - {"script":"<script> [8489 bytes]","args":[{"element-6066-11e4-a52e-4f735466cecf":"f.FA5AA6ACA71DB73EA77ABAF269C4B101.d.D497745B9F9EF733BCD70FA0B9755BBB.e.8509","ELEMENT":"f.FA5AA6ACA71DB73EA77ABAF269C4B101.d.D497745B9F9EF733BCD70FA0B9755BBB.e.8509"}]}
RESULT: {"script":"<script> [8489 bytes]","args":[{"element-6066-11e4-a52e-4f735466cecf":"f.FA5AA6ACA71DB73EA77ABAF269C4B101.d.D497745B9F9EF733BCD70FA0B9755BBB.e.8509","ELEMENT":"f.FA5AA6ACA71DB73EA77ABAF269C4B101.d.D497745B9F9EF733BCD70FA0B9755BBB.e.8509"}]}
COMMAND: GET /session/3637353f0f0366f06ffc96bdd6dcca04/screenshot - {}
RESULT: {}
COMMAND: POST /session/3637353f0f0366f06ffc96bdd6dcca04/execute/sync - {"script":"<script> [8489 bytes]","args":[{"element-6066-11e4-a52e-4f735466cecf":"f.FA5AA6ACA71DB73EA77ABAF269C4B101.d.D497745B9F9EF733BCD70FA0B9755BBB.e.8509","ELEMENT":"f.FA5AA6ACA71DB73EA77ABAF269C4B101.d.D497745B9F9EF733BCD70FA0B9755BBB.e.8509"}]}
RESULT: {"script":"<script> [8489 bytes]","args":[{"element-6066-11e4-a52e-4f735466cecf":"f.FA5AA6ACA71DB73EA77ABAF269C4B101.d.D497745B9F9EF733BCD70FA0B9755BBB.e.8509","ELEMENT":"f.FA5AA6ACA71DB73EA77ABAF269C4B101.d.D497745B9F9EF733BCD70FA0B9755BBB.e.8509"}]}
COMMAND: GET /session/3637353f0f0366f06ffc96bdd6dcca04/screenshot - {}
RESULT: {}
COMMAND: POST /session/3637353f0f0366f06ffc96bdd6dcca04/execute/sync - {"script":"<script> [8489 bytes]","args":[{"element-6066-11e4-a52e-4f735466cecf":"f.FA5AA6ACA71DB73EA77ABAF269C4B101.d.D497745B9F9EF733BCD70FA0B9755BBB.e.8509","ELEMENT":"f.FA5AA6ACA71DB73EA77ABAF269C4B101.d.D497745B9F9EF733BCD70FA0B9755BBB.e.8509"}]}
RESULT: {"script":"<script> [8489 bytes]","args":[{"element-6066-11e4-a52e-4f735466cecf":"f.FA5AA6ACA71DB73EA77ABAF269C4B101.d.D497745B9F9EF733BCD70FA0B9755BBB.e.8509","ELEMENT":"f.FA5AA6ACA71DB73EA77ABAF269C4B101.d.D497745B9F9EF733BCD70FA0B9755BBB.e.8509"}]}
COMMAND: GET /session/3637353f0f0366f06ffc96bdd6dcca04/screenshot - {}
RESULT: {}
COMMAND: POST /session/3637353f0f0366f06ffc96bdd6dcca04/execute/sync - {"script":"<script> [8489 bytes]","args":[{"element-6066-11e4-a52e-4f735466cecf":"f.FA5AA6ACA71DB73EA77ABAF269C4B101.d.D497745B9F9EF733BCD70FA0B9755BBB.e.8509","ELEMENT":"f.FA5AA6ACA71DB73EA77ABAF269C4B101.d.D497745B9F9EF733BCD70FA0B9755BBB.e.8509"}]}
RESULT: {"script":"<script> [8489 bytes]","args":[{"element-6066-11e4-a52e-4f735466cecf":"f.FA5AA6ACA71DB73EA77ABAF269C4B101.d.D497745B9F9EF733BCD70FA0B9755BBB.e.8509","ELEMENT":"f.FA5AA6ACA71DB73EA77ABAF269C4B101.d.D497745B9F9EF733BCD70FA0B9755BBB.e.8509"}]}
COMMAND: GET /session/3637353f0f0366f06ffc96bdd6dcca04/screenshot - {}
RESULT: {}
COMMAND: POST /session/3637353f0f0366f06ffc96bdd6dcca04/execute/sync - {"script":"<script> [8489 bytes]","args":[{"element-6066-11e4-a52e-4f735466cecf":"f.FA5AA6ACA71DB73EA77ABAF269C4B101.d.D497745B9F9EF733BCD70FA0B9755BBB.e.8509","ELEMENT":"f.FA5AA6ACA71DB73EA77ABAF269C4B101.d.D497745B9F9EF733BCD70FA0B9755BBB.e.8509"}]}
RESULT: {"script":"<script> [8489 bytes]","args":[{"element-6066-11e4-a52e-4f735466cecf":"f.FA5AA6ACA71DB73EA77ABAF269C4B101.d.D497745B9F9EF733BCD70FA0B9755BBB.e.8509","ELEMENT":"f.FA5AA6ACA71DB73EA77ABAF269C4B101.d.D497745B9F9EF733BCD70FA0B9755BBB.e.8509"}]}
COMMAND: GET /session/3637353f0f0366f06ffc96bdd6dcca04/screenshot - {}
RESULT: {}
COMMAND: POST /session/3637353f0f0366f06ffc96bdd6dcca04/execute/sync - {"script":"<script> [8489 bytes]","args":[{"element-6066-11e4-a52e-4f735466cecf":"f.FA5AA6ACA71DB73EA77ABAF269C4B101.d.D497745B9F9EF733BCD70FA0B9755BBB.e.8509","ELEMENT":"f.FA5AA6ACA71DB73EA77ABAF269C4B101.d.D497745B9F9EF733BCD70FA0B9755BBB.e.8509"}]}
RESULT: {"script":"<script> [8489 bytes]","args":[{"element-6066-11e4-a52e-4f735466cecf":"f.FA5AA6ACA71DB73EA77ABAF269C4B101.d.D497745B9F9EF733BCD70FA0B9755BBB.e.8509","ELEMENT":"f.FA5AA6ACA71DB73EA77ABAF269C4B101.d.D497745B9F9EF733BCD70FA0B9755BBB.e.8509"}]}
COMMAND: GET /session/3637353f0f0366f06ffc96bdd6dcca04/screenshot - {}
RESULT: {}
COMMAND: POST /session/3637353f0f0366f06ffc96bdd6dcca04/execute/sync - {"script":"<script> [8489 bytes]","args":[{"element-6066-11e4-a52e-4f735466cecf":"f.FA5AA6ACA71DB73EA77ABAF269C4B101.d.D497745B9F9EF733BCD70FA0B9755BBB.e.8509","ELEMENT":"f.FA5AA6ACA71DB73EA77ABAF269C4B101.d.D497745B9F9EF733BCD70FA0B9755BBB.e.8509"}]}
RESULT: {"script":"<script> [8489 bytes]","args":[{"element-6066-11e4-a52e-4f735466cecf":"f.FA5AA6ACA71DB73EA77ABAF269C4B101.d.D497745B9F9EF733BCD70FA0B9755BBB.e.8509","ELEMENT":"f.FA5AA6ACA71DB73EA77ABAF269C4B101.d.D497745B9F9EF733BCD70FA0B9755BBB.e.8509"}]}
COMMAND: GET /session/3637353f0f0366f06ffc96bdd6dcca04/screenshot - {}
RESULT: {}
COMMAND: POST /session/3637353f0f0366f06ffc96bdd6dcca04/execute/sync - {"script":"<script> [8489 bytes]","args":[{"element-6066-11e4-a52e-4f735466cecf":"f.FA5AA6ACA71DB73EA77ABAF269C4B101.d.D497745B9F9EF733BCD70FA0B9755BBB.e.8509","ELEMENT":"f.FA5AA6ACA71DB73EA77ABAF269C4B101.d.D497745B9F9EF733BCD70FA0B9755BBB.e.8509"}]}
RESULT: {"script":"<script> [8489 bytes]","args":[{"element-6066-11e4-a52e-4f735466cecf":"f.FA5AA6ACA71DB73EA77ABAF269C4B101.d.D497745B9F9EF733BCD70FA0B9755BBB.e.8509","ELEMENT":"f.FA5AA6ACA71DB73EA77ABAF269C4B101.d.D497745B9F9EF733BCD70FA0B9755BBB.e.8509"}]}
COMMAND: GET /session/3637353f0f0366f06ffc96bdd6dcca04/screenshot - {}
RESULT: {}
COMMAND: POST /session/3637353f0f0366f06ffc96bdd6dcca04/execute/sync - {"script":"<script> [8489 bytes]","args":[{"element-6066-11e4-a52e-4f735466cecf":"f.FA5AA6ACA71DB73EA77ABAF269C4B101.d.D497745B9F9EF733BCD70FA0B9755BBB.e.8509","ELEMENT":"f.FA5AA6ACA71DB73EA77ABAF269C4B101.d.D497745B9F9EF733BCD70FA0B9755BBB.e.8509"}]}
RESULT: {"script":"<script> [8489 bytes]","args":[{"element-6066-11e4-a52e-4f735466cecf":"f.FA5AA6ACA71DB73EA77ABAF269C4B101.d.D497745B9F9EF733BCD70FA0B9755BBB.e.8509","ELEMENT":"f.FA5AA6ACA71DB73EA77ABAF269C4B101.d.D497745B9F9EF733BCD70FA0B9755BBB.e.8509"}]}
COMMAND: GET /session/3637353f0f0366f06ffc96bdd6dcca04/screenshot - {}
RESULT: {}
COMMAND: POST /session/3637353f0f0366f06ffc96bdd6dcca04/execute/sync - {"script":"<script> [8489 bytes]","args":[{"element-6066-11e4-a52e-4f735466cecf":"f.FA5AA6ACA71DB73EA77ABAF269C4B101.d.D497745B9F9EF733BCD70FA0B9755BBB.e.8509","ELEMENT":"f.FA5AA6ACA71DB73EA77ABAF269C4B101.d.D497745B9F9EF733BCD70FA0B9755BBB.e.8509"}]}
RESULT: {"script":"<script> [8489 bytes]","args":[{"element-6066-11e4-a52e-4f735466cecf":"f.FA5AA6ACA71DB73EA77ABAF269C4B101.d.D497745B9F9EF733BCD70FA0B9755BBB.e.8509","ELEMENT":"f.FA5AA6ACA71DB73EA77ABAF269C4B101.d.D497745B9F9EF733BCD70FA0B9755BBB.e.8509"}]}
COMMAND: GET /session/3637353f0f0366f06ffc96bdd6dcca04/screenshot - {}
RESULT: {}
COMMAND: POST /session/3637353f0f0366f06ffc96bdd6dcca04/execute/sync - {"script":"<script> [8489 bytes]","args":[{"element-6066-11e4-a52e-4f735466cecf":"f.FA5AA6ACA71DB73EA77ABAF269C4B101.d.D497745B9F9EF733BCD70FA0B9755BBB.e.8509","ELEMENT":"f.FA5AA6ACA71DB73EA77ABAF269C4B101.d.D497745B9F9EF733BCD70FA0B9755BBB.e.8509"}]}
RESULT: {"script":"<script> [8489 bytes]","args":[{"element-6066-11e4-a52e-4f735466cecf":"f.FA5AA6ACA71DB73EA77ABAF269C4B101.d.D497745B9F9EF733BCD70FA0B9755BBB.e.8509","ELEMENT":"f.FA5AA6ACA71DB73EA77ABAF269C4B101.d.D497745B9F9EF733BCD70FA0B9755BBB.e.8509"}]}
COMMAND: GET /session/3637353f0f0366f06ffc96bdd6dcca04/screenshot - {}
RESULT: {}
COMMAND: POST /session/3637353f0f0366f06ffc96bdd6dcca04/execute/sync - {"script":"<script> [8489 bytes]","args":[{"element-6066-11e4-a52e-4f735466cecf":"f.FA5AA6ACA71DB73EA77ABAF269C4B101.d.D497745B9F9EF733BCD70FA0B9755BBB.e.8509","ELEMENT":"f.FA5AA6ACA71DB73EA77ABAF269C4B101.d.D497745B9F9EF733BCD70FA0B9755BBB.e.8509"}]}
RESULT: {"script":"<script> [8489 bytes]","args":[{"element-6066-11e4-a52e-4f735466cecf":"f.FA5AA6ACA71DB73EA77ABAF269C4B101.d.D497745B9F9EF733BCD70FA0B9755BBB.e.8509","ELEMENT":"f.FA5AA6ACA71DB73EA77ABAF269C4B101.d.D497745B9F9EF733BCD70FA0B9755BBB.e.8509"}]}
COMMAND: GET /session/3637353f0f0366f06ffc96bdd6dcca04/screenshot - {}
RESULT: {}
COMMAND: POST /session/3637353f0f0366f06ffc96bdd6dcca04/execute/sync - {"script":"<script> [8489 bytes]","args":[{"element-6066-11e4-a52e-4f735466cecf":"f.FA5AA6ACA71DB73EA77ABAF269C4B101.d.D497745B9F9EF733BCD70FA0B9755BBB.e.8509","ELEMENT":"f.FA5AA6ACA71DB73EA77ABAF269C4B101.d.D497745B9F9EF733BCD70FA0B9755BBB.e.8509"}]}
RESULT: {"script":"<script> [8489 bytes]","args":[{"element-6066-11e4-a52e-4f735466cecf":"f.FA5AA6ACA71DB73EA77ABAF269C4B101.d.D497745B9F9EF733BCD70FA0B9755BBB.e.8509","ELEMENT":"f.FA5AA6ACA71DB73EA77ABAF269C4B101.d.D497745B9F9EF733BCD70FA0B9755BBB.e.8509"}]}
COMMAND: GET /session/3637353f0f0366f06ffc96bdd6dcca04/screenshot - {}
RESULT: {}
COMMAND: POST /session/3637353f0f0366f06ffc96bdd6dcca04/execute/sync - {"script":"<script> [8489 bytes]","args":[{"element-6066-11e4-a52e-4f735466cecf":"f.FA5AA6ACA71DB73EA77ABAF269C4B101.d.D497745B9F9EF733BCD70FA0B9755BBB.e.8509","ELEMENT":"f.FA5AA6ACA71DB73EA77ABAF269C4B101.d.D497745B9F9EF733BCD70FA0B9755BBB.e.8509"}]}
RESULT: {"script":"<script> [8489 bytes]","args":[{"element-6066-11e4-a52e-4f735466cecf":"f.FA5AA6ACA71DB73EA77ABAF269C4B101.d.D497745B9F9EF733BCD70FA0B9755BBB.e.8509","ELEMENT":"f.FA5AA6ACA71DB73EA77ABAF269C4B101.d.D497745B9F9EF733BCD70FA0B9755BBB.e.8509"}]}
COMMAND: GET /session/3637353f0f0366f06ffc96bdd6dcca04/screenshot - {}
RESULT: {}
COMMAND: POST /session/3637353f0f0366f06ffc96bdd6dcca04/execute/sync - {"script":"<script> [8489 bytes]","args":[{"element-6066-11e4-a52e-4f735466cecf":"f.FA5AA6ACA71DB73EA77ABAF269C4B101.d.D497745B9F9EF733BCD70FA0B9755BBB.e.8509","ELEMENT":"f.FA5AA6ACA71DB73EA77ABAF269C4B101.d.D497745B9F9EF733BCD70FA0B9755BBB.e.8509"}]}
RESULT: {"script":"<script> [8489 bytes]","args":[{"element-6066-11e4-a52e-4f735466cecf":"f.FA5AA6ACA71DB73EA77ABAF269C4B101.d.D497745B9F9EF733BCD70FA0B9755BBB.e.8509","ELEMENT":"f.FA5AA6ACA71DB73EA77ABAF269C4B101.d.D497745B9F9EF733BCD70FA0B9755BBB.e.8509"}]}
COMMAND: GET /session/3637353f0f0366f06ffc96bdd6dcca04/screenshot - {}
RESULT: {}
COMMAND: POST /session/3637353f0f0366f06ffc96bdd6dcca04/execute/sync - {"script":"<script> [8489 bytes]","args":[{"element-6066-11e4-a52e-4f735466cecf":"f.FA5AA6ACA71DB73EA77ABAF269C4B101.d.D497745B9F9EF733BCD70FA0B9755BBB.e.8509","ELEMENT":"f.FA5AA6ACA71DB73EA77ABAF269C4B101.d.D497745B9F9EF733BCD70FA0B9755BBB.e.8509"}]}
RESULT: {"script":"<script> [8489 bytes]","args":[{"element-6066-11e4-a52e-4f735466cecf":"f.FA5AA6ACA71DB73EA77ABAF269C4B101.d.D497745B9F9EF733BCD70FA0B9755BBB.e.8509","ELEMENT":"f.FA5AA6ACA71DB73EA77ABAF269C4B101.d.D497745B9F9EF733BCD70FA0B9755BBB.e.8509"}]}
COMMAND: GET /session/3637353f0f0366f06ffc96bdd6dcca04/screenshot - {}
RESULT: {}
COMMAND: POST /session/3637353f0f0366f06ffc96bdd6dcca04/execute/sync - {"script":"<script> [8489 bytes]","args":[{"element-6066-11e4-a52e-4f735466cecf":"f.FA5AA6ACA71DB73EA77ABAF269C4B101.d.D497745B9F9EF733BCD70FA0B9755BBB.e.8509","ELEMENT":"f.FA5AA6ACA71DB73EA77ABAF269C4B101.d.D497745B9F9EF733BCD70FA0B9755BBB.e.8509"}]}
RESULT: {"script":"<script> [8489 bytes]","args":[{"element-6066-11e4-a52e-4f735466cecf":"f.FA5AA6ACA71DB73EA77ABAF269C4B101.d.D497745B9F9EF733BCD70FA0B9755BBB.e.8509","ELEMENT":"f.FA5AA6ACA71DB73EA77ABAF269C4B101.d.D497745B9F9EF733BCD70FA0B9755BBB.e.8509"}]}
COMMAND: GET /session/3637353f0f0366f06ffc96bdd6dcca04/screenshot - {}
RESULT: {}
COMMAND: POST /session/3637353f0f0366f06ffc96bdd6dcca04/execute/sync - {"script":"<script> [8489 bytes]","args":[{"element-6066-11e4-a52e-4f735466cecf":"f.FA5AA6ACA71DB73EA77ABAF269C4B101.d.D497745B9F9EF733BCD70FA0B9755BBB.e.8509","ELEMENT":"f.FA5AA6ACA71DB73EA77ABAF269C4B101.d.D497745B9F9EF733BCD70FA0B9755BBB.e.8509"}]}
RESULT: {"script":"<script> [8489 bytes]","args":[{"element-6066-11e4-a52e-4f735466cecf":"f.FA5AA6ACA71DB73EA77ABAF269C4B101.d.D497745B9F9EF733BCD70FA0B9755BBB.e.8509","ELEMENT":"f.FA5AA6ACA71DB73EA77ABAF269C4B101.d.D497745B9F9EF733BCD70FA0B9755BBB.e.8509"}]}
COMMAND: GET /session/3637353f0f0366f06ffc96bdd6dcca04/screenshot - {}
RESULT: {}
COMMAND: POST /session/3637353f0f0366f06ffc96bdd6dcca04/execute/sync - {"script":"<script> [8489 bytes]","args":[{"element-6066-11e4-a52e-4f735466cecf":"f.FA5AA6ACA71DB73EA77ABAF269C4B101.d.D497745B9F9EF733BCD70FA0B9755BBB.e.8509","ELEMENT":"f.FA5AA6ACA71DB73EA77ABAF269C4B101.d.D497745B9F9EF733BCD70FA0B9755BBB.e.8509"}]}
RESULT: {"script":"<script> [8489 bytes]","args":[{"element-6066-11e4-a52e-4f735466cecf":"f.FA5AA6ACA71DB73EA77ABAF269C4B101.d.D497745B9F9EF733BCD70FA0B9755BBB.e.8509","ELEMENT":"f.FA5AA6ACA71DB73EA77ABAF269C4B101.d.D497745B9F9EF733BCD70FA0B9755BBB.e.8509"}]}
COMMAND: GET /session/3637353f0f0366f06ffc96bdd6dcca04/screenshot - {}
RESULT: {}
COMMAND: POST /session/3637353f0f0366f06ffc96bdd6dcca04/execute/sync - {"script":"<script> [8489 bytes]","args":[{"element-6066-11e4-a52e-4f735466cecf":"f.FA5AA6ACA71DB73EA77ABAF269C4B101.d.D497745B9F9EF733BCD70FA0B9755BBB.e.8509","ELEMENT":"f.FA5AA6ACA71DB73EA77ABAF269C4B101.d.D497745B9F9EF733BCD70FA0B9755BBB.e.8509"}]}
RESULT: {"script":"<script> [8489 bytes]","args":[{"element-6066-11e4-a52e-4f735466cecf":"f.FA5AA6ACA71DB73EA77ABAF269C4B101.d.D497745B9F9EF733BCD70FA0B9755BBB.e.8509","ELEMENT":"f.FA5AA6ACA71DB73EA77ABAF269C4B101.d.D497745B9F9EF733BCD70FA0B9755BBB.e.8509"}]}
COMMAND: GET /session/3637353f0f0366f06ffc96bdd6dcca04/screenshot - {}
RESULT: {}
COMMAND: POST /session/3637353f0f0366f06ffc96bdd6dcca04/execute/sync - {"script":"<script> [8489 bytes]","args":[{"element-6066-11e4-a52e-4f735466cecf":"f.FA5AA6ACA71DB73EA77ABAF269C4B101.d.D497745B9F9EF733BCD70FA0B9755BBB.e.8509","ELEMENT":"f.FA5AA6ACA71DB73EA77ABAF269C4B101.d.D497745B9F9EF733BCD70FA0B9755BBB.e.8509"}]}
RESULT: {"script":"<script> [8489 bytes]","args":[{"element-6066-11e4-a52e-4f735466cecf":"f.FA5AA6ACA71DB73EA77ABAF269C4B101.d.D497745B9F9EF733BCD70FA0B9755BBB.e.8509","ELEMENT":"f.FA5AA6ACA71DB73EA77ABAF269C4B101.d.D497745B9F9EF733BCD70FA0B9755BBB.e.8509"}]}
COMMAND: GET /session/3637353f0f0366f06ffc96bdd6dcca04/screenshot - {}
RESULT: {}
COMMAND: POST /session/3637353f0f0366f06ffc96bdd6dcca04/execute/sync - {"script":"<script> [8489 bytes]","args":[{"element-6066-11e4-a52e-4f735466cecf":"f.FA5AA6ACA71DB73EA77ABAF269C4B101.d.D497745B9F9EF733BCD70FA0B9755BBB.e.8509","ELEMENT":"f.FA5AA6ACA71DB73EA77ABAF269C4B101.d.D497745B9F9EF733BCD70FA0B9755BBB.e.8509"}]}
RESULT: {"script":"<script> [8489 bytes]","args":[{"element-6066-11e4-a52e-4f735466cecf":"f.FA5AA6ACA71DB73EA77ABAF269C4B101.d.D497745B9F9EF733BCD70FA0B9755BBB.e.8509","ELEMENT":"f.FA5AA6ACA71DB73EA77ABAF269C4B101.d.D497745B9F9EF733BCD70FA0B9755BBB.e.8509"}]}
COMMAND: GET /session/3637353f0f0366f06ffc96bdd6dcca04/screenshot - {}
RESULT: {}
COMMAND: POST /session/3637353f0f0366f06ffc96bdd6dcca04/execute/sync - {"script":"<script> [8489 bytes]","args":[{"element-6066-11e4-a52e-4f735466cecf":"f.FA5AA6ACA71DB73EA77ABAF269C4B101.d.D497745B9F9EF733BCD70FA0B9755BBB.e.8509","ELEMENT":"f.FA5AA6ACA71DB73EA77ABAF269C4B101.d.D497745B9F9EF733BCD70FA0B9755BBB.e.8509"}]}
RESULT: {"script":"<script> [8489 bytes]","args":[{"element-6066-11e4-a52e-4f735466cecf":"f.FA5AA6ACA71DB73EA77ABAF269C4B101.d.D497745B9F9EF733BCD70FA0B9755BBB.e.8509","ELEMENT":"f.FA5AA6ACA71DB73EA77ABAF269C4B101.d.D497745B9F9EF733BCD70FA0B9755BBB.e.8509"}]}
COMMAND: GET /session/3637353f0f0366f06ffc96bdd6dcca04/screenshot - {}
RESULT: {}
COMMAND: POST /session/3637353f0f0366f06ffc96bdd6dcca04/execute/sync - {"script":"<script> [8489 bytes]","args":[{"element-6066-11e4-a52e-4f735466cecf":"f.FA5AA6ACA71DB73EA77ABAF269C4B101.d.D497745B9F9EF733BCD70FA0B9755BBB.e.8509","ELEMENT":"f.FA5AA6ACA71DB73EA77ABAF269C4B101.d.D497745B9F9EF733BCD70FA0B9755BBB.e.8509"}]}
RESULT: {"script":"<script> [8489 bytes]","args":[{"element-6066-11e4-a52e-4f735466cecf":"f.FA5AA6ACA71DB73EA77ABAF269C4B101.d.D497745B9F9EF733BCD70FA0B9755BBB.e.8509","ELEMENT":"f.FA5AA6ACA71DB73EA77ABAF269C4B101.d.D497745B9F9EF733BCD70FA0B9755BBB.e.8509"}]}
COMMAND: GET /session/3637353f0f0366f06ffc96bdd6dcca04/screenshot - {}
RESULT: {}
COMMAND: POST /session/3637353f0f0366f06ffc96bdd6dcca04/execute/sync - {"script":"<script> [8489 bytes]","args":[{"element-6066-11e4-a52e-4f735466cecf":"f.FA5AA6ACA71DB73EA77ABAF269C4B101.d.D497745B9F9EF733BCD70FA0B9755BBB.e.8509","ELEMENT":"f.FA5AA6ACA71DB73EA77ABAF269C4B101.d.D497745B9F9EF733BCD70FA0B9755BBB.e.8509"}]}
RESULT: {"script":"<script> [8489 bytes]","args":[{"element-6066-11e4-a52e-4f735466cecf":"f.FA5AA6ACA71DB73EA77ABAF269C4B101.d.D497745B9F9EF733BCD70FA0B9755BBB.e.8509","ELEMENT":"f.FA5AA6ACA71DB73EA77ABAF269C4B101.d.D497745B9F9EF733BCD70FA0B9755BBB.e.8509"}]}
COMMAND: GET /session/3637353f0f0366f06ffc96bdd6dcca04/screenshot - {}
RESULT: {}
COMMAND: POST /session/3637353f0f0366f06ffc96bdd6dcca04/execute/sync - {"script":"<script> [8489 bytes]","args":[{"element-6066-11e4-a52e-4f735466cecf":"f.FA5AA6ACA71DB73EA77ABAF269C4B101.d.D497745B9F9EF733BCD70FA0B9755BBB.e.8509","ELEMENT":"f.FA5AA6ACA71DB73EA77ABAF269C4B101.d.D497745B9F9EF733BCD70FA0B9755BBB.e.8509"}]}
RESULT: {"script":"<script> [8489 bytes]","args":[{"element-6066-11e4-a52e-4f735466cecf":"f.FA5AA6ACA71DB73EA77ABAF269C4B101.d.D497745B9F9EF733BCD70FA0B9755BBB.e.8509","ELEMENT":"f.FA5AA6ACA71DB73EA77ABAF269C4B101.d.D497745B9F9EF733BCD70FA0B9755BBB.e.8509"}]}
COMMAND: GET /session/3637353f0f0366f06ffc96bdd6dcca04/screenshot - {}
RESULT: {}
COMMAND: POST /session/3637353f0f0366f06ffc96bdd6dcca04/execute/sync - {"script":"<script> [8489 bytes]","args":[{"element-6066-11e4-a52e-4f735466cecf":"f.FA5AA6ACA71DB73EA77ABAF269C4B101.d.D497745B9F9EF733BCD70FA0B9755BBB.e.8509","ELEMENT":"f.FA5AA6ACA71DB73EA77ABAF269C4B101.d.D497745B9F9EF733BCD70FA0B9755BBB.e.8509"}]}
RESULT: {"script":"<script> [8489 bytes]","args":[{"element-6066-11e4-a52e-4f735466cecf":"f.FA5AA6ACA71DB73EA77ABAF269C4B101.d.D497745B9F9EF733BCD70FA0B9755BBB.e.8509","ELEMENT":"f.FA5AA6ACA71DB73EA77ABAF269C4B101.d.D497745B9F9EF733BCD70FA0B9755BBB.e.8509"}]}
COMMAND: GET /session/3637353f0f0366f06ffc96bdd6dcca04/screenshot - {}
RESULT: {}
COMMAND: POST /session/3637353f0f0366f06ffc96bdd6dcca04/execute/sync - {"script":"<script> [8489 bytes]","args":[{"element-6066-11e4-a52e-4f735466cecf":"f.FA5AA6ACA71DB73EA77ABAF269C4B101.d.D497745B9F9EF733BCD70FA0B9755BBB.e.8509","ELEMENT":"f.FA5AA6ACA71DB73EA77ABAF269C4B101.d.D497745B9F9EF733BCD70FA0B9755BBB.e.8509"}]}
RESULT: {"script":"<script> [8489 bytes]","args":[{"element-6066-11e4-a52e-4f735466cecf":"f.FA5AA6ACA71DB73EA77ABAF269C4B101.d.D497745B9F9EF733BCD70FA0B9755BBB.e.8509","ELEMENT":"f.FA5AA6ACA71DB73EA77ABAF269C4B101.d.D497745B9F9EF733BCD70FA0B9755BBB.e.8509"}]}
COMMAND: GET /session/3637353f0f0366f06ffc96bdd6dcca04/screenshot - {}
RESULT: {}
COMMAND: POST /session/3637353f0f0366f06ffc96bdd6dcca04/execute/sync - {"script":"<script> [8489 bytes]","args":[{"element-6066-11e4-a52e-4f735466cecf":"f.FA5AA6ACA71DB73EA77ABAF269C4B101.d.D497745B9F9EF733BCD70FA0B9755BBB.e.8509","ELEMENT":"f.FA5AA6ACA71DB73EA77ABAF269C4B101.d.D497745B9F9EF733BCD70FA0B9755BBB.e.8509"}]}
RESULT: {"script":"<script> [8489 bytes]","args":[{"element-6066-11e4-a52e-4f735466cecf":"f.FA5AA6ACA71DB73EA77ABAF269C4B101.d.D497745B9F9EF733BCD70FA0B9755BBB.e.8509","ELEMENT":"f.FA5AA6ACA71DB73EA77ABAF269C4B101.d.D497745B9F9EF733BCD70FA0B9755BBB.e.8509"}]}
COMMAND: GET /session/3637353f0f0366f06ffc96bdd6dcca04/screenshot - {}
RESULT: {}
COMMAND: POST /session/3637353f0f0366f06ffc96bdd6dcca04/execute/sync - {"script":"<script> [8489 bytes]","args":[{"element-6066-11e4-a52e-4f735466cecf":"f.FA5AA6ACA71DB73EA77ABAF269C4B101.d.D497745B9F9EF733BCD70FA0B9755BBB.e.8509","ELEMENT":"f.FA5AA6ACA71DB73EA77ABAF269C4B101.d.D497745B9F9EF733BCD70FA0B9755BBB.e.8509"}]}
RESULT: {"script":"<script> [8489 bytes]","args":[{"element-6066-11e4-a52e-4f735466cecf":"f.FA5AA6ACA71DB73EA77ABAF269C4B101.d.D497745B9F9EF733BCD70FA0B9755BBB.e.8509","ELEMENT":"f.FA5AA6ACA71DB73EA77ABAF269C4B101.d.D497745B9F9EF733BCD70FA0B9755BBB.e.8509"}]}
COMMAND: GET /session/3637353f0f0366f06ffc96bdd6dcca04/screenshot - {}
RESULT: {}
COMMAND: POST /session/3637353f0f0366f06ffc96bdd6dcca04/execute/sync - {"script":"<script> [8489 bytes]","args":[{"element-6066-11e4-a52e-4f735466cecf":"f.FA5AA6ACA71DB73EA77ABAF269C4B101.d.D497745B9F9EF733BCD70FA0B9755BBB.e.8509","ELEMENT":"f.FA5AA6ACA71DB73EA77ABAF269C4B101.d.D497745B9F9EF733BCD70FA0B9755BBB.e.8509"}]}
RESULT: {"script":"<script> [8489 bytes]","args":[{"element-6066-11e4-a52e-4f735466cecf":"f.FA5AA6ACA71DB73EA77ABAF269C4B101.d.D497745B9F9EF733BCD70FA0B9755BBB.e.8509","ELEMENT":"f.FA5AA6ACA71DB73EA77ABAF269C4B101.d.D497745B9F9EF733BCD70FA0B9755BBB.e.8509"}]}
COMMAND: GET /session/3637353f0f0366f06ffc96bdd6dcca04/screenshot - {}
RESULT: {}
COMMAND: POST /session/3637353f0f0366f06ffc96bdd6dcca04/execute/sync - {"script":"<script> [8489 bytes]","args":[{"element-6066-11e4-a52e-4f735466cecf":"f.FA5AA6ACA71DB73EA77ABAF269C4B101.d.D497745B9F9EF733BCD70FA0B9755BBB.e.8509","ELEMENT":"f.FA5AA6ACA71DB73EA77ABAF269C4B101.d.D497745B9F9EF733BCD70FA0B9755BBB.e.8509"}]}
RESULT: {"script":"<script> [8489 bytes]","args":[{"element-6066-11e4-a52e-4f735466cecf":"f.FA5AA6ACA71DB73EA77ABAF269C4B101.d.D497745B9F9EF733BCD70FA0B9755BBB.e.8509","ELEMENT":"f.FA5AA6ACA71DB73EA77ABAF269C4B101.d.D497745B9F9EF733BCD70FA0B9755BBB.e.8509"}]}
COMMAND: GET /session/3637353f0f0366f06ffc96bdd6dcca04/screenshot - {}
RESULT: {}
COMMAND: POST /session/3637353f0f0366f06ffc96bdd6dcca04/execute/sync - {"script":"<script> [8489 bytes]","args":[{"element-6066-11e4-a52e-4f735466cecf":"f.FA5AA6ACA71DB73EA77ABAF269C4B101.d.D497745B9F9EF733BCD70FA0B9755BBB.e.8509","ELEMENT":"f.FA5AA6ACA71DB73EA77ABAF269C4B101.d.D497745B9F9EF733BCD70FA0B9755BBB.e.8509"}]}
RESULT: {"script":"<script> [8489 bytes]","args":[{"element-6066-11e4-a52e-4f735466cecf":"f.FA5AA6ACA71DB73EA77ABAF269C4B101.d.D497745B9F9EF733BCD70FA0B9755BBB.e.8509","ELEMENT":"f.FA5AA6ACA71DB73EA77ABAF269C4B101.d.D497745B9F9EF733BCD70FA0B9755BBB.e.8509"}]}
COMMAND: GET /session/3637353f0f0366f06ffc96bdd6dcca04/screenshot - {}
RESULT: {}
COMMAND: POST /session/3637353f0f0366f06ffc96bdd6dcca04/execute/sync - {"script":"<script> [8489 bytes]","args":[{"element-6066-11e4-a52e-4f735466cecf":"f.FA5AA6ACA71DB73EA77ABAF269C4B101.d.D497745B9F9EF733BCD70FA0B9755BBB.e.8509","ELEMENT":"f.FA5AA6ACA71DB73EA77ABAF269C4B101.d.D497745B9F9EF733BCD70FA0B9755BBB.e.8509"}]}
RESULT: {"script":"<script> [8489 bytes]","args":[{"element-6066-11e4-a52e-4f735466cecf":"f.FA5AA6ACA71DB73EA77ABAF269C4B101.d.D497745B9F9EF733BCD70FA0B9755BBB.e.8509","ELEMENT":"f.FA5AA6ACA71DB73EA77ABAF269C4B101.d.D497745B9F9EF733BCD70FA0B9755BBB.e.8509"}]}
COMMAND: GET /session/3637353f0f0366f06ffc96bdd6dcca04/screenshot - {}
RESULT: {}
COMMAND: POST /session/3637353f0f0366f06ffc96bdd6dcca04/execute/sync - {"script":"<script> [8489 bytes]","args":[{"element-6066-11e4-a52e-4f735466cecf":"f.FA5AA6ACA71DB73EA77ABAF269C4B101.d.D497745B9F9EF733BCD70FA0B9755BBB.e.8509","ELEMENT":"f.FA5AA6ACA71DB73EA77ABAF269C4B101.d.D497745B9F9EF733BCD70FA0B9755BBB.e.8509"}]}
RESULT: {"script":"<script> [8489 bytes]","args":[{"element-6066-11e4-a52e-4f735466cecf":"f.FA5AA6ACA71DB73EA77ABAF269C4B101.d.D497745B9F9EF733BCD70FA0B9755BBB.e.8509","ELEMENT":"f.FA5AA6ACA71DB73EA77ABAF269C4B101.d.D497745B9F9EF733BCD70FA0B9755BBB.e.8509"}]}
COMMAND: GET /session/3637353f0f0366f06ffc96bdd6dcca04/screenshot - {}
RESULT: {}
COMMAND: POST /session/3637353f0f0366f06ffc96bdd6dcca04/execute/sync - {"script":"<script> [8489 bytes]","args":[{"element-6066-11e4-a52e-4f735466cecf":"f.FA5AA6ACA71DB73EA77ABAF269C4B101.d.D497745B9F9EF733BCD70FA0B9755BBB.e.8509","ELEMENT":"f.FA5AA6ACA71DB73EA77ABAF269C4B101.d.D497745B9F9EF733BCD70FA0B9755BBB.e.8509"}]}
RESULT: {"script":"<script> [8489 bytes]","args":[{"element-6066-11e4-a52e-4f735466cecf":"f.FA5AA6ACA71DB73EA77ABAF269C4B101.d.D497745B9F9EF733BCD70FA0B9755BBB.e.8509","ELEMENT":"f.FA5AA6ACA71DB73EA77ABAF269C4B101.d.D497745B9F9EF733BCD70FA0B9755BBB.e.8509"}]}
COMMAND: GET /session/3637353f0f0366f06ffc96bdd6dcca04/screenshot - {}
RESULT: {}
COMMAND: POST /session/3637353f0f0366f06ffc96bdd6dcca04/execute/sync - {"script":"<script> [8489 bytes]","args":[{"element-6066-11e4-a52e-4f735466cecf":"f.FA5AA6ACA71DB73EA77ABAF269C4B101.d.D497745B9F9EF733BCD70FA0B9755BBB.e.8509","ELEMENT":"f.FA5AA6ACA71DB73EA77ABAF269C4B101.d.D497745B9F9EF733BCD70FA0B9755BBB.e.8509"}]}
RESULT: {"script":"<script> [8489 bytes]","args":[{"element-6066-11e4-a52e-4f735466cecf":"f.FA5AA6ACA71DB73EA77ABAF269C4B101.d.D497745B9F9EF733BCD70FA0B9755BBB.e.8509","ELEMENT":"f.FA5AA6ACA71DB73EA77ABAF269C4B101.d.D497745B9F9EF733BCD70FA0B9755BBB.e.8509"}]}
COMMAND: GET /session/3637353f0f0366f06ffc96bdd6dcca04/screenshot - {}
RESULT: {}
COMMAND: POST /session/3637353f0f0366f06ffc96bdd6dcca04/execute/sync - {"script":"<script> [8489 bytes]","args":[{"element-6066-11e4-a52e-4f735466cecf":"f.FA5AA6ACA71DB73EA77ABAF269C4B101.d.D497745B9F9EF733BCD70FA0B9755BBB.e.8509","ELEMENT":"f.FA5AA6ACA71DB73EA77ABAF269C4B101.d.D497745B9F9EF733BCD70FA0B9755BBB.e.8509"}]}
RESULT: {"script":"<script> [8489 bytes]","args":[{"element-6066-11e4-a52e-4f735466cecf":"f.FA5AA6ACA71DB73EA77ABAF269C4B101.d.D497745B9F9EF733BCD70FA0B9755BBB.e.8509","ELEMENT":"f.FA5AA6ACA71DB73EA77ABAF269C4B101.d.D497745B9F9EF733BCD70FA0B9755BBB.e.8509"}]}
COMMAND: GET /session/3637353f0f0366f06ffc96bdd6dcca04/screenshot - {}
RESULT: {}
COMMAND: POST /session/3637353f0f0366f06ffc96bdd6dcca04/execute/sync - {"script":"<script> [8489 bytes]","args":[{"element-6066-11e4-a52e-4f735466cecf":"f.FA5AA6ACA71DB73EA77ABAF269C4B101.d.D497745B9F9EF733BCD70FA0B9755BBB.e.8509","ELEMENT":"f.FA5AA6ACA71DB73EA77ABAF269C4B101.d.D497745B9F9EF733BCD70FA0B9755BBB.e.8509"}]}
RESULT: {"script":"<script> [8489 bytes]","args":[{"element-6066-11e4-a52e-4f735466cecf":"f.FA5AA6ACA71DB73EA77ABAF269C4B101.d.D497745B9F9EF733BCD70FA0B9755BBB.e.8509","ELEMENT":"f.FA5AA6ACA71DB73EA77ABAF269C4B101.d.D497745B9F9EF733BCD70FA0B9755BBB.e.8509"}]}
COMMAND: GET /session/3637353f0f0366f06ffc96bdd6dcca04/screenshot - {}
RESULT: {}
COMMAND: POST /session/3637353f0f0366f06ffc96bdd6dcca04/execute/sync - {"script":"<script> [8489 bytes]","args":[{"element-6066-11e4-a52e-4f735466cecf":"f.FA5AA6ACA71DB73EA77ABAF269C4B101.d.D497745B9F9EF733BCD70FA0B9755BBB.e.8509","ELEMENT":"f.FA5AA6ACA71DB73EA77ABAF269C4B101.d.D497745B9F9EF733BCD70FA0B9755BBB.e.8509"}]}
RESULT: {"script":"<script> [8489 bytes]","args":[{"element-6066-11e4-a52e-4f735466cecf":"f.FA5AA6ACA71DB73EA77ABAF269C4B101.d.D497745B9F9EF733BCD70FA0B9755BBB.e.8509","ELEMENT":"f.FA5AA6ACA71DB73EA77ABAF269C4B101.d.D497745B9F9EF733BCD70FA0B9755BBB.e.8509"}]}
COMMAND: GET /session/3637353f0f0366f06ffc96bdd6dcca04/screenshot - {}
RESULT: {}
COMMAND: POST /session/3637353f0f0366f06ffc96bdd6dcca04/execute/sync - {"script":"<script> [8489 bytes]","args":[{"element-6066-11e4-a52e-4f735466cecf":"f.FA5AA6ACA71DB73EA77ABAF269C4B101.d.D497745B9F9EF733BCD70FA0B9755BBB.e.8509","ELEMENT":"f.FA5AA6ACA71DB73EA77ABAF269C4B101.d.D497745B9F9EF733BCD70FA0B9755BBB.e.8509"}]}
RESULT: {"script":"<script> [8489 bytes]","args":[{"element-6066-11e4-a52e-4f735466cecf":"f.FA5AA6ACA71DB73EA77ABAF269C4B101.d.D497745B9F9EF733BCD70FA0B9755BBB.e.8509","ELEMENT":"f.FA5AA6ACA71DB73EA77ABAF269C4B101.d.D497745B9F9EF733BCD70FA0B9755BBB.e.8509"}]}
COMMAND: GET /session/3637353f0f0366f06ffc96bdd6dcca04/screenshot - {}
RESULT: {}
COMMAND: POST /session/3637353f0f0366f06ffc96bdd6dcca04/execute/sync - {"script":"<script> [8489 bytes]","args":[{"element-6066-11e4-a52e-4f735466cecf":"f.FA5AA6ACA71DB73EA77ABAF269C4B101.d.D497745B9F9EF733BCD70FA0B9755BBB.e.8509","ELEMENT":"f.FA5AA6ACA71DB73EA77ABAF269C4B101.d.D497745B9F9EF733BCD70FA0B9755BBB.e.8509"}]}
RESULT: {"script":"<script> [8489 bytes]","args":[{"element-6066-11e4-a52e-4f735466cecf":"f.FA5AA6ACA71DB73EA77ABAF269C4B101.d.D497745B9F9EF733BCD70FA0B9755BBB.e.8509","ELEMENT":"f.FA5AA6ACA71DB73EA77ABAF269C4B101.d.D497745B9F9EF733BCD70FA0B9755BBB.e.8509"}]}
COMMAND: GET /session/3637353f0f0366f06ffc96bdd6dcca04/screenshot - {}
RESULT: {}
COMMAND: POST /session/3637353f0f0366f06ffc96bdd6dcca04/execute/sync - {"script":"<script> [8489 bytes]","args":[{"element-6066-11e4-a52e-4f735466cecf":"f.FA5AA6ACA71DB73EA77ABAF269C4B101.d.D497745B9F9EF733BCD70FA0B9755BBB.e.8509","ELEMENT":"f.FA5AA6ACA71DB73EA77ABAF269C4B101.d.D497745B9F9EF733BCD70FA0B9755BBB.e.8509"}]}
RESULT: {"script":"<script> [8489 bytes]","args":[{"element-6066-11e4-a52e-4f735466cecf":"f.FA5AA6ACA71DB73EA77ABAF269C4B101.d.D497745B9F9EF733BCD70FA0B9755BBB.e.8509","ELEMENT":"f.FA5AA6ACA71DB73EA77ABAF269C4B101.d.D497745B9F9EF733BCD70FA0B9755BBB.e.8509"}]}
COMMAND: GET /session/3637353f0f0366f06ffc96bdd6dcca04/screenshot - {}
RESULT: {}
COMMAND: POST /session/3637353f0f0366f06ffc96bdd6dcca04/execute/sync - {"script":"<script> [8489 bytes]","args":[{"element-6066-11e4-a52e-4f735466cecf":"f.FA5AA6ACA71DB73EA77ABAF269C4B101.d.D497745B9F9EF733BCD70FA0B9755BBB.e.8509","ELEMENT":"f.FA5AA6ACA71DB73EA77ABAF269C4B101.d.D497745B9F9EF733BCD70FA0B9755BBB.e.8509"}]}
RESULT: {"script":"<script> [8489 bytes]","args":[{"element-6066-11e4-a52e-4f735466cecf":"f.FA5AA6ACA71DB73EA77ABAF269C4B101.d.D497745B9F9EF733BCD70FA0B9755BBB.e.8509","ELEMENT":"f.FA5AA6ACA71DB73EA77ABAF269C4B101.d.D497745B9F9EF733BCD70FA0B9755BBB.e.8509"}]}
COMMAND: GET /session/3637353f0f0366f06ffc96bdd6dcca04/screenshot - {}
RESULT: {}
COMMAND: POST /session/3637353f0f0366f06ffc96bdd6dcca04/execute/sync - {"script":"<script> [8489 bytes]","args":[{"element-6066-11e4-a52e-4f735466cecf":"f.FA5AA6ACA71DB73EA77ABAF269C4B101.d.D497745B9F9EF733BCD70FA0B9755BBB.e.8509","ELEMENT":"f.FA5AA6ACA71DB73EA77ABAF269C4B101.d.D497745B9F9EF733BCD70FA0B9755BBB.e.8509"}]}
RESULT: {"script":"<script> [8489 bytes]","args":[{"element-6066-11e4-a52e-4f735466cecf":"f.FA5AA6ACA71DB73EA77ABAF269C4B101.d.D497745B9F9EF733BCD70FA0B9755BBB.e.8509","ELEMENT":"f.FA5AA6ACA71DB73EA77ABAF269C4B101.d.D497745B9F9EF733BCD70FA0B9755BBB.e.8509"}]}
COMMAND: GET /session/3637353f0f0366f06ffc96bdd6dcca04/screenshot - {}
RESULT: {}
COMMAND: POST /session/3637353f0f0366f06ffc96bdd6dcca04/execute/sync - {"script":"<script> [8489 bytes]","args":[{"element-6066-11e4-a52e-4f735466cecf":"f.FA5AA6ACA71DB73EA77ABAF269C4B101.d.D497745B9F9EF733BCD70FA0B9755BBB.e.8509","ELEMENT":"f.FA5AA6ACA71DB73EA77ABAF269C4B101.d.D497745B9F9EF733BCD70FA0B9755BBB.e.8509"}]}
RESULT: {"script":"<script> [8489 bytes]","args":[{"element-6066-11e4-a52e-4f735466cecf":"f.FA5AA6ACA71DB73EA77ABAF269C4B101.d.D497745B9F9EF733BCD70FA0B9755BBB.e.8509","ELEMENT":"f.FA5AA6ACA71DB73EA77ABAF269C4B101.d.D497745B9F9EF733BCD70FA0B9755BBB.e.8509"}]}
COMMAND: GET /session/3637353f0f0366f06ffc96bdd6dcca04/screenshot - {}
RESULT: {}
COMMAND: POST /session/3637353f0f0366f06ffc96bdd6dcca04/execute/sync - {"script":"<script> [8489 bytes]","args":[{"element-6066-11e4-a52e-4f735466cecf":"f.FA5AA6ACA71DB73EA77ABAF269C4B101.d.D497745B9F9EF733BCD70FA0B9755BBB.e.8509","ELEMENT":"f.FA5AA6ACA71DB73EA77ABAF269C4B101.d.D497745B9F9EF733BCD70FA0B9755BBB.e.8509"}]}
RESULT: {"script":"<script> [8489 bytes]","args":[{"element-6066-11e4-a52e-4f735466cecf":"f.FA5AA6ACA71DB73EA77ABAF269C4B101.d.D497745B9F9EF733BCD70FA0B9755BBB.e.8509","ELEMENT":"f.FA5AA6ACA71DB73EA77ABAF269C4B101.d.D497745B9F9EF733BCD70FA0B9755BBB.e.8509"}]}
COMMAND: GET /session/3637353f0f0366f06ffc96bdd6dcca04/screenshot - {}
RESULT: {}
COMMAND: POST /session/3637353f0f0366f06ffc96bdd6dcca04/execute/sync - {"script":"<script> [8489 bytes]","args":[{"element-6066-11e4-a52e-4f735466cecf":"f.FA5AA6ACA71DB73EA77ABAF269C4B101.d.D497745B9F9EF733BCD70FA0B9755BBB.e.8509","ELEMENT":"f.FA5AA6ACA71DB73EA77ABAF269C4B101.d.D497745B9F9EF733BCD70FA0B9755BBB.e.8509"}]}
RESULT: {"script":"<script> [8489 bytes]","args":[{"element-6066-11e4-a52e-4f735466cecf":"f.FA5AA6ACA71DB73EA77ABAF269C4B101.d.D497745B9F9EF733BCD70FA0B9755BBB.e.8509","ELEMENT":"f.FA5AA6ACA71DB73EA77ABAF269C4B101.d.D497745B9F9EF733BCD70FA0B9755BBB.e.8509"}]}
COMMAND: GET /session/3637353f0f0366f06ffc96bdd6dcca04/screenshot - {}
RESULT: {}
COMMAND: POST /session/3637353f0f0366f06ffc96bdd6dcca04/execute/sync - {"script":"<script> [8489 bytes]","args":[{"element-6066-11e4-a52e-4f735466cecf":"f.FA5AA6ACA71DB73EA77ABAF269C4B101.d.D497745B9F9EF733BCD70FA0B9755BBB.e.8509","ELEMENT":"f.FA5AA6ACA71DB73EA77ABAF269C4B101.d.D497745B9F9EF733BCD70FA0B9755BBB.e.8509"}]}
RESULT: {"script":"<script> [8489 bytes]","args":[{"element-6066-11e4-a52e-4f735466cecf":"f.FA5AA6ACA71DB73EA77ABAF269C4B101.d.D497745B9F9EF733BCD70FA0B9755BBB.e.8509","ELEMENT":"f.FA5AA6ACA71DB73EA77ABAF269C4B101.d.D497745B9F9EF733BCD70FA0B9755BBB.e.8509"}]}
COMMAND: GET /session/3637353f0f0366f06ffc96bdd6dcca04/screenshot - {}
RESULT: {}
COMMAND: POST /session/3637353f0f0366f06ffc96bdd6dcca04/execute/sync - {"script":"<script> [8489 bytes]","args":[{"element-6066-11e4-a52e-4f735466cecf":"f.FA5AA6ACA71DB73EA77ABAF269C4B101.d.D497745B9F9EF733BCD70FA0B9755BBB.e.8509","ELEMENT":"f.FA5AA6ACA71DB73EA77ABAF269C4B101.d.D497745B9F9EF733BCD70FA0B9755BBB.e.8509"}]}
RESULT: {"script":"<script> [8489 bytes]","args":[{"element-6066-11e4-a52e-4f735466cecf":"f.FA5AA6ACA71DB73EA77ABAF269C4B101.d.D497745B9F9EF733BCD70FA0B9755BBB.e.8509","ELEMENT":"f.FA5AA6ACA71DB73EA77ABAF269C4B101.d.D497745B9F9EF733BCD70FA0B9755BBB.e.8509"}]}
COMMAND: GET /session/3637353f0f0366f06ffc96bdd6dcca04/screenshot - {}
RESULT: {}
COMMAND: POST /session/3637353f0f0366f06ffc96bdd6dcca04/execute/sync - {"script":"<script> [8489 bytes]","args":[{"element-6066-11e4-a52e-4f735466cecf":"f.FA5AA6ACA71DB73EA77ABAF269C4B101.d.D497745B9F9EF733BCD70FA0B9755BBB.e.8509","ELEMENT":"f.FA5AA6ACA71DB73EA77ABAF269C4B101.d.D497745B9F9EF733BCD70FA0B9755BBB.e.8509"}]}
RESULT: {"script":"<script> [8489 bytes]","args":[{"element-6066-11e4-a52e-4f735466cecf":"f.FA5AA6ACA71DB73EA77ABAF269C4B101.d.D497745B9F9EF733BCD70FA0B9755BBB.e.8509","ELEMENT":"f.FA5AA6ACA71DB73EA77ABAF269C4B101.d.D497745B9F9EF733BCD70FA0B9755BBB.e.8509"}]}
COMMAND: GET /session/3637353f0f0366f06ffc96bdd6dcca04/screenshot - {}
RESULT: {}
COMMAND: POST /session/3637353f0f0366f06ffc96bdd6dcca04/execute/sync - {"script":"<script> [8489 bytes]","args":[{"element-6066-11e4-a52e-4f735466cecf":"f.FA5AA6ACA71DB73EA77ABAF269C4B101.d.D497745B9F9EF733BCD70FA0B9755BBB.e.8509","ELEMENT":"f.FA5AA6ACA71DB73EA77ABAF269C4B101.d.D497745B9F9EF733BCD70FA0B9755BBB.e.8509"}]}
RESULT: {"script":"<script> [8489 bytes]","args":[{"element-6066-11e4-a52e-4f735466cecf":"f.FA5AA6ACA71DB73EA77ABAF269C4B101.d.D497745B9F9EF733BCD70FA0B9755BBB.e.8509","ELEMENT":"f.FA5AA6ACA71DB73EA77ABAF269C4B101.d.D497745B9F9EF733BCD70FA0B9755BBB.e.8509"}]}
COMMAND: GET /session/3637353f0f0366f06ffc96bdd6dcca04/screenshot - {}
RESULT: {}
COMMAND: POST /session/3637353f0f0366f06ffc96bdd6dcca04/execute/sync - {"script":"<script> [8489 bytes]","args":[{"element-6066-11e4-a52e-4f735466cecf":"f.FA5AA6ACA71DB73EA77ABAF269C4B101.d.D497745B9F9EF733BCD70FA0B9755BBB.e.8509","ELEMENT":"f.FA5AA6ACA71DB73EA77ABAF269C4B101.d.D497745B9F9EF733BCD70FA0B9755BBB.e.8509"}]}
RESULT: {"script":"<script> [8489 bytes]","args":[{"element-6066-11e4-a52e-4f735466cecf":"f.FA5AA6ACA71DB73EA77ABAF269C4B101.d.D497745B9F9EF733BCD70FA0B9755BBB.e.8509","ELEMENT":"f.FA5AA6ACA71DB73EA77ABAF269C4B101.d.D497745B9F9EF733BCD70FA0B9755BBB.e.8509"}]}
COMMAND: GET /session/3637353f0f0366f06ffc96bdd6dcca04/screenshot - {}
RESULT: {}
COMMAND: POST /session/3637353f0f0366f06ffc96bdd6dcca04/execute/sync - {"script":"<script> [8489 bytes]","args":[{"element-6066-11e4-a52e-4f735466cecf":"f.FA5AA6ACA71DB73EA77ABAF269C4B101.d.D497745B9F9EF733BCD70FA0B9755BBB.e.8509","ELEMENT":"f.FA5AA6ACA71DB73EA77ABAF269C4B101.d.D497745B9F9EF733BCD70FA0B9755BBB.e.8509"}]}
RESULT: {"script":"<script> [8489 bytes]","args":[{"element-6066-11e4-a52e-4f735466cecf":"f.FA5AA6ACA71DB73EA77ABAF269C4B101.d.D497745B9F9EF733BCD70FA0B9755BBB.e.8509","ELEMENT":"f.FA5AA6ACA71DB73EA77ABAF269C4B101.d.D497745B9F9EF733BCD70FA0B9755BBB.e.8509"}]}
COMMAND: GET /session/3637353f0f0366f06ffc96bdd6dcca04/screenshot - {}
RESULT: {}
COMMAND: POST /session/3637353f0f0366f06ffc96bdd6dcca04/execute/sync - {"script":"<script> [8489 bytes]","args":[{"element-6066-11e4-a52e-4f735466cecf":"f.FA5AA6ACA71DB73EA77ABAF269C4B101.d.D497745B9F9EF733BCD70FA0B9755BBB.e.8509","ELEMENT":"f.FA5AA6ACA71DB73EA77ABAF269C4B101.d.D497745B9F9EF733BCD70FA0B9755BBB.e.8509"}]}
RESULT: {"script":"<script> [8489 bytes]","args":[{"element-6066-11e4-a52e-4f735466cecf":"f.FA5AA6ACA71DB73EA77ABAF269C4B101.d.D497745B9F9EF733BCD70FA0B9755BBB.e.8509","ELEMENT":"f.FA5AA6ACA71DB73EA77ABAF269C4B101.d.D497745B9F9EF733BCD70FA0B9755BBB.e.8509"}]}
COMMAND: GET /session/3637353f0f0366f06ffc96bdd6dcca04/screenshot - {}
RESULT: {}
COMMAND: POST /session/3637353f0f0366f06ffc96bdd6dcca04/execute/sync - {"script":"<script> [8489 bytes]","args":[{"element-6066-11e4-a52e-4f735466cecf":"f.FA5AA6ACA71DB73EA77ABAF269C4B101.d.D497745B9F9EF733BCD70FA0B9755BBB.e.8509","ELEMENT":"f.FA5AA6ACA71DB73EA77ABAF269C4B101.d.D497745B9F9EF733BCD70FA0B9755BBB.e.8509"}]}
RESULT: {"script":"<script> [8489 bytes]","args":[{"element-6066-11e4-a52e-4f735466cecf":"f.FA5AA6ACA71DB73EA77ABAF269C4B101.d.D497745B9F9EF733BCD70FA0B9755BBB.e.8509","ELEMENT":"f.FA5AA6ACA71DB73EA77ABAF269C4B101.d.D497745B9F9EF733BCD70FA0B9755BBB.e.8509"}]}
COMMAND: GET /session/3637353f0f0366f06ffc96bdd6dcca04/screenshot - {}
RESULT: {}
COMMAND: POST /session/3637353f0f0366f06ffc96bdd6dcca04/execute/sync - {"script":"<script> [8489 bytes]","args":[{"element-6066-11e4-a52e-4f735466cecf":"f.FA5AA6ACA71DB73EA77ABAF269C4B101.d.D497745B9F9EF733BCD70FA0B9755BBB.e.8509","ELEMENT":"f.FA5AA6ACA71DB73EA77ABAF269C4B101.d.D497745B9F9EF733BCD70FA0B9755BBB.e.8509"}]}
RESULT: {"script":"<script> [8489 bytes]","args":[{"element-6066-11e4-a52e-4f735466cecf":"f.FA5AA6ACA71DB73EA77ABAF269C4B101.d.D497745B9F9EF733BCD70FA0B9755BBB.e.8509","ELEMENT":"f.FA5AA6ACA71DB73EA77ABAF269C4B101.d.D497745B9F9EF733BCD70FA0B9755BBB.e.8509"}]}
COMMAND: GET /session/3637353f0f0366f06ffc96bdd6dcca04/screenshot - {}
RESULT: {}
COMMAND: POST /session/3637353f0f0366f06ffc96bdd6dcca04/execute/sync - {"script":"<script> [8489 bytes]","args":[{"element-6066-11e4-a52e-4f735466cecf":"f.FA5AA6ACA71DB73EA77ABAF269C4B101.d.D497745B9F9EF733BCD70FA0B9755BBB.e.8509","ELEMENT":"f.FA5AA6ACA71DB73EA77ABAF269C4B101.d.D497745B9F9EF733BCD70FA0B9755BBB.e.8509"}]}
RESULT: {"script":"<script> [8489 bytes]","args":[{"element-6066-11e4-a52e-4f735466cecf":"f.FA5AA6ACA71DB73EA77ABAF269C4B101.d.D497745B9F9EF733BCD70FA0B9755BBB.e.8509","ELEMENT":"f.FA5AA6ACA71DB73EA77ABAF269C4B101.d.D497745B9F9EF733BCD70FA0B9755BBB.e.8509"}]}
COMMAND: GET /session/3637353f0f0366f06ffc96bdd6dcca04/screenshot - {}
RESULT: {}
COMMAND: POST /session/3637353f0f0366f06ffc96bdd6dcca04/execute/sync - {"script":"<script> [8489 bytes]","args":[{"element-6066-11e4-a52e-4f735466cecf":"f.FA5AA6ACA71DB73EA77ABAF269C4B101.d.D497745B9F9EF733BCD70FA0B9755BBB.e.8509","ELEMENT":"f.FA5AA6ACA71DB73EA77ABAF269C4B101.d.D497745B9F9EF733BCD70FA0B9755BBB.e.8509"}]}
RESULT: {"script":"<script> [8489 bytes]","args":[{"element-6066-11e4-a52e-4f735466cecf":"f.FA5AA6ACA71DB73EA77ABAF269C4B101.d.D497745B9F9EF733BCD70FA0B9755BBB.e.8509","ELEMENT":"f.FA5AA6ACA71DB73EA77ABAF269C4B101.d.D497745B9F9EF733BCD70FA0B9755BBB.e.8509"}]}
COMMAND: GET /session/3637353f0f0366f06ffc96bdd6dcca04/screenshot - {}
RESULT: {}
COMMAND: POST /session/3637353f0f0366f06ffc96bdd6dcca04/execute/sync - {"script":"<script> [8489 bytes]","args":[{"element-6066-11e4-a52e-4f735466cecf":"f.FA5AA6ACA71DB73EA77ABAF269C4B101.d.D497745B9F9EF733BCD70FA0B9755BBB.e.8509","ELEMENT":"f.FA5AA6ACA71DB73EA77ABAF269C4B101.d.D497745B9F9EF733BCD70FA0B9755BBB.e.8509"}]}
RESULT: {"script":"<script> [8489 bytes]","args":[{"element-6066-11e4-a52e-4f735466cecf":"f.FA5AA6ACA71DB73EA77ABAF269C4B101.d.D497745B9F9EF733BCD70FA0B9755BBB.e.8509","ELEMENT":"f.FA5AA6ACA71DB73EA77ABAF269C4B101.d.D497745B9F9EF733BCD70FA0B9755BBB.e.8509"}]}
COMMAND: GET /session/3637353f0f0366f06ffc96bdd6dcca04/screenshot - {}
RESULT: {}
COMMAND: POST /session/3637353f0f0366f06ffc96bdd6dcca04/execute/sync - {"script":"<script> [8489 bytes]","args":[{"element-6066-11e4-a52e-4f735466cecf":"f.FA5AA6ACA71DB73EA77ABAF269C4B101.d.D497745B9F9EF733BCD70FA0B9755BBB.e.8509","ELEMENT":"f.FA5AA6ACA71DB73EA77ABAF269C4B101.d.D497745B9F9EF733BCD70FA0B9755BBB.e.8509"}]}
RESULT: {"script":"<script> [8489 bytes]","args":[{"element-6066-11e4-a52e-4f735466cecf":"f.FA5AA6ACA71DB73EA77ABAF269C4B101.d.D497745B9F9EF733BCD70FA0B9755BBB.e.8509","ELEMENT":"f.FA5AA6ACA71DB73EA77ABAF269C4B101.d.D497745B9F9EF733BCD70FA0B9755BBB.e.8509"}]}
COMMAND: GET /session/3637353f0f0366f06ffc96bdd6dcca04/screenshot - {}
RESULT: {}
COMMAND: POST /session/3637353f0f0366f06ffc96bdd6dcca04/execute/sync - {"script":"<script> [8489 bytes]","args":[{"element-6066-11e4-a52e-4f735466cecf":"f.FA5AA6ACA71DB73EA77ABAF269C4B101.d.D497745B9F9EF733BCD70FA0B9755BBB.e.8509","ELEMENT":"f.FA5AA6ACA71DB73EA77ABAF269C4B101.d.D497745B9F9EF733BCD70FA0B9755BBB.e.8509"}]}
RESULT: {"script":"<script> [8489 bytes]","args":[{"element-6066-11e4-a52e-4f735466cecf":"f.FA5AA6ACA71DB73EA77ABAF269C4B101.d.D497745B9F9EF733BCD70FA0B9755BBB.e.8509","ELEMENT":"f.FA5AA6ACA71DB73EA77ABAF269C4B101.d.D497745B9F9EF733BCD70FA0B9755BBB.e.8509"}]}
COMMAND: GET /session/3637353f0f0366f06ffc96bdd6dcca04/screenshot - {}
RESULT: {}
COMMAND: POST /session/3637353f0f0366f06ffc96bdd6dcca04/execute/sync - {"script":"<script> [8489 bytes]","args":[{"element-6066-11e4-a52e-4f735466cecf":"f.FA5AA6ACA71DB73EA77ABAF269C4B101.d.D497745B9F9EF733BCD70FA0B9755BBB.e.8509","ELEMENT":"f.FA5AA6ACA71DB73EA77ABAF269C4B101.d.D497745B9F9EF733BCD70FA0B9755BBB.e.8509"}]}
RESULT: {"script":"<script> [8489 bytes]","args":[{"element-6066-11e4-a52e-4f735466cecf":"f.FA5AA6ACA71DB73EA77ABAF269C4B101.d.D497745B9F9EF733BCD70FA0B9755BBB.e.8509","ELEMENT":"f.FA5AA6ACA71DB73EA77ABAF269C4B101.d.D497745B9F9EF733BCD70FA0B9755BBB.e.8509"}]}
COMMAND: GET /session/3637353f0f0366f06ffc96bdd6dcca04/screenshot - {}
RESULT: {}
COMMAND: POST /session/3637353f0f0366f06ffc96bdd6dcca04/execute/sync - {"script":"<script> [8489 bytes]","args":[{"element-6066-11e4-a52e-4f735466cecf":"f.FA5AA6ACA71DB73EA77ABAF269C4B101.d.D497745B9F9EF733BCD70FA0B9755BBB.e.8509","ELEMENT":"f.FA5AA6ACA71DB73EA77ABAF269C4B101.d.D497745B9F9EF733BCD70FA0B9755BBB.e.8509"}]}
RESULT: {"script":"<script> [8489 bytes]","args":[{"element-6066-11e4-a52e-4f735466cecf":"f.FA5AA6ACA71DB73EA77ABAF269C4B101.d.D497745B9F9EF733BCD70FA0B9755BBB.e.8509","ELEMENT":"f.FA5AA6ACA71DB73EA77ABAF269C4B101.d.D497745B9F9EF733BCD70FA0B9755BBB.e.8509"}]}
COMMAND: GET /session/3637353f0f0366f06ffc96bdd6dcca04/screenshot - {}
COMMAND: POST /session/3637353f0f0366f06ffc96bdd6dcca04/execute/sync - {"script":"<script> [8489 bytes]","args":[{"element-6066-11e4-a52e-4f735466cecf":"f.FA5AA6ACA71DB73EA77ABAF269C4B101.d.D497745B9F9EF733BCD70FA0B9755BBB.e.8509","ELEMENT":"f.FA5AA6ACA71DB73EA77ABAF269C4B101.d.D497745B9F9EF733BCD70FA0B9755BBB.e.8509"}]}
RESULT: {}
RESULT: {"script":"<script> [8489 bytes]","args":[{"element-6066-11e4-a52e-4f735466cecf":"f.FA5AA6ACA71DB73EA77ABAF269C4B101.d.D497745B9F9EF733BCD70FA0B9755BBB.e.8509","ELEMENT":"f.FA5AA6ACA71DB73EA77ABAF269C4B101.d.D497745B9F9EF733BCD70FA0B9755BBB.e.8509"}]}
COMMAND: GET /session/3637353f0f0366f06ffc96bdd6dcca04/screenshot - {}
RESULT: {}
COMMAND: POST /session/3637353f0f0366f06ffc96bdd6dcca04/execute/sync - {"script":"<script> [8489 bytes]","args":[{"element-6066-11e4-a52e-4f735466cecf":"f.FA5AA6ACA71DB73EA77ABAF269C4B101.d.D497745B9F9EF733BCD70FA0B9755BBB.e.8509","ELEMENT":"f.FA5AA6ACA71DB73EA77ABAF269C4B101.d.D497745B9F9EF733BCD70FA0B9755BBB.e.8509"}]}
RESULT: {"script":"<script> [8489 bytes]","args":[{"element-6066-11e4-a52e-4f735466cecf":"f.FA5AA6ACA71DB73EA77ABAF269C4B101.d.D497745B9F9EF733BCD70FA0B9755BBB.e.8509","ELEMENT":"f.FA5AA6ACA71DB73EA77ABAF269C4B101.d.D497745B9F9EF733BCD70FA0B9755BBB.e.8509"}]}
COMMAND: GET /session/3637353f0f0366f06ffc96bdd6dcca04/screenshot - {}
RESULT: {}
COMMAND: POST /session/3637353f0f0366f06ffc96bdd6dcca04/execute/sync - {"script":"<script> [8489 bytes]","args":[{"element-6066-11e4-a52e-4f735466cecf":"f.FA5AA6ACA71DB73EA77ABAF269C4B101.d.D497745B9F9EF733BCD70FA0B9755BBB.e.8509","ELEMENT":"f.FA5AA6ACA71DB73EA77ABAF269C4B101.d.D497745B9F9EF733BCD70FA0B9755BBB.e.8509"}]}
RESULT: {"script":"<script> [8489 bytes]","args":[{"element-6066-11e4-a52e-4f735466cecf":"f.FA5AA6ACA71DB73EA77ABAF269C4B101.d.D497745B9F9EF733BCD70FA0B9755BBB.e.8509","ELEMENT":"f.FA5AA6ACA71DB73EA77ABAF269C4B101.d.D497745B9F9EF733BCD70FA0B9755BBB.e.8509"}]}
COMMAND: GET /session/3637353f0f0366f06ffc96bdd6dcca04/screenshot - {}
RESULT: {}
COMMAND: POST /session/3637353f0f0366f06ffc96bdd6dcca04/execute/sync - {"script":"<script> [8489 bytes]","args":[{"element-6066-11e4-a52e-4f735466cecf":"f.FA5AA6ACA71DB73EA77ABAF269C4B101.d.D497745B9F9EF733BCD70FA0B9755BBB.e.8509","ELEMENT":"f.FA5AA6ACA71DB73EA77ABAF269C4B101.d.D497745B9F9EF733BCD70FA0B9755BBB.e.8509"}]}
RESULT: {"script":"<script> [8489 bytes]","args":[{"element-6066-11e4-a52e-4f735466cecf":"f.FA5AA6ACA71DB73EA77ABAF269C4B101.d.D497745B9F9EF733BCD70FA0B9755BBB.e.8509","ELEMENT":"f.FA5AA6ACA71DB73EA77ABAF269C4B101.d.D497745B9F9EF733BCD70FA0B9755BBB.e.8509"}]}
COMMAND: GET /session/3637353f0f0366f06ffc96bdd6dcca04/screenshot - {}
RESULT: {}
COMMAND: POST /session/3637353f0f0366f06ffc96bdd6dcca04/execute/sync - {"script":"<script> [8489 bytes]","args":[{"element-6066-11e4-a52e-4f735466cecf":"f.FA5AA6ACA71DB73EA77ABAF269C4B101.d.D497745B9F9EF733BCD70FA0B9755BBB.e.8509","ELEMENT":"f.FA5AA6ACA71DB73EA77ABAF269C4B101.d.D497745B9F9EF733BCD70FA0B9755BBB.e.8509"}]}
RESULT: {"script":"<script> [8489 bytes]","args":[{"element-6066-11e4-a52e-4f735466cecf":"f.FA5AA6ACA71DB73EA77ABAF269C4B101.d.D497745B9F9EF733BCD70FA0B9755BBB.e.8509","ELEMENT":"f.FA5AA6ACA71DB73EA77ABAF269C4B101.d.D497745B9F9EF733BCD70FA0B9755BBB.e.8509"}]}
COMMAND: GET /session/3637353f0f0366f06ffc96bdd6dcca04/screenshot - {}
RESULT: {}
COMMAND: POST /session/3637353f0f0366f06ffc96bdd6dcca04/execute/sync - {"script":"<script> [8489 bytes]","args":[{"element-6066-11e4-a52e-4f735466cecf":"f.FA5AA6ACA71DB73EA77ABAF269C4B101.d.D497745B9F9EF733BCD70FA0B9755BBB.e.8509","ELEMENT":"f.FA5AA6ACA71DB73EA77ABAF269C4B101.d.D497745B9F9EF733BCD70FA0B9755BBB.e.8509"}]}
RESULT: {"script":"<script> [8489 bytes]","args":[{"element-6066-11e4-a52e-4f735466cecf":"f.FA5AA6ACA71DB73EA77ABAF269C4B101.d.D497745B9F9EF733BCD70FA0B9755BBB.e.8509","ELEMENT":"f.FA5AA6ACA71DB73EA77ABAF269C4B101.d.D497745B9F9EF733BCD70FA0B9755BBB.e.8509"}]}
COMMAND: GET /session/3637353f0f0366f06ffc96bdd6dcca04/screenshot - {}
RESULT: {}
COMMAND: POST /session/3637353f0f0366f06ffc96bdd6dcca04/execute/sync - {"script":"<script> [8489 bytes]","args":[{"element-6066-11e4-a52e-4f735466cecf":"f.FA5AA6ACA71DB73EA77ABAF269C4B101.d.D497745B9F9EF733BCD70FA0B9755BBB.e.8509","ELEMENT":"f.FA5AA6ACA71DB73EA77ABAF269C4B101.d.D497745B9F9EF733BCD70FA0B9755BBB.e.8509"}]}
RESULT: {"script":"<script> [8489 bytes]","args":[{"element-6066-11e4-a52e-4f735466cecf":"f.FA5AA6ACA71DB73EA77ABAF269C4B101.d.D497745B9F9EF733BCD70FA0B9755BBB.e.8509","ELEMENT":"f.FA5AA6ACA71DB73EA77ABAF269C4B101.d.D497745B9F9EF733BCD70FA0B9755BBB.e.8509"}]}
COMMAND: GET /session/3637353f0f0366f06ffc96bdd6dcca04/screenshot - {}
RESULT: {}
]]></system-out>
    </testcase>
  </testsuite>
  <testsuite timestamp="2025-05-02T06:10:46" time="551.742" tests="6" failures="6" errors="6" skipped="0">
    <properties>
      <property name="specId" value="0" />
      <property name="suiteName" value="Provide to Site w/ warehouse management w/o clarification US113782 " />
      <property name="capabilities" value="chrome.135_0_7049_96.windows" />
      <property name="file" value="file:///D:/a/1/s/test/specs/HTR/provide-to-site-w-warehouse-wo-clarification.spec.js" />
    </properties>
  </testsuite>
  <testsuite timestamp="2025-05-02T06:19:58" time="323.607" tests="5" failures="5" errors="5" skipped="0">
    <properties>
      <property name="specId" value="0" />
      <property name="suiteName" value="Provide to Site w/ warehouse management wo clarification" />
      <property name="capabilities" value="chrome.135_0_7049_96.windows" />
      <property name="file" value="file:///D:/a/1/s/test/specs/HTR/provide-to-site-w-warehouse-wo-clarification.spec.js" />
    </properties>
  </testsuite>
  <testsuite timestamp="2025-05-02T06:25:22" time="316.496" tests="4" failures="4" errors="4" skipped="0">
    <properties>
      <property name="specId" value="0" />
      <property name="suiteName" value="Provide to Site w/o warehouse management w/ clarification US116605" />
      <property name="capabilities" value="chrome.135_0_7049_96.windows" />
      <property name="file" value="file:///D:/a/1/s/test/specs/HTR/provide-to-site-wo-warehouse-w-clarification.spec.js" />
    </properties>
  </testsuite>
  <testsuite timestamp="2025-05-02T06:30:38" time="466.025" tests="6" failures="4" errors="4" skipped="0">
    <properties>
      <property name="specId" value="0" />
      <property name="suiteName" value="Provide to Site w/o warehouse management w clarification" />
      <property name="capabilities" value="chrome.135_0_7049_96.windows" />
      <property name="file" value="file:///D:/a/1/s/test/specs/HTR/provide-to-site-wo-warehouse-w-clarification.spec.js" />
    </properties>
    <testcase classname="chrome.135_0_7049_96.windows.Provide_to_Site_w/o_warehouse_management_w_clarification" name="Should Test for Handover Execution" time="178.072">
      <system-out><![CDATA[
COMMAND: GET /session/3637353f0f0366f06ffc96bdd6dcca04/screenshot - {}
COMMAND: POST /session/3637353f0f0366f06ffc96bdd6dcca04/element - {"using":"xpath","value":"//*[text()='Provide to site']"}
RESULT: {}
RESULT: {"using":"xpath","value":"//*[text()='Provide to site']"}
COMMAND: POST /session/3637353f0f0366f06ffc96bdd6dcca04/elements - {"using":"xpath","value":"//*[text()='Provide to site']"}
RESULT: {"using":"xpath","value":"//*[text()='Provide to site']"}
COMMAND: POST /session/3637353f0f0366f06ffc96bdd6dcca04/elements - {"using":"xpath","value":"//*[text()='Provide to site']"}
RESULT: {"using":"xpath","value":"//*[text()='Provide to site']"}
COMMAND: POST /session/3637353f0f0366f06ffc96bdd6dcca04/elements - {"using":"xpath","value":"//*[text()='Provide to site']"}
RESULT: {"using":"xpath","value":"//*[text()='Provide to site']"}
COMMAND: POST /session/3637353f0f0366f06ffc96bdd6dcca04/elements - {"using":"xpath","value":"//*[text()='Provide to site']"}
RESULT: {"using":"xpath","value":"//*[text()='Provide to site']"}
COMMAND: POST /session/3637353f0f0366f06ffc96bdd6dcca04/elements - {"using":"xpath","value":"//*[text()='Provide to site']"}
RESULT: {"using":"xpath","value":"//*[text()='Provide to site']"}
COMMAND: POST /session/3637353f0f0366f06ffc96bdd6dcca04/elements - {"using":"xpath","value":"//*[text()='Provide to site']"}
RESULT: {"using":"xpath","value":"//*[text()='Provide to site']"}
COMMAND: POST /session/3637353f0f0366f06ffc96bdd6dcca04/elements - {"using":"xpath","value":"//*[text()='Provide to site']"}
RESULT: {"using":"xpath","value":"//*[text()='Provide to site']"}
COMMAND: POST /session/3637353f0f0366f06ffc96bdd6dcca04/elements - {"using":"xpath","value":"//*[text()='Provide to site']"}
RESULT: {"using":"xpath","value":"//*[text()='Provide to site']"}
COMMAND: POST /session/3637353f0f0366f06ffc96bdd6dcca04/elements - {"using":"xpath","value":"//*[text()='Provide to site']"}
RESULT: {"using":"xpath","value":"//*[text()='Provide to site']"}
COMMAND: POST /session/3637353f0f0366f06ffc96bdd6dcca04/elements - {"using":"xpath","value":"//*[text()='Provide to site']"}
RESULT: {"using":"xpath","value":"//*[text()='Provide to site']"}
COMMAND: POST /session/3637353f0f0366f06ffc96bdd6dcca04/elements - {"using":"xpath","value":"//*[text()='Provide to site']"}
RESULT: {"using":"xpath","value":"//*[text()='Provide to site']"}
COMMAND: POST /session/3637353f0f0366f06ffc96bdd6dcca04/elements - {"using":"xpath","value":"//*[text()='Provide to site']"}
RESULT: {"using":"xpath","value":"//*[text()='Provide to site']"}
COMMAND: POST /session/3637353f0f0366f06ffc96bdd6dcca04/elements - {"using":"xpath","value":"//*[text()='Provide to site']"}
RESULT: {"using":"xpath","value":"//*[text()='Provide to site']"}
COMMAND: POST /session/3637353f0f0366f06ffc96bdd6dcca04/elements - {"using":"xpath","value":"//*[text()='Provide to site']"}
RESULT: {"using":"xpath","value":"//*[text()='Provide to site']"}
COMMAND: POST /session/3637353f0f0366f06ffc96bdd6dcca04/elements - {"using":"xpath","value":"//*[text()='Provide to site']"}
RESULT: {"using":"xpath","value":"//*[text()='Provide to site']"}
COMMAND: POST /session/3637353f0f0366f06ffc96bdd6dcca04/elements - {"using":"xpath","value":"//*[text()='Provide to site']"}
RESULT: {"using":"xpath","value":"//*[text()='Provide to site']"}
COMMAND: POST /session/3637353f0f0366f06ffc96bdd6dcca04/elements - {"using":"xpath","value":"//*[text()='Provide to site']"}
RESULT: {"using":"xpath","value":"//*[text()='Provide to site']"}
COMMAND: POST /session/3637353f0f0366f06ffc96bdd6dcca04/elements - {"using":"xpath","value":"//*[text()='Provide to site']"}
RESULT: {"using":"xpath","value":"//*[text()='Provide to site']"}
COMMAND: POST /session/3637353f0f0366f06ffc96bdd6dcca04/elements - {"using":"xpath","value":"//*[text()='Provide to site']"}
RESULT: {"using":"xpath","value":"//*[text()='Provide to site']"}
COMMAND: POST /session/3637353f0f0366f06ffc96bdd6dcca04/elements - {"using":"xpath","value":"//*[text()='Provide to site']"}
RESULT: {"using":"xpath","value":"//*[text()='Provide to site']"}
COMMAND: POST /session/3637353f0f0366f06ffc96bdd6dcca04/elements - {"using":"xpath","value":"//*[text()='Provide to site']"}
RESULT: {"using":"xpath","value":"//*[text()='Provide to site']"}
COMMAND: POST /session/3637353f0f0366f06ffc96bdd6dcca04/elements - {"using":"xpath","value":"//*[text()='Provide to site']"}
RESULT: {"using":"xpath","value":"//*[text()='Provide to site']"}
COMMAND: POST /session/3637353f0f0366f06ffc96bdd6dcca04/elements - {"using":"xpath","value":"//*[text()='Provide to site']"}
RESULT: {"using":"xpath","value":"//*[text()='Provide to site']"}
COMMAND: POST /session/3637353f0f0366f06ffc96bdd6dcca04/elements - {"using":"xpath","value":"//*[text()='Provide to site']"}
RESULT: {"using":"xpath","value":"//*[text()='Provide to site']"}
COMMAND: POST /session/3637353f0f0366f06ffc96bdd6dcca04/elements - {"using":"xpath","value":"//*[text()='Provide to site']"}
RESULT: {"using":"xpath","value":"//*[text()='Provide to site']"}
COMMAND: POST /session/3637353f0f0366f06ffc96bdd6dcca04/elements - {"using":"xpath","value":"//*[text()='Provide to site']"}
RESULT: {"using":"xpath","value":"//*[text()='Provide to site']"}
COMMAND: POST /session/3637353f0f0366f06ffc96bdd6dcca04/elements - {"using":"xpath","value":"//*[text()='Provide to site']"}
RESULT: {"using":"xpath","value":"//*[text()='Provide to site']"}
COMMAND: POST /session/3637353f0f0366f06ffc96bdd6dcca04/elements - {"using":"xpath","value":"//*[text()='Provide to site']"}
RESULT: {"using":"xpath","value":"//*[text()='Provide to site']"}
COMMAND: POST /session/3637353f0f0366f06ffc96bdd6dcca04/elements - {"using":"xpath","value":"//*[text()='Provide to site']"}
RESULT: {"using":"xpath","value":"//*[text()='Provide to site']"}
COMMAND: POST /session/3637353f0f0366f06ffc96bdd6dcca04/elements - {"using":"xpath","value":"//*[text()='Provide to site']"}
RESULT: {"using":"xpath","value":"//*[text()='Provide to site']"}
COMMAND: POST /session/3637353f0f0366f06ffc96bdd6dcca04/elements - {"using":"xpath","value":"//*[text()='Provide to site']"}
RESULT: {"using":"xpath","value":"//*[text()='Provide to site']"}
COMMAND: POST /session/3637353f0f0366f06ffc96bdd6dcca04/elements - {"using":"xpath","value":"//*[text()='Provide to site']"}
RESULT: {"using":"xpath","value":"//*[text()='Provide to site']"}
COMMAND: POST /session/3637353f0f0366f06ffc96bdd6dcca04/elements - {"using":"xpath","value":"//*[text()='Provide to site']"}
RESULT: {"using":"xpath","value":"//*[text()='Provide to site']"}
COMMAND: POST /session/3637353f0f0366f06ffc96bdd6dcca04/elements - {"using":"xpath","value":"//*[text()='Provide to site']"}
RESULT: {"using":"xpath","value":"//*[text()='Provide to site']"}
COMMAND: POST /session/3637353f0f0366f06ffc96bdd6dcca04/elements - {"using":"xpath","value":"//*[text()='Provide to site']"}
RESULT: {"using":"xpath","value":"//*[text()='Provide to site']"}
COMMAND: POST /session/3637353f0f0366f06ffc96bdd6dcca04/elements - {"using":"xpath","value":"//*[text()='Provide to site']"}
RESULT: {"using":"xpath","value":"//*[text()='Provide to site']"}
COMMAND: POST /session/3637353f0f0366f06ffc96bdd6dcca04/elements - {"using":"xpath","value":"//*[text()='Provide to site']"}
RESULT: {"using":"xpath","value":"//*[text()='Provide to site']"}
COMMAND: POST /session/3637353f0f0366f06ffc96bdd6dcca04/elements - {"using":"xpath","value":"//*[text()='Provide to site']"}
RESULT: {"using":"xpath","value":"//*[text()='Provide to site']"}
COMMAND: POST /session/3637353f0f0366f06ffc96bdd6dcca04/elements - {"using":"xpath","value":"//*[text()='Provide to site']"}
RESULT: {"using":"xpath","value":"//*[text()='Provide to site']"}
COMMAND: POST /session/3637353f0f0366f06ffc96bdd6dcca04/elements - {"using":"xpath","value":"//*[text()='Provide to site']"}
RESULT: {"using":"xpath","value":"//*[text()='Provide to site']"}
COMMAND: POST /session/3637353f0f0366f06ffc96bdd6dcca04/elements - {"using":"xpath","value":"//*[text()='Provide to site']"}
RESULT: {"using":"xpath","value":"//*[text()='Provide to site']"}
COMMAND: POST /session/3637353f0f0366f06ffc96bdd6dcca04/elements - {"using":"xpath","value":"//*[text()='Provide to site']"}
RESULT: {"using":"xpath","value":"//*[text()='Provide to site']"}
COMMAND: POST /session/3637353f0f0366f06ffc96bdd6dcca04/elements - {"using":"xpath","value":"//*[text()='Provide to site']"}
RESULT: {"using":"xpath","value":"//*[text()='Provide to site']"}
COMMAND: POST /session/3637353f0f0366f06ffc96bdd6dcca04/elements - {"using":"xpath","value":"//*[text()='Provide to site']"}
RESULT: {"using":"xpath","value":"//*[text()='Provide to site']"}
COMMAND: POST /session/3637353f0f0366f06ffc96bdd6dcca04/elements - {"using":"xpath","value":"//*[text()='Provide to site']"}
RESULT: {"using":"xpath","value":"//*[text()='Provide to site']"}
COMMAND: POST /session/3637353f0f0366f06ffc96bdd6dcca04/elements - {"using":"xpath","value":"//*[text()='Provide to site']"}
RESULT: {"using":"xpath","value":"//*[text()='Provide to site']"}
COMMAND: POST /session/3637353f0f0366f06ffc96bdd6dcca04/elements - {"using":"xpath","value":"//*[text()='Provide to site']"}
RESULT: {"using":"xpath","value":"//*[text()='Provide to site']"}
COMMAND: POST /session/3637353f0f0366f06ffc96bdd6dcca04/elements - {"using":"xpath","value":"//*[text()='Provide to site']"}
RESULT: {"using":"xpath","value":"//*[text()='Provide to site']"}
COMMAND: POST /session/3637353f0f0366f06ffc96bdd6dcca04/elements - {"using":"xpath","value":"//*[text()='Provide to site']"}
RESULT: {"using":"xpath","value":"//*[text()='Provide to site']"}
COMMAND: POST /session/3637353f0f0366f06ffc96bdd6dcca04/elements - {"using":"xpath","value":"//*[text()='Provide to site']"}
RESULT: {"using":"xpath","value":"//*[text()='Provide to site']"}
COMMAND: POST /session/3637353f0f0366f06ffc96bdd6dcca04/elements - {"using":"xpath","value":"//*[text()='Provide to site']"}
RESULT: {"using":"xpath","value":"//*[text()='Provide to site']"}
COMMAND: POST /session/3637353f0f0366f06ffc96bdd6dcca04/elements - {"using":"xpath","value":"//*[text()='Provide to site']"}
RESULT: {"using":"xpath","value":"//*[text()='Provide to site']"}
COMMAND: POST /session/3637353f0f0366f06ffc96bdd6dcca04/elements - {"using":"xpath","value":"//*[text()='Provide to site']"}
RESULT: {"using":"xpath","value":"//*[text()='Provide to site']"}
COMMAND: POST /session/3637353f0f0366f06ffc96bdd6dcca04/elements - {"using":"xpath","value":"//*[text()='Provide to site']"}
RESULT: {"using":"xpath","value":"//*[text()='Provide to site']"}
COMMAND: POST /session/3637353f0f0366f06ffc96bdd6dcca04/elements - {"using":"xpath","value":"//*[text()='Provide to site']"}
RESULT: {"using":"xpath","value":"//*[text()='Provide to site']"}
COMMAND: POST /session/3637353f0f0366f06ffc96bdd6dcca04/elements - {"using":"xpath","value":"//*[text()='Provide to site']"}
RESULT: {"using":"xpath","value":"//*[text()='Provide to site']"}
COMMAND: POST /session/3637353f0f0366f06ffc96bdd6dcca04/elements - {"using":"xpath","value":"//*[text()='Provide to site']"}
RESULT: {"using":"xpath","value":"//*[text()='Provide to site']"}
COMMAND: POST /session/3637353f0f0366f06ffc96bdd6dcca04/elements - {"using":"xpath","value":"//*[text()='Provide to site']"}
RESULT: {"using":"xpath","value":"//*[text()='Provide to site']"}
COMMAND: POST /session/3637353f0f0366f06ffc96bdd6dcca04/elements - {"using":"xpath","value":"//*[text()='Provide to site']"}
RESULT: {"using":"xpath","value":"//*[text()='Provide to site']"}
COMMAND: POST /session/3637353f0f0366f06ffc96bdd6dcca04/elements - {"using":"xpath","value":"//*[text()='Provide to site']"}
RESULT: {"using":"xpath","value":"//*[text()='Provide to site']"}
COMMAND: POST /session/3637353f0f0366f06ffc96bdd6dcca04/elements - {"using":"xpath","value":"//*[text()='Provide to site']"}
RESULT: {"using":"xpath","value":"//*[text()='Provide to site']"}
COMMAND: POST /session/3637353f0f0366f06ffc96bdd6dcca04/elements - {"using":"xpath","value":"//*[text()='Provide to site']"}
RESULT: {"using":"xpath","value":"//*[text()='Provide to site']"}
COMMAND: POST /session/3637353f0f0366f06ffc96bdd6dcca04/elements - {"using":"xpath","value":"//*[text()='Provide to site']"}
RESULT: {"using":"xpath","value":"//*[text()='Provide to site']"}
COMMAND: POST /session/3637353f0f0366f06ffc96bdd6dcca04/elements - {"using":"xpath","value":"//*[text()='Provide to site']"}
RESULT: {"using":"xpath","value":"//*[text()='Provide to site']"}
COMMAND: POST /session/3637353f0f0366f06ffc96bdd6dcca04/elements - {"using":"xpath","value":"//*[text()='Provide to site']"}
RESULT: {"using":"xpath","value":"//*[text()='Provide to site']"}
COMMAND: POST /session/3637353f0f0366f06ffc96bdd6dcca04/elements - {"using":"xpath","value":"//*[text()='Provide to site']"}
RESULT: {"using":"xpath","value":"//*[text()='Provide to site']"}
COMMAND: POST /session/3637353f0f0366f06ffc96bdd6dcca04/elements - {"using":"xpath","value":"//*[text()='Provide to site']"}
RESULT: {"using":"xpath","value":"//*[text()='Provide to site']"}
COMMAND: POST /session/3637353f0f0366f06ffc96bdd6dcca04/elements - {"using":"xpath","value":"//*[text()='Provide to site']"}
RESULT: {"using":"xpath","value":"//*[text()='Provide to site']"}
COMMAND: POST /session/3637353f0f0366f06ffc96bdd6dcca04/elements - {"using":"xpath","value":"//*[text()='Provide to site']"}
RESULT: {"using":"xpath","value":"//*[text()='Provide to site']"}
COMMAND: POST /session/3637353f0f0366f06ffc96bdd6dcca04/elements - {"using":"xpath","value":"//*[text()='Provide to site']"}
RESULT: {"using":"xpath","value":"//*[text()='Provide to site']"}
COMMAND: POST /session/3637353f0f0366f06ffc96bdd6dcca04/elements - {"using":"xpath","value":"//*[text()='Provide to site']"}
RESULT: {"using":"xpath","value":"//*[text()='Provide to site']"}
COMMAND: POST /session/3637353f0f0366f06ffc96bdd6dcca04/elements - {"using":"xpath","value":"//*[text()='Provide to site']"}
RESULT: {"using":"xpath","value":"//*[text()='Provide to site']"}
COMMAND: POST /session/3637353f0f0366f06ffc96bdd6dcca04/elements - {"using":"xpath","value":"//*[text()='Provide to site']"}
RESULT: {"using":"xpath","value":"//*[text()='Provide to site']"}
COMMAND: POST /session/3637353f0f0366f06ffc96bdd6dcca04/elements - {"using":"xpath","value":"//*[text()='Provide to site']"}
RESULT: {"using":"xpath","value":"//*[text()='Provide to site']"}
COMMAND: POST /session/3637353f0f0366f06ffc96bdd6dcca04/elements - {"using":"xpath","value":"//*[text()='Provide to site']"}
RESULT: {"using":"xpath","value":"//*[text()='Provide to site']"}
COMMAND: POST /session/3637353f0f0366f06ffc96bdd6dcca04/elements - {"using":"xpath","value":"//*[text()='Provide to site']"}
RESULT: {"using":"xpath","value":"//*[text()='Provide to site']"}
COMMAND: POST /session/3637353f0f0366f06ffc96bdd6dcca04/elements - {"using":"xpath","value":"//*[text()='Provide to site']"}
RESULT: {"using":"xpath","value":"//*[text()='Provide to site']"}
COMMAND: POST /session/3637353f0f0366f06ffc96bdd6dcca04/elements - {"using":"xpath","value":"//*[text()='Provide to site']"}
RESULT: {"using":"xpath","value":"//*[text()='Provide to site']"}
COMMAND: POST /session/3637353f0f0366f06ffc96bdd6dcca04/elements - {"using":"xpath","value":"//*[text()='Provide to site']"}
RESULT: {"using":"xpath","value":"//*[text()='Provide to site']"}
COMMAND: POST /session/3637353f0f0366f06ffc96bdd6dcca04/elements - {"using":"xpath","value":"//*[text()='Provide to site']"}
RESULT: {"using":"xpath","value":"//*[text()='Provide to site']"}
COMMAND: POST /session/3637353f0f0366f06ffc96bdd6dcca04/elements - {"using":"xpath","value":"//*[text()='Provide to site']"}
RESULT: {"using":"xpath","value":"//*[text()='Provide to site']"}
COMMAND: POST /session/3637353f0f0366f06ffc96bdd6dcca04/elements - {"using":"xpath","value":"//*[text()='Provide to site']"}
RESULT: {"using":"xpath","value":"//*[text()='Provide to site']"}
COMMAND: POST /session/3637353f0f0366f06ffc96bdd6dcca04/elements - {"using":"xpath","value":"//*[text()='Provide to site']"}
RESULT: {"using":"xpath","value":"//*[text()='Provide to site']"}
COMMAND: POST /session/3637353f0f0366f06ffc96bdd6dcca04/elements - {"using":"xpath","value":"//*[text()='Provide to site']"}
RESULT: {"using":"xpath","value":"//*[text()='Provide to site']"}
COMMAND: POST /session/3637353f0f0366f06ffc96bdd6dcca04/elements - {"using":"xpath","value":"//*[text()='Provide to site']"}
RESULT: {"using":"xpath","value":"//*[text()='Provide to site']"}
COMMAND: POST /session/3637353f0f0366f06ffc96bdd6dcca04/elements - {"using":"xpath","value":"//*[text()='Provide to site']"}
RESULT: {"using":"xpath","value":"//*[text()='Provide to site']"}
COMMAND: POST /session/3637353f0f0366f06ffc96bdd6dcca04/elements - {"using":"xpath","value":"//*[text()='Provide to site']"}
RESULT: {"using":"xpath","value":"//*[text()='Provide to site']"}
COMMAND: POST /session/3637353f0f0366f06ffc96bdd6dcca04/elements - {"using":"xpath","value":"//*[text()='Provide to site']"}
RESULT: {"using":"xpath","value":"//*[text()='Provide to site']"}
COMMAND: POST /session/3637353f0f0366f06ffc96bdd6dcca04/elements - {"using":"xpath","value":"//*[text()='Provide to site']"}
RESULT: {"using":"xpath","value":"//*[text()='Provide to site']"}
COMMAND: POST /session/3637353f0f0366f06ffc96bdd6dcca04/elements - {"using":"xpath","value":"//*[text()='Provide to site']"}
RESULT: {"using":"xpath","value":"//*[text()='Provide to site']"}
COMMAND: POST /session/3637353f0f0366f06ffc96bdd6dcca04/element - {"using":"xpath","value":"//span[text()='Provide to site - Completed']"}
RESULT: {"using":"xpath","value":"//span[text()='Provide to site - Completed']"}
COMMAND: POST /session/3637353f0f0366f06ffc96bdd6dcca04/elements - {"using":"xpath","value":"//span[text()='Provide to site - Completed']"}
RESULT: {"using":"xpath","value":"//span[text()='Provide to site - Completed']"}
COMMAND: POST /session/3637353f0f0366f06ffc96bdd6dcca04/elements - {"using":"xpath","value":"//span[text()='Provide to site - Completed']"}
RESULT: {"using":"xpath","value":"//span[text()='Provide to site - Completed']"}
COMMAND: POST /session/3637353f0f0366f06ffc96bdd6dcca04/elements - {"using":"xpath","value":"//span[text()='Provide to site - Completed']"}
RESULT: {"using":"xpath","value":"//span[text()='Provide to site - Completed']"}
COMMAND: POST /session/3637353f0f0366f06ffc96bdd6dcca04/elements - {"using":"xpath","value":"//span[text()='Provide to site - Completed']"}
RESULT: {"using":"xpath","value":"//span[text()='Provide to site - Completed']"}
COMMAND: POST /session/3637353f0f0366f06ffc96bdd6dcca04/elements - {"using":"xpath","value":"//span[text()='Provide to site - Completed']"}
RESULT: {"using":"xpath","value":"//span[text()='Provide to site - Completed']"}
COMMAND: POST /session/3637353f0f0366f06ffc96bdd6dcca04/elements - {"using":"xpath","value":"//span[text()='Provide to site - Completed']"}
RESULT: {"using":"xpath","value":"//span[text()='Provide to site - Completed']"}
COMMAND: POST /session/3637353f0f0366f06ffc96bdd6dcca04/elements - {"using":"xpath","value":"//span[text()='Provide to site - Completed']"}
RESULT: {"using":"xpath","value":"//span[text()='Provide to site - Completed']"}
COMMAND: POST /session/3637353f0f0366f06ffc96bdd6dcca04/elements - {"using":"xpath","value":"//span[text()='Provide to site - Completed']"}
RESULT: {"using":"xpath","value":"//span[text()='Provide to site - Completed']"}
COMMAND: POST /session/3637353f0f0366f06ffc96bdd6dcca04/elements - {"using":"xpath","value":"//span[text()='Provide to site - Completed']"}
RESULT: {"using":"xpath","value":"//span[text()='Provide to site - Completed']"}
COMMAND: POST /session/3637353f0f0366f06ffc96bdd6dcca04/elements - {"using":"xpath","value":"//span[text()='Provide to site - Completed']"}
RESULT: {"using":"xpath","value":"//span[text()='Provide to site - Completed']"}
COMMAND: POST /session/3637353f0f0366f06ffc96bdd6dcca04/elements - {"using":"xpath","value":"//span[text()='Provide to site - Completed']"}
RESULT: {"using":"xpath","value":"//span[text()='Provide to site - Completed']"}
COMMAND: POST /session/3637353f0f0366f06ffc96bdd6dcca04/elements - {"using":"xpath","value":"//span[text()='Provide to site - Completed']"}
RESULT: {"using":"xpath","value":"//span[text()='Provide to site - Completed']"}
COMMAND: POST /session/3637353f0f0366f06ffc96bdd6dcca04/elements - {"using":"xpath","value":"//span[text()='Provide to site - Completed']"}
RESULT: {"using":"xpath","value":"//span[text()='Provide to site - Completed']"}
COMMAND: POST /session/3637353f0f0366f06ffc96bdd6dcca04/elements - {"using":"xpath","value":"//span[text()='Provide to site - Completed']"}
RESULT: {"using":"xpath","value":"//span[text()='Provide to site - Completed']"}
COMMAND: POST /session/3637353f0f0366f06ffc96bdd6dcca04/elements - {"using":"xpath","value":"//span[text()='Provide to site - Completed']"}
RESULT: {"using":"xpath","value":"//span[text()='Provide to site - Completed']"}
COMMAND: POST /session/3637353f0f0366f06ffc96bdd6dcca04/elements - {"using":"xpath","value":"//span[text()='Provide to site - Completed']"}
RESULT: {"using":"xpath","value":"//span[text()='Provide to site - Completed']"}
COMMAND: POST /session/3637353f0f0366f06ffc96bdd6dcca04/elements - {"using":"xpath","value":"//span[text()='Provide to site - Completed']"}
RESULT: {"using":"xpath","value":"//span[text()='Provide to site - Completed']"}
COMMAND: POST /session/3637353f0f0366f06ffc96bdd6dcca04/elements - {"using":"xpath","value":"//span[text()='Provide to site - Completed']"}
RESULT: {"using":"xpath","value":"//span[text()='Provide to site - Completed']"}
COMMAND: POST /session/3637353f0f0366f06ffc96bdd6dcca04/elements - {"using":"xpath","value":"//span[text()='Provide to site - Completed']"}
RESULT: {"using":"xpath","value":"//span[text()='Provide to site - Completed']"}
COMMAND: POST /session/3637353f0f0366f06ffc96bdd6dcca04/elements - {"using":"xpath","value":"//span[text()='Provide to site - Completed']"}
RESULT: {"using":"xpath","value":"//span[text()='Provide to site - Completed']"}
COMMAND: POST /session/3637353f0f0366f06ffc96bdd6dcca04/elements - {"using":"xpath","value":"//span[text()='Provide to site - Completed']"}
RESULT: {"using":"xpath","value":"//span[text()='Provide to site - Completed']"}
COMMAND: POST /session/3637353f0f0366f06ffc96bdd6dcca04/elements - {"using":"xpath","value":"//span[text()='Provide to site - Completed']"}
RESULT: {"using":"xpath","value":"//span[text()='Provide to site - Completed']"}
COMMAND: POST /session/3637353f0f0366f06ffc96bdd6dcca04/elements - {"using":"xpath","value":"//span[text()='Provide to site - Completed']"}
RESULT: {"using":"xpath","value":"//span[text()='Provide to site - Completed']"}
COMMAND: POST /session/3637353f0f0366f06ffc96bdd6dcca04/elements - {"using":"xpath","value":"//span[text()='Provide to site - Completed']"}
RESULT: {"using":"xpath","value":"//span[text()='Provide to site - Completed']"}
COMMAND: POST /session/3637353f0f0366f06ffc96bdd6dcca04/elements - {"using":"xpath","value":"//span[text()='Provide to site - Completed']"}
RESULT: {"using":"xpath","value":"//span[text()='Provide to site - Completed']"}
COMMAND: POST /session/3637353f0f0366f06ffc96bdd6dcca04/elements - {"using":"xpath","value":"//span[text()='Provide to site - Completed']"}
RESULT: {"using":"xpath","value":"//span[text()='Provide to site - Completed']"}
COMMAND: POST /session/3637353f0f0366f06ffc96bdd6dcca04/elements - {"using":"xpath","value":"//span[text()='Provide to site - Completed']"}
RESULT: {"using":"xpath","value":"//span[text()='Provide to site - Completed']"}
COMMAND: POST /session/3637353f0f0366f06ffc96bdd6dcca04/elements - {"using":"xpath","value":"//span[text()='Provide to site - Completed']"}
RESULT: {"using":"xpath","value":"//span[text()='Provide to site - Completed']"}
COMMAND: POST /session/3637353f0f0366f06ffc96bdd6dcca04/elements - {"using":"xpath","value":"//span[text()='Provide to site - Completed']"}
RESULT: {"using":"xpath","value":"//span[text()='Provide to site - Completed']"}
COMMAND: POST /session/3637353f0f0366f06ffc96bdd6dcca04/elements - {"using":"xpath","value":"//span[text()='Provide to site - Completed']"}
RESULT: {"using":"xpath","value":"//span[text()='Provide to site - Completed']"}
COMMAND: POST /session/3637353f0f0366f06ffc96bdd6dcca04/elements - {"using":"xpath","value":"//span[text()='Provide to site - Completed']"}
RESULT: {"using":"xpath","value":"//span[text()='Provide to site - Completed']"}
COMMAND: POST /session/3637353f0f0366f06ffc96bdd6dcca04/elements - {"using":"xpath","value":"//span[text()='Provide to site - Completed']"}
RESULT: {"using":"xpath","value":"//span[text()='Provide to site - Completed']"}
COMMAND: POST /session/3637353f0f0366f06ffc96bdd6dcca04/elements - {"using":"xpath","value":"//span[text()='Provide to site - Completed']"}
RESULT: {"using":"xpath","value":"//span[text()='Provide to site - Completed']"}
COMMAND: POST /session/3637353f0f0366f06ffc96bdd6dcca04/elements - {"using":"xpath","value":"//span[text()='Provide to site - Completed']"}
RESULT: {"using":"xpath","value":"//span[text()='Provide to site - Completed']"}
COMMAND: POST /session/3637353f0f0366f06ffc96bdd6dcca04/elements - {"using":"xpath","value":"//span[text()='Provide to site - Completed']"}
RESULT: {"using":"xpath","value":"//span[text()='Provide to site - Completed']"}
COMMAND: POST /session/3637353f0f0366f06ffc96bdd6dcca04/elements - {"using":"xpath","value":"//span[text()='Provide to site - Completed']"}
RESULT: {"using":"xpath","value":"//span[text()='Provide to site - Completed']"}
COMMAND: POST /session/3637353f0f0366f06ffc96bdd6dcca04/elements - {"using":"xpath","value":"//span[text()='Provide to site - Completed']"}
RESULT: {"using":"xpath","value":"//span[text()='Provide to site - Completed']"}
COMMAND: POST /session/3637353f0f0366f06ffc96bdd6dcca04/elements - {"using":"xpath","value":"//span[text()='Provide to site - Completed']"}
RESULT: {"using":"xpath","value":"//span[text()='Provide to site - Completed']"}
COMMAND: POST /session/3637353f0f0366f06ffc96bdd6dcca04/elements - {"using":"xpath","value":"//span[text()='Provide to site - Completed']"}
RESULT: {"using":"xpath","value":"//span[text()='Provide to site - Completed']"}
COMMAND: POST /session/3637353f0f0366f06ffc96bdd6dcca04/elements - {"using":"xpath","value":"//span[text()='Provide to site - Completed']"}
RESULT: {"using":"xpath","value":"//span[text()='Provide to site - Completed']"}
COMMAND: POST /session/3637353f0f0366f06ffc96bdd6dcca04/elements - {"using":"xpath","value":"//span[text()='Provide to site - Completed']"}
RESULT: {"using":"xpath","value":"//span[text()='Provide to site - Completed']"}
COMMAND: POST /session/3637353f0f0366f06ffc96bdd6dcca04/elements - {"using":"xpath","value":"//span[text()='Provide to site - Completed']"}
RESULT: {"using":"xpath","value":"//span[text()='Provide to site - Completed']"}
COMMAND: POST /session/3637353f0f0366f06ffc96bdd6dcca04/elements - {"using":"xpath","value":"//span[text()='Provide to site - Completed']"}
RESULT: {"using":"xpath","value":"//span[text()='Provide to site - Completed']"}
COMMAND: POST /session/3637353f0f0366f06ffc96bdd6dcca04/elements - {"using":"xpath","value":"//span[text()='Provide to site - Completed']"}
RESULT: {"using":"xpath","value":"//span[text()='Provide to site - Completed']"}
COMMAND: POST /session/3637353f0f0366f06ffc96bdd6dcca04/elements - {"using":"xpath","value":"//span[text()='Provide to site - Completed']"}
RESULT: {"using":"xpath","value":"//span[text()='Provide to site - Completed']"}
COMMAND: POST /session/3637353f0f0366f06ffc96bdd6dcca04/elements - {"using":"xpath","value":"//span[text()='Provide to site - Completed']"}
RESULT: {"using":"xpath","value":"//span[text()='Provide to site - Completed']"}
COMMAND: POST /session/3637353f0f0366f06ffc96bdd6dcca04/elements - {"using":"xpath","value":"//span[text()='Provide to site - Completed']"}
RESULT: {"using":"xpath","value":"//span[text()='Provide to site - Completed']"}
COMMAND: POST /session/3637353f0f0366f06ffc96bdd6dcca04/elements - {"using":"xpath","value":"//span[text()='Provide to site - Completed']"}
RESULT: {"using":"xpath","value":"//span[text()='Provide to site - Completed']"}
COMMAND: POST /session/3637353f0f0366f06ffc96bdd6dcca04/elements - {"using":"xpath","value":"//span[text()='Provide to site - Completed']"}
RESULT: {"using":"xpath","value":"//span[text()='Provide to site - Completed']"}
COMMAND: POST /session/3637353f0f0366f06ffc96bdd6dcca04/elements - {"using":"xpath","value":"//span[text()='Provide to site - Completed']"}
RESULT: {"using":"xpath","value":"//span[text()='Provide to site - Completed']"}
COMMAND: POST /session/3637353f0f0366f06ffc96bdd6dcca04/elements - {"using":"xpath","value":"//span[text()='Provide to site - Completed']"}
RESULT: {"using":"xpath","value":"//span[text()='Provide to site - Completed']"}
COMMAND: POST /session/3637353f0f0366f06ffc96bdd6dcca04/elements - {"using":"xpath","value":"//span[text()='Provide to site - Completed']"}
RESULT: {"using":"xpath","value":"//span[text()='Provide to site - Completed']"}
COMMAND: POST /session/3637353f0f0366f06ffc96bdd6dcca04/elements - {"using":"xpath","value":"//span[text()='Provide to site - Completed']"}
RESULT: {"using":"xpath","value":"//span[text()='Provide to site - Completed']"}
COMMAND: POST /session/3637353f0f0366f06ffc96bdd6dcca04/elements - {"using":"xpath","value":"//span[text()='Provide to site - Completed']"}
RESULT: {"using":"xpath","value":"//span[text()='Provide to site - Completed']"}
COMMAND: POST /session/3637353f0f0366f06ffc96bdd6dcca04/elements - {"using":"xpath","value":"//span[text()='Provide to site - Completed']"}
RESULT: {"using":"xpath","value":"//span[text()='Provide to site - Completed']"}
COMMAND: POST /session/3637353f0f0366f06ffc96bdd6dcca04/elements - {"using":"xpath","value":"//span[text()='Provide to site - Completed']"}
RESULT: {"using":"xpath","value":"//span[text()='Provide to site - Completed']"}
COMMAND: POST /session/3637353f0f0366f06ffc96bdd6dcca04/elements - {"using":"xpath","value":"//span[text()='Provide to site - Completed']"}
RESULT: {"using":"xpath","value":"//span[text()='Provide to site - Completed']"}
COMMAND: POST /session/3637353f0f0366f06ffc96bdd6dcca04/elements - {"using":"xpath","value":"//span[text()='Provide to site - Completed']"}
RESULT: {"using":"xpath","value":"//span[text()='Provide to site - Completed']"}
COMMAND: POST /session/3637353f0f0366f06ffc96bdd6dcca04/elements - {"using":"xpath","value":"//span[text()='Provide to site - Completed']"}
RESULT: {"using":"xpath","value":"//span[text()='Provide to site - Completed']"}
COMMAND: POST /session/3637353f0f0366f06ffc96bdd6dcca04/elements - {"using":"xpath","value":"//span[text()='Provide to site - Completed']"}
RESULT: {"using":"xpath","value":"//span[text()='Provide to site - Completed']"}
COMMAND: POST /session/3637353f0f0366f06ffc96bdd6dcca04/elements - {"using":"xpath","value":"//span[text()='Provide to site - Completed']"}
RESULT: {"using":"xpath","value":"//span[text()='Provide to site - Completed']"}
COMMAND: POST /session/3637353f0f0366f06ffc96bdd6dcca04/elements - {"using":"xpath","value":"//span[text()='Provide to site - Completed']"}
RESULT: {"using":"xpath","value":"//span[text()='Provide to site - Completed']"}
COMMAND: POST /session/3637353f0f0366f06ffc96bdd6dcca04/elements - {"using":"xpath","value":"//span[text()='Provide to site - Completed']"}
RESULT: {"using":"xpath","value":"//span[text()='Provide to site - Completed']"}
COMMAND: POST /session/3637353f0f0366f06ffc96bdd6dcca04/elements - {"using":"xpath","value":"//span[text()='Provide to site - Completed']"}
RESULT: {"using":"xpath","value":"//span[text()='Provide to site - Completed']"}
COMMAND: POST /session/3637353f0f0366f06ffc96bdd6dcca04/elements - {"using":"xpath","value":"//span[text()='Provide to site - Completed']"}
RESULT: {"using":"xpath","value":"//span[text()='Provide to site - Completed']"}
COMMAND: POST /session/3637353f0f0366f06ffc96bdd6dcca04/elements - {"using":"xpath","value":"//span[text()='Provide to site - Completed']"}
RESULT: {"using":"xpath","value":"//span[text()='Provide to site - Completed']"}
COMMAND: POST /session/3637353f0f0366f06ffc96bdd6dcca04/elements - {"using":"xpath","value":"//span[text()='Provide to site - Completed']"}
RESULT: {"using":"xpath","value":"//span[text()='Provide to site - Completed']"}
COMMAND: POST /session/3637353f0f0366f06ffc96bdd6dcca04/elements - {"using":"xpath","value":"//span[text()='Provide to site - Completed']"}
RESULT: {"using":"xpath","value":"//span[text()='Provide to site - Completed']"}
COMMAND: POST /session/3637353f0f0366f06ffc96bdd6dcca04/elements - {"using":"xpath","value":"//span[text()='Provide to site - Completed']"}
RESULT: {"using":"xpath","value":"//span[text()='Provide to site - Completed']"}
COMMAND: POST /session/3637353f0f0366f06ffc96bdd6dcca04/elements - {"using":"xpath","value":"//span[text()='Provide to site - Completed']"}
RESULT: {"using":"xpath","value":"//span[text()='Provide to site - Completed']"}
COMMAND: POST /session/3637353f0f0366f06ffc96bdd6dcca04/elements - {"using":"xpath","value":"//span[text()='Provide to site - Completed']"}
RESULT: {"using":"xpath","value":"//span[text()='Provide to site - Completed']"}
COMMAND: POST /session/3637353f0f0366f06ffc96bdd6dcca04/elements - {"using":"xpath","value":"//span[text()='Provide to site - Completed']"}
RESULT: {"using":"xpath","value":"//span[text()='Provide to site - Completed']"}
COMMAND: POST /session/3637353f0f0366f06ffc96bdd6dcca04/elements - {"using":"xpath","value":"//span[text()='Provide to site - Completed']"}
RESULT: {"using":"xpath","value":"//span[text()='Provide to site - Completed']"}
COMMAND: POST /session/3637353f0f0366f06ffc96bdd6dcca04/elements - {"using":"xpath","value":"//span[text()='Provide to site - Completed']"}
RESULT: {"using":"xpath","value":"//span[text()='Provide to site - Completed']"}
COMMAND: POST /session/3637353f0f0366f06ffc96bdd6dcca04/elements - {"using":"xpath","value":"//span[text()='Provide to site - Completed']"}
RESULT: {"using":"xpath","value":"//span[text()='Provide to site - Completed']"}
COMMAND: POST /session/3637353f0f0366f06ffc96bdd6dcca04/elements - {"using":"xpath","value":"//span[text()='Provide to site - Completed']"}
RESULT: {"using":"xpath","value":"//span[text()='Provide to site - Completed']"}
COMMAND: POST /session/3637353f0f0366f06ffc96bdd6dcca04/elements - {"using":"xpath","value":"//span[text()='Provide to site - Completed']"}
RESULT: {"using":"xpath","value":"//span[text()='Provide to site - Completed']"}
COMMAND: POST /session/3637353f0f0366f06ffc96bdd6dcca04/elements - {"using":"xpath","value":"//span[text()='Provide to site - Completed']"}
RESULT: {"using":"xpath","value":"//span[text()='Provide to site - Completed']"}
COMMAND: POST /session/3637353f0f0366f06ffc96bdd6dcca04/elements - {"using":"xpath","value":"//span[text()='Provide to site - Completed']"}
RESULT: {"using":"xpath","value":"//span[text()='Provide to site - Completed']"}
COMMAND: POST /session/3637353f0f0366f06ffc96bdd6dcca04/elements - {"using":"xpath","value":"//span[text()='Provide to site - Completed']"}
RESULT: {"using":"xpath","value":"//span[text()='Provide to site - Completed']"}
COMMAND: POST /session/3637353f0f0366f06ffc96bdd6dcca04/elements - {"using":"xpath","value":"//span[text()='Provide to site - Completed']"}
RESULT: {"using":"xpath","value":"//span[text()='Provide to site - Completed']"}
COMMAND: POST /session/3637353f0f0366f06ffc96bdd6dcca04/elements - {"using":"xpath","value":"//span[text()='Provide to site - Completed']"}
RESULT: {"using":"xpath","value":"//span[text()='Provide to site - Completed']"}
COMMAND: POST /session/3637353f0f0366f06ffc96bdd6dcca04/elements - {"using":"xpath","value":"//span[text()='Provide to site - Completed']"}
RESULT: {"using":"xpath","value":"//span[text()='Provide to site - Completed']"}
COMMAND: POST /session/3637353f0f0366f06ffc96bdd6dcca04/elements - {"using":"xpath","value":"//span[text()='Provide to site - Completed']"}
RESULT: {"using":"xpath","value":"//span[text()='Provide to site - Completed']"}
COMMAND: POST /session/3637353f0f0366f06ffc96bdd6dcca04/elements - {"using":"xpath","value":"//span[text()='Provide to site - Completed']"}
RESULT: {"using":"xpath","value":"//span[text()='Provide to site - Completed']"}
COMMAND: POST /session/3637353f0f0366f06ffc96bdd6dcca04/elements - {"using":"xpath","value":"//span[text()='Provide to site - Completed']"}
RESULT: {"using":"xpath","value":"//span[text()='Provide to site - Completed']"}
COMMAND: POST /session/3637353f0f0366f06ffc96bdd6dcca04/elements - {"using":"xpath","value":"//span[text()='Provide to site - Completed']"}
RESULT: {"using":"xpath","value":"//span[text()='Provide to site - Completed']"}
COMMAND: POST /session/3637353f0f0366f06ffc96bdd6dcca04/elements - {"using":"xpath","value":"//span[text()='Provide to site - Completed']"}
RESULT: {"using":"xpath","value":"//span[text()='Provide to site - Completed']"}
COMMAND: POST /session/3637353f0f0366f06ffc96bdd6dcca04/elements - {"using":"xpath","value":"//span[text()='Provide to site - Completed']"}
RESULT: {"using":"xpath","value":"//span[text()='Provide to site - Completed']"}
COMMAND: POST /session/3637353f0f0366f06ffc96bdd6dcca04/elements - {"using":"xpath","value":"//span[text()='Provide to site - Completed']"}
RESULT: {"using":"xpath","value":"//span[text()='Provide to site - Completed']"}
COMMAND: POST /session/3637353f0f0366f06ffc96bdd6dcca04/execute/async - {"script":"<script> [1562 bytes]","args":[{"selector":{"controlType":"sap.m.Button","viewName":"etm.portal.ui.managehandovers.view.DetailExecuteHO","i18NText":{"propertyName":"text","key":"pickQty"},"interaction":{"idSuffix":"BDI-content"}},"wdio_ui5_key":"etmportal.ui.managehandovers.view.DetailExecuteHOsap.m.Button{\"propertyName\":\"text\",\"key\":\"pickQty\"}"}]}
RESULT: {"script":"<script> [1562 bytes]","args":[{"selector":{"controlType":"sap.m.Button","viewName":"etm.portal.ui.managehandovers.view.DetailExecuteHO","i18NText":{"propertyName":"text","key":"pickQty"},"interaction":{"idSuffix":"BDI-content"}},"wdio_ui5_key":"etmportal.ui.managehandovers.view.DetailExecuteHOsap.m.Button{\"propertyName\":\"text\",\"key\":\"pickQty\"}"}]}
RESULT: undefined
COMMAND: POST /session/3637353f0f0366f06ffc96bdd6dcca04/execute/async - {"script":"<script> [1562 bytes]","args":[{"selector":{"controlType":"sap.m.Link","viewName":"etm.portal.ui.managehandovers.view.DetailExecuteHO","bindingPath":{"path":"","propertyPath":"/wmDoc","modelName":"warehouseMovModel"}},"wdio_ui5_key":"etmportal.ui.managehandovers.view.DetailExecuteHOsap.m.Link{\"path\":\"\",\"propertyPath\":\"/wmDoc\",\"modelName\":\"warehouseMovModel\"}"}]}
RESULT: {"script":"<script> [1562 bytes]","args":[{"selector":{"controlType":"sap.m.Link","viewName":"etm.portal.ui.managehandovers.view.DetailExecuteHO","bindingPath":{"path":"","propertyPath":"/wmDoc","modelName":"warehouseMovModel"}},"wdio_ui5_key":"etmportal.ui.managehandovers.view.DetailExecuteHOsap.m.Link{\"path\":\"\",\"propertyPath\":\"/wmDoc\",\"modelName\":\"warehouseMovModel\"}"}]}
RESULT: undefined
COMMAND: POST /session/3637353f0f0366f06ffc96bdd6dcca04/execute/async - {"script":"<script> [1562 bytes]","args":[{"selector":{"controlType":"sap.m.Link","viewName":"etm.portal.ui.managehandovers.view.DetailExecuteHO","properties":{"text":"Warehouse Overview"},"searchOpenDialogs":true},"wdio_ui5_key":"etmportal.ui.managehandovers.view.DetailExecuteHOsap.m.Link{\"text\":\"Warehouse Overview\"}"}]}
RESULT: {"script":"<script> [1562 bytes]","args":[{"selector":{"controlType":"sap.m.Link","viewName":"etm.portal.ui.managehandovers.view.DetailExecuteHO","properties":{"text":"Warehouse Overview"},"searchOpenDialogs":true},"wdio_ui5_key":"etmportal.ui.managehandovers.view.DetailExecuteHOsap.m.Link{\"text\":\"Warehouse Overview\"}"}]}
RESULT: undefined
COMMAND: POST /session/3637353f0f0366f06ffc96bdd6dcca04/execute/async - {"script":"<script> [1562 bytes]","args":[{"selector":{"controlType":"sap.m.Button","viewName":"etm.portal.ui.warehousemovements.view.DisplayMovement","viewId":"application-warehousemovements-display-component---displayMovement","i18NText":{"propertyName":"text","key":"execution"},"interaction":{"idSuffix":"BDI-content"}},"wdio_ui5_key":"etmportal.ui.warehousemovements.view.DisplayMovementsap.m.Button{\"propertyName\":\"text\",\"key\":\"execution\"}"}]}
RESULT: {"script":"<script> [1562 bytes]","args":[{"selector":{"controlType":"sap.m.Button","viewName":"etm.portal.ui.warehousemovements.view.DisplayMovement","viewId":"application-warehousemovements-display-component---displayMovement","i18NText":{"propertyName":"text","key":"execution"},"interaction":{"idSuffix":"BDI-content"}},"wdio_ui5_key":"etmportal.ui.warehousemovements.view.DisplayMovementsap.m.Button{\"propertyName\":\"text\",\"key\":\"execution\"}"}]}
RESULT: undefined
COMMAND: POST /session/3637353f0f0366f06ffc96bdd6dcca04/execute/async - {"script":"<script> [1562 bytes]","args":[{"selector":{"controlType":"sap.m.Button","viewName":"etm.portal.ui.warehousemovements.view.ExecuteMovement","viewId":"application-warehousemovements-display-component---executeMovement","properties":{"text":"Items"},"interaction":{"idSuffix":"BDI-content"}},"wdio_ui5_key":"etmportal.ui.warehousemovements.view.ExecuteMovementsap.m.Button{\"text\":\"Items\"}"}]}
RESULT: {"script":"<script> [1562 bytes]","args":[{"selector":{"controlType":"sap.m.Button","viewName":"etm.portal.ui.warehousemovements.view.ExecuteMovement","viewId":"application-warehousemovements-display-component---executeMovement","properties":{"text":"Items"},"interaction":{"idSuffix":"BDI-content"}},"wdio_ui5_key":"etmportal.ui.warehousemovements.view.ExecuteMovementsap.m.Button{\"text\":\"Items\"}"}]}
RESULT: undefined
COMMAND: POST /session/3637353f0f0366f06ffc96bdd6dcca04/execute/async - {"script":"<script> [1562 bytes]","args":[{"selector":{"controlType":"sap.m.ToggleButton","viewName":"etm.portal.ui.warehousemovements.view.ExecuteMovement","viewId":"application-warehousemovements-display-component---executeMovement","bindingPath":{"propertyPath":"STATUS","modelName":"catalogModel"},"interaction":{"idSuffix":"BDI-content"}},"wdio_ui5_key":"etmportal.ui.warehousemovements.view.ExecuteMovementsap.m.ToggleButton{\"propertyPath\":\"STATUS\",\"modelName\":\"catalogModel\"}"}]}
RESULT: {"script":"<script> [1562 bytes]","args":[{"selector":{"controlType":"sap.m.ToggleButton","viewName":"etm.portal.ui.warehousemovements.view.ExecuteMovement","viewId":"application-warehousemovements-display-component---executeMovement","bindingPath":{"propertyPath":"STATUS","modelName":"catalogModel"},"interaction":{"idSuffix":"BDI-content"}},"wdio_ui5_key":"etmportal.ui.warehousemovements.view.ExecuteMovementsap.m.ToggleButton{\"propertyPath\":\"STATUS\",\"modelName\":\"catalogModel\"}"}]}
RESULT: undefined
RESULT: undefined
RESULT: undefined
COMMAND: POST /session/3637353f0f0366f06ffc96bdd6dcca04/execute/async - {"script":"<script> [1562 bytes]","args":[{"selector":{"id":"application-warehousemovements-display-component---executeMovement--executeId","interaction":{"idSuffix":"BDI-content"}},"wdio_ui5_key":"applicationwarehousemovements-display-component---executeMovement--executeId"}]}
RESULT: {"script":"<script> [1562 bytes]","args":[{"selector":{"id":"application-warehousemovements-display-component---executeMovement--executeId","interaction":{"idSuffix":"BDI-content"}},"wdio_ui5_key":"applicationwarehousemovements-display-component---executeMovement--executeId"}]}
RESULT: undefined
COMMAND: POST /session/3637353f0f0366f06ffc96bdd6dcca04/element - {"using":"css selector","value":"#shell-header-logo"}
RESULT: {"using":"css selector","value":"#shell-header-logo"}
COMMAND: POST /session/3637353f0f0366f06ffc96bdd6dcca04/element/f.FA5AA6ACA71DB73EA77ABAF269C4B101.d.E2D12426AB3AF891EE2A0DFC2507DAC6.e.9462/click - {}
RESULT: {}
COMMAND: GET /session/3637353f0f0366f06ffc96bdd6dcca04/screenshot - {}
RESULT: {}
RESULT: undefined
COMMAND: POST /session/3637353f0f0366f06ffc96bdd6dcca04/execute/async - {"script":"<script> [1562 bytes]","args":[{"selector":{"controlType":"sap.m.SearchField","viewName":"etm.portal.ui.managehandovers.view.MasterHO","bindingPath":{"propertyPath":"/_BASIC_SEARCH_FIELD","modelName":"fi1t3rM0d31"},"interaction":{"idSuffix":"I"}},"wdio_ui5_key":"etmportal.ui.managehandovers.view.MasterHOsap.m.SearchField{\"propertyPath\":\"/_BASIC_SEARCH_FIELD\",\"modelName\":\"fi1t3rM0d31\"}"}]}
RESULT: {"script":"<script> [1562 bytes]","args":[{"selector":{"controlType":"sap.m.SearchField","viewName":"etm.portal.ui.managehandovers.view.MasterHO","bindingPath":{"propertyPath":"/_BASIC_SEARCH_FIELD","modelName":"fi1t3rM0d31"},"interaction":{"idSuffix":"I"}},"wdio_ui5_key":"etmportal.ui.managehandovers.view.MasterHOsap.m.SearchField{\"propertyPath\":\"/_BASIC_SEARCH_FIELD\",\"modelName\":\"fi1t3rM0d31\"}"}]}
RESULT: undefined
COMMAND: POST /session/3637353f0f0366f06ffc96bdd6dcca04/actions - {"actions":[{"id":"action42","type":"key","parameters":{},"actions":[{"type":"keyDown","value":"î€‡"},{"type":"pause","duration":10},{"type":"keyUp","value":"î€‡"}]}]}
RESULT: {"actions":[{"id":"action42","type":"key","parameters":{},"actions":[{"type":"keyDown","value":"î€‡"},{"type":"pause","duration":10},{"type":"keyUp","value":"î€‡"}]}]}
COMMAND: GET /session/3637353f0f0366f06ffc96bdd6dcca04/screenshot - {}
RESULT: {}
COMMAND: POST /session/3637353f0f0366f06ffc96bdd6dcca04/execute/async - {"script":"<script> [1562 bytes]","args":[{"selector":{"controlType":"sap.ui.core.Icon","viewName":"etm.portal.ui.managehandovers.view.MasterHO","properties":{"src":{"regex":{"source":"slim\\-arrow\\-right"}}}},"wdio_ui5_key":"etmportal.ui.managehandovers.view.MasterHOsap.ui.core.Icon{\"src\":{\"regex\":{\"source\":\"slim\\\\-arrow\\\\-right\"}}}"}]}
RESULT: {"script":"<script> [1562 bytes]","args":[{"selector":{"controlType":"sap.ui.core.Icon","viewName":"etm.portal.ui.managehandovers.view.MasterHO","properties":{"src":{"regex":{"source":"slim\\-arrow\\-right"}}}},"wdio_ui5_key":"etmportal.ui.managehandovers.view.MasterHOsap.ui.core.Icon{\"src\":{\"regex\":{\"source\":\"slim\\\\-arrow\\\\-right\"}}}"}]}
RESULT: undefined
COMMAND: POST /session/3637353f0f0366f06ffc96bdd6dcca04/execute/async - {"script":"<script> [1562 bytes]","args":[{"selector":{"controlType":"sap.m.Button","viewName":"etm.portal.ui.managehandovers.view.DetailExecuteHO","i18NText":{"propertyName":"text","key":"confirmAll"},"interaction":{"idSuffix":"BDI-content"}},"wdio_ui5_key":"etmportal.ui.managehandovers.view.DetailExecuteHOsap.m.Button{\"propertyName\":\"text\",\"key\":\"confirmAll\"}"}]}
RESULT: {"script":"<script> [1562 bytes]","args":[{"selector":{"controlType":"sap.m.Button","viewName":"etm.portal.ui.managehandovers.view.DetailExecuteHO","i18NText":{"propertyName":"text","key":"confirmAll"},"interaction":{"idSuffix":"BDI-content"}},"wdio_ui5_key":"etmportal.ui.managehandovers.view.DetailExecuteHOsap.m.Button{\"propertyName\":\"text\",\"key\":\"confirmAll\"}"}]}
RESULT: undefined
COMMAND: POST /session/3637353f0f0366f06ffc96bdd6dcca04/actions - {"actions":[{"id":"action43","type":"key","parameters":{},"actions":[{"type":"keyDown","value":"î€‡"},{"type":"pause","duration":10},{"type":"keyUp","value":"î€‡"}]}]}
RESULT: {"actions":[{"id":"action43","type":"key","parameters":{},"actions":[{"type":"keyDown","value":"î€‡"},{"type":"pause","duration":10},{"type":"keyUp","value":"î€‡"}]}]}
COMMAND: GET /session/3637353f0f0366f06ffc96bdd6dcca04/screenshot - {}
RESULT: {}
COMMAND: POST /session/3637353f0f0366f06ffc96bdd6dcca04/execute/async - {"script":"<script> [1562 bytes]","args":[{"selector":{"id":"confirmationButton","viewName":"etm.portal.ui.managehandovers.view.DetailExecuteHO","properties":{"text":"Issue"},"interaction":{"idSuffix":"BDI-content"}},"wdio_ui5_key":"confirmationButtonetmportal.ui.managehandovers.view.DetailExecuteHO{\"text\":\"Issue\"}"}]}
RESULT: {"script":"<script> [1562 bytes]","args":[{"selector":{"id":"confirmationButton","viewName":"etm.portal.ui.managehandovers.view.DetailExecuteHO","properties":{"text":"Issue"},"interaction":{"idSuffix":"BDI-content"}},"wdio_ui5_key":"confirmationButtonetmportal.ui.managehandovers.view.DetailExecuteHO{\"text\":\"Issue\"}"}]}
RESULT: undefined
RESULT: undefined
COMMAND: POST /session/3637353f0f0366f06ffc96bdd6dcca04/actions - {"actions":[{"id":"action44","type":"key","parameters":{},"actions":[{"type":"keyDown","value":"î€‡"},{"type":"pause","duration":10},{"type":"keyUp","value":"î€‡"}]}]}
RESULT: {"actions":[{"id":"action44","type":"key","parameters":{},"actions":[{"type":"keyDown","value":"î€‡"},{"type":"pause","duration":10},{"type":"keyUp","value":"î€‡"}]}]}
COMMAND: GET /session/3637353f0f0366f06ffc96bdd6dcca04/screenshot - {}
RESULT: {}
RESULT: undefined
COMMAND: POST /session/3637353f0f0366f06ffc96bdd6dcca04/execute/async - {"script":"<script> [1562 bytes]","args":[{"selector":{"id":"instructionsTabFilter","viewName":"etm.portal.ui.managehandovers.view.DetailExecuteHO","interaction":{"idSuffix":"text"}},"wdio_ui5_key":"instructionsTabFilteretmportal.ui.managehandovers.view.DetailExecuteHO"}]}
RESULT: {"script":"<script> [1562 bytes]","args":[{"selector":{"id":"instructionsTabFilter","viewName":"etm.portal.ui.managehandovers.view.DetailExecuteHO","interaction":{"idSuffix":"text"}},"wdio_ui5_key":"instructionsTabFilteretmportal.ui.managehandovers.view.DetailExecuteHO"}]}
RESULT: undefined
RESULT: undefined
COMMAND: POST /session/3637353f0f0366f06ffc96bdd6dcca04/execute/async - {"script":"<script> [1562 bytes]","args":[{"selector":{"controlType":"sap.m.ComboBox","viewName":"etm.portal.ui.managehandovers.view.DetailExecuteHO","bindingPath":{"propertyPath":"RECEIVING_SECTION","modelName":"catalogModel"},"interaction":{"idSuffix":"inner"}},"wdio_ui5_key":"etmportal.ui.managehandovers.view.DetailExecuteHOsap.m.ComboBox{\"propertyPath\":\"RECEIVING_SECTION\",\"modelName\":\"catalogModel\"}"}]}
RESULT: {"script":"<script> [1562 bytes]","args":[{"selector":{"controlType":"sap.m.ComboBox","viewName":"etm.portal.ui.managehandovers.view.DetailExecuteHO","bindingPath":{"propertyPath":"RECEIVING_SECTION","modelName":"catalogModel"},"interaction":{"idSuffix":"inner"}},"wdio_ui5_key":"etmportal.ui.managehandovers.view.DetailExecuteHOsap.m.ComboBox{\"propertyPath\":\"RECEIVING_SECTION\",\"modelName\":\"catalogModel\"}"}]}
RESULT: undefined
COMMAND: POST /session/3637353f0f0366f06ffc96bdd6dcca04/actions - {"actions":[{"id":"action45","type":"key","parameters":{},"actions":[{"type":"keyDown","value":"î€‡"},{"type":"pause","duration":10},{"type":"keyUp","value":"î€‡"}]}]}
RESULT: {"actions":[{"id":"action45","type":"key","parameters":{},"actions":[{"type":"keyDown","value":"î€‡"},{"type":"pause","duration":10},{"type":"keyUp","value":"î€‡"}]}]}
COMMAND: GET /session/3637353f0f0366f06ffc96bdd6dcca04/screenshot - {}
RESULT: {}
COMMAND: POST /session/3637353f0f0366f06ffc96bdd6dcca04/execute/async - {"script":"<script> [1562 bytes]","args":[{"selector":{"id":"confirmationButton","viewName":"etm.portal.ui.managehandovers.view.DetailExecuteHO","properties":{"text":"Receive"},"interaction":{"idSuffix":"BDI-content"}},"wdio_ui5_key":"confirmationButtonetmportal.ui.managehandovers.view.DetailExecuteHO{\"text\":\"Receive\"}"}]}
RESULT: {"script":"<script> [1562 bytes]","args":[{"selector":{"id":"confirmationButton","viewName":"etm.portal.ui.managehandovers.view.DetailExecuteHO","properties":{"text":"Receive"},"interaction":{"idSuffix":"BDI-content"}},"wdio_ui5_key":"confirmationButtonetmportal.ui.managehandovers.view.DetailExecuteHO{\"text\":\"Receive\"}"}]}
RESULT: undefined
COMMAND: POST /session/3637353f0f0366f06ffc96bdd6dcca04/execute/async - {"script":"<script> [1562 bytes]","args":[{"selector":{"controlType":"sap.m.Button","properties":{"text":"Continue"},"searchOpenDialogs":true,"interaction":{"idSuffix":"content"}},"wdio_ui5_key":"sapm.Button{\"text\":\"Continue\"}"}]}
RESULT: {"script":"<script> [1562 bytes]","args":[{"selector":{"controlType":"sap.m.Button","properties":{"text":"Continue"},"searchOpenDialogs":true,"interaction":{"idSuffix":"content"}},"wdio_ui5_key":"sapm.Button{\"text\":\"Continue\"}"}]}
RESULT: undefined
]]></system-out>
    </testcase>
    <testcase classname="chrome.135_0_7049_96.windows.Provide_to_Site_w/o_warehouse_management_w_clarification" name="Should test for Clarification" time="27.067">
      <system-out><![CDATA[
RESULT: undefined
RESULT: undefined
COMMAND: POST /session/3637353f0f0366f06ffc96bdd6dcca04/actions - {"actions":[{"id":"action46","type":"key","parameters":{},"actions":[{"type":"keyDown","value":"î€‡"},{"type":"pause","duration":10},{"type":"keyUp","value":"î€‡"}]}]}
RESULT: {"actions":[{"id":"action46","type":"key","parameters":{},"actions":[{"type":"keyDown","value":"î€‡"},{"type":"pause","duration":10},{"type":"keyUp","value":"î€‡"}]}]}
COMMAND: GET /session/3637353f0f0366f06ffc96bdd6dcca04/screenshot - {}
RESULT: {}
RESULT: undefined
RESULT: undefined
RESULT: undefined
COMMAND: POST /session/3637353f0f0366f06ffc96bdd6dcca04/execute/async - {"script":"<script> [1562 bytes]","args":[{"selector":{"controlType":"sap.m.ToggleButton","viewName":"etm.portal.ui.managehandovers.view.DetailExecuteHO","i18NText":{"propertyName":"text","key":"refuse"},"interaction":{"idSuffix":"BDI-content"}},"wdio_ui5_key":"etmportal.ui.managehandovers.view.DetailExecuteHOsap.m.ToggleButton{\"propertyName\":\"text\",\"key\":\"refuse\"}"}]}
RESULT: {"script":"<script> [1562 bytes]","args":[{"selector":{"controlType":"sap.m.ToggleButton","viewName":"etm.portal.ui.managehandovers.view.DetailExecuteHO","i18NText":{"propertyName":"text","key":"refuse"},"interaction":{"idSuffix":"BDI-content"}},"wdio_ui5_key":"etmportal.ui.managehandovers.view.DetailExecuteHOsap.m.ToggleButton{\"propertyName\":\"text\",\"key\":\"refuse\"}"}]}
RESULT: undefined
COMMAND: POST /session/3637353f0f0366f06ffc96bdd6dcca04/execute/async - {"script":"<script> [1562 bytes]","args":[{"selector":{"id":"confirmationButton","viewName":"etm.portal.ui.managehandovers.view.DetailExecuteHO","interaction":{"idSuffix":"BDI-content"},"properties":{"text":"Receive / Refuse"}},"wdio_ui5_key":"confirmationButtonetmportal.ui.managehandovers.view.DetailExecuteHO{\"text\":\"Receive / Refuse\"}"}]}
RESULT: {"script":"<script> [1562 bytes]","args":[{"selector":{"id":"confirmationButton","viewName":"etm.portal.ui.managehandovers.view.DetailExecuteHO","interaction":{"idSuffix":"BDI-content"},"properties":{"text":"Receive / Refuse"}},"wdio_ui5_key":"confirmationButtonetmportal.ui.managehandovers.view.DetailExecuteHO{\"text\":\"Receive / Refuse\"}"}]}
RESULT: undefined
COMMAND: POST /session/3637353f0f0366f06ffc96bdd6dcca04/element - {"using":"css selector","value":"#j_username"}
COMMAND: POST /session/3637353f0f0366f06ffc96bdd6dcca04/url - {"url":"https://qa-testing-00-live-etm-ui.cfapps.eu10-004.hana.ondemand.com/"}
COMMAND: GET /session/3637353f0f0366f06ffc96bdd6dcca04/screenshot - {}
RESULT: {"using":"css selector","value":"#j_username"}
COMMAND: POST /session/3637353f0f0366f06ffc96bdd6dcca04/element - {"using":"css selector","value":"#j_username"}
RESULT: {"url":"https://qa-testing-00-live-etm-ui.cfapps.eu10-004.hana.ondemand.com/"}
RESULT: undefined
COMMAND: GET /session/3637353f0f0366f06ffc96bdd6dcca04/screenshot - {}
RESULT: {}
RESULT: {"using":"css selector","value":"#j_username"}
COMMAND: POST /session/3637353f0f0366f06ffc96bdd6dcca04/element - {"using":"css selector","value":"#shell-header-logo"}
RESULT: {}
RESULT: {"using":"css selector","value":"#shell-header-logo"}
COMMAND: POST /session/3637353f0f0366f06ffc96bdd6dcca04/execute/sync - {"script":"<script> [8489 bytes]","args":[{"element-6066-11e4-a52e-4f735466cecf":"f.FA5AA6ACA71DB73EA77ABAF269C4B101.d.3A95DDAA10A3FEC19CA3CC1E3E638A37.e.10355","ELEMENT":"f.FA5AA6ACA71DB73EA77ABAF269C4B101.d.3A95DDAA10A3FEC19CA3CC1E3E638A37.e.10355"}]}
RESULT: {"script":"<script> [8489 bytes]","args":[{"element-6066-11e4-a52e-4f735466cecf":"f.FA5AA6ACA71DB73EA77ABAF269C4B101.d.3A95DDAA10A3FEC19CA3CC1E3E638A37.e.10355","ELEMENT":"f.FA5AA6ACA71DB73EA77ABAF269C4B101.d.3A95DDAA10A3FEC19CA3CC1E3E638A37.e.10355"}]}
COMMAND: POST /session/3637353f0f0366f06ffc96bdd6dcca04/element - {"using":"css selector","value":"#shell-header-logo"}
COMMAND: GET /session/3637353f0f0366f06ffc96bdd6dcca04/screenshot - {}
RESULT: {"using":"css selector","value":"#shell-header-logo"}
COMMAND: POST /session/3637353f0f0366f06ffc96bdd6dcca04/execute/sync - {"script":"<script> [8489 bytes]","args":[{"element-6066-11e4-a52e-4f735466cecf":"f.FA5AA6ACA71DB73EA77ABAF269C4B101.d.3A95DDAA10A3FEC19CA3CC1E3E638A37.e.10355","ELEMENT":"f.FA5AA6ACA71DB73EA77ABAF269C4B101.d.3A95DDAA10A3FEC19CA3CC1E3E638A37.e.10355"}]}
RESULT: {}
RESULT: {"script":"<script> [8489 bytes]","args":[{"element-6066-11e4-a52e-4f735466cecf":"f.FA5AA6ACA71DB73EA77ABAF269C4B101.d.3A95DDAA10A3FEC19CA3CC1E3E638A37.e.10355","ELEMENT":"f.FA5AA6ACA71DB73EA77ABAF269C4B101.d.3A95DDAA10A3FEC19CA3CC1E3E638A37.e.10355"}]}
COMMAND: POST /session/3637353f0f0366f06ffc96bdd6dcca04/execute/sync - {"script":"<script> [5351 bytes]","args":[{"element-6066-11e4-a52e-4f735466cecf":"f.FA5AA6ACA71DB73EA77ABAF269C4B101.d.3A95DDAA10A3FEC19CA3CC1E3E638A37.e.10355","ELEMENT":"f.FA5AA6ACA71DB73EA77ABAF269C4B101.d.3A95DDAA10A3FEC19CA3CC1E3E638A37.e.10355"}]}
COMMAND: GET /session/3637353f0f0366f06ffc96bdd6dcca04/screenshot - {}
RESULT: {"script":"<script> [5351 bytes]","args":[{"element-6066-11e4-a52e-4f735466cecf":"f.FA5AA6ACA71DB73EA77ABAF269C4B101.d.3A95DDAA10A3FEC19CA3CC1E3E638A37.e.10355","ELEMENT":"f.FA5AA6ACA71DB73EA77ABAF269C4B101.d.3A95DDAA10A3FEC19CA3CC1E3E638A37.e.10355"}]}
COMMAND: POST /session/3637353f0f0366f06ffc96bdd6dcca04/element - {"using":"css selector","value":"#shell-header-logo"}
COMMAND: GET /session/3637353f0f0366f06ffc96bdd6dcca04/screenshot - {}
RESULT: {}
RESULT: {"using":"css selector","value":"#shell-header-logo"}
COMMAND: POST /session/3637353f0f0366f06ffc96bdd6dcca04/element/f.FA5AA6ACA71DB73EA77ABAF269C4B101.d.3A95DDAA10A3FEC19CA3CC1E3E638A37.e.10355/click - {}
RESULT: {}
RESULT: {}
COMMAND: GET /session/3637353f0f0366f06ffc96bdd6dcca04/screenshot - {}
RESULT: {}
COMMAND: POST /session/3637353f0f0366f06ffc96bdd6dcca04/execute/async - {"script":"<script> [189 bytes]","args":[]}
RESULT: {"script":"<script> [189 bytes]","args":[]}
COMMAND: POST /session/3637353f0f0366f06ffc96bdd6dcca04/execute/async - {"script":"<script> [123 bytes]","args":[]}
RESULT: {"script":"<script> [123 bytes]","args":[]}
COMMAND: POST /session/3637353f0f0366f06ffc96bdd6dcca04/timeouts - {"script":"<number>"}
RESULT: {"script":"<number>"}
COMMAND: GET /session/3637353f0f0366f06ffc96bdd6dcca04/timeouts - {}
RESULT: {}
RESULT: undefined
COMMAND: POST /session/3637353f0f0366f06ffc96bdd6dcca04/execute/async - {"script":"<script> [2676 bytes]","args":[]}
RESULT: {"script":"<script> [2676 bytes]","args":[]}
COMMAND: POST /session/3637353f0f0366f06ffc96bdd6dcca04/execute/async - {"script":"<script> [2342 bytes]","args":[{"protocol":"http","hostname":"0.0.0.0","path":"/","capabilities":{"browserName":"chrome","goog:chromeOptions":{"binary":"C:\\Program Files\\Google\\Chrome\\Application\\chrome.exe","args":["--start-maximized"]}},"logLevel":"warn","connectionRetryTimeout":120000,"connectionRetryCount":3,"logLevels":{},"enableDirectConnect":true,"strictSSL":true,"_":"65 more keys: [\"cacheDir\",\"port\",\"requestedCapabilities\",\"automationProtocol\",\"baseUrl\",\"waitforInterval\",\"waitforTimeout\",\"onReload\",\"beforeCommand\",\"afterCommand\",\"rootDir\",\"specs\",\"suites\",\"exclude\",\"groupLogsByTestSpec\",\"excludeDriverLogs\",\"bail\",\"framework\",\"reporters\",\"services\",\"maxInstances\",\"maxInstancesPerCapability\",\"injectGlobals\",\"filesToWatch\",\"execArgv\",\"runnerEnv\",\"runner\",\"shard\",\"specFileRetries\",\"specFileRetriesDelay\",\"specFileRetriesDeferred\",\"reporterSyncInterval\",\"reporterSyncTimeout\",\"cucumberFeaturesWithLineNumbers\",\"autoCompileOpts\",\"mochaOpts\",\"jasmineOpts\",\"cucumberOpts\",\"onPrepare\",\"onWorkerStart\",\"onWorkerEnd\",\"before\",\"beforeSession\",\"beforeSuite\",\"beforeHook\",\"beforeTest\",\"afterTest\",\"afterHook\",\"afterSuite\",\"afterSession\",\"after\",\"onComplete\",\"beforeAssertion\",\"afterAssertion\",\"beforeFeature\",\"beforeScenario\",\"beforeStep\",\"afterStep\",\"afterScenario\",\"afterFeature\",\"_\",\"suite\",\"$0\",\"ignoredWorkerServices\",\"wdi5\"]"}]}
RESULT: {"script":"<script> [2342 bytes]","args":[{"protocol":"http","hostname":"0.0.0.0","path":"/","capabilities":{"browserName":"chrome","goog:chromeOptions":{"binary":"C:\\Program Files\\Google\\Chrome\\Application\\chrome.exe","args":["--start-maximized"]}},"logLevel":"warn","connectionRetryTimeout":120000,"connectionRetryCount":3,"logLevels":{},"enableDirectConnect":true,"strictSSL":true,"_":"65 more keys: [\"cacheDir\",\"port\",\"requestedCapabilities\",\"automationProtocol\",\"baseUrl\",\"waitforInterval\",\"waitforTimeout\",\"onReload\",\"beforeCommand\",\"afterCommand\",\"rootDir\",\"specs\",\"suites\",\"exclude\",\"groupLogsByTestSpec\",\"excludeDriverLogs\",\"bail\",\"framework\",\"reporters\",\"services\",\"maxInstances\",\"maxInstancesPerCapability\",\"injectGlobals\",\"filesToWatch\",\"execArgv\",\"runnerEnv\",\"runner\",\"shard\",\"specFileRetries\",\"specFileRetriesDelay\",\"specFileRetriesDeferred\",\"reporterSyncInterval\",\"reporterSyncTimeout\",\"cucumberFeaturesWithLineNumbers\",\"autoCompileOpts\",\"mochaOpts\",\"jasmineOpts\",\"cucumberOpts\",\"onPrepare\",\"onWorkerStart\",\"onWorkerEnd\",\"before\",\"beforeSession\",\"beforeSuite\",\"beforeHook\",\"beforeTest\",\"afterTest\",\"afterHook\",\"afterSuite\",\"afterSession\",\"after\",\"onComplete\",\"beforeAssertion\",\"afterAssertion\",\"beforeFeature\",\"beforeScenario\",\"beforeStep\",\"afterStep\",\"afterScenario\",\"afterFeature\",\"_\",\"suite\",\"$0\",\"ignoredWorkerServices\",\"wdi5\"]"}]}
COMMAND: POST /session/3637353f0f0366f06ffc96bdd6dcca04/execute/async - {"script":"<script> [21126 bytes]","args":[35000]}
RESULT: {"script":"<script> [21126 bytes]","args":[35000]}
COMMAND: POST /session/3637353f0f0366f06ffc96bdd6dcca04/window/maximize - {}
RESULT: {}
COMMAND: POST /session/3637353f0f0366f06ffc96bdd6dcca04/execute/async - {"script":"<script> [1562 bytes]","args":[{"selector":{"id":"shell-header","interaction":{"idSuffix":"icon"}},"wdio_ui5_key":"shellheader"}]}
COMMAND: GET /session/3637353f0f0366f06ffc96bdd6dcca04/screenshot - {}
RESULT: {"script":"<script> [1562 bytes]","args":[{"selector":{"id":"shell-header","interaction":{"idSuffix":"icon"}},"wdio_ui5_key":"shellheader"}]}
RESULT: undefined
]]></system-out>
    </testcase>
  </testsuite>
  <testsuite timestamp="2025-05-02T06:38:24" time="338.57" tests="4" failures="0" errors="0" skipped="0">
    <properties>
      <property name="specId" value="0" />
      <property name="suiteName" value="Provide to Site w/o warehouse management w/o clarification US116612" />
      <property name="capabilities" value="chrome.135_0_7049_96.windows" />
      <property name="file" value="file:///D:/a/1/s/test/specs/HTR/provide-to-site-wo-warehouse-wo-clarification.spec.js" />
    </properties>
    <testcase classname="chrome.135_0_7049_96.windows.Provide_to_Site_w/o_warehouse_management_w/o_clarification_US116612" name="Should create a WHM yard" time="106.86">
      <system-out><![CDATA[
COMMAND: POST /session/3637353f0f0366f06ffc96bdd6dcca04/execute/async - {"script":"<script> [1562 bytes]","args":[{"selector":{"controlType":"sap.m.GenericTile","properties":{"header":"Manage Yards"}},"wdio_ui5_key":"sapm.GenericTile{\"header\":\"Manage Yards\"}"}]}
RESULT: {}
RESULT: {"script":"<script> [1562 bytes]","args":[{"selector":{"controlType":"sap.m.GenericTile","properties":{"header":"Manage Yards"}},"wdio_ui5_key":"sapm.GenericTile{\"header\":\"Manage Yards\"}"}]}
RESULT: undefined
COMMAND: POST /session/3637353f0f0366f06ffc96bdd6dcca04/element - {"using":"xpath","value":"//*[@id=\"__tile41\"]"}
RESULT: {"using":"xpath","value":"//*[@id=\"__tile41\"]"}
COMMAND: POST /session/3637353f0f0366f06ffc96bdd6dcca04/element/f.FA5AA6ACA71DB73EA77ABAF269C4B101.d.3A95DDAA10A3FEC19CA3CC1E3E638A37.e.10363/click - {}
RESULT: {}
COMMAND: POST /session/3637353f0f0366f06ffc96bdd6dcca04/execute/async - {"script":"<script> [1562 bytes]","args":[{"selector":{"controlType":"sap.ui.core.Icon","viewName":"etm.portal.ui.manageyards.view.Master","viewId":"application-manageyards-display-component---masterYard","properties":{"src":{"regex":{"source":"add"}}}},"wdio_ui5_key":"etmportal.ui.manageyards.view.Mastersap.ui.core.Icon{\"src\":{\"regex\":{\"source\":\"add\"}}}"}]}
COMMAND: GET /session/3637353f0f0366f06ffc96bdd6dcca04/screenshot - {}
RESULT: {"script":"<script> [1562 bytes]","args":[{"selector":{"controlType":"sap.ui.core.Icon","viewName":"etm.portal.ui.manageyards.view.Master","viewId":"application-manageyards-display-component---masterYard","properties":{"src":{"regex":{"source":"add"}}}},"wdio_ui5_key":"etmportal.ui.manageyards.view.Mastersap.ui.core.Icon{\"src\":{\"regex\":{\"source\":\"add\"}}}"}]}
RESULT: undefined
COMMAND: POST /session/3637353f0f0366f06ffc96bdd6dcca04/element - {"using":"xpath","value":"//*[@id=\"__button4-img\"]"}
RESULT: {}
RESULT: {"using":"xpath","value":"//*[@id=\"__button4-img\"]"}
COMMAND: POST /session/3637353f0f0366f06ffc96bdd6dcca04/element/f.FA5AA6ACA71DB73EA77ABAF269C4B101.d.3A95DDAA10A3FEC19CA3CC1E3E638A37.e.10507/click - {}
RESULT: {}
COMMAND: POST /session/3637353f0f0366f06ffc96bdd6dcca04/execute/async - {"script":"<script> [1562 bytes]","args":[{"selector":{"id":"application-manageyards-display-component---NewYard--addressDetailDetailsName1","interaction":{"idSuffix":"inner"}},"wdio_ui5_key":"applicationmanageyards-display-component---NewYard--addressDetailDetailsName1"}]}
COMMAND: GET /session/3637353f0f0366f06ffc96bdd6dcca04/screenshot - {}
RESULT: {"script":"<script> [1562 bytes]","args":[{"selector":{"id":"application-manageyards-display-component---NewYard--addressDetailDetailsName1","interaction":{"idSuffix":"inner"}},"wdio_ui5_key":"applicationmanageyards-display-component---NewYard--addressDetailDetailsName1"}]}
RESULT: undefined
COMMAND: POST /session/3637353f0f0366f06ffc96bdd6dcca04/execute/async - {"script":"<script> [776 bytes]","args":[{"enterText":"warehouse managed Yard","selector":{"id":"application-manageyards-display-component---NewYard--addressDetailDetailsName1","interaction":{"idSuffix":"inner"}},"clearTextFirst":true,"interactionType":"ENTER_TEXT"}]}
RESULT: {}
RESULT: {"script":"<script> [776 bytes]","args":[{"enterText":"warehouse managed Yard","selector":{"id":"application-manageyards-display-component---NewYard--addressDetailDetailsName1","interaction":{"idSuffix":"inner"}},"clearTextFirst":true,"interactionType":"ENTER_TEXT"}]}
COMMAND: POST /session/3637353f0f0366f06ffc96bdd6dcca04/execute/async - {"script":"<script> [1562 bytes]","args":[{"selector":{"id":"application-manageyards-display-component---NewYard--addressDetailDetailsLanguage-arrow"},"wdio_ui5_key":"applicationmanageyards-display-component---NewYard--addressDetailDetailsLanguage-arrow"}]}
RESULT: {"script":"<script> [1562 bytes]","args":[{"selector":{"id":"application-manageyards-display-component---NewYard--addressDetailDetailsLanguage-arrow"},"wdio_ui5_key":"applicationmanageyards-display-component---NewYard--addressDetailDetailsLanguage-arrow"}]}
RESULT: undefined
COMMAND: POST /session/3637353f0f0366f06ffc96bdd6dcca04/element - {"using":"xpath","value":"//*[@id=\"application-manageyards-display-component---NewYard--addressDetailDetailsLanguage-arrow\"]"}
RESULT: {"using":"xpath","value":"//*[@id=\"application-manageyards-display-component---NewYard--addressDetailDetailsLanguage-arrow\"]"}
COMMAND: POST /session/3637353f0f0366f06ffc96bdd6dcca04/element/f.FA5AA6ACA71DB73EA77ABAF269C4B101.d.3A95DDAA10A3FEC19CA3CC1E3E638A37.e.10813/click - {}
RESULT: {}
COMMAND: POST /session/3637353f0f0366f06ffc96bdd6dcca04/execute/async - {"script":"<script> [1562 bytes]","args":[{"selector":{"controlType":"sap.m.StandardListItem","viewName":"etm.portal.ui.manageyards.view.New","viewId":"application-manageyards-display-component---NewYard","properties":{"title":"English"},"searchOpenDialogs":true,"interaction":{"idSuffix":"content"}},"wdio_ui5_key":"etmportal.ui.manageyards.view.Newsap.m.StandardListItem{\"title\":\"English\"}"}]}
COMMAND: GET /session/3637353f0f0366f06ffc96bdd6dcca04/screenshot - {}
RESULT: {"script":"<script> [1562 bytes]","args":[{"selector":{"controlType":"sap.m.StandardListItem","viewName":"etm.portal.ui.manageyards.view.New","viewId":"application-manageyards-display-component---NewYard","properties":{"title":"English"},"searchOpenDialogs":true,"interaction":{"idSuffix":"content"}},"wdio_ui5_key":"etmportal.ui.manageyards.view.Newsap.m.StandardListItem{\"title\":\"English\"}"}]}
RESULT: undefined
COMMAND: POST /session/3637353f0f0366f06ffc96bdd6dcca04/element - {"using":"xpath","value":"//*[@id=\"__item101\"]"}
RESULT: {}
RESULT: {"using":"xpath","value":"//*[@id=\"__item101\"]"}
COMMAND: POST /session/3637353f0f0366f06ffc96bdd6dcca04/element/f.FA5AA6ACA71DB73EA77ABAF269C4B101.d.3A95DDAA10A3FEC19CA3CC1E3E638A37.e.10815/click - {}
RESULT: {}
COMMAND: POST /session/3637353f0f0366f06ffc96bdd6dcca04/execute/async - {"script":"<script> [1562 bytes]","args":[{"selector":{"id":"application-manageyards-display-component---NewYard--addressDetailDetailsCity1","interaction":{"idSuffix":"inner"}},"wdio_ui5_key":"applicationmanageyards-display-component---NewYard--addressDetailDetailsCity1"}]}
COMMAND: GET /session/3637353f0f0366f06ffc96bdd6dcca04/screenshot - {}
RESULT: {"script":"<script> [1562 bytes]","args":[{"selector":{"id":"application-manageyards-display-component---NewYard--addressDetailDetailsCity1","interaction":{"idSuffix":"inner"}},"wdio_ui5_key":"applicationmanageyards-display-component---NewYard--addressDetailDetailsCity1"}]}
RESULT: undefined
COMMAND: POST /session/3637353f0f0366f06ffc96bdd6dcca04/execute/async - {"script":"<script> [776 bytes]","args":[{"enterText":"Rosario","selector":{"id":"application-manageyards-display-component---NewYard--addressDetailDetailsCity1","interaction":{"idSuffix":"inner"}},"clearTextFirst":true,"interactionType":"ENTER_TEXT"}]}
RESULT: {}
RESULT: {"script":"<script> [776 bytes]","args":[{"enterText":"Rosario","selector":{"id":"application-manageyards-display-component---NewYard--addressDetailDetailsCity1","interaction":{"idSuffix":"inner"}},"clearTextFirst":true,"interactionType":"ENTER_TEXT"}]}
COMMAND: POST /session/3637353f0f0366f06ffc96bdd6dcca04/execute/async - {"script":"<script> [1562 bytes]","args":[{"selector":{"id":"application-manageyards-display-component---NewYard--addressDetailDetailsCountry-arrow"},"wdio_ui5_key":"applicationmanageyards-display-component---NewYard--addressDetailDetailsCountry-arrow"}]}
RESULT: {"script":"<script> [1562 bytes]","args":[{"selector":{"id":"application-manageyards-display-component---NewYard--addressDetailDetailsCountry-arrow"},"wdio_ui5_key":"applicationmanageyards-display-component---NewYard--addressDetailDetailsCountry-arrow"}]}
RESULT: undefined
COMMAND: POST /session/3637353f0f0366f06ffc96bdd6dcca04/element - {"using":"xpath","value":"//*[@id=\"application-manageyards-display-component---NewYard--addressDetailDetailsCountry-arrow\"]"}
RESULT: {"using":"xpath","value":"//*[@id=\"application-manageyards-display-component---NewYard--addressDetailDetailsCountry-arrow\"]"}
COMMAND: POST /session/3637353f0f0366f06ffc96bdd6dcca04/element/f.FA5AA6ACA71DB73EA77ABAF269C4B101.d.3A95DDAA10A3FEC19CA3CC1E3E638A37.e.10774/click - {}
RESULT: {}
COMMAND: POST /session/3637353f0f0366f06ffc96bdd6dcca04/execute/async - {"script":"<script> [1562 bytes]","args":[{"selector":{"controlType":"sap.m.StandardListItem","viewName":"etm.portal.ui.manageyards.view.New","viewId":"application-manageyards-display-component---NewYard","properties":{"title":"Argentina"},"searchOpenDialogs":true,"interaction":{"idSuffix":"content"}},"wdio_ui5_key":"etmportal.ui.manageyards.view.Newsap.m.StandardListItem{\"title\":\"Argentina\"}"}]}
COMMAND: GET /session/3637353f0f0366f06ffc96bdd6dcca04/screenshot - {}
RESULT: {"script":"<script> [1562 bytes]","args":[{"selector":{"controlType":"sap.m.StandardListItem","viewName":"etm.portal.ui.manageyards.view.New","viewId":"application-manageyards-display-component---NewYard","properties":{"title":"Argentina"},"searchOpenDialogs":true,"interaction":{"idSuffix":"content"}},"wdio_ui5_key":"etmportal.ui.manageyards.view.Newsap.m.StandardListItem{\"title\":\"Argentina\"}"}]}
RESULT: undefined
COMMAND: POST /session/3637353f0f0366f06ffc96bdd6dcca04/element - {"using":"xpath","value":"//*[@id=\"__item144\"]"}
RESULT: {}
RESULT: {"using":"xpath","value":"//*[@id=\"__item144\"]"}
COMMAND: POST /session/3637353f0f0366f06ffc96bdd6dcca04/element/f.FA5AA6ACA71DB73EA77ABAF269C4B101.d.3A95DDAA10A3FEC19CA3CC1E3E638A37.e.10819/click - {}
RESULT: {}
COMMAND: POST /session/3637353f0f0366f06ffc96bdd6dcca04/execute/async - {"script":"<script> [1562 bytes]","args":[{"selector":{"controlType":"sap.m.Button","viewName":"etm.portal.ui.manageyards.view.New","viewId":"application-manageyards-display-component---NewYard","properties":{"text":"Commercial"},"interaction":{"idSuffix":"BDI-content"}},"wdio_ui5_key":"etmportal.ui.manageyards.view.Newsap.m.Button{\"text\":\"Commercial\"}"}]}
COMMAND: GET /session/3637353f0f0366f06ffc96bdd6dcca04/screenshot - {}
RESULT: {"script":"<script> [1562 bytes]","args":[{"selector":{"controlType":"sap.m.Button","viewName":"etm.portal.ui.manageyards.view.New","viewId":"application-manageyards-display-component---NewYard","properties":{"text":"Commercial"},"interaction":{"idSuffix":"BDI-content"}},"wdio_ui5_key":"etmportal.ui.manageyards.view.Newsap.m.Button{\"text\":\"Commercial\"}"}]}
RESULT: undefined
COMMAND: POST /session/3637353f0f0366f06ffc96bdd6dcca04/element - {"using":"xpath","value":"//*[@id=\"application-manageyards-display-component---NewYard--ObjectPageLayout-anchBar-__section5-anchor\"]"}
RESULT: {}
RESULT: {"using":"xpath","value":"//*[@id=\"application-manageyards-display-component---NewYard--ObjectPageLayout-anchBar-__section5-anchor\"]"}
COMMAND: POST /session/3637353f0f0366f06ffc96bdd6dcca04/element/f.FA5AA6ACA71DB73EA77ABAF269C4B101.d.3A95DDAA10A3FEC19CA3CC1E3E638A37.e.10821/click - {}
RESULT: {}
COMMAND: GET /session/3637353f0f0366f06ffc96bdd6dcca04/screenshot - {}
RESULT: {}
COMMAND: POST /session/3637353f0f0366f06ffc96bdd6dcca04/execute/async - {"script":"<script> [1562 bytes]","args":[{"selector":{"id":"application-manageyards-display-component---NewYard--addressEditDetailsCostObjectCstType-arrow"},"wdio_ui5_key":"applicationmanageyards-display-component---NewYard--addressEditDetailsCostObjectCstType-arrow"}]}
RESULT: {"script":"<script> [1562 bytes]","args":[{"selector":{"id":"application-manageyards-display-component---NewYard--addressEditDetailsCostObjectCstType-arrow"},"wdio_ui5_key":"applicationmanageyards-display-component---NewYard--addressEditDetailsCostObjectCstType-arrow"}]}
RESULT: undefined
COMMAND: POST /session/3637353f0f0366f06ffc96bdd6dcca04/element - {"using":"xpath","value":"//*[@id=\"application-manageyards-display-component---NewYard--addressEditDetailsCostObjectCstType-arrow\"]"}
RESULT: {"using":"xpath","value":"//*[@id=\"application-manageyards-display-component---NewYard--addressEditDetailsCostObjectCstType-arrow\"]"}
COMMAND: POST /session/3637353f0f0366f06ffc96bdd6dcca04/element/f.FA5AA6ACA71DB73EA77ABAF269C4B101.d.3A95DDAA10A3FEC19CA3CC1E3E638A37.e.10832/click - {}
RESULT: {}
COMMAND: GET /session/3637353f0f0366f06ffc96bdd6dcca04/screenshot - {}
RESULT: {}
COMMAND: POST /session/3637353f0f0366f06ffc96bdd6dcca04/execute/async - {"script":"<script> [1562 bytes]","args":[{"selector":{"controlType":"sap.m.StandardListItem","viewName":"etm.portal.ui.manageyards.view.New","viewId":"application-manageyards-display-component---NewYard","properties":{"title":"Cost Center"},"searchOpenDialogs":true,"interaction":{"idSuffix":"titleText"}},"wdio_ui5_key":"etmportal.ui.manageyards.view.Newsap.m.StandardListItem{\"title\":\"Cost Center\"}"}]}
RESULT: {"script":"<script> [1562 bytes]","args":[{"selector":{"controlType":"sap.m.StandardListItem","viewName":"etm.portal.ui.manageyards.view.New","viewId":"application-manageyards-display-component---NewYard","properties":{"title":"Cost Center"},"searchOpenDialogs":true,"interaction":{"idSuffix":"titleText"}},"wdio_ui5_key":"etmportal.ui.manageyards.view.Newsap.m.StandardListItem{\"title\":\"Cost Center\"}"}]}
RESULT: undefined
COMMAND: POST /session/3637353f0f0366f06ffc96bdd6dcca04/element - {"using":"xpath","value":"//*[@id=\"__item234\"]"}
RESULT: {"using":"xpath","value":"//*[@id=\"__item234\"]"}
COMMAND: POST /session/3637353f0f0366f06ffc96bdd6dcca04/element/f.FA5AA6ACA71DB73EA77ABAF269C4B101.d.3A95DDAA10A3FEC19CA3CC1E3E638A37.e.10834/click - {}
RESULT: {}
COMMAND: POST /session/3637353f0f0366f06ffc96bdd6dcca04/element - {"using":"xpath","value":"//input[@id=\"application-manageyards-display-component---NewYard--addressNewCostObjectCstID-inner\"]"}
COMMAND: GET /session/3637353f0f0366f06ffc96bdd6dcca04/screenshot - {}
RESULT: {"using":"xpath","value":"//input[@id=\"application-manageyards-display-component---NewYard--addressNewCostObjectCstID-inner\"]"}
COMMAND: POST /session/3637353f0f0366f06ffc96bdd6dcca04/element/f.FA5AA6ACA71DB73EA77ABAF269C4B101.d.3A95DDAA10A3FEC19CA3CC1E3E638A37.e.10636/clear - {}
RESULT: {}
COMMAND: POST /session/3637353f0f0366f06ffc96bdd6dcca04/element - {"using":"xpath","value":"//input[@id=\"application-manageyards-display-component---NewYard--addressNewCostObjectCstID-inner\"]"}
RESULT: {"using":"xpath","value":"//input[@id=\"application-manageyards-display-component---NewYard--addressNewCostObjectCstID-inner\"]"}
COMMAND: POST /session/3637353f0f0366f06ffc96bdd6dcca04/element/f.FA5AA6ACA71DB73EA77ABAF269C4B101.d.3A95DDAA10A3FEC19CA3CC1E3E638A37.e.10636/clear - {}
COMMAND: POST /session/3637353f0f0366f06ffc96bdd6dcca04/element - {"using":"xpath","value":"//input[@id=\"application-manageyards-display-component---NewYard--addressNewCostObjectCstID-inner\"]"}
RESULT: {"using":"xpath","value":"//input[@id=\"application-manageyards-display-component---NewYard--addressNewCostObjectCstID-inner\"]"}
COMMAND: POST /session/3637353f0f0366f06ffc96bdd6dcca04/element/f.FA5AA6ACA71DB73EA77ABAF269C4B101.d.3A95DDAA10A3FEC19CA3CC1E3E638A37.e.10837/clear - {}
COMMAND: POST /session/3637353f0f0366f06ffc96bdd6dcca04/element - {"using":"xpath","value":"//input[@id=\"application-manageyards-display-component---NewYard--addressNewCostObjectCstID-inner\"]"}
RESULT: {"using":"xpath","value":"//input[@id=\"application-manageyards-display-component---NewYard--addressNewCostObjectCstID-inner\"]"}
COMMAND: POST /session/3637353f0f0366f06ffc96bdd6dcca04/element/f.FA5AA6ACA71DB73EA77ABAF269C4B101.d.3A95DDAA10A3FEC19CA3CC1E3E638A37.e.10837/clear - {}
COMMAND: POST /session/3637353f0f0366f06ffc96bdd6dcca04/element - {"using":"xpath","value":"//input[@id=\"application-manageyards-display-component---NewYard--addressNewCostObjectCstID-inner\"]"}
RESULT: {"using":"xpath","value":"//input[@id=\"application-manageyards-display-component---NewYard--addressNewCostObjectCstID-inner\"]"}
COMMAND: POST /session/3637353f0f0366f06ffc96bdd6dcca04/element/f.FA5AA6ACA71DB73EA77ABAF269C4B101.d.3A95DDAA10A3FEC19CA3CC1E3E638A37.e.10839/clear - {}
RESULT: {}
COMMAND: POST /session/3637353f0f0366f06ffc96bdd6dcca04/element/f.FA5AA6ACA71DB73EA77ABAF269C4B101.d.3A95DDAA10A3FEC19CA3CC1E3E638A37.e.10839/value - {"text":"10001013"}
COMMAND: GET /session/3637353f0f0366f06ffc96bdd6dcca04/screenshot - {}
RESULT: {"text":"10001013"}
COMMAND: GET /session/3637353f0f0366f06ffc96bdd6dcca04/screenshot - {}
RESULT: {}
RESULT: {}
COMMAND: POST /session/3637353f0f0366f06ffc96bdd6dcca04/execute/async - {"script":"<script> [1562 bytes]","args":[{"selector":{"controlType":"sap.m.StandardListItem","viewName":"etm.portal.ui.manageyards.view.New","viewId":"application-manageyards-display-component---NewYard","properties":{"type":"Active"},"searchOpenDialogs":true,"interaction":{"idSuffix":"titleText"}},"wdio_ui5_key":"etmportal.ui.manageyards.view.Newsap.m.StandardListItem{\"type\":\"Active\"}"}]}
RESULT: {"script":"<script> [1562 bytes]","args":[{"selector":{"controlType":"sap.m.StandardListItem","viewName":"etm.portal.ui.manageyards.view.New","viewId":"application-manageyards-display-component---NewYard","properties":{"type":"Active"},"searchOpenDialogs":true,"interaction":{"idSuffix":"titleText"}},"wdio_ui5_key":"etmportal.ui.manageyards.view.Newsap.m.StandardListItem{\"type\":\"Active\"}"}]}
RESULT: undefined
COMMAND: POST /session/3637353f0f0366f06ffc96bdd6dcca04/element - {"using":"xpath","value":"//*[@id=\"__item339\"]"}
RESULT: {"using":"xpath","value":"//*[@id=\"__item339\"]"}
COMMAND: POST /session/3637353f0f0366f06ffc96bdd6dcca04/element/f.FA5AA6ACA71DB73EA77ABAF269C4B101.d.3A95DDAA10A3FEC19CA3CC1E3E638A37.e.10843/click - {}
RESULT: {}
COMMAND: POST /session/3637353f0f0366f06ffc96bdd6dcca04/execute/async - {"script":"<script> [1562 bytes]","args":[{"selector":{"id":"application-manageyards-display-component---NewYard--addressEditDetailsCurrency-arrow"},"wdio_ui5_key":"applicationmanageyards-display-component---NewYard--addressEditDetailsCurrency-arrow"}]}
COMMAND: GET /session/3637353f0f0366f06ffc96bdd6dcca04/screenshot - {}
RESULT: {"script":"<script> [1562 bytes]","args":[{"selector":{"id":"application-manageyards-display-component---NewYard--addressEditDetailsCurrency-arrow"},"wdio_ui5_key":"applicationmanageyards-display-component---NewYard--addressEditDetailsCurrency-arrow"}]}
RESULT: undefined
COMMAND: POST /session/3637353f0f0366f06ffc96bdd6dcca04/element - {"using":"xpath","value":"//*[@id=\"application-manageyards-display-component---NewYard--addressEditDetailsCurrency-arrow\"]"}
RESULT: {}
RESULT: {"using":"xpath","value":"//*[@id=\"application-manageyards-display-component---NewYard--addressEditDetailsCurrency-arrow\"]"}
COMMAND: POST /session/3637353f0f0366f06ffc96bdd6dcca04/element/f.FA5AA6ACA71DB73EA77ABAF269C4B101.d.3A95DDAA10A3FEC19CA3CC1E3E638A37.e.10845/click - {}
RESULT: {}
COMMAND: POST /session/3637353f0f0366f06ffc96bdd6dcca04/execute/async - {"script":"<script> [1562 bytes]","args":[{"selector":{"controlType":"sap.m.StandardListItem","viewName":"etm.portal.ui.manageyards.view.New","viewId":"application-manageyards-display-component---NewYard","properties":{"title":"Euro"},"searchOpenDialogs":true,"interaction":{"idSuffix":"content"}},"wdio_ui5_key":"etmportal.ui.manageyards.view.Newsap.m.StandardListItem{\"title\":\"Euro\"}"}]}
COMMAND: GET /session/3637353f0f0366f06ffc96bdd6dcca04/screenshot - {}
RESULT: {"script":"<script> [1562 bytes]","args":[{"selector":{"controlType":"sap.m.StandardListItem","viewName":"etm.portal.ui.manageyards.view.New","viewId":"application-manageyards-display-component---NewYard","properties":{"title":"Euro"},"searchOpenDialogs":true,"interaction":{"idSuffix":"content"}},"wdio_ui5_key":"etmportal.ui.manageyards.view.Newsap.m.StandardListItem{\"title\":\"Euro\"}"}]}
RESULT: undefined
COMMAND: POST /session/3637353f0f0366f06ffc96bdd6dcca04/element - {"using":"xpath","value":"//*[@id=\"__item340\"]"}
RESULT: {}
RESULT: {"using":"xpath","value":"//*[@id=\"__item340\"]"}
COMMAND: POST /session/3637353f0f0366f06ffc96bdd6dcca04/element/f.FA5AA6ACA71DB73EA77ABAF269C4B101.d.3A95DDAA10A3FEC19CA3CC1E3E638A37.e.10847/click - {}
RESULT: {}
COMMAND: POST /session/3637353f0f0366f06ffc96bdd6dcca04/execute/async - {"script":"<script> [1562 bytes]","args":[{"selector":{"controlType":"sap.m.Input","viewName":"etm.portal.ui.manageyards.view.New","viewId":"application-manageyards-display-component---NewYard","bindingPath":{"path":"","propertyPath":"/CONTROLLING_AREA","modelName":"NewYardModel"},"interaction":{"idSuffix":"inner"}},"wdio_ui5_key":"etmportal.ui.manageyards.view.Newsap.m.Input{\"path\":\"\",\"propertyPath\":\"/CONTROLLING_AREA\",\"modelName\":\"NewYardModel\"}"}]}
COMMAND: GET /session/3637353f0f0366f06ffc96bdd6dcca04/screenshot - {}
RESULT: {"script":"<script> [1562 bytes]","args":[{"selector":{"controlType":"sap.m.Input","viewName":"etm.portal.ui.manageyards.view.New","viewId":"application-manageyards-display-component---NewYard","bindingPath":{"path":"","propertyPath":"/CONTROLLING_AREA","modelName":"NewYardModel"},"interaction":{"idSuffix":"inner"}},"wdio_ui5_key":"etmportal.ui.manageyards.view.Newsap.m.Input{\"path\":\"\",\"propertyPath\":\"/CONTROLLING_AREA\",\"modelName\":\"NewYardModel\"}"}]}
RESULT: undefined
COMMAND: POST /session/3637353f0f0366f06ffc96bdd6dcca04/execute/async - {"script":"<script> [776 bytes]","args":[{"enterText":"Z001","selector":{"controlType":"sap.m.Input","viewName":"etm.portal.ui.manageyards.view.New","viewId":"application-manageyards-display-component---NewYard","bindingPath":{"path":"","propertyPath":"/CONTROLLING_AREA","modelName":"NewYardModel"},"interaction":{"idSuffix":"inner"}},"clearTextFirst":true,"interactionType":"ENTER_TEXT"}]}
RESULT: {}
RESULT: {"script":"<script> [776 bytes]","args":[{"enterText":"Z001","selector":{"controlType":"sap.m.Input","viewName":"etm.portal.ui.manageyards.view.New","viewId":"application-manageyards-display-component---NewYard","bindingPath":{"path":"","propertyPath":"/CONTROLLING_AREA","modelName":"NewYardModel"},"interaction":{"idSuffix":"inner"}},"clearTextFirst":true,"interactionType":"ENTER_TEXT"}]}
COMMAND: POST /session/3637353f0f0366f06ffc96bdd6dcca04/execute/async - {"script":"<script> [1562 bytes]","args":[{"selector":{"id":"application-manageyards-display-component---NewYard--companyCodeComboBox","interaction":{"idSuffix":"inner"}},"wdio_ui5_key":"applicationmanageyards-display-component---NewYard--companyCodeComboBox"}]}
RESULT: {"script":"<script> [1562 bytes]","args":[{"selector":{"id":"application-manageyards-display-component---NewYard--companyCodeComboBox","interaction":{"idSuffix":"inner"}},"wdio_ui5_key":"applicationmanageyards-display-component---NewYard--companyCodeComboBox"}]}
RESULT: undefined
COMMAND: POST /session/3637353f0f0366f06ffc96bdd6dcca04/execute/async - {"script":"<script> [776 bytes]","args":[{"enterText":"1000","selector":{"id":"application-manageyards-display-component---NewYard--companyCodeComboBox","interaction":{"idSuffix":"inner"}},"clearTextFirst":true,"interactionType":"ENTER_TEXT"}]}
RESULT: {"script":"<script> [776 bytes]","args":[{"enterText":"1000","selector":{"id":"application-manageyards-display-component---NewYard--companyCodeComboBox","interaction":{"idSuffix":"inner"}},"clearTextFirst":true,"interactionType":"ENTER_TEXT"}]}
COMMAND: POST /session/3637353f0f0366f06ffc96bdd6dcca04/execute/async - {"script":"<script> [1562 bytes]","args":[{"selector":{"controlType":"sap.m.Input","viewName":"etm.portal.ui.manageyards.view.New","viewId":"application-manageyards-display-component---NewYard","bindingPath":{"path":"","propertyPath":"/PLANT","modelName":"NewYardModel"},"interaction":{"idSuffix":"inner"}},"wdio_ui5_key":"etmportal.ui.manageyards.view.Newsap.m.Input{\"path\":\"\",\"propertyPath\":\"/PLANT\",\"modelName\":\"NewYardModel\"}"}]}
RESULT: {"script":"<script> [1562 bytes]","args":[{"selector":{"controlType":"sap.m.Input","viewName":"etm.portal.ui.manageyards.view.New","viewId":"application-manageyards-display-component---NewYard","bindingPath":{"path":"","propertyPath":"/PLANT","modelName":"NewYardModel"},"interaction":{"idSuffix":"inner"}},"wdio_ui5_key":"etmportal.ui.manageyards.view.Newsap.m.Input{\"path\":\"\",\"propertyPath\":\"/PLANT\",\"modelName\":\"NewYardModel\"}"}]}
RESULT: undefined
COMMAND: POST /session/3637353f0f0366f06ffc96bdd6dcca04/execute/async - {"script":"<script> [776 bytes]","args":[{"enterText":"1001","selector":{"controlType":"sap.m.Input","viewName":"etm.portal.ui.manageyards.view.New","viewId":"application-manageyards-display-component---NewYard","bindingPath":{"path":"","propertyPath":"/PLANT","modelName":"NewYardModel"},"interaction":{"idSuffix":"inner"}},"clearTextFirst":true,"interactionType":"ENTER_TEXT"}]}
RESULT: {"script":"<script> [776 bytes]","args":[{"enterText":"1001","selector":{"controlType":"sap.m.Input","viewName":"etm.portal.ui.manageyards.view.New","viewId":"application-manageyards-display-component---NewYard","bindingPath":{"path":"","propertyPath":"/PLANT","modelName":"NewYardModel"},"interaction":{"idSuffix":"inner"}},"clearTextFirst":true,"interactionType":"ENTER_TEXT"}]}
COMMAND: POST /session/3637353f0f0366f06ffc96bdd6dcca04/execute/async - {"script":"<script> [1562 bytes]","args":[{"selector":{"controlType":"sap.m.Input","viewName":"etm.portal.ui.manageyards.view.New","viewId":"application-manageyards-display-component---NewYard","bindingPath":{"path":"","propertyPath":"/SALES_AREA_VKORG","modelName":"NewYardModel"},"interaction":{"idSuffix":"inner"}},"wdio_ui5_key":"etmportal.ui.manageyards.view.Newsap.m.Input{\"path\":\"\",\"propertyPath\":\"/SALES_AREA_VKORG\",\"modelName\":\"NewYardModel\"}"}]}
RESULT: {"script":"<script> [1562 bytes]","args":[{"selector":{"controlType":"sap.m.Input","viewName":"etm.portal.ui.manageyards.view.New","viewId":"application-manageyards-display-component---NewYard","bindingPath":{"path":"","propertyPath":"/SALES_AREA_VKORG","modelName":"NewYardModel"},"interaction":{"idSuffix":"inner"}},"wdio_ui5_key":"etmportal.ui.manageyards.view.Newsap.m.Input{\"path\":\"\",\"propertyPath\":\"/SALES_AREA_VKORG\",\"modelName\":\"NewYardModel\"}"}]}
RESULT: undefined
COMMAND: POST /session/3637353f0f0366f06ffc96bdd6dcca04/execute/async - {"script":"<script> [776 bytes]","args":[{"enterText":"C002","selector":{"controlType":"sap.m.Input","viewName":"etm.portal.ui.manageyards.view.New","viewId":"application-manageyards-display-component---NewYard","bindingPath":{"path":"","propertyPath":"/SALES_AREA_VKORG","modelName":"NewYardModel"},"interaction":{"idSuffix":"inner"}},"clearTextFirst":true,"interactionType":"ENTER_TEXT"}]}
RESULT: {"script":"<script> [776 bytes]","args":[{"enterText":"C002","selector":{"controlType":"sap.m.Input","viewName":"etm.portal.ui.manageyards.view.New","viewId":"application-manageyards-display-component---NewYard","bindingPath":{"path":"","propertyPath":"/SALES_AREA_VKORG","modelName":"NewYardModel"},"interaction":{"idSuffix":"inner"}},"clearTextFirst":true,"interactionType":"ENTER_TEXT"}]}
COMMAND: POST /session/3637353f0f0366f06ffc96bdd6dcca04/execute/async - {"script":"<script> [1562 bytes]","args":[{"selector":{"controlType":"sap.m.Input","viewName":"etm.portal.ui.manageyards.view.New","viewId":"application-manageyards-display-component---NewYard","bindingPath":{"path":"","propertyPath":"/SALES_AREA_VTWEG","modelName":"NewYardModel"},"interaction":{"idSuffix":"inner"}},"wdio_ui5_key":"etmportal.ui.manageyards.view.Newsap.m.Input{\"path\":\"\",\"propertyPath\":\"/SALES_AREA_VTWEG\",\"modelName\":\"NewYardModel\"}"}]}
RESULT: {"script":"<script> [1562 bytes]","args":[{"selector":{"controlType":"sap.m.Input","viewName":"etm.portal.ui.manageyards.view.New","viewId":"application-manageyards-display-component---NewYard","bindingPath":{"path":"","propertyPath":"/SALES_AREA_VTWEG","modelName":"NewYardModel"},"interaction":{"idSuffix":"inner"}},"wdio_ui5_key":"etmportal.ui.manageyards.view.Newsap.m.Input{\"path\":\"\",\"propertyPath\":\"/SALES_AREA_VTWEG\",\"modelName\":\"NewYardModel\"}"}]}
RESULT: undefined
COMMAND: POST /session/3637353f0f0366f06ffc96bdd6dcca04/execute/async - {"script":"<script> [776 bytes]","args":[{"enterText":"C2","selector":{"controlType":"sap.m.Input","viewName":"etm.portal.ui.manageyards.view.New","viewId":"application-manageyards-display-component---NewYard","bindingPath":{"path":"","propertyPath":"/SALES_AREA_VTWEG","modelName":"NewYardModel"},"interaction":{"idSuffix":"inner"}},"clearTextFirst":true,"interactionType":"ENTER_TEXT"}]}
RESULT: {"script":"<script> [776 bytes]","args":[{"enterText":"C2","selector":{"controlType":"sap.m.Input","viewName":"etm.portal.ui.manageyards.view.New","viewId":"application-manageyards-display-component---NewYard","bindingPath":{"path":"","propertyPath":"/SALES_AREA_VTWEG","modelName":"NewYardModel"},"interaction":{"idSuffix":"inner"}},"clearTextFirst":true,"interactionType":"ENTER_TEXT"}]}
COMMAND: POST /session/3637353f0f0366f06ffc96bdd6dcca04/execute/async - {"script":"<script> [1562 bytes]","args":[{"selector":{"controlType":"sap.m.Input","viewName":"etm.portal.ui.manageyards.view.New","viewId":"application-manageyards-display-component---NewYard","bindingPath":{"path":"","propertyPath":"/SALES_AREA_SPART","modelName":"NewYardModel"},"interaction":{"idSuffix":"inner"}},"wdio_ui5_key":"etmportal.ui.manageyards.view.Newsap.m.Input{\"path\":\"\",\"propertyPath\":\"/SALES_AREA_SPART\",\"modelName\":\"NewYardModel\"}"}]}
RESULT: {"script":"<script> [1562 bytes]","args":[{"selector":{"controlType":"sap.m.Input","viewName":"etm.portal.ui.manageyards.view.New","viewId":"application-manageyards-display-component---NewYard","bindingPath":{"path":"","propertyPath":"/SALES_AREA_SPART","modelName":"NewYardModel"},"interaction":{"idSuffix":"inner"}},"wdio_ui5_key":"etmportal.ui.manageyards.view.Newsap.m.Input{\"path\":\"\",\"propertyPath\":\"/SALES_AREA_SPART\",\"modelName\":\"NewYardModel\"}"}]}
RESULT: undefined
COMMAND: POST /session/3637353f0f0366f06ffc96bdd6dcca04/execute/async - {"script":"<script> [776 bytes]","args":[{"enterText":"C2","selector":{"controlType":"sap.m.Input","viewName":"etm.portal.ui.manageyards.view.New","viewId":"application-manageyards-display-component---NewYard","bindingPath":{"path":"","propertyPath":"/SALES_AREA_SPART","modelName":"NewYardModel"},"interaction":{"idSuffix":"inner"}},"clearTextFirst":true,"interactionType":"ENTER_TEXT"}]}
RESULT: {"script":"<script> [776 bytes]","args":[{"enterText":"C2","selector":{"controlType":"sap.m.Input","viewName":"etm.portal.ui.manageyards.view.New","viewId":"application-manageyards-display-component---NewYard","bindingPath":{"path":"","propertyPath":"/SALES_AREA_SPART","modelName":"NewYardModel"},"interaction":{"idSuffix":"inner"}},"clearTextFirst":true,"interactionType":"ENTER_TEXT"}]}
COMMAND: POST /session/3637353f0f0366f06ffc96bdd6dcca04/execute/async - {"script":"<script> [1562 bytes]","args":[{"selector":{"controlType":"sap.m.Input","viewName":"etm.portal.ui.manageyards.view.New","viewId":"application-manageyards-display-component---NewYard","bindingPath":{"path":"","propertyPath":"/SHIP_POINT","modelName":"NewYardModel"},"interaction":{"idSuffix":"inner"}},"wdio_ui5_key":"etmportal.ui.manageyards.view.Newsap.m.Input{\"path\":\"\",\"propertyPath\":\"/SHIP_POINT\",\"modelName\":\"NewYardModel\"}"}]}
RESULT: {"script":"<script> [1562 bytes]","args":[{"selector":{"controlType":"sap.m.Input","viewName":"etm.portal.ui.manageyards.view.New","viewId":"application-manageyards-display-component---NewYard","bindingPath":{"path":"","propertyPath":"/SHIP_POINT","modelName":"NewYardModel"},"interaction":{"idSuffix":"inner"}},"wdio_ui5_key":"etmportal.ui.manageyards.view.Newsap.m.Input{\"path\":\"\",\"propertyPath\":\"/SHIP_POINT\",\"modelName\":\"NewYardModel\"}"}]}
RESULT: undefined
COMMAND: POST /session/3637353f0f0366f06ffc96bdd6dcca04/execute/async - {"script":"<script> [776 bytes]","args":[{"enterText":"1710","selector":{"controlType":"sap.m.Input","viewName":"etm.portal.ui.manageyards.view.New","viewId":"application-manageyards-display-component---NewYard","bindingPath":{"path":"","propertyPath":"/SHIP_POINT","modelName":"NewYardModel"},"interaction":{"idSuffix":"inner"}},"clearTextFirst":true,"interactionType":"ENTER_TEXT"}]}
RESULT: {"script":"<script> [776 bytes]","args":[{"enterText":"1710","selector":{"controlType":"sap.m.Input","viewName":"etm.portal.ui.manageyards.view.New","viewId":"application-manageyards-display-component---NewYard","bindingPath":{"path":"","propertyPath":"/SHIP_POINT","modelName":"NewYardModel"},"interaction":{"idSuffix":"inner"}},"clearTextFirst":true,"interactionType":"ENTER_TEXT"}]}
COMMAND: POST /session/3637353f0f0366f06ffc96bdd6dcca04/execute/async - {"script":"<script> [1562 bytes]","args":[{"selector":{"controlType":"sap.m.Input","viewName":"etm.portal.ui.manageyards.view.New","viewId":"application-manageyards-display-component---NewYard","bindingPath":{"path":"","propertyPath":"/DELIVERY_TYPE","modelName":"NewYardModel"},"interaction":{"idSuffix":"inner"}},"wdio_ui5_key":"etmportal.ui.manageyards.view.Newsap.m.Input{\"path\":\"\",\"propertyPath\":\"/DELIVERY_TYPE\",\"modelName\":\"NewYardModel\"}"}]}
RESULT: {"script":"<script> [1562 bytes]","args":[{"selector":{"controlType":"sap.m.Input","viewName":"etm.portal.ui.manageyards.view.New","viewId":"application-manageyards-display-component---NewYard","bindingPath":{"path":"","propertyPath":"/DELIVERY_TYPE","modelName":"NewYardModel"},"interaction":{"idSuffix":"inner"}},"wdio_ui5_key":"etmportal.ui.manageyards.view.Newsap.m.Input{\"path\":\"\",\"propertyPath\":\"/DELIVERY_TYPE\",\"modelName\":\"NewYardModel\"}"}]}
RESULT: undefined
COMMAND: POST /session/3637353f0f0366f06ffc96bdd6dcca04/execute/async - {"script":"<script> [776 bytes]","args":[{"enterText":"ZL01","selector":{"controlType":"sap.m.Input","viewName":"etm.portal.ui.manageyards.view.New","viewId":"application-manageyards-display-component---NewYard","bindingPath":{"path":"","propertyPath":"/DELIVERY_TYPE","modelName":"NewYardModel"},"interaction":{"idSuffix":"inner"}},"clearTextFirst":true,"interactionType":"ENTER_TEXT"}]}
RESULT: {"script":"<script> [776 bytes]","args":[{"enterText":"ZL01","selector":{"controlType":"sap.m.Input","viewName":"etm.portal.ui.manageyards.view.New","viewId":"application-manageyards-display-component---NewYard","bindingPath":{"path":"","propertyPath":"/DELIVERY_TYPE","modelName":"NewYardModel"},"interaction":{"idSuffix":"inner"}},"clearTextFirst":true,"interactionType":"ENTER_TEXT"}]}
COMMAND: POST /session/3637353f0f0366f06ffc96bdd6dcca04/execute/async - {"script":"<script> [1562 bytes]","args":[{"selector":{"controlType":"sap.m.Input","viewName":"etm.portal.ui.manageyards.view.New","viewId":"application-manageyards-display-component---NewYard","bindingPath":{"path":"","propertyPath":"/AUART","modelName":"NewYardModel"},"interaction":{"idSuffix":"inner"}},"wdio_ui5_key":"etmportal.ui.manageyards.view.Newsap.m.Input{\"path\":\"\",\"propertyPath\":\"/AUART\",\"modelName\":\"NewYardModel\"}"}]}
RESULT: {"script":"<script> [1562 bytes]","args":[{"selector":{"controlType":"sap.m.Input","viewName":"etm.portal.ui.manageyards.view.New","viewId":"application-manageyards-display-component---NewYard","bindingPath":{"path":"","propertyPath":"/AUART","modelName":"NewYardModel"},"interaction":{"idSuffix":"inner"}},"wdio_ui5_key":"etmportal.ui.manageyards.view.Newsap.m.Input{\"path\":\"\",\"propertyPath\":\"/AUART\",\"modelName\":\"NewYardModel\"}"}]}
RESULT: undefined
COMMAND: POST /session/3637353f0f0366f06ffc96bdd6dcca04/execute/async - {"script":"<script> [776 bytes]","args":[{"enterText":"TA","selector":{"controlType":"sap.m.Input","viewName":"etm.portal.ui.manageyards.view.New","viewId":"application-manageyards-display-component---NewYard","bindingPath":{"path":"","propertyPath":"/AUART","modelName":"NewYardModel"},"interaction":{"idSuffix":"inner"}},"clearTextFirst":true,"interactionType":"ENTER_TEXT"}]}
RESULT: {"script":"<script> [776 bytes]","args":[{"enterText":"TA","selector":{"controlType":"sap.m.Input","viewName":"etm.portal.ui.manageyards.view.New","viewId":"application-manageyards-display-component---NewYard","bindingPath":{"path":"","propertyPath":"/AUART","modelName":"NewYardModel"},"interaction":{"idSuffix":"inner"}},"clearTextFirst":true,"interactionType":"ENTER_TEXT"}]}
COMMAND: POST /session/3637353f0f0366f06ffc96bdd6dcca04/execute/async - {"script":"<script> [1562 bytes]","args":[{"selector":{"controlType":"sap.m.Button","viewName":"etm.portal.ui.manageyards.view.New","viewId":"application-manageyards-display-component---NewYard","i18NText":{"propertyName":"text","key":"save"},"interaction":{"idSuffix":"BDI-content"}},"wdio_ui5_key":"etmportal.ui.manageyards.view.Newsap.m.Button{\"propertyName\":\"text\",\"key\":\"save\"}"}]}
RESULT: {"script":"<script> [1562 bytes]","args":[{"selector":{"controlType":"sap.m.Button","viewName":"etm.portal.ui.manageyards.view.New","viewId":"application-manageyards-display-component---NewYard","i18NText":{"propertyName":"text","key":"save"},"interaction":{"idSuffix":"BDI-content"}},"wdio_ui5_key":"etmportal.ui.manageyards.view.Newsap.m.Button{\"propertyName\":\"text\",\"key\":\"save\"}"}]}
RESULT: undefined
COMMAND: POST /session/3637353f0f0366f06ffc96bdd6dcca04/element - {"using":"xpath","value":"//*[@id=\"__button18\"]"}
RESULT: {"using":"xpath","value":"//*[@id=\"__button18\"]"}
COMMAND: POST /session/3637353f0f0366f06ffc96bdd6dcca04/element/f.FA5AA6ACA71DB73EA77ABAF269C4B101.d.3A95DDAA10A3FEC19CA3CC1E3E638A37.e.10806/click - {}
RESULT: {}
COMMAND: GET /session/3637353f0f0366f06ffc96bdd6dcca04/screenshot - {}
RESULT: {}
COMMAND: POST /session/3637353f0f0366f06ffc96bdd6dcca04/execute/async - {"script":"<script> [1562 bytes]","args":[{"selector":{"controlType":"sap.m.Text","viewName":"etm.portal.ui.manageyards.view.Detail","viewId":"application-manageyards-display-component---detailYard","bindingPath":{"propertyPath":"ID","modelName":"catalogModel"}},"wdio_ui5_key":"etmportal.ui.manageyards.view.Detailsap.m.Text{\"propertyPath\":\"ID\",\"modelName\":\"catalogModel\"}"}]}
RESULT: {"script":"<script> [1562 bytes]","args":[{"selector":{"controlType":"sap.m.Text","viewName":"etm.portal.ui.manageyards.view.Detail","viewId":"application-manageyards-display-component---detailYard","bindingPath":{"propertyPath":"ID","modelName":"catalogModel"}},"wdio_ui5_key":"etmportal.ui.manageyards.view.Detailsap.m.Text{\"propertyPath\":\"ID\",\"modelName\":\"catalogModel\"}"}]}
RESULT: undefined
COMMAND: POST /session/3637353f0f0366f06ffc96bdd6dcca04/execute/async - {"script":"<script> [6424 bytes]","args":[{"element-6066-11e4-a52e-4f735466cecf":"f.FA5AA6ACA71DB73EA77ABAF269C4B101.d.3A95DDAA10A3FEC19CA3CC1E3E638A37.e.11052"},"getText",[]]}
RESULT: {"script":"<script> [6424 bytes]","args":[{"element-6066-11e4-a52e-4f735466cecf":"f.FA5AA6ACA71DB73EA77ABAF269C4B101.d.3A95DDAA10A3FEC19CA3CC1E3E638A37.e.11052"},"getText",[]]}
COMMAND: POST /session/3637353f0f0366f06ffc96bdd6dcca04/element - {"using":"css selector","value":"#shell-header-logo"}
RESULT: {"using":"css selector","value":"#shell-header-logo"}
COMMAND: POST /session/3637353f0f0366f06ffc96bdd6dcca04/element/f.FA5AA6ACA71DB73EA77ABAF269C4B101.d.3A95DDAA10A3FEC19CA3CC1E3E638A37.e.10355/click - {}
RESULT: {}
COMMAND: GET /session/3637353f0f0366f06ffc96bdd6dcca04/screenshot - {}
RESULT: {}
]]></system-out>
    </testcase>
    <testcase classname="chrome.135_0_7049_96.windows.Provide_to_Site_w/o_warehouse_management_w/o_clarification_US116612" name="Should create WHM site" time="61.259">
      <system-out><![CDATA[
COMMAND: POST /session/3637353f0f0366f06ffc96bdd6dcca04/execute/async - {"script":"<script> [1562 bytes]","args":[{"selector":{"controlType":"sap.m.GenericTile","properties":{"header":"Manage Sites"}},"wdio_ui5_key":"sapm.GenericTile{\"header\":\"Manage Sites\"}"}]}
RESULT: {"script":"<script> [1562 bytes]","args":[{"selector":{"controlType":"sap.m.GenericTile","properties":{"header":"Manage Sites"}},"wdio_ui5_key":"sapm.GenericTile{\"header\":\"Manage Sites\"}"}]}
RESULT: undefined
COMMAND: POST /session/3637353f0f0366f06ffc96bdd6dcca04/element - {"using":"xpath","value":"//*[@id=\"__tile40\"]"}
RESULT: {"using":"xpath","value":"//*[@id=\"__tile40\"]"}
COMMAND: POST /session/3637353f0f0366f06ffc96bdd6dcca04/element/f.FA5AA6ACA71DB73EA77ABAF269C4B101.d.3A95DDAA10A3FEC19CA3CC1E3E638A37.e.11054/click - {}
RESULT: {}
COMMAND: GET /session/3637353f0f0366f06ffc96bdd6dcca04/screenshot - {}
RESULT: {}
COMMAND: POST /session/3637353f0f0366f06ffc96bdd6dcca04/execute/async - {"script":"<script> [1562 bytes]","args":[{"selector":{"controlType":"sap.ui.core.Icon","viewName":"etm.portal.ui.managesites.view.Master","viewId":"application-managesites-display-component---masterSite","properties":{"src":{"regex":{"source":"add"}}}},"wdio_ui5_key":"etmportal.ui.managesites.view.Mastersap.ui.core.Icon{\"src\":{\"regex\":{\"source\":\"add\"}}}"}]}
RESULT: {"script":"<script> [1562 bytes]","args":[{"selector":{"controlType":"sap.ui.core.Icon","viewName":"etm.portal.ui.managesites.view.Master","viewId":"application-managesites-display-component---masterSite","properties":{"src":{"regex":{"source":"add"}}}},"wdio_ui5_key":"etmportal.ui.managesites.view.Mastersap.ui.core.Icon{\"src\":{\"regex\":{\"source\":\"add\"}}}"}]}
RESULT: undefined
COMMAND: POST /session/3637353f0f0366f06ffc96bdd6dcca04/element - {"using":"xpath","value":"//*[@id=\"__button64-img\"]"}
RESULT: {"using":"xpath","value":"//*[@id=\"__button64-img\"]"}
COMMAND: POST /session/3637353f0f0366f06ffc96bdd6dcca04/element/f.FA5AA6ACA71DB73EA77ABAF269C4B101.d.3A95DDAA10A3FEC19CA3CC1E3E638A37.e.11102/click - {}
RESULT: {}
COMMAND: GET /session/3637353f0f0366f06ffc96bdd6dcca04/screenshot - {}
RESULT: {}
COMMAND: POST /session/3637353f0f0366f06ffc96bdd6dcca04/execute/async - {"script":"<script> [1562 bytes]","args":[{"selector":{"controlType":"sap.m.Button","viewName":"etm.portal.ui.managesites.view.NewSmartSite","viewId":"application-managesites-display-component---NewSite","properties":{"text":"General Information"},"interaction":{"idSuffix":"BDI-content"}},"wdio_ui5_key":"etmportal.ui.managesites.view.NewSmartSitesap.m.Button{\"text\":\"General Information\"}"}]}
RESULT: {"script":"<script> [1562 bytes]","args":[{"selector":{"controlType":"sap.m.Button","viewName":"etm.portal.ui.managesites.view.NewSmartSite","viewId":"application-managesites-display-component---NewSite","properties":{"text":"General Information"},"interaction":{"idSuffix":"BDI-content"}},"wdio_ui5_key":"etmportal.ui.managesites.view.NewSmartSitesap.m.Button{\"text\":\"General Information\"}"}]}
RESULT: undefined
COMMAND: POST /session/3637353f0f0366f06ffc96bdd6dcca04/element - {"using":"xpath","value":"//*[@id=\"application-managesites-display-component---NewSite--ObjectPageLayout-anchBar-__section31-anchor\"]"}
RESULT: {"using":"xpath","value":"//*[@id=\"application-managesites-display-component---NewSite--ObjectPageLayout-anchBar-__section31-anchor\"]"}
COMMAND: POST /session/3637353f0f0366f06ffc96bdd6dcca04/element/f.FA5AA6ACA71DB73EA77ABAF269C4B101.d.3A95DDAA10A3FEC19CA3CC1E3E638A37.e.11489/click - {}
RESULT: {}
COMMAND: POST /session/3637353f0f0366f06ffc96bdd6dcca04/execute/async - {"script":"<script> [1562 bytes]","args":[{"selector":{"id":"application-managesites-display-component---NewSite--addressDetailDetailsName1","interaction":{"idSuffix":"inner"}},"wdio_ui5_key":"applicationmanagesites-display-component---NewSite--addressDetailDetailsName1"}]}
COMMAND: GET /session/3637353f0f0366f06ffc96bdd6dcca04/screenshot - {}
RESULT: {"script":"<script> [1562 bytes]","args":[{"selector":{"id":"application-managesites-display-component---NewSite--addressDetailDetailsName1","interaction":{"idSuffix":"inner"}},"wdio_ui5_key":"applicationmanagesites-display-component---NewSite--addressDetailDetailsName1"}]}
RESULT: undefined
COMMAND: POST /session/3637353f0f0366f06ffc96bdd6dcca04/execute/async - {"script":"<script> [776 bytes]","args":[{"enterText":"WDI5 WHM Site","selector":{"id":"application-managesites-display-component---NewSite--addressDetailDetailsName1","interaction":{"idSuffix":"inner"}},"clearTextFirst":true,"interactionType":"ENTER_TEXT"}]}
RESULT: {}
RESULT: {"script":"<script> [776 bytes]","args":[{"enterText":"WDI5 WHM Site","selector":{"id":"application-managesites-display-component---NewSite--addressDetailDetailsName1","interaction":{"idSuffix":"inner"}},"clearTextFirst":true,"interactionType":"ENTER_TEXT"}]}
COMMAND: POST /session/3637353f0f0366f06ffc96bdd6dcca04/execute/async - {"script":"<script> [1562 bytes]","args":[{"selector":{"id":"application-managesites-display-component---NewSite--addressDetailDetailsLanguage","interaction":{"idSuffix":"inner"}},"wdio_ui5_key":"applicationmanagesites-display-component---NewSite--addressDetailDetailsLanguage"}]}
RESULT: {"script":"<script> [1562 bytes]","args":[{"selector":{"id":"application-managesites-display-component---NewSite--addressDetailDetailsLanguage","interaction":{"idSuffix":"inner"}},"wdio_ui5_key":"applicationmanagesites-display-component---NewSite--addressDetailDetailsLanguage"}]}
RESULT: undefined
COMMAND: POST /session/3637353f0f0366f06ffc96bdd6dcca04/execute/async - {"script":"<script> [776 bytes]","args":[{"enterText":"Romanian","selector":{"id":"application-managesites-display-component---NewSite--addressDetailDetailsLanguage","interaction":{"idSuffix":"inner"}},"clearTextFirst":true,"interactionType":"ENTER_TEXT"}]}
RESULT: {"script":"<script> [776 bytes]","args":[{"enterText":"Romanian","selector":{"id":"application-managesites-display-component---NewSite--addressDetailDetailsLanguage","interaction":{"idSuffix":"inner"}},"clearTextFirst":true,"interactionType":"ENTER_TEXT"}]}
COMMAND: POST /session/3637353f0f0366f06ffc96bdd6dcca04/execute/async - {"script":"<script> [1562 bytes]","args":[{"selector":{"id":"application-managesites-display-component---NewSite--addressDetailDetailsCity1","interaction":{"idSuffix":"inner"}},"wdio_ui5_key":"applicationmanagesites-display-component---NewSite--addressDetailDetailsCity1"}]}
RESULT: {"script":"<script> [1562 bytes]","args":[{"selector":{"id":"application-managesites-display-component---NewSite--addressDetailDetailsCity1","interaction":{"idSuffix":"inner"}},"wdio_ui5_key":"applicationmanagesites-display-component---NewSite--addressDetailDetailsCity1"}]}
RESULT: undefined
COMMAND: POST /session/3637353f0f0366f06ffc96bdd6dcca04/execute/async - {"script":"<script> [776 bytes]","args":[{"enterText":"Bucharest","selector":{"id":"application-managesites-display-component---NewSite--addressDetailDetailsCity1","interaction":{"idSuffix":"inner"}},"clearTextFirst":true,"interactionType":"ENTER_TEXT"}]}
RESULT: {"script":"<script> [776 bytes]","args":[{"enterText":"Bucharest","selector":{"id":"application-managesites-display-component---NewSite--addressDetailDetailsCity1","interaction":{"idSuffix":"inner"}},"clearTextFirst":true,"interactionType":"ENTER_TEXT"}]}
COMMAND: POST /session/3637353f0f0366f06ffc96bdd6dcca04/execute/async - {"script":"<script> [1562 bytes]","args":[{"selector":{"id":"application-managesites-display-component---NewSite--addressDetailDetailsCountry","interaction":{"idSuffix":"inner"}},"wdio_ui5_key":"applicationmanagesites-display-component---NewSite--addressDetailDetailsCountry"}]}
RESULT: {"script":"<script> [1562 bytes]","args":[{"selector":{"id":"application-managesites-display-component---NewSite--addressDetailDetailsCountry","interaction":{"idSuffix":"inner"}},"wdio_ui5_key":"applicationmanagesites-display-component---NewSite--addressDetailDetailsCountry"}]}
RESULT: undefined
COMMAND: POST /session/3637353f0f0366f06ffc96bdd6dcca04/execute/async - {"script":"<script> [6424 bytes]","args":[{"element-6066-11e4-a52e-4f735466cecf":"f.FA5AA6ACA71DB73EA77ABAF269C4B101.d.3A95DDAA10A3FEC19CA3CC1E3E638A37.e.11333"},"setValue",["Romania"]]}
RESULT: {"script":"<script> [6424 bytes]","args":[{"element-6066-11e4-a52e-4f735466cecf":"f.FA5AA6ACA71DB73EA77ABAF269C4B101.d.3A95DDAA10A3FEC19CA3CC1E3E638A37.e.11333"},"setValue",["Romania"]]}
COMMAND: POST /session/3637353f0f0366f06ffc96bdd6dcca04/execute/async - {"script":"<script> [1562 bytes]","args":[{"selector":{"id":"application-managesites-display-component---NewSite--addressDetailDetailsCalendar","interaction":{"idSuffix":"inner"}},"wdio_ui5_key":"applicationmanagesites-display-component---NewSite--addressDetailDetailsCalendar"}]}
RESULT: {"script":"<script> [1562 bytes]","args":[{"selector":{"id":"application-managesites-display-component---NewSite--addressDetailDetailsCalendar","interaction":{"idSuffix":"inner"}},"wdio_ui5_key":"applicationmanagesites-display-component---NewSite--addressDetailDetailsCalendar"}]}
RESULT: undefined
COMMAND: POST /session/3637353f0f0366f06ffc96bdd6dcca04/execute/async - {"script":"<script> [776 bytes]","args":[{"enterText":"8 - Germany (Standard)","selector":{"id":"application-managesites-display-component---NewSite--addressDetailDetailsCalendar","interaction":{"idSuffix":"inner"}},"clearTextFirst":true,"interactionType":"ENTER_TEXT"}]}
RESULT: {"script":"<script> [776 bytes]","args":[{"enterText":"8 - Germany (Standard)","selector":{"id":"application-managesites-display-component---NewSite--addressDetailDetailsCalendar","interaction":{"idSuffix":"inner"}},"clearTextFirst":true,"interactionType":"ENTER_TEXT"}]}
COMMAND: POST /session/3637353f0f0366f06ffc96bdd6dcca04/element - {"using":"xpath","value":"//input[@id=\"application-managesites-display-component---NewSite--addressDetailDetailsYard-inner\"]"}
RESULT: {"using":"xpath","value":"//input[@id=\"application-managesites-display-component---NewSite--addressDetailDetailsYard-inner\"]"}
COMMAND: POST /session/3637353f0f0366f06ffc96bdd6dcca04/element/f.FA5AA6ACA71DB73EA77ABAF269C4B101.d.3A95DDAA10A3FEC19CA3CC1E3E638A37.e.11344/clear - {}
RESULT: {}
COMMAND: POST /session/3637353f0f0366f06ffc96bdd6dcca04/element/f.FA5AA6ACA71DB73EA77ABAF269C4B101.d.3A95DDAA10A3FEC19CA3CC1E3E638A37.e.11344/value - {"text":"498"}
COMMAND: GET /session/3637353f0f0366f06ffc96bdd6dcca04/screenshot - {}
RESULT: {"text":"498"}
COMMAND: GET /session/3637353f0f0366f06ffc96bdd6dcca04/screenshot - {}
RESULT: {}
RESULT: {}
COMMAND: POST /session/3637353f0f0366f06ffc96bdd6dcca04/execute/async - {"script":"<script> [1562 bytes]","args":[{"selector":{"controlType":"sap.m.Button","viewName":"etm.portal.ui.managesites.view.NewSmartSite","viewId":"application-managesites-display-component---NewSite","properties":{"text":"Commercial"},"interaction":{"idSuffix":"BDI-content"}},"wdio_ui5_key":"etmportal.ui.managesites.view.NewSmartSitesap.m.Button{\"text\":\"Commercial\"}"}]}
RESULT: {"script":"<script> [1562 bytes]","args":[{"selector":{"controlType":"sap.m.Button","viewName":"etm.portal.ui.managesites.view.NewSmartSite","viewId":"application-managesites-display-component---NewSite","properties":{"text":"Commercial"},"interaction":{"idSuffix":"BDI-content"}},"wdio_ui5_key":"etmportal.ui.managesites.view.NewSmartSitesap.m.Button{\"text\":\"Commercial\"}"}]}
RESULT: undefined
COMMAND: POST /session/3637353f0f0366f06ffc96bdd6dcca04/element - {"using":"xpath","value":"//*[@id=\"application-managesites-display-component---NewSite--ObjectPageLayout-anchBar-__section33-anchor\"]"}
RESULT: {"using":"xpath","value":"//*[@id=\"application-managesites-display-component---NewSite--ObjectPageLayout-anchBar-__section33-anchor\"]"}
COMMAND: POST /session/3637353f0f0366f06ffc96bdd6dcca04/element/f.FA5AA6ACA71DB73EA77ABAF269C4B101.d.3A95DDAA10A3FEC19CA3CC1E3E638A37.e.11498/click - {}
RESULT: {}
COMMAND: POST /session/3637353f0f0366f06ffc96bdd6dcca04/execute/async - {"script":"<script> [1562 bytes]","args":[{"selector":{"controlType":"sap.m.Button","viewName":"etm.portal.ui.managesites.view.NewSmartSite","viewId":"application-managesites-display-component---NewSite","i18NText":{"propertyName":"text","key":"save"},"interaction":{"idSuffix":"BDI-content"}},"wdio_ui5_key":"etmportal.ui.managesites.view.NewSmartSitesap.m.Button{\"propertyName\":\"text\",\"key\":\"save\"}"}]}
COMMAND: GET /session/3637353f0f0366f06ffc96bdd6dcca04/screenshot - {}
RESULT: {"script":"<script> [1562 bytes]","args":[{"selector":{"controlType":"sap.m.Button","viewName":"etm.portal.ui.managesites.view.NewSmartSite","viewId":"application-managesites-display-component---NewSite","i18NText":{"propertyName":"text","key":"save"},"interaction":{"idSuffix":"BDI-content"}},"wdio_ui5_key":"etmportal.ui.managesites.view.NewSmartSitesap.m.Button{\"propertyName\":\"text\",\"key\":\"save\"}"}]}
RESULT: undefined
COMMAND: POST /session/3637353f0f0366f06ffc96bdd6dcca04/element - {"using":"xpath","value":"//*[@id=\"__button76\"]"}
RESULT: {}
RESULT: {"using":"xpath","value":"//*[@id=\"__button76\"]"}
COMMAND: POST /session/3637353f0f0366f06ffc96bdd6dcca04/element/f.FA5AA6ACA71DB73EA77ABAF269C4B101.d.3A95DDAA10A3FEC19CA3CC1E3E638A37.e.11474/click - {}
RESULT: {}
COMMAND: GET /session/3637353f0f0366f06ffc96bdd6dcca04/screenshot - {}
COMMAND: POST /session/3637353f0f0366f06ffc96bdd6dcca04/execute/async - {"script":"<script> [1562 bytes]","args":[{"selector":{"controlType":"sap.m.Text","viewName":"etm.portal.ui.managesites.view.Detail","viewId":"application-managesites-display-component---detailSite","bindingPath":{"propertyPath":"ID","modelName":"catalogModel"}},"wdio_ui5_key":"etmportal.ui.managesites.view.Detailsap.m.Text{\"propertyPath\":\"ID\",\"modelName\":\"catalogModel\"}"}]}
RESULT: {}
RESULT: {"script":"<script> [1562 bytes]","args":[{"selector":{"controlType":"sap.m.Text","viewName":"etm.portal.ui.managesites.view.Detail","viewId":"application-managesites-display-component---detailSite","bindingPath":{"propertyPath":"ID","modelName":"catalogModel"}},"wdio_ui5_key":"etmportal.ui.managesites.view.Detailsap.m.Text{\"propertyPath\":\"ID\",\"modelName\":\"catalogModel\"}"}]}
RESULT: undefined
COMMAND: POST /session/3637353f0f0366f06ffc96bdd6dcca04/execute/async - {"script":"<script> [6424 bytes]","args":[{"element-6066-11e4-a52e-4f735466cecf":"f.FA5AA6ACA71DB73EA77ABAF269C4B101.d.3A95DDAA10A3FEC19CA3CC1E3E638A37.e.11695"},"getText",[]]}
RESULT: {"script":"<script> [6424 bytes]","args":[{"element-6066-11e4-a52e-4f735466cecf":"f.FA5AA6ACA71DB73EA77ABAF269C4B101.d.3A95DDAA10A3FEC19CA3CC1E3E638A37.e.11695"},"getText",[]]}
COMMAND: POST /session/3637353f0f0366f06ffc96bdd6dcca04/execute/async - {"script":"<script> [1562 bytes]","args":[{"selector":{"controlType":"sap.m.Label","viewName":"etm.portal.ui.managesites.view.Detail","viewId":"application-managesites-display-component---detailSite","i18NText":{"propertyName":"text","key":"status"}},"wdio_ui5_key":"etmportal.ui.managesites.view.Detailsap.m.Label{\"propertyName\":\"text\",\"key\":\"status\"}"}]}
RESULT: {"script":"<script> [1562 bytes]","args":[{"selector":{"controlType":"sap.m.Label","viewName":"etm.portal.ui.managesites.view.Detail","viewId":"application-managesites-display-component---detailSite","i18NText":{"propertyName":"text","key":"status"}},"wdio_ui5_key":"etmportal.ui.managesites.view.Detailsap.m.Label{\"propertyName\":\"text\",\"key\":\"status\"}"}]}
RESULT: undefined
COMMAND: POST /session/3637353f0f0366f06ffc96bdd6dcca04/execute/async - {"script":"<script> [6424 bytes]","args":[{"element-6066-11e4-a52e-4f735466cecf":"f.FA5AA6ACA71DB73EA77ABAF269C4B101.d.3A95DDAA10A3FEC19CA3CC1E3E638A37.e.11683"},"getText",[]]}
RESULT: {"script":"<script> [6424 bytes]","args":[{"element-6066-11e4-a52e-4f735466cecf":"f.FA5AA6ACA71DB73EA77ABAF269C4B101.d.3A95DDAA10A3FEC19CA3CC1E3E638A37.e.11683"},"getText",[]]}
RESULT: undefined
COMMAND: POST /session/3637353f0f0366f06ffc96bdd6dcca04/element - {"using":"xpath","value":"//*[@id=\"shell-header\"]"}
RESULT: {"using":"xpath","value":"//*[@id=\"shell-header\"]"}
COMMAND: POST /session/3637353f0f0366f06ffc96bdd6dcca04/element/f.FA5AA6ACA71DB73EA77ABAF269C4B101.d.3A95DDAA10A3FEC19CA3CC1E3E638A37.e.11696/click - {}
RESULT: {}
COMMAND: POST /session/3637353f0f0366f06ffc96bdd6dcca04/element - {"using":"css selector","value":"#shell-header-logo"}
COMMAND: GET /session/3637353f0f0366f06ffc96bdd6dcca04/screenshot - {}
RESULT: {"using":"css selector","value":"#shell-header-logo"}
COMMAND: POST /session/3637353f0f0366f06ffc96bdd6dcca04/element/f.FA5AA6ACA71DB73EA77ABAF269C4B101.d.3A95DDAA10A3FEC19CA3CC1E3E638A37.e.11058/click - {}
RESULT: {}
RESULT: {}
]]></system-out>
    </testcase>
    <testcase classname="chrome.135_0_7049_96.windows.Provide_to_Site_w/o_warehouse_management_w/o_clarification_US116612" name="Should create WHM Partner" time="62.71">
      <system-out><![CDATA[
COMMAND: POST /session/3637353f0f0366f06ffc96bdd6dcca04/execute/async - {"script":"<script> [1562 bytes]","args":[{"selector":{"controlType":"sap.m.GenericTile","properties":{"header":"Manage Partners"}},"wdio_ui5_key":"sapm.GenericTile{\"header\":\"Manage Partners\"}"}]}
COMMAND: GET /session/3637353f0f0366f06ffc96bdd6dcca04/screenshot - {}
RESULT: {"script":"<script> [1562 bytes]","args":[{"selector":{"controlType":"sap.m.GenericTile","properties":{"header":"Manage Partners"}},"wdio_ui5_key":"sapm.GenericTile{\"header\":\"Manage Partners\"}"}]}
RESULT: undefined
COMMAND: POST /session/3637353f0f0366f06ffc96bdd6dcca04/element - {"using":"xpath","value":"//*[@id=\"__tile38\"]"}
RESULT: {}
RESULT: {"using":"xpath","value":"//*[@id=\"__tile38\"]"}
COMMAND: POST /session/3637353f0f0366f06ffc96bdd6dcca04/element/f.FA5AA6ACA71DB73EA77ABAF269C4B101.d.3A95DDAA10A3FEC19CA3CC1E3E638A37.e.11701/click - {}
RESULT: {}
COMMAND: GET /session/3637353f0f0366f06ffc96bdd6dcca04/screenshot - {}
COMMAND: POST /session/3637353f0f0366f06ffc96bdd6dcca04/element - {"using":"xpath","value":"//button[(@data-kt = 'addButton')]"}
RESULT: {}
RESULT: {"using":"xpath","value":"//button[(@data-kt = 'addButton')]"}
COMMAND: POST /session/3637353f0f0366f06ffc96bdd6dcca04/elements - {"using":"xpath","value":"//button[(@data-kt = 'addButton')]"}
RESULT: {"using":"xpath","value":"//button[(@data-kt = 'addButton')]"}
COMMAND: POST /session/3637353f0f0366f06ffc96bdd6dcca04/elements - {"using":"xpath","value":"//button[(@data-kt = 'addButton')]"}
RESULT: {"using":"xpath","value":"//button[(@data-kt = 'addButton')]"}
COMMAND: POST /session/3637353f0f0366f06ffc96bdd6dcca04/element - {"using":"xpath","value":"//button[(@data-kt = 'addButton')]"}
RESULT: {"using":"xpath","value":"//button[(@data-kt = 'addButton')]"}
COMMAND: POST /session/3637353f0f0366f06ffc96bdd6dcca04/element/f.FA5AA6ACA71DB73EA77ABAF269C4B101.d.3A95DDAA10A3FEC19CA3CC1E3E638A37.e.11748/click - {}
RESULT: {}
COMMAND: POST /session/3637353f0f0366f06ffc96bdd6dcca04/execute/async - {"script":"<script> [1562 bytes]","args":[{"selector":{"id":"application-managepartners-display-component---NewPartner--addressDetailDetailsName1","interaction":{"idSuffix":"inner"}},"wdio_ui5_key":"applicationmanagepartners-display-component---NewPartner--addressDetailDetailsName1"}]}
COMMAND: GET /session/3637353f0f0366f06ffc96bdd6dcca04/screenshot - {}
RESULT: {"script":"<script> [1562 bytes]","args":[{"selector":{"id":"application-managepartners-display-component---NewPartner--addressDetailDetailsName1","interaction":{"idSuffix":"inner"}},"wdio_ui5_key":"applicationmanagepartners-display-component---NewPartner--addressDetailDetailsName1"}]}
RESULT: undefined
COMMAND: POST /session/3637353f0f0366f06ffc96bdd6dcca04/execute/async - {"script":"<script> [776 bytes]","args":[{"enterText":"WDI5-Partners","selector":{"id":"application-managepartners-display-component---NewPartner--addressDetailDetailsName1","interaction":{"idSuffix":"inner"}},"clearTextFirst":true,"interactionType":"ENTER_TEXT"}]}
RESULT: {}
RESULT: {"script":"<script> [776 bytes]","args":[{"enterText":"WDI5-Partners","selector":{"id":"application-managepartners-display-component---NewPartner--addressDetailDetailsName1","interaction":{"idSuffix":"inner"}},"clearTextFirst":true,"interactionType":"ENTER_TEXT"}]}
COMMAND: POST /session/3637353f0f0366f06ffc96bdd6dcca04/execute/async - {"script":"<script> [1562 bytes]","args":[{"selector":{"id":"application-managepartners-display-component---NewPartner--addressDetailDetailsLanguage-arrow"},"wdio_ui5_key":"applicationmanagepartners-display-component---NewPartner--addressDetailDetailsLanguage-arrow"}]}
RESULT: {"script":"<script> [1562 bytes]","args":[{"selector":{"id":"application-managepartners-display-component---NewPartner--addressDetailDetailsLanguage-arrow"},"wdio_ui5_key":"applicationmanagepartners-display-component---NewPartner--addressDetailDetailsLanguage-arrow"}]}
RESULT: undefined
COMMAND: POST /session/3637353f0f0366f06ffc96bdd6dcca04/element - {"using":"xpath","value":"//*[@id=\"application-managepartners-display-component---NewPartner--addressDetailDetailsLanguage-arrow\"]"}
RESULT: {"using":"xpath","value":"//*[@id=\"application-managepartners-display-component---NewPartner--addressDetailDetailsLanguage-arrow\"]"}
COMMAND: POST /session/3637353f0f0366f06ffc96bdd6dcca04/element/f.FA5AA6ACA71DB73EA77ABAF269C4B101.d.3A95DDAA10A3FEC19CA3CC1E3E638A37.e.12161/click - {}
RESULT: {}
COMMAND: POST /session/3637353f0f0366f06ffc96bdd6dcca04/execute/async - {"script":"<script> [1562 bytes]","args":[{"selector":{"controlType":"sap.m.StandardListItem","viewName":"etm.portal.ui.managepartners.view.NewPartner","viewId":"application-managepartners-display-component---NewPartner","properties":{"title":"English"},"searchOpenDialogs":true,"interaction":{"idSuffix":"content"}},"wdio_ui5_key":"etmportal.ui.managepartners.view.NewPartnersap.m.StandardListItem{\"title\":\"English\"}"}]}
COMMAND: GET /session/3637353f0f0366f06ffc96bdd6dcca04/screenshot - {}
RESULT: {"script":"<script> [1562 bytes]","args":[{"selector":{"controlType":"sap.m.StandardListItem","viewName":"etm.portal.ui.managepartners.view.NewPartner","viewId":"application-managepartners-display-component---NewPartner","properties":{"title":"English"},"searchOpenDialogs":true,"interaction":{"idSuffix":"content"}},"wdio_ui5_key":"etmportal.ui.managepartners.view.NewPartnersap.m.StandardListItem{\"title\":\"English\"}"}]}
RESULT: undefined
COMMAND: POST /session/3637353f0f0366f06ffc96bdd6dcca04/element - {"using":"xpath","value":"//*[@id=\"__item1120\"]"}
RESULT: {}
RESULT: {"using":"xpath","value":"//*[@id=\"__item1120\"]"}
COMMAND: POST /session/3637353f0f0366f06ffc96bdd6dcca04/element/f.FA5AA6ACA71DB73EA77ABAF269C4B101.d.3A95DDAA10A3FEC19CA3CC1E3E638A37.e.12163/click - {}
RESULT: {}
COMMAND: POST /session/3637353f0f0366f06ffc96bdd6dcca04/execute/async - {"script":"<script> [1562 bytes]","args":[{"selector":{"id":"application-managepartners-display-component---NewPartner--addressDetailDetailsCity1","interaction":{"idSuffix":"inner"}},"wdio_ui5_key":"applicationmanagepartners-display-component---NewPartner--addressDetailDetailsCity1"}]}
COMMAND: GET /session/3637353f0f0366f06ffc96bdd6dcca04/screenshot - {}
RESULT: {"script":"<script> [1562 bytes]","args":[{"selector":{"id":"application-managepartners-display-component---NewPartner--addressDetailDetailsCity1","interaction":{"idSuffix":"inner"}},"wdio_ui5_key":"applicationmanagepartners-display-component---NewPartner--addressDetailDetailsCity1"}]}
RESULT: undefined
COMMAND: POST /session/3637353f0f0366f06ffc96bdd6dcca04/execute/async - {"script":"<script> [776 bytes]","args":[{"enterText":"Bangalore","selector":{"id":"application-managepartners-display-component---NewPartner--addressDetailDetailsCity1","interaction":{"idSuffix":"inner"}},"clearTextFirst":true,"interactionType":"ENTER_TEXT"}]}
RESULT: {}
RESULT: {"script":"<script> [776 bytes]","args":[{"enterText":"Bangalore","selector":{"id":"application-managepartners-display-component---NewPartner--addressDetailDetailsCity1","interaction":{"idSuffix":"inner"}},"clearTextFirst":true,"interactionType":"ENTER_TEXT"}]}
COMMAND: POST /session/3637353f0f0366f06ffc96bdd6dcca04/execute/async - {"script":"<script> [1562 bytes]","args":[{"selector":{"id":"application-managepartners-display-component---NewPartner--addressDetailDetailsCountry-arrow"},"wdio_ui5_key":"applicationmanagepartners-display-component---NewPartner--addressDetailDetailsCountry-arrow"}]}
RESULT: {"script":"<script> [1562 bytes]","args":[{"selector":{"id":"application-managepartners-display-component---NewPartner--addressDetailDetailsCountry-arrow"},"wdio_ui5_key":"applicationmanagepartners-display-component---NewPartner--addressDetailDetailsCountry-arrow"}]}
RESULT: undefined
COMMAND: POST /session/3637353f0f0366f06ffc96bdd6dcca04/element - {"using":"xpath","value":"//*[@id=\"application-managepartners-display-component---NewPartner--addressDetailDetailsCountry-arrow\"]"}
RESULT: {"using":"xpath","value":"//*[@id=\"application-managepartners-display-component---NewPartner--addressDetailDetailsCountry-arrow\"]"}
COMMAND: POST /session/3637353f0f0366f06ffc96bdd6dcca04/element/f.FA5AA6ACA71DB73EA77ABAF269C4B101.d.3A95DDAA10A3FEC19CA3CC1E3E638A37.e.12165/click - {}
RESULT: {}
COMMAND: POST /session/3637353f0f0366f06ffc96bdd6dcca04/execute/async - {"script":"<script> [1562 bytes]","args":[{"selector":{"id":"application-managepartners-display-component---NewPartner--addressDetailDetailsCountry","interaction":{"idSuffix":"inner"}},"wdio_ui5_key":"applicationmanagepartners-display-component---NewPartner--addressDetailDetailsCountry"}]}
COMMAND: GET /session/3637353f0f0366f06ffc96bdd6dcca04/screenshot - {}
RESULT: {"script":"<script> [1562 bytes]","args":[{"selector":{"id":"application-managepartners-display-component---NewPartner--addressDetailDetailsCountry","interaction":{"idSuffix":"inner"}},"wdio_ui5_key":"applicationmanagepartners-display-component---NewPartner--addressDetailDetailsCountry"}]}
RESULT: undefined
COMMAND: POST /session/3637353f0f0366f06ffc96bdd6dcca04/execute/async - {"script":"<script> [776 bytes]","args":[{"enterText":"India","selector":{"id":"application-managepartners-display-component---NewPartner--addressDetailDetailsCountry","interaction":{"idSuffix":"inner"}},"clearTextFirst":true,"interactionType":"ENTER_TEXT"}]}
RESULT: {}
RESULT: {"script":"<script> [776 bytes]","args":[{"enterText":"India","selector":{"id":"application-managepartners-display-component---NewPartner--addressDetailDetailsCountry","interaction":{"idSuffix":"inner"}},"clearTextFirst":true,"interactionType":"ENTER_TEXT"}]}
COMMAND: POST /session/3637353f0f0366f06ffc96bdd6dcca04/execute/async - {"script":"<script> [1562 bytes]","args":[{"selector":{"controlType":"sap.m.StandardListItem","viewName":"etm.portal.ui.managepartners.view.NewPartner","viewId":"application-managepartners-display-component---NewPartner","properties":{"title":"India"},"searchOpenDialogs":true,"interaction":{"idSuffix":"content"}},"wdio_ui5_key":"etmportal.ui.managepartners.view.NewPartnersap.m.StandardListItem{\"title\":\"India\"}"}]}
RESULT: {"script":"<script> [1562 bytes]","args":[{"selector":{"controlType":"sap.m.StandardListItem","viewName":"etm.portal.ui.managepartners.view.NewPartner","viewId":"application-managepartners-display-component---NewPartner","properties":{"title":"India"},"searchOpenDialogs":true,"interaction":{"idSuffix":"content"}},"wdio_ui5_key":"etmportal.ui.managepartners.view.NewPartnersap.m.StandardListItem{\"title\":\"India\"}"}]}
RESULT: undefined
COMMAND: POST /session/3637353f0f0366f06ffc96bdd6dcca04/execute/async - {"script":"<script> [1562 bytes]","args":[{"selector":{"controlType":"sap.m.Button","viewName":"etm.portal.ui.managepartners.view.NewPartner","viewId":"application-managepartners-display-component---NewPartner","properties":{"text":"Commercial"},"interaction":{"idSuffix":"BDI-content"}},"wdio_ui5_key":"etmportal.ui.managepartners.view.NewPartnersap.m.Button{\"text\":\"Commercial\"}"}]}
RESULT: {"script":"<script> [1562 bytes]","args":[{"selector":{"controlType":"sap.m.Button","viewName":"etm.portal.ui.managepartners.view.NewPartner","viewId":"application-managepartners-display-component---NewPartner","properties":{"text":"Commercial"},"interaction":{"idSuffix":"BDI-content"}},"wdio_ui5_key":"etmportal.ui.managepartners.view.NewPartnersap.m.Button{\"text\":\"Commercial\"}"}]}
RESULT: undefined
COMMAND: POST /session/3637353f0f0366f06ffc96bdd6dcca04/element - {"using":"xpath","value":"//*[@id=\"application-managepartners-display-component---NewPartner--ObjectPageLayout-anchBar-__section57-anchor\"]"}
RESULT: {"using":"xpath","value":"//*[@id=\"application-managepartners-display-component---NewPartner--ObjectPageLayout-anchBar-__section57-anchor\"]"}
COMMAND: POST /session/3637353f0f0366f06ffc96bdd6dcca04/element/f.FA5AA6ACA71DB73EA77ABAF269C4B101.d.3A95DDAA10A3FEC19CA3CC1E3E638A37.e.12170/click - {}
RESULT: {}
COMMAND: POST /session/3637353f0f0366f06ffc96bdd6dcca04/execute/async - {"script":"<script> [1562 bytes]","args":[{"selector":{"id":"application-managepartners-display-component---NewPartner--partnerDetailInternal-arrow"},"wdio_ui5_key":"applicationmanagepartners-display-component---NewPartner--partnerDetailInternal-arrow"}]}
COMMAND: GET /session/3637353f0f0366f06ffc96bdd6dcca04/screenshot - {}
RESULT: {"script":"<script> [1562 bytes]","args":[{"selector":{"id":"application-managepartners-display-component---NewPartner--partnerDetailInternal-arrow"},"wdio_ui5_key":"applicationmanagepartners-display-component---NewPartner--partnerDetailInternal-arrow"}]}
RESULT: undefined
COMMAND: POST /session/3637353f0f0366f06ffc96bdd6dcca04/element - {"using":"xpath","value":"//*[@id=\"application-managepartners-display-component---NewPartner--partnerDetailInternal-arrow\"]"}
RESULT: {}
RESULT: {"using":"xpath","value":"//*[@id=\"application-managepartners-display-component---NewPartner--partnerDetailInternal-arrow\"]"}
COMMAND: POST /session/3637353f0f0366f06ffc96bdd6dcca04/element/f.FA5AA6ACA71DB73EA77ABAF269C4B101.d.3A95DDAA10A3FEC19CA3CC1E3E638A37.e.12175/click - {}
RESULT: {}
COMMAND: POST /session/3637353f0f0366f06ffc96bdd6dcca04/execute/async - {"script":"<script> [1562 bytes]","args":[{"selector":{"controlType":"sap.m.StandardListItem","viewName":"etm.portal.ui.managepartners.view.NewPartner","viewId":"application-managepartners-display-component---NewPartner","properties":{"title":"External partner"},"searchOpenDialogs":true,"interaction":{"idSuffix":"content"}},"wdio_ui5_key":"etmportal.ui.managepartners.view.NewPartnersap.m.StandardListItem{\"title\":\"External partner\"}"}]}
COMMAND: GET /session/3637353f0f0366f06ffc96bdd6dcca04/screenshot - {}
RESULT: {"script":"<script> [1562 bytes]","args":[{"selector":{"controlType":"sap.m.StandardListItem","viewName":"etm.portal.ui.managepartners.view.NewPartner","viewId":"application-managepartners-display-component---NewPartner","properties":{"title":"External partner"},"searchOpenDialogs":true,"interaction":{"idSuffix":"content"}},"wdio_ui5_key":"etmportal.ui.managepartners.view.NewPartnersap.m.StandardListItem{\"title\":\"External partner\"}"}]}
RESULT: undefined
COMMAND: POST /session/3637353f0f0366f06ffc96bdd6dcca04/element - {"using":"xpath","value":"//*[@id=\"__item1254\"]"}
RESULT: {}
RESULT: {"using":"xpath","value":"//*[@id=\"__item1254\"]"}
COMMAND: POST /session/3637353f0f0366f06ffc96bdd6dcca04/element/f.FA5AA6ACA71DB73EA77ABAF269C4B101.d.3A95DDAA10A3FEC19CA3CC1E3E638A37.e.12177/click - {}
RESULT: {}
COMMAND: POST /session/3637353f0f0366f06ffc96bdd6dcca04/execute/async - {"script":"<script> [1562 bytes]","args":[{"selector":{"id":"application-managepartners-display-component---NewPartner--partnerDetailsCurrency-arrow"},"wdio_ui5_key":"applicationmanagepartners-display-component---NewPartner--partnerDetailsCurrency-arrow"}]}
COMMAND: GET /session/3637353f0f0366f06ffc96bdd6dcca04/screenshot - {}
RESULT: {"script":"<script> [1562 bytes]","args":[{"selector":{"id":"application-managepartners-display-component---NewPartner--partnerDetailsCurrency-arrow"},"wdio_ui5_key":"applicationmanagepartners-display-component---NewPartner--partnerDetailsCurrency-arrow"}]}
RESULT: undefined
COMMAND: POST /session/3637353f0f0366f06ffc96bdd6dcca04/element - {"using":"xpath","value":"//*[@id=\"application-managepartners-display-component---NewPartner--partnerDetailsCurrency-arrow\"]"}
RESULT: {}
RESULT: {"using":"xpath","value":"//*[@id=\"application-managepartners-display-component---NewPartner--partnerDetailsCurrency-arrow\"]"}
COMMAND: POST /session/3637353f0f0366f06ffc96bdd6dcca04/element/f.FA5AA6ACA71DB73EA77ABAF269C4B101.d.3A95DDAA10A3FEC19CA3CC1E3E638A37.e.12182/click - {}
RESULT: {}
COMMAND: POST /session/3637353f0f0366f06ffc96bdd6dcca04/execute/async - {"script":"<script> [1562 bytes]","args":[{"selector":{"controlType":"sap.m.StandardListItem","viewName":"etm.portal.ui.managepartners.view.NewPartner","viewId":"application-managepartners-display-component---NewPartner","properties":{"title":"Euro"},"searchOpenDialogs":true,"interaction":{"idSuffix":"content"}},"wdio_ui5_key":"etmportal.ui.managepartners.view.NewPartnersap.m.StandardListItem{\"title\":\"Euro\"}"}]}
COMMAND: GET /session/3637353f0f0366f06ffc96bdd6dcca04/screenshot - {}
RESULT: {"script":"<script> [1562 bytes]","args":[{"selector":{"controlType":"sap.m.StandardListItem","viewName":"etm.portal.ui.managepartners.view.NewPartner","viewId":"application-managepartners-display-component---NewPartner","properties":{"title":"Euro"},"searchOpenDialogs":true,"interaction":{"idSuffix":"content"}},"wdio_ui5_key":"etmportal.ui.managepartners.view.NewPartnersap.m.StandardListItem{\"title\":\"Euro\"}"}]}
RESULT: undefined
COMMAND: POST /session/3637353f0f0366f06ffc96bdd6dcca04/element - {"using":"xpath","value":"//*[@id=\"__item1256\"]"}
RESULT: {}
RESULT: {"using":"xpath","value":"//*[@id=\"__item1256\"]"}
COMMAND: POST /session/3637353f0f0366f06ffc96bdd6dcca04/element/f.FA5AA6ACA71DB73EA77ABAF269C4B101.d.3A95DDAA10A3FEC19CA3CC1E3E638A37.e.12184/click - {}
RESULT: {}
COMMAND: POST /session/3637353f0f0366f06ffc96bdd6dcca04/execute/async - {"script":"<script> [1562 bytes]","args":[{"selector":{"controlType":"sap.m.Button","viewName":"etm.portal.ui.managepartners.view.NewPartner","viewId":"application-managepartners-display-component---NewPartner","properties":{"text":"Assignments"},"interaction":{"idSuffix":"BDI-content"}},"wdio_ui5_key":"etmportal.ui.managepartners.view.NewPartnersap.m.Button{\"text\":\"Assignments\"}"}]}
COMMAND: GET /session/3637353f0f0366f06ffc96bdd6dcca04/screenshot - {}
RESULT: {"script":"<script> [1562 bytes]","args":[{"selector":{"controlType":"sap.m.Button","viewName":"etm.portal.ui.managepartners.view.NewPartner","viewId":"application-managepartners-display-component---NewPartner","properties":{"text":"Assignments"},"interaction":{"idSuffix":"BDI-content"}},"wdio_ui5_key":"etmportal.ui.managepartners.view.NewPartnersap.m.Button{\"text\":\"Assignments\"}"}]}
RESULT: undefined
COMMAND: POST /session/3637353f0f0366f06ffc96bdd6dcca04/element - {"using":"xpath","value":"//*[@id=\"application-managepartners-display-component---NewPartner--ObjectPageLayout-anchBar-__section61-anchor\"]"}
RESULT: {}
RESULT: {"using":"xpath","value":"//*[@id=\"application-managepartners-display-component---NewPartner--ObjectPageLayout-anchBar-__section61-anchor\"]"}
COMMAND: POST /session/3637353f0f0366f06ffc96bdd6dcca04/element/f.FA5AA6ACA71DB73EA77ABAF269C4B101.d.3A95DDAA10A3FEC19CA3CC1E3E638A37.e.12186/click - {}
RESULT: {}
COMMAND: POST /session/3637353f0f0366f06ffc96bdd6dcca04/execute/async - {"script":"<script> [1562 bytes]","args":[{"selector":{"id":"application-managepartners-display-component---NewPartner--btnAddTableRow","interaction":{"idSuffix":"inner"}},"wdio_ui5_key":"applicationmanagepartners-display-component---NewPartner--btnAddTableRow"}]}
COMMAND: GET /session/3637353f0f0366f06ffc96bdd6dcca04/screenshot - {}
RESULT: {"script":"<script> [1562 bytes]","args":[{"selector":{"id":"application-managepartners-display-component---NewPartner--btnAddTableRow","interaction":{"idSuffix":"inner"}},"wdio_ui5_key":"applicationmanagepartners-display-component---NewPartner--btnAddTableRow"}]}
RESULT: undefined
COMMAND: POST /session/3637353f0f0366f06ffc96bdd6dcca04/element - {"using":"xpath","value":"//*[@id=\"application-managepartners-display-component---NewPartner--btnAddTableRow\"]"}
RESULT: {}
RESULT: {"using":"xpath","value":"//*[@id=\"application-managepartners-display-component---NewPartner--btnAddTableRow\"]"}
COMMAND: POST /session/3637353f0f0366f06ffc96bdd6dcca04/element/f.FA5AA6ACA71DB73EA77ABAF269C4B101.d.3A95DDAA10A3FEC19CA3CC1E3E638A37.e.12192/click - {}
RESULT: {}
COMMAND: POST /session/3637353f0f0366f06ffc96bdd6dcca04/element - {"using":"css selector","value":"#application-managepartners-display-component---NewPartner--assignmentYard-application-managepartners-display-component---NewPartner--assignmentsTable-0-inner"}
COMMAND: GET /session/3637353f0f0366f06ffc96bdd6dcca04/screenshot - {}
RESULT: {"using":"css selector","value":"#application-managepartners-display-component---NewPartner--assignmentYard-application-managepartners-display-component---NewPartner--assignmentsTable-0-inner"}
COMMAND: POST /session/3637353f0f0366f06ffc96bdd6dcca04/element/f.FA5AA6ACA71DB73EA77ABAF269C4B101.d.3A95DDAA10A3FEC19CA3CC1E3E638A37.e.12194/clear - {}
RESULT: {}
RESULT: {}
COMMAND: POST /session/3637353f0f0366f06ffc96bdd6dcca04/element/f.FA5AA6ACA71DB73EA77ABAF269C4B101.d.3A95DDAA10A3FEC19CA3CC1E3E638A37.e.12194/value - {"text":"498"}
COMMAND: GET /session/3637353f0f0366f06ffc96bdd6dcca04/screenshot - {}
RESULT: {"text":"498"}
COMMAND: POST /session/3637353f0f0366f06ffc96bdd6dcca04/execute/async - {"script":"<script> [1562 bytes]","args":[{"selector":{"id":"application-managepartners-display-component---NewPartner--assignmentYard-application-managepartners-display-component---NewPartner--assignmentsTable-0-arrow"},"wdio_ui5_key":"applicationmanagepartners-display-component---NewPartner--assignmentYard-application-managepartners-display-component---NewPartner--assignmentsTable-0-arrow"}]}
COMMAND: GET /session/3637353f0f0366f06ffc96bdd6dcca04/screenshot - {}
RESULT: {}
RESULT: {"script":"<script> [1562 bytes]","args":[{"selector":{"id":"application-managepartners-display-component---NewPartner--assignmentYard-application-managepartners-display-component---NewPartner--assignmentsTable-0-arrow"},"wdio_ui5_key":"applicationmanagepartners-display-component---NewPartner--assignmentYard-application-managepartners-display-component---NewPartner--assignmentsTable-0-arrow"}]}
RESULT: undefined
COMMAND: POST /session/3637353f0f0366f06ffc96bdd6dcca04/element - {"using":"xpath","value":"//*[@id=\"application-managepartners-display-component---NewPartner--assignmentYard-application-managepartners-display-component---NewPartner--assignmentsTable-0-arrow\"]"}
RESULT: {}
RESULT: {"using":"xpath","value":"//*[@id=\"application-managepartners-display-component---NewPartner--assignmentYard-application-managepartners-display-component---NewPartner--assignmentsTable-0-arrow\"]"}
COMMAND: POST /session/3637353f0f0366f06ffc96bdd6dcca04/element/f.FA5AA6ACA71DB73EA77ABAF269C4B101.d.3A95DDAA10A3FEC19CA3CC1E3E638A37.e.12203/click - {}
RESULT: {}
COMMAND: GET /session/3637353f0f0366f06ffc96bdd6dcca04/screenshot - {}
RESULT: {}
COMMAND: POST /session/3637353f0f0366f06ffc96bdd6dcca04/execute/async - {"script":"<script> [1562 bytes]","args":[{"selector":{"controlType":"sap.m.Button","viewName":"etm.portal.ui.managepartners.view.NewPartner","viewId":"application-managepartners-display-component---NewPartner","i18NText":{"propertyName":"text","key":"save"},"interaction":{"idSuffix":"BDI-content"}},"wdio_ui5_key":"etmportal.ui.managepartners.view.NewPartnersap.m.Button{\"propertyName\":\"text\",\"key\":\"save\"}"}]}
RESULT: {"script":"<script> [1562 bytes]","args":[{"selector":{"controlType":"sap.m.Button","viewName":"etm.portal.ui.managepartners.view.NewPartner","viewId":"application-managepartners-display-component---NewPartner","i18NText":{"propertyName":"text","key":"save"},"interaction":{"idSuffix":"BDI-content"}},"wdio_ui5_key":"etmportal.ui.managepartners.view.NewPartnersap.m.Button{\"propertyName\":\"text\",\"key\":\"save\"}"}]}
RESULT: undefined
COMMAND: POST /session/3637353f0f0366f06ffc96bdd6dcca04/element - {"using":"xpath","value":"//*[@id=\"__button127\"]"}
RESULT: {"using":"xpath","value":"//*[@id=\"__button127\"]"}
COMMAND: POST /session/3637353f0f0366f06ffc96bdd6dcca04/element/f.FA5AA6ACA71DB73EA77ABAF269C4B101.d.3A95DDAA10A3FEC19CA3CC1E3E638A37.e.12142/click - {}
RESULT: {}
COMMAND: GET /session/3637353f0f0366f06ffc96bdd6dcca04/screenshot - {}
RESULT: {}
COMMAND: POST /session/3637353f0f0366f06ffc96bdd6dcca04/execute/async - {"script":"<script> [1562 bytes]","args":[{"selector":{"controlType":"sap.m.Text","viewName":"etm.portal.ui.managepartners.view.Detail","viewId":"application-managepartners-display-component---detailPtm","bindingPath":{"propertyPath":"ID","modelName":"catalogModel"}},"wdio_ui5_key":"etmportal.ui.managepartners.view.Detailsap.m.Text{\"propertyPath\":\"ID\",\"modelName\":\"catalogModel\"}"}]}
RESULT: {"script":"<script> [1562 bytes]","args":[{"selector":{"controlType":"sap.m.Text","viewName":"etm.portal.ui.managepartners.view.Detail","viewId":"application-managepartners-display-component---detailPtm","bindingPath":{"propertyPath":"ID","modelName":"catalogModel"}},"wdio_ui5_key":"etmportal.ui.managepartners.view.Detailsap.m.Text{\"propertyPath\":\"ID\",\"modelName\":\"catalogModel\"}"}]}
RESULT: undefined
COMMAND: POST /session/3637353f0f0366f06ffc96bdd6dcca04/execute/async - {"script":"<script> [6424 bytes]","args":[{"element-6066-11e4-a52e-4f735466cecf":"f.FA5AA6ACA71DB73EA77ABAF269C4B101.d.3A95DDAA10A3FEC19CA3CC1E3E638A37.e.12368"},"getText",[]]}
RESULT: {"script":"<script> [6424 bytes]","args":[{"element-6066-11e4-a52e-4f735466cecf":"f.FA5AA6ACA71DB73EA77ABAF269C4B101.d.3A95DDAA10A3FEC19CA3CC1E3E638A37.e.12368"},"getText",[]]}
COMMAND: POST /session/3637353f0f0366f06ffc96bdd6dcca04/element - {"using":"css selector","value":"#shell-header-logo"}
RESULT: {"using":"css selector","value":"#shell-header-logo"}
COMMAND: POST /session/3637353f0f0366f06ffc96bdd6dcca04/element/f.FA5AA6ACA71DB73EA77ABAF269C4B101.d.3A95DDAA10A3FEC19CA3CC1E3E638A37.e.11703/click - {}
RESULT: {}
]]></system-out>
    </testcase>
    <testcase classname="chrome.135_0_7049_96.windows.Provide_to_Site_w/o_warehouse_management_w/o_clarification_US116612" name="Should create a new WHM Material" time="87.935">
      <system-out><![CDATA[
COMMAND: POST /session/3637353f0f0366f06ffc96bdd6dcca04/execute/async - {"script":"<script> [1562 bytes]","args":[{"selector":{"controlType":"sap.m.GenericTile","properties":{"header":"Manage Resources"}},"wdio_ui5_key":"sapm.GenericTile{\"header\":\"Manage Resources\"}"}]}
COMMAND: GET /session/3637353f0f0366f06ffc96bdd6dcca04/screenshot - {}
RESULT: {"script":"<script> [1562 bytes]","args":[{"selector":{"controlType":"sap.m.GenericTile","properties":{"header":"Manage Resources"}},"wdio_ui5_key":"sapm.GenericTile{\"header\":\"Manage Resources\"}"}]}
RESULT: undefined
COMMAND: POST /session/3637353f0f0366f06ffc96bdd6dcca04/element - {"using":"xpath","value":"//*[@id=\"__tile39\"]"}
RESULT: {}
RESULT: {"using":"xpath","value":"//*[@id=\"__tile39\"]"}
COMMAND: POST /session/3637353f0f0366f06ffc96bdd6dcca04/element/f.FA5AA6ACA71DB73EA77ABAF269C4B101.d.3A95DDAA10A3FEC19CA3CC1E3E638A37.e.12370/click - {}
RESULT: {}
COMMAND: POST /session/3637353f0f0366f06ffc96bdd6dcca04/execute/async - {"script":"<script> [1562 bytes]","args":[{"selector":{"controlType":"sap.m.OverflowToolbarButton","viewName":"etm.portal.ui.manageresources.view.Master","viewId":"application-manageresources-display-component---masterRU","bindingPath":{"path":"","propertyPath":"/isLogbook","modelName":"minimumStockRPGModel"},"interaction":{"idSuffix":"inner"}},"wdio_ui5_key":"etmportal.ui.manageresources.view.Mastersap.m.OverflowToolbarButton{\"path\":\"\",\"propertyPath\":\"/isLogbook\",\"modelName\":\"minimumStockRPGModel\"}"}]}
COMMAND: GET /session/3637353f0f0366f06ffc96bdd6dcca04/screenshot - {}
RESULT: {}
RESULT: {"script":"<script> [1562 bytes]","args":[{"selector":{"controlType":"sap.m.OverflowToolbarButton","viewName":"etm.portal.ui.manageresources.view.Master","viewId":"application-manageresources-display-component---masterRU","bindingPath":{"path":"","propertyPath":"/isLogbook","modelName":"minimumStockRPGModel"},"interaction":{"idSuffix":"inner"}},"wdio_ui5_key":"etmportal.ui.manageresources.view.Mastersap.m.OverflowToolbarButton{\"path\":\"\",\"propertyPath\":\"/isLogbook\",\"modelName\":\"minimumStockRPGModel\"}"}]}
RESULT: undefined
COMMAND: POST /session/3637353f0f0366f06ffc96bdd6dcca04/element - {"using":"xpath","value":"//*[@id=\"__button168\"]"}
RESULT: {"using":"xpath","value":"//*[@id=\"__button168\"]"}
COMMAND: POST /session/3637353f0f0366f06ffc96bdd6dcca04/element/f.FA5AA6ACA71DB73EA77ABAF269C4B101.d.3A95DDAA10A3FEC19CA3CC1E3E638A37.e.12412/click - {}
RESULT: {}
COMMAND: GET /session/3637353f0f0366f06ffc96bdd6dcca04/screenshot - {}
RESULT: {}
COMMAND: POST /session/3637353f0f0366f06ffc96bdd6dcca04/execute/async - {"script":"<script> [1562 bytes]","args":[{"selector":{"id":"application-manageresources-display-component---newResourceUnit--TYPE-arrow"},"wdio_ui5_key":"applicationmanageresources-display-component---newResourceUnit--TYPE-arrow"}]}
RESULT: {"script":"<script> [1562 bytes]","args":[{"selector":{"id":"application-manageresources-display-component---newResourceUnit--TYPE-arrow"},"wdio_ui5_key":"applicationmanageresources-display-component---newResourceUnit--TYPE-arrow"}]}
RESULT: undefined
COMMAND: POST /session/3637353f0f0366f06ffc96bdd6dcca04/element - {"using":"xpath","value":"//*[@id=\"application-manageresources-display-component---newResourceUnit--TYPE-arrow\"]"}
RESULT: {"using":"xpath","value":"//*[@id=\"application-manageresources-display-component---newResourceUnit--TYPE-arrow\"]"}
COMMAND: POST /session/3637353f0f0366f06ffc96bdd6dcca04/element/f.FA5AA6ACA71DB73EA77ABAF269C4B101.d.3A95DDAA10A3FEC19CA3CC1E3E638A37.e.12724/click - {}
RESULT: {}
COMMAND: POST /session/3637353f0f0366f06ffc96bdd6dcca04/execute/async - {"script":"<script> [1562 bytes]","args":[{"selector":{"controlType":"sap.m.StandardListItem","viewName":"reusables.view.manageresources.NewResourceUnit","viewId":"application-manageresources-display-component---newResourceUnit","properties":{"title":"Material"},"searchOpenDialogs":true,"interaction":{"idSuffix":"content"}},"wdio_ui5_key":"reusablesview.manageresources.NewResourceUnitsap.m.StandardListItem{\"title\":\"Material\"}"}]}
COMMAND: GET /session/3637353f0f0366f06ffc96bdd6dcca04/screenshot - {}
RESULT: {"script":"<script> [1562 bytes]","args":[{"selector":{"controlType":"sap.m.StandardListItem","viewName":"reusables.view.manageresources.NewResourceUnit","viewId":"application-manageresources-display-component---newResourceUnit","properties":{"title":"Material"},"searchOpenDialogs":true,"interaction":{"idSuffix":"content"}},"wdio_ui5_key":"reusablesview.manageresources.NewResourceUnitsap.m.StandardListItem{\"title\":\"Material\"}"}]}
RESULT: undefined
COMMAND: POST /session/3637353f0f0366f06ffc96bdd6dcca04/element - {"using":"xpath","value":"//*[@id=\"__item1537\"]"}
RESULT: {}
RESULT: {"using":"xpath","value":"//*[@id=\"__item1537\"]"}
COMMAND: POST /session/3637353f0f0366f06ffc96bdd6dcca04/element/f.FA5AA6ACA71DB73EA77ABAF269C4B101.d.3A95DDAA10A3FEC19CA3CC1E3E638A37.e.12727/click - {}
RESULT: {}
COMMAND: POST /session/3637353f0f0366f06ffc96bdd6dcca04/execute/async - {"script":"<script> [1562 bytes]","args":[{"selector":{"id":"application-manageresources-display-component---newResourceUnit--resourceId","interaction":{"idSuffix":"inner"}},"wdio_ui5_key":"applicationmanageresources-display-component---newResourceUnit--resourceId"}]}
COMMAND: GET /session/3637353f0f0366f06ffc96bdd6dcca04/screenshot - {}
RESULT: {"script":"<script> [1562 bytes]","args":[{"selector":{"id":"application-manageresources-display-component---newResourceUnit--resourceId","interaction":{"idSuffix":"inner"}},"wdio_ui5_key":"applicationmanageresources-display-component---newResourceUnit--resourceId"}]}
RESULT: undefined
COMMAND: POST /session/3637353f0f0366f06ffc96bdd6dcca04/execute/async - {"script":"<script> [1562 bytes]","args":[{"selector":{"id":"application-manageresources-display-component---newResourceUnit--SHORT_TEXT","interaction":{"idSuffix":"inner"}},"wdio_ui5_key":"applicationmanageresources-display-component---newResourceUnit--SHORT_TEXT"}]}
RESULT: {}
RESULT: {"script":"<script> [1562 bytes]","args":[{"selector":{"id":"application-manageresources-display-component---newResourceUnit--SHORT_TEXT","interaction":{"idSuffix":"inner"}},"wdio_ui5_key":"applicationmanageresources-display-component---newResourceUnit--SHORT_TEXT"}]}
RESULT: undefined
COMMAND: POST /session/3637353f0f0366f06ffc96bdd6dcca04/execute/async - {"script":"<script> [776 bytes]","args":[{"enterText":"material WHM","selector":{"id":"application-manageresources-display-component---newResourceUnit--SHORT_TEXT","interaction":{"idSuffix":"inner"}},"clearTextFirst":true,"interactionType":"ENTER_TEXT"}]}
RESULT: {"script":"<script> [776 bytes]","args":[{"enterText":"material WHM","selector":{"id":"application-manageresources-display-component---newResourceUnit--SHORT_TEXT","interaction":{"idSuffix":"inner"}},"clearTextFirst":true,"interactionType":"ENTER_TEXT"}]}
COMMAND: POST /session/3637353f0f0366f06ffc96bdd6dcca04/execute/async - {"script":"<script> [1562 bytes]","args":[{"selector":{"id":"application-manageresources-display-component---newResourceUnit--BASE_UNIT_OF_MEASURE","interaction":{"idSuffix":"inner"}},"wdio_ui5_key":"applicationmanageresources-display-component---newResourceUnit--BASE_UNIT_OF_MEASURE"}]}
RESULT: {"script":"<script> [1562 bytes]","args":[{"selector":{"id":"application-manageresources-display-component---newResourceUnit--BASE_UNIT_OF_MEASURE","interaction":{"idSuffix":"inner"}},"wdio_ui5_key":"applicationmanageresources-display-component---newResourceUnit--BASE_UNIT_OF_MEASURE"}]}
RESULT: undefined
COMMAND: POST /session/3637353f0f0366f06ffc96bdd6dcca04/execute/async - {"script":"<script> [776 bytes]","args":[{"enterText":"Piece","selector":{"id":"application-manageresources-display-component---newResourceUnit--BASE_UNIT_OF_MEASURE","interaction":{"idSuffix":"inner"}},"clearTextFirst":true,"interactionType":"ENTER_TEXT"}]}
RESULT: {"script":"<script> [776 bytes]","args":[{"enterText":"Piece","selector":{"id":"application-manageresources-display-component---newResourceUnit--BASE_UNIT_OF_MEASURE","interaction":{"idSuffix":"inner"}},"clearTextFirst":true,"interactionType":"ENTER_TEXT"}]}
COMMAND: POST /session/3637353f0f0366f06ffc96bdd6dcca04/execute/async - {"script":"<script> [1562 bytes]","args":[{"selector":{"id":"application-manageresources-display-component---newResourceUnit--WEIGHT_UNIT","interaction":{"idSuffix":"inner"}},"wdio_ui5_key":"applicationmanageresources-display-component---newResourceUnit--WEIGHT_UNIT"}]}
RESULT: {"script":"<script> [1562 bytes]","args":[{"selector":{"id":"application-manageresources-display-component---newResourceUnit--WEIGHT_UNIT","interaction":{"idSuffix":"inner"}},"wdio_ui5_key":"applicationmanageresources-display-component---newResourceUnit--WEIGHT_UNIT"}]}
RESULT: undefined
COMMAND: POST /session/3637353f0f0366f06ffc96bdd6dcca04/execute/async - {"script":"<script> [776 bytes]","args":[{"enterText":"Gram","selector":{"id":"application-manageresources-display-component---newResourceUnit--WEIGHT_UNIT","interaction":{"idSuffix":"inner"}},"clearTextFirst":true,"interactionType":"ENTER_TEXT"}]}
RESULT: {"script":"<script> [776 bytes]","args":[{"enterText":"Gram","selector":{"id":"application-manageresources-display-component---newResourceUnit--WEIGHT_UNIT","interaction":{"idSuffix":"inner"}},"clearTextFirst":true,"interactionType":"ENTER_TEXT"}]}
COMMAND: POST /session/3637353f0f0366f06ffc96bdd6dcca04/execute/async - {"script":"<script> [1562 bytes]","args":[{"selector":{"id":"application-manageresources-display-component---newResourceUnit--DIMENSION_UNIT","interaction":{"idSuffix":"inner"}},"wdio_ui5_key":"applicationmanageresources-display-component---newResourceUnit--DIMENSION_UNIT"}]}
RESULT: {"script":"<script> [1562 bytes]","args":[{"selector":{"id":"application-manageresources-display-component---newResourceUnit--DIMENSION_UNIT","interaction":{"idSuffix":"inner"}},"wdio_ui5_key":"applicationmanageresources-display-component---newResourceUnit--DIMENSION_UNIT"}]}
RESULT: undefined
COMMAND: POST /session/3637353f0f0366f06ffc96bdd6dcca04/execute/async - {"script":"<script> [776 bytes]","args":[{"enterText":"Meter","selector":{"id":"application-manageresources-display-component---newResourceUnit--DIMENSION_UNIT","interaction":{"idSuffix":"inner"}},"clearTextFirst":true,"interactionType":"ENTER_TEXT"}]}
RESULT: {"script":"<script> [776 bytes]","args":[{"enterText":"Meter","selector":{"id":"application-manageresources-display-component---newResourceUnit--DIMENSION_UNIT","interaction":{"idSuffix":"inner"}},"clearTextFirst":true,"interactionType":"ENTER_TEXT"}]}
COMMAND: POST /session/3637353f0f0366f06ffc96bdd6dcca04/execute/async - {"script":"<script> [1562 bytes]","args":[{"selector":{"id":"application-manageresources-display-component---newResourceUnit--newRRUPage-anchBar-application-manageresources-display-component---newResourceUnit--control-anchor","interaction":{"idSuffix":"content"}},"wdio_ui5_key":"applicationmanageresources-display-component---newResourceUnit--newRRUPage-anchBar-application-manageresources-display-component---newResourceUnit--control-anchor"}]}
RESULT: {"script":"<script> [1562 bytes]","args":[{"selector":{"id":"application-manageresources-display-component---newResourceUnit--newRRUPage-anchBar-application-manageresources-display-component---newResourceUnit--control-anchor","interaction":{"idSuffix":"content"}},"wdio_ui5_key":"applicationmanageresources-display-component---newResourceUnit--newRRUPage-anchBar-application-manageresources-display-component---newResourceUnit--control-anchor"}]}
RESULT: undefined
COMMAND: POST /session/3637353f0f0366f06ffc96bdd6dcca04/element - {"using":"xpath","value":"//*[@id=\"application-manageresources-display-component---newResourceUnit--newRRUPage-anchBar-application-manageresources-display-component---newResourceUnit--control-anchor\"]"}
RESULT: {"using":"xpath","value":"//*[@id=\"application-manageresources-display-component---newResourceUnit--newRRUPage-anchBar-application-manageresources-display-component---newResourceUnit--control-anchor\"]"}
COMMAND: POST /session/3637353f0f0366f06ffc96bdd6dcca04/element/f.FA5AA6ACA71DB73EA77ABAF269C4B101.d.3A95DDAA10A3FEC19CA3CC1E3E638A37.e.12791/click - {}
RESULT: {}
COMMAND: POST /session/3637353f0f0366f06ffc96bdd6dcca04/execute/async - {"script":"<script> [1562 bytes]","args":[{"selector":{"id":"application-manageresources-display-component---newResourceUnit--PLANNING_GROUP","interaction":{"idSuffix":"inner"}},"wdio_ui5_key":"applicationmanageresources-display-component---newResourceUnit--PLANNING_GROUP"}]}
COMMAND: GET /session/3637353f0f0366f06ffc96bdd6dcca04/screenshot - {}
RESULT: {"script":"<script> [1562 bytes]","args":[{"selector":{"id":"application-manageresources-display-component---newResourceUnit--PLANNING_GROUP","interaction":{"idSuffix":"inner"}},"wdio_ui5_key":"applicationmanageresources-display-component---newResourceUnit--PLANNING_GROUP"}]}
RESULT: undefined
COMMAND: POST /session/3637353f0f0366f06ffc96bdd6dcca04/execute/async - {"script":"<script> [776 bytes]","args":[{"enterText":"Heavy Equi","selector":{"id":"application-manageresources-display-component---newResourceUnit--PLANNING_GROUP","interaction":{"idSuffix":"inner"}},"clearTextFirst":true,"interactionType":"ENTER_TEXT"}]}
RESULT: {}
RESULT: {"script":"<script> [776 bytes]","args":[{"enterText":"Heavy Equi","selector":{"id":"application-manageresources-display-component---newResourceUnit--PLANNING_GROUP","interaction":{"idSuffix":"inner"}},"clearTextFirst":true,"interactionType":"ENTER_TEXT"}]}
COMMAND: POST /session/3637353f0f0366f06ffc96bdd6dcca04/execute/async - {"script":"<script> [1562 bytes]","args":[{"selector":{"id":"application-manageresources-display-component---newResourceUnit--PLANNING_INDICATOR","interaction":{"idSuffix":"inner"}},"wdio_ui5_key":"applicationmanageresources-display-component---newResourceUnit--PLANNING_INDICATOR"}]}
RESULT: {"script":"<script> [1562 bytes]","args":[{"selector":{"id":"application-manageresources-display-component---newResourceUnit--PLANNING_INDICATOR","interaction":{"idSuffix":"inner"}},"wdio_ui5_key":"applicationmanageresources-display-component---newResourceUnit--PLANNING_INDICATOR"}]}
RESULT: undefined
COMMAND: POST /session/3637353f0f0366f06ffc96bdd6dcca04/execute/async - {"script":"<script> [776 bytes]","args":[{"enterText":"10 - infinite","selector":{"id":"application-manageresources-display-component---newResourceUnit--PLANNING_INDICATOR","interaction":{"idSuffix":"inner"}},"clearTextFirst":true,"interactionType":"ENTER_TEXT"}]}
RESULT: {"script":"<script> [776 bytes]","args":[{"enterText":"10 - infinite","selector":{"id":"application-manageresources-display-component---newResourceUnit--PLANNING_INDICATOR","interaction":{"idSuffix":"inner"}},"clearTextFirst":true,"interactionType":"ENTER_TEXT"}]}
COMMAND: POST /session/3637353f0f0366f06ffc96bdd6dcca04/actions - {"actions":[{"id":"action47","type":"key","parameters":{},"actions":[{"type":"keyDown","value":"î€‡"},{"type":"pause","duration":10},{"type":"keyUp","value":"î€‡"}]}]}
RESULT: {"actions":[{"id":"action47","type":"key","parameters":{},"actions":[{"type":"keyDown","value":"î€‡"},{"type":"pause","duration":10},{"type":"keyUp","value":"î€‡"}]}]}
COMMAND: POST /session/3637353f0f0366f06ffc96bdd6dcca04/execute/async - {"script":"<script> [1562 bytes]","args":[{"selector":{"id":"application-manageresources-display-component---newResourceUnit--ITEM_TYPE-arrow"},"wdio_ui5_key":"applicationmanageresources-display-component---newResourceUnit--ITEM_TYPE-arrow"}]}
COMMAND: GET /session/3637353f0f0366f06ffc96bdd6dcca04/screenshot - {}
RESULT: {"script":"<script> [1562 bytes]","args":[{"selector":{"id":"application-manageresources-display-component---newResourceUnit--ITEM_TYPE-arrow"},"wdio_ui5_key":"applicationmanageresources-display-component---newResourceUnit--ITEM_TYPE-arrow"}]}
RESULT: undefined
COMMAND: POST /session/3637353f0f0366f06ffc96bdd6dcca04/element - {"using":"xpath","value":"//*[@id=\"application-manageresources-display-component---newResourceUnit--ITEM_TYPE-arrow\"]"}
RESULT: {}
RESULT: {"using":"xpath","value":"//*[@id=\"application-manageresources-display-component---newResourceUnit--ITEM_TYPE-arrow\"]"}
COMMAND: POST /session/3637353f0f0366f06ffc96bdd6dcca04/element/f.FA5AA6ACA71DB73EA77ABAF269C4B101.d.3A95DDAA10A3FEC19CA3CC1E3E638A37.e.12801/click - {}
RESULT: {}
COMMAND: POST /session/3637353f0f0366f06ffc96bdd6dcca04/execute/async - {"script":"<script> [1562 bytes]","args":[{"selector":{"controlType":"sap.m.StandardListItem","viewName":"reusables.view.manageresources.NewResourceUnit","viewId":"application-manageresources-display-component---newResourceUnit","properties":{"title":"Resource Unit"},"searchOpenDialogs":true,"interaction":{"idSuffix":"titleText"}},"wdio_ui5_key":"reusablesview.manageresources.NewResourceUnitsap.m.StandardListItem{\"title\":\"Resource Unit\"}"}]}
COMMAND: GET /session/3637353f0f0366f06ffc96bdd6dcca04/screenshot - {}
RESULT: {"script":"<script> [1562 bytes]","args":[{"selector":{"controlType":"sap.m.StandardListItem","viewName":"reusables.view.manageresources.NewResourceUnit","viewId":"application-manageresources-display-component---newResourceUnit","properties":{"title":"Resource Unit"},"searchOpenDialogs":true,"interaction":{"idSuffix":"titleText"}},"wdio_ui5_key":"reusablesview.manageresources.NewResourceUnitsap.m.StandardListItem{\"title\":\"Resource Unit\"}"}]}
RESULT: undefined
RESULT: {}
COMMAND: POST /session/3637353f0f0366f06ffc96bdd6dcca04/execute/async - {"script":"<script> [1562 bytes]","args":[{"selector":{"controlType":"sap.m.Label","viewName":"reusables.view.manageresources.NewResourceUnit","viewId":"application-manageresources-display-component---newResourceUnit","i18NText":{"propertyName":"text","key":"planningGroup"},"interaction":{"idSuffix":"bdi"}},"wdio_ui5_key":"reusablesview.manageresources.NewResourceUnitsap.m.Label{\"propertyName\":\"text\",\"key\":\"planningGroup\"}"}]}
RESULT: {"script":"<script> [1562 bytes]","args":[{"selector":{"controlType":"sap.m.Label","viewName":"reusables.view.manageresources.NewResourceUnit","viewId":"application-manageresources-display-component---newResourceUnit","i18NText":{"propertyName":"text","key":"planningGroup"},"interaction":{"idSuffix":"bdi"}},"wdio_ui5_key":"reusablesview.manageresources.NewResourceUnitsap.m.Label{\"propertyName\":\"text\",\"key\":\"planningGroup\"}"}]}
RESULT: undefined
COMMAND: POST /session/3637353f0f0366f06ffc96bdd6dcca04/element - {"using":"xpath","value":"//*[@id=\"__label263\"]"}
RESULT: {"using":"xpath","value":"//*[@id=\"__label263\"]"}
COMMAND: POST /session/3637353f0f0366f06ffc96bdd6dcca04/element/f.FA5AA6ACA71DB73EA77ABAF269C4B101.d.3A95DDAA10A3FEC19CA3CC1E3E638A37.e.12803/click - {}
RESULT: {}
COMMAND: GET /session/3637353f0f0366f06ffc96bdd6dcca04/screenshot - {}
RESULT: {}
COMMAND: POST /session/3637353f0f0366f06ffc96bdd6dcca04/actions - {"actions":[{"type":"key","id":"keyboard","actions":[{"type":"keyDown","value":"î›"}]}]}
RESULT: {"actions":[{"type":"key","id":"keyboard","actions":[{"type":"keyDown","value":"î›"}]}]}
COMMAND: GET /session/3637353f0f0366f06ffc96bdd6dcca04/screenshot - {}
RESULT: {}
COMMAND: POST /session/3637353f0f0366f06ffc96bdd6dcca04/actions - {"actions":[{"type":"key","id":"keyboard","actions":[{"type":"keyDown","value":"î›"}]}]}
RESULT: {"actions":[{"type":"key","id":"keyboard","actions":[{"type":"keyDown","value":"î›"}]}]}
COMMAND: GET /session/3637353f0f0366f06ffc96bdd6dcca04/screenshot - {}
RESULT: {}
COMMAND: POST /session/3637353f0f0366f06ffc96bdd6dcca04/actions - {"actions":[{"type":"key","id":"keyboard","actions":[{"type":"keyDown","value":"î›"}]}]}
RESULT: {"actions":[{"type":"key","id":"keyboard","actions":[{"type":"keyDown","value":"î›"}]}]}
COMMAND: GET /session/3637353f0f0366f06ffc96bdd6dcca04/screenshot - {}
RESULT: {}
COMMAND: POST /session/3637353f0f0366f06ffc96bdd6dcca04/actions - {"actions":[{"type":"key","id":"keyboard","actions":[{"type":"keyDown","value":"î›"}]}]}
RESULT: {"actions":[{"type":"key","id":"keyboard","actions":[{"type":"keyDown","value":"î›"}]}]}
COMMAND: GET /session/3637353f0f0366f06ffc96bdd6dcca04/screenshot - {}
RESULT: {}
COMMAND: POST /session/3637353f0f0366f06ffc96bdd6dcca04/actions - {"actions":[{"type":"key","id":"keyboard","actions":[{"type":"keyDown","value":"î›"}]}]}
RESULT: {"actions":[{"type":"key","id":"keyboard","actions":[{"type":"keyDown","value":"î›"}]}]}
COMMAND: GET /session/3637353f0f0366f06ffc96bdd6dcca04/screenshot - {}
RESULT: {}
COMMAND: POST /session/3637353f0f0366f06ffc96bdd6dcca04/actions - {"actions":[{"type":"key","id":"keyboard","actions":[{"type":"keyDown","value":"î›"}]}]}
RESULT: {"actions":[{"type":"key","id":"keyboard","actions":[{"type":"keyDown","value":"î›"}]}]}
COMMAND: GET /session/3637353f0f0366f06ffc96bdd6dcca04/screenshot - {}
RESULT: {}
COMMAND: POST /session/3637353f0f0366f06ffc96bdd6dcca04/execute/async - {"script":"<script> [1562 bytes]","args":[{"selector":{"id":"application-manageresources-display-component---newResourceUnit--btnAddTimeSegment-img"},"wdio_ui5_key":"applicationmanageresources-display-component---newResourceUnit--btnAddTimeSegment-img"}]}
RESULT: {"script":"<script> [1562 bytes]","args":[{"selector":{"id":"application-manageresources-display-component---newResourceUnit--btnAddTimeSegment-img"},"wdio_ui5_key":"applicationmanageresources-display-component---newResourceUnit--btnAddTimeSegment-img"}]}
RESULT: undefined
COMMAND: POST /session/3637353f0f0366f06ffc96bdd6dcca04/element - {"using":"xpath","value":"//*[@id=\"application-manageresources-display-component---newResourceUnit--btnAddTimeSegment-img\"]"}
RESULT: {"using":"xpath","value":"//*[@id=\"application-manageresources-display-component---newResourceUnit--btnAddTimeSegment-img\"]"}
COMMAND: POST /session/3637353f0f0366f06ffc96bdd6dcca04/element/f.FA5AA6ACA71DB73EA77ABAF269C4B101.d.3A95DDAA10A3FEC19CA3CC1E3E638A37.e.12804/click - {}
RESULT: {}
COMMAND: POST /session/3637353f0f0366f06ffc96bdd6dcca04/element - {"using":"xpath","value":"//input[@id=\"application-manageresources-display-component---newResourceUnit--idRuTSAdmin-application-manageresources-display-component---newResourceUnit--RUTimeSegment-0-inner\"]"}
COMMAND: GET /session/3637353f0f0366f06ffc96bdd6dcca04/screenshot - {}
RESULT: {"using":"xpath","value":"//input[@id=\"application-manageresources-display-component---newResourceUnit--idRuTSAdmin-application-manageresources-display-component---newResourceUnit--RUTimeSegment-0-inner\"]"}
COMMAND: POST /session/3637353f0f0366f06ffc96bdd6dcca04/element/f.FA5AA6ACA71DB73EA77ABAF269C4B101.d.3A95DDAA10A3FEC19CA3CC1E3E638A37.e.12807/clear - {}
RESULT: {}
RESULT: {}
COMMAND: POST /session/3637353f0f0366f06ffc96bdd6dcca04/element/f.FA5AA6ACA71DB73EA77ABAF269C4B101.d.3A95DDAA10A3FEC19CA3CC1E3E638A37.e.12807/value - {"text":"498"}
COMMAND: GET /session/3637353f0f0366f06ffc96bdd6dcca04/screenshot - {}
RESULT: {"text":"498"}
COMMAND: GET /session/3637353f0f0366f06ffc96bdd6dcca04/screenshot - {}
RESULT: {}
RESULT: {}
COMMAND: POST /session/3637353f0f0366f06ffc96bdd6dcca04/actions - {"actions":[{"id":"action48","type":"key","parameters":{},"actions":[{"type":"keyDown","value":"î€‡"},{"type":"pause","duration":10},{"type":"keyUp","value":"î€‡"}]}]}
RESULT: {"actions":[{"id":"action48","type":"key","parameters":{},"actions":[{"type":"keyDown","value":"î€‡"},{"type":"pause","duration":10},{"type":"keyUp","value":"î€‡"}]}]}
COMMAND: GET /session/3637353f0f0366f06ffc96bdd6dcca04/screenshot - {}
RESULT: {}
COMMAND: POST /session/3637353f0f0366f06ffc96bdd6dcca04/execute/async - {"script":"<script> [1562 bytes]","args":[{"selector":{"controlType":"sap.m.Button","viewName":"reusables.view.manageresources.NewResourceUnit","viewId":"application-manageresources-display-component---newResourceUnit","i18NText":{"propertyName":"tooltip","key":"save"},"interaction":{"idSuffix":"BDI-content"}},"wdio_ui5_key":"reusablesview.manageresources.NewResourceUnitsap.m.Button{\"propertyName\":\"tooltip\",\"key\":\"save\"}"}]}
RESULT: {"script":"<script> [1562 bytes]","args":[{"selector":{"controlType":"sap.m.Button","viewName":"reusables.view.manageresources.NewResourceUnit","viewId":"application-manageresources-display-component---newResourceUnit","i18NText":{"propertyName":"tooltip","key":"save"},"interaction":{"idSuffix":"BDI-content"}},"wdio_ui5_key":"reusablesview.manageresources.NewResourceUnitsap.m.Button{\"propertyName\":\"tooltip\",\"key\":\"save\"}"}]}
RESULT: undefined
COMMAND: POST /session/3637353f0f0366f06ffc96bdd6dcca04/element - {"using":"xpath","value":"//*[@id=\"application-manageresources-display-component---newResourceUnit--createRuButton\"]"}
RESULT: {"using":"xpath","value":"//*[@id=\"application-manageresources-display-component---newResourceUnit--createRuButton\"]"}
COMMAND: POST /session/3637353f0f0366f06ffc96bdd6dcca04/element/f.FA5AA6ACA71DB73EA77ABAF269C4B101.d.3A95DDAA10A3FEC19CA3CC1E3E638A37.e.12740/click - {}
RESULT: {}
COMMAND: POST /session/3637353f0f0366f06ffc96bdd6dcca04/execute/async - {"script":"<script> [1562 bytes]","args":[{"selector":{"controlType":"sap.m.Button","properties":{"text":"Close"},"searchOpenDialogs":true,"interaction":{"idSuffix":"BDI-content"}},"wdio_ui5_key":"sapm.Button{\"text\":\"Close\"}"}]}
COMMAND: GET /session/3637353f0f0366f06ffc96bdd6dcca04/screenshot - {}
RESULT: {}
RESULT: {"script":"<script> [1562 bytes]","args":[{"selector":{"controlType":"sap.m.Button","properties":{"text":"Close"},"searchOpenDialogs":true,"interaction":{"idSuffix":"BDI-content"}},"wdio_ui5_key":"sapm.Button{\"text\":\"Close\"}"}]}
RESULT: undefined
COMMAND: POST /session/3637353f0f0366f06ffc96bdd6dcca04/element - {"using":"xpath","value":"//*[@id=\"__mbox-btn-0\"]"}
RESULT: {"using":"xpath","value":"//*[@id=\"__mbox-btn-0\"]"}
COMMAND: POST /session/3637353f0f0366f06ffc96bdd6dcca04/element/f.FA5AA6ACA71DB73EA77ABAF269C4B101.d.3A95DDAA10A3FEC19CA3CC1E3E638A37.e.12820/click - {}
RESULT: {}
COMMAND: GET /session/3637353f0f0366f06ffc96bdd6dcca04/screenshot - {}
RESULT: {}
COMMAND: POST /session/3637353f0f0366f06ffc96bdd6dcca04/execute/async - {"script":"<script> [1562 bytes]","args":[{"selector":{"controlType":"sap.m.Text","viewName":"etm.portal.ui.manageresources.view.Detail","viewId":"application-manageresources-display-component---detailRU","bindingPath":{"propertyPath":"ID","modelName":"catalogModel"}},"wdio_ui5_key":"etmportal.ui.manageresources.view.Detailsap.m.Text{\"propertyPath\":\"ID\",\"modelName\":\"catalogModel\"}"}]}
RESULT: {"script":"<script> [1562 bytes]","args":[{"selector":{"controlType":"sap.m.Text","viewName":"etm.portal.ui.manageresources.view.Detail","viewId":"application-manageresources-display-component---detailRU","bindingPath":{"propertyPath":"ID","modelName":"catalogModel"}},"wdio_ui5_key":"etmportal.ui.manageresources.view.Detailsap.m.Text{\"propertyPath\":\"ID\",\"modelName\":\"catalogModel\"}"}]}
RESULT: undefined
COMMAND: POST /session/3637353f0f0366f06ffc96bdd6dcca04/execute/async - {"script":"<script> [6424 bytes]","args":[{"element-6066-11e4-a52e-4f735466cecf":"f.FA5AA6ACA71DB73EA77ABAF269C4B101.d.3A95DDAA10A3FEC19CA3CC1E3E638A37.e.12855"},"getText",[]]}
RESULT: {"script":"<script> [6424 bytes]","args":[{"element-6066-11e4-a52e-4f735466cecf":"f.FA5AA6ACA71DB73EA77ABAF269C4B101.d.3A95DDAA10A3FEC19CA3CC1E3E638A37.e.12855"},"getText",[]]}
COMMAND: POST /session/3637353f0f0366f06ffc96bdd6dcca04/element - {"using":"css selector","value":"#shell-header-logo"}
RESULT: {"using":"css selector","value":"#shell-header-logo"}
COMMAND: POST /session/3637353f0f0366f06ffc96bdd6dcca04/element/f.FA5AA6ACA71DB73EA77ABAF269C4B101.d.3A95DDAA10A3FEC19CA3CC1E3E638A37.e.12372/click - {}
RESULT: {}
COMMAND: GET /session/3637353f0f0366f06ffc96bdd6dcca04/screenshot - {}
RESULT: {}
]]></system-out>
    </testcase>
  </testsuite>
  <testsuite timestamp="2025-05-02T06:44:03" time="638.874" tests="5" failures="0" errors="0" skipped="0">
    <properties>
      <property name="specId" value="0" />
      <property name="suiteName" value="Provide to Site w/o warehouse management wo clarification" />
      <property name="capabilities" value="chrome.135_0_7049_96.windows" />
      <property name="file" value="file:///D:/a/1/s/test/specs/HTR/provide-to-site-wo-warehouse-wo-clarification.spec.js" />
    </properties>
    <testcase classname="chrome.135_0_7049_96.windows.Provide_to_Site_w/o_warehouse_management_wo_clarification" name="Should do a stock increase handover" time="79.429">
      <system-out><![CDATA[
COMMAND: POST /session/3637353f0f0366f06ffc96bdd6dcca04/execute/async - {"script":"<script> [1562 bytes]","args":[{"selector":{"controlType":"sap.m.GenericTile","properties":{"header":"Manage Handovers"}},"wdio_ui5_key":"sapm.GenericTile{\"header\":\"Manage Handovers\"}"}]}
RESULT: {"script":"<script> [1562 bytes]","args":[{"selector":{"controlType":"sap.m.GenericTile","properties":{"header":"Manage Handovers"}},"wdio_ui5_key":"sapm.GenericTile{\"header\":\"Manage Handovers\"}"}]}
RESULT: undefined
COMMAND: POST /session/3637353f0f0366f06ffc96bdd6dcca04/element - {"using":"xpath","value":"//*[@id=\"__tile133\"]"}
RESULT: {"using":"xpath","value":"//*[@id=\"__tile133\"]"}
COMMAND: POST /session/3637353f0f0366f06ffc96bdd6dcca04/element/f.FA5AA6ACA71DB73EA77ABAF269C4B101.d.3A95DDAA10A3FEC19CA3CC1E3E638A37.e.12857/click - {}
RESULT: {}
COMMAND: GET /session/3637353f0f0366f06ffc96bdd6dcca04/screenshot - {}
RESULT: {}
COMMAND: POST /session/3637353f0f0366f06ffc96bdd6dcca04/element - {"using":"xpath","value":"//button[(@data-kt = 'masterHOAddButton')]"}
RESULT: {"using":"xpath","value":"//button[(@data-kt = 'masterHOAddButton')]"}
COMMAND: POST /session/3637353f0f0366f06ffc96bdd6dcca04/elements - {"using":"xpath","value":"//button[(@data-kt = 'masterHOAddButton')]"}
RESULT: {"using":"xpath","value":"//button[(@data-kt = 'masterHOAddButton')]"}
COMMAND: POST /session/3637353f0f0366f06ffc96bdd6dcca04/elements - {"using":"xpath","value":"//button[(@data-kt = 'masterHOAddButton')]"}
RESULT: {"using":"xpath","value":"//button[(@data-kt = 'masterHOAddButton')]"}
COMMAND: POST /session/3637353f0f0366f06ffc96bdd6dcca04/element - {"using":"xpath","value":"//button[(@data-kt = 'masterHOAddButton')]"}
RESULT: {"using":"xpath","value":"//button[(@data-kt = 'masterHOAddButton')]"}
COMMAND: POST /session/3637353f0f0366f06ffc96bdd6dcca04/element/f.FA5AA6ACA71DB73EA77ABAF269C4B101.d.3A95DDAA10A3FEC19CA3CC1E3E638A37.e.12897/click - {}
RESULT: {}
COMMAND: POST /session/3637353f0f0366f06ffc96bdd6dcca04/element - {"using":"css selector","value":"span[id=\"application-managehandovers-display-component---AddNewHO--typeSelect-label\"]"}
COMMAND: GET /session/3637353f0f0366f06ffc96bdd6dcca04/screenshot - {}
RESULT: {"using":"css selector","value":"span[id=\"application-managehandovers-display-component---AddNewHO--typeSelect-label\"]"}
COMMAND: POST /session/3637353f0f0366f06ffc96bdd6dcca04/elements - {"using":"css selector","value":"span[id=\"application-managehandovers-display-component---AddNewHO--typeSelect-label\"]"}
RESULT: {}
RESULT: {"using":"css selector","value":"span[id=\"application-managehandovers-display-component---AddNewHO--typeSelect-label\"]"}
COMMAND: POST /session/3637353f0f0366f06ffc96bdd6dcca04/element - {"using":"css selector","value":"span[id=\"application-managehandovers-display-component---AddNewHO--typeSelect-label\"]"}
RESULT: {"using":"css selector","value":"span[id=\"application-managehandovers-display-component---AddNewHO--typeSelect-label\"]"}
COMMAND: POST /session/3637353f0f0366f06ffc96bdd6dcca04/element/f.FA5AA6ACA71DB73EA77ABAF269C4B101.d.3A95DDAA10A3FEC19CA3CC1E3E638A37.e.13192/click - {}
RESULT: {}
COMMAND: POST /session/3637353f0f0366f06ffc96bdd6dcca04/element - {"using":"css selector","value":"#application-managehandovers-display-component---AddNewHO--oneStep-CB"}
COMMAND: GET /session/3637353f0f0366f06ffc96bdd6dcca04/screenshot - {}
RESULT: {"using":"css selector","value":"#application-managehandovers-display-component---AddNewHO--oneStep-CB"}
COMMAND: GET /session/3637353f0f0366f06ffc96bdd6dcca04/element/f.FA5AA6ACA71DB73EA77ABAF269C4B101.d.3A95DDAA10A3FEC19CA3CC1E3E638A37.e.13130/selected - {}
RESULT: {}
RESULT: {}
COMMAND: POST /session/3637353f0f0366f06ffc96bdd6dcca04/element - {"using":"xpath","value":"//li[contains(text(), \"stock increase yard\")]"}
COMMAND: GET /session/3637353f0f0366f06ffc96bdd6dcca04/screenshot - {}
RESULT: {"using":"xpath","value":"//li[contains(text(), \"stock increase yard\")]"}
COMMAND: POST /session/3637353f0f0366f06ffc96bdd6dcca04/element/f.FA5AA6ACA71DB73EA77ABAF269C4B101.d.3A95DDAA10A3FEC19CA3CC1E3E638A37.e.13193/click - {}
RESULT: {}
RESULT: {}
COMMAND: GET /session/3637353f0f0366f06ffc96bdd6dcca04/screenshot - {}
RESULT: {}
COMMAND: POST /session/3637353f0f0366f06ffc96bdd6dcca04/element - {"using":"css selector","value":"input[id=\"generalSectionFrg--receiveYard-inner\"]"}
RESULT: {"using":"css selector","value":"input[id=\"generalSectionFrg--receiveYard-inner\"]"}
COMMAND: POST /session/3637353f0f0366f06ffc96bdd6dcca04/element/f.FA5AA6ACA71DB73EA77ABAF269C4B101.d.3A95DDAA10A3FEC19CA3CC1E3E638A37.e.13203/clear - {}
RESULT: {}
COMMAND: POST /session/3637353f0f0366f06ffc96bdd6dcca04/element/f.FA5AA6ACA71DB73EA77ABAF269C4B101.d.3A95DDAA10A3FEC19CA3CC1E3E638A37.e.13203/value - {"text":"498"}
COMMAND: GET /session/3637353f0f0366f06ffc96bdd6dcca04/screenshot - {}
RESULT: {"text":"498"}
COMMAND: GET /session/3637353f0f0366f06ffc96bdd6dcca04/screenshot - {}
RESULT: {}
RESULT: {}
COMMAND: POST /session/3637353f0f0366f06ffc96bdd6dcca04/element - {"using":"css selector","value":"#application-managehandovers-display-component---AddNewHO--dueDate-inner"}
RESULT: {"using":"css selector","value":"#application-managehandovers-display-component---AddNewHO--dueDate-inner"}
COMMAND: POST /session/3637353f0f0366f06ffc96bdd6dcca04/element/f.FA5AA6ACA71DB73EA77ABAF269C4B101.d.3A95DDAA10A3FEC19CA3CC1E3E638A37.e.13197/clear - {}
RESULT: {}
COMMAND: POST /session/3637353f0f0366f06ffc96bdd6dcca04/element/f.FA5AA6ACA71DB73EA77ABAF269C4B101.d.3A95DDAA10A3FEC19CA3CC1E3E638A37.e.13197/value - {"text":"5/2/25"}
COMMAND: GET /session/3637353f0f0366f06ffc96bdd6dcca04/screenshot - {}
RESULT: {"text":"5/2/25"}
COMMAND: GET /session/3637353f0f0366f06ffc96bdd6dcca04/screenshot - {}
RESULT: {}
RESULT: {}
COMMAND: POST /session/3637353f0f0366f06ffc96bdd6dcca04/element - {"using":"xpath","value":"//bdi[(text() = 'Items' or . = 'Items')]"}
RESULT: {"using":"xpath","value":"//bdi[(text() = 'Items' or . = 'Items')]"}
COMMAND: POST /session/3637353f0f0366f06ffc96bdd6dcca04/element/f.FA5AA6ACA71DB73EA77ABAF269C4B101.d.3A95DDAA10A3FEC19CA3CC1E3E638A37.e.13218/click - {}
RESULT: {}
COMMAND: GET /session/3637353f0f0366f06ffc96bdd6dcca04/screenshot - {}
RESULT: {}
COMMAND: POST /session/3637353f0f0366f06ffc96bdd6dcca04/element - {"using":"xpath","value":"//button[@aria-label=\"Add\"]"}
RESULT: {"using":"xpath","value":"//button[@aria-label=\"Add\"]"}
COMMAND: POST /session/3637353f0f0366f06ffc96bdd6dcca04/element/f.FA5AA6ACA71DB73EA77ABAF269C4B101.d.3A95DDAA10A3FEC19CA3CC1E3E638A37.e.13223/click - {}
RESULT: {}
COMMAND: GET /session/3637353f0f0366f06ffc96bdd6dcca04/screenshot - {}
RESULT: {}
COMMAND: POST /session/3637353f0f0366f06ffc96bdd6dcca04/element - {"using":"css selector","value":"input[id= \"application-managehandovers-display-component---AddNewHO--smartFilterBar-btnBasicSearch-I\"]"}
RESULT: {"using":"css selector","value":"input[id= \"application-managehandovers-display-component---AddNewHO--smartFilterBar-btnBasicSearch-I\"]"}
COMMAND: POST /session/3637353f0f0366f06ffc96bdd6dcca04/element/f.FA5AA6ACA71DB73EA77ABAF269C4B101.d.3A95DDAA10A3FEC19CA3CC1E3E638A37.e.13227/clear - {}
RESULT: {}
COMMAND: POST /session/3637353f0f0366f06ffc96bdd6dcca04/element/f.FA5AA6ACA71DB73EA77ABAF269C4B101.d.3A95DDAA10A3FEC19CA3CC1E3E638A37.e.13227/value - {"text":"200269"}
COMMAND: GET /session/3637353f0f0366f06ffc96bdd6dcca04/screenshot - {}
RESULT: {"text":"200269"}
COMMAND: POST /session/3637353f0f0366f06ffc96bdd6dcca04/actions - {"actions":[{"id":"action49","type":"key","parameters":{},"actions":[{"type":"keyDown","value":"î€‡"},{"type":"pause","duration":10},{"type":"keyUp","value":"î€‡"}]}]}
COMMAND: GET /session/3637353f0f0366f06ffc96bdd6dcca04/screenshot - {}
RESULT: {}
RESULT: {"actions":[{"id":"action49","type":"key","parameters":{},"actions":[{"type":"keyDown","value":"î€‡"},{"type":"pause","duration":10},{"type":"keyUp","value":"î€‡"}]}]}
COMMAND: POST /session/3637353f0f0366f06ffc96bdd6dcca04/element - {"using":"css selector","value":"div[id= \"application-managehandovers-display-component---AddNewHO--smartFilterBar-btnBasicSearch-search\"]"}
COMMAND: GET /session/3637353f0f0366f06ffc96bdd6dcca04/screenshot - {}
RESULT: {}
RESULT: {"using":"css selector","value":"div[id= \"application-managehandovers-display-component---AddNewHO--smartFilterBar-btnBasicSearch-search\"]"}
COMMAND: POST /session/3637353f0f0366f06ffc96bdd6dcca04/element/f.FA5AA6ACA71DB73EA77ABAF269C4B101.d.3A95DDAA10A3FEC19CA3CC1E3E638A37.e.13373/click - {}
RESULT: {}
RESULT: {}
COMMAND: GET /session/3637353f0f0366f06ffc96bdd6dcca04/screenshot - {}
RESULT: {}
COMMAND: POST /session/3637353f0f0366f06ffc96bdd6dcca04/element - {"using":"css selector","value":"div[id= \"application-managehandovers-display-component---AddNewHO--popup-sa-CbBg\"]"}
RESULT: {"using":"css selector","value":"div[id= \"application-managehandovers-display-component---AddNewHO--popup-sa-CbBg\"]"}
COMMAND: POST /session/3637353f0f0366f06ffc96bdd6dcca04/element/f.FA5AA6ACA71DB73EA77ABAF269C4B101.d.3A95DDAA10A3FEC19CA3CC1E3E638A37.e.13374/click - {}
RESULT: {}
COMMAND: POST /session/3637353f0f0366f06ffc96bdd6dcca04/element - {"using":"xpath","value":"//bdi[(text() = 'Select' or . = 'Select')]"}
COMMAND: GET /session/3637353f0f0366f06ffc96bdd6dcca04/screenshot - {}
RESULT: {"using":"xpath","value":"//bdi[(text() = 'Select' or . = 'Select')]"}
COMMAND: POST /session/3637353f0f0366f06ffc96bdd6dcca04/element/f.FA5AA6ACA71DB73EA77ABAF269C4B101.d.3A95DDAA10A3FEC19CA3CC1E3E638A37.e.13375/click - {}
RESULT: {}
RESULT: {}
COMMAND: GET /session/3637353f0f0366f06ffc96bdd6dcca04/screenshot - {}
RESULT: {}
COMMAND: POST /session/3637353f0f0366f06ffc96bdd6dcca04/element - {"using":"xpath","value":"//bdi[(text() = 'Save' or . = 'Save')]"}
RESULT: {"using":"xpath","value":"//bdi[(text() = 'Save' or . = 'Save')]"}
COMMAND: POST /session/3637353f0f0366f06ffc96bdd6dcca04/element/f.FA5AA6ACA71DB73EA77ABAF269C4B101.d.3A95DDAA10A3FEC19CA3CC1E3E638A37.e.13379/click - {}
RESULT: {}
COMMAND: GET /session/3637353f0f0366f06ffc96bdd6dcca04/screenshot - {}
COMMAND: POST /session/3637353f0f0366f06ffc96bdd6dcca04/element - {"using":"xpath","value":"//input[contains(@id ,\"receiptDatePicker-inner\")]"}
RESULT: {}
RESULT: {"using":"xpath","value":"//input[contains(@id ,\"receiptDatePicker-inner\")]"}
COMMAND: POST /session/3637353f0f0366f06ffc96bdd6dcca04/element/f.FA5AA6ACA71DB73EA77ABAF269C4B101.d.3A95DDAA10A3FEC19CA3CC1E3E638A37.e.13407/click - {}
RESULT: {}
COMMAND: POST /session/3637353f0f0366f06ffc96bdd6dcca04/element - {"using":"xpath","value":"//input[contains(@id ,\"receiptDatePicker-inner\")]"}
COMMAND: GET /session/3637353f0f0366f06ffc96bdd6dcca04/screenshot - {}
RESULT: {"using":"xpath","value":"//input[contains(@id ,\"receiptDatePicker-inner\")]"}
COMMAND: POST /session/3637353f0f0366f06ffc96bdd6dcca04/element/f.FA5AA6ACA71DB73EA77ABAF269C4B101.d.3A95DDAA10A3FEC19CA3CC1E3E638A37.e.13407/clear - {}
RESULT: {}
RESULT: {}
COMMAND: POST /session/3637353f0f0366f06ffc96bdd6dcca04/element/f.FA5AA6ACA71DB73EA77ABAF269C4B101.d.3A95DDAA10A3FEC19CA3CC1E3E638A37.e.13407/value - {"text":"5/2/25"}
COMMAND: GET /session/3637353f0f0366f06ffc96bdd6dcca04/screenshot - {}
RESULT: {"text":"5/2/25"}
COMMAND: GET /session/3637353f0f0366f06ffc96bdd6dcca04/screenshot - {}
RESULT: {}
RESULT: {}
COMMAND: POST /session/3637353f0f0366f06ffc96bdd6dcca04/execute/async - {"script":"<script> [1562 bytes]","args":[{"selector":{"id":"administrationTabFilter","viewName":"etm.portal.ui.managehandovers.view.DetailExecuteHO","interaction":{"idSuffix":"text"}},"wdio_ui5_key":"administrationTabFilteretmportal.ui.managehandovers.view.DetailExecuteHO"}]}
RESULT: {"script":"<script> [1562 bytes]","args":[{"selector":{"id":"administrationTabFilter","viewName":"etm.portal.ui.managehandovers.view.DetailExecuteHO","interaction":{"idSuffix":"text"}},"wdio_ui5_key":"administrationTabFilteretmportal.ui.managehandovers.view.DetailExecuteHO"}]}
RESULT: undefined
COMMAND: POST /session/3637353f0f0366f06ffc96bdd6dcca04/element - {"using":"xpath","value":"//*[@id=\"__xmlview59--administrationTabFilter\"]"}
RESULT: {"using":"xpath","value":"//*[@id=\"__xmlview59--administrationTabFilter\"]"}
COMMAND: POST /session/3637353f0f0366f06ffc96bdd6dcca04/element/f.FA5AA6ACA71DB73EA77ABAF269C4B101.d.3A95DDAA10A3FEC19CA3CC1E3E638A37.e.13423/click - {}
RESULT: {}
RESULT: undefined
COMMAND: POST /session/3637353f0f0366f06ffc96bdd6dcca04/element - {"using":"xpath","value":"//*[@id=\"__xmlview59--administrationTabFilter\"]"}
COMMAND: GET /session/3637353f0f0366f06ffc96bdd6dcca04/screenshot - {}
RESULT: {"using":"xpath","value":"//*[@id=\"__xmlview59--administrationTabFilter\"]"}
COMMAND: POST /session/3637353f0f0366f06ffc96bdd6dcca04/element/f.FA5AA6ACA71DB73EA77ABAF269C4B101.d.3A95DDAA10A3FEC19CA3CC1E3E638A37.e.13423/click - {}
RESULT: {}
RESULT: {}
COMMAND: GET /session/3637353f0f0366f06ffc96bdd6dcca04/screenshot - {}
RESULT: {}
COMMAND: POST /session/3637353f0f0366f06ffc96bdd6dcca04/element - {"using":"xpath","value":"//bdi[(text() = 'Confirm' or . = 'Confirm')]"}
RESULT: {"using":"xpath","value":"//bdi[(text() = 'Confirm' or . = 'Confirm')]"}
COMMAND: POST /session/3637353f0f0366f06ffc96bdd6dcca04/element/f.FA5AA6ACA71DB73EA77ABAF269C4B101.d.3A95DDAA10A3FEC19CA3CC1E3E638A37.e.13431/click - {}
RESULT: {}
COMMAND: GET /session/3637353f0f0366f06ffc96bdd6dcca04/screenshot - {}
RESULT: {}
COMMAND: POST /session/3637353f0f0366f06ffc96bdd6dcca04/execute/async - {"script":"<script> [1562 bytes]","args":[{"selector":{"id":"confirmationButton","viewName":"etm.portal.ui.managehandovers.view.DetailExecuteHO","interaction":{"idSuffix":"BDI-content"}},"wdio_ui5_key":"confirmationButtonetmportal.ui.managehandovers.view.DetailExecuteHO"}]}
RESULT: {"script":"<script> [1562 bytes]","args":[{"selector":{"id":"confirmationButton","viewName":"etm.portal.ui.managehandovers.view.DetailExecuteHO","interaction":{"idSuffix":"BDI-content"}},"wdio_ui5_key":"confirmationButtonetmportal.ui.managehandovers.view.DetailExecuteHO"}]}
RESULT: undefined
COMMAND: POST /session/3637353f0f0366f06ffc96bdd6dcca04/element - {"using":"xpath","value":"(//bdi[text()='Receive'])[2]"}
RESULT: {"using":"xpath","value":"(//bdi[text()='Receive'])[2]"}
COMMAND: GET /session/3637353f0f0366f06ffc96bdd6dcca04/element/f.FA5AA6ACA71DB73EA77ABAF269C4B101.d.3A95DDAA10A3FEC19CA3CC1E3E638A37.e.13435/enabled - {}
RESULT: {}
COMMAND: POST /session/3637353f0f0366f06ffc96bdd6dcca04/execute/sync - {"script":"<script> [8489 bytes]","args":[{"element-6066-11e4-a52e-4f735466cecf":"f.FA5AA6ACA71DB73EA77ABAF269C4B101.d.3A95DDAA10A3FEC19CA3CC1E3E638A37.e.13435","ELEMENT":"f.FA5AA6ACA71DB73EA77ABAF269C4B101.d.3A95DDAA10A3FEC19CA3CC1E3E638A37.e.13435"}]}
COMMAND: GET /session/3637353f0f0366f06ffc96bdd6dcca04/screenshot - {}
RESULT: {"script":"<script> [8489 bytes]","args":[{"element-6066-11e4-a52e-4f735466cecf":"f.FA5AA6ACA71DB73EA77ABAF269C4B101.d.3A95DDAA10A3FEC19CA3CC1E3E638A37.e.13435","ELEMENT":"f.FA5AA6ACA71DB73EA77ABAF269C4B101.d.3A95DDAA10A3FEC19CA3CC1E3E638A37.e.13435"}]}
COMMAND: POST /session/3637353f0f0366f06ffc96bdd6dcca04/execute/sync - {"script":"<script> [5351 bytes]","args":[{"element-6066-11e4-a52e-4f735466cecf":"f.FA5AA6ACA71DB73EA77ABAF269C4B101.d.3A95DDAA10A3FEC19CA3CC1E3E638A37.e.13435","ELEMENT":"f.FA5AA6ACA71DB73EA77ABAF269C4B101.d.3A95DDAA10A3FEC19CA3CC1E3E638A37.e.13435"}]}
COMMAND: GET /session/3637353f0f0366f06ffc96bdd6dcca04/screenshot - {}
RESULT: {}
RESULT: {"script":"<script> [5351 bytes]","args":[{"element-6066-11e4-a52e-4f735466cecf":"f.FA5AA6ACA71DB73EA77ABAF269C4B101.d.3A95DDAA10A3FEC19CA3CC1E3E638A37.e.13435","ELEMENT":"f.FA5AA6ACA71DB73EA77ABAF269C4B101.d.3A95DDAA10A3FEC19CA3CC1E3E638A37.e.13435"}]}
COMMAND: POST /session/3637353f0f0366f06ffc96bdd6dcca04/element/f.FA5AA6ACA71DB73EA77ABAF269C4B101.d.3A95DDAA10A3FEC19CA3CC1E3E638A37.e.13435/click - {}
COMMAND: GET /session/3637353f0f0366f06ffc96bdd6dcca04/screenshot - {}
RESULT: {}
RESULT: {}
COMMAND: GET /session/3637353f0f0366f06ffc96bdd6dcca04/screenshot - {}
RESULT: {}
RESULT: {}
COMMAND: POST /session/3637353f0f0366f06ffc96bdd6dcca04/element - {"using":"css selector","value":"#shell-header-logo"}
RESULT: {"using":"css selector","value":"#shell-header-logo"}
COMMAND: POST /session/3637353f0f0366f06ffc96bdd6dcca04/element/f.FA5AA6ACA71DB73EA77ABAF269C4B101.d.3A95DDAA10A3FEC19CA3CC1E3E638A37.e.12859/click - {}
RESULT: {}
COMMAND: GET /session/3637353f0f0366f06ffc96bdd6dcca04/screenshot - {}
RESULT: {}
]]></system-out>
    </testcase>
    <testcase classname="chrome.135_0_7049_96.windows.Provide_to_Site_w/o_warehouse_management_wo_clarification" name="Should create a new contract" time="59.319">
      <system-out><![CDATA[
COMMAND: POST /session/3637353f0f0366f06ffc96bdd6dcca04/execute/async - {"script":"<script> [1562 bytes]","args":[{"selector":{"controlType":"sap.m.GenericTile","properties":{"header":"Manage Contracts"}},"wdio_ui5_key":"sapm.GenericTile{\"header\":\"Manage Contracts\"}"}]}
RESULT: {"script":"<script> [1562 bytes]","args":[{"selector":{"controlType":"sap.m.GenericTile","properties":{"header":"Manage Contracts"}},"wdio_ui5_key":"sapm.GenericTile{\"header\":\"Manage Contracts\"}"}]}
RESULT: undefined
COMMAND: POST /session/3637353f0f0366f06ffc96bdd6dcca04/element - {"using":"xpath","value":"//*[@id=\"__tile130\"]"}
RESULT: {"using":"xpath","value":"//*[@id=\"__tile130\"]"}
COMMAND: POST /session/3637353f0f0366f06ffc96bdd6dcca04/element/f.FA5AA6ACA71DB73EA77ABAF269C4B101.d.3A95DDAA10A3FEC19CA3CC1E3E638A37.e.13588/click - {}
RESULT: {}
COMMAND: GET /session/3637353f0f0366f06ffc96bdd6dcca04/screenshot - {}
RESULT: {}
COMMAND: POST /session/3637353f0f0366f06ffc96bdd6dcca04/execute/async - {"script":"<script> [1562 bytes]","args":[{"selector":{"controlType":"sap.ui.core.Icon","viewName":"etm.portal.ui.managecontracts.view.Master","properties":{"src":{"regex":{"source":"add"}}}},"wdio_ui5_key":"etmportal.ui.managecontracts.view.Mastersap.ui.core.Icon{\"src\":{\"regex\":{\"source\":\"add\"}}}"}]}
RESULT: {"script":"<script> [1562 bytes]","args":[{"selector":{"controlType":"sap.ui.core.Icon","viewName":"etm.portal.ui.managecontracts.view.Master","properties":{"src":{"regex":{"source":"add"}}}},"wdio_ui5_key":"etmportal.ui.managecontracts.view.Mastersap.ui.core.Icon{\"src\":{\"regex\":{\"source\":\"add\"}}}"}]}
RESULT: undefined
COMMAND: POST /session/3637353f0f0366f06ffc96bdd6dcca04/element - {"using":"xpath","value":"//*[@id=\"__button298-img\"]"}
RESULT: {"using":"xpath","value":"//*[@id=\"__button298-img\"]"}
COMMAND: POST /session/3637353f0f0366f06ffc96bdd6dcca04/element/f.FA5AA6ACA71DB73EA77ABAF269C4B101.d.3A95DDAA10A3FEC19CA3CC1E3E638A37.e.13677/click - {}
RESULT: {}
COMMAND: POST /session/3637353f0f0366f06ffc96bdd6dcca04/execute/async - {"script":"<script> [1562 bytes]","args":[{"selector":{"id":"application-managecontracts-display-component---AddNewContract--projectDescription","interaction":{"idSuffix":"inner"}},"wdio_ui5_key":"applicationmanagecontracts-display-component---AddNewContract--projectDescription"}]}
COMMAND: GET /session/3637353f0f0366f06ffc96bdd6dcca04/screenshot - {}
RESULT: {"script":"<script> [1562 bytes]","args":[{"selector":{"id":"application-managecontracts-display-component---AddNewContract--projectDescription","interaction":{"idSuffix":"inner"}},"wdio_ui5_key":"applicationmanagecontracts-display-component---AddNewContract--projectDescription"}]}
RESULT: undefined
COMMAND: POST /session/3637353f0f0366f06ffc96bdd6dcca04/execute/async - {"script":"<script> [776 bytes]","args":[{"enterText":"wdi5 contract for billing","selector":{"id":"application-managecontracts-display-component---AddNewContract--projectDescription","interaction":{"idSuffix":"inner"}},"clearTextFirst":true,"interactionType":"ENTER_TEXT"}]}
RESULT: {}
RESULT: {"script":"<script> [776 bytes]","args":[{"enterText":"wdi5 contract for billing","selector":{"id":"application-managecontracts-display-component---AddNewContract--projectDescription","interaction":{"idSuffix":"inner"}},"clearTextFirst":true,"interactionType":"ENTER_TEXT"}]}
COMMAND: POST /session/3637353f0f0366f06ffc96bdd6dcca04/element - {"using":"xpath","value":"//input[@id=\"application-managecontracts-display-component---AddNewContract--customerSelect-inner\"]"}
RESULT: {"using":"xpath","value":"//input[@id=\"application-managecontracts-display-component---AddNewContract--customerSelect-inner\"]"}
COMMAND: POST /session/3637353f0f0366f06ffc96bdd6dcca04/element/f.FA5AA6ACA71DB73EA77ABAF269C4B101.d.3A95DDAA10A3FEC19CA3CC1E3E638A37.e.13907/clear - {}
RESULT: {}
COMMAND: POST /session/3637353f0f0366f06ffc96bdd6dcca04/element/f.FA5AA6ACA71DB73EA77ABAF269C4B101.d.3A95DDAA10A3FEC19CA3CC1E3E638A37.e.13907/value - {"text":"1372"}
COMMAND: GET /session/3637353f0f0366f06ffc96bdd6dcca04/screenshot - {}
RESULT: {"text":"1372"}
COMMAND: GET /session/3637353f0f0366f06ffc96bdd6dcca04/screenshot - {}
RESULT: {}
RESULT: {}
COMMAND: POST /session/3637353f0f0366f06ffc96bdd6dcca04/actions - {"actions":[{"id":"action50","type":"key","parameters":{},"actions":[{"type":"keyDown","value":"î€‡"},{"type":"pause","duration":10},{"type":"keyUp","value":"î€‡"}]}]}
RESULT: {"actions":[{"id":"action50","type":"key","parameters":{},"actions":[{"type":"keyDown","value":"î€‡"},{"type":"pause","duration":10},{"type":"keyUp","value":"î€‡"}]}]}
COMMAND: POST /session/3637353f0f0366f06ffc96bdd6dcca04/element - {"using":"xpath","value":"//input[@id=\"application-managecontracts-display-component---AddNewContract--site-inner\"]"}
COMMAND: GET /session/3637353f0f0366f06ffc96bdd6dcca04/screenshot - {}
RESULT: {"using":"xpath","value":"//input[@id=\"application-managecontracts-display-component---AddNewContract--site-inner\"]"}
COMMAND: POST /session/3637353f0f0366f06ffc96bdd6dcca04/element/f.FA5AA6ACA71DB73EA77ABAF269C4B101.d.3A95DDAA10A3FEC19CA3CC1E3E638A37.e.13908/clear - {}
RESULT: {}
RESULT: {}
COMMAND: POST /session/3637353f0f0366f06ffc96bdd6dcca04/element/f.FA5AA6ACA71DB73EA77ABAF269C4B101.d.3A95DDAA10A3FEC19CA3CC1E3E638A37.e.13908/value - {"text":"2333"}
COMMAND: GET /session/3637353f0f0366f06ffc96bdd6dcca04/screenshot - {}
RESULT: {"text":"2333"}
COMMAND: GET /session/3637353f0f0366f06ffc96bdd6dcca04/screenshot - {}
RESULT: {}
RESULT: {}
COMMAND: POST /session/3637353f0f0366f06ffc96bdd6dcca04/actions - {"actions":[{"id":"action51","type":"key","parameters":{},"actions":[{"type":"keyDown","value":"î€‡"},{"type":"pause","duration":10},{"type":"keyUp","value":"î€‡"}]}]}
RESULT: {"actions":[{"id":"action51","type":"key","parameters":{},"actions":[{"type":"keyDown","value":"î€‡"},{"type":"pause","duration":10},{"type":"keyUp","value":"î€‡"}]}]}
COMMAND: POST /session/3637353f0f0366f06ffc96bdd6dcca04/execute/async - {"script":"<script> [1562 bytes]","args":[{"selector":{"id":"application-managecontracts-display-component---AddNewContract--calendarInput","interaction":{"idSuffix":"inner"}},"wdio_ui5_key":"applicationmanagecontracts-display-component---AddNewContract--calendarInput"}]}
COMMAND: GET /session/3637353f0f0366f06ffc96bdd6dcca04/screenshot - {}
RESULT: {"script":"<script> [1562 bytes]","args":[{"selector":{"id":"application-managecontracts-display-component---AddNewContract--calendarInput","interaction":{"idSuffix":"inner"}},"wdio_ui5_key":"applicationmanagecontracts-display-component---AddNewContract--calendarInput"}]}
RESULT: undefined
COMMAND: POST /session/3637353f0f0366f06ffc96bdd6dcca04/execute/async - {"script":"<script> [776 bytes]","args":[{"enterText":"1 - Calendar unit test patch","selector":{"id":"application-managecontracts-display-component---AddNewContract--calendarInput","interaction":{"idSuffix":"inner"}},"clearTextFirst":true,"interactionType":"ENTER_TEXT"}]}
RESULT: {}
RESULT: {"script":"<script> [776 bytes]","args":[{"enterText":"1 - Calendar unit test patch","selector":{"id":"application-managecontracts-display-component---AddNewContract--calendarInput","interaction":{"idSuffix":"inner"}},"clearTextFirst":true,"interactionType":"ENTER_TEXT"}]}
COMMAND: POST /session/3637353f0f0366f06ffc96bdd6dcca04/actions - {"actions":[{"id":"action52","type":"key","parameters":{},"actions":[{"type":"keyDown","value":"î€‡"},{"type":"pause","duration":10},{"type":"keyUp","value":"î€‡"}]}]}
RESULT: {"actions":[{"id":"action52","type":"key","parameters":{},"actions":[{"type":"keyDown","value":"î€‡"},{"type":"pause","duration":10},{"type":"keyUp","value":"î€‡"}]}]}
COMMAND: POST /session/3637353f0f0366f06ffc96bdd6dcca04/execute/async - {"script":"<script> [1562 bytes]","args":[{"selector":{"id":"application-managecontracts-display-component---AddNewContract--languageCB","interaction":{"idSuffix":"inner"}},"wdio_ui5_key":"applicationmanagecontracts-display-component---AddNewContract--languageCB"}]}
COMMAND: GET /session/3637353f0f0366f06ffc96bdd6dcca04/screenshot - {}
RESULT: {"script":"<script> [1562 bytes]","args":[{"selector":{"id":"application-managecontracts-display-component---AddNewContract--languageCB","interaction":{"idSuffix":"inner"}},"wdio_ui5_key":"applicationmanagecontracts-display-component---AddNewContract--languageCB"}]}
RESULT: undefined
COMMAND: POST /session/3637353f0f0366f06ffc96bdd6dcca04/execute/async - {"script":"<script> [776 bytes]","args":[{"enterText":"EN - English","selector":{"id":"application-managecontracts-display-component---AddNewContract--languageCB","interaction":{"idSuffix":"inner"}},"clearTextFirst":true,"interactionType":"ENTER_TEXT"}]}
RESULT: {}
RESULT: {"script":"<script> [776 bytes]","args":[{"enterText":"EN - English","selector":{"id":"application-managecontracts-display-component---AddNewContract--languageCB","interaction":{"idSuffix":"inner"}},"clearTextFirst":true,"interactionType":"ENTER_TEXT"}]}
COMMAND: POST /session/3637353f0f0366f06ffc96bdd6dcca04/actions - {"actions":[{"id":"action53","type":"key","parameters":{},"actions":[{"type":"keyDown","value":"î€‡"},{"type":"pause","duration":10},{"type":"keyUp","value":"î€‡"}]}]}
RESULT: {"actions":[{"id":"action53","type":"key","parameters":{},"actions":[{"type":"keyDown","value":"î€‡"},{"type":"pause","duration":10},{"type":"keyUp","value":"î€‡"}]}]}
COMMAND: POST /session/3637353f0f0366f06ffc96bdd6dcca04/execute/async - {"script":"<script> [1562 bytes]","args":[{"selector":{"id":"application-managecontracts-display-component---AddNewContract--saveBtn","interaction":{"idSuffix":"BDI-content"}},"wdio_ui5_key":"applicationmanagecontracts-display-component---AddNewContract--saveBtn"}]}
COMMAND: GET /session/3637353f0f0366f06ffc96bdd6dcca04/screenshot - {}
RESULT: {"script":"<script> [1562 bytes]","args":[{"selector":{"id":"application-managecontracts-display-component---AddNewContract--saveBtn","interaction":{"idSuffix":"BDI-content"}},"wdio_ui5_key":"applicationmanagecontracts-display-component---AddNewContract--saveBtn"}]}
RESULT: undefined
COMMAND: POST /session/3637353f0f0366f06ffc96bdd6dcca04/element - {"using":"xpath","value":"//*[@id=\"application-managecontracts-display-component---AddNewContract--saveBtn\"]"}
RESULT: {}
RESULT: {"using":"xpath","value":"//*[@id=\"application-managecontracts-display-component---AddNewContract--saveBtn\"]"}
COMMAND: POST /session/3637353f0f0366f06ffc96bdd6dcca04/element/f.FA5AA6ACA71DB73EA77ABAF269C4B101.d.3A95DDAA10A3FEC19CA3CC1E3E638A37.e.13925/click - {}
RESULT: {}
COMMAND: GET /session/3637353f0f0366f06ffc96bdd6dcca04/screenshot - {}
RESULT: {}
COMMAND: POST /session/3637353f0f0366f06ffc96bdd6dcca04/execute/async - {"script":"<script> [1562 bytes]","args":[{"selector":{"id":"contractDetailTitleNoExpanded","viewName":"etm.portal.ui.managecontracts.view.Detail"},"wdio_ui5_key":"contractDetailTitleNoExpandedetmportal.ui.managecontracts.view.Detail"}]}
RESULT: {"script":"<script> [1562 bytes]","args":[{"selector":{"id":"contractDetailTitleNoExpanded","viewName":"etm.portal.ui.managecontracts.view.Detail"},"wdio_ui5_key":"contractDetailTitleNoExpandedetmportal.ui.managecontracts.view.Detail"}]}
RESULT: undefined
COMMAND: POST /session/3637353f0f0366f06ffc96bdd6dcca04/execute/async - {"script":"<script> [6424 bytes]","args":[{"element-6066-11e4-a52e-4f735466cecf":"f.FA5AA6ACA71DB73EA77ABAF269C4B101.d.3A95DDAA10A3FEC19CA3CC1E3E638A37.e.14010"},"getText",[]]}
RESULT: {"script":"<script> [6424 bytes]","args":[{"element-6066-11e4-a52e-4f735466cecf":"f.FA5AA6ACA71DB73EA77ABAF269C4B101.d.3A95DDAA10A3FEC19CA3CC1E3E638A37.e.14010"},"getText",[]]}
]]></system-out>
    </testcase>
    <testcase classname="chrome.135_0_7049_96.windows.Provide_to_Site_w/o_warehouse_management_wo_clarification" name="Should add resource to the contract" time="64.518">
      <system-out><![CDATA[
COMMAND: POST /session/3637353f0f0366f06ffc96bdd6dcca04/execute/async - {"script":"<script> [1562 bytes]","args":[{"selector":{"id":"contractDetailEditBtn","viewName":"etm.portal.ui.managecontracts.view.Detail","interaction":{"idSuffix":"BDI-content"}},"wdio_ui5_key":"contractDetailEditBtnetmportal.ui.managecontracts.view.Detail"}]}
RESULT: {"script":"<script> [1562 bytes]","args":[{"selector":{"id":"contractDetailEditBtn","viewName":"etm.portal.ui.managecontracts.view.Detail","interaction":{"idSuffix":"BDI-content"}},"wdio_ui5_key":"contractDetailEditBtnetmportal.ui.managecontracts.view.Detail"}]}
RESULT: undefined
COMMAND: POST /session/3637353f0f0366f06ffc96bdd6dcca04/element - {"using":"xpath","value":"//*[@id=\"__xmlview61--contractDetailEditBtn\"]"}
RESULT: {"using":"xpath","value":"//*[@id=\"__xmlview61--contractDetailEditBtn\"]"}
COMMAND: POST /session/3637353f0f0366f06ffc96bdd6dcca04/element/f.FA5AA6ACA71DB73EA77ABAF269C4B101.d.3A95DDAA10A3FEC19CA3CC1E3E638A37.e.14012/click - {}
RESULT: {}
COMMAND: GET /session/3637353f0f0366f06ffc96bdd6dcca04/screenshot - {}
RESULT: {}
COMMAND: POST /session/3637353f0f0366f06ffc96bdd6dcca04/execute/async - {"script":"<script> [1562 bytes]","args":[{"selector":{"id":"additionalAddressesTabFilter","viewName":"etm.portal.ui.managecontracts.view.EditContract","interaction":{"idSuffix":"text"}},"wdio_ui5_key":"additionalAddressesTabFilteretmportal.ui.managecontracts.view.EditContract"}]}
RESULT: {"script":"<script> [1562 bytes]","args":[{"selector":{"id":"additionalAddressesTabFilter","viewName":"etm.portal.ui.managecontracts.view.EditContract","interaction":{"idSuffix":"text"}},"wdio_ui5_key":"additionalAddressesTabFilteretmportal.ui.managecontracts.view.EditContract"}]}
RESULT: undefined
COMMAND: POST /session/3637353f0f0366f06ffc96bdd6dcca04/element - {"using":"xpath","value":"//*[@id=\"__xmlview62--additionalAddressesTabFilter\"]"}
RESULT: {"using":"xpath","value":"//*[@id=\"__xmlview62--additionalAddressesTabFilter\"]"}
COMMAND: POST /session/3637353f0f0366f06ffc96bdd6dcca04/element/f.FA5AA6ACA71DB73EA77ABAF269C4B101.d.3A95DDAA10A3FEC19CA3CC1E3E638A37.e.14072/click - {}
RESULT: {}
RESULT: undefined
COMMAND: POST /session/3637353f0f0366f06ffc96bdd6dcca04/element - {"using":"xpath","value":"//*[@id=\"__xmlview62--additionalAddressesTabFilter\"]"}
COMMAND: GET /session/3637353f0f0366f06ffc96bdd6dcca04/screenshot - {}
RESULT: {"using":"xpath","value":"//*[@id=\"__xmlview62--additionalAddressesTabFilter\"]"}
COMMAND: POST /session/3637353f0f0366f06ffc96bdd6dcca04/element/f.FA5AA6ACA71DB73EA77ABAF269C4B101.d.3A95DDAA10A3FEC19CA3CC1E3E638A37.e.14072/click - {}
RESULT: {}
RESULT: {}
COMMAND: POST /session/3637353f0f0366f06ffc96bdd6dcca04/execute/async - {"script":"<script> [1562 bytes]","args":[{"selector":{"controlType":"sap.ui.core.Icon","viewName":"etm.portal.ui.managecontracts.view.EditContract","properties":{"src":{"regex":{"source":"add"}}}},"wdio_ui5_key":"etmportal.ui.managecontracts.view.EditContractsap.ui.core.Icon{\"src\":{\"regex\":{\"source\":\"add\"}}}"}]}
COMMAND: GET /session/3637353f0f0366f06ffc96bdd6dcca04/screenshot - {}
RESULT: {"script":"<script> [1562 bytes]","args":[{"selector":{"controlType":"sap.ui.core.Icon","viewName":"etm.portal.ui.managecontracts.view.EditContract","properties":{"src":{"regex":{"source":"add"}}}},"wdio_ui5_key":"etmportal.ui.managecontracts.view.EditContractsap.ui.core.Icon{\"src\":{\"regex\":{\"source\":\"add\"}}}"}]}
RESULT: undefined
COMMAND: POST /session/3637353f0f0366f06ffc96bdd6dcca04/element - {"using":"xpath","value":"//*[@id=\"__xmlview62--btnAddTableRow-img\"]"}
RESULT: {}
RESULT: {"using":"xpath","value":"//*[@id=\"__xmlview62--btnAddTableRow-img\"]"}
COMMAND: POST /session/3637353f0f0366f06ffc96bdd6dcca04/element/f.FA5AA6ACA71DB73EA77ABAF269C4B101.d.3A95DDAA10A3FEC19CA3CC1E3E638A37.e.14075/click - {}
RESULT: {}
COMMAND: POST /session/3637353f0f0366f06ffc96bdd6dcca04/element - {"using":"xpath","value":"//div[(text() = 'Standard Entry' or . = 'Standard Entry')]"}
COMMAND: GET /session/3637353f0f0366f06ffc96bdd6dcca04/screenshot - {}
RESULT: {"using":"xpath","value":"//div[(text() = 'Standard Entry' or . = 'Standard Entry')]"}
COMMAND: POST /session/3637353f0f0366f06ffc96bdd6dcca04/element/f.FA5AA6ACA71DB73EA77ABAF269C4B101.d.3A95DDAA10A3FEC19CA3CC1E3E638A37.e.14077/click - {}
RESULT: {}
RESULT: {}
COMMAND: POST /session/3637353f0f0366f06ffc96bdd6dcca04/execute/async - {"script":"<script> [1562 bytes]","args":[{"selector":{"controlType":"sap.ui.core.Icon","viewName":"etm.portal.ui.managecontracts.view.EditContract","properties":{"src":{"regex":{"source":"inspect"}}}},"wdio_ui5_key":"etmportal.ui.managecontracts.view.EditContractsap.ui.core.Icon{\"src\":{\"regex\":{\"source\":\"inspect\"}}}"}]}
COMMAND: GET /session/3637353f0f0366f06ffc96bdd6dcca04/screenshot - {}
RESULT: {"script":"<script> [1562 bytes]","args":[{"selector":{"controlType":"sap.ui.core.Icon","viewName":"etm.portal.ui.managecontracts.view.EditContract","properties":{"src":{"regex":{"source":"inspect"}}}},"wdio_ui5_key":"etmportal.ui.managecontracts.view.EditContractsap.ui.core.Icon{\"src\":{\"regex\":{\"source\":\"inspect\"}}}"}]}
RESULT: undefined
COMMAND: POST /session/3637353f0f0366f06ffc96bdd6dcca04/element - {"using":"xpath","value":"//*[@id=\"__button324-img\"]"}
RESULT: {}
RESULT: {"using":"xpath","value":"//*[@id=\"__button324-img\"]"}
COMMAND: POST /session/3637353f0f0366f06ffc96bdd6dcca04/element/f.FA5AA6ACA71DB73EA77ABAF269C4B101.d.3A95DDAA10A3FEC19CA3CC1E3E638A37.e.14089/click - {}
RESULT: {}
COMMAND: GET /session/3637353f0f0366f06ffc96bdd6dcca04/screenshot - {}
RESULT: {}
COMMAND: POST /session/3637353f0f0366f06ffc96bdd6dcca04/element - {"using":"xpath","value":"//td[6]/div/div/input[1]"}
RESULT: {"using":"xpath","value":"//td[6]/div/div/input[1]"}
COMMAND: POST /session/3637353f0f0366f06ffc96bdd6dcca04/element/f.FA5AA6ACA71DB73EA77ABAF269C4B101.d.3A95DDAA10A3FEC19CA3CC1E3E638A37.e.14079/clear - {}
RESULT: {}
COMMAND: GET /session/3637353f0f0366f06ffc96bdd6dcca04/screenshot - {}
RESULT: {}
COMMAND: POST /session/3637353f0f0366f06ffc96bdd6dcca04/element - {"using":"xpath","value":"//td[6]/div/div/input[1]"}
RESULT: {"using":"xpath","value":"//td[6]/div/div/input[1]"}
COMMAND: POST /session/3637353f0f0366f06ffc96bdd6dcca04/element/f.FA5AA6ACA71DB73EA77ABAF269C4B101.d.3A95DDAA10A3FEC19CA3CC1E3E638A37.e.14105/click - {}
RESULT: {}
COMMAND: POST /session/3637353f0f0366f06ffc96bdd6dcca04/actions - {"actions":[{"id":"action54","type":"key","parameters":{},"actions":[{"type":"keyDown","value":"î€ƒ"},{"type":"pause","duration":10},{"type":"keyUp","value":"î€ƒ"}]}]}
COMMAND: GET /session/3637353f0f0366f06ffc96bdd6dcca04/screenshot - {}
RESULT: {"actions":[{"id":"action54","type":"key","parameters":{},"actions":[{"type":"keyDown","value":"î€ƒ"},{"type":"pause","duration":10},{"type":"keyUp","value":"î€ƒ"}]}]}
COMMAND: POST /session/3637353f0f0366f06ffc96bdd6dcca04/element - {"using":"xpath","value":"//td[6]/div/div/input[1]"}
COMMAND: GET /session/3637353f0f0366f06ffc96bdd6dcca04/screenshot - {}
RESULT: {}
RESULT: {"using":"xpath","value":"//td[6]/div/div/input[1]"}
COMMAND: POST /session/3637353f0f0366f06ffc96bdd6dcca04/element/f.FA5AA6ACA71DB73EA77ABAF269C4B101.d.3A95DDAA10A3FEC19CA3CC1E3E638A37.e.14105/clear - {}
RESULT: {}
RESULT: {}
COMMAND: POST /session/3637353f0f0366f06ffc96bdd6dcca04/element/f.FA5AA6ACA71DB73EA77ABAF269C4B101.d.3A95DDAA10A3FEC19CA3CC1E3E638A37.e.14105/value - {"text":"Material"}
COMMAND: GET /session/3637353f0f0366f06ffc96bdd6dcca04/screenshot - {}
RESULT: {"text":"Material"}
COMMAND: GET /session/3637353f0f0366f06ffc96bdd6dcca04/screenshot - {}
RESULT: {}
RESULT: {}
COMMAND: POST /session/3637353f0f0366f06ffc96bdd6dcca04/actions - {"actions":[{"id":"action55","type":"key","parameters":{},"actions":[{"type":"keyDown","value":"î€‡"},{"type":"pause","duration":10},{"type":"keyUp","value":"î€‡"}]}]}
RESULT: {"actions":[{"id":"action55","type":"key","parameters":{},"actions":[{"type":"keyDown","value":"î€‡"},{"type":"pause","duration":10},{"type":"keyUp","value":"î€‡"}]}]}
COMMAND: POST /session/3637353f0f0366f06ffc96bdd6dcca04/element - {"using":"xpath","value":"//td[7]/div/div/input[1]"}
COMMAND: GET /session/3637353f0f0366f06ffc96bdd6dcca04/screenshot - {}
RESULT: {}
RESULT: {"using":"xpath","value":"//td[7]/div/div/input[1]"}
COMMAND: POST /session/3637353f0f0366f06ffc96bdd6dcca04/element/f.FA5AA6ACA71DB73EA77ABAF269C4B101.d.3A95DDAA10A3FEC19CA3CC1E3E638A37.e.14127/clear - {}
RESULT: {}
COMMAND: POST /session/3637353f0f0366f06ffc96bdd6dcca04/element/f.FA5AA6ACA71DB73EA77ABAF269C4B101.d.3A95DDAA10A3FEC19CA3CC1E3E638A37.e.14127/value - {"text":"200269"}
COMMAND: GET /session/3637353f0f0366f06ffc96bdd6dcca04/screenshot - {}
RESULT: {"text":"200269"}
COMMAND: GET /session/3637353f0f0366f06ffc96bdd6dcca04/screenshot - {}
RESULT: {}
RESULT: {}
COMMAND: POST /session/3637353f0f0366f06ffc96bdd6dcca04/actions - {"actions":[{"id":"action56","type":"key","parameters":{},"actions":[{"type":"keyDown","value":"î€‡"},{"type":"pause","duration":10},{"type":"keyUp","value":"î€‡"}]}]}
RESULT: {"actions":[{"id":"action56","type":"key","parameters":{},"actions":[{"type":"keyDown","value":"î€‡"},{"type":"pause","duration":10},{"type":"keyUp","value":"î€‡"}]}]}
COMMAND: POST /session/3637353f0f0366f06ffc96bdd6dcca04/execute/async - {"script":"<script> [1562 bytes]","args":[{"selector":{"controlType":"sap.m.Button","properties":{"text":"OK"},"searchOpenDialogs":true,"interaction":{"idSuffix":"BDI-content"}},"wdio_ui5_key":"sapm.Button{\"text\":\"OK\"}"}]}
COMMAND: GET /session/3637353f0f0366f06ffc96bdd6dcca04/screenshot - {}
RESULT: {"script":"<script> [1562 bytes]","args":[{"selector":{"controlType":"sap.m.Button","properties":{"text":"OK"},"searchOpenDialogs":true,"interaction":{"idSuffix":"BDI-content"}},"wdio_ui5_key":"sapm.Button{\"text\":\"OK\"}"}]}
RESULT: undefined
COMMAND: POST /session/3637353f0f0366f06ffc96bdd6dcca04/element - {"using":"xpath","value":"//*[@id=\"__mbox-btn-1\"]"}
RESULT: {}
RESULT: {"using":"xpath","value":"//*[@id=\"__mbox-btn-1\"]"}
COMMAND: POST /session/3637353f0f0366f06ffc96bdd6dcca04/element/f.FA5AA6ACA71DB73EA77ABAF269C4B101.d.3A95DDAA10A3FEC19CA3CC1E3E638A37.e.14148/click - {}
RESULT: {}
COMMAND: POST /session/3637353f0f0366f06ffc96bdd6dcca04/execute/async - {"script":"<script> [1562 bytes]","args":[{"selector":{"id":"saveBtn","viewName":"etm.portal.ui.managecontracts.view.EditContract","interaction":{"idSuffix":"BDI-content"}},"wdio_ui5_key":"saveBtnetmportal.ui.managecontracts.view.EditContract"}]}
COMMAND: GET /session/3637353f0f0366f06ffc96bdd6dcca04/screenshot - {}
RESULT: {"script":"<script> [1562 bytes]","args":[{"selector":{"id":"saveBtn","viewName":"etm.portal.ui.managecontracts.view.EditContract","interaction":{"idSuffix":"BDI-content"}},"wdio_ui5_key":"saveBtnetmportal.ui.managecontracts.view.EditContract"}]}
RESULT: undefined
COMMAND: POST /session/3637353f0f0366f06ffc96bdd6dcca04/element - {"using":"xpath","value":"//*[@id=\"__xmlview62--saveBtn\"]"}
RESULT: {}
RESULT: {"using":"xpath","value":"//*[@id=\"__xmlview62--saveBtn\"]"}
COMMAND: POST /session/3637353f0f0366f06ffc96bdd6dcca04/element/f.FA5AA6ACA71DB73EA77ABAF269C4B101.d.3A95DDAA10A3FEC19CA3CC1E3E638A37.e.14174/click - {}
RESULT: {}
COMMAND: GET /session/3637353f0f0366f06ffc96bdd6dcca04/screenshot - {}
RESULT: {}
COMMAND: POST /session/3637353f0f0366f06ffc96bdd6dcca04/execute/async - {"script":"<script> [1562 bytes]","args":[{"selector":{"id":"additionalAddressesTabFilter","viewName":"etm.portal.ui.managecontracts.view.Detail","interaction":{"idSuffix":"text"}},"wdio_ui5_key":"additionalAddressesTabFilteretmportal.ui.managecontracts.view.Detail"}]}
RESULT: {"script":"<script> [1562 bytes]","args":[{"selector":{"id":"additionalAddressesTabFilter","viewName":"etm.portal.ui.managecontracts.view.Detail","interaction":{"idSuffix":"text"}},"wdio_ui5_key":"additionalAddressesTabFilteretmportal.ui.managecontracts.view.Detail"}]}
RESULT: undefined
COMMAND: POST /session/3637353f0f0366f06ffc96bdd6dcca04/element - {"using":"xpath","value":"//*[@id=\"__xmlview61--additionalAddressesTabFilter\"]"}
RESULT: {"using":"xpath","value":"//*[@id=\"__xmlview61--additionalAddressesTabFilter\"]"}
COMMAND: POST /session/3637353f0f0366f06ffc96bdd6dcca04/element/f.FA5AA6ACA71DB73EA77ABAF269C4B101.d.3A95DDAA10A3FEC19CA3CC1E3E638A37.e.14178/click - {}
RESULT: {}
COMMAND: POST /session/3637353f0f0366f06ffc96bdd6dcca04/execute/async - {"script":"<script> [1562 bytes]","args":[{"selector":{"id":"contractDetailProvideButton","viewName":"etm.portal.ui.managecontracts.view.Detail","interaction":{"idSuffix":"BDI-content"}},"wdio_ui5_key":"contractDetailProvideButtonetmportal.ui.managecontracts.view.Detail"}]}
COMMAND: GET /session/3637353f0f0366f06ffc96bdd6dcca04/screenshot - {}
RESULT: {"script":"<script> [1562 bytes]","args":[{"selector":{"id":"contractDetailProvideButton","viewName":"etm.portal.ui.managecontracts.view.Detail","interaction":{"idSuffix":"BDI-content"}},"wdio_ui5_key":"contractDetailProvideButtonetmportal.ui.managecontracts.view.Detail"}]}
RESULT: undefined
COMMAND: POST /session/3637353f0f0366f06ffc96bdd6dcca04/element - {"using":"xpath","value":"//*[@id=\"__xmlview61--contractDetailProvideButton\"]"}
RESULT: {}
RESULT: {"using":"xpath","value":"//*[@id=\"__xmlview61--contractDetailProvideButton\"]"}
COMMAND: POST /session/3637353f0f0366f06ffc96bdd6dcca04/element/f.FA5AA6ACA71DB73EA77ABAF269C4B101.d.3A95DDAA10A3FEC19CA3CC1E3E638A37.e.14183/click - {}
RESULT: {}
COMMAND: GET /session/3637353f0f0366f06ffc96bdd6dcca04/screenshot - {}
RESULT: {}
]]></system-out>
    </testcase>
    <testcase classname="chrome.135_0_7049_96.windows.Provide_to_Site_w/o_warehouse_management_wo_clarification" name="Should Create HandOvers provide to site" time="181.012">
      <system-out><![CDATA[
COMMAND: POST /session/3637353f0f0366f06ffc96bdd6dcca04/element - {"using":"css selector","value":"#application-managehandovers-display-component---AddNewHO--dueDate-inner"}
RESULT: {"using":"css selector","value":"#application-managehandovers-display-component---AddNewHO--dueDate-inner"}
COMMAND: POST /session/3637353f0f0366f06ffc96bdd6dcca04/element/f.FA5AA6ACA71DB73EA77ABAF269C4B101.d.3A95DDAA10A3FEC19CA3CC1E3E638A37.e.14259/clear - {}
RESULT: {}
COMMAND: POST /session/3637353f0f0366f06ffc96bdd6dcca04/element/f.FA5AA6ACA71DB73EA77ABAF269C4B101.d.3A95DDAA10A3FEC19CA3CC1E3E638A37.e.14259/value - {"text":"5/2/25"}
COMMAND: GET /session/3637353f0f0366f06ffc96bdd6dcca04/screenshot - {}
RESULT: {"text":"5/2/25"}
COMMAND: POST /session/3637353f0f0366f06ffc96bdd6dcca04/element - {"using":"xpath","value":"//bdi[(text() = 'Items' or . = 'Items')]"}
COMMAND: GET /session/3637353f0f0366f06ffc96bdd6dcca04/screenshot - {}
RESULT: {}
RESULT: {"using":"xpath","value":"//bdi[(text() = 'Items' or . = 'Items')]"}
COMMAND: POST /session/3637353f0f0366f06ffc96bdd6dcca04/element/f.FA5AA6ACA71DB73EA77ABAF269C4B101.d.3A95DDAA10A3FEC19CA3CC1E3E638A37.e.14368/click - {}
RESULT: {}
RESULT: {}
COMMAND: POST /session/3637353f0f0366f06ffc96bdd6dcca04/execute/async - {"script":"<script> [1562 bytes]","args":[{"selector":{"controlType":"sap.m.Button","viewName":"etm.portal.ui.managehandovers.view.AddNewHO","viewId":"application-managehandovers-display-component---AddNewHO","i18NText":{"propertyName":"tooltip","key":"addItems"}},"wdio_ui5_key":"etmportal.ui.managehandovers.view.AddNewHOsap.m.Button{\"propertyName\":\"tooltip\",\"key\":\"addItems\"}"}]}
COMMAND: GET /session/3637353f0f0366f06ffc96bdd6dcca04/screenshot - {}
RESULT: {"script":"<script> [1562 bytes]","args":[{"selector":{"controlType":"sap.m.Button","viewName":"etm.portal.ui.managehandovers.view.AddNewHO","viewId":"application-managehandovers-display-component---AddNewHO","i18NText":{"propertyName":"tooltip","key":"addItems"}},"wdio_ui5_key":"etmportal.ui.managehandovers.view.AddNewHOsap.m.Button{\"propertyName\":\"tooltip\",\"key\":\"addItems\"}"}]}
RESULT: undefined
COMMAND: POST /session/3637353f0f0366f06ffc96bdd6dcca04/element - {"using":"xpath","value":"//*[@id=\"__button349\"]"}
RESULT: {}
RESULT: {"using":"xpath","value":"//*[@id=\"__button349\"]"}
COMMAND: POST /session/3637353f0f0366f06ffc96bdd6dcca04/element/f.FA5AA6ACA71DB73EA77ABAF269C4B101.d.3A95DDAA10A3FEC19CA3CC1E3E638A37.e.14374/click - {}
RESULT: {}
COMMAND: GET /session/3637353f0f0366f06ffc96bdd6dcca04/screenshot - {}
RESULT: {}
COMMAND: POST /session/3637353f0f0366f06ffc96bdd6dcca04/element - {"using":"css selector","value":"div[id= \"application-managehandovers-display-component---AddNewHO--popup-sa-CbBg\"]"}
RESULT: {"using":"css selector","value":"div[id= \"application-managehandovers-display-component---AddNewHO--popup-sa-CbBg\"]"}
COMMAND: POST /session/3637353f0f0366f06ffc96bdd6dcca04/element/f.FA5AA6ACA71DB73EA77ABAF269C4B101.d.3A95DDAA10A3FEC19CA3CC1E3E638A37.e.14384/click - {}
RESULT: {}
COMMAND: GET /session/3637353f0f0366f06ffc96bdd6dcca04/screenshot - {}
RESULT: {}
COMMAND: POST /session/3637353f0f0366f06ffc96bdd6dcca04/element - {"using":"xpath","value":"//bdi[(text() = 'Select' or . = 'Select')]"}
RESULT: {"using":"xpath","value":"//bdi[(text() = 'Select' or . = 'Select')]"}
COMMAND: POST /session/3637353f0f0366f06ffc96bdd6dcca04/element/f.FA5AA6ACA71DB73EA77ABAF269C4B101.d.3A95DDAA10A3FEC19CA3CC1E3E638A37.e.14386/click - {}
RESULT: {}
COMMAND: GET /session/3637353f0f0366f06ffc96bdd6dcca04/screenshot - {}
RESULT: {}
COMMAND: POST /session/3637353f0f0366f06ffc96bdd6dcca04/element - {"using":"xpath","value":"//bdi[(text() = 'Save' or . = 'Save')]"}
RESULT: {"using":"xpath","value":"//bdi[(text() = 'Save' or . = 'Save')]"}
COMMAND: POST /session/3637353f0f0366f06ffc96bdd6dcca04/element/f.FA5AA6ACA71DB73EA77ABAF269C4B101.d.3A95DDAA10A3FEC19CA3CC1E3E638A37.e.14394/click - {}
RESULT: {}
COMMAND: GET /session/3637353f0f0366f06ffc96bdd6dcca04/screenshot - {}
RESULT: {}
COMMAND: POST /session/3637353f0f0366f06ffc96bdd6dcca04/element - {"using":"xpath","value":"//*[text()='OK']"}
RESULT: {"using":"xpath","value":"//*[text()='OK']"}
COMMAND: POST /session/3637353f0f0366f06ffc96bdd6dcca04/elements - {"using":"xpath","value":"//*[text()='OK']"}
RESULT: {"using":"xpath","value":"//*[text()='OK']"}
COMMAND: POST /session/3637353f0f0366f06ffc96bdd6dcca04/elements - {"using":"xpath","value":"//*[text()='OK']"}
RESULT: {"using":"xpath","value":"//*[text()='OK']"}
COMMAND: POST /session/3637353f0f0366f06ffc96bdd6dcca04/elements - {"using":"xpath","value":"//*[text()='OK']"}
RESULT: {"using":"xpath","value":"//*[text()='OK']"}
COMMAND: POST /session/3637353f0f0366f06ffc96bdd6dcca04/elements - {"using":"xpath","value":"//*[text()='OK']"}
RESULT: {"using":"xpath","value":"//*[text()='OK']"}
COMMAND: POST /session/3637353f0f0366f06ffc96bdd6dcca04/elements - {"using":"xpath","value":"//*[text()='OK']"}
RESULT: {"using":"xpath","value":"//*[text()='OK']"}
COMMAND: POST /session/3637353f0f0366f06ffc96bdd6dcca04/elements - {"using":"xpath","value":"//*[text()='OK']"}
RESULT: {"using":"xpath","value":"//*[text()='OK']"}
COMMAND: POST /session/3637353f0f0366f06ffc96bdd6dcca04/elements - {"using":"xpath","value":"//*[text()='OK']"}
RESULT: {"using":"xpath","value":"//*[text()='OK']"}
COMMAND: POST /session/3637353f0f0366f06ffc96bdd6dcca04/elements - {"using":"xpath","value":"//*[text()='OK']"}
RESULT: {"using":"xpath","value":"//*[text()='OK']"}
COMMAND: POST /session/3637353f0f0366f06ffc96bdd6dcca04/elements - {"using":"xpath","value":"//*[text()='OK']"}
RESULT: {"using":"xpath","value":"//*[text()='OK']"}
COMMAND: POST /session/3637353f0f0366f06ffc96bdd6dcca04/elements - {"using":"xpath","value":"//*[text()='OK']"}
RESULT: {"using":"xpath","value":"//*[text()='OK']"}
COMMAND: POST /session/3637353f0f0366f06ffc96bdd6dcca04/elements - {"using":"xpath","value":"//*[text()='OK']"}
RESULT: {"using":"xpath","value":"//*[text()='OK']"}
COMMAND: POST /session/3637353f0f0366f06ffc96bdd6dcca04/elements - {"using":"xpath","value":"//*[text()='OK']"}
RESULT: {"using":"xpath","value":"//*[text()='OK']"}
COMMAND: POST /session/3637353f0f0366f06ffc96bdd6dcca04/elements - {"using":"xpath","value":"//*[text()='OK']"}
RESULT: {"using":"xpath","value":"//*[text()='OK']"}
COMMAND: POST /session/3637353f0f0366f06ffc96bdd6dcca04/elements - {"using":"xpath","value":"//*[text()='OK']"}
RESULT: {"using":"xpath","value":"//*[text()='OK']"}
COMMAND: POST /session/3637353f0f0366f06ffc96bdd6dcca04/elements - {"using":"xpath","value":"//*[text()='OK']"}
RESULT: {"using":"xpath","value":"//*[text()='OK']"}
COMMAND: POST /session/3637353f0f0366f06ffc96bdd6dcca04/elements - {"using":"xpath","value":"//*[text()='OK']"}
RESULT: {"using":"xpath","value":"//*[text()='OK']"}
COMMAND: POST /session/3637353f0f0366f06ffc96bdd6dcca04/elements - {"using":"xpath","value":"//*[text()='OK']"}
RESULT: {"using":"xpath","value":"//*[text()='OK']"}
COMMAND: POST /session/3637353f0f0366f06ffc96bdd6dcca04/elements - {"using":"xpath","value":"//*[text()='OK']"}
RESULT: {"using":"xpath","value":"//*[text()='OK']"}
COMMAND: POST /session/3637353f0f0366f06ffc96bdd6dcca04/elements - {"using":"xpath","value":"//*[text()='OK']"}
RESULT: {"using":"xpath","value":"//*[text()='OK']"}
COMMAND: POST /session/3637353f0f0366f06ffc96bdd6dcca04/elements - {"using":"xpath","value":"//*[text()='OK']"}
RESULT: {"using":"xpath","value":"//*[text()='OK']"}
COMMAND: POST /session/3637353f0f0366f06ffc96bdd6dcca04/elements - {"using":"xpath","value":"//*[text()='OK']"}
RESULT: {"using":"xpath","value":"//*[text()='OK']"}
COMMAND: POST /session/3637353f0f0366f06ffc96bdd6dcca04/elements - {"using":"xpath","value":"//*[text()='OK']"}
RESULT: {"using":"xpath","value":"//*[text()='OK']"}
COMMAND: POST /session/3637353f0f0366f06ffc96bdd6dcca04/elements - {"using":"xpath","value":"//*[text()='OK']"}
RESULT: {"using":"xpath","value":"//*[text()='OK']"}
COMMAND: POST /session/3637353f0f0366f06ffc96bdd6dcca04/elements - {"using":"xpath","value":"//*[text()='OK']"}
RESULT: {"using":"xpath","value":"//*[text()='OK']"}
COMMAND: POST /session/3637353f0f0366f06ffc96bdd6dcca04/elements - {"using":"xpath","value":"//*[text()='OK']"}
RESULT: {"using":"xpath","value":"//*[text()='OK']"}
COMMAND: POST /session/3637353f0f0366f06ffc96bdd6dcca04/elements - {"using":"xpath","value":"//*[text()='OK']"}
RESULT: {"using":"xpath","value":"//*[text()='OK']"}
COMMAND: POST /session/3637353f0f0366f06ffc96bdd6dcca04/elements - {"using":"xpath","value":"//*[text()='OK']"}
RESULT: {"using":"xpath","value":"//*[text()='OK']"}
COMMAND: POST /session/3637353f0f0366f06ffc96bdd6dcca04/elements - {"using":"xpath","value":"//*[text()='OK']"}
RESULT: {"using":"xpath","value":"//*[text()='OK']"}
COMMAND: POST /session/3637353f0f0366f06ffc96bdd6dcca04/elements - {"using":"xpath","value":"//*[text()='OK']"}
RESULT: {"using":"xpath","value":"//*[text()='OK']"}
COMMAND: POST /session/3637353f0f0366f06ffc96bdd6dcca04/elements - {"using":"xpath","value":"//*[text()='OK']"}
RESULT: {"using":"xpath","value":"//*[text()='OK']"}
COMMAND: POST /session/3637353f0f0366f06ffc96bdd6dcca04/elements - {"using":"xpath","value":"//*[text()='OK']"}
RESULT: {"using":"xpath","value":"//*[text()='OK']"}
COMMAND: POST /session/3637353f0f0366f06ffc96bdd6dcca04/elements - {"using":"xpath","value":"//*[text()='OK']"}
RESULT: {"using":"xpath","value":"//*[text()='OK']"}
COMMAND: POST /session/3637353f0f0366f06ffc96bdd6dcca04/elements - {"using":"xpath","value":"//*[text()='OK']"}
RESULT: {"using":"xpath","value":"//*[text()='OK']"}
COMMAND: POST /session/3637353f0f0366f06ffc96bdd6dcca04/elements - {"using":"xpath","value":"//*[text()='OK']"}
RESULT: {"using":"xpath","value":"//*[text()='OK']"}
COMMAND: POST /session/3637353f0f0366f06ffc96bdd6dcca04/elements - {"using":"xpath","value":"//*[text()='OK']"}
RESULT: {"using":"xpath","value":"//*[text()='OK']"}
COMMAND: POST /session/3637353f0f0366f06ffc96bdd6dcca04/elements - {"using":"xpath","value":"//*[text()='OK']"}
RESULT: {"using":"xpath","value":"//*[text()='OK']"}
COMMAND: POST /session/3637353f0f0366f06ffc96bdd6dcca04/elements - {"using":"xpath","value":"//*[text()='OK']"}
RESULT: {"using":"xpath","value":"//*[text()='OK']"}
COMMAND: POST /session/3637353f0f0366f06ffc96bdd6dcca04/elements - {"using":"xpath","value":"//*[text()='OK']"}
RESULT: {"using":"xpath","value":"//*[text()='OK']"}
COMMAND: POST /session/3637353f0f0366f06ffc96bdd6dcca04/elements - {"using":"xpath","value":"//*[text()='OK']"}
RESULT: {"using":"xpath","value":"//*[text()='OK']"}
COMMAND: POST /session/3637353f0f0366f06ffc96bdd6dcca04/elements - {"using":"xpath","value":"//*[text()='OK']"}
RESULT: {"using":"xpath","value":"//*[text()='OK']"}
COMMAND: POST /session/3637353f0f0366f06ffc96bdd6dcca04/elements - {"using":"xpath","value":"//*[text()='OK']"}
RESULT: {"using":"xpath","value":"//*[text()='OK']"}
COMMAND: POST /session/3637353f0f0366f06ffc96bdd6dcca04/elements - {"using":"xpath","value":"//*[text()='OK']"}
RESULT: {"using":"xpath","value":"//*[text()='OK']"}
COMMAND: POST /session/3637353f0f0366f06ffc96bdd6dcca04/elements - {"using":"xpath","value":"//*[text()='OK']"}
RESULT: {"using":"xpath","value":"//*[text()='OK']"}
COMMAND: POST /session/3637353f0f0366f06ffc96bdd6dcca04/elements - {"using":"xpath","value":"//*[text()='OK']"}
RESULT: {"using":"xpath","value":"//*[text()='OK']"}
COMMAND: POST /session/3637353f0f0366f06ffc96bdd6dcca04/elements - {"using":"xpath","value":"//*[text()='OK']"}
RESULT: {"using":"xpath","value":"//*[text()='OK']"}
COMMAND: POST /session/3637353f0f0366f06ffc96bdd6dcca04/elements - {"using":"xpath","value":"//*[text()='OK']"}
RESULT: {"using":"xpath","value":"//*[text()='OK']"}
COMMAND: POST /session/3637353f0f0366f06ffc96bdd6dcca04/elements - {"using":"xpath","value":"//*[text()='OK']"}
RESULT: {"using":"xpath","value":"//*[text()='OK']"}
COMMAND: POST /session/3637353f0f0366f06ffc96bdd6dcca04/elements - {"using":"xpath","value":"//*[text()='OK']"}
RESULT: {"using":"xpath","value":"//*[text()='OK']"}
COMMAND: POST /session/3637353f0f0366f06ffc96bdd6dcca04/elements - {"using":"xpath","value":"//*[text()='OK']"}
RESULT: {"using":"xpath","value":"//*[text()='OK']"}
COMMAND: POST /session/3637353f0f0366f06ffc96bdd6dcca04/elements - {"using":"xpath","value":"//*[text()='OK']"}
RESULT: {"using":"xpath","value":"//*[text()='OK']"}
COMMAND: POST /session/3637353f0f0366f06ffc96bdd6dcca04/elements - {"using":"xpath","value":"//*[text()='OK']"}
RESULT: {"using":"xpath","value":"//*[text()='OK']"}
COMMAND: POST /session/3637353f0f0366f06ffc96bdd6dcca04/elements - {"using":"xpath","value":"//*[text()='OK']"}
RESULT: {"using":"xpath","value":"//*[text()='OK']"}
COMMAND: POST /session/3637353f0f0366f06ffc96bdd6dcca04/elements - {"using":"xpath","value":"//*[text()='OK']"}
RESULT: {"using":"xpath","value":"//*[text()='OK']"}
COMMAND: POST /session/3637353f0f0366f06ffc96bdd6dcca04/elements - {"using":"xpath","value":"//*[text()='OK']"}
RESULT: {"using":"xpath","value":"//*[text()='OK']"}
COMMAND: POST /session/3637353f0f0366f06ffc96bdd6dcca04/elements - {"using":"xpath","value":"//*[text()='OK']"}
RESULT: {"using":"xpath","value":"//*[text()='OK']"}
COMMAND: POST /session/3637353f0f0366f06ffc96bdd6dcca04/elements - {"using":"xpath","value":"//*[text()='OK']"}
RESULT: {"using":"xpath","value":"//*[text()='OK']"}
COMMAND: POST /session/3637353f0f0366f06ffc96bdd6dcca04/elements - {"using":"xpath","value":"//*[text()='OK']"}
RESULT: {"using":"xpath","value":"//*[text()='OK']"}
COMMAND: POST /session/3637353f0f0366f06ffc96bdd6dcca04/elements - {"using":"xpath","value":"//*[text()='OK']"}
RESULT: {"using":"xpath","value":"//*[text()='OK']"}
COMMAND: POST /session/3637353f0f0366f06ffc96bdd6dcca04/elements - {"using":"xpath","value":"//*[text()='OK']"}
RESULT: {"using":"xpath","value":"//*[text()='OK']"}
COMMAND: POST /session/3637353f0f0366f06ffc96bdd6dcca04/elements - {"using":"xpath","value":"//*[text()='OK']"}
RESULT: {"using":"xpath","value":"//*[text()='OK']"}
COMMAND: POST /session/3637353f0f0366f06ffc96bdd6dcca04/elements - {"using":"xpath","value":"//*[text()='OK']"}
RESULT: {"using":"xpath","value":"//*[text()='OK']"}
COMMAND: POST /session/3637353f0f0366f06ffc96bdd6dcca04/elements - {"using":"xpath","value":"//*[text()='OK']"}
RESULT: {"using":"xpath","value":"//*[text()='OK']"}
COMMAND: POST /session/3637353f0f0366f06ffc96bdd6dcca04/elements - {"using":"xpath","value":"//*[text()='OK']"}
RESULT: {"using":"xpath","value":"//*[text()='OK']"}
COMMAND: POST /session/3637353f0f0366f06ffc96bdd6dcca04/elements - {"using":"xpath","value":"//*[text()='OK']"}
RESULT: {"using":"xpath","value":"//*[text()='OK']"}
COMMAND: POST /session/3637353f0f0366f06ffc96bdd6dcca04/elements - {"using":"xpath","value":"//*[text()='OK']"}
RESULT: {"using":"xpath","value":"//*[text()='OK']"}
COMMAND: POST /session/3637353f0f0366f06ffc96bdd6dcca04/elements - {"using":"xpath","value":"//*[text()='OK']"}
RESULT: {"using":"xpath","value":"//*[text()='OK']"}
COMMAND: POST /session/3637353f0f0366f06ffc96bdd6dcca04/elements - {"using":"xpath","value":"//*[text()='OK']"}
RESULT: {"using":"xpath","value":"//*[text()='OK']"}
COMMAND: POST /session/3637353f0f0366f06ffc96bdd6dcca04/elements - {"using":"xpath","value":"//*[text()='OK']"}
RESULT: {"using":"xpath","value":"//*[text()='OK']"}
COMMAND: POST /session/3637353f0f0366f06ffc96bdd6dcca04/elements - {"using":"xpath","value":"//*[text()='OK']"}
RESULT: {"using":"xpath","value":"//*[text()='OK']"}
COMMAND: POST /session/3637353f0f0366f06ffc96bdd6dcca04/elements - {"using":"xpath","value":"//*[text()='OK']"}
RESULT: {"using":"xpath","value":"//*[text()='OK']"}
COMMAND: POST /session/3637353f0f0366f06ffc96bdd6dcca04/elements - {"using":"xpath","value":"//*[text()='OK']"}
RESULT: {"using":"xpath","value":"//*[text()='OK']"}
COMMAND: POST /session/3637353f0f0366f06ffc96bdd6dcca04/elements - {"using":"xpath","value":"//*[text()='OK']"}
RESULT: {"using":"xpath","value":"//*[text()='OK']"}
COMMAND: POST /session/3637353f0f0366f06ffc96bdd6dcca04/elements - {"using":"xpath","value":"//*[text()='OK']"}
RESULT: {"using":"xpath","value":"//*[text()='OK']"}
COMMAND: POST /session/3637353f0f0366f06ffc96bdd6dcca04/elements - {"using":"xpath","value":"//*[text()='OK']"}
RESULT: {"using":"xpath","value":"//*[text()='OK']"}
COMMAND: POST /session/3637353f0f0366f06ffc96bdd6dcca04/elements - {"using":"xpath","value":"//*[text()='OK']"}
RESULT: {"using":"xpath","value":"//*[text()='OK']"}
COMMAND: POST /session/3637353f0f0366f06ffc96bdd6dcca04/elements - {"using":"xpath","value":"//*[text()='OK']"}
RESULT: {"using":"xpath","value":"//*[text()='OK']"}
COMMAND: POST /session/3637353f0f0366f06ffc96bdd6dcca04/elements - {"using":"xpath","value":"//*[text()='OK']"}
RESULT: {"using":"xpath","value":"//*[text()='OK']"}
COMMAND: POST /session/3637353f0f0366f06ffc96bdd6dcca04/elements - {"using":"xpath","value":"//*[text()='OK']"}
RESULT: {"using":"xpath","value":"//*[text()='OK']"}
COMMAND: POST /session/3637353f0f0366f06ffc96bdd6dcca04/elements - {"using":"xpath","value":"//*[text()='OK']"}
RESULT: {"using":"xpath","value":"//*[text()='OK']"}
COMMAND: POST /session/3637353f0f0366f06ffc96bdd6dcca04/elements - {"using":"xpath","value":"//*[text()='OK']"}
RESULT: {"using":"xpath","value":"//*[text()='OK']"}
COMMAND: POST /session/3637353f0f0366f06ffc96bdd6dcca04/elements - {"using":"xpath","value":"//*[text()='OK']"}
RESULT: {"using":"xpath","value":"//*[text()='OK']"}
COMMAND: POST /session/3637353f0f0366f06ffc96bdd6dcca04/elements - {"using":"xpath","value":"//*[text()='OK']"}
RESULT: {"using":"xpath","value":"//*[text()='OK']"}
COMMAND: POST /session/3637353f0f0366f06ffc96bdd6dcca04/elements - {"using":"xpath","value":"//*[text()='OK']"}
RESULT: {"using":"xpath","value":"//*[text()='OK']"}
COMMAND: POST /session/3637353f0f0366f06ffc96bdd6dcca04/elements - {"using":"xpath","value":"//*[text()='OK']"}
RESULT: {"using":"xpath","value":"//*[text()='OK']"}
COMMAND: POST /session/3637353f0f0366f06ffc96bdd6dcca04/elements - {"using":"xpath","value":"//*[text()='OK']"}
RESULT: {"using":"xpath","value":"//*[text()='OK']"}
COMMAND: POST /session/3637353f0f0366f06ffc96bdd6dcca04/elements - {"using":"xpath","value":"//*[text()='OK']"}
RESULT: {"using":"xpath","value":"//*[text()='OK']"}
COMMAND: POST /session/3637353f0f0366f06ffc96bdd6dcca04/elements - {"using":"xpath","value":"//*[text()='OK']"}
RESULT: {"using":"xpath","value":"//*[text()='OK']"}
COMMAND: POST /session/3637353f0f0366f06ffc96bdd6dcca04/elements - {"using":"xpath","value":"//*[text()='OK']"}
RESULT: {"using":"xpath","value":"//*[text()='OK']"}
COMMAND: POST /session/3637353f0f0366f06ffc96bdd6dcca04/elements - {"using":"xpath","value":"//*[text()='OK']"}
RESULT: {"using":"xpath","value":"//*[text()='OK']"}
COMMAND: POST /session/3637353f0f0366f06ffc96bdd6dcca04/elements - {"using":"xpath","value":"//*[text()='OK']"}
RESULT: {"using":"xpath","value":"//*[text()='OK']"}
COMMAND: POST /session/3637353f0f0366f06ffc96bdd6dcca04/element - {"using":"xpath","value":"//*[text()='provide (prepared)']"}
RESULT: {"using":"xpath","value":"//*[text()='provide (prepared)']"}
COMMAND: GET /session/3637353f0f0366f06ffc96bdd6dcca04/element/f.FA5AA6ACA71DB73EA77ABAF269C4B101.d.3A95DDAA10A3FEC19CA3CC1E3E638A37.e.14438/text - {}
RESULT: {}
COMMAND: POST /session/3637353f0f0366f06ffc96bdd6dcca04/element - {"using":"xpath","value":"//*[contains(text(), \"Instructions\")][@class=\"sapMITHTextContent\"]"}
RESULT: {"using":"xpath","value":"//*[contains(text(), \"Instructions\")][@class=\"sapMITHTextContent\"]"}
COMMAND: POST /session/3637353f0f0366f06ffc96bdd6dcca04/execute/sync - {"script":"<script> [8489 bytes]","args":[{"element-6066-11e4-a52e-4f735466cecf":"f.FA5AA6ACA71DB73EA77ABAF269C4B101.d.3A95DDAA10A3FEC19CA3CC1E3E638A37.e.14439","ELEMENT":"f.FA5AA6ACA71DB73EA77ABAF269C4B101.d.3A95DDAA10A3FEC19CA3CC1E3E638A37.e.14439"}]}
RESULT: {"script":"<script> [8489 bytes]","args":[{"element-6066-11e4-a52e-4f735466cecf":"f.FA5AA6ACA71DB73EA77ABAF269C4B101.d.3A95DDAA10A3FEC19CA3CC1E3E638A37.e.14439","ELEMENT":"f.FA5AA6ACA71DB73EA77ABAF269C4B101.d.3A95DDAA10A3FEC19CA3CC1E3E638A37.e.14439"}]}
COMMAND: POST /session/3637353f0f0366f06ffc96bdd6dcca04/execute/sync - {"script":"<script> [5351 bytes]","args":[{"element-6066-11e4-a52e-4f735466cecf":"f.FA5AA6ACA71DB73EA77ABAF269C4B101.d.3A95DDAA10A3FEC19CA3CC1E3E638A37.e.14439","ELEMENT":"f.FA5AA6ACA71DB73EA77ABAF269C4B101.d.3A95DDAA10A3FEC19CA3CC1E3E638A37.e.14439"}]}
COMMAND: GET /session/3637353f0f0366f06ffc96bdd6dcca04/screenshot - {}
RESULT: {"script":"<script> [5351 bytes]","args":[{"element-6066-11e4-a52e-4f735466cecf":"f.FA5AA6ACA71DB73EA77ABAF269C4B101.d.3A95DDAA10A3FEC19CA3CC1E3E638A37.e.14439","ELEMENT":"f.FA5AA6ACA71DB73EA77ABAF269C4B101.d.3A95DDAA10A3FEC19CA3CC1E3E638A37.e.14439"}]}
COMMAND: POST /session/3637353f0f0366f06ffc96bdd6dcca04/element/f.FA5AA6ACA71DB73EA77ABAF269C4B101.d.3A95DDAA10A3FEC19CA3CC1E3E638A37.e.14439/click - {}
COMMAND: GET /session/3637353f0f0366f06ffc96bdd6dcca04/screenshot - {}
RESULT: {}
RESULT: {}
COMMAND: POST /session/3637353f0f0366f06ffc96bdd6dcca04/actions - {"actions":[{"id":"action57","type":"key","parameters":{},"actions":[{"type":"keyDown","value":"î€‡"},{"type":"pause","duration":10},{"type":"keyUp","value":"î€‡"}]}]}
COMMAND: GET /session/3637353f0f0366f06ffc96bdd6dcca04/screenshot - {}
RESULT: {}
RESULT: {"actions":[{"id":"action57","type":"key","parameters":{},"actions":[{"type":"keyDown","value":"î€‡"},{"type":"pause","duration":10},{"type":"keyUp","value":"î€‡"}]}]}
COMMAND: POST /session/3637353f0f0366f06ffc96bdd6dcca04/element - {"using":"css selector","value":"#pickDialog--hoItemsTable-sa-CbBg"}
COMMAND: GET /session/3637353f0f0366f06ffc96bdd6dcca04/screenshot - {}
RESULT: {}
RESULT: {"using":"css selector","value":"#pickDialog--hoItemsTable-sa-CbBg"}
COMMAND: GET /session/3637353f0f0366f06ffc96bdd6dcca04/element/f.FA5AA6ACA71DB73EA77ABAF269C4B101.d.3A95DDAA10A3FEC19CA3CC1E3E638A37.e.14445/enabled - {}
RESULT: {}
RESULT: {}
COMMAND: POST /session/3637353f0f0366f06ffc96bdd6dcca04/execute/sync - {"script":"<script> [8489 bytes]","args":[{"element-6066-11e4-a52e-4f735466cecf":"f.FA5AA6ACA71DB73EA77ABAF269C4B101.d.3A95DDAA10A3FEC19CA3CC1E3E638A37.e.14445","ELEMENT":"f.FA5AA6ACA71DB73EA77ABAF269C4B101.d.3A95DDAA10A3FEC19CA3CC1E3E638A37.e.14445"}]}
COMMAND: GET /session/3637353f0f0366f06ffc96bdd6dcca04/screenshot - {}
RESULT: {"script":"<script> [8489 bytes]","args":[{"element-6066-11e4-a52e-4f735466cecf":"f.FA5AA6ACA71DB73EA77ABAF269C4B101.d.3A95DDAA10A3FEC19CA3CC1E3E638A37.e.14445","ELEMENT":"f.FA5AA6ACA71DB73EA77ABAF269C4B101.d.3A95DDAA10A3FEC19CA3CC1E3E638A37.e.14445"}]}
COMMAND: POST /session/3637353f0f0366f06ffc96bdd6dcca04/execute/sync - {"script":"<script> [5351 bytes]","args":[{"element-6066-11e4-a52e-4f735466cecf":"f.FA5AA6ACA71DB73EA77ABAF269C4B101.d.3A95DDAA10A3FEC19CA3CC1E3E638A37.e.14445","ELEMENT":"f.FA5AA6ACA71DB73EA77ABAF269C4B101.d.3A95DDAA10A3FEC19CA3CC1E3E638A37.e.14445"}]}
COMMAND: GET /session/3637353f0f0366f06ffc96bdd6dcca04/screenshot - {}
RESULT: {}
RESULT: {"script":"<script> [5351 bytes]","args":[{"element-6066-11e4-a52e-4f735466cecf":"f.FA5AA6ACA71DB73EA77ABAF269C4B101.d.3A95DDAA10A3FEC19CA3CC1E3E638A37.e.14445","ELEMENT":"f.FA5AA6ACA71DB73EA77ABAF269C4B101.d.3A95DDAA10A3FEC19CA3CC1E3E638A37.e.14445"}]}
COMMAND: POST /session/3637353f0f0366f06ffc96bdd6dcca04/element/f.FA5AA6ACA71DB73EA77ABAF269C4B101.d.3A95DDAA10A3FEC19CA3CC1E3E638A37.e.14445/click - {}
COMMAND: GET /session/3637353f0f0366f06ffc96bdd6dcca04/screenshot - {}
RESULT: {}
RESULT: {}
COMMAND: POST /session/3637353f0f0366f06ffc96bdd6dcca04/element - {"using":"xpath","value":"//bdi[text()='Confirm All']"}
COMMAND: GET /session/3637353f0f0366f06ffc96bdd6dcca04/screenshot - {}
RESULT: {}
RESULT: {"using":"xpath","value":"//bdi[text()='Confirm All']"}
COMMAND: GET /session/3637353f0f0366f06ffc96bdd6dcca04/element/f.FA5AA6ACA71DB73EA77ABAF269C4B101.d.3A95DDAA10A3FEC19CA3CC1E3E638A37.e.14448/enabled - {}
RESULT: {}
RESULT: {}
COMMAND: POST /session/3637353f0f0366f06ffc96bdd6dcca04/execute/sync - {"script":"<script> [8489 bytes]","args":[{"element-6066-11e4-a52e-4f735466cecf":"f.FA5AA6ACA71DB73EA77ABAF269C4B101.d.3A95DDAA10A3FEC19CA3CC1E3E638A37.e.14448","ELEMENT":"f.FA5AA6ACA71DB73EA77ABAF269C4B101.d.3A95DDAA10A3FEC19CA3CC1E3E638A37.e.14448"}]}
COMMAND: GET /session/3637353f0f0366f06ffc96bdd6dcca04/screenshot - {}
RESULT: {"script":"<script> [8489 bytes]","args":[{"element-6066-11e4-a52e-4f735466cecf":"f.FA5AA6ACA71DB73EA77ABAF269C4B101.d.3A95DDAA10A3FEC19CA3CC1E3E638A37.e.14448","ELEMENT":"f.FA5AA6ACA71DB73EA77ABAF269C4B101.d.3A95DDAA10A3FEC19CA3CC1E3E638A37.e.14448"}]}
COMMAND: POST /session/3637353f0f0366f06ffc96bdd6dcca04/execute/sync - {"script":"<script> [5351 bytes]","args":[{"element-6066-11e4-a52e-4f735466cecf":"f.FA5AA6ACA71DB73EA77ABAF269C4B101.d.3A95DDAA10A3FEC19CA3CC1E3E638A37.e.14448","ELEMENT":"f.FA5AA6ACA71DB73EA77ABAF269C4B101.d.3A95DDAA10A3FEC19CA3CC1E3E638A37.e.14448"}]}
COMMAND: GET /session/3637353f0f0366f06ffc96bdd6dcca04/screenshot - {}
RESULT: {}
RESULT: {"script":"<script> [5351 bytes]","args":[{"element-6066-11e4-a52e-4f735466cecf":"f.FA5AA6ACA71DB73EA77ABAF269C4B101.d.3A95DDAA10A3FEC19CA3CC1E3E638A37.e.14448","ELEMENT":"f.FA5AA6ACA71DB73EA77ABAF269C4B101.d.3A95DDAA10A3FEC19CA3CC1E3E638A37.e.14448"}]}
COMMAND: POST /session/3637353f0f0366f06ffc96bdd6dcca04/element/f.FA5AA6ACA71DB73EA77ABAF269C4B101.d.3A95DDAA10A3FEC19CA3CC1E3E638A37.e.14448/click - {}
COMMAND: GET /session/3637353f0f0366f06ffc96bdd6dcca04/screenshot - {}
RESULT: {}
RESULT: {}
COMMAND: GET /session/3637353f0f0366f06ffc96bdd6dcca04/screenshot - {}
RESULT: {}
RESULT: {}
COMMAND: POST /session/3637353f0f0366f06ffc96bdd6dcca04/actions - {"actions":[{"id":"action58","type":"key","parameters":{},"actions":[{"type":"keyDown","value":"î€‡"},{"type":"pause","duration":10},{"type":"keyUp","value":"î€‡"}]}]}
RESULT: {"actions":[{"id":"action58","type":"key","parameters":{},"actions":[{"type":"keyDown","value":"î€‡"},{"type":"pause","duration":10},{"type":"keyUp","value":"î€‡"}]}]}
COMMAND: POST /session/3637353f0f0366f06ffc96bdd6dcca04/actions - {"actions":[{"id":"action59","type":"key","parameters":{},"actions":[{"type":"keyDown","value":"î€‡"},{"type":"pause","duration":10},{"type":"keyUp","value":"î€‡"}]}]}
COMMAND: GET /session/3637353f0f0366f06ffc96bdd6dcca04/screenshot - {}
RESULT: {"actions":[{"id":"action59","type":"key","parameters":{},"actions":[{"type":"keyDown","value":"î€‡"},{"type":"pause","duration":10},{"type":"keyUp","value":"î€‡"}]}]}
COMMAND: POST /session/3637353f0f0366f06ffc96bdd6dcca04/execute/async - {"script":"<script> [1562 bytes]","args":[{"selector":{"id":"statesDialog--okBttnStatesDialog","searchOpenDialogs":true,"interaction":{"idSuffix":"BDI-content"}},"wdio_ui5_key":"statesDialogokBttnStatesDialog"}]}
COMMAND: GET /session/3637353f0f0366f06ffc96bdd6dcca04/screenshot - {}
RESULT: {}
RESULT: {"script":"<script> [1562 bytes]","args":[{"selector":{"id":"statesDialog--okBttnStatesDialog","searchOpenDialogs":true,"interaction":{"idSuffix":"BDI-content"}},"wdio_ui5_key":"statesDialogokBttnStatesDialog"}]}
RESULT: undefined
RESULT: {}
RESULT: undefined
RESULT: undefined
COMMAND: POST /session/3637353f0f0366f06ffc96bdd6dcca04/actions - {"actions":[{"id":"action60","type":"key","parameters":{},"actions":[{"type":"keyDown","value":"î€‡"},{"type":"pause","duration":10},{"type":"keyUp","value":"î€‡"}]}]}
RESULT: {"actions":[{"id":"action60","type":"key","parameters":{},"actions":[{"type":"keyDown","value":"î€‡"},{"type":"pause","duration":10},{"type":"keyUp","value":"î€‡"}]}]}
COMMAND: POST /session/3637353f0f0366f06ffc96bdd6dcca04/execute/async - {"script":"<script> [1562 bytes]","args":[{"selector":{"controlType":"sap.m.Text","viewName":"etm.portal.ui.managehandovers.view.DetailExecuteHO","bindingPath":{"propertyPath":"NO","modelName":"catalogModel"}},"wdio_ui5_key":"etmportal.ui.managehandovers.view.DetailExecuteHOsap.m.Text{\"propertyPath\":\"NO\",\"modelName\":\"catalogModel\"}"}]}
COMMAND: GET /session/3637353f0f0366f06ffc96bdd6dcca04/screenshot - {}
RESULT: {"script":"<script> [1562 bytes]","args":[{"selector":{"controlType":"sap.m.Text","viewName":"etm.portal.ui.managehandovers.view.DetailExecuteHO","bindingPath":{"propertyPath":"NO","modelName":"catalogModel"}},"wdio_ui5_key":"etmportal.ui.managehandovers.view.DetailExecuteHOsap.m.Text{\"propertyPath\":\"NO\",\"modelName\":\"catalogModel\"}"}]}
RESULT: undefined
COMMAND: POST /session/3637353f0f0366f06ffc96bdd6dcca04/execute/async - {"script":"<script> [6424 bytes]","args":[{"element-6066-11e4-a52e-4f735466cecf":"f.FA5AA6ACA71DB73EA77ABAF269C4B101.d.3A95DDAA10A3FEC19CA3CC1E3E638A37.e.14454"},"getText",[]]}
RESULT: {}
RESULT: {"script":"<script> [6424 bytes]","args":[{"element-6066-11e4-a52e-4f735466cecf":"f.FA5AA6ACA71DB73EA77ABAF269C4B101.d.3A95DDAA10A3FEC19CA3CC1E3E638A37.e.14454"},"getText",[]]}
COMMAND: POST /session/3637353f0f0366f06ffc96bdd6dcca04/actions - {"actions":[{"id":"action61","type":"key","parameters":{},"actions":[{"type":"keyDown","value":"î€‡"},{"type":"pause","duration":10},{"type":"keyUp","value":"î€‡"}]}]}
RESULT: {"actions":[{"id":"action61","type":"key","parameters":{},"actions":[{"type":"keyDown","value":"î€‡"},{"type":"pause","duration":10},{"type":"keyUp","value":"î€‡"}]}]}
COMMAND: GET /session/3637353f0f0366f06ffc96bdd6dcca04/screenshot - {}
RESULT: {}
COMMAND: POST /session/3637353f0f0366f06ffc96bdd6dcca04/element - {"using":"xpath","value":"//bdi[text()='OK']"}
RESULT: {"using":"xpath","value":"//bdi[text()='OK']"}
COMMAND: POST /session/3637353f0f0366f06ffc96bdd6dcca04/element - {"using":"xpath","value":"//bdi[text()='OK']"}
RESULT: {"using":"xpath","value":"//bdi[text()='OK']"}
COMMAND: POST /session/3637353f0f0366f06ffc96bdd6dcca04/actions - {"actions":[{"id":"action62","type":"key","parameters":{},"actions":[{"type":"keyDown","value":"î€‡"},{"type":"pause","duration":10},{"type":"keyUp","value":"î€‡"}]}]}
RESULT: {"actions":[{"id":"action62","type":"key","parameters":{},"actions":[{"type":"keyDown","value":"î€‡"},{"type":"pause","duration":10},{"type":"keyUp","value":"î€‡"}]}]}
COMMAND: POST /session/3637353f0f0366f06ffc96bdd6dcca04/element - {"using":"xpath","value":"//bdi[(text() = 'Confirm' or . = 'Confirm')]"}
COMMAND: GET /session/3637353f0f0366f06ffc96bdd6dcca04/screenshot - {}
RESULT: {"using":"xpath","value":"//bdi[(text() = 'Confirm' or . = 'Confirm')]"}
COMMAND: POST /session/3637353f0f0366f06ffc96bdd6dcca04/execute/sync - {"script":"<script> [8489 bytes]","args":[{"element-6066-11e4-a52e-4f735466cecf":"f.FA5AA6ACA71DB73EA77ABAF269C4B101.d.3A95DDAA10A3FEC19CA3CC1E3E638A37.e.14457","ELEMENT":"f.FA5AA6ACA71DB73EA77ABAF269C4B101.d.3A95DDAA10A3FEC19CA3CC1E3E638A37.e.14457"}]}
RESULT: {}
RESULT: {"script":"<script> [8489 bytes]","args":[{"element-6066-11e4-a52e-4f735466cecf":"f.FA5AA6ACA71DB73EA77ABAF269C4B101.d.3A95DDAA10A3FEC19CA3CC1E3E638A37.e.14457","ELEMENT":"f.FA5AA6ACA71DB73EA77ABAF269C4B101.d.3A95DDAA10A3FEC19CA3CC1E3E638A37.e.14457"}]}
COMMAND: POST /session/3637353f0f0366f06ffc96bdd6dcca04/execute/sync - {"script":"<script> [8489 bytes]","args":[{"element-6066-11e4-a52e-4f735466cecf":"f.FA5AA6ACA71DB73EA77ABAF269C4B101.d.3A95DDAA10A3FEC19CA3CC1E3E638A37.e.14457","ELEMENT":"f.FA5AA6ACA71DB73EA77ABAF269C4B101.d.3A95DDAA10A3FEC19CA3CC1E3E638A37.e.14457"}]}
COMMAND: GET /session/3637353f0f0366f06ffc96bdd6dcca04/screenshot - {}
RESULT: {"script":"<script> [8489 bytes]","args":[{"element-6066-11e4-a52e-4f735466cecf":"f.FA5AA6ACA71DB73EA77ABAF269C4B101.d.3A95DDAA10A3FEC19CA3CC1E3E638A37.e.14457","ELEMENT":"f.FA5AA6ACA71DB73EA77ABAF269C4B101.d.3A95DDAA10A3FEC19CA3CC1E3E638A37.e.14457"}]}
COMMAND: POST /session/3637353f0f0366f06ffc96bdd6dcca04/execute/sync - {"script":"<script> [5351 bytes]","args":[{"element-6066-11e4-a52e-4f735466cecf":"f.FA5AA6ACA71DB73EA77ABAF269C4B101.d.3A95DDAA10A3FEC19CA3CC1E3E638A37.e.14457","ELEMENT":"f.FA5AA6ACA71DB73EA77ABAF269C4B101.d.3A95DDAA10A3FEC19CA3CC1E3E638A37.e.14457"}]}
COMMAND: GET /session/3637353f0f0366f06ffc96bdd6dcca04/screenshot - {}
RESULT: {}
RESULT: {"script":"<script> [5351 bytes]","args":[{"element-6066-11e4-a52e-4f735466cecf":"f.FA5AA6ACA71DB73EA77ABAF269C4B101.d.3A95DDAA10A3FEC19CA3CC1E3E638A37.e.14457","ELEMENT":"f.FA5AA6ACA71DB73EA77ABAF269C4B101.d.3A95DDAA10A3FEC19CA3CC1E3E638A37.e.14457"}]}
COMMAND: POST /session/3637353f0f0366f06ffc96bdd6dcca04/actions - {"actions":[{"id":"action63","type":"key","parameters":{},"actions":[{"type":"keyDown","value":"î€‡"},{"type":"pause","duration":10},{"type":"keyUp","value":"î€‡"}]}]}
COMMAND: GET /session/3637353f0f0366f06ffc96bdd6dcca04/screenshot - {}
RESULT: {}
RESULT: {"actions":[{"id":"action63","type":"key","parameters":{},"actions":[{"type":"keyDown","value":"î€‡"},{"type":"pause","duration":10},{"type":"keyUp","value":"î€‡"}]}]}
COMMAND: POST /session/3637353f0f0366f06ffc96bdd6dcca04/element - {"using":"xpath","value":"(//bdi[text()='Pick'])[1]"}
COMMAND: GET /session/3637353f0f0366f06ffc96bdd6dcca04/screenshot - {}
RESULT: {}
RESULT: {"using":"xpath","value":"(//bdi[text()='Pick'])[1]"}
COMMAND: GET /session/3637353f0f0366f06ffc96bdd6dcca04/element/f.FA5AA6ACA71DB73EA77ABAF269C4B101.d.3A95DDAA10A3FEC19CA3CC1E3E638A37.e.14459/enabled - {}
RESULT: {}
RESULT: {}
COMMAND: POST /session/3637353f0f0366f06ffc96bdd6dcca04/execute/sync - {"script":"<script> [8489 bytes]","args":[{"element-6066-11e4-a52e-4f735466cecf":"f.FA5AA6ACA71DB73EA77ABAF269C4B101.d.3A95DDAA10A3FEC19CA3CC1E3E638A37.e.14459","ELEMENT":"f.FA5AA6ACA71DB73EA77ABAF269C4B101.d.3A95DDAA10A3FEC19CA3CC1E3E638A37.e.14459"}]}
COMMAND: GET /session/3637353f0f0366f06ffc96bdd6dcca04/screenshot - {}
RESULT: {"script":"<script> [8489 bytes]","args":[{"element-6066-11e4-a52e-4f735466cecf":"f.FA5AA6ACA71DB73EA77ABAF269C4B101.d.3A95DDAA10A3FEC19CA3CC1E3E638A37.e.14459","ELEMENT":"f.FA5AA6ACA71DB73EA77ABAF269C4B101.d.3A95DDAA10A3FEC19CA3CC1E3E638A37.e.14459"}]}
COMMAND: POST /session/3637353f0f0366f06ffc96bdd6dcca04/execute/sync - {"script":"<script> [5351 bytes]","args":[{"element-6066-11e4-a52e-4f735466cecf":"f.FA5AA6ACA71DB73EA77ABAF269C4B101.d.3A95DDAA10A3FEC19CA3CC1E3E638A37.e.14459","ELEMENT":"f.FA5AA6ACA71DB73EA77ABAF269C4B101.d.3A95DDAA10A3FEC19CA3CC1E3E638A37.e.14459"}]}
COMMAND: GET /session/3637353f0f0366f06ffc96bdd6dcca04/screenshot - {}
RESULT: {}
RESULT: {"script":"<script> [5351 bytes]","args":[{"element-6066-11e4-a52e-4f735466cecf":"f.FA5AA6ACA71DB73EA77ABAF269C4B101.d.3A95DDAA10A3FEC19CA3CC1E3E638A37.e.14459","ELEMENT":"f.FA5AA6ACA71DB73EA77ABAF269C4B101.d.3A95DDAA10A3FEC19CA3CC1E3E638A37.e.14459"}]}
COMMAND: POST /session/3637353f0f0366f06ffc96bdd6dcca04/element/f.FA5AA6ACA71DB73EA77ABAF269C4B101.d.3A95DDAA10A3FEC19CA3CC1E3E638A37.e.14459/click - {}
COMMAND: GET /session/3637353f0f0366f06ffc96bdd6dcca04/screenshot - {}
RESULT: {}
RESULT: {}
COMMAND: POST /session/3637353f0f0366f06ffc96bdd6dcca04/actions - {"actions":[{"id":"action64","type":"key","parameters":{},"actions":[{"type":"keyDown","value":"î€‡"},{"type":"pause","duration":10},{"type":"keyUp","value":"î€‡"}]}]}
COMMAND: GET /session/3637353f0f0366f06ffc96bdd6dcca04/screenshot - {}
RESULT: {}
RESULT: {"actions":[{"id":"action64","type":"key","parameters":{},"actions":[{"type":"keyDown","value":"î€‡"},{"type":"pause","duration":10},{"type":"keyUp","value":"î€‡"}]}]}
COMMAND: GET /session/3637353f0f0366f06ffc96bdd6dcca04/screenshot - {}
RESULT: {}
RESULT: {}
COMMAND: POST /session/3637353f0f0366f06ffc96bdd6dcca04/execute/async - {"script":"<script> [1562 bytes]","args":[{"selector":{"controlType":"sap.m.SearchField","viewName":"etm.portal.ui.managehandovers.view.MasterHO","bindingPath":{"path":"","propertyPath":"/_BASIC_SEARCH_FIELD","modelName":"fi1t3rM0d31"},"interaction":{"idSuffix":"I"}},"wdio_ui5_key":"etmportal.ui.managehandovers.view.MasterHOsap.m.SearchField{\"path\":\"\",\"propertyPath\":\"/_BASIC_SEARCH_FIELD\",\"modelName\":\"fi1t3rM0d31\"}"}]}
RESULT: {"script":"<script> [1562 bytes]","args":[{"selector":{"controlType":"sap.m.SearchField","viewName":"etm.portal.ui.managehandovers.view.MasterHO","bindingPath":{"path":"","propertyPath":"/_BASIC_SEARCH_FIELD","modelName":"fi1t3rM0d31"},"interaction":{"idSuffix":"I"}},"wdio_ui5_key":"etmportal.ui.managehandovers.view.MasterHOsap.m.SearchField{\"path\":\"\",\"propertyPath\":\"/_BASIC_SEARCH_FIELD\",\"modelName\":\"fi1t3rM0d31\"}"}]}
RESULT: undefined
COMMAND: POST /session/3637353f0f0366f06ffc96bdd6dcca04/execute/async - {"script":"<script> [776 bytes]","args":[{"enterText":"30651","selector":{"controlType":"sap.m.SearchField","viewName":"etm.portal.ui.managehandovers.view.MasterHO","bindingPath":{"path":"","propertyPath":"/_BASIC_SEARCH_FIELD","modelName":"fi1t3rM0d31"},"interaction":{"idSuffix":"I"}},"clearTextFirst":true,"interactionType":"ENTER_TEXT"}]}
RESULT: {"script":"<script> [776 bytes]","args":[{"enterText":"30651","selector":{"controlType":"sap.m.SearchField","viewName":"etm.portal.ui.managehandovers.view.MasterHO","bindingPath":{"path":"","propertyPath":"/_BASIC_SEARCH_FIELD","modelName":"fi1t3rM0d31"},"interaction":{"idSuffix":"I"}},"clearTextFirst":true,"interactionType":"ENTER_TEXT"}]}
COMMAND: POST /session/3637353f0f0366f06ffc96bdd6dcca04/actions - {"actions":[{"id":"action65","type":"key","parameters":{},"actions":[{"type":"keyDown","value":"î€‡"},{"type":"pause","duration":10},{"type":"keyUp","value":"î€‡"}]}]}
RESULT: {"actions":[{"id":"action65","type":"key","parameters":{},"actions":[{"type":"keyDown","value":"î€‡"},{"type":"pause","duration":10},{"type":"keyUp","value":"î€‡"}]}]}
COMMAND: GET /session/3637353f0f0366f06ffc96bdd6dcca04/screenshot - {}
RESULT: {}
COMMAND: POST /session/3637353f0f0366f06ffc96bdd6dcca04/execute/async - {"script":"<script> [1562 bytes]","args":[{"selector":{"controlType":"sap.ui.core.Icon","viewName":"etm.portal.ui.managehandovers.view.MasterHO","properties":{"src":{"regex":{"source":"slim\\-arrow\\-right"}}}},"wdio_ui5_key":"etmportal.ui.managehandovers.view.MasterHOsap.ui.core.Icon{\"src\":{\"regex\":{\"source\":\"slim\\\\-arrow\\\\-right\"}}}"}]}
RESULT: {"script":"<script> [1562 bytes]","args":[{"selector":{"controlType":"sap.ui.core.Icon","viewName":"etm.portal.ui.managehandovers.view.MasterHO","properties":{"src":{"regex":{"source":"slim\\-arrow\\-right"}}}},"wdio_ui5_key":"etmportal.ui.managehandovers.view.MasterHOsap.ui.core.Icon{\"src\":{\"regex\":{\"source\":\"slim\\\\-arrow\\\\-right\"}}}"}]}
RESULT: undefined
COMMAND: POST /session/3637353f0f0366f06ffc96bdd6dcca04/element - {"using":"xpath","value":"//*[@id=\"__item3412-__clone9150-imgNav\"]"}
RESULT: {"using":"xpath","value":"//*[@id=\"__item3412-__clone9150-imgNav\"]"}
COMMAND: POST /session/3637353f0f0366f06ffc96bdd6dcca04/element/f.FA5AA6ACA71DB73EA77ABAF269C4B101.d.3A95DDAA10A3FEC19CA3CC1E3E638A37.e.14745/click - {}
RESULT: {}
COMMAND: POST /session/3637353f0f0366f06ffc96bdd6dcca04/element - {"using":"xpath","value":"(//span[text()='Instructions'])[2]"}
COMMAND: GET /session/3637353f0f0366f06ffc96bdd6dcca04/screenshot - {}
RESULT: {"using":"xpath","value":"(//span[text()='Instructions'])[2]"}
COMMAND: GET /session/3637353f0f0366f06ffc96bdd6dcca04/element/f.FA5AA6ACA71DB73EA77ABAF269C4B101.d.3A95DDAA10A3FEC19CA3CC1E3E638A37.e.14439/enabled - {}
RESULT: {}
RESULT: {}
COMMAND: POST /session/3637353f0f0366f06ffc96bdd6dcca04/execute/sync - {"script":"<script> [8489 bytes]","args":[{"element-6066-11e4-a52e-4f735466cecf":"f.FA5AA6ACA71DB73EA77ABAF269C4B101.d.3A95DDAA10A3FEC19CA3CC1E3E638A37.e.14439","ELEMENT":"f.FA5AA6ACA71DB73EA77ABAF269C4B101.d.3A95DDAA10A3FEC19CA3CC1E3E638A37.e.14439"}]}
COMMAND: GET /session/3637353f0f0366f06ffc96bdd6dcca04/screenshot - {}
RESULT: {"script":"<script> [8489 bytes]","args":[{"element-6066-11e4-a52e-4f735466cecf":"f.FA5AA6ACA71DB73EA77ABAF269C4B101.d.3A95DDAA10A3FEC19CA3CC1E3E638A37.e.14439","ELEMENT":"f.FA5AA6ACA71DB73EA77ABAF269C4B101.d.3A95DDAA10A3FEC19CA3CC1E3E638A37.e.14439"}]}
COMMAND: POST /session/3637353f0f0366f06ffc96bdd6dcca04/execute/sync - {"script":"<script> [5351 bytes]","args":[{"element-6066-11e4-a52e-4f735466cecf":"f.FA5AA6ACA71DB73EA77ABAF269C4B101.d.3A95DDAA10A3FEC19CA3CC1E3E638A37.e.14439","ELEMENT":"f.FA5AA6ACA71DB73EA77ABAF269C4B101.d.3A95DDAA10A3FEC19CA3CC1E3E638A37.e.14439"}]}
COMMAND: GET /session/3637353f0f0366f06ffc96bdd6dcca04/screenshot - {}
RESULT: {}
RESULT: {"script":"<script> [5351 bytes]","args":[{"element-6066-11e4-a52e-4f735466cecf":"f.FA5AA6ACA71DB73EA77ABAF269C4B101.d.3A95DDAA10A3FEC19CA3CC1E3E638A37.e.14439","ELEMENT":"f.FA5AA6ACA71DB73EA77ABAF269C4B101.d.3A95DDAA10A3FEC19CA3CC1E3E638A37.e.14439"}]}
COMMAND: POST /session/3637353f0f0366f06ffc96bdd6dcca04/element/f.FA5AA6ACA71DB73EA77ABAF269C4B101.d.3A95DDAA10A3FEC19CA3CC1E3E638A37.e.14439/click - {}
COMMAND: GET /session/3637353f0f0366f06ffc96bdd6dcca04/screenshot - {}
RESULT: {}
RESULT: {}
COMMAND: POST /session/3637353f0f0366f06ffc96bdd6dcca04/element - {"using":"xpath","value":"//bdi[text()='Confirm']"}
COMMAND: GET /session/3637353f0f0366f06ffc96bdd6dcca04/screenshot - {}
RESULT: {}
RESULT: {"using":"xpath","value":"//bdi[text()='Confirm']"}
COMMAND: POST /session/3637353f0f0366f06ffc96bdd6dcca04/elements - {"using":"xpath","value":"//bdi[text()='Confirm']"}
RESULT: {}
RESULT: {"using":"xpath","value":"//bdi[text()='Confirm']"}
COMMAND: POST /session/3637353f0f0366f06ffc96bdd6dcca04/elements - {"using":"xpath","value":"//bdi[text()='Confirm']"}
RESULT: {"using":"xpath","value":"//bdi[text()='Confirm']"}
COMMAND: POST /session/3637353f0f0366f06ffc96bdd6dcca04/elements - {"using":"xpath","value":"//bdi[text()='Confirm']"}
RESULT: {"using":"xpath","value":"//bdi[text()='Confirm']"}
COMMAND: POST /session/3637353f0f0366f06ffc96bdd6dcca04/elements - {"using":"xpath","value":"//bdi[text()='Confirm']"}
RESULT: {"using":"xpath","value":"//bdi[text()='Confirm']"}
COMMAND: POST /session/3637353f0f0366f06ffc96bdd6dcca04/element - {"using":"xpath","value":"//bdi[text()='Confirm']"}
RESULT: {"using":"xpath","value":"//bdi[text()='Confirm']"}
COMMAND: GET /session/3637353f0f0366f06ffc96bdd6dcca04/element/f.FA5AA6ACA71DB73EA77ABAF269C4B101.d.3A95DDAA10A3FEC19CA3CC1E3E638A37.e.14797/enabled - {}
RESULT: {}
COMMAND: POST /session/3637353f0f0366f06ffc96bdd6dcca04/execute/sync - {"script":"<script> [8489 bytes]","args":[{"element-6066-11e4-a52e-4f735466cecf":"f.FA5AA6ACA71DB73EA77ABAF269C4B101.d.3A95DDAA10A3FEC19CA3CC1E3E638A37.e.14797","ELEMENT":"f.FA5AA6ACA71DB73EA77ABAF269C4B101.d.3A95DDAA10A3FEC19CA3CC1E3E638A37.e.14797"}]}
COMMAND: GET /session/3637353f0f0366f06ffc96bdd6dcca04/screenshot - {}
RESULT: {"script":"<script> [8489 bytes]","args":[{"element-6066-11e4-a52e-4f735466cecf":"f.FA5AA6ACA71DB73EA77ABAF269C4B101.d.3A95DDAA10A3FEC19CA3CC1E3E638A37.e.14797","ELEMENT":"f.FA5AA6ACA71DB73EA77ABAF269C4B101.d.3A95DDAA10A3FEC19CA3CC1E3E638A37.e.14797"}]}
COMMAND: POST /session/3637353f0f0366f06ffc96bdd6dcca04/execute/sync - {"script":"<script> [5351 bytes]","args":[{"element-6066-11e4-a52e-4f735466cecf":"f.FA5AA6ACA71DB73EA77ABAF269C4B101.d.3A95DDAA10A3FEC19CA3CC1E3E638A37.e.14797","ELEMENT":"f.FA5AA6ACA71DB73EA77ABAF269C4B101.d.3A95DDAA10A3FEC19CA3CC1E3E638A37.e.14797"}]}
COMMAND: GET /session/3637353f0f0366f06ffc96bdd6dcca04/screenshot - {}
RESULT: {}
RESULT: {"script":"<script> [5351 bytes]","args":[{"element-6066-11e4-a52e-4f735466cecf":"f.FA5AA6ACA71DB73EA77ABAF269C4B101.d.3A95DDAA10A3FEC19CA3CC1E3E638A37.e.14797","ELEMENT":"f.FA5AA6ACA71DB73EA77ABAF269C4B101.d.3A95DDAA10A3FEC19CA3CC1E3E638A37.e.14797"}]}
COMMAND: POST /session/3637353f0f0366f06ffc96bdd6dcca04/element/f.FA5AA6ACA71DB73EA77ABAF269C4B101.d.3A95DDAA10A3FEC19CA3CC1E3E638A37.e.14797/click - {}
COMMAND: GET /session/3637353f0f0366f06ffc96bdd6dcca04/screenshot - {}
RESULT: {}
RESULT: {}
COMMAND: POST /session/3637353f0f0366f06ffc96bdd6dcca04/actions - {"actions":[{"id":"action66","type":"key","parameters":{},"actions":[{"type":"keyDown","value":"î€‡"},{"type":"pause","duration":10},{"type":"keyUp","value":"î€‡"}]}]}
COMMAND: GET /session/3637353f0f0366f06ffc96bdd6dcca04/screenshot - {}
RESULT: {}
RESULT: {"actions":[{"id":"action66","type":"key","parameters":{},"actions":[{"type":"keyDown","value":"î€‡"},{"type":"pause","duration":10},{"type":"keyUp","value":"î€‡"}]}]}
COMMAND: POST /session/3637353f0f0366f06ffc96bdd6dcca04/element - {"using":"xpath","value":"//bdi[text()='Issue']"}
COMMAND: GET /session/3637353f0f0366f06ffc96bdd6dcca04/screenshot - {}
RESULT: {}
RESULT: {"using":"xpath","value":"//bdi[text()='Issue']"}
COMMAND: GET /session/3637353f0f0366f06ffc96bdd6dcca04/element/f.FA5AA6ACA71DB73EA77ABAF269C4B101.d.3A95DDAA10A3FEC19CA3CC1E3E638A37.e.14801/enabled - {}
RESULT: {}
RESULT: {}
COMMAND: POST /session/3637353f0f0366f06ffc96bdd6dcca04/execute/sync - {"script":"<script> [8489 bytes]","args":[{"element-6066-11e4-a52e-4f735466cecf":"f.FA5AA6ACA71DB73EA77ABAF269C4B101.d.3A95DDAA10A3FEC19CA3CC1E3E638A37.e.14801","ELEMENT":"f.FA5AA6ACA71DB73EA77ABAF269C4B101.d.3A95DDAA10A3FEC19CA3CC1E3E638A37.e.14801"}]}
COMMAND: GET /session/3637353f0f0366f06ffc96bdd6dcca04/screenshot - {}
RESULT: {"script":"<script> [8489 bytes]","args":[{"element-6066-11e4-a52e-4f735466cecf":"f.FA5AA6ACA71DB73EA77ABAF269C4B101.d.3A95DDAA10A3FEC19CA3CC1E3E638A37.e.14801","ELEMENT":"f.FA5AA6ACA71DB73EA77ABAF269C4B101.d.3A95DDAA10A3FEC19CA3CC1E3E638A37.e.14801"}]}
COMMAND: POST /session/3637353f0f0366f06ffc96bdd6dcca04/execute/sync - {"script":"<script> [5351 bytes]","args":[{"element-6066-11e4-a52e-4f735466cecf":"f.FA5AA6ACA71DB73EA77ABAF269C4B101.d.3A95DDAA10A3FEC19CA3CC1E3E638A37.e.14801","ELEMENT":"f.FA5AA6ACA71DB73EA77ABAF269C4B101.d.3A95DDAA10A3FEC19CA3CC1E3E638A37.e.14801"}]}
COMMAND: GET /session/3637353f0f0366f06ffc96bdd6dcca04/screenshot - {}
RESULT: {}
RESULT: {"script":"<script> [5351 bytes]","args":[{"element-6066-11e4-a52e-4f735466cecf":"f.FA5AA6ACA71DB73EA77ABAF269C4B101.d.3A95DDAA10A3FEC19CA3CC1E3E638A37.e.14801","ELEMENT":"f.FA5AA6ACA71DB73EA77ABAF269C4B101.d.3A95DDAA10A3FEC19CA3CC1E3E638A37.e.14801"}]}
COMMAND: POST /session/3637353f0f0366f06ffc96bdd6dcca04/element/f.FA5AA6ACA71DB73EA77ABAF269C4B101.d.3A95DDAA10A3FEC19CA3CC1E3E638A37.e.14801/click - {}
COMMAND: GET /session/3637353f0f0366f06ffc96bdd6dcca04/screenshot - {}
RESULT: {}
RESULT: {}
COMMAND: POST /session/3637353f0f0366f06ffc96bdd6dcca04/element - {"using":"xpath","value":"//*[text()='Provide to site']"}
COMMAND: GET /session/3637353f0f0366f06ffc96bdd6dcca04/screenshot - {}
RESULT: {}
RESULT: {"using":"xpath","value":"//*[text()='Provide to site']"}
COMMAND: POST /session/3637353f0f0366f06ffc96bdd6dcca04/elements - {"using":"xpath","value":"//*[text()='Provide to site']"}
RESULT: {}
RESULT: {"using":"xpath","value":"//*[text()='Provide to site']"}
COMMAND: POST /session/3637353f0f0366f06ffc96bdd6dcca04/elements - {"using":"xpath","value":"//*[text()='Provide to site']"}
RESULT: {"using":"xpath","value":"//*[text()='Provide to site']"}
COMMAND: POST /session/3637353f0f0366f06ffc96bdd6dcca04/elements - {"using":"xpath","value":"//*[text()='Provide to site']"}
RESULT: {"using":"xpath","value":"//*[text()='Provide to site']"}
COMMAND: POST /session/3637353f0f0366f06ffc96bdd6dcca04/elements - {"using":"xpath","value":"//*[text()='Provide to site']"}
RESULT: {"using":"xpath","value":"//*[text()='Provide to site']"}
COMMAND: POST /session/3637353f0f0366f06ffc96bdd6dcca04/elements - {"using":"xpath","value":"//*[text()='Provide to site']"}
RESULT: {"using":"xpath","value":"//*[text()='Provide to site']"}
COMMAND: POST /session/3637353f0f0366f06ffc96bdd6dcca04/elements - {"using":"xpath","value":"//*[text()='Provide to site']"}
RESULT: {"using":"xpath","value":"//*[text()='Provide to site']"}
COMMAND: POST /session/3637353f0f0366f06ffc96bdd6dcca04/elements - {"using":"xpath","value":"//*[text()='Provide to site']"}
RESULT: {"using":"xpath","value":"//*[text()='Provide to site']"}
COMMAND: POST /session/3637353f0f0366f06ffc96bdd6dcca04/elements - {"using":"xpath","value":"//*[text()='Provide to site']"}
RESULT: {"using":"xpath","value":"//*[text()='Provide to site']"}
COMMAND: POST /session/3637353f0f0366f06ffc96bdd6dcca04/elements - {"using":"xpath","value":"//*[text()='Provide to site']"}
RESULT: {"using":"xpath","value":"//*[text()='Provide to site']"}
COMMAND: POST /session/3637353f0f0366f06ffc96bdd6dcca04/elements - {"using":"xpath","value":"//*[text()='Provide to site']"}
RESULT: {"using":"xpath","value":"//*[text()='Provide to site']"}
COMMAND: POST /session/3637353f0f0366f06ffc96bdd6dcca04/elements - {"using":"xpath","value":"//*[text()='Provide to site']"}
RESULT: {"using":"xpath","value":"//*[text()='Provide to site']"}
COMMAND: POST /session/3637353f0f0366f06ffc96bdd6dcca04/elements - {"using":"xpath","value":"//*[text()='Provide to site']"}
RESULT: {"using":"xpath","value":"//*[text()='Provide to site']"}
COMMAND: POST /session/3637353f0f0366f06ffc96bdd6dcca04/elements - {"using":"xpath","value":"//*[text()='Provide to site']"}
RESULT: {"using":"xpath","value":"//*[text()='Provide to site']"}
COMMAND: POST /session/3637353f0f0366f06ffc96bdd6dcca04/elements - {"using":"xpath","value":"//*[text()='Provide to site']"}
RESULT: {"using":"xpath","value":"//*[text()='Provide to site']"}
COMMAND: POST /session/3637353f0f0366f06ffc96bdd6dcca04/elements - {"using":"xpath","value":"//*[text()='Provide to site']"}
RESULT: {"using":"xpath","value":"//*[text()='Provide to site']"}
COMMAND: POST /session/3637353f0f0366f06ffc96bdd6dcca04/elements - {"using":"xpath","value":"//*[text()='Provide to site']"}
RESULT: {"using":"xpath","value":"//*[text()='Provide to site']"}
COMMAND: POST /session/3637353f0f0366f06ffc96bdd6dcca04/elements - {"using":"xpath","value":"//*[text()='Provide to site']"}
RESULT: {"using":"xpath","value":"//*[text()='Provide to site']"}
COMMAND: POST /session/3637353f0f0366f06ffc96bdd6dcca04/elements - {"using":"xpath","value":"//*[text()='Provide to site']"}
RESULT: {"using":"xpath","value":"//*[text()='Provide to site']"}
COMMAND: POST /session/3637353f0f0366f06ffc96bdd6dcca04/elements - {"using":"xpath","value":"//*[text()='Provide to site']"}
RESULT: {"using":"xpath","value":"//*[text()='Provide to site']"}
COMMAND: POST /session/3637353f0f0366f06ffc96bdd6dcca04/elements - {"using":"xpath","value":"//*[text()='Provide to site']"}
RESULT: {"using":"xpath","value":"//*[text()='Provide to site']"}
COMMAND: POST /session/3637353f0f0366f06ffc96bdd6dcca04/elements - {"using":"xpath","value":"//*[text()='Provide to site']"}
RESULT: {"using":"xpath","value":"//*[text()='Provide to site']"}
COMMAND: POST /session/3637353f0f0366f06ffc96bdd6dcca04/elements - {"using":"xpath","value":"//*[text()='Provide to site']"}
RESULT: {"using":"xpath","value":"//*[text()='Provide to site']"}
COMMAND: POST /session/3637353f0f0366f06ffc96bdd6dcca04/elements - {"using":"xpath","value":"//*[text()='Provide to site']"}
RESULT: {"using":"xpath","value":"//*[text()='Provide to site']"}
COMMAND: POST /session/3637353f0f0366f06ffc96bdd6dcca04/elements - {"using":"xpath","value":"//*[text()='Provide to site']"}
RESULT: {"using":"xpath","value":"//*[text()='Provide to site']"}
COMMAND: POST /session/3637353f0f0366f06ffc96bdd6dcca04/elements - {"using":"xpath","value":"//*[text()='Provide to site']"}
RESULT: {"using":"xpath","value":"//*[text()='Provide to site']"}
COMMAND: POST /session/3637353f0f0366f06ffc96bdd6dcca04/elements - {"using":"xpath","value":"//*[text()='Provide to site']"}
RESULT: {"using":"xpath","value":"//*[text()='Provide to site']"}
COMMAND: POST /session/3637353f0f0366f06ffc96bdd6dcca04/elements - {"using":"xpath","value":"//*[text()='Provide to site']"}
RESULT: {"using":"xpath","value":"//*[text()='Provide to site']"}
COMMAND: POST /session/3637353f0f0366f06ffc96bdd6dcca04/elements - {"using":"xpath","value":"//*[text()='Provide to site']"}
RESULT: {"using":"xpath","value":"//*[text()='Provide to site']"}
COMMAND: POST /session/3637353f0f0366f06ffc96bdd6dcca04/elements - {"using":"xpath","value":"//*[text()='Provide to site']"}
RESULT: {"using":"xpath","value":"//*[text()='Provide to site']"}
COMMAND: POST /session/3637353f0f0366f06ffc96bdd6dcca04/elements - {"using":"xpath","value":"//*[text()='Provide to site']"}
RESULT: {"using":"xpath","value":"//*[text()='Provide to site']"}
COMMAND: POST /session/3637353f0f0366f06ffc96bdd6dcca04/elements - {"using":"xpath","value":"//*[text()='Provide to site']"}
RESULT: {"using":"xpath","value":"//*[text()='Provide to site']"}
COMMAND: POST /session/3637353f0f0366f06ffc96bdd6dcca04/elements - {"using":"xpath","value":"//*[text()='Provide to site']"}
RESULT: {"using":"xpath","value":"//*[text()='Provide to site']"}
COMMAND: POST /session/3637353f0f0366f06ffc96bdd6dcca04/elements - {"using":"xpath","value":"//*[text()='Provide to site']"}
RESULT: {"using":"xpath","value":"//*[text()='Provide to site']"}
COMMAND: POST /session/3637353f0f0366f06ffc96bdd6dcca04/elements - {"using":"xpath","value":"//*[text()='Provide to site']"}
RESULT: {"using":"xpath","value":"//*[text()='Provide to site']"}
COMMAND: POST /session/3637353f0f0366f06ffc96bdd6dcca04/elements - {"using":"xpath","value":"//*[text()='Provide to site']"}
RESULT: {"using":"xpath","value":"//*[text()='Provide to site']"}
COMMAND: POST /session/3637353f0f0366f06ffc96bdd6dcca04/elements - {"using":"xpath","value":"//*[text()='Provide to site']"}
RESULT: {"using":"xpath","value":"//*[text()='Provide to site']"}
COMMAND: POST /session/3637353f0f0366f06ffc96bdd6dcca04/elements - {"using":"xpath","value":"//*[text()='Provide to site']"}
RESULT: {"using":"xpath","value":"//*[text()='Provide to site']"}
COMMAND: POST /session/3637353f0f0366f06ffc96bdd6dcca04/elements - {"using":"xpath","value":"//*[text()='Provide to site']"}
RESULT: {"using":"xpath","value":"//*[text()='Provide to site']"}
COMMAND: POST /session/3637353f0f0366f06ffc96bdd6dcca04/elements - {"using":"xpath","value":"//*[text()='Provide to site']"}
RESULT: {"using":"xpath","value":"//*[text()='Provide to site']"}
COMMAND: POST /session/3637353f0f0366f06ffc96bdd6dcca04/elements - {"using":"xpath","value":"//*[text()='Provide to site']"}
RESULT: {"using":"xpath","value":"//*[text()='Provide to site']"}
COMMAND: POST /session/3637353f0f0366f06ffc96bdd6dcca04/elements - {"using":"xpath","value":"//*[text()='Provide to site']"}
RESULT: {"using":"xpath","value":"//*[text()='Provide to site']"}
COMMAND: POST /session/3637353f0f0366f06ffc96bdd6dcca04/elements - {"using":"xpath","value":"//*[text()='Provide to site']"}
RESULT: {"using":"xpath","value":"//*[text()='Provide to site']"}
COMMAND: POST /session/3637353f0f0366f06ffc96bdd6dcca04/elements - {"using":"xpath","value":"//*[text()='Provide to site']"}
RESULT: {"using":"xpath","value":"//*[text()='Provide to site']"}
COMMAND: POST /session/3637353f0f0366f06ffc96bdd6dcca04/elements - {"using":"xpath","value":"//*[text()='Provide to site']"}
RESULT: {"using":"xpath","value":"//*[text()='Provide to site']"}
COMMAND: POST /session/3637353f0f0366f06ffc96bdd6dcca04/elements - {"using":"xpath","value":"//*[text()='Provide to site']"}
RESULT: {"using":"xpath","value":"//*[text()='Provide to site']"}
COMMAND: POST /session/3637353f0f0366f06ffc96bdd6dcca04/elements - {"using":"xpath","value":"//*[text()='Provide to site']"}
RESULT: {"using":"xpath","value":"//*[text()='Provide to site']"}
COMMAND: POST /session/3637353f0f0366f06ffc96bdd6dcca04/elements - {"using":"xpath","value":"//*[text()='Provide to site']"}
RESULT: {"using":"xpath","value":"//*[text()='Provide to site']"}
COMMAND: POST /session/3637353f0f0366f06ffc96bdd6dcca04/elements - {"using":"xpath","value":"//*[text()='Provide to site']"}
RESULT: {"using":"xpath","value":"//*[text()='Provide to site']"}
COMMAND: POST /session/3637353f0f0366f06ffc96bdd6dcca04/elements - {"using":"xpath","value":"//*[text()='Provide to site']"}
RESULT: {"using":"xpath","value":"//*[text()='Provide to site']"}
COMMAND: POST /session/3637353f0f0366f06ffc96bdd6dcca04/elements - {"using":"xpath","value":"//*[text()='Provide to site']"}
RESULT: {"using":"xpath","value":"//*[text()='Provide to site']"}
COMMAND: POST /session/3637353f0f0366f06ffc96bdd6dcca04/elements - {"using":"xpath","value":"//*[text()='Provide to site']"}
RESULT: {"using":"xpath","value":"//*[text()='Provide to site']"}
COMMAND: POST /session/3637353f0f0366f06ffc96bdd6dcca04/elements - {"using":"xpath","value":"//*[text()='Provide to site']"}
RESULT: {"using":"xpath","value":"//*[text()='Provide to site']"}
COMMAND: POST /session/3637353f0f0366f06ffc96bdd6dcca04/elements - {"using":"xpath","value":"//*[text()='Provide to site']"}
RESULT: {"using":"xpath","value":"//*[text()='Provide to site']"}
COMMAND: POST /session/3637353f0f0366f06ffc96bdd6dcca04/elements - {"using":"xpath","value":"//*[text()='Provide to site']"}
RESULT: {"using":"xpath","value":"//*[text()='Provide to site']"}
COMMAND: POST /session/3637353f0f0366f06ffc96bdd6dcca04/elements - {"using":"xpath","value":"//*[text()='Provide to site']"}
RESULT: {"using":"xpath","value":"//*[text()='Provide to site']"}
COMMAND: POST /session/3637353f0f0366f06ffc96bdd6dcca04/elements - {"using":"xpath","value":"//*[text()='Provide to site']"}
RESULT: {"using":"xpath","value":"//*[text()='Provide to site']"}
COMMAND: POST /session/3637353f0f0366f06ffc96bdd6dcca04/elements - {"using":"xpath","value":"//*[text()='Provide to site']"}
RESULT: {"using":"xpath","value":"//*[text()='Provide to site']"}
COMMAND: POST /session/3637353f0f0366f06ffc96bdd6dcca04/elements - {"using":"xpath","value":"//*[text()='Provide to site']"}
RESULT: {"using":"xpath","value":"//*[text()='Provide to site']"}
COMMAND: POST /session/3637353f0f0366f06ffc96bdd6dcca04/elements - {"using":"xpath","value":"//*[text()='Provide to site']"}
RESULT: {"using":"xpath","value":"//*[text()='Provide to site']"}
COMMAND: POST /session/3637353f0f0366f06ffc96bdd6dcca04/elements - {"using":"xpath","value":"//*[text()='Provide to site']"}
RESULT: {"using":"xpath","value":"//*[text()='Provide to site']"}
COMMAND: POST /session/3637353f0f0366f06ffc96bdd6dcca04/elements - {"using":"xpath","value":"//*[text()='Provide to site']"}
RESULT: {"using":"xpath","value":"//*[text()='Provide to site']"}
COMMAND: POST /session/3637353f0f0366f06ffc96bdd6dcca04/elements - {"using":"xpath","value":"//*[text()='Provide to site']"}
RESULT: {"using":"xpath","value":"//*[text()='Provide to site']"}
COMMAND: POST /session/3637353f0f0366f06ffc96bdd6dcca04/elements - {"using":"xpath","value":"//*[text()='Provide to site']"}
RESULT: {"using":"xpath","value":"//*[text()='Provide to site']"}
COMMAND: POST /session/3637353f0f0366f06ffc96bdd6dcca04/elements - {"using":"xpath","value":"//*[text()='Provide to site']"}
RESULT: {"using":"xpath","value":"//*[text()='Provide to site']"}
COMMAND: POST /session/3637353f0f0366f06ffc96bdd6dcca04/elements - {"using":"xpath","value":"//*[text()='Provide to site']"}
RESULT: {"using":"xpath","value":"//*[text()='Provide to site']"}
COMMAND: POST /session/3637353f0f0366f06ffc96bdd6dcca04/elements - {"using":"xpath","value":"//*[text()='Provide to site']"}
RESULT: {"using":"xpath","value":"//*[text()='Provide to site']"}
COMMAND: POST /session/3637353f0f0366f06ffc96bdd6dcca04/elements - {"using":"xpath","value":"//*[text()='Provide to site']"}
RESULT: {"using":"xpath","value":"//*[text()='Provide to site']"}
COMMAND: POST /session/3637353f0f0366f06ffc96bdd6dcca04/elements - {"using":"xpath","value":"//*[text()='Provide to site']"}
RESULT: {"using":"xpath","value":"//*[text()='Provide to site']"}
COMMAND: POST /session/3637353f0f0366f06ffc96bdd6dcca04/elements - {"using":"xpath","value":"//*[text()='Provide to site']"}
RESULT: {"using":"xpath","value":"//*[text()='Provide to site']"}
COMMAND: POST /session/3637353f0f0366f06ffc96bdd6dcca04/elements - {"using":"xpath","value":"//*[text()='Provide to site']"}
RESULT: {"using":"xpath","value":"//*[text()='Provide to site']"}
COMMAND: POST /session/3637353f0f0366f06ffc96bdd6dcca04/elements - {"using":"xpath","value":"//*[text()='Provide to site']"}
RESULT: {"using":"xpath","value":"//*[text()='Provide to site']"}
COMMAND: POST /session/3637353f0f0366f06ffc96bdd6dcca04/elements - {"using":"xpath","value":"//*[text()='Provide to site']"}
RESULT: {"using":"xpath","value":"//*[text()='Provide to site']"}
COMMAND: POST /session/3637353f0f0366f06ffc96bdd6dcca04/elements - {"using":"xpath","value":"//*[text()='Provide to site']"}
RESULT: {"using":"xpath","value":"//*[text()='Provide to site']"}
COMMAND: POST /session/3637353f0f0366f06ffc96bdd6dcca04/elements - {"using":"xpath","value":"//*[text()='Provide to site']"}
RESULT: {"using":"xpath","value":"//*[text()='Provide to site']"}
COMMAND: POST /session/3637353f0f0366f06ffc96bdd6dcca04/elements - {"using":"xpath","value":"//*[text()='Provide to site']"}
RESULT: {"using":"xpath","value":"//*[text()='Provide to site']"}
COMMAND: POST /session/3637353f0f0366f06ffc96bdd6dcca04/elements - {"using":"xpath","value":"//*[text()='Provide to site']"}
RESULT: {"using":"xpath","value":"//*[text()='Provide to site']"}
COMMAND: POST /session/3637353f0f0366f06ffc96bdd6dcca04/elements - {"using":"xpath","value":"//*[text()='Provide to site']"}
RESULT: {"using":"xpath","value":"//*[text()='Provide to site']"}
COMMAND: POST /session/3637353f0f0366f06ffc96bdd6dcca04/elements - {"using":"xpath","value":"//*[text()='Provide to site']"}
RESULT: {"using":"xpath","value":"//*[text()='Provide to site']"}
COMMAND: POST /session/3637353f0f0366f06ffc96bdd6dcca04/elements - {"using":"xpath","value":"//*[text()='Provide to site']"}
RESULT: {"using":"xpath","value":"//*[text()='Provide to site']"}
COMMAND: POST /session/3637353f0f0366f06ffc96bdd6dcca04/elements - {"using":"xpath","value":"//*[text()='Provide to site']"}
RESULT: {"using":"xpath","value":"//*[text()='Provide to site']"}
COMMAND: POST /session/3637353f0f0366f06ffc96bdd6dcca04/elements - {"using":"xpath","value":"//*[text()='Provide to site']"}
RESULT: {"using":"xpath","value":"//*[text()='Provide to site']"}
COMMAND: POST /session/3637353f0f0366f06ffc96bdd6dcca04/elements - {"using":"xpath","value":"//*[text()='Provide to site']"}
RESULT: {"using":"xpath","value":"//*[text()='Provide to site']"}
COMMAND: POST /session/3637353f0f0366f06ffc96bdd6dcca04/elements - {"using":"xpath","value":"//*[text()='Provide to site']"}
RESULT: {"using":"xpath","value":"//*[text()='Provide to site']"}
COMMAND: POST /session/3637353f0f0366f06ffc96bdd6dcca04/elements - {"using":"xpath","value":"//*[text()='Provide to site']"}
RESULT: {"using":"xpath","value":"//*[text()='Provide to site']"}
COMMAND: POST /session/3637353f0f0366f06ffc96bdd6dcca04/elements - {"using":"xpath","value":"//*[text()='Provide to site']"}
RESULT: {"using":"xpath","value":"//*[text()='Provide to site']"}
COMMAND: POST /session/3637353f0f0366f06ffc96bdd6dcca04/elements - {"using":"xpath","value":"//*[text()='Provide to site']"}
RESULT: {"using":"xpath","value":"//*[text()='Provide to site']"}
COMMAND: POST /session/3637353f0f0366f06ffc96bdd6dcca04/elements - {"using":"xpath","value":"//*[text()='Provide to site']"}
RESULT: {"using":"xpath","value":"//*[text()='Provide to site']"}
COMMAND: POST /session/3637353f0f0366f06ffc96bdd6dcca04/elements - {"using":"xpath","value":"//*[text()='Provide to site']"}
RESULT: {"using":"xpath","value":"//*[text()='Provide to site']"}
COMMAND: POST /session/3637353f0f0366f06ffc96bdd6dcca04/elements - {"using":"xpath","value":"//*[text()='Provide to site']"}
RESULT: {"using":"xpath","value":"//*[text()='Provide to site']"}
COMMAND: POST /session/3637353f0f0366f06ffc96bdd6dcca04/elements - {"using":"xpath","value":"//*[text()='Provide to site']"}
RESULT: {"using":"xpath","value":"//*[text()='Provide to site']"}
COMMAND: POST /session/3637353f0f0366f06ffc96bdd6dcca04/elements - {"using":"xpath","value":"//*[text()='provide (received)']"}
RESULT: {"using":"xpath","value":"//*[text()='provide (received)']"}
]]></system-out>
    </testcase>
    <testcase classname="chrome.135_0_7049_96.windows.Provide_to_Site_w/o_warehouse_management_wo_clarification" name="Should Test for Handover Execution" time="254.588">
      <system-out><![CDATA[
COMMAND: POST /session/3637353f0f0366f06ffc96bdd6dcca04/element - {"using":"xpath","value":"//*[text()='false']"}
RESULT: {"using":"xpath","value":"//*[text()='false']"}
COMMAND: GET /session/3637353f0f0366f06ffc96bdd6dcca04/element/f.FA5AA6ACA71DB73EA77ABAF269C4B101.d.3A95DDAA10A3FEC19CA3CC1E3E638A37.e.14834/enabled - {}
RESULT: {}
COMMAND: POST /session/3637353f0f0366f06ffc96bdd6dcca04/execute/sync - {"script":"<script> [8489 bytes]","args":[{"element-6066-11e4-a52e-4f735466cecf":"f.FA5AA6ACA71DB73EA77ABAF269C4B101.d.3A95DDAA10A3FEC19CA3CC1E3E638A37.e.14834","ELEMENT":"f.FA5AA6ACA71DB73EA77ABAF269C4B101.d.3A95DDAA10A3FEC19CA3CC1E3E638A37.e.14834"}]}
COMMAND: GET /session/3637353f0f0366f06ffc96bdd6dcca04/screenshot - {}
RESULT: {"script":"<script> [8489 bytes]","args":[{"element-6066-11e4-a52e-4f735466cecf":"f.FA5AA6ACA71DB73EA77ABAF269C4B101.d.3A95DDAA10A3FEC19CA3CC1E3E638A37.e.14834","ELEMENT":"f.FA5AA6ACA71DB73EA77ABAF269C4B101.d.3A95DDAA10A3FEC19CA3CC1E3E638A37.e.14834"}]}
COMMAND: POST /session/3637353f0f0366f06ffc96bdd6dcca04/execute/sync - {"script":"<script> [5351 bytes]","args":[{"element-6066-11e4-a52e-4f735466cecf":"f.FA5AA6ACA71DB73EA77ABAF269C4B101.d.3A95DDAA10A3FEC19CA3CC1E3E638A37.e.14834","ELEMENT":"f.FA5AA6ACA71DB73EA77ABAF269C4B101.d.3A95DDAA10A3FEC19CA3CC1E3E638A37.e.14834"}]}
COMMAND: GET /session/3637353f0f0366f06ffc96bdd6dcca04/screenshot - {}
RESULT: {}
RESULT: {"script":"<script> [5351 bytes]","args":[{"element-6066-11e4-a52e-4f735466cecf":"f.FA5AA6ACA71DB73EA77ABAF269C4B101.d.3A95DDAA10A3FEC19CA3CC1E3E638A37.e.14834","ELEMENT":"f.FA5AA6ACA71DB73EA77ABAF269C4B101.d.3A95DDAA10A3FEC19CA3CC1E3E638A37.e.14834"}]}
COMMAND: POST /session/3637353f0f0366f06ffc96bdd6dcca04/element/f.FA5AA6ACA71DB73EA77ABAF269C4B101.d.3A95DDAA10A3FEC19CA3CC1E3E638A37.e.14834/click - {}
COMMAND: GET /session/3637353f0f0366f06ffc96bdd6dcca04/screenshot - {}
RESULT: {}
RESULT: {}
COMMAND: POST /session/3637353f0f0366f06ffc96bdd6dcca04/element - {"using":"xpath","value":"//span[text()='Provide to site - Completed']"}
COMMAND: GET /session/3637353f0f0366f06ffc96bdd6dcca04/screenshot - {}
RESULT: {}
RESULT: {"using":"xpath","value":"//span[text()='Provide to site - Completed']"}
COMMAND: POST /session/3637353f0f0366f06ffc96bdd6dcca04/elements - {"using":"xpath","value":"//span[text()='Provide to site - Completed']"}
RESULT: {}
RESULT: {"using":"xpath","value":"//span[text()='Provide to site - Completed']"}
COMMAND: POST /session/3637353f0f0366f06ffc96bdd6dcca04/elements - {"using":"xpath","value":"//span[text()='Provide to site - Completed']"}
RESULT: {"using":"xpath","value":"//span[text()='Provide to site - Completed']"}
COMMAND: POST /session/3637353f0f0366f06ffc96bdd6dcca04/elements - {"using":"xpath","value":"//span[text()='Provide to site - Completed']"}
RESULT: {"using":"xpath","value":"//span[text()='Provide to site - Completed']"}
COMMAND: POST /session/3637353f0f0366f06ffc96bdd6dcca04/element - {"using":"xpath","value":"//span[text()='Provide to site - Completed']"}
RESULT: {"using":"xpath","value":"//span[text()='Provide to site - Completed']"}
COMMAND: GET /session/3637353f0f0366f06ffc96bdd6dcca04/element/f.FA5AA6ACA71DB73EA77ABAF269C4B101.d.3A95DDAA10A3FEC19CA3CC1E3E638A37.e.14872/enabled - {}
RESULT: {}
COMMAND: POST /session/3637353f0f0366f06ffc96bdd6dcca04/execute/sync - {"script":"<script> [8489 bytes]","args":[{"element-6066-11e4-a52e-4f735466cecf":"f.FA5AA6ACA71DB73EA77ABAF269C4B101.d.3A95DDAA10A3FEC19CA3CC1E3E638A37.e.14872","ELEMENT":"f.FA5AA6ACA71DB73EA77ABAF269C4B101.d.3A95DDAA10A3FEC19CA3CC1E3E638A37.e.14872"}]}
COMMAND: GET /session/3637353f0f0366f06ffc96bdd6dcca04/screenshot - {}
RESULT: {"script":"<script> [8489 bytes]","args":[{"element-6066-11e4-a52e-4f735466cecf":"f.FA5AA6ACA71DB73EA77ABAF269C4B101.d.3A95DDAA10A3FEC19CA3CC1E3E638A37.e.14872","ELEMENT":"f.FA5AA6ACA71DB73EA77ABAF269C4B101.d.3A95DDAA10A3FEC19CA3CC1E3E638A37.e.14872"}]}
COMMAND: GET /session/3637353f0f0366f06ffc96bdd6dcca04/screenshot - {}
RESULT: {}
COMMAND: POST /session/3637353f0f0366f06ffc96bdd6dcca04/execute/sync - {"script":"<script> [8489 bytes]","args":[{"element-6066-11e4-a52e-4f735466cecf":"f.FA5AA6ACA71DB73EA77ABAF269C4B101.d.3A95DDAA10A3FEC19CA3CC1E3E638A37.e.14872","ELEMENT":"f.FA5AA6ACA71DB73EA77ABAF269C4B101.d.3A95DDAA10A3FEC19CA3CC1E3E638A37.e.14872"}]}
RESULT: {}
RESULT: {"script":"<script> [8489 bytes]","args":[{"element-6066-11e4-a52e-4f735466cecf":"f.FA5AA6ACA71DB73EA77ABAF269C4B101.d.3A95DDAA10A3FEC19CA3CC1E3E638A37.e.14872","ELEMENT":"f.FA5AA6ACA71DB73EA77ABAF269C4B101.d.3A95DDAA10A3FEC19CA3CC1E3E638A37.e.14872"}]}
COMMAND: GET /session/3637353f0f0366f06ffc96bdd6dcca04/screenshot - {}
RESULT: {}
COMMAND: POST /session/3637353f0f0366f06ffc96bdd6dcca04/execute/sync - {"script":"<script> [8489 bytes]","args":[{"element-6066-11e4-a52e-4f735466cecf":"f.FA5AA6ACA71DB73EA77ABAF269C4B101.d.3A95DDAA10A3FEC19CA3CC1E3E638A37.e.14872","ELEMENT":"f.FA5AA6ACA71DB73EA77ABAF269C4B101.d.3A95DDAA10A3FEC19CA3CC1E3E638A37.e.14872"}]}
RESULT: {"script":"<script> [8489 bytes]","args":[{"element-6066-11e4-a52e-4f735466cecf":"f.FA5AA6ACA71DB73EA77ABAF269C4B101.d.3A95DDAA10A3FEC19CA3CC1E3E638A37.e.14872","ELEMENT":"f.FA5AA6ACA71DB73EA77ABAF269C4B101.d.3A95DDAA10A3FEC19CA3CC1E3E638A37.e.14872"}]}
COMMAND: GET /session/3637353f0f0366f06ffc96bdd6dcca04/screenshot - {}
RESULT: {}
COMMAND: POST /session/3637353f0f0366f06ffc96bdd6dcca04/execute/sync - {"script":"<script> [8489 bytes]","args":[{"element-6066-11e4-a52e-4f735466cecf":"f.FA5AA6ACA71DB73EA77ABAF269C4B101.d.3A95DDAA10A3FEC19CA3CC1E3E638A37.e.14872","ELEMENT":"f.FA5AA6ACA71DB73EA77ABAF269C4B101.d.3A95DDAA10A3FEC19CA3CC1E3E638A37.e.14872"}]}
RESULT: {"script":"<script> [8489 bytes]","args":[{"element-6066-11e4-a52e-4f735466cecf":"f.FA5AA6ACA71DB73EA77ABAF269C4B101.d.3A95DDAA10A3FEC19CA3CC1E3E638A37.e.14872","ELEMENT":"f.FA5AA6ACA71DB73EA77ABAF269C4B101.d.3A95DDAA10A3FEC19CA3CC1E3E638A37.e.14872"}]}
COMMAND: GET /session/3637353f0f0366f06ffc96bdd6dcca04/screenshot - {}
RESULT: {}
COMMAND: POST /session/3637353f0f0366f06ffc96bdd6dcca04/execute/sync - {"script":"<script> [8489 bytes]","args":[{"element-6066-11e4-a52e-4f735466cecf":"f.FA5AA6ACA71DB73EA77ABAF269C4B101.d.3A95DDAA10A3FEC19CA3CC1E3E638A37.e.14872","ELEMENT":"f.FA5AA6ACA71DB73EA77ABAF269C4B101.d.3A95DDAA10A3FEC19CA3CC1E3E638A37.e.14872"}]}
RESULT: {"script":"<script> [8489 bytes]","args":[{"element-6066-11e4-a52e-4f735466cecf":"f.FA5AA6ACA71DB73EA77ABAF269C4B101.d.3A95DDAA10A3FEC19CA3CC1E3E638A37.e.14872","ELEMENT":"f.FA5AA6ACA71DB73EA77ABAF269C4B101.d.3A95DDAA10A3FEC19CA3CC1E3E638A37.e.14872"}]}
COMMAND: GET /session/3637353f0f0366f06ffc96bdd6dcca04/screenshot - {}
RESULT: {}
COMMAND: POST /session/3637353f0f0366f06ffc96bdd6dcca04/execute/sync - {"script":"<script> [8489 bytes]","args":[{"element-6066-11e4-a52e-4f735466cecf":"f.FA5AA6ACA71DB73EA77ABAF269C4B101.d.3A95DDAA10A3FEC19CA3CC1E3E638A37.e.14872","ELEMENT":"f.FA5AA6ACA71DB73EA77ABAF269C4B101.d.3A95DDAA10A3FEC19CA3CC1E3E638A37.e.14872"}]}
RESULT: {"script":"<script> [8489 bytes]","args":[{"element-6066-11e4-a52e-4f735466cecf":"f.FA5AA6ACA71DB73EA77ABAF269C4B101.d.3A95DDAA10A3FEC19CA3CC1E3E638A37.e.14872","ELEMENT":"f.FA5AA6ACA71DB73EA77ABAF269C4B101.d.3A95DDAA10A3FEC19CA3CC1E3E638A37.e.14872"}]}
COMMAND: GET /session/3637353f0f0366f06ffc96bdd6dcca04/screenshot - {}
RESULT: {}
COMMAND: POST /session/3637353f0f0366f06ffc96bdd6dcca04/execute/sync - {"script":"<script> [8489 bytes]","args":[{"element-6066-11e4-a52e-4f735466cecf":"f.FA5AA6ACA71DB73EA77ABAF269C4B101.d.3A95DDAA10A3FEC19CA3CC1E3E638A37.e.14872","ELEMENT":"f.FA5AA6ACA71DB73EA77ABAF269C4B101.d.3A95DDAA10A3FEC19CA3CC1E3E638A37.e.14872"}]}
RESULT: {"script":"<script> [8489 bytes]","args":[{"element-6066-11e4-a52e-4f735466cecf":"f.FA5AA6ACA71DB73EA77ABAF269C4B101.d.3A95DDAA10A3FEC19CA3CC1E3E638A37.e.14872","ELEMENT":"f.FA5AA6ACA71DB73EA77ABAF269C4B101.d.3A95DDAA10A3FEC19CA3CC1E3E638A37.e.14872"}]}
COMMAND: GET /session/3637353f0f0366f06ffc96bdd6dcca04/screenshot - {}
RESULT: {}
COMMAND: POST /session/3637353f0f0366f06ffc96bdd6dcca04/execute/sync - {"script":"<script> [8489 bytes]","args":[{"element-6066-11e4-a52e-4f735466cecf":"f.FA5AA6ACA71DB73EA77ABAF269C4B101.d.3A95DDAA10A3FEC19CA3CC1E3E638A37.e.14872","ELEMENT":"f.FA5AA6ACA71DB73EA77ABAF269C4B101.d.3A95DDAA10A3FEC19CA3CC1E3E638A37.e.14872"}]}
RESULT: {"script":"<script> [8489 bytes]","args":[{"element-6066-11e4-a52e-4f735466cecf":"f.FA5AA6ACA71DB73EA77ABAF269C4B101.d.3A95DDAA10A3FEC19CA3CC1E3E638A37.e.14872","ELEMENT":"f.FA5AA6ACA71DB73EA77ABAF269C4B101.d.3A95DDAA10A3FEC19CA3CC1E3E638A37.e.14872"}]}
COMMAND: GET /session/3637353f0f0366f06ffc96bdd6dcca04/screenshot - {}
RESULT: {}
COMMAND: POST /session/3637353f0f0366f06ffc96bdd6dcca04/execute/sync - {"script":"<script> [8489 bytes]","args":[{"element-6066-11e4-a52e-4f735466cecf":"f.FA5AA6ACA71DB73EA77ABAF269C4B101.d.3A95DDAA10A3FEC19CA3CC1E3E638A37.e.14872","ELEMENT":"f.FA5AA6ACA71DB73EA77ABAF269C4B101.d.3A95DDAA10A3FEC19CA3CC1E3E638A37.e.14872"}]}
RESULT: {"script":"<script> [8489 bytes]","args":[{"element-6066-11e4-a52e-4f735466cecf":"f.FA5AA6ACA71DB73EA77ABAF269C4B101.d.3A95DDAA10A3FEC19CA3CC1E3E638A37.e.14872","ELEMENT":"f.FA5AA6ACA71DB73EA77ABAF269C4B101.d.3A95DDAA10A3FEC19CA3CC1E3E638A37.e.14872"}]}
COMMAND: GET /session/3637353f0f0366f06ffc96bdd6dcca04/screenshot - {}
RESULT: {}
COMMAND: POST /session/3637353f0f0366f06ffc96bdd6dcca04/execute/sync - {"script":"<script> [8489 bytes]","args":[{"element-6066-11e4-a52e-4f735466cecf":"f.FA5AA6ACA71DB73EA77ABAF269C4B101.d.3A95DDAA10A3FEC19CA3CC1E3E638A37.e.14872","ELEMENT":"f.FA5AA6ACA71DB73EA77ABAF269C4B101.d.3A95DDAA10A3FEC19CA3CC1E3E638A37.e.14872"}]}
RESULT: {"script":"<script> [8489 bytes]","args":[{"element-6066-11e4-a52e-4f735466cecf":"f.FA5AA6ACA71DB73EA77ABAF269C4B101.d.3A95DDAA10A3FEC19CA3CC1E3E638A37.e.14872","ELEMENT":"f.FA5AA6ACA71DB73EA77ABAF269C4B101.d.3A95DDAA10A3FEC19CA3CC1E3E638A37.e.14872"}]}
COMMAND: GET /session/3637353f0f0366f06ffc96bdd6dcca04/screenshot - {}
RESULT: {}
COMMAND: POST /session/3637353f0f0366f06ffc96bdd6dcca04/execute/sync - {"script":"<script> [8489 bytes]","args":[{"element-6066-11e4-a52e-4f735466cecf":"f.FA5AA6ACA71DB73EA77ABAF269C4B101.d.3A95DDAA10A3FEC19CA3CC1E3E638A37.e.14872","ELEMENT":"f.FA5AA6ACA71DB73EA77ABAF269C4B101.d.3A95DDAA10A3FEC19CA3CC1E3E638A37.e.14872"}]}
RESULT: {"script":"<script> [8489 bytes]","args":[{"element-6066-11e4-a52e-4f735466cecf":"f.FA5AA6ACA71DB73EA77ABAF269C4B101.d.3A95DDAA10A3FEC19CA3CC1E3E638A37.e.14872","ELEMENT":"f.FA5AA6ACA71DB73EA77ABAF269C4B101.d.3A95DDAA10A3FEC19CA3CC1E3E638A37.e.14872"}]}
COMMAND: GET /session/3637353f0f0366f06ffc96bdd6dcca04/screenshot - {}
RESULT: {}
COMMAND: POST /session/3637353f0f0366f06ffc96bdd6dcca04/execute/sync - {"script":"<script> [8489 bytes]","args":[{"element-6066-11e4-a52e-4f735466cecf":"f.FA5AA6ACA71DB73EA77ABAF269C4B101.d.3A95DDAA10A3FEC19CA3CC1E3E638A37.e.14872","ELEMENT":"f.FA5AA6ACA71DB73EA77ABAF269C4B101.d.3A95DDAA10A3FEC19CA3CC1E3E638A37.e.14872"}]}
RESULT: {"script":"<script> [8489 bytes]","args":[{"element-6066-11e4-a52e-4f735466cecf":"f.FA5AA6ACA71DB73EA77ABAF269C4B101.d.3A95DDAA10A3FEC19CA3CC1E3E638A37.e.14872","ELEMENT":"f.FA5AA6ACA71DB73EA77ABAF269C4B101.d.3A95DDAA10A3FEC19CA3CC1E3E638A37.e.14872"}]}
COMMAND: GET /session/3637353f0f0366f06ffc96bdd6dcca04/screenshot - {}
RESULT: {}
COMMAND: POST /session/3637353f0f0366f06ffc96bdd6dcca04/execute/sync - {"script":"<script> [8489 bytes]","args":[{"element-6066-11e4-a52e-4f735466cecf":"f.FA5AA6ACA71DB73EA77ABAF269C4B101.d.3A95DDAA10A3FEC19CA3CC1E3E638A37.e.14872","ELEMENT":"f.FA5AA6ACA71DB73EA77ABAF269C4B101.d.3A95DDAA10A3FEC19CA3CC1E3E638A37.e.14872"}]}
RESULT: {"script":"<script> [8489 bytes]","args":[{"element-6066-11e4-a52e-4f735466cecf":"f.FA5AA6ACA71DB73EA77ABAF269C4B101.d.3A95DDAA10A3FEC19CA3CC1E3E638A37.e.14872","ELEMENT":"f.FA5AA6ACA71DB73EA77ABAF269C4B101.d.3A95DDAA10A3FEC19CA3CC1E3E638A37.e.14872"}]}
COMMAND: GET /session/3637353f0f0366f06ffc96bdd6dcca04/screenshot - {}
RESULT: {}
COMMAND: POST /session/3637353f0f0366f06ffc96bdd6dcca04/execute/sync - {"script":"<script> [8489 bytes]","args":[{"element-6066-11e4-a52e-4f735466cecf":"f.FA5AA6ACA71DB73EA77ABAF269C4B101.d.3A95DDAA10A3FEC19CA3CC1E3E638A37.e.14872","ELEMENT":"f.FA5AA6ACA71DB73EA77ABAF269C4B101.d.3A95DDAA10A3FEC19CA3CC1E3E638A37.e.14872"}]}
RESULT: {"script":"<script> [8489 bytes]","args":[{"element-6066-11e4-a52e-4f735466cecf":"f.FA5AA6ACA71DB73EA77ABAF269C4B101.d.3A95DDAA10A3FEC19CA3CC1E3E638A37.e.14872","ELEMENT":"f.FA5AA6ACA71DB73EA77ABAF269C4B101.d.3A95DDAA10A3FEC19CA3CC1E3E638A37.e.14872"}]}
COMMAND: GET /session/3637353f0f0366f06ffc96bdd6dcca04/screenshot - {}
RESULT: {}
COMMAND: POST /session/3637353f0f0366f06ffc96bdd6dcca04/execute/sync - {"script":"<script> [8489 bytes]","args":[{"element-6066-11e4-a52e-4f735466cecf":"f.FA5AA6ACA71DB73EA77ABAF269C4B101.d.3A95DDAA10A3FEC19CA3CC1E3E638A37.e.14872","ELEMENT":"f.FA5AA6ACA71DB73EA77ABAF269C4B101.d.3A95DDAA10A3FEC19CA3CC1E3E638A37.e.14872"}]}
RESULT: {"script":"<script> [8489 bytes]","args":[{"element-6066-11e4-a52e-4f735466cecf":"f.FA5AA6ACA71DB73EA77ABAF269C4B101.d.3A95DDAA10A3FEC19CA3CC1E3E638A37.e.14872","ELEMENT":"f.FA5AA6ACA71DB73EA77ABAF269C4B101.d.3A95DDAA10A3FEC19CA3CC1E3E638A37.e.14872"}]}
COMMAND: GET /session/3637353f0f0366f06ffc96bdd6dcca04/screenshot - {}
RESULT: {}
COMMAND: POST /session/3637353f0f0366f06ffc96bdd6dcca04/execute/sync - {"script":"<script> [8489 bytes]","args":[{"element-6066-11e4-a52e-4f735466cecf":"f.FA5AA6ACA71DB73EA77ABAF269C4B101.d.3A95DDAA10A3FEC19CA3CC1E3E638A37.e.14872","ELEMENT":"f.FA5AA6ACA71DB73EA77ABAF269C4B101.d.3A95DDAA10A3FEC19CA3CC1E3E638A37.e.14872"}]}
RESULT: {"script":"<script> [8489 bytes]","args":[{"element-6066-11e4-a52e-4f735466cecf":"f.FA5AA6ACA71DB73EA77ABAF269C4B101.d.3A95DDAA10A3FEC19CA3CC1E3E638A37.e.14872","ELEMENT":"f.FA5AA6ACA71DB73EA77ABAF269C4B101.d.3A95DDAA10A3FEC19CA3CC1E3E638A37.e.14872"}]}
COMMAND: GET /session/3637353f0f0366f06ffc96bdd6dcca04/screenshot - {}
COMMAND: POST /session/3637353f0f0366f06ffc96bdd6dcca04/execute/sync - {"script":"<script> [8489 bytes]","args":[{"element-6066-11e4-a52e-4f735466cecf":"f.FA5AA6ACA71DB73EA77ABAF269C4B101.d.3A95DDAA10A3FEC19CA3CC1E3E638A37.e.14872","ELEMENT":"f.FA5AA6ACA71DB73EA77ABAF269C4B101.d.3A95DDAA10A3FEC19CA3CC1E3E638A37.e.14872"}]}
RESULT: {}
RESULT: {"script":"<script> [8489 bytes]","args":[{"element-6066-11e4-a52e-4f735466cecf":"f.FA5AA6ACA71DB73EA77ABAF269C4B101.d.3A95DDAA10A3FEC19CA3CC1E3E638A37.e.14872","ELEMENT":"f.FA5AA6ACA71DB73EA77ABAF269C4B101.d.3A95DDAA10A3FEC19CA3CC1E3E638A37.e.14872"}]}
COMMAND: GET /session/3637353f0f0366f06ffc96bdd6dcca04/screenshot - {}
RESULT: {}
COMMAND: POST /session/3637353f0f0366f06ffc96bdd6dcca04/execute/sync - {"script":"<script> [8489 bytes]","args":[{"element-6066-11e4-a52e-4f735466cecf":"f.FA5AA6ACA71DB73EA77ABAF269C4B101.d.3A95DDAA10A3FEC19CA3CC1E3E638A37.e.14872","ELEMENT":"f.FA5AA6ACA71DB73EA77ABAF269C4B101.d.3A95DDAA10A3FEC19CA3CC1E3E638A37.e.14872"}]}
RESULT: {"script":"<script> [8489 bytes]","args":[{"element-6066-11e4-a52e-4f735466cecf":"f.FA5AA6ACA71DB73EA77ABAF269C4B101.d.3A95DDAA10A3FEC19CA3CC1E3E638A37.e.14872","ELEMENT":"f.FA5AA6ACA71DB73EA77ABAF269C4B101.d.3A95DDAA10A3FEC19CA3CC1E3E638A37.e.14872"}]}
COMMAND: GET /session/3637353f0f0366f06ffc96bdd6dcca04/screenshot - {}
RESULT: {}
COMMAND: POST /session/3637353f0f0366f06ffc96bdd6dcca04/execute/sync - {"script":"<script> [8489 bytes]","args":[{"element-6066-11e4-a52e-4f735466cecf":"f.FA5AA6ACA71DB73EA77ABAF269C4B101.d.3A95DDAA10A3FEC19CA3CC1E3E638A37.e.14872","ELEMENT":"f.FA5AA6ACA71DB73EA77ABAF269C4B101.d.3A95DDAA10A3FEC19CA3CC1E3E638A37.e.14872"}]}
RESULT: {"script":"<script> [8489 bytes]","args":[{"element-6066-11e4-a52e-4f735466cecf":"f.FA5AA6ACA71DB73EA77ABAF269C4B101.d.3A95DDAA10A3FEC19CA3CC1E3E638A37.e.14872","ELEMENT":"f.FA5AA6ACA71DB73EA77ABAF269C4B101.d.3A95DDAA10A3FEC19CA3CC1E3E638A37.e.14872"}]}
COMMAND: GET /session/3637353f0f0366f06ffc96bdd6dcca04/screenshot - {}
RESULT: {}
COMMAND: POST /session/3637353f0f0366f06ffc96bdd6dcca04/execute/sync - {"script":"<script> [8489 bytes]","args":[{"element-6066-11e4-a52e-4f735466cecf":"f.FA5AA6ACA71DB73EA77ABAF269C4B101.d.3A95DDAA10A3FEC19CA3CC1E3E638A37.e.14872","ELEMENT":"f.FA5AA6ACA71DB73EA77ABAF269C4B101.d.3A95DDAA10A3FEC19CA3CC1E3E638A37.e.14872"}]}
RESULT: {"script":"<script> [8489 bytes]","args":[{"element-6066-11e4-a52e-4f735466cecf":"f.FA5AA6ACA71DB73EA77ABAF269C4B101.d.3A95DDAA10A3FEC19CA3CC1E3E638A37.e.14872","ELEMENT":"f.FA5AA6ACA71DB73EA77ABAF269C4B101.d.3A95DDAA10A3FEC19CA3CC1E3E638A37.e.14872"}]}
COMMAND: GET /session/3637353f0f0366f06ffc96bdd6dcca04/screenshot - {}
RESULT: {}
COMMAND: POST /session/3637353f0f0366f06ffc96bdd6dcca04/execute/sync - {"script":"<script> [8489 bytes]","args":[{"element-6066-11e4-a52e-4f735466cecf":"f.FA5AA6ACA71DB73EA77ABAF269C4B101.d.3A95DDAA10A3FEC19CA3CC1E3E638A37.e.14872","ELEMENT":"f.FA5AA6ACA71DB73EA77ABAF269C4B101.d.3A95DDAA10A3FEC19CA3CC1E3E638A37.e.14872"}]}
RESULT: {"script":"<script> [8489 bytes]","args":[{"element-6066-11e4-a52e-4f735466cecf":"f.FA5AA6ACA71DB73EA77ABAF269C4B101.d.3A95DDAA10A3FEC19CA3CC1E3E638A37.e.14872","ELEMENT":"f.FA5AA6ACA71DB73EA77ABAF269C4B101.d.3A95DDAA10A3FEC19CA3CC1E3E638A37.e.14872"}]}
COMMAND: GET /session/3637353f0f0366f06ffc96bdd6dcca04/screenshot - {}
RESULT: {}
COMMAND: POST /session/3637353f0f0366f06ffc96bdd6dcca04/execute/sync - {"script":"<script> [8489 bytes]","args":[{"element-6066-11e4-a52e-4f735466cecf":"f.FA5AA6ACA71DB73EA77ABAF269C4B101.d.3A95DDAA10A3FEC19CA3CC1E3E638A37.e.14872","ELEMENT":"f.FA5AA6ACA71DB73EA77ABAF269C4B101.d.3A95DDAA10A3FEC19CA3CC1E3E638A37.e.14872"}]}
RESULT: {"script":"<script> [8489 bytes]","args":[{"element-6066-11e4-a52e-4f735466cecf":"f.FA5AA6ACA71DB73EA77ABAF269C4B101.d.3A95DDAA10A3FEC19CA3CC1E3E638A37.e.14872","ELEMENT":"f.FA5AA6ACA71DB73EA77ABAF269C4B101.d.3A95DDAA10A3FEC19CA3CC1E3E638A37.e.14872"}]}
COMMAND: GET /session/3637353f0f0366f06ffc96bdd6dcca04/screenshot - {}
RESULT: {}
COMMAND: POST /session/3637353f0f0366f06ffc96bdd6dcca04/execute/sync - {"script":"<script> [8489 bytes]","args":[{"element-6066-11e4-a52e-4f735466cecf":"f.FA5AA6ACA71DB73EA77ABAF269C4B101.d.3A95DDAA10A3FEC19CA3CC1E3E638A37.e.14872","ELEMENT":"f.FA5AA6ACA71DB73EA77ABAF269C4B101.d.3A95DDAA10A3FEC19CA3CC1E3E638A37.e.14872"}]}
RESULT: {"script":"<script> [8489 bytes]","args":[{"element-6066-11e4-a52e-4f735466cecf":"f.FA5AA6ACA71DB73EA77ABAF269C4B101.d.3A95DDAA10A3FEC19CA3CC1E3E638A37.e.14872","ELEMENT":"f.FA5AA6ACA71DB73EA77ABAF269C4B101.d.3A95DDAA10A3FEC19CA3CC1E3E638A37.e.14872"}]}
COMMAND: GET /session/3637353f0f0366f06ffc96bdd6dcca04/screenshot - {}
RESULT: {}
COMMAND: POST /session/3637353f0f0366f06ffc96bdd6dcca04/execute/sync - {"script":"<script> [8489 bytes]","args":[{"element-6066-11e4-a52e-4f735466cecf":"f.FA5AA6ACA71DB73EA77ABAF269C4B101.d.3A95DDAA10A3FEC19CA3CC1E3E638A37.e.14872","ELEMENT":"f.FA5AA6ACA71DB73EA77ABAF269C4B101.d.3A95DDAA10A3FEC19CA3CC1E3E638A37.e.14872"}]}
RESULT: {"script":"<script> [8489 bytes]","args":[{"element-6066-11e4-a52e-4f735466cecf":"f.FA5AA6ACA71DB73EA77ABAF269C4B101.d.3A95DDAA10A3FEC19CA3CC1E3E638A37.e.14872","ELEMENT":"f.FA5AA6ACA71DB73EA77ABAF269C4B101.d.3A95DDAA10A3FEC19CA3CC1E3E638A37.e.14872"}]}
COMMAND: GET /session/3637353f0f0366f06ffc96bdd6dcca04/screenshot - {}
RESULT: {}
COMMAND: POST /session/3637353f0f0366f06ffc96bdd6dcca04/execute/sync - {"script":"<script> [8489 bytes]","args":[{"element-6066-11e4-a52e-4f735466cecf":"f.FA5AA6ACA71DB73EA77ABAF269C4B101.d.3A95DDAA10A3FEC19CA3CC1E3E638A37.e.14872","ELEMENT":"f.FA5AA6ACA71DB73EA77ABAF269C4B101.d.3A95DDAA10A3FEC19CA3CC1E3E638A37.e.14872"}]}
RESULT: {"script":"<script> [8489 bytes]","args":[{"element-6066-11e4-a52e-4f735466cecf":"f.FA5AA6ACA71DB73EA77ABAF269C4B101.d.3A95DDAA10A3FEC19CA3CC1E3E638A37.e.14872","ELEMENT":"f.FA5AA6ACA71DB73EA77ABAF269C4B101.d.3A95DDAA10A3FEC19CA3CC1E3E638A37.e.14872"}]}
COMMAND: GET /session/3637353f0f0366f06ffc96bdd6dcca04/screenshot - {}
RESULT: {}
COMMAND: POST /session/3637353f0f0366f06ffc96bdd6dcca04/execute/sync - {"script":"<script> [8489 bytes]","args":[{"element-6066-11e4-a52e-4f735466cecf":"f.FA5AA6ACA71DB73EA77ABAF269C4B101.d.3A95DDAA10A3FEC19CA3CC1E3E638A37.e.14872","ELEMENT":"f.FA5AA6ACA71DB73EA77ABAF269C4B101.d.3A95DDAA10A3FEC19CA3CC1E3E638A37.e.14872"}]}
RESULT: {"script":"<script> [8489 bytes]","args":[{"element-6066-11e4-a52e-4f735466cecf":"f.FA5AA6ACA71DB73EA77ABAF269C4B101.d.3A95DDAA10A3FEC19CA3CC1E3E638A37.e.14872","ELEMENT":"f.FA5AA6ACA71DB73EA77ABAF269C4B101.d.3A95DDAA10A3FEC19CA3CC1E3E638A37.e.14872"}]}
COMMAND: GET /session/3637353f0f0366f06ffc96bdd6dcca04/screenshot - {}
RESULT: {}
COMMAND: POST /session/3637353f0f0366f06ffc96bdd6dcca04/execute/sync - {"script":"<script> [8489 bytes]","args":[{"element-6066-11e4-a52e-4f735466cecf":"f.FA5AA6ACA71DB73EA77ABAF269C4B101.d.3A95DDAA10A3FEC19CA3CC1E3E638A37.e.14872","ELEMENT":"f.FA5AA6ACA71DB73EA77ABAF269C4B101.d.3A95DDAA10A3FEC19CA3CC1E3E638A37.e.14872"}]}
RESULT: {"script":"<script> [8489 bytes]","args":[{"element-6066-11e4-a52e-4f735466cecf":"f.FA5AA6ACA71DB73EA77ABAF269C4B101.d.3A95DDAA10A3FEC19CA3CC1E3E638A37.e.14872","ELEMENT":"f.FA5AA6ACA71DB73EA77ABAF269C4B101.d.3A95DDAA10A3FEC19CA3CC1E3E638A37.e.14872"}]}
COMMAND: GET /session/3637353f0f0366f06ffc96bdd6dcca04/screenshot - {}
RESULT: {}
COMMAND: POST /session/3637353f0f0366f06ffc96bdd6dcca04/execute/sync - {"script":"<script> [8489 bytes]","args":[{"element-6066-11e4-a52e-4f735466cecf":"f.FA5AA6ACA71DB73EA77ABAF269C4B101.d.3A95DDAA10A3FEC19CA3CC1E3E638A37.e.14872","ELEMENT":"f.FA5AA6ACA71DB73EA77ABAF269C4B101.d.3A95DDAA10A3FEC19CA3CC1E3E638A37.e.14872"}]}
RESULT: {"script":"<script> [8489 bytes]","args":[{"element-6066-11e4-a52e-4f735466cecf":"f.FA5AA6ACA71DB73EA77ABAF269C4B101.d.3A95DDAA10A3FEC19CA3CC1E3E638A37.e.14872","ELEMENT":"f.FA5AA6ACA71DB73EA77ABAF269C4B101.d.3A95DDAA10A3FEC19CA3CC1E3E638A37.e.14872"}]}
COMMAND: GET /session/3637353f0f0366f06ffc96bdd6dcca04/screenshot - {}
RESULT: {}
COMMAND: POST /session/3637353f0f0366f06ffc96bdd6dcca04/execute/sync - {"script":"<script> [8489 bytes]","args":[{"element-6066-11e4-a52e-4f735466cecf":"f.FA5AA6ACA71DB73EA77ABAF269C4B101.d.3A95DDAA10A3FEC19CA3CC1E3E638A37.e.14872","ELEMENT":"f.FA5AA6ACA71DB73EA77ABAF269C4B101.d.3A95DDAA10A3FEC19CA3CC1E3E638A37.e.14872"}]}
RESULT: {"script":"<script> [8489 bytes]","args":[{"element-6066-11e4-a52e-4f735466cecf":"f.FA5AA6ACA71DB73EA77ABAF269C4B101.d.3A95DDAA10A3FEC19CA3CC1E3E638A37.e.14872","ELEMENT":"f.FA5AA6ACA71DB73EA77ABAF269C4B101.d.3A95DDAA10A3FEC19CA3CC1E3E638A37.e.14872"}]}
COMMAND: GET /session/3637353f0f0366f06ffc96bdd6dcca04/screenshot - {}
RESULT: {}
COMMAND: POST /session/3637353f0f0366f06ffc96bdd6dcca04/execute/sync - {"script":"<script> [8489 bytes]","args":[{"element-6066-11e4-a52e-4f735466cecf":"f.FA5AA6ACA71DB73EA77ABAF269C4B101.d.3A95DDAA10A3FEC19CA3CC1E3E638A37.e.14872","ELEMENT":"f.FA5AA6ACA71DB73EA77ABAF269C4B101.d.3A95DDAA10A3FEC19CA3CC1E3E638A37.e.14872"}]}
RESULT: {"script":"<script> [8489 bytes]","args":[{"element-6066-11e4-a52e-4f735466cecf":"f.FA5AA6ACA71DB73EA77ABAF269C4B101.d.3A95DDAA10A3FEC19CA3CC1E3E638A37.e.14872","ELEMENT":"f.FA5AA6ACA71DB73EA77ABAF269C4B101.d.3A95DDAA10A3FEC19CA3CC1E3E638A37.e.14872"}]}
COMMAND: GET /session/3637353f0f0366f06ffc96bdd6dcca04/screenshot - {}
RESULT: {}
COMMAND: POST /session/3637353f0f0366f06ffc96bdd6dcca04/execute/sync - {"script":"<script> [8489 bytes]","args":[{"element-6066-11e4-a52e-4f735466cecf":"f.FA5AA6ACA71DB73EA77ABAF269C4B101.d.3A95DDAA10A3FEC19CA3CC1E3E638A37.e.14872","ELEMENT":"f.FA5AA6ACA71DB73EA77ABAF269C4B101.d.3A95DDAA10A3FEC19CA3CC1E3E638A37.e.14872"}]}
RESULT: {"script":"<script> [8489 bytes]","args":[{"element-6066-11e4-a52e-4f735466cecf":"f.FA5AA6ACA71DB73EA77ABAF269C4B101.d.3A95DDAA10A3FEC19CA3CC1E3E638A37.e.14872","ELEMENT":"f.FA5AA6ACA71DB73EA77ABAF269C4B101.d.3A95DDAA10A3FEC19CA3CC1E3E638A37.e.14872"}]}
COMMAND: GET /session/3637353f0f0366f06ffc96bdd6dcca04/screenshot - {}
RESULT: {}
COMMAND: POST /session/3637353f0f0366f06ffc96bdd6dcca04/execute/sync - {"script":"<script> [8489 bytes]","args":[{"element-6066-11e4-a52e-4f735466cecf":"f.FA5AA6ACA71DB73EA77ABAF269C4B101.d.3A95DDAA10A3FEC19CA3CC1E3E638A37.e.14872","ELEMENT":"f.FA5AA6ACA71DB73EA77ABAF269C4B101.d.3A95DDAA10A3FEC19CA3CC1E3E638A37.e.14872"}]}
RESULT: {"script":"<script> [8489 bytes]","args":[{"element-6066-11e4-a52e-4f735466cecf":"f.FA5AA6ACA71DB73EA77ABAF269C4B101.d.3A95DDAA10A3FEC19CA3CC1E3E638A37.e.14872","ELEMENT":"f.FA5AA6ACA71DB73EA77ABAF269C4B101.d.3A95DDAA10A3FEC19CA3CC1E3E638A37.e.14872"}]}
COMMAND: GET /session/3637353f0f0366f06ffc96bdd6dcca04/screenshot - {}
RESULT: {}
COMMAND: POST /session/3637353f0f0366f06ffc96bdd6dcca04/execute/sync - {"script":"<script> [8489 bytes]","args":[{"element-6066-11e4-a52e-4f735466cecf":"f.FA5AA6ACA71DB73EA77ABAF269C4B101.d.3A95DDAA10A3FEC19CA3CC1E3E638A37.e.14872","ELEMENT":"f.FA5AA6ACA71DB73EA77ABAF269C4B101.d.3A95DDAA10A3FEC19CA3CC1E3E638A37.e.14872"}]}
RESULT: {"script":"<script> [8489 bytes]","args":[{"element-6066-11e4-a52e-4f735466cecf":"f.FA5AA6ACA71DB73EA77ABAF269C4B101.d.3A95DDAA10A3FEC19CA3CC1E3E638A37.e.14872","ELEMENT":"f.FA5AA6ACA71DB73EA77ABAF269C4B101.d.3A95DDAA10A3FEC19CA3CC1E3E638A37.e.14872"}]}
COMMAND: GET /session/3637353f0f0366f06ffc96bdd6dcca04/screenshot - {}
RESULT: {}
COMMAND: POST /session/3637353f0f0366f06ffc96bdd6dcca04/execute/sync - {"script":"<script> [8489 bytes]","args":[{"element-6066-11e4-a52e-4f735466cecf":"f.FA5AA6ACA71DB73EA77ABAF269C4B101.d.3A95DDAA10A3FEC19CA3CC1E3E638A37.e.14872","ELEMENT":"f.FA5AA6ACA71DB73EA77ABAF269C4B101.d.3A95DDAA10A3FEC19CA3CC1E3E638A37.e.14872"}]}
RESULT: {"script":"<script> [8489 bytes]","args":[{"element-6066-11e4-a52e-4f735466cecf":"f.FA5AA6ACA71DB73EA77ABAF269C4B101.d.3A95DDAA10A3FEC19CA3CC1E3E638A37.e.14872","ELEMENT":"f.FA5AA6ACA71DB73EA77ABAF269C4B101.d.3A95DDAA10A3FEC19CA3CC1E3E638A37.e.14872"}]}
COMMAND: GET /session/3637353f0f0366f06ffc96bdd6dcca04/screenshot - {}
RESULT: {}
COMMAND: POST /session/3637353f0f0366f06ffc96bdd6dcca04/execute/sync - {"script":"<script> [8489 bytes]","args":[{"element-6066-11e4-a52e-4f735466cecf":"f.FA5AA6ACA71DB73EA77ABAF269C4B101.d.3A95DDAA10A3FEC19CA3CC1E3E638A37.e.14872","ELEMENT":"f.FA5AA6ACA71DB73EA77ABAF269C4B101.d.3A95DDAA10A3FEC19CA3CC1E3E638A37.e.14872"}]}
RESULT: {"script":"<script> [8489 bytes]","args":[{"element-6066-11e4-a52e-4f735466cecf":"f.FA5AA6ACA71DB73EA77ABAF269C4B101.d.3A95DDAA10A3FEC19CA3CC1E3E638A37.e.14872","ELEMENT":"f.FA5AA6ACA71DB73EA77ABAF269C4B101.d.3A95DDAA10A3FEC19CA3CC1E3E638A37.e.14872"}]}
COMMAND: GET /session/3637353f0f0366f06ffc96bdd6dcca04/screenshot - {}
RESULT: {}
COMMAND: POST /session/3637353f0f0366f06ffc96bdd6dcca04/execute/sync - {"script":"<script> [8489 bytes]","args":[{"element-6066-11e4-a52e-4f735466cecf":"f.FA5AA6ACA71DB73EA77ABAF269C4B101.d.3A95DDAA10A3FEC19CA3CC1E3E638A37.e.14872","ELEMENT":"f.FA5AA6ACA71DB73EA77ABAF269C4B101.d.3A95DDAA10A3FEC19CA3CC1E3E638A37.e.14872"}]}
RESULT: {"script":"<script> [8489 bytes]","args":[{"element-6066-11e4-a52e-4f735466cecf":"f.FA5AA6ACA71DB73EA77ABAF269C4B101.d.3A95DDAA10A3FEC19CA3CC1E3E638A37.e.14872","ELEMENT":"f.FA5AA6ACA71DB73EA77ABAF269C4B101.d.3A95DDAA10A3FEC19CA3CC1E3E638A37.e.14872"}]}
COMMAND: GET /session/3637353f0f0366f06ffc96bdd6dcca04/screenshot - {}
RESULT: {}
COMMAND: POST /session/3637353f0f0366f06ffc96bdd6dcca04/execute/sync - {"script":"<script> [8489 bytes]","args":[{"element-6066-11e4-a52e-4f735466cecf":"f.FA5AA6ACA71DB73EA77ABAF269C4B101.d.3A95DDAA10A3FEC19CA3CC1E3E638A37.e.14872","ELEMENT":"f.FA5AA6ACA71DB73EA77ABAF269C4B101.d.3A95DDAA10A3FEC19CA3CC1E3E638A37.e.14872"}]}
RESULT: {"script":"<script> [8489 bytes]","args":[{"element-6066-11e4-a52e-4f735466cecf":"f.FA5AA6ACA71DB73EA77ABAF269C4B101.d.3A95DDAA10A3FEC19CA3CC1E3E638A37.e.14872","ELEMENT":"f.FA5AA6ACA71DB73EA77ABAF269C4B101.d.3A95DDAA10A3FEC19CA3CC1E3E638A37.e.14872"}]}
COMMAND: GET /session/3637353f0f0366f06ffc96bdd6dcca04/screenshot - {}
RESULT: {}
COMMAND: POST /session/3637353f0f0366f06ffc96bdd6dcca04/execute/sync - {"script":"<script> [8489 bytes]","args":[{"element-6066-11e4-a52e-4f735466cecf":"f.FA5AA6ACA71DB73EA77ABAF269C4B101.d.3A95DDAA10A3FEC19CA3CC1E3E638A37.e.14872","ELEMENT":"f.FA5AA6ACA71DB73EA77ABAF269C4B101.d.3A95DDAA10A3FEC19CA3CC1E3E638A37.e.14872"}]}
RESULT: {"script":"<script> [8489 bytes]","args":[{"element-6066-11e4-a52e-4f735466cecf":"f.FA5AA6ACA71DB73EA77ABAF269C4B101.d.3A95DDAA10A3FEC19CA3CC1E3E638A37.e.14872","ELEMENT":"f.FA5AA6ACA71DB73EA77ABAF269C4B101.d.3A95DDAA10A3FEC19CA3CC1E3E638A37.e.14872"}]}
COMMAND: GET /session/3637353f0f0366f06ffc96bdd6dcca04/screenshot - {}
RESULT: {}
COMMAND: POST /session/3637353f0f0366f06ffc96bdd6dcca04/execute/sync - {"script":"<script> [8489 bytes]","args":[{"element-6066-11e4-a52e-4f735466cecf":"f.FA5AA6ACA71DB73EA77ABAF269C4B101.d.3A95DDAA10A3FEC19CA3CC1E3E638A37.e.14872","ELEMENT":"f.FA5AA6ACA71DB73EA77ABAF269C4B101.d.3A95DDAA10A3FEC19CA3CC1E3E638A37.e.14872"}]}
RESULT: {"script":"<script> [8489 bytes]","args":[{"element-6066-11e4-a52e-4f735466cecf":"f.FA5AA6ACA71DB73EA77ABAF269C4B101.d.3A95DDAA10A3FEC19CA3CC1E3E638A37.e.14872","ELEMENT":"f.FA5AA6ACA71DB73EA77ABAF269C4B101.d.3A95DDAA10A3FEC19CA3CC1E3E638A37.e.14872"}]}
COMMAND: GET /session/3637353f0f0366f06ffc96bdd6dcca04/screenshot - {}
RESULT: {}
COMMAND: POST /session/3637353f0f0366f06ffc96bdd6dcca04/execute/sync - {"script":"<script> [8489 bytes]","args":[{"element-6066-11e4-a52e-4f735466cecf":"f.FA5AA6ACA71DB73EA77ABAF269C4B101.d.3A95DDAA10A3FEC19CA3CC1E3E638A37.e.14872","ELEMENT":"f.FA5AA6ACA71DB73EA77ABAF269C4B101.d.3A95DDAA10A3FEC19CA3CC1E3E638A37.e.14872"}]}
RESULT: {"script":"<script> [8489 bytes]","args":[{"element-6066-11e4-a52e-4f735466cecf":"f.FA5AA6ACA71DB73EA77ABAF269C4B101.d.3A95DDAA10A3FEC19CA3CC1E3E638A37.e.14872","ELEMENT":"f.FA5AA6ACA71DB73EA77ABAF269C4B101.d.3A95DDAA10A3FEC19CA3CC1E3E638A37.e.14872"}]}
COMMAND: GET /session/3637353f0f0366f06ffc96bdd6dcca04/screenshot - {}
RESULT: {}
COMMAND: POST /session/3637353f0f0366f06ffc96bdd6dcca04/execute/sync - {"script":"<script> [8489 bytes]","args":[{"element-6066-11e4-a52e-4f735466cecf":"f.FA5AA6ACA71DB73EA77ABAF269C4B101.d.3A95DDAA10A3FEC19CA3CC1E3E638A37.e.14872","ELEMENT":"f.FA5AA6ACA71DB73EA77ABAF269C4B101.d.3A95DDAA10A3FEC19CA3CC1E3E638A37.e.14872"}]}
RESULT: {"script":"<script> [8489 bytes]","args":[{"element-6066-11e4-a52e-4f735466cecf":"f.FA5AA6ACA71DB73EA77ABAF269C4B101.d.3A95DDAA10A3FEC19CA3CC1E3E638A37.e.14872","ELEMENT":"f.FA5AA6ACA71DB73EA77ABAF269C4B101.d.3A95DDAA10A3FEC19CA3CC1E3E638A37.e.14872"}]}
COMMAND: GET /session/3637353f0f0366f06ffc96bdd6dcca04/screenshot - {}
RESULT: {}
COMMAND: POST /session/3637353f0f0366f06ffc96bdd6dcca04/execute/sync - {"script":"<script> [8489 bytes]","args":[{"element-6066-11e4-a52e-4f735466cecf":"f.FA5AA6ACA71DB73EA77ABAF269C4B101.d.3A95DDAA10A3FEC19CA3CC1E3E638A37.e.14872","ELEMENT":"f.FA5AA6ACA71DB73EA77ABAF269C4B101.d.3A95DDAA10A3FEC19CA3CC1E3E638A37.e.14872"}]}
RESULT: {"script":"<script> [8489 bytes]","args":[{"element-6066-11e4-a52e-4f735466cecf":"f.FA5AA6ACA71DB73EA77ABAF269C4B101.d.3A95DDAA10A3FEC19CA3CC1E3E638A37.e.14872","ELEMENT":"f.FA5AA6ACA71DB73EA77ABAF269C4B101.d.3A95DDAA10A3FEC19CA3CC1E3E638A37.e.14872"}]}
COMMAND: GET /session/3637353f0f0366f06ffc96bdd6dcca04/screenshot - {}
RESULT: {}
COMMAND: POST /session/3637353f0f0366f06ffc96bdd6dcca04/execute/sync - {"script":"<script> [8489 bytes]","args":[{"element-6066-11e4-a52e-4f735466cecf":"f.FA5AA6ACA71DB73EA77ABAF269C4B101.d.3A95DDAA10A3FEC19CA3CC1E3E638A37.e.14872","ELEMENT":"f.FA5AA6ACA71DB73EA77ABAF269C4B101.d.3A95DDAA10A3FEC19CA3CC1E3E638A37.e.14872"}]}
RESULT: {"script":"<script> [8489 bytes]","args":[{"element-6066-11e4-a52e-4f735466cecf":"f.FA5AA6ACA71DB73EA77ABAF269C4B101.d.3A95DDAA10A3FEC19CA3CC1E3E638A37.e.14872","ELEMENT":"f.FA5AA6ACA71DB73EA77ABAF269C4B101.d.3A95DDAA10A3FEC19CA3CC1E3E638A37.e.14872"}]}
COMMAND: GET /session/3637353f0f0366f06ffc96bdd6dcca04/screenshot - {}
RESULT: {}
COMMAND: POST /session/3637353f0f0366f06ffc96bdd6dcca04/execute/sync - {"script":"<script> [8489 bytes]","args":[{"element-6066-11e4-a52e-4f735466cecf":"f.FA5AA6ACA71DB73EA77ABAF269C4B101.d.3A95DDAA10A3FEC19CA3CC1E3E638A37.e.14872","ELEMENT":"f.FA5AA6ACA71DB73EA77ABAF269C4B101.d.3A95DDAA10A3FEC19CA3CC1E3E638A37.e.14872"}]}
RESULT: {"script":"<script> [8489 bytes]","args":[{"element-6066-11e4-a52e-4f735466cecf":"f.FA5AA6ACA71DB73EA77ABAF269C4B101.d.3A95DDAA10A3FEC19CA3CC1E3E638A37.e.14872","ELEMENT":"f.FA5AA6ACA71DB73EA77ABAF269C4B101.d.3A95DDAA10A3FEC19CA3CC1E3E638A37.e.14872"}]}
COMMAND: GET /session/3637353f0f0366f06ffc96bdd6dcca04/screenshot - {}
RESULT: {}
COMMAND: POST /session/3637353f0f0366f06ffc96bdd6dcca04/execute/sync - {"script":"<script> [8489 bytes]","args":[{"element-6066-11e4-a52e-4f735466cecf":"f.FA5AA6ACA71DB73EA77ABAF269C4B101.d.3A95DDAA10A3FEC19CA3CC1E3E638A37.e.14872","ELEMENT":"f.FA5AA6ACA71DB73EA77ABAF269C4B101.d.3A95DDAA10A3FEC19CA3CC1E3E638A37.e.14872"}]}
RESULT: {"script":"<script> [8489 bytes]","args":[{"element-6066-11e4-a52e-4f735466cecf":"f.FA5AA6ACA71DB73EA77ABAF269C4B101.d.3A95DDAA10A3FEC19CA3CC1E3E638A37.e.14872","ELEMENT":"f.FA5AA6ACA71DB73EA77ABAF269C4B101.d.3A95DDAA10A3FEC19CA3CC1E3E638A37.e.14872"}]}
COMMAND: GET /session/3637353f0f0366f06ffc96bdd6dcca04/screenshot - {}
RESULT: {}
COMMAND: POST /session/3637353f0f0366f06ffc96bdd6dcca04/execute/sync - {"script":"<script> [8489 bytes]","args":[{"element-6066-11e4-a52e-4f735466cecf":"f.FA5AA6ACA71DB73EA77ABAF269C4B101.d.3A95DDAA10A3FEC19CA3CC1E3E638A37.e.14872","ELEMENT":"f.FA5AA6ACA71DB73EA77ABAF269C4B101.d.3A95DDAA10A3FEC19CA3CC1E3E638A37.e.14872"}]}
RESULT: {"script":"<script> [8489 bytes]","args":[{"element-6066-11e4-a52e-4f735466cecf":"f.FA5AA6ACA71DB73EA77ABAF269C4B101.d.3A95DDAA10A3FEC19CA3CC1E3E638A37.e.14872","ELEMENT":"f.FA5AA6ACA71DB73EA77ABAF269C4B101.d.3A95DDAA10A3FEC19CA3CC1E3E638A37.e.14872"}]}
COMMAND: GET /session/3637353f0f0366f06ffc96bdd6dcca04/screenshot - {}
RESULT: {}
COMMAND: POST /session/3637353f0f0366f06ffc96bdd6dcca04/execute/sync - {"script":"<script> [8489 bytes]","args":[{"element-6066-11e4-a52e-4f735466cecf":"f.FA5AA6ACA71DB73EA77ABAF269C4B101.d.3A95DDAA10A3FEC19CA3CC1E3E638A37.e.14872","ELEMENT":"f.FA5AA6ACA71DB73EA77ABAF269C4B101.d.3A95DDAA10A3FEC19CA3CC1E3E638A37.e.14872"}]}
RESULT: {"script":"<script> [8489 bytes]","args":[{"element-6066-11e4-a52e-4f735466cecf":"f.FA5AA6ACA71DB73EA77ABAF269C4B101.d.3A95DDAA10A3FEC19CA3CC1E3E638A37.e.14872","ELEMENT":"f.FA5AA6ACA71DB73EA77ABAF269C4B101.d.3A95DDAA10A3FEC19CA3CC1E3E638A37.e.14872"}]}
COMMAND: GET /session/3637353f0f0366f06ffc96bdd6dcca04/screenshot - {}
RESULT: {}
COMMAND: POST /session/3637353f0f0366f06ffc96bdd6dcca04/execute/sync - {"script":"<script> [8489 bytes]","args":[{"element-6066-11e4-a52e-4f735466cecf":"f.FA5AA6ACA71DB73EA77ABAF269C4B101.d.3A95DDAA10A3FEC19CA3CC1E3E638A37.e.14872","ELEMENT":"f.FA5AA6ACA71DB73EA77ABAF269C4B101.d.3A95DDAA10A3FEC19CA3CC1E3E638A37.e.14872"}]}
RESULT: {"script":"<script> [8489 bytes]","args":[{"element-6066-11e4-a52e-4f735466cecf":"f.FA5AA6ACA71DB73EA77ABAF269C4B101.d.3A95DDAA10A3FEC19CA3CC1E3E638A37.e.14872","ELEMENT":"f.FA5AA6ACA71DB73EA77ABAF269C4B101.d.3A95DDAA10A3FEC19CA3CC1E3E638A37.e.14872"}]}
COMMAND: GET /session/3637353f0f0366f06ffc96bdd6dcca04/screenshot - {}
RESULT: {}
COMMAND: POST /session/3637353f0f0366f06ffc96bdd6dcca04/execute/sync - {"script":"<script> [8489 bytes]","args":[{"element-6066-11e4-a52e-4f735466cecf":"f.FA5AA6ACA71DB73EA77ABAF269C4B101.d.3A95DDAA10A3FEC19CA3CC1E3E638A37.e.14872","ELEMENT":"f.FA5AA6ACA71DB73EA77ABAF269C4B101.d.3A95DDAA10A3FEC19CA3CC1E3E638A37.e.14872"}]}
RESULT: {"script":"<script> [8489 bytes]","args":[{"element-6066-11e4-a52e-4f735466cecf":"f.FA5AA6ACA71DB73EA77ABAF269C4B101.d.3A95DDAA10A3FEC19CA3CC1E3E638A37.e.14872","ELEMENT":"f.FA5AA6ACA71DB73EA77ABAF269C4B101.d.3A95DDAA10A3FEC19CA3CC1E3E638A37.e.14872"}]}
COMMAND: GET /session/3637353f0f0366f06ffc96bdd6dcca04/screenshot - {}
RESULT: {}
COMMAND: POST /session/3637353f0f0366f06ffc96bdd6dcca04/execute/sync - {"script":"<script> [8489 bytes]","args":[{"element-6066-11e4-a52e-4f735466cecf":"f.FA5AA6ACA71DB73EA77ABAF269C4B101.d.3A95DDAA10A3FEC19CA3CC1E3E638A37.e.14872","ELEMENT":"f.FA5AA6ACA71DB73EA77ABAF269C4B101.d.3A95DDAA10A3FEC19CA3CC1E3E638A37.e.14872"}]}
RESULT: {"script":"<script> [8489 bytes]","args":[{"element-6066-11e4-a52e-4f735466cecf":"f.FA5AA6ACA71DB73EA77ABAF269C4B101.d.3A95DDAA10A3FEC19CA3CC1E3E638A37.e.14872","ELEMENT":"f.FA5AA6ACA71DB73EA77ABAF269C4B101.d.3A95DDAA10A3FEC19CA3CC1E3E638A37.e.14872"}]}
COMMAND: GET /session/3637353f0f0366f06ffc96bdd6dcca04/screenshot - {}
RESULT: {}
COMMAND: POST /session/3637353f0f0366f06ffc96bdd6dcca04/execute/sync - {"script":"<script> [8489 bytes]","args":[{"element-6066-11e4-a52e-4f735466cecf":"f.FA5AA6ACA71DB73EA77ABAF269C4B101.d.3A95DDAA10A3FEC19CA3CC1E3E638A37.e.14872","ELEMENT":"f.FA5AA6ACA71DB73EA77ABAF269C4B101.d.3A95DDAA10A3FEC19CA3CC1E3E638A37.e.14872"}]}
RESULT: {"script":"<script> [8489 bytes]","args":[{"element-6066-11e4-a52e-4f735466cecf":"f.FA5AA6ACA71DB73EA77ABAF269C4B101.d.3A95DDAA10A3FEC19CA3CC1E3E638A37.e.14872","ELEMENT":"f.FA5AA6ACA71DB73EA77ABAF269C4B101.d.3A95DDAA10A3FEC19CA3CC1E3E638A37.e.14872"}]}
COMMAND: GET /session/3637353f0f0366f06ffc96bdd6dcca04/screenshot - {}
RESULT: {}
COMMAND: POST /session/3637353f0f0366f06ffc96bdd6dcca04/execute/sync - {"script":"<script> [8489 bytes]","args":[{"element-6066-11e4-a52e-4f735466cecf":"f.FA5AA6ACA71DB73EA77ABAF269C4B101.d.3A95DDAA10A3FEC19CA3CC1E3E638A37.e.14872","ELEMENT":"f.FA5AA6ACA71DB73EA77ABAF269C4B101.d.3A95DDAA10A3FEC19CA3CC1E3E638A37.e.14872"}]}
RESULT: {"script":"<script> [8489 bytes]","args":[{"element-6066-11e4-a52e-4f735466cecf":"f.FA5AA6ACA71DB73EA77ABAF269C4B101.d.3A95DDAA10A3FEC19CA3CC1E3E638A37.e.14872","ELEMENT":"f.FA5AA6ACA71DB73EA77ABAF269C4B101.d.3A95DDAA10A3FEC19CA3CC1E3E638A37.e.14872"}]}
COMMAND: GET /session/3637353f0f0366f06ffc96bdd6dcca04/screenshot - {}
RESULT: {}
COMMAND: POST /session/3637353f0f0366f06ffc96bdd6dcca04/execute/sync - {"script":"<script> [8489 bytes]","args":[{"element-6066-11e4-a52e-4f735466cecf":"f.FA5AA6ACA71DB73EA77ABAF269C4B101.d.3A95DDAA10A3FEC19CA3CC1E3E638A37.e.14872","ELEMENT":"f.FA5AA6ACA71DB73EA77ABAF269C4B101.d.3A95DDAA10A3FEC19CA3CC1E3E638A37.e.14872"}]}
RESULT: {"script":"<script> [8489 bytes]","args":[{"element-6066-11e4-a52e-4f735466cecf":"f.FA5AA6ACA71DB73EA77ABAF269C4B101.d.3A95DDAA10A3FEC19CA3CC1E3E638A37.e.14872","ELEMENT":"f.FA5AA6ACA71DB73EA77ABAF269C4B101.d.3A95DDAA10A3FEC19CA3CC1E3E638A37.e.14872"}]}
COMMAND: GET /session/3637353f0f0366f06ffc96bdd6dcca04/screenshot - {}
RESULT: {}
COMMAND: POST /session/3637353f0f0366f06ffc96bdd6dcca04/execute/sync - {"script":"<script> [8489 bytes]","args":[{"element-6066-11e4-a52e-4f735466cecf":"f.FA5AA6ACA71DB73EA77ABAF269C4B101.d.3A95DDAA10A3FEC19CA3CC1E3E638A37.e.14872","ELEMENT":"f.FA5AA6ACA71DB73EA77ABAF269C4B101.d.3A95DDAA10A3FEC19CA3CC1E3E638A37.e.14872"}]}
RESULT: {"script":"<script> [8489 bytes]","args":[{"element-6066-11e4-a52e-4f735466cecf":"f.FA5AA6ACA71DB73EA77ABAF269C4B101.d.3A95DDAA10A3FEC19CA3CC1E3E638A37.e.14872","ELEMENT":"f.FA5AA6ACA71DB73EA77ABAF269C4B101.d.3A95DDAA10A3FEC19CA3CC1E3E638A37.e.14872"}]}
COMMAND: GET /session/3637353f0f0366f06ffc96bdd6dcca04/screenshot - {}
RESULT: {}
COMMAND: POST /session/3637353f0f0366f06ffc96bdd6dcca04/execute/sync - {"script":"<script> [8489 bytes]","args":[{"element-6066-11e4-a52e-4f735466cecf":"f.FA5AA6ACA71DB73EA77ABAF269C4B101.d.3A95DDAA10A3FEC19CA3CC1E3E638A37.e.14872","ELEMENT":"f.FA5AA6ACA71DB73EA77ABAF269C4B101.d.3A95DDAA10A3FEC19CA3CC1E3E638A37.e.14872"}]}
RESULT: {"script":"<script> [8489 bytes]","args":[{"element-6066-11e4-a52e-4f735466cecf":"f.FA5AA6ACA71DB73EA77ABAF269C4B101.d.3A95DDAA10A3FEC19CA3CC1E3E638A37.e.14872","ELEMENT":"f.FA5AA6ACA71DB73EA77ABAF269C4B101.d.3A95DDAA10A3FEC19CA3CC1E3E638A37.e.14872"}]}
COMMAND: GET /session/3637353f0f0366f06ffc96bdd6dcca04/screenshot - {}
RESULT: {}
COMMAND: POST /session/3637353f0f0366f06ffc96bdd6dcca04/execute/sync - {"script":"<script> [8489 bytes]","args":[{"element-6066-11e4-a52e-4f735466cecf":"f.FA5AA6ACA71DB73EA77ABAF269C4B101.d.3A95DDAA10A3FEC19CA3CC1E3E638A37.e.14872","ELEMENT":"f.FA5AA6ACA71DB73EA77ABAF269C4B101.d.3A95DDAA10A3FEC19CA3CC1E3E638A37.e.14872"}]}
RESULT: {"script":"<script> [8489 bytes]","args":[{"element-6066-11e4-a52e-4f735466cecf":"f.FA5AA6ACA71DB73EA77ABAF269C4B101.d.3A95DDAA10A3FEC19CA3CC1E3E638A37.e.14872","ELEMENT":"f.FA5AA6ACA71DB73EA77ABAF269C4B101.d.3A95DDAA10A3FEC19CA3CC1E3E638A37.e.14872"}]}
COMMAND: GET /session/3637353f0f0366f06ffc96bdd6dcca04/screenshot - {}
RESULT: {}
COMMAND: POST /session/3637353f0f0366f06ffc96bdd6dcca04/execute/sync - {"script":"<script> [8489 bytes]","args":[{"element-6066-11e4-a52e-4f735466cecf":"f.FA5AA6ACA71DB73EA77ABAF269C4B101.d.3A95DDAA10A3FEC19CA3CC1E3E638A37.e.14872","ELEMENT":"f.FA5AA6ACA71DB73EA77ABAF269C4B101.d.3A95DDAA10A3FEC19CA3CC1E3E638A37.e.14872"}]}
RESULT: {"script":"<script> [8489 bytes]","args":[{"element-6066-11e4-a52e-4f735466cecf":"f.FA5AA6ACA71DB73EA77ABAF269C4B101.d.3A95DDAA10A3FEC19CA3CC1E3E638A37.e.14872","ELEMENT":"f.FA5AA6ACA71DB73EA77ABAF269C4B101.d.3A95DDAA10A3FEC19CA3CC1E3E638A37.e.14872"}]}
COMMAND: GET /session/3637353f0f0366f06ffc96bdd6dcca04/screenshot - {}
RESULT: {}
COMMAND: POST /session/3637353f0f0366f06ffc96bdd6dcca04/execute/sync - {"script":"<script> [8489 bytes]","args":[{"element-6066-11e4-a52e-4f735466cecf":"f.FA5AA6ACA71DB73EA77ABAF269C4B101.d.3A95DDAA10A3FEC19CA3CC1E3E638A37.e.14872","ELEMENT":"f.FA5AA6ACA71DB73EA77ABAF269C4B101.d.3A95DDAA10A3FEC19CA3CC1E3E638A37.e.14872"}]}
RESULT: {"script":"<script> [8489 bytes]","args":[{"element-6066-11e4-a52e-4f735466cecf":"f.FA5AA6ACA71DB73EA77ABAF269C4B101.d.3A95DDAA10A3FEC19CA3CC1E3E638A37.e.14872","ELEMENT":"f.FA5AA6ACA71DB73EA77ABAF269C4B101.d.3A95DDAA10A3FEC19CA3CC1E3E638A37.e.14872"}]}
COMMAND: GET /session/3637353f0f0366f06ffc96bdd6dcca04/screenshot - {}
RESULT: {}
COMMAND: POST /session/3637353f0f0366f06ffc96bdd6dcca04/execute/sync - {"script":"<script> [8489 bytes]","args":[{"element-6066-11e4-a52e-4f735466cecf":"f.FA5AA6ACA71DB73EA77ABAF269C4B101.d.3A95DDAA10A3FEC19CA3CC1E3E638A37.e.14872","ELEMENT":"f.FA5AA6ACA71DB73EA77ABAF269C4B101.d.3A95DDAA10A3FEC19CA3CC1E3E638A37.e.14872"}]}
RESULT: {"script":"<script> [8489 bytes]","args":[{"element-6066-11e4-a52e-4f735466cecf":"f.FA5AA6ACA71DB73EA77ABAF269C4B101.d.3A95DDAA10A3FEC19CA3CC1E3E638A37.e.14872","ELEMENT":"f.FA5AA6ACA71DB73EA77ABAF269C4B101.d.3A95DDAA10A3FEC19CA3CC1E3E638A37.e.14872"}]}
COMMAND: GET /session/3637353f0f0366f06ffc96bdd6dcca04/screenshot - {}
RESULT: {}
COMMAND: POST /session/3637353f0f0366f06ffc96bdd6dcca04/execute/sync - {"script":"<script> [8489 bytes]","args":[{"element-6066-11e4-a52e-4f735466cecf":"f.FA5AA6ACA71DB73EA77ABAF269C4B101.d.3A95DDAA10A3FEC19CA3CC1E3E638A37.e.14872","ELEMENT":"f.FA5AA6ACA71DB73EA77ABAF269C4B101.d.3A95DDAA10A3FEC19CA3CC1E3E638A37.e.14872"}]}
RESULT: {"script":"<script> [8489 bytes]","args":[{"element-6066-11e4-a52e-4f735466cecf":"f.FA5AA6ACA71DB73EA77ABAF269C4B101.d.3A95DDAA10A3FEC19CA3CC1E3E638A37.e.14872","ELEMENT":"f.FA5AA6ACA71DB73EA77ABAF269C4B101.d.3A95DDAA10A3FEC19CA3CC1E3E638A37.e.14872"}]}
COMMAND: GET /session/3637353f0f0366f06ffc96bdd6dcca04/screenshot - {}
RESULT: {}
COMMAND: POST /session/3637353f0f0366f06ffc96bdd6dcca04/execute/sync - {"script":"<script> [8489 bytes]","args":[{"element-6066-11e4-a52e-4f735466cecf":"f.FA5AA6ACA71DB73EA77ABAF269C4B101.d.3A95DDAA10A3FEC19CA3CC1E3E638A37.e.14872","ELEMENT":"f.FA5AA6ACA71DB73EA77ABAF269C4B101.d.3A95DDAA10A3FEC19CA3CC1E3E638A37.e.14872"}]}
RESULT: {"script":"<script> [8489 bytes]","args":[{"element-6066-11e4-a52e-4f735466cecf":"f.FA5AA6ACA71DB73EA77ABAF269C4B101.d.3A95DDAA10A3FEC19CA3CC1E3E638A37.e.14872","ELEMENT":"f.FA5AA6ACA71DB73EA77ABAF269C4B101.d.3A95DDAA10A3FEC19CA3CC1E3E638A37.e.14872"}]}
COMMAND: GET /session/3637353f0f0366f06ffc96bdd6dcca04/screenshot - {}
RESULT: {}
COMMAND: POST /session/3637353f0f0366f06ffc96bdd6dcca04/execute/sync - {"script":"<script> [8489 bytes]","args":[{"element-6066-11e4-a52e-4f735466cecf":"f.FA5AA6ACA71DB73EA77ABAF269C4B101.d.3A95DDAA10A3FEC19CA3CC1E3E638A37.e.14872","ELEMENT":"f.FA5AA6ACA71DB73EA77ABAF269C4B101.d.3A95DDAA10A3FEC19CA3CC1E3E638A37.e.14872"}]}
RESULT: {"script":"<script> [8489 bytes]","args":[{"element-6066-11e4-a52e-4f735466cecf":"f.FA5AA6ACA71DB73EA77ABAF269C4B101.d.3A95DDAA10A3FEC19CA3CC1E3E638A37.e.14872","ELEMENT":"f.FA5AA6ACA71DB73EA77ABAF269C4B101.d.3A95DDAA10A3FEC19CA3CC1E3E638A37.e.14872"}]}
COMMAND: GET /session/3637353f0f0366f06ffc96bdd6dcca04/screenshot - {}
RESULT: {}
COMMAND: POST /session/3637353f0f0366f06ffc96bdd6dcca04/execute/sync - {"script":"<script> [8489 bytes]","args":[{"element-6066-11e4-a52e-4f735466cecf":"f.FA5AA6ACA71DB73EA77ABAF269C4B101.d.3A95DDAA10A3FEC19CA3CC1E3E638A37.e.14872","ELEMENT":"f.FA5AA6ACA71DB73EA77ABAF269C4B101.d.3A95DDAA10A3FEC19CA3CC1E3E638A37.e.14872"}]}
RESULT: {"script":"<script> [8489 bytes]","args":[{"element-6066-11e4-a52e-4f735466cecf":"f.FA5AA6ACA71DB73EA77ABAF269C4B101.d.3A95DDAA10A3FEC19CA3CC1E3E638A37.e.14872","ELEMENT":"f.FA5AA6ACA71DB73EA77ABAF269C4B101.d.3A95DDAA10A3FEC19CA3CC1E3E638A37.e.14872"}]}
COMMAND: GET /session/3637353f0f0366f06ffc96bdd6dcca04/screenshot - {}
RESULT: {}
COMMAND: POST /session/3637353f0f0366f06ffc96bdd6dcca04/execute/sync - {"script":"<script> [8489 bytes]","args":[{"element-6066-11e4-a52e-4f735466cecf":"f.FA5AA6ACA71DB73EA77ABAF269C4B101.d.3A95DDAA10A3FEC19CA3CC1E3E638A37.e.14872","ELEMENT":"f.FA5AA6ACA71DB73EA77ABAF269C4B101.d.3A95DDAA10A3FEC19CA3CC1E3E638A37.e.14872"}]}
RESULT: {"script":"<script> [8489 bytes]","args":[{"element-6066-11e4-a52e-4f735466cecf":"f.FA5AA6ACA71DB73EA77ABAF269C4B101.d.3A95DDAA10A3FEC19CA3CC1E3E638A37.e.14872","ELEMENT":"f.FA5AA6ACA71DB73EA77ABAF269C4B101.d.3A95DDAA10A3FEC19CA3CC1E3E638A37.e.14872"}]}
COMMAND: GET /session/3637353f0f0366f06ffc96bdd6dcca04/screenshot - {}
RESULT: {}
COMMAND: POST /session/3637353f0f0366f06ffc96bdd6dcca04/execute/sync - {"script":"<script> [8489 bytes]","args":[{"element-6066-11e4-a52e-4f735466cecf":"f.FA5AA6ACA71DB73EA77ABAF269C4B101.d.3A95DDAA10A3FEC19CA3CC1E3E638A37.e.14872","ELEMENT":"f.FA5AA6ACA71DB73EA77ABAF269C4B101.d.3A95DDAA10A3FEC19CA3CC1E3E638A37.e.14872"}]}
RESULT: {"script":"<script> [8489 bytes]","args":[{"element-6066-11e4-a52e-4f735466cecf":"f.FA5AA6ACA71DB73EA77ABAF269C4B101.d.3A95DDAA10A3FEC19CA3CC1E3E638A37.e.14872","ELEMENT":"f.FA5AA6ACA71DB73EA77ABAF269C4B101.d.3A95DDAA10A3FEC19CA3CC1E3E638A37.e.14872"}]}
COMMAND: GET /session/3637353f0f0366f06ffc96bdd6dcca04/screenshot - {}
RESULT: {}
COMMAND: POST /session/3637353f0f0366f06ffc96bdd6dcca04/execute/sync - {"script":"<script> [8489 bytes]","args":[{"element-6066-11e4-a52e-4f735466cecf":"f.FA5AA6ACA71DB73EA77ABAF269C4B101.d.3A95DDAA10A3FEC19CA3CC1E3E638A37.e.14872","ELEMENT":"f.FA5AA6ACA71DB73EA77ABAF269C4B101.d.3A95DDAA10A3FEC19CA3CC1E3E638A37.e.14872"}]}
RESULT: {"script":"<script> [8489 bytes]","args":[{"element-6066-11e4-a52e-4f735466cecf":"f.FA5AA6ACA71DB73EA77ABAF269C4B101.d.3A95DDAA10A3FEC19CA3CC1E3E638A37.e.14872","ELEMENT":"f.FA5AA6ACA71DB73EA77ABAF269C4B101.d.3A95DDAA10A3FEC19CA3CC1E3E638A37.e.14872"}]}
COMMAND: GET /session/3637353f0f0366f06ffc96bdd6dcca04/screenshot - {}
RESULT: {}
COMMAND: POST /session/3637353f0f0366f06ffc96bdd6dcca04/execute/sync - {"script":"<script> [8489 bytes]","args":[{"element-6066-11e4-a52e-4f735466cecf":"f.FA5AA6ACA71DB73EA77ABAF269C4B101.d.3A95DDAA10A3FEC19CA3CC1E3E638A37.e.14872","ELEMENT":"f.FA5AA6ACA71DB73EA77ABAF269C4B101.d.3A95DDAA10A3FEC19CA3CC1E3E638A37.e.14872"}]}
RESULT: {"script":"<script> [8489 bytes]","args":[{"element-6066-11e4-a52e-4f735466cecf":"f.FA5AA6ACA71DB73EA77ABAF269C4B101.d.3A95DDAA10A3FEC19CA3CC1E3E638A37.e.14872","ELEMENT":"f.FA5AA6ACA71DB73EA77ABAF269C4B101.d.3A95DDAA10A3FEC19CA3CC1E3E638A37.e.14872"}]}
COMMAND: GET /session/3637353f0f0366f06ffc96bdd6dcca04/screenshot - {}
RESULT: {}
COMMAND: POST /session/3637353f0f0366f06ffc96bdd6dcca04/execute/sync - {"script":"<script> [8489 bytes]","args":[{"element-6066-11e4-a52e-4f735466cecf":"f.FA5AA6ACA71DB73EA77ABAF269C4B101.d.3A95DDAA10A3FEC19CA3CC1E3E638A37.e.14872","ELEMENT":"f.FA5AA6ACA71DB73EA77ABAF269C4B101.d.3A95DDAA10A3FEC19CA3CC1E3E638A37.e.14872"}]}
RESULT: {"script":"<script> [8489 bytes]","args":[{"element-6066-11e4-a52e-4f735466cecf":"f.FA5AA6ACA71DB73EA77ABAF269C4B101.d.3A95DDAA10A3FEC19CA3CC1E3E638A37.e.14872","ELEMENT":"f.FA5AA6ACA71DB73EA77ABAF269C4B101.d.3A95DDAA10A3FEC19CA3CC1E3E638A37.e.14872"}]}
COMMAND: GET /session/3637353f0f0366f06ffc96bdd6dcca04/screenshot - {}
RESULT: {}
COMMAND: POST /session/3637353f0f0366f06ffc96bdd6dcca04/execute/sync - {"script":"<script> [8489 bytes]","args":[{"element-6066-11e4-a52e-4f735466cecf":"f.FA5AA6ACA71DB73EA77ABAF269C4B101.d.3A95DDAA10A3FEC19CA3CC1E3E638A37.e.14872","ELEMENT":"f.FA5AA6ACA71DB73EA77ABAF269C4B101.d.3A95DDAA10A3FEC19CA3CC1E3E638A37.e.14872"}]}
RESULT: {"script":"<script> [8489 bytes]","args":[{"element-6066-11e4-a52e-4f735466cecf":"f.FA5AA6ACA71DB73EA77ABAF269C4B101.d.3A95DDAA10A3FEC19CA3CC1E3E638A37.e.14872","ELEMENT":"f.FA5AA6ACA71DB73EA77ABAF269C4B101.d.3A95DDAA10A3FEC19CA3CC1E3E638A37.e.14872"}]}
COMMAND: GET /session/3637353f0f0366f06ffc96bdd6dcca04/screenshot - {}
RESULT: {}
COMMAND: POST /session/3637353f0f0366f06ffc96bdd6dcca04/execute/sync - {"script":"<script> [8489 bytes]","args":[{"element-6066-11e4-a52e-4f735466cecf":"f.FA5AA6ACA71DB73EA77ABAF269C4B101.d.3A95DDAA10A3FEC19CA3CC1E3E638A37.e.14872","ELEMENT":"f.FA5AA6ACA71DB73EA77ABAF269C4B101.d.3A95DDAA10A3FEC19CA3CC1E3E638A37.e.14872"}]}
RESULT: {"script":"<script> [8489 bytes]","args":[{"element-6066-11e4-a52e-4f735466cecf":"f.FA5AA6ACA71DB73EA77ABAF269C4B101.d.3A95DDAA10A3FEC19CA3CC1E3E638A37.e.14872","ELEMENT":"f.FA5AA6ACA71DB73EA77ABAF269C4B101.d.3A95DDAA10A3FEC19CA3CC1E3E638A37.e.14872"}]}
COMMAND: GET /session/3637353f0f0366f06ffc96bdd6dcca04/screenshot - {}
COMMAND: POST /session/3637353f0f0366f06ffc96bdd6dcca04/execute/sync - {"script":"<script> [8489 bytes]","args":[{"element-6066-11e4-a52e-4f735466cecf":"f.FA5AA6ACA71DB73EA77ABAF269C4B101.d.3A95DDAA10A3FEC19CA3CC1E3E638A37.e.14872","ELEMENT":"f.FA5AA6ACA71DB73EA77ABAF269C4B101.d.3A95DDAA10A3FEC19CA3CC1E3E638A37.e.14872"}]}
RESULT: {}
RESULT: {"script":"<script> [8489 bytes]","args":[{"element-6066-11e4-a52e-4f735466cecf":"f.FA5AA6ACA71DB73EA77ABAF269C4B101.d.3A95DDAA10A3FEC19CA3CC1E3E638A37.e.14872","ELEMENT":"f.FA5AA6ACA71DB73EA77ABAF269C4B101.d.3A95DDAA10A3FEC19CA3CC1E3E638A37.e.14872"}]}
COMMAND: GET /session/3637353f0f0366f06ffc96bdd6dcca04/screenshot - {}
RESULT: {}
COMMAND: POST /session/3637353f0f0366f06ffc96bdd6dcca04/execute/sync - {"script":"<script> [8489 bytes]","args":[{"element-6066-11e4-a52e-4f735466cecf":"f.FA5AA6ACA71DB73EA77ABAF269C4B101.d.3A95DDAA10A3FEC19CA3CC1E3E638A37.e.14872","ELEMENT":"f.FA5AA6ACA71DB73EA77ABAF269C4B101.d.3A95DDAA10A3FEC19CA3CC1E3E638A37.e.14872"}]}
RESULT: {"script":"<script> [8489 bytes]","args":[{"element-6066-11e4-a52e-4f735466cecf":"f.FA5AA6ACA71DB73EA77ABAF269C4B101.d.3A95DDAA10A3FEC19CA3CC1E3E638A37.e.14872","ELEMENT":"f.FA5AA6ACA71DB73EA77ABAF269C4B101.d.3A95DDAA10A3FEC19CA3CC1E3E638A37.e.14872"}]}
COMMAND: GET /session/3637353f0f0366f06ffc96bdd6dcca04/screenshot - {}
RESULT: {}
COMMAND: POST /session/3637353f0f0366f06ffc96bdd6dcca04/execute/sync - {"script":"<script> [8489 bytes]","args":[{"element-6066-11e4-a52e-4f735466cecf":"f.FA5AA6ACA71DB73EA77ABAF269C4B101.d.3A95DDAA10A3FEC19CA3CC1E3E638A37.e.14872","ELEMENT":"f.FA5AA6ACA71DB73EA77ABAF269C4B101.d.3A95DDAA10A3FEC19CA3CC1E3E638A37.e.14872"}]}
RESULT: {"script":"<script> [8489 bytes]","args":[{"element-6066-11e4-a52e-4f735466cecf":"f.FA5AA6ACA71DB73EA77ABAF269C4B101.d.3A95DDAA10A3FEC19CA3CC1E3E638A37.e.14872","ELEMENT":"f.FA5AA6ACA71DB73EA77ABAF269C4B101.d.3A95DDAA10A3FEC19CA3CC1E3E638A37.e.14872"}]}
COMMAND: GET /session/3637353f0f0366f06ffc96bdd6dcca04/screenshot - {}
RESULT: {}
COMMAND: POST /session/3637353f0f0366f06ffc96bdd6dcca04/execute/sync - {"script":"<script> [8489 bytes]","args":[{"element-6066-11e4-a52e-4f735466cecf":"f.FA5AA6ACA71DB73EA77ABAF269C4B101.d.3A95DDAA10A3FEC19CA3CC1E3E638A37.e.14872","ELEMENT":"f.FA5AA6ACA71DB73EA77ABAF269C4B101.d.3A95DDAA10A3FEC19CA3CC1E3E638A37.e.14872"}]}
RESULT: {"script":"<script> [8489 bytes]","args":[{"element-6066-11e4-a52e-4f735466cecf":"f.FA5AA6ACA71DB73EA77ABAF269C4B101.d.3A95DDAA10A3FEC19CA3CC1E3E638A37.e.14872","ELEMENT":"f.FA5AA6ACA71DB73EA77ABAF269C4B101.d.3A95DDAA10A3FEC19CA3CC1E3E638A37.e.14872"}]}
COMMAND: GET /session/3637353f0f0366f06ffc96bdd6dcca04/screenshot - {}
RESULT: {}
COMMAND: POST /session/3637353f0f0366f06ffc96bdd6dcca04/execute/sync - {"script":"<script> [8489 bytes]","args":[{"element-6066-11e4-a52e-4f735466cecf":"f.FA5AA6ACA71DB73EA77ABAF269C4B101.d.3A95DDAA10A3FEC19CA3CC1E3E638A37.e.14872","ELEMENT":"f.FA5AA6ACA71DB73EA77ABAF269C4B101.d.3A95DDAA10A3FEC19CA3CC1E3E638A37.e.14872"}]}
RESULT: {"script":"<script> [8489 bytes]","args":[{"element-6066-11e4-a52e-4f735466cecf":"f.FA5AA6ACA71DB73EA77ABAF269C4B101.d.3A95DDAA10A3FEC19CA3CC1E3E638A37.e.14872","ELEMENT":"f.FA5AA6ACA71DB73EA77ABAF269C4B101.d.3A95DDAA10A3FEC19CA3CC1E3E638A37.e.14872"}]}
COMMAND: GET /session/3637353f0f0366f06ffc96bdd6dcca04/screenshot - {}
RESULT: {}
COMMAND: POST /session/3637353f0f0366f06ffc96bdd6dcca04/execute/sync - {"script":"<script> [8489 bytes]","args":[{"element-6066-11e4-a52e-4f735466cecf":"f.FA5AA6ACA71DB73EA77ABAF269C4B101.d.3A95DDAA10A3FEC19CA3CC1E3E638A37.e.14872","ELEMENT":"f.FA5AA6ACA71DB73EA77ABAF269C4B101.d.3A95DDAA10A3FEC19CA3CC1E3E638A37.e.14872"}]}
RESULT: {"script":"<script> [8489 bytes]","args":[{"element-6066-11e4-a52e-4f735466cecf":"f.FA5AA6ACA71DB73EA77ABAF269C4B101.d.3A95DDAA10A3FEC19CA3CC1E3E638A37.e.14872","ELEMENT":"f.FA5AA6ACA71DB73EA77ABAF269C4B101.d.3A95DDAA10A3FEC19CA3CC1E3E638A37.e.14872"}]}
COMMAND: GET /session/3637353f0f0366f06ffc96bdd6dcca04/screenshot - {}
RESULT: {}
COMMAND: POST /session/3637353f0f0366f06ffc96bdd6dcca04/execute/sync - {"script":"<script> [8489 bytes]","args":[{"element-6066-11e4-a52e-4f735466cecf":"f.FA5AA6ACA71DB73EA77ABAF269C4B101.d.3A95DDAA10A3FEC19CA3CC1E3E638A37.e.14872","ELEMENT":"f.FA5AA6ACA71DB73EA77ABAF269C4B101.d.3A95DDAA10A3FEC19CA3CC1E3E638A37.e.14872"}]}
RESULT: {"script":"<script> [8489 bytes]","args":[{"element-6066-11e4-a52e-4f735466cecf":"f.FA5AA6ACA71DB73EA77ABAF269C4B101.d.3A95DDAA10A3FEC19CA3CC1E3E638A37.e.14872","ELEMENT":"f.FA5AA6ACA71DB73EA77ABAF269C4B101.d.3A95DDAA10A3FEC19CA3CC1E3E638A37.e.14872"}]}
COMMAND: GET /session/3637353f0f0366f06ffc96bdd6dcca04/screenshot - {}
RESULT: {}
COMMAND: POST /session/3637353f0f0366f06ffc96bdd6dcca04/execute/sync - {"script":"<script> [8489 bytes]","args":[{"element-6066-11e4-a52e-4f735466cecf":"f.FA5AA6ACA71DB73EA77ABAF269C4B101.d.3A95DDAA10A3FEC19CA3CC1E3E638A37.e.14872","ELEMENT":"f.FA5AA6ACA71DB73EA77ABAF269C4B101.d.3A95DDAA10A3FEC19CA3CC1E3E638A37.e.14872"}]}
RESULT: {"script":"<script> [8489 bytes]","args":[{"element-6066-11e4-a52e-4f735466cecf":"f.FA5AA6ACA71DB73EA77ABAF269C4B101.d.3A95DDAA10A3FEC19CA3CC1E3E638A37.e.14872","ELEMENT":"f.FA5AA6ACA71DB73EA77ABAF269C4B101.d.3A95DDAA10A3FEC19CA3CC1E3E638A37.e.14872"}]}
COMMAND: GET /session/3637353f0f0366f06ffc96bdd6dcca04/screenshot - {}
RESULT: {}
COMMAND: POST /session/3637353f0f0366f06ffc96bdd6dcca04/execute/sync - {"script":"<script> [8489 bytes]","args":[{"element-6066-11e4-a52e-4f735466cecf":"f.FA5AA6ACA71DB73EA77ABAF269C4B101.d.3A95DDAA10A3FEC19CA3CC1E3E638A37.e.14872","ELEMENT":"f.FA5AA6ACA71DB73EA77ABAF269C4B101.d.3A95DDAA10A3FEC19CA3CC1E3E638A37.e.14872"}]}
RESULT: {"script":"<script> [8489 bytes]","args":[{"element-6066-11e4-a52e-4f735466cecf":"f.FA5AA6ACA71DB73EA77ABAF269C4B101.d.3A95DDAA10A3FEC19CA3CC1E3E638A37.e.14872","ELEMENT":"f.FA5AA6ACA71DB73EA77ABAF269C4B101.d.3A95DDAA10A3FEC19CA3CC1E3E638A37.e.14872"}]}
COMMAND: GET /session/3637353f0f0366f06ffc96bdd6dcca04/screenshot - {}
RESULT: {}
COMMAND: POST /session/3637353f0f0366f06ffc96bdd6dcca04/execute/sync - {"script":"<script> [8489 bytes]","args":[{"element-6066-11e4-a52e-4f735466cecf":"f.FA5AA6ACA71DB73EA77ABAF269C4B101.d.3A95DDAA10A3FEC19CA3CC1E3E638A37.e.14872","ELEMENT":"f.FA5AA6ACA71DB73EA77ABAF269C4B101.d.3A95DDAA10A3FEC19CA3CC1E3E638A37.e.14872"}]}
RESULT: {"script":"<script> [8489 bytes]","args":[{"element-6066-11e4-a52e-4f735466cecf":"f.FA5AA6ACA71DB73EA77ABAF269C4B101.d.3A95DDAA10A3FEC19CA3CC1E3E638A37.e.14872","ELEMENT":"f.FA5AA6ACA71DB73EA77ABAF269C4B101.d.3A95DDAA10A3FEC19CA3CC1E3E638A37.e.14872"}]}
COMMAND: GET /session/3637353f0f0366f06ffc96bdd6dcca04/screenshot - {}
RESULT: {}
COMMAND: POST /session/3637353f0f0366f06ffc96bdd6dcca04/execute/sync - {"script":"<script> [8489 bytes]","args":[{"element-6066-11e4-a52e-4f735466cecf":"f.FA5AA6ACA71DB73EA77ABAF269C4B101.d.3A95DDAA10A3FEC19CA3CC1E3E638A37.e.14872","ELEMENT":"f.FA5AA6ACA71DB73EA77ABAF269C4B101.d.3A95DDAA10A3FEC19CA3CC1E3E638A37.e.14872"}]}
RESULT: {"script":"<script> [8489 bytes]","args":[{"element-6066-11e4-a52e-4f735466cecf":"f.FA5AA6ACA71DB73EA77ABAF269C4B101.d.3A95DDAA10A3FEC19CA3CC1E3E638A37.e.14872","ELEMENT":"f.FA5AA6ACA71DB73EA77ABAF269C4B101.d.3A95DDAA10A3FEC19CA3CC1E3E638A37.e.14872"}]}
COMMAND: GET /session/3637353f0f0366f06ffc96bdd6dcca04/screenshot - {}
RESULT: {}
COMMAND: POST /session/3637353f0f0366f06ffc96bdd6dcca04/execute/sync - {"script":"<script> [8489 bytes]","args":[{"element-6066-11e4-a52e-4f735466cecf":"f.FA5AA6ACA71DB73EA77ABAF269C4B101.d.3A95DDAA10A3FEC19CA3CC1E3E638A37.e.14872","ELEMENT":"f.FA5AA6ACA71DB73EA77ABAF269C4B101.d.3A95DDAA10A3FEC19CA3CC1E3E638A37.e.14872"}]}
RESULT: {"script":"<script> [8489 bytes]","args":[{"element-6066-11e4-a52e-4f735466cecf":"f.FA5AA6ACA71DB73EA77ABAF269C4B101.d.3A95DDAA10A3FEC19CA3CC1E3E638A37.e.14872","ELEMENT":"f.FA5AA6ACA71DB73EA77ABAF269C4B101.d.3A95DDAA10A3FEC19CA3CC1E3E638A37.e.14872"}]}
COMMAND: GET /session/3637353f0f0366f06ffc96bdd6dcca04/screenshot - {}
RESULT: {}
COMMAND: POST /session/3637353f0f0366f06ffc96bdd6dcca04/execute/sync - {"script":"<script> [8489 bytes]","args":[{"element-6066-11e4-a52e-4f735466cecf":"f.FA5AA6ACA71DB73EA77ABAF269C4B101.d.3A95DDAA10A3FEC19CA3CC1E3E638A37.e.14872","ELEMENT":"f.FA5AA6ACA71DB73EA77ABAF269C4B101.d.3A95DDAA10A3FEC19CA3CC1E3E638A37.e.14872"}]}
RESULT: {"script":"<script> [8489 bytes]","args":[{"element-6066-11e4-a52e-4f735466cecf":"f.FA5AA6ACA71DB73EA77ABAF269C4B101.d.3A95DDAA10A3FEC19CA3CC1E3E638A37.e.14872","ELEMENT":"f.FA5AA6ACA71DB73EA77ABAF269C4B101.d.3A95DDAA10A3FEC19CA3CC1E3E638A37.e.14872"}]}
COMMAND: GET /session/3637353f0f0366f06ffc96bdd6dcca04/screenshot - {}
RESULT: {}
COMMAND: POST /session/3637353f0f0366f06ffc96bdd6dcca04/execute/sync - {"script":"<script> [8489 bytes]","args":[{"element-6066-11e4-a52e-4f735466cecf":"f.FA5AA6ACA71DB73EA77ABAF269C4B101.d.3A95DDAA10A3FEC19CA3CC1E3E638A37.e.14872","ELEMENT":"f.FA5AA6ACA71DB73EA77ABAF269C4B101.d.3A95DDAA10A3FEC19CA3CC1E3E638A37.e.14872"}]}
RESULT: {"script":"<script> [8489 bytes]","args":[{"element-6066-11e4-a52e-4f735466cecf":"f.FA5AA6ACA71DB73EA77ABAF269C4B101.d.3A95DDAA10A3FEC19CA3CC1E3E638A37.e.14872","ELEMENT":"f.FA5AA6ACA71DB73EA77ABAF269C4B101.d.3A95DDAA10A3FEC19CA3CC1E3E638A37.e.14872"}]}
COMMAND: GET /session/3637353f0f0366f06ffc96bdd6dcca04/screenshot - {}
RESULT: {}
COMMAND: POST /session/3637353f0f0366f06ffc96bdd6dcca04/execute/sync - {"script":"<script> [8489 bytes]","args":[{"element-6066-11e4-a52e-4f735466cecf":"f.FA5AA6ACA71DB73EA77ABAF269C4B101.d.3A95DDAA10A3FEC19CA3CC1E3E638A37.e.14872","ELEMENT":"f.FA5AA6ACA71DB73EA77ABAF269C4B101.d.3A95DDAA10A3FEC19CA3CC1E3E638A37.e.14872"}]}
RESULT: {"script":"<script> [8489 bytes]","args":[{"element-6066-11e4-a52e-4f735466cecf":"f.FA5AA6ACA71DB73EA77ABAF269C4B101.d.3A95DDAA10A3FEC19CA3CC1E3E638A37.e.14872","ELEMENT":"f.FA5AA6ACA71DB73EA77ABAF269C4B101.d.3A95DDAA10A3FEC19CA3CC1E3E638A37.e.14872"}]}
COMMAND: GET /session/3637353f0f0366f06ffc96bdd6dcca04/screenshot - {}
RESULT: {}
COMMAND: POST /session/3637353f0f0366f06ffc96bdd6dcca04/execute/sync - {"script":"<script> [8489 bytes]","args":[{"element-6066-11e4-a52e-4f735466cecf":"f.FA5AA6ACA71DB73EA77ABAF269C4B101.d.3A95DDAA10A3FEC19CA3CC1E3E638A37.e.14872","ELEMENT":"f.FA5AA6ACA71DB73EA77ABAF269C4B101.d.3A95DDAA10A3FEC19CA3CC1E3E638A37.e.14872"}]}
RESULT: {"script":"<script> [8489 bytes]","args":[{"element-6066-11e4-a52e-4f735466cecf":"f.FA5AA6ACA71DB73EA77ABAF269C4B101.d.3A95DDAA10A3FEC19CA3CC1E3E638A37.e.14872","ELEMENT":"f.FA5AA6ACA71DB73EA77ABAF269C4B101.d.3A95DDAA10A3FEC19CA3CC1E3E638A37.e.14872"}]}
COMMAND: GET /session/3637353f0f0366f06ffc96bdd6dcca04/screenshot - {}
RESULT: {}
COMMAND: POST /session/3637353f0f0366f06ffc96bdd6dcca04/execute/sync - {"script":"<script> [8489 bytes]","args":[{"element-6066-11e4-a52e-4f735466cecf":"f.FA5AA6ACA71DB73EA77ABAF269C4B101.d.3A95DDAA10A3FEC19CA3CC1E3E638A37.e.14872","ELEMENT":"f.FA5AA6ACA71DB73EA77ABAF269C4B101.d.3A95DDAA10A3FEC19CA3CC1E3E638A37.e.14872"}]}
RESULT: {"script":"<script> [8489 bytes]","args":[{"element-6066-11e4-a52e-4f735466cecf":"f.FA5AA6ACA71DB73EA77ABAF269C4B101.d.3A95DDAA10A3FEC19CA3CC1E3E638A37.e.14872","ELEMENT":"f.FA5AA6ACA71DB73EA77ABAF269C4B101.d.3A95DDAA10A3FEC19CA3CC1E3E638A37.e.14872"}]}
COMMAND: GET /session/3637353f0f0366f06ffc96bdd6dcca04/screenshot - {}
RESULT: {}
COMMAND: POST /session/3637353f0f0366f06ffc96bdd6dcca04/execute/sync - {"script":"<script> [8489 bytes]","args":[{"element-6066-11e4-a52e-4f735466cecf":"f.FA5AA6ACA71DB73EA77ABAF269C4B101.d.3A95DDAA10A3FEC19CA3CC1E3E638A37.e.14872","ELEMENT":"f.FA5AA6ACA71DB73EA77ABAF269C4B101.d.3A95DDAA10A3FEC19CA3CC1E3E638A37.e.14872"}]}
RESULT: {"script":"<script> [8489 bytes]","args":[{"element-6066-11e4-a52e-4f735466cecf":"f.FA5AA6ACA71DB73EA77ABAF269C4B101.d.3A95DDAA10A3FEC19CA3CC1E3E638A37.e.14872","ELEMENT":"f.FA5AA6ACA71DB73EA77ABAF269C4B101.d.3A95DDAA10A3FEC19CA3CC1E3E638A37.e.14872"}]}
COMMAND: GET /session/3637353f0f0366f06ffc96bdd6dcca04/screenshot - {}
RESULT: {}
COMMAND: POST /session/3637353f0f0366f06ffc96bdd6dcca04/execute/sync - {"script":"<script> [8489 bytes]","args":[{"element-6066-11e4-a52e-4f735466cecf":"f.FA5AA6ACA71DB73EA77ABAF269C4B101.d.3A95DDAA10A3FEC19CA3CC1E3E638A37.e.14872","ELEMENT":"f.FA5AA6ACA71DB73EA77ABAF269C4B101.d.3A95DDAA10A3FEC19CA3CC1E3E638A37.e.14872"}]}
RESULT: {"script":"<script> [8489 bytes]","args":[{"element-6066-11e4-a52e-4f735466cecf":"f.FA5AA6ACA71DB73EA77ABAF269C4B101.d.3A95DDAA10A3FEC19CA3CC1E3E638A37.e.14872","ELEMENT":"f.FA5AA6ACA71DB73EA77ABAF269C4B101.d.3A95DDAA10A3FEC19CA3CC1E3E638A37.e.14872"}]}
COMMAND: GET /session/3637353f0f0366f06ffc96bdd6dcca04/screenshot - {}
RESULT: {}
COMMAND: POST /session/3637353f0f0366f06ffc96bdd6dcca04/execute/sync - {"script":"<script> [8489 bytes]","args":[{"element-6066-11e4-a52e-4f735466cecf":"f.FA5AA6ACA71DB73EA77ABAF269C4B101.d.3A95DDAA10A3FEC19CA3CC1E3E638A37.e.14872","ELEMENT":"f.FA5AA6ACA71DB73EA77ABAF269C4B101.d.3A95DDAA10A3FEC19CA3CC1E3E638A37.e.14872"}]}
RESULT: {"script":"<script> [8489 bytes]","args":[{"element-6066-11e4-a52e-4f735466cecf":"f.FA5AA6ACA71DB73EA77ABAF269C4B101.d.3A95DDAA10A3FEC19CA3CC1E3E638A37.e.14872","ELEMENT":"f.FA5AA6ACA71DB73EA77ABAF269C4B101.d.3A95DDAA10A3FEC19CA3CC1E3E638A37.e.14872"}]}
COMMAND: GET /session/3637353f0f0366f06ffc96bdd6dcca04/screenshot - {}
RESULT: {}
COMMAND: POST /session/3637353f0f0366f06ffc96bdd6dcca04/execute/async - {"script":"<script> [1562 bytes]","args":[{"selector":{"controlType":"sap.m.Button","viewName":"etm.portal.ui.managehandovers.view.DetailExecuteHO","i18NText":{"propertyName":"text","key":"pickQty"},"interaction":{"idSuffix":"BDI-content"}},"wdio_ui5_key":"etmportal.ui.managehandovers.view.DetailExecuteHOsap.m.Button{\"propertyName\":\"text\",\"key\":\"pickQty\"}"}]}
RESULT: {"script":"<script> [1562 bytes]","args":[{"selector":{"controlType":"sap.m.Button","viewName":"etm.portal.ui.managehandovers.view.DetailExecuteHO","i18NText":{"propertyName":"text","key":"pickQty"},"interaction":{"idSuffix":"BDI-content"}},"wdio_ui5_key":"etmportal.ui.managehandovers.view.DetailExecuteHOsap.m.Button{\"propertyName\":\"text\",\"key\":\"pickQty\"}"}]}
RESULT: undefined
COMMAND: POST /session/3637353f0f0366f06ffc96bdd6dcca04/execute/async - {"script":"<script> [1562 bytes]","args":[{"selector":{"controlType":"sap.m.Link","viewName":"etm.portal.ui.managehandovers.view.DetailExecuteHO","bindingPath":{"path":"","propertyPath":"/wmDoc","modelName":"warehouseMovModel"}},"wdio_ui5_key":"etmportal.ui.managehandovers.view.DetailExecuteHOsap.m.Link{\"path\":\"\",\"propertyPath\":\"/wmDoc\",\"modelName\":\"warehouseMovModel\"}"}]}
RESULT: {"script":"<script> [1562 bytes]","args":[{"selector":{"controlType":"sap.m.Link","viewName":"etm.portal.ui.managehandovers.view.DetailExecuteHO","bindingPath":{"path":"","propertyPath":"/wmDoc","modelName":"warehouseMovModel"}},"wdio_ui5_key":"etmportal.ui.managehandovers.view.DetailExecuteHOsap.m.Link{\"path\":\"\",\"propertyPath\":\"/wmDoc\",\"modelName\":\"warehouseMovModel\"}"}]}
RESULT: undefined
COMMAND: POST /session/3637353f0f0366f06ffc96bdd6dcca04/execute/async - {"script":"<script> [1562 bytes]","args":[{"selector":{"controlType":"sap.m.Link","viewName":"etm.portal.ui.managehandovers.view.DetailExecuteHO","properties":{"text":"Warehouse Overview"},"searchOpenDialogs":true},"wdio_ui5_key":"etmportal.ui.managehandovers.view.DetailExecuteHOsap.m.Link{\"text\":\"Warehouse Overview\"}"}]}
RESULT: {"script":"<script> [1562 bytes]","args":[{"selector":{"controlType":"sap.m.Link","viewName":"etm.portal.ui.managehandovers.view.DetailExecuteHO","properties":{"text":"Warehouse Overview"},"searchOpenDialogs":true},"wdio_ui5_key":"etmportal.ui.managehandovers.view.DetailExecuteHOsap.m.Link{\"text\":\"Warehouse Overview\"}"}]}
RESULT: undefined
COMMAND: POST /session/3637353f0f0366f06ffc96bdd6dcca04/execute/async - {"script":"<script> [1562 bytes]","args":[{"selector":{"controlType":"sap.m.Button","viewName":"etm.portal.ui.warehousemovements.view.DisplayMovement","viewId":"application-warehousemovements-display-component---displayMovement","i18NText":{"propertyName":"text","key":"execution"},"interaction":{"idSuffix":"BDI-content"}},"wdio_ui5_key":"etmportal.ui.warehousemovements.view.DisplayMovementsap.m.Button{\"propertyName\":\"text\",\"key\":\"execution\"}"}]}
RESULT: {"script":"<script> [1562 bytes]","args":[{"selector":{"controlType":"sap.m.Button","viewName":"etm.portal.ui.warehousemovements.view.DisplayMovement","viewId":"application-warehousemovements-display-component---displayMovement","i18NText":{"propertyName":"text","key":"execution"},"interaction":{"idSuffix":"BDI-content"}},"wdio_ui5_key":"etmportal.ui.warehousemovements.view.DisplayMovementsap.m.Button{\"propertyName\":\"text\",\"key\":\"execution\"}"}]}
RESULT: undefined
COMMAND: POST /session/3637353f0f0366f06ffc96bdd6dcca04/execute/async - {"script":"<script> [1562 bytes]","args":[{"selector":{"controlType":"sap.m.Button","viewName":"etm.portal.ui.warehousemovements.view.ExecuteMovement","viewId":"application-warehousemovements-display-component---executeMovement","properties":{"text":"Items"},"interaction":{"idSuffix":"BDI-content"}},"wdio_ui5_key":"etmportal.ui.warehousemovements.view.ExecuteMovementsap.m.Button{\"text\":\"Items\"}"}]}
RESULT: {"script":"<script> [1562 bytes]","args":[{"selector":{"controlType":"sap.m.Button","viewName":"etm.portal.ui.warehousemovements.view.ExecuteMovement","viewId":"application-warehousemovements-display-component---executeMovement","properties":{"text":"Items"},"interaction":{"idSuffix":"BDI-content"}},"wdio_ui5_key":"etmportal.ui.warehousemovements.view.ExecuteMovementsap.m.Button{\"text\":\"Items\"}"}]}
RESULT: undefined
COMMAND: POST /session/3637353f0f0366f06ffc96bdd6dcca04/execute/async - {"script":"<script> [1562 bytes]","args":[{"selector":{"controlType":"sap.m.ToggleButton","viewName":"etm.portal.ui.warehousemovements.view.ExecuteMovement","viewId":"application-warehousemovements-display-component---executeMovement","bindingPath":{"propertyPath":"STATUS","modelName":"catalogModel"},"interaction":{"idSuffix":"BDI-content"}},"wdio_ui5_key":"etmportal.ui.warehousemovements.view.ExecuteMovementsap.m.ToggleButton{\"propertyPath\":\"STATUS\",\"modelName\":\"catalogModel\"}"}]}
RESULT: {"script":"<script> [1562 bytes]","args":[{"selector":{"controlType":"sap.m.ToggleButton","viewName":"etm.portal.ui.warehousemovements.view.ExecuteMovement","viewId":"application-warehousemovements-display-component---executeMovement","bindingPath":{"propertyPath":"STATUS","modelName":"catalogModel"},"interaction":{"idSuffix":"BDI-content"}},"wdio_ui5_key":"etmportal.ui.warehousemovements.view.ExecuteMovementsap.m.ToggleButton{\"propertyPath\":\"STATUS\",\"modelName\":\"catalogModel\"}"}]}
RESULT: undefined
RESULT: undefined
RESULT: undefined
COMMAND: POST /session/3637353f0f0366f06ffc96bdd6dcca04/execute/async - {"script":"<script> [1562 bytes]","args":[{"selector":{"id":"application-warehousemovements-display-component---executeMovement--executeId","interaction":{"idSuffix":"BDI-content"}},"wdio_ui5_key":"applicationwarehousemovements-display-component---executeMovement--executeId"}]}
RESULT: {"script":"<script> [1562 bytes]","args":[{"selector":{"id":"application-warehousemovements-display-component---executeMovement--executeId","interaction":{"idSuffix":"BDI-content"}},"wdio_ui5_key":"applicationwarehousemovements-display-component---executeMovement--executeId"}]}
RESULT: undefined
COMMAND: POST /session/3637353f0f0366f06ffc96bdd6dcca04/element - {"using":"css selector","value":"#shell-header-logo"}
RESULT: {"using":"css selector","value":"#shell-header-logo"}
COMMAND: POST /session/3637353f0f0366f06ffc96bdd6dcca04/element/f.FA5AA6ACA71DB73EA77ABAF269C4B101.d.3A95DDAA10A3FEC19CA3CC1E3E638A37.e.13591/click - {}
RESULT: {}
COMMAND: GET /session/3637353f0f0366f06ffc96bdd6dcca04/screenshot - {}
RESULT: {}
RESULT: undefined
COMMAND: POST /session/3637353f0f0366f06ffc96bdd6dcca04/element - {"using":"xpath","value":"//*[@id=\"__tile133\"]"}
RESULT: {"using":"xpath","value":"//*[@id=\"__tile133\"]"}
COMMAND: POST /session/3637353f0f0366f06ffc96bdd6dcca04/element/f.FA5AA6ACA71DB73EA77ABAF269C4B101.d.3A95DDAA10A3FEC19CA3CC1E3E638A37.e.12857/click - {}
RESULT: {}
COMMAND: GET /session/3637353f0f0366f06ffc96bdd6dcca04/screenshot - {}
RESULT: {}
COMMAND: POST /session/3637353f0f0366f06ffc96bdd6dcca04/execute/async - {"script":"<script> [1562 bytes]","args":[{"selector":{"controlType":"sap.m.SearchField","viewName":"etm.portal.ui.managehandovers.view.MasterHO","bindingPath":{"propertyPath":"/_BASIC_SEARCH_FIELD","modelName":"fi1t3rM0d31"},"interaction":{"idSuffix":"I"}},"wdio_ui5_key":"etmportal.ui.managehandovers.view.MasterHOsap.m.SearchField{\"propertyPath\":\"/_BASIC_SEARCH_FIELD\",\"modelName\":\"fi1t3rM0d31\"}"}]}
RESULT: {"script":"<script> [1562 bytes]","args":[{"selector":{"controlType":"sap.m.SearchField","viewName":"etm.portal.ui.managehandovers.view.MasterHO","bindingPath":{"propertyPath":"/_BASIC_SEARCH_FIELD","modelName":"fi1t3rM0d31"},"interaction":{"idSuffix":"I"}},"wdio_ui5_key":"etmportal.ui.managehandovers.view.MasterHOsap.m.SearchField{\"propertyPath\":\"/_BASIC_SEARCH_FIELD\",\"modelName\":\"fi1t3rM0d31\"}"}]}
RESULT: undefined
COMMAND: POST /session/3637353f0f0366f06ffc96bdd6dcca04/execute/async - {"script":"<script> [776 bytes]","args":[{"enterText":"30651","selector":{"controlType":"sap.m.SearchField","viewName":"etm.portal.ui.managehandovers.view.MasterHO","bindingPath":{"propertyPath":"/_BASIC_SEARCH_FIELD","modelName":"fi1t3rM0d31"},"interaction":{"idSuffix":"I"}},"clearTextFirst":true,"interactionType":"ENTER_TEXT"}]}
RESULT: {"script":"<script> [776 bytes]","args":[{"enterText":"30651","selector":{"controlType":"sap.m.SearchField","viewName":"etm.portal.ui.managehandovers.view.MasterHO","bindingPath":{"propertyPath":"/_BASIC_SEARCH_FIELD","modelName":"fi1t3rM0d31"},"interaction":{"idSuffix":"I"}},"clearTextFirst":true,"interactionType":"ENTER_TEXT"}]}
COMMAND: POST /session/3637353f0f0366f06ffc96bdd6dcca04/actions - {"actions":[{"id":"action67","type":"key","parameters":{},"actions":[{"type":"keyDown","value":"î€‡"},{"type":"pause","duration":10},{"type":"keyUp","value":"î€‡"}]}]}
RESULT: {"actions":[{"id":"action67","type":"key","parameters":{},"actions":[{"type":"keyDown","value":"î€‡"},{"type":"pause","duration":10},{"type":"keyUp","value":"î€‡"}]}]}
COMMAND: GET /session/3637353f0f0366f06ffc96bdd6dcca04/screenshot - {}
RESULT: {}
RESULT: undefined
COMMAND: POST /session/3637353f0f0366f06ffc96bdd6dcca04/element - {"using":"xpath","value":"//*[@id=\"__item3412-__clone9150-imgNav\"]"}
RESULT: {"using":"xpath","value":"//*[@id=\"__item3412-__clone9150-imgNav\"]"}
COMMAND: POST /session/3637353f0f0366f06ffc96bdd6dcca04/elements - {"using":"xpath","value":"//*[@id=\"__item3412-__clone9150-imgNav\"]"}
RESULT: {"using":"xpath","value":"//*[@id=\"__item3412-__clone9150-imgNav\"]"}
COMMAND: POST /session/3637353f0f0366f06ffc96bdd6dcca04/elements - {"using":"xpath","value":"//*[@id=\"__item3412-__clone9150-imgNav\"]"}
RESULT: {"using":"xpath","value":"//*[@id=\"__item3412-__clone9150-imgNav\"]"}
COMMAND: POST /session/3637353f0f0366f06ffc96bdd6dcca04/elements - {"using":"xpath","value":"//*[@id=\"__item3412-__clone9150-imgNav\"]"}
RESULT: {"using":"xpath","value":"//*[@id=\"__item3412-__clone9150-imgNav\"]"}
COMMAND: POST /session/3637353f0f0366f06ffc96bdd6dcca04/elements - {"using":"xpath","value":"//*[@id=\"__item3412-__clone9150-imgNav\"]"}
RESULT: {"using":"xpath","value":"//*[@id=\"__item3412-__clone9150-imgNav\"]"}
COMMAND: POST /session/3637353f0f0366f06ffc96bdd6dcca04/elements - {"using":"xpath","value":"//*[@id=\"__item3412-__clone9150-imgNav\"]"}
RESULT: {"using":"xpath","value":"//*[@id=\"__item3412-__clone9150-imgNav\"]"}
COMMAND: POST /session/3637353f0f0366f06ffc96bdd6dcca04/elements - {"using":"xpath","value":"//*[@id=\"__item3412-__clone9150-imgNav\"]"}
RESULT: {"using":"xpath","value":"//*[@id=\"__item3412-__clone9150-imgNav\"]"}
COMMAND: POST /session/3637353f0f0366f06ffc96bdd6dcca04/elements - {"using":"xpath","value":"//*[@id=\"__item3412-__clone9150-imgNav\"]"}
RESULT: {"using":"xpath","value":"//*[@id=\"__item3412-__clone9150-imgNav\"]"}
COMMAND: POST /session/3637353f0f0366f06ffc96bdd6dcca04/elements - {"using":"xpath","value":"//*[@id=\"__item3412-__clone9150-imgNav\"]"}
RESULT: {"using":"xpath","value":"//*[@id=\"__item3412-__clone9150-imgNav\"]"}
COMMAND: POST /session/3637353f0f0366f06ffc96bdd6dcca04/elements - {"using":"xpath","value":"//*[@id=\"__item3412-__clone9150-imgNav\"]"}
RESULT: {"using":"xpath","value":"//*[@id=\"__item3412-__clone9150-imgNav\"]"}
COMMAND: POST /session/3637353f0f0366f06ffc96bdd6dcca04/elements - {"using":"xpath","value":"//*[@id=\"__item3412-__clone9150-imgNav\"]"}
RESULT: {"using":"xpath","value":"//*[@id=\"__item3412-__clone9150-imgNav\"]"}
COMMAND: POST /session/3637353f0f0366f06ffc96bdd6dcca04/elements - {"using":"xpath","value":"//*[@id=\"__item3412-__clone9150-imgNav\"]"}
RESULT: {"using":"xpath","value":"//*[@id=\"__item3412-__clone9150-imgNav\"]"}
COMMAND: POST /session/3637353f0f0366f06ffc96bdd6dcca04/elements - {"using":"xpath","value":"//*[@id=\"__item3412-__clone9150-imgNav\"]"}
RESULT: {"using":"xpath","value":"//*[@id=\"__item3412-__clone9150-imgNav\"]"}
COMMAND: POST /session/3637353f0f0366f06ffc96bdd6dcca04/elements - {"using":"xpath","value":"//*[@id=\"__item3412-__clone9150-imgNav\"]"}
RESULT: {"using":"xpath","value":"//*[@id=\"__item3412-__clone9150-imgNav\"]"}
COMMAND: POST /session/3637353f0f0366f06ffc96bdd6dcca04/elements - {"using":"xpath","value":"//*[@id=\"__item3412-__clone9150-imgNav\"]"}
RESULT: {"using":"xpath","value":"//*[@id=\"__item3412-__clone9150-imgNav\"]"}
COMMAND: POST /session/3637353f0f0366f06ffc96bdd6dcca04/elements - {"using":"xpath","value":"//*[@id=\"__item3412-__clone9150-imgNav\"]"}
RESULT: {"using":"xpath","value":"//*[@id=\"__item3412-__clone9150-imgNav\"]"}
COMMAND: POST /session/3637353f0f0366f06ffc96bdd6dcca04/elements - {"using":"xpath","value":"//*[@id=\"__item3412-__clone9150-imgNav\"]"}
RESULT: {"using":"xpath","value":"//*[@id=\"__item3412-__clone9150-imgNav\"]"}
COMMAND: POST /session/3637353f0f0366f06ffc96bdd6dcca04/elements - {"using":"xpath","value":"//*[@id=\"__item3412-__clone9150-imgNav\"]"}
RESULT: {"using":"xpath","value":"//*[@id=\"__item3412-__clone9150-imgNav\"]"}
COMMAND: POST /session/3637353f0f0366f06ffc96bdd6dcca04/elements - {"using":"xpath","value":"//*[@id=\"__item3412-__clone9150-imgNav\"]"}
RESULT: {"using":"xpath","value":"//*[@id=\"__item3412-__clone9150-imgNav\"]"}
COMMAND: POST /session/3637353f0f0366f06ffc96bdd6dcca04/elements - {"using":"xpath","value":"//*[@id=\"__item3412-__clone9150-imgNav\"]"}
RESULT: {"using":"xpath","value":"//*[@id=\"__item3412-__clone9150-imgNav\"]"}
COMMAND: POST /session/3637353f0f0366f06ffc96bdd6dcca04/elements - {"using":"xpath","value":"//*[@id=\"__item3412-__clone9150-imgNav\"]"}
RESULT: {"using":"xpath","value":"//*[@id=\"__item3412-__clone9150-imgNav\"]"}
COMMAND: POST /session/3637353f0f0366f06ffc96bdd6dcca04/elements - {"using":"xpath","value":"//*[@id=\"__item3412-__clone9150-imgNav\"]"}
RESULT: {"using":"xpath","value":"//*[@id=\"__item3412-__clone9150-imgNav\"]"}
COMMAND: POST /session/3637353f0f0366f06ffc96bdd6dcca04/elements - {"using":"xpath","value":"//*[@id=\"__item3412-__clone9150-imgNav\"]"}
RESULT: {"using":"xpath","value":"//*[@id=\"__item3412-__clone9150-imgNav\"]"}
COMMAND: POST /session/3637353f0f0366f06ffc96bdd6dcca04/elements - {"using":"xpath","value":"//*[@id=\"__item3412-__clone9150-imgNav\"]"}
RESULT: {"using":"xpath","value":"//*[@id=\"__item3412-__clone9150-imgNav\"]"}
COMMAND: POST /session/3637353f0f0366f06ffc96bdd6dcca04/elements - {"using":"xpath","value":"//*[@id=\"__item3412-__clone9150-imgNav\"]"}
RESULT: {"using":"xpath","value":"//*[@id=\"__item3412-__clone9150-imgNav\"]"}
COMMAND: POST /session/3637353f0f0366f06ffc96bdd6dcca04/elements - {"using":"xpath","value":"//*[@id=\"__item3412-__clone9150-imgNav\"]"}
RESULT: {"using":"xpath","value":"//*[@id=\"__item3412-__clone9150-imgNav\"]"}
COMMAND: POST /session/3637353f0f0366f06ffc96bdd6dcca04/elements - {"using":"xpath","value":"//*[@id=\"__item3412-__clone9150-imgNav\"]"}
RESULT: {"using":"xpath","value":"//*[@id=\"__item3412-__clone9150-imgNav\"]"}
COMMAND: POST /session/3637353f0f0366f06ffc96bdd6dcca04/elements - {"using":"xpath","value":"//*[@id=\"__item3412-__clone9150-imgNav\"]"}
RESULT: {"using":"xpath","value":"//*[@id=\"__item3412-__clone9150-imgNav\"]"}
COMMAND: POST /session/3637353f0f0366f06ffc96bdd6dcca04/elements - {"using":"xpath","value":"//*[@id=\"__item3412-__clone9150-imgNav\"]"}
RESULT: {"using":"xpath","value":"//*[@id=\"__item3412-__clone9150-imgNav\"]"}
COMMAND: POST /session/3637353f0f0366f06ffc96bdd6dcca04/elements - {"using":"xpath","value":"//*[@id=\"__item3412-__clone9150-imgNav\"]"}
RESULT: {"using":"xpath","value":"//*[@id=\"__item3412-__clone9150-imgNav\"]"}
COMMAND: POST /session/3637353f0f0366f06ffc96bdd6dcca04/elements - {"using":"xpath","value":"//*[@id=\"__item3412-__clone9150-imgNav\"]"}
RESULT: {"using":"xpath","value":"//*[@id=\"__item3412-__clone9150-imgNav\"]"}
COMMAND: POST /session/3637353f0f0366f06ffc96bdd6dcca04/elements - {"using":"xpath","value":"//*[@id=\"__item3412-__clone9150-imgNav\"]"}
RESULT: {"using":"xpath","value":"//*[@id=\"__item3412-__clone9150-imgNav\"]"}
COMMAND: POST /session/3637353f0f0366f06ffc96bdd6dcca04/elements - {"using":"xpath","value":"//*[@id=\"__item3412-__clone9150-imgNav\"]"}
RESULT: {"using":"xpath","value":"//*[@id=\"__item3412-__clone9150-imgNav\"]"}
COMMAND: POST /session/3637353f0f0366f06ffc96bdd6dcca04/elements - {"using":"xpath","value":"//*[@id=\"__item3412-__clone9150-imgNav\"]"}
RESULT: {"using":"xpath","value":"//*[@id=\"__item3412-__clone9150-imgNav\"]"}
COMMAND: POST /session/3637353f0f0366f06ffc96bdd6dcca04/elements - {"using":"xpath","value":"//*[@id=\"__item3412-__clone9150-imgNav\"]"}
RESULT: {"using":"xpath","value":"//*[@id=\"__item3412-__clone9150-imgNav\"]"}
COMMAND: POST /session/3637353f0f0366f06ffc96bdd6dcca04/elements - {"using":"xpath","value":"//*[@id=\"__item3412-__clone9150-imgNav\"]"}
RESULT: {"using":"xpath","value":"//*[@id=\"__item3412-__clone9150-imgNav\"]"}
COMMAND: POST /session/3637353f0f0366f06ffc96bdd6dcca04/elements - {"using":"xpath","value":"//*[@id=\"__item3412-__clone9150-imgNav\"]"}
RESULT: {"using":"xpath","value":"//*[@id=\"__item3412-__clone9150-imgNav\"]"}
COMMAND: POST /session/3637353f0f0366f06ffc96bdd6dcca04/elements - {"using":"xpath","value":"//*[@id=\"__item3412-__clone9150-imgNav\"]"}
RESULT: {"using":"xpath","value":"//*[@id=\"__item3412-__clone9150-imgNav\"]"}
COMMAND: POST /session/3637353f0f0366f06ffc96bdd6dcca04/elements - {"using":"xpath","value":"//*[@id=\"__item3412-__clone9150-imgNav\"]"}
RESULT: {"using":"xpath","value":"//*[@id=\"__item3412-__clone9150-imgNav\"]"}
COMMAND: POST /session/3637353f0f0366f06ffc96bdd6dcca04/elements - {"using":"xpath","value":"//*[@id=\"__item3412-__clone9150-imgNav\"]"}
RESULT: {"using":"xpath","value":"//*[@id=\"__item3412-__clone9150-imgNav\"]"}
COMMAND: POST /session/3637353f0f0366f06ffc96bdd6dcca04/elements - {"using":"xpath","value":"//*[@id=\"__item3412-__clone9150-imgNav\"]"}
RESULT: {"using":"xpath","value":"//*[@id=\"__item3412-__clone9150-imgNav\"]"}
COMMAND: POST /session/3637353f0f0366f06ffc96bdd6dcca04/elements - {"using":"xpath","value":"//*[@id=\"__item3412-__clone9150-imgNav\"]"}
RESULT: {"using":"xpath","value":"//*[@id=\"__item3412-__clone9150-imgNav\"]"}
COMMAND: POST /session/3637353f0f0366f06ffc96bdd6dcca04/elements - {"using":"xpath","value":"//*[@id=\"__item3412-__clone9150-imgNav\"]"}
RESULT: {"using":"xpath","value":"//*[@id=\"__item3412-__clone9150-imgNav\"]"}
COMMAND: POST /session/3637353f0f0366f06ffc96bdd6dcca04/elements - {"using":"xpath","value":"//*[@id=\"__item3412-__clone9150-imgNav\"]"}
RESULT: {"using":"xpath","value":"//*[@id=\"__item3412-__clone9150-imgNav\"]"}
COMMAND: POST /session/3637353f0f0366f06ffc96bdd6dcca04/elements - {"using":"xpath","value":"//*[@id=\"__item3412-__clone9150-imgNav\"]"}
RESULT: {"using":"xpath","value":"//*[@id=\"__item3412-__clone9150-imgNav\"]"}
COMMAND: POST /session/3637353f0f0366f06ffc96bdd6dcca04/elements - {"using":"xpath","value":"//*[@id=\"__item3412-__clone9150-imgNav\"]"}
RESULT: {"using":"xpath","value":"//*[@id=\"__item3412-__clone9150-imgNav\"]"}
COMMAND: POST /session/3637353f0f0366f06ffc96bdd6dcca04/elements - {"using":"xpath","value":"//*[@id=\"__item3412-__clone9150-imgNav\"]"}
RESULT: {"using":"xpath","value":"//*[@id=\"__item3412-__clone9150-imgNav\"]"}
COMMAND: POST /session/3637353f0f0366f06ffc96bdd6dcca04/elements - {"using":"xpath","value":"//*[@id=\"__item3412-__clone9150-imgNav\"]"}
RESULT: {"using":"xpath","value":"//*[@id=\"__item3412-__clone9150-imgNav\"]"}
COMMAND: POST /session/3637353f0f0366f06ffc96bdd6dcca04/elements - {"using":"xpath","value":"//*[@id=\"__item3412-__clone9150-imgNav\"]"}
RESULT: {"using":"xpath","value":"//*[@id=\"__item3412-__clone9150-imgNav\"]"}
COMMAND: POST /session/3637353f0f0366f06ffc96bdd6dcca04/elements - {"using":"xpath","value":"//*[@id=\"__item3412-__clone9150-imgNav\"]"}
RESULT: {"using":"xpath","value":"//*[@id=\"__item3412-__clone9150-imgNav\"]"}
COMMAND: POST /session/3637353f0f0366f06ffc96bdd6dcca04/elements - {"using":"xpath","value":"//*[@id=\"__item3412-__clone9150-imgNav\"]"}
RESULT: {"using":"xpath","value":"//*[@id=\"__item3412-__clone9150-imgNav\"]"}
COMMAND: POST /session/3637353f0f0366f06ffc96bdd6dcca04/elements - {"using":"xpath","value":"//*[@id=\"__item3412-__clone9150-imgNav\"]"}
RESULT: {"using":"xpath","value":"//*[@id=\"__item3412-__clone9150-imgNav\"]"}
COMMAND: POST /session/3637353f0f0366f06ffc96bdd6dcca04/elements - {"using":"xpath","value":"//*[@id=\"__item3412-__clone9150-imgNav\"]"}
RESULT: {"using":"xpath","value":"//*[@id=\"__item3412-__clone9150-imgNav\"]"}
COMMAND: POST /session/3637353f0f0366f06ffc96bdd6dcca04/elements - {"using":"xpath","value":"//*[@id=\"__item3412-__clone9150-imgNav\"]"}
RESULT: {"using":"xpath","value":"//*[@id=\"__item3412-__clone9150-imgNav\"]"}
COMMAND: POST /session/3637353f0f0366f06ffc96bdd6dcca04/elements - {"using":"xpath","value":"//*[@id=\"__item3412-__clone9150-imgNav\"]"}
RESULT: {"using":"xpath","value":"//*[@id=\"__item3412-__clone9150-imgNav\"]"}
COMMAND: POST /session/3637353f0f0366f06ffc96bdd6dcca04/elements - {"using":"xpath","value":"//*[@id=\"__item3412-__clone9150-imgNav\"]"}
RESULT: {"using":"xpath","value":"//*[@id=\"__item3412-__clone9150-imgNav\"]"}
COMMAND: POST /session/3637353f0f0366f06ffc96bdd6dcca04/elements - {"using":"xpath","value":"//*[@id=\"__item3412-__clone9150-imgNav\"]"}
RESULT: {"using":"xpath","value":"//*[@id=\"__item3412-__clone9150-imgNav\"]"}
COMMAND: POST /session/3637353f0f0366f06ffc96bdd6dcca04/elements - {"using":"xpath","value":"//*[@id=\"__item3412-__clone9150-imgNav\"]"}
RESULT: {"using":"xpath","value":"//*[@id=\"__item3412-__clone9150-imgNav\"]"}
COMMAND: POST /session/3637353f0f0366f06ffc96bdd6dcca04/elements - {"using":"xpath","value":"//*[@id=\"__item3412-__clone9150-imgNav\"]"}
RESULT: {"using":"xpath","value":"//*[@id=\"__item3412-__clone9150-imgNav\"]"}
COMMAND: POST /session/3637353f0f0366f06ffc96bdd6dcca04/elements - {"using":"xpath","value":"//*[@id=\"__item3412-__clone9150-imgNav\"]"}
RESULT: {"using":"xpath","value":"//*[@id=\"__item3412-__clone9150-imgNav\"]"}
COMMAND: POST /session/3637353f0f0366f06ffc96bdd6dcca04/elements - {"using":"xpath","value":"//*[@id=\"__item3412-__clone9150-imgNav\"]"}
RESULT: {"using":"xpath","value":"//*[@id=\"__item3412-__clone9150-imgNav\"]"}
COMMAND: POST /session/3637353f0f0366f06ffc96bdd6dcca04/elements - {"using":"xpath","value":"//*[@id=\"__item3412-__clone9150-imgNav\"]"}
RESULT: {"using":"xpath","value":"//*[@id=\"__item3412-__clone9150-imgNav\"]"}
COMMAND: POST /session/3637353f0f0366f06ffc96bdd6dcca04/elements - {"using":"xpath","value":"//*[@id=\"__item3412-__clone9150-imgNav\"]"}
RESULT: {"using":"xpath","value":"//*[@id=\"__item3412-__clone9150-imgNav\"]"}
COMMAND: POST /session/3637353f0f0366f06ffc96bdd6dcca04/elements - {"using":"xpath","value":"//*[@id=\"__item3412-__clone9150-imgNav\"]"}
RESULT: {"using":"xpath","value":"//*[@id=\"__item3412-__clone9150-imgNav\"]"}
COMMAND: POST /session/3637353f0f0366f06ffc96bdd6dcca04/elements - {"using":"xpath","value":"//*[@id=\"__item3412-__clone9150-imgNav\"]"}
RESULT: {"using":"xpath","value":"//*[@id=\"__item3412-__clone9150-imgNav\"]"}
COMMAND: POST /session/3637353f0f0366f06ffc96bdd6dcca04/elements - {"using":"xpath","value":"//*[@id=\"__item3412-__clone9150-imgNav\"]"}
RESULT: {"using":"xpath","value":"//*[@id=\"__item3412-__clone9150-imgNav\"]"}
COMMAND: POST /session/3637353f0f0366f06ffc96bdd6dcca04/elements - {"using":"xpath","value":"//*[@id=\"__item3412-__clone9150-imgNav\"]"}
RESULT: {"using":"xpath","value":"//*[@id=\"__item3412-__clone9150-imgNav\"]"}
COMMAND: POST /session/3637353f0f0366f06ffc96bdd6dcca04/elements - {"using":"xpath","value":"//*[@id=\"__item3412-__clone9150-imgNav\"]"}
RESULT: {"using":"xpath","value":"//*[@id=\"__item3412-__clone9150-imgNav\"]"}
COMMAND: POST /session/3637353f0f0366f06ffc96bdd6dcca04/elements - {"using":"xpath","value":"//*[@id=\"__item3412-__clone9150-imgNav\"]"}
RESULT: {"using":"xpath","value":"//*[@id=\"__item3412-__clone9150-imgNav\"]"}
COMMAND: POST /session/3637353f0f0366f06ffc96bdd6dcca04/elements - {"using":"xpath","value":"//*[@id=\"__item3412-__clone9150-imgNav\"]"}
RESULT: {"using":"xpath","value":"//*[@id=\"__item3412-__clone9150-imgNav\"]"}
COMMAND: POST /session/3637353f0f0366f06ffc96bdd6dcca04/elements - {"using":"xpath","value":"//*[@id=\"__item3412-__clone9150-imgNav\"]"}
RESULT: {"using":"xpath","value":"//*[@id=\"__item3412-__clone9150-imgNav\"]"}
COMMAND: POST /session/3637353f0f0366f06ffc96bdd6dcca04/elements - {"using":"xpath","value":"//*[@id=\"__item3412-__clone9150-imgNav\"]"}
RESULT: {"using":"xpath","value":"//*[@id=\"__item3412-__clone9150-imgNav\"]"}
COMMAND: POST /session/3637353f0f0366f06ffc96bdd6dcca04/elements - {"using":"xpath","value":"//*[@id=\"__item3412-__clone9150-imgNav\"]"}
RESULT: {"using":"xpath","value":"//*[@id=\"__item3412-__clone9150-imgNav\"]"}
COMMAND: POST /session/3637353f0f0366f06ffc96bdd6dcca04/elements - {"using":"xpath","value":"//*[@id=\"__item3412-__clone9150-imgNav\"]"}
RESULT: {"using":"xpath","value":"//*[@id=\"__item3412-__clone9150-imgNav\"]"}
COMMAND: POST /session/3637353f0f0366f06ffc96bdd6dcca04/elements - {"using":"xpath","value":"//*[@id=\"__item3412-__clone9150-imgNav\"]"}
RESULT: {"using":"xpath","value":"//*[@id=\"__item3412-__clone9150-imgNav\"]"}
COMMAND: POST /session/3637353f0f0366f06ffc96bdd6dcca04/elements - {"using":"xpath","value":"//*[@id=\"__item3412-__clone9150-imgNav\"]"}
RESULT: {"using":"xpath","value":"//*[@id=\"__item3412-__clone9150-imgNav\"]"}
COMMAND: POST /session/3637353f0f0366f06ffc96bdd6dcca04/elements - {"using":"xpath","value":"//*[@id=\"__item3412-__clone9150-imgNav\"]"}
RESULT: {"using":"xpath","value":"//*[@id=\"__item3412-__clone9150-imgNav\"]"}
COMMAND: POST /session/3637353f0f0366f06ffc96bdd6dcca04/elements - {"using":"xpath","value":"//*[@id=\"__item3412-__clone9150-imgNav\"]"}
RESULT: {"using":"xpath","value":"//*[@id=\"__item3412-__clone9150-imgNav\"]"}
COMMAND: POST /session/3637353f0f0366f06ffc96bdd6dcca04/elements - {"using":"xpath","value":"//*[@id=\"__item3412-__clone9150-imgNav\"]"}
RESULT: {"using":"xpath","value":"//*[@id=\"__item3412-__clone9150-imgNav\"]"}
COMMAND: POST /session/3637353f0f0366f06ffc96bdd6dcca04/elements - {"using":"xpath","value":"//*[@id=\"__item3412-__clone9150-imgNav\"]"}
RESULT: {"using":"xpath","value":"//*[@id=\"__item3412-__clone9150-imgNav\"]"}
COMMAND: POST /session/3637353f0f0366f06ffc96bdd6dcca04/elements - {"using":"xpath","value":"//*[@id=\"__item3412-__clone9150-imgNav\"]"}
RESULT: {"using":"xpath","value":"//*[@id=\"__item3412-__clone9150-imgNav\"]"}
COMMAND: POST /session/3637353f0f0366f06ffc96bdd6dcca04/elements - {"using":"xpath","value":"//*[@id=\"__item3412-__clone9150-imgNav\"]"}
RESULT: {"using":"xpath","value":"//*[@id=\"__item3412-__clone9150-imgNav\"]"}
COMMAND: POST /session/3637353f0f0366f06ffc96bdd6dcca04/elements - {"using":"xpath","value":"//*[@id=\"__item3412-__clone9150-imgNav\"]"}
RESULT: {"using":"xpath","value":"//*[@id=\"__item3412-__clone9150-imgNav\"]"}
COMMAND: POST /session/3637353f0f0366f06ffc96bdd6dcca04/elements - {"using":"xpath","value":"//*[@id=\"__item3412-__clone9150-imgNav\"]"}
RESULT: {"using":"xpath","value":"//*[@id=\"__item3412-__clone9150-imgNav\"]"}
COMMAND: POST /session/3637353f0f0366f06ffc96bdd6dcca04/elements - {"using":"xpath","value":"//*[@id=\"__item3412-__clone9150-imgNav\"]"}
RESULT: {"using":"xpath","value":"//*[@id=\"__item3412-__clone9150-imgNav\"]"}
COMMAND: POST /session/3637353f0f0366f06ffc96bdd6dcca04/elements - {"using":"xpath","value":"//*[@id=\"__item3412-__clone9150-imgNav\"]"}
RESULT: {"using":"xpath","value":"//*[@id=\"__item3412-__clone9150-imgNav\"]"}
COMMAND: POST /session/3637353f0f0366f06ffc96bdd6dcca04/elements - {"using":"xpath","value":"//*[@id=\"__item3412-__clone9150-imgNav\"]"}
RESULT: {"using":"xpath","value":"//*[@id=\"__item3412-__clone9150-imgNav\"]"}
COMMAND: POST /session/3637353f0f0366f06ffc96bdd6dcca04/elements - {"using":"xpath","value":"//*[@id=\"__item3412-__clone9150-imgNav\"]"}
RESULT: {"using":"xpath","value":"//*[@id=\"__item3412-__clone9150-imgNav\"]"}
COMMAND: POST /session/3637353f0f0366f06ffc96bdd6dcca04/elements - {"using":"xpath","value":"//*[@id=\"__item3412-__clone9150-imgNav\"]"}
RESULT: {"using":"xpath","value":"//*[@id=\"__item3412-__clone9150-imgNav\"]"}
COMMAND: POST /session/3637353f0f0366f06ffc96bdd6dcca04/elements - {"using":"xpath","value":"//*[@id=\"__item3412-__clone9150-imgNav\"]"}
RESULT: {"using":"xpath","value":"//*[@id=\"__item3412-__clone9150-imgNav\"]"}
COMMAND: POST /session/3637353f0f0366f06ffc96bdd6dcca04/elements - {"using":"xpath","value":"//*[@id=\"__item3412-__clone9150-imgNav\"]"}
RESULT: {"using":"xpath","value":"//*[@id=\"__item3412-__clone9150-imgNav\"]"}
COMMAND: POST /session/3637353f0f0366f06ffc96bdd6dcca04/elements - {"using":"xpath","value":"//*[@id=\"__item3412-__clone9150-imgNav\"]"}
RESULT: {"using":"xpath","value":"//*[@id=\"__item3412-__clone9150-imgNav\"]"}
COMMAND: POST /session/3637353f0f0366f06ffc96bdd6dcca04/elements - {"using":"xpath","value":"//*[@id=\"__item3412-__clone9150-imgNav\"]"}
RESULT: {"using":"xpath","value":"//*[@id=\"__item3412-__clone9150-imgNav\"]"}
COMMAND: POST /session/3637353f0f0366f06ffc96bdd6dcca04/elements - {"using":"xpath","value":"//*[@id=\"__item3412-__clone9150-imgNav\"]"}
RESULT: {"using":"xpath","value":"//*[@id=\"__item3412-__clone9150-imgNav\"]"}
COMMAND: POST /session/3637353f0f0366f06ffc96bdd6dcca04/elements - {"using":"xpath","value":"//*[@id=\"__item3412-__clone9150-imgNav\"]"}
RESULT: {"using":"xpath","value":"//*[@id=\"__item3412-__clone9150-imgNav\"]"}
COMMAND: POST /session/3637353f0f0366f06ffc96bdd6dcca04/elements - {"using":"xpath","value":"//*[@id=\"__item3412-__clone9150-imgNav\"]"}
RESULT: {"using":"xpath","value":"//*[@id=\"__item3412-__clone9150-imgNav\"]"}
COMMAND: POST /session/3637353f0f0366f06ffc96bdd6dcca04/elements - {"using":"xpath","value":"//*[@id=\"__item3412-__clone9150-imgNav\"]"}
RESULT: {"using":"xpath","value":"//*[@id=\"__item3412-__clone9150-imgNav\"]"}
COMMAND: POST /session/3637353f0f0366f06ffc96bdd6dcca04/elements - {"using":"xpath","value":"//*[@id=\"__item3412-__clone9150-imgNav\"]"}
RESULT: {"using":"xpath","value":"//*[@id=\"__item3412-__clone9150-imgNav\"]"}
COMMAND: POST /session/3637353f0f0366f06ffc96bdd6dcca04/elements - {"using":"xpath","value":"//*[@id=\"__item3412-__clone9150-imgNav\"]"}
RESULT: {"using":"xpath","value":"//*[@id=\"__item3412-__clone9150-imgNav\"]"}
COMMAND: POST /session/3637353f0f0366f06ffc96bdd6dcca04/elements - {"using":"xpath","value":"//*[@id=\"__item3412-__clone9150-imgNav\"]"}
RESULT: {"using":"xpath","value":"//*[@id=\"__item3412-__clone9150-imgNav\"]"}
COMMAND: POST /session/3637353f0f0366f06ffc96bdd6dcca04/elements - {"using":"xpath","value":"//*[@id=\"__item3412-__clone9150-imgNav\"]"}
RESULT: {"using":"xpath","value":"//*[@id=\"__item3412-__clone9150-imgNav\"]"}
COMMAND: POST /session/3637353f0f0366f06ffc96bdd6dcca04/elements - {"using":"xpath","value":"//*[@id=\"__item3412-__clone9150-imgNav\"]"}
RESULT: {"using":"xpath","value":"//*[@id=\"__item3412-__clone9150-imgNav\"]"}
COMMAND: POST /session/3637353f0f0366f06ffc96bdd6dcca04/elements - {"using":"xpath","value":"//*[@id=\"__item3412-__clone9150-imgNav\"]"}
RESULT: {"using":"xpath","value":"//*[@id=\"__item3412-__clone9150-imgNav\"]"}
COMMAND: POST /session/3637353f0f0366f06ffc96bdd6dcca04/elements - {"using":"xpath","value":"//*[@id=\"__item3412-__clone9150-imgNav\"]"}
RESULT: {"using":"xpath","value":"//*[@id=\"__item3412-__clone9150-imgNav\"]"}
COMMAND: POST /session/3637353f0f0366f06ffc96bdd6dcca04/elements - {"using":"xpath","value":"//*[@id=\"__item3412-__clone9150-imgNav\"]"}
RESULT: {"using":"xpath","value":"//*[@id=\"__item3412-__clone9150-imgNav\"]"}
COMMAND: POST /session/3637353f0f0366f06ffc96bdd6dcca04/elements - {"using":"xpath","value":"//*[@id=\"__item3412-__clone9150-imgNav\"]"}
RESULT: {"using":"xpath","value":"//*[@id=\"__item3412-__clone9150-imgNav\"]"}
COMMAND: POST /session/3637353f0f0366f06ffc96bdd6dcca04/elements - {"using":"xpath","value":"//*[@id=\"__item3412-__clone9150-imgNav\"]"}
RESULT: {"using":"xpath","value":"//*[@id=\"__item3412-__clone9150-imgNav\"]"}
COMMAND: POST /session/3637353f0f0366f06ffc96bdd6dcca04/elements - {"using":"xpath","value":"//*[@id=\"__item3412-__clone9150-imgNav\"]"}
RESULT: {"using":"xpath","value":"//*[@id=\"__item3412-__clone9150-imgNav\"]"}
COMMAND: POST /session/3637353f0f0366f06ffc96bdd6dcca04/elements - {"using":"xpath","value":"//*[@id=\"__item3412-__clone9150-imgNav\"]"}
RESULT: {"using":"xpath","value":"//*[@id=\"__item3412-__clone9150-imgNav\"]"}
COMMAND: POST /session/3637353f0f0366f06ffc96bdd6dcca04/elements - {"using":"xpath","value":"//*[@id=\"__item3412-__clone9150-imgNav\"]"}
RESULT: {"using":"xpath","value":"//*[@id=\"__item3412-__clone9150-imgNav\"]"}
COMMAND: POST /session/3637353f0f0366f06ffc96bdd6dcca04/elements - {"using":"xpath","value":"//*[@id=\"__item3412-__clone9150-imgNav\"]"}
RESULT: {"using":"xpath","value":"//*[@id=\"__item3412-__clone9150-imgNav\"]"}
COMMAND: POST /session/3637353f0f0366f06ffc96bdd6dcca04/elements - {"using":"xpath","value":"//*[@id=\"__item3412-__clone9150-imgNav\"]"}
RESULT: {"using":"xpath","value":"//*[@id=\"__item3412-__clone9150-imgNav\"]"}
COMMAND: POST /session/3637353f0f0366f06ffc96bdd6dcca04/elements - {"using":"xpath","value":"//*[@id=\"__item3412-__clone9150-imgNav\"]"}
RESULT: {"using":"xpath","value":"//*[@id=\"__item3412-__clone9150-imgNav\"]"}
COMMAND: POST /session/3637353f0f0366f06ffc96bdd6dcca04/elements - {"using":"xpath","value":"//*[@id=\"__item3412-__clone9150-imgNav\"]"}
RESULT: {"using":"xpath","value":"//*[@id=\"__item3412-__clone9150-imgNav\"]"}
COMMAND: POST /session/3637353f0f0366f06ffc96bdd6dcca04/elements - {"using":"xpath","value":"//*[@id=\"__item3412-__clone9150-imgNav\"]"}
RESULT: {"using":"xpath","value":"//*[@id=\"__item3412-__clone9150-imgNav\"]"}
COMMAND: POST /session/3637353f0f0366f06ffc96bdd6dcca04/elements - {"using":"xpath","value":"//*[@id=\"__item3412-__clone9150-imgNav\"]"}
RESULT: {"using":"xpath","value":"//*[@id=\"__item3412-__clone9150-imgNav\"]"}
COMMAND: POST /session/3637353f0f0366f06ffc96bdd6dcca04/elements - {"using":"xpath","value":"//*[@id=\"__item3412-__clone9150-imgNav\"]"}
RESULT: {"using":"xpath","value":"//*[@id=\"__item3412-__clone9150-imgNav\"]"}
COMMAND: POST /session/3637353f0f0366f06ffc96bdd6dcca04/elements - {"using":"xpath","value":"//*[@id=\"__item3412-__clone9150-imgNav\"]"}
RESULT: {"using":"xpath","value":"//*[@id=\"__item3412-__clone9150-imgNav\"]"}
COMMAND: POST /session/3637353f0f0366f06ffc96bdd6dcca04/elements - {"using":"xpath","value":"//*[@id=\"__item3412-__clone9150-imgNav\"]"}
RESULT: {"using":"xpath","value":"//*[@id=\"__item3412-__clone9150-imgNav\"]"}
COMMAND: POST /session/3637353f0f0366f06ffc96bdd6dcca04/elements - {"using":"xpath","value":"//*[@id=\"__item3412-__clone9150-imgNav\"]"}
RESULT: {"using":"xpath","value":"//*[@id=\"__item3412-__clone9150-imgNav\"]"}
COMMAND: POST /session/3637353f0f0366f06ffc96bdd6dcca04/elements - {"using":"xpath","value":"//*[@id=\"__item3412-__clone9150-imgNav\"]"}
RESULT: {"using":"xpath","value":"//*[@id=\"__item3412-__clone9150-imgNav\"]"}
COMMAND: POST /session/3637353f0f0366f06ffc96bdd6dcca04/execute/async - {"script":"<script> [1562 bytes]","args":[{"selector":{"controlType":"sap.m.Button","viewName":"etm.portal.ui.managehandovers.view.DetailExecuteHO","i18NText":{"propertyName":"text","key":"confirmAll"},"interaction":{"idSuffix":"BDI-content"}},"wdio_ui5_key":"etmportal.ui.managehandovers.view.DetailExecuteHOsap.m.Button{\"propertyName\":\"text\",\"key\":\"confirmAll\"}"}]}
RESULT: {"script":"<script> [1562 bytes]","args":[{"selector":{"controlType":"sap.m.Button","viewName":"etm.portal.ui.managehandovers.view.DetailExecuteHO","i18NText":{"propertyName":"text","key":"confirmAll"},"interaction":{"idSuffix":"BDI-content"}},"wdio_ui5_key":"etmportal.ui.managehandovers.view.DetailExecuteHOsap.m.Button{\"propertyName\":\"text\",\"key\":\"confirmAll\"}"}]}
RESULT: undefined
COMMAND: POST /session/3637353f0f0366f06ffc96bdd6dcca04/actions - {"actions":[{"id":"action68","type":"key","parameters":{},"actions":[{"type":"keyDown","value":"î€‡"},{"type":"pause","duration":10},{"type":"keyUp","value":"î€‡"}]}]}
RESULT: {"actions":[{"id":"action68","type":"key","parameters":{},"actions":[{"type":"keyDown","value":"î€‡"},{"type":"pause","duration":10},{"type":"keyUp","value":"î€‡"}]}]}
COMMAND: GET /session/3637353f0f0366f06ffc96bdd6dcca04/screenshot - {}
RESULT: {}
COMMAND: POST /session/3637353f0f0366f06ffc96bdd6dcca04/execute/async - {"script":"<script> [1562 bytes]","args":[{"selector":{"id":"confirmationButton","viewName":"etm.portal.ui.managehandovers.view.DetailExecuteHO","properties":{"text":"Issue"},"interaction":{"idSuffix":"BDI-content"}},"wdio_ui5_key":"confirmationButtonetmportal.ui.managehandovers.view.DetailExecuteHO{\"text\":\"Issue\"}"}]}
RESULT: {"script":"<script> [1562 bytes]","args":[{"selector":{"id":"confirmationButton","viewName":"etm.portal.ui.managehandovers.view.DetailExecuteHO","properties":{"text":"Issue"},"interaction":{"idSuffix":"BDI-content"}},"wdio_ui5_key":"confirmationButtonetmportal.ui.managehandovers.view.DetailExecuteHO{\"text\":\"Issue\"}"}]}
RESULT: undefined
RESULT: undefined
COMMAND: POST /session/3637353f0f0366f06ffc96bdd6dcca04/execute/async - {"script":"<script> [776 bytes]","args":[{"enterText":"30651","selector":{"controlType":"sap.m.SearchField","viewName":"etm.portal.ui.managehandovers.view.MasterHO","bindingPath":{"propertyPath":"/_BASIC_SEARCH_FIELD","modelName":"fi1t3rM0d31"},"interaction":{"idSuffix":"I"}},"clearTextFirst":true,"interactionType":"ENTER_TEXT"}]}
RESULT: {"script":"<script> [776 bytes]","args":[{"enterText":"30651","selector":{"controlType":"sap.m.SearchField","viewName":"etm.portal.ui.managehandovers.view.MasterHO","bindingPath":{"propertyPath":"/_BASIC_SEARCH_FIELD","modelName":"fi1t3rM0d31"},"interaction":{"idSuffix":"I"}},"clearTextFirst":true,"interactionType":"ENTER_TEXT"}]}
COMMAND: POST /session/3637353f0f0366f06ffc96bdd6dcca04/actions - {"actions":[{"id":"action69","type":"key","parameters":{},"actions":[{"type":"keyDown","value":"î€‡"},{"type":"pause","duration":10},{"type":"keyUp","value":"î€‡"}]}]}
RESULT: {"actions":[{"id":"action69","type":"key","parameters":{},"actions":[{"type":"keyDown","value":"î€‡"},{"type":"pause","duration":10},{"type":"keyUp","value":"î€‡"}]}]}
COMMAND: GET /session/3637353f0f0366f06ffc96bdd6dcca04/screenshot - {}
RESULT: {}
RESULT: undefined
COMMAND: POST /session/3637353f0f0366f06ffc96bdd6dcca04/element - {"using":"xpath","value":"//*[@id=\"__item3412-__clone9150-imgNav\"]"}
RESULT: {"using":"xpath","value":"//*[@id=\"__item3412-__clone9150-imgNav\"]"}
COMMAND: POST /session/3637353f0f0366f06ffc96bdd6dcca04/elements - {"using":"xpath","value":"//*[@id=\"__item3412-__clone9150-imgNav\"]"}
RESULT: {"using":"xpath","value":"//*[@id=\"__item3412-__clone9150-imgNav\"]"}
COMMAND: POST /session/3637353f0f0366f06ffc96bdd6dcca04/elements - {"using":"xpath","value":"//*[@id=\"__item3412-__clone9150-imgNav\"]"}
RESULT: {"using":"xpath","value":"//*[@id=\"__item3412-__clone9150-imgNav\"]"}
COMMAND: POST /session/3637353f0f0366f06ffc96bdd6dcca04/elements - {"using":"xpath","value":"//*[@id=\"__item3412-__clone9150-imgNav\"]"}
RESULT: {"using":"xpath","value":"//*[@id=\"__item3412-__clone9150-imgNav\"]"}
COMMAND: POST /session/3637353f0f0366f06ffc96bdd6dcca04/elements - {"using":"xpath","value":"//*[@id=\"__item3412-__clone9150-imgNav\"]"}
RESULT: {"using":"xpath","value":"//*[@id=\"__item3412-__clone9150-imgNav\"]"}
COMMAND: POST /session/3637353f0f0366f06ffc96bdd6dcca04/elements - {"using":"xpath","value":"//*[@id=\"__item3412-__clone9150-imgNav\"]"}
RESULT: {"using":"xpath","value":"//*[@id=\"__item3412-__clone9150-imgNav\"]"}
COMMAND: POST /session/3637353f0f0366f06ffc96bdd6dcca04/elements - {"using":"xpath","value":"//*[@id=\"__item3412-__clone9150-imgNav\"]"}
RESULT: {"using":"xpath","value":"//*[@id=\"__item3412-__clone9150-imgNav\"]"}
COMMAND: POST /session/3637353f0f0366f06ffc96bdd6dcca04/elements - {"using":"xpath","value":"//*[@id=\"__item3412-__clone9150-imgNav\"]"}
RESULT: {"using":"xpath","value":"//*[@id=\"__item3412-__clone9150-imgNav\"]"}
COMMAND: POST /session/3637353f0f0366f06ffc96bdd6dcca04/elements - {"using":"xpath","value":"//*[@id=\"__item3412-__clone9150-imgNav\"]"}
RESULT: {"using":"xpath","value":"//*[@id=\"__item3412-__clone9150-imgNav\"]"}
COMMAND: POST /session/3637353f0f0366f06ffc96bdd6dcca04/elements - {"using":"xpath","value":"//*[@id=\"__item3412-__clone9150-imgNav\"]"}
RESULT: {"using":"xpath","value":"//*[@id=\"__item3412-__clone9150-imgNav\"]"}
COMMAND: POST /session/3637353f0f0366f06ffc96bdd6dcca04/elements - {"using":"xpath","value":"//*[@id=\"__item3412-__clone9150-imgNav\"]"}
RESULT: {"using":"xpath","value":"//*[@id=\"__item3412-__clone9150-imgNav\"]"}
COMMAND: POST /session/3637353f0f0366f06ffc96bdd6dcca04/elements - {"using":"xpath","value":"//*[@id=\"__item3412-__clone9150-imgNav\"]"}
RESULT: {"using":"xpath","value":"//*[@id=\"__item3412-__clone9150-imgNav\"]"}
COMMAND: POST /session/3637353f0f0366f06ffc96bdd6dcca04/elements - {"using":"xpath","value":"//*[@id=\"__item3412-__clone9150-imgNav\"]"}
RESULT: {"using":"xpath","value":"//*[@id=\"__item3412-__clone9150-imgNav\"]"}
COMMAND: POST /session/3637353f0f0366f06ffc96bdd6dcca04/elements - {"using":"xpath","value":"//*[@id=\"__item3412-__clone9150-imgNav\"]"}
RESULT: {"using":"xpath","value":"//*[@id=\"__item3412-__clone9150-imgNav\"]"}
COMMAND: POST /session/3637353f0f0366f06ffc96bdd6dcca04/elements - {"using":"xpath","value":"//*[@id=\"__item3412-__clone9150-imgNav\"]"}
RESULT: {"using":"xpath","value":"//*[@id=\"__item3412-__clone9150-imgNav\"]"}
COMMAND: POST /session/3637353f0f0366f06ffc96bdd6dcca04/elements - {"using":"xpath","value":"//*[@id=\"__item3412-__clone9150-imgNav\"]"}
RESULT: {"using":"xpath","value":"//*[@id=\"__item3412-__clone9150-imgNav\"]"}
COMMAND: POST /session/3637353f0f0366f06ffc96bdd6dcca04/elements - {"using":"xpath","value":"//*[@id=\"__item3412-__clone9150-imgNav\"]"}
RESULT: {"using":"xpath","value":"//*[@id=\"__item3412-__clone9150-imgNav\"]"}
COMMAND: POST /session/3637353f0f0366f06ffc96bdd6dcca04/elements - {"using":"xpath","value":"//*[@id=\"__item3412-__clone9150-imgNav\"]"}
RESULT: {"using":"xpath","value":"//*[@id=\"__item3412-__clone9150-imgNav\"]"}
COMMAND: POST /session/3637353f0f0366f06ffc96bdd6dcca04/elements - {"using":"xpath","value":"//*[@id=\"__item3412-__clone9150-imgNav\"]"}
RESULT: {"using":"xpath","value":"//*[@id=\"__item3412-__clone9150-imgNav\"]"}
COMMAND: POST /session/3637353f0f0366f06ffc96bdd6dcca04/elements - {"using":"xpath","value":"//*[@id=\"__item3412-__clone9150-imgNav\"]"}
RESULT: {"using":"xpath","value":"//*[@id=\"__item3412-__clone9150-imgNav\"]"}
COMMAND: POST /session/3637353f0f0366f06ffc96bdd6dcca04/elements - {"using":"xpath","value":"//*[@id=\"__item3412-__clone9150-imgNav\"]"}
RESULT: {"using":"xpath","value":"//*[@id=\"__item3412-__clone9150-imgNav\"]"}
COMMAND: POST /session/3637353f0f0366f06ffc96bdd6dcca04/elements - {"using":"xpath","value":"//*[@id=\"__item3412-__clone9150-imgNav\"]"}
RESULT: {"using":"xpath","value":"//*[@id=\"__item3412-__clone9150-imgNav\"]"}
COMMAND: POST /session/3637353f0f0366f06ffc96bdd6dcca04/elements - {"using":"xpath","value":"//*[@id=\"__item3412-__clone9150-imgNav\"]"}
RESULT: {"using":"xpath","value":"//*[@id=\"__item3412-__clone9150-imgNav\"]"}
COMMAND: POST /session/3637353f0f0366f06ffc96bdd6dcca04/elements - {"using":"xpath","value":"//*[@id=\"__item3412-__clone9150-imgNav\"]"}
RESULT: {"using":"xpath","value":"//*[@id=\"__item3412-__clone9150-imgNav\"]"}
COMMAND: POST /session/3637353f0f0366f06ffc96bdd6dcca04/elements - {"using":"xpath","value":"//*[@id=\"__item3412-__clone9150-imgNav\"]"}
RESULT: {"using":"xpath","value":"//*[@id=\"__item3412-__clone9150-imgNav\"]"}
COMMAND: POST /session/3637353f0f0366f06ffc96bdd6dcca04/elements - {"using":"xpath","value":"//*[@id=\"__item3412-__clone9150-imgNav\"]"}
RESULT: {"using":"xpath","value":"//*[@id=\"__item3412-__clone9150-imgNav\"]"}
COMMAND: POST /session/3637353f0f0366f06ffc96bdd6dcca04/elements - {"using":"xpath","value":"//*[@id=\"__item3412-__clone9150-imgNav\"]"}
RESULT: {"using":"xpath","value":"//*[@id=\"__item3412-__clone9150-imgNav\"]"}
COMMAND: POST /session/3637353f0f0366f06ffc96bdd6dcca04/elements - {"using":"xpath","value":"//*[@id=\"__item3412-__clone9150-imgNav\"]"}
RESULT: {"using":"xpath","value":"//*[@id=\"__item3412-__clone9150-imgNav\"]"}
COMMAND: POST /session/3637353f0f0366f06ffc96bdd6dcca04/elements - {"using":"xpath","value":"//*[@id=\"__item3412-__clone9150-imgNav\"]"}
RESULT: {"using":"xpath","value":"//*[@id=\"__item3412-__clone9150-imgNav\"]"}
COMMAND: POST /session/3637353f0f0366f06ffc96bdd6dcca04/elements - {"using":"xpath","value":"//*[@id=\"__item3412-__clone9150-imgNav\"]"}
RESULT: {"using":"xpath","value":"//*[@id=\"__item3412-__clone9150-imgNav\"]"}
COMMAND: POST /session/3637353f0f0366f06ffc96bdd6dcca04/elements - {"using":"xpath","value":"//*[@id=\"__item3412-__clone9150-imgNav\"]"}
RESULT: {"using":"xpath","value":"//*[@id=\"__item3412-__clone9150-imgNav\"]"}
COMMAND: POST /session/3637353f0f0366f06ffc96bdd6dcca04/elements - {"using":"xpath","value":"//*[@id=\"__item3412-__clone9150-imgNav\"]"}
RESULT: {"using":"xpath","value":"//*[@id=\"__item3412-__clone9150-imgNav\"]"}
COMMAND: POST /session/3637353f0f0366f06ffc96bdd6dcca04/elements - {"using":"xpath","value":"//*[@id=\"__item3412-__clone9150-imgNav\"]"}
RESULT: {"using":"xpath","value":"//*[@id=\"__item3412-__clone9150-imgNav\"]"}
COMMAND: POST /session/3637353f0f0366f06ffc96bdd6dcca04/elements - {"using":"xpath","value":"//*[@id=\"__item3412-__clone9150-imgNav\"]"}
RESULT: {"using":"xpath","value":"//*[@id=\"__item3412-__clone9150-imgNav\"]"}
COMMAND: POST /session/3637353f0f0366f06ffc96bdd6dcca04/elements - {"using":"xpath","value":"//*[@id=\"__item3412-__clone9150-imgNav\"]"}
RESULT: {"using":"xpath","value":"//*[@id=\"__item3412-__clone9150-imgNav\"]"}
COMMAND: POST /session/3637353f0f0366f06ffc96bdd6dcca04/elements - {"using":"xpath","value":"//*[@id=\"__item3412-__clone9150-imgNav\"]"}
RESULT: {"using":"xpath","value":"//*[@id=\"__item3412-__clone9150-imgNav\"]"}
COMMAND: POST /session/3637353f0f0366f06ffc96bdd6dcca04/elements - {"using":"xpath","value":"//*[@id=\"__item3412-__clone9150-imgNav\"]"}
RESULT: {"using":"xpath","value":"//*[@id=\"__item3412-__clone9150-imgNav\"]"}
COMMAND: POST /session/3637353f0f0366f06ffc96bdd6dcca04/elements - {"using":"xpath","value":"//*[@id=\"__item3412-__clone9150-imgNav\"]"}
RESULT: {"using":"xpath","value":"//*[@id=\"__item3412-__clone9150-imgNav\"]"}
COMMAND: POST /session/3637353f0f0366f06ffc96bdd6dcca04/elements - {"using":"xpath","value":"//*[@id=\"__item3412-__clone9150-imgNav\"]"}
RESULT: {"using":"xpath","value":"//*[@id=\"__item3412-__clone9150-imgNav\"]"}
COMMAND: POST /session/3637353f0f0366f06ffc96bdd6dcca04/elements - {"using":"xpath","value":"//*[@id=\"__item3412-__clone9150-imgNav\"]"}
RESULT: {"using":"xpath","value":"//*[@id=\"__item3412-__clone9150-imgNav\"]"}
COMMAND: POST /session/3637353f0f0366f06ffc96bdd6dcca04/elements - {"using":"xpath","value":"//*[@id=\"__item3412-__clone9150-imgNav\"]"}
RESULT: {"using":"xpath","value":"//*[@id=\"__item3412-__clone9150-imgNav\"]"}
COMMAND: POST /session/3637353f0f0366f06ffc96bdd6dcca04/elements - {"using":"xpath","value":"//*[@id=\"__item3412-__clone9150-imgNav\"]"}
RESULT: {"using":"xpath","value":"//*[@id=\"__item3412-__clone9150-imgNav\"]"}
COMMAND: POST /session/3637353f0f0366f06ffc96bdd6dcca04/elements - {"using":"xpath","value":"//*[@id=\"__item3412-__clone9150-imgNav\"]"}
RESULT: {"using":"xpath","value":"//*[@id=\"__item3412-__clone9150-imgNav\"]"}
COMMAND: POST /session/3637353f0f0366f06ffc96bdd6dcca04/elements - {"using":"xpath","value":"//*[@id=\"__item3412-__clone9150-imgNav\"]"}
RESULT: {"using":"xpath","value":"//*[@id=\"__item3412-__clone9150-imgNav\"]"}
COMMAND: POST /session/3637353f0f0366f06ffc96bdd6dcca04/elements - {"using":"xpath","value":"//*[@id=\"__item3412-__clone9150-imgNav\"]"}
RESULT: {"using":"xpath","value":"//*[@id=\"__item3412-__clone9150-imgNav\"]"}
COMMAND: POST /session/3637353f0f0366f06ffc96bdd6dcca04/elements - {"using":"xpath","value":"//*[@id=\"__item3412-__clone9150-imgNav\"]"}
RESULT: {"using":"xpath","value":"//*[@id=\"__item3412-__clone9150-imgNav\"]"}
COMMAND: POST /session/3637353f0f0366f06ffc96bdd6dcca04/elements - {"using":"xpath","value":"//*[@id=\"__item3412-__clone9150-imgNav\"]"}
RESULT: {"using":"xpath","value":"//*[@id=\"__item3412-__clone9150-imgNav\"]"}
COMMAND: POST /session/3637353f0f0366f06ffc96bdd6dcca04/elements - {"using":"xpath","value":"//*[@id=\"__item3412-__clone9150-imgNav\"]"}
RESULT: {"using":"xpath","value":"//*[@id=\"__item3412-__clone9150-imgNav\"]"}
COMMAND: POST /session/3637353f0f0366f06ffc96bdd6dcca04/elements - {"using":"xpath","value":"//*[@id=\"__item3412-__clone9150-imgNav\"]"}
RESULT: {"using":"xpath","value":"//*[@id=\"__item3412-__clone9150-imgNav\"]"}
COMMAND: POST /session/3637353f0f0366f06ffc96bdd6dcca04/elements - {"using":"xpath","value":"//*[@id=\"__item3412-__clone9150-imgNav\"]"}
RESULT: {"using":"xpath","value":"//*[@id=\"__item3412-__clone9150-imgNav\"]"}
COMMAND: POST /session/3637353f0f0366f06ffc96bdd6dcca04/elements - {"using":"xpath","value":"//*[@id=\"__item3412-__clone9150-imgNav\"]"}
RESULT: {"using":"xpath","value":"//*[@id=\"__item3412-__clone9150-imgNav\"]"}
COMMAND: POST /session/3637353f0f0366f06ffc96bdd6dcca04/elements - {"using":"xpath","value":"//*[@id=\"__item3412-__clone9150-imgNav\"]"}
RESULT: {"using":"xpath","value":"//*[@id=\"__item3412-__clone9150-imgNav\"]"}
COMMAND: POST /session/3637353f0f0366f06ffc96bdd6dcca04/elements - {"using":"xpath","value":"//*[@id=\"__item3412-__clone9150-imgNav\"]"}
RESULT: {"using":"xpath","value":"//*[@id=\"__item3412-__clone9150-imgNav\"]"}
COMMAND: POST /session/3637353f0f0366f06ffc96bdd6dcca04/elements - {"using":"xpath","value":"//*[@id=\"__item3412-__clone9150-imgNav\"]"}
RESULT: {"using":"xpath","value":"//*[@id=\"__item3412-__clone9150-imgNav\"]"}
COMMAND: POST /session/3637353f0f0366f06ffc96bdd6dcca04/elements - {"using":"xpath","value":"//*[@id=\"__item3412-__clone9150-imgNav\"]"}
RESULT: {"using":"xpath","value":"//*[@id=\"__item3412-__clone9150-imgNav\"]"}
COMMAND: POST /session/3637353f0f0366f06ffc96bdd6dcca04/elements - {"using":"xpath","value":"//*[@id=\"__item3412-__clone9150-imgNav\"]"}
RESULT: {"using":"xpath","value":"//*[@id=\"__item3412-__clone9150-imgNav\"]"}
COMMAND: POST /session/3637353f0f0366f06ffc96bdd6dcca04/elements - {"using":"xpath","value":"//*[@id=\"__item3412-__clone9150-imgNav\"]"}
RESULT: {"using":"xpath","value":"//*[@id=\"__item3412-__clone9150-imgNav\"]"}
COMMAND: POST /session/3637353f0f0366f06ffc96bdd6dcca04/elements - {"using":"xpath","value":"//*[@id=\"__item3412-__clone9150-imgNav\"]"}
RESULT: {"using":"xpath","value":"//*[@id=\"__item3412-__clone9150-imgNav\"]"}
COMMAND: POST /session/3637353f0f0366f06ffc96bdd6dcca04/elements - {"using":"xpath","value":"//*[@id=\"__item3412-__clone9150-imgNav\"]"}
RESULT: {"using":"xpath","value":"//*[@id=\"__item3412-__clone9150-imgNav\"]"}
COMMAND: POST /session/3637353f0f0366f06ffc96bdd6dcca04/elements - {"using":"xpath","value":"//*[@id=\"__item3412-__clone9150-imgNav\"]"}
RESULT: {"using":"xpath","value":"//*[@id=\"__item3412-__clone9150-imgNav\"]"}
COMMAND: POST /session/3637353f0f0366f06ffc96bdd6dcca04/elements - {"using":"xpath","value":"//*[@id=\"__item3412-__clone9150-imgNav\"]"}
RESULT: {"using":"xpath","value":"//*[@id=\"__item3412-__clone9150-imgNav\"]"}
COMMAND: POST /session/3637353f0f0366f06ffc96bdd6dcca04/elements - {"using":"xpath","value":"//*[@id=\"__item3412-__clone9150-imgNav\"]"}
RESULT: {"using":"xpath","value":"//*[@id=\"__item3412-__clone9150-imgNav\"]"}
COMMAND: POST /session/3637353f0f0366f06ffc96bdd6dcca04/elements - {"using":"xpath","value":"//*[@id=\"__item3412-__clone9150-imgNav\"]"}
RESULT: {"using":"xpath","value":"//*[@id=\"__item3412-__clone9150-imgNav\"]"}
COMMAND: POST /session/3637353f0f0366f06ffc96bdd6dcca04/elements - {"using":"xpath","value":"//*[@id=\"__item3412-__clone9150-imgNav\"]"}
RESULT: {"using":"xpath","value":"//*[@id=\"__item3412-__clone9150-imgNav\"]"}
COMMAND: POST /session/3637353f0f0366f06ffc96bdd6dcca04/elements - {"using":"xpath","value":"//*[@id=\"__item3412-__clone9150-imgNav\"]"}
RESULT: {"using":"xpath","value":"//*[@id=\"__item3412-__clone9150-imgNav\"]"}
COMMAND: POST /session/3637353f0f0366f06ffc96bdd6dcca04/elements - {"using":"xpath","value":"//*[@id=\"__item3412-__clone9150-imgNav\"]"}
RESULT: {"using":"xpath","value":"//*[@id=\"__item3412-__clone9150-imgNav\"]"}
COMMAND: POST /session/3637353f0f0366f06ffc96bdd6dcca04/elements - {"using":"xpath","value":"//*[@id=\"__item3412-__clone9150-imgNav\"]"}
RESULT: {"using":"xpath","value":"//*[@id=\"__item3412-__clone9150-imgNav\"]"}
COMMAND: POST /session/3637353f0f0366f06ffc96bdd6dcca04/elements - {"using":"xpath","value":"//*[@id=\"__item3412-__clone9150-imgNav\"]"}
RESULT: {"using":"xpath","value":"//*[@id=\"__item3412-__clone9150-imgNav\"]"}
COMMAND: POST /session/3637353f0f0366f06ffc96bdd6dcca04/elements - {"using":"xpath","value":"//*[@id=\"__item3412-__clone9150-imgNav\"]"}
RESULT: {"using":"xpath","value":"//*[@id=\"__item3412-__clone9150-imgNav\"]"}
COMMAND: POST /session/3637353f0f0366f06ffc96bdd6dcca04/elements - {"using":"xpath","value":"//*[@id=\"__item3412-__clone9150-imgNav\"]"}
RESULT: {"using":"xpath","value":"//*[@id=\"__item3412-__clone9150-imgNav\"]"}
COMMAND: POST /session/3637353f0f0366f06ffc96bdd6dcca04/elements - {"using":"xpath","value":"//*[@id=\"__item3412-__clone9150-imgNav\"]"}
RESULT: {"using":"xpath","value":"//*[@id=\"__item3412-__clone9150-imgNav\"]"}
COMMAND: POST /session/3637353f0f0366f06ffc96bdd6dcca04/elements - {"using":"xpath","value":"//*[@id=\"__item3412-__clone9150-imgNav\"]"}
RESULT: {"using":"xpath","value":"//*[@id=\"__item3412-__clone9150-imgNav\"]"}
COMMAND: POST /session/3637353f0f0366f06ffc96bdd6dcca04/elements - {"using":"xpath","value":"//*[@id=\"__item3412-__clone9150-imgNav\"]"}
RESULT: {"using":"xpath","value":"//*[@id=\"__item3412-__clone9150-imgNav\"]"}
COMMAND: POST /session/3637353f0f0366f06ffc96bdd6dcca04/elements - {"using":"xpath","value":"//*[@id=\"__item3412-__clone9150-imgNav\"]"}
RESULT: {"using":"xpath","value":"//*[@id=\"__item3412-__clone9150-imgNav\"]"}
COMMAND: POST /session/3637353f0f0366f06ffc96bdd6dcca04/elements - {"using":"xpath","value":"//*[@id=\"__item3412-__clone9150-imgNav\"]"}
RESULT: {"using":"xpath","value":"//*[@id=\"__item3412-__clone9150-imgNav\"]"}
COMMAND: POST /session/3637353f0f0366f06ffc96bdd6dcca04/elements - {"using":"xpath","value":"//*[@id=\"__item3412-__clone9150-imgNav\"]"}
RESULT: {"using":"xpath","value":"//*[@id=\"__item3412-__clone9150-imgNav\"]"}
COMMAND: POST /session/3637353f0f0366f06ffc96bdd6dcca04/elements - {"using":"xpath","value":"//*[@id=\"__item3412-__clone9150-imgNav\"]"}
RESULT: {"using":"xpath","value":"//*[@id=\"__item3412-__clone9150-imgNav\"]"}
COMMAND: POST /session/3637353f0f0366f06ffc96bdd6dcca04/elements - {"using":"xpath","value":"//*[@id=\"__item3412-__clone9150-imgNav\"]"}
RESULT: {"using":"xpath","value":"//*[@id=\"__item3412-__clone9150-imgNav\"]"}
COMMAND: POST /session/3637353f0f0366f06ffc96bdd6dcca04/elements - {"using":"xpath","value":"//*[@id=\"__item3412-__clone9150-imgNav\"]"}
RESULT: {"using":"xpath","value":"//*[@id=\"__item3412-__clone9150-imgNav\"]"}
COMMAND: POST /session/3637353f0f0366f06ffc96bdd6dcca04/elements - {"using":"xpath","value":"//*[@id=\"__item3412-__clone9150-imgNav\"]"}
RESULT: {"using":"xpath","value":"//*[@id=\"__item3412-__clone9150-imgNav\"]"}
COMMAND: POST /session/3637353f0f0366f06ffc96bdd6dcca04/elements - {"using":"xpath","value":"//*[@id=\"__item3412-__clone9150-imgNav\"]"}
RESULT: {"using":"xpath","value":"//*[@id=\"__item3412-__clone9150-imgNav\"]"}
COMMAND: POST /session/3637353f0f0366f06ffc96bdd6dcca04/elements - {"using":"xpath","value":"//*[@id=\"__item3412-__clone9150-imgNav\"]"}
RESULT: {"using":"xpath","value":"//*[@id=\"__item3412-__clone9150-imgNav\"]"}
COMMAND: POST /session/3637353f0f0366f06ffc96bdd6dcca04/elements - {"using":"xpath","value":"//*[@id=\"__item3412-__clone9150-imgNav\"]"}
RESULT: {"using":"xpath","value":"//*[@id=\"__item3412-__clone9150-imgNav\"]"}
COMMAND: POST /session/3637353f0f0366f06ffc96bdd6dcca04/elements - {"using":"xpath","value":"//*[@id=\"__item3412-__clone9150-imgNav\"]"}
RESULT: {"using":"xpath","value":"//*[@id=\"__item3412-__clone9150-imgNav\"]"}
COMMAND: POST /session/3637353f0f0366f06ffc96bdd6dcca04/elements - {"using":"xpath","value":"//*[@id=\"__item3412-__clone9150-imgNav\"]"}
RESULT: {"using":"xpath","value":"//*[@id=\"__item3412-__clone9150-imgNav\"]"}
COMMAND: POST /session/3637353f0f0366f06ffc96bdd6dcca04/elements - {"using":"xpath","value":"//*[@id=\"__item3412-__clone9150-imgNav\"]"}
RESULT: {"using":"xpath","value":"//*[@id=\"__item3412-__clone9150-imgNav\"]"}
COMMAND: POST /session/3637353f0f0366f06ffc96bdd6dcca04/elements - {"using":"xpath","value":"//*[@id=\"__item3412-__clone9150-imgNav\"]"}
RESULT: {"using":"xpath","value":"//*[@id=\"__item3412-__clone9150-imgNav\"]"}
COMMAND: POST /session/3637353f0f0366f06ffc96bdd6dcca04/elements - {"using":"xpath","value":"//*[@id=\"__item3412-__clone9150-imgNav\"]"}
RESULT: {"using":"xpath","value":"//*[@id=\"__item3412-__clone9150-imgNav\"]"}
COMMAND: POST /session/3637353f0f0366f06ffc96bdd6dcca04/elements - {"using":"xpath","value":"//*[@id=\"__item3412-__clone9150-imgNav\"]"}
RESULT: {"using":"xpath","value":"//*[@id=\"__item3412-__clone9150-imgNav\"]"}
COMMAND: POST /session/3637353f0f0366f06ffc96bdd6dcca04/elements - {"using":"xpath","value":"//*[@id=\"__item3412-__clone9150-imgNav\"]"}
RESULT: {"using":"xpath","value":"//*[@id=\"__item3412-__clone9150-imgNav\"]"}
COMMAND: POST /session/3637353f0f0366f06ffc96bdd6dcca04/elements - {"using":"xpath","value":"//*[@id=\"__item3412-__clone9150-imgNav\"]"}
RESULT: {"using":"xpath","value":"//*[@id=\"__item3412-__clone9150-imgNav\"]"}
COMMAND: POST /session/3637353f0f0366f06ffc96bdd6dcca04/elements - {"using":"xpath","value":"//*[@id=\"__item3412-__clone9150-imgNav\"]"}
RESULT: {"using":"xpath","value":"//*[@id=\"__item3412-__clone9150-imgNav\"]"}
COMMAND: POST /session/3637353f0f0366f06ffc96bdd6dcca04/elements - {"using":"xpath","value":"//*[@id=\"__item3412-__clone9150-imgNav\"]"}
RESULT: {"using":"xpath","value":"//*[@id=\"__item3412-__clone9150-imgNav\"]"}
COMMAND: POST /session/3637353f0f0366f06ffc96bdd6dcca04/elements - {"using":"xpath","value":"//*[@id=\"__item3412-__clone9150-imgNav\"]"}
RESULT: {"using":"xpath","value":"//*[@id=\"__item3412-__clone9150-imgNav\"]"}
COMMAND: POST /session/3637353f0f0366f06ffc96bdd6dcca04/elements - {"using":"xpath","value":"//*[@id=\"__item3412-__clone9150-imgNav\"]"}
RESULT: {"using":"xpath","value":"//*[@id=\"__item3412-__clone9150-imgNav\"]"}
COMMAND: POST /session/3637353f0f0366f06ffc96bdd6dcca04/elements - {"using":"xpath","value":"//*[@id=\"__item3412-__clone9150-imgNav\"]"}
RESULT: {"using":"xpath","value":"//*[@id=\"__item3412-__clone9150-imgNav\"]"}
COMMAND: POST /session/3637353f0f0366f06ffc96bdd6dcca04/elements - {"using":"xpath","value":"//*[@id=\"__item3412-__clone9150-imgNav\"]"}
RESULT: {"using":"xpath","value":"//*[@id=\"__item3412-__clone9150-imgNav\"]"}
COMMAND: POST /session/3637353f0f0366f06ffc96bdd6dcca04/elements - {"using":"xpath","value":"//*[@id=\"__item3412-__clone9150-imgNav\"]"}
RESULT: {"using":"xpath","value":"//*[@id=\"__item3412-__clone9150-imgNav\"]"}
COMMAND: POST /session/3637353f0f0366f06ffc96bdd6dcca04/elements - {"using":"xpath","value":"//*[@id=\"__item3412-__clone9150-imgNav\"]"}
RESULT: {"using":"xpath","value":"//*[@id=\"__item3412-__clone9150-imgNav\"]"}
COMMAND: POST /session/3637353f0f0366f06ffc96bdd6dcca04/elements - {"using":"xpath","value":"//*[@id=\"__item3412-__clone9150-imgNav\"]"}
RESULT: {"using":"xpath","value":"//*[@id=\"__item3412-__clone9150-imgNav\"]"}
COMMAND: POST /session/3637353f0f0366f06ffc96bdd6dcca04/elements - {"using":"xpath","value":"//*[@id=\"__item3412-__clone9150-imgNav\"]"}
RESULT: {"using":"xpath","value":"//*[@id=\"__item3412-__clone9150-imgNav\"]"}
COMMAND: POST /session/3637353f0f0366f06ffc96bdd6dcca04/elements - {"using":"xpath","value":"//*[@id=\"__item3412-__clone9150-imgNav\"]"}
RESULT: {"using":"xpath","value":"//*[@id=\"__item3412-__clone9150-imgNav\"]"}
COMMAND: POST /session/3637353f0f0366f06ffc96bdd6dcca04/elements - {"using":"xpath","value":"//*[@id=\"__item3412-__clone9150-imgNav\"]"}
RESULT: {"using":"xpath","value":"//*[@id=\"__item3412-__clone9150-imgNav\"]"}
COMMAND: POST /session/3637353f0f0366f06ffc96bdd6dcca04/elements - {"using":"xpath","value":"//*[@id=\"__item3412-__clone9150-imgNav\"]"}
RESULT: {"using":"xpath","value":"//*[@id=\"__item3412-__clone9150-imgNav\"]"}
COMMAND: POST /session/3637353f0f0366f06ffc96bdd6dcca04/elements - {"using":"xpath","value":"//*[@id=\"__item3412-__clone9150-imgNav\"]"}
RESULT: {"using":"xpath","value":"//*[@id=\"__item3412-__clone9150-imgNav\"]"}
COMMAND: POST /session/3637353f0f0366f06ffc96bdd6dcca04/elements - {"using":"xpath","value":"//*[@id=\"__item3412-__clone9150-imgNav\"]"}
RESULT: {"using":"xpath","value":"//*[@id=\"__item3412-__clone9150-imgNav\"]"}
COMMAND: POST /session/3637353f0f0366f06ffc96bdd6dcca04/elements - {"using":"xpath","value":"//*[@id=\"__item3412-__clone9150-imgNav\"]"}
RESULT: {"using":"xpath","value":"//*[@id=\"__item3412-__clone9150-imgNav\"]"}
COMMAND: POST /session/3637353f0f0366f06ffc96bdd6dcca04/elements - {"using":"xpath","value":"//*[@id=\"__item3412-__clone9150-imgNav\"]"}
RESULT: {"using":"xpath","value":"//*[@id=\"__item3412-__clone9150-imgNav\"]"}
COMMAND: POST /session/3637353f0f0366f06ffc96bdd6dcca04/elements - {"using":"xpath","value":"//*[@id=\"__item3412-__clone9150-imgNav\"]"}
RESULT: {"using":"xpath","value":"//*[@id=\"__item3412-__clone9150-imgNav\"]"}
COMMAND: POST /session/3637353f0f0366f06ffc96bdd6dcca04/elements - {"using":"xpath","value":"//*[@id=\"__item3412-__clone9150-imgNav\"]"}
RESULT: {"using":"xpath","value":"//*[@id=\"__item3412-__clone9150-imgNav\"]"}
COMMAND: POST /session/3637353f0f0366f06ffc96bdd6dcca04/elements - {"using":"xpath","value":"//*[@id=\"__item3412-__clone9150-imgNav\"]"}
RESULT: {"using":"xpath","value":"//*[@id=\"__item3412-__clone9150-imgNav\"]"}
COMMAND: POST /session/3637353f0f0366f06ffc96bdd6dcca04/elements - {"using":"xpath","value":"//*[@id=\"__item3412-__clone9150-imgNav\"]"}
RESULT: {"using":"xpath","value":"//*[@id=\"__item3412-__clone9150-imgNav\"]"}
COMMAND: POST /session/3637353f0f0366f06ffc96bdd6dcca04/elements - {"using":"xpath","value":"//*[@id=\"__item3412-__clone9150-imgNav\"]"}
RESULT: {"using":"xpath","value":"//*[@id=\"__item3412-__clone9150-imgNav\"]"}
COMMAND: POST /session/3637353f0f0366f06ffc96bdd6dcca04/elements - {"using":"xpath","value":"//*[@id=\"__item3412-__clone9150-imgNav\"]"}
RESULT: {"using":"xpath","value":"//*[@id=\"__item3412-__clone9150-imgNav\"]"}
COMMAND: POST /session/3637353f0f0366f06ffc96bdd6dcca04/elements - {"using":"xpath","value":"//*[@id=\"__item3412-__clone9150-imgNav\"]"}
RESULT: {"using":"xpath","value":"//*[@id=\"__item3412-__clone9150-imgNav\"]"}
COMMAND: POST /session/3637353f0f0366f06ffc96bdd6dcca04/elements - {"using":"xpath","value":"//*[@id=\"__item3412-__clone9150-imgNav\"]"}
RESULT: {"using":"xpath","value":"//*[@id=\"__item3412-__clone9150-imgNav\"]"}
COMMAND: POST /session/3637353f0f0366f06ffc96bdd6dcca04/elements - {"using":"xpath","value":"//*[@id=\"__item3412-__clone9150-imgNav\"]"}
RESULT: {"using":"xpath","value":"//*[@id=\"__item3412-__clone9150-imgNav\"]"}
COMMAND: POST /session/3637353f0f0366f06ffc96bdd6dcca04/elements - {"using":"xpath","value":"//*[@id=\"__item3412-__clone9150-imgNav\"]"}
RESULT: {"using":"xpath","value":"//*[@id=\"__item3412-__clone9150-imgNav\"]"}
COMMAND: POST /session/3637353f0f0366f06ffc96bdd6dcca04/elements - {"using":"xpath","value":"//*[@id=\"__item3412-__clone9150-imgNav\"]"}
RESULT: {"using":"xpath","value":"//*[@id=\"__item3412-__clone9150-imgNav\"]"}
COMMAND: POST /session/3637353f0f0366f06ffc96bdd6dcca04/elements - {"using":"xpath","value":"//*[@id=\"__item3412-__clone9150-imgNav\"]"}
RESULT: {"using":"xpath","value":"//*[@id=\"__item3412-__clone9150-imgNav\"]"}
COMMAND: POST /session/3637353f0f0366f06ffc96bdd6dcca04/elements - {"using":"xpath","value":"//*[@id=\"__item3412-__clone9150-imgNav\"]"}
RESULT: {"using":"xpath","value":"//*[@id=\"__item3412-__clone9150-imgNav\"]"}
COMMAND: POST /session/3637353f0f0366f06ffc96bdd6dcca04/execute/async - {"script":"<script> [1562 bytes]","args":[{"selector":{"id":"instructionsTabFilter","viewName":"etm.portal.ui.managehandovers.view.DetailExecuteHO","interaction":{"idSuffix":"text"}},"wdio_ui5_key":"instructionsTabFilteretmportal.ui.managehandovers.view.DetailExecuteHO"}]}
RESULT: {"script":"<script> [1562 bytes]","args":[{"selector":{"id":"instructionsTabFilter","viewName":"etm.portal.ui.managehandovers.view.DetailExecuteHO","interaction":{"idSuffix":"text"}},"wdio_ui5_key":"instructionsTabFilteretmportal.ui.managehandovers.view.DetailExecuteHO"}]}
RESULT: undefined
RESULT: undefined
COMMAND: POST /session/3637353f0f0366f06ffc96bdd6dcca04/execute/async - {"script":"<script> [1562 bytes]","args":[{"selector":{"controlType":"sap.m.ComboBox","viewName":"etm.portal.ui.managehandovers.view.DetailExecuteHO","bindingPath":{"propertyPath":"RECEIVING_SECTION","modelName":"catalogModel"},"interaction":{"idSuffix":"inner"}},"wdio_ui5_key":"etmportal.ui.managehandovers.view.DetailExecuteHOsap.m.ComboBox{\"propertyPath\":\"RECEIVING_SECTION\",\"modelName\":\"catalogModel\"}"}]}
RESULT: {"script":"<script> [1562 bytes]","args":[{"selector":{"controlType":"sap.m.ComboBox","viewName":"etm.portal.ui.managehandovers.view.DetailExecuteHO","bindingPath":{"propertyPath":"RECEIVING_SECTION","modelName":"catalogModel"},"interaction":{"idSuffix":"inner"}},"wdio_ui5_key":"etmportal.ui.managehandovers.view.DetailExecuteHOsap.m.ComboBox{\"propertyPath\":\"RECEIVING_SECTION\",\"modelName\":\"catalogModel\"}"}]}
RESULT: undefined
COMMAND: POST /session/3637353f0f0366f06ffc96bdd6dcca04/actions - {"actions":[{"id":"action70","type":"key","parameters":{},"actions":[{"type":"keyDown","value":"î€‡"},{"type":"pause","duration":10},{"type":"keyUp","value":"î€‡"}]}]}
RESULT: {"actions":[{"id":"action70","type":"key","parameters":{},"actions":[{"type":"keyDown","value":"î€‡"},{"type":"pause","duration":10},{"type":"keyUp","value":"î€‡"}]}]}
COMMAND: GET /session/3637353f0f0366f06ffc96bdd6dcca04/screenshot - {}
RESULT: {}
COMMAND: POST /session/3637353f0f0366f06ffc96bdd6dcca04/execute/async - {"script":"<script> [1562 bytes]","args":[{"selector":{"id":"confirmationButton","viewName":"etm.portal.ui.managehandovers.view.DetailExecuteHO","properties":{"text":"Receive"},"interaction":{"idSuffix":"BDI-content"}},"wdio_ui5_key":"confirmationButtonetmportal.ui.managehandovers.view.DetailExecuteHO{\"text\":\"Receive\"}"}]}
RESULT: {"script":"<script> [1562 bytes]","args":[{"selector":{"id":"confirmationButton","viewName":"etm.portal.ui.managehandovers.view.DetailExecuteHO","properties":{"text":"Receive"},"interaction":{"idSuffix":"BDI-content"}},"wdio_ui5_key":"confirmationButtonetmportal.ui.managehandovers.view.DetailExecuteHO{\"text\":\"Receive\"}"}]}
RESULT: undefined
COMMAND: POST /session/3637353f0f0366f06ffc96bdd6dcca04/execute/async - {"script":"<script> [1562 bytes]","args":[{"selector":{"controlType":"sap.m.Button","properties":{"text":"Continue"},"searchOpenDialogs":true,"interaction":{"idSuffix":"content"}},"wdio_ui5_key":"sapm.Button{\"text\":\"Continue\"}"}]}
RESULT: {"script":"<script> [1562 bytes]","args":[{"selector":{"controlType":"sap.m.Button","properties":{"text":"Continue"},"searchOpenDialogs":true,"interaction":{"idSuffix":"content"}},"wdio_ui5_key":"sapm.Button{\"text\":\"Continue\"}"}]}
RESULT: undefined
COMMAND: POST /session/3637353f0f0366f06ffc96bdd6dcca04/element - {"using":"css selector","value":"#j_username"}
COMMAND: POST /session/3637353f0f0366f06ffc96bdd6dcca04/url - {"url":"https://qa-testing-00-live-etm-ui.cfapps.eu10-004.hana.ondemand.com/"}
RESULT: {"using":"css selector","value":"#j_username"}
COMMAND: POST /session/3637353f0f0366f06ffc96bdd6dcca04/element - {"using":"css selector","value":"#j_username"}
RESULT: {"url":"https://qa-testing-00-live-etm-ui.cfapps.eu10-004.hana.ondemand.com/"}
RESULT: undefined
COMMAND: GET /session/3637353f0f0366f06ffc96bdd6dcca04/screenshot - {}
RESULT: {"using":"css selector","value":"#j_username"}
COMMAND: POST /session/3637353f0f0366f06ffc96bdd6dcca04/element - {"using":"css selector","value":"#shell-header-logo"}
RESULT: {}
RESULT: {"using":"css selector","value":"#shell-header-logo"}
COMMAND: POST /session/3637353f0f0366f06ffc96bdd6dcca04/execute/sync - {"script":"<script> [8489 bytes]","args":[{"element-6066-11e4-a52e-4f735466cecf":"f.FA5AA6ACA71DB73EA77ABAF269C4B101.d.ECBD467EF12EF5C524C95EBF57F98E55.e.14999","ELEMENT":"f.FA5AA6ACA71DB73EA77ABAF269C4B101.d.ECBD467EF12EF5C524C95EBF57F98E55.e.14999"}]}
RESULT: {"script":"<script> [8489 bytes]","args":[{"element-6066-11e4-a52e-4f735466cecf":"f.FA5AA6ACA71DB73EA77ABAF269C4B101.d.ECBD467EF12EF5C524C95EBF57F98E55.e.14999","ELEMENT":"f.FA5AA6ACA71DB73EA77ABAF269C4B101.d.ECBD467EF12EF5C524C95EBF57F98E55.e.14999"}]}
COMMAND: POST /session/3637353f0f0366f06ffc96bdd6dcca04/element - {"using":"css selector","value":"#shell-header-logo"}
COMMAND: GET /session/3637353f0f0366f06ffc96bdd6dcca04/screenshot - {}
RESULT: {"using":"css selector","value":"#shell-header-logo"}
COMMAND: POST /session/3637353f0f0366f06ffc96bdd6dcca04/execute/sync - {"script":"<script> [8489 bytes]","args":[{"element-6066-11e4-a52e-4f735466cecf":"f.FA5AA6ACA71DB73EA77ABAF269C4B101.d.ECBD467EF12EF5C524C95EBF57F98E55.e.14999","ELEMENT":"f.FA5AA6ACA71DB73EA77ABAF269C4B101.d.ECBD467EF12EF5C524C95EBF57F98E55.e.14999"}]}
RESULT: {}
RESULT: {"script":"<script> [8489 bytes]","args":[{"element-6066-11e4-a52e-4f735466cecf":"f.FA5AA6ACA71DB73EA77ABAF269C4B101.d.ECBD467EF12EF5C524C95EBF57F98E55.e.14999","ELEMENT":"f.FA5AA6ACA71DB73EA77ABAF269C4B101.d.ECBD467EF12EF5C524C95EBF57F98E55.e.14999"}]}
COMMAND: POST /session/3637353f0f0366f06ffc96bdd6dcca04/execute/sync - {"script":"<script> [5351 bytes]","args":[{"element-6066-11e4-a52e-4f735466cecf":"f.FA5AA6ACA71DB73EA77ABAF269C4B101.d.ECBD467EF12EF5C524C95EBF57F98E55.e.14999","ELEMENT":"f.FA5AA6ACA71DB73EA77ABAF269C4B101.d.ECBD467EF12EF5C524C95EBF57F98E55.e.14999"}]}
COMMAND: GET /session/3637353f0f0366f06ffc96bdd6dcca04/screenshot - {}
RESULT: {"script":"<script> [5351 bytes]","args":[{"element-6066-11e4-a52e-4f735466cecf":"f.FA5AA6ACA71DB73EA77ABAF269C4B101.d.ECBD467EF12EF5C524C95EBF57F98E55.e.14999","ELEMENT":"f.FA5AA6ACA71DB73EA77ABAF269C4B101.d.ECBD467EF12EF5C524C95EBF57F98E55.e.14999"}]}
COMMAND: POST /session/3637353f0f0366f06ffc96bdd6dcca04/element - {"using":"css selector","value":"#shell-header-logo"}
COMMAND: GET /session/3637353f0f0366f06ffc96bdd6dcca04/screenshot - {}
RESULT: {}
RESULT: {"using":"css selector","value":"#shell-header-logo"}
COMMAND: POST /session/3637353f0f0366f06ffc96bdd6dcca04/element/f.FA5AA6ACA71DB73EA77ABAF269C4B101.d.ECBD467EF12EF5C524C95EBF57F98E55.e.14999/click - {}
RESULT: {}
RESULT: {}
COMMAND: GET /session/3637353f0f0366f06ffc96bdd6dcca04/screenshot - {}
RESULT: {}
COMMAND: POST /session/3637353f0f0366f06ffc96bdd6dcca04/execute/async - {"script":"<script> [189 bytes]","args":[]}
RESULT: {"script":"<script> [189 bytes]","args":[]}
COMMAND: POST /session/3637353f0f0366f06ffc96bdd6dcca04/execute/async - {"script":"<script> [123 bytes]","args":[]}
RESULT: {"script":"<script> [123 bytes]","args":[]}
COMMAND: POST /session/3637353f0f0366f06ffc96bdd6dcca04/timeouts - {"script":"<number>"}
RESULT: {"script":"<number>"}
COMMAND: GET /session/3637353f0f0366f06ffc96bdd6dcca04/timeouts - {}
RESULT: {}
RESULT: undefined
COMMAND: POST /session/3637353f0f0366f06ffc96bdd6dcca04/execute/async - {"script":"<script> [2676 bytes]","args":[]}
RESULT: {"script":"<script> [2676 bytes]","args":[]}
COMMAND: POST /session/3637353f0f0366f06ffc96bdd6dcca04/execute/async - {"script":"<script> [2342 bytes]","args":[{"protocol":"http","hostname":"0.0.0.0","path":"/","capabilities":{"browserName":"chrome","goog:chromeOptions":{"binary":"C:\\Program Files\\Google\\Chrome\\Application\\chrome.exe","args":["--start-maximized"]}},"logLevel":"warn","connectionRetryTimeout":120000,"connectionRetryCount":3,"logLevels":{},"enableDirectConnect":true,"strictSSL":true,"_":"65 more keys: [\"cacheDir\",\"port\",\"requestedCapabilities\",\"automationProtocol\",\"baseUrl\",\"waitforInterval\",\"waitforTimeout\",\"onReload\",\"beforeCommand\",\"afterCommand\",\"rootDir\",\"specs\",\"suites\",\"exclude\",\"groupLogsByTestSpec\",\"excludeDriverLogs\",\"bail\",\"framework\",\"reporters\",\"services\",\"maxInstances\",\"maxInstancesPerCapability\",\"injectGlobals\",\"filesToWatch\",\"execArgv\",\"runnerEnv\",\"runner\",\"shard\",\"specFileRetries\",\"specFileRetriesDelay\",\"specFileRetriesDeferred\",\"reporterSyncInterval\",\"reporterSyncTimeout\",\"cucumberFeaturesWithLineNumbers\",\"autoCompileOpts\",\"mochaOpts\",\"jasmineOpts\",\"cucumberOpts\",\"onPrepare\",\"onWorkerStart\",\"onWorkerEnd\",\"before\",\"beforeSession\",\"beforeSuite\",\"beforeHook\",\"beforeTest\",\"afterTest\",\"afterHook\",\"afterSuite\",\"afterSession\",\"after\",\"onComplete\",\"beforeAssertion\",\"afterAssertion\",\"beforeFeature\",\"beforeScenario\",\"beforeStep\",\"afterStep\",\"afterScenario\",\"afterFeature\",\"_\",\"suite\",\"$0\",\"ignoredWorkerServices\",\"wdi5\"]"}]}
RESULT: {"script":"<script> [2342 bytes]","args":[{"protocol":"http","hostname":"0.0.0.0","path":"/","capabilities":{"browserName":"chrome","goog:chromeOptions":{"binary":"C:\\Program Files\\Google\\Chrome\\Application\\chrome.exe","args":["--start-maximized"]}},"logLevel":"warn","connectionRetryTimeout":120000,"connectionRetryCount":3,"logLevels":{},"enableDirectConnect":true,"strictSSL":true,"_":"65 more keys: [\"cacheDir\",\"port\",\"requestedCapabilities\",\"automationProtocol\",\"baseUrl\",\"waitforInterval\",\"waitforTimeout\",\"onReload\",\"beforeCommand\",\"afterCommand\",\"rootDir\",\"specs\",\"suites\",\"exclude\",\"groupLogsByTestSpec\",\"excludeDriverLogs\",\"bail\",\"framework\",\"reporters\",\"services\",\"maxInstances\",\"maxInstancesPerCapability\",\"injectGlobals\",\"filesToWatch\",\"execArgv\",\"runnerEnv\",\"runner\",\"shard\",\"specFileRetries\",\"specFileRetriesDelay\",\"specFileRetriesDeferred\",\"reporterSyncInterval\",\"reporterSyncTimeout\",\"cucumberFeaturesWithLineNumbers\",\"autoCompileOpts\",\"mochaOpts\",\"jasmineOpts\",\"cucumberOpts\",\"onPrepare\",\"onWorkerStart\",\"onWorkerEnd\",\"before\",\"beforeSession\",\"beforeSuite\",\"beforeHook\",\"beforeTest\",\"afterTest\",\"afterHook\",\"afterSuite\",\"afterSession\",\"after\",\"onComplete\",\"beforeAssertion\",\"afterAssertion\",\"beforeFeature\",\"beforeScenario\",\"beforeStep\",\"afterStep\",\"afterScenario\",\"afterFeature\",\"_\",\"suite\",\"$0\",\"ignoredWorkerServices\",\"wdi5\"]"}]}
COMMAND: POST /session/3637353f0f0366f06ffc96bdd6dcca04/execute/async - {"script":"<script> [21126 bytes]","args":[35000]}
RESULT: {"script":"<script> [21126 bytes]","args":[35000]}
COMMAND: POST /session/3637353f0f0366f06ffc96bdd6dcca04/window/maximize - {}
RESULT: {}
COMMAND: POST /session/3637353f0f0366f06ffc96bdd6dcca04/execute/async - {"script":"<script> [1562 bytes]","args":[{"selector":{"id":"shell-header","interaction":{"idSuffix":"icon"}},"wdio_ui5_key":"shellheader"}]}
COMMAND: GET /session/3637353f0f0366f06ffc96bdd6dcca04/screenshot - {}
RESULT: {"script":"<script> [1562 bytes]","args":[{"selector":{"id":"shell-header","interaction":{"idSuffix":"icon"}},"wdio_ui5_key":"shellheader"}]}
RESULT: undefined
]]></system-out>
    </testcase>
  </testsuite>
  <testsuite timestamp="2025-05-02T06:54:42" time="445.427" tests="6" failures="0" errors="0" skipped="0">
    <properties>
      <property name="specId" value="0" />
      <property name="suiteName" value="Return from Site w/ warehouse management w/ clarification US125588" />
      <property name="capabilities" value="chrome.135_0_7049_96.windows" />
      <property name="file" value="file:///D:/a/1/s/test/specs/HTR/return-from-site-w-warehouse-management-w-clarification.spec.js" />
    </properties>
    <testcase classname="chrome.135_0_7049_96.windows.Return_from_Site_w/_warehouse_management_w/_clarification_US125588" name="Should create a WHM yard" time="111.377">
      <system-out><![CDATA[
COMMAND: POST /session/3637353f0f0366f06ffc96bdd6dcca04/execute/async - {"script":"<script> [1562 bytes]","args":[{"selector":{"controlType":"sap.m.GenericTile","properties":{"header":"Manage Yards"}},"wdio_ui5_key":"sapm.GenericTile{\"header\":\"Manage Yards\"}"}]}
RESULT: {}
RESULT: {"script":"<script> [1562 bytes]","args":[{"selector":{"controlType":"sap.m.GenericTile","properties":{"header":"Manage Yards"}},"wdio_ui5_key":"sapm.GenericTile{\"header\":\"Manage Yards\"}"}]}
RESULT: undefined
COMMAND: POST /session/3637353f0f0366f06ffc96bdd6dcca04/element - {"using":"xpath","value":"//*[@id=\"__tile41\"]"}
RESULT: {"using":"xpath","value":"//*[@id=\"__tile41\"]"}
COMMAND: POST /session/3637353f0f0366f06ffc96bdd6dcca04/element/f.FA5AA6ACA71DB73EA77ABAF269C4B101.d.ECBD467EF12EF5C524C95EBF57F98E55.e.15015/click - {}
RESULT: {}
COMMAND: POST /session/3637353f0f0366f06ffc96bdd6dcca04/execute/async - {"script":"<script> [1562 bytes]","args":[{"selector":{"controlType":"sap.ui.core.Icon","viewName":"etm.portal.ui.manageyards.view.Master","viewId":"application-manageyards-display-component---masterYard","properties":{"src":{"regex":{"source":"add"}}}},"wdio_ui5_key":"etmportal.ui.manageyards.view.Mastersap.ui.core.Icon{\"src\":{\"regex\":{\"source\":\"add\"}}}"}]}
COMMAND: GET /session/3637353f0f0366f06ffc96bdd6dcca04/screenshot - {}
RESULT: {"script":"<script> [1562 bytes]","args":[{"selector":{"controlType":"sap.ui.core.Icon","viewName":"etm.portal.ui.manageyards.view.Master","viewId":"application-manageyards-display-component---masterYard","properties":{"src":{"regex":{"source":"add"}}}},"wdio_ui5_key":"etmportal.ui.manageyards.view.Mastersap.ui.core.Icon{\"src\":{\"regex\":{\"source\":\"add\"}}}"}]}
RESULT: undefined
COMMAND: POST /session/3637353f0f0366f06ffc96bdd6dcca04/element - {"using":"xpath","value":"//*[@id=\"__button4-img\"]"}
RESULT: {}
RESULT: {"using":"xpath","value":"//*[@id=\"__button4-img\"]"}
COMMAND: POST /session/3637353f0f0366f06ffc96bdd6dcca04/element/f.FA5AA6ACA71DB73EA77ABAF269C4B101.d.ECBD467EF12EF5C524C95EBF57F98E55.e.15060/click - {}
RESULT: {}
COMMAND: POST /session/3637353f0f0366f06ffc96bdd6dcca04/execute/async - {"script":"<script> [1562 bytes]","args":[{"selector":{"id":"application-manageyards-display-component---NewYard--addressDetailDetailsName1","interaction":{"idSuffix":"inner"}},"wdio_ui5_key":"applicationmanageyards-display-component---NewYard--addressDetailDetailsName1"}]}
COMMAND: GET /session/3637353f0f0366f06ffc96bdd6dcca04/screenshot - {}
RESULT: {"script":"<script> [1562 bytes]","args":[{"selector":{"id":"application-manageyards-display-component---NewYard--addressDetailDetailsName1","interaction":{"idSuffix":"inner"}},"wdio_ui5_key":"applicationmanageyards-display-component---NewYard--addressDetailDetailsName1"}]}
RESULT: undefined
COMMAND: POST /session/3637353f0f0366f06ffc96bdd6dcca04/execute/async - {"script":"<script> [776 bytes]","args":[{"enterText":"warehouse managed Yard","selector":{"id":"application-manageyards-display-component---NewYard--addressDetailDetailsName1","interaction":{"idSuffix":"inner"}},"clearTextFirst":true,"interactionType":"ENTER_TEXT"}]}
RESULT: {}
RESULT: {"script":"<script> [776 bytes]","args":[{"enterText":"warehouse managed Yard","selector":{"id":"application-manageyards-display-component---NewYard--addressDetailDetailsName1","interaction":{"idSuffix":"inner"}},"clearTextFirst":true,"interactionType":"ENTER_TEXT"}]}
COMMAND: POST /session/3637353f0f0366f06ffc96bdd6dcca04/execute/async - {"script":"<script> [1562 bytes]","args":[{"selector":{"id":"application-manageyards-display-component---NewYard--addressDetailDetailsLanguage-arrow"},"wdio_ui5_key":"applicationmanageyards-display-component---NewYard--addressDetailDetailsLanguage-arrow"}]}
RESULT: {"script":"<script> [1562 bytes]","args":[{"selector":{"id":"application-manageyards-display-component---NewYard--addressDetailDetailsLanguage-arrow"},"wdio_ui5_key":"applicationmanageyards-display-component---NewYard--addressDetailDetailsLanguage-arrow"}]}
RESULT: undefined
COMMAND: POST /session/3637353f0f0366f06ffc96bdd6dcca04/element - {"using":"xpath","value":"//*[@id=\"application-manageyards-display-component---NewYard--addressDetailDetailsLanguage-arrow\"]"}
RESULT: {"using":"xpath","value":"//*[@id=\"application-manageyards-display-component---NewYard--addressDetailDetailsLanguage-arrow\"]"}
COMMAND: POST /session/3637353f0f0366f06ffc96bdd6dcca04/element/f.FA5AA6ACA71DB73EA77ABAF269C4B101.d.ECBD467EF12EF5C524C95EBF57F98E55.e.15466/click - {}
RESULT: {}
COMMAND: POST /session/3637353f0f0366f06ffc96bdd6dcca04/execute/async - {"script":"<script> [1562 bytes]","args":[{"selector":{"controlType":"sap.m.StandardListItem","viewName":"etm.portal.ui.manageyards.view.New","viewId":"application-manageyards-display-component---NewYard","properties":{"title":"English"},"searchOpenDialogs":true,"interaction":{"idSuffix":"content"}},"wdio_ui5_key":"etmportal.ui.manageyards.view.Newsap.m.StandardListItem{\"title\":\"English\"}"}]}
COMMAND: GET /session/3637353f0f0366f06ffc96bdd6dcca04/screenshot - {}
RESULT: {"script":"<script> [1562 bytes]","args":[{"selector":{"controlType":"sap.m.StandardListItem","viewName":"etm.portal.ui.manageyards.view.New","viewId":"application-manageyards-display-component---NewYard","properties":{"title":"English"},"searchOpenDialogs":true,"interaction":{"idSuffix":"content"}},"wdio_ui5_key":"etmportal.ui.manageyards.view.Newsap.m.StandardListItem{\"title\":\"English\"}"}]}
RESULT: undefined
COMMAND: POST /session/3637353f0f0366f06ffc96bdd6dcca04/element - {"using":"xpath","value":"//*[@id=\"__item101\"]"}
RESULT: {}
RESULT: {"using":"xpath","value":"//*[@id=\"__item101\"]"}
COMMAND: POST /session/3637353f0f0366f06ffc96bdd6dcca04/element/f.FA5AA6ACA71DB73EA77ABAF269C4B101.d.ECBD467EF12EF5C524C95EBF57F98E55.e.15468/click - {}
RESULT: {}
COMMAND: POST /session/3637353f0f0366f06ffc96bdd6dcca04/execute/async - {"script":"<script> [1562 bytes]","args":[{"selector":{"id":"application-manageyards-display-component---NewYard--addressDetailDetailsCity1","interaction":{"idSuffix":"inner"}},"wdio_ui5_key":"applicationmanageyards-display-component---NewYard--addressDetailDetailsCity1"}]}
COMMAND: GET /session/3637353f0f0366f06ffc96bdd6dcca04/screenshot - {}
RESULT: {"script":"<script> [1562 bytes]","args":[{"selector":{"id":"application-manageyards-display-component---NewYard--addressDetailDetailsCity1","interaction":{"idSuffix":"inner"}},"wdio_ui5_key":"applicationmanageyards-display-component---NewYard--addressDetailDetailsCity1"}]}
RESULT: undefined
COMMAND: POST /session/3637353f0f0366f06ffc96bdd6dcca04/execute/async - {"script":"<script> [776 bytes]","args":[{"enterText":"Rosario","selector":{"id":"application-manageyards-display-component---NewYard--addressDetailDetailsCity1","interaction":{"idSuffix":"inner"}},"clearTextFirst":true,"interactionType":"ENTER_TEXT"}]}
RESULT: {}
RESULT: {"script":"<script> [776 bytes]","args":[{"enterText":"Rosario","selector":{"id":"application-manageyards-display-component---NewYard--addressDetailDetailsCity1","interaction":{"idSuffix":"inner"}},"clearTextFirst":true,"interactionType":"ENTER_TEXT"}]}
COMMAND: POST /session/3637353f0f0366f06ffc96bdd6dcca04/execute/async - {"script":"<script> [1562 bytes]","args":[{"selector":{"id":"application-manageyards-display-component---NewYard--addressDetailDetailsCountry-arrow"},"wdio_ui5_key":"applicationmanageyards-display-component---NewYard--addressDetailDetailsCountry-arrow"}]}
RESULT: {"script":"<script> [1562 bytes]","args":[{"selector":{"id":"application-manageyards-display-component---NewYard--addressDetailDetailsCountry-arrow"},"wdio_ui5_key":"applicationmanageyards-display-component---NewYard--addressDetailDetailsCountry-arrow"}]}
RESULT: undefined
COMMAND: POST /session/3637353f0f0366f06ffc96bdd6dcca04/element - {"using":"xpath","value":"//*[@id=\"application-manageyards-display-component---NewYard--addressDetailDetailsCountry-arrow\"]"}
RESULT: {"using":"xpath","value":"//*[@id=\"application-manageyards-display-component---NewYard--addressDetailDetailsCountry-arrow\"]"}
COMMAND: POST /session/3637353f0f0366f06ffc96bdd6dcca04/element/f.FA5AA6ACA71DB73EA77ABAF269C4B101.d.ECBD467EF12EF5C524C95EBF57F98E55.e.15429/click - {}
RESULT: {}
COMMAND: POST /session/3637353f0f0366f06ffc96bdd6dcca04/execute/async - {"script":"<script> [1562 bytes]","args":[{"selector":{"controlType":"sap.m.StandardListItem","viewName":"etm.portal.ui.manageyards.view.New","viewId":"application-manageyards-display-component---NewYard","properties":{"title":"Argentina"},"searchOpenDialogs":true,"interaction":{"idSuffix":"content"}},"wdio_ui5_key":"etmportal.ui.manageyards.view.Newsap.m.StandardListItem{\"title\":\"Argentina\"}"}]}
COMMAND: GET /session/3637353f0f0366f06ffc96bdd6dcca04/screenshot - {}
RESULT: {"script":"<script> [1562 bytes]","args":[{"selector":{"controlType":"sap.m.StandardListItem","viewName":"etm.portal.ui.manageyards.view.New","viewId":"application-manageyards-display-component---NewYard","properties":{"title":"Argentina"},"searchOpenDialogs":true,"interaction":{"idSuffix":"content"}},"wdio_ui5_key":"etmportal.ui.manageyards.view.Newsap.m.StandardListItem{\"title\":\"Argentina\"}"}]}
RESULT: undefined
COMMAND: POST /session/3637353f0f0366f06ffc96bdd6dcca04/element - {"using":"xpath","value":"//*[@id=\"__item144\"]"}
RESULT: {}
RESULT: {"using":"xpath","value":"//*[@id=\"__item144\"]"}
COMMAND: POST /session/3637353f0f0366f06ffc96bdd6dcca04/element/f.FA5AA6ACA71DB73EA77ABAF269C4B101.d.ECBD467EF12EF5C524C95EBF57F98E55.e.15472/click - {}
RESULT: {}
COMMAND: POST /session/3637353f0f0366f06ffc96bdd6dcca04/execute/async - {"script":"<script> [1562 bytes]","args":[{"selector":{"controlType":"sap.m.Button","viewName":"etm.portal.ui.manageyards.view.New","viewId":"application-manageyards-display-component---NewYard","properties":{"text":"Commercial"},"interaction":{"idSuffix":"BDI-content"}},"wdio_ui5_key":"etmportal.ui.manageyards.view.Newsap.m.Button{\"text\":\"Commercial\"}"}]}
COMMAND: GET /session/3637353f0f0366f06ffc96bdd6dcca04/screenshot - {}
RESULT: {"script":"<script> [1562 bytes]","args":[{"selector":{"controlType":"sap.m.Button","viewName":"etm.portal.ui.manageyards.view.New","viewId":"application-manageyards-display-component---NewYard","properties":{"text":"Commercial"},"interaction":{"idSuffix":"BDI-content"}},"wdio_ui5_key":"etmportal.ui.manageyards.view.Newsap.m.Button{\"text\":\"Commercial\"}"}]}
RESULT: undefined
COMMAND: POST /session/3637353f0f0366f06ffc96bdd6dcca04/element - {"using":"xpath","value":"//*[@id=\"application-manageyards-display-component---NewYard--ObjectPageLayout-anchBar-__section5-anchor\"]"}
RESULT: {}
RESULT: {"using":"xpath","value":"//*[@id=\"application-manageyards-display-component---NewYard--ObjectPageLayout-anchBar-__section5-anchor\"]"}
COMMAND: POST /session/3637353f0f0366f06ffc96bdd6dcca04/element/f.FA5AA6ACA71DB73EA77ABAF269C4B101.d.ECBD467EF12EF5C524C95EBF57F98E55.e.15474/click - {}
RESULT: {}
COMMAND: GET /session/3637353f0f0366f06ffc96bdd6dcca04/screenshot - {}
RESULT: {}
COMMAND: POST /session/3637353f0f0366f06ffc96bdd6dcca04/execute/async - {"script":"<script> [1562 bytes]","args":[{"selector":{"id":"application-manageyards-display-component---NewYard--addressEditDetailsCostObjectCstType-arrow"},"wdio_ui5_key":"applicationmanageyards-display-component---NewYard--addressEditDetailsCostObjectCstType-arrow"}]}
RESULT: {"script":"<script> [1562 bytes]","args":[{"selector":{"id":"application-manageyards-display-component---NewYard--addressEditDetailsCostObjectCstType-arrow"},"wdio_ui5_key":"applicationmanageyards-display-component---NewYard--addressEditDetailsCostObjectCstType-arrow"}]}
RESULT: undefined
COMMAND: POST /session/3637353f0f0366f06ffc96bdd6dcca04/element - {"using":"xpath","value":"//*[@id=\"application-manageyards-display-component---NewYard--addressEditDetailsCostObjectCstType-arrow\"]"}
RESULT: {"using":"xpath","value":"//*[@id=\"application-manageyards-display-component---NewYard--addressEditDetailsCostObjectCstType-arrow\"]"}
COMMAND: POST /session/3637353f0f0366f06ffc96bdd6dcca04/element/f.FA5AA6ACA71DB73EA77ABAF269C4B101.d.ECBD467EF12EF5C524C95EBF57F98E55.e.15485/click - {}
RESULT: {}
COMMAND: GET /session/3637353f0f0366f06ffc96bdd6dcca04/screenshot - {}
RESULT: {}
COMMAND: POST /session/3637353f0f0366f06ffc96bdd6dcca04/execute/async - {"script":"<script> [1562 bytes]","args":[{"selector":{"controlType":"sap.m.StandardListItem","viewName":"etm.portal.ui.manageyards.view.New","viewId":"application-manageyards-display-component---NewYard","properties":{"title":"Cost Center"},"searchOpenDialogs":true,"interaction":{"idSuffix":"titleText"}},"wdio_ui5_key":"etmportal.ui.manageyards.view.Newsap.m.StandardListItem{\"title\":\"Cost Center\"}"}]}
RESULT: {"script":"<script> [1562 bytes]","args":[{"selector":{"controlType":"sap.m.StandardListItem","viewName":"etm.portal.ui.manageyards.view.New","viewId":"application-manageyards-display-component---NewYard","properties":{"title":"Cost Center"},"searchOpenDialogs":true,"interaction":{"idSuffix":"titleText"}},"wdio_ui5_key":"etmportal.ui.manageyards.view.Newsap.m.StandardListItem{\"title\":\"Cost Center\"}"}]}
RESULT: undefined
COMMAND: POST /session/3637353f0f0366f06ffc96bdd6dcca04/element - {"using":"xpath","value":"//*[@id=\"__item234\"]"}
RESULT: {"using":"xpath","value":"//*[@id=\"__item234\"]"}
COMMAND: POST /session/3637353f0f0366f06ffc96bdd6dcca04/element/f.FA5AA6ACA71DB73EA77ABAF269C4B101.d.ECBD467EF12EF5C524C95EBF57F98E55.e.15487/click - {}
RESULT: {}
COMMAND: POST /session/3637353f0f0366f06ffc96bdd6dcca04/element - {"using":"xpath","value":"//input[@id=\"application-manageyards-display-component---NewYard--addressNewCostObjectCstID-inner\"]"}
COMMAND: GET /session/3637353f0f0366f06ffc96bdd6dcca04/screenshot - {}
RESULT: {"using":"xpath","value":"//input[@id=\"application-manageyards-display-component---NewYard--addressNewCostObjectCstID-inner\"]"}
COMMAND: POST /session/3637353f0f0366f06ffc96bdd6dcca04/element/f.FA5AA6ACA71DB73EA77ABAF269C4B101.d.ECBD467EF12EF5C524C95EBF57F98E55.e.15307/clear - {}
RESULT: {}
COMMAND: POST /session/3637353f0f0366f06ffc96bdd6dcca04/element - {"using":"xpath","value":"//input[@id=\"application-manageyards-display-component---NewYard--addressNewCostObjectCstID-inner\"]"}
RESULT: {"using":"xpath","value":"//input[@id=\"application-manageyards-display-component---NewYard--addressNewCostObjectCstID-inner\"]"}
COMMAND: POST /session/3637353f0f0366f06ffc96bdd6dcca04/element/f.FA5AA6ACA71DB73EA77ABAF269C4B101.d.ECBD467EF12EF5C524C95EBF57F98E55.e.15307/clear - {}
COMMAND: POST /session/3637353f0f0366f06ffc96bdd6dcca04/element - {"using":"xpath","value":"//input[@id=\"application-manageyards-display-component---NewYard--addressNewCostObjectCstID-inner\"]"}
RESULT: {"using":"xpath","value":"//input[@id=\"application-manageyards-display-component---NewYard--addressNewCostObjectCstID-inner\"]"}
COMMAND: POST /session/3637353f0f0366f06ffc96bdd6dcca04/element/f.FA5AA6ACA71DB73EA77ABAF269C4B101.d.ECBD467EF12EF5C524C95EBF57F98E55.e.15490/clear - {}
COMMAND: POST /session/3637353f0f0366f06ffc96bdd6dcca04/element - {"using":"xpath","value":"//input[@id=\"application-manageyards-display-component---NewYard--addressNewCostObjectCstID-inner\"]"}
RESULT: {"using":"xpath","value":"//input[@id=\"application-manageyards-display-component---NewYard--addressNewCostObjectCstID-inner\"]"}
COMMAND: POST /session/3637353f0f0366f06ffc96bdd6dcca04/element/f.FA5AA6ACA71DB73EA77ABAF269C4B101.d.ECBD467EF12EF5C524C95EBF57F98E55.e.15490/clear - {}
COMMAND: POST /session/3637353f0f0366f06ffc96bdd6dcca04/element - {"using":"xpath","value":"//input[@id=\"application-manageyards-display-component---NewYard--addressNewCostObjectCstID-inner\"]"}
RESULT: {"using":"xpath","value":"//input[@id=\"application-manageyards-display-component---NewYard--addressNewCostObjectCstID-inner\"]"}
COMMAND: POST /session/3637353f0f0366f06ffc96bdd6dcca04/element/f.FA5AA6ACA71DB73EA77ABAF269C4B101.d.ECBD467EF12EF5C524C95EBF57F98E55.e.15492/clear - {}
RESULT: {}
COMMAND: POST /session/3637353f0f0366f06ffc96bdd6dcca04/element/f.FA5AA6ACA71DB73EA77ABAF269C4B101.d.ECBD467EF12EF5C524C95EBF57F98E55.e.15492/value - {"text":"10001013"}
COMMAND: GET /session/3637353f0f0366f06ffc96bdd6dcca04/screenshot - {}
RESULT: {"text":"10001013"}
COMMAND: GET /session/3637353f0f0366f06ffc96bdd6dcca04/screenshot - {}
RESULT: {}
RESULT: {}
COMMAND: POST /session/3637353f0f0366f06ffc96bdd6dcca04/execute/async - {"script":"<script> [1562 bytes]","args":[{"selector":{"controlType":"sap.m.StandardListItem","viewName":"etm.portal.ui.manageyards.view.New","viewId":"application-manageyards-display-component---NewYard","properties":{"type":"Active"},"searchOpenDialogs":true,"interaction":{"idSuffix":"titleText"}},"wdio_ui5_key":"etmportal.ui.manageyards.view.Newsap.m.StandardListItem{\"type\":\"Active\"}"}]}
RESULT: {"script":"<script> [1562 bytes]","args":[{"selector":{"controlType":"sap.m.StandardListItem","viewName":"etm.portal.ui.manageyards.view.New","viewId":"application-manageyards-display-component---NewYard","properties":{"type":"Active"},"searchOpenDialogs":true,"interaction":{"idSuffix":"titleText"}},"wdio_ui5_key":"etmportal.ui.manageyards.view.Newsap.m.StandardListItem{\"type\":\"Active\"}"}]}
RESULT: undefined
COMMAND: POST /session/3637353f0f0366f06ffc96bdd6dcca04/element - {"using":"xpath","value":"//*[@id=\"__item339\"]"}
RESULT: {"using":"xpath","value":"//*[@id=\"__item339\"]"}
COMMAND: POST /session/3637353f0f0366f06ffc96bdd6dcca04/element/f.FA5AA6ACA71DB73EA77ABAF269C4B101.d.ECBD467EF12EF5C524C95EBF57F98E55.e.15496/click - {}
RESULT: {}
COMMAND: POST /session/3637353f0f0366f06ffc96bdd6dcca04/execute/async - {"script":"<script> [1562 bytes]","args":[{"selector":{"id":"application-manageyards-display-component---NewYard--addressEditDetailsCurrency-arrow"},"wdio_ui5_key":"applicationmanageyards-display-component---NewYard--addressEditDetailsCurrency-arrow"}]}
COMMAND: GET /session/3637353f0f0366f06ffc96bdd6dcca04/screenshot - {}
RESULT: {"script":"<script> [1562 bytes]","args":[{"selector":{"id":"application-manageyards-display-component---NewYard--addressEditDetailsCurrency-arrow"},"wdio_ui5_key":"applicationmanageyards-display-component---NewYard--addressEditDetailsCurrency-arrow"}]}
RESULT: undefined
COMMAND: POST /session/3637353f0f0366f06ffc96bdd6dcca04/element - {"using":"xpath","value":"//*[@id=\"application-manageyards-display-component---NewYard--addressEditDetailsCurrency-arrow\"]"}
RESULT: {}
RESULT: {"using":"xpath","value":"//*[@id=\"application-manageyards-display-component---NewYard--addressEditDetailsCurrency-arrow\"]"}
COMMAND: POST /session/3637353f0f0366f06ffc96bdd6dcca04/element/f.FA5AA6ACA71DB73EA77ABAF269C4B101.d.ECBD467EF12EF5C524C95EBF57F98E55.e.15498/click - {}
RESULT: {}
COMMAND: POST /session/3637353f0f0366f06ffc96bdd6dcca04/execute/async - {"script":"<script> [1562 bytes]","args":[{"selector":{"controlType":"sap.m.StandardListItem","viewName":"etm.portal.ui.manageyards.view.New","viewId":"application-manageyards-display-component---NewYard","properties":{"title":"Euro"},"searchOpenDialogs":true,"interaction":{"idSuffix":"content"}},"wdio_ui5_key":"etmportal.ui.manageyards.view.Newsap.m.StandardListItem{\"title\":\"Euro\"}"}]}
COMMAND: GET /session/3637353f0f0366f06ffc96bdd6dcca04/screenshot - {}
RESULT: {"script":"<script> [1562 bytes]","args":[{"selector":{"controlType":"sap.m.StandardListItem","viewName":"etm.portal.ui.manageyards.view.New","viewId":"application-manageyards-display-component---NewYard","properties":{"title":"Euro"},"searchOpenDialogs":true,"interaction":{"idSuffix":"content"}},"wdio_ui5_key":"etmportal.ui.manageyards.view.Newsap.m.StandardListItem{\"title\":\"Euro\"}"}]}
RESULT: undefined
COMMAND: POST /session/3637353f0f0366f06ffc96bdd6dcca04/element - {"using":"xpath","value":"//*[@id=\"__item340\"]"}
RESULT: {}
RESULT: {"using":"xpath","value":"//*[@id=\"__item340\"]"}
COMMAND: POST /session/3637353f0f0366f06ffc96bdd6dcca04/element/f.FA5AA6ACA71DB73EA77ABAF269C4B101.d.ECBD467EF12EF5C524C95EBF57F98E55.e.15500/click - {}
RESULT: {}
COMMAND: POST /session/3637353f0f0366f06ffc96bdd6dcca04/execute/async - {"script":"<script> [1562 bytes]","args":[{"selector":{"controlType":"sap.m.Input","viewName":"etm.portal.ui.manageyards.view.New","viewId":"application-manageyards-display-component---NewYard","bindingPath":{"path":"","propertyPath":"/CONTROLLING_AREA","modelName":"NewYardModel"},"interaction":{"idSuffix":"inner"}},"wdio_ui5_key":"etmportal.ui.manageyards.view.Newsap.m.Input{\"path\":\"\",\"propertyPath\":\"/CONTROLLING_AREA\",\"modelName\":\"NewYardModel\"}"}]}
COMMAND: GET /session/3637353f0f0366f06ffc96bdd6dcca04/screenshot - {}
RESULT: {"script":"<script> [1562 bytes]","args":[{"selector":{"controlType":"sap.m.Input","viewName":"etm.portal.ui.manageyards.view.New","viewId":"application-manageyards-display-component---NewYard","bindingPath":{"path":"","propertyPath":"/CONTROLLING_AREA","modelName":"NewYardModel"},"interaction":{"idSuffix":"inner"}},"wdio_ui5_key":"etmportal.ui.manageyards.view.Newsap.m.Input{\"path\":\"\",\"propertyPath\":\"/CONTROLLING_AREA\",\"modelName\":\"NewYardModel\"}"}]}
RESULT: undefined
COMMAND: POST /session/3637353f0f0366f06ffc96bdd6dcca04/execute/async - {"script":"<script> [776 bytes]","args":[{"enterText":"Z001","selector":{"controlType":"sap.m.Input","viewName":"etm.portal.ui.manageyards.view.New","viewId":"application-manageyards-display-component---NewYard","bindingPath":{"path":"","propertyPath":"/CONTROLLING_AREA","modelName":"NewYardModel"},"interaction":{"idSuffix":"inner"}},"clearTextFirst":true,"interactionType":"ENTER_TEXT"}]}
RESULT: {}
RESULT: {"script":"<script> [776 bytes]","args":[{"enterText":"Z001","selector":{"controlType":"sap.m.Input","viewName":"etm.portal.ui.manageyards.view.New","viewId":"application-manageyards-display-component---NewYard","bindingPath":{"path":"","propertyPath":"/CONTROLLING_AREA","modelName":"NewYardModel"},"interaction":{"idSuffix":"inner"}},"clearTextFirst":true,"interactionType":"ENTER_TEXT"}]}
COMMAND: POST /session/3637353f0f0366f06ffc96bdd6dcca04/execute/async - {"script":"<script> [1562 bytes]","args":[{"selector":{"id":"application-manageyards-display-component---NewYard--companyCodeComboBox","interaction":{"idSuffix":"inner"}},"wdio_ui5_key":"applicationmanageyards-display-component---NewYard--companyCodeComboBox"}]}
RESULT: {"script":"<script> [1562 bytes]","args":[{"selector":{"id":"application-manageyards-display-component---NewYard--companyCodeComboBox","interaction":{"idSuffix":"inner"}},"wdio_ui5_key":"applicationmanageyards-display-component---NewYard--companyCodeComboBox"}]}
RESULT: undefined
COMMAND: POST /session/3637353f0f0366f06ffc96bdd6dcca04/execute/async - {"script":"<script> [776 bytes]","args":[{"enterText":"1000","selector":{"id":"application-manageyards-display-component---NewYard--companyCodeComboBox","interaction":{"idSuffix":"inner"}},"clearTextFirst":true,"interactionType":"ENTER_TEXT"}]}
RESULT: {"script":"<script> [776 bytes]","args":[{"enterText":"1000","selector":{"id":"application-manageyards-display-component---NewYard--companyCodeComboBox","interaction":{"idSuffix":"inner"}},"clearTextFirst":true,"interactionType":"ENTER_TEXT"}]}
COMMAND: POST /session/3637353f0f0366f06ffc96bdd6dcca04/execute/async - {"script":"<script> [1562 bytes]","args":[{"selector":{"controlType":"sap.m.Input","viewName":"etm.portal.ui.manageyards.view.New","viewId":"application-manageyards-display-component---NewYard","bindingPath":{"path":"","propertyPath":"/PLANT","modelName":"NewYardModel"},"interaction":{"idSuffix":"inner"}},"wdio_ui5_key":"etmportal.ui.manageyards.view.Newsap.m.Input{\"path\":\"\",\"propertyPath\":\"/PLANT\",\"modelName\":\"NewYardModel\"}"}]}
RESULT: {"script":"<script> [1562 bytes]","args":[{"selector":{"controlType":"sap.m.Input","viewName":"etm.portal.ui.manageyards.view.New","viewId":"application-manageyards-display-component---NewYard","bindingPath":{"path":"","propertyPath":"/PLANT","modelName":"NewYardModel"},"interaction":{"idSuffix":"inner"}},"wdio_ui5_key":"etmportal.ui.manageyards.view.Newsap.m.Input{\"path\":\"\",\"propertyPath\":\"/PLANT\",\"modelName\":\"NewYardModel\"}"}]}
RESULT: undefined
COMMAND: POST /session/3637353f0f0366f06ffc96bdd6dcca04/execute/async - {"script":"<script> [776 bytes]","args":[{"enterText":"1001","selector":{"controlType":"sap.m.Input","viewName":"etm.portal.ui.manageyards.view.New","viewId":"application-manageyards-display-component---NewYard","bindingPath":{"path":"","propertyPath":"/PLANT","modelName":"NewYardModel"},"interaction":{"idSuffix":"inner"}},"clearTextFirst":true,"interactionType":"ENTER_TEXT"}]}
RESULT: {"script":"<script> [776 bytes]","args":[{"enterText":"1001","selector":{"controlType":"sap.m.Input","viewName":"etm.portal.ui.manageyards.view.New","viewId":"application-manageyards-display-component---NewYard","bindingPath":{"path":"","propertyPath":"/PLANT","modelName":"NewYardModel"},"interaction":{"idSuffix":"inner"}},"clearTextFirst":true,"interactionType":"ENTER_TEXT"}]}
COMMAND: POST /session/3637353f0f0366f06ffc96bdd6dcca04/execute/async - {"script":"<script> [1562 bytes]","args":[{"selector":{"controlType":"sap.m.Input","viewName":"etm.portal.ui.manageyards.view.New","viewId":"application-manageyards-display-component---NewYard","bindingPath":{"path":"","propertyPath":"/SALES_AREA_VKORG","modelName":"NewYardModel"},"interaction":{"idSuffix":"inner"}},"wdio_ui5_key":"etmportal.ui.manageyards.view.Newsap.m.Input{\"path\":\"\",\"propertyPath\":\"/SALES_AREA_VKORG\",\"modelName\":\"NewYardModel\"}"}]}
RESULT: {"script":"<script> [1562 bytes]","args":[{"selector":{"controlType":"sap.m.Input","viewName":"etm.portal.ui.manageyards.view.New","viewId":"application-manageyards-display-component---NewYard","bindingPath":{"path":"","propertyPath":"/SALES_AREA_VKORG","modelName":"NewYardModel"},"interaction":{"idSuffix":"inner"}},"wdio_ui5_key":"etmportal.ui.manageyards.view.Newsap.m.Input{\"path\":\"\",\"propertyPath\":\"/SALES_AREA_VKORG\",\"modelName\":\"NewYardModel\"}"}]}
RESULT: undefined
COMMAND: POST /session/3637353f0f0366f06ffc96bdd6dcca04/execute/async - {"script":"<script> [776 bytes]","args":[{"enterText":"C002","selector":{"controlType":"sap.m.Input","viewName":"etm.portal.ui.manageyards.view.New","viewId":"application-manageyards-display-component---NewYard","bindingPath":{"path":"","propertyPath":"/SALES_AREA_VKORG","modelName":"NewYardModel"},"interaction":{"idSuffix":"inner"}},"clearTextFirst":true,"interactionType":"ENTER_TEXT"}]}
RESULT: {"script":"<script> [776 bytes]","args":[{"enterText":"C002","selector":{"controlType":"sap.m.Input","viewName":"etm.portal.ui.manageyards.view.New","viewId":"application-manageyards-display-component---NewYard","bindingPath":{"path":"","propertyPath":"/SALES_AREA_VKORG","modelName":"NewYardModel"},"interaction":{"idSuffix":"inner"}},"clearTextFirst":true,"interactionType":"ENTER_TEXT"}]}
COMMAND: POST /session/3637353f0f0366f06ffc96bdd6dcca04/execute/async - {"script":"<script> [1562 bytes]","args":[{"selector":{"controlType":"sap.m.Input","viewName":"etm.portal.ui.manageyards.view.New","viewId":"application-manageyards-display-component---NewYard","bindingPath":{"path":"","propertyPath":"/SALES_AREA_VTWEG","modelName":"NewYardModel"},"interaction":{"idSuffix":"inner"}},"wdio_ui5_key":"etmportal.ui.manageyards.view.Newsap.m.Input{\"path\":\"\",\"propertyPath\":\"/SALES_AREA_VTWEG\",\"modelName\":\"NewYardModel\"}"}]}
RESULT: {"script":"<script> [1562 bytes]","args":[{"selector":{"controlType":"sap.m.Input","viewName":"etm.portal.ui.manageyards.view.New","viewId":"application-manageyards-display-component---NewYard","bindingPath":{"path":"","propertyPath":"/SALES_AREA_VTWEG","modelName":"NewYardModel"},"interaction":{"idSuffix":"inner"}},"wdio_ui5_key":"etmportal.ui.manageyards.view.Newsap.m.Input{\"path\":\"\",\"propertyPath\":\"/SALES_AREA_VTWEG\",\"modelName\":\"NewYardModel\"}"}]}
RESULT: undefined
COMMAND: POST /session/3637353f0f0366f06ffc96bdd6dcca04/execute/async - {"script":"<script> [776 bytes]","args":[{"enterText":"C2","selector":{"controlType":"sap.m.Input","viewName":"etm.portal.ui.manageyards.view.New","viewId":"application-manageyards-display-component---NewYard","bindingPath":{"path":"","propertyPath":"/SALES_AREA_VTWEG","modelName":"NewYardModel"},"interaction":{"idSuffix":"inner"}},"clearTextFirst":true,"interactionType":"ENTER_TEXT"}]}
RESULT: {"script":"<script> [776 bytes]","args":[{"enterText":"C2","selector":{"controlType":"sap.m.Input","viewName":"etm.portal.ui.manageyards.view.New","viewId":"application-manageyards-display-component---NewYard","bindingPath":{"path":"","propertyPath":"/SALES_AREA_VTWEG","modelName":"NewYardModel"},"interaction":{"idSuffix":"inner"}},"clearTextFirst":true,"interactionType":"ENTER_TEXT"}]}
COMMAND: POST /session/3637353f0f0366f06ffc96bdd6dcca04/execute/async - {"script":"<script> [1562 bytes]","args":[{"selector":{"controlType":"sap.m.Input","viewName":"etm.portal.ui.manageyards.view.New","viewId":"application-manageyards-display-component---NewYard","bindingPath":{"path":"","propertyPath":"/SALES_AREA_SPART","modelName":"NewYardModel"},"interaction":{"idSuffix":"inner"}},"wdio_ui5_key":"etmportal.ui.manageyards.view.Newsap.m.Input{\"path\":\"\",\"propertyPath\":\"/SALES_AREA_SPART\",\"modelName\":\"NewYardModel\"}"}]}
RESULT: {"script":"<script> [1562 bytes]","args":[{"selector":{"controlType":"sap.m.Input","viewName":"etm.portal.ui.manageyards.view.New","viewId":"application-manageyards-display-component---NewYard","bindingPath":{"path":"","propertyPath":"/SALES_AREA_SPART","modelName":"NewYardModel"},"interaction":{"idSuffix":"inner"}},"wdio_ui5_key":"etmportal.ui.manageyards.view.Newsap.m.Input{\"path\":\"\",\"propertyPath\":\"/SALES_AREA_SPART\",\"modelName\":\"NewYardModel\"}"}]}
RESULT: undefined
COMMAND: POST /session/3637353f0f0366f06ffc96bdd6dcca04/execute/async - {"script":"<script> [776 bytes]","args":[{"enterText":"C2","selector":{"controlType":"sap.m.Input","viewName":"etm.portal.ui.manageyards.view.New","viewId":"application-manageyards-display-component---NewYard","bindingPath":{"path":"","propertyPath":"/SALES_AREA_SPART","modelName":"NewYardModel"},"interaction":{"idSuffix":"inner"}},"clearTextFirst":true,"interactionType":"ENTER_TEXT"}]}
RESULT: {"script":"<script> [776 bytes]","args":[{"enterText":"C2","selector":{"controlType":"sap.m.Input","viewName":"etm.portal.ui.manageyards.view.New","viewId":"application-manageyards-display-component---NewYard","bindingPath":{"path":"","propertyPath":"/SALES_AREA_SPART","modelName":"NewYardModel"},"interaction":{"idSuffix":"inner"}},"clearTextFirst":true,"interactionType":"ENTER_TEXT"}]}
COMMAND: POST /session/3637353f0f0366f06ffc96bdd6dcca04/execute/async - {"script":"<script> [1562 bytes]","args":[{"selector":{"controlType":"sap.m.Input","viewName":"etm.portal.ui.manageyards.view.New","viewId":"application-manageyards-display-component---NewYard","bindingPath":{"path":"","propertyPath":"/SHIP_POINT","modelName":"NewYardModel"},"interaction":{"idSuffix":"inner"}},"wdio_ui5_key":"etmportal.ui.manageyards.view.Newsap.m.Input{\"path\":\"\",\"propertyPath\":\"/SHIP_POINT\",\"modelName\":\"NewYardModel\"}"}]}
RESULT: {"script":"<script> [1562 bytes]","args":[{"selector":{"controlType":"sap.m.Input","viewName":"etm.portal.ui.manageyards.view.New","viewId":"application-manageyards-display-component---NewYard","bindingPath":{"path":"","propertyPath":"/SHIP_POINT","modelName":"NewYardModel"},"interaction":{"idSuffix":"inner"}},"wdio_ui5_key":"etmportal.ui.manageyards.view.Newsap.m.Input{\"path\":\"\",\"propertyPath\":\"/SHIP_POINT\",\"modelName\":\"NewYardModel\"}"}]}
RESULT: undefined
COMMAND: POST /session/3637353f0f0366f06ffc96bdd6dcca04/execute/async - {"script":"<script> [776 bytes]","args":[{"enterText":"1710","selector":{"controlType":"sap.m.Input","viewName":"etm.portal.ui.manageyards.view.New","viewId":"application-manageyards-display-component---NewYard","bindingPath":{"path":"","propertyPath":"/SHIP_POINT","modelName":"NewYardModel"},"interaction":{"idSuffix":"inner"}},"clearTextFirst":true,"interactionType":"ENTER_TEXT"}]}
RESULT: {"script":"<script> [776 bytes]","args":[{"enterText":"1710","selector":{"controlType":"sap.m.Input","viewName":"etm.portal.ui.manageyards.view.New","viewId":"application-manageyards-display-component---NewYard","bindingPath":{"path":"","propertyPath":"/SHIP_POINT","modelName":"NewYardModel"},"interaction":{"idSuffix":"inner"}},"clearTextFirst":true,"interactionType":"ENTER_TEXT"}]}
COMMAND: POST /session/3637353f0f0366f06ffc96bdd6dcca04/execute/async - {"script":"<script> [1562 bytes]","args":[{"selector":{"controlType":"sap.m.Input","viewName":"etm.portal.ui.manageyards.view.New","viewId":"application-manageyards-display-component---NewYard","bindingPath":{"path":"","propertyPath":"/DELIVERY_TYPE","modelName":"NewYardModel"},"interaction":{"idSuffix":"inner"}},"wdio_ui5_key":"etmportal.ui.manageyards.view.Newsap.m.Input{\"path\":\"\",\"propertyPath\":\"/DELIVERY_TYPE\",\"modelName\":\"NewYardModel\"}"}]}
RESULT: {"script":"<script> [1562 bytes]","args":[{"selector":{"controlType":"sap.m.Input","viewName":"etm.portal.ui.manageyards.view.New","viewId":"application-manageyards-display-component---NewYard","bindingPath":{"path":"","propertyPath":"/DELIVERY_TYPE","modelName":"NewYardModel"},"interaction":{"idSuffix":"inner"}},"wdio_ui5_key":"etmportal.ui.manageyards.view.Newsap.m.Input{\"path\":\"\",\"propertyPath\":\"/DELIVERY_TYPE\",\"modelName\":\"NewYardModel\"}"}]}
RESULT: undefined
COMMAND: POST /session/3637353f0f0366f06ffc96bdd6dcca04/execute/async - {"script":"<script> [776 bytes]","args":[{"enterText":"ZL01","selector":{"controlType":"sap.m.Input","viewName":"etm.portal.ui.manageyards.view.New","viewId":"application-manageyards-display-component---NewYard","bindingPath":{"path":"","propertyPath":"/DELIVERY_TYPE","modelName":"NewYardModel"},"interaction":{"idSuffix":"inner"}},"clearTextFirst":true,"interactionType":"ENTER_TEXT"}]}
RESULT: {"script":"<script> [776 bytes]","args":[{"enterText":"ZL01","selector":{"controlType":"sap.m.Input","viewName":"etm.portal.ui.manageyards.view.New","viewId":"application-manageyards-display-component---NewYard","bindingPath":{"path":"","propertyPath":"/DELIVERY_TYPE","modelName":"NewYardModel"},"interaction":{"idSuffix":"inner"}},"clearTextFirst":true,"interactionType":"ENTER_TEXT"}]}
COMMAND: POST /session/3637353f0f0366f06ffc96bdd6dcca04/execute/async - {"script":"<script> [1562 bytes]","args":[{"selector":{"controlType":"sap.m.Input","viewName":"etm.portal.ui.manageyards.view.New","viewId":"application-manageyards-display-component---NewYard","bindingPath":{"path":"","propertyPath":"/AUART","modelName":"NewYardModel"},"interaction":{"idSuffix":"inner"}},"wdio_ui5_key":"etmportal.ui.manageyards.view.Newsap.m.Input{\"path\":\"\",\"propertyPath\":\"/AUART\",\"modelName\":\"NewYardModel\"}"}]}
RESULT: {"script":"<script> [1562 bytes]","args":[{"selector":{"controlType":"sap.m.Input","viewName":"etm.portal.ui.manageyards.view.New","viewId":"application-manageyards-display-component---NewYard","bindingPath":{"path":"","propertyPath":"/AUART","modelName":"NewYardModel"},"interaction":{"idSuffix":"inner"}},"wdio_ui5_key":"etmportal.ui.manageyards.view.Newsap.m.Input{\"path\":\"\",\"propertyPath\":\"/AUART\",\"modelName\":\"NewYardModel\"}"}]}
RESULT: undefined
COMMAND: POST /session/3637353f0f0366f06ffc96bdd6dcca04/execute/async - {"script":"<script> [776 bytes]","args":[{"enterText":"TA","selector":{"controlType":"sap.m.Input","viewName":"etm.portal.ui.manageyards.view.New","viewId":"application-manageyards-display-component---NewYard","bindingPath":{"path":"","propertyPath":"/AUART","modelName":"NewYardModel"},"interaction":{"idSuffix":"inner"}},"clearTextFirst":true,"interactionType":"ENTER_TEXT"}]}
RESULT: {"script":"<script> [776 bytes]","args":[{"enterText":"TA","selector":{"controlType":"sap.m.Input","viewName":"etm.portal.ui.manageyards.view.New","viewId":"application-manageyards-display-component---NewYard","bindingPath":{"path":"","propertyPath":"/AUART","modelName":"NewYardModel"},"interaction":{"idSuffix":"inner"}},"clearTextFirst":true,"interactionType":"ENTER_TEXT"}]}
COMMAND: POST /session/3637353f0f0366f06ffc96bdd6dcca04/execute/async - {"script":"<script> [1562 bytes]","args":[{"selector":{"id":"application-manageyards-display-component---NewYard--whmCheckBox","interaction":{"idSuffix":"CbBg"}},"wdio_ui5_key":"applicationmanageyards-display-component---NewYard--whmCheckBox"}]}
RESULT: {"script":"<script> [1562 bytes]","args":[{"selector":{"id":"application-manageyards-display-component---NewYard--whmCheckBox","interaction":{"idSuffix":"CbBg"}},"wdio_ui5_key":"applicationmanageyards-display-component---NewYard--whmCheckBox"}]}
RESULT: undefined
COMMAND: POST /session/3637353f0f0366f06ffc96bdd6dcca04/element - {"using":"xpath","value":"//*[@id=\"application-manageyards-display-component---NewYard--whmCheckBox\"]"}
RESULT: {"using":"xpath","value":"//*[@id=\"application-manageyards-display-component---NewYard--whmCheckBox\"]"}
COMMAND: POST /session/3637353f0f0366f06ffc96bdd6dcca04/element/f.FA5AA6ACA71DB73EA77ABAF269C4B101.d.ECBD467EF12EF5C524C95EBF57F98E55.e.15511/click - {}
RESULT: {}
COMMAND: POST /session/3637353f0f0366f06ffc96bdd6dcca04/execute/async - {"script":"<script> [1562 bytes]","args":[{"selector":{"controlType":"sap.m.Button","viewName":"etm.portal.ui.manageyards.view.New","viewId":"application-manageyards-display-component---NewYard","i18NText":{"propertyName":"text","key":"save"},"interaction":{"idSuffix":"BDI-content"}},"wdio_ui5_key":"etmportal.ui.manageyards.view.Newsap.m.Button{\"propertyName\":\"text\",\"key\":\"save\"}"}]}
COMMAND: GET /session/3637353f0f0366f06ffc96bdd6dcca04/screenshot - {}
RESULT: {"script":"<script> [1562 bytes]","args":[{"selector":{"controlType":"sap.m.Button","viewName":"etm.portal.ui.manageyards.view.New","viewId":"application-manageyards-display-component---NewYard","i18NText":{"propertyName":"text","key":"save"},"interaction":{"idSuffix":"BDI-content"}},"wdio_ui5_key":"etmportal.ui.manageyards.view.Newsap.m.Button{\"propertyName\":\"text\",\"key\":\"save\"}"}]}
RESULT: undefined
COMMAND: POST /session/3637353f0f0366f06ffc96bdd6dcca04/element - {"using":"xpath","value":"//*[@id=\"__button18\"]"}
RESULT: {}
RESULT: {"using":"xpath","value":"//*[@id=\"__button18\"]"}
COMMAND: POST /session/3637353f0f0366f06ffc96bdd6dcca04/element/f.FA5AA6ACA71DB73EA77ABAF269C4B101.d.ECBD467EF12EF5C524C95EBF57F98E55.e.15459/click - {}
RESULT: {}
COMMAND: GET /session/3637353f0f0366f06ffc96bdd6dcca04/screenshot - {}
RESULT: {}
COMMAND: POST /session/3637353f0f0366f06ffc96bdd6dcca04/execute/async - {"script":"<script> [1562 bytes]","args":[{"selector":{"controlType":"sap.m.Text","viewName":"etm.portal.ui.manageyards.view.Detail","viewId":"application-manageyards-display-component---detailYard","bindingPath":{"propertyPath":"ID","modelName":"catalogModel"}},"wdio_ui5_key":"etmportal.ui.manageyards.view.Detailsap.m.Text{\"propertyPath\":\"ID\",\"modelName\":\"catalogModel\"}"}]}
RESULT: {"script":"<script> [1562 bytes]","args":[{"selector":{"controlType":"sap.m.Text","viewName":"etm.portal.ui.manageyards.view.Detail","viewId":"application-manageyards-display-component---detailYard","bindingPath":{"propertyPath":"ID","modelName":"catalogModel"}},"wdio_ui5_key":"etmportal.ui.manageyards.view.Detailsap.m.Text{\"propertyPath\":\"ID\",\"modelName\":\"catalogModel\"}"}]}
RESULT: undefined
COMMAND: POST /session/3637353f0f0366f06ffc96bdd6dcca04/execute/async - {"script":"<script> [6424 bytes]","args":[{"element-6066-11e4-a52e-4f735466cecf":"f.FA5AA6ACA71DB73EA77ABAF269C4B101.d.ECBD467EF12EF5C524C95EBF57F98E55.e.15703"},"getText",[]]}
RESULT: {"script":"<script> [6424 bytes]","args":[{"element-6066-11e4-a52e-4f735466cecf":"f.FA5AA6ACA71DB73EA77ABAF269C4B101.d.ECBD467EF12EF5C524C95EBF57F98E55.e.15703"},"getText",[]]}
COMMAND: POST /session/3637353f0f0366f06ffc96bdd6dcca04/element - {"using":"css selector","value":"#shell-header-logo"}
RESULT: {"using":"css selector","value":"#shell-header-logo"}
COMMAND: POST /session/3637353f0f0366f06ffc96bdd6dcca04/element/f.FA5AA6ACA71DB73EA77ABAF269C4B101.d.ECBD467EF12EF5C524C95EBF57F98E55.e.14999/click - {}
RESULT: {}
COMMAND: GET /session/3637353f0f0366f06ffc96bdd6dcca04/screenshot - {}
RESULT: {}
]]></system-out>
    </testcase>
    <testcase classname="chrome.135_0_7049_96.windows.Return_from_Site_w/_warehouse_management_w/_clarification_US125588" name="Should create WHM site" time="67.867">
      <system-out><![CDATA[
COMMAND: POST /session/3637353f0f0366f06ffc96bdd6dcca04/execute/async - {"script":"<script> [1562 bytes]","args":[{"selector":{"controlType":"sap.m.GenericTile","properties":{"header":"Manage Sites"}},"wdio_ui5_key":"sapm.GenericTile{\"header\":\"Manage Sites\"}"}]}
RESULT: {"script":"<script> [1562 bytes]","args":[{"selector":{"controlType":"sap.m.GenericTile","properties":{"header":"Manage Sites"}},"wdio_ui5_key":"sapm.GenericTile{\"header\":\"Manage Sites\"}"}]}
RESULT: undefined
COMMAND: POST /session/3637353f0f0366f06ffc96bdd6dcca04/element - {"using":"xpath","value":"//*[@id=\"__tile40\"]"}
RESULT: {"using":"xpath","value":"//*[@id=\"__tile40\"]"}
COMMAND: POST /session/3637353f0f0366f06ffc96bdd6dcca04/element/f.FA5AA6ACA71DB73EA77ABAF269C4B101.d.ECBD467EF12EF5C524C95EBF57F98E55.e.15706/click - {}
RESULT: {}
COMMAND: GET /session/3637353f0f0366f06ffc96bdd6dcca04/screenshot - {}
COMMAND: POST /session/3637353f0f0366f06ffc96bdd6dcca04/execute/async - {"script":"<script> [1562 bytes]","args":[{"selector":{"controlType":"sap.ui.core.Icon","viewName":"etm.portal.ui.managesites.view.Master","viewId":"application-managesites-display-component---masterSite","properties":{"src":{"regex":{"source":"add"}}}},"wdio_ui5_key":"etmportal.ui.managesites.view.Mastersap.ui.core.Icon{\"src\":{\"regex\":{\"source\":\"add\"}}}"}]}
RESULT: {}
RESULT: {"script":"<script> [1562 bytes]","args":[{"selector":{"controlType":"sap.ui.core.Icon","viewName":"etm.portal.ui.managesites.view.Master","viewId":"application-managesites-display-component---masterSite","properties":{"src":{"regex":{"source":"add"}}}},"wdio_ui5_key":"etmportal.ui.managesites.view.Mastersap.ui.core.Icon{\"src\":{\"regex\":{\"source\":\"add\"}}}"}]}
RESULT: undefined
COMMAND: POST /session/3637353f0f0366f06ffc96bdd6dcca04/element - {"using":"xpath","value":"//*[@id=\"__button64-img\"]"}
RESULT: {"using":"xpath","value":"//*[@id=\"__button64-img\"]"}
COMMAND: POST /session/3637353f0f0366f06ffc96bdd6dcca04/element/f.FA5AA6ACA71DB73EA77ABAF269C4B101.d.ECBD467EF12EF5C524C95EBF57F98E55.e.15754/click - {}
RESULT: {}
COMMAND: GET /session/3637353f0f0366f06ffc96bdd6dcca04/screenshot - {}
COMMAND: POST /session/3637353f0f0366f06ffc96bdd6dcca04/execute/async - {"script":"<script> [1562 bytes]","args":[{"selector":{"controlType":"sap.m.Button","viewName":"etm.portal.ui.managesites.view.NewSmartSite","viewId":"application-managesites-display-component---NewSite","properties":{"text":"General Information"},"interaction":{"idSuffix":"BDI-content"}},"wdio_ui5_key":"etmportal.ui.managesites.view.NewSmartSitesap.m.Button{\"text\":\"General Information\"}"}]}
RESULT: {}
RESULT: {"script":"<script> [1562 bytes]","args":[{"selector":{"controlType":"sap.m.Button","viewName":"etm.portal.ui.managesites.view.NewSmartSite","viewId":"application-managesites-display-component---NewSite","properties":{"text":"General Information"},"interaction":{"idSuffix":"BDI-content"}},"wdio_ui5_key":"etmportal.ui.managesites.view.NewSmartSitesap.m.Button{\"text\":\"General Information\"}"}]}
RESULT: undefined
COMMAND: POST /session/3637353f0f0366f06ffc96bdd6dcca04/element - {"using":"xpath","value":"//*[@id=\"application-managesites-display-component---NewSite--ObjectPageLayout-anchBar-__section31-anchor\"]"}
RESULT: {"using":"xpath","value":"//*[@id=\"application-managesites-display-component---NewSite--ObjectPageLayout-anchBar-__section31-anchor\"]"}
COMMAND: POST /session/3637353f0f0366f06ffc96bdd6dcca04/element/f.FA5AA6ACA71DB73EA77ABAF269C4B101.d.ECBD467EF12EF5C524C95EBF57F98E55.e.16146/click - {}
RESULT: {}
COMMAND: POST /session/3637353f0f0366f06ffc96bdd6dcca04/execute/async - {"script":"<script> [1562 bytes]","args":[{"selector":{"id":"application-managesites-display-component---NewSite--addressDetailDetailsName1","interaction":{"idSuffix":"inner"}},"wdio_ui5_key":"applicationmanagesites-display-component---NewSite--addressDetailDetailsName1"}]}
COMMAND: GET /session/3637353f0f0366f06ffc96bdd6dcca04/screenshot - {}
RESULT: {"script":"<script> [1562 bytes]","args":[{"selector":{"id":"application-managesites-display-component---NewSite--addressDetailDetailsName1","interaction":{"idSuffix":"inner"}},"wdio_ui5_key":"applicationmanagesites-display-component---NewSite--addressDetailDetailsName1"}]}
RESULT: undefined
COMMAND: POST /session/3637353f0f0366f06ffc96bdd6dcca04/execute/async - {"script":"<script> [776 bytes]","args":[{"enterText":"WDI5 WHM Site","selector":{"id":"application-managesites-display-component---NewSite--addressDetailDetailsName1","interaction":{"idSuffix":"inner"}},"clearTextFirst":true,"interactionType":"ENTER_TEXT"}]}
RESULT: {}
RESULT: {"script":"<script> [776 bytes]","args":[{"enterText":"WDI5 WHM Site","selector":{"id":"application-managesites-display-component---NewSite--addressDetailDetailsName1","interaction":{"idSuffix":"inner"}},"clearTextFirst":true,"interactionType":"ENTER_TEXT"}]}
COMMAND: POST /session/3637353f0f0366f06ffc96bdd6dcca04/execute/async - {"script":"<script> [1562 bytes]","args":[{"selector":{"id":"application-managesites-display-component---NewSite--addressDetailDetailsLanguage","interaction":{"idSuffix":"inner"}},"wdio_ui5_key":"applicationmanagesites-display-component---NewSite--addressDetailDetailsLanguage"}]}
RESULT: {"script":"<script> [1562 bytes]","args":[{"selector":{"id":"application-managesites-display-component---NewSite--addressDetailDetailsLanguage","interaction":{"idSuffix":"inner"}},"wdio_ui5_key":"applicationmanagesites-display-component---NewSite--addressDetailDetailsLanguage"}]}
RESULT: undefined
COMMAND: POST /session/3637353f0f0366f06ffc96bdd6dcca04/execute/async - {"script":"<script> [776 bytes]","args":[{"enterText":"Romanian","selector":{"id":"application-managesites-display-component---NewSite--addressDetailDetailsLanguage","interaction":{"idSuffix":"inner"}},"clearTextFirst":true,"interactionType":"ENTER_TEXT"}]}
RESULT: {"script":"<script> [776 bytes]","args":[{"enterText":"Romanian","selector":{"id":"application-managesites-display-component---NewSite--addressDetailDetailsLanguage","interaction":{"idSuffix":"inner"}},"clearTextFirst":true,"interactionType":"ENTER_TEXT"}]}
COMMAND: POST /session/3637353f0f0366f06ffc96bdd6dcca04/execute/async - {"script":"<script> [1562 bytes]","args":[{"selector":{"id":"application-managesites-display-component---NewSite--addressDetailDetailsCity1","interaction":{"idSuffix":"inner"}},"wdio_ui5_key":"applicationmanagesites-display-component---NewSite--addressDetailDetailsCity1"}]}
RESULT: {"script":"<script> [1562 bytes]","args":[{"selector":{"id":"application-managesites-display-component---NewSite--addressDetailDetailsCity1","interaction":{"idSuffix":"inner"}},"wdio_ui5_key":"applicationmanagesites-display-component---NewSite--addressDetailDetailsCity1"}]}
RESULT: undefined
COMMAND: POST /session/3637353f0f0366f06ffc96bdd6dcca04/execute/async - {"script":"<script> [776 bytes]","args":[{"enterText":"Bucharest","selector":{"id":"application-managesites-display-component---NewSite--addressDetailDetailsCity1","interaction":{"idSuffix":"inner"}},"clearTextFirst":true,"interactionType":"ENTER_TEXT"}]}
RESULT: {"script":"<script> [776 bytes]","args":[{"enterText":"Bucharest","selector":{"id":"application-managesites-display-component---NewSite--addressDetailDetailsCity1","interaction":{"idSuffix":"inner"}},"clearTextFirst":true,"interactionType":"ENTER_TEXT"}]}
COMMAND: POST /session/3637353f0f0366f06ffc96bdd6dcca04/execute/async - {"script":"<script> [1562 bytes]","args":[{"selector":{"id":"application-managesites-display-component---NewSite--addressDetailDetailsCountry","interaction":{"idSuffix":"inner"}},"wdio_ui5_key":"applicationmanagesites-display-component---NewSite--addressDetailDetailsCountry"}]}
RESULT: {"script":"<script> [1562 bytes]","args":[{"selector":{"id":"application-managesites-display-component---NewSite--addressDetailDetailsCountry","interaction":{"idSuffix":"inner"}},"wdio_ui5_key":"applicationmanagesites-display-component---NewSite--addressDetailDetailsCountry"}]}
RESULT: undefined
COMMAND: POST /session/3637353f0f0366f06ffc96bdd6dcca04/execute/async - {"script":"<script> [6424 bytes]","args":[{"element-6066-11e4-a52e-4f735466cecf":"f.FA5AA6ACA71DB73EA77ABAF269C4B101.d.ECBD467EF12EF5C524C95EBF57F98E55.e.16000"},"setValue",["Romania"]]}
RESULT: {"script":"<script> [6424 bytes]","args":[{"element-6066-11e4-a52e-4f735466cecf":"f.FA5AA6ACA71DB73EA77ABAF269C4B101.d.ECBD467EF12EF5C524C95EBF57F98E55.e.16000"},"setValue",["Romania"]]}
COMMAND: POST /session/3637353f0f0366f06ffc96bdd6dcca04/execute/async - {"script":"<script> [1562 bytes]","args":[{"selector":{"id":"application-managesites-display-component---NewSite--addressDetailDetailsCalendar","interaction":{"idSuffix":"inner"}},"wdio_ui5_key":"applicationmanagesites-display-component---NewSite--addressDetailDetailsCalendar"}]}
RESULT: {"script":"<script> [1562 bytes]","args":[{"selector":{"id":"application-managesites-display-component---NewSite--addressDetailDetailsCalendar","interaction":{"idSuffix":"inner"}},"wdio_ui5_key":"applicationmanagesites-display-component---NewSite--addressDetailDetailsCalendar"}]}
RESULT: undefined
COMMAND: POST /session/3637353f0f0366f06ffc96bdd6dcca04/execute/async - {"script":"<script> [776 bytes]","args":[{"enterText":"8 - Germany (Standard)","selector":{"id":"application-managesites-display-component---NewSite--addressDetailDetailsCalendar","interaction":{"idSuffix":"inner"}},"clearTextFirst":true,"interactionType":"ENTER_TEXT"}]}
RESULT: {"script":"<script> [776 bytes]","args":[{"enterText":"8 - Germany (Standard)","selector":{"id":"application-managesites-display-component---NewSite--addressDetailDetailsCalendar","interaction":{"idSuffix":"inner"}},"clearTextFirst":true,"interactionType":"ENTER_TEXT"}]}
COMMAND: POST /session/3637353f0f0366f06ffc96bdd6dcca04/element - {"using":"xpath","value":"//input[@id=\"application-managesites-display-component---NewSite--addressDetailDetailsYard-inner\"]"}
RESULT: {"using":"xpath","value":"//input[@id=\"application-managesites-display-component---NewSite--addressDetailDetailsYard-inner\"]"}
COMMAND: POST /session/3637353f0f0366f06ffc96bdd6dcca04/element/f.FA5AA6ACA71DB73EA77ABAF269C4B101.d.ECBD467EF12EF5C524C95EBF57F98E55.e.16011/clear - {}
RESULT: {}
COMMAND: POST /session/3637353f0f0366f06ffc96bdd6dcca04/element/f.FA5AA6ACA71DB73EA77ABAF269C4B101.d.ECBD467EF12EF5C524C95EBF57F98E55.e.16011/value - {"text":"499"}
COMMAND: GET /session/3637353f0f0366f06ffc96bdd6dcca04/screenshot - {}
RESULT: {"text":"499"}
COMMAND: GET /session/3637353f0f0366f06ffc96bdd6dcca04/screenshot - {}
RESULT: {}
RESULT: {}
COMMAND: POST /session/3637353f0f0366f06ffc96bdd6dcca04/execute/async - {"script":"<script> [1562 bytes]","args":[{"selector":{"controlType":"sap.m.Button","viewName":"etm.portal.ui.managesites.view.NewSmartSite","viewId":"application-managesites-display-component---NewSite","properties":{"text":"Commercial"},"interaction":{"idSuffix":"BDI-content"}},"wdio_ui5_key":"etmportal.ui.managesites.view.NewSmartSitesap.m.Button{\"text\":\"Commercial\"}"}]}
RESULT: {"script":"<script> [1562 bytes]","args":[{"selector":{"controlType":"sap.m.Button","viewName":"etm.portal.ui.managesites.view.NewSmartSite","viewId":"application-managesites-display-component---NewSite","properties":{"text":"Commercial"},"interaction":{"idSuffix":"BDI-content"}},"wdio_ui5_key":"etmportal.ui.managesites.view.NewSmartSitesap.m.Button{\"text\":\"Commercial\"}"}]}
RESULT: undefined
COMMAND: POST /session/3637353f0f0366f06ffc96bdd6dcca04/element - {"using":"xpath","value":"//*[@id=\"application-managesites-display-component---NewSite--ObjectPageLayout-anchBar-__section33-anchor\"]"}
RESULT: {"using":"xpath","value":"//*[@id=\"application-managesites-display-component---NewSite--ObjectPageLayout-anchBar-__section33-anchor\"]"}
COMMAND: POST /session/3637353f0f0366f06ffc96bdd6dcca04/element/f.FA5AA6ACA71DB73EA77ABAF269C4B101.d.ECBD467EF12EF5C524C95EBF57F98E55.e.16169/click - {}
RESULT: {}
COMMAND: POST /session/3637353f0f0366f06ffc96bdd6dcca04/execute/async - {"script":"<script> [1562 bytes]","args":[{"selector":{"id":"application-managesites-display-component---NewSite--siteWhmCheckBox-label","interaction":{"idSuffix":"bdi"}},"wdio_ui5_key":"applicationmanagesites-display-component---NewSite--siteWhmCheckBox-label"}]}
COMMAND: GET /session/3637353f0f0366f06ffc96bdd6dcca04/screenshot - {}
RESULT: {"script":"<script> [1562 bytes]","args":[{"selector":{"id":"application-managesites-display-component---NewSite--siteWhmCheckBox-label","interaction":{"idSuffix":"bdi"}},"wdio_ui5_key":"applicationmanagesites-display-component---NewSite--siteWhmCheckBox-label"}]}
RESULT: undefined
COMMAND: POST /session/3637353f0f0366f06ffc96bdd6dcca04/element - {"using":"xpath","value":"//*[@id=\"application-managesites-display-component---NewSite--siteWhmCheckBox-label\"]"}
RESULT: {}
RESULT: {"using":"xpath","value":"//*[@id=\"application-managesites-display-component---NewSite--siteWhmCheckBox-label\"]"}
COMMAND: POST /session/3637353f0f0366f06ffc96bdd6dcca04/element/f.FA5AA6ACA71DB73EA77ABAF269C4B101.d.ECBD467EF12EF5C524C95EBF57F98E55.e.16178/click - {}
RESULT: {}
COMMAND: POST /session/3637353f0f0366f06ffc96bdd6dcca04/execute/async - {"script":"<script> [1562 bytes]","args":[{"selector":{"controlType":"sap.m.Button","viewName":"etm.portal.ui.managesites.view.NewSmartSite","viewId":"application-managesites-display-component---NewSite","i18NText":{"propertyName":"text","key":"save"},"interaction":{"idSuffix":"BDI-content"}},"wdio_ui5_key":"etmportal.ui.managesites.view.NewSmartSitesap.m.Button{\"propertyName\":\"text\",\"key\":\"save\"}"}]}
COMMAND: GET /session/3637353f0f0366f06ffc96bdd6dcca04/screenshot - {}
RESULT: {"script":"<script> [1562 bytes]","args":[{"selector":{"controlType":"sap.m.Button","viewName":"etm.portal.ui.managesites.view.NewSmartSite","viewId":"application-managesites-display-component---NewSite","i18NText":{"propertyName":"text","key":"save"},"interaction":{"idSuffix":"BDI-content"}},"wdio_ui5_key":"etmportal.ui.managesites.view.NewSmartSitesap.m.Button{\"propertyName\":\"text\",\"key\":\"save\"}"}]}
RESULT: undefined
COMMAND: POST /session/3637353f0f0366f06ffc96bdd6dcca04/element - {"using":"xpath","value":"//*[@id=\"__button76\"]"}
RESULT: {}
RESULT: {"using":"xpath","value":"//*[@id=\"__button76\"]"}
COMMAND: POST /session/3637353f0f0366f06ffc96bdd6dcca04/element/f.FA5AA6ACA71DB73EA77ABAF269C4B101.d.ECBD467EF12EF5C524C95EBF57F98E55.e.16132/click - {}
RESULT: {}
COMMAND: GET /session/3637353f0f0366f06ffc96bdd6dcca04/screenshot - {}
RESULT: {}
COMMAND: POST /session/3637353f0f0366f06ffc96bdd6dcca04/execute/async - {"script":"<script> [1562 bytes]","args":[{"selector":{"controlType":"sap.m.Text","viewName":"etm.portal.ui.managesites.view.Detail","viewId":"application-managesites-display-component---detailSite","bindingPath":{"propertyPath":"ID","modelName":"catalogModel"}},"wdio_ui5_key":"etmportal.ui.managesites.view.Detailsap.m.Text{\"propertyPath\":\"ID\",\"modelName\":\"catalogModel\"}"}]}
RESULT: {"script":"<script> [1562 bytes]","args":[{"selector":{"controlType":"sap.m.Text","viewName":"etm.portal.ui.managesites.view.Detail","viewId":"application-managesites-display-component---detailSite","bindingPath":{"propertyPath":"ID","modelName":"catalogModel"}},"wdio_ui5_key":"etmportal.ui.managesites.view.Detailsap.m.Text{\"propertyPath\":\"ID\",\"modelName\":\"catalogModel\"}"}]}
RESULT: undefined
COMMAND: POST /session/3637353f0f0366f06ffc96bdd6dcca04/execute/async - {"script":"<script> [6424 bytes]","args":[{"element-6066-11e4-a52e-4f735466cecf":"f.FA5AA6ACA71DB73EA77ABAF269C4B101.d.ECBD467EF12EF5C524C95EBF57F98E55.e.16371"},"getText",[]]}
RESULT: {"script":"<script> [6424 bytes]","args":[{"element-6066-11e4-a52e-4f735466cecf":"f.FA5AA6ACA71DB73EA77ABAF269C4B101.d.ECBD467EF12EF5C524C95EBF57F98E55.e.16371"},"getText",[]]}
COMMAND: POST /session/3637353f0f0366f06ffc96bdd6dcca04/execute/async - {"script":"<script> [1562 bytes]","args":[{"selector":{"controlType":"sap.m.Label","viewName":"etm.portal.ui.managesites.view.Detail","viewId":"application-managesites-display-component---detailSite","i18NText":{"propertyName":"text","key":"status"}},"wdio_ui5_key":"etmportal.ui.managesites.view.Detailsap.m.Label{\"propertyName\":\"text\",\"key\":\"status\"}"}]}
RESULT: {"script":"<script> [1562 bytes]","args":[{"selector":{"controlType":"sap.m.Label","viewName":"etm.portal.ui.managesites.view.Detail","viewId":"application-managesites-display-component---detailSite","i18NText":{"propertyName":"text","key":"status"}},"wdio_ui5_key":"etmportal.ui.managesites.view.Detailsap.m.Label{\"propertyName\":\"text\",\"key\":\"status\"}"}]}
RESULT: undefined
COMMAND: POST /session/3637353f0f0366f06ffc96bdd6dcca04/execute/async - {"script":"<script> [6424 bytes]","args":[{"element-6066-11e4-a52e-4f735466cecf":"f.FA5AA6ACA71DB73EA77ABAF269C4B101.d.ECBD467EF12EF5C524C95EBF57F98E55.e.16360"},"getText",[]]}
RESULT: {"script":"<script> [6424 bytes]","args":[{"element-6066-11e4-a52e-4f735466cecf":"f.FA5AA6ACA71DB73EA77ABAF269C4B101.d.ECBD467EF12EF5C524C95EBF57F98E55.e.16360"},"getText",[]]}
RESULT: undefined
COMMAND: POST /session/3637353f0f0366f06ffc96bdd6dcca04/element - {"using":"xpath","value":"//*[@id=\"shell-header\"]"}
RESULT: {"using":"xpath","value":"//*[@id=\"shell-header\"]"}
COMMAND: POST /session/3637353f0f0366f06ffc96bdd6dcca04/element/f.FA5AA6ACA71DB73EA77ABAF269C4B101.d.ECBD467EF12EF5C524C95EBF57F98E55.e.16372/click - {}
RESULT: {}
COMMAND: POST /session/3637353f0f0366f06ffc96bdd6dcca04/element - {"using":"css selector","value":"#shell-header-logo"}
COMMAND: GET /session/3637353f0f0366f06ffc96bdd6dcca04/screenshot - {}
RESULT: {"using":"css selector","value":"#shell-header-logo"}
COMMAND: POST /session/3637353f0f0366f06ffc96bdd6dcca04/element/f.FA5AA6ACA71DB73EA77ABAF269C4B101.d.ECBD467EF12EF5C524C95EBF57F98E55.e.15709/click - {}
RESULT: {}
RESULT: {}
]]></system-out>
    </testcase>
    <testcase classname="chrome.135_0_7049_96.windows.Return_from_Site_w/_warehouse_management_w/_clarification_US125588" name="Should create WHM Partner" time="63.612">
      <system-out><![CDATA[
COMMAND: POST /session/3637353f0f0366f06ffc96bdd6dcca04/execute/async - {"script":"<script> [1562 bytes]","args":[{"selector":{"controlType":"sap.m.GenericTile","properties":{"header":"Manage Partners"}},"wdio_ui5_key":"sapm.GenericTile{\"header\":\"Manage Partners\"}"}]}
COMMAND: GET /session/3637353f0f0366f06ffc96bdd6dcca04/screenshot - {}
RESULT: {"script":"<script> [1562 bytes]","args":[{"selector":{"controlType":"sap.m.GenericTile","properties":{"header":"Manage Partners"}},"wdio_ui5_key":"sapm.GenericTile{\"header\":\"Manage Partners\"}"}]}
RESULT: undefined
COMMAND: POST /session/3637353f0f0366f06ffc96bdd6dcca04/element - {"using":"xpath","value":"//*[@id=\"__tile38\"]"}
RESULT: {}
RESULT: {"using":"xpath","value":"//*[@id=\"__tile38\"]"}
COMMAND: POST /session/3637353f0f0366f06ffc96bdd6dcca04/element/f.FA5AA6ACA71DB73EA77ABAF269C4B101.d.ECBD467EF12EF5C524C95EBF57F98E55.e.16378/click - {}
RESULT: {}
COMMAND: GET /session/3637353f0f0366f06ffc96bdd6dcca04/screenshot - {}
RESULT: {}
COMMAND: POST /session/3637353f0f0366f06ffc96bdd6dcca04/element - {"using":"xpath","value":"//button[(@data-kt = 'addButton')]"}
RESULT: {"using":"xpath","value":"//button[(@data-kt = 'addButton')]"}
COMMAND: POST /session/3637353f0f0366f06ffc96bdd6dcca04/elements - {"using":"xpath","value":"//button[(@data-kt = 'addButton')]"}
RESULT: {"using":"xpath","value":"//button[(@data-kt = 'addButton')]"}
COMMAND: POST /session/3637353f0f0366f06ffc96bdd6dcca04/elements - {"using":"xpath","value":"//button[(@data-kt = 'addButton')]"}
RESULT: {"using":"xpath","value":"//button[(@data-kt = 'addButton')]"}
COMMAND: POST /session/3637353f0f0366f06ffc96bdd6dcca04/element - {"using":"xpath","value":"//button[(@data-kt = 'addButton')]"}
RESULT: {"using":"xpath","value":"//button[(@data-kt = 'addButton')]"}
COMMAND: POST /session/3637353f0f0366f06ffc96bdd6dcca04/element/f.FA5AA6ACA71DB73EA77ABAF269C4B101.d.ECBD467EF12EF5C524C95EBF57F98E55.e.16424/click - {}
RESULT: {}
COMMAND: POST /session/3637353f0f0366f06ffc96bdd6dcca04/execute/async - {"script":"<script> [1562 bytes]","args":[{"selector":{"id":"application-managepartners-display-component---NewPartner--addressDetailDetailsName1","interaction":{"idSuffix":"inner"}},"wdio_ui5_key":"applicationmanagepartners-display-component---NewPartner--addressDetailDetailsName1"}]}
COMMAND: GET /session/3637353f0f0366f06ffc96bdd6dcca04/screenshot - {}
RESULT: {"script":"<script> [1562 bytes]","args":[{"selector":{"id":"application-managepartners-display-component---NewPartner--addressDetailDetailsName1","interaction":{"idSuffix":"inner"}},"wdio_ui5_key":"applicationmanagepartners-display-component---NewPartner--addressDetailDetailsName1"}]}
RESULT: undefined
COMMAND: POST /session/3637353f0f0366f06ffc96bdd6dcca04/execute/async - {"script":"<script> [776 bytes]","args":[{"enterText":"WDI5-Partners","selector":{"id":"application-managepartners-display-component---NewPartner--addressDetailDetailsName1","interaction":{"idSuffix":"inner"}},"clearTextFirst":true,"interactionType":"ENTER_TEXT"}]}
RESULT: {}
RESULT: {"script":"<script> [776 bytes]","args":[{"enterText":"WDI5-Partners","selector":{"id":"application-managepartners-display-component---NewPartner--addressDetailDetailsName1","interaction":{"idSuffix":"inner"}},"clearTextFirst":true,"interactionType":"ENTER_TEXT"}]}
COMMAND: POST /session/3637353f0f0366f06ffc96bdd6dcca04/execute/async - {"script":"<script> [1562 bytes]","args":[{"selector":{"id":"application-managepartners-display-component---NewPartner--addressDetailDetailsLanguage-arrow"},"wdio_ui5_key":"applicationmanagepartners-display-component---NewPartner--addressDetailDetailsLanguage-arrow"}]}
RESULT: {"script":"<script> [1562 bytes]","args":[{"selector":{"id":"application-managepartners-display-component---NewPartner--addressDetailDetailsLanguage-arrow"},"wdio_ui5_key":"applicationmanagepartners-display-component---NewPartner--addressDetailDetailsLanguage-arrow"}]}
RESULT: undefined
COMMAND: POST /session/3637353f0f0366f06ffc96bdd6dcca04/element - {"using":"xpath","value":"//*[@id=\"application-managepartners-display-component---NewPartner--addressDetailDetailsLanguage-arrow\"]"}
RESULT: {"using":"xpath","value":"//*[@id=\"application-managepartners-display-component---NewPartner--addressDetailDetailsLanguage-arrow\"]"}
COMMAND: POST /session/3637353f0f0366f06ffc96bdd6dcca04/element/f.FA5AA6ACA71DB73EA77ABAF269C4B101.d.ECBD467EF12EF5C524C95EBF57F98E55.e.16841/click - {}
RESULT: {}
COMMAND: POST /session/3637353f0f0366f06ffc96bdd6dcca04/execute/async - {"script":"<script> [1562 bytes]","args":[{"selector":{"controlType":"sap.m.StandardListItem","viewName":"etm.portal.ui.managepartners.view.NewPartner","viewId":"application-managepartners-display-component---NewPartner","properties":{"title":"English"},"searchOpenDialogs":true,"interaction":{"idSuffix":"content"}},"wdio_ui5_key":"etmportal.ui.managepartners.view.NewPartnersap.m.StandardListItem{\"title\":\"English\"}"}]}
COMMAND: GET /session/3637353f0f0366f06ffc96bdd6dcca04/screenshot - {}
RESULT: {"script":"<script> [1562 bytes]","args":[{"selector":{"controlType":"sap.m.StandardListItem","viewName":"etm.portal.ui.managepartners.view.NewPartner","viewId":"application-managepartners-display-component---NewPartner","properties":{"title":"English"},"searchOpenDialogs":true,"interaction":{"idSuffix":"content"}},"wdio_ui5_key":"etmportal.ui.managepartners.view.NewPartnersap.m.StandardListItem{\"title\":\"English\"}"}]}
RESULT: undefined
COMMAND: POST /session/3637353f0f0366f06ffc96bdd6dcca04/element - {"using":"xpath","value":"//*[@id=\"__item1277\"]"}
RESULT: {}
RESULT: {"using":"xpath","value":"//*[@id=\"__item1277\"]"}
COMMAND: POST /session/3637353f0f0366f06ffc96bdd6dcca04/element/f.FA5AA6ACA71DB73EA77ABAF269C4B101.d.ECBD467EF12EF5C524C95EBF57F98E55.e.16843/click - {}
RESULT: {}
COMMAND: POST /session/3637353f0f0366f06ffc96bdd6dcca04/execute/async - {"script":"<script> [1562 bytes]","args":[{"selector":{"id":"application-managepartners-display-component---NewPartner--addressDetailDetailsCity1","interaction":{"idSuffix":"inner"}},"wdio_ui5_key":"applicationmanagepartners-display-component---NewPartner--addressDetailDetailsCity1"}]}
COMMAND: GET /session/3637353f0f0366f06ffc96bdd6dcca04/screenshot - {}
RESULT: {"script":"<script> [1562 bytes]","args":[{"selector":{"id":"application-managepartners-display-component---NewPartner--addressDetailDetailsCity1","interaction":{"idSuffix":"inner"}},"wdio_ui5_key":"applicationmanagepartners-display-component---NewPartner--addressDetailDetailsCity1"}]}
RESULT: undefined
COMMAND: POST /session/3637353f0f0366f06ffc96bdd6dcca04/execute/async - {"script":"<script> [776 bytes]","args":[{"enterText":"Bangalore","selector":{"id":"application-managepartners-display-component---NewPartner--addressDetailDetailsCity1","interaction":{"idSuffix":"inner"}},"clearTextFirst":true,"interactionType":"ENTER_TEXT"}]}
RESULT: {}
RESULT: {"script":"<script> [776 bytes]","args":[{"enterText":"Bangalore","selector":{"id":"application-managepartners-display-component---NewPartner--addressDetailDetailsCity1","interaction":{"idSuffix":"inner"}},"clearTextFirst":true,"interactionType":"ENTER_TEXT"}]}
COMMAND: POST /session/3637353f0f0366f06ffc96bdd6dcca04/execute/async - {"script":"<script> [1562 bytes]","args":[{"selector":{"id":"application-managepartners-display-component---NewPartner--addressDetailDetailsCountry-arrow"},"wdio_ui5_key":"applicationmanagepartners-display-component---NewPartner--addressDetailDetailsCountry-arrow"}]}
RESULT: {"script":"<script> [1562 bytes]","args":[{"selector":{"id":"application-managepartners-display-component---NewPartner--addressDetailDetailsCountry-arrow"},"wdio_ui5_key":"applicationmanagepartners-display-component---NewPartner--addressDetailDetailsCountry-arrow"}]}
RESULT: undefined
COMMAND: POST /session/3637353f0f0366f06ffc96bdd6dcca04/element - {"using":"xpath","value":"//*[@id=\"application-managepartners-display-component---NewPartner--addressDetailDetailsCountry-arrow\"]"}
RESULT: {"using":"xpath","value":"//*[@id=\"application-managepartners-display-component---NewPartner--addressDetailDetailsCountry-arrow\"]"}
COMMAND: POST /session/3637353f0f0366f06ffc96bdd6dcca04/element/f.FA5AA6ACA71DB73EA77ABAF269C4B101.d.ECBD467EF12EF5C524C95EBF57F98E55.e.16845/click - {}
RESULT: {}
COMMAND: POST /session/3637353f0f0366f06ffc96bdd6dcca04/execute/async - {"script":"<script> [1562 bytes]","args":[{"selector":{"id":"application-managepartners-display-component---NewPartner--addressDetailDetailsCountry","interaction":{"idSuffix":"inner"}},"wdio_ui5_key":"applicationmanagepartners-display-component---NewPartner--addressDetailDetailsCountry"}]}
COMMAND: GET /session/3637353f0f0366f06ffc96bdd6dcca04/screenshot - {}
RESULT: {"script":"<script> [1562 bytes]","args":[{"selector":{"id":"application-managepartners-display-component---NewPartner--addressDetailDetailsCountry","interaction":{"idSuffix":"inner"}},"wdio_ui5_key":"applicationmanagepartners-display-component---NewPartner--addressDetailDetailsCountry"}]}
RESULT: undefined
COMMAND: POST /session/3637353f0f0366f06ffc96bdd6dcca04/execute/async - {"script":"<script> [776 bytes]","args":[{"enterText":"India","selector":{"id":"application-managepartners-display-component---NewPartner--addressDetailDetailsCountry","interaction":{"idSuffix":"inner"}},"clearTextFirst":true,"interactionType":"ENTER_TEXT"}]}
RESULT: {}
RESULT: {"script":"<script> [776 bytes]","args":[{"enterText":"India","selector":{"id":"application-managepartners-display-component---NewPartner--addressDetailDetailsCountry","interaction":{"idSuffix":"inner"}},"clearTextFirst":true,"interactionType":"ENTER_TEXT"}]}
COMMAND: POST /session/3637353f0f0366f06ffc96bdd6dcca04/execute/async - {"script":"<script> [1562 bytes]","args":[{"selector":{"controlType":"sap.m.StandardListItem","viewName":"etm.portal.ui.managepartners.view.NewPartner","viewId":"application-managepartners-display-component---NewPartner","properties":{"title":"India"},"searchOpenDialogs":true,"interaction":{"idSuffix":"content"}},"wdio_ui5_key":"etmportal.ui.managepartners.view.NewPartnersap.m.StandardListItem{\"title\":\"India\"}"}]}
RESULT: {"script":"<script> [1562 bytes]","args":[{"selector":{"controlType":"sap.m.StandardListItem","viewName":"etm.portal.ui.managepartners.view.NewPartner","viewId":"application-managepartners-display-component---NewPartner","properties":{"title":"India"},"searchOpenDialogs":true,"interaction":{"idSuffix":"content"}},"wdio_ui5_key":"etmportal.ui.managepartners.view.NewPartnersap.m.StandardListItem{\"title\":\"India\"}"}]}
RESULT: undefined
COMMAND: POST /session/3637353f0f0366f06ffc96bdd6dcca04/execute/async - {"script":"<script> [1562 bytes]","args":[{"selector":{"controlType":"sap.m.Button","viewName":"etm.portal.ui.managepartners.view.NewPartner","viewId":"application-managepartners-display-component---NewPartner","properties":{"text":"Commercial"},"interaction":{"idSuffix":"BDI-content"}},"wdio_ui5_key":"etmportal.ui.managepartners.view.NewPartnersap.m.Button{\"text\":\"Commercial\"}"}]}
RESULT: {"script":"<script> [1562 bytes]","args":[{"selector":{"controlType":"sap.m.Button","viewName":"etm.portal.ui.managepartners.view.NewPartner","viewId":"application-managepartners-display-component---NewPartner","properties":{"text":"Commercial"},"interaction":{"idSuffix":"BDI-content"}},"wdio_ui5_key":"etmportal.ui.managepartners.view.NewPartnersap.m.Button{\"text\":\"Commercial\"}"}]}
RESULT: undefined
COMMAND: POST /session/3637353f0f0366f06ffc96bdd6dcca04/element - {"using":"xpath","value":"//*[@id=\"application-managepartners-display-component---NewPartner--ObjectPageLayout-anchBar-__section57-anchor\"]"}
RESULT: {"using":"xpath","value":"//*[@id=\"application-managepartners-display-component---NewPartner--ObjectPageLayout-anchBar-__section57-anchor\"]"}
COMMAND: POST /session/3637353f0f0366f06ffc96bdd6dcca04/element/f.FA5AA6ACA71DB73EA77ABAF269C4B101.d.ECBD467EF12EF5C524C95EBF57F98E55.e.16850/click - {}
RESULT: {}
COMMAND: POST /session/3637353f0f0366f06ffc96bdd6dcca04/execute/async - {"script":"<script> [1562 bytes]","args":[{"selector":{"id":"application-managepartners-display-component---NewPartner--partnerDetailInternal-arrow"},"wdio_ui5_key":"applicationmanagepartners-display-component---NewPartner--partnerDetailInternal-arrow"}]}
COMMAND: GET /session/3637353f0f0366f06ffc96bdd6dcca04/screenshot - {}
RESULT: {"script":"<script> [1562 bytes]","args":[{"selector":{"id":"application-managepartners-display-component---NewPartner--partnerDetailInternal-arrow"},"wdio_ui5_key":"applicationmanagepartners-display-component---NewPartner--partnerDetailInternal-arrow"}]}
RESULT: undefined
COMMAND: POST /session/3637353f0f0366f06ffc96bdd6dcca04/element - {"using":"xpath","value":"//*[@id=\"application-managepartners-display-component---NewPartner--partnerDetailInternal-arrow\"]"}
RESULT: {}
RESULT: {"using":"xpath","value":"//*[@id=\"application-managepartners-display-component---NewPartner--partnerDetailInternal-arrow\"]"}
COMMAND: POST /session/3637353f0f0366f06ffc96bdd6dcca04/element/f.FA5AA6ACA71DB73EA77ABAF269C4B101.d.ECBD467EF12EF5C524C95EBF57F98E55.e.16857/click - {}
RESULT: {}
COMMAND: POST /session/3637353f0f0366f06ffc96bdd6dcca04/execute/async - {"script":"<script> [1562 bytes]","args":[{"selector":{"controlType":"sap.m.StandardListItem","viewName":"etm.portal.ui.managepartners.view.NewPartner","viewId":"application-managepartners-display-component---NewPartner","properties":{"title":"External partner"},"searchOpenDialogs":true,"interaction":{"idSuffix":"content"}},"wdio_ui5_key":"etmportal.ui.managepartners.view.NewPartnersap.m.StandardListItem{\"title\":\"External partner\"}"}]}
COMMAND: GET /session/3637353f0f0366f06ffc96bdd6dcca04/screenshot - {}
RESULT: {"script":"<script> [1562 bytes]","args":[{"selector":{"controlType":"sap.m.StandardListItem","viewName":"etm.portal.ui.managepartners.view.NewPartner","viewId":"application-managepartners-display-component---NewPartner","properties":{"title":"External partner"},"searchOpenDialogs":true,"interaction":{"idSuffix":"content"}},"wdio_ui5_key":"etmportal.ui.managepartners.view.NewPartnersap.m.StandardListItem{\"title\":\"External partner\"}"}]}
RESULT: undefined
COMMAND: POST /session/3637353f0f0366f06ffc96bdd6dcca04/element - {"using":"xpath","value":"//*[@id=\"__item1411\"]"}
RESULT: {}
RESULT: {"using":"xpath","value":"//*[@id=\"__item1411\"]"}
COMMAND: POST /session/3637353f0f0366f06ffc96bdd6dcca04/element/f.FA5AA6ACA71DB73EA77ABAF269C4B101.d.ECBD467EF12EF5C524C95EBF57F98E55.e.16859/click - {}
RESULT: {}
COMMAND: POST /session/3637353f0f0366f06ffc96bdd6dcca04/execute/async - {"script":"<script> [1562 bytes]","args":[{"selector":{"id":"application-managepartners-display-component---NewPartner--partnerDetailsCurrency-arrow"},"wdio_ui5_key":"applicationmanagepartners-display-component---NewPartner--partnerDetailsCurrency-arrow"}]}
COMMAND: GET /session/3637353f0f0366f06ffc96bdd6dcca04/screenshot - {}
RESULT: {"script":"<script> [1562 bytes]","args":[{"selector":{"id":"application-managepartners-display-component---NewPartner--partnerDetailsCurrency-arrow"},"wdio_ui5_key":"applicationmanagepartners-display-component---NewPartner--partnerDetailsCurrency-arrow"}]}
RESULT: undefined
COMMAND: POST /session/3637353f0f0366f06ffc96bdd6dcca04/element - {"using":"xpath","value":"//*[@id=\"application-managepartners-display-component---NewPartner--partnerDetailsCurrency-arrow\"]"}
RESULT: {}
RESULT: {"using":"xpath","value":"//*[@id=\"application-managepartners-display-component---NewPartner--partnerDetailsCurrency-arrow\"]"}
COMMAND: POST /session/3637353f0f0366f06ffc96bdd6dcca04/element/f.FA5AA6ACA71DB73EA77ABAF269C4B101.d.ECBD467EF12EF5C524C95EBF57F98E55.e.16864/click - {}
RESULT: {}
COMMAND: POST /session/3637353f0f0366f06ffc96bdd6dcca04/execute/async - {"script":"<script> [1562 bytes]","args":[{"selector":{"controlType":"sap.m.StandardListItem","viewName":"etm.portal.ui.managepartners.view.NewPartner","viewId":"application-managepartners-display-component---NewPartner","properties":{"title":"Euro"},"searchOpenDialogs":true,"interaction":{"idSuffix":"content"}},"wdio_ui5_key":"etmportal.ui.managepartners.view.NewPartnersap.m.StandardListItem{\"title\":\"Euro\"}"}]}
COMMAND: GET /session/3637353f0f0366f06ffc96bdd6dcca04/screenshot - {}
RESULT: {"script":"<script> [1562 bytes]","args":[{"selector":{"controlType":"sap.m.StandardListItem","viewName":"etm.portal.ui.managepartners.view.NewPartner","viewId":"application-managepartners-display-component---NewPartner","properties":{"title":"Euro"},"searchOpenDialogs":true,"interaction":{"idSuffix":"content"}},"wdio_ui5_key":"etmportal.ui.managepartners.view.NewPartnersap.m.StandardListItem{\"title\":\"Euro\"}"}]}
RESULT: undefined
COMMAND: POST /session/3637353f0f0366f06ffc96bdd6dcca04/element - {"using":"xpath","value":"//*[@id=\"__item1413\"]"}
RESULT: {}
RESULT: {"using":"xpath","value":"//*[@id=\"__item1413\"]"}
COMMAND: POST /session/3637353f0f0366f06ffc96bdd6dcca04/element/f.FA5AA6ACA71DB73EA77ABAF269C4B101.d.ECBD467EF12EF5C524C95EBF57F98E55.e.16866/click - {}
RESULT: {}
COMMAND: POST /session/3637353f0f0366f06ffc96bdd6dcca04/execute/async - {"script":"<script> [1562 bytes]","args":[{"selector":{"controlType":"sap.m.Button","viewName":"etm.portal.ui.managepartners.view.NewPartner","viewId":"application-managepartners-display-component---NewPartner","properties":{"text":"Assignments"},"interaction":{"idSuffix":"BDI-content"}},"wdio_ui5_key":"etmportal.ui.managepartners.view.NewPartnersap.m.Button{\"text\":\"Assignments\"}"}]}
COMMAND: GET /session/3637353f0f0366f06ffc96bdd6dcca04/screenshot - {}
RESULT: {"script":"<script> [1562 bytes]","args":[{"selector":{"controlType":"sap.m.Button","viewName":"etm.portal.ui.managepartners.view.NewPartner","viewId":"application-managepartners-display-component---NewPartner","properties":{"text":"Assignments"},"interaction":{"idSuffix":"BDI-content"}},"wdio_ui5_key":"etmportal.ui.managepartners.view.NewPartnersap.m.Button{\"text\":\"Assignments\"}"}]}
RESULT: undefined
COMMAND: POST /session/3637353f0f0366f06ffc96bdd6dcca04/element - {"using":"xpath","value":"//*[@id=\"application-managepartners-display-component---NewPartner--ObjectPageLayout-anchBar-__section61-anchor\"]"}
RESULT: {}
RESULT: {"using":"xpath","value":"//*[@id=\"application-managepartners-display-component---NewPartner--ObjectPageLayout-anchBar-__section61-anchor\"]"}
COMMAND: POST /session/3637353f0f0366f06ffc96bdd6dcca04/element/f.FA5AA6ACA71DB73EA77ABAF269C4B101.d.ECBD467EF12EF5C524C95EBF57F98E55.e.16868/click - {}
RESULT: {}
COMMAND: POST /session/3637353f0f0366f06ffc96bdd6dcca04/execute/async - {"script":"<script> [1562 bytes]","args":[{"selector":{"id":"application-managepartners-display-component---NewPartner--btnAddTableRow","interaction":{"idSuffix":"inner"}},"wdio_ui5_key":"applicationmanagepartners-display-component---NewPartner--btnAddTableRow"}]}
COMMAND: GET /session/3637353f0f0366f06ffc96bdd6dcca04/screenshot - {}
RESULT: {"script":"<script> [1562 bytes]","args":[{"selector":{"id":"application-managepartners-display-component---NewPartner--btnAddTableRow","interaction":{"idSuffix":"inner"}},"wdio_ui5_key":"applicationmanagepartners-display-component---NewPartner--btnAddTableRow"}]}
RESULT: undefined
COMMAND: POST /session/3637353f0f0366f06ffc96bdd6dcca04/element - {"using":"xpath","value":"//*[@id=\"application-managepartners-display-component---NewPartner--btnAddTableRow\"]"}
RESULT: {}
RESULT: {"using":"xpath","value":"//*[@id=\"application-managepartners-display-component---NewPartner--btnAddTableRow\"]"}
COMMAND: POST /session/3637353f0f0366f06ffc96bdd6dcca04/element/f.FA5AA6ACA71DB73EA77ABAF269C4B101.d.ECBD467EF12EF5C524C95EBF57F98E55.e.16873/click - {}
RESULT: {}
COMMAND: POST /session/3637353f0f0366f06ffc96bdd6dcca04/element - {"using":"css selector","value":"#application-managepartners-display-component---NewPartner--assignmentYard-application-managepartners-display-component---NewPartner--assignmentsTable-0-inner"}
COMMAND: GET /session/3637353f0f0366f06ffc96bdd6dcca04/screenshot - {}
RESULT: {"using":"css selector","value":"#application-managepartners-display-component---NewPartner--assignmentYard-application-managepartners-display-component---NewPartner--assignmentsTable-0-inner"}
COMMAND: POST /session/3637353f0f0366f06ffc96bdd6dcca04/element/f.FA5AA6ACA71DB73EA77ABAF269C4B101.d.ECBD467EF12EF5C524C95EBF57F98E55.e.16876/clear - {}
RESULT: {}
RESULT: {}
COMMAND: POST /session/3637353f0f0366f06ffc96bdd6dcca04/element/f.FA5AA6ACA71DB73EA77ABAF269C4B101.d.ECBD467EF12EF5C524C95EBF57F98E55.e.16876/value - {"text":"499"}
COMMAND: GET /session/3637353f0f0366f06ffc96bdd6dcca04/screenshot - {}
RESULT: {"text":"499"}
COMMAND: POST /session/3637353f0f0366f06ffc96bdd6dcca04/execute/async - {"script":"<script> [1562 bytes]","args":[{"selector":{"id":"application-managepartners-display-component---NewPartner--assignmentYard-application-managepartners-display-component---NewPartner--assignmentsTable-0-arrow"},"wdio_ui5_key":"applicationmanagepartners-display-component---NewPartner--assignmentYard-application-managepartners-display-component---NewPartner--assignmentsTable-0-arrow"}]}
COMMAND: GET /session/3637353f0f0366f06ffc96bdd6dcca04/screenshot - {}
RESULT: {}
RESULT: {"script":"<script> [1562 bytes]","args":[{"selector":{"id":"application-managepartners-display-component---NewPartner--assignmentYard-application-managepartners-display-component---NewPartner--assignmentsTable-0-arrow"},"wdio_ui5_key":"applicationmanagepartners-display-component---NewPartner--assignmentYard-application-managepartners-display-component---NewPartner--assignmentsTable-0-arrow"}]}
RESULT: undefined
COMMAND: POST /session/3637353f0f0366f06ffc96bdd6dcca04/element - {"using":"xpath","value":"//*[@id=\"application-managepartners-display-component---NewPartner--assignmentYard-application-managepartners-display-component---NewPartner--assignmentsTable-0-arrow\"]"}
RESULT: {}
RESULT: {"using":"xpath","value":"//*[@id=\"application-managepartners-display-component---NewPartner--assignmentYard-application-managepartners-display-component---NewPartner--assignmentsTable-0-arrow\"]"}
COMMAND: POST /session/3637353f0f0366f06ffc96bdd6dcca04/element/f.FA5AA6ACA71DB73EA77ABAF269C4B101.d.ECBD467EF12EF5C524C95EBF57F98E55.e.16884/click - {}
RESULT: {}
COMMAND: GET /session/3637353f0f0366f06ffc96bdd6dcca04/screenshot - {}
RESULT: {}
COMMAND: POST /session/3637353f0f0366f06ffc96bdd6dcca04/execute/async - {"script":"<script> [1562 bytes]","args":[{"selector":{"controlType":"sap.m.Button","viewName":"etm.portal.ui.managepartners.view.NewPartner","viewId":"application-managepartners-display-component---NewPartner","i18NText":{"propertyName":"text","key":"save"},"interaction":{"idSuffix":"BDI-content"}},"wdio_ui5_key":"etmportal.ui.managepartners.view.NewPartnersap.m.Button{\"propertyName\":\"text\",\"key\":\"save\"}"}]}
RESULT: {"script":"<script> [1562 bytes]","args":[{"selector":{"controlType":"sap.m.Button","viewName":"etm.portal.ui.managepartners.view.NewPartner","viewId":"application-managepartners-display-component---NewPartner","i18NText":{"propertyName":"text","key":"save"},"interaction":{"idSuffix":"BDI-content"}},"wdio_ui5_key":"etmportal.ui.managepartners.view.NewPartnersap.m.Button{\"propertyName\":\"text\",\"key\":\"save\"}"}]}
RESULT: undefined
COMMAND: POST /session/3637353f0f0366f06ffc96bdd6dcca04/element - {"using":"xpath","value":"//*[@id=\"__button127\"]"}
RESULT: {"using":"xpath","value":"//*[@id=\"__button127\"]"}
COMMAND: POST /session/3637353f0f0366f06ffc96bdd6dcca04/element/f.FA5AA6ACA71DB73EA77ABAF269C4B101.d.ECBD467EF12EF5C524C95EBF57F98E55.e.16774/click - {}
RESULT: {}
COMMAND: GET /session/3637353f0f0366f06ffc96bdd6dcca04/screenshot - {}
RESULT: {}
COMMAND: POST /session/3637353f0f0366f06ffc96bdd6dcca04/execute/async - {"script":"<script> [1562 bytes]","args":[{"selector":{"controlType":"sap.m.Text","viewName":"etm.portal.ui.managepartners.view.Detail","viewId":"application-managepartners-display-component---detailPtm","bindingPath":{"propertyPath":"ID","modelName":"catalogModel"}},"wdio_ui5_key":"etmportal.ui.managepartners.view.Detailsap.m.Text{\"propertyPath\":\"ID\",\"modelName\":\"catalogModel\"}"}]}
RESULT: {"script":"<script> [1562 bytes]","args":[{"selector":{"controlType":"sap.m.Text","viewName":"etm.portal.ui.managepartners.view.Detail","viewId":"application-managepartners-display-component---detailPtm","bindingPath":{"propertyPath":"ID","modelName":"catalogModel"}},"wdio_ui5_key":"etmportal.ui.managepartners.view.Detailsap.m.Text{\"propertyPath\":\"ID\",\"modelName\":\"catalogModel\"}"}]}
RESULT: undefined
COMMAND: POST /session/3637353f0f0366f06ffc96bdd6dcca04/execute/async - {"script":"<script> [6424 bytes]","args":[{"element-6066-11e4-a52e-4f735466cecf":"f.FA5AA6ACA71DB73EA77ABAF269C4B101.d.ECBD467EF12EF5C524C95EBF57F98E55.e.17046"},"getText",[]]}
RESULT: {"script":"<script> [6424 bytes]","args":[{"element-6066-11e4-a52e-4f735466cecf":"f.FA5AA6ACA71DB73EA77ABAF269C4B101.d.ECBD467EF12EF5C524C95EBF57F98E55.e.17046"},"getText",[]]}
COMMAND: POST /session/3637353f0f0366f06ffc96bdd6dcca04/element - {"using":"css selector","value":"#shell-header-logo"}
RESULT: {"using":"css selector","value":"#shell-header-logo"}
COMMAND: POST /session/3637353f0f0366f06ffc96bdd6dcca04/element/f.FA5AA6ACA71DB73EA77ABAF269C4B101.d.ECBD467EF12EF5C524C95EBF57F98E55.e.16380/click - {}
RESULT: {}
]]></system-out>
    </testcase>
    <testcase classname="chrome.135_0_7049_96.windows.Return_from_Site_w/_warehouse_management_w/_clarification_US125588" name="Should create a new WHM Material" time="92.479">
      <system-out><![CDATA[
COMMAND: POST /session/3637353f0f0366f06ffc96bdd6dcca04/execute/async - {"script":"<script> [1562 bytes]","args":[{"selector":{"controlType":"sap.m.GenericTile","properties":{"header":"Manage Resources"}},"wdio_ui5_key":"sapm.GenericTile{\"header\":\"Manage Resources\"}"}]}
COMMAND: GET /session/3637353f0f0366f06ffc96bdd6dcca04/screenshot - {}
RESULT: {"script":"<script> [1562 bytes]","args":[{"selector":{"controlType":"sap.m.GenericTile","properties":{"header":"Manage Resources"}},"wdio_ui5_key":"sapm.GenericTile{\"header\":\"Manage Resources\"}"}]}
RESULT: undefined
COMMAND: POST /session/3637353f0f0366f06ffc96bdd6dcca04/element - {"using":"xpath","value":"//*[@id=\"__tile39\"]"}
RESULT: {}
RESULT: {"using":"xpath","value":"//*[@id=\"__tile39\"]"}
COMMAND: POST /session/3637353f0f0366f06ffc96bdd6dcca04/element/f.FA5AA6ACA71DB73EA77ABAF269C4B101.d.ECBD467EF12EF5C524C95EBF57F98E55.e.17048/click - {}
RESULT: {}
COMMAND: POST /session/3637353f0f0366f06ffc96bdd6dcca04/execute/async - {"script":"<script> [1562 bytes]","args":[{"selector":{"controlType":"sap.m.OverflowToolbarButton","viewName":"etm.portal.ui.manageresources.view.Master","viewId":"application-manageresources-display-component---masterRU","bindingPath":{"path":"","propertyPath":"/isLogbook","modelName":"minimumStockRPGModel"},"interaction":{"idSuffix":"inner"}},"wdio_ui5_key":"etmportal.ui.manageresources.view.Mastersap.m.OverflowToolbarButton{\"path\":\"\",\"propertyPath\":\"/isLogbook\",\"modelName\":\"minimumStockRPGModel\"}"}]}
COMMAND: GET /session/3637353f0f0366f06ffc96bdd6dcca04/screenshot - {}
RESULT: {"script":"<script> [1562 bytes]","args":[{"selector":{"controlType":"sap.m.OverflowToolbarButton","viewName":"etm.portal.ui.manageresources.view.Master","viewId":"application-manageresources-display-component---masterRU","bindingPath":{"path":"","propertyPath":"/isLogbook","modelName":"minimumStockRPGModel"},"interaction":{"idSuffix":"inner"}},"wdio_ui5_key":"etmportal.ui.manageresources.view.Mastersap.m.OverflowToolbarButton{\"path\":\"\",\"propertyPath\":\"/isLogbook\",\"modelName\":\"minimumStockRPGModel\"}"}]}
RESULT: undefined
COMMAND: POST /session/3637353f0f0366f06ffc96bdd6dcca04/element - {"using":"xpath","value":"//*[@id=\"__button168\"]"}
RESULT: {}
RESULT: {"using":"xpath","value":"//*[@id=\"__button168\"]"}
COMMAND: POST /session/3637353f0f0366f06ffc96bdd6dcca04/element/f.FA5AA6ACA71DB73EA77ABAF269C4B101.d.ECBD467EF12EF5C524C95EBF57F98E55.e.17089/click - {}
RESULT: {}
COMMAND: GET /session/3637353f0f0366f06ffc96bdd6dcca04/screenshot - {}
COMMAND: POST /session/3637353f0f0366f06ffc96bdd6dcca04/execute/async - {"script":"<script> [1562 bytes]","args":[{"selector":{"id":"application-manageresources-display-component---newResourceUnit--TYPE-arrow"},"wdio_ui5_key":"applicationmanageresources-display-component---newResourceUnit--TYPE-arrow"}]}
RESULT: {}
RESULT: {"script":"<script> [1562 bytes]","args":[{"selector":{"id":"application-manageresources-display-component---newResourceUnit--TYPE-arrow"},"wdio_ui5_key":"applicationmanageresources-display-component---newResourceUnit--TYPE-arrow"}]}
RESULT: undefined
COMMAND: POST /session/3637353f0f0366f06ffc96bdd6dcca04/element - {"using":"xpath","value":"//*[@id=\"application-manageresources-display-component---newResourceUnit--TYPE-arrow\"]"}
RESULT: {"using":"xpath","value":"//*[@id=\"application-manageresources-display-component---newResourceUnit--TYPE-arrow\"]"}
COMMAND: POST /session/3637353f0f0366f06ffc96bdd6dcca04/element/f.FA5AA6ACA71DB73EA77ABAF269C4B101.d.ECBD467EF12EF5C524C95EBF57F98E55.e.17399/click - {}
RESULT: {}
COMMAND: POST /session/3637353f0f0366f06ffc96bdd6dcca04/execute/async - {"script":"<script> [1562 bytes]","args":[{"selector":{"controlType":"sap.m.StandardListItem","viewName":"reusables.view.manageresources.NewResourceUnit","viewId":"application-manageresources-display-component---newResourceUnit","properties":{"title":"Material"},"searchOpenDialogs":true,"interaction":{"idSuffix":"content"}},"wdio_ui5_key":"reusablesview.manageresources.NewResourceUnitsap.m.StandardListItem{\"title\":\"Material\"}"}]}
COMMAND: GET /session/3637353f0f0366f06ffc96bdd6dcca04/screenshot - {}
RESULT: {"script":"<script> [1562 bytes]","args":[{"selector":{"controlType":"sap.m.StandardListItem","viewName":"reusables.view.manageresources.NewResourceUnit","viewId":"application-manageresources-display-component---newResourceUnit","properties":{"title":"Material"},"searchOpenDialogs":true,"interaction":{"idSuffix":"content"}},"wdio_ui5_key":"reusablesview.manageresources.NewResourceUnitsap.m.StandardListItem{\"title\":\"Material\"}"}]}
RESULT: undefined
COMMAND: POST /session/3637353f0f0366f06ffc96bdd6dcca04/element - {"using":"xpath","value":"//*[@id=\"__item1686\"]"}
RESULT: {}
RESULT: {"using":"xpath","value":"//*[@id=\"__item1686\"]"}
COMMAND: POST /session/3637353f0f0366f06ffc96bdd6dcca04/element/f.FA5AA6ACA71DB73EA77ABAF269C4B101.d.ECBD467EF12EF5C524C95EBF57F98E55.e.17402/click - {}
RESULT: {}
COMMAND: POST /session/3637353f0f0366f06ffc96bdd6dcca04/execute/async - {"script":"<script> [1562 bytes]","args":[{"selector":{"id":"application-manageresources-display-component---newResourceUnit--resourceId","interaction":{"idSuffix":"inner"}},"wdio_ui5_key":"applicationmanageresources-display-component---newResourceUnit--resourceId"}]}
COMMAND: GET /session/3637353f0f0366f06ffc96bdd6dcca04/screenshot - {}
RESULT: {"script":"<script> [1562 bytes]","args":[{"selector":{"id":"application-manageresources-display-component---newResourceUnit--resourceId","interaction":{"idSuffix":"inner"}},"wdio_ui5_key":"applicationmanageresources-display-component---newResourceUnit--resourceId"}]}
RESULT: undefined
COMMAND: POST /session/3637353f0f0366f06ffc96bdd6dcca04/execute/async - {"script":"<script> [1562 bytes]","args":[{"selector":{"id":"application-manageresources-display-component---newResourceUnit--SHORT_TEXT","interaction":{"idSuffix":"inner"}},"wdio_ui5_key":"applicationmanageresources-display-component---newResourceUnit--SHORT_TEXT"}]}
RESULT: {}
RESULT: {"script":"<script> [1562 bytes]","args":[{"selector":{"id":"application-manageresources-display-component---newResourceUnit--SHORT_TEXT","interaction":{"idSuffix":"inner"}},"wdio_ui5_key":"applicationmanageresources-display-component---newResourceUnit--SHORT_TEXT"}]}
RESULT: undefined
COMMAND: POST /session/3637353f0f0366f06ffc96bdd6dcca04/execute/async - {"script":"<script> [776 bytes]","args":[{"enterText":"material WHM","selector":{"id":"application-manageresources-display-component---newResourceUnit--SHORT_TEXT","interaction":{"idSuffix":"inner"}},"clearTextFirst":true,"interactionType":"ENTER_TEXT"}]}
RESULT: {"script":"<script> [776 bytes]","args":[{"enterText":"material WHM","selector":{"id":"application-manageresources-display-component---newResourceUnit--SHORT_TEXT","interaction":{"idSuffix":"inner"}},"clearTextFirst":true,"interactionType":"ENTER_TEXT"}]}
COMMAND: POST /session/3637353f0f0366f06ffc96bdd6dcca04/execute/async - {"script":"<script> [1562 bytes]","args":[{"selector":{"id":"application-manageresources-display-component---newResourceUnit--BASE_UNIT_OF_MEASURE","interaction":{"idSuffix":"inner"}},"wdio_ui5_key":"applicationmanageresources-display-component---newResourceUnit--BASE_UNIT_OF_MEASURE"}]}
RESULT: {"script":"<script> [1562 bytes]","args":[{"selector":{"id":"application-manageresources-display-component---newResourceUnit--BASE_UNIT_OF_MEASURE","interaction":{"idSuffix":"inner"}},"wdio_ui5_key":"applicationmanageresources-display-component---newResourceUnit--BASE_UNIT_OF_MEASURE"}]}
RESULT: undefined
COMMAND: POST /session/3637353f0f0366f06ffc96bdd6dcca04/execute/async - {"script":"<script> [776 bytes]","args":[{"enterText":"Piece","selector":{"id":"application-manageresources-display-component---newResourceUnit--BASE_UNIT_OF_MEASURE","interaction":{"idSuffix":"inner"}},"clearTextFirst":true,"interactionType":"ENTER_TEXT"}]}
RESULT: {"script":"<script> [776 bytes]","args":[{"enterText":"Piece","selector":{"id":"application-manageresources-display-component---newResourceUnit--BASE_UNIT_OF_MEASURE","interaction":{"idSuffix":"inner"}},"clearTextFirst":true,"interactionType":"ENTER_TEXT"}]}
COMMAND: POST /session/3637353f0f0366f06ffc96bdd6dcca04/execute/async - {"script":"<script> [1562 bytes]","args":[{"selector":{"id":"application-manageresources-display-component---newResourceUnit--WEIGHT_UNIT","interaction":{"idSuffix":"inner"}},"wdio_ui5_key":"applicationmanageresources-display-component---newResourceUnit--WEIGHT_UNIT"}]}
RESULT: {"script":"<script> [1562 bytes]","args":[{"selector":{"id":"application-manageresources-display-component---newResourceUnit--WEIGHT_UNIT","interaction":{"idSuffix":"inner"}},"wdio_ui5_key":"applicationmanageresources-display-component---newResourceUnit--WEIGHT_UNIT"}]}
RESULT: undefined
COMMAND: POST /session/3637353f0f0366f06ffc96bdd6dcca04/execute/async - {"script":"<script> [776 bytes]","args":[{"enterText":"Gram","selector":{"id":"application-manageresources-display-component---newResourceUnit--WEIGHT_UNIT","interaction":{"idSuffix":"inner"}},"clearTextFirst":true,"interactionType":"ENTER_TEXT"}]}
RESULT: {"script":"<script> [776 bytes]","args":[{"enterText":"Gram","selector":{"id":"application-manageresources-display-component---newResourceUnit--WEIGHT_UNIT","interaction":{"idSuffix":"inner"}},"clearTextFirst":true,"interactionType":"ENTER_TEXT"}]}
COMMAND: POST /session/3637353f0f0366f06ffc96bdd6dcca04/execute/async - {"script":"<script> [1562 bytes]","args":[{"selector":{"id":"application-manageresources-display-component---newResourceUnit--DIMENSION_UNIT","interaction":{"idSuffix":"inner"}},"wdio_ui5_key":"applicationmanageresources-display-component---newResourceUnit--DIMENSION_UNIT"}]}
RESULT: {"script":"<script> [1562 bytes]","args":[{"selector":{"id":"application-manageresources-display-component---newResourceUnit--DIMENSION_UNIT","interaction":{"idSuffix":"inner"}},"wdio_ui5_key":"applicationmanageresources-display-component---newResourceUnit--DIMENSION_UNIT"}]}
RESULT: undefined
COMMAND: POST /session/3637353f0f0366f06ffc96bdd6dcca04/execute/async - {"script":"<script> [776 bytes]","args":[{"enterText":"Meter","selector":{"id":"application-manageresources-display-component---newResourceUnit--DIMENSION_UNIT","interaction":{"idSuffix":"inner"}},"clearTextFirst":true,"interactionType":"ENTER_TEXT"}]}
RESULT: {"script":"<script> [776 bytes]","args":[{"enterText":"Meter","selector":{"id":"application-manageresources-display-component---newResourceUnit--DIMENSION_UNIT","interaction":{"idSuffix":"inner"}},"clearTextFirst":true,"interactionType":"ENTER_TEXT"}]}
COMMAND: POST /session/3637353f0f0366f06ffc96bdd6dcca04/execute/async - {"script":"<script> [1562 bytes]","args":[{"selector":{"id":"application-manageresources-display-component---newResourceUnit--newRRUPage-anchBar-application-manageresources-display-component---newResourceUnit--control-anchor","interaction":{"idSuffix":"content"}},"wdio_ui5_key":"applicationmanageresources-display-component---newResourceUnit--newRRUPage-anchBar-application-manageresources-display-component---newResourceUnit--control-anchor"}]}
RESULT: {"script":"<script> [1562 bytes]","args":[{"selector":{"id":"application-manageresources-display-component---newResourceUnit--newRRUPage-anchBar-application-manageresources-display-component---newResourceUnit--control-anchor","interaction":{"idSuffix":"content"}},"wdio_ui5_key":"applicationmanageresources-display-component---newResourceUnit--newRRUPage-anchBar-application-manageresources-display-component---newResourceUnit--control-anchor"}]}
RESULT: undefined
COMMAND: POST /session/3637353f0f0366f06ffc96bdd6dcca04/element - {"using":"xpath","value":"//*[@id=\"application-manageresources-display-component---newResourceUnit--newRRUPage-anchBar-application-manageresources-display-component---newResourceUnit--control-anchor\"]"}
RESULT: {"using":"xpath","value":"//*[@id=\"application-manageresources-display-component---newResourceUnit--newRRUPage-anchBar-application-manageresources-display-component---newResourceUnit--control-anchor\"]"}
COMMAND: POST /session/3637353f0f0366f06ffc96bdd6dcca04/element/f.FA5AA6ACA71DB73EA77ABAF269C4B101.d.ECBD467EF12EF5C524C95EBF57F98E55.e.17466/click - {}
RESULT: {}
COMMAND: POST /session/3637353f0f0366f06ffc96bdd6dcca04/execute/async - {"script":"<script> [1562 bytes]","args":[{"selector":{"id":"application-manageresources-display-component---newResourceUnit--PLANNING_GROUP","interaction":{"idSuffix":"inner"}},"wdio_ui5_key":"applicationmanageresources-display-component---newResourceUnit--PLANNING_GROUP"}]}
COMMAND: GET /session/3637353f0f0366f06ffc96bdd6dcca04/screenshot - {}
RESULT: {"script":"<script> [1562 bytes]","args":[{"selector":{"id":"application-manageresources-display-component---newResourceUnit--PLANNING_GROUP","interaction":{"idSuffix":"inner"}},"wdio_ui5_key":"applicationmanageresources-display-component---newResourceUnit--PLANNING_GROUP"}]}
RESULT: undefined
COMMAND: POST /session/3637353f0f0366f06ffc96bdd6dcca04/execute/async - {"script":"<script> [776 bytes]","args":[{"enterText":"Heavy Equi","selector":{"id":"application-manageresources-display-component---newResourceUnit--PLANNING_GROUP","interaction":{"idSuffix":"inner"}},"clearTextFirst":true,"interactionType":"ENTER_TEXT"}]}
RESULT: {}
RESULT: {"script":"<script> [776 bytes]","args":[{"enterText":"Heavy Equi","selector":{"id":"application-manageresources-display-component---newResourceUnit--PLANNING_GROUP","interaction":{"idSuffix":"inner"}},"clearTextFirst":true,"interactionType":"ENTER_TEXT"}]}
COMMAND: POST /session/3637353f0f0366f06ffc96bdd6dcca04/execute/async - {"script":"<script> [1562 bytes]","args":[{"selector":{"id":"application-manageresources-display-component---newResourceUnit--PLANNING_INDICATOR","interaction":{"idSuffix":"inner"}},"wdio_ui5_key":"applicationmanageresources-display-component---newResourceUnit--PLANNING_INDICATOR"}]}
RESULT: {"script":"<script> [1562 bytes]","args":[{"selector":{"id":"application-manageresources-display-component---newResourceUnit--PLANNING_INDICATOR","interaction":{"idSuffix":"inner"}},"wdio_ui5_key":"applicationmanageresources-display-component---newResourceUnit--PLANNING_INDICATOR"}]}
RESULT: undefined
COMMAND: POST /session/3637353f0f0366f06ffc96bdd6dcca04/execute/async - {"script":"<script> [776 bytes]","args":[{"enterText":"10 - infinite","selector":{"id":"application-manageresources-display-component---newResourceUnit--PLANNING_INDICATOR","interaction":{"idSuffix":"inner"}},"clearTextFirst":true,"interactionType":"ENTER_TEXT"}]}
RESULT: {"script":"<script> [776 bytes]","args":[{"enterText":"10 - infinite","selector":{"id":"application-manageresources-display-component---newResourceUnit--PLANNING_INDICATOR","interaction":{"idSuffix":"inner"}},"clearTextFirst":true,"interactionType":"ENTER_TEXT"}]}
COMMAND: POST /session/3637353f0f0366f06ffc96bdd6dcca04/actions - {"actions":[{"id":"action71","type":"key","parameters":{},"actions":[{"type":"keyDown","value":"î€‡"},{"type":"pause","duration":10},{"type":"keyUp","value":"î€‡"}]}]}
RESULT: {"actions":[{"id":"action71","type":"key","parameters":{},"actions":[{"type":"keyDown","value":"î€‡"},{"type":"pause","duration":10},{"type":"keyUp","value":"î€‡"}]}]}
COMMAND: POST /session/3637353f0f0366f06ffc96bdd6dcca04/execute/async - {"script":"<script> [1562 bytes]","args":[{"selector":{"id":"application-manageresources-display-component---newResourceUnit--ITEM_TYPE-arrow"},"wdio_ui5_key":"applicationmanageresources-display-component---newResourceUnit--ITEM_TYPE-arrow"}]}
COMMAND: GET /session/3637353f0f0366f06ffc96bdd6dcca04/screenshot - {}
RESULT: {"script":"<script> [1562 bytes]","args":[{"selector":{"id":"application-manageresources-display-component---newResourceUnit--ITEM_TYPE-arrow"},"wdio_ui5_key":"applicationmanageresources-display-component---newResourceUnit--ITEM_TYPE-arrow"}]}
RESULT: undefined
COMMAND: POST /session/3637353f0f0366f06ffc96bdd6dcca04/element - {"using":"xpath","value":"//*[@id=\"application-manageresources-display-component---newResourceUnit--ITEM_TYPE-arrow\"]"}
RESULT: {}
RESULT: {"using":"xpath","value":"//*[@id=\"application-manageresources-display-component---newResourceUnit--ITEM_TYPE-arrow\"]"}
COMMAND: POST /session/3637353f0f0366f06ffc96bdd6dcca04/element/f.FA5AA6ACA71DB73EA77ABAF269C4B101.d.ECBD467EF12EF5C524C95EBF57F98E55.e.17474/click - {}
RESULT: {}
COMMAND: POST /session/3637353f0f0366f06ffc96bdd6dcca04/execute/async - {"script":"<script> [1562 bytes]","args":[{"selector":{"controlType":"sap.m.StandardListItem","viewName":"reusables.view.manageresources.NewResourceUnit","viewId":"application-manageresources-display-component---newResourceUnit","properties":{"title":"Resource Unit"},"searchOpenDialogs":true,"interaction":{"idSuffix":"titleText"}},"wdio_ui5_key":"reusablesview.manageresources.NewResourceUnitsap.m.StandardListItem{\"title\":\"Resource Unit\"}"}]}
COMMAND: GET /session/3637353f0f0366f06ffc96bdd6dcca04/screenshot - {}
RESULT: {"script":"<script> [1562 bytes]","args":[{"selector":{"controlType":"sap.m.StandardListItem","viewName":"reusables.view.manageresources.NewResourceUnit","viewId":"application-manageresources-display-component---newResourceUnit","properties":{"title":"Resource Unit"},"searchOpenDialogs":true,"interaction":{"idSuffix":"titleText"}},"wdio_ui5_key":"reusablesview.manageresources.NewResourceUnitsap.m.StandardListItem{\"title\":\"Resource Unit\"}"}]}
RESULT: undefined
RESULT: {}
COMMAND: POST /session/3637353f0f0366f06ffc96bdd6dcca04/execute/async - {"script":"<script> [1562 bytes]","args":[{"selector":{"controlType":"sap.m.Label","viewName":"reusables.view.manageresources.NewResourceUnit","viewId":"application-manageresources-display-component---newResourceUnit","i18NText":{"propertyName":"text","key":"planningGroup"},"interaction":{"idSuffix":"bdi"}},"wdio_ui5_key":"reusablesview.manageresources.NewResourceUnitsap.m.Label{\"propertyName\":\"text\",\"key\":\"planningGroup\"}"}]}
RESULT: {"script":"<script> [1562 bytes]","args":[{"selector":{"controlType":"sap.m.Label","viewName":"reusables.view.manageresources.NewResourceUnit","viewId":"application-manageresources-display-component---newResourceUnit","i18NText":{"propertyName":"text","key":"planningGroup"},"interaction":{"idSuffix":"bdi"}},"wdio_ui5_key":"reusablesview.manageresources.NewResourceUnitsap.m.Label{\"propertyName\":\"text\",\"key\":\"planningGroup\"}"}]}
RESULT: undefined
COMMAND: POST /session/3637353f0f0366f06ffc96bdd6dcca04/element - {"using":"xpath","value":"//*[@id=\"__label263\"]"}
RESULT: {"using":"xpath","value":"//*[@id=\"__label263\"]"}
COMMAND: POST /session/3637353f0f0366f06ffc96bdd6dcca04/element/f.FA5AA6ACA71DB73EA77ABAF269C4B101.d.ECBD467EF12EF5C524C95EBF57F98E55.e.17476/click - {}
RESULT: {}
COMMAND: GET /session/3637353f0f0366f06ffc96bdd6dcca04/screenshot - {}
RESULT: {}
COMMAND: POST /session/3637353f0f0366f06ffc96bdd6dcca04/actions - {"actions":[{"type":"key","id":"keyboard","actions":[{"type":"keyDown","value":"î›"}]}]}
RESULT: {"actions":[{"type":"key","id":"keyboard","actions":[{"type":"keyDown","value":"î›"}]}]}
COMMAND: GET /session/3637353f0f0366f06ffc96bdd6dcca04/screenshot - {}
RESULT: {}
COMMAND: POST /session/3637353f0f0366f06ffc96bdd6dcca04/actions - {"actions":[{"type":"key","id":"keyboard","actions":[{"type":"keyDown","value":"î›"}]}]}
RESULT: {"actions":[{"type":"key","id":"keyboard","actions":[{"type":"keyDown","value":"î›"}]}]}
COMMAND: GET /session/3637353f0f0366f06ffc96bdd6dcca04/screenshot - {}
RESULT: {}
COMMAND: POST /session/3637353f0f0366f06ffc96bdd6dcca04/actions - {"actions":[{"type":"key","id":"keyboard","actions":[{"type":"keyDown","value":"î›"}]}]}
RESULT: {"actions":[{"type":"key","id":"keyboard","actions":[{"type":"keyDown","value":"î›"}]}]}
COMMAND: GET /session/3637353f0f0366f06ffc96bdd6dcca04/screenshot - {}
RESULT: {}
COMMAND: POST /session/3637353f0f0366f06ffc96bdd6dcca04/actions - {"actions":[{"type":"key","id":"keyboard","actions":[{"type":"keyDown","value":"î›"}]}]}
RESULT: {"actions":[{"type":"key","id":"keyboard","actions":[{"type":"keyDown","value":"î›"}]}]}
COMMAND: GET /session/3637353f0f0366f06ffc96bdd6dcca04/screenshot - {}
RESULT: {}
COMMAND: POST /session/3637353f0f0366f06ffc96bdd6dcca04/actions - {"actions":[{"type":"key","id":"keyboard","actions":[{"type":"keyDown","value":"î›"}]}]}
RESULT: {"actions":[{"type":"key","id":"keyboard","actions":[{"type":"keyDown","value":"î›"}]}]}
COMMAND: GET /session/3637353f0f0366f06ffc96bdd6dcca04/screenshot - {}
RESULT: {}
COMMAND: POST /session/3637353f0f0366f06ffc96bdd6dcca04/actions - {"actions":[{"type":"key","id":"keyboard","actions":[{"type":"keyDown","value":"î›"}]}]}
RESULT: {"actions":[{"type":"key","id":"keyboard","actions":[{"type":"keyDown","value":"î›"}]}]}
COMMAND: GET /session/3637353f0f0366f06ffc96bdd6dcca04/screenshot - {}
RESULT: {}
COMMAND: POST /session/3637353f0f0366f06ffc96bdd6dcca04/execute/async - {"script":"<script> [1562 bytes]","args":[{"selector":{"id":"application-manageresources-display-component---newResourceUnit--btnAddTimeSegment-img"},"wdio_ui5_key":"applicationmanageresources-display-component---newResourceUnit--btnAddTimeSegment-img"}]}
RESULT: {"script":"<script> [1562 bytes]","args":[{"selector":{"id":"application-manageresources-display-component---newResourceUnit--btnAddTimeSegment-img"},"wdio_ui5_key":"applicationmanageresources-display-component---newResourceUnit--btnAddTimeSegment-img"}]}
RESULT: undefined
COMMAND: POST /session/3637353f0f0366f06ffc96bdd6dcca04/element - {"using":"xpath","value":"//*[@id=\"application-manageresources-display-component---newResourceUnit--btnAddTimeSegment-img\"]"}
RESULT: {"using":"xpath","value":"//*[@id=\"application-manageresources-display-component---newResourceUnit--btnAddTimeSegment-img\"]"}
COMMAND: POST /session/3637353f0f0366f06ffc96bdd6dcca04/element/f.FA5AA6ACA71DB73EA77ABAF269C4B101.d.ECBD467EF12EF5C524C95EBF57F98E55.e.17477/click - {}
RESULT: {}
COMMAND: POST /session/3637353f0f0366f06ffc96bdd6dcca04/element - {"using":"xpath","value":"//input[@id=\"application-manageresources-display-component---newResourceUnit--idRuTSAdmin-application-manageresources-display-component---newResourceUnit--RUTimeSegment-0-inner\"]"}
COMMAND: GET /session/3637353f0f0366f06ffc96bdd6dcca04/screenshot - {}
RESULT: {"using":"xpath","value":"//input[@id=\"application-manageresources-display-component---newResourceUnit--idRuTSAdmin-application-manageresources-display-component---newResourceUnit--RUTimeSegment-0-inner\"]"}
COMMAND: POST /session/3637353f0f0366f06ffc96bdd6dcca04/element/f.FA5AA6ACA71DB73EA77ABAF269C4B101.d.ECBD467EF12EF5C524C95EBF57F98E55.e.17480/clear - {}
RESULT: {}
RESULT: {}
COMMAND: POST /session/3637353f0f0366f06ffc96bdd6dcca04/element/f.FA5AA6ACA71DB73EA77ABAF269C4B101.d.ECBD467EF12EF5C524C95EBF57F98E55.e.17480/value - {"text":"499"}
COMMAND: GET /session/3637353f0f0366f06ffc96bdd6dcca04/screenshot - {}
RESULT: {"text":"499"}
COMMAND: GET /session/3637353f0f0366f06ffc96bdd6dcca04/screenshot - {}
RESULT: {}
RESULT: {}
COMMAND: POST /session/3637353f0f0366f06ffc96bdd6dcca04/actions - {"actions":[{"id":"action72","type":"key","parameters":{},"actions":[{"type":"keyDown","value":"î€‡"},{"type":"pause","duration":10},{"type":"keyUp","value":"î€‡"}]}]}
RESULT: {"actions":[{"id":"action72","type":"key","parameters":{},"actions":[{"type":"keyDown","value":"î€‡"},{"type":"pause","duration":10},{"type":"keyUp","value":"î€‡"}]}]}
COMMAND: GET /session/3637353f0f0366f06ffc96bdd6dcca04/screenshot - {}
RESULT: {}
COMMAND: POST /session/3637353f0f0366f06ffc96bdd6dcca04/execute/async - {"script":"<script> [1562 bytes]","args":[{"selector":{"controlType":"sap.m.Button","viewName":"reusables.view.manageresources.NewResourceUnit","viewId":"application-manageresources-display-component---newResourceUnit","i18NText":{"propertyName":"tooltip","key":"save"},"interaction":{"idSuffix":"BDI-content"}},"wdio_ui5_key":"reusablesview.manageresources.NewResourceUnitsap.m.Button{\"propertyName\":\"tooltip\",\"key\":\"save\"}"}]}
RESULT: {"script":"<script> [1562 bytes]","args":[{"selector":{"controlType":"sap.m.Button","viewName":"reusables.view.manageresources.NewResourceUnit","viewId":"application-manageresources-display-component---newResourceUnit","i18NText":{"propertyName":"tooltip","key":"save"},"interaction":{"idSuffix":"BDI-content"}},"wdio_ui5_key":"reusablesview.manageresources.NewResourceUnitsap.m.Button{\"propertyName\":\"tooltip\",\"key\":\"save\"}"}]}
RESULT: undefined
COMMAND: POST /session/3637353f0f0366f06ffc96bdd6dcca04/element - {"using":"xpath","value":"//*[@id=\"application-manageresources-display-component---newResourceUnit--createRuButton\"]"}
RESULT: {"using":"xpath","value":"//*[@id=\"application-manageresources-display-component---newResourceUnit--createRuButton\"]"}
COMMAND: POST /session/3637353f0f0366f06ffc96bdd6dcca04/element/f.FA5AA6ACA71DB73EA77ABAF269C4B101.d.ECBD467EF12EF5C524C95EBF57F98E55.e.17415/click - {}
RESULT: {}
COMMAND: POST /session/3637353f0f0366f06ffc96bdd6dcca04/execute/async - {"script":"<script> [1562 bytes]","args":[{"selector":{"controlType":"sap.m.Button","properties":{"text":"Close"},"searchOpenDialogs":true,"interaction":{"idSuffix":"BDI-content"}},"wdio_ui5_key":"sapm.Button{\"text\":\"Close\"}"}]}
COMMAND: GET /session/3637353f0f0366f06ffc96bdd6dcca04/screenshot - {}
RESULT: {"script":"<script> [1562 bytes]","args":[{"selector":{"controlType":"sap.m.Button","properties":{"text":"Close"},"searchOpenDialogs":true,"interaction":{"idSuffix":"BDI-content"}},"wdio_ui5_key":"sapm.Button{\"text\":\"Close\"}"}]}
RESULT: undefined
COMMAND: POST /session/3637353f0f0366f06ffc96bdd6dcca04/element - {"using":"xpath","value":"//*[@id=\"__mbox-btn-0\"]"}
RESULT: {}
RESULT: {"using":"xpath","value":"//*[@id=\"__mbox-btn-0\"]"}
COMMAND: POST /session/3637353f0f0366f06ffc96bdd6dcca04/element/f.FA5AA6ACA71DB73EA77ABAF269C4B101.d.ECBD467EF12EF5C524C95EBF57F98E55.e.17493/click - {}
RESULT: {}
COMMAND: GET /session/3637353f0f0366f06ffc96bdd6dcca04/screenshot - {}
RESULT: {}
COMMAND: POST /session/3637353f0f0366f06ffc96bdd6dcca04/execute/async - {"script":"<script> [1562 bytes]","args":[{"selector":{"controlType":"sap.m.Text","viewName":"etm.portal.ui.manageresources.view.Detail","viewId":"application-manageresources-display-component---detailRU","bindingPath":{"propertyPath":"ID","modelName":"catalogModel"}},"wdio_ui5_key":"etmportal.ui.manageresources.view.Detailsap.m.Text{\"propertyPath\":\"ID\",\"modelName\":\"catalogModel\"}"}]}
RESULT: {"script":"<script> [1562 bytes]","args":[{"selector":{"controlType":"sap.m.Text","viewName":"etm.portal.ui.manageresources.view.Detail","viewId":"application-manageresources-display-component---detailRU","bindingPath":{"propertyPath":"ID","modelName":"catalogModel"}},"wdio_ui5_key":"etmportal.ui.manageresources.view.Detailsap.m.Text{\"propertyPath\":\"ID\",\"modelName\":\"catalogModel\"}"}]}
RESULT: undefined
COMMAND: POST /session/3637353f0f0366f06ffc96bdd6dcca04/execute/async - {"script":"<script> [6424 bytes]","args":[{"element-6066-11e4-a52e-4f735466cecf":"f.FA5AA6ACA71DB73EA77ABAF269C4B101.d.ECBD467EF12EF5C524C95EBF57F98E55.e.17528"},"getText",[]]}
RESULT: {"script":"<script> [6424 bytes]","args":[{"element-6066-11e4-a52e-4f735466cecf":"f.FA5AA6ACA71DB73EA77ABAF269C4B101.d.ECBD467EF12EF5C524C95EBF57F98E55.e.17528"},"getText",[]]}
COMMAND: POST /session/3637353f0f0366f06ffc96bdd6dcca04/element - {"using":"css selector","value":"#shell-header-logo"}
RESULT: {"using":"css selector","value":"#shell-header-logo"}
COMMAND: POST /session/3637353f0f0366f06ffc96bdd6dcca04/element/f.FA5AA6ACA71DB73EA77ABAF269C4B101.d.ECBD467EF12EF5C524C95EBF57F98E55.e.17050/click - {}
RESULT: {}
COMMAND: GET /session/3637353f0f0366f06ffc96bdd6dcca04/screenshot - {}
RESULT: {}
]]></system-out>
    </testcase>
    <testcase classname="chrome.135_0_7049_96.windows.Return_from_Site_w/_warehouse_management_w/_clarification_US125588" name="Bin Status Report Should Create New Organization yard" time="45.02">
      <system-out><![CDATA[
COMMAND: POST /session/3637353f0f0366f06ffc96bdd6dcca04/execute/async - {"script":"<script> [1562 bytes]","args":[{"selector":{"controlType":"sap.m.GenericTile","properties":{"header":"Bin Status Report"}},"wdio_ui5_key":"sapm.GenericTile{\"header\":\"Bin Status Report\"}"}]}
RESULT: {"script":"<script> [1562 bytes]","args":[{"selector":{"controlType":"sap.m.GenericTile","properties":{"header":"Bin Status Report"}},"wdio_ui5_key":"sapm.GenericTile{\"header\":\"Bin Status Report\"}"}]}
RESULT: undefined
COMMAND: POST /session/3637353f0f0366f06ffc96bdd6dcca04/element - {"using":"xpath","value":"//*[@id=\"__tile104\"]"}
RESULT: {"using":"xpath","value":"//*[@id=\"__tile104\"]"}
COMMAND: POST /session/3637353f0f0366f06ffc96bdd6dcca04/element/f.FA5AA6ACA71DB73EA77ABAF269C4B101.d.ECBD467EF12EF5C524C95EBF57F98E55.e.17530/click - {}
RESULT: {}
COMMAND: GET /session/3637353f0f0366f06ffc96bdd6dcca04/screenshot - {}
RESULT: {}
COMMAND: POST /session/3637353f0f0366f06ffc96bdd6dcca04/execute/async - {"script":"<script> [1562 bytes]","args":[{"selector":{"id":"application-binstatusreport-display-component---warehousing--createOrgBtn","interaction":{"idSuffix":"content"}},"wdio_ui5_key":"applicationbinstatusreport-display-component---warehousing--createOrgBtn"}]}
RESULT: {"script":"<script> [1562 bytes]","args":[{"selector":{"id":"application-binstatusreport-display-component---warehousing--createOrgBtn","interaction":{"idSuffix":"content"}},"wdio_ui5_key":"applicationbinstatusreport-display-component---warehousing--createOrgBtn"}]}
RESULT: undefined
COMMAND: POST /session/3637353f0f0366f06ffc96bdd6dcca04/element - {"using":"xpath","value":"//*[@id=\"application-binstatusreport-display-component---warehousing--createOrgBtn\"]"}
RESULT: {"using":"xpath","value":"//*[@id=\"application-binstatusreport-display-component---warehousing--createOrgBtn\"]"}
COMMAND: POST /session/3637353f0f0366f06ffc96bdd6dcca04/element/f.FA5AA6ACA71DB73EA77ABAF269C4B101.d.ECBD467EF12EF5C524C95EBF57F98E55.e.17568/click - {}
RESULT: {}
COMMAND: POST /session/3637353f0f0366f06ffc96bdd6dcca04/execute/async - {"script":"<script> [1562 bytes]","args":[{"selector":{"id":"createOrganizationPop--sectionInput","searchOpenDialogs":true,"interaction":{"idSuffix":"inner"}},"wdio_ui5_key":"createOrganizationPopsectionInput"}]}
COMMAND: GET /session/3637353f0f0366f06ffc96bdd6dcca04/screenshot - {}
RESULT: {"script":"<script> [1562 bytes]","args":[{"selector":{"id":"createOrganizationPop--sectionInput","searchOpenDialogs":true,"interaction":{"idSuffix":"inner"}},"wdio_ui5_key":"createOrganizationPopsectionInput"}]}
RESULT: undefined
COMMAND: POST /session/3637353f0f0366f06ffc96bdd6dcca04/execute/async - {"script":"<script> [776 bytes]","args":[{"enterText":"WDI499","selector":{"id":"createOrganizationPop--sectionInput","searchOpenDialogs":true,"interaction":{"idSuffix":"inner"}},"clearTextFirst":true,"interactionType":"ENTER_TEXT"}]}
RESULT: {}
RESULT: {"script":"<script> [776 bytes]","args":[{"enterText":"WDI499","selector":{"id":"createOrganizationPop--sectionInput","searchOpenDialogs":true,"interaction":{"idSuffix":"inner"}},"clearTextFirst":true,"interactionType":"ENTER_TEXT"}]}
COMMAND: POST /session/3637353f0f0366f06ffc96bdd6dcca04/execute/async - {"script":"<script> [1562 bytes]","args":[{"selector":{"id":"createOrganizationPop--descriptionInput","searchOpenDialogs":true,"interaction":{"idSuffix":"inner"}},"wdio_ui5_key":"createOrganizationPopdescriptionInput"}]}
RESULT: {"script":"<script> [1562 bytes]","args":[{"selector":{"id":"createOrganizationPop--descriptionInput","searchOpenDialogs":true,"interaction":{"idSuffix":"inner"}},"wdio_ui5_key":"createOrganizationPopdescriptionInput"}]}
RESULT: undefined
COMMAND: POST /session/3637353f0f0366f06ffc96bdd6dcca04/execute/async - {"script":"<script> [776 bytes]","args":[{"enterText":"Shipping499","selector":{"id":"createOrganizationPop--descriptionInput","searchOpenDialogs":true,"interaction":{"idSuffix":"inner"}},"clearTextFirst":true,"interactionType":"ENTER_TEXT"}]}
RESULT: {"script":"<script> [776 bytes]","args":[{"enterText":"Shipping499","selector":{"id":"createOrganizationPop--descriptionInput","searchOpenDialogs":true,"interaction":{"idSuffix":"inner"}},"clearTextFirst":true,"interactionType":"ENTER_TEXT"}]}
COMMAND: POST /session/3637353f0f0366f06ffc96bdd6dcca04/element - {"using":"css selector","value":"#createOrganizationPop--yardOrg-inner"}
RESULT: {"using":"css selector","value":"#createOrganizationPop--yardOrg-inner"}
COMMAND: POST /session/3637353f0f0366f06ffc96bdd6dcca04/element/f.FA5AA6ACA71DB73EA77ABAF269C4B101.d.ECBD467EF12EF5C524C95EBF57F98E55.e.17617/clear - {}
RESULT: {}
COMMAND: POST /session/3637353f0f0366f06ffc96bdd6dcca04/element/f.FA5AA6ACA71DB73EA77ABAF269C4B101.d.ECBD467EF12EF5C524C95EBF57F98E55.e.17617/value - {"text":"499"}
COMMAND: GET /session/3637353f0f0366f06ffc96bdd6dcca04/screenshot - {}
RESULT: {"text":"499"}
COMMAND: GET /session/3637353f0f0366f06ffc96bdd6dcca04/screenshot - {}
RESULT: {}
RESULT: {}
COMMAND: POST /session/3637353f0f0366f06ffc96bdd6dcca04/actions - {"actions":[{"id":"action73","type":"key","parameters":{},"actions":[{"type":"keyDown","value":"î€‡"},{"type":"pause","duration":10},{"type":"keyUp","value":"î€‡"}]}]}
RESULT: {"actions":[{"id":"action73","type":"key","parameters":{},"actions":[{"type":"keyDown","value":"î€‡"},{"type":"pause","duration":10},{"type":"keyUp","value":"î€‡"}]}]}
COMMAND: POST /session/3637353f0f0366f06ffc96bdd6dcca04/execute/async - {"script":"<script> [1562 bytes]","args":[{"selector":{"id":"createOrganizationPop--grZone","searchOpenDialogs":true,"interaction":{"idSuffix":"CbBg"}},"wdio_ui5_key":"createOrganizationPopgrZone"}]}
COMMAND: GET /session/3637353f0f0366f06ffc96bdd6dcca04/screenshot - {}
RESULT: {"script":"<script> [1562 bytes]","args":[{"selector":{"id":"createOrganizationPop--grZone","searchOpenDialogs":true,"interaction":{"idSuffix":"CbBg"}},"wdio_ui5_key":"createOrganizationPopgrZone"}]}
RESULT: undefined
COMMAND: POST /session/3637353f0f0366f06ffc96bdd6dcca04/element - {"using":"xpath","value":"//*[@id=\"createOrganizationPop--grZone\"]"}
RESULT: {}
RESULT: {"using":"xpath","value":"//*[@id=\"createOrganizationPop--grZone\"]"}
COMMAND: POST /session/3637353f0f0366f06ffc96bdd6dcca04/element/f.FA5AA6ACA71DB73EA77ABAF269C4B101.d.ECBD467EF12EF5C524C95EBF57F98E55.e.17637/click - {}
RESULT: {}
COMMAND: POST /session/3637353f0f0366f06ffc96bdd6dcca04/execute/async - {"script":"<script> [1562 bytes]","args":[{"selector":{"id":"createOrganizationPop--giZone","searchOpenDialogs":true,"interaction":{"idSuffix":"CbBg"}},"wdio_ui5_key":"createOrganizationPopgiZone"}]}
COMMAND: GET /session/3637353f0f0366f06ffc96bdd6dcca04/screenshot - {}
RESULT: {"script":"<script> [1562 bytes]","args":[{"selector":{"id":"createOrganizationPop--giZone","searchOpenDialogs":true,"interaction":{"idSuffix":"CbBg"}},"wdio_ui5_key":"createOrganizationPopgiZone"}]}
RESULT: undefined
COMMAND: POST /session/3637353f0f0366f06ffc96bdd6dcca04/element - {"using":"xpath","value":"//*[@id=\"createOrganizationPop--giZone\"]"}
RESULT: {}
RESULT: {"using":"xpath","value":"//*[@id=\"createOrganizationPop--giZone\"]"}
COMMAND: POST /session/3637353f0f0366f06ffc96bdd6dcca04/element/f.FA5AA6ACA71DB73EA77ABAF269C4B101.d.ECBD467EF12EF5C524C95EBF57F98E55.e.17639/click - {}
RESULT: {}
COMMAND: POST /session/3637353f0f0366f06ffc96bdd6dcca04/execute/async - {"script":"<script> [1562 bytes]","args":[{"selector":{"id":"createOrganizationPop--binNoInput","searchOpenDialogs":true,"interaction":{"idSuffix":"inner"}},"wdio_ui5_key":"createOrganizationPopbinNoInput"}]}
COMMAND: GET /session/3637353f0f0366f06ffc96bdd6dcca04/screenshot - {}
RESULT: {"script":"<script> [1562 bytes]","args":[{"selector":{"id":"createOrganizationPop--binNoInput","searchOpenDialogs":true,"interaction":{"idSuffix":"inner"}},"wdio_ui5_key":"createOrganizationPopbinNoInput"}]}
RESULT: undefined
COMMAND: POST /session/3637353f0f0366f06ffc96bdd6dcca04/execute/async - {"script":"<script> [776 bytes]","args":[{"enterText":"Bin-Wd","selector":{"id":"createOrganizationPop--binNoInput","searchOpenDialogs":true,"interaction":{"idSuffix":"inner"}},"clearTextFirst":true,"interactionType":"ENTER_TEXT"}]}
RESULT: {}
RESULT: {"script":"<script> [776 bytes]","args":[{"enterText":"Bin-Wd","selector":{"id":"createOrganizationPop--binNoInput","searchOpenDialogs":true,"interaction":{"idSuffix":"inner"}},"clearTextFirst":true,"interactionType":"ENTER_TEXT"}]}
COMMAND: POST /session/3637353f0f0366f06ffc96bdd6dcca04/execute/async - {"script":"<script> [1562 bytes]","args":[{"selector":{"id":"createOrganizationPop--descriptionId","searchOpenDialogs":true,"interaction":{"idSuffix":"inner"}},"wdio_ui5_key":"createOrganizationPopdescriptionId"}]}
RESULT: {"script":"<script> [1562 bytes]","args":[{"selector":{"id":"createOrganizationPop--descriptionId","searchOpenDialogs":true,"interaction":{"idSuffix":"inner"}},"wdio_ui5_key":"createOrganizationPopdescriptionId"}]}
RESULT: undefined
COMMAND: POST /session/3637353f0f0366f06ffc96bdd6dcca04/execute/async - {"script":"<script> [776 bytes]","args":[{"enterText":"Shipping-Wd","selector":{"id":"createOrganizationPop--descriptionId","searchOpenDialogs":true,"interaction":{"idSuffix":"inner"}},"clearTextFirst":true,"interactionType":"ENTER_TEXT"}]}
RESULT: {"script":"<script> [776 bytes]","args":[{"enterText":"Shipping-Wd","selector":{"id":"createOrganizationPop--descriptionId","searchOpenDialogs":true,"interaction":{"idSuffix":"inner"}},"clearTextFirst":true,"interactionType":"ENTER_TEXT"}]}
COMMAND: POST /session/3637353f0f0366f06ffc96bdd6dcca04/execute/async - {"script":"<script> [1562 bytes]","args":[{"selector":{"controlType":"sap.m.CheckBox","viewName":"etm.portal.ui.binstatusreport.view.MasterWareBins","viewId":"application-binstatusreport-display-component---warehousing","bindingPath":{"path":"","propertyPath":"/ZONE","modelName":"newBin"},"searchOpenDialogs":true,"interaction":{"idSuffix":"CbBg"}},"wdio_ui5_key":"etmportal.ui.binstatusreport.view.MasterWareBinssap.m.CheckBox{\"path\":\"\",\"propertyPath\":\"/ZONE\",\"modelName\":\"newBin\"}"}]}
RESULT: {"script":"<script> [1562 bytes]","args":[{"selector":{"controlType":"sap.m.CheckBox","viewName":"etm.portal.ui.binstatusreport.view.MasterWareBins","viewId":"application-binstatusreport-display-component---warehousing","bindingPath":{"path":"","propertyPath":"/ZONE","modelName":"newBin"},"searchOpenDialogs":true,"interaction":{"idSuffix":"CbBg"}},"wdio_ui5_key":"etmportal.ui.binstatusreport.view.MasterWareBinssap.m.CheckBox{\"path\":\"\",\"propertyPath\":\"/ZONE\",\"modelName\":\"newBin\"}"}]}
RESULT: undefined
COMMAND: POST /session/3637353f0f0366f06ffc96bdd6dcca04/element - {"using":"xpath","value":"//*[@id=\"__box56\"]"}
RESULT: {"using":"xpath","value":"//*[@id=\"__box56\"]"}
COMMAND: POST /session/3637353f0f0366f06ffc96bdd6dcca04/element/f.FA5AA6ACA71DB73EA77ABAF269C4B101.d.ECBD467EF12EF5C524C95EBF57F98E55.e.17643/click - {}
RESULT: {}
COMMAND: POST /session/3637353f0f0366f06ffc96bdd6dcca04/execute/async - {"script":"<script> [1562 bytes]","args":[{"selector":{"id":"createOrganizationPop--binTypesCB","searchOpenDialogs":true,"interaction":{"idSuffix":"inner"}},"wdio_ui5_key":"createOrganizationPopbinTypesCB"}]}
COMMAND: GET /session/3637353f0f0366f06ffc96bdd6dcca04/screenshot - {}
RESULT: {"script":"<script> [1562 bytes]","args":[{"selector":{"id":"createOrganizationPop--binTypesCB","searchOpenDialogs":true,"interaction":{"idSuffix":"inner"}},"wdio_ui5_key":"createOrganizationPopbinTypesCB"}]}
RESULT: undefined
COMMAND: POST /session/3637353f0f0366f06ffc96bdd6dcca04/execute/async - {"script":"<script> [776 bytes]","args":[{"enterText":"1 - General / No capacity check","selector":{"id":"createOrganizationPop--binTypesCB","searchOpenDialogs":true,"interaction":{"idSuffix":"inner"}},"clearTextFirst":true,"interactionType":"ENTER_TEXT"}]}
RESULT: {}
RESULT: {"script":"<script> [776 bytes]","args":[{"enterText":"1 - General / No capacity check","selector":{"id":"createOrganizationPop--binTypesCB","searchOpenDialogs":true,"interaction":{"idSuffix":"inner"}},"clearTextFirst":true,"interactionType":"ENTER_TEXT"}]}
COMMAND: POST /session/3637353f0f0366f06ffc96bdd6dcca04/actions - {"actions":[{"id":"action74","type":"key","parameters":{},"actions":[{"type":"keyDown","value":"î€‡"},{"type":"pause","duration":10},{"type":"keyUp","value":"î€‡"}]}]}
RESULT: {"actions":[{"id":"action74","type":"key","parameters":{},"actions":[{"type":"keyDown","value":"î€‡"},{"type":"pause","duration":10},{"type":"keyUp","value":"î€‡"}]}]}
COMMAND: GET /session/3637353f0f0366f06ffc96bdd6dcca04/screenshot - {}
RESULT: {}
COMMAND: POST /session/3637353f0f0366f06ffc96bdd6dcca04/execute/async - {"script":"<script> [1562 bytes]","args":[{"selector":{"id":"createOrganizationPop--finishBtn","searchOpenDialogs":true,"interaction":{"idSuffix":"BDI-content"}},"wdio_ui5_key":"createOrganizationPopfinishBtn"}]}
RESULT: {"script":"<script> [1562 bytes]","args":[{"selector":{"id":"createOrganizationPop--finishBtn","searchOpenDialogs":true,"interaction":{"idSuffix":"BDI-content"}},"wdio_ui5_key":"createOrganizationPopfinishBtn"}]}
RESULT: undefined
COMMAND: POST /session/3637353f0f0366f06ffc96bdd6dcca04/element - {"using":"xpath","value":"//*[@id=\"createOrganizationPop--finishBtn\"]"}
RESULT: {"using":"xpath","value":"//*[@id=\"createOrganizationPop--finishBtn\"]"}
COMMAND: POST /session/3637353f0f0366f06ffc96bdd6dcca04/element/f.FA5AA6ACA71DB73EA77ABAF269C4B101.d.ECBD467EF12EF5C524C95EBF57F98E55.e.17646/click - {}
RESULT: {}
]]></system-out>
    </testcase>
    <testcase classname="chrome.135_0_7049_96.windows.Return_from_Site_w/_warehouse_management_w/_clarification_US125588" name="Bin Status Report Should Create New Organization for Site" time="43.521">
      <system-out><![CDATA[
COMMAND: GET /session/3637353f0f0366f06ffc96bdd6dcca04/screenshot - {}
RESULT: {}
RESULT: undefined
COMMAND: POST /session/3637353f0f0366f06ffc96bdd6dcca04/element - {"using":"xpath","value":"//*[@id=\"application-binstatusreport-display-component---warehousing--createOrgBtn\"]"}
RESULT: {"using":"xpath","value":"//*[@id=\"application-binstatusreport-display-component---warehousing--createOrgBtn\"]"}
COMMAND: POST /session/3637353f0f0366f06ffc96bdd6dcca04/element/f.FA5AA6ACA71DB73EA77ABAF269C4B101.d.ECBD467EF12EF5C524C95EBF57F98E55.e.17568/click - {}
RESULT: {}
RESULT: undefined
COMMAND: POST /session/3637353f0f0366f06ffc96bdd6dcca04/execute/async - {"script":"<script> [776 bytes]","args":[{"enterText":"2334","selector":{"id":"createOrganizationPop--sectionInput","searchOpenDialogs":true,"interaction":{"idSuffix":"inner"}},"clearTextFirst":true,"interactionType":"ENTER_TEXT"}]}
COMMAND: GET /session/3637353f0f0366f06ffc96bdd6dcca04/screenshot - {}
RESULT: {"script":"<script> [776 bytes]","args":[{"enterText":"2334","selector":{"id":"createOrganizationPop--sectionInput","searchOpenDialogs":true,"interaction":{"idSuffix":"inner"}},"clearTextFirst":true,"interactionType":"ENTER_TEXT"}]}
RESULT: undefined
COMMAND: POST /session/3637353f0f0366f06ffc96bdd6dcca04/execute/async - {"script":"<script> [776 bytes]","args":[{"enterText":"WDI2334","selector":{"id":"createOrganizationPop--descriptionInput","searchOpenDialogs":true,"interaction":{"idSuffix":"inner"}},"clearTextFirst":true,"interactionType":"ENTER_TEXT"}]}
RESULT: {}
RESULT: {"script":"<script> [776 bytes]","args":[{"enterText":"WDI2334","selector":{"id":"createOrganizationPop--descriptionInput","searchOpenDialogs":true,"interaction":{"idSuffix":"inner"}},"clearTextFirst":true,"interactionType":"ENTER_TEXT"}]}
COMMAND: POST /session/3637353f0f0366f06ffc96bdd6dcca04/element - {"using":"css selector","value":"#createOrganizationPop--siteOrg-inner"}
RESULT: {"using":"css selector","value":"#createOrganizationPop--siteOrg-inner"}
COMMAND: POST /session/3637353f0f0366f06ffc96bdd6dcca04/element/f.FA5AA6ACA71DB73EA77ABAF269C4B101.d.ECBD467EF12EF5C524C95EBF57F98E55.e.17652/clear - {}
RESULT: {}
COMMAND: POST /session/3637353f0f0366f06ffc96bdd6dcca04/element/f.FA5AA6ACA71DB73EA77ABAF269C4B101.d.ECBD467EF12EF5C524C95EBF57F98E55.e.17652/value - {"text":"2334"}
COMMAND: GET /session/3637353f0f0366f06ffc96bdd6dcca04/screenshot - {}
RESULT: {"text":"2334"}
COMMAND: GET /session/3637353f0f0366f06ffc96bdd6dcca04/screenshot - {}
RESULT: {}
RESULT: {}
COMMAND: POST /session/3637353f0f0366f06ffc96bdd6dcca04/actions - {"actions":[{"id":"action75","type":"key","parameters":{},"actions":[{"type":"keyDown","value":"î€‡"},{"type":"pause","duration":10},{"type":"keyUp","value":"î€‡"}]}]}
RESULT: {"actions":[{"id":"action75","type":"key","parameters":{},"actions":[{"type":"keyDown","value":"î€‡"},{"type":"pause","duration":10},{"type":"keyUp","value":"î€‡"}]}]}
RESULT: undefined
COMMAND: POST /session/3637353f0f0366f06ffc96bdd6dcca04/element - {"using":"xpath","value":"//*[@id=\"createOrganizationPop--giZone\"]"}
COMMAND: GET /session/3637353f0f0366f06ffc96bdd6dcca04/screenshot - {}
RESULT: {"using":"xpath","value":"//*[@id=\"createOrganizationPop--giZone\"]"}
COMMAND: POST /session/3637353f0f0366f06ffc96bdd6dcca04/element/f.FA5AA6ACA71DB73EA77ABAF269C4B101.d.ECBD467EF12EF5C524C95EBF57F98E55.e.17670/click - {}
RESULT: {}
RESULT: {}
RESULT: undefined
COMMAND: POST /session/3637353f0f0366f06ffc96bdd6dcca04/execute/async - {"script":"<script> [776 bytes]","args":[{"enterText":"WD-BIN","selector":{"id":"createOrganizationPop--binNoInput","searchOpenDialogs":true,"interaction":{"idSuffix":"inner"}},"clearTextFirst":true,"interactionType":"ENTER_TEXT"}]}
COMMAND: GET /session/3637353f0f0366f06ffc96bdd6dcca04/screenshot - {}
RESULT: {"script":"<script> [776 bytes]","args":[{"enterText":"WD-BIN","selector":{"id":"createOrganizationPop--binNoInput","searchOpenDialogs":true,"interaction":{"idSuffix":"inner"}},"clearTextFirst":true,"interactionType":"ENTER_TEXT"}]}
RESULT: undefined
COMMAND: POST /session/3637353f0f0366f06ffc96bdd6dcca04/execute/async - {"script":"<script> [776 bytes]","args":[{"enterText":"WD-BIN","selector":{"id":"createOrganizationPop--descriptionId","searchOpenDialogs":true,"interaction":{"idSuffix":"inner"}},"clearTextFirst":true,"interactionType":"ENTER_TEXT"}]}
RESULT: {}
RESULT: {"script":"<script> [776 bytes]","args":[{"enterText":"WD-BIN","selector":{"id":"createOrganizationPop--descriptionId","searchOpenDialogs":true,"interaction":{"idSuffix":"inner"}},"clearTextFirst":true,"interactionType":"ENTER_TEXT"}]}
COMMAND: POST /session/3637353f0f0366f06ffc96bdd6dcca04/execute/async - {"script":"<script> [1562 bytes]","args":[{"selector":{"controlType":"sap.m.CheckBox","viewName":"etm.portal.ui.binstatusreport.view.MasterWareBins","viewId":"application-binstatusreport-display-component---warehousing","bindingPath":{"propertyPath":"/ZONE","modelName":"newBin"},"searchOpenDialogs":true,"interaction":{"idSuffix":"CbBg"}},"wdio_ui5_key":"etmportal.ui.binstatusreport.view.MasterWareBinssap.m.CheckBox{\"propertyPath\":\"/ZONE\",\"modelName\":\"newBin\"}"}]}
RESULT: {"script":"<script> [1562 bytes]","args":[{"selector":{"controlType":"sap.m.CheckBox","viewName":"etm.portal.ui.binstatusreport.view.MasterWareBins","viewId":"application-binstatusreport-display-component---warehousing","bindingPath":{"propertyPath":"/ZONE","modelName":"newBin"},"searchOpenDialogs":true,"interaction":{"idSuffix":"CbBg"}},"wdio_ui5_key":"etmportal.ui.binstatusreport.view.MasterWareBinssap.m.CheckBox{\"propertyPath\":\"/ZONE\",\"modelName\":\"newBin\"}"}]}
RESULT: undefined
COMMAND: POST /session/3637353f0f0366f06ffc96bdd6dcca04/element - {"using":"xpath","value":"//*[@id=\"__box59\"]"}
RESULT: {"using":"xpath","value":"//*[@id=\"__box59\"]"}
COMMAND: POST /session/3637353f0f0366f06ffc96bdd6dcca04/element/f.FA5AA6ACA71DB73EA77ABAF269C4B101.d.ECBD467EF12EF5C524C95EBF57F98E55.e.17672/click - {}
RESULT: {}
COMMAND: GET /session/3637353f0f0366f06ffc96bdd6dcca04/screenshot - {}
RESULT: {}
RESULT: undefined
COMMAND: POST /session/3637353f0f0366f06ffc96bdd6dcca04/execute/async - {"script":"<script> [776 bytes]","args":[{"enterText":"1 - General / No capacity check","selector":{"id":"createOrganizationPop--binTypesCB","searchOpenDialogs":true,"interaction":{"idSuffix":"inner"}},"clearTextFirst":true,"interactionType":"ENTER_TEXT"}]}
RESULT: {"script":"<script> [776 bytes]","args":[{"enterText":"1 - General / No capacity check","selector":{"id":"createOrganizationPop--binTypesCB","searchOpenDialogs":true,"interaction":{"idSuffix":"inner"}},"clearTextFirst":true,"interactionType":"ENTER_TEXT"}]}
COMMAND: POST /session/3637353f0f0366f06ffc96bdd6dcca04/execute/async - {"script":"<script> [1562 bytes]","args":[{"selector":{"id":"createOrganizationPop--capacityId","searchOpenDialogs":true,"interaction":{"idSuffix":"inner"}},"wdio_ui5_key":"createOrganizationPopcapacityId"}]}
RESULT: {"script":"<script> [1562 bytes]","args":[{"selector":{"id":"createOrganizationPop--capacityId","searchOpenDialogs":true,"interaction":{"idSuffix":"inner"}},"wdio_ui5_key":"createOrganizationPopcapacityId"}]}
RESULT: undefined
COMMAND: POST /session/3637353f0f0366f06ffc96bdd6dcca04/actions - {"actions":[{"id":"action76","type":"key","parameters":{},"actions":[{"type":"keyDown","value":"î€‡"},{"type":"pause","duration":10},{"type":"keyUp","value":"î€‡"}]}]}
RESULT: {"actions":[{"id":"action76","type":"key","parameters":{},"actions":[{"type":"keyDown","value":"î€‡"},{"type":"pause","duration":10},{"type":"keyUp","value":"î€‡"}]}]}
COMMAND: GET /session/3637353f0f0366f06ffc96bdd6dcca04/screenshot - {}
RESULT: {}
RESULT: undefined
COMMAND: POST /session/3637353f0f0366f06ffc96bdd6dcca04/element - {"using":"xpath","value":"//*[@id=\"createOrganizationPop--finishBtn\"]"}
RESULT: {"using":"xpath","value":"//*[@id=\"createOrganizationPop--finishBtn\"]"}
COMMAND: POST /session/3637353f0f0366f06ffc96bdd6dcca04/element/f.FA5AA6ACA71DB73EA77ABAF269C4B101.d.ECBD467EF12EF5C524C95EBF57F98E55.e.17673/click - {}
RESULT: {}
COMMAND: POST /session/3637353f0f0366f06ffc96bdd6dcca04/element - {"using":"css selector","value":"#shell-header-logo"}
COMMAND: GET /session/3637353f0f0366f06ffc96bdd6dcca04/screenshot - {}
RESULT: {"using":"css selector","value":"#shell-header-logo"}
COMMAND: POST /session/3637353f0f0366f06ffc96bdd6dcca04/element/f.FA5AA6ACA71DB73EA77ABAF269C4B101.d.ECBD467EF12EF5C524C95EBF57F98E55.e.17536/click - {}
RESULT: {}
RESULT: {}
]]></system-out>
    </testcase>
  </testsuite>
  <testsuite timestamp="2025-05-02T07:02:07" time="389.773" tests="7" failures="2" errors="2" skipped="0">
    <properties>
      <property name="specId" value="0" />
      <property name="suiteName" value="Provide to Site w/ warehouse management w clarification" />
      <property name="capabilities" value="chrome.135_0_7049_96.windows" />
      <property name="file" value="file:///D:/a/1/s/test/specs/HTR/return-from-site-w-warehouse-management-w-clarification.spec.js" />
    </properties>
    <testcase classname="chrome.135_0_7049_96.windows.Provide_to_Site_w/_warehouse_management_w_clarification" name="Should do a stock increase handover" time="84.066">
      <system-out><![CDATA[
COMMAND: GET /session/3637353f0f0366f06ffc96bdd6dcca04/screenshot - {}
COMMAND: POST /session/3637353f0f0366f06ffc96bdd6dcca04/execute/async - {"script":"<script> [1562 bytes]","args":[{"selector":{"controlType":"sap.m.GenericTile","properties":{"header":"Manage Handovers"}},"wdio_ui5_key":"sapm.GenericTile{\"header\":\"Manage Handovers\"}"}]}
RESULT: {}
RESULT: {"script":"<script> [1562 bytes]","args":[{"selector":{"controlType":"sap.m.GenericTile","properties":{"header":"Manage Handovers"}},"wdio_ui5_key":"sapm.GenericTile{\"header\":\"Manage Handovers\"}"}]}
RESULT: undefined
COMMAND: POST /session/3637353f0f0366f06ffc96bdd6dcca04/element - {"using":"xpath","value":"//*[@id=\"__tile132\"]"}
RESULT: {"using":"xpath","value":"//*[@id=\"__tile132\"]"}
COMMAND: POST /session/3637353f0f0366f06ffc96bdd6dcca04/element/f.FA5AA6ACA71DB73EA77ABAF269C4B101.d.ECBD467EF12EF5C524C95EBF57F98E55.e.17679/click - {}
RESULT: {}
COMMAND: GET /session/3637353f0f0366f06ffc96bdd6dcca04/screenshot - {}
COMMAND: POST /session/3637353f0f0366f06ffc96bdd6dcca04/element - {"using":"xpath","value":"//button[(@data-kt = 'masterHOAddButton')]"}
RESULT: {}
RESULT: {"using":"xpath","value":"//button[(@data-kt = 'masterHOAddButton')]"}
COMMAND: POST /session/3637353f0f0366f06ffc96bdd6dcca04/elements - {"using":"xpath","value":"//button[(@data-kt = 'masterHOAddButton')]"}
RESULT: {"using":"xpath","value":"//button[(@data-kt = 'masterHOAddButton')]"}
COMMAND: POST /session/3637353f0f0366f06ffc96bdd6dcca04/elements - {"using":"xpath","value":"//button[(@data-kt = 'masterHOAddButton')]"}
RESULT: {"using":"xpath","value":"//button[(@data-kt = 'masterHOAddButton')]"}
COMMAND: POST /session/3637353f0f0366f06ffc96bdd6dcca04/element - {"using":"xpath","value":"//button[(@data-kt = 'masterHOAddButton')]"}
RESULT: {"using":"xpath","value":"//button[(@data-kt = 'masterHOAddButton')]"}
COMMAND: POST /session/3637353f0f0366f06ffc96bdd6dcca04/element/f.FA5AA6ACA71DB73EA77ABAF269C4B101.d.ECBD467EF12EF5C524C95EBF57F98E55.e.17710/click - {}
RESULT: {}
COMMAND: POST /session/3637353f0f0366f06ffc96bdd6dcca04/element - {"using":"css selector","value":"span[id=\"application-managehandovers-display-component---AddNewHO--typeSelect-label\"]"}
COMMAND: GET /session/3637353f0f0366f06ffc96bdd6dcca04/screenshot - {}
RESULT: {"using":"css selector","value":"span[id=\"application-managehandovers-display-component---AddNewHO--typeSelect-label\"]"}
COMMAND: POST /session/3637353f0f0366f06ffc96bdd6dcca04/elements - {"using":"css selector","value":"span[id=\"application-managehandovers-display-component---AddNewHO--typeSelect-label\"]"}
RESULT: {}
RESULT: {"using":"css selector","value":"span[id=\"application-managehandovers-display-component---AddNewHO--typeSelect-label\"]"}
COMMAND: POST /session/3637353f0f0366f06ffc96bdd6dcca04/element - {"using":"css selector","value":"span[id=\"application-managehandovers-display-component---AddNewHO--typeSelect-label\"]"}
RESULT: {"using":"css selector","value":"span[id=\"application-managehandovers-display-component---AddNewHO--typeSelect-label\"]"}
COMMAND: POST /session/3637353f0f0366f06ffc96bdd6dcca04/element/f.FA5AA6ACA71DB73EA77ABAF269C4B101.d.ECBD467EF12EF5C524C95EBF57F98E55.e.18023/click - {}
RESULT: {}
COMMAND: POST /session/3637353f0f0366f06ffc96bdd6dcca04/element - {"using":"css selector","value":"#application-managehandovers-display-component---AddNewHO--oneStep-CB"}
COMMAND: GET /session/3637353f0f0366f06ffc96bdd6dcca04/screenshot - {}
RESULT: {"using":"css selector","value":"#application-managehandovers-display-component---AddNewHO--oneStep-CB"}
COMMAND: GET /session/3637353f0f0366f06ffc96bdd6dcca04/element/f.FA5AA6ACA71DB73EA77ABAF269C4B101.d.ECBD467EF12EF5C524C95EBF57F98E55.e.17953/selected - {}
RESULT: {}
RESULT: {}
COMMAND: POST /session/3637353f0f0366f06ffc96bdd6dcca04/element - {"using":"xpath","value":"//li[contains(text(), \"stock increase yard\")]"}
COMMAND: GET /session/3637353f0f0366f06ffc96bdd6dcca04/screenshot - {}
RESULT: {"using":"xpath","value":"//li[contains(text(), \"stock increase yard\")]"}
COMMAND: POST /session/3637353f0f0366f06ffc96bdd6dcca04/element/f.FA5AA6ACA71DB73EA77ABAF269C4B101.d.ECBD467EF12EF5C524C95EBF57F98E55.e.18024/click - {}
RESULT: {}
RESULT: {}
COMMAND: GET /session/3637353f0f0366f06ffc96bdd6dcca04/screenshot - {}
RESULT: {}
COMMAND: POST /session/3637353f0f0366f06ffc96bdd6dcca04/element - {"using":"css selector","value":"input[id=\"generalSectionFrg--receiveYard-inner\"]"}
RESULT: {"using":"css selector","value":"input[id=\"generalSectionFrg--receiveYard-inner\"]"}
COMMAND: POST /session/3637353f0f0366f06ffc96bdd6dcca04/element/f.FA5AA6ACA71DB73EA77ABAF269C4B101.d.ECBD467EF12EF5C524C95EBF57F98E55.e.18034/clear - {}
RESULT: {}
COMMAND: POST /session/3637353f0f0366f06ffc96bdd6dcca04/element/f.FA5AA6ACA71DB73EA77ABAF269C4B101.d.ECBD467EF12EF5C524C95EBF57F98E55.e.18034/value - {"text":"499"}
COMMAND: GET /session/3637353f0f0366f06ffc96bdd6dcca04/screenshot - {}
RESULT: {"text":"499"}
COMMAND: GET /session/3637353f0f0366f06ffc96bdd6dcca04/screenshot - {}
RESULT: {}
RESULT: {}
COMMAND: POST /session/3637353f0f0366f06ffc96bdd6dcca04/element - {"using":"css selector","value":"#application-managehandovers-display-component---AddNewHO--dueDate-inner"}
RESULT: {"using":"css selector","value":"#application-managehandovers-display-component---AddNewHO--dueDate-inner"}
COMMAND: POST /session/3637353f0f0366f06ffc96bdd6dcca04/element/f.FA5AA6ACA71DB73EA77ABAF269C4B101.d.ECBD467EF12EF5C524C95EBF57F98E55.e.18028/clear - {}
RESULT: {}
COMMAND: POST /session/3637353f0f0366f06ffc96bdd6dcca04/element/f.FA5AA6ACA71DB73EA77ABAF269C4B101.d.ECBD467EF12EF5C524C95EBF57F98E55.e.18028/value - {"text":"5/2/25"}
COMMAND: GET /session/3637353f0f0366f06ffc96bdd6dcca04/screenshot - {}
RESULT: {"text":"5/2/25"}
COMMAND: GET /session/3637353f0f0366f06ffc96bdd6dcca04/screenshot - {}
RESULT: {}
RESULT: {}
COMMAND: POST /session/3637353f0f0366f06ffc96bdd6dcca04/element - {"using":"xpath","value":"//bdi[(text() = 'Items' or . = 'Items')]"}
RESULT: {"using":"xpath","value":"//bdi[(text() = 'Items' or . = 'Items')]"}
COMMAND: POST /session/3637353f0f0366f06ffc96bdd6dcca04/element/f.FA5AA6ACA71DB73EA77ABAF269C4B101.d.ECBD467EF12EF5C524C95EBF57F98E55.e.18051/click - {}
RESULT: {}
COMMAND: GET /session/3637353f0f0366f06ffc96bdd6dcca04/screenshot - {}
RESULT: {}
COMMAND: POST /session/3637353f0f0366f06ffc96bdd6dcca04/element - {"using":"xpath","value":"//button[@aria-label=\"Add\"]"}
RESULT: {"using":"xpath","value":"//button[@aria-label=\"Add\"]"}
COMMAND: POST /session/3637353f0f0366f06ffc96bdd6dcca04/element/f.FA5AA6ACA71DB73EA77ABAF269C4B101.d.ECBD467EF12EF5C524C95EBF57F98E55.e.18056/click - {}
RESULT: {}
COMMAND: GET /session/3637353f0f0366f06ffc96bdd6dcca04/screenshot - {}
RESULT: {}
COMMAND: POST /session/3637353f0f0366f06ffc96bdd6dcca04/element - {"using":"css selector","value":"input[id= \"application-managehandovers-display-component---AddNewHO--smartFilterBar-btnBasicSearch-I\"]"}
RESULT: {"using":"css selector","value":"input[id= \"application-managehandovers-display-component---AddNewHO--smartFilterBar-btnBasicSearch-I\"]"}
COMMAND: POST /session/3637353f0f0366f06ffc96bdd6dcca04/element/f.FA5AA6ACA71DB73EA77ABAF269C4B101.d.ECBD467EF12EF5C524C95EBF57F98E55.e.18061/clear - {}
RESULT: {}
COMMAND: POST /session/3637353f0f0366f06ffc96bdd6dcca04/element/f.FA5AA6ACA71DB73EA77ABAF269C4B101.d.ECBD467EF12EF5C524C95EBF57F98E55.e.18061/value - {"text":"200270"}
COMMAND: GET /session/3637353f0f0366f06ffc96bdd6dcca04/screenshot - {}
RESULT: {"text":"200270"}
COMMAND: POST /session/3637353f0f0366f06ffc96bdd6dcca04/actions - {"actions":[{"id":"action77","type":"key","parameters":{},"actions":[{"type":"keyDown","value":"î€‡"},{"type":"pause","duration":10},{"type":"keyUp","value":"î€‡"}]}]}
COMMAND: GET /session/3637353f0f0366f06ffc96bdd6dcca04/screenshot - {}
RESULT: {}
RESULT: {"actions":[{"id":"action77","type":"key","parameters":{},"actions":[{"type":"keyDown","value":"î€‡"},{"type":"pause","duration":10},{"type":"keyUp","value":"î€‡"}]}]}
COMMAND: POST /session/3637353f0f0366f06ffc96bdd6dcca04/element - {"using":"css selector","value":"div[id= \"application-managehandovers-display-component---AddNewHO--smartFilterBar-btnBasicSearch-search\"]"}
RESULT: {}
RESULT: {"using":"css selector","value":"div[id= \"application-managehandovers-display-component---AddNewHO--smartFilterBar-btnBasicSearch-search\"]"}
COMMAND: POST /session/3637353f0f0366f06ffc96bdd6dcca04/element/f.FA5AA6ACA71DB73EA77ABAF269C4B101.d.ECBD467EF12EF5C524C95EBF57F98E55.e.18210/click - {}
COMMAND: GET /session/3637353f0f0366f06ffc96bdd6dcca04/screenshot - {}
RESULT: {}
COMMAND: GET /session/3637353f0f0366f06ffc96bdd6dcca04/screenshot - {}
RESULT: {}
RESULT: {}
COMMAND: POST /session/3637353f0f0366f06ffc96bdd6dcca04/element - {"using":"css selector","value":"div[id= \"application-managehandovers-display-component---AddNewHO--popup-sa-CbBg\"]"}
RESULT: {"using":"css selector","value":"div[id= \"application-managehandovers-display-component---AddNewHO--popup-sa-CbBg\"]"}
COMMAND: POST /session/3637353f0f0366f06ffc96bdd6dcca04/element/f.FA5AA6ACA71DB73EA77ABAF269C4B101.d.ECBD467EF12EF5C524C95EBF57F98E55.e.18211/click - {}
RESULT: {}
COMMAND: POST /session/3637353f0f0366f06ffc96bdd6dcca04/element - {"using":"xpath","value":"//bdi[(text() = 'Select' or . = 'Select')]"}
COMMAND: GET /session/3637353f0f0366f06ffc96bdd6dcca04/screenshot - {}
RESULT: {"using":"xpath","value":"//bdi[(text() = 'Select' or . = 'Select')]"}
COMMAND: POST /session/3637353f0f0366f06ffc96bdd6dcca04/element/f.FA5AA6ACA71DB73EA77ABAF269C4B101.d.ECBD467EF12EF5C524C95EBF57F98E55.e.18212/click - {}
RESULT: {}
RESULT: {}
COMMAND: GET /session/3637353f0f0366f06ffc96bdd6dcca04/screenshot - {}
RESULT: {}
COMMAND: POST /session/3637353f0f0366f06ffc96bdd6dcca04/element - {"using":"xpath","value":"//bdi[(text() = 'Save' or . = 'Save')]"}
RESULT: {"using":"xpath","value":"//bdi[(text() = 'Save' or . = 'Save')]"}
COMMAND: POST /session/3637353f0f0366f06ffc96bdd6dcca04/element/f.FA5AA6ACA71DB73EA77ABAF269C4B101.d.ECBD467EF12EF5C524C95EBF57F98E55.e.18216/click - {}
RESULT: {}
COMMAND: GET /session/3637353f0f0366f06ffc96bdd6dcca04/screenshot - {}
RESULT: {}
COMMAND: POST /session/3637353f0f0366f06ffc96bdd6dcca04/element - {"using":"xpath","value":"//input[contains(@id ,\"receiptDatePicker-inner\")]"}
RESULT: {"using":"xpath","value":"//input[contains(@id ,\"receiptDatePicker-inner\")]"}
COMMAND: POST /session/3637353f0f0366f06ffc96bdd6dcca04/element/f.FA5AA6ACA71DB73EA77ABAF269C4B101.d.ECBD467EF12EF5C524C95EBF57F98E55.e.18242/click - {}
RESULT: {}
COMMAND: POST /session/3637353f0f0366f06ffc96bdd6dcca04/element - {"using":"xpath","value":"//input[contains(@id ,\"receiptDatePicker-inner\")]"}
COMMAND: GET /session/3637353f0f0366f06ffc96bdd6dcca04/screenshot - {}
RESULT: {"using":"xpath","value":"//input[contains(@id ,\"receiptDatePicker-inner\")]"}
COMMAND: POST /session/3637353f0f0366f06ffc96bdd6dcca04/element/f.FA5AA6ACA71DB73EA77ABAF269C4B101.d.ECBD467EF12EF5C524C95EBF57F98E55.e.18242/clear - {}
RESULT: {}
RESULT: {}
COMMAND: POST /session/3637353f0f0366f06ffc96bdd6dcca04/element/f.FA5AA6ACA71DB73EA77ABAF269C4B101.d.ECBD467EF12EF5C524C95EBF57F98E55.e.18242/value - {"text":"5/2/25"}
COMMAND: GET /session/3637353f0f0366f06ffc96bdd6dcca04/screenshot - {}
RESULT: {"text":"5/2/25"}
COMMAND: GET /session/3637353f0f0366f06ffc96bdd6dcca04/screenshot - {}
RESULT: {}
RESULT: {}
COMMAND: POST /session/3637353f0f0366f06ffc96bdd6dcca04/execute/async - {"script":"<script> [1562 bytes]","args":[{"selector":{"id":"administrationTabFilter","viewName":"etm.portal.ui.managehandovers.view.DetailExecuteHO","interaction":{"idSuffix":"text"}},"wdio_ui5_key":"administrationTabFilteretmportal.ui.managehandovers.view.DetailExecuteHO"}]}
RESULT: {"script":"<script> [1562 bytes]","args":[{"selector":{"id":"administrationTabFilter","viewName":"etm.portal.ui.managehandovers.view.DetailExecuteHO","interaction":{"idSuffix":"text"}},"wdio_ui5_key":"administrationTabFilteretmportal.ui.managehandovers.view.DetailExecuteHO"}]}
RESULT: undefined
COMMAND: POST /session/3637353f0f0366f06ffc96bdd6dcca04/element - {"using":"xpath","value":"//*[@id=\"__xmlview61--administrationTabFilter\"]"}
RESULT: {"using":"xpath","value":"//*[@id=\"__xmlview61--administrationTabFilter\"]"}
COMMAND: POST /session/3637353f0f0366f06ffc96bdd6dcca04/element/f.FA5AA6ACA71DB73EA77ABAF269C4B101.d.ECBD467EF12EF5C524C95EBF57F98E55.e.18262/click - {}
RESULT: {}
RESULT: undefined
COMMAND: POST /session/3637353f0f0366f06ffc96bdd6dcca04/element - {"using":"xpath","value":"//*[@id=\"__xmlview61--administrationTabFilter\"]"}
COMMAND: GET /session/3637353f0f0366f06ffc96bdd6dcca04/screenshot - {}
RESULT: {"using":"xpath","value":"//*[@id=\"__xmlview61--administrationTabFilter\"]"}
COMMAND: POST /session/3637353f0f0366f06ffc96bdd6dcca04/element/f.FA5AA6ACA71DB73EA77ABAF269C4B101.d.ECBD467EF12EF5C524C95EBF57F98E55.e.18262/click - {}
RESULT: {}
RESULT: {}
COMMAND: GET /session/3637353f0f0366f06ffc96bdd6dcca04/screenshot - {}
RESULT: {}
COMMAND: POST /session/3637353f0f0366f06ffc96bdd6dcca04/element - {"using":"xpath","value":"//bdi[(text() = 'Confirm' or . = 'Confirm')]"}
RESULT: {"using":"xpath","value":"//bdi[(text() = 'Confirm' or . = 'Confirm')]"}
COMMAND: POST /session/3637353f0f0366f06ffc96bdd6dcca04/element/f.FA5AA6ACA71DB73EA77ABAF269C4B101.d.ECBD467EF12EF5C524C95EBF57F98E55.e.18270/click - {}
RESULT: {}
COMMAND: GET /session/3637353f0f0366f06ffc96bdd6dcca04/screenshot - {}
RESULT: {}
COMMAND: POST /session/3637353f0f0366f06ffc96bdd6dcca04/execute/async - {"script":"<script> [1562 bytes]","args":[{"selector":{"id":"confirmationButton","viewName":"etm.portal.ui.managehandovers.view.DetailExecuteHO","interaction":{"idSuffix":"BDI-content"}},"wdio_ui5_key":"confirmationButtonetmportal.ui.managehandovers.view.DetailExecuteHO"}]}
RESULT: {"script":"<script> [1562 bytes]","args":[{"selector":{"id":"confirmationButton","viewName":"etm.portal.ui.managehandovers.view.DetailExecuteHO","interaction":{"idSuffix":"BDI-content"}},"wdio_ui5_key":"confirmationButtonetmportal.ui.managehandovers.view.DetailExecuteHO"}]}
RESULT: undefined
COMMAND: POST /session/3637353f0f0366f06ffc96bdd6dcca04/element - {"using":"xpath","value":"(//*[text()='Receive'])[2]"}
RESULT: {"using":"xpath","value":"(//*[text()='Receive'])[2]"}
COMMAND: GET /session/3637353f0f0366f06ffc96bdd6dcca04/element/f.FA5AA6ACA71DB73EA77ABAF269C4B101.d.ECBD467EF12EF5C524C95EBF57F98E55.e.18274/enabled - {}
RESULT: {}
COMMAND: POST /session/3637353f0f0366f06ffc96bdd6dcca04/execute/sync - {"script":"<script> [8489 bytes]","args":[{"element-6066-11e4-a52e-4f735466cecf":"f.FA5AA6ACA71DB73EA77ABAF269C4B101.d.ECBD467EF12EF5C524C95EBF57F98E55.e.18274","ELEMENT":"f.FA5AA6ACA71DB73EA77ABAF269C4B101.d.ECBD467EF12EF5C524C95EBF57F98E55.e.18274"}]}
COMMAND: GET /session/3637353f0f0366f06ffc96bdd6dcca04/screenshot - {}
RESULT: {"script":"<script> [8489 bytes]","args":[{"element-6066-11e4-a52e-4f735466cecf":"f.FA5AA6ACA71DB73EA77ABAF269C4B101.d.ECBD467EF12EF5C524C95EBF57F98E55.e.18274","ELEMENT":"f.FA5AA6ACA71DB73EA77ABAF269C4B101.d.ECBD467EF12EF5C524C95EBF57F98E55.e.18274"}]}
COMMAND: POST /session/3637353f0f0366f06ffc96bdd6dcca04/execute/sync - {"script":"<script> [5351 bytes]","args":[{"element-6066-11e4-a52e-4f735466cecf":"f.FA5AA6ACA71DB73EA77ABAF269C4B101.d.ECBD467EF12EF5C524C95EBF57F98E55.e.18274","ELEMENT":"f.FA5AA6ACA71DB73EA77ABAF269C4B101.d.ECBD467EF12EF5C524C95EBF57F98E55.e.18274"}]}
COMMAND: GET /session/3637353f0f0366f06ffc96bdd6dcca04/screenshot - {}
RESULT: {}
RESULT: {"script":"<script> [5351 bytes]","args":[{"element-6066-11e4-a52e-4f735466cecf":"f.FA5AA6ACA71DB73EA77ABAF269C4B101.d.ECBD467EF12EF5C524C95EBF57F98E55.e.18274","ELEMENT":"f.FA5AA6ACA71DB73EA77ABAF269C4B101.d.ECBD467EF12EF5C524C95EBF57F98E55.e.18274"}]}
COMMAND: POST /session/3637353f0f0366f06ffc96bdd6dcca04/element/f.FA5AA6ACA71DB73EA77ABAF269C4B101.d.ECBD467EF12EF5C524C95EBF57F98E55.e.18274/click - {}
COMMAND: GET /session/3637353f0f0366f06ffc96bdd6dcca04/screenshot - {}
RESULT: {}
RESULT: {}
COMMAND: GET /session/3637353f0f0366f06ffc96bdd6dcca04/screenshot - {}
RESULT: {}
RESULT: {}
COMMAND: POST /session/3637353f0f0366f06ffc96bdd6dcca04/element - {"using":"css selector","value":"#shell-header-logo"}
RESULT: {"using":"css selector","value":"#shell-header-logo"}
COMMAND: POST /session/3637353f0f0366f06ffc96bdd6dcca04/element/f.FA5AA6ACA71DB73EA77ABAF269C4B101.d.ECBD467EF12EF5C524C95EBF57F98E55.e.17681/click - {}
RESULT: {}
COMMAND: GET /session/3637353f0f0366f06ffc96bdd6dcca04/screenshot - {}
RESULT: {}
]]></system-out>
    </testcase>
    <testcase classname="chrome.135_0_7049_96.windows.Provide_to_Site_w/_warehouse_management_w_clarification" name="Should create a new contract" time="65.106">
      <system-out><![CDATA[
COMMAND: POST /session/3637353f0f0366f06ffc96bdd6dcca04/execute/async - {"script":"<script> [1562 bytes]","args":[{"selector":{"controlType":"sap.m.GenericTile","properties":{"header":"Manage Contracts"}},"wdio_ui5_key":"sapm.GenericTile{\"header\":\"Manage Contracts\"}"}]}
RESULT: {"script":"<script> [1562 bytes]","args":[{"selector":{"controlType":"sap.m.GenericTile","properties":{"header":"Manage Contracts"}},"wdio_ui5_key":"sapm.GenericTile{\"header\":\"Manage Contracts\"}"}]}
RESULT: undefined
COMMAND: POST /session/3637353f0f0366f06ffc96bdd6dcca04/element - {"using":"xpath","value":"//*[@id=\"__tile130\"]"}
RESULT: {"using":"xpath","value":"//*[@id=\"__tile130\"]"}
COMMAND: POST /session/3637353f0f0366f06ffc96bdd6dcca04/element/f.FA5AA6ACA71DB73EA77ABAF269C4B101.d.ECBD467EF12EF5C524C95EBF57F98E55.e.18422/click - {}
RESULT: {}
COMMAND: GET /session/3637353f0f0366f06ffc96bdd6dcca04/screenshot - {}
RESULT: {}
COMMAND: POST /session/3637353f0f0366f06ffc96bdd6dcca04/execute/async - {"script":"<script> [1562 bytes]","args":[{"selector":{"controlType":"sap.ui.core.Icon","viewName":"etm.portal.ui.managecontracts.view.Master","properties":{"src":{"regex":{"source":"add"}}}},"wdio_ui5_key":"etmportal.ui.managecontracts.view.Mastersap.ui.core.Icon{\"src\":{\"regex\":{\"source\":\"add\"}}}"}]}
RESULT: {"script":"<script> [1562 bytes]","args":[{"selector":{"controlType":"sap.ui.core.Icon","viewName":"etm.portal.ui.managecontracts.view.Master","properties":{"src":{"regex":{"source":"add"}}}},"wdio_ui5_key":"etmportal.ui.managecontracts.view.Mastersap.ui.core.Icon{\"src\":{\"regex\":{\"source\":\"add\"}}}"}]}
RESULT: undefined
COMMAND: POST /session/3637353f0f0366f06ffc96bdd6dcca04/element - {"using":"xpath","value":"//*[@id=\"__button303-img\"]"}
RESULT: {"using":"xpath","value":"//*[@id=\"__button303-img\"]"}
COMMAND: POST /session/3637353f0f0366f06ffc96bdd6dcca04/element/f.FA5AA6ACA71DB73EA77ABAF269C4B101.d.ECBD467EF12EF5C524C95EBF57F98E55.e.18501/click - {}
RESULT: {}
COMMAND: POST /session/3637353f0f0366f06ffc96bdd6dcca04/execute/async - {"script":"<script> [1562 bytes]","args":[{"selector":{"id":"application-managecontracts-display-component---AddNewContract--projectDescription","interaction":{"idSuffix":"inner"}},"wdio_ui5_key":"applicationmanagecontracts-display-component---AddNewContract--projectDescription"}]}
COMMAND: GET /session/3637353f0f0366f06ffc96bdd6dcca04/screenshot - {}
RESULT: {"script":"<script> [1562 bytes]","args":[{"selector":{"id":"application-managecontracts-display-component---AddNewContract--projectDescription","interaction":{"idSuffix":"inner"}},"wdio_ui5_key":"applicationmanagecontracts-display-component---AddNewContract--projectDescription"}]}
RESULT: undefined
COMMAND: POST /session/3637353f0f0366f06ffc96bdd6dcca04/execute/async - {"script":"<script> [776 bytes]","args":[{"enterText":"wdi5 contract for billing","selector":{"id":"application-managecontracts-display-component---AddNewContract--projectDescription","interaction":{"idSuffix":"inner"}},"clearTextFirst":true,"interactionType":"ENTER_TEXT"}]}
RESULT: {}
RESULT: {"script":"<script> [776 bytes]","args":[{"enterText":"wdi5 contract for billing","selector":{"id":"application-managecontracts-display-component---AddNewContract--projectDescription","interaction":{"idSuffix":"inner"}},"clearTextFirst":true,"interactionType":"ENTER_TEXT"}]}
COMMAND: POST /session/3637353f0f0366f06ffc96bdd6dcca04/element - {"using":"xpath","value":"//input[@id=\"application-managecontracts-display-component---AddNewContract--customerSelect-inner\"]"}
RESULT: {"using":"xpath","value":"//input[@id=\"application-managecontracts-display-component---AddNewContract--customerSelect-inner\"]"}
COMMAND: POST /session/3637353f0f0366f06ffc96bdd6dcca04/element/f.FA5AA6ACA71DB73EA77ABAF269C4B101.d.ECBD467EF12EF5C524C95EBF57F98E55.e.18745/clear - {}
RESULT: {}
COMMAND: POST /session/3637353f0f0366f06ffc96bdd6dcca04/element/f.FA5AA6ACA71DB73EA77ABAF269C4B101.d.ECBD467EF12EF5C524C95EBF57F98E55.e.18745/value - {"text":"1373"}
COMMAND: GET /session/3637353f0f0366f06ffc96bdd6dcca04/screenshot - {}
RESULT: {"text":"1373"}
COMMAND: GET /session/3637353f0f0366f06ffc96bdd6dcca04/screenshot - {}
RESULT: {}
RESULT: {}
COMMAND: POST /session/3637353f0f0366f06ffc96bdd6dcca04/actions - {"actions":[{"id":"action78","type":"key","parameters":{},"actions":[{"type":"keyDown","value":"î€‡"},{"type":"pause","duration":10},{"type":"keyUp","value":"î€‡"}]}]}
RESULT: {"actions":[{"id":"action78","type":"key","parameters":{},"actions":[{"type":"keyDown","value":"î€‡"},{"type":"pause","duration":10},{"type":"keyUp","value":"î€‡"}]}]}
COMMAND: POST /session/3637353f0f0366f06ffc96bdd6dcca04/element - {"using":"xpath","value":"//input[@id=\"application-managecontracts-display-component---AddNewContract--site-inner\"]"}
RESULT: {"using":"xpath","value":"//input[@id=\"application-managecontracts-display-component---AddNewContract--site-inner\"]"}
COMMAND: POST /session/3637353f0f0366f06ffc96bdd6dcca04/element/f.FA5AA6ACA71DB73EA77ABAF269C4B101.d.ECBD467EF12EF5C524C95EBF57F98E55.e.18746/clear - {}
COMMAND: GET /session/3637353f0f0366f06ffc96bdd6dcca04/screenshot - {}
RESULT: {}
COMMAND: POST /session/3637353f0f0366f06ffc96bdd6dcca04/element/f.FA5AA6ACA71DB73EA77ABAF269C4B101.d.ECBD467EF12EF5C524C95EBF57F98E55.e.18746/value - {"text":"2334"}
COMMAND: GET /session/3637353f0f0366f06ffc96bdd6dcca04/screenshot - {}
RESULT: {}
RESULT: {"text":"2334"}
COMMAND: GET /session/3637353f0f0366f06ffc96bdd6dcca04/screenshot - {}
RESULT: {}
RESULT: {}
COMMAND: POST /session/3637353f0f0366f06ffc96bdd6dcca04/actions - {"actions":[{"id":"action79","type":"key","parameters":{},"actions":[{"type":"keyDown","value":"î€‡"},{"type":"pause","duration":10},{"type":"keyUp","value":"î€‡"}]}]}
RESULT: {"actions":[{"id":"action79","type":"key","parameters":{},"actions":[{"type":"keyDown","value":"î€‡"},{"type":"pause","duration":10},{"type":"keyUp","value":"î€‡"}]}]}
COMMAND: POST /session/3637353f0f0366f06ffc96bdd6dcca04/execute/async - {"script":"<script> [1562 bytes]","args":[{"selector":{"id":"application-managecontracts-display-component---AddNewContract--calendarInput","interaction":{"idSuffix":"inner"}},"wdio_ui5_key":"applicationmanagecontracts-display-component---AddNewContract--calendarInput"}]}
COMMAND: GET /session/3637353f0f0366f06ffc96bdd6dcca04/screenshot - {}
RESULT: {"script":"<script> [1562 bytes]","args":[{"selector":{"id":"application-managecontracts-display-component---AddNewContract--calendarInput","interaction":{"idSuffix":"inner"}},"wdio_ui5_key":"applicationmanagecontracts-display-component---AddNewContract--calendarInput"}]}
RESULT: undefined
COMMAND: POST /session/3637353f0f0366f06ffc96bdd6dcca04/execute/async - {"script":"<script> [776 bytes]","args":[{"enterText":"1 - Calendar unit test patch","selector":{"id":"application-managecontracts-display-component---AddNewContract--calendarInput","interaction":{"idSuffix":"inner"}},"clearTextFirst":true,"interactionType":"ENTER_TEXT"}]}
RESULT: {}
RESULT: {"script":"<script> [776 bytes]","args":[{"enterText":"1 - Calendar unit test patch","selector":{"id":"application-managecontracts-display-component---AddNewContract--calendarInput","interaction":{"idSuffix":"inner"}},"clearTextFirst":true,"interactionType":"ENTER_TEXT"}]}
COMMAND: POST /session/3637353f0f0366f06ffc96bdd6dcca04/actions - {"actions":[{"id":"action80","type":"key","parameters":{},"actions":[{"type":"keyDown","value":"î€‡"},{"type":"pause","duration":10},{"type":"keyUp","value":"î€‡"}]}]}
RESULT: {"actions":[{"id":"action80","type":"key","parameters":{},"actions":[{"type":"keyDown","value":"î€‡"},{"type":"pause","duration":10},{"type":"keyUp","value":"î€‡"}]}]}
COMMAND: POST /session/3637353f0f0366f06ffc96bdd6dcca04/execute/async - {"script":"<script> [1562 bytes]","args":[{"selector":{"id":"application-managecontracts-display-component---AddNewContract--languageCB","interaction":{"idSuffix":"inner"}},"wdio_ui5_key":"applicationmanagecontracts-display-component---AddNewContract--languageCB"}]}
COMMAND: GET /session/3637353f0f0366f06ffc96bdd6dcca04/screenshot - {}
RESULT: {"script":"<script> [1562 bytes]","args":[{"selector":{"id":"application-managecontracts-display-component---AddNewContract--languageCB","interaction":{"idSuffix":"inner"}},"wdio_ui5_key":"applicationmanagecontracts-display-component---AddNewContract--languageCB"}]}
RESULT: undefined
COMMAND: POST /session/3637353f0f0366f06ffc96bdd6dcca04/execute/async - {"script":"<script> [776 bytes]","args":[{"enterText":"EN - English","selector":{"id":"application-managecontracts-display-component---AddNewContract--languageCB","interaction":{"idSuffix":"inner"}},"clearTextFirst":true,"interactionType":"ENTER_TEXT"}]}
RESULT: {}
RESULT: {"script":"<script> [776 bytes]","args":[{"enterText":"EN - English","selector":{"id":"application-managecontracts-display-component---AddNewContract--languageCB","interaction":{"idSuffix":"inner"}},"clearTextFirst":true,"interactionType":"ENTER_TEXT"}]}
COMMAND: POST /session/3637353f0f0366f06ffc96bdd6dcca04/actions - {"actions":[{"id":"action81","type":"key","parameters":{},"actions":[{"type":"keyDown","value":"î€‡"},{"type":"pause","duration":10},{"type":"keyUp","value":"î€‡"}]}]}
RESULT: {"actions":[{"id":"action81","type":"key","parameters":{},"actions":[{"type":"keyDown","value":"î€‡"},{"type":"pause","duration":10},{"type":"keyUp","value":"î€‡"}]}]}
COMMAND: POST /session/3637353f0f0366f06ffc96bdd6dcca04/execute/async - {"script":"<script> [1562 bytes]","args":[{"selector":{"id":"application-managecontracts-display-component---AddNewContract--saveBtn","interaction":{"idSuffix":"BDI-content"}},"wdio_ui5_key":"applicationmanagecontracts-display-component---AddNewContract--saveBtn"}]}
COMMAND: GET /session/3637353f0f0366f06ffc96bdd6dcca04/screenshot - {}
RESULT: {"script":"<script> [1562 bytes]","args":[{"selector":{"id":"application-managecontracts-display-component---AddNewContract--saveBtn","interaction":{"idSuffix":"BDI-content"}},"wdio_ui5_key":"applicationmanagecontracts-display-component---AddNewContract--saveBtn"}]}
RESULT: undefined
COMMAND: POST /session/3637353f0f0366f06ffc96bdd6dcca04/element - {"using":"xpath","value":"//*[@id=\"application-managecontracts-display-component---AddNewContract--saveBtn\"]"}
RESULT: {}
RESULT: {"using":"xpath","value":"//*[@id=\"application-managecontracts-display-component---AddNewContract--saveBtn\"]"}
COMMAND: POST /session/3637353f0f0366f06ffc96bdd6dcca04/element/f.FA5AA6ACA71DB73EA77ABAF269C4B101.d.ECBD467EF12EF5C524C95EBF57F98E55.e.18763/click - {}
RESULT: {}
COMMAND: GET /session/3637353f0f0366f06ffc96bdd6dcca04/screenshot - {}
RESULT: {}
COMMAND: POST /session/3637353f0f0366f06ffc96bdd6dcca04/execute/async - {"script":"<script> [1562 bytes]","args":[{"selector":{"id":"contractDetailTitleNoExpanded","viewName":"etm.portal.ui.managecontracts.view.Detail"},"wdio_ui5_key":"contractDetailTitleNoExpandedetmportal.ui.managecontracts.view.Detail"}]}
RESULT: {"script":"<script> [1562 bytes]","args":[{"selector":{"id":"contractDetailTitleNoExpanded","viewName":"etm.portal.ui.managecontracts.view.Detail"},"wdio_ui5_key":"contractDetailTitleNoExpandedetmportal.ui.managecontracts.view.Detail"}]}
RESULT: undefined
COMMAND: POST /session/3637353f0f0366f06ffc96bdd6dcca04/execute/async - {"script":"<script> [6424 bytes]","args":[{"element-6066-11e4-a52e-4f735466cecf":"f.FA5AA6ACA71DB73EA77ABAF269C4B101.d.ECBD467EF12EF5C524C95EBF57F98E55.e.18790"},"getText",[]]}
RESULT: {"script":"<script> [6424 bytes]","args":[{"element-6066-11e4-a52e-4f735466cecf":"f.FA5AA6ACA71DB73EA77ABAF269C4B101.d.ECBD467EF12EF5C524C95EBF57F98E55.e.18790"},"getText",[]]}
]]></system-out>
    </testcase>
    <testcase classname="chrome.135_0_7049_96.windows.Provide_to_Site_w/_warehouse_management_w_clarification" name="Should add resource to the contract" time="58.602">
      <system-out><![CDATA[
COMMAND: POST /session/3637353f0f0366f06ffc96bdd6dcca04/execute/async - {"script":"<script> [1562 bytes]","args":[{"selector":{"id":"contractDetailEditBtn","viewName":"etm.portal.ui.managecontracts.view.Detail","interaction":{"idSuffix":"BDI-content"}},"wdio_ui5_key":"contractDetailEditBtnetmportal.ui.managecontracts.view.Detail"}]}
RESULT: {"script":"<script> [1562 bytes]","args":[{"selector":{"id":"contractDetailEditBtn","viewName":"etm.portal.ui.managecontracts.view.Detail","interaction":{"idSuffix":"BDI-content"}},"wdio_ui5_key":"contractDetailEditBtnetmportal.ui.managecontracts.view.Detail"}]}
RESULT: undefined
COMMAND: POST /session/3637353f0f0366f06ffc96bdd6dcca04/element - {"using":"xpath","value":"//*[@id=\"__xmlview63--contractDetailEditBtn\"]"}
RESULT: {"using":"xpath","value":"//*[@id=\"__xmlview63--contractDetailEditBtn\"]"}
COMMAND: POST /session/3637353f0f0366f06ffc96bdd6dcca04/element/f.FA5AA6ACA71DB73EA77ABAF269C4B101.d.ECBD467EF12EF5C524C95EBF57F98E55.e.18792/click - {}
RESULT: {}
COMMAND: GET /session/3637353f0f0366f06ffc96bdd6dcca04/screenshot - {}
RESULT: {}
COMMAND: POST /session/3637353f0f0366f06ffc96bdd6dcca04/execute/async - {"script":"<script> [1562 bytes]","args":[{"selector":{"id":"additionalAddressesTabFilter","viewName":"etm.portal.ui.managecontracts.view.EditContract","interaction":{"idSuffix":"text"}},"wdio_ui5_key":"additionalAddressesTabFilteretmportal.ui.managecontracts.view.EditContract"}]}
RESULT: {"script":"<script> [1562 bytes]","args":[{"selector":{"id":"additionalAddressesTabFilter","viewName":"etm.portal.ui.managecontracts.view.EditContract","interaction":{"idSuffix":"text"}},"wdio_ui5_key":"additionalAddressesTabFilteretmportal.ui.managecontracts.view.EditContract"}]}
RESULT: undefined
COMMAND: POST /session/3637353f0f0366f06ffc96bdd6dcca04/element - {"using":"xpath","value":"//*[@id=\"__xmlview64--additionalAddressesTabFilter\"]"}
RESULT: {"using":"xpath","value":"//*[@id=\"__xmlview64--additionalAddressesTabFilter\"]"}
COMMAND: POST /session/3637353f0f0366f06ffc96bdd6dcca04/element/f.FA5AA6ACA71DB73EA77ABAF269C4B101.d.ECBD467EF12EF5C524C95EBF57F98E55.e.18851/click - {}
RESULT: {}
RESULT: undefined
COMMAND: POST /session/3637353f0f0366f06ffc96bdd6dcca04/element - {"using":"xpath","value":"//*[@id=\"__xmlview64--additionalAddressesTabFilter\"]"}
COMMAND: GET /session/3637353f0f0366f06ffc96bdd6dcca04/screenshot - {}
RESULT: {"using":"xpath","value":"//*[@id=\"__xmlview64--additionalAddressesTabFilter\"]"}
COMMAND: POST /session/3637353f0f0366f06ffc96bdd6dcca04/element/f.FA5AA6ACA71DB73EA77ABAF269C4B101.d.ECBD467EF12EF5C524C95EBF57F98E55.e.18851/click - {}
RESULT: {}
RESULT: {}
COMMAND: POST /session/3637353f0f0366f06ffc96bdd6dcca04/execute/async - {"script":"<script> [1562 bytes]","args":[{"selector":{"controlType":"sap.ui.core.Icon","viewName":"etm.portal.ui.managecontracts.view.EditContract","properties":{"src":{"regex":{"source":"add"}}}},"wdio_ui5_key":"etmportal.ui.managecontracts.view.EditContractsap.ui.core.Icon{\"src\":{\"regex\":{\"source\":\"add\"}}}"}]}
COMMAND: GET /session/3637353f0f0366f06ffc96bdd6dcca04/screenshot - {}
RESULT: {"script":"<script> [1562 bytes]","args":[{"selector":{"controlType":"sap.ui.core.Icon","viewName":"etm.portal.ui.managecontracts.view.EditContract","properties":{"src":{"regex":{"source":"add"}}}},"wdio_ui5_key":"etmportal.ui.managecontracts.view.EditContractsap.ui.core.Icon{\"src\":{\"regex\":{\"source\":\"add\"}}}"}]}
RESULT: undefined
COMMAND: POST /session/3637353f0f0366f06ffc96bdd6dcca04/element - {"using":"xpath","value":"//*[@id=\"__xmlview64--btnAddTableRow-img\"]"}
RESULT: {}
RESULT: {"using":"xpath","value":"//*[@id=\"__xmlview64--btnAddTableRow-img\"]"}
COMMAND: POST /session/3637353f0f0366f06ffc96bdd6dcca04/element/f.FA5AA6ACA71DB73EA77ABAF269C4B101.d.ECBD467EF12EF5C524C95EBF57F98E55.e.18854/click - {}
RESULT: {}
COMMAND: POST /session/3637353f0f0366f06ffc96bdd6dcca04/element - {"using":"xpath","value":"//div[(text() = 'Standard Entry' or . = 'Standard Entry')]"}
COMMAND: GET /session/3637353f0f0366f06ffc96bdd6dcca04/screenshot - {}
RESULT: {"using":"xpath","value":"//div[(text() = 'Standard Entry' or . = 'Standard Entry')]"}
COMMAND: POST /session/3637353f0f0366f06ffc96bdd6dcca04/element/f.FA5AA6ACA71DB73EA77ABAF269C4B101.d.ECBD467EF12EF5C524C95EBF57F98E55.e.18856/click - {}
RESULT: {}
RESULT: {}
COMMAND: POST /session/3637353f0f0366f06ffc96bdd6dcca04/execute/async - {"script":"<script> [1562 bytes]","args":[{"selector":{"controlType":"sap.ui.core.Icon","viewName":"etm.portal.ui.managecontracts.view.EditContract","properties":{"src":{"regex":{"source":"inspect"}}}},"wdio_ui5_key":"etmportal.ui.managecontracts.view.EditContractsap.ui.core.Icon{\"src\":{\"regex\":{\"source\":\"inspect\"}}}"}]}
COMMAND: GET /session/3637353f0f0366f06ffc96bdd6dcca04/screenshot - {}
RESULT: {"script":"<script> [1562 bytes]","args":[{"selector":{"controlType":"sap.ui.core.Icon","viewName":"etm.portal.ui.managecontracts.view.EditContract","properties":{"src":{"regex":{"source":"inspect"}}}},"wdio_ui5_key":"etmportal.ui.managecontracts.view.EditContractsap.ui.core.Icon{\"src\":{\"regex\":{\"source\":\"inspect\"}}}"}]}
RESULT: undefined
COMMAND: POST /session/3637353f0f0366f06ffc96bdd6dcca04/element - {"using":"xpath","value":"//*[@id=\"__button329-img\"]"}
RESULT: {}
RESULT: {"using":"xpath","value":"//*[@id=\"__button329-img\"]"}
COMMAND: POST /session/3637353f0f0366f06ffc96bdd6dcca04/element/f.FA5AA6ACA71DB73EA77ABAF269C4B101.d.ECBD467EF12EF5C524C95EBF57F98E55.e.18868/click - {}
RESULT: {}
COMMAND: GET /session/3637353f0f0366f06ffc96bdd6dcca04/screenshot - {}
RESULT: {}
COMMAND: POST /session/3637353f0f0366f06ffc96bdd6dcca04/element - {"using":"xpath","value":"//td[6]/div/div/input[1]"}
RESULT: {"using":"xpath","value":"//td[6]/div/div/input[1]"}
COMMAND: POST /session/3637353f0f0366f06ffc96bdd6dcca04/element/f.FA5AA6ACA71DB73EA77ABAF269C4B101.d.ECBD467EF12EF5C524C95EBF57F98E55.e.18858/clear - {}
RESULT: {}
COMMAND: GET /session/3637353f0f0366f06ffc96bdd6dcca04/screenshot - {}
RESULT: {}
COMMAND: POST /session/3637353f0f0366f06ffc96bdd6dcca04/element - {"using":"xpath","value":"//td[6]/div/div/input[1]"}
RESULT: {"using":"xpath","value":"//td[6]/div/div/input[1]"}
COMMAND: POST /session/3637353f0f0366f06ffc96bdd6dcca04/element/f.FA5AA6ACA71DB73EA77ABAF269C4B101.d.ECBD467EF12EF5C524C95EBF57F98E55.e.18884/click - {}
RESULT: {}
COMMAND: POST /session/3637353f0f0366f06ffc96bdd6dcca04/actions - {"actions":[{"id":"action82","type":"key","parameters":{},"actions":[{"type":"keyDown","value":"î€ƒ"},{"type":"pause","duration":10},{"type":"keyUp","value":"î€ƒ"}]}]}
COMMAND: GET /session/3637353f0f0366f06ffc96bdd6dcca04/screenshot - {}
RESULT: {"actions":[{"id":"action82","type":"key","parameters":{},"actions":[{"type":"keyDown","value":"î€ƒ"},{"type":"pause","duration":10},{"type":"keyUp","value":"î€ƒ"}]}]}
COMMAND: POST /session/3637353f0f0366f06ffc96bdd6dcca04/element - {"using":"xpath","value":"//td[6]/div/div/input[1]"}
COMMAND: GET /session/3637353f0f0366f06ffc96bdd6dcca04/screenshot - {}
RESULT: {}
RESULT: {"using":"xpath","value":"//td[6]/div/div/input[1]"}
COMMAND: POST /session/3637353f0f0366f06ffc96bdd6dcca04/element/f.FA5AA6ACA71DB73EA77ABAF269C4B101.d.ECBD467EF12EF5C524C95EBF57F98E55.e.18884/clear - {}
RESULT: {}
RESULT: {}
COMMAND: POST /session/3637353f0f0366f06ffc96bdd6dcca04/element/f.FA5AA6ACA71DB73EA77ABAF269C4B101.d.ECBD467EF12EF5C524C95EBF57F98E55.e.18884/value - {"text":"Material"}
COMMAND: GET /session/3637353f0f0366f06ffc96bdd6dcca04/screenshot - {}
RESULT: {"text":"Material"}
COMMAND: GET /session/3637353f0f0366f06ffc96bdd6dcca04/screenshot - {}
RESULT: {}
RESULT: {}
COMMAND: POST /session/3637353f0f0366f06ffc96bdd6dcca04/actions - {"actions":[{"id":"action83","type":"key","parameters":{},"actions":[{"type":"keyDown","value":"î€‡"},{"type":"pause","duration":10},{"type":"keyUp","value":"î€‡"}]}]}
RESULT: {"actions":[{"id":"action83","type":"key","parameters":{},"actions":[{"type":"keyDown","value":"î€‡"},{"type":"pause","duration":10},{"type":"keyUp","value":"î€‡"}]}]}
COMMAND: POST /session/3637353f0f0366f06ffc96bdd6dcca04/element - {"using":"xpath","value":"//td[7]/div/div/input[1]"}
COMMAND: GET /session/3637353f0f0366f06ffc96bdd6dcca04/screenshot - {}
RESULT: {"using":"xpath","value":"//td[7]/div/div/input[1]"}
COMMAND: POST /session/3637353f0f0366f06ffc96bdd6dcca04/element/f.FA5AA6ACA71DB73EA77ABAF269C4B101.d.ECBD467EF12EF5C524C95EBF57F98E55.e.18906/clear - {}
RESULT: {}
RESULT: {}
COMMAND: POST /session/3637353f0f0366f06ffc96bdd6dcca04/element/f.FA5AA6ACA71DB73EA77ABAF269C4B101.d.ECBD467EF12EF5C524C95EBF57F98E55.e.18906/value - {"text":"200270"}
COMMAND: GET /session/3637353f0f0366f06ffc96bdd6dcca04/screenshot - {}
RESULT: {}
RESULT: {"text":"200270"}
COMMAND: GET /session/3637353f0f0366f06ffc96bdd6dcca04/screenshot - {}
RESULT: {}
COMMAND: POST /session/3637353f0f0366f06ffc96bdd6dcca04/actions - {"actions":[{"id":"action84","type":"key","parameters":{},"actions":[{"type":"keyDown","value":"î€‡"},{"type":"pause","duration":10},{"type":"keyUp","value":"î€‡"}]}]}
RESULT: {"actions":[{"id":"action84","type":"key","parameters":{},"actions":[{"type":"keyDown","value":"î€‡"},{"type":"pause","duration":10},{"type":"keyUp","value":"î€‡"}]}]}
COMMAND: POST /session/3637353f0f0366f06ffc96bdd6dcca04/execute/async - {"script":"<script> [1562 bytes]","args":[{"selector":{"controlType":"sap.m.Button","properties":{"text":"OK"},"searchOpenDialogs":true,"interaction":{"idSuffix":"BDI-content"}},"wdio_ui5_key":"sapm.Button{\"text\":\"OK\"}"}]}
COMMAND: GET /session/3637353f0f0366f06ffc96bdd6dcca04/screenshot - {}
RESULT: {"script":"<script> [1562 bytes]","args":[{"selector":{"controlType":"sap.m.Button","properties":{"text":"OK"},"searchOpenDialogs":true,"interaction":{"idSuffix":"BDI-content"}},"wdio_ui5_key":"sapm.Button{\"text\":\"OK\"}"}]}
RESULT: undefined
COMMAND: POST /session/3637353f0f0366f06ffc96bdd6dcca04/element - {"using":"xpath","value":"//*[@id=\"__mbox-btn-1\"]"}
RESULT: {}
RESULT: {"using":"xpath","value":"//*[@id=\"__mbox-btn-1\"]"}
COMMAND: POST /session/3637353f0f0366f06ffc96bdd6dcca04/element/f.FA5AA6ACA71DB73EA77ABAF269C4B101.d.ECBD467EF12EF5C524C95EBF57F98E55.e.18927/click - {}
RESULT: {}
COMMAND: POST /session/3637353f0f0366f06ffc96bdd6dcca04/execute/async - {"script":"<script> [1562 bytes]","args":[{"selector":{"id":"saveBtn","viewName":"etm.portal.ui.managecontracts.view.EditContract","interaction":{"idSuffix":"BDI-content"}},"wdio_ui5_key":"saveBtnetmportal.ui.managecontracts.view.EditContract"}]}
COMMAND: GET /session/3637353f0f0366f06ffc96bdd6dcca04/screenshot - {}
RESULT: {"script":"<script> [1562 bytes]","args":[{"selector":{"id":"saveBtn","viewName":"etm.portal.ui.managecontracts.view.EditContract","interaction":{"idSuffix":"BDI-content"}},"wdio_ui5_key":"saveBtnetmportal.ui.managecontracts.view.EditContract"}]}
RESULT: undefined
COMMAND: POST /session/3637353f0f0366f06ffc96bdd6dcca04/element - {"using":"xpath","value":"//*[@id=\"__xmlview64--saveBtn\"]"}
RESULT: {}
RESULT: {"using":"xpath","value":"//*[@id=\"__xmlview64--saveBtn\"]"}
COMMAND: POST /session/3637353f0f0366f06ffc96bdd6dcca04/element/f.FA5AA6ACA71DB73EA77ABAF269C4B101.d.ECBD467EF12EF5C524C95EBF57F98E55.e.18953/click - {}
RESULT: {}
COMMAND: GET /session/3637353f0f0366f06ffc96bdd6dcca04/screenshot - {}
RESULT: {}
COMMAND: POST /session/3637353f0f0366f06ffc96bdd6dcca04/execute/async - {"script":"<script> [1562 bytes]","args":[{"selector":{"id":"additionalAddressesTabFilter","viewName":"etm.portal.ui.managecontracts.view.Detail","interaction":{"idSuffix":"text"}},"wdio_ui5_key":"additionalAddressesTabFilteretmportal.ui.managecontracts.view.Detail"}]}
RESULT: {"script":"<script> [1562 bytes]","args":[{"selector":{"id":"additionalAddressesTabFilter","viewName":"etm.portal.ui.managecontracts.view.Detail","interaction":{"idSuffix":"text"}},"wdio_ui5_key":"additionalAddressesTabFilteretmportal.ui.managecontracts.view.Detail"}]}
RESULT: undefined
COMMAND: POST /session/3637353f0f0366f06ffc96bdd6dcca04/element - {"using":"xpath","value":"//*[@id=\"__xmlview63--additionalAddressesTabFilter\"]"}
RESULT: {"using":"xpath","value":"//*[@id=\"__xmlview63--additionalAddressesTabFilter\"]"}
COMMAND: POST /session/3637353f0f0366f06ffc96bdd6dcca04/element/f.FA5AA6ACA71DB73EA77ABAF269C4B101.d.ECBD467EF12EF5C524C95EBF57F98E55.e.18957/click - {}
RESULT: {}
COMMAND: POST /session/3637353f0f0366f06ffc96bdd6dcca04/execute/async - {"script":"<script> [1562 bytes]","args":[{"selector":{"id":"contractDetailProvideButton","viewName":"etm.portal.ui.managecontracts.view.Detail","interaction":{"idSuffix":"BDI-content"}},"wdio_ui5_key":"contractDetailProvideButtonetmportal.ui.managecontracts.view.Detail"}]}
COMMAND: GET /session/3637353f0f0366f06ffc96bdd6dcca04/screenshot - {}
RESULT: {"script":"<script> [1562 bytes]","args":[{"selector":{"id":"contractDetailProvideButton","viewName":"etm.portal.ui.managecontracts.view.Detail","interaction":{"idSuffix":"BDI-content"}},"wdio_ui5_key":"contractDetailProvideButtonetmportal.ui.managecontracts.view.Detail"}]}
RESULT: undefined
COMMAND: POST /session/3637353f0f0366f06ffc96bdd6dcca04/element - {"using":"xpath","value":"//*[@id=\"__xmlview63--contractDetailProvideButton\"]"}
RESULT: {}
RESULT: {"using":"xpath","value":"//*[@id=\"__xmlview63--contractDetailProvideButton\"]"}
COMMAND: POST /session/3637353f0f0366f06ffc96bdd6dcca04/element/f.FA5AA6ACA71DB73EA77ABAF269C4B101.d.ECBD467EF12EF5C524C95EBF57F98E55.e.18964/click - {}
RESULT: {}
COMMAND: GET /session/3637353f0f0366f06ffc96bdd6dcca04/screenshot - {}
]]></system-out>
    </testcase>
    <testcase classname="chrome.135_0_7049_96.windows.Provide_to_Site_w/_warehouse_management_w_clarification" name="Should Create HandOvers provide to site" time="68.043">
      <system-out><![CDATA[
COMMAND: POST /session/3637353f0f0366f06ffc96bdd6dcca04/element - {"using":"css selector","value":"#application-managehandovers-display-component---AddNewHO--dueDate-inner"}
RESULT: {}
RESULT: {"using":"css selector","value":"#application-managehandovers-display-component---AddNewHO--dueDate-inner"}
COMMAND: POST /session/3637353f0f0366f06ffc96bdd6dcca04/element/f.FA5AA6ACA71DB73EA77ABAF269C4B101.d.ECBD467EF12EF5C524C95EBF57F98E55.e.19027/clear - {}
RESULT: {}
COMMAND: POST /session/3637353f0f0366f06ffc96bdd6dcca04/element/f.FA5AA6ACA71DB73EA77ABAF269C4B101.d.ECBD467EF12EF5C524C95EBF57F98E55.e.19027/value - {"text":"5/2/25"}
COMMAND: GET /session/3637353f0f0366f06ffc96bdd6dcca04/screenshot - {}
RESULT: {"text":"5/2/25"}
COMMAND: POST /session/3637353f0f0366f06ffc96bdd6dcca04/element - {"using":"xpath","value":"//bdi[(text() = 'Items' or . = 'Items')]"}
COMMAND: GET /session/3637353f0f0366f06ffc96bdd6dcca04/screenshot - {}
RESULT: {}
RESULT: {"using":"xpath","value":"//bdi[(text() = 'Items' or . = 'Items')]"}
COMMAND: POST /session/3637353f0f0366f06ffc96bdd6dcca04/element/f.FA5AA6ACA71DB73EA77ABAF269C4B101.d.ECBD467EF12EF5C524C95EBF57F98E55.e.19095/click - {}
RESULT: {}
RESULT: {}
COMMAND: POST /session/3637353f0f0366f06ffc96bdd6dcca04/execute/async - {"script":"<script> [1562 bytes]","args":[{"selector":{"controlType":"sap.m.Button","viewName":"etm.portal.ui.managehandovers.view.AddNewHO","viewId":"application-managehandovers-display-component---AddNewHO","i18NText":{"propertyName":"tooltip","key":"addItems"}},"wdio_ui5_key":"etmportal.ui.managehandovers.view.AddNewHOsap.m.Button{\"propertyName\":\"tooltip\",\"key\":\"addItems\"}"}]}
COMMAND: GET /session/3637353f0f0366f06ffc96bdd6dcca04/screenshot - {}
RESULT: {"script":"<script> [1562 bytes]","args":[{"selector":{"controlType":"sap.m.Button","viewName":"etm.portal.ui.managehandovers.view.AddNewHO","viewId":"application-managehandovers-display-component---AddNewHO","i18NText":{"propertyName":"tooltip","key":"addItems"}},"wdio_ui5_key":"etmportal.ui.managehandovers.view.AddNewHOsap.m.Button{\"propertyName\":\"tooltip\",\"key\":\"addItems\"}"}]}
RESULT: undefined
COMMAND: POST /session/3637353f0f0366f06ffc96bdd6dcca04/element - {"using":"xpath","value":"//*[@id=\"__button354\"]"}
RESULT: {}
RESULT: {"using":"xpath","value":"//*[@id=\"__button354\"]"}
COMMAND: POST /session/3637353f0f0366f06ffc96bdd6dcca04/element/f.FA5AA6ACA71DB73EA77ABAF269C4B101.d.ECBD467EF12EF5C524C95EBF57F98E55.e.19098/click - {}
RESULT: {}
COMMAND: GET /session/3637353f0f0366f06ffc96bdd6dcca04/screenshot - {}
RESULT: {}
COMMAND: POST /session/3637353f0f0366f06ffc96bdd6dcca04/element - {"using":"css selector","value":"div[id= \"application-managehandovers-display-component---AddNewHO--popup-sa-CbBg\"]"}
RESULT: {"using":"css selector","value":"div[id= \"application-managehandovers-display-component---AddNewHO--popup-sa-CbBg\"]"}
COMMAND: POST /session/3637353f0f0366f06ffc96bdd6dcca04/element/f.FA5AA6ACA71DB73EA77ABAF269C4B101.d.ECBD467EF12EF5C524C95EBF57F98E55.e.19106/click - {}
RESULT: {}
COMMAND: GET /session/3637353f0f0366f06ffc96bdd6dcca04/screenshot - {}
RESULT: {}
COMMAND: POST /session/3637353f0f0366f06ffc96bdd6dcca04/element - {"using":"xpath","value":"//bdi[(text() = 'Select' or . = 'Select')]"}
RESULT: {"using":"xpath","value":"//bdi[(text() = 'Select' or . = 'Select')]"}
COMMAND: POST /session/3637353f0f0366f06ffc96bdd6dcca04/element/f.FA5AA6ACA71DB73EA77ABAF269C4B101.d.ECBD467EF12EF5C524C95EBF57F98E55.e.19107/click - {}
RESULT: {}
COMMAND: GET /session/3637353f0f0366f06ffc96bdd6dcca04/screenshot - {}
RESULT: {}
COMMAND: POST /session/3637353f0f0366f06ffc96bdd6dcca04/element - {"using":"xpath","value":"//bdi[(text() = 'Save' or . = 'Save')]"}
RESULT: {"using":"xpath","value":"//bdi[(text() = 'Save' or . = 'Save')]"}
COMMAND: POST /session/3637353f0f0366f06ffc96bdd6dcca04/element/f.FA5AA6ACA71DB73EA77ABAF269C4B101.d.ECBD467EF12EF5C524C95EBF57F98E55.e.19115/click - {}
RESULT: {}
COMMAND: GET /session/3637353f0f0366f06ffc96bdd6dcca04/screenshot - {}
RESULT: {}
COMMAND: POST /session/3637353f0f0366f06ffc96bdd6dcca04/elements - {"using":"xpath","value":"//*[text()='Close']"}
RESULT: {"using":"xpath","value":"//*[text()='Close']"}
COMMAND: GET /session/3637353f0f0366f06ffc96bdd6dcca04/element/f.FA5AA6ACA71DB73EA77ABAF269C4B101.d.ECBD467EF12EF5C524C95EBF57F98E55.e.19155/enabled - {}
RESULT: {}
COMMAND: POST /session/3637353f0f0366f06ffc96bdd6dcca04/execute/sync - {"script":"<script> [8489 bytes]","args":[{"element-6066-11e4-a52e-4f735466cecf":"f.FA5AA6ACA71DB73EA77ABAF269C4B101.d.ECBD467EF12EF5C524C95EBF57F98E55.e.19155","ELEMENT":"f.FA5AA6ACA71DB73EA77ABAF269C4B101.d.ECBD467EF12EF5C524C95EBF57F98E55.e.19155"}]}
COMMAND: GET /session/3637353f0f0366f06ffc96bdd6dcca04/screenshot - {}
RESULT: {"script":"<script> [8489 bytes]","args":[{"element-6066-11e4-a52e-4f735466cecf":"f.FA5AA6ACA71DB73EA77ABAF269C4B101.d.ECBD467EF12EF5C524C95EBF57F98E55.e.19155","ELEMENT":"f.FA5AA6ACA71DB73EA77ABAF269C4B101.d.ECBD467EF12EF5C524C95EBF57F98E55.e.19155"}]}
COMMAND: GET /session/3637353f0f0366f06ffc96bdd6dcca04/screenshot - {}
RESULT: {}
RESULT: {}
COMMAND: POST /session/3637353f0f0366f06ffc96bdd6dcca04/execute/sync - {"script":"<script> [8489 bytes]","args":[{"element-6066-11e4-a52e-4f735466cecf":"f.FA5AA6ACA71DB73EA77ABAF269C4B101.d.ECBD467EF12EF5C524C95EBF57F98E55.e.19155","ELEMENT":"f.FA5AA6ACA71DB73EA77ABAF269C4B101.d.ECBD467EF12EF5C524C95EBF57F98E55.e.19155"}]}
RESULT: {"script":"<script> [8489 bytes]","args":[{"element-6066-11e4-a52e-4f735466cecf":"f.FA5AA6ACA71DB73EA77ABAF269C4B101.d.ECBD467EF12EF5C524C95EBF57F98E55.e.19155","ELEMENT":"f.FA5AA6ACA71DB73EA77ABAF269C4B101.d.ECBD467EF12EF5C524C95EBF57F98E55.e.19155"}]}
COMMAND: GET /session/3637353f0f0366f06ffc96bdd6dcca04/screenshot - {}
RESULT: {}
COMMAND: POST /session/3637353f0f0366f06ffc96bdd6dcca04/execute/sync - {"script":"<script> [8489 bytes]","args":[{"element-6066-11e4-a52e-4f735466cecf":"f.FA5AA6ACA71DB73EA77ABAF269C4B101.d.ECBD467EF12EF5C524C95EBF57F98E55.e.19155","ELEMENT":"f.FA5AA6ACA71DB73EA77ABAF269C4B101.d.ECBD467EF12EF5C524C95EBF57F98E55.e.19155"}]}
RESULT: {"script":"<script> [8489 bytes]","args":[{"element-6066-11e4-a52e-4f735466cecf":"f.FA5AA6ACA71DB73EA77ABAF269C4B101.d.ECBD467EF12EF5C524C95EBF57F98E55.e.19155","ELEMENT":"f.FA5AA6ACA71DB73EA77ABAF269C4B101.d.ECBD467EF12EF5C524C95EBF57F98E55.e.19155"}]}
COMMAND: GET /session/3637353f0f0366f06ffc96bdd6dcca04/screenshot - {}
RESULT: {}
COMMAND: POST /session/3637353f0f0366f06ffc96bdd6dcca04/execute/sync - {"script":"<script> [8489 bytes]","args":[{"element-6066-11e4-a52e-4f735466cecf":"f.FA5AA6ACA71DB73EA77ABAF269C4B101.d.ECBD467EF12EF5C524C95EBF57F98E55.e.19155","ELEMENT":"f.FA5AA6ACA71DB73EA77ABAF269C4B101.d.ECBD467EF12EF5C524C95EBF57F98E55.e.19155"}]}
RESULT: {"script":"<script> [8489 bytes]","args":[{"element-6066-11e4-a52e-4f735466cecf":"f.FA5AA6ACA71DB73EA77ABAF269C4B101.d.ECBD467EF12EF5C524C95EBF57F98E55.e.19155","ELEMENT":"f.FA5AA6ACA71DB73EA77ABAF269C4B101.d.ECBD467EF12EF5C524C95EBF57F98E55.e.19155"}]}
COMMAND: GET /session/3637353f0f0366f06ffc96bdd6dcca04/screenshot - {}
RESULT: {}
COMMAND: POST /session/3637353f0f0366f06ffc96bdd6dcca04/execute/sync - {"script":"<script> [8489 bytes]","args":[{"element-6066-11e4-a52e-4f735466cecf":"f.FA5AA6ACA71DB73EA77ABAF269C4B101.d.ECBD467EF12EF5C524C95EBF57F98E55.e.19155","ELEMENT":"f.FA5AA6ACA71DB73EA77ABAF269C4B101.d.ECBD467EF12EF5C524C95EBF57F98E55.e.19155"}]}
RESULT: {"script":"<script> [8489 bytes]","args":[{"element-6066-11e4-a52e-4f735466cecf":"f.FA5AA6ACA71DB73EA77ABAF269C4B101.d.ECBD467EF12EF5C524C95EBF57F98E55.e.19155","ELEMENT":"f.FA5AA6ACA71DB73EA77ABAF269C4B101.d.ECBD467EF12EF5C524C95EBF57F98E55.e.19155"}]}
COMMAND: GET /session/3637353f0f0366f06ffc96bdd6dcca04/screenshot - {}
RESULT: {}
COMMAND: POST /session/3637353f0f0366f06ffc96bdd6dcca04/execute/sync - {"script":"<script> [8489 bytes]","args":[{"element-6066-11e4-a52e-4f735466cecf":"f.FA5AA6ACA71DB73EA77ABAF269C4B101.d.ECBD467EF12EF5C524C95EBF57F98E55.e.19155","ELEMENT":"f.FA5AA6ACA71DB73EA77ABAF269C4B101.d.ECBD467EF12EF5C524C95EBF57F98E55.e.19155"}]}
RESULT: {"script":"<script> [8489 bytes]","args":[{"element-6066-11e4-a52e-4f735466cecf":"f.FA5AA6ACA71DB73EA77ABAF269C4B101.d.ECBD467EF12EF5C524C95EBF57F98E55.e.19155","ELEMENT":"f.FA5AA6ACA71DB73EA77ABAF269C4B101.d.ECBD467EF12EF5C524C95EBF57F98E55.e.19155"}]}
COMMAND: GET /session/3637353f0f0366f06ffc96bdd6dcca04/screenshot - {}
RESULT: {}
COMMAND: POST /session/3637353f0f0366f06ffc96bdd6dcca04/execute/sync - {"script":"<script> [8489 bytes]","args":[{"element-6066-11e4-a52e-4f735466cecf":"f.FA5AA6ACA71DB73EA77ABAF269C4B101.d.ECBD467EF12EF5C524C95EBF57F98E55.e.19155","ELEMENT":"f.FA5AA6ACA71DB73EA77ABAF269C4B101.d.ECBD467EF12EF5C524C95EBF57F98E55.e.19155"}]}
RESULT: {"script":"<script> [8489 bytes]","args":[{"element-6066-11e4-a52e-4f735466cecf":"f.FA5AA6ACA71DB73EA77ABAF269C4B101.d.ECBD467EF12EF5C524C95EBF57F98E55.e.19155","ELEMENT":"f.FA5AA6ACA71DB73EA77ABAF269C4B101.d.ECBD467EF12EF5C524C95EBF57F98E55.e.19155"}]}
COMMAND: GET /session/3637353f0f0366f06ffc96bdd6dcca04/screenshot - {}
RESULT: {}
COMMAND: POST /session/3637353f0f0366f06ffc96bdd6dcca04/execute/sync - {"script":"<script> [8489 bytes]","args":[{"element-6066-11e4-a52e-4f735466cecf":"f.FA5AA6ACA71DB73EA77ABAF269C4B101.d.ECBD467EF12EF5C524C95EBF57F98E55.e.19155","ELEMENT":"f.FA5AA6ACA71DB73EA77ABAF269C4B101.d.ECBD467EF12EF5C524C95EBF57F98E55.e.19155"}]}
RESULT: {"script":"<script> [8489 bytes]","args":[{"element-6066-11e4-a52e-4f735466cecf":"f.FA5AA6ACA71DB73EA77ABAF269C4B101.d.ECBD467EF12EF5C524C95EBF57F98E55.e.19155","ELEMENT":"f.FA5AA6ACA71DB73EA77ABAF269C4B101.d.ECBD467EF12EF5C524C95EBF57F98E55.e.19155"}]}
COMMAND: GET /session/3637353f0f0366f06ffc96bdd6dcca04/screenshot - {}
RESULT: {}
COMMAND: POST /session/3637353f0f0366f06ffc96bdd6dcca04/execute/sync - {"script":"<script> [8489 bytes]","args":[{"element-6066-11e4-a52e-4f735466cecf":"f.FA5AA6ACA71DB73EA77ABAF269C4B101.d.ECBD467EF12EF5C524C95EBF57F98E55.e.19155","ELEMENT":"f.FA5AA6ACA71DB73EA77ABAF269C4B101.d.ECBD467EF12EF5C524C95EBF57F98E55.e.19155"}]}
RESULT: {"script":"<script> [8489 bytes]","args":[{"element-6066-11e4-a52e-4f735466cecf":"f.FA5AA6ACA71DB73EA77ABAF269C4B101.d.ECBD467EF12EF5C524C95EBF57F98E55.e.19155","ELEMENT":"f.FA5AA6ACA71DB73EA77ABAF269C4B101.d.ECBD467EF12EF5C524C95EBF57F98E55.e.19155"}]}
COMMAND: GET /session/3637353f0f0366f06ffc96bdd6dcca04/screenshot - {}
RESULT: {}
COMMAND: POST /session/3637353f0f0366f06ffc96bdd6dcca04/execute/sync - {"script":"<script> [8489 bytes]","args":[{"element-6066-11e4-a52e-4f735466cecf":"f.FA5AA6ACA71DB73EA77ABAF269C4B101.d.ECBD467EF12EF5C524C95EBF57F98E55.e.19155","ELEMENT":"f.FA5AA6ACA71DB73EA77ABAF269C4B101.d.ECBD467EF12EF5C524C95EBF57F98E55.e.19155"}]}
RESULT: {"script":"<script> [8489 bytes]","args":[{"element-6066-11e4-a52e-4f735466cecf":"f.FA5AA6ACA71DB73EA77ABAF269C4B101.d.ECBD467EF12EF5C524C95EBF57F98E55.e.19155","ELEMENT":"f.FA5AA6ACA71DB73EA77ABAF269C4B101.d.ECBD467EF12EF5C524C95EBF57F98E55.e.19155"}]}
COMMAND: GET /session/3637353f0f0366f06ffc96bdd6dcca04/screenshot - {}
RESULT: {}
COMMAND: POST /session/3637353f0f0366f06ffc96bdd6dcca04/execute/sync - {"script":"<script> [8489 bytes]","args":[{"element-6066-11e4-a52e-4f735466cecf":"f.FA5AA6ACA71DB73EA77ABAF269C4B101.d.ECBD467EF12EF5C524C95EBF57F98E55.e.19155","ELEMENT":"f.FA5AA6ACA71DB73EA77ABAF269C4B101.d.ECBD467EF12EF5C524C95EBF57F98E55.e.19155"}]}
RESULT: {"script":"<script> [8489 bytes]","args":[{"element-6066-11e4-a52e-4f735466cecf":"f.FA5AA6ACA71DB73EA77ABAF269C4B101.d.ECBD467EF12EF5C524C95EBF57F98E55.e.19155","ELEMENT":"f.FA5AA6ACA71DB73EA77ABAF269C4B101.d.ECBD467EF12EF5C524C95EBF57F98E55.e.19155"}]}
COMMAND: GET /session/3637353f0f0366f06ffc96bdd6dcca04/screenshot - {}
RESULT: {}
COMMAND: POST /session/3637353f0f0366f06ffc96bdd6dcca04/execute/sync - {"script":"<script> [8489 bytes]","args":[{"element-6066-11e4-a52e-4f735466cecf":"f.FA5AA6ACA71DB73EA77ABAF269C4B101.d.ECBD467EF12EF5C524C95EBF57F98E55.e.19155","ELEMENT":"f.FA5AA6ACA71DB73EA77ABAF269C4B101.d.ECBD467EF12EF5C524C95EBF57F98E55.e.19155"}]}
RESULT: {"script":"<script> [8489 bytes]","args":[{"element-6066-11e4-a52e-4f735466cecf":"f.FA5AA6ACA71DB73EA77ABAF269C4B101.d.ECBD467EF12EF5C524C95EBF57F98E55.e.19155","ELEMENT":"f.FA5AA6ACA71DB73EA77ABAF269C4B101.d.ECBD467EF12EF5C524C95EBF57F98E55.e.19155"}]}
COMMAND: GET /session/3637353f0f0366f06ffc96bdd6dcca04/screenshot - {}
COMMAND: POST /session/3637353f0f0366f06ffc96bdd6dcca04/execute/sync - {"script":"<script> [8489 bytes]","args":[{"element-6066-11e4-a52e-4f735466cecf":"f.FA5AA6ACA71DB73EA77ABAF269C4B101.d.ECBD467EF12EF5C524C95EBF57F98E55.e.19155","ELEMENT":"f.FA5AA6ACA71DB73EA77ABAF269C4B101.d.ECBD467EF12EF5C524C95EBF57F98E55.e.19155"}]}
RESULT: {}
RESULT: {"script":"<script> [8489 bytes]","args":[{"element-6066-11e4-a52e-4f735466cecf":"f.FA5AA6ACA71DB73EA77ABAF269C4B101.d.ECBD467EF12EF5C524C95EBF57F98E55.e.19155","ELEMENT":"f.FA5AA6ACA71DB73EA77ABAF269C4B101.d.ECBD467EF12EF5C524C95EBF57F98E55.e.19155"}]}
COMMAND: GET /session/3637353f0f0366f06ffc96bdd6dcca04/screenshot - {}
COMMAND: POST /session/3637353f0f0366f06ffc96bdd6dcca04/execute/sync - {"script":"<script> [8489 bytes]","args":[{"element-6066-11e4-a52e-4f735466cecf":"f.FA5AA6ACA71DB73EA77ABAF269C4B101.d.ECBD467EF12EF5C524C95EBF57F98E55.e.19155","ELEMENT":"f.FA5AA6ACA71DB73EA77ABAF269C4B101.d.ECBD467EF12EF5C524C95EBF57F98E55.e.19155"}]}
RESULT: {}
RESULT: {"script":"<script> [8489 bytes]","args":[{"element-6066-11e4-a52e-4f735466cecf":"f.FA5AA6ACA71DB73EA77ABAF269C4B101.d.ECBD467EF12EF5C524C95EBF57F98E55.e.19155","ELEMENT":"f.FA5AA6ACA71DB73EA77ABAF269C4B101.d.ECBD467EF12EF5C524C95EBF57F98E55.e.19155"}]}
COMMAND: GET /session/3637353f0f0366f06ffc96bdd6dcca04/screenshot - {}
COMMAND: POST /session/3637353f0f0366f06ffc96bdd6dcca04/execute/sync - {"script":"<script> [8489 bytes]","args":[{"element-6066-11e4-a52e-4f735466cecf":"f.FA5AA6ACA71DB73EA77ABAF269C4B101.d.ECBD467EF12EF5C524C95EBF57F98E55.e.19155","ELEMENT":"f.FA5AA6ACA71DB73EA77ABAF269C4B101.d.ECBD467EF12EF5C524C95EBF57F98E55.e.19155"}]}
RESULT: {}
RESULT: {"script":"<script> [8489 bytes]","args":[{"element-6066-11e4-a52e-4f735466cecf":"f.FA5AA6ACA71DB73EA77ABAF269C4B101.d.ECBD467EF12EF5C524C95EBF57F98E55.e.19155","ELEMENT":"f.FA5AA6ACA71DB73EA77ABAF269C4B101.d.ECBD467EF12EF5C524C95EBF57F98E55.e.19155"}]}
COMMAND: GET /session/3637353f0f0366f06ffc96bdd6dcca04/screenshot - {}
COMMAND: POST /session/3637353f0f0366f06ffc96bdd6dcca04/execute/sync - {"script":"<script> [8489 bytes]","args":[{"element-6066-11e4-a52e-4f735466cecf":"f.FA5AA6ACA71DB73EA77ABAF269C4B101.d.ECBD467EF12EF5C524C95EBF57F98E55.e.19155","ELEMENT":"f.FA5AA6ACA71DB73EA77ABAF269C4B101.d.ECBD467EF12EF5C524C95EBF57F98E55.e.19155"}]}
RESULT: {}
RESULT: {"script":"<script> [8489 bytes]","args":[{"element-6066-11e4-a52e-4f735466cecf":"f.FA5AA6ACA71DB73EA77ABAF269C4B101.d.ECBD467EF12EF5C524C95EBF57F98E55.e.19155","ELEMENT":"f.FA5AA6ACA71DB73EA77ABAF269C4B101.d.ECBD467EF12EF5C524C95EBF57F98E55.e.19155"}]}
COMMAND: GET /session/3637353f0f0366f06ffc96bdd6dcca04/screenshot - {}
COMMAND: POST /session/3637353f0f0366f06ffc96bdd6dcca04/execute/sync - {"script":"<script> [8489 bytes]","args":[{"element-6066-11e4-a52e-4f735466cecf":"f.FA5AA6ACA71DB73EA77ABAF269C4B101.d.ECBD467EF12EF5C524C95EBF57F98E55.e.19155","ELEMENT":"f.FA5AA6ACA71DB73EA77ABAF269C4B101.d.ECBD467EF12EF5C524C95EBF57F98E55.e.19155"}]}
RESULT: {}
RESULT: {"script":"<script> [8489 bytes]","args":[{"element-6066-11e4-a52e-4f735466cecf":"f.FA5AA6ACA71DB73EA77ABAF269C4B101.d.ECBD467EF12EF5C524C95EBF57F98E55.e.19155","ELEMENT":"f.FA5AA6ACA71DB73EA77ABAF269C4B101.d.ECBD467EF12EF5C524C95EBF57F98E55.e.19155"}]}
COMMAND: GET /session/3637353f0f0366f06ffc96bdd6dcca04/screenshot - {}
COMMAND: POST /session/3637353f0f0366f06ffc96bdd6dcca04/execute/sync - {"script":"<script> [8489 bytes]","args":[{"element-6066-11e4-a52e-4f735466cecf":"f.FA5AA6ACA71DB73EA77ABAF269C4B101.d.ECBD467EF12EF5C524C95EBF57F98E55.e.19155","ELEMENT":"f.FA5AA6ACA71DB73EA77ABAF269C4B101.d.ECBD467EF12EF5C524C95EBF57F98E55.e.19155"}]}
RESULT: {}
RESULT: {"script":"<script> [8489 bytes]","args":[{"element-6066-11e4-a52e-4f735466cecf":"f.FA5AA6ACA71DB73EA77ABAF269C4B101.d.ECBD467EF12EF5C524C95EBF57F98E55.e.19155","ELEMENT":"f.FA5AA6ACA71DB73EA77ABAF269C4B101.d.ECBD467EF12EF5C524C95EBF57F98E55.e.19155"}]}
COMMAND: GET /session/3637353f0f0366f06ffc96bdd6dcca04/screenshot - {}
RESULT: {}
COMMAND: POST /session/3637353f0f0366f06ffc96bdd6dcca04/execute/sync - {"script":"<script> [8489 bytes]","args":[{"element-6066-11e4-a52e-4f735466cecf":"f.FA5AA6ACA71DB73EA77ABAF269C4B101.d.ECBD467EF12EF5C524C95EBF57F98E55.e.19155","ELEMENT":"f.FA5AA6ACA71DB73EA77ABAF269C4B101.d.ECBD467EF12EF5C524C95EBF57F98E55.e.19155"}]}
RESULT: {"script":"<script> [8489 bytes]","args":[{"element-6066-11e4-a52e-4f735466cecf":"f.FA5AA6ACA71DB73EA77ABAF269C4B101.d.ECBD467EF12EF5C524C95EBF57F98E55.e.19155","ELEMENT":"f.FA5AA6ACA71DB73EA77ABAF269C4B101.d.ECBD467EF12EF5C524C95EBF57F98E55.e.19155"}]}
COMMAND: GET /session/3637353f0f0366f06ffc96bdd6dcca04/screenshot - {}
RESULT: {}
COMMAND: POST /session/3637353f0f0366f06ffc96bdd6dcca04/execute/sync - {"script":"<script> [8489 bytes]","args":[{"element-6066-11e4-a52e-4f735466cecf":"f.FA5AA6ACA71DB73EA77ABAF269C4B101.d.ECBD467EF12EF5C524C95EBF57F98E55.e.19155","ELEMENT":"f.FA5AA6ACA71DB73EA77ABAF269C4B101.d.ECBD467EF12EF5C524C95EBF57F98E55.e.19155"}]}
RESULT: {"script":"<script> [8489 bytes]","args":[{"element-6066-11e4-a52e-4f735466cecf":"f.FA5AA6ACA71DB73EA77ABAF269C4B101.d.ECBD467EF12EF5C524C95EBF57F98E55.e.19155","ELEMENT":"f.FA5AA6ACA71DB73EA77ABAF269C4B101.d.ECBD467EF12EF5C524C95EBF57F98E55.e.19155"}]}
COMMAND: GET /session/3637353f0f0366f06ffc96bdd6dcca04/screenshot - {}
RESULT: {}
COMMAND: POST /session/3637353f0f0366f06ffc96bdd6dcca04/execute/sync - {"script":"<script> [8489 bytes]","args":[{"element-6066-11e4-a52e-4f735466cecf":"f.FA5AA6ACA71DB73EA77ABAF269C4B101.d.ECBD467EF12EF5C524C95EBF57F98E55.e.19155","ELEMENT":"f.FA5AA6ACA71DB73EA77ABAF269C4B101.d.ECBD467EF12EF5C524C95EBF57F98E55.e.19155"}]}
RESULT: {"script":"<script> [8489 bytes]","args":[{"element-6066-11e4-a52e-4f735466cecf":"f.FA5AA6ACA71DB73EA77ABAF269C4B101.d.ECBD467EF12EF5C524C95EBF57F98E55.e.19155","ELEMENT":"f.FA5AA6ACA71DB73EA77ABAF269C4B101.d.ECBD467EF12EF5C524C95EBF57F98E55.e.19155"}]}
COMMAND: GET /session/3637353f0f0366f06ffc96bdd6dcca04/screenshot - {}
RESULT: {}
COMMAND: POST /session/3637353f0f0366f06ffc96bdd6dcca04/execute/sync - {"script":"<script> [8489 bytes]","args":[{"element-6066-11e4-a52e-4f735466cecf":"f.FA5AA6ACA71DB73EA77ABAF269C4B101.d.ECBD467EF12EF5C524C95EBF57F98E55.e.19155","ELEMENT":"f.FA5AA6ACA71DB73EA77ABAF269C4B101.d.ECBD467EF12EF5C524C95EBF57F98E55.e.19155"}]}
RESULT: {"script":"<script> [8489 bytes]","args":[{"element-6066-11e4-a52e-4f735466cecf":"f.FA5AA6ACA71DB73EA77ABAF269C4B101.d.ECBD467EF12EF5C524C95EBF57F98E55.e.19155","ELEMENT":"f.FA5AA6ACA71DB73EA77ABAF269C4B101.d.ECBD467EF12EF5C524C95EBF57F98E55.e.19155"}]}
COMMAND: GET /session/3637353f0f0366f06ffc96bdd6dcca04/screenshot - {}
RESULT: {}
COMMAND: POST /session/3637353f0f0366f06ffc96bdd6dcca04/execute/sync - {"script":"<script> [8489 bytes]","args":[{"element-6066-11e4-a52e-4f735466cecf":"f.FA5AA6ACA71DB73EA77ABAF269C4B101.d.ECBD467EF12EF5C524C95EBF57F98E55.e.19155","ELEMENT":"f.FA5AA6ACA71DB73EA77ABAF269C4B101.d.ECBD467EF12EF5C524C95EBF57F98E55.e.19155"}]}
RESULT: {"script":"<script> [8489 bytes]","args":[{"element-6066-11e4-a52e-4f735466cecf":"f.FA5AA6ACA71DB73EA77ABAF269C4B101.d.ECBD467EF12EF5C524C95EBF57F98E55.e.19155","ELEMENT":"f.FA5AA6ACA71DB73EA77ABAF269C4B101.d.ECBD467EF12EF5C524C95EBF57F98E55.e.19155"}]}
COMMAND: GET /session/3637353f0f0366f06ffc96bdd6dcca04/screenshot - {}
RESULT: {}
COMMAND: POST /session/3637353f0f0366f06ffc96bdd6dcca04/execute/sync - {"script":"<script> [8489 bytes]","args":[{"element-6066-11e4-a52e-4f735466cecf":"f.FA5AA6ACA71DB73EA77ABAF269C4B101.d.ECBD467EF12EF5C524C95EBF57F98E55.e.19155","ELEMENT":"f.FA5AA6ACA71DB73EA77ABAF269C4B101.d.ECBD467EF12EF5C524C95EBF57F98E55.e.19155"}]}
RESULT: {"script":"<script> [8489 bytes]","args":[{"element-6066-11e4-a52e-4f735466cecf":"f.FA5AA6ACA71DB73EA77ABAF269C4B101.d.ECBD467EF12EF5C524C95EBF57F98E55.e.19155","ELEMENT":"f.FA5AA6ACA71DB73EA77ABAF269C4B101.d.ECBD467EF12EF5C524C95EBF57F98E55.e.19155"}]}
COMMAND: GET /session/3637353f0f0366f06ffc96bdd6dcca04/screenshot - {}
RESULT: {}
COMMAND: POST /session/3637353f0f0366f06ffc96bdd6dcca04/execute/sync - {"script":"<script> [8489 bytes]","args":[{"element-6066-11e4-a52e-4f735466cecf":"f.FA5AA6ACA71DB73EA77ABAF269C4B101.d.ECBD467EF12EF5C524C95EBF57F98E55.e.19155","ELEMENT":"f.FA5AA6ACA71DB73EA77ABAF269C4B101.d.ECBD467EF12EF5C524C95EBF57F98E55.e.19155"}]}
RESULT: {"script":"<script> [8489 bytes]","args":[{"element-6066-11e4-a52e-4f735466cecf":"f.FA5AA6ACA71DB73EA77ABAF269C4B101.d.ECBD467EF12EF5C524C95EBF57F98E55.e.19155","ELEMENT":"f.FA5AA6ACA71DB73EA77ABAF269C4B101.d.ECBD467EF12EF5C524C95EBF57F98E55.e.19155"}]}
COMMAND: GET /session/3637353f0f0366f06ffc96bdd6dcca04/screenshot - {}
RESULT: {}
COMMAND: POST /session/3637353f0f0366f06ffc96bdd6dcca04/execute/sync - {"script":"<script> [8489 bytes]","args":[{"element-6066-11e4-a52e-4f735466cecf":"f.FA5AA6ACA71DB73EA77ABAF269C4B101.d.ECBD467EF12EF5C524C95EBF57F98E55.e.19155","ELEMENT":"f.FA5AA6ACA71DB73EA77ABAF269C4B101.d.ECBD467EF12EF5C524C95EBF57F98E55.e.19155"}]}
RESULT: {"script":"<script> [8489 bytes]","args":[{"element-6066-11e4-a52e-4f735466cecf":"f.FA5AA6ACA71DB73EA77ABAF269C4B101.d.ECBD467EF12EF5C524C95EBF57F98E55.e.19155","ELEMENT":"f.FA5AA6ACA71DB73EA77ABAF269C4B101.d.ECBD467EF12EF5C524C95EBF57F98E55.e.19155"}]}
COMMAND: GET /session/3637353f0f0366f06ffc96bdd6dcca04/screenshot - {}
RESULT: {}
COMMAND: POST /session/3637353f0f0366f06ffc96bdd6dcca04/execute/sync - {"script":"<script> [8489 bytes]","args":[{"element-6066-11e4-a52e-4f735466cecf":"f.FA5AA6ACA71DB73EA77ABAF269C4B101.d.ECBD467EF12EF5C524C95EBF57F98E55.e.19155","ELEMENT":"f.FA5AA6ACA71DB73EA77ABAF269C4B101.d.ECBD467EF12EF5C524C95EBF57F98E55.e.19155"}]}
RESULT: {"script":"<script> [8489 bytes]","args":[{"element-6066-11e4-a52e-4f735466cecf":"f.FA5AA6ACA71DB73EA77ABAF269C4B101.d.ECBD467EF12EF5C524C95EBF57F98E55.e.19155","ELEMENT":"f.FA5AA6ACA71DB73EA77ABAF269C4B101.d.ECBD467EF12EF5C524C95EBF57F98E55.e.19155"}]}
COMMAND: GET /session/3637353f0f0366f06ffc96bdd6dcca04/screenshot - {}
RESULT: {}
COMMAND: POST /session/3637353f0f0366f06ffc96bdd6dcca04/execute/sync - {"script":"<script> [8489 bytes]","args":[{"element-6066-11e4-a52e-4f735466cecf":"f.FA5AA6ACA71DB73EA77ABAF269C4B101.d.ECBD467EF12EF5C524C95EBF57F98E55.e.19155","ELEMENT":"f.FA5AA6ACA71DB73EA77ABAF269C4B101.d.ECBD467EF12EF5C524C95EBF57F98E55.e.19155"}]}
RESULT: {"script":"<script> [8489 bytes]","args":[{"element-6066-11e4-a52e-4f735466cecf":"f.FA5AA6ACA71DB73EA77ABAF269C4B101.d.ECBD467EF12EF5C524C95EBF57F98E55.e.19155","ELEMENT":"f.FA5AA6ACA71DB73EA77ABAF269C4B101.d.ECBD467EF12EF5C524C95EBF57F98E55.e.19155"}]}
COMMAND: GET /session/3637353f0f0366f06ffc96bdd6dcca04/screenshot - {}
RESULT: {}
COMMAND: POST /session/3637353f0f0366f06ffc96bdd6dcca04/execute/sync - {"script":"<script> [8489 bytes]","args":[{"element-6066-11e4-a52e-4f735466cecf":"f.FA5AA6ACA71DB73EA77ABAF269C4B101.d.ECBD467EF12EF5C524C95EBF57F98E55.e.19155","ELEMENT":"f.FA5AA6ACA71DB73EA77ABAF269C4B101.d.ECBD467EF12EF5C524C95EBF57F98E55.e.19155"}]}
RESULT: {"script":"<script> [8489 bytes]","args":[{"element-6066-11e4-a52e-4f735466cecf":"f.FA5AA6ACA71DB73EA77ABAF269C4B101.d.ECBD467EF12EF5C524C95EBF57F98E55.e.19155","ELEMENT":"f.FA5AA6ACA71DB73EA77ABAF269C4B101.d.ECBD467EF12EF5C524C95EBF57F98E55.e.19155"}]}
COMMAND: GET /session/3637353f0f0366f06ffc96bdd6dcca04/screenshot - {}
RESULT: {}
COMMAND: POST /session/3637353f0f0366f06ffc96bdd6dcca04/execute/sync - {"script":"<script> [8489 bytes]","args":[{"element-6066-11e4-a52e-4f735466cecf":"f.FA5AA6ACA71DB73EA77ABAF269C4B101.d.ECBD467EF12EF5C524C95EBF57F98E55.e.19155","ELEMENT":"f.FA5AA6ACA71DB73EA77ABAF269C4B101.d.ECBD467EF12EF5C524C95EBF57F98E55.e.19155"}]}
RESULT: {"script":"<script> [8489 bytes]","args":[{"element-6066-11e4-a52e-4f735466cecf":"f.FA5AA6ACA71DB73EA77ABAF269C4B101.d.ECBD467EF12EF5C524C95EBF57F98E55.e.19155","ELEMENT":"f.FA5AA6ACA71DB73EA77ABAF269C4B101.d.ECBD467EF12EF5C524C95EBF57F98E55.e.19155"}]}
COMMAND: GET /session/3637353f0f0366f06ffc96bdd6dcca04/screenshot - {}
RESULT: {}
COMMAND: POST /session/3637353f0f0366f06ffc96bdd6dcca04/execute/sync - {"script":"<script> [8489 bytes]","args":[{"element-6066-11e4-a52e-4f735466cecf":"f.FA5AA6ACA71DB73EA77ABAF269C4B101.d.ECBD467EF12EF5C524C95EBF57F98E55.e.19155","ELEMENT":"f.FA5AA6ACA71DB73EA77ABAF269C4B101.d.ECBD467EF12EF5C524C95EBF57F98E55.e.19155"}]}
RESULT: {"script":"<script> [8489 bytes]","args":[{"element-6066-11e4-a52e-4f735466cecf":"f.FA5AA6ACA71DB73EA77ABAF269C4B101.d.ECBD467EF12EF5C524C95EBF57F98E55.e.19155","ELEMENT":"f.FA5AA6ACA71DB73EA77ABAF269C4B101.d.ECBD467EF12EF5C524C95EBF57F98E55.e.19155"}]}
COMMAND: GET /session/3637353f0f0366f06ffc96bdd6dcca04/screenshot - {}
COMMAND: POST /session/3637353f0f0366f06ffc96bdd6dcca04/execute/sync - {"script":"<script> [8489 bytes]","args":[{"element-6066-11e4-a52e-4f735466cecf":"f.FA5AA6ACA71DB73EA77ABAF269C4B101.d.ECBD467EF12EF5C524C95EBF57F98E55.e.19155","ELEMENT":"f.FA5AA6ACA71DB73EA77ABAF269C4B101.d.ECBD467EF12EF5C524C95EBF57F98E55.e.19155"}]}
RESULT: {}
RESULT: {"script":"<script> [8489 bytes]","args":[{"element-6066-11e4-a52e-4f735466cecf":"f.FA5AA6ACA71DB73EA77ABAF269C4B101.d.ECBD467EF12EF5C524C95EBF57F98E55.e.19155","ELEMENT":"f.FA5AA6ACA71DB73EA77ABAF269C4B101.d.ECBD467EF12EF5C524C95EBF57F98E55.e.19155"}]}
COMMAND: GET /session/3637353f0f0366f06ffc96bdd6dcca04/screenshot - {}
COMMAND: POST /session/3637353f0f0366f06ffc96bdd6dcca04/execute/sync - {"script":"<script> [8489 bytes]","args":[{"element-6066-11e4-a52e-4f735466cecf":"f.FA5AA6ACA71DB73EA77ABAF269C4B101.d.ECBD467EF12EF5C524C95EBF57F98E55.e.19155","ELEMENT":"f.FA5AA6ACA71DB73EA77ABAF269C4B101.d.ECBD467EF12EF5C524C95EBF57F98E55.e.19155"}]}
RESULT: {"script":"<script> [8489 bytes]","args":[{"element-6066-11e4-a52e-4f735466cecf":"f.FA5AA6ACA71DB73EA77ABAF269C4B101.d.ECBD467EF12EF5C524C95EBF57F98E55.e.19155","ELEMENT":"f.FA5AA6ACA71DB73EA77ABAF269C4B101.d.ECBD467EF12EF5C524C95EBF57F98E55.e.19155"}]}
COMMAND: GET /session/3637353f0f0366f06ffc96bdd6dcca04/screenshot - {}
COMMAND: POST /session/3637353f0f0366f06ffc96bdd6dcca04/execute/sync - {"script":"<script> [8489 bytes]","args":[{"element-6066-11e4-a52e-4f735466cecf":"f.FA5AA6ACA71DB73EA77ABAF269C4B101.d.ECBD467EF12EF5C524C95EBF57F98E55.e.19155","ELEMENT":"f.FA5AA6ACA71DB73EA77ABAF269C4B101.d.ECBD467EF12EF5C524C95EBF57F98E55.e.19155"}]}
RESULT: {}
RESULT: {"script":"<script> [8489 bytes]","args":[{"element-6066-11e4-a52e-4f735466cecf":"f.FA5AA6ACA71DB73EA77ABAF269C4B101.d.ECBD467EF12EF5C524C95EBF57F98E55.e.19155","ELEMENT":"f.FA5AA6ACA71DB73EA77ABAF269C4B101.d.ECBD467EF12EF5C524C95EBF57F98E55.e.19155"}]}
COMMAND: GET /session/3637353f0f0366f06ffc96bdd6dcca04/screenshot - {}
COMMAND: POST /session/3637353f0f0366f06ffc96bdd6dcca04/execute/sync - {"script":"<script> [8489 bytes]","args":[{"element-6066-11e4-a52e-4f735466cecf":"f.FA5AA6ACA71DB73EA77ABAF269C4B101.d.ECBD467EF12EF5C524C95EBF57F98E55.e.19155","ELEMENT":"f.FA5AA6ACA71DB73EA77ABAF269C4B101.d.ECBD467EF12EF5C524C95EBF57F98E55.e.19155"}]}
RESULT: {}
RESULT: {}
RESULT: {"script":"<script> [8489 bytes]","args":[{"element-6066-11e4-a52e-4f735466cecf":"f.FA5AA6ACA71DB73EA77ABAF269C4B101.d.ECBD467EF12EF5C524C95EBF57F98E55.e.19155","ELEMENT":"f.FA5AA6ACA71DB73EA77ABAF269C4B101.d.ECBD467EF12EF5C524C95EBF57F98E55.e.19155"}]}
COMMAND: GET /session/3637353f0f0366f06ffc96bdd6dcca04/screenshot - {}
COMMAND: POST /session/3637353f0f0366f06ffc96bdd6dcca04/execute/sync - {"script":"<script> [8489 bytes]","args":[{"element-6066-11e4-a52e-4f735466cecf":"f.FA5AA6ACA71DB73EA77ABAF269C4B101.d.ECBD467EF12EF5C524C95EBF57F98E55.e.19155","ELEMENT":"f.FA5AA6ACA71DB73EA77ABAF269C4B101.d.ECBD467EF12EF5C524C95EBF57F98E55.e.19155"}]}
RESULT: {}
RESULT: {"script":"<script> [8489 bytes]","args":[{"element-6066-11e4-a52e-4f735466cecf":"f.FA5AA6ACA71DB73EA77ABAF269C4B101.d.ECBD467EF12EF5C524C95EBF57F98E55.e.19155","ELEMENT":"f.FA5AA6ACA71DB73EA77ABAF269C4B101.d.ECBD467EF12EF5C524C95EBF57F98E55.e.19155"}]}
COMMAND: GET /session/3637353f0f0366f06ffc96bdd6dcca04/screenshot - {}
COMMAND: POST /session/3637353f0f0366f06ffc96bdd6dcca04/execute/sync - {"script":"<script> [8489 bytes]","args":[{"element-6066-11e4-a52e-4f735466cecf":"f.FA5AA6ACA71DB73EA77ABAF269C4B101.d.ECBD467EF12EF5C524C95EBF57F98E55.e.19155","ELEMENT":"f.FA5AA6ACA71DB73EA77ABAF269C4B101.d.ECBD467EF12EF5C524C95EBF57F98E55.e.19155"}]}
RESULT: {}
RESULT: {"script":"<script> [8489 bytes]","args":[{"element-6066-11e4-a52e-4f735466cecf":"f.FA5AA6ACA71DB73EA77ABAF269C4B101.d.ECBD467EF12EF5C524C95EBF57F98E55.e.19155","ELEMENT":"f.FA5AA6ACA71DB73EA77ABAF269C4B101.d.ECBD467EF12EF5C524C95EBF57F98E55.e.19155"}]}
COMMAND: GET /session/3637353f0f0366f06ffc96bdd6dcca04/screenshot - {}
COMMAND: POST /session/3637353f0f0366f06ffc96bdd6dcca04/execute/sync - {"script":"<script> [8489 bytes]","args":[{"element-6066-11e4-a52e-4f735466cecf":"f.FA5AA6ACA71DB73EA77ABAF269C4B101.d.ECBD467EF12EF5C524C95EBF57F98E55.e.19155","ELEMENT":"f.FA5AA6ACA71DB73EA77ABAF269C4B101.d.ECBD467EF12EF5C524C95EBF57F98E55.e.19155"}]}
RESULT: {}
RESULT: {"script":"<script> [8489 bytes]","args":[{"element-6066-11e4-a52e-4f735466cecf":"f.FA5AA6ACA71DB73EA77ABAF269C4B101.d.ECBD467EF12EF5C524C95EBF57F98E55.e.19155","ELEMENT":"f.FA5AA6ACA71DB73EA77ABAF269C4B101.d.ECBD467EF12EF5C524C95EBF57F98E55.e.19155"}]}
COMMAND: GET /session/3637353f0f0366f06ffc96bdd6dcca04/screenshot - {}
COMMAND: POST /session/3637353f0f0366f06ffc96bdd6dcca04/execute/sync - {"script":"<script> [8489 bytes]","args":[{"element-6066-11e4-a52e-4f735466cecf":"f.FA5AA6ACA71DB73EA77ABAF269C4B101.d.ECBD467EF12EF5C524C95EBF57F98E55.e.19155","ELEMENT":"f.FA5AA6ACA71DB73EA77ABAF269C4B101.d.ECBD467EF12EF5C524C95EBF57F98E55.e.19155"}]}
RESULT: {}
RESULT: {"script":"<script> [8489 bytes]","args":[{"element-6066-11e4-a52e-4f735466cecf":"f.FA5AA6ACA71DB73EA77ABAF269C4B101.d.ECBD467EF12EF5C524C95EBF57F98E55.e.19155","ELEMENT":"f.FA5AA6ACA71DB73EA77ABAF269C4B101.d.ECBD467EF12EF5C524C95EBF57F98E55.e.19155"}]}
COMMAND: GET /session/3637353f0f0366f06ffc96bdd6dcca04/screenshot - {}
COMMAND: POST /session/3637353f0f0366f06ffc96bdd6dcca04/execute/sync - {"script":"<script> [8489 bytes]","args":[{"element-6066-11e4-a52e-4f735466cecf":"f.FA5AA6ACA71DB73EA77ABAF269C4B101.d.ECBD467EF12EF5C524C95EBF57F98E55.e.19155","ELEMENT":"f.FA5AA6ACA71DB73EA77ABAF269C4B101.d.ECBD467EF12EF5C524C95EBF57F98E55.e.19155"}]}
RESULT: {}
RESULT: {"script":"<script> [8489 bytes]","args":[{"element-6066-11e4-a52e-4f735466cecf":"f.FA5AA6ACA71DB73EA77ABAF269C4B101.d.ECBD467EF12EF5C524C95EBF57F98E55.e.19155","ELEMENT":"f.FA5AA6ACA71DB73EA77ABAF269C4B101.d.ECBD467EF12EF5C524C95EBF57F98E55.e.19155"}]}
COMMAND: GET /session/3637353f0f0366f06ffc96bdd6dcca04/screenshot - {}
RESULT: {}
COMMAND: POST /session/3637353f0f0366f06ffc96bdd6dcca04/execute/sync - {"script":"<script> [8489 bytes]","args":[{"element-6066-11e4-a52e-4f735466cecf":"f.FA5AA6ACA71DB73EA77ABAF269C4B101.d.ECBD467EF12EF5C524C95EBF57F98E55.e.19155","ELEMENT":"f.FA5AA6ACA71DB73EA77ABAF269C4B101.d.ECBD467EF12EF5C524C95EBF57F98E55.e.19155"}]}
RESULT: {"script":"<script> [8489 bytes]","args":[{"element-6066-11e4-a52e-4f735466cecf":"f.FA5AA6ACA71DB73EA77ABAF269C4B101.d.ECBD467EF12EF5C524C95EBF57F98E55.e.19155","ELEMENT":"f.FA5AA6ACA71DB73EA77ABAF269C4B101.d.ECBD467EF12EF5C524C95EBF57F98E55.e.19155"}]}
COMMAND: GET /session/3637353f0f0366f06ffc96bdd6dcca04/screenshot - {}
RESULT: {}
COMMAND: POST /session/3637353f0f0366f06ffc96bdd6dcca04/execute/sync - {"script":"<script> [8489 bytes]","args":[{"element-6066-11e4-a52e-4f735466cecf":"f.FA5AA6ACA71DB73EA77ABAF269C4B101.d.ECBD467EF12EF5C524C95EBF57F98E55.e.19155","ELEMENT":"f.FA5AA6ACA71DB73EA77ABAF269C4B101.d.ECBD467EF12EF5C524C95EBF57F98E55.e.19155"}]}
RESULT: {"script":"<script> [8489 bytes]","args":[{"element-6066-11e4-a52e-4f735466cecf":"f.FA5AA6ACA71DB73EA77ABAF269C4B101.d.ECBD467EF12EF5C524C95EBF57F98E55.e.19155","ELEMENT":"f.FA5AA6ACA71DB73EA77ABAF269C4B101.d.ECBD467EF12EF5C524C95EBF57F98E55.e.19155"}]}
COMMAND: GET /session/3637353f0f0366f06ffc96bdd6dcca04/screenshot - {}
RESULT: {}
COMMAND: POST /session/3637353f0f0366f06ffc96bdd6dcca04/execute/sync - {"script":"<script> [8489 bytes]","args":[{"element-6066-11e4-a52e-4f735466cecf":"f.FA5AA6ACA71DB73EA77ABAF269C4B101.d.ECBD467EF12EF5C524C95EBF57F98E55.e.19155","ELEMENT":"f.FA5AA6ACA71DB73EA77ABAF269C4B101.d.ECBD467EF12EF5C524C95EBF57F98E55.e.19155"}]}
RESULT: {"script":"<script> [8489 bytes]","args":[{"element-6066-11e4-a52e-4f735466cecf":"f.FA5AA6ACA71DB73EA77ABAF269C4B101.d.ECBD467EF12EF5C524C95EBF57F98E55.e.19155","ELEMENT":"f.FA5AA6ACA71DB73EA77ABAF269C4B101.d.ECBD467EF12EF5C524C95EBF57F98E55.e.19155"}]}
COMMAND: GET /session/3637353f0f0366f06ffc96bdd6dcca04/screenshot - {}
RESULT: {}
COMMAND: POST /session/3637353f0f0366f06ffc96bdd6dcca04/execute/sync - {"script":"<script> [8489 bytes]","args":[{"element-6066-11e4-a52e-4f735466cecf":"f.FA5AA6ACA71DB73EA77ABAF269C4B101.d.ECBD467EF12EF5C524C95EBF57F98E55.e.19155","ELEMENT":"f.FA5AA6ACA71DB73EA77ABAF269C4B101.d.ECBD467EF12EF5C524C95EBF57F98E55.e.19155"}]}
RESULT: {"script":"<script> [8489 bytes]","args":[{"element-6066-11e4-a52e-4f735466cecf":"f.FA5AA6ACA71DB73EA77ABAF269C4B101.d.ECBD467EF12EF5C524C95EBF57F98E55.e.19155","ELEMENT":"f.FA5AA6ACA71DB73EA77ABAF269C4B101.d.ECBD467EF12EF5C524C95EBF57F98E55.e.19155"}]}
COMMAND: GET /session/3637353f0f0366f06ffc96bdd6dcca04/screenshot - {}
RESULT: {}
COMMAND: POST /session/3637353f0f0366f06ffc96bdd6dcca04/execute/sync - {"script":"<script> [8489 bytes]","args":[{"element-6066-11e4-a52e-4f735466cecf":"f.FA5AA6ACA71DB73EA77ABAF269C4B101.d.ECBD467EF12EF5C524C95EBF57F98E55.e.19155","ELEMENT":"f.FA5AA6ACA71DB73EA77ABAF269C4B101.d.ECBD467EF12EF5C524C95EBF57F98E55.e.19155"}]}
RESULT: {"script":"<script> [8489 bytes]","args":[{"element-6066-11e4-a52e-4f735466cecf":"f.FA5AA6ACA71DB73EA77ABAF269C4B101.d.ECBD467EF12EF5C524C95EBF57F98E55.e.19155","ELEMENT":"f.FA5AA6ACA71DB73EA77ABAF269C4B101.d.ECBD467EF12EF5C524C95EBF57F98E55.e.19155"}]}
COMMAND: GET /session/3637353f0f0366f06ffc96bdd6dcca04/screenshot - {}
RESULT: {}
COMMAND: POST /session/3637353f0f0366f06ffc96bdd6dcca04/execute/sync - {"script":"<script> [8489 bytes]","args":[{"element-6066-11e4-a52e-4f735466cecf":"f.FA5AA6ACA71DB73EA77ABAF269C4B101.d.ECBD467EF12EF5C524C95EBF57F98E55.e.19155","ELEMENT":"f.FA5AA6ACA71DB73EA77ABAF269C4B101.d.ECBD467EF12EF5C524C95EBF57F98E55.e.19155"}]}
RESULT: {"script":"<script> [8489 bytes]","args":[{"element-6066-11e4-a52e-4f735466cecf":"f.FA5AA6ACA71DB73EA77ABAF269C4B101.d.ECBD467EF12EF5C524C95EBF57F98E55.e.19155","ELEMENT":"f.FA5AA6ACA71DB73EA77ABAF269C4B101.d.ECBD467EF12EF5C524C95EBF57F98E55.e.19155"}]}
COMMAND: GET /session/3637353f0f0366f06ffc96bdd6dcca04/screenshot - {}
RESULT: {}
COMMAND: POST /session/3637353f0f0366f06ffc96bdd6dcca04/execute/sync - {"script":"<script> [8489 bytes]","args":[{"element-6066-11e4-a52e-4f735466cecf":"f.FA5AA6ACA71DB73EA77ABAF269C4B101.d.ECBD467EF12EF5C524C95EBF57F98E55.e.19155","ELEMENT":"f.FA5AA6ACA71DB73EA77ABAF269C4B101.d.ECBD467EF12EF5C524C95EBF57F98E55.e.19155"}]}
RESULT: {"script":"<script> [8489 bytes]","args":[{"element-6066-11e4-a52e-4f735466cecf":"f.FA5AA6ACA71DB73EA77ABAF269C4B101.d.ECBD467EF12EF5C524C95EBF57F98E55.e.19155","ELEMENT":"f.FA5AA6ACA71DB73EA77ABAF269C4B101.d.ECBD467EF12EF5C524C95EBF57F98E55.e.19155"}]}
COMMAND: GET /session/3637353f0f0366f06ffc96bdd6dcca04/screenshot - {}
RESULT: {}
COMMAND: POST /session/3637353f0f0366f06ffc96bdd6dcca04/execute/sync - {"script":"<script> [8489 bytes]","args":[{"element-6066-11e4-a52e-4f735466cecf":"f.FA5AA6ACA71DB73EA77ABAF269C4B101.d.ECBD467EF12EF5C524C95EBF57F98E55.e.19155","ELEMENT":"f.FA5AA6ACA71DB73EA77ABAF269C4B101.d.ECBD467EF12EF5C524C95EBF57F98E55.e.19155"}]}
RESULT: {"script":"<script> [8489 bytes]","args":[{"element-6066-11e4-a52e-4f735466cecf":"f.FA5AA6ACA71DB73EA77ABAF269C4B101.d.ECBD467EF12EF5C524C95EBF57F98E55.e.19155","ELEMENT":"f.FA5AA6ACA71DB73EA77ABAF269C4B101.d.ECBD467EF12EF5C524C95EBF57F98E55.e.19155"}]}
COMMAND: GET /session/3637353f0f0366f06ffc96bdd6dcca04/screenshot - {}
RESULT: {}
COMMAND: POST /session/3637353f0f0366f06ffc96bdd6dcca04/execute/sync - {"script":"<script> [8489 bytes]","args":[{"element-6066-11e4-a52e-4f735466cecf":"f.FA5AA6ACA71DB73EA77ABAF269C4B101.d.ECBD467EF12EF5C524C95EBF57F98E55.e.19155","ELEMENT":"f.FA5AA6ACA71DB73EA77ABAF269C4B101.d.ECBD467EF12EF5C524C95EBF57F98E55.e.19155"}]}
RESULT: {"script":"<script> [8489 bytes]","args":[{"element-6066-11e4-a52e-4f735466cecf":"f.FA5AA6ACA71DB73EA77ABAF269C4B101.d.ECBD467EF12EF5C524C95EBF57F98E55.e.19155","ELEMENT":"f.FA5AA6ACA71DB73EA77ABAF269C4B101.d.ECBD467EF12EF5C524C95EBF57F98E55.e.19155"}]}
COMMAND: GET /session/3637353f0f0366f06ffc96bdd6dcca04/screenshot - {}
RESULT: {}
COMMAND: POST /session/3637353f0f0366f06ffc96bdd6dcca04/execute/sync - {"script":"<script> [8489 bytes]","args":[{"element-6066-11e4-a52e-4f735466cecf":"f.FA5AA6ACA71DB73EA77ABAF269C4B101.d.ECBD467EF12EF5C524C95EBF57F98E55.e.19155","ELEMENT":"f.FA5AA6ACA71DB73EA77ABAF269C4B101.d.ECBD467EF12EF5C524C95EBF57F98E55.e.19155"}]}
RESULT: {"script":"<script> [8489 bytes]","args":[{"element-6066-11e4-a52e-4f735466cecf":"f.FA5AA6ACA71DB73EA77ABAF269C4B101.d.ECBD467EF12EF5C524C95EBF57F98E55.e.19155","ELEMENT":"f.FA5AA6ACA71DB73EA77ABAF269C4B101.d.ECBD467EF12EF5C524C95EBF57F98E55.e.19155"}]}
COMMAND: GET /session/3637353f0f0366f06ffc96bdd6dcca04/screenshot - {}
RESULT: {}
COMMAND: POST /session/3637353f0f0366f06ffc96bdd6dcca04/execute/sync - {"script":"<script> [8489 bytes]","args":[{"element-6066-11e4-a52e-4f735466cecf":"f.FA5AA6ACA71DB73EA77ABAF269C4B101.d.ECBD467EF12EF5C524C95EBF57F98E55.e.19155","ELEMENT":"f.FA5AA6ACA71DB73EA77ABAF269C4B101.d.ECBD467EF12EF5C524C95EBF57F98E55.e.19155"}]}
RESULT: {"script":"<script> [8489 bytes]","args":[{"element-6066-11e4-a52e-4f735466cecf":"f.FA5AA6ACA71DB73EA77ABAF269C4B101.d.ECBD467EF12EF5C524C95EBF57F98E55.e.19155","ELEMENT":"f.FA5AA6ACA71DB73EA77ABAF269C4B101.d.ECBD467EF12EF5C524C95EBF57F98E55.e.19155"}]}
COMMAND: GET /session/3637353f0f0366f06ffc96bdd6dcca04/screenshot - {}
RESULT: {}
COMMAND: POST /session/3637353f0f0366f06ffc96bdd6dcca04/execute/sync - {"script":"<script> [8489 bytes]","args":[{"element-6066-11e4-a52e-4f735466cecf":"f.FA5AA6ACA71DB73EA77ABAF269C4B101.d.ECBD467EF12EF5C524C95EBF57F98E55.e.19155","ELEMENT":"f.FA5AA6ACA71DB73EA77ABAF269C4B101.d.ECBD467EF12EF5C524C95EBF57F98E55.e.19155"}]}
RESULT: {"script":"<script> [8489 bytes]","args":[{"element-6066-11e4-a52e-4f735466cecf":"f.FA5AA6ACA71DB73EA77ABAF269C4B101.d.ECBD467EF12EF5C524C95EBF57F98E55.e.19155","ELEMENT":"f.FA5AA6ACA71DB73EA77ABAF269C4B101.d.ECBD467EF12EF5C524C95EBF57F98E55.e.19155"}]}
COMMAND: GET /session/3637353f0f0366f06ffc96bdd6dcca04/screenshot - {}
RESULT: {}
COMMAND: POST /session/3637353f0f0366f06ffc96bdd6dcca04/execute/sync - {"script":"<script> [8489 bytes]","args":[{"element-6066-11e4-a52e-4f735466cecf":"f.FA5AA6ACA71DB73EA77ABAF269C4B101.d.ECBD467EF12EF5C524C95EBF57F98E55.e.19155","ELEMENT":"f.FA5AA6ACA71DB73EA77ABAF269C4B101.d.ECBD467EF12EF5C524C95EBF57F98E55.e.19155"}]}
RESULT: {"script":"<script> [8489 bytes]","args":[{"element-6066-11e4-a52e-4f735466cecf":"f.FA5AA6ACA71DB73EA77ABAF269C4B101.d.ECBD467EF12EF5C524C95EBF57F98E55.e.19155","ELEMENT":"f.FA5AA6ACA71DB73EA77ABAF269C4B101.d.ECBD467EF12EF5C524C95EBF57F98E55.e.19155"}]}
COMMAND: GET /session/3637353f0f0366f06ffc96bdd6dcca04/screenshot - {}
RESULT: {}
COMMAND: POST /session/3637353f0f0366f06ffc96bdd6dcca04/execute/sync - {"script":"<script> [8489 bytes]","args":[{"element-6066-11e4-a52e-4f735466cecf":"f.FA5AA6ACA71DB73EA77ABAF269C4B101.d.ECBD467EF12EF5C524C95EBF57F98E55.e.19155","ELEMENT":"f.FA5AA6ACA71DB73EA77ABAF269C4B101.d.ECBD467EF12EF5C524C95EBF57F98E55.e.19155"}]}
RESULT: {"script":"<script> [8489 bytes]","args":[{"element-6066-11e4-a52e-4f735466cecf":"f.FA5AA6ACA71DB73EA77ABAF269C4B101.d.ECBD467EF12EF5C524C95EBF57F98E55.e.19155","ELEMENT":"f.FA5AA6ACA71DB73EA77ABAF269C4B101.d.ECBD467EF12EF5C524C95EBF57F98E55.e.19155"}]}
COMMAND: GET /session/3637353f0f0366f06ffc96bdd6dcca04/screenshot - {}
RESULT: {}
COMMAND: POST /session/3637353f0f0366f06ffc96bdd6dcca04/execute/sync - {"script":"<script> [8489 bytes]","args":[{"element-6066-11e4-a52e-4f735466cecf":"f.FA5AA6ACA71DB73EA77ABAF269C4B101.d.ECBD467EF12EF5C524C95EBF57F98E55.e.19155","ELEMENT":"f.FA5AA6ACA71DB73EA77ABAF269C4B101.d.ECBD467EF12EF5C524C95EBF57F98E55.e.19155"}]}
RESULT: {"script":"<script> [8489 bytes]","args":[{"element-6066-11e4-a52e-4f735466cecf":"f.FA5AA6ACA71DB73EA77ABAF269C4B101.d.ECBD467EF12EF5C524C95EBF57F98E55.e.19155","ELEMENT":"f.FA5AA6ACA71DB73EA77ABAF269C4B101.d.ECBD467EF12EF5C524C95EBF57F98E55.e.19155"}]}
COMMAND: GET /session/3637353f0f0366f06ffc96bdd6dcca04/screenshot - {}
RESULT: {}
COMMAND: POST /session/3637353f0f0366f06ffc96bdd6dcca04/execute/sync - {"script":"<script> [8489 bytes]","args":[{"element-6066-11e4-a52e-4f735466cecf":"f.FA5AA6ACA71DB73EA77ABAF269C4B101.d.ECBD467EF12EF5C524C95EBF57F98E55.e.19155","ELEMENT":"f.FA5AA6ACA71DB73EA77ABAF269C4B101.d.ECBD467EF12EF5C524C95EBF57F98E55.e.19155"}]}
RESULT: {"script":"<script> [8489 bytes]","args":[{"element-6066-11e4-a52e-4f735466cecf":"f.FA5AA6ACA71DB73EA77ABAF269C4B101.d.ECBD467EF12EF5C524C95EBF57F98E55.e.19155","ELEMENT":"f.FA5AA6ACA71DB73EA77ABAF269C4B101.d.ECBD467EF12EF5C524C95EBF57F98E55.e.19155"}]}
COMMAND: GET /session/3637353f0f0366f06ffc96bdd6dcca04/screenshot - {}
RESULT: {}
COMMAND: POST /session/3637353f0f0366f06ffc96bdd6dcca04/execute/sync - {"script":"<script> [8489 bytes]","args":[{"element-6066-11e4-a52e-4f735466cecf":"f.FA5AA6ACA71DB73EA77ABAF269C4B101.d.ECBD467EF12EF5C524C95EBF57F98E55.e.19155","ELEMENT":"f.FA5AA6ACA71DB73EA77ABAF269C4B101.d.ECBD467EF12EF5C524C95EBF57F98E55.e.19155"}]}
RESULT: {"script":"<script> [8489 bytes]","args":[{"element-6066-11e4-a52e-4f735466cecf":"f.FA5AA6ACA71DB73EA77ABAF269C4B101.d.ECBD467EF12EF5C524C95EBF57F98E55.e.19155","ELEMENT":"f.FA5AA6ACA71DB73EA77ABAF269C4B101.d.ECBD467EF12EF5C524C95EBF57F98E55.e.19155"}]}
COMMAND: GET /session/3637353f0f0366f06ffc96bdd6dcca04/screenshot - {}
RESULT: {}
COMMAND: POST /session/3637353f0f0366f06ffc96bdd6dcca04/execute/sync - {"script":"<script> [8489 bytes]","args":[{"element-6066-11e4-a52e-4f735466cecf":"f.FA5AA6ACA71DB73EA77ABAF269C4B101.d.ECBD467EF12EF5C524C95EBF57F98E55.e.19155","ELEMENT":"f.FA5AA6ACA71DB73EA77ABAF269C4B101.d.ECBD467EF12EF5C524C95EBF57F98E55.e.19155"}]}
RESULT: {"script":"<script> [8489 bytes]","args":[{"element-6066-11e4-a52e-4f735466cecf":"f.FA5AA6ACA71DB73EA77ABAF269C4B101.d.ECBD467EF12EF5C524C95EBF57F98E55.e.19155","ELEMENT":"f.FA5AA6ACA71DB73EA77ABAF269C4B101.d.ECBD467EF12EF5C524C95EBF57F98E55.e.19155"}]}
COMMAND: GET /session/3637353f0f0366f06ffc96bdd6dcca04/screenshot - {}
RESULT: {}
COMMAND: POST /session/3637353f0f0366f06ffc96bdd6dcca04/execute/sync - {"script":"<script> [8489 bytes]","args":[{"element-6066-11e4-a52e-4f735466cecf":"f.FA5AA6ACA71DB73EA77ABAF269C4B101.d.ECBD467EF12EF5C524C95EBF57F98E55.e.19155","ELEMENT":"f.FA5AA6ACA71DB73EA77ABAF269C4B101.d.ECBD467EF12EF5C524C95EBF57F98E55.e.19155"}]}
RESULT: {"script":"<script> [8489 bytes]","args":[{"element-6066-11e4-a52e-4f735466cecf":"f.FA5AA6ACA71DB73EA77ABAF269C4B101.d.ECBD467EF12EF5C524C95EBF57F98E55.e.19155","ELEMENT":"f.FA5AA6ACA71DB73EA77ABAF269C4B101.d.ECBD467EF12EF5C524C95EBF57F98E55.e.19155"}]}
COMMAND: GET /session/3637353f0f0366f06ffc96bdd6dcca04/screenshot - {}
RESULT: {}
COMMAND: POST /session/3637353f0f0366f06ffc96bdd6dcca04/execute/sync - {"script":"<script> [8489 bytes]","args":[{"element-6066-11e4-a52e-4f735466cecf":"f.FA5AA6ACA71DB73EA77ABAF269C4B101.d.ECBD467EF12EF5C524C95EBF57F98E55.e.19155","ELEMENT":"f.FA5AA6ACA71DB73EA77ABAF269C4B101.d.ECBD467EF12EF5C524C95EBF57F98E55.e.19155"}]}
RESULT: {"script":"<script> [8489 bytes]","args":[{"element-6066-11e4-a52e-4f735466cecf":"f.FA5AA6ACA71DB73EA77ABAF269C4B101.d.ECBD467EF12EF5C524C95EBF57F98E55.e.19155","ELEMENT":"f.FA5AA6ACA71DB73EA77ABAF269C4B101.d.ECBD467EF12EF5C524C95EBF57F98E55.e.19155"}]}
COMMAND: GET /session/3637353f0f0366f06ffc96bdd6dcca04/screenshot - {}
RESULT: {}
COMMAND: POST /session/3637353f0f0366f06ffc96bdd6dcca04/execute/sync - {"script":"<script> [8489 bytes]","args":[{"element-6066-11e4-a52e-4f735466cecf":"f.FA5AA6ACA71DB73EA77ABAF269C4B101.d.ECBD467EF12EF5C524C95EBF57F98E55.e.19155","ELEMENT":"f.FA5AA6ACA71DB73EA77ABAF269C4B101.d.ECBD467EF12EF5C524C95EBF57F98E55.e.19155"}]}
RESULT: {"script":"<script> [8489 bytes]","args":[{"element-6066-11e4-a52e-4f735466cecf":"f.FA5AA6ACA71DB73EA77ABAF269C4B101.d.ECBD467EF12EF5C524C95EBF57F98E55.e.19155","ELEMENT":"f.FA5AA6ACA71DB73EA77ABAF269C4B101.d.ECBD467EF12EF5C524C95EBF57F98E55.e.19155"}]}
COMMAND: GET /session/3637353f0f0366f06ffc96bdd6dcca04/screenshot - {}
RESULT: {}
COMMAND: POST /session/3637353f0f0366f06ffc96bdd6dcca04/execute/sync - {"script":"<script> [8489 bytes]","args":[{"element-6066-11e4-a52e-4f735466cecf":"f.FA5AA6ACA71DB73EA77ABAF269C4B101.d.ECBD467EF12EF5C524C95EBF57F98E55.e.19155","ELEMENT":"f.FA5AA6ACA71DB73EA77ABAF269C4B101.d.ECBD467EF12EF5C524C95EBF57F98E55.e.19155"}]}
RESULT: {"script":"<script> [8489 bytes]","args":[{"element-6066-11e4-a52e-4f735466cecf":"f.FA5AA6ACA71DB73EA77ABAF269C4B101.d.ECBD467EF12EF5C524C95EBF57F98E55.e.19155","ELEMENT":"f.FA5AA6ACA71DB73EA77ABAF269C4B101.d.ECBD467EF12EF5C524C95EBF57F98E55.e.19155"}]}
COMMAND: GET /session/3637353f0f0366f06ffc96bdd6dcca04/screenshot - {}
RESULT: {}
COMMAND: POST /session/3637353f0f0366f06ffc96bdd6dcca04/execute/sync - {"script":"<script> [8489 bytes]","args":[{"element-6066-11e4-a52e-4f735466cecf":"f.FA5AA6ACA71DB73EA77ABAF269C4B101.d.ECBD467EF12EF5C524C95EBF57F98E55.e.19155","ELEMENT":"f.FA5AA6ACA71DB73EA77ABAF269C4B101.d.ECBD467EF12EF5C524C95EBF57F98E55.e.19155"}]}
RESULT: {"script":"<script> [8489 bytes]","args":[{"element-6066-11e4-a52e-4f735466cecf":"f.FA5AA6ACA71DB73EA77ABAF269C4B101.d.ECBD467EF12EF5C524C95EBF57F98E55.e.19155","ELEMENT":"f.FA5AA6ACA71DB73EA77ABAF269C4B101.d.ECBD467EF12EF5C524C95EBF57F98E55.e.19155"}]}
COMMAND: GET /session/3637353f0f0366f06ffc96bdd6dcca04/screenshot - {}
RESULT: {}
COMMAND: POST /session/3637353f0f0366f06ffc96bdd6dcca04/execute/sync - {"script":"<script> [8489 bytes]","args":[{"element-6066-11e4-a52e-4f735466cecf":"f.FA5AA6ACA71DB73EA77ABAF269C4B101.d.ECBD467EF12EF5C524C95EBF57F98E55.e.19155","ELEMENT":"f.FA5AA6ACA71DB73EA77ABAF269C4B101.d.ECBD467EF12EF5C524C95EBF57F98E55.e.19155"}]}
RESULT: {"script":"<script> [8489 bytes]","args":[{"element-6066-11e4-a52e-4f735466cecf":"f.FA5AA6ACA71DB73EA77ABAF269C4B101.d.ECBD467EF12EF5C524C95EBF57F98E55.e.19155","ELEMENT":"f.FA5AA6ACA71DB73EA77ABAF269C4B101.d.ECBD467EF12EF5C524C95EBF57F98E55.e.19155"}]}
COMMAND: GET /session/3637353f0f0366f06ffc96bdd6dcca04/screenshot - {}
RESULT: {}
COMMAND: POST /session/3637353f0f0366f06ffc96bdd6dcca04/execute/sync - {"script":"<script> [8489 bytes]","args":[{"element-6066-11e4-a52e-4f735466cecf":"f.FA5AA6ACA71DB73EA77ABAF269C4B101.d.ECBD467EF12EF5C524C95EBF57F98E55.e.19155","ELEMENT":"f.FA5AA6ACA71DB73EA77ABAF269C4B101.d.ECBD467EF12EF5C524C95EBF57F98E55.e.19155"}]}
RESULT: {"script":"<script> [8489 bytes]","args":[{"element-6066-11e4-a52e-4f735466cecf":"f.FA5AA6ACA71DB73EA77ABAF269C4B101.d.ECBD467EF12EF5C524C95EBF57F98E55.e.19155","ELEMENT":"f.FA5AA6ACA71DB73EA77ABAF269C4B101.d.ECBD467EF12EF5C524C95EBF57F98E55.e.19155"}]}
COMMAND: GET /session/3637353f0f0366f06ffc96bdd6dcca04/screenshot - {}
RESULT: {}
COMMAND: POST /session/3637353f0f0366f06ffc96bdd6dcca04/execute/sync - {"script":"<script> [8489 bytes]","args":[{"element-6066-11e4-a52e-4f735466cecf":"f.FA5AA6ACA71DB73EA77ABAF269C4B101.d.ECBD467EF12EF5C524C95EBF57F98E55.e.19155","ELEMENT":"f.FA5AA6ACA71DB73EA77ABAF269C4B101.d.ECBD467EF12EF5C524C95EBF57F98E55.e.19155"}]}
RESULT: {"script":"<script> [8489 bytes]","args":[{"element-6066-11e4-a52e-4f735466cecf":"f.FA5AA6ACA71DB73EA77ABAF269C4B101.d.ECBD467EF12EF5C524C95EBF57F98E55.e.19155","ELEMENT":"f.FA5AA6ACA71DB73EA77ABAF269C4B101.d.ECBD467EF12EF5C524C95EBF57F98E55.e.19155"}]}
COMMAND: GET /session/3637353f0f0366f06ffc96bdd6dcca04/screenshot - {}
RESULT: {}
COMMAND: POST /session/3637353f0f0366f06ffc96bdd6dcca04/execute/sync - {"script":"<script> [8489 bytes]","args":[{"element-6066-11e4-a52e-4f735466cecf":"f.FA5AA6ACA71DB73EA77ABAF269C4B101.d.ECBD467EF12EF5C524C95EBF57F98E55.e.19155","ELEMENT":"f.FA5AA6ACA71DB73EA77ABAF269C4B101.d.ECBD467EF12EF5C524C95EBF57F98E55.e.19155"}]}
RESULT: {"script":"<script> [8489 bytes]","args":[{"element-6066-11e4-a52e-4f735466cecf":"f.FA5AA6ACA71DB73EA77ABAF269C4B101.d.ECBD467EF12EF5C524C95EBF57F98E55.e.19155","ELEMENT":"f.FA5AA6ACA71DB73EA77ABAF269C4B101.d.ECBD467EF12EF5C524C95EBF57F98E55.e.19155"}]}
COMMAND: GET /session/3637353f0f0366f06ffc96bdd6dcca04/screenshot - {}
RESULT: {}
COMMAND: POST /session/3637353f0f0366f06ffc96bdd6dcca04/execute/sync - {"script":"<script> [8489 bytes]","args":[{"element-6066-11e4-a52e-4f735466cecf":"f.FA5AA6ACA71DB73EA77ABAF269C4B101.d.ECBD467EF12EF5C524C95EBF57F98E55.e.19155","ELEMENT":"f.FA5AA6ACA71DB73EA77ABAF269C4B101.d.ECBD467EF12EF5C524C95EBF57F98E55.e.19155"}]}
RESULT: {"script":"<script> [8489 bytes]","args":[{"element-6066-11e4-a52e-4f735466cecf":"f.FA5AA6ACA71DB73EA77ABAF269C4B101.d.ECBD467EF12EF5C524C95EBF57F98E55.e.19155","ELEMENT":"f.FA5AA6ACA71DB73EA77ABAF269C4B101.d.ECBD467EF12EF5C524C95EBF57F98E55.e.19155"}]}
COMMAND: GET /session/3637353f0f0366f06ffc96bdd6dcca04/screenshot - {}
RESULT: {}
COMMAND: POST /session/3637353f0f0366f06ffc96bdd6dcca04/execute/sync - {"script":"<script> [8489 bytes]","args":[{"element-6066-11e4-a52e-4f735466cecf":"f.FA5AA6ACA71DB73EA77ABAF269C4B101.d.ECBD467EF12EF5C524C95EBF57F98E55.e.19155","ELEMENT":"f.FA5AA6ACA71DB73EA77ABAF269C4B101.d.ECBD467EF12EF5C524C95EBF57F98E55.e.19155"}]}
RESULT: {"script":"<script> [8489 bytes]","args":[{"element-6066-11e4-a52e-4f735466cecf":"f.FA5AA6ACA71DB73EA77ABAF269C4B101.d.ECBD467EF12EF5C524C95EBF57F98E55.e.19155","ELEMENT":"f.FA5AA6ACA71DB73EA77ABAF269C4B101.d.ECBD467EF12EF5C524C95EBF57F98E55.e.19155"}]}
COMMAND: GET /session/3637353f0f0366f06ffc96bdd6dcca04/screenshot - {}
RESULT: {}
COMMAND: POST /session/3637353f0f0366f06ffc96bdd6dcca04/execute/sync - {"script":"<script> [8489 bytes]","args":[{"element-6066-11e4-a52e-4f735466cecf":"f.FA5AA6ACA71DB73EA77ABAF269C4B101.d.ECBD467EF12EF5C524C95EBF57F98E55.e.19155","ELEMENT":"f.FA5AA6ACA71DB73EA77ABAF269C4B101.d.ECBD467EF12EF5C524C95EBF57F98E55.e.19155"}]}
RESULT: {"script":"<script> [8489 bytes]","args":[{"element-6066-11e4-a52e-4f735466cecf":"f.FA5AA6ACA71DB73EA77ABAF269C4B101.d.ECBD467EF12EF5C524C95EBF57F98E55.e.19155","ELEMENT":"f.FA5AA6ACA71DB73EA77ABAF269C4B101.d.ECBD467EF12EF5C524C95EBF57F98E55.e.19155"}]}
COMMAND: GET /session/3637353f0f0366f06ffc96bdd6dcca04/screenshot - {}
RESULT: {}
COMMAND: POST /session/3637353f0f0366f06ffc96bdd6dcca04/execute/sync - {"script":"<script> [8489 bytes]","args":[{"element-6066-11e4-a52e-4f735466cecf":"f.FA5AA6ACA71DB73EA77ABAF269C4B101.d.ECBD467EF12EF5C524C95EBF57F98E55.e.19155","ELEMENT":"f.FA5AA6ACA71DB73EA77ABAF269C4B101.d.ECBD467EF12EF5C524C95EBF57F98E55.e.19155"}]}
RESULT: {"script":"<script> [8489 bytes]","args":[{"element-6066-11e4-a52e-4f735466cecf":"f.FA5AA6ACA71DB73EA77ABAF269C4B101.d.ECBD467EF12EF5C524C95EBF57F98E55.e.19155","ELEMENT":"f.FA5AA6ACA71DB73EA77ABAF269C4B101.d.ECBD467EF12EF5C524C95EBF57F98E55.e.19155"}]}
COMMAND: GET /session/3637353f0f0366f06ffc96bdd6dcca04/screenshot - {}
RESULT: {}
COMMAND: POST /session/3637353f0f0366f06ffc96bdd6dcca04/execute/sync - {"script":"<script> [8489 bytes]","args":[{"element-6066-11e4-a52e-4f735466cecf":"f.FA5AA6ACA71DB73EA77ABAF269C4B101.d.ECBD467EF12EF5C524C95EBF57F98E55.e.19155","ELEMENT":"f.FA5AA6ACA71DB73EA77ABAF269C4B101.d.ECBD467EF12EF5C524C95EBF57F98E55.e.19155"}]}
RESULT: {"script":"<script> [8489 bytes]","args":[{"element-6066-11e4-a52e-4f735466cecf":"f.FA5AA6ACA71DB73EA77ABAF269C4B101.d.ECBD467EF12EF5C524C95EBF57F98E55.e.19155","ELEMENT":"f.FA5AA6ACA71DB73EA77ABAF269C4B101.d.ECBD467EF12EF5C524C95EBF57F98E55.e.19155"}]}
COMMAND: GET /session/3637353f0f0366f06ffc96bdd6dcca04/screenshot - {}
RESULT: {}
COMMAND: POST /session/3637353f0f0366f06ffc96bdd6dcca04/execute/sync - {"script":"<script> [8489 bytes]","args":[{"element-6066-11e4-a52e-4f735466cecf":"f.FA5AA6ACA71DB73EA77ABAF269C4B101.d.ECBD467EF12EF5C524C95EBF57F98E55.e.19155","ELEMENT":"f.FA5AA6ACA71DB73EA77ABAF269C4B101.d.ECBD467EF12EF5C524C95EBF57F98E55.e.19155"}]}
RESULT: {"script":"<script> [8489 bytes]","args":[{"element-6066-11e4-a52e-4f735466cecf":"f.FA5AA6ACA71DB73EA77ABAF269C4B101.d.ECBD467EF12EF5C524C95EBF57F98E55.e.19155","ELEMENT":"f.FA5AA6ACA71DB73EA77ABAF269C4B101.d.ECBD467EF12EF5C524C95EBF57F98E55.e.19155"}]}
COMMAND: GET /session/3637353f0f0366f06ffc96bdd6dcca04/screenshot - {}
RESULT: {}
COMMAND: POST /session/3637353f0f0366f06ffc96bdd6dcca04/execute/sync - {"script":"<script> [8489 bytes]","args":[{"element-6066-11e4-a52e-4f735466cecf":"f.FA5AA6ACA71DB73EA77ABAF269C4B101.d.ECBD467EF12EF5C524C95EBF57F98E55.e.19155","ELEMENT":"f.FA5AA6ACA71DB73EA77ABAF269C4B101.d.ECBD467EF12EF5C524C95EBF57F98E55.e.19155"}]}
RESULT: {"script":"<script> [8489 bytes]","args":[{"element-6066-11e4-a52e-4f735466cecf":"f.FA5AA6ACA71DB73EA77ABAF269C4B101.d.ECBD467EF12EF5C524C95EBF57F98E55.e.19155","ELEMENT":"f.FA5AA6ACA71DB73EA77ABAF269C4B101.d.ECBD467EF12EF5C524C95EBF57F98E55.e.19155"}]}
COMMAND: GET /session/3637353f0f0366f06ffc96bdd6dcca04/screenshot - {}
RESULT: {}
COMMAND: POST /session/3637353f0f0366f06ffc96bdd6dcca04/execute/sync - {"script":"<script> [8489 bytes]","args":[{"element-6066-11e4-a52e-4f735466cecf":"f.FA5AA6ACA71DB73EA77ABAF269C4B101.d.ECBD467EF12EF5C524C95EBF57F98E55.e.19155","ELEMENT":"f.FA5AA6ACA71DB73EA77ABAF269C4B101.d.ECBD467EF12EF5C524C95EBF57F98E55.e.19155"}]}
RESULT: {"script":"<script> [8489 bytes]","args":[{"element-6066-11e4-a52e-4f735466cecf":"f.FA5AA6ACA71DB73EA77ABAF269C4B101.d.ECBD467EF12EF5C524C95EBF57F98E55.e.19155","ELEMENT":"f.FA5AA6ACA71DB73EA77ABAF269C4B101.d.ECBD467EF12EF5C524C95EBF57F98E55.e.19155"}]}
COMMAND: GET /session/3637353f0f0366f06ffc96bdd6dcca04/screenshot - {}
RESULT: {}
COMMAND: POST /session/3637353f0f0366f06ffc96bdd6dcca04/execute/sync - {"script":"<script> [8489 bytes]","args":[{"element-6066-11e4-a52e-4f735466cecf":"f.FA5AA6ACA71DB73EA77ABAF269C4B101.d.ECBD467EF12EF5C524C95EBF57F98E55.e.19155","ELEMENT":"f.FA5AA6ACA71DB73EA77ABAF269C4B101.d.ECBD467EF12EF5C524C95EBF57F98E55.e.19155"}]}
RESULT: {"script":"<script> [8489 bytes]","args":[{"element-6066-11e4-a52e-4f735466cecf":"f.FA5AA6ACA71DB73EA77ABAF269C4B101.d.ECBD467EF12EF5C524C95EBF57F98E55.e.19155","ELEMENT":"f.FA5AA6ACA71DB73EA77ABAF269C4B101.d.ECBD467EF12EF5C524C95EBF57F98E55.e.19155"}]}
COMMAND: GET /session/3637353f0f0366f06ffc96bdd6dcca04/screenshot - {}
RESULT: {}
COMMAND: POST /session/3637353f0f0366f06ffc96bdd6dcca04/execute/sync - {"script":"<script> [8489 bytes]","args":[{"element-6066-11e4-a52e-4f735466cecf":"f.FA5AA6ACA71DB73EA77ABAF269C4B101.d.ECBD467EF12EF5C524C95EBF57F98E55.e.19155","ELEMENT":"f.FA5AA6ACA71DB73EA77ABAF269C4B101.d.ECBD467EF12EF5C524C95EBF57F98E55.e.19155"}]}
RESULT: {"script":"<script> [8489 bytes]","args":[{"element-6066-11e4-a52e-4f735466cecf":"f.FA5AA6ACA71DB73EA77ABAF269C4B101.d.ECBD467EF12EF5C524C95EBF57F98E55.e.19155","ELEMENT":"f.FA5AA6ACA71DB73EA77ABAF269C4B101.d.ECBD467EF12EF5C524C95EBF57F98E55.e.19155"}]}
COMMAND: GET /session/3637353f0f0366f06ffc96bdd6dcca04/screenshot - {}
RESULT: {}
COMMAND: POST /session/3637353f0f0366f06ffc96bdd6dcca04/execute/sync - {"script":"<script> [8489 bytes]","args":[{"element-6066-11e4-a52e-4f735466cecf":"f.FA5AA6ACA71DB73EA77ABAF269C4B101.d.ECBD467EF12EF5C524C95EBF57F98E55.e.19155","ELEMENT":"f.FA5AA6ACA71DB73EA77ABAF269C4B101.d.ECBD467EF12EF5C524C95EBF57F98E55.e.19155"}]}
RESULT: {"script":"<script> [8489 bytes]","args":[{"element-6066-11e4-a52e-4f735466cecf":"f.FA5AA6ACA71DB73EA77ABAF269C4B101.d.ECBD467EF12EF5C524C95EBF57F98E55.e.19155","ELEMENT":"f.FA5AA6ACA71DB73EA77ABAF269C4B101.d.ECBD467EF12EF5C524C95EBF57F98E55.e.19155"}]}
COMMAND: GET /session/3637353f0f0366f06ffc96bdd6dcca04/screenshot - {}
RESULT: {}
COMMAND: POST /session/3637353f0f0366f06ffc96bdd6dcca04/execute/sync - {"script":"<script> [8489 bytes]","args":[{"element-6066-11e4-a52e-4f735466cecf":"f.FA5AA6ACA71DB73EA77ABAF269C4B101.d.ECBD467EF12EF5C524C95EBF57F98E55.e.19155","ELEMENT":"f.FA5AA6ACA71DB73EA77ABAF269C4B101.d.ECBD467EF12EF5C524C95EBF57F98E55.e.19155"}]}
RESULT: {"script":"<script> [8489 bytes]","args":[{"element-6066-11e4-a52e-4f735466cecf":"f.FA5AA6ACA71DB73EA77ABAF269C4B101.d.ECBD467EF12EF5C524C95EBF57F98E55.e.19155","ELEMENT":"f.FA5AA6ACA71DB73EA77ABAF269C4B101.d.ECBD467EF12EF5C524C95EBF57F98E55.e.19155"}]}
COMMAND: GET /session/3637353f0f0366f06ffc96bdd6dcca04/screenshot - {}
RESULT: {}
COMMAND: POST /session/3637353f0f0366f06ffc96bdd6dcca04/execute/sync - {"script":"<script> [8489 bytes]","args":[{"element-6066-11e4-a52e-4f735466cecf":"f.FA5AA6ACA71DB73EA77ABAF269C4B101.d.ECBD467EF12EF5C524C95EBF57F98E55.e.19155","ELEMENT":"f.FA5AA6ACA71DB73EA77ABAF269C4B101.d.ECBD467EF12EF5C524C95EBF57F98E55.e.19155"}]}
RESULT: {"script":"<script> [8489 bytes]","args":[{"element-6066-11e4-a52e-4f735466cecf":"f.FA5AA6ACA71DB73EA77ABAF269C4B101.d.ECBD467EF12EF5C524C95EBF57F98E55.e.19155","ELEMENT":"f.FA5AA6ACA71DB73EA77ABAF269C4B101.d.ECBD467EF12EF5C524C95EBF57F98E55.e.19155"}]}
COMMAND: GET /session/3637353f0f0366f06ffc96bdd6dcca04/screenshot - {}
RESULT: {}
COMMAND: POST /session/3637353f0f0366f06ffc96bdd6dcca04/execute/sync - {"script":"<script> [8489 bytes]","args":[{"element-6066-11e4-a52e-4f735466cecf":"f.FA5AA6ACA71DB73EA77ABAF269C4B101.d.ECBD467EF12EF5C524C95EBF57F98E55.e.19155","ELEMENT":"f.FA5AA6ACA71DB73EA77ABAF269C4B101.d.ECBD467EF12EF5C524C95EBF57F98E55.e.19155"}]}
RESULT: {"script":"<script> [8489 bytes]","args":[{"element-6066-11e4-a52e-4f735466cecf":"f.FA5AA6ACA71DB73EA77ABAF269C4B101.d.ECBD467EF12EF5C524C95EBF57F98E55.e.19155","ELEMENT":"f.FA5AA6ACA71DB73EA77ABAF269C4B101.d.ECBD467EF12EF5C524C95EBF57F98E55.e.19155"}]}
COMMAND: GET /session/3637353f0f0366f06ffc96bdd6dcca04/screenshot - {}
RESULT: {}
COMMAND: POST /session/3637353f0f0366f06ffc96bdd6dcca04/execute/sync - {"script":"<script> [8489 bytes]","args":[{"element-6066-11e4-a52e-4f735466cecf":"f.FA5AA6ACA71DB73EA77ABAF269C4B101.d.ECBD467EF12EF5C524C95EBF57F98E55.e.19155","ELEMENT":"f.FA5AA6ACA71DB73EA77ABAF269C4B101.d.ECBD467EF12EF5C524C95EBF57F98E55.e.19155"}]}
RESULT: {"script":"<script> [8489 bytes]","args":[{"element-6066-11e4-a52e-4f735466cecf":"f.FA5AA6ACA71DB73EA77ABAF269C4B101.d.ECBD467EF12EF5C524C95EBF57F98E55.e.19155","ELEMENT":"f.FA5AA6ACA71DB73EA77ABAF269C4B101.d.ECBD467EF12EF5C524C95EBF57F98E55.e.19155"}]}
COMMAND: GET /session/3637353f0f0366f06ffc96bdd6dcca04/screenshot - {}
RESULT: {}
COMMAND: POST /session/3637353f0f0366f06ffc96bdd6dcca04/execute/sync - {"script":"<script> [8489 bytes]","args":[{"element-6066-11e4-a52e-4f735466cecf":"f.FA5AA6ACA71DB73EA77ABAF269C4B101.d.ECBD467EF12EF5C524C95EBF57F98E55.e.19155","ELEMENT":"f.FA5AA6ACA71DB73EA77ABAF269C4B101.d.ECBD467EF12EF5C524C95EBF57F98E55.e.19155"}]}
RESULT: {"script":"<script> [8489 bytes]","args":[{"element-6066-11e4-a52e-4f735466cecf":"f.FA5AA6ACA71DB73EA77ABAF269C4B101.d.ECBD467EF12EF5C524C95EBF57F98E55.e.19155","ELEMENT":"f.FA5AA6ACA71DB73EA77ABAF269C4B101.d.ECBD467EF12EF5C524C95EBF57F98E55.e.19155"}]}
COMMAND: GET /session/3637353f0f0366f06ffc96bdd6dcca04/screenshot - {}
RESULT: {}
COMMAND: POST /session/3637353f0f0366f06ffc96bdd6dcca04/execute/sync - {"script":"<script> [8489 bytes]","args":[{"element-6066-11e4-a52e-4f735466cecf":"f.FA5AA6ACA71DB73EA77ABAF269C4B101.d.ECBD467EF12EF5C524C95EBF57F98E55.e.19155","ELEMENT":"f.FA5AA6ACA71DB73EA77ABAF269C4B101.d.ECBD467EF12EF5C524C95EBF57F98E55.e.19155"}]}
RESULT: {"script":"<script> [8489 bytes]","args":[{"element-6066-11e4-a52e-4f735466cecf":"f.FA5AA6ACA71DB73EA77ABAF269C4B101.d.ECBD467EF12EF5C524C95EBF57F98E55.e.19155","ELEMENT":"f.FA5AA6ACA71DB73EA77ABAF269C4B101.d.ECBD467EF12EF5C524C95EBF57F98E55.e.19155"}]}
COMMAND: GET /session/3637353f0f0366f06ffc96bdd6dcca04/screenshot - {}
COMMAND: POST /session/3637353f0f0366f06ffc96bdd6dcca04/execute/sync - {"script":"<script> [8489 bytes]","args":[{"element-6066-11e4-a52e-4f735466cecf":"f.FA5AA6ACA71DB73EA77ABAF269C4B101.d.ECBD467EF12EF5C524C95EBF57F98E55.e.19155","ELEMENT":"f.FA5AA6ACA71DB73EA77ABAF269C4B101.d.ECBD467EF12EF5C524C95EBF57F98E55.e.19155"}]}
RESULT: {}
RESULT: {"script":"<script> [8489 bytes]","args":[{"element-6066-11e4-a52e-4f735466cecf":"f.FA5AA6ACA71DB73EA77ABAF269C4B101.d.ECBD467EF12EF5C524C95EBF57F98E55.e.19155","ELEMENT":"f.FA5AA6ACA71DB73EA77ABAF269C4B101.d.ECBD467EF12EF5C524C95EBF57F98E55.e.19155"}]}
COMMAND: GET /session/3637353f0f0366f06ffc96bdd6dcca04/screenshot - {}
RESULT: {}
COMMAND: POST /session/3637353f0f0366f06ffc96bdd6dcca04/execute/sync - {"script":"<script> [8489 bytes]","args":[{"element-6066-11e4-a52e-4f735466cecf":"f.FA5AA6ACA71DB73EA77ABAF269C4B101.d.ECBD467EF12EF5C524C95EBF57F98E55.e.19155","ELEMENT":"f.FA5AA6ACA71DB73EA77ABAF269C4B101.d.ECBD467EF12EF5C524C95EBF57F98E55.e.19155"}]}
RESULT: {"script":"<script> [8489 bytes]","args":[{"element-6066-11e4-a52e-4f735466cecf":"f.FA5AA6ACA71DB73EA77ABAF269C4B101.d.ECBD467EF12EF5C524C95EBF57F98E55.e.19155","ELEMENT":"f.FA5AA6ACA71DB73EA77ABAF269C4B101.d.ECBD467EF12EF5C524C95EBF57F98E55.e.19155"}]}
COMMAND: GET /session/3637353f0f0366f06ffc96bdd6dcca04/screenshot - {}
RESULT: {}
COMMAND: POST /session/3637353f0f0366f06ffc96bdd6dcca04/execute/sync - {"script":"<script> [8489 bytes]","args":[{"element-6066-11e4-a52e-4f735466cecf":"f.FA5AA6ACA71DB73EA77ABAF269C4B101.d.ECBD467EF12EF5C524C95EBF57F98E55.e.19155","ELEMENT":"f.FA5AA6ACA71DB73EA77ABAF269C4B101.d.ECBD467EF12EF5C524C95EBF57F98E55.e.19155"}]}
RESULT: {"script":"<script> [8489 bytes]","args":[{"element-6066-11e4-a52e-4f735466cecf":"f.FA5AA6ACA71DB73EA77ABAF269C4B101.d.ECBD467EF12EF5C524C95EBF57F98E55.e.19155","ELEMENT":"f.FA5AA6ACA71DB73EA77ABAF269C4B101.d.ECBD467EF12EF5C524C95EBF57F98E55.e.19155"}]}
COMMAND: GET /session/3637353f0f0366f06ffc96bdd6dcca04/screenshot - {}
RESULT: {}
COMMAND: POST /session/3637353f0f0366f06ffc96bdd6dcca04/execute/sync - {"script":"<script> [8489 bytes]","args":[{"element-6066-11e4-a52e-4f735466cecf":"f.FA5AA6ACA71DB73EA77ABAF269C4B101.d.ECBD467EF12EF5C524C95EBF57F98E55.e.19155","ELEMENT":"f.FA5AA6ACA71DB73EA77ABAF269C4B101.d.ECBD467EF12EF5C524C95EBF57F98E55.e.19155"}]}
RESULT: {"script":"<script> [8489 bytes]","args":[{"element-6066-11e4-a52e-4f735466cecf":"f.FA5AA6ACA71DB73EA77ABAF269C4B101.d.ECBD467EF12EF5C524C95EBF57F98E55.e.19155","ELEMENT":"f.FA5AA6ACA71DB73EA77ABAF269C4B101.d.ECBD467EF12EF5C524C95EBF57F98E55.e.19155"}]}
COMMAND: GET /session/3637353f0f0366f06ffc96bdd6dcca04/screenshot - {}
RESULT: {}
COMMAND: POST /session/3637353f0f0366f06ffc96bdd6dcca04/execute/sync - {"script":"<script> [8489 bytes]","args":[{"element-6066-11e4-a52e-4f735466cecf":"f.FA5AA6ACA71DB73EA77ABAF269C4B101.d.ECBD467EF12EF5C524C95EBF57F98E55.e.19155","ELEMENT":"f.FA5AA6ACA71DB73EA77ABAF269C4B101.d.ECBD467EF12EF5C524C95EBF57F98E55.e.19155"}]}
RESULT: {"script":"<script> [8489 bytes]","args":[{"element-6066-11e4-a52e-4f735466cecf":"f.FA5AA6ACA71DB73EA77ABAF269C4B101.d.ECBD467EF12EF5C524C95EBF57F98E55.e.19155","ELEMENT":"f.FA5AA6ACA71DB73EA77ABAF269C4B101.d.ECBD467EF12EF5C524C95EBF57F98E55.e.19155"}]}
COMMAND: GET /session/3637353f0f0366f06ffc96bdd6dcca04/screenshot - {}
RESULT: {}
COMMAND: POST /session/3637353f0f0366f06ffc96bdd6dcca04/execute/sync - {"script":"<script> [8489 bytes]","args":[{"element-6066-11e4-a52e-4f735466cecf":"f.FA5AA6ACA71DB73EA77ABAF269C4B101.d.ECBD467EF12EF5C524C95EBF57F98E55.e.19155","ELEMENT":"f.FA5AA6ACA71DB73EA77ABAF269C4B101.d.ECBD467EF12EF5C524C95EBF57F98E55.e.19155"}]}
RESULT: {"script":"<script> [8489 bytes]","args":[{"element-6066-11e4-a52e-4f735466cecf":"f.FA5AA6ACA71DB73EA77ABAF269C4B101.d.ECBD467EF12EF5C524C95EBF57F98E55.e.19155","ELEMENT":"f.FA5AA6ACA71DB73EA77ABAF269C4B101.d.ECBD467EF12EF5C524C95EBF57F98E55.e.19155"}]}
COMMAND: GET /session/3637353f0f0366f06ffc96bdd6dcca04/screenshot - {}
RESULT: {}
COMMAND: POST /session/3637353f0f0366f06ffc96bdd6dcca04/elements - {"using":"css selector","value":"div[viewname='etm.portal.ui.managehandovers.view.DetailExecuteHO'] span.sapMText"}
RESULT: {"using":"css selector","value":"div[viewname='etm.portal.ui.managehandovers.view.DetailExecuteHO'] span.sapMText"}
]]></system-out>
    </testcase>
    <testcase classname="chrome.135_0_7049_96.windows.Provide_to_Site_w/_warehouse_management_w_clarification" name="Should test for Clarification" time="33.547">
      <system-out><![CDATA[
RESULT: undefined
COMMAND: POST /session/3637353f0f0366f06ffc96bdd6dcca04/element - {"using":"xpath","value":"//*[@id=\"__tile132\"]"}
COMMAND: GET /session/3637353f0f0366f06ffc96bdd6dcca04/screenshot - {}
RESULT: {"script":"<script> [1562 bytes]","args":[{"selector":{"controlType":"sap.m.SearchField","viewName":"etm.portal.ui.managehandovers.view.MasterHO","bindingPath":{"propertyPath":"/_BASIC_SEARCH_FIELD","modelName":"fi1t3rM0d31"},"interaction":{"idSuffix":"I"}},"wdio_ui5_key":"etmportal.ui.managehandovers.view.MasterHOsap.m.SearchField{\"propertyPath\":\"/_BASIC_SEARCH_FIELD\",\"modelName\":\"fi1t3rM0d31\"}"}]}
RESULT: undefined
RESULT: {"using":"xpath","value":"//*[@id=\"__tile132\"]"}
COMMAND: POST /session/3637353f0f0366f06ffc96bdd6dcca04/element/f.FA5AA6ACA71DB73EA77ABAF269C4B101.d.ECBD467EF12EF5C524C95EBF57F98E55.e.17679/click - {}
RESULT: {}
RESULT: undefined
COMMAND: POST /session/3637353f0f0366f06ffc96bdd6dcca04/execute/async - {"script":"<script> [776 bytes]","args":[{"enterText":"30651","selector":{"controlType":"sap.m.SearchField","viewName":"etm.portal.ui.managehandovers.view.MasterHO","bindingPath":{"propertyPath":"/_BASIC_SEARCH_FIELD","modelName":"fi1t3rM0d31"},"interaction":{"idSuffix":"I"}},"clearTextFirst":true,"interactionType":"ENTER_TEXT"}]}
RESULT: {"script":"<script> [776 bytes]","args":[{"enterText":"30651","selector":{"controlType":"sap.m.SearchField","viewName":"etm.portal.ui.managehandovers.view.MasterHO","bindingPath":{"propertyPath":"/_BASIC_SEARCH_FIELD","modelName":"fi1t3rM0d31"},"interaction":{"idSuffix":"I"}},"clearTextFirst":true,"interactionType":"ENTER_TEXT"}]}
COMMAND: POST /session/3637353f0f0366f06ffc96bdd6dcca04/actions - {"actions":[{"id":"action85","type":"key","parameters":{},"actions":[{"type":"keyDown","value":"î€‡"},{"type":"pause","duration":10},{"type":"keyUp","value":"î€‡"}]}]}
RESULT: {"actions":[{"id":"action85","type":"key","parameters":{},"actions":[{"type":"keyDown","value":"î€‡"},{"type":"pause","duration":10},{"type":"keyUp","value":"î€‡"}]}]}
COMMAND: GET /session/3637353f0f0366f06ffc96bdd6dcca04/screenshot - {}
RESULT: {}
COMMAND: POST /session/3637353f0f0366f06ffc96bdd6dcca04/element - {"using":"xpath","value":"//span[(text() = '30651' or . = '30651')]"}
RESULT: {"using":"xpath","value":"//span[(text() = '30651' or . = '30651')]"}
COMMAND: POST /session/3637353f0f0366f06ffc96bdd6dcca04/element/f.FA5AA6ACA71DB73EA77ABAF269C4B101.d.ECBD467EF12EF5C524C95EBF57F98E55.e.19682/click - {}
RESULT: {}
COMMAND: GET /session/3637353f0f0366f06ffc96bdd6dcca04/screenshot - {}
RESULT: {}
COMMAND: POST /session/3637353f0f0366f06ffc96bdd6dcca04/execute/async - {"script":"<script> [1562 bytes]","args":[{"selector":{"id":"instructionsTabFilter","viewName":"etm.portal.ui.managehandovers.view.DetailExecuteHO","interaction":{"idSuffix":"text"}},"wdio_ui5_key":"instructionsTabFilteretmportal.ui.managehandovers.view.DetailExecuteHO"}]}
RESULT: {"script":"<script> [1562 bytes]","args":[{"selector":{"id":"instructionsTabFilter","viewName":"etm.portal.ui.managehandovers.view.DetailExecuteHO","interaction":{"idSuffix":"text"}},"wdio_ui5_key":"instructionsTabFilteretmportal.ui.managehandovers.view.DetailExecuteHO"}]}
RESULT: undefined
RESULT: undefined
COMMAND: POST /session/3637353f0f0366f06ffc96bdd6dcca04/execute/async - {"script":"<script> [1562 bytes]","args":[{"selector":{"controlType":"sap.m.ToggleButton","viewName":"etm.portal.ui.managehandovers.view.DetailExecuteHO","i18NText":{"propertyName":"text","key":"refuse"},"interaction":{"idSuffix":"BDI-content"}},"wdio_ui5_key":"etmportal.ui.managehandovers.view.DetailExecuteHOsap.m.ToggleButton{\"propertyName\":\"text\",\"key\":\"refuse\"}"}]}
RESULT: {"script":"<script> [1562 bytes]","args":[{"selector":{"controlType":"sap.m.ToggleButton","viewName":"etm.portal.ui.managehandovers.view.DetailExecuteHO","i18NText":{"propertyName":"text","key":"refuse"},"interaction":{"idSuffix":"BDI-content"}},"wdio_ui5_key":"etmportal.ui.managehandovers.view.DetailExecuteHOsap.m.ToggleButton{\"propertyName\":\"text\",\"key\":\"refuse\"}"}]}
RESULT: undefined
COMMAND: POST /session/3637353f0f0366f06ffc96bdd6dcca04/execute/async - {"script":"<script> [1562 bytes]","args":[{"selector":{"id":"confirmationButton","viewName":"etm.portal.ui.managehandovers.view.DetailExecuteHO","interaction":{"idSuffix":"BDI-content"},"properties":{"text":"Receive / Refuse"}},"wdio_ui5_key":"confirmationButtonetmportal.ui.managehandovers.view.DetailExecuteHO{\"text\":\"Receive / Refuse\"}"}]}
RESULT: {"script":"<script> [1562 bytes]","args":[{"selector":{"id":"confirmationButton","viewName":"etm.portal.ui.managehandovers.view.DetailExecuteHO","interaction":{"idSuffix":"BDI-content"},"properties":{"text":"Receive / Refuse"}},"wdio_ui5_key":"confirmationButtonetmportal.ui.managehandovers.view.DetailExecuteHO{\"text\":\"Receive / Refuse\"}"}]}
RESULT: undefined
]]></system-out>
    </testcase>
  </testsuite>
  <testsuite timestamp="2025-05-02T07:08:37" time="491.097" tests="9" failures="7" errors="7" skipped="0">
    <properties>
      <property name="specId" value="0" />
      <property name="suiteName" value="Create masterdata for Yard Overview - trigger provide US130988" />
      <property name="capabilities" value="chrome.135_0_7049_96.windows" />
      <property name="file" value="file:///D:/a/1/s/test/specs/HTR/stock-decrease.spec.js" />
    </properties>
    <testcase classname="chrome.135_0_7049_96.windows.Create_masterdata_for_Yard_Overview_-_trigger_provide_US130988" name="create a whm for yard" time="47.534">
      <system-out><![CDATA[
COMMAND: GET /session/3637353f0f0366f06ffc96bdd6dcca04/screenshot - {}
COMMAND: POST /session/3637353f0f0366f06ffc96bdd6dcca04/element - {"using":"css selector","value":"#shell-header-icon"}
RESULT: {}
RESULT: {"using":"css selector","value":"#shell-header-icon"}
COMMAND: POST /session/3637353f0f0366f06ffc96bdd6dcca04/execute/sync - {"script":"<script> [8489 bytes]","args":[{"element-6066-11e4-a52e-4f735466cecf":"f.FA5AA6ACA71DB73EA77ABAF269C4B101.d.FA6550E169EC6BE6A64594E1DD0051E6.e.19758","ELEMENT":"f.FA5AA6ACA71DB73EA77ABAF269C4B101.d.FA6550E169EC6BE6A64594E1DD0051E6.e.19758"}]}
RESULT: {"script":"<script> [8489 bytes]","args":[{"element-6066-11e4-a52e-4f735466cecf":"f.FA5AA6ACA71DB73EA77ABAF269C4B101.d.FA6550E169EC6BE6A64594E1DD0051E6.e.19758","ELEMENT":"f.FA5AA6ACA71DB73EA77ABAF269C4B101.d.FA6550E169EC6BE6A64594E1DD0051E6.e.19758"}]}
COMMAND: GET /session/3637353f0f0366f06ffc96bdd6dcca04/element/f.FA5AA6ACA71DB73EA77ABAF269C4B101.d.FA6550E169EC6BE6A64594E1DD0051E6.e.19758/enabled - {}
COMMAND: GET /session/3637353f0f0366f06ffc96bdd6dcca04/screenshot - {}
RESULT: {}
COMMAND: POST /session/3637353f0f0366f06ffc96bdd6dcca04/element/f.FA5AA6ACA71DB73EA77ABAF269C4B101.d.FA6550E169EC6BE6A64594E1DD0051E6.e.19758/click - {}
COMMAND: GET /session/3637353f0f0366f06ffc96bdd6dcca04/screenshot - {}
RESULT: {}
RESULT: {}
COMMAND: GET /session/3637353f0f0366f06ffc96bdd6dcca04/screenshot - {}
RESULT: {}
RESULT: {}
COMMAND: POST /session/3637353f0f0366f06ffc96bdd6dcca04/element - {"using":"xpath","value":"//div[text()='Warehouse']"}
RESULT: {"using":"xpath","value":"//div[text()='Warehouse']"}
COMMAND: POST /session/3637353f0f0366f06ffc96bdd6dcca04/elements - {"using":"xpath","value":"//div[text()='Warehouse']"}
RESULT: {"using":"xpath","value":"//div[text()='Warehouse']"}
COMMAND: POST /session/3637353f0f0366f06ffc96bdd6dcca04/element/f.FA5AA6ACA71DB73EA77ABAF269C4B101.d.FA6550E169EC6BE6A64594E1DD0051E6.e.20263/click - {}
RESULT: {}
COMMAND: POST /session/3637353f0f0366f06ffc96bdd6dcca04/element - {"using":"xpath","value":"//span[text()='Manage Warehouse Movements']"}
COMMAND: GET /session/3637353f0f0366f06ffc96bdd6dcca04/screenshot - {}
RESULT: {"using":"xpath","value":"//span[text()='Manage Warehouse Movements']"}
COMMAND: POST /session/3637353f0f0366f06ffc96bdd6dcca04/elements - {"using":"xpath","value":"//span[text()='Manage Warehouse Movements']"}
RESULT: {}
RESULT: {"using":"xpath","value":"//span[text()='Manage Warehouse Movements']"}
COMMAND: POST /session/3637353f0f0366f06ffc96bdd6dcca04/element - {"using":"xpath","value":"//input[@id='application-warehousemovements-display-component---warehouseMovements--smartFilterBar-filterItemControl_BASIC-YARD-inner']"}
RESULT: {"using":"xpath","value":"//input[@id='application-warehousemovements-display-component---warehouseMovements--smartFilterBar-filterItemControl_BASIC-YARD-inner']"}
COMMAND: POST /session/3637353f0f0366f06ffc96bdd6dcca04/element - {"using":"xpath","value":"//input[@id='application-warehousemovements-display-component---warehouseMovements--smartFilterBar-filterItemControl_BASIC-YARD-inner']"}
RESULT: {"using":"xpath","value":"//input[@id='application-warehousemovements-display-component---warehouseMovements--smartFilterBar-filterItemControl_BASIC-YARD-inner']"}
COMMAND: POST /session/3637353f0f0366f06ffc96bdd6dcca04/actions - {"actions":[{"id":"action86","type":"key","parameters":{},"actions":[{"type":"keyDown","value":"î€‡"},{"type":"pause","duration":10},{"type":"keyUp","value":"î€‡"}]}]}
RESULT: {"actions":[{"id":"action86","type":"key","parameters":{},"actions":[{"type":"keyDown","value":"î€‡"},{"type":"pause","duration":10},{"type":"keyUp","value":"î€‡"}]}]}
COMMAND: POST /session/3637353f0f0366f06ffc96bdd6dcca04/element - {"using":"xpath","value":"(//*[@title=\"Add New Movement\"])[1]"}
COMMAND: GET /session/3637353f0f0366f06ffc96bdd6dcca04/screenshot - {}
RESULT: {"using":"xpath","value":"(//*[@title=\"Add New Movement\"])[1]"}
COMMAND: POST /session/3637353f0f0366f06ffc96bdd6dcca04/element - {"using":"xpath","value":"(//*[@title=\"Add New Movement\"])[1]"}
RESULT: {}
RESULT: {"using":"xpath","value":"(//*[@title=\"Add New Movement\"])[1]"}
COMMAND: POST /session/3637353f0f0366f06ffc96bdd6dcca04/element - {"using":"xpath","value":"//*[@id=\"application-warehousemovements-display-component---addMovement--sectionsList-arrow\"]"}
RESULT: {"using":"xpath","value":"//*[@id=\"application-warehousemovements-display-component---addMovement--sectionsList-arrow\"]"}
COMMAND: POST /session/3637353f0f0366f06ffc96bdd6dcca04/element - {"using":"xpath","value":"//*[@id=\"application-warehousemovements-display-component---addMovement--sectionsList-arrow\"]"}
RESULT: {"using":"xpath","value":"//*[@id=\"application-warehousemovements-display-component---addMovement--sectionsList-arrow\"]"}
COMMAND: POST /session/3637353f0f0366f06ffc96bdd6dcca04/element - {"using":"xpath","value":"//*[@id=\"application-warehousemovements-display-component---addMovement--saveMovementBtn-BDI-content\" and text()=\"Save\"]"}
RESULT: {"using":"xpath","value":"//*[@id=\"application-warehousemovements-display-component---addMovement--saveMovementBtn-BDI-content\" and text()=\"Save\"]"}
COMMAND: POST /session/3637353f0f0366f06ffc96bdd6dcca04/element - {"using":"xpath","value":"//*[@id=\"application-warehousemovements-display-component---addMovement--saveMovementBtn-BDI-content\" and text()=\"Save\"]"}
RESULT: {"using":"xpath","value":"//*[@id=\"application-warehousemovements-display-component---addMovement--saveMovementBtn-BDI-content\" and text()=\"Save\"]"}
COMMAND: POST /session/3637353f0f0366f06ffc96bdd6dcca04/execute/sync - {"script":"<script> [8489 bytes]","args":[{"element-6066-11e4-a52e-4f735466cecf":"f.FA5AA6ACA71DB73EA77ABAF269C4B101.d.FA6550E169EC6BE6A64594E1DD0051E6.e.19758","ELEMENT":"f.FA5AA6ACA71DB73EA77ABAF269C4B101.d.FA6550E169EC6BE6A64594E1DD0051E6.e.19758"}]}
COMMAND: POST /session/3637353f0f0366f06ffc96bdd6dcca04/element - {"using":"css selector","value":"#shell-header-icon"}
RESULT: {"using":"css selector","value":"#shell-header-icon"}
COMMAND: POST /session/3637353f0f0366f06ffc96bdd6dcca04/execute/sync - {"script":"<script> [8489 bytes]","args":[{"element-6066-11e4-a52e-4f735466cecf":"f.FA5AA6ACA71DB73EA77ABAF269C4B101.d.FA6550E169EC6BE6A64594E1DD0051E6.e.20264","ELEMENT":"f.FA5AA6ACA71DB73EA77ABAF269C4B101.d.FA6550E169EC6BE6A64594E1DD0051E6.e.20264"}]}
RESULT: {"script":"<script> [8489 bytes]","args":[{"element-6066-11e4-a52e-4f735466cecf":"f.FA5AA6ACA71DB73EA77ABAF269C4B101.d.FA6550E169EC6BE6A64594E1DD0051E6.e.20264","ELEMENT":"f.FA5AA6ACA71DB73EA77ABAF269C4B101.d.FA6550E169EC6BE6A64594E1DD0051E6.e.20264"}]}
COMMAND: GET /session/3637353f0f0366f06ffc96bdd6dcca04/element/f.FA5AA6ACA71DB73EA77ABAF269C4B101.d.FA6550E169EC6BE6A64594E1DD0051E6.e.20264/enabled - {}
COMMAND: GET /session/3637353f0f0366f06ffc96bdd6dcca04/screenshot - {}
RESULT: {}
COMMAND: POST /session/3637353f0f0366f06ffc96bdd6dcca04/element/f.FA5AA6ACA71DB73EA77ABAF269C4B101.d.FA6550E169EC6BE6A64594E1DD0051E6.e.20264/click - {}
COMMAND: GET /session/3637353f0f0366f06ffc96bdd6dcca04/screenshot - {}
RESULT: {}
RESULT: {}
COMMAND: GET /session/3637353f0f0366f06ffc96bdd6dcca04/screenshot - {}
RESULT: {}
RESULT: {}
]]></system-out>
    </testcase>
    <testcase classname="chrome.135_0_7049_96.windows.Create_masterdata_for_Yard_Overview_-_trigger_provide_US130988" name="Set status to defect" time="24.022">
      <system-out><![CDATA[
COMMAND: POST /session/3637353f0f0366f06ffc96bdd6dcca04/execute/async - {"script":"<script> [1562 bytes]","args":[{"selector":{"controlType":"sap.ushell.ui.launchpad.AnchorItem","bindingPath":{"path":"/groups/3","propertyPath":"index"},"interaction":{"idSuffix":"inner"}},"wdio_ui5_key":"sapushell.ui.launchpad.AnchorItem{\"path\":\"/groups/3\",\"propertyPath\":\"index\"}"}]}
RESULT: {"script":"<script> [1562 bytes]","args":[{"selector":{"controlType":"sap.ushell.ui.launchpad.AnchorItem","bindingPath":{"path":"/groups/3","propertyPath":"index"},"interaction":{"idSuffix":"inner"}},"wdio_ui5_key":"sapushell.ui.launchpad.AnchorItem{\"path\":\"/groups/3\",\"propertyPath\":\"index\"}"}]}
RESULT: undefined
RESULT: {}
COMMAND: POST /session/3637353f0f0366f06ffc96bdd6dcca04/execute/async - {"script":"<script> [1562 bytes]","args":[{"selector":{"controlType":"sap.m.GenericTile","properties":{"header":"Manage States & Performance"}},"wdio_ui5_key":"sapm.GenericTile{\"header\":\"Manage States & Performance\"}"}]}
RESULT: {"script":"<script> [1562 bytes]","args":[{"selector":{"controlType":"sap.m.GenericTile","properties":{"header":"Manage States & Performance"}},"wdio_ui5_key":"sapm.GenericTile{\"header\":\"Manage States & Performance\"}"}]}
RESULT: undefined
COMMAND: POST /session/3637353f0f0366f06ffc96bdd6dcca04/execute/async - {"script":"<script> [1562 bytes]","args":[{"selector":{"controlType":"sap.ui.core.Icon","viewName":"etm.portal.ui.managestatesandperformance.view.Master","viewId":"application-managestatesandperformance-display-component---stateAndPerform","properties":{"src":{"regex":{"source":"inventory"}}}},"wdio_ui5_key":"etmportal.ui.managestatesandperformance.view.Mastersap.ui.core.Icon{\"src\":{\"regex\":{\"source\":\"inventory\"}}}"}]}
RESULT: {"script":"<script> [1562 bytes]","args":[{"selector":{"controlType":"sap.ui.core.Icon","viewName":"etm.portal.ui.managestatesandperformance.view.Master","viewId":"application-managestatesandperformance-display-component---stateAndPerform","properties":{"src":{"regex":{"source":"inventory"}}}},"wdio_ui5_key":"etmportal.ui.managestatesandperformance.view.Mastersap.ui.core.Icon{\"src\":{\"regex\":{\"source\":\"inventory\"}}}"}]}
RESULT: undefined
COMMAND: POST /session/3637353f0f0366f06ffc96bdd6dcca04/execute/async - {"script":"<script> [1562 bytes]","args":[{"selector":{"id":"application-managestatesandperformance-display-component---stateAndPerform--smartFilterBarYard-btnBasicSearch","interaction":{"idSuffix":"I"}},"wdio_ui5_key":"applicationmanagestatesandperformance-display-component---stateAndPerform--smartFilterBarYard-btnBasicSearch"}]}
RESULT: {"script":"<script> [1562 bytes]","args":[{"selector":{"id":"application-managestatesandperformance-display-component---stateAndPerform--smartFilterBarYard-btnBasicSearch","interaction":{"idSuffix":"I"}},"wdio_ui5_key":"applicationmanagestatesandperformance-display-component---stateAndPerform--smartFilterBarYard-btnBasicSearch"}]}
RESULT: undefined
COMMAND: POST /session/3637353f0f0366f06ffc96bdd6dcca04/execute/async - {"script":"<script> [1562 bytes]","args":[{"selector":{"controlType":"sap.m.ColumnListItem","viewName":"etm.portal.ui.managestatesandperformance.view.Master","viewId":"application-managestatesandperformance-display-component---stateAndPerform","properties":{"type":"Navigation"},"interaction":{"idSuffix":"cell0"}},"wdio_ui5_key":"etmportal.ui.managestatesandperformance.view.Mastersap.m.ColumnListItem{\"type\":\"Navigation\"}"}]}
RESULT: {"script":"<script> [1562 bytes]","args":[{"selector":{"controlType":"sap.m.ColumnListItem","viewName":"etm.portal.ui.managestatesandperformance.view.Master","viewId":"application-managestatesandperformance-display-component---stateAndPerform","properties":{"type":"Navigation"},"interaction":{"idSuffix":"cell0"}},"wdio_ui5_key":"etmportal.ui.managestatesandperformance.view.Mastersap.m.ColumnListItem{\"type\":\"Navigation\"}"}]}
RESULT: undefined
COMMAND: POST /session/3637353f0f0366f06ffc96bdd6dcca04/execute/async - {"script":"<script> [1562 bytes]","args":[{"selector":{"controlType":"sap.m.Button","viewName":"etm.portal.ui.managestatesandperformance.view.Detail","viewId":"application-managestatesandperformance-display-component---detailStateAndPerform","i18NText":{"propertyName":"text","key":"createStateChange"},"interaction":{"idSuffix":"content"}},"wdio_ui5_key":"etmportal.ui.managestatesandperformance.view.Detailsap.m.Button{\"propertyName\":\"text\",\"key\":\"createStateChange\"}"}]}
RESULT: {"script":"<script> [1562 bytes]","args":[{"selector":{"controlType":"sap.m.Button","viewName":"etm.portal.ui.managestatesandperformance.view.Detail","viewId":"application-managestatesandperformance-display-component---detailStateAndPerform","i18NText":{"propertyName":"text","key":"createStateChange"},"interaction":{"idSuffix":"content"}},"wdio_ui5_key":"etmportal.ui.managestatesandperformance.view.Detailsap.m.Button{\"propertyName\":\"text\",\"key\":\"createStateChange\"}"}]}
RESULT: undefined
COMMAND: POST /session/3637353f0f0366f06ffc96bdd6dcca04/execute/async - {"script":"<script> [1562 bytes]","args":[{"selector":{"id":"addStateDialog--stateSelect","searchOpenDialogs":true,"interaction":{"idSuffix":"arrow"}},"wdio_ui5_key":"addStateDialogstateSelect"}]}
RESULT: {"script":"<script> [1562 bytes]","args":[{"selector":{"id":"addStateDialog--stateSelect","searchOpenDialogs":true,"interaction":{"idSuffix":"arrow"}},"wdio_ui5_key":"addStateDialogstateSelect"}]}
RESULT: undefined
COMMAND: POST /session/3637353f0f0366f06ffc96bdd6dcca04/execute/async - {"script":"<script> [1562 bytes]","args":[{"selector":{"controlType":"sap.ui.core.Item","viewName":"etm.portal.ui.managestatesandperformance.view.Detail","viewId":"application-managestatesandperformance-display-component---detailStateAndPerform","bindingPath":{"path":"/StateTypes(70)","propertyPath":"STATE","modelName":"catalogModel"},"searchOpenDialogs":true},"wdio_ui5_key":"etmportal.ui.managestatesandperformance.view.Detailsap.ui.core.Item{\"path\":\"/StateTypes(70)\",\"propertyPath\":\"STATE\",\"modelName\":\"catalogModel\"}"}]}
RESULT: {"script":"<script> [1562 bytes]","args":[{"selector":{"controlType":"sap.ui.core.Item","viewName":"etm.portal.ui.managestatesandperformance.view.Detail","viewId":"application-managestatesandperformance-display-component---detailStateAndPerform","bindingPath":{"path":"/StateTypes(70)","propertyPath":"STATE","modelName":"catalogModel"},"searchOpenDialogs":true},"wdio_ui5_key":"etmportal.ui.managestatesandperformance.view.Detailsap.ui.core.Item{\"path\":\"/StateTypes(70)\",\"propertyPath\":\"STATE\",\"modelName\":\"catalogModel\"}"}]}
RESULT: undefined
COMMAND: POST /session/3637353f0f0366f06ffc96bdd6dcca04/execute/async - {"script":"<script> [1562 bytes]","args":[{"selector":{"controlType":"sap.m.NumericInput","viewName":"etm.portal.ui.managestatesandperformance.view.Detail","viewId":"application-managestatesandperformance-display-component---detailStateAndPerform","properties":{"value":"0"},"searchOpenDialogs":true,"interaction":{"idSuffix":"inner"}},"wdio_ui5_key":"etmportal.ui.managestatesandperformance.view.Detailsap.m.NumericInput{\"value\":\"0\"}"}]}
RESULT: {"script":"<script> [1562 bytes]","args":[{"selector":{"controlType":"sap.m.NumericInput","viewName":"etm.portal.ui.managestatesandperformance.view.Detail","viewId":"application-managestatesandperformance-display-component---detailStateAndPerform","properties":{"value":"0"},"searchOpenDialogs":true,"interaction":{"idSuffix":"inner"}},"wdio_ui5_key":"etmportal.ui.managestatesandperformance.view.Detailsap.m.NumericInput{\"value\":\"0\"}"}]}
RESULT: undefined
COMMAND: POST /session/3637353f0f0366f06ffc96bdd6dcca04/execute/async - {"script":"<script> [1562 bytes]","args":[{"selector":{"controlType":"sap.m.Button","viewName":"etm.portal.ui.managestatesandperformance.view.Detail","viewId":"application-managestatesandperformance-display-component---detailStateAndPerform","i18NText":{"propertyName":"text","key":"save"},"searchOpenDialogs":true,"interaction":{"idSuffix":"BDI-content"}},"wdio_ui5_key":"etmportal.ui.managestatesandperformance.view.Detailsap.m.Button{\"propertyName\":\"text\",\"key\":\"save\"}"}]}
RESULT: {"script":"<script> [1562 bytes]","args":[{"selector":{"controlType":"sap.m.Button","viewName":"etm.portal.ui.managestatesandperformance.view.Detail","viewId":"application-managestatesandperformance-display-component---detailStateAndPerform","i18NText":{"propertyName":"text","key":"save"},"searchOpenDialogs":true,"interaction":{"idSuffix":"BDI-content"}},"wdio_ui5_key":"etmportal.ui.managestatesandperformance.view.Detailsap.m.Button{\"propertyName\":\"text\",\"key\":\"save\"}"}]}
RESULT: undefined
COMMAND: POST /session/3637353f0f0366f06ffc96bdd6dcca04/element - {"using":"css selector","value":"#shell-header-logo"}
RESULT: {"using":"css selector","value":"#shell-header-logo"}
COMMAND: POST /session/3637353f0f0366f06ffc96bdd6dcca04/element/f.FA5AA6ACA71DB73EA77ABAF269C4B101.d.FA6550E169EC6BE6A64594E1DD0051E6.e.20270/click - {}
RESULT: {}
COMMAND: GET /session/3637353f0f0366f06ffc96bdd6dcca04/screenshot - {}
RESULT: {}
]]></system-out>
    </testcase>
  </testsuite>
  <testsuite timestamp="2025-05-02T07:16:48" time="183.037" tests="3" failures="3" errors="3" skipped="0">
    <properties>
      <property name="specId" value="0" />
      <property name="suiteName" value="Transfer Yard to Yard US131076" />
      <property name="capabilities" value="chrome.135_0_7049_96.windows" />
      <property name="file" value="file:///D:/a/1/s/test/specs/HTR/transfer-yard-to-yard.spec.js" />
    </properties>
  </testsuite>
</testsuites>