<?xml version="1.0" encoding="UTF-8"?>
<testsuites tests="11" failures="0" errors="0" skipped="0">
  <testsuite timestamp="2025-05-04T17:27:46" time="1473.479" tests="11" failures="0" errors="0" skipped="0">
    <properties>
      <property name="specId" value="0" />
      <property name="suiteName" value="Partner specific tests US150819 US151080 US151654 US151176 US103444 US151078 US151079 US151109 US151174 US151175 US151189" />
      <property name="capabilities" value="chrome.135_0_7049_96.windows" />
      <property name="file" value="file:///D:/a/1/s/test/specs/BTS/manage-partners.spec.js" />
    </properties>
    <testcase classname="chrome.135_0_7049_96.windows.Partner_specific_tests_US150819_US151080_US151654_US151176_US103444_US151078_US151079_US151109_US151174_US151175_US151189" name="Should create a new yard prerequisite" time="146.945">
      <system-out><![CDATA[
COMMAND: POST /session/8ff87a328fcfa35ca82a4cc6375ae338/window/fullscreen - {}
RESULT: {}
COMMAND: POST /session/8ff87a328fcfa35ca82a4cc6375ae338/element - {"using":"xpath","value":"//li[.//span[text()=\"Manage Partners\"]]"}
RESULT: {"using":"xpath","value":"//li[.//span[text()=\"Manage Partners\"]]"}
COMMAND: POST /session/8ff87a328fcfa35ca82a4cc6375ae338/element - {"using":"xpath","value":"//li[.//span[text()=\"Manage Partners\"]]"}
RESULT: {"using":"xpath","value":"//li[.//span[text()=\"Manage Partners\"]]"}
COMMAND: POST /session/8ff87a328fcfa35ca82a4cc6375ae338/element - {"using":"css selector","value":"#shell-header-logo"}
RESULT: {"using":"css selector","value":"#shell-header-logo"}
COMMAND: POST /session/8ff87a328fcfa35ca82a4cc6375ae338/element/f.4AFCDA83F841BD0157C4E1BB812E2537.d.1350EC5AF275DBEFEE07EC176F11A04F.e.258/click - {}
COMMAND: POST /session/8ff87a328fcfa35ca82a4cc6375ae338/execute/sync - {"script":"<script> [8489 bytes]","args":[{"element-6066-11e4-a52e-4f735466cecf":"f.4AFCDA83F841BD0157C4E1BB812E2537.d.1350EC5AF275DBEFEE07EC176F11A04F.e.258","ELEMENT":"f.4AFCDA83F841BD0157C4E1BB812E2537.d.1350EC5AF275DBEFEE07EC176F11A04F.e.258"}]}
RESULT: {"script":"<script> [8489 bytes]","args":[{"element-6066-11e4-a52e-4f735466cecf":"f.4AFCDA83F841BD0157C4E1BB812E2537.d.1350EC5AF275DBEFEE07EC176F11A04F.e.258","ELEMENT":"f.4AFCDA83F841BD0157C4E1BB812E2537.d.1350EC5AF275DBEFEE07EC176F11A04F.e.258"}]}
COMMAND: POST /session/8ff87a328fcfa35ca82a4cc6375ae338/execute/sync - {"script":"<script> [5351 bytes]","args":[{"element-6066-11e4-a52e-4f735466cecf":"f.4AFCDA83F841BD0157C4E1BB812E2537.d.1350EC5AF275DBEFEE07EC176F11A04F.e.258","ELEMENT":"f.4AFCDA83F841BD0157C4E1BB812E2537.d.1350EC5AF275DBEFEE07EC176F11A04F.e.258"}]}
COMMAND: GET /session/8ff87a328fcfa35ca82a4cc6375ae338/screenshot - {}
RESULT: {}
COMMAND: GET /session/8ff87a328fcfa35ca82a4cc6375ae338/screenshot - {}
RESULT: {"script":"<script> [5351 bytes]","args":[{"element-6066-11e4-a52e-4f735466cecf":"f.4AFCDA83F841BD0157C4E1BB812E2537.d.1350EC5AF275DBEFEE07EC176F11A04F.e.258","ELEMENT":"f.4AFCDA83F841BD0157C4E1BB812E2537.d.1350EC5AF275DBEFEE07EC176F11A04F.e.258"}]}
COMMAND: GET /session/8ff87a328fcfa35ca82a4cc6375ae338/screenshot - {}
RESULT: {}
RESULT: {}
RESULT: {}
COMMAND: POST /session/8ff87a328fcfa35ca82a4cc6375ae338/execute/async - {"script":"<script> [1562 bytes]","args":[{"selector":{"controlType":"sap.m.GenericTile","properties":{"header":"Manage Yards"}},"wdio_ui5_key":"sapm.GenericTile{\"header\":\"Manage Yards\"}"}]}
RESULT: {"script":"<script> [1562 bytes]","args":[{"selector":{"controlType":"sap.m.GenericTile","properties":{"header":"Manage Yards"}},"wdio_ui5_key":"sapm.GenericTile{\"header\":\"Manage Yards\"}"}]}
RESULT: undefined
COMMAND: POST /session/8ff87a328fcfa35ca82a4cc6375ae338/element - {"using":"xpath","value":"//*[@id=\"__tile41\"]"}
RESULT: {"using":"xpath","value":"//*[@id=\"__tile41\"]"}
COMMAND: POST /session/8ff87a328fcfa35ca82a4cc6375ae338/element/f.4AFCDA83F841BD0157C4E1BB812E2537.d.1350EC5AF275DBEFEE07EC176F11A04F.e.156/click - {}
RESULT: {}
COMMAND: POST /session/8ff87a328fcfa35ca82a4cc6375ae338/element - {"using":"xpath","value":"//button[@data-kt=\"addNewYardOverflowToolbarButton\"]"}
COMMAND: GET /session/8ff87a328fcfa35ca82a4cc6375ae338/screenshot - {}
RESULT: {"using":"xpath","value":"//button[@data-kt=\"addNewYardOverflowToolbarButton\"]"}
COMMAND: POST /session/8ff87a328fcfa35ca82a4cc6375ae338/elements - {"using":"xpath","value":"//button[@data-kt=\"addNewYardOverflowToolbarButton\"]"}
RESULT: {}
RESULT: {"using":"xpath","value":"//button[@data-kt=\"addNewYardOverflowToolbarButton\"]"}
COMMAND: POST /session/8ff87a328fcfa35ca82a4cc6375ae338/elements - {"using":"xpath","value":"//button[@data-kt=\"addNewYardOverflowToolbarButton\"]"}
RESULT: {"using":"xpath","value":"//button[@data-kt=\"addNewYardOverflowToolbarButton\"]"}
COMMAND: POST /session/8ff87a328fcfa35ca82a4cc6375ae338/elements - {"using":"xpath","value":"//button[@data-kt=\"addNewYardOverflowToolbarButton\"]"}
RESULT: {"using":"xpath","value":"//button[@data-kt=\"addNewYardOverflowToolbarButton\"]"}
COMMAND: POST /session/8ff87a328fcfa35ca82a4cc6375ae338/elements - {"using":"xpath","value":"//button[@data-kt=\"addNewYardOverflowToolbarButton\"]"}
RESULT: {"using":"xpath","value":"//button[@data-kt=\"addNewYardOverflowToolbarButton\"]"}
COMMAND: POST /session/8ff87a328fcfa35ca82a4cc6375ae338/elements - {"using":"xpath","value":"//button[@data-kt=\"addNewYardOverflowToolbarButton\"]"}
RESULT: {"using":"xpath","value":"//button[@data-kt=\"addNewYardOverflowToolbarButton\"]"}
COMMAND: POST /session/8ff87a328fcfa35ca82a4cc6375ae338/elements - {"using":"xpath","value":"//button[@data-kt=\"addNewYardOverflowToolbarButton\"]"}
RESULT: {"using":"xpath","value":"//button[@data-kt=\"addNewYardOverflowToolbarButton\"]"}
COMMAND: POST /session/8ff87a328fcfa35ca82a4cc6375ae338/elements - {"using":"xpath","value":"//button[@data-kt=\"addNewYardOverflowToolbarButton\"]"}
RESULT: {"using":"xpath","value":"//button[@data-kt=\"addNewYardOverflowToolbarButton\"]"}
COMMAND: POST /session/8ff87a328fcfa35ca82a4cc6375ae338/elements - {"using":"xpath","value":"//button[@data-kt=\"addNewYardOverflowToolbarButton\"]"}
RESULT: {"using":"xpath","value":"//button[@data-kt=\"addNewYardOverflowToolbarButton\"]"}
COMMAND: POST /session/8ff87a328fcfa35ca82a4cc6375ae338/elements - {"using":"xpath","value":"//button[@data-kt=\"addNewYardOverflowToolbarButton\"]"}
RESULT: {"using":"xpath","value":"//button[@data-kt=\"addNewYardOverflowToolbarButton\"]"}
COMMAND: POST /session/8ff87a328fcfa35ca82a4cc6375ae338/elements - {"using":"xpath","value":"//button[@data-kt=\"addNewYardOverflowToolbarButton\"]"}
RESULT: {"using":"xpath","value":"//button[@data-kt=\"addNewYardOverflowToolbarButton\"]"}
COMMAND: POST /session/8ff87a328fcfa35ca82a4cc6375ae338/elements - {"using":"xpath","value":"//button[@data-kt=\"addNewYardOverflowToolbarButton\"]"}
RESULT: {"using":"xpath","value":"//button[@data-kt=\"addNewYardOverflowToolbarButton\"]"}
COMMAND: POST /session/8ff87a328fcfa35ca82a4cc6375ae338/elements - {"using":"xpath","value":"//button[@data-kt=\"addNewYardOverflowToolbarButton\"]"}
RESULT: {"using":"xpath","value":"//button[@data-kt=\"addNewYardOverflowToolbarButton\"]"}
COMMAND: POST /session/8ff87a328fcfa35ca82a4cc6375ae338/elements - {"using":"xpath","value":"//button[@data-kt=\"addNewYardOverflowToolbarButton\"]"}
RESULT: {"using":"xpath","value":"//button[@data-kt=\"addNewYardOverflowToolbarButton\"]"}
COMMAND: POST /session/8ff87a328fcfa35ca82a4cc6375ae338/elements - {"using":"xpath","value":"//button[@data-kt=\"addNewYardOverflowToolbarButton\"]"}
RESULT: {"using":"xpath","value":"//button[@data-kt=\"addNewYardOverflowToolbarButton\"]"}
COMMAND: POST /session/8ff87a328fcfa35ca82a4cc6375ae338/elements - {"using":"xpath","value":"//button[@data-kt=\"addNewYardOverflowToolbarButton\"]"}
RESULT: {"using":"xpath","value":"//button[@data-kt=\"addNewYardOverflowToolbarButton\"]"}
COMMAND: POST /session/8ff87a328fcfa35ca82a4cc6375ae338/elements - {"using":"xpath","value":"//button[@data-kt=\"addNewYardOverflowToolbarButton\"]"}
RESULT: {"using":"xpath","value":"//button[@data-kt=\"addNewYardOverflowToolbarButton\"]"}
COMMAND: POST /session/8ff87a328fcfa35ca82a4cc6375ae338/elements - {"using":"xpath","value":"//button[@data-kt=\"addNewYardOverflowToolbarButton\"]"}
RESULT: {"using":"xpath","value":"//button[@data-kt=\"addNewYardOverflowToolbarButton\"]"}
COMMAND: POST /session/8ff87a328fcfa35ca82a4cc6375ae338/elements - {"using":"xpath","value":"//button[@data-kt=\"addNewYardOverflowToolbarButton\"]"}
RESULT: {"using":"xpath","value":"//button[@data-kt=\"addNewYardOverflowToolbarButton\"]"}
COMMAND: POST /session/8ff87a328fcfa35ca82a4cc6375ae338/elements - {"using":"xpath","value":"//button[@data-kt=\"addNewYardOverflowToolbarButton\"]"}
RESULT: {"using":"xpath","value":"//button[@data-kt=\"addNewYardOverflowToolbarButton\"]"}
COMMAND: POST /session/8ff87a328fcfa35ca82a4cc6375ae338/elements - {"using":"xpath","value":"//button[@data-kt=\"addNewYardOverflowToolbarButton\"]"}
RESULT: {"using":"xpath","value":"//button[@data-kt=\"addNewYardOverflowToolbarButton\"]"}
COMMAND: POST /session/8ff87a328fcfa35ca82a4cc6375ae338/elements - {"using":"xpath","value":"//button[@data-kt=\"addNewYardOverflowToolbarButton\"]"}
RESULT: {"using":"xpath","value":"//button[@data-kt=\"addNewYardOverflowToolbarButton\"]"}
COMMAND: POST /session/8ff87a328fcfa35ca82a4cc6375ae338/elements - {"using":"xpath","value":"//button[@data-kt=\"addNewYardOverflowToolbarButton\"]"}
RESULT: {"using":"xpath","value":"//button[@data-kt=\"addNewYardOverflowToolbarButton\"]"}
COMMAND: POST /session/8ff87a328fcfa35ca82a4cc6375ae338/elements - {"using":"xpath","value":"//button[@data-kt=\"addNewYardOverflowToolbarButton\"]"}
RESULT: {"using":"xpath","value":"//button[@data-kt=\"addNewYardOverflowToolbarButton\"]"}
COMMAND: POST /session/8ff87a328fcfa35ca82a4cc6375ae338/elements - {"using":"xpath","value":"//button[@data-kt=\"addNewYardOverflowToolbarButton\"]"}
RESULT: {"using":"xpath","value":"//button[@data-kt=\"addNewYardOverflowToolbarButton\"]"}
COMMAND: POST /session/8ff87a328fcfa35ca82a4cc6375ae338/elements - {"using":"xpath","value":"//button[@data-kt=\"addNewYardOverflowToolbarButton\"]"}
RESULT: {"using":"xpath","value":"//button[@data-kt=\"addNewYardOverflowToolbarButton\"]"}
COMMAND: POST /session/8ff87a328fcfa35ca82a4cc6375ae338/elements - {"using":"xpath","value":"//button[@data-kt=\"addNewYardOverflowToolbarButton\"]"}
RESULT: {"using":"xpath","value":"//button[@data-kt=\"addNewYardOverflowToolbarButton\"]"}
COMMAND: POST /session/8ff87a328fcfa35ca82a4cc6375ae338/elements - {"using":"xpath","value":"//button[@data-kt=\"addNewYardOverflowToolbarButton\"]"}
RESULT: {"using":"xpath","value":"//button[@data-kt=\"addNewYardOverflowToolbarButton\"]"}
COMMAND: POST /session/8ff87a328fcfa35ca82a4cc6375ae338/elements - {"using":"xpath","value":"//button[@data-kt=\"addNewYardOverflowToolbarButton\"]"}
RESULT: {"using":"xpath","value":"//button[@data-kt=\"addNewYardOverflowToolbarButton\"]"}
COMMAND: POST /session/8ff87a328fcfa35ca82a4cc6375ae338/elements - {"using":"xpath","value":"//button[@data-kt=\"addNewYardOverflowToolbarButton\"]"}
RESULT: {"using":"xpath","value":"//button[@data-kt=\"addNewYardOverflowToolbarButton\"]"}
COMMAND: POST /session/8ff87a328fcfa35ca82a4cc6375ae338/elements - {"using":"xpath","value":"//button[@data-kt=\"addNewYardOverflowToolbarButton\"]"}
RESULT: {"using":"xpath","value":"//button[@data-kt=\"addNewYardOverflowToolbarButton\"]"}
COMMAND: POST /session/8ff87a328fcfa35ca82a4cc6375ae338/elements - {"using":"xpath","value":"//button[@data-kt=\"addNewYardOverflowToolbarButton\"]"}
RESULT: {"using":"xpath","value":"//button[@data-kt=\"addNewYardOverflowToolbarButton\"]"}
COMMAND: POST /session/8ff87a328fcfa35ca82a4cc6375ae338/elements - {"using":"xpath","value":"//button[@data-kt=\"addNewYardOverflowToolbarButton\"]"}
RESULT: {"using":"xpath","value":"//button[@data-kt=\"addNewYardOverflowToolbarButton\"]"}
COMMAND: POST /session/8ff87a328fcfa35ca82a4cc6375ae338/elements - {"using":"xpath","value":"//button[@data-kt=\"addNewYardOverflowToolbarButton\"]"}
RESULT: {"using":"xpath","value":"//button[@data-kt=\"addNewYardOverflowToolbarButton\"]"}
COMMAND: POST /session/8ff87a328fcfa35ca82a4cc6375ae338/elements - {"using":"xpath","value":"//button[@data-kt=\"addNewYardOverflowToolbarButton\"]"}
RESULT: {"using":"xpath","value":"//button[@data-kt=\"addNewYardOverflowToolbarButton\"]"}
COMMAND: POST /session/8ff87a328fcfa35ca82a4cc6375ae338/elements - {"using":"xpath","value":"//button[@data-kt=\"addNewYardOverflowToolbarButton\"]"}
RESULT: {"using":"xpath","value":"//button[@data-kt=\"addNewYardOverflowToolbarButton\"]"}
COMMAND: POST /session/8ff87a328fcfa35ca82a4cc6375ae338/elements - {"using":"xpath","value":"//button[@data-kt=\"addNewYardOverflowToolbarButton\"]"}
RESULT: {"using":"xpath","value":"//button[@data-kt=\"addNewYardOverflowToolbarButton\"]"}
COMMAND: POST /session/8ff87a328fcfa35ca82a4cc6375ae338/elements - {"using":"xpath","value":"//button[@data-kt=\"addNewYardOverflowToolbarButton\"]"}
RESULT: {"using":"xpath","value":"//button[@data-kt=\"addNewYardOverflowToolbarButton\"]"}
COMMAND: POST /session/8ff87a328fcfa35ca82a4cc6375ae338/elements - {"using":"xpath","value":"//button[@data-kt=\"addNewYardOverflowToolbarButton\"]"}
RESULT: {"using":"xpath","value":"//button[@data-kt=\"addNewYardOverflowToolbarButton\"]"}
COMMAND: POST /session/8ff87a328fcfa35ca82a4cc6375ae338/elements - {"using":"xpath","value":"//button[@data-kt=\"addNewYardOverflowToolbarButton\"]"}
RESULT: {"using":"xpath","value":"//button[@data-kt=\"addNewYardOverflowToolbarButton\"]"}
COMMAND: POST /session/8ff87a328fcfa35ca82a4cc6375ae338/elements - {"using":"xpath","value":"//button[@data-kt=\"addNewYardOverflowToolbarButton\"]"}
RESULT: {"using":"xpath","value":"//button[@data-kt=\"addNewYardOverflowToolbarButton\"]"}
COMMAND: POST /session/8ff87a328fcfa35ca82a4cc6375ae338/elements - {"using":"xpath","value":"//button[@data-kt=\"addNewYardOverflowToolbarButton\"]"}
RESULT: {"using":"xpath","value":"//button[@data-kt=\"addNewYardOverflowToolbarButton\"]"}
COMMAND: POST /session/8ff87a328fcfa35ca82a4cc6375ae338/elements - {"using":"xpath","value":"//button[@data-kt=\"addNewYardOverflowToolbarButton\"]"}
RESULT: {"using":"xpath","value":"//button[@data-kt=\"addNewYardOverflowToolbarButton\"]"}
COMMAND: POST /session/8ff87a328fcfa35ca82a4cc6375ae338/elements - {"using":"xpath","value":"//button[@data-kt=\"addNewYardOverflowToolbarButton\"]"}
RESULT: {"using":"xpath","value":"//button[@data-kt=\"addNewYardOverflowToolbarButton\"]"}
COMMAND: POST /session/8ff87a328fcfa35ca82a4cc6375ae338/elements - {"using":"xpath","value":"//button[@data-kt=\"addNewYardOverflowToolbarButton\"]"}
RESULT: {"using":"xpath","value":"//button[@data-kt=\"addNewYardOverflowToolbarButton\"]"}
COMMAND: POST /session/8ff87a328fcfa35ca82a4cc6375ae338/element - {"using":"xpath","value":"//button[@data-kt=\"addNewYardOverflowToolbarButton\"]"}
RESULT: {"using":"xpath","value":"//button[@data-kt=\"addNewYardOverflowToolbarButton\"]"}
COMMAND: POST /session/8ff87a328fcfa35ca82a4cc6375ae338/execute/sync - {"script":"<script> [8489 bytes]","args":[{"element-6066-11e4-a52e-4f735466cecf":"f.4AFCDA83F841BD0157C4E1BB812E2537.d.1350EC5AF275DBEFEE07EC176F11A04F.e.291","ELEMENT":"f.4AFCDA83F841BD0157C4E1BB812E2537.d.1350EC5AF275DBEFEE07EC176F11A04F.e.291"}]}
RESULT: {"script":"<script> [8489 bytes]","args":[{"element-6066-11e4-a52e-4f735466cecf":"f.4AFCDA83F841BD0157C4E1BB812E2537.d.1350EC5AF275DBEFEE07EC176F11A04F.e.291","ELEMENT":"f.4AFCDA83F841BD0157C4E1BB812E2537.d.1350EC5AF275DBEFEE07EC176F11A04F.e.291"}]}
COMMAND: GET /session/8ff87a328fcfa35ca82a4cc6375ae338/element/f.4AFCDA83F841BD0157C4E1BB812E2537.d.1350EC5AF275DBEFEE07EC176F11A04F.e.291/enabled - {}
COMMAND: GET /session/8ff87a328fcfa35ca82a4cc6375ae338/screenshot - {}
RESULT: {}
COMMAND: POST /session/8ff87a328fcfa35ca82a4cc6375ae338/execute/sync - {"script":"<script> [8489 bytes]","args":[{"element-6066-11e4-a52e-4f735466cecf":"f.4AFCDA83F841BD0157C4E1BB812E2537.d.1350EC5AF275DBEFEE07EC176F11A04F.e.291","ELEMENT":"f.4AFCDA83F841BD0157C4E1BB812E2537.d.1350EC5AF275DBEFEE07EC176F11A04F.e.291"}]}
COMMAND: GET /session/8ff87a328fcfa35ca82a4cc6375ae338/screenshot - {}
RESULT: {}
RESULT: {}
RESULT: {"script":"<script> [8489 bytes]","args":[{"element-6066-11e4-a52e-4f735466cecf":"f.4AFCDA83F841BD0157C4E1BB812E2537.d.1350EC5AF275DBEFEE07EC176F11A04F.e.291","ELEMENT":"f.4AFCDA83F841BD0157C4E1BB812E2537.d.1350EC5AF275DBEFEE07EC176F11A04F.e.291"}]}
COMMAND: POST /session/8ff87a328fcfa35ca82a4cc6375ae338/execute/sync - {"script":"<script> [5351 bytes]","args":[{"element-6066-11e4-a52e-4f735466cecf":"f.4AFCDA83F841BD0157C4E1BB812E2537.d.1350EC5AF275DBEFEE07EC176F11A04F.e.291","ELEMENT":"f.4AFCDA83F841BD0157C4E1BB812E2537.d.1350EC5AF275DBEFEE07EC176F11A04F.e.291"}]}
COMMAND: GET /session/8ff87a328fcfa35ca82a4cc6375ae338/screenshot - {}
RESULT: {"script":"<script> [5351 bytes]","args":[{"element-6066-11e4-a52e-4f735466cecf":"f.4AFCDA83F841BD0157C4E1BB812E2537.d.1350EC5AF275DBEFEE07EC176F11A04F.e.291","ELEMENT":"f.4AFCDA83F841BD0157C4E1BB812E2537.d.1350EC5AF275DBEFEE07EC176F11A04F.e.291"}]}
COMMAND: POST /session/8ff87a328fcfa35ca82a4cc6375ae338/element/f.4AFCDA83F841BD0157C4E1BB812E2537.d.1350EC5AF275DBEFEE07EC176F11A04F.e.291/click - {}
COMMAND: GET /session/8ff87a328fcfa35ca82a4cc6375ae338/screenshot - {}
RESULT: {}
RESULT: {}
COMMAND: GET /session/8ff87a328fcfa35ca82a4cc6375ae338/screenshot - {}
RESULT: {}
COMMAND: POST /session/8ff87a328fcfa35ca82a4cc6375ae338/element - {"using":"xpath","value":"//input[@id=\"application-manageyards-display-component---NewYard--yardId-inner\"]"}
RESULT: {}
RESULT: {"using":"xpath","value":"//input[@id=\"application-manageyards-display-component---NewYard--yardId-inner\"]"}
COMMAND: POST /session/8ff87a328fcfa35ca82a4cc6375ae338/element - {"using":"xpath","value":"//input[@id=\"application-manageyards-display-component---NewYard--yardId-inner\"]"}
RESULT: {"using":"xpath","value":"//input[@id=\"application-manageyards-display-component---NewYard--yardId-inner\"]"}
COMMAND: POST /session/8ff87a328fcfa35ca82a4cc6375ae338/execute/async - {"script":"<script> [1562 bytes]","args":[{"selector":{"id":"application-manageyards-display-component---NewYard--addressDetailDetailsName1","interaction":{"idSuffix":"inner"}},"wdio_ui5_key":"applicationmanageyards-display-component---NewYard--addressDetailDetailsName1"}]}
RESULT: {"script":"<script> [1562 bytes]","args":[{"selector":{"id":"application-manageyards-display-component---NewYard--addressDetailDetailsName1","interaction":{"idSuffix":"inner"}},"wdio_ui5_key":"applicationmanageyards-display-component---NewYard--addressDetailDetailsName1"}]}
RESULT: undefined
COMMAND: POST /session/8ff87a328fcfa35ca82a4cc6375ae338/execute/async - {"script":"<script> [776 bytes]","args":[{"enterText":"Intracompany Yard wdIO","selector":{"id":"application-manageyards-display-component---NewYard--addressDetailDetailsName1","interaction":{"idSuffix":"inner"}},"clearTextFirst":true,"interactionType":"ENTER_TEXT"}]}
RESULT: {"script":"<script> [776 bytes]","args":[{"enterText":"Intracompany Yard wdIO","selector":{"id":"application-manageyards-display-component---NewYard--addressDetailDetailsName1","interaction":{"idSuffix":"inner"}},"clearTextFirst":true,"interactionType":"ENTER_TEXT"}]}
COMMAND: POST /session/8ff87a328fcfa35ca82a4cc6375ae338/execute/async - {"script":"<script> [1562 bytes]","args":[{"selector":{"id":"application-manageyards-display-component---NewYard--addressDetailDetailsLanguage-arrow"},"wdio_ui5_key":"applicationmanageyards-display-component---NewYard--addressDetailDetailsLanguage-arrow"}]}
RESULT: {"script":"<script> [1562 bytes]","args":[{"selector":{"id":"application-manageyards-display-component---NewYard--addressDetailDetailsLanguage-arrow"},"wdio_ui5_key":"applicationmanageyards-display-component---NewYard--addressDetailDetailsLanguage-arrow"}]}
RESULT: undefined
COMMAND: POST /session/8ff87a328fcfa35ca82a4cc6375ae338/element - {"using":"xpath","value":"//*[@id=\"application-manageyards-display-component---NewYard--addressDetailDetailsLanguage-arrow\"]"}
RESULT: {"using":"xpath","value":"//*[@id=\"application-manageyards-display-component---NewYard--addressDetailDetailsLanguage-arrow\"]"}
COMMAND: POST /session/8ff87a328fcfa35ca82a4cc6375ae338/element/f.4AFCDA83F841BD0157C4E1BB812E2537.d.1350EC5AF275DBEFEE07EC176F11A04F.e.725/click - {}
RESULT: {}
COMMAND: POST /session/8ff87a328fcfa35ca82a4cc6375ae338/element - {"using":"xpath","value":"//span[contains(text(), \"English\")]"}
COMMAND: GET /session/8ff87a328fcfa35ca82a4cc6375ae338/screenshot - {}
RESULT: {"using":"xpath","value":"//span[contains(text(), \"English\")]"}
COMMAND: POST /session/8ff87a328fcfa35ca82a4cc6375ae338/element/f.4AFCDA83F841BD0157C4E1BB812E2537.d.1350EC5AF275DBEFEE07EC176F11A04F.e.726/click - {}
RESULT: {}
RESULT: {}
COMMAND: POST /session/8ff87a328fcfa35ca82a4cc6375ae338/execute/async - {"script":"<script> [1562 bytes]","args":[{"selector":{"id":"application-manageyards-display-component---NewYard--addressDetailDetailsCity1","interaction":{"idSuffix":"inner"}},"wdio_ui5_key":"applicationmanageyards-display-component---NewYard--addressDetailDetailsCity1"}]}
COMMAND: GET /session/8ff87a328fcfa35ca82a4cc6375ae338/screenshot - {}
RESULT: {"script":"<script> [1562 bytes]","args":[{"selector":{"id":"application-manageyards-display-component---NewYard--addressDetailDetailsCity1","interaction":{"idSuffix":"inner"}},"wdio_ui5_key":"applicationmanageyards-display-component---NewYard--addressDetailDetailsCity1"}]}
RESULT: undefined
COMMAND: POST /session/8ff87a328fcfa35ca82a4cc6375ae338/execute/async - {"script":"<script> [776 bytes]","args":[{"enterText":"Rosario","selector":{"id":"application-manageyards-display-component---NewYard--addressDetailDetailsCity1","interaction":{"idSuffix":"inner"}},"clearTextFirst":true,"interactionType":"ENTER_TEXT"}]}
RESULT: {}
RESULT: {"script":"<script> [776 bytes]","args":[{"enterText":"Rosario","selector":{"id":"application-manageyards-display-component---NewYard--addressDetailDetailsCity1","interaction":{"idSuffix":"inner"}},"clearTextFirst":true,"interactionType":"ENTER_TEXT"}]}
COMMAND: POST /session/8ff87a328fcfa35ca82a4cc6375ae338/execute/async - {"script":"<script> [1562 bytes]","args":[{"selector":{"id":"application-manageyards-display-component---NewYard--addressDetailDetailsCountry-arrow"},"wdio_ui5_key":"applicationmanageyards-display-component---NewYard--addressDetailDetailsCountry-arrow"}]}
RESULT: {"script":"<script> [1562 bytes]","args":[{"selector":{"id":"application-manageyards-display-component---NewYard--addressDetailDetailsCountry-arrow"},"wdio_ui5_key":"applicationmanageyards-display-component---NewYard--addressDetailDetailsCountry-arrow"}]}
RESULT: undefined
COMMAND: POST /session/8ff87a328fcfa35ca82a4cc6375ae338/element - {"using":"xpath","value":"//*[@id=\"application-manageyards-display-component---NewYard--addressDetailDetailsCountry-arrow\"]"}
RESULT: {"using":"xpath","value":"//*[@id=\"application-manageyards-display-component---NewYard--addressDetailDetailsCountry-arrow\"]"}
COMMAND: POST /session/8ff87a328fcfa35ca82a4cc6375ae338/element/f.4AFCDA83F841BD0157C4E1BB812E2537.d.1350EC5AF275DBEFEE07EC176F11A04F.e.728/click - {}
RESULT: {}
COMMAND: POST /session/8ff87a328fcfa35ca82a4cc6375ae338/element - {"using":"xpath","value":"//span[contains(text(), \"Argentina\")]"}
COMMAND: GET /session/8ff87a328fcfa35ca82a4cc6375ae338/screenshot - {}
RESULT: {"using":"xpath","value":"//span[contains(text(), \"Argentina\")]"}
COMMAND: POST /session/8ff87a328fcfa35ca82a4cc6375ae338/element/f.4AFCDA83F841BD0157C4E1BB812E2537.d.1350EC5AF275DBEFEE07EC176F11A04F.e.730/click - {}
RESULT: {}
RESULT: {}
COMMAND: POST /session/8ff87a328fcfa35ca82a4cc6375ae338/execute/async - {"script":"<script> [1562 bytes]","args":[{"selector":{"id":"application-manageyards-display-component---NewYard--addressEditDetailsCostObjectCstType-arrow"},"wdio_ui5_key":"applicationmanageyards-display-component---NewYard--addressEditDetailsCostObjectCstType-arrow"}]}
COMMAND: GET /session/8ff87a328fcfa35ca82a4cc6375ae338/screenshot - {}
RESULT: {"script":"<script> [1562 bytes]","args":[{"selector":{"id":"application-manageyards-display-component---NewYard--addressEditDetailsCostObjectCstType-arrow"},"wdio_ui5_key":"applicationmanageyards-display-component---NewYard--addressEditDetailsCostObjectCstType-arrow"}]}
RESULT: undefined
COMMAND: POST /session/8ff87a328fcfa35ca82a4cc6375ae338/element - {"using":"xpath","value":"//*[@id=\"application-manageyards-display-component---NewYard--addressEditDetailsCostObjectCstType-arrow\"]"}
RESULT: {}
RESULT: {"using":"xpath","value":"//*[@id=\"application-manageyards-display-component---NewYard--addressEditDetailsCostObjectCstType-arrow\"]"}
COMMAND: POST /session/8ff87a328fcfa35ca82a4cc6375ae338/element/f.4AFCDA83F841BD0157C4E1BB812E2537.d.1350EC5AF275DBEFEE07EC176F11A04F.e.731/click - {}
RESULT: {}
COMMAND: POST /session/8ff87a328fcfa35ca82a4cc6375ae338/element - {"using":"xpath","value":"//span[contains(text(), \"Cost Center\")]"}
COMMAND: GET /session/8ff87a328fcfa35ca82a4cc6375ae338/screenshot - {}
RESULT: {"using":"xpath","value":"//span[contains(text(), \"Cost Center\")]"}
COMMAND: POST /session/8ff87a328fcfa35ca82a4cc6375ae338/element/f.4AFCDA83F841BD0157C4E1BB812E2537.d.1350EC5AF275DBEFEE07EC176F11A04F.e.732/click - {}
RESULT: {}
RESULT: {}
COMMAND: GET /session/8ff87a328fcfa35ca82a4cc6375ae338/screenshot - {}
RESULT: {}
COMMAND: POST /session/8ff87a328fcfa35ca82a4cc6375ae338/element - {"using":"xpath","value":"//span[@id=\"application-manageyards-display-component---NewYard--addressNewCostObjectCstID-vhi\"]"}
RESULT: {"using":"xpath","value":"//span[@id=\"application-manageyards-display-component---NewYard--addressNewCostObjectCstID-vhi\"]"}
COMMAND: POST /session/8ff87a328fcfa35ca82a4cc6375ae338/execute/sync - {"script":"<script> [8489 bytes]","args":[{"element-6066-11e4-a52e-4f735466cecf":"f.4AFCDA83F841BD0157C4E1BB812E2537.d.1350EC5AF275DBEFEE07EC176F11A04F.e.736","ELEMENT":"f.4AFCDA83F841BD0157C4E1BB812E2537.d.1350EC5AF275DBEFEE07EC176F11A04F.e.736"}]}
RESULT: {"script":"<script> [8489 bytes]","args":[{"element-6066-11e4-a52e-4f735466cecf":"f.4AFCDA83F841BD0157C4E1BB812E2537.d.1350EC5AF275DBEFEE07EC176F11A04F.e.736","ELEMENT":"f.4AFCDA83F841BD0157C4E1BB812E2537.d.1350EC5AF275DBEFEE07EC176F11A04F.e.736"}]}
COMMAND: POST /session/8ff87a328fcfa35ca82a4cc6375ae338/execute/async - {"script":"<script> [1562 bytes]","args":[{"selector":{"id":"application-manageyards-display-component---NewYard--addressNewCostObjectCstID-vhi"},"wdio_ui5_key":"applicationmanageyards-display-component---NewYard--addressNewCostObjectCstID-vhi"}]}
COMMAND: GET /session/8ff87a328fcfa35ca82a4cc6375ae338/screenshot - {}
RESULT: {"script":"<script> [1562 bytes]","args":[{"selector":{"id":"application-manageyards-display-component---NewYard--addressNewCostObjectCstID-vhi"},"wdio_ui5_key":"applicationmanageyards-display-component---NewYard--addressNewCostObjectCstID-vhi"}]}
RESULT: undefined
COMMAND: POST /session/8ff87a328fcfa35ca82a4cc6375ae338/element - {"using":"xpath","value":"//*[@id=\"application-manageyards-display-component---NewYard--addressNewCostObjectCstID-vhi\"]"}
RESULT: {}
RESULT: {"using":"xpath","value":"//*[@id=\"application-manageyards-display-component---NewYard--addressNewCostObjectCstID-vhi\"]"}
COMMAND: POST /session/8ff87a328fcfa35ca82a4cc6375ae338/element/f.4AFCDA83F841BD0157C4E1BB812E2537.d.1350EC5AF275DBEFEE07EC176F11A04F.e.736/click - {}
RESULT: {}
COMMAND: GET /session/8ff87a328fcfa35ca82a4cc6375ae338/screenshot - {}
RESULT: {}
COMMAND: POST /session/8ff87a328fcfa35ca82a4cc6375ae338/execute/async - {"script":"<script> [1562 bytes]","args":[{"selector":{"controlType":"sap.m.SearchField","properties":{"placeholder":"Search"},"searchOpenDialogs":true,"interaction":{"idSuffix":"I"}},"wdio_ui5_key":"sapm.SearchField{\"placeholder\":\"Search\"}"}]}
RESULT: {"script":"<script> [1562 bytes]","args":[{"selector":{"controlType":"sap.m.SearchField","properties":{"placeholder":"Search"},"searchOpenDialogs":true,"interaction":{"idSuffix":"I"}},"wdio_ui5_key":"sapm.SearchField{\"placeholder\":\"Search\"}"}]}
RESULT: undefined
COMMAND: POST /session/8ff87a328fcfa35ca82a4cc6375ae338/execute/async - {"script":"<script> [776 bytes]","args":[{"enterText":"10001013","selector":{"controlType":"sap.m.SearchField","properties":{"placeholder":"Search"},"searchOpenDialogs":true,"interaction":{"idSuffix":"I"}},"clearTextFirst":true,"interactionType":"ENTER_TEXT"}]}
RESULT: {"script":"<script> [776 bytes]","args":[{"enterText":"10001013","selector":{"controlType":"sap.m.SearchField","properties":{"placeholder":"Search"},"searchOpenDialogs":true,"interaction":{"idSuffix":"I"}},"clearTextFirst":true,"interactionType":"ENTER_TEXT"}]}
COMMAND: POST /session/8ff87a328fcfa35ca82a4cc6375ae338/actions - {"actions":[{"id":"action1","type":"key","parameters":{},"actions":[{"type":"keyDown","value":"î€‡"},{"type":"pause","duration":10},{"type":"keyUp","value":"î€‡"}]}]}
RESULT: {"actions":[{"id":"action1","type":"key","parameters":{},"actions":[{"type":"keyDown","value":"î€‡"},{"type":"pause","duration":10},{"type":"keyUp","value":"î€‡"}]}]}
COMMAND: GET /session/8ff87a328fcfa35ca82a4cc6375ae338/screenshot - {}
RESULT: {}
COMMAND: POST /session/8ff87a328fcfa35ca82a4cc6375ae338/element - {"using":"xpath","value":"//span[contains(text(), \"General Management\")]"}
RESULT: {"using":"xpath","value":"//span[contains(text(), \"General Management\")]"}
COMMAND: POST /session/8ff87a328fcfa35ca82a4cc6375ae338/element/f.4AFCDA83F841BD0157C4E1BB812E2537.d.1350EC5AF275DBEFEE07EC176F11A04F.e.777/click - {}
RESULT: {}
COMMAND: GET /session/8ff87a328fcfa35ca82a4cc6375ae338/screenshot - {}
RESULT: {}
COMMAND: POST /session/8ff87a328fcfa35ca82a4cc6375ae338/element - {"using":"xpath","value":"//bdi[contains(text(), \"OK\")]"}
RESULT: {"using":"xpath","value":"//bdi[contains(text(), \"OK\")]"}
COMMAND: POST /session/8ff87a328fcfa35ca82a4cc6375ae338/element/f.4AFCDA83F841BD0157C4E1BB812E2537.d.1350EC5AF275DBEFEE07EC176F11A04F.e.778/click - {}
RESULT: {}
COMMAND: GET /session/8ff87a328fcfa35ca82a4cc6375ae338/screenshot - {}
RESULT: {}
COMMAND: POST /session/8ff87a328fcfa35ca82a4cc6375ae338/execute/async - {"script":"<script> [1562 bytes]","args":[{"selector":{"id":"application-manageyards-display-component---NewYard--addressEditDetailsCurrency-arrow"},"wdio_ui5_key":"applicationmanageyards-display-component---NewYard--addressEditDetailsCurrency-arrow"}]}
RESULT: {"script":"<script> [1562 bytes]","args":[{"selector":{"id":"application-manageyards-display-component---NewYard--addressEditDetailsCurrency-arrow"},"wdio_ui5_key":"applicationmanageyards-display-component---NewYard--addressEditDetailsCurrency-arrow"}]}
RESULT: undefined
COMMAND: POST /session/8ff87a328fcfa35ca82a4cc6375ae338/element - {"using":"xpath","value":"//*[@id=\"application-manageyards-display-component---NewYard--addressEditDetailsCurrency-arrow\"]"}
RESULT: {"using":"xpath","value":"//*[@id=\"application-manageyards-display-component---NewYard--addressEditDetailsCurrency-arrow\"]"}
COMMAND: POST /session/8ff87a328fcfa35ca82a4cc6375ae338/element/f.4AFCDA83F841BD0157C4E1BB812E2537.d.1350EC5AF275DBEFEE07EC176F11A04F.e.781/click - {}
RESULT: {}
COMMAND: POST /session/8ff87a328fcfa35ca82a4cc6375ae338/element - {"using":"xpath","value":"//span[contains(text(), \"Euro\")]"}
COMMAND: GET /session/8ff87a328fcfa35ca82a4cc6375ae338/screenshot - {}
RESULT: {"using":"xpath","value":"//span[contains(text(), \"Euro\")]"}
COMMAND: POST /session/8ff87a328fcfa35ca82a4cc6375ae338/element/f.4AFCDA83F841BD0157C4E1BB812E2537.d.1350EC5AF275DBEFEE07EC176F11A04F.e.782/click - {}
RESULT: {}
RESULT: {}
COMMAND: POST /session/8ff87a328fcfa35ca82a4cc6375ae338/execute/async - {"script":"<script> [1562 bytes]","args":[{"selector":{"controlType":"sap.m.Input","viewName":"etm.portal.ui.manageyards.view.New","viewId":"application-manageyards-display-component---NewYard","bindingPath":{"path":"","propertyPath":"/CONTROLLING_AREA","modelName":"NewYardModel"},"interaction":{"idSuffix":"inner"}},"wdio_ui5_key":"etmportal.ui.manageyards.view.Newsap.m.Input{\"path\":\"\",\"propertyPath\":\"/CONTROLLING_AREA\",\"modelName\":\"NewYardModel\"}"}]}
COMMAND: GET /session/8ff87a328fcfa35ca82a4cc6375ae338/screenshot - {}
RESULT: {"script":"<script> [1562 bytes]","args":[{"selector":{"controlType":"sap.m.Input","viewName":"etm.portal.ui.manageyards.view.New","viewId":"application-manageyards-display-component---NewYard","bindingPath":{"path":"","propertyPath":"/CONTROLLING_AREA","modelName":"NewYardModel"},"interaction":{"idSuffix":"inner"}},"wdio_ui5_key":"etmportal.ui.manageyards.view.Newsap.m.Input{\"path\":\"\",\"propertyPath\":\"/CONTROLLING_AREA\",\"modelName\":\"NewYardModel\"}"}]}
RESULT: undefined
COMMAND: POST /session/8ff87a328fcfa35ca82a4cc6375ae338/execute/async - {"script":"<script> [776 bytes]","args":[{"enterText":"Z001","selector":{"controlType":"sap.m.Input","viewName":"etm.portal.ui.manageyards.view.New","viewId":"application-manageyards-display-component---NewYard","bindingPath":{"path":"","propertyPath":"/CONTROLLING_AREA","modelName":"NewYardModel"},"interaction":{"idSuffix":"inner"}},"clearTextFirst":true,"interactionType":"ENTER_TEXT"}]}
RESULT: {}
RESULT: {"script":"<script> [776 bytes]","args":[{"enterText":"Z001","selector":{"controlType":"sap.m.Input","viewName":"etm.portal.ui.manageyards.view.New","viewId":"application-manageyards-display-component---NewYard","bindingPath":{"path":"","propertyPath":"/CONTROLLING_AREA","modelName":"NewYardModel"},"interaction":{"idSuffix":"inner"}},"clearTextFirst":true,"interactionType":"ENTER_TEXT"}]}
COMMAND: POST /session/8ff87a328fcfa35ca82a4cc6375ae338/execute/async - {"script":"<script> [1562 bytes]","args":[{"selector":{"id":"application-manageyards-display-component---NewYard--companyCodeComboBox","interaction":{"idSuffix":"inner"}},"wdio_ui5_key":"applicationmanageyards-display-component---NewYard--companyCodeComboBox"}]}
RESULT: {"script":"<script> [1562 bytes]","args":[{"selector":{"id":"application-manageyards-display-component---NewYard--companyCodeComboBox","interaction":{"idSuffix":"inner"}},"wdio_ui5_key":"applicationmanageyards-display-component---NewYard--companyCodeComboBox"}]}
RESULT: undefined
COMMAND: POST /session/8ff87a328fcfa35ca82a4cc6375ae338/execute/async - {"script":"<script> [776 bytes]","args":[{"enterText":"1000","selector":{"id":"application-manageyards-display-component---NewYard--companyCodeComboBox","interaction":{"idSuffix":"inner"}},"clearTextFirst":true,"interactionType":"ENTER_TEXT"}]}
RESULT: {"script":"<script> [776 bytes]","args":[{"enterText":"1000","selector":{"id":"application-manageyards-display-component---NewYard--companyCodeComboBox","interaction":{"idSuffix":"inner"}},"clearTextFirst":true,"interactionType":"ENTER_TEXT"}]}
COMMAND: POST /session/8ff87a328fcfa35ca82a4cc6375ae338/execute/async - {"script":"<script> [1562 bytes]","args":[{"selector":{"controlType":"sap.m.Input","viewName":"etm.portal.ui.manageyards.view.New","viewId":"application-manageyards-display-component---NewYard","bindingPath":{"path":"","propertyPath":"/PLANT","modelName":"NewYardModel"},"interaction":{"idSuffix":"inner"}},"wdio_ui5_key":"etmportal.ui.manageyards.view.Newsap.m.Input{\"path\":\"\",\"propertyPath\":\"/PLANT\",\"modelName\":\"NewYardModel\"}"}]}
RESULT: {"script":"<script> [1562 bytes]","args":[{"selector":{"controlType":"sap.m.Input","viewName":"etm.portal.ui.manageyards.view.New","viewId":"application-manageyards-display-component---NewYard","bindingPath":{"path":"","propertyPath":"/PLANT","modelName":"NewYardModel"},"interaction":{"idSuffix":"inner"}},"wdio_ui5_key":"etmportal.ui.manageyards.view.Newsap.m.Input{\"path\":\"\",\"propertyPath\":\"/PLANT\",\"modelName\":\"NewYardModel\"}"}]}
RESULT: undefined
COMMAND: POST /session/8ff87a328fcfa35ca82a4cc6375ae338/execute/async - {"script":"<script> [776 bytes]","args":[{"enterText":"1001","selector":{"controlType":"sap.m.Input","viewName":"etm.portal.ui.manageyards.view.New","viewId":"application-manageyards-display-component---NewYard","bindingPath":{"path":"","propertyPath":"/PLANT","modelName":"NewYardModel"},"interaction":{"idSuffix":"inner"}},"clearTextFirst":true,"interactionType":"ENTER_TEXT"}]}
RESULT: {"script":"<script> [776 bytes]","args":[{"enterText":"1001","selector":{"controlType":"sap.m.Input","viewName":"etm.portal.ui.manageyards.view.New","viewId":"application-manageyards-display-component---NewYard","bindingPath":{"path":"","propertyPath":"/PLANT","modelName":"NewYardModel"},"interaction":{"idSuffix":"inner"}},"clearTextFirst":true,"interactionType":"ENTER_TEXT"}]}
COMMAND: POST /session/8ff87a328fcfa35ca82a4cc6375ae338/execute/async - {"script":"<script> [1562 bytes]","args":[{"selector":{"controlType":"sap.m.Input","viewName":"etm.portal.ui.manageyards.view.New","viewId":"application-manageyards-display-component---NewYard","bindingPath":{"path":"","propertyPath":"/SALES_AREA_VKORG","modelName":"NewYardModel"},"interaction":{"idSuffix":"inner"}},"wdio_ui5_key":"etmportal.ui.manageyards.view.Newsap.m.Input{\"path\":\"\",\"propertyPath\":\"/SALES_AREA_VKORG\",\"modelName\":\"NewYardModel\"}"}]}
RESULT: {"script":"<script> [1562 bytes]","args":[{"selector":{"controlType":"sap.m.Input","viewName":"etm.portal.ui.manageyards.view.New","viewId":"application-manageyards-display-component---NewYard","bindingPath":{"path":"","propertyPath":"/SALES_AREA_VKORG","modelName":"NewYardModel"},"interaction":{"idSuffix":"inner"}},"wdio_ui5_key":"etmportal.ui.manageyards.view.Newsap.m.Input{\"path\":\"\",\"propertyPath\":\"/SALES_AREA_VKORG\",\"modelName\":\"NewYardModel\"}"}]}
RESULT: undefined
COMMAND: POST /session/8ff87a328fcfa35ca82a4cc6375ae338/execute/async - {"script":"<script> [776 bytes]","args":[{"enterText":"C002","selector":{"controlType":"sap.m.Input","viewName":"etm.portal.ui.manageyards.view.New","viewId":"application-manageyards-display-component---NewYard","bindingPath":{"path":"","propertyPath":"/SALES_AREA_VKORG","modelName":"NewYardModel"},"interaction":{"idSuffix":"inner"}},"clearTextFirst":true,"interactionType":"ENTER_TEXT"}]}
RESULT: {"script":"<script> [776 bytes]","args":[{"enterText":"C002","selector":{"controlType":"sap.m.Input","viewName":"etm.portal.ui.manageyards.view.New","viewId":"application-manageyards-display-component---NewYard","bindingPath":{"path":"","propertyPath":"/SALES_AREA_VKORG","modelName":"NewYardModel"},"interaction":{"idSuffix":"inner"}},"clearTextFirst":true,"interactionType":"ENTER_TEXT"}]}
COMMAND: POST /session/8ff87a328fcfa35ca82a4cc6375ae338/execute/async - {"script":"<script> [1562 bytes]","args":[{"selector":{"controlType":"sap.m.Input","viewName":"etm.portal.ui.manageyards.view.New","viewId":"application-manageyards-display-component---NewYard","bindingPath":{"path":"","propertyPath":"/SALES_AREA_VTWEG","modelName":"NewYardModel"},"interaction":{"idSuffix":"inner"}},"wdio_ui5_key":"etmportal.ui.manageyards.view.Newsap.m.Input{\"path\":\"\",\"propertyPath\":\"/SALES_AREA_VTWEG\",\"modelName\":\"NewYardModel\"}"}]}
RESULT: {"script":"<script> [1562 bytes]","args":[{"selector":{"controlType":"sap.m.Input","viewName":"etm.portal.ui.manageyards.view.New","viewId":"application-manageyards-display-component---NewYard","bindingPath":{"path":"","propertyPath":"/SALES_AREA_VTWEG","modelName":"NewYardModel"},"interaction":{"idSuffix":"inner"}},"wdio_ui5_key":"etmportal.ui.manageyards.view.Newsap.m.Input{\"path\":\"\",\"propertyPath\":\"/SALES_AREA_VTWEG\",\"modelName\":\"NewYardModel\"}"}]}
RESULT: undefined
COMMAND: POST /session/8ff87a328fcfa35ca82a4cc6375ae338/execute/async - {"script":"<script> [776 bytes]","args":[{"enterText":"C2","selector":{"controlType":"sap.m.Input","viewName":"etm.portal.ui.manageyards.view.New","viewId":"application-manageyards-display-component---NewYard","bindingPath":{"path":"","propertyPath":"/SALES_AREA_VTWEG","modelName":"NewYardModel"},"interaction":{"idSuffix":"inner"}},"clearTextFirst":true,"interactionType":"ENTER_TEXT"}]}
RESULT: {"script":"<script> [776 bytes]","args":[{"enterText":"C2","selector":{"controlType":"sap.m.Input","viewName":"etm.portal.ui.manageyards.view.New","viewId":"application-manageyards-display-component---NewYard","bindingPath":{"path":"","propertyPath":"/SALES_AREA_VTWEG","modelName":"NewYardModel"},"interaction":{"idSuffix":"inner"}},"clearTextFirst":true,"interactionType":"ENTER_TEXT"}]}
COMMAND: POST /session/8ff87a328fcfa35ca82a4cc6375ae338/execute/async - {"script":"<script> [1562 bytes]","args":[{"selector":{"controlType":"sap.m.Input","viewName":"etm.portal.ui.manageyards.view.New","viewId":"application-manageyards-display-component---NewYard","bindingPath":{"path":"","propertyPath":"/SALES_AREA_SPART","modelName":"NewYardModel"},"interaction":{"idSuffix":"inner"}},"wdio_ui5_key":"etmportal.ui.manageyards.view.Newsap.m.Input{\"path\":\"\",\"propertyPath\":\"/SALES_AREA_SPART\",\"modelName\":\"NewYardModel\"}"}]}
RESULT: {"script":"<script> [1562 bytes]","args":[{"selector":{"controlType":"sap.m.Input","viewName":"etm.portal.ui.manageyards.view.New","viewId":"application-manageyards-display-component---NewYard","bindingPath":{"path":"","propertyPath":"/SALES_AREA_SPART","modelName":"NewYardModel"},"interaction":{"idSuffix":"inner"}},"wdio_ui5_key":"etmportal.ui.manageyards.view.Newsap.m.Input{\"path\":\"\",\"propertyPath\":\"/SALES_AREA_SPART\",\"modelName\":\"NewYardModel\"}"}]}
RESULT: undefined
COMMAND: POST /session/8ff87a328fcfa35ca82a4cc6375ae338/execute/async - {"script":"<script> [776 bytes]","args":[{"enterText":"C2","selector":{"controlType":"sap.m.Input","viewName":"etm.portal.ui.manageyards.view.New","viewId":"application-manageyards-display-component---NewYard","bindingPath":{"path":"","propertyPath":"/SALES_AREA_SPART","modelName":"NewYardModel"},"interaction":{"idSuffix":"inner"}},"clearTextFirst":true,"interactionType":"ENTER_TEXT"}]}
RESULT: {"script":"<script> [776 bytes]","args":[{"enterText":"C2","selector":{"controlType":"sap.m.Input","viewName":"etm.portal.ui.manageyards.view.New","viewId":"application-manageyards-display-component---NewYard","bindingPath":{"path":"","propertyPath":"/SALES_AREA_SPART","modelName":"NewYardModel"},"interaction":{"idSuffix":"inner"}},"clearTextFirst":true,"interactionType":"ENTER_TEXT"}]}
COMMAND: POST /session/8ff87a328fcfa35ca82a4cc6375ae338/execute/async - {"script":"<script> [1562 bytes]","args":[{"selector":{"controlType":"sap.m.Input","viewName":"etm.portal.ui.manageyards.view.New","viewId":"application-manageyards-display-component---NewYard","bindingPath":{"path":"","propertyPath":"/SHIP_POINT","modelName":"NewYardModel"},"interaction":{"idSuffix":"inner"}},"wdio_ui5_key":"etmportal.ui.manageyards.view.Newsap.m.Input{\"path\":\"\",\"propertyPath\":\"/SHIP_POINT\",\"modelName\":\"NewYardModel\"}"}]}
RESULT: {"script":"<script> [1562 bytes]","args":[{"selector":{"controlType":"sap.m.Input","viewName":"etm.portal.ui.manageyards.view.New","viewId":"application-manageyards-display-component---NewYard","bindingPath":{"path":"","propertyPath":"/SHIP_POINT","modelName":"NewYardModel"},"interaction":{"idSuffix":"inner"}},"wdio_ui5_key":"etmportal.ui.manageyards.view.Newsap.m.Input{\"path\":\"\",\"propertyPath\":\"/SHIP_POINT\",\"modelName\":\"NewYardModel\"}"}]}
RESULT: undefined
COMMAND: POST /session/8ff87a328fcfa35ca82a4cc6375ae338/execute/async - {"script":"<script> [776 bytes]","args":[{"enterText":"1710","selector":{"controlType":"sap.m.Input","viewName":"etm.portal.ui.manageyards.view.New","viewId":"application-manageyards-display-component---NewYard","bindingPath":{"path":"","propertyPath":"/SHIP_POINT","modelName":"NewYardModel"},"interaction":{"idSuffix":"inner"}},"clearTextFirst":true,"interactionType":"ENTER_TEXT"}]}
RESULT: {"script":"<script> [776 bytes]","args":[{"enterText":"1710","selector":{"controlType":"sap.m.Input","viewName":"etm.portal.ui.manageyards.view.New","viewId":"application-manageyards-display-component---NewYard","bindingPath":{"path":"","propertyPath":"/SHIP_POINT","modelName":"NewYardModel"},"interaction":{"idSuffix":"inner"}},"clearTextFirst":true,"interactionType":"ENTER_TEXT"}]}
COMMAND: POST /session/8ff87a328fcfa35ca82a4cc6375ae338/execute/async - {"script":"<script> [1562 bytes]","args":[{"selector":{"controlType":"sap.m.Input","viewName":"etm.portal.ui.manageyards.view.New","viewId":"application-manageyards-display-component---NewYard","bindingPath":{"path":"","propertyPath":"/DELIVERY_TYPE","modelName":"NewYardModel"},"interaction":{"idSuffix":"inner"}},"wdio_ui5_key":"etmportal.ui.manageyards.view.Newsap.m.Input{\"path\":\"\",\"propertyPath\":\"/DELIVERY_TYPE\",\"modelName\":\"NewYardModel\"}"}]}
RESULT: {"script":"<script> [1562 bytes]","args":[{"selector":{"controlType":"sap.m.Input","viewName":"etm.portal.ui.manageyards.view.New","viewId":"application-manageyards-display-component---NewYard","bindingPath":{"path":"","propertyPath":"/DELIVERY_TYPE","modelName":"NewYardModel"},"interaction":{"idSuffix":"inner"}},"wdio_ui5_key":"etmportal.ui.manageyards.view.Newsap.m.Input{\"path\":\"\",\"propertyPath\":\"/DELIVERY_TYPE\",\"modelName\":\"NewYardModel\"}"}]}
RESULT: undefined
COMMAND: POST /session/8ff87a328fcfa35ca82a4cc6375ae338/execute/async - {"script":"<script> [776 bytes]","args":[{"enterText":"ZL01","selector":{"controlType":"sap.m.Input","viewName":"etm.portal.ui.manageyards.view.New","viewId":"application-manageyards-display-component---NewYard","bindingPath":{"path":"","propertyPath":"/DELIVERY_TYPE","modelName":"NewYardModel"},"interaction":{"idSuffix":"inner"}},"clearTextFirst":true,"interactionType":"ENTER_TEXT"}]}
RESULT: {"script":"<script> [776 bytes]","args":[{"enterText":"ZL01","selector":{"controlType":"sap.m.Input","viewName":"etm.portal.ui.manageyards.view.New","viewId":"application-manageyards-display-component---NewYard","bindingPath":{"path":"","propertyPath":"/DELIVERY_TYPE","modelName":"NewYardModel"},"interaction":{"idSuffix":"inner"}},"clearTextFirst":true,"interactionType":"ENTER_TEXT"}]}
COMMAND: POST /session/8ff87a328fcfa35ca82a4cc6375ae338/execute/async - {"script":"<script> [1562 bytes]","args":[{"selector":{"controlType":"sap.m.Input","viewName":"etm.portal.ui.manageyards.view.New","viewId":"application-manageyards-display-component---NewYard","bindingPath":{"path":"","propertyPath":"/AUART","modelName":"NewYardModel"},"interaction":{"idSuffix":"inner"}},"wdio_ui5_key":"etmportal.ui.manageyards.view.Newsap.m.Input{\"path\":\"\",\"propertyPath\":\"/AUART\",\"modelName\":\"NewYardModel\"}"}]}
RESULT: {"script":"<script> [1562 bytes]","args":[{"selector":{"controlType":"sap.m.Input","viewName":"etm.portal.ui.manageyards.view.New","viewId":"application-manageyards-display-component---NewYard","bindingPath":{"path":"","propertyPath":"/AUART","modelName":"NewYardModel"},"interaction":{"idSuffix":"inner"}},"wdio_ui5_key":"etmportal.ui.manageyards.view.Newsap.m.Input{\"path\":\"\",\"propertyPath\":\"/AUART\",\"modelName\":\"NewYardModel\"}"}]}
RESULT: undefined
COMMAND: POST /session/8ff87a328fcfa35ca82a4cc6375ae338/execute/async - {"script":"<script> [776 bytes]","args":[{"enterText":"TA","selector":{"controlType":"sap.m.Input","viewName":"etm.portal.ui.manageyards.view.New","viewId":"application-manageyards-display-component---NewYard","bindingPath":{"path":"","propertyPath":"/AUART","modelName":"NewYardModel"},"interaction":{"idSuffix":"inner"}},"clearTextFirst":true,"interactionType":"ENTER_TEXT"}]}
RESULT: {"script":"<script> [776 bytes]","args":[{"enterText":"TA","selector":{"controlType":"sap.m.Input","viewName":"etm.portal.ui.manageyards.view.New","viewId":"application-manageyards-display-component---NewYard","bindingPath":{"path":"","propertyPath":"/AUART","modelName":"NewYardModel"},"interaction":{"idSuffix":"inner"}},"clearTextFirst":true,"interactionType":"ENTER_TEXT"}]}
COMMAND: POST /session/8ff87a328fcfa35ca82a4cc6375ae338/element - {"using":"xpath","value":"//button[@data-kt=\"newYardSaveButton\"]"}
RESULT: {"using":"xpath","value":"//button[@data-kt=\"newYardSaveButton\"]"}
COMMAND: POST /session/8ff87a328fcfa35ca82a4cc6375ae338/element/f.4AFCDA83F841BD0157C4E1BB812E2537.d.1350EC5AF275DBEFEE07EC176F11A04F.e.710/click - {}
RESULT: {}
COMMAND: GET /session/8ff87a328fcfa35ca82a4cc6375ae338/screenshot - {}
RESULT: {}
COMMAND: POST /session/8ff87a328fcfa35ca82a4cc6375ae338/element - {"using":"xpath","value":"//header[contains(@id, 'ObjectPageLayout-headerTitle')]/div[1]/div[2]/div[1]/span[1]"}
RESULT: {"using":"xpath","value":"//header[contains(@id, 'ObjectPageLayout-headerTitle')]/div[1]/div[2]/div[1]/span[1]"}
COMMAND: POST /session/8ff87a328fcfa35ca82a4cc6375ae338/elements - {"using":"xpath","value":"//header[contains(@id, 'ObjectPageLayout-headerTitle')]/div[1]/div[2]/div[1]/span[1]"}
RESULT: {"using":"xpath","value":"//header[contains(@id, 'ObjectPageLayout-headerTitle')]/div[1]/div[2]/div[1]/span[1]"}
COMMAND: POST /session/8ff87a328fcfa35ca82a4cc6375ae338/execute/sync - {"script":"<script> [56 bytes]","args":[{"element-6066-11e4-a52e-4f735466cecf":"f.4AFCDA83F841BD0157C4E1BB812E2537.d.1350EC5AF275DBEFEE07EC176F11A04F.e.1001","ELEMENT":"f.4AFCDA83F841BD0157C4E1BB812E2537.d.1350EC5AF275DBEFEE07EC176F11A04F.e.1001"}]}
RESULT: {"script":"<script> [56 bytes]","args":[{"element-6066-11e4-a52e-4f735466cecf":"f.4AFCDA83F841BD0157C4E1BB812E2537.d.1350EC5AF275DBEFEE07EC176F11A04F.e.1001","ELEMENT":"f.4AFCDA83F841BD0157C4E1BB812E2537.d.1350EC5AF275DBEFEE07EC176F11A04F.e.1001"}]}
COMMAND: GET /session/8ff87a328fcfa35ca82a4cc6375ae338/screenshot - {}
RESULT: {}
COMMAND: POST /session/8ff87a328fcfa35ca82a4cc6375ae338/execute/sync - {"script":"<script> [56 bytes]","args":[{"element-6066-11e4-a52e-4f735466cecf":"f.4AFCDA83F841BD0157C4E1BB812E2537.d.1350EC5AF275DBEFEE07EC176F11A04F.e.1001","ELEMENT":"f.4AFCDA83F841BD0157C4E1BB812E2537.d.1350EC5AF275DBEFEE07EC176F11A04F.e.1001"}]}
RESULT: {"script":"<script> [56 bytes]","args":[{"element-6066-11e4-a52e-4f735466cecf":"f.4AFCDA83F841BD0157C4E1BB812E2537.d.1350EC5AF275DBEFEE07EC176F11A04F.e.1001","ELEMENT":"f.4AFCDA83F841BD0157C4E1BB812E2537.d.1350EC5AF275DBEFEE07EC176F11A04F.e.1001"}]}
COMMAND: GET /session/8ff87a328fcfa35ca82a4cc6375ae338/screenshot - {}
RESULT: {}
COMMAND: POST /session/8ff87a328fcfa35ca82a4cc6375ae338/execute/sync - {"script":"<script> [56 bytes]","args":[{"element-6066-11e4-a52e-4f735466cecf":"f.4AFCDA83F841BD0157C4E1BB812E2537.d.1350EC5AF275DBEFEE07EC176F11A04F.e.1001","ELEMENT":"f.4AFCDA83F841BD0157C4E1BB812E2537.d.1350EC5AF275DBEFEE07EC176F11A04F.e.1001"}]}
RESULT: {"script":"<script> [56 bytes]","args":[{"element-6066-11e4-a52e-4f735466cecf":"f.4AFCDA83F841BD0157C4E1BB812E2537.d.1350EC5AF275DBEFEE07EC176F11A04F.e.1001","ELEMENT":"f.4AFCDA83F841BD0157C4E1BB812E2537.d.1350EC5AF275DBEFEE07EC176F11A04F.e.1001"}]}
COMMAND: GET /session/8ff87a328fcfa35ca82a4cc6375ae338/screenshot - {}
RESULT: {}
COMMAND: POST /session/8ff87a328fcfa35ca82a4cc6375ae338/execute/sync - {"script":"<script> [56 bytes]","args":[{"element-6066-11e4-a52e-4f735466cecf":"f.4AFCDA83F841BD0157C4E1BB812E2537.d.1350EC5AF275DBEFEE07EC176F11A04F.e.1001","ELEMENT":"f.4AFCDA83F841BD0157C4E1BB812E2537.d.1350EC5AF275DBEFEE07EC176F11A04F.e.1001"}]}
RESULT: {"script":"<script> [56 bytes]","args":[{"element-6066-11e4-a52e-4f735466cecf":"f.4AFCDA83F841BD0157C4E1BB812E2537.d.1350EC5AF275DBEFEE07EC176F11A04F.e.1001","ELEMENT":"f.4AFCDA83F841BD0157C4E1BB812E2537.d.1350EC5AF275DBEFEE07EC176F11A04F.e.1001"}]}
COMMAND: GET /session/8ff87a328fcfa35ca82a4cc6375ae338/screenshot - {}
RESULT: {}
COMMAND: POST /session/8ff87a328fcfa35ca82a4cc6375ae338/element - {"using":"css selector","value":"#shell-header-logo"}
RESULT: {"using":"css selector","value":"#shell-header-logo"}
COMMAND: POST /session/8ff87a328fcfa35ca82a4cc6375ae338/element/f.4AFCDA83F841BD0157C4E1BB812E2537.d.1350EC5AF275DBEFEE07EC176F11A04F.e.258/click - {}
RESULT: {}
COMMAND: GET /session/8ff87a328fcfa35ca82a4cc6375ae338/screenshot - {}
RESULT: {}
COMMAND: POST /session/8ff87a328fcfa35ca82a4cc6375ae338/execute/sync - {"script":"<script> [299 bytes]","args":[["getModel","getResource"]]}
RESULT: {"script":"<script> [299 bytes]","args":[["getModel","getResource"]]}
COMMAND: GET /session/8ff87a328fcfa35ca82a4cc6375ae338/screenshot - {}
]]></system-out>
    </testcase>
    <testcase classname="chrome.135_0_7049_96.windows.Partner_specific_tests_US150819_US151080_US151654_US151176_US103444_US151078_US151079_US151109_US151174_US151175_US151189" name="Should create new external partner US150819" time="116">
      <system-out><![CDATA[
COMMAND: POST /session/8ff87a328fcfa35ca82a4cc6375ae338/element - {"using":"xpath","value":"//li[.//span[text()=\"Manage Partners\"]]"}
RESULT: {}
RESULT: {"using":"xpath","value":"//li[.//span[text()=\"Manage Partners\"]]"}
COMMAND: POST /session/8ff87a328fcfa35ca82a4cc6375ae338/element - {"using":"xpath","value":"//li[.//span[text()=\"Manage Partners\"]]"}
RESULT: {"using":"xpath","value":"//li[.//span[text()=\"Manage Partners\"]]"}
COMMAND: POST /session/8ff87a328fcfa35ca82a4cc6375ae338/element - {"using":"css selector","value":"#shell-header-logo"}
RESULT: {"using":"css selector","value":"#shell-header-logo"}
COMMAND: POST /session/8ff87a328fcfa35ca82a4cc6375ae338/element/f.4AFCDA83F841BD0157C4E1BB812E2537.d.1350EC5AF275DBEFEE07EC176F11A04F.e.1008/click - {}
COMMAND: POST /session/8ff87a328fcfa35ca82a4cc6375ae338/execute/sync - {"script":"<script> [8489 bytes]","args":[{"element-6066-11e4-a52e-4f735466cecf":"f.4AFCDA83F841BD0157C4E1BB812E2537.d.1350EC5AF275DBEFEE07EC176F11A04F.e.1008","ELEMENT":"f.4AFCDA83F841BD0157C4E1BB812E2537.d.1350EC5AF275DBEFEE07EC176F11A04F.e.1008"}]}
RESULT: {}
COMMAND: GET /session/8ff87a328fcfa35ca82a4cc6375ae338/screenshot - {}
RESULT: {"script":"<script> [8489 bytes]","args":[{"element-6066-11e4-a52e-4f735466cecf":"f.4AFCDA83F841BD0157C4E1BB812E2537.d.1350EC5AF275DBEFEE07EC176F11A04F.e.1008","ELEMENT":"f.4AFCDA83F841BD0157C4E1BB812E2537.d.1350EC5AF275DBEFEE07EC176F11A04F.e.1008"}]}
COMMAND: POST /session/8ff87a328fcfa35ca82a4cc6375ae338/execute/sync - {"script":"<script> [5351 bytes]","args":[{"element-6066-11e4-a52e-4f735466cecf":"f.4AFCDA83F841BD0157C4E1BB812E2537.d.1350EC5AF275DBEFEE07EC176F11A04F.e.1008","ELEMENT":"f.4AFCDA83F841BD0157C4E1BB812E2537.d.1350EC5AF275DBEFEE07EC176F11A04F.e.1008"}]}
COMMAND: GET /session/8ff87a328fcfa35ca82a4cc6375ae338/screenshot - {}
RESULT: {}
RESULT: {"script":"<script> [5351 bytes]","args":[{"element-6066-11e4-a52e-4f735466cecf":"f.4AFCDA83F841BD0157C4E1BB812E2537.d.1350EC5AF275DBEFEE07EC176F11A04F.e.1008","ELEMENT":"f.4AFCDA83F841BD0157C4E1BB812E2537.d.1350EC5AF275DBEFEE07EC176F11A04F.e.1008"}]}
COMMAND: GET /session/8ff87a328fcfa35ca82a4cc6375ae338/screenshot - {}
RESULT: {}
RESULT: {}
COMMAND: POST /session/8ff87a328fcfa35ca82a4cc6375ae338/window/fullscreen - {}
RESULT: {}
COMMAND: POST /session/8ff87a328fcfa35ca82a4cc6375ae338/execute/async - {"script":"<script> [1562 bytes]","args":[{"selector":{"controlType":"sap.m.GenericTile","properties":{"header":"Manage Partners"}},"wdio_ui5_key":"sapm.GenericTile{\"header\":\"Manage Partners\"}"}]}
RESULT: {"script":"<script> [1562 bytes]","args":[{"selector":{"controlType":"sap.m.GenericTile","properties":{"header":"Manage Partners"}},"wdio_ui5_key":"sapm.GenericTile{\"header\":\"Manage Partners\"}"}]}
RESULT: undefined
COMMAND: POST /session/8ff87a328fcfa35ca82a4cc6375ae338/element - {"using":"xpath","value":"//*[@id=\"__tile38\"]"}
RESULT: {"using":"xpath","value":"//*[@id=\"__tile38\"]"}
COMMAND: POST /session/8ff87a328fcfa35ca82a4cc6375ae338/element/f.4AFCDA83F841BD0157C4E1BB812E2537.d.1350EC5AF275DBEFEE07EC176F11A04F.e.147/click - {}
RESULT: {}
COMMAND: POST /session/8ff87a328fcfa35ca82a4cc6375ae338/element - {"using":"xpath","value":"//button[@data-kt=\"addButton\"]"}
COMMAND: GET /session/8ff87a328fcfa35ca82a4cc6375ae338/screenshot - {}
RESULT: {"using":"xpath","value":"//button[@data-kt=\"addButton\"]"}
COMMAND: POST /session/8ff87a328fcfa35ca82a4cc6375ae338/elements - {"using":"xpath","value":"//button[@data-kt=\"addButton\"]"}
RESULT: {}
RESULT: {"using":"xpath","value":"//button[@data-kt=\"addButton\"]"}
COMMAND: POST /session/8ff87a328fcfa35ca82a4cc6375ae338/elements - {"using":"xpath","value":"//button[@data-kt=\"addButton\"]"}
RESULT: {"using":"xpath","value":"//button[@data-kt=\"addButton\"]"}
COMMAND: POST /session/8ff87a328fcfa35ca82a4cc6375ae338/elements - {"using":"xpath","value":"//button[@data-kt=\"addButton\"]"}
RESULT: {"using":"xpath","value":"//button[@data-kt=\"addButton\"]"}
COMMAND: POST /session/8ff87a328fcfa35ca82a4cc6375ae338/elements - {"using":"xpath","value":"//button[@data-kt=\"addButton\"]"}
RESULT: {"using":"xpath","value":"//button[@data-kt=\"addButton\"]"}
COMMAND: POST /session/8ff87a328fcfa35ca82a4cc6375ae338/elements - {"using":"xpath","value":"//button[@data-kt=\"addButton\"]"}
RESULT: {"using":"xpath","value":"//button[@data-kt=\"addButton\"]"}
COMMAND: POST /session/8ff87a328fcfa35ca82a4cc6375ae338/elements - {"using":"xpath","value":"//button[@data-kt=\"addButton\"]"}
RESULT: {"using":"xpath","value":"//button[@data-kt=\"addButton\"]"}
COMMAND: POST /session/8ff87a328fcfa35ca82a4cc6375ae338/elements - {"using":"xpath","value":"//button[@data-kt=\"addButton\"]"}
RESULT: {"using":"xpath","value":"//button[@data-kt=\"addButton\"]"}
COMMAND: POST /session/8ff87a328fcfa35ca82a4cc6375ae338/elements - {"using":"xpath","value":"//button[@data-kt=\"addButton\"]"}
RESULT: {"using":"xpath","value":"//button[@data-kt=\"addButton\"]"}
COMMAND: POST /session/8ff87a328fcfa35ca82a4cc6375ae338/elements - {"using":"xpath","value":"//button[@data-kt=\"addButton\"]"}
RESULT: {"using":"xpath","value":"//button[@data-kt=\"addButton\"]"}
COMMAND: POST /session/8ff87a328fcfa35ca82a4cc6375ae338/elements - {"using":"xpath","value":"//button[@data-kt=\"addButton\"]"}
RESULT: {"using":"xpath","value":"//button[@data-kt=\"addButton\"]"}
COMMAND: POST /session/8ff87a328fcfa35ca82a4cc6375ae338/elements - {"using":"xpath","value":"//button[@data-kt=\"addButton\"]"}
RESULT: {"using":"xpath","value":"//button[@data-kt=\"addButton\"]"}
COMMAND: POST /session/8ff87a328fcfa35ca82a4cc6375ae338/elements - {"using":"xpath","value":"//button[@data-kt=\"addButton\"]"}
RESULT: {"using":"xpath","value":"//button[@data-kt=\"addButton\"]"}
COMMAND: POST /session/8ff87a328fcfa35ca82a4cc6375ae338/elements - {"using":"xpath","value":"//button[@data-kt=\"addButton\"]"}
RESULT: {"using":"xpath","value":"//button[@data-kt=\"addButton\"]"}
COMMAND: POST /session/8ff87a328fcfa35ca82a4cc6375ae338/elements - {"using":"xpath","value":"//button[@data-kt=\"addButton\"]"}
RESULT: {"using":"xpath","value":"//button[@data-kt=\"addButton\"]"}
COMMAND: POST /session/8ff87a328fcfa35ca82a4cc6375ae338/elements - {"using":"xpath","value":"//button[@data-kt=\"addButton\"]"}
RESULT: {"using":"xpath","value":"//button[@data-kt=\"addButton\"]"}
COMMAND: POST /session/8ff87a328fcfa35ca82a4cc6375ae338/elements - {"using":"xpath","value":"//button[@data-kt=\"addButton\"]"}
RESULT: {"using":"xpath","value":"//button[@data-kt=\"addButton\"]"}
COMMAND: POST /session/8ff87a328fcfa35ca82a4cc6375ae338/elements - {"using":"xpath","value":"//button[@data-kt=\"addButton\"]"}
RESULT: {"using":"xpath","value":"//button[@data-kt=\"addButton\"]"}
COMMAND: POST /session/8ff87a328fcfa35ca82a4cc6375ae338/elements - {"using":"xpath","value":"//button[@data-kt=\"addButton\"]"}
RESULT: {"using":"xpath","value":"//button[@data-kt=\"addButton\"]"}
COMMAND: POST /session/8ff87a328fcfa35ca82a4cc6375ae338/elements - {"using":"xpath","value":"//button[@data-kt=\"addButton\"]"}
RESULT: {"using":"xpath","value":"//button[@data-kt=\"addButton\"]"}
COMMAND: POST /session/8ff87a328fcfa35ca82a4cc6375ae338/elements - {"using":"xpath","value":"//button[@data-kt=\"addButton\"]"}
RESULT: {"using":"xpath","value":"//button[@data-kt=\"addButton\"]"}
COMMAND: POST /session/8ff87a328fcfa35ca82a4cc6375ae338/elements - {"using":"xpath","value":"//button[@data-kt=\"addButton\"]"}
RESULT: {"using":"xpath","value":"//button[@data-kt=\"addButton\"]"}
COMMAND: POST /session/8ff87a328fcfa35ca82a4cc6375ae338/elements - {"using":"xpath","value":"//button[@data-kt=\"addButton\"]"}
RESULT: {"using":"xpath","value":"//button[@data-kt=\"addButton\"]"}
COMMAND: POST /session/8ff87a328fcfa35ca82a4cc6375ae338/elements - {"using":"xpath","value":"//button[@data-kt=\"addButton\"]"}
RESULT: {"using":"xpath","value":"//button[@data-kt=\"addButton\"]"}
COMMAND: POST /session/8ff87a328fcfa35ca82a4cc6375ae338/elements - {"using":"xpath","value":"//button[@data-kt=\"addButton\"]"}
RESULT: {"using":"xpath","value":"//button[@data-kt=\"addButton\"]"}
COMMAND: POST /session/8ff87a328fcfa35ca82a4cc6375ae338/elements - {"using":"xpath","value":"//button[@data-kt=\"addButton\"]"}
RESULT: {"using":"xpath","value":"//button[@data-kt=\"addButton\"]"}
COMMAND: POST /session/8ff87a328fcfa35ca82a4cc6375ae338/elements - {"using":"xpath","value":"//button[@data-kt=\"addButton\"]"}
RESULT: {"using":"xpath","value":"//button[@data-kt=\"addButton\"]"}
COMMAND: POST /session/8ff87a328fcfa35ca82a4cc6375ae338/elements - {"using":"xpath","value":"//button[@data-kt=\"addButton\"]"}
RESULT: {"using":"xpath","value":"//button[@data-kt=\"addButton\"]"}
COMMAND: POST /session/8ff87a328fcfa35ca82a4cc6375ae338/element - {"using":"xpath","value":"//button[@data-kt=\"addButton\"]"}
RESULT: {"using":"xpath","value":"//button[@data-kt=\"addButton\"]"}
COMMAND: POST /session/8ff87a328fcfa35ca82a4cc6375ae338/execute/sync - {"script":"<script> [8489 bytes]","args":[{"element-6066-11e4-a52e-4f735466cecf":"f.4AFCDA83F841BD0157C4E1BB812E2537.d.1350EC5AF275DBEFEE07EC176F11A04F.e.1043","ELEMENT":"f.4AFCDA83F841BD0157C4E1BB812E2537.d.1350EC5AF275DBEFEE07EC176F11A04F.e.1043"}]}
RESULT: {"script":"<script> [8489 bytes]","args":[{"element-6066-11e4-a52e-4f735466cecf":"f.4AFCDA83F841BD0157C4E1BB812E2537.d.1350EC5AF275DBEFEE07EC176F11A04F.e.1043","ELEMENT":"f.4AFCDA83F841BD0157C4E1BB812E2537.d.1350EC5AF275DBEFEE07EC176F11A04F.e.1043"}]}
COMMAND: GET /session/8ff87a328fcfa35ca82a4cc6375ae338/element/f.4AFCDA83F841BD0157C4E1BB812E2537.d.1350EC5AF275DBEFEE07EC176F11A04F.e.1043/enabled - {}
COMMAND: GET /session/8ff87a328fcfa35ca82a4cc6375ae338/screenshot - {}
RESULT: {}
COMMAND: POST /session/8ff87a328fcfa35ca82a4cc6375ae338/execute/sync - {"script":"<script> [8489 bytes]","args":[{"element-6066-11e4-a52e-4f735466cecf":"f.4AFCDA83F841BD0157C4E1BB812E2537.d.1350EC5AF275DBEFEE07EC176F11A04F.e.1043","ELEMENT":"f.4AFCDA83F841BD0157C4E1BB812E2537.d.1350EC5AF275DBEFEE07EC176F11A04F.e.1043"}]}
COMMAND: GET /session/8ff87a328fcfa35ca82a4cc6375ae338/screenshot - {}
RESULT: {}
RESULT: {"script":"<script> [8489 bytes]","args":[{"element-6066-11e4-a52e-4f735466cecf":"f.4AFCDA83F841BD0157C4E1BB812E2537.d.1350EC5AF275DBEFEE07EC176F11A04F.e.1043","ELEMENT":"f.4AFCDA83F841BD0157C4E1BB812E2537.d.1350EC5AF275DBEFEE07EC176F11A04F.e.1043"}]}
COMMAND: POST /session/8ff87a328fcfa35ca82a4cc6375ae338/execute/sync - {"script":"<script> [5351 bytes]","args":[{"element-6066-11e4-a52e-4f735466cecf":"f.4AFCDA83F841BD0157C4E1BB812E2537.d.1350EC5AF275DBEFEE07EC176F11A04F.e.1043","ELEMENT":"f.4AFCDA83F841BD0157C4E1BB812E2537.d.1350EC5AF275DBEFEE07EC176F11A04F.e.1043"}]}
COMMAND: GET /session/8ff87a328fcfa35ca82a4cc6375ae338/screenshot - {}
RESULT: {}
RESULT: {"script":"<script> [5351 bytes]","args":[{"element-6066-11e4-a52e-4f735466cecf":"f.4AFCDA83F841BD0157C4E1BB812E2537.d.1350EC5AF275DBEFEE07EC176F11A04F.e.1043","ELEMENT":"f.4AFCDA83F841BD0157C4E1BB812E2537.d.1350EC5AF275DBEFEE07EC176F11A04F.e.1043"}]}
COMMAND: POST /session/8ff87a328fcfa35ca82a4cc6375ae338/element/f.4AFCDA83F841BD0157C4E1BB812E2537.d.1350EC5AF275DBEFEE07EC176F11A04F.e.1043/click - {}
RESULT: {}
COMMAND: GET /session/8ff87a328fcfa35ca82a4cc6375ae338/screenshot - {}
RESULT: {}
COMMAND: GET /session/8ff87a328fcfa35ca82a4cc6375ae338/screenshot - {}
RESULT: {}
RESULT: {}
COMMAND: POST /session/8ff87a328fcfa35ca82a4cc6375ae338/execute/async - {"script":"<script> [1562 bytes]","args":[{"selector":{"id":"application-managepartners-display-component---NewPartner--addressDetailDetailsName1","interaction":{"idSuffix":"inner"}},"wdio_ui5_key":"applicationmanagepartners-display-component---NewPartner--addressDetailDetailsName1"}]}
RESULT: {"script":"<script> [1562 bytes]","args":[{"selector":{"id":"application-managepartners-display-component---NewPartner--addressDetailDetailsName1","interaction":{"idSuffix":"inner"}},"wdio_ui5_key":"applicationmanagepartners-display-component---NewPartner--addressDetailDetailsName1"}]}
RESULT: undefined
COMMAND: POST /session/8ff87a328fcfa35ca82a4cc6375ae338/execute/async - {"script":"<script> [776 bytes]","args":[{"enterText":"External Partner WDIO","selector":{"id":"application-managepartners-display-component---NewPartner--addressDetailDetailsName1","interaction":{"idSuffix":"inner"}},"clearTextFirst":true,"interactionType":"ENTER_TEXT"}]}
RESULT: {"script":"<script> [776 bytes]","args":[{"enterText":"External Partner WDIO","selector":{"id":"application-managepartners-display-component---NewPartner--addressDetailDetailsName1","interaction":{"idSuffix":"inner"}},"clearTextFirst":true,"interactionType":"ENTER_TEXT"}]}
COMMAND: POST /session/8ff87a328fcfa35ca82a4cc6375ae338/execute/async - {"script":"<script> [1562 bytes]","args":[{"selector":{"id":"application-managepartners-display-component---NewPartner--addressDetailDetailsLanguage-arrow"},"wdio_ui5_key":"applicationmanagepartners-display-component---NewPartner--addressDetailDetailsLanguage-arrow"}]}
RESULT: {"script":"<script> [1562 bytes]","args":[{"selector":{"id":"application-managepartners-display-component---NewPartner--addressDetailDetailsLanguage-arrow"},"wdio_ui5_key":"applicationmanagepartners-display-component---NewPartner--addressDetailDetailsLanguage-arrow"}]}
RESULT: undefined
COMMAND: POST /session/8ff87a328fcfa35ca82a4cc6375ae338/element - {"using":"xpath","value":"//*[@id=\"application-managepartners-display-component---NewPartner--addressDetailDetailsLanguage-arrow\"]"}
RESULT: {"using":"xpath","value":"//*[@id=\"application-managepartners-display-component---NewPartner--addressDetailDetailsLanguage-arrow\"]"}
COMMAND: POST /session/8ff87a328fcfa35ca82a4cc6375ae338/element/f.4AFCDA83F841BD0157C4E1BB812E2537.d.1350EC5AF275DBEFEE07EC176F11A04F.e.1490/click - {}
RESULT: {}
COMMAND: POST /session/8ff87a328fcfa35ca82a4cc6375ae338/element - {"using":"xpath","value":"//span[contains(text(), \"English\")]"}
COMMAND: GET /session/8ff87a328fcfa35ca82a4cc6375ae338/screenshot - {}
RESULT: {"using":"xpath","value":"//span[contains(text(), \"English\")]"}
COMMAND: POST /session/8ff87a328fcfa35ca82a4cc6375ae338/element/f.4AFCDA83F841BD0157C4E1BB812E2537.d.1350EC5AF275DBEFEE07EC176F11A04F.e.1491/click - {}
RESULT: {}
RESULT: {}
COMMAND: GET /session/8ff87a328fcfa35ca82a4cc6375ae338/screenshot - {}
RESULT: {}
COMMAND: POST /session/8ff87a328fcfa35ca82a4cc6375ae338/execute/async - {"script":"<script> [1562 bytes]","args":[{"selector":{"id":"application-managepartners-display-component---NewPartner--addressDetailDetailsCity1","interaction":{"idSuffix":"inner"}},"wdio_ui5_key":"applicationmanagepartners-display-component---NewPartner--addressDetailDetailsCity1"}]}
RESULT: {"script":"<script> [1562 bytes]","args":[{"selector":{"id":"application-managepartners-display-component---NewPartner--addressDetailDetailsCity1","interaction":{"idSuffix":"inner"}},"wdio_ui5_key":"applicationmanagepartners-display-component---NewPartner--addressDetailDetailsCity1"}]}
RESULT: undefined
COMMAND: POST /session/8ff87a328fcfa35ca82a4cc6375ae338/execute/async - {"script":"<script> [776 bytes]","args":[{"enterText":"Rosario","selector":{"id":"application-managepartners-display-component---NewPartner--addressDetailDetailsCity1","interaction":{"idSuffix":"inner"}},"clearTextFirst":true,"interactionType":"ENTER_TEXT"}]}
RESULT: {"script":"<script> [776 bytes]","args":[{"enterText":"Rosario","selector":{"id":"application-managepartners-display-component---NewPartner--addressDetailDetailsCity1","interaction":{"idSuffix":"inner"}},"clearTextFirst":true,"interactionType":"ENTER_TEXT"}]}
COMMAND: POST /session/8ff87a328fcfa35ca82a4cc6375ae338/execute/async - {"script":"<script> [1562 bytes]","args":[{"selector":{"id":"application-managepartners-display-component---NewPartner--addressDetailDetailsCountry-arrow"},"wdio_ui5_key":"applicationmanagepartners-display-component---NewPartner--addressDetailDetailsCountry-arrow"}]}
RESULT: {"script":"<script> [1562 bytes]","args":[{"selector":{"id":"application-managepartners-display-component---NewPartner--addressDetailDetailsCountry-arrow"},"wdio_ui5_key":"applicationmanagepartners-display-component---NewPartner--addressDetailDetailsCountry-arrow"}]}
RESULT: undefined
COMMAND: POST /session/8ff87a328fcfa35ca82a4cc6375ae338/element - {"using":"xpath","value":"//*[@id=\"application-managepartners-display-component---NewPartner--addressDetailDetailsCountry-arrow\"]"}
RESULT: {"using":"xpath","value":"//*[@id=\"application-managepartners-display-component---NewPartner--addressDetailDetailsCountry-arrow\"]"}
COMMAND: POST /session/8ff87a328fcfa35ca82a4cc6375ae338/element/f.4AFCDA83F841BD0157C4E1BB812E2537.d.1350EC5AF275DBEFEE07EC176F11A04F.e.1444/click - {}
RESULT: {}
COMMAND: POST /session/8ff87a328fcfa35ca82a4cc6375ae338/element - {"using":"xpath","value":"//span[contains(text(), \"Argentina\")]"}
COMMAND: GET /session/8ff87a328fcfa35ca82a4cc6375ae338/screenshot - {}
RESULT: {"using":"xpath","value":"//span[contains(text(), \"Argentina\")]"}
COMMAND: POST /session/8ff87a328fcfa35ca82a4cc6375ae338/element/f.4AFCDA83F841BD0157C4E1BB812E2537.d.1350EC5AF275DBEFEE07EC176F11A04F.e.1493/click - {}
RESULT: {}
RESULT: {}
COMMAND: GET /session/8ff87a328fcfa35ca82a4cc6375ae338/screenshot - {}
RESULT: {}
COMMAND: POST /session/8ff87a328fcfa35ca82a4cc6375ae338/element - {"using":"xpath","value":"//bdi[contains(text(), \"Commercial\")]"}
RESULT: {"using":"xpath","value":"//bdi[contains(text(), \"Commercial\")]"}
COMMAND: POST /session/8ff87a328fcfa35ca82a4cc6375ae338/element/f.4AFCDA83F841BD0157C4E1BB812E2537.d.1350EC5AF275DBEFEE07EC176F11A04F.e.1494/click - {}
RESULT: {}
COMMAND: GET /session/8ff87a328fcfa35ca82a4cc6375ae338/screenshot - {}
RESULT: {}
COMMAND: POST /session/8ff87a328fcfa35ca82a4cc6375ae338/execute/async - {"script":"<script> [1562 bytes]","args":[{"selector":{"id":"application-managepartners-display-component---NewPartner--partnerDetailInternal-arrow"},"wdio_ui5_key":"applicationmanagepartners-display-component---NewPartner--partnerDetailInternal-arrow"}]}
RESULT: {"script":"<script> [1562 bytes]","args":[{"selector":{"id":"application-managepartners-display-component---NewPartner--partnerDetailInternal-arrow"},"wdio_ui5_key":"applicationmanagepartners-display-component---NewPartner--partnerDetailInternal-arrow"}]}
RESULT: undefined
COMMAND: POST /session/8ff87a328fcfa35ca82a4cc6375ae338/element - {"using":"xpath","value":"//*[@id=\"application-managepartners-display-component---NewPartner--partnerDetailInternal-arrow\"]"}
RESULT: {"using":"xpath","value":"//*[@id=\"application-managepartners-display-component---NewPartner--partnerDetailInternal-arrow\"]"}
COMMAND: POST /session/8ff87a328fcfa35ca82a4cc6375ae338/element/f.4AFCDA83F841BD0157C4E1BB812E2537.d.1350EC5AF275DBEFEE07EC176F11A04F.e.1500/click - {}
RESULT: {}
COMMAND: POST /session/8ff87a328fcfa35ca82a4cc6375ae338/element - {"using":"xpath","value":"//span[contains(text(), \"External partner\")]"}
COMMAND: GET /session/8ff87a328fcfa35ca82a4cc6375ae338/screenshot - {}
RESULT: {"using":"xpath","value":"//span[contains(text(), \"External partner\")]"}
COMMAND: POST /session/8ff87a328fcfa35ca82a4cc6375ae338/element/f.4AFCDA83F841BD0157C4E1BB812E2537.d.1350EC5AF275DBEFEE07EC176F11A04F.e.1503/click - {}
RESULT: {}
RESULT: {}
COMMAND: POST /session/8ff87a328fcfa35ca82a4cc6375ae338/execute/async - {"script":"<script> [1562 bytes]","args":[{"selector":{"id":"application-managepartners-display-component---NewPartner--partnerDetailsCurrency-arrow"},"wdio_ui5_key":"applicationmanagepartners-display-component---NewPartner--partnerDetailsCurrency-arrow"}]}
COMMAND: GET /session/8ff87a328fcfa35ca82a4cc6375ae338/screenshot - {}
RESULT: {"script":"<script> [1562 bytes]","args":[{"selector":{"id":"application-managepartners-display-component---NewPartner--partnerDetailsCurrency-arrow"},"wdio_ui5_key":"applicationmanagepartners-display-component---NewPartner--partnerDetailsCurrency-arrow"}]}
RESULT: undefined
COMMAND: POST /session/8ff87a328fcfa35ca82a4cc6375ae338/element - {"using":"xpath","value":"//*[@id=\"application-managepartners-display-component---NewPartner--partnerDetailsCurrency-arrow\"]"}
RESULT: {}
RESULT: {"using":"xpath","value":"//*[@id=\"application-managepartners-display-component---NewPartner--partnerDetailsCurrency-arrow\"]"}
COMMAND: POST /session/8ff87a328fcfa35ca82a4cc6375ae338/element/f.4AFCDA83F841BD0157C4E1BB812E2537.d.1350EC5AF275DBEFEE07EC176F11A04F.e.1508/click - {}
RESULT: {}
COMMAND: POST /session/8ff87a328fcfa35ca82a4cc6375ae338/element - {"using":"xpath","value":"//span[contains(text(), \"US Dollar\")]"}
COMMAND: GET /session/8ff87a328fcfa35ca82a4cc6375ae338/screenshot - {}
RESULT: {"using":"xpath","value":"//span[contains(text(), \"US Dollar\")]"}
COMMAND: POST /session/8ff87a328fcfa35ca82a4cc6375ae338/element/f.4AFCDA83F841BD0157C4E1BB812E2537.d.1350EC5AF275DBEFEE07EC176F11A04F.e.1509/click - {}
RESULT: {}
RESULT: {}
COMMAND: GET /session/8ff87a328fcfa35ca82a4cc6375ae338/screenshot - {}
RESULT: {}
COMMAND: POST /session/8ff87a328fcfa35ca82a4cc6375ae338/element - {"using":"xpath","value":"//input[@id=\"application-managepartners-display-component---NewPartner--companyCodeComboBox-inner\"]"}
RESULT: {"using":"xpath","value":"//input[@id=\"application-managepartners-display-component---NewPartner--companyCodeComboBox-inner\"]"}
COMMAND: POST /session/8ff87a328fcfa35ca82a4cc6375ae338/element/f.4AFCDA83F841BD0157C4E1BB812E2537.d.1350EC5AF275DBEFEE07EC176F11A04F.e.1439/clear - {}
RESULT: {}
COMMAND: POST /session/8ff87a328fcfa35ca82a4cc6375ae338/element/f.4AFCDA83F841BD0157C4E1BB812E2537.d.1350EC5AF275DBEFEE07EC176F11A04F.e.1439/value - {"text":"C002"}
COMMAND: GET /session/8ff87a328fcfa35ca82a4cc6375ae338/screenshot - {}
RESULT: {"text":"C002"}
COMMAND: GET /session/8ff87a328fcfa35ca82a4cc6375ae338/screenshot - {}
RESULT: {}
RESULT: {}
COMMAND: POST /session/8ff87a328fcfa35ca82a4cc6375ae338/element - {"using":"xpath","value":"//span[contains(text(), \"C002\")]"}
RESULT: {"using":"xpath","value":"//span[contains(text(), \"C002\")]"}
COMMAND: POST /session/8ff87a328fcfa35ca82a4cc6375ae338/element/f.4AFCDA83F841BD0157C4E1BB812E2537.d.1350EC5AF275DBEFEE07EC176F11A04F.e.1513/click - {}
RESULT: {}
COMMAND: GET /session/8ff87a328fcfa35ca82a4cc6375ae338/screenshot - {}
RESULT: {}
COMMAND: POST /session/8ff87a328fcfa35ca82a4cc6375ae338/execute/async - {"script":"<script> [1562 bytes]","args":[{"selector":{"id":"application-managepartners-display-component---NewPartner--btnAddTableRow-img"},"wdio_ui5_key":"applicationmanagepartners-display-component---NewPartner--btnAddTableRow-img"}]}
RESULT: {"script":"<script> [1562 bytes]","args":[{"selector":{"id":"application-managepartners-display-component---NewPartner--btnAddTableRow-img"},"wdio_ui5_key":"applicationmanagepartners-display-component---NewPartner--btnAddTableRow-img"}]}
RESULT: undefined
COMMAND: POST /session/8ff87a328fcfa35ca82a4cc6375ae338/element - {"using":"xpath","value":"//*[@id=\"application-managepartners-display-component---NewPartner--btnAddTableRow-img\"]"}
RESULT: {"using":"xpath","value":"//*[@id=\"application-managepartners-display-component---NewPartner--btnAddTableRow-img\"]"}
COMMAND: POST /session/8ff87a328fcfa35ca82a4cc6375ae338/element/f.4AFCDA83F841BD0157C4E1BB812E2537.d.1350EC5AF275DBEFEE07EC176F11A04F.e.1514/click - {}
RESULT: {}
COMMAND: GET /session/8ff87a328fcfa35ca82a4cc6375ae338/screenshot - {}
RESULT: {}
COMMAND: POST /session/8ff87a328fcfa35ca82a4cc6375ae338/element - {"using":"xpath","value":"//input[@id=\"application-managepartners-display-component---NewPartner--assignmentYard-application-managepartners-display-component---NewPartner--assignmentsTable-0-inner\"]"}
RESULT: {"using":"xpath","value":"//input[@id=\"application-managepartners-display-component---NewPartner--assignmentYard-application-managepartners-display-component---NewPartner--assignmentsTable-0-inner\"]"}
COMMAND: POST /session/8ff87a328fcfa35ca82a4cc6375ae338/element/f.4AFCDA83F841BD0157C4E1BB812E2537.d.1350EC5AF275DBEFEE07EC176F11A04F.e.1517/clear - {}
RESULT: {}
COMMAND: POST /session/8ff87a328fcfa35ca82a4cc6375ae338/element/f.4AFCDA83F841BD0157C4E1BB812E2537.d.1350EC5AF275DBEFEE07EC176F11A04F.e.1517/value - {"text":"549"}
COMMAND: GET /session/8ff87a328fcfa35ca82a4cc6375ae338/screenshot - {}
RESULT: {"text":"549"}
COMMAND: GET /session/8ff87a328fcfa35ca82a4cc6375ae338/screenshot - {}
RESULT: {}
RESULT: {}
COMMAND: POST /session/8ff87a328fcfa35ca82a4cc6375ae338/element - {"using":"xpath","value":"//li[.//span[text()='549']]"}
RESULT: {"using":"xpath","value":"//li[.//span[text()='549']]"}
COMMAND: POST /session/8ff87a328fcfa35ca82a4cc6375ae338/element/f.4AFCDA83F841BD0157C4E1BB812E2537.d.1350EC5AF275DBEFEE07EC176F11A04F.e.1525/click - {}
RESULT: {}
COMMAND: GET /session/8ff87a328fcfa35ca82a4cc6375ae338/screenshot - {}
RESULT: {}
COMMAND: POST /session/8ff87a328fcfa35ca82a4cc6375ae338/actions - {"actions":[{"id":"action2","type":"key","parameters":{},"actions":[{"type":"keyDown","value":"î€‡"},{"type":"pause","duration":10},{"type":"keyUp","value":"î€‡"}]}]}
RESULT: {"actions":[{"id":"action2","type":"key","parameters":{},"actions":[{"type":"keyDown","value":"î€‡"},{"type":"pause","duration":10},{"type":"keyUp","value":"î€‡"}]}]}
COMMAND: POST /session/8ff87a328fcfa35ca82a4cc6375ae338/element - {"using":"xpath","value":"//td[contains(@id, \"assignmentsTable-0-cell2\")]/div/div"}
COMMAND: GET /session/8ff87a328fcfa35ca82a4cc6375ae338/screenshot - {}
RESULT: {"using":"xpath","value":"//td[contains(@id, \"assignmentsTable-0-cell2\")]/div/div"}
COMMAND: POST /session/8ff87a328fcfa35ca82a4cc6375ae338/element/f.4AFCDA83F841BD0157C4E1BB812E2537.d.1350EC5AF275DBEFEE07EC176F11A04F.e.1528/click - {}
RESULT: {}
RESULT: {}
COMMAND: GET /session/8ff87a328fcfa35ca82a4cc6375ae338/screenshot - {}
RESULT: {}
COMMAND: POST /session/8ff87a328fcfa35ca82a4cc6375ae338/element - {"using":"xpath","value":"//button[@data-kt=\"saveButton\"]"}
RESULT: {"using":"xpath","value":"//button[@data-kt=\"saveButton\"]"}
COMMAND: POST /session/8ff87a328fcfa35ca82a4cc6375ae338/element/f.4AFCDA83F841BD0157C4E1BB812E2537.d.1350EC5AF275DBEFEE07EC176F11A04F.e.1475/click - {}
RESULT: {}
COMMAND: GET /session/8ff87a328fcfa35ca82a4cc6375ae338/screenshot - {}
RESULT: {}
COMMAND: POST /session/8ff87a328fcfa35ca82a4cc6375ae338/element - {"using":"xpath","value":"//header[contains(@id, 'ObjectPageLayout-headerTitle')]/div[1]/div[2]/div[2]/span[1]"}
RESULT: {"using":"xpath","value":"//header[contains(@id, 'ObjectPageLayout-headerTitle')]/div[1]/div[2]/div[2]/span[1]"}
COMMAND: POST /session/8ff87a328fcfa35ca82a4cc6375ae338/elements - {"using":"xpath","value":"//header[contains(@id, 'ObjectPageLayout-headerTitle')]/div[1]/div[2]/div[2]/span[1]"}
RESULT: {"using":"xpath","value":"//header[contains(@id, 'ObjectPageLayout-headerTitle')]/div[1]/div[2]/div[2]/span[1]"}
COMMAND: POST /session/8ff87a328fcfa35ca82a4cc6375ae338/execute/sync - {"script":"<script> [56 bytes]","args":[{"element-6066-11e4-a52e-4f735466cecf":"f.4AFCDA83F841BD0157C4E1BB812E2537.d.1350EC5AF275DBEFEE07EC176F11A04F.e.1688","ELEMENT":"f.4AFCDA83F841BD0157C4E1BB812E2537.d.1350EC5AF275DBEFEE07EC176F11A04F.e.1688"}]}
RESULT: {"script":"<script> [56 bytes]","args":[{"element-6066-11e4-a52e-4f735466cecf":"f.4AFCDA83F841BD0157C4E1BB812E2537.d.1350EC5AF275DBEFEE07EC176F11A04F.e.1688","ELEMENT":"f.4AFCDA83F841BD0157C4E1BB812E2537.d.1350EC5AF275DBEFEE07EC176F11A04F.e.1688"}]}
COMMAND: POST /session/8ff87a328fcfa35ca82a4cc6375ae338/element - {"using":"css selector","value":"#shell-header-logo"}
COMMAND: GET /session/8ff87a328fcfa35ca82a4cc6375ae338/screenshot - {}
RESULT: {"using":"css selector","value":"#shell-header-logo"}
COMMAND: POST /session/8ff87a328fcfa35ca82a4cc6375ae338/element/f.4AFCDA83F841BD0157C4E1BB812E2537.d.1350EC5AF275DBEFEE07EC176F11A04F.e.1008/click - {}
RESULT: {}
RESULT: {}
COMMAND: GET /session/8ff87a328fcfa35ca82a4cc6375ae338/screenshot - {}
RESULT: {}
COMMAND: POST /session/8ff87a328fcfa35ca82a4cc6375ae338/execute/sync - {"script":"<script> [299 bytes]","args":[["getModel","getResource"]]}
RESULT: {"script":"<script> [299 bytes]","args":[["getModel","getResource"]]}
COMMAND: GET /session/8ff87a328fcfa35ca82a4cc6375ae338/screenshot - {}
]]></system-out>
    </testcase>
    <testcase classname="chrome.135_0_7049_96.windows.Partner_specific_tests_US150819_US151080_US151654_US151176_US103444_US151078_US151079_US151109_US151174_US151175_US151189" name="Should filter and search partners US151080" time="101.959">
      <system-out><![CDATA[
COMMAND: POST /session/8ff87a328fcfa35ca82a4cc6375ae338/element - {"using":"xpath","value":"//li[.//span[text()=\"Manage Partners\"]]"}
RESULT: {"using":"xpath","value":"//li[.//span[text()=\"Manage Partners\"]]"}
COMMAND: POST /session/8ff87a328fcfa35ca82a4cc6375ae338/element - {"using":"xpath","value":"//li[.//span[text()=\"Manage Partners\"]]"}
RESULT: {}
RESULT: {"using":"xpath","value":"//li[.//span[text()=\"Manage Partners\"]]"}
COMMAND: POST /session/8ff87a328fcfa35ca82a4cc6375ae338/element - {"using":"css selector","value":"#shell-header-logo"}
RESULT: {"using":"css selector","value":"#shell-header-logo"}
COMMAND: POST /session/8ff87a328fcfa35ca82a4cc6375ae338/element/f.4AFCDA83F841BD0157C4E1BB812E2537.d.1350EC5AF275DBEFEE07EC176F11A04F.e.1690/click - {}
COMMAND: POST /session/8ff87a328fcfa35ca82a4cc6375ae338/execute/sync - {"script":"<script> [8489 bytes]","args":[{"element-6066-11e4-a52e-4f735466cecf":"f.4AFCDA83F841BD0157C4E1BB812E2537.d.1350EC5AF275DBEFEE07EC176F11A04F.e.1690","ELEMENT":"f.4AFCDA83F841BD0157C4E1BB812E2537.d.1350EC5AF275DBEFEE07EC176F11A04F.e.1690"}]}
RESULT: {}
COMMAND: GET /session/8ff87a328fcfa35ca82a4cc6375ae338/screenshot - {}
RESULT: {"script":"<script> [8489 bytes]","args":[{"element-6066-11e4-a52e-4f735466cecf":"f.4AFCDA83F841BD0157C4E1BB812E2537.d.1350EC5AF275DBEFEE07EC176F11A04F.e.1690","ELEMENT":"f.4AFCDA83F841BD0157C4E1BB812E2537.d.1350EC5AF275DBEFEE07EC176F11A04F.e.1690"}]}
COMMAND: POST /session/8ff87a328fcfa35ca82a4cc6375ae338/execute/sync - {"script":"<script> [5351 bytes]","args":[{"element-6066-11e4-a52e-4f735466cecf":"f.4AFCDA83F841BD0157C4E1BB812E2537.d.1350EC5AF275DBEFEE07EC176F11A04F.e.1690","ELEMENT":"f.4AFCDA83F841BD0157C4E1BB812E2537.d.1350EC5AF275DBEFEE07EC176F11A04F.e.1690"}]}
COMMAND: GET /session/8ff87a328fcfa35ca82a4cc6375ae338/screenshot - {}
RESULT: {}
RESULT: {"script":"<script> [5351 bytes]","args":[{"element-6066-11e4-a52e-4f735466cecf":"f.4AFCDA83F841BD0157C4E1BB812E2537.d.1350EC5AF275DBEFEE07EC176F11A04F.e.1690","ELEMENT":"f.4AFCDA83F841BD0157C4E1BB812E2537.d.1350EC5AF275DBEFEE07EC176F11A04F.e.1690"}]}
COMMAND: GET /session/8ff87a328fcfa35ca82a4cc6375ae338/screenshot - {}
RESULT: {}
RESULT: {}
RESULT: undefined
COMMAND: POST /session/8ff87a328fcfa35ca82a4cc6375ae338/element - {"using":"xpath","value":"//*[@id=\"__tile38\"]"}
RESULT: {"using":"xpath","value":"//*[@id=\"__tile38\"]"}
COMMAND: POST /session/8ff87a328fcfa35ca82a4cc6375ae338/element/f.4AFCDA83F841BD0157C4E1BB812E2537.d.1350EC5AF275DBEFEE07EC176F11A04F.e.147/click - {}
RESULT: {}
COMMAND: POST /session/8ff87a328fcfa35ca82a4cc6375ae338/element - {"using":"xpath","value":"//button[@data-kt=\"addButton\"]"}
COMMAND: GET /session/8ff87a328fcfa35ca82a4cc6375ae338/screenshot - {}
RESULT: {"using":"xpath","value":"//button[@data-kt=\"addButton\"]"}
COMMAND: POST /session/8ff87a328fcfa35ca82a4cc6375ae338/elements - {"using":"xpath","value":"//button[@data-kt=\"addButton\"]"}
RESULT: {}
RESULT: {"using":"xpath","value":"//button[@data-kt=\"addButton\"]"}
COMMAND: POST /session/8ff87a328fcfa35ca82a4cc6375ae338/element - {"using":"xpath","value":"//button[@data-kt=\"addButton\"]"}
RESULT: {"using":"xpath","value":"//button[@data-kt=\"addButton\"]"}
COMMAND: POST /session/8ff87a328fcfa35ca82a4cc6375ae338/execute/sync - {"script":"<script> [8489 bytes]","args":[{"element-6066-11e4-a52e-4f735466cecf":"f.4AFCDA83F841BD0157C4E1BB812E2537.d.1350EC5AF275DBEFEE07EC176F11A04F.e.1735","ELEMENT":"f.4AFCDA83F841BD0157C4E1BB812E2537.d.1350EC5AF275DBEFEE07EC176F11A04F.e.1735"}]}
RESULT: {"script":"<script> [8489 bytes]","args":[{"element-6066-11e4-a52e-4f735466cecf":"f.4AFCDA83F841BD0157C4E1BB812E2537.d.1350EC5AF275DBEFEE07EC176F11A04F.e.1735","ELEMENT":"f.4AFCDA83F841BD0157C4E1BB812E2537.d.1350EC5AF275DBEFEE07EC176F11A04F.e.1735"}]}
COMMAND: GET /session/8ff87a328fcfa35ca82a4cc6375ae338/element/f.4AFCDA83F841BD0157C4E1BB812E2537.d.1350EC5AF275DBEFEE07EC176F11A04F.e.1735/enabled - {}
COMMAND: GET /session/8ff87a328fcfa35ca82a4cc6375ae338/screenshot - {}
RESULT: {}
COMMAND: POST /session/8ff87a328fcfa35ca82a4cc6375ae338/execute/sync - {"script":"<script> [8489 bytes]","args":[{"element-6066-11e4-a52e-4f735466cecf":"f.4AFCDA83F841BD0157C4E1BB812E2537.d.1350EC5AF275DBEFEE07EC176F11A04F.e.1735","ELEMENT":"f.4AFCDA83F841BD0157C4E1BB812E2537.d.1350EC5AF275DBEFEE07EC176F11A04F.e.1735"}]}
COMMAND: GET /session/8ff87a328fcfa35ca82a4cc6375ae338/screenshot - {}
RESULT: {}
RESULT: {"script":"<script> [8489 bytes]","args":[{"element-6066-11e4-a52e-4f735466cecf":"f.4AFCDA83F841BD0157C4E1BB812E2537.d.1350EC5AF275DBEFEE07EC176F11A04F.e.1735","ELEMENT":"f.4AFCDA83F841BD0157C4E1BB812E2537.d.1350EC5AF275DBEFEE07EC176F11A04F.e.1735"}]}
COMMAND: POST /session/8ff87a328fcfa35ca82a4cc6375ae338/execute/sync - {"script":"<script> [5351 bytes]","args":[{"element-6066-11e4-a52e-4f735466cecf":"f.4AFCDA83F841BD0157C4E1BB812E2537.d.1350EC5AF275DBEFEE07EC176F11A04F.e.1735","ELEMENT":"f.4AFCDA83F841BD0157C4E1BB812E2537.d.1350EC5AF275DBEFEE07EC176F11A04F.e.1735"}]}
COMMAND: GET /session/8ff87a328fcfa35ca82a4cc6375ae338/screenshot - {}
RESULT: {}
RESULT: {"script":"<script> [5351 bytes]","args":[{"element-6066-11e4-a52e-4f735466cecf":"f.4AFCDA83F841BD0157C4E1BB812E2537.d.1350EC5AF275DBEFEE07EC176F11A04F.e.1735","ELEMENT":"f.4AFCDA83F841BD0157C4E1BB812E2537.d.1350EC5AF275DBEFEE07EC176F11A04F.e.1735"}]}
COMMAND: GET /session/8ff87a328fcfa35ca82a4cc6375ae338/screenshot - {}
RESULT: {}
RESULT: {}
COMMAND: POST /session/8ff87a328fcfa35ca82a4cc6375ae338/execute/async - {"script":"<script> [1562 bytes]","args":[{"selector":{"id":"application-managepartners-display-component---masterPtm--smartTable-btnPersonalisation-img"},"wdio_ui5_key":"applicationmanagepartners-display-component---masterPtm--smartTable-btnPersonalisation-img"}]}
RESULT: {"script":"<script> [1562 bytes]","args":[{"selector":{"id":"application-managepartners-display-component---masterPtm--smartTable-btnPersonalisation-img"},"wdio_ui5_key":"applicationmanagepartners-display-component---masterPtm--smartTable-btnPersonalisation-img"}]}
RESULT: undefined
COMMAND: POST /session/8ff87a328fcfa35ca82a4cc6375ae338/element - {"using":"xpath","value":"//*[@id=\"application-managepartners-display-component---masterPtm--smartTable-btnPersonalisation-img\"]"}
RESULT: {"using":"xpath","value":"//*[@id=\"application-managepartners-display-component---masterPtm--smartTable-btnPersonalisation-img\"]"}
COMMAND: POST /session/8ff87a328fcfa35ca82a4cc6375ae338/element/f.4AFCDA83F841BD0157C4E1BB812E2537.d.1350EC5AF275DBEFEE07EC176F11A04F.e.1740/click - {}
RESULT: {}
COMMAND: GET /session/8ff87a328fcfa35ca82a4cc6375ae338/screenshot - {}
RESULT: {}
COMMAND: POST /session/8ff87a328fcfa35ca82a4cc6375ae338/execute/async - {"script":"<script> [1562 bytes]","args":[{"selector":{"controlType":"sap.m.IconTabFilter","viewName":"etm.portal.ui.managepartners.view.Master","viewId":"application-managepartners-display-component---masterPtm","properties":{"text":"Sort"},"searchOpenDialogs":true,"interaction":{"idSuffix":"text"}},"wdio_ui5_key":"etmportal.ui.managepartners.view.Mastersap.m.IconTabFilter{\"text\":\"Sort\"}"}]}
RESULT: {"script":"<script> [1562 bytes]","args":[{"selector":{"controlType":"sap.m.IconTabFilter","viewName":"etm.portal.ui.managepartners.view.Master","viewId":"application-managepartners-display-component---masterPtm","properties":{"text":"Sort"},"searchOpenDialogs":true,"interaction":{"idSuffix":"text"}},"wdio_ui5_key":"etmportal.ui.managepartners.view.Mastersap.m.IconTabFilter{\"text\":\"Sort\"}"}]}
RESULT: undefined
COMMAND: POST /session/8ff87a328fcfa35ca82a4cc6375ae338/element - {"using":"xpath","value":"//*[@id=\"__filter1\"]"}
RESULT: {"using":"xpath","value":"//*[@id=\"__filter1\"]"}
COMMAND: POST /session/8ff87a328fcfa35ca82a4cc6375ae338/element/f.4AFCDA83F841BD0157C4E1BB812E2537.d.1350EC5AF275DBEFEE07EC176F11A04F.e.1879/click - {}
RESULT: {}
COMMAND: GET /session/8ff87a328fcfa35ca82a4cc6375ae338/screenshot - {}
RESULT: {}
COMMAND: POST /session/8ff87a328fcfa35ca82a4cc6375ae338/element - {"using":"xpath","value":"//input[@placeholder=\"Sort by\"]/following-sibling::div//span"}
RESULT: {"using":"xpath","value":"//input[@placeholder=\"Sort by\"]/following-sibling::div//span"}
COMMAND: POST /session/8ff87a328fcfa35ca82a4cc6375ae338/element/f.4AFCDA83F841BD0157C4E1BB812E2537.d.1350EC5AF275DBEFEE07EC176F11A04F.e.1881/click - {}
RESULT: {}
COMMAND: GET /session/8ff87a328fcfa35ca82a4cc6375ae338/screenshot - {}
RESULT: {}
COMMAND: POST /session/8ff87a328fcfa35ca82a4cc6375ae338/element - {"using":"xpath","value":"//li[.//span[text()=\"Language\"]]"}
RESULT: {"using":"xpath","value":"//li[.//span[text()=\"Language\"]]"}
COMMAND: POST /session/8ff87a328fcfa35ca82a4cc6375ae338/element/f.4AFCDA83F841BD0157C4E1BB812E2537.d.1350EC5AF275DBEFEE07EC176F11A04F.e.1882/click - {}
RESULT: {}
COMMAND: GET /session/8ff87a328fcfa35ca82a4cc6375ae338/screenshot - {}
RESULT: {}
COMMAND: POST /session/8ff87a328fcfa35ca82a4cc6375ae338/element - {"using":"xpath","value":"//bdi[contains(text(), \"OK\")]"}
RESULT: {"using":"xpath","value":"//bdi[contains(text(), \"OK\")]"}
COMMAND: POST /session/8ff87a328fcfa35ca82a4cc6375ae338/element/f.4AFCDA83F841BD0157C4E1BB812E2537.d.1350EC5AF275DBEFEE07EC176F11A04F.e.1886/click - {}
RESULT: {}
COMMAND: GET /session/8ff87a328fcfa35ca82a4cc6375ae338/screenshot - {}
RESULT: {}
COMMAND: POST /session/8ff87a328fcfa35ca82a4cc6375ae338/element - {"using":"xpath","value":"//table[contains(@id, \"customPartnersTable\")]//tbody/tr[1]/td[3]/span"}
RESULT: {"using":"xpath","value":"//table[contains(@id, \"customPartnersTable\")]//tbody/tr[1]/td[3]/span"}
COMMAND: POST /session/8ff87a328fcfa35ca82a4cc6375ae338/execute/sync - {"script":"<script> [56 bytes]","args":[{"element-6066-11e4-a52e-4f735466cecf":"f.4AFCDA83F841BD0157C4E1BB812E2537.d.1350EC5AF275DBEFEE07EC176F11A04F.e.2012","ELEMENT":"f.4AFCDA83F841BD0157C4E1BB812E2537.d.1350EC5AF275DBEFEE07EC176F11A04F.e.2012"}]}
RESULT: {"script":"<script> [56 bytes]","args":[{"element-6066-11e4-a52e-4f735466cecf":"f.4AFCDA83F841BD0157C4E1BB812E2537.d.1350EC5AF275DBEFEE07EC176F11A04F.e.2012","ELEMENT":"f.4AFCDA83F841BD0157C4E1BB812E2537.d.1350EC5AF275DBEFEE07EC176F11A04F.e.2012"}]}
RESULT: undefined
COMMAND: POST /session/8ff87a328fcfa35ca82a4cc6375ae338/element - {"using":"xpath","value":"//*[@id=\"application-managepartners-display-component---masterPtm--smartTable-btnPersonalisation-img\"]"}
COMMAND: GET /session/8ff87a328fcfa35ca82a4cc6375ae338/screenshot - {}
RESULT: {"using":"xpath","value":"//*[@id=\"application-managepartners-display-component---masterPtm--smartTable-btnPersonalisation-img\"]"}
COMMAND: POST /session/8ff87a328fcfa35ca82a4cc6375ae338/element/f.4AFCDA83F841BD0157C4E1BB812E2537.d.1350EC5AF275DBEFEE07EC176F11A04F.e.1740/click - {}
RESULT: {}
RESULT: {}
COMMAND: GET /session/8ff87a328fcfa35ca82a4cc6375ae338/screenshot - {}
RESULT: {}
COMMAND: POST /session/8ff87a328fcfa35ca82a4cc6375ae338/element - {"using":"xpath","value":"//bdi[contains(text(), \"Reset\")]"}
RESULT: {"using":"xpath","value":"//bdi[contains(text(), \"Reset\")]"}
COMMAND: POST /session/8ff87a328fcfa35ca82a4cc6375ae338/element/f.4AFCDA83F841BD0157C4E1BB812E2537.d.1350EC5AF275DBEFEE07EC176F11A04F.e.2017/click - {}
RESULT: {}
COMMAND: GET /session/8ff87a328fcfa35ca82a4cc6375ae338/screenshot - {}
RESULT: {}
COMMAND: POST /session/8ff87a328fcfa35ca82a4cc6375ae338/element - {"using":"xpath","value":"(//bdi[contains(text(), \"OK\")])[2]"}
RESULT: {"using":"xpath","value":"(//bdi[contains(text(), \"OK\")])[2]"}
COMMAND: POST /session/8ff87a328fcfa35ca82a4cc6375ae338/element/f.4AFCDA83F841BD0157C4E1BB812E2537.d.1350EC5AF275DBEFEE07EC176F11A04F.e.2019/click - {}
RESULT: {}
COMMAND: GET /session/8ff87a328fcfa35ca82a4cc6375ae338/screenshot - {}
RESULT: {}
COMMAND: POST /session/8ff87a328fcfa35ca82a4cc6375ae338/element - {"using":"xpath","value":"//bdi[contains(text(), \"OK\")]"}
RESULT: {"using":"xpath","value":"//bdi[contains(text(), \"OK\")]"}
COMMAND: POST /session/8ff87a328fcfa35ca82a4cc6375ae338/element/f.4AFCDA83F841BD0157C4E1BB812E2537.d.1350EC5AF275DBEFEE07EC176F11A04F.e.2075/click - {}
RESULT: {}
COMMAND: GET /session/8ff87a328fcfa35ca82a4cc6375ae338/screenshot - {}
RESULT: {}
COMMAND: POST /session/8ff87a328fcfa35ca82a4cc6375ae338/element - {"using":"xpath","value":"//table[contains(@id, \"customPartnersTable\")]//tbody/tr[1]/td[3]/span"}
RESULT: {"using":"xpath","value":"//table[contains(@id, \"customPartnersTable\")]//tbody/tr[1]/td[3]/span"}
COMMAND: POST /session/8ff87a328fcfa35ca82a4cc6375ae338/execute/sync - {"script":"<script> [56 bytes]","args":[{"element-6066-11e4-a52e-4f735466cecf":"f.4AFCDA83F841BD0157C4E1BB812E2537.d.1350EC5AF275DBEFEE07EC176F11A04F.e.2077","ELEMENT":"f.4AFCDA83F841BD0157C4E1BB812E2537.d.1350EC5AF275DBEFEE07EC176F11A04F.e.2077"}]}
RESULT: {"script":"<script> [56 bytes]","args":[{"element-6066-11e4-a52e-4f735466cecf":"f.4AFCDA83F841BD0157C4E1BB812E2537.d.1350EC5AF275DBEFEE07EC176F11A04F.e.2077","ELEMENT":"f.4AFCDA83F841BD0157C4E1BB812E2537.d.1350EC5AF275DBEFEE07EC176F11A04F.e.2077"}]}
RESULT: undefined
COMMAND: POST /session/8ff87a328fcfa35ca82a4cc6375ae338/element - {"using":"xpath","value":"//*[@id=\"application-managepartners-display-component---masterPtm--smartTable-btnPersonalisation-img\"]"}
COMMAND: GET /session/8ff87a328fcfa35ca82a4cc6375ae338/screenshot - {}
RESULT: {"using":"xpath","value":"//*[@id=\"application-managepartners-display-component---masterPtm--smartTable-btnPersonalisation-img\"]"}
COMMAND: POST /session/8ff87a328fcfa35ca82a4cc6375ae338/element/f.4AFCDA83F841BD0157C4E1BB812E2537.d.1350EC5AF275DBEFEE07EC176F11A04F.e.1740/click - {}
RESULT: {}
RESULT: {}
COMMAND: GET /session/8ff87a328fcfa35ca82a4cc6375ae338/screenshot - {}
RESULT: {}
COMMAND: POST /session/8ff87a328fcfa35ca82a4cc6375ae338/execute/async - {"script":"<script> [1562 bytes]","args":[{"selector":{"controlType":"sap.m.IconTabFilter","viewName":"etm.portal.ui.managepartners.view.Master","viewId":"application-managepartners-display-component---masterPtm","properties":{"text":"Filter"},"searchOpenDialogs":true,"interaction":{"idSuffix":"text"}},"wdio_ui5_key":"etmportal.ui.managepartners.view.Mastersap.m.IconTabFilter{\"text\":\"Filter\"}"}]}
RESULT: {"script":"<script> [1562 bytes]","args":[{"selector":{"controlType":"sap.m.IconTabFilter","viewName":"etm.portal.ui.managepartners.view.Master","viewId":"application-managepartners-display-component---masterPtm","properties":{"text":"Filter"},"searchOpenDialogs":true,"interaction":{"idSuffix":"text"}},"wdio_ui5_key":"etmportal.ui.managepartners.view.Mastersap.m.IconTabFilter{\"text\":\"Filter\"}"}]}
RESULT: undefined
COMMAND: POST /session/8ff87a328fcfa35ca82a4cc6375ae338/element - {"using":"xpath","value":"//*[@id=\"__filter10\"]"}
RESULT: {"using":"xpath","value":"//*[@id=\"__filter10\"]"}
COMMAND: POST /session/8ff87a328fcfa35ca82a4cc6375ae338/element/f.4AFCDA83F841BD0157C4E1BB812E2537.d.1350EC5AF275DBEFEE07EC176F11A04F.e.2082/click - {}
RESULT: {}
COMMAND: GET /session/8ff87a328fcfa35ca82a4cc6375ae338/screenshot - {}
RESULT: {}
COMMAND: POST /session/8ff87a328fcfa35ca82a4cc6375ae338/element - {"using":"xpath","value":"//input[@placeholder=\"Filter by\"]/following-sibling::div//span"}
RESULT: {"using":"xpath","value":"//input[@placeholder=\"Filter by\"]/following-sibling::div//span"}
COMMAND: POST /session/8ff87a328fcfa35ca82a4cc6375ae338/element/f.4AFCDA83F841BD0157C4E1BB812E2537.d.1350EC5AF275DBEFEE07EC176F11A04F.e.2084/click - {}
RESULT: {}
COMMAND: GET /session/8ff87a328fcfa35ca82a4cc6375ae338/screenshot - {}
RESULT: {}
COMMAND: POST /session/8ff87a328fcfa35ca82a4cc6375ae338/element - {"using":"xpath","value":"//li[.//span[text()=\"Preferred Yard\"]]"}
RESULT: {"using":"xpath","value":"//li[.//span[text()=\"Preferred Yard\"]]"}
COMMAND: POST /session/8ff87a328fcfa35ca82a4cc6375ae338/element/f.4AFCDA83F841BD0157C4E1BB812E2537.d.1350EC5AF275DBEFEE07EC176F11A04F.e.2085/click - {}
RESULT: {}
COMMAND: GET /session/8ff87a328fcfa35ca82a4cc6375ae338/screenshot - {}
RESULT: {}
COMMAND: POST /session/8ff87a328fcfa35ca82a4cc6375ae338/execute/async - {"script":"<script> [1562 bytes]","args":[{"selector":{"id":"FilterPanel-filterItemControl_BASIC-application-managepartners-display-component---masterPtm--smartTable-YARDYARD-vhi","searchOpenDialogs":true},"wdio_ui5_key":"FilterPanelfilterItemControl_BASIC-application-managepartners-display-component---masterPtm--smartTable-YARDYARD-vhi"}]}
RESULT: {"script":"<script> [1562 bytes]","args":[{"selector":{"id":"FilterPanel-filterItemControl_BASIC-application-managepartners-display-component---masterPtm--smartTable-YARDYARD-vhi","searchOpenDialogs":true},"wdio_ui5_key":"FilterPanelfilterItemControl_BASIC-application-managepartners-display-component---masterPtm--smartTable-YARDYARD-vhi"}]}
RESULT: undefined
COMMAND: POST /session/8ff87a328fcfa35ca82a4cc6375ae338/element - {"using":"xpath","value":"//*[@id=\"FilterPanel-filterItemControl_BASIC-application-managepartners-display-component---masterPtm--smartTable-YARDYARD-vhi\"]"}
RESULT: {"using":"xpath","value":"//*[@id=\"FilterPanel-filterItemControl_BASIC-application-managepartners-display-component---masterPtm--smartTable-YARDYARD-vhi\"]"}
COMMAND: POST /session/8ff87a328fcfa35ca82a4cc6375ae338/element/f.4AFCDA83F841BD0157C4E1BB812E2537.d.1350EC5AF275DBEFEE07EC176F11A04F.e.2088/click - {}
RESULT: {}
COMMAND: GET /session/8ff87a328fcfa35ca82a4cc6375ae338/screenshot - {}
RESULT: {}
COMMAND: POST /session/8ff87a328fcfa35ca82a4cc6375ae338/execute/async - {"script":"<script> [1562 bytes]","args":[{"selector":{"id":"FilterPanel-filterItemControl_BASIC-application-managepartners-display-component---masterPtm--smartTable-YARDYARD-valueHelpDialog-smartFilterBar-btnBasicSearch","searchOpenDialogs":true,"interaction":{"idSuffix":"I"}},"wdio_ui5_key":"FilterPanelfilterItemControl_BASIC-application-managepartners-display-component---masterPtm--smartTable-YARDYARD-valueHelpDialog-smartFilterBar-btnBasicSearch"}]}
RESULT: {"script":"<script> [1562 bytes]","args":[{"selector":{"id":"FilterPanel-filterItemControl_BASIC-application-managepartners-display-component---masterPtm--smartTable-YARDYARD-valueHelpDialog-smartFilterBar-btnBasicSearch","searchOpenDialogs":true,"interaction":{"idSuffix":"I"}},"wdio_ui5_key":"FilterPanelfilterItemControl_BASIC-application-managepartners-display-component---masterPtm--smartTable-YARDYARD-valueHelpDialog-smartFilterBar-btnBasicSearch"}]}
RESULT: undefined
COMMAND: POST /session/8ff87a328fcfa35ca82a4cc6375ae338/execute/async - {"script":"<script> [776 bytes]","args":[{"enterText":"549","selector":{"id":"FilterPanel-filterItemControl_BASIC-application-managepartners-display-component---masterPtm--smartTable-YARDYARD-valueHelpDialog-smartFilterBar-btnBasicSearch","searchOpenDialogs":true,"interaction":{"idSuffix":"I"}},"clearTextFirst":true,"interactionType":"ENTER_TEXT"}]}
RESULT: {"script":"<script> [776 bytes]","args":[{"enterText":"549","selector":{"id":"FilterPanel-filterItemControl_BASIC-application-managepartners-display-component---masterPtm--smartTable-YARDYARD-valueHelpDialog-smartFilterBar-btnBasicSearch","searchOpenDialogs":true,"interaction":{"idSuffix":"I"}},"clearTextFirst":true,"interactionType":"ENTER_TEXT"}]}
COMMAND: POST /session/8ff87a328fcfa35ca82a4cc6375ae338/actions - {"actions":[{"id":"action3","type":"key","parameters":{},"actions":[{"type":"keyDown","value":"î€‡"},{"type":"pause","duration":10},{"type":"keyUp","value":"î€‡"}]}]}
RESULT: {"actions":[{"id":"action3","type":"key","parameters":{},"actions":[{"type":"keyDown","value":"î€‡"},{"type":"pause","duration":10},{"type":"keyUp","value":"î€‡"}]}]}
COMMAND: GET /session/8ff87a328fcfa35ca82a4cc6375ae338/screenshot - {}
RESULT: {}
COMMAND: POST /session/8ff87a328fcfa35ca82a4cc6375ae338/elements - {"using":"xpath","value":"//table[contains(@id, \"smartTable-YARDYARD-valueHelpDialog-table-table\")]/tbody/tr"}
RESULT: {"using":"xpath","value":"//table[contains(@id, \"smartTable-YARDYARD-valueHelpDialog-table-table\")]/tbody/tr"}
COMMAND: POST /session/8ff87a328fcfa35ca82a4cc6375ae338/element - {"using":"xpath","value":"//table[contains(@id, \"smartTable-YARDYARD-valueHelpDialog-table-table\")]/tbody/tr[1]/td[1]/div/span"}
RESULT: {"using":"xpath","value":"//table[contains(@id, \"smartTable-YARDYARD-valueHelpDialog-table-table\")]/tbody/tr[1]/td[1]/div/span"}
COMMAND: POST /session/8ff87a328fcfa35ca82a4cc6375ae338/elements - {"using":"xpath","value":"//table[contains(@id, \"smartTable-YARDYARD-valueHelpDialog-table-table\")]/tbody/tr[1]/td[1]/div/span"}
RESULT: {"using":"xpath","value":"//table[contains(@id, \"smartTable-YARDYARD-valueHelpDialog-table-table\")]/tbody/tr[1]/td[1]/div/span"}
COMMAND: POST /session/8ff87a328fcfa35ca82a4cc6375ae338/execute/sync - {"script":"<script> [56 bytes]","args":[{"element-6066-11e4-a52e-4f735466cecf":"f.4AFCDA83F841BD0157C4E1BB812E2537.d.1350EC5AF275DBEFEE07EC176F11A04F.e.2107","ELEMENT":"f.4AFCDA83F841BD0157C4E1BB812E2537.d.1350EC5AF275DBEFEE07EC176F11A04F.e.2107"}]}
RESULT: {"script":"<script> [56 bytes]","args":[{"element-6066-11e4-a52e-4f735466cecf":"f.4AFCDA83F841BD0157C4E1BB812E2537.d.1350EC5AF275DBEFEE07EC176F11A04F.e.2107","ELEMENT":"f.4AFCDA83F841BD0157C4E1BB812E2537.d.1350EC5AF275DBEFEE07EC176F11A04F.e.2107"}]}
COMMAND: POST /session/8ff87a328fcfa35ca82a4cc6375ae338/element - {"using":"xpath","value":"//div[contains(@id, \"YARDYARD-valueHelpDialog-table-rowsel0\")]"}
COMMAND: GET /session/8ff87a328fcfa35ca82a4cc6375ae338/screenshot - {}
RESULT: {"using":"xpath","value":"//div[contains(@id, \"YARDYARD-valueHelpDialog-table-rowsel0\")]"}
COMMAND: POST /session/8ff87a328fcfa35ca82a4cc6375ae338/element/f.4AFCDA83F841BD0157C4E1BB812E2537.d.1350EC5AF275DBEFEE07EC176F11A04F.e.2108/click - {}
RESULT: {}
RESULT: {}
COMMAND: GET /session/8ff87a328fcfa35ca82a4cc6375ae338/screenshot - {}
RESULT: {}
COMMAND: POST /session/8ff87a328fcfa35ca82a4cc6375ae338/element - {"using":"xpath","value":"(//bdi[contains(text(), \"OK\")])[2]"}
RESULT: {"using":"xpath","value":"(//bdi[contains(text(), \"OK\")])[2]"}
COMMAND: POST /session/8ff87a328fcfa35ca82a4cc6375ae338/element/f.4AFCDA83F841BD0157C4E1BB812E2537.d.1350EC5AF275DBEFEE07EC176F11A04F.e.2110/click - {}
RESULT: {}
COMMAND: GET /session/8ff87a328fcfa35ca82a4cc6375ae338/screenshot - {}
RESULT: {}
COMMAND: POST /session/8ff87a328fcfa35ca82a4cc6375ae338/element - {"using":"xpath","value":"//bdi[contains(text(), \"OK\")]"}
RESULT: {"using":"xpath","value":"//bdi[contains(text(), \"OK\")]"}
COMMAND: POST /session/8ff87a328fcfa35ca82a4cc6375ae338/element/f.4AFCDA83F841BD0157C4E1BB812E2537.d.1350EC5AF275DBEFEE07EC176F11A04F.e.2113/click - {}
RESULT: {}
COMMAND: GET /session/8ff87a328fcfa35ca82a4cc6375ae338/screenshot - {}
RESULT: {}
COMMAND: POST /session/8ff87a328fcfa35ca82a4cc6375ae338/element - {"using":"xpath","value":"//table[contains(@id, \"customPartnersTable\")]//tbody/tr[1]/td[3]/span"}
RESULT: {"using":"xpath","value":"//table[contains(@id, \"customPartnersTable\")]//tbody/tr[1]/td[3]/span"}
COMMAND: POST /session/8ff87a328fcfa35ca82a4cc6375ae338/execute/sync - {"script":"<script> [56 bytes]","args":[{"element-6066-11e4-a52e-4f735466cecf":"f.4AFCDA83F841BD0157C4E1BB812E2537.d.1350EC5AF275DBEFEE07EC176F11A04F.e.2077","ELEMENT":"f.4AFCDA83F841BD0157C4E1BB812E2537.d.1350EC5AF275DBEFEE07EC176F11A04F.e.2077"}]}
RESULT: {"script":"<script> [56 bytes]","args":[{"element-6066-11e4-a52e-4f735466cecf":"f.4AFCDA83F841BD0157C4E1BB812E2537.d.1350EC5AF275DBEFEE07EC176F11A04F.e.2077","ELEMENT":"f.4AFCDA83F841BD0157C4E1BB812E2537.d.1350EC5AF275DBEFEE07EC176F11A04F.e.2077"}]}
COMMAND: POST /session/8ff87a328fcfa35ca82a4cc6375ae338/element - {"using":"css selector","value":"#shell-header-logo"}
COMMAND: GET /session/8ff87a328fcfa35ca82a4cc6375ae338/screenshot - {}
RESULT: {"using":"css selector","value":"#shell-header-logo"}
COMMAND: POST /session/8ff87a328fcfa35ca82a4cc6375ae338/element/f.4AFCDA83F841BD0157C4E1BB812E2537.d.1350EC5AF275DBEFEE07EC176F11A04F.e.1690/click - {}
RESULT: {}
RESULT: {}
COMMAND: GET /session/8ff87a328fcfa35ca82a4cc6375ae338/screenshot - {}
RESULT: {}
]]></system-out>
    </testcase>
    <testcase classname="chrome.135_0_7049_96.windows.Partner_specific_tests_US150819_US151080_US151654_US151176_US103444_US151078_US151079_US151109_US151174_US151175_US151189" name="Should deactivate the created partner in earlier step US151654" time="56.027">
      <system-out><![CDATA[
COMMAND: POST /session/8ff87a328fcfa35ca82a4cc6375ae338/element - {"using":"xpath","value":"//li[.//span[text()=\"Manage Partners\"]]"}
RESULT: {"using":"xpath","value":"//li[.//span[text()=\"Manage Partners\"]]"}
COMMAND: POST /session/8ff87a328fcfa35ca82a4cc6375ae338/element - {"using":"xpath","value":"//li[.//span[text()=\"Manage Partners\"]]"}
RESULT: {"using":"xpath","value":"//li[.//span[text()=\"Manage Partners\"]]"}
COMMAND: POST /session/8ff87a328fcfa35ca82a4cc6375ae338/element - {"using":"css selector","value":"#shell-header-logo"}
RESULT: {"using":"css selector","value":"#shell-header-logo"}
COMMAND: POST /session/8ff87a328fcfa35ca82a4cc6375ae338/element/f.4AFCDA83F841BD0157C4E1BB812E2537.d.1350EC5AF275DBEFEE07EC176F11A04F.e.2164/click - {}
COMMAND: POST /session/8ff87a328fcfa35ca82a4cc6375ae338/execute/sync - {"script":"<script> [8489 bytes]","args":[{"element-6066-11e4-a52e-4f735466cecf":"f.4AFCDA83F841BD0157C4E1BB812E2537.d.1350EC5AF275DBEFEE07EC176F11A04F.e.2164","ELEMENT":"f.4AFCDA83F841BD0157C4E1BB812E2537.d.1350EC5AF275DBEFEE07EC176F11A04F.e.2164"}]}
RESULT: {}
COMMAND: GET /session/8ff87a328fcfa35ca82a4cc6375ae338/screenshot - {}
RESULT: {"script":"<script> [8489 bytes]","args":[{"element-6066-11e4-a52e-4f735466cecf":"f.4AFCDA83F841BD0157C4E1BB812E2537.d.1350EC5AF275DBEFEE07EC176F11A04F.e.2164","ELEMENT":"f.4AFCDA83F841BD0157C4E1BB812E2537.d.1350EC5AF275DBEFEE07EC176F11A04F.e.2164"}]}
COMMAND: POST /session/8ff87a328fcfa35ca82a4cc6375ae338/execute/sync - {"script":"<script> [5351 bytes]","args":[{"element-6066-11e4-a52e-4f735466cecf":"f.4AFCDA83F841BD0157C4E1BB812E2537.d.1350EC5AF275DBEFEE07EC176F11A04F.e.2164","ELEMENT":"f.4AFCDA83F841BD0157C4E1BB812E2537.d.1350EC5AF275DBEFEE07EC176F11A04F.e.2164"}]}
COMMAND: GET /session/8ff87a328fcfa35ca82a4cc6375ae338/screenshot - {}
RESULT: {}
RESULT: {"script":"<script> [5351 bytes]","args":[{"element-6066-11e4-a52e-4f735466cecf":"f.4AFCDA83F841BD0157C4E1BB812E2537.d.1350EC5AF275DBEFEE07EC176F11A04F.e.2164","ELEMENT":"f.4AFCDA83F841BD0157C4E1BB812E2537.d.1350EC5AF275DBEFEE07EC176F11A04F.e.2164"}]}
COMMAND: GET /session/8ff87a328fcfa35ca82a4cc6375ae338/screenshot - {}
RESULT: {}
RESULT: {}
RESULT: undefined
COMMAND: POST /session/8ff87a328fcfa35ca82a4cc6375ae338/element - {"using":"xpath","value":"//*[@id=\"__tile38\"]"}
RESULT: {"using":"xpath","value":"//*[@id=\"__tile38\"]"}
COMMAND: POST /session/8ff87a328fcfa35ca82a4cc6375ae338/element/f.4AFCDA83F841BD0157C4E1BB812E2537.d.1350EC5AF275DBEFEE07EC176F11A04F.e.147/click - {}
RESULT: {}
COMMAND: POST /session/8ff87a328fcfa35ca82a4cc6375ae338/element - {"using":"xpath","value":"//button[@data-kt=\"addButton\"]"}
COMMAND: GET /session/8ff87a328fcfa35ca82a4cc6375ae338/screenshot - {}
RESULT: {"using":"xpath","value":"//button[@data-kt=\"addButton\"]"}
COMMAND: POST /session/8ff87a328fcfa35ca82a4cc6375ae338/elements - {"using":"xpath","value":"//button[@data-kt=\"addButton\"]"}
RESULT: {}
RESULT: {"using":"xpath","value":"//button[@data-kt=\"addButton\"]"}
COMMAND: POST /session/8ff87a328fcfa35ca82a4cc6375ae338/element - {"using":"xpath","value":"//button[@data-kt=\"addButton\"]"}
RESULT: {"using":"xpath","value":"//button[@data-kt=\"addButton\"]"}
COMMAND: POST /session/8ff87a328fcfa35ca82a4cc6375ae338/execute/sync - {"script":"<script> [8489 bytes]","args":[{"element-6066-11e4-a52e-4f735466cecf":"f.4AFCDA83F841BD0157C4E1BB812E2537.d.1350EC5AF275DBEFEE07EC176F11A04F.e.2211","ELEMENT":"f.4AFCDA83F841BD0157C4E1BB812E2537.d.1350EC5AF275DBEFEE07EC176F11A04F.e.2211"}]}
RESULT: {"script":"<script> [8489 bytes]","args":[{"element-6066-11e4-a52e-4f735466cecf":"f.4AFCDA83F841BD0157C4E1BB812E2537.d.1350EC5AF275DBEFEE07EC176F11A04F.e.2211","ELEMENT":"f.4AFCDA83F841BD0157C4E1BB812E2537.d.1350EC5AF275DBEFEE07EC176F11A04F.e.2211"}]}
COMMAND: GET /session/8ff87a328fcfa35ca82a4cc6375ae338/element/f.4AFCDA83F841BD0157C4E1BB812E2537.d.1350EC5AF275DBEFEE07EC176F11A04F.e.2211/enabled - {}
COMMAND: GET /session/8ff87a328fcfa35ca82a4cc6375ae338/screenshot - {}
RESULT: {}
RESULT: {}
COMMAND: POST /session/8ff87a328fcfa35ca82a4cc6375ae338/execute/sync - {"script":"<script> [8489 bytes]","args":[{"element-6066-11e4-a52e-4f735466cecf":"f.4AFCDA83F841BD0157C4E1BB812E2537.d.1350EC5AF275DBEFEE07EC176F11A04F.e.2211","ELEMENT":"f.4AFCDA83F841BD0157C4E1BB812E2537.d.1350EC5AF275DBEFEE07EC176F11A04F.e.2211"}]}
COMMAND: GET /session/8ff87a328fcfa35ca82a4cc6375ae338/screenshot - {}
RESULT: {"script":"<script> [8489 bytes]","args":[{"element-6066-11e4-a52e-4f735466cecf":"f.4AFCDA83F841BD0157C4E1BB812E2537.d.1350EC5AF275DBEFEE07EC176F11A04F.e.2211","ELEMENT":"f.4AFCDA83F841BD0157C4E1BB812E2537.d.1350EC5AF275DBEFEE07EC176F11A04F.e.2211"}]}
COMMAND: POST /session/8ff87a328fcfa35ca82a4cc6375ae338/execute/sync - {"script":"<script> [5351 bytes]","args":[{"element-6066-11e4-a52e-4f735466cecf":"f.4AFCDA83F841BD0157C4E1BB812E2537.d.1350EC5AF275DBEFEE07EC176F11A04F.e.2211","ELEMENT":"f.4AFCDA83F841BD0157C4E1BB812E2537.d.1350EC5AF275DBEFEE07EC176F11A04F.e.2211"}]}
COMMAND: GET /session/8ff87a328fcfa35ca82a4cc6375ae338/screenshot - {}
RESULT: {}
RESULT: {"script":"<script> [5351 bytes]","args":[{"element-6066-11e4-a52e-4f735466cecf":"f.4AFCDA83F841BD0157C4E1BB812E2537.d.1350EC5AF275DBEFEE07EC176F11A04F.e.2211","ELEMENT":"f.4AFCDA83F841BD0157C4E1BB812E2537.d.1350EC5AF275DBEFEE07EC176F11A04F.e.2211"}]}
COMMAND: GET /session/8ff87a328fcfa35ca82a4cc6375ae338/screenshot - {}
RESULT: {}
RESULT: {}
COMMAND: POST /session/8ff87a328fcfa35ca82a4cc6375ae338/execute/async - {"script":"<script> [1562 bytes]","args":[{"selector":{"id":"application-managepartners-display-component---masterPtm--smartFilterBar-btnBasicSearch","interaction":{"idSuffix":"I"}},"wdio_ui5_key":"applicationmanagepartners-display-component---masterPtm--smartFilterBar-btnBasicSearch"}]}
RESULT: {"script":"<script> [1562 bytes]","args":[{"selector":{"id":"application-managepartners-display-component---masterPtm--smartFilterBar-btnBasicSearch","interaction":{"idSuffix":"I"}},"wdio_ui5_key":"applicationmanagepartners-display-component---masterPtm--smartFilterBar-btnBasicSearch"}]}
RESULT: undefined
COMMAND: POST /session/8ff87a328fcfa35ca82a4cc6375ae338/execute/async - {"script":"<script> [776 bytes]","args":[{"enterText":"1424","selector":{"id":"application-managepartners-display-component---masterPtm--smartFilterBar-btnBasicSearch","interaction":{"idSuffix":"I"}},"clearTextFirst":true,"interactionType":"ENTER_TEXT"}]}
RESULT: {"script":"<script> [776 bytes]","args":[{"enterText":"1424","selector":{"id":"application-managepartners-display-component---masterPtm--smartFilterBar-btnBasicSearch","interaction":{"idSuffix":"I"}},"clearTextFirst":true,"interactionType":"ENTER_TEXT"}]}
COMMAND: POST /session/8ff87a328fcfa35ca82a4cc6375ae338/actions - {"actions":[{"id":"action4","type":"key","parameters":{},"actions":[{"type":"keyDown","value":"î€‡"},{"type":"pause","duration":10},{"type":"keyUp","value":"î€‡"}]}]}
RESULT: {"actions":[{"id":"action4","type":"key","parameters":{},"actions":[{"type":"keyDown","value":"î€‡"},{"type":"pause","duration":10},{"type":"keyUp","value":"î€‡"}]}]}
COMMAND: GET /session/8ff87a328fcfa35ca82a4cc6375ae338/screenshot - {}
RESULT: {}
COMMAND: POST /session/8ff87a328fcfa35ca82a4cc6375ae338/elements - {"using":"xpath","value":"//table[contains(@id, \"customPartnersTable-listUl\")]/tbody/tr"}
RESULT: {"using":"xpath","value":"//table[contains(@id, \"customPartnersTable-listUl\")]/tbody/tr"}
COMMAND: POST /session/8ff87a328fcfa35ca82a4cc6375ae338/element - {"using":"xpath","value":"//table[contains(@id, \"customPartnersTable-listUl\")]/tbody/tr[1]/td[3]/span"}
RESULT: {"using":"xpath","value":"//table[contains(@id, \"customPartnersTable-listUl\")]/tbody/tr[1]/td[3]/span"}
COMMAND: POST /session/8ff87a328fcfa35ca82a4cc6375ae338/elements - {"using":"xpath","value":"//table[contains(@id, \"customPartnersTable-listUl\")]/tbody/tr[1]/td[3]/span"}
RESULT: {"using":"xpath","value":"//table[contains(@id, \"customPartnersTable-listUl\")]/tbody/tr[1]/td[3]/span"}
COMMAND: POST /session/8ff87a328fcfa35ca82a4cc6375ae338/execute/sync - {"script":"<script> [56 bytes]","args":[{"element-6066-11e4-a52e-4f735466cecf":"f.4AFCDA83F841BD0157C4E1BB812E2537.d.1350EC5AF275DBEFEE07EC176F11A04F.e.2350","ELEMENT":"f.4AFCDA83F841BD0157C4E1BB812E2537.d.1350EC5AF275DBEFEE07EC176F11A04F.e.2350"}]}
RESULT: {"script":"<script> [56 bytes]","args":[{"element-6066-11e4-a52e-4f735466cecf":"f.4AFCDA83F841BD0157C4E1BB812E2537.d.1350EC5AF275DBEFEE07EC176F11A04F.e.2350","ELEMENT":"f.4AFCDA83F841BD0157C4E1BB812E2537.d.1350EC5AF275DBEFEE07EC176F11A04F.e.2350"}]}
COMMAND: POST /session/8ff87a328fcfa35ca82a4cc6375ae338/element - {"using":"xpath","value":"//table[contains(@id, \"customPartnersTable-listUl\")]/tbody/tr[1]/td[7]/div/span"}
COMMAND: GET /session/8ff87a328fcfa35ca82a4cc6375ae338/screenshot - {}
RESULT: {"using":"xpath","value":"//table[contains(@id, \"customPartnersTable-listUl\")]/tbody/tr[1]/td[7]/div/span"}
COMMAND: POST /session/8ff87a328fcfa35ca82a4cc6375ae338/execute/sync - {"script":"<script> [56 bytes]","args":[{"element-6066-11e4-a52e-4f735466cecf":"f.4AFCDA83F841BD0157C4E1BB812E2537.d.1350EC5AF275DBEFEE07EC176F11A04F.e.2351","ELEMENT":"f.4AFCDA83F841BD0157C4E1BB812E2537.d.1350EC5AF275DBEFEE07EC176F11A04F.e.2351"}]}
RESULT: {}
RESULT: {"script":"<script> [56 bytes]","args":[{"element-6066-11e4-a52e-4f735466cecf":"f.4AFCDA83F841BD0157C4E1BB812E2537.d.1350EC5AF275DBEFEE07EC176F11A04F.e.2351","ELEMENT":"f.4AFCDA83F841BD0157C4E1BB812E2537.d.1350EC5AF275DBEFEE07EC176F11A04F.e.2351"}]}
COMMAND: POST /session/8ff87a328fcfa35ca82a4cc6375ae338/element - {"using":"xpath","value":"//table[contains(@id, \"customPartnersTable-listUl\")]/tbody/tr[1]/td[2]/div/div"}
COMMAND: GET /session/8ff87a328fcfa35ca82a4cc6375ae338/screenshot - {}
RESULT: {"using":"xpath","value":"//table[contains(@id, \"customPartnersTable-listUl\")]/tbody/tr[1]/td[2]/div/div"}
COMMAND: POST /session/8ff87a328fcfa35ca82a4cc6375ae338/element/f.4AFCDA83F841BD0157C4E1BB812E2537.d.1350EC5AF275DBEFEE07EC176F11A04F.e.2352/click - {}
RESULT: {}
RESULT: {}
COMMAND: GET /session/8ff87a328fcfa35ca82a4cc6375ae338/screenshot - {}
RESULT: {}
COMMAND: POST /session/8ff87a328fcfa35ca82a4cc6375ae338/element - {"using":"xpath","value":"//bdi[contains(text(), \"Deactivate\")]"}
RESULT: {"using":"xpath","value":"//bdi[contains(text(), \"Deactivate\")]"}
COMMAND: POST /session/8ff87a328fcfa35ca82a4cc6375ae338/element/f.4AFCDA83F841BD0157C4E1BB812E2537.d.1350EC5AF275DBEFEE07EC176F11A04F.e.2353/click - {}
RESULT: {}
COMMAND: GET /session/8ff87a328fcfa35ca82a4cc6375ae338/screenshot - {}
RESULT: {}
COMMAND: POST /session/8ff87a328fcfa35ca82a4cc6375ae338/element - {"using":"xpath","value":"//bdi[contains(text(), \"Yes\")]"}
RESULT: {"using":"xpath","value":"//bdi[contains(text(), \"Yes\")]"}
COMMAND: POST /session/8ff87a328fcfa35ca82a4cc6375ae338/element/f.4AFCDA83F841BD0157C4E1BB812E2537.d.1350EC5AF275DBEFEE07EC176F11A04F.e.2355/click - {}
RESULT: {}
COMMAND: GET /session/8ff87a328fcfa35ca82a4cc6375ae338/screenshot - {}
RESULT: {}
COMMAND: POST /session/8ff87a328fcfa35ca82a4cc6375ae338/element - {"using":"xpath","value":"//table[contains(@id, \"customPartnersTable-listUl\")]/tbody/tr[1]/td[7]/div/span"}
RESULT: {"using":"xpath","value":"//table[contains(@id, \"customPartnersTable-listUl\")]/tbody/tr[1]/td[7]/div/span"}
COMMAND: POST /session/8ff87a328fcfa35ca82a4cc6375ae338/execute/sync - {"script":"<script> [56 bytes]","args":[{"element-6066-11e4-a52e-4f735466cecf":"f.4AFCDA83F841BD0157C4E1BB812E2537.d.1350EC5AF275DBEFEE07EC176F11A04F.e.2351","ELEMENT":"f.4AFCDA83F841BD0157C4E1BB812E2537.d.1350EC5AF275DBEFEE07EC176F11A04F.e.2351"}]}
RESULT: {"script":"<script> [56 bytes]","args":[{"element-6066-11e4-a52e-4f735466cecf":"f.4AFCDA83F841BD0157C4E1BB812E2537.d.1350EC5AF275DBEFEE07EC176F11A04F.e.2351","ELEMENT":"f.4AFCDA83F841BD0157C4E1BB812E2537.d.1350EC5AF275DBEFEE07EC176F11A04F.e.2351"}]}
COMMAND: GET /session/8ff87a328fcfa35ca82a4cc6375ae338/screenshot - {}
RESULT: {}
COMMAND: POST /session/8ff87a328fcfa35ca82a4cc6375ae338/element - {"using":"css selector","value":"#shell-header-logo"}
RESULT: {"using":"css selector","value":"#shell-header-logo"}
COMMAND: POST /session/8ff87a328fcfa35ca82a4cc6375ae338/element/f.4AFCDA83F841BD0157C4E1BB812E2537.d.1350EC5AF275DBEFEE07EC176F11A04F.e.2164/click - {}
RESULT: {}
COMMAND: GET /session/8ff87a328fcfa35ca82a4cc6375ae338/screenshot - {}
RESULT: {}
]]></system-out>
    </testcase>
    <testcase classname="chrome.135_0_7049_96.windows.Partner_specific_tests_US150819_US151080_US151654_US151176_US103444_US151078_US151079_US151109_US151174_US151175_US151189" name="Should activate the created partner again US151176" time="56.116">
      <system-out><![CDATA[
COMMAND: POST /session/8ff87a328fcfa35ca82a4cc6375ae338/element - {"using":"xpath","value":"//li[.//span[text()=\"Manage Partners\"]]"}
RESULT: {"using":"xpath","value":"//li[.//span[text()=\"Manage Partners\"]]"}
COMMAND: POST /session/8ff87a328fcfa35ca82a4cc6375ae338/element - {"using":"xpath","value":"//li[.//span[text()=\"Manage Partners\"]]"}
RESULT: {"using":"xpath","value":"//li[.//span[text()=\"Manage Partners\"]]"}
COMMAND: POST /session/8ff87a328fcfa35ca82a4cc6375ae338/element - {"using":"css selector","value":"#shell-header-logo"}
RESULT: {"using":"css selector","value":"#shell-header-logo"}
COMMAND: POST /session/8ff87a328fcfa35ca82a4cc6375ae338/element/f.4AFCDA83F841BD0157C4E1BB812E2537.d.1350EC5AF275DBEFEE07EC176F11A04F.e.2359/click - {}
COMMAND: POST /session/8ff87a328fcfa35ca82a4cc6375ae338/execute/sync - {"script":"<script> [8489 bytes]","args":[{"element-6066-11e4-a52e-4f735466cecf":"f.4AFCDA83F841BD0157C4E1BB812E2537.d.1350EC5AF275DBEFEE07EC176F11A04F.e.2359","ELEMENT":"f.4AFCDA83F841BD0157C4E1BB812E2537.d.1350EC5AF275DBEFEE07EC176F11A04F.e.2359"}]}
RESULT: {"script":"<script> [8489 bytes]","args":[{"element-6066-11e4-a52e-4f735466cecf":"f.4AFCDA83F841BD0157C4E1BB812E2537.d.1350EC5AF275DBEFEE07EC176F11A04F.e.2359","ELEMENT":"f.4AFCDA83F841BD0157C4E1BB812E2537.d.1350EC5AF275DBEFEE07EC176F11A04F.e.2359"}]}
COMMAND: POST /session/8ff87a328fcfa35ca82a4cc6375ae338/execute/sync - {"script":"<script> [5351 bytes]","args":[{"element-6066-11e4-a52e-4f735466cecf":"f.4AFCDA83F841BD0157C4E1BB812E2537.d.1350EC5AF275DBEFEE07EC176F11A04F.e.2359","ELEMENT":"f.4AFCDA83F841BD0157C4E1BB812E2537.d.1350EC5AF275DBEFEE07EC176F11A04F.e.2359"}]}
COMMAND: GET /session/8ff87a328fcfa35ca82a4cc6375ae338/screenshot - {}
RESULT: {}
COMMAND: GET /session/8ff87a328fcfa35ca82a4cc6375ae338/screenshot - {}
RESULT: {"script":"<script> [5351 bytes]","args":[{"element-6066-11e4-a52e-4f735466cecf":"f.4AFCDA83F841BD0157C4E1BB812E2537.d.1350EC5AF275DBEFEE07EC176F11A04F.e.2359","ELEMENT":"f.4AFCDA83F841BD0157C4E1BB812E2537.d.1350EC5AF275DBEFEE07EC176F11A04F.e.2359"}]}
COMMAND: GET /session/8ff87a328fcfa35ca82a4cc6375ae338/screenshot - {}
RESULT: {}
RESULT: {}
RESULT: {}
RESULT: undefined
COMMAND: POST /session/8ff87a328fcfa35ca82a4cc6375ae338/element - {"using":"xpath","value":"//*[@id=\"__tile38\"]"}
RESULT: {"using":"xpath","value":"//*[@id=\"__tile38\"]"}
COMMAND: POST /session/8ff87a328fcfa35ca82a4cc6375ae338/element/f.4AFCDA83F841BD0157C4E1BB812E2537.d.1350EC5AF275DBEFEE07EC176F11A04F.e.147/click - {}
RESULT: {}
COMMAND: POST /session/8ff87a328fcfa35ca82a4cc6375ae338/element - {"using":"xpath","value":"//button[@data-kt=\"addButton\"]"}
COMMAND: GET /session/8ff87a328fcfa35ca82a4cc6375ae338/screenshot - {}
RESULT: {"using":"xpath","value":"//button[@data-kt=\"addButton\"]"}
COMMAND: POST /session/8ff87a328fcfa35ca82a4cc6375ae338/elements - {"using":"xpath","value":"//button[@data-kt=\"addButton\"]"}
RESULT: {}
RESULT: {"using":"xpath","value":"//button[@data-kt=\"addButton\"]"}
COMMAND: POST /session/8ff87a328fcfa35ca82a4cc6375ae338/execute/sync - {"script":"<script> [8489 bytes]","args":[{"element-6066-11e4-a52e-4f735466cecf":"f.4AFCDA83F841BD0157C4E1BB812E2537.d.1350EC5AF275DBEFEE07EC176F11A04F.e.2404","ELEMENT":"f.4AFCDA83F841BD0157C4E1BB812E2537.d.1350EC5AF275DBEFEE07EC176F11A04F.e.2404"}]}
RESULT: {"script":"<script> [8489 bytes]","args":[{"element-6066-11e4-a52e-4f735466cecf":"f.4AFCDA83F841BD0157C4E1BB812E2537.d.1350EC5AF275DBEFEE07EC176F11A04F.e.2404","ELEMENT":"f.4AFCDA83F841BD0157C4E1BB812E2537.d.1350EC5AF275DBEFEE07EC176F11A04F.e.2404"}]}
COMMAND: GET /session/8ff87a328fcfa35ca82a4cc6375ae338/element/f.4AFCDA83F841BD0157C4E1BB812E2537.d.1350EC5AF275DBEFEE07EC176F11A04F.e.2404/enabled - {}
COMMAND: GET /session/8ff87a328fcfa35ca82a4cc6375ae338/screenshot - {}
RESULT: {}
COMMAND: POST /session/8ff87a328fcfa35ca82a4cc6375ae338/execute/sync - {"script":"<script> [8489 bytes]","args":[{"element-6066-11e4-a52e-4f735466cecf":"f.4AFCDA83F841BD0157C4E1BB812E2537.d.1350EC5AF275DBEFEE07EC176F11A04F.e.2404","ELEMENT":"f.4AFCDA83F841BD0157C4E1BB812E2537.d.1350EC5AF275DBEFEE07EC176F11A04F.e.2404"}]}
COMMAND: GET /session/8ff87a328fcfa35ca82a4cc6375ae338/screenshot - {}
RESULT: {}
RESULT: {"script":"<script> [8489 bytes]","args":[{"element-6066-11e4-a52e-4f735466cecf":"f.4AFCDA83F841BD0157C4E1BB812E2537.d.1350EC5AF275DBEFEE07EC176F11A04F.e.2404","ELEMENT":"f.4AFCDA83F841BD0157C4E1BB812E2537.d.1350EC5AF275DBEFEE07EC176F11A04F.e.2404"}]}
COMMAND: POST /session/8ff87a328fcfa35ca82a4cc6375ae338/execute/sync - {"script":"<script> [5351 bytes]","args":[{"element-6066-11e4-a52e-4f735466cecf":"f.4AFCDA83F841BD0157C4E1BB812E2537.d.1350EC5AF275DBEFEE07EC176F11A04F.e.2404","ELEMENT":"f.4AFCDA83F841BD0157C4E1BB812E2537.d.1350EC5AF275DBEFEE07EC176F11A04F.e.2404"}]}
COMMAND: GET /session/8ff87a328fcfa35ca82a4cc6375ae338/screenshot - {}
RESULT: {}
RESULT: {"script":"<script> [5351 bytes]","args":[{"element-6066-11e4-a52e-4f735466cecf":"f.4AFCDA83F841BD0157C4E1BB812E2537.d.1350EC5AF275DBEFEE07EC176F11A04F.e.2404","ELEMENT":"f.4AFCDA83F841BD0157C4E1BB812E2537.d.1350EC5AF275DBEFEE07EC176F11A04F.e.2404"}]}
COMMAND: GET /session/8ff87a328fcfa35ca82a4cc6375ae338/screenshot - {}
RESULT: {}
RESULT: {}
RESULT: undefined
COMMAND: POST /session/8ff87a328fcfa35ca82a4cc6375ae338/execute/async - {"script":"<script> [776 bytes]","args":[{"enterText":"1424","selector":{"id":"application-managepartners-display-component---masterPtm--smartFilterBar-btnBasicSearch","interaction":{"idSuffix":"I"}},"clearTextFirst":true,"interactionType":"ENTER_TEXT"}]}
RESULT: {"script":"<script> [776 bytes]","args":[{"enterText":"1424","selector":{"id":"application-managepartners-display-component---masterPtm--smartFilterBar-btnBasicSearch","interaction":{"idSuffix":"I"}},"clearTextFirst":true,"interactionType":"ENTER_TEXT"}]}
COMMAND: POST /session/8ff87a328fcfa35ca82a4cc6375ae338/actions - {"actions":[{"id":"action5","type":"key","parameters":{},"actions":[{"type":"keyDown","value":"î€‡"},{"type":"pause","duration":10},{"type":"keyUp","value":"î€‡"}]}]}
RESULT: {"actions":[{"id":"action5","type":"key","parameters":{},"actions":[{"type":"keyDown","value":"î€‡"},{"type":"pause","duration":10},{"type":"keyUp","value":"î€‡"}]}]}
COMMAND: GET /session/8ff87a328fcfa35ca82a4cc6375ae338/screenshot - {}
RESULT: {}
COMMAND: POST /session/8ff87a328fcfa35ca82a4cc6375ae338/elements - {"using":"xpath","value":"//table[contains(@id, \"customPartnersTable-listUl\")]/tbody/tr"}
RESULT: {"using":"xpath","value":"//table[contains(@id, \"customPartnersTable-listUl\")]/tbody/tr"}
COMMAND: POST /session/8ff87a328fcfa35ca82a4cc6375ae338/element - {"using":"xpath","value":"//table[contains(@id, \"customPartnersTable-listUl\")]/tbody/tr[1]/td[3]/span"}
RESULT: {"using":"xpath","value":"//table[contains(@id, \"customPartnersTable-listUl\")]/tbody/tr[1]/td[3]/span"}
COMMAND: POST /session/8ff87a328fcfa35ca82a4cc6375ae338/elements - {"using":"xpath","value":"//table[contains(@id, \"customPartnersTable-listUl\")]/tbody/tr[1]/td[3]/span"}
RESULT: {"using":"xpath","value":"//table[contains(@id, \"customPartnersTable-listUl\")]/tbody/tr[1]/td[3]/span"}
COMMAND: POST /session/8ff87a328fcfa35ca82a4cc6375ae338/execute/sync - {"script":"<script> [56 bytes]","args":[{"element-6066-11e4-a52e-4f735466cecf":"f.4AFCDA83F841BD0157C4E1BB812E2537.d.1350EC5AF275DBEFEE07EC176F11A04F.e.2541","ELEMENT":"f.4AFCDA83F841BD0157C4E1BB812E2537.d.1350EC5AF275DBEFEE07EC176F11A04F.e.2541"}]}
RESULT: {"script":"<script> [56 bytes]","args":[{"element-6066-11e4-a52e-4f735466cecf":"f.4AFCDA83F841BD0157C4E1BB812E2537.d.1350EC5AF275DBEFEE07EC176F11A04F.e.2541","ELEMENT":"f.4AFCDA83F841BD0157C4E1BB812E2537.d.1350EC5AF275DBEFEE07EC176F11A04F.e.2541"}]}
COMMAND: POST /session/8ff87a328fcfa35ca82a4cc6375ae338/element - {"using":"xpath","value":"//table[contains(@id, \"customPartnersTable-listUl\")]/tbody/tr[1]/td[7]/div/span"}
COMMAND: GET /session/8ff87a328fcfa35ca82a4cc6375ae338/screenshot - {}
RESULT: {"using":"xpath","value":"//table[contains(@id, \"customPartnersTable-listUl\")]/tbody/tr[1]/td[7]/div/span"}
COMMAND: POST /session/8ff87a328fcfa35ca82a4cc6375ae338/execute/sync - {"script":"<script> [56 bytes]","args":[{"element-6066-11e4-a52e-4f735466cecf":"f.4AFCDA83F841BD0157C4E1BB812E2537.d.1350EC5AF275DBEFEE07EC176F11A04F.e.2542","ELEMENT":"f.4AFCDA83F841BD0157C4E1BB812E2537.d.1350EC5AF275DBEFEE07EC176F11A04F.e.2542"}]}
RESULT: {}
RESULT: {"script":"<script> [56 bytes]","args":[{"element-6066-11e4-a52e-4f735466cecf":"f.4AFCDA83F841BD0157C4E1BB812E2537.d.1350EC5AF275DBEFEE07EC176F11A04F.e.2542","ELEMENT":"f.4AFCDA83F841BD0157C4E1BB812E2537.d.1350EC5AF275DBEFEE07EC176F11A04F.e.2542"}]}
COMMAND: POST /session/8ff87a328fcfa35ca82a4cc6375ae338/element - {"using":"xpath","value":"//table[contains(@id, \"customPartnersTable-listUl\")]/tbody/tr[1]/td[2]/div/div"}
COMMAND: GET /session/8ff87a328fcfa35ca82a4cc6375ae338/screenshot - {}
RESULT: {"using":"xpath","value":"//table[contains(@id, \"customPartnersTable-listUl\")]/tbody/tr[1]/td[2]/div/div"}
COMMAND: POST /session/8ff87a328fcfa35ca82a4cc6375ae338/element/f.4AFCDA83F841BD0157C4E1BB812E2537.d.1350EC5AF275DBEFEE07EC176F11A04F.e.2543/click - {}
RESULT: {}
RESULT: {}
COMMAND: GET /session/8ff87a328fcfa35ca82a4cc6375ae338/screenshot - {}
RESULT: {}
COMMAND: POST /session/8ff87a328fcfa35ca82a4cc6375ae338/element - {"using":"xpath","value":"//bdi[contains(text(), \"Activate\")]"}
RESULT: {"using":"xpath","value":"//bdi[contains(text(), \"Activate\")]"}
COMMAND: POST /session/8ff87a328fcfa35ca82a4cc6375ae338/element/f.4AFCDA83F841BD0157C4E1BB812E2537.d.1350EC5AF275DBEFEE07EC176F11A04F.e.2544/click - {}
RESULT: {}
COMMAND: GET /session/8ff87a328fcfa35ca82a4cc6375ae338/screenshot - {}
RESULT: {}
COMMAND: POST /session/8ff87a328fcfa35ca82a4cc6375ae338/element - {"using":"xpath","value":"//bdi[contains(text(), \"Yes\")]"}
RESULT: {"using":"xpath","value":"//bdi[contains(text(), \"Yes\")]"}
COMMAND: POST /session/8ff87a328fcfa35ca82a4cc6375ae338/element/f.4AFCDA83F841BD0157C4E1BB812E2537.d.1350EC5AF275DBEFEE07EC176F11A04F.e.2546/click - {}
RESULT: {}
COMMAND: GET /session/8ff87a328fcfa35ca82a4cc6375ae338/screenshot - {}
RESULT: {}
COMMAND: POST /session/8ff87a328fcfa35ca82a4cc6375ae338/element - {"using":"xpath","value":"//table[contains(@id, \"customPartnersTable-listUl\")]/tbody/tr[1]/td[7]/div/span"}
RESULT: {"using":"xpath","value":"//table[contains(@id, \"customPartnersTable-listUl\")]/tbody/tr[1]/td[7]/div/span"}
COMMAND: POST /session/8ff87a328fcfa35ca82a4cc6375ae338/execute/sync - {"script":"<script> [56 bytes]","args":[{"element-6066-11e4-a52e-4f735466cecf":"f.4AFCDA83F841BD0157C4E1BB812E2537.d.1350EC5AF275DBEFEE07EC176F11A04F.e.2542","ELEMENT":"f.4AFCDA83F841BD0157C4E1BB812E2537.d.1350EC5AF275DBEFEE07EC176F11A04F.e.2542"}]}
RESULT: {"script":"<script> [56 bytes]","args":[{"element-6066-11e4-a52e-4f735466cecf":"f.4AFCDA83F841BD0157C4E1BB812E2537.d.1350EC5AF275DBEFEE07EC176F11A04F.e.2542","ELEMENT":"f.4AFCDA83F841BD0157C4E1BB812E2537.d.1350EC5AF275DBEFEE07EC176F11A04F.e.2542"}]}
COMMAND: GET /session/8ff87a328fcfa35ca82a4cc6375ae338/screenshot - {}
RESULT: {}
COMMAND: POST /session/8ff87a328fcfa35ca82a4cc6375ae338/element - {"using":"css selector","value":"#shell-header-logo"}
RESULT: {"using":"css selector","value":"#shell-header-logo"}
COMMAND: POST /session/8ff87a328fcfa35ca82a4cc6375ae338/element/f.4AFCDA83F841BD0157C4E1BB812E2537.d.1350EC5AF275DBEFEE07EC176F11A04F.e.2359/click - {}
RESULT: {}
COMMAND: GET /session/8ff87a328fcfa35ca82a4cc6375ae338/screenshot - {}
RESULT: {}
]]></system-out>
    </testcase>
    <testcase classname="chrome.135_0_7049_96.windows.Partner_specific_tests_US150819_US151080_US151654_US151176_US103444_US151078_US151079_US151109_US151174_US151175_US151189" name="Should edit the created external partner and save it and check its content US103444" time="66.256">
      <system-out><![CDATA[
COMMAND: POST /session/8ff87a328fcfa35ca82a4cc6375ae338/element - {"using":"xpath","value":"//li[.//span[text()=\"Manage Partners\"]]"}
RESULT: {"using":"xpath","value":"//li[.//span[text()=\"Manage Partners\"]]"}
COMMAND: POST /session/8ff87a328fcfa35ca82a4cc6375ae338/element - {"using":"xpath","value":"//li[.//span[text()=\"Manage Partners\"]]"}
RESULT: {"using":"xpath","value":"//li[.//span[text()=\"Manage Partners\"]]"}
COMMAND: POST /session/8ff87a328fcfa35ca82a4cc6375ae338/element - {"using":"css selector","value":"#shell-header-logo"}
RESULT: {"using":"css selector","value":"#shell-header-logo"}
COMMAND: POST /session/8ff87a328fcfa35ca82a4cc6375ae338/element/f.4AFCDA83F841BD0157C4E1BB812E2537.d.1350EC5AF275DBEFEE07EC176F11A04F.e.2550/click - {}
COMMAND: POST /session/8ff87a328fcfa35ca82a4cc6375ae338/execute/sync - {"script":"<script> [8489 bytes]","args":[{"element-6066-11e4-a52e-4f735466cecf":"f.4AFCDA83F841BD0157C4E1BB812E2537.d.1350EC5AF275DBEFEE07EC176F11A04F.e.2550","ELEMENT":"f.4AFCDA83F841BD0157C4E1BB812E2537.d.1350EC5AF275DBEFEE07EC176F11A04F.e.2550"}]}
RESULT: {"script":"<script> [8489 bytes]","args":[{"element-6066-11e4-a52e-4f735466cecf":"f.4AFCDA83F841BD0157C4E1BB812E2537.d.1350EC5AF275DBEFEE07EC176F11A04F.e.2550","ELEMENT":"f.4AFCDA83F841BD0157C4E1BB812E2537.d.1350EC5AF275DBEFEE07EC176F11A04F.e.2550"}]}
COMMAND: POST /session/8ff87a328fcfa35ca82a4cc6375ae338/execute/sync - {"script":"<script> [5351 bytes]","args":[{"element-6066-11e4-a52e-4f735466cecf":"f.4AFCDA83F841BD0157C4E1BB812E2537.d.1350EC5AF275DBEFEE07EC176F11A04F.e.2550","ELEMENT":"f.4AFCDA83F841BD0157C4E1BB812E2537.d.1350EC5AF275DBEFEE07EC176F11A04F.e.2550"}]}
COMMAND: GET /session/8ff87a328fcfa35ca82a4cc6375ae338/screenshot - {}
RESULT: {}
COMMAND: GET /session/8ff87a328fcfa35ca82a4cc6375ae338/screenshot - {}
RESULT: {"script":"<script> [5351 bytes]","args":[{"element-6066-11e4-a52e-4f735466cecf":"f.4AFCDA83F841BD0157C4E1BB812E2537.d.1350EC5AF275DBEFEE07EC176F11A04F.e.2550","ELEMENT":"f.4AFCDA83F841BD0157C4E1BB812E2537.d.1350EC5AF275DBEFEE07EC176F11A04F.e.2550"}]}
COMMAND: GET /session/8ff87a328fcfa35ca82a4cc6375ae338/screenshot - {}
RESULT: {}
RESULT: {}
RESULT: {}
RESULT: undefined
COMMAND: POST /session/8ff87a328fcfa35ca82a4cc6375ae338/element - {"using":"xpath","value":"//*[@id=\"__tile38\"]"}
RESULT: {"using":"xpath","value":"//*[@id=\"__tile38\"]"}
COMMAND: POST /session/8ff87a328fcfa35ca82a4cc6375ae338/element/f.4AFCDA83F841BD0157C4E1BB812E2537.d.1350EC5AF275DBEFEE07EC176F11A04F.e.147/click - {}
RESULT: {}
COMMAND: POST /session/8ff87a328fcfa35ca82a4cc6375ae338/element - {"using":"xpath","value":"//button[@data-kt=\"addButton\"]"}
COMMAND: GET /session/8ff87a328fcfa35ca82a4cc6375ae338/screenshot - {}
RESULT: {"using":"xpath","value":"//button[@data-kt=\"addButton\"]"}
COMMAND: POST /session/8ff87a328fcfa35ca82a4cc6375ae338/elements - {"using":"xpath","value":"//button[@data-kt=\"addButton\"]"}
RESULT: {}
RESULT: {"using":"xpath","value":"//button[@data-kt=\"addButton\"]"}
COMMAND: POST /session/8ff87a328fcfa35ca82a4cc6375ae338/elements - {"using":"xpath","value":"//button[@data-kt=\"addButton\"]"}
RESULT: {"using":"xpath","value":"//button[@data-kt=\"addButton\"]"}
COMMAND: POST /session/8ff87a328fcfa35ca82a4cc6375ae338/element - {"using":"xpath","value":"//button[@data-kt=\"addButton\"]"}
RESULT: {"using":"xpath","value":"//button[@data-kt=\"addButton\"]"}
COMMAND: POST /session/8ff87a328fcfa35ca82a4cc6375ae338/execute/sync - {"script":"<script> [8489 bytes]","args":[{"element-6066-11e4-a52e-4f735466cecf":"f.4AFCDA83F841BD0157C4E1BB812E2537.d.1350EC5AF275DBEFEE07EC176F11A04F.e.2585","ELEMENT":"f.4AFCDA83F841BD0157C4E1BB812E2537.d.1350EC5AF275DBEFEE07EC176F11A04F.e.2585"}]}
RESULT: {"script":"<script> [8489 bytes]","args":[{"element-6066-11e4-a52e-4f735466cecf":"f.4AFCDA83F841BD0157C4E1BB812E2537.d.1350EC5AF275DBEFEE07EC176F11A04F.e.2585","ELEMENT":"f.4AFCDA83F841BD0157C4E1BB812E2537.d.1350EC5AF275DBEFEE07EC176F11A04F.e.2585"}]}
COMMAND: GET /session/8ff87a328fcfa35ca82a4cc6375ae338/element/f.4AFCDA83F841BD0157C4E1BB812E2537.d.1350EC5AF275DBEFEE07EC176F11A04F.e.2585/enabled - {}
COMMAND: GET /session/8ff87a328fcfa35ca82a4cc6375ae338/screenshot - {}
RESULT: {}
COMMAND: POST /session/8ff87a328fcfa35ca82a4cc6375ae338/execute/sync - {"script":"<script> [8489 bytes]","args":[{"element-6066-11e4-a52e-4f735466cecf":"f.4AFCDA83F841BD0157C4E1BB812E2537.d.1350EC5AF275DBEFEE07EC176F11A04F.e.2585","ELEMENT":"f.4AFCDA83F841BD0157C4E1BB812E2537.d.1350EC5AF275DBEFEE07EC176F11A04F.e.2585"}]}
COMMAND: GET /session/8ff87a328fcfa35ca82a4cc6375ae338/screenshot - {}
RESULT: {}
RESULT: {"script":"<script> [8489 bytes]","args":[{"element-6066-11e4-a52e-4f735466cecf":"f.4AFCDA83F841BD0157C4E1BB812E2537.d.1350EC5AF275DBEFEE07EC176F11A04F.e.2585","ELEMENT":"f.4AFCDA83F841BD0157C4E1BB812E2537.d.1350EC5AF275DBEFEE07EC176F11A04F.e.2585"}]}
COMMAND: POST /session/8ff87a328fcfa35ca82a4cc6375ae338/execute/sync - {"script":"<script> [5351 bytes]","args":[{"element-6066-11e4-a52e-4f735466cecf":"f.4AFCDA83F841BD0157C4E1BB812E2537.d.1350EC5AF275DBEFEE07EC176F11A04F.e.2585","ELEMENT":"f.4AFCDA83F841BD0157C4E1BB812E2537.d.1350EC5AF275DBEFEE07EC176F11A04F.e.2585"}]}
COMMAND: GET /session/8ff87a328fcfa35ca82a4cc6375ae338/screenshot - {}
RESULT: {}
RESULT: {"script":"<script> [5351 bytes]","args":[{"element-6066-11e4-a52e-4f735466cecf":"f.4AFCDA83F841BD0157C4E1BB812E2537.d.1350EC5AF275DBEFEE07EC176F11A04F.e.2585","ELEMENT":"f.4AFCDA83F841BD0157C4E1BB812E2537.d.1350EC5AF275DBEFEE07EC176F11A04F.e.2585"}]}
COMMAND: GET /session/8ff87a328fcfa35ca82a4cc6375ae338/screenshot - {}
RESULT: {}
RESULT: {}
RESULT: undefined
COMMAND: POST /session/8ff87a328fcfa35ca82a4cc6375ae338/execute/async - {"script":"<script> [776 bytes]","args":[{"enterText":"1424","selector":{"id":"application-managepartners-display-component---masterPtm--smartFilterBar-btnBasicSearch","interaction":{"idSuffix":"I"}},"clearTextFirst":true,"interactionType":"ENTER_TEXT"}]}
RESULT: {"script":"<script> [776 bytes]","args":[{"enterText":"1424","selector":{"id":"application-managepartners-display-component---masterPtm--smartFilterBar-btnBasicSearch","interaction":{"idSuffix":"I"}},"clearTextFirst":true,"interactionType":"ENTER_TEXT"}]}
COMMAND: POST /session/8ff87a328fcfa35ca82a4cc6375ae338/actions - {"actions":[{"id":"action6","type":"key","parameters":{},"actions":[{"type":"keyDown","value":"î€‡"},{"type":"pause","duration":10},{"type":"keyUp","value":"î€‡"}]}]}
RESULT: {"actions":[{"id":"action6","type":"key","parameters":{},"actions":[{"type":"keyDown","value":"î€‡"},{"type":"pause","duration":10},{"type":"keyUp","value":"î€‡"}]}]}
COMMAND: GET /session/8ff87a328fcfa35ca82a4cc6375ae338/screenshot - {}
RESULT: {}
COMMAND: POST /session/8ff87a328fcfa35ca82a4cc6375ae338/elements - {"using":"xpath","value":"//table[contains(@id, \"customPartnersTable-listUl\")]/tbody/tr"}
RESULT: {"using":"xpath","value":"//table[contains(@id, \"customPartnersTable-listUl\")]/tbody/tr"}
COMMAND: POST /session/8ff87a328fcfa35ca82a4cc6375ae338/element - {"using":"xpath","value":"//table[contains(@id, \"customPartnersTable-listUl\")]/tbody/tr[1]/td[3]/span"}
RESULT: {"using":"xpath","value":"//table[contains(@id, \"customPartnersTable-listUl\")]/tbody/tr[1]/td[3]/span"}
COMMAND: POST /session/8ff87a328fcfa35ca82a4cc6375ae338/elements - {"using":"xpath","value":"//table[contains(@id, \"customPartnersTable-listUl\")]/tbody/tr[1]/td[3]/span"}
RESULT: {"using":"xpath","value":"//table[contains(@id, \"customPartnersTable-listUl\")]/tbody/tr[1]/td[3]/span"}
COMMAND: POST /session/8ff87a328fcfa35ca82a4cc6375ae338/execute/sync - {"script":"<script> [56 bytes]","args":[{"element-6066-11e4-a52e-4f735466cecf":"f.4AFCDA83F841BD0157C4E1BB812E2537.d.1350EC5AF275DBEFEE07EC176F11A04F.e.2732","ELEMENT":"f.4AFCDA83F841BD0157C4E1BB812E2537.d.1350EC5AF275DBEFEE07EC176F11A04F.e.2732"}]}
RESULT: {"script":"<script> [56 bytes]","args":[{"element-6066-11e4-a52e-4f735466cecf":"f.4AFCDA83F841BD0157C4E1BB812E2537.d.1350EC5AF275DBEFEE07EC176F11A04F.e.2732","ELEMENT":"f.4AFCDA83F841BD0157C4E1BB812E2537.d.1350EC5AF275DBEFEE07EC176F11A04F.e.2732"}]}
COMMAND: POST /session/8ff87a328fcfa35ca82a4cc6375ae338/element - {"using":"xpath","value":"(//span[contains(@id, \"imgNav\")])[1]"}
COMMAND: GET /session/8ff87a328fcfa35ca82a4cc6375ae338/screenshot - {}
RESULT: {"using":"xpath","value":"(//span[contains(@id, \"imgNav\")])[1]"}
COMMAND: POST /session/8ff87a328fcfa35ca82a4cc6375ae338/element/f.4AFCDA83F841BD0157C4E1BB812E2537.d.1350EC5AF275DBEFEE07EC176F11A04F.e.2730/click - {}
RESULT: {}
RESULT: {}
COMMAND: GET /session/8ff87a328fcfa35ca82a4cc6375ae338/screenshot - {}
RESULT: {}
COMMAND: POST /session/8ff87a328fcfa35ca82a4cc6375ae338/element - {"using":"xpath","value":"//bdi[contains(text(), \"Edit\")]"}
RESULT: {"using":"xpath","value":"//bdi[contains(text(), \"Edit\")]"}
COMMAND: POST /session/8ff87a328fcfa35ca82a4cc6375ae338/element/f.4AFCDA83F841BD0157C4E1BB812E2537.d.1350EC5AF275DBEFEE07EC176F11A04F.e.2865/click - {}
RESULT: {}
COMMAND: GET /session/8ff87a328fcfa35ca82a4cc6375ae338/screenshot - {}
RESULT: {}
COMMAND: POST /session/8ff87a328fcfa35ca82a4cc6375ae338/execute/async - {"script":"<script> [1562 bytes]","args":[{"selector":{"controlType":"sap.m.Input","viewName":"etm.portal.ui.managepartners.view.EditDetail","labelFor":{"text":"Name"},"interaction":{"idSuffix":"inner"}},"wdio_ui5_key":"etmportal.ui.managepartners.view.EditDetailsap.m.Input{\"text\":\"Name\"}"}]}
RESULT: {"script":"<script> [1562 bytes]","args":[{"selector":{"controlType":"sap.m.Input","viewName":"etm.portal.ui.managepartners.view.EditDetail","labelFor":{"text":"Name"},"interaction":{"idSuffix":"inner"}},"wdio_ui5_key":"etmportal.ui.managepartners.view.EditDetailsap.m.Input{\"text\":\"Name\"}"}]}
RESULT: undefined
COMMAND: POST /session/8ff87a328fcfa35ca82a4cc6375ae338/execute/async - {"script":"<script> [776 bytes]","args":[{"enterText":"External EDIT","selector":{"controlType":"sap.m.Input","viewName":"etm.portal.ui.managepartners.view.EditDetail","labelFor":{"text":"Name"},"interaction":{"idSuffix":"inner"}},"clearTextFirst":true,"interactionType":"ENTER_TEXT"}]}
RESULT: {"script":"<script> [776 bytes]","args":[{"enterText":"External EDIT","selector":{"controlType":"sap.m.Input","viewName":"etm.portal.ui.managepartners.view.EditDetail","labelFor":{"text":"Name"},"interaction":{"idSuffix":"inner"}},"clearTextFirst":true,"interactionType":"ENTER_TEXT"}]}
COMMAND: POST /session/8ff87a328fcfa35ca82a4cc6375ae338/element - {"using":"xpath","value":"(//span[contains(@id,\"addressDetailDetailsLanguage-arrow\")])[1]"}
RESULT: {"using":"xpath","value":"(//span[contains(@id,\"addressDetailDetailsLanguage-arrow\")])[1]"}
COMMAND: POST /session/8ff87a328fcfa35ca82a4cc6375ae338/element/f.4AFCDA83F841BD0157C4E1BB812E2537.d.1350EC5AF275DBEFEE07EC176F11A04F.e.2944/click - {}
RESULT: {}
COMMAND: POST /session/8ff87a328fcfa35ca82a4cc6375ae338/element - {"using":"xpath","value":"//span[contains(text(), \"Chinese\")]"}
COMMAND: GET /session/8ff87a328fcfa35ca82a4cc6375ae338/screenshot - {}
RESULT: {"using":"xpath","value":"//span[contains(text(), \"Chinese\")]"}
COMMAND: POST /session/8ff87a328fcfa35ca82a4cc6375ae338/element/f.4AFCDA83F841BD0157C4E1BB812E2537.d.1350EC5AF275DBEFEE07EC176F11A04F.e.2945/click - {}
RESULT: {}
RESULT: {}
COMMAND: GET /session/8ff87a328fcfa35ca82a4cc6375ae338/screenshot - {}
RESULT: {}
COMMAND: POST /session/8ff87a328fcfa35ca82a4cc6375ae338/execute/async - {"script":"<script> [1562 bytes]","args":[{"selector":{"controlType":"sap.m.Input","viewName":"etm.portal.ui.managepartners.view.EditDetail","labelFor":{"text":"City"},"interaction":{"idSuffix":"inner"}},"wdio_ui5_key":"etmportal.ui.managepartners.view.EditDetailsap.m.Input{\"text\":\"City\"}"}]}
RESULT: {"script":"<script> [1562 bytes]","args":[{"selector":{"controlType":"sap.m.Input","viewName":"etm.portal.ui.managepartners.view.EditDetail","labelFor":{"text":"City"},"interaction":{"idSuffix":"inner"}},"wdio_ui5_key":"etmportal.ui.managepartners.view.EditDetailsap.m.Input{\"text\":\"City\"}"}]}
RESULT: undefined
COMMAND: POST /session/8ff87a328fcfa35ca82a4cc6375ae338/execute/async - {"script":"<script> [776 bytes]","args":[{"enterText":"Clooj-Napoca","selector":{"controlType":"sap.m.Input","viewName":"etm.portal.ui.managepartners.view.EditDetail","labelFor":{"text":"City"},"interaction":{"idSuffix":"inner"}},"clearTextFirst":true,"interactionType":"ENTER_TEXT"}]}
RESULT: {"script":"<script> [776 bytes]","args":[{"enterText":"Clooj-Napoca","selector":{"controlType":"sap.m.Input","viewName":"etm.portal.ui.managepartners.view.EditDetail","labelFor":{"text":"City"},"interaction":{"idSuffix":"inner"}},"clearTextFirst":true,"interactionType":"ENTER_TEXT"}]}
COMMAND: POST /session/8ff87a328fcfa35ca82a4cc6375ae338/element - {"using":"xpath","value":"//button[@data-kt=\"saveButton\"]"}
RESULT: {"using":"xpath","value":"//button[@data-kt=\"saveButton\"]"}
COMMAND: POST /session/8ff87a328fcfa35ca82a4cc6375ae338/element/f.4AFCDA83F841BD0157C4E1BB812E2537.d.1350EC5AF275DBEFEE07EC176F11A04F.e.2927/click - {}
RESULT: {}
COMMAND: GET /session/8ff87a328fcfa35ca82a4cc6375ae338/screenshot - {}
RESULT: {}
COMMAND: POST /session/8ff87a328fcfa35ca82a4cc6375ae338/execute/async - {"script":"<script> [1562 bytes]","args":[{"selector":{"id":"application-managepartners-display-component---detailPtm--addressDetailDetailsName1"},"wdio_ui5_key":"applicationmanagepartners-display-component---detailPtm--addressDetailDetailsName1"}]}
RESULT: {"script":"<script> [1562 bytes]","args":[{"selector":{"id":"application-managepartners-display-component---detailPtm--addressDetailDetailsName1"},"wdio_ui5_key":"applicationmanagepartners-display-component---detailPtm--addressDetailDetailsName1"}]}
RESULT: undefined
COMMAND: POST /session/8ff87a328fcfa35ca82a4cc6375ae338/execute/async - {"script":"<script> [6424 bytes]","args":[{"element-6066-11e4-a52e-4f735466cecf":"f.4AFCDA83F841BD0157C4E1BB812E2537.d.1350EC5AF275DBEFEE07EC176F11A04F.e.2976"},"getValue",[]]}
RESULT: {"script":"<script> [6424 bytes]","args":[{"element-6066-11e4-a52e-4f735466cecf":"f.4AFCDA83F841BD0157C4E1BB812E2537.d.1350EC5AF275DBEFEE07EC176F11A04F.e.2976"},"getValue",[]]}
COMMAND: POST /session/8ff87a328fcfa35ca82a4cc6375ae338/element - {"using":"xpath","value":"//input[@id = \"application-managepartners-display-component---detailPtm--addressDetailDetailsLanguage-inner\"]"}
RESULT: {"using":"xpath","value":"//input[@id = \"application-managepartners-display-component---detailPtm--addressDetailDetailsLanguage-inner\"]"}
COMMAND: GET /session/8ff87a328fcfa35ca82a4cc6375ae338/element/f.4AFCDA83F841BD0157C4E1BB812E2537.d.1350EC5AF275DBEFEE07EC176F11A04F.e.2977/property/value - {}
RESULT: {}
COMMAND: POST /session/8ff87a328fcfa35ca82a4cc6375ae338/execute/async - {"script":"<script> [1562 bytes]","args":[{"selector":{"id":"application-managepartners-display-component---detailPtm--addressDetailDetailsCity1"},"wdio_ui5_key":"applicationmanagepartners-display-component---detailPtm--addressDetailDetailsCity1"}]}
COMMAND: GET /session/8ff87a328fcfa35ca82a4cc6375ae338/screenshot - {}
RESULT: {"script":"<script> [1562 bytes]","args":[{"selector":{"id":"application-managepartners-display-component---detailPtm--addressDetailDetailsCity1"},"wdio_ui5_key":"applicationmanagepartners-display-component---detailPtm--addressDetailDetailsCity1"}]}
RESULT: undefined
COMMAND: POST /session/8ff87a328fcfa35ca82a4cc6375ae338/execute/async - {"script":"<script> [6424 bytes]","args":[{"element-6066-11e4-a52e-4f735466cecf":"f.4AFCDA83F841BD0157C4E1BB812E2537.d.1350EC5AF275DBEFEE07EC176F11A04F.e.2978"},"getValue",[]]}
RESULT: {}
RESULT: {"script":"<script> [6424 bytes]","args":[{"element-6066-11e4-a52e-4f735466cecf":"f.4AFCDA83F841BD0157C4E1BB812E2537.d.1350EC5AF275DBEFEE07EC176F11A04F.e.2978"},"getValue",[]]}
COMMAND: POST /session/8ff87a328fcfa35ca82a4cc6375ae338/element - {"using":"css selector","value":"#shell-header-logo"}
RESULT: {"using":"css selector","value":"#shell-header-logo"}
COMMAND: POST /session/8ff87a328fcfa35ca82a4cc6375ae338/element/f.4AFCDA83F841BD0157C4E1BB812E2537.d.1350EC5AF275DBEFEE07EC176F11A04F.e.2550/click - {}
RESULT: {}
COMMAND: GET /session/8ff87a328fcfa35ca82a4cc6375ae338/screenshot - {}
RESULT: {}
]]></system-out>
    </testcase>
    <testcase classname="chrome.135_0_7049_96.windows.Partner_specific_tests_US150819_US151080_US151654_US151176_US103444_US151078_US151079_US151109_US151174_US151175_US151189" name="Should create a new intercompany partner edit some of its fields US151078" time="247.209">
      <system-out><![CDATA[
COMMAND: POST /session/8ff87a328fcfa35ca82a4cc6375ae338/element - {"using":"xpath","value":"//li[.//span[text()=\"Manage Partners\"]]"}
RESULT: {"using":"xpath","value":"//li[.//span[text()=\"Manage Partners\"]]"}
COMMAND: POST /session/8ff87a328fcfa35ca82a4cc6375ae338/element - {"using":"xpath","value":"//li[.//span[text()=\"Manage Partners\"]]"}
RESULT: {"using":"xpath","value":"//li[.//span[text()=\"Manage Partners\"]]"}
COMMAND: POST /session/8ff87a328fcfa35ca82a4cc6375ae338/element - {"using":"css selector","value":"#shell-header-logo"}
RESULT: {"using":"css selector","value":"#shell-header-logo"}
COMMAND: POST /session/8ff87a328fcfa35ca82a4cc6375ae338/element/f.4AFCDA83F841BD0157C4E1BB812E2537.d.1350EC5AF275DBEFEE07EC176F11A04F.e.3008/click - {}
COMMAND: POST /session/8ff87a328fcfa35ca82a4cc6375ae338/execute/sync - {"script":"<script> [8489 bytes]","args":[{"element-6066-11e4-a52e-4f735466cecf":"f.4AFCDA83F841BD0157C4E1BB812E2537.d.1350EC5AF275DBEFEE07EC176F11A04F.e.3008","ELEMENT":"f.4AFCDA83F841BD0157C4E1BB812E2537.d.1350EC5AF275DBEFEE07EC176F11A04F.e.3008"}]}
RESULT: {}
COMMAND: GET /session/8ff87a328fcfa35ca82a4cc6375ae338/screenshot - {}
RESULT: {"script":"<script> [8489 bytes]","args":[{"element-6066-11e4-a52e-4f735466cecf":"f.4AFCDA83F841BD0157C4E1BB812E2537.d.1350EC5AF275DBEFEE07EC176F11A04F.e.3008","ELEMENT":"f.4AFCDA83F841BD0157C4E1BB812E2537.d.1350EC5AF275DBEFEE07EC176F11A04F.e.3008"}]}
COMMAND: POST /session/8ff87a328fcfa35ca82a4cc6375ae338/execute/sync - {"script":"<script> [5351 bytes]","args":[{"element-6066-11e4-a52e-4f735466cecf":"f.4AFCDA83F841BD0157C4E1BB812E2537.d.1350EC5AF275DBEFEE07EC176F11A04F.e.3008","ELEMENT":"f.4AFCDA83F841BD0157C4E1BB812E2537.d.1350EC5AF275DBEFEE07EC176F11A04F.e.3008"}]}
COMMAND: GET /session/8ff87a328fcfa35ca82a4cc6375ae338/screenshot - {}
RESULT: {}
RESULT: {"script":"<script> [5351 bytes]","args":[{"element-6066-11e4-a52e-4f735466cecf":"f.4AFCDA83F841BD0157C4E1BB812E2537.d.1350EC5AF275DBEFEE07EC176F11A04F.e.3008","ELEMENT":"f.4AFCDA83F841BD0157C4E1BB812E2537.d.1350EC5AF275DBEFEE07EC176F11A04F.e.3008"}]}
COMMAND: GET /session/8ff87a328fcfa35ca82a4cc6375ae338/screenshot - {}
RESULT: {}
RESULT: {}
COMMAND: POST /session/8ff87a328fcfa35ca82a4cc6375ae338/refresh - {}
RESULT: {}
COMMAND: GET /session/8ff87a328fcfa35ca82a4cc6375ae338/screenshot - {}
RESULT: {}
COMMAND: POST /session/8ff87a328fcfa35ca82a4cc6375ae338/refresh - {}
RESULT: {}
COMMAND: GET /session/8ff87a328fcfa35ca82a4cc6375ae338/screenshot - {}
RESULT: {}
COMMAND: POST /session/8ff87a328fcfa35ca82a4cc6375ae338/window/fullscreen - {}
RESULT: {}
COMMAND: POST /session/8ff87a328fcfa35ca82a4cc6375ae338/execute/async - {"script":"<script> [189 bytes]","args":[]}
RESULT: {"script":"<script> [189 bytes]","args":[]}
COMMAND: POST /session/8ff87a328fcfa35ca82a4cc6375ae338/execute/async - {"script":"<script> [123 bytes]","args":[]}
RESULT: {"script":"<script> [123 bytes]","args":[]}
COMMAND: POST /session/8ff87a328fcfa35ca82a4cc6375ae338/timeouts - {"script":"<number>"}
RESULT: {"script":"<number>"}
COMMAND: GET /session/8ff87a328fcfa35ca82a4cc6375ae338/timeouts - {}
RESULT: {}
RESULT: undefined
COMMAND: POST /session/8ff87a328fcfa35ca82a4cc6375ae338/execute/async - {"script":"<script> [2676 bytes]","args":[]}
RESULT: {"script":"<script> [2676 bytes]","args":[]}
COMMAND: POST /session/8ff87a328fcfa35ca82a4cc6375ae338/execute/async - {"script":"<script> [2342 bytes]","args":[{"protocol":"http","hostname":"0.0.0.0","path":"/","capabilities":{"browserName":"chrome","goog:chromeOptions":{"binary":"C:\\Program Files\\Google\\Chrome\\Application\\chrome.exe","args":["--start-maximized"]}},"logLevel":"warn","connectionRetryTimeout":120000,"connectionRetryCount":3,"logLevels":{},"enableDirectConnect":true,"strictSSL":true,"_":"65 more keys: [\"cacheDir\",\"port\",\"requestedCapabilities\",\"automationProtocol\",\"baseUrl\",\"waitforInterval\",\"waitforTimeout\",\"onReload\",\"beforeCommand\",\"afterCommand\",\"rootDir\",\"specs\",\"suites\",\"exclude\",\"groupLogsByTestSpec\",\"excludeDriverLogs\",\"bail\",\"framework\",\"reporters\",\"services\",\"maxInstances\",\"maxInstancesPerCapability\",\"injectGlobals\",\"filesToWatch\",\"execArgv\",\"runnerEnv\",\"runner\",\"shard\",\"specFileRetries\",\"specFileRetriesDelay\",\"specFileRetriesDeferred\",\"reporterSyncInterval\",\"reporterSyncTimeout\",\"cucumberFeaturesWithLineNumbers\",\"autoCompileOpts\",\"mochaOpts\",\"jasmineOpts\",\"cucumberOpts\",\"onPrepare\",\"onWorkerStart\",\"onWorkerEnd\",\"before\",\"beforeSession\",\"beforeSuite\",\"beforeHook\",\"beforeTest\",\"afterTest\",\"afterHook\",\"afterSuite\",\"afterSession\",\"after\",\"onComplete\",\"beforeAssertion\",\"afterAssertion\",\"beforeFeature\",\"beforeScenario\",\"beforeStep\",\"afterStep\",\"afterScenario\",\"afterFeature\",\"_\",\"suite\",\"$0\",\"ignoredWorkerServices\",\"wdi5\"]"}]}
RESULT: {"script":"<script> [2342 bytes]","args":[{"protocol":"http","hostname":"0.0.0.0","path":"/","capabilities":{"browserName":"chrome","goog:chromeOptions":{"binary":"C:\\Program Files\\Google\\Chrome\\Application\\chrome.exe","args":["--start-maximized"]}},"logLevel":"warn","connectionRetryTimeout":120000,"connectionRetryCount":3,"logLevels":{},"enableDirectConnect":true,"strictSSL":true,"_":"65 more keys: [\"cacheDir\",\"port\",\"requestedCapabilities\",\"automationProtocol\",\"baseUrl\",\"waitforInterval\",\"waitforTimeout\",\"onReload\",\"beforeCommand\",\"afterCommand\",\"rootDir\",\"specs\",\"suites\",\"exclude\",\"groupLogsByTestSpec\",\"excludeDriverLogs\",\"bail\",\"framework\",\"reporters\",\"services\",\"maxInstances\",\"maxInstancesPerCapability\",\"injectGlobals\",\"filesToWatch\",\"execArgv\",\"runnerEnv\",\"runner\",\"shard\",\"specFileRetries\",\"specFileRetriesDelay\",\"specFileRetriesDeferred\",\"reporterSyncInterval\",\"reporterSyncTimeout\",\"cucumberFeaturesWithLineNumbers\",\"autoCompileOpts\",\"mochaOpts\",\"jasmineOpts\",\"cucumberOpts\",\"onPrepare\",\"onWorkerStart\",\"onWorkerEnd\",\"before\",\"beforeSession\",\"beforeSuite\",\"beforeHook\",\"beforeTest\",\"afterTest\",\"afterHook\",\"afterSuite\",\"afterSession\",\"after\",\"onComplete\",\"beforeAssertion\",\"afterAssertion\",\"beforeFeature\",\"beforeScenario\",\"beforeStep\",\"afterStep\",\"afterScenario\",\"afterFeature\",\"_\",\"suite\",\"$0\",\"ignoredWorkerServices\",\"wdi5\"]"}]}
COMMAND: POST /session/8ff87a328fcfa35ca82a4cc6375ae338/execute/async - {"script":"<script> [21126 bytes]","args":[35000]}
RESULT: {"script":"<script> [21126 bytes]","args":[35000]}
COMMAND: POST /session/8ff87a328fcfa35ca82a4cc6375ae338/window/fullscreen - {}
RESULT: {}
COMMAND: POST /session/8ff87a328fcfa35ca82a4cc6375ae338/window/fullscreen - {}
RESULT: {}
COMMAND: POST /session/8ff87a328fcfa35ca82a4cc6375ae338/execute/async - {"script":"<script> [1562 bytes]","args":[{"selector":{"controlType":"sap.m.GenericTile","properties":{"header":"Manage Partners"}},"wdio_ui5_key":"sapm.GenericTile{\"header\":\"Manage Partners\"}"}]}
RESULT: {"script":"<script> [1562 bytes]","args":[{"selector":{"controlType":"sap.m.GenericTile","properties":{"header":"Manage Partners"}},"wdio_ui5_key":"sapm.GenericTile{\"header\":\"Manage Partners\"}"}]}
RESULT: undefined
COMMAND: POST /session/8ff87a328fcfa35ca82a4cc6375ae338/element - {"using":"xpath","value":"//*[@id=\"__tile30\"]"}
RESULT: {"using":"xpath","value":"//*[@id=\"__tile30\"]"}
COMMAND: POST /session/8ff87a328fcfa35ca82a4cc6375ae338/element/f.4AFCDA83F841BD0157C4E1BB812E2537.d.4B740418F199F8BBB92561AAABF8F1EC.e.3075/click - {}
RESULT: {}
COMMAND: POST /session/8ff87a328fcfa35ca82a4cc6375ae338/element - {"using":"xpath","value":"//button[@data-kt=\"addButton\"]"}
COMMAND: GET /session/8ff87a328fcfa35ca82a4cc6375ae338/screenshot - {}
RESULT: {"using":"xpath","value":"//button[@data-kt=\"addButton\"]"}
COMMAND: POST /session/8ff87a328fcfa35ca82a4cc6375ae338/elements - {"using":"xpath","value":"//button[@data-kt=\"addButton\"]"}
RESULT: {}
RESULT: {"using":"xpath","value":"//button[@data-kt=\"addButton\"]"}
COMMAND: POST /session/8ff87a328fcfa35ca82a4cc6375ae338/elements - {"using":"xpath","value":"//button[@data-kt=\"addButton\"]"}
RESULT: {"using":"xpath","value":"//button[@data-kt=\"addButton\"]"}
COMMAND: POST /session/8ff87a328fcfa35ca82a4cc6375ae338/elements - {"using":"xpath","value":"//button[@data-kt=\"addButton\"]"}
RESULT: {"using":"xpath","value":"//button[@data-kt=\"addButton\"]"}
COMMAND: POST /session/8ff87a328fcfa35ca82a4cc6375ae338/elements - {"using":"xpath","value":"//button[@data-kt=\"addButton\"]"}
RESULT: {"using":"xpath","value":"//button[@data-kt=\"addButton\"]"}
COMMAND: POST /session/8ff87a328fcfa35ca82a4cc6375ae338/elements - {"using":"xpath","value":"//button[@data-kt=\"addButton\"]"}
RESULT: {"using":"xpath","value":"//button[@data-kt=\"addButton\"]"}
COMMAND: POST /session/8ff87a328fcfa35ca82a4cc6375ae338/elements - {"using":"xpath","value":"//button[@data-kt=\"addButton\"]"}
RESULT: {"using":"xpath","value":"//button[@data-kt=\"addButton\"]"}
COMMAND: POST /session/8ff87a328fcfa35ca82a4cc6375ae338/elements - {"using":"xpath","value":"//button[@data-kt=\"addButton\"]"}
RESULT: {"using":"xpath","value":"//button[@data-kt=\"addButton\"]"}
COMMAND: POST /session/8ff87a328fcfa35ca82a4cc6375ae338/elements - {"using":"xpath","value":"//button[@data-kt=\"addButton\"]"}
RESULT: {"using":"xpath","value":"//button[@data-kt=\"addButton\"]"}
COMMAND: POST /session/8ff87a328fcfa35ca82a4cc6375ae338/elements - {"using":"xpath","value":"//button[@data-kt=\"addButton\"]"}
RESULT: {"using":"xpath","value":"//button[@data-kt=\"addButton\"]"}
COMMAND: POST /session/8ff87a328fcfa35ca82a4cc6375ae338/elements - {"using":"xpath","value":"//button[@data-kt=\"addButton\"]"}
RESULT: {"using":"xpath","value":"//button[@data-kt=\"addButton\"]"}
COMMAND: POST /session/8ff87a328fcfa35ca82a4cc6375ae338/elements - {"using":"xpath","value":"//button[@data-kt=\"addButton\"]"}
RESULT: {"using":"xpath","value":"//button[@data-kt=\"addButton\"]"}
COMMAND: POST /session/8ff87a328fcfa35ca82a4cc6375ae338/elements - {"using":"xpath","value":"//button[@data-kt=\"addButton\"]"}
RESULT: {"using":"xpath","value":"//button[@data-kt=\"addButton\"]"}
COMMAND: POST /session/8ff87a328fcfa35ca82a4cc6375ae338/elements - {"using":"xpath","value":"//button[@data-kt=\"addButton\"]"}
RESULT: {"using":"xpath","value":"//button[@data-kt=\"addButton\"]"}
COMMAND: POST /session/8ff87a328fcfa35ca82a4cc6375ae338/elements - {"using":"xpath","value":"//button[@data-kt=\"addButton\"]"}
RESULT: {"using":"xpath","value":"//button[@data-kt=\"addButton\"]"}
COMMAND: POST /session/8ff87a328fcfa35ca82a4cc6375ae338/elements - {"using":"xpath","value":"//button[@data-kt=\"addButton\"]"}
RESULT: {"using":"xpath","value":"//button[@data-kt=\"addButton\"]"}
COMMAND: POST /session/8ff87a328fcfa35ca82a4cc6375ae338/elements - {"using":"xpath","value":"//button[@data-kt=\"addButton\"]"}
RESULT: {"using":"xpath","value":"//button[@data-kt=\"addButton\"]"}
COMMAND: POST /session/8ff87a328fcfa35ca82a4cc6375ae338/elements - {"using":"xpath","value":"//button[@data-kt=\"addButton\"]"}
RESULT: {"using":"xpath","value":"//button[@data-kt=\"addButton\"]"}
COMMAND: POST /session/8ff87a328fcfa35ca82a4cc6375ae338/elements - {"using":"xpath","value":"//button[@data-kt=\"addButton\"]"}
RESULT: {"using":"xpath","value":"//button[@data-kt=\"addButton\"]"}
COMMAND: POST /session/8ff87a328fcfa35ca82a4cc6375ae338/elements - {"using":"xpath","value":"//button[@data-kt=\"addButton\"]"}
RESULT: {"using":"xpath","value":"//button[@data-kt=\"addButton\"]"}
COMMAND: POST /session/8ff87a328fcfa35ca82a4cc6375ae338/elements - {"using":"xpath","value":"//button[@data-kt=\"addButton\"]"}
RESULT: {"using":"xpath","value":"//button[@data-kt=\"addButton\"]"}
COMMAND: POST /session/8ff87a328fcfa35ca82a4cc6375ae338/element - {"using":"xpath","value":"//button[@data-kt=\"addButton\"]"}
RESULT: {"using":"xpath","value":"//button[@data-kt=\"addButton\"]"}
COMMAND: POST /session/8ff87a328fcfa35ca82a4cc6375ae338/execute/sync - {"script":"<script> [8489 bytes]","args":[{"element-6066-11e4-a52e-4f735466cecf":"f.4AFCDA83F841BD0157C4E1BB812E2537.d.4B740418F199F8BBB92561AAABF8F1EC.e.3189","ELEMENT":"f.4AFCDA83F841BD0157C4E1BB812E2537.d.4B740418F199F8BBB92561AAABF8F1EC.e.3189"}]}
RESULT: {"script":"<script> [8489 bytes]","args":[{"element-6066-11e4-a52e-4f735466cecf":"f.4AFCDA83F841BD0157C4E1BB812E2537.d.4B740418F199F8BBB92561AAABF8F1EC.e.3189","ELEMENT":"f.4AFCDA83F841BD0157C4E1BB812E2537.d.4B740418F199F8BBB92561AAABF8F1EC.e.3189"}]}
COMMAND: GET /session/8ff87a328fcfa35ca82a4cc6375ae338/element/f.4AFCDA83F841BD0157C4E1BB812E2537.d.4B740418F199F8BBB92561AAABF8F1EC.e.3189/enabled - {}
COMMAND: GET /session/8ff87a328fcfa35ca82a4cc6375ae338/screenshot - {}
RESULT: {}
COMMAND: POST /session/8ff87a328fcfa35ca82a4cc6375ae338/execute/sync - {"script":"<script> [8489 bytes]","args":[{"element-6066-11e4-a52e-4f735466cecf":"f.4AFCDA83F841BD0157C4E1BB812E2537.d.4B740418F199F8BBB92561AAABF8F1EC.e.3189","ELEMENT":"f.4AFCDA83F841BD0157C4E1BB812E2537.d.4B740418F199F8BBB92561AAABF8F1EC.e.3189"}]}
COMMAND: GET /session/8ff87a328fcfa35ca82a4cc6375ae338/screenshot - {}
RESULT: {}
RESULT: {"script":"<script> [8489 bytes]","args":[{"element-6066-11e4-a52e-4f735466cecf":"f.4AFCDA83F841BD0157C4E1BB812E2537.d.4B740418F199F8BBB92561AAABF8F1EC.e.3189","ELEMENT":"f.4AFCDA83F841BD0157C4E1BB812E2537.d.4B740418F199F8BBB92561AAABF8F1EC.e.3189"}]}
COMMAND: POST /session/8ff87a328fcfa35ca82a4cc6375ae338/execute/sync - {"script":"<script> [5351 bytes]","args":[{"element-6066-11e4-a52e-4f735466cecf":"f.4AFCDA83F841BD0157C4E1BB812E2537.d.4B740418F199F8BBB92561AAABF8F1EC.e.3189","ELEMENT":"f.4AFCDA83F841BD0157C4E1BB812E2537.d.4B740418F199F8BBB92561AAABF8F1EC.e.3189"}]}
COMMAND: GET /session/8ff87a328fcfa35ca82a4cc6375ae338/screenshot - {}
RESULT: {}
RESULT: {"script":"<script> [5351 bytes]","args":[{"element-6066-11e4-a52e-4f735466cecf":"f.4AFCDA83F841BD0157C4E1BB812E2537.d.4B740418F199F8BBB92561AAABF8F1EC.e.3189","ELEMENT":"f.4AFCDA83F841BD0157C4E1BB812E2537.d.4B740418F199F8BBB92561AAABF8F1EC.e.3189"}]}
COMMAND: POST /session/8ff87a328fcfa35ca82a4cc6375ae338/element/f.4AFCDA83F841BD0157C4E1BB812E2537.d.4B740418F199F8BBB92561AAABF8F1EC.e.3189/click - {}
COMMAND: GET /session/8ff87a328fcfa35ca82a4cc6375ae338/screenshot - {}
RESULT: {}
RESULT: {}
RESULT: {}
COMMAND: GET /session/8ff87a328fcfa35ca82a4cc6375ae338/screenshot - {}
COMMAND: POST /session/8ff87a328fcfa35ca82a4cc6375ae338/execute/async - {"script":"<script> [1562 bytes]","args":[{"selector":{"id":"application-managepartners-display-component---NewPartner--addressDetailDetailsName1","interaction":{"idSuffix":"inner"}},"wdio_ui5_key":"applicationmanagepartners-display-component---NewPartner--addressDetailDetailsName1"}]}
RESULT: {}
RESULT: {"script":"<script> [1562 bytes]","args":[{"selector":{"id":"application-managepartners-display-component---NewPartner--addressDetailDetailsName1","interaction":{"idSuffix":"inner"}},"wdio_ui5_key":"applicationmanagepartners-display-component---NewPartner--addressDetailDetailsName1"}]}
RESULT: undefined
COMMAND: POST /session/8ff87a328fcfa35ca82a4cc6375ae338/execute/async - {"script":"<script> [776 bytes]","args":[{"enterText":"Intercompany Partner WDIO","selector":{"id":"application-managepartners-display-component---NewPartner--addressDetailDetailsName1","interaction":{"idSuffix":"inner"}},"clearTextFirst":true,"interactionType":"ENTER_TEXT"}]}
RESULT: {"script":"<script> [776 bytes]","args":[{"enterText":"Intercompany Partner WDIO","selector":{"id":"application-managepartners-display-component---NewPartner--addressDetailDetailsName1","interaction":{"idSuffix":"inner"}},"clearTextFirst":true,"interactionType":"ENTER_TEXT"}]}
COMMAND: POST /session/8ff87a328fcfa35ca82a4cc6375ae338/execute/async - {"script":"<script> [1562 bytes]","args":[{"selector":{"id":"application-managepartners-display-component---NewPartner--addressDetailDetailsLanguage-arrow"},"wdio_ui5_key":"applicationmanagepartners-display-component---NewPartner--addressDetailDetailsLanguage-arrow"}]}
RESULT: {"script":"<script> [1562 bytes]","args":[{"selector":{"id":"application-managepartners-display-component---NewPartner--addressDetailDetailsLanguage-arrow"},"wdio_ui5_key":"applicationmanagepartners-display-component---NewPartner--addressDetailDetailsLanguage-arrow"}]}
RESULT: undefined
COMMAND: POST /session/8ff87a328fcfa35ca82a4cc6375ae338/element - {"using":"xpath","value":"//*[@id=\"application-managepartners-display-component---NewPartner--addressDetailDetailsLanguage-arrow\"]"}
RESULT: {"using":"xpath","value":"//*[@id=\"application-managepartners-display-component---NewPartner--addressDetailDetailsLanguage-arrow\"]"}
COMMAND: POST /session/8ff87a328fcfa35ca82a4cc6375ae338/element/f.4AFCDA83F841BD0157C4E1BB812E2537.d.4B740418F199F8BBB92561AAABF8F1EC.e.3640/click - {}
RESULT: {}
COMMAND: POST /session/8ff87a328fcfa35ca82a4cc6375ae338/element - {"using":"xpath","value":"//span[contains(text(), \"English\")]"}
COMMAND: GET /session/8ff87a328fcfa35ca82a4cc6375ae338/screenshot - {}
RESULT: {"using":"xpath","value":"//span[contains(text(), \"English\")]"}
COMMAND: POST /session/8ff87a328fcfa35ca82a4cc6375ae338/element/f.4AFCDA83F841BD0157C4E1BB812E2537.d.4B740418F199F8BBB92561AAABF8F1EC.e.3641/click - {}
RESULT: {}
RESULT: {}
COMMAND: GET /session/8ff87a328fcfa35ca82a4cc6375ae338/screenshot - {}
RESULT: {}
COMMAND: POST /session/8ff87a328fcfa35ca82a4cc6375ae338/execute/async - {"script":"<script> [1562 bytes]","args":[{"selector":{"id":"application-managepartners-display-component---NewPartner--addressDetailDetailsCity1","interaction":{"idSuffix":"inner"}},"wdio_ui5_key":"applicationmanagepartners-display-component---NewPartner--addressDetailDetailsCity1"}]}
RESULT: {"script":"<script> [1562 bytes]","args":[{"selector":{"id":"application-managepartners-display-component---NewPartner--addressDetailDetailsCity1","interaction":{"idSuffix":"inner"}},"wdio_ui5_key":"applicationmanagepartners-display-component---NewPartner--addressDetailDetailsCity1"}]}
RESULT: undefined
COMMAND: POST /session/8ff87a328fcfa35ca82a4cc6375ae338/execute/async - {"script":"<script> [776 bytes]","args":[{"enterText":"Rosario","selector":{"id":"application-managepartners-display-component---NewPartner--addressDetailDetailsCity1","interaction":{"idSuffix":"inner"}},"clearTextFirst":true,"interactionType":"ENTER_TEXT"}]}
RESULT: {"script":"<script> [776 bytes]","args":[{"enterText":"Rosario","selector":{"id":"application-managepartners-display-component---NewPartner--addressDetailDetailsCity1","interaction":{"idSuffix":"inner"}},"clearTextFirst":true,"interactionType":"ENTER_TEXT"}]}
COMMAND: POST /session/8ff87a328fcfa35ca82a4cc6375ae338/execute/async - {"script":"<script> [1562 bytes]","args":[{"selector":{"id":"application-managepartners-display-component---NewPartner--addressDetailDetailsCountry-arrow"},"wdio_ui5_key":"applicationmanagepartners-display-component---NewPartner--addressDetailDetailsCountry-arrow"}]}
RESULT: {"script":"<script> [1562 bytes]","args":[{"selector":{"id":"application-managepartners-display-component---NewPartner--addressDetailDetailsCountry-arrow"},"wdio_ui5_key":"applicationmanagepartners-display-component---NewPartner--addressDetailDetailsCountry-arrow"}]}
RESULT: undefined
COMMAND: POST /session/8ff87a328fcfa35ca82a4cc6375ae338/element - {"using":"xpath","value":"//*[@id=\"application-managepartners-display-component---NewPartner--addressDetailDetailsCountry-arrow\"]"}
RESULT: {"using":"xpath","value":"//*[@id=\"application-managepartners-display-component---NewPartner--addressDetailDetailsCountry-arrow\"]"}
COMMAND: POST /session/8ff87a328fcfa35ca82a4cc6375ae338/element/f.4AFCDA83F841BD0157C4E1BB812E2537.d.4B740418F199F8BBB92561AAABF8F1EC.e.3626/click - {}
RESULT: {}
COMMAND: POST /session/8ff87a328fcfa35ca82a4cc6375ae338/element - {"using":"xpath","value":"//span[contains(text(), \"Argentina\")]"}
COMMAND: GET /session/8ff87a328fcfa35ca82a4cc6375ae338/screenshot - {}
RESULT: {"using":"xpath","value":"//span[contains(text(), \"Argentina\")]"}
COMMAND: POST /session/8ff87a328fcfa35ca82a4cc6375ae338/element/f.4AFCDA83F841BD0157C4E1BB812E2537.d.4B740418F199F8BBB92561AAABF8F1EC.e.3643/click - {}
RESULT: {}
RESULT: {}
COMMAND: GET /session/8ff87a328fcfa35ca82a4cc6375ae338/screenshot - {}
RESULT: {}
COMMAND: POST /session/8ff87a328fcfa35ca82a4cc6375ae338/element - {"using":"xpath","value":"//bdi[contains(text(), \"Commercial\")]"}
RESULT: {"using":"xpath","value":"//bdi[contains(text(), \"Commercial\")]"}
COMMAND: POST /session/8ff87a328fcfa35ca82a4cc6375ae338/element/f.4AFCDA83F841BD0157C4E1BB812E2537.d.4B740418F199F8BBB92561AAABF8F1EC.e.3644/click - {}
RESULT: {}
COMMAND: GET /session/8ff87a328fcfa35ca82a4cc6375ae338/screenshot - {}
RESULT: {}
COMMAND: POST /session/8ff87a328fcfa35ca82a4cc6375ae338/execute/async - {"script":"<script> [1562 bytes]","args":[{"selector":{"id":"application-managepartners-display-component---NewPartner--partnerDetailInternal-arrow"},"wdio_ui5_key":"applicationmanagepartners-display-component---NewPartner--partnerDetailInternal-arrow"}]}
RESULT: {"script":"<script> [1562 bytes]","args":[{"selector":{"id":"application-managepartners-display-component---NewPartner--partnerDetailInternal-arrow"},"wdio_ui5_key":"applicationmanagepartners-display-component---NewPartner--partnerDetailInternal-arrow"}]}
RESULT: undefined
COMMAND: POST /session/8ff87a328fcfa35ca82a4cc6375ae338/element - {"using":"xpath","value":"//*[@id=\"application-managepartners-display-component---NewPartner--partnerDetailInternal-arrow\"]"}
RESULT: {"using":"xpath","value":"//*[@id=\"application-managepartners-display-component---NewPartner--partnerDetailInternal-arrow\"]"}
COMMAND: POST /session/8ff87a328fcfa35ca82a4cc6375ae338/element/f.4AFCDA83F841BD0157C4E1BB812E2537.d.4B740418F199F8BBB92561AAABF8F1EC.e.3650/click - {}
RESULT: {}
COMMAND: POST /session/8ff87a328fcfa35ca82a4cc6375ae338/element - {"using":"xpath","value":"//span[contains(text(), \"Affiliated company\")]"}
COMMAND: GET /session/8ff87a328fcfa35ca82a4cc6375ae338/screenshot - {}
RESULT: {"using":"xpath","value":"//span[contains(text(), \"Affiliated company\")]"}
COMMAND: POST /session/8ff87a328fcfa35ca82a4cc6375ae338/element/f.4AFCDA83F841BD0157C4E1BB812E2537.d.4B740418F199F8BBB92561AAABF8F1EC.e.3651/click - {}
RESULT: {}
RESULT: {}
COMMAND: POST /session/8ff87a328fcfa35ca82a4cc6375ae338/execute/async - {"script":"<script> [1562 bytes]","args":[{"selector":{"id":"application-managepartners-display-component---NewPartner--partnerDetailsCurrency-arrow"},"wdio_ui5_key":"applicationmanagepartners-display-component---NewPartner--partnerDetailsCurrency-arrow"}]}
COMMAND: GET /session/8ff87a328fcfa35ca82a4cc6375ae338/screenshot - {}
RESULT: {"script":"<script> [1562 bytes]","args":[{"selector":{"id":"application-managepartners-display-component---NewPartner--partnerDetailsCurrency-arrow"},"wdio_ui5_key":"applicationmanagepartners-display-component---NewPartner--partnerDetailsCurrency-arrow"}]}
RESULT: undefined
COMMAND: POST /session/8ff87a328fcfa35ca82a4cc6375ae338/element - {"using":"xpath","value":"//*[@id=\"application-managepartners-display-component---NewPartner--partnerDetailsCurrency-arrow\"]"}
RESULT: {}
RESULT: {"using":"xpath","value":"//*[@id=\"application-managepartners-display-component---NewPartner--partnerDetailsCurrency-arrow\"]"}
COMMAND: POST /session/8ff87a328fcfa35ca82a4cc6375ae338/element/f.4AFCDA83F841BD0157C4E1BB812E2537.d.4B740418F199F8BBB92561AAABF8F1EC.e.3658/click - {}
RESULT: {}
COMMAND: POST /session/8ff87a328fcfa35ca82a4cc6375ae338/element - {"using":"xpath","value":"//span[contains(text(), \"Euro\")]"}
COMMAND: GET /session/8ff87a328fcfa35ca82a4cc6375ae338/screenshot - {}
RESULT: {"using":"xpath","value":"//span[contains(text(), \"Euro\")]"}
COMMAND: POST /session/8ff87a328fcfa35ca82a4cc6375ae338/element/f.4AFCDA83F841BD0157C4E1BB812E2537.d.4B740418F199F8BBB92561AAABF8F1EC.e.3659/click - {}
RESULT: {}
RESULT: {}
COMMAND: POST /session/8ff87a328fcfa35ca82a4cc6375ae338/execute/async - {"script":"<script> [1562 bytes]","args":[{"selector":{"id":"application-managepartners-display-component---NewPartner--addressEditDetailsCostObjectCstType-arrow"},"wdio_ui5_key":"applicationmanagepartners-display-component---NewPartner--addressEditDetailsCostObjectCstType-arrow"}]}
COMMAND: GET /session/8ff87a328fcfa35ca82a4cc6375ae338/screenshot - {}
RESULT: {"script":"<script> [1562 bytes]","args":[{"selector":{"id":"application-managepartners-display-component---NewPartner--addressEditDetailsCostObjectCstType-arrow"},"wdio_ui5_key":"applicationmanagepartners-display-component---NewPartner--addressEditDetailsCostObjectCstType-arrow"}]}
RESULT: undefined
COMMAND: POST /session/8ff87a328fcfa35ca82a4cc6375ae338/element - {"using":"xpath","value":"//*[@id=\"application-managepartners-display-component---NewPartner--addressEditDetailsCostObjectCstType-arrow\"]"}
RESULT: {}
RESULT: {"using":"xpath","value":"//*[@id=\"application-managepartners-display-component---NewPartner--addressEditDetailsCostObjectCstType-arrow\"]"}
COMMAND: POST /session/8ff87a328fcfa35ca82a4cc6375ae338/element/f.4AFCDA83F841BD0157C4E1BB812E2537.d.4B740418F199F8BBB92561AAABF8F1EC.e.3660/click - {}
RESULT: {}
COMMAND: POST /session/8ff87a328fcfa35ca82a4cc6375ae338/element - {"using":"xpath","value":"//span[contains(text(), \"Cost Center\")]"}
COMMAND: GET /session/8ff87a328fcfa35ca82a4cc6375ae338/screenshot - {}
RESULT: {"using":"xpath","value":"//span[contains(text(), \"Cost Center\")]"}
COMMAND: POST /session/8ff87a328fcfa35ca82a4cc6375ae338/element/f.4AFCDA83F841BD0157C4E1BB812E2537.d.4B740418F199F8BBB92561AAABF8F1EC.e.3661/click - {}
RESULT: {}
RESULT: {}
COMMAND: GET /session/8ff87a328fcfa35ca82a4cc6375ae338/screenshot - {}
RESULT: {}
COMMAND: POST /session/8ff87a328fcfa35ca82a4cc6375ae338/element - {"using":"xpath","value":"//span[@id=\"application-managepartners-display-component---NewPartner--addressNewCostObjectCstID-vhi\"]"}
RESULT: {"using":"xpath","value":"//span[@id=\"application-managepartners-display-component---NewPartner--addressNewCostObjectCstID-vhi\"]"}
COMMAND: POST /session/8ff87a328fcfa35ca82a4cc6375ae338/element - {"using":"xpath","value":"//span[@id=\"application-managepartners-display-component---NewPartner--addressNewCostObjectCstID-vhi\"]"}
RESULT: {"using":"xpath","value":"//span[@id=\"application-managepartners-display-component---NewPartner--addressNewCostObjectCstID-vhi\"]"}
COMMAND: POST /session/8ff87a328fcfa35ca82a4cc6375ae338/element - {"using":"xpath","value":"//input[@id=\"application-managepartners-display-component---NewPartner--addressNewCostObjectCstID-inner\"]"}
RESULT: {"using":"xpath","value":"//input[@id=\"application-managepartners-display-component---NewPartner--addressNewCostObjectCstID-inner\"]"}
COMMAND: POST /session/8ff87a328fcfa35ca82a4cc6375ae338/execute/sync - {"script":"<script> [8489 bytes]","args":[{"element-6066-11e4-a52e-4f735466cecf":"f.4AFCDA83F841BD0157C4E1BB812E2537.d.4B740418F199F8BBB92561AAABF8F1EC.e.3663","ELEMENT":"f.4AFCDA83F841BD0157C4E1BB812E2537.d.4B740418F199F8BBB92561AAABF8F1EC.e.3663"}]}
RESULT: {"script":"<script> [8489 bytes]","args":[{"element-6066-11e4-a52e-4f735466cecf":"f.4AFCDA83F841BD0157C4E1BB812E2537.d.4B740418F199F8BBB92561AAABF8F1EC.e.3663","ELEMENT":"f.4AFCDA83F841BD0157C4E1BB812E2537.d.4B740418F199F8BBB92561AAABF8F1EC.e.3663"}]}
COMMAND: POST /session/8ff87a328fcfa35ca82a4cc6375ae338/element/f.4AFCDA83F841BD0157C4E1BB812E2537.d.4B740418F199F8BBB92561AAABF8F1EC.e.3663/clear - {}
COMMAND: GET /session/8ff87a328fcfa35ca82a4cc6375ae338/screenshot - {}
RESULT: {}
COMMAND: POST /session/8ff87a328fcfa35ca82a4cc6375ae338/element - {"using":"xpath","value":"//input[@id=\"application-managepartners-display-component---NewPartner--addressNewCostObjectCstID-inner\"]"}
RESULT: {"using":"xpath","value":"//input[@id=\"application-managepartners-display-component---NewPartner--addressNewCostObjectCstID-inner\"]"}
COMMAND: POST /session/8ff87a328fcfa35ca82a4cc6375ae338/element/f.4AFCDA83F841BD0157C4E1BB812E2537.d.4B740418F199F8BBB92561AAABF8F1EC.e.3663/clear - {}
COMMAND: POST /session/8ff87a328fcfa35ca82a4cc6375ae338/element - {"using":"xpath","value":"//input[@id=\"application-managepartners-display-component---NewPartner--addressNewCostObjectCstID-inner\"]"}
RESULT: {"using":"xpath","value":"//input[@id=\"application-managepartners-display-component---NewPartner--addressNewCostObjectCstID-inner\"]"}
COMMAND: POST /session/8ff87a328fcfa35ca82a4cc6375ae338/element/f.4AFCDA83F841BD0157C4E1BB812E2537.d.4B740418F199F8BBB92561AAABF8F1EC.e.3665/clear - {}
RESULT: {}
COMMAND: POST /session/8ff87a328fcfa35ca82a4cc6375ae338/element/f.4AFCDA83F841BD0157C4E1BB812E2537.d.4B740418F199F8BBB92561AAABF8F1EC.e.3665/value - {"text":"10001013"}
COMMAND: GET /session/8ff87a328fcfa35ca82a4cc6375ae338/screenshot - {}
RESULT: {"text":"10001013"}
COMMAND: GET /session/8ff87a328fcfa35ca82a4cc6375ae338/screenshot - {}
RESULT: {}
RESULT: {}
COMMAND: POST /session/8ff87a328fcfa35ca82a4cc6375ae338/element - {"using":"xpath","value":"//input[@id=\"application-managepartners-display-component---NewPartner--companyCodeComboBox-inner\"]"}
RESULT: {"using":"xpath","value":"//input[@id=\"application-managepartners-display-component---NewPartner--companyCodeComboBox-inner\"]"}
COMMAND: POST /session/8ff87a328fcfa35ca82a4cc6375ae338/element/f.4AFCDA83F841BD0157C4E1BB812E2537.d.4B740418F199F8BBB92561AAABF8F1EC.e.3545/clear - {}
RESULT: {}
COMMAND: POST /session/8ff87a328fcfa35ca82a4cc6375ae338/element/f.4AFCDA83F841BD0157C4E1BB812E2537.d.4B740418F199F8BBB92561AAABF8F1EC.e.3545/value - {"text":"C002"}
COMMAND: GET /session/8ff87a328fcfa35ca82a4cc6375ae338/screenshot - {}
RESULT: {}
RESULT: {"text":"C002"}
COMMAND: GET /session/8ff87a328fcfa35ca82a4cc6375ae338/screenshot - {}
RESULT: {}
COMMAND: POST /session/8ff87a328fcfa35ca82a4cc6375ae338/element - {"using":"xpath","value":"//span[contains(text(), \"C002\")]"}
RESULT: {"using":"xpath","value":"//span[contains(text(), \"C002\")]"}
COMMAND: POST /session/8ff87a328fcfa35ca82a4cc6375ae338/element/f.4AFCDA83F841BD0157C4E1BB812E2537.d.4B740418F199F8BBB92561AAABF8F1EC.e.3672/click - {}
RESULT: {}
COMMAND: GET /session/8ff87a328fcfa35ca82a4cc6375ae338/screenshot - {}
RESULT: {}
COMMAND: POST /session/8ff87a328fcfa35ca82a4cc6375ae338/execute/async - {"script":"<script> [1562 bytes]","args":[{"selector":{"id":"application-managepartners-display-component---NewPartner--btnAddTableRow-img"},"wdio_ui5_key":"applicationmanagepartners-display-component---NewPartner--btnAddTableRow-img"}]}
RESULT: {"script":"<script> [1562 bytes]","args":[{"selector":{"id":"application-managepartners-display-component---NewPartner--btnAddTableRow-img"},"wdio_ui5_key":"applicationmanagepartners-display-component---NewPartner--btnAddTableRow-img"}]}
RESULT: undefined
COMMAND: POST /session/8ff87a328fcfa35ca82a4cc6375ae338/element - {"using":"xpath","value":"//*[@id=\"application-managepartners-display-component---NewPartner--btnAddTableRow-img\"]"}
RESULT: {"using":"xpath","value":"//*[@id=\"application-managepartners-display-component---NewPartner--btnAddTableRow-img\"]"}
COMMAND: POST /session/8ff87a328fcfa35ca82a4cc6375ae338/element/f.4AFCDA83F841BD0157C4E1BB812E2537.d.4B740418F199F8BBB92561AAABF8F1EC.e.3673/click - {}
RESULT: {}
COMMAND: GET /session/8ff87a328fcfa35ca82a4cc6375ae338/screenshot - {}
RESULT: {}
COMMAND: POST /session/8ff87a328fcfa35ca82a4cc6375ae338/element - {"using":"xpath","value":"//input[@id=\"application-managepartners-display-component---NewPartner--assignmentYard-application-managepartners-display-component---NewPartner--assignmentsTable-0-inner\"]"}
RESULT: {"using":"xpath","value":"//input[@id=\"application-managepartners-display-component---NewPartner--assignmentYard-application-managepartners-display-component---NewPartner--assignmentsTable-0-inner\"]"}
COMMAND: POST /session/8ff87a328fcfa35ca82a4cc6375ae338/element/f.4AFCDA83F841BD0157C4E1BB812E2537.d.4B740418F199F8BBB92561AAABF8F1EC.e.3676/clear - {}
RESULT: {}
COMMAND: POST /session/8ff87a328fcfa35ca82a4cc6375ae338/element/f.4AFCDA83F841BD0157C4E1BB812E2537.d.4B740418F199F8BBB92561AAABF8F1EC.e.3676/value - {"text":"549"}
COMMAND: GET /session/8ff87a328fcfa35ca82a4cc6375ae338/screenshot - {}
RESULT: {"text":"549"}
COMMAND: GET /session/8ff87a328fcfa35ca82a4cc6375ae338/screenshot - {}
RESULT: {}
RESULT: {}
COMMAND: POST /session/8ff87a328fcfa35ca82a4cc6375ae338/element - {"using":"xpath","value":"//li[.//span[text()='549']]"}
RESULT: {"using":"xpath","value":"//li[.//span[text()='549']]"}
COMMAND: POST /session/8ff87a328fcfa35ca82a4cc6375ae338/element/f.4AFCDA83F841BD0157C4E1BB812E2537.d.4B740418F199F8BBB92561AAABF8F1EC.e.3685/click - {}
RESULT: {}
COMMAND: GET /session/8ff87a328fcfa35ca82a4cc6375ae338/screenshot - {}
RESULT: {}
COMMAND: POST /session/8ff87a328fcfa35ca82a4cc6375ae338/actions - {"actions":[{"id":"action7","type":"key","parameters":{},"actions":[{"type":"keyDown","value":"î€‡"},{"type":"pause","duration":10},{"type":"keyUp","value":"î€‡"}]}]}
RESULT: {"actions":[{"id":"action7","type":"key","parameters":{},"actions":[{"type":"keyDown","value":"î€‡"},{"type":"pause","duration":10},{"type":"keyUp","value":"î€‡"}]}]}
COMMAND: POST /session/8ff87a328fcfa35ca82a4cc6375ae338/execute/async - {"script":"<script> [1562 bytes]","args":[{"selector":{"id":"application-managepartners-display-component---NewPartner--externalCustomerComboBox-application-managepartners-display-component---NewPartner--assignmentsTable-0-vhi"},"wdio_ui5_key":"applicationmanagepartners-display-component---NewPartner--externalCustomerComboBox-application-managepartners-display-component---NewPartner--assignmentsTable-0-vhi"}]}
COMMAND: GET /session/8ff87a328fcfa35ca82a4cc6375ae338/screenshot - {}
RESULT: {"script":"<script> [1562 bytes]","args":[{"selector":{"id":"application-managepartners-display-component---NewPartner--externalCustomerComboBox-application-managepartners-display-component---NewPartner--assignmentsTable-0-vhi"},"wdio_ui5_key":"applicationmanagepartners-display-component---NewPartner--externalCustomerComboBox-application-managepartners-display-component---NewPartner--assignmentsTable-0-vhi"}]}
RESULT: undefined
COMMAND: POST /session/8ff87a328fcfa35ca82a4cc6375ae338/element - {"using":"xpath","value":"//*[@id=\"application-managepartners-display-component---NewPartner--externalCustomerComboBox-application-managepartners-display-component---NewPartner--assignmentsTable-0-vhi\"]"}
RESULT: {}
RESULT: {"using":"xpath","value":"//*[@id=\"application-managepartners-display-component---NewPartner--externalCustomerComboBox-application-managepartners-display-component---NewPartner--assignmentsTable-0-vhi\"]"}
COMMAND: POST /session/8ff87a328fcfa35ca82a4cc6375ae338/element/f.4AFCDA83F841BD0157C4E1BB812E2537.d.4B740418F199F8BBB92561AAABF8F1EC.e.3689/click - {}
RESULT: {}
COMMAND: POST /session/8ff87a328fcfa35ca82a4cc6375ae338/execute/async - {"script":"<script> [1562 bytes]","args":[{"selector":{"controlType":"sap.m.SearchField","properties":{"placeholder":"Search"},"searchOpenDialogs":true,"interaction":{"idSuffix":"I"}},"wdio_ui5_key":"sapm.SearchField{\"placeholder\":\"Search\"}"}]}
COMMAND: GET /session/8ff87a328fcfa35ca82a4cc6375ae338/screenshot - {}
RESULT: {"script":"<script> [1562 bytes]","args":[{"selector":{"controlType":"sap.m.SearchField","properties":{"placeholder":"Search"},"searchOpenDialogs":true,"interaction":{"idSuffix":"I"}},"wdio_ui5_key":"sapm.SearchField{\"placeholder\":\"Search\"}"}]}
RESULT: undefined
COMMAND: POST /session/8ff87a328fcfa35ca82a4cc6375ae338/execute/async - {"script":"<script> [776 bytes]","args":[{"enterText":"300003","selector":{"controlType":"sap.m.SearchField","properties":{"placeholder":"Search"},"searchOpenDialogs":true,"interaction":{"idSuffix":"I"}},"clearTextFirst":true,"interactionType":"ENTER_TEXT"}]}
RESULT: {}
RESULT: {"script":"<script> [776 bytes]","args":[{"enterText":"300003","selector":{"controlType":"sap.m.SearchField","properties":{"placeholder":"Search"},"searchOpenDialogs":true,"interaction":{"idSuffix":"I"}},"clearTextFirst":true,"interactionType":"ENTER_TEXT"}]}
COMMAND: POST /session/8ff87a328fcfa35ca82a4cc6375ae338/actions - {"actions":[{"id":"action8","type":"key","parameters":{},"actions":[{"type":"keyDown","value":"î€‡"},{"type":"pause","duration":10},{"type":"keyUp","value":"î€‡"}]}]}
RESULT: {"actions":[{"id":"action8","type":"key","parameters":{},"actions":[{"type":"keyDown","value":"î€‡"},{"type":"pause","duration":10},{"type":"keyUp","value":"î€‡"}]}]}
COMMAND: GET /session/8ff87a328fcfa35ca82a4cc6375ae338/screenshot - {}
RESULT: {}
COMMAND: POST /session/8ff87a328fcfa35ca82a4cc6375ae338/element - {"using":"xpath","value":"//span[contains(text(), \"300003\")]"}
RESULT: {"using":"xpath","value":"//span[contains(text(), \"300003\")]"}
COMMAND: POST /session/8ff87a328fcfa35ca82a4cc6375ae338/element/f.4AFCDA83F841BD0157C4E1BB812E2537.d.4B740418F199F8BBB92561AAABF8F1EC.e.3712/click - {}
RESULT: {}
COMMAND: GET /session/8ff87a328fcfa35ca82a4cc6375ae338/screenshot - {}
RESULT: {}
COMMAND: POST /session/8ff87a328fcfa35ca82a4cc6375ae338/element - {"using":"xpath","value":"//bdi[contains(text(), \"OK\")]"}
RESULT: {"using":"xpath","value":"//bdi[contains(text(), \"OK\")]"}
COMMAND: POST /session/8ff87a328fcfa35ca82a4cc6375ae338/element/f.4AFCDA83F841BD0157C4E1BB812E2537.d.4B740418F199F8BBB92561AAABF8F1EC.e.3714/click - {}
RESULT: {}
COMMAND: GET /session/8ff87a328fcfa35ca82a4cc6375ae338/screenshot - {}
RESULT: {}
COMMAND: POST /session/8ff87a328fcfa35ca82a4cc6375ae338/execute/async - {"script":"<script> [1562 bytes]","args":[{"selector":{"id":"application-managepartners-display-component---NewPartner--intercompVendorComboBox-application-managepartners-display-component---NewPartner--assignmentsTable-0-vhi"},"wdio_ui5_key":"applicationmanagepartners-display-component---NewPartner--intercompVendorComboBox-application-managepartners-display-component---NewPartner--assignmentsTable-0-vhi"}]}
RESULT: {"script":"<script> [1562 bytes]","args":[{"selector":{"id":"application-managepartners-display-component---NewPartner--intercompVendorComboBox-application-managepartners-display-component---NewPartner--assignmentsTable-0-vhi"},"wdio_ui5_key":"applicationmanagepartners-display-component---NewPartner--intercompVendorComboBox-application-managepartners-display-component---NewPartner--assignmentsTable-0-vhi"}]}
RESULT: undefined
COMMAND: POST /session/8ff87a328fcfa35ca82a4cc6375ae338/element - {"using":"xpath","value":"//*[@id=\"application-managepartners-display-component---NewPartner--intercompVendorComboBox-application-managepartners-display-component---NewPartner--assignmentsTable-0-vhi\"]"}
RESULT: {"using":"xpath","value":"//*[@id=\"application-managepartners-display-component---NewPartner--intercompVendorComboBox-application-managepartners-display-component---NewPartner--assignmentsTable-0-vhi\"]"}
COMMAND: POST /session/8ff87a328fcfa35ca82a4cc6375ae338/element/f.4AFCDA83F841BD0157C4E1BB812E2537.d.4B740418F199F8BBB92561AAABF8F1EC.e.3718/click - {}
RESULT: {}
RESULT: undefined
COMMAND: POST /session/8ff87a328fcfa35ca82a4cc6375ae338/execute/async - {"script":"<script> [776 bytes]","args":[{"enterText":"100005","selector":{"controlType":"sap.m.SearchField","properties":{"placeholder":"Search"},"searchOpenDialogs":true,"interaction":{"idSuffix":"I"}},"clearTextFirst":true,"interactionType":"ENTER_TEXT"}]}
COMMAND: GET /session/8ff87a328fcfa35ca82a4cc6375ae338/screenshot - {}
RESULT: {"script":"<script> [776 bytes]","args":[{"enterText":"100005","selector":{"controlType":"sap.m.SearchField","properties":{"placeholder":"Search"},"searchOpenDialogs":true,"interaction":{"idSuffix":"I"}},"clearTextFirst":true,"interactionType":"ENTER_TEXT"}]}
COMMAND: POST /session/8ff87a328fcfa35ca82a4cc6375ae338/actions - {"actions":[{"id":"action9","type":"key","parameters":{},"actions":[{"type":"keyDown","value":"î€‡"},{"type":"pause","duration":10},{"type":"keyUp","value":"î€‡"}]}]}
RESULT: {}
RESULT: {"actions":[{"id":"action9","type":"key","parameters":{},"actions":[{"type":"keyDown","value":"î€‡"},{"type":"pause","duration":10},{"type":"keyUp","value":"î€‡"}]}]}
COMMAND: GET /session/8ff87a328fcfa35ca82a4cc6375ae338/screenshot - {}
RESULT: {}
COMMAND: POST /session/8ff87a328fcfa35ca82a4cc6375ae338/element - {"using":"xpath","value":"//span[contains(text(), \"Penguins - Field/12345 Berlin\")]"}
RESULT: {"using":"xpath","value":"//span[contains(text(), \"Penguins - Field/12345 Berlin\")]"}
COMMAND: POST /session/8ff87a328fcfa35ca82a4cc6375ae338/element/f.4AFCDA83F841BD0157C4E1BB812E2537.d.4B740418F199F8BBB92561AAABF8F1EC.e.3737/click - {}
RESULT: {}
COMMAND: GET /session/8ff87a328fcfa35ca82a4cc6375ae338/screenshot - {}
RESULT: {}
COMMAND: POST /session/8ff87a328fcfa35ca82a4cc6375ae338/element - {"using":"xpath","value":"//bdi[contains(text(), \"OK\")]"}
RESULT: {"using":"xpath","value":"//bdi[contains(text(), \"OK\")]"}
COMMAND: POST /session/8ff87a328fcfa35ca82a4cc6375ae338/element/f.4AFCDA83F841BD0157C4E1BB812E2537.d.4B740418F199F8BBB92561AAABF8F1EC.e.3738/click - {}
RESULT: {}
COMMAND: GET /session/8ff87a328fcfa35ca82a4cc6375ae338/screenshot - {}
RESULT: {}
COMMAND: POST /session/8ff87a328fcfa35ca82a4cc6375ae338/element - {"using":"xpath","value":"//button[@data-kt=\"saveButton\"]"}
RESULT: {"using":"xpath","value":"//button[@data-kt=\"saveButton\"]"}
COMMAND: POST /session/8ff87a328fcfa35ca82a4cc6375ae338/element/f.4AFCDA83F841BD0157C4E1BB812E2537.d.4B740418F199F8BBB92561AAABF8F1EC.e.3622/click - {}
RESULT: {}
COMMAND: GET /session/8ff87a328fcfa35ca82a4cc6375ae338/screenshot - {}
RESULT: {}
COMMAND: POST /session/8ff87a328fcfa35ca82a4cc6375ae338/element - {"using":"xpath","value":"//header[contains(@id, 'ObjectPageLayout-headerTitle')]/div[1]/div[2]/div[2]/span[1]"}
RESULT: {"using":"xpath","value":"//header[contains(@id, 'ObjectPageLayout-headerTitle')]/div[1]/div[2]/div[2]/span[1]"}
COMMAND: POST /session/8ff87a328fcfa35ca82a4cc6375ae338/elements - {"using":"xpath","value":"//header[contains(@id, 'ObjectPageLayout-headerTitle')]/div[1]/div[2]/div[2]/span[1]"}
RESULT: {"using":"xpath","value":"//header[contains(@id, 'ObjectPageLayout-headerTitle')]/div[1]/div[2]/div[2]/span[1]"}
COMMAND: POST /session/8ff87a328fcfa35ca82a4cc6375ae338/execute/sync - {"script":"<script> [56 bytes]","args":[{"element-6066-11e4-a52e-4f735466cecf":"f.4AFCDA83F841BD0157C4E1BB812E2537.d.4B740418F199F8BBB92561AAABF8F1EC.e.3902","ELEMENT":"f.4AFCDA83F841BD0157C4E1BB812E2537.d.4B740418F199F8BBB92561AAABF8F1EC.e.3902"}]}
RESULT: {"script":"<script> [56 bytes]","args":[{"element-6066-11e4-a52e-4f735466cecf":"f.4AFCDA83F841BD0157C4E1BB812E2537.d.4B740418F199F8BBB92561AAABF8F1EC.e.3902","ELEMENT":"f.4AFCDA83F841BD0157C4E1BB812E2537.d.4B740418F199F8BBB92561AAABF8F1EC.e.3902"}]}
COMMAND: POST /session/8ff87a328fcfa35ca82a4cc6375ae338/element - {"using":"css selector","value":"#shell-header-logo"}
COMMAND: GET /session/8ff87a328fcfa35ca82a4cc6375ae338/screenshot - {}
RESULT: {"using":"css selector","value":"#shell-header-logo"}
COMMAND: POST /session/8ff87a328fcfa35ca82a4cc6375ae338/element/f.4AFCDA83F841BD0157C4E1BB812E2537.d.4B740418F199F8BBB92561AAABF8F1EC.e.3154/click - {}
RESULT: {}
RESULT: {}
COMMAND: GET /session/8ff87a328fcfa35ca82a4cc6375ae338/screenshot - {}
RESULT: {}
COMMAND: POST /session/8ff87a328fcfa35ca82a4cc6375ae338/execute/sync - {"script":"<script> [299 bytes]","args":[["getModel","getResource"]]}
RESULT: {"script":"<script> [299 bytes]","args":[["getModel","getResource"]]}
RESULT: undefined
COMMAND: POST /session/8ff87a328fcfa35ca82a4cc6375ae338/element - {"using":"xpath","value":"//*[@id=\"__tile30\"]"}
COMMAND: GET /session/8ff87a328fcfa35ca82a4cc6375ae338/screenshot - {}
RESULT: {"using":"xpath","value":"//*[@id=\"__tile30\"]"}
COMMAND: POST /session/8ff87a328fcfa35ca82a4cc6375ae338/element/f.4AFCDA83F841BD0157C4E1BB812E2537.d.4B740418F199F8BBB92561AAABF8F1EC.e.3075/click - {}
RESULT: {}
RESULT: {}
COMMAND: POST /session/8ff87a328fcfa35ca82a4cc6375ae338/element - {"using":"xpath","value":"//button[@data-kt=\"addButton\"]"}
COMMAND: GET /session/8ff87a328fcfa35ca82a4cc6375ae338/screenshot - {}
RESULT: {"using":"xpath","value":"//button[@data-kt=\"addButton\"]"}
COMMAND: POST /session/8ff87a328fcfa35ca82a4cc6375ae338/elements - {"using":"xpath","value":"//button[@data-kt=\"addButton\"]"}
RESULT: {}
RESULT: {"using":"xpath","value":"//button[@data-kt=\"addButton\"]"}
COMMAND: POST /session/8ff87a328fcfa35ca82a4cc6375ae338/elements - {"using":"xpath","value":"//button[@data-kt=\"addButton\"]"}
RESULT: {"using":"xpath","value":"//button[@data-kt=\"addButton\"]"}
COMMAND: POST /session/8ff87a328fcfa35ca82a4cc6375ae338/elements - {"using":"xpath","value":"//button[@data-kt=\"addButton\"]"}
RESULT: {"using":"xpath","value":"//button[@data-kt=\"addButton\"]"}
COMMAND: POST /session/8ff87a328fcfa35ca82a4cc6375ae338/elements - {"using":"xpath","value":"//button[@data-kt=\"addButton\"]"}
RESULT: {"using":"xpath","value":"//button[@data-kt=\"addButton\"]"}
COMMAND: POST /session/8ff87a328fcfa35ca82a4cc6375ae338/elements - {"using":"xpath","value":"//button[@data-kt=\"addButton\"]"}
RESULT: {"using":"xpath","value":"//button[@data-kt=\"addButton\"]"}
COMMAND: POST /session/8ff87a328fcfa35ca82a4cc6375ae338/elements - {"using":"xpath","value":"//button[@data-kt=\"addButton\"]"}
RESULT: {"using":"xpath","value":"//button[@data-kt=\"addButton\"]"}
COMMAND: POST /session/8ff87a328fcfa35ca82a4cc6375ae338/elements - {"using":"xpath","value":"//button[@data-kt=\"addButton\"]"}
RESULT: {"using":"xpath","value":"//button[@data-kt=\"addButton\"]"}
COMMAND: POST /session/8ff87a328fcfa35ca82a4cc6375ae338/elements - {"using":"xpath","value":"//button[@data-kt=\"addButton\"]"}
RESULT: {"using":"xpath","value":"//button[@data-kt=\"addButton\"]"}
COMMAND: POST /session/8ff87a328fcfa35ca82a4cc6375ae338/elements - {"using":"xpath","value":"//button[@data-kt=\"addButton\"]"}
RESULT: {"using":"xpath","value":"//button[@data-kt=\"addButton\"]"}
COMMAND: POST /session/8ff87a328fcfa35ca82a4cc6375ae338/elements - {"using":"xpath","value":"//button[@data-kt=\"addButton\"]"}
RESULT: {"using":"xpath","value":"//button[@data-kt=\"addButton\"]"}
COMMAND: POST /session/8ff87a328fcfa35ca82a4cc6375ae338/elements - {"using":"xpath","value":"//button[@data-kt=\"addButton\"]"}
RESULT: {"using":"xpath","value":"//button[@data-kt=\"addButton\"]"}
COMMAND: POST /session/8ff87a328fcfa35ca82a4cc6375ae338/elements - {"using":"xpath","value":"//button[@data-kt=\"addButton\"]"}
RESULT: {"using":"xpath","value":"//button[@data-kt=\"addButton\"]"}
COMMAND: POST /session/8ff87a328fcfa35ca82a4cc6375ae338/elements - {"using":"xpath","value":"//button[@data-kt=\"addButton\"]"}
RESULT: {"using":"xpath","value":"//button[@data-kt=\"addButton\"]"}
COMMAND: POST /session/8ff87a328fcfa35ca82a4cc6375ae338/elements - {"using":"xpath","value":"//button[@data-kt=\"addButton\"]"}
RESULT: {"using":"xpath","value":"//button[@data-kt=\"addButton\"]"}
COMMAND: POST /session/8ff87a328fcfa35ca82a4cc6375ae338/elements - {"using":"xpath","value":"//button[@data-kt=\"addButton\"]"}
RESULT: {"using":"xpath","value":"//button[@data-kt=\"addButton\"]"}
COMMAND: POST /session/8ff87a328fcfa35ca82a4cc6375ae338/elements - {"using":"xpath","value":"//button[@data-kt=\"addButton\"]"}
RESULT: {"using":"xpath","value":"//button[@data-kt=\"addButton\"]"}
COMMAND: POST /session/8ff87a328fcfa35ca82a4cc6375ae338/elements - {"using":"xpath","value":"//button[@data-kt=\"addButton\"]"}
RESULT: {"using":"xpath","value":"//button[@data-kt=\"addButton\"]"}
COMMAND: POST /session/8ff87a328fcfa35ca82a4cc6375ae338/elements - {"using":"xpath","value":"//button[@data-kt=\"addButton\"]"}
RESULT: {"using":"xpath","value":"//button[@data-kt=\"addButton\"]"}
COMMAND: POST /session/8ff87a328fcfa35ca82a4cc6375ae338/elements - {"using":"xpath","value":"//button[@data-kt=\"addButton\"]"}
RESULT: {"using":"xpath","value":"//button[@data-kt=\"addButton\"]"}
COMMAND: POST /session/8ff87a328fcfa35ca82a4cc6375ae338/element - {"using":"xpath","value":"//button[@data-kt=\"addButton\"]"}
RESULT: {"using":"xpath","value":"//button[@data-kt=\"addButton\"]"}
COMMAND: POST /session/8ff87a328fcfa35ca82a4cc6375ae338/execute/sync - {"script":"<script> [8489 bytes]","args":[{"element-6066-11e4-a52e-4f735466cecf":"f.4AFCDA83F841BD0157C4E1BB812E2537.d.4B740418F199F8BBB92561AAABF8F1EC.e.3938","ELEMENT":"f.4AFCDA83F841BD0157C4E1BB812E2537.d.4B740418F199F8BBB92561AAABF8F1EC.e.3938"}]}
RESULT: {"script":"<script> [8489 bytes]","args":[{"element-6066-11e4-a52e-4f735466cecf":"f.4AFCDA83F841BD0157C4E1BB812E2537.d.4B740418F199F8BBB92561AAABF8F1EC.e.3938","ELEMENT":"f.4AFCDA83F841BD0157C4E1BB812E2537.d.4B740418F199F8BBB92561AAABF8F1EC.e.3938"}]}
COMMAND: GET /session/8ff87a328fcfa35ca82a4cc6375ae338/element/f.4AFCDA83F841BD0157C4E1BB812E2537.d.4B740418F199F8BBB92561AAABF8F1EC.e.3938/enabled - {}
COMMAND: GET /session/8ff87a328fcfa35ca82a4cc6375ae338/screenshot - {}
RESULT: {}
COMMAND: POST /session/8ff87a328fcfa35ca82a4cc6375ae338/execute/sync - {"script":"<script> [8489 bytes]","args":[{"element-6066-11e4-a52e-4f735466cecf":"f.4AFCDA83F841BD0157C4E1BB812E2537.d.4B740418F199F8BBB92561AAABF8F1EC.e.3938","ELEMENT":"f.4AFCDA83F841BD0157C4E1BB812E2537.d.4B740418F199F8BBB92561AAABF8F1EC.e.3938"}]}
COMMAND: GET /session/8ff87a328fcfa35ca82a4cc6375ae338/screenshot - {}
RESULT: {}
RESULT: {"script":"<script> [8489 bytes]","args":[{"element-6066-11e4-a52e-4f735466cecf":"f.4AFCDA83F841BD0157C4E1BB812E2537.d.4B740418F199F8BBB92561AAABF8F1EC.e.3938","ELEMENT":"f.4AFCDA83F841BD0157C4E1BB812E2537.d.4B740418F199F8BBB92561AAABF8F1EC.e.3938"}]}
COMMAND: POST /session/8ff87a328fcfa35ca82a4cc6375ae338/execute/sync - {"script":"<script> [5351 bytes]","args":[{"element-6066-11e4-a52e-4f735466cecf":"f.4AFCDA83F841BD0157C4E1BB812E2537.d.4B740418F199F8BBB92561AAABF8F1EC.e.3938","ELEMENT":"f.4AFCDA83F841BD0157C4E1BB812E2537.d.4B740418F199F8BBB92561AAABF8F1EC.e.3938"}]}
COMMAND: GET /session/8ff87a328fcfa35ca82a4cc6375ae338/screenshot - {}
RESULT: {}
RESULT: {"script":"<script> [5351 bytes]","args":[{"element-6066-11e4-a52e-4f735466cecf":"f.4AFCDA83F841BD0157C4E1BB812E2537.d.4B740418F199F8BBB92561AAABF8F1EC.e.3938","ELEMENT":"f.4AFCDA83F841BD0157C4E1BB812E2537.d.4B740418F199F8BBB92561AAABF8F1EC.e.3938"}]}
COMMAND: GET /session/8ff87a328fcfa35ca82a4cc6375ae338/screenshot - {}
RESULT: {}
RESULT: {}
COMMAND: POST /session/8ff87a328fcfa35ca82a4cc6375ae338/execute/async - {"script":"<script> [1562 bytes]","args":[{"selector":{"id":"application-managepartners-display-component---masterPtm--smartFilterBar-btnBasicSearch","interaction":{"idSuffix":"I"}},"wdio_ui5_key":"applicationmanagepartners-display-component---masterPtm--smartFilterBar-btnBasicSearch"}]}
RESULT: {"script":"<script> [1562 bytes]","args":[{"selector":{"id":"application-managepartners-display-component---masterPtm--smartFilterBar-btnBasicSearch","interaction":{"idSuffix":"I"}},"wdio_ui5_key":"applicationmanagepartners-display-component---masterPtm--smartFilterBar-btnBasicSearch"}]}
RESULT: undefined
COMMAND: POST /session/8ff87a328fcfa35ca82a4cc6375ae338/execute/async - {"script":"<script> [776 bytes]","args":[{"enterText":"1426","selector":{"id":"application-managepartners-display-component---masterPtm--smartFilterBar-btnBasicSearch","interaction":{"idSuffix":"I"}},"clearTextFirst":true,"interactionType":"ENTER_TEXT"}]}
RESULT: {"script":"<script> [776 bytes]","args":[{"enterText":"1426","selector":{"id":"application-managepartners-display-component---masterPtm--smartFilterBar-btnBasicSearch","interaction":{"idSuffix":"I"}},"clearTextFirst":true,"interactionType":"ENTER_TEXT"}]}
COMMAND: POST /session/8ff87a328fcfa35ca82a4cc6375ae338/actions - {"actions":[{"id":"action10","type":"key","parameters":{},"actions":[{"type":"keyDown","value":"î€‡"},{"type":"pause","duration":10},{"type":"keyUp","value":"î€‡"}]}]}
RESULT: {"actions":[{"id":"action10","type":"key","parameters":{},"actions":[{"type":"keyDown","value":"î€‡"},{"type":"pause","duration":10},{"type":"keyUp","value":"î€‡"}]}]}
COMMAND: GET /session/8ff87a328fcfa35ca82a4cc6375ae338/screenshot - {}
RESULT: {}
COMMAND: POST /session/8ff87a328fcfa35ca82a4cc6375ae338/elements - {"using":"xpath","value":"//table[contains(@id, \"customPartnersTable-listUl\")]/tbody/tr"}
RESULT: {"using":"xpath","value":"//table[contains(@id, \"customPartnersTable-listUl\")]/tbody/tr"}
COMMAND: POST /session/8ff87a328fcfa35ca82a4cc6375ae338/element - {"using":"xpath","value":"//table[contains(@id, \"customPartnersTable-listUl\")]/tbody/tr[1]/td[3]/span"}
RESULT: {"using":"xpath","value":"//table[contains(@id, \"customPartnersTable-listUl\")]/tbody/tr[1]/td[3]/span"}
COMMAND: POST /session/8ff87a328fcfa35ca82a4cc6375ae338/elements - {"using":"xpath","value":"//table[contains(@id, \"customPartnersTable-listUl\")]/tbody/tr[1]/td[3]/span"}
RESULT: {"using":"xpath","value":"//table[contains(@id, \"customPartnersTable-listUl\")]/tbody/tr[1]/td[3]/span"}
COMMAND: POST /session/8ff87a328fcfa35ca82a4cc6375ae338/execute/sync - {"script":"<script> [56 bytes]","args":[{"element-6066-11e4-a52e-4f735466cecf":"f.4AFCDA83F841BD0157C4E1BB812E2537.d.4B740418F199F8BBB92561AAABF8F1EC.e.4085","ELEMENT":"f.4AFCDA83F841BD0157C4E1BB812E2537.d.4B740418F199F8BBB92561AAABF8F1EC.e.4085"}]}
RESULT: {"script":"<script> [56 bytes]","args":[{"element-6066-11e4-a52e-4f735466cecf":"f.4AFCDA83F841BD0157C4E1BB812E2537.d.4B740418F199F8BBB92561AAABF8F1EC.e.4085","ELEMENT":"f.4AFCDA83F841BD0157C4E1BB812E2537.d.4B740418F199F8BBB92561AAABF8F1EC.e.4085"}]}
COMMAND: POST /session/8ff87a328fcfa35ca82a4cc6375ae338/element - {"using":"xpath","value":"(//span[contains(@id, \"imgNav\")])[1]"}
COMMAND: GET /session/8ff87a328fcfa35ca82a4cc6375ae338/screenshot - {}
RESULT: {"using":"xpath","value":"(//span[contains(@id, \"imgNav\")])[1]"}
COMMAND: POST /session/8ff87a328fcfa35ca82a4cc6375ae338/element/f.4AFCDA83F841BD0157C4E1BB812E2537.d.4B740418F199F8BBB92561AAABF8F1EC.e.4083/click - {}
RESULT: {}
RESULT: {}
COMMAND: GET /session/8ff87a328fcfa35ca82a4cc6375ae338/screenshot - {}
RESULT: {}
COMMAND: POST /session/8ff87a328fcfa35ca82a4cc6375ae338/element - {"using":"xpath","value":"//bdi[contains(text(), \"Edit\")]"}
RESULT: {"using":"xpath","value":"//bdi[contains(text(), \"Edit\")]"}
COMMAND: POST /session/8ff87a328fcfa35ca82a4cc6375ae338/element/f.4AFCDA83F841BD0157C4E1BB812E2537.d.4B740418F199F8BBB92561AAABF8F1EC.e.4230/click - {}
RESULT: {}
COMMAND: GET /session/8ff87a328fcfa35ca82a4cc6375ae338/screenshot - {}
RESULT: {}
COMMAND: POST /session/8ff87a328fcfa35ca82a4cc6375ae338/execute/async - {"script":"<script> [1562 bytes]","args":[{"selector":{"controlType":"sap.m.Input","viewName":"etm.portal.ui.managepartners.view.EditDetail","labelFor":{"text":"Name"},"interaction":{"idSuffix":"inner"}},"wdio_ui5_key":"etmportal.ui.managepartners.view.EditDetailsap.m.Input{\"text\":\"Name\"}"}]}
RESULT: {"script":"<script> [1562 bytes]","args":[{"selector":{"controlType":"sap.m.Input","viewName":"etm.portal.ui.managepartners.view.EditDetail","labelFor":{"text":"Name"},"interaction":{"idSuffix":"inner"}},"wdio_ui5_key":"etmportal.ui.managepartners.view.EditDetailsap.m.Input{\"text\":\"Name\"}"}]}
RESULT: undefined
COMMAND: POST /session/8ff87a328fcfa35ca82a4cc6375ae338/execute/async - {"script":"<script> [776 bytes]","args":[{"enterText":"Intercompany EDIT","selector":{"controlType":"sap.m.Input","viewName":"etm.portal.ui.managepartners.view.EditDetail","labelFor":{"text":"Name"},"interaction":{"idSuffix":"inner"}},"clearTextFirst":true,"interactionType":"ENTER_TEXT"}]}
RESULT: {"script":"<script> [776 bytes]","args":[{"enterText":"Intercompany EDIT","selector":{"controlType":"sap.m.Input","viewName":"etm.portal.ui.managepartners.view.EditDetail","labelFor":{"text":"Name"},"interaction":{"idSuffix":"inner"}},"clearTextFirst":true,"interactionType":"ENTER_TEXT"}]}
COMMAND: POST /session/8ff87a328fcfa35ca82a4cc6375ae338/element - {"using":"xpath","value":"(//span[contains(@id,\"addressDetailDetailsLanguage-arrow\")])[1]"}
RESULT: {"using":"xpath","value":"(//span[contains(@id,\"addressDetailDetailsLanguage-arrow\")])[1]"}
COMMAND: POST /session/8ff87a328fcfa35ca82a4cc6375ae338/element/f.4AFCDA83F841BD0157C4E1BB812E2537.d.4B740418F199F8BBB92561AAABF8F1EC.e.4314/click - {}
RESULT: {}
COMMAND: POST /session/8ff87a328fcfa35ca82a4cc6375ae338/element - {"using":"xpath","value":"//span[contains(text(), \"Chinese\")]"}
COMMAND: GET /session/8ff87a328fcfa35ca82a4cc6375ae338/screenshot - {}
RESULT: {"using":"xpath","value":"//span[contains(text(), \"Chinese\")]"}
COMMAND: POST /session/8ff87a328fcfa35ca82a4cc6375ae338/element/f.4AFCDA83F841BD0157C4E1BB812E2537.d.4B740418F199F8BBB92561AAABF8F1EC.e.4315/click - {}
RESULT: {}
RESULT: {}
COMMAND: GET /session/8ff87a328fcfa35ca82a4cc6375ae338/screenshot - {}
RESULT: {}
COMMAND: POST /session/8ff87a328fcfa35ca82a4cc6375ae338/execute/async - {"script":"<script> [1562 bytes]","args":[{"selector":{"controlType":"sap.m.Input","viewName":"etm.portal.ui.managepartners.view.EditDetail","labelFor":{"text":"City"},"interaction":{"idSuffix":"inner"}},"wdio_ui5_key":"etmportal.ui.managepartners.view.EditDetailsap.m.Input{\"text\":\"City\"}"}]}
RESULT: {"script":"<script> [1562 bytes]","args":[{"selector":{"controlType":"sap.m.Input","viewName":"etm.portal.ui.managepartners.view.EditDetail","labelFor":{"text":"City"},"interaction":{"idSuffix":"inner"}},"wdio_ui5_key":"etmportal.ui.managepartners.view.EditDetailsap.m.Input{\"text\":\"City\"}"}]}
RESULT: undefined
COMMAND: POST /session/8ff87a328fcfa35ca82a4cc6375ae338/execute/async - {"script":"<script> [776 bytes]","args":[{"enterText":"Clooj-Napoca","selector":{"controlType":"sap.m.Input","viewName":"etm.portal.ui.managepartners.view.EditDetail","labelFor":{"text":"City"},"interaction":{"idSuffix":"inner"}},"clearTextFirst":true,"interactionType":"ENTER_TEXT"}]}
RESULT: {"script":"<script> [776 bytes]","args":[{"enterText":"Clooj-Napoca","selector":{"controlType":"sap.m.Input","viewName":"etm.portal.ui.managepartners.view.EditDetail","labelFor":{"text":"City"},"interaction":{"idSuffix":"inner"}},"clearTextFirst":true,"interactionType":"ENTER_TEXT"}]}
COMMAND: POST /session/8ff87a328fcfa35ca82a4cc6375ae338/element - {"using":"xpath","value":"//button[@data-kt=\"saveButton\"]"}
RESULT: {"using":"xpath","value":"//button[@data-kt=\"saveButton\"]"}
COMMAND: POST /session/8ff87a328fcfa35ca82a4cc6375ae338/element/f.4AFCDA83F841BD0157C4E1BB812E2537.d.4B740418F199F8BBB92561AAABF8F1EC.e.4292/click - {}
RESULT: {}
COMMAND: GET /session/8ff87a328fcfa35ca82a4cc6375ae338/screenshot - {}
RESULT: {}
COMMAND: POST /session/8ff87a328fcfa35ca82a4cc6375ae338/execute/async - {"script":"<script> [1562 bytes]","args":[{"selector":{"id":"application-managepartners-display-component---detailPtm--addressDetailDetailsName1"},"wdio_ui5_key":"applicationmanagepartners-display-component---detailPtm--addressDetailDetailsName1"}]}
RESULT: {"script":"<script> [1562 bytes]","args":[{"selector":{"id":"application-managepartners-display-component---detailPtm--addressDetailDetailsName1"},"wdio_ui5_key":"applicationmanagepartners-display-component---detailPtm--addressDetailDetailsName1"}]}
RESULT: undefined
COMMAND: POST /session/8ff87a328fcfa35ca82a4cc6375ae338/execute/async - {"script":"<script> [6424 bytes]","args":[{"element-6066-11e4-a52e-4f735466cecf":"f.4AFCDA83F841BD0157C4E1BB812E2537.d.4B740418F199F8BBB92561AAABF8F1EC.e.4346"},"getValue",[]]}
RESULT: {"script":"<script> [6424 bytes]","args":[{"element-6066-11e4-a52e-4f735466cecf":"f.4AFCDA83F841BD0157C4E1BB812E2537.d.4B740418F199F8BBB92561AAABF8F1EC.e.4346"},"getValue",[]]}
COMMAND: POST /session/8ff87a328fcfa35ca82a4cc6375ae338/element - {"using":"xpath","value":"//input[@id = \"application-managepartners-display-component---detailPtm--addressDetailDetailsLanguage-inner\"]"}
RESULT: {"using":"xpath","value":"//input[@id = \"application-managepartners-display-component---detailPtm--addressDetailDetailsLanguage-inner\"]"}
COMMAND: GET /session/8ff87a328fcfa35ca82a4cc6375ae338/element/f.4AFCDA83F841BD0157C4E1BB812E2537.d.4B740418F199F8BBB92561AAABF8F1EC.e.4347/property/value - {}
RESULT: {}
COMMAND: POST /session/8ff87a328fcfa35ca82a4cc6375ae338/execute/async - {"script":"<script> [1562 bytes]","args":[{"selector":{"id":"application-managepartners-display-component---detailPtm--addressDetailDetailsCity1"},"wdio_ui5_key":"applicationmanagepartners-display-component---detailPtm--addressDetailDetailsCity1"}]}
COMMAND: GET /session/8ff87a328fcfa35ca82a4cc6375ae338/screenshot - {}
RESULT: {"script":"<script> [1562 bytes]","args":[{"selector":{"id":"application-managepartners-display-component---detailPtm--addressDetailDetailsCity1"},"wdio_ui5_key":"applicationmanagepartners-display-component---detailPtm--addressDetailDetailsCity1"}]}
RESULT: undefined
COMMAND: POST /session/8ff87a328fcfa35ca82a4cc6375ae338/execute/async - {"script":"<script> [6424 bytes]","args":[{"element-6066-11e4-a52e-4f735466cecf":"f.4AFCDA83F841BD0157C4E1BB812E2537.d.4B740418F199F8BBB92561AAABF8F1EC.e.4348"},"getValue",[]]}
RESULT: {}
RESULT: {"script":"<script> [6424 bytes]","args":[{"element-6066-11e4-a52e-4f735466cecf":"f.4AFCDA83F841BD0157C4E1BB812E2537.d.4B740418F199F8BBB92561AAABF8F1EC.e.4348"},"getValue",[]]}
COMMAND: POST /session/8ff87a328fcfa35ca82a4cc6375ae338/element - {"using":"css selector","value":"#shell-header-logo"}
RESULT: {"using":"css selector","value":"#shell-header-logo"}
COMMAND: POST /session/8ff87a328fcfa35ca82a4cc6375ae338/element/f.4AFCDA83F841BD0157C4E1BB812E2537.d.4B740418F199F8BBB92561AAABF8F1EC.e.3905/click - {}
RESULT: {}
COMMAND: GET /session/8ff87a328fcfa35ca82a4cc6375ae338/screenshot - {}
RESULT: {}
]]></system-out>
    </testcase>
    <testcase classname="chrome.135_0_7049_96.windows.Partner_specific_tests_US150819_US151080_US151654_US151176_US103444_US151078_US151079_US151109_US151174_US151175_US151189" name="Should create a new intracompany partner edit some of its fields US151079" time="253.337">
      <system-out><![CDATA[
COMMAND: POST /session/8ff87a328fcfa35ca82a4cc6375ae338/element - {"using":"xpath","value":"//li[.//span[text()=\"Manage Partners\"]]"}
RESULT: {"using":"xpath","value":"//li[.//span[text()=\"Manage Partners\"]]"}
COMMAND: POST /session/8ff87a328fcfa35ca82a4cc6375ae338/element - {"using":"xpath","value":"//li[.//span[text()=\"Manage Partners\"]]"}
RESULT: {"using":"xpath","value":"//li[.//span[text()=\"Manage Partners\"]]"}
COMMAND: POST /session/8ff87a328fcfa35ca82a4cc6375ae338/element - {"using":"css selector","value":"#shell-header-logo"}
RESULT: {"using":"css selector","value":"#shell-header-logo"}
COMMAND: POST /session/8ff87a328fcfa35ca82a4cc6375ae338/element/f.4AFCDA83F841BD0157C4E1BB812E2537.d.4B740418F199F8BBB92561AAABF8F1EC.e.4378/click - {}
COMMAND: POST /session/8ff87a328fcfa35ca82a4cc6375ae338/execute/sync - {"script":"<script> [8489 bytes]","args":[{"element-6066-11e4-a52e-4f735466cecf":"f.4AFCDA83F841BD0157C4E1BB812E2537.d.4B740418F199F8BBB92561AAABF8F1EC.e.4378","ELEMENT":"f.4AFCDA83F841BD0157C4E1BB812E2537.d.4B740418F199F8BBB92561AAABF8F1EC.e.4378"}]}
RESULT: {}
COMMAND: GET /session/8ff87a328fcfa35ca82a4cc6375ae338/screenshot - {}
RESULT: {"script":"<script> [8489 bytes]","args":[{"element-6066-11e4-a52e-4f735466cecf":"f.4AFCDA83F841BD0157C4E1BB812E2537.d.4B740418F199F8BBB92561AAABF8F1EC.e.4378","ELEMENT":"f.4AFCDA83F841BD0157C4E1BB812E2537.d.4B740418F199F8BBB92561AAABF8F1EC.e.4378"}]}
COMMAND: POST /session/8ff87a328fcfa35ca82a4cc6375ae338/execute/sync - {"script":"<script> [5351 bytes]","args":[{"element-6066-11e4-a52e-4f735466cecf":"f.4AFCDA83F841BD0157C4E1BB812E2537.d.4B740418F199F8BBB92561AAABF8F1EC.e.4378","ELEMENT":"f.4AFCDA83F841BD0157C4E1BB812E2537.d.4B740418F199F8BBB92561AAABF8F1EC.e.4378"}]}
COMMAND: GET /session/8ff87a328fcfa35ca82a4cc6375ae338/screenshot - {}
RESULT: {}
RESULT: {"script":"<script> [5351 bytes]","args":[{"element-6066-11e4-a52e-4f735466cecf":"f.4AFCDA83F841BD0157C4E1BB812E2537.d.4B740418F199F8BBB92561AAABF8F1EC.e.4378","ELEMENT":"f.4AFCDA83F841BD0157C4E1BB812E2537.d.4B740418F199F8BBB92561AAABF8F1EC.e.4378"}]}
COMMAND: GET /session/8ff87a328fcfa35ca82a4cc6375ae338/screenshot - {}
RESULT: {}
RESULT: {}
COMMAND: POST /session/8ff87a328fcfa35ca82a4cc6375ae338/refresh - {}
RESULT: {}
COMMAND: GET /session/8ff87a328fcfa35ca82a4cc6375ae338/screenshot - {}
RESULT: {}
COMMAND: POST /session/8ff87a328fcfa35ca82a4cc6375ae338/refresh - {}
RESULT: {}
COMMAND: GET /session/8ff87a328fcfa35ca82a4cc6375ae338/screenshot - {}
RESULT: {}
COMMAND: POST /session/8ff87a328fcfa35ca82a4cc6375ae338/window/fullscreen - {}
RESULT: {}
COMMAND: POST /session/8ff87a328fcfa35ca82a4cc6375ae338/execute/async - {"script":"<script> [189 bytes]","args":[]}
RESULT: {"script":"<script> [189 bytes]","args":[]}
COMMAND: POST /session/8ff87a328fcfa35ca82a4cc6375ae338/execute/async - {"script":"<script> [123 bytes]","args":[]}
RESULT: {"script":"<script> [123 bytes]","args":[]}
COMMAND: POST /session/8ff87a328fcfa35ca82a4cc6375ae338/timeouts - {"script":"<number>"}
RESULT: {"script":"<number>"}
COMMAND: GET /session/8ff87a328fcfa35ca82a4cc6375ae338/timeouts - {}
RESULT: {}
RESULT: undefined
COMMAND: POST /session/8ff87a328fcfa35ca82a4cc6375ae338/execute/async - {"script":"<script> [2676 bytes]","args":[]}
RESULT: {"script":"<script> [2676 bytes]","args":[]}
COMMAND: POST /session/8ff87a328fcfa35ca82a4cc6375ae338/execute/async - {"script":"<script> [2342 bytes]","args":[{"protocol":"http","hostname":"0.0.0.0","path":"/","capabilities":{"browserName":"chrome","goog:chromeOptions":{"binary":"C:\\Program Files\\Google\\Chrome\\Application\\chrome.exe","args":["--start-maximized"]}},"logLevel":"warn","connectionRetryTimeout":120000,"connectionRetryCount":3,"logLevels":{},"enableDirectConnect":true,"strictSSL":true,"_":"65 more keys: [\"cacheDir\",\"port\",\"requestedCapabilities\",\"automationProtocol\",\"baseUrl\",\"waitforInterval\",\"waitforTimeout\",\"onReload\",\"beforeCommand\",\"afterCommand\",\"rootDir\",\"specs\",\"suites\",\"exclude\",\"groupLogsByTestSpec\",\"excludeDriverLogs\",\"bail\",\"framework\",\"reporters\",\"services\",\"maxInstances\",\"maxInstancesPerCapability\",\"injectGlobals\",\"filesToWatch\",\"execArgv\",\"runnerEnv\",\"runner\",\"shard\",\"specFileRetries\",\"specFileRetriesDelay\",\"specFileRetriesDeferred\",\"reporterSyncInterval\",\"reporterSyncTimeout\",\"cucumberFeaturesWithLineNumbers\",\"autoCompileOpts\",\"mochaOpts\",\"jasmineOpts\",\"cucumberOpts\",\"onPrepare\",\"onWorkerStart\",\"onWorkerEnd\",\"before\",\"beforeSession\",\"beforeSuite\",\"beforeHook\",\"beforeTest\",\"afterTest\",\"afterHook\",\"afterSuite\",\"afterSession\",\"after\",\"onComplete\",\"beforeAssertion\",\"afterAssertion\",\"beforeFeature\",\"beforeScenario\",\"beforeStep\",\"afterStep\",\"afterScenario\",\"afterFeature\",\"_\",\"suite\",\"$0\",\"ignoredWorkerServices\",\"wdi5\"]"}]}
RESULT: {"script":"<script> [2342 bytes]","args":[{"protocol":"http","hostname":"0.0.0.0","path":"/","capabilities":{"browserName":"chrome","goog:chromeOptions":{"binary":"C:\\Program Files\\Google\\Chrome\\Application\\chrome.exe","args":["--start-maximized"]}},"logLevel":"warn","connectionRetryTimeout":120000,"connectionRetryCount":3,"logLevels":{},"enableDirectConnect":true,"strictSSL":true,"_":"65 more keys: [\"cacheDir\",\"port\",\"requestedCapabilities\",\"automationProtocol\",\"baseUrl\",\"waitforInterval\",\"waitforTimeout\",\"onReload\",\"beforeCommand\",\"afterCommand\",\"rootDir\",\"specs\",\"suites\",\"exclude\",\"groupLogsByTestSpec\",\"excludeDriverLogs\",\"bail\",\"framework\",\"reporters\",\"services\",\"maxInstances\",\"maxInstancesPerCapability\",\"injectGlobals\",\"filesToWatch\",\"execArgv\",\"runnerEnv\",\"runner\",\"shard\",\"specFileRetries\",\"specFileRetriesDelay\",\"specFileRetriesDeferred\",\"reporterSyncInterval\",\"reporterSyncTimeout\",\"cucumberFeaturesWithLineNumbers\",\"autoCompileOpts\",\"mochaOpts\",\"jasmineOpts\",\"cucumberOpts\",\"onPrepare\",\"onWorkerStart\",\"onWorkerEnd\",\"before\",\"beforeSession\",\"beforeSuite\",\"beforeHook\",\"beforeTest\",\"afterTest\",\"afterHook\",\"afterSuite\",\"afterSession\",\"after\",\"onComplete\",\"beforeAssertion\",\"afterAssertion\",\"beforeFeature\",\"beforeScenario\",\"beforeStep\",\"afterStep\",\"afterScenario\",\"afterFeature\",\"_\",\"suite\",\"$0\",\"ignoredWorkerServices\",\"wdi5\"]"}]}
COMMAND: POST /session/8ff87a328fcfa35ca82a4cc6375ae338/execute/async - {"script":"<script> [21126 bytes]","args":[35000]}
RESULT: {"script":"<script> [21126 bytes]","args":[35000]}
COMMAND: POST /session/8ff87a328fcfa35ca82a4cc6375ae338/window/fullscreen - {}
RESULT: {}
COMMAND: POST /session/8ff87a328fcfa35ca82a4cc6375ae338/window/fullscreen - {}
RESULT: {}
COMMAND: POST /session/8ff87a328fcfa35ca82a4cc6375ae338/execute/async - {"script":"<script> [1562 bytes]","args":[{"selector":{"controlType":"sap.m.GenericTile","properties":{"header":"Manage Partners"}},"wdio_ui5_key":"sapm.GenericTile{\"header\":\"Manage Partners\"}"}]}
RESULT: {"script":"<script> [1562 bytes]","args":[{"selector":{"controlType":"sap.m.GenericTile","properties":{"header":"Manage Partners"}},"wdio_ui5_key":"sapm.GenericTile{\"header\":\"Manage Partners\"}"}]}
RESULT: undefined
COMMAND: POST /session/8ff87a328fcfa35ca82a4cc6375ae338/element - {"using":"xpath","value":"//*[@id=\"__tile30\"]"}
RESULT: {"using":"xpath","value":"//*[@id=\"__tile30\"]"}
COMMAND: POST /session/8ff87a328fcfa35ca82a4cc6375ae338/element/f.4AFCDA83F841BD0157C4E1BB812E2537.d.B64E234F97496DA805D79B3DF9368D95.e.4446/click - {}
RESULT: {}
COMMAND: POST /session/8ff87a328fcfa35ca82a4cc6375ae338/element - {"using":"xpath","value":"//button[@data-kt=\"addButton\"]"}
COMMAND: GET /session/8ff87a328fcfa35ca82a4cc6375ae338/screenshot - {}
RESULT: {"using":"xpath","value":"//button[@data-kt=\"addButton\"]"}
COMMAND: POST /session/8ff87a328fcfa35ca82a4cc6375ae338/elements - {"using":"xpath","value":"//button[@data-kt=\"addButton\"]"}
RESULT: {}
RESULT: {"using":"xpath","value":"//button[@data-kt=\"addButton\"]"}
COMMAND: POST /session/8ff87a328fcfa35ca82a4cc6375ae338/elements - {"using":"xpath","value":"//button[@data-kt=\"addButton\"]"}
RESULT: {"using":"xpath","value":"//button[@data-kt=\"addButton\"]"}
COMMAND: POST /session/8ff87a328fcfa35ca82a4cc6375ae338/elements - {"using":"xpath","value":"//button[@data-kt=\"addButton\"]"}
RESULT: {"using":"xpath","value":"//button[@data-kt=\"addButton\"]"}
COMMAND: POST /session/8ff87a328fcfa35ca82a4cc6375ae338/elements - {"using":"xpath","value":"//button[@data-kt=\"addButton\"]"}
RESULT: {"using":"xpath","value":"//button[@data-kt=\"addButton\"]"}
COMMAND: POST /session/8ff87a328fcfa35ca82a4cc6375ae338/elements - {"using":"xpath","value":"//button[@data-kt=\"addButton\"]"}
RESULT: {"using":"xpath","value":"//button[@data-kt=\"addButton\"]"}
COMMAND: POST /session/8ff87a328fcfa35ca82a4cc6375ae338/elements - {"using":"xpath","value":"//button[@data-kt=\"addButton\"]"}
RESULT: {"using":"xpath","value":"//button[@data-kt=\"addButton\"]"}
COMMAND: POST /session/8ff87a328fcfa35ca82a4cc6375ae338/elements - {"using":"xpath","value":"//button[@data-kt=\"addButton\"]"}
RESULT: {"using":"xpath","value":"//button[@data-kt=\"addButton\"]"}
COMMAND: POST /session/8ff87a328fcfa35ca82a4cc6375ae338/elements - {"using":"xpath","value":"//button[@data-kt=\"addButton\"]"}
RESULT: {"using":"xpath","value":"//button[@data-kt=\"addButton\"]"}
COMMAND: POST /session/8ff87a328fcfa35ca82a4cc6375ae338/elements - {"using":"xpath","value":"//button[@data-kt=\"addButton\"]"}
RESULT: {"using":"xpath","value":"//button[@data-kt=\"addButton\"]"}
COMMAND: POST /session/8ff87a328fcfa35ca82a4cc6375ae338/elements - {"using":"xpath","value":"//button[@data-kt=\"addButton\"]"}
RESULT: {"using":"xpath","value":"//button[@data-kt=\"addButton\"]"}
COMMAND: POST /session/8ff87a328fcfa35ca82a4cc6375ae338/elements - {"using":"xpath","value":"//button[@data-kt=\"addButton\"]"}
RESULT: {"using":"xpath","value":"//button[@data-kt=\"addButton\"]"}
COMMAND: POST /session/8ff87a328fcfa35ca82a4cc6375ae338/elements - {"using":"xpath","value":"//button[@data-kt=\"addButton\"]"}
RESULT: {"using":"xpath","value":"//button[@data-kt=\"addButton\"]"}
COMMAND: POST /session/8ff87a328fcfa35ca82a4cc6375ae338/elements - {"using":"xpath","value":"//button[@data-kt=\"addButton\"]"}
RESULT: {"using":"xpath","value":"//button[@data-kt=\"addButton\"]"}
COMMAND: POST /session/8ff87a328fcfa35ca82a4cc6375ae338/elements - {"using":"xpath","value":"//button[@data-kt=\"addButton\"]"}
RESULT: {"using":"xpath","value":"//button[@data-kt=\"addButton\"]"}
COMMAND: POST /session/8ff87a328fcfa35ca82a4cc6375ae338/elements - {"using":"xpath","value":"//button[@data-kt=\"addButton\"]"}
RESULT: {"using":"xpath","value":"//button[@data-kt=\"addButton\"]"}
COMMAND: POST /session/8ff87a328fcfa35ca82a4cc6375ae338/elements - {"using":"xpath","value":"//button[@data-kt=\"addButton\"]"}
RESULT: {"using":"xpath","value":"//button[@data-kt=\"addButton\"]"}
COMMAND: POST /session/8ff87a328fcfa35ca82a4cc6375ae338/elements - {"using":"xpath","value":"//button[@data-kt=\"addButton\"]"}
RESULT: {"using":"xpath","value":"//button[@data-kt=\"addButton\"]"}
COMMAND: POST /session/8ff87a328fcfa35ca82a4cc6375ae338/elements - {"using":"xpath","value":"//button[@data-kt=\"addButton\"]"}
RESULT: {"using":"xpath","value":"//button[@data-kt=\"addButton\"]"}
COMMAND: POST /session/8ff87a328fcfa35ca82a4cc6375ae338/elements - {"using":"xpath","value":"//button[@data-kt=\"addButton\"]"}
RESULT: {"using":"xpath","value":"//button[@data-kt=\"addButton\"]"}
COMMAND: POST /session/8ff87a328fcfa35ca82a4cc6375ae338/elements - {"using":"xpath","value":"//button[@data-kt=\"addButton\"]"}
RESULT: {"using":"xpath","value":"//button[@data-kt=\"addButton\"]"}
COMMAND: POST /session/8ff87a328fcfa35ca82a4cc6375ae338/elements - {"using":"xpath","value":"//button[@data-kt=\"addButton\"]"}
RESULT: {"using":"xpath","value":"//button[@data-kt=\"addButton\"]"}
COMMAND: POST /session/8ff87a328fcfa35ca82a4cc6375ae338/elements - {"using":"xpath","value":"//button[@data-kt=\"addButton\"]"}
RESULT: {"using":"xpath","value":"//button[@data-kt=\"addButton\"]"}
COMMAND: POST /session/8ff87a328fcfa35ca82a4cc6375ae338/elements - {"using":"xpath","value":"//button[@data-kt=\"addButton\"]"}
RESULT: {"using":"xpath","value":"//button[@data-kt=\"addButton\"]"}
COMMAND: POST /session/8ff87a328fcfa35ca82a4cc6375ae338/elements - {"using":"xpath","value":"//button[@data-kt=\"addButton\"]"}
RESULT: {"using":"xpath","value":"//button[@data-kt=\"addButton\"]"}
COMMAND: POST /session/8ff87a328fcfa35ca82a4cc6375ae338/elements - {"using":"xpath","value":"//button[@data-kt=\"addButton\"]"}
RESULT: {"using":"xpath","value":"//button[@data-kt=\"addButton\"]"}
COMMAND: POST /session/8ff87a328fcfa35ca82a4cc6375ae338/elements - {"using":"xpath","value":"//button[@data-kt=\"addButton\"]"}
RESULT: {"using":"xpath","value":"//button[@data-kt=\"addButton\"]"}
COMMAND: POST /session/8ff87a328fcfa35ca82a4cc6375ae338/elements - {"using":"xpath","value":"//button[@data-kt=\"addButton\"]"}
RESULT: {"using":"xpath","value":"//button[@data-kt=\"addButton\"]"}
COMMAND: POST /session/8ff87a328fcfa35ca82a4cc6375ae338/elements - {"using":"xpath","value":"//button[@data-kt=\"addButton\"]"}
RESULT: {"using":"xpath","value":"//button[@data-kt=\"addButton\"]"}
COMMAND: POST /session/8ff87a328fcfa35ca82a4cc6375ae338/elements - {"using":"xpath","value":"//button[@data-kt=\"addButton\"]"}
RESULT: {"using":"xpath","value":"//button[@data-kt=\"addButton\"]"}
COMMAND: POST /session/8ff87a328fcfa35ca82a4cc6375ae338/elements - {"using":"xpath","value":"//button[@data-kt=\"addButton\"]"}
RESULT: {"using":"xpath","value":"//button[@data-kt=\"addButton\"]"}
COMMAND: POST /session/8ff87a328fcfa35ca82a4cc6375ae338/elements - {"using":"xpath","value":"//button[@data-kt=\"addButton\"]"}
RESULT: {"using":"xpath","value":"//button[@data-kt=\"addButton\"]"}
COMMAND: POST /session/8ff87a328fcfa35ca82a4cc6375ae338/elements - {"using":"xpath","value":"//button[@data-kt=\"addButton\"]"}
RESULT: {"using":"xpath","value":"//button[@data-kt=\"addButton\"]"}
COMMAND: POST /session/8ff87a328fcfa35ca82a4cc6375ae338/elements - {"using":"xpath","value":"//button[@data-kt=\"addButton\"]"}
RESULT: {"using":"xpath","value":"//button[@data-kt=\"addButton\"]"}
COMMAND: POST /session/8ff87a328fcfa35ca82a4cc6375ae338/elements - {"using":"xpath","value":"//button[@data-kt=\"addButton\"]"}
RESULT: {"using":"xpath","value":"//button[@data-kt=\"addButton\"]"}
COMMAND: POST /session/8ff87a328fcfa35ca82a4cc6375ae338/elements - {"using":"xpath","value":"//button[@data-kt=\"addButton\"]"}
RESULT: {"using":"xpath","value":"//button[@data-kt=\"addButton\"]"}
COMMAND: POST /session/8ff87a328fcfa35ca82a4cc6375ae338/elements - {"using":"xpath","value":"//button[@data-kt=\"addButton\"]"}
RESULT: {"using":"xpath","value":"//button[@data-kt=\"addButton\"]"}
COMMAND: POST /session/8ff87a328fcfa35ca82a4cc6375ae338/elements - {"using":"xpath","value":"//button[@data-kt=\"addButton\"]"}
RESULT: {"using":"xpath","value":"//button[@data-kt=\"addButton\"]"}
COMMAND: POST /session/8ff87a328fcfa35ca82a4cc6375ae338/elements - {"using":"xpath","value":"//button[@data-kt=\"addButton\"]"}
RESULT: {"using":"xpath","value":"//button[@data-kt=\"addButton\"]"}
COMMAND: POST /session/8ff87a328fcfa35ca82a4cc6375ae338/elements - {"using":"xpath","value":"//button[@data-kt=\"addButton\"]"}
RESULT: {"using":"xpath","value":"//button[@data-kt=\"addButton\"]"}
COMMAND: POST /session/8ff87a328fcfa35ca82a4cc6375ae338/elements - {"using":"xpath","value":"//button[@data-kt=\"addButton\"]"}
RESULT: {"using":"xpath","value":"//button[@data-kt=\"addButton\"]"}
COMMAND: POST /session/8ff87a328fcfa35ca82a4cc6375ae338/element - {"using":"xpath","value":"//button[@data-kt=\"addButton\"]"}
RESULT: {"using":"xpath","value":"//button[@data-kt=\"addButton\"]"}
COMMAND: POST /session/8ff87a328fcfa35ca82a4cc6375ae338/execute/sync - {"script":"<script> [8489 bytes]","args":[{"element-6066-11e4-a52e-4f735466cecf":"f.4AFCDA83F841BD0157C4E1BB812E2537.d.B64E234F97496DA805D79B3DF9368D95.e.4561","ELEMENT":"f.4AFCDA83F841BD0157C4E1BB812E2537.d.B64E234F97496DA805D79B3DF9368D95.e.4561"}]}
RESULT: {"script":"<script> [8489 bytes]","args":[{"element-6066-11e4-a52e-4f735466cecf":"f.4AFCDA83F841BD0157C4E1BB812E2537.d.B64E234F97496DA805D79B3DF9368D95.e.4561","ELEMENT":"f.4AFCDA83F841BD0157C4E1BB812E2537.d.B64E234F97496DA805D79B3DF9368D95.e.4561"}]}
COMMAND: GET /session/8ff87a328fcfa35ca82a4cc6375ae338/element/f.4AFCDA83F841BD0157C4E1BB812E2537.d.B64E234F97496DA805D79B3DF9368D95.e.4561/enabled - {}
COMMAND: GET /session/8ff87a328fcfa35ca82a4cc6375ae338/screenshot - {}
RESULT: {}
COMMAND: POST /session/8ff87a328fcfa35ca82a4cc6375ae338/execute/sync - {"script":"<script> [8489 bytes]","args":[{"element-6066-11e4-a52e-4f735466cecf":"f.4AFCDA83F841BD0157C4E1BB812E2537.d.B64E234F97496DA805D79B3DF9368D95.e.4561","ELEMENT":"f.4AFCDA83F841BD0157C4E1BB812E2537.d.B64E234F97496DA805D79B3DF9368D95.e.4561"}]}
COMMAND: GET /session/8ff87a328fcfa35ca82a4cc6375ae338/screenshot - {}
RESULT: {}
RESULT: {"script":"<script> [8489 bytes]","args":[{"element-6066-11e4-a52e-4f735466cecf":"f.4AFCDA83F841BD0157C4E1BB812E2537.d.B64E234F97496DA805D79B3DF9368D95.e.4561","ELEMENT":"f.4AFCDA83F841BD0157C4E1BB812E2537.d.B64E234F97496DA805D79B3DF9368D95.e.4561"}]}
COMMAND: POST /session/8ff87a328fcfa35ca82a4cc6375ae338/execute/sync - {"script":"<script> [5351 bytes]","args":[{"element-6066-11e4-a52e-4f735466cecf":"f.4AFCDA83F841BD0157C4E1BB812E2537.d.B64E234F97496DA805D79B3DF9368D95.e.4561","ELEMENT":"f.4AFCDA83F841BD0157C4E1BB812E2537.d.B64E234F97496DA805D79B3DF9368D95.e.4561"}]}
COMMAND: GET /session/8ff87a328fcfa35ca82a4cc6375ae338/screenshot - {}
RESULT: {}
RESULT: {"script":"<script> [5351 bytes]","args":[{"element-6066-11e4-a52e-4f735466cecf":"f.4AFCDA83F841BD0157C4E1BB812E2537.d.B64E234F97496DA805D79B3DF9368D95.e.4561","ELEMENT":"f.4AFCDA83F841BD0157C4E1BB812E2537.d.B64E234F97496DA805D79B3DF9368D95.e.4561"}]}
COMMAND: POST /session/8ff87a328fcfa35ca82a4cc6375ae338/element/f.4AFCDA83F841BD0157C4E1BB812E2537.d.B64E234F97496DA805D79B3DF9368D95.e.4561/click - {}
COMMAND: GET /session/8ff87a328fcfa35ca82a4cc6375ae338/screenshot - {}
RESULT: {}
RESULT: {}
RESULT: {}
COMMAND: GET /session/8ff87a328fcfa35ca82a4cc6375ae338/screenshot - {}
RESULT: {}
COMMAND: POST /session/8ff87a328fcfa35ca82a4cc6375ae338/execute/async - {"script":"<script> [1562 bytes]","args":[{"selector":{"id":"application-managepartners-display-component---NewPartner--addressDetailDetailsName1","interaction":{"idSuffix":"inner"}},"wdio_ui5_key":"applicationmanagepartners-display-component---NewPartner--addressDetailDetailsName1"}]}
RESULT: {"script":"<script> [1562 bytes]","args":[{"selector":{"id":"application-managepartners-display-component---NewPartner--addressDetailDetailsName1","interaction":{"idSuffix":"inner"}},"wdio_ui5_key":"applicationmanagepartners-display-component---NewPartner--addressDetailDetailsName1"}]}
RESULT: undefined
COMMAND: POST /session/8ff87a328fcfa35ca82a4cc6375ae338/execute/async - {"script":"<script> [776 bytes]","args":[{"enterText":"Intracompany Partner WDIO","selector":{"id":"application-managepartners-display-component---NewPartner--addressDetailDetailsName1","interaction":{"idSuffix":"inner"}},"clearTextFirst":true,"interactionType":"ENTER_TEXT"}]}
RESULT: {"script":"<script> [776 bytes]","args":[{"enterText":"Intracompany Partner WDIO","selector":{"id":"application-managepartners-display-component---NewPartner--addressDetailDetailsName1","interaction":{"idSuffix":"inner"}},"clearTextFirst":true,"interactionType":"ENTER_TEXT"}]}
COMMAND: POST /session/8ff87a328fcfa35ca82a4cc6375ae338/execute/async - {"script":"<script> [1562 bytes]","args":[{"selector":{"id":"application-managepartners-display-component---NewPartner--addressDetailDetailsLanguage-arrow"},"wdio_ui5_key":"applicationmanagepartners-display-component---NewPartner--addressDetailDetailsLanguage-arrow"}]}
RESULT: {"script":"<script> [1562 bytes]","args":[{"selector":{"id":"application-managepartners-display-component---NewPartner--addressDetailDetailsLanguage-arrow"},"wdio_ui5_key":"applicationmanagepartners-display-component---NewPartner--addressDetailDetailsLanguage-arrow"}]}
RESULT: undefined
COMMAND: POST /session/8ff87a328fcfa35ca82a4cc6375ae338/element - {"using":"xpath","value":"//*[@id=\"application-managepartners-display-component---NewPartner--addressDetailDetailsLanguage-arrow\"]"}
RESULT: {"using":"xpath","value":"//*[@id=\"application-managepartners-display-component---NewPartner--addressDetailDetailsLanguage-arrow\"]"}
COMMAND: POST /session/8ff87a328fcfa35ca82a4cc6375ae338/element/f.4AFCDA83F841BD0157C4E1BB812E2537.d.B64E234F97496DA805D79B3DF9368D95.e.5010/click - {}
RESULT: {}
COMMAND: POST /session/8ff87a328fcfa35ca82a4cc6375ae338/element - {"using":"xpath","value":"//span[contains(text(), \"English\")]"}
COMMAND: GET /session/8ff87a328fcfa35ca82a4cc6375ae338/screenshot - {}
RESULT: {"using":"xpath","value":"//span[contains(text(), \"English\")]"}
COMMAND: POST /session/8ff87a328fcfa35ca82a4cc6375ae338/element/f.4AFCDA83F841BD0157C4E1BB812E2537.d.B64E234F97496DA805D79B3DF9368D95.e.5011/click - {}
RESULT: {}
RESULT: {}
COMMAND: GET /session/8ff87a328fcfa35ca82a4cc6375ae338/screenshot - {}
RESULT: {}
COMMAND: POST /session/8ff87a328fcfa35ca82a4cc6375ae338/execute/async - {"script":"<script> [1562 bytes]","args":[{"selector":{"id":"application-managepartners-display-component---NewPartner--addressDetailDetailsCity1","interaction":{"idSuffix":"inner"}},"wdio_ui5_key":"applicationmanagepartners-display-component---NewPartner--addressDetailDetailsCity1"}]}
RESULT: {"script":"<script> [1562 bytes]","args":[{"selector":{"id":"application-managepartners-display-component---NewPartner--addressDetailDetailsCity1","interaction":{"idSuffix":"inner"}},"wdio_ui5_key":"applicationmanagepartners-display-component---NewPartner--addressDetailDetailsCity1"}]}
RESULT: undefined
COMMAND: POST /session/8ff87a328fcfa35ca82a4cc6375ae338/execute/async - {"script":"<script> [776 bytes]","args":[{"enterText":"Rosario","selector":{"id":"application-managepartners-display-component---NewPartner--addressDetailDetailsCity1","interaction":{"idSuffix":"inner"}},"clearTextFirst":true,"interactionType":"ENTER_TEXT"}]}
RESULT: {"script":"<script> [776 bytes]","args":[{"enterText":"Rosario","selector":{"id":"application-managepartners-display-component---NewPartner--addressDetailDetailsCity1","interaction":{"idSuffix":"inner"}},"clearTextFirst":true,"interactionType":"ENTER_TEXT"}]}
COMMAND: POST /session/8ff87a328fcfa35ca82a4cc6375ae338/execute/async - {"script":"<script> [1562 bytes]","args":[{"selector":{"id":"application-managepartners-display-component---NewPartner--addressDetailDetailsCountry-arrow"},"wdio_ui5_key":"applicationmanagepartners-display-component---NewPartner--addressDetailDetailsCountry-arrow"}]}
RESULT: {"script":"<script> [1562 bytes]","args":[{"selector":{"id":"application-managepartners-display-component---NewPartner--addressDetailDetailsCountry-arrow"},"wdio_ui5_key":"applicationmanagepartners-display-component---NewPartner--addressDetailDetailsCountry-arrow"}]}
RESULT: undefined
COMMAND: POST /session/8ff87a328fcfa35ca82a4cc6375ae338/element - {"using":"xpath","value":"//*[@id=\"application-managepartners-display-component---NewPartner--addressDetailDetailsCountry-arrow\"]"}
RESULT: {"using":"xpath","value":"//*[@id=\"application-managepartners-display-component---NewPartner--addressDetailDetailsCountry-arrow\"]"}
COMMAND: POST /session/8ff87a328fcfa35ca82a4cc6375ae338/element/f.4AFCDA83F841BD0157C4E1BB812E2537.d.B64E234F97496DA805D79B3DF9368D95.e.4974/click - {}
RESULT: {}
COMMAND: POST /session/8ff87a328fcfa35ca82a4cc6375ae338/element - {"using":"xpath","value":"//span[contains(text(), \"Argentina\")]"}
COMMAND: GET /session/8ff87a328fcfa35ca82a4cc6375ae338/screenshot - {}
RESULT: {"using":"xpath","value":"//span[contains(text(), \"Argentina\")]"}
COMMAND: POST /session/8ff87a328fcfa35ca82a4cc6375ae338/element/f.4AFCDA83F841BD0157C4E1BB812E2537.d.B64E234F97496DA805D79B3DF9368D95.e.5013/click - {}
RESULT: {}
RESULT: {}
COMMAND: GET /session/8ff87a328fcfa35ca82a4cc6375ae338/screenshot - {}
RESULT: {}
COMMAND: POST /session/8ff87a328fcfa35ca82a4cc6375ae338/element - {"using":"xpath","value":"//bdi[contains(text(), \"Commercial\")]"}
RESULT: {"using":"xpath","value":"//bdi[contains(text(), \"Commercial\")]"}
COMMAND: POST /session/8ff87a328fcfa35ca82a4cc6375ae338/element/f.4AFCDA83F841BD0157C4E1BB812E2537.d.B64E234F97496DA805D79B3DF9368D95.e.5014/click - {}
RESULT: {}
COMMAND: GET /session/8ff87a328fcfa35ca82a4cc6375ae338/screenshot - {}
RESULT: {}
COMMAND: POST /session/8ff87a328fcfa35ca82a4cc6375ae338/execute/async - {"script":"<script> [1562 bytes]","args":[{"selector":{"id":"application-managepartners-display-component---NewPartner--partnerDetailInternal-arrow"},"wdio_ui5_key":"applicationmanagepartners-display-component---NewPartner--partnerDetailInternal-arrow"}]}
RESULT: {"script":"<script> [1562 bytes]","args":[{"selector":{"id":"application-managepartners-display-component---NewPartner--partnerDetailInternal-arrow"},"wdio_ui5_key":"applicationmanagepartners-display-component---NewPartner--partnerDetailInternal-arrow"}]}
RESULT: undefined
COMMAND: POST /session/8ff87a328fcfa35ca82a4cc6375ae338/element - {"using":"xpath","value":"//*[@id=\"application-managepartners-display-component---NewPartner--partnerDetailInternal-arrow\"]"}
RESULT: {"using":"xpath","value":"//*[@id=\"application-managepartners-display-component---NewPartner--partnerDetailInternal-arrow\"]"}
COMMAND: POST /session/8ff87a328fcfa35ca82a4cc6375ae338/element/f.4AFCDA83F841BD0157C4E1BB812E2537.d.B64E234F97496DA805D79B3DF9368D95.e.5020/click - {}
RESULT: {}
COMMAND: POST /session/8ff87a328fcfa35ca82a4cc6375ae338/element - {"using":"xpath","value":"//span[contains(text(), \"Affiliated company\")]"}
COMMAND: GET /session/8ff87a328fcfa35ca82a4cc6375ae338/screenshot - {}
RESULT: {"using":"xpath","value":"//span[contains(text(), \"Affiliated company\")]"}
COMMAND: POST /session/8ff87a328fcfa35ca82a4cc6375ae338/element/f.4AFCDA83F841BD0157C4E1BB812E2537.d.B64E234F97496DA805D79B3DF9368D95.e.5021/click - {}
RESULT: {}
RESULT: {}
COMMAND: POST /session/8ff87a328fcfa35ca82a4cc6375ae338/execute/async - {"script":"<script> [1562 bytes]","args":[{"selector":{"id":"application-managepartners-display-component---NewPartner--partnerDetailsCurrency-arrow"},"wdio_ui5_key":"applicationmanagepartners-display-component---NewPartner--partnerDetailsCurrency-arrow"}]}
COMMAND: GET /session/8ff87a328fcfa35ca82a4cc6375ae338/screenshot - {}
RESULT: {"script":"<script> [1562 bytes]","args":[{"selector":{"id":"application-managepartners-display-component---NewPartner--partnerDetailsCurrency-arrow"},"wdio_ui5_key":"applicationmanagepartners-display-component---NewPartner--partnerDetailsCurrency-arrow"}]}
RESULT: undefined
COMMAND: POST /session/8ff87a328fcfa35ca82a4cc6375ae338/element - {"using":"xpath","value":"//*[@id=\"application-managepartners-display-component---NewPartner--partnerDetailsCurrency-arrow\"]"}
RESULT: {}
RESULT: {"using":"xpath","value":"//*[@id=\"application-managepartners-display-component---NewPartner--partnerDetailsCurrency-arrow\"]"}
COMMAND: POST /session/8ff87a328fcfa35ca82a4cc6375ae338/element/f.4AFCDA83F841BD0157C4E1BB812E2537.d.B64E234F97496DA805D79B3DF9368D95.e.5028/click - {}
RESULT: {}
COMMAND: POST /session/8ff87a328fcfa35ca82a4cc6375ae338/element - {"using":"xpath","value":"//span[contains(text(), \"Euro\")]"}
COMMAND: GET /session/8ff87a328fcfa35ca82a4cc6375ae338/screenshot - {}
RESULT: {"using":"xpath","value":"//span[contains(text(), \"Euro\")]"}
COMMAND: POST /session/8ff87a328fcfa35ca82a4cc6375ae338/element/f.4AFCDA83F841BD0157C4E1BB812E2537.d.B64E234F97496DA805D79B3DF9368D95.e.5029/click - {}
RESULT: {}
RESULT: {}
COMMAND: POST /session/8ff87a328fcfa35ca82a4cc6375ae338/execute/async - {"script":"<script> [1562 bytes]","args":[{"selector":{"id":"application-managepartners-display-component---NewPartner--addressEditDetailsCostObjectCstType-arrow"},"wdio_ui5_key":"applicationmanagepartners-display-component---NewPartner--addressEditDetailsCostObjectCstType-arrow"}]}
COMMAND: GET /session/8ff87a328fcfa35ca82a4cc6375ae338/screenshot - {}
RESULT: {"script":"<script> [1562 bytes]","args":[{"selector":{"id":"application-managepartners-display-component---NewPartner--addressEditDetailsCostObjectCstType-arrow"},"wdio_ui5_key":"applicationmanagepartners-display-component---NewPartner--addressEditDetailsCostObjectCstType-arrow"}]}
RESULT: undefined
COMMAND: POST /session/8ff87a328fcfa35ca82a4cc6375ae338/element - {"using":"xpath","value":"//*[@id=\"application-managepartners-display-component---NewPartner--addressEditDetailsCostObjectCstType-arrow\"]"}
RESULT: {}
RESULT: {"using":"xpath","value":"//*[@id=\"application-managepartners-display-component---NewPartner--addressEditDetailsCostObjectCstType-arrow\"]"}
COMMAND: POST /session/8ff87a328fcfa35ca82a4cc6375ae338/element/f.4AFCDA83F841BD0157C4E1BB812E2537.d.B64E234F97496DA805D79B3DF9368D95.e.5030/click - {}
RESULT: {}
COMMAND: POST /session/8ff87a328fcfa35ca82a4cc6375ae338/element - {"using":"xpath","value":"//span[contains(text(), \"Cost Center\")]"}
COMMAND: GET /session/8ff87a328fcfa35ca82a4cc6375ae338/screenshot - {}
RESULT: {"using":"xpath","value":"//span[contains(text(), \"Cost Center\")]"}
COMMAND: POST /session/8ff87a328fcfa35ca82a4cc6375ae338/element/f.4AFCDA83F841BD0157C4E1BB812E2537.d.B64E234F97496DA805D79B3DF9368D95.e.5031/click - {}
RESULT: {}
RESULT: {}
COMMAND: GET /session/8ff87a328fcfa35ca82a4cc6375ae338/screenshot - {}
RESULT: {}
COMMAND: POST /session/8ff87a328fcfa35ca82a4cc6375ae338/element - {"using":"xpath","value":"//span[@id=\"application-managepartners-display-component---NewPartner--addressNewCostObjectCstID-vhi\"]"}
RESULT: {"using":"xpath","value":"//span[@id=\"application-managepartners-display-component---NewPartner--addressNewCostObjectCstID-vhi\"]"}
COMMAND: POST /session/8ff87a328fcfa35ca82a4cc6375ae338/execute/sync - {"script":"<script> [8489 bytes]","args":[{"element-6066-11e4-a52e-4f735466cecf":"f.4AFCDA83F841BD0157C4E1BB812E2537.d.B64E234F97496DA805D79B3DF9368D95.e.5035","ELEMENT":"f.4AFCDA83F841BD0157C4E1BB812E2537.d.B64E234F97496DA805D79B3DF9368D95.e.5035"}]}
RESULT: {"script":"<script> [8489 bytes]","args":[{"element-6066-11e4-a52e-4f735466cecf":"f.4AFCDA83F841BD0157C4E1BB812E2537.d.B64E234F97496DA805D79B3DF9368D95.e.5035","ELEMENT":"f.4AFCDA83F841BD0157C4E1BB812E2537.d.B64E234F97496DA805D79B3DF9368D95.e.5035"}]}
COMMAND: POST /session/8ff87a328fcfa35ca82a4cc6375ae338/execute/async - {"script":"<script> [1562 bytes]","args":[{"selector":{"id":"application-managepartners-display-component---NewPartner--addressNewCostObjectCstID-vhi"},"wdio_ui5_key":"applicationmanagepartners-display-component---NewPartner--addressNewCostObjectCstID-vhi"}]}
COMMAND: GET /session/8ff87a328fcfa35ca82a4cc6375ae338/screenshot - {}
RESULT: {"script":"<script> [1562 bytes]","args":[{"selector":{"id":"application-managepartners-display-component---NewPartner--addressNewCostObjectCstID-vhi"},"wdio_ui5_key":"applicationmanagepartners-display-component---NewPartner--addressNewCostObjectCstID-vhi"}]}
RESULT: undefined
COMMAND: POST /session/8ff87a328fcfa35ca82a4cc6375ae338/element - {"using":"xpath","value":"//*[@id=\"application-managepartners-display-component---NewPartner--addressNewCostObjectCstID-vhi\"]"}
RESULT: {}
RESULT: {"using":"xpath","value":"//*[@id=\"application-managepartners-display-component---NewPartner--addressNewCostObjectCstID-vhi\"]"}
COMMAND: POST /session/8ff87a328fcfa35ca82a4cc6375ae338/element/f.4AFCDA83F841BD0157C4E1BB812E2537.d.B64E234F97496DA805D79B3DF9368D95.e.5035/click - {}
RESULT: {}
COMMAND: GET /session/8ff87a328fcfa35ca82a4cc6375ae338/screenshot - {}
RESULT: {}
COMMAND: POST /session/8ff87a328fcfa35ca82a4cc6375ae338/execute/async - {"script":"<script> [1562 bytes]","args":[{"selector":{"controlType":"sap.m.SearchField","properties":{"placeholder":"Search"},"searchOpenDialogs":true,"interaction":{"idSuffix":"I"}},"wdio_ui5_key":"sapm.SearchField{\"placeholder\":\"Search\"}"}]}
RESULT: {"script":"<script> [1562 bytes]","args":[{"selector":{"controlType":"sap.m.SearchField","properties":{"placeholder":"Search"},"searchOpenDialogs":true,"interaction":{"idSuffix":"I"}},"wdio_ui5_key":"sapm.SearchField{\"placeholder\":\"Search\"}"}]}
RESULT: undefined
COMMAND: POST /session/8ff87a328fcfa35ca82a4cc6375ae338/execute/async - {"script":"<script> [776 bytes]","args":[{"enterText":"10001013","selector":{"controlType":"sap.m.SearchField","properties":{"placeholder":"Search"},"searchOpenDialogs":true,"interaction":{"idSuffix":"I"}},"clearTextFirst":true,"interactionType":"ENTER_TEXT"}]}
RESULT: {"script":"<script> [776 bytes]","args":[{"enterText":"10001013","selector":{"controlType":"sap.m.SearchField","properties":{"placeholder":"Search"},"searchOpenDialogs":true,"interaction":{"idSuffix":"I"}},"clearTextFirst":true,"interactionType":"ENTER_TEXT"}]}
COMMAND: POST /session/8ff87a328fcfa35ca82a4cc6375ae338/actions - {"actions":[{"id":"action11","type":"key","parameters":{},"actions":[{"type":"keyDown","value":"î€‡"},{"type":"pause","duration":10},{"type":"keyUp","value":"î€‡"}]}]}
RESULT: {"actions":[{"id":"action11","type":"key","parameters":{},"actions":[{"type":"keyDown","value":"î€‡"},{"type":"pause","duration":10},{"type":"keyUp","value":"î€‡"}]}]}
COMMAND: GET /session/8ff87a328fcfa35ca82a4cc6375ae338/screenshot - {}
RESULT: {}
COMMAND: POST /session/8ff87a328fcfa35ca82a4cc6375ae338/element - {"using":"xpath","value":"//span[contains(text(), \"General Management\")]"}
RESULT: {"using":"xpath","value":"//span[contains(text(), \"General Management\")]"}
COMMAND: POST /session/8ff87a328fcfa35ca82a4cc6375ae338/element/f.4AFCDA83F841BD0157C4E1BB812E2537.d.B64E234F97496DA805D79B3DF9368D95.e.5044/click - {}
RESULT: {}
COMMAND: GET /session/8ff87a328fcfa35ca82a4cc6375ae338/screenshot - {}
RESULT: {}
COMMAND: POST /session/8ff87a328fcfa35ca82a4cc6375ae338/element - {"using":"xpath","value":"//bdi[contains(text(), \"OK\")]"}
RESULT: {"using":"xpath","value":"//bdi[contains(text(), \"OK\")]"}
COMMAND: POST /session/8ff87a328fcfa35ca82a4cc6375ae338/element/f.4AFCDA83F841BD0157C4E1BB812E2537.d.B64E234F97496DA805D79B3DF9368D95.e.5046/click - {}
RESULT: {}
COMMAND: GET /session/8ff87a328fcfa35ca82a4cc6375ae338/screenshot - {}
RESULT: {}
COMMAND: POST /session/8ff87a328fcfa35ca82a4cc6375ae338/element - {"using":"xpath","value":"//input[@id=\"application-managepartners-display-component---NewPartner--companyCodeComboBox-inner\"]"}
RESULT: {"using":"xpath","value":"//input[@id=\"application-managepartners-display-component---NewPartner--companyCodeComboBox-inner\"]"}
COMMAND: POST /session/8ff87a328fcfa35ca82a4cc6375ae338/element/f.4AFCDA83F841BD0157C4E1BB812E2537.d.B64E234F97496DA805D79B3DF9368D95.e.4916/clear - {}
RESULT: {}
COMMAND: POST /session/8ff87a328fcfa35ca82a4cc6375ae338/element/f.4AFCDA83F841BD0157C4E1BB812E2537.d.B64E234F97496DA805D79B3DF9368D95.e.4916/value - {"text":"1000"}
COMMAND: GET /session/8ff87a328fcfa35ca82a4cc6375ae338/screenshot - {}
RESULT: {"text":"1000"}
COMMAND: GET /session/8ff87a328fcfa35ca82a4cc6375ae338/screenshot - {}
RESULT: {}
RESULT: {}
COMMAND: POST /session/8ff87a328fcfa35ca82a4cc6375ae338/element - {"using":"xpath","value":"//span[contains(text(), \"1000\")]"}
RESULT: {"using":"xpath","value":"//span[contains(text(), \"1000\")]"}
COMMAND: POST /session/8ff87a328fcfa35ca82a4cc6375ae338/element/f.4AFCDA83F841BD0157C4E1BB812E2537.d.B64E234F97496DA805D79B3DF9368D95.e.5052/click - {}
RESULT: {}
COMMAND: GET /session/8ff87a328fcfa35ca82a4cc6375ae338/screenshot - {}
RESULT: {}
COMMAND: POST /session/8ff87a328fcfa35ca82a4cc6375ae338/execute/async - {"script":"<script> [1562 bytes]","args":[{"selector":{"id":"application-managepartners-display-component---NewPartner--btnAddTableRow-img"},"wdio_ui5_key":"applicationmanagepartners-display-component---NewPartner--btnAddTableRow-img"}]}
RESULT: {"script":"<script> [1562 bytes]","args":[{"selector":{"id":"application-managepartners-display-component---NewPartner--btnAddTableRow-img"},"wdio_ui5_key":"applicationmanagepartners-display-component---NewPartner--btnAddTableRow-img"}]}
RESULT: undefined
COMMAND: POST /session/8ff87a328fcfa35ca82a4cc6375ae338/element - {"using":"xpath","value":"//*[@id=\"application-managepartners-display-component---NewPartner--btnAddTableRow-img\"]"}
RESULT: {"using":"xpath","value":"//*[@id=\"application-managepartners-display-component---NewPartner--btnAddTableRow-img\"]"}
COMMAND: POST /session/8ff87a328fcfa35ca82a4cc6375ae338/element/f.4AFCDA83F841BD0157C4E1BB812E2537.d.B64E234F97496DA805D79B3DF9368D95.e.5053/click - {}
RESULT: {}
COMMAND: GET /session/8ff87a328fcfa35ca82a4cc6375ae338/screenshot - {}
RESULT: {}
COMMAND: POST /session/8ff87a328fcfa35ca82a4cc6375ae338/element - {"using":"xpath","value":"//input[@id=\"application-managepartners-display-component---NewPartner--assignmentYard-application-managepartners-display-component---NewPartner--assignmentsTable-0-inner\"]"}
RESULT: {"using":"xpath","value":"//input[@id=\"application-managepartners-display-component---NewPartner--assignmentYard-application-managepartners-display-component---NewPartner--assignmentsTable-0-inner\"]"}
COMMAND: POST /session/8ff87a328fcfa35ca82a4cc6375ae338/element/f.4AFCDA83F841BD0157C4E1BB812E2537.d.B64E234F97496DA805D79B3DF9368D95.e.5056/clear - {}
RESULT: {}
COMMAND: POST /session/8ff87a328fcfa35ca82a4cc6375ae338/element/f.4AFCDA83F841BD0157C4E1BB812E2537.d.B64E234F97496DA805D79B3DF9368D95.e.5056/value - {"text":"549"}
COMMAND: GET /session/8ff87a328fcfa35ca82a4cc6375ae338/screenshot - {}
RESULT: {"text":"549"}
COMMAND: GET /session/8ff87a328fcfa35ca82a4cc6375ae338/screenshot - {}
RESULT: {}
RESULT: {}
COMMAND: POST /session/8ff87a328fcfa35ca82a4cc6375ae338/element - {"using":"xpath","value":"//li[.//span[text()='549']]"}
RESULT: {"using":"xpath","value":"//li[.//span[text()='549']]"}
COMMAND: POST /session/8ff87a328fcfa35ca82a4cc6375ae338/element/f.4AFCDA83F841BD0157C4E1BB812E2537.d.B64E234F97496DA805D79B3DF9368D95.e.5065/click - {}
RESULT: {}
COMMAND: GET /session/8ff87a328fcfa35ca82a4cc6375ae338/screenshot - {}
RESULT: {}
COMMAND: POST /session/8ff87a328fcfa35ca82a4cc6375ae338/actions - {"actions":[{"id":"action12","type":"key","parameters":{},"actions":[{"type":"keyDown","value":"î€‡"},{"type":"pause","duration":10},{"type":"keyUp","value":"î€‡"}]}]}
RESULT: {"actions":[{"id":"action12","type":"key","parameters":{},"actions":[{"type":"keyDown","value":"î€‡"},{"type":"pause","duration":10},{"type":"keyUp","value":"î€‡"}]}]}
COMMAND: POST /session/8ff87a328fcfa35ca82a4cc6375ae338/execute/async - {"script":"<script> [1562 bytes]","args":[{"selector":{"id":"application-managepartners-display-component---NewPartner--externalCustomerComboBox-application-managepartners-display-component---NewPartner--assignmentsTable-0-vhi"},"wdio_ui5_key":"applicationmanagepartners-display-component---NewPartner--externalCustomerComboBox-application-managepartners-display-component---NewPartner--assignmentsTable-0-vhi"}]}
COMMAND: GET /session/8ff87a328fcfa35ca82a4cc6375ae338/screenshot - {}
RESULT: {"script":"<script> [1562 bytes]","args":[{"selector":{"id":"application-managepartners-display-component---NewPartner--externalCustomerComboBox-application-managepartners-display-component---NewPartner--assignmentsTable-0-vhi"},"wdio_ui5_key":"applicationmanagepartners-display-component---NewPartner--externalCustomerComboBox-application-managepartners-display-component---NewPartner--assignmentsTable-0-vhi"}]}
RESULT: undefined
COMMAND: POST /session/8ff87a328fcfa35ca82a4cc6375ae338/element - {"using":"xpath","value":"//*[@id=\"application-managepartners-display-component---NewPartner--externalCustomerComboBox-application-managepartners-display-component---NewPartner--assignmentsTable-0-vhi\"]"}
RESULT: {}
RESULT: {"using":"xpath","value":"//*[@id=\"application-managepartners-display-component---NewPartner--externalCustomerComboBox-application-managepartners-display-component---NewPartner--assignmentsTable-0-vhi\"]"}
COMMAND: POST /session/8ff87a328fcfa35ca82a4cc6375ae338/element/f.4AFCDA83F841BD0157C4E1BB812E2537.d.B64E234F97496DA805D79B3DF9368D95.e.5069/click - {}
RESULT: {}
RESULT: undefined
COMMAND: POST /session/8ff87a328fcfa35ca82a4cc6375ae338/execute/async - {"script":"<script> [776 bytes]","args":[{"enterText":"300003","selector":{"controlType":"sap.m.SearchField","properties":{"placeholder":"Search"},"searchOpenDialogs":true,"interaction":{"idSuffix":"I"}},"clearTextFirst":true,"interactionType":"ENTER_TEXT"}]}
COMMAND: GET /session/8ff87a328fcfa35ca82a4cc6375ae338/screenshot - {}
RESULT: {"script":"<script> [776 bytes]","args":[{"enterText":"300003","selector":{"controlType":"sap.m.SearchField","properties":{"placeholder":"Search"},"searchOpenDialogs":true,"interaction":{"idSuffix":"I"}},"clearTextFirst":true,"interactionType":"ENTER_TEXT"}]}
COMMAND: POST /session/8ff87a328fcfa35ca82a4cc6375ae338/actions - {"actions":[{"id":"action13","type":"key","parameters":{},"actions":[{"type":"keyDown","value":"î€‡"},{"type":"pause","duration":10},{"type":"keyUp","value":"î€‡"}]}]}
RESULT: {}
RESULT: {"actions":[{"id":"action13","type":"key","parameters":{},"actions":[{"type":"keyDown","value":"î€‡"},{"type":"pause","duration":10},{"type":"keyUp","value":"î€‡"}]}]}
COMMAND: GET /session/8ff87a328fcfa35ca82a4cc6375ae338/screenshot - {}
RESULT: {}
COMMAND: POST /session/8ff87a328fcfa35ca82a4cc6375ae338/element - {"using":"xpath","value":"//span[contains(text(), \"300003\")]"}
RESULT: {"using":"xpath","value":"//span[contains(text(), \"300003\")]"}
COMMAND: POST /session/8ff87a328fcfa35ca82a4cc6375ae338/element/f.4AFCDA83F841BD0157C4E1BB812E2537.d.B64E234F97496DA805D79B3DF9368D95.e.5087/click - {}
RESULT: {}
COMMAND: GET /session/8ff87a328fcfa35ca82a4cc6375ae338/screenshot - {}
RESULT: {}
COMMAND: POST /session/8ff87a328fcfa35ca82a4cc6375ae338/element - {"using":"xpath","value":"//bdi[contains(text(), \"OK\")]"}
RESULT: {"using":"xpath","value":"//bdi[contains(text(), \"OK\")]"}
COMMAND: POST /session/8ff87a328fcfa35ca82a4cc6375ae338/element/f.4AFCDA83F841BD0157C4E1BB812E2537.d.B64E234F97496DA805D79B3DF9368D95.e.5089/click - {}
RESULT: {}
COMMAND: GET /session/8ff87a328fcfa35ca82a4cc6375ae338/screenshot - {}
RESULT: {}
COMMAND: POST /session/8ff87a328fcfa35ca82a4cc6375ae338/execute/async - {"script":"<script> [1562 bytes]","args":[{"selector":{"id":"application-managepartners-display-component---NewPartner--intercompVendorComboBox-application-managepartners-display-component---NewPartner--assignmentsTable-0-vhi"},"wdio_ui5_key":"applicationmanagepartners-display-component---NewPartner--intercompVendorComboBox-application-managepartners-display-component---NewPartner--assignmentsTable-0-vhi"}]}
RESULT: {"script":"<script> [1562 bytes]","args":[{"selector":{"id":"application-managepartners-display-component---NewPartner--intercompVendorComboBox-application-managepartners-display-component---NewPartner--assignmentsTable-0-vhi"},"wdio_ui5_key":"applicationmanagepartners-display-component---NewPartner--intercompVendorComboBox-application-managepartners-display-component---NewPartner--assignmentsTable-0-vhi"}]}
RESULT: undefined
COMMAND: POST /session/8ff87a328fcfa35ca82a4cc6375ae338/element - {"using":"xpath","value":"//*[@id=\"application-managepartners-display-component---NewPartner--intercompVendorComboBox-application-managepartners-display-component---NewPartner--assignmentsTable-0-vhi\"]"}
RESULT: {"using":"xpath","value":"//*[@id=\"application-managepartners-display-component---NewPartner--intercompVendorComboBox-application-managepartners-display-component---NewPartner--assignmentsTable-0-vhi\"]"}
COMMAND: POST /session/8ff87a328fcfa35ca82a4cc6375ae338/element/f.4AFCDA83F841BD0157C4E1BB812E2537.d.B64E234F97496DA805D79B3DF9368D95.e.5092/click - {}
RESULT: {}
RESULT: undefined
COMMAND: POST /session/8ff87a328fcfa35ca82a4cc6375ae338/execute/async - {"script":"<script> [776 bytes]","args":[{"enterText":"100005","selector":{"controlType":"sap.m.SearchField","properties":{"placeholder":"Search"},"searchOpenDialogs":true,"interaction":{"idSuffix":"I"}},"clearTextFirst":true,"interactionType":"ENTER_TEXT"}]}
COMMAND: GET /session/8ff87a328fcfa35ca82a4cc6375ae338/screenshot - {}
RESULT: {"script":"<script> [776 bytes]","args":[{"enterText":"100005","selector":{"controlType":"sap.m.SearchField","properties":{"placeholder":"Search"},"searchOpenDialogs":true,"interaction":{"idSuffix":"I"}},"clearTextFirst":true,"interactionType":"ENTER_TEXT"}]}
COMMAND: POST /session/8ff87a328fcfa35ca82a4cc6375ae338/actions - {"actions":[{"id":"action14","type":"key","parameters":{},"actions":[{"type":"keyDown","value":"î€‡"},{"type":"pause","duration":10},{"type":"keyUp","value":"î€‡"}]}]}
RESULT: {}
RESULT: {"actions":[{"id":"action14","type":"key","parameters":{},"actions":[{"type":"keyDown","value":"î€‡"},{"type":"pause","duration":10},{"type":"keyUp","value":"î€‡"}]}]}
COMMAND: GET /session/8ff87a328fcfa35ca82a4cc6375ae338/screenshot - {}
RESULT: {}
COMMAND: POST /session/8ff87a328fcfa35ca82a4cc6375ae338/element - {"using":"xpath","value":"//span[contains(text(), \"Penguins - Field/12345 Berlin\")]"}
RESULT: {"using":"xpath","value":"//span[contains(text(), \"Penguins - Field/12345 Berlin\")]"}
COMMAND: POST /session/8ff87a328fcfa35ca82a4cc6375ae338/element/f.4AFCDA83F841BD0157C4E1BB812E2537.d.B64E234F97496DA805D79B3DF9368D95.e.5109/click - {}
RESULT: {}
COMMAND: GET /session/8ff87a328fcfa35ca82a4cc6375ae338/screenshot - {}
RESULT: {}
COMMAND: POST /session/8ff87a328fcfa35ca82a4cc6375ae338/element - {"using":"xpath","value":"//bdi[contains(text(), \"OK\")]"}
RESULT: {"using":"xpath","value":"//bdi[contains(text(), \"OK\")]"}
COMMAND: POST /session/8ff87a328fcfa35ca82a4cc6375ae338/element/f.4AFCDA83F841BD0157C4E1BB812E2537.d.B64E234F97496DA805D79B3DF9368D95.e.5110/click - {}
RESULT: {}
COMMAND: GET /session/8ff87a328fcfa35ca82a4cc6375ae338/screenshot - {}
RESULT: {}
COMMAND: POST /session/8ff87a328fcfa35ca82a4cc6375ae338/element - {"using":"xpath","value":"//button[@data-kt=\"saveButton\"]"}
RESULT: {"using":"xpath","value":"//button[@data-kt=\"saveButton\"]"}
COMMAND: POST /session/8ff87a328fcfa35ca82a4cc6375ae338/element/f.4AFCDA83F841BD0157C4E1BB812E2537.d.B64E234F97496DA805D79B3DF9368D95.e.4995/click - {}
RESULT: {}
COMMAND: GET /session/8ff87a328fcfa35ca82a4cc6375ae338/screenshot - {}
RESULT: {}
COMMAND: POST /session/8ff87a328fcfa35ca82a4cc6375ae338/element - {"using":"xpath","value":"//header[contains(@id, 'ObjectPageLayout-headerTitle')]/div[1]/div[2]/div[2]/span[1]"}
RESULT: {"using":"xpath","value":"//header[contains(@id, 'ObjectPageLayout-headerTitle')]/div[1]/div[2]/div[2]/span[1]"}
COMMAND: POST /session/8ff87a328fcfa35ca82a4cc6375ae338/elements - {"using":"xpath","value":"//header[contains(@id, 'ObjectPageLayout-headerTitle')]/div[1]/div[2]/div[2]/span[1]"}
RESULT: {"using":"xpath","value":"//header[contains(@id, 'ObjectPageLayout-headerTitle')]/div[1]/div[2]/div[2]/span[1]"}
COMMAND: POST /session/8ff87a328fcfa35ca82a4cc6375ae338/execute/sync - {"script":"<script> [56 bytes]","args":[{"element-6066-11e4-a52e-4f735466cecf":"f.4AFCDA83F841BD0157C4E1BB812E2537.d.B64E234F97496DA805D79B3DF9368D95.e.5274","ELEMENT":"f.4AFCDA83F841BD0157C4E1BB812E2537.d.B64E234F97496DA805D79B3DF9368D95.e.5274"}]}
RESULT: {"script":"<script> [56 bytes]","args":[{"element-6066-11e4-a52e-4f735466cecf":"f.4AFCDA83F841BD0157C4E1BB812E2537.d.B64E234F97496DA805D79B3DF9368D95.e.5274","ELEMENT":"f.4AFCDA83F841BD0157C4E1BB812E2537.d.B64E234F97496DA805D79B3DF9368D95.e.5274"}]}
COMMAND: POST /session/8ff87a328fcfa35ca82a4cc6375ae338/element - {"using":"css selector","value":"#shell-header-logo"}
COMMAND: GET /session/8ff87a328fcfa35ca82a4cc6375ae338/screenshot - {}
RESULT: {"using":"css selector","value":"#shell-header-logo"}
COMMAND: POST /session/8ff87a328fcfa35ca82a4cc6375ae338/element/f.4AFCDA83F841BD0157C4E1BB812E2537.d.B64E234F97496DA805D79B3DF9368D95.e.4526/click - {}
RESULT: {}
RESULT: {}
COMMAND: GET /session/8ff87a328fcfa35ca82a4cc6375ae338/screenshot - {}
RESULT: {}
COMMAND: POST /session/8ff87a328fcfa35ca82a4cc6375ae338/execute/sync - {"script":"<script> [299 bytes]","args":[["getModel","getResource"]]}
RESULT: {"script":"<script> [299 bytes]","args":[["getModel","getResource"]]}
RESULT: undefined
COMMAND: POST /session/8ff87a328fcfa35ca82a4cc6375ae338/element - {"using":"xpath","value":"//*[@id=\"__tile30\"]"}
COMMAND: GET /session/8ff87a328fcfa35ca82a4cc6375ae338/screenshot - {}
RESULT: {"using":"xpath","value":"//*[@id=\"__tile30\"]"}
COMMAND: POST /session/8ff87a328fcfa35ca82a4cc6375ae338/element/f.4AFCDA83F841BD0157C4E1BB812E2537.d.B64E234F97496DA805D79B3DF9368D95.e.4446/click - {}
RESULT: {}
RESULT: {}
COMMAND: POST /session/8ff87a328fcfa35ca82a4cc6375ae338/element - {"using":"xpath","value":"//button[@data-kt=\"addButton\"]"}
COMMAND: GET /session/8ff87a328fcfa35ca82a4cc6375ae338/screenshot - {}
RESULT: {"using":"xpath","value":"//button[@data-kt=\"addButton\"]"}
COMMAND: POST /session/8ff87a328fcfa35ca82a4cc6375ae338/elements - {"using":"xpath","value":"//button[@data-kt=\"addButton\"]"}
RESULT: {}
RESULT: {"using":"xpath","value":"//button[@data-kt=\"addButton\"]"}
COMMAND: POST /session/8ff87a328fcfa35ca82a4cc6375ae338/element - {"using":"xpath","value":"//button[@data-kt=\"addButton\"]"}
RESULT: {"using":"xpath","value":"//button[@data-kt=\"addButton\"]"}
COMMAND: POST /session/8ff87a328fcfa35ca82a4cc6375ae338/execute/sync - {"script":"<script> [8489 bytes]","args":[{"element-6066-11e4-a52e-4f735466cecf":"f.4AFCDA83F841BD0157C4E1BB812E2537.d.B64E234F97496DA805D79B3DF9368D95.e.5311","ELEMENT":"f.4AFCDA83F841BD0157C4E1BB812E2537.d.B64E234F97496DA805D79B3DF9368D95.e.5311"}]}
RESULT: {"script":"<script> [8489 bytes]","args":[{"element-6066-11e4-a52e-4f735466cecf":"f.4AFCDA83F841BD0157C4E1BB812E2537.d.B64E234F97496DA805D79B3DF9368D95.e.5311","ELEMENT":"f.4AFCDA83F841BD0157C4E1BB812E2537.d.B64E234F97496DA805D79B3DF9368D95.e.5311"}]}
COMMAND: GET /session/8ff87a328fcfa35ca82a4cc6375ae338/element/f.4AFCDA83F841BD0157C4E1BB812E2537.d.B64E234F97496DA805D79B3DF9368D95.e.5311/enabled - {}
COMMAND: GET /session/8ff87a328fcfa35ca82a4cc6375ae338/screenshot - {}
RESULT: {}
COMMAND: POST /session/8ff87a328fcfa35ca82a4cc6375ae338/execute/sync - {"script":"<script> [8489 bytes]","args":[{"element-6066-11e4-a52e-4f735466cecf":"f.4AFCDA83F841BD0157C4E1BB812E2537.d.B64E234F97496DA805D79B3DF9368D95.e.5311","ELEMENT":"f.4AFCDA83F841BD0157C4E1BB812E2537.d.B64E234F97496DA805D79B3DF9368D95.e.5311"}]}
COMMAND: GET /session/8ff87a328fcfa35ca82a4cc6375ae338/screenshot - {}
RESULT: {}
RESULT: {"script":"<script> [8489 bytes]","args":[{"element-6066-11e4-a52e-4f735466cecf":"f.4AFCDA83F841BD0157C4E1BB812E2537.d.B64E234F97496DA805D79B3DF9368D95.e.5311","ELEMENT":"f.4AFCDA83F841BD0157C4E1BB812E2537.d.B64E234F97496DA805D79B3DF9368D95.e.5311"}]}
COMMAND: POST /session/8ff87a328fcfa35ca82a4cc6375ae338/execute/sync - {"script":"<script> [5351 bytes]","args":[{"element-6066-11e4-a52e-4f735466cecf":"f.4AFCDA83F841BD0157C4E1BB812E2537.d.B64E234F97496DA805D79B3DF9368D95.e.5311","ELEMENT":"f.4AFCDA83F841BD0157C4E1BB812E2537.d.B64E234F97496DA805D79B3DF9368D95.e.5311"}]}
COMMAND: GET /session/8ff87a328fcfa35ca82a4cc6375ae338/screenshot - {}
RESULT: {}
RESULT: {"script":"<script> [5351 bytes]","args":[{"element-6066-11e4-a52e-4f735466cecf":"f.4AFCDA83F841BD0157C4E1BB812E2537.d.B64E234F97496DA805D79B3DF9368D95.e.5311","ELEMENT":"f.4AFCDA83F841BD0157C4E1BB812E2537.d.B64E234F97496DA805D79B3DF9368D95.e.5311"}]}
COMMAND: GET /session/8ff87a328fcfa35ca82a4cc6375ae338/screenshot - {}
RESULT: {}
RESULT: {}
COMMAND: POST /session/8ff87a328fcfa35ca82a4cc6375ae338/execute/async - {"script":"<script> [1562 bytes]","args":[{"selector":{"id":"application-managepartners-display-component---masterPtm--smartFilterBar-btnBasicSearch","interaction":{"idSuffix":"I"}},"wdio_ui5_key":"applicationmanagepartners-display-component---masterPtm--smartFilterBar-btnBasicSearch"}]}
RESULT: {"script":"<script> [1562 bytes]","args":[{"selector":{"id":"application-managepartners-display-component---masterPtm--smartFilterBar-btnBasicSearch","interaction":{"idSuffix":"I"}},"wdio_ui5_key":"applicationmanagepartners-display-component---masterPtm--smartFilterBar-btnBasicSearch"}]}
RESULT: undefined
COMMAND: POST /session/8ff87a328fcfa35ca82a4cc6375ae338/execute/async - {"script":"<script> [776 bytes]","args":[{"enterText":"1427","selector":{"id":"application-managepartners-display-component---masterPtm--smartFilterBar-btnBasicSearch","interaction":{"idSuffix":"I"}},"clearTextFirst":true,"interactionType":"ENTER_TEXT"}]}
RESULT: {"script":"<script> [776 bytes]","args":[{"enterText":"1427","selector":{"id":"application-managepartners-display-component---masterPtm--smartFilterBar-btnBasicSearch","interaction":{"idSuffix":"I"}},"clearTextFirst":true,"interactionType":"ENTER_TEXT"}]}
COMMAND: POST /session/8ff87a328fcfa35ca82a4cc6375ae338/actions - {"actions":[{"id":"action15","type":"key","parameters":{},"actions":[{"type":"keyDown","value":"î€‡"},{"type":"pause","duration":10},{"type":"keyUp","value":"î€‡"}]}]}
RESULT: {"actions":[{"id":"action15","type":"key","parameters":{},"actions":[{"type":"keyDown","value":"î€‡"},{"type":"pause","duration":10},{"type":"keyUp","value":"î€‡"}]}]}
COMMAND: GET /session/8ff87a328fcfa35ca82a4cc6375ae338/screenshot - {}
RESULT: {}
COMMAND: POST /session/8ff87a328fcfa35ca82a4cc6375ae338/elements - {"using":"xpath","value":"//table[contains(@id, \"customPartnersTable-listUl\")]/tbody/tr"}
RESULT: {"using":"xpath","value":"//table[contains(@id, \"customPartnersTable-listUl\")]/tbody/tr"}
COMMAND: POST /session/8ff87a328fcfa35ca82a4cc6375ae338/element - {"using":"xpath","value":"//table[contains(@id, \"customPartnersTable-listUl\")]/tbody/tr[1]/td[3]/span"}
RESULT: {"using":"xpath","value":"//table[contains(@id, \"customPartnersTable-listUl\")]/tbody/tr[1]/td[3]/span"}
COMMAND: POST /session/8ff87a328fcfa35ca82a4cc6375ae338/elements - {"using":"xpath","value":"//table[contains(@id, \"customPartnersTable-listUl\")]/tbody/tr[1]/td[3]/span"}
RESULT: {"using":"xpath","value":"//table[contains(@id, \"customPartnersTable-listUl\")]/tbody/tr[1]/td[3]/span"}
COMMAND: POST /session/8ff87a328fcfa35ca82a4cc6375ae338/execute/sync - {"script":"<script> [56 bytes]","args":[{"element-6066-11e4-a52e-4f735466cecf":"f.4AFCDA83F841BD0157C4E1BB812E2537.d.B64E234F97496DA805D79B3DF9368D95.e.5458","ELEMENT":"f.4AFCDA83F841BD0157C4E1BB812E2537.d.B64E234F97496DA805D79B3DF9368D95.e.5458"}]}
RESULT: {"script":"<script> [56 bytes]","args":[{"element-6066-11e4-a52e-4f735466cecf":"f.4AFCDA83F841BD0157C4E1BB812E2537.d.B64E234F97496DA805D79B3DF9368D95.e.5458","ELEMENT":"f.4AFCDA83F841BD0157C4E1BB812E2537.d.B64E234F97496DA805D79B3DF9368D95.e.5458"}]}
COMMAND: POST /session/8ff87a328fcfa35ca82a4cc6375ae338/element - {"using":"xpath","value":"(//span[contains(@id, \"imgNav\")])[1]"}
COMMAND: GET /session/8ff87a328fcfa35ca82a4cc6375ae338/screenshot - {}
RESULT: {"using":"xpath","value":"(//span[contains(@id, \"imgNav\")])[1]"}
COMMAND: POST /session/8ff87a328fcfa35ca82a4cc6375ae338/element/f.4AFCDA83F841BD0157C4E1BB812E2537.d.B64E234F97496DA805D79B3DF9368D95.e.5456/click - {}
RESULT: {}
RESULT: {}
COMMAND: GET /session/8ff87a328fcfa35ca82a4cc6375ae338/screenshot - {}
COMMAND: POST /session/8ff87a328fcfa35ca82a4cc6375ae338/element - {"using":"xpath","value":"//bdi[contains(text(), \"Edit\")]"}
RESULT: {}
RESULT: {"using":"xpath","value":"//bdi[contains(text(), \"Edit\")]"}
COMMAND: POST /session/8ff87a328fcfa35ca82a4cc6375ae338/element/f.4AFCDA83F841BD0157C4E1BB812E2537.d.B64E234F97496DA805D79B3DF9368D95.e.5602/click - {}
RESULT: {}
COMMAND: GET /session/8ff87a328fcfa35ca82a4cc6375ae338/screenshot - {}
RESULT: {}
COMMAND: POST /session/8ff87a328fcfa35ca82a4cc6375ae338/execute/async - {"script":"<script> [1562 bytes]","args":[{"selector":{"controlType":"sap.m.Input","viewName":"etm.portal.ui.managepartners.view.EditDetail","labelFor":{"text":"Name"},"interaction":{"idSuffix":"inner"}},"wdio_ui5_key":"etmportal.ui.managepartners.view.EditDetailsap.m.Input{\"text\":\"Name\"}"}]}
RESULT: {"script":"<script> [1562 bytes]","args":[{"selector":{"controlType":"sap.m.Input","viewName":"etm.portal.ui.managepartners.view.EditDetail","labelFor":{"text":"Name"},"interaction":{"idSuffix":"inner"}},"wdio_ui5_key":"etmportal.ui.managepartners.view.EditDetailsap.m.Input{\"text\":\"Name\"}"}]}
RESULT: undefined
COMMAND: POST /session/8ff87a328fcfa35ca82a4cc6375ae338/execute/async - {"script":"<script> [776 bytes]","args":[{"enterText":"Intracompany EDIT","selector":{"controlType":"sap.m.Input","viewName":"etm.portal.ui.managepartners.view.EditDetail","labelFor":{"text":"Name"},"interaction":{"idSuffix":"inner"}},"clearTextFirst":true,"interactionType":"ENTER_TEXT"}]}
RESULT: {"script":"<script> [776 bytes]","args":[{"enterText":"Intracompany EDIT","selector":{"controlType":"sap.m.Input","viewName":"etm.portal.ui.managepartners.view.EditDetail","labelFor":{"text":"Name"},"interaction":{"idSuffix":"inner"}},"clearTextFirst":true,"interactionType":"ENTER_TEXT"}]}
COMMAND: POST /session/8ff87a328fcfa35ca82a4cc6375ae338/element - {"using":"xpath","value":"(//span[contains(@id,\"addressDetailDetailsLanguage-arrow\")])[1]"}
RESULT: {"using":"xpath","value":"(//span[contains(@id,\"addressDetailDetailsLanguage-arrow\")])[1]"}
COMMAND: POST /session/8ff87a328fcfa35ca82a4cc6375ae338/element/f.4AFCDA83F841BD0157C4E1BB812E2537.d.B64E234F97496DA805D79B3DF9368D95.e.5687/click - {}
RESULT: {}
COMMAND: POST /session/8ff87a328fcfa35ca82a4cc6375ae338/element - {"using":"xpath","value":"//span[contains(text(), \"Chinese\")]"}
COMMAND: GET /session/8ff87a328fcfa35ca82a4cc6375ae338/screenshot - {}
RESULT: {"using":"xpath","value":"//span[contains(text(), \"Chinese\")]"}
COMMAND: POST /session/8ff87a328fcfa35ca82a4cc6375ae338/element/f.4AFCDA83F841BD0157C4E1BB812E2537.d.B64E234F97496DA805D79B3DF9368D95.e.5688/click - {}
RESULT: {}
RESULT: {}
COMMAND: GET /session/8ff87a328fcfa35ca82a4cc6375ae338/screenshot - {}
RESULT: {}
COMMAND: POST /session/8ff87a328fcfa35ca82a4cc6375ae338/execute/async - {"script":"<script> [1562 bytes]","args":[{"selector":{"controlType":"sap.m.Input","viewName":"etm.portal.ui.managepartners.view.EditDetail","labelFor":{"text":"City"},"interaction":{"idSuffix":"inner"}},"wdio_ui5_key":"etmportal.ui.managepartners.view.EditDetailsap.m.Input{\"text\":\"City\"}"}]}
RESULT: {"script":"<script> [1562 bytes]","args":[{"selector":{"controlType":"sap.m.Input","viewName":"etm.portal.ui.managepartners.view.EditDetail","labelFor":{"text":"City"},"interaction":{"idSuffix":"inner"}},"wdio_ui5_key":"etmportal.ui.managepartners.view.EditDetailsap.m.Input{\"text\":\"City\"}"}]}
RESULT: undefined
COMMAND: POST /session/8ff87a328fcfa35ca82a4cc6375ae338/execute/async - {"script":"<script> [776 bytes]","args":[{"enterText":"Clooj-Napoca","selector":{"controlType":"sap.m.Input","viewName":"etm.portal.ui.managepartners.view.EditDetail","labelFor":{"text":"City"},"interaction":{"idSuffix":"inner"}},"clearTextFirst":true,"interactionType":"ENTER_TEXT"}]}
RESULT: {"script":"<script> [776 bytes]","args":[{"enterText":"Clooj-Napoca","selector":{"controlType":"sap.m.Input","viewName":"etm.portal.ui.managepartners.view.EditDetail","labelFor":{"text":"City"},"interaction":{"idSuffix":"inner"}},"clearTextFirst":true,"interactionType":"ENTER_TEXT"}]}
COMMAND: POST /session/8ff87a328fcfa35ca82a4cc6375ae338/element - {"using":"xpath","value":"//button[@data-kt=\"saveButton\"]"}
RESULT: {"using":"xpath","value":"//button[@data-kt=\"saveButton\"]"}
COMMAND: POST /session/8ff87a328fcfa35ca82a4cc6375ae338/element/f.4AFCDA83F841BD0157C4E1BB812E2537.d.B64E234F97496DA805D79B3DF9368D95.e.5664/click - {}
RESULT: {}
COMMAND: GET /session/8ff87a328fcfa35ca82a4cc6375ae338/screenshot - {}
RESULT: {}
COMMAND: POST /session/8ff87a328fcfa35ca82a4cc6375ae338/execute/async - {"script":"<script> [1562 bytes]","args":[{"selector":{"id":"application-managepartners-display-component---detailPtm--addressDetailDetailsName1"},"wdio_ui5_key":"applicationmanagepartners-display-component---detailPtm--addressDetailDetailsName1"}]}
RESULT: {"script":"<script> [1562 bytes]","args":[{"selector":{"id":"application-managepartners-display-component---detailPtm--addressDetailDetailsName1"},"wdio_ui5_key":"applicationmanagepartners-display-component---detailPtm--addressDetailDetailsName1"}]}
RESULT: undefined
COMMAND: POST /session/8ff87a328fcfa35ca82a4cc6375ae338/execute/async - {"script":"<script> [6424 bytes]","args":[{"element-6066-11e4-a52e-4f735466cecf":"f.4AFCDA83F841BD0157C4E1BB812E2537.d.B64E234F97496DA805D79B3DF9368D95.e.5719"},"getValue",[]]}
RESULT: {"script":"<script> [6424 bytes]","args":[{"element-6066-11e4-a52e-4f735466cecf":"f.4AFCDA83F841BD0157C4E1BB812E2537.d.B64E234F97496DA805D79B3DF9368D95.e.5719"},"getValue",[]]}
COMMAND: POST /session/8ff87a328fcfa35ca82a4cc6375ae338/element - {"using":"xpath","value":"//input[@id = \"application-managepartners-display-component---detailPtm--addressDetailDetailsLanguage-inner\"]"}
RESULT: {"using":"xpath","value":"//input[@id = \"application-managepartners-display-component---detailPtm--addressDetailDetailsLanguage-inner\"]"}
COMMAND: GET /session/8ff87a328fcfa35ca82a4cc6375ae338/element/f.4AFCDA83F841BD0157C4E1BB812E2537.d.B64E234F97496DA805D79B3DF9368D95.e.5720/property/value - {}
RESULT: {}
COMMAND: POST /session/8ff87a328fcfa35ca82a4cc6375ae338/execute/async - {"script":"<script> [1562 bytes]","args":[{"selector":{"id":"application-managepartners-display-component---detailPtm--addressDetailDetailsCity1"},"wdio_ui5_key":"applicationmanagepartners-display-component---detailPtm--addressDetailDetailsCity1"}]}
COMMAND: GET /session/8ff87a328fcfa35ca82a4cc6375ae338/screenshot - {}
RESULT: {"script":"<script> [1562 bytes]","args":[{"selector":{"id":"application-managepartners-display-component---detailPtm--addressDetailDetailsCity1"},"wdio_ui5_key":"applicationmanagepartners-display-component---detailPtm--addressDetailDetailsCity1"}]}
RESULT: undefined
COMMAND: POST /session/8ff87a328fcfa35ca82a4cc6375ae338/execute/async - {"script":"<script> [6424 bytes]","args":[{"element-6066-11e4-a52e-4f735466cecf":"f.4AFCDA83F841BD0157C4E1BB812E2537.d.B64E234F97496DA805D79B3DF9368D95.e.5721"},"getValue",[]]}
RESULT: {}
RESULT: {"script":"<script> [6424 bytes]","args":[{"element-6066-11e4-a52e-4f735466cecf":"f.4AFCDA83F841BD0157C4E1BB812E2537.d.B64E234F97496DA805D79B3DF9368D95.e.5721"},"getValue",[]]}
COMMAND: POST /session/8ff87a328fcfa35ca82a4cc6375ae338/element - {"using":"css selector","value":"#shell-header-logo"}
RESULT: {"using":"css selector","value":"#shell-header-logo"}
COMMAND: POST /session/8ff87a328fcfa35ca82a4cc6375ae338/element/f.4AFCDA83F841BD0157C4E1BB812E2537.d.B64E234F97496DA805D79B3DF9368D95.e.5277/click - {}
RESULT: {}
COMMAND: GET /session/8ff87a328fcfa35ca82a4cc6375ae338/screenshot - {}
RESULT: {}
]]></system-out>
    </testcase>
    <testcase classname="chrome.135_0_7049_96.windows.Partner_specific_tests_US150819_US151080_US151654_US151176_US103444_US151078_US151079_US151109_US151174_US151175_US151189" name="Should do filtering and navigation tests US151109" time="158.706">
      <system-out><![CDATA[
COMMAND: POST /session/8ff87a328fcfa35ca82a4cc6375ae338/element - {"using":"xpath","value":"//li[.//span[text()=\"Manage Partners\"]]"}
RESULT: {"using":"xpath","value":"//li[.//span[text()=\"Manage Partners\"]]"}
COMMAND: POST /session/8ff87a328fcfa35ca82a4cc6375ae338/element - {"using":"xpath","value":"//li[.//span[text()=\"Manage Partners\"]]"}
RESULT: {"using":"xpath","value":"//li[.//span[text()=\"Manage Partners\"]]"}
COMMAND: POST /session/8ff87a328fcfa35ca82a4cc6375ae338/element - {"using":"css selector","value":"#shell-header-logo"}
RESULT: {"using":"css selector","value":"#shell-header-logo"}
COMMAND: POST /session/8ff87a328fcfa35ca82a4cc6375ae338/element/f.4AFCDA83F841BD0157C4E1BB812E2537.d.B64E234F97496DA805D79B3DF9368D95.e.5751/click - {}
COMMAND: POST /session/8ff87a328fcfa35ca82a4cc6375ae338/execute/sync - {"script":"<script> [8489 bytes]","args":[{"element-6066-11e4-a52e-4f735466cecf":"f.4AFCDA83F841BD0157C4E1BB812E2537.d.B64E234F97496DA805D79B3DF9368D95.e.5751","ELEMENT":"f.4AFCDA83F841BD0157C4E1BB812E2537.d.B64E234F97496DA805D79B3DF9368D95.e.5751"}]}
RESULT: {}
COMMAND: GET /session/8ff87a328fcfa35ca82a4cc6375ae338/screenshot - {}
RESULT: {"script":"<script> [8489 bytes]","args":[{"element-6066-11e4-a52e-4f735466cecf":"f.4AFCDA83F841BD0157C4E1BB812E2537.d.B64E234F97496DA805D79B3DF9368D95.e.5751","ELEMENT":"f.4AFCDA83F841BD0157C4E1BB812E2537.d.B64E234F97496DA805D79B3DF9368D95.e.5751"}]}
COMMAND: POST /session/8ff87a328fcfa35ca82a4cc6375ae338/execute/sync - {"script":"<script> [5351 bytes]","args":[{"element-6066-11e4-a52e-4f735466cecf":"f.4AFCDA83F841BD0157C4E1BB812E2537.d.B64E234F97496DA805D79B3DF9368D95.e.5751","ELEMENT":"f.4AFCDA83F841BD0157C4E1BB812E2537.d.B64E234F97496DA805D79B3DF9368D95.e.5751"}]}
COMMAND: GET /session/8ff87a328fcfa35ca82a4cc6375ae338/screenshot - {}
RESULT: {}
RESULT: {"script":"<script> [5351 bytes]","args":[{"element-6066-11e4-a52e-4f735466cecf":"f.4AFCDA83F841BD0157C4E1BB812E2537.d.B64E234F97496DA805D79B3DF9368D95.e.5751","ELEMENT":"f.4AFCDA83F841BD0157C4E1BB812E2537.d.B64E234F97496DA805D79B3DF9368D95.e.5751"}]}
COMMAND: GET /session/8ff87a328fcfa35ca82a4cc6375ae338/screenshot - {}
RESULT: {}
RESULT: {}
RESULT: undefined
COMMAND: POST /session/8ff87a328fcfa35ca82a4cc6375ae338/element - {"using":"xpath","value":"//*[@id=\"__tile30\"]"}
RESULT: {"using":"xpath","value":"//*[@id=\"__tile30\"]"}
COMMAND: POST /session/8ff87a328fcfa35ca82a4cc6375ae338/element/f.4AFCDA83F841BD0157C4E1BB812E2537.d.B64E234F97496DA805D79B3DF9368D95.e.4446/click - {}
RESULT: {}
COMMAND: POST /session/8ff87a328fcfa35ca82a4cc6375ae338/element - {"using":"xpath","value":"//button[@data-kt=\"addButton\"]"}
COMMAND: GET /session/8ff87a328fcfa35ca82a4cc6375ae338/screenshot - {}
RESULT: {"using":"xpath","value":"//button[@data-kt=\"addButton\"]"}
COMMAND: POST /session/8ff87a328fcfa35ca82a4cc6375ae338/elements - {"using":"xpath","value":"//button[@data-kt=\"addButton\"]"}
RESULT: {}
RESULT: {"using":"xpath","value":"//button[@data-kt=\"addButton\"]"}
COMMAND: POST /session/8ff87a328fcfa35ca82a4cc6375ae338/element - {"using":"xpath","value":"//button[@data-kt=\"addButton\"]"}
RESULT: {"using":"xpath","value":"//button[@data-kt=\"addButton\"]"}
COMMAND: POST /session/8ff87a328fcfa35ca82a4cc6375ae338/execute/sync - {"script":"<script> [8489 bytes]","args":[{"element-6066-11e4-a52e-4f735466cecf":"f.4AFCDA83F841BD0157C4E1BB812E2537.d.B64E234F97496DA805D79B3DF9368D95.e.5797","ELEMENT":"f.4AFCDA83F841BD0157C4E1BB812E2537.d.B64E234F97496DA805D79B3DF9368D95.e.5797"}]}
RESULT: {"script":"<script> [8489 bytes]","args":[{"element-6066-11e4-a52e-4f735466cecf":"f.4AFCDA83F841BD0157C4E1BB812E2537.d.B64E234F97496DA805D79B3DF9368D95.e.5797","ELEMENT":"f.4AFCDA83F841BD0157C4E1BB812E2537.d.B64E234F97496DA805D79B3DF9368D95.e.5797"}]}
COMMAND: GET /session/8ff87a328fcfa35ca82a4cc6375ae338/element/f.4AFCDA83F841BD0157C4E1BB812E2537.d.B64E234F97496DA805D79B3DF9368D95.e.5797/enabled - {}
COMMAND: GET /session/8ff87a328fcfa35ca82a4cc6375ae338/screenshot - {}
RESULT: {}
COMMAND: POST /session/8ff87a328fcfa35ca82a4cc6375ae338/execute/sync - {"script":"<script> [8489 bytes]","args":[{"element-6066-11e4-a52e-4f735466cecf":"f.4AFCDA83F841BD0157C4E1BB812E2537.d.B64E234F97496DA805D79B3DF9368D95.e.5797","ELEMENT":"f.4AFCDA83F841BD0157C4E1BB812E2537.d.B64E234F97496DA805D79B3DF9368D95.e.5797"}]}
COMMAND: GET /session/8ff87a328fcfa35ca82a4cc6375ae338/screenshot - {}
RESULT: {}
RESULT: {"script":"<script> [8489 bytes]","args":[{"element-6066-11e4-a52e-4f735466cecf":"f.4AFCDA83F841BD0157C4E1BB812E2537.d.B64E234F97496DA805D79B3DF9368D95.e.5797","ELEMENT":"f.4AFCDA83F841BD0157C4E1BB812E2537.d.B64E234F97496DA805D79B3DF9368D95.e.5797"}]}
COMMAND: POST /session/8ff87a328fcfa35ca82a4cc6375ae338/execute/sync - {"script":"<script> [5351 bytes]","args":[{"element-6066-11e4-a52e-4f735466cecf":"f.4AFCDA83F841BD0157C4E1BB812E2537.d.B64E234F97496DA805D79B3DF9368D95.e.5797","ELEMENT":"f.4AFCDA83F841BD0157C4E1BB812E2537.d.B64E234F97496DA805D79B3DF9368D95.e.5797"}]}
COMMAND: GET /session/8ff87a328fcfa35ca82a4cc6375ae338/screenshot - {}
RESULT: {}
RESULT: {"script":"<script> [5351 bytes]","args":[{"element-6066-11e4-a52e-4f735466cecf":"f.4AFCDA83F841BD0157C4E1BB812E2537.d.B64E234F97496DA805D79B3DF9368D95.e.5797","ELEMENT":"f.4AFCDA83F841BD0157C4E1BB812E2537.d.B64E234F97496DA805D79B3DF9368D95.e.5797"}]}
COMMAND: GET /session/8ff87a328fcfa35ca82a4cc6375ae338/screenshot - {}
RESULT: {}
RESULT: {}
COMMAND: POST /session/8ff87a328fcfa35ca82a4cc6375ae338/element - {"using":"xpath","value":"//span[@id=\"application-managepartners-display-component---masterPtm--smartTable-header-inner\"]"}
RESULT: {"using":"xpath","value":"//span[@id=\"application-managepartners-display-component---masterPtm--smartTable-header-inner\"]"}
COMMAND: POST /session/8ff87a328fcfa35ca82a4cc6375ae338/elements - {"using":"xpath","value":"//span[@id=\"application-managepartners-display-component---masterPtm--smartTable-header-inner\"]"}
RESULT: {"using":"xpath","value":"//span[@id=\"application-managepartners-display-component---masterPtm--smartTable-header-inner\"]"}
COMMAND: POST /session/8ff87a328fcfa35ca82a4cc6375ae338/execute/sync - {"script":"<script> [56 bytes]","args":[{"element-6066-11e4-a52e-4f735466cecf":"f.4AFCDA83F841BD0157C4E1BB812E2537.d.B64E234F97496DA805D79B3DF9368D95.e.5920","ELEMENT":"f.4AFCDA83F841BD0157C4E1BB812E2537.d.B64E234F97496DA805D79B3DF9368D95.e.5920"}]}
RESULT: {"script":"<script> [56 bytes]","args":[{"element-6066-11e4-a52e-4f735466cecf":"f.4AFCDA83F841BD0157C4E1BB812E2537.d.B64E234F97496DA805D79B3DF9368D95.e.5920","ELEMENT":"f.4AFCDA83F841BD0157C4E1BB812E2537.d.B64E234F97496DA805D79B3DF9368D95.e.5920"}]}
RESULT: undefined
COMMAND: POST /session/8ff87a328fcfa35ca82a4cc6375ae338/execute/async - {"script":"<script> [776 bytes]","args":[{"enterText":"External Partner WDIO","selector":{"id":"application-managepartners-display-component---masterPtm--smartFilterBar-btnBasicSearch","interaction":{"idSuffix":"I"}},"clearTextFirst":true,"interactionType":"ENTER_TEXT"}]}
COMMAND: GET /session/8ff87a328fcfa35ca82a4cc6375ae338/screenshot - {}
RESULT: {"script":"<script> [776 bytes]","args":[{"enterText":"External Partner WDIO","selector":{"id":"application-managepartners-display-component---masterPtm--smartFilterBar-btnBasicSearch","interaction":{"idSuffix":"I"}},"clearTextFirst":true,"interactionType":"ENTER_TEXT"}]}
RESULT: {}
COMMAND: POST /session/8ff87a328fcfa35ca82a4cc6375ae338/actions - {"actions":[{"id":"action16","type":"key","parameters":{},"actions":[{"type":"keyDown","value":"î€‡"},{"type":"pause","duration":10},{"type":"keyUp","value":"î€‡"}]}]}
RESULT: {"actions":[{"id":"action16","type":"key","parameters":{},"actions":[{"type":"keyDown","value":"î€‡"},{"type":"pause","duration":10},{"type":"keyUp","value":"î€‡"}]}]}
COMMAND: GET /session/8ff87a328fcfa35ca82a4cc6375ae338/screenshot - {}
RESULT: {}
COMMAND: POST /session/8ff87a328fcfa35ca82a4cc6375ae338/element - {"using":"xpath","value":"//span[@id=\"application-managepartners-display-component---masterPtm--smartTable-header-inner\"]"}
RESULT: {"using":"xpath","value":"//span[@id=\"application-managepartners-display-component---masterPtm--smartTable-header-inner\"]"}
COMMAND: POST /session/8ff87a328fcfa35ca82a4cc6375ae338/elements - {"using":"xpath","value":"//span[@id=\"application-managepartners-display-component---masterPtm--smartTable-header-inner\"]"}
RESULT: {"using":"xpath","value":"//span[@id=\"application-managepartners-display-component---masterPtm--smartTable-header-inner\"]"}
COMMAND: POST /session/8ff87a328fcfa35ca82a4cc6375ae338/execute/sync - {"script":"<script> [56 bytes]","args":[{"element-6066-11e4-a52e-4f735466cecf":"f.4AFCDA83F841BD0157C4E1BB812E2537.d.B64E234F97496DA805D79B3DF9368D95.e.5920","ELEMENT":"f.4AFCDA83F841BD0157C4E1BB812E2537.d.B64E234F97496DA805D79B3DF9368D95.e.5920"}]}
RESULT: {"script":"<script> [56 bytes]","args":[{"element-6066-11e4-a52e-4f735466cecf":"f.4AFCDA83F841BD0157C4E1BB812E2537.d.B64E234F97496DA805D79B3DF9368D95.e.5920","ELEMENT":"f.4AFCDA83F841BD0157C4E1BB812E2537.d.B64E234F97496DA805D79B3DF9368D95.e.5920"}]}
COMMAND: POST /session/8ff87a328fcfa35ca82a4cc6375ae338/element - {"using":"xpath","value":"//div[contains(@id, \"managepartners-display-component---masterPtm--smartFilterBar-btnBasicSearch-reset\")]"}
COMMAND: GET /session/8ff87a328fcfa35ca82a4cc6375ae338/screenshot - {}
RESULT: {"using":"xpath","value":"//div[contains(@id, \"managepartners-display-component---masterPtm--smartFilterBar-btnBasicSearch-reset\")]"}
COMMAND: POST /session/8ff87a328fcfa35ca82a4cc6375ae338/element/f.4AFCDA83F841BD0157C4E1BB812E2537.d.B64E234F97496DA805D79B3DF9368D95.e.6041/click - {}
RESULT: {}
RESULT: {}
COMMAND: GET /session/8ff87a328fcfa35ca82a4cc6375ae338/screenshot - {}
RESULT: {}
COMMAND: POST /session/8ff87a328fcfa35ca82a4cc6375ae338/execute/async - {"script":"<script> [1562 bytes]","args":[{"selector":{"id":"application-managepartners-display-component---masterPtm--smartFilterBar-filterItemControl_BASIC-MAIN_ADDRESS-vhi"},"wdio_ui5_key":"applicationmanagepartners-display-component---masterPtm--smartFilterBar-filterItemControl_BASIC-MAIN_ADDRESS-vhi"}]}
RESULT: {"script":"<script> [1562 bytes]","args":[{"selector":{"id":"application-managepartners-display-component---masterPtm--smartFilterBar-filterItemControl_BASIC-MAIN_ADDRESS-vhi"},"wdio_ui5_key":"applicationmanagepartners-display-component---masterPtm--smartFilterBar-filterItemControl_BASIC-MAIN_ADDRESS-vhi"}]}
RESULT: undefined
COMMAND: POST /session/8ff87a328fcfa35ca82a4cc6375ae338/element - {"using":"xpath","value":"//*[@id=\"application-managepartners-display-component---masterPtm--smartFilterBar-filterItemControl_BASIC-MAIN_ADDRESS-vhi\"]"}
RESULT: {"using":"xpath","value":"//*[@id=\"application-managepartners-display-component---masterPtm--smartFilterBar-filterItemControl_BASIC-MAIN_ADDRESS-vhi\"]"}
COMMAND: POST /session/8ff87a328fcfa35ca82a4cc6375ae338/element/f.4AFCDA83F841BD0157C4E1BB812E2537.d.B64E234F97496DA805D79B3DF9368D95.e.6132/click - {}
RESULT: {}
COMMAND: GET /session/8ff87a328fcfa35ca82a4cc6375ae338/screenshot - {}
RESULT: {}
COMMAND: POST /session/8ff87a328fcfa35ca82a4cc6375ae338/execute/async - {"script":"<script> [1562 bytes]","args":[{"selector":{"id":"application-managepartners-display-component---masterPtm--smartFilterBar-filterItemControl_BASIC-MAIN_ADDRESS-valueHelpDialog-smartFilterBar-btnBasicSearch","searchOpenDialogs":true,"interaction":{"idSuffix":"I"}},"wdio_ui5_key":"applicationmanagepartners-display-component---masterPtm--smartFilterBar-filterItemControl_BASIC-MAIN_ADDRESS-valueHelpDialog-smartFilterBar-btnBasicSearch"}]}
RESULT: {"script":"<script> [1562 bytes]","args":[{"selector":{"id":"application-managepartners-display-component---masterPtm--smartFilterBar-filterItemControl_BASIC-MAIN_ADDRESS-valueHelpDialog-smartFilterBar-btnBasicSearch","searchOpenDialogs":true,"interaction":{"idSuffix":"I"}},"wdio_ui5_key":"applicationmanagepartners-display-component---masterPtm--smartFilterBar-filterItemControl_BASIC-MAIN_ADDRESS-valueHelpDialog-smartFilterBar-btnBasicSearch"}]}
RESULT: undefined
COMMAND: POST /session/8ff87a328fcfa35ca82a4cc6375ae338/execute/async - {"script":"<script> [776 bytes]","args":[{"enterText":"Romania","selector":{"id":"application-managepartners-display-component---masterPtm--smartFilterBar-filterItemControl_BASIC-MAIN_ADDRESS-valueHelpDialog-smartFilterBar-btnBasicSearch","searchOpenDialogs":true,"interaction":{"idSuffix":"I"}},"clearTextFirst":true,"interactionType":"ENTER_TEXT"}]}
RESULT: {"script":"<script> [776 bytes]","args":[{"enterText":"Romania","selector":{"id":"application-managepartners-display-component---masterPtm--smartFilterBar-filterItemControl_BASIC-MAIN_ADDRESS-valueHelpDialog-smartFilterBar-btnBasicSearch","searchOpenDialogs":true,"interaction":{"idSuffix":"I"}},"clearTextFirst":true,"interactionType":"ENTER_TEXT"}]}
COMMAND: POST /session/8ff87a328fcfa35ca82a4cc6375ae338/actions - {"actions":[{"id":"action17","type":"key","parameters":{},"actions":[{"type":"keyDown","value":"î€‡"},{"type":"pause","duration":10},{"type":"keyUp","value":"î€‡"}]}]}
RESULT: {"actions":[{"id":"action17","type":"key","parameters":{},"actions":[{"type":"keyDown","value":"î€‡"},{"type":"pause","duration":10},{"type":"keyUp","value":"î€‡"}]}]}
COMMAND: POST /session/8ff87a328fcfa35ca82a4cc6375ae338/elements - {"using":"xpath","value":"//table[contains(@id, \"smartFilterBar-filterItemControl_BASIC-MAIN_ADDRESS-valueHelpDialog-table-table\")]/tbody/tr"}
COMMAND: GET /session/8ff87a328fcfa35ca82a4cc6375ae338/screenshot - {}
RESULT: {"using":"xpath","value":"//table[contains(@id, \"smartFilterBar-filterItemControl_BASIC-MAIN_ADDRESS-valueHelpDialog-table-table\")]/tbody/tr"}
COMMAND: POST /session/8ff87a328fcfa35ca82a4cc6375ae338/element - {"using":"xpath","value":"//table[contains(@id, \"smartFilterBar-filterItemControl_BASIC-MAIN_ADDRESS-valueHelpDialog-table-table\")]/tbody/tr[1]/td[1]/div/span"}
RESULT: {}
RESULT: {"using":"xpath","value":"//table[contains(@id, \"smartFilterBar-filterItemControl_BASIC-MAIN_ADDRESS-valueHelpDialog-table-table\")]/tbody/tr[1]/td[1]/div/span"}
COMMAND: POST /session/8ff87a328fcfa35ca82a4cc6375ae338/elements - {"using":"xpath","value":"//table[contains(@id, \"smartFilterBar-filterItemControl_BASIC-MAIN_ADDRESS-valueHelpDialog-table-table\")]/tbody/tr[1]/td[1]/div/span"}
RESULT: {"using":"xpath","value":"//table[contains(@id, \"smartFilterBar-filterItemControl_BASIC-MAIN_ADDRESS-valueHelpDialog-table-table\")]/tbody/tr[1]/td[1]/div/span"}
COMMAND: POST /session/8ff87a328fcfa35ca82a4cc6375ae338/execute/sync - {"script":"<script> [56 bytes]","args":[{"element-6066-11e4-a52e-4f735466cecf":"f.4AFCDA83F841BD0157C4E1BB812E2537.d.B64E234F97496DA805D79B3DF9368D95.e.6154","ELEMENT":"f.4AFCDA83F841BD0157C4E1BB812E2537.d.B64E234F97496DA805D79B3DF9368D95.e.6154"}]}
RESULT: {"script":"<script> [56 bytes]","args":[{"element-6066-11e4-a52e-4f735466cecf":"f.4AFCDA83F841BD0157C4E1BB812E2537.d.B64E234F97496DA805D79B3DF9368D95.e.6154","ELEMENT":"f.4AFCDA83F841BD0157C4E1BB812E2537.d.B64E234F97496DA805D79B3DF9368D95.e.6154"}]}
COMMAND: POST /session/8ff87a328fcfa35ca82a4cc6375ae338/element - {"using":"xpath","value":"//div[contains(@id, \"filterItemControl_BASIC-MAIN_ADDRESS-valueHelpDialog-table-rowsel0\")]"}
COMMAND: GET /session/8ff87a328fcfa35ca82a4cc6375ae338/screenshot - {}
RESULT: {"using":"xpath","value":"//div[contains(@id, \"filterItemControl_BASIC-MAIN_ADDRESS-valueHelpDialog-table-rowsel0\")]"}
COMMAND: POST /session/8ff87a328fcfa35ca82a4cc6375ae338/element/f.4AFCDA83F841BD0157C4E1BB812E2537.d.B64E234F97496DA805D79B3DF9368D95.e.6155/click - {}
RESULT: {}
RESULT: {}
COMMAND: GET /session/8ff87a328fcfa35ca82a4cc6375ae338/screenshot - {}
RESULT: {}
COMMAND: POST /session/8ff87a328fcfa35ca82a4cc6375ae338/element - {"using":"xpath","value":"(//bdi[contains(text(), \"OK\")])[1]"}
RESULT: {"using":"xpath","value":"(//bdi[contains(text(), \"OK\")])[1]"}
COMMAND: POST /session/8ff87a328fcfa35ca82a4cc6375ae338/element/f.4AFCDA83F841BD0157C4E1BB812E2537.d.B64E234F97496DA805D79B3DF9368D95.e.6157/click - {}
RESULT: {}
COMMAND: GET /session/8ff87a328fcfa35ca82a4cc6375ae338/screenshot - {}
RESULT: {}
COMMAND: POST /session/8ff87a328fcfa35ca82a4cc6375ae338/element - {"using":"xpath","value":"//span[@id=\"application-managepartners-display-component---masterPtm--smartTable-header-inner\"]"}
RESULT: {"using":"xpath","value":"//span[@id=\"application-managepartners-display-component---masterPtm--smartTable-header-inner\"]"}
COMMAND: POST /session/8ff87a328fcfa35ca82a4cc6375ae338/elements - {"using":"xpath","value":"//span[@id=\"application-managepartners-display-component---masterPtm--smartTable-header-inner\"]"}
RESULT: {"using":"xpath","value":"//span[@id=\"application-managepartners-display-component---masterPtm--smartTable-header-inner\"]"}
COMMAND: POST /session/8ff87a328fcfa35ca82a4cc6375ae338/execute/sync - {"script":"<script> [56 bytes]","args":[{"element-6066-11e4-a52e-4f735466cecf":"f.4AFCDA83F841BD0157C4E1BB812E2537.d.B64E234F97496DA805D79B3DF9368D95.e.5920","ELEMENT":"f.4AFCDA83F841BD0157C4E1BB812E2537.d.B64E234F97496DA805D79B3DF9368D95.e.5920"}]}
RESULT: {"script":"<script> [56 bytes]","args":[{"element-6066-11e4-a52e-4f735466cecf":"f.4AFCDA83F841BD0157C4E1BB812E2537.d.B64E234F97496DA805D79B3DF9368D95.e.5920","ELEMENT":"f.4AFCDA83F841BD0157C4E1BB812E2537.d.B64E234F97496DA805D79B3DF9368D95.e.5920"}]}
COMMAND: POST /session/8ff87a328fcfa35ca82a4cc6375ae338/element - {"using":"xpath","value":"//span[contains(@title, \"Remove\")]"}
COMMAND: GET /session/8ff87a328fcfa35ca82a4cc6375ae338/screenshot - {}
RESULT: {"using":"xpath","value":"//span[contains(@title, \"Remove\")]"}
COMMAND: POST /session/8ff87a328fcfa35ca82a4cc6375ae338/element/f.4AFCDA83F841BD0157C4E1BB812E2537.d.B64E234F97496DA805D79B3DF9368D95.e.6170/click - {}
RESULT: {}
RESULT: {}
COMMAND: GET /session/8ff87a328fcfa35ca82a4cc6375ae338/screenshot - {}
COMMAND: POST /session/8ff87a328fcfa35ca82a4cc6375ae338/element - {"using":"xpath","value":"//span[@id=\"application-managepartners-display-component---masterPtm--smartTable-header-inner\"]"}
RESULT: {}
RESULT: {"using":"xpath","value":"//span[@id=\"application-managepartners-display-component---masterPtm--smartTable-header-inner\"]"}
COMMAND: POST /session/8ff87a328fcfa35ca82a4cc6375ae338/elements - {"using":"xpath","value":"//span[@id=\"application-managepartners-display-component---masterPtm--smartTable-header-inner\"]"}
RESULT: {"using":"xpath","value":"//span[@id=\"application-managepartners-display-component---masterPtm--smartTable-header-inner\"]"}
COMMAND: POST /session/8ff87a328fcfa35ca82a4cc6375ae338/execute/sync - {"script":"<script> [56 bytes]","args":[{"element-6066-11e4-a52e-4f735466cecf":"f.4AFCDA83F841BD0157C4E1BB812E2537.d.B64E234F97496DA805D79B3DF9368D95.e.5920","ELEMENT":"f.4AFCDA83F841BD0157C4E1BB812E2537.d.B64E234F97496DA805D79B3DF9368D95.e.5920"}]}
RESULT: {"script":"<script> [56 bytes]","args":[{"element-6066-11e4-a52e-4f735466cecf":"f.4AFCDA83F841BD0157C4E1BB812E2537.d.B64E234F97496DA805D79B3DF9368D95.e.5920","ELEMENT":"f.4AFCDA83F841BD0157C4E1BB812E2537.d.B64E234F97496DA805D79B3DF9368D95.e.5920"}]}
COMMAND: POST /session/8ff87a328fcfa35ca82a4cc6375ae338/execute/async - {"script":"<script> [1562 bytes]","args":[{"selector":{"id":"application-managepartners-display-component---masterPtm--smartFilterBar-filterItemControl_BASIC-YARD-vhi"},"wdio_ui5_key":"applicationmanagepartners-display-component---masterPtm--smartFilterBar-filterItemControl_BASIC-YARD-vhi"}]}
COMMAND: GET /session/8ff87a328fcfa35ca82a4cc6375ae338/screenshot - {}
RESULT: {"script":"<script> [1562 bytes]","args":[{"selector":{"id":"application-managepartners-display-component---masterPtm--smartFilterBar-filterItemControl_BASIC-YARD-vhi"},"wdio_ui5_key":"applicationmanagepartners-display-component---masterPtm--smartFilterBar-filterItemControl_BASIC-YARD-vhi"}]}
RESULT: undefined
COMMAND: POST /session/8ff87a328fcfa35ca82a4cc6375ae338/element - {"using":"xpath","value":"//*[@id=\"application-managepartners-display-component---masterPtm--smartFilterBar-filterItemControl_BASIC-YARD-vhi\"]"}
RESULT: {}
RESULT: {"using":"xpath","value":"//*[@id=\"application-managepartners-display-component---masterPtm--smartFilterBar-filterItemControl_BASIC-YARD-vhi\"]"}
COMMAND: POST /session/8ff87a328fcfa35ca82a4cc6375ae338/element/f.4AFCDA83F841BD0157C4E1BB812E2537.d.B64E234F97496DA805D79B3DF9368D95.e.6273/click - {}
RESULT: {}
COMMAND: GET /session/8ff87a328fcfa35ca82a4cc6375ae338/screenshot - {}
RESULT: {}
COMMAND: POST /session/8ff87a328fcfa35ca82a4cc6375ae338/execute/async - {"script":"<script> [1562 bytes]","args":[{"selector":{"id":"application-managepartners-display-component---masterPtm--smartFilterBar-filterItemControl_BASIC-YARD-valueHelpDialog-smartFilterBar-btnBasicSearch","searchOpenDialogs":true,"interaction":{"idSuffix":"I"}},"wdio_ui5_key":"applicationmanagepartners-display-component---masterPtm--smartFilterBar-filterItemControl_BASIC-YARD-valueHelpDialog-smartFilterBar-btnBasicSearch"}]}
RESULT: {"script":"<script> [1562 bytes]","args":[{"selector":{"id":"application-managepartners-display-component---masterPtm--smartFilterBar-filterItemControl_BASIC-YARD-valueHelpDialog-smartFilterBar-btnBasicSearch","searchOpenDialogs":true,"interaction":{"idSuffix":"I"}},"wdio_ui5_key":"applicationmanagepartners-display-component---masterPtm--smartFilterBar-filterItemControl_BASIC-YARD-valueHelpDialog-smartFilterBar-btnBasicSearch"}]}
RESULT: undefined
COMMAND: POST /session/8ff87a328fcfa35ca82a4cc6375ae338/execute/async - {"script":"<script> [776 bytes]","args":[{"enterText":"Test","selector":{"id":"application-managepartners-display-component---masterPtm--smartFilterBar-filterItemControl_BASIC-YARD-valueHelpDialog-smartFilterBar-btnBasicSearch","searchOpenDialogs":true,"interaction":{"idSuffix":"I"}},"clearTextFirst":true,"interactionType":"ENTER_TEXT"}]}
RESULT: {"script":"<script> [776 bytes]","args":[{"enterText":"Test","selector":{"id":"application-managepartners-display-component---masterPtm--smartFilterBar-filterItemControl_BASIC-YARD-valueHelpDialog-smartFilterBar-btnBasicSearch","searchOpenDialogs":true,"interaction":{"idSuffix":"I"}},"clearTextFirst":true,"interactionType":"ENTER_TEXT"}]}
COMMAND: POST /session/8ff87a328fcfa35ca82a4cc6375ae338/actions - {"actions":[{"id":"action18","type":"key","parameters":{},"actions":[{"type":"keyDown","value":"î€‡"},{"type":"pause","duration":10},{"type":"keyUp","value":"î€‡"}]}]}
RESULT: {"actions":[{"id":"action18","type":"key","parameters":{},"actions":[{"type":"keyDown","value":"î€‡"},{"type":"pause","duration":10},{"type":"keyUp","value":"î€‡"}]}]}
COMMAND: POST /session/8ff87a328fcfa35ca82a4cc6375ae338/elements - {"using":"xpath","value":"//table[contains(@id, \"smartFilterBar-filterItemControl_BASIC-YARD-valueHelpDialog-table-table\")]/tbody/tr"}
COMMAND: GET /session/8ff87a328fcfa35ca82a4cc6375ae338/screenshot - {}
RESULT: {"using":"xpath","value":"//table[contains(@id, \"smartFilterBar-filterItemControl_BASIC-YARD-valueHelpDialog-table-table\")]/tbody/tr"}
COMMAND: POST /session/8ff87a328fcfa35ca82a4cc6375ae338/element - {"using":"xpath","value":"//table[contains(@id, \"smartFilterBar-filterItemControl_BASIC-YARD-valueHelpDialog-table-table\")]/tbody/tr[1]/td[1]/div/span"}
RESULT: {}
RESULT: {"using":"xpath","value":"//table[contains(@id, \"smartFilterBar-filterItemControl_BASIC-YARD-valueHelpDialog-table-table\")]/tbody/tr[1]/td[1]/div/span"}
COMMAND: POST /session/8ff87a328fcfa35ca82a4cc6375ae338/elements - {"using":"xpath","value":"//table[contains(@id, \"smartFilterBar-filterItemControl_BASIC-YARD-valueHelpDialog-table-table\")]/tbody/tr[1]/td[1]/div/span"}
RESULT: {"using":"xpath","value":"//table[contains(@id, \"smartFilterBar-filterItemControl_BASIC-YARD-valueHelpDialog-table-table\")]/tbody/tr[1]/td[1]/div/span"}
COMMAND: POST /session/8ff87a328fcfa35ca82a4cc6375ae338/execute/sync - {"script":"<script> [56 bytes]","args":[{"element-6066-11e4-a52e-4f735466cecf":"f.4AFCDA83F841BD0157C4E1BB812E2537.d.B64E234F97496DA805D79B3DF9368D95.e.6296","ELEMENT":"f.4AFCDA83F841BD0157C4E1BB812E2537.d.B64E234F97496DA805D79B3DF9368D95.e.6296"}]}
RESULT: {"script":"<script> [56 bytes]","args":[{"element-6066-11e4-a52e-4f735466cecf":"f.4AFCDA83F841BD0157C4E1BB812E2537.d.B64E234F97496DA805D79B3DF9368D95.e.6296","ELEMENT":"f.4AFCDA83F841BD0157C4E1BB812E2537.d.B64E234F97496DA805D79B3DF9368D95.e.6296"}]}
COMMAND: POST /session/8ff87a328fcfa35ca82a4cc6375ae338/element - {"using":"xpath","value":"//table[contains(@id, \"smartFilterBar-filterItemControl_BASIC-YARD-valueHelpDialog-table-table\")]/tbody/tr[2]/td[1]/div/span"}
COMMAND: GET /session/8ff87a328fcfa35ca82a4cc6375ae338/screenshot - {}
RESULT: {"using":"xpath","value":"//table[contains(@id, \"smartFilterBar-filterItemControl_BASIC-YARD-valueHelpDialog-table-table\")]/tbody/tr[2]/td[1]/div/span"}
COMMAND: POST /session/8ff87a328fcfa35ca82a4cc6375ae338/elements - {"using":"xpath","value":"//table[contains(@id, \"smartFilterBar-filterItemControl_BASIC-YARD-valueHelpDialog-table-table\")]/tbody/tr[2]/td[1]/div/span"}
RESULT: {}
RESULT: {"using":"xpath","value":"//table[contains(@id, \"smartFilterBar-filterItemControl_BASIC-YARD-valueHelpDialog-table-table\")]/tbody/tr[2]/td[1]/div/span"}
COMMAND: POST /session/8ff87a328fcfa35ca82a4cc6375ae338/execute/sync - {"script":"<script> [56 bytes]","args":[{"element-6066-11e4-a52e-4f735466cecf":"f.4AFCDA83F841BD0157C4E1BB812E2537.d.B64E234F97496DA805D79B3DF9368D95.e.6297","ELEMENT":"f.4AFCDA83F841BD0157C4E1BB812E2537.d.B64E234F97496DA805D79B3DF9368D95.e.6297"}]}
RESULT: {"script":"<script> [56 bytes]","args":[{"element-6066-11e4-a52e-4f735466cecf":"f.4AFCDA83F841BD0157C4E1BB812E2537.d.B64E234F97496DA805D79B3DF9368D95.e.6297","ELEMENT":"f.4AFCDA83F841BD0157C4E1BB812E2537.d.B64E234F97496DA805D79B3DF9368D95.e.6297"}]}
COMMAND: POST /session/8ff87a328fcfa35ca82a4cc6375ae338/element - {"using":"xpath","value":"//table[contains(@id, \"smartFilterBar-filterItemControl_BASIC-YARD-valueHelpDialog-table-table\")]/tbody/tr[3]/td[1]/div/span"}
COMMAND: GET /session/8ff87a328fcfa35ca82a4cc6375ae338/screenshot - {}
RESULT: {"using":"xpath","value":"//table[contains(@id, \"smartFilterBar-filterItemControl_BASIC-YARD-valueHelpDialog-table-table\")]/tbody/tr[3]/td[1]/div/span"}
COMMAND: POST /session/8ff87a328fcfa35ca82a4cc6375ae338/elements - {"using":"xpath","value":"//table[contains(@id, \"smartFilterBar-filterItemControl_BASIC-YARD-valueHelpDialog-table-table\")]/tbody/tr[3]/td[1]/div/span"}
RESULT: {}
RESULT: {"using":"xpath","value":"//table[contains(@id, \"smartFilterBar-filterItemControl_BASIC-YARD-valueHelpDialog-table-table\")]/tbody/tr[3]/td[1]/div/span"}
COMMAND: POST /session/8ff87a328fcfa35ca82a4cc6375ae338/execute/sync - {"script":"<script> [56 bytes]","args":[{"element-6066-11e4-a52e-4f735466cecf":"f.4AFCDA83F841BD0157C4E1BB812E2537.d.B64E234F97496DA805D79B3DF9368D95.e.6298","ELEMENT":"f.4AFCDA83F841BD0157C4E1BB812E2537.d.B64E234F97496DA805D79B3DF9368D95.e.6298"}]}
RESULT: {"script":"<script> [56 bytes]","args":[{"element-6066-11e4-a52e-4f735466cecf":"f.4AFCDA83F841BD0157C4E1BB812E2537.d.B64E234F97496DA805D79B3DF9368D95.e.6298","ELEMENT":"f.4AFCDA83F841BD0157C4E1BB812E2537.d.B64E234F97496DA805D79B3DF9368D95.e.6298"}]}
COMMAND: POST /session/8ff87a328fcfa35ca82a4cc6375ae338/element - {"using":"xpath","value":"//div[contains(@id, \"filterItemControl_BASIC-YARD-valueHelpDialog-table-rowsel2\")]"}
COMMAND: GET /session/8ff87a328fcfa35ca82a4cc6375ae338/screenshot - {}
RESULT: {"using":"xpath","value":"//div[contains(@id, \"filterItemControl_BASIC-YARD-valueHelpDialog-table-rowsel2\")]"}
COMMAND: POST /session/8ff87a328fcfa35ca82a4cc6375ae338/element/f.4AFCDA83F841BD0157C4E1BB812E2537.d.B64E234F97496DA805D79B3DF9368D95.e.6299/click - {}
RESULT: {}
RESULT: {}
COMMAND: GET /session/8ff87a328fcfa35ca82a4cc6375ae338/screenshot - {}
RESULT: {}
COMMAND: POST /session/8ff87a328fcfa35ca82a4cc6375ae338/element - {"using":"xpath","value":"(//bdi[contains(text(), \"OK\")])[1]"}
RESULT: {"using":"xpath","value":"(//bdi[contains(text(), \"OK\")])[1]"}
COMMAND: POST /session/8ff87a328fcfa35ca82a4cc6375ae338/element/f.4AFCDA83F841BD0157C4E1BB812E2537.d.B64E234F97496DA805D79B3DF9368D95.e.6301/click - {}
RESULT: {}
COMMAND: GET /session/8ff87a328fcfa35ca82a4cc6375ae338/screenshot - {}
RESULT: {}
COMMAND: POST /session/8ff87a328fcfa35ca82a4cc6375ae338/element - {"using":"xpath","value":"//span[@id=\"application-managepartners-display-component---masterPtm--smartTable-header-inner\"]"}
RESULT: {"using":"xpath","value":"//span[@id=\"application-managepartners-display-component---masterPtm--smartTable-header-inner\"]"}
COMMAND: POST /session/8ff87a328fcfa35ca82a4cc6375ae338/elements - {"using":"xpath","value":"//span[@id=\"application-managepartners-display-component---masterPtm--smartTable-header-inner\"]"}
RESULT: {"using":"xpath","value":"//span[@id=\"application-managepartners-display-component---masterPtm--smartTable-header-inner\"]"}
COMMAND: POST /session/8ff87a328fcfa35ca82a4cc6375ae338/execute/sync - {"script":"<script> [56 bytes]","args":[{"element-6066-11e4-a52e-4f735466cecf":"f.4AFCDA83F841BD0157C4E1BB812E2537.d.B64E234F97496DA805D79B3DF9368D95.e.5920","ELEMENT":"f.4AFCDA83F841BD0157C4E1BB812E2537.d.B64E234F97496DA805D79B3DF9368D95.e.5920"}]}
RESULT: {"script":"<script> [56 bytes]","args":[{"element-6066-11e4-a52e-4f735466cecf":"f.4AFCDA83F841BD0157C4E1BB812E2537.d.B64E234F97496DA805D79B3DF9368D95.e.5920","ELEMENT":"f.4AFCDA83F841BD0157C4E1BB812E2537.d.B64E234F97496DA805D79B3DF9368D95.e.5920"}]}
COMMAND: POST /session/8ff87a328fcfa35ca82a4cc6375ae338/element - {"using":"xpath","value":"//span[contains(@title, \"Remove\")]"}
COMMAND: GET /session/8ff87a328fcfa35ca82a4cc6375ae338/screenshot - {}
RESULT: {"using":"xpath","value":"//span[contains(@title, \"Remove\")]"}
COMMAND: POST /session/8ff87a328fcfa35ca82a4cc6375ae338/element/f.4AFCDA83F841BD0157C4E1BB812E2537.d.B64E234F97496DA805D79B3DF9368D95.e.6314/click - {}
RESULT: {}
RESULT: {}
COMMAND: GET /session/8ff87a328fcfa35ca82a4cc6375ae338/screenshot - {}
COMMAND: POST /session/8ff87a328fcfa35ca82a4cc6375ae338/element - {"using":"xpath","value":"//span[@id=\"application-managepartners-display-component---masterPtm--smartTable-header-inner\"]"}
RESULT: {}
RESULT: {"using":"xpath","value":"//span[@id=\"application-managepartners-display-component---masterPtm--smartTable-header-inner\"]"}
COMMAND: POST /session/8ff87a328fcfa35ca82a4cc6375ae338/elements - {"using":"xpath","value":"//span[@id=\"application-managepartners-display-component---masterPtm--smartTable-header-inner\"]"}
RESULT: {"using":"xpath","value":"//span[@id=\"application-managepartners-display-component---masterPtm--smartTable-header-inner\"]"}
COMMAND: POST /session/8ff87a328fcfa35ca82a4cc6375ae338/execute/sync - {"script":"<script> [56 bytes]","args":[{"element-6066-11e4-a52e-4f735466cecf":"f.4AFCDA83F841BD0157C4E1BB812E2537.d.B64E234F97496DA805D79B3DF9368D95.e.5920","ELEMENT":"f.4AFCDA83F841BD0157C4E1BB812E2537.d.B64E234F97496DA805D79B3DF9368D95.e.5920"}]}
RESULT: {"script":"<script> [56 bytes]","args":[{"element-6066-11e4-a52e-4f735466cecf":"f.4AFCDA83F841BD0157C4E1BB812E2537.d.B64E234F97496DA805D79B3DF9368D95.e.5920","ELEMENT":"f.4AFCDA83F841BD0157C4E1BB812E2537.d.B64E234F97496DA805D79B3DF9368D95.e.5920"}]}
COMMAND: POST /session/8ff87a328fcfa35ca82a4cc6375ae338/execute/async - {"script":"<script> [1562 bytes]","args":[{"selector":{"id":"application-managepartners-display-component---masterPtm--smartFilterBar-filterItemControl_BASIC-ALL_TAGS-vhi"},"wdio_ui5_key":"applicationmanagepartners-display-component---masterPtm--smartFilterBar-filterItemControl_BASIC-ALL_TAGS-vhi"}]}
COMMAND: GET /session/8ff87a328fcfa35ca82a4cc6375ae338/screenshot - {}
RESULT: {"script":"<script> [1562 bytes]","args":[{"selector":{"id":"application-managepartners-display-component---masterPtm--smartFilterBar-filterItemControl_BASIC-ALL_TAGS-vhi"},"wdio_ui5_key":"applicationmanagepartners-display-component---masterPtm--smartFilterBar-filterItemControl_BASIC-ALL_TAGS-vhi"}]}
RESULT: undefined
COMMAND: POST /session/8ff87a328fcfa35ca82a4cc6375ae338/element - {"using":"xpath","value":"//*[@id=\"application-managepartners-display-component---masterPtm--smartFilterBar-filterItemControl_BASIC-ALL_TAGS-vhi\"]"}
RESULT: {}
RESULT: {"using":"xpath","value":"//*[@id=\"application-managepartners-display-component---masterPtm--smartFilterBar-filterItemControl_BASIC-ALL_TAGS-vhi\"]"}
COMMAND: POST /session/8ff87a328fcfa35ca82a4cc6375ae338/element/f.4AFCDA83F841BD0157C4E1BB812E2537.d.B64E234F97496DA805D79B3DF9368D95.e.6418/click - {}
RESULT: {}
COMMAND: GET /session/8ff87a328fcfa35ca82a4cc6375ae338/screenshot - {}
RESULT: {}
COMMAND: POST /session/8ff87a328fcfa35ca82a4cc6375ae338/execute/async - {"script":"<script> [1562 bytes]","args":[{"selector":{"id":"application-managepartners-display-component---masterPtm--smartFilterBar-filterItemControl_BASIC-ALL_TAGS-valueHelpDialog-smartFilterBar-btnBasicSearch","searchOpenDialogs":true,"interaction":{"idSuffix":"I"}},"wdio_ui5_key":"applicationmanagepartners-display-component---masterPtm--smartFilterBar-filterItemControl_BASIC-ALL_TAGS-valueHelpDialog-smartFilterBar-btnBasicSearch"}]}
RESULT: {"script":"<script> [1562 bytes]","args":[{"selector":{"id":"application-managepartners-display-component---masterPtm--smartFilterBar-filterItemControl_BASIC-ALL_TAGS-valueHelpDialog-smartFilterBar-btnBasicSearch","searchOpenDialogs":true,"interaction":{"idSuffix":"I"}},"wdio_ui5_key":"applicationmanagepartners-display-component---masterPtm--smartFilterBar-filterItemControl_BASIC-ALL_TAGS-valueHelpDialog-smartFilterBar-btnBasicSearch"}]}
RESULT: undefined
COMMAND: POST /session/8ff87a328fcfa35ca82a4cc6375ae338/execute/async - {"script":"<script> [776 bytes]","args":[{"enterText":"test-tag-1","selector":{"id":"application-managepartners-display-component---masterPtm--smartFilterBar-filterItemControl_BASIC-ALL_TAGS-valueHelpDialog-smartFilterBar-btnBasicSearch","searchOpenDialogs":true,"interaction":{"idSuffix":"I"}},"clearTextFirst":true,"interactionType":"ENTER_TEXT"}]}
RESULT: {"script":"<script> [776 bytes]","args":[{"enterText":"test-tag-1","selector":{"id":"application-managepartners-display-component---masterPtm--smartFilterBar-filterItemControl_BASIC-ALL_TAGS-valueHelpDialog-smartFilterBar-btnBasicSearch","searchOpenDialogs":true,"interaction":{"idSuffix":"I"}},"clearTextFirst":true,"interactionType":"ENTER_TEXT"}]}
COMMAND: POST /session/8ff87a328fcfa35ca82a4cc6375ae338/actions - {"actions":[{"id":"action19","type":"key","parameters":{},"actions":[{"type":"keyDown","value":"î€‡"},{"type":"pause","duration":10},{"type":"keyUp","value":"î€‡"}]}]}
RESULT: {"actions":[{"id":"action19","type":"key","parameters":{},"actions":[{"type":"keyDown","value":"î€‡"},{"type":"pause","duration":10},{"type":"keyUp","value":"î€‡"}]}]}
COMMAND: POST /session/8ff87a328fcfa35ca82a4cc6375ae338/elements - {"using":"xpath","value":"//table[contains(@id, \"smartFilterBar-filterItemControl_BASIC-ALL_TAGS-valueHelpDialog-table-table\")]/tbody/tr"}
COMMAND: GET /session/8ff87a328fcfa35ca82a4cc6375ae338/screenshot - {}
RESULT: {"using":"xpath","value":"//table[contains(@id, \"smartFilterBar-filterItemControl_BASIC-ALL_TAGS-valueHelpDialog-table-table\")]/tbody/tr"}
COMMAND: POST /session/8ff87a328fcfa35ca82a4cc6375ae338/element - {"using":"xpath","value":"//table[contains(@id, \"smartFilterBar-filterItemControl_BASIC-ALL_TAGS-valueHelpDialog-table-table\")]/tbody/tr[1]/td[1]/div/span"}
RESULT: {}
RESULT: {"using":"xpath","value":"//table[contains(@id, \"smartFilterBar-filterItemControl_BASIC-ALL_TAGS-valueHelpDialog-table-table\")]/tbody/tr[1]/td[1]/div/span"}
COMMAND: POST /session/8ff87a328fcfa35ca82a4cc6375ae338/elements - {"using":"xpath","value":"//table[contains(@id, \"smartFilterBar-filterItemControl_BASIC-ALL_TAGS-valueHelpDialog-table-table\")]/tbody/tr[1]/td[1]/div/span"}
RESULT: {"using":"xpath","value":"//table[contains(@id, \"smartFilterBar-filterItemControl_BASIC-ALL_TAGS-valueHelpDialog-table-table\")]/tbody/tr[1]/td[1]/div/span"}
COMMAND: POST /session/8ff87a328fcfa35ca82a4cc6375ae338/execute/sync - {"script":"<script> [56 bytes]","args":[{"element-6066-11e4-a52e-4f735466cecf":"f.4AFCDA83F841BD0157C4E1BB812E2537.d.B64E234F97496DA805D79B3DF9368D95.e.6440","ELEMENT":"f.4AFCDA83F841BD0157C4E1BB812E2537.d.B64E234F97496DA805D79B3DF9368D95.e.6440"}]}
RESULT: {"script":"<script> [56 bytes]","args":[{"element-6066-11e4-a52e-4f735466cecf":"f.4AFCDA83F841BD0157C4E1BB812E2537.d.B64E234F97496DA805D79B3DF9368D95.e.6440","ELEMENT":"f.4AFCDA83F841BD0157C4E1BB812E2537.d.B64E234F97496DA805D79B3DF9368D95.e.6440"}]}
COMMAND: POST /session/8ff87a328fcfa35ca82a4cc6375ae338/element - {"using":"xpath","value":"//div[contains(@id, \"filterItemControl_BASIC-ALL_TAGS-valueHelpDialog-table-rowsel0\")]"}
COMMAND: GET /session/8ff87a328fcfa35ca82a4cc6375ae338/screenshot - {}
RESULT: {"using":"xpath","value":"//div[contains(@id, \"filterItemControl_BASIC-ALL_TAGS-valueHelpDialog-table-rowsel0\")]"}
COMMAND: POST /session/8ff87a328fcfa35ca82a4cc6375ae338/element/f.4AFCDA83F841BD0157C4E1BB812E2537.d.B64E234F97496DA805D79B3DF9368D95.e.6441/click - {}
RESULT: {}
RESULT: {}
COMMAND: GET /session/8ff87a328fcfa35ca82a4cc6375ae338/screenshot - {}
RESULT: {}
COMMAND: POST /session/8ff87a328fcfa35ca82a4cc6375ae338/element - {"using":"xpath","value":"(//bdi[contains(text(), \"OK\")])[1]"}
RESULT: {"using":"xpath","value":"(//bdi[contains(text(), \"OK\")])[1]"}
COMMAND: POST /session/8ff87a328fcfa35ca82a4cc6375ae338/element/f.4AFCDA83F841BD0157C4E1BB812E2537.d.B64E234F97496DA805D79B3DF9368D95.e.6443/click - {}
RESULT: {}
COMMAND: GET /session/8ff87a328fcfa35ca82a4cc6375ae338/screenshot - {}
RESULT: {}
COMMAND: POST /session/8ff87a328fcfa35ca82a4cc6375ae338/element - {"using":"xpath","value":"//span[@id=\"application-managepartners-display-component---masterPtm--smartTable-header-inner\"]"}
RESULT: {"using":"xpath","value":"//span[@id=\"application-managepartners-display-component---masterPtm--smartTable-header-inner\"]"}
COMMAND: POST /session/8ff87a328fcfa35ca82a4cc6375ae338/elements - {"using":"xpath","value":"//span[@id=\"application-managepartners-display-component---masterPtm--smartTable-header-inner\"]"}
RESULT: {"using":"xpath","value":"//span[@id=\"application-managepartners-display-component---masterPtm--smartTable-header-inner\"]"}
COMMAND: POST /session/8ff87a328fcfa35ca82a4cc6375ae338/execute/sync - {"script":"<script> [56 bytes]","args":[{"element-6066-11e4-a52e-4f735466cecf":"f.4AFCDA83F841BD0157C4E1BB812E2537.d.B64E234F97496DA805D79B3DF9368D95.e.5920","ELEMENT":"f.4AFCDA83F841BD0157C4E1BB812E2537.d.B64E234F97496DA805D79B3DF9368D95.e.5920"}]}
RESULT: {"script":"<script> [56 bytes]","args":[{"element-6066-11e4-a52e-4f735466cecf":"f.4AFCDA83F841BD0157C4E1BB812E2537.d.B64E234F97496DA805D79B3DF9368D95.e.5920","ELEMENT":"f.4AFCDA83F841BD0157C4E1BB812E2537.d.B64E234F97496DA805D79B3DF9368D95.e.5920"}]}
COMMAND: POST /session/8ff87a328fcfa35ca82a4cc6375ae338/element - {"using":"xpath","value":"//span[contains(@title, \"Remove\")]"}
COMMAND: GET /session/8ff87a328fcfa35ca82a4cc6375ae338/screenshot - {}
RESULT: {"using":"xpath","value":"//span[contains(@title, \"Remove\")]"}
COMMAND: POST /session/8ff87a328fcfa35ca82a4cc6375ae338/element/f.4AFCDA83F841BD0157C4E1BB812E2537.d.B64E234F97496DA805D79B3DF9368D95.e.6465/click - {}
RESULT: {}
RESULT: {}
COMMAND: GET /session/8ff87a328fcfa35ca82a4cc6375ae338/screenshot - {}
COMMAND: POST /session/8ff87a328fcfa35ca82a4cc6375ae338/execute/async - {"script":"<script> [1562 bytes]","args":[{"selector":{"id":"application-managepartners-display-component---masterPtm--partnerTypes-arrow"},"wdio_ui5_key":"applicationmanagepartners-display-component---masterPtm--partnerTypes-arrow"}]}
RESULT: {}
RESULT: {"script":"<script> [1562 bytes]","args":[{"selector":{"id":"application-managepartners-display-component---masterPtm--partnerTypes-arrow"},"wdio_ui5_key":"applicationmanagepartners-display-component---masterPtm--partnerTypes-arrow"}]}
RESULT: undefined
COMMAND: POST /session/8ff87a328fcfa35ca82a4cc6375ae338/element - {"using":"xpath","value":"//*[@id=\"application-managepartners-display-component---masterPtm--partnerTypes-arrow\"]"}
RESULT: {"using":"xpath","value":"//*[@id=\"application-managepartners-display-component---masterPtm--partnerTypes-arrow\"]"}
COMMAND: POST /session/8ff87a328fcfa35ca82a4cc6375ae338/element/f.4AFCDA83F841BD0157C4E1BB812E2537.d.B64E234F97496DA805D79B3DF9368D95.e.6569/click - {}
RESULT: {}
COMMAND: GET /session/8ff87a328fcfa35ca82a4cc6375ae338/screenshot - {}
RESULT: {}
COMMAND: POST /session/8ff87a328fcfa35ca82a4cc6375ae338/element - {"using":"xpath","value":"//li[.//span[text()=\"External partner\"]]//div[contains(@class,\"sapMCbBg\")]"}
RESULT: {"using":"xpath","value":"//li[.//span[text()=\"External partner\"]]//div[contains(@class,\"sapMCbBg\")]"}
COMMAND: POST /session/8ff87a328fcfa35ca82a4cc6375ae338/element/f.4AFCDA83F841BD0157C4E1BB812E2537.d.B64E234F97496DA805D79B3DF9368D95.e.6574/click - {}
RESULT: {}
COMMAND: GET /session/8ff87a328fcfa35ca82a4cc6375ae338/screenshot - {}
RESULT: {}
COMMAND: POST /session/8ff87a328fcfa35ca82a4cc6375ae338/element - {"using":"xpath","value":"//span[@id=\"application-managepartners-display-component---masterPtm--smartTable-header-inner\"]"}
RESULT: {"using":"xpath","value":"//span[@id=\"application-managepartners-display-component---masterPtm--smartTable-header-inner\"]"}
COMMAND: POST /session/8ff87a328fcfa35ca82a4cc6375ae338/elements - {"using":"xpath","value":"//span[@id=\"application-managepartners-display-component---masterPtm--smartTable-header-inner\"]"}
RESULT: {"using":"xpath","value":"//span[@id=\"application-managepartners-display-component---masterPtm--smartTable-header-inner\"]"}
COMMAND: POST /session/8ff87a328fcfa35ca82a4cc6375ae338/execute/sync - {"script":"<script> [56 bytes]","args":[{"element-6066-11e4-a52e-4f735466cecf":"f.4AFCDA83F841BD0157C4E1BB812E2537.d.B64E234F97496DA805D79B3DF9368D95.e.5920","ELEMENT":"f.4AFCDA83F841BD0157C4E1BB812E2537.d.B64E234F97496DA805D79B3DF9368D95.e.5920"}]}
RESULT: {"script":"<script> [56 bytes]","args":[{"element-6066-11e4-a52e-4f735466cecf":"f.4AFCDA83F841BD0157C4E1BB812E2537.d.B64E234F97496DA805D79B3DF9368D95.e.5920","ELEMENT":"f.4AFCDA83F841BD0157C4E1BB812E2537.d.B64E234F97496DA805D79B3DF9368D95.e.5920"}]}
COMMAND: POST /session/8ff87a328fcfa35ca82a4cc6375ae338/element - {"using":"xpath","value":"//span[contains(@title, \"Remove\")]"}
COMMAND: GET /session/8ff87a328fcfa35ca82a4cc6375ae338/screenshot - {}
RESULT: {"using":"xpath","value":"//span[contains(@title, \"Remove\")]"}
COMMAND: POST /session/8ff87a328fcfa35ca82a4cc6375ae338/element/f.4AFCDA83F841BD0157C4E1BB812E2537.d.B64E234F97496DA805D79B3DF9368D95.e.6660/click - {}
RESULT: {}
RESULT: {}
COMMAND: GET /session/8ff87a328fcfa35ca82a4cc6375ae338/screenshot - {}
RESULT: {}
COMMAND: POST /session/8ff87a328fcfa35ca82a4cc6375ae338/execute/async - {"script":"<script> [1562 bytes]","args":[{"selector":{"id":"application-managepartners-display-component---masterPtm--smartFilterBar-btnFilters","interaction":{"idSuffix":"BDI-content"}},"wdio_ui5_key":"applicationmanagepartners-display-component---masterPtm--smartFilterBar-btnFilters"}]}
RESULT: {"script":"<script> [1562 bytes]","args":[{"selector":{"id":"application-managepartners-display-component---masterPtm--smartFilterBar-btnFilters","interaction":{"idSuffix":"BDI-content"}},"wdio_ui5_key":"applicationmanagepartners-display-component---masterPtm--smartFilterBar-btnFilters"}]}
RESULT: undefined
COMMAND: POST /session/8ff87a328fcfa35ca82a4cc6375ae338/element - {"using":"xpath","value":"//*[@id=\"application-managepartners-display-component---masterPtm--smartFilterBar-btnFilters\"]"}
RESULT: {"using":"xpath","value":"//*[@id=\"application-managepartners-display-component---masterPtm--smartFilterBar-btnFilters\"]"}
COMMAND: POST /session/8ff87a328fcfa35ca82a4cc6375ae338/element/f.4AFCDA83F841BD0157C4E1BB812E2537.d.B64E234F97496DA805D79B3DF9368D95.e.5761/click - {}
RESULT: {}
COMMAND: GET /session/8ff87a328fcfa35ca82a4cc6375ae338/screenshot - {}
RESULT: {}
COMMAND: POST /session/8ff87a328fcfa35ca82a4cc6375ae338/elements - {"using":"xpath","value":"//table[contains(@id, \"listView-innerSelectionPanelTable-listUl\")]/tbody/tr"}
RESULT: {"using":"xpath","value":"//table[contains(@id, \"listView-innerSelectionPanelTable-listUl\")]/tbody/tr"}
COMMAND: POST /session/8ff87a328fcfa35ca82a4cc6375ae338/element - {"using":"xpath","value":"//table[contains(@id, \"listView-innerSelectionPanelTable-listUl\")]/tbody/tr[2]/td[2]/div/div"}
RESULT: {"using":"xpath","value":"//table[contains(@id, \"listView-innerSelectionPanelTable-listUl\")]/tbody/tr[2]/td[2]/div/div"}
COMMAND: POST /session/8ff87a328fcfa35ca82a4cc6375ae338/element - {"using":"xpath","value":"//table[contains(@id, \"listView-innerSelectionPanelTable-listUl\")]/tbody/tr[2]/td[2]/div"}
RESULT: {"using":"xpath","value":"//table[contains(@id, \"listView-innerSelectionPanelTable-listUl\")]/tbody/tr[2]/td[2]/div"}
COMMAND: POST /session/8ff87a328fcfa35ca82a4cc6375ae338/element - {"using":"xpath","value":"//table[contains(@id, \"listView-innerSelectionPanelTable-listUl\")]/tbody/tr[2]/td[3]/div/div/span/span[1]/bdi"}
RESULT: {"using":"xpath","value":"//table[contains(@id, \"listView-innerSelectionPanelTable-listUl\")]/tbody/tr[2]/td[3]/div/div/span/span[1]/bdi"}
COMMAND: POST /session/8ff87a328fcfa35ca82a4cc6375ae338/execute/sync - {"script":"<script> [56 bytes]","args":[{"element-6066-11e4-a52e-4f735466cecf":"f.4AFCDA83F841BD0157C4E1BB812E2537.d.B64E234F97496DA805D79B3DF9368D95.e.6772","ELEMENT":"f.4AFCDA83F841BD0157C4E1BB812E2537.d.B64E234F97496DA805D79B3DF9368D95.e.6772"}]}
RESULT: {"script":"<script> [56 bytes]","args":[{"element-6066-11e4-a52e-4f735466cecf":"f.4AFCDA83F841BD0157C4E1BB812E2537.d.B64E234F97496DA805D79B3DF9368D95.e.6772","ELEMENT":"f.4AFCDA83F841BD0157C4E1BB812E2537.d.B64E234F97496DA805D79B3DF9368D95.e.6772"}]}
COMMAND: GET /session/8ff87a328fcfa35ca82a4cc6375ae338/element/f.4AFCDA83F841BD0157C4E1BB812E2537.d.B64E234F97496DA805D79B3DF9368D95.e.6771/attribute/aria-checked - {}
COMMAND: GET /session/8ff87a328fcfa35ca82a4cc6375ae338/screenshot - {}
RESULT: {}
COMMAND: POST /session/8ff87a328fcfa35ca82a4cc6375ae338/element - {"using":"xpath","value":"//table[contains(@id, \"listView-innerSelectionPanelTable-listUl\")]/tbody/tr[3]/td[2]/div/div"}
RESULT: {}
RESULT: {"using":"xpath","value":"//table[contains(@id, \"listView-innerSelectionPanelTable-listUl\")]/tbody/tr[3]/td[2]/div/div"}
COMMAND: POST /session/8ff87a328fcfa35ca82a4cc6375ae338/element - {"using":"xpath","value":"//table[contains(@id, \"listView-innerSelectionPanelTable-listUl\")]/tbody/tr[3]/td[2]/div"}
RESULT: {"using":"xpath","value":"//table[contains(@id, \"listView-innerSelectionPanelTable-listUl\")]/tbody/tr[3]/td[2]/div"}
COMMAND: POST /session/8ff87a328fcfa35ca82a4cc6375ae338/element - {"using":"xpath","value":"//table[contains(@id, \"listView-innerSelectionPanelTable-listUl\")]/tbody/tr[3]/td[3]/div/div/span/span[1]/bdi"}
RESULT: {"using":"xpath","value":"//table[contains(@id, \"listView-innerSelectionPanelTable-listUl\")]/tbody/tr[3]/td[3]/div/div/span/span[1]/bdi"}
COMMAND: POST /session/8ff87a328fcfa35ca82a4cc6375ae338/execute/sync - {"script":"<script> [56 bytes]","args":[{"element-6066-11e4-a52e-4f735466cecf":"f.4AFCDA83F841BD0157C4E1BB812E2537.d.B64E234F97496DA805D79B3DF9368D95.e.6775","ELEMENT":"f.4AFCDA83F841BD0157C4E1BB812E2537.d.B64E234F97496DA805D79B3DF9368D95.e.6775"}]}
RESULT: {"script":"<script> [56 bytes]","args":[{"element-6066-11e4-a52e-4f735466cecf":"f.4AFCDA83F841BD0157C4E1BB812E2537.d.B64E234F97496DA805D79B3DF9368D95.e.6775","ELEMENT":"f.4AFCDA83F841BD0157C4E1BB812E2537.d.B64E234F97496DA805D79B3DF9368D95.e.6775"}]}
COMMAND: GET /session/8ff87a328fcfa35ca82a4cc6375ae338/element/f.4AFCDA83F841BD0157C4E1BB812E2537.d.B64E234F97496DA805D79B3DF9368D95.e.6774/attribute/aria-checked - {}
COMMAND: GET /session/8ff87a328fcfa35ca82a4cc6375ae338/screenshot - {}
RESULT: {}
COMMAND: POST /session/8ff87a328fcfa35ca82a4cc6375ae338/element - {"using":"xpath","value":"//table[contains(@id, \"listView-innerSelectionPanelTable-listUl\")]/tbody/tr[4]/td[2]/div/div"}
RESULT: {}
RESULT: {"using":"xpath","value":"//table[contains(@id, \"listView-innerSelectionPanelTable-listUl\")]/tbody/tr[4]/td[2]/div/div"}
COMMAND: POST /session/8ff87a328fcfa35ca82a4cc6375ae338/element - {"using":"xpath","value":"//table[contains(@id, \"listView-innerSelectionPanelTable-listUl\")]/tbody/tr[4]/td[2]/div"}
RESULT: {"using":"xpath","value":"//table[contains(@id, \"listView-innerSelectionPanelTable-listUl\")]/tbody/tr[4]/td[2]/div"}
COMMAND: POST /session/8ff87a328fcfa35ca82a4cc6375ae338/element - {"using":"xpath","value":"//table[contains(@id, \"listView-innerSelectionPanelTable-listUl\")]/tbody/tr[4]/td[3]/div/div/span/span[1]/bdi"}
RESULT: {"using":"xpath","value":"//table[contains(@id, \"listView-innerSelectionPanelTable-listUl\")]/tbody/tr[4]/td[3]/div/div/span/span[1]/bdi"}
COMMAND: POST /session/8ff87a328fcfa35ca82a4cc6375ae338/execute/sync - {"script":"<script> [56 bytes]","args":[{"element-6066-11e4-a52e-4f735466cecf":"f.4AFCDA83F841BD0157C4E1BB812E2537.d.B64E234F97496DA805D79B3DF9368D95.e.6778","ELEMENT":"f.4AFCDA83F841BD0157C4E1BB812E2537.d.B64E234F97496DA805D79B3DF9368D95.e.6778"}]}
RESULT: {"script":"<script> [56 bytes]","args":[{"element-6066-11e4-a52e-4f735466cecf":"f.4AFCDA83F841BD0157C4E1BB812E2537.d.B64E234F97496DA805D79B3DF9368D95.e.6778","ELEMENT":"f.4AFCDA83F841BD0157C4E1BB812E2537.d.B64E234F97496DA805D79B3DF9368D95.e.6778"}]}
COMMAND: GET /session/8ff87a328fcfa35ca82a4cc6375ae338/element/f.4AFCDA83F841BD0157C4E1BB812E2537.d.B64E234F97496DA805D79B3DF9368D95.e.6777/attribute/aria-checked - {}
COMMAND: GET /session/8ff87a328fcfa35ca82a4cc6375ae338/screenshot - {}
RESULT: {}
COMMAND: POST /session/8ff87a328fcfa35ca82a4cc6375ae338/element - {"using":"xpath","value":"//table[contains(@id, \"listView-innerSelectionPanelTable-listUl\")]/tbody/tr[5]/td[2]/div/div"}
RESULT: {}
RESULT: {"using":"xpath","value":"//table[contains(@id, \"listView-innerSelectionPanelTable-listUl\")]/tbody/tr[5]/td[2]/div/div"}
COMMAND: POST /session/8ff87a328fcfa35ca82a4cc6375ae338/element - {"using":"xpath","value":"//table[contains(@id, \"listView-innerSelectionPanelTable-listUl\")]/tbody/tr[5]/td[2]/div"}
RESULT: {"using":"xpath","value":"//table[contains(@id, \"listView-innerSelectionPanelTable-listUl\")]/tbody/tr[5]/td[2]/div"}
COMMAND: POST /session/8ff87a328fcfa35ca82a4cc6375ae338/element - {"using":"xpath","value":"//table[contains(@id, \"listView-innerSelectionPanelTable-listUl\")]/tbody/tr[5]/td[3]/div/div/span/span[1]/bdi"}
RESULT: {"using":"xpath","value":"//table[contains(@id, \"listView-innerSelectionPanelTable-listUl\")]/tbody/tr[5]/td[3]/div/div/span/span[1]/bdi"}
COMMAND: POST /session/8ff87a328fcfa35ca82a4cc6375ae338/execute/sync - {"script":"<script> [56 bytes]","args":[{"element-6066-11e4-a52e-4f735466cecf":"f.4AFCDA83F841BD0157C4E1BB812E2537.d.B64E234F97496DA805D79B3DF9368D95.e.6781","ELEMENT":"f.4AFCDA83F841BD0157C4E1BB812E2537.d.B64E234F97496DA805D79B3DF9368D95.e.6781"}]}
RESULT: {"script":"<script> [56 bytes]","args":[{"element-6066-11e4-a52e-4f735466cecf":"f.4AFCDA83F841BD0157C4E1BB812E2537.d.B64E234F97496DA805D79B3DF9368D95.e.6781","ELEMENT":"f.4AFCDA83F841BD0157C4E1BB812E2537.d.B64E234F97496DA805D79B3DF9368D95.e.6781"}]}
COMMAND: GET /session/8ff87a328fcfa35ca82a4cc6375ae338/element/f.4AFCDA83F841BD0157C4E1BB812E2537.d.B64E234F97496DA805D79B3DF9368D95.e.6780/attribute/aria-checked - {}
COMMAND: GET /session/8ff87a328fcfa35ca82a4cc6375ae338/screenshot - {}
RESULT: {}
COMMAND: POST /session/8ff87a328fcfa35ca82a4cc6375ae338/element - {"using":"xpath","value":"//table[contains(@id, \"listView-innerSelectionPanelTable-listUl\")]/tbody/tr[6]/td[2]/div/div"}
RESULT: {}
RESULT: {"using":"xpath","value":"//table[contains(@id, \"listView-innerSelectionPanelTable-listUl\")]/tbody/tr[6]/td[2]/div/div"}
COMMAND: POST /session/8ff87a328fcfa35ca82a4cc6375ae338/element - {"using":"xpath","value":"//table[contains(@id, \"listView-innerSelectionPanelTable-listUl\")]/tbody/tr[6]/td[2]/div"}
RESULT: {"using":"xpath","value":"//table[contains(@id, \"listView-innerSelectionPanelTable-listUl\")]/tbody/tr[6]/td[2]/div"}
COMMAND: POST /session/8ff87a328fcfa35ca82a4cc6375ae338/element - {"using":"xpath","value":"//table[contains(@id, \"listView-innerSelectionPanelTable-listUl\")]/tbody/tr[6]/td[3]/div/div/span/span[1]/bdi"}
RESULT: {"using":"xpath","value":"//table[contains(@id, \"listView-innerSelectionPanelTable-listUl\")]/tbody/tr[6]/td[3]/div/div/span/span[1]/bdi"}
COMMAND: POST /session/8ff87a328fcfa35ca82a4cc6375ae338/execute/sync - {"script":"<script> [56 bytes]","args":[{"element-6066-11e4-a52e-4f735466cecf":"f.4AFCDA83F841BD0157C4E1BB812E2537.d.B64E234F97496DA805D79B3DF9368D95.e.6784","ELEMENT":"f.4AFCDA83F841BD0157C4E1BB812E2537.d.B64E234F97496DA805D79B3DF9368D95.e.6784"}]}
RESULT: {"script":"<script> [56 bytes]","args":[{"element-6066-11e4-a52e-4f735466cecf":"f.4AFCDA83F841BD0157C4E1BB812E2537.d.B64E234F97496DA805D79B3DF9368D95.e.6784","ELEMENT":"f.4AFCDA83F841BD0157C4E1BB812E2537.d.B64E234F97496DA805D79B3DF9368D95.e.6784"}]}
COMMAND: GET /session/8ff87a328fcfa35ca82a4cc6375ae338/element/f.4AFCDA83F841BD0157C4E1BB812E2537.d.B64E234F97496DA805D79B3DF9368D95.e.6783/attribute/aria-checked - {}
COMMAND: GET /session/8ff87a328fcfa35ca82a4cc6375ae338/screenshot - {}
RESULT: {}
COMMAND: POST /session/8ff87a328fcfa35ca82a4cc6375ae338/element - {"using":"xpath","value":"//table[contains(@id, \"listView-innerSelectionPanelTable-listUl\")]/tbody/tr[7]/td[2]/div/div"}
RESULT: {}
RESULT: {"using":"xpath","value":"//table[contains(@id, \"listView-innerSelectionPanelTable-listUl\")]/tbody/tr[7]/td[2]/div/div"}
COMMAND: POST /session/8ff87a328fcfa35ca82a4cc6375ae338/element - {"using":"xpath","value":"//table[contains(@id, \"listView-innerSelectionPanelTable-listUl\")]/tbody/tr[7]/td[2]/div"}
RESULT: {"using":"xpath","value":"//table[contains(@id, \"listView-innerSelectionPanelTable-listUl\")]/tbody/tr[7]/td[2]/div"}
COMMAND: POST /session/8ff87a328fcfa35ca82a4cc6375ae338/element - {"using":"xpath","value":"//table[contains(@id, \"listView-innerSelectionPanelTable-listUl\")]/tbody/tr[7]/td[3]/div/div/span/span[1]/bdi"}
RESULT: {"using":"xpath","value":"//table[contains(@id, \"listView-innerSelectionPanelTable-listUl\")]/tbody/tr[7]/td[3]/div/div/span/span[1]/bdi"}
COMMAND: POST /session/8ff87a328fcfa35ca82a4cc6375ae338/execute/sync - {"script":"<script> [56 bytes]","args":[{"element-6066-11e4-a52e-4f735466cecf":"f.4AFCDA83F841BD0157C4E1BB812E2537.d.B64E234F97496DA805D79B3DF9368D95.e.6787","ELEMENT":"f.4AFCDA83F841BD0157C4E1BB812E2537.d.B64E234F97496DA805D79B3DF9368D95.e.6787"}]}
RESULT: {"script":"<script> [56 bytes]","args":[{"element-6066-11e4-a52e-4f735466cecf":"f.4AFCDA83F841BD0157C4E1BB812E2537.d.B64E234F97496DA805D79B3DF9368D95.e.6787","ELEMENT":"f.4AFCDA83F841BD0157C4E1BB812E2537.d.B64E234F97496DA805D79B3DF9368D95.e.6787"}]}
COMMAND: GET /session/8ff87a328fcfa35ca82a4cc6375ae338/element/f.4AFCDA83F841BD0157C4E1BB812E2537.d.B64E234F97496DA805D79B3DF9368D95.e.6786/attribute/aria-checked - {}
COMMAND: GET /session/8ff87a328fcfa35ca82a4cc6375ae338/screenshot - {}
RESULT: {}
COMMAND: POST /session/8ff87a328fcfa35ca82a4cc6375ae338/element - {"using":"xpath","value":"//table[contains(@id, \"listView-innerSelectionPanelTable-listUl\")]/tbody/tr[8]/td[2]/div/div"}
RESULT: {}
RESULT: {"using":"xpath","value":"//table[contains(@id, \"listView-innerSelectionPanelTable-listUl\")]/tbody/tr[8]/td[2]/div/div"}
COMMAND: POST /session/8ff87a328fcfa35ca82a4cc6375ae338/element - {"using":"xpath","value":"//table[contains(@id, \"listView-innerSelectionPanelTable-listUl\")]/tbody/tr[8]/td[2]/div"}
RESULT: {"using":"xpath","value":"//table[contains(@id, \"listView-innerSelectionPanelTable-listUl\")]/tbody/tr[8]/td[2]/div"}
COMMAND: POST /session/8ff87a328fcfa35ca82a4cc6375ae338/element - {"using":"xpath","value":"//table[contains(@id, \"listView-innerSelectionPanelTable-listUl\")]/tbody/tr[8]/td[3]/div/div/span/span[1]/bdi"}
RESULT: {"using":"xpath","value":"//table[contains(@id, \"listView-innerSelectionPanelTable-listUl\")]/tbody/tr[8]/td[3]/div/div/span/span[1]/bdi"}
COMMAND: POST /session/8ff87a328fcfa35ca82a4cc6375ae338/execute/sync - {"script":"<script> [56 bytes]","args":[{"element-6066-11e4-a52e-4f735466cecf":"f.4AFCDA83F841BD0157C4E1BB812E2537.d.B64E234F97496DA805D79B3DF9368D95.e.6790","ELEMENT":"f.4AFCDA83F841BD0157C4E1BB812E2537.d.B64E234F97496DA805D79B3DF9368D95.e.6790"}]}
RESULT: {"script":"<script> [56 bytes]","args":[{"element-6066-11e4-a52e-4f735466cecf":"f.4AFCDA83F841BD0157C4E1BB812E2537.d.B64E234F97496DA805D79B3DF9368D95.e.6790","ELEMENT":"f.4AFCDA83F841BD0157C4E1BB812E2537.d.B64E234F97496DA805D79B3DF9368D95.e.6790"}]}
COMMAND: GET /session/8ff87a328fcfa35ca82a4cc6375ae338/element/f.4AFCDA83F841BD0157C4E1BB812E2537.d.B64E234F97496DA805D79B3DF9368D95.e.6789/attribute/aria-checked - {}
COMMAND: GET /session/8ff87a328fcfa35ca82a4cc6375ae338/screenshot - {}
RESULT: {}
COMMAND: POST /session/8ff87a328fcfa35ca82a4cc6375ae338/element - {"using":"xpath","value":"//table[contains(@id, \"listView-innerSelectionPanelTable-listUl\")]/tbody/tr[9]/td[2]/div/div"}
RESULT: {}
RESULT: {"using":"xpath","value":"//table[contains(@id, \"listView-innerSelectionPanelTable-listUl\")]/tbody/tr[9]/td[2]/div/div"}
COMMAND: POST /session/8ff87a328fcfa35ca82a4cc6375ae338/element - {"using":"xpath","value":"//table[contains(@id, \"listView-innerSelectionPanelTable-listUl\")]/tbody/tr[9]/td[2]/div"}
RESULT: {"using":"xpath","value":"//table[contains(@id, \"listView-innerSelectionPanelTable-listUl\")]/tbody/tr[9]/td[2]/div"}
COMMAND: POST /session/8ff87a328fcfa35ca82a4cc6375ae338/element - {"using":"xpath","value":"//table[contains(@id, \"listView-innerSelectionPanelTable-listUl\")]/tbody/tr[9]/td[3]/div/div/span/span[1]/bdi"}
RESULT: {"using":"xpath","value":"//table[contains(@id, \"listView-innerSelectionPanelTable-listUl\")]/tbody/tr[9]/td[3]/div/div/span/span[1]/bdi"}
COMMAND: POST /session/8ff87a328fcfa35ca82a4cc6375ae338/execute/sync - {"script":"<script> [56 bytes]","args":[{"element-6066-11e4-a52e-4f735466cecf":"f.4AFCDA83F841BD0157C4E1BB812E2537.d.B64E234F97496DA805D79B3DF9368D95.e.6793","ELEMENT":"f.4AFCDA83F841BD0157C4E1BB812E2537.d.B64E234F97496DA805D79B3DF9368D95.e.6793"}]}
RESULT: {"script":"<script> [56 bytes]","args":[{"element-6066-11e4-a52e-4f735466cecf":"f.4AFCDA83F841BD0157C4E1BB812E2537.d.B64E234F97496DA805D79B3DF9368D95.e.6793","ELEMENT":"f.4AFCDA83F841BD0157C4E1BB812E2537.d.B64E234F97496DA805D79B3DF9368D95.e.6793"}]}
COMMAND: GET /session/8ff87a328fcfa35ca82a4cc6375ae338/element/f.4AFCDA83F841BD0157C4E1BB812E2537.d.B64E234F97496DA805D79B3DF9368D95.e.6792/attribute/aria-checked - {}
COMMAND: GET /session/8ff87a328fcfa35ca82a4cc6375ae338/screenshot - {}
RESULT: {}
COMMAND: POST /session/8ff87a328fcfa35ca82a4cc6375ae338/element - {"using":"xpath","value":"//table[contains(@id, \"listView-innerSelectionPanelTable-listUl\")]/tbody/tr[10]/td[2]/div/div"}
RESULT: {}
RESULT: {"using":"xpath","value":"//table[contains(@id, \"listView-innerSelectionPanelTable-listUl\")]/tbody/tr[10]/td[2]/div/div"}
COMMAND: POST /session/8ff87a328fcfa35ca82a4cc6375ae338/element - {"using":"xpath","value":"//table[contains(@id, \"listView-innerSelectionPanelTable-listUl\")]/tbody/tr[10]/td[2]/div"}
RESULT: {"using":"xpath","value":"//table[contains(@id, \"listView-innerSelectionPanelTable-listUl\")]/tbody/tr[10]/td[2]/div"}
COMMAND: POST /session/8ff87a328fcfa35ca82a4cc6375ae338/element - {"using":"xpath","value":"//table[contains(@id, \"listView-innerSelectionPanelTable-listUl\")]/tbody/tr[10]/td[3]/div/div/span/span[1]/bdi"}
RESULT: {"using":"xpath","value":"//table[contains(@id, \"listView-innerSelectionPanelTable-listUl\")]/tbody/tr[10]/td[3]/div/div/span/span[1]/bdi"}
COMMAND: POST /session/8ff87a328fcfa35ca82a4cc6375ae338/execute/sync - {"script":"<script> [56 bytes]","args":[{"element-6066-11e4-a52e-4f735466cecf":"f.4AFCDA83F841BD0157C4E1BB812E2537.d.B64E234F97496DA805D79B3DF9368D95.e.6796","ELEMENT":"f.4AFCDA83F841BD0157C4E1BB812E2537.d.B64E234F97496DA805D79B3DF9368D95.e.6796"}]}
RESULT: {"script":"<script> [56 bytes]","args":[{"element-6066-11e4-a52e-4f735466cecf":"f.4AFCDA83F841BD0157C4E1BB812E2537.d.B64E234F97496DA805D79B3DF9368D95.e.6796","ELEMENT":"f.4AFCDA83F841BD0157C4E1BB812E2537.d.B64E234F97496DA805D79B3DF9368D95.e.6796"}]}
COMMAND: GET /session/8ff87a328fcfa35ca82a4cc6375ae338/element/f.4AFCDA83F841BD0157C4E1BB812E2537.d.B64E234F97496DA805D79B3DF9368D95.e.6795/attribute/aria-checked - {}
COMMAND: GET /session/8ff87a328fcfa35ca82a4cc6375ae338/screenshot - {}
RESULT: {}
COMMAND: POST /session/8ff87a328fcfa35ca82a4cc6375ae338/element - {"using":"xpath","value":"//table[contains(@id, \"listView-innerSelectionPanelTable-listUl\")]/tbody/tr[11]/td[2]/div/div"}
RESULT: {}
RESULT: {"using":"xpath","value":"//table[contains(@id, \"listView-innerSelectionPanelTable-listUl\")]/tbody/tr[11]/td[2]/div/div"}
COMMAND: POST /session/8ff87a328fcfa35ca82a4cc6375ae338/element - {"using":"xpath","value":"//table[contains(@id, \"listView-innerSelectionPanelTable-listUl\")]/tbody/tr[11]/td[2]/div"}
RESULT: {"using":"xpath","value":"//table[contains(@id, \"listView-innerSelectionPanelTable-listUl\")]/tbody/tr[11]/td[2]/div"}
COMMAND: POST /session/8ff87a328fcfa35ca82a4cc6375ae338/element - {"using":"xpath","value":"//table[contains(@id, \"listView-innerSelectionPanelTable-listUl\")]/tbody/tr[11]/td[3]/div/div/span/span[1]/bdi"}
RESULT: {"using":"xpath","value":"//table[contains(@id, \"listView-innerSelectionPanelTable-listUl\")]/tbody/tr[11]/td[3]/div/div/span/span[1]/bdi"}
COMMAND: POST /session/8ff87a328fcfa35ca82a4cc6375ae338/execute/sync - {"script":"<script> [56 bytes]","args":[{"element-6066-11e4-a52e-4f735466cecf":"f.4AFCDA83F841BD0157C4E1BB812E2537.d.B64E234F97496DA805D79B3DF9368D95.e.6799","ELEMENT":"f.4AFCDA83F841BD0157C4E1BB812E2537.d.B64E234F97496DA805D79B3DF9368D95.e.6799"}]}
RESULT: {"script":"<script> [56 bytes]","args":[{"element-6066-11e4-a52e-4f735466cecf":"f.4AFCDA83F841BD0157C4E1BB812E2537.d.B64E234F97496DA805D79B3DF9368D95.e.6799","ELEMENT":"f.4AFCDA83F841BD0157C4E1BB812E2537.d.B64E234F97496DA805D79B3DF9368D95.e.6799"}]}
COMMAND: GET /session/8ff87a328fcfa35ca82a4cc6375ae338/element/f.4AFCDA83F841BD0157C4E1BB812E2537.d.B64E234F97496DA805D79B3DF9368D95.e.6798/attribute/aria-checked - {}
COMMAND: GET /session/8ff87a328fcfa35ca82a4cc6375ae338/screenshot - {}
RESULT: {}
COMMAND: POST /session/8ff87a328fcfa35ca82a4cc6375ae338/element - {"using":"xpath","value":"//table[contains(@id, \"listView-innerSelectionPanelTable-listUl\")]/tbody/tr[12]/td[2]/div/div"}
RESULT: {}
RESULT: {"using":"xpath","value":"//table[contains(@id, \"listView-innerSelectionPanelTable-listUl\")]/tbody/tr[12]/td[2]/div/div"}
COMMAND: POST /session/8ff87a328fcfa35ca82a4cc6375ae338/element - {"using":"xpath","value":"//table[contains(@id, \"listView-innerSelectionPanelTable-listUl\")]/tbody/tr[12]/td[2]/div"}
RESULT: {"using":"xpath","value":"//table[contains(@id, \"listView-innerSelectionPanelTable-listUl\")]/tbody/tr[12]/td[2]/div"}
COMMAND: POST /session/8ff87a328fcfa35ca82a4cc6375ae338/element - {"using":"xpath","value":"//table[contains(@id, \"listView-innerSelectionPanelTable-listUl\")]/tbody/tr[12]/td[3]/div/div/span/span[1]/bdi"}
RESULT: {"using":"xpath","value":"//table[contains(@id, \"listView-innerSelectionPanelTable-listUl\")]/tbody/tr[12]/td[3]/div/div/span/span[1]/bdi"}
COMMAND: POST /session/8ff87a328fcfa35ca82a4cc6375ae338/execute/sync - {"script":"<script> [56 bytes]","args":[{"element-6066-11e4-a52e-4f735466cecf":"f.4AFCDA83F841BD0157C4E1BB812E2537.d.B64E234F97496DA805D79B3DF9368D95.e.6802","ELEMENT":"f.4AFCDA83F841BD0157C4E1BB812E2537.d.B64E234F97496DA805D79B3DF9368D95.e.6802"}]}
RESULT: {"script":"<script> [56 bytes]","args":[{"element-6066-11e4-a52e-4f735466cecf":"f.4AFCDA83F841BD0157C4E1BB812E2537.d.B64E234F97496DA805D79B3DF9368D95.e.6802","ELEMENT":"f.4AFCDA83F841BD0157C4E1BB812E2537.d.B64E234F97496DA805D79B3DF9368D95.e.6802"}]}
COMMAND: GET /session/8ff87a328fcfa35ca82a4cc6375ae338/element/f.4AFCDA83F841BD0157C4E1BB812E2537.d.B64E234F97496DA805D79B3DF9368D95.e.6801/attribute/aria-checked - {}
COMMAND: GET /session/8ff87a328fcfa35ca82a4cc6375ae338/screenshot - {}
RESULT: {}
COMMAND: POST /session/8ff87a328fcfa35ca82a4cc6375ae338/element - {"using":"xpath","value":"//table[contains(@id, \"listView-innerSelectionPanelTable-listUl\")]/tbody/tr[13]/td[2]/div/div"}
RESULT: {}
RESULT: {"using":"xpath","value":"//table[contains(@id, \"listView-innerSelectionPanelTable-listUl\")]/tbody/tr[13]/td[2]/div/div"}
COMMAND: POST /session/8ff87a328fcfa35ca82a4cc6375ae338/element - {"using":"xpath","value":"//table[contains(@id, \"listView-innerSelectionPanelTable-listUl\")]/tbody/tr[13]/td[2]/div"}
RESULT: {"using":"xpath","value":"//table[contains(@id, \"listView-innerSelectionPanelTable-listUl\")]/tbody/tr[13]/td[2]/div"}
COMMAND: POST /session/8ff87a328fcfa35ca82a4cc6375ae338/element - {"using":"xpath","value":"//table[contains(@id, \"listView-innerSelectionPanelTable-listUl\")]/tbody/tr[13]/td[3]/div/div/span/span[1]/bdi"}
RESULT: {"using":"xpath","value":"//table[contains(@id, \"listView-innerSelectionPanelTable-listUl\")]/tbody/tr[13]/td[3]/div/div/span/span[1]/bdi"}
COMMAND: POST /session/8ff87a328fcfa35ca82a4cc6375ae338/execute/sync - {"script":"<script> [56 bytes]","args":[{"element-6066-11e4-a52e-4f735466cecf":"f.4AFCDA83F841BD0157C4E1BB812E2537.d.B64E234F97496DA805D79B3DF9368D95.e.6805","ELEMENT":"f.4AFCDA83F841BD0157C4E1BB812E2537.d.B64E234F97496DA805D79B3DF9368D95.e.6805"}]}
RESULT: {"script":"<script> [56 bytes]","args":[{"element-6066-11e4-a52e-4f735466cecf":"f.4AFCDA83F841BD0157C4E1BB812E2537.d.B64E234F97496DA805D79B3DF9368D95.e.6805","ELEMENT":"f.4AFCDA83F841BD0157C4E1BB812E2537.d.B64E234F97496DA805D79B3DF9368D95.e.6805"}]}
COMMAND: GET /session/8ff87a328fcfa35ca82a4cc6375ae338/element/f.4AFCDA83F841BD0157C4E1BB812E2537.d.B64E234F97496DA805D79B3DF9368D95.e.6804/attribute/aria-checked - {}
COMMAND: GET /session/8ff87a328fcfa35ca82a4cc6375ae338/screenshot - {}
RESULT: {}
COMMAND: POST /session/8ff87a328fcfa35ca82a4cc6375ae338/element - {"using":"xpath","value":"//table[contains(@id, \"listView-innerSelectionPanelTable-listUl\")]/tbody/tr[14]/td[2]/div/div"}
COMMAND: POST /session/8ff87a328fcfa35ca82a4cc6375ae338/element/f.4AFCDA83F841BD0157C4E1BB812E2537.d.B64E234F97496DA805D79B3DF9368D95.e.6803/click - {}
RESULT: {}
RESULT: {"using":"xpath","value":"//table[contains(@id, \"listView-innerSelectionPanelTable-listUl\")]/tbody/tr[14]/td[2]/div/div"}
COMMAND: POST /session/8ff87a328fcfa35ca82a4cc6375ae338/element - {"using":"xpath","value":"//table[contains(@id, \"listView-innerSelectionPanelTable-listUl\")]/tbody/tr[14]/td[2]/div"}
RESULT: {}
COMMAND: GET /session/8ff87a328fcfa35ca82a4cc6375ae338/screenshot - {}
RESULT: {"using":"xpath","value":"//table[contains(@id, \"listView-innerSelectionPanelTable-listUl\")]/tbody/tr[14]/td[2]/div"}
COMMAND: POST /session/8ff87a328fcfa35ca82a4cc6375ae338/element - {"using":"xpath","value":"//table[contains(@id, \"listView-innerSelectionPanelTable-listUl\")]/tbody/tr[14]/td[3]/div/div/span/span[1]/bdi"}
RESULT: {}
RESULT: {"using":"xpath","value":"//table[contains(@id, \"listView-innerSelectionPanelTable-listUl\")]/tbody/tr[14]/td[3]/div/div/span/span[1]/bdi"}
COMMAND: POST /session/8ff87a328fcfa35ca82a4cc6375ae338/execute/sync - {"script":"<script> [56 bytes]","args":[{"element-6066-11e4-a52e-4f735466cecf":"f.4AFCDA83F841BD0157C4E1BB812E2537.d.B64E234F97496DA805D79B3DF9368D95.e.6809","ELEMENT":"f.4AFCDA83F841BD0157C4E1BB812E2537.d.B64E234F97496DA805D79B3DF9368D95.e.6809"}]}
RESULT: {"script":"<script> [56 bytes]","args":[{"element-6066-11e4-a52e-4f735466cecf":"f.4AFCDA83F841BD0157C4E1BB812E2537.d.B64E234F97496DA805D79B3DF9368D95.e.6809","ELEMENT":"f.4AFCDA83F841BD0157C4E1BB812E2537.d.B64E234F97496DA805D79B3DF9368D95.e.6809"}]}
COMMAND: GET /session/8ff87a328fcfa35ca82a4cc6375ae338/element/f.4AFCDA83F841BD0157C4E1BB812E2537.d.B64E234F97496DA805D79B3DF9368D95.e.6808/attribute/aria-checked - {}
COMMAND: GET /session/8ff87a328fcfa35ca82a4cc6375ae338/screenshot - {}
RESULT: {}
COMMAND: POST /session/8ff87a328fcfa35ca82a4cc6375ae338/element - {"using":"xpath","value":"//table[contains(@id, \"listView-innerSelectionPanelTable-listUl\")]/tbody/tr[15]/td[2]/div/div"}
RESULT: {}
RESULT: {"using":"xpath","value":"//table[contains(@id, \"listView-innerSelectionPanelTable-listUl\")]/tbody/tr[15]/td[2]/div/div"}
COMMAND: POST /session/8ff87a328fcfa35ca82a4cc6375ae338/element - {"using":"xpath","value":"//table[contains(@id, \"listView-innerSelectionPanelTable-listUl\")]/tbody/tr[15]/td[2]/div"}
RESULT: {"using":"xpath","value":"//table[contains(@id, \"listView-innerSelectionPanelTable-listUl\")]/tbody/tr[15]/td[2]/div"}
COMMAND: POST /session/8ff87a328fcfa35ca82a4cc6375ae338/element - {"using":"xpath","value":"//table[contains(@id, \"listView-innerSelectionPanelTable-listUl\")]/tbody/tr[15]/td[3]/div/div/span/span[1]/bdi"}
RESULT: {"using":"xpath","value":"//table[contains(@id, \"listView-innerSelectionPanelTable-listUl\")]/tbody/tr[15]/td[3]/div/div/span/span[1]/bdi"}
COMMAND: POST /session/8ff87a328fcfa35ca82a4cc6375ae338/execute/sync - {"script":"<script> [56 bytes]","args":[{"element-6066-11e4-a52e-4f735466cecf":"f.4AFCDA83F841BD0157C4E1BB812E2537.d.B64E234F97496DA805D79B3DF9368D95.e.6812","ELEMENT":"f.4AFCDA83F841BD0157C4E1BB812E2537.d.B64E234F97496DA805D79B3DF9368D95.e.6812"}]}
RESULT: {"script":"<script> [56 bytes]","args":[{"element-6066-11e4-a52e-4f735466cecf":"f.4AFCDA83F841BD0157C4E1BB812E2537.d.B64E234F97496DA805D79B3DF9368D95.e.6812","ELEMENT":"f.4AFCDA83F841BD0157C4E1BB812E2537.d.B64E234F97496DA805D79B3DF9368D95.e.6812"}]}
COMMAND: GET /session/8ff87a328fcfa35ca82a4cc6375ae338/element/f.4AFCDA83F841BD0157C4E1BB812E2537.d.B64E234F97496DA805D79B3DF9368D95.e.6811/attribute/aria-checked - {}
COMMAND: GET /session/8ff87a328fcfa35ca82a4cc6375ae338/screenshot - {}
RESULT: {}
COMMAND: POST /session/8ff87a328fcfa35ca82a4cc6375ae338/element - {"using":"xpath","value":"//table[contains(@id, \"listView-innerSelectionPanelTable-listUl\")]/tbody/tr[16]/td[2]/div/div"}
RESULT: {}
RESULT: {"using":"xpath","value":"//table[contains(@id, \"listView-innerSelectionPanelTable-listUl\")]/tbody/tr[16]/td[2]/div/div"}
COMMAND: POST /session/8ff87a328fcfa35ca82a4cc6375ae338/element - {"using":"xpath","value":"//table[contains(@id, \"listView-innerSelectionPanelTable-listUl\")]/tbody/tr[16]/td[2]/div"}
RESULT: {"using":"xpath","value":"//table[contains(@id, \"listView-innerSelectionPanelTable-listUl\")]/tbody/tr[16]/td[2]/div"}
COMMAND: POST /session/8ff87a328fcfa35ca82a4cc6375ae338/element - {"using":"xpath","value":"//table[contains(@id, \"listView-innerSelectionPanelTable-listUl\")]/tbody/tr[16]/td[3]/div/div/span/span[1]/bdi"}
RESULT: {"using":"xpath","value":"//table[contains(@id, \"listView-innerSelectionPanelTable-listUl\")]/tbody/tr[16]/td[3]/div/div/span/span[1]/bdi"}
COMMAND: POST /session/8ff87a328fcfa35ca82a4cc6375ae338/execute/sync - {"script":"<script> [56 bytes]","args":[{"element-6066-11e4-a52e-4f735466cecf":"f.4AFCDA83F841BD0157C4E1BB812E2537.d.B64E234F97496DA805D79B3DF9368D95.e.6815","ELEMENT":"f.4AFCDA83F841BD0157C4E1BB812E2537.d.B64E234F97496DA805D79B3DF9368D95.e.6815"}]}
RESULT: {"script":"<script> [56 bytes]","args":[{"element-6066-11e4-a52e-4f735466cecf":"f.4AFCDA83F841BD0157C4E1BB812E2537.d.B64E234F97496DA805D79B3DF9368D95.e.6815","ELEMENT":"f.4AFCDA83F841BD0157C4E1BB812E2537.d.B64E234F97496DA805D79B3DF9368D95.e.6815"}]}
COMMAND: GET /session/8ff87a328fcfa35ca82a4cc6375ae338/element/f.4AFCDA83F841BD0157C4E1BB812E2537.d.B64E234F97496DA805D79B3DF9368D95.e.6814/attribute/aria-checked - {}
COMMAND: GET /session/8ff87a328fcfa35ca82a4cc6375ae338/screenshot - {}
RESULT: {}
COMMAND: POST /session/8ff87a328fcfa35ca82a4cc6375ae338/element - {"using":"xpath","value":"//table[contains(@id, \"listView-innerSelectionPanelTable-listUl\")]/tbody/tr[17]/td[2]/div/div"}
RESULT: {}
RESULT: {"using":"xpath","value":"//table[contains(@id, \"listView-innerSelectionPanelTable-listUl\")]/tbody/tr[17]/td[2]/div/div"}
COMMAND: POST /session/8ff87a328fcfa35ca82a4cc6375ae338/element - {"using":"xpath","value":"//table[contains(@id, \"listView-innerSelectionPanelTable-listUl\")]/tbody/tr[17]/td[2]/div"}
RESULT: {"using":"xpath","value":"//table[contains(@id, \"listView-innerSelectionPanelTable-listUl\")]/tbody/tr[17]/td[2]/div"}
COMMAND: POST /session/8ff87a328fcfa35ca82a4cc6375ae338/element - {"using":"xpath","value":"//table[contains(@id, \"listView-innerSelectionPanelTable-listUl\")]/tbody/tr[17]/td[3]/div/div/span/span[1]/bdi"}
RESULT: {"using":"xpath","value":"//table[contains(@id, \"listView-innerSelectionPanelTable-listUl\")]/tbody/tr[17]/td[3]/div/div/span/span[1]/bdi"}
COMMAND: POST /session/8ff87a328fcfa35ca82a4cc6375ae338/execute/sync - {"script":"<script> [56 bytes]","args":[{"element-6066-11e4-a52e-4f735466cecf":"f.4AFCDA83F841BD0157C4E1BB812E2537.d.B64E234F97496DA805D79B3DF9368D95.e.6818","ELEMENT":"f.4AFCDA83F841BD0157C4E1BB812E2537.d.B64E234F97496DA805D79B3DF9368D95.e.6818"}]}
RESULT: {"script":"<script> [56 bytes]","args":[{"element-6066-11e4-a52e-4f735466cecf":"f.4AFCDA83F841BD0157C4E1BB812E2537.d.B64E234F97496DA805D79B3DF9368D95.e.6818","ELEMENT":"f.4AFCDA83F841BD0157C4E1BB812E2537.d.B64E234F97496DA805D79B3DF9368D95.e.6818"}]}
COMMAND: GET /session/8ff87a328fcfa35ca82a4cc6375ae338/element/f.4AFCDA83F841BD0157C4E1BB812E2537.d.B64E234F97496DA805D79B3DF9368D95.e.6817/attribute/aria-checked - {}
COMMAND: GET /session/8ff87a328fcfa35ca82a4cc6375ae338/screenshot - {}
RESULT: {}
COMMAND: POST /session/8ff87a328fcfa35ca82a4cc6375ae338/element - {"using":"xpath","value":"//table[contains(@id, \"listView-innerSelectionPanelTable-listUl\")]/tbody/tr[18]/td[2]/div/div"}
RESULT: {}
RESULT: {"using":"xpath","value":"//table[contains(@id, \"listView-innerSelectionPanelTable-listUl\")]/tbody/tr[18]/td[2]/div/div"}
COMMAND: POST /session/8ff87a328fcfa35ca82a4cc6375ae338/element - {"using":"xpath","value":"//table[contains(@id, \"listView-innerSelectionPanelTable-listUl\")]/tbody/tr[18]/td[2]/div"}
RESULT: {"using":"xpath","value":"//table[contains(@id, \"listView-innerSelectionPanelTable-listUl\")]/tbody/tr[18]/td[2]/div"}
COMMAND: POST /session/8ff87a328fcfa35ca82a4cc6375ae338/element - {"using":"xpath","value":"//table[contains(@id, \"listView-innerSelectionPanelTable-listUl\")]/tbody/tr[18]/td[3]/div/div/span/span[1]/bdi"}
RESULT: {"using":"xpath","value":"//table[contains(@id, \"listView-innerSelectionPanelTable-listUl\")]/tbody/tr[18]/td[3]/div/div/span/span[1]/bdi"}
COMMAND: POST /session/8ff87a328fcfa35ca82a4cc6375ae338/execute/sync - {"script":"<script> [56 bytes]","args":[{"element-6066-11e4-a52e-4f735466cecf":"f.4AFCDA83F841BD0157C4E1BB812E2537.d.B64E234F97496DA805D79B3DF9368D95.e.6821","ELEMENT":"f.4AFCDA83F841BD0157C4E1BB812E2537.d.B64E234F97496DA805D79B3DF9368D95.e.6821"}]}
RESULT: {"script":"<script> [56 bytes]","args":[{"element-6066-11e4-a52e-4f735466cecf":"f.4AFCDA83F841BD0157C4E1BB812E2537.d.B64E234F97496DA805D79B3DF9368D95.e.6821","ELEMENT":"f.4AFCDA83F841BD0157C4E1BB812E2537.d.B64E234F97496DA805D79B3DF9368D95.e.6821"}]}
COMMAND: GET /session/8ff87a328fcfa35ca82a4cc6375ae338/element/f.4AFCDA83F841BD0157C4E1BB812E2537.d.B64E234F97496DA805D79B3DF9368D95.e.6820/attribute/aria-checked - {}
COMMAND: GET /session/8ff87a328fcfa35ca82a4cc6375ae338/screenshot - {}
RESULT: {}
COMMAND: POST /session/8ff87a328fcfa35ca82a4cc6375ae338/element - {"using":"xpath","value":"//table[contains(@id, \"listView-innerSelectionPanelTable-listUl\")]/tbody/tr[19]/td[2]/div/div"}
RESULT: {}
RESULT: {"using":"xpath","value":"//table[contains(@id, \"listView-innerSelectionPanelTable-listUl\")]/tbody/tr[19]/td[2]/div/div"}
COMMAND: POST /session/8ff87a328fcfa35ca82a4cc6375ae338/element - {"using":"xpath","value":"//table[contains(@id, \"listView-innerSelectionPanelTable-listUl\")]/tbody/tr[19]/td[2]/div"}
RESULT: {"using":"xpath","value":"//table[contains(@id, \"listView-innerSelectionPanelTable-listUl\")]/tbody/tr[19]/td[2]/div"}
COMMAND: POST /session/8ff87a328fcfa35ca82a4cc6375ae338/element - {"using":"xpath","value":"//table[contains(@id, \"listView-innerSelectionPanelTable-listUl\")]/tbody/tr[19]/td[3]/div/div/span/span[1]/bdi"}
RESULT: {"using":"xpath","value":"//table[contains(@id, \"listView-innerSelectionPanelTable-listUl\")]/tbody/tr[19]/td[3]/div/div/span/span[1]/bdi"}
COMMAND: POST /session/8ff87a328fcfa35ca82a4cc6375ae338/execute/sync - {"script":"<script> [56 bytes]","args":[{"element-6066-11e4-a52e-4f735466cecf":"f.4AFCDA83F841BD0157C4E1BB812E2537.d.B64E234F97496DA805D79B3DF9368D95.e.6824","ELEMENT":"f.4AFCDA83F841BD0157C4E1BB812E2537.d.B64E234F97496DA805D79B3DF9368D95.e.6824"}]}
RESULT: {"script":"<script> [56 bytes]","args":[{"element-6066-11e4-a52e-4f735466cecf":"f.4AFCDA83F841BD0157C4E1BB812E2537.d.B64E234F97496DA805D79B3DF9368D95.e.6824","ELEMENT":"f.4AFCDA83F841BD0157C4E1BB812E2537.d.B64E234F97496DA805D79B3DF9368D95.e.6824"}]}
COMMAND: GET /session/8ff87a328fcfa35ca82a4cc6375ae338/element/f.4AFCDA83F841BD0157C4E1BB812E2537.d.B64E234F97496DA805D79B3DF9368D95.e.6823/attribute/aria-checked - {}
COMMAND: GET /session/8ff87a328fcfa35ca82a4cc6375ae338/screenshot - {}
RESULT: {}
COMMAND: POST /session/8ff87a328fcfa35ca82a4cc6375ae338/element - {"using":"xpath","value":"//table[contains(@id, \"listView-innerSelectionPanelTable-listUl\")]/tbody/tr[20]/td[2]/div/div"}
RESULT: {}
RESULT: {"using":"xpath","value":"//table[contains(@id, \"listView-innerSelectionPanelTable-listUl\")]/tbody/tr[20]/td[2]/div/div"}
COMMAND: POST /session/8ff87a328fcfa35ca82a4cc6375ae338/element - {"using":"xpath","value":"//table[contains(@id, \"listView-innerSelectionPanelTable-listUl\")]/tbody/tr[20]/td[2]/div"}
RESULT: {"using":"xpath","value":"//table[contains(@id, \"listView-innerSelectionPanelTable-listUl\")]/tbody/tr[20]/td[2]/div"}
COMMAND: POST /session/8ff87a328fcfa35ca82a4cc6375ae338/element - {"using":"xpath","value":"//table[contains(@id, \"listView-innerSelectionPanelTable-listUl\")]/tbody/tr[20]/td[3]/div/div/span/span[1]/bdi"}
RESULT: {"using":"xpath","value":"//table[contains(@id, \"listView-innerSelectionPanelTable-listUl\")]/tbody/tr[20]/td[3]/div/div/span/span[1]/bdi"}
COMMAND: POST /session/8ff87a328fcfa35ca82a4cc6375ae338/execute/sync - {"script":"<script> [56 bytes]","args":[{"element-6066-11e4-a52e-4f735466cecf":"f.4AFCDA83F841BD0157C4E1BB812E2537.d.B64E234F97496DA805D79B3DF9368D95.e.6827","ELEMENT":"f.4AFCDA83F841BD0157C4E1BB812E2537.d.B64E234F97496DA805D79B3DF9368D95.e.6827"}]}
RESULT: {"script":"<script> [56 bytes]","args":[{"element-6066-11e4-a52e-4f735466cecf":"f.4AFCDA83F841BD0157C4E1BB812E2537.d.B64E234F97496DA805D79B3DF9368D95.e.6827","ELEMENT":"f.4AFCDA83F841BD0157C4E1BB812E2537.d.B64E234F97496DA805D79B3DF9368D95.e.6827"}]}
COMMAND: GET /session/8ff87a328fcfa35ca82a4cc6375ae338/element/f.4AFCDA83F841BD0157C4E1BB812E2537.d.B64E234F97496DA805D79B3DF9368D95.e.6826/attribute/aria-checked - {}
COMMAND: GET /session/8ff87a328fcfa35ca82a4cc6375ae338/screenshot - {}
RESULT: {}
COMMAND: POST /session/8ff87a328fcfa35ca82a4cc6375ae338/element - {"using":"xpath","value":"//table[contains(@id, \"listView-innerSelectionPanelTable-listUl\")]/tbody/tr[21]/td[2]/div/div"}
RESULT: {}
RESULT: {"using":"xpath","value":"//table[contains(@id, \"listView-innerSelectionPanelTable-listUl\")]/tbody/tr[21]/td[2]/div/div"}
COMMAND: POST /session/8ff87a328fcfa35ca82a4cc6375ae338/element - {"using":"xpath","value":"//table[contains(@id, \"listView-innerSelectionPanelTable-listUl\")]/tbody/tr[21]/td[2]/div"}
RESULT: {"using":"xpath","value":"//table[contains(@id, \"listView-innerSelectionPanelTable-listUl\")]/tbody/tr[21]/td[2]/div"}
COMMAND: POST /session/8ff87a328fcfa35ca82a4cc6375ae338/element - {"using":"xpath","value":"//table[contains(@id, \"listView-innerSelectionPanelTable-listUl\")]/tbody/tr[21]/td[3]/div/div/span/span[1]/bdi"}
RESULT: {"using":"xpath","value":"//table[contains(@id, \"listView-innerSelectionPanelTable-listUl\")]/tbody/tr[21]/td[3]/div/div/span/span[1]/bdi"}
COMMAND: POST /session/8ff87a328fcfa35ca82a4cc6375ae338/execute/sync - {"script":"<script> [56 bytes]","args":[{"element-6066-11e4-a52e-4f735466cecf":"f.4AFCDA83F841BD0157C4E1BB812E2537.d.B64E234F97496DA805D79B3DF9368D95.e.6830","ELEMENT":"f.4AFCDA83F841BD0157C4E1BB812E2537.d.B64E234F97496DA805D79B3DF9368D95.e.6830"}]}
RESULT: {"script":"<script> [56 bytes]","args":[{"element-6066-11e4-a52e-4f735466cecf":"f.4AFCDA83F841BD0157C4E1BB812E2537.d.B64E234F97496DA805D79B3DF9368D95.e.6830","ELEMENT":"f.4AFCDA83F841BD0157C4E1BB812E2537.d.B64E234F97496DA805D79B3DF9368D95.e.6830"}]}
COMMAND: GET /session/8ff87a328fcfa35ca82a4cc6375ae338/element/f.4AFCDA83F841BD0157C4E1BB812E2537.d.B64E234F97496DA805D79B3DF9368D95.e.6829/attribute/aria-checked - {}
COMMAND: GET /session/8ff87a328fcfa35ca82a4cc6375ae338/screenshot - {}
RESULT: {}
COMMAND: POST /session/8ff87a328fcfa35ca82a4cc6375ae338/element - {"using":"xpath","value":"//table[contains(@id, \"listView-innerSelectionPanelTable-listUl\")]/tbody/tr[22]/td[2]/div/div"}
RESULT: {}
RESULT: {"using":"xpath","value":"//table[contains(@id, \"listView-innerSelectionPanelTable-listUl\")]/tbody/tr[22]/td[2]/div/div"}
COMMAND: POST /session/8ff87a328fcfa35ca82a4cc6375ae338/element - {"using":"xpath","value":"//table[contains(@id, \"listView-innerSelectionPanelTable-listUl\")]/tbody/tr[22]/td[2]/div"}
RESULT: {"using":"xpath","value":"//table[contains(@id, \"listView-innerSelectionPanelTable-listUl\")]/tbody/tr[22]/td[2]/div"}
COMMAND: POST /session/8ff87a328fcfa35ca82a4cc6375ae338/element - {"using":"xpath","value":"//table[contains(@id, \"listView-innerSelectionPanelTable-listUl\")]/tbody/tr[22]/td[3]/div/div/span/span[1]/bdi"}
RESULT: {"using":"xpath","value":"//table[contains(@id, \"listView-innerSelectionPanelTable-listUl\")]/tbody/tr[22]/td[3]/div/div/span/span[1]/bdi"}
COMMAND: POST /session/8ff87a328fcfa35ca82a4cc6375ae338/execute/sync - {"script":"<script> [56 bytes]","args":[{"element-6066-11e4-a52e-4f735466cecf":"f.4AFCDA83F841BD0157C4E1BB812E2537.d.B64E234F97496DA805D79B3DF9368D95.e.6833","ELEMENT":"f.4AFCDA83F841BD0157C4E1BB812E2537.d.B64E234F97496DA805D79B3DF9368D95.e.6833"}]}
RESULT: {"script":"<script> [56 bytes]","args":[{"element-6066-11e4-a52e-4f735466cecf":"f.4AFCDA83F841BD0157C4E1BB812E2537.d.B64E234F97496DA805D79B3DF9368D95.e.6833","ELEMENT":"f.4AFCDA83F841BD0157C4E1BB812E2537.d.B64E234F97496DA805D79B3DF9368D95.e.6833"}]}
COMMAND: GET /session/8ff87a328fcfa35ca82a4cc6375ae338/element/f.4AFCDA83F841BD0157C4E1BB812E2537.d.B64E234F97496DA805D79B3DF9368D95.e.6832/attribute/aria-checked - {}
COMMAND: GET /session/8ff87a328fcfa35ca82a4cc6375ae338/screenshot - {}
RESULT: {}
COMMAND: POST /session/8ff87a328fcfa35ca82a4cc6375ae338/element - {"using":"xpath","value":"//table[contains(@id, \"listView-innerSelectionPanelTable-listUl\")]/tbody/tr[23]/td[2]/div/div"}
RESULT: {}
RESULT: {"using":"xpath","value":"//table[contains(@id, \"listView-innerSelectionPanelTable-listUl\")]/tbody/tr[23]/td[2]/div/div"}
COMMAND: POST /session/8ff87a328fcfa35ca82a4cc6375ae338/element - {"using":"xpath","value":"//table[contains(@id, \"listView-innerSelectionPanelTable-listUl\")]/tbody/tr[23]/td[2]/div"}
RESULT: {"using":"xpath","value":"//table[contains(@id, \"listView-innerSelectionPanelTable-listUl\")]/tbody/tr[23]/td[2]/div"}
COMMAND: POST /session/8ff87a328fcfa35ca82a4cc6375ae338/element - {"using":"xpath","value":"//table[contains(@id, \"listView-innerSelectionPanelTable-listUl\")]/tbody/tr[23]/td[3]/div/div/span/span[1]/bdi"}
RESULT: {"using":"xpath","value":"//table[contains(@id, \"listView-innerSelectionPanelTable-listUl\")]/tbody/tr[23]/td[3]/div/div/span/span[1]/bdi"}
COMMAND: POST /session/8ff87a328fcfa35ca82a4cc6375ae338/execute/sync - {"script":"<script> [56 bytes]","args":[{"element-6066-11e4-a52e-4f735466cecf":"f.4AFCDA83F841BD0157C4E1BB812E2537.d.B64E234F97496DA805D79B3DF9368D95.e.6836","ELEMENT":"f.4AFCDA83F841BD0157C4E1BB812E2537.d.B64E234F97496DA805D79B3DF9368D95.e.6836"}]}
RESULT: {"script":"<script> [56 bytes]","args":[{"element-6066-11e4-a52e-4f735466cecf":"f.4AFCDA83F841BD0157C4E1BB812E2537.d.B64E234F97496DA805D79B3DF9368D95.e.6836","ELEMENT":"f.4AFCDA83F841BD0157C4E1BB812E2537.d.B64E234F97496DA805D79B3DF9368D95.e.6836"}]}
COMMAND: GET /session/8ff87a328fcfa35ca82a4cc6375ae338/element/f.4AFCDA83F841BD0157C4E1BB812E2537.d.B64E234F97496DA805D79B3DF9368D95.e.6835/attribute/aria-checked - {}
COMMAND: GET /session/8ff87a328fcfa35ca82a4cc6375ae338/screenshot - {}
RESULT: {}
COMMAND: POST /session/8ff87a328fcfa35ca82a4cc6375ae338/element - {"using":"xpath","value":"//table[contains(@id, \"listView-innerSelectionPanelTable-listUl\")]/tbody/tr[24]/td[2]/div/div"}
RESULT: {}
RESULT: {"using":"xpath","value":"//table[contains(@id, \"listView-innerSelectionPanelTable-listUl\")]/tbody/tr[24]/td[2]/div/div"}
COMMAND: POST /session/8ff87a328fcfa35ca82a4cc6375ae338/element - {"using":"xpath","value":"//table[contains(@id, \"listView-innerSelectionPanelTable-listUl\")]/tbody/tr[24]/td[2]/div"}
RESULT: {"using":"xpath","value":"//table[contains(@id, \"listView-innerSelectionPanelTable-listUl\")]/tbody/tr[24]/td[2]/div"}
COMMAND: POST /session/8ff87a328fcfa35ca82a4cc6375ae338/element - {"using":"xpath","value":"//table[contains(@id, \"listView-innerSelectionPanelTable-listUl\")]/tbody/tr[24]/td[3]/div/div/span/span[1]/bdi"}
RESULT: {"using":"xpath","value":"//table[contains(@id, \"listView-innerSelectionPanelTable-listUl\")]/tbody/tr[24]/td[3]/div/div/span/span[1]/bdi"}
COMMAND: POST /session/8ff87a328fcfa35ca82a4cc6375ae338/execute/sync - {"script":"<script> [56 bytes]","args":[{"element-6066-11e4-a52e-4f735466cecf":"f.4AFCDA83F841BD0157C4E1BB812E2537.d.B64E234F97496DA805D79B3DF9368D95.e.6839","ELEMENT":"f.4AFCDA83F841BD0157C4E1BB812E2537.d.B64E234F97496DA805D79B3DF9368D95.e.6839"}]}
RESULT: {"script":"<script> [56 bytes]","args":[{"element-6066-11e4-a52e-4f735466cecf":"f.4AFCDA83F841BD0157C4E1BB812E2537.d.B64E234F97496DA805D79B3DF9368D95.e.6839","ELEMENT":"f.4AFCDA83F841BD0157C4E1BB812E2537.d.B64E234F97496DA805D79B3DF9368D95.e.6839"}]}
COMMAND: GET /session/8ff87a328fcfa35ca82a4cc6375ae338/element/f.4AFCDA83F841BD0157C4E1BB812E2537.d.B64E234F97496DA805D79B3DF9368D95.e.6838/attribute/aria-checked - {}
COMMAND: GET /session/8ff87a328fcfa35ca82a4cc6375ae338/screenshot - {}
RESULT: {}
COMMAND: POST /session/8ff87a328fcfa35ca82a4cc6375ae338/element - {"using":"xpath","value":"//table[contains(@id, \"listView-innerSelectionPanelTable-listUl\")]/tbody/tr[25]/td[2]/div/div"}
RESULT: {}
RESULT: {"using":"xpath","value":"//table[contains(@id, \"listView-innerSelectionPanelTable-listUl\")]/tbody/tr[25]/td[2]/div/div"}
COMMAND: POST /session/8ff87a328fcfa35ca82a4cc6375ae338/element - {"using":"xpath","value":"//table[contains(@id, \"listView-innerSelectionPanelTable-listUl\")]/tbody/tr[25]/td[2]/div"}
RESULT: {"using":"xpath","value":"//table[contains(@id, \"listView-innerSelectionPanelTable-listUl\")]/tbody/tr[25]/td[2]/div"}
COMMAND: POST /session/8ff87a328fcfa35ca82a4cc6375ae338/element - {"using":"xpath","value":"//table[contains(@id, \"listView-innerSelectionPanelTable-listUl\")]/tbody/tr[25]/td[3]/div/div/span/span[1]/bdi"}
RESULT: {"using":"xpath","value":"//table[contains(@id, \"listView-innerSelectionPanelTable-listUl\")]/tbody/tr[25]/td[3]/div/div/span/span[1]/bdi"}
COMMAND: POST /session/8ff87a328fcfa35ca82a4cc6375ae338/execute/sync - {"script":"<script> [56 bytes]","args":[{"element-6066-11e4-a52e-4f735466cecf":"f.4AFCDA83F841BD0157C4E1BB812E2537.d.B64E234F97496DA805D79B3DF9368D95.e.6842","ELEMENT":"f.4AFCDA83F841BD0157C4E1BB812E2537.d.B64E234F97496DA805D79B3DF9368D95.e.6842"}]}
RESULT: {"script":"<script> [56 bytes]","args":[{"element-6066-11e4-a52e-4f735466cecf":"f.4AFCDA83F841BD0157C4E1BB812E2537.d.B64E234F97496DA805D79B3DF9368D95.e.6842","ELEMENT":"f.4AFCDA83F841BD0157C4E1BB812E2537.d.B64E234F97496DA805D79B3DF9368D95.e.6842"}]}
COMMAND: GET /session/8ff87a328fcfa35ca82a4cc6375ae338/element/f.4AFCDA83F841BD0157C4E1BB812E2537.d.B64E234F97496DA805D79B3DF9368D95.e.6841/attribute/aria-checked - {}
COMMAND: GET /session/8ff87a328fcfa35ca82a4cc6375ae338/screenshot - {}
RESULT: {}
COMMAND: POST /session/8ff87a328fcfa35ca82a4cc6375ae338/element - {"using":"xpath","value":"//bdi[contains(text(), \"OK\")]"}
RESULT: {}
RESULT: {"using":"xpath","value":"//bdi[contains(text(), \"OK\")]"}
COMMAND: POST /session/8ff87a328fcfa35ca82a4cc6375ae338/element/f.4AFCDA83F841BD0157C4E1BB812E2537.d.B64E234F97496DA805D79B3DF9368D95.e.6843/click - {}
RESULT: {}
COMMAND: GET /session/8ff87a328fcfa35ca82a4cc6375ae338/screenshot - {}
RESULT: {}
COMMAND: POST /session/8ff87a328fcfa35ca82a4cc6375ae338/execute/async - {"script":"<script> [1562 bytes]","args":[{"selector":{"id":"application-managepartners-display-component---masterPtm--smartFilterBar-filterItemControlA_-LINK_TO_ADDRESSES_MAIN.CITY1-vhi"},"wdio_ui5_key":"applicationmanagepartners-display-component---masterPtm--smartFilterBar-filterItemControlA_-LINK_TO_ADDRESSES_MAIN.CITY1-vhi"}]}
RESULT: {"script":"<script> [1562 bytes]","args":[{"selector":{"id":"application-managepartners-display-component---masterPtm--smartFilterBar-filterItemControlA_-LINK_TO_ADDRESSES_MAIN.CITY1-vhi"},"wdio_ui5_key":"applicationmanagepartners-display-component---masterPtm--smartFilterBar-filterItemControlA_-LINK_TO_ADDRESSES_MAIN.CITY1-vhi"}]}
RESULT: undefined
COMMAND: POST /session/8ff87a328fcfa35ca82a4cc6375ae338/element - {"using":"xpath","value":"//*[@id=\"application-managepartners-display-component---masterPtm--smartFilterBar-filterItemControlA_-LINK_TO_ADDRESSES_MAIN.CITY1-vhi\"]"}
RESULT: {"using":"xpath","value":"//*[@id=\"application-managepartners-display-component---masterPtm--smartFilterBar-filterItemControlA_-LINK_TO_ADDRESSES_MAIN.CITY1-vhi\"]"}
COMMAND: POST /session/8ff87a328fcfa35ca82a4cc6375ae338/element/f.4AFCDA83F841BD0157C4E1BB812E2537.d.B64E234F97496DA805D79B3DF9368D95.e.6857/click - {}
RESULT: {}
COMMAND: GET /session/8ff87a328fcfa35ca82a4cc6375ae338/screenshot - {}
RESULT: {}
COMMAND: POST /session/8ff87a328fcfa35ca82a4cc6375ae338/execute/async - {"script":"<script> [1562 bytes]","args":[{"selector":{"controlType":"sap.m.Input","viewName":"etm.portal.ui.managepartners.view.Master","viewId":"application-managepartners-display-component---masterPtm","properties":{"valueState":"None"},"searchOpenDialogs":true,"interaction":{"idSuffix":"inner"}},"wdio_ui5_key":"etmportal.ui.managepartners.view.Mastersap.m.Input{\"valueState\":\"None\"}"}]}
RESULT: {"script":"<script> [1562 bytes]","args":[{"selector":{"controlType":"sap.m.Input","viewName":"etm.portal.ui.managepartners.view.Master","viewId":"application-managepartners-display-component---masterPtm","properties":{"valueState":"None"},"searchOpenDialogs":true,"interaction":{"idSuffix":"inner"}},"wdio_ui5_key":"etmportal.ui.managepartners.view.Mastersap.m.Input{\"valueState\":\"None\"}"}]}
RESULT: undefined
COMMAND: POST /session/8ff87a328fcfa35ca82a4cc6375ae338/execute/async - {"script":"<script> [776 bytes]","args":[{"enterText":"Bangalore","selector":{"controlType":"sap.m.Input","viewName":"etm.portal.ui.managepartners.view.Master","viewId":"application-managepartners-display-component---masterPtm","properties":{"valueState":"None"},"searchOpenDialogs":true,"interaction":{"idSuffix":"inner"}},"clearTextFirst":true,"interactionType":"ENTER_TEXT"}]}
RESULT: {"script":"<script> [776 bytes]","args":[{"enterText":"Bangalore","selector":{"controlType":"sap.m.Input","viewName":"etm.portal.ui.managepartners.view.Master","viewId":"application-managepartners-display-component---masterPtm","properties":{"valueState":"None"},"searchOpenDialogs":true,"interaction":{"idSuffix":"inner"}},"clearTextFirst":true,"interactionType":"ENTER_TEXT"}]}
COMMAND: POST /session/8ff87a328fcfa35ca82a4cc6375ae338/actions - {"actions":[{"id":"action20","type":"key","parameters":{},"actions":[{"type":"keyDown","value":"î€‡"},{"type":"pause","duration":10},{"type":"keyUp","value":"î€‡"}]}]}
RESULT: {"actions":[{"id":"action20","type":"key","parameters":{},"actions":[{"type":"keyDown","value":"î€‡"},{"type":"pause","duration":10},{"type":"keyUp","value":"î€‡"}]}]}
COMMAND: GET /session/8ff87a328fcfa35ca82a4cc6375ae338/screenshot - {}
RESULT: {}
COMMAND: POST /session/8ff87a328fcfa35ca82a4cc6375ae338/element - {"using":"xpath","value":"(//bdi[contains(text(), \"OK\")])[1]"}
RESULT: {"using":"xpath","value":"(//bdi[contains(text(), \"OK\")])[1]"}
COMMAND: POST /session/8ff87a328fcfa35ca82a4cc6375ae338/element/f.4AFCDA83F841BD0157C4E1BB812E2537.d.B64E234F97496DA805D79B3DF9368D95.e.6863/click - {}
RESULT: {}
COMMAND: GET /session/8ff87a328fcfa35ca82a4cc6375ae338/screenshot - {}
RESULT: {}
COMMAND: POST /session/8ff87a328fcfa35ca82a4cc6375ae338/element - {"using":"xpath","value":"//span[@id=\"application-managepartners-display-component---masterPtm--smartTable-header-inner\"]"}
RESULT: {"using":"xpath","value":"//span[@id=\"application-managepartners-display-component---masterPtm--smartTable-header-inner\"]"}
COMMAND: POST /session/8ff87a328fcfa35ca82a4cc6375ae338/elements - {"using":"xpath","value":"//span[@id=\"application-managepartners-display-component---masterPtm--smartTable-header-inner\"]"}
RESULT: {"using":"xpath","value":"//span[@id=\"application-managepartners-display-component---masterPtm--smartTable-header-inner\"]"}
COMMAND: POST /session/8ff87a328fcfa35ca82a4cc6375ae338/execute/sync - {"script":"<script> [56 bytes]","args":[{"element-6066-11e4-a52e-4f735466cecf":"f.4AFCDA83F841BD0157C4E1BB812E2537.d.B64E234F97496DA805D79B3DF9368D95.e.5920","ELEMENT":"f.4AFCDA83F841BD0157C4E1BB812E2537.d.B64E234F97496DA805D79B3DF9368D95.e.5920"}]}
RESULT: {"script":"<script> [56 bytes]","args":[{"element-6066-11e4-a52e-4f735466cecf":"f.4AFCDA83F841BD0157C4E1BB812E2537.d.B64E234F97496DA805D79B3DF9368D95.e.5920","ELEMENT":"f.4AFCDA83F841BD0157C4E1BB812E2537.d.B64E234F97496DA805D79B3DF9368D95.e.5920"}]}
COMMAND: POST /session/8ff87a328fcfa35ca82a4cc6375ae338/element - {"using":"xpath","value":"//span[contains(@title, \"Remove\")]"}
COMMAND: GET /session/8ff87a328fcfa35ca82a4cc6375ae338/screenshot - {}
RESULT: {}
RESULT: {"using":"xpath","value":"//span[contains(@title, \"Remove\")]"}
COMMAND: POST /session/8ff87a328fcfa35ca82a4cc6375ae338/element/f.4AFCDA83F841BD0157C4E1BB812E2537.d.B64E234F97496DA805D79B3DF9368D95.e.6940/click - {}
RESULT: {}
COMMAND: GET /session/8ff87a328fcfa35ca82a4cc6375ae338/screenshot - {}
RESULT: {}
COMMAND: POST /session/8ff87a328fcfa35ca82a4cc6375ae338/element - {"using":"xpath","value":"//span[@id=\"application-managepartners-display-component---masterPtm--smartTable-header-inner\"]"}
RESULT: {"using":"xpath","value":"//span[@id=\"application-managepartners-display-component---masterPtm--smartTable-header-inner\"]"}
COMMAND: POST /session/8ff87a328fcfa35ca82a4cc6375ae338/elements - {"using":"xpath","value":"//span[@id=\"application-managepartners-display-component---masterPtm--smartTable-header-inner\"]"}
RESULT: {"using":"xpath","value":"//span[@id=\"application-managepartners-display-component---masterPtm--smartTable-header-inner\"]"}
COMMAND: POST /session/8ff87a328fcfa35ca82a4cc6375ae338/execute/sync - {"script":"<script> [56 bytes]","args":[{"element-6066-11e4-a52e-4f735466cecf":"f.4AFCDA83F841BD0157C4E1BB812E2537.d.B64E234F97496DA805D79B3DF9368D95.e.5920","ELEMENT":"f.4AFCDA83F841BD0157C4E1BB812E2537.d.B64E234F97496DA805D79B3DF9368D95.e.5920"}]}
RESULT: {"script":"<script> [56 bytes]","args":[{"element-6066-11e4-a52e-4f735466cecf":"f.4AFCDA83F841BD0157C4E1BB812E2537.d.B64E234F97496DA805D79B3DF9368D95.e.5920","ELEMENT":"f.4AFCDA83F841BD0157C4E1BB812E2537.d.B64E234F97496DA805D79B3DF9368D95.e.5920"}]}
COMMAND: POST /session/8ff87a328fcfa35ca82a4cc6375ae338/element - {"using":"css selector","value":"#shell-header-logo"}
COMMAND: GET /session/8ff87a328fcfa35ca82a4cc6375ae338/screenshot - {}
RESULT: {"using":"css selector","value":"#shell-header-logo"}
COMMAND: POST /session/8ff87a328fcfa35ca82a4cc6375ae338/element/f.4AFCDA83F841BD0157C4E1BB812E2537.d.B64E234F97496DA805D79B3DF9368D95.e.5751/click - {}
RESULT: {}
RESULT: {}
COMMAND: GET /session/8ff87a328fcfa35ca82a4cc6375ae338/screenshot - {}
RESULT: {}
]]></system-out>
    </testcase>
    <testcase classname="chrome.135_0_7049_96.windows.Partner_specific_tests_US150819_US151080_US151654_US151176_US103444_US151078_US151079_US151109_US151174_US151175_US151189" name="Should try to save empty partner US151174" time="50.908">
      <system-out><![CDATA[
COMMAND: POST /session/8ff87a328fcfa35ca82a4cc6375ae338/element - {"using":"xpath","value":"//li[.//span[text()=\"Manage Partners\"]]"}
RESULT: {"using":"xpath","value":"//li[.//span[text()=\"Manage Partners\"]]"}
COMMAND: POST /session/8ff87a328fcfa35ca82a4cc6375ae338/element - {"using":"xpath","value":"//li[.//span[text()=\"Manage Partners\"]]"}
RESULT: {"using":"xpath","value":"//li[.//span[text()=\"Manage Partners\"]]"}
COMMAND: POST /session/8ff87a328fcfa35ca82a4cc6375ae338/element - {"using":"css selector","value":"#shell-header-logo"}
RESULT: {"using":"css selector","value":"#shell-header-logo"}
COMMAND: POST /session/8ff87a328fcfa35ca82a4cc6375ae338/element/f.4AFCDA83F841BD0157C4E1BB812E2537.d.B64E234F97496DA805D79B3DF9368D95.e.7037/click - {}
COMMAND: POST /session/8ff87a328fcfa35ca82a4cc6375ae338/execute/sync - {"script":"<script> [8489 bytes]","args":[{"element-6066-11e4-a52e-4f735466cecf":"f.4AFCDA83F841BD0157C4E1BB812E2537.d.B64E234F97496DA805D79B3DF9368D95.e.7037","ELEMENT":"f.4AFCDA83F841BD0157C4E1BB812E2537.d.B64E234F97496DA805D79B3DF9368D95.e.7037"}]}
RESULT: {}
COMMAND: GET /session/8ff87a328fcfa35ca82a4cc6375ae338/screenshot - {}
RESULT: {"script":"<script> [8489 bytes]","args":[{"element-6066-11e4-a52e-4f735466cecf":"f.4AFCDA83F841BD0157C4E1BB812E2537.d.B64E234F97496DA805D79B3DF9368D95.e.7037","ELEMENT":"f.4AFCDA83F841BD0157C4E1BB812E2537.d.B64E234F97496DA805D79B3DF9368D95.e.7037"}]}
COMMAND: POST /session/8ff87a328fcfa35ca82a4cc6375ae338/execute/sync - {"script":"<script> [5351 bytes]","args":[{"element-6066-11e4-a52e-4f735466cecf":"f.4AFCDA83F841BD0157C4E1BB812E2537.d.B64E234F97496DA805D79B3DF9368D95.e.7037","ELEMENT":"f.4AFCDA83F841BD0157C4E1BB812E2537.d.B64E234F97496DA805D79B3DF9368D95.e.7037"}]}
COMMAND: GET /session/8ff87a328fcfa35ca82a4cc6375ae338/screenshot - {}
RESULT: {}
RESULT: {"script":"<script> [5351 bytes]","args":[{"element-6066-11e4-a52e-4f735466cecf":"f.4AFCDA83F841BD0157C4E1BB812E2537.d.B64E234F97496DA805D79B3DF9368D95.e.7037","ELEMENT":"f.4AFCDA83F841BD0157C4E1BB812E2537.d.B64E234F97496DA805D79B3DF9368D95.e.7037"}]}
COMMAND: GET /session/8ff87a328fcfa35ca82a4cc6375ae338/screenshot - {}
RESULT: {}
RESULT: {}
RESULT: undefined
COMMAND: POST /session/8ff87a328fcfa35ca82a4cc6375ae338/element - {"using":"xpath","value":"//*[@id=\"__tile30\"]"}
RESULT: {"using":"xpath","value":"//*[@id=\"__tile30\"]"}
COMMAND: POST /session/8ff87a328fcfa35ca82a4cc6375ae338/element/f.4AFCDA83F841BD0157C4E1BB812E2537.d.B64E234F97496DA805D79B3DF9368D95.e.4446/click - {}
RESULT: {}
COMMAND: POST /session/8ff87a328fcfa35ca82a4cc6375ae338/element - {"using":"xpath","value":"//button[@data-kt=\"addButton\"]"}
COMMAND: GET /session/8ff87a328fcfa35ca82a4cc6375ae338/screenshot - {}
RESULT: {"using":"xpath","value":"//button[@data-kt=\"addButton\"]"}
COMMAND: POST /session/8ff87a328fcfa35ca82a4cc6375ae338/elements - {"using":"xpath","value":"//button[@data-kt=\"addButton\"]"}
RESULT: {}
RESULT: {"using":"xpath","value":"//button[@data-kt=\"addButton\"]"}
COMMAND: POST /session/8ff87a328fcfa35ca82a4cc6375ae338/element - {"using":"xpath","value":"//button[@data-kt=\"addButton\"]"}
RESULT: {"using":"xpath","value":"//button[@data-kt=\"addButton\"]"}
COMMAND: POST /session/8ff87a328fcfa35ca82a4cc6375ae338/execute/sync - {"script":"<script> [8489 bytes]","args":[{"element-6066-11e4-a52e-4f735466cecf":"f.4AFCDA83F841BD0157C4E1BB812E2537.d.B64E234F97496DA805D79B3DF9368D95.e.7083","ELEMENT":"f.4AFCDA83F841BD0157C4E1BB812E2537.d.B64E234F97496DA805D79B3DF9368D95.e.7083"}]}
RESULT: {"script":"<script> [8489 bytes]","args":[{"element-6066-11e4-a52e-4f735466cecf":"f.4AFCDA83F841BD0157C4E1BB812E2537.d.B64E234F97496DA805D79B3DF9368D95.e.7083","ELEMENT":"f.4AFCDA83F841BD0157C4E1BB812E2537.d.B64E234F97496DA805D79B3DF9368D95.e.7083"}]}
COMMAND: GET /session/8ff87a328fcfa35ca82a4cc6375ae338/element/f.4AFCDA83F841BD0157C4E1BB812E2537.d.B64E234F97496DA805D79B3DF9368D95.e.7083/enabled - {}
COMMAND: GET /session/8ff87a328fcfa35ca82a4cc6375ae338/screenshot - {}
RESULT: {}
COMMAND: POST /session/8ff87a328fcfa35ca82a4cc6375ae338/execute/sync - {"script":"<script> [8489 bytes]","args":[{"element-6066-11e4-a52e-4f735466cecf":"f.4AFCDA83F841BD0157C4E1BB812E2537.d.B64E234F97496DA805D79B3DF9368D95.e.7083","ELEMENT":"f.4AFCDA83F841BD0157C4E1BB812E2537.d.B64E234F97496DA805D79B3DF9368D95.e.7083"}]}
COMMAND: GET /session/8ff87a328fcfa35ca82a4cc6375ae338/screenshot - {}
RESULT: {}
RESULT: {"script":"<script> [8489 bytes]","args":[{"element-6066-11e4-a52e-4f735466cecf":"f.4AFCDA83F841BD0157C4E1BB812E2537.d.B64E234F97496DA805D79B3DF9368D95.e.7083","ELEMENT":"f.4AFCDA83F841BD0157C4E1BB812E2537.d.B64E234F97496DA805D79B3DF9368D95.e.7083"}]}
COMMAND: POST /session/8ff87a328fcfa35ca82a4cc6375ae338/execute/sync - {"script":"<script> [5351 bytes]","args":[{"element-6066-11e4-a52e-4f735466cecf":"f.4AFCDA83F841BD0157C4E1BB812E2537.d.B64E234F97496DA805D79B3DF9368D95.e.7083","ELEMENT":"f.4AFCDA83F841BD0157C4E1BB812E2537.d.B64E234F97496DA805D79B3DF9368D95.e.7083"}]}
COMMAND: GET /session/8ff87a328fcfa35ca82a4cc6375ae338/screenshot - {}
RESULT: {}
RESULT: {"script":"<script> [5351 bytes]","args":[{"element-6066-11e4-a52e-4f735466cecf":"f.4AFCDA83F841BD0157C4E1BB812E2537.d.B64E234F97496DA805D79B3DF9368D95.e.7083","ELEMENT":"f.4AFCDA83F841BD0157C4E1BB812E2537.d.B64E234F97496DA805D79B3DF9368D95.e.7083"}]}
COMMAND: POST /session/8ff87a328fcfa35ca82a4cc6375ae338/element/f.4AFCDA83F841BD0157C4E1BB812E2537.d.B64E234F97496DA805D79B3DF9368D95.e.7083/click - {}
COMMAND: GET /session/8ff87a328fcfa35ca82a4cc6375ae338/screenshot - {}
RESULT: {}
RESULT: {}
COMMAND: GET /session/8ff87a328fcfa35ca82a4cc6375ae338/screenshot - {}
RESULT: {}
RESULT: {}
COMMAND: POST /session/8ff87a328fcfa35ca82a4cc6375ae338/element - {"using":"xpath","value":"//button[@data-kt=\"saveButton\"]"}
RESULT: {"using":"xpath","value":"//button[@data-kt=\"saveButton\"]"}
COMMAND: POST /session/8ff87a328fcfa35ca82a4cc6375ae338/element/f.4AFCDA83F841BD0157C4E1BB812E2537.d.B64E234F97496DA805D79B3DF9368D95.e.7507/click - {}
RESULT: {}
COMMAND: GET /session/8ff87a328fcfa35ca82a4cc6375ae338/screenshot - {}
RESULT: {}
COMMAND: POST /session/8ff87a328fcfa35ca82a4cc6375ae338/element - {"using":"xpath","value":"//span[contains(@class, \"sapMMsgBoxText\")]"}
RESULT: {"using":"xpath","value":"//span[contains(@class, \"sapMMsgBoxText\")]"}
COMMAND: POST /session/8ff87a328fcfa35ca82a4cc6375ae338/execute/sync - {"script":"<script> [56 bytes]","args":[{"element-6066-11e4-a52e-4f735466cecf":"f.4AFCDA83F841BD0157C4E1BB812E2537.d.B64E234F97496DA805D79B3DF9368D95.e.7522","ELEMENT":"f.4AFCDA83F841BD0157C4E1BB812E2537.d.B64E234F97496DA805D79B3DF9368D95.e.7522"}]}
RESULT: {"script":"<script> [56 bytes]","args":[{"element-6066-11e4-a52e-4f735466cecf":"f.4AFCDA83F841BD0157C4E1BB812E2537.d.B64E234F97496DA805D79B3DF9368D95.e.7522","ELEMENT":"f.4AFCDA83F841BD0157C4E1BB812E2537.d.B64E234F97496DA805D79B3DF9368D95.e.7522"}]}
COMMAND: POST /session/8ff87a328fcfa35ca82a4cc6375ae338/element - {"using":"xpath","value":"(//bdi[contains(text(), \"Close\")])[1]"}
COMMAND: POST /session/8ff87a328fcfa35ca82a4cc6375ae338/elements - {"using":"xpath","value":"//span[contains(@class, \"sapMMsgBoxText\")]"}
COMMAND: GET /session/8ff87a328fcfa35ca82a4cc6375ae338/screenshot - {}
RESULT: {"using":"xpath","value":"(//bdi[contains(text(), \"Close\")])[1]"}
COMMAND: POST /session/8ff87a328fcfa35ca82a4cc6375ae338/element/f.4AFCDA83F841BD0157C4E1BB812E2537.d.B64E234F97496DA805D79B3DF9368D95.e.7523/click - {}
RESULT: {"using":"xpath","value":"//span[contains(@class, \"sapMMsgBoxText\")]"}
RESULT: {}
RESULT: {}
COMMAND: GET /session/8ff87a328fcfa35ca82a4cc6375ae338/screenshot - {}
RESULT: {}
COMMAND: POST /session/8ff87a328fcfa35ca82a4cc6375ae338/element - {"using":"css selector","value":"#shell-header-logo"}
RESULT: {"using":"css selector","value":"#shell-header-logo"}
COMMAND: POST /session/8ff87a328fcfa35ca82a4cc6375ae338/element/f.4AFCDA83F841BD0157C4E1BB812E2537.d.B64E234F97496DA805D79B3DF9368D95.e.7037/click - {}
RESULT: {}
COMMAND: GET /session/8ff87a328fcfa35ca82a4cc6375ae338/screenshot - {}
RESULT: {}
]]></system-out>
    </testcase>
    <testcase classname="chrome.135_0_7049_96.windows.Partner_specific_tests_US150819_US151080_US151654_US151176_US103444_US151078_US151079_US151109_US151174_US151175_US151189" name="Should do various searches US151175" time="158.091">
      <system-out><![CDATA[
COMMAND: POST /session/8ff87a328fcfa35ca82a4cc6375ae338/element - {"using":"xpath","value":"//li[.//span[text()=\"Manage Partners\"]]"}
RESULT: {"using":"xpath","value":"//li[.//span[text()=\"Manage Partners\"]]"}
COMMAND: POST /session/8ff87a328fcfa35ca82a4cc6375ae338/element - {"using":"xpath","value":"//li[.//span[text()=\"Manage Partners\"]]"}
RESULT: {"using":"xpath","value":"//li[.//span[text()=\"Manage Partners\"]]"}
COMMAND: POST /session/8ff87a328fcfa35ca82a4cc6375ae338/element - {"using":"css selector","value":"#shell-header-logo"}
RESULT: {"using":"css selector","value":"#shell-header-logo"}
COMMAND: POST /session/8ff87a328fcfa35ca82a4cc6375ae338/element/f.4AFCDA83F841BD0157C4E1BB812E2537.d.B64E234F97496DA805D79B3DF9368D95.e.7525/click - {}
COMMAND: POST /session/8ff87a328fcfa35ca82a4cc6375ae338/execute/sync - {"script":"<script> [8489 bytes]","args":[{"element-6066-11e4-a52e-4f735466cecf":"f.4AFCDA83F841BD0157C4E1BB812E2537.d.B64E234F97496DA805D79B3DF9368D95.e.7525","ELEMENT":"f.4AFCDA83F841BD0157C4E1BB812E2537.d.B64E234F97496DA805D79B3DF9368D95.e.7525"}]}
RESULT: {}
RESULT: {"script":"<script> [8489 bytes]","args":[{"element-6066-11e4-a52e-4f735466cecf":"f.4AFCDA83F841BD0157C4E1BB812E2537.d.B64E234F97496DA805D79B3DF9368D95.e.7525","ELEMENT":"f.4AFCDA83F841BD0157C4E1BB812E2537.d.B64E234F97496DA805D79B3DF9368D95.e.7525"}]}
COMMAND: POST /session/8ff87a328fcfa35ca82a4cc6375ae338/execute/sync - {"script":"<script> [5351 bytes]","args":[{"element-6066-11e4-a52e-4f735466cecf":"f.4AFCDA83F841BD0157C4E1BB812E2537.d.B64E234F97496DA805D79B3DF9368D95.e.7525","ELEMENT":"f.4AFCDA83F841BD0157C4E1BB812E2537.d.B64E234F97496DA805D79B3DF9368D95.e.7525"}]}
COMMAND: GET /session/8ff87a328fcfa35ca82a4cc6375ae338/screenshot - {}
COMMAND: GET /session/8ff87a328fcfa35ca82a4cc6375ae338/screenshot - {}
RESULT: {"script":"<script> [5351 bytes]","args":[{"element-6066-11e4-a52e-4f735466cecf":"f.4AFCDA83F841BD0157C4E1BB812E2537.d.B64E234F97496DA805D79B3DF9368D95.e.7525","ELEMENT":"f.4AFCDA83F841BD0157C4E1BB812E2537.d.B64E234F97496DA805D79B3DF9368D95.e.7525"}]}
COMMAND: GET /session/8ff87a328fcfa35ca82a4cc6375ae338/screenshot - {}
RESULT: {}
RESULT: {}
RESULT: {}
RESULT: undefined
COMMAND: POST /session/8ff87a328fcfa35ca82a4cc6375ae338/element - {"using":"xpath","value":"//*[@id=\"__tile30\"]"}
RESULT: {"using":"xpath","value":"//*[@id=\"__tile30\"]"}
COMMAND: POST /session/8ff87a328fcfa35ca82a4cc6375ae338/element/f.4AFCDA83F841BD0157C4E1BB812E2537.d.B64E234F97496DA805D79B3DF9368D95.e.4446/click - {}
RESULT: {}
COMMAND: POST /session/8ff87a328fcfa35ca82a4cc6375ae338/element - {"using":"xpath","value":"//button[@data-kt=\"addButton\"]"}
COMMAND: GET /session/8ff87a328fcfa35ca82a4cc6375ae338/screenshot - {}
RESULT: {"using":"xpath","value":"//button[@data-kt=\"addButton\"]"}
COMMAND: POST /session/8ff87a328fcfa35ca82a4cc6375ae338/elements - {"using":"xpath","value":"//button[@data-kt=\"addButton\"]"}
RESULT: {}
RESULT: {"using":"xpath","value":"//button[@data-kt=\"addButton\"]"}
COMMAND: POST /session/8ff87a328fcfa35ca82a4cc6375ae338/elements - {"using":"xpath","value":"//button[@data-kt=\"addButton\"]"}
RESULT: {"using":"xpath","value":"//button[@data-kt=\"addButton\"]"}
COMMAND: POST /session/8ff87a328fcfa35ca82a4cc6375ae338/element - {"using":"xpath","value":"//button[@data-kt=\"addButton\"]"}
RESULT: {"using":"xpath","value":"//button[@data-kt=\"addButton\"]"}
COMMAND: POST /session/8ff87a328fcfa35ca82a4cc6375ae338/execute/sync - {"script":"<script> [8489 bytes]","args":[{"element-6066-11e4-a52e-4f735466cecf":"f.4AFCDA83F841BD0157C4E1BB812E2537.d.B64E234F97496DA805D79B3DF9368D95.e.7571","ELEMENT":"f.4AFCDA83F841BD0157C4E1BB812E2537.d.B64E234F97496DA805D79B3DF9368D95.e.7571"}]}
RESULT: {"script":"<script> [8489 bytes]","args":[{"element-6066-11e4-a52e-4f735466cecf":"f.4AFCDA83F841BD0157C4E1BB812E2537.d.B64E234F97496DA805D79B3DF9368D95.e.7571","ELEMENT":"f.4AFCDA83F841BD0157C4E1BB812E2537.d.B64E234F97496DA805D79B3DF9368D95.e.7571"}]}
COMMAND: GET /session/8ff87a328fcfa35ca82a4cc6375ae338/element/f.4AFCDA83F841BD0157C4E1BB812E2537.d.B64E234F97496DA805D79B3DF9368D95.e.7571/enabled - {}
COMMAND: GET /session/8ff87a328fcfa35ca82a4cc6375ae338/screenshot - {}
RESULT: {}
COMMAND: POST /session/8ff87a328fcfa35ca82a4cc6375ae338/execute/sync - {"script":"<script> [8489 bytes]","args":[{"element-6066-11e4-a52e-4f735466cecf":"f.4AFCDA83F841BD0157C4E1BB812E2537.d.B64E234F97496DA805D79B3DF9368D95.e.7571","ELEMENT":"f.4AFCDA83F841BD0157C4E1BB812E2537.d.B64E234F97496DA805D79B3DF9368D95.e.7571"}]}
COMMAND: GET /session/8ff87a328fcfa35ca82a4cc6375ae338/screenshot - {}
RESULT: {}
RESULT: {"script":"<script> [8489 bytes]","args":[{"element-6066-11e4-a52e-4f735466cecf":"f.4AFCDA83F841BD0157C4E1BB812E2537.d.B64E234F97496DA805D79B3DF9368D95.e.7571","ELEMENT":"f.4AFCDA83F841BD0157C4E1BB812E2537.d.B64E234F97496DA805D79B3DF9368D95.e.7571"}]}
COMMAND: POST /session/8ff87a328fcfa35ca82a4cc6375ae338/execute/sync - {"script":"<script> [5351 bytes]","args":[{"element-6066-11e4-a52e-4f735466cecf":"f.4AFCDA83F841BD0157C4E1BB812E2537.d.B64E234F97496DA805D79B3DF9368D95.e.7571","ELEMENT":"f.4AFCDA83F841BD0157C4E1BB812E2537.d.B64E234F97496DA805D79B3DF9368D95.e.7571"}]}
COMMAND: GET /session/8ff87a328fcfa35ca82a4cc6375ae338/screenshot - {}
RESULT: {}
RESULT: {"script":"<script> [5351 bytes]","args":[{"element-6066-11e4-a52e-4f735466cecf":"f.4AFCDA83F841BD0157C4E1BB812E2537.d.B64E234F97496DA805D79B3DF9368D95.e.7571","ELEMENT":"f.4AFCDA83F841BD0157C4E1BB812E2537.d.B64E234F97496DA805D79B3DF9368D95.e.7571"}]}
COMMAND: GET /session/8ff87a328fcfa35ca82a4cc6375ae338/screenshot - {}
RESULT: {}
RESULT: {}
COMMAND: POST /session/8ff87a328fcfa35ca82a4cc6375ae338/element - {"using":"xpath","value":"//span[@id=\"application-managepartners-display-component---masterPtm--smartTable-header-inner\"]"}
RESULT: {"using":"xpath","value":"//span[@id=\"application-managepartners-display-component---masterPtm--smartTable-header-inner\"]"}
COMMAND: POST /session/8ff87a328fcfa35ca82a4cc6375ae338/elements - {"using":"xpath","value":"//span[@id=\"application-managepartners-display-component---masterPtm--smartTable-header-inner\"]"}
RESULT: {"using":"xpath","value":"//span[@id=\"application-managepartners-display-component---masterPtm--smartTable-header-inner\"]"}
COMMAND: POST /session/8ff87a328fcfa35ca82a4cc6375ae338/execute/sync - {"script":"<script> [56 bytes]","args":[{"element-6066-11e4-a52e-4f735466cecf":"f.4AFCDA83F841BD0157C4E1BB812E2537.d.B64E234F97496DA805D79B3DF9368D95.e.7699","ELEMENT":"f.4AFCDA83F841BD0157C4E1BB812E2537.d.B64E234F97496DA805D79B3DF9368D95.e.7699"}]}
RESULT: {"script":"<script> [56 bytes]","args":[{"element-6066-11e4-a52e-4f735466cecf":"f.4AFCDA83F841BD0157C4E1BB812E2537.d.B64E234F97496DA805D79B3DF9368D95.e.7699","ELEMENT":"f.4AFCDA83F841BD0157C4E1BB812E2537.d.B64E234F97496DA805D79B3DF9368D95.e.7699"}]}
RESULT: undefined
COMMAND: POST /session/8ff87a328fcfa35ca82a4cc6375ae338/element - {"using":"xpath","value":"//*[@id=\"application-managepartners-display-component---masterPtm--smartFilterBar-btnFilters\"]"}
COMMAND: GET /session/8ff87a328fcfa35ca82a4cc6375ae338/screenshot - {}
RESULT: {"using":"xpath","value":"//*[@id=\"application-managepartners-display-component---masterPtm--smartFilterBar-btnFilters\"]"}
COMMAND: POST /session/8ff87a328fcfa35ca82a4cc6375ae338/element/f.4AFCDA83F841BD0157C4E1BB812E2537.d.B64E234F97496DA805D79B3DF9368D95.e.7535/click - {}
RESULT: {}
RESULT: {}
COMMAND: GET /session/8ff87a328fcfa35ca82a4cc6375ae338/screenshot - {}
RESULT: {}
COMMAND: POST /session/8ff87a328fcfa35ca82a4cc6375ae338/elements - {"using":"xpath","value":"//table[contains(@id, \"listView-innerSelectionPanelTable-listUl\")]/tbody/tr"}
RESULT: {"using":"xpath","value":"//table[contains(@id, \"listView-innerSelectionPanelTable-listUl\")]/tbody/tr"}
COMMAND: POST /session/8ff87a328fcfa35ca82a4cc6375ae338/element - {"using":"xpath","value":"//table[contains(@id, \"listView-innerSelectionPanelTable-listUl\")]/tbody/tr[2]/td[2]/div/div"}
RESULT: {"using":"xpath","value":"//table[contains(@id, \"listView-innerSelectionPanelTable-listUl\")]/tbody/tr[2]/td[2]/div/div"}
COMMAND: POST /session/8ff87a328fcfa35ca82a4cc6375ae338/element - {"using":"xpath","value":"//table[contains(@id, \"listView-innerSelectionPanelTable-listUl\")]/tbody/tr[2]/td[2]/div"}
RESULT: {"using":"xpath","value":"//table[contains(@id, \"listView-innerSelectionPanelTable-listUl\")]/tbody/tr[2]/td[2]/div"}
COMMAND: POST /session/8ff87a328fcfa35ca82a4cc6375ae338/element - {"using":"xpath","value":"//table[contains(@id, \"listView-innerSelectionPanelTable-listUl\")]/tbody/tr[2]/td[3]/div/div/span/span[1]/bdi"}
RESULT: {"using":"xpath","value":"//table[contains(@id, \"listView-innerSelectionPanelTable-listUl\")]/tbody/tr[2]/td[3]/div/div/span/span[1]/bdi"}
COMMAND: POST /session/8ff87a328fcfa35ca82a4cc6375ae338/execute/sync - {"script":"<script> [56 bytes]","args":[{"element-6066-11e4-a52e-4f735466cecf":"f.4AFCDA83F841BD0157C4E1BB812E2537.d.B64E234F97496DA805D79B3DF9368D95.e.7767","ELEMENT":"f.4AFCDA83F841BD0157C4E1BB812E2537.d.B64E234F97496DA805D79B3DF9368D95.e.7767"}]}
RESULT: {"script":"<script> [56 bytes]","args":[{"element-6066-11e4-a52e-4f735466cecf":"f.4AFCDA83F841BD0157C4E1BB812E2537.d.B64E234F97496DA805D79B3DF9368D95.e.7767","ELEMENT":"f.4AFCDA83F841BD0157C4E1BB812E2537.d.B64E234F97496DA805D79B3DF9368D95.e.7767"}]}
COMMAND: GET /session/8ff87a328fcfa35ca82a4cc6375ae338/element/f.4AFCDA83F841BD0157C4E1BB812E2537.d.B64E234F97496DA805D79B3DF9368D95.e.7766/attribute/aria-checked - {}
COMMAND: GET /session/8ff87a328fcfa35ca82a4cc6375ae338/screenshot - {}
RESULT: {}
COMMAND: POST /session/8ff87a328fcfa35ca82a4cc6375ae338/element - {"using":"xpath","value":"//table[contains(@id, \"listView-innerSelectionPanelTable-listUl\")]/tbody/tr[3]/td[2]/div/div"}
RESULT: {}
RESULT: {"using":"xpath","value":"//table[contains(@id, \"listView-innerSelectionPanelTable-listUl\")]/tbody/tr[3]/td[2]/div/div"}
COMMAND: POST /session/8ff87a328fcfa35ca82a4cc6375ae338/element - {"using":"xpath","value":"//table[contains(@id, \"listView-innerSelectionPanelTable-listUl\")]/tbody/tr[3]/td[2]/div"}
RESULT: {"using":"xpath","value":"//table[contains(@id, \"listView-innerSelectionPanelTable-listUl\")]/tbody/tr[3]/td[2]/div"}
COMMAND: POST /session/8ff87a328fcfa35ca82a4cc6375ae338/element - {"using":"xpath","value":"//table[contains(@id, \"listView-innerSelectionPanelTable-listUl\")]/tbody/tr[3]/td[3]/div/div/span/span[1]/bdi"}
RESULT: {"using":"xpath","value":"//table[contains(@id, \"listView-innerSelectionPanelTable-listUl\")]/tbody/tr[3]/td[3]/div/div/span/span[1]/bdi"}
COMMAND: POST /session/8ff87a328fcfa35ca82a4cc6375ae338/execute/sync - {"script":"<script> [56 bytes]","args":[{"element-6066-11e4-a52e-4f735466cecf":"f.4AFCDA83F841BD0157C4E1BB812E2537.d.B64E234F97496DA805D79B3DF9368D95.e.7770","ELEMENT":"f.4AFCDA83F841BD0157C4E1BB812E2537.d.B64E234F97496DA805D79B3DF9368D95.e.7770"}]}
RESULT: {"script":"<script> [56 bytes]","args":[{"element-6066-11e4-a52e-4f735466cecf":"f.4AFCDA83F841BD0157C4E1BB812E2537.d.B64E234F97496DA805D79B3DF9368D95.e.7770","ELEMENT":"f.4AFCDA83F841BD0157C4E1BB812E2537.d.B64E234F97496DA805D79B3DF9368D95.e.7770"}]}
COMMAND: GET /session/8ff87a328fcfa35ca82a4cc6375ae338/element/f.4AFCDA83F841BD0157C4E1BB812E2537.d.B64E234F97496DA805D79B3DF9368D95.e.7769/attribute/aria-checked - {}
COMMAND: GET /session/8ff87a328fcfa35ca82a4cc6375ae338/screenshot - {}
RESULT: {}
COMMAND: POST /session/8ff87a328fcfa35ca82a4cc6375ae338/element - {"using":"xpath","value":"//table[contains(@id, \"listView-innerSelectionPanelTable-listUl\")]/tbody/tr[4]/td[2]/div/div"}
RESULT: {}
RESULT: {"using":"xpath","value":"//table[contains(@id, \"listView-innerSelectionPanelTable-listUl\")]/tbody/tr[4]/td[2]/div/div"}
COMMAND: POST /session/8ff87a328fcfa35ca82a4cc6375ae338/element - {"using":"xpath","value":"//table[contains(@id, \"listView-innerSelectionPanelTable-listUl\")]/tbody/tr[4]/td[2]/div"}
RESULT: {"using":"xpath","value":"//table[contains(@id, \"listView-innerSelectionPanelTable-listUl\")]/tbody/tr[4]/td[2]/div"}
COMMAND: POST /session/8ff87a328fcfa35ca82a4cc6375ae338/element - {"using":"xpath","value":"//table[contains(@id, \"listView-innerSelectionPanelTable-listUl\")]/tbody/tr[4]/td[3]/div/div/span/span[1]/bdi"}
RESULT: {"using":"xpath","value":"//table[contains(@id, \"listView-innerSelectionPanelTable-listUl\")]/tbody/tr[4]/td[3]/div/div/span/span[1]/bdi"}
COMMAND: POST /session/8ff87a328fcfa35ca82a4cc6375ae338/execute/sync - {"script":"<script> [56 bytes]","args":[{"element-6066-11e4-a52e-4f735466cecf":"f.4AFCDA83F841BD0157C4E1BB812E2537.d.B64E234F97496DA805D79B3DF9368D95.e.7773","ELEMENT":"f.4AFCDA83F841BD0157C4E1BB812E2537.d.B64E234F97496DA805D79B3DF9368D95.e.7773"}]}
RESULT: {"script":"<script> [56 bytes]","args":[{"element-6066-11e4-a52e-4f735466cecf":"f.4AFCDA83F841BD0157C4E1BB812E2537.d.B64E234F97496DA805D79B3DF9368D95.e.7773","ELEMENT":"f.4AFCDA83F841BD0157C4E1BB812E2537.d.B64E234F97496DA805D79B3DF9368D95.e.7773"}]}
COMMAND: GET /session/8ff87a328fcfa35ca82a4cc6375ae338/element/f.4AFCDA83F841BD0157C4E1BB812E2537.d.B64E234F97496DA805D79B3DF9368D95.e.7772/attribute/aria-checked - {}
COMMAND: GET /session/8ff87a328fcfa35ca82a4cc6375ae338/screenshot - {}
RESULT: {}
COMMAND: POST /session/8ff87a328fcfa35ca82a4cc6375ae338/element - {"using":"xpath","value":"//table[contains(@id, \"listView-innerSelectionPanelTable-listUl\")]/tbody/tr[5]/td[2]/div/div"}
RESULT: {}
RESULT: {"using":"xpath","value":"//table[contains(@id, \"listView-innerSelectionPanelTable-listUl\")]/tbody/tr[5]/td[2]/div/div"}
COMMAND: POST /session/8ff87a328fcfa35ca82a4cc6375ae338/element - {"using":"xpath","value":"//table[contains(@id, \"listView-innerSelectionPanelTable-listUl\")]/tbody/tr[5]/td[2]/div"}
RESULT: {"using":"xpath","value":"//table[contains(@id, \"listView-innerSelectionPanelTable-listUl\")]/tbody/tr[5]/td[2]/div"}
COMMAND: POST /session/8ff87a328fcfa35ca82a4cc6375ae338/element - {"using":"xpath","value":"//table[contains(@id, \"listView-innerSelectionPanelTable-listUl\")]/tbody/tr[5]/td[3]/div/div/span/span[1]/bdi"}
RESULT: {"using":"xpath","value":"//table[contains(@id, \"listView-innerSelectionPanelTable-listUl\")]/tbody/tr[5]/td[3]/div/div/span/span[1]/bdi"}
COMMAND: POST /session/8ff87a328fcfa35ca82a4cc6375ae338/execute/sync - {"script":"<script> [56 bytes]","args":[{"element-6066-11e4-a52e-4f735466cecf":"f.4AFCDA83F841BD0157C4E1BB812E2537.d.B64E234F97496DA805D79B3DF9368D95.e.7776","ELEMENT":"f.4AFCDA83F841BD0157C4E1BB812E2537.d.B64E234F97496DA805D79B3DF9368D95.e.7776"}]}
RESULT: {"script":"<script> [56 bytes]","args":[{"element-6066-11e4-a52e-4f735466cecf":"f.4AFCDA83F841BD0157C4E1BB812E2537.d.B64E234F97496DA805D79B3DF9368D95.e.7776","ELEMENT":"f.4AFCDA83F841BD0157C4E1BB812E2537.d.B64E234F97496DA805D79B3DF9368D95.e.7776"}]}
COMMAND: GET /session/8ff87a328fcfa35ca82a4cc6375ae338/element/f.4AFCDA83F841BD0157C4E1BB812E2537.d.B64E234F97496DA805D79B3DF9368D95.e.7775/attribute/aria-checked - {}
COMMAND: GET /session/8ff87a328fcfa35ca82a4cc6375ae338/screenshot - {}
RESULT: {}
COMMAND: POST /session/8ff87a328fcfa35ca82a4cc6375ae338/element - {"using":"xpath","value":"//table[contains(@id, \"listView-innerSelectionPanelTable-listUl\")]/tbody/tr[6]/td[2]/div/div"}
RESULT: {}
RESULT: {"using":"xpath","value":"//table[contains(@id, \"listView-innerSelectionPanelTable-listUl\")]/tbody/tr[6]/td[2]/div/div"}
COMMAND: POST /session/8ff87a328fcfa35ca82a4cc6375ae338/element - {"using":"xpath","value":"//table[contains(@id, \"listView-innerSelectionPanelTable-listUl\")]/tbody/tr[6]/td[2]/div"}
RESULT: {"using":"xpath","value":"//table[contains(@id, \"listView-innerSelectionPanelTable-listUl\")]/tbody/tr[6]/td[2]/div"}
COMMAND: POST /session/8ff87a328fcfa35ca82a4cc6375ae338/element - {"using":"xpath","value":"//table[contains(@id, \"listView-innerSelectionPanelTable-listUl\")]/tbody/tr[6]/td[3]/div/div/span/span[1]/bdi"}
RESULT: {"using":"xpath","value":"//table[contains(@id, \"listView-innerSelectionPanelTable-listUl\")]/tbody/tr[6]/td[3]/div/div/span/span[1]/bdi"}
COMMAND: POST /session/8ff87a328fcfa35ca82a4cc6375ae338/execute/sync - {"script":"<script> [56 bytes]","args":[{"element-6066-11e4-a52e-4f735466cecf":"f.4AFCDA83F841BD0157C4E1BB812E2537.d.B64E234F97496DA805D79B3DF9368D95.e.7779","ELEMENT":"f.4AFCDA83F841BD0157C4E1BB812E2537.d.B64E234F97496DA805D79B3DF9368D95.e.7779"}]}
RESULT: {"script":"<script> [56 bytes]","args":[{"element-6066-11e4-a52e-4f735466cecf":"f.4AFCDA83F841BD0157C4E1BB812E2537.d.B64E234F97496DA805D79B3DF9368D95.e.7779","ELEMENT":"f.4AFCDA83F841BD0157C4E1BB812E2537.d.B64E234F97496DA805D79B3DF9368D95.e.7779"}]}
COMMAND: GET /session/8ff87a328fcfa35ca82a4cc6375ae338/element/f.4AFCDA83F841BD0157C4E1BB812E2537.d.B64E234F97496DA805D79B3DF9368D95.e.7778/attribute/aria-checked - {}
COMMAND: GET /session/8ff87a328fcfa35ca82a4cc6375ae338/screenshot - {}
RESULT: {}
COMMAND: POST /session/8ff87a328fcfa35ca82a4cc6375ae338/element - {"using":"xpath","value":"//table[contains(@id, \"listView-innerSelectionPanelTable-listUl\")]/tbody/tr[7]/td[2]/div/div"}
RESULT: {}
RESULT: {"using":"xpath","value":"//table[contains(@id, \"listView-innerSelectionPanelTable-listUl\")]/tbody/tr[7]/td[2]/div/div"}
COMMAND: POST /session/8ff87a328fcfa35ca82a4cc6375ae338/element - {"using":"xpath","value":"//table[contains(@id, \"listView-innerSelectionPanelTable-listUl\")]/tbody/tr[7]/td[2]/div"}
RESULT: {"using":"xpath","value":"//table[contains(@id, \"listView-innerSelectionPanelTable-listUl\")]/tbody/tr[7]/td[2]/div"}
COMMAND: POST /session/8ff87a328fcfa35ca82a4cc6375ae338/element - {"using":"xpath","value":"//table[contains(@id, \"listView-innerSelectionPanelTable-listUl\")]/tbody/tr[7]/td[3]/div/div/span/span[1]/bdi"}
RESULT: {"using":"xpath","value":"//table[contains(@id, \"listView-innerSelectionPanelTable-listUl\")]/tbody/tr[7]/td[3]/div/div/span/span[1]/bdi"}
COMMAND: POST /session/8ff87a328fcfa35ca82a4cc6375ae338/execute/sync - {"script":"<script> [56 bytes]","args":[{"element-6066-11e4-a52e-4f735466cecf":"f.4AFCDA83F841BD0157C4E1BB812E2537.d.B64E234F97496DA805D79B3DF9368D95.e.7782","ELEMENT":"f.4AFCDA83F841BD0157C4E1BB812E2537.d.B64E234F97496DA805D79B3DF9368D95.e.7782"}]}
RESULT: {"script":"<script> [56 bytes]","args":[{"element-6066-11e4-a52e-4f735466cecf":"f.4AFCDA83F841BD0157C4E1BB812E2537.d.B64E234F97496DA805D79B3DF9368D95.e.7782","ELEMENT":"f.4AFCDA83F841BD0157C4E1BB812E2537.d.B64E234F97496DA805D79B3DF9368D95.e.7782"}]}
COMMAND: GET /session/8ff87a328fcfa35ca82a4cc6375ae338/element/f.4AFCDA83F841BD0157C4E1BB812E2537.d.B64E234F97496DA805D79B3DF9368D95.e.7781/attribute/aria-checked - {}
COMMAND: GET /session/8ff87a328fcfa35ca82a4cc6375ae338/screenshot - {}
RESULT: {}
COMMAND: POST /session/8ff87a328fcfa35ca82a4cc6375ae338/element - {"using":"xpath","value":"//table[contains(@id, \"listView-innerSelectionPanelTable-listUl\")]/tbody/tr[8]/td[2]/div/div"}
RESULT: {}
RESULT: {"using":"xpath","value":"//table[contains(@id, \"listView-innerSelectionPanelTable-listUl\")]/tbody/tr[8]/td[2]/div/div"}
COMMAND: POST /session/8ff87a328fcfa35ca82a4cc6375ae338/element - {"using":"xpath","value":"//table[contains(@id, \"listView-innerSelectionPanelTable-listUl\")]/tbody/tr[8]/td[2]/div"}
RESULT: {"using":"xpath","value":"//table[contains(@id, \"listView-innerSelectionPanelTable-listUl\")]/tbody/tr[8]/td[2]/div"}
COMMAND: POST /session/8ff87a328fcfa35ca82a4cc6375ae338/element - {"using":"xpath","value":"//table[contains(@id, \"listView-innerSelectionPanelTable-listUl\")]/tbody/tr[8]/td[3]/div/div/span/span[1]/bdi"}
RESULT: {"using":"xpath","value":"//table[contains(@id, \"listView-innerSelectionPanelTable-listUl\")]/tbody/tr[8]/td[3]/div/div/span/span[1]/bdi"}
COMMAND: POST /session/8ff87a328fcfa35ca82a4cc6375ae338/execute/sync - {"script":"<script> [56 bytes]","args":[{"element-6066-11e4-a52e-4f735466cecf":"f.4AFCDA83F841BD0157C4E1BB812E2537.d.B64E234F97496DA805D79B3DF9368D95.e.7785","ELEMENT":"f.4AFCDA83F841BD0157C4E1BB812E2537.d.B64E234F97496DA805D79B3DF9368D95.e.7785"}]}
RESULT: {"script":"<script> [56 bytes]","args":[{"element-6066-11e4-a52e-4f735466cecf":"f.4AFCDA83F841BD0157C4E1BB812E2537.d.B64E234F97496DA805D79B3DF9368D95.e.7785","ELEMENT":"f.4AFCDA83F841BD0157C4E1BB812E2537.d.B64E234F97496DA805D79B3DF9368D95.e.7785"}]}
COMMAND: GET /session/8ff87a328fcfa35ca82a4cc6375ae338/element/f.4AFCDA83F841BD0157C4E1BB812E2537.d.B64E234F97496DA805D79B3DF9368D95.e.7784/attribute/aria-checked - {}
COMMAND: GET /session/8ff87a328fcfa35ca82a4cc6375ae338/screenshot - {}
RESULT: {}
COMMAND: POST /session/8ff87a328fcfa35ca82a4cc6375ae338/element - {"using":"xpath","value":"//table[contains(@id, \"listView-innerSelectionPanelTable-listUl\")]/tbody/tr[9]/td[2]/div/div"}
RESULT: {}
RESULT: {"using":"xpath","value":"//table[contains(@id, \"listView-innerSelectionPanelTable-listUl\")]/tbody/tr[9]/td[2]/div/div"}
COMMAND: POST /session/8ff87a328fcfa35ca82a4cc6375ae338/element - {"using":"xpath","value":"//table[contains(@id, \"listView-innerSelectionPanelTable-listUl\")]/tbody/tr[9]/td[2]/div"}
RESULT: {"using":"xpath","value":"//table[contains(@id, \"listView-innerSelectionPanelTable-listUl\")]/tbody/tr[9]/td[2]/div"}
COMMAND: POST /session/8ff87a328fcfa35ca82a4cc6375ae338/element - {"using":"xpath","value":"//table[contains(@id, \"listView-innerSelectionPanelTable-listUl\")]/tbody/tr[9]/td[3]/div/div/span/span[1]/bdi"}
RESULT: {"using":"xpath","value":"//table[contains(@id, \"listView-innerSelectionPanelTable-listUl\")]/tbody/tr[9]/td[3]/div/div/span/span[1]/bdi"}
COMMAND: POST /session/8ff87a328fcfa35ca82a4cc6375ae338/execute/sync - {"script":"<script> [56 bytes]","args":[{"element-6066-11e4-a52e-4f735466cecf":"f.4AFCDA83F841BD0157C4E1BB812E2537.d.B64E234F97496DA805D79B3DF9368D95.e.7788","ELEMENT":"f.4AFCDA83F841BD0157C4E1BB812E2537.d.B64E234F97496DA805D79B3DF9368D95.e.7788"}]}
RESULT: {"script":"<script> [56 bytes]","args":[{"element-6066-11e4-a52e-4f735466cecf":"f.4AFCDA83F841BD0157C4E1BB812E2537.d.B64E234F97496DA805D79B3DF9368D95.e.7788","ELEMENT":"f.4AFCDA83F841BD0157C4E1BB812E2537.d.B64E234F97496DA805D79B3DF9368D95.e.7788"}]}
COMMAND: GET /session/8ff87a328fcfa35ca82a4cc6375ae338/element/f.4AFCDA83F841BD0157C4E1BB812E2537.d.B64E234F97496DA805D79B3DF9368D95.e.7787/attribute/aria-checked - {}
COMMAND: GET /session/8ff87a328fcfa35ca82a4cc6375ae338/screenshot - {}
RESULT: {}
COMMAND: POST /session/8ff87a328fcfa35ca82a4cc6375ae338/element - {"using":"xpath","value":"//table[contains(@id, \"listView-innerSelectionPanelTable-listUl\")]/tbody/tr[10]/td[2]/div/div"}
RESULT: {}
RESULT: {"using":"xpath","value":"//table[contains(@id, \"listView-innerSelectionPanelTable-listUl\")]/tbody/tr[10]/td[2]/div/div"}
COMMAND: POST /session/8ff87a328fcfa35ca82a4cc6375ae338/element - {"using":"xpath","value":"//table[contains(@id, \"listView-innerSelectionPanelTable-listUl\")]/tbody/tr[10]/td[2]/div"}
RESULT: {"using":"xpath","value":"//table[contains(@id, \"listView-innerSelectionPanelTable-listUl\")]/tbody/tr[10]/td[2]/div"}
COMMAND: POST /session/8ff87a328fcfa35ca82a4cc6375ae338/element - {"using":"xpath","value":"//table[contains(@id, \"listView-innerSelectionPanelTable-listUl\")]/tbody/tr[10]/td[3]/div/div/span/span[1]/bdi"}
RESULT: {"using":"xpath","value":"//table[contains(@id, \"listView-innerSelectionPanelTable-listUl\")]/tbody/tr[10]/td[3]/div/div/span/span[1]/bdi"}
COMMAND: POST /session/8ff87a328fcfa35ca82a4cc6375ae338/execute/sync - {"script":"<script> [56 bytes]","args":[{"element-6066-11e4-a52e-4f735466cecf":"f.4AFCDA83F841BD0157C4E1BB812E2537.d.B64E234F97496DA805D79B3DF9368D95.e.7791","ELEMENT":"f.4AFCDA83F841BD0157C4E1BB812E2537.d.B64E234F97496DA805D79B3DF9368D95.e.7791"}]}
RESULT: {"script":"<script> [56 bytes]","args":[{"element-6066-11e4-a52e-4f735466cecf":"f.4AFCDA83F841BD0157C4E1BB812E2537.d.B64E234F97496DA805D79B3DF9368D95.e.7791","ELEMENT":"f.4AFCDA83F841BD0157C4E1BB812E2537.d.B64E234F97496DA805D79B3DF9368D95.e.7791"}]}
COMMAND: GET /session/8ff87a328fcfa35ca82a4cc6375ae338/element/f.4AFCDA83F841BD0157C4E1BB812E2537.d.B64E234F97496DA805D79B3DF9368D95.e.7790/attribute/aria-checked - {}
COMMAND: GET /session/8ff87a328fcfa35ca82a4cc6375ae338/screenshot - {}
RESULT: {}
COMMAND: POST /session/8ff87a328fcfa35ca82a4cc6375ae338/element - {"using":"xpath","value":"//table[contains(@id, \"listView-innerSelectionPanelTable-listUl\")]/tbody/tr[11]/td[2]/div/div"}
RESULT: {}
RESULT: {"using":"xpath","value":"//table[contains(@id, \"listView-innerSelectionPanelTable-listUl\")]/tbody/tr[11]/td[2]/div/div"}
COMMAND: POST /session/8ff87a328fcfa35ca82a4cc6375ae338/element - {"using":"xpath","value":"//table[contains(@id, \"listView-innerSelectionPanelTable-listUl\")]/tbody/tr[11]/td[2]/div"}
RESULT: {"using":"xpath","value":"//table[contains(@id, \"listView-innerSelectionPanelTable-listUl\")]/tbody/tr[11]/td[2]/div"}
COMMAND: POST /session/8ff87a328fcfa35ca82a4cc6375ae338/element - {"using":"xpath","value":"//table[contains(@id, \"listView-innerSelectionPanelTable-listUl\")]/tbody/tr[11]/td[3]/div/div/span/span[1]/bdi"}
RESULT: {"using":"xpath","value":"//table[contains(@id, \"listView-innerSelectionPanelTable-listUl\")]/tbody/tr[11]/td[3]/div/div/span/span[1]/bdi"}
COMMAND: POST /session/8ff87a328fcfa35ca82a4cc6375ae338/execute/sync - {"script":"<script> [56 bytes]","args":[{"element-6066-11e4-a52e-4f735466cecf":"f.4AFCDA83F841BD0157C4E1BB812E2537.d.B64E234F97496DA805D79B3DF9368D95.e.7794","ELEMENT":"f.4AFCDA83F841BD0157C4E1BB812E2537.d.B64E234F97496DA805D79B3DF9368D95.e.7794"}]}
RESULT: {"script":"<script> [56 bytes]","args":[{"element-6066-11e4-a52e-4f735466cecf":"f.4AFCDA83F841BD0157C4E1BB812E2537.d.B64E234F97496DA805D79B3DF9368D95.e.7794","ELEMENT":"f.4AFCDA83F841BD0157C4E1BB812E2537.d.B64E234F97496DA805D79B3DF9368D95.e.7794"}]}
COMMAND: GET /session/8ff87a328fcfa35ca82a4cc6375ae338/element/f.4AFCDA83F841BD0157C4E1BB812E2537.d.B64E234F97496DA805D79B3DF9368D95.e.7793/attribute/aria-checked - {}
COMMAND: GET /session/8ff87a328fcfa35ca82a4cc6375ae338/screenshot - {}
RESULT: {}
COMMAND: POST /session/8ff87a328fcfa35ca82a4cc6375ae338/element - {"using":"xpath","value":"//table[contains(@id, \"listView-innerSelectionPanelTable-listUl\")]/tbody/tr[12]/td[2]/div/div"}
RESULT: {}
RESULT: {"using":"xpath","value":"//table[contains(@id, \"listView-innerSelectionPanelTable-listUl\")]/tbody/tr[12]/td[2]/div/div"}
COMMAND: POST /session/8ff87a328fcfa35ca82a4cc6375ae338/element - {"using":"xpath","value":"//table[contains(@id, \"listView-innerSelectionPanelTable-listUl\")]/tbody/tr[12]/td[2]/div"}
RESULT: {"using":"xpath","value":"//table[contains(@id, \"listView-innerSelectionPanelTable-listUl\")]/tbody/tr[12]/td[2]/div"}
COMMAND: POST /session/8ff87a328fcfa35ca82a4cc6375ae338/element - {"using":"xpath","value":"//table[contains(@id, \"listView-innerSelectionPanelTable-listUl\")]/tbody/tr[12]/td[3]/div/div/span/span[1]/bdi"}
RESULT: {"using":"xpath","value":"//table[contains(@id, \"listView-innerSelectionPanelTable-listUl\")]/tbody/tr[12]/td[3]/div/div/span/span[1]/bdi"}
COMMAND: POST /session/8ff87a328fcfa35ca82a4cc6375ae338/execute/sync - {"script":"<script> [56 bytes]","args":[{"element-6066-11e4-a52e-4f735466cecf":"f.4AFCDA83F841BD0157C4E1BB812E2537.d.B64E234F97496DA805D79B3DF9368D95.e.7797","ELEMENT":"f.4AFCDA83F841BD0157C4E1BB812E2537.d.B64E234F97496DA805D79B3DF9368D95.e.7797"}]}
RESULT: {"script":"<script> [56 bytes]","args":[{"element-6066-11e4-a52e-4f735466cecf":"f.4AFCDA83F841BD0157C4E1BB812E2537.d.B64E234F97496DA805D79B3DF9368D95.e.7797","ELEMENT":"f.4AFCDA83F841BD0157C4E1BB812E2537.d.B64E234F97496DA805D79B3DF9368D95.e.7797"}]}
COMMAND: GET /session/8ff87a328fcfa35ca82a4cc6375ae338/element/f.4AFCDA83F841BD0157C4E1BB812E2537.d.B64E234F97496DA805D79B3DF9368D95.e.7796/attribute/aria-checked - {}
COMMAND: GET /session/8ff87a328fcfa35ca82a4cc6375ae338/screenshot - {}
RESULT: {}
COMMAND: POST /session/8ff87a328fcfa35ca82a4cc6375ae338/element - {"using":"xpath","value":"//table[contains(@id, \"listView-innerSelectionPanelTable-listUl\")]/tbody/tr[13]/td[2]/div/div"}
RESULT: {}
RESULT: {"using":"xpath","value":"//table[contains(@id, \"listView-innerSelectionPanelTable-listUl\")]/tbody/tr[13]/td[2]/div/div"}
COMMAND: POST /session/8ff87a328fcfa35ca82a4cc6375ae338/element - {"using":"xpath","value":"//table[contains(@id, \"listView-innerSelectionPanelTable-listUl\")]/tbody/tr[13]/td[2]/div"}
RESULT: {"using":"xpath","value":"//table[contains(@id, \"listView-innerSelectionPanelTable-listUl\")]/tbody/tr[13]/td[2]/div"}
COMMAND: POST /session/8ff87a328fcfa35ca82a4cc6375ae338/element - {"using":"xpath","value":"//table[contains(@id, \"listView-innerSelectionPanelTable-listUl\")]/tbody/tr[13]/td[3]/div/div/span/span[1]/bdi"}
RESULT: {"using":"xpath","value":"//table[contains(@id, \"listView-innerSelectionPanelTable-listUl\")]/tbody/tr[13]/td[3]/div/div/span/span[1]/bdi"}
COMMAND: POST /session/8ff87a328fcfa35ca82a4cc6375ae338/execute/sync - {"script":"<script> [56 bytes]","args":[{"element-6066-11e4-a52e-4f735466cecf":"f.4AFCDA83F841BD0157C4E1BB812E2537.d.B64E234F97496DA805D79B3DF9368D95.e.7800","ELEMENT":"f.4AFCDA83F841BD0157C4E1BB812E2537.d.B64E234F97496DA805D79B3DF9368D95.e.7800"}]}
RESULT: {"script":"<script> [56 bytes]","args":[{"element-6066-11e4-a52e-4f735466cecf":"f.4AFCDA83F841BD0157C4E1BB812E2537.d.B64E234F97496DA805D79B3DF9368D95.e.7800","ELEMENT":"f.4AFCDA83F841BD0157C4E1BB812E2537.d.B64E234F97496DA805D79B3DF9368D95.e.7800"}]}
COMMAND: GET /session/8ff87a328fcfa35ca82a4cc6375ae338/element/f.4AFCDA83F841BD0157C4E1BB812E2537.d.B64E234F97496DA805D79B3DF9368D95.e.7799/attribute/aria-checked - {}
COMMAND: GET /session/8ff87a328fcfa35ca82a4cc6375ae338/screenshot - {}
RESULT: {}
COMMAND: POST /session/8ff87a328fcfa35ca82a4cc6375ae338/element - {"using":"xpath","value":"//table[contains(@id, \"listView-innerSelectionPanelTable-listUl\")]/tbody/tr[14]/td[2]/div/div"}
RESULT: {}
RESULT: {"using":"xpath","value":"//table[contains(@id, \"listView-innerSelectionPanelTable-listUl\")]/tbody/tr[14]/td[2]/div/div"}
COMMAND: POST /session/8ff87a328fcfa35ca82a4cc6375ae338/element - {"using":"xpath","value":"//table[contains(@id, \"listView-innerSelectionPanelTable-listUl\")]/tbody/tr[14]/td[2]/div"}
RESULT: {"using":"xpath","value":"//table[contains(@id, \"listView-innerSelectionPanelTable-listUl\")]/tbody/tr[14]/td[2]/div"}
COMMAND: POST /session/8ff87a328fcfa35ca82a4cc6375ae338/element - {"using":"xpath","value":"//table[contains(@id, \"listView-innerSelectionPanelTable-listUl\")]/tbody/tr[14]/td[3]/div/div/span/span[1]/bdi"}
RESULT: {"using":"xpath","value":"//table[contains(@id, \"listView-innerSelectionPanelTable-listUl\")]/tbody/tr[14]/td[3]/div/div/span/span[1]/bdi"}
COMMAND: POST /session/8ff87a328fcfa35ca82a4cc6375ae338/execute/sync - {"script":"<script> [56 bytes]","args":[{"element-6066-11e4-a52e-4f735466cecf":"f.4AFCDA83F841BD0157C4E1BB812E2537.d.B64E234F97496DA805D79B3DF9368D95.e.7803","ELEMENT":"f.4AFCDA83F841BD0157C4E1BB812E2537.d.B64E234F97496DA805D79B3DF9368D95.e.7803"}]}
RESULT: {"script":"<script> [56 bytes]","args":[{"element-6066-11e4-a52e-4f735466cecf":"f.4AFCDA83F841BD0157C4E1BB812E2537.d.B64E234F97496DA805D79B3DF9368D95.e.7803","ELEMENT":"f.4AFCDA83F841BD0157C4E1BB812E2537.d.B64E234F97496DA805D79B3DF9368D95.e.7803"}]}
COMMAND: GET /session/8ff87a328fcfa35ca82a4cc6375ae338/element/f.4AFCDA83F841BD0157C4E1BB812E2537.d.B64E234F97496DA805D79B3DF9368D95.e.7802/attribute/aria-checked - {}
COMMAND: GET /session/8ff87a328fcfa35ca82a4cc6375ae338/screenshot - {}
RESULT: {}
COMMAND: POST /session/8ff87a328fcfa35ca82a4cc6375ae338/element - {"using":"xpath","value":"//table[contains(@id, \"listView-innerSelectionPanelTable-listUl\")]/tbody/tr[15]/td[2]/div/div"}
RESULT: {}
RESULT: {"using":"xpath","value":"//table[contains(@id, \"listView-innerSelectionPanelTable-listUl\")]/tbody/tr[15]/td[2]/div/div"}
COMMAND: POST /session/8ff87a328fcfa35ca82a4cc6375ae338/element - {"using":"xpath","value":"//table[contains(@id, \"listView-innerSelectionPanelTable-listUl\")]/tbody/tr[15]/td[2]/div"}
RESULT: {"using":"xpath","value":"//table[contains(@id, \"listView-innerSelectionPanelTable-listUl\")]/tbody/tr[15]/td[2]/div"}
COMMAND: POST /session/8ff87a328fcfa35ca82a4cc6375ae338/element - {"using":"xpath","value":"//table[contains(@id, \"listView-innerSelectionPanelTable-listUl\")]/tbody/tr[15]/td[3]/div/div/span/span[1]/bdi"}
RESULT: {"using":"xpath","value":"//table[contains(@id, \"listView-innerSelectionPanelTable-listUl\")]/tbody/tr[15]/td[3]/div/div/span/span[1]/bdi"}
COMMAND: POST /session/8ff87a328fcfa35ca82a4cc6375ae338/execute/sync - {"script":"<script> [56 bytes]","args":[{"element-6066-11e4-a52e-4f735466cecf":"f.4AFCDA83F841BD0157C4E1BB812E2537.d.B64E234F97496DA805D79B3DF9368D95.e.7806","ELEMENT":"f.4AFCDA83F841BD0157C4E1BB812E2537.d.B64E234F97496DA805D79B3DF9368D95.e.7806"}]}
RESULT: {"script":"<script> [56 bytes]","args":[{"element-6066-11e4-a52e-4f735466cecf":"f.4AFCDA83F841BD0157C4E1BB812E2537.d.B64E234F97496DA805D79B3DF9368D95.e.7806","ELEMENT":"f.4AFCDA83F841BD0157C4E1BB812E2537.d.B64E234F97496DA805D79B3DF9368D95.e.7806"}]}
COMMAND: GET /session/8ff87a328fcfa35ca82a4cc6375ae338/element/f.4AFCDA83F841BD0157C4E1BB812E2537.d.B64E234F97496DA805D79B3DF9368D95.e.7805/attribute/aria-checked - {}
COMMAND: GET /session/8ff87a328fcfa35ca82a4cc6375ae338/screenshot - {}
RESULT: {}
COMMAND: POST /session/8ff87a328fcfa35ca82a4cc6375ae338/element - {"using":"xpath","value":"//table[contains(@id, \"listView-innerSelectionPanelTable-listUl\")]/tbody/tr[16]/td[2]/div/div"}
RESULT: {}
RESULT: {"using":"xpath","value":"//table[contains(@id, \"listView-innerSelectionPanelTable-listUl\")]/tbody/tr[16]/td[2]/div/div"}
COMMAND: POST /session/8ff87a328fcfa35ca82a4cc6375ae338/element - {"using":"xpath","value":"//table[contains(@id, \"listView-innerSelectionPanelTable-listUl\")]/tbody/tr[16]/td[2]/div"}
RESULT: {"using":"xpath","value":"//table[contains(@id, \"listView-innerSelectionPanelTable-listUl\")]/tbody/tr[16]/td[2]/div"}
COMMAND: POST /session/8ff87a328fcfa35ca82a4cc6375ae338/element - {"using":"xpath","value":"//table[contains(@id, \"listView-innerSelectionPanelTable-listUl\")]/tbody/tr[16]/td[3]/div/div/span/span[1]/bdi"}
RESULT: {"using":"xpath","value":"//table[contains(@id, \"listView-innerSelectionPanelTable-listUl\")]/tbody/tr[16]/td[3]/div/div/span/span[1]/bdi"}
COMMAND: POST /session/8ff87a328fcfa35ca82a4cc6375ae338/execute/sync - {"script":"<script> [56 bytes]","args":[{"element-6066-11e4-a52e-4f735466cecf":"f.4AFCDA83F841BD0157C4E1BB812E2537.d.B64E234F97496DA805D79B3DF9368D95.e.7809","ELEMENT":"f.4AFCDA83F841BD0157C4E1BB812E2537.d.B64E234F97496DA805D79B3DF9368D95.e.7809"}]}
RESULT: {"script":"<script> [56 bytes]","args":[{"element-6066-11e4-a52e-4f735466cecf":"f.4AFCDA83F841BD0157C4E1BB812E2537.d.B64E234F97496DA805D79B3DF9368D95.e.7809","ELEMENT":"f.4AFCDA83F841BD0157C4E1BB812E2537.d.B64E234F97496DA805D79B3DF9368D95.e.7809"}]}
COMMAND: GET /session/8ff87a328fcfa35ca82a4cc6375ae338/element/f.4AFCDA83F841BD0157C4E1BB812E2537.d.B64E234F97496DA805D79B3DF9368D95.e.7808/attribute/aria-checked - {}
COMMAND: GET /session/8ff87a328fcfa35ca82a4cc6375ae338/screenshot - {}
RESULT: {}
COMMAND: POST /session/8ff87a328fcfa35ca82a4cc6375ae338/element - {"using":"xpath","value":"//table[contains(@id, \"listView-innerSelectionPanelTable-listUl\")]/tbody/tr[17]/td[2]/div/div"}
RESULT: {}
RESULT: {"using":"xpath","value":"//table[contains(@id, \"listView-innerSelectionPanelTable-listUl\")]/tbody/tr[17]/td[2]/div/div"}
COMMAND: POST /session/8ff87a328fcfa35ca82a4cc6375ae338/element - {"using":"xpath","value":"//table[contains(@id, \"listView-innerSelectionPanelTable-listUl\")]/tbody/tr[17]/td[2]/div"}
RESULT: {"using":"xpath","value":"//table[contains(@id, \"listView-innerSelectionPanelTable-listUl\")]/tbody/tr[17]/td[2]/div"}
COMMAND: POST /session/8ff87a328fcfa35ca82a4cc6375ae338/element - {"using":"xpath","value":"//table[contains(@id, \"listView-innerSelectionPanelTable-listUl\")]/tbody/tr[17]/td[3]/div/div/span/span[1]/bdi"}
RESULT: {"using":"xpath","value":"//table[contains(@id, \"listView-innerSelectionPanelTable-listUl\")]/tbody/tr[17]/td[3]/div/div/span/span[1]/bdi"}
COMMAND: POST /session/8ff87a328fcfa35ca82a4cc6375ae338/execute/sync - {"script":"<script> [56 bytes]","args":[{"element-6066-11e4-a52e-4f735466cecf":"f.4AFCDA83F841BD0157C4E1BB812E2537.d.B64E234F97496DA805D79B3DF9368D95.e.7812","ELEMENT":"f.4AFCDA83F841BD0157C4E1BB812E2537.d.B64E234F97496DA805D79B3DF9368D95.e.7812"}]}
RESULT: {"script":"<script> [56 bytes]","args":[{"element-6066-11e4-a52e-4f735466cecf":"f.4AFCDA83F841BD0157C4E1BB812E2537.d.B64E234F97496DA805D79B3DF9368D95.e.7812","ELEMENT":"f.4AFCDA83F841BD0157C4E1BB812E2537.d.B64E234F97496DA805D79B3DF9368D95.e.7812"}]}
COMMAND: GET /session/8ff87a328fcfa35ca82a4cc6375ae338/element/f.4AFCDA83F841BD0157C4E1BB812E2537.d.B64E234F97496DA805D79B3DF9368D95.e.7811/attribute/aria-checked - {}
COMMAND: GET /session/8ff87a328fcfa35ca82a4cc6375ae338/screenshot - {}
RESULT: {}
COMMAND: POST /session/8ff87a328fcfa35ca82a4cc6375ae338/element - {"using":"xpath","value":"//table[contains(@id, \"listView-innerSelectionPanelTable-listUl\")]/tbody/tr[18]/td[2]/div/div"}
RESULT: {}
RESULT: {"using":"xpath","value":"//table[contains(@id, \"listView-innerSelectionPanelTable-listUl\")]/tbody/tr[18]/td[2]/div/div"}
COMMAND: POST /session/8ff87a328fcfa35ca82a4cc6375ae338/element - {"using":"xpath","value":"//table[contains(@id, \"listView-innerSelectionPanelTable-listUl\")]/tbody/tr[18]/td[2]/div"}
RESULT: {"using":"xpath","value":"//table[contains(@id, \"listView-innerSelectionPanelTable-listUl\")]/tbody/tr[18]/td[2]/div"}
COMMAND: POST /session/8ff87a328fcfa35ca82a4cc6375ae338/element - {"using":"xpath","value":"//table[contains(@id, \"listView-innerSelectionPanelTable-listUl\")]/tbody/tr[18]/td[3]/div/div/span/span[1]/bdi"}
RESULT: {"using":"xpath","value":"//table[contains(@id, \"listView-innerSelectionPanelTable-listUl\")]/tbody/tr[18]/td[3]/div/div/span/span[1]/bdi"}
COMMAND: POST /session/8ff87a328fcfa35ca82a4cc6375ae338/execute/sync - {"script":"<script> [56 bytes]","args":[{"element-6066-11e4-a52e-4f735466cecf":"f.4AFCDA83F841BD0157C4E1BB812E2537.d.B64E234F97496DA805D79B3DF9368D95.e.7815","ELEMENT":"f.4AFCDA83F841BD0157C4E1BB812E2537.d.B64E234F97496DA805D79B3DF9368D95.e.7815"}]}
RESULT: {"script":"<script> [56 bytes]","args":[{"element-6066-11e4-a52e-4f735466cecf":"f.4AFCDA83F841BD0157C4E1BB812E2537.d.B64E234F97496DA805D79B3DF9368D95.e.7815","ELEMENT":"f.4AFCDA83F841BD0157C4E1BB812E2537.d.B64E234F97496DA805D79B3DF9368D95.e.7815"}]}
COMMAND: GET /session/8ff87a328fcfa35ca82a4cc6375ae338/element/f.4AFCDA83F841BD0157C4E1BB812E2537.d.B64E234F97496DA805D79B3DF9368D95.e.7814/attribute/aria-checked - {}
COMMAND: GET /session/8ff87a328fcfa35ca82a4cc6375ae338/screenshot - {}
RESULT: {}
COMMAND: POST /session/8ff87a328fcfa35ca82a4cc6375ae338/element - {"using":"xpath","value":"//table[contains(@id, \"listView-innerSelectionPanelTable-listUl\")]/tbody/tr[19]/td[2]/div/div"}
RESULT: {}
RESULT: {"using":"xpath","value":"//table[contains(@id, \"listView-innerSelectionPanelTable-listUl\")]/tbody/tr[19]/td[2]/div/div"}
COMMAND: POST /session/8ff87a328fcfa35ca82a4cc6375ae338/element - {"using":"xpath","value":"//table[contains(@id, \"listView-innerSelectionPanelTable-listUl\")]/tbody/tr[19]/td[2]/div"}
RESULT: {"using":"xpath","value":"//table[contains(@id, \"listView-innerSelectionPanelTable-listUl\")]/tbody/tr[19]/td[2]/div"}
COMMAND: POST /session/8ff87a328fcfa35ca82a4cc6375ae338/element - {"using":"xpath","value":"//table[contains(@id, \"listView-innerSelectionPanelTable-listUl\")]/tbody/tr[19]/td[3]/div/div/span/span[1]/bdi"}
RESULT: {"using":"xpath","value":"//table[contains(@id, \"listView-innerSelectionPanelTable-listUl\")]/tbody/tr[19]/td[3]/div/div/span/span[1]/bdi"}
COMMAND: POST /session/8ff87a328fcfa35ca82a4cc6375ae338/execute/sync - {"script":"<script> [56 bytes]","args":[{"element-6066-11e4-a52e-4f735466cecf":"f.4AFCDA83F841BD0157C4E1BB812E2537.d.B64E234F97496DA805D79B3DF9368D95.e.7818","ELEMENT":"f.4AFCDA83F841BD0157C4E1BB812E2537.d.B64E234F97496DA805D79B3DF9368D95.e.7818"}]}
RESULT: {"script":"<script> [56 bytes]","args":[{"element-6066-11e4-a52e-4f735466cecf":"f.4AFCDA83F841BD0157C4E1BB812E2537.d.B64E234F97496DA805D79B3DF9368D95.e.7818","ELEMENT":"f.4AFCDA83F841BD0157C4E1BB812E2537.d.B64E234F97496DA805D79B3DF9368D95.e.7818"}]}
COMMAND: GET /session/8ff87a328fcfa35ca82a4cc6375ae338/element/f.4AFCDA83F841BD0157C4E1BB812E2537.d.B64E234F97496DA805D79B3DF9368D95.e.7817/attribute/aria-checked - {}
COMMAND: GET /session/8ff87a328fcfa35ca82a4cc6375ae338/screenshot - {}
RESULT: {}
COMMAND: POST /session/8ff87a328fcfa35ca82a4cc6375ae338/element - {"using":"xpath","value":"//table[contains(@id, \"listView-innerSelectionPanelTable-listUl\")]/tbody/tr[20]/td[2]/div/div"}
RESULT: {}
RESULT: {"using":"xpath","value":"//table[contains(@id, \"listView-innerSelectionPanelTable-listUl\")]/tbody/tr[20]/td[2]/div/div"}
COMMAND: POST /session/8ff87a328fcfa35ca82a4cc6375ae338/element - {"using":"xpath","value":"//table[contains(@id, \"listView-innerSelectionPanelTable-listUl\")]/tbody/tr[20]/td[2]/div"}
RESULT: {"using":"xpath","value":"//table[contains(@id, \"listView-innerSelectionPanelTable-listUl\")]/tbody/tr[20]/td[2]/div"}
COMMAND: POST /session/8ff87a328fcfa35ca82a4cc6375ae338/element - {"using":"xpath","value":"//table[contains(@id, \"listView-innerSelectionPanelTable-listUl\")]/tbody/tr[20]/td[3]/div/div/span/span[1]/bdi"}
RESULT: {"using":"xpath","value":"//table[contains(@id, \"listView-innerSelectionPanelTable-listUl\")]/tbody/tr[20]/td[3]/div/div/span/span[1]/bdi"}
COMMAND: POST /session/8ff87a328fcfa35ca82a4cc6375ae338/execute/sync - {"script":"<script> [56 bytes]","args":[{"element-6066-11e4-a52e-4f735466cecf":"f.4AFCDA83F841BD0157C4E1BB812E2537.d.B64E234F97496DA805D79B3DF9368D95.e.7821","ELEMENT":"f.4AFCDA83F841BD0157C4E1BB812E2537.d.B64E234F97496DA805D79B3DF9368D95.e.7821"}]}
RESULT: {"script":"<script> [56 bytes]","args":[{"element-6066-11e4-a52e-4f735466cecf":"f.4AFCDA83F841BD0157C4E1BB812E2537.d.B64E234F97496DA805D79B3DF9368D95.e.7821","ELEMENT":"f.4AFCDA83F841BD0157C4E1BB812E2537.d.B64E234F97496DA805D79B3DF9368D95.e.7821"}]}
COMMAND: GET /session/8ff87a328fcfa35ca82a4cc6375ae338/element/f.4AFCDA83F841BD0157C4E1BB812E2537.d.B64E234F97496DA805D79B3DF9368D95.e.7820/attribute/aria-checked - {}
COMMAND: GET /session/8ff87a328fcfa35ca82a4cc6375ae338/screenshot - {}
RESULT: {}
COMMAND: POST /session/8ff87a328fcfa35ca82a4cc6375ae338/element - {"using":"xpath","value":"//table[contains(@id, \"listView-innerSelectionPanelTable-listUl\")]/tbody/tr[21]/td[2]/div/div"}
COMMAND: POST /session/8ff87a328fcfa35ca82a4cc6375ae338/element/f.4AFCDA83F841BD0157C4E1BB812E2537.d.B64E234F97496DA805D79B3DF9368D95.e.7819/click - {}
RESULT: {}
RESULT: {"using":"xpath","value":"//table[contains(@id, \"listView-innerSelectionPanelTable-listUl\")]/tbody/tr[21]/td[2]/div/div"}
COMMAND: POST /session/8ff87a328fcfa35ca82a4cc6375ae338/element - {"using":"xpath","value":"//table[contains(@id, \"listView-innerSelectionPanelTable-listUl\")]/tbody/tr[21]/td[2]/div"}
RESULT: {}
COMMAND: GET /session/8ff87a328fcfa35ca82a4cc6375ae338/screenshot - {}
RESULT: {"using":"xpath","value":"//table[contains(@id, \"listView-innerSelectionPanelTable-listUl\")]/tbody/tr[21]/td[2]/div"}
COMMAND: POST /session/8ff87a328fcfa35ca82a4cc6375ae338/element - {"using":"xpath","value":"//table[contains(@id, \"listView-innerSelectionPanelTable-listUl\")]/tbody/tr[21]/td[3]/div/div/span/span[1]/bdi"}
RESULT: {}
RESULT: {"using":"xpath","value":"//table[contains(@id, \"listView-innerSelectionPanelTable-listUl\")]/tbody/tr[21]/td[3]/div/div/span/span[1]/bdi"}
COMMAND: POST /session/8ff87a328fcfa35ca82a4cc6375ae338/execute/sync - {"script":"<script> [56 bytes]","args":[{"element-6066-11e4-a52e-4f735466cecf":"f.4AFCDA83F841BD0157C4E1BB812E2537.d.B64E234F97496DA805D79B3DF9368D95.e.7827","ELEMENT":"f.4AFCDA83F841BD0157C4E1BB812E2537.d.B64E234F97496DA805D79B3DF9368D95.e.7827"}]}
RESULT: {"script":"<script> [56 bytes]","args":[{"element-6066-11e4-a52e-4f735466cecf":"f.4AFCDA83F841BD0157C4E1BB812E2537.d.B64E234F97496DA805D79B3DF9368D95.e.7827","ELEMENT":"f.4AFCDA83F841BD0157C4E1BB812E2537.d.B64E234F97496DA805D79B3DF9368D95.e.7827"}]}
COMMAND: GET /session/8ff87a328fcfa35ca82a4cc6375ae338/element/f.4AFCDA83F841BD0157C4E1BB812E2537.d.B64E234F97496DA805D79B3DF9368D95.e.7826/attribute/aria-checked - {}
COMMAND: GET /session/8ff87a328fcfa35ca82a4cc6375ae338/screenshot - {}
RESULT: {}
COMMAND: POST /session/8ff87a328fcfa35ca82a4cc6375ae338/element - {"using":"xpath","value":"//table[contains(@id, \"listView-innerSelectionPanelTable-listUl\")]/tbody/tr[22]/td[2]/div/div"}
COMMAND: POST /session/8ff87a328fcfa35ca82a4cc6375ae338/element/f.4AFCDA83F841BD0157C4E1BB812E2537.d.B64E234F97496DA805D79B3DF9368D95.e.7822/click - {}
RESULT: {}
RESULT: {"using":"xpath","value":"//table[contains(@id, \"listView-innerSelectionPanelTable-listUl\")]/tbody/tr[22]/td[2]/div/div"}
COMMAND: POST /session/8ff87a328fcfa35ca82a4cc6375ae338/element - {"using":"xpath","value":"//table[contains(@id, \"listView-innerSelectionPanelTable-listUl\")]/tbody/tr[22]/td[2]/div"}
RESULT: {}
COMMAND: GET /session/8ff87a328fcfa35ca82a4cc6375ae338/screenshot - {}
RESULT: {"using":"xpath","value":"//table[contains(@id, \"listView-innerSelectionPanelTable-listUl\")]/tbody/tr[22]/td[2]/div"}
COMMAND: POST /session/8ff87a328fcfa35ca82a4cc6375ae338/element - {"using":"xpath","value":"//table[contains(@id, \"listView-innerSelectionPanelTable-listUl\")]/tbody/tr[22]/td[3]/div/div/span/span[1]/bdi"}
RESULT: {}
RESULT: {"using":"xpath","value":"//table[contains(@id, \"listView-innerSelectionPanelTable-listUl\")]/tbody/tr[22]/td[3]/div/div/span/span[1]/bdi"}
COMMAND: POST /session/8ff87a328fcfa35ca82a4cc6375ae338/execute/sync - {"script":"<script> [56 bytes]","args":[{"element-6066-11e4-a52e-4f735466cecf":"f.4AFCDA83F841BD0157C4E1BB812E2537.d.B64E234F97496DA805D79B3DF9368D95.e.7831","ELEMENT":"f.4AFCDA83F841BD0157C4E1BB812E2537.d.B64E234F97496DA805D79B3DF9368D95.e.7831"}]}
RESULT: {"script":"<script> [56 bytes]","args":[{"element-6066-11e4-a52e-4f735466cecf":"f.4AFCDA83F841BD0157C4E1BB812E2537.d.B64E234F97496DA805D79B3DF9368D95.e.7831","ELEMENT":"f.4AFCDA83F841BD0157C4E1BB812E2537.d.B64E234F97496DA805D79B3DF9368D95.e.7831"}]}
COMMAND: GET /session/8ff87a328fcfa35ca82a4cc6375ae338/element/f.4AFCDA83F841BD0157C4E1BB812E2537.d.B64E234F97496DA805D79B3DF9368D95.e.7830/attribute/aria-checked - {}
COMMAND: GET /session/8ff87a328fcfa35ca82a4cc6375ae338/screenshot - {}
RESULT: {}
COMMAND: POST /session/8ff87a328fcfa35ca82a4cc6375ae338/element - {"using":"xpath","value":"//table[contains(@id, \"listView-innerSelectionPanelTable-listUl\")]/tbody/tr[23]/td[2]/div/div"}
RESULT: {}
RESULT: {"using":"xpath","value":"//table[contains(@id, \"listView-innerSelectionPanelTable-listUl\")]/tbody/tr[23]/td[2]/div/div"}
COMMAND: POST /session/8ff87a328fcfa35ca82a4cc6375ae338/element - {"using":"xpath","value":"//table[contains(@id, \"listView-innerSelectionPanelTable-listUl\")]/tbody/tr[23]/td[2]/div"}
RESULT: {"using":"xpath","value":"//table[contains(@id, \"listView-innerSelectionPanelTable-listUl\")]/tbody/tr[23]/td[2]/div"}
COMMAND: POST /session/8ff87a328fcfa35ca82a4cc6375ae338/element - {"using":"xpath","value":"//table[contains(@id, \"listView-innerSelectionPanelTable-listUl\")]/tbody/tr[23]/td[3]/div/div/span/span[1]/bdi"}
RESULT: {"using":"xpath","value":"//table[contains(@id, \"listView-innerSelectionPanelTable-listUl\")]/tbody/tr[23]/td[3]/div/div/span/span[1]/bdi"}
COMMAND: POST /session/8ff87a328fcfa35ca82a4cc6375ae338/execute/sync - {"script":"<script> [56 bytes]","args":[{"element-6066-11e4-a52e-4f735466cecf":"f.4AFCDA83F841BD0157C4E1BB812E2537.d.B64E234F97496DA805D79B3DF9368D95.e.7834","ELEMENT":"f.4AFCDA83F841BD0157C4E1BB812E2537.d.B64E234F97496DA805D79B3DF9368D95.e.7834"}]}
RESULT: {"script":"<script> [56 bytes]","args":[{"element-6066-11e4-a52e-4f735466cecf":"f.4AFCDA83F841BD0157C4E1BB812E2537.d.B64E234F97496DA805D79B3DF9368D95.e.7834","ELEMENT":"f.4AFCDA83F841BD0157C4E1BB812E2537.d.B64E234F97496DA805D79B3DF9368D95.e.7834"}]}
COMMAND: GET /session/8ff87a328fcfa35ca82a4cc6375ae338/element/f.4AFCDA83F841BD0157C4E1BB812E2537.d.B64E234F97496DA805D79B3DF9368D95.e.7833/attribute/aria-checked - {}
COMMAND: GET /session/8ff87a328fcfa35ca82a4cc6375ae338/screenshot - {}
RESULT: {}
COMMAND: POST /session/8ff87a328fcfa35ca82a4cc6375ae338/element - {"using":"xpath","value":"//table[contains(@id, \"listView-innerSelectionPanelTable-listUl\")]/tbody/tr[24]/td[2]/div/div"}
RESULT: {}
RESULT: {"using":"xpath","value":"//table[contains(@id, \"listView-innerSelectionPanelTable-listUl\")]/tbody/tr[24]/td[2]/div/div"}
COMMAND: POST /session/8ff87a328fcfa35ca82a4cc6375ae338/element - {"using":"xpath","value":"//table[contains(@id, \"listView-innerSelectionPanelTable-listUl\")]/tbody/tr[24]/td[2]/div"}
RESULT: {"using":"xpath","value":"//table[contains(@id, \"listView-innerSelectionPanelTable-listUl\")]/tbody/tr[24]/td[2]/div"}
COMMAND: POST /session/8ff87a328fcfa35ca82a4cc6375ae338/element - {"using":"xpath","value":"//table[contains(@id, \"listView-innerSelectionPanelTable-listUl\")]/tbody/tr[24]/td[3]/div/div/span/span[1]/bdi"}
RESULT: {"using":"xpath","value":"//table[contains(@id, \"listView-innerSelectionPanelTable-listUl\")]/tbody/tr[24]/td[3]/div/div/span/span[1]/bdi"}
COMMAND: POST /session/8ff87a328fcfa35ca82a4cc6375ae338/execute/sync - {"script":"<script> [56 bytes]","args":[{"element-6066-11e4-a52e-4f735466cecf":"f.4AFCDA83F841BD0157C4E1BB812E2537.d.B64E234F97496DA805D79B3DF9368D95.e.7837","ELEMENT":"f.4AFCDA83F841BD0157C4E1BB812E2537.d.B64E234F97496DA805D79B3DF9368D95.e.7837"}]}
RESULT: {"script":"<script> [56 bytes]","args":[{"element-6066-11e4-a52e-4f735466cecf":"f.4AFCDA83F841BD0157C4E1BB812E2537.d.B64E234F97496DA805D79B3DF9368D95.e.7837","ELEMENT":"f.4AFCDA83F841BD0157C4E1BB812E2537.d.B64E234F97496DA805D79B3DF9368D95.e.7837"}]}
COMMAND: GET /session/8ff87a328fcfa35ca82a4cc6375ae338/element/f.4AFCDA83F841BD0157C4E1BB812E2537.d.B64E234F97496DA805D79B3DF9368D95.e.7836/attribute/aria-checked - {}
COMMAND: GET /session/8ff87a328fcfa35ca82a4cc6375ae338/screenshot - {}
RESULT: {}
COMMAND: POST /session/8ff87a328fcfa35ca82a4cc6375ae338/element - {"using":"xpath","value":"//table[contains(@id, \"listView-innerSelectionPanelTable-listUl\")]/tbody/tr[25]/td[2]/div/div"}
RESULT: {}
RESULT: {"using":"xpath","value":"//table[contains(@id, \"listView-innerSelectionPanelTable-listUl\")]/tbody/tr[25]/td[2]/div/div"}
COMMAND: POST /session/8ff87a328fcfa35ca82a4cc6375ae338/element - {"using":"xpath","value":"//table[contains(@id, \"listView-innerSelectionPanelTable-listUl\")]/tbody/tr[25]/td[2]/div"}
RESULT: {"using":"xpath","value":"//table[contains(@id, \"listView-innerSelectionPanelTable-listUl\")]/tbody/tr[25]/td[2]/div"}
COMMAND: POST /session/8ff87a328fcfa35ca82a4cc6375ae338/element - {"using":"xpath","value":"//table[contains(@id, \"listView-innerSelectionPanelTable-listUl\")]/tbody/tr[25]/td[3]/div/div/span/span[1]/bdi"}
RESULT: {"using":"xpath","value":"//table[contains(@id, \"listView-innerSelectionPanelTable-listUl\")]/tbody/tr[25]/td[3]/div/div/span/span[1]/bdi"}
COMMAND: POST /session/8ff87a328fcfa35ca82a4cc6375ae338/execute/sync - {"script":"<script> [56 bytes]","args":[{"element-6066-11e4-a52e-4f735466cecf":"f.4AFCDA83F841BD0157C4E1BB812E2537.d.B64E234F97496DA805D79B3DF9368D95.e.7840","ELEMENT":"f.4AFCDA83F841BD0157C4E1BB812E2537.d.B64E234F97496DA805D79B3DF9368D95.e.7840"}]}
RESULT: {"script":"<script> [56 bytes]","args":[{"element-6066-11e4-a52e-4f735466cecf":"f.4AFCDA83F841BD0157C4E1BB812E2537.d.B64E234F97496DA805D79B3DF9368D95.e.7840","ELEMENT":"f.4AFCDA83F841BD0157C4E1BB812E2537.d.B64E234F97496DA805D79B3DF9368D95.e.7840"}]}
COMMAND: GET /session/8ff87a328fcfa35ca82a4cc6375ae338/element/f.4AFCDA83F841BD0157C4E1BB812E2537.d.B64E234F97496DA805D79B3DF9368D95.e.7839/attribute/aria-checked - {}
COMMAND: GET /session/8ff87a328fcfa35ca82a4cc6375ae338/screenshot - {}
RESULT: {}
COMMAND: POST /session/8ff87a328fcfa35ca82a4cc6375ae338/element - {"using":"xpath","value":"//bdi[contains(text(), \"OK\")]"}
RESULT: {}
RESULT: {"using":"xpath","value":"//bdi[contains(text(), \"OK\")]"}
COMMAND: POST /session/8ff87a328fcfa35ca82a4cc6375ae338/element/f.4AFCDA83F841BD0157C4E1BB812E2537.d.B64E234F97496DA805D79B3DF9368D95.e.7841/click - {}
RESULT: {}
COMMAND: GET /session/8ff87a328fcfa35ca82a4cc6375ae338/screenshot - {}
RESULT: {}
COMMAND: POST /session/8ff87a328fcfa35ca82a4cc6375ae338/execute/async - {"script":"<script> [1562 bytes]","args":[{"selector":{"id":"application-managepartners-display-component---masterPtm--smartFilterBar-filterItemControlA_-LINK_TO_ADDRESSES_MAIN.ID-vhi"},"wdio_ui5_key":"applicationmanagepartners-display-component---masterPtm--smartFilterBar-filterItemControlA_-LINK_TO_ADDRESSES_MAIN.ID-vhi"}]}
RESULT: {"script":"<script> [1562 bytes]","args":[{"selector":{"id":"application-managepartners-display-component---masterPtm--smartFilterBar-filterItemControlA_-LINK_TO_ADDRESSES_MAIN.ID-vhi"},"wdio_ui5_key":"applicationmanagepartners-display-component---masterPtm--smartFilterBar-filterItemControlA_-LINK_TO_ADDRESSES_MAIN.ID-vhi"}]}
RESULT: undefined
COMMAND: POST /session/8ff87a328fcfa35ca82a4cc6375ae338/element - {"using":"xpath","value":"//*[@id=\"application-managepartners-display-component---masterPtm--smartFilterBar-filterItemControlA_-LINK_TO_ADDRESSES_MAIN.ID-vhi\"]"}
RESULT: {"using":"xpath","value":"//*[@id=\"application-managepartners-display-component---masterPtm--smartFilterBar-filterItemControlA_-LINK_TO_ADDRESSES_MAIN.ID-vhi\"]"}
COMMAND: POST /session/8ff87a328fcfa35ca82a4cc6375ae338/element/f.4AFCDA83F841BD0157C4E1BB812E2537.d.B64E234F97496DA805D79B3DF9368D95.e.7854/click - {}
RESULT: {}
COMMAND: GET /session/8ff87a328fcfa35ca82a4cc6375ae338/screenshot - {}
RESULT: {}
COMMAND: POST /session/8ff87a328fcfa35ca82a4cc6375ae338/element - {"using":"xpath","value":"//div[input[@value=\"contains\"]]//span[contains(@id, \"arrow\")]"}
RESULT: {"using":"xpath","value":"//div[input[@value=\"contains\"]]//span[contains(@id, \"arrow\")]"}
COMMAND: POST /session/8ff87a328fcfa35ca82a4cc6375ae338/element/f.4AFCDA83F841BD0157C4E1BB812E2537.d.B64E234F97496DA805D79B3DF9368D95.e.7859/click - {}
RESULT: {}
COMMAND: GET /session/8ff87a328fcfa35ca82a4cc6375ae338/screenshot - {}
RESULT: {}
COMMAND: POST /session/8ff87a328fcfa35ca82a4cc6375ae338/element - {"using":"xpath","value":"//li[.//span[text()='equal to']]"}
RESULT: {"using":"xpath","value":"//li[.//span[text()='equal to']]"}
COMMAND: POST /session/8ff87a328fcfa35ca82a4cc6375ae338/element/f.4AFCDA83F841BD0157C4E1BB812E2537.d.B64E234F97496DA805D79B3DF9368D95.e.7860/click - {}
RESULT: {}
COMMAND: GET /session/8ff87a328fcfa35ca82a4cc6375ae338/screenshot - {}
RESULT: {}
RESULT: undefined
COMMAND: POST /session/8ff87a328fcfa35ca82a4cc6375ae338/execute/async - {"script":"<script> [776 bytes]","args":[{"enterText":"1006","selector":{"controlType":"sap.m.Input","viewName":"etm.portal.ui.managepartners.view.Master","viewId":"application-managepartners-display-component---masterPtm","properties":{"valueState":"None"},"searchOpenDialogs":true,"interaction":{"idSuffix":"inner"}},"clearTextFirst":true,"interactionType":"ENTER_TEXT"}]}
RESULT: {"script":"<script> [776 bytes]","args":[{"enterText":"1006","selector":{"controlType":"sap.m.Input","viewName":"etm.portal.ui.managepartners.view.Master","viewId":"application-managepartners-display-component---masterPtm","properties":{"valueState":"None"},"searchOpenDialogs":true,"interaction":{"idSuffix":"inner"}},"clearTextFirst":true,"interactionType":"ENTER_TEXT"}]}
COMMAND: POST /session/8ff87a328fcfa35ca82a4cc6375ae338/actions - {"actions":[{"id":"action21","type":"key","parameters":{},"actions":[{"type":"keyDown","value":"î€‡"},{"type":"pause","duration":10},{"type":"keyUp","value":"î€‡"}]}]}
RESULT: {"actions":[{"id":"action21","type":"key","parameters":{},"actions":[{"type":"keyDown","value":"î€‡"},{"type":"pause","duration":10},{"type":"keyUp","value":"î€‡"}]}]}
COMMAND: GET /session/8ff87a328fcfa35ca82a4cc6375ae338/screenshot - {}
RESULT: {}
COMMAND: POST /session/8ff87a328fcfa35ca82a4cc6375ae338/element - {"using":"xpath","value":"(//bdi[contains(text(), \"OK\")])[1]"}
RESULT: {"using":"xpath","value":"(//bdi[contains(text(), \"OK\")])[1]"}
COMMAND: POST /session/8ff87a328fcfa35ca82a4cc6375ae338/element/f.4AFCDA83F841BD0157C4E1BB812E2537.d.B64E234F97496DA805D79B3DF9368D95.e.7861/click - {}
RESULT: {}
COMMAND: GET /session/8ff87a328fcfa35ca82a4cc6375ae338/screenshot - {}
RESULT: {}
COMMAND: POST /session/8ff87a328fcfa35ca82a4cc6375ae338/element - {"using":"xpath","value":"//span[@id=\"application-managepartners-display-component---masterPtm--smartTable-header-inner\"]"}
RESULT: {"using":"xpath","value":"//span[@id=\"application-managepartners-display-component---masterPtm--smartTable-header-inner\"]"}
COMMAND: POST /session/8ff87a328fcfa35ca82a4cc6375ae338/elements - {"using":"xpath","value":"//span[@id=\"application-managepartners-display-component---masterPtm--smartTable-header-inner\"]"}
RESULT: {"using":"xpath","value":"//span[@id=\"application-managepartners-display-component---masterPtm--smartTable-header-inner\"]"}
COMMAND: POST /session/8ff87a328fcfa35ca82a4cc6375ae338/execute/sync - {"script":"<script> [56 bytes]","args":[{"element-6066-11e4-a52e-4f735466cecf":"f.4AFCDA83F841BD0157C4E1BB812E2537.d.B64E234F97496DA805D79B3DF9368D95.e.7699","ELEMENT":"f.4AFCDA83F841BD0157C4E1BB812E2537.d.B64E234F97496DA805D79B3DF9368D95.e.7699"}]}
RESULT: {"script":"<script> [56 bytes]","args":[{"element-6066-11e4-a52e-4f735466cecf":"f.4AFCDA83F841BD0157C4E1BB812E2537.d.B64E234F97496DA805D79B3DF9368D95.e.7699","ELEMENT":"f.4AFCDA83F841BD0157C4E1BB812E2537.d.B64E234F97496DA805D79B3DF9368D95.e.7699"}]}
COMMAND: POST /session/8ff87a328fcfa35ca82a4cc6375ae338/element - {"using":"xpath","value":"//span[contains(@title, \"Remove\")]"}
COMMAND: GET /session/8ff87a328fcfa35ca82a4cc6375ae338/screenshot - {}
RESULT: {"using":"xpath","value":"//span[contains(@title, \"Remove\")]"}
COMMAND: POST /session/8ff87a328fcfa35ca82a4cc6375ae338/element/f.4AFCDA83F841BD0157C4E1BB812E2537.d.B64E234F97496DA805D79B3DF9368D95.e.7866/click - {}
RESULT: {}
RESULT: {}
COMMAND: GET /session/8ff87a328fcfa35ca82a4cc6375ae338/screenshot - {}
RESULT: {}
RESULT: undefined
COMMAND: POST /session/8ff87a328fcfa35ca82a4cc6375ae338/element - {"using":"xpath","value":"//*[@id=\"application-managepartners-display-component---masterPtm--smartFilterBar-filterItemControl_BASIC-YARD-vhi\"]"}
RESULT: {"using":"xpath","value":"//*[@id=\"application-managepartners-display-component---masterPtm--smartFilterBar-filterItemControl_BASIC-YARD-vhi\"]"}
COMMAND: POST /session/8ff87a328fcfa35ca82a4cc6375ae338/element/f.4AFCDA83F841BD0157C4E1BB812E2537.d.B64E234F97496DA805D79B3DF9368D95.e.7972/click - {}
RESULT: {}
COMMAND: GET /session/8ff87a328fcfa35ca82a4cc6375ae338/screenshot - {}
RESULT: {}
RESULT: undefined
COMMAND: POST /session/8ff87a328fcfa35ca82a4cc6375ae338/execute/async - {"script":"<script> [776 bytes]","args":[{"enterText":"Test","selector":{"id":"application-managepartners-display-component---masterPtm--smartFilterBar-filterItemControl_BASIC-YARD-valueHelpDialog-smartFilterBar-btnBasicSearch","searchOpenDialogs":true,"interaction":{"idSuffix":"I"}},"clearTextFirst":true,"interactionType":"ENTER_TEXT"}]}
RESULT: {"script":"<script> [776 bytes]","args":[{"enterText":"Test","selector":{"id":"application-managepartners-display-component---masterPtm--smartFilterBar-filterItemControl_BASIC-YARD-valueHelpDialog-smartFilterBar-btnBasicSearch","searchOpenDialogs":true,"interaction":{"idSuffix":"I"}},"clearTextFirst":true,"interactionType":"ENTER_TEXT"}]}
COMMAND: POST /session/8ff87a328fcfa35ca82a4cc6375ae338/actions - {"actions":[{"id":"action22","type":"key","parameters":{},"actions":[{"type":"keyDown","value":"î€‡"},{"type":"pause","duration":10},{"type":"keyUp","value":"î€‡"}]}]}
RESULT: {"actions":[{"id":"action22","type":"key","parameters":{},"actions":[{"type":"keyDown","value":"î€‡"},{"type":"pause","duration":10},{"type":"keyUp","value":"î€‡"}]}]}
COMMAND: POST /session/8ff87a328fcfa35ca82a4cc6375ae338/elements - {"using":"xpath","value":"//table[contains(@id, \"smartFilterBar-filterItemControl_BASIC-YARD-valueHelpDialog-table-table\")]/tbody/tr"}
COMMAND: GET /session/8ff87a328fcfa35ca82a4cc6375ae338/screenshot - {}
RESULT: {"using":"xpath","value":"//table[contains(@id, \"smartFilterBar-filterItemControl_BASIC-YARD-valueHelpDialog-table-table\")]/tbody/tr"}
COMMAND: POST /session/8ff87a328fcfa35ca82a4cc6375ae338/element - {"using":"xpath","value":"//table[contains(@id, \"smartFilterBar-filterItemControl_BASIC-YARD-valueHelpDialog-table-table\")]/tbody/tr[1]/td[1]/div/span"}
RESULT: {}
RESULT: {"using":"xpath","value":"//table[contains(@id, \"smartFilterBar-filterItemControl_BASIC-YARD-valueHelpDialog-table-table\")]/tbody/tr[1]/td[1]/div/span"}
COMMAND: POST /session/8ff87a328fcfa35ca82a4cc6375ae338/elements - {"using":"xpath","value":"//table[contains(@id, \"smartFilterBar-filterItemControl_BASIC-YARD-valueHelpDialog-table-table\")]/tbody/tr[1]/td[1]/div/span"}
RESULT: {"using":"xpath","value":"//table[contains(@id, \"smartFilterBar-filterItemControl_BASIC-YARD-valueHelpDialog-table-table\")]/tbody/tr[1]/td[1]/div/span"}
COMMAND: POST /session/8ff87a328fcfa35ca82a4cc6375ae338/execute/sync - {"script":"<script> [56 bytes]","args":[{"element-6066-11e4-a52e-4f735466cecf":"f.4AFCDA83F841BD0157C4E1BB812E2537.d.B64E234F97496DA805D79B3DF9368D95.e.7991","ELEMENT":"f.4AFCDA83F841BD0157C4E1BB812E2537.d.B64E234F97496DA805D79B3DF9368D95.e.7991"}]}
RESULT: {"script":"<script> [56 bytes]","args":[{"element-6066-11e4-a52e-4f735466cecf":"f.4AFCDA83F841BD0157C4E1BB812E2537.d.B64E234F97496DA805D79B3DF9368D95.e.7991","ELEMENT":"f.4AFCDA83F841BD0157C4E1BB812E2537.d.B64E234F97496DA805D79B3DF9368D95.e.7991"}]}
COMMAND: POST /session/8ff87a328fcfa35ca82a4cc6375ae338/element - {"using":"xpath","value":"//table[contains(@id, \"smartFilterBar-filterItemControl_BASIC-YARD-valueHelpDialog-table-table\")]/tbody/tr[2]/td[1]/div/span"}
COMMAND: GET /session/8ff87a328fcfa35ca82a4cc6375ae338/screenshot - {}
RESULT: {"using":"xpath","value":"//table[contains(@id, \"smartFilterBar-filterItemControl_BASIC-YARD-valueHelpDialog-table-table\")]/tbody/tr[2]/td[1]/div/span"}
COMMAND: POST /session/8ff87a328fcfa35ca82a4cc6375ae338/elements - {"using":"xpath","value":"//table[contains(@id, \"smartFilterBar-filterItemControl_BASIC-YARD-valueHelpDialog-table-table\")]/tbody/tr[2]/td[1]/div/span"}
RESULT: {}
RESULT: {"using":"xpath","value":"//table[contains(@id, \"smartFilterBar-filterItemControl_BASIC-YARD-valueHelpDialog-table-table\")]/tbody/tr[2]/td[1]/div/span"}
COMMAND: POST /session/8ff87a328fcfa35ca82a4cc6375ae338/execute/sync - {"script":"<script> [56 bytes]","args":[{"element-6066-11e4-a52e-4f735466cecf":"f.4AFCDA83F841BD0157C4E1BB812E2537.d.B64E234F97496DA805D79B3DF9368D95.e.7992","ELEMENT":"f.4AFCDA83F841BD0157C4E1BB812E2537.d.B64E234F97496DA805D79B3DF9368D95.e.7992"}]}
RESULT: {"script":"<script> [56 bytes]","args":[{"element-6066-11e4-a52e-4f735466cecf":"f.4AFCDA83F841BD0157C4E1BB812E2537.d.B64E234F97496DA805D79B3DF9368D95.e.7992","ELEMENT":"f.4AFCDA83F841BD0157C4E1BB812E2537.d.B64E234F97496DA805D79B3DF9368D95.e.7992"}]}
COMMAND: POST /session/8ff87a328fcfa35ca82a4cc6375ae338/element - {"using":"xpath","value":"//table[contains(@id, \"smartFilterBar-filterItemControl_BASIC-YARD-valueHelpDialog-table-table\")]/tbody/tr[3]/td[1]/div/span"}
COMMAND: GET /session/8ff87a328fcfa35ca82a4cc6375ae338/screenshot - {}
RESULT: {"using":"xpath","value":"//table[contains(@id, \"smartFilterBar-filterItemControl_BASIC-YARD-valueHelpDialog-table-table\")]/tbody/tr[3]/td[1]/div/span"}
COMMAND: POST /session/8ff87a328fcfa35ca82a4cc6375ae338/elements - {"using":"xpath","value":"//table[contains(@id, \"smartFilterBar-filterItemControl_BASIC-YARD-valueHelpDialog-table-table\")]/tbody/tr[3]/td[1]/div/span"}
RESULT: {}
RESULT: {"using":"xpath","value":"//table[contains(@id, \"smartFilterBar-filterItemControl_BASIC-YARD-valueHelpDialog-table-table\")]/tbody/tr[3]/td[1]/div/span"}
COMMAND: POST /session/8ff87a328fcfa35ca82a4cc6375ae338/execute/sync - {"script":"<script> [56 bytes]","args":[{"element-6066-11e4-a52e-4f735466cecf":"f.4AFCDA83F841BD0157C4E1BB812E2537.d.B64E234F97496DA805D79B3DF9368D95.e.7993","ELEMENT":"f.4AFCDA83F841BD0157C4E1BB812E2537.d.B64E234F97496DA805D79B3DF9368D95.e.7993"}]}
RESULT: {"script":"<script> [56 bytes]","args":[{"element-6066-11e4-a52e-4f735466cecf":"f.4AFCDA83F841BD0157C4E1BB812E2537.d.B64E234F97496DA805D79B3DF9368D95.e.7993","ELEMENT":"f.4AFCDA83F841BD0157C4E1BB812E2537.d.B64E234F97496DA805D79B3DF9368D95.e.7993"}]}
COMMAND: POST /session/8ff87a328fcfa35ca82a4cc6375ae338/element - {"using":"xpath","value":"//div[contains(@id, \"filterItemControl_BASIC-YARD-valueHelpDialog-table-rowsel2\")]"}
COMMAND: GET /session/8ff87a328fcfa35ca82a4cc6375ae338/screenshot - {}
RESULT: {"using":"xpath","value":"//div[contains(@id, \"filterItemControl_BASIC-YARD-valueHelpDialog-table-rowsel2\")]"}
COMMAND: POST /session/8ff87a328fcfa35ca82a4cc6375ae338/element/f.4AFCDA83F841BD0157C4E1BB812E2537.d.B64E234F97496DA805D79B3DF9368D95.e.7994/click - {}
RESULT: {}
RESULT: {}
COMMAND: GET /session/8ff87a328fcfa35ca82a4cc6375ae338/screenshot - {}
RESULT: {}
COMMAND: POST /session/8ff87a328fcfa35ca82a4cc6375ae338/element - {"using":"xpath","value":"(//bdi[contains(text(), \"OK\")])[1]"}
RESULT: {"using":"xpath","value":"(//bdi[contains(text(), \"OK\")])[1]"}
COMMAND: POST /session/8ff87a328fcfa35ca82a4cc6375ae338/element/f.4AFCDA83F841BD0157C4E1BB812E2537.d.B64E234F97496DA805D79B3DF9368D95.e.7996/click - {}
RESULT: {}
COMMAND: GET /session/8ff87a328fcfa35ca82a4cc6375ae338/screenshot - {}
RESULT: {}
COMMAND: POST /session/8ff87a328fcfa35ca82a4cc6375ae338/element - {"using":"xpath","value":"//span[@id=\"application-managepartners-display-component---masterPtm--smartTable-header-inner\"]"}
RESULT: {"using":"xpath","value":"//span[@id=\"application-managepartners-display-component---masterPtm--smartTable-header-inner\"]"}
COMMAND: POST /session/8ff87a328fcfa35ca82a4cc6375ae338/elements - {"using":"xpath","value":"//span[@id=\"application-managepartners-display-component---masterPtm--smartTable-header-inner\"]"}
RESULT: {"using":"xpath","value":"//span[@id=\"application-managepartners-display-component---masterPtm--smartTable-header-inner\"]"}
COMMAND: POST /session/8ff87a328fcfa35ca82a4cc6375ae338/execute/sync - {"script":"<script> [56 bytes]","args":[{"element-6066-11e4-a52e-4f735466cecf":"f.4AFCDA83F841BD0157C4E1BB812E2537.d.B64E234F97496DA805D79B3DF9368D95.e.7699","ELEMENT":"f.4AFCDA83F841BD0157C4E1BB812E2537.d.B64E234F97496DA805D79B3DF9368D95.e.7699"}]}
RESULT: {"script":"<script> [56 bytes]","args":[{"element-6066-11e4-a52e-4f735466cecf":"f.4AFCDA83F841BD0157C4E1BB812E2537.d.B64E234F97496DA805D79B3DF9368D95.e.7699","ELEMENT":"f.4AFCDA83F841BD0157C4E1BB812E2537.d.B64E234F97496DA805D79B3DF9368D95.e.7699"}]}
COMMAND: POST /session/8ff87a328fcfa35ca82a4cc6375ae338/element - {"using":"xpath","value":"//span[contains(@title, \"Remove\")]"}
COMMAND: GET /session/8ff87a328fcfa35ca82a4cc6375ae338/screenshot - {}
RESULT: {"using":"xpath","value":"//span[contains(@title, \"Remove\")]"}
COMMAND: POST /session/8ff87a328fcfa35ca82a4cc6375ae338/element/f.4AFCDA83F841BD0157C4E1BB812E2537.d.B64E234F97496DA805D79B3DF9368D95.e.8010/click - {}
RESULT: {}
RESULT: {}
COMMAND: GET /session/8ff87a328fcfa35ca82a4cc6375ae338/screenshot - {}
RESULT: undefined
COMMAND: POST /session/8ff87a328fcfa35ca82a4cc6375ae338/element - {"using":"xpath","value":"//*[@id=\"application-managepartners-display-component---masterPtm--smartFilterBar-filterItemControl_BASIC-MAIN_ADDRESS-vhi\"]"}
RESULT: {}
RESULT: {"using":"xpath","value":"//*[@id=\"application-managepartners-display-component---masterPtm--smartFilterBar-filterItemControl_BASIC-MAIN_ADDRESS-vhi\"]"}
COMMAND: POST /session/8ff87a328fcfa35ca82a4cc6375ae338/element/f.4AFCDA83F841BD0157C4E1BB812E2537.d.B64E234F97496DA805D79B3DF9368D95.e.8114/click - {}
RESULT: {}
COMMAND: GET /session/8ff87a328fcfa35ca82a4cc6375ae338/screenshot - {}
RESULT: {}
RESULT: undefined
COMMAND: POST /session/8ff87a328fcfa35ca82a4cc6375ae338/execute/async - {"script":"<script> [776 bytes]","args":[{"enterText":"Romania","selector":{"id":"application-managepartners-display-component---masterPtm--smartFilterBar-filterItemControl_BASIC-MAIN_ADDRESS-valueHelpDialog-smartFilterBar-btnBasicSearch","searchOpenDialogs":true,"interaction":{"idSuffix":"I"}},"clearTextFirst":true,"interactionType":"ENTER_TEXT"}]}
RESULT: {"script":"<script> [776 bytes]","args":[{"enterText":"Romania","selector":{"id":"application-managepartners-display-component---masterPtm--smartFilterBar-filterItemControl_BASIC-MAIN_ADDRESS-valueHelpDialog-smartFilterBar-btnBasicSearch","searchOpenDialogs":true,"interaction":{"idSuffix":"I"}},"clearTextFirst":true,"interactionType":"ENTER_TEXT"}]}
COMMAND: POST /session/8ff87a328fcfa35ca82a4cc6375ae338/actions - {"actions":[{"id":"action23","type":"key","parameters":{},"actions":[{"type":"keyDown","value":"î€‡"},{"type":"pause","duration":10},{"type":"keyUp","value":"î€‡"}]}]}
RESULT: {"actions":[{"id":"action23","type":"key","parameters":{},"actions":[{"type":"keyDown","value":"î€‡"},{"type":"pause","duration":10},{"type":"keyUp","value":"î€‡"}]}]}
COMMAND: POST /session/8ff87a328fcfa35ca82a4cc6375ae338/elements - {"using":"xpath","value":"//table[contains(@id, \"smartFilterBar-filterItemControl_BASIC-MAIN_ADDRESS-valueHelpDialog-table-table\")]/tbody/tr"}
COMMAND: GET /session/8ff87a328fcfa35ca82a4cc6375ae338/screenshot - {}
RESULT: {"using":"xpath","value":"//table[contains(@id, \"smartFilterBar-filterItemControl_BASIC-MAIN_ADDRESS-valueHelpDialog-table-table\")]/tbody/tr"}
COMMAND: POST /session/8ff87a328fcfa35ca82a4cc6375ae338/element - {"using":"xpath","value":"//table[contains(@id, \"smartFilterBar-filterItemControl_BASIC-MAIN_ADDRESS-valueHelpDialog-table-table\")]/tbody/tr[1]/td[1]/div/span"}
RESULT: {}
RESULT: {"using":"xpath","value":"//table[contains(@id, \"smartFilterBar-filterItemControl_BASIC-MAIN_ADDRESS-valueHelpDialog-table-table\")]/tbody/tr[1]/td[1]/div/span"}
COMMAND: POST /session/8ff87a328fcfa35ca82a4cc6375ae338/elements - {"using":"xpath","value":"//table[contains(@id, \"smartFilterBar-filterItemControl_BASIC-MAIN_ADDRESS-valueHelpDialog-table-table\")]/tbody/tr[1]/td[1]/div/span"}
RESULT: {"using":"xpath","value":"//table[contains(@id, \"smartFilterBar-filterItemControl_BASIC-MAIN_ADDRESS-valueHelpDialog-table-table\")]/tbody/tr[1]/td[1]/div/span"}
COMMAND: POST /session/8ff87a328fcfa35ca82a4cc6375ae338/execute/sync - {"script":"<script> [56 bytes]","args":[{"element-6066-11e4-a52e-4f735466cecf":"f.4AFCDA83F841BD0157C4E1BB812E2537.d.B64E234F97496DA805D79B3DF9368D95.e.8133","ELEMENT":"f.4AFCDA83F841BD0157C4E1BB812E2537.d.B64E234F97496DA805D79B3DF9368D95.e.8133"}]}
RESULT: {"script":"<script> [56 bytes]","args":[{"element-6066-11e4-a52e-4f735466cecf":"f.4AFCDA83F841BD0157C4E1BB812E2537.d.B64E234F97496DA805D79B3DF9368D95.e.8133","ELEMENT":"f.4AFCDA83F841BD0157C4E1BB812E2537.d.B64E234F97496DA805D79B3DF9368D95.e.8133"}]}
COMMAND: POST /session/8ff87a328fcfa35ca82a4cc6375ae338/element - {"using":"xpath","value":"//div[contains(@id, \"filterItemControl_BASIC-MAIN_ADDRESS-valueHelpDialog-table-rowsel0\")]"}
COMMAND: GET /session/8ff87a328fcfa35ca82a4cc6375ae338/screenshot - {}
RESULT: {"using":"xpath","value":"//div[contains(@id, \"filterItemControl_BASIC-MAIN_ADDRESS-valueHelpDialog-table-rowsel0\")]"}
COMMAND: POST /session/8ff87a328fcfa35ca82a4cc6375ae338/element/f.4AFCDA83F841BD0157C4E1BB812E2537.d.B64E234F97496DA805D79B3DF9368D95.e.8134/click - {}
RESULT: {}
RESULT: {}
COMMAND: GET /session/8ff87a328fcfa35ca82a4cc6375ae338/screenshot - {}
RESULT: {}
COMMAND: POST /session/8ff87a328fcfa35ca82a4cc6375ae338/element - {"using":"xpath","value":"(//bdi[contains(text(), \"OK\")])[1]"}
RESULT: {"using":"xpath","value":"(//bdi[contains(text(), \"OK\")])[1]"}
COMMAND: POST /session/8ff87a328fcfa35ca82a4cc6375ae338/element/f.4AFCDA83F841BD0157C4E1BB812E2537.d.B64E234F97496DA805D79B3DF9368D95.e.8136/click - {}
RESULT: {}
COMMAND: GET /session/8ff87a328fcfa35ca82a4cc6375ae338/screenshot - {}
RESULT: {}
COMMAND: POST /session/8ff87a328fcfa35ca82a4cc6375ae338/element - {"using":"xpath","value":"//span[@id=\"application-managepartners-display-component---masterPtm--smartTable-header-inner\"]"}
RESULT: {"using":"xpath","value":"//span[@id=\"application-managepartners-display-component---masterPtm--smartTable-header-inner\"]"}
COMMAND: POST /session/8ff87a328fcfa35ca82a4cc6375ae338/elements - {"using":"xpath","value":"//span[@id=\"application-managepartners-display-component---masterPtm--smartTable-header-inner\"]"}
RESULT: {"using":"xpath","value":"//span[@id=\"application-managepartners-display-component---masterPtm--smartTable-header-inner\"]"}
COMMAND: POST /session/8ff87a328fcfa35ca82a4cc6375ae338/execute/sync - {"script":"<script> [56 bytes]","args":[{"element-6066-11e4-a52e-4f735466cecf":"f.4AFCDA83F841BD0157C4E1BB812E2537.d.B64E234F97496DA805D79B3DF9368D95.e.7699","ELEMENT":"f.4AFCDA83F841BD0157C4E1BB812E2537.d.B64E234F97496DA805D79B3DF9368D95.e.7699"}]}
RESULT: {"script":"<script> [56 bytes]","args":[{"element-6066-11e4-a52e-4f735466cecf":"f.4AFCDA83F841BD0157C4E1BB812E2537.d.B64E234F97496DA805D79B3DF9368D95.e.7699","ELEMENT":"f.4AFCDA83F841BD0157C4E1BB812E2537.d.B64E234F97496DA805D79B3DF9368D95.e.7699"}]}
COMMAND: POST /session/8ff87a328fcfa35ca82a4cc6375ae338/element - {"using":"xpath","value":"//span[contains(@title, \"Remove\")]"}
COMMAND: GET /session/8ff87a328fcfa35ca82a4cc6375ae338/screenshot - {}
RESULT: {"using":"xpath","value":"//span[contains(@title, \"Remove\")]"}
COMMAND: POST /session/8ff87a328fcfa35ca82a4cc6375ae338/element/f.4AFCDA83F841BD0157C4E1BB812E2537.d.B64E234F97496DA805D79B3DF9368D95.e.8149/click - {}
RESULT: {}
RESULT: {}
COMMAND: GET /session/8ff87a328fcfa35ca82a4cc6375ae338/screenshot - {}
RESULT: {}
COMMAND: POST /session/8ff87a328fcfa35ca82a4cc6375ae338/execute/async - {"script":"<script> [1562 bytes]","args":[{"selector":{"id":"application-managepartners-display-component---masterPtm--catalogs-arrow"},"wdio_ui5_key":"applicationmanagepartners-display-component---masterPtm--catalogs-arrow"}]}
RESULT: {"script":"<script> [1562 bytes]","args":[{"selector":{"id":"application-managepartners-display-component---masterPtm--catalogs-arrow"},"wdio_ui5_key":"applicationmanagepartners-display-component---masterPtm--catalogs-arrow"}]}
RESULT: undefined
COMMAND: POST /session/8ff87a328fcfa35ca82a4cc6375ae338/element - {"using":"xpath","value":"//*[@id=\"application-managepartners-display-component---masterPtm--catalogs-arrow\"]"}
RESULT: {"using":"xpath","value":"//*[@id=\"application-managepartners-display-component---masterPtm--catalogs-arrow\"]"}
COMMAND: POST /session/8ff87a328fcfa35ca82a4cc6375ae338/element/f.4AFCDA83F841BD0157C4E1BB812E2537.d.B64E234F97496DA805D79B3DF9368D95.e.8252/click - {}
RESULT: {}
COMMAND: GET /session/8ff87a328fcfa35ca82a4cc6375ae338/screenshot - {}
RESULT: {}
COMMAND: POST /session/8ff87a328fcfa35ca82a4cc6375ae338/element - {"using":"xpath","value":"//li[.//span[text()=\"Webshop Catalog\"]]//div[contains(@class,\"sapMCbBg\")]"}
RESULT: {"using":"xpath","value":"//li[.//span[text()=\"Webshop Catalog\"]]//div[contains(@class,\"sapMCbBg\")]"}
COMMAND: POST /session/8ff87a328fcfa35ca82a4cc6375ae338/element/f.4AFCDA83F841BD0157C4E1BB812E2537.d.B64E234F97496DA805D79B3DF9368D95.e.8266/click - {}
RESULT: {}
COMMAND: GET /session/8ff87a328fcfa35ca82a4cc6375ae338/screenshot - {}
RESULT: {}
RESULT: undefined
COMMAND: POST /session/8ff87a328fcfa35ca82a4cc6375ae338/element - {"using":"xpath","value":"//*[@id=\"application-managepartners-display-component---masterPtm--catalogs-arrow\"]"}
RESULT: {"using":"xpath","value":"//*[@id=\"application-managepartners-display-component---masterPtm--catalogs-arrow\"]"}
COMMAND: POST /session/8ff87a328fcfa35ca82a4cc6375ae338/element/f.4AFCDA83F841BD0157C4E1BB812E2537.d.B64E234F97496DA805D79B3DF9368D95.e.8252/click - {}
RESULT: {}
COMMAND: POST /session/8ff87a328fcfa35ca82a4cc6375ae338/element - {"using":"xpath","value":"//span[@id=\"application-managepartners-display-component---masterPtm--smartTable-header-inner\"]"}
COMMAND: GET /session/8ff87a328fcfa35ca82a4cc6375ae338/screenshot - {}
RESULT: {"using":"xpath","value":"//span[@id=\"application-managepartners-display-component---masterPtm--smartTable-header-inner\"]"}
COMMAND: POST /session/8ff87a328fcfa35ca82a4cc6375ae338/elements - {"using":"xpath","value":"//span[@id=\"application-managepartners-display-component---masterPtm--smartTable-header-inner\"]"}
RESULT: {}
RESULT: {"using":"xpath","value":"//span[@id=\"application-managepartners-display-component---masterPtm--smartTable-header-inner\"]"}
COMMAND: POST /session/8ff87a328fcfa35ca82a4cc6375ae338/execute/sync - {"script":"<script> [56 bytes]","args":[{"element-6066-11e4-a52e-4f735466cecf":"f.4AFCDA83F841BD0157C4E1BB812E2537.d.B64E234F97496DA805D79B3DF9368D95.e.7699","ELEMENT":"f.4AFCDA83F841BD0157C4E1BB812E2537.d.B64E234F97496DA805D79B3DF9368D95.e.7699"}]}
RESULT: {"script":"<script> [56 bytes]","args":[{"element-6066-11e4-a52e-4f735466cecf":"f.4AFCDA83F841BD0157C4E1BB812E2537.d.B64E234F97496DA805D79B3DF9368D95.e.7699","ELEMENT":"f.4AFCDA83F841BD0157C4E1BB812E2537.d.B64E234F97496DA805D79B3DF9368D95.e.7699"}]}
COMMAND: POST /session/8ff87a328fcfa35ca82a4cc6375ae338/element - {"using":"xpath","value":"//span[contains(@title, \"Remove\")]"}
COMMAND: GET /session/8ff87a328fcfa35ca82a4cc6375ae338/screenshot - {}
RESULT: {"using":"xpath","value":"//span[contains(@title, \"Remove\")]"}
COMMAND: POST /session/8ff87a328fcfa35ca82a4cc6375ae338/element/f.4AFCDA83F841BD0157C4E1BB812E2537.d.B64E234F97496DA805D79B3DF9368D95.e.8281/click - {}
RESULT: {}
RESULT: {}
COMMAND: GET /session/8ff87a328fcfa35ca82a4cc6375ae338/screenshot - {}
RESULT: {}
COMMAND: POST /session/8ff87a328fcfa35ca82a4cc6375ae338/execute/async - {"script":"<script> [1562 bytes]","args":[{"selector":{"id":"application-managepartners-display-component---masterPtm--currencies-arrow"},"wdio_ui5_key":"applicationmanagepartners-display-component---masterPtm--currencies-arrow"}]}
RESULT: {"script":"<script> [1562 bytes]","args":[{"selector":{"id":"application-managepartners-display-component---masterPtm--currencies-arrow"},"wdio_ui5_key":"applicationmanagepartners-display-component---masterPtm--currencies-arrow"}]}
RESULT: undefined
COMMAND: POST /session/8ff87a328fcfa35ca82a4cc6375ae338/element - {"using":"xpath","value":"//*[@id=\"application-managepartners-display-component---masterPtm--currencies-arrow\"]"}
RESULT: {"using":"xpath","value":"//*[@id=\"application-managepartners-display-component---masterPtm--currencies-arrow\"]"}
COMMAND: POST /session/8ff87a328fcfa35ca82a4cc6375ae338/element/f.4AFCDA83F841BD0157C4E1BB812E2537.d.B64E234F97496DA805D79B3DF9368D95.e.8396/click - {}
RESULT: {}
COMMAND: GET /session/8ff87a328fcfa35ca82a4cc6375ae338/screenshot - {}
RESULT: {}
COMMAND: POST /session/8ff87a328fcfa35ca82a4cc6375ae338/element - {"using":"xpath","value":"//li[.//span[text()=\"US Dollar\"]]//div[contains(@class,\"sapMCbBg\")]"}
RESULT: {"using":"xpath","value":"//li[.//span[text()=\"US Dollar\"]]//div[contains(@class,\"sapMCbBg\")]"}
COMMAND: POST /session/8ff87a328fcfa35ca82a4cc6375ae338/element/f.4AFCDA83F841BD0157C4E1BB812E2537.d.B64E234F97496DA805D79B3DF9368D95.e.8399/click - {}
RESULT: {}
COMMAND: GET /session/8ff87a328fcfa35ca82a4cc6375ae338/screenshot - {}
RESULT: {}
RESULT: undefined
COMMAND: POST /session/8ff87a328fcfa35ca82a4cc6375ae338/element - {"using":"xpath","value":"//*[@id=\"application-managepartners-display-component---masterPtm--currencies-arrow\"]"}
RESULT: {"using":"xpath","value":"//*[@id=\"application-managepartners-display-component---masterPtm--currencies-arrow\"]"}
COMMAND: POST /session/8ff87a328fcfa35ca82a4cc6375ae338/element/f.4AFCDA83F841BD0157C4E1BB812E2537.d.B64E234F97496DA805D79B3DF9368D95.e.8396/click - {}
RESULT: {}
COMMAND: POST /session/8ff87a328fcfa35ca82a4cc6375ae338/element - {"using":"xpath","value":"//span[@id=\"application-managepartners-display-component---masterPtm--smartTable-header-inner\"]"}
COMMAND: GET /session/8ff87a328fcfa35ca82a4cc6375ae338/screenshot - {}
RESULT: {"using":"xpath","value":"//span[@id=\"application-managepartners-display-component---masterPtm--smartTable-header-inner\"]"}
COMMAND: POST /session/8ff87a328fcfa35ca82a4cc6375ae338/elements - {"using":"xpath","value":"//span[@id=\"application-managepartners-display-component---masterPtm--smartTable-header-inner\"]"}
RESULT: {}
RESULT: {"using":"xpath","value":"//span[@id=\"application-managepartners-display-component---masterPtm--smartTable-header-inner\"]"}
COMMAND: POST /session/8ff87a328fcfa35ca82a4cc6375ae338/execute/sync - {"script":"<script> [56 bytes]","args":[{"element-6066-11e4-a52e-4f735466cecf":"f.4AFCDA83F841BD0157C4E1BB812E2537.d.B64E234F97496DA805D79B3DF9368D95.e.7699","ELEMENT":"f.4AFCDA83F841BD0157C4E1BB812E2537.d.B64E234F97496DA805D79B3DF9368D95.e.7699"}]}
RESULT: {"script":"<script> [56 bytes]","args":[{"element-6066-11e4-a52e-4f735466cecf":"f.4AFCDA83F841BD0157C4E1BB812E2537.d.B64E234F97496DA805D79B3DF9368D95.e.7699","ELEMENT":"f.4AFCDA83F841BD0157C4E1BB812E2537.d.B64E234F97496DA805D79B3DF9368D95.e.7699"}]}
COMMAND: POST /session/8ff87a328fcfa35ca82a4cc6375ae338/element - {"using":"xpath","value":"//span[contains(@title, \"Remove\")]"}
COMMAND: GET /session/8ff87a328fcfa35ca82a4cc6375ae338/screenshot - {}
RESULT: {"using":"xpath","value":"//span[contains(@title, \"Remove\")]"}
COMMAND: POST /session/8ff87a328fcfa35ca82a4cc6375ae338/element/f.4AFCDA83F841BD0157C4E1BB812E2537.d.B64E234F97496DA805D79B3DF9368D95.e.8500/click - {}
RESULT: {}
RESULT: {}
COMMAND: GET /session/8ff87a328fcfa35ca82a4cc6375ae338/screenshot - {}
COMMAND: POST /session/8ff87a328fcfa35ca82a4cc6375ae338/execute/async - {"script":"<script> [1562 bytes]","args":[{"selector":{"id":"application-managepartners-display-component---masterPtm--languages-arrow"},"wdio_ui5_key":"applicationmanagepartners-display-component---masterPtm--languages-arrow"}]}
RESULT: {}
RESULT: {"script":"<script> [1562 bytes]","args":[{"selector":{"id":"application-managepartners-display-component---masterPtm--languages-arrow"},"wdio_ui5_key":"applicationmanagepartners-display-component---masterPtm--languages-arrow"}]}
RESULT: undefined
COMMAND: POST /session/8ff87a328fcfa35ca82a4cc6375ae338/element - {"using":"xpath","value":"//*[@id=\"application-managepartners-display-component---masterPtm--languages-arrow\"]"}
RESULT: {"using":"xpath","value":"//*[@id=\"application-managepartners-display-component---masterPtm--languages-arrow\"]"}
COMMAND: POST /session/8ff87a328fcfa35ca82a4cc6375ae338/element/f.4AFCDA83F841BD0157C4E1BB812E2537.d.B64E234F97496DA805D79B3DF9368D95.e.8592/click - {}
RESULT: {}
COMMAND: GET /session/8ff87a328fcfa35ca82a4cc6375ae338/screenshot - {}
RESULT: {}
COMMAND: POST /session/8ff87a328fcfa35ca82a4cc6375ae338/element - {"using":"xpath","value":"//li[.//span[text()=\"German\"]]//div[contains(@class,\"sapMCbBg\")]"}
RESULT: {"using":"xpath","value":"//li[.//span[text()=\"German\"]]//div[contains(@class,\"sapMCbBg\")]"}
COMMAND: POST /session/8ff87a328fcfa35ca82a4cc6375ae338/element/f.4AFCDA83F841BD0157C4E1BB812E2537.d.B64E234F97496DA805D79B3DF9368D95.e.8636/click - {}
RESULT: {}
COMMAND: GET /session/8ff87a328fcfa35ca82a4cc6375ae338/screenshot - {}
RESULT: {}
RESULT: undefined
COMMAND: POST /session/8ff87a328fcfa35ca82a4cc6375ae338/element - {"using":"xpath","value":"//*[@id=\"application-managepartners-display-component---masterPtm--languages-arrow\"]"}
RESULT: {"using":"xpath","value":"//*[@id=\"application-managepartners-display-component---masterPtm--languages-arrow\"]"}
COMMAND: POST /session/8ff87a328fcfa35ca82a4cc6375ae338/element/f.4AFCDA83F841BD0157C4E1BB812E2537.d.B64E234F97496DA805D79B3DF9368D95.e.8592/click - {}
RESULT: {}
COMMAND: POST /session/8ff87a328fcfa35ca82a4cc6375ae338/element - {"using":"xpath","value":"//span[@id=\"application-managepartners-display-component---masterPtm--smartTable-header-inner\"]"}
COMMAND: GET /session/8ff87a328fcfa35ca82a4cc6375ae338/screenshot - {}
RESULT: {"using":"xpath","value":"//span[@id=\"application-managepartners-display-component---masterPtm--smartTable-header-inner\"]"}
COMMAND: POST /session/8ff87a328fcfa35ca82a4cc6375ae338/elements - {"using":"xpath","value":"//span[@id=\"application-managepartners-display-component---masterPtm--smartTable-header-inner\"]"}
RESULT: {}
RESULT: {"using":"xpath","value":"//span[@id=\"application-managepartners-display-component---masterPtm--smartTable-header-inner\"]"}
COMMAND: POST /session/8ff87a328fcfa35ca82a4cc6375ae338/execute/sync - {"script":"<script> [56 bytes]","args":[{"element-6066-11e4-a52e-4f735466cecf":"f.4AFCDA83F841BD0157C4E1BB812E2537.d.B64E234F97496DA805D79B3DF9368D95.e.7699","ELEMENT":"f.4AFCDA83F841BD0157C4E1BB812E2537.d.B64E234F97496DA805D79B3DF9368D95.e.7699"}]}
RESULT: {"script":"<script> [56 bytes]","args":[{"element-6066-11e4-a52e-4f735466cecf":"f.4AFCDA83F841BD0157C4E1BB812E2537.d.B64E234F97496DA805D79B3DF9368D95.e.7699","ELEMENT":"f.4AFCDA83F841BD0157C4E1BB812E2537.d.B64E234F97496DA805D79B3DF9368D95.e.7699"}]}
COMMAND: POST /session/8ff87a328fcfa35ca82a4cc6375ae338/element - {"using":"css selector","value":"#shell-header-logo"}
COMMAND: GET /session/8ff87a328fcfa35ca82a4cc6375ae338/screenshot - {}
RESULT: {"using":"css selector","value":"#shell-header-logo"}
COMMAND: POST /session/8ff87a328fcfa35ca82a4cc6375ae338/element/f.4AFCDA83F841BD0157C4E1BB812E2537.d.B64E234F97496DA805D79B3DF9368D95.e.7525/click - {}
RESULT: {}
RESULT: {}
COMMAND: GET /session/8ff87a328fcfa35ca82a4cc6375ae338/screenshot - {}
RESULT: {}
COMMAND: DELETE /session/8ff87a328fcfa35ca82a4cc6375ae338 - {}
RESULT: {}
]]></system-out>
    </testcase>
  </testsuite>
</testsuites>