<?xml version="1.0" encoding="UTF-8"?>
<testsuites tests="24" failures="0" errors="0" skipped="0">
  <testsuite timestamp="2025-04-17T15:41:10" time="556.364" tests="5" failures="0" errors="0" skipped="0">
    <properties>
      <property name="specId" value="0"/>
      <property name="suiteName" value="Manage Requests Tags Tests US120163"/>
      <property name="capabilities" value="chrome.135_0_7049_42.windows"/>
      <property name="file" value="file:///D:/a/1/s/test/specs/R2C/create-request-Tags.spec.js"/>
    </properties>
    <testcase classname="chrome.135_0_7049_42.windows.Manage_Requests_Tags_Tests_US120163" name="Should create a new yard" time="116.475">
      <system-out><![CDATA[
COMMAND: POST /session/eacf8bccc3b349b538ac2f1863989237/execute/async - {"script":"<script> [1562 bytes]","args":[{"selector":{"controlType":"sap.m.GenericTile","properties":{"header":"Manage Yards"}},"wdio_ui5_key":"sapm.GenericTile{\"header\":\"Manage Yards\"}"}]}
RESULT: {"script":"<script> [1562 bytes]","args":[{"selector":{"controlType":"sap.m.GenericTile","properties":{"header":"Manage Yards"}},"wdio_ui5_key":"sapm.GenericTile{\"header\":\"Manage Yards\"}"}]}
RESULT: undefined
COMMAND: POST /session/eacf8bccc3b349b538ac2f1863989237/element - {"using":"xpath","value":"//*[@id=\"__tile41\"]"}
RESULT: {"using":"xpath","value":"//*[@id=\"__tile41\"]"}
COMMAND: POST /session/eacf8bccc3b349b538ac2f1863989237/element/f.11D6377D86A94FC2ADAA7D32FFC9D30E.d.D8BBD72ABBB9CDEB5E2D9E54779DDD79.e.112/click - {}
RESULT: {}
COMMAND: GET /session/eacf8bccc3b349b538ac2f1863989237/screenshot - {}
RESULT: {}
COMMAND: POST /session/eacf8bccc3b349b538ac2f1863989237/execute/async - {"script":"<script> [1562 bytes]","args":[{"selector":{"controlType":"sap.ui.core.Icon","viewName":"etm.portal.ui.manageyards.view.Master","viewId":"application-manageyards-display-component---masterYard","properties":{"src":{"regex":{"source":"add"}}}},"wdio_ui5_key":"etmportal.ui.manageyards.view.Mastersap.ui.core.Icon{\"src\":{\"regex\":{\"source\":\"add\"}}}"}]}
RESULT: {"script":"<script> [1562 bytes]","args":[{"selector":{"controlType":"sap.ui.core.Icon","viewName":"etm.portal.ui.manageyards.view.Master","viewId":"application-manageyards-display-component---masterYard","properties":{"src":{"regex":{"source":"add"}}}},"wdio_ui5_key":"etmportal.ui.manageyards.view.Mastersap.ui.core.Icon{\"src\":{\"regex\":{\"source\":\"add\"}}}"}]}
RESULT: undefined
COMMAND: POST /session/eacf8bccc3b349b538ac2f1863989237/element - {"using":"xpath","value":"//*[@id=\"__button4-img\"]"}
RESULT: {"using":"xpath","value":"//*[@id=\"__button4-img\"]"}
COMMAND: POST /session/eacf8bccc3b349b538ac2f1863989237/element/f.11D6377D86A94FC2ADAA7D32FFC9D30E.d.D8BBD72ABBB9CDEB5E2D9E54779DDD79.e.158/click - {}
RESULT: {}
COMMAND: GET /session/eacf8bccc3b349b538ac2f1863989237/screenshot - {}
RESULT: {}
COMMAND: POST /session/eacf8bccc3b349b538ac2f1863989237/execute/async - {"script":"<script> [1562 bytes]","args":[{"selector":{"id":"application-manageyards-display-component---NewYard--yardId","interaction":{"idSuffix":"inner"}},"wdio_ui5_key":"applicationmanageyards-display-component---NewYard--yardId"}]}
RESULT: {"script":"<script> [1562 bytes]","args":[{"selector":{"id":"application-manageyards-display-component---NewYard--yardId","interaction":{"idSuffix":"inner"}},"wdio_ui5_key":"applicationmanageyards-display-component---NewYard--yardId"}]}
RESULT: undefined
COMMAND: POST /session/eacf8bccc3b349b538ac2f1863989237/element - {"using":"xpath","value":"//*[@id=\"application-manageyards-display-component---NewYard--addressDetailDetailsName1-inner\"]"}
RESULT: {"using":"xpath","value":"//*[@id=\"application-manageyards-display-component---NewYard--addressDetailDetailsName1-inner\"]"}
COMMAND: POST /session/eacf8bccc3b349b538ac2f1863989237/element/f.11D6377D86A94FC2ADAA7D32FFC9D30E.d.D8BBD72ABBB9CDEB5E2D9E54779DDD79.e.370/clear - {}
RESULT: {}
COMMAND: POST /session/eacf8bccc3b349b538ac2f1863989237/element/f.11D6377D86A94FC2ADAA7D32FFC9D30E.d.D8BBD72ABBB9CDEB5E2D9E54779DDD79.e.370/value - {"text":"WebdriverYard1i0u3"}
COMMAND: GET /session/eacf8bccc3b349b538ac2f1863989237/screenshot - {}
RESULT: {"text":"WebdriverYard1i0u3"}
COMMAND: POST /session/eacf8bccc3b349b538ac2f1863989237/element - {"using":"xpath","value":"//*[@id=\"application-manageyards-display-component---NewYard--addressDetailDetailsLanguage-inner\"]"}
COMMAND: GET /session/eacf8bccc3b349b538ac2f1863989237/screenshot - {}
RESULT: {}
RESULT: {"using":"xpath","value":"//*[@id=\"application-manageyards-display-component---NewYard--addressDetailDetailsLanguage-inner\"]"}
COMMAND: POST /session/eacf8bccc3b349b538ac2f1863989237/element/f.11D6377D86A94FC2ADAA7D32FFC9D30E.d.D8BBD72ABBB9CDEB5E2D9E54779DDD79.e.371/clear - {}
RESULT: {}
RESULT: {}
COMMAND: POST /session/eacf8bccc3b349b538ac2f1863989237/element/f.11D6377D86A94FC2ADAA7D32FFC9D30E.d.D8BBD72ABBB9CDEB5E2D9E54779DDD79.e.371/value - {"text":"Romanian"}
COMMAND: GET /session/eacf8bccc3b349b538ac2f1863989237/screenshot - {}
RESULT: {"text":"Romanian"}
COMMAND: POST /session/eacf8bccc3b349b538ac2f1863989237/element - {"using":"xpath","value":"//input[contains(@id ,\"application-manageyards-display-component---NewYard--addressDetailDetailsName1-inner\")]"}
COMMAND: GET /session/eacf8bccc3b349b538ac2f1863989237/screenshot - {}
RESULT: {}
RESULT: {"using":"xpath","value":"//input[contains(@id ,\"application-manageyards-display-component---NewYard--addressDetailDetailsName1-inner\")]"}
COMMAND: GET /session/eacf8bccc3b349b538ac2f1863989237/element/f.11D6377D86A94FC2ADAA7D32FFC9D30E.d.D8BBD72ABBB9CDEB5E2D9E54779DDD79.e.370/property/value - {}
RESULT: {}
RESULT: {}
COMMAND: GET /session/eacf8bccc3b349b538ac2f1863989237/screenshot - {}
RESULT: {}
COMMAND: POST /session/eacf8bccc3b349b538ac2f1863989237/element - {"using":"xpath","value":"//*[@id=\"application-manageyards-display-component---NewYard--addressDetailDetailsCity1-inner\"]"}
RESULT: {"using":"xpath","value":"//*[@id=\"application-manageyards-display-component---NewYard--addressDetailDetailsCity1-inner\"]"}
COMMAND: POST /session/eacf8bccc3b349b538ac2f1863989237/element/f.11D6377D86A94FC2ADAA7D32FFC9D30E.d.D8BBD72ABBB9CDEB5E2D9E54779DDD79.e.373/clear - {}
RESULT: {}
COMMAND: POST /session/eacf8bccc3b349b538ac2f1863989237/element/f.11D6377D86A94FC2ADAA7D32FFC9D30E.d.D8BBD72ABBB9CDEB5E2D9E54779DDD79.e.373/value - {"text":"Bucuresti"}
COMMAND: GET /session/eacf8bccc3b349b538ac2f1863989237/screenshot - {}
RESULT: {"text":"Bucuresti"}
COMMAND: GET /session/eacf8bccc3b349b538ac2f1863989237/screenshot - {}
RESULT: {}
RESULT: {}
COMMAND: POST /session/eacf8bccc3b349b538ac2f1863989237/element - {"using":"xpath","value":"//*[@id=\"application-manageyards-display-component---NewYard--addressDetailDetailsCountry-inner\"]"}
RESULT: {"using":"xpath","value":"//*[@id=\"application-manageyards-display-component---NewYard--addressDetailDetailsCountry-inner\"]"}
COMMAND: POST /session/eacf8bccc3b349b538ac2f1863989237/element/f.11D6377D86A94FC2ADAA7D32FFC9D30E.d.D8BBD72ABBB9CDEB5E2D9E54779DDD79.e.377/clear - {}
RESULT: {}
COMMAND: POST /session/eacf8bccc3b349b538ac2f1863989237/element/f.11D6377D86A94FC2ADAA7D32FFC9D30E.d.D8BBD72ABBB9CDEB5E2D9E54779DDD79.e.377/value - {"text":"Romania"}
COMMAND: GET /session/eacf8bccc3b349b538ac2f1863989237/screenshot - {}
RESULT: {"text":"Romania"}
COMMAND: GET /session/eacf8bccc3b349b538ac2f1863989237/screenshot - {}
RESULT: {}
RESULT: {}
COMMAND: POST /session/eacf8bccc3b349b538ac2f1863989237/element - {"using":"xpath","value":"//div[contains(text(), \"Commercial\")]"}
RESULT: {"using":"xpath","value":"//div[contains(text(), \"Commercial\")]"}
COMMAND: GET /session/eacf8bccc3b349b538ac2f1863989237/element/f.11D6377D86A94FC2ADAA7D32FFC9D30E.d.D8BBD72ABBB9CDEB5E2D9E54779DDD79.e.573/rect - {}
RESULT: {}
COMMAND: GET /session/eacf8bccc3b349b538ac2f1863989237/window/rect - {}
RESULT: {}
COMMAND: POST /session/eacf8bccc3b349b538ac2f1863989237/execute/sync - {"script":"<script> [92 bytes]","args":[]}
RESULT: {"script":"<script> [92 bytes]","args":[]}
COMMAND: POST /session/eacf8bccc3b349b538ac2f1863989237/actions - {"actions":[{"id":"action1","type":"wheel","parameters":{},"actions":[{"type":"scroll","x":-1841,"y":-44,"deltaX":0,"deltaY":0,"duration":0,"origin":{"element-6066-11e4-a52e-4f735466cecf":"f.11D6377D86A94FC2ADAA7D32FFC9D30E.d.D8BBD72ABBB9CDEB5E2D9E54779DDD79.e.573"}}]}]}
COMMAND: GET /session/eacf8bccc3b349b538ac2f1863989237/screenshot - {}
RESULT: {}
COMMAND: POST /session/eacf8bccc3b349b538ac2f1863989237/execute/sync - {"script":"<script> [79 bytes]","args":[{"element-6066-11e4-a52e-4f735466cecf":"f.11D6377D86A94FC2ADAA7D32FFC9D30E.d.D8BBD72ABBB9CDEB5E2D9E54779DDD79.e.573","ELEMENT":"f.11D6377D86A94FC2ADAA7D32FFC9D30E.d.D8BBD72ABBB9CDEB5E2D9E54779DDD79.e.573"},{"block":"start","inline":"nearest"}]}
RESULT: {"script":"<script> [79 bytes]","args":[{"element-6066-11e4-a52e-4f735466cecf":"f.11D6377D86A94FC2ADAA7D32FFC9D30E.d.D8BBD72ABBB9CDEB5E2D9E54779DDD79.e.573","ELEMENT":"f.11D6377D86A94FC2ADAA7D32FFC9D30E.d.D8BBD72ABBB9CDEB5E2D9E54779DDD79.e.573"},{"block":"start","inline":"nearest"}]}
COMMAND: GET /session/eacf8bccc3b349b538ac2f1863989237/screenshot - {}
RESULT: {}
COMMAND: POST /session/eacf8bccc3b349b538ac2f1863989237/execute/async - {"script":"<script> [1562 bytes]","args":[{"selector":{"id":"application-manageyards-display-component---NewYard--addressEditDetailsCostObjectCstType-arrow"},"wdio_ui5_key":"applicationmanageyards-display-component---NewYard--addressEditDetailsCostObjectCstType-arrow"}]}
RESULT: {"script":"<script> [1562 bytes]","args":[{"selector":{"id":"application-manageyards-display-component---NewYard--addressEditDetailsCostObjectCstType-arrow"},"wdio_ui5_key":"applicationmanageyards-display-component---NewYard--addressEditDetailsCostObjectCstType-arrow"}]}
RESULT: undefined
COMMAND: POST /session/eacf8bccc3b349b538ac2f1863989237/element - {"using":"xpath","value":"//*[@id=\"application-manageyards-display-component---NewYard--addressEditDetailsCostObjectCstType-arrow\"]"}
RESULT: {"using":"xpath","value":"//*[@id=\"application-manageyards-display-component---NewYard--addressEditDetailsCostObjectCstType-arrow\"]"}
COMMAND: POST /session/eacf8bccc3b349b538ac2f1863989237/element/f.11D6377D86A94FC2ADAA7D32FFC9D30E.d.D8BBD72ABBB9CDEB5E2D9E54779DDD79.e.582/click - {}
RESULT: {}
COMMAND: POST /session/eacf8bccc3b349b538ac2f1863989237/element - {"using":"xpath","value":"//span[contains(text(), \"Cost Center\")]"}
COMMAND: GET /session/eacf8bccc3b349b538ac2f1863989237/screenshot - {}
RESULT: {"using":"xpath","value":"//span[contains(text(), \"Cost Center\")]"}
COMMAND: POST /session/eacf8bccc3b349b538ac2f1863989237/element/f.11D6377D86A94FC2ADAA7D32FFC9D30E.d.D8BBD72ABBB9CDEB5E2D9E54779DDD79.e.583/click - {}
RESULT: {}
RESULT: {}
COMMAND: GET /session/eacf8bccc3b349b538ac2f1863989237/screenshot - {}
RESULT: {}
COMMAND: POST /session/eacf8bccc3b349b538ac2f1863989237/execute/async - {"script":"<script> [1562 bytes]","args":[{"selector":{"id":"application-manageyards-display-component---NewYard--addressNewCostObjectCstID-vhi"},"wdio_ui5_key":"applicationmanageyards-display-component---NewYard--addressNewCostObjectCstID-vhi"}]}
RESULT: {"script":"<script> [1562 bytes]","args":[{"selector":{"id":"application-manageyards-display-component---NewYard--addressNewCostObjectCstID-vhi"},"wdio_ui5_key":"applicationmanageyards-display-component---NewYard--addressNewCostObjectCstID-vhi"}]}
RESULT: undefined
COMMAND: POST /session/eacf8bccc3b349b538ac2f1863989237/element - {"using":"xpath","value":"//*[@id=\"application-manageyards-display-component---NewYard--addressNewCostObjectCstID-vhi\"]"}
RESULT: {"using":"xpath","value":"//*[@id=\"application-manageyards-display-component---NewYard--addressNewCostObjectCstID-vhi\"]"}
COMMAND: POST /session/eacf8bccc3b349b538ac2f1863989237/element/f.11D6377D86A94FC2ADAA7D32FFC9D30E.d.D8BBD72ABBB9CDEB5E2D9E54779DDD79.e.597/click - {}
RESULT: {}
COMMAND: GET /session/eacf8bccc3b349b538ac2f1863989237/screenshot - {}
RESULT: {}
COMMAND: POST /session/eacf8bccc3b349b538ac2f1863989237/execute/async - {"script":"<script> [1562 bytes]","args":[{"selector":{"controlType":"sap.m.SearchField","properties":{"placeholder":"Search"},"searchOpenDialogs":true,"interaction":{"idSuffix":"I"}},"wdio_ui5_key":"sapm.SearchField{\"placeholder\":\"Search\"}"}]}
RESULT: {"script":"<script> [1562 bytes]","args":[{"selector":{"controlType":"sap.m.SearchField","properties":{"placeholder":"Search"},"searchOpenDialogs":true,"interaction":{"idSuffix":"I"}},"wdio_ui5_key":"sapm.SearchField{\"placeholder\":\"Search\"}"}]}
RESULT: undefined
COMMAND: POST /session/eacf8bccc3b349b538ac2f1863989237/execute/async - {"script":"<script> [776 bytes]","args":[{"enterText":"10001013","selector":{"controlType":"sap.m.SearchField","properties":{"placeholder":"Search"},"searchOpenDialogs":true,"interaction":{"idSuffix":"I"}},"clearTextFirst":true,"interactionType":"ENTER_TEXT"}]}
RESULT: {"script":"<script> [776 bytes]","args":[{"enterText":"10001013","selector":{"controlType":"sap.m.SearchField","properties":{"placeholder":"Search"},"searchOpenDialogs":true,"interaction":{"idSuffix":"I"}},"clearTextFirst":true,"interactionType":"ENTER_TEXT"}]}
COMMAND: POST /session/eacf8bccc3b349b538ac2f1863989237/actions - {"actions":[{"id":"action2","type":"key","parameters":{},"actions":[{"type":"keyDown","value":""},{"type":"pause","duration":10},{"type":"keyUp","value":""}]}]}
RESULT: {"actions":[{"id":"action2","type":"key","parameters":{},"actions":[{"type":"keyDown","value":""},{"type":"pause","duration":10},{"type":"keyUp","value":""}]}]}
COMMAND: GET /session/eacf8bccc3b349b538ac2f1863989237/screenshot - {}
RESULT: {}
COMMAND: POST /session/eacf8bccc3b349b538ac2f1863989237/element - {"using":"xpath","value":"//span[contains(text(), \"General Management\")]"}
RESULT: {"using":"xpath","value":"//span[contains(text(), \"General Management\")]"}
COMMAND: POST /session/eacf8bccc3b349b538ac2f1863989237/element/f.11D6377D86A94FC2ADAA7D32FFC9D30E.d.D8BBD72ABBB9CDEB5E2D9E54779DDD79.e.637/click - {}
RESULT: {}
COMMAND: GET /session/eacf8bccc3b349b538ac2f1863989237/screenshot - {}
RESULT: {}
COMMAND: POST /session/eacf8bccc3b349b538ac2f1863989237/element - {"using":"xpath","value":"//bdi[contains(text(), \"OK\")]"}
RESULT: {"using":"xpath","value":"//bdi[contains(text(), \"OK\")]"}
COMMAND: POST /session/eacf8bccc3b349b538ac2f1863989237/element/f.11D6377D86A94FC2ADAA7D32FFC9D30E.d.D8BBD72ABBB9CDEB5E2D9E54779DDD79.e.638/click - {}
RESULT: {}
COMMAND: GET /session/eacf8bccc3b349b538ac2f1863989237/screenshot - {}
RESULT: {}
COMMAND: POST /session/eacf8bccc3b349b538ac2f1863989237/execute/async - {"script":"<script> [1562 bytes]","args":[{"selector":{"controlType":"sap.m.Button","viewName":"etm.portal.ui.manageyards.view.New","viewId":"application-manageyards-display-component---NewYard","i18NText":{"propertyName":"text","key":"save"},"interaction":{"idSuffix":"inner"}},"wdio_ui5_key":"etmportal.ui.manageyards.view.Newsap.m.Button{\"propertyName\":\"text\",\"key\":\"save\"}"}]}
RESULT: {"script":"<script> [1562 bytes]","args":[{"selector":{"controlType":"sap.m.Button","viewName":"etm.portal.ui.manageyards.view.New","viewId":"application-manageyards-display-component---NewYard","i18NText":{"propertyName":"text","key":"save"},"interaction":{"idSuffix":"inner"}},"wdio_ui5_key":"etmportal.ui.manageyards.view.Newsap.m.Button{\"propertyName\":\"text\",\"key\":\"save\"}"}]}
RESULT: undefined
COMMAND: POST /session/eacf8bccc3b349b538ac2f1863989237/element - {"using":"xpath","value":"//*[@id=\"__button18\"]"}
RESULT: {"using":"xpath","value":"//*[@id=\"__button18\"]"}
COMMAND: POST /session/eacf8bccc3b349b538ac2f1863989237/element/f.11D6377D86A94FC2ADAA7D32FFC9D30E.d.D8BBD72ABBB9CDEB5E2D9E54779DDD79.e.552/click - {}
RESULT: {}
COMMAND: GET /session/eacf8bccc3b349b538ac2f1863989237/screenshot - {}
RESULT: {}
COMMAND: POST /session/eacf8bccc3b349b538ac2f1863989237/element - {"using":"xpath","value":"//header/div/div[2]/div[2]/span"}
RESULT: {"using":"xpath","value":"//header/div/div[2]/div[2]/span"}
COMMAND: GET /session/eacf8bccc3b349b538ac2f1863989237/element/f.11D6377D86A94FC2ADAA7D32FFC9D30E.d.D8BBD72ABBB9CDEB5E2D9E54779DDD79.e.836/text - {}
RESULT: {}
COMMAND: POST /session/eacf8bccc3b349b538ac2f1863989237/execute/async - {"script":"<script> [1562 bytes]","args":[{"selector":{"controlType":"sap.m.OverflowToolbarButton","viewName":"etm.portal.ui.manageyards.view.Detail","viewId":"application-manageyards-display-component---detailYard","i18NText":{"propertyName":"tooltip","key":"closeColumn"},"interaction":{"idSuffix":"inner"}},"wdio_ui5_key":"etmportal.ui.manageyards.view.Detailsap.m.OverflowToolbarButton{\"propertyName\":\"tooltip\",\"key\":\"closeColumn\"}"}]}
RESULT: {"script":"<script> [1562 bytes]","args":[{"selector":{"controlType":"sap.m.OverflowToolbarButton","viewName":"etm.portal.ui.manageyards.view.Detail","viewId":"application-manageyards-display-component---detailYard","i18NText":{"propertyName":"tooltip","key":"closeColumn"},"interaction":{"idSuffix":"inner"}},"wdio_ui5_key":"etmportal.ui.manageyards.view.Detailsap.m.OverflowToolbarButton{\"propertyName\":\"tooltip\",\"key\":\"closeColumn\"}"}]}
RESULT: undefined
COMMAND: POST /session/eacf8bccc3b349b538ac2f1863989237/element - {"using":"xpath","value":"//*[@id=\"__button42\"]"}
RESULT: {"using":"xpath","value":"//*[@id=\"__button42\"]"}
COMMAND: POST /session/eacf8bccc3b349b538ac2f1863989237/element/f.11D6377D86A94FC2ADAA7D32FFC9D30E.d.D8BBD72ABBB9CDEB5E2D9E54779DDD79.e.838/click - {}
RESULT: {}
COMMAND: GET /session/eacf8bccc3b349b538ac2f1863989237/screenshot - {}
RESULT: {}
COMMAND: POST /session/eacf8bccc3b349b538ac2f1863989237/element - {"using":"css selector","value":"#shell-header-logo"}
RESULT: {"using":"css selector","value":"#shell-header-logo"}
COMMAND: POST /session/eacf8bccc3b349b538ac2f1863989237/element/f.11D6377D86A94FC2ADAA7D32FFC9D30E.d.D8BBD72ABBB9CDEB5E2D9E54779DDD79.e.114/click - {}
RESULT: {}
COMMAND: GET /session/eacf8bccc3b349b538ac2f1863989237/screenshot - {}
RESULT: {}
COMMAND: POST /session/eacf8bccc3b349b538ac2f1863989237/refresh - {}
RESULT: {}
COMMAND: GET /session/eacf8bccc3b349b538ac2f1863989237/screenshot - {}
RESULT: {}
COMMAND: POST /session/eacf8bccc3b349b538ac2f1863989237/execute/async - {"script":"<script> [189 bytes]","args":[]}
RESULT: {"script":"<script> [189 bytes]","args":[]}
COMMAND: POST /session/eacf8bccc3b349b538ac2f1863989237/execute/async - {"script":"<script> [123 bytes]","args":[]}
RESULT: {"script":"<script> [123 bytes]","args":[]}
COMMAND: POST /session/eacf8bccc3b349b538ac2f1863989237/timeouts - {"script":"<number>"}
RESULT: {"script":"<number>"}
COMMAND: GET /session/eacf8bccc3b349b538ac2f1863989237/timeouts - {}
RESULT: {}
RESULT: undefined
COMMAND: POST /session/eacf8bccc3b349b538ac2f1863989237/execute/async - {"script":"<script> [2676 bytes]","args":[]}
RESULT: {"script":"<script> [2676 bytes]","args":[]}
COMMAND: POST /session/eacf8bccc3b349b538ac2f1863989237/execute/async - {"script":"<script> [2342 bytes]","args":[{"protocol":"http","hostname":"0.0.0.0","path":"/","capabilities":{"browserName":"chrome","goog:chromeOptions":{"binary":"C:\\Program Files\\Google\\Chrome\\Application\\chrome.exe","args":["--start-maximized"]}},"logLevel":"warn","connectionRetryTimeout":120000,"connectionRetryCount":3,"logLevels":{},"enableDirectConnect":true,"strictSSL":true,"_":"65 more keys: [\"cacheDir\",\"port\",\"requestedCapabilities\",\"automationProtocol\",\"baseUrl\",\"waitforInterval\",\"waitforTimeout\",\"onReload\",\"beforeCommand\",\"afterCommand\",\"rootDir\",\"specs\",\"suites\",\"exclude\",\"groupLogsByTestSpec\",\"excludeDriverLogs\",\"bail\",\"framework\",\"reporters\",\"services\",\"maxInstances\",\"maxInstancesPerCapability\",\"injectGlobals\",\"filesToWatch\",\"execArgv\",\"runnerEnv\",\"runner\",\"shard\",\"specFileRetries\",\"specFileRetriesDelay\",\"specFileRetriesDeferred\",\"reporterSyncInterval\",\"reporterSyncTimeout\",\"cucumberFeaturesWithLineNumbers\",\"autoCompileOpts\",\"mochaOpts\",\"jasmineOpts\",\"cucumberOpts\",\"onPrepare\",\"onWorkerStart\",\"onWorkerEnd\",\"before\",\"beforeSession\",\"beforeSuite\",\"beforeHook\",\"beforeTest\",\"afterTest\",\"afterHook\",\"afterSuite\",\"afterSession\",\"after\",\"onComplete\",\"beforeAssertion\",\"afterAssertion\",\"beforeFeature\",\"beforeScenario\",\"beforeStep\",\"afterStep\",\"afterScenario\",\"afterFeature\",\"_\",\"suite\",\"$0\",\"ignoredWorkerServices\",\"wdi5\"]"}]}
RESULT: {"script":"<script> [2342 bytes]","args":[{"protocol":"http","hostname":"0.0.0.0","path":"/","capabilities":{"browserName":"chrome","goog:chromeOptions":{"binary":"C:\\Program Files\\Google\\Chrome\\Application\\chrome.exe","args":["--start-maximized"]}},"logLevel":"warn","connectionRetryTimeout":120000,"connectionRetryCount":3,"logLevels":{},"enableDirectConnect":true,"strictSSL":true,"_":"65 more keys: [\"cacheDir\",\"port\",\"requestedCapabilities\",\"automationProtocol\",\"baseUrl\",\"waitforInterval\",\"waitforTimeout\",\"onReload\",\"beforeCommand\",\"afterCommand\",\"rootDir\",\"specs\",\"suites\",\"exclude\",\"groupLogsByTestSpec\",\"excludeDriverLogs\",\"bail\",\"framework\",\"reporters\",\"services\",\"maxInstances\",\"maxInstancesPerCapability\",\"injectGlobals\",\"filesToWatch\",\"execArgv\",\"runnerEnv\",\"runner\",\"shard\",\"specFileRetries\",\"specFileRetriesDelay\",\"specFileRetriesDeferred\",\"reporterSyncInterval\",\"reporterSyncTimeout\",\"cucumberFeaturesWithLineNumbers\",\"autoCompileOpts\",\"mochaOpts\",\"jasmineOpts\",\"cucumberOpts\",\"onPrepare\",\"onWorkerStart\",\"onWorkerEnd\",\"before\",\"beforeSession\",\"beforeSuite\",\"beforeHook\",\"beforeTest\",\"afterTest\",\"afterHook\",\"afterSuite\",\"afterSession\",\"after\",\"onComplete\",\"beforeAssertion\",\"afterAssertion\",\"beforeFeature\",\"beforeScenario\",\"beforeStep\",\"afterStep\",\"afterScenario\",\"afterFeature\",\"_\",\"suite\",\"$0\",\"ignoredWorkerServices\",\"wdi5\"]"}]}
COMMAND: POST /session/eacf8bccc3b349b538ac2f1863989237/execute/async - {"script":"<script> [21126 bytes]","args":[35000]}
RESULT: {"script":"<script> [21126 bytes]","args":[35000]}
]]></system-out>
    </testcase>
    <testcase classname="chrome.135_0_7049_42.windows.Manage_Requests_Tags_Tests_US120163" name="Should create a new partner" time="69.922">
      <system-out><![CDATA[
COMMAND: POST /session/eacf8bccc3b349b538ac2f1863989237/execute/async - {"script":"<script> [1562 bytes]","args":[{"selector":{"controlType":"sap.m.GenericTile","properties":{"header":"Manage Partners"}},"wdio_ui5_key":"sapm.GenericTile{\"header\":\"Manage Partners\"}"}]}
RESULT: {"script":"<script> [1562 bytes]","args":[{"selector":{"controlType":"sap.m.GenericTile","properties":{"header":"Manage Partners"}},"wdio_ui5_key":"sapm.GenericTile{\"header\":\"Manage Partners\"}"}]}
RESULT: undefined
COMMAND: POST /session/eacf8bccc3b349b538ac2f1863989237/element - {"using":"xpath","value":"//*[@id=\"__tile38\"]"}
RESULT: {"using":"xpath","value":"//*[@id=\"__tile38\"]"}
COMMAND: POST /session/eacf8bccc3b349b538ac2f1863989237/element/f.11D6377D86A94FC2ADAA7D32FFC9D30E.d.F6FB574977A8155797759984F9292706.e.1193/click - {}
RESULT: {}
COMMAND: GET /session/eacf8bccc3b349b538ac2f1863989237/screenshot - {}
RESULT: {}
COMMAND: POST /session/eacf8bccc3b349b538ac2f1863989237/execute/async - {"script":"<script> [1562 bytes]","args":[{"selector":{"controlType":"sap.ui.core.Icon","viewName":"etm.portal.ui.managepartners.view.Master","viewId":"application-managepartners-display-component---masterPtm","properties":{"src":{"regex":{"source":"add"}}}},"wdio_ui5_key":"etmportal.ui.managepartners.view.Mastersap.ui.core.Icon{\"src\":{\"regex\":{\"source\":\"add\"}}}"}]}
RESULT: {"script":"<script> [1562 bytes]","args":[{"selector":{"controlType":"sap.ui.core.Icon","viewName":"etm.portal.ui.managepartners.view.Master","viewId":"application-managepartners-display-component---masterPtm","properties":{"src":{"regex":{"source":"add"}}}},"wdio_ui5_key":"etmportal.ui.managepartners.view.Mastersap.ui.core.Icon{\"src\":{\"regex\":{\"source\":\"add\"}}}"}]}
RESULT: undefined
COMMAND: POST /session/eacf8bccc3b349b538ac2f1863989237/element - {"using":"xpath","value":"//*[@id=\"__button4-img\"]"}
RESULT: {"using":"xpath","value":"//*[@id=\"__button4-img\"]"}
COMMAND: POST /session/eacf8bccc3b349b538ac2f1863989237/element/f.11D6377D86A94FC2ADAA7D32FFC9D30E.d.F6FB574977A8155797759984F9292706.e.1244/click - {}
RESULT: {}
COMMAND: GET /session/eacf8bccc3b349b538ac2f1863989237/screenshot - {}
RESULT: {}
COMMAND: POST /session/eacf8bccc3b349b538ac2f1863989237/execute/async - {"script":"<script> [1562 bytes]","args":[{"selector":{"id":"application-managepartners-display-component---NewPartner--partnerId","interaction":{"idSuffix":"inner"}},"wdio_ui5_key":"applicationmanagepartners-display-component---NewPartner--partnerId"}]}
RESULT: {"script":"<script> [1562 bytes]","args":[{"selector":{"id":"application-managepartners-display-component---NewPartner--partnerId","interaction":{"idSuffix":"inner"}},"wdio_ui5_key":"applicationmanagepartners-display-component---NewPartner--partnerId"}]}
RESULT: undefined
COMMAND: POST /session/eacf8bccc3b349b538ac2f1863989237/execute/async - {"script":"<script> [1562 bytes]","args":[{"selector":{"id":"application-managepartners-display-component---NewPartner--addressDetailDetailsName1","interaction":{"idSuffix":"inner"}},"wdio_ui5_key":"applicationmanagepartners-display-component---NewPartner--addressDetailDetailsName1"}]}
RESULT: {"script":"<script> [1562 bytes]","args":[{"selector":{"id":"application-managepartners-display-component---NewPartner--addressDetailDetailsName1","interaction":{"idSuffix":"inner"}},"wdio_ui5_key":"applicationmanagepartners-display-component---NewPartner--addressDetailDetailsName1"}]}
RESULT: undefined
COMMAND: POST /session/eacf8bccc3b349b538ac2f1863989237/execute/async - {"script":"<script> [776 bytes]","args":[{"enterText":"WebdriverPartnerlnzir","selector":{"id":"application-managepartners-display-component---NewPartner--addressDetailDetailsName1","interaction":{"idSuffix":"inner"}},"clearTextFirst":true,"interactionType":"ENTER_TEXT"}]}
RESULT: {"script":"<script> [776 bytes]","args":[{"enterText":"WebdriverPartnerlnzir","selector":{"id":"application-managepartners-display-component---NewPartner--addressDetailDetailsName1","interaction":{"idSuffix":"inner"}},"clearTextFirst":true,"interactionType":"ENTER_TEXT"}]}
COMMAND: POST /session/eacf8bccc3b349b538ac2f1863989237/execute/async - {"script":"<script> [1562 bytes]","args":[{"selector":{"id":"application-managepartners-display-component---NewPartner--addressDetailDetailsLanguage","interaction":{"idSuffix":"inner"}},"wdio_ui5_key":"applicationmanagepartners-display-component---NewPartner--addressDetailDetailsLanguage"}]}
RESULT: {"script":"<script> [1562 bytes]","args":[{"selector":{"id":"application-managepartners-display-component---NewPartner--addressDetailDetailsLanguage","interaction":{"idSuffix":"inner"}},"wdio_ui5_key":"applicationmanagepartners-display-component---NewPartner--addressDetailDetailsLanguage"}]}
RESULT: undefined
COMMAND: POST /session/eacf8bccc3b349b538ac2f1863989237/execute/async - {"script":"<script> [776 bytes]","args":[{"enterText":"Romanian","selector":{"id":"application-managepartners-display-component---NewPartner--addressDetailDetailsLanguage","interaction":{"idSuffix":"inner"}},"clearTextFirst":true,"interactionType":"ENTER_TEXT"}]}
RESULT: {"script":"<script> [776 bytes]","args":[{"enterText":"Romanian","selector":{"id":"application-managepartners-display-component---NewPartner--addressDetailDetailsLanguage","interaction":{"idSuffix":"inner"}},"clearTextFirst":true,"interactionType":"ENTER_TEXT"}]}
COMMAND: POST /session/eacf8bccc3b349b538ac2f1863989237/element - {"using":"xpath","value":"//input[contains(@id ,\"application-managepartners-display-component---NewPartner--addressDetailDetailsName1-inner\")]"}
RESULT: {"using":"xpath","value":"//input[contains(@id ,\"application-managepartners-display-component---NewPartner--addressDetailDetailsName1-inner\")]"}
COMMAND: GET /session/eacf8bccc3b349b538ac2f1863989237/element/f.11D6377D86A94FC2ADAA7D32FFC9D30E.d.F6FB574977A8155797759984F9292706.e.1419/property/value - {}
RESULT: {}
COMMAND: POST /session/eacf8bccc3b349b538ac2f1863989237/execute/async - {"script":"<script> [1562 bytes]","args":[{"selector":{"id":"application-managepartners-display-component---NewPartner--addressDetailDetailsCity1","interaction":{"idSuffix":"inner"}},"wdio_ui5_key":"applicationmanagepartners-display-component---NewPartner--addressDetailDetailsCity1"}]}
COMMAND: GET /session/eacf8bccc3b349b538ac2f1863989237/screenshot - {}
RESULT: {"script":"<script> [1562 bytes]","args":[{"selector":{"id":"application-managepartners-display-component---NewPartner--addressDetailDetailsCity1","interaction":{"idSuffix":"inner"}},"wdio_ui5_key":"applicationmanagepartners-display-component---NewPartner--addressDetailDetailsCity1"}]}
RESULT: undefined
COMMAND: POST /session/eacf8bccc3b349b538ac2f1863989237/execute/async - {"script":"<script> [776 bytes]","args":[{"enterText":"Bucharest","selector":{"id":"application-managepartners-display-component---NewPartner--addressDetailDetailsCity1","interaction":{"idSuffix":"inner"}},"clearTextFirst":true,"interactionType":"ENTER_TEXT"}]}
RESULT: {}
RESULT: {"script":"<script> [776 bytes]","args":[{"enterText":"Bucharest","selector":{"id":"application-managepartners-display-component---NewPartner--addressDetailDetailsCity1","interaction":{"idSuffix":"inner"}},"clearTextFirst":true,"interactionType":"ENTER_TEXT"}]}
COMMAND: POST /session/eacf8bccc3b349b538ac2f1863989237/execute/async - {"script":"<script> [1562 bytes]","args":[{"selector":{"id":"application-managepartners-display-component---NewPartner--addressDetailDetailsCountry","interaction":{"idSuffix":"inner"}},"wdio_ui5_key":"applicationmanagepartners-display-component---NewPartner--addressDetailDetailsCountry"}]}
RESULT: {"script":"<script> [1562 bytes]","args":[{"selector":{"id":"application-managepartners-display-component---NewPartner--addressDetailDetailsCountry","interaction":{"idSuffix":"inner"}},"wdio_ui5_key":"applicationmanagepartners-display-component---NewPartner--addressDetailDetailsCountry"}]}
RESULT: undefined
COMMAND: POST /session/eacf8bccc3b349b538ac2f1863989237/execute/async - {"script":"<script> [6424 bytes]","args":[{"element-6066-11e4-a52e-4f735466cecf":"f.11D6377D86A94FC2ADAA7D32FFC9D30E.d.F6FB574977A8155797759984F9292706.e.1426"},"setValue",["Romania"]]}
RESULT: {"script":"<script> [6424 bytes]","args":[{"element-6066-11e4-a52e-4f735466cecf":"f.11D6377D86A94FC2ADAA7D32FFC9D30E.d.F6FB574977A8155797759984F9292706.e.1426"},"setValue",["Romania"]]}
COMMAND: POST /session/eacf8bccc3b349b538ac2f1863989237/execute/async - {"script":"<script> [1562 bytes]","args":[{"selector":{"id":"application-managepartners-display-component---NewPartner--partnerDetailInternal","interaction":{"idSuffix":"inner"}},"wdio_ui5_key":"applicationmanagepartners-display-component---NewPartner--partnerDetailInternal"}]}
RESULT: {"script":"<script> [1562 bytes]","args":[{"selector":{"id":"application-managepartners-display-component---NewPartner--partnerDetailInternal","interaction":{"idSuffix":"inner"}},"wdio_ui5_key":"applicationmanagepartners-display-component---NewPartner--partnerDetailInternal"}]}
RESULT: undefined
COMMAND: POST /session/eacf8bccc3b349b538ac2f1863989237/execute/async - {"script":"<script> [776 bytes]","args":[{"enterText":"External partner","selector":{"id":"application-managepartners-display-component---NewPartner--partnerDetailInternal","interaction":{"idSuffix":"inner"}},"clearTextFirst":true,"interactionType":"ENTER_TEXT"}]}
RESULT: {"script":"<script> [776 bytes]","args":[{"enterText":"External partner","selector":{"id":"application-managepartners-display-component---NewPartner--partnerDetailInternal","interaction":{"idSuffix":"inner"}},"clearTextFirst":true,"interactionType":"ENTER_TEXT"}]}
COMMAND: POST /session/eacf8bccc3b349b538ac2f1863989237/execute/async - {"script":"<script> [1562 bytes]","args":[{"selector":{"id":"application-managepartners-display-component---NewPartner--partnerDetailsCurrency","interaction":{"idSuffix":"inner"}},"wdio_ui5_key":"applicationmanagepartners-display-component---NewPartner--partnerDetailsCurrency"}]}
RESULT: {"script":"<script> [1562 bytes]","args":[{"selector":{"id":"application-managepartners-display-component---NewPartner--partnerDetailsCurrency","interaction":{"idSuffix":"inner"}},"wdio_ui5_key":"applicationmanagepartners-display-component---NewPartner--partnerDetailsCurrency"}]}
RESULT: undefined
COMMAND: POST /session/eacf8bccc3b349b538ac2f1863989237/execute/async - {"script":"<script> [776 bytes]","args":[{"enterText":"Euro","selector":{"id":"application-managepartners-display-component---NewPartner--partnerDetailsCurrency","interaction":{"idSuffix":"inner"}},"clearTextFirst":true,"interactionType":"ENTER_TEXT"}]}
RESULT: {"script":"<script> [776 bytes]","args":[{"enterText":"Euro","selector":{"id":"application-managepartners-display-component---NewPartner--partnerDetailsCurrency","interaction":{"idSuffix":"inner"}},"clearTextFirst":true,"interactionType":"ENTER_TEXT"}]}
COMMAND: POST /session/eacf8bccc3b349b538ac2f1863989237/execute/async - {"script":"<script> [1562 bytes]","args":[{"selector":{"controlType":"sap.m.Button","viewName":"etm.portal.ui.managepartners.view.NewPartner","viewId":"application-managepartners-display-component---NewPartner","properties":{"text":"Commercial"},"interaction":{"idSuffix":"BDI-content"}},"wdio_ui5_key":"etmportal.ui.managepartners.view.NewPartnersap.m.Button{\"text\":\"Commercial\"}"}]}
RESULT: {"script":"<script> [1562 bytes]","args":[{"selector":{"controlType":"sap.m.Button","viewName":"etm.portal.ui.managepartners.view.NewPartner","viewId":"application-managepartners-display-component---NewPartner","properties":{"text":"Commercial"},"interaction":{"idSuffix":"BDI-content"}},"wdio_ui5_key":"etmportal.ui.managepartners.view.NewPartnersap.m.Button{\"text\":\"Commercial\"}"}]}
RESULT: undefined
COMMAND: POST /session/eacf8bccc3b349b538ac2f1863989237/element - {"using":"xpath","value":"//*[@id=\"application-managepartners-display-component---NewPartner--ObjectPageLayout-anchBar-__section5-anchor\"]"}
RESULT: {"using":"xpath","value":"//*[@id=\"application-managepartners-display-component---NewPartner--ObjectPageLayout-anchBar-__section5-anchor\"]"}
COMMAND: POST /session/eacf8bccc3b349b538ac2f1863989237/element/f.11D6377D86A94FC2ADAA7D32FFC9D30E.d.F6FB574977A8155797759984F9292706.e.1673/click - {}
RESULT: {}
COMMAND: GET /session/eacf8bccc3b349b538ac2f1863989237/screenshot - {}
RESULT: {}
COMMAND: POST /session/eacf8bccc3b349b538ac2f1863989237/execute/async - {"script":"<script> [1562 bytes]","args":[{"selector":{"id":"application-managepartners-display-component---NewPartner--btnAddTableRow-img"},"wdio_ui5_key":"applicationmanagepartners-display-component---NewPartner--btnAddTableRow-img"}]}
RESULT: {"script":"<script> [1562 bytes]","args":[{"selector":{"id":"application-managepartners-display-component---NewPartner--btnAddTableRow-img"},"wdio_ui5_key":"applicationmanagepartners-display-component---NewPartner--btnAddTableRow-img"}]}
RESULT: undefined
COMMAND: POST /session/eacf8bccc3b349b538ac2f1863989237/element - {"using":"xpath","value":"//*[@id=\"application-managepartners-display-component---NewPartner--btnAddTableRow-img\"]"}
RESULT: {"using":"xpath","value":"//*[@id=\"application-managepartners-display-component---NewPartner--btnAddTableRow-img\"]"}
COMMAND: POST /session/eacf8bccc3b349b538ac2f1863989237/element/f.11D6377D86A94FC2ADAA7D32FFC9D30E.d.F6FB574977A8155797759984F9292706.e.1679/click - {}
RESULT: {}
COMMAND: POST /session/eacf8bccc3b349b538ac2f1863989237/element - {"using":"xpath","value":"//input[contains(@id ,\"application-managepartners-display-component---NewPartner--assignmentYard-application-managepartners-display-component---NewPartner\")]"}
COMMAND: GET /session/eacf8bccc3b349b538ac2f1863989237/screenshot - {}
RESULT: {"using":"xpath","value":"//input[contains(@id ,\"application-managepartners-display-component---NewPartner--assignmentYard-application-managepartners-display-component---NewPartner\")]"}
COMMAND: POST /session/eacf8bccc3b349b538ac2f1863989237/element/f.11D6377D86A94FC2ADAA7D32FFC9D30E.d.F6FB574977A8155797759984F9292706.e.1682/clear - {}
RESULT: {}
RESULT: {}
COMMAND: POST /session/eacf8bccc3b349b538ac2f1863989237/element/f.11D6377D86A94FC2ADAA7D32FFC9D30E.d.F6FB574977A8155797759984F9292706.e.1682/value - {"text":"536"}
COMMAND: GET /session/eacf8bccc3b349b538ac2f1863989237/screenshot - {}
RESULT: {"text":"536"}
COMMAND: GET /session/eacf8bccc3b349b538ac2f1863989237/screenshot - {}
RESULT: {}
RESULT: {}
COMMAND: POST /session/eacf8bccc3b349b538ac2f1863989237/execute/async - {"script":"<script> [1562 bytes]","args":[{"selector":{"controlType":"sap.m.Button","viewName":"etm.portal.ui.managepartners.view.NewPartner","viewId":"application-managepartners-display-component---NewPartner","i18NText":{"propertyName":"text","key":"save"},"interaction":{"idSuffix":"BDI-content"}},"wdio_ui5_key":"etmportal.ui.managepartners.view.NewPartnersap.m.Button{\"propertyName\":\"text\",\"key\":\"save\"}"}]}
RESULT: {"script":"<script> [1562 bytes]","args":[{"selector":{"controlType":"sap.m.Button","viewName":"etm.portal.ui.managepartners.view.NewPartner","viewId":"application-managepartners-display-component---NewPartner","i18NText":{"propertyName":"text","key":"save"},"interaction":{"idSuffix":"BDI-content"}},"wdio_ui5_key":"etmportal.ui.managepartners.view.NewPartnersap.m.Button{\"propertyName\":\"text\",\"key\":\"save\"}"}]}
RESULT: undefined
COMMAND: POST /session/eacf8bccc3b349b538ac2f1863989237/element - {"using":"xpath","value":"//*[@id=\"__button12\"]"}
RESULT: {"using":"xpath","value":"//*[@id=\"__button12\"]"}
COMMAND: POST /session/eacf8bccc3b349b538ac2f1863989237/element/f.11D6377D86A94FC2ADAA7D32FFC9D30E.d.F6FB574977A8155797759984F9292706.e.1613/click - {}
RESULT: {}
COMMAND: GET /session/eacf8bccc3b349b538ac2f1863989237/screenshot - {}
RESULT: {}
COMMAND: POST /session/eacf8bccc3b349b538ac2f1863989237/element - {"using":"xpath","value":"//header/div/div[2]/div[2]/span"}
RESULT: {"using":"xpath","value":"//header/div/div[2]/div[2]/span"}
COMMAND: GET /session/eacf8bccc3b349b538ac2f1863989237/element/f.11D6377D86A94FC2ADAA7D32FFC9D30E.d.F6FB574977A8155797759984F9292706.e.1850/text - {}
RESULT: {}
COMMAND: POST /session/eacf8bccc3b349b538ac2f1863989237/element - {"using":"xpath","value":"//header/div/div/div/div/div/div[2]/div/span"}
RESULT: {"using":"xpath","value":"//header/div/div/div/div/div/div[2]/div/span"}
COMMAND: GET /session/eacf8bccc3b349b538ac2f1863989237/element/f.11D6377D86A94FC2ADAA7D32FFC9D30E.d.F6FB574977A8155797759984F9292706.e.1851/text - {}
RESULT: {}
COMMAND: POST /session/eacf8bccc3b349b538ac2f1863989237/execute/async - {"script":"<script> [1562 bytes]","args":[{"selector":{"id":"application-managepartners-display-component---detailPtm--partnerType"},"wdio_ui5_key":"applicationmanagepartners-display-component---detailPtm--partnerType"}]}
RESULT: {"script":"<script> [1562 bytes]","args":[{"selector":{"id":"application-managepartners-display-component---detailPtm--partnerType"},"wdio_ui5_key":"applicationmanagepartners-display-component---detailPtm--partnerType"}]}
RESULT: undefined
COMMAND: POST /session/eacf8bccc3b349b538ac2f1863989237/execute/async - {"script":"<script> [6424 bytes]","args":[{"element-6066-11e4-a52e-4f735466cecf":"f.11D6377D86A94FC2ADAA7D32FFC9D30E.d.F6FB574977A8155797759984F9292706.e.1852"},"getText",[]]}
RESULT: {"script":"<script> [6424 bytes]","args":[{"element-6066-11e4-a52e-4f735466cecf":"f.11D6377D86A94FC2ADAA7D32FFC9D30E.d.F6FB574977A8155797759984F9292706.e.1852"},"getText",[]]}
COMMAND: POST /session/eacf8bccc3b349b538ac2f1863989237/element - {"using":"css selector","value":"#shell-header-logo"}
RESULT: {"using":"css selector","value":"#shell-header-logo"}
COMMAND: POST /session/eacf8bccc3b349b538ac2f1863989237/element/f.11D6377D86A94FC2ADAA7D32FFC9D30E.d.F6FB574977A8155797759984F9292706.e.1195/click - {}
RESULT: {}
COMMAND: GET /session/eacf8bccc3b349b538ac2f1863989237/screenshot - {}
RESULT: {}
]]></system-out>
    </testcase>
    <testcase classname="chrome.135_0_7049_42.windows.Manage_Requests_Tags_Tests_US120163" name="Should create a new site" time="80.368">
      <system-out><![CDATA[
COMMAND: POST /session/eacf8bccc3b349b538ac2f1863989237/execute/async - {"script":"<script> [1562 bytes]","args":[{"selector":{"controlType":"sap.m.GenericTile","properties":{"header":"Manage Sites"}},"wdio_ui5_key":"sapm.GenericTile{\"header\":\"Manage Sites\"}"}]}
RESULT: {"script":"<script> [1562 bytes]","args":[{"selector":{"controlType":"sap.m.GenericTile","properties":{"header":"Manage Sites"}},"wdio_ui5_key":"sapm.GenericTile{\"header\":\"Manage Sites\"}"}]}
RESULT: undefined
COMMAND: POST /session/eacf8bccc3b349b538ac2f1863989237/element - {"using":"xpath","value":"//*[@id=\"__tile40\"]"}
RESULT: {"using":"xpath","value":"//*[@id=\"__tile40\"]"}
COMMAND: POST /session/eacf8bccc3b349b538ac2f1863989237/element/f.11D6377D86A94FC2ADAA7D32FFC9D30E.d.F6FB574977A8155797759984F9292706.e.1854/click - {}
RESULT: {}
COMMAND: GET /session/eacf8bccc3b349b538ac2f1863989237/screenshot - {}
RESULT: {}
COMMAND: POST /session/eacf8bccc3b349b538ac2f1863989237/execute/async - {"script":"<script> [1562 bytes]","args":[{"selector":{"controlType":"sap.ui.core.Icon","viewName":"etm.portal.ui.managesites.view.Master","viewId":"application-managesites-display-component---masterSite","properties":{"src":{"regex":{"source":"add"}}}},"wdio_ui5_key":"etmportal.ui.managesites.view.Mastersap.ui.core.Icon{\"src\":{\"regex\":{\"source\":\"add\"}}}"}]}
RESULT: {"script":"<script> [1562 bytes]","args":[{"selector":{"controlType":"sap.ui.core.Icon","viewName":"etm.portal.ui.managesites.view.Master","viewId":"application-managesites-display-component---masterSite","properties":{"src":{"regex":{"source":"add"}}}},"wdio_ui5_key":"etmportal.ui.managesites.view.Mastersap.ui.core.Icon{\"src\":{\"regex\":{\"source\":\"add\"}}}"}]}
RESULT: undefined
COMMAND: POST /session/eacf8bccc3b349b538ac2f1863989237/element - {"using":"xpath","value":"//*[@id=\"__button52-img\"]"}
RESULT: {"using":"xpath","value":"//*[@id=\"__button52-img\"]"}
COMMAND: POST /session/eacf8bccc3b349b538ac2f1863989237/element/f.11D6377D86A94FC2ADAA7D32FFC9D30E.d.F6FB574977A8155797759984F9292706.e.1901/click - {}
RESULT: {}
COMMAND: POST /session/eacf8bccc3b349b538ac2f1863989237/execute/async - {"script":"<script> [1562 bytes]","args":[{"selector":{"id":"application-managesites-display-component---NewSite--siteId","interaction":{"idSuffix":"inner"}},"wdio_ui5_key":"applicationmanagesites-display-component---NewSite--siteId"}]}
COMMAND: GET /session/eacf8bccc3b349b538ac2f1863989237/screenshot - {}
RESULT: {"script":"<script> [1562 bytes]","args":[{"selector":{"id":"application-managesites-display-component---NewSite--siteId","interaction":{"idSuffix":"inner"}},"wdio_ui5_key":"applicationmanagesites-display-component---NewSite--siteId"}]}
RESULT: undefined
COMMAND: POST /session/eacf8bccc3b349b538ac2f1863989237/execute/async - {"script":"<script> [1562 bytes]","args":[{"selector":{"id":"application-managesites-display-component---NewSite--addressDetailDetailsName1","interaction":{"idSuffix":"inner"}},"wdio_ui5_key":"applicationmanagesites-display-component---NewSite--addressDetailDetailsName1"}]}
RESULT: {}
RESULT: {"script":"<script> [1562 bytes]","args":[{"selector":{"id":"application-managesites-display-component---NewSite--addressDetailDetailsName1","interaction":{"idSuffix":"inner"}},"wdio_ui5_key":"applicationmanagesites-display-component---NewSite--addressDetailDetailsName1"}]}
RESULT: undefined
COMMAND: POST /session/eacf8bccc3b349b538ac2f1863989237/execute/async - {"script":"<script> [776 bytes]","args":[{"enterText":"WebdriverSiteo1997","selector":{"id":"application-managesites-display-component---NewSite--addressDetailDetailsName1","interaction":{"idSuffix":"inner"}},"clearTextFirst":true,"interactionType":"ENTER_TEXT"}]}
RESULT: {"script":"<script> [776 bytes]","args":[{"enterText":"WebdriverSiteo1997","selector":{"id":"application-managesites-display-component---NewSite--addressDetailDetailsName1","interaction":{"idSuffix":"inner"}},"clearTextFirst":true,"interactionType":"ENTER_TEXT"}]}
COMMAND: POST /session/eacf8bccc3b349b538ac2f1863989237/execute/async - {"script":"<script> [1562 bytes]","args":[{"selector":{"id":"application-managesites-display-component---NewSite--addressDetailDetailsLanguage","interaction":{"idSuffix":"inner"}},"wdio_ui5_key":"applicationmanagesites-display-component---NewSite--addressDetailDetailsLanguage"}]}
RESULT: {"script":"<script> [1562 bytes]","args":[{"selector":{"id":"application-managesites-display-component---NewSite--addressDetailDetailsLanguage","interaction":{"idSuffix":"inner"}},"wdio_ui5_key":"applicationmanagesites-display-component---NewSite--addressDetailDetailsLanguage"}]}
RESULT: undefined
COMMAND: POST /session/eacf8bccc3b349b538ac2f1863989237/execute/async - {"script":"<script> [776 bytes]","args":[{"enterText":"Romanian","selector":{"id":"application-managesites-display-component---NewSite--addressDetailDetailsLanguage","interaction":{"idSuffix":"inner"}},"clearTextFirst":true,"interactionType":"ENTER_TEXT"}]}
RESULT: {"script":"<script> [776 bytes]","args":[{"enterText":"Romanian","selector":{"id":"application-managesites-display-component---NewSite--addressDetailDetailsLanguage","interaction":{"idSuffix":"inner"}},"clearTextFirst":true,"interactionType":"ENTER_TEXT"}]}
COMMAND: POST /session/eacf8bccc3b349b538ac2f1863989237/execute/async - {"script":"<script> [1562 bytes]","args":[{"selector":{"id":"application-managesites-display-component---NewSite--addressDetailDetailsCity1","interaction":{"idSuffix":"inner"}},"wdio_ui5_key":"applicationmanagesites-display-component---NewSite--addressDetailDetailsCity1"}]}
RESULT: {"script":"<script> [1562 bytes]","args":[{"selector":{"id":"application-managesites-display-component---NewSite--addressDetailDetailsCity1","interaction":{"idSuffix":"inner"}},"wdio_ui5_key":"applicationmanagesites-display-component---NewSite--addressDetailDetailsCity1"}]}
RESULT: undefined
COMMAND: POST /session/eacf8bccc3b349b538ac2f1863989237/execute/async - {"script":"<script> [776 bytes]","args":[{"enterText":"Bucharest","selector":{"id":"application-managesites-display-component---NewSite--addressDetailDetailsCity1","interaction":{"idSuffix":"inner"}},"clearTextFirst":true,"interactionType":"ENTER_TEXT"}]}
RESULT: {"script":"<script> [776 bytes]","args":[{"enterText":"Bucharest","selector":{"id":"application-managesites-display-component---NewSite--addressDetailDetailsCity1","interaction":{"idSuffix":"inner"}},"clearTextFirst":true,"interactionType":"ENTER_TEXT"}]}
COMMAND: POST /session/eacf8bccc3b349b538ac2f1863989237/execute/async - {"script":"<script> [1562 bytes]","args":[{"selector":{"id":"application-managesites-display-component---NewSite--addressDetailDetailsCountry","interaction":{"idSuffix":"inner"}},"wdio_ui5_key":"applicationmanagesites-display-component---NewSite--addressDetailDetailsCountry"}]}
RESULT: {"script":"<script> [1562 bytes]","args":[{"selector":{"id":"application-managesites-display-component---NewSite--addressDetailDetailsCountry","interaction":{"idSuffix":"inner"}},"wdio_ui5_key":"applicationmanagesites-display-component---NewSite--addressDetailDetailsCountry"}]}
RESULT: undefined
COMMAND: POST /session/eacf8bccc3b349b538ac2f1863989237/execute/async - {"script":"<script> [776 bytes]","args":[{"enterText":"Romania","selector":{"id":"application-managesites-display-component---NewSite--addressDetailDetailsCountry","interaction":{"idSuffix":"inner"}},"clearTextFirst":true,"interactionType":"ENTER_TEXT"}]}
RESULT: {"script":"<script> [776 bytes]","args":[{"enterText":"Romania","selector":{"id":"application-managesites-display-component---NewSite--addressDetailDetailsCountry","interaction":{"idSuffix":"inner"}},"clearTextFirst":true,"interactionType":"ENTER_TEXT"}]}
COMMAND: POST /session/eacf8bccc3b349b538ac2f1863989237/element - {"using":"css selector","value":"#application-managesites-display-component---NewSite--addressDetailDetailsCalendar-inner"}
RESULT: {"using":"css selector","value":"#application-managesites-display-component---NewSite--addressDetailDetailsCalendar-inner"}
COMMAND: POST /session/eacf8bccc3b349b538ac2f1863989237/element/f.11D6377D86A94FC2ADAA7D32FFC9D30E.d.F6FB574977A8155797759984F9292706.e.2092/clear - {}
RESULT: {}
COMMAND: POST /session/eacf8bccc3b349b538ac2f1863989237/element/f.11D6377D86A94FC2ADAA7D32FFC9D30E.d.F6FB574977A8155797759984F9292706.e.2092/value - {"text":"Germany"}
COMMAND: GET /session/eacf8bccc3b349b538ac2f1863989237/screenshot - {}
RESULT: {"text":"Germany"}
COMMAND: POST /session/eacf8bccc3b349b538ac2f1863989237/execute/async - {"script":"<script> [1562 bytes]","args":[{"selector":{"id":"application-managesites-display-component---NewSite--addressEditDetailsCostObjectCstType-arrow"},"wdio_ui5_key":"applicationmanagesites-display-component---NewSite--addressEditDetailsCostObjectCstType-arrow"}]}
COMMAND: GET /session/eacf8bccc3b349b538ac2f1863989237/screenshot - {}
RESULT: {}
RESULT: {"script":"<script> [1562 bytes]","args":[{"selector":{"id":"application-managesites-display-component---NewSite--addressEditDetailsCostObjectCstType-arrow"},"wdio_ui5_key":"applicationmanagesites-display-component---NewSite--addressEditDetailsCostObjectCstType-arrow"}]}
RESULT: undefined
COMMAND: POST /session/eacf8bccc3b349b538ac2f1863989237/element - {"using":"xpath","value":"//*[@id=\"application-managesites-display-component---NewSite--addressEditDetailsCostObjectCstType-arrow\"]"}
RESULT: {}
RESULT: {"using":"xpath","value":"//*[@id=\"application-managesites-display-component---NewSite--addressEditDetailsCostObjectCstType-arrow\"]"}
COMMAND: POST /session/eacf8bccc3b349b538ac2f1863989237/element/f.11D6377D86A94FC2ADAA7D32FFC9D30E.d.F6FB574977A8155797759984F9292706.e.2291/click - {}
RESULT: {}
COMMAND: POST /session/eacf8bccc3b349b538ac2f1863989237/element - {"using":"xpath","value":"//span[contains(text(), \"Work Breakdown Structure\")]"}
COMMAND: GET /session/eacf8bccc3b349b538ac2f1863989237/screenshot - {}
RESULT: {"using":"xpath","value":"//span[contains(text(), \"Work Breakdown Structure\")]"}
COMMAND: POST /session/eacf8bccc3b349b538ac2f1863989237/element/f.11D6377D86A94FC2ADAA7D32FFC9D30E.d.F6FB574977A8155797759984F9292706.e.2292/click - {}
RESULT: {}
RESULT: {}
COMMAND: GET /session/eacf8bccc3b349b538ac2f1863989237/screenshot - {}
RESULT: {}
COMMAND: POST /session/eacf8bccc3b349b538ac2f1863989237/execute/async - {"script":"<script> [1562 bytes]","args":[{"selector":{"id":"application-managesites-display-component---NewSite--addressNewCostObjectCstID-vhi"},"wdio_ui5_key":"applicationmanagesites-display-component---NewSite--addressNewCostObjectCstID-vhi"}]}
RESULT: {"script":"<script> [1562 bytes]","args":[{"selector":{"id":"application-managesites-display-component---NewSite--addressNewCostObjectCstID-vhi"},"wdio_ui5_key":"applicationmanagesites-display-component---NewSite--addressNewCostObjectCstID-vhi"}]}
RESULT: undefined
COMMAND: POST /session/eacf8bccc3b349b538ac2f1863989237/element - {"using":"xpath","value":"//*[@id=\"application-managesites-display-component---NewSite--addressNewCostObjectCstID-vhi\"]"}
RESULT: {"using":"xpath","value":"//*[@id=\"application-managesites-display-component---NewSite--addressNewCostObjectCstID-vhi\"]"}
COMMAND: POST /session/eacf8bccc3b349b538ac2f1863989237/element/f.11D6377D86A94FC2ADAA7D32FFC9D30E.d.F6FB574977A8155797759984F9292706.e.2296/click - {}
RESULT: {}
COMMAND: GET /session/eacf8bccc3b349b538ac2f1863989237/screenshot - {}
RESULT: {}
COMMAND: POST /session/eacf8bccc3b349b538ac2f1863989237/execute/async - {"script":"<script> [1562 bytes]","args":[{"selector":{"controlType":"sap.m.SearchField","properties":{"placeholder":"Search"},"searchOpenDialogs":true,"interaction":{"idSuffix":"I"}},"wdio_ui5_key":"sapm.SearchField{\"placeholder\":\"Search\"}"}]}
RESULT: {"script":"<script> [1562 bytes]","args":[{"selector":{"controlType":"sap.m.SearchField","properties":{"placeholder":"Search"},"searchOpenDialogs":true,"interaction":{"idSuffix":"I"}},"wdio_ui5_key":"sapm.SearchField{\"placeholder\":\"Search\"}"}]}
RESULT: undefined
COMMAND: POST /session/eacf8bccc3b349b538ac2f1863989237/execute/async - {"script":"<script> [776 bytes]","args":[{"enterText":"A1-000100-01","selector":{"controlType":"sap.m.SearchField","properties":{"placeholder":"Search"},"searchOpenDialogs":true,"interaction":{"idSuffix":"I"}},"clearTextFirst":true,"interactionType":"ENTER_TEXT"}]}
RESULT: {"script":"<script> [776 bytes]","args":[{"enterText":"A1-000100-01","selector":{"controlType":"sap.m.SearchField","properties":{"placeholder":"Search"},"searchOpenDialogs":true,"interaction":{"idSuffix":"I"}},"clearTextFirst":true,"interactionType":"ENTER_TEXT"}]}
COMMAND: POST /session/eacf8bccc3b349b538ac2f1863989237/actions - {"actions":[{"id":"action3","type":"key","parameters":{},"actions":[{"type":"keyDown","value":""},{"type":"pause","duration":10},{"type":"keyUp","value":""}]}]}
RESULT: {"actions":[{"id":"action3","type":"key","parameters":{},"actions":[{"type":"keyDown","value":""},{"type":"pause","duration":10},{"type":"keyUp","value":""}]}]}
COMMAND: GET /session/eacf8bccc3b349b538ac2f1863989237/screenshot - {}
RESULT: {}
COMMAND: POST /session/eacf8bccc3b349b538ac2f1863989237/element - {"using":"xpath","value":"//span[contains(text(), \"Template for ETO-Process\")]"}
RESULT: {"using":"xpath","value":"//span[contains(text(), \"Template for ETO-Process\")]"}
COMMAND: POST /session/eacf8bccc3b349b538ac2f1863989237/element/f.11D6377D86A94FC2ADAA7D32FFC9D30E.d.F6FB574977A8155797759984F9292706.e.2315/click - {}
RESULT: {}
COMMAND: GET /session/eacf8bccc3b349b538ac2f1863989237/screenshot - {}
RESULT: {}
COMMAND: POST /session/eacf8bccc3b349b538ac2f1863989237/element - {"using":"xpath","value":"//bdi[contains(text(), \"OK\")]"}
RESULT: {"using":"xpath","value":"//bdi[contains(text(), \"OK\")]"}
COMMAND: POST /session/eacf8bccc3b349b538ac2f1863989237/element/f.11D6377D86A94FC2ADAA7D32FFC9D30E.d.F6FB574977A8155797759984F9292706.e.2316/click - {}
RESULT: {}
COMMAND: GET /session/eacf8bccc3b349b538ac2f1863989237/screenshot - {}
RESULT: {}
COMMAND: POST /session/eacf8bccc3b349b538ac2f1863989237/element - {"using":"xpath","value":"//input[@id=\"application-managesites-display-component---NewSite--addressDetailDetailsYard-inner\"]"}
RESULT: {"using":"xpath","value":"//input[@id=\"application-managesites-display-component---NewSite--addressDetailDetailsYard-inner\"]"}
COMMAND: POST /session/eacf8bccc3b349b538ac2f1863989237/element/f.11D6377D86A94FC2ADAA7D32FFC9D30E.d.F6FB574977A8155797759984F9292706.e.2093/value - {"text":"536"}
RESULT: {"text":"536"}
COMMAND: GET /session/eacf8bccc3b349b538ac2f1863989237/screenshot - {}
RESULT: {}
COMMAND: POST /session/eacf8bccc3b349b538ac2f1863989237/actions - {"actions":[{"id":"action4","type":"key","parameters":{},"actions":[{"type":"keyDown","value":""},{"type":"pause","duration":10},{"type":"keyUp","value":""}]}]}
RESULT: {"actions":[{"id":"action4","type":"key","parameters":{},"actions":[{"type":"keyDown","value":""},{"type":"pause","duration":10},{"type":"keyUp","value":""}]}]}
COMMAND: GET /session/eacf8bccc3b349b538ac2f1863989237/screenshot - {}
RESULT: {}
COMMAND: POST /session/eacf8bccc3b349b538ac2f1863989237/element - {"using":"xpath","value":"//input[@id=\"application-managesites-display-component---NewSite--addressDetailDetailsPartner-inner\"]"}
RESULT: {"using":"xpath","value":"//input[@id=\"application-managesites-display-component---NewSite--addressDetailDetailsPartner-inner\"]"}
COMMAND: POST /session/eacf8bccc3b349b538ac2f1863989237/elements - {"using":"xpath","value":"//input[@id=\"application-managesites-display-component---NewSite--addressDetailDetailsPartner-inner\"]"}
RESULT: {"using":"xpath","value":"//input[@id=\"application-managesites-display-component---NewSite--addressDetailDetailsPartner-inner\"]"}
COMMAND: POST /session/eacf8bccc3b349b538ac2f1863989237/execute/async - {"script":"<script> [1562 bytes]","args":[{"selector":{"controlType":"sap.m.Button","viewName":"etm.portal.ui.managesites.view.NewSmartSite","viewId":"application-managesites-display-component---NewSite","properties":{"text":"Commercial"},"interaction":{"idSuffix":"BDI-content"}},"wdio_ui5_key":"etmportal.ui.managesites.view.NewSmartSitesap.m.Button{\"text\":\"Commercial\"}"}]}
RESULT: {"script":"<script> [1562 bytes]","args":[{"selector":{"controlType":"sap.m.Button","viewName":"etm.portal.ui.managesites.view.NewSmartSite","viewId":"application-managesites-display-component---NewSite","properties":{"text":"Commercial"},"interaction":{"idSuffix":"BDI-content"}},"wdio_ui5_key":"etmportal.ui.managesites.view.NewSmartSitesap.m.Button{\"text\":\"Commercial\"}"}]}
RESULT: undefined
COMMAND: POST /session/eacf8bccc3b349b538ac2f1863989237/element - {"using":"xpath","value":"//*[@id=\"application-managesites-display-component---NewSite--ObjectPageLayout-anchBar-__section31-anchor\"]"}
RESULT: {"using":"xpath","value":"//*[@id=\"application-managesites-display-component---NewSite--ObjectPageLayout-anchBar-__section31-anchor\"]"}
COMMAND: POST /session/eacf8bccc3b349b538ac2f1863989237/element/f.11D6377D86A94FC2ADAA7D32FFC9D30E.d.F6FB574977A8155797759984F9292706.e.2323/click - {}
RESULT: {}
COMMAND: POST /session/eacf8bccc3b349b538ac2f1863989237/execute/async - {"script":"<script> [1562 bytes]","args":[{"selector":{"controlType":"sap.m.Button","viewName":"etm.portal.ui.managesites.view.NewSmartSite","viewId":"application-managesites-display-component---NewSite","i18NText":{"propertyName":"text","key":"save"},"interaction":{"idSuffix":"BDI-content"}},"wdio_ui5_key":"etmportal.ui.managesites.view.NewSmartSitesap.m.Button{\"propertyName\":\"text\",\"key\":\"save\"}"}]}
COMMAND: GET /session/eacf8bccc3b349b538ac2f1863989237/screenshot - {}
RESULT: {"script":"<script> [1562 bytes]","args":[{"selector":{"controlType":"sap.m.Button","viewName":"etm.portal.ui.managesites.view.NewSmartSite","viewId":"application-managesites-display-component---NewSite","i18NText":{"propertyName":"text","key":"save"},"interaction":{"idSuffix":"BDI-content"}},"wdio_ui5_key":"etmportal.ui.managesites.view.NewSmartSitesap.m.Button{\"propertyName\":\"text\",\"key\":\"save\"}"}]}
RESULT: undefined
COMMAND: POST /session/eacf8bccc3b349b538ac2f1863989237/element - {"using":"xpath","value":"//*[@id=\"__button64\"]"}
RESULT: {}
RESULT: {"using":"xpath","value":"//*[@id=\"__button64\"]"}
COMMAND: POST /session/eacf8bccc3b349b538ac2f1863989237/element/f.11D6377D86A94FC2ADAA7D32FFC9D30E.d.F6FB574977A8155797759984F9292706.e.2243/click - {}
RESULT: {}
COMMAND: GET /session/eacf8bccc3b349b538ac2f1863989237/screenshot - {}
RESULT: {}
COMMAND: POST /session/eacf8bccc3b349b538ac2f1863989237/execute/async - {"script":"<script> [1562 bytes]","args":[{"selector":{"id":"application-managesites-display-component---detailSite--addressDetailDetailsYardText"},"wdio_ui5_key":"applicationmanagesites-display-component---detailSite--addressDetailDetailsYardText"}]}
RESULT: {"script":"<script> [1562 bytes]","args":[{"selector":{"id":"application-managesites-display-component---detailSite--addressDetailDetailsYardText"},"wdio_ui5_key":"applicationmanagesites-display-component---detailSite--addressDetailDetailsYardText"}]}
RESULT: undefined
COMMAND: POST /session/eacf8bccc3b349b538ac2f1863989237/element - {"using":"xpath","value":"//header/div/div[2]/div[2]/span"}
RESULT: {"using":"xpath","value":"//header/div/div[2]/div[2]/span"}
COMMAND: GET /session/eacf8bccc3b349b538ac2f1863989237/element/f.11D6377D86A94FC2ADAA7D32FFC9D30E.d.F6FB574977A8155797759984F9292706.e.2545/text - {}
RESULT: {}
COMMAND: POST /session/eacf8bccc3b349b538ac2f1863989237/element - {"using":"xpath","value":"//header/div/div/div/div/div/div[2]/div/span"}
RESULT: {"using":"xpath","value":"//header/div/div/div/div/div/div[2]/div/span"}
COMMAND: GET /session/eacf8bccc3b349b538ac2f1863989237/element/f.11D6377D86A94FC2ADAA7D32FFC9D30E.d.F6FB574977A8155797759984F9292706.e.2546/text - {}
RESULT: {}
COMMAND: POST /session/eacf8bccc3b349b538ac2f1863989237/element - {"using":"css selector","value":"#shell-header-logo"}
RESULT: {"using":"css selector","value":"#shell-header-logo"}
COMMAND: POST /session/eacf8bccc3b349b538ac2f1863989237/element/f.11D6377D86A94FC2ADAA7D32FFC9D30E.d.F6FB574977A8155797759984F9292706.e.1857/click - {}
RESULT: {}
COMMAND: GET /session/eacf8bccc3b349b538ac2f1863989237/screenshot - {}
RESULT: {}
]]></system-out>
    </testcase>
    <testcase classname="chrome.135_0_7049_42.windows.Manage_Requests_Tags_Tests_US120163" name="Should Create New Request Tags" time="162.688">
      <system-out><![CDATA[
COMMAND: POST /session/eacf8bccc3b349b538ac2f1863989237/execute/async - {"script":"<script> [1562 bytes]","args":[{"selector":{"controlType":"sap.m.GenericTile","properties":{"header":"Manage Requests"}},"wdio_ui5_key":"sapm.GenericTile{\"header\":\"Manage Requests\"}"}]}
RESULT: {"script":"<script> [1562 bytes]","args":[{"selector":{"controlType":"sap.m.GenericTile","properties":{"header":"Manage Requests"}},"wdio_ui5_key":"sapm.GenericTile{\"header\":\"Manage Requests\"}"}]}
RESULT: undefined
COMMAND: POST /session/eacf8bccc3b349b538ac2f1863989237/element - {"using":"xpath","value":"//*[@id=\"__tile47\"]"}
RESULT: {"using":"xpath","value":"//*[@id=\"__tile47\"]"}
COMMAND: POST /session/eacf8bccc3b349b538ac2f1863989237/element/f.11D6377D86A94FC2ADAA7D32FFC9D30E.d.F6FB574977A8155797759984F9292706.e.2548/click - {}
RESULT: {}
COMMAND: GET /session/eacf8bccc3b349b538ac2f1863989237/screenshot - {}
RESULT: {}
COMMAND: POST /session/eacf8bccc3b349b538ac2f1863989237/element - {"using":"xpath","value":"//button[contains(@data-kt ,\"btnCreateNewOverflowToolbarButton\")]"}
COMMAND: POST /session/eacf8bccc3b349b538ac2f1863989237/element - {"using":"xpath","value":"(//span[contains(@class ,\"sapMObjStatusText\")])[1]"}
RESULT: {"using":"xpath","value":"//button[contains(@data-kt ,\"btnCreateNewOverflowToolbarButton\")]"}
COMMAND: POST /session/eacf8bccc3b349b538ac2f1863989237/element/f.11D6377D86A94FC2ADAA7D32FFC9D30E.d.F6FB574977A8155797759984F9292706.e.2604/click - {}
RESULT: {"using":"xpath","value":"(//span[contains(@class ,\"sapMObjStatusText\")])[1]"}
COMMAND: POST /session/eacf8bccc3b349b538ac2f1863989237/execute/sync - {"script":"<script> [8489 bytes]","args":[{"element-6066-11e4-a52e-4f735466cecf":"f.11D6377D86A94FC2ADAA7D32FFC9D30E.d.F6FB574977A8155797759984F9292706.e.2645","ELEMENT":"f.11D6377D86A94FC2ADAA7D32FFC9D30E.d.F6FB574977A8155797759984F9292706.e.2645"}]}
RESULT: {}
COMMAND: GET /session/eacf8bccc3b349b538ac2f1863989237/screenshot - {}
RESULT: {"script":"<script> [8489 bytes]","args":[{"element-6066-11e4-a52e-4f735466cecf":"f.11D6377D86A94FC2ADAA7D32FFC9D30E.d.F6FB574977A8155797759984F9292706.e.2645","ELEMENT":"f.11D6377D86A94FC2ADAA7D32FFC9D30E.d.F6FB574977A8155797759984F9292706.e.2645"}]}
COMMAND: GET /session/eacf8bccc3b349b538ac2f1863989237/screenshot - {}
RESULT: {}
RESULT: {}
COMMAND: POST /session/eacf8bccc3b349b538ac2f1863989237/element - {"using":"xpath","value":"//input[contains(@id ,\"yardId-inner\")]"}
RESULT: {"using":"xpath","value":"//input[contains(@id ,\"yardId-inner\")]"}
COMMAND: GET /session/eacf8bccc3b349b538ac2f1863989237/element/f.11D6377D86A94FC2ADAA7D32FFC9D30E.d.F6FB574977A8155797759984F9292706.e.2828/enabled - {}
RESULT: {}
COMMAND: POST /session/eacf8bccc3b349b538ac2f1863989237/element/f.11D6377D86A94FC2ADAA7D32FFC9D30E.d.F6FB574977A8155797759984F9292706.e.2828/clear - {}
COMMAND: GET /session/eacf8bccc3b349b538ac2f1863989237/screenshot - {}
RESULT: {}
COMMAND: POST /session/eacf8bccc3b349b538ac2f1863989237/element/f.11D6377D86A94FC2ADAA7D32FFC9D30E.d.F6FB574977A8155797759984F9292706.e.2828/value - {"text":"WebdriverYard1i0u3"}
COMMAND: GET /session/eacf8bccc3b349b538ac2f1863989237/screenshot - {}
RESULT: {}
RESULT: {"text":"WebdriverYard1i0u3"}
COMMAND: GET /session/eacf8bccc3b349b538ac2f1863989237/screenshot - {}
RESULT: {}
RESULT: {}
COMMAND: POST /session/eacf8bccc3b349b538ac2f1863989237/actions - {"actions":[{"id":"action5","type":"key","parameters":{},"actions":[{"type":"keyDown","value":""},{"type":"pause","duration":10},{"type":"keyUp","value":""}]}]}
COMMAND: POST /session/eacf8bccc3b349b538ac2f1863989237/element - {"using":"xpath","value":"//input[contains(@id ,\"customerNumber-inner\")]"}
RESULT: {"actions":[{"id":"action5","type":"key","parameters":{},"actions":[{"type":"keyDown","value":""},{"type":"pause","duration":10},{"type":"keyUp","value":""}]}]}
COMMAND: GET /session/eacf8bccc3b349b538ac2f1863989237/screenshot - {}
RESULT: {"using":"xpath","value":"//input[contains(@id ,\"customerNumber-inner\")]"}
COMMAND: POST /session/eacf8bccc3b349b538ac2f1863989237/element/f.11D6377D86A94FC2ADAA7D32FFC9D30E.d.F6FB574977A8155797759984F9292706.e.2822/value - {"text":"WebdriverPartnerlnzir"}
RESULT: {}
RESULT: {"text":"WebdriverPartnerlnzir"}
COMMAND: GET /session/eacf8bccc3b349b538ac2f1863989237/screenshot - {}
RESULT: {}
COMMAND: POST /session/eacf8bccc3b349b538ac2f1863989237/actions - {"actions":[{"id":"action6","type":"key","parameters":{},"actions":[{"type":"keyDown","value":""},{"type":"pause","duration":10},{"type":"keyUp","value":""}]}]}
RESULT: {"actions":[{"id":"action6","type":"key","parameters":{},"actions":[{"type":"keyDown","value":""},{"type":"pause","duration":10},{"type":"keyUp","value":""}]}]}
COMMAND: GET /session/eacf8bccc3b349b538ac2f1863989237/screenshot - {}
RESULT: {}
COMMAND: POST /session/eacf8bccc3b349b538ac2f1863989237/element - {"using":"xpath","value":"//input[contains(@id ,\"requestSiteId-inner\")]"}
RESULT: {"using":"xpath","value":"//input[contains(@id ,\"requestSiteId-inner\")]"}
COMMAND: POST /session/eacf8bccc3b349b538ac2f1863989237/element/f.11D6377D86A94FC2ADAA7D32FFC9D30E.d.F6FB574977A8155797759984F9292706.e.2821/value - {"text":"WebdriverSiteo1997"}
RESULT: {"text":"WebdriverSiteo1997"}
COMMAND: GET /session/eacf8bccc3b349b538ac2f1863989237/screenshot - {}
RESULT: {}
COMMAND: POST /session/eacf8bccc3b349b538ac2f1863989237/execute/async - {"script":"<script> [1562 bytes]","args":[{"selector":{"controlType":"sap.m.Input","viewName":"etm.portal.ui.managerequests.view.NewRequest","bindingPath":{"path":"","propertyPath":"/DESCRIPTION","modelName":"oNewRequestModel"},"interaction":{"idSuffix":"inner"}},"wdio_ui5_key":"etmportal.ui.managerequests.view.NewRequestsap.m.Input{\"path\":\"\",\"propertyPath\":\"/DESCRIPTION\",\"modelName\":\"oNewRequestModel\"}"}]}
RESULT: {"script":"<script> [1562 bytes]","args":[{"selector":{"controlType":"sap.m.Input","viewName":"etm.portal.ui.managerequests.view.NewRequest","bindingPath":{"path":"","propertyPath":"/DESCRIPTION","modelName":"oNewRequestModel"},"interaction":{"idSuffix":"inner"}},"wdio_ui5_key":"etmportal.ui.managerequests.view.NewRequestsap.m.Input{\"path\":\"\",\"propertyPath\":\"/DESCRIPTION\",\"modelName\":\"oNewRequestModel\"}"}]}
RESULT: undefined
COMMAND: POST /session/eacf8bccc3b349b538ac2f1863989237/execute/async - {"script":"<script> [776 bytes]","args":[{"enterText":"Wdi5 Tags Test","selector":{"controlType":"sap.m.Input","viewName":"etm.portal.ui.managerequests.view.NewRequest","bindingPath":{"path":"","propertyPath":"/DESCRIPTION","modelName":"oNewRequestModel"},"interaction":{"idSuffix":"inner"}},"clearTextFirst":true,"interactionType":"ENTER_TEXT"}]}
RESULT: {"script":"<script> [776 bytes]","args":[{"enterText":"Wdi5 Tags Test","selector":{"controlType":"sap.m.Input","viewName":"etm.portal.ui.managerequests.view.NewRequest","bindingPath":{"path":"","propertyPath":"/DESCRIPTION","modelName":"oNewRequestModel"},"interaction":{"idSuffix":"inner"}},"clearTextFirst":true,"interactionType":"ENTER_TEXT"}]}
COMMAND: POST /session/eacf8bccc3b349b538ac2f1863989237/execute/async - {"script":"<script> [1562 bytes]","args":[{"selector":{"id":"tagInputAdd","viewName":"etm.portal.ui.managerequests.view.NewRequest","interaction":{"idSuffix":"inner"}},"wdio_ui5_key":"tagInputAddetmportal.ui.managerequests.view.NewRequest"}]}
RESULT: {"script":"<script> [1562 bytes]","args":[{"selector":{"id":"tagInputAdd","viewName":"etm.portal.ui.managerequests.view.NewRequest","interaction":{"idSuffix":"inner"}},"wdio_ui5_key":"tagInputAddetmportal.ui.managerequests.view.NewRequest"}]}
RESULT: undefined
COMMAND: POST /session/eacf8bccc3b349b538ac2f1863989237/execute/async - {"script":"<script> [776 bytes]","args":[{"enterText":"RefTag","selector":{"id":"tagInputAdd","viewName":"etm.portal.ui.managerequests.view.NewRequest","interaction":{"idSuffix":"inner"}},"clearTextFirst":true,"interactionType":"ENTER_TEXT"}]}
RESULT: {"script":"<script> [776 bytes]","args":[{"enterText":"RefTag","selector":{"id":"tagInputAdd","viewName":"etm.portal.ui.managerequests.view.NewRequest","interaction":{"idSuffix":"inner"}},"clearTextFirst":true,"interactionType":"ENTER_TEXT"}]}
COMMAND: POST /session/eacf8bccc3b349b538ac2f1863989237/actions - {"actions":[{"id":"action7","type":"key","parameters":{},"actions":[{"type":"keyDown","value":""},{"type":"pause","duration":10},{"type":"keyUp","value":""}]}]}
RESULT: {"actions":[{"id":"action7","type":"key","parameters":{},"actions":[{"type":"keyDown","value":""},{"type":"pause","duration":10},{"type":"keyUp","value":""}]}]}
COMMAND: GET /session/eacf8bccc3b349b538ac2f1863989237/screenshot - {}
RESULT: {}
RESULT: undefined
COMMAND: POST /session/eacf8bccc3b349b538ac2f1863989237/execute/async - {"script":"<script> [776 bytes]","args":[{"enterText":"tag-header","selector":{"id":"tagInputAdd","viewName":"etm.portal.ui.managerequests.view.NewRequest","interaction":{"idSuffix":"inner"}},"clearTextFirst":true,"interactionType":"ENTER_TEXT"}]}
RESULT: {"script":"<script> [776 bytes]","args":[{"enterText":"tag-header","selector":{"id":"tagInputAdd","viewName":"etm.portal.ui.managerequests.view.NewRequest","interaction":{"idSuffix":"inner"}},"clearTextFirst":true,"interactionType":"ENTER_TEXT"}]}
COMMAND: POST /session/eacf8bccc3b349b538ac2f1863989237/actions - {"actions":[{"id":"action8","type":"key","parameters":{},"actions":[{"type":"keyDown","value":""},{"type":"pause","duration":10},{"type":"keyUp","value":""}]}]}
RESULT: {"actions":[{"id":"action8","type":"key","parameters":{},"actions":[{"type":"keyDown","value":""},{"type":"pause","duration":10},{"type":"keyUp","value":""}]}]}
COMMAND: GET /session/eacf8bccc3b349b538ac2f1863989237/screenshot - {}
RESULT: {}
RESULT: undefined
COMMAND: POST /session/eacf8bccc3b349b538ac2f1863989237/execute/async - {"script":"<script> [776 bytes]","args":[{"enterText":"tag-duplicate","selector":{"id":"tagInputAdd","viewName":"etm.portal.ui.managerequests.view.NewRequest","interaction":{"idSuffix":"inner"}},"clearTextFirst":true,"interactionType":"ENTER_TEXT"}]}
RESULT: {"script":"<script> [776 bytes]","args":[{"enterText":"tag-duplicate","selector":{"id":"tagInputAdd","viewName":"etm.portal.ui.managerequests.view.NewRequest","interaction":{"idSuffix":"inner"}},"clearTextFirst":true,"interactionType":"ENTER_TEXT"}]}
COMMAND: POST /session/eacf8bccc3b349b538ac2f1863989237/actions - {"actions":[{"id":"action9","type":"key","parameters":{},"actions":[{"type":"keyDown","value":""},{"type":"pause","duration":10},{"type":"keyUp","value":""}]}]}
RESULT: {"actions":[{"id":"action9","type":"key","parameters":{},"actions":[{"type":"keyDown","value":""},{"type":"pause","duration":10},{"type":"keyUp","value":""}]}]}
COMMAND: GET /session/eacf8bccc3b349b538ac2f1863989237/screenshot - {}
RESULT: {}
COMMAND: POST /session/eacf8bccc3b349b538ac2f1863989237/execute/async - {"script":"<script> [1562 bytes]","args":[{"selector":{"id":"tagsLayoutAdd","viewName":"etm.portal.ui.managerequests.view.NewRequest"},"wdio_ui5_key":"tagsLayoutAddetmportal.ui.managerequests.view.NewRequest"}]}
RESULT: {"script":"<script> [1562 bytes]","args":[{"selector":{"id":"tagsLayoutAdd","viewName":"etm.portal.ui.managerequests.view.NewRequest"},"wdio_ui5_key":"tagsLayoutAddetmportal.ui.managerequests.view.NewRequest"}]}
RESULT: undefined
COMMAND: POST /session/eacf8bccc3b349b538ac2f1863989237/execute/async - {"script":"<script> [6424 bytes]","args":[{"element-6066-11e4-a52e-4f735466cecf":"f.11D6377D86A94FC2ADAA7D32FFC9D30E.d.F6FB574977A8155797759984F9292706.e.2966"},"getTokens",[]]}
RESULT: {"script":"<script> [6424 bytes]","args":[{"element-6066-11e4-a52e-4f735466cecf":"f.11D6377D86A94FC2ADAA7D32FFC9D30E.d.F6FB574977A8155797759984F9292706.e.2966"},"getTokens",[]]}
COMMAND: POST /session/eacf8bccc3b349b538ac2f1863989237/execute/async - {"script":"<script> [1562 bytes]","args":[{"wdio_ui5_key":"__token9","selector":{"id":"__token9"}}]}
COMMAND: POST /session/eacf8bccc3b349b538ac2f1863989237/execute/async - {"script":"<script> [1562 bytes]","args":[{"wdio_ui5_key":"__token10","selector":{"id":"__token10"}}]}
COMMAND: POST /session/eacf8bccc3b349b538ac2f1863989237/execute/async - {"script":"<script> [1562 bytes]","args":[{"wdio_ui5_key":"__token8","selector":{"id":"__token8"}}]}
RESULT: {"script":"<script> [1562 bytes]","args":[{"wdio_ui5_key":"__token8","selector":{"id":"__token8"}}]}
RESULT: undefined
RESULT: {"script":"<script> [1562 bytes]","args":[{"wdio_ui5_key":"__token10","selector":{"id":"__token10"}}]}
RESULT: undefined
RESULT: {"script":"<script> [1562 bytes]","args":[{"wdio_ui5_key":"__token9","selector":{"id":"__token9"}}]}
RESULT: undefined
COMMAND: POST /session/eacf8bccc3b349b538ac2f1863989237/execute/async - {"script":"<script> [1562 bytes]","args":[{"selector":{"controlType":"sap.ui.core.Icon","viewName":"etm.portal.ui.managerequests.view.NewRequest","properties":{"src":{"regex":{"source":"decline"}}},"ancestor":{"controlType":"sap.m.Token","viewName":"etm.portal.ui.managerequests.view.NewRequest","properties":{"text":"tag-duplicate"}}},"wdio_ui5_key":"etmportal.ui.managerequests.view.NewRequestsap.ui.core.Icon{\"src\":{\"regex\":{\"source\":\"decline\"}}}{\"controlType\":\"sap.m.Token\",\"viewName\":\"etm.portal.ui.managerequests.view.NewRequest\",\"properties\":{\"text\":\"tag-duplicate\"}}"}]}
RESULT: {"script":"<script> [1562 bytes]","args":[{"selector":{"controlType":"sap.ui.core.Icon","viewName":"etm.portal.ui.managerequests.view.NewRequest","properties":{"src":{"regex":{"source":"decline"}}},"ancestor":{"controlType":"sap.m.Token","viewName":"etm.portal.ui.managerequests.view.NewRequest","properties":{"text":"tag-duplicate"}}},"wdio_ui5_key":"etmportal.ui.managerequests.view.NewRequestsap.ui.core.Icon{\"src\":{\"regex\":{\"source\":\"decline\"}}}{\"controlType\":\"sap.m.Token\",\"viewName\":\"etm.portal.ui.managerequests.view.NewRequest\",\"properties\":{\"text\":\"tag-duplicate\"}}"}]}
RESULT: undefined
COMMAND: POST /session/eacf8bccc3b349b538ac2f1863989237/element - {"using":"xpath","value":"//*[@id=\"__token10-icon\"]"}
RESULT: {"using":"xpath","value":"//*[@id=\"__token10-icon\"]"}
COMMAND: POST /session/eacf8bccc3b349b538ac2f1863989237/element/f.11D6377D86A94FC2ADAA7D32FFC9D30E.d.F6FB574977A8155797759984F9292706.e.2989/click - {}
RESULT: {}
COMMAND: POST /session/eacf8bccc3b349b538ac2f1863989237/execute/async - {"script":"<script> [1562 bytes]","args":[{"selector":{"controlType":"sap.ui.core.Icon","viewName":"etm.portal.ui.managerequests.view.NewRequest","properties":{"src":{"regex":{"source":"decline"}}},"ancestor":{"controlType":"sap.m.Token","viewName":"etm.portal.ui.managerequests.view.NewRequest","properties":{"text":"tag1"}}},"wdio_ui5_key":"etmportal.ui.managerequests.view.NewRequestsap.ui.core.Icon{\"src\":{\"regex\":{\"source\":\"decline\"}}}{\"controlType\":\"sap.m.Token\",\"viewName\":\"etm.portal.ui.managerequests.view.NewRequest\",\"properties\":{\"text\":\"tag1\"}}"}]}
COMMAND: GET /session/eacf8bccc3b349b538ac2f1863989237/screenshot - {}
RESULT: {"script":"<script> [1562 bytes]","args":[{"selector":{"controlType":"sap.ui.core.Icon","viewName":"etm.portal.ui.managerequests.view.NewRequest","properties":{"src":{"regex":{"source":"decline"}}},"ancestor":{"controlType":"sap.m.Token","viewName":"etm.portal.ui.managerequests.view.NewRequest","properties":{"text":"tag1"}}},"wdio_ui5_key":"etmportal.ui.managerequests.view.NewRequestsap.ui.core.Icon{\"src\":{\"regex\":{\"source\":\"decline\"}}}{\"controlType\":\"sap.m.Token\",\"viewName\":\"etm.portal.ui.managerequests.view.NewRequest\",\"properties\":{\"text\":\"tag1\"}}"}]}
RESULT: undefined
RESULT: {}
COMMAND: POST /session/eacf8bccc3b349b538ac2f1863989237/actions - {"actions":[{"id":"action10","type":"key","parameters":{},"actions":[{"type":"keyDown","value":""},{"type":"pause","duration":10},{"type":"keyUp","value":""}]}]}
RESULT: {"actions":[{"id":"action10","type":"key","parameters":{},"actions":[{"type":"keyDown","value":""},{"type":"pause","duration":10},{"type":"keyUp","value":""}]}]}
COMMAND: GET /session/eacf8bccc3b349b538ac2f1863989237/screenshot - {}
RESULT: {}
RESULT: undefined
COMMAND: POST /session/eacf8bccc3b349b538ac2f1863989237/execute/async - {"script":"<script> [6424 bytes]","args":[{"element-6066-11e4-a52e-4f735466cecf":"f.11D6377D86A94FC2ADAA7D32FFC9D30E.d.F6FB574977A8155797759984F9292706.e.2966"},"getTokens",[]]}
RESULT: {"script":"<script> [6424 bytes]","args":[{"element-6066-11e4-a52e-4f735466cecf":"f.11D6377D86A94FC2ADAA7D32FFC9D30E.d.F6FB574977A8155797759984F9292706.e.2966"},"getTokens",[]]}
RESULT: undefined
RESULT: undefined
COMMAND: POST /session/eacf8bccc3b349b538ac2f1863989237/execute/async - {"script":"<script> [1562 bytes]","args":[{"selector":{"controlType":"sap.m.Button","viewName":"etm.portal.ui.managerequests.view.NewRequest","properties":{"text":"Items"},"interaction":{"idSuffix":"BDI-content"}},"wdio_ui5_key":"etmportal.ui.managerequests.view.NewRequestsap.m.Button{\"text\":\"Items\"}"}]}
RESULT: {"script":"<script> [1562 bytes]","args":[{"selector":{"controlType":"sap.m.Button","viewName":"etm.portal.ui.managerequests.view.NewRequest","properties":{"text":"Items"},"interaction":{"idSuffix":"BDI-content"}},"wdio_ui5_key":"etmportal.ui.managerequests.view.NewRequestsap.m.Button{\"text\":\"Items\"}"}]}
RESULT: undefined
COMMAND: POST /session/eacf8bccc3b349b538ac2f1863989237/element - {"using":"xpath","value":"//*[@id=\"__xmlview59--newRequestPage-anchBar-__xmlview59--requestItemsSection-anchor\"]"}
RESULT: {"using":"xpath","value":"//*[@id=\"__xmlview59--newRequestPage-anchBar-__xmlview59--requestItemsSection-anchor\"]"}
COMMAND: POST /session/eacf8bccc3b349b538ac2f1863989237/element/f.11D6377D86A94FC2ADAA7D32FFC9D30E.d.F6FB574977A8155797759984F9292706.e.2998/click - {}
RESULT: {}
COMMAND: GET /session/eacf8bccc3b349b538ac2f1863989237/screenshot - {}
RESULT: {}
COMMAND: POST /session/eacf8bccc3b349b538ac2f1863989237/execute/async - {"script":"<script> [1562 bytes]","args":[{"selector":{"controlType":"sap.ui.core.Icon","viewName":"etm.portal.ui.managerequests.view.NewRequest","properties":{"src":{"regex":{"source":"inspect"}}}},"wdio_ui5_key":"etmportal.ui.managerequests.view.NewRequestsap.ui.core.Icon{\"src\":{\"regex\":{\"source\":\"inspect\"}}}"}]}
RESULT: {"script":"<script> [1562 bytes]","args":[{"selector":{"controlType":"sap.ui.core.Icon","viewName":"etm.portal.ui.managerequests.view.NewRequest","properties":{"src":{"regex":{"source":"inspect"}}}},"wdio_ui5_key":"etmportal.ui.managerequests.view.NewRequestsap.ui.core.Icon{\"src\":{\"regex\":{\"source\":\"inspect\"}}}"}]}
RESULT: undefined
COMMAND: POST /session/eacf8bccc3b349b538ac2f1863989237/element - {"using":"xpath","value":"//*[@id=\"__button114-img\"]"}
RESULT: {"using":"xpath","value":"//*[@id=\"__button114-img\"]"}
COMMAND: POST /session/eacf8bccc3b349b538ac2f1863989237/element/f.11D6377D86A94FC2ADAA7D32FFC9D30E.d.F6FB574977A8155797759984F9292706.e.3003/click - {}
RESULT: {}
COMMAND: GET /session/eacf8bccc3b349b538ac2f1863989237/screenshot - {}
RESULT: {}
COMMAND: POST /session/eacf8bccc3b349b538ac2f1863989237/execute/async - {"script":"<script> [1562 bytes]","args":[{"selector":{"controlType":"sap.ui.core.Icon","viewName":"etm.portal.ui.managerequests.view.NewRequest","properties":{"src":{"regex":{"source":"add"}}}},"wdio_ui5_key":"etmportal.ui.managerequests.view.NewRequestsap.ui.core.Icon{\"src\":{\"regex\":{\"source\":\"add\"}}}"}]}
RESULT: {"script":"<script> [1562 bytes]","args":[{"selector":{"controlType":"sap.ui.core.Icon","viewName":"etm.portal.ui.managerequests.view.NewRequest","properties":{"src":{"regex":{"source":"add"}}}},"wdio_ui5_key":"etmportal.ui.managerequests.view.NewRequestsap.ui.core.Icon{\"src\":{\"regex\":{\"source\":\"add\"}}}"}]}
RESULT: undefined
COMMAND: POST /session/eacf8bccc3b349b538ac2f1863989237/element - {"using":"xpath","value":"//*[@id=\"__xmlview59--btnAddTableRow-img\"]"}
RESULT: {"using":"xpath","value":"//*[@id=\"__xmlview59--btnAddTableRow-img\"]"}
COMMAND: POST /session/eacf8bccc3b349b538ac2f1863989237/element/f.11D6377D86A94FC2ADAA7D32FFC9D30E.d.F6FB574977A8155797759984F9292706.e.2802/click - {}
RESULT: {}
COMMAND: GET /session/eacf8bccc3b349b538ac2f1863989237/screenshot - {}
RESULT: {}
COMMAND: POST /session/eacf8bccc3b349b538ac2f1863989237/execute/async - {"script":"<script> [1562 bytes]","args":[{"selector":{"controlType":"sap.ui.unified.MenuItem","viewName":"etm.portal.ui.managerequests.view.NewRequest","i18NText":{"propertyName":"text","key":"standardEntry"},"searchOpenDialogs":true,"interaction":{"idSuffix":"txt"}},"wdio_ui5_key":"etmportal.ui.managerequests.view.NewRequestsap.ui.unified.MenuItem{\"propertyName\":\"text\",\"key\":\"standardEntry\"}"}]}
RESULT: {"script":"<script> [1562 bytes]","args":[{"selector":{"controlType":"sap.ui.unified.MenuItem","viewName":"etm.portal.ui.managerequests.view.NewRequest","i18NText":{"propertyName":"text","key":"standardEntry"},"searchOpenDialogs":true,"interaction":{"idSuffix":"txt"}},"wdio_ui5_key":"etmportal.ui.managerequests.view.NewRequestsap.ui.unified.MenuItem{\"propertyName\":\"text\",\"key\":\"standardEntry\"}"}]}
RESULT: undefined
COMMAND: POST /session/eacf8bccc3b349b538ac2f1863989237/element - {"using":"xpath","value":"//*[@id=\"__item1588\"]"}
RESULT: {"using":"xpath","value":"//*[@id=\"__item1588\"]"}
COMMAND: POST /session/eacf8bccc3b349b538ac2f1863989237/element/f.11D6377D86A94FC2ADAA7D32FFC9D30E.d.F6FB574977A8155797759984F9292706.e.3011/click - {}
RESULT: {}
COMMAND: GET /session/eacf8bccc3b349b538ac2f1863989237/screenshot - {}
RESULT: {}
RESULT: undefined
COMMAND: POST /session/eacf8bccc3b349b538ac2f1863989237/element - {"using":"xpath","value":"//*[@id=\"__xmlview59--btnAddTableRow-img\"]"}
RESULT: {"using":"xpath","value":"//*[@id=\"__xmlview59--btnAddTableRow-img\"]"}
COMMAND: POST /session/eacf8bccc3b349b538ac2f1863989237/element/f.11D6377D86A94FC2ADAA7D32FFC9D30E.d.F6FB574977A8155797759984F9292706.e.2802/click - {}
RESULT: {}
COMMAND: GET /session/eacf8bccc3b349b538ac2f1863989237/screenshot - {}
RESULT: {}
RESULT: undefined
COMMAND: POST /session/eacf8bccc3b349b538ac2f1863989237/element - {"using":"xpath","value":"//*[@id=\"__item1588\"]"}
RESULT: {"using":"xpath","value":"//*[@id=\"__item1588\"]"}
COMMAND: POST /session/eacf8bccc3b349b538ac2f1863989237/element/f.11D6377D86A94FC2ADAA7D32FFC9D30E.d.F6FB574977A8155797759984F9292706.e.3032/click - {}
RESULT: {}
COMMAND: GET /session/eacf8bccc3b349b538ac2f1863989237/screenshot - {}
RESULT: {}
COMMAND: POST /session/eacf8bccc3b349b538ac2f1863989237/element - {"using":"xpath","value":"(//input[contains(@id ,\"requestItemsTable-0-inner\")])[5]"}
RESULT: {"using":"xpath","value":"(//input[contains(@id ,\"requestItemsTable-0-inner\")])[5]"}
COMMAND: POST /session/eacf8bccc3b349b538ac2f1863989237/element/f.11D6377D86A94FC2ADAA7D32FFC9D30E.d.F6FB574977A8155797759984F9292706.e.3023/clear - {}
RESULT: {}
COMMAND: POST /session/eacf8bccc3b349b538ac2f1863989237/element/f.11D6377D86A94FC2ADAA7D32FFC9D30E.d.F6FB574977A8155797759984F9292706.e.3023/value - {"text":"1000001"}
COMMAND: GET /session/eacf8bccc3b349b538ac2f1863989237/screenshot - {}
RESULT: {"text":"1000001"}
COMMAND: GET /session/eacf8bccc3b349b538ac2f1863989237/screenshot - {}
RESULT: {}
RESULT: {}
COMMAND: POST /session/eacf8bccc3b349b538ac2f1863989237/actions - {"actions":[{"id":"action11","type":"key","parameters":{},"actions":[{"type":"keyDown","value":""},{"type":"pause","duration":10},{"type":"keyUp","value":""}]}]}
RESULT: {"actions":[{"id":"action11","type":"key","parameters":{},"actions":[{"type":"keyDown","value":""},{"type":"pause","duration":10},{"type":"keyUp","value":""}]}]}
COMMAND: POST /session/eacf8bccc3b349b538ac2f1863989237/element - {"using":"xpath","value":"(//input[contains(@id ,\"requestItemsTable-1-inner\")])[5]"}
COMMAND: GET /session/eacf8bccc3b349b538ac2f1863989237/screenshot - {}
RESULT: {"using":"xpath","value":"(//input[contains(@id ,\"requestItemsTable-1-inner\")])[5]"}
COMMAND: POST /session/eacf8bccc3b349b538ac2f1863989237/element/f.11D6377D86A94FC2ADAA7D32FFC9D30E.d.F6FB574977A8155797759984F9292706.e.3038/clear - {}
RESULT: {}
RESULT: {}
COMMAND: POST /session/eacf8bccc3b349b538ac2f1863989237/element/f.11D6377D86A94FC2ADAA7D32FFC9D30E.d.F6FB574977A8155797759984F9292706.e.3038/value - {"text":"1000002"}
COMMAND: GET /session/eacf8bccc3b349b538ac2f1863989237/screenshot - {}
RESULT: {"text":"1000002"}
COMMAND: GET /session/eacf8bccc3b349b538ac2f1863989237/screenshot - {}
RESULT: {}
RESULT: {}
COMMAND: POST /session/eacf8bccc3b349b538ac2f1863989237/actions - {"actions":[{"id":"action12","type":"key","parameters":{},"actions":[{"type":"keyDown","value":""},{"type":"pause","duration":10},{"type":"keyUp","value":""}]}]}
RESULT: {"actions":[{"id":"action12","type":"key","parameters":{},"actions":[{"type":"keyDown","value":""},{"type":"pause","duration":10},{"type":"keyUp","value":""}]}]}
COMMAND: POST /session/eacf8bccc3b349b538ac2f1863989237/execute/async - {"script":"<script> [1562 bytes]","args":[{"selector":{"controlType":"sap.m.Input","viewName":"etm.portal.ui.managerequests.view.NewRequest","bindingPath":{"path":"","propertyPath":"/Tags","modelName":"catalogModel"},"ancestor":{"controlType":"sap.m.ColumnListItem","viewName":"etm.portal.ui.managerequests.view.NewRequest","bindingPath":{"modelName":"newRequestItems","path":"/RequestItems/0"},"ancestor":{"id":"requestItemsTable","viewName":"etm.portal.ui.managerequests.view.NewRequest"}},"interaction":{"idSuffix":"inner"}},"wdio_ui5_key":"etmportal.ui.managerequests.view.NewRequestsap.m.Input{\"path\":\"\",\"propertyPath\":\"/Tags\",\"modelName\":\"catalogModel\"}{\"controlType\":\"sap.m.ColumnListItem\",\"viewName\":\"etm.portal.ui.managerequests.view.NewRequest\",\"bindingPath\":{\"modelName\":\"newRequestItems\",\"path\":\"/RequestItems/0\"},\"ancestor\":{\"id\":\"requestItemsTable\",\"viewName\":\"etm.portal.ui.managerequests.view.NewRequest\"}}"}]}
COMMAND: GET /session/eacf8bccc3b349b538ac2f1863989237/screenshot - {}
RESULT: {"script":"<script> [1562 bytes]","args":[{"selector":{"controlType":"sap.m.Input","viewName":"etm.portal.ui.managerequests.view.NewRequest","bindingPath":{"path":"","propertyPath":"/Tags","modelName":"catalogModel"},"ancestor":{"controlType":"sap.m.ColumnListItem","viewName":"etm.portal.ui.managerequests.view.NewRequest","bindingPath":{"modelName":"newRequestItems","path":"/RequestItems/0"},"ancestor":{"id":"requestItemsTable","viewName":"etm.portal.ui.managerequests.view.NewRequest"}},"interaction":{"idSuffix":"inner"}},"wdio_ui5_key":"etmportal.ui.managerequests.view.NewRequestsap.m.Input{\"path\":\"\",\"propertyPath\":\"/Tags\",\"modelName\":\"catalogModel\"}{\"controlType\":\"sap.m.ColumnListItem\",\"viewName\":\"etm.portal.ui.managerequests.view.NewRequest\",\"bindingPath\":{\"modelName\":\"newRequestItems\",\"path\":\"/RequestItems/0\"},\"ancestor\":{\"id\":\"requestItemsTable\",\"viewName\":\"etm.portal.ui.managerequests.view.NewRequest\"}}"}]}
RESULT: undefined
COMMAND: POST /session/eacf8bccc3b349b538ac2f1863989237/execute/async - {"script":"<script> [776 bytes]","args":[{"enterText":"tag1","selector":{"controlType":"sap.m.Input","viewName":"etm.portal.ui.managerequests.view.NewRequest","bindingPath":{"path":"","propertyPath":"/Tags","modelName":"catalogModel"},"ancestor":{"controlType":"sap.m.ColumnListItem","viewName":"etm.portal.ui.managerequests.view.NewRequest","bindingPath":{"modelName":"newRequestItems","path":"/RequestItems/0"},"ancestor":{"id":"requestItemsTable","viewName":"etm.portal.ui.managerequests.view.NewRequest"}},"interaction":{"idSuffix":"inner"}},"clearTextFirst":true,"interactionType":"ENTER_TEXT"}]}
RESULT: {}
RESULT: {"script":"<script> [776 bytes]","args":[{"enterText":"tag1","selector":{"controlType":"sap.m.Input","viewName":"etm.portal.ui.managerequests.view.NewRequest","bindingPath":{"path":"","propertyPath":"/Tags","modelName":"catalogModel"},"ancestor":{"controlType":"sap.m.ColumnListItem","viewName":"etm.portal.ui.managerequests.view.NewRequest","bindingPath":{"modelName":"newRequestItems","path":"/RequestItems/0"},"ancestor":{"id":"requestItemsTable","viewName":"etm.portal.ui.managerequests.view.NewRequest"}},"interaction":{"idSuffix":"inner"}},"clearTextFirst":true,"interactionType":"ENTER_TEXT"}]}
COMMAND: POST /session/eacf8bccc3b349b538ac2f1863989237/actions - {"actions":[{"id":"action13","type":"key","parameters":{},"actions":[{"type":"keyDown","value":""},{"type":"pause","duration":10},{"type":"keyUp","value":""}]}]}
RESULT: {"actions":[{"id":"action13","type":"key","parameters":{},"actions":[{"type":"keyDown","value":""},{"type":"pause","duration":10},{"type":"keyUp","value":""}]}]}
RESULT: undefined
COMMAND: POST /session/eacf8bccc3b349b538ac2f1863989237/execute/async - {"script":"<script> [776 bytes]","args":[{"enterText":"tag-duplicate","selector":{"controlType":"sap.m.Input","viewName":"etm.portal.ui.managerequests.view.NewRequest","bindingPath":{"path":"","propertyPath":"/Tags","modelName":"catalogModel"},"ancestor":{"controlType":"sap.m.ColumnListItem","viewName":"etm.portal.ui.managerequests.view.NewRequest","bindingPath":{"modelName":"newRequestItems","path":"/RequestItems/0"},"ancestor":{"id":"requestItemsTable","viewName":"etm.portal.ui.managerequests.view.NewRequest"}},"interaction":{"idSuffix":"inner"}},"clearTextFirst":true,"interactionType":"ENTER_TEXT"}]}
COMMAND: GET /session/eacf8bccc3b349b538ac2f1863989237/screenshot - {}
RESULT: {"script":"<script> [776 bytes]","args":[{"enterText":"tag-duplicate","selector":{"controlType":"sap.m.Input","viewName":"etm.portal.ui.managerequests.view.NewRequest","bindingPath":{"path":"","propertyPath":"/Tags","modelName":"catalogModel"},"ancestor":{"controlType":"sap.m.ColumnListItem","viewName":"etm.portal.ui.managerequests.view.NewRequest","bindingPath":{"modelName":"newRequestItems","path":"/RequestItems/0"},"ancestor":{"id":"requestItemsTable","viewName":"etm.portal.ui.managerequests.view.NewRequest"}},"interaction":{"idSuffix":"inner"}},"clearTextFirst":true,"interactionType":"ENTER_TEXT"}]}
RESULT: {}
COMMAND: POST /session/eacf8bccc3b349b538ac2f1863989237/actions - {"actions":[{"id":"action14","type":"key","parameters":{},"actions":[{"type":"keyDown","value":""},{"type":"pause","duration":10},{"type":"keyUp","value":""}]}]}
RESULT: {"actions":[{"id":"action14","type":"key","parameters":{},"actions":[{"type":"keyDown","value":""},{"type":"pause","duration":10},{"type":"keyUp","value":""}]}]}
COMMAND: GET /session/eacf8bccc3b349b538ac2f1863989237/screenshot - {}
RESULT: {}
COMMAND: POST /session/eacf8bccc3b349b538ac2f1863989237/execute/async - {"script":"<script> [1562 bytes]","args":[{"selector":{"controlType":"sap.m.Input","viewName":"etm.portal.ui.managerequests.view.NewRequest","bindingPath":{"path":"","propertyPath":"/Tags","modelName":"catalogModel"},"ancestor":{"controlType":"sap.m.ColumnListItem","viewName":"etm.portal.ui.managerequests.view.NewRequest","bindingPath":{"modelName":"newRequestItems","path":"/RequestItems/1"},"ancestor":{"id":"requestItemsTable","viewName":"etm.portal.ui.managerequests.view.NewRequest"}},"interaction":{"idSuffix":"inner"}},"wdio_ui5_key":"etmportal.ui.managerequests.view.NewRequestsap.m.Input{\"path\":\"\",\"propertyPath\":\"/Tags\",\"modelName\":\"catalogModel\"}{\"controlType\":\"sap.m.ColumnListItem\",\"viewName\":\"etm.portal.ui.managerequests.view.NewRequest\",\"bindingPath\":{\"modelName\":\"newRequestItems\",\"path\":\"/RequestItems/1\"},\"ancestor\":{\"id\":\"requestItemsTable\",\"viewName\":\"etm.portal.ui.managerequests.view.NewRequest\"}}"}]}
RESULT: {"script":"<script> [1562 bytes]","args":[{"selector":{"controlType":"sap.m.Input","viewName":"etm.portal.ui.managerequests.view.NewRequest","bindingPath":{"path":"","propertyPath":"/Tags","modelName":"catalogModel"},"ancestor":{"controlType":"sap.m.ColumnListItem","viewName":"etm.portal.ui.managerequests.view.NewRequest","bindingPath":{"modelName":"newRequestItems","path":"/RequestItems/1"},"ancestor":{"id":"requestItemsTable","viewName":"etm.portal.ui.managerequests.view.NewRequest"}},"interaction":{"idSuffix":"inner"}},"wdio_ui5_key":"etmportal.ui.managerequests.view.NewRequestsap.m.Input{\"path\":\"\",\"propertyPath\":\"/Tags\",\"modelName\":\"catalogModel\"}{\"controlType\":\"sap.m.ColumnListItem\",\"viewName\":\"etm.portal.ui.managerequests.view.NewRequest\",\"bindingPath\":{\"modelName\":\"newRequestItems\",\"path\":\"/RequestItems/1\"},\"ancestor\":{\"id\":\"requestItemsTable\",\"viewName\":\"etm.portal.ui.managerequests.view.NewRequest\"}}"}]}
RESULT: undefined
COMMAND: POST /session/eacf8bccc3b349b538ac2f1863989237/execute/async - {"script":"<script> [776 bytes]","args":[{"enterText":"tag1","selector":{"controlType":"sap.m.Input","viewName":"etm.portal.ui.managerequests.view.NewRequest","bindingPath":{"path":"","propertyPath":"/Tags","modelName":"catalogModel"},"ancestor":{"controlType":"sap.m.ColumnListItem","viewName":"etm.portal.ui.managerequests.view.NewRequest","bindingPath":{"modelName":"newRequestItems","path":"/RequestItems/1"},"ancestor":{"id":"requestItemsTable","viewName":"etm.portal.ui.managerequests.view.NewRequest"}},"interaction":{"idSuffix":"inner"}},"clearTextFirst":true,"interactionType":"ENTER_TEXT"}]}
RESULT: {"script":"<script> [776 bytes]","args":[{"enterText":"tag1","selector":{"controlType":"sap.m.Input","viewName":"etm.portal.ui.managerequests.view.NewRequest","bindingPath":{"path":"","propertyPath":"/Tags","modelName":"catalogModel"},"ancestor":{"controlType":"sap.m.ColumnListItem","viewName":"etm.portal.ui.managerequests.view.NewRequest","bindingPath":{"modelName":"newRequestItems","path":"/RequestItems/1"},"ancestor":{"id":"requestItemsTable","viewName":"etm.portal.ui.managerequests.view.NewRequest"}},"interaction":{"idSuffix":"inner"}},"clearTextFirst":true,"interactionType":"ENTER_TEXT"}]}
COMMAND: POST /session/eacf8bccc3b349b538ac2f1863989237/actions - {"actions":[{"id":"action15","type":"key","parameters":{},"actions":[{"type":"keyDown","value":""},{"type":"pause","duration":10},{"type":"keyUp","value":""}]}]}
RESULT: {"actions":[{"id":"action15","type":"key","parameters":{},"actions":[{"type":"keyDown","value":""},{"type":"pause","duration":10},{"type":"keyUp","value":""}]}]}
RESULT: undefined
COMMAND: POST /session/eacf8bccc3b349b538ac2f1863989237/execute/async - {"script":"<script> [776 bytes]","args":[{"enterText":"tag-duplicate","selector":{"controlType":"sap.m.Input","viewName":"etm.portal.ui.managerequests.view.NewRequest","bindingPath":{"path":"","propertyPath":"/Tags","modelName":"catalogModel"},"ancestor":{"controlType":"sap.m.ColumnListItem","viewName":"etm.portal.ui.managerequests.view.NewRequest","bindingPath":{"modelName":"newRequestItems","path":"/RequestItems/1"},"ancestor":{"id":"requestItemsTable","viewName":"etm.portal.ui.managerequests.view.NewRequest"}},"interaction":{"idSuffix":"inner"}},"clearTextFirst":true,"interactionType":"ENTER_TEXT"}]}
COMMAND: GET /session/eacf8bccc3b349b538ac2f1863989237/screenshot - {}
RESULT: {"script":"<script> [776 bytes]","args":[{"enterText":"tag-duplicate","selector":{"controlType":"sap.m.Input","viewName":"etm.portal.ui.managerequests.view.NewRequest","bindingPath":{"path":"","propertyPath":"/Tags","modelName":"catalogModel"},"ancestor":{"controlType":"sap.m.ColumnListItem","viewName":"etm.portal.ui.managerequests.view.NewRequest","bindingPath":{"modelName":"newRequestItems","path":"/RequestItems/1"},"ancestor":{"id":"requestItemsTable","viewName":"etm.portal.ui.managerequests.view.NewRequest"}},"interaction":{"idSuffix":"inner"}},"clearTextFirst":true,"interactionType":"ENTER_TEXT"}]}
RESULT: {}
COMMAND: POST /session/eacf8bccc3b349b538ac2f1863989237/actions - {"actions":[{"id":"action16","type":"key","parameters":{},"actions":[{"type":"keyDown","value":""},{"type":"pause","duration":10},{"type":"keyUp","value":""}]}]}
RESULT: {"actions":[{"id":"action16","type":"key","parameters":{},"actions":[{"type":"keyDown","value":""},{"type":"pause","duration":10},{"type":"keyUp","value":""}]}]}
COMMAND: GET /session/eacf8bccc3b349b538ac2f1863989237/screenshot - {}
RESULT: {}
COMMAND: POST /session/eacf8bccc3b349b538ac2f1863989237/execute/async - {"script":"<script> [1562 bytes]","args":[{"selector":{"controlType":"sap.ui.core.Icon","viewName":"etm.portal.ui.managerequests.view.NewRequest","properties":{"src":{"regex":{"source":"slim\\-arrow\\-down"}}},"ancestor":{"controlType":"sap.m.Button","viewName":"etm.portal.ui.managerequests.view.NewRequest","properties":{"icon":"sap-icon://slim-arrow-down"}}},"wdio_ui5_key":"etmportal.ui.managerequests.view.NewRequestsap.ui.core.Icon{\"src\":{\"regex\":{\"source\":\"slim\\\\-arrow\\\\-down\"}}}{\"controlType\":\"sap.m.Button\",\"viewName\":\"etm.portal.ui.managerequests.view.NewRequest\",\"properties\":{\"icon\":\"sap-icon://slim-arrow-down\"}}"}]}
RESULT: {"script":"<script> [1562 bytes]","args":[{"selector":{"controlType":"sap.ui.core.Icon","viewName":"etm.portal.ui.managerequests.view.NewRequest","properties":{"src":{"regex":{"source":"slim\\-arrow\\-down"}}},"ancestor":{"controlType":"sap.m.Button","viewName":"etm.portal.ui.managerequests.view.NewRequest","properties":{"icon":"sap-icon://slim-arrow-down"}}},"wdio_ui5_key":"etmportal.ui.managerequests.view.NewRequestsap.ui.core.Icon{\"src\":{\"regex\":{\"source\":\"slim\\\\-arrow\\\\-down\"}}}{\"controlType\":\"sap.m.Button\",\"viewName\":\"etm.portal.ui.managerequests.view.NewRequest\",\"properties\":{\"icon\":\"sap-icon://slim-arrow-down\"}}"}]}
RESULT: undefined
COMMAND: POST /session/eacf8bccc3b349b538ac2f1863989237/element - {"using":"xpath","value":"//*[@id=\"__title25-expandBtn-img\"]"}
RESULT: {"using":"xpath","value":"//*[@id=\"__title25-expandBtn-img\"]"}
COMMAND: POST /session/eacf8bccc3b349b538ac2f1863989237/element/f.11D6377D86A94FC2ADAA7D32FFC9D30E.d.F6FB574977A8155797759984F9292706.e.3083/click - {}
RESULT: {}
COMMAND: GET /session/eacf8bccc3b349b538ac2f1863989237/screenshot - {}
RESULT: {}
COMMAND: POST /session/eacf8bccc3b349b538ac2f1863989237/element - {"using":"xpath","value":"//div[contains(@data-kt ,\"splitAllocationObjectStatus\")]"}
RESULT: {"using":"xpath","value":"//div[contains(@data-kt ,\"splitAllocationObjectStatus\")]"}
COMMAND: POST /session/eacf8bccc3b349b538ac2f1863989237/elements - {"using":"xpath","value":"//div[contains(@data-kt ,\"splitAllocationObjectStatus\")]"}
RESULT: {"using":"xpath","value":"//div[contains(@data-kt ,\"splitAllocationObjectStatus\")]"}
COMMAND: POST /session/eacf8bccc3b349b538ac2f1863989237/execute/async - {"script":"<script> [1562 bytes]","args":[{"selector":{"controlType":"sap.ui.core.Icon","viewName":"etm.portal.ui.managerequests.view.NewRequest","properties":{"src":{"regex":{"source":"message\\-error"}}},"ancestor":{"controlType":"sap.m.ColumnListItem","viewName":"etm.portal.ui.managerequests.view.NewRequest","bindingPath":{"modelName":"newRequestItems","path":"/RequestItems/0"},"ancestor":{"id":"requestItemsTable","viewName":"etm.portal.ui.managerequests.view.NewRequest"}}},"wdio_ui5_key":"etmportal.ui.managerequests.view.NewRequestsap.ui.core.Icon{\"src\":{\"regex\":{\"source\":\"message\\\\-error\"}}}{\"controlType\":\"sap.m.ColumnListItem\",\"viewName\":\"etm.portal.ui.managerequests.view.NewRequest\",\"bindingPath\":{\"modelName\":\"newRequestItems\",\"path\":\"/RequestItems/0\"},\"ancestor\":{\"id\":\"requestItemsTable\",\"viewName\":\"etm.portal.ui.managerequests.view.NewRequest\"}}"}]}
RESULT: {"script":"<script> [1562 bytes]","args":[{"selector":{"controlType":"sap.ui.core.Icon","viewName":"etm.portal.ui.managerequests.view.NewRequest","properties":{"src":{"regex":{"source":"message\\-error"}}},"ancestor":{"controlType":"sap.m.ColumnListItem","viewName":"etm.portal.ui.managerequests.view.NewRequest","bindingPath":{"modelName":"newRequestItems","path":"/RequestItems/0"},"ancestor":{"id":"requestItemsTable","viewName":"etm.portal.ui.managerequests.view.NewRequest"}}},"wdio_ui5_key":"etmportal.ui.managerequests.view.NewRequestsap.ui.core.Icon{\"src\":{\"regex\":{\"source\":\"message\\\\-error\"}}}{\"controlType\":\"sap.m.ColumnListItem\",\"viewName\":\"etm.portal.ui.managerequests.view.NewRequest\",\"bindingPath\":{\"modelName\":\"newRequestItems\",\"path\":\"/RequestItems/0\"},\"ancestor\":{\"id\":\"requestItemsTable\",\"viewName\":\"etm.portal.ui.managerequests.view.NewRequest\"}}"}]}
RESULT: undefined
COMMAND: POST /session/eacf8bccc3b349b538ac2f1863989237/element - {"using":"xpath","value":"//*[@id=\"__status6-__xmlview59--requestItemsTable-0-icon\"]"}
RESULT: {"using":"xpath","value":"//*[@id=\"__status6-__xmlview59--requestItemsTable-0-icon\"]"}
COMMAND: POST /session/eacf8bccc3b349b538ac2f1863989237/element/f.11D6377D86A94FC2ADAA7D32FFC9D30E.d.F6FB574977A8155797759984F9292706.e.3064/click - {}
RESULT: {}
COMMAND: GET /session/eacf8bccc3b349b538ac2f1863989237/screenshot - {}
RESULT: {}
COMMAND: POST /session/eacf8bccc3b349b538ac2f1863989237/execute/async - {"script":"<script> [1562 bytes]","args":[{"selector":{"id":"costObjectAdminTypeComboBox","viewName":"etm.portal.ui.managerequests.view.NewRequest","searchOpenDialogs":true,"interaction":{"idSuffix":"inner"}},"wdio_ui5_key":"costObjectAdminTypeComboBoxetmportal.ui.managerequests.view.NewRequest"}]}
RESULT: {"script":"<script> [1562 bytes]","args":[{"selector":{"id":"costObjectAdminTypeComboBox","viewName":"etm.portal.ui.managerequests.view.NewRequest","searchOpenDialogs":true,"interaction":{"idSuffix":"inner"}},"wdio_ui5_key":"costObjectAdminTypeComboBoxetmportal.ui.managerequests.view.NewRequest"}]}
RESULT: undefined
COMMAND: POST /session/eacf8bccc3b349b538ac2f1863989237/execute/async - {"script":"<script> [776 bytes]","args":[{"enterText":"Cost Center","selector":{"id":"costObjectAdminTypeComboBox","viewName":"etm.portal.ui.managerequests.view.NewRequest","searchOpenDialogs":true,"interaction":{"idSuffix":"inner"}},"clearTextFirst":true,"interactionType":"ENTER_TEXT"}]}
RESULT: {"script":"<script> [776 bytes]","args":[{"enterText":"Cost Center","selector":{"id":"costObjectAdminTypeComboBox","viewName":"etm.portal.ui.managerequests.view.NewRequest","searchOpenDialogs":true,"interaction":{"idSuffix":"inner"}},"clearTextFirst":true,"interactionType":"ENTER_TEXT"}]}
COMMAND: POST /session/eacf8bccc3b349b538ac2f1863989237/actions - {"actions":[{"id":"action17","type":"key","parameters":{},"actions":[{"type":"keyDown","value":""},{"type":"pause","duration":10},{"type":"keyUp","value":""}]}]}
RESULT: {"actions":[{"id":"action17","type":"key","parameters":{},"actions":[{"type":"keyDown","value":""},{"type":"pause","duration":10},{"type":"keyUp","value":""}]}]}
COMMAND: GET /session/eacf8bccc3b349b538ac2f1863989237/screenshot - {}
RESULT: {}
COMMAND: POST /session/eacf8bccc3b349b538ac2f1863989237/execute/async - {"script":"<script> [1562 bytes]","args":[{"selector":{"id":"costObjectIdComboBox","viewName":"etm.portal.ui.managerequests.view.NewRequest","searchOpenDialogs":true,"interaction":{"idSuffix":"inner"}},"wdio_ui5_key":"costObjectIdComboBoxetmportal.ui.managerequests.view.NewRequest"}]}
RESULT: {"script":"<script> [1562 bytes]","args":[{"selector":{"id":"costObjectIdComboBox","viewName":"etm.portal.ui.managerequests.view.NewRequest","searchOpenDialogs":true,"interaction":{"idSuffix":"inner"}},"wdio_ui5_key":"costObjectIdComboBoxetmportal.ui.managerequests.view.NewRequest"}]}
RESULT: undefined
COMMAND: POST /session/eacf8bccc3b349b538ac2f1863989237/execute/async - {"script":"<script> [776 bytes]","args":[{"enterText":"1001 - 1001","selector":{"id":"costObjectIdComboBox","viewName":"etm.portal.ui.managerequests.view.NewRequest","searchOpenDialogs":true,"interaction":{"idSuffix":"inner"}},"clearTextFirst":true,"interactionType":"ENTER_TEXT"}]}
RESULT: {"script":"<script> [776 bytes]","args":[{"enterText":"1001 - 1001","selector":{"id":"costObjectIdComboBox","viewName":"etm.portal.ui.managerequests.view.NewRequest","searchOpenDialogs":true,"interaction":{"idSuffix":"inner"}},"clearTextFirst":true,"interactionType":"ENTER_TEXT"}]}
COMMAND: POST /session/eacf8bccc3b349b538ac2f1863989237/actions - {"actions":[{"id":"action18","type":"key","parameters":{},"actions":[{"type":"keyDown","value":""},{"type":"pause","duration":10},{"type":"keyUp","value":""}]}]}
RESULT: {"actions":[{"id":"action18","type":"key","parameters":{},"actions":[{"type":"keyDown","value":""},{"type":"pause","duration":10},{"type":"keyUp","value":""}]}]}
COMMAND: GET /session/eacf8bccc3b349b538ac2f1863989237/screenshot - {}
RESULT: {}
COMMAND: POST /session/eacf8bccc3b349b538ac2f1863989237/element - {"using":"xpath","value":"(//bdi[(text() = 'Save' or . = 'Save')])[1]"}
RESULT: {"using":"xpath","value":"(//bdi[(text() = 'Save' or . = 'Save')])[1]"}
COMMAND: POST /session/eacf8bccc3b349b538ac2f1863989237/element/f.11D6377D86A94FC2ADAA7D32FFC9D30E.d.F6FB574977A8155797759984F9292706.e.3101/click - {}
RESULT: {}
COMMAND: POST /session/eacf8bccc3b349b538ac2f1863989237/execute/async - {"script":"<script> [1562 bytes]","args":[{"selector":{"controlType":"sap.ui.core.Icon","viewName":"etm.portal.ui.managerequests.view.NewRequest","properties":{"src":{"regex":{"source":"message\\-error"}}},"ancestor":{"controlType":"sap.m.ColumnListItem","viewName":"etm.portal.ui.managerequests.view.NewRequest","bindingPath":{"modelName":"newRequestItems","path":"/RequestItems/1"},"ancestor":{"id":"requestItemsTable","viewName":"etm.portal.ui.managerequests.view.NewRequest"}}},"wdio_ui5_key":"etmportal.ui.managerequests.view.NewRequestsap.ui.core.Icon{\"src\":{\"regex\":{\"source\":\"message\\\\-error\"}}}{\"controlType\":\"sap.m.ColumnListItem\",\"viewName\":\"etm.portal.ui.managerequests.view.NewRequest\",\"bindingPath\":{\"modelName\":\"newRequestItems\",\"path\":\"/RequestItems/1\"},\"ancestor\":{\"id\":\"requestItemsTable\",\"viewName\":\"etm.portal.ui.managerequests.view.NewRequest\"}}"}]}
COMMAND: GET /session/eacf8bccc3b349b538ac2f1863989237/screenshot - {}
RESULT: {"script":"<script> [1562 bytes]","args":[{"selector":{"controlType":"sap.ui.core.Icon","viewName":"etm.portal.ui.managerequests.view.NewRequest","properties":{"src":{"regex":{"source":"message\\-error"}}},"ancestor":{"controlType":"sap.m.ColumnListItem","viewName":"etm.portal.ui.managerequests.view.NewRequest","bindingPath":{"modelName":"newRequestItems","path":"/RequestItems/1"},"ancestor":{"id":"requestItemsTable","viewName":"etm.portal.ui.managerequests.view.NewRequest"}}},"wdio_ui5_key":"etmportal.ui.managerequests.view.NewRequestsap.ui.core.Icon{\"src\":{\"regex\":{\"source\":\"message\\\\-error\"}}}{\"controlType\":\"sap.m.ColumnListItem\",\"viewName\":\"etm.portal.ui.managerequests.view.NewRequest\",\"bindingPath\":{\"modelName\":\"newRequestItems\",\"path\":\"/RequestItems/1\"},\"ancestor\":{\"id\":\"requestItemsTable\",\"viewName\":\"etm.portal.ui.managerequests.view.NewRequest\"}}"}]}
RESULT: undefined
COMMAND: POST /session/eacf8bccc3b349b538ac2f1863989237/element - {"using":"xpath","value":"//*[@id=\"__status6-__xmlview59--requestItemsTable-1-icon\"]"}
RESULT: {}
RESULT: {"using":"xpath","value":"//*[@id=\"__status6-__xmlview59--requestItemsTable-1-icon\"]"}
COMMAND: POST /session/eacf8bccc3b349b538ac2f1863989237/element/f.11D6377D86A94FC2ADAA7D32FFC9D30E.d.F6FB574977A8155797759984F9292706.e.3081/click - {}
RESULT: {}
COMMAND: GET /session/eacf8bccc3b349b538ac2f1863989237/screenshot - {}
RESULT: {}
RESULT: undefined
COMMAND: POST /session/eacf8bccc3b349b538ac2f1863989237/execute/async - {"script":"<script> [776 bytes]","args":[{"enterText":"Cost Center","selector":{"id":"costObjectAdminTypeComboBox","viewName":"etm.portal.ui.managerequests.view.NewRequest","searchOpenDialogs":true,"interaction":{"idSuffix":"inner"}},"clearTextFirst":true,"interactionType":"ENTER_TEXT"}]}
RESULT: {"script":"<script> [776 bytes]","args":[{"enterText":"Cost Center","selector":{"id":"costObjectAdminTypeComboBox","viewName":"etm.portal.ui.managerequests.view.NewRequest","searchOpenDialogs":true,"interaction":{"idSuffix":"inner"}},"clearTextFirst":true,"interactionType":"ENTER_TEXT"}]}
COMMAND: POST /session/eacf8bccc3b349b538ac2f1863989237/actions - {"actions":[{"id":"action19","type":"key","parameters":{},"actions":[{"type":"keyDown","value":""},{"type":"pause","duration":10},{"type":"keyUp","value":""}]}]}
RESULT: {"actions":[{"id":"action19","type":"key","parameters":{},"actions":[{"type":"keyDown","value":""},{"type":"pause","duration":10},{"type":"keyUp","value":""}]}]}
COMMAND: GET /session/eacf8bccc3b349b538ac2f1863989237/screenshot - {}
RESULT: {}
RESULT: undefined
COMMAND: POST /session/eacf8bccc3b349b538ac2f1863989237/execute/async - {"script":"<script> [776 bytes]","args":[{"enterText":"1001 - 1001","selector":{"id":"costObjectIdComboBox","viewName":"etm.portal.ui.managerequests.view.NewRequest","searchOpenDialogs":true,"interaction":{"idSuffix":"inner"}},"clearTextFirst":true,"interactionType":"ENTER_TEXT"}]}
RESULT: {"script":"<script> [776 bytes]","args":[{"enterText":"1001 - 1001","selector":{"id":"costObjectIdComboBox","viewName":"etm.portal.ui.managerequests.view.NewRequest","searchOpenDialogs":true,"interaction":{"idSuffix":"inner"}},"clearTextFirst":true,"interactionType":"ENTER_TEXT"}]}
COMMAND: POST /session/eacf8bccc3b349b538ac2f1863989237/actions - {"actions":[{"id":"action20","type":"key","parameters":{},"actions":[{"type":"keyDown","value":""},{"type":"pause","duration":10},{"type":"keyUp","value":""}]}]}
RESULT: {"actions":[{"id":"action20","type":"key","parameters":{},"actions":[{"type":"keyDown","value":""},{"type":"pause","duration":10},{"type":"keyUp","value":""}]}]}
COMMAND: GET /session/eacf8bccc3b349b538ac2f1863989237/screenshot - {}
RESULT: {}
COMMAND: POST /session/eacf8bccc3b349b538ac2f1863989237/element - {"using":"xpath","value":"(//bdi[(text() = 'Save' or . = 'Save')])[1]"}
RESULT: {"using":"xpath","value":"(//bdi[(text() = 'Save' or . = 'Save')])[1]"}
COMMAND: POST /session/eacf8bccc3b349b538ac2f1863989237/element/f.11D6377D86A94FC2ADAA7D32FFC9D30E.d.F6FB574977A8155797759984F9292706.e.3113/click - {}
RESULT: {}
COMMAND: POST /session/eacf8bccc3b349b538ac2f1863989237/execute/async - {"script":"<script> [1562 bytes]","args":[{"selector":{"controlType":"sap.ui.core.Icon","viewName":"etm.portal.ui.managerequests.view.NewRequest","properties":{"src":{"regex":{"source":"decline"}}},"ancestor":{"controlType":"sap.m.Token","viewName":"etm.portal.ui.managerequests.view.NewRequest","bindingPath":{"path":"/RequestItems/0/TOKENS/0","propertyPath":"TAG","modelName":"newRequestItems"}}},"wdio_ui5_key":"etmportal.ui.managerequests.view.NewRequestsap.ui.core.Icon{\"src\":{\"regex\":{\"source\":\"decline\"}}}{\"controlType\":\"sap.m.Token\",\"viewName\":\"etm.portal.ui.managerequests.view.NewRequest\",\"bindingPath\":{\"path\":\"/RequestItems/0/TOKENS/0\",\"propertyPath\":\"TAG\",\"modelName\":\"newRequestItems\"}}"}]}
COMMAND: GET /session/eacf8bccc3b349b538ac2f1863989237/screenshot - {}
RESULT: {"script":"<script> [1562 bytes]","args":[{"selector":{"controlType":"sap.ui.core.Icon","viewName":"etm.portal.ui.managerequests.view.NewRequest","properties":{"src":{"regex":{"source":"decline"}}},"ancestor":{"controlType":"sap.m.Token","viewName":"etm.portal.ui.managerequests.view.NewRequest","bindingPath":{"path":"/RequestItems/0/TOKENS/0","propertyPath":"TAG","modelName":"newRequestItems"}}},"wdio_ui5_key":"etmportal.ui.managerequests.view.NewRequestsap.ui.core.Icon{\"src\":{\"regex\":{\"source\":\"decline\"}}}{\"controlType\":\"sap.m.Token\",\"viewName\":\"etm.portal.ui.managerequests.view.NewRequest\",\"bindingPath\":{\"path\":\"/RequestItems/0/TOKENS/0\",\"propertyPath\":\"TAG\",\"modelName\":\"newRequestItems\"}}"}]}
RESULT: undefined
COMMAND: POST /session/eacf8bccc3b349b538ac2f1863989237/element - {"using":"xpath","value":"//*[@id=\"__token7-__tokenizer62-__xmlview59--requestItemsTable-0-0-icon\"]"}
RESULT: {}
RESULT: {"using":"xpath","value":"//*[@id=\"__token7-__tokenizer62-__xmlview59--requestItemsTable-0-0-icon\"]"}
COMMAND: POST /session/eacf8bccc3b349b538ac2f1863989237/element/f.11D6377D86A94FC2ADAA7D32FFC9D30E.d.F6FB574977A8155797759984F9292706.e.3115/click - {}
RESULT: {}
COMMAND: GET /session/eacf8bccc3b349b538ac2f1863989237/screenshot - {}
RESULT: {}
COMMAND: POST /session/eacf8bccc3b349b538ac2f1863989237/actions - {"actions":[{"id":"action21","type":"key","parameters":{},"actions":[{"type":"keyDown","value":""},{"type":"pause","duration":10},{"type":"keyUp","value":""}]}]}
RESULT: {"actions":[{"id":"action21","type":"key","parameters":{},"actions":[{"type":"keyDown","value":""},{"type":"pause","duration":10},{"type":"keyUp","value":""}]}]}
COMMAND: GET /session/eacf8bccc3b349b538ac2f1863989237/screenshot - {}
RESULT: {}
COMMAND: POST /session/eacf8bccc3b349b538ac2f1863989237/execute/async - {"script":"<script> [1562 bytes]","args":[{"selector":{"controlType":"sap.m.Tokenizer","viewName":"etm.portal.ui.managerequests.view.NewRequest","bindingPath":{"path":"/RequestItems/0","propertyPath":"TOKENS","modelName":"newRequestItems"}},"wdio_ui5_key":"etmportal.ui.managerequests.view.NewRequestsap.m.Tokenizer{\"path\":\"/RequestItems/0\",\"propertyPath\":\"TOKENS\",\"modelName\":\"newRequestItems\"}"}]}
RESULT: {"script":"<script> [1562 bytes]","args":[{"selector":{"controlType":"sap.m.Tokenizer","viewName":"etm.portal.ui.managerequests.view.NewRequest","bindingPath":{"path":"/RequestItems/0","propertyPath":"TOKENS","modelName":"newRequestItems"}},"wdio_ui5_key":"etmportal.ui.managerequests.view.NewRequestsap.m.Tokenizer{\"path\":\"/RequestItems/0\",\"propertyPath\":\"TOKENS\",\"modelName\":\"newRequestItems\"}"}]}
RESULT: undefined
COMMAND: POST /session/eacf8bccc3b349b538ac2f1863989237/execute/async - {"script":"<script> [6424 bytes]","args":[{"element-6066-11e4-a52e-4f735466cecf":"f.11D6377D86A94FC2ADAA7D32FFC9D30E.d.F6FB574977A8155797759984F9292706.e.3123"},"getTokens",[]]}
RESULT: {"script":"<script> [6424 bytes]","args":[{"element-6066-11e4-a52e-4f735466cecf":"f.11D6377D86A94FC2ADAA7D32FFC9D30E.d.F6FB574977A8155797759984F9292706.e.3123"},"getTokens",[]]}
COMMAND: POST /session/eacf8bccc3b349b538ac2f1863989237/execute/async - {"script":"<script> [1562 bytes]","args":[{"wdio_ui5_key":"__token7-__tokenizer62-__xmlview59--requestItemsTable-0-0","selector":{"id":"__token7-__tokenizer62-__xmlview59--requestItemsTable-0-0"}}]}
RESULT: {"script":"<script> [1562 bytes]","args":[{"wdio_ui5_key":"__token7-__tokenizer62-__xmlview59--requestItemsTable-0-0","selector":{"id":"__token7-__tokenizer62-__xmlview59--requestItemsTable-0-0"}}]}
RESULT: undefined
RESULT: undefined
COMMAND: POST /session/eacf8bccc3b349b538ac2f1863989237/execute/async - {"script":"<script> [776 bytes]","args":[{"enterText":"tagRequest1","selector":{"controlType":"sap.m.Input","viewName":"etm.portal.ui.managerequests.view.NewRequest","bindingPath":{"path":"","propertyPath":"/Tags","modelName":"catalogModel"},"ancestor":{"controlType":"sap.m.ColumnListItem","viewName":"etm.portal.ui.managerequests.view.NewRequest","bindingPath":{"modelName":"newRequestItems","path":"/RequestItems/0"},"ancestor":{"id":"requestItemsTable","viewName":"etm.portal.ui.managerequests.view.NewRequest"}},"interaction":{"idSuffix":"inner"}},"clearTextFirst":true,"interactionType":"ENTER_TEXT"}]}
RESULT: {"script":"<script> [776 bytes]","args":[{"enterText":"tagRequest1","selector":{"controlType":"sap.m.Input","viewName":"etm.portal.ui.managerequests.view.NewRequest","bindingPath":{"path":"","propertyPath":"/Tags","modelName":"catalogModel"},"ancestor":{"controlType":"sap.m.ColumnListItem","viewName":"etm.portal.ui.managerequests.view.NewRequest","bindingPath":{"modelName":"newRequestItems","path":"/RequestItems/0"},"ancestor":{"id":"requestItemsTable","viewName":"etm.portal.ui.managerequests.view.NewRequest"}},"interaction":{"idSuffix":"inner"}},"clearTextFirst":true,"interactionType":"ENTER_TEXT"}]}
COMMAND: POST /session/eacf8bccc3b349b538ac2f1863989237/actions - {"actions":[{"id":"action22","type":"key","parameters":{},"actions":[{"type":"keyDown","value":""},{"type":"pause","duration":10},{"type":"keyUp","value":""}]}]}
RESULT: {"actions":[{"id":"action22","type":"key","parameters":{},"actions":[{"type":"keyDown","value":""},{"type":"pause","duration":10},{"type":"keyUp","value":""}]}]}
COMMAND: GET /session/eacf8bccc3b349b538ac2f1863989237/screenshot - {}
RESULT: {}
RESULT: undefined
COMMAND: POST /session/eacf8bccc3b349b538ac2f1863989237/execute/async - {"script":"<script> [6424 bytes]","args":[{"element-6066-11e4-a52e-4f735466cecf":"f.11D6377D86A94FC2ADAA7D32FFC9D30E.d.F6FB574977A8155797759984F9292706.e.3123"},"getTokens",[]]}
RESULT: {"script":"<script> [6424 bytes]","args":[{"element-6066-11e4-a52e-4f735466cecf":"f.11D6377D86A94FC2ADAA7D32FFC9D30E.d.F6FB574977A8155797759984F9292706.e.3123"},"getTokens",[]]}
COMMAND: POST /session/eacf8bccc3b349b538ac2f1863989237/execute/async - {"script":"<script> [1562 bytes]","args":[{"wdio_ui5_key":"__token7-__tokenizer62-__xmlview59--requestItemsTable-0-1","selector":{"id":"__token7-__tokenizer62-__xmlview59--requestItemsTable-0-1"}}]}
RESULT: undefined
RESULT: {"script":"<script> [1562 bytes]","args":[{"wdio_ui5_key":"__token7-__tokenizer62-__xmlview59--requestItemsTable-0-1","selector":{"id":"__token7-__tokenizer62-__xmlview59--requestItemsTable-0-1"}}]}
RESULT: undefined
COMMAND: POST /session/eacf8bccc3b349b538ac2f1863989237/execute/async - {"script":"<script> [1562 bytes]","args":[{"selector":{"controlType":"sap.ui.core.Icon","viewName":"etm.portal.ui.managerequests.view.NewRequest","properties":{"src":{"regex":{"source":"decline"}}},"ancestor":{"controlType":"sap.m.Token","viewName":"etm.portal.ui.managerequests.view.NewRequest","bindingPath":{"path":"/RequestItems/1/TOKENS/0","propertyPath":"TAG","modelName":"newRequestItems"}}},"wdio_ui5_key":"etmportal.ui.managerequests.view.NewRequestsap.ui.core.Icon{\"src\":{\"regex\":{\"source\":\"decline\"}}}{\"controlType\":\"sap.m.Token\",\"viewName\":\"etm.portal.ui.managerequests.view.NewRequest\",\"bindingPath\":{\"path\":\"/RequestItems/1/TOKENS/0\",\"propertyPath\":\"TAG\",\"modelName\":\"newRequestItems\"}}"}]}
RESULT: {"script":"<script> [1562 bytes]","args":[{"selector":{"controlType":"sap.ui.core.Icon","viewName":"etm.portal.ui.managerequests.view.NewRequest","properties":{"src":{"regex":{"source":"decline"}}},"ancestor":{"controlType":"sap.m.Token","viewName":"etm.portal.ui.managerequests.view.NewRequest","bindingPath":{"path":"/RequestItems/1/TOKENS/0","propertyPath":"TAG","modelName":"newRequestItems"}}},"wdio_ui5_key":"etmportal.ui.managerequests.view.NewRequestsap.ui.core.Icon{\"src\":{\"regex\":{\"source\":\"decline\"}}}{\"controlType\":\"sap.m.Token\",\"viewName\":\"etm.portal.ui.managerequests.view.NewRequest\",\"bindingPath\":{\"path\":\"/RequestItems/1/TOKENS/0\",\"propertyPath\":\"TAG\",\"modelName\":\"newRequestItems\"}}"}]}
RESULT: undefined
COMMAND: POST /session/eacf8bccc3b349b538ac2f1863989237/element - {"using":"xpath","value":"//*[@id=\"__token7-__tokenizer62-__xmlview59--requestItemsTable-1-0-icon\"]"}
RESULT: {"using":"xpath","value":"//*[@id=\"__token7-__tokenizer62-__xmlview59--requestItemsTable-1-0-icon\"]"}
COMMAND: POST /session/eacf8bccc3b349b538ac2f1863989237/element/f.11D6377D86A94FC2ADAA7D32FFC9D30E.d.F6FB574977A8155797759984F9292706.e.3125/click - {}
RESULT: {}
COMMAND: GET /session/eacf8bccc3b349b538ac2f1863989237/screenshot - {}
RESULT: {}
COMMAND: POST /session/eacf8bccc3b349b538ac2f1863989237/actions - {"actions":[{"id":"action23","type":"key","parameters":{},"actions":[{"type":"keyDown","value":""},{"type":"pause","duration":10},{"type":"keyUp","value":""}]}]}
RESULT: {"actions":[{"id":"action23","type":"key","parameters":{},"actions":[{"type":"keyDown","value":""},{"type":"pause","duration":10},{"type":"keyUp","value":""}]}]}
COMMAND: GET /session/eacf8bccc3b349b538ac2f1863989237/screenshot - {}
RESULT: {}
COMMAND: POST /session/eacf8bccc3b349b538ac2f1863989237/execute/async - {"script":"<script> [1562 bytes]","args":[{"selector":{"controlType":"sap.m.Tokenizer","viewName":"etm.portal.ui.managerequests.view.NewRequest","bindingPath":{"path":"/RequestItems/1","propertyPath":"TOKENS","modelName":"newRequestItems"}},"wdio_ui5_key":"etmportal.ui.managerequests.view.NewRequestsap.m.Tokenizer{\"path\":\"/RequestItems/1\",\"propertyPath\":\"TOKENS\",\"modelName\":\"newRequestItems\"}"}]}
RESULT: {"script":"<script> [1562 bytes]","args":[{"selector":{"controlType":"sap.m.Tokenizer","viewName":"etm.portal.ui.managerequests.view.NewRequest","bindingPath":{"path":"/RequestItems/1","propertyPath":"TOKENS","modelName":"newRequestItems"}},"wdio_ui5_key":"etmportal.ui.managerequests.view.NewRequestsap.m.Tokenizer{\"path\":\"/RequestItems/1\",\"propertyPath\":\"TOKENS\",\"modelName\":\"newRequestItems\"}"}]}
RESULT: undefined
COMMAND: POST /session/eacf8bccc3b349b538ac2f1863989237/execute/async - {"script":"<script> [6424 bytes]","args":[{"element-6066-11e4-a52e-4f735466cecf":"f.11D6377D86A94FC2ADAA7D32FFC9D30E.d.F6FB574977A8155797759984F9292706.e.3133"},"getTokens",[]]}
RESULT: {"script":"<script> [6424 bytes]","args":[{"element-6066-11e4-a52e-4f735466cecf":"f.11D6377D86A94FC2ADAA7D32FFC9D30E.d.F6FB574977A8155797759984F9292706.e.3133"},"getTokens",[]]}
COMMAND: POST /session/eacf8bccc3b349b538ac2f1863989237/execute/async - {"script":"<script> [1562 bytes]","args":[{"wdio_ui5_key":"__token7-__tokenizer62-__xmlview59--requestItemsTable-1-0","selector":{"id":"__token7-__tokenizer62-__xmlview59--requestItemsTable-1-0"}}]}
RESULT: {"script":"<script> [1562 bytes]","args":[{"wdio_ui5_key":"__token7-__tokenizer62-__xmlview59--requestItemsTable-1-0","selector":{"id":"__token7-__tokenizer62-__xmlview59--requestItemsTable-1-0"}}]}
RESULT: undefined
RESULT: undefined
COMMAND: POST /session/eacf8bccc3b349b538ac2f1863989237/execute/async - {"script":"<script> [776 bytes]","args":[{"enterText":"tagRequest1","selector":{"controlType":"sap.m.Input","viewName":"etm.portal.ui.managerequests.view.NewRequest","bindingPath":{"path":"","propertyPath":"/Tags","modelName":"catalogModel"},"ancestor":{"controlType":"sap.m.ColumnListItem","viewName":"etm.portal.ui.managerequests.view.NewRequest","bindingPath":{"modelName":"newRequestItems","path":"/RequestItems/1"},"ancestor":{"id":"requestItemsTable","viewName":"etm.portal.ui.managerequests.view.NewRequest"}},"interaction":{"idSuffix":"inner"}},"clearTextFirst":true,"interactionType":"ENTER_TEXT"}]}
RESULT: {"script":"<script> [776 bytes]","args":[{"enterText":"tagRequest1","selector":{"controlType":"sap.m.Input","viewName":"etm.portal.ui.managerequests.view.NewRequest","bindingPath":{"path":"","propertyPath":"/Tags","modelName":"catalogModel"},"ancestor":{"controlType":"sap.m.ColumnListItem","viewName":"etm.portal.ui.managerequests.view.NewRequest","bindingPath":{"modelName":"newRequestItems","path":"/RequestItems/1"},"ancestor":{"id":"requestItemsTable","viewName":"etm.portal.ui.managerequests.view.NewRequest"}},"interaction":{"idSuffix":"inner"}},"clearTextFirst":true,"interactionType":"ENTER_TEXT"}]}
COMMAND: POST /session/eacf8bccc3b349b538ac2f1863989237/actions - {"actions":[{"id":"action24","type":"key","parameters":{},"actions":[{"type":"keyDown","value":""},{"type":"pause","duration":10},{"type":"keyUp","value":""}]}]}
RESULT: {"actions":[{"id":"action24","type":"key","parameters":{},"actions":[{"type":"keyDown","value":""},{"type":"pause","duration":10},{"type":"keyUp","value":""}]}]}
COMMAND: GET /session/eacf8bccc3b349b538ac2f1863989237/screenshot - {}
RESULT: {}
RESULT: undefined
COMMAND: POST /session/eacf8bccc3b349b538ac2f1863989237/execute/async - {"script":"<script> [6424 bytes]","args":[{"element-6066-11e4-a52e-4f735466cecf":"f.11D6377D86A94FC2ADAA7D32FFC9D30E.d.F6FB574977A8155797759984F9292706.e.3133"},"getTokens",[]]}
RESULT: {"script":"<script> [6424 bytes]","args":[{"element-6066-11e4-a52e-4f735466cecf":"f.11D6377D86A94FC2ADAA7D32FFC9D30E.d.F6FB574977A8155797759984F9292706.e.3133"},"getTokens",[]]}
COMMAND: POST /session/eacf8bccc3b349b538ac2f1863989237/execute/async - {"script":"<script> [1562 bytes]","args":[{"wdio_ui5_key":"__token7-__tokenizer62-__xmlview59--requestItemsTable-1-1","selector":{"id":"__token7-__tokenizer62-__xmlview59--requestItemsTable-1-1"}}]}
RESULT: undefined
RESULT: {"script":"<script> [1562 bytes]","args":[{"wdio_ui5_key":"__token7-__tokenizer62-__xmlview59--requestItemsTable-1-1","selector":{"id":"__token7-__tokenizer62-__xmlview59--requestItemsTable-1-1"}}]}
RESULT: undefined
COMMAND: POST /session/eacf8bccc3b349b538ac2f1863989237/execute/async - {"script":"<script> [1562 bytes]","args":[{"selector":{"controlType":"sap.m.Button","viewName":"etm.portal.ui.managerequests.view.NewRequest","properties":{"text":"Save"},"i18NText":{"propertyName":"tooltip","key":"save"},"interaction":{"idSuffix":"BDI-content"}},"wdio_ui5_key":"etmportal.ui.managerequests.view.NewRequestsap.m.Button{\"propertyName\":\"tooltip\",\"key\":\"save\"}{\"text\":\"Save\"}"}]}
RESULT: {"script":"<script> [1562 bytes]","args":[{"selector":{"controlType":"sap.m.Button","viewName":"etm.portal.ui.managerequests.view.NewRequest","properties":{"text":"Save"},"i18NText":{"propertyName":"tooltip","key":"save"},"interaction":{"idSuffix":"BDI-content"}},"wdio_ui5_key":"etmportal.ui.managerequests.view.NewRequestsap.m.Button{\"propertyName\":\"tooltip\",\"key\":\"save\"}{\"text\":\"Save\"}"}]}
RESULT: undefined
COMMAND: POST /session/eacf8bccc3b349b538ac2f1863989237/element - {"using":"xpath","value":"//*[@id=\"__button117\"]"}
RESULT: {"using":"xpath","value":"//*[@id=\"__button117\"]"}
COMMAND: POST /session/eacf8bccc3b349b538ac2f1863989237/element/f.11D6377D86A94FC2ADAA7D32FFC9D30E.d.F6FB574977A8155797759984F9292706.e.2927/click - {}
RESULT: {}
COMMAND: GET /session/eacf8bccc3b349b538ac2f1863989237/screenshot - {}
RESULT: {}
COMMAND: POST /session/eacf8bccc3b349b538ac2f1863989237/element - {"using":"xpath","value":"//bdi[contains(@id ,\"BDI-content\")][contains(text(), \"Close\")]"}
RESULT: {"using":"xpath","value":"//bdi[contains(@id ,\"BDI-content\")][contains(text(), \"Close\")]"}
COMMAND: POST /session/eacf8bccc3b349b538ac2f1863989237/element/f.11D6377D86A94FC2ADAA7D32FFC9D30E.d.F6FB574977A8155797759984F9292706.e.3142/click - {}
RESULT: {}
COMMAND: GET /session/eacf8bccc3b349b538ac2f1863989237/screenshot - {}
RESULT: {}
]]></system-out>
    </testcase>
    <testcase classname="chrome.135_0_7049_42.windows.Manage_Requests_Tags_Tests_US120163" name="Should Edit Request Tags" time="92.954">
      <system-out><![CDATA[
COMMAND: POST /session/eacf8bccc3b349b538ac2f1863989237/execute/async - {"script":"<script> [1562 bytes]","args":[{"selector":{"controlType":"sap.ui.core.Icon","viewName":"etm.portal.ui.managerequests.view.Detail","properties":{"src":{"regex":{"source":"overflow"}}}},"wdio_ui5_key":"etmportal.ui.managerequests.view.Detailsap.ui.core.Icon{\"src\":{\"regex\":{\"source\":\"overflow\"}}}"}]}
RESULT: {"script":"<script> [1562 bytes]","args":[{"selector":{"controlType":"sap.ui.core.Icon","viewName":"etm.portal.ui.managerequests.view.Detail","properties":{"src":{"regex":{"source":"overflow"}}}},"wdio_ui5_key":"etmportal.ui.managerequests.view.Detailsap.ui.core.Icon{\"src\":{\"regex\":{\"source\":\"overflow\"}}}"}]}
RESULT: undefined
COMMAND: POST /session/eacf8bccc3b349b538ac2f1863989237/element - {"using":"xpath","value":"//*[@id=\"__xmlview60--detailHeaderTitle-_actionsToolbar-overflowButton-img\"]"}
RESULT: {"using":"xpath","value":"//*[@id=\"__xmlview60--detailHeaderTitle-_actionsToolbar-overflowButton-img\"]"}
COMMAND: POST /session/eacf8bccc3b349b538ac2f1863989237/element/f.11D6377D86A94FC2ADAA7D32FFC9D30E.d.F6FB574977A8155797759984F9292706.e.3261/click - {}
RESULT: {}
COMMAND: GET /session/eacf8bccc3b349b538ac2f1863989237/screenshot - {}
RESULT: {}
COMMAND: POST /session/eacf8bccc3b349b538ac2f1863989237/execute/async - {"script":"<script> [1562 bytes]","args":[{"selector":{"controlType":"sap.uxap.ObjectPageHeaderActionButton","viewName":"etm.portal.ui.managerequests.view.Detail","i18NText":{"propertyName":"text","key":"edit"},"searchOpenDialogs":true,"interaction":{"idSuffix":"inner"}},"wdio_ui5_key":"etmportal.ui.managerequests.view.Detailsap.uxap.ObjectPageHeaderActionButton{\"propertyName\":\"text\",\"key\":\"edit\"}"}]}
RESULT: {"script":"<script> [1562 bytes]","args":[{"selector":{"controlType":"sap.uxap.ObjectPageHeaderActionButton","viewName":"etm.portal.ui.managerequests.view.Detail","i18NText":{"propertyName":"text","key":"edit"},"searchOpenDialogs":true,"interaction":{"idSuffix":"inner"}},"wdio_ui5_key":"etmportal.ui.managerequests.view.Detailsap.uxap.ObjectPageHeaderActionButton{\"propertyName\":\"text\",\"key\":\"edit\"}"}]}
RESULT: undefined
COMMAND: POST /session/eacf8bccc3b349b538ac2f1863989237/element - {"using":"xpath","value":"//*[@id=\"__button138\"]"}
RESULT: {"using":"xpath","value":"//*[@id=\"__button138\"]"}
COMMAND: POST /session/eacf8bccc3b349b538ac2f1863989237/element/f.11D6377D86A94FC2ADAA7D32FFC9D30E.d.F6FB574977A8155797759984F9292706.e.3265/click - {}
RESULT: {}
COMMAND: GET /session/eacf8bccc3b349b538ac2f1863989237/screenshot - {}
COMMAND: POST /session/eacf8bccc3b349b538ac2f1863989237/execute/async - {"script":"<script> [1562 bytes]","args":[{"selector":{"controlType":"sap.ui.core.Icon","viewName":"etm.portal.ui.managerequests.view.Edit","properties":{"src":{"regex":{"source":"decline"}}},"ancestor":{"controlType":"sap.m.Token","viewName":"etm.portal.ui.managerequests.view.Edit","bindingPath":{"propertyPath":"TAG","modelName":"catalogModel"},"properties":{"text":"RefTag"}}},"wdio_ui5_key":"etmportal.ui.managerequests.view.Editsap.ui.core.Icon{\"src\":{\"regex\":{\"source\":\"decline\"}}}{\"controlType\":\"sap.m.Token\",\"viewName\":\"etm.portal.ui.managerequests.view.Edit\",\"bindingPath\":{\"propertyPath\":\"TAG\",\"modelName\":\"catalogModel\"},\"properties\":{\"text\":\"RefTag\"}}"}]}
RESULT: {}
RESULT: {"script":"<script> [1562 bytes]","args":[{"selector":{"controlType":"sap.ui.core.Icon","viewName":"etm.portal.ui.managerequests.view.Edit","properties":{"src":{"regex":{"source":"decline"}}},"ancestor":{"controlType":"sap.m.Token","viewName":"etm.portal.ui.managerequests.view.Edit","bindingPath":{"propertyPath":"TAG","modelName":"catalogModel"},"properties":{"text":"RefTag"}}},"wdio_ui5_key":"etmportal.ui.managerequests.view.Editsap.ui.core.Icon{\"src\":{\"regex\":{\"source\":\"decline\"}}}{\"controlType\":\"sap.m.Token\",\"viewName\":\"etm.portal.ui.managerequests.view.Edit\",\"bindingPath\":{\"propertyPath\":\"TAG\",\"modelName\":\"catalogModel\"},\"properties\":{\"text\":\"RefTag\"}}"}]}
RESULT: undefined
COMMAND: POST /session/eacf8bccc3b349b538ac2f1863989237/element - {"using":"xpath","value":"//*[@id=\"__token13-__tokenizer64-0-icon\"]"}
RESULT: {"using":"xpath","value":"//*[@id=\"__token13-__tokenizer64-0-icon\"]"}
COMMAND: POST /session/eacf8bccc3b349b538ac2f1863989237/element/f.11D6377D86A94FC2ADAA7D32FFC9D30E.d.F6FB574977A8155797759984F9292706.e.3381/click - {}
RESULT: {}
COMMAND: POST /session/eacf8bccc3b349b538ac2f1863989237/execute/async - {"script":"<script> [1562 bytes]","args":[{"selector":{"id":"tagMultiInputRequests","viewName":"etm.portal.ui.managerequests.view.Edit","interaction":{"idSuffix":"inner"}},"wdio_ui5_key":"tagMultiInputRequestsetmportal.ui.managerequests.view.Edit"}]}
COMMAND: GET /session/eacf8bccc3b349b538ac2f1863989237/screenshot - {}
RESULT: {"script":"<script> [1562 bytes]","args":[{"selector":{"id":"tagMultiInputRequests","viewName":"etm.portal.ui.managerequests.view.Edit","interaction":{"idSuffix":"inner"}},"wdio_ui5_key":"tagMultiInputRequestsetmportal.ui.managerequests.view.Edit"}]}
RESULT: undefined
COMMAND: POST /session/eacf8bccc3b349b538ac2f1863989237/execute/async - {"script":"<script> [6424 bytes]","args":[{"element-6066-11e4-a52e-4f735466cecf":"f.11D6377D86A94FC2ADAA7D32FFC9D30E.d.F6FB574977A8155797759984F9292706.e.3299"},"getTokens",[]]}
RESULT: {}
RESULT: {"script":"<script> [6424 bytes]","args":[{"element-6066-11e4-a52e-4f735466cecf":"f.11D6377D86A94FC2ADAA7D32FFC9D30E.d.F6FB574977A8155797759984F9292706.e.3299"},"getTokens",[]]}
COMMAND: POST /session/eacf8bccc3b349b538ac2f1863989237/execute/async - {"script":"<script> [1562 bytes]","args":[{"wdio_ui5_key":"__token13-__tokenizer64-1","selector":{"id":"__token13-__tokenizer64-1"}}]}
RESULT: {"script":"<script> [1562 bytes]","args":[{"wdio_ui5_key":"__token13-__tokenizer64-1","selector":{"id":"__token13-__tokenizer64-1"}}]}
RESULT: undefined
RESULT: undefined
COMMAND: POST /session/eacf8bccc3b349b538ac2f1863989237/execute/async - {"script":"<script> [776 bytes]","args":[{"enterText":"RefTag","selector":{"id":"tagMultiInputRequests","viewName":"etm.portal.ui.managerequests.view.Edit","interaction":{"idSuffix":"inner"}},"clearTextFirst":true,"interactionType":"ENTER_TEXT"}]}
RESULT: {"script":"<script> [776 bytes]","args":[{"enterText":"RefTag","selector":{"id":"tagMultiInputRequests","viewName":"etm.portal.ui.managerequests.view.Edit","interaction":{"idSuffix":"inner"}},"clearTextFirst":true,"interactionType":"ENTER_TEXT"}]}
COMMAND: POST /session/eacf8bccc3b349b538ac2f1863989237/actions - {"actions":[{"id":"action25","type":"key","parameters":{},"actions":[{"type":"keyDown","value":""},{"type":"pause","duration":10},{"type":"keyUp","value":""}]}]}
RESULT: {"actions":[{"id":"action25","type":"key","parameters":{},"actions":[{"type":"keyDown","value":""},{"type":"pause","duration":10},{"type":"keyUp","value":""}]}]}
COMMAND: GET /session/eacf8bccc3b349b538ac2f1863989237/screenshot - {}
RESULT: {}
RESULT: undefined
COMMAND: POST /session/eacf8bccc3b349b538ac2f1863989237/execute/async - {"script":"<script> [6424 bytes]","args":[{"element-6066-11e4-a52e-4f735466cecf":"f.11D6377D86A94FC2ADAA7D32FFC9D30E.d.F6FB574977A8155797759984F9292706.e.3299"},"getTokens",[]]}
RESULT: {"script":"<script> [6424 bytes]","args":[{"element-6066-11e4-a52e-4f735466cecf":"f.11D6377D86A94FC2ADAA7D32FFC9D30E.d.F6FB574977A8155797759984F9292706.e.3299"},"getTokens",[]]}
COMMAND: POST /session/eacf8bccc3b349b538ac2f1863989237/execute/async - {"script":"<script> [1562 bytes]","args":[{"wdio_ui5_key":"__token16","selector":{"id":"__token16"}}]}
RESULT: undefined
RESULT: {"script":"<script> [1562 bytes]","args":[{"wdio_ui5_key":"__token16","selector":{"id":"__token16"}}]}
RESULT: undefined
COMMAND: POST /session/eacf8bccc3b349b538ac2f1863989237/execute/async - {"script":"<script> [1562 bytes]","args":[{"selector":{"controlType":"sap.m.Button","viewName":"etm.portal.ui.managerequests.view.Edit","properties":{"text":"Items (2)"},"interaction":{"idSuffix":"BDI-content"}},"wdio_ui5_key":"etmportal.ui.managerequests.view.Editsap.m.Button{\"text\":\"Items (2)\"}"}]}
RESULT: {"script":"<script> [1562 bytes]","args":[{"selector":{"controlType":"sap.m.Button","viewName":"etm.portal.ui.managerequests.view.Edit","properties":{"text":"Items (2)"},"interaction":{"idSuffix":"BDI-content"}},"wdio_ui5_key":"etmportal.ui.managerequests.view.Editsap.m.Button{\"text\":\"Items (2)\"}"}]}
RESULT: undefined
COMMAND: POST /session/eacf8bccc3b349b538ac2f1863989237/element - {"using":"xpath","value":"//*[@id=\"__xmlview61--editRequestPage-anchBar-__xmlview61--requestItemsSection-anchor\"]"}
RESULT: {"using":"xpath","value":"//*[@id=\"__xmlview61--editRequestPage-anchBar-__xmlview61--requestItemsSection-anchor\"]"}
COMMAND: POST /session/eacf8bccc3b349b538ac2f1863989237/element/f.11D6377D86A94FC2ADAA7D32FFC9D30E.d.F6FB574977A8155797759984F9292706.e.3386/click - {}
RESULT: {}
COMMAND: GET /session/eacf8bccc3b349b538ac2f1863989237/screenshot - {}
RESULT: {}
COMMAND: POST /session/eacf8bccc3b349b538ac2f1863989237/execute/async - {"script":"<script> [1562 bytes]","args":[{"selector":{"controlType":"sap.ui.core.Icon","viewName":"etm.portal.ui.managerequests.view.Edit","properties":{"src":{"regex":{"source":"inspect"}}}},"wdio_ui5_key":"etmportal.ui.managerequests.view.Editsap.ui.core.Icon{\"src\":{\"regex\":{\"source\":\"inspect\"}}}"}]}
RESULT: {"script":"<script> [1562 bytes]","args":[{"selector":{"controlType":"sap.ui.core.Icon","viewName":"etm.portal.ui.managerequests.view.Edit","properties":{"src":{"regex":{"source":"inspect"}}}},"wdio_ui5_key":"etmportal.ui.managerequests.view.Editsap.ui.core.Icon{\"src\":{\"regex\":{\"source\":\"inspect\"}}}"}]}
RESULT: undefined
COMMAND: POST /session/eacf8bccc3b349b538ac2f1863989237/element - {"using":"xpath","value":"//*[@id=\"__button165-img\"]"}
RESULT: {"using":"xpath","value":"//*[@id=\"__button165-img\"]"}
COMMAND: POST /session/eacf8bccc3b349b538ac2f1863989237/element/f.11D6377D86A94FC2ADAA7D32FFC9D30E.d.F6FB574977A8155797759984F9292706.e.3392/click - {}
RESULT: {}
COMMAND: GET /session/eacf8bccc3b349b538ac2f1863989237/screenshot - {}
RESULT: {}
COMMAND: POST /session/eacf8bccc3b349b538ac2f1863989237/execute/async - {"script":"<script> [1562 bytes]","args":[{"selector":{"controlType":"sap.m.Tokenizer","viewName":"etm.portal.ui.managerequests.view.Edit","bindingPath":{"path":"/RequestItems/0","propertyPath":"LINK_TO_TAGS","modelName":"RequestItemsModel"}},"wdio_ui5_key":"etmportal.ui.managerequests.view.Editsap.m.Tokenizer{\"path\":\"/RequestItems/0\",\"propertyPath\":\"LINK_TO_TAGS\",\"modelName\":\"RequestItemsModel\"}"}]}
RESULT: {"script":"<script> [1562 bytes]","args":[{"selector":{"controlType":"sap.m.Tokenizer","viewName":"etm.portal.ui.managerequests.view.Edit","bindingPath":{"path":"/RequestItems/0","propertyPath":"LINK_TO_TAGS","modelName":"RequestItemsModel"}},"wdio_ui5_key":"etmportal.ui.managerequests.view.Editsap.m.Tokenizer{\"path\":\"/RequestItems/0\",\"propertyPath\":\"LINK_TO_TAGS\",\"modelName\":\"RequestItemsModel\"}"}]}
RESULT: undefined
COMMAND: POST /session/eacf8bccc3b349b538ac2f1863989237/element - {"using":"xpath","value":"//*[@id=\"__tokenizer66\"]"}
RESULT: {"using":"xpath","value":"//*[@id=\"__tokenizer66\"]"}
COMMAND: POST /session/eacf8bccc3b349b538ac2f1863989237/element/f.11D6377D86A94FC2ADAA7D32FFC9D30E.d.F6FB574977A8155797759984F9292706.e.3394/click - {}
RESULT: {}
COMMAND: GET /session/eacf8bccc3b349b538ac2f1863989237/screenshot - {}
RESULT: {}
COMMAND: POST /session/eacf8bccc3b349b538ac2f1863989237/execute/async - {"script":"<script> [1562 bytes]","args":[{"selector":{"controlType":"sap.ui.core.Icon","viewName":"etm.portal.ui.managerequests.view.Edit","properties":{"src":{"regex":{"source":"decline"}}},"searchOpenDialogs":true,"ancestor":{"controlType":"sap.m.StandardListItem","viewName":"etm.portal.ui.managerequests.view.Edit","properties":{"title":"tag-duplicate"},"searchOpenDialogs":true}},"wdio_ui5_key":"etmportal.ui.managerequests.view.Editsap.ui.core.Icon{\"src\":{\"regex\":{\"source\":\"decline\"}}}{\"controlType\":\"sap.m.StandardListItem\",\"viewName\":\"etm.portal.ui.managerequests.view.Edit\",\"properties\":{\"title\":\"tag-duplicate\"},\"searchOpenDialogs\":true}"}]}
RESULT: {"script":"<script> [1562 bytes]","args":[{"selector":{"controlType":"sap.ui.core.Icon","viewName":"etm.portal.ui.managerequests.view.Edit","properties":{"src":{"regex":{"source":"decline"}}},"searchOpenDialogs":true,"ancestor":{"controlType":"sap.m.StandardListItem","viewName":"etm.portal.ui.managerequests.view.Edit","properties":{"title":"tag-duplicate"},"searchOpenDialogs":true}},"wdio_ui5_key":"etmportal.ui.managerequests.view.Editsap.ui.core.Icon{\"src\":{\"regex\":{\"source\":\"decline\"}}}{\"controlType\":\"sap.m.StandardListItem\",\"viewName\":\"etm.portal.ui.managerequests.view.Edit\",\"properties\":{\"title\":\"tag-duplicate\"},\"searchOpenDialogs\":true}"}]}
RESULT: undefined
COMMAND: POST /session/eacf8bccc3b349b538ac2f1863989237/element - {"using":"xpath","value":"//*[@id=\"__item1919-imgDel-img\"]"}
RESULT: {"using":"xpath","value":"//*[@id=\"__item1919-imgDel-img\"]"}
COMMAND: POST /session/eacf8bccc3b349b538ac2f1863989237/element/f.11D6377D86A94FC2ADAA7D32FFC9D30E.d.F6FB574977A8155797759984F9292706.e.3397/click - {}
RESULT: {}
COMMAND: GET /session/eacf8bccc3b349b538ac2f1863989237/screenshot - {}
RESULT: {}
COMMAND: POST /session/eacf8bccc3b349b538ac2f1863989237/actions - {"actions":[{"id":"action26","type":"key","parameters":{},"actions":[{"type":"keyDown","value":""},{"type":"pause","duration":10},{"type":"keyUp","value":""}]}]}
RESULT: {"actions":[{"id":"action26","type":"key","parameters":{},"actions":[{"type":"keyDown","value":""},{"type":"pause","duration":10},{"type":"keyUp","value":""}]}]}
COMMAND: POST /session/eacf8bccc3b349b538ac2f1863989237/execute/async - {"script":"<script> [1562 bytes]","args":[{"selector":{"controlType":"sap.m.Tokenizer","viewName":"etm.portal.ui.managerequests.view.Edit","bindingPath":{"path":"/RequestItems/1","propertyPath":"LINK_TO_TAGS","modelName":"RequestItemsModel"}},"wdio_ui5_key":"etmportal.ui.managerequests.view.Editsap.m.Tokenizer{\"path\":\"/RequestItems/1\",\"propertyPath\":\"LINK_TO_TAGS\",\"modelName\":\"RequestItemsModel\"}"}]}
COMMAND: GET /session/eacf8bccc3b349b538ac2f1863989237/screenshot - {}
RESULT: {"script":"<script> [1562 bytes]","args":[{"selector":{"controlType":"sap.m.Tokenizer","viewName":"etm.portal.ui.managerequests.view.Edit","bindingPath":{"path":"/RequestItems/1","propertyPath":"LINK_TO_TAGS","modelName":"RequestItemsModel"}},"wdio_ui5_key":"etmportal.ui.managerequests.view.Editsap.m.Tokenizer{\"path\":\"/RequestItems/1\",\"propertyPath\":\"LINK_TO_TAGS\",\"modelName\":\"RequestItemsModel\"}"}]}
RESULT: undefined
COMMAND: POST /session/eacf8bccc3b349b538ac2f1863989237/element - {"using":"xpath","value":"//*[@id=\"__tokenizer67\"]"}
RESULT: {}
RESULT: {"using":"xpath","value":"//*[@id=\"__tokenizer67\"]"}
COMMAND: POST /session/eacf8bccc3b349b538ac2f1863989237/element/f.11D6377D86A94FC2ADAA7D32FFC9D30E.d.F6FB574977A8155797759984F9292706.e.3400/click - {}
RESULT: {}
COMMAND: GET /session/eacf8bccc3b349b538ac2f1863989237/screenshot - {}
RESULT: {}
COMMAND: POST /session/eacf8bccc3b349b538ac2f1863989237/execute/async - {"script":"<script> [1562 bytes]","args":[{"selector":{"controlType":"sap.ui.core.Icon","viewName":"etm.portal.ui.managerequests.view.Edit","properties":{"src":{"regex":{"source":"decline"}}},"searchOpenDialogs":true,"ancestor":{"controlType":"sap.m.StandardListItem","viewName":"etm.portal.ui.managerequests.view.Edit","properties":{"title":"tagRequest1"},"searchOpenDialogs":true}},"wdio_ui5_key":"etmportal.ui.managerequests.view.Editsap.ui.core.Icon{\"src\":{\"regex\":{\"source\":\"decline\"}}}{\"controlType\":\"sap.m.StandardListItem\",\"viewName\":\"etm.portal.ui.managerequests.view.Edit\",\"properties\":{\"title\":\"tagRequest1\"},\"searchOpenDialogs\":true}"}]}
RESULT: {"script":"<script> [1562 bytes]","args":[{"selector":{"controlType":"sap.ui.core.Icon","viewName":"etm.portal.ui.managerequests.view.Edit","properties":{"src":{"regex":{"source":"decline"}}},"searchOpenDialogs":true,"ancestor":{"controlType":"sap.m.StandardListItem","viewName":"etm.portal.ui.managerequests.view.Edit","properties":{"title":"tagRequest1"},"searchOpenDialogs":true}},"wdio_ui5_key":"etmportal.ui.managerequests.view.Editsap.ui.core.Icon{\"src\":{\"regex\":{\"source\":\"decline\"}}}{\"controlType\":\"sap.m.StandardListItem\",\"viewName\":\"etm.portal.ui.managerequests.view.Edit\",\"properties\":{\"title\":\"tagRequest1\"},\"searchOpenDialogs\":true}"}]}
RESULT: undefined
COMMAND: POST /session/eacf8bccc3b349b538ac2f1863989237/element - {"using":"xpath","value":"//*[@id=\"__item1927-imgDel-img\"]"}
RESULT: {"using":"xpath","value":"//*[@id=\"__item1927-imgDel-img\"]"}
COMMAND: POST /session/eacf8bccc3b349b538ac2f1863989237/element/f.11D6377D86A94FC2ADAA7D32FFC9D30E.d.F6FB574977A8155797759984F9292706.e.3403/click - {}
RESULT: {}
COMMAND: GET /session/eacf8bccc3b349b538ac2f1863989237/screenshot - {}
RESULT: {}
COMMAND: POST /session/eacf8bccc3b349b538ac2f1863989237/execute/async - {"script":"<script> [1562 bytes]","args":[{"selector":{"controlType":"sap.ui.core.Icon","viewName":"etm.portal.ui.managerequests.view.Edit","properties":{"src":{"regex":{"source":"decline"}}},"searchOpenDialogs":true,"ancestor":{"controlType":"sap.m.StandardListItem","viewName":"etm.portal.ui.managerequests.view.Edit","properties":{"title":"RefTag"},"searchOpenDialogs":true}},"wdio_ui5_key":"etmportal.ui.managerequests.view.Editsap.ui.core.Icon{\"src\":{\"regex\":{\"source\":\"decline\"}}}{\"controlType\":\"sap.m.StandardListItem\",\"viewName\":\"etm.portal.ui.managerequests.view.Edit\",\"properties\":{\"title\":\"RefTag\"},\"searchOpenDialogs\":true}"}]}
RESULT: {"script":"<script> [1562 bytes]","args":[{"selector":{"controlType":"sap.ui.core.Icon","viewName":"etm.portal.ui.managerequests.view.Edit","properties":{"src":{"regex":{"source":"decline"}}},"searchOpenDialogs":true,"ancestor":{"controlType":"sap.m.StandardListItem","viewName":"etm.portal.ui.managerequests.view.Edit","properties":{"title":"RefTag"},"searchOpenDialogs":true}},"wdio_ui5_key":"etmportal.ui.managerequests.view.Editsap.ui.core.Icon{\"src\":{\"regex\":{\"source\":\"decline\"}}}{\"controlType\":\"sap.m.StandardListItem\",\"viewName\":\"etm.portal.ui.managerequests.view.Edit\",\"properties\":{\"title\":\"RefTag\"},\"searchOpenDialogs\":true}"}]}
RESULT: undefined
COMMAND: POST /session/eacf8bccc3b349b538ac2f1863989237/element - {"using":"xpath","value":"//*[@id=\"__item1931-imgDel-img\"]"}
RESULT: {"using":"xpath","value":"//*[@id=\"__item1931-imgDel-img\"]"}
COMMAND: POST /session/eacf8bccc3b349b538ac2f1863989237/element/f.11D6377D86A94FC2ADAA7D32FFC9D30E.d.F6FB574977A8155797759984F9292706.e.3406/click - {}
RESULT: {}
COMMAND: GET /session/eacf8bccc3b349b538ac2f1863989237/screenshot - {}
RESULT: {}
COMMAND: POST /session/eacf8bccc3b349b538ac2f1863989237/execute/async - {"script":"<script> [1562 bytes]","args":[{"selector":{"controlType":"sap.ui.core.Icon","viewName":"etm.portal.ui.managerequests.view.Edit","properties":{"src":{"regex":{"source":"decline"}}},"searchOpenDialogs":true,"ancestor":{"controlType":"sap.m.StandardListItem","viewName":"etm.portal.ui.managerequests.view.Edit","properties":{"title":"tag-header"},"searchOpenDialogs":true}},"wdio_ui5_key":"etmportal.ui.managerequests.view.Editsap.ui.core.Icon{\"src\":{\"regex\":{\"source\":\"decline\"}}}{\"controlType\":\"sap.m.StandardListItem\",\"viewName\":\"etm.portal.ui.managerequests.view.Edit\",\"properties\":{\"title\":\"tag-header\"},\"searchOpenDialogs\":true}"}]}
RESULT: {"script":"<script> [1562 bytes]","args":[{"selector":{"controlType":"sap.ui.core.Icon","viewName":"etm.portal.ui.managerequests.view.Edit","properties":{"src":{"regex":{"source":"decline"}}},"searchOpenDialogs":true,"ancestor":{"controlType":"sap.m.StandardListItem","viewName":"etm.portal.ui.managerequests.view.Edit","properties":{"title":"tag-header"},"searchOpenDialogs":true}},"wdio_ui5_key":"etmportal.ui.managerequests.view.Editsap.ui.core.Icon{\"src\":{\"regex\":{\"source\":\"decline\"}}}{\"controlType\":\"sap.m.StandardListItem\",\"viewName\":\"etm.portal.ui.managerequests.view.Edit\",\"properties\":{\"title\":\"tag-header\"},\"searchOpenDialogs\":true}"}]}
RESULT: undefined
COMMAND: POST /session/eacf8bccc3b349b538ac2f1863989237/element - {"using":"xpath","value":"//*[@id=\"__item1934-imgDel-img\"]"}
RESULT: {"using":"xpath","value":"//*[@id=\"__item1934-imgDel-img\"]"}
COMMAND: POST /session/eacf8bccc3b349b538ac2f1863989237/element/f.11D6377D86A94FC2ADAA7D32FFC9D30E.d.F6FB574977A8155797759984F9292706.e.3409/click - {}
RESULT: {}
COMMAND: GET /session/eacf8bccc3b349b538ac2f1863989237/screenshot - {}
RESULT: {}
COMMAND: POST /session/eacf8bccc3b349b538ac2f1863989237/actions - {"actions":[{"id":"action27","type":"key","parameters":{},"actions":[{"type":"keyDown","value":""},{"type":"pause","duration":10},{"type":"keyUp","value":""}]}]}
RESULT: {"actions":[{"id":"action27","type":"key","parameters":{},"actions":[{"type":"keyDown","value":""},{"type":"pause","duration":10},{"type":"keyUp","value":""}]}]}
COMMAND: POST /session/eacf8bccc3b349b538ac2f1863989237/actions - {"actions":[{"id":"action28","type":"key","parameters":{},"actions":[{"type":"keyDown","value":""},{"type":"pause","duration":10},{"type":"keyUp","value":""}]}]}
COMMAND: GET /session/eacf8bccc3b349b538ac2f1863989237/screenshot - {}
RESULT: {"actions":[{"id":"action28","type":"key","parameters":{},"actions":[{"type":"keyDown","value":""},{"type":"pause","duration":10},{"type":"keyUp","value":""}]}]}
COMMAND: GET /session/eacf8bccc3b349b538ac2f1863989237/screenshot - {}
RESULT: {}
RESULT: {}
COMMAND: POST /session/eacf8bccc3b349b538ac2f1863989237/execute/async - {"script":"<script> [1562 bytes]","args":[{"selector":{"controlType":"sap.m.Button","viewName":"etm.portal.ui.managerequests.view.Edit","i18NText":{"propertyName":"tooltip","key":"save"},"interaction":{"idSuffix":"BDI-content"}},"wdio_ui5_key":"etmportal.ui.managerequests.view.Editsap.m.Button{\"propertyName\":\"tooltip\",\"key\":\"save\"}"}]}
RESULT: {"script":"<script> [1562 bytes]","args":[{"selector":{"controlType":"sap.m.Button","viewName":"etm.portal.ui.managerequests.view.Edit","i18NText":{"propertyName":"tooltip","key":"save"},"interaction":{"idSuffix":"BDI-content"}},"wdio_ui5_key":"etmportal.ui.managerequests.view.Editsap.m.Button{\"propertyName\":\"tooltip\",\"key\":\"save\"}"}]}
RESULT: undefined
COMMAND: POST /session/eacf8bccc3b349b538ac2f1863989237/element - {"using":"xpath","value":"//*[@id=\"__xmlview61--saveButtonId\"]"}
RESULT: {"using":"xpath","value":"//*[@id=\"__xmlview61--saveButtonId\"]"}
COMMAND: POST /session/eacf8bccc3b349b538ac2f1863989237/element/f.11D6377D86A94FC2ADAA7D32FFC9D30E.d.F6FB574977A8155797759984F9292706.e.3312/click - {}
RESULT: {}
COMMAND: GET /session/eacf8bccc3b349b538ac2f1863989237/screenshot - {}
RESULT: {}
COMMAND: POST /session/eacf8bccc3b349b538ac2f1863989237/execute/async - {"script":"<script> [1562 bytes]","args":[{"selector":{"id":"tagsLayoutViewMode","viewName":"etm.portal.ui.managerequests.view.Detail"},"wdio_ui5_key":"tagsLayoutViewModeetmportal.ui.managerequests.view.Detail"}]}
RESULT: {"script":"<script> [1562 bytes]","args":[{"selector":{"id":"tagsLayoutViewMode","viewName":"etm.portal.ui.managerequests.view.Detail"},"wdio_ui5_key":"tagsLayoutViewModeetmportal.ui.managerequests.view.Detail"}]}
RESULT: undefined
COMMAND: POST /session/eacf8bccc3b349b538ac2f1863989237/execute/async - {"script":"<script> [6424 bytes]","args":[{"element-6066-11e4-a52e-4f735466cecf":"f.11D6377D86A94FC2ADAA7D32FFC9D30E.d.F6FB574977A8155797759984F9292706.e.3516"},"getTokens",[]]}
RESULT: {"script":"<script> [6424 bytes]","args":[{"element-6066-11e4-a52e-4f735466cecf":"f.11D6377D86A94FC2ADAA7D32FFC9D30E.d.F6FB574977A8155797759984F9292706.e.3516"},"getTokens",[]]}
COMMAND: POST /session/eacf8bccc3b349b538ac2f1863989237/execute/async - {"script":"<script> [1562 bytes]","args":[{"wdio_ui5_key":"__token11-__xmlview60--tagsLayoutViewMode-1","selector":{"id":"__token11-__xmlview60--tagsLayoutViewMode-1"}}]}
COMMAND: POST /session/eacf8bccc3b349b538ac2f1863989237/execute/async - {"script":"<script> [1562 bytes]","args":[{"wdio_ui5_key":"__token11-__xmlview60--tagsLayoutViewMode-0","selector":{"id":"__token11-__xmlview60--tagsLayoutViewMode-0"}}]}
RESULT: {"script":"<script> [1562 bytes]","args":[{"wdio_ui5_key":"__token11-__xmlview60--tagsLayoutViewMode-1","selector":{"id":"__token11-__xmlview60--tagsLayoutViewMode-1"}}]}
RESULT: undefined
RESULT: {"script":"<script> [1562 bytes]","args":[{"wdio_ui5_key":"__token11-__xmlview60--tagsLayoutViewMode-0","selector":{"id":"__token11-__xmlview60--tagsLayoutViewMode-0"}}]}
RESULT: undefined
COMMAND: POST /session/eacf8bccc3b349b538ac2f1863989237/execute/async - {"script":"<script> [1562 bytes]","args":[{"selector":{"controlType":"sap.m.OverflowToolbarButton","viewName":"etm.portal.ui.managerequests.view.Detail","properties":{"text":"Settings"},"interaction":{"idSuffix":"inner"}},"wdio_ui5_key":"etmportal.ui.managerequests.view.Detailsap.m.OverflowToolbarButton{\"text\":\"Settings\"}"}]}
RESULT: {"script":"<script> [1562 bytes]","args":[{"selector":{"controlType":"sap.m.OverflowToolbarButton","viewName":"etm.portal.ui.managerequests.view.Detail","properties":{"text":"Settings"},"interaction":{"idSuffix":"inner"}},"wdio_ui5_key":"etmportal.ui.managerequests.view.Detailsap.m.OverflowToolbarButton{\"text\":\"Settings\"}"}]}
RESULT: undefined
COMMAND: POST /session/eacf8bccc3b349b538ac2f1863989237/element - {"using":"xpath","value":"//*[@id=\"__xmlview60--smartTableRequestItems-btnPersonalisation\"]"}
RESULT: {"using":"xpath","value":"//*[@id=\"__xmlview60--smartTableRequestItems-btnPersonalisation\"]"}
COMMAND: POST /session/eacf8bccc3b349b538ac2f1863989237/element/f.11D6377D86A94FC2ADAA7D32FFC9D30E.d.F6FB574977A8155797759984F9292706.e.3520/click - {}
RESULT: {}
COMMAND: POST /session/eacf8bccc3b349b538ac2f1863989237/execute/async - {"script":"<script> [1562 bytes]","args":[{"selector":{"controlType":"sap.m.SearchField","viewName":"etm.portal.ui.managerequests.view.Detail","searchOpenDialogs":true,"interaction":{"idSuffix":"I"}},"wdio_ui5_key":"etmportal.ui.managerequests.view.Detailsap.m.SearchField"}]}
COMMAND: GET /session/eacf8bccc3b349b538ac2f1863989237/screenshot - {}
RESULT: {"script":"<script> [1562 bytes]","args":[{"selector":{"controlType":"sap.m.SearchField","viewName":"etm.portal.ui.managerequests.view.Detail","searchOpenDialogs":true,"interaction":{"idSuffix":"I"}},"wdio_ui5_key":"etmportal.ui.managerequests.view.Detailsap.m.SearchField"}]}
RESULT: undefined
COMMAND: POST /session/eacf8bccc3b349b538ac2f1863989237/execute/async - {"script":"<script> [776 bytes]","args":[{"enterText":"tag","selector":{"controlType":"sap.m.SearchField","viewName":"etm.portal.ui.managerequests.view.Detail","searchOpenDialogs":true,"interaction":{"idSuffix":"I"}},"clearTextFirst":true,"interactionType":"ENTER_TEXT"}]}
RESULT: {}
RESULT: {"script":"<script> [776 bytes]","args":[{"enterText":"tag","selector":{"controlType":"sap.m.SearchField","viewName":"etm.portal.ui.managerequests.view.Detail","searchOpenDialogs":true,"interaction":{"idSuffix":"I"}},"clearTextFirst":true,"interactionType":"ENTER_TEXT"}]}
COMMAND: POST /session/eacf8bccc3b349b538ac2f1863989237/element - {"using":"xpath","value":"//div[contains(@id ,\"innerSelectionPanelTable-0-selectMulti-CbBg\")]"}
RESULT: {"using":"xpath","value":"//div[contains(@id ,\"innerSelectionPanelTable-0-selectMulti-CbBg\")]"}
COMMAND: POST /session/eacf8bccc3b349b538ac2f1863989237/element/f.11D6377D86A94FC2ADAA7D32FFC9D30E.d.F6FB574977A8155797759984F9292706.e.3557/click - {}
RESULT: {}
COMMAND: POST /session/eacf8bccc3b349b538ac2f1863989237/execute/async - {"script":"<script> [1562 bytes]","args":[{"selector":{"controlType":"sap.m.Button","viewName":"etm.portal.ui.managerequests.view.Detail","properties":{"text":"OK"},"searchOpenDialogs":true,"interaction":{"idSuffix":"BDI-content"}},"wdio_ui5_key":"etmportal.ui.managerequests.view.Detailsap.m.Button{\"text\":\"OK\"}"}]}
COMMAND: GET /session/eacf8bccc3b349b538ac2f1863989237/screenshot - {}
RESULT: {"script":"<script> [1562 bytes]","args":[{"selector":{"controlType":"sap.m.Button","viewName":"etm.portal.ui.managerequests.view.Detail","properties":{"text":"OK"},"searchOpenDialogs":true,"interaction":{"idSuffix":"BDI-content"}},"wdio_ui5_key":"etmportal.ui.managerequests.view.Detailsap.m.Button{\"text\":\"OK\"}"}]}
RESULT: undefined
COMMAND: POST /session/eacf8bccc3b349b538ac2f1863989237/element - {"using":"xpath","value":"//*[@id=\"__popup377-confirmBtn\"]"}
RESULT: {}
RESULT: {"using":"xpath","value":"//*[@id=\"__popup377-confirmBtn\"]"}
COMMAND: POST /session/eacf8bccc3b349b538ac2f1863989237/element/f.11D6377D86A94FC2ADAA7D32FFC9D30E.d.F6FB574977A8155797759984F9292706.e.3562/click - {}
RESULT: {}
COMMAND: GET /session/eacf8bccc3b349b538ac2f1863989237/screenshot - {}
RESULT: {}
COMMAND: POST /session/eacf8bccc3b349b538ac2f1863989237/execute/async - {"script":"<script> [1562 bytes]","args":[{"selector":{"controlType":"sap.m.Text","viewName":"etm.portal.ui.managerequests.view.Detail","bindingPath":{"propertyPath":"NO","modelName":"catalogModel"}},"wdio_ui5_key":"etmportal.ui.managerequests.view.Detailsap.m.Text{\"propertyPath\":\"NO\",\"modelName\":\"catalogModel\"}"}]}
RESULT: {"script":"<script> [1562 bytes]","args":[{"selector":{"controlType":"sap.m.Text","viewName":"etm.portal.ui.managerequests.view.Detail","bindingPath":{"propertyPath":"NO","modelName":"catalogModel"}},"wdio_ui5_key":"etmportal.ui.managerequests.view.Detailsap.m.Text{\"propertyPath\":\"NO\",\"modelName\":\"catalogModel\"}"}]}
RESULT: undefined
COMMAND: POST /session/eacf8bccc3b349b538ac2f1863989237/execute/async - {"script":"<script> [6424 bytes]","args":[{"element-6066-11e4-a52e-4f735466cecf":"f.11D6377D86A94FC2ADAA7D32FFC9D30E.d.F6FB574977A8155797759984F9292706.e.3587"},"getText",[]]}
RESULT: {"script":"<script> [6424 bytes]","args":[{"element-6066-11e4-a52e-4f735466cecf":"f.11D6377D86A94FC2ADAA7D32FFC9D30E.d.F6FB574977A8155797759984F9292706.e.3587"},"getText",[]]}
COMMAND: POST /session/eacf8bccc3b349b538ac2f1863989237/execute/async - {"script":"<script> [1562 bytes]","args":[{"selector":{"controlType":"sap.m.Tokenizer","viewName":"etm.portal.ui.managerequests.view.Detail","bindingPath":{"path":"/SmartRequestItemsPlanningBoard(ITEM=10m,REQUEST='20237')","propertyPath":"LINK_TO_TAGS"}},"wdio_ui5_key":"etmportal.ui.managerequests.view.Detailsap.m.Tokenizer{\"path\":\"/SmartRequestItemsPlanningBoard(ITEM=10m,REQUEST='20237')\",\"propertyPath\":\"LINK_TO_TAGS\"}"}]}
RESULT: {"script":"<script> [1562 bytes]","args":[{"selector":{"controlType":"sap.m.Tokenizer","viewName":"etm.portal.ui.managerequests.view.Detail","bindingPath":{"path":"/SmartRequestItemsPlanningBoard(ITEM=10m,REQUEST='20237')","propertyPath":"LINK_TO_TAGS"}},"wdio_ui5_key":"etmportal.ui.managerequests.view.Detailsap.m.Tokenizer{\"path\":\"/SmartRequestItemsPlanningBoard(ITEM=10m,REQUEST='20237')\",\"propertyPath\":\"LINK_TO_TAGS\"}"}]}
RESULT: undefined
COMMAND: POST /session/eacf8bccc3b349b538ac2f1863989237/execute/async - {"script":"<script> [6424 bytes]","args":[{"element-6066-11e4-a52e-4f735466cecf":"f.11D6377D86A94FC2ADAA7D32FFC9D30E.d.F6FB574977A8155797759984F9292706.e.3588"},"getTokens",[]]}
RESULT: {"script":"<script> [6424 bytes]","args":[{"element-6066-11e4-a52e-4f735466cecf":"f.11D6377D86A94FC2ADAA7D32FFC9D30E.d.F6FB574977A8155797759984F9292706.e.3588"},"getTokens",[]]}
COMMAND: POST /session/eacf8bccc3b349b538ac2f1863989237/execute/async - {"script":"<script> [1562 bytes]","args":[{"wdio_ui5_key":"__token12-__tokenizer63-__clone4888-1","selector":{"id":"__token12-__tokenizer63-__clone4888-1"}}]}
COMMAND: POST /session/eacf8bccc3b349b538ac2f1863989237/execute/async - {"script":"<script> [1562 bytes]","args":[{"wdio_ui5_key":"__token12-__tokenizer63-__clone4888-2","selector":{"id":"__token12-__tokenizer63-__clone4888-2"}}]}
COMMAND: POST /session/eacf8bccc3b349b538ac2f1863989237/execute/async - {"script":"<script> [1562 bytes]","args":[{"wdio_ui5_key":"__token12-__tokenizer63-__clone4888-0","selector":{"id":"__token12-__tokenizer63-__clone4888-0"}}]}
RESULT: {"script":"<script> [1562 bytes]","args":[{"wdio_ui5_key":"__token12-__tokenizer63-__clone4888-0","selector":{"id":"__token12-__tokenizer63-__clone4888-0"}}]}
RESULT: undefined
RESULT: {"script":"<script> [1562 bytes]","args":[{"wdio_ui5_key":"__token12-__tokenizer63-__clone4888-2","selector":{"id":"__token12-__tokenizer63-__clone4888-2"}}]}
RESULT: undefined
RESULT: {"script":"<script> [1562 bytes]","args":[{"wdio_ui5_key":"__token12-__tokenizer63-__clone4888-1","selector":{"id":"__token12-__tokenizer63-__clone4888-1"}}]}
RESULT: undefined
COMMAND: POST /session/eacf8bccc3b349b538ac2f1863989237/element - {"using":"xpath","value":"(//span[contains(text(), \"tag-header\")])[2]"}
RESULT: {"using":"xpath","value":"(//span[contains(text(), \"tag-header\")])[2]"}
COMMAND: POST /session/eacf8bccc3b349b538ac2f1863989237/elements - {"using":"xpath","value":"(//span[contains(text(), \"tag-header\")])[2]"}
RESULT: {"using":"xpath","value":"(//span[contains(text(), \"tag-header\")])[2]"}
COMMAND: POST /session/eacf8bccc3b349b538ac2f1863989237/execute/async - {"script":"<script> [1562 bytes]","args":[{"selector":{"controlType":"sap.m.Tokenizer","viewName":"etm.portal.ui.managerequests.view.Detail","bindingPath":{"path":"/SmartRequestItemsPlanningBoard(ITEM=20m,REQUEST='20237')","propertyPath":"LINK_TO_TAGS"}},"wdio_ui5_key":"etmportal.ui.managerequests.view.Detailsap.m.Tokenizer{\"path\":\"/SmartRequestItemsPlanningBoard(ITEM=20m,REQUEST='20237')\",\"propertyPath\":\"LINK_TO_TAGS\"}"}]}
RESULT: {"script":"<script> [1562 bytes]","args":[{"selector":{"controlType":"sap.m.Tokenizer","viewName":"etm.portal.ui.managerequests.view.Detail","bindingPath":{"path":"/SmartRequestItemsPlanningBoard(ITEM=20m,REQUEST='20237')","propertyPath":"LINK_TO_TAGS"}},"wdio_ui5_key":"etmportal.ui.managerequests.view.Detailsap.m.Tokenizer{\"path\":\"/SmartRequestItemsPlanningBoard(ITEM=20m,REQUEST='20237')\",\"propertyPath\":\"LINK_TO_TAGS\"}"}]}
RESULT: undefined
COMMAND: POST /session/eacf8bccc3b349b538ac2f1863989237/execute/async - {"script":"<script> [6424 bytes]","args":[{"element-6066-11e4-a52e-4f735466cecf":"f.11D6377D86A94FC2ADAA7D32FFC9D30E.d.F6FB574977A8155797759984F9292706.e.3593"},"getTokens",[]]}
RESULT: {"script":"<script> [6424 bytes]","args":[{"element-6066-11e4-a52e-4f735466cecf":"f.11D6377D86A94FC2ADAA7D32FFC9D30E.d.F6FB574977A8155797759984F9292706.e.3593"},"getTokens",[]]}
COMMAND: POST /session/eacf8bccc3b349b538ac2f1863989237/element - {"using":"css selector","value":"#shell-header-logo"}
RESULT: {"using":"css selector","value":"#shell-header-logo"}
COMMAND: POST /session/eacf8bccc3b349b538ac2f1863989237/element/f.11D6377D86A94FC2ADAA7D32FFC9D30E.d.F6FB574977A8155797759984F9292706.e.2550/click - {}
RESULT: {}
COMMAND: GET /session/eacf8bccc3b349b538ac2f1863989237/screenshot - {}
RESULT: {}
]]></system-out>
    </testcase>
  </testsuite>
  <testsuite timestamp="2025-04-17T15:50:27" time="446.52" tests="4" failures="0" errors="0" skipped="0">
    <properties>
      <property name="specId" value="0"/>
      <property name="suiteName" value="Manage request + Contract processing pick up option US120163 "/>
      <property name="capabilities" value="chrome.135_0_7049_42.windows"/>
      <property name="file" value="file:///D:/a/1/s/test/specs/R2C/create-request-Pickup.spec.js"/>
    </properties>
    <testcase classname="chrome.135_0_7049_42.windows.Manage_request_+_Contract_processing_pick_up_option_US120163_" name="Should create a new contract" time="61.879">
      <system-out><![CDATA[
COMMAND: POST /session/eacf8bccc3b349b538ac2f1863989237/execute/async - {"script":"<script> [1562 bytes]","args":[{"selector":{"controlType":"sap.m.Text","viewName":"etm.portal.ui.managecontractstile.view.Master","properties":{"text":"Manage Contracts"},"interaction":{"idSuffix":"inner"}},"wdio_ui5_key":"etmportal.ui.managecontractstile.view.Mastersap.m.Text{\"text\":\"Manage Contracts\"}"}]}
RESULT: {"script":"<script> [1562 bytes]","args":[{"selector":{"controlType":"sap.m.Text","viewName":"etm.portal.ui.managecontractstile.view.Master","properties":{"text":"Manage Contracts"},"interaction":{"idSuffix":"inner"}},"wdio_ui5_key":"etmportal.ui.managecontractstile.view.Mastersap.m.Text{\"text\":\"Manage Contracts\"}"}]}
RESULT: undefined
COMMAND: POST /session/eacf8bccc3b349b538ac2f1863989237/element - {"using":"xpath","value":"//*[@id=\"__tile130-title\"]"}
RESULT: {"using":"xpath","value":"//*[@id=\"__tile130-title\"]"}
COMMAND: POST /session/eacf8bccc3b349b538ac2f1863989237/element/f.11D6377D86A94FC2ADAA7D32FFC9D30E.d.F6FB574977A8155797759984F9292706.e.3597/click - {}
RESULT: {}
COMMAND: GET /session/eacf8bccc3b349b538ac2f1863989237/screenshot - {}
RESULT: {}
RESULT: undefined
RESULT: undefined
COMMAND: POST /session/eacf8bccc3b349b538ac2f1863989237/execute/async - {"script":"<script> [1562 bytes]","args":[{"selector":{"controlType":"sap.ui.core.Icon","viewName":"etm.portal.ui.managecontracts.view.Master","properties":{"src":{"regex":{"source":"add"}}}},"wdio_ui5_key":"etmportal.ui.managecontracts.view.Mastersap.ui.core.Icon{\"src\":{\"regex\":{\"source\":\"add\"}}}"}]}
RESULT: {"script":"<script> [1562 bytes]","args":[{"selector":{"controlType":"sap.ui.core.Icon","viewName":"etm.portal.ui.managecontracts.view.Master","properties":{"src":{"regex":{"source":"add"}}}},"wdio_ui5_key":"etmportal.ui.managecontracts.view.Mastersap.ui.core.Icon{\"src\":{\"regex\":{\"source\":\"add\"}}}"}]}
RESULT: undefined
COMMAND: POST /session/eacf8bccc3b349b538ac2f1863989237/element - {"using":"xpath","value":"//*[@id=\"__button187-img\"]"}
RESULT: {"using":"xpath","value":"//*[@id=\"__button187-img\"]"}
COMMAND: POST /session/eacf8bccc3b349b538ac2f1863989237/element/f.11D6377D86A94FC2ADAA7D32FFC9D30E.d.F6FB574977A8155797759984F9292706.e.3652/click - {}
RESULT: {}
COMMAND: POST /session/eacf8bccc3b349b538ac2f1863989237/execute/async - {"script":"<script> [1562 bytes]","args":[{"selector":{"id":"application-managecontracts-display-component---AddNewContract--projectDescription","interaction":{"idSuffix":"inner"}},"wdio_ui5_key":"applicationmanagecontracts-display-component---AddNewContract--projectDescription"}]}
COMMAND: GET /session/eacf8bccc3b349b538ac2f1863989237/screenshot - {}
RESULT: {"script":"<script> [1562 bytes]","args":[{"selector":{"id":"application-managecontracts-display-component---AddNewContract--projectDescription","interaction":{"idSuffix":"inner"}},"wdio_ui5_key":"applicationmanagecontracts-display-component---AddNewContract--projectDescription"}]}
RESULT: undefined
COMMAND: POST /session/eacf8bccc3b349b538ac2f1863989237/execute/async - {"script":"<script> [776 bytes]","args":[{"enterText":"PickupContractg89f2","selector":{"id":"application-managecontracts-display-component---AddNewContract--projectDescription","interaction":{"idSuffix":"inner"}},"clearTextFirst":true,"interactionType":"ENTER_TEXT"}]}
RESULT: {}
RESULT: {"script":"<script> [776 bytes]","args":[{"enterText":"PickupContractg89f2","selector":{"id":"application-managecontracts-display-component---AddNewContract--projectDescription","interaction":{"idSuffix":"inner"}},"clearTextFirst":true,"interactionType":"ENTER_TEXT"}]}
COMMAND: POST /session/eacf8bccc3b349b538ac2f1863989237/element - {"using":"xpath","value":"//input[contains(@id ,\"application-managecontracts-display-component---AddNewContract--yardId-inner\")]"}
RESULT: {"using":"xpath","value":"//input[contains(@id ,\"application-managecontracts-display-component---AddNewContract--yardId-inner\")]"}
COMMAND: POST /session/eacf8bccc3b349b538ac2f1863989237/element/f.11D6377D86A94FC2ADAA7D32FFC9D30E.d.F6FB574977A8155797759984F9292706.e.3932/value - {"text":"WebdriverYard1i0u3"}
RESULT: {"text":"WebdriverYard1i0u3"}
COMMAND: GET /session/eacf8bccc3b349b538ac2f1863989237/screenshot - {}
RESULT: {}
COMMAND: POST /session/eacf8bccc3b349b538ac2f1863989237/actions - {"actions":[{"id":"action29","type":"key","parameters":{},"actions":[{"type":"keyDown","value":""},{"type":"pause","duration":10},{"type":"keyUp","value":""}]}]}
RESULT: {"actions":[{"id":"action29","type":"key","parameters":{},"actions":[{"type":"keyDown","value":""},{"type":"pause","duration":10},{"type":"keyUp","value":""}]}]}
COMMAND: GET /session/eacf8bccc3b349b538ac2f1863989237/screenshot - {}
RESULT: {}
COMMAND: POST /session/eacf8bccc3b349b538ac2f1863989237/element - {"using":"xpath","value":"//input[contains(@id ,\"application-managecontracts-display-component---AddNewContract--customerSelect-inner\")]"}
RESULT: {"using":"xpath","value":"//input[contains(@id ,\"application-managecontracts-display-component---AddNewContract--customerSelect-inner\")]"}
COMMAND: POST /session/eacf8bccc3b349b538ac2f1863989237/element/f.11D6377D86A94FC2ADAA7D32FFC9D30E.d.F6FB574977A8155797759984F9292706.e.3930/value - {"text":"WebdriverPartnerlnzir"}
RESULT: {"text":"WebdriverPartnerlnzir"}
COMMAND: GET /session/eacf8bccc3b349b538ac2f1863989237/screenshot - {}
RESULT: {}
COMMAND: POST /session/eacf8bccc3b349b538ac2f1863989237/actions - {"actions":[{"id":"action30","type":"key","parameters":{},"actions":[{"type":"keyDown","value":""},{"type":"pause","duration":10},{"type":"keyUp","value":""}]}]}
RESULT: {"actions":[{"id":"action30","type":"key","parameters":{},"actions":[{"type":"keyDown","value":""},{"type":"pause","duration":10},{"type":"keyUp","value":""}]}]}
COMMAND: GET /session/eacf8bccc3b349b538ac2f1863989237/screenshot - {}
RESULT: {}
COMMAND: POST /session/eacf8bccc3b349b538ac2f1863989237/element - {"using":"xpath","value":"//input[contains(@id ,\"application-managecontracts-display-component---AddNewContract--site-inner\")]"}
RESULT: {"using":"xpath","value":"//input[contains(@id ,\"application-managecontracts-display-component---AddNewContract--site-inner\")]"}
COMMAND: POST /session/eacf8bccc3b349b538ac2f1863989237/element/f.11D6377D86A94FC2ADAA7D32FFC9D30E.d.F6FB574977A8155797759984F9292706.e.3931/value - {"text":"WebdriverSiteo1997"}
RESULT: {"text":"WebdriverSiteo1997"}
COMMAND: GET /session/eacf8bccc3b349b538ac2f1863989237/screenshot - {}
RESULT: {}
COMMAND: POST /session/eacf8bccc3b349b538ac2f1863989237/actions - {"actions":[{"id":"action31","type":"key","parameters":{},"actions":[{"type":"keyDown","value":""},{"type":"pause","duration":10},{"type":"keyUp","value":""}]}]}
RESULT: {"actions":[{"id":"action31","type":"key","parameters":{},"actions":[{"type":"keyDown","value":""},{"type":"pause","duration":10},{"type":"keyUp","value":""}]}]}
COMMAND: GET /session/eacf8bccc3b349b538ac2f1863989237/screenshot - {}
RESULT: {}
COMMAND: POST /session/eacf8bccc3b349b538ac2f1863989237/execute/async - {"script":"<script> [1562 bytes]","args":[{"selector":{"id":"application-managecontracts-display-component---AddNewContract--saveBtn","interaction":{"idSuffix":"BDI-content"}},"wdio_ui5_key":"applicationmanagecontracts-display-component---AddNewContract--saveBtn"}]}
RESULT: {"script":"<script> [1562 bytes]","args":[{"selector":{"id":"application-managecontracts-display-component---AddNewContract--saveBtn","interaction":{"idSuffix":"BDI-content"}},"wdio_ui5_key":"applicationmanagecontracts-display-component---AddNewContract--saveBtn"}]}
RESULT: undefined
COMMAND: POST /session/eacf8bccc3b349b538ac2f1863989237/element - {"using":"xpath","value":"//*[@id=\"application-managecontracts-display-component---AddNewContract--saveBtn\"]"}
RESULT: {"using":"xpath","value":"//*[@id=\"application-managecontracts-display-component---AddNewContract--saveBtn\"]"}
COMMAND: POST /session/eacf8bccc3b349b538ac2f1863989237/element/f.11D6377D86A94FC2ADAA7D32FFC9D30E.d.F6FB574977A8155797759984F9292706.e.3948/click - {}
RESULT: {}
COMMAND: GET /session/eacf8bccc3b349b538ac2f1863989237/screenshot - {}
RESULT: {}
COMMAND: POST /session/eacf8bccc3b349b538ac2f1863989237/element - {"using":"xpath","value":"//span[contains(@id ,\"contractDetailTitleNoExpanded\")]"}
RESULT: {"using":"xpath","value":"//span[contains(@id ,\"contractDetailTitleNoExpanded\")]"}
COMMAND: GET /session/eacf8bccc3b349b538ac2f1863989237/element/f.11D6377D86A94FC2ADAA7D32FFC9D30E.d.F6FB574977A8155797759984F9292706.e.3965/text - {}
RESULT: {}
COMMAND: POST /session/eacf8bccc3b349b538ac2f1863989237/element - {"using":"css selector","value":"#shell-header-logo"}
RESULT: {"using":"css selector","value":"#shell-header-logo"}
COMMAND: POST /session/eacf8bccc3b349b538ac2f1863989237/element/f.11D6377D86A94FC2ADAA7D32FFC9D30E.d.F6FB574977A8155797759984F9292706.e.3599/click - {}
RESULT: {}
COMMAND: GET /session/eacf8bccc3b349b538ac2f1863989237/screenshot - {}
RESULT: {}
]]></system-out>
    </testcase>
    <testcase classname="chrome.135_0_7049_42.windows.Manage_request_+_Contract_processing_pick_up_option_US120163_" name="Should create a new material" time="113.035">
      <system-out><![CDATA[
COMMAND: POST /session/eacf8bccc3b349b538ac2f1863989237/execute/async - {"script":"<script> [1562 bytes]","args":[{"selector":{"controlType":"sap.m.GenericTile","properties":{"header":"Manage Resources"}},"wdio_ui5_key":"sapm.GenericTile{\"header\":\"Manage Resources\"}"}]}
RESULT: {"script":"<script> [1562 bytes]","args":[{"selector":{"controlType":"sap.m.GenericTile","properties":{"header":"Manage Resources"}},"wdio_ui5_key":"sapm.GenericTile{\"header\":\"Manage Resources\"}"}]}
RESULT: undefined
COMMAND: POST /session/eacf8bccc3b349b538ac2f1863989237/element - {"using":"xpath","value":"//*[@id=\"__tile39\"]"}
RESULT: {"using":"xpath","value":"//*[@id=\"__tile39\"]"}
COMMAND: POST /session/eacf8bccc3b349b538ac2f1863989237/element/f.11D6377D86A94FC2ADAA7D32FFC9D30E.d.F6FB574977A8155797759984F9292706.e.3969/click - {}
RESULT: {}
COMMAND: GET /session/eacf8bccc3b349b538ac2f1863989237/screenshot - {}
RESULT: {}
RESULT: undefined
RESULT: undefined
COMMAND: POST /session/eacf8bccc3b349b538ac2f1863989237/element - {"using":"xpath","value":"//button[@data-kt=\"addNewRUOverflowToolbarButton\"]"}
RESULT: {"using":"xpath","value":"//button[@data-kt=\"addNewRUOverflowToolbarButton\"]"}
COMMAND: POST /session/eacf8bccc3b349b538ac2f1863989237/execute/sync - {"script":"<script> [8489 bytes]","args":[{"element-6066-11e4-a52e-4f735466cecf":"f.11D6377D86A94FC2ADAA7D32FFC9D30E.d.F6FB574977A8155797759984F9292706.e.4009","ELEMENT":"f.11D6377D86A94FC2ADAA7D32FFC9D30E.d.F6FB574977A8155797759984F9292706.e.4009"}]}
RESULT: {"script":"<script> [8489 bytes]","args":[{"element-6066-11e4-a52e-4f735466cecf":"f.11D6377D86A94FC2ADAA7D32FFC9D30E.d.F6FB574977A8155797759984F9292706.e.4009","ELEMENT":"f.11D6377D86A94FC2ADAA7D32FFC9D30E.d.F6FB574977A8155797759984F9292706.e.4009"}]}
COMMAND: POST /session/eacf8bccc3b349b538ac2f1863989237/element/f.11D6377D86A94FC2ADAA7D32FFC9D30E.d.F6FB574977A8155797759984F9292706.e.4009/click - {}
COMMAND: GET /session/eacf8bccc3b349b538ac2f1863989237/screenshot - {}
RESULT: {}
COMMAND: POST /session/eacf8bccc3b349b538ac2f1863989237/execute/async - {"script":"<script> [1562 bytes]","args":[{"selector":{"id":"application-manageresources-display-component---newResourceUnit--TYPE-arrow"},"wdio_ui5_key":"applicationmanageresources-display-component---newResourceUnit--TYPE-arrow"}]}
COMMAND: GET /session/eacf8bccc3b349b538ac2f1863989237/screenshot - {}
RESULT: {}
RESULT: {"script":"<script> [1562 bytes]","args":[{"selector":{"id":"application-manageresources-display-component---newResourceUnit--TYPE-arrow"},"wdio_ui5_key":"applicationmanageresources-display-component---newResourceUnit--TYPE-arrow"}]}
RESULT: undefined
COMMAND: POST /session/eacf8bccc3b349b538ac2f1863989237/element - {"using":"xpath","value":"//*[@id=\"application-manageresources-display-component---newResourceUnit--TYPE-arrow\"]"}
RESULT: {}
RESULT: {"using":"xpath","value":"//*[@id=\"application-manageresources-display-component---newResourceUnit--TYPE-arrow\"]"}
COMMAND: POST /session/eacf8bccc3b349b538ac2f1863989237/element/f.11D6377D86A94FC2ADAA7D32FFC9D30E.d.F6FB574977A8155797759984F9292706.e.4336/click - {}
RESULT: {}
COMMAND: POST /session/eacf8bccc3b349b538ac2f1863989237/execute/async - {"script":"<script> [1562 bytes]","args":[{"selector":{"controlType":"sap.m.StandardListItem","viewName":"reusables.view.manageresources.NewResourceUnit","viewId":"application-manageresources-display-component---newResourceUnit","properties":{"title":"Material"},"searchOpenDialogs":true,"interaction":{"idSuffix":"titleText"}},"wdio_ui5_key":"reusablesview.manageresources.NewResourceUnitsap.m.StandardListItem{\"title\":\"Material\"}"}]}
COMMAND: GET /session/eacf8bccc3b349b538ac2f1863989237/screenshot - {}
RESULT: {"script":"<script> [1562 bytes]","args":[{"selector":{"controlType":"sap.m.StandardListItem","viewName":"reusables.view.manageresources.NewResourceUnit","viewId":"application-manageresources-display-component---newResourceUnit","properties":{"title":"Material"},"searchOpenDialogs":true,"interaction":{"idSuffix":"titleText"}},"wdio_ui5_key":"reusablesview.manageresources.NewResourceUnitsap.m.StandardListItem{\"title\":\"Material\"}"}]}
RESULT: undefined
COMMAND: POST /session/eacf8bccc3b349b538ac2f1863989237/element - {"using":"xpath","value":"//*[@id=\"__item3789\"]"}
RESULT: {}
RESULT: {"using":"xpath","value":"//*[@id=\"__item3789\"]"}
COMMAND: POST /session/eacf8bccc3b349b538ac2f1863989237/element/f.11D6377D86A94FC2ADAA7D32FFC9D30E.d.F6FB574977A8155797759984F9292706.e.4339/click - {}
RESULT: {}
COMMAND: POST /session/eacf8bccc3b349b538ac2f1863989237/execute/async - {"script":"<script> [1562 bytes]","args":[{"selector":{"id":"application-manageresources-display-component---newResourceUnit--SHORT_TEXT","interaction":{"idSuffix":"inner"}},"wdio_ui5_key":"applicationmanageresources-display-component---newResourceUnit--SHORT_TEXT"}]}
COMMAND: GET /session/eacf8bccc3b349b538ac2f1863989237/screenshot - {}
RESULT: {"script":"<script> [1562 bytes]","args":[{"selector":{"id":"application-manageresources-display-component---newResourceUnit--SHORT_TEXT","interaction":{"idSuffix":"inner"}},"wdio_ui5_key":"applicationmanageresources-display-component---newResourceUnit--SHORT_TEXT"}]}
RESULT: undefined
COMMAND: POST /session/eacf8bccc3b349b538ac2f1863989237/execute/async - {"script":"<script> [776 bytes]","args":[{"enterText":"WebdriverRUR2C86cqa","selector":{"id":"application-manageresources-display-component---newResourceUnit--SHORT_TEXT","interaction":{"idSuffix":"inner"}},"clearTextFirst":true,"interactionType":"ENTER_TEXT"}]}
RESULT: {}
RESULT: {"script":"<script> [776 bytes]","args":[{"enterText":"WebdriverRUR2C86cqa","selector":{"id":"application-manageresources-display-component---newResourceUnit--SHORT_TEXT","interaction":{"idSuffix":"inner"}},"clearTextFirst":true,"interactionType":"ENTER_TEXT"}]}
COMMAND: POST /session/eacf8bccc3b349b538ac2f1863989237/execute/async - {"script":"<script> [1562 bytes]","args":[{"selector":{"id":"application-manageresources-display-component---newResourceUnit--BASE_UNIT_OF_MEASURE-arrow"},"wdio_ui5_key":"applicationmanageresources-display-component---newResourceUnit--BASE_UNIT_OF_MEASURE-arrow"}]}
RESULT: {"script":"<script> [1562 bytes]","args":[{"selector":{"id":"application-manageresources-display-component---newResourceUnit--BASE_UNIT_OF_MEASURE-arrow"},"wdio_ui5_key":"applicationmanageresources-display-component---newResourceUnit--BASE_UNIT_OF_MEASURE-arrow"}]}
RESULT: undefined
COMMAND: POST /session/eacf8bccc3b349b538ac2f1863989237/element - {"using":"xpath","value":"//*[@id=\"application-manageresources-display-component---newResourceUnit--BASE_UNIT_OF_MEASURE-arrow\"]"}
RESULT: {"using":"xpath","value":"//*[@id=\"application-manageresources-display-component---newResourceUnit--BASE_UNIT_OF_MEASURE-arrow\"]"}
COMMAND: POST /session/eacf8bccc3b349b538ac2f1863989237/element/f.11D6377D86A94FC2ADAA7D32FFC9D30E.d.F6FB574977A8155797759984F9292706.e.4395/click - {}
RESULT: {}
COMMAND: POST /session/eacf8bccc3b349b538ac2f1863989237/execute/async - {"script":"<script> [1562 bytes]","args":[{"selector":{"controlType":"sap.m.StandardListItem","viewName":"reusables.view.manageresources.NewResourceUnit","viewId":"application-manageresources-display-component---newResourceUnit","properties":{"title":"Piece"},"searchOpenDialogs":true,"interaction":{"idSuffix":"titleText"}},"wdio_ui5_key":"reusablesview.manageresources.NewResourceUnitsap.m.StandardListItem{\"title\":\"Piece\"}"}]}
COMMAND: GET /session/eacf8bccc3b349b538ac2f1863989237/screenshot - {}
RESULT: {"script":"<script> [1562 bytes]","args":[{"selector":{"controlType":"sap.m.StandardListItem","viewName":"reusables.view.manageresources.NewResourceUnit","viewId":"application-manageresources-display-component---newResourceUnit","properties":{"title":"Piece"},"searchOpenDialogs":true,"interaction":{"idSuffix":"titleText"}},"wdio_ui5_key":"reusablesview.manageresources.NewResourceUnitsap.m.StandardListItem{\"title\":\"Piece\"}"}]}
RESULT: undefined
COMMAND: POST /session/eacf8bccc3b349b538ac2f1863989237/element - {"using":"xpath","value":"//*[@id=\"__item3833\"]"}
RESULT: {}
RESULT: {"using":"xpath","value":"//*[@id=\"__item3833\"]"}
COMMAND: POST /session/eacf8bccc3b349b538ac2f1863989237/element/f.11D6377D86A94FC2ADAA7D32FFC9D30E.d.F6FB574977A8155797759984F9292706.e.4397/click - {}
RESULT: {}
COMMAND: POST /session/eacf8bccc3b349b538ac2f1863989237/element - {"using":"xpath","value":"//input[contains(@id ,\"application-manageresources-display-component---newResourceUnit--SHORT_TEXT-inner\")]"}
COMMAND: GET /session/eacf8bccc3b349b538ac2f1863989237/screenshot - {}
RESULT: {"using":"xpath","value":"//input[contains(@id ,\"application-manageresources-display-component---newResourceUnit--SHORT_TEXT-inner\")]"}
COMMAND: GET /session/eacf8bccc3b349b538ac2f1863989237/element/f.11D6377D86A94FC2ADAA7D32FFC9D30E.d.F6FB574977A8155797759984F9292706.e.4356/property/value - {}
RESULT: {}
RESULT: {}
COMMAND: POST /session/eacf8bccc3b349b538ac2f1863989237/execute/async - {"script":"<script> [1562 bytes]","args":[{"selector":{"id":"application-manageresources-display-component---newResourceUnit--WEIGHT_UNIT-arrow"},"wdio_ui5_key":"applicationmanageresources-display-component---newResourceUnit--WEIGHT_UNIT-arrow"}]}
COMMAND: GET /session/eacf8bccc3b349b538ac2f1863989237/screenshot - {}
RESULT: {"script":"<script> [1562 bytes]","args":[{"selector":{"id":"application-manageresources-display-component---newResourceUnit--WEIGHT_UNIT-arrow"},"wdio_ui5_key":"applicationmanageresources-display-component---newResourceUnit--WEIGHT_UNIT-arrow"}]}
RESULT: undefined
COMMAND: POST /session/eacf8bccc3b349b538ac2f1863989237/element - {"using":"xpath","value":"//*[@id=\"application-manageresources-display-component---newResourceUnit--WEIGHT_UNIT-arrow\"]"}
RESULT: {}
RESULT: {"using":"xpath","value":"//*[@id=\"application-manageresources-display-component---newResourceUnit--WEIGHT_UNIT-arrow\"]"}
COMMAND: POST /session/eacf8bccc3b349b538ac2f1863989237/element/f.11D6377D86A94FC2ADAA7D32FFC9D30E.d.F6FB574977A8155797759984F9292706.e.4398/click - {}
RESULT: {}
COMMAND: POST /session/eacf8bccc3b349b538ac2f1863989237/execute/async - {"script":"<script> [1562 bytes]","args":[{"selector":{"controlType":"sap.m.StandardListItem","viewName":"reusables.view.manageresources.NewResourceUnit","viewId":"application-manageresources-display-component---newResourceUnit","properties":{"title":"Gram"},"searchOpenDialogs":true,"interaction":{"idSuffix":"content"}},"wdio_ui5_key":"reusablesview.manageresources.NewResourceUnitsap.m.StandardListItem{\"title\":\"Gram\"}"}]}
COMMAND: GET /session/eacf8bccc3b349b538ac2f1863989237/screenshot - {}
RESULT: {"script":"<script> [1562 bytes]","args":[{"selector":{"controlType":"sap.m.StandardListItem","viewName":"reusables.view.manageresources.NewResourceUnit","viewId":"application-manageresources-display-component---newResourceUnit","properties":{"title":"Gram"},"searchOpenDialogs":true,"interaction":{"idSuffix":"content"}},"wdio_ui5_key":"reusablesview.manageresources.NewResourceUnitsap.m.StandardListItem{\"title\":\"Gram\"}"}]}
RESULT: undefined
COMMAND: POST /session/eacf8bccc3b349b538ac2f1863989237/element - {"using":"xpath","value":"//*[@id=\"__item3898\"]"}
RESULT: {}
RESULT: {"using":"xpath","value":"//*[@id=\"__item3898\"]"}
COMMAND: POST /session/eacf8bccc3b349b538ac2f1863989237/element/f.11D6377D86A94FC2ADAA7D32FFC9D30E.d.F6FB574977A8155797759984F9292706.e.4400/click - {}
RESULT: {}
COMMAND: POST /session/eacf8bccc3b349b538ac2f1863989237/execute/async - {"script":"<script> [1562 bytes]","args":[{"selector":{"id":"application-manageresources-display-component---newResourceUnit--newRRUPage-OPHeaderContent-collapseBtn-img"},"wdio_ui5_key":"applicationmanageresources-display-component---newResourceUnit--newRRUPage-OPHeaderContent-collapseBtn-img"}]}
COMMAND: GET /session/eacf8bccc3b349b538ac2f1863989237/screenshot - {}
RESULT: {"script":"<script> [1562 bytes]","args":[{"selector":{"id":"application-manageresources-display-component---newResourceUnit--newRRUPage-OPHeaderContent-collapseBtn-img"},"wdio_ui5_key":"applicationmanageresources-display-component---newResourceUnit--newRRUPage-OPHeaderContent-collapseBtn-img"}]}
RESULT: undefined
COMMAND: POST /session/eacf8bccc3b349b538ac2f1863989237/element - {"using":"xpath","value":"//*[@id=\"application-manageresources-display-component---newResourceUnit--newRRUPage-OPHeaderContent-collapseBtn-img\"]"}
RESULT: {}
RESULT: {"using":"xpath","value":"//*[@id=\"application-manageresources-display-component---newResourceUnit--newRRUPage-OPHeaderContent-collapseBtn-img\"]"}
COMMAND: POST /session/eacf8bccc3b349b538ac2f1863989237/element/f.11D6377D86A94FC2ADAA7D32FFC9D30E.d.F6FB574977A8155797759984F9292706.e.4346/click - {}
RESULT: {}
COMMAND: GET /session/eacf8bccc3b349b538ac2f1863989237/screenshot - {}
RESULT: {}
COMMAND: POST /session/eacf8bccc3b349b538ac2f1863989237/element - {"using":"xpath","value":"(//span[contains(@id ,\"application-manageresources-display-component---newResourceUnit--DIMENSION_UNIT-arrow\")])[1]"}
RESULT: {"using":"xpath","value":"(//span[contains(@id ,\"application-manageresources-display-component---newResourceUnit--DIMENSION_UNIT-arrow\")])[1]"}
COMMAND: POST /session/eacf8bccc3b349b538ac2f1863989237/element/f.11D6377D86A94FC2ADAA7D32FFC9D30E.d.F6FB574977A8155797759984F9292706.e.4404/click - {}
RESULT: {}
COMMAND: GET /session/eacf8bccc3b349b538ac2f1863989237/screenshot - {}
RESULT: {}
COMMAND: POST /session/eacf8bccc3b349b538ac2f1863989237/execute/async - {"script":"<script> [1562 bytes]","args":[{"selector":{"controlType":"sap.m.StandardListItem","viewName":"reusables.view.manageresources.NewResourceUnit","viewId":"application-manageresources-display-component---newResourceUnit","properties":{"title":"Centimeter"},"searchOpenDialogs":true,"interaction":{"idSuffix":"titleText"}},"wdio_ui5_key":"reusablesview.manageresources.NewResourceUnitsap.m.StandardListItem{\"title\":\"Centimeter\"}"}]}
RESULT: {"script":"<script> [1562 bytes]","args":[{"selector":{"controlType":"sap.m.StandardListItem","viewName":"reusables.view.manageresources.NewResourceUnit","viewId":"application-manageresources-display-component---newResourceUnit","properties":{"title":"Centimeter"},"searchOpenDialogs":true,"interaction":{"idSuffix":"titleText"}},"wdio_ui5_key":"reusablesview.manageresources.NewResourceUnitsap.m.StandardListItem{\"title\":\"Centimeter\"}"}]}
RESULT: undefined
COMMAND: POST /session/eacf8bccc3b349b538ac2f1863989237/element - {"using":"xpath","value":"//*[@id=\"__item3901\"]"}
RESULT: {"using":"xpath","value":"//*[@id=\"__item3901\"]"}
COMMAND: POST /session/eacf8bccc3b349b538ac2f1863989237/element/f.11D6377D86A94FC2ADAA7D32FFC9D30E.d.F6FB574977A8155797759984F9292706.e.4408/click - {}
RESULT: {}
COMMAND: POST /session/eacf8bccc3b349b538ac2f1863989237/execute/async - {"script":"<script> [1562 bytes]","args":[{"selector":{"id":"application-manageresources-display-component---newResourceUnit--newRRUPage-anchBar-application-manageresources-display-component---newResourceUnit--reference-anchor","interaction":{"idSuffix":"BDI-content"}},"wdio_ui5_key":"applicationmanageresources-display-component---newResourceUnit--newRRUPage-anchBar-application-manageresources-display-component---newResourceUnit--reference-anchor"}]}
COMMAND: GET /session/eacf8bccc3b349b538ac2f1863989237/screenshot - {}
RESULT: {"script":"<script> [1562 bytes]","args":[{"selector":{"id":"application-manageresources-display-component---newResourceUnit--newRRUPage-anchBar-application-manageresources-display-component---newResourceUnit--reference-anchor","interaction":{"idSuffix":"BDI-content"}},"wdio_ui5_key":"applicationmanageresources-display-component---newResourceUnit--newRRUPage-anchBar-application-manageresources-display-component---newResourceUnit--reference-anchor"}]}
RESULT: undefined
COMMAND: POST /session/eacf8bccc3b349b538ac2f1863989237/element - {"using":"xpath","value":"//*[@id=\"application-manageresources-display-component---newResourceUnit--newRRUPage-anchBar-application-manageresources-display-component---newResourceUnit--reference-anchor\"]"}
RESULT: {}
RESULT: {"using":"xpath","value":"//*[@id=\"application-manageresources-display-component---newResourceUnit--newRRUPage-anchBar-application-manageresources-display-component---newResourceUnit--reference-anchor\"]"}
COMMAND: POST /session/eacf8bccc3b349b538ac2f1863989237/element/f.11D6377D86A94FC2ADAA7D32FFC9D30E.d.F6FB574977A8155797759984F9292706.e.4410/click - {}
RESULT: {}
COMMAND: POST /session/eacf8bccc3b349b538ac2f1863989237/execute/async - {"script":"<script> [1562 bytes]","args":[{"selector":{"id":"application-manageresources-display-component---newResourceUnit--PLANNING_GROUP-arrow"},"wdio_ui5_key":"applicationmanageresources-display-component---newResourceUnit--PLANNING_GROUP-arrow"}]}
COMMAND: GET /session/eacf8bccc3b349b538ac2f1863989237/screenshot - {}
RESULT: {"script":"<script> [1562 bytes]","args":[{"selector":{"id":"application-manageresources-display-component---newResourceUnit--PLANNING_GROUP-arrow"},"wdio_ui5_key":"applicationmanageresources-display-component---newResourceUnit--PLANNING_GROUP-arrow"}]}
RESULT: undefined
COMMAND: POST /session/eacf8bccc3b349b538ac2f1863989237/element - {"using":"xpath","value":"//*[@id=\"application-manageresources-display-component---newResourceUnit--PLANNING_GROUP-arrow\"]"}
RESULT: {}
RESULT: {"using":"xpath","value":"//*[@id=\"application-manageresources-display-component---newResourceUnit--PLANNING_GROUP-arrow\"]"}
COMMAND: POST /session/eacf8bccc3b349b538ac2f1863989237/element/f.11D6377D86A94FC2ADAA7D32FFC9D30E.d.F6FB574977A8155797759984F9292706.e.4414/click - {}
RESULT: {}
COMMAND: POST /session/eacf8bccc3b349b538ac2f1863989237/execute/async - {"script":"<script> [1562 bytes]","args":[{"selector":{"controlType":"sap.m.StandardListItem","viewName":"reusables.view.manageresources.NewResourceUnit","viewId":"application-manageresources-display-component---newResourceUnit","properties":{"title":"Heavy Equi"},"searchOpenDialogs":true,"interaction":{"idSuffix":"content"}},"wdio_ui5_key":"reusablesview.manageresources.NewResourceUnitsap.m.StandardListItem{\"title\":\"Heavy Equi\"}"}]}
COMMAND: GET /session/eacf8bccc3b349b538ac2f1863989237/screenshot - {}
RESULT: {"script":"<script> [1562 bytes]","args":[{"selector":{"controlType":"sap.m.StandardListItem","viewName":"reusables.view.manageresources.NewResourceUnit","viewId":"application-manageresources-display-component---newResourceUnit","properties":{"title":"Heavy Equi"},"searchOpenDialogs":true,"interaction":{"idSuffix":"content"}},"wdio_ui5_key":"reusablesview.manageresources.NewResourceUnitsap.m.StandardListItem{\"title\":\"Heavy Equi\"}"}]}
RESULT: undefined
COMMAND: POST /session/eacf8bccc3b349b538ac2f1863989237/element - {"using":"xpath","value":"//*[@id=\"__item3909\"]"}
RESULT: {}
RESULT: {"using":"xpath","value":"//*[@id=\"__item3909\"]"}
COMMAND: POST /session/eacf8bccc3b349b538ac2f1863989237/element/f.11D6377D86A94FC2ADAA7D32FFC9D30E.d.F6FB574977A8155797759984F9292706.e.4417/click - {}
RESULT: {}
COMMAND: GET /session/eacf8bccc3b349b538ac2f1863989237/screenshot - {}
RESULT: {}
COMMAND: POST /session/eacf8bccc3b349b538ac2f1863989237/execute/async - {"script":"<script> [1562 bytes]","args":[{"selector":{"id":"application-manageresources-display-component---newResourceUnit--PLANNING_INDICATOR-arrow"},"wdio_ui5_key":"applicationmanageresources-display-component---newResourceUnit--PLANNING_INDICATOR-arrow"}]}
RESULT: {"script":"<script> [1562 bytes]","args":[{"selector":{"id":"application-manageresources-display-component---newResourceUnit--PLANNING_INDICATOR-arrow"},"wdio_ui5_key":"applicationmanageresources-display-component---newResourceUnit--PLANNING_INDICATOR-arrow"}]}
RESULT: undefined
COMMAND: POST /session/eacf8bccc3b349b538ac2f1863989237/element - {"using":"xpath","value":"//*[@id=\"application-manageresources-display-component---newResourceUnit--PLANNING_INDICATOR-arrow\"]"}
RESULT: {"using":"xpath","value":"//*[@id=\"application-manageresources-display-component---newResourceUnit--PLANNING_INDICATOR-arrow\"]"}
COMMAND: POST /session/eacf8bccc3b349b538ac2f1863989237/element/f.11D6377D86A94FC2ADAA7D32FFC9D30E.d.F6FB574977A8155797759984F9292706.e.4418/click - {}
RESULT: {}
COMMAND: POST /session/eacf8bccc3b349b538ac2f1863989237/execute/async - {"script":"<script> [1562 bytes]","args":[{"selector":{"controlType":"sap.m.StandardListItem","viewName":"reusables.view.manageresources.NewResourceUnit","viewId":"application-manageresources-display-component---newResourceUnit","properties":{"title":"10 - infinite"},"searchOpenDialogs":true,"interaction":{"idSuffix":"content"}},"wdio_ui5_key":"reusablesview.manageresources.NewResourceUnitsap.m.StandardListItem{\"title\":\"10 - infinite\"}"}]}
COMMAND: GET /session/eacf8bccc3b349b538ac2f1863989237/screenshot - {}
RESULT: {"script":"<script> [1562 bytes]","args":[{"selector":{"controlType":"sap.m.StandardListItem","viewName":"reusables.view.manageresources.NewResourceUnit","viewId":"application-manageresources-display-component---newResourceUnit","properties":{"title":"10 - infinite"},"searchOpenDialogs":true,"interaction":{"idSuffix":"content"}},"wdio_ui5_key":"reusablesview.manageresources.NewResourceUnitsap.m.StandardListItem{\"title\":\"10 - infinite\"}"}]}
RESULT: undefined
COMMAND: POST /session/eacf8bccc3b349b538ac2f1863989237/element - {"using":"xpath","value":"//*[@id=\"__item3919\"]"}
RESULT: {}
RESULT: {"using":"xpath","value":"//*[@id=\"__item3919\"]"}
COMMAND: POST /session/eacf8bccc3b349b538ac2f1863989237/element/f.11D6377D86A94FC2ADAA7D32FFC9D30E.d.F6FB574977A8155797759984F9292706.e.4420/click - {}
RESULT: {}
COMMAND: GET /session/eacf8bccc3b349b538ac2f1863989237/screenshot - {}
RESULT: {}
COMMAND: POST /session/eacf8bccc3b349b538ac2f1863989237/element - {"using":"xpath","value":"//bdi[contains(text(), \"Time Segment\")]"}
RESULT: {"using":"xpath","value":"//bdi[contains(text(), \"Time Segment\")]"}
COMMAND: GET /session/eacf8bccc3b349b538ac2f1863989237/element/f.11D6377D86A94FC2ADAA7D32FFC9D30E.d.F6FB574977A8155797759984F9292706.e.4421/rect - {}
RESULT: {}
COMMAND: GET /session/eacf8bccc3b349b538ac2f1863989237/window/rect - {}
RESULT: {}
COMMAND: POST /session/eacf8bccc3b349b538ac2f1863989237/execute/sync - {"script":"<script> [92 bytes]","args":[]}
RESULT: {"script":"<script> [92 bytes]","args":[]}
COMMAND: POST /session/eacf8bccc3b349b538ac2f1863989237/actions - {"actions":[{"id":"action32","type":"wheel","parameters":{},"actions":[{"type":"scroll","x":-1820,"y":-21,"deltaX":0,"deltaY":0,"duration":0,"origin":{"element-6066-11e4-a52e-4f735466cecf":"f.11D6377D86A94FC2ADAA7D32FFC9D30E.d.F6FB574977A8155797759984F9292706.e.4421"}}]}]}
COMMAND: GET /session/eacf8bccc3b349b538ac2f1863989237/screenshot - {}
RESULT: {}
COMMAND: POST /session/eacf8bccc3b349b538ac2f1863989237/execute/sync - {"script":"<script> [79 bytes]","args":[{"element-6066-11e4-a52e-4f735466cecf":"f.11D6377D86A94FC2ADAA7D32FFC9D30E.d.F6FB574977A8155797759984F9292706.e.4421","ELEMENT":"f.11D6377D86A94FC2ADAA7D32FFC9D30E.d.F6FB574977A8155797759984F9292706.e.4421"},{"block":"start","inline":"nearest"}]}
RESULT: {"script":"<script> [79 bytes]","args":[{"element-6066-11e4-a52e-4f735466cecf":"f.11D6377D86A94FC2ADAA7D32FFC9D30E.d.F6FB574977A8155797759984F9292706.e.4421","ELEMENT":"f.11D6377D86A94FC2ADAA7D32FFC9D30E.d.F6FB574977A8155797759984F9292706.e.4421"},{"block":"start","inline":"nearest"}]}
COMMAND: GET /session/eacf8bccc3b349b538ac2f1863989237/screenshot - {}
RESULT: {}
COMMAND: POST /session/eacf8bccc3b349b538ac2f1863989237/element - {"using":"xpath","value":"//span[@id=\"application-manageresources-display-component---newResourceUnit--btnAddTimeSegment-img\"]"}
RESULT: {"using":"xpath","value":"//span[@id=\"application-manageresources-display-component---newResourceUnit--btnAddTimeSegment-img\"]"}
COMMAND: POST /session/eacf8bccc3b349b538ac2f1863989237/execute/sync - {"script":"<script> [8489 bytes]","args":[{"element-6066-11e4-a52e-4f735466cecf":"f.11D6377D86A94FC2ADAA7D32FFC9D30E.d.F6FB574977A8155797759984F9292706.e.4424","ELEMENT":"f.11D6377D86A94FC2ADAA7D32FFC9D30E.d.F6FB574977A8155797759984F9292706.e.4424"}]}
RESULT: {"script":"<script> [8489 bytes]","args":[{"element-6066-11e4-a52e-4f735466cecf":"f.11D6377D86A94FC2ADAA7D32FFC9D30E.d.F6FB574977A8155797759984F9292706.e.4424","ELEMENT":"f.11D6377D86A94FC2ADAA7D32FFC9D30E.d.F6FB574977A8155797759984F9292706.e.4424"}]}
COMMAND: POST /session/eacf8bccc3b349b538ac2f1863989237/element/f.11D6377D86A94FC2ADAA7D32FFC9D30E.d.F6FB574977A8155797759984F9292706.e.4424/click - {}
COMMAND: GET /session/eacf8bccc3b349b538ac2f1863989237/screenshot - {}
RESULT: {}
COMMAND: GET /session/eacf8bccc3b349b538ac2f1863989237/screenshot - {}
RESULT: {}
RESULT: {}
COMMAND: POST /session/eacf8bccc3b349b538ac2f1863989237/element - {"using":"xpath","value":"//input[@id=\"application-manageresources-display-component---newResourceUnit--idRuTSAdmin-application-manageresources-display-component---newResourceUnit--RUTimeSegment-0-inner\"]"}
RESULT: {"using":"xpath","value":"//input[@id=\"application-manageresources-display-component---newResourceUnit--idRuTSAdmin-application-manageresources-display-component---newResourceUnit--RUTimeSegment-0-inner\"]"}
COMMAND: POST /session/eacf8bccc3b349b538ac2f1863989237/element/f.11D6377D86A94FC2ADAA7D32FFC9D30E.d.F6FB574977A8155797759984F9292706.e.4427/clear - {}
RESULT: {}
COMMAND: POST /session/eacf8bccc3b349b538ac2f1863989237/element/f.11D6377D86A94FC2ADAA7D32FFC9D30E.d.F6FB574977A8155797759984F9292706.e.4427/value - {"text":"WebdriverYard1i0u3"}
COMMAND: GET /session/eacf8bccc3b349b538ac2f1863989237/screenshot - {}
RESULT: {"text":"WebdriverYard1i0u3"}
COMMAND: GET /session/eacf8bccc3b349b538ac2f1863989237/screenshot - {}
RESULT: {}
RESULT: {}
COMMAND: POST /session/eacf8bccc3b349b538ac2f1863989237/actions - {"actions":[{"id":"action33","type":"key","parameters":{},"actions":[{"type":"keyDown","value":""},{"type":"pause","duration":10},{"type":"keyUp","value":""}]}]}
RESULT: {"actions":[{"id":"action33","type":"key","parameters":{},"actions":[{"type":"keyDown","value":""},{"type":"pause","duration":10},{"type":"keyUp","value":""}]}]}
COMMAND: GET /session/eacf8bccc3b349b538ac2f1863989237/screenshot - {}
RESULT: {}
COMMAND: POST /session/eacf8bccc3b349b538ac2f1863989237/execute/async - {"script":"<script> [1562 bytes]","args":[{"selector":{"controlType":"sap.m.Button","viewName":"reusables.view.manageresources.NewResourceUnit","viewId":"application-manageresources-display-component---newResourceUnit","i18NText":{"propertyName":"tooltip","key":"save"},"interaction":{"idSuffix":"BDI-content"}},"wdio_ui5_key":"reusablesview.manageresources.NewResourceUnitsap.m.Button{\"propertyName\":\"tooltip\",\"key\":\"save\"}"}]}
RESULT: {"script":"<script> [1562 bytes]","args":[{"selector":{"controlType":"sap.m.Button","viewName":"reusables.view.manageresources.NewResourceUnit","viewId":"application-manageresources-display-component---newResourceUnit","i18NText":{"propertyName":"tooltip","key":"save"},"interaction":{"idSuffix":"BDI-content"}},"wdio_ui5_key":"reusablesview.manageresources.NewResourceUnitsap.m.Button{\"propertyName\":\"tooltip\",\"key\":\"save\"}"}]}
RESULT: undefined
COMMAND: POST /session/eacf8bccc3b349b538ac2f1863989237/element - {"using":"xpath","value":"//*[@id=\"application-manageresources-display-component---newResourceUnit--createRuButton\"]"}
RESULT: {"using":"xpath","value":"//*[@id=\"application-manageresources-display-component---newResourceUnit--createRuButton\"]"}
COMMAND: POST /session/eacf8bccc3b349b538ac2f1863989237/element/f.11D6377D86A94FC2ADAA7D32FFC9D30E.d.F6FB574977A8155797759984F9292706.e.4352/click - {}
RESULT: {}
COMMAND: GET /session/eacf8bccc3b349b538ac2f1863989237/screenshot - {}
RESULT: {}
COMMAND: POST /session/eacf8bccc3b349b538ac2f1863989237/execute/async - {"script":"<script> [1562 bytes]","args":[{"selector":{"controlType":"sap.m.Title","properties":{"text":"Success"},"searchOpenDialogs":true},"wdio_ui5_key":"sapm.Title{\"text\":\"Success\"}"}]}
RESULT: {"script":"<script> [1562 bytes]","args":[{"selector":{"controlType":"sap.m.Title","properties":{"text":"Success"},"searchOpenDialogs":true},"wdio_ui5_key":"sapm.Title{\"text\":\"Success\"}"}]}
RESULT: undefined
COMMAND: POST /session/eacf8bccc3b349b538ac2f1863989237/execute/async - {"script":"<script> [6424 bytes]","args":[{"element-6066-11e4-a52e-4f735466cecf":"f.11D6377D86A94FC2ADAA7D32FFC9D30E.d.F6FB574977A8155797759984F9292706.e.4441"},"getText",[]]}
RESULT: {"script":"<script> [6424 bytes]","args":[{"element-6066-11e4-a52e-4f735466cecf":"f.11D6377D86A94FC2ADAA7D32FFC9D30E.d.F6FB574977A8155797759984F9292706.e.4441"},"getText",[]]}
COMMAND: POST /session/eacf8bccc3b349b538ac2f1863989237/element - {"using":"xpath","value":"//*[contains(@id, '__text') and (contains(text(), 'successfully created') or contains(., 'successfully created'))]"}
RESULT: {"using":"xpath","value":"//*[contains(@id, '__text') and (contains(text(), 'successfully created') or contains(., 'successfully created'))]"}
COMMAND: GET /session/eacf8bccc3b349b538ac2f1863989237/element/f.11D6377D86A94FC2ADAA7D32FFC9D30E.d.F6FB574977A8155797759984F9292706.e.4440/text - {}
RESULT: {}
COMMAND: POST /session/eacf8bccc3b349b538ac2f1863989237/execute/async - {"script":"<script> [1562 bytes]","args":[{"selector":{"controlType":"sap.m.Button","properties":{"text":"Close"},"searchOpenDialogs":true,"interaction":{"idSuffix":"BDI-content"}},"wdio_ui5_key":"sapm.Button{\"text\":\"Close\"}"}]}
RESULT: {"script":"<script> [1562 bytes]","args":[{"selector":{"controlType":"sap.m.Button","properties":{"text":"Close"},"searchOpenDialogs":true,"interaction":{"idSuffix":"BDI-content"}},"wdio_ui5_key":"sapm.Button{\"text\":\"Close\"}"}]}
RESULT: undefined
COMMAND: POST /session/eacf8bccc3b349b538ac2f1863989237/element - {"using":"xpath","value":"//*[@id=\"__mbox-btn-1\"]"}
RESULT: {"using":"xpath","value":"//*[@id=\"__mbox-btn-1\"]"}
COMMAND: POST /session/eacf8bccc3b349b538ac2f1863989237/element/f.11D6377D86A94FC2ADAA7D32FFC9D30E.d.F6FB574977A8155797759984F9292706.e.4438/click - {}
RESULT: {}
COMMAND: GET /session/eacf8bccc3b349b538ac2f1863989237/screenshot - {}
RESULT: {}
COMMAND: POST /session/eacf8bccc3b349b538ac2f1863989237/execute/async - {"script":"<script> [1562 bytes]","args":[{"selector":{"controlType":"sap.ui.core.Icon","viewName":"etm.portal.ui.manageresources.view.Detail","viewId":"application-manageresources-display-component---detailRU","properties":{"src":{"regex":{"source":"overflow"}}}},"wdio_ui5_key":"etmportal.ui.manageresources.view.Detailsap.ui.core.Icon{\"src\":{\"regex\":{\"source\":\"overflow\"}}}"}]}
RESULT: {"script":"<script> [1562 bytes]","args":[{"selector":{"controlType":"sap.ui.core.Icon","viewName":"etm.portal.ui.manageresources.view.Detail","viewId":"application-manageresources-display-component---detailRU","properties":{"src":{"regex":{"source":"overflow"}}}},"wdio_ui5_key":"etmportal.ui.manageresources.view.Detailsap.ui.core.Icon{\"src\":{\"regex\":{\"source\":\"overflow\"}}}"}]}
RESULT: undefined
COMMAND: POST /session/eacf8bccc3b349b538ac2f1863989237/element - {"using":"xpath","value":"//*[@id=\"__title82-_actionsToolbar-overflowButton-img\"]"}
RESULT: {"using":"xpath","value":"//*[@id=\"__title82-_actionsToolbar-overflowButton-img\"]"}
COMMAND: POST /session/eacf8bccc3b349b538ac2f1863989237/element/f.11D6377D86A94FC2ADAA7D32FFC9D30E.d.F6FB574977A8155797759984F9292706.e.4467/click - {}
RESULT: {}
COMMAND: POST /session/eacf8bccc3b349b538ac2f1863989237/execute/async - {"script":"<script> [1562 bytes]","args":[{"selector":{"controlType":"sap.m.Button","viewName":"etm.portal.ui.manageresources.view.Detail","viewId":"application-manageresources-display-component---detailRU","i18NText":{"propertyName":"tooltip","key":"closeColumn"},"searchOpenDialogs":true,"interaction":{"idSuffix":"inner"}},"wdio_ui5_key":"etmportal.ui.manageresources.view.Detailsap.m.Button{\"propertyName\":\"tooltip\",\"key\":\"closeColumn\"}"}]}
COMMAND: GET /session/eacf8bccc3b349b538ac2f1863989237/screenshot - {}
RESULT: {}
RESULT: {"script":"<script> [1562 bytes]","args":[{"selector":{"controlType":"sap.m.Button","viewName":"etm.portal.ui.manageresources.view.Detail","viewId":"application-manageresources-display-component---detailRU","i18NText":{"propertyName":"tooltip","key":"closeColumn"},"searchOpenDialogs":true,"interaction":{"idSuffix":"inner"}},"wdio_ui5_key":"etmportal.ui.manageresources.view.Detailsap.m.Button{\"propertyName\":\"tooltip\",\"key\":\"closeColumn\"}"}]}
RESULT: undefined
COMMAND: POST /session/eacf8bccc3b349b538ac2f1863989237/element - {"using":"xpath","value":"//*[@id=\"__button251\"]"}
RESULT: {"using":"xpath","value":"//*[@id=\"__button251\"]"}
COMMAND: POST /session/eacf8bccc3b349b538ac2f1863989237/element/f.11D6377D86A94FC2ADAA7D32FFC9D30E.d.F6FB574977A8155797759984F9292706.e.4469/click - {}
RESULT: {}
COMMAND: GET /session/eacf8bccc3b349b538ac2f1863989237/screenshot - {}
RESULT: {}
COMMAND: POST /session/eacf8bccc3b349b538ac2f1863989237/refresh - {}
RESULT: {}
COMMAND: GET /session/eacf8bccc3b349b538ac2f1863989237/screenshot - {}
RESULT: undefined
RESULT: undefined
RESULT: {}
COMMAND: POST /session/eacf8bccc3b349b538ac2f1863989237/execute/async - {"script":"<script> [189 bytes]","args":[]}
RESULT: {"script":"<script> [189 bytes]","args":[]}
COMMAND: POST /session/eacf8bccc3b349b538ac2f1863989237/execute/async - {"script":"<script> [123 bytes]","args":[]}
RESULT: {"script":"<script> [123 bytes]","args":[]}
COMMAND: POST /session/eacf8bccc3b349b538ac2f1863989237/timeouts - {"script":"<number>"}
RESULT: {"script":"<number>"}
COMMAND: GET /session/eacf8bccc3b349b538ac2f1863989237/timeouts - {}
RESULT: {}
RESULT: undefined
COMMAND: POST /session/eacf8bccc3b349b538ac2f1863989237/execute/async - {"script":"<script> [2676 bytes]","args":[]}
RESULT: {"script":"<script> [2676 bytes]","args":[]}
COMMAND: POST /session/eacf8bccc3b349b538ac2f1863989237/execute/async - {"script":"<script> [2342 bytes]","args":[{"protocol":"http","hostname":"0.0.0.0","path":"/","capabilities":{"browserName":"chrome","goog:chromeOptions":{"binary":"C:\\Program Files\\Google\\Chrome\\Application\\chrome.exe","args":["--start-maximized"]}},"logLevel":"warn","connectionRetryTimeout":120000,"connectionRetryCount":3,"logLevels":{},"enableDirectConnect":true,"strictSSL":true,"_":"65 more keys: [\"cacheDir\",\"port\",\"requestedCapabilities\",\"automationProtocol\",\"baseUrl\",\"waitforInterval\",\"waitforTimeout\",\"onReload\",\"beforeCommand\",\"afterCommand\",\"rootDir\",\"specs\",\"suites\",\"exclude\",\"groupLogsByTestSpec\",\"excludeDriverLogs\",\"bail\",\"framework\",\"reporters\",\"services\",\"maxInstances\",\"maxInstancesPerCapability\",\"injectGlobals\",\"filesToWatch\",\"execArgv\",\"runnerEnv\",\"runner\",\"shard\",\"specFileRetries\",\"specFileRetriesDelay\",\"specFileRetriesDeferred\",\"reporterSyncInterval\",\"reporterSyncTimeout\",\"cucumberFeaturesWithLineNumbers\",\"autoCompileOpts\",\"mochaOpts\",\"jasmineOpts\",\"cucumberOpts\",\"onPrepare\",\"onWorkerStart\",\"onWorkerEnd\",\"before\",\"beforeSession\",\"beforeSuite\",\"beforeHook\",\"beforeTest\",\"afterTest\",\"afterHook\",\"afterSuite\",\"afterSession\",\"after\",\"onComplete\",\"beforeAssertion\",\"afterAssertion\",\"beforeFeature\",\"beforeScenario\",\"beforeStep\",\"afterStep\",\"afterScenario\",\"afterFeature\",\"_\",\"suite\",\"$0\",\"ignoredWorkerServices\",\"wdi5\"]"}]}
RESULT: {"script":"<script> [2342 bytes]","args":[{"protocol":"http","hostname":"0.0.0.0","path":"/","capabilities":{"browserName":"chrome","goog:chromeOptions":{"binary":"C:\\Program Files\\Google\\Chrome\\Application\\chrome.exe","args":["--start-maximized"]}},"logLevel":"warn","connectionRetryTimeout":120000,"connectionRetryCount":3,"logLevels":{},"enableDirectConnect":true,"strictSSL":true,"_":"65 more keys: [\"cacheDir\",\"port\",\"requestedCapabilities\",\"automationProtocol\",\"baseUrl\",\"waitforInterval\",\"waitforTimeout\",\"onReload\",\"beforeCommand\",\"afterCommand\",\"rootDir\",\"specs\",\"suites\",\"exclude\",\"groupLogsByTestSpec\",\"excludeDriverLogs\",\"bail\",\"framework\",\"reporters\",\"services\",\"maxInstances\",\"maxInstancesPerCapability\",\"injectGlobals\",\"filesToWatch\",\"execArgv\",\"runnerEnv\",\"runner\",\"shard\",\"specFileRetries\",\"specFileRetriesDelay\",\"specFileRetriesDeferred\",\"reporterSyncInterval\",\"reporterSyncTimeout\",\"cucumberFeaturesWithLineNumbers\",\"autoCompileOpts\",\"mochaOpts\",\"jasmineOpts\",\"cucumberOpts\",\"onPrepare\",\"onWorkerStart\",\"onWorkerEnd\",\"before\",\"beforeSession\",\"beforeSuite\",\"beforeHook\",\"beforeTest\",\"afterTest\",\"afterHook\",\"afterSuite\",\"afterSession\",\"after\",\"onComplete\",\"beforeAssertion\",\"afterAssertion\",\"beforeFeature\",\"beforeScenario\",\"beforeStep\",\"afterStep\",\"afterScenario\",\"afterFeature\",\"_\",\"suite\",\"$0\",\"ignoredWorkerServices\",\"wdi5\"]"}]}
COMMAND: POST /session/eacf8bccc3b349b538ac2f1863989237/execute/async - {"script":"<script> [21126 bytes]","args":[35000]}
RESULT: {"script":"<script> [21126 bytes]","args":[35000]}
COMMAND: POST /session/eacf8bccc3b349b538ac2f1863989237/element - {"using":"css selector","value":"#shell-header-logo"}
RESULT: {"using":"css selector","value":"#shell-header-logo"}
COMMAND: POST /session/eacf8bccc3b349b538ac2f1863989237/element/f.11D6377D86A94FC2ADAA7D32FFC9D30E.d.9ED082BC34561DB8C947A08927394D68.e.4617/click - {}
RESULT: {}
COMMAND: GET /session/eacf8bccc3b349b538ac2f1863989237/screenshot - {}
RESULT: {}
COMMAND: POST /session/eacf8bccc3b349b538ac2f1863989237/element - {"using":"css selector","value":"#shell-header-logo"}
RESULT: {"using":"css selector","value":"#shell-header-logo"}
COMMAND: POST /session/eacf8bccc3b349b538ac2f1863989237/element/f.11D6377D86A94FC2ADAA7D32FFC9D30E.d.9ED082BC34561DB8C947A08927394D68.e.4803/click - {}
RESULT: {}
COMMAND: GET /session/eacf8bccc3b349b538ac2f1863989237/screenshot - {}
RESULT: {}
]]></system-out>
    </testcase>
    <testcase classname="chrome.135_0_7049_42.windows.Manage_request_+_Contract_processing_pick_up_option_US120163_" name="Should Create New Request pick up option" time="134.641">
      <system-out><![CDATA[
COMMAND: POST /session/eacf8bccc3b349b538ac2f1863989237/element - {"using":"css selector","value":"#shell-header-logo"}
RESULT: {"using":"css selector","value":"#shell-header-logo"}
COMMAND: POST /session/eacf8bccc3b349b538ac2f1863989237/element/f.11D6377D86A94FC2ADAA7D32FFC9D30E.d.9ED082BC34561DB8C947A08927394D68.e.4803/click - {}
RESULT: {}
COMMAND: GET /session/eacf8bccc3b349b538ac2f1863989237/screenshot - {}
RESULT: {}
COMMAND: POST /session/eacf8bccc3b349b538ac2f1863989237/execute/async - {"script":"<script> [1562 bytes]","args":[{"selector":{"controlType":"sap.m.GenericTile","properties":{"header":"Manage Requests"}},"wdio_ui5_key":"sapm.GenericTile{\"header\":\"Manage Requests\"}"}]}
RESULT: {"script":"<script> [1562 bytes]","args":[{"selector":{"controlType":"sap.m.GenericTile","properties":{"header":"Manage Requests"}},"wdio_ui5_key":"sapm.GenericTile{\"header\":\"Manage Requests\"}"}]}
RESULT: undefined
COMMAND: POST /session/eacf8bccc3b349b538ac2f1863989237/element - {"using":"xpath","value":"//*[@id=\"__tile47\"]"}
RESULT: {"using":"xpath","value":"//*[@id=\"__tile47\"]"}
COMMAND: POST /session/eacf8bccc3b349b538ac2f1863989237/element/f.11D6377D86A94FC2ADAA7D32FFC9D30E.d.9ED082BC34561DB8C947A08927394D68.e.4792/click - {}
RESULT: {}
COMMAND: GET /session/eacf8bccc3b349b538ac2f1863989237/screenshot - {}
RESULT: {}
COMMAND: POST /session/eacf8bccc3b349b538ac2f1863989237/refresh - {}
RESULT: {}
COMMAND: GET /session/eacf8bccc3b349b538ac2f1863989237/screenshot - {}
RESULT: {}
COMMAND: POST /session/eacf8bccc3b349b538ac2f1863989237/execute/async - {"script":"<script> [189 bytes]","args":[]}
RESULT: {"script":"<script> [189 bytes]","args":[]}
COMMAND: POST /session/eacf8bccc3b349b538ac2f1863989237/execute/async - {"script":"<script> [123 bytes]","args":[]}
RESULT: {"script":"<script> [123 bytes]","args":[]}
COMMAND: POST /session/eacf8bccc3b349b538ac2f1863989237/timeouts - {"script":"<number>"}
RESULT: {"script":"<number>"}
COMMAND: GET /session/eacf8bccc3b349b538ac2f1863989237/timeouts - {}
RESULT: {}
RESULT: undefined
COMMAND: POST /session/eacf8bccc3b349b538ac2f1863989237/execute/async - {"script":"<script> [2676 bytes]","args":[]}
RESULT: {"script":"<script> [2676 bytes]","args":[]}
COMMAND: POST /session/eacf8bccc3b349b538ac2f1863989237/execute/async - {"script":"<script> [2342 bytes]","args":[{"protocol":"http","hostname":"0.0.0.0","path":"/","capabilities":{"browserName":"chrome","goog:chromeOptions":{"binary":"C:\\Program Files\\Google\\Chrome\\Application\\chrome.exe","args":["--start-maximized"]}},"logLevel":"warn","connectionRetryTimeout":120000,"connectionRetryCount":3,"logLevels":{},"enableDirectConnect":true,"strictSSL":true,"_":"65 more keys: [\"cacheDir\",\"port\",\"requestedCapabilities\",\"automationProtocol\",\"baseUrl\",\"waitforInterval\",\"waitforTimeout\",\"onReload\",\"beforeCommand\",\"afterCommand\",\"rootDir\",\"specs\",\"suites\",\"exclude\",\"groupLogsByTestSpec\",\"excludeDriverLogs\",\"bail\",\"framework\",\"reporters\",\"services\",\"maxInstances\",\"maxInstancesPerCapability\",\"injectGlobals\",\"filesToWatch\",\"execArgv\",\"runnerEnv\",\"runner\",\"shard\",\"specFileRetries\",\"specFileRetriesDelay\",\"specFileRetriesDeferred\",\"reporterSyncInterval\",\"reporterSyncTimeout\",\"cucumberFeaturesWithLineNumbers\",\"autoCompileOpts\",\"mochaOpts\",\"jasmineOpts\",\"cucumberOpts\",\"onPrepare\",\"onWorkerStart\",\"onWorkerEnd\",\"before\",\"beforeSession\",\"beforeSuite\",\"beforeHook\",\"beforeTest\",\"afterTest\",\"afterHook\",\"afterSuite\",\"afterSession\",\"after\",\"onComplete\",\"beforeAssertion\",\"afterAssertion\",\"beforeFeature\",\"beforeScenario\",\"beforeStep\",\"afterStep\",\"afterScenario\",\"afterFeature\",\"_\",\"suite\",\"$0\",\"ignoredWorkerServices\",\"wdi5\"]"}]}
RESULT: {"script":"<script> [2342 bytes]","args":[{"protocol":"http","hostname":"0.0.0.0","path":"/","capabilities":{"browserName":"chrome","goog:chromeOptions":{"binary":"C:\\Program Files\\Google\\Chrome\\Application\\chrome.exe","args":["--start-maximized"]}},"logLevel":"warn","connectionRetryTimeout":120000,"connectionRetryCount":3,"logLevels":{},"enableDirectConnect":true,"strictSSL":true,"_":"65 more keys: [\"cacheDir\",\"port\",\"requestedCapabilities\",\"automationProtocol\",\"baseUrl\",\"waitforInterval\",\"waitforTimeout\",\"onReload\",\"beforeCommand\",\"afterCommand\",\"rootDir\",\"specs\",\"suites\",\"exclude\",\"groupLogsByTestSpec\",\"excludeDriverLogs\",\"bail\",\"framework\",\"reporters\",\"services\",\"maxInstances\",\"maxInstancesPerCapability\",\"injectGlobals\",\"filesToWatch\",\"execArgv\",\"runnerEnv\",\"runner\",\"shard\",\"specFileRetries\",\"specFileRetriesDelay\",\"specFileRetriesDeferred\",\"reporterSyncInterval\",\"reporterSyncTimeout\",\"cucumberFeaturesWithLineNumbers\",\"autoCompileOpts\",\"mochaOpts\",\"jasmineOpts\",\"cucumberOpts\",\"onPrepare\",\"onWorkerStart\",\"onWorkerEnd\",\"before\",\"beforeSession\",\"beforeSuite\",\"beforeHook\",\"beforeTest\",\"afterTest\",\"afterHook\",\"afterSuite\",\"afterSession\",\"after\",\"onComplete\",\"beforeAssertion\",\"afterAssertion\",\"beforeFeature\",\"beforeScenario\",\"beforeStep\",\"afterStep\",\"afterScenario\",\"afterFeature\",\"_\",\"suite\",\"$0\",\"ignoredWorkerServices\",\"wdi5\"]"}]}
COMMAND: POST /session/eacf8bccc3b349b538ac2f1863989237/execute/async - {"script":"<script> [21126 bytes]","args":[35000]}
RESULT: {"script":"<script> [21126 bytes]","args":[35000]}
COMMAND: POST /session/eacf8bccc3b349b538ac2f1863989237/element - {"using":"xpath","value":"//button[contains(@data-kt ,\"btnCreateNewOverflowToolbarButton\")]"}
COMMAND: POST /session/eacf8bccc3b349b538ac2f1863989237/element - {"using":"xpath","value":"(//span[contains(@class ,\"sapMObjStatusText\")])[1]"}
RESULT: {"using":"xpath","value":"//button[contains(@data-kt ,\"btnCreateNewOverflowToolbarButton\")]"}
COMMAND: POST /session/eacf8bccc3b349b538ac2f1863989237/element/f.11D6377D86A94FC2ADAA7D32FFC9D30E.d.A70F4C6FEAA41002E44C00A9765775ED.e.4955/click - {}
RESULT: {"using":"xpath","value":"(//span[contains(@class ,\"sapMObjStatusText\")])[1]"}
COMMAND: POST /session/eacf8bccc3b349b538ac2f1863989237/execute/sync - {"script":"<script> [8489 bytes]","args":[{"element-6066-11e4-a52e-4f735466cecf":"f.11D6377D86A94FC2ADAA7D32FFC9D30E.d.A70F4C6FEAA41002E44C00A9765775ED.e.5001","ELEMENT":"f.11D6377D86A94FC2ADAA7D32FFC9D30E.d.A70F4C6FEAA41002E44C00A9765775ED.e.5001"}]}
RESULT: {}
COMMAND: GET /session/eacf8bccc3b349b538ac2f1863989237/screenshot - {}
COMMAND: POST /session/eacf8bccc3b349b538ac2f1863989237/element - {"using":"xpath","value":"(//span[contains(@class ,\"sapMObjStatusText\")])[1]"}
RESULT: {}
RESULT: {"using":"xpath","value":"(//span[contains(@class ,\"sapMObjStatusText\")])[1]"}
COMMAND: POST /session/eacf8bccc3b349b538ac2f1863989237/execute/sync - {"script":"<script> [8489 bytes]","args":[{"element-6066-11e4-a52e-4f735466cecf":"f.11D6377D86A94FC2ADAA7D32FFC9D30E.d.A70F4C6FEAA41002E44C00A9765775ED.e.5334","ELEMENT":"f.11D6377D86A94FC2ADAA7D32FFC9D30E.d.A70F4C6FEAA41002E44C00A9765775ED.e.5334"}]}
RESULT: {"script":"<script> [8489 bytes]","args":[{"element-6066-11e4-a52e-4f735466cecf":"f.11D6377D86A94FC2ADAA7D32FFC9D30E.d.A70F4C6FEAA41002E44C00A9765775ED.e.5334","ELEMENT":"f.11D6377D86A94FC2ADAA7D32FFC9D30E.d.A70F4C6FEAA41002E44C00A9765775ED.e.5334"}]}
COMMAND: GET /session/eacf8bccc3b349b538ac2f1863989237/screenshot - {}
RESULT: {}
COMMAND: POST /session/eacf8bccc3b349b538ac2f1863989237/element - {"using":"xpath","value":"//input[contains(@id ,\"requestContractNo-inner\")]"}
COMMAND: POST /session/eacf8bccc3b349b538ac2f1863989237/element - {"using":"xpath","value":"//input[contains(@id ,\"yardId-inner\")]"}
RESULT: {"using":"xpath","value":"//input[contains(@id ,\"requestContractNo-inner\")]"}
COMMAND: POST /session/eacf8bccc3b349b538ac2f1863989237/element/f.11D6377D86A94FC2ADAA7D32FFC9D30E.d.A70F4C6FEAA41002E44C00A9765775ED.e.5179/value - {"text":"10431"}
RESULT: {"using":"xpath","value":"//input[contains(@id ,\"yardId-inner\")]"}
COMMAND: GET /session/eacf8bccc3b349b538ac2f1863989237/element/f.11D6377D86A94FC2ADAA7D32FFC9D30E.d.A70F4C6FEAA41002E44C00A9765775ED.e.5184/enabled - {}
RESULT: {"text":"10431"}
COMMAND: GET /session/eacf8bccc3b349b538ac2f1863989237/screenshot - {}
RESULT: {}
COMMAND: GET /session/eacf8bccc3b349b538ac2f1863989237/screenshot - {}
RESULT: {}
RESULT: {}
COMMAND: POST /session/eacf8bccc3b349b538ac2f1863989237/execute/async - {"script":"<script> [1562 bytes]","args":[{"selector":{"controlType":"sap.m.Button","viewName":"etm.portal.ui.managerequests.view.NewRequest","properties":{"text":"Items"},"interaction":{"idSuffix":"BDI-content"}},"wdio_ui5_key":"etmportal.ui.managerequests.view.NewRequestsap.m.Button{\"text\":\"Items\"}"}]}
RESULT: {"script":"<script> [1562 bytes]","args":[{"selector":{"controlType":"sap.m.Button","viewName":"etm.portal.ui.managerequests.view.NewRequest","properties":{"text":"Items"},"interaction":{"idSuffix":"BDI-content"}},"wdio_ui5_key":"etmportal.ui.managerequests.view.NewRequestsap.m.Button{\"text\":\"Items\"}"}]}
RESULT: undefined
COMMAND: POST /session/eacf8bccc3b349b538ac2f1863989237/element - {"using":"xpath","value":"//*[@id=\"__xmlview1--newRequestPage-anchBar-__xmlview1--requestItemsSection-anchor\"]"}
RESULT: {"using":"xpath","value":"//*[@id=\"__xmlview1--newRequestPage-anchBar-__xmlview1--requestItemsSection-anchor\"]"}
COMMAND: POST /session/eacf8bccc3b349b538ac2f1863989237/element/f.11D6377D86A94FC2ADAA7D32FFC9D30E.d.A70F4C6FEAA41002E44C00A9765775ED.e.5340/click - {}
RESULT: {}
COMMAND: GET /session/eacf8bccc3b349b538ac2f1863989237/screenshot - {}
RESULT: {}
COMMAND: POST /session/eacf8bccc3b349b538ac2f1863989237/execute/async - {"script":"<script> [1562 bytes]","args":[{"selector":{"controlType":"sap.ui.core.Icon","viewName":"etm.portal.ui.managerequests.view.NewRequest","properties":{"src":{"regex":{"source":"inspect"}}}},"wdio_ui5_key":"etmportal.ui.managerequests.view.NewRequestsap.ui.core.Icon{\"src\":{\"regex\":{\"source\":\"inspect\"}}}"}]}
RESULT: {"script":"<script> [1562 bytes]","args":[{"selector":{"controlType":"sap.ui.core.Icon","viewName":"etm.portal.ui.managerequests.view.NewRequest","properties":{"src":{"regex":{"source":"inspect"}}}},"wdio_ui5_key":"etmportal.ui.managerequests.view.NewRequestsap.ui.core.Icon{\"src\":{\"regex\":{\"source\":\"inspect\"}}}"}]}
RESULT: undefined
COMMAND: POST /session/eacf8bccc3b349b538ac2f1863989237/element - {"using":"xpath","value":"//*[@id=\"__button8-img\"]"}
RESULT: {"using":"xpath","value":"//*[@id=\"__button8-img\"]"}
COMMAND: POST /session/eacf8bccc3b349b538ac2f1863989237/element/f.11D6377D86A94FC2ADAA7D32FFC9D30E.d.A70F4C6FEAA41002E44C00A9765775ED.e.5345/click - {}
RESULT: {}
COMMAND: GET /session/eacf8bccc3b349b538ac2f1863989237/screenshot - {}
RESULT: {}
COMMAND: POST /session/eacf8bccc3b349b538ac2f1863989237/execute/async - {"script":"<script> [1562 bytes]","args":[{"selector":{"controlType":"sap.ui.core.Icon","viewName":"etm.portal.ui.managerequests.view.NewRequest","properties":{"src":{"regex":{"source":"add"}}}},"wdio_ui5_key":"etmportal.ui.managerequests.view.NewRequestsap.ui.core.Icon{\"src\":{\"regex\":{\"source\":\"add\"}}}"}]}
RESULT: {"script":"<script> [1562 bytes]","args":[{"selector":{"controlType":"sap.ui.core.Icon","viewName":"etm.portal.ui.managerequests.view.NewRequest","properties":{"src":{"regex":{"source":"add"}}}},"wdio_ui5_key":"etmportal.ui.managerequests.view.NewRequestsap.ui.core.Icon{\"src\":{\"regex\":{\"source\":\"add\"}}}"}]}
RESULT: undefined
COMMAND: POST /session/eacf8bccc3b349b538ac2f1863989237/element - {"using":"xpath","value":"//*[@id=\"__xmlview1--btnAddTableRow-img\"]"}
RESULT: {"using":"xpath","value":"//*[@id=\"__xmlview1--btnAddTableRow-img\"]"}
COMMAND: POST /session/eacf8bccc3b349b538ac2f1863989237/element/f.11D6377D86A94FC2ADAA7D32FFC9D30E.d.A70F4C6FEAA41002E44C00A9765775ED.e.5158/click - {}
RESULT: {}
COMMAND: GET /session/eacf8bccc3b349b538ac2f1863989237/screenshot - {}
RESULT: {}
COMMAND: POST /session/eacf8bccc3b349b538ac2f1863989237/execute/async - {"script":"<script> [1562 bytes]","args":[{"selector":{"controlType":"sap.ui.unified.MenuItem","viewName":"etm.portal.ui.managerequests.view.NewRequest","i18NText":{"propertyName":"text","key":"standardEntry"},"searchOpenDialogs":true,"interaction":{"idSuffix":"txt"}},"wdio_ui5_key":"etmportal.ui.managerequests.view.NewRequestsap.ui.unified.MenuItem{\"propertyName\":\"text\",\"key\":\"standardEntry\"}"}]}
RESULT: {"script":"<script> [1562 bytes]","args":[{"selector":{"controlType":"sap.ui.unified.MenuItem","viewName":"etm.portal.ui.managerequests.view.NewRequest","i18NText":{"propertyName":"text","key":"standardEntry"},"searchOpenDialogs":true,"interaction":{"idSuffix":"txt"}},"wdio_ui5_key":"etmportal.ui.managerequests.view.NewRequestsap.ui.unified.MenuItem{\"propertyName\":\"text\",\"key\":\"standardEntry\"}"}]}
RESULT: undefined
COMMAND: POST /session/eacf8bccc3b349b538ac2f1863989237/element - {"using":"xpath","value":"//*[@id=\"__item178\"]"}
RESULT: {"using":"xpath","value":"//*[@id=\"__item178\"]"}
COMMAND: POST /session/eacf8bccc3b349b538ac2f1863989237/element/f.11D6377D86A94FC2ADAA7D32FFC9D30E.d.A70F4C6FEAA41002E44C00A9765775ED.e.5354/click - {}
RESULT: {}
COMMAND: GET /session/eacf8bccc3b349b538ac2f1863989237/screenshot - {}
RESULT: {}
RESULT: undefined
COMMAND: POST /session/eacf8bccc3b349b538ac2f1863989237/element - {"using":"xpath","value":"//*[@id=\"__xmlview1--btnAddTableRow-img\"]"}
RESULT: {"using":"xpath","value":"//*[@id=\"__xmlview1--btnAddTableRow-img\"]"}
COMMAND: POST /session/eacf8bccc3b349b538ac2f1863989237/element/f.11D6377D86A94FC2ADAA7D32FFC9D30E.d.A70F4C6FEAA41002E44C00A9765775ED.e.5158/click - {}
RESULT: {}
COMMAND: GET /session/eacf8bccc3b349b538ac2f1863989237/screenshot - {}
RESULT: {}
RESULT: undefined
COMMAND: POST /session/eacf8bccc3b349b538ac2f1863989237/element - {"using":"xpath","value":"//*[@id=\"__item178\"]"}
RESULT: {"using":"xpath","value":"//*[@id=\"__item178\"]"}
COMMAND: POST /session/eacf8bccc3b349b538ac2f1863989237/element/f.11D6377D86A94FC2ADAA7D32FFC9D30E.d.A70F4C6FEAA41002E44C00A9765775ED.e.5370/click - {}
RESULT: {}
COMMAND: GET /session/eacf8bccc3b349b538ac2f1863989237/screenshot - {}
RESULT: {}
COMMAND: POST /session/eacf8bccc3b349b538ac2f1863989237/element - {"using":"xpath","value":"(//input[contains(@id ,\"requestItemsTable-0-inner\")])[5]"}
RESULT: {"using":"xpath","value":"(//input[contains(@id ,\"requestItemsTable-0-inner\")])[5]"}
COMMAND: POST /session/eacf8bccc3b349b538ac2f1863989237/element/f.11D6377D86A94FC2ADAA7D32FFC9D30E.d.A70F4C6FEAA41002E44C00A9765775ED.e.5360/clear - {}
RESULT: {}
COMMAND: POST /session/eacf8bccc3b349b538ac2f1863989237/element/f.11D6377D86A94FC2ADAA7D32FFC9D30E.d.A70F4C6FEAA41002E44C00A9765775ED.e.5360/value - {"text":"1000001"}
COMMAND: GET /session/eacf8bccc3b349b538ac2f1863989237/screenshot - {}
RESULT: {"text":"1000001"}
COMMAND: GET /session/eacf8bccc3b349b538ac2f1863989237/screenshot - {}
RESULT: {}
RESULT: {}
COMMAND: POST /session/eacf8bccc3b349b538ac2f1863989237/actions - {"actions":[{"id":"action34","type":"key","parameters":{},"actions":[{"type":"keyDown","value":""},{"type":"pause","duration":10},{"type":"keyUp","value":""}]}]}
RESULT: {"actions":[{"id":"action34","type":"key","parameters":{},"actions":[{"type":"keyDown","value":""},{"type":"pause","duration":10},{"type":"keyUp","value":""}]}]}
COMMAND: POST /session/eacf8bccc3b349b538ac2f1863989237/element - {"using":"xpath","value":"(//input[contains(@id ,\"requestItemsTable-1-inner\")])[5]"}
COMMAND: GET /session/eacf8bccc3b349b538ac2f1863989237/screenshot - {}
RESULT: {"using":"xpath","value":"(//input[contains(@id ,\"requestItemsTable-1-inner\")])[5]"}
COMMAND: POST /session/eacf8bccc3b349b538ac2f1863989237/element/f.11D6377D86A94FC2ADAA7D32FFC9D30E.d.A70F4C6FEAA41002E44C00A9765775ED.e.5376/clear - {}
RESULT: {}
RESULT: {}
COMMAND: POST /session/eacf8bccc3b349b538ac2f1863989237/element/f.11D6377D86A94FC2ADAA7D32FFC9D30E.d.A70F4C6FEAA41002E44C00A9765775ED.e.5376/value - {"text":"200318"}
COMMAND: GET /session/eacf8bccc3b349b538ac2f1863989237/screenshot - {}
RESULT: {"text":"200318"}
COMMAND: GET /session/eacf8bccc3b349b538ac2f1863989237/screenshot - {}
RESULT: {}
RESULT: {}
COMMAND: POST /session/eacf8bccc3b349b538ac2f1863989237/actions - {"actions":[{"id":"action35","type":"key","parameters":{},"actions":[{"type":"keyDown","value":""},{"type":"pause","duration":10},{"type":"keyUp","value":""}]}]}
RESULT: {"actions":[{"id":"action35","type":"key","parameters":{},"actions":[{"type":"keyDown","value":""},{"type":"pause","duration":10},{"type":"keyUp","value":""}]}]}
COMMAND: POST /session/eacf8bccc3b349b538ac2f1863989237/element - {"using":"xpath","value":"//div[contains(@data-kt ,\"splitAllocationObjectStatus\")]"}
COMMAND: GET /session/eacf8bccc3b349b538ac2f1863989237/screenshot - {}
RESULT: {"using":"xpath","value":"//div[contains(@data-kt ,\"splitAllocationObjectStatus\")]"}
COMMAND: POST /session/eacf8bccc3b349b538ac2f1863989237/elements - {"using":"xpath","value":"//div[contains(@data-kt ,\"splitAllocationObjectStatus\")]"}
RESULT: {}
RESULT: {"using":"xpath","value":"//div[contains(@data-kt ,\"splitAllocationObjectStatus\")]"}
COMMAND: POST /session/eacf8bccc3b349b538ac2f1863989237/execute/async - {"script":"<script> [1562 bytes]","args":[{"selector":{"controlType":"sap.ui.core.Icon","viewName":"etm.portal.ui.managerequests.view.NewRequest","properties":{"src":{"regex":{"source":"message\\-error"}}},"ancestor":{"controlType":"sap.m.ColumnListItem","viewName":"etm.portal.ui.managerequests.view.NewRequest","bindingPath":{"modelName":"newRequestItems","path":"/RequestItems/0"},"ancestor":{"id":"requestItemsTable","viewName":"etm.portal.ui.managerequests.view.NewRequest"}}},"wdio_ui5_key":"etmportal.ui.managerequests.view.NewRequestsap.ui.core.Icon{\"src\":{\"regex\":{\"source\":\"message\\\\-error\"}}}{\"controlType\":\"sap.m.ColumnListItem\",\"viewName\":\"etm.portal.ui.managerequests.view.NewRequest\",\"bindingPath\":{\"modelName\":\"newRequestItems\",\"path\":\"/RequestItems/0\"},\"ancestor\":{\"id\":\"requestItemsTable\",\"viewName\":\"etm.portal.ui.managerequests.view.NewRequest\"}}"}]}
RESULT: {"script":"<script> [1562 bytes]","args":[{"selector":{"controlType":"sap.ui.core.Icon","viewName":"etm.portal.ui.managerequests.view.NewRequest","properties":{"src":{"regex":{"source":"message\\-error"}}},"ancestor":{"controlType":"sap.m.ColumnListItem","viewName":"etm.portal.ui.managerequests.view.NewRequest","bindingPath":{"modelName":"newRequestItems","path":"/RequestItems/0"},"ancestor":{"id":"requestItemsTable","viewName":"etm.portal.ui.managerequests.view.NewRequest"}}},"wdio_ui5_key":"etmportal.ui.managerequests.view.NewRequestsap.ui.core.Icon{\"src\":{\"regex\":{\"source\":\"message\\\\-error\"}}}{\"controlType\":\"sap.m.ColumnListItem\",\"viewName\":\"etm.portal.ui.managerequests.view.NewRequest\",\"bindingPath\":{\"modelName\":\"newRequestItems\",\"path\":\"/RequestItems/0\"},\"ancestor\":{\"id\":\"requestItemsTable\",\"viewName\":\"etm.portal.ui.managerequests.view.NewRequest\"}}"}]}
RESULT: undefined
COMMAND: POST /session/eacf8bccc3b349b538ac2f1863989237/element - {"using":"xpath","value":"//*[@id=\"__status4-__xmlview1--requestItemsTable-0-icon\"]"}
RESULT: {"using":"xpath","value":"//*[@id=\"__status4-__xmlview1--requestItemsTable-0-icon\"]"}
COMMAND: POST /session/eacf8bccc3b349b538ac2f1863989237/element/f.11D6377D86A94FC2ADAA7D32FFC9D30E.d.A70F4C6FEAA41002E44C00A9765775ED.e.5393/click - {}
RESULT: {}
COMMAND: GET /session/eacf8bccc3b349b538ac2f1863989237/screenshot - {}
RESULT: {}
COMMAND: POST /session/eacf8bccc3b349b538ac2f1863989237/execute/async - {"script":"<script> [1562 bytes]","args":[{"selector":{"id":"costObjectAdminTypeComboBox","viewName":"etm.portal.ui.managerequests.view.NewRequest","searchOpenDialogs":true,"interaction":{"idSuffix":"inner"}},"wdio_ui5_key":"costObjectAdminTypeComboBoxetmportal.ui.managerequests.view.NewRequest"}]}
RESULT: {"script":"<script> [1562 bytes]","args":[{"selector":{"id":"costObjectAdminTypeComboBox","viewName":"etm.portal.ui.managerequests.view.NewRequest","searchOpenDialogs":true,"interaction":{"idSuffix":"inner"}},"wdio_ui5_key":"costObjectAdminTypeComboBoxetmportal.ui.managerequests.view.NewRequest"}]}
RESULT: undefined
COMMAND: POST /session/eacf8bccc3b349b538ac2f1863989237/execute/async - {"script":"<script> [776 bytes]","args":[{"enterText":"Cost Center","selector":{"id":"costObjectAdminTypeComboBox","viewName":"etm.portal.ui.managerequests.view.NewRequest","searchOpenDialogs":true,"interaction":{"idSuffix":"inner"}},"clearTextFirst":true,"interactionType":"ENTER_TEXT"}]}
RESULT: {"script":"<script> [776 bytes]","args":[{"enterText":"Cost Center","selector":{"id":"costObjectAdminTypeComboBox","viewName":"etm.portal.ui.managerequests.view.NewRequest","searchOpenDialogs":true,"interaction":{"idSuffix":"inner"}},"clearTextFirst":true,"interactionType":"ENTER_TEXT"}]}
COMMAND: POST /session/eacf8bccc3b349b538ac2f1863989237/actions - {"actions":[{"id":"action36","type":"key","parameters":{},"actions":[{"type":"keyDown","value":""},{"type":"pause","duration":10},{"type":"keyUp","value":""}]}]}
RESULT: {"actions":[{"id":"action36","type":"key","parameters":{},"actions":[{"type":"keyDown","value":""},{"type":"pause","duration":10},{"type":"keyUp","value":""}]}]}
COMMAND: GET /session/eacf8bccc3b349b538ac2f1863989237/screenshot - {}
RESULT: {}
COMMAND: POST /session/eacf8bccc3b349b538ac2f1863989237/execute/async - {"script":"<script> [1562 bytes]","args":[{"selector":{"id":"costObjectIdComboBox","viewName":"etm.portal.ui.managerequests.view.NewRequest","searchOpenDialogs":true,"interaction":{"idSuffix":"inner"}},"wdio_ui5_key":"costObjectIdComboBoxetmportal.ui.managerequests.view.NewRequest"}]}
RESULT: {"script":"<script> [1562 bytes]","args":[{"selector":{"id":"costObjectIdComboBox","viewName":"etm.portal.ui.managerequests.view.NewRequest","searchOpenDialogs":true,"interaction":{"idSuffix":"inner"}},"wdio_ui5_key":"costObjectIdComboBoxetmportal.ui.managerequests.view.NewRequest"}]}
RESULT: undefined
COMMAND: POST /session/eacf8bccc3b349b538ac2f1863989237/execute/async - {"script":"<script> [776 bytes]","args":[{"enterText":"1001 - 1001","selector":{"id":"costObjectIdComboBox","viewName":"etm.portal.ui.managerequests.view.NewRequest","searchOpenDialogs":true,"interaction":{"idSuffix":"inner"}},"clearTextFirst":true,"interactionType":"ENTER_TEXT"}]}
RESULT: {"script":"<script> [776 bytes]","args":[{"enterText":"1001 - 1001","selector":{"id":"costObjectIdComboBox","viewName":"etm.portal.ui.managerequests.view.NewRequest","searchOpenDialogs":true,"interaction":{"idSuffix":"inner"}},"clearTextFirst":true,"interactionType":"ENTER_TEXT"}]}
COMMAND: POST /session/eacf8bccc3b349b538ac2f1863989237/actions - {"actions":[{"id":"action37","type":"key","parameters":{},"actions":[{"type":"keyDown","value":""},{"type":"pause","duration":10},{"type":"keyUp","value":""}]}]}
RESULT: {"actions":[{"id":"action37","type":"key","parameters":{},"actions":[{"type":"keyDown","value":""},{"type":"pause","duration":10},{"type":"keyUp","value":""}]}]}
COMMAND: GET /session/eacf8bccc3b349b538ac2f1863989237/screenshot - {}
RESULT: {}
COMMAND: POST /session/eacf8bccc3b349b538ac2f1863989237/element - {"using":"xpath","value":"(//bdi[(text() = 'Save' or . = 'Save')])[1]"}
RESULT: {"using":"xpath","value":"(//bdi[(text() = 'Save' or . = 'Save')])[1]"}
COMMAND: POST /session/eacf8bccc3b349b538ac2f1863989237/element/f.11D6377D86A94FC2ADAA7D32FFC9D30E.d.A70F4C6FEAA41002E44C00A9765775ED.e.5406/click - {}
RESULT: {}
COMMAND: POST /session/eacf8bccc3b349b538ac2f1863989237/execute/async - {"script":"<script> [1562 bytes]","args":[{"selector":{"controlType":"sap.ui.core.Icon","viewName":"etm.portal.ui.managerequests.view.NewRequest","properties":{"src":{"regex":{"source":"message\\-error"}}},"ancestor":{"controlType":"sap.m.ColumnListItem","viewName":"etm.portal.ui.managerequests.view.NewRequest","bindingPath":{"modelName":"newRequestItems","path":"/RequestItems/1"},"ancestor":{"id":"requestItemsTable","viewName":"etm.portal.ui.managerequests.view.NewRequest"}}},"wdio_ui5_key":"etmportal.ui.managerequests.view.NewRequestsap.ui.core.Icon{\"src\":{\"regex\":{\"source\":\"message\\\\-error\"}}}{\"controlType\":\"sap.m.ColumnListItem\",\"viewName\":\"etm.portal.ui.managerequests.view.NewRequest\",\"bindingPath\":{\"modelName\":\"newRequestItems\",\"path\":\"/RequestItems/1\"},\"ancestor\":{\"id\":\"requestItemsTable\",\"viewName\":\"etm.portal.ui.managerequests.view.NewRequest\"}}"}]}
COMMAND: GET /session/eacf8bccc3b349b538ac2f1863989237/screenshot - {}
RESULT: {"script":"<script> [1562 bytes]","args":[{"selector":{"controlType":"sap.ui.core.Icon","viewName":"etm.portal.ui.managerequests.view.NewRequest","properties":{"src":{"regex":{"source":"message\\-error"}}},"ancestor":{"controlType":"sap.m.ColumnListItem","viewName":"etm.portal.ui.managerequests.view.NewRequest","bindingPath":{"modelName":"newRequestItems","path":"/RequestItems/1"},"ancestor":{"id":"requestItemsTable","viewName":"etm.portal.ui.managerequests.view.NewRequest"}}},"wdio_ui5_key":"etmportal.ui.managerequests.view.NewRequestsap.ui.core.Icon{\"src\":{\"regex\":{\"source\":\"message\\\\-error\"}}}{\"controlType\":\"sap.m.ColumnListItem\",\"viewName\":\"etm.portal.ui.managerequests.view.NewRequest\",\"bindingPath\":{\"modelName\":\"newRequestItems\",\"path\":\"/RequestItems/1\"},\"ancestor\":{\"id\":\"requestItemsTable\",\"viewName\":\"etm.portal.ui.managerequests.view.NewRequest\"}}"}]}
RESULT: undefined
COMMAND: POST /session/eacf8bccc3b349b538ac2f1863989237/element - {"using":"xpath","value":"//*[@id=\"__status4-__xmlview1--requestItemsTable-1-icon\"]"}
RESULT: {}
RESULT: {"using":"xpath","value":"//*[@id=\"__status4-__xmlview1--requestItemsTable-1-icon\"]"}
COMMAND: POST /session/eacf8bccc3b349b538ac2f1863989237/element/f.11D6377D86A94FC2ADAA7D32FFC9D30E.d.A70F4C6FEAA41002E44C00A9765775ED.e.5409/click - {}
RESULT: {}
COMMAND: GET /session/eacf8bccc3b349b538ac2f1863989237/screenshot - {}
RESULT: {}
RESULT: undefined
COMMAND: POST /session/eacf8bccc3b349b538ac2f1863989237/execute/async - {"script":"<script> [776 bytes]","args":[{"enterText":"Cost Center","selector":{"id":"costObjectAdminTypeComboBox","viewName":"etm.portal.ui.managerequests.view.NewRequest","searchOpenDialogs":true,"interaction":{"idSuffix":"inner"}},"clearTextFirst":true,"interactionType":"ENTER_TEXT"}]}
RESULT: {"script":"<script> [776 bytes]","args":[{"enterText":"Cost Center","selector":{"id":"costObjectAdminTypeComboBox","viewName":"etm.portal.ui.managerequests.view.NewRequest","searchOpenDialogs":true,"interaction":{"idSuffix":"inner"}},"clearTextFirst":true,"interactionType":"ENTER_TEXT"}]}
COMMAND: POST /session/eacf8bccc3b349b538ac2f1863989237/actions - {"actions":[{"id":"action38","type":"key","parameters":{},"actions":[{"type":"keyDown","value":""},{"type":"pause","duration":10},{"type":"keyUp","value":""}]}]}
RESULT: {"actions":[{"id":"action38","type":"key","parameters":{},"actions":[{"type":"keyDown","value":""},{"type":"pause","duration":10},{"type":"keyUp","value":""}]}]}
COMMAND: GET /session/eacf8bccc3b349b538ac2f1863989237/screenshot - {}
RESULT: {}
RESULT: undefined
COMMAND: POST /session/eacf8bccc3b349b538ac2f1863989237/execute/async - {"script":"<script> [776 bytes]","args":[{"enterText":"1001 - 1001","selector":{"id":"costObjectIdComboBox","viewName":"etm.portal.ui.managerequests.view.NewRequest","searchOpenDialogs":true,"interaction":{"idSuffix":"inner"}},"clearTextFirst":true,"interactionType":"ENTER_TEXT"}]}
RESULT: {"script":"<script> [776 bytes]","args":[{"enterText":"1001 - 1001","selector":{"id":"costObjectIdComboBox","viewName":"etm.portal.ui.managerequests.view.NewRequest","searchOpenDialogs":true,"interaction":{"idSuffix":"inner"}},"clearTextFirst":true,"interactionType":"ENTER_TEXT"}]}
COMMAND: POST /session/eacf8bccc3b349b538ac2f1863989237/actions - {"actions":[{"id":"action39","type":"key","parameters":{},"actions":[{"type":"keyDown","value":""},{"type":"pause","duration":10},{"type":"keyUp","value":""}]}]}
RESULT: {"actions":[{"id":"action39","type":"key","parameters":{},"actions":[{"type":"keyDown","value":""},{"type":"pause","duration":10},{"type":"keyUp","value":""}]}]}
COMMAND: GET /session/eacf8bccc3b349b538ac2f1863989237/screenshot - {}
RESULT: {}
COMMAND: POST /session/eacf8bccc3b349b538ac2f1863989237/element - {"using":"xpath","value":"(//bdi[(text() = 'Save' or . = 'Save')])[1]"}
RESULT: {"using":"xpath","value":"(//bdi[(text() = 'Save' or . = 'Save')])[1]"}
COMMAND: POST /session/eacf8bccc3b349b538ac2f1863989237/element/f.11D6377D86A94FC2ADAA7D32FFC9D30E.d.A70F4C6FEAA41002E44C00A9765775ED.e.5421/click - {}
RESULT: {}
COMMAND: GET /session/eacf8bccc3b349b538ac2f1863989237/screenshot - {}
RESULT: {}
COMMAND: POST /session/eacf8bccc3b349b538ac2f1863989237/execute/async - {"script":"<script> [1562 bytes]","args":[{"selector":{"controlType":"sap.m.Button","viewName":"etm.portal.ui.managerequests.view.NewRequest","bindingPath":{"path":"/RequestItems/0","propertyPath":"PICK_UP","modelName":"newRequestItems"},"interaction":{"idSuffix":"BDI-content"}},"wdio_ui5_key":"etmportal.ui.managerequests.view.NewRequestsap.m.Button{\"path\":\"/RequestItems/0\",\"propertyPath\":\"PICK_UP\",\"modelName\":\"newRequestItems\"}"}]}
RESULT: {"script":"<script> [1562 bytes]","args":[{"selector":{"controlType":"sap.m.Button","viewName":"etm.portal.ui.managerequests.view.NewRequest","bindingPath":{"path":"/RequestItems/0","propertyPath":"PICK_UP","modelName":"newRequestItems"},"interaction":{"idSuffix":"BDI-content"}},"wdio_ui5_key":"etmportal.ui.managerequests.view.NewRequestsap.m.Button{\"path\":\"/RequestItems/0\",\"propertyPath\":\"PICK_UP\",\"modelName\":\"newRequestItems\"}"}]}
RESULT: undefined
COMMAND: POST /session/eacf8bccc3b349b538ac2f1863989237/element - {"using":"xpath","value":"//*[@id=\"__xmlview1--pickUpItemButton-__xmlview1--requestItemsTable-0\"]"}
RESULT: {"using":"xpath","value":"//*[@id=\"__xmlview1--pickUpItemButton-__xmlview1--requestItemsTable-0\"]"}
COMMAND: POST /session/eacf8bccc3b349b538ac2f1863989237/element/f.11D6377D86A94FC2ADAA7D32FFC9D30E.d.A70F4C6FEAA41002E44C00A9765775ED.e.5425/click - {}
RESULT: {}
COMMAND: GET /session/eacf8bccc3b349b538ac2f1863989237/screenshot - {}
RESULT: {}
COMMAND: POST /session/eacf8bccc3b349b538ac2f1863989237/execute/async - {"script":"<script> [1562 bytes]","args":[{"selector":{"controlType":"sap.m.Button","viewName":"etm.portal.ui.managerequests.view.NewRequest","properties":{"text":"Save"},"i18NText":{"propertyName":"tooltip","key":"save"},"interaction":{"idSuffix":"BDI-content"}},"wdio_ui5_key":"etmportal.ui.managerequests.view.NewRequestsap.m.Button{\"propertyName\":\"tooltip\",\"key\":\"save\"}{\"text\":\"Save\"}"}]}
RESULT: {"script":"<script> [1562 bytes]","args":[{"selector":{"controlType":"sap.m.Button","viewName":"etm.portal.ui.managerequests.view.NewRequest","properties":{"text":"Save"},"i18NText":{"propertyName":"tooltip","key":"save"},"interaction":{"idSuffix":"BDI-content"}},"wdio_ui5_key":"etmportal.ui.managerequests.view.NewRequestsap.m.Button{\"propertyName\":\"tooltip\",\"key\":\"save\"}{\"text\":\"Save\"}"}]}
RESULT: undefined
COMMAND: POST /session/eacf8bccc3b349b538ac2f1863989237/element - {"using":"xpath","value":"//*[@id=\"__button11\"]"}
RESULT: {"using":"xpath","value":"//*[@id=\"__button11\"]"}
COMMAND: POST /session/eacf8bccc3b349b538ac2f1863989237/element/f.11D6377D86A94FC2ADAA7D32FFC9D30E.d.A70F4C6FEAA41002E44C00A9765775ED.e.5283/click - {}
RESULT: {}
COMMAND: GET /session/eacf8bccc3b349b538ac2f1863989237/screenshot - {}
RESULT: {}
COMMAND: POST /session/eacf8bccc3b349b538ac2f1863989237/execute/async - {"script":"<script> [1562 bytes]","args":[{"selector":{"controlType":"sap.m.Text","searchOpenDialogs":true},"wdio_ui5_key":"sapm.Text"}]}
RESULT: {"script":"<script> [1562 bytes]","args":[{"selector":{"controlType":"sap.m.Text","searchOpenDialogs":true},"wdio_ui5_key":"sapm.Text"}]}
RESULT: undefined
COMMAND: POST /session/eacf8bccc3b349b538ac2f1863989237/execute/async - {"script":"<script> [6424 bytes]","args":[{"element-6066-11e4-a52e-4f735466cecf":"f.11D6377D86A94FC2ADAA7D32FFC9D30E.d.A70F4C6FEAA41002E44C00A9765775ED.e.5429"},"getText",[]]}
RESULT: {"script":"<script> [6424 bytes]","args":[{"element-6066-11e4-a52e-4f735466cecf":"f.11D6377D86A94FC2ADAA7D32FFC9D30E.d.A70F4C6FEAA41002E44C00A9765775ED.e.5429"},"getText",[]]}
COMMAND: POST /session/eacf8bccc3b349b538ac2f1863989237/execute/async - {"script":"<script> [1562 bytes]","args":[{"selector":{"controlType":"sap.m.Button","properties":{"text":"Close"},"searchOpenDialogs":true,"interaction":{"idSuffix":"BDI-content"}},"wdio_ui5_key":"sapm.Button{\"text\":\"Close\"}"}]}
RESULT: {"script":"<script> [1562 bytes]","args":[{"selector":{"controlType":"sap.m.Button","properties":{"text":"Close"},"searchOpenDialogs":true,"interaction":{"idSuffix":"BDI-content"}},"wdio_ui5_key":"sapm.Button{\"text\":\"Close\"}"}]}
RESULT: undefined
COMMAND: POST /session/eacf8bccc3b349b538ac2f1863989237/element - {"using":"xpath","value":"//*[@id=\"__mbox-btn-0\"]"}
RESULT: {"using":"xpath","value":"//*[@id=\"__mbox-btn-0\"]"}
COMMAND: POST /session/eacf8bccc3b349b538ac2f1863989237/element/f.11D6377D86A94FC2ADAA7D32FFC9D30E.d.A70F4C6FEAA41002E44C00A9765775ED.e.5428/click - {}
RESULT: {}
COMMAND: GET /session/eacf8bccc3b349b538ac2f1863989237/screenshot - {}
RESULT: {}
COMMAND: POST /session/eacf8bccc3b349b538ac2f1863989237/execute/async - {"script":"<script> [1562 bytes]","args":[{"selector":{"controlType":"sap.m.Button","viewName":"etm.portal.ui.managerequests.view.Detail","bindingPath":{"path":"/SmartRequestItemsPlanningBoard(ITEM=10m,REQUEST='20239')","propertyPath":"PICK_UP"}},"wdio_ui5_key":"etmportal.ui.managerequests.view.Detailsap.m.Button{\"path\":\"/SmartRequestItemsPlanningBoard(ITEM=10m,REQUEST='20239')\",\"propertyPath\":\"PICK_UP\"}"}]}
RESULT: {"script":"<script> [1562 bytes]","args":[{"selector":{"controlType":"sap.m.Button","viewName":"etm.portal.ui.managerequests.view.Detail","bindingPath":{"path":"/SmartRequestItemsPlanningBoard(ITEM=10m,REQUEST='20239')","propertyPath":"PICK_UP"}},"wdio_ui5_key":"etmportal.ui.managerequests.view.Detailsap.m.Button{\"path\":\"/SmartRequestItemsPlanningBoard(ITEM=10m,REQUEST='20239')\",\"propertyPath\":\"PICK_UP\"}"}]}
RESULT: undefined
COMMAND: POST /session/eacf8bccc3b349b538ac2f1863989237/execute/async - {"script":"<script> [6424 bytes]","args":[{"element-6066-11e4-a52e-4f735466cecf":"f.11D6377D86A94FC2ADAA7D32FFC9D30E.d.A70F4C6FEAA41002E44C00A9765775ED.e.5536"},"getType",[]]}
RESULT: {"script":"<script> [6424 bytes]","args":[{"element-6066-11e4-a52e-4f735466cecf":"f.11D6377D86A94FC2ADAA7D32FFC9D30E.d.A70F4C6FEAA41002E44C00A9765775ED.e.5536"},"getType",[]]}
COMMAND: POST /session/eacf8bccc3b349b538ac2f1863989237/execute/async - {"script":"<script> [1562 bytes]","args":[{"selector":{"controlType":"sap.m.Button","viewName":"etm.portal.ui.managerequests.view.Detail","bindingPath":{"path":"/SmartRequestItemsPlanningBoard(ITEM=20m,REQUEST='20239')","propertyPath":"PICK_UP"}},"wdio_ui5_key":"etmportal.ui.managerequests.view.Detailsap.m.Button{\"path\":\"/SmartRequestItemsPlanningBoard(ITEM=20m,REQUEST='20239')\",\"propertyPath\":\"PICK_UP\"}"}]}
RESULT: {"script":"<script> [1562 bytes]","args":[{"selector":{"controlType":"sap.m.Button","viewName":"etm.portal.ui.managerequests.view.Detail","bindingPath":{"path":"/SmartRequestItemsPlanningBoard(ITEM=20m,REQUEST='20239')","propertyPath":"PICK_UP"}},"wdio_ui5_key":"etmportal.ui.managerequests.view.Detailsap.m.Button{\"path\":\"/SmartRequestItemsPlanningBoard(ITEM=20m,REQUEST='20239')\",\"propertyPath\":\"PICK_UP\"}"}]}
RESULT: undefined
COMMAND: POST /session/eacf8bccc3b349b538ac2f1863989237/execute/async - {"script":"<script> [6424 bytes]","args":[{"element-6066-11e4-a52e-4f735466cecf":"f.11D6377D86A94FC2ADAA7D32FFC9D30E.d.A70F4C6FEAA41002E44C00A9765775ED.e.5567"},"getType",[]]}
RESULT: {"script":"<script> [6424 bytes]","args":[{"element-6066-11e4-a52e-4f735466cecf":"f.11D6377D86A94FC2ADAA7D32FFC9D30E.d.A70F4C6FEAA41002E44C00A9765775ED.e.5567"},"getType",[]]}
COMMAND: POST /session/eacf8bccc3b349b538ac2f1863989237/execute/async - {"script":"<script> [1562 bytes]","args":[{"selector":{"id":"pickUpSwitchHeader","viewName":"etm.portal.ui.managerequests.view.Detail","interaction":{"idSuffix":"handle"}},"wdio_ui5_key":"pickUpSwitchHeaderetmportal.ui.managerequests.view.Detail"}]}
RESULT: {"script":"<script> [1562 bytes]","args":[{"selector":{"id":"pickUpSwitchHeader","viewName":"etm.portal.ui.managerequests.view.Detail","interaction":{"idSuffix":"handle"}},"wdio_ui5_key":"pickUpSwitchHeaderetmportal.ui.managerequests.view.Detail"}]}
RESULT: undefined
COMMAND: POST /session/eacf8bccc3b349b538ac2f1863989237/element - {"using":"xpath","value":"//*[@id=\"__xmlview2--pickUpSwitchHeader\"]"}
RESULT: {"using":"xpath","value":"//*[@id=\"__xmlview2--pickUpSwitchHeader\"]"}
COMMAND: POST /session/eacf8bccc3b349b538ac2f1863989237/element/f.11D6377D86A94FC2ADAA7D32FFC9D30E.d.A70F4C6FEAA41002E44C00A9765775ED.e.5508/click - {}
RESULT: {}
COMMAND: POST /session/eacf8bccc3b349b538ac2f1863989237/execute/async - {"script":"<script> [1562 bytes]","args":[{"selector":{"controlType":"sap.ui.core.Icon","viewName":"etm.portal.ui.managerequests.view.Detail","properties":{"src":{"regex":{"source":"pushpin\\-off"}}}},"wdio_ui5_key":"etmportal.ui.managerequests.view.Detailsap.ui.core.Icon{\"src\":{\"regex\":{\"source\":\"pushpin\\\\-off\"}}}"}]}
COMMAND: GET /session/eacf8bccc3b349b538ac2f1863989237/screenshot - {}
RESULT: {"script":"<script> [1562 bytes]","args":[{"selector":{"controlType":"sap.ui.core.Icon","viewName":"etm.portal.ui.managerequests.view.Detail","properties":{"src":{"regex":{"source":"pushpin\\-off"}}}},"wdio_ui5_key":"etmportal.ui.managerequests.view.Detailsap.ui.core.Icon{\"src\":{\"regex\":{\"source\":\"pushpin\\\\-off\"}}}"}]}
RESULT: undefined
COMMAND: POST /session/eacf8bccc3b349b538ac2f1863989237/element - {"using":"xpath","value":"//*[@id=\"__xmlview2--detailRequestPage-OPHeaderContent-pinBtn-img\"]"}
RESULT: {}
RESULT: {"using":"xpath","value":"//*[@id=\"__xmlview2--detailRequestPage-OPHeaderContent-pinBtn-img\"]"}
COMMAND: POST /session/eacf8bccc3b349b538ac2f1863989237/element/f.11D6377D86A94FC2ADAA7D32FFC9D30E.d.A70F4C6FEAA41002E44C00A9765775ED.e.5516/click - {}
RESULT: {}
RESULT: undefined
COMMAND: POST /session/eacf8bccc3b349b538ac2f1863989237/execute/async - {"script":"<script> [6424 bytes]","args":[{"element-6066-11e4-a52e-4f735466cecf":"f.11D6377D86A94FC2ADAA7D32FFC9D30E.d.A70F4C6FEAA41002E44C00A9765775ED.e.5536"},"getType",[]]}
COMMAND: GET /session/eacf8bccc3b349b538ac2f1863989237/screenshot - {}
RESULT: {"script":"<script> [6424 bytes]","args":[{"element-6066-11e4-a52e-4f735466cecf":"f.11D6377D86A94FC2ADAA7D32FFC9D30E.d.A70F4C6FEAA41002E44C00A9765775ED.e.5536"},"getType",[]]}
RESULT: undefined
COMMAND: POST /session/eacf8bccc3b349b538ac2f1863989237/execute/async - {"script":"<script> [6424 bytes]","args":[{"element-6066-11e4-a52e-4f735466cecf":"f.11D6377D86A94FC2ADAA7D32FFC9D30E.d.A70F4C6FEAA41002E44C00A9765775ED.e.5567"},"getType",[]]}
RESULT: {}
RESULT: {"script":"<script> [6424 bytes]","args":[{"element-6066-11e4-a52e-4f735466cecf":"f.11D6377D86A94FC2ADAA7D32FFC9D30E.d.A70F4C6FEAA41002E44C00A9765775ED.e.5567"},"getType",[]]}
COMMAND: POST /session/eacf8bccc3b349b538ac2f1863989237/execute/async - {"script":"<script> [1562 bytes]","args":[{"selector":{"controlType":"sap.ui.core.Icon","viewName":"etm.portal.ui.managerequests.view.Detail","properties":{"src":{"regex":{"source":"date\\-time"}}},"ancestor":{"controlType":"sap.m.ColumnListItem","viewName":"etm.portal.ui.managerequests.view.Detail","bindingPath":{"path":"/SmartRequestItemsPlanningBoard(ITEM=10m,REQUEST='20239')"},"ancestor":{"id":"requestItemsTable","viewName":"etm.portal.ui.managerequests.view.Detail"}}},"wdio_ui5_key":"etmportal.ui.managerequests.view.Detailsap.ui.core.Icon{\"src\":{\"regex\":{\"source\":\"date\\\\-time\"}}}{\"controlType\":\"sap.m.ColumnListItem\",\"viewName\":\"etm.portal.ui.managerequests.view.Detail\",\"bindingPath\":{\"path\":\"/SmartRequestItemsPlanningBoard(ITEM=10m,REQUEST='20239')\"},\"ancestor\":{\"id\":\"requestItemsTable\",\"viewName\":\"etm.portal.ui.managerequests.view.Detail\"}}"}]}
RESULT: {"script":"<script> [1562 bytes]","args":[{"selector":{"controlType":"sap.ui.core.Icon","viewName":"etm.portal.ui.managerequests.view.Detail","properties":{"src":{"regex":{"source":"date\\-time"}}},"ancestor":{"controlType":"sap.m.ColumnListItem","viewName":"etm.portal.ui.managerequests.view.Detail","bindingPath":{"path":"/SmartRequestItemsPlanningBoard(ITEM=10m,REQUEST='20239')"},"ancestor":{"id":"requestItemsTable","viewName":"etm.portal.ui.managerequests.view.Detail"}}},"wdio_ui5_key":"etmportal.ui.managerequests.view.Detailsap.ui.core.Icon{\"src\":{\"regex\":{\"source\":\"date\\\\-time\"}}}{\"controlType\":\"sap.m.ColumnListItem\",\"viewName\":\"etm.portal.ui.managerequests.view.Detail\",\"bindingPath\":{\"path\":\"/SmartRequestItemsPlanningBoard(ITEM=10m,REQUEST='20239')\"},\"ancestor\":{\"id\":\"requestItemsTable\",\"viewName\":\"etm.portal.ui.managerequests.view.Detail\"}}"}]}
RESULT: undefined
COMMAND: POST /session/eacf8bccc3b349b538ac2f1863989237/element - {"using":"xpath","value":"//*[@id=\"__button39-__clone1825-img\"]"}
RESULT: {"using":"xpath","value":"//*[@id=\"__button39-__clone1825-img\"]"}
COMMAND: POST /session/eacf8bccc3b349b538ac2f1863989237/element/f.11D6377D86A94FC2ADAA7D32FFC9D30E.d.A70F4C6FEAA41002E44C00A9765775ED.e.5575/click - {}
RESULT: {}
COMMAND: POST /session/eacf8bccc3b349b538ac2f1863989237/execute/async - {"script":"<script> [1562 bytes]","args":[{"selector":{"controlType":"sap.m.Button","viewName":"etm.portal.ui.managerequests.view.Detail","properties":{"text":"Close"},"searchOpenDialogs":true,"interaction":{"idSuffix":"inner"}},"wdio_ui5_key":"etmportal.ui.managerequests.view.Detailsap.m.Button{\"text\":\"Close\"}"}]}
COMMAND: GET /session/eacf8bccc3b349b538ac2f1863989237/screenshot - {}
RESULT: {"script":"<script> [1562 bytes]","args":[{"selector":{"controlType":"sap.m.Button","viewName":"etm.portal.ui.managerequests.view.Detail","properties":{"text":"Close"},"searchOpenDialogs":true,"interaction":{"idSuffix":"inner"}},"wdio_ui5_key":"etmportal.ui.managerequests.view.Detailsap.m.Button{\"text\":\"Close\"}"}]}
RESULT: undefined
COMMAND: POST /session/eacf8bccc3b349b538ac2f1863989237/element - {"using":"xpath","value":"//*[@id=\"__button49\"]"}
RESULT: {}
RESULT: {"using":"xpath","value":"//*[@id=\"__button49\"]"}
COMMAND: POST /session/eacf8bccc3b349b538ac2f1863989237/element/f.11D6377D86A94FC2ADAA7D32FFC9D30E.d.A70F4C6FEAA41002E44C00A9765775ED.e.5577/click - {}
RESULT: {}
COMMAND: POST /session/eacf8bccc3b349b538ac2f1863989237/execute/async - {"script":"<script> [1562 bytes]","args":[{"selector":{"controlType":"sap.ui.core.Icon","viewName":"etm.portal.ui.managerequests.view.Detail","properties":{"src":{"regex":{"source":"date\\-time"}}},"ancestor":{"controlType":"sap.m.ColumnListItem","viewName":"etm.portal.ui.managerequests.view.Detail","bindingPath":{"path":"/SmartRequestItemsPlanningBoard(ITEM=20m,REQUEST='20239')"},"ancestor":{"id":"requestItemsTable","viewName":"etm.portal.ui.managerequests.view.Detail"}}},"wdio_ui5_key":"etmportal.ui.managerequests.view.Detailsap.ui.core.Icon{\"src\":{\"regex\":{\"source\":\"date\\\\-time\"}}}{\"controlType\":\"sap.m.ColumnListItem\",\"viewName\":\"etm.portal.ui.managerequests.view.Detail\",\"bindingPath\":{\"path\":\"/SmartRequestItemsPlanningBoard(ITEM=20m,REQUEST='20239')\"},\"ancestor\":{\"id\":\"requestItemsTable\",\"viewName\":\"etm.portal.ui.managerequests.view.Detail\"}}"}]}
COMMAND: GET /session/eacf8bccc3b349b538ac2f1863989237/screenshot - {}
RESULT: {"script":"<script> [1562 bytes]","args":[{"selector":{"controlType":"sap.ui.core.Icon","viewName":"etm.portal.ui.managerequests.view.Detail","properties":{"src":{"regex":{"source":"date\\-time"}}},"ancestor":{"controlType":"sap.m.ColumnListItem","viewName":"etm.portal.ui.managerequests.view.Detail","bindingPath":{"path":"/SmartRequestItemsPlanningBoard(ITEM=20m,REQUEST='20239')"},"ancestor":{"id":"requestItemsTable","viewName":"etm.portal.ui.managerequests.view.Detail"}}},"wdio_ui5_key":"etmportal.ui.managerequests.view.Detailsap.ui.core.Icon{\"src\":{\"regex\":{\"source\":\"date\\\\-time\"}}}{\"controlType\":\"sap.m.ColumnListItem\",\"viewName\":\"etm.portal.ui.managerequests.view.Detail\",\"bindingPath\":{\"path\":\"/SmartRequestItemsPlanningBoard(ITEM=20m,REQUEST='20239')\"},\"ancestor\":{\"id\":\"requestItemsTable\",\"viewName\":\"etm.portal.ui.managerequests.view.Detail\"}}"}]}
RESULT: undefined
COMMAND: POST /session/eacf8bccc3b349b538ac2f1863989237/element - {"using":"xpath","value":"//*[@id=\"__button39-__clone1826-img\"]"}
RESULT: {}
RESULT: {"using":"xpath","value":"//*[@id=\"__button39-__clone1826-img\"]"}
COMMAND: POST /session/eacf8bccc3b349b538ac2f1863989237/element/f.11D6377D86A94FC2ADAA7D32FFC9D30E.d.A70F4C6FEAA41002E44C00A9765775ED.e.5584/click - {}
RESULT: {}
RESULT: undefined
COMMAND: POST /session/eacf8bccc3b349b538ac2f1863989237/element - {"using":"xpath","value":"//*[@id=\"__button49\"]"}
COMMAND: GET /session/eacf8bccc3b349b538ac2f1863989237/screenshot - {}
RESULT: {"using":"xpath","value":"//*[@id=\"__button49\"]"}
COMMAND: POST /session/eacf8bccc3b349b538ac2f1863989237/elements - {"using":"xpath","value":"//*[@id=\"__button49\"]"}
RESULT: {}
RESULT: {"using":"xpath","value":"//*[@id=\"__button49\"]"}
COMMAND: POST /session/eacf8bccc3b349b538ac2f1863989237/elements - {"using":"xpath","value":"//*[@id=\"__button49\"]"}
RESULT: {"using":"xpath","value":"//*[@id=\"__button49\"]"}
COMMAND: POST /session/eacf8bccc3b349b538ac2f1863989237/element - {"using":"xpath","value":"//*[@id=\"__button49\"]"}
RESULT: {"using":"xpath","value":"//*[@id=\"__button49\"]"}
COMMAND: POST /session/eacf8bccc3b349b538ac2f1863989237/element/f.11D6377D86A94FC2ADAA7D32FFC9D30E.d.A70F4C6FEAA41002E44C00A9765775ED.e.5593/click - {}
RESULT: {}
COMMAND: POST /session/eacf8bccc3b349b538ac2f1863989237/execute/async - {"script":"<script> [189 bytes]","args":[]}
COMMAND: GET /session/eacf8bccc3b349b538ac2f1863989237/screenshot - {}
RESULT: {"script":"<script> [189 bytes]","args":[]}
COMMAND: POST /session/eacf8bccc3b349b538ac2f1863989237/execute/async - {"script":"<script> [123 bytes]","args":[]}
RESULT: {}
RESULT: {"script":"<script> [123 bytes]","args":[]}
COMMAND: POST /session/eacf8bccc3b349b538ac2f1863989237/timeouts - {"script":"<number>"}
RESULT: {"script":"<number>"}
COMMAND: GET /session/eacf8bccc3b349b538ac2f1863989237/timeouts - {}
RESULT: {}
RESULT: undefined
COMMAND: POST /session/eacf8bccc3b349b538ac2f1863989237/execute/async - {"script":"<script> [2676 bytes]","args":[]}
RESULT: {"script":"<script> [2676 bytes]","args":[]}
COMMAND: POST /session/eacf8bccc3b349b538ac2f1863989237/execute/async - {"script":"<script> [2342 bytes]","args":[{"protocol":"http","hostname":"0.0.0.0","path":"/","capabilities":{"browserName":"chrome","goog:chromeOptions":{"binary":"C:\\Program Files\\Google\\Chrome\\Application\\chrome.exe","args":["--start-maximized"]}},"logLevel":"warn","connectionRetryTimeout":120000,"connectionRetryCount":3,"logLevels":{},"enableDirectConnect":true,"strictSSL":true,"_":"65 more keys: [\"cacheDir\",\"port\",\"requestedCapabilities\",\"automationProtocol\",\"baseUrl\",\"waitforInterval\",\"waitforTimeout\",\"onReload\",\"beforeCommand\",\"afterCommand\",\"rootDir\",\"specs\",\"suites\",\"exclude\",\"groupLogsByTestSpec\",\"excludeDriverLogs\",\"bail\",\"framework\",\"reporters\",\"services\",\"maxInstances\",\"maxInstancesPerCapability\",\"injectGlobals\",\"filesToWatch\",\"execArgv\",\"runnerEnv\",\"runner\",\"shard\",\"specFileRetries\",\"specFileRetriesDelay\",\"specFileRetriesDeferred\",\"reporterSyncInterval\",\"reporterSyncTimeout\",\"cucumberFeaturesWithLineNumbers\",\"autoCompileOpts\",\"mochaOpts\",\"jasmineOpts\",\"cucumberOpts\",\"onPrepare\",\"onWorkerStart\",\"onWorkerEnd\",\"before\",\"beforeSession\",\"beforeSuite\",\"beforeHook\",\"beforeTest\",\"afterTest\",\"afterHook\",\"afterSuite\",\"afterSession\",\"after\",\"onComplete\",\"beforeAssertion\",\"afterAssertion\",\"beforeFeature\",\"beforeScenario\",\"beforeStep\",\"afterStep\",\"afterScenario\",\"afterFeature\",\"_\",\"suite\",\"$0\",\"ignoredWorkerServices\",\"wdi5\"]"}]}
RESULT: {"script":"<script> [2342 bytes]","args":[{"protocol":"http","hostname":"0.0.0.0","path":"/","capabilities":{"browserName":"chrome","goog:chromeOptions":{"binary":"C:\\Program Files\\Google\\Chrome\\Application\\chrome.exe","args":["--start-maximized"]}},"logLevel":"warn","connectionRetryTimeout":120000,"connectionRetryCount":3,"logLevels":{},"enableDirectConnect":true,"strictSSL":true,"_":"65 more keys: [\"cacheDir\",\"port\",\"requestedCapabilities\",\"automationProtocol\",\"baseUrl\",\"waitforInterval\",\"waitforTimeout\",\"onReload\",\"beforeCommand\",\"afterCommand\",\"rootDir\",\"specs\",\"suites\",\"exclude\",\"groupLogsByTestSpec\",\"excludeDriverLogs\",\"bail\",\"framework\",\"reporters\",\"services\",\"maxInstances\",\"maxInstancesPerCapability\",\"injectGlobals\",\"filesToWatch\",\"execArgv\",\"runnerEnv\",\"runner\",\"shard\",\"specFileRetries\",\"specFileRetriesDelay\",\"specFileRetriesDeferred\",\"reporterSyncInterval\",\"reporterSyncTimeout\",\"cucumberFeaturesWithLineNumbers\",\"autoCompileOpts\",\"mochaOpts\",\"jasmineOpts\",\"cucumberOpts\",\"onPrepare\",\"onWorkerStart\",\"onWorkerEnd\",\"before\",\"beforeSession\",\"beforeSuite\",\"beforeHook\",\"beforeTest\",\"afterTest\",\"afterHook\",\"afterSuite\",\"afterSession\",\"after\",\"onComplete\",\"beforeAssertion\",\"afterAssertion\",\"beforeFeature\",\"beforeScenario\",\"beforeStep\",\"afterStep\",\"afterScenario\",\"afterFeature\",\"_\",\"suite\",\"$0\",\"ignoredWorkerServices\",\"wdi5\"]"}]}
COMMAND: POST /session/eacf8bccc3b349b538ac2f1863989237/execute/async - {"script":"<script> [21126 bytes]","args":[35000]}
RESULT: {"script":"<script> [21126 bytes]","args":[35000]}
COMMAND: POST /session/eacf8bccc3b349b538ac2f1863989237/execute/async - {"script":"<script> [1562 bytes]","args":[{"selector":{"controlType":"sap.m.Button","viewName":"etm.portal.ui.managerequests.view.Detail","bindingPath":{"path":"/SmartRequestItemsPlanningBoard(ITEM=10m,REQUEST='20239')","propertyPath":"PICK_UP"}},"wdio_ui5_key":"etmportal.ui.managerequests.view.Detailsap.m.Button{\"path\":\"/SmartRequestItemsPlanningBoard(ITEM=10m,REQUEST='20239')\",\"propertyPath\":\"PICK_UP\"}"}]}
RESULT: {"script":"<script> [1562 bytes]","args":[{"selector":{"controlType":"sap.m.Button","viewName":"etm.portal.ui.managerequests.view.Detail","bindingPath":{"path":"/SmartRequestItemsPlanningBoard(ITEM=10m,REQUEST='20239')","propertyPath":"PICK_UP"}},"wdio_ui5_key":"etmportal.ui.managerequests.view.Detailsap.m.Button{\"path\":\"/SmartRequestItemsPlanningBoard(ITEM=10m,REQUEST='20239')\",\"propertyPath\":\"PICK_UP\"}"}]}
RESULT: undefined
COMMAND: POST /session/eacf8bccc3b349b538ac2f1863989237/execute/async - {"script":"<script> [6424 bytes]","args":[{"element-6066-11e4-a52e-4f735466cecf":"f.11D6377D86A94FC2ADAA7D32FFC9D30E.d.A70F4C6FEAA41002E44C00A9765775ED.e.5536"},"getType",[]]}
RESULT: {"script":"<script> [6424 bytes]","args":[{"element-6066-11e4-a52e-4f735466cecf":"f.11D6377D86A94FC2ADAA7D32FFC9D30E.d.A70F4C6FEAA41002E44C00A9765775ED.e.5536"},"getType",[]]}
COMMAND: POST /session/eacf8bccc3b349b538ac2f1863989237/execute/async - {"script":"<script> [1562 bytes]","args":[{"selector":{"controlType":"sap.m.Button","viewName":"etm.portal.ui.managerequests.view.Detail","bindingPath":{"path":"/SmartRequestItemsPlanningBoard(ITEM=20m,REQUEST='20239')","propertyPath":"PICK_UP"}},"wdio_ui5_key":"etmportal.ui.managerequests.view.Detailsap.m.Button{\"path\":\"/SmartRequestItemsPlanningBoard(ITEM=20m,REQUEST='20239')\",\"propertyPath\":\"PICK_UP\"}"}]}
RESULT: {"script":"<script> [1562 bytes]","args":[{"selector":{"controlType":"sap.m.Button","viewName":"etm.portal.ui.managerequests.view.Detail","bindingPath":{"path":"/SmartRequestItemsPlanningBoard(ITEM=20m,REQUEST='20239')","propertyPath":"PICK_UP"}},"wdio_ui5_key":"etmportal.ui.managerequests.view.Detailsap.m.Button{\"path\":\"/SmartRequestItemsPlanningBoard(ITEM=20m,REQUEST='20239')\",\"propertyPath\":\"PICK_UP\"}"}]}
RESULT: undefined
COMMAND: POST /session/eacf8bccc3b349b538ac2f1863989237/execute/async - {"script":"<script> [6424 bytes]","args":[{"element-6066-11e4-a52e-4f735466cecf":"f.11D6377D86A94FC2ADAA7D32FFC9D30E.d.A70F4C6FEAA41002E44C00A9765775ED.e.5567"},"getType",[]]}
RESULT: {"script":"<script> [6424 bytes]","args":[{"element-6066-11e4-a52e-4f735466cecf":"f.11D6377D86A94FC2ADAA7D32FFC9D30E.d.A70F4C6FEAA41002E44C00A9765775ED.e.5567"},"getType",[]]}
]]></system-out>
    </testcase>
    <testcase classname="chrome.135_0_7049_42.windows.Manage_request_+_Contract_processing_pick_up_option_US120163_" name="Should Contract processing pick up option" time="130.304">
      <system-out><![CDATA[
COMMAND: POST /session/eacf8bccc3b349b538ac2f1863989237/execute/async - {"script":"<script> [1562 bytes]","args":[{"selector":{"id":"requestContractNo","viewName":"etm.portal.ui.managerequests.view.Detail"},"wdio_ui5_key":"requestContractNoetmportal.ui.managerequests.view.Detail"}]}
RESULT: {"script":"<script> [1562 bytes]","args":[{"selector":{"id":"requestContractNo","viewName":"etm.portal.ui.managerequests.view.Detail"},"wdio_ui5_key":"requestContractNoetmportal.ui.managerequests.view.Detail"}]}
RESULT: undefined
COMMAND: POST /session/eacf8bccc3b349b538ac2f1863989237/element - {"using":"xpath","value":"//*[@id=\"__xmlview2--requestContractNo\"]"}
RESULT: {"using":"xpath","value":"//*[@id=\"__xmlview2--requestContractNo\"]"}
COMMAND: POST /session/eacf8bccc3b349b538ac2f1863989237/element/f.11D6377D86A94FC2ADAA7D32FFC9D30E.d.A70F4C6FEAA41002E44C00A9765775ED.e.5595/click - {}
RESULT: {}
COMMAND: POST /session/eacf8bccc3b349b538ac2f1863989237/execute/async - {"script":"<script> [1562 bytes]","args":[{"selector":{"controlType":"sap.m.Link","viewName":"etm.portal.ui.managerequests.view.Detail","properties":{"text":"Contract Overview"},"searchOpenDialogs":true},"wdio_ui5_key":"etmportal.ui.managerequests.view.Detailsap.m.Link{\"text\":\"Contract Overview\"}"}]}
COMMAND: GET /session/eacf8bccc3b349b538ac2f1863989237/screenshot - {}
RESULT: {"script":"<script> [1562 bytes]","args":[{"selector":{"controlType":"sap.m.Link","viewName":"etm.portal.ui.managerequests.view.Detail","properties":{"text":"Contract Overview"},"searchOpenDialogs":true},"wdio_ui5_key":"etmportal.ui.managerequests.view.Detailsap.m.Link{\"text\":\"Contract Overview\"}"}]}
RESULT: undefined
COMMAND: POST /session/eacf8bccc3b349b538ac2f1863989237/element - {"using":"xpath","value":"//*[@id=\"__link8\"]"}
RESULT: {}
RESULT: {"using":"xpath","value":"//*[@id=\"__link8\"]"}
COMMAND: POST /session/eacf8bccc3b349b538ac2f1863989237/element/f.11D6377D86A94FC2ADAA7D32FFC9D30E.d.A70F4C6FEAA41002E44C00A9765775ED.e.5597/click - {}
RESULT: {}
COMMAND: GET /session/eacf8bccc3b349b538ac2f1863989237/screenshot - {}
RESULT: {}
RESULT: undefined
COMMAND: POST /session/eacf8bccc3b349b538ac2f1863989237/element - {"using":"xpath","value":"//div[contains(@id ,\"headerBillingItemsTabFilter-text\")]"}
RESULT: {"using":"xpath","value":"//div[contains(@id ,\"headerBillingItemsTabFilter-text\")]"}
COMMAND: POST /session/eacf8bccc3b349b538ac2f1863989237/element/f.11D6377D86A94FC2ADAA7D32FFC9D30E.d.A70F4C6FEAA41002E44C00A9765775ED.e.5844/click - {}
RESULT: {}
COMMAND: GET /session/eacf8bccc3b349b538ac2f1863989237/screenshot - {}
RESULT: {}
COMMAND: POST /session/eacf8bccc3b349b538ac2f1863989237/execute/async - {"script":"<script> [1562 bytes]","args":[{"selector":{"id":"addRequestItemBtn","viewName":"etm.portal.ui.managecontracts.view.Detail","interaction":{"idSuffix":"BDI-content"}},"wdio_ui5_key":"addRequestItemBtnetmportal.ui.managecontracts.view.Detail"}]}
RESULT: {"script":"<script> [1562 bytes]","args":[{"selector":{"id":"addRequestItemBtn","viewName":"etm.portal.ui.managecontracts.view.Detail","interaction":{"idSuffix":"BDI-content"}},"wdio_ui5_key":"addRequestItemBtnetmportal.ui.managecontracts.view.Detail"}]}
RESULT: undefined
COMMAND: POST /session/eacf8bccc3b349b538ac2f1863989237/element - {"using":"xpath","value":"//*[@id=\"__xmlview4--addRequestItemBtn\"]"}
RESULT: {"using":"xpath","value":"//*[@id=\"__xmlview4--addRequestItemBtn\"]"}
COMMAND: POST /session/eacf8bccc3b349b538ac2f1863989237/element/f.11D6377D86A94FC2ADAA7D32FFC9D30E.d.A70F4C6FEAA41002E44C00A9765775ED.e.5712/click - {}
RESULT: {}
COMMAND: GET /session/eacf8bccc3b349b538ac2f1863989237/screenshot - {}
RESULT: {}
COMMAND: POST /session/eacf8bccc3b349b538ac2f1863989237/element - {"using":"xpath","value":"//div[contains(@id ,\"popupRequestTable-sa-CbBg\")]"}
RESULT: {"using":"xpath","value":"//div[contains(@id ,\"popupRequestTable-sa-CbBg\")]"}
COMMAND: POST /session/eacf8bccc3b349b538ac2f1863989237/element/f.11D6377D86A94FC2ADAA7D32FFC9D30E.d.A70F4C6FEAA41002E44C00A9765775ED.e.5869/click - {}
RESULT: {}
COMMAND: GET /session/eacf8bccc3b349b538ac2f1863989237/screenshot - {}
RESULT: {}
COMMAND: POST /session/eacf8bccc3b349b538ac2f1863989237/execute/async - {"script":"<script> [1562 bytes]","args":[{"selector":{"controlType":"sap.m.Button","viewName":"etm.portal.ui.managecontracts.view.Detail","i18NText":{"propertyName":"text","key":"selectionDone"},"searchOpenDialogs":true,"interaction":{"idSuffix":"content"}},"wdio_ui5_key":"etmportal.ui.managecontracts.view.Detailsap.m.Button{\"propertyName\":\"text\",\"key\":\"selectionDone\"}"}]}
RESULT: {"script":"<script> [1562 bytes]","args":[{"selector":{"controlType":"sap.m.Button","viewName":"etm.portal.ui.managecontracts.view.Detail","i18NText":{"propertyName":"text","key":"selectionDone"},"searchOpenDialogs":true,"interaction":{"idSuffix":"content"}},"wdio_ui5_key":"etmportal.ui.managecontracts.view.Detailsap.m.Button{\"propertyName\":\"text\",\"key\":\"selectionDone\"}"}]}
RESULT: undefined
COMMAND: POST /session/eacf8bccc3b349b538ac2f1863989237/element - {"using":"xpath","value":"//*[@id=\"__button65\"]"}
RESULT: {"using":"xpath","value":"//*[@id=\"__button65\"]"}
COMMAND: POST /session/eacf8bccc3b349b538ac2f1863989237/element/f.11D6377D86A94FC2ADAA7D32FFC9D30E.d.A70F4C6FEAA41002E44C00A9765775ED.e.5871/click - {}
RESULT: {}
COMMAND: POST /session/eacf8bccc3b349b538ac2f1863989237/execute/async - {"script":"<script> [1562 bytes]","args":[{"selector":{"controlType":"sap.m.Button","properties":{"text":"OK"},"searchOpenDialogs":true,"interaction":{"idSuffix":"inner"}},"wdio_ui5_key":"sapm.Button{\"text\":\"OK\"}"}]}
COMMAND: GET /session/eacf8bccc3b349b538ac2f1863989237/screenshot - {}
RESULT: {"script":"<script> [1562 bytes]","args":[{"selector":{"controlType":"sap.m.Button","properties":{"text":"OK"},"searchOpenDialogs":true,"interaction":{"idSuffix":"inner"}},"wdio_ui5_key":"sapm.Button{\"text\":\"OK\"}"}]}
RESULT: undefined
COMMAND: POST /session/eacf8bccc3b349b538ac2f1863989237/element - {"using":"xpath","value":"//*[@id=\"__mbox-btn-1\"]"}
RESULT: {}
RESULT: {"using":"xpath","value":"//*[@id=\"__mbox-btn-1\"]"}
COMMAND: POST /session/eacf8bccc3b349b538ac2f1863989237/element/f.11D6377D86A94FC2ADAA7D32FFC9D30E.d.A70F4C6FEAA41002E44C00A9765775ED.e.5872/click - {}
RESULT: {}
COMMAND: GET /session/eacf8bccc3b349b538ac2f1863989237/screenshot - {}
RESULT: {}
COMMAND: POST /session/eacf8bccc3b349b538ac2f1863989237/element - {"using":"xpath","value":"//div[contains(@id ,\"headerBillingItemsTabFilter-text\")]"}
RESULT: {"using":"xpath","value":"//div[contains(@id ,\"headerBillingItemsTabFilter-text\")]"}
COMMAND: POST /session/eacf8bccc3b349b538ac2f1863989237/element/f.11D6377D86A94FC2ADAA7D32FFC9D30E.d.A70F4C6FEAA41002E44C00A9765775ED.e.5844/click - {}
RESULT: {}
COMMAND: GET /session/eacf8bccc3b349b538ac2f1863989237/screenshot - {}
RESULT: {}
COMMAND: POST /session/eacf8bccc3b349b538ac2f1863989237/element - {"using":"xpath","value":"//button[contains(@data-kt ,\"refreshButton\")]"}
RESULT: {"using":"xpath","value":"//button[contains(@data-kt ,\"refreshButton\")]"}
COMMAND: POST /session/eacf8bccc3b349b538ac2f1863989237/element/f.11D6377D86A94FC2ADAA7D32FFC9D30E.d.A70F4C6FEAA41002E44C00A9765775ED.e.5709/click - {}
RESULT: {}
COMMAND: GET /session/eacf8bccc3b349b538ac2f1863989237/screenshot - {}
RESULT: {}
COMMAND: POST /session/eacf8bccc3b349b538ac2f1863989237/element - {"using":"xpath","value":"//div[contains(@id ,\"headerBillingItemsTabFilter-text\")]"}
RESULT: {"using":"xpath","value":"//div[contains(@id ,\"headerBillingItemsTabFilter-text\")]"}
COMMAND: POST /session/eacf8bccc3b349b538ac2f1863989237/element/f.11D6377D86A94FC2ADAA7D32FFC9D30E.d.A70F4C6FEAA41002E44C00A9765775ED.e.5844/click - {}
RESULT: {}
COMMAND: GET /session/eacf8bccc3b349b538ac2f1863989237/screenshot - {}
RESULT: {}
COMMAND: POST /session/eacf8bccc3b349b538ac2f1863989237/execute/async - {"script":"<script> [1562 bytes]","args":[{"selector":{"id":"contractDetailProvideButton","viewName":"etm.portal.ui.managecontracts.view.Detail","interaction":{"idSuffix":"BDI-content"}},"wdio_ui5_key":"contractDetailProvideButtonetmportal.ui.managecontracts.view.Detail"}]}
RESULT: {"script":"<script> [1562 bytes]","args":[{"selector":{"id":"contractDetailProvideButton","viewName":"etm.portal.ui.managecontracts.view.Detail","interaction":{"idSuffix":"BDI-content"}},"wdio_ui5_key":"contractDetailProvideButtonetmportal.ui.managecontracts.view.Detail"}]}
RESULT: undefined
COMMAND: POST /session/eacf8bccc3b349b538ac2f1863989237/element - {"using":"xpath","value":"//*[@id=\"__xmlview4--contractDetailProvideButton\"]"}
RESULT: {"using":"xpath","value":"//*[@id=\"__xmlview4--contractDetailProvideButton\"]"}
COMMAND: POST /session/eacf8bccc3b349b538ac2f1863989237/element/f.11D6377D86A94FC2ADAA7D32FFC9D30E.d.A70F4C6FEAA41002E44C00A9765775ED.e.5718/click - {}
RESULT: {}
COMMAND: GET /session/eacf8bccc3b349b538ac2f1863989237/screenshot - {}
RESULT: {}
COMMAND: POST /session/eacf8bccc3b349b538ac2f1863989237/execute/async - {"script":"<script> [1562 bytes]","args":[{"selector":{"id":"application-managehandovers-display-component---AddNewHO--pickUpCheckbox","interaction":{"idSuffix":"CbBg"}},"wdio_ui5_key":"applicationmanagehandovers-display-component---AddNewHO--pickUpCheckbox"}]}
RESULT: {"script":"<script> [1562 bytes]","args":[{"selector":{"id":"application-managehandovers-display-component---AddNewHO--pickUpCheckbox","interaction":{"idSuffix":"CbBg"}},"wdio_ui5_key":"applicationmanagehandovers-display-component---AddNewHO--pickUpCheckbox"}]}
RESULT: undefined
COMMAND: POST /session/eacf8bccc3b349b538ac2f1863989237/element - {"using":"xpath","value":"//*[@id=\"application-managehandovers-display-component---AddNewHO--pickUpCheckbox\"]"}
RESULT: {"using":"xpath","value":"//*[@id=\"application-managehandovers-display-component---AddNewHO--pickUpCheckbox\"]"}
COMMAND: POST /session/eacf8bccc3b349b538ac2f1863989237/element/f.11D6377D86A94FC2ADAA7D32FFC9D30E.d.A70F4C6FEAA41002E44C00A9765775ED.e.6059/click - {}
RESULT: {}
COMMAND: POST /session/eacf8bccc3b349b538ac2f1863989237/execute/async - {"script":"<script> [1562 bytes]","args":[{"selector":{"id":"application-managehandovers-display-component---AddNewHO--ObjectPageLayout-anchBar-application-managehandovers-display-component---AddNewHO--section4-anchor","interaction":{"idSuffix":"content"}},"wdio_ui5_key":"applicationmanagehandovers-display-component---AddNewHO--ObjectPageLayout-anchBar-application-managehandovers-display-component---AddNewHO--section4-anchor"}]}
COMMAND: GET /session/eacf8bccc3b349b538ac2f1863989237/screenshot - {}
RESULT: {"script":"<script> [1562 bytes]","args":[{"selector":{"id":"application-managehandovers-display-component---AddNewHO--ObjectPageLayout-anchBar-application-managehandovers-display-component---AddNewHO--section4-anchor","interaction":{"idSuffix":"content"}},"wdio_ui5_key":"applicationmanagehandovers-display-component---AddNewHO--ObjectPageLayout-anchBar-application-managehandovers-display-component---AddNewHO--section4-anchor"}]}
RESULT: undefined
COMMAND: POST /session/eacf8bccc3b349b538ac2f1863989237/element - {"using":"xpath","value":"//*[@id=\"application-managehandovers-display-component---AddNewHO--ObjectPageLayout-anchBar-application-managehandovers-display-component---AddNewHO--section4-anchor\"]"}
RESULT: {}
RESULT: {"using":"xpath","value":"//*[@id=\"application-managehandovers-display-component---AddNewHO--ObjectPageLayout-anchBar-application-managehandovers-display-component---AddNewHO--section4-anchor\"]"}
COMMAND: POST /session/eacf8bccc3b349b538ac2f1863989237/element/f.11D6377D86A94FC2ADAA7D32FFC9D30E.d.A70F4C6FEAA41002E44C00A9765775ED.e.6063/click - {}
RESULT: {}
COMMAND: POST /session/eacf8bccc3b349b538ac2f1863989237/execute/async - {"script":"<script> [1562 bytes]","args":[{"selector":{"controlType":"sap.m.Button","viewName":"etm.portal.ui.managehandovers.view.AddNewHO","viewId":"application-managehandovers-display-component---AddNewHO","i18NText":{"propertyName":"tooltip","key":"addItems"},"interaction":{"idSuffix":"inner"}},"wdio_ui5_key":"etmportal.ui.managehandovers.view.AddNewHOsap.m.Button{\"propertyName\":\"tooltip\",\"key\":\"addItems\"}"}]}
COMMAND: GET /session/eacf8bccc3b349b538ac2f1863989237/screenshot - {}
RESULT: {"script":"<script> [1562 bytes]","args":[{"selector":{"controlType":"sap.m.Button","viewName":"etm.portal.ui.managehandovers.view.AddNewHO","viewId":"application-managehandovers-display-component---AddNewHO","i18NText":{"propertyName":"tooltip","key":"addItems"},"interaction":{"idSuffix":"inner"}},"wdio_ui5_key":"etmportal.ui.managehandovers.view.AddNewHOsap.m.Button{\"propertyName\":\"tooltip\",\"key\":\"addItems\"}"}]}
RESULT: undefined
COMMAND: POST /session/eacf8bccc3b349b538ac2f1863989237/element - {"using":"xpath","value":"//*[@id=\"__button82\"]"}
RESULT: {}
RESULT: {"using":"xpath","value":"//*[@id=\"__button82\"]"}
COMMAND: POST /session/eacf8bccc3b349b538ac2f1863989237/element/f.11D6377D86A94FC2ADAA7D32FFC9D30E.d.A70F4C6FEAA41002E44C00A9765775ED.e.6067/click - {}
RESULT: {}
COMMAND: POST /session/eacf8bccc3b349b538ac2f1863989237/execute/async - {"script":"<script> [1562 bytes]","args":[{"selector":{"id":"application-managehandovers-display-component---AddNewHO--smartTableHOPopup-header","searchOpenDialogs":true},"wdio_ui5_key":"applicationmanagehandovers-display-component---AddNewHO--smartTableHOPopup-header"}]}
COMMAND: GET /session/eacf8bccc3b349b538ac2f1863989237/screenshot - {}
RESULT: {"script":"<script> [1562 bytes]","args":[{"selector":{"id":"application-managehandovers-display-component---AddNewHO--smartTableHOPopup-header","searchOpenDialogs":true},"wdio_ui5_key":"applicationmanagehandovers-display-component---AddNewHO--smartTableHOPopup-header"}]}
RESULT: undefined
COMMAND: POST /session/eacf8bccc3b349b538ac2f1863989237/execute/async - {"script":"<script> [6424 bytes]","args":[{"element-6066-11e4-a52e-4f735466cecf":"f.11D6377D86A94FC2ADAA7D32FFC9D30E.d.A70F4C6FEAA41002E44C00A9765775ED.e.6076"},"getText",[]]}
RESULT: {}
RESULT: {"script":"<script> [6424 bytes]","args":[{"element-6066-11e4-a52e-4f735466cecf":"f.11D6377D86A94FC2ADAA7D32FFC9D30E.d.A70F4C6FEAA41002E44C00A9765775ED.e.6076"},"getText",[]]}
COMMAND: POST /session/eacf8bccc3b349b538ac2f1863989237/actions - {"actions":[{"id":"action40","type":"key","parameters":{},"actions":[{"type":"keyDown","value":""},{"type":"pause","duration":10},{"type":"keyUp","value":""}]}]}
RESULT: {"actions":[{"id":"action40","type":"key","parameters":{},"actions":[{"type":"keyDown","value":""},{"type":"pause","duration":10},{"type":"keyUp","value":""}]}]}
COMMAND: GET /session/eacf8bccc3b349b538ac2f1863989237/screenshot - {}
RESULT: {}
COMMAND: POST /session/eacf8bccc3b349b538ac2f1863989237/execute/async - {"script":"<script> [1562 bytes]","args":[{"selector":{"id":"backBtn"},"wdio_ui5_key":"backBtn"}]}
RESULT: {"script":"<script> [1562 bytes]","args":[{"selector":{"id":"backBtn"},"wdio_ui5_key":"backBtn"}]}
RESULT: undefined
COMMAND: POST /session/eacf8bccc3b349b538ac2f1863989237/element - {"using":"xpath","value":"//*[@id=\"backBtn\"]"}
RESULT: {"using":"xpath","value":"//*[@id=\"backBtn\"]"}
COMMAND: POST /session/eacf8bccc3b349b538ac2f1863989237/element/f.11D6377D86A94FC2ADAA7D32FFC9D30E.d.A70F4C6FEAA41002E44C00A9765775ED.e.6078/click - {}
RESULT: {}
COMMAND: GET /session/eacf8bccc3b349b538ac2f1863989237/screenshot - {}
COMMAND: POST /session/eacf8bccc3b349b538ac2f1863989237/refresh - {}
RESULT: {}
RESULT: {}
COMMAND: GET /session/eacf8bccc3b349b538ac2f1863989237/screenshot - {}
RESULT: {}
RESULT: undefined
RESULT: undefined
COMMAND: POST /session/eacf8bccc3b349b538ac2f1863989237/execute/async - {"script":"<script> [189 bytes]","args":[]}
RESULT: {"script":"<script> [189 bytes]","args":[]}
COMMAND: POST /session/eacf8bccc3b349b538ac2f1863989237/execute/async - {"script":"<script> [123 bytes]","args":[]}
RESULT: {"script":"<script> [123 bytes]","args":[]}
COMMAND: POST /session/eacf8bccc3b349b538ac2f1863989237/timeouts - {"script":"<number>"}
RESULT: {"script":"<number>"}
COMMAND: GET /session/eacf8bccc3b349b538ac2f1863989237/timeouts - {}
RESULT: {}
RESULT: undefined
COMMAND: POST /session/eacf8bccc3b349b538ac2f1863989237/execute/async - {"script":"<script> [2676 bytes]","args":[]}
RESULT: {"script":"<script> [2676 bytes]","args":[]}
COMMAND: POST /session/eacf8bccc3b349b538ac2f1863989237/execute/async - {"script":"<script> [2342 bytes]","args":[{"protocol":"http","hostname":"0.0.0.0","path":"/","capabilities":{"browserName":"chrome","goog:chromeOptions":{"binary":"C:\\Program Files\\Google\\Chrome\\Application\\chrome.exe","args":["--start-maximized"]}},"logLevel":"warn","connectionRetryTimeout":120000,"connectionRetryCount":3,"logLevels":{},"enableDirectConnect":true,"strictSSL":true,"_":"65 more keys: [\"cacheDir\",\"port\",\"requestedCapabilities\",\"automationProtocol\",\"baseUrl\",\"waitforInterval\",\"waitforTimeout\",\"onReload\",\"beforeCommand\",\"afterCommand\",\"rootDir\",\"specs\",\"suites\",\"exclude\",\"groupLogsByTestSpec\",\"excludeDriverLogs\",\"bail\",\"framework\",\"reporters\",\"services\",\"maxInstances\",\"maxInstancesPerCapability\",\"injectGlobals\",\"filesToWatch\",\"execArgv\",\"runnerEnv\",\"runner\",\"shard\",\"specFileRetries\",\"specFileRetriesDelay\",\"specFileRetriesDeferred\",\"reporterSyncInterval\",\"reporterSyncTimeout\",\"cucumberFeaturesWithLineNumbers\",\"autoCompileOpts\",\"mochaOpts\",\"jasmineOpts\",\"cucumberOpts\",\"onPrepare\",\"onWorkerStart\",\"onWorkerEnd\",\"before\",\"beforeSession\",\"beforeSuite\",\"beforeHook\",\"beforeTest\",\"afterTest\",\"afterHook\",\"afterSuite\",\"afterSession\",\"after\",\"onComplete\",\"beforeAssertion\",\"afterAssertion\",\"beforeFeature\",\"beforeScenario\",\"beforeStep\",\"afterStep\",\"afterScenario\",\"afterFeature\",\"_\",\"suite\",\"$0\",\"ignoredWorkerServices\",\"wdi5\"]"}]}
RESULT: {"script":"<script> [2342 bytes]","args":[{"protocol":"http","hostname":"0.0.0.0","path":"/","capabilities":{"browserName":"chrome","goog:chromeOptions":{"binary":"C:\\Program Files\\Google\\Chrome\\Application\\chrome.exe","args":["--start-maximized"]}},"logLevel":"warn","connectionRetryTimeout":120000,"connectionRetryCount":3,"logLevels":{},"enableDirectConnect":true,"strictSSL":true,"_":"65 more keys: [\"cacheDir\",\"port\",\"requestedCapabilities\",\"automationProtocol\",\"baseUrl\",\"waitforInterval\",\"waitforTimeout\",\"onReload\",\"beforeCommand\",\"afterCommand\",\"rootDir\",\"specs\",\"suites\",\"exclude\",\"groupLogsByTestSpec\",\"excludeDriverLogs\",\"bail\",\"framework\",\"reporters\",\"services\",\"maxInstances\",\"maxInstancesPerCapability\",\"injectGlobals\",\"filesToWatch\",\"execArgv\",\"runnerEnv\",\"runner\",\"shard\",\"specFileRetries\",\"specFileRetriesDelay\",\"specFileRetriesDeferred\",\"reporterSyncInterval\",\"reporterSyncTimeout\",\"cucumberFeaturesWithLineNumbers\",\"autoCompileOpts\",\"mochaOpts\",\"jasmineOpts\",\"cucumberOpts\",\"onPrepare\",\"onWorkerStart\",\"onWorkerEnd\",\"before\",\"beforeSession\",\"beforeSuite\",\"beforeHook\",\"beforeTest\",\"afterTest\",\"afterHook\",\"afterSuite\",\"afterSession\",\"after\",\"onComplete\",\"beforeAssertion\",\"afterAssertion\",\"beforeFeature\",\"beforeScenario\",\"beforeStep\",\"afterStep\",\"afterScenario\",\"afterFeature\",\"_\",\"suite\",\"$0\",\"ignoredWorkerServices\",\"wdi5\"]"}]}
COMMAND: POST /session/eacf8bccc3b349b538ac2f1863989237/execute/async - {"script":"<script> [21126 bytes]","args":[35000]}
RESULT: {"script":"<script> [21126 bytes]","args":[35000]}
COMMAND: POST /session/eacf8bccc3b349b538ac2f1863989237/element - {"using":"xpath","value":"//div[contains(@id ,\"headerBillingItemsTabFilter-text\")]"}
RESULT: {"using":"xpath","value":"//div[contains(@id ,\"headerBillingItemsTabFilter-text\")]"}
COMMAND: POST /session/eacf8bccc3b349b538ac2f1863989237/element/f.11D6377D86A94FC2ADAA7D32FFC9D30E.d.9FF9B34ABF94BBFA48DC8655BADCD954.e.6314/click - {}
RESULT: {}
COMMAND: GET /session/eacf8bccc3b349b538ac2f1863989237/screenshot - {}
RESULT: {}
COMMAND: POST /session/eacf8bccc3b349b538ac2f1863989237/execute/async - {"script":"<script> [1562 bytes]","args":[{"selector":{"id":"revertPlanningBtn","viewName":"etm.portal.ui.managecontracts.view.Detail","interaction":{"idSuffix":"BDI-content"}},"wdio_ui5_key":"revertPlanningBtnetmportal.ui.managecontracts.view.Detail"}]}
RESULT: {"script":"<script> [1562 bytes]","args":[{"selector":{"id":"revertPlanningBtn","viewName":"etm.portal.ui.managecontracts.view.Detail","interaction":{"idSuffix":"BDI-content"}},"wdio_ui5_key":"revertPlanningBtnetmportal.ui.managecontracts.view.Detail"}]}
RESULT: undefined
COMMAND: POST /session/eacf8bccc3b349b538ac2f1863989237/element - {"using":"xpath","value":"//*[@id=\"__xmlview1--revertPlanningBtn\"]"}
RESULT: {"using":"xpath","value":"//*[@id=\"__xmlview1--revertPlanningBtn\"]"}
COMMAND: POST /session/eacf8bccc3b349b538ac2f1863989237/element/f.11D6377D86A94FC2ADAA7D32FFC9D30E.d.9FF9B34ABF94BBFA48DC8655BADCD954.e.6321/click - {}
RESULT: {}
COMMAND: GET /session/eacf8bccc3b349b538ac2f1863989237/screenshot - {}
RESULT: {}
COMMAND: POST /session/eacf8bccc3b349b538ac2f1863989237/actions - {"actions":[{"id":"action41","type":"key","parameters":{},"actions":[{"type":"keyDown","value":""},{"type":"pause","duration":10},{"type":"keyUp","value":""}]}]}
RESULT: {"actions":[{"id":"action41","type":"key","parameters":{},"actions":[{"type":"keyDown","value":""},{"type":"pause","duration":10},{"type":"keyUp","value":""}]}]}
COMMAND: GET /session/eacf8bccc3b349b538ac2f1863989237/screenshot - {}
RESULT: {}
COMMAND: POST /session/eacf8bccc3b349b538ac2f1863989237/element - {"using":"xpath","value":"//div[contains(@id ,\"ProductsTable-sa-CbBg\")]"}
RESULT: {"using":"xpath","value":"//div[contains(@id ,\"ProductsTable-sa-CbBg\")]"}
COMMAND: POST /session/eacf8bccc3b349b538ac2f1863989237/element/f.11D6377D86A94FC2ADAA7D32FFC9D30E.d.9FF9B34ABF94BBFA48DC8655BADCD954.e.6382/click - {}
RESULT: {}
COMMAND: GET /session/eacf8bccc3b349b538ac2f1863989237/screenshot - {}
RESULT: {}
COMMAND: POST /session/eacf8bccc3b349b538ac2f1863989237/execute/async - {"script":"<script> [1562 bytes]","args":[{"selector":{"id":"executeRevertPlanningBtn","viewName":"etm.portal.ui.managecontracts.view.Detail","interaction":{"idSuffix":"BDI-content"}},"wdio_ui5_key":"executeRevertPlanningBtnetmportal.ui.managecontracts.view.Detail"}]}
RESULT: {"script":"<script> [1562 bytes]","args":[{"selector":{"id":"executeRevertPlanningBtn","viewName":"etm.portal.ui.managecontracts.view.Detail","interaction":{"idSuffix":"BDI-content"}},"wdio_ui5_key":"executeRevertPlanningBtnetmportal.ui.managecontracts.view.Detail"}]}
RESULT: undefined
COMMAND: POST /session/eacf8bccc3b349b538ac2f1863989237/element - {"using":"xpath","value":"//*[@id=\"__xmlview1--executeRevertPlanningBtn\"]"}
RESULT: {"using":"xpath","value":"//*[@id=\"__xmlview1--executeRevertPlanningBtn\"]"}
COMMAND: POST /session/eacf8bccc3b349b538ac2f1863989237/element/f.11D6377D86A94FC2ADAA7D32FFC9D30E.d.9FF9B34ABF94BBFA48DC8655BADCD954.e.6373/click - {}
RESULT: {}
COMMAND: GET /session/eacf8bccc3b349b538ac2f1863989237/screenshot - {}
RESULT: {}
COMMAND: POST /session/eacf8bccc3b349b538ac2f1863989237/actions - {"actions":[{"id":"action42","type":"key","parameters":{},"actions":[{"type":"keyDown","value":""},{"type":"pause","duration":10},{"type":"keyUp","value":""}]}]}
RESULT: {"actions":[{"id":"action42","type":"key","parameters":{},"actions":[{"type":"keyDown","value":""},{"type":"pause","duration":10},{"type":"keyUp","value":""}]}]}
COMMAND: POST /session/eacf8bccc3b349b538ac2f1863989237/execute/async - {"script":"<script> [1562 bytes]","args":[{"selector":{"id":"backBtn"},"wdio_ui5_key":"backBtn"}]}
COMMAND: GET /session/eacf8bccc3b349b538ac2f1863989237/screenshot - {}
RESULT: {"script":"<script> [1562 bytes]","args":[{"selector":{"id":"backBtn"},"wdio_ui5_key":"backBtn"}]}
RESULT: undefined
COMMAND: POST /session/eacf8bccc3b349b538ac2f1863989237/element - {"using":"xpath","value":"//*[@id=\"backBtn\"]"}
RESULT: {}
RESULT: {"using":"xpath","value":"//*[@id=\"backBtn\"]"}
COMMAND: POST /session/eacf8bccc3b349b538ac2f1863989237/element/f.11D6377D86A94FC2ADAA7D32FFC9D30E.d.9FF9B34ABF94BBFA48DC8655BADCD954.e.6404/click - {}
RESULT: {}
COMMAND: GET /session/eacf8bccc3b349b538ac2f1863989237/screenshot - {}
RESULT: {}
COMMAND: POST /session/eacf8bccc3b349b538ac2f1863989237/refresh - {}
RESULT: {}
COMMAND: GET /session/eacf8bccc3b349b538ac2f1863989237/screenshot - {}
RESULT: {}
COMMAND: POST /session/eacf8bccc3b349b538ac2f1863989237/execute/async - {"script":"<script> [189 bytes]","args":[]}
RESULT: {"script":"<script> [189 bytes]","args":[]}
COMMAND: POST /session/eacf8bccc3b349b538ac2f1863989237/execute/async - {"script":"<script> [123 bytes]","args":[]}
RESULT: {"script":"<script> [123 bytes]","args":[]}
COMMAND: POST /session/eacf8bccc3b349b538ac2f1863989237/timeouts - {"script":"<number>"}
RESULT: {"script":"<number>"}
COMMAND: GET /session/eacf8bccc3b349b538ac2f1863989237/timeouts - {}
RESULT: {}
RESULT: undefined
COMMAND: POST /session/eacf8bccc3b349b538ac2f1863989237/execute/async - {"script":"<script> [2676 bytes]","args":[]}
RESULT: {"script":"<script> [2676 bytes]","args":[]}
COMMAND: POST /session/eacf8bccc3b349b538ac2f1863989237/execute/async - {"script":"<script> [2342 bytes]","args":[{"protocol":"http","hostname":"0.0.0.0","path":"/","capabilities":{"browserName":"chrome","goog:chromeOptions":{"binary":"C:\\Program Files\\Google\\Chrome\\Application\\chrome.exe","args":["--start-maximized"]}},"logLevel":"warn","connectionRetryTimeout":120000,"connectionRetryCount":3,"logLevels":{},"enableDirectConnect":true,"strictSSL":true,"_":"65 more keys: [\"cacheDir\",\"port\",\"requestedCapabilities\",\"automationProtocol\",\"baseUrl\",\"waitforInterval\",\"waitforTimeout\",\"onReload\",\"beforeCommand\",\"afterCommand\",\"rootDir\",\"specs\",\"suites\",\"exclude\",\"groupLogsByTestSpec\",\"excludeDriverLogs\",\"bail\",\"framework\",\"reporters\",\"services\",\"maxInstances\",\"maxInstancesPerCapability\",\"injectGlobals\",\"filesToWatch\",\"execArgv\",\"runnerEnv\",\"runner\",\"shard\",\"specFileRetries\",\"specFileRetriesDelay\",\"specFileRetriesDeferred\",\"reporterSyncInterval\",\"reporterSyncTimeout\",\"cucumberFeaturesWithLineNumbers\",\"autoCompileOpts\",\"mochaOpts\",\"jasmineOpts\",\"cucumberOpts\",\"onPrepare\",\"onWorkerStart\",\"onWorkerEnd\",\"before\",\"beforeSession\",\"beforeSuite\",\"beforeHook\",\"beforeTest\",\"afterTest\",\"afterHook\",\"afterSuite\",\"afterSession\",\"after\",\"onComplete\",\"beforeAssertion\",\"afterAssertion\",\"beforeFeature\",\"beforeScenario\",\"beforeStep\",\"afterStep\",\"afterScenario\",\"afterFeature\",\"_\",\"suite\",\"$0\",\"ignoredWorkerServices\",\"wdi5\"]"}]}
RESULT: {"script":"<script> [2342 bytes]","args":[{"protocol":"http","hostname":"0.0.0.0","path":"/","capabilities":{"browserName":"chrome","goog:chromeOptions":{"binary":"C:\\Program Files\\Google\\Chrome\\Application\\chrome.exe","args":["--start-maximized"]}},"logLevel":"warn","connectionRetryTimeout":120000,"connectionRetryCount":3,"logLevels":{},"enableDirectConnect":true,"strictSSL":true,"_":"65 more keys: [\"cacheDir\",\"port\",\"requestedCapabilities\",\"automationProtocol\",\"baseUrl\",\"waitforInterval\",\"waitforTimeout\",\"onReload\",\"beforeCommand\",\"afterCommand\",\"rootDir\",\"specs\",\"suites\",\"exclude\",\"groupLogsByTestSpec\",\"excludeDriverLogs\",\"bail\",\"framework\",\"reporters\",\"services\",\"maxInstances\",\"maxInstancesPerCapability\",\"injectGlobals\",\"filesToWatch\",\"execArgv\",\"runnerEnv\",\"runner\",\"shard\",\"specFileRetries\",\"specFileRetriesDelay\",\"specFileRetriesDeferred\",\"reporterSyncInterval\",\"reporterSyncTimeout\",\"cucumberFeaturesWithLineNumbers\",\"autoCompileOpts\",\"mochaOpts\",\"jasmineOpts\",\"cucumberOpts\",\"onPrepare\",\"onWorkerStart\",\"onWorkerEnd\",\"before\",\"beforeSession\",\"beforeSuite\",\"beforeHook\",\"beforeTest\",\"afterTest\",\"afterHook\",\"afterSuite\",\"afterSession\",\"after\",\"onComplete\",\"beforeAssertion\",\"afterAssertion\",\"beforeFeature\",\"beforeScenario\",\"beforeStep\",\"afterStep\",\"afterScenario\",\"afterFeature\",\"_\",\"suite\",\"$0\",\"ignoredWorkerServices\",\"wdi5\"]"}]}
COMMAND: POST /session/eacf8bccc3b349b538ac2f1863989237/execute/async - {"script":"<script> [21126 bytes]","args":[35000]}
RESULT: {"script":"<script> [21126 bytes]","args":[35000]}
COMMAND: POST /session/eacf8bccc3b349b538ac2f1863989237/execute/async - {"script":"<script> [1562 bytes]","args":[{"selector":{"controlType":"sap.m.ObjectStatus","viewName":"etm.portal.ui.managerequests.view.Detail","bindingPath":{"path":"/RequestHeaders('20239')","propertyPath":"LINK_TO_STATUS/DESCRIPTION","modelName":"catalogModel"}},"wdio_ui5_key":"etmportal.ui.managerequests.view.Detailsap.m.ObjectStatus{\"path\":\"/RequestHeaders('20239')\",\"propertyPath\":\"LINK_TO_STATUS/DESCRIPTION\",\"modelName\":\"catalogModel\"}"}]}
RESULT: {"script":"<script> [1562 bytes]","args":[{"selector":{"controlType":"sap.m.ObjectStatus","viewName":"etm.portal.ui.managerequests.view.Detail","bindingPath":{"path":"/RequestHeaders('20239')","propertyPath":"LINK_TO_STATUS/DESCRIPTION","modelName":"catalogModel"}},"wdio_ui5_key":"etmportal.ui.managerequests.view.Detailsap.m.ObjectStatus{\"path\":\"/RequestHeaders('20239')\",\"propertyPath\":\"LINK_TO_STATUS/DESCRIPTION\",\"modelName\":\"catalogModel\"}"}]}
RESULT: undefined
COMMAND: POST /session/eacf8bccc3b349b538ac2f1863989237/execute/async - {"script":"<script> [6424 bytes]","args":[{"element-6066-11e4-a52e-4f735466cecf":"f.11D6377D86A94FC2ADAA7D32FFC9D30E.d.354E3C335109413B8BD196D8CFD25802.e.6871"},"getText",[]]}
RESULT: {"script":"<script> [6424 bytes]","args":[{"element-6066-11e4-a52e-4f735466cecf":"f.11D6377D86A94FC2ADAA7D32FFC9D30E.d.354E3C335109413B8BD196D8CFD25802.e.6871"},"getText",[]]}
COMMAND: POST /session/eacf8bccc3b349b538ac2f1863989237/execute/async - {"script":"<script> [1562 bytes]","args":[{"selector":{"controlType":"sap.m.Button","viewName":"etm.portal.ui.managerequests.view.Detail","bindingPath":{"path":"/SmartRequestItemsPlanningBoard(ITEM=10m,REQUEST='20239')","propertyPath":"PICK_UP"}},"wdio_ui5_key":"etmportal.ui.managerequests.view.Detailsap.m.Button{\"path\":\"/SmartRequestItemsPlanningBoard(ITEM=10m,REQUEST='20239')\",\"propertyPath\":\"PICK_UP\"}"}]}
RESULT: {"script":"<script> [1562 bytes]","args":[{"selector":{"controlType":"sap.m.Button","viewName":"etm.portal.ui.managerequests.view.Detail","bindingPath":{"path":"/SmartRequestItemsPlanningBoard(ITEM=10m,REQUEST='20239')","propertyPath":"PICK_UP"}},"wdio_ui5_key":"etmportal.ui.managerequests.view.Detailsap.m.Button{\"path\":\"/SmartRequestItemsPlanningBoard(ITEM=10m,REQUEST='20239')\",\"propertyPath\":\"PICK_UP\"}"}]}
RESULT: undefined
COMMAND: POST /session/eacf8bccc3b349b538ac2f1863989237/execute/async - {"script":"<script> [6424 bytes]","args":[{"element-6066-11e4-a52e-4f735466cecf":"f.11D6377D86A94FC2ADAA7D32FFC9D30E.d.354E3C335109413B8BD196D8CFD25802.e.6855"},"getType",[]]}
RESULT: {"script":"<script> [6424 bytes]","args":[{"element-6066-11e4-a52e-4f735466cecf":"f.11D6377D86A94FC2ADAA7D32FFC9D30E.d.354E3C335109413B8BD196D8CFD25802.e.6855"},"getType",[]]}
COMMAND: POST /session/eacf8bccc3b349b538ac2f1863989237/execute/async - {"script":"<script> [1562 bytes]","args":[{"selector":{"controlType":"sap.m.Button","viewName":"etm.portal.ui.managerequests.view.Detail","bindingPath":{"path":"/SmartRequestItemsPlanningBoard(ITEM=20m,REQUEST='20239')","propertyPath":"PICK_UP"}},"wdio_ui5_key":"etmportal.ui.managerequests.view.Detailsap.m.Button{\"path\":\"/SmartRequestItemsPlanningBoard(ITEM=20m,REQUEST='20239')\",\"propertyPath\":\"PICK_UP\"}"}]}
RESULT: {"script":"<script> [1562 bytes]","args":[{"selector":{"controlType":"sap.m.Button","viewName":"etm.portal.ui.managerequests.view.Detail","bindingPath":{"path":"/SmartRequestItemsPlanningBoard(ITEM=20m,REQUEST='20239')","propertyPath":"PICK_UP"}},"wdio_ui5_key":"etmportal.ui.managerequests.view.Detailsap.m.Button{\"path\":\"/SmartRequestItemsPlanningBoard(ITEM=20m,REQUEST='20239')\",\"propertyPath\":\"PICK_UP\"}"}]}
RESULT: undefined
COMMAND: POST /session/eacf8bccc3b349b538ac2f1863989237/execute/async - {"script":"<script> [6424 bytes]","args":[{"element-6066-11e4-a52e-4f735466cecf":"f.11D6377D86A94FC2ADAA7D32FFC9D30E.d.354E3C335109413B8BD196D8CFD25802.e.6872"},"getType",[]]}
RESULT: {"script":"<script> [6424 bytes]","args":[{"element-6066-11e4-a52e-4f735466cecf":"f.11D6377D86A94FC2ADAA7D32FFC9D30E.d.354E3C335109413B8BD196D8CFD25802.e.6872"},"getType",[]]}
COMMAND: POST /session/eacf8bccc3b349b538ac2f1863989237/element - {"using":"css selector","value":"#shell-header-logo"}
RESULT: {"using":"css selector","value":"#shell-header-logo"}
COMMAND: POST /session/eacf8bccc3b349b538ac2f1863989237/element/f.11D6377D86A94FC2ADAA7D32FFC9D30E.d.354E3C335109413B8BD196D8CFD25802.e.6660/click - {}
RESULT: {}
COMMAND: GET /session/eacf8bccc3b349b538ac2f1863989237/screenshot - {}
RESULT: {}
COMMAND: POST /session/eacf8bccc3b349b538ac2f1863989237/execute/async - {"script":"<script> [1562 bytes]","args":[{"selector":{"controlType":"sap.m.GenericTile","properties":{"header":"Manage Classifications"}},"wdio_ui5_key":"sapm.GenericTile{\"header\":\"Manage Classifications\"}"}]}
RESULT: {"script":"<script> [1562 bytes]","args":[{"selector":{"controlType":"sap.m.GenericTile","properties":{"header":"Manage Classifications"}},"wdio_ui5_key":"sapm.GenericTile{\"header\":\"Manage Classifications\"}"}]}
RESULT: undefined
COMMAND: POST /session/eacf8bccc3b349b538ac2f1863989237/element - {"using":"xpath","value":"//*[@id=\"__tile115\"]"}
RESULT: {"using":"xpath","value":"//*[@id=\"__tile115\"]"}
COMMAND: POST /session/eacf8bccc3b349b538ac2f1863989237/element/f.11D6377D86A94FC2ADAA7D32FFC9D30E.d.354E3C335109413B8BD196D8CFD25802.e.6886/click - {}
RESULT: {}
COMMAND: GET /session/eacf8bccc3b349b538ac2f1863989237/screenshot - {}
RESULT: {}
]]></system-out>
    </testcase>
  </testsuite>
  <testsuite timestamp="2025-04-17T15:57:53" time="309.538" tests="4" failures="0" errors="0" skipped="0">
    <properties>
      <property name="specId" value="0"/>
      <property name="suiteName" value="Manage requests - requests specifications US141095"/>
      <property name="capabilities" value="chrome.135_0_7049_42.windows"/>
      <property name="file" value="file:///D:/a/1/s/test/specs/R2C/manage-requests-request-specifications.spec.js"/>
    </properties>
    <testcase classname="chrome.135_0_7049_42.windows.Manage_requests_-_requests_specifications_US141095" name="Should create a new classification of type request item" time="39.332">
      <system-out><![CDATA[
COMMAND: POST /session/eacf8bccc3b349b538ac2f1863989237/execute/async - {"script":"<script> [1562 bytes]","args":[{"selector":{"controlType":"sap.ui.core.Icon","viewName":"etm.portal.ui.manageclassifications.view.Master","viewId":"application-manageclassifications-display-component---classificationMaster","properties":{"src":{"regex":{"source":"add"}}}},"wdio_ui5_key":"etmportal.ui.manageclassifications.view.Mastersap.ui.core.Icon{\"src\":{\"regex\":{\"source\":\"add\"}}}"}]}
RESULT: {"script":"<script> [1562 bytes]","args":[{"selector":{"controlType":"sap.ui.core.Icon","viewName":"etm.portal.ui.manageclassifications.view.Master","viewId":"application-manageclassifications-display-component---classificationMaster","properties":{"src":{"regex":{"source":"add"}}}},"wdio_ui5_key":"etmportal.ui.manageclassifications.view.Mastersap.ui.core.Icon{\"src\":{\"regex\":{\"source\":\"add\"}}}"}]}
RESULT: undefined
COMMAND: POST /session/eacf8bccc3b349b538ac2f1863989237/element - {"using":"xpath","value":"//*[@id=\"__button27-img\"]"}
RESULT: {"using":"xpath","value":"//*[@id=\"__button27-img\"]"}
COMMAND: POST /session/eacf8bccc3b349b538ac2f1863989237/element/f.11D6377D86A94FC2ADAA7D32FFC9D30E.d.354E3C335109413B8BD196D8CFD25802.e.6923/click - {}
RESULT: {}
COMMAND: POST /session/eacf8bccc3b349b538ac2f1863989237/execute/async - {"script":"<script> [1562 bytes]","args":[{"selector":{"id":"application-manageclassifications-display-component---classificationCreate--classHeaderName","interaction":{"idSuffix":"inner"}},"wdio_ui5_key":"applicationmanageclassifications-display-component---classificationCreate--classHeaderName"}]}
COMMAND: GET /session/eacf8bccc3b349b538ac2f1863989237/screenshot - {}
RESULT: {"script":"<script> [1562 bytes]","args":[{"selector":{"id":"application-manageclassifications-display-component---classificationCreate--classHeaderName","interaction":{"idSuffix":"inner"}},"wdio_ui5_key":"applicationmanageclassifications-display-component---classificationCreate--classHeaderName"}]}
RESULT: undefined
COMMAND: POST /session/eacf8bccc3b349b538ac2f1863989237/execute/async - {"script":"<script> [776 bytes]","args":[{"enterText":"WebdriverItemClassonexf","selector":{"id":"application-manageclassifications-display-component---classificationCreate--classHeaderName","interaction":{"idSuffix":"inner"}},"clearTextFirst":true,"interactionType":"ENTER_TEXT"}]}
RESULT: {}
RESULT: {"script":"<script> [776 bytes]","args":[{"enterText":"WebdriverItemClassonexf","selector":{"id":"application-manageclassifications-display-component---classificationCreate--classHeaderName","interaction":{"idSuffix":"inner"}},"clearTextFirst":true,"interactionType":"ENTER_TEXT"}]}
COMMAND: POST /session/eacf8bccc3b349b538ac2f1863989237/execute/async - {"script":"<script> [1562 bytes]","args":[{"selector":{"controlType":"sap.ui.core.Icon","viewName":"etm.portal.ui.manageclassifications.view.Create","viewId":"application-manageclassifications-display-component---classificationCreate","properties":{"src":{"regex":{"source":"slim\\-arrow\\-down"}}}},"wdio_ui5_key":"etmportal.ui.manageclassifications.view.Createsap.ui.core.Icon{\"src\":{\"regex\":{\"source\":\"slim\\\\-arrow\\\\-down\"}}}"}]}
RESULT: {"script":"<script> [1562 bytes]","args":[{"selector":{"controlType":"sap.ui.core.Icon","viewName":"etm.portal.ui.manageclassifications.view.Create","viewId":"application-manageclassifications-display-component---classificationCreate","properties":{"src":{"regex":{"source":"slim\\-arrow\\-down"}}}},"wdio_ui5_key":"etmportal.ui.manageclassifications.view.Createsap.ui.core.Icon{\"src\":{\"regex\":{\"source\":\"slim\\\\-arrow\\\\-down\"}}}"}]}
RESULT: undefined
COMMAND: POST /session/eacf8bccc3b349b538ac2f1863989237/element - {"using":"xpath","value":"//*[@id=\"__box12-arrow\"]"}
RESULT: {"using":"xpath","value":"//*[@id=\"__box12-arrow\"]"}
COMMAND: POST /session/eacf8bccc3b349b538ac2f1863989237/element/f.11D6377D86A94FC2ADAA7D32FFC9D30E.d.354E3C335109413B8BD196D8CFD25802.e.7382/click - {}
RESULT: {}
COMMAND: POST /session/eacf8bccc3b349b538ac2f1863989237/execute/async - {"script":"<script> [1562 bytes]","args":[{"selector":{"controlType":"sap.m.StandardListItem","viewName":"etm.portal.ui.manageclassifications.view.Create","viewId":"application-manageclassifications-display-component---classificationCreate","properties":{"title":"Request Item Specifications"},"searchOpenDialogs":true,"interaction":{"idSuffix":"titleText"}},"wdio_ui5_key":"etmportal.ui.manageclassifications.view.Createsap.m.StandardListItem{\"title\":\"Request Item Specifications\"}"}]}
COMMAND: GET /session/eacf8bccc3b349b538ac2f1863989237/screenshot - {}
RESULT: {"script":"<script> [1562 bytes]","args":[{"selector":{"controlType":"sap.m.StandardListItem","viewName":"etm.portal.ui.manageclassifications.view.Create","viewId":"application-manageclassifications-display-component---classificationCreate","properties":{"title":"Request Item Specifications"},"searchOpenDialogs":true,"interaction":{"idSuffix":"titleText"}},"wdio_ui5_key":"etmportal.ui.manageclassifications.view.Createsap.m.StandardListItem{\"title\":\"Request Item Specifications\"}"}]}
RESULT: undefined
COMMAND: POST /session/eacf8bccc3b349b538ac2f1863989237/element - {"using":"xpath","value":"//*[@id=\"__item88\"]"}
RESULT: {}
RESULT: {"using":"xpath","value":"//*[@id=\"__item88\"]"}
COMMAND: POST /session/eacf8bccc3b349b538ac2f1863989237/element/f.11D6377D86A94FC2ADAA7D32FFC9D30E.d.354E3C335109413B8BD196D8CFD25802.e.7419/click - {}
RESULT: {}
COMMAND: POST /session/eacf8bccc3b349b538ac2f1863989237/execute/async - {"script":"<script> [1562 bytes]","args":[{"selector":{"controlType":"sap.ui.core.Icon","viewName":"etm.portal.ui.manageclassifications.view.Create","viewId":"application-manageclassifications-display-component---classificationCreate","properties":{"src":{"regex":{"source":"add"}}}},"wdio_ui5_key":"etmportal.ui.manageclassifications.view.Createsap.ui.core.Icon{\"src\":{\"regex\":{\"source\":\"add\"}}}"}]}
COMMAND: GET /session/eacf8bccc3b349b538ac2f1863989237/screenshot - {}
RESULT: {"script":"<script> [1562 bytes]","args":[{"selector":{"controlType":"sap.ui.core.Icon","viewName":"etm.portal.ui.manageclassifications.view.Create","viewId":"application-manageclassifications-display-component---classificationCreate","properties":{"src":{"regex":{"source":"add"}}}},"wdio_ui5_key":"etmportal.ui.manageclassifications.view.Createsap.ui.core.Icon{\"src\":{\"regex\":{\"source\":\"add\"}}}"}]}
RESULT: undefined
COMMAND: POST /session/eacf8bccc3b349b538ac2f1863989237/element - {"using":"xpath","value":"//*[@id=\"__button32-img\"]"}
RESULT: {}
RESULT: {"using":"xpath","value":"//*[@id=\"__button32-img\"]"}
COMMAND: POST /session/eacf8bccc3b349b538ac2f1863989237/element/f.11D6377D86A94FC2ADAA7D32FFC9D30E.d.354E3C335109413B8BD196D8CFD25802.e.7385/click - {}
RESULT: {}
COMMAND: POST /session/eacf8bccc3b349b538ac2f1863989237/execute/async - {"script":"<script> [1562 bytes]","args":[{"selector":{"controlType":"sap.m.Input","viewName":"etm.portal.ui.manageclassifications.view.Create","viewId":"application-manageclassifications-display-component---classificationCreate","bindingPath":{"path":"/0","propertyPath":"PROPERTY","modelName":"newConfigModel"},"interaction":{"idSuffix":"inner"}},"wdio_ui5_key":"etmportal.ui.manageclassifications.view.Createsap.m.Input{\"path\":\"/0\",\"propertyPath\":\"PROPERTY\",\"modelName\":\"newConfigModel\"}"}]}
COMMAND: GET /session/eacf8bccc3b349b538ac2f1863989237/screenshot - {}
RESULT: {"script":"<script> [1562 bytes]","args":[{"selector":{"controlType":"sap.m.Input","viewName":"etm.portal.ui.manageclassifications.view.Create","viewId":"application-manageclassifications-display-component---classificationCreate","bindingPath":{"path":"/0","propertyPath":"PROPERTY","modelName":"newConfigModel"},"interaction":{"idSuffix":"inner"}},"wdio_ui5_key":"etmportal.ui.manageclassifications.view.Createsap.m.Input{\"path\":\"/0\",\"propertyPath\":\"PROPERTY\",\"modelName\":\"newConfigModel\"}"}]}
RESULT: undefined
COMMAND: POST /session/eacf8bccc3b349b538ac2f1863989237/execute/async - {"script":"<script> [776 bytes]","args":[{"enterText":"Color","selector":{"controlType":"sap.m.Input","viewName":"etm.portal.ui.manageclassifications.view.Create","viewId":"application-manageclassifications-display-component---classificationCreate","bindingPath":{"path":"/0","propertyPath":"PROPERTY","modelName":"newConfigModel"},"interaction":{"idSuffix":"inner"}},"clearTextFirst":true,"interactionType":"ENTER_TEXT"}]}
RESULT: {}
RESULT: {"script":"<script> [776 bytes]","args":[{"enterText":"Color","selector":{"controlType":"sap.m.Input","viewName":"etm.portal.ui.manageclassifications.view.Create","viewId":"application-manageclassifications-display-component---classificationCreate","bindingPath":{"path":"/0","propertyPath":"PROPERTY","modelName":"newConfigModel"},"interaction":{"idSuffix":"inner"}},"clearTextFirst":true,"interactionType":"ENTER_TEXT"}]}
COMMAND: POST /session/eacf8bccc3b349b538ac2f1863989237/execute/async - {"script":"<script> [1562 bytes]","args":[{"selector":{"controlType":"sap.m.Input","viewName":"etm.portal.ui.manageclassifications.view.Create","viewId":"application-manageclassifications-display-component---classificationCreate","bindingPath":{"path":"/0","propertyPath":"DESCRIPTION","modelName":"newConfigModel"},"interaction":{"idSuffix":"inner"}},"wdio_ui5_key":"etmportal.ui.manageclassifications.view.Createsap.m.Input{\"path\":\"/0\",\"propertyPath\":\"DESCRIPTION\",\"modelName\":\"newConfigModel\"}"}]}
RESULT: {"script":"<script> [1562 bytes]","args":[{"selector":{"controlType":"sap.m.Input","viewName":"etm.portal.ui.manageclassifications.view.Create","viewId":"application-manageclassifications-display-component---classificationCreate","bindingPath":{"path":"/0","propertyPath":"DESCRIPTION","modelName":"newConfigModel"},"interaction":{"idSuffix":"inner"}},"wdio_ui5_key":"etmportal.ui.manageclassifications.view.Createsap.m.Input{\"path\":\"/0\",\"propertyPath\":\"DESCRIPTION\",\"modelName\":\"newConfigModel\"}"}]}
RESULT: undefined
COMMAND: POST /session/eacf8bccc3b349b538ac2f1863989237/execute/async - {"script":"<script> [776 bytes]","args":[{"enterText":"Color","selector":{"controlType":"sap.m.Input","viewName":"etm.portal.ui.manageclassifications.view.Create","viewId":"application-manageclassifications-display-component---classificationCreate","bindingPath":{"path":"/0","propertyPath":"DESCRIPTION","modelName":"newConfigModel"},"interaction":{"idSuffix":"inner"}},"clearTextFirst":true,"interactionType":"ENTER_TEXT"}]}
RESULT: {"script":"<script> [776 bytes]","args":[{"enterText":"Color","selector":{"controlType":"sap.m.Input","viewName":"etm.portal.ui.manageclassifications.view.Create","viewId":"application-manageclassifications-display-component---classificationCreate","bindingPath":{"path":"/0","propertyPath":"DESCRIPTION","modelName":"newConfigModel"},"interaction":{"idSuffix":"inner"}},"clearTextFirst":true,"interactionType":"ENTER_TEXT"}]}
COMMAND: POST /session/eacf8bccc3b349b538ac2f1863989237/execute/async - {"script":"<script> [1562 bytes]","args":[{"selector":{"controlType":"sap.ui.core.Icon","viewName":"etm.portal.ui.manageclassifications.view.Create","viewId":"application-manageclassifications-display-component---classificationCreate","properties":{"src":{"regex":{"source":"slim\\-arrow\\-down"}}},"ancestor":{"controlType":"sap.m.ComboBox","viewName":"etm.portal.ui.manageclassifications.view.Create","viewId":"application-manageclassifications-display-component---classificationCreate","bindingPath":{"path":"/0","propertyPath":"VALUE_TYPE","modelName":"newConfigModel"}}},"wdio_ui5_key":"etmportal.ui.manageclassifications.view.Createsap.ui.core.Icon{\"src\":{\"regex\":{\"source\":\"slim\\\\-arrow\\\\-down\"}}}{\"controlType\":\"sap.m.ComboBox\",\"viewName\":\"etm.portal.ui.manageclassifications.view.Create\",\"viewId\":\"application-manageclassifications-display-component---classificationCreate\",\"bindingPath\":{\"path\":\"/0\",\"propertyPath\":\"VALUE_TYPE\",\"modelName\":\"newConfigModel\"}}"}]}
RESULT: {"script":"<script> [1562 bytes]","args":[{"selector":{"controlType":"sap.ui.core.Icon","viewName":"etm.portal.ui.manageclassifications.view.Create","viewId":"application-manageclassifications-display-component---classificationCreate","properties":{"src":{"regex":{"source":"slim\\-arrow\\-down"}}},"ancestor":{"controlType":"sap.m.ComboBox","viewName":"etm.portal.ui.manageclassifications.view.Create","viewId":"application-manageclassifications-display-component---classificationCreate","bindingPath":{"path":"/0","propertyPath":"VALUE_TYPE","modelName":"newConfigModel"}}},"wdio_ui5_key":"etmportal.ui.manageclassifications.view.Createsap.ui.core.Icon{\"src\":{\"regex\":{\"source\":\"slim\\\\-arrow\\\\-down\"}}}{\"controlType\":\"sap.m.ComboBox\",\"viewName\":\"etm.portal.ui.manageclassifications.view.Create\",\"viewId\":\"application-manageclassifications-display-component---classificationCreate\",\"bindingPath\":{\"path\":\"/0\",\"propertyPath\":\"VALUE_TYPE\",\"modelName\":\"newConfigModel\"}}"}]}
RESULT: undefined
COMMAND: POST /session/eacf8bccc3b349b538ac2f1863989237/element - {"using":"xpath","value":"//*[@id=\"__box13-application-manageclassifications-display-component---classificationCreate--configurationList-0-arrow\"]"}
RESULT: {"using":"xpath","value":"//*[@id=\"__box13-application-manageclassifications-display-component---classificationCreate--configurationList-0-arrow\"]"}
COMMAND: POST /session/eacf8bccc3b349b538ac2f1863989237/element/f.11D6377D86A94FC2ADAA7D32FFC9D30E.d.354E3C335109413B8BD196D8CFD25802.e.7428/click - {}
RESULT: {}
COMMAND: POST /session/eacf8bccc3b349b538ac2f1863989237/execute/async - {"script":"<script> [1562 bytes]","args":[{"selector":{"controlType":"sap.m.StandardListItem","viewName":"etm.portal.ui.manageclassifications.view.Create","viewId":"application-manageclassifications-display-component---classificationCreate","properties":{"title":"Dropdown"},"searchOpenDialogs":true,"interaction":{"idSuffix":"titleText"}},"wdio_ui5_key":"etmportal.ui.manageclassifications.view.Createsap.m.StandardListItem{\"title\":\"Dropdown\"}"}]}
COMMAND: GET /session/eacf8bccc3b349b538ac2f1863989237/screenshot - {}
RESULT: {"script":"<script> [1562 bytes]","args":[{"selector":{"controlType":"sap.m.StandardListItem","viewName":"etm.portal.ui.manageclassifications.view.Create","viewId":"application-manageclassifications-display-component---classificationCreate","properties":{"title":"Dropdown"},"searchOpenDialogs":true,"interaction":{"idSuffix":"titleText"}},"wdio_ui5_key":"etmportal.ui.manageclassifications.view.Createsap.m.StandardListItem{\"title\":\"Dropdown\"}"}]}
RESULT: undefined
COMMAND: POST /session/eacf8bccc3b349b538ac2f1863989237/element - {"using":"xpath","value":"//*[@id=\"__item96\"]"}
RESULT: {}
RESULT: {"using":"xpath","value":"//*[@id=\"__item96\"]"}
COMMAND: POST /session/eacf8bccc3b349b538ac2f1863989237/element/f.11D6377D86A94FC2ADAA7D32FFC9D30E.d.354E3C335109413B8BD196D8CFD25802.e.7430/click - {}
RESULT: {}
COMMAND: POST /session/eacf8bccc3b349b538ac2f1863989237/execute/async - {"script":"<script> [1562 bytes]","args":[{"selector":{"controlType":"sap.ui.core.Icon","viewName":"etm.portal.ui.manageclassifications.view.Create","viewId":"application-manageclassifications-display-component---classificationCreate","properties":{"src":{"regex":{"source":"crm\\-service\\-manager"}}}},"wdio_ui5_key":"etmportal.ui.manageclassifications.view.Createsap.ui.core.Icon{\"src\":{\"regex\":{\"source\":\"crm\\\\-service\\\\-manager\"}}}"}]}
COMMAND: GET /session/eacf8bccc3b349b538ac2f1863989237/screenshot - {}
RESULT: {"script":"<script> [1562 bytes]","args":[{"selector":{"controlType":"sap.ui.core.Icon","viewName":"etm.portal.ui.manageclassifications.view.Create","viewId":"application-manageclassifications-display-component---classificationCreate","properties":{"src":{"regex":{"source":"crm\\-service\\-manager"}}}},"wdio_ui5_key":"etmportal.ui.manageclassifications.view.Createsap.ui.core.Icon{\"src\":{\"regex\":{\"source\":\"crm\\\\-service\\\\-manager\"}}}"}]}
RESULT: undefined
COMMAND: POST /session/eacf8bccc3b349b538ac2f1863989237/element - {"using":"xpath","value":"//*[@id=\"__button34-application-manageclassifications-display-component---classificationCreate--configurationList-0-img\"]"}
RESULT: {}
RESULT: {"using":"xpath","value":"//*[@id=\"__button34-application-manageclassifications-display-component---classificationCreate--configurationList-0-img\"]"}
COMMAND: POST /session/eacf8bccc3b349b538ac2f1863989237/element/f.11D6377D86A94FC2ADAA7D32FFC9D30E.d.354E3C335109413B8BD196D8CFD25802.e.7432/click - {}
RESULT: {}
COMMAND: POST /session/eacf8bccc3b349b538ac2f1863989237/element - {"using":"xpath","value":"//button[@title=\"Add additional value\"]"}
COMMAND: GET /session/eacf8bccc3b349b538ac2f1863989237/screenshot - {}
RESULT: {"using":"xpath","value":"//button[@title=\"Add additional value\"]"}
COMMAND: POST /session/eacf8bccc3b349b538ac2f1863989237/element/f.11D6377D86A94FC2ADAA7D32FFC9D30E.d.354E3C335109413B8BD196D8CFD25802.e.7433/click - {}
RESULT: {}
RESULT: {}
COMMAND: POST /session/eacf8bccc3b349b538ac2f1863989237/execute/async - {"script":"<script> [1562 bytes]","args":[{"selector":{"controlType":"sap.m.Input","viewName":"etm.portal.ui.manageclassifications.view.Create","viewId":"application-manageclassifications-display-component---classificationCreate","bindingPath":{"path":"/VALUES/0","propertyPath":"VALUE","modelName":"dropdownValuesModel"},"searchOpenDialogs":true,"interaction":{"idSuffix":"inner"}},"wdio_ui5_key":"etmportal.ui.manageclassifications.view.Createsap.m.Input{\"path\":\"/VALUES/0\",\"propertyPath\":\"VALUE\",\"modelName\":\"dropdownValuesModel\"}"}]}
COMMAND: GET /session/eacf8bccc3b349b538ac2f1863989237/screenshot - {}
RESULT: {"script":"<script> [1562 bytes]","args":[{"selector":{"controlType":"sap.m.Input","viewName":"etm.portal.ui.manageclassifications.view.Create","viewId":"application-manageclassifications-display-component---classificationCreate","bindingPath":{"path":"/VALUES/0","propertyPath":"VALUE","modelName":"dropdownValuesModel"},"searchOpenDialogs":true,"interaction":{"idSuffix":"inner"}},"wdio_ui5_key":"etmportal.ui.manageclassifications.view.Createsap.m.Input{\"path\":\"/VALUES/0\",\"propertyPath\":\"VALUE\",\"modelName\":\"dropdownValuesModel\"}"}]}
RESULT: undefined
COMMAND: POST /session/eacf8bccc3b349b538ac2f1863989237/execute/async - {"script":"<script> [776 bytes]","args":[{"enterText":"1","selector":{"controlType":"sap.m.Input","viewName":"etm.portal.ui.manageclassifications.view.Create","viewId":"application-manageclassifications-display-component---classificationCreate","bindingPath":{"path":"/VALUES/0","propertyPath":"VALUE","modelName":"dropdownValuesModel"},"searchOpenDialogs":true,"interaction":{"idSuffix":"inner"}},"clearTextFirst":true,"interactionType":"ENTER_TEXT"}]}
RESULT: {}
RESULT: {"script":"<script> [776 bytes]","args":[{"enterText":"1","selector":{"controlType":"sap.m.Input","viewName":"etm.portal.ui.manageclassifications.view.Create","viewId":"application-manageclassifications-display-component---classificationCreate","bindingPath":{"path":"/VALUES/0","propertyPath":"VALUE","modelName":"dropdownValuesModel"},"searchOpenDialogs":true,"interaction":{"idSuffix":"inner"}},"clearTextFirst":true,"interactionType":"ENTER_TEXT"}]}
COMMAND: POST /session/eacf8bccc3b349b538ac2f1863989237/execute/async - {"script":"<script> [1562 bytes]","args":[{"selector":{"controlType":"sap.m.Input","viewName":"etm.portal.ui.manageclassifications.view.Create","viewId":"application-manageclassifications-display-component---classificationCreate","bindingPath":{"path":"/VALUES/0","propertyPath":"TEXT","modelName":"dropdownValuesModel"},"searchOpenDialogs":true,"interaction":{"idSuffix":"inner"}},"wdio_ui5_key":"etmportal.ui.manageclassifications.view.Createsap.m.Input{\"path\":\"/VALUES/0\",\"propertyPath\":\"TEXT\",\"modelName\":\"dropdownValuesModel\"}"}]}
RESULT: {"script":"<script> [1562 bytes]","args":[{"selector":{"controlType":"sap.m.Input","viewName":"etm.portal.ui.manageclassifications.view.Create","viewId":"application-manageclassifications-display-component---classificationCreate","bindingPath":{"path":"/VALUES/0","propertyPath":"TEXT","modelName":"dropdownValuesModel"},"searchOpenDialogs":true,"interaction":{"idSuffix":"inner"}},"wdio_ui5_key":"etmportal.ui.manageclassifications.view.Createsap.m.Input{\"path\":\"/VALUES/0\",\"propertyPath\":\"TEXT\",\"modelName\":\"dropdownValuesModel\"}"}]}
RESULT: undefined
COMMAND: POST /session/eacf8bccc3b349b538ac2f1863989237/execute/async - {"script":"<script> [776 bytes]","args":[{"enterText":"blue","selector":{"controlType":"sap.m.Input","viewName":"etm.portal.ui.manageclassifications.view.Create","viewId":"application-manageclassifications-display-component---classificationCreate","bindingPath":{"path":"/VALUES/0","propertyPath":"TEXT","modelName":"dropdownValuesModel"},"searchOpenDialogs":true,"interaction":{"idSuffix":"inner"}},"clearTextFirst":true,"interactionType":"ENTER_TEXT"}]}
RESULT: {"script":"<script> [776 bytes]","args":[{"enterText":"blue","selector":{"controlType":"sap.m.Input","viewName":"etm.portal.ui.manageclassifications.view.Create","viewId":"application-manageclassifications-display-component---classificationCreate","bindingPath":{"path":"/VALUES/0","propertyPath":"TEXT","modelName":"dropdownValuesModel"},"searchOpenDialogs":true,"interaction":{"idSuffix":"inner"}},"clearTextFirst":true,"interactionType":"ENTER_TEXT"}]}
COMMAND: POST /session/eacf8bccc3b349b538ac2f1863989237/element - {"using":"xpath","value":"//button[@title=\"Add additional value\"]"}
RESULT: {"using":"xpath","value":"//button[@title=\"Add additional value\"]"}
COMMAND: POST /session/eacf8bccc3b349b538ac2f1863989237/element/f.11D6377D86A94FC2ADAA7D32FFC9D30E.d.354E3C335109413B8BD196D8CFD25802.e.7433/click - {}
RESULT: {}
COMMAND: POST /session/eacf8bccc3b349b538ac2f1863989237/execute/async - {"script":"<script> [1562 bytes]","args":[{"selector":{"controlType":"sap.m.Input","viewName":"etm.portal.ui.manageclassifications.view.Create","viewId":"application-manageclassifications-display-component---classificationCreate","bindingPath":{"path":"/VALUES/1","propertyPath":"VALUE","modelName":"dropdownValuesModel"},"searchOpenDialogs":true,"interaction":{"idSuffix":"inner"}},"wdio_ui5_key":"etmportal.ui.manageclassifications.view.Createsap.m.Input{\"path\":\"/VALUES/1\",\"propertyPath\":\"VALUE\",\"modelName\":\"dropdownValuesModel\"}"}]}
COMMAND: GET /session/eacf8bccc3b349b538ac2f1863989237/screenshot - {}
RESULT: {"script":"<script> [1562 bytes]","args":[{"selector":{"controlType":"sap.m.Input","viewName":"etm.portal.ui.manageclassifications.view.Create","viewId":"application-manageclassifications-display-component---classificationCreate","bindingPath":{"path":"/VALUES/1","propertyPath":"VALUE","modelName":"dropdownValuesModel"},"searchOpenDialogs":true,"interaction":{"idSuffix":"inner"}},"wdio_ui5_key":"etmportal.ui.manageclassifications.view.Createsap.m.Input{\"path\":\"/VALUES/1\",\"propertyPath\":\"VALUE\",\"modelName\":\"dropdownValuesModel\"}"}]}
RESULT: undefined
COMMAND: POST /session/eacf8bccc3b349b538ac2f1863989237/execute/async - {"script":"<script> [776 bytes]","args":[{"enterText":"2","selector":{"controlType":"sap.m.Input","viewName":"etm.portal.ui.manageclassifications.view.Create","viewId":"application-manageclassifications-display-component---classificationCreate","bindingPath":{"path":"/VALUES/1","propertyPath":"VALUE","modelName":"dropdownValuesModel"},"searchOpenDialogs":true,"interaction":{"idSuffix":"inner"}},"clearTextFirst":true,"interactionType":"ENTER_TEXT"}]}
RESULT: {}
RESULT: {"script":"<script> [776 bytes]","args":[{"enterText":"2","selector":{"controlType":"sap.m.Input","viewName":"etm.portal.ui.manageclassifications.view.Create","viewId":"application-manageclassifications-display-component---classificationCreate","bindingPath":{"path":"/VALUES/1","propertyPath":"VALUE","modelName":"dropdownValuesModel"},"searchOpenDialogs":true,"interaction":{"idSuffix":"inner"}},"clearTextFirst":true,"interactionType":"ENTER_TEXT"}]}
COMMAND: POST /session/eacf8bccc3b349b538ac2f1863989237/execute/async - {"script":"<script> [1562 bytes]","args":[{"selector":{"controlType":"sap.m.Input","viewName":"etm.portal.ui.manageclassifications.view.Create","viewId":"application-manageclassifications-display-component---classificationCreate","bindingPath":{"path":"/VALUES/1","propertyPath":"TEXT","modelName":"dropdownValuesModel"},"searchOpenDialogs":true,"interaction":{"idSuffix":"inner"}},"wdio_ui5_key":"etmportal.ui.manageclassifications.view.Createsap.m.Input{\"path\":\"/VALUES/1\",\"propertyPath\":\"TEXT\",\"modelName\":\"dropdownValuesModel\"}"}]}
RESULT: {"script":"<script> [1562 bytes]","args":[{"selector":{"controlType":"sap.m.Input","viewName":"etm.portal.ui.manageclassifications.view.Create","viewId":"application-manageclassifications-display-component---classificationCreate","bindingPath":{"path":"/VALUES/1","propertyPath":"TEXT","modelName":"dropdownValuesModel"},"searchOpenDialogs":true,"interaction":{"idSuffix":"inner"}},"wdio_ui5_key":"etmportal.ui.manageclassifications.view.Createsap.m.Input{\"path\":\"/VALUES/1\",\"propertyPath\":\"TEXT\",\"modelName\":\"dropdownValuesModel\"}"}]}
RESULT: undefined
COMMAND: POST /session/eacf8bccc3b349b538ac2f1863989237/execute/async - {"script":"<script> [776 bytes]","args":[{"enterText":"red","selector":{"controlType":"sap.m.Input","viewName":"etm.portal.ui.manageclassifications.view.Create","viewId":"application-manageclassifications-display-component---classificationCreate","bindingPath":{"path":"/VALUES/1","propertyPath":"TEXT","modelName":"dropdownValuesModel"},"searchOpenDialogs":true,"interaction":{"idSuffix":"inner"}},"clearTextFirst":true,"interactionType":"ENTER_TEXT"}]}
RESULT: {"script":"<script> [776 bytes]","args":[{"enterText":"red","selector":{"controlType":"sap.m.Input","viewName":"etm.portal.ui.manageclassifications.view.Create","viewId":"application-manageclassifications-display-component---classificationCreate","bindingPath":{"path":"/VALUES/1","propertyPath":"TEXT","modelName":"dropdownValuesModel"},"searchOpenDialogs":true,"interaction":{"idSuffix":"inner"}},"clearTextFirst":true,"interactionType":"ENTER_TEXT"}]}
COMMAND: POST /session/eacf8bccc3b349b538ac2f1863989237/execute/async - {"script":"<script> [1562 bytes]","args":[{"selector":{"controlType":"sap.m.Button","viewName":"etm.portal.ui.manageclassifications.view.Create","viewId":"application-manageclassifications-display-component---classificationCreate","i18NText":{"propertyName":"text","key":"save"},"searchOpenDialogs":true,"interaction":{"idSuffix":"BDI-content"}},"wdio_ui5_key":"etmportal.ui.manageclassifications.view.Createsap.m.Button{\"propertyName\":\"text\",\"key\":\"save\"}"}]}
RESULT: {"script":"<script> [1562 bytes]","args":[{"selector":{"controlType":"sap.m.Button","viewName":"etm.portal.ui.manageclassifications.view.Create","viewId":"application-manageclassifications-display-component---classificationCreate","i18NText":{"propertyName":"text","key":"save"},"searchOpenDialogs":true,"interaction":{"idSuffix":"BDI-content"}},"wdio_ui5_key":"etmportal.ui.manageclassifications.view.Createsap.m.Button{\"propertyName\":\"text\",\"key\":\"save\"}"}]}
RESULT: undefined
COMMAND: POST /session/eacf8bccc3b349b538ac2f1863989237/element - {"using":"xpath","value":"//*[@id=\"__button44\"]"}
RESULT: {"using":"xpath","value":"//*[@id=\"__button44\"]"}
COMMAND: POST /session/eacf8bccc3b349b538ac2f1863989237/element/f.11D6377D86A94FC2ADAA7D32FFC9D30E.d.354E3C335109413B8BD196D8CFD25802.e.7453/click - {}
RESULT: {}
COMMAND: GET /session/eacf8bccc3b349b538ac2f1863989237/screenshot - {}
RESULT: {}
COMMAND: POST /session/eacf8bccc3b349b538ac2f1863989237/element - {"using":"xpath","value":"//button[@title=\"Save\"]"}
RESULT: {"using":"xpath","value":"//button[@title=\"Save\"]"}
COMMAND: POST /session/eacf8bccc3b349b538ac2f1863989237/element/f.11D6377D86A94FC2ADAA7D32FFC9D30E.d.354E3C335109413B8BD196D8CFD25802.e.7392/click - {}
RESULT: {}
COMMAND: GET /session/eacf8bccc3b349b538ac2f1863989237/screenshot - {}
RESULT: {}
COMMAND: POST /session/eacf8bccc3b349b538ac2f1863989237/execute/async - {"script":"<script> [1562 bytes]","args":[{"selector":{"id":"application-manageclassifications-display-component---classificationMaster--smartFilterBar-btnBasicSearch","interaction":{"idSuffix":"I"}},"wdio_ui5_key":"applicationmanageclassifications-display-component---classificationMaster--smartFilterBar-btnBasicSearch"}]}
RESULT: {"script":"<script> [1562 bytes]","args":[{"selector":{"id":"application-manageclassifications-display-component---classificationMaster--smartFilterBar-btnBasicSearch","interaction":{"idSuffix":"I"}},"wdio_ui5_key":"applicationmanageclassifications-display-component---classificationMaster--smartFilterBar-btnBasicSearch"}]}
RESULT: undefined
COMMAND: POST /session/eacf8bccc3b349b538ac2f1863989237/execute/async - {"script":"<script> [776 bytes]","args":[{"enterText":"WebdriverItemClassonexf","selector":{"id":"application-manageclassifications-display-component---classificationMaster--smartFilterBar-btnBasicSearch","interaction":{"idSuffix":"I"}},"clearTextFirst":true,"interactionType":"ENTER_TEXT"}]}
RESULT: {"script":"<script> [776 bytes]","args":[{"enterText":"WebdriverItemClassonexf","selector":{"id":"application-manageclassifications-display-component---classificationMaster--smartFilterBar-btnBasicSearch","interaction":{"idSuffix":"I"}},"clearTextFirst":true,"interactionType":"ENTER_TEXT"}]}
COMMAND: POST /session/eacf8bccc3b349b538ac2f1863989237/actions - {"actions":[{"id":"action43","type":"key","parameters":{},"actions":[{"type":"keyDown","value":""},{"type":"pause","duration":10},{"type":"keyUp","value":""}]}]}
RESULT: {"actions":[{"id":"action43","type":"key","parameters":{},"actions":[{"type":"keyDown","value":""},{"type":"pause","duration":10},{"type":"keyUp","value":""}]}]}
COMMAND: POST /session/eacf8bccc3b349b538ac2f1863989237/execute/async - {"script":"<script> [1562 bytes]","args":[{"selector":{"id":"application-manageclassifications-display-component---classificationMaster--smartTable-header"},"wdio_ui5_key":"applicationmanageclassifications-display-component---classificationMaster--smartTable-header"}]}
COMMAND: GET /session/eacf8bccc3b349b538ac2f1863989237/screenshot - {}
RESULT: {"script":"<script> [1562 bytes]","args":[{"selector":{"id":"application-manageclassifications-display-component---classificationMaster--smartTable-header"},"wdio_ui5_key":"applicationmanageclassifications-display-component---classificationMaster--smartTable-header"}]}
RESULT: undefined
COMMAND: POST /session/eacf8bccc3b349b538ac2f1863989237/execute/async - {"script":"<script> [6424 bytes]","args":[{"element-6066-11e4-a52e-4f735466cecf":"f.11D6377D86A94FC2ADAA7D32FFC9D30E.d.354E3C335109413B8BD196D8CFD25802.e.7652"},"getText",[]]}
RESULT: {}
RESULT: {"script":"<script> [6424 bytes]","args":[{"element-6066-11e4-a52e-4f735466cecf":"f.11D6377D86A94FC2ADAA7D32FFC9D30E.d.354E3C335109413B8BD196D8CFD25802.e.7652"},"getText",[]]}
COMMAND: POST /session/eacf8bccc3b349b538ac2f1863989237/element - {"using":"css selector","value":"#shell-header-logo"}
RESULT: {"using":"css selector","value":"#shell-header-logo"}
COMMAND: POST /session/eacf8bccc3b349b538ac2f1863989237/element/f.11D6377D86A94FC2ADAA7D32FFC9D30E.d.354E3C335109413B8BD196D8CFD25802.e.6889/click - {}
RESULT: {}
COMMAND: GET /session/eacf8bccc3b349b538ac2f1863989237/screenshot - {}
RESULT: {}
]]></system-out>
    </testcase>
    <testcase classname="chrome.135_0_7049_42.windows.Manage_requests_-_requests_specifications_US141095" name="Should create a new section and a catalog item" time="111.927">
      <system-out><![CDATA[
COMMAND: POST /session/eacf8bccc3b349b538ac2f1863989237/execute/async - {"script":"<script> [1562 bytes]","args":[{"selector":{"controlType":"sap.m.GenericTile","properties":{"header":"Manage Catalogs"}},"wdio_ui5_key":"sapm.GenericTile{\"header\":\"Manage Catalogs\"}"}]}
RESULT: {"script":"<script> [1562 bytes]","args":[{"selector":{"controlType":"sap.m.GenericTile","properties":{"header":"Manage Catalogs"}},"wdio_ui5_key":"sapm.GenericTile{\"header\":\"Manage Catalogs\"}"}]}
RESULT: undefined
COMMAND: POST /session/eacf8bccc3b349b538ac2f1863989237/element - {"using":"xpath","value":"//*[@id=\"__tile37\"]"}
RESULT: {"using":"xpath","value":"//*[@id=\"__tile37\"]"}
COMMAND: POST /session/eacf8bccc3b349b538ac2f1863989237/element/f.11D6377D86A94FC2ADAA7D32FFC9D30E.d.354E3C335109413B8BD196D8CFD25802.e.7656/click - {}
RESULT: {}
COMMAND: GET /session/eacf8bccc3b349b538ac2f1863989237/screenshot - {}
RESULT: {}
COMMAND: POST /session/eacf8bccc3b349b538ac2f1863989237/execute/async - {"script":"<script> [1562 bytes]","args":[{"selector":{"controlType":"sap.m.Text","viewName":"etm.portal.ui.managecatalogs.view.MasterCatalogs","viewId":"application-managecatalogs-display-component---masterCatalogs","bindingPath":{"path":"/Catalogs('0D7502D073D53A0F1700BE067B89AFF9')","propertyPath":"DESCRIPTION","modelName":"catalogModel"}},"wdio_ui5_key":"etmportal.ui.managecatalogs.view.MasterCatalogssap.m.Text{\"path\":\"/Catalogs('0D7502D073D53A0F1700BE067B89AFF9')\",\"propertyPath\":\"DESCRIPTION\",\"modelName\":\"catalogModel\"}"}]}
RESULT: {"script":"<script> [1562 bytes]","args":[{"selector":{"controlType":"sap.m.Text","viewName":"etm.portal.ui.managecatalogs.view.MasterCatalogs","viewId":"application-managecatalogs-display-component---masterCatalogs","bindingPath":{"path":"/Catalogs('0D7502D073D53A0F1700BE067B89AFF9')","propertyPath":"DESCRIPTION","modelName":"catalogModel"}},"wdio_ui5_key":"etmportal.ui.managecatalogs.view.MasterCatalogssap.m.Text{\"path\":\"/Catalogs('0D7502D073D53A0F1700BE067B89AFF9')\",\"propertyPath\":\"DESCRIPTION\",\"modelName\":\"catalogModel\"}"}]}
RESULT: undefined
COMMAND: POST /session/eacf8bccc3b349b538ac2f1863989237/element - {"using":"xpath","value":"//*[@id=\"__text434-application-managecatalogs-display-component---masterCatalogs--CatalogsTable-11\"]"}
RESULT: {"using":"xpath","value":"//*[@id=\"__text434-application-managecatalogs-display-component---masterCatalogs--CatalogsTable-11\"]"}
COMMAND: POST /session/eacf8bccc3b349b538ac2f1863989237/element/f.11D6377D86A94FC2ADAA7D32FFC9D30E.d.354E3C335109413B8BD196D8CFD25802.e.7727/click - {}
RESULT: {}
COMMAND: POST /session/eacf8bccc3b349b538ac2f1863989237/execute/async - {"script":"<script> [1562 bytes]","args":[{"selector":{"controlType":"sap.ui.layout.HorizontalLayout","viewName":"etm.portal.ui.managecatalogs.view.MasterItems","viewId":"application-managecatalogs-display-component---masterCatalogItems","ancestor":{"id":"application-managecatalogs-display-component---masterCatalogItems--idCatalogItemsTree-rows-row0"}},"wdio_ui5_key":"etmportal.ui.managecatalogs.view.MasterItemssap.ui.layout.HorizontalLayout{\"id\":\"application-managecatalogs-display-component---masterCatalogItems--idCatalogItemsTree-rows-row0\"}"}]}
COMMAND: GET /session/eacf8bccc3b349b538ac2f1863989237/screenshot - {}
RESULT: {"script":"<script> [1562 bytes]","args":[{"selector":{"controlType":"sap.ui.layout.HorizontalLayout","viewName":"etm.portal.ui.managecatalogs.view.MasterItems","viewId":"application-managecatalogs-display-component---masterCatalogItems","ancestor":{"id":"application-managecatalogs-display-component---masterCatalogItems--idCatalogItemsTree-rows-row0"}},"wdio_ui5_key":"etmportal.ui.managecatalogs.view.MasterItemssap.ui.layout.HorizontalLayout{\"id\":\"application-managecatalogs-display-component---masterCatalogItems--idCatalogItemsTree-rows-row0\"}"}]}
RESULT: undefined
COMMAND: POST /session/eacf8bccc3b349b538ac2f1863989237/element - {"using":"xpath","value":"//*[@id=\"__layout40-__clone454\"]"}
RESULT: {}
RESULT: {"using":"xpath","value":"//*[@id=\"__layout40-__clone454\"]"}
COMMAND: POST /session/eacf8bccc3b349b538ac2f1863989237/element/f.11D6377D86A94FC2ADAA7D32FFC9D30E.d.354E3C335109413B8BD196D8CFD25802.e.7761/click - {}
RESULT: {}
COMMAND: GET /session/eacf8bccc3b349b538ac2f1863989237/screenshot - {}
RESULT: {}
COMMAND: POST /session/eacf8bccc3b349b538ac2f1863989237/execute/async - {"script":"<script> [1562 bytes]","args":[{"selector":{"controlType":"sap.m.Button","viewName":"etm.portal.ui.managecatalogs.view.Detail","viewId":"application-managecatalogs-display-component---detailCatalog","i18NText":{"propertyName":"text","key":"edit"},"interaction":{"idSuffix":"BDI-content"}},"wdio_ui5_key":"etmportal.ui.managecatalogs.view.Detailsap.m.Button{\"propertyName\":\"text\",\"key\":\"edit\"}"}]}
RESULT: {"script":"<script> [1562 bytes]","args":[{"selector":{"controlType":"sap.m.Button","viewName":"etm.portal.ui.managecatalogs.view.Detail","viewId":"application-managecatalogs-display-component---detailCatalog","i18NText":{"propertyName":"text","key":"edit"},"interaction":{"idSuffix":"BDI-content"}},"wdio_ui5_key":"etmportal.ui.managecatalogs.view.Detailsap.m.Button{\"propertyName\":\"text\",\"key\":\"edit\"}"}]}
RESULT: undefined
COMMAND: POST /session/eacf8bccc3b349b538ac2f1863989237/element - {"using":"xpath","value":"//*[@id=\"__button88\"]"}
RESULT: {"using":"xpath","value":"//*[@id=\"__button88\"]"}
COMMAND: POST /session/eacf8bccc3b349b538ac2f1863989237/element/f.11D6377D86A94FC2ADAA7D32FFC9D30E.d.354E3C335109413B8BD196D8CFD25802.e.7885/click - {}
RESULT: {}
COMMAND: GET /session/eacf8bccc3b349b538ac2f1863989237/screenshot - {}
RESULT: {}
COMMAND: POST /session/eacf8bccc3b349b538ac2f1863989237/element - {"using":"xpath","value":"//bdi[contains(text(), \"Unlock\")]"}
RESULT: {"using":"xpath","value":"//bdi[contains(text(), \"Unlock\")]"}
COMMAND: POST /session/eacf8bccc3b349b538ac2f1863989237/elements - {"using":"xpath","value":"//bdi[contains(text(), \"Unlock\")]"}
RESULT: {"using":"xpath","value":"//bdi[contains(text(), \"Unlock\")]"}
COMMAND: POST /session/eacf8bccc3b349b538ac2f1863989237/execute/async - {"script":"<script> [1562 bytes]","args":[{"selector":{"controlType":"sap.ui.core.Icon","viewName":"etm.portal.ui.managecatalogs.view.Detail","viewId":"application-managecatalogs-display-component---detailCatalog","properties":{"src":{"regex":{"source":"add\\-folder"}}}},"wdio_ui5_key":"etmportal.ui.managecatalogs.view.Detailsap.ui.core.Icon{\"src\":{\"regex\":{\"source\":\"add\\\\-folder\"}}}"}]}
RESULT: {"script":"<script> [1562 bytes]","args":[{"selector":{"controlType":"sap.ui.core.Icon","viewName":"etm.portal.ui.managecatalogs.view.Detail","viewId":"application-managecatalogs-display-component---detailCatalog","properties":{"src":{"regex":{"source":"add\\-folder"}}}},"wdio_ui5_key":"etmportal.ui.managecatalogs.view.Detailsap.ui.core.Icon{\"src\":{\"regex\":{\"source\":\"add\\\\-folder\"}}}"}]}
RESULT: undefined
COMMAND: POST /session/eacf8bccc3b349b538ac2f1863989237/element - {"using":"xpath","value":"//*[@id=\"__button96-img\"]"}
RESULT: {"using":"xpath","value":"//*[@id=\"__button96-img\"]"}
COMMAND: POST /session/eacf8bccc3b349b538ac2f1863989237/element/f.11D6377D86A94FC2ADAA7D32FFC9D30E.d.354E3C335109413B8BD196D8CFD25802.e.7900/click - {}
RESULT: {}
COMMAND: GET /session/eacf8bccc3b349b538ac2f1863989237/screenshot - {}
RESULT: {}
COMMAND: POST /session/eacf8bccc3b349b538ac2f1863989237/execute/async - {"script":"<script> [1562 bytes]","args":[{"selector":{"id":"application-managecatalogs-display-component---detailCatalog--numberInput","searchOpenDialogs":true,"interaction":{"idSuffix":"inner"}},"wdio_ui5_key":"applicationmanagecatalogs-display-component---detailCatalog--numberInput"}]}
RESULT: {"script":"<script> [1562 bytes]","args":[{"selector":{"id":"application-managecatalogs-display-component---detailCatalog--numberInput","searchOpenDialogs":true,"interaction":{"idSuffix":"inner"}},"wdio_ui5_key":"applicationmanagecatalogs-display-component---detailCatalog--numberInput"}]}
RESULT: undefined
COMMAND: POST /session/eacf8bccc3b349b538ac2f1863989237/execute/async - {"script":"<script> [776 bytes]","args":[{"enterText":"Sectionf8qkx","selector":{"id":"application-managecatalogs-display-component---detailCatalog--numberInput","searchOpenDialogs":true,"interaction":{"idSuffix":"inner"}},"clearTextFirst":true,"interactionType":"ENTER_TEXT"}]}
RESULT: {"script":"<script> [776 bytes]","args":[{"enterText":"Sectionf8qkx","selector":{"id":"application-managecatalogs-display-component---detailCatalog--numberInput","searchOpenDialogs":true,"interaction":{"idSuffix":"inner"}},"clearTextFirst":true,"interactionType":"ENTER_TEXT"}]}
COMMAND: POST /session/eacf8bccc3b349b538ac2f1863989237/element - {"using":"css selector","value":"#application-managecatalogs-display-component---detailCatalog--nameInput-inner"}
RESULT: {"using":"css selector","value":"#application-managecatalogs-display-component---detailCatalog--nameInput-inner"}
COMMAND: POST /session/eacf8bccc3b349b538ac2f1863989237/elements - {"using":"css selector","value":"#application-managecatalogs-display-component---detailCatalog--nameInput-inner"}
RESULT: {"using":"css selector","value":"#application-managecatalogs-display-component---detailCatalog--nameInput-inner"}
COMMAND: POST /session/eacf8bccc3b349b538ac2f1863989237/element/f.11D6377D86A94FC2ADAA7D32FFC9D30E.d.354E3C335109413B8BD196D8CFD25802.e.7904/clear - {}
RESULT: {}
COMMAND: POST /session/eacf8bccc3b349b538ac2f1863989237/element/f.11D6377D86A94FC2ADAA7D32FFC9D30E.d.354E3C335109413B8BD196D8CFD25802.e.7904/value - {"text":"Webdriverhi4rvh"}
COMMAND: GET /session/eacf8bccc3b349b538ac2f1863989237/screenshot - {}
RESULT: {"text":"Webdriverhi4rvh"}
COMMAND: POST /session/eacf8bccc3b349b538ac2f1863989237/execute/async - {"script":"<script> [1562 bytes]","args":[{"selector":{"controlType":"sap.m.Button","viewName":"etm.portal.ui.managecatalogs.view.Detail","viewId":"application-managecatalogs-display-component---detailCatalog","i18NText":{"propertyName":"text","key":"create"},"searchOpenDialogs":true,"interaction":{"idSuffix":"BDI-content"}},"wdio_ui5_key":"etmportal.ui.managecatalogs.view.Detailsap.m.Button{\"propertyName\":\"text\",\"key\":\"create\"}"}]}
COMMAND: GET /session/eacf8bccc3b349b538ac2f1863989237/screenshot - {}
RESULT: {}
RESULT: {"script":"<script> [1562 bytes]","args":[{"selector":{"controlType":"sap.m.Button","viewName":"etm.portal.ui.managecatalogs.view.Detail","viewId":"application-managecatalogs-display-component---detailCatalog","i18NText":{"propertyName":"text","key":"create"},"searchOpenDialogs":true,"interaction":{"idSuffix":"BDI-content"}},"wdio_ui5_key":"etmportal.ui.managecatalogs.view.Detailsap.m.Button{\"propertyName\":\"text\",\"key\":\"create\"}"}]}
RESULT: undefined
COMMAND: POST /session/eacf8bccc3b349b538ac2f1863989237/element - {"using":"xpath","value":"//*[@id=\"__button66\"]"}
RESULT: {}
RESULT: {"using":"xpath","value":"//*[@id=\"__button66\"]"}
COMMAND: POST /session/eacf8bccc3b349b538ac2f1863989237/element/f.11D6377D86A94FC2ADAA7D32FFC9D30E.d.354E3C335109413B8BD196D8CFD25802.e.7909/click - {}
RESULT: {}
COMMAND: GET /session/eacf8bccc3b349b538ac2f1863989237/screenshot - {}
RESULT: {}
COMMAND: POST /session/eacf8bccc3b349b538ac2f1863989237/element - {"using":"xpath","value":"//button[@title=\"Save\"]"}
RESULT: {"using":"xpath","value":"//button[@title=\"Save\"]"}
COMMAND: POST /session/eacf8bccc3b349b538ac2f1863989237/element/f.11D6377D86A94FC2ADAA7D32FFC9D30E.d.354E3C335109413B8BD196D8CFD25802.e.7910/click - {}
RESULT: {}
COMMAND: POST /session/eacf8bccc3b349b538ac2f1863989237/execute/async - {"script":"<script> [1562 bytes]","args":[{"selector":{"controlType":"sap.ui.core.Icon","viewName":"etm.portal.ui.managecatalogs.view.Detail","viewId":"application-managecatalogs-display-component---detailCatalog","properties":{"src":{"regex":{"source":"decline"}}}},"wdio_ui5_key":"etmportal.ui.managecatalogs.view.Detailsap.ui.core.Icon{\"src\":{\"regex\":{\"source\":\"decline\"}}}"}]}
COMMAND: GET /session/eacf8bccc3b349b538ac2f1863989237/screenshot - {}
RESULT: {"script":"<script> [1562 bytes]","args":[{"selector":{"controlType":"sap.ui.core.Icon","viewName":"etm.portal.ui.managecatalogs.view.Detail","viewId":"application-managecatalogs-display-component---detailCatalog","properties":{"src":{"regex":{"source":"decline"}}}},"wdio_ui5_key":"etmportal.ui.managecatalogs.view.Detailsap.ui.core.Icon{\"src\":{\"regex\":{\"source\":\"decline\"}}}"}]}
RESULT: undefined
COMMAND: POST /session/eacf8bccc3b349b538ac2f1863989237/element - {"using":"xpath","value":"//*[@id=\"__button91-img\"]"}
RESULT: {}
RESULT: {"using":"xpath","value":"//*[@id=\"__button91-img\"]"}
COMMAND: POST /session/eacf8bccc3b349b538ac2f1863989237/element/f.11D6377D86A94FC2ADAA7D32FFC9D30E.d.354E3C335109413B8BD196D8CFD25802.e.7916/click - {}
RESULT: {}
COMMAND: GET /session/eacf8bccc3b349b538ac2f1863989237/screenshot - {}
RESULT: {}
COMMAND: POST /session/eacf8bccc3b349b538ac2f1863989237/execute/async - {"script":"<script> [1562 bytes]","args":[{"selector":{"controlType":"sap.ui.core.Icon","viewName":"etm.portal.ui.managecatalogs.view.MasterItems","viewId":"application-managecatalogs-display-component---masterCatalogItems","properties":{"src":{"regex":{"source":"refresh"}}}},"wdio_ui5_key":"etmportal.ui.managecatalogs.view.MasterItemssap.ui.core.Icon{\"src\":{\"regex\":{\"source\":\"refresh\"}}}"}]}
RESULT: {"script":"<script> [1562 bytes]","args":[{"selector":{"controlType":"sap.ui.core.Icon","viewName":"etm.portal.ui.managecatalogs.view.MasterItems","viewId":"application-managecatalogs-display-component---masterCatalogItems","properties":{"src":{"regex":{"source":"refresh"}}}},"wdio_ui5_key":"etmportal.ui.managecatalogs.view.MasterItemssap.ui.core.Icon{\"src\":{\"regex\":{\"source\":\"refresh\"}}}"}]}
RESULT: undefined
COMMAND: POST /session/eacf8bccc3b349b538ac2f1863989237/element - {"using":"xpath","value":"//*[@id=\"__button64-img\"]"}
RESULT: {"using":"xpath","value":"//*[@id=\"__button64-img\"]"}
COMMAND: POST /session/eacf8bccc3b349b538ac2f1863989237/element/f.11D6377D86A94FC2ADAA7D32FFC9D30E.d.354E3C335109413B8BD196D8CFD25802.e.7949/click - {}
RESULT: {}
COMMAND: POST /session/eacf8bccc3b349b538ac2f1863989237/execute/async - {"script":"<script> [1562 bytes]","args":[{"selector":{"id":"application-managecatalogs-display-component---masterCatalogItems--searchItemsField","interaction":{"idSuffix":"I"}},"wdio_ui5_key":"applicationmanagecatalogs-display-component---masterCatalogItems--searchItemsField"}]}
COMMAND: GET /session/eacf8bccc3b349b538ac2f1863989237/screenshot - {}
RESULT: {"script":"<script> [1562 bytes]","args":[{"selector":{"id":"application-managecatalogs-display-component---masterCatalogItems--searchItemsField","interaction":{"idSuffix":"I"}},"wdio_ui5_key":"applicationmanagecatalogs-display-component---masterCatalogItems--searchItemsField"}]}
RESULT: undefined
COMMAND: POST /session/eacf8bccc3b349b538ac2f1863989237/execute/async - {"script":"<script> [776 bytes]","args":[{"enterText":"Webdriverhi4rvh","selector":{"id":"application-managecatalogs-display-component---masterCatalogItems--searchItemsField","interaction":{"idSuffix":"I"}},"clearTextFirst":true,"interactionType":"ENTER_TEXT"}]}
RESULT: {}
RESULT: {"script":"<script> [776 bytes]","args":[{"enterText":"Webdriverhi4rvh","selector":{"id":"application-managecatalogs-display-component---masterCatalogItems--searchItemsField","interaction":{"idSuffix":"I"}},"clearTextFirst":true,"interactionType":"ENTER_TEXT"}]}
COMMAND: POST /session/eacf8bccc3b349b538ac2f1863989237/actions - {"actions":[{"id":"action44","type":"key","parameters":{},"actions":[{"type":"keyDown","value":""},{"type":"pause","duration":10},{"type":"keyUp","value":""}]}]}
RESULT: {"actions":[{"id":"action44","type":"key","parameters":{},"actions":[{"type":"keyDown","value":""},{"type":"pause","duration":10},{"type":"keyUp","value":""}]}]}
COMMAND: POST /session/eacf8bccc3b349b538ac2f1863989237/element - {"using":"xpath","value":"(//span[contains(text(), \"Webdriverhi4rvh\")])[1]"}
COMMAND: GET /session/eacf8bccc3b349b538ac2f1863989237/screenshot - {}
RESULT: {"using":"xpath","value":"(//span[contains(text(), \"Webdriverhi4rvh\")])[1]"}
COMMAND: POST /session/eacf8bccc3b349b538ac2f1863989237/element/f.11D6377D86A94FC2ADAA7D32FFC9D30E.d.354E3C335109413B8BD196D8CFD25802.e.7952/click - {}
RESULT: {}
RESULT: {}
COMMAND: GET /session/eacf8bccc3b349b538ac2f1863989237/screenshot - {}
RESULT: {}
RESULT: undefined
COMMAND: POST /session/eacf8bccc3b349b538ac2f1863989237/element - {"using":"xpath","value":"//*[@id=\"__button88\"]"}
RESULT: {"using":"xpath","value":"//*[@id=\"__button88\"]"}
COMMAND: POST /session/eacf8bccc3b349b538ac2f1863989237/element/f.11D6377D86A94FC2ADAA7D32FFC9D30E.d.354E3C335109413B8BD196D8CFD25802.e.7989/click - {}
RESULT: {}
COMMAND: GET /session/eacf8bccc3b349b538ac2f1863989237/screenshot - {}
RESULT: {}
RESULT: undefined
COMMAND: POST /session/eacf8bccc3b349b538ac2f1863989237/element - {"using":"xpath","value":"//*[@id=\"__button96-img\"]"}
RESULT: {"using":"xpath","value":"//*[@id=\"__button96-img\"]"}
COMMAND: POST /session/eacf8bccc3b349b538ac2f1863989237/element/f.11D6377D86A94FC2ADAA7D32FFC9D30E.d.354E3C335109413B8BD196D8CFD25802.e.8037/click - {}
RESULT: {}
COMMAND: GET /session/eacf8bccc3b349b538ac2f1863989237/screenshot - {}
RESULT: {}
RESULT: undefined
COMMAND: POST /session/eacf8bccc3b349b538ac2f1863989237/execute/async - {"script":"<script> [776 bytes]","args":[{"enterText":"SecondSectionu6zpm","selector":{"id":"application-managecatalogs-display-component---detailCatalog--numberInput","searchOpenDialogs":true,"interaction":{"idSuffix":"inner"}},"clearTextFirst":true,"interactionType":"ENTER_TEXT"}]}
RESULT: {"script":"<script> [776 bytes]","args":[{"enterText":"SecondSectionu6zpm","selector":{"id":"application-managecatalogs-display-component---detailCatalog--numberInput","searchOpenDialogs":true,"interaction":{"idSuffix":"inner"}},"clearTextFirst":true,"interactionType":"ENTER_TEXT"}]}
COMMAND: POST /session/eacf8bccc3b349b538ac2f1863989237/element - {"using":"xpath","value":"//input[contains(@id ,\"application-managecatalogs-display-component---detailCatalog--nameInput-inner\")]"}
RESULT: {"using":"xpath","value":"//input[contains(@id ,\"application-managecatalogs-display-component---detailCatalog--nameInput-inner\")]"}
COMMAND: POST /session/eacf8bccc3b349b538ac2f1863989237/elements - {"using":"xpath","value":"//input[contains(@id ,\"application-managecatalogs-display-component---detailCatalog--nameInput-inner\")]"}
RESULT: {"using":"xpath","value":"//input[contains(@id ,\"application-managecatalogs-display-component---detailCatalog--nameInput-inner\")]"}
COMMAND: POST /session/eacf8bccc3b349b538ac2f1863989237/element/f.11D6377D86A94FC2ADAA7D32FFC9D30E.d.354E3C335109413B8BD196D8CFD25802.e.8041/clear - {}
RESULT: {}
COMMAND: POST /session/eacf8bccc3b349b538ac2f1863989237/element/f.11D6377D86A94FC2ADAA7D32FFC9D30E.d.354E3C335109413B8BD196D8CFD25802.e.8041/value - {"text":"webdriversecondthcrf"}
COMMAND: GET /session/eacf8bccc3b349b538ac2f1863989237/screenshot - {}
RESULT: {"text":"webdriversecondthcrf"}
RESULT: undefined
COMMAND: POST /session/eacf8bccc3b349b538ac2f1863989237/element - {"using":"xpath","value":"//*[@id=\"__button66\"]"}
COMMAND: GET /session/eacf8bccc3b349b538ac2f1863989237/screenshot - {}
RESULT: {}
RESULT: {"using":"xpath","value":"//*[@id=\"__button66\"]"}
COMMAND: POST /session/eacf8bccc3b349b538ac2f1863989237/element/f.11D6377D86A94FC2ADAA7D32FFC9D30E.d.354E3C335109413B8BD196D8CFD25802.e.8045/click - {}
RESULT: {}
RESULT: {}
COMMAND: GET /session/eacf8bccc3b349b538ac2f1863989237/screenshot - {}
RESULT: {}
COMMAND: POST /session/eacf8bccc3b349b538ac2f1863989237/element - {"using":"xpath","value":"//button[@title=\"Save\"]"}
RESULT: {"using":"xpath","value":"//button[@title=\"Save\"]"}
COMMAND: POST /session/eacf8bccc3b349b538ac2f1863989237/element/f.11D6377D86A94FC2ADAA7D32FFC9D30E.d.354E3C335109413B8BD196D8CFD25802.e.8023/click - {}
RESULT: {}
COMMAND: GET /session/eacf8bccc3b349b538ac2f1863989237/screenshot - {}
RESULT: {}
RESULT: undefined
COMMAND: POST /session/eacf8bccc3b349b538ac2f1863989237/element - {"using":"xpath","value":"//*[@id=\"__button91-img\"]"}
RESULT: {"using":"xpath","value":"//*[@id=\"__button91-img\"]"}
COMMAND: POST /session/eacf8bccc3b349b538ac2f1863989237/element/f.11D6377D86A94FC2ADAA7D32FFC9D30E.d.354E3C335109413B8BD196D8CFD25802.e.7996/click - {}
RESULT: {}
COMMAND: GET /session/eacf8bccc3b349b538ac2f1863989237/screenshot - {}
RESULT: {}
RESULT: undefined
COMMAND: POST /session/eacf8bccc3b349b538ac2f1863989237/element - {"using":"xpath","value":"//*[@id=\"__button64-img\"]"}
RESULT: {"using":"xpath","value":"//*[@id=\"__button64-img\"]"}
COMMAND: POST /session/eacf8bccc3b349b538ac2f1863989237/element/f.11D6377D86A94FC2ADAA7D32FFC9D30E.d.354E3C335109413B8BD196D8CFD25802.e.8084/click - {}
RESULT: {}
COMMAND: GET /session/eacf8bccc3b349b538ac2f1863989237/screenshot - {}
RESULT: {}
RESULT: undefined
COMMAND: POST /session/eacf8bccc3b349b538ac2f1863989237/execute/async - {"script":"<script> [776 bytes]","args":[{"enterText":"SecondSectionu6zpm","selector":{"id":"application-managecatalogs-display-component---masterCatalogItems--searchItemsField","interaction":{"idSuffix":"I"}},"clearTextFirst":true,"interactionType":"ENTER_TEXT"}]}
RESULT: {"script":"<script> [776 bytes]","args":[{"enterText":"SecondSectionu6zpm","selector":{"id":"application-managecatalogs-display-component---masterCatalogItems--searchItemsField","interaction":{"idSuffix":"I"}},"clearTextFirst":true,"interactionType":"ENTER_TEXT"}]}
COMMAND: POST /session/eacf8bccc3b349b538ac2f1863989237/actions - {"actions":[{"id":"action45","type":"key","parameters":{},"actions":[{"type":"keyDown","value":""},{"type":"pause","duration":10},{"type":"keyUp","value":""}]}]}
RESULT: {"actions":[{"id":"action45","type":"key","parameters":{},"actions":[{"type":"keyDown","value":""},{"type":"pause","duration":10},{"type":"keyUp","value":""}]}]}
COMMAND: POST /session/eacf8bccc3b349b538ac2f1863989237/element - {"using":"xpath","value":"(//span[contains(text(), \"SecondSectionu6zpm\")])[1]"}
COMMAND: GET /session/eacf8bccc3b349b538ac2f1863989237/screenshot - {}
RESULT: {"using":"xpath","value":"(//span[contains(text(), \"SecondSectionu6zpm\")])[1]"}
COMMAND: POST /session/eacf8bccc3b349b538ac2f1863989237/element/f.11D6377D86A94FC2ADAA7D32FFC9D30E.d.354E3C335109413B8BD196D8CFD25802.e.8087/click - {}
RESULT: {}
RESULT: {}
COMMAND: POST /session/eacf8bccc3b349b538ac2f1863989237/element - {"using":"xpath","value":"(//span[contains(text(), \"SecondSectionu6zpm\")])[1]"}
COMMAND: GET /session/eacf8bccc3b349b538ac2f1863989237/screenshot - {}
RESULT: {"using":"xpath","value":"(//span[contains(text(), \"SecondSectionu6zpm\")])[1]"}
COMMAND: GET /session/eacf8bccc3b349b538ac2f1863989237/element/f.11D6377D86A94FC2ADAA7D32FFC9D30E.d.354E3C335109413B8BD196D8CFD25802.e.8087/text - {}
RESULT: {}
COMMAND: POST /session/eacf8bccc3b349b538ac2f1863989237/element - {"using":"xpath","value":"(//span[contains(text(), \"SecondSectionu6zpm\")])[1]"}
RESULT: {"using":"xpath","value":"(//span[contains(text(), \"SecondSectionu6zpm\")])[1]"}
COMMAND: GET /session/eacf8bccc3b349b538ac2f1863989237/element/f.11D6377D86A94FC2ADAA7D32FFC9D30E.d.354E3C335109413B8BD196D8CFD25802.e.8087/text - {}
COMMAND: POST /session/eacf8bccc3b349b538ac2f1863989237/element - {"using":"xpath","value":"(//span[contains(text(), \"SecondSectionu6zpm\")])[1]"}
RESULT: {"using":"xpath","value":"(//span[contains(text(), \"SecondSectionu6zpm\")])[1]"}
COMMAND: GET /session/eacf8bccc3b349b538ac2f1863989237/element/f.11D6377D86A94FC2ADAA7D32FFC9D30E.d.354E3C335109413B8BD196D8CFD25802.e.8139/text - {}
RESULT: {}
COMMAND: POST /session/eacf8bccc3b349b538ac2f1863989237/refresh - {}
RESULT: {}
COMMAND: GET /session/eacf8bccc3b349b538ac2f1863989237/screenshot - {}
RESULT: {}
COMMAND: POST /session/eacf8bccc3b349b538ac2f1863989237/execute/async - {"script":"<script> [189 bytes]","args":[]}
RESULT: {"script":"<script> [189 bytes]","args":[]}
COMMAND: POST /session/eacf8bccc3b349b538ac2f1863989237/execute/async - {"script":"<script> [123 bytes]","args":[]}
RESULT: {"script":"<script> [123 bytes]","args":[]}
COMMAND: POST /session/eacf8bccc3b349b538ac2f1863989237/timeouts - {"script":"<number>"}
RESULT: {"script":"<number>"}
COMMAND: GET /session/eacf8bccc3b349b538ac2f1863989237/timeouts - {}
RESULT: {}
RESULT: undefined
COMMAND: POST /session/eacf8bccc3b349b538ac2f1863989237/execute/async - {"script":"<script> [2676 bytes]","args":[]}
RESULT: {"script":"<script> [2676 bytes]","args":[]}
COMMAND: POST /session/eacf8bccc3b349b538ac2f1863989237/execute/async - {"script":"<script> [2342 bytes]","args":[{"protocol":"http","hostname":"0.0.0.0","path":"/","capabilities":{"browserName":"chrome","goog:chromeOptions":{"binary":"C:\\Program Files\\Google\\Chrome\\Application\\chrome.exe","args":["--start-maximized"]}},"logLevel":"warn","connectionRetryTimeout":120000,"connectionRetryCount":3,"logLevels":{},"enableDirectConnect":true,"strictSSL":true,"_":"65 more keys: [\"cacheDir\",\"port\",\"requestedCapabilities\",\"automationProtocol\",\"baseUrl\",\"waitforInterval\",\"waitforTimeout\",\"onReload\",\"beforeCommand\",\"afterCommand\",\"rootDir\",\"specs\",\"suites\",\"exclude\",\"groupLogsByTestSpec\",\"excludeDriverLogs\",\"bail\",\"framework\",\"reporters\",\"services\",\"maxInstances\",\"maxInstancesPerCapability\",\"injectGlobals\",\"filesToWatch\",\"execArgv\",\"runnerEnv\",\"runner\",\"shard\",\"specFileRetries\",\"specFileRetriesDelay\",\"specFileRetriesDeferred\",\"reporterSyncInterval\",\"reporterSyncTimeout\",\"cucumberFeaturesWithLineNumbers\",\"autoCompileOpts\",\"mochaOpts\",\"jasmineOpts\",\"cucumberOpts\",\"onPrepare\",\"onWorkerStart\",\"onWorkerEnd\",\"before\",\"beforeSession\",\"beforeSuite\",\"beforeHook\",\"beforeTest\",\"afterTest\",\"afterHook\",\"afterSuite\",\"afterSession\",\"after\",\"onComplete\",\"beforeAssertion\",\"afterAssertion\",\"beforeFeature\",\"beforeScenario\",\"beforeStep\",\"afterStep\",\"afterScenario\",\"afterFeature\",\"_\",\"suite\",\"$0\",\"ignoredWorkerServices\",\"wdi5\"]"}]}
RESULT: {"script":"<script> [2342 bytes]","args":[{"protocol":"http","hostname":"0.0.0.0","path":"/","capabilities":{"browserName":"chrome","goog:chromeOptions":{"binary":"C:\\Program Files\\Google\\Chrome\\Application\\chrome.exe","args":["--start-maximized"]}},"logLevel":"warn","connectionRetryTimeout":120000,"connectionRetryCount":3,"logLevels":{},"enableDirectConnect":true,"strictSSL":true,"_":"65 more keys: [\"cacheDir\",\"port\",\"requestedCapabilities\",\"automationProtocol\",\"baseUrl\",\"waitforInterval\",\"waitforTimeout\",\"onReload\",\"beforeCommand\",\"afterCommand\",\"rootDir\",\"specs\",\"suites\",\"exclude\",\"groupLogsByTestSpec\",\"excludeDriverLogs\",\"bail\",\"framework\",\"reporters\",\"services\",\"maxInstances\",\"maxInstancesPerCapability\",\"injectGlobals\",\"filesToWatch\",\"execArgv\",\"runnerEnv\",\"runner\",\"shard\",\"specFileRetries\",\"specFileRetriesDelay\",\"specFileRetriesDeferred\",\"reporterSyncInterval\",\"reporterSyncTimeout\",\"cucumberFeaturesWithLineNumbers\",\"autoCompileOpts\",\"mochaOpts\",\"jasmineOpts\",\"cucumberOpts\",\"onPrepare\",\"onWorkerStart\",\"onWorkerEnd\",\"before\",\"beforeSession\",\"beforeSuite\",\"beforeHook\",\"beforeTest\",\"afterTest\",\"afterHook\",\"afterSuite\",\"afterSession\",\"after\",\"onComplete\",\"beforeAssertion\",\"afterAssertion\",\"beforeFeature\",\"beforeScenario\",\"beforeStep\",\"afterStep\",\"afterScenario\",\"afterFeature\",\"_\",\"suite\",\"$0\",\"ignoredWorkerServices\",\"wdi5\"]"}]}
COMMAND: POST /session/eacf8bccc3b349b538ac2f1863989237/execute/async - {"script":"<script> [21126 bytes]","args":[35000]}
RESULT: {"script":"<script> [21126 bytes]","args":[35000]}
COMMAND: POST /session/eacf8bccc3b349b538ac2f1863989237/execute/async - {"script":"<script> [1562 bytes]","args":[{"selector":{"controlType":"sap.m.Button","viewName":"etm.portal.ui.managecatalogs.view.Detail","viewId":"application-managecatalogs-display-component---detailCatalog","i18NText":{"propertyName":"text","key":"edit"},"interaction":{"idSuffix":"BDI-content"}},"wdio_ui5_key":"etmportal.ui.managecatalogs.view.Detailsap.m.Button{\"propertyName\":\"text\",\"key\":\"edit\"}"}]}
RESULT: {"script":"<script> [1562 bytes]","args":[{"selector":{"controlType":"sap.m.Button","viewName":"etm.portal.ui.managecatalogs.view.Detail","viewId":"application-managecatalogs-display-component---detailCatalog","i18NText":{"propertyName":"text","key":"edit"},"interaction":{"idSuffix":"BDI-content"}},"wdio_ui5_key":"etmportal.ui.managecatalogs.view.Detailsap.m.Button{\"propertyName\":\"text\",\"key\":\"edit\"}"}]}
RESULT: undefined
COMMAND: POST /session/eacf8bccc3b349b538ac2f1863989237/element - {"using":"xpath","value":"//*[@id=\"__button25\"]"}
RESULT: {"using":"xpath","value":"//*[@id=\"__button25\"]"}
COMMAND: POST /session/eacf8bccc3b349b538ac2f1863989237/element/f.11D6377D86A94FC2ADAA7D32FFC9D30E.d.6C58922F3DD443D8CF82BAFD23FCAF6D.e.8266/click - {}
RESULT: {}
COMMAND: POST /session/eacf8bccc3b349b538ac2f1863989237/execute/async - {"script":"<script> [1562 bytes]","args":[{"selector":{"controlType":"sap.ui.core.Icon","viewName":"etm.portal.ui.managecatalogs.view.Detail","viewId":"application-managecatalogs-display-component---detailCatalog","properties":{"src":{"regex":{"source":"add\\-document"}}}},"wdio_ui5_key":"etmportal.ui.managecatalogs.view.Detailsap.ui.core.Icon{\"src\":{\"regex\":{\"source\":\"add\\\\-document\"}}}"}]}
COMMAND: GET /session/eacf8bccc3b349b538ac2f1863989237/screenshot - {}
RESULT: {"script":"<script> [1562 bytes]","args":[{"selector":{"controlType":"sap.ui.core.Icon","viewName":"etm.portal.ui.managecatalogs.view.Detail","viewId":"application-managecatalogs-display-component---detailCatalog","properties":{"src":{"regex":{"source":"add\\-document"}}}},"wdio_ui5_key":"etmportal.ui.managecatalogs.view.Detailsap.ui.core.Icon{\"src\":{\"regex\":{\"source\":\"add\\\\-document\"}}}"}]}
RESULT: undefined
COMMAND: POST /session/eacf8bccc3b349b538ac2f1863989237/element - {"using":"xpath","value":"//*[@id=\"__button34-img\"]"}
RESULT: {}
RESULT: {"using":"xpath","value":"//*[@id=\"__button34-img\"]"}
COMMAND: POST /session/eacf8bccc3b349b538ac2f1863989237/element/f.11D6377D86A94FC2ADAA7D32FFC9D30E.d.6C58922F3DD443D8CF82BAFD23FCAF6D.e.8272/click - {}
RESULT: {}
COMMAND: POST /session/eacf8bccc3b349b538ac2f1863989237/execute/async - {"script":"<script> [1562 bytes]","args":[{"selector":{"id":"application-managecatalogs-display-component---detailCatalog--newItemNumberInput","searchOpenDialogs":true,"interaction":{"idSuffix":"inner"}},"wdio_ui5_key":"applicationmanagecatalogs-display-component---detailCatalog--newItemNumberInput"}]}
COMMAND: GET /session/eacf8bccc3b349b538ac2f1863989237/screenshot - {}
RESULT: {"script":"<script> [1562 bytes]","args":[{"selector":{"id":"application-managecatalogs-display-component---detailCatalog--newItemNumberInput","searchOpenDialogs":true,"interaction":{"idSuffix":"inner"}},"wdio_ui5_key":"applicationmanagecatalogs-display-component---detailCatalog--newItemNumberInput"}]}
RESULT: undefined
COMMAND: POST /session/eacf8bccc3b349b538ac2f1863989237/execute/async - {"script":"<script> [776 bytes]","args":[{"enterText":"catalogItemr530d","selector":{"id":"application-managecatalogs-display-component---detailCatalog--newItemNumberInput","searchOpenDialogs":true,"interaction":{"idSuffix":"inner"}},"clearTextFirst":true,"interactionType":"ENTER_TEXT"}]}
RESULT: {}
RESULT: {"script":"<script> [776 bytes]","args":[{"enterText":"catalogItemr530d","selector":{"id":"application-managecatalogs-display-component---detailCatalog--newItemNumberInput","searchOpenDialogs":true,"interaction":{"idSuffix":"inner"}},"clearTextFirst":true,"interactionType":"ENTER_TEXT"}]}
COMMAND: POST /session/eacf8bccc3b349b538ac2f1863989237/execute/async - {"script":"<script> [1562 bytes]","args":[{"selector":{"controlType":"sap.m.Input","viewName":"etm.portal.ui.managecatalogs.view.Detail","viewId":"application-managecatalogs-display-component---detailCatalog","bindingPath":{"path":"","propertyPath":"/DESCRIPTION"},"searchOpenDialogs":true,"interaction":{"idSuffix":"inner"}},"wdio_ui5_key":"etmportal.ui.managecatalogs.view.Detailsap.m.Input{\"path\":\"\",\"propertyPath\":\"/DESCRIPTION\"}"}]}
RESULT: {"script":"<script> [1562 bytes]","args":[{"selector":{"controlType":"sap.m.Input","viewName":"etm.portal.ui.managecatalogs.view.Detail","viewId":"application-managecatalogs-display-component---detailCatalog","bindingPath":{"path":"","propertyPath":"/DESCRIPTION"},"searchOpenDialogs":true,"interaction":{"idSuffix":"inner"}},"wdio_ui5_key":"etmportal.ui.managecatalogs.view.Detailsap.m.Input{\"path\":\"\",\"propertyPath\":\"/DESCRIPTION\"}"}]}
RESULT: undefined
COMMAND: POST /session/eacf8bccc3b349b538ac2f1863989237/execute/async - {"script":"<script> [776 bytes]","args":[{"enterText":"catalogItemName3hrnv","selector":{"controlType":"sap.m.Input","viewName":"etm.portal.ui.managecatalogs.view.Detail","viewId":"application-managecatalogs-display-component---detailCatalog","bindingPath":{"path":"","propertyPath":"/DESCRIPTION"},"searchOpenDialogs":true,"interaction":{"idSuffix":"inner"}},"clearTextFirst":true,"interactionType":"ENTER_TEXT"}]}
RESULT: {"script":"<script> [776 bytes]","args":[{"enterText":"catalogItemName3hrnv","selector":{"controlType":"sap.m.Input","viewName":"etm.portal.ui.managecatalogs.view.Detail","viewId":"application-managecatalogs-display-component---detailCatalog","bindingPath":{"path":"","propertyPath":"/DESCRIPTION"},"searchOpenDialogs":true,"interaction":{"idSuffix":"inner"}},"clearTextFirst":true,"interactionType":"ENTER_TEXT"}]}
COMMAND: POST /session/eacf8bccc3b349b538ac2f1863989237/execute/async - {"script":"<script> [1562 bytes]","args":[{"selector":{"controlType":"sap.m.Button","viewName":"etm.portal.ui.managecatalogs.view.Detail","viewId":"application-managecatalogs-display-component---detailCatalog","i18NText":{"propertyName":"text","key":"create"},"searchOpenDialogs":true,"interaction":{"idSuffix":"BDI-content"}},"wdio_ui5_key":"etmportal.ui.managecatalogs.view.Detailsap.m.Button{\"propertyName\":\"text\",\"key\":\"create\"}"}]}
RESULT: {"script":"<script> [1562 bytes]","args":[{"selector":{"controlType":"sap.m.Button","viewName":"etm.portal.ui.managecatalogs.view.Detail","viewId":"application-managecatalogs-display-component---detailCatalog","i18NText":{"propertyName":"text","key":"create"},"searchOpenDialogs":true,"interaction":{"idSuffix":"BDI-content"}},"wdio_ui5_key":"etmportal.ui.managecatalogs.view.Detailsap.m.Button{\"propertyName\":\"text\",\"key\":\"create\"}"}]}
RESULT: undefined
COMMAND: POST /session/eacf8bccc3b349b538ac2f1863989237/element - {"using":"xpath","value":"//*[@id=\"__button9\"]"}
RESULT: {"using":"xpath","value":"//*[@id=\"__button9\"]"}
COMMAND: POST /session/eacf8bccc3b349b538ac2f1863989237/element/f.11D6377D86A94FC2ADAA7D32FFC9D30E.d.6C58922F3DD443D8CF82BAFD23FCAF6D.e.8282/click - {}
RESULT: {}
COMMAND: GET /session/eacf8bccc3b349b538ac2f1863989237/screenshot - {}
RESULT: {}
COMMAND: POST /session/eacf8bccc3b349b538ac2f1863989237/element - {"using":"xpath","value":"//button[@title=\"Save\"]"}
RESULT: {"using":"xpath","value":"//button[@title=\"Save\"]"}
COMMAND: POST /session/eacf8bccc3b349b538ac2f1863989237/element/f.11D6377D86A94FC2ADAA7D32FFC9D30E.d.6C58922F3DD443D8CF82BAFD23FCAF6D.e.8283/click - {}
RESULT: {}
COMMAND: GET /session/eacf8bccc3b349b538ac2f1863989237/screenshot - {}
RESULT: {}
COMMAND: POST /session/eacf8bccc3b349b538ac2f1863989237/execute/async - {"script":"<script> [1562 bytes]","args":[{"selector":{"controlType":"sap.ui.core.Icon","viewName":"etm.portal.ui.managecatalogs.view.Detail","viewId":"application-managecatalogs-display-component---detailCatalog","properties":{"src":{"regex":{"source":"decline"}}}},"wdio_ui5_key":"etmportal.ui.managecatalogs.view.Detailsap.ui.core.Icon{\"src\":{\"regex\":{\"source\":\"decline\"}}}"}]}
RESULT: {"script":"<script> [1562 bytes]","args":[{"selector":{"controlType":"sap.ui.core.Icon","viewName":"etm.portal.ui.managecatalogs.view.Detail","viewId":"application-managecatalogs-display-component---detailCatalog","properties":{"src":{"regex":{"source":"decline"}}}},"wdio_ui5_key":"etmportal.ui.managecatalogs.view.Detailsap.ui.core.Icon{\"src\":{\"regex\":{\"source\":\"decline\"}}}"}]}
RESULT: undefined
COMMAND: POST /session/eacf8bccc3b349b538ac2f1863989237/element - {"using":"xpath","value":"//*[@id=\"__button28-img\"]"}
RESULT: {"using":"xpath","value":"//*[@id=\"__button28-img\"]"}
COMMAND: POST /session/eacf8bccc3b349b538ac2f1863989237/element/f.11D6377D86A94FC2ADAA7D32FFC9D30E.d.6C58922F3DD443D8CF82BAFD23FCAF6D.e.8289/click - {}
RESULT: {}
COMMAND: GET /session/eacf8bccc3b349b538ac2f1863989237/screenshot - {}
RESULT: {}
COMMAND: POST /session/eacf8bccc3b349b538ac2f1863989237/execute/async - {"script":"<script> [1562 bytes]","args":[{"selector":{"controlType":"sap.ui.core.Icon","viewName":"etm.portal.ui.managecatalogs.view.MasterItems","viewId":"application-managecatalogs-display-component---masterCatalogItems","properties":{"src":{"regex":{"source":"refresh"}}}},"wdio_ui5_key":"etmportal.ui.managecatalogs.view.MasterItemssap.ui.core.Icon{\"src\":{\"regex\":{\"source\":\"refresh\"}}}"}]}
RESULT: {"script":"<script> [1562 bytes]","args":[{"selector":{"controlType":"sap.ui.core.Icon","viewName":"etm.portal.ui.managecatalogs.view.MasterItems","viewId":"application-managecatalogs-display-component---masterCatalogItems","properties":{"src":{"regex":{"source":"refresh"}}}},"wdio_ui5_key":"etmportal.ui.managecatalogs.view.MasterItemssap.ui.core.Icon{\"src\":{\"regex\":{\"source\":\"refresh\"}}}"}]}
RESULT: undefined
COMMAND: POST /session/eacf8bccc3b349b538ac2f1863989237/element - {"using":"xpath","value":"//*[@id=\"__button1-img\"]"}
RESULT: {"using":"xpath","value":"//*[@id=\"__button1-img\"]"}
COMMAND: POST /session/eacf8bccc3b349b538ac2f1863989237/element/f.11D6377D86A94FC2ADAA7D32FFC9D30E.d.6C58922F3DD443D8CF82BAFD23FCAF6D.e.8323/click - {}
RESULT: {}
COMMAND: GET /session/eacf8bccc3b349b538ac2f1863989237/screenshot - {}
RESULT: {}
COMMAND: POST /session/eacf8bccc3b349b538ac2f1863989237/execute/async - {"script":"<script> [1562 bytes]","args":[{"selector":{"id":"application-managecatalogs-display-component---masterCatalogItems--searchItemsField","interaction":{"idSuffix":"I"}},"wdio_ui5_key":"applicationmanagecatalogs-display-component---masterCatalogItems--searchItemsField"}]}
RESULT: {"script":"<script> [1562 bytes]","args":[{"selector":{"id":"application-managecatalogs-display-component---masterCatalogItems--searchItemsField","interaction":{"idSuffix":"I"}},"wdio_ui5_key":"applicationmanagecatalogs-display-component---masterCatalogItems--searchItemsField"}]}
RESULT: undefined
COMMAND: POST /session/eacf8bccc3b349b538ac2f1863989237/execute/async - {"script":"<script> [776 bytes]","args":[{"enterText":"catalogItemName3hrnv","selector":{"id":"application-managecatalogs-display-component---masterCatalogItems--searchItemsField","interaction":{"idSuffix":"I"}},"clearTextFirst":true,"interactionType":"ENTER_TEXT"}]}
RESULT: {"script":"<script> [776 bytes]","args":[{"enterText":"catalogItemName3hrnv","selector":{"id":"application-managecatalogs-display-component---masterCatalogItems--searchItemsField","interaction":{"idSuffix":"I"}},"clearTextFirst":true,"interactionType":"ENTER_TEXT"}]}
COMMAND: POST /session/eacf8bccc3b349b538ac2f1863989237/actions - {"actions":[{"id":"action46","type":"key","parameters":{},"actions":[{"type":"keyDown","value":""},{"type":"pause","duration":10},{"type":"keyUp","value":""}]}]}
RESULT: {"actions":[{"id":"action46","type":"key","parameters":{},"actions":[{"type":"keyDown","value":""},{"type":"pause","duration":10},{"type":"keyUp","value":""}]}]}
COMMAND: POST /session/eacf8bccc3b349b538ac2f1863989237/element - {"using":"xpath","value":"(//span[contains(text(), \"catalogItemName3hrnv\")])[1]"}
COMMAND: GET /session/eacf8bccc3b349b538ac2f1863989237/screenshot - {}
RESULT: {"using":"xpath","value":"(//span[contains(text(), \"catalogItemName3hrnv\")])[1]"}
COMMAND: POST /session/eacf8bccc3b349b538ac2f1863989237/element/f.11D6377D86A94FC2ADAA7D32FFC9D30E.d.6C58922F3DD443D8CF82BAFD23FCAF6D.e.8330/click - {}
RESULT: {}
RESULT: {}
COMMAND: GET /session/eacf8bccc3b349b538ac2f1863989237/screenshot - {}
RESULT: {}
COMMAND: POST /session/eacf8bccc3b349b538ac2f1863989237/element - {"using":"xpath","value":"//span[contains(text(), \"catalogItemr530d\")]"}
RESULT: {"using":"xpath","value":"//span[contains(text(), \"catalogItemr530d\")]"}
COMMAND: GET /session/eacf8bccc3b349b538ac2f1863989237/element/f.11D6377D86A94FC2ADAA7D32FFC9D30E.d.6C58922F3DD443D8CF82BAFD23FCAF6D.e.8389/text - {}
RESULT: {}
]]></system-out>
    </testcase>
    <testcase classname="chrome.135_0_7049_42.windows.Manage_requests_-_requests_specifications_US141095" name="Should add the classification to the catalog item" time="36.494">
      <system-out><![CDATA[
RESULT: undefined
COMMAND: POST /session/eacf8bccc3b349b538ac2f1863989237/element - {"using":"xpath","value":"//*[@id=\"__button25\"]"}
RESULT: {"using":"xpath","value":"//*[@id=\"__button25\"]"}
COMMAND: POST /session/eacf8bccc3b349b538ac2f1863989237/element/f.11D6377D86A94FC2ADAA7D32FFC9D30E.d.6C58922F3DD443D8CF82BAFD23FCAF6D.e.8390/click - {}
RESULT: {}
COMMAND: GET /session/eacf8bccc3b349b538ac2f1863989237/screenshot - {}
RESULT: {}
COMMAND: POST /session/eacf8bccc3b349b538ac2f1863989237/execute/async - {"script":"<script> [1562 bytes]","args":[{"selector":{"id":"application-managecatalogs-display-component---detailCatalog--BASE_UNIT_OF_MEASURE-arrow"},"wdio_ui5_key":"applicationmanagecatalogs-display-component---detailCatalog--BASE_UNIT_OF_MEASURE-arrow"}]}
RESULT: {"script":"<script> [1562 bytes]","args":[{"selector":{"id":"application-managecatalogs-display-component---detailCatalog--BASE_UNIT_OF_MEASURE-arrow"},"wdio_ui5_key":"applicationmanagecatalogs-display-component---detailCatalog--BASE_UNIT_OF_MEASURE-arrow"}]}
RESULT: undefined
COMMAND: POST /session/eacf8bccc3b349b538ac2f1863989237/element - {"using":"xpath","value":"//*[@id=\"application-managecatalogs-display-component---detailCatalog--BASE_UNIT_OF_MEASURE-arrow\"]"}
RESULT: {"using":"xpath","value":"//*[@id=\"application-managecatalogs-display-component---detailCatalog--BASE_UNIT_OF_MEASURE-arrow\"]"}
COMMAND: POST /session/eacf8bccc3b349b538ac2f1863989237/element/f.11D6377D86A94FC2ADAA7D32FFC9D30E.d.6C58922F3DD443D8CF82BAFD23FCAF6D.e.8409/click - {}
RESULT: {}
COMMAND: POST /session/eacf8bccc3b349b538ac2f1863989237/execute/async - {"script":"<script> [1562 bytes]","args":[{"selector":{"controlType":"sap.m.StandardListItem","viewName":"etm.portal.ui.managecatalogs.view.Detail","viewId":"application-managecatalogs-display-component---detailCatalog","properties":{"title":"Piece"},"searchOpenDialogs":true,"interaction":{"idSuffix":"titleText"}},"wdio_ui5_key":"etmportal.ui.managecatalogs.view.Detailsap.m.StandardListItem{\"title\":\"Piece\"}"}]}
COMMAND: GET /session/eacf8bccc3b349b538ac2f1863989237/screenshot - {}
RESULT: {"script":"<script> [1562 bytes]","args":[{"selector":{"controlType":"sap.m.StandardListItem","viewName":"etm.portal.ui.managecatalogs.view.Detail","viewId":"application-managecatalogs-display-component---detailCatalog","properties":{"title":"Piece"},"searchOpenDialogs":true,"interaction":{"idSuffix":"titleText"}},"wdio_ui5_key":"etmportal.ui.managecatalogs.view.Detailsap.m.StandardListItem{\"title\":\"Piece\"}"}]}
RESULT: undefined
COMMAND: POST /session/eacf8bccc3b349b538ac2f1863989237/element - {"using":"xpath","value":"//*[@id=\"__item229\"]"}
RESULT: {}
RESULT: {"using":"xpath","value":"//*[@id=\"__item229\"]"}
COMMAND: POST /session/eacf8bccc3b349b538ac2f1863989237/element/f.11D6377D86A94FC2ADAA7D32FFC9D30E.d.6C58922F3DD443D8CF82BAFD23FCAF6D.e.8413/click - {}
RESULT: {}
COMMAND: POST /session/eacf8bccc3b349b538ac2f1863989237/element - {"using":"xpath","value":"//button[contains(@data-kt ,\"ClassificationAddClassButton\")]"}
COMMAND: GET /session/eacf8bccc3b349b538ac2f1863989237/screenshot - {}
RESULT: {"using":"xpath","value":"//button[contains(@data-kt ,\"ClassificationAddClassButton\")]"}
COMMAND: POST /session/eacf8bccc3b349b538ac2f1863989237/element/f.11D6377D86A94FC2ADAA7D32FFC9D30E.d.6C58922F3DD443D8CF82BAFD23FCAF6D.e.8414/click - {}
RESULT: {}
RESULT: {}
COMMAND: GET /session/eacf8bccc3b349b538ac2f1863989237/screenshot - {}
RESULT: {}
COMMAND: POST /session/eacf8bccc3b349b538ac2f1863989237/element - {"using":"xpath","value":"//input[contains(@id ,\"searchField-I\")]"}
RESULT: {"using":"xpath","value":"//input[contains(@id ,\"searchField-I\")]"}
COMMAND: POST /session/eacf8bccc3b349b538ac2f1863989237/element/f.11D6377D86A94FC2ADAA7D32FFC9D30E.d.6C58922F3DD443D8CF82BAFD23FCAF6D.e.8417/value - {"text":"WebdriverItemClassonexf"}
RESULT: {"text":"WebdriverItemClassonexf"}
COMMAND: POST /session/eacf8bccc3b349b538ac2f1863989237/actions - {"actions":[{"id":"action47","type":"key","parameters":{},"actions":[{"type":"keyDown","value":""},{"type":"pause","duration":10},{"type":"keyUp","value":""}]}]}
COMMAND: GET /session/eacf8bccc3b349b538ac2f1863989237/screenshot - {}
RESULT: {"actions":[{"id":"action47","type":"key","parameters":{},"actions":[{"type":"keyDown","value":""},{"type":"pause","duration":10},{"type":"keyUp","value":""}]}]}
COMMAND: GET /session/eacf8bccc3b349b538ac2f1863989237/screenshot - {}
RESULT: {}
RESULT: {}
COMMAND: POST /session/eacf8bccc3b349b538ac2f1863989237/element - {"using":"xpath","value":"//span[contains(text(), \"WebdriverItemClassonexf\")]"}
RESULT: {"using":"xpath","value":"//span[contains(text(), \"WebdriverItemClassonexf\")]"}
COMMAND: POST /session/eacf8bccc3b349b538ac2f1863989237/element/f.11D6377D86A94FC2ADAA7D32FFC9D30E.d.6C58922F3DD443D8CF82BAFD23FCAF6D.e.8431/click - {}
RESULT: {}
COMMAND: GET /session/eacf8bccc3b349b538ac2f1863989237/screenshot - {}
RESULT: {}
COMMAND: POST /session/eacf8bccc3b349b538ac2f1863989237/execute/async - {"script":"<script> [1562 bytes]","args":[{"selector":{"controlType":"sap.m.Button","viewName":"etm.portal.ui.managecatalogs.view.Detail","viewId":"application-managecatalogs-display-component---detailCatalog","properties":{"text":"Classification"},"interaction":{"idSuffix":"BDI-content"}},"wdio_ui5_key":"etmportal.ui.managecatalogs.view.Detailsap.m.Button{\"text\":\"Classification\"}"}]}
RESULT: {"script":"<script> [1562 bytes]","args":[{"selector":{"controlType":"sap.m.Button","viewName":"etm.portal.ui.managecatalogs.view.Detail","viewId":"application-managecatalogs-display-component---detailCatalog","properties":{"text":"Classification"},"interaction":{"idSuffix":"BDI-content"}},"wdio_ui5_key":"etmportal.ui.managecatalogs.view.Detailsap.m.Button{\"text\":\"Classification\"}"}]}
RESULT: undefined
COMMAND: POST /session/eacf8bccc3b349b538ac2f1863989237/element - {"using":"xpath","value":"//*[@id=\"application-managecatalogs-display-component---detailCatalog--ObjectPageLayout-anchBar-__section3-anchor\"]"}
RESULT: {"using":"xpath","value":"//*[@id=\"application-managecatalogs-display-component---detailCatalog--ObjectPageLayout-anchBar-__section3-anchor\"]"}
COMMAND: POST /session/eacf8bccc3b349b538ac2f1863989237/element/f.11D6377D86A94FC2ADAA7D32FFC9D30E.d.6C58922F3DD443D8CF82BAFD23FCAF6D.e.8438/click - {}
RESULT: {}
COMMAND: POST /session/eacf8bccc3b349b538ac2f1863989237/execute/async - {"script":"<script> [1562 bytes]","args":[{"selector":{"controlType":"sap.ui.core.Icon","viewName":"etm.portal.ui.managecatalogs.view.Detail","viewId":"application-managecatalogs-display-component---detailCatalog","properties":{"src":{"regex":{"source":"slim\\-arrow\\-right"}}},"ancestor":{"controlType":"sap.m.Panel","viewName":"etm.portal.ui.managecatalogs.view.Detail","viewId":"application-managecatalogs-display-component---detailCatalog"}},"wdio_ui5_key":"etmportal.ui.managecatalogs.view.Detailsap.ui.core.Icon{\"src\":{\"regex\":{\"source\":\"slim\\\\-arrow\\\\-right\"}}}{\"controlType\":\"sap.m.Panel\",\"viewName\":\"etm.portal.ui.managecatalogs.view.Detail\",\"viewId\":\"application-managecatalogs-display-component---detailCatalog\"}"}]}
COMMAND: GET /session/eacf8bccc3b349b538ac2f1863989237/screenshot - {}
RESULT: {"script":"<script> [1562 bytes]","args":[{"selector":{"controlType":"sap.ui.core.Icon","viewName":"etm.portal.ui.managecatalogs.view.Detail","viewId":"application-managecatalogs-display-component---detailCatalog","properties":{"src":{"regex":{"source":"slim\\-arrow\\-right"}}},"ancestor":{"controlType":"sap.m.Panel","viewName":"etm.portal.ui.managecatalogs.view.Detail","viewId":"application-managecatalogs-display-component---detailCatalog"}},"wdio_ui5_key":"etmportal.ui.managecatalogs.view.Detailsap.ui.core.Icon{\"src\":{\"regex\":{\"source\":\"slim\\\\-arrow\\\\-right\"}}}{\"controlType\":\"sap.m.Panel\",\"viewName\":\"etm.portal.ui.managecatalogs.view.Detail\",\"viewId\":\"application-managecatalogs-display-component---detailCatalog\"}"}]}
RESULT: undefined
COMMAND: POST /session/eacf8bccc3b349b538ac2f1863989237/element - {"using":"xpath","value":"//*[@id=\"__panel0-__layout17-0-expandButton-img\"]"}
RESULT: {}
RESULT: {"using":"xpath","value":"//*[@id=\"__panel0-__layout17-0-expandButton-img\"]"}
COMMAND: POST /session/eacf8bccc3b349b538ac2f1863989237/element/f.11D6377D86A94FC2ADAA7D32FFC9D30E.d.6C58922F3DD443D8CF82BAFD23FCAF6D.e.8444/click - {}
RESULT: {}
COMMAND: POST /session/eacf8bccc3b349b538ac2f1863989237/execute/async - {"script":"<script> [1562 bytes]","args":[{"selector":{"controlType":"sap.ui.core.Icon","viewName":"etm.portal.ui.managecatalogs.view.Detail","viewId":"application-managecatalogs-display-component---detailCatalog","properties":{"src":{"regex":{"source":"slim\\-arrow\\-down"}}},"ancestor":{"controlType":"sap.m.ColumnListItem","viewName":"etm.portal.ui.managecatalogs.view.Detail","viewId":"application-managecatalogs-display-component---detailCatalog","bindingPath":{"modelName":"classModel","path":"/data/0/PROPERTIES/0"},"ancestor":{"controlType":"sap.m.Table","viewName":"etm.portal.ui.managecatalogs.view.Detail","viewId":"application-managecatalogs-display-component---detailCatalog","bindingPath":{"path":"/data/0","propertyPath":"PROPERTIES","modelName":"classModel"}}}},"wdio_ui5_key":"etmportal.ui.managecatalogs.view.Detailsap.ui.core.Icon{\"src\":{\"regex\":{\"source\":\"slim\\\\-arrow\\\\-down\"}}}{\"controlType\":\"sap.m.ColumnListItem\",\"viewName\":\"etm.portal.ui.managecatalogs.view.Detail\",\"viewId\":\"application-managecatalogs-display-component---detailCatalog\",\"bindingPath\":{\"modelName\":\"classModel\",\"path\":\"/data/0/PROPERTIES/0\"},\"ancestor\":{\"controlType\":\"sap.m.Table\",\"viewName\":\"etm.portal.ui.managecatalogs.view.Detail\",\"viewId\":\"application-managecatalogs-display-component---detailCatalog\",\"bindingPath\":{\"path\":\"/data/0\",\"propertyPath\":\"PROPERTIES\",\"modelName\":\"classModel\"}}}"}]}
COMMAND: GET /session/eacf8bccc3b349b538ac2f1863989237/screenshot - {}
RESULT: {"script":"<script> [1562 bytes]","args":[{"selector":{"controlType":"sap.ui.core.Icon","viewName":"etm.portal.ui.managecatalogs.view.Detail","viewId":"application-managecatalogs-display-component---detailCatalog","properties":{"src":{"regex":{"source":"slim\\-arrow\\-down"}}},"ancestor":{"controlType":"sap.m.ColumnListItem","viewName":"etm.portal.ui.managecatalogs.view.Detail","viewId":"application-managecatalogs-display-component---detailCatalog","bindingPath":{"modelName":"classModel","path":"/data/0/PROPERTIES/0"},"ancestor":{"controlType":"sap.m.Table","viewName":"etm.portal.ui.managecatalogs.view.Detail","viewId":"application-managecatalogs-display-component---detailCatalog","bindingPath":{"path":"/data/0","propertyPath":"PROPERTIES","modelName":"classModel"}}}},"wdio_ui5_key":"etmportal.ui.managecatalogs.view.Detailsap.ui.core.Icon{\"src\":{\"regex\":{\"source\":\"slim\\\\-arrow\\\\-down\"}}}{\"controlType\":\"sap.m.ColumnListItem\",\"viewName\":\"etm.portal.ui.managecatalogs.view.Detail\",\"viewId\":\"application-managecatalogs-display-component---detailCatalog\",\"bindingPath\":{\"modelName\":\"classModel\",\"path\":\"/data/0/PROPERTIES/0\"},\"ancestor\":{\"controlType\":\"sap.m.Table\",\"viewName\":\"etm.portal.ui.managecatalogs.view.Detail\",\"viewId\":\"application-managecatalogs-display-component---detailCatalog\",\"bindingPath\":{\"path\":\"/data/0\",\"propertyPath\":\"PROPERTIES\",\"modelName\":\"classModel\"}}}"}]}
RESULT: undefined
COMMAND: POST /session/eacf8bccc3b349b538ac2f1863989237/element - {"using":"xpath","value":"//*[@id=\"__box31-arrow\"]"}
RESULT: {}
RESULT: {"using":"xpath","value":"//*[@id=\"__box31-arrow\"]"}
COMMAND: POST /session/eacf8bccc3b349b538ac2f1863989237/element/f.11D6377D86A94FC2ADAA7D32FFC9D30E.d.6C58922F3DD443D8CF82BAFD23FCAF6D.e.8457/click - {}
RESULT: {}
COMMAND: POST /session/eacf8bccc3b349b538ac2f1863989237/execute/async - {"script":"<script> [1562 bytes]","args":[{"selector":{"controlType":"sap.m.StandardListItem","viewName":"etm.portal.ui.managecatalogs.view.Detail","viewId":"application-managecatalogs-display-component---detailCatalog","properties":{"title":"red"},"searchOpenDialogs":true,"interaction":{"idSuffix":"content"}},"wdio_ui5_key":"etmportal.ui.managecatalogs.view.Detailsap.m.StandardListItem{\"title\":\"red\"}"}]}
COMMAND: GET /session/eacf8bccc3b349b538ac2f1863989237/screenshot - {}
RESULT: {"script":"<script> [1562 bytes]","args":[{"selector":{"controlType":"sap.m.StandardListItem","viewName":"etm.portal.ui.managecatalogs.view.Detail","viewId":"application-managecatalogs-display-component---detailCatalog","properties":{"title":"red"},"searchOpenDialogs":true,"interaction":{"idSuffix":"content"}},"wdio_ui5_key":"etmportal.ui.managecatalogs.view.Detailsap.m.StandardListItem{\"title\":\"red\"}"}]}
RESULT: undefined
COMMAND: POST /session/eacf8bccc3b349b538ac2f1863989237/element - {"using":"xpath","value":"//*[@id=\"__item237\"]"}
RESULT: {}
RESULT: {"using":"xpath","value":"//*[@id=\"__item237\"]"}
COMMAND: POST /session/eacf8bccc3b349b538ac2f1863989237/element/f.11D6377D86A94FC2ADAA7D32FFC9D30E.d.6C58922F3DD443D8CF82BAFD23FCAF6D.e.8460/click - {}
RESULT: {}
COMMAND: GET /session/eacf8bccc3b349b538ac2f1863989237/screenshot - {}
RESULT: {}
COMMAND: POST /session/eacf8bccc3b349b538ac2f1863989237/execute/async - {"script":"<script> [1562 bytes]","args":[{"selector":{"controlType":"sap.m.Button","viewName":"etm.portal.ui.managecatalogs.view.Detail","viewId":"application-managecatalogs-display-component---detailCatalog","i18NText":{"propertyName":"text","key":"save"},"interaction":{"idSuffix":"BDI-content"}},"wdio_ui5_key":"etmportal.ui.managecatalogs.view.Detailsap.m.Button{\"propertyName\":\"text\",\"key\":\"save\"}"}]}
RESULT: {"script":"<script> [1562 bytes]","args":[{"selector":{"controlType":"sap.m.Button","viewName":"etm.portal.ui.managecatalogs.view.Detail","viewId":"application-managecatalogs-display-component---detailCatalog","i18NText":{"propertyName":"text","key":"save"},"interaction":{"idSuffix":"BDI-content"}},"wdio_ui5_key":"etmportal.ui.managecatalogs.view.Detailsap.m.Button{\"propertyName\":\"text\",\"key\":\"save\"}"}]}
RESULT: undefined
COMMAND: POST /session/eacf8bccc3b349b538ac2f1863989237/element - {"using":"xpath","value":"//*[@id=\"__button43\"]"}
RESULT: {"using":"xpath","value":"//*[@id=\"__button43\"]"}
COMMAND: POST /session/eacf8bccc3b349b538ac2f1863989237/element/f.11D6377D86A94FC2ADAA7D32FFC9D30E.d.6C58922F3DD443D8CF82BAFD23FCAF6D.e.8394/click - {}
RESULT: {}
COMMAND: GET /session/eacf8bccc3b349b538ac2f1863989237/screenshot - {}
RESULT: {}
COMMAND: POST /session/eacf8bccc3b349b538ac2f1863989237/element - {"using":"css selector","value":"#shell-header-logo"}
RESULT: {"using":"css selector","value":"#shell-header-logo"}
COMMAND: POST /session/eacf8bccc3b349b538ac2f1863989237/element/f.11D6377D86A94FC2ADAA7D32FFC9D30E.d.6C58922F3DD443D8CF82BAFD23FCAF6D.e.8162/click - {}
RESULT: {}
COMMAND: GET /session/eacf8bccc3b349b538ac2f1863989237/screenshot - {}
RESULT: {}
]]></system-out>
    </testcase>
    <testcase classname="chrome.135_0_7049_42.windows.Manage_requests_-_requests_specifications_US141095" name="Should create a new request and add the catalog item with the specifications" time="104.357">
      <system-out><![CDATA[
COMMAND: POST /session/eacf8bccc3b349b538ac2f1863989237/element - {"using":"xpath","value":"//*[contains(@href, 'etm.portal.ui.managerequests')]"}
RESULT: {"using":"xpath","value":"//*[contains(@href, 'etm.portal.ui.managerequests')]"}
COMMAND: POST /session/eacf8bccc3b349b538ac2f1863989237/element/f.11D6377D86A94FC2ADAA7D32FFC9D30E.d.6C58922F3DD443D8CF82BAFD23FCAF6D.e.8484/click - {}
RESULT: {}
COMMAND: GET /session/eacf8bccc3b349b538ac2f1863989237/screenshot - {}
RESULT: {}
COMMAND: POST /session/eacf8bccc3b349b538ac2f1863989237/element - {"using":"xpath","value":"//button[contains(@data-kt ,\"btnCreateNewOverflowToolbarButton\")]"}
COMMAND: POST /session/eacf8bccc3b349b538ac2f1863989237/element - {"using":"xpath","value":"(//span[contains(@class ,\"sapMObjStatusText\")])[1]"}
RESULT: {"using":"xpath","value":"//button[contains(@data-kt ,\"btnCreateNewOverflowToolbarButton\")]"}
COMMAND: POST /session/eacf8bccc3b349b538ac2f1863989237/element/f.11D6377D86A94FC2ADAA7D32FFC9D30E.d.6C58922F3DD443D8CF82BAFD23FCAF6D.e.8554/click - {}
RESULT: {"using":"xpath","value":"(//span[contains(@class ,\"sapMObjStatusText\")])[1]"}
COMMAND: POST /session/eacf8bccc3b349b538ac2f1863989237/execute/sync - {"script":"<script> [8489 bytes]","args":[{"element-6066-11e4-a52e-4f735466cecf":"f.11D6377D86A94FC2ADAA7D32FFC9D30E.d.6C58922F3DD443D8CF82BAFD23FCAF6D.e.8594","ELEMENT":"f.11D6377D86A94FC2ADAA7D32FFC9D30E.d.6C58922F3DD443D8CF82BAFD23FCAF6D.e.8594"}]}
RESULT: {}
COMMAND: GET /session/eacf8bccc3b349b538ac2f1863989237/screenshot - {}
RESULT: {"script":"<script> [8489 bytes]","args":[{"element-6066-11e4-a52e-4f735466cecf":"f.11D6377D86A94FC2ADAA7D32FFC9D30E.d.6C58922F3DD443D8CF82BAFD23FCAF6D.e.8594","ELEMENT":"f.11D6377D86A94FC2ADAA7D32FFC9D30E.d.6C58922F3DD443D8CF82BAFD23FCAF6D.e.8594"}]}
COMMAND: GET /session/eacf8bccc3b349b538ac2f1863989237/screenshot - {}
RESULT: {}
RESULT: {}
COMMAND: POST /session/eacf8bccc3b349b538ac2f1863989237/element - {"using":"xpath","value":"//input[contains(@id ,\"yardId-inner\")]"}
RESULT: {"using":"xpath","value":"//input[contains(@id ,\"yardId-inner\")]"}
COMMAND: GET /session/eacf8bccc3b349b538ac2f1863989237/element/f.11D6377D86A94FC2ADAA7D32FFC9D30E.d.6C58922F3DD443D8CF82BAFD23FCAF6D.e.8787/enabled - {}
RESULT: {}
COMMAND: POST /session/eacf8bccc3b349b538ac2f1863989237/element/f.11D6377D86A94FC2ADAA7D32FFC9D30E.d.6C58922F3DD443D8CF82BAFD23FCAF6D.e.8787/clear - {}
COMMAND: GET /session/eacf8bccc3b349b538ac2f1863989237/screenshot - {}
RESULT: {}
COMMAND: POST /session/eacf8bccc3b349b538ac2f1863989237/element/f.11D6377D86A94FC2ADAA7D32FFC9D30E.d.6C58922F3DD443D8CF82BAFD23FCAF6D.e.8787/value - {"text":"WebdriverYard1i0u3"}
COMMAND: GET /session/eacf8bccc3b349b538ac2f1863989237/screenshot - {}
RESULT: {}
RESULT: {"text":"WebdriverYard1i0u3"}
COMMAND: GET /session/eacf8bccc3b349b538ac2f1863989237/screenshot - {}
RESULT: {}
RESULT: {}
COMMAND: POST /session/eacf8bccc3b349b538ac2f1863989237/actions - {"actions":[{"id":"action48","type":"key","parameters":{},"actions":[{"type":"keyDown","value":""},{"type":"pause","duration":10},{"type":"keyUp","value":""}]}]}
COMMAND: POST /session/eacf8bccc3b349b538ac2f1863989237/element - {"using":"xpath","value":"//input[contains(@id ,\"customerNumber-inner\")]"}
RESULT: {"actions":[{"id":"action48","type":"key","parameters":{},"actions":[{"type":"keyDown","value":""},{"type":"pause","duration":10},{"type":"keyUp","value":""}]}]}
COMMAND: GET /session/eacf8bccc3b349b538ac2f1863989237/screenshot - {}
RESULT: {"using":"xpath","value":"//input[contains(@id ,\"customerNumber-inner\")]"}
COMMAND: POST /session/eacf8bccc3b349b538ac2f1863989237/element/f.11D6377D86A94FC2ADAA7D32FFC9D30E.d.6C58922F3DD443D8CF82BAFD23FCAF6D.e.8781/value - {"text":"WebdriverPartnerlnzir"}
RESULT: {}
RESULT: {"text":"WebdriverPartnerlnzir"}
COMMAND: GET /session/eacf8bccc3b349b538ac2f1863989237/screenshot - {}
RESULT: {}
COMMAND: POST /session/eacf8bccc3b349b538ac2f1863989237/actions - {"actions":[{"id":"action49","type":"key","parameters":{},"actions":[{"type":"keyDown","value":""},{"type":"pause","duration":10},{"type":"keyUp","value":""}]}]}
RESULT: {"actions":[{"id":"action49","type":"key","parameters":{},"actions":[{"type":"keyDown","value":""},{"type":"pause","duration":10},{"type":"keyUp","value":""}]}]}
COMMAND: GET /session/eacf8bccc3b349b538ac2f1863989237/screenshot - {}
RESULT: {}
COMMAND: POST /session/eacf8bccc3b349b538ac2f1863989237/element - {"using":"xpath","value":"//input[contains(@id ,\"requestSiteId-inner\")]"}
RESULT: {"using":"xpath","value":"//input[contains(@id ,\"requestSiteId-inner\")]"}
COMMAND: POST /session/eacf8bccc3b349b538ac2f1863989237/element/f.11D6377D86A94FC2ADAA7D32FFC9D30E.d.6C58922F3DD443D8CF82BAFD23FCAF6D.e.8780/value - {"text":"WebdriverSiteo1997"}
RESULT: {"text":"WebdriverSiteo1997"}
COMMAND: GET /session/eacf8bccc3b349b538ac2f1863989237/screenshot - {}
RESULT: {}
COMMAND: POST /session/eacf8bccc3b349b538ac2f1863989237/actions - {"actions":[{"id":"action50","type":"key","parameters":{},"actions":[{"type":"keyDown","value":""},{"type":"pause","duration":10},{"type":"keyUp","value":""}]}]}
RESULT: {"actions":[{"id":"action50","type":"key","parameters":{},"actions":[{"type":"keyDown","value":""},{"type":"pause","duration":10},{"type":"keyUp","value":""}]}]}
COMMAND: POST /session/eacf8bccc3b349b538ac2f1863989237/execute/async - {"script":"<script> [1562 bytes]","args":[{"selector":{"controlType":"sap.ui.core.Icon","viewName":"etm.portal.ui.managerequests.view.NewRequest","properties":{"src":{"regex":{"source":"add"}}}},"wdio_ui5_key":"etmportal.ui.managerequests.view.NewRequestsap.ui.core.Icon{\"src\":{\"regex\":{\"source\":\"add\"}}}"}]}
COMMAND: GET /session/eacf8bccc3b349b538ac2f1863989237/screenshot - {}
RESULT: {"script":"<script> [1562 bytes]","args":[{"selector":{"controlType":"sap.ui.core.Icon","viewName":"etm.portal.ui.managerequests.view.NewRequest","properties":{"src":{"regex":{"source":"add"}}}},"wdio_ui5_key":"etmportal.ui.managerequests.view.NewRequestsap.ui.core.Icon{\"src\":{\"regex\":{\"source\":\"add\"}}}"}]}
RESULT: undefined
COMMAND: POST /session/eacf8bccc3b349b538ac2f1863989237/element - {"using":"xpath","value":"//*[@id=\"__xmlview59--btnAddTableRow-img\"]"}
RESULT: {}
RESULT: {"using":"xpath","value":"//*[@id=\"__xmlview59--btnAddTableRow-img\"]"}
COMMAND: POST /session/eacf8bccc3b349b538ac2f1863989237/element/f.11D6377D86A94FC2ADAA7D32FFC9D30E.d.6C58922F3DD443D8CF82BAFD23FCAF6D.e.8761/click - {}
RESULT: {}
COMMAND: GET /session/eacf8bccc3b349b538ac2f1863989237/screenshot - {}
RESULT: {}
COMMAND: POST /session/eacf8bccc3b349b538ac2f1863989237/actions - {"actions":[{"id":"action51","type":"key","parameters":{},"actions":[{"type":"keyDown","value":""},{"type":"pause","duration":10},{"type":"keyUp","value":""}]}]}
RESULT: {"actions":[{"id":"action51","type":"key","parameters":{},"actions":[{"type":"keyDown","value":""},{"type":"pause","duration":10},{"type":"keyUp","value":""}]}]}
COMMAND: POST /session/eacf8bccc3b349b538ac2f1863989237/actions - {"actions":[{"id":"action52","type":"key","parameters":{},"actions":[{"type":"keyDown","value":""},{"type":"pause","duration":10},{"type":"keyUp","value":""}]}]}
COMMAND: GET /session/eacf8bccc3b349b538ac2f1863989237/screenshot - {}
RESULT: {"actions":[{"id":"action52","type":"key","parameters":{},"actions":[{"type":"keyDown","value":""},{"type":"pause","duration":10},{"type":"keyUp","value":""}]}]}
COMMAND: POST /session/eacf8bccc3b349b538ac2f1863989237/element - {"using":"xpath","value":"(//input[contains(@id ,\"requestItemsTable-0-inner\")])[1]"}
COMMAND: GET /session/eacf8bccc3b349b538ac2f1863989237/screenshot - {}
RESULT: {}
RESULT: {"using":"xpath","value":"(//input[contains(@id ,\"requestItemsTable-0-inner\")])[1]"}
COMMAND: POST /session/eacf8bccc3b349b538ac2f1863989237/element/f.11D6377D86A94FC2ADAA7D32FFC9D30E.d.6C58922F3DD443D8CF82BAFD23FCAF6D.e.8948/clear - {}
RESULT: {}
RESULT: {}
COMMAND: POST /session/eacf8bccc3b349b538ac2f1863989237/element/f.11D6377D86A94FC2ADAA7D32FFC9D30E.d.6C58922F3DD443D8CF82BAFD23FCAF6D.e.8948/value - {"text":"catalogItemName3hrnv"}
COMMAND: GET /session/eacf8bccc3b349b538ac2f1863989237/screenshot - {}
RESULT: {"text":"catalogItemName3hrnv"}
COMMAND: GET /session/eacf8bccc3b349b538ac2f1863989237/screenshot - {}
RESULT: {}
RESULT: {}
COMMAND: POST /session/eacf8bccc3b349b538ac2f1863989237/actions - {"actions":[{"id":"action53","type":"key","parameters":{},"actions":[{"type":"keyDown","value":""},{"type":"pause","duration":10},{"type":"keyUp","value":""}]}]}
RESULT: {"actions":[{"id":"action53","type":"key","parameters":{},"actions":[{"type":"keyDown","value":""},{"type":"pause","duration":10},{"type":"keyUp","value":""}]}]}
COMMAND: GET /session/eacf8bccc3b349b538ac2f1863989237/screenshot - {}
RESULT: {}
COMMAND: POST /session/eacf8bccc3b349b538ac2f1863989237/execute/async - {"script":"<script> [1562 bytes]","args":[{"selector":{"controlType":"sap.m.Button","viewName":"etm.portal.ui.managerequests.view.NewRequest","i18NText":{"propertyName":"text","key":"requestSpecifications"},"interaction":{"idSuffix":"BDI-content"}},"wdio_ui5_key":"etmportal.ui.managerequests.view.NewRequestsap.m.Button{\"propertyName\":\"text\",\"key\":\"requestSpecifications\"}"}]}
RESULT: {"script":"<script> [1562 bytes]","args":[{"selector":{"controlType":"sap.m.Button","viewName":"etm.portal.ui.managerequests.view.NewRequest","i18NText":{"propertyName":"text","key":"requestSpecifications"},"interaction":{"idSuffix":"BDI-content"}},"wdio_ui5_key":"etmportal.ui.managerequests.view.NewRequestsap.m.Button{\"propertyName\":\"text\",\"key\":\"requestSpecifications\"}"}]}
RESULT: undefined
COMMAND: POST /session/eacf8bccc3b349b538ac2f1863989237/element - {"using":"xpath","value":"//*[@id=\"__button78-__xmlview59--requestItemsTable-0\"]"}
RESULT: {"using":"xpath","value":"//*[@id=\"__button78-__xmlview59--requestItemsTable-0\"]"}
COMMAND: POST /session/eacf8bccc3b349b538ac2f1863989237/element/f.11D6377D86A94FC2ADAA7D32FFC9D30E.d.6C58922F3DD443D8CF82BAFD23FCAF6D.e.8962/click - {}
RESULT: {}
COMMAND: GET /session/eacf8bccc3b349b538ac2f1863989237/screenshot - {}
RESULT: {}
COMMAND: POST /session/eacf8bccc3b349b538ac2f1863989237/element - {"using":"xpath","value":"//input[@value=\"red\"]"}
RESULT: {"using":"xpath","value":"//input[@value=\"red\"]"}
COMMAND: POST /session/eacf8bccc3b349b538ac2f1863989237/elements - {"using":"xpath","value":"//input[@value=\"red\"]"}
RESULT: {"using":"xpath","value":"//input[@value=\"red\"]"}
COMMAND: POST /session/eacf8bccc3b349b538ac2f1863989237/execute/async - {"script":"<script> [1562 bytes]","args":[{"selector":{"controlType":"sap.m.Text","viewName":"etm.portal.ui.managerequests.view.NewRequest","bindingPath":{"path":"/currentEntries/0/PROPERTIES/0","propertyPath":"DESCRIPTION","modelName":"techSpecsClassificationModel"},"searchOpenDialogs":true},"wdio_ui5_key":"etmportal.ui.managerequests.view.NewRequestsap.m.Text{\"path\":\"/currentEntries/0/PROPERTIES/0\",\"propertyPath\":\"DESCRIPTION\",\"modelName\":\"techSpecsClassificationModel\"}"}]}
RESULT: {"script":"<script> [1562 bytes]","args":[{"selector":{"controlType":"sap.m.Text","viewName":"etm.portal.ui.managerequests.view.NewRequest","bindingPath":{"path":"/currentEntries/0/PROPERTIES/0","propertyPath":"DESCRIPTION","modelName":"techSpecsClassificationModel"},"searchOpenDialogs":true},"wdio_ui5_key":"etmportal.ui.managerequests.view.NewRequestsap.m.Text{\"path\":\"/currentEntries/0/PROPERTIES/0\",\"propertyPath\":\"DESCRIPTION\",\"modelName\":\"techSpecsClassificationModel\"}"}]}
RESULT: undefined
COMMAND: POST /session/eacf8bccc3b349b538ac2f1863989237/execute/async - {"script":"<script> [6424 bytes]","args":[{"element-6066-11e4-a52e-4f735466cecf":"f.11D6377D86A94FC2ADAA7D32FFC9D30E.d.6C58922F3DD443D8CF82BAFD23FCAF6D.e.8971"},"getText",[]]}
RESULT: {"script":"<script> [6424 bytes]","args":[{"element-6066-11e4-a52e-4f735466cecf":"f.11D6377D86A94FC2ADAA7D32FFC9D30E.d.6C58922F3DD443D8CF82BAFD23FCAF6D.e.8971"},"getText",[]]}
COMMAND: POST /session/eacf8bccc3b349b538ac2f1863989237/execute/async - {"script":"<script> [1562 bytes]","args":[{"selector":{"controlType":"sap.ui.core.Icon","viewName":"etm.portal.ui.managerequests.view.NewRequest","properties":{"src":{"regex":{"source":"slim\\-arrow\\-down"}}},"searchOpenDialogs":true},"wdio_ui5_key":"etmportal.ui.managerequests.view.NewRequestsap.ui.core.Icon{\"src\":{\"regex\":{\"source\":\"slim\\\\-arrow\\\\-down\"}}}"}]}
RESULT: {"script":"<script> [1562 bytes]","args":[{"selector":{"controlType":"sap.ui.core.Icon","viewName":"etm.portal.ui.managerequests.view.NewRequest","properties":{"src":{"regex":{"source":"slim\\-arrow\\-down"}}},"searchOpenDialogs":true},"wdio_ui5_key":"etmportal.ui.managerequests.view.NewRequestsap.ui.core.Icon{\"src\":{\"regex\":{\"source\":\"slim\\\\-arrow\\\\-down\"}}}"}]}
RESULT: undefined
COMMAND: POST /session/eacf8bccc3b349b538ac2f1863989237/element - {"using":"xpath","value":"//*[@id=\"__box58-arrow\"]"}
RESULT: {"using":"xpath","value":"//*[@id=\"__box58-arrow\"]"}
COMMAND: POST /session/eacf8bccc3b349b538ac2f1863989237/element/f.11D6377D86A94FC2ADAA7D32FFC9D30E.d.6C58922F3DD443D8CF82BAFD23FCAF6D.e.8972/click - {}
RESULT: {}
COMMAND: POST /session/eacf8bccc3b349b538ac2f1863989237/execute/async - {"script":"<script> [1562 bytes]","args":[{"selector":{"controlType":"sap.m.StandardListItem","viewName":"etm.portal.ui.managerequests.view.NewRequest","properties":{"title":"blue"},"searchOpenDialogs":true,"interaction":{"idSuffix":"content"}},"wdio_ui5_key":"etmportal.ui.managerequests.view.NewRequestsap.m.StandardListItem{\"title\":\"blue\"}"}]}
COMMAND: GET /session/eacf8bccc3b349b538ac2f1863989237/screenshot - {}
RESULT: {"script":"<script> [1562 bytes]","args":[{"selector":{"controlType":"sap.m.StandardListItem","viewName":"etm.portal.ui.managerequests.view.NewRequest","properties":{"title":"blue"},"searchOpenDialogs":true,"interaction":{"idSuffix":"content"}},"wdio_ui5_key":"etmportal.ui.managerequests.view.NewRequestsap.m.StandardListItem{\"title\":\"blue\"}"}]}
RESULT: undefined
COMMAND: POST /session/eacf8bccc3b349b538ac2f1863989237/element - {"using":"xpath","value":"//*[@id=\"__item980\"]"}
RESULT: {}
RESULT: {"using":"xpath","value":"//*[@id=\"__item980\"]"}
COMMAND: POST /session/eacf8bccc3b349b538ac2f1863989237/element/f.11D6377D86A94FC2ADAA7D32FFC9D30E.d.6C58922F3DD443D8CF82BAFD23FCAF6D.e.8974/click - {}
RESULT: {}
COMMAND: GET /session/eacf8bccc3b349b538ac2f1863989237/screenshot - {}
RESULT: {}
COMMAND: POST /session/eacf8bccc3b349b538ac2f1863989237/execute/async - {"script":"<script> [1562 bytes]","args":[{"selector":{"id":"saveButton","viewName":"etm.portal.ui.managerequests.view.NewRequest","searchOpenDialogs":true,"interaction":{"idSuffix":"BDI-content"}},"wdio_ui5_key":"saveButtonetmportal.ui.managerequests.view.NewRequest"}]}
RESULT: {"script":"<script> [1562 bytes]","args":[{"selector":{"id":"saveButton","viewName":"etm.portal.ui.managerequests.view.NewRequest","searchOpenDialogs":true,"interaction":{"idSuffix":"BDI-content"}},"wdio_ui5_key":"saveButtonetmportal.ui.managerequests.view.NewRequest"}]}
RESULT: undefined
COMMAND: POST /session/eacf8bccc3b349b538ac2f1863989237/element - {"using":"xpath","value":"//*[@id=\"__xmlview59--saveButton\"]"}
RESULT: {"using":"xpath","value":"//*[@id=\"__xmlview59--saveButton\"]"}
COMMAND: POST /session/eacf8bccc3b349b538ac2f1863989237/element/f.11D6377D86A94FC2ADAA7D32FFC9D30E.d.6C58922F3DD443D8CF82BAFD23FCAF6D.e.8969/click - {}
RESULT: {}
COMMAND: POST /session/eacf8bccc3b349b538ac2f1863989237/execute/async - {"script":"<script> [1562 bytes]","args":[{"selector":{"controlType":"sap.ui.core.Icon","viewName":"etm.portal.ui.managerequests.view.NewRequest","properties":{"src":{"regex":{"source":"slim\\-arrow\\-down"}}},"ancestor":{"controlType":"sap.m.Button","viewName":"etm.portal.ui.managerequests.view.NewRequest","properties":{"icon":"sap-icon://slim-arrow-down"}}},"wdio_ui5_key":"etmportal.ui.managerequests.view.NewRequestsap.ui.core.Icon{\"src\":{\"regex\":{\"source\":\"slim\\\\-arrow\\\\-down\"}}}{\"controlType\":\"sap.m.Button\",\"viewName\":\"etm.portal.ui.managerequests.view.NewRequest\",\"properties\":{\"icon\":\"sap-icon://slim-arrow-down\"}}"}]}
COMMAND: GET /session/eacf8bccc3b349b538ac2f1863989237/screenshot - {}
RESULT: {"script":"<script> [1562 bytes]","args":[{"selector":{"controlType":"sap.ui.core.Icon","viewName":"etm.portal.ui.managerequests.view.NewRequest","properties":{"src":{"regex":{"source":"slim\\-arrow\\-down"}}},"ancestor":{"controlType":"sap.m.Button","viewName":"etm.portal.ui.managerequests.view.NewRequest","properties":{"icon":"sap-icon://slim-arrow-down"}}},"wdio_ui5_key":"etmportal.ui.managerequests.view.NewRequestsap.ui.core.Icon{\"src\":{\"regex\":{\"source\":\"slim\\\\-arrow\\\\-down\"}}}{\"controlType\":\"sap.m.Button\",\"viewName\":\"etm.portal.ui.managerequests.view.NewRequest\",\"properties\":{\"icon\":\"sap-icon://slim-arrow-down\"}}"}]}
RESULT: undefined
RESULT: {}
COMMAND: POST /session/eacf8bccc3b349b538ac2f1863989237/element - {"using":"xpath","value":"//div[contains(@data-kt ,\"splitAllocationObjectStatus\")]"}
RESULT: {"using":"xpath","value":"//div[contains(@data-kt ,\"splitAllocationObjectStatus\")]"}
COMMAND: POST /session/eacf8bccc3b349b538ac2f1863989237/elements - {"using":"xpath","value":"//div[contains(@data-kt ,\"splitAllocationObjectStatus\")]"}
RESULT: {"using":"xpath","value":"//div[contains(@data-kt ,\"splitAllocationObjectStatus\")]"}
COMMAND: POST /session/eacf8bccc3b349b538ac2f1863989237/execute/async - {"script":"<script> [1562 bytes]","args":[{"selector":{"controlType":"sap.ui.core.Icon","viewName":"etm.portal.ui.managerequests.view.NewRequest","properties":{"src":{"regex":{"source":"message\\-error"}}}},"wdio_ui5_key":"etmportal.ui.managerequests.view.NewRequestsap.ui.core.Icon{\"src\":{\"regex\":{\"source\":\"message\\\\-error\"}}}"}]}
RESULT: {"script":"<script> [1562 bytes]","args":[{"selector":{"controlType":"sap.ui.core.Icon","viewName":"etm.portal.ui.managerequests.view.NewRequest","properties":{"src":{"regex":{"source":"message\\-error"}}}},"wdio_ui5_key":"etmportal.ui.managerequests.view.NewRequestsap.ui.core.Icon{\"src\":{\"regex\":{\"source\":\"message\\\\-error\"}}}"}]}
RESULT: undefined
COMMAND: POST /session/eacf8bccc3b349b538ac2f1863989237/element - {"using":"xpath","value":"//*[@id=\"__status4-__xmlview59--requestItemsTable-0-icon\"]"}
RESULT: {"using":"xpath","value":"//*[@id=\"__status4-__xmlview59--requestItemsTable-0-icon\"]"}
COMMAND: POST /session/eacf8bccc3b349b538ac2f1863989237/element/f.11D6377D86A94FC2ADAA7D32FFC9D30E.d.6C58922F3DD443D8CF82BAFD23FCAF6D.e.8977/click - {}
RESULT: {}
COMMAND: POST /session/eacf8bccc3b349b538ac2f1863989237/execute/async - {"script":"<script> [1562 bytes]","args":[{"selector":{"controlType":"sap.ui.core.Icon","viewName":"etm.portal.ui.managerequests.view.NewRequest","properties":{"src":{"regex":{"source":"slim\\-arrow\\-down"}}},"searchOpenDialogs":true,"ancestor":{"id":"costObjectAdminTypeComboBox","viewName":"etm.portal.ui.managerequests.view.NewRequest","searchOpenDialogs":true}},"wdio_ui5_key":"etmportal.ui.managerequests.view.NewRequestsap.ui.core.Icon{\"src\":{\"regex\":{\"source\":\"slim\\\\-arrow\\\\-down\"}}}{\"id\":\"costObjectAdminTypeComboBox\",\"viewName\":\"etm.portal.ui.managerequests.view.NewRequest\",\"searchOpenDialogs\":true}"}]}
COMMAND: GET /session/eacf8bccc3b349b538ac2f1863989237/screenshot - {}
RESULT: {"script":"<script> [1562 bytes]","args":[{"selector":{"controlType":"sap.ui.core.Icon","viewName":"etm.portal.ui.managerequests.view.NewRequest","properties":{"src":{"regex":{"source":"slim\\-arrow\\-down"}}},"searchOpenDialogs":true,"ancestor":{"id":"costObjectAdminTypeComboBox","viewName":"etm.portal.ui.managerequests.view.NewRequest","searchOpenDialogs":true}},"wdio_ui5_key":"etmportal.ui.managerequests.view.NewRequestsap.ui.core.Icon{\"src\":{\"regex\":{\"source\":\"slim\\\\-arrow\\\\-down\"}}}{\"id\":\"costObjectAdminTypeComboBox\",\"viewName\":\"etm.portal.ui.managerequests.view.NewRequest\",\"searchOpenDialogs\":true}"}]}
RESULT: undefined
COMMAND: POST /session/eacf8bccc3b349b538ac2f1863989237/element - {"using":"xpath","value":"//*[@id=\"__xmlview59--costObjectAdminTypeComboBox-arrow\"]"}
RESULT: {}
RESULT: {"using":"xpath","value":"//*[@id=\"__xmlview59--costObjectAdminTypeComboBox-arrow\"]"}
COMMAND: POST /session/eacf8bccc3b349b538ac2f1863989237/element/f.11D6377D86A94FC2ADAA7D32FFC9D30E.d.6C58922F3DD443D8CF82BAFD23FCAF6D.e.8981/click - {}
RESULT: {}
COMMAND: POST /session/eacf8bccc3b349b538ac2f1863989237/execute/async - {"script":"<script> [1562 bytes]","args":[{"selector":{"controlType":"sap.m.StandardListItem","viewName":"etm.portal.ui.managerequests.view.NewRequest","properties":{"title":"Cost Center"},"searchOpenDialogs":true,"interaction":{"idSuffix":"titleText"}},"wdio_ui5_key":"etmportal.ui.managerequests.view.NewRequestsap.m.StandardListItem{\"title\":\"Cost Center\"}"}]}
COMMAND: GET /session/eacf8bccc3b349b538ac2f1863989237/screenshot - {}
RESULT: {"script":"<script> [1562 bytes]","args":[{"selector":{"controlType":"sap.m.StandardListItem","viewName":"etm.portal.ui.managerequests.view.NewRequest","properties":{"title":"Cost Center"},"searchOpenDialogs":true,"interaction":{"idSuffix":"titleText"}},"wdio_ui5_key":"etmportal.ui.managerequests.view.NewRequestsap.m.StandardListItem{\"title\":\"Cost Center\"}"}]}
RESULT: undefined
COMMAND: POST /session/eacf8bccc3b349b538ac2f1863989237/element - {"using":"xpath","value":"//*[@id=\"__item983\"]"}
RESULT: {}
RESULT: {"using":"xpath","value":"//*[@id=\"__item983\"]"}
COMMAND: POST /session/eacf8bccc3b349b538ac2f1863989237/element/f.11D6377D86A94FC2ADAA7D32FFC9D30E.d.6C58922F3DD443D8CF82BAFD23FCAF6D.e.8984/click - {}
RESULT: {}
COMMAND: POST /session/eacf8bccc3b349b538ac2f1863989237/execute/async - {"script":"<script> [1562 bytes]","args":[{"selector":{"controlType":"sap.ui.core.Icon","viewName":"etm.portal.ui.managerequests.view.NewRequest","properties":{"src":{"regex":{"source":"value\\-help"}}},"searchOpenDialogs":true},"wdio_ui5_key":"etmportal.ui.managerequests.view.NewRequestsap.ui.core.Icon{\"src\":{\"regex\":{\"source\":\"value\\\\-help\"}}}"}]}
COMMAND: GET /session/eacf8bccc3b349b538ac2f1863989237/screenshot - {}
RESULT: {"script":"<script> [1562 bytes]","args":[{"selector":{"controlType":"sap.ui.core.Icon","viewName":"etm.portal.ui.managerequests.view.NewRequest","properties":{"src":{"regex":{"source":"value\\-help"}}},"searchOpenDialogs":true},"wdio_ui5_key":"etmportal.ui.managerequests.view.NewRequestsap.ui.core.Icon{\"src\":{\"regex\":{\"source\":\"value\\\\-help\"}}}"}]}
RESULT: undefined
COMMAND: POST /session/eacf8bccc3b349b538ac2f1863989237/element - {"using":"xpath","value":"//*[@id=\"__xmlview59--costObjectIdComboBox-vhi\"]"}
RESULT: {}
RESULT: {"using":"xpath","value":"//*[@id=\"__xmlview59--costObjectIdComboBox-vhi\"]"}
COMMAND: POST /session/eacf8bccc3b349b538ac2f1863989237/element/f.11D6377D86A94FC2ADAA7D32FFC9D30E.d.6C58922F3DD443D8CF82BAFD23FCAF6D.e.8987/click - {}
RESULT: {}
COMMAND: POST /session/eacf8bccc3b349b538ac2f1863989237/execute/async - {"script":"<script> [1562 bytes]","args":[{"selector":{"controlType":"sap.m.SearchField","properties":{"placeholder":"Search"},"searchOpenDialogs":true,"interaction":{"idSuffix":"I"}},"wdio_ui5_key":"sapm.SearchField{\"placeholder\":\"Search\"}"}]}
COMMAND: GET /session/eacf8bccc3b349b538ac2f1863989237/screenshot - {}
RESULT: {"script":"<script> [1562 bytes]","args":[{"selector":{"controlType":"sap.m.SearchField","properties":{"placeholder":"Search"},"searchOpenDialogs":true,"interaction":{"idSuffix":"I"}},"wdio_ui5_key":"sapm.SearchField{\"placeholder\":\"Search\"}"}]}
RESULT: undefined
COMMAND: POST /session/eacf8bccc3b349b538ac2f1863989237/execute/async - {"script":"<script> [776 bytes]","args":[{"enterText":"10001010","selector":{"controlType":"sap.m.SearchField","properties":{"placeholder":"Search"},"searchOpenDialogs":true,"interaction":{"idSuffix":"I"}},"clearTextFirst":true,"interactionType":"ENTER_TEXT"}]}
RESULT: {}
RESULT: {"script":"<script> [776 bytes]","args":[{"enterText":"10001010","selector":{"controlType":"sap.m.SearchField","properties":{"placeholder":"Search"},"searchOpenDialogs":true,"interaction":{"idSuffix":"I"}},"clearTextFirst":true,"interactionType":"ENTER_TEXT"}]}
COMMAND: POST /session/eacf8bccc3b349b538ac2f1863989237/actions - {"actions":[{"id":"action54","type":"key","parameters":{},"actions":[{"type":"keyDown","value":""},{"type":"pause","duration":10},{"type":"keyUp","value":""}]}]}
RESULT: {"actions":[{"id":"action54","type":"key","parameters":{},"actions":[{"type":"keyDown","value":""},{"type":"pause","duration":10},{"type":"keyUp","value":""}]}]}
COMMAND: GET /session/eacf8bccc3b349b538ac2f1863989237/screenshot - {}
RESULT: {}
COMMAND: POST /session/eacf8bccc3b349b538ac2f1863989237/execute/async - {"script":"<script> [1562 bytes]","args":[{"selector":{"controlType":"sap.m.Text","bindingPath":{"path":"/C_CostCtrValueHelp(CostCenter='10001010',ControllingArea='Z001')","propertyPath":"CostCenterName","modelName":"CostCenterModel"},"searchOpenDialogs":true},"wdio_ui5_key":"sapm.Text{\"path\":\"/C_CostCtrValueHelp(CostCenter='10001010',ControllingArea='Z001')\",\"propertyPath\":\"CostCenterName\",\"modelName\":\"CostCenterModel\"}"}]}
RESULT: {"script":"<script> [1562 bytes]","args":[{"selector":{"controlType":"sap.m.Text","bindingPath":{"path":"/C_CostCtrValueHelp(CostCenter='10001010',ControllingArea='Z001')","propertyPath":"CostCenterName","modelName":"CostCenterModel"},"searchOpenDialogs":true},"wdio_ui5_key":"sapm.Text{\"path\":\"/C_CostCtrValueHelp(CostCenter='10001010',ControllingArea='Z001')\",\"propertyPath\":\"CostCenterName\",\"modelName\":\"CostCenterModel\"}"}]}
RESULT: undefined
COMMAND: POST /session/eacf8bccc3b349b538ac2f1863989237/element - {"using":"xpath","value":"//*[@id=\"__text543-__clone1214\"]"}
RESULT: {"using":"xpath","value":"//*[@id=\"__text543-__clone1214\"]"}
COMMAND: POST /session/eacf8bccc3b349b538ac2f1863989237/element/f.11D6377D86A94FC2ADAA7D32FFC9D30E.d.6C58922F3DD443D8CF82BAFD23FCAF6D.e.9027/click - {}
RESULT: {}
COMMAND: POST /session/eacf8bccc3b349b538ac2f1863989237/execute/async - {"script":"<script> [1562 bytes]","args":[{"selector":{"controlType":"sap.m.Button","properties":{"text":"OK"},"searchOpenDialogs":true,"interaction":{"idSuffix":"BDI-content"}},"wdio_ui5_key":"sapm.Button{\"text\":\"OK\"}"}]}
COMMAND: GET /session/eacf8bccc3b349b538ac2f1863989237/screenshot - {}
RESULT: {"script":"<script> [1562 bytes]","args":[{"selector":{"controlType":"sap.m.Button","properties":{"text":"OK"},"searchOpenDialogs":true,"interaction":{"idSuffix":"BDI-content"}},"wdio_ui5_key":"sapm.Button{\"text\":\"OK\"}"}]}
RESULT: undefined
COMMAND: POST /session/eacf8bccc3b349b538ac2f1863989237/element - {"using":"xpath","value":"//*[@id=\"__dialog2-ok\"]"}
RESULT: {}
RESULT: {"using":"xpath","value":"//*[@id=\"__dialog2-ok\"]"}
COMMAND: POST /session/eacf8bccc3b349b538ac2f1863989237/element/f.11D6377D86A94FC2ADAA7D32FFC9D30E.d.6C58922F3DD443D8CF82BAFD23FCAF6D.e.9029/click - {}
RESULT: {}
COMMAND: GET /session/eacf8bccc3b349b538ac2f1863989237/screenshot - {}
RESULT: {}
COMMAND: POST /session/eacf8bccc3b349b538ac2f1863989237/execute/async - {"script":"<script> [1562 bytes]","args":[{"selector":{"controlType":"sap.m.Button","viewName":"etm.portal.ui.managerequests.view.NewRequest","i18NText":{"propertyName":"text","key":"save"},"searchOpenDialogs":true,"interaction":{"idSuffix":"BDI-content"}},"wdio_ui5_key":"etmportal.ui.managerequests.view.NewRequestsap.m.Button{\"propertyName\":\"text\",\"key\":\"save\"}"}]}
RESULT: {"script":"<script> [1562 bytes]","args":[{"selector":{"controlType":"sap.m.Button","viewName":"etm.portal.ui.managerequests.view.NewRequest","i18NText":{"propertyName":"text","key":"save"},"searchOpenDialogs":true,"interaction":{"idSuffix":"BDI-content"}},"wdio_ui5_key":"etmportal.ui.managerequests.view.NewRequestsap.m.Button{\"propertyName\":\"text\",\"key\":\"save\"}"}]}
RESULT: undefined
COMMAND: POST /session/eacf8bccc3b349b538ac2f1863989237/element - {"using":"xpath","value":"//*[@id=\"__button91\"]"}
RESULT: {"using":"xpath","value":"//*[@id=\"__button91\"]"}
COMMAND: POST /session/eacf8bccc3b349b538ac2f1863989237/element/f.11D6377D86A94FC2ADAA7D32FFC9D30E.d.6C58922F3DD443D8CF82BAFD23FCAF6D.e.9033/click - {}
RESULT: {}
COMMAND: GET /session/eacf8bccc3b349b538ac2f1863989237/screenshot - {}
RESULT: {}
COMMAND: POST /session/eacf8bccc3b349b538ac2f1863989237/execute/async - {"script":"<script> [1562 bytes]","args":[{"selector":{"controlType":"sap.m.Button","viewName":"etm.portal.ui.managerequests.view.NewRequest","i18NText":{"propertyName":"tooltip","key":"save"},"interaction":{"idSuffix":"content"}},"wdio_ui5_key":"etmportal.ui.managerequests.view.NewRequestsap.m.Button{\"propertyName\":\"tooltip\",\"key\":\"save\"}"}]}
RESULT: {"script":"<script> [1562 bytes]","args":[{"selector":{"controlType":"sap.m.Button","viewName":"etm.portal.ui.managerequests.view.NewRequest","i18NText":{"propertyName":"tooltip","key":"save"},"interaction":{"idSuffix":"content"}},"wdio_ui5_key":"etmportal.ui.managerequests.view.NewRequestsap.m.Button{\"propertyName\":\"tooltip\",\"key\":\"save\"}"}]}
RESULT: undefined
COMMAND: POST /session/eacf8bccc3b349b538ac2f1863989237/element - {"using":"xpath","value":"//*[@id=\"__button80\"]"}
RESULT: {"using":"xpath","value":"//*[@id=\"__button80\"]"}
COMMAND: POST /session/eacf8bccc3b349b538ac2f1863989237/element/f.11D6377D86A94FC2ADAA7D32FFC9D30E.d.6C58922F3DD443D8CF82BAFD23FCAF6D.e.8886/click - {}
RESULT: {}
COMMAND: GET /session/eacf8bccc3b349b538ac2f1863989237/screenshot - {}
RESULT: {}
COMMAND: POST /session/eacf8bccc3b349b538ac2f1863989237/execute/async - {"script":"<script> [1562 bytes]","args":[{"selector":{"controlType":"sap.m.Title","properties":{"text":"Success"},"searchOpenDialogs":true},"wdio_ui5_key":"sapm.Title{\"text\":\"Success\"}"}]}
RESULT: {"script":"<script> [1562 bytes]","args":[{"selector":{"controlType":"sap.m.Title","properties":{"text":"Success"},"searchOpenDialogs":true},"wdio_ui5_key":"sapm.Title{\"text\":\"Success\"}"}]}
RESULT: undefined
COMMAND: POST /session/eacf8bccc3b349b538ac2f1863989237/execute/async - {"script":"<script> [6424 bytes]","args":[{"element-6066-11e4-a52e-4f735466cecf":"f.11D6377D86A94FC2ADAA7D32FFC9D30E.d.6C58922F3DD443D8CF82BAFD23FCAF6D.e.9038"},"getText",[]]}
RESULT: {"script":"<script> [6424 bytes]","args":[{"element-6066-11e4-a52e-4f735466cecf":"f.11D6377D86A94FC2ADAA7D32FFC9D30E.d.6C58922F3DD443D8CF82BAFD23FCAF6D.e.9038"},"getText",[]]}
COMMAND: POST /session/eacf8bccc3b349b538ac2f1863989237/execute/async - {"script":"<script> [1562 bytes]","args":[{"selector":{"controlType":"sap.m.Button","properties":{"text":"Close"},"searchOpenDialogs":true,"interaction":{"idSuffix":"BDI-content"}},"wdio_ui5_key":"sapm.Button{\"text\":\"Close\"}"}]}
RESULT: {"script":"<script> [1562 bytes]","args":[{"selector":{"controlType":"sap.m.Button","properties":{"text":"Close"},"searchOpenDialogs":true,"interaction":{"idSuffix":"BDI-content"}},"wdio_ui5_key":"sapm.Button{\"text\":\"Close\"}"}]}
RESULT: undefined
COMMAND: POST /session/eacf8bccc3b349b538ac2f1863989237/element - {"using":"xpath","value":"//*[@id=\"__mbox-btn-0\"]"}
RESULT: {"using":"xpath","value":"//*[@id=\"__mbox-btn-0\"]"}
COMMAND: POST /session/eacf8bccc3b349b538ac2f1863989237/element/f.11D6377D86A94FC2ADAA7D32FFC9D30E.d.6C58922F3DD443D8CF82BAFD23FCAF6D.e.9037/click - {}
RESULT: {}
COMMAND: GET /session/eacf8bccc3b349b538ac2f1863989237/screenshot - {}
RESULT: {}
COMMAND: POST /session/eacf8bccc3b349b538ac2f1863989237/execute/async - {"script":"<script> [1562 bytes]","args":[{"selector":{"controlType":"sap.m.Button","viewName":"etm.portal.ui.managerequests.view.Detail","i18NText":{"propertyName":"text","key":"requestSpecifications"},"interaction":{"idSuffix":"BDI-content"}},"wdio_ui5_key":"etmportal.ui.managerequests.view.Detailsap.m.Button{\"propertyName\":\"text\",\"key\":\"requestSpecifications\"}"}]}
RESULT: {"script":"<script> [1562 bytes]","args":[{"selector":{"controlType":"sap.m.Button","viewName":"etm.portal.ui.managerequests.view.Detail","i18NText":{"propertyName":"text","key":"requestSpecifications"},"interaction":{"idSuffix":"BDI-content"}},"wdio_ui5_key":"etmportal.ui.managerequests.view.Detailsap.m.Button{\"propertyName\":\"text\",\"key\":\"requestSpecifications\"}"}]}
RESULT: undefined
COMMAND: POST /session/eacf8bccc3b349b538ac2f1863989237/element - {"using":"xpath","value":"//*[@id=\"__button107-__clone1253\"]"}
RESULT: {"using":"xpath","value":"//*[@id=\"__button107-__clone1253\"]"}
COMMAND: POST /session/eacf8bccc3b349b538ac2f1863989237/element/f.11D6377D86A94FC2ADAA7D32FFC9D30E.d.6C58922F3DD443D8CF82BAFD23FCAF6D.e.9155/click - {}
RESULT: {}
COMMAND: GET /session/eacf8bccc3b349b538ac2f1863989237/screenshot - {}
RESULT: {}
COMMAND: POST /session/eacf8bccc3b349b538ac2f1863989237/element - {"using":"xpath","value":"//input[@value=\"blue\"]"}
RESULT: {"using":"xpath","value":"//input[@value=\"blue\"]"}
COMMAND: POST /session/eacf8bccc3b349b538ac2f1863989237/elements - {"using":"xpath","value":"//input[@value=\"blue\"]"}
RESULT: {"using":"xpath","value":"//input[@value=\"blue\"]"}
COMMAND: POST /session/eacf8bccc3b349b538ac2f1863989237/execute/async - {"script":"<script> [1562 bytes]","args":[{"selector":{"id":"cancelRequestSpecificationsButton","viewName":"etm.portal.ui.managerequests.view.Detail","searchOpenDialogs":true,"interaction":{"idSuffix":"BDI-content"}},"wdio_ui5_key":"cancelRequestSpecificationsButtonetmportal.ui.managerequests.view.Detail"}]}
RESULT: {"script":"<script> [1562 bytes]","args":[{"selector":{"id":"cancelRequestSpecificationsButton","viewName":"etm.portal.ui.managerequests.view.Detail","searchOpenDialogs":true,"interaction":{"idSuffix":"BDI-content"}},"wdio_ui5_key":"cancelRequestSpecificationsButtonetmportal.ui.managerequests.view.Detail"}]}
RESULT: undefined
COMMAND: POST /session/eacf8bccc3b349b538ac2f1863989237/element - {"using":"xpath","value":"//*[@id=\"__xmlview60--cancelRequestSpecificationsButton\"]"}
RESULT: {"using":"xpath","value":"//*[@id=\"__xmlview60--cancelRequestSpecificationsButton\"]"}
COMMAND: POST /session/eacf8bccc3b349b538ac2f1863989237/element/f.11D6377D86A94FC2ADAA7D32FFC9D30E.d.6C58922F3DD443D8CF82BAFD23FCAF6D.e.9168/click - {}
RESULT: {}
COMMAND: GET /session/eacf8bccc3b349b538ac2f1863989237/screenshot - {}
COMMAND: POST /session/eacf8bccc3b349b538ac2f1863989237/element - {"using":"css selector","value":"#shell-header-logo"}
RESULT: {}
RESULT: {"using":"css selector","value":"#shell-header-logo"}
COMMAND: POST /session/eacf8bccc3b349b538ac2f1863989237/element/f.11D6377D86A94FC2ADAA7D32FFC9D30E.d.6C58922F3DD443D8CF82BAFD23FCAF6D.e.8499/click - {}
RESULT: {}
COMMAND: GET /session/eacf8bccc3b349b538ac2f1863989237/screenshot - {}
RESULT: {}
]]></system-out>
    </testcase>
  </testsuite>
  <testsuite timestamp="2025-04-17T16:03:03" time="276.536" tests="3" failures="0" errors="0" skipped="0">
    <properties>
      <property name="specId" value="0"/>
      <property name="suiteName" value="Reserve/Unreserve request item via reserve option US139161"/>
      <property name="capabilities" value="chrome.135_0_7049_42.windows"/>
      <property name="file" value="file:///D:/a/1/s/test/specs/R2C/reserve-unreserve-request-item-via-reserve-option.spec.js"/>
    </properties>
    <testcase classname="chrome.135_0_7049_42.windows.Reserve/Unreserve_request_item_via_reserve_option_US139161" name="Should add the material to the catalog item" time="52.252">
      <system-out><![CDATA[
COMMAND: POST /session/eacf8bccc3b349b538ac2f1863989237/element - {"using":"xpath","value":"//*[contains(@href, 'etm.portal.ui.managecatalogs')]"}
RESULT: {"using":"xpath","value":"//*[contains(@href, 'etm.portal.ui.managecatalogs')]"}
COMMAND: POST /session/eacf8bccc3b349b538ac2f1863989237/element/f.11D6377D86A94FC2ADAA7D32FFC9D30E.d.6C58922F3DD443D8CF82BAFD23FCAF6D.e.9175/click - {}
RESULT: {}
COMMAND: GET /session/eacf8bccc3b349b538ac2f1863989237/screenshot - {}
RESULT: {}
COMMAND: POST /session/eacf8bccc3b349b538ac2f1863989237/execute/async - {"script":"<script> [1562 bytes]","args":[{"selector":{"controlType":"sap.m.Text","viewName":"etm.portal.ui.managecatalogs.view.MasterCatalogs","viewId":"application-managecatalogs-display-component---masterCatalogs","bindingPath":{"path":"/Catalogs('0D7502D073D53A0F1700BE067B89AFF9')","propertyPath":"DESCRIPTION","modelName":"catalogModel"}},"wdio_ui5_key":"etmportal.ui.managecatalogs.view.MasterCatalogssap.m.Text{\"path\":\"/Catalogs('0D7502D073D53A0F1700BE067B89AFF9')\",\"propertyPath\":\"DESCRIPTION\",\"modelName\":\"catalogModel\"}"}]}
RESULT: {"script":"<script> [1562 bytes]","args":[{"selector":{"controlType":"sap.m.Text","viewName":"etm.portal.ui.managecatalogs.view.MasterCatalogs","viewId":"application-managecatalogs-display-component---masterCatalogs","bindingPath":{"path":"/Catalogs('0D7502D073D53A0F1700BE067B89AFF9')","propertyPath":"DESCRIPTION","modelName":"catalogModel"}},"wdio_ui5_key":"etmportal.ui.managecatalogs.view.MasterCatalogssap.m.Text{\"path\":\"/Catalogs('0D7502D073D53A0F1700BE067B89AFF9')\",\"propertyPath\":\"DESCRIPTION\",\"modelName\":\"catalogModel\"}"}]}
RESULT: undefined
COMMAND: POST /session/eacf8bccc3b349b538ac2f1863989237/element - {"using":"xpath","value":"//*[@id=\"__text678-application-managecatalogs-display-component---masterCatalogs--CatalogsTable-11\"]"}
RESULT: {"using":"xpath","value":"//*[@id=\"__text678-application-managecatalogs-display-component---masterCatalogs--CatalogsTable-11\"]"}
COMMAND: POST /session/eacf8bccc3b349b538ac2f1863989237/element/f.11D6377D86A94FC2ADAA7D32FFC9D30E.d.6C58922F3DD443D8CF82BAFD23FCAF6D.e.9246/click - {}
RESULT: {}
RESULT: undefined
COMMAND: POST /session/eacf8bccc3b349b538ac2f1863989237/execute/async - {"script":"<script> [776 bytes]","args":[{"enterText":"catalogItemr530d","selector":{"id":"application-managecatalogs-display-component---masterCatalogItems--searchItemsField","interaction":{"idSuffix":"I"}},"clearTextFirst":true,"interactionType":"ENTER_TEXT"}]}
COMMAND: GET /session/eacf8bccc3b349b538ac2f1863989237/screenshot - {}
RESULT: {"script":"<script> [776 bytes]","args":[{"enterText":"catalogItemr530d","selector":{"id":"application-managecatalogs-display-component---masterCatalogItems--searchItemsField","interaction":{"idSuffix":"I"}},"clearTextFirst":true,"interactionType":"ENTER_TEXT"}]}
COMMAND: POST /session/eacf8bccc3b349b538ac2f1863989237/actions - {"actions":[{"id":"action55","type":"key","parameters":{},"actions":[{"type":"keyDown","value":""},{"type":"pause","duration":10},{"type":"keyUp","value":""}]}]}
RESULT: {}
RESULT: {"actions":[{"id":"action55","type":"key","parameters":{},"actions":[{"type":"keyDown","value":""},{"type":"pause","duration":10},{"type":"keyUp","value":""}]}]}
COMMAND: POST /session/eacf8bccc3b349b538ac2f1863989237/element - {"using":"xpath","value":"(//span[contains(text(), \"catalogItemr530d\")])[1]"}
COMMAND: GET /session/eacf8bccc3b349b538ac2f1863989237/screenshot - {}
RESULT: {"using":"xpath","value":"(//span[contains(text(), \"catalogItemr530d\")])[1]"}
COMMAND: POST /session/eacf8bccc3b349b538ac2f1863989237/element/f.11D6377D86A94FC2ADAA7D32FFC9D30E.d.6C58922F3DD443D8CF82BAFD23FCAF6D.e.9284/click - {}
RESULT: {}
RESULT: {}
COMMAND: GET /session/eacf8bccc3b349b538ac2f1863989237/screenshot - {}
RESULT: {}
COMMAND: POST /session/eacf8bccc3b349b538ac2f1863989237/element - {"using":"xpath","value":"//*[contains(@id ,\"BDI-content\")][contains(text(), \"Edit\")]"}
RESULT: {"using":"xpath","value":"//*[contains(@id ,\"BDI-content\")][contains(text(), \"Edit\")]"}
COMMAND: POST /session/eacf8bccc3b349b538ac2f1863989237/element/f.11D6377D86A94FC2ADAA7D32FFC9D30E.d.6C58922F3DD443D8CF82BAFD23FCAF6D.e.9369/click - {}
RESULT: {}
COMMAND: GET /session/eacf8bccc3b349b538ac2f1863989237/screenshot - {}
RESULT: {}
COMMAND: POST /session/eacf8bccc3b349b538ac2f1863989237/element - {"using":"xpath","value":"//bdi[contains(text(), \"Assigned Resources\")]"}
RESULT: {"using":"xpath","value":"//bdi[contains(text(), \"Assigned Resources\")]"}
COMMAND: POST /session/eacf8bccc3b349b538ac2f1863989237/element/f.11D6377D86A94FC2ADAA7D32FFC9D30E.d.6C58922F3DD443D8CF82BAFD23FCAF6D.e.9389/click - {}
RESULT: {}
COMMAND: GET /session/eacf8bccc3b349b538ac2f1863989237/screenshot - {}
RESULT: {}
COMMAND: POST /session/eacf8bccc3b349b538ac2f1863989237/element - {"using":"xpath","value":"//button[contains(@data-kt ,\"catalogItemAssignRuButton\")]"}
RESULT: {"using":"xpath","value":"//button[contains(@data-kt ,\"catalogItemAssignRuButton\")]"}
COMMAND: POST /session/eacf8bccc3b349b538ac2f1863989237/element/f.11D6377D86A94FC2ADAA7D32FFC9D30E.d.6C58922F3DD443D8CF82BAFD23FCAF6D.e.9395/click - {}
RESULT: {}
COMMAND: GET /session/eacf8bccc3b349b538ac2f1863989237/screenshot - {}
RESULT: {}
COMMAND: POST /session/eacf8bccc3b349b538ac2f1863989237/actions - {"actions":[{"id":"action56","type":"key","parameters":{},"actions":[{"type":"keyDown","value":""},{"type":"pause","duration":10},{"type":"keyUp","value":""}]}]}
RESULT: {"actions":[{"id":"action56","type":"key","parameters":{},"actions":[{"type":"keyDown","value":""},{"type":"pause","duration":10},{"type":"keyUp","value":""}]}]}
COMMAND: GET /session/eacf8bccc3b349b538ac2f1863989237/screenshot - {}
RESULT: {}
COMMAND: POST /session/eacf8bccc3b349b538ac2f1863989237/execute/async - {"script":"<script> [1562 bytes]","args":[{"selector":{"id":"application-managecatalogs-display-component---detailCatalog--assignRUSearchField-vhi","searchOpenDialogs":true},"wdio_ui5_key":"applicationmanagecatalogs-display-component---detailCatalog--assignRUSearchField-vhi"}]}
RESULT: {"script":"<script> [1562 bytes]","args":[{"selector":{"id":"application-managecatalogs-display-component---detailCatalog--assignRUSearchField-vhi","searchOpenDialogs":true},"wdio_ui5_key":"applicationmanagecatalogs-display-component---detailCatalog--assignRUSearchField-vhi"}]}
RESULT: undefined
COMMAND: POST /session/eacf8bccc3b349b538ac2f1863989237/element - {"using":"xpath","value":"//*[@id=\"application-managecatalogs-display-component---detailCatalog--assignRUSearchField-vhi\"]"}
RESULT: {"using":"xpath","value":"//*[@id=\"application-managecatalogs-display-component---detailCatalog--assignRUSearchField-vhi\"]"}
COMMAND: POST /session/eacf8bccc3b349b538ac2f1863989237/element/f.11D6377D86A94FC2ADAA7D32FFC9D30E.d.6C58922F3DD443D8CF82BAFD23FCAF6D.e.9411/click - {}
RESULT: {}
COMMAND: GET /session/eacf8bccc3b349b538ac2f1863989237/screenshot - {}
RESULT: {}
COMMAND: POST /session/eacf8bccc3b349b538ac2f1863989237/element - {"using":"xpath","value":"//input[contains(@id ,\"searchField-I\")]"}
RESULT: {"using":"xpath","value":"//input[contains(@id ,\"searchField-I\")]"}
COMMAND: POST /session/eacf8bccc3b349b538ac2f1863989237/element/f.11D6377D86A94FC2ADAA7D32FFC9D30E.d.6C58922F3DD443D8CF82BAFD23FCAF6D.e.9415/clear - {}
RESULT: {}
COMMAND: POST /session/eacf8bccc3b349b538ac2f1863989237/element/f.11D6377D86A94FC2ADAA7D32FFC9D30E.d.6C58922F3DD443D8CF82BAFD23FCAF6D.e.9415/value - {"text":"WebdriverRUR2C86cqa"}
COMMAND: GET /session/eacf8bccc3b349b538ac2f1863989237/screenshot - {}
RESULT: {"text":"WebdriverRUR2C86cqa"}
COMMAND: GET /session/eacf8bccc3b349b538ac2f1863989237/screenshot - {}
RESULT: {}
RESULT: {}
COMMAND: POST /session/eacf8bccc3b349b538ac2f1863989237/actions - {"actions":[{"id":"action57","type":"key","parameters":{},"actions":[{"type":"keyDown","value":""},{"type":"pause","duration":10},{"type":"keyUp","value":""}]}]}
RESULT: {"actions":[{"id":"action57","type":"key","parameters":{},"actions":[{"type":"keyDown","value":""},{"type":"pause","duration":10},{"type":"keyUp","value":""}]}]}
COMMAND: GET /session/eacf8bccc3b349b538ac2f1863989237/screenshot - {}
RESULT: {}
COMMAND: POST /session/eacf8bccc3b349b538ac2f1863989237/actions - {"actions":[{"id":"action58","type":"key","parameters":{},"actions":[{"type":"keyDown","value":""},{"type":"pause","duration":10},{"type":"keyUp","value":""}]}]}
RESULT: {"actions":[{"id":"action58","type":"key","parameters":{},"actions":[{"type":"keyDown","value":""},{"type":"pause","duration":10},{"type":"keyUp","value":""}]}]}
COMMAND: GET /session/eacf8bccc3b349b538ac2f1863989237/screenshot - {}
RESULT: {}
COMMAND: POST /session/eacf8bccc3b349b538ac2f1863989237/actions - {"actions":[{"id":"action59","type":"key","parameters":{},"actions":[{"type":"keyDown","value":""},{"type":"pause","duration":10},{"type":"keyUp","value":""}]}]}
RESULT: {"actions":[{"id":"action59","type":"key","parameters":{},"actions":[{"type":"keyDown","value":""},{"type":"pause","duration":10},{"type":"keyUp","value":""}]}]}
COMMAND: GET /session/eacf8bccc3b349b538ac2f1863989237/screenshot - {}
RESULT: {}
COMMAND: POST /session/eacf8bccc3b349b538ac2f1863989237/element - {"using":"xpath","value":"//bdi[contains(@id ,\"application-managecatalogs-display-component---detailCatalog--RUAssignmentSaveButton-BDI-content\")]"}
RESULT: {"using":"xpath","value":"//bdi[contains(@id ,\"application-managecatalogs-display-component---detailCatalog--RUAssignmentSaveButton-BDI-content\")]"}
COMMAND: POST /session/eacf8bccc3b349b538ac2f1863989237/element/f.11D6377D86A94FC2ADAA7D32FFC9D30E.d.6C58922F3DD443D8CF82BAFD23FCAF6D.e.9430/click - {}
RESULT: {}
COMMAND: GET /session/eacf8bccc3b349b538ac2f1863989237/screenshot - {}
RESULT: {}
COMMAND: POST /session/eacf8bccc3b349b538ac2f1863989237/element - {"using":"xpath","value":"//bdi[contains(text(), \"Save\")]"}
RESULT: {"using":"xpath","value":"//bdi[contains(text(), \"Save\")]"}
COMMAND: POST /session/eacf8bccc3b349b538ac2f1863989237/element/f.11D6377D86A94FC2ADAA7D32FFC9D30E.d.6C58922F3DD443D8CF82BAFD23FCAF6D.e.9461/click - {}
RESULT: {}
COMMAND: GET /session/eacf8bccc3b349b538ac2f1863989237/screenshot - {}
RESULT: {}
COMMAND: POST /session/eacf8bccc3b349b538ac2f1863989237/element - {"using":"css selector","value":"#shell-header-logo"}
RESULT: {"using":"css selector","value":"#shell-header-logo"}
COMMAND: POST /session/eacf8bccc3b349b538ac2f1863989237/element/f.11D6377D86A94FC2ADAA7D32FFC9D30E.d.6C58922F3DD443D8CF82BAFD23FCAF6D.e.9179/click - {}
RESULT: {}
COMMAND: GET /session/eacf8bccc3b349b538ac2f1863989237/screenshot - {}
RESULT: {}
]]></system-out>
    </testcase>
    <testcase classname="chrome.135_0_7049_42.windows.Reserve/Unreserve_request_item_via_reserve_option_US139161" name="Should create a new request with a catalog item that can be planned" time="130.036">
      <system-out><![CDATA[
COMMAND: POST /session/eacf8bccc3b349b538ac2f1863989237/element - {"using":"xpath","value":"//*[contains(@href, 'etm.portal.ui.managerequests')]"}
RESULT: {"using":"xpath","value":"//*[contains(@href, 'etm.portal.ui.managerequests')]"}
COMMAND: POST /session/eacf8bccc3b349b538ac2f1863989237/element/f.11D6377D86A94FC2ADAA7D32FFC9D30E.d.6C58922F3DD443D8CF82BAFD23FCAF6D.e.8484/click - {}
RESULT: {}
COMMAND: GET /session/eacf8bccc3b349b538ac2f1863989237/screenshot - {}
RESULT: {}
COMMAND: POST /session/eacf8bccc3b349b538ac2f1863989237/refresh - {}
RESULT: {}
COMMAND: GET /session/eacf8bccc3b349b538ac2f1863989237/screenshot - {}
RESULT: {}
COMMAND: POST /session/eacf8bccc3b349b538ac2f1863989237/execute/async - {"script":"<script> [189 bytes]","args":[]}
RESULT: {"script":"<script> [189 bytes]","args":[]}
COMMAND: POST /session/eacf8bccc3b349b538ac2f1863989237/execute/async - {"script":"<script> [123 bytes]","args":[]}
RESULT: {"script":"<script> [123 bytes]","args":[]}
COMMAND: POST /session/eacf8bccc3b349b538ac2f1863989237/timeouts - {"script":"<number>"}
RESULT: {"script":"<number>"}
COMMAND: GET /session/eacf8bccc3b349b538ac2f1863989237/timeouts - {}
RESULT: {}
RESULT: undefined
COMMAND: POST /session/eacf8bccc3b349b538ac2f1863989237/execute/async - {"script":"<script> [2676 bytes]","args":[]}
RESULT: {"script":"<script> [2676 bytes]","args":[]}
COMMAND: POST /session/eacf8bccc3b349b538ac2f1863989237/execute/async - {"script":"<script> [2342 bytes]","args":[{"protocol":"http","hostname":"0.0.0.0","path":"/","capabilities":{"browserName":"chrome","goog:chromeOptions":{"binary":"C:\\Program Files\\Google\\Chrome\\Application\\chrome.exe","args":["--start-maximized"]}},"logLevel":"warn","connectionRetryTimeout":120000,"connectionRetryCount":3,"logLevels":{},"enableDirectConnect":true,"strictSSL":true,"_":"65 more keys: [\"cacheDir\",\"port\",\"requestedCapabilities\",\"automationProtocol\",\"baseUrl\",\"waitforInterval\",\"waitforTimeout\",\"onReload\",\"beforeCommand\",\"afterCommand\",\"rootDir\",\"specs\",\"suites\",\"exclude\",\"groupLogsByTestSpec\",\"excludeDriverLogs\",\"bail\",\"framework\",\"reporters\",\"services\",\"maxInstances\",\"maxInstancesPerCapability\",\"injectGlobals\",\"filesToWatch\",\"execArgv\",\"runnerEnv\",\"runner\",\"shard\",\"specFileRetries\",\"specFileRetriesDelay\",\"specFileRetriesDeferred\",\"reporterSyncInterval\",\"reporterSyncTimeout\",\"cucumberFeaturesWithLineNumbers\",\"autoCompileOpts\",\"mochaOpts\",\"jasmineOpts\",\"cucumberOpts\",\"onPrepare\",\"onWorkerStart\",\"onWorkerEnd\",\"before\",\"beforeSession\",\"beforeSuite\",\"beforeHook\",\"beforeTest\",\"afterTest\",\"afterHook\",\"afterSuite\",\"afterSession\",\"after\",\"onComplete\",\"beforeAssertion\",\"afterAssertion\",\"beforeFeature\",\"beforeScenario\",\"beforeStep\",\"afterStep\",\"afterScenario\",\"afterFeature\",\"_\",\"suite\",\"$0\",\"ignoredWorkerServices\",\"wdi5\"]"}]}
RESULT: {"script":"<script> [2342 bytes]","args":[{"protocol":"http","hostname":"0.0.0.0","path":"/","capabilities":{"browserName":"chrome","goog:chromeOptions":{"binary":"C:\\Program Files\\Google\\Chrome\\Application\\chrome.exe","args":["--start-maximized"]}},"logLevel":"warn","connectionRetryTimeout":120000,"connectionRetryCount":3,"logLevels":{},"enableDirectConnect":true,"strictSSL":true,"_":"65 more keys: [\"cacheDir\",\"port\",\"requestedCapabilities\",\"automationProtocol\",\"baseUrl\",\"waitforInterval\",\"waitforTimeout\",\"onReload\",\"beforeCommand\",\"afterCommand\",\"rootDir\",\"specs\",\"suites\",\"exclude\",\"groupLogsByTestSpec\",\"excludeDriverLogs\",\"bail\",\"framework\",\"reporters\",\"services\",\"maxInstances\",\"maxInstancesPerCapability\",\"injectGlobals\",\"filesToWatch\",\"execArgv\",\"runnerEnv\",\"runner\",\"shard\",\"specFileRetries\",\"specFileRetriesDelay\",\"specFileRetriesDeferred\",\"reporterSyncInterval\",\"reporterSyncTimeout\",\"cucumberFeaturesWithLineNumbers\",\"autoCompileOpts\",\"mochaOpts\",\"jasmineOpts\",\"cucumberOpts\",\"onPrepare\",\"onWorkerStart\",\"onWorkerEnd\",\"before\",\"beforeSession\",\"beforeSuite\",\"beforeHook\",\"beforeTest\",\"afterTest\",\"afterHook\",\"afterSuite\",\"afterSession\",\"after\",\"onComplete\",\"beforeAssertion\",\"afterAssertion\",\"beforeFeature\",\"beforeScenario\",\"beforeStep\",\"afterStep\",\"afterScenario\",\"afterFeature\",\"_\",\"suite\",\"$0\",\"ignoredWorkerServices\",\"wdi5\"]"}]}
COMMAND: POST /session/eacf8bccc3b349b538ac2f1863989237/execute/async - {"script":"<script> [21126 bytes]","args":[35000]}
RESULT: {"script":"<script> [21126 bytes]","args":[35000]}
COMMAND: POST /session/eacf8bccc3b349b538ac2f1863989237/element - {"using":"xpath","value":"//button[contains(@data-kt ,\"btnCreateNewOverflowToolbarButton\")]"}
COMMAND: POST /session/eacf8bccc3b349b538ac2f1863989237/element - {"using":"xpath","value":"(//span[contains(@class ,\"sapMObjStatusText\")])[1]"}
RESULT: {"using":"xpath","value":"//button[contains(@data-kt ,\"btnCreateNewOverflowToolbarButton\")]"}
COMMAND: POST /session/eacf8bccc3b349b538ac2f1863989237/element/f.11D6377D86A94FC2ADAA7D32FFC9D30E.d.A22336CE2923826562E6BC4FAEE8B243.e.9646/click - {}
RESULT: {"using":"xpath","value":"(//span[contains(@class ,\"sapMObjStatusText\")])[1]"}
COMMAND: POST /session/eacf8bccc3b349b538ac2f1863989237/element - {"using":"xpath","value":"(//span[contains(@class ,\"sapMObjStatusText\")])[1]"}
RESULT: {}
COMMAND: GET /session/eacf8bccc3b349b538ac2f1863989237/screenshot - {}
RESULT: {"using":"xpath","value":"(//span[contains(@class ,\"sapMObjStatusText\")])[1]"}
COMMAND: POST /session/eacf8bccc3b349b538ac2f1863989237/execute/sync - {"script":"<script> [8489 bytes]","args":[{"element-6066-11e4-a52e-4f735466cecf":"f.11D6377D86A94FC2ADAA7D32FFC9D30E.d.A22336CE2923826562E6BC4FAEE8B243.e.9702","ELEMENT":"f.11D6377D86A94FC2ADAA7D32FFC9D30E.d.A22336CE2923826562E6BC4FAEE8B243.e.9702"}]}
RESULT: {}
COMMAND: POST /session/eacf8bccc3b349b538ac2f1863989237/element - {"using":"xpath","value":"(//span[contains(@class ,\"sapMObjStatusText\")])[1]"}
RESULT: {"using":"xpath","value":"(//span[contains(@class ,\"sapMObjStatusText\")])[1]"}
COMMAND: POST /session/eacf8bccc3b349b538ac2f1863989237/execute/sync - {"script":"<script> [8489 bytes]","args":[{"element-6066-11e4-a52e-4f735466cecf":"f.11D6377D86A94FC2ADAA7D32FFC9D30E.d.A22336CE2923826562E6BC4FAEE8B243.e.10043","ELEMENT":"f.11D6377D86A94FC2ADAA7D32FFC9D30E.d.A22336CE2923826562E6BC4FAEE8B243.e.10043"}]}
RESULT: {"script":"<script> [8489 bytes]","args":[{"element-6066-11e4-a52e-4f735466cecf":"f.11D6377D86A94FC2ADAA7D32FFC9D30E.d.A22336CE2923826562E6BC4FAEE8B243.e.10043","ELEMENT":"f.11D6377D86A94FC2ADAA7D32FFC9D30E.d.A22336CE2923826562E6BC4FAEE8B243.e.10043"}]}
COMMAND: GET /session/eacf8bccc3b349b538ac2f1863989237/screenshot - {}
RESULT: {}
COMMAND: POST /session/eacf8bccc3b349b538ac2f1863989237/element - {"using":"xpath","value":"//input[contains(@id ,\"yardId-inner\")]"}
RESULT: {"using":"xpath","value":"//input[contains(@id ,\"yardId-inner\")]"}
COMMAND: GET /session/eacf8bccc3b349b538ac2f1863989237/element/f.11D6377D86A94FC2ADAA7D32FFC9D30E.d.A22336CE2923826562E6BC4FAEE8B243.e.9895/enabled - {}
RESULT: {}
COMMAND: POST /session/eacf8bccc3b349b538ac2f1863989237/element/f.11D6377D86A94FC2ADAA7D32FFC9D30E.d.A22336CE2923826562E6BC4FAEE8B243.e.9895/clear - {}
COMMAND: GET /session/eacf8bccc3b349b538ac2f1863989237/screenshot - {}
RESULT: {}
COMMAND: POST /session/eacf8bccc3b349b538ac2f1863989237/element/f.11D6377D86A94FC2ADAA7D32FFC9D30E.d.A22336CE2923826562E6BC4FAEE8B243.e.9895/value - {"text":"WebdriverYard1i0u3"}
COMMAND: GET /session/eacf8bccc3b349b538ac2f1863989237/screenshot - {}
RESULT: {}
RESULT: {"text":"WebdriverYard1i0u3"}
COMMAND: GET /session/eacf8bccc3b349b538ac2f1863989237/screenshot - {}
RESULT: {}
RESULT: {}
COMMAND: POST /session/eacf8bccc3b349b538ac2f1863989237/actions - {"actions":[{"id":"action60","type":"key","parameters":{},"actions":[{"type":"keyDown","value":""},{"type":"pause","duration":10},{"type":"keyUp","value":""}]}]}
RESULT: {"actions":[{"id":"action60","type":"key","parameters":{},"actions":[{"type":"keyDown","value":""},{"type":"pause","duration":10},{"type":"keyUp","value":""}]}]}
COMMAND: GET /session/eacf8bccc3b349b538ac2f1863989237/screenshot - {}
RESULT: {}
COMMAND: POST /session/eacf8bccc3b349b538ac2f1863989237/element - {"using":"xpath","value":"//input[contains(@id ,\"customerNumber-inner\")]"}
RESULT: {"using":"xpath","value":"//input[contains(@id ,\"customerNumber-inner\")]"}
COMMAND: POST /session/eacf8bccc3b349b538ac2f1863989237/element/f.11D6377D86A94FC2ADAA7D32FFC9D30E.d.A22336CE2923826562E6BC4FAEE8B243.e.9889/value - {"text":"WebdriverPartnerlnzir"}
RESULT: {"text":"WebdriverPartnerlnzir"}
COMMAND: GET /session/eacf8bccc3b349b538ac2f1863989237/screenshot - {}
RESULT: {}
COMMAND: POST /session/eacf8bccc3b349b538ac2f1863989237/actions - {"actions":[{"id":"action61","type":"key","parameters":{},"actions":[{"type":"keyDown","value":""},{"type":"pause","duration":10},{"type":"keyUp","value":""}]}]}
RESULT: {"actions":[{"id":"action61","type":"key","parameters":{},"actions":[{"type":"keyDown","value":""},{"type":"pause","duration":10},{"type":"keyUp","value":""}]}]}
COMMAND: GET /session/eacf8bccc3b349b538ac2f1863989237/screenshot - {}
RESULT: {}
COMMAND: POST /session/eacf8bccc3b349b538ac2f1863989237/element - {"using":"xpath","value":"//input[contains(@id ,\"requestSiteId-inner\")]"}
RESULT: {"using":"xpath","value":"//input[contains(@id ,\"requestSiteId-inner\")]"}
COMMAND: POST /session/eacf8bccc3b349b538ac2f1863989237/element/f.11D6377D86A94FC2ADAA7D32FFC9D30E.d.A22336CE2923826562E6BC4FAEE8B243.e.9888/value - {"text":"WebdriverSiteo1997"}
RESULT: {"text":"WebdriverSiteo1997"}
COMMAND: GET /session/eacf8bccc3b349b538ac2f1863989237/screenshot - {}
RESULT: {}
COMMAND: POST /session/eacf8bccc3b349b538ac2f1863989237/actions - {"actions":[{"id":"action62","type":"key","parameters":{},"actions":[{"type":"keyDown","value":""},{"type":"pause","duration":10},{"type":"keyUp","value":""}]}]}
RESULT: {"actions":[{"id":"action62","type":"key","parameters":{},"actions":[{"type":"keyDown","value":""},{"type":"pause","duration":10},{"type":"keyUp","value":""}]}]}
COMMAND: GET /session/eacf8bccc3b349b538ac2f1863989237/screenshot - {}
RESULT: {}
COMMAND: POST /session/eacf8bccc3b349b538ac2f1863989237/element - {"using":"xpath","value":"//bdi[contains(text(), \"Items\")]"}
RESULT: {"using":"xpath","value":"//bdi[contains(text(), \"Items\")]"}
COMMAND: POST /session/eacf8bccc3b349b538ac2f1863989237/element/f.11D6377D86A94FC2ADAA7D32FFC9D30E.d.A22336CE2923826562E6BC4FAEE8B243.e.10054/click - {}
RESULT: {}
COMMAND: GET /session/eacf8bccc3b349b538ac2f1863989237/screenshot - {}
RESULT: {}
COMMAND: POST /session/eacf8bccc3b349b538ac2f1863989237/element - {"using":"xpath","value":"//button[contains(@data-kt ,\"requestItemAddOverflowToolbarButton\")]"}
RESULT: {"using":"xpath","value":"//button[contains(@data-kt ,\"requestItemAddOverflowToolbarButton\")]"}
COMMAND: POST /session/eacf8bccc3b349b538ac2f1863989237/element/f.11D6377D86A94FC2ADAA7D32FFC9D30E.d.A22336CE2923826562E6BC4FAEE8B243.e.9867/click - {}
RESULT: {}
COMMAND: GET /session/eacf8bccc3b349b538ac2f1863989237/screenshot - {}
RESULT: {}
COMMAND: POST /session/eacf8bccc3b349b538ac2f1863989237/actions - {"actions":[{"id":"action63","type":"key","parameters":{},"actions":[{"type":"keyDown","value":""},{"type":"pause","duration":10},{"type":"keyUp","value":""}]}]}
RESULT: {"actions":[{"id":"action63","type":"key","parameters":{},"actions":[{"type":"keyDown","value":""},{"type":"pause","duration":10},{"type":"keyUp","value":""}]}]}
COMMAND: POST /session/eacf8bccc3b349b538ac2f1863989237/actions - {"actions":[{"id":"action64","type":"key","parameters":{},"actions":[{"type":"keyDown","value":""},{"type":"pause","duration":10},{"type":"keyUp","value":""}]}]}
COMMAND: GET /session/eacf8bccc3b349b538ac2f1863989237/screenshot - {}
RESULT: {"actions":[{"id":"action64","type":"key","parameters":{},"actions":[{"type":"keyDown","value":""},{"type":"pause","duration":10},{"type":"keyUp","value":""}]}]}
COMMAND: POST /session/eacf8bccc3b349b538ac2f1863989237/element - {"using":"xpath","value":"(//input[contains(@id ,\"requestItemsTable-0-inner\")])[1]"}
COMMAND: GET /session/eacf8bccc3b349b538ac2f1863989237/screenshot - {}
RESULT: {}
RESULT: {"using":"xpath","value":"(//input[contains(@id ,\"requestItemsTable-0-inner\")])[1]"}
COMMAND: POST /session/eacf8bccc3b349b538ac2f1863989237/element/f.11D6377D86A94FC2ADAA7D32FFC9D30E.d.A22336CE2923826562E6BC4FAEE8B243.e.10070/clear - {}
RESULT: {}
RESULT: {}
COMMAND: POST /session/eacf8bccc3b349b538ac2f1863989237/element/f.11D6377D86A94FC2ADAA7D32FFC9D30E.d.A22336CE2923826562E6BC4FAEE8B243.e.10070/value - {"text":"catalogItemr530d"}
COMMAND: GET /session/eacf8bccc3b349b538ac2f1863989237/screenshot - {}
RESULT: {"text":"catalogItemr530d"}
COMMAND: GET /session/eacf8bccc3b349b538ac2f1863989237/screenshot - {}
RESULT: {}
RESULT: {}
COMMAND: POST /session/eacf8bccc3b349b538ac2f1863989237/actions - {"actions":[{"id":"action65","type":"key","parameters":{},"actions":[{"type":"keyDown","value":""},{"type":"pause","duration":10},{"type":"keyUp","value":""}]}]}
RESULT: {"actions":[{"id":"action65","type":"key","parameters":{},"actions":[{"type":"keyDown","value":""},{"type":"pause","duration":10},{"type":"keyUp","value":""}]}]}
COMMAND: GET /session/eacf8bccc3b349b538ac2f1863989237/screenshot - {}
RESULT: {}
COMMAND: POST /session/eacf8bccc3b349b538ac2f1863989237/execute/async - {"script":"<script> [1562 bytes]","args":[{"selector":{"controlType":"sap.ui.core.Icon","viewName":"etm.portal.ui.managerequests.view.NewRequest","properties":{"src":{"regex":{"source":"slim\\-arrow\\-down"}}},"ancestor":{"controlType":"sap.m.Button","viewName":"etm.portal.ui.managerequests.view.NewRequest","properties":{"icon":"sap-icon://slim-arrow-down"}}},"wdio_ui5_key":"etmportal.ui.managerequests.view.NewRequestsap.ui.core.Icon{\"src\":{\"regex\":{\"source\":\"slim\\\\-arrow\\\\-down\"}}}{\"controlType\":\"sap.m.Button\",\"viewName\":\"etm.portal.ui.managerequests.view.NewRequest\",\"properties\":{\"icon\":\"sap-icon://slim-arrow-down\"}}"}]}
RESULT: {"script":"<script> [1562 bytes]","args":[{"selector":{"controlType":"sap.ui.core.Icon","viewName":"etm.portal.ui.managerequests.view.NewRequest","properties":{"src":{"regex":{"source":"slim\\-arrow\\-down"}}},"ancestor":{"controlType":"sap.m.Button","viewName":"etm.portal.ui.managerequests.view.NewRequest","properties":{"icon":"sap-icon://slim-arrow-down"}}},"wdio_ui5_key":"etmportal.ui.managerequests.view.NewRequestsap.ui.core.Icon{\"src\":{\"regex\":{\"source\":\"slim\\\\-arrow\\\\-down\"}}}{\"controlType\":\"sap.m.Button\",\"viewName\":\"etm.portal.ui.managerequests.view.NewRequest\",\"properties\":{\"icon\":\"sap-icon://slim-arrow-down\"}}"}]}
RESULT: undefined
COMMAND: POST /session/eacf8bccc3b349b538ac2f1863989237/element - {"using":"xpath","value":"//*[@id=\"__title4-expandBtn-img\"]"}
RESULT: {"using":"xpath","value":"//*[@id=\"__title4-expandBtn-img\"]"}
COMMAND: POST /session/eacf8bccc3b349b538ac2f1863989237/element/f.11D6377D86A94FC2ADAA7D32FFC9D30E.d.A22336CE2923826562E6BC4FAEE8B243.e.10083/click - {}
RESULT: {}
COMMAND: GET /session/eacf8bccc3b349b538ac2f1863989237/screenshot - {}
RESULT: {}
COMMAND: POST /session/eacf8bccc3b349b538ac2f1863989237/element - {"using":"xpath","value":"//div[contains(@data-kt ,\"splitAllocationObjectStatus\")]"}
RESULT: {"using":"xpath","value":"//div[contains(@data-kt ,\"splitAllocationObjectStatus\")]"}
COMMAND: POST /session/eacf8bccc3b349b538ac2f1863989237/elements - {"using":"xpath","value":"//div[contains(@data-kt ,\"splitAllocationObjectStatus\")]"}
RESULT: {"using":"xpath","value":"//div[contains(@data-kt ,\"splitAllocationObjectStatus\")]"}
COMMAND: POST /session/eacf8bccc3b349b538ac2f1863989237/execute/async - {"script":"<script> [1562 bytes]","args":[{"selector":{"controlType":"sap.ui.core.Icon","viewName":"etm.portal.ui.managerequests.view.NewRequest","properties":{"src":{"regex":{"source":"message\\-error"}}}},"wdio_ui5_key":"etmportal.ui.managerequests.view.NewRequestsap.ui.core.Icon{\"src\":{\"regex\":{\"source\":\"message\\\\-error\"}}}"}]}
RESULT: {"script":"<script> [1562 bytes]","args":[{"selector":{"controlType":"sap.ui.core.Icon","viewName":"etm.portal.ui.managerequests.view.NewRequest","properties":{"src":{"regex":{"source":"message\\-error"}}}},"wdio_ui5_key":"etmportal.ui.managerequests.view.NewRequestsap.ui.core.Icon{\"src\":{\"regex\":{\"source\":\"message\\\\-error\"}}}"}]}
RESULT: undefined
COMMAND: POST /session/eacf8bccc3b349b538ac2f1863989237/element - {"using":"xpath","value":"//*[@id=\"__status4-__xmlview1--requestItemsTable-0-icon\"]"}
RESULT: {"using":"xpath","value":"//*[@id=\"__status4-__xmlview1--requestItemsTable-0-icon\"]"}
COMMAND: POST /session/eacf8bccc3b349b538ac2f1863989237/element/f.11D6377D86A94FC2ADAA7D32FFC9D30E.d.A22336CE2923826562E6BC4FAEE8B243.e.10088/click - {}
RESULT: {}
COMMAND: POST /session/eacf8bccc3b349b538ac2f1863989237/execute/async - {"script":"<script> [1562 bytes]","args":[{"selector":{"controlType":"sap.ui.core.Icon","viewName":"etm.portal.ui.managerequests.view.NewRequest","properties":{"src":{"regex":{"source":"slim\\-arrow\\-down"}}},"searchOpenDialogs":true,"ancestor":{"id":"costObjectAdminTypeComboBox","viewName":"etm.portal.ui.managerequests.view.NewRequest","searchOpenDialogs":true}},"wdio_ui5_key":"etmportal.ui.managerequests.view.NewRequestsap.ui.core.Icon{\"src\":{\"regex\":{\"source\":\"slim\\\\-arrow\\\\-down\"}}}{\"id\":\"costObjectAdminTypeComboBox\",\"viewName\":\"etm.portal.ui.managerequests.view.NewRequest\",\"searchOpenDialogs\":true}"}]}
COMMAND: GET /session/eacf8bccc3b349b538ac2f1863989237/screenshot - {}
RESULT: {"script":"<script> [1562 bytes]","args":[{"selector":{"controlType":"sap.ui.core.Icon","viewName":"etm.portal.ui.managerequests.view.NewRequest","properties":{"src":{"regex":{"source":"slim\\-arrow\\-down"}}},"searchOpenDialogs":true,"ancestor":{"id":"costObjectAdminTypeComboBox","viewName":"etm.portal.ui.managerequests.view.NewRequest","searchOpenDialogs":true}},"wdio_ui5_key":"etmportal.ui.managerequests.view.NewRequestsap.ui.core.Icon{\"src\":{\"regex\":{\"source\":\"slim\\\\-arrow\\\\-down\"}}}{\"id\":\"costObjectAdminTypeComboBox\",\"viewName\":\"etm.portal.ui.managerequests.view.NewRequest\",\"searchOpenDialogs\":true}"}]}
RESULT: undefined
COMMAND: POST /session/eacf8bccc3b349b538ac2f1863989237/element - {"using":"xpath","value":"//*[@id=\"__xmlview1--costObjectAdminTypeComboBox-arrow\"]"}
RESULT: {}
RESULT: {"using":"xpath","value":"//*[@id=\"__xmlview1--costObjectAdminTypeComboBox-arrow\"]"}
COMMAND: POST /session/eacf8bccc3b349b538ac2f1863989237/element/f.11D6377D86A94FC2ADAA7D32FFC9D30E.d.A22336CE2923826562E6BC4FAEE8B243.e.10093/click - {}
RESULT: {}
COMMAND: POST /session/eacf8bccc3b349b538ac2f1863989237/execute/async - {"script":"<script> [1562 bytes]","args":[{"selector":{"controlType":"sap.m.StandardListItem","viewName":"etm.portal.ui.managerequests.view.NewRequest","properties":{"title":"Cost Center"},"searchOpenDialogs":true,"interaction":{"idSuffix":"titleText"}},"wdio_ui5_key":"etmportal.ui.managerequests.view.NewRequestsap.m.StandardListItem{\"title\":\"Cost Center\"}"}]}
COMMAND: GET /session/eacf8bccc3b349b538ac2f1863989237/screenshot - {}
RESULT: {"script":"<script> [1562 bytes]","args":[{"selector":{"controlType":"sap.m.StandardListItem","viewName":"etm.portal.ui.managerequests.view.NewRequest","properties":{"title":"Cost Center"},"searchOpenDialogs":true,"interaction":{"idSuffix":"titleText"}},"wdio_ui5_key":"etmportal.ui.managerequests.view.NewRequestsap.m.StandardListItem{\"title\":\"Cost Center\"}"}]}
RESULT: undefined
COMMAND: POST /session/eacf8bccc3b349b538ac2f1863989237/element - {"using":"xpath","value":"//*[@id=\"__item717\"]"}
RESULT: {}
RESULT: {"using":"xpath","value":"//*[@id=\"__item717\"]"}
COMMAND: POST /session/eacf8bccc3b349b538ac2f1863989237/element/f.11D6377D86A94FC2ADAA7D32FFC9D30E.d.A22336CE2923826562E6BC4FAEE8B243.e.10096/click - {}
RESULT: {}
COMMAND: POST /session/eacf8bccc3b349b538ac2f1863989237/execute/async - {"script":"<script> [1562 bytes]","args":[{"selector":{"controlType":"sap.ui.core.Icon","viewName":"etm.portal.ui.managerequests.view.NewRequest","properties":{"src":{"regex":{"source":"value\\-help"}}},"searchOpenDialogs":true},"wdio_ui5_key":"etmportal.ui.managerequests.view.NewRequestsap.ui.core.Icon{\"src\":{\"regex\":{\"source\":\"value\\\\-help\"}}}"}]}
COMMAND: GET /session/eacf8bccc3b349b538ac2f1863989237/screenshot - {}
RESULT: {"script":"<script> [1562 bytes]","args":[{"selector":{"controlType":"sap.ui.core.Icon","viewName":"etm.portal.ui.managerequests.view.NewRequest","properties":{"src":{"regex":{"source":"value\\-help"}}},"searchOpenDialogs":true},"wdio_ui5_key":"etmportal.ui.managerequests.view.NewRequestsap.ui.core.Icon{\"src\":{\"regex\":{\"source\":\"value\\\\-help\"}}}"}]}
RESULT: undefined
COMMAND: POST /session/eacf8bccc3b349b538ac2f1863989237/element - {"using":"xpath","value":"//*[@id=\"__xmlview1--costObjectIdComboBox-vhi\"]"}
RESULT: {}
RESULT: {"using":"xpath","value":"//*[@id=\"__xmlview1--costObjectIdComboBox-vhi\"]"}
COMMAND: POST /session/eacf8bccc3b349b538ac2f1863989237/element/f.11D6377D86A94FC2ADAA7D32FFC9D30E.d.A22336CE2923826562E6BC4FAEE8B243.e.10099/click - {}
RESULT: {}
COMMAND: POST /session/eacf8bccc3b349b538ac2f1863989237/execute/async - {"script":"<script> [1562 bytes]","args":[{"selector":{"controlType":"sap.m.SearchField","properties":{"placeholder":"Search"},"searchOpenDialogs":true,"interaction":{"idSuffix":"I"}},"wdio_ui5_key":"sapm.SearchField{\"placeholder\":\"Search\"}"}]}
COMMAND: GET /session/eacf8bccc3b349b538ac2f1863989237/screenshot - {}
RESULT: {"script":"<script> [1562 bytes]","args":[{"selector":{"controlType":"sap.m.SearchField","properties":{"placeholder":"Search"},"searchOpenDialogs":true,"interaction":{"idSuffix":"I"}},"wdio_ui5_key":"sapm.SearchField{\"placeholder\":\"Search\"}"}]}
RESULT: undefined
COMMAND: POST /session/eacf8bccc3b349b538ac2f1863989237/execute/async - {"script":"<script> [776 bytes]","args":[{"enterText":"10001010","selector":{"controlType":"sap.m.SearchField","properties":{"placeholder":"Search"},"searchOpenDialogs":true,"interaction":{"idSuffix":"I"}},"clearTextFirst":true,"interactionType":"ENTER_TEXT"}]}
RESULT: {}
RESULT: {"script":"<script> [776 bytes]","args":[{"enterText":"10001010","selector":{"controlType":"sap.m.SearchField","properties":{"placeholder":"Search"},"searchOpenDialogs":true,"interaction":{"idSuffix":"I"}},"clearTextFirst":true,"interactionType":"ENTER_TEXT"}]}
COMMAND: POST /session/eacf8bccc3b349b538ac2f1863989237/actions - {"actions":[{"id":"action66","type":"key","parameters":{},"actions":[{"type":"keyDown","value":""},{"type":"pause","duration":10},{"type":"keyUp","value":""}]}]}
RESULT: {"actions":[{"id":"action66","type":"key","parameters":{},"actions":[{"type":"keyDown","value":""},{"type":"pause","duration":10},{"type":"keyUp","value":""}]}]}
COMMAND: GET /session/eacf8bccc3b349b538ac2f1863989237/screenshot - {}
RESULT: {}
COMMAND: POST /session/eacf8bccc3b349b538ac2f1863989237/execute/async - {"script":"<script> [1562 bytes]","args":[{"selector":{"controlType":"sap.m.Text","bindingPath":{"path":"/C_CostCtrValueHelp(CostCenter='10001010',ControllingArea='Z001')","propertyPath":"CostCenterName","modelName":"CostCenterModel"},"searchOpenDialogs":true},"wdio_ui5_key":"sapm.Text{\"path\":\"/C_CostCtrValueHelp(CostCenter='10001010',ControllingArea='Z001')\",\"propertyPath\":\"CostCenterName\",\"modelName\":\"CostCenterModel\"}"}]}
RESULT: {"script":"<script> [1562 bytes]","args":[{"selector":{"controlType":"sap.m.Text","bindingPath":{"path":"/C_CostCtrValueHelp(CostCenter='10001010',ControllingArea='Z001')","propertyPath":"CostCenterName","modelName":"CostCenterModel"},"searchOpenDialogs":true},"wdio_ui5_key":"sapm.Text{\"path\":\"/C_CostCtrValueHelp(CostCenter='10001010',ControllingArea='Z001')\",\"propertyPath\":\"CostCenterName\",\"modelName\":\"CostCenterModel\"}"}]}
RESULT: undefined
COMMAND: POST /session/eacf8bccc3b349b538ac2f1863989237/element - {"using":"xpath","value":"//*[@id=\"__text265-__clone847\"]"}
RESULT: {"using":"xpath","value":"//*[@id=\"__text265-__clone847\"]"}
COMMAND: POST /session/eacf8bccc3b349b538ac2f1863989237/element/f.11D6377D86A94FC2ADAA7D32FFC9D30E.d.A22336CE2923826562E6BC4FAEE8B243.e.10139/click - {}
RESULT: {}
COMMAND: POST /session/eacf8bccc3b349b538ac2f1863989237/execute/async - {"script":"<script> [1562 bytes]","args":[{"selector":{"controlType":"sap.m.Button","properties":{"text":"OK"},"searchOpenDialogs":true,"interaction":{"idSuffix":"BDI-content"}},"wdio_ui5_key":"sapm.Button{\"text\":\"OK\"}"}]}
COMMAND: GET /session/eacf8bccc3b349b538ac2f1863989237/screenshot - {}
RESULT: {"script":"<script> [1562 bytes]","args":[{"selector":{"controlType":"sap.m.Button","properties":{"text":"OK"},"searchOpenDialogs":true,"interaction":{"idSuffix":"BDI-content"}},"wdio_ui5_key":"sapm.Button{\"text\":\"OK\"}"}]}
RESULT: undefined
COMMAND: POST /session/eacf8bccc3b349b538ac2f1863989237/element - {"using":"xpath","value":"//*[@id=\"__dialog1-ok\"]"}
RESULT: {}
RESULT: {"using":"xpath","value":"//*[@id=\"__dialog1-ok\"]"}
COMMAND: POST /session/eacf8bccc3b349b538ac2f1863989237/element/f.11D6377D86A94FC2ADAA7D32FFC9D30E.d.A22336CE2923826562E6BC4FAEE8B243.e.10141/click - {}
RESULT: {}
COMMAND: GET /session/eacf8bccc3b349b538ac2f1863989237/screenshot - {}
RESULT: {}
COMMAND: POST /session/eacf8bccc3b349b538ac2f1863989237/execute/async - {"script":"<script> [1562 bytes]","args":[{"selector":{"controlType":"sap.m.Button","viewName":"etm.portal.ui.managerequests.view.NewRequest","i18NText":{"propertyName":"text","key":"save"},"searchOpenDialogs":true,"interaction":{"idSuffix":"BDI-content"}},"wdio_ui5_key":"etmportal.ui.managerequests.view.NewRequestsap.m.Button{\"propertyName\":\"text\",\"key\":\"save\"}"}]}
RESULT: {"script":"<script> [1562 bytes]","args":[{"selector":{"controlType":"sap.m.Button","viewName":"etm.portal.ui.managerequests.view.NewRequest","i18NText":{"propertyName":"text","key":"save"},"searchOpenDialogs":true,"interaction":{"idSuffix":"BDI-content"}},"wdio_ui5_key":"etmportal.ui.managerequests.view.NewRequestsap.m.Button{\"propertyName\":\"text\",\"key\":\"save\"}"}]}
RESULT: undefined
COMMAND: POST /session/eacf8bccc3b349b538ac2f1863989237/element - {"using":"xpath","value":"//*[@id=\"__button22\"]"}
RESULT: {"using":"xpath","value":"//*[@id=\"__button22\"]"}
COMMAND: POST /session/eacf8bccc3b349b538ac2f1863989237/element/f.11D6377D86A94FC2ADAA7D32FFC9D30E.d.A22336CE2923826562E6BC4FAEE8B243.e.10145/click - {}
RESULT: {}
COMMAND: GET /session/eacf8bccc3b349b538ac2f1863989237/screenshot - {}
RESULT: {}
COMMAND: POST /session/eacf8bccc3b349b538ac2f1863989237/element - {"using":"xpath","value":"(//bdi[contains(text() ,\"Save\")])[1]"}
RESULT: {"using":"xpath","value":"(//bdi[contains(text() ,\"Save\")])[1]"}
COMMAND: POST /session/eacf8bccc3b349b538ac2f1863989237/element/f.11D6377D86A94FC2ADAA7D32FFC9D30E.d.A22336CE2923826562E6BC4FAEE8B243.e.10147/click - {}
RESULT: {}
COMMAND: GET /session/eacf8bccc3b349b538ac2f1863989237/screenshot - {}
RESULT: {}
COMMAND: POST /session/eacf8bccc3b349b538ac2f1863989237/execute/async - {"script":"<script> [1562 bytes]","args":[{"selector":{"controlType":"sap.m.Title","properties":{"text":"Success"},"searchOpenDialogs":true},"wdio_ui5_key":"sapm.Title{\"text\":\"Success\"}"}]}
RESULT: {"script":"<script> [1562 bytes]","args":[{"selector":{"controlType":"sap.m.Title","properties":{"text":"Success"},"searchOpenDialogs":true},"wdio_ui5_key":"sapm.Title{\"text\":\"Success\"}"}]}
RESULT: undefined
COMMAND: POST /session/eacf8bccc3b349b538ac2f1863989237/execute/async - {"script":"<script> [6424 bytes]","args":[{"element-6066-11e4-a52e-4f735466cecf":"f.11D6377D86A94FC2ADAA7D32FFC9D30E.d.A22336CE2923826562E6BC4FAEE8B243.e.10150"},"getText",[]]}
RESULT: {"script":"<script> [6424 bytes]","args":[{"element-6066-11e4-a52e-4f735466cecf":"f.11D6377D86A94FC2ADAA7D32FFC9D30E.d.A22336CE2923826562E6BC4FAEE8B243.e.10150"},"getText",[]]}
COMMAND: POST /session/eacf8bccc3b349b538ac2f1863989237/execute/async - {"script":"<script> [1562 bytes]","args":[{"selector":{"controlType":"sap.m.Button","properties":{"text":"Close"},"searchOpenDialogs":true,"interaction":{"idSuffix":"BDI-content"}},"wdio_ui5_key":"sapm.Button{\"text\":\"Close\"}"}]}
RESULT: {"script":"<script> [1562 bytes]","args":[{"selector":{"controlType":"sap.m.Button","properties":{"text":"Close"},"searchOpenDialogs":true,"interaction":{"idSuffix":"BDI-content"}},"wdio_ui5_key":"sapm.Button{\"text\":\"Close\"}"}]}
RESULT: undefined
COMMAND: POST /session/eacf8bccc3b349b538ac2f1863989237/element - {"using":"xpath","value":"//*[@id=\"__mbox-btn-0\"]"}
RESULT: {"using":"xpath","value":"//*[@id=\"__mbox-btn-0\"]"}
COMMAND: POST /session/eacf8bccc3b349b538ac2f1863989237/element/f.11D6377D86A94FC2ADAA7D32FFC9D30E.d.A22336CE2923826562E6BC4FAEE8B243.e.10149/click - {}
RESULT: {}
COMMAND: GET /session/eacf8bccc3b349b538ac2f1863989237/screenshot - {}
RESULT: {}
]]></system-out>
    </testcase>
    <testcase classname="chrome.135_0_7049_42.windows.Reserve/Unreserve_request_item_via_reserve_option_US139161" name="Should navigate to planning board and reserve the resource" time="90.099">
      <system-out><![CDATA[
COMMAND: POST /session/eacf8bccc3b349b538ac2f1863989237/execute/async - {"script":"<script> [1562 bytes]","args":[{"selector":{"controlType":"sap.m.Button","viewName":"etm.portal.ui.managerequests.view.Detail","i18NText":{"propertyName":"text","key":"planningSituation"},"interaction":{"idSuffix":"BDI-content"}},"wdio_ui5_key":"etmportal.ui.managerequests.view.Detailsap.m.Button{\"propertyName\":\"text\",\"key\":\"planningSituation\"}"}]}
RESULT: {"script":"<script> [1562 bytes]","args":[{"selector":{"controlType":"sap.m.Button","viewName":"etm.portal.ui.managerequests.view.Detail","i18NText":{"propertyName":"text","key":"planningSituation"},"interaction":{"idSuffix":"BDI-content"}},"wdio_ui5_key":"etmportal.ui.managerequests.view.Detailsap.m.Button{\"propertyName\":\"text\",\"key\":\"planningSituation\"}"}]}
RESULT: undefined
COMMAND: POST /session/eacf8bccc3b349b538ac2f1863989237/element - {"using":"xpath","value":"//*[@id=\"__button25\"]"}
RESULT: {"using":"xpath","value":"//*[@id=\"__button25\"]"}
COMMAND: POST /session/eacf8bccc3b349b538ac2f1863989237/element/f.11D6377D86A94FC2ADAA7D32FFC9D30E.d.A22336CE2923826562E6BC4FAEE8B243.e.10175/click - {}
RESULT: {}
COMMAND: GET /session/eacf8bccc3b349b538ac2f1863989237/screenshot - {}
RESULT: {}
COMMAND: POST /session/eacf8bccc3b349b538ac2f1863989237/element - {"using":"xpath","value":"(//span[contains(@title ,\"WebdriverYard1i0u3\")])[1]"}
RESULT: {"using":"xpath","value":"(//span[contains(@title ,\"WebdriverYard1i0u3\")])[1]"}
COMMAND: POST /session/eacf8bccc3b349b538ac2f1863989237/elements - {"using":"xpath","value":"(//span[contains(@title ,\"WebdriverYard1i0u3\")])[1]"}
RESULT: {"using":"xpath","value":"(//span[contains(@title ,\"WebdriverYard1i0u3\")])[1]"}
COMMAND: POST /session/eacf8bccc3b349b538ac2f1863989237/elements - {"using":"xpath","value":"(//span[contains(@title ,\"WebdriverYard1i0u3\")])[1]"}
RESULT: {"using":"xpath","value":"(//span[contains(@title ,\"WebdriverYard1i0u3\")])[1]"}
COMMAND: POST /session/eacf8bccc3b349b538ac2f1863989237/elements - {"using":"xpath","value":"(//span[contains(@title ,\"WebdriverYard1i0u3\")])[1]"}
RESULT: {"using":"xpath","value":"(//span[contains(@title ,\"WebdriverYard1i0u3\")])[1]"}
COMMAND: POST /session/eacf8bccc3b349b538ac2f1863989237/elements - {"using":"xpath","value":"(//span[contains(@title ,\"WebdriverYard1i0u3\")])[1]"}
RESULT: {"using":"xpath","value":"(//span[contains(@title ,\"WebdriverYard1i0u3\")])[1]"}
COMMAND: POST /session/eacf8bccc3b349b538ac2f1863989237/elements - {"using":"xpath","value":"(//span[contains(@title ,\"WebdriverYard1i0u3\")])[1]"}
RESULT: {"using":"xpath","value":"(//span[contains(@title ,\"WebdriverYard1i0u3\")])[1]"}
COMMAND: POST /session/eacf8bccc3b349b538ac2f1863989237/element - {"using":"xpath","value":"(//span[contains(@title ,\"WebdriverYard1i0u3\")])[1]"}
RESULT: {"using":"xpath","value":"(//span[contains(@title ,\"WebdriverYard1i0u3\")])[1]"}
COMMAND: POST /session/eacf8bccc3b349b538ac2f1863989237/execute/sync - {"script":"<script> [8489 bytes]","args":[{"element-6066-11e4-a52e-4f735466cecf":"f.11D6377D86A94FC2ADAA7D32FFC9D30E.d.A22336CE2923826562E6BC4FAEE8B243.e.10610","ELEMENT":"f.11D6377D86A94FC2ADAA7D32FFC9D30E.d.A22336CE2923826562E6BC4FAEE8B243.e.10610"}]}
RESULT: {"script":"<script> [8489 bytes]","args":[{"element-6066-11e4-a52e-4f735466cecf":"f.11D6377D86A94FC2ADAA7D32FFC9D30E.d.A22336CE2923826562E6BC4FAEE8B243.e.10610","ELEMENT":"f.11D6377D86A94FC2ADAA7D32FFC9D30E.d.A22336CE2923826562E6BC4FAEE8B243.e.10610"}]}
COMMAND: POST /session/eacf8bccc3b349b538ac2f1863989237/element - {"using":"xpath","value":"(//span[contains(@title ,\"WebdriverYard1i0u3\")])[1]"}
COMMAND: GET /session/eacf8bccc3b349b538ac2f1863989237/screenshot - {}
RESULT: {"using":"xpath","value":"(//span[contains(@title ,\"WebdriverYard1i0u3\")])[1]"}
COMMAND: POST /session/eacf8bccc3b349b538ac2f1863989237/actions - {"actions":[{"id":"action67","type":"pointer","parameters":{"pointerType":"mouse"},"actions":[{"type":"pointerMove","button":0,"width":0,"height":0,"pressure":0,"tangentialPressure":0,"tiltX":0,"tiltY":0,"twist":0,"altitudeAngle":0,"_":"5 more keys: [\"azimuthAngle\",\"x\",\"y\",\"duration\",\"origin\"]"},{"type":"pointerDown","button":2,"width":0,"height":0,"pressure":0,"tangentialPressure":0,"tiltX":0,"tiltY":0,"twist":0,"altitudeAngle":0,"_":"1 more keys: [\"azimuthAngle\"]"},{"type":"pointerUp","button":2}]}]}
RESULT: {}
RESULT: {"actions":[{"id":"action67","type":"pointer","parameters":{"pointerType":"mouse"},"actions":[{"type":"pointerMove","button":0,"width":0,"height":0,"pressure":0,"tangentialPressure":0,"tiltX":0,"tiltY":0,"twist":0,"altitudeAngle":0,"_":"5 more keys: [\"azimuthAngle\",\"x\",\"y\",\"duration\",\"origin\"]"},{"type":"pointerDown","button":2,"width":0,"height":0,"pressure":0,"tangentialPressure":0,"tiltX":0,"tiltY":0,"twist":0,"altitudeAngle":0,"_":"1 more keys: [\"azimuthAngle\"]"},{"type":"pointerUp","button":2}]}]}
COMMAND: DELETE /session/eacf8bccc3b349b538ac2f1863989237/actions - {}
COMMAND: GET /session/eacf8bccc3b349b538ac2f1863989237/screenshot - {}
RESULT: {}
COMMAND: GET /session/eacf8bccc3b349b538ac2f1863989237/screenshot - {}
RESULT: {}
RESULT: {}
COMMAND: POST /session/eacf8bccc3b349b538ac2f1863989237/actions - {"actions":[{"id":"action68","type":"key","parameters":{},"actions":[{"type":"keyDown","value":""},{"type":"pause","duration":10},{"type":"keyUp","value":""}]}]}
RESULT: {"actions":[{"id":"action68","type":"key","parameters":{},"actions":[{"type":"keyDown","value":""},{"type":"pause","duration":10},{"type":"keyUp","value":""}]}]}
COMMAND: GET /session/eacf8bccc3b349b538ac2f1863989237/screenshot - {}
RESULT: {}
COMMAND: POST /session/eacf8bccc3b349b538ac2f1863989237/actions - {"actions":[{"id":"action69","type":"key","parameters":{},"actions":[{"type":"keyDown","value":""},{"type":"pause","duration":10},{"type":"keyUp","value":""}]}]}
RESULT: {"actions":[{"id":"action69","type":"key","parameters":{},"actions":[{"type":"keyDown","value":""},{"type":"pause","duration":10},{"type":"keyUp","value":""}]}]}
COMMAND: GET /session/eacf8bccc3b349b538ac2f1863989237/screenshot - {}
RESULT: {}
COMMAND: POST /session/eacf8bccc3b349b538ac2f1863989237/execute/async - {"script":"<script> [1562 bytes]","args":[{"selector":{"id":"application-planningboard-display-component---pB_RequestHeader--RUreservationComment","searchOpenDialogs":true,"interaction":{"idSuffix":"inner"}},"wdio_ui5_key":"applicationplanningboard-display-component---pB_RequestHeader--RUreservationComment"}]}
RESULT: {"script":"<script> [1562 bytes]","args":[{"selector":{"id":"application-planningboard-display-component---pB_RequestHeader--RUreservationComment","searchOpenDialogs":true,"interaction":{"idSuffix":"inner"}},"wdio_ui5_key":"applicationplanningboard-display-component---pB_RequestHeader--RUreservationComment"}]}
RESULT: undefined
COMMAND: POST /session/eacf8bccc3b349b538ac2f1863989237/execute/async - {"script":"<script> [776 bytes]","args":[{"enterText":"WdIORes1ly8gj","selector":{"id":"application-planningboard-display-component---pB_RequestHeader--RUreservationComment","searchOpenDialogs":true,"interaction":{"idSuffix":"inner"}},"clearTextFirst":true,"interactionType":"ENTER_TEXT"}]}
RESULT: {"script":"<script> [776 bytes]","args":[{"enterText":"WdIORes1ly8gj","selector":{"id":"application-planningboard-display-component---pB_RequestHeader--RUreservationComment","searchOpenDialogs":true,"interaction":{"idSuffix":"inner"}},"clearTextFirst":true,"interactionType":"ENTER_TEXT"}]}
COMMAND: POST /session/eacf8bccc3b349b538ac2f1863989237/execute/async - {"script":"<script> [1562 bytes]","args":[{"selector":{"controlType":"sap.m.Button","viewName":"etm.portal.ui.planningboard.view.detail.RequestHeader","viewId":"application-planningboard-display-component---pB_RequestHeader","properties":{"text":"Ok"},"searchOpenDialogs":true,"interaction":{"idSuffix":"BDI-content"}},"wdio_ui5_key":"etmportal.ui.planningboard.view.detail.RequestHeadersap.m.Button{\"text\":\"Ok\"}"}]}
RESULT: {"script":"<script> [1562 bytes]","args":[{"selector":{"controlType":"sap.m.Button","viewName":"etm.portal.ui.planningboard.view.detail.RequestHeader","viewId":"application-planningboard-display-component---pB_RequestHeader","properties":{"text":"Ok"},"searchOpenDialogs":true,"interaction":{"idSuffix":"BDI-content"}},"wdio_ui5_key":"etmportal.ui.planningboard.view.detail.RequestHeadersap.m.Button{\"text\":\"Ok\"}"}]}
RESULT: undefined
COMMAND: POST /session/eacf8bccc3b349b538ac2f1863989237/element - {"using":"xpath","value":"//*[@id=\"__button190\"]"}
RESULT: {"using":"xpath","value":"//*[@id=\"__button190\"]"}
COMMAND: POST /session/eacf8bccc3b349b538ac2f1863989237/element/f.11D6377D86A94FC2ADAA7D32FFC9D30E.d.A22336CE2923826562E6BC4FAEE8B243.e.10627/click - {}
RESULT: {}
COMMAND: GET /session/eacf8bccc3b349b538ac2f1863989237/screenshot - {}
RESULT: {}
COMMAND: POST /session/eacf8bccc3b349b538ac2f1863989237/element - {"using":"xpath","value":"//span[contains(@title ,\"WebdriverYard1i0u3\")]"}
RESULT: {"using":"xpath","value":"//span[contains(@title ,\"WebdriverYard1i0u3\")]"}
COMMAND: POST /session/eacf8bccc3b349b538ac2f1863989237/actions - {"actions":[{"id":"action70","type":"pointer","parameters":{"pointerType":"mouse"},"actions":[{"type":"pointerMove","button":0,"width":0,"height":0,"pressure":0,"tangentialPressure":0,"tiltX":0,"tiltY":0,"twist":0,"altitudeAngle":0,"_":"5 more keys: [\"azimuthAngle\",\"x\",\"y\",\"duration\",\"origin\"]"},{"type":"pointerDown","button":2,"width":0,"height":0,"pressure":0,"tangentialPressure":0,"tiltX":0,"tiltY":0,"twist":0,"altitudeAngle":0,"_":"1 more keys: [\"azimuthAngle\"]"},{"type":"pointerUp","button":2}]}]}
RESULT: {"actions":[{"id":"action70","type":"pointer","parameters":{"pointerType":"mouse"},"actions":[{"type":"pointerMove","button":0,"width":0,"height":0,"pressure":0,"tangentialPressure":0,"tiltX":0,"tiltY":0,"twist":0,"altitudeAngle":0,"_":"5 more keys: [\"azimuthAngle\",\"x\",\"y\",\"duration\",\"origin\"]"},{"type":"pointerDown","button":2,"width":0,"height":0,"pressure":0,"tangentialPressure":0,"tiltX":0,"tiltY":0,"twist":0,"altitudeAngle":0,"_":"1 more keys: [\"azimuthAngle\"]"},{"type":"pointerUp","button":2}]}]}
COMMAND: DELETE /session/eacf8bccc3b349b538ac2f1863989237/actions - {}
COMMAND: GET /session/eacf8bccc3b349b538ac2f1863989237/screenshot - {}
RESULT: {}
COMMAND: GET /session/eacf8bccc3b349b538ac2f1863989237/screenshot - {}
RESULT: {}
RESULT: {}
COMMAND: POST /session/eacf8bccc3b349b538ac2f1863989237/actions - {"actions":[{"id":"action71","type":"key","parameters":{},"actions":[{"type":"keyDown","value":""},{"type":"pause","duration":10},{"type":"keyUp","value":""}]}]}
RESULT: {"actions":[{"id":"action71","type":"key","parameters":{},"actions":[{"type":"keyDown","value":""},{"type":"pause","duration":10},{"type":"keyUp","value":""}]}]}
COMMAND: GET /session/eacf8bccc3b349b538ac2f1863989237/screenshot - {}
RESULT: {}
COMMAND: POST /session/eacf8bccc3b349b538ac2f1863989237/actions - {"actions":[{"id":"action72","type":"key","parameters":{},"actions":[{"type":"keyDown","value":""},{"type":"pause","duration":10},{"type":"keyUp","value":""}]}]}
RESULT: {"actions":[{"id":"action72","type":"key","parameters":{},"actions":[{"type":"keyDown","value":""},{"type":"pause","duration":10},{"type":"keyUp","value":""}]}]}
COMMAND: GET /session/eacf8bccc3b349b538ac2f1863989237/screenshot - {}
RESULT: {}
RESULT: undefined
COMMAND: POST /session/eacf8bccc3b349b538ac2f1863989237/execute/async - {"script":"<script> [776 bytes]","args":[{"enterText":"WdIORes247f1m","selector":{"id":"application-planningboard-display-component---pB_RequestHeader--RUreservationComment","searchOpenDialogs":true,"interaction":{"idSuffix":"inner"}},"clearTextFirst":true,"interactionType":"ENTER_TEXT"}]}
RESULT: {"script":"<script> [776 bytes]","args":[{"enterText":"WdIORes247f1m","selector":{"id":"application-planningboard-display-component---pB_RequestHeader--RUreservationComment","searchOpenDialogs":true,"interaction":{"idSuffix":"inner"}},"clearTextFirst":true,"interactionType":"ENTER_TEXT"}]}
RESULT: undefined
COMMAND: POST /session/eacf8bccc3b349b538ac2f1863989237/element - {"using":"xpath","value":"//*[@id=\"__button190\"]"}
RESULT: {"using":"xpath","value":"//*[@id=\"__button190\"]"}
COMMAND: POST /session/eacf8bccc3b349b538ac2f1863989237/element/f.11D6377D86A94FC2ADAA7D32FFC9D30E.d.A22336CE2923826562E6BC4FAEE8B243.e.10714/click - {}
RESULT: {}
COMMAND: GET /session/eacf8bccc3b349b538ac2f1863989237/screenshot - {}
RESULT: {}
COMMAND: POST /session/eacf8bccc3b349b538ac2f1863989237/execute/async - {"script":"<script> [1562 bytes]","args":[{"selector":{"controlType":"sap.m.Button","viewName":"etm.portal.ui.planningboard.view.detail.RequestHeader","viewId":"application-planningboard-display-component---pB_RequestHeader","i18NText":{"propertyName":"text","key":"close"},"ancestor":{"id":"application-planningboard-display-component---pB_RequestHeader--requestItemDetails"},"interaction":{"idSuffix":"BDI-content"}},"wdio_ui5_key":"etmportal.ui.planningboard.view.detail.RequestHeadersap.m.Button{\"propertyName\":\"text\",\"key\":\"close\"}{\"id\":\"application-planningboard-display-component---pB_RequestHeader--requestItemDetails\"}"}]}
RESULT: {"script":"<script> [1562 bytes]","args":[{"selector":{"controlType":"sap.m.Button","viewName":"etm.portal.ui.planningboard.view.detail.RequestHeader","viewId":"application-planningboard-display-component---pB_RequestHeader","i18NText":{"propertyName":"text","key":"close"},"ancestor":{"id":"application-planningboard-display-component---pB_RequestHeader--requestItemDetails"},"interaction":{"idSuffix":"BDI-content"}},"wdio_ui5_key":"etmportal.ui.planningboard.view.detail.RequestHeadersap.m.Button{\"propertyName\":\"text\",\"key\":\"close\"}{\"id\":\"application-planningboard-display-component---pB_RequestHeader--requestItemDetails\"}"}]}
RESULT: undefined
COMMAND: POST /session/eacf8bccc3b349b538ac2f1863989237/element - {"using":"xpath","value":"//*[@id=\"__button66\"]"}
RESULT: {"using":"xpath","value":"//*[@id=\"__button66\"]"}
COMMAND: POST /session/eacf8bccc3b349b538ac2f1863989237/element/f.11D6377D86A94FC2ADAA7D32FFC9D30E.d.A22336CE2923826562E6BC4FAEE8B243.e.10637/click - {}
RESULT: {}
COMMAND: GET /session/eacf8bccc3b349b538ac2f1863989237/screenshot - {}
RESULT: {}
COMMAND: POST /session/eacf8bccc3b349b538ac2f1863989237/execute/async - {"script":"<script> [1562 bytes]","args":[{"selector":{"id":"application-planningboard-display-component---pB_Master--selectView","interaction":{"idSuffix":"arrow"}},"wdio_ui5_key":"applicationplanningboard-display-component---pB_Master--selectView"}]}
RESULT: {"script":"<script> [1562 bytes]","args":[{"selector":{"id":"application-planningboard-display-component---pB_Master--selectView","interaction":{"idSuffix":"arrow"}},"wdio_ui5_key":"applicationplanningboard-display-component---pB_Master--selectView"}]}
RESULT: undefined
COMMAND: POST /session/eacf8bccc3b349b538ac2f1863989237/element - {"using":"xpath","value":"//*[@id=\"application-planningboard-display-component---pB_Master--selectView\"]"}
RESULT: {"using":"xpath","value":"//*[@id=\"application-planningboard-display-component---pB_Master--selectView\"]"}
COMMAND: POST /session/eacf8bccc3b349b538ac2f1863989237/element/f.11D6377D86A94FC2ADAA7D32FFC9D30E.d.A22336CE2923826562E6BC4FAEE8B243.e.10924/click - {}
RESULT: {}
COMMAND: GET /session/eacf8bccc3b349b538ac2f1863989237/screenshot - {}
RESULT: {}
COMMAND: POST /session/eacf8bccc3b349b538ac2f1863989237/execute/async - {"script":"<script> [1562 bytes]","args":[{"selector":{"controlType":"sap.ui.core.Item","viewName":"etm.portal.ui.planningboard.view.Master","viewId":"application-planningboard-display-component---pB_Master","i18NText":{"propertyName":"text","key":"manageReservations"},"searchOpenDialogs":true},"wdio_ui5_key":"etmportal.ui.planningboard.view.Mastersap.ui.core.Item{\"propertyName\":\"text\",\"key\":\"manageReservations\"}"}]}
RESULT: {"script":"<script> [1562 bytes]","args":[{"selector":{"controlType":"sap.ui.core.Item","viewName":"etm.portal.ui.planningboard.view.Master","viewId":"application-planningboard-display-component---pB_Master","i18NText":{"propertyName":"text","key":"manageReservations"},"searchOpenDialogs":true},"wdio_ui5_key":"etmportal.ui.planningboard.view.Mastersap.ui.core.Item{\"propertyName\":\"text\",\"key\":\"manageReservations\"}"}]}
RESULT: undefined
COMMAND: POST /session/eacf8bccc3b349b538ac2f1863989237/element - {"using":"xpath","value":"//*[@id=\"__item767\"]"}
RESULT: {"using":"xpath","value":"//*[@id=\"__item767\"]"}
COMMAND: POST /session/eacf8bccc3b349b538ac2f1863989237/element/f.11D6377D86A94FC2ADAA7D32FFC9D30E.d.A22336CE2923826562E6BC4FAEE8B243.e.10927/click - {}
RESULT: {}
COMMAND: GET /session/eacf8bccc3b349b538ac2f1863989237/screenshot - {}
RESULT: {}
COMMAND: POST /session/eacf8bccc3b349b538ac2f1863989237/element - {"using":"xpath","value":"//span[contains(@id ,\"clone\")][contains(text(), \"WdIORes1ly8gj\")]"}
RESULT: {"using":"xpath","value":"//span[contains(@id ,\"clone\")][contains(text(), \"WdIORes1ly8gj\")]"}
COMMAND: GET /session/eacf8bccc3b349b538ac2f1863989237/element/f.11D6377D86A94FC2ADAA7D32FFC9D30E.d.A22336CE2923826562E6BC4FAEE8B243.e.10943/text - {}
RESULT: {}
COMMAND: POST /session/eacf8bccc3b349b538ac2f1863989237/element - {"using":"xpath","value":"//span[contains(@id ,\"clone\")][contains(text(), \"WdIORes247f1m\")]"}
RESULT: {"using":"xpath","value":"//span[contains(@id ,\"clone\")][contains(text(), \"WdIORes247f1m\")]"}
COMMAND: POST /session/eacf8bccc3b349b538ac2f1863989237/element/f.11D6377D86A94FC2ADAA7D32FFC9D30E.d.A22336CE2923826562E6BC4FAEE8B243.e.10944/click - {}
RESULT: {}
COMMAND: GET /session/eacf8bccc3b349b538ac2f1863989237/screenshot - {}
RESULT: {}
COMMAND: POST /session/eacf8bccc3b349b538ac2f1863989237/actions - {"actions":[{"id":"action73","type":"key","parameters":{},"actions":[{"type":"keyDown","value":""},{"type":"pause","duration":10},{"type":"keyUp","value":""}]}]}
RESULT: {"actions":[{"id":"action73","type":"key","parameters":{},"actions":[{"type":"keyDown","value":""},{"type":"pause","duration":10},{"type":"keyUp","value":""}]}]}
COMMAND: GET /session/eacf8bccc3b349b538ac2f1863989237/screenshot - {}
RESULT: {}
COMMAND: POST /session/eacf8bccc3b349b538ac2f1863989237/execute/async - {"script":"<script> [1562 bytes]","args":[{"selector":{"controlType":"sap.m.Button","viewName":"etm.portal.ui.planningboard.view.detail.Planning","viewId":"application-planningboard-display-component---pB_Planning","i18NText":{"propertyName":"text","key":"unplan"},"interaction":{"idSuffix":"BDI-content"}},"wdio_ui5_key":"etmportal.ui.planningboard.view.detail.Planningsap.m.Button{\"propertyName\":\"text\",\"key\":\"unplan\"}"}]}
RESULT: {"script":"<script> [1562 bytes]","args":[{"selector":{"controlType":"sap.m.Button","viewName":"etm.portal.ui.planningboard.view.detail.Planning","viewId":"application-planningboard-display-component---pB_Planning","i18NText":{"propertyName":"text","key":"unplan"},"interaction":{"idSuffix":"BDI-content"}},"wdio_ui5_key":"etmportal.ui.planningboard.view.detail.Planningsap.m.Button{\"propertyName\":\"text\",\"key\":\"unplan\"}"}]}
RESULT: undefined
COMMAND: POST /session/eacf8bccc3b349b538ac2f1863989237/element - {"using":"xpath","value":"//*[@id=\"__button256\"]"}
RESULT: {"using":"xpath","value":"//*[@id=\"__button256\"]"}
COMMAND: POST /session/eacf8bccc3b349b538ac2f1863989237/element/f.11D6377D86A94FC2ADAA7D32FFC9D30E.d.A22336CE2923826562E6BC4FAEE8B243.e.11006/click - {}
RESULT: {}
COMMAND: GET /session/eacf8bccc3b349b538ac2f1863989237/screenshot - {}
RESULT: {}
COMMAND: POST /session/eacf8bccc3b349b538ac2f1863989237/element - {"using":"xpath","value":"//span[contains(@id ,\"clone\")][contains(text(), \"WdIORes247f1m\")]"}
RESULT: {"using":"xpath","value":"//span[contains(@id ,\"clone\")][contains(text(), \"WdIORes247f1m\")]"}
COMMAND: POST /session/eacf8bccc3b349b538ac2f1863989237/element - {"using":"xpath","value":"//span[contains(@id ,\"clone\")][contains(text(), \"WdIORes247f1m\")]"}
RESULT: {"using":"xpath","value":"//span[contains(@id ,\"clone\")][contains(text(), \"WdIORes247f1m\")]"}
COMMAND: POST /session/eacf8bccc3b349b538ac2f1863989237/element - {"using":"xpath","value":"//span[contains(@id ,\"clone\")][contains(text(), \"WdIORes1ly8gj\")]"}
RESULT: {"using":"xpath","value":"//span[contains(@id ,\"clone\")][contains(text(), \"WdIORes1ly8gj\")]"}
COMMAND: POST /session/eacf8bccc3b349b538ac2f1863989237/element/f.11D6377D86A94FC2ADAA7D32FFC9D30E.d.A22336CE2923826562E6BC4FAEE8B243.e.11070/click - {}
RESULT: {}
COMMAND: GET /session/eacf8bccc3b349b538ac2f1863989237/screenshot - {}
RESULT: {}
COMMAND: POST /session/eacf8bccc3b349b538ac2f1863989237/actions - {"actions":[{"id":"action74","type":"key","parameters":{},"actions":[{"type":"keyDown","value":""},{"type":"pause","duration":10},{"type":"keyUp","value":""}]}]}
RESULT: {"actions":[{"id":"action74","type":"key","parameters":{},"actions":[{"type":"keyDown","value":""},{"type":"pause","duration":10},{"type":"keyUp","value":""}]}]}
COMMAND: GET /session/eacf8bccc3b349b538ac2f1863989237/screenshot - {}
RESULT: {}
]]></system-out>
    </testcase>
  </testsuite>
  <testsuite timestamp="2025-04-17T16:07:39" time="30.921" tests="1" failures="0" errors="0" skipped="0">
    <properties>
      <property name="specId" value="0"/>
      <property name="suiteName" value="Reserve/Unreserve request item via reserve option US139161"/>
      <property name="capabilities" value="chrome.135_0_7049_42.windows"/>
      <property name="file" value="file:///D:/a/1/s/test/specs/R2C/manage-reservations-view-planning-board.spec.js"/>
    </properties>
    <testcase classname="chrome.135_0_7049_42.windows.Reserve/Unreserve_request_item_via_reserve_option_US139161" name="Should open a reservation to verify and edit the details" time="30.92">
      <system-out><![CDATA[
COMMAND: POST /session/eacf8bccc3b349b538ac2f1863989237/element - {"using":"xpath","value":"//button[contains(@data-kt, \"editButton\")]"}
RESULT: {"using":"xpath","value":"//button[contains(@data-kt, \"editButton\")]"}
COMMAND: POST /session/eacf8bccc3b349b538ac2f1863989237/execute/sync - {"script":"<script> [8489 bytes]","args":[{"element-6066-11e4-a52e-4f735466cecf":"f.11D6377D86A94FC2ADAA7D32FFC9D30E.d.A22336CE2923826562E6BC4FAEE8B243.e.11114","ELEMENT":"f.11D6377D86A94FC2ADAA7D32FFC9D30E.d.A22336CE2923826562E6BC4FAEE8B243.e.11114"}]}
RESULT: {"script":"<script> [8489 bytes]","args":[{"element-6066-11e4-a52e-4f735466cecf":"f.11D6377D86A94FC2ADAA7D32FFC9D30E.d.A22336CE2923826562E6BC4FAEE8B243.e.11114","ELEMENT":"f.11D6377D86A94FC2ADAA7D32FFC9D30E.d.A22336CE2923826562E6BC4FAEE8B243.e.11114"}]}
COMMAND: POST /session/eacf8bccc3b349b538ac2f1863989237/element - {"using":"xpath","value":"//button[contains(@data-kt, \"unplanButton\")]"}
COMMAND: GET /session/eacf8bccc3b349b538ac2f1863989237/screenshot - {}
RESULT: {}
RESULT: {"using":"xpath","value":"//button[contains(@data-kt, \"unplanButton\")]"}
COMMAND: POST /session/eacf8bccc3b349b538ac2f1863989237/execute/sync - {"script":"<script> [8489 bytes]","args":[{"element-6066-11e4-a52e-4f735466cecf":"f.11D6377D86A94FC2ADAA7D32FFC9D30E.d.A22336CE2923826562E6BC4FAEE8B243.e.11119","ELEMENT":"f.11D6377D86A94FC2ADAA7D32FFC9D30E.d.A22336CE2923826562E6BC4FAEE8B243.e.11119"}]}
RESULT: {"script":"<script> [8489 bytes]","args":[{"element-6066-11e4-a52e-4f735466cecf":"f.11D6377D86A94FC2ADAA7D32FFC9D30E.d.A22336CE2923826562E6BC4FAEE8B243.e.11119","ELEMENT":"f.11D6377D86A94FC2ADAA7D32FFC9D30E.d.A22336CE2923826562E6BC4FAEE8B243.e.11119"}]}
COMMAND: POST /session/eacf8bccc3b349b538ac2f1863989237/element - {"using":"xpath","value":"//button[contains(@data-kt, \"editButton\")]"}
COMMAND: GET /session/eacf8bccc3b349b538ac2f1863989237/screenshot - {}
RESULT: {"using":"xpath","value":"//button[contains(@data-kt, \"editButton\")]"}
COMMAND: POST /session/eacf8bccc3b349b538ac2f1863989237/element/f.11D6377D86A94FC2ADAA7D32FFC9D30E.d.A22336CE2923826562E6BC4FAEE8B243.e.11114/click - {}
RESULT: {}
RESULT: {}
COMMAND: POST /session/eacf8bccc3b349b538ac2f1863989237/element - {"using":"xpath","value":"(//input[contains(@id ,\"picker\")][contains(@aria-roledescription ,\"Date Input\")])[4]"}
COMMAND: GET /session/eacf8bccc3b349b538ac2f1863989237/screenshot - {}
RESULT: {"using":"xpath","value":"(//input[contains(@id ,\"picker\")][contains(@aria-roledescription ,\"Date Input\")])[4]"}
COMMAND: POST /session/eacf8bccc3b349b538ac2f1863989237/element/f.11D6377D86A94FC2ADAA7D32FFC9D30E.d.A22336CE2923826562E6BC4FAEE8B243.e.11091/clear - {}
RESULT: {}
RESULT: {}
COMMAND: POST /session/eacf8bccc3b349b538ac2f1863989237/element/f.11D6377D86A94FC2ADAA7D32FFC9D30E.d.A22336CE2923826562E6BC4FAEE8B243.e.11091/value - {"text":"4/19/25"}
COMMAND: GET /session/eacf8bccc3b349b538ac2f1863989237/screenshot - {}
RESULT: {"text":"4/19/25"}
COMMAND: GET /session/eacf8bccc3b349b538ac2f1863989237/screenshot - {}
RESULT: {}
RESULT: {}
COMMAND: POST /session/eacf8bccc3b349b538ac2f1863989237/element - {"using":"xpath","value":"//bdi[contains(text(), \"Save\")]"}
RESULT: {"using":"xpath","value":"//bdi[contains(text(), \"Save\")]"}
COMMAND: POST /session/eacf8bccc3b349b538ac2f1863989237/element/f.11D6377D86A94FC2ADAA7D32FFC9D30E.d.A22336CE2923826562E6BC4FAEE8B243.e.11142/click - {}
RESULT: {}
COMMAND: GET /session/eacf8bccc3b349b538ac2f1863989237/screenshot - {}
RESULT: {}
COMMAND: POST /session/eacf8bccc3b349b538ac2f1863989237/element - {"using":"xpath","value":"(//input[contains(@id ,\"picker\")][contains(@aria-roledescription ,\"Date Input\")])[4]"}
RESULT: {"using":"xpath","value":"(//input[contains(@id ,\"picker\")][contains(@aria-roledescription ,\"Date Input\")])[4]"}
COMMAND: GET /session/eacf8bccc3b349b538ac2f1863989237/element/f.11D6377D86A94FC2ADAA7D32FFC9D30E.d.A22336CE2923826562E6BC4FAEE8B243.e.11091/property/value - {}
RESULT: {}
COMMAND: GET /session/eacf8bccc3b349b538ac2f1863989237/screenshot - {}
RESULT: {}
COMMAND: POST /session/eacf8bccc3b349b538ac2f1863989237/element - {"using":"xpath","value":"//bdi[contains(text(), \"Unplan\")]"}
RESULT: {"using":"xpath","value":"//bdi[contains(text(), \"Unplan\")]"}
COMMAND: POST /session/eacf8bccc3b349b538ac2f1863989237/element/f.11D6377D86A94FC2ADAA7D32FFC9D30E.d.A22336CE2923826562E6BC4FAEE8B243.e.11154/click - {}
RESULT: {}
COMMAND: GET /session/eacf8bccc3b349b538ac2f1863989237/screenshot - {}
RESULT: {}
COMMAND: POST /session/eacf8bccc3b349b538ac2f1863989237/element - {"using":"css selector","value":"#shell-header-logo"}
RESULT: {"using":"css selector","value":"#shell-header-logo"}
COMMAND: POST /session/eacf8bccc3b349b538ac2f1863989237/element/f.11D6377D86A94FC2ADAA7D32FFC9D30E.d.A22336CE2923826562E6BC4FAEE8B243.e.9611/click - {}
RESULT: {}
COMMAND: GET /session/eacf8bccc3b349b538ac2f1863989237/screenshot - {}
RESULT: {}
]]></system-out>
    </testcase>
  </testsuite>
  <testsuite timestamp="2025-04-17T16:08:10" time="238.558" tests="3" failures="0" errors="0" skipped="0">
    <properties>
      <property name="specId" value="0"/>
      <property name="suiteName" value="Process request items into new quotation US120163"/>
      <property name="capabilities" value="chrome.135_0_7049_42.windows"/>
      <property name="file" value="file:///D:/a/1/s/test/specs/R2C/process-request-items-into-new-quotation.spec.js"/>
    </properties>
    <testcase classname="chrome.135_0_7049_42.windows.Process_request_items_into_new_quotation_US120163" name="Should create a new request with catalog items and plan it" time="156.949">
      <system-out><![CDATA[
COMMAND: POST /session/eacf8bccc3b349b538ac2f1863989237/element - {"using":"xpath","value":"//*[contains(@href, 'etm.portal.ui.managerequests')]"}
RESULT: {"using":"xpath","value":"//*[contains(@href, 'etm.portal.ui.managerequests')]"}
COMMAND: POST /session/eacf8bccc3b349b538ac2f1863989237/element/f.11D6377D86A94FC2ADAA7D32FFC9D30E.d.A22336CE2923826562E6BC4FAEE8B243.e.11222/click - {}
RESULT: {}
COMMAND: GET /session/eacf8bccc3b349b538ac2f1863989237/screenshot - {}
RESULT: {}
COMMAND: POST /session/eacf8bccc3b349b538ac2f1863989237/refresh - {}
RESULT: {}
COMMAND: GET /session/eacf8bccc3b349b538ac2f1863989237/screenshot - {}
RESULT: {}
COMMAND: POST /session/eacf8bccc3b349b538ac2f1863989237/execute/async - {"script":"<script> [189 bytes]","args":[]}
RESULT: {"script":"<script> [189 bytes]","args":[]}
COMMAND: POST /session/eacf8bccc3b349b538ac2f1863989237/execute/async - {"script":"<script> [123 bytes]","args":[]}
RESULT: {"script":"<script> [123 bytes]","args":[]}
COMMAND: POST /session/eacf8bccc3b349b538ac2f1863989237/timeouts - {"script":"<number>"}
RESULT: {"script":"<number>"}
COMMAND: GET /session/eacf8bccc3b349b538ac2f1863989237/timeouts - {}
RESULT: {}
RESULT: undefined
COMMAND: POST /session/eacf8bccc3b349b538ac2f1863989237/execute/async - {"script":"<script> [2676 bytes]","args":[]}
RESULT: {"script":"<script> [2676 bytes]","args":[]}
COMMAND: POST /session/eacf8bccc3b349b538ac2f1863989237/execute/async - {"script":"<script> [2342 bytes]","args":[{"protocol":"http","hostname":"0.0.0.0","path":"/","capabilities":{"browserName":"chrome","goog:chromeOptions":{"binary":"C:\\Program Files\\Google\\Chrome\\Application\\chrome.exe","args":["--start-maximized"]}},"logLevel":"warn","connectionRetryTimeout":120000,"connectionRetryCount":3,"logLevels":{},"enableDirectConnect":true,"strictSSL":true,"_":"65 more keys: [\"cacheDir\",\"port\",\"requestedCapabilities\",\"automationProtocol\",\"baseUrl\",\"waitforInterval\",\"waitforTimeout\",\"onReload\",\"beforeCommand\",\"afterCommand\",\"rootDir\",\"specs\",\"suites\",\"exclude\",\"groupLogsByTestSpec\",\"excludeDriverLogs\",\"bail\",\"framework\",\"reporters\",\"services\",\"maxInstances\",\"maxInstancesPerCapability\",\"injectGlobals\",\"filesToWatch\",\"execArgv\",\"runnerEnv\",\"runner\",\"shard\",\"specFileRetries\",\"specFileRetriesDelay\",\"specFileRetriesDeferred\",\"reporterSyncInterval\",\"reporterSyncTimeout\",\"cucumberFeaturesWithLineNumbers\",\"autoCompileOpts\",\"mochaOpts\",\"jasmineOpts\",\"cucumberOpts\",\"onPrepare\",\"onWorkerStart\",\"onWorkerEnd\",\"before\",\"beforeSession\",\"beforeSuite\",\"beforeHook\",\"beforeTest\",\"afterTest\",\"afterHook\",\"afterSuite\",\"afterSession\",\"after\",\"onComplete\",\"beforeAssertion\",\"afterAssertion\",\"beforeFeature\",\"beforeScenario\",\"beforeStep\",\"afterStep\",\"afterScenario\",\"afterFeature\",\"_\",\"suite\",\"$0\",\"ignoredWorkerServices\",\"wdi5\"]"}]}
RESULT: {"script":"<script> [2342 bytes]","args":[{"protocol":"http","hostname":"0.0.0.0","path":"/","capabilities":{"browserName":"chrome","goog:chromeOptions":{"binary":"C:\\Program Files\\Google\\Chrome\\Application\\chrome.exe","args":["--start-maximized"]}},"logLevel":"warn","connectionRetryTimeout":120000,"connectionRetryCount":3,"logLevels":{},"enableDirectConnect":true,"strictSSL":true,"_":"65 more keys: [\"cacheDir\",\"port\",\"requestedCapabilities\",\"automationProtocol\",\"baseUrl\",\"waitforInterval\",\"waitforTimeout\",\"onReload\",\"beforeCommand\",\"afterCommand\",\"rootDir\",\"specs\",\"suites\",\"exclude\",\"groupLogsByTestSpec\",\"excludeDriverLogs\",\"bail\",\"framework\",\"reporters\",\"services\",\"maxInstances\",\"maxInstancesPerCapability\",\"injectGlobals\",\"filesToWatch\",\"execArgv\",\"runnerEnv\",\"runner\",\"shard\",\"specFileRetries\",\"specFileRetriesDelay\",\"specFileRetriesDeferred\",\"reporterSyncInterval\",\"reporterSyncTimeout\",\"cucumberFeaturesWithLineNumbers\",\"autoCompileOpts\",\"mochaOpts\",\"jasmineOpts\",\"cucumberOpts\",\"onPrepare\",\"onWorkerStart\",\"onWorkerEnd\",\"before\",\"beforeSession\",\"beforeSuite\",\"beforeHook\",\"beforeTest\",\"afterTest\",\"afterHook\",\"afterSuite\",\"afterSession\",\"after\",\"onComplete\",\"beforeAssertion\",\"afterAssertion\",\"beforeFeature\",\"beforeScenario\",\"beforeStep\",\"afterStep\",\"afterScenario\",\"afterFeature\",\"_\",\"suite\",\"$0\",\"ignoredWorkerServices\",\"wdi5\"]"}]}
COMMAND: POST /session/eacf8bccc3b349b538ac2f1863989237/execute/async - {"script":"<script> [21126 bytes]","args":[35000]}
RESULT: {"script":"<script> [21126 bytes]","args":[35000]}
COMMAND: POST /session/eacf8bccc3b349b538ac2f1863989237/element - {"using":"xpath","value":"//button[contains(@data-kt ,\"btnCreateNewOverflowToolbarButton\")]"}
COMMAND: POST /session/eacf8bccc3b349b538ac2f1863989237/element - {"using":"xpath","value":"(//span[contains(@class ,\"sapMObjStatusText\")])[1]"}
RESULT: {"using":"xpath","value":"//button[contains(@data-kt ,\"btnCreateNewOverflowToolbarButton\")]"}
COMMAND: POST /session/eacf8bccc3b349b538ac2f1863989237/element/f.11D6377D86A94FC2ADAA7D32FFC9D30E.d.2791F868BDCB0F7A859B61952FBD8BB4.e.11398/click - {}
RESULT: {"using":"xpath","value":"(//span[contains(@class ,\"sapMObjStatusText\")])[1]"}
COMMAND: POST /session/eacf8bccc3b349b538ac2f1863989237/execute/sync - {"script":"<script> [8489 bytes]","args":[{"element-6066-11e4-a52e-4f735466cecf":"f.11D6377D86A94FC2ADAA7D32FFC9D30E.d.2791F868BDCB0F7A859B61952FBD8BB4.e.11436","ELEMENT":"f.11D6377D86A94FC2ADAA7D32FFC9D30E.d.2791F868BDCB0F7A859B61952FBD8BB4.e.11436"}]}
RESULT: {}
COMMAND: GET /session/eacf8bccc3b349b538ac2f1863989237/screenshot - {}
RESULT: {"script":"<script> [8489 bytes]","args":[{"element-6066-11e4-a52e-4f735466cecf":"f.11D6377D86A94FC2ADAA7D32FFC9D30E.d.2791F868BDCB0F7A859B61952FBD8BB4.e.11436","ELEMENT":"f.11D6377D86A94FC2ADAA7D32FFC9D30E.d.2791F868BDCB0F7A859B61952FBD8BB4.e.11436"}]}
COMMAND: GET /session/eacf8bccc3b349b538ac2f1863989237/screenshot - {}
RESULT: {}
RESULT: {}
COMMAND: POST /session/eacf8bccc3b349b538ac2f1863989237/element - {"using":"xpath","value":"//input[contains(@id ,\"yardId-inner\")]"}
RESULT: {"using":"xpath","value":"//input[contains(@id ,\"yardId-inner\")]"}
COMMAND: GET /session/eacf8bccc3b349b538ac2f1863989237/element/f.11D6377D86A94FC2ADAA7D32FFC9D30E.d.2791F868BDCB0F7A859B61952FBD8BB4.e.11628/enabled - {}
RESULT: {}
COMMAND: POST /session/eacf8bccc3b349b538ac2f1863989237/element/f.11D6377D86A94FC2ADAA7D32FFC9D30E.d.2791F868BDCB0F7A859B61952FBD8BB4.e.11628/clear - {}
COMMAND: GET /session/eacf8bccc3b349b538ac2f1863989237/screenshot - {}
RESULT: {}
COMMAND: POST /session/eacf8bccc3b349b538ac2f1863989237/element/f.11D6377D86A94FC2ADAA7D32FFC9D30E.d.2791F868BDCB0F7A859B61952FBD8BB4.e.11628/value - {"text":"WebdriverYard1i0u3"}
COMMAND: GET /session/eacf8bccc3b349b538ac2f1863989237/screenshot - {}
RESULT: {}
RESULT: {"text":"WebdriverYard1i0u3"}
COMMAND: GET /session/eacf8bccc3b349b538ac2f1863989237/screenshot - {}
RESULT: {}
RESULT: {}
COMMAND: POST /session/eacf8bccc3b349b538ac2f1863989237/actions - {"actions":[{"id":"action75","type":"key","parameters":{},"actions":[{"type":"keyDown","value":""},{"type":"pause","duration":10},{"type":"keyUp","value":""}]}]}
COMMAND: POST /session/eacf8bccc3b349b538ac2f1863989237/element - {"using":"xpath","value":"//input[contains(@id ,\"customerNumber-inner\")]"}
RESULT: {"actions":[{"id":"action75","type":"key","parameters":{},"actions":[{"type":"keyDown","value":""},{"type":"pause","duration":10},{"type":"keyUp","value":""}]}]}
COMMAND: GET /session/eacf8bccc3b349b538ac2f1863989237/screenshot - {}
RESULT: {"using":"xpath","value":"//input[contains(@id ,\"customerNumber-inner\")]"}
COMMAND: POST /session/eacf8bccc3b349b538ac2f1863989237/element/f.11D6377D86A94FC2ADAA7D32FFC9D30E.d.2791F868BDCB0F7A859B61952FBD8BB4.e.11622/value - {"text":"WebdriverPartnerlnzir"}
RESULT: {}
RESULT: {"text":"WebdriverPartnerlnzir"}
COMMAND: GET /session/eacf8bccc3b349b538ac2f1863989237/screenshot - {}
RESULT: {}
COMMAND: POST /session/eacf8bccc3b349b538ac2f1863989237/actions - {"actions":[{"id":"action76","type":"key","parameters":{},"actions":[{"type":"keyDown","value":""},{"type":"pause","duration":10},{"type":"keyUp","value":""}]}]}
RESULT: {"actions":[{"id":"action76","type":"key","parameters":{},"actions":[{"type":"keyDown","value":""},{"type":"pause","duration":10},{"type":"keyUp","value":""}]}]}
COMMAND: GET /session/eacf8bccc3b349b538ac2f1863989237/screenshot - {}
RESULT: {}
COMMAND: POST /session/eacf8bccc3b349b538ac2f1863989237/element - {"using":"xpath","value":"//input[contains(@id ,\"requestSiteId-inner\")]"}
RESULT: {"using":"xpath","value":"//input[contains(@id ,\"requestSiteId-inner\")]"}
COMMAND: POST /session/eacf8bccc3b349b538ac2f1863989237/element/f.11D6377D86A94FC2ADAA7D32FFC9D30E.d.2791F868BDCB0F7A859B61952FBD8BB4.e.11621/value - {"text":"WebdriverSiteo1997"}
RESULT: {"text":"WebdriverSiteo1997"}
COMMAND: GET /session/eacf8bccc3b349b538ac2f1863989237/screenshot - {}
RESULT: {}
COMMAND: POST /session/eacf8bccc3b349b538ac2f1863989237/actions - {"actions":[{"id":"action77","type":"key","parameters":{},"actions":[{"type":"keyDown","value":""},{"type":"pause","duration":10},{"type":"keyUp","value":""}]}]}
RESULT: {"actions":[{"id":"action77","type":"key","parameters":{},"actions":[{"type":"keyDown","value":""},{"type":"pause","duration":10},{"type":"keyUp","value":""}]}]}
COMMAND: GET /session/eacf8bccc3b349b538ac2f1863989237/screenshot - {}
RESULT: {}
COMMAND: POST /session/eacf8bccc3b349b538ac2f1863989237/element - {"using":"xpath","value":"//bdi[contains(text(), \"Items\")]"}
RESULT: {"using":"xpath","value":"//bdi[contains(text(), \"Items\")]"}
COMMAND: POST /session/eacf8bccc3b349b538ac2f1863989237/element/f.11D6377D86A94FC2ADAA7D32FFC9D30E.d.2791F868BDCB0F7A859B61952FBD8BB4.e.11798/click - {}
RESULT: {}
COMMAND: GET /session/eacf8bccc3b349b538ac2f1863989237/screenshot - {}
RESULT: {}
COMMAND: POST /session/eacf8bccc3b349b538ac2f1863989237/element - {"using":"xpath","value":"//button[contains(@data-kt ,\"requestItemAddOverflowToolbarButton\")]"}
RESULT: {"using":"xpath","value":"//button[contains(@data-kt ,\"requestItemAddOverflowToolbarButton\")]"}
COMMAND: POST /session/eacf8bccc3b349b538ac2f1863989237/element/f.11D6377D86A94FC2ADAA7D32FFC9D30E.d.2791F868BDCB0F7A859B61952FBD8BB4.e.11600/click - {}
RESULT: {}
COMMAND: GET /session/eacf8bccc3b349b538ac2f1863989237/screenshot - {}
RESULT: {}
COMMAND: POST /session/eacf8bccc3b349b538ac2f1863989237/actions - {"actions":[{"id":"action78","type":"key","parameters":{},"actions":[{"type":"keyDown","value":""},{"type":"pause","duration":10},{"type":"keyUp","value":""}]}]}
RESULT: {"actions":[{"id":"action78","type":"key","parameters":{},"actions":[{"type":"keyDown","value":""},{"type":"pause","duration":10},{"type":"keyUp","value":""}]}]}
COMMAND: POST /session/eacf8bccc3b349b538ac2f1863989237/actions - {"actions":[{"id":"action79","type":"key","parameters":{},"actions":[{"type":"keyDown","value":""},{"type":"pause","duration":10},{"type":"keyUp","value":""}]}]}
COMMAND: GET /session/eacf8bccc3b349b538ac2f1863989237/screenshot - {}
RESULT: {"actions":[{"id":"action79","type":"key","parameters":{},"actions":[{"type":"keyDown","value":""},{"type":"pause","duration":10},{"type":"keyUp","value":""}]}]}
COMMAND: POST /session/eacf8bccc3b349b538ac2f1863989237/element - {"using":"xpath","value":"(//input[contains(@id ,\"requestItemsTable-0-inner\")])[1]"}
COMMAND: GET /session/eacf8bccc3b349b538ac2f1863989237/screenshot - {}
RESULT: {}
RESULT: {"using":"xpath","value":"(//input[contains(@id ,\"requestItemsTable-0-inner\")])[1]"}
COMMAND: POST /session/eacf8bccc3b349b538ac2f1863989237/element/f.11D6377D86A94FC2ADAA7D32FFC9D30E.d.2791F868BDCB0F7A859B61952FBD8BB4.e.11813/clear - {}
RESULT: {}
RESULT: {}
COMMAND: POST /session/eacf8bccc3b349b538ac2f1863989237/element/f.11D6377D86A94FC2ADAA7D32FFC9D30E.d.2791F868BDCB0F7A859B61952FBD8BB4.e.11813/value - {"text":"catalogItemr530d"}
COMMAND: GET /session/eacf8bccc3b349b538ac2f1863989237/screenshot - {}
RESULT: {"text":"catalogItemr530d"}
COMMAND: GET /session/eacf8bccc3b349b538ac2f1863989237/screenshot - {}
RESULT: {}
RESULT: {}
COMMAND: POST /session/eacf8bccc3b349b538ac2f1863989237/actions - {"actions":[{"id":"action80","type":"key","parameters":{},"actions":[{"type":"keyDown","value":""},{"type":"pause","duration":10},{"type":"keyUp","value":""}]}]}
RESULT: {"actions":[{"id":"action80","type":"key","parameters":{},"actions":[{"type":"keyDown","value":""},{"type":"pause","duration":10},{"type":"keyUp","value":""}]}]}
COMMAND: GET /session/eacf8bccc3b349b538ac2f1863989237/screenshot - {}
RESULT: {}
COMMAND: POST /session/eacf8bccc3b349b538ac2f1863989237/execute/async - {"script":"<script> [1562 bytes]","args":[{"selector":{"controlType":"sap.ui.core.Icon","viewName":"etm.portal.ui.managerequests.view.NewRequest","properties":{"src":{"regex":{"source":"slim\\-arrow\\-down"}}},"ancestor":{"controlType":"sap.m.Button","viewName":"etm.portal.ui.managerequests.view.NewRequest","properties":{"icon":"sap-icon://slim-arrow-down"}}},"wdio_ui5_key":"etmportal.ui.managerequests.view.NewRequestsap.ui.core.Icon{\"src\":{\"regex\":{\"source\":\"slim\\\\-arrow\\\\-down\"}}}{\"controlType\":\"sap.m.Button\",\"viewName\":\"etm.portal.ui.managerequests.view.NewRequest\",\"properties\":{\"icon\":\"sap-icon://slim-arrow-down\"}}"}]}
RESULT: {"script":"<script> [1562 bytes]","args":[{"selector":{"controlType":"sap.ui.core.Icon","viewName":"etm.portal.ui.managerequests.view.NewRequest","properties":{"src":{"regex":{"source":"slim\\-arrow\\-down"}}},"ancestor":{"controlType":"sap.m.Button","viewName":"etm.portal.ui.managerequests.view.NewRequest","properties":{"icon":"sap-icon://slim-arrow-down"}}},"wdio_ui5_key":"etmportal.ui.managerequests.view.NewRequestsap.ui.core.Icon{\"src\":{\"regex\":{\"source\":\"slim\\\\-arrow\\\\-down\"}}}{\"controlType\":\"sap.m.Button\",\"viewName\":\"etm.portal.ui.managerequests.view.NewRequest\",\"properties\":{\"icon\":\"sap-icon://slim-arrow-down\"}}"}]}
RESULT: undefined
COMMAND: POST /session/eacf8bccc3b349b538ac2f1863989237/element - {"using":"xpath","value":"//*[@id=\"__title4-expandBtn-img\"]"}
RESULT: {"using":"xpath","value":"//*[@id=\"__title4-expandBtn-img\"]"}
COMMAND: POST /session/eacf8bccc3b349b538ac2f1863989237/element/f.11D6377D86A94FC2ADAA7D32FFC9D30E.d.2791F868BDCB0F7A859B61952FBD8BB4.e.11826/click - {}
RESULT: {}
COMMAND: GET /session/eacf8bccc3b349b538ac2f1863989237/screenshot - {}
RESULT: {}
COMMAND: POST /session/eacf8bccc3b349b538ac2f1863989237/element - {"using":"xpath","value":"//div[contains(@data-kt ,\"splitAllocationObjectStatus\")]"}
RESULT: {"using":"xpath","value":"//div[contains(@data-kt ,\"splitAllocationObjectStatus\")]"}
COMMAND: POST /session/eacf8bccc3b349b538ac2f1863989237/elements - {"using":"xpath","value":"//div[contains(@data-kt ,\"splitAllocationObjectStatus\")]"}
RESULT: {"using":"xpath","value":"//div[contains(@data-kt ,\"splitAllocationObjectStatus\")]"}
COMMAND: POST /session/eacf8bccc3b349b538ac2f1863989237/execute/async - {"script":"<script> [1562 bytes]","args":[{"selector":{"controlType":"sap.ui.core.Icon","viewName":"etm.portal.ui.managerequests.view.NewRequest","properties":{"src":{"regex":{"source":"message\\-error"}}}},"wdio_ui5_key":"etmportal.ui.managerequests.view.NewRequestsap.ui.core.Icon{\"src\":{\"regex\":{\"source\":\"message\\\\-error\"}}}"}]}
RESULT: {"script":"<script> [1562 bytes]","args":[{"selector":{"controlType":"sap.ui.core.Icon","viewName":"etm.portal.ui.managerequests.view.NewRequest","properties":{"src":{"regex":{"source":"message\\-error"}}}},"wdio_ui5_key":"etmportal.ui.managerequests.view.NewRequestsap.ui.core.Icon{\"src\":{\"regex\":{\"source\":\"message\\\\-error\"}}}"}]}
RESULT: undefined
COMMAND: POST /session/eacf8bccc3b349b538ac2f1863989237/element - {"using":"xpath","value":"//*[@id=\"__status4-__xmlview1--requestItemsTable-0-icon\"]"}
RESULT: {"using":"xpath","value":"//*[@id=\"__status4-__xmlview1--requestItemsTable-0-icon\"]"}
COMMAND: POST /session/eacf8bccc3b349b538ac2f1863989237/element/f.11D6377D86A94FC2ADAA7D32FFC9D30E.d.2791F868BDCB0F7A859B61952FBD8BB4.e.11831/click - {}
RESULT: {}
COMMAND: POST /session/eacf8bccc3b349b538ac2f1863989237/execute/async - {"script":"<script> [1562 bytes]","args":[{"selector":{"controlType":"sap.ui.core.Icon","viewName":"etm.portal.ui.managerequests.view.NewRequest","properties":{"src":{"regex":{"source":"slim\\-arrow\\-down"}}},"searchOpenDialogs":true,"ancestor":{"id":"costObjectAdminTypeComboBox","viewName":"etm.portal.ui.managerequests.view.NewRequest","searchOpenDialogs":true}},"wdio_ui5_key":"etmportal.ui.managerequests.view.NewRequestsap.ui.core.Icon{\"src\":{\"regex\":{\"source\":\"slim\\\\-arrow\\\\-down\"}}}{\"id\":\"costObjectAdminTypeComboBox\",\"viewName\":\"etm.portal.ui.managerequests.view.NewRequest\",\"searchOpenDialogs\":true}"}]}
COMMAND: GET /session/eacf8bccc3b349b538ac2f1863989237/screenshot - {}
RESULT: {"script":"<script> [1562 bytes]","args":[{"selector":{"controlType":"sap.ui.core.Icon","viewName":"etm.portal.ui.managerequests.view.NewRequest","properties":{"src":{"regex":{"source":"slim\\-arrow\\-down"}}},"searchOpenDialogs":true,"ancestor":{"id":"costObjectAdminTypeComboBox","viewName":"etm.portal.ui.managerequests.view.NewRequest","searchOpenDialogs":true}},"wdio_ui5_key":"etmportal.ui.managerequests.view.NewRequestsap.ui.core.Icon{\"src\":{\"regex\":{\"source\":\"slim\\\\-arrow\\\\-down\"}}}{\"id\":\"costObjectAdminTypeComboBox\",\"viewName\":\"etm.portal.ui.managerequests.view.NewRequest\",\"searchOpenDialogs\":true}"}]}
RESULT: undefined
COMMAND: POST /session/eacf8bccc3b349b538ac2f1863989237/element - {"using":"xpath","value":"//*[@id=\"__xmlview1--costObjectAdminTypeComboBox-arrow\"]"}
RESULT: {}
RESULT: {"using":"xpath","value":"//*[@id=\"__xmlview1--costObjectAdminTypeComboBox-arrow\"]"}
COMMAND: POST /session/eacf8bccc3b349b538ac2f1863989237/element/f.11D6377D86A94FC2ADAA7D32FFC9D30E.d.2791F868BDCB0F7A859B61952FBD8BB4.e.11836/click - {}
RESULT: {}
COMMAND: POST /session/eacf8bccc3b349b538ac2f1863989237/execute/async - {"script":"<script> [1562 bytes]","args":[{"selector":{"controlType":"sap.m.StandardListItem","viewName":"etm.portal.ui.managerequests.view.NewRequest","properties":{"title":"Cost Center"},"searchOpenDialogs":true,"interaction":{"idSuffix":"titleText"}},"wdio_ui5_key":"etmportal.ui.managerequests.view.NewRequestsap.m.StandardListItem{\"title\":\"Cost Center\"}"}]}
COMMAND: GET /session/eacf8bccc3b349b538ac2f1863989237/screenshot - {}
RESULT: {"script":"<script> [1562 bytes]","args":[{"selector":{"controlType":"sap.m.StandardListItem","viewName":"etm.portal.ui.managerequests.view.NewRequest","properties":{"title":"Cost Center"},"searchOpenDialogs":true,"interaction":{"idSuffix":"titleText"}},"wdio_ui5_key":"etmportal.ui.managerequests.view.NewRequestsap.m.StandardListItem{\"title\":\"Cost Center\"}"}]}
RESULT: undefined
COMMAND: POST /session/eacf8bccc3b349b538ac2f1863989237/element - {"using":"xpath","value":"//*[@id=\"__item718\"]"}
RESULT: {}
RESULT: {"using":"xpath","value":"//*[@id=\"__item718\"]"}
COMMAND: POST /session/eacf8bccc3b349b538ac2f1863989237/element/f.11D6377D86A94FC2ADAA7D32FFC9D30E.d.2791F868BDCB0F7A859B61952FBD8BB4.e.11839/click - {}
RESULT: {}
COMMAND: POST /session/eacf8bccc3b349b538ac2f1863989237/execute/async - {"script":"<script> [1562 bytes]","args":[{"selector":{"controlType":"sap.ui.core.Icon","viewName":"etm.portal.ui.managerequests.view.NewRequest","properties":{"src":{"regex":{"source":"value\\-help"}}},"searchOpenDialogs":true},"wdio_ui5_key":"etmportal.ui.managerequests.view.NewRequestsap.ui.core.Icon{\"src\":{\"regex\":{\"source\":\"value\\\\-help\"}}}"}]}
COMMAND: GET /session/eacf8bccc3b349b538ac2f1863989237/screenshot - {}
RESULT: {"script":"<script> [1562 bytes]","args":[{"selector":{"controlType":"sap.ui.core.Icon","viewName":"etm.portal.ui.managerequests.view.NewRequest","properties":{"src":{"regex":{"source":"value\\-help"}}},"searchOpenDialogs":true},"wdio_ui5_key":"etmportal.ui.managerequests.view.NewRequestsap.ui.core.Icon{\"src\":{\"regex\":{\"source\":\"value\\\\-help\"}}}"}]}
RESULT: undefined
COMMAND: POST /session/eacf8bccc3b349b538ac2f1863989237/element - {"using":"xpath","value":"//*[@id=\"__xmlview1--costObjectIdComboBox-vhi\"]"}
RESULT: {}
RESULT: {"using":"xpath","value":"//*[@id=\"__xmlview1--costObjectIdComboBox-vhi\"]"}
COMMAND: POST /session/eacf8bccc3b349b538ac2f1863989237/element/f.11D6377D86A94FC2ADAA7D32FFC9D30E.d.2791F868BDCB0F7A859B61952FBD8BB4.e.11843/click - {}
RESULT: {}
COMMAND: POST /session/eacf8bccc3b349b538ac2f1863989237/execute/async - {"script":"<script> [1562 bytes]","args":[{"selector":{"controlType":"sap.m.SearchField","properties":{"placeholder":"Search"},"searchOpenDialogs":true,"interaction":{"idSuffix":"I"}},"wdio_ui5_key":"sapm.SearchField{\"placeholder\":\"Search\"}"}]}
COMMAND: GET /session/eacf8bccc3b349b538ac2f1863989237/screenshot - {}
RESULT: {"script":"<script> [1562 bytes]","args":[{"selector":{"controlType":"sap.m.SearchField","properties":{"placeholder":"Search"},"searchOpenDialogs":true,"interaction":{"idSuffix":"I"}},"wdio_ui5_key":"sapm.SearchField{\"placeholder\":\"Search\"}"}]}
RESULT: undefined
COMMAND: POST /session/eacf8bccc3b349b538ac2f1863989237/execute/async - {"script":"<script> [776 bytes]","args":[{"enterText":"10001010","selector":{"controlType":"sap.m.SearchField","properties":{"placeholder":"Search"},"searchOpenDialogs":true,"interaction":{"idSuffix":"I"}},"clearTextFirst":true,"interactionType":"ENTER_TEXT"}]}
RESULT: {}
RESULT: {"script":"<script> [776 bytes]","args":[{"enterText":"10001010","selector":{"controlType":"sap.m.SearchField","properties":{"placeholder":"Search"},"searchOpenDialogs":true,"interaction":{"idSuffix":"I"}},"clearTextFirst":true,"interactionType":"ENTER_TEXT"}]}
COMMAND: POST /session/eacf8bccc3b349b538ac2f1863989237/actions - {"actions":[{"id":"action81","type":"key","parameters":{},"actions":[{"type":"keyDown","value":""},{"type":"pause","duration":10},{"type":"keyUp","value":""}]}]}
RESULT: {"actions":[{"id":"action81","type":"key","parameters":{},"actions":[{"type":"keyDown","value":""},{"type":"pause","duration":10},{"type":"keyUp","value":""}]}]}
COMMAND: GET /session/eacf8bccc3b349b538ac2f1863989237/screenshot - {}
RESULT: {}
COMMAND: POST /session/eacf8bccc3b349b538ac2f1863989237/execute/async - {"script":"<script> [1562 bytes]","args":[{"selector":{"controlType":"sap.m.Text","bindingPath":{"path":"/C_CostCtrValueHelp(CostCenter='10001010',ControllingArea='Z001')","propertyPath":"CostCenterName","modelName":"CostCenterModel"},"searchOpenDialogs":true},"wdio_ui5_key":"sapm.Text{\"path\":\"/C_CostCtrValueHelp(CostCenter='10001010',ControllingArea='Z001')\",\"propertyPath\":\"CostCenterName\",\"modelName\":\"CostCenterModel\"}"}]}
RESULT: {"script":"<script> [1562 bytes]","args":[{"selector":{"controlType":"sap.m.Text","bindingPath":{"path":"/C_CostCtrValueHelp(CostCenter='10001010',ControllingArea='Z001')","propertyPath":"CostCenterName","modelName":"CostCenterModel"},"searchOpenDialogs":true},"wdio_ui5_key":"sapm.Text{\"path\":\"/C_CostCtrValueHelp(CostCenter='10001010',ControllingArea='Z001')\",\"propertyPath\":\"CostCenterName\",\"modelName\":\"CostCenterModel\"}"}]}
RESULT: undefined
COMMAND: POST /session/eacf8bccc3b349b538ac2f1863989237/element - {"using":"xpath","value":"//*[@id=\"__text265-__clone848\"]"}
RESULT: {"using":"xpath","value":"//*[@id=\"__text265-__clone848\"]"}
COMMAND: POST /session/eacf8bccc3b349b538ac2f1863989237/element/f.11D6377D86A94FC2ADAA7D32FFC9D30E.d.2791F868BDCB0F7A859B61952FBD8BB4.e.11884/click - {}
RESULT: {}
COMMAND: POST /session/eacf8bccc3b349b538ac2f1863989237/execute/async - {"script":"<script> [1562 bytes]","args":[{"selector":{"controlType":"sap.m.Button","properties":{"text":"OK"},"searchOpenDialogs":true,"interaction":{"idSuffix":"BDI-content"}},"wdio_ui5_key":"sapm.Button{\"text\":\"OK\"}"}]}
COMMAND: GET /session/eacf8bccc3b349b538ac2f1863989237/screenshot - {}
RESULT: {"script":"<script> [1562 bytes]","args":[{"selector":{"controlType":"sap.m.Button","properties":{"text":"OK"},"searchOpenDialogs":true,"interaction":{"idSuffix":"BDI-content"}},"wdio_ui5_key":"sapm.Button{\"text\":\"OK\"}"}]}
RESULT: undefined
COMMAND: POST /session/eacf8bccc3b349b538ac2f1863989237/element - {"using":"xpath","value":"//*[@id=\"__dialog1-ok\"]"}
RESULT: {}
RESULT: {"using":"xpath","value":"//*[@id=\"__dialog1-ok\"]"}
COMMAND: POST /session/eacf8bccc3b349b538ac2f1863989237/element/f.11D6377D86A94FC2ADAA7D32FFC9D30E.d.2791F868BDCB0F7A859B61952FBD8BB4.e.11886/click - {}
RESULT: {}
COMMAND: GET /session/eacf8bccc3b349b538ac2f1863989237/screenshot - {}
RESULT: {}
COMMAND: POST /session/eacf8bccc3b349b538ac2f1863989237/execute/async - {"script":"<script> [1562 bytes]","args":[{"selector":{"controlType":"sap.m.Button","viewName":"etm.portal.ui.managerequests.view.NewRequest","i18NText":{"propertyName":"text","key":"save"},"searchOpenDialogs":true,"interaction":{"idSuffix":"BDI-content"}},"wdio_ui5_key":"etmportal.ui.managerequests.view.NewRequestsap.m.Button{\"propertyName\":\"text\",\"key\":\"save\"}"}]}
RESULT: {"script":"<script> [1562 bytes]","args":[{"selector":{"controlType":"sap.m.Button","viewName":"etm.portal.ui.managerequests.view.NewRequest","i18NText":{"propertyName":"text","key":"save"},"searchOpenDialogs":true,"interaction":{"idSuffix":"BDI-content"}},"wdio_ui5_key":"etmportal.ui.managerequests.view.NewRequestsap.m.Button{\"propertyName\":\"text\",\"key\":\"save\"}"}]}
RESULT: undefined
COMMAND: POST /session/eacf8bccc3b349b538ac2f1863989237/element - {"using":"xpath","value":"//*[@id=\"__button22\"]"}
RESULT: {"using":"xpath","value":"//*[@id=\"__button22\"]"}
COMMAND: POST /session/eacf8bccc3b349b538ac2f1863989237/element/f.11D6377D86A94FC2ADAA7D32FFC9D30E.d.2791F868BDCB0F7A859B61952FBD8BB4.e.11890/click - {}
RESULT: {}
COMMAND: GET /session/eacf8bccc3b349b538ac2f1863989237/screenshot - {}
RESULT: {}
COMMAND: POST /session/eacf8bccc3b349b538ac2f1863989237/element - {"using":"xpath","value":"(//bdi[contains(text() ,\"Save\")])[1]"}
RESULT: {"using":"xpath","value":"(//bdi[contains(text() ,\"Save\")])[1]"}
COMMAND: POST /session/eacf8bccc3b349b538ac2f1863989237/element/f.11D6377D86A94FC2ADAA7D32FFC9D30E.d.2791F868BDCB0F7A859B61952FBD8BB4.e.11892/click - {}
RESULT: {}
COMMAND: GET /session/eacf8bccc3b349b538ac2f1863989237/screenshot - {}
RESULT: {}
COMMAND: POST /session/eacf8bccc3b349b538ac2f1863989237/execute/async - {"script":"<script> [1562 bytes]","args":[{"selector":{"controlType":"sap.m.Title","properties":{"text":"Success"},"searchOpenDialogs":true},"wdio_ui5_key":"sapm.Title{\"text\":\"Success\"}"}]}
RESULT: {"script":"<script> [1562 bytes]","args":[{"selector":{"controlType":"sap.m.Title","properties":{"text":"Success"},"searchOpenDialogs":true},"wdio_ui5_key":"sapm.Title{\"text\":\"Success\"}"}]}
RESULT: undefined
COMMAND: POST /session/eacf8bccc3b349b538ac2f1863989237/execute/async - {"script":"<script> [6424 bytes]","args":[{"element-6066-11e4-a52e-4f735466cecf":"f.11D6377D86A94FC2ADAA7D32FFC9D30E.d.2791F868BDCB0F7A859B61952FBD8BB4.e.11895"},"getText",[]]}
RESULT: {"script":"<script> [6424 bytes]","args":[{"element-6066-11e4-a52e-4f735466cecf":"f.11D6377D86A94FC2ADAA7D32FFC9D30E.d.2791F868BDCB0F7A859B61952FBD8BB4.e.11895"},"getText",[]]}
COMMAND: POST /session/eacf8bccc3b349b538ac2f1863989237/execute/async - {"script":"<script> [1562 bytes]","args":[{"selector":{"controlType":"sap.m.Button","properties":{"text":"Close"},"searchOpenDialogs":true,"interaction":{"idSuffix":"BDI-content"}},"wdio_ui5_key":"sapm.Button{\"text\":\"Close\"}"}]}
RESULT: {"script":"<script> [1562 bytes]","args":[{"selector":{"controlType":"sap.m.Button","properties":{"text":"Close"},"searchOpenDialogs":true,"interaction":{"idSuffix":"BDI-content"}},"wdio_ui5_key":"sapm.Button{\"text\":\"Close\"}"}]}
RESULT: undefined
COMMAND: POST /session/eacf8bccc3b349b538ac2f1863989237/element - {"using":"xpath","value":"//*[@id=\"__mbox-btn-0\"]"}
RESULT: {"using":"xpath","value":"//*[@id=\"__mbox-btn-0\"]"}
COMMAND: POST /session/eacf8bccc3b349b538ac2f1863989237/element/f.11D6377D86A94FC2ADAA7D32FFC9D30E.d.2791F868BDCB0F7A859B61952FBD8BB4.e.11894/click - {}
RESULT: {}
COMMAND: GET /session/eacf8bccc3b349b538ac2f1863989237/screenshot - {}
RESULT: {}
COMMAND: POST /session/eacf8bccc3b349b538ac2f1863989237/execute/async - {"script":"<script> [1562 bytes]","args":[{"selector":{"controlType":"sap.m.Text","viewName":"etm.portal.ui.managerequests.view.Detail","bindingPath":{"propertyPath":"NO","modelName":"catalogModel"}},"wdio_ui5_key":"etmportal.ui.managerequests.view.Detailsap.m.Text{\"propertyPath\":\"NO\",\"modelName\":\"catalogModel\"}"}]}
RESULT: {"script":"<script> [1562 bytes]","args":[{"selector":{"controlType":"sap.m.Text","viewName":"etm.portal.ui.managerequests.view.Detail","bindingPath":{"propertyPath":"NO","modelName":"catalogModel"}},"wdio_ui5_key":"etmportal.ui.managerequests.view.Detailsap.m.Text{\"propertyPath\":\"NO\",\"modelName\":\"catalogModel\"}"}]}
RESULT: undefined
COMMAND: POST /session/eacf8bccc3b349b538ac2f1863989237/execute/async - {"script":"<script> [6424 bytes]","args":[{"element-6066-11e4-a52e-4f735466cecf":"f.11D6377D86A94FC2ADAA7D32FFC9D30E.d.2791F868BDCB0F7A859B61952FBD8BB4.e.12022"},"getText",[]]}
RESULT: {"script":"<script> [6424 bytes]","args":[{"element-6066-11e4-a52e-4f735466cecf":"f.11D6377D86A94FC2ADAA7D32FFC9D30E.d.2791F868BDCB0F7A859B61952FBD8BB4.e.12022"},"getText",[]]}
COMMAND: POST /session/eacf8bccc3b349b538ac2f1863989237/execute/async - {"script":"<script> [1562 bytes]","args":[{"selector":{"controlType":"sap.ui.core.Icon","viewName":"etm.portal.ui.managerequests.view.Detail","properties":{"src":{"regex":{"source":"date\\-time"}}},"ancestor":{"controlType":"sap.m.ColumnListItem","viewName":"etm.portal.ui.managerequests.view.Detail","bindingPath":{"path":"/SmartRequestItemsPlanningBoard(ITEM=10m,REQUEST='20242')"},"ancestor":{"id":"requestItemsTable","viewName":"etm.portal.ui.managerequests.view.Detail"}}},"wdio_ui5_key":"etmportal.ui.managerequests.view.Detailsap.ui.core.Icon{\"src\":{\"regex\":{\"source\":\"date\\\\-time\"}}}{\"controlType\":\"sap.m.ColumnListItem\",\"viewName\":\"etm.portal.ui.managerequests.view.Detail\",\"bindingPath\":{\"path\":\"/SmartRequestItemsPlanningBoard(ITEM=10m,REQUEST='20242')\"},\"ancestor\":{\"id\":\"requestItemsTable\",\"viewName\":\"etm.portal.ui.managerequests.view.Detail\"}}"}]}
RESULT: {"script":"<script> [1562 bytes]","args":[{"selector":{"controlType":"sap.ui.core.Icon","viewName":"etm.portal.ui.managerequests.view.Detail","properties":{"src":{"regex":{"source":"date\\-time"}}},"ancestor":{"controlType":"sap.m.ColumnListItem","viewName":"etm.portal.ui.managerequests.view.Detail","bindingPath":{"path":"/SmartRequestItemsPlanningBoard(ITEM=10m,REQUEST='20242')"},"ancestor":{"id":"requestItemsTable","viewName":"etm.portal.ui.managerequests.view.Detail"}}},"wdio_ui5_key":"etmportal.ui.managerequests.view.Detailsap.ui.core.Icon{\"src\":{\"regex\":{\"source\":\"date\\\\-time\"}}}{\"controlType\":\"sap.m.ColumnListItem\",\"viewName\":\"etm.portal.ui.managerequests.view.Detail\",\"bindingPath\":{\"path\":\"/SmartRequestItemsPlanningBoard(ITEM=10m,REQUEST='20242')\"},\"ancestor\":{\"id\":\"requestItemsTable\",\"viewName\":\"etm.portal.ui.managerequests.view.Detail\"}}"}]}
RESULT: undefined
COMMAND: POST /session/eacf8bccc3b349b538ac2f1863989237/element - {"using":"xpath","value":"//*[@id=\"__button37-__clone887-img\"]"}
RESULT: {"using":"xpath","value":"//*[@id=\"__button37-__clone887-img\"]"}
COMMAND: POST /session/eacf8bccc3b349b538ac2f1863989237/element/f.11D6377D86A94FC2ADAA7D32FFC9D30E.d.2791F868BDCB0F7A859B61952FBD8BB4.e.12023/click - {}
RESULT: {}
COMMAND: POST /session/eacf8bccc3b349b538ac2f1863989237/execute/async - {"script":"<script> [1562 bytes]","args":[{"selector":{"controlType":"sap.m.Button","viewName":"etm.portal.ui.managerequests.view.Detail","properties":{"text":"Close"},"searchOpenDialogs":true,"interaction":{"idSuffix":"BDI-content"}},"wdio_ui5_key":"etmportal.ui.managerequests.view.Detailsap.m.Button{\"text\":\"Close\"}"}]}
COMMAND: GET /session/eacf8bccc3b349b538ac2f1863989237/screenshot - {}
RESULT: {"script":"<script> [1562 bytes]","args":[{"selector":{"controlType":"sap.m.Button","viewName":"etm.portal.ui.managerequests.view.Detail","properties":{"text":"Close"},"searchOpenDialogs":true,"interaction":{"idSuffix":"BDI-content"}},"wdio_ui5_key":"etmportal.ui.managerequests.view.Detailsap.m.Button{\"text\":\"Close\"}"}]}
RESULT: undefined
COMMAND: POST /session/eacf8bccc3b349b538ac2f1863989237/element - {"using":"xpath","value":"//*[@id=\"__button47\"]"}
RESULT: {}
RESULT: {"using":"xpath","value":"//*[@id=\"__button47\"]"}
COMMAND: POST /session/eacf8bccc3b349b538ac2f1863989237/element/f.11D6377D86A94FC2ADAA7D32FFC9D30E.d.2791F868BDCB0F7A859B61952FBD8BB4.e.12025/click - {}
RESULT: {}
COMMAND: POST /session/eacf8bccc3b349b538ac2f1863989237/refresh - {}
COMMAND: GET /session/eacf8bccc3b349b538ac2f1863989237/screenshot - {}
RESULT: {}
COMMAND: GET /session/eacf8bccc3b349b538ac2f1863989237/screenshot - {}
RESULT: {}
RESULT: {}
COMMAND: POST /session/eacf8bccc3b349b538ac2f1863989237/execute/async - {"script":"<script> [189 bytes]","args":[]}
RESULT: {"script":"<script> [189 bytes]","args":[]}
COMMAND: POST /session/eacf8bccc3b349b538ac2f1863989237/execute/async - {"script":"<script> [123 bytes]","args":[]}
RESULT: {"script":"<script> [123 bytes]","args":[]}
COMMAND: POST /session/eacf8bccc3b349b538ac2f1863989237/timeouts - {"script":"<number>"}
RESULT: {"script":"<number>"}
COMMAND: GET /session/eacf8bccc3b349b538ac2f1863989237/timeouts - {}
RESULT: {}
RESULT: undefined
COMMAND: POST /session/eacf8bccc3b349b538ac2f1863989237/execute/async - {"script":"<script> [2676 bytes]","args":[]}
RESULT: {"script":"<script> [2676 bytes]","args":[]}
COMMAND: POST /session/eacf8bccc3b349b538ac2f1863989237/execute/async - {"script":"<script> [2342 bytes]","args":[{"protocol":"http","hostname":"0.0.0.0","path":"/","capabilities":{"browserName":"chrome","goog:chromeOptions":{"binary":"C:\\Program Files\\Google\\Chrome\\Application\\chrome.exe","args":["--start-maximized"]}},"logLevel":"warn","connectionRetryTimeout":120000,"connectionRetryCount":3,"logLevels":{},"enableDirectConnect":true,"strictSSL":true,"_":"65 more keys: [\"cacheDir\",\"port\",\"requestedCapabilities\",\"automationProtocol\",\"baseUrl\",\"waitforInterval\",\"waitforTimeout\",\"onReload\",\"beforeCommand\",\"afterCommand\",\"rootDir\",\"specs\",\"suites\",\"exclude\",\"groupLogsByTestSpec\",\"excludeDriverLogs\",\"bail\",\"framework\",\"reporters\",\"services\",\"maxInstances\",\"maxInstancesPerCapability\",\"injectGlobals\",\"filesToWatch\",\"execArgv\",\"runnerEnv\",\"runner\",\"shard\",\"specFileRetries\",\"specFileRetriesDelay\",\"specFileRetriesDeferred\",\"reporterSyncInterval\",\"reporterSyncTimeout\",\"cucumberFeaturesWithLineNumbers\",\"autoCompileOpts\",\"mochaOpts\",\"jasmineOpts\",\"cucumberOpts\",\"onPrepare\",\"onWorkerStart\",\"onWorkerEnd\",\"before\",\"beforeSession\",\"beforeSuite\",\"beforeHook\",\"beforeTest\",\"afterTest\",\"afterHook\",\"afterSuite\",\"afterSession\",\"after\",\"onComplete\",\"beforeAssertion\",\"afterAssertion\",\"beforeFeature\",\"beforeScenario\",\"beforeStep\",\"afterStep\",\"afterScenario\",\"afterFeature\",\"_\",\"suite\",\"$0\",\"ignoredWorkerServices\",\"wdi5\"]"}]}
RESULT: {"script":"<script> [2342 bytes]","args":[{"protocol":"http","hostname":"0.0.0.0","path":"/","capabilities":{"browserName":"chrome","goog:chromeOptions":{"binary":"C:\\Program Files\\Google\\Chrome\\Application\\chrome.exe","args":["--start-maximized"]}},"logLevel":"warn","connectionRetryTimeout":120000,"connectionRetryCount":3,"logLevels":{},"enableDirectConnect":true,"strictSSL":true,"_":"65 more keys: [\"cacheDir\",\"port\",\"requestedCapabilities\",\"automationProtocol\",\"baseUrl\",\"waitforInterval\",\"waitforTimeout\",\"onReload\",\"beforeCommand\",\"afterCommand\",\"rootDir\",\"specs\",\"suites\",\"exclude\",\"groupLogsByTestSpec\",\"excludeDriverLogs\",\"bail\",\"framework\",\"reporters\",\"services\",\"maxInstances\",\"maxInstancesPerCapability\",\"injectGlobals\",\"filesToWatch\",\"execArgv\",\"runnerEnv\",\"runner\",\"shard\",\"specFileRetries\",\"specFileRetriesDelay\",\"specFileRetriesDeferred\",\"reporterSyncInterval\",\"reporterSyncTimeout\",\"cucumberFeaturesWithLineNumbers\",\"autoCompileOpts\",\"mochaOpts\",\"jasmineOpts\",\"cucumberOpts\",\"onPrepare\",\"onWorkerStart\",\"onWorkerEnd\",\"before\",\"beforeSession\",\"beforeSuite\",\"beforeHook\",\"beforeTest\",\"afterTest\",\"afterHook\",\"afterSuite\",\"afterSession\",\"after\",\"onComplete\",\"beforeAssertion\",\"afterAssertion\",\"beforeFeature\",\"beforeScenario\",\"beforeStep\",\"afterStep\",\"afterScenario\",\"afterFeature\",\"_\",\"suite\",\"$0\",\"ignoredWorkerServices\",\"wdi5\"]"}]}
COMMAND: POST /session/eacf8bccc3b349b538ac2f1863989237/execute/async - {"script":"<script> [21126 bytes]","args":[35000]}
RESULT: {"script":"<script> [21126 bytes]","args":[35000]}
]]></system-out>
    </testcase>
    <testcase classname="chrome.135_0_7049_42.windows.Process_request_items_into_new_quotation_US120163" name="Should process the request into a new quotation" time="56.008">
      <system-out><![CDATA[
COMMAND: GET /session/eacf8bccc3b349b538ac2f1863989237/window - {}
RESULT: {}
COMMAND: POST /session/eacf8bccc3b349b538ac2f1863989237/element - {"using":"xpath","value":"//span[contains(@id ,\"detailHeaderTitle-_actionsToolbar-overflowButton-img\")]"}
RESULT: {"using":"xpath","value":"//span[contains(@id ,\"detailHeaderTitle-_actionsToolbar-overflowButton-img\")]"}
COMMAND: POST /session/eacf8bccc3b349b538ac2f1863989237/element/f.11D6377D86A94FC2ADAA7D32FFC9D30E.d.A787BCE7B12BE3C4B2A430AC433A0268.e.12239/click - {}
RESULT: {}
COMMAND: GET /session/eacf8bccc3b349b538ac2f1863989237/screenshot - {}
RESULT: {}
COMMAND: POST /session/eacf8bccc3b349b538ac2f1863989237/element - {"using":"xpath","value":"//span[contains(@id ,\"actionsMenuButton-internalSplitBtn-arrowButton-img\")]"}
RESULT: {"using":"xpath","value":"//span[contains(@id ,\"actionsMenuButton-internalSplitBtn-arrowButton-img\")]"}
COMMAND: POST /session/eacf8bccc3b349b538ac2f1863989237/element/f.11D6377D86A94FC2ADAA7D32FFC9D30E.d.A787BCE7B12BE3C4B2A430AC433A0268.e.12242/click - {}
RESULT: {}
COMMAND: GET /session/eacf8bccc3b349b538ac2f1863989237/screenshot - {}
RESULT: {}
COMMAND: POST /session/eacf8bccc3b349b538ac2f1863989237/actions - {"actions":[{"id":"action82","type":"key","parameters":{},"actions":[{"type":"keyDown","value":""},{"type":"pause","duration":10},{"type":"keyUp","value":""}]}]}
RESULT: {"actions":[{"id":"action82","type":"key","parameters":{},"actions":[{"type":"keyDown","value":""},{"type":"pause","duration":10},{"type":"keyUp","value":""}]}]}
COMMAND: GET /session/eacf8bccc3b349b538ac2f1863989237/screenshot - {}
RESULT: {}
COMMAND: POST /session/eacf8bccc3b349b538ac2f1863989237/actions - {"actions":[{"id":"action83","type":"key","parameters":{},"actions":[{"type":"keyDown","value":""},{"type":"pause","duration":10},{"type":"keyUp","value":""}]}]}
RESULT: {"actions":[{"id":"action83","type":"key","parameters":{},"actions":[{"type":"keyDown","value":""},{"type":"pause","duration":10},{"type":"keyUp","value":""}]}]}
COMMAND: GET /session/eacf8bccc3b349b538ac2f1863989237/screenshot - {}
RESULT: {}
COMMAND: POST /session/eacf8bccc3b349b538ac2f1863989237/actions - {"actions":[{"id":"action84","type":"key","parameters":{},"actions":[{"type":"keyDown","value":""},{"type":"pause","duration":10},{"type":"keyUp","value":""}]}]}
RESULT: {"actions":[{"id":"action84","type":"key","parameters":{},"actions":[{"type":"keyDown","value":""},{"type":"pause","duration":10},{"type":"keyUp","value":""}]}]}
COMMAND: GET /session/eacf8bccc3b349b538ac2f1863989237/screenshot - {}
RESULT: {}
COMMAND: POST /session/eacf8bccc3b349b538ac2f1863989237/actions - {"actions":[{"id":"action85","type":"key","parameters":{},"actions":[{"type":"keyDown","value":""},{"type":"pause","duration":10},{"type":"keyUp","value":""}]}]}
RESULT: {"actions":[{"id":"action85","type":"key","parameters":{},"actions":[{"type":"keyDown","value":""},{"type":"pause","duration":10},{"type":"keyUp","value":""}]}]}
COMMAND: GET /session/eacf8bccc3b349b538ac2f1863989237/screenshot - {}
RESULT: {}
COMMAND: POST /session/eacf8bccc3b349b538ac2f1863989237/actions - {"actions":[{"id":"action86","type":"key","parameters":{},"actions":[{"type":"keyDown","value":""},{"type":"pause","duration":10},{"type":"keyUp","value":""}]}]}
RESULT: {"actions":[{"id":"action86","type":"key","parameters":{},"actions":[{"type":"keyDown","value":""},{"type":"pause","duration":10},{"type":"keyUp","value":""}]}]}
COMMAND: GET /session/eacf8bccc3b349b538ac2f1863989237/screenshot - {}
RESULT: {}
COMMAND: GET /session/eacf8bccc3b349b538ac2f1863989237/window/handles - {}
RESULT: {}
COMMAND: GET /session/eacf8bccc3b349b538ac2f1863989237/window/handles - {}
RESULT: {}
COMMAND: POST /session/eacf8bccc3b349b538ac2f1863989237/window - {"handle":"984830AD194E2553A7BBF7AB077E85D4"}
RESULT: {"handle":"984830AD194E2553A7BBF7AB077E85D4"}
COMMAND: GET /session/eacf8bccc3b349b538ac2f1863989237/url - {}
RESULT: {}
COMMAND: GET /session/eacf8bccc3b349b538ac2f1863989237/screenshot - {}
COMMAND: POST /session/eacf8bccc3b349b538ac2f1863989237/element - {"using":"xpath","value":"//span[contains(text(), \"Header Billing Items\")]"}
RESULT: {}
RESULT: {"using":"xpath","value":"//span[contains(text(), \"Header Billing Items\")]"}
COMMAND: POST /session/eacf8bccc3b349b538ac2f1863989237/elements - {"using":"xpath","value":"//span[contains(text(), \"Header Billing Items\")]"}
RESULT: {"using":"xpath","value":"//span[contains(text(), \"Header Billing Items\")]"}
COMMAND: POST /session/eacf8bccc3b349b538ac2f1863989237/elements - {"using":"xpath","value":"//span[contains(text(), \"Header Billing Items\")]"}
RESULT: {"using":"xpath","value":"//span[contains(text(), \"Header Billing Items\")]"}
COMMAND: POST /session/eacf8bccc3b349b538ac2f1863989237/elements - {"using":"xpath","value":"//span[contains(text(), \"Header Billing Items\")]"}
RESULT: {"using":"xpath","value":"//span[contains(text(), \"Header Billing Items\")]"}
COMMAND: POST /session/eacf8bccc3b349b538ac2f1863989237/elements - {"using":"xpath","value":"//span[contains(text(), \"Header Billing Items\")]"}
RESULT: {"using":"xpath","value":"//span[contains(text(), \"Header Billing Items\")]"}
COMMAND: POST /session/eacf8bccc3b349b538ac2f1863989237/elements - {"using":"xpath","value":"//span[contains(text(), \"Header Billing Items\")]"}
RESULT: {"using":"xpath","value":"//span[contains(text(), \"Header Billing Items\")]"}
COMMAND: POST /session/eacf8bccc3b349b538ac2f1863989237/element - {"using":"xpath","value":"//span[contains(text(), \"Header Billing Items\")]"}
RESULT: {"using":"xpath","value":"//span[contains(text(), \"Header Billing Items\")]"}
COMMAND: POST /session/eacf8bccc3b349b538ac2f1863989237/element/f.984830AD194E2553A7BBF7AB077E85D4.d.3423BC66099251A09B714D15B5A9BDA0.e.12420/click - {}
COMMAND: POST /session/eacf8bccc3b349b538ac2f1863989237/element - {"using":"xpath","value":"//span[contains(text(), \"Header Billing Items\")]"}
RESULT: {"using":"xpath","value":"//span[contains(text(), \"Header Billing Items\")]"}
COMMAND: POST /session/eacf8bccc3b349b538ac2f1863989237/element/f.984830AD194E2553A7BBF7AB077E85D4.d.3423BC66099251A09B714D15B5A9BDA0.e.12420/click - {}
COMMAND: POST /session/eacf8bccc3b349b538ac2f1863989237/element - {"using":"xpath","value":"//span[contains(text(), \"Header Billing Items\")]"}
RESULT: {"using":"xpath","value":"//span[contains(text(), \"Header Billing Items\")]"}
COMMAND: POST /session/eacf8bccc3b349b538ac2f1863989237/element/f.984830AD194E2553A7BBF7AB077E85D4.d.3423BC66099251A09B714D15B5A9BDA0.e.12469/click - {}
RESULT: {}
COMMAND: GET /session/eacf8bccc3b349b538ac2f1863989237/screenshot - {}
RESULT: {}
COMMAND: POST /session/eacf8bccc3b349b538ac2f1863989237/element - {"using":"xpath","value":"//span[contains(@id ,\"contractItemsSmartTable-header-inner\")]"}
RESULT: {"using":"xpath","value":"//span[contains(@id ,\"contractItemsSmartTable-header-inner\")]"}
COMMAND: GET /session/eacf8bccc3b349b538ac2f1863989237/element/f.984830AD194E2553A7BBF7AB077E85D4.d.3423BC66099251A09B714D15B5A9BDA0.e.12473/text - {}
RESULT: {}
COMMAND: POST /session/eacf8bccc3b349b538ac2f1863989237/element - {"using":"xpath","value":"//span[@class=\"sapMObjStatusText\"][contains(text(), \"proposed\")]"}
RESULT: {"using":"xpath","value":"//span[@class=\"sapMObjStatusText\"][contains(text(), \"proposed\")]"}
COMMAND: GET /session/eacf8bccc3b349b538ac2f1863989237/element/f.984830AD194E2553A7BBF7AB077E85D4.d.3423BC66099251A09B714D15B5A9BDA0.e.12474/text - {}
RESULT: {}
COMMAND: DELETE /session/eacf8bccc3b349b538ac2f1863989237/window - {}
RESULT: {}
COMMAND: POST /session/eacf8bccc3b349b538ac2f1863989237/window - {"handle":"11D6377D86A94FC2ADAA7D32FFC9D30E"}
RESULT: {"handle":"11D6377D86A94FC2ADAA7D32FFC9D30E"}
COMMAND: GET /session/eacf8bccc3b349b538ac2f1863989237/url - {}
RESULT: {}
COMMAND: GET /session/eacf8bccc3b349b538ac2f1863989237/screenshot - {}
RESULT: {}
]]></system-out>
    </testcase>
    <testcase classname="chrome.135_0_7049_42.windows.Process_request_items_into_new_quotation_US120163" name="Should navigate back to the request and check the request and item statuses" time="18.096">
      <system-out><![CDATA[
COMMAND: POST /session/eacf8bccc3b349b538ac2f1863989237/refresh - {}
RESULT: {}
COMMAND: GET /session/eacf8bccc3b349b538ac2f1863989237/screenshot - {}
RESULT: {}
COMMAND: POST /session/eacf8bccc3b349b538ac2f1863989237/execute/async - {"script":"<script> [189 bytes]","args":[]}
RESULT: {"script":"<script> [189 bytes]","args":[]}
COMMAND: POST /session/eacf8bccc3b349b538ac2f1863989237/execute/async - {"script":"<script> [123 bytes]","args":[]}
RESULT: {"script":"<script> [123 bytes]","args":[]}
COMMAND: POST /session/eacf8bccc3b349b538ac2f1863989237/timeouts - {"script":"<number>"}
RESULT: {"script":"<number>"}
COMMAND: GET /session/eacf8bccc3b349b538ac2f1863989237/timeouts - {}
RESULT: {}
RESULT: undefined
COMMAND: POST /session/eacf8bccc3b349b538ac2f1863989237/execute/async - {"script":"<script> [2676 bytes]","args":[]}
RESULT: {"script":"<script> [2676 bytes]","args":[]}
COMMAND: POST /session/eacf8bccc3b349b538ac2f1863989237/execute/async - {"script":"<script> [2342 bytes]","args":[{"protocol":"http","hostname":"0.0.0.0","path":"/","capabilities":{"browserName":"chrome","goog:chromeOptions":{"binary":"C:\\Program Files\\Google\\Chrome\\Application\\chrome.exe","args":["--start-maximized"]}},"logLevel":"warn","connectionRetryTimeout":120000,"connectionRetryCount":3,"logLevels":{},"enableDirectConnect":true,"strictSSL":true,"_":"65 more keys: [\"cacheDir\",\"port\",\"requestedCapabilities\",\"automationProtocol\",\"baseUrl\",\"waitforInterval\",\"waitforTimeout\",\"onReload\",\"beforeCommand\",\"afterCommand\",\"rootDir\",\"specs\",\"suites\",\"exclude\",\"groupLogsByTestSpec\",\"excludeDriverLogs\",\"bail\",\"framework\",\"reporters\",\"services\",\"maxInstances\",\"maxInstancesPerCapability\",\"injectGlobals\",\"filesToWatch\",\"execArgv\",\"runnerEnv\",\"runner\",\"shard\",\"specFileRetries\",\"specFileRetriesDelay\",\"specFileRetriesDeferred\",\"reporterSyncInterval\",\"reporterSyncTimeout\",\"cucumberFeaturesWithLineNumbers\",\"autoCompileOpts\",\"mochaOpts\",\"jasmineOpts\",\"cucumberOpts\",\"onPrepare\",\"onWorkerStart\",\"onWorkerEnd\",\"before\",\"beforeSession\",\"beforeSuite\",\"beforeHook\",\"beforeTest\",\"afterTest\",\"afterHook\",\"afterSuite\",\"afterSession\",\"after\",\"onComplete\",\"beforeAssertion\",\"afterAssertion\",\"beforeFeature\",\"beforeScenario\",\"beforeStep\",\"afterStep\",\"afterScenario\",\"afterFeature\",\"_\",\"suite\",\"$0\",\"ignoredWorkerServices\",\"wdi5\"]"}]}
RESULT: {"script":"<script> [2342 bytes]","args":[{"protocol":"http","hostname":"0.0.0.0","path":"/","capabilities":{"browserName":"chrome","goog:chromeOptions":{"binary":"C:\\Program Files\\Google\\Chrome\\Application\\chrome.exe","args":["--start-maximized"]}},"logLevel":"warn","connectionRetryTimeout":120000,"connectionRetryCount":3,"logLevels":{},"enableDirectConnect":true,"strictSSL":true,"_":"65 more keys: [\"cacheDir\",\"port\",\"requestedCapabilities\",\"automationProtocol\",\"baseUrl\",\"waitforInterval\",\"waitforTimeout\",\"onReload\",\"beforeCommand\",\"afterCommand\",\"rootDir\",\"specs\",\"suites\",\"exclude\",\"groupLogsByTestSpec\",\"excludeDriverLogs\",\"bail\",\"framework\",\"reporters\",\"services\",\"maxInstances\",\"maxInstancesPerCapability\",\"injectGlobals\",\"filesToWatch\",\"execArgv\",\"runnerEnv\",\"runner\",\"shard\",\"specFileRetries\",\"specFileRetriesDelay\",\"specFileRetriesDeferred\",\"reporterSyncInterval\",\"reporterSyncTimeout\",\"cucumberFeaturesWithLineNumbers\",\"autoCompileOpts\",\"mochaOpts\",\"jasmineOpts\",\"cucumberOpts\",\"onPrepare\",\"onWorkerStart\",\"onWorkerEnd\",\"before\",\"beforeSession\",\"beforeSuite\",\"beforeHook\",\"beforeTest\",\"afterTest\",\"afterHook\",\"afterSuite\",\"afterSession\",\"after\",\"onComplete\",\"beforeAssertion\",\"afterAssertion\",\"beforeFeature\",\"beforeScenario\",\"beforeStep\",\"afterStep\",\"afterScenario\",\"afterFeature\",\"_\",\"suite\",\"$0\",\"ignoredWorkerServices\",\"wdi5\"]"}]}
COMMAND: POST /session/eacf8bccc3b349b538ac2f1863989237/execute/async - {"script":"<script> [21126 bytes]","args":[35000]}
RESULT: {"script":"<script> [21126 bytes]","args":[35000]}
COMMAND: POST /session/eacf8bccc3b349b538ac2f1863989237/execute/async - {"script":"<script> [1562 bytes]","args":[{"selector":{"controlType":"sap.m.Text","viewName":"etm.portal.ui.managerequests.view.Detail","bindingPath":{"path":"/SmartRequestItemsPlanningBoard(ITEM=10m,REQUEST='20242')","propertyPath":"STATUS_DESC"}},"wdio_ui5_key":"etmportal.ui.managerequests.view.Detailsap.m.Text{\"path\":\"/SmartRequestItemsPlanningBoard(ITEM=10m,REQUEST='20242')\",\"propertyPath\":\"STATUS_DESC\"}"}]}
RESULT: {"script":"<script> [1562 bytes]","args":[{"selector":{"controlType":"sap.m.Text","viewName":"etm.portal.ui.managerequests.view.Detail","bindingPath":{"path":"/SmartRequestItemsPlanningBoard(ITEM=10m,REQUEST='20242')","propertyPath":"STATUS_DESC"}},"wdio_ui5_key":"etmportal.ui.managerequests.view.Detailsap.m.Text{\"path\":\"/SmartRequestItemsPlanningBoard(ITEM=10m,REQUEST='20242')\",\"propertyPath\":\"STATUS_DESC\"}"}]}
RESULT: undefined
COMMAND: POST /session/eacf8bccc3b349b538ac2f1863989237/execute/async - {"script":"<script> [6424 bytes]","args":[{"element-6066-11e4-a52e-4f735466cecf":"f.11D6377D86A94FC2ADAA7D32FFC9D30E.d.0C32E41DCBAAE4F2704BCE7C1D384E97.e.12677"},"getText",[]]}
RESULT: {"script":"<script> [6424 bytes]","args":[{"element-6066-11e4-a52e-4f735466cecf":"f.11D6377D86A94FC2ADAA7D32FFC9D30E.d.0C32E41DCBAAE4F2704BCE7C1D384E97.e.12677"},"getText",[]]}
COMMAND: POST /session/eacf8bccc3b349b538ac2f1863989237/execute/async - {"script":"<script> [1562 bytes]","args":[{"selector":{"controlType":"sap.m.ObjectStatus","viewName":"etm.portal.ui.managerequests.view.Detail","bindingPath":{"path":"/RequestHeaders('20242')","propertyPath":"LINK_TO_STATUS/DESCRIPTION","modelName":"catalogModel"}},"wdio_ui5_key":"etmportal.ui.managerequests.view.Detailsap.m.ObjectStatus{\"path\":\"/RequestHeaders('20242')\",\"propertyPath\":\"LINK_TO_STATUS/DESCRIPTION\",\"modelName\":\"catalogModel\"}"}]}
RESULT: {"script":"<script> [1562 bytes]","args":[{"selector":{"controlType":"sap.m.ObjectStatus","viewName":"etm.portal.ui.managerequests.view.Detail","bindingPath":{"path":"/RequestHeaders('20242')","propertyPath":"LINK_TO_STATUS/DESCRIPTION","modelName":"catalogModel"}},"wdio_ui5_key":"etmportal.ui.managerequests.view.Detailsap.m.ObjectStatus{\"path\":\"/RequestHeaders('20242')\",\"propertyPath\":\"LINK_TO_STATUS/DESCRIPTION\",\"modelName\":\"catalogModel\"}"}]}
RESULT: undefined
COMMAND: POST /session/eacf8bccc3b349b538ac2f1863989237/execute/async - {"script":"<script> [6424 bytes]","args":[{"element-6066-11e4-a52e-4f735466cecf":"f.11D6377D86A94FC2ADAA7D32FFC9D30E.d.0C32E41DCBAAE4F2704BCE7C1D384E97.e.12678"},"getText",[]]}
RESULT: {"script":"<script> [6424 bytes]","args":[{"element-6066-11e4-a52e-4f735466cecf":"f.11D6377D86A94FC2ADAA7D32FFC9D30E.d.0C32E41DCBAAE4F2704BCE7C1D384E97.e.12678"},"getText",[]]}
COMMAND: POST /session/eacf8bccc3b349b538ac2f1863989237/element - {"using":"css selector","value":"#shell-header-logo"}
RESULT: {"using":"css selector","value":"#shell-header-logo"}
COMMAND: POST /session/eacf8bccc3b349b538ac2f1863989237/element/f.11D6377D86A94FC2ADAA7D32FFC9D30E.d.0C32E41DCBAAE4F2704BCE7C1D384E97.e.12481/click - {}
RESULT: {}
COMMAND: GET /session/eacf8bccc3b349b538ac2f1863989237/screenshot - {}
RESULT: {}
]]></system-out>
    </testcase>
  </testsuite>
  <testsuite timestamp="2025-04-17T16:12:09" time="358.992" tests="4" failures="0" errors="0" skipped="0">
    <properties>
      <property name="specId" value="0"/>
      <property name="suiteName" value="Process request items into an existing quotation US120163"/>
      <property name="capabilities" value="chrome.135_0_7049_42.windows"/>
      <property name="file" value="file:///D:/a/1/s/test/specs/R2C/process-request-items-into-existing-quotation.spec.js"/>
    </properties>
    <testcase classname="chrome.135_0_7049_42.windows.Process_request_items_into_an_existing_quotation_US120163" name="Should create a new quotation" time="62.652">
      <system-out><![CDATA[
COMMAND: POST /session/eacf8bccc3b349b538ac2f1863989237/execute/async - {"script":"<script> [1562 bytes]","args":[{"selector":{"controlType":"sap.m.GenericTile","properties":{"header":"Manage Quotations"}},"wdio_ui5_key":"sapm.GenericTile{\"header\":\"Manage Quotations\"}"}]}
RESULT: {"script":"<script> [1562 bytes]","args":[{"selector":{"controlType":"sap.m.GenericTile","properties":{"header":"Manage Quotations"}},"wdio_ui5_key":"sapm.GenericTile{\"header\":\"Manage Quotations\"}"}]}
RESULT: undefined
COMMAND: POST /session/eacf8bccc3b349b538ac2f1863989237/element - {"using":"xpath","value":"//*[@id=\"__tile131\"]"}
RESULT: {"using":"xpath","value":"//*[@id=\"__tile131\"]"}
COMMAND: POST /session/eacf8bccc3b349b538ac2f1863989237/element/f.11D6377D86A94FC2ADAA7D32FFC9D30E.d.0C32E41DCBAAE4F2704BCE7C1D384E97.e.12693/click - {}
RESULT: {}
COMMAND: GET /session/eacf8bccc3b349b538ac2f1863989237/screenshot - {}
RESULT: {}
RESULT: undefined
RESULT: undefined
COMMAND: POST /session/eacf8bccc3b349b538ac2f1863989237/element - {"using":"xpath","value":"//button[contains(@title ,\"Add new contract\")]"}
RESULT: {"using":"xpath","value":"//button[contains(@title ,\"Add new contract\")]"}
COMMAND: POST /session/eacf8bccc3b349b538ac2f1863989237/element/f.11D6377D86A94FC2ADAA7D32FFC9D30E.d.0C32E41DCBAAE4F2704BCE7C1D384E97.e.12726/click - {}
RESULT: {}
COMMAND: GET /session/eacf8bccc3b349b538ac2f1863989237/screenshot - {}
RESULT: {}
COMMAND: POST /session/eacf8bccc3b349b538ac2f1863989237/element - {"using":"xpath","value":"//input[contains(@id ,\"application-managequotations-display-component---AddNewContract--projectDescription-inner\")]"}
RESULT: {"using":"xpath","value":"//input[contains(@id ,\"application-managequotations-display-component---AddNewContract--projectDescription-inner\")]"}
COMMAND: POST /session/eacf8bccc3b349b538ac2f1863989237/element/f.11D6377D86A94FC2ADAA7D32FFC9D30E.d.0C32E41DCBAAE4F2704BCE7C1D384E97.e.13004/value - {"text":"WdIOQuotation08fsw"}
RESULT: {"text":"WdIOQuotation08fsw"}
COMMAND: GET /session/eacf8bccc3b349b538ac2f1863989237/screenshot - {}
RESULT: {}
COMMAND: POST /session/eacf8bccc3b349b538ac2f1863989237/element - {"using":"xpath","value":"//input[contains(@id ,\"application-managequotations-display-component---AddNewContract--yardId-inner\")]"}
RESULT: {"using":"xpath","value":"//input[contains(@id ,\"application-managequotations-display-component---AddNewContract--yardId-inner\")]"}
COMMAND: POST /session/eacf8bccc3b349b538ac2f1863989237/element/f.11D6377D86A94FC2ADAA7D32FFC9D30E.d.0C32E41DCBAAE4F2704BCE7C1D384E97.e.13007/value - {"text":"WebdriverYard1i0u3"}
RESULT: {"text":"WebdriverYard1i0u3"}
COMMAND: GET /session/eacf8bccc3b349b538ac2f1863989237/screenshot - {}
RESULT: {}
COMMAND: POST /session/eacf8bccc3b349b538ac2f1863989237/actions - {"actions":[{"id":"action87","type":"key","parameters":{},"actions":[{"type":"keyDown","value":""},{"type":"pause","duration":10},{"type":"keyUp","value":""}]}]}
RESULT: {"actions":[{"id":"action87","type":"key","parameters":{},"actions":[{"type":"keyDown","value":""},{"type":"pause","duration":10},{"type":"keyUp","value":""}]}]}
COMMAND: GET /session/eacf8bccc3b349b538ac2f1863989237/screenshot - {}
RESULT: {}
COMMAND: POST /session/eacf8bccc3b349b538ac2f1863989237/element - {"using":"xpath","value":"//input[contains(@id ,\"application-managequotations-display-component---AddNewContract--customerSelect-inner\")]"}
RESULT: {"using":"xpath","value":"//input[contains(@id ,\"application-managequotations-display-component---AddNewContract--customerSelect-inner\")]"}
COMMAND: POST /session/eacf8bccc3b349b538ac2f1863989237/element/f.11D6377D86A94FC2ADAA7D32FFC9D30E.d.0C32E41DCBAAE4F2704BCE7C1D384E97.e.13005/value - {"text":"WebdriverPartnerlnzir"}
RESULT: {"text":"WebdriverPartnerlnzir"}
COMMAND: GET /session/eacf8bccc3b349b538ac2f1863989237/screenshot - {}
RESULT: {}
COMMAND: POST /session/eacf8bccc3b349b538ac2f1863989237/actions - {"actions":[{"id":"action88","type":"key","parameters":{},"actions":[{"type":"keyDown","value":""},{"type":"pause","duration":10},{"type":"keyUp","value":""}]}]}
RESULT: {"actions":[{"id":"action88","type":"key","parameters":{},"actions":[{"type":"keyDown","value":""},{"type":"pause","duration":10},{"type":"keyUp","value":""}]}]}
COMMAND: GET /session/eacf8bccc3b349b538ac2f1863989237/screenshot - {}
RESULT: {}
COMMAND: POST /session/eacf8bccc3b349b538ac2f1863989237/element - {"using":"xpath","value":"//input[contains(@id ,\"application-managequotations-display-component---AddNewContract--site-inner\")]"}
RESULT: {"using":"xpath","value":"//input[contains(@id ,\"application-managequotations-display-component---AddNewContract--site-inner\")]"}
COMMAND: POST /session/eacf8bccc3b349b538ac2f1863989237/element/f.11D6377D86A94FC2ADAA7D32FFC9D30E.d.0C32E41DCBAAE4F2704BCE7C1D384E97.e.13006/value - {"text":"WebdriverSiteo1997"}
RESULT: {"text":"WebdriverSiteo1997"}
COMMAND: GET /session/eacf8bccc3b349b538ac2f1863989237/screenshot - {}
RESULT: {}
COMMAND: POST /session/eacf8bccc3b349b538ac2f1863989237/actions - {"actions":[{"id":"action89","type":"key","parameters":{},"actions":[{"type":"keyDown","value":""},{"type":"pause","duration":10},{"type":"keyUp","value":""}]}]}
RESULT: {"actions":[{"id":"action89","type":"key","parameters":{},"actions":[{"type":"keyDown","value":""},{"type":"pause","duration":10},{"type":"keyUp","value":""}]}]}
COMMAND: GET /session/eacf8bccc3b349b538ac2f1863989237/screenshot - {}
RESULT: {}
COMMAND: POST /session/eacf8bccc3b349b538ac2f1863989237/element - {"using":"xpath","value":"//bdi[contains(text(), \"Save\")]"}
RESULT: {"using":"xpath","value":"//bdi[contains(text(), \"Save\")]"}
COMMAND: POST /session/eacf8bccc3b349b538ac2f1863989237/element/f.11D6377D86A94FC2ADAA7D32FFC9D30E.d.0C32E41DCBAAE4F2704BCE7C1D384E97.e.13037/click - {}
RESULT: {}
COMMAND: GET /session/eacf8bccc3b349b538ac2f1863989237/screenshot - {}
RESULT: {}
COMMAND: POST /session/eacf8bccc3b349b538ac2f1863989237/element - {"using":"css selector","value":"#shell-header-logo"}
RESULT: {"using":"css selector","value":"#shell-header-logo"}
COMMAND: POST /session/eacf8bccc3b349b538ac2f1863989237/element/f.11D6377D86A94FC2ADAA7D32FFC9D30E.d.0C32E41DCBAAE4F2704BCE7C1D384E97.e.12695/click - {}
RESULT: {}
COMMAND: GET /session/eacf8bccc3b349b538ac2f1863989237/screenshot - {}
RESULT: {}
]]></system-out>
    </testcase>
    <testcase classname="chrome.135_0_7049_42.windows.Process_request_items_into_an_existing_quotation_US120163" name="Should create a new request with catalog items and plan it" time="199.235">
      <system-out><![CDATA[
COMMAND: POST /session/eacf8bccc3b349b538ac2f1863989237/element - {"using":"xpath","value":"//*[contains(@href, 'etm.portal.ui.managerequests')]"}
RESULT: {"using":"xpath","value":"//*[contains(@href, 'etm.portal.ui.managerequests')]"}
COMMAND: POST /session/eacf8bccc3b349b538ac2f1863989237/element/f.11D6377D86A94FC2ADAA7D32FFC9D30E.d.0C32E41DCBAAE4F2704BCE7C1D384E97.e.13110/click - {}
RESULT: {}
COMMAND: GET /session/eacf8bccc3b349b538ac2f1863989237/screenshot - {}
RESULT: {}
COMMAND: POST /session/eacf8bccc3b349b538ac2f1863989237/refresh - {}
RESULT: {}
COMMAND: GET /session/eacf8bccc3b349b538ac2f1863989237/screenshot - {}
RESULT: {}
COMMAND: POST /session/eacf8bccc3b349b538ac2f1863989237/execute/async - {"script":"<script> [189 bytes]","args":[]}
RESULT: {"script":"<script> [189 bytes]","args":[]}
COMMAND: POST /session/eacf8bccc3b349b538ac2f1863989237/execute/async - {"script":"<script> [123 bytes]","args":[]}
RESULT: {"script":"<script> [123 bytes]","args":[]}
COMMAND: POST /session/eacf8bccc3b349b538ac2f1863989237/timeouts - {"script":"<number>"}
RESULT: {"script":"<number>"}
COMMAND: GET /session/eacf8bccc3b349b538ac2f1863989237/timeouts - {}
RESULT: {}
RESULT: undefined
COMMAND: POST /session/eacf8bccc3b349b538ac2f1863989237/execute/async - {"script":"<script> [2676 bytes]","args":[]}
RESULT: {"script":"<script> [2676 bytes]","args":[]}
COMMAND: POST /session/eacf8bccc3b349b538ac2f1863989237/execute/async - {"script":"<script> [2342 bytes]","args":[{"protocol":"http","hostname":"0.0.0.0","path":"/","capabilities":{"browserName":"chrome","goog:chromeOptions":{"binary":"C:\\Program Files\\Google\\Chrome\\Application\\chrome.exe","args":["--start-maximized"]}},"logLevel":"warn","connectionRetryTimeout":120000,"connectionRetryCount":3,"logLevels":{},"enableDirectConnect":true,"strictSSL":true,"_":"65 more keys: [\"cacheDir\",\"port\",\"requestedCapabilities\",\"automationProtocol\",\"baseUrl\",\"waitforInterval\",\"waitforTimeout\",\"onReload\",\"beforeCommand\",\"afterCommand\",\"rootDir\",\"specs\",\"suites\",\"exclude\",\"groupLogsByTestSpec\",\"excludeDriverLogs\",\"bail\",\"framework\",\"reporters\",\"services\",\"maxInstances\",\"maxInstancesPerCapability\",\"injectGlobals\",\"filesToWatch\",\"execArgv\",\"runnerEnv\",\"runner\",\"shard\",\"specFileRetries\",\"specFileRetriesDelay\",\"specFileRetriesDeferred\",\"reporterSyncInterval\",\"reporterSyncTimeout\",\"cucumberFeaturesWithLineNumbers\",\"autoCompileOpts\",\"mochaOpts\",\"jasmineOpts\",\"cucumberOpts\",\"onPrepare\",\"onWorkerStart\",\"onWorkerEnd\",\"before\",\"beforeSession\",\"beforeSuite\",\"beforeHook\",\"beforeTest\",\"afterTest\",\"afterHook\",\"afterSuite\",\"afterSession\",\"after\",\"onComplete\",\"beforeAssertion\",\"afterAssertion\",\"beforeFeature\",\"beforeScenario\",\"beforeStep\",\"afterStep\",\"afterScenario\",\"afterFeature\",\"_\",\"suite\",\"$0\",\"ignoredWorkerServices\",\"wdi5\"]"}]}
RESULT: {"script":"<script> [2342 bytes]","args":[{"protocol":"http","hostname":"0.0.0.0","path":"/","capabilities":{"browserName":"chrome","goog:chromeOptions":{"binary":"C:\\Program Files\\Google\\Chrome\\Application\\chrome.exe","args":["--start-maximized"]}},"logLevel":"warn","connectionRetryTimeout":120000,"connectionRetryCount":3,"logLevels":{},"enableDirectConnect":true,"strictSSL":true,"_":"65 more keys: [\"cacheDir\",\"port\",\"requestedCapabilities\",\"automationProtocol\",\"baseUrl\",\"waitforInterval\",\"waitforTimeout\",\"onReload\",\"beforeCommand\",\"afterCommand\",\"rootDir\",\"specs\",\"suites\",\"exclude\",\"groupLogsByTestSpec\",\"excludeDriverLogs\",\"bail\",\"framework\",\"reporters\",\"services\",\"maxInstances\",\"maxInstancesPerCapability\",\"injectGlobals\",\"filesToWatch\",\"execArgv\",\"runnerEnv\",\"runner\",\"shard\",\"specFileRetries\",\"specFileRetriesDelay\",\"specFileRetriesDeferred\",\"reporterSyncInterval\",\"reporterSyncTimeout\",\"cucumberFeaturesWithLineNumbers\",\"autoCompileOpts\",\"mochaOpts\",\"jasmineOpts\",\"cucumberOpts\",\"onPrepare\",\"onWorkerStart\",\"onWorkerEnd\",\"before\",\"beforeSession\",\"beforeSuite\",\"beforeHook\",\"beforeTest\",\"afterTest\",\"afterHook\",\"afterSuite\",\"afterSession\",\"after\",\"onComplete\",\"beforeAssertion\",\"afterAssertion\",\"beforeFeature\",\"beforeScenario\",\"beforeStep\",\"afterStep\",\"afterScenario\",\"afterFeature\",\"_\",\"suite\",\"$0\",\"ignoredWorkerServices\",\"wdi5\"]"}]}
COMMAND: POST /session/eacf8bccc3b349b538ac2f1863989237/execute/async - {"script":"<script> [21126 bytes]","args":[35000]}
RESULT: {"script":"<script> [21126 bytes]","args":[35000]}
COMMAND: POST /session/eacf8bccc3b349b538ac2f1863989237/element - {"using":"xpath","value":"//button[contains(@data-kt ,\"btnCreateNewOverflowToolbarButton\")]"}
COMMAND: POST /session/eacf8bccc3b349b538ac2f1863989237/element - {"using":"xpath","value":"(//span[contains(@class ,\"sapMObjStatusText\")])[1]"}
RESULT: {"using":"xpath","value":"//button[contains(@data-kt ,\"btnCreateNewOverflowToolbarButton\")]"}
COMMAND: POST /session/eacf8bccc3b349b538ac2f1863989237/element/f.11D6377D86A94FC2ADAA7D32FFC9D30E.d.760FB7684FCD79416A0D798227DD7578.e.13289/click - {}
RESULT: {"using":"xpath","value":"(//span[contains(@class ,\"sapMObjStatusText\")])[1]"}
COMMAND: POST /session/eacf8bccc3b349b538ac2f1863989237/execute/sync - {"script":"<script> [8489 bytes]","args":[{"element-6066-11e4-a52e-4f735466cecf":"f.11D6377D86A94FC2ADAA7D32FFC9D30E.d.760FB7684FCD79416A0D798227DD7578.e.13325","ELEMENT":"f.11D6377D86A94FC2ADAA7D32FFC9D30E.d.760FB7684FCD79416A0D798227DD7578.e.13325"}]}
RESULT: {}
COMMAND: GET /session/eacf8bccc3b349b538ac2f1863989237/screenshot - {}
COMMAND: POST /session/eacf8bccc3b349b538ac2f1863989237/element - {"using":"xpath","value":"(//span[contains(@class ,\"sapMObjStatusText\")])[1]"}
RESULT: {}
RESULT: {"using":"xpath","value":"(//span[contains(@class ,\"sapMObjStatusText\")])[1]"}
COMMAND: POST /session/eacf8bccc3b349b538ac2f1863989237/execute/sync - {"script":"<script> [8489 bytes]","args":[{"element-6066-11e4-a52e-4f735466cecf":"f.11D6377D86A94FC2ADAA7D32FFC9D30E.d.760FB7684FCD79416A0D798227DD7578.e.13655","ELEMENT":"f.11D6377D86A94FC2ADAA7D32FFC9D30E.d.760FB7684FCD79416A0D798227DD7578.e.13655"}]}
RESULT: {"script":"<script> [8489 bytes]","args":[{"element-6066-11e4-a52e-4f735466cecf":"f.11D6377D86A94FC2ADAA7D32FFC9D30E.d.760FB7684FCD79416A0D798227DD7578.e.13655","ELEMENT":"f.11D6377D86A94FC2ADAA7D32FFC9D30E.d.760FB7684FCD79416A0D798227DD7578.e.13655"}]}
COMMAND: GET /session/eacf8bccc3b349b538ac2f1863989237/screenshot - {}
RESULT: {}
COMMAND: POST /session/eacf8bccc3b349b538ac2f1863989237/element - {"using":"xpath","value":"//input[contains(@id ,\"yardId-inner\")]"}
RESULT: {"using":"xpath","value":"//input[contains(@id ,\"yardId-inner\")]"}
COMMAND: GET /session/eacf8bccc3b349b538ac2f1863989237/element/f.11D6377D86A94FC2ADAA7D32FFC9D30E.d.760FB7684FCD79416A0D798227DD7578.e.13508/enabled - {}
RESULT: {}
COMMAND: POST /session/eacf8bccc3b349b538ac2f1863989237/element/f.11D6377D86A94FC2ADAA7D32FFC9D30E.d.760FB7684FCD79416A0D798227DD7578.e.13508/clear - {}
COMMAND: GET /session/eacf8bccc3b349b538ac2f1863989237/screenshot - {}
RESULT: {}
COMMAND: POST /session/eacf8bccc3b349b538ac2f1863989237/element/f.11D6377D86A94FC2ADAA7D32FFC9D30E.d.760FB7684FCD79416A0D798227DD7578.e.13508/value - {"text":"WebdriverYard1i0u3"}
COMMAND: GET /session/eacf8bccc3b349b538ac2f1863989237/screenshot - {}
RESULT: {}
RESULT: {"text":"WebdriverYard1i0u3"}
COMMAND: GET /session/eacf8bccc3b349b538ac2f1863989237/screenshot - {}
RESULT: {}
RESULT: {}
COMMAND: POST /session/eacf8bccc3b349b538ac2f1863989237/actions - {"actions":[{"id":"action90","type":"key","parameters":{},"actions":[{"type":"keyDown","value":""},{"type":"pause","duration":10},{"type":"keyUp","value":""}]}]}
RESULT: {"actions":[{"id":"action90","type":"key","parameters":{},"actions":[{"type":"keyDown","value":""},{"type":"pause","duration":10},{"type":"keyUp","value":""}]}]}
COMMAND: GET /session/eacf8bccc3b349b538ac2f1863989237/screenshot - {}
RESULT: {}
COMMAND: POST /session/eacf8bccc3b349b538ac2f1863989237/element - {"using":"xpath","value":"//input[contains(@id ,\"customerNumber-inner\")]"}
RESULT: {"using":"xpath","value":"//input[contains(@id ,\"customerNumber-inner\")]"}
COMMAND: POST /session/eacf8bccc3b349b538ac2f1863989237/element/f.11D6377D86A94FC2ADAA7D32FFC9D30E.d.760FB7684FCD79416A0D798227DD7578.e.13502/value - {"text":"WebdriverPartnerlnzir"}
RESULT: {"text":"WebdriverPartnerlnzir"}
COMMAND: GET /session/eacf8bccc3b349b538ac2f1863989237/screenshot - {}
RESULT: {}
COMMAND: POST /session/eacf8bccc3b349b538ac2f1863989237/actions - {"actions":[{"id":"action91","type":"key","parameters":{},"actions":[{"type":"keyDown","value":""},{"type":"pause","duration":10},{"type":"keyUp","value":""}]}]}
RESULT: {"actions":[{"id":"action91","type":"key","parameters":{},"actions":[{"type":"keyDown","value":""},{"type":"pause","duration":10},{"type":"keyUp","value":""}]}]}
COMMAND: GET /session/eacf8bccc3b349b538ac2f1863989237/screenshot - {}
RESULT: {}
COMMAND: POST /session/eacf8bccc3b349b538ac2f1863989237/element - {"using":"xpath","value":"//input[contains(@id ,\"requestSiteId-inner\")]"}
RESULT: {"using":"xpath","value":"//input[contains(@id ,\"requestSiteId-inner\")]"}
COMMAND: POST /session/eacf8bccc3b349b538ac2f1863989237/element/f.11D6377D86A94FC2ADAA7D32FFC9D30E.d.760FB7684FCD79416A0D798227DD7578.e.13501/value - {"text":"WebdriverSiteo1997"}
RESULT: {"text":"WebdriverSiteo1997"}
COMMAND: GET /session/eacf8bccc3b349b538ac2f1863989237/screenshot - {}
RESULT: {}
COMMAND: POST /session/eacf8bccc3b349b538ac2f1863989237/actions - {"actions":[{"id":"action92","type":"key","parameters":{},"actions":[{"type":"keyDown","value":""},{"type":"pause","duration":10},{"type":"keyUp","value":""}]}]}
RESULT: {"actions":[{"id":"action92","type":"key","parameters":{},"actions":[{"type":"keyDown","value":""},{"type":"pause","duration":10},{"type":"keyUp","value":""}]}]}
COMMAND: GET /session/eacf8bccc3b349b538ac2f1863989237/screenshot - {}
RESULT: {}
COMMAND: POST /session/eacf8bccc3b349b538ac2f1863989237/element - {"using":"xpath","value":"//bdi[contains(text(), \"Items\")]"}
RESULT: {"using":"xpath","value":"//bdi[contains(text(), \"Items\")]"}
COMMAND: POST /session/eacf8bccc3b349b538ac2f1863989237/element/f.11D6377D86A94FC2ADAA7D32FFC9D30E.d.760FB7684FCD79416A0D798227DD7578.e.13665/click - {}
RESULT: {}
COMMAND: GET /session/eacf8bccc3b349b538ac2f1863989237/screenshot - {}
RESULT: {}
COMMAND: POST /session/eacf8bccc3b349b538ac2f1863989237/element - {"using":"xpath","value":"//button[contains(@data-kt ,\"requestItemAddOverflowToolbarButton\")]"}
RESULT: {"using":"xpath","value":"//button[contains(@data-kt ,\"requestItemAddOverflowToolbarButton\")]"}
COMMAND: POST /session/eacf8bccc3b349b538ac2f1863989237/element/f.11D6377D86A94FC2ADAA7D32FFC9D30E.d.760FB7684FCD79416A0D798227DD7578.e.13480/click - {}
RESULT: {}
COMMAND: GET /session/eacf8bccc3b349b538ac2f1863989237/screenshot - {}
RESULT: {}
COMMAND: POST /session/eacf8bccc3b349b538ac2f1863989237/actions - {"actions":[{"id":"action93","type":"key","parameters":{},"actions":[{"type":"keyDown","value":""},{"type":"pause","duration":10},{"type":"keyUp","value":""}]}]}
RESULT: {"actions":[{"id":"action93","type":"key","parameters":{},"actions":[{"type":"keyDown","value":""},{"type":"pause","duration":10},{"type":"keyUp","value":""}]}]}
COMMAND: POST /session/eacf8bccc3b349b538ac2f1863989237/actions - {"actions":[{"id":"action94","type":"key","parameters":{},"actions":[{"type":"keyDown","value":""},{"type":"pause","duration":10},{"type":"keyUp","value":""}]}]}
COMMAND: GET /session/eacf8bccc3b349b538ac2f1863989237/screenshot - {}
RESULT: {"actions":[{"id":"action94","type":"key","parameters":{},"actions":[{"type":"keyDown","value":""},{"type":"pause","duration":10},{"type":"keyUp","value":""}]}]}
COMMAND: POST /session/eacf8bccc3b349b538ac2f1863989237/element - {"using":"xpath","value":"(//input[contains(@id ,\"requestItemsTable-0-inner\")])[1]"}
COMMAND: GET /session/eacf8bccc3b349b538ac2f1863989237/screenshot - {}
RESULT: {}
RESULT: {"using":"xpath","value":"(//input[contains(@id ,\"requestItemsTable-0-inner\")])[1]"}
COMMAND: POST /session/eacf8bccc3b349b538ac2f1863989237/element/f.11D6377D86A94FC2ADAA7D32FFC9D30E.d.760FB7684FCD79416A0D798227DD7578.e.13680/clear - {}
RESULT: {}
RESULT: {}
COMMAND: POST /session/eacf8bccc3b349b538ac2f1863989237/element/f.11D6377D86A94FC2ADAA7D32FFC9D30E.d.760FB7684FCD79416A0D798227DD7578.e.13680/value - {"text":"catalogItemr530d"}
COMMAND: GET /session/eacf8bccc3b349b538ac2f1863989237/screenshot - {}
RESULT: {"text":"catalogItemr530d"}
COMMAND: GET /session/eacf8bccc3b349b538ac2f1863989237/screenshot - {}
RESULT: {}
RESULT: {}
COMMAND: POST /session/eacf8bccc3b349b538ac2f1863989237/actions - {"actions":[{"id":"action95","type":"key","parameters":{},"actions":[{"type":"keyDown","value":""},{"type":"pause","duration":10},{"type":"keyUp","value":""}]}]}
RESULT: {"actions":[{"id":"action95","type":"key","parameters":{},"actions":[{"type":"keyDown","value":""},{"type":"pause","duration":10},{"type":"keyUp","value":""}]}]}
COMMAND: GET /session/eacf8bccc3b349b538ac2f1863989237/screenshot - {}
RESULT: {}
COMMAND: POST /session/eacf8bccc3b349b538ac2f1863989237/execute/async - {"script":"<script> [1562 bytes]","args":[{"selector":{"controlType":"sap.ui.core.Icon","viewName":"etm.portal.ui.managerequests.view.NewRequest","properties":{"src":{"regex":{"source":"slim\\-arrow\\-down"}}},"ancestor":{"controlType":"sap.m.Button","viewName":"etm.portal.ui.managerequests.view.NewRequest","properties":{"icon":"sap-icon://slim-arrow-down"}}},"wdio_ui5_key":"etmportal.ui.managerequests.view.NewRequestsap.ui.core.Icon{\"src\":{\"regex\":{\"source\":\"slim\\\\-arrow\\\\-down\"}}}{\"controlType\":\"sap.m.Button\",\"viewName\":\"etm.portal.ui.managerequests.view.NewRequest\",\"properties\":{\"icon\":\"sap-icon://slim-arrow-down\"}}"}]}
RESULT: {"script":"<script> [1562 bytes]","args":[{"selector":{"controlType":"sap.ui.core.Icon","viewName":"etm.portal.ui.managerequests.view.NewRequest","properties":{"src":{"regex":{"source":"slim\\-arrow\\-down"}}},"ancestor":{"controlType":"sap.m.Button","viewName":"etm.portal.ui.managerequests.view.NewRequest","properties":{"icon":"sap-icon://slim-arrow-down"}}},"wdio_ui5_key":"etmportal.ui.managerequests.view.NewRequestsap.ui.core.Icon{\"src\":{\"regex\":{\"source\":\"slim\\\\-arrow\\\\-down\"}}}{\"controlType\":\"sap.m.Button\",\"viewName\":\"etm.portal.ui.managerequests.view.NewRequest\",\"properties\":{\"icon\":\"sap-icon://slim-arrow-down\"}}"}]}
RESULT: undefined
COMMAND: POST /session/eacf8bccc3b349b538ac2f1863989237/element - {"using":"xpath","value":"//*[@id=\"__title4-expandBtn-img\"]"}
RESULT: {"using":"xpath","value":"//*[@id=\"__title4-expandBtn-img\"]"}
COMMAND: POST /session/eacf8bccc3b349b538ac2f1863989237/element/f.11D6377D86A94FC2ADAA7D32FFC9D30E.d.760FB7684FCD79416A0D798227DD7578.e.13693/click - {}
RESULT: {}
COMMAND: GET /session/eacf8bccc3b349b538ac2f1863989237/screenshot - {}
RESULT: {}
COMMAND: POST /session/eacf8bccc3b349b538ac2f1863989237/element - {"using":"xpath","value":"//div[contains(@data-kt ,\"splitAllocationObjectStatus\")]"}
RESULT: {"using":"xpath","value":"//div[contains(@data-kt ,\"splitAllocationObjectStatus\")]"}
COMMAND: POST /session/eacf8bccc3b349b538ac2f1863989237/elements - {"using":"xpath","value":"//div[contains(@data-kt ,\"splitAllocationObjectStatus\")]"}
RESULT: {"using":"xpath","value":"//div[contains(@data-kt ,\"splitAllocationObjectStatus\")]"}
COMMAND: POST /session/eacf8bccc3b349b538ac2f1863989237/execute/async - {"script":"<script> [1562 bytes]","args":[{"selector":{"controlType":"sap.ui.core.Icon","viewName":"etm.portal.ui.managerequests.view.NewRequest","properties":{"src":{"regex":{"source":"message\\-error"}}}},"wdio_ui5_key":"etmportal.ui.managerequests.view.NewRequestsap.ui.core.Icon{\"src\":{\"regex\":{\"source\":\"message\\\\-error\"}}}"}]}
RESULT: {"script":"<script> [1562 bytes]","args":[{"selector":{"controlType":"sap.ui.core.Icon","viewName":"etm.portal.ui.managerequests.view.NewRequest","properties":{"src":{"regex":{"source":"message\\-error"}}}},"wdio_ui5_key":"etmportal.ui.managerequests.view.NewRequestsap.ui.core.Icon{\"src\":{\"regex\":{\"source\":\"message\\\\-error\"}}}"}]}
RESULT: undefined
COMMAND: POST /session/eacf8bccc3b349b538ac2f1863989237/element - {"using":"xpath","value":"//*[@id=\"__status4-__xmlview1--requestItemsTable-0-icon\"]"}
RESULT: {"using":"xpath","value":"//*[@id=\"__status4-__xmlview1--requestItemsTable-0-icon\"]"}
COMMAND: POST /session/eacf8bccc3b349b538ac2f1863989237/element/f.11D6377D86A94FC2ADAA7D32FFC9D30E.d.760FB7684FCD79416A0D798227DD7578.e.13699/click - {}
RESULT: {}
COMMAND: POST /session/eacf8bccc3b349b538ac2f1863989237/execute/async - {"script":"<script> [1562 bytes]","args":[{"selector":{"controlType":"sap.ui.core.Icon","viewName":"etm.portal.ui.managerequests.view.NewRequest","properties":{"src":{"regex":{"source":"slim\\-arrow\\-down"}}},"searchOpenDialogs":true,"ancestor":{"id":"costObjectAdminTypeComboBox","viewName":"etm.portal.ui.managerequests.view.NewRequest","searchOpenDialogs":true}},"wdio_ui5_key":"etmportal.ui.managerequests.view.NewRequestsap.ui.core.Icon{\"src\":{\"regex\":{\"source\":\"slim\\\\-arrow\\\\-down\"}}}{\"id\":\"costObjectAdminTypeComboBox\",\"viewName\":\"etm.portal.ui.managerequests.view.NewRequest\",\"searchOpenDialogs\":true}"}]}
COMMAND: GET /session/eacf8bccc3b349b538ac2f1863989237/screenshot - {}
RESULT: {"script":"<script> [1562 bytes]","args":[{"selector":{"controlType":"sap.ui.core.Icon","viewName":"etm.portal.ui.managerequests.view.NewRequest","properties":{"src":{"regex":{"source":"slim\\-arrow\\-down"}}},"searchOpenDialogs":true,"ancestor":{"id":"costObjectAdminTypeComboBox","viewName":"etm.portal.ui.managerequests.view.NewRequest","searchOpenDialogs":true}},"wdio_ui5_key":"etmportal.ui.managerequests.view.NewRequestsap.ui.core.Icon{\"src\":{\"regex\":{\"source\":\"slim\\\\-arrow\\\\-down\"}}}{\"id\":\"costObjectAdminTypeComboBox\",\"viewName\":\"etm.portal.ui.managerequests.view.NewRequest\",\"searchOpenDialogs\":true}"}]}
RESULT: undefined
COMMAND: POST /session/eacf8bccc3b349b538ac2f1863989237/element - {"using":"xpath","value":"//*[@id=\"__xmlview1--costObjectAdminTypeComboBox-arrow\"]"}
RESULT: {}
RESULT: {"using":"xpath","value":"//*[@id=\"__xmlview1--costObjectAdminTypeComboBox-arrow\"]"}
COMMAND: POST /session/eacf8bccc3b349b538ac2f1863989237/element/f.11D6377D86A94FC2ADAA7D32FFC9D30E.d.760FB7684FCD79416A0D798227DD7578.e.13703/click - {}
RESULT: {}
COMMAND: POST /session/eacf8bccc3b349b538ac2f1863989237/execute/async - {"script":"<script> [1562 bytes]","args":[{"selector":{"controlType":"sap.m.StandardListItem","viewName":"etm.portal.ui.managerequests.view.NewRequest","properties":{"title":"Cost Center"},"searchOpenDialogs":true,"interaction":{"idSuffix":"titleText"}},"wdio_ui5_key":"etmportal.ui.managerequests.view.NewRequestsap.m.StandardListItem{\"title\":\"Cost Center\"}"}]}
COMMAND: GET /session/eacf8bccc3b349b538ac2f1863989237/screenshot - {}
RESULT: {"script":"<script> [1562 bytes]","args":[{"selector":{"controlType":"sap.m.StandardListItem","viewName":"etm.portal.ui.managerequests.view.NewRequest","properties":{"title":"Cost Center"},"searchOpenDialogs":true,"interaction":{"idSuffix":"titleText"}},"wdio_ui5_key":"etmportal.ui.managerequests.view.NewRequestsap.m.StandardListItem{\"title\":\"Cost Center\"}"}]}
RESULT: undefined
COMMAND: POST /session/eacf8bccc3b349b538ac2f1863989237/element - {"using":"xpath","value":"//*[@id=\"__item719\"]"}
RESULT: {}
RESULT: {"using":"xpath","value":"//*[@id=\"__item719\"]"}
COMMAND: POST /session/eacf8bccc3b349b538ac2f1863989237/element/f.11D6377D86A94FC2ADAA7D32FFC9D30E.d.760FB7684FCD79416A0D798227DD7578.e.13706/click - {}
RESULT: {}
COMMAND: POST /session/eacf8bccc3b349b538ac2f1863989237/execute/async - {"script":"<script> [1562 bytes]","args":[{"selector":{"controlType":"sap.ui.core.Icon","viewName":"etm.portal.ui.managerequests.view.NewRequest","properties":{"src":{"regex":{"source":"value\\-help"}}},"searchOpenDialogs":true},"wdio_ui5_key":"etmportal.ui.managerequests.view.NewRequestsap.ui.core.Icon{\"src\":{\"regex\":{\"source\":\"value\\\\-help\"}}}"}]}
COMMAND: GET /session/eacf8bccc3b349b538ac2f1863989237/screenshot - {}
RESULT: {"script":"<script> [1562 bytes]","args":[{"selector":{"controlType":"sap.ui.core.Icon","viewName":"etm.portal.ui.managerequests.view.NewRequest","properties":{"src":{"regex":{"source":"value\\-help"}}},"searchOpenDialogs":true},"wdio_ui5_key":"etmportal.ui.managerequests.view.NewRequestsap.ui.core.Icon{\"src\":{\"regex\":{\"source\":\"value\\\\-help\"}}}"}]}
RESULT: undefined
COMMAND: POST /session/eacf8bccc3b349b538ac2f1863989237/element - {"using":"xpath","value":"//*[@id=\"__xmlview1--costObjectIdComboBox-vhi\"]"}
RESULT: {}
RESULT: {"using":"xpath","value":"//*[@id=\"__xmlview1--costObjectIdComboBox-vhi\"]"}
COMMAND: POST /session/eacf8bccc3b349b538ac2f1863989237/element/f.11D6377D86A94FC2ADAA7D32FFC9D30E.d.760FB7684FCD79416A0D798227DD7578.e.13709/click - {}
RESULT: {}
COMMAND: POST /session/eacf8bccc3b349b538ac2f1863989237/execute/async - {"script":"<script> [1562 bytes]","args":[{"selector":{"controlType":"sap.m.SearchField","properties":{"placeholder":"Search"},"searchOpenDialogs":true,"interaction":{"idSuffix":"I"}},"wdio_ui5_key":"sapm.SearchField{\"placeholder\":\"Search\"}"}]}
COMMAND: GET /session/eacf8bccc3b349b538ac2f1863989237/screenshot - {}
RESULT: {"script":"<script> [1562 bytes]","args":[{"selector":{"controlType":"sap.m.SearchField","properties":{"placeholder":"Search"},"searchOpenDialogs":true,"interaction":{"idSuffix":"I"}},"wdio_ui5_key":"sapm.SearchField{\"placeholder\":\"Search\"}"}]}
RESULT: undefined
COMMAND: POST /session/eacf8bccc3b349b538ac2f1863989237/execute/async - {"script":"<script> [776 bytes]","args":[{"enterText":"10001010","selector":{"controlType":"sap.m.SearchField","properties":{"placeholder":"Search"},"searchOpenDialogs":true,"interaction":{"idSuffix":"I"}},"clearTextFirst":true,"interactionType":"ENTER_TEXT"}]}
RESULT: {}
RESULT: {"script":"<script> [776 bytes]","args":[{"enterText":"10001010","selector":{"controlType":"sap.m.SearchField","properties":{"placeholder":"Search"},"searchOpenDialogs":true,"interaction":{"idSuffix":"I"}},"clearTextFirst":true,"interactionType":"ENTER_TEXT"}]}
COMMAND: POST /session/eacf8bccc3b349b538ac2f1863989237/actions - {"actions":[{"id":"action96","type":"key","parameters":{},"actions":[{"type":"keyDown","value":""},{"type":"pause","duration":10},{"type":"keyUp","value":""}]}]}
RESULT: {"actions":[{"id":"action96","type":"key","parameters":{},"actions":[{"type":"keyDown","value":""},{"type":"pause","duration":10},{"type":"keyUp","value":""}]}]}
COMMAND: GET /session/eacf8bccc3b349b538ac2f1863989237/screenshot - {}
RESULT: {}
COMMAND: POST /session/eacf8bccc3b349b538ac2f1863989237/execute/async - {"script":"<script> [1562 bytes]","args":[{"selector":{"controlType":"sap.m.Text","bindingPath":{"path":"/C_CostCtrValueHelp(CostCenter='10001010',ControllingArea='Z001')","propertyPath":"CostCenterName","modelName":"CostCenterModel"},"searchOpenDialogs":true},"wdio_ui5_key":"sapm.Text{\"path\":\"/C_CostCtrValueHelp(CostCenter='10001010',ControllingArea='Z001')\",\"propertyPath\":\"CostCenterName\",\"modelName\":\"CostCenterModel\"}"}]}
RESULT: {"script":"<script> [1562 bytes]","args":[{"selector":{"controlType":"sap.m.Text","bindingPath":{"path":"/C_CostCtrValueHelp(CostCenter='10001010',ControllingArea='Z001')","propertyPath":"CostCenterName","modelName":"CostCenterModel"},"searchOpenDialogs":true},"wdio_ui5_key":"sapm.Text{\"path\":\"/C_CostCtrValueHelp(CostCenter='10001010',ControllingArea='Z001')\",\"propertyPath\":\"CostCenterName\",\"modelName\":\"CostCenterModel\"}"}]}
RESULT: undefined
COMMAND: POST /session/eacf8bccc3b349b538ac2f1863989237/element - {"using":"xpath","value":"//*[@id=\"__text265-__clone849\"]"}
RESULT: {"using":"xpath","value":"//*[@id=\"__text265-__clone849\"]"}
COMMAND: POST /session/eacf8bccc3b349b538ac2f1863989237/element/f.11D6377D86A94FC2ADAA7D32FFC9D30E.d.760FB7684FCD79416A0D798227DD7578.e.13749/click - {}
RESULT: {}
COMMAND: POST /session/eacf8bccc3b349b538ac2f1863989237/execute/async - {"script":"<script> [1562 bytes]","args":[{"selector":{"controlType":"sap.m.Button","properties":{"text":"OK"},"searchOpenDialogs":true,"interaction":{"idSuffix":"BDI-content"}},"wdio_ui5_key":"sapm.Button{\"text\":\"OK\"}"}]}
COMMAND: GET /session/eacf8bccc3b349b538ac2f1863989237/screenshot - {}
RESULT: {"script":"<script> [1562 bytes]","args":[{"selector":{"controlType":"sap.m.Button","properties":{"text":"OK"},"searchOpenDialogs":true,"interaction":{"idSuffix":"BDI-content"}},"wdio_ui5_key":"sapm.Button{\"text\":\"OK\"}"}]}
RESULT: undefined
COMMAND: POST /session/eacf8bccc3b349b538ac2f1863989237/element - {"using":"xpath","value":"//*[@id=\"__dialog1-ok\"]"}
RESULT: {}
RESULT: {"using":"xpath","value":"//*[@id=\"__dialog1-ok\"]"}
COMMAND: POST /session/eacf8bccc3b349b538ac2f1863989237/element/f.11D6377D86A94FC2ADAA7D32FFC9D30E.d.760FB7684FCD79416A0D798227DD7578.e.13751/click - {}
RESULT: {}
COMMAND: GET /session/eacf8bccc3b349b538ac2f1863989237/screenshot - {}
RESULT: {}
COMMAND: POST /session/eacf8bccc3b349b538ac2f1863989237/execute/async - {"script":"<script> [1562 bytes]","args":[{"selector":{"controlType":"sap.m.Button","viewName":"etm.portal.ui.managerequests.view.NewRequest","i18NText":{"propertyName":"text","key":"save"},"searchOpenDialogs":true,"interaction":{"idSuffix":"BDI-content"}},"wdio_ui5_key":"etmportal.ui.managerequests.view.NewRequestsap.m.Button{\"propertyName\":\"text\",\"key\":\"save\"}"}]}
RESULT: {"script":"<script> [1562 bytes]","args":[{"selector":{"controlType":"sap.m.Button","viewName":"etm.portal.ui.managerequests.view.NewRequest","i18NText":{"propertyName":"text","key":"save"},"searchOpenDialogs":true,"interaction":{"idSuffix":"BDI-content"}},"wdio_ui5_key":"etmportal.ui.managerequests.view.NewRequestsap.m.Button{\"propertyName\":\"text\",\"key\":\"save\"}"}]}
RESULT: undefined
COMMAND: POST /session/eacf8bccc3b349b538ac2f1863989237/element - {"using":"xpath","value":"//*[@id=\"__button22\"]"}
RESULT: {"using":"xpath","value":"//*[@id=\"__button22\"]"}
COMMAND: POST /session/eacf8bccc3b349b538ac2f1863989237/element/f.11D6377D86A94FC2ADAA7D32FFC9D30E.d.760FB7684FCD79416A0D798227DD7578.e.13755/click - {}
RESULT: {}
COMMAND: GET /session/eacf8bccc3b349b538ac2f1863989237/screenshot - {}
RESULT: {}
COMMAND: POST /session/eacf8bccc3b349b538ac2f1863989237/element - {"using":"xpath","value":"(//bdi[contains(text() ,\"Save\")])[1]"}
RESULT: {"using":"xpath","value":"(//bdi[contains(text() ,\"Save\")])[1]"}
COMMAND: POST /session/eacf8bccc3b349b538ac2f1863989237/element/f.11D6377D86A94FC2ADAA7D32FFC9D30E.d.760FB7684FCD79416A0D798227DD7578.e.13757/click - {}
RESULT: {}
COMMAND: GET /session/eacf8bccc3b349b538ac2f1863989237/screenshot - {}
RESULT: {}
COMMAND: POST /session/eacf8bccc3b349b538ac2f1863989237/execute/async - {"script":"<script> [1562 bytes]","args":[{"selector":{"controlType":"sap.m.Title","properties":{"text":"Success"},"searchOpenDialogs":true},"wdio_ui5_key":"sapm.Title{\"text\":\"Success\"}"}]}
RESULT: {"script":"<script> [1562 bytes]","args":[{"selector":{"controlType":"sap.m.Title","properties":{"text":"Success"},"searchOpenDialogs":true},"wdio_ui5_key":"sapm.Title{\"text\":\"Success\"}"}]}
RESULT: undefined
COMMAND: POST /session/eacf8bccc3b349b538ac2f1863989237/execute/async - {"script":"<script> [6424 bytes]","args":[{"element-6066-11e4-a52e-4f735466cecf":"f.11D6377D86A94FC2ADAA7D32FFC9D30E.d.760FB7684FCD79416A0D798227DD7578.e.13760"},"getText",[]]}
RESULT: {"script":"<script> [6424 bytes]","args":[{"element-6066-11e4-a52e-4f735466cecf":"f.11D6377D86A94FC2ADAA7D32FFC9D30E.d.760FB7684FCD79416A0D798227DD7578.e.13760"},"getText",[]]}
COMMAND: POST /session/eacf8bccc3b349b538ac2f1863989237/execute/async - {"script":"<script> [1562 bytes]","args":[{"selector":{"controlType":"sap.m.Button","properties":{"text":"Close"},"searchOpenDialogs":true,"interaction":{"idSuffix":"BDI-content"}},"wdio_ui5_key":"sapm.Button{\"text\":\"Close\"}"}]}
RESULT: {"script":"<script> [1562 bytes]","args":[{"selector":{"controlType":"sap.m.Button","properties":{"text":"Close"},"searchOpenDialogs":true,"interaction":{"idSuffix":"BDI-content"}},"wdio_ui5_key":"sapm.Button{\"text\":\"Close\"}"}]}
RESULT: undefined
COMMAND: POST /session/eacf8bccc3b349b538ac2f1863989237/element - {"using":"xpath","value":"//*[@id=\"__mbox-btn-0\"]"}
RESULT: {"using":"xpath","value":"//*[@id=\"__mbox-btn-0\"]"}
COMMAND: POST /session/eacf8bccc3b349b538ac2f1863989237/element/f.11D6377D86A94FC2ADAA7D32FFC9D30E.d.760FB7684FCD79416A0D798227DD7578.e.13759/click - {}
RESULT: {}
COMMAND: GET /session/eacf8bccc3b349b538ac2f1863989237/screenshot - {}
RESULT: {}
COMMAND: POST /session/eacf8bccc3b349b538ac2f1863989237/execute/async - {"script":"<script> [1562 bytes]","args":[{"selector":{"controlType":"sap.m.Text","viewName":"etm.portal.ui.managerequests.view.Detail","bindingPath":{"propertyPath":"NO","modelName":"catalogModel"}},"wdio_ui5_key":"etmportal.ui.managerequests.view.Detailsap.m.Text{\"propertyPath\":\"NO\",\"modelName\":\"catalogModel\"}"}]}
RESULT: {"script":"<script> [1562 bytes]","args":[{"selector":{"controlType":"sap.m.Text","viewName":"etm.portal.ui.managerequests.view.Detail","bindingPath":{"propertyPath":"NO","modelName":"catalogModel"}},"wdio_ui5_key":"etmportal.ui.managerequests.view.Detailsap.m.Text{\"propertyPath\":\"NO\",\"modelName\":\"catalogModel\"}"}]}
RESULT: undefined
COMMAND: POST /session/eacf8bccc3b349b538ac2f1863989237/execute/async - {"script":"<script> [6424 bytes]","args":[{"element-6066-11e4-a52e-4f735466cecf":"f.11D6377D86A94FC2ADAA7D32FFC9D30E.d.760FB7684FCD79416A0D798227DD7578.e.13885"},"getText",[]]}
RESULT: {"script":"<script> [6424 bytes]","args":[{"element-6066-11e4-a52e-4f735466cecf":"f.11D6377D86A94FC2ADAA7D32FFC9D30E.d.760FB7684FCD79416A0D798227DD7578.e.13885"},"getText",[]]}
COMMAND: POST /session/eacf8bccc3b349b538ac2f1863989237/execute/async - {"script":"<script> [1562 bytes]","args":[{"selector":{"controlType":"sap.ui.core.Icon","viewName":"etm.portal.ui.managerequests.view.Detail","properties":{"src":{"regex":{"source":"date\\-time"}}},"ancestor":{"controlType":"sap.m.ColumnListItem","viewName":"etm.portal.ui.managerequests.view.Detail","bindingPath":{"path":"/SmartRequestItemsPlanningBoard(ITEM=10m,REQUEST='20243')"},"ancestor":{"id":"requestItemsTable","viewName":"etm.portal.ui.managerequests.view.Detail"}}},"wdio_ui5_key":"etmportal.ui.managerequests.view.Detailsap.ui.core.Icon{\"src\":{\"regex\":{\"source\":\"date\\\\-time\"}}}{\"controlType\":\"sap.m.ColumnListItem\",\"viewName\":\"etm.portal.ui.managerequests.view.Detail\",\"bindingPath\":{\"path\":\"/SmartRequestItemsPlanningBoard(ITEM=10m,REQUEST='20243')\"},\"ancestor\":{\"id\":\"requestItemsTable\",\"viewName\":\"etm.portal.ui.managerequests.view.Detail\"}}"}]}
RESULT: {"script":"<script> [1562 bytes]","args":[{"selector":{"controlType":"sap.ui.core.Icon","viewName":"etm.portal.ui.managerequests.view.Detail","properties":{"src":{"regex":{"source":"date\\-time"}}},"ancestor":{"controlType":"sap.m.ColumnListItem","viewName":"etm.portal.ui.managerequests.view.Detail","bindingPath":{"path":"/SmartRequestItemsPlanningBoard(ITEM=10m,REQUEST='20243')"},"ancestor":{"id":"requestItemsTable","viewName":"etm.portal.ui.managerequests.view.Detail"}}},"wdio_ui5_key":"etmportal.ui.managerequests.view.Detailsap.ui.core.Icon{\"src\":{\"regex\":{\"source\":\"date\\\\-time\"}}}{\"controlType\":\"sap.m.ColumnListItem\",\"viewName\":\"etm.portal.ui.managerequests.view.Detail\",\"bindingPath\":{\"path\":\"/SmartRequestItemsPlanningBoard(ITEM=10m,REQUEST='20243')\"},\"ancestor\":{\"id\":\"requestItemsTable\",\"viewName\":\"etm.portal.ui.managerequests.view.Detail\"}}"}]}
RESULT: undefined
COMMAND: POST /session/eacf8bccc3b349b538ac2f1863989237/element - {"using":"xpath","value":"//*[@id=\"__button37-__clone888-img\"]"}
RESULT: {"using":"xpath","value":"//*[@id=\"__button37-__clone888-img\"]"}
COMMAND: POST /session/eacf8bccc3b349b538ac2f1863989237/element/f.11D6377D86A94FC2ADAA7D32FFC9D30E.d.760FB7684FCD79416A0D798227DD7578.e.13886/click - {}
RESULT: {}
COMMAND: POST /session/eacf8bccc3b349b538ac2f1863989237/execute/async - {"script":"<script> [1562 bytes]","args":[{"selector":{"controlType":"sap.m.Button","viewName":"etm.portal.ui.managerequests.view.Detail","properties":{"text":"Close"},"searchOpenDialogs":true,"interaction":{"idSuffix":"BDI-content"}},"wdio_ui5_key":"etmportal.ui.managerequests.view.Detailsap.m.Button{\"text\":\"Close\"}"}]}
COMMAND: GET /session/eacf8bccc3b349b538ac2f1863989237/screenshot - {}
RESULT: {"script":"<script> [1562 bytes]","args":[{"selector":{"controlType":"sap.m.Button","viewName":"etm.portal.ui.managerequests.view.Detail","properties":{"text":"Close"},"searchOpenDialogs":true,"interaction":{"idSuffix":"BDI-content"}},"wdio_ui5_key":"etmportal.ui.managerequests.view.Detailsap.m.Button{\"text\":\"Close\"}"}]}
RESULT: undefined
COMMAND: POST /session/eacf8bccc3b349b538ac2f1863989237/element - {"using":"xpath","value":"//*[@id=\"__button47\"]"}
RESULT: {}
RESULT: {"using":"xpath","value":"//*[@id=\"__button47\"]"}
COMMAND: POST /session/eacf8bccc3b349b538ac2f1863989237/element/f.11D6377D86A94FC2ADAA7D32FFC9D30E.d.760FB7684FCD79416A0D798227DD7578.e.13889/click - {}
RESULT: {}
COMMAND: GET /session/eacf8bccc3b349b538ac2f1863989237/screenshot - {}
RESULT: {}
COMMAND: POST /session/eacf8bccc3b349b538ac2f1863989237/refresh - {}
RESULT: {}
COMMAND: GET /session/eacf8bccc3b349b538ac2f1863989237/screenshot - {}
RESULT: {}
COMMAND: POST /session/eacf8bccc3b349b538ac2f1863989237/execute/async - {"script":"<script> [189 bytes]","args":[]}
RESULT: {"script":"<script> [189 bytes]","args":[]}
COMMAND: POST /session/eacf8bccc3b349b538ac2f1863989237/execute/async - {"script":"<script> [123 bytes]","args":[]}
RESULT: {"script":"<script> [123 bytes]","args":[]}
COMMAND: POST /session/eacf8bccc3b349b538ac2f1863989237/timeouts - {"script":"<number>"}
RESULT: {"script":"<number>"}
COMMAND: GET /session/eacf8bccc3b349b538ac2f1863989237/timeouts - {}
RESULT: {}
RESULT: undefined
COMMAND: POST /session/eacf8bccc3b349b538ac2f1863989237/execute/async - {"script":"<script> [2676 bytes]","args":[]}
RESULT: {"script":"<script> [2676 bytes]","args":[]}
COMMAND: POST /session/eacf8bccc3b349b538ac2f1863989237/execute/async - {"script":"<script> [2342 bytes]","args":[{"protocol":"http","hostname":"0.0.0.0","path":"/","capabilities":{"browserName":"chrome","goog:chromeOptions":{"binary":"C:\\Program Files\\Google\\Chrome\\Application\\chrome.exe","args":["--start-maximized"]}},"logLevel":"warn","connectionRetryTimeout":120000,"connectionRetryCount":3,"logLevels":{},"enableDirectConnect":true,"strictSSL":true,"_":"65 more keys: [\"cacheDir\",\"port\",\"requestedCapabilities\",\"automationProtocol\",\"baseUrl\",\"waitforInterval\",\"waitforTimeout\",\"onReload\",\"beforeCommand\",\"afterCommand\",\"rootDir\",\"specs\",\"suites\",\"exclude\",\"groupLogsByTestSpec\",\"excludeDriverLogs\",\"bail\",\"framework\",\"reporters\",\"services\",\"maxInstances\",\"maxInstancesPerCapability\",\"injectGlobals\",\"filesToWatch\",\"execArgv\",\"runnerEnv\",\"runner\",\"shard\",\"specFileRetries\",\"specFileRetriesDelay\",\"specFileRetriesDeferred\",\"reporterSyncInterval\",\"reporterSyncTimeout\",\"cucumberFeaturesWithLineNumbers\",\"autoCompileOpts\",\"mochaOpts\",\"jasmineOpts\",\"cucumberOpts\",\"onPrepare\",\"onWorkerStart\",\"onWorkerEnd\",\"before\",\"beforeSession\",\"beforeSuite\",\"beforeHook\",\"beforeTest\",\"afterTest\",\"afterHook\",\"afterSuite\",\"afterSession\",\"after\",\"onComplete\",\"beforeAssertion\",\"afterAssertion\",\"beforeFeature\",\"beforeScenario\",\"beforeStep\",\"afterStep\",\"afterScenario\",\"afterFeature\",\"_\",\"suite\",\"$0\",\"ignoredWorkerServices\",\"wdi5\"]"}]}
RESULT: {"script":"<script> [2342 bytes]","args":[{"protocol":"http","hostname":"0.0.0.0","path":"/","capabilities":{"browserName":"chrome","goog:chromeOptions":{"binary":"C:\\Program Files\\Google\\Chrome\\Application\\chrome.exe","args":["--start-maximized"]}},"logLevel":"warn","connectionRetryTimeout":120000,"connectionRetryCount":3,"logLevels":{},"enableDirectConnect":true,"strictSSL":true,"_":"65 more keys: [\"cacheDir\",\"port\",\"requestedCapabilities\",\"automationProtocol\",\"baseUrl\",\"waitforInterval\",\"waitforTimeout\",\"onReload\",\"beforeCommand\",\"afterCommand\",\"rootDir\",\"specs\",\"suites\",\"exclude\",\"groupLogsByTestSpec\",\"excludeDriverLogs\",\"bail\",\"framework\",\"reporters\",\"services\",\"maxInstances\",\"maxInstancesPerCapability\",\"injectGlobals\",\"filesToWatch\",\"execArgv\",\"runnerEnv\",\"runner\",\"shard\",\"specFileRetries\",\"specFileRetriesDelay\",\"specFileRetriesDeferred\",\"reporterSyncInterval\",\"reporterSyncTimeout\",\"cucumberFeaturesWithLineNumbers\",\"autoCompileOpts\",\"mochaOpts\",\"jasmineOpts\",\"cucumberOpts\",\"onPrepare\",\"onWorkerStart\",\"onWorkerEnd\",\"before\",\"beforeSession\",\"beforeSuite\",\"beforeHook\",\"beforeTest\",\"afterTest\",\"afterHook\",\"afterSuite\",\"afterSession\",\"after\",\"onComplete\",\"beforeAssertion\",\"afterAssertion\",\"beforeFeature\",\"beforeScenario\",\"beforeStep\",\"afterStep\",\"afterScenario\",\"afterFeature\",\"_\",\"suite\",\"$0\",\"ignoredWorkerServices\",\"wdi5\"]"}]}
COMMAND: POST /session/eacf8bccc3b349b538ac2f1863989237/execute/async - {"script":"<script> [21126 bytes]","args":[35000]}
RESULT: {"script":"<script> [21126 bytes]","args":[35000]}
]]></system-out>
    </testcase>
    <testcase classname="chrome.135_0_7049_42.windows.Process_request_items_into_an_existing_quotation_US120163" name="Should process the request into an existing quotation" time="67.225">
      <system-out><![CDATA[
COMMAND: GET /session/eacf8bccc3b349b538ac2f1863989237/window - {}
RESULT: {}
COMMAND: POST /session/eacf8bccc3b349b538ac2f1863989237/element - {"using":"xpath","value":"//span[contains(@id ,\"detailHeaderTitle-_actionsToolbar-overflowButton-img\")]"}
RESULT: {"using":"xpath","value":"//span[contains(@id ,\"detailHeaderTitle-_actionsToolbar-overflowButton-img\")]"}
COMMAND: POST /session/eacf8bccc3b349b538ac2f1863989237/element/f.11D6377D86A94FC2ADAA7D32FFC9D30E.d.96BEF0AADEF7E92DC3FD817D7BBC80F8.e.14111/click - {}
RESULT: {}
COMMAND: GET /session/eacf8bccc3b349b538ac2f1863989237/screenshot - {}
RESULT: {}
COMMAND: POST /session/eacf8bccc3b349b538ac2f1863989237/element - {"using":"xpath","value":"//span[contains(@id ,\"actionsMenuButton-internalSplitBtn-arrowButton-img\")]"}
RESULT: {"using":"xpath","value":"//span[contains(@id ,\"actionsMenuButton-internalSplitBtn-arrowButton-img\")]"}
COMMAND: POST /session/eacf8bccc3b349b538ac2f1863989237/element/f.11D6377D86A94FC2ADAA7D32FFC9D30E.d.96BEF0AADEF7E92DC3FD817D7BBC80F8.e.14114/click - {}
RESULT: {}
COMMAND: GET /session/eacf8bccc3b349b538ac2f1863989237/screenshot - {}
RESULT: {}
COMMAND: POST /session/eacf8bccc3b349b538ac2f1863989237/actions - {"actions":[{"id":"action97","type":"key","parameters":{},"actions":[{"type":"keyDown","value":""},{"type":"pause","duration":10},{"type":"keyUp","value":""}]}]}
RESULT: {"actions":[{"id":"action97","type":"key","parameters":{},"actions":[{"type":"keyDown","value":""},{"type":"pause","duration":10},{"type":"keyUp","value":""}]}]}
COMMAND: GET /session/eacf8bccc3b349b538ac2f1863989237/screenshot - {}
RESULT: {}
COMMAND: POST /session/eacf8bccc3b349b538ac2f1863989237/actions - {"actions":[{"id":"action98","type":"key","parameters":{},"actions":[{"type":"keyDown","value":""},{"type":"pause","duration":10},{"type":"keyUp","value":""}]}]}
RESULT: {"actions":[{"id":"action98","type":"key","parameters":{},"actions":[{"type":"keyDown","value":""},{"type":"pause","duration":10},{"type":"keyUp","value":""}]}]}
COMMAND: GET /session/eacf8bccc3b349b538ac2f1863989237/screenshot - {}
RESULT: {}
COMMAND: POST /session/eacf8bccc3b349b538ac2f1863989237/actions - {"actions":[{"id":"action99","type":"key","parameters":{},"actions":[{"type":"keyDown","value":""},{"type":"pause","duration":10},{"type":"keyUp","value":""}]}]}
RESULT: {"actions":[{"id":"action99","type":"key","parameters":{},"actions":[{"type":"keyDown","value":""},{"type":"pause","duration":10},{"type":"keyUp","value":""}]}]}
COMMAND: GET /session/eacf8bccc3b349b538ac2f1863989237/screenshot - {}
RESULT: {}
COMMAND: POST /session/eacf8bccc3b349b538ac2f1863989237/actions - {"actions":[{"id":"action100","type":"key","parameters":{},"actions":[{"type":"keyDown","value":""},{"type":"pause","duration":10},{"type":"keyUp","value":""}]}]}
RESULT: {"actions":[{"id":"action100","type":"key","parameters":{},"actions":[{"type":"keyDown","value":""},{"type":"pause","duration":10},{"type":"keyUp","value":""}]}]}
COMMAND: GET /session/eacf8bccc3b349b538ac2f1863989237/screenshot - {}
RESULT: {}
COMMAND: POST /session/eacf8bccc3b349b538ac2f1863989237/element - {"using":"xpath","value":"//input[contains(@id ,\"quotationsSearchField-I\")]"}
RESULT: {"using":"xpath","value":"//input[contains(@id ,\"quotationsSearchField-I\")]"}
COMMAND: POST /session/eacf8bccc3b349b538ac2f1863989237/element/f.11D6377D86A94FC2ADAA7D32FFC9D30E.d.96BEF0AADEF7E92DC3FD817D7BBC80F8.e.14117/clear - {}
RESULT: {}
COMMAND: POST /session/eacf8bccc3b349b538ac2f1863989237/element/f.11D6377D86A94FC2ADAA7D32FFC9D30E.d.96BEF0AADEF7E92DC3FD817D7BBC80F8.e.14117/value - {"text":"WdIOQuotation08fsw"}
COMMAND: GET /session/eacf8bccc3b349b538ac2f1863989237/screenshot - {}
RESULT: {"text":"WdIOQuotation08fsw"}
COMMAND: GET /session/eacf8bccc3b349b538ac2f1863989237/screenshot - {}
RESULT: {}
RESULT: {}
COMMAND: POST /session/eacf8bccc3b349b538ac2f1863989237/actions - {"actions":[{"id":"action101","type":"key","parameters":{},"actions":[{"type":"keyDown","value":""},{"type":"pause","duration":10},{"type":"keyUp","value":""}]}]}
RESULT: {"actions":[{"id":"action101","type":"key","parameters":{},"actions":[{"type":"keyDown","value":""},{"type":"pause","duration":10},{"type":"keyUp","value":""}]}]}
COMMAND: GET /session/eacf8bccc3b349b538ac2f1863989237/screenshot - {}
RESULT: {}
COMMAND: POST /session/eacf8bccc3b349b538ac2f1863989237/element - {"using":"xpath","value":"//div[contains(@id ,\"selectSingle\")]"}
RESULT: {"using":"xpath","value":"//div[contains(@id ,\"selectSingle\")]"}
COMMAND: POST /session/eacf8bccc3b349b538ac2f1863989237/element/f.11D6377D86A94FC2ADAA7D32FFC9D30E.d.96BEF0AADEF7E92DC3FD817D7BBC80F8.e.14123/click - {}
RESULT: {}
COMMAND: GET /session/eacf8bccc3b349b538ac2f1863989237/screenshot - {}
RESULT: {}
COMMAND: POST /session/eacf8bccc3b349b538ac2f1863989237/element - {"using":"xpath","value":"//bdi[contains(text() ,\"Selection Done\")]"}
RESULT: {"using":"xpath","value":"//bdi[contains(text() ,\"Selection Done\")]"}
COMMAND: POST /session/eacf8bccc3b349b538ac2f1863989237/element/f.11D6377D86A94FC2ADAA7D32FFC9D30E.d.96BEF0AADEF7E92DC3FD817D7BBC80F8.e.14133/click - {}
RESULT: {}
COMMAND: GET /session/eacf8bccc3b349b538ac2f1863989237/screenshot - {}
RESULT: {}
COMMAND: POST /session/eacf8bccc3b349b538ac2f1863989237/actions - {"actions":[{"id":"action102","type":"key","parameters":{},"actions":[{"type":"keyDown","value":""},{"type":"pause","duration":10},{"type":"keyUp","value":""}]}]}
RESULT: {"actions":[{"id":"action102","type":"key","parameters":{},"actions":[{"type":"keyDown","value":""},{"type":"pause","duration":10},{"type":"keyUp","value":""}]}]}
COMMAND: GET /session/eacf8bccc3b349b538ac2f1863989237/screenshot - {}
RESULT: {}
COMMAND: POST /session/eacf8bccc3b349b538ac2f1863989237/actions - {"actions":[{"id":"action103","type":"key","parameters":{},"actions":[{"type":"keyDown","value":""},{"type":"pause","duration":10},{"type":"keyUp","value":""}]}]}
RESULT: {"actions":[{"id":"action103","type":"key","parameters":{},"actions":[{"type":"keyDown","value":""},{"type":"pause","duration":10},{"type":"keyUp","value":""}]}]}
COMMAND: GET /session/eacf8bccc3b349b538ac2f1863989237/screenshot - {}
RESULT: {}
COMMAND: GET /session/eacf8bccc3b349b538ac2f1863989237/window/handles - {}
RESULT: {}
COMMAND: GET /session/eacf8bccc3b349b538ac2f1863989237/window/handles - {}
RESULT: {}
COMMAND: POST /session/eacf8bccc3b349b538ac2f1863989237/window - {"handle":"1D64FD43B8477CC012D6EFCFE4643D35"}
RESULT: {"handle":"1D64FD43B8477CC012D6EFCFE4643D35"}
COMMAND: GET /session/eacf8bccc3b349b538ac2f1863989237/url - {}
RESULT: {}
COMMAND: GET /session/eacf8bccc3b349b538ac2f1863989237/screenshot - {}
RESULT: {}
COMMAND: POST /session/eacf8bccc3b349b538ac2f1863989237/element - {"using":"xpath","value":"//span[contains(text(), \"Header Billing Items\")]"}
RESULT: {"using":"xpath","value":"//span[contains(text(), \"Header Billing Items\")]"}
COMMAND: POST /session/eacf8bccc3b349b538ac2f1863989237/element/f.1D64FD43B8477CC012D6EFCFE4643D35.d.92BDEB492B508908857F4D2D4F9F062B.e.14360/click - {}
RESULT: {}
COMMAND: GET /session/eacf8bccc3b349b538ac2f1863989237/screenshot - {}
RESULT: {}
COMMAND: POST /session/eacf8bccc3b349b538ac2f1863989237/element - {"using":"xpath","value":"//span[contains(@id ,\"contractItemsSmartTable-header-inner\")]"}
RESULT: {"using":"xpath","value":"//span[contains(@id ,\"contractItemsSmartTable-header-inner\")]"}
COMMAND: GET /session/eacf8bccc3b349b538ac2f1863989237/element/f.1D64FD43B8477CC012D6EFCFE4643D35.d.92BDEB492B508908857F4D2D4F9F062B.e.14364/text - {}
RESULT: {}
COMMAND: POST /session/eacf8bccc3b349b538ac2f1863989237/element - {"using":"xpath","value":"//span[@class=\"sapMObjStatusText\"][contains(text(), \"proposed\")]"}
RESULT: {"using":"xpath","value":"//span[@class=\"sapMObjStatusText\"][contains(text(), \"proposed\")]"}
COMMAND: GET /session/eacf8bccc3b349b538ac2f1863989237/element/f.1D64FD43B8477CC012D6EFCFE4643D35.d.92BDEB492B508908857F4D2D4F9F062B.e.14365/text - {}
RESULT: {}
COMMAND: DELETE /session/eacf8bccc3b349b538ac2f1863989237/window - {}
RESULT: {}
COMMAND: POST /session/eacf8bccc3b349b538ac2f1863989237/window - {"handle":"11D6377D86A94FC2ADAA7D32FFC9D30E"}
RESULT: {"handle":"11D6377D86A94FC2ADAA7D32FFC9D30E"}
COMMAND: GET /session/eacf8bccc3b349b538ac2f1863989237/url - {}
RESULT: {}
COMMAND: GET /session/eacf8bccc3b349b538ac2f1863989237/screenshot - {}
RESULT: {}
]]></system-out>
    </testcase>
    <testcase classname="chrome.135_0_7049_42.windows.Process_request_items_into_an_existing_quotation_US120163" name="Should navigate back to the request and check the request and item statuses" time="26.036">
      <system-out><![CDATA[
COMMAND: POST /session/eacf8bccc3b349b538ac2f1863989237/refresh - {}
RESULT: {}
COMMAND: GET /session/eacf8bccc3b349b538ac2f1863989237/screenshot - {}
RESULT: {}
COMMAND: POST /session/eacf8bccc3b349b538ac2f1863989237/execute/async - {"script":"<script> [189 bytes]","args":[]}
RESULT: {"script":"<script> [189 bytes]","args":[]}
COMMAND: POST /session/eacf8bccc3b349b538ac2f1863989237/execute/async - {"script":"<script> [123 bytes]","args":[]}
RESULT: {"script":"<script> [123 bytes]","args":[]}
COMMAND: POST /session/eacf8bccc3b349b538ac2f1863989237/timeouts - {"script":"<number>"}
RESULT: {"script":"<number>"}
COMMAND: GET /session/eacf8bccc3b349b538ac2f1863989237/timeouts - {}
RESULT: {}
RESULT: undefined
COMMAND: POST /session/eacf8bccc3b349b538ac2f1863989237/execute/async - {"script":"<script> [2676 bytes]","args":[]}
RESULT: {"script":"<script> [2676 bytes]","args":[]}
COMMAND: POST /session/eacf8bccc3b349b538ac2f1863989237/execute/async - {"script":"<script> [2342 bytes]","args":[{"protocol":"http","hostname":"0.0.0.0","path":"/","capabilities":{"browserName":"chrome","goog:chromeOptions":{"binary":"C:\\Program Files\\Google\\Chrome\\Application\\chrome.exe","args":["--start-maximized"]}},"logLevel":"warn","connectionRetryTimeout":120000,"connectionRetryCount":3,"logLevels":{},"enableDirectConnect":true,"strictSSL":true,"_":"65 more keys: [\"cacheDir\",\"port\",\"requestedCapabilities\",\"automationProtocol\",\"baseUrl\",\"waitforInterval\",\"waitforTimeout\",\"onReload\",\"beforeCommand\",\"afterCommand\",\"rootDir\",\"specs\",\"suites\",\"exclude\",\"groupLogsByTestSpec\",\"excludeDriverLogs\",\"bail\",\"framework\",\"reporters\",\"services\",\"maxInstances\",\"maxInstancesPerCapability\",\"injectGlobals\",\"filesToWatch\",\"execArgv\",\"runnerEnv\",\"runner\",\"shard\",\"specFileRetries\",\"specFileRetriesDelay\",\"specFileRetriesDeferred\",\"reporterSyncInterval\",\"reporterSyncTimeout\",\"cucumberFeaturesWithLineNumbers\",\"autoCompileOpts\",\"mochaOpts\",\"jasmineOpts\",\"cucumberOpts\",\"onPrepare\",\"onWorkerStart\",\"onWorkerEnd\",\"before\",\"beforeSession\",\"beforeSuite\",\"beforeHook\",\"beforeTest\",\"afterTest\",\"afterHook\",\"afterSuite\",\"afterSession\",\"after\",\"onComplete\",\"beforeAssertion\",\"afterAssertion\",\"beforeFeature\",\"beforeScenario\",\"beforeStep\",\"afterStep\",\"afterScenario\",\"afterFeature\",\"_\",\"suite\",\"$0\",\"ignoredWorkerServices\",\"wdi5\"]"}]}
RESULT: {"script":"<script> [2342 bytes]","args":[{"protocol":"http","hostname":"0.0.0.0","path":"/","capabilities":{"browserName":"chrome","goog:chromeOptions":{"binary":"C:\\Program Files\\Google\\Chrome\\Application\\chrome.exe","args":["--start-maximized"]}},"logLevel":"warn","connectionRetryTimeout":120000,"connectionRetryCount":3,"logLevels":{},"enableDirectConnect":true,"strictSSL":true,"_":"65 more keys: [\"cacheDir\",\"port\",\"requestedCapabilities\",\"automationProtocol\",\"baseUrl\",\"waitforInterval\",\"waitforTimeout\",\"onReload\",\"beforeCommand\",\"afterCommand\",\"rootDir\",\"specs\",\"suites\",\"exclude\",\"groupLogsByTestSpec\",\"excludeDriverLogs\",\"bail\",\"framework\",\"reporters\",\"services\",\"maxInstances\",\"maxInstancesPerCapability\",\"injectGlobals\",\"filesToWatch\",\"execArgv\",\"runnerEnv\",\"runner\",\"shard\",\"specFileRetries\",\"specFileRetriesDelay\",\"specFileRetriesDeferred\",\"reporterSyncInterval\",\"reporterSyncTimeout\",\"cucumberFeaturesWithLineNumbers\",\"autoCompileOpts\",\"mochaOpts\",\"jasmineOpts\",\"cucumberOpts\",\"onPrepare\",\"onWorkerStart\",\"onWorkerEnd\",\"before\",\"beforeSession\",\"beforeSuite\",\"beforeHook\",\"beforeTest\",\"afterTest\",\"afterHook\",\"afterSuite\",\"afterSession\",\"after\",\"onComplete\",\"beforeAssertion\",\"afterAssertion\",\"beforeFeature\",\"beforeScenario\",\"beforeStep\",\"afterStep\",\"afterScenario\",\"afterFeature\",\"_\",\"suite\",\"$0\",\"ignoredWorkerServices\",\"wdi5\"]"}]}
COMMAND: POST /session/eacf8bccc3b349b538ac2f1863989237/execute/async - {"script":"<script> [21126 bytes]","args":[35000]}
RESULT: {"script":"<script> [21126 bytes]","args":[35000]}
COMMAND: POST /session/eacf8bccc3b349b538ac2f1863989237/execute/async - {"script":"<script> [1562 bytes]","args":[{"selector":{"controlType":"sap.m.Text","viewName":"etm.portal.ui.managerequests.view.Detail","bindingPath":{"path":"/SmartRequestItemsPlanningBoard(ITEM=10m,REQUEST='20243')","propertyPath":"STATUS_DESC"}},"wdio_ui5_key":"etmportal.ui.managerequests.view.Detailsap.m.Text{\"path\":\"/SmartRequestItemsPlanningBoard(ITEM=10m,REQUEST='20243')\",\"propertyPath\":\"STATUS_DESC\"}"}]}
RESULT: {"script":"<script> [1562 bytes]","args":[{"selector":{"controlType":"sap.m.Text","viewName":"etm.portal.ui.managerequests.view.Detail","bindingPath":{"path":"/SmartRequestItemsPlanningBoard(ITEM=10m,REQUEST='20243')","propertyPath":"STATUS_DESC"}},"wdio_ui5_key":"etmportal.ui.managerequests.view.Detailsap.m.Text{\"path\":\"/SmartRequestItemsPlanningBoard(ITEM=10m,REQUEST='20243')\",\"propertyPath\":\"STATUS_DESC\"}"}]}
RESULT: undefined
COMMAND: POST /session/eacf8bccc3b349b538ac2f1863989237/execute/async - {"script":"<script> [6424 bytes]","args":[{"element-6066-11e4-a52e-4f735466cecf":"f.11D6377D86A94FC2ADAA7D32FFC9D30E.d.E91FCCC56D01A824F60FB92AB9AAE4FB.e.14560"},"getText",[]]}
RESULT: {"script":"<script> [6424 bytes]","args":[{"element-6066-11e4-a52e-4f735466cecf":"f.11D6377D86A94FC2ADAA7D32FFC9D30E.d.E91FCCC56D01A824F60FB92AB9AAE4FB.e.14560"},"getText",[]]}
COMMAND: POST /session/eacf8bccc3b349b538ac2f1863989237/execute/async - {"script":"<script> [1562 bytes]","args":[{"selector":{"controlType":"sap.m.ObjectStatus","viewName":"etm.portal.ui.managerequests.view.Detail","bindingPath":{"path":"/RequestHeaders('20243')","propertyPath":"LINK_TO_STATUS/DESCRIPTION","modelName":"catalogModel"}},"wdio_ui5_key":"etmportal.ui.managerequests.view.Detailsap.m.ObjectStatus{\"path\":\"/RequestHeaders('20243')\",\"propertyPath\":\"LINK_TO_STATUS/DESCRIPTION\",\"modelName\":\"catalogModel\"}"}]}
RESULT: {"script":"<script> [1562 bytes]","args":[{"selector":{"controlType":"sap.m.ObjectStatus","viewName":"etm.portal.ui.managerequests.view.Detail","bindingPath":{"path":"/RequestHeaders('20243')","propertyPath":"LINK_TO_STATUS/DESCRIPTION","modelName":"catalogModel"}},"wdio_ui5_key":"etmportal.ui.managerequests.view.Detailsap.m.ObjectStatus{\"path\":\"/RequestHeaders('20243')\",\"propertyPath\":\"LINK_TO_STATUS/DESCRIPTION\",\"modelName\":\"catalogModel\"}"}]}
RESULT: undefined
COMMAND: POST /session/eacf8bccc3b349b538ac2f1863989237/execute/async - {"script":"<script> [6424 bytes]","args":[{"element-6066-11e4-a52e-4f735466cecf":"f.11D6377D86A94FC2ADAA7D32FFC9D30E.d.E91FCCC56D01A824F60FB92AB9AAE4FB.e.14561"},"getText",[]]}
RESULT: {"script":"<script> [6424 bytes]","args":[{"element-6066-11e4-a52e-4f735466cecf":"f.11D6377D86A94FC2ADAA7D32FFC9D30E.d.E91FCCC56D01A824F60FB92AB9AAE4FB.e.14561"},"getText",[]]}
COMMAND: DELETE /session/eacf8bccc3b349b538ac2f1863989237 - {}
RESULT: {}
]]></system-out>
    </testcase>
  </testsuite>
</testsuites>