<?xml version="1.0" encoding="UTF-8"?>
<testsuites tests="6" failures="0" errors="0" skipped="0">
  <testsuite timestamp="2025-05-06T15:38:03" time="766.406" tests="5" failures="0" errors="0" skipped="0">
    <properties>
      <property name="specId" value="0" />
      <property name="suiteName" value="Create masterdata for Yard Overview - trigger provide US130988" />
      <property name="capabilities" value="chrome.135_0_7049_115.windows" />
      <property name="file" value="file:///D:/a/1/s/test/specs/R2C/yard-overview-trigger.spec.js" />
    </properties>
    <testcase classname="chrome.135_0_7049_115.windows.Create_masterdata_for_Yard_Overview_-_trigger_provide_US130988" name="Should create prerequisites yard partner site material" time="413.477">
      <system-out><![CDATA[
COMMAND: POST /session/0da40b3565e00458be499c195ee792a0/execute/async - {"script":"<script> [1562 bytes]","args":[{"selector":{"controlType":"sap.m.GenericTile","properties":{"header":"Manage Yards"}},"wdio_ui5_key":"sapm.GenericTile{\"header\":\"Manage Yards\"}"}]}
RESULT: {"script":"<script> [1562 bytes]","args":[{"selector":{"controlType":"sap.m.GenericTile","properties":{"header":"Manage Yards"}},"wdio_ui5_key":"sapm.GenericTile{\"header\":\"Manage Yards\"}"}]}
RESULT: undefined
COMMAND: POST /session/0da40b3565e00458be499c195ee792a0/element - {"using":"xpath","value":"//*[@id=\"__tile41\"]"}
RESULT: {"using":"xpath","value":"//*[@id=\"__tile41\"]"}
COMMAND: POST /session/0da40b3565e00458be499c195ee792a0/element/f.D7754C3881FFDFB2D136ECE2150A921F.d.32608CF37D6D744E0ED9292FB8270E6C.e.107/click - {}
RESULT: {}
COMMAND: GET /session/0da40b3565e00458be499c195ee792a0/screenshot - {}
RESULT: {}
COMMAND: POST /session/0da40b3565e00458be499c195ee792a0/execute/async - {"script":"<script> [1562 bytes]","args":[{"selector":{"controlType":"sap.ui.core.Icon","viewName":"etm.portal.ui.manageyards.view.Master","viewId":"application-manageyards-display-component---masterYard","properties":{"src":{"regex":{"source":"add"}}}},"wdio_ui5_key":"etmportal.ui.manageyards.view.Mastersap.ui.core.Icon{\"src\":{\"regex\":{\"source\":\"add\"}}}"}]}
RESULT: {"script":"<script> [1562 bytes]","args":[{"selector":{"controlType":"sap.ui.core.Icon","viewName":"etm.portal.ui.manageyards.view.Master","viewId":"application-manageyards-display-component---masterYard","properties":{"src":{"regex":{"source":"add"}}}},"wdio_ui5_key":"etmportal.ui.manageyards.view.Mastersap.ui.core.Icon{\"src\":{\"regex\":{\"source\":\"add\"}}}"}]}
RESULT: undefined
COMMAND: POST /session/0da40b3565e00458be499c195ee792a0/element - {"using":"xpath","value":"//*[@id=\"__button4-img\"]"}
RESULT: {"using":"xpath","value":"//*[@id=\"__button4-img\"]"}
COMMAND: POST /session/0da40b3565e00458be499c195ee792a0/element/f.D7754C3881FFDFB2D136ECE2150A921F.d.32608CF37D6D744E0ED9292FB8270E6C.e.154/click - {}
RESULT: {}
COMMAND: GET /session/0da40b3565e00458be499c195ee792a0/screenshot - {}
RESULT: {}
COMMAND: POST /session/0da40b3565e00458be499c195ee792a0/execute/async - {"script":"<script> [1562 bytes]","args":[{"selector":{"id":"application-manageyards-display-component---NewYard--yardId","interaction":{"idSuffix":"inner"}},"wdio_ui5_key":"applicationmanageyards-display-component---NewYard--yardId"}]}
RESULT: {"script":"<script> [1562 bytes]","args":[{"selector":{"id":"application-manageyards-display-component---NewYard--yardId","interaction":{"idSuffix":"inner"}},"wdio_ui5_key":"applicationmanageyards-display-component---NewYard--yardId"}]}
RESULT: undefined
COMMAND: POST /session/0da40b3565e00458be499c195ee792a0/element - {"using":"xpath","value":"//*[@id=\"application-manageyards-display-component---NewYard--addressDetailDetailsName1-inner\"]"}
RESULT: {"using":"xpath","value":"//*[@id=\"application-manageyards-display-component---NewYard--addressDetailDetailsName1-inner\"]"}
COMMAND: POST /session/0da40b3565e00458be499c195ee792a0/element/f.D7754C3881FFDFB2D136ECE2150A921F.d.32608CF37D6D744E0ED9292FB8270E6C.e.368/clear - {}
RESULT: {}
COMMAND: POST /session/0da40b3565e00458be499c195ee792a0/element/f.D7754C3881FFDFB2D136ECE2150A921F.d.32608CF37D6D744E0ED9292FB8270E6C.e.368/value - {"text":"WebdriverYardko14c"}
COMMAND: GET /session/0da40b3565e00458be499c195ee792a0/screenshot - {}
RESULT: {"text":"WebdriverYardko14c"}
COMMAND: POST /session/0da40b3565e00458be499c195ee792a0/element - {"using":"xpath","value":"//*[@id=\"application-manageyards-display-component---NewYard--addressDetailDetailsLanguage-inner\"]"}
COMMAND: GET /session/0da40b3565e00458be499c195ee792a0/screenshot - {}
RESULT: {}
RESULT: {"using":"xpath","value":"//*[@id=\"application-manageyards-display-component---NewYard--addressDetailDetailsLanguage-inner\"]"}
COMMAND: POST /session/0da40b3565e00458be499c195ee792a0/element/f.D7754C3881FFDFB2D136ECE2150A921F.d.32608CF37D6D744E0ED9292FB8270E6C.e.369/clear - {}
RESULT: {}
RESULT: {}
COMMAND: POST /session/0da40b3565e00458be499c195ee792a0/element/f.D7754C3881FFDFB2D136ECE2150A921F.d.32608CF37D6D744E0ED9292FB8270E6C.e.369/value - {"text":"Romanian"}
COMMAND: GET /session/0da40b3565e00458be499c195ee792a0/screenshot - {}
RESULT: {"text":"Romanian"}
COMMAND: POST /session/0da40b3565e00458be499c195ee792a0/element - {"using":"xpath","value":"//input[contains(@id ,\"application-manageyards-display-component---NewYard--addressDetailDetailsName1-inner\")]"}
COMMAND: GET /session/0da40b3565e00458be499c195ee792a0/screenshot - {}
RESULT: {}
RESULT: {"using":"xpath","value":"//input[contains(@id ,\"application-manageyards-display-component---NewYard--addressDetailDetailsName1-inner\")]"}
COMMAND: GET /session/0da40b3565e00458be499c195ee792a0/element/f.D7754C3881FFDFB2D136ECE2150A921F.d.32608CF37D6D744E0ED9292FB8270E6C.e.368/property/value - {}
RESULT: {}
RESULT: {}
COMMAND: GET /session/0da40b3565e00458be499c195ee792a0/screenshot - {}
RESULT: {}
COMMAND: POST /session/0da40b3565e00458be499c195ee792a0/element - {"using":"xpath","value":"//*[@id=\"application-manageyards-display-component---NewYard--addressDetailDetailsCity1-inner\"]"}
RESULT: {"using":"xpath","value":"//*[@id=\"application-manageyards-display-component---NewYard--addressDetailDetailsCity1-inner\"]"}
COMMAND: POST /session/0da40b3565e00458be499c195ee792a0/element/f.D7754C3881FFDFB2D136ECE2150A921F.d.32608CF37D6D744E0ED9292FB8270E6C.e.371/clear - {}
RESULT: {}
COMMAND: POST /session/0da40b3565e00458be499c195ee792a0/element/f.D7754C3881FFDFB2D136ECE2150A921F.d.32608CF37D6D744E0ED9292FB8270E6C.e.371/value - {"text":"Bucuresti"}
COMMAND: GET /session/0da40b3565e00458be499c195ee792a0/screenshot - {}
RESULT: {"text":"Bucuresti"}
COMMAND: GET /session/0da40b3565e00458be499c195ee792a0/screenshot - {}
RESULT: {}
RESULT: {}
COMMAND: POST /session/0da40b3565e00458be499c195ee792a0/element - {"using":"xpath","value":"//*[@id=\"application-manageyards-display-component---NewYard--addressDetailDetailsCountry-inner\"]"}
RESULT: {"using":"xpath","value":"//*[@id=\"application-manageyards-display-component---NewYard--addressDetailDetailsCountry-inner\"]"}
COMMAND: POST /session/0da40b3565e00458be499c195ee792a0/element/f.D7754C3881FFDFB2D136ECE2150A921F.d.32608CF37D6D744E0ED9292FB8270E6C.e.375/clear - {}
RESULT: {}
COMMAND: POST /session/0da40b3565e00458be499c195ee792a0/element/f.D7754C3881FFDFB2D136ECE2150A921F.d.32608CF37D6D744E0ED9292FB8270E6C.e.375/value - {"text":"Romania"}
COMMAND: GET /session/0da40b3565e00458be499c195ee792a0/screenshot - {}
RESULT: {"text":"Romania"}
COMMAND: GET /session/0da40b3565e00458be499c195ee792a0/screenshot - {}
RESULT: {}
RESULT: {}
COMMAND: POST /session/0da40b3565e00458be499c195ee792a0/element - {"using":"xpath","value":"//div[contains(text(), \"Commercial\")]"}
RESULT: {"using":"xpath","value":"//div[contains(text(), \"Commercial\")]"}
COMMAND: GET /session/0da40b3565e00458be499c195ee792a0/element/f.D7754C3881FFDFB2D136ECE2150A921F.d.32608CF37D6D744E0ED9292FB8270E6C.e.566/rect - {}
RESULT: {}
COMMAND: GET /session/0da40b3565e00458be499c195ee792a0/window/rect - {}
RESULT: {}
COMMAND: POST /session/0da40b3565e00458be499c195ee792a0/execute/sync - {"script":"<script> [92 bytes]","args":[]}
RESULT: {"script":"<script> [92 bytes]","args":[]}
COMMAND: POST /session/0da40b3565e00458be499c195ee792a0/actions - {"actions":[{"id":"action1","type":"wheel","parameters":{},"actions":[{"type":"scroll","x":-1841,"y":-44,"deltaX":0,"deltaY":0,"duration":0,"origin":{"element-6066-11e4-a52e-4f735466cecf":"f.D7754C3881FFDFB2D136ECE2150A921F.d.32608CF37D6D744E0ED9292FB8270E6C.e.566"}}]}]}
COMMAND: GET /session/0da40b3565e00458be499c195ee792a0/screenshot - {}
RESULT: {}
COMMAND: POST /session/0da40b3565e00458be499c195ee792a0/execute/sync - {"script":"<script> [79 bytes]","args":[{"element-6066-11e4-a52e-4f735466cecf":"f.D7754C3881FFDFB2D136ECE2150A921F.d.32608CF37D6D744E0ED9292FB8270E6C.e.566","ELEMENT":"f.D7754C3881FFDFB2D136ECE2150A921F.d.32608CF37D6D744E0ED9292FB8270E6C.e.566"},{"block":"start","inline":"nearest"}]}
RESULT: {"script":"<script> [79 bytes]","args":[{"element-6066-11e4-a52e-4f735466cecf":"f.D7754C3881FFDFB2D136ECE2150A921F.d.32608CF37D6D744E0ED9292FB8270E6C.e.566","ELEMENT":"f.D7754C3881FFDFB2D136ECE2150A921F.d.32608CF37D6D744E0ED9292FB8270E6C.e.566"},{"block":"start","inline":"nearest"}]}
COMMAND: GET /session/0da40b3565e00458be499c195ee792a0/screenshot - {}
RESULT: {}
COMMAND: POST /session/0da40b3565e00458be499c195ee792a0/execute/async - {"script":"<script> [1562 bytes]","args":[{"selector":{"id":"application-manageyards-display-component---NewYard--addressEditDetailsCostObjectCstType-arrow"},"wdio_ui5_key":"applicationmanageyards-display-component---NewYard--addressEditDetailsCostObjectCstType-arrow"}]}
RESULT: {"script":"<script> [1562 bytes]","args":[{"selector":{"id":"application-manageyards-display-component---NewYard--addressEditDetailsCostObjectCstType-arrow"},"wdio_ui5_key":"applicationmanageyards-display-component---NewYard--addressEditDetailsCostObjectCstType-arrow"}]}
RESULT: undefined
COMMAND: POST /session/0da40b3565e00458be499c195ee792a0/element - {"using":"xpath","value":"//*[@id=\"application-manageyards-display-component---NewYard--addressEditDetailsCostObjectCstType-arrow\"]"}
RESULT: {"using":"xpath","value":"//*[@id=\"application-manageyards-display-component---NewYard--addressEditDetailsCostObjectCstType-arrow\"]"}
COMMAND: POST /session/0da40b3565e00458be499c195ee792a0/element/f.D7754C3881FFDFB2D136ECE2150A921F.d.32608CF37D6D744E0ED9292FB8270E6C.e.574/click - {}
RESULT: {}
COMMAND: POST /session/0da40b3565e00458be499c195ee792a0/element - {"using":"xpath","value":"//span[contains(text(), \"Cost Center\")]"}
COMMAND: GET /session/0da40b3565e00458be499c195ee792a0/screenshot - {}
RESULT: {"using":"xpath","value":"//span[contains(text(), \"Cost Center\")]"}
COMMAND: POST /session/0da40b3565e00458be499c195ee792a0/element/f.D7754C3881FFDFB2D136ECE2150A921F.d.32608CF37D6D744E0ED9292FB8270E6C.e.575/click - {}
RESULT: {}
RESULT: {}
COMMAND: GET /session/0da40b3565e00458be499c195ee792a0/screenshot - {}
RESULT: {}
COMMAND: POST /session/0da40b3565e00458be499c195ee792a0/execute/async - {"script":"<script> [1562 bytes]","args":[{"selector":{"id":"application-manageyards-display-component---NewYard--addressNewCostObjectCstID-vhi"},"wdio_ui5_key":"applicationmanageyards-display-component---NewYard--addressNewCostObjectCstID-vhi"}]}
RESULT: {"script":"<script> [1562 bytes]","args":[{"selector":{"id":"application-manageyards-display-component---NewYard--addressNewCostObjectCstID-vhi"},"wdio_ui5_key":"applicationmanageyards-display-component---NewYard--addressNewCostObjectCstID-vhi"}]}
RESULT: undefined
COMMAND: POST /session/0da40b3565e00458be499c195ee792a0/element - {"using":"xpath","value":"//*[@id=\"application-manageyards-display-component---NewYard--addressNewCostObjectCstID-vhi\"]"}
RESULT: {"using":"xpath","value":"//*[@id=\"application-manageyards-display-component---NewYard--addressNewCostObjectCstID-vhi\"]"}
COMMAND: POST /session/0da40b3565e00458be499c195ee792a0/element/f.D7754C3881FFDFB2D136ECE2150A921F.d.32608CF37D6D744E0ED9292FB8270E6C.e.579/click - {}
RESULT: {}
COMMAND: GET /session/0da40b3565e00458be499c195ee792a0/screenshot - {}
RESULT: {}
COMMAND: POST /session/0da40b3565e00458be499c195ee792a0/execute/async - {"script":"<script> [1562 bytes]","args":[{"selector":{"controlType":"sap.m.SearchField","properties":{"placeholder":"Search"},"searchOpenDialogs":true,"interaction":{"idSuffix":"I"}},"wdio_ui5_key":"sapm.SearchField{\"placeholder\":\"Search\"}"}]}
RESULT: {"script":"<script> [1562 bytes]","args":[{"selector":{"controlType":"sap.m.SearchField","properties":{"placeholder":"Search"},"searchOpenDialogs":true,"interaction":{"idSuffix":"I"}},"wdio_ui5_key":"sapm.SearchField{\"placeholder\":\"Search\"}"}]}
RESULT: undefined
COMMAND: POST /session/0da40b3565e00458be499c195ee792a0/execute/async - {"script":"<script> [776 bytes]","args":[{"enterText":"10001013","selector":{"controlType":"sap.m.SearchField","properties":{"placeholder":"Search"},"searchOpenDialogs":true,"interaction":{"idSuffix":"I"}},"clearTextFirst":true,"interactionType":"ENTER_TEXT"}]}
RESULT: {"script":"<script> [776 bytes]","args":[{"enterText":"10001013","selector":{"controlType":"sap.m.SearchField","properties":{"placeholder":"Search"},"searchOpenDialogs":true,"interaction":{"idSuffix":"I"}},"clearTextFirst":true,"interactionType":"ENTER_TEXT"}]}
COMMAND: POST /session/0da40b3565e00458be499c195ee792a0/actions - {"actions":[{"id":"action2","type":"key","parameters":{},"actions":[{"type":"keyDown","value":"î€‡"},{"type":"pause","duration":10},{"type":"keyUp","value":"î€‡"}]}]}
RESULT: {"actions":[{"id":"action2","type":"key","parameters":{},"actions":[{"type":"keyDown","value":"î€‡"},{"type":"pause","duration":10},{"type":"keyUp","value":"î€‡"}]}]}
COMMAND: GET /session/0da40b3565e00458be499c195ee792a0/screenshot - {}
RESULT: {}
COMMAND: POST /session/0da40b3565e00458be499c195ee792a0/element - {"using":"xpath","value":"//span[contains(text(), \"General Management\")]"}
RESULT: {"using":"xpath","value":"//span[contains(text(), \"General Management\")]"}
COMMAND: POST /session/0da40b3565e00458be499c195ee792a0/element/f.D7754C3881FFDFB2D136ECE2150A921F.d.32608CF37D6D744E0ED9292FB8270E6C.e.620/click - {}
RESULT: {}
COMMAND: GET /session/0da40b3565e00458be499c195ee792a0/screenshot - {}
RESULT: {}
COMMAND: POST /session/0da40b3565e00458be499c195ee792a0/element - {"using":"xpath","value":"//bdi[contains(text(), \"OK\")]"}
RESULT: {"using":"xpath","value":"//bdi[contains(text(), \"OK\")]"}
COMMAND: POST /session/0da40b3565e00458be499c195ee792a0/element/f.D7754C3881FFDFB2D136ECE2150A921F.d.32608CF37D6D744E0ED9292FB8270E6C.e.621/click - {}
RESULT: {}
COMMAND: GET /session/0da40b3565e00458be499c195ee792a0/screenshot - {}
RESULT: {}
COMMAND: POST /session/0da40b3565e00458be499c195ee792a0/execute/async - {"script":"<script> [1562 bytes]","args":[{"selector":{"controlType":"sap.m.Button","viewName":"etm.portal.ui.manageyards.view.New","viewId":"application-manageyards-display-component---NewYard","i18NText":{"propertyName":"text","key":"save"},"interaction":{"idSuffix":"inner"}},"wdio_ui5_key":"etmportal.ui.manageyards.view.Newsap.m.Button{\"propertyName\":\"text\",\"key\":\"save\"}"}]}
RESULT: {"script":"<script> [1562 bytes]","args":[{"selector":{"controlType":"sap.m.Button","viewName":"etm.portal.ui.manageyards.view.New","viewId":"application-manageyards-display-component---NewYard","i18NText":{"propertyName":"text","key":"save"},"interaction":{"idSuffix":"inner"}},"wdio_ui5_key":"etmportal.ui.manageyards.view.Newsap.m.Button{\"propertyName\":\"text\",\"key\":\"save\"}"}]}
RESULT: undefined
COMMAND: POST /session/0da40b3565e00458be499c195ee792a0/element - {"using":"xpath","value":"//*[@id=\"__button18\"]"}
RESULT: {"using":"xpath","value":"//*[@id=\"__button18\"]"}
COMMAND: POST /session/0da40b3565e00458be499c195ee792a0/element/f.D7754C3881FFDFB2D136ECE2150A921F.d.32608CF37D6D744E0ED9292FB8270E6C.e.542/click - {}
RESULT: {}
COMMAND: GET /session/0da40b3565e00458be499c195ee792a0/screenshot - {}
RESULT: {}
COMMAND: POST /session/0da40b3565e00458be499c195ee792a0/element - {"using":"xpath","value":"//header/div/div[2]/div[2]/span"}
RESULT: {"using":"xpath","value":"//header/div/div[2]/div[2]/span"}
COMMAND: GET /session/0da40b3565e00458be499c195ee792a0/element/f.D7754C3881FFDFB2D136ECE2150A921F.d.32608CF37D6D744E0ED9292FB8270E6C.e.819/text - {}
RESULT: {}
COMMAND: POST /session/0da40b3565e00458be499c195ee792a0/execute/async - {"script":"<script> [1562 bytes]","args":[{"selector":{"controlType":"sap.m.OverflowToolbarButton","viewName":"etm.portal.ui.manageyards.view.Detail","viewId":"application-manageyards-display-component---detailYard","i18NText":{"propertyName":"tooltip","key":"closeColumn"},"interaction":{"idSuffix":"inner"}},"wdio_ui5_key":"etmportal.ui.manageyards.view.Detailsap.m.OverflowToolbarButton{\"propertyName\":\"tooltip\",\"key\":\"closeColumn\"}"}]}
RESULT: {"script":"<script> [1562 bytes]","args":[{"selector":{"controlType":"sap.m.OverflowToolbarButton","viewName":"etm.portal.ui.manageyards.view.Detail","viewId":"application-manageyards-display-component---detailYard","i18NText":{"propertyName":"tooltip","key":"closeColumn"},"interaction":{"idSuffix":"inner"}},"wdio_ui5_key":"etmportal.ui.manageyards.view.Detailsap.m.OverflowToolbarButton{\"propertyName\":\"tooltip\",\"key\":\"closeColumn\"}"}]}
RESULT: undefined
COMMAND: POST /session/0da40b3565e00458be499c195ee792a0/element - {"using":"xpath","value":"//*[@id=\"__button42\"]"}
RESULT: {"using":"xpath","value":"//*[@id=\"__button42\"]"}
COMMAND: POST /session/0da40b3565e00458be499c195ee792a0/element/f.D7754C3881FFDFB2D136ECE2150A921F.d.32608CF37D6D744E0ED9292FB8270E6C.e.821/click - {}
RESULT: {}
COMMAND: GET /session/0da40b3565e00458be499c195ee792a0/screenshot - {}
RESULT: {}
COMMAND: POST /session/0da40b3565e00458be499c195ee792a0/element - {"using":"css selector","value":"#shell-header-logo"}
RESULT: {"using":"css selector","value":"#shell-header-logo"}
COMMAND: POST /session/0da40b3565e00458be499c195ee792a0/element/f.D7754C3881FFDFB2D136ECE2150A921F.d.32608CF37D6D744E0ED9292FB8270E6C.e.110/click - {}
RESULT: {}
COMMAND: GET /session/0da40b3565e00458be499c195ee792a0/screenshot - {}
RESULT: {}
COMMAND: POST /session/0da40b3565e00458be499c195ee792a0/refresh - {}
RESULT: {}
COMMAND: GET /session/0da40b3565e00458be499c195ee792a0/screenshot - {}
RESULT: {}
COMMAND: POST /session/0da40b3565e00458be499c195ee792a0/execute/async - {"script":"<script> [189 bytes]","args":[]}
RESULT: {"script":"<script> [189 bytes]","args":[]}
COMMAND: POST /session/0da40b3565e00458be499c195ee792a0/execute/async - {"script":"<script> [123 bytes]","args":[]}
RESULT: {"script":"<script> [123 bytes]","args":[]}
COMMAND: POST /session/0da40b3565e00458be499c195ee792a0/timeouts - {"script":"<number>"}
RESULT: {"script":"<number>"}
COMMAND: GET /session/0da40b3565e00458be499c195ee792a0/timeouts - {}
RESULT: {}
RESULT: undefined
COMMAND: POST /session/0da40b3565e00458be499c195ee792a0/execute/async - {"script":"<script> [2676 bytes]","args":[]}
RESULT: {"script":"<script> [2676 bytes]","args":[]}
COMMAND: POST /session/0da40b3565e00458be499c195ee792a0/execute/async - {"script":"<script> [2342 bytes]","args":[{"protocol":"http","hostname":"0.0.0.0","path":"/","capabilities":{"browserName":"chrome","goog:chromeOptions":{"binary":"C:\\Program Files\\Google\\Chrome\\Application\\chrome.exe","args":["--start-maximized"]}},"logLevel":"warn","connectionRetryTimeout":120000,"connectionRetryCount":3,"logLevels":{},"enableDirectConnect":true,"strictSSL":true,"_":"65 more keys: [\"cacheDir\",\"port\",\"requestedCapabilities\",\"automationProtocol\",\"baseUrl\",\"waitforInterval\",\"waitforTimeout\",\"onReload\",\"beforeCommand\",\"afterCommand\",\"rootDir\",\"specs\",\"suites\",\"exclude\",\"groupLogsByTestSpec\",\"excludeDriverLogs\",\"bail\",\"framework\",\"reporters\",\"services\",\"maxInstances\",\"maxInstancesPerCapability\",\"injectGlobals\",\"filesToWatch\",\"execArgv\",\"runnerEnv\",\"runner\",\"shard\",\"specFileRetries\",\"specFileRetriesDelay\",\"specFileRetriesDeferred\",\"reporterSyncInterval\",\"reporterSyncTimeout\",\"cucumberFeaturesWithLineNumbers\",\"autoCompileOpts\",\"mochaOpts\",\"jasmineOpts\",\"cucumberOpts\",\"onPrepare\",\"onWorkerStart\",\"onWorkerEnd\",\"before\",\"beforeSession\",\"beforeSuite\",\"beforeHook\",\"beforeTest\",\"afterTest\",\"afterHook\",\"afterSuite\",\"afterSession\",\"after\",\"onComplete\",\"beforeAssertion\",\"afterAssertion\",\"beforeFeature\",\"beforeScenario\",\"beforeStep\",\"afterStep\",\"afterScenario\",\"afterFeature\",\"_\",\"suite\",\"$0\",\"ignoredWorkerServices\",\"wdi5\"]"}]}
RESULT: {"script":"<script> [2342 bytes]","args":[{"protocol":"http","hostname":"0.0.0.0","path":"/","capabilities":{"browserName":"chrome","goog:chromeOptions":{"binary":"C:\\Program Files\\Google\\Chrome\\Application\\chrome.exe","args":["--start-maximized"]}},"logLevel":"warn","connectionRetryTimeout":120000,"connectionRetryCount":3,"logLevels":{},"enableDirectConnect":true,"strictSSL":true,"_":"65 more keys: [\"cacheDir\",\"port\",\"requestedCapabilities\",\"automationProtocol\",\"baseUrl\",\"waitforInterval\",\"waitforTimeout\",\"onReload\",\"beforeCommand\",\"afterCommand\",\"rootDir\",\"specs\",\"suites\",\"exclude\",\"groupLogsByTestSpec\",\"excludeDriverLogs\",\"bail\",\"framework\",\"reporters\",\"services\",\"maxInstances\",\"maxInstancesPerCapability\",\"injectGlobals\",\"filesToWatch\",\"execArgv\",\"runnerEnv\",\"runner\",\"shard\",\"specFileRetries\",\"specFileRetriesDelay\",\"specFileRetriesDeferred\",\"reporterSyncInterval\",\"reporterSyncTimeout\",\"cucumberFeaturesWithLineNumbers\",\"autoCompileOpts\",\"mochaOpts\",\"jasmineOpts\",\"cucumberOpts\",\"onPrepare\",\"onWorkerStart\",\"onWorkerEnd\",\"before\",\"beforeSession\",\"beforeSuite\",\"beforeHook\",\"beforeTest\",\"afterTest\",\"afterHook\",\"afterSuite\",\"afterSession\",\"after\",\"onComplete\",\"beforeAssertion\",\"afterAssertion\",\"beforeFeature\",\"beforeScenario\",\"beforeStep\",\"afterStep\",\"afterScenario\",\"afterFeature\",\"_\",\"suite\",\"$0\",\"ignoredWorkerServices\",\"wdi5\"]"}]}
COMMAND: POST /session/0da40b3565e00458be499c195ee792a0/execute/async - {"script":"<script> [21126 bytes]","args":[35000]}
RESULT: {"script":"<script> [21126 bytes]","args":[35000]}
COMMAND: POST /session/0da40b3565e00458be499c195ee792a0/execute/async - {"script":"<script> [1562 bytes]","args":[{"selector":{"controlType":"sap.m.GenericTile","properties":{"header":"Manage Partners"}},"wdio_ui5_key":"sapm.GenericTile{\"header\":\"Manage Partners\"}"}]}
RESULT: {"script":"<script> [1562 bytes]","args":[{"selector":{"controlType":"sap.m.GenericTile","properties":{"header":"Manage Partners"}},"wdio_ui5_key":"sapm.GenericTile{\"header\":\"Manage Partners\"}"}]}
RESULT: undefined
COMMAND: POST /session/0da40b3565e00458be499c195ee792a0/element - {"using":"xpath","value":"//*[@id=\"__tile38\"]"}
RESULT: {"using":"xpath","value":"//*[@id=\"__tile38\"]"}
COMMAND: POST /session/0da40b3565e00458be499c195ee792a0/element/f.D7754C3881FFDFB2D136ECE2150A921F.d.299B1885DD468CCDDF9342DF4E60310E.e.1173/click - {}
RESULT: {}
COMMAND: GET /session/0da40b3565e00458be499c195ee792a0/screenshot - {}
RESULT: {}
COMMAND: POST /session/0da40b3565e00458be499c195ee792a0/execute/async - {"script":"<script> [1562 bytes]","args":[{"selector":{"controlType":"sap.ui.core.Icon","viewName":"etm.portal.ui.managepartners.view.Master","viewId":"application-managepartners-display-component---masterPtm","properties":{"src":{"regex":{"source":"add"}}}},"wdio_ui5_key":"etmportal.ui.managepartners.view.Mastersap.ui.core.Icon{\"src\":{\"regex\":{\"source\":\"add\"}}}"}]}
RESULT: {"script":"<script> [1562 bytes]","args":[{"selector":{"controlType":"sap.ui.core.Icon","viewName":"etm.portal.ui.managepartners.view.Master","viewId":"application-managepartners-display-component---masterPtm","properties":{"src":{"regex":{"source":"add"}}}},"wdio_ui5_key":"etmportal.ui.managepartners.view.Mastersap.ui.core.Icon{\"src\":{\"regex\":{\"source\":\"add\"}}}"}]}
RESULT: undefined
COMMAND: POST /session/0da40b3565e00458be499c195ee792a0/element - {"using":"xpath","value":"//*[@id=\"__button4-img\"]"}
RESULT: {"using":"xpath","value":"//*[@id=\"__button4-img\"]"}
COMMAND: POST /session/0da40b3565e00458be499c195ee792a0/element/f.D7754C3881FFDFB2D136ECE2150A921F.d.299B1885DD468CCDDF9342DF4E60310E.e.1224/click - {}
RESULT: {}
COMMAND: GET /session/0da40b3565e00458be499c195ee792a0/screenshot - {}
RESULT: {}
COMMAND: POST /session/0da40b3565e00458be499c195ee792a0/execute/async - {"script":"<script> [1562 bytes]","args":[{"selector":{"id":"application-managepartners-display-component---NewPartner--partnerId","interaction":{"idSuffix":"inner"}},"wdio_ui5_key":"applicationmanagepartners-display-component---NewPartner--partnerId"}]}
RESULT: {"script":"<script> [1562 bytes]","args":[{"selector":{"id":"application-managepartners-display-component---NewPartner--partnerId","interaction":{"idSuffix":"inner"}},"wdio_ui5_key":"applicationmanagepartners-display-component---NewPartner--partnerId"}]}
RESULT: undefined
COMMAND: POST /session/0da40b3565e00458be499c195ee792a0/execute/async - {"script":"<script> [1562 bytes]","args":[{"selector":{"id":"application-managepartners-display-component---NewPartner--addressDetailDetailsName1","interaction":{"idSuffix":"inner"}},"wdio_ui5_key":"applicationmanagepartners-display-component---NewPartner--addressDetailDetailsName1"}]}
RESULT: {"script":"<script> [1562 bytes]","args":[{"selector":{"id":"application-managepartners-display-component---NewPartner--addressDetailDetailsName1","interaction":{"idSuffix":"inner"}},"wdio_ui5_key":"applicationmanagepartners-display-component---NewPartner--addressDetailDetailsName1"}]}
RESULT: undefined
COMMAND: POST /session/0da40b3565e00458be499c195ee792a0/execute/async - {"script":"<script> [776 bytes]","args":[{"enterText":"WebdriverPartner5115jk","selector":{"id":"application-managepartners-display-component---NewPartner--addressDetailDetailsName1","interaction":{"idSuffix":"inner"}},"clearTextFirst":true,"interactionType":"ENTER_TEXT"}]}
RESULT: {"script":"<script> [776 bytes]","args":[{"enterText":"WebdriverPartner5115jk","selector":{"id":"application-managepartners-display-component---NewPartner--addressDetailDetailsName1","interaction":{"idSuffix":"inner"}},"clearTextFirst":true,"interactionType":"ENTER_TEXT"}]}
COMMAND: POST /session/0da40b3565e00458be499c195ee792a0/execute/async - {"script":"<script> [1562 bytes]","args":[{"selector":{"id":"application-managepartners-display-component---NewPartner--addressDetailDetailsLanguage","interaction":{"idSuffix":"inner"}},"wdio_ui5_key":"applicationmanagepartners-display-component---NewPartner--addressDetailDetailsLanguage"}]}
RESULT: {"script":"<script> [1562 bytes]","args":[{"selector":{"id":"application-managepartners-display-component---NewPartner--addressDetailDetailsLanguage","interaction":{"idSuffix":"inner"}},"wdio_ui5_key":"applicationmanagepartners-display-component---NewPartner--addressDetailDetailsLanguage"}]}
RESULT: undefined
COMMAND: POST /session/0da40b3565e00458be499c195ee792a0/execute/async - {"script":"<script> [776 bytes]","args":[{"enterText":"Romanian","selector":{"id":"application-managepartners-display-component---NewPartner--addressDetailDetailsLanguage","interaction":{"idSuffix":"inner"}},"clearTextFirst":true,"interactionType":"ENTER_TEXT"}]}
RESULT: {"script":"<script> [776 bytes]","args":[{"enterText":"Romanian","selector":{"id":"application-managepartners-display-component---NewPartner--addressDetailDetailsLanguage","interaction":{"idSuffix":"inner"}},"clearTextFirst":true,"interactionType":"ENTER_TEXT"}]}
COMMAND: POST /session/0da40b3565e00458be499c195ee792a0/element - {"using":"xpath","value":"//input[contains(@id ,\"application-managepartners-display-component---NewPartner--addressDetailDetailsName1-inner\")]"}
RESULT: {"using":"xpath","value":"//input[contains(@id ,\"application-managepartners-display-component---NewPartner--addressDetailDetailsName1-inner\")]"}
COMMAND: GET /session/0da40b3565e00458be499c195ee792a0/element/f.D7754C3881FFDFB2D136ECE2150A921F.d.299B1885DD468CCDDF9342DF4E60310E.e.1397/property/value - {}
RESULT: {}
COMMAND: POST /session/0da40b3565e00458be499c195ee792a0/execute/async - {"script":"<script> [1562 bytes]","args":[{"selector":{"id":"application-managepartners-display-component---NewPartner--addressDetailDetailsCity1","interaction":{"idSuffix":"inner"}},"wdio_ui5_key":"applicationmanagepartners-display-component---NewPartner--addressDetailDetailsCity1"}]}
COMMAND: GET /session/0da40b3565e00458be499c195ee792a0/screenshot - {}
RESULT: {"script":"<script> [1562 bytes]","args":[{"selector":{"id":"application-managepartners-display-component---NewPartner--addressDetailDetailsCity1","interaction":{"idSuffix":"inner"}},"wdio_ui5_key":"applicationmanagepartners-display-component---NewPartner--addressDetailDetailsCity1"}]}
RESULT: undefined
COMMAND: POST /session/0da40b3565e00458be499c195ee792a0/execute/async - {"script":"<script> [776 bytes]","args":[{"enterText":"Bucharest","selector":{"id":"application-managepartners-display-component---NewPartner--addressDetailDetailsCity1","interaction":{"idSuffix":"inner"}},"clearTextFirst":true,"interactionType":"ENTER_TEXT"}]}
RESULT: {}
RESULT: {"script":"<script> [776 bytes]","args":[{"enterText":"Bucharest","selector":{"id":"application-managepartners-display-component---NewPartner--addressDetailDetailsCity1","interaction":{"idSuffix":"inner"}},"clearTextFirst":true,"interactionType":"ENTER_TEXT"}]}
COMMAND: POST /session/0da40b3565e00458be499c195ee792a0/execute/async - {"script":"<script> [1562 bytes]","args":[{"selector":{"id":"application-managepartners-display-component---NewPartner--addressDetailDetailsCountry","interaction":{"idSuffix":"inner"}},"wdio_ui5_key":"applicationmanagepartners-display-component---NewPartner--addressDetailDetailsCountry"}]}
RESULT: {"script":"<script> [1562 bytes]","args":[{"selector":{"id":"application-managepartners-display-component---NewPartner--addressDetailDetailsCountry","interaction":{"idSuffix":"inner"}},"wdio_ui5_key":"applicationmanagepartners-display-component---NewPartner--addressDetailDetailsCountry"}]}
RESULT: undefined
COMMAND: POST /session/0da40b3565e00458be499c195ee792a0/execute/async - {"script":"<script> [6424 bytes]","args":[{"element-6066-11e4-a52e-4f735466cecf":"f.D7754C3881FFDFB2D136ECE2150A921F.d.299B1885DD468CCDDF9342DF4E60310E.e.1404"},"setValue",["Romania"]]}
RESULT: {"script":"<script> [6424 bytes]","args":[{"element-6066-11e4-a52e-4f735466cecf":"f.D7754C3881FFDFB2D136ECE2150A921F.d.299B1885DD468CCDDF9342DF4E60310E.e.1404"},"setValue",["Romania"]]}
COMMAND: POST /session/0da40b3565e00458be499c195ee792a0/execute/async - {"script":"<script> [1562 bytes]","args":[{"selector":{"id":"application-managepartners-display-component---NewPartner--partnerDetailInternal","interaction":{"idSuffix":"inner"}},"wdio_ui5_key":"applicationmanagepartners-display-component---NewPartner--partnerDetailInternal"}]}
RESULT: {"script":"<script> [1562 bytes]","args":[{"selector":{"id":"application-managepartners-display-component---NewPartner--partnerDetailInternal","interaction":{"idSuffix":"inner"}},"wdio_ui5_key":"applicationmanagepartners-display-component---NewPartner--partnerDetailInternal"}]}
RESULT: undefined
COMMAND: POST /session/0da40b3565e00458be499c195ee792a0/execute/async - {"script":"<script> [776 bytes]","args":[{"enterText":"External partner","selector":{"id":"application-managepartners-display-component---NewPartner--partnerDetailInternal","interaction":{"idSuffix":"inner"}},"clearTextFirst":true,"interactionType":"ENTER_TEXT"}]}
RESULT: {"script":"<script> [776 bytes]","args":[{"enterText":"External partner","selector":{"id":"application-managepartners-display-component---NewPartner--partnerDetailInternal","interaction":{"idSuffix":"inner"}},"clearTextFirst":true,"interactionType":"ENTER_TEXT"}]}
COMMAND: POST /session/0da40b3565e00458be499c195ee792a0/execute/async - {"script":"<script> [1562 bytes]","args":[{"selector":{"id":"application-managepartners-display-component---NewPartner--partnerDetailsCurrency","interaction":{"idSuffix":"inner"}},"wdio_ui5_key":"applicationmanagepartners-display-component---NewPartner--partnerDetailsCurrency"}]}
RESULT: {"script":"<script> [1562 bytes]","args":[{"selector":{"id":"application-managepartners-display-component---NewPartner--partnerDetailsCurrency","interaction":{"idSuffix":"inner"}},"wdio_ui5_key":"applicationmanagepartners-display-component---NewPartner--partnerDetailsCurrency"}]}
RESULT: undefined
COMMAND: POST /session/0da40b3565e00458be499c195ee792a0/execute/async - {"script":"<script> [776 bytes]","args":[{"enterText":"Euro","selector":{"id":"application-managepartners-display-component---NewPartner--partnerDetailsCurrency","interaction":{"idSuffix":"inner"}},"clearTextFirst":true,"interactionType":"ENTER_TEXT"}]}
RESULT: {"script":"<script> [776 bytes]","args":[{"enterText":"Euro","selector":{"id":"application-managepartners-display-component---NewPartner--partnerDetailsCurrency","interaction":{"idSuffix":"inner"}},"clearTextFirst":true,"interactionType":"ENTER_TEXT"}]}
COMMAND: POST /session/0da40b3565e00458be499c195ee792a0/execute/async - {"script":"<script> [1562 bytes]","args":[{"selector":{"controlType":"sap.m.Button","viewName":"etm.portal.ui.managepartners.view.NewPartner","viewId":"application-managepartners-display-component---NewPartner","properties":{"text":"Commercial"},"interaction":{"idSuffix":"BDI-content"}},"wdio_ui5_key":"etmportal.ui.managepartners.view.NewPartnersap.m.Button{\"text\":\"Commercial\"}"}]}
RESULT: {"script":"<script> [1562 bytes]","args":[{"selector":{"controlType":"sap.m.Button","viewName":"etm.portal.ui.managepartners.view.NewPartner","viewId":"application-managepartners-display-component---NewPartner","properties":{"text":"Commercial"},"interaction":{"idSuffix":"BDI-content"}},"wdio_ui5_key":"etmportal.ui.managepartners.view.NewPartnersap.m.Button{\"text\":\"Commercial\"}"}]}
RESULT: undefined
COMMAND: POST /session/0da40b3565e00458be499c195ee792a0/element - {"using":"xpath","value":"//*[@id=\"application-managepartners-display-component---NewPartner--ObjectPageLayout-anchBar-__section5-anchor\"]"}
RESULT: {"using":"xpath","value":"//*[@id=\"application-managepartners-display-component---NewPartner--ObjectPageLayout-anchBar-__section5-anchor\"]"}
COMMAND: POST /session/0da40b3565e00458be499c195ee792a0/element/f.D7754C3881FFDFB2D136ECE2150A921F.d.299B1885DD468CCDDF9342DF4E60310E.e.1655/click - {}
RESULT: {}
COMMAND: GET /session/0da40b3565e00458be499c195ee792a0/screenshot - {}
RESULT: {}
COMMAND: POST /session/0da40b3565e00458be499c195ee792a0/execute/async - {"script":"<script> [1562 bytes]","args":[{"selector":{"id":"application-managepartners-display-component---NewPartner--btnAddTableRow-img"},"wdio_ui5_key":"applicationmanagepartners-display-component---NewPartner--btnAddTableRow-img"}]}
RESULT: {"script":"<script> [1562 bytes]","args":[{"selector":{"id":"application-managepartners-display-component---NewPartner--btnAddTableRow-img"},"wdio_ui5_key":"applicationmanagepartners-display-component---NewPartner--btnAddTableRow-img"}]}
RESULT: undefined
COMMAND: POST /session/0da40b3565e00458be499c195ee792a0/element - {"using":"xpath","value":"//*[@id=\"application-managepartners-display-component---NewPartner--btnAddTableRow-img\"]"}
RESULT: {"using":"xpath","value":"//*[@id=\"application-managepartners-display-component---NewPartner--btnAddTableRow-img\"]"}
COMMAND: POST /session/0da40b3565e00458be499c195ee792a0/element/f.D7754C3881FFDFB2D136ECE2150A921F.d.299B1885DD468CCDDF9342DF4E60310E.e.1661/click - {}
RESULT: {}
COMMAND: POST /session/0da40b3565e00458be499c195ee792a0/element - {"using":"xpath","value":"//input[contains(@id ,\"application-managepartners-display-component---NewPartner--assignmentYard-application-managepartners-display-component---NewPartner\")]"}
COMMAND: GET /session/0da40b3565e00458be499c195ee792a0/screenshot - {}
RESULT: {"using":"xpath","value":"//input[contains(@id ,\"application-managepartners-display-component---NewPartner--assignmentYard-application-managepartners-display-component---NewPartner\")]"}
COMMAND: POST /session/0da40b3565e00458be499c195ee792a0/element/f.D7754C3881FFDFB2D136ECE2150A921F.d.299B1885DD468CCDDF9342DF4E60310E.e.1666/clear - {}
RESULT: {}
RESULT: {}
COMMAND: POST /session/0da40b3565e00458be499c195ee792a0/element/f.D7754C3881FFDFB2D136ECE2150A921F.d.299B1885DD468CCDDF9342DF4E60310E.e.1666/value - {"text":"630"}
COMMAND: GET /session/0da40b3565e00458be499c195ee792a0/screenshot - {}
RESULT: {"text":"630"}
COMMAND: GET /session/0da40b3565e00458be499c195ee792a0/screenshot - {}
RESULT: {}
RESULT: {}
COMMAND: POST /session/0da40b3565e00458be499c195ee792a0/execute/async - {"script":"<script> [1562 bytes]","args":[{"selector":{"controlType":"sap.m.Button","viewName":"etm.portal.ui.managepartners.view.NewPartner","viewId":"application-managepartners-display-component---NewPartner","i18NText":{"propertyName":"text","key":"save"},"interaction":{"idSuffix":"BDI-content"}},"wdio_ui5_key":"etmportal.ui.managepartners.view.NewPartnersap.m.Button{\"propertyName\":\"text\",\"key\":\"save\"}"}]}
RESULT: {"script":"<script> [1562 bytes]","args":[{"selector":{"controlType":"sap.m.Button","viewName":"etm.portal.ui.managepartners.view.NewPartner","viewId":"application-managepartners-display-component---NewPartner","i18NText":{"propertyName":"text","key":"save"},"interaction":{"idSuffix":"BDI-content"}},"wdio_ui5_key":"etmportal.ui.managepartners.view.NewPartnersap.m.Button{\"propertyName\":\"text\",\"key\":\"save\"}"}]}
RESULT: undefined
COMMAND: POST /session/0da40b3565e00458be499c195ee792a0/element - {"using":"xpath","value":"//*[@id=\"__button12\"]"}
RESULT: {"using":"xpath","value":"//*[@id=\"__button12\"]"}
COMMAND: POST /session/0da40b3565e00458be499c195ee792a0/element/f.D7754C3881FFDFB2D136ECE2150A921F.d.299B1885DD468CCDDF9342DF4E60310E.e.1595/click - {}
RESULT: {}
COMMAND: GET /session/0da40b3565e00458be499c195ee792a0/screenshot - {}
RESULT: {}
COMMAND: POST /session/0da40b3565e00458be499c195ee792a0/element - {"using":"xpath","value":"//header/div/div[2]/div[2]/span"}
RESULT: {"using":"xpath","value":"//header/div/div[2]/div[2]/span"}
COMMAND: GET /session/0da40b3565e00458be499c195ee792a0/element/f.D7754C3881FFDFB2D136ECE2150A921F.d.299B1885DD468CCDDF9342DF4E60310E.e.1834/text - {}
RESULT: {}
COMMAND: POST /session/0da40b3565e00458be499c195ee792a0/element - {"using":"xpath","value":"//header/div/div/div/div/div/div[2]/div/span"}
RESULT: {"using":"xpath","value":"//header/div/div/div/div/div/div[2]/div/span"}
COMMAND: GET /session/0da40b3565e00458be499c195ee792a0/element/f.D7754C3881FFDFB2D136ECE2150A921F.d.299B1885DD468CCDDF9342DF4E60310E.e.1835/text - {}
RESULT: {}
COMMAND: POST /session/0da40b3565e00458be499c195ee792a0/execute/async - {"script":"<script> [1562 bytes]","args":[{"selector":{"id":"application-managepartners-display-component---detailPtm--partnerType"},"wdio_ui5_key":"applicationmanagepartners-display-component---detailPtm--partnerType"}]}
RESULT: {"script":"<script> [1562 bytes]","args":[{"selector":{"id":"application-managepartners-display-component---detailPtm--partnerType"},"wdio_ui5_key":"applicationmanagepartners-display-component---detailPtm--partnerType"}]}
RESULT: undefined
COMMAND: POST /session/0da40b3565e00458be499c195ee792a0/execute/async - {"script":"<script> [6424 bytes]","args":[{"element-6066-11e4-a52e-4f735466cecf":"f.D7754C3881FFDFB2D136ECE2150A921F.d.299B1885DD468CCDDF9342DF4E60310E.e.1836"},"getText",[]]}
RESULT: {"script":"<script> [6424 bytes]","args":[{"element-6066-11e4-a52e-4f735466cecf":"f.D7754C3881FFDFB2D136ECE2150A921F.d.299B1885DD468CCDDF9342DF4E60310E.e.1836"},"getText",[]]}
COMMAND: POST /session/0da40b3565e00458be499c195ee792a0/element - {"using":"css selector","value":"#shell-header-logo"}
RESULT: {"using":"css selector","value":"#shell-header-logo"}
COMMAND: POST /session/0da40b3565e00458be499c195ee792a0/element/f.D7754C3881FFDFB2D136ECE2150A921F.d.299B1885DD468CCDDF9342DF4E60310E.e.1176/click - {}
RESULT: {}
COMMAND: GET /session/0da40b3565e00458be499c195ee792a0/screenshot - {}
RESULT: {}
COMMAND: POST /session/0da40b3565e00458be499c195ee792a0/execute/async - {"script":"<script> [1562 bytes]","args":[{"selector":{"controlType":"sap.m.GenericTile","properties":{"header":"Manage Sites"}},"wdio_ui5_key":"sapm.GenericTile{\"header\":\"Manage Sites\"}"}]}
RESULT: {"script":"<script> [1562 bytes]","args":[{"selector":{"controlType":"sap.m.GenericTile","properties":{"header":"Manage Sites"}},"wdio_ui5_key":"sapm.GenericTile{\"header\":\"Manage Sites\"}"}]}
RESULT: undefined
COMMAND: POST /session/0da40b3565e00458be499c195ee792a0/element - {"using":"xpath","value":"//*[@id=\"__tile40\"]"}
RESULT: {"using":"xpath","value":"//*[@id=\"__tile40\"]"}
COMMAND: POST /session/0da40b3565e00458be499c195ee792a0/element/f.D7754C3881FFDFB2D136ECE2150A921F.d.299B1885DD468CCDDF9342DF4E60310E.e.1838/click - {}
RESULT: {}
COMMAND: GET /session/0da40b3565e00458be499c195ee792a0/screenshot - {}
RESULT: {}
COMMAND: POST /session/0da40b3565e00458be499c195ee792a0/execute/async - {"script":"<script> [1562 bytes]","args":[{"selector":{"controlType":"sap.ui.core.Icon","viewName":"etm.portal.ui.managesites.view.Master","viewId":"application-managesites-display-component---masterSite","properties":{"src":{"regex":{"source":"add"}}}},"wdio_ui5_key":"etmportal.ui.managesites.view.Mastersap.ui.core.Icon{\"src\":{\"regex\":{\"source\":\"add\"}}}"}]}
RESULT: {"script":"<script> [1562 bytes]","args":[{"selector":{"controlType":"sap.ui.core.Icon","viewName":"etm.portal.ui.managesites.view.Master","viewId":"application-managesites-display-component---masterSite","properties":{"src":{"regex":{"source":"add"}}}},"wdio_ui5_key":"etmportal.ui.managesites.view.Mastersap.ui.core.Icon{\"src\":{\"regex\":{\"source\":\"add\"}}}"}]}
RESULT: undefined
COMMAND: POST /session/0da40b3565e00458be499c195ee792a0/element - {"using":"xpath","value":"//*[@id=\"__button52-img\"]"}
RESULT: {"using":"xpath","value":"//*[@id=\"__button52-img\"]"}
COMMAND: POST /session/0da40b3565e00458be499c195ee792a0/element/f.D7754C3881FFDFB2D136ECE2150A921F.d.299B1885DD468CCDDF9342DF4E60310E.e.1887/click - {}
RESULT: {}
COMMAND: POST /session/0da40b3565e00458be499c195ee792a0/execute/async - {"script":"<script> [1562 bytes]","args":[{"selector":{"id":"application-managesites-display-component---NewSite--siteId","interaction":{"idSuffix":"inner"}},"wdio_ui5_key":"applicationmanagesites-display-component---NewSite--siteId"}]}
COMMAND: GET /session/0da40b3565e00458be499c195ee792a0/screenshot - {}
RESULT: {"script":"<script> [1562 bytes]","args":[{"selector":{"id":"application-managesites-display-component---NewSite--siteId","interaction":{"idSuffix":"inner"}},"wdio_ui5_key":"applicationmanagesites-display-component---NewSite--siteId"}]}
RESULT: undefined
COMMAND: POST /session/0da40b3565e00458be499c195ee792a0/execute/async - {"script":"<script> [1562 bytes]","args":[{"selector":{"id":"application-managesites-display-component---NewSite--addressDetailDetailsName1","interaction":{"idSuffix":"inner"}},"wdio_ui5_key":"applicationmanagesites-display-component---NewSite--addressDetailDetailsName1"}]}
RESULT: {}
RESULT: {"script":"<script> [1562 bytes]","args":[{"selector":{"id":"application-managesites-display-component---NewSite--addressDetailDetailsName1","interaction":{"idSuffix":"inner"}},"wdio_ui5_key":"applicationmanagesites-display-component---NewSite--addressDetailDetailsName1"}]}
RESULT: undefined
COMMAND: POST /session/0da40b3565e00458be499c195ee792a0/execute/async - {"script":"<script> [776 bytes]","args":[{"enterText":"WebdriverSitew13uz","selector":{"id":"application-managesites-display-component---NewSite--addressDetailDetailsName1","interaction":{"idSuffix":"inner"}},"clearTextFirst":true,"interactionType":"ENTER_TEXT"}]}
RESULT: {"script":"<script> [776 bytes]","args":[{"enterText":"WebdriverSitew13uz","selector":{"id":"application-managesites-display-component---NewSite--addressDetailDetailsName1","interaction":{"idSuffix":"inner"}},"clearTextFirst":true,"interactionType":"ENTER_TEXT"}]}
COMMAND: POST /session/0da40b3565e00458be499c195ee792a0/execute/async - {"script":"<script> [1562 bytes]","args":[{"selector":{"id":"application-managesites-display-component---NewSite--addressDetailDetailsLanguage","interaction":{"idSuffix":"inner"}},"wdio_ui5_key":"applicationmanagesites-display-component---NewSite--addressDetailDetailsLanguage"}]}
RESULT: {"script":"<script> [1562 bytes]","args":[{"selector":{"id":"application-managesites-display-component---NewSite--addressDetailDetailsLanguage","interaction":{"idSuffix":"inner"}},"wdio_ui5_key":"applicationmanagesites-display-component---NewSite--addressDetailDetailsLanguage"}]}
RESULT: undefined
COMMAND: POST /session/0da40b3565e00458be499c195ee792a0/execute/async - {"script":"<script> [776 bytes]","args":[{"enterText":"Romanian","selector":{"id":"application-managesites-display-component---NewSite--addressDetailDetailsLanguage","interaction":{"idSuffix":"inner"}},"clearTextFirst":true,"interactionType":"ENTER_TEXT"}]}
RESULT: {"script":"<script> [776 bytes]","args":[{"enterText":"Romanian","selector":{"id":"application-managesites-display-component---NewSite--addressDetailDetailsLanguage","interaction":{"idSuffix":"inner"}},"clearTextFirst":true,"interactionType":"ENTER_TEXT"}]}
COMMAND: POST /session/0da40b3565e00458be499c195ee792a0/execute/async - {"script":"<script> [1562 bytes]","args":[{"selector":{"id":"application-managesites-display-component---NewSite--addressDetailDetailsCity1","interaction":{"idSuffix":"inner"}},"wdio_ui5_key":"applicationmanagesites-display-component---NewSite--addressDetailDetailsCity1"}]}
RESULT: {"script":"<script> [1562 bytes]","args":[{"selector":{"id":"application-managesites-display-component---NewSite--addressDetailDetailsCity1","interaction":{"idSuffix":"inner"}},"wdio_ui5_key":"applicationmanagesites-display-component---NewSite--addressDetailDetailsCity1"}]}
RESULT: undefined
COMMAND: POST /session/0da40b3565e00458be499c195ee792a0/execute/async - {"script":"<script> [776 bytes]","args":[{"enterText":"Bucharest","selector":{"id":"application-managesites-display-component---NewSite--addressDetailDetailsCity1","interaction":{"idSuffix":"inner"}},"clearTextFirst":true,"interactionType":"ENTER_TEXT"}]}
RESULT: {"script":"<script> [776 bytes]","args":[{"enterText":"Bucharest","selector":{"id":"application-managesites-display-component---NewSite--addressDetailDetailsCity1","interaction":{"idSuffix":"inner"}},"clearTextFirst":true,"interactionType":"ENTER_TEXT"}]}
COMMAND: POST /session/0da40b3565e00458be499c195ee792a0/execute/async - {"script":"<script> [1562 bytes]","args":[{"selector":{"id":"application-managesites-display-component---NewSite--addressDetailDetailsCountry","interaction":{"idSuffix":"inner"}},"wdio_ui5_key":"applicationmanagesites-display-component---NewSite--addressDetailDetailsCountry"}]}
RESULT: {"script":"<script> [1562 bytes]","args":[{"selector":{"id":"application-managesites-display-component---NewSite--addressDetailDetailsCountry","interaction":{"idSuffix":"inner"}},"wdio_ui5_key":"applicationmanagesites-display-component---NewSite--addressDetailDetailsCountry"}]}
RESULT: undefined
COMMAND: POST /session/0da40b3565e00458be499c195ee792a0/execute/async - {"script":"<script> [776 bytes]","args":[{"enterText":"Romania","selector":{"id":"application-managesites-display-component---NewSite--addressDetailDetailsCountry","interaction":{"idSuffix":"inner"}},"clearTextFirst":true,"interactionType":"ENTER_TEXT"}]}
RESULT: {"script":"<script> [776 bytes]","args":[{"enterText":"Romania","selector":{"id":"application-managesites-display-component---NewSite--addressDetailDetailsCountry","interaction":{"idSuffix":"inner"}},"clearTextFirst":true,"interactionType":"ENTER_TEXT"}]}
COMMAND: POST /session/0da40b3565e00458be499c195ee792a0/element - {"using":"css selector","value":"#application-managesites-display-component---NewSite--addressDetailDetailsCalendar-inner"}
RESULT: {"using":"css selector","value":"#application-managesites-display-component---NewSite--addressDetailDetailsCalendar-inner"}
COMMAND: POST /session/0da40b3565e00458be499c195ee792a0/element/f.D7754C3881FFDFB2D136ECE2150A921F.d.299B1885DD468CCDDF9342DF4E60310E.e.2100/clear - {}
RESULT: {}
COMMAND: POST /session/0da40b3565e00458be499c195ee792a0/element/f.D7754C3881FFDFB2D136ECE2150A921F.d.299B1885DD468CCDDF9342DF4E60310E.e.2100/value - {"text":"Germany"}
COMMAND: GET /session/0da40b3565e00458be499c195ee792a0/screenshot - {}
RESULT: {"text":"Germany"}
COMMAND: POST /session/0da40b3565e00458be499c195ee792a0/execute/async - {"script":"<script> [1562 bytes]","args":[{"selector":{"id":"application-managesites-display-component---NewSite--addressEditDetailsCostObjectCstType-arrow"},"wdio_ui5_key":"applicationmanagesites-display-component---NewSite--addressEditDetailsCostObjectCstType-arrow"}]}
COMMAND: GET /session/0da40b3565e00458be499c195ee792a0/screenshot - {}
RESULT: {}
RESULT: {"script":"<script> [1562 bytes]","args":[{"selector":{"id":"application-managesites-display-component---NewSite--addressEditDetailsCostObjectCstType-arrow"},"wdio_ui5_key":"applicationmanagesites-display-component---NewSite--addressEditDetailsCostObjectCstType-arrow"}]}
RESULT: undefined
COMMAND: POST /session/0da40b3565e00458be499c195ee792a0/element - {"using":"xpath","value":"//*[@id=\"application-managesites-display-component---NewSite--addressEditDetailsCostObjectCstType-arrow\"]"}
RESULT: {}
RESULT: {"using":"xpath","value":"//*[@id=\"application-managesites-display-component---NewSite--addressEditDetailsCostObjectCstType-arrow\"]"}
COMMAND: POST /session/0da40b3565e00458be499c195ee792a0/element/f.D7754C3881FFDFB2D136ECE2150A921F.d.299B1885DD468CCDDF9342DF4E60310E.e.2259/click - {}
RESULT: {}
COMMAND: POST /session/0da40b3565e00458be499c195ee792a0/element - {"using":"xpath","value":"//span[contains(text(), \"Work Breakdown Structure\")]"}
COMMAND: GET /session/0da40b3565e00458be499c195ee792a0/screenshot - {}
RESULT: {"using":"xpath","value":"//span[contains(text(), \"Work Breakdown Structure\")]"}
COMMAND: POST /session/0da40b3565e00458be499c195ee792a0/element/f.D7754C3881FFDFB2D136ECE2150A921F.d.299B1885DD468CCDDF9342DF4E60310E.e.2261/click - {}
RESULT: {}
RESULT: {}
COMMAND: GET /session/0da40b3565e00458be499c195ee792a0/screenshot - {}
RESULT: {}
COMMAND: POST /session/0da40b3565e00458be499c195ee792a0/execute/async - {"script":"<script> [1562 bytes]","args":[{"selector":{"id":"application-managesites-display-component---NewSite--addressNewCostObjectCstID-vhi"},"wdio_ui5_key":"applicationmanagesites-display-component---NewSite--addressNewCostObjectCstID-vhi"}]}
RESULT: {"script":"<script> [1562 bytes]","args":[{"selector":{"id":"application-managesites-display-component---NewSite--addressNewCostObjectCstID-vhi"},"wdio_ui5_key":"applicationmanagesites-display-component---NewSite--addressNewCostObjectCstID-vhi"}]}
RESULT: undefined
COMMAND: POST /session/0da40b3565e00458be499c195ee792a0/element - {"using":"xpath","value":"//*[@id=\"application-managesites-display-component---NewSite--addressNewCostObjectCstID-vhi\"]"}
RESULT: {"using":"xpath","value":"//*[@id=\"application-managesites-display-component---NewSite--addressNewCostObjectCstID-vhi\"]"}
COMMAND: POST /session/0da40b3565e00458be499c195ee792a0/element/f.D7754C3881FFDFB2D136ECE2150A921F.d.299B1885DD468CCDDF9342DF4E60310E.e.2265/click - {}
RESULT: {}
COMMAND: GET /session/0da40b3565e00458be499c195ee792a0/screenshot - {}
RESULT: {}
COMMAND: POST /session/0da40b3565e00458be499c195ee792a0/execute/async - {"script":"<script> [1562 bytes]","args":[{"selector":{"controlType":"sap.m.SearchField","properties":{"placeholder":"Search"},"searchOpenDialogs":true,"interaction":{"idSuffix":"I"}},"wdio_ui5_key":"sapm.SearchField{\"placeholder\":\"Search\"}"}]}
RESULT: {"script":"<script> [1562 bytes]","args":[{"selector":{"controlType":"sap.m.SearchField","properties":{"placeholder":"Search"},"searchOpenDialogs":true,"interaction":{"idSuffix":"I"}},"wdio_ui5_key":"sapm.SearchField{\"placeholder\":\"Search\"}"}]}
RESULT: undefined
COMMAND: POST /session/0da40b3565e00458be499c195ee792a0/execute/async - {"script":"<script> [776 bytes]","args":[{"enterText":"A1-000100-01","selector":{"controlType":"sap.m.SearchField","properties":{"placeholder":"Search"},"searchOpenDialogs":true,"interaction":{"idSuffix":"I"}},"clearTextFirst":true,"interactionType":"ENTER_TEXT"}]}
RESULT: {"script":"<script> [776 bytes]","args":[{"enterText":"A1-000100-01","selector":{"controlType":"sap.m.SearchField","properties":{"placeholder":"Search"},"searchOpenDialogs":true,"interaction":{"idSuffix":"I"}},"clearTextFirst":true,"interactionType":"ENTER_TEXT"}]}
COMMAND: POST /session/0da40b3565e00458be499c195ee792a0/actions - {"actions":[{"id":"action3","type":"key","parameters":{},"actions":[{"type":"keyDown","value":"î€‡"},{"type":"pause","duration":10},{"type":"keyUp","value":"î€‡"}]}]}
RESULT: {"actions":[{"id":"action3","type":"key","parameters":{},"actions":[{"type":"keyDown","value":"î€‡"},{"type":"pause","duration":10},{"type":"keyUp","value":"î€‡"}]}]}
COMMAND: GET /session/0da40b3565e00458be499c195ee792a0/screenshot - {}
RESULT: {}
COMMAND: POST /session/0da40b3565e00458be499c195ee792a0/element - {"using":"xpath","value":"//span[contains(text(), \"Template for ETO-Process\")]"}
RESULT: {"using":"xpath","value":"//span[contains(text(), \"Template for ETO-Process\")]"}
COMMAND: POST /session/0da40b3565e00458be499c195ee792a0/element/f.D7754C3881FFDFB2D136ECE2150A921F.d.299B1885DD468CCDDF9342DF4E60310E.e.2285/click - {}
RESULT: {}
COMMAND: GET /session/0da40b3565e00458be499c195ee792a0/screenshot - {}
RESULT: {}
COMMAND: POST /session/0da40b3565e00458be499c195ee792a0/element - {"using":"xpath","value":"//bdi[contains(text(), \"OK\")]"}
RESULT: {"using":"xpath","value":"//bdi[contains(text(), \"OK\")]"}
COMMAND: POST /session/0da40b3565e00458be499c195ee792a0/element/f.D7754C3881FFDFB2D136ECE2150A921F.d.299B1885DD468CCDDF9342DF4E60310E.e.2286/click - {}
RESULT: {}
COMMAND: GET /session/0da40b3565e00458be499c195ee792a0/screenshot - {}
RESULT: {}
COMMAND: POST /session/0da40b3565e00458be499c195ee792a0/element - {"using":"xpath","value":"//input[@id=\"application-managesites-display-component---NewSite--addressDetailDetailsYard-inner\"]"}
RESULT: {"using":"xpath","value":"//input[@id=\"application-managesites-display-component---NewSite--addressDetailDetailsYard-inner\"]"}
COMMAND: POST /session/0da40b3565e00458be499c195ee792a0/element/f.D7754C3881FFDFB2D136ECE2150A921F.d.299B1885DD468CCDDF9342DF4E60310E.e.2101/value - {"text":"630"}
RESULT: {"text":"630"}
COMMAND: GET /session/0da40b3565e00458be499c195ee792a0/screenshot - {}
RESULT: {}
COMMAND: POST /session/0da40b3565e00458be499c195ee792a0/actions - {"actions":[{"id":"action4","type":"key","parameters":{},"actions":[{"type":"keyDown","value":"î€‡"},{"type":"pause","duration":10},{"type":"keyUp","value":"î€‡"}]}]}
RESULT: {"actions":[{"id":"action4","type":"key","parameters":{},"actions":[{"type":"keyDown","value":"î€‡"},{"type":"pause","duration":10},{"type":"keyUp","value":"î€‡"}]}]}
COMMAND: GET /session/0da40b3565e00458be499c195ee792a0/screenshot - {}
RESULT: {}
COMMAND: POST /session/0da40b3565e00458be499c195ee792a0/element - {"using":"xpath","value":"//input[@id=\"application-managesites-display-component---NewSite--addressDetailDetailsPartner-inner\"]"}
RESULT: {"using":"xpath","value":"//input[@id=\"application-managesites-display-component---NewSite--addressDetailDetailsPartner-inner\"]"}
COMMAND: POST /session/0da40b3565e00458be499c195ee792a0/elements - {"using":"xpath","value":"//input[@id=\"application-managesites-display-component---NewSite--addressDetailDetailsPartner-inner\"]"}
RESULT: {"using":"xpath","value":"//input[@id=\"application-managesites-display-component---NewSite--addressDetailDetailsPartner-inner\"]"}
COMMAND: POST /session/0da40b3565e00458be499c195ee792a0/execute/async - {"script":"<script> [1562 bytes]","args":[{"selector":{"controlType":"sap.m.Button","viewName":"etm.portal.ui.managesites.view.NewSmartSite","viewId":"application-managesites-display-component---NewSite","properties":{"text":"Commercial"},"interaction":{"idSuffix":"BDI-content"}},"wdio_ui5_key":"etmportal.ui.managesites.view.NewSmartSitesap.m.Button{\"text\":\"Commercial\"}"}]}
RESULT: {"script":"<script> [1562 bytes]","args":[{"selector":{"controlType":"sap.m.Button","viewName":"etm.portal.ui.managesites.view.NewSmartSite","viewId":"application-managesites-display-component---NewSite","properties":{"text":"Commercial"},"interaction":{"idSuffix":"BDI-content"}},"wdio_ui5_key":"etmportal.ui.managesites.view.NewSmartSitesap.m.Button{\"text\":\"Commercial\"}"}]}
RESULT: undefined
COMMAND: POST /session/0da40b3565e00458be499c195ee792a0/element - {"using":"xpath","value":"//*[@id=\"application-managesites-display-component---NewSite--ObjectPageLayout-anchBar-__section31-anchor\"]"}
RESULT: {"using":"xpath","value":"//*[@id=\"application-managesites-display-component---NewSite--ObjectPageLayout-anchBar-__section31-anchor\"]"}
COMMAND: POST /session/0da40b3565e00458be499c195ee792a0/element/f.D7754C3881FFDFB2D136ECE2150A921F.d.299B1885DD468CCDDF9342DF4E60310E.e.2293/click - {}
RESULT: {}
COMMAND: POST /session/0da40b3565e00458be499c195ee792a0/execute/async - {"script":"<script> [1562 bytes]","args":[{"selector":{"controlType":"sap.m.Button","viewName":"etm.portal.ui.managesites.view.NewSmartSite","viewId":"application-managesites-display-component---NewSite","i18NText":{"propertyName":"text","key":"save"},"interaction":{"idSuffix":"BDI-content"}},"wdio_ui5_key":"etmportal.ui.managesites.view.NewSmartSitesap.m.Button{\"propertyName\":\"text\",\"key\":\"save\"}"}]}
COMMAND: GET /session/0da40b3565e00458be499c195ee792a0/screenshot - {}
RESULT: {"script":"<script> [1562 bytes]","args":[{"selector":{"controlType":"sap.m.Button","viewName":"etm.portal.ui.managesites.view.NewSmartSite","viewId":"application-managesites-display-component---NewSite","i18NText":{"propertyName":"text","key":"save"},"interaction":{"idSuffix":"BDI-content"}},"wdio_ui5_key":"etmportal.ui.managesites.view.NewSmartSitesap.m.Button{\"propertyName\":\"text\",\"key\":\"save\"}"}]}
RESULT: undefined
COMMAND: POST /session/0da40b3565e00458be499c195ee792a0/element - {"using":"xpath","value":"//*[@id=\"__button64\"]"}
RESULT: {}
RESULT: {"using":"xpath","value":"//*[@id=\"__button64\"]"}
COMMAND: POST /session/0da40b3565e00458be499c195ee792a0/element/f.D7754C3881FFDFB2D136ECE2150A921F.d.299B1885DD468CCDDF9342DF4E60310E.e.2236/click - {}
RESULT: {}
COMMAND: GET /session/0da40b3565e00458be499c195ee792a0/screenshot - {}
RESULT: {}
COMMAND: POST /session/0da40b3565e00458be499c195ee792a0/execute/async - {"script":"<script> [1562 bytes]","args":[{"selector":{"id":"application-managesites-display-component---detailSite--addressDetailDetailsYardText"},"wdio_ui5_key":"applicationmanagesites-display-component---detailSite--addressDetailDetailsYardText"}]}
RESULT: {"script":"<script> [1562 bytes]","args":[{"selector":{"id":"application-managesites-display-component---detailSite--addressDetailDetailsYardText"},"wdio_ui5_key":"applicationmanagesites-display-component---detailSite--addressDetailDetailsYardText"}]}
RESULT: undefined
COMMAND: POST /session/0da40b3565e00458be499c195ee792a0/element - {"using":"xpath","value":"//header/div/div[2]/div[2]/span"}
RESULT: {"using":"xpath","value":"//header/div/div[2]/div[2]/span"}
COMMAND: GET /session/0da40b3565e00458be499c195ee792a0/element/f.D7754C3881FFDFB2D136ECE2150A921F.d.299B1885DD468CCDDF9342DF4E60310E.e.2495/text - {}
RESULT: {}
COMMAND: POST /session/0da40b3565e00458be499c195ee792a0/element - {"using":"xpath","value":"//header/div/div/div/div/div/div[2]/div/span"}
RESULT: {"using":"xpath","value":"//header/div/div/div/div/div/div[2]/div/span"}
COMMAND: GET /session/0da40b3565e00458be499c195ee792a0/element/f.D7754C3881FFDFB2D136ECE2150A921F.d.299B1885DD468CCDDF9342DF4E60310E.e.2496/text - {}
RESULT: {}
COMMAND: POST /session/0da40b3565e00458be499c195ee792a0/element - {"using":"css selector","value":"#shell-header-logo"}
RESULT: {"using":"css selector","value":"#shell-header-logo"}
COMMAND: POST /session/0da40b3565e00458be499c195ee792a0/element/f.D7754C3881FFDFB2D136ECE2150A921F.d.299B1885DD468CCDDF9342DF4E60310E.e.1843/click - {}
RESULT: {}
COMMAND: GET /session/0da40b3565e00458be499c195ee792a0/screenshot - {}
RESULT: {}
COMMAND: POST /session/0da40b3565e00458be499c195ee792a0/execute/async - {"script":"<script> [1562 bytes]","args":[{"selector":{"controlType":"sap.m.GenericTile","properties":{"header":"Manage Resources"}},"wdio_ui5_key":"sapm.GenericTile{\"header\":\"Manage Resources\"}"}]}
RESULT: {"script":"<script> [1562 bytes]","args":[{"selector":{"controlType":"sap.m.GenericTile","properties":{"header":"Manage Resources"}},"wdio_ui5_key":"sapm.GenericTile{\"header\":\"Manage Resources\"}"}]}
RESULT: undefined
COMMAND: POST /session/0da40b3565e00458be499c195ee792a0/element - {"using":"xpath","value":"//*[@id=\"__tile39\"]"}
RESULT: {"using":"xpath","value":"//*[@id=\"__tile39\"]"}
COMMAND: POST /session/0da40b3565e00458be499c195ee792a0/element/f.D7754C3881FFDFB2D136ECE2150A921F.d.299B1885DD468CCDDF9342DF4E60310E.e.2498/click - {}
RESULT: {}
COMMAND: GET /session/0da40b3565e00458be499c195ee792a0/screenshot - {}
RESULT: {}
COMMAND: POST /session/0da40b3565e00458be499c195ee792a0/element - {"using":"xpath","value":"//button[@data-kt=\"addNewRUOverflowToolbarButton\"]"}
RESULT: {"using":"xpath","value":"//button[@data-kt=\"addNewRUOverflowToolbarButton\"]"}
COMMAND: POST /session/0da40b3565e00458be499c195ee792a0/element - {"using":"xpath","value":"//button[@data-kt=\"addNewRUOverflowToolbarButton\"]"}
RESULT: {"using":"xpath","value":"//button[@data-kt=\"addNewRUOverflowToolbarButton\"]"}
COMMAND: POST /session/0da40b3565e00458be499c195ee792a0/element - {"using":"xpath","value":"//button[@data-kt=\"addNewRUOverflowToolbarButton\"]"}
RESULT: {"using":"xpath","value":"//button[@data-kt=\"addNewRUOverflowToolbarButton\"]"}
COMMAND: POST /session/0da40b3565e00458be499c195ee792a0/execute/sync - {"script":"<script> [8489 bytes]","args":[{"element-6066-11e4-a52e-4f735466cecf":"f.D7754C3881FFDFB2D136ECE2150A921F.d.299B1885DD468CCDDF9342DF4E60310E.e.2540","ELEMENT":"f.D7754C3881FFDFB2D136ECE2150A921F.d.299B1885DD468CCDDF9342DF4E60310E.e.2540"}]}
RESULT: {"script":"<script> [8489 bytes]","args":[{"element-6066-11e4-a52e-4f735466cecf":"f.D7754C3881FFDFB2D136ECE2150A921F.d.299B1885DD468CCDDF9342DF4E60310E.e.2540","ELEMENT":"f.D7754C3881FFDFB2D136ECE2150A921F.d.299B1885DD468CCDDF9342DF4E60310E.e.2540"}]}
COMMAND: POST /session/0da40b3565e00458be499c195ee792a0/element/f.D7754C3881FFDFB2D136ECE2150A921F.d.299B1885DD468CCDDF9342DF4E60310E.e.2540/click - {}
COMMAND: GET /session/0da40b3565e00458be499c195ee792a0/screenshot - {}
RESULT: {}
COMMAND: POST /session/0da40b3565e00458be499c195ee792a0/execute/async - {"script":"<script> [1562 bytes]","args":[{"selector":{"id":"application-manageresources-display-component---newResourceUnit--TYPE-arrow"},"wdio_ui5_key":"applicationmanageresources-display-component---newResourceUnit--TYPE-arrow"}]}
COMMAND: GET /session/0da40b3565e00458be499c195ee792a0/screenshot - {}
RESULT: {}
RESULT: {"script":"<script> [1562 bytes]","args":[{"selector":{"id":"application-manageresources-display-component---newResourceUnit--TYPE-arrow"},"wdio_ui5_key":"applicationmanageresources-display-component---newResourceUnit--TYPE-arrow"}]}
RESULT: undefined
COMMAND: POST /session/0da40b3565e00458be499c195ee792a0/element - {"using":"xpath","value":"//*[@id=\"application-manageresources-display-component---newResourceUnit--TYPE-arrow\"]"}
RESULT: {}
RESULT: {"using":"xpath","value":"//*[@id=\"application-manageresources-display-component---newResourceUnit--TYPE-arrow\"]"}
COMMAND: POST /session/0da40b3565e00458be499c195ee792a0/element/f.D7754C3881FFDFB2D136ECE2150A921F.d.299B1885DD468CCDDF9342DF4E60310E.e.2864/click - {}
RESULT: {}
COMMAND: POST /session/0da40b3565e00458be499c195ee792a0/execute/async - {"script":"<script> [1562 bytes]","args":[{"selector":{"controlType":"sap.m.StandardListItem","viewName":"reusables.view.manageresources.NewResourceUnit","viewId":"application-manageresources-display-component---newResourceUnit","properties":{"title":"Material"},"searchOpenDialogs":true,"interaction":{"idSuffix":"titleText"}},"wdio_ui5_key":"reusablesview.manageresources.NewResourceUnitsap.m.StandardListItem{\"title\":\"Material\"}"}]}
COMMAND: GET /session/0da40b3565e00458be499c195ee792a0/screenshot - {}
RESULT: {"script":"<script> [1562 bytes]","args":[{"selector":{"controlType":"sap.m.StandardListItem","viewName":"reusables.view.manageresources.NewResourceUnit","viewId":"application-manageresources-display-component---newResourceUnit","properties":{"title":"Material"},"searchOpenDialogs":true,"interaction":{"idSuffix":"titleText"}},"wdio_ui5_key":"reusablesview.manageresources.NewResourceUnitsap.m.StandardListItem{\"title\":\"Material\"}"}]}
RESULT: undefined
COMMAND: POST /session/0da40b3565e00458be499c195ee792a0/element - {"using":"xpath","value":"//*[@id=\"__item1214\"]"}
RESULT: {}
RESULT: {"using":"xpath","value":"//*[@id=\"__item1214\"]"}
COMMAND: POST /session/0da40b3565e00458be499c195ee792a0/element/f.D7754C3881FFDFB2D136ECE2150A921F.d.299B1885DD468CCDDF9342DF4E60310E.e.2867/click - {}
RESULT: {}
COMMAND: POST /session/0da40b3565e00458be499c195ee792a0/execute/async - {"script":"<script> [1562 bytes]","args":[{"selector":{"id":"application-manageresources-display-component---newResourceUnit--SHORT_TEXT","interaction":{"idSuffix":"inner"}},"wdio_ui5_key":"applicationmanageresources-display-component---newResourceUnit--SHORT_TEXT"}]}
COMMAND: GET /session/0da40b3565e00458be499c195ee792a0/screenshot - {}
RESULT: {"script":"<script> [1562 bytes]","args":[{"selector":{"id":"application-manageresources-display-component---newResourceUnit--SHORT_TEXT","interaction":{"idSuffix":"inner"}},"wdio_ui5_key":"applicationmanageresources-display-component---newResourceUnit--SHORT_TEXT"}]}
RESULT: undefined
COMMAND: POST /session/0da40b3565e00458be499c195ee792a0/execute/async - {"script":"<script> [776 bytes]","args":[{"enterText":"WebdriverRUR2Cedhul","selector":{"id":"application-manageresources-display-component---newResourceUnit--SHORT_TEXT","interaction":{"idSuffix":"inner"}},"clearTextFirst":true,"interactionType":"ENTER_TEXT"}]}
RESULT: {}
RESULT: {"script":"<script> [776 bytes]","args":[{"enterText":"WebdriverRUR2Cedhul","selector":{"id":"application-manageresources-display-component---newResourceUnit--SHORT_TEXT","interaction":{"idSuffix":"inner"}},"clearTextFirst":true,"interactionType":"ENTER_TEXT"}]}
COMMAND: POST /session/0da40b3565e00458be499c195ee792a0/execute/async - {"script":"<script> [1562 bytes]","args":[{"selector":{"id":"application-manageresources-display-component---newResourceUnit--BASE_UNIT_OF_MEASURE-arrow"},"wdio_ui5_key":"applicationmanageresources-display-component---newResourceUnit--BASE_UNIT_OF_MEASURE-arrow"}]}
RESULT: {"script":"<script> [1562 bytes]","args":[{"selector":{"id":"application-manageresources-display-component---newResourceUnit--BASE_UNIT_OF_MEASURE-arrow"},"wdio_ui5_key":"applicationmanageresources-display-component---newResourceUnit--BASE_UNIT_OF_MEASURE-arrow"}]}
RESULT: undefined
COMMAND: POST /session/0da40b3565e00458be499c195ee792a0/element - {"using":"xpath","value":"//*[@id=\"application-manageresources-display-component---newResourceUnit--BASE_UNIT_OF_MEASURE-arrow\"]"}
RESULT: {"using":"xpath","value":"//*[@id=\"application-manageresources-display-component---newResourceUnit--BASE_UNIT_OF_MEASURE-arrow\"]"}
COMMAND: POST /session/0da40b3565e00458be499c195ee792a0/element/f.D7754C3881FFDFB2D136ECE2150A921F.d.299B1885DD468CCDDF9342DF4E60310E.e.2923/click - {}
RESULT: {}
COMMAND: POST /session/0da40b3565e00458be499c195ee792a0/execute/async - {"script":"<script> [1562 bytes]","args":[{"selector":{"controlType":"sap.m.StandardListItem","viewName":"reusables.view.manageresources.NewResourceUnit","viewId":"application-manageresources-display-component---newResourceUnit","properties":{"title":"Piece"},"searchOpenDialogs":true,"interaction":{"idSuffix":"titleText"}},"wdio_ui5_key":"reusablesview.manageresources.NewResourceUnitsap.m.StandardListItem{\"title\":\"Piece\"}"}]}
COMMAND: GET /session/0da40b3565e00458be499c195ee792a0/screenshot - {}
RESULT: {"script":"<script> [1562 bytes]","args":[{"selector":{"controlType":"sap.m.StandardListItem","viewName":"reusables.view.manageresources.NewResourceUnit","viewId":"application-manageresources-display-component---newResourceUnit","properties":{"title":"Piece"},"searchOpenDialogs":true,"interaction":{"idSuffix":"titleText"}},"wdio_ui5_key":"reusablesview.manageresources.NewResourceUnitsap.m.StandardListItem{\"title\":\"Piece\"}"}]}
RESULT: undefined
COMMAND: POST /session/0da40b3565e00458be499c195ee792a0/element - {"using":"xpath","value":"//*[@id=\"__item1258\"]"}
RESULT: {}
RESULT: {"using":"xpath","value":"//*[@id=\"__item1258\"]"}
COMMAND: POST /session/0da40b3565e00458be499c195ee792a0/element/f.D7754C3881FFDFB2D136ECE2150A921F.d.299B1885DD468CCDDF9342DF4E60310E.e.2925/click - {}
RESULT: {}
COMMAND: POST /session/0da40b3565e00458be499c195ee792a0/element - {"using":"xpath","value":"//input[contains(@id ,\"application-manageresources-display-component---newResourceUnit--SHORT_TEXT-inner\")]"}
COMMAND: GET /session/0da40b3565e00458be499c195ee792a0/screenshot - {}
RESULT: {"using":"xpath","value":"//input[contains(@id ,\"application-manageresources-display-component---newResourceUnit--SHORT_TEXT-inner\")]"}
COMMAND: GET /session/0da40b3565e00458be499c195ee792a0/element/f.D7754C3881FFDFB2D136ECE2150A921F.d.299B1885DD468CCDDF9342DF4E60310E.e.2884/property/value - {}
RESULT: {}
RESULT: {}
COMMAND: POST /session/0da40b3565e00458be499c195ee792a0/execute/async - {"script":"<script> [1562 bytes]","args":[{"selector":{"id":"application-manageresources-display-component---newResourceUnit--WEIGHT_UNIT-arrow"},"wdio_ui5_key":"applicationmanageresources-display-component---newResourceUnit--WEIGHT_UNIT-arrow"}]}
COMMAND: GET /session/0da40b3565e00458be499c195ee792a0/screenshot - {}
RESULT: {"script":"<script> [1562 bytes]","args":[{"selector":{"id":"application-manageresources-display-component---newResourceUnit--WEIGHT_UNIT-arrow"},"wdio_ui5_key":"applicationmanageresources-display-component---newResourceUnit--WEIGHT_UNIT-arrow"}]}
RESULT: undefined
COMMAND: POST /session/0da40b3565e00458be499c195ee792a0/element - {"using":"xpath","value":"//*[@id=\"application-manageresources-display-component---newResourceUnit--WEIGHT_UNIT-arrow\"]"}
RESULT: {}
RESULT: {"using":"xpath","value":"//*[@id=\"application-manageresources-display-component---newResourceUnit--WEIGHT_UNIT-arrow\"]"}
COMMAND: POST /session/0da40b3565e00458be499c195ee792a0/element/f.D7754C3881FFDFB2D136ECE2150A921F.d.299B1885DD468CCDDF9342DF4E60310E.e.2926/click - {}
RESULT: {}
COMMAND: POST /session/0da40b3565e00458be499c195ee792a0/execute/async - {"script":"<script> [1562 bytes]","args":[{"selector":{"controlType":"sap.m.StandardListItem","viewName":"reusables.view.manageresources.NewResourceUnit","viewId":"application-manageresources-display-component---newResourceUnit","properties":{"title":"Gram"},"searchOpenDialogs":true,"interaction":{"idSuffix":"content"}},"wdio_ui5_key":"reusablesview.manageresources.NewResourceUnitsap.m.StandardListItem{\"title\":\"Gram\"}"}]}
COMMAND: GET /session/0da40b3565e00458be499c195ee792a0/screenshot - {}
RESULT: {"script":"<script> [1562 bytes]","args":[{"selector":{"controlType":"sap.m.StandardListItem","viewName":"reusables.view.manageresources.NewResourceUnit","viewId":"application-manageresources-display-component---newResourceUnit","properties":{"title":"Gram"},"searchOpenDialogs":true,"interaction":{"idSuffix":"content"}},"wdio_ui5_key":"reusablesview.manageresources.NewResourceUnitsap.m.StandardListItem{\"title\":\"Gram\"}"}]}
RESULT: undefined
COMMAND: POST /session/0da40b3565e00458be499c195ee792a0/element - {"using":"xpath","value":"//*[@id=\"__item1323\"]"}
RESULT: {}
RESULT: {"using":"xpath","value":"//*[@id=\"__item1323\"]"}
COMMAND: POST /session/0da40b3565e00458be499c195ee792a0/element/f.D7754C3881FFDFB2D136ECE2150A921F.d.299B1885DD468CCDDF9342DF4E60310E.e.2928/click - {}
RESULT: {}
COMMAND: POST /session/0da40b3565e00458be499c195ee792a0/execute/async - {"script":"<script> [1562 bytes]","args":[{"selector":{"id":"application-manageresources-display-component---newResourceUnit--newRRUPage-OPHeaderContent-collapseBtn-img"},"wdio_ui5_key":"applicationmanageresources-display-component---newResourceUnit--newRRUPage-OPHeaderContent-collapseBtn-img"}]}
COMMAND: GET /session/0da40b3565e00458be499c195ee792a0/screenshot - {}
RESULT: {"script":"<script> [1562 bytes]","args":[{"selector":{"id":"application-manageresources-display-component---newResourceUnit--newRRUPage-OPHeaderContent-collapseBtn-img"},"wdio_ui5_key":"applicationmanageresources-display-component---newResourceUnit--newRRUPage-OPHeaderContent-collapseBtn-img"}]}
RESULT: undefined
COMMAND: POST /session/0da40b3565e00458be499c195ee792a0/element - {"using":"xpath","value":"//*[@id=\"application-manageresources-display-component---newResourceUnit--newRRUPage-OPHeaderContent-collapseBtn-img\"]"}
RESULT: {}
RESULT: {"using":"xpath","value":"//*[@id=\"application-manageresources-display-component---newResourceUnit--newRRUPage-OPHeaderContent-collapseBtn-img\"]"}
COMMAND: POST /session/0da40b3565e00458be499c195ee792a0/element/f.D7754C3881FFDFB2D136ECE2150A921F.d.299B1885DD468CCDDF9342DF4E60310E.e.2874/click - {}
RESULT: {}
COMMAND: GET /session/0da40b3565e00458be499c195ee792a0/screenshot - {}
RESULT: {}
COMMAND: POST /session/0da40b3565e00458be499c195ee792a0/element - {"using":"xpath","value":"(//span[contains(@id ,\"application-manageresources-display-component---newResourceUnit--DIMENSION_UNIT-arrow\")])[1]"}
RESULT: {"using":"xpath","value":"(//span[contains(@id ,\"application-manageresources-display-component---newResourceUnit--DIMENSION_UNIT-arrow\")])[1]"}
COMMAND: POST /session/0da40b3565e00458be499c195ee792a0/element/f.D7754C3881FFDFB2D136ECE2150A921F.d.299B1885DD468CCDDF9342DF4E60310E.e.2934/click - {}
RESULT: {}
COMMAND: GET /session/0da40b3565e00458be499c195ee792a0/screenshot - {}
RESULT: {}
COMMAND: POST /session/0da40b3565e00458be499c195ee792a0/execute/async - {"script":"<script> [1562 bytes]","args":[{"selector":{"controlType":"sap.m.StandardListItem","viewName":"reusables.view.manageresources.NewResourceUnit","viewId":"application-manageresources-display-component---newResourceUnit","properties":{"title":"Centimeter"},"searchOpenDialogs":true,"interaction":{"idSuffix":"titleText"}},"wdio_ui5_key":"reusablesview.manageresources.NewResourceUnitsap.m.StandardListItem{\"title\":\"Centimeter\"}"}]}
RESULT: {"script":"<script> [1562 bytes]","args":[{"selector":{"controlType":"sap.m.StandardListItem","viewName":"reusables.view.manageresources.NewResourceUnit","viewId":"application-manageresources-display-component---newResourceUnit","properties":{"title":"Centimeter"},"searchOpenDialogs":true,"interaction":{"idSuffix":"titleText"}},"wdio_ui5_key":"reusablesview.manageresources.NewResourceUnitsap.m.StandardListItem{\"title\":\"Centimeter\"}"}]}
RESULT: undefined
COMMAND: POST /session/0da40b3565e00458be499c195ee792a0/element - {"using":"xpath","value":"//*[@id=\"__item1326\"]"}
RESULT: {"using":"xpath","value":"//*[@id=\"__item1326\"]"}
COMMAND: POST /session/0da40b3565e00458be499c195ee792a0/element/f.D7754C3881FFDFB2D136ECE2150A921F.d.299B1885DD468CCDDF9342DF4E60310E.e.2936/click - {}
RESULT: {}
COMMAND: POST /session/0da40b3565e00458be499c195ee792a0/execute/async - {"script":"<script> [1562 bytes]","args":[{"selector":{"id":"application-manageresources-display-component---newResourceUnit--newRRUPage-anchBar-application-manageresources-display-component---newResourceUnit--reference-anchor","interaction":{"idSuffix":"BDI-content"}},"wdio_ui5_key":"applicationmanageresources-display-component---newResourceUnit--newRRUPage-anchBar-application-manageresources-display-component---newResourceUnit--reference-anchor"}]}
COMMAND: GET /session/0da40b3565e00458be499c195ee792a0/screenshot - {}
RESULT: {"script":"<script> [1562 bytes]","args":[{"selector":{"id":"application-manageresources-display-component---newResourceUnit--newRRUPage-anchBar-application-manageresources-display-component---newResourceUnit--reference-anchor","interaction":{"idSuffix":"BDI-content"}},"wdio_ui5_key":"applicationmanageresources-display-component---newResourceUnit--newRRUPage-anchBar-application-manageresources-display-component---newResourceUnit--reference-anchor"}]}
RESULT: undefined
COMMAND: POST /session/0da40b3565e00458be499c195ee792a0/element - {"using":"xpath","value":"//*[@id=\"application-manageresources-display-component---newResourceUnit--newRRUPage-anchBar-application-manageresources-display-component---newResourceUnit--reference-anchor\"]"}
RESULT: {}
RESULT: {"using":"xpath","value":"//*[@id=\"application-manageresources-display-component---newResourceUnit--newRRUPage-anchBar-application-manageresources-display-component---newResourceUnit--reference-anchor\"]"}
COMMAND: POST /session/0da40b3565e00458be499c195ee792a0/element/f.D7754C3881FFDFB2D136ECE2150A921F.d.299B1885DD468CCDDF9342DF4E60310E.e.2938/click - {}
RESULT: {}
COMMAND: POST /session/0da40b3565e00458be499c195ee792a0/execute/async - {"script":"<script> [1562 bytes]","args":[{"selector":{"id":"application-manageresources-display-component---newResourceUnit--PLANNING_GROUP-arrow"},"wdio_ui5_key":"applicationmanageresources-display-component---newResourceUnit--PLANNING_GROUP-arrow"}]}
COMMAND: GET /session/0da40b3565e00458be499c195ee792a0/screenshot - {}
RESULT: {"script":"<script> [1562 bytes]","args":[{"selector":{"id":"application-manageresources-display-component---newResourceUnit--PLANNING_GROUP-arrow"},"wdio_ui5_key":"applicationmanageresources-display-component---newResourceUnit--PLANNING_GROUP-arrow"}]}
RESULT: undefined
COMMAND: POST /session/0da40b3565e00458be499c195ee792a0/element - {"using":"xpath","value":"//*[@id=\"application-manageresources-display-component---newResourceUnit--PLANNING_GROUP-arrow\"]"}
RESULT: {}
RESULT: {"using":"xpath","value":"//*[@id=\"application-manageresources-display-component---newResourceUnit--PLANNING_GROUP-arrow\"]"}
COMMAND: POST /session/0da40b3565e00458be499c195ee792a0/element/f.D7754C3881FFDFB2D136ECE2150A921F.d.299B1885DD468CCDDF9342DF4E60310E.e.2941/click - {}
RESULT: {}
COMMAND: POST /session/0da40b3565e00458be499c195ee792a0/execute/async - {"script":"<script> [1562 bytes]","args":[{"selector":{"controlType":"sap.m.StandardListItem","viewName":"reusables.view.manageresources.NewResourceUnit","viewId":"application-manageresources-display-component---newResourceUnit","properties":{"title":"Heavy Equi"},"searchOpenDialogs":true,"interaction":{"idSuffix":"content"}},"wdio_ui5_key":"reusablesview.manageresources.NewResourceUnitsap.m.StandardListItem{\"title\":\"Heavy Equi\"}"}]}
COMMAND: GET /session/0da40b3565e00458be499c195ee792a0/screenshot - {}
RESULT: {"script":"<script> [1562 bytes]","args":[{"selector":{"controlType":"sap.m.StandardListItem","viewName":"reusables.view.manageresources.NewResourceUnit","viewId":"application-manageresources-display-component---newResourceUnit","properties":{"title":"Heavy Equi"},"searchOpenDialogs":true,"interaction":{"idSuffix":"content"}},"wdio_ui5_key":"reusablesview.manageresources.NewResourceUnitsap.m.StandardListItem{\"title\":\"Heavy Equi\"}"}]}
RESULT: undefined
COMMAND: POST /session/0da40b3565e00458be499c195ee792a0/element - {"using":"xpath","value":"//*[@id=\"__item1334\"]"}
RESULT: {}
RESULT: {"using":"xpath","value":"//*[@id=\"__item1334\"]"}
COMMAND: POST /session/0da40b3565e00458be499c195ee792a0/element/f.D7754C3881FFDFB2D136ECE2150A921F.d.299B1885DD468CCDDF9342DF4E60310E.e.2945/click - {}
RESULT: {}
COMMAND: GET /session/0da40b3565e00458be499c195ee792a0/screenshot - {}
RESULT: {}
COMMAND: POST /session/0da40b3565e00458be499c195ee792a0/execute/async - {"script":"<script> [1562 bytes]","args":[{"selector":{"id":"application-manageresources-display-component---newResourceUnit--PLANNING_INDICATOR-arrow"},"wdio_ui5_key":"applicationmanageresources-display-component---newResourceUnit--PLANNING_INDICATOR-arrow"}]}
RESULT: {"script":"<script> [1562 bytes]","args":[{"selector":{"id":"application-manageresources-display-component---newResourceUnit--PLANNING_INDICATOR-arrow"},"wdio_ui5_key":"applicationmanageresources-display-component---newResourceUnit--PLANNING_INDICATOR-arrow"}]}
RESULT: undefined
COMMAND: POST /session/0da40b3565e00458be499c195ee792a0/element - {"using":"xpath","value":"//*[@id=\"application-manageresources-display-component---newResourceUnit--PLANNING_INDICATOR-arrow\"]"}
RESULT: {"using":"xpath","value":"//*[@id=\"application-manageresources-display-component---newResourceUnit--PLANNING_INDICATOR-arrow\"]"}
COMMAND: POST /session/0da40b3565e00458be499c195ee792a0/element/f.D7754C3881FFDFB2D136ECE2150A921F.d.299B1885DD468CCDDF9342DF4E60310E.e.2946/click - {}
RESULT: {}
COMMAND: POST /session/0da40b3565e00458be499c195ee792a0/execute/async - {"script":"<script> [1562 bytes]","args":[{"selector":{"controlType":"sap.m.StandardListItem","viewName":"reusables.view.manageresources.NewResourceUnit","viewId":"application-manageresources-display-component---newResourceUnit","properties":{"title":"10 - infinite"},"searchOpenDialogs":true,"interaction":{"idSuffix":"content"}},"wdio_ui5_key":"reusablesview.manageresources.NewResourceUnitsap.m.StandardListItem{\"title\":\"10 - infinite\"}"}]}
COMMAND: GET /session/0da40b3565e00458be499c195ee792a0/screenshot - {}
RESULT: {"script":"<script> [1562 bytes]","args":[{"selector":{"controlType":"sap.m.StandardListItem","viewName":"reusables.view.manageresources.NewResourceUnit","viewId":"application-manageresources-display-component---newResourceUnit","properties":{"title":"10 - infinite"},"searchOpenDialogs":true,"interaction":{"idSuffix":"content"}},"wdio_ui5_key":"reusablesview.manageresources.NewResourceUnitsap.m.StandardListItem{\"title\":\"10 - infinite\"}"}]}
RESULT: undefined
COMMAND: POST /session/0da40b3565e00458be499c195ee792a0/element - {"using":"xpath","value":"//*[@id=\"__item1344\"]"}
RESULT: {}
RESULT: {"using":"xpath","value":"//*[@id=\"__item1344\"]"}
COMMAND: POST /session/0da40b3565e00458be499c195ee792a0/element/f.D7754C3881FFDFB2D136ECE2150A921F.d.299B1885DD468CCDDF9342DF4E60310E.e.2948/click - {}
RESULT: {}
COMMAND: GET /session/0da40b3565e00458be499c195ee792a0/screenshot - {}
RESULT: {}
COMMAND: POST /session/0da40b3565e00458be499c195ee792a0/element - {"using":"xpath","value":"//bdi[contains(text(), \"Time Segment\")]"}
RESULT: {"using":"xpath","value":"//bdi[contains(text(), \"Time Segment\")]"}
COMMAND: GET /session/0da40b3565e00458be499c195ee792a0/element/f.D7754C3881FFDFB2D136ECE2150A921F.d.299B1885DD468CCDDF9342DF4E60310E.e.2949/rect - {}
RESULT: {}
COMMAND: GET /session/0da40b3565e00458be499c195ee792a0/window/rect - {}
RESULT: {}
COMMAND: POST /session/0da40b3565e00458be499c195ee792a0/execute/sync - {"script":"<script> [92 bytes]","args":[]}
RESULT: {"script":"<script> [92 bytes]","args":[]}
COMMAND: POST /session/0da40b3565e00458be499c195ee792a0/actions - {"actions":[{"id":"action5","type":"wheel","parameters":{},"actions":[{"type":"scroll","x":-1820,"y":-21,"deltaX":0,"deltaY":0,"duration":0,"origin":{"element-6066-11e4-a52e-4f735466cecf":"f.D7754C3881FFDFB2D136ECE2150A921F.d.299B1885DD468CCDDF9342DF4E60310E.e.2949"}}]}]}
COMMAND: GET /session/0da40b3565e00458be499c195ee792a0/screenshot - {}
RESULT: {}
COMMAND: POST /session/0da40b3565e00458be499c195ee792a0/execute/sync - {"script":"<script> [79 bytes]","args":[{"element-6066-11e4-a52e-4f735466cecf":"f.D7754C3881FFDFB2D136ECE2150A921F.d.299B1885DD468CCDDF9342DF4E60310E.e.2949","ELEMENT":"f.D7754C3881FFDFB2D136ECE2150A921F.d.299B1885DD468CCDDF9342DF4E60310E.e.2949"},{"block":"start","inline":"nearest"}]}
RESULT: {"script":"<script> [79 bytes]","args":[{"element-6066-11e4-a52e-4f735466cecf":"f.D7754C3881FFDFB2D136ECE2150A921F.d.299B1885DD468CCDDF9342DF4E60310E.e.2949","ELEMENT":"f.D7754C3881FFDFB2D136ECE2150A921F.d.299B1885DD468CCDDF9342DF4E60310E.e.2949"},{"block":"start","inline":"nearest"}]}
COMMAND: GET /session/0da40b3565e00458be499c195ee792a0/screenshot - {}
RESULT: {}
COMMAND: POST /session/0da40b3565e00458be499c195ee792a0/element - {"using":"xpath","value":"//span[@id=\"application-manageresources-display-component---newResourceUnit--btnAddTimeSegment-img\"]"}
RESULT: {"using":"xpath","value":"//span[@id=\"application-manageresources-display-component---newResourceUnit--btnAddTimeSegment-img\"]"}
COMMAND: POST /session/0da40b3565e00458be499c195ee792a0/execute/sync - {"script":"<script> [8489 bytes]","args":[{"element-6066-11e4-a52e-4f735466cecf":"f.D7754C3881FFDFB2D136ECE2150A921F.d.299B1885DD468CCDDF9342DF4E60310E.e.2952","ELEMENT":"f.D7754C3881FFDFB2D136ECE2150A921F.d.299B1885DD468CCDDF9342DF4E60310E.e.2952"}]}
RESULT: {"script":"<script> [8489 bytes]","args":[{"element-6066-11e4-a52e-4f735466cecf":"f.D7754C3881FFDFB2D136ECE2150A921F.d.299B1885DD468CCDDF9342DF4E60310E.e.2952","ELEMENT":"f.D7754C3881FFDFB2D136ECE2150A921F.d.299B1885DD468CCDDF9342DF4E60310E.e.2952"}]}
COMMAND: POST /session/0da40b3565e00458be499c195ee792a0/element/f.D7754C3881FFDFB2D136ECE2150A921F.d.299B1885DD468CCDDF9342DF4E60310E.e.2952/click - {}
COMMAND: GET /session/0da40b3565e00458be499c195ee792a0/screenshot - {}
RESULT: {}
COMMAND: GET /session/0da40b3565e00458be499c195ee792a0/screenshot - {}
RESULT: {}
COMMAND: POST /session/0da40b3565e00458be499c195ee792a0/element - {"using":"xpath","value":"//input[@id=\"application-manageresources-display-component---newResourceUnit--idRuTSAdmin-application-manageresources-display-component---newResourceUnit--RUTimeSegment-0-inner\"]"}
RESULT: {}
RESULT: {"using":"xpath","value":"//input[@id=\"application-manageresources-display-component---newResourceUnit--idRuTSAdmin-application-manageresources-display-component---newResourceUnit--RUTimeSegment-0-inner\"]"}
COMMAND: POST /session/0da40b3565e00458be499c195ee792a0/element/f.D7754C3881FFDFB2D136ECE2150A921F.d.299B1885DD468CCDDF9342DF4E60310E.e.2955/clear - {}
RESULT: {}
COMMAND: POST /session/0da40b3565e00458be499c195ee792a0/element/f.D7754C3881FFDFB2D136ECE2150A921F.d.299B1885DD468CCDDF9342DF4E60310E.e.2955/value - {"text":"WebdriverYardko14c"}
COMMAND: GET /session/0da40b3565e00458be499c195ee792a0/screenshot - {}
RESULT: {"text":"WebdriverYardko14c"}
COMMAND: GET /session/0da40b3565e00458be499c195ee792a0/screenshot - {}
RESULT: {}
RESULT: {}
COMMAND: POST /session/0da40b3565e00458be499c195ee792a0/actions - {"actions":[{"id":"action6","type":"key","parameters":{},"actions":[{"type":"keyDown","value":"î€‡"},{"type":"pause","duration":10},{"type":"keyUp","value":"î€‡"}]}]}
RESULT: {"actions":[{"id":"action6","type":"key","parameters":{},"actions":[{"type":"keyDown","value":"î€‡"},{"type":"pause","duration":10},{"type":"keyUp","value":"î€‡"}]}]}
COMMAND: GET /session/0da40b3565e00458be499c195ee792a0/screenshot - {}
RESULT: {}
COMMAND: POST /session/0da40b3565e00458be499c195ee792a0/execute/async - {"script":"<script> [1562 bytes]","args":[{"selector":{"controlType":"sap.m.Button","viewName":"reusables.view.manageresources.NewResourceUnit","viewId":"application-manageresources-display-component---newResourceUnit","i18NText":{"propertyName":"tooltip","key":"save"},"interaction":{"idSuffix":"BDI-content"}},"wdio_ui5_key":"reusablesview.manageresources.NewResourceUnitsap.m.Button{\"propertyName\":\"tooltip\",\"key\":\"save\"}"}]}
RESULT: {"script":"<script> [1562 bytes]","args":[{"selector":{"controlType":"sap.m.Button","viewName":"reusables.view.manageresources.NewResourceUnit","viewId":"application-manageresources-display-component---newResourceUnit","i18NText":{"propertyName":"tooltip","key":"save"},"interaction":{"idSuffix":"BDI-content"}},"wdio_ui5_key":"reusablesview.manageresources.NewResourceUnitsap.m.Button{\"propertyName\":\"tooltip\",\"key\":\"save\"}"}]}
RESULT: undefined
COMMAND: POST /session/0da40b3565e00458be499c195ee792a0/element - {"using":"xpath","value":"//*[@id=\"application-manageresources-display-component---newResourceUnit--createRuButton\"]"}
RESULT: {"using":"xpath","value":"//*[@id=\"application-manageresources-display-component---newResourceUnit--createRuButton\"]"}
COMMAND: POST /session/0da40b3565e00458be499c195ee792a0/element/f.D7754C3881FFDFB2D136ECE2150A921F.d.299B1885DD468CCDDF9342DF4E60310E.e.2880/click - {}
RESULT: {}
COMMAND: GET /session/0da40b3565e00458be499c195ee792a0/screenshot - {}
RESULT: {}
COMMAND: POST /session/0da40b3565e00458be499c195ee792a0/execute/async - {"script":"<script> [1562 bytes]","args":[{"selector":{"controlType":"sap.m.Title","properties":{"text":"Success"},"searchOpenDialogs":true},"wdio_ui5_key":"sapm.Title{\"text\":\"Success\"}"}]}
RESULT: {"script":"<script> [1562 bytes]","args":[{"selector":{"controlType":"sap.m.Title","properties":{"text":"Success"},"searchOpenDialogs":true},"wdio_ui5_key":"sapm.Title{\"text\":\"Success\"}"}]}
RESULT: undefined
COMMAND: POST /session/0da40b3565e00458be499c195ee792a0/execute/async - {"script":"<script> [6424 bytes]","args":[{"element-6066-11e4-a52e-4f735466cecf":"f.D7754C3881FFDFB2D136ECE2150A921F.d.299B1885DD468CCDDF9342DF4E60310E.e.2969"},"getText",[]]}
RESULT: {"script":"<script> [6424 bytes]","args":[{"element-6066-11e4-a52e-4f735466cecf":"f.D7754C3881FFDFB2D136ECE2150A921F.d.299B1885DD468CCDDF9342DF4E60310E.e.2969"},"getText",[]]}
COMMAND: POST /session/0da40b3565e00458be499c195ee792a0/element - {"using":"xpath","value":"//*[contains(@id, '__text') and (contains(text(), 'successfully created') or contains(., 'successfully created'))]"}
RESULT: {"using":"xpath","value":"//*[contains(@id, '__text') and (contains(text(), 'successfully created') or contains(., 'successfully created'))]"}
COMMAND: GET /session/0da40b3565e00458be499c195ee792a0/element/f.D7754C3881FFDFB2D136ECE2150A921F.d.299B1885DD468CCDDF9342DF4E60310E.e.2968/text - {}
RESULT: {}
COMMAND: POST /session/0da40b3565e00458be499c195ee792a0/execute/async - {"script":"<script> [1562 bytes]","args":[{"selector":{"controlType":"sap.m.Button","properties":{"text":"Close"},"searchOpenDialogs":true,"interaction":{"idSuffix":"BDI-content"}},"wdio_ui5_key":"sapm.Button{\"text\":\"Close\"}"}]}
RESULT: {"script":"<script> [1562 bytes]","args":[{"selector":{"controlType":"sap.m.Button","properties":{"text":"Close"},"searchOpenDialogs":true,"interaction":{"idSuffix":"BDI-content"}},"wdio_ui5_key":"sapm.Button{\"text\":\"Close\"}"}]}
RESULT: undefined
COMMAND: POST /session/0da40b3565e00458be499c195ee792a0/element - {"using":"xpath","value":"//*[@id=\"__mbox-btn-0\"]"}
RESULT: {"using":"xpath","value":"//*[@id=\"__mbox-btn-0\"]"}
COMMAND: POST /session/0da40b3565e00458be499c195ee792a0/element/f.D7754C3881FFDFB2D136ECE2150A921F.d.299B1885DD468CCDDF9342DF4E60310E.e.2966/click - {}
RESULT: {}
COMMAND: GET /session/0da40b3565e00458be499c195ee792a0/screenshot - {}
RESULT: {}
COMMAND: POST /session/0da40b3565e00458be499c195ee792a0/execute/async - {"script":"<script> [1562 bytes]","args":[{"selector":{"controlType":"sap.ui.core.Icon","viewName":"etm.portal.ui.manageresources.view.Detail","viewId":"application-manageresources-display-component---detailRU","properties":{"src":{"regex":{"source":"overflow"}}}},"wdio_ui5_key":"etmportal.ui.manageresources.view.Detailsap.ui.core.Icon{\"src\":{\"regex\":{\"source\":\"overflow\"}}}"}]}
RESULT: {"script":"<script> [1562 bytes]","args":[{"selector":{"controlType":"sap.ui.core.Icon","viewName":"etm.portal.ui.manageresources.view.Detail","viewId":"application-manageresources-display-component---detailRU","properties":{"src":{"regex":{"source":"overflow"}}}},"wdio_ui5_key":"etmportal.ui.manageresources.view.Detailsap.ui.core.Icon{\"src\":{\"regex\":{\"source\":\"overflow\"}}}"}]}
RESULT: undefined
COMMAND: POST /session/0da40b3565e00458be499c195ee792a0/element - {"using":"xpath","value":"//*[@id=\"__title36-_actionsToolbar-overflowButton-img\"]"}
RESULT: {"using":"xpath","value":"//*[@id=\"__title36-_actionsToolbar-overflowButton-img\"]"}
COMMAND: POST /session/0da40b3565e00458be499c195ee792a0/element/f.D7754C3881FFDFB2D136ECE2150A921F.d.299B1885DD468CCDDF9342DF4E60310E.e.3000/click - {}
RESULT: {}
COMMAND: POST /session/0da40b3565e00458be499c195ee792a0/execute/async - {"script":"<script> [1562 bytes]","args":[{"selector":{"controlType":"sap.m.Button","viewName":"etm.portal.ui.manageresources.view.Detail","viewId":"application-manageresources-display-component---detailRU","i18NText":{"propertyName":"tooltip","key":"closeColumn"},"searchOpenDialogs":true,"interaction":{"idSuffix":"inner"}},"wdio_ui5_key":"etmportal.ui.manageresources.view.Detailsap.m.Button{\"propertyName\":\"tooltip\",\"key\":\"closeColumn\"}"}]}
COMMAND: GET /session/0da40b3565e00458be499c195ee792a0/screenshot - {}
RESULT: {"script":"<script> [1562 bytes]","args":[{"selector":{"controlType":"sap.m.Button","viewName":"etm.portal.ui.manageresources.view.Detail","viewId":"application-manageresources-display-component---detailRU","i18NText":{"propertyName":"tooltip","key":"closeColumn"},"searchOpenDialogs":true,"interaction":{"idSuffix":"inner"}},"wdio_ui5_key":"etmportal.ui.manageresources.view.Detailsap.m.Button{\"propertyName\":\"tooltip\",\"key\":\"closeColumn\"}"}]}
RESULT: undefined
COMMAND: POST /session/0da40b3565e00458be499c195ee792a0/element - {"using":"xpath","value":"//*[@id=\"__button147\"]"}
RESULT: {}
RESULT: {"using":"xpath","value":"//*[@id=\"__button147\"]"}
COMMAND: POST /session/0da40b3565e00458be499c195ee792a0/element/f.D7754C3881FFDFB2D136ECE2150A921F.d.299B1885DD468CCDDF9342DF4E60310E.e.3004/click - {}
RESULT: {}
COMMAND: GET /session/0da40b3565e00458be499c195ee792a0/screenshot - {}
RESULT: {}
COMMAND: POST /session/0da40b3565e00458be499c195ee792a0/refresh - {}
RESULT: {}
COMMAND: GET /session/0da40b3565e00458be499c195ee792a0/screenshot - {}
RESULT: {}
COMMAND: POST /session/0da40b3565e00458be499c195ee792a0/execute/async - {"script":"<script> [189 bytes]","args":[]}
RESULT: {"script":"<script> [189 bytes]","args":[]}
COMMAND: POST /session/0da40b3565e00458be499c195ee792a0/execute/async - {"script":"<script> [123 bytes]","args":[]}
RESULT: {"script":"<script> [123 bytes]","args":[]}
COMMAND: POST /session/0da40b3565e00458be499c195ee792a0/timeouts - {"script":"<number>"}
RESULT: {"script":"<number>"}
COMMAND: GET /session/0da40b3565e00458be499c195ee792a0/timeouts - {}
RESULT: {}
RESULT: undefined
COMMAND: POST /session/0da40b3565e00458be499c195ee792a0/execute/async - {"script":"<script> [2676 bytes]","args":[]}
RESULT: {"script":"<script> [2676 bytes]","args":[]}
COMMAND: POST /session/0da40b3565e00458be499c195ee792a0/execute/async - {"script":"<script> [2342 bytes]","args":[{"protocol":"http","hostname":"0.0.0.0","path":"/","capabilities":{"browserName":"chrome","goog:chromeOptions":{"binary":"C:\\Program Files\\Google\\Chrome\\Application\\chrome.exe","args":["--start-maximized"]}},"logLevel":"warn","connectionRetryTimeout":120000,"connectionRetryCount":3,"logLevels":{},"enableDirectConnect":true,"strictSSL":true,"_":"65 more keys: [\"cacheDir\",\"port\",\"requestedCapabilities\",\"automationProtocol\",\"baseUrl\",\"waitforInterval\",\"waitforTimeout\",\"onReload\",\"beforeCommand\",\"afterCommand\",\"rootDir\",\"specs\",\"suites\",\"exclude\",\"groupLogsByTestSpec\",\"excludeDriverLogs\",\"bail\",\"framework\",\"reporters\",\"services\",\"maxInstances\",\"maxInstancesPerCapability\",\"injectGlobals\",\"filesToWatch\",\"execArgv\",\"runnerEnv\",\"runner\",\"shard\",\"specFileRetries\",\"specFileRetriesDelay\",\"specFileRetriesDeferred\",\"reporterSyncInterval\",\"reporterSyncTimeout\",\"cucumberFeaturesWithLineNumbers\",\"autoCompileOpts\",\"mochaOpts\",\"jasmineOpts\",\"cucumberOpts\",\"onPrepare\",\"onWorkerStart\",\"onWorkerEnd\",\"before\",\"beforeSession\",\"beforeSuite\",\"beforeHook\",\"beforeTest\",\"afterTest\",\"afterHook\",\"afterSuite\",\"afterSession\",\"after\",\"onComplete\",\"beforeAssertion\",\"afterAssertion\",\"beforeFeature\",\"beforeScenario\",\"beforeStep\",\"afterStep\",\"afterScenario\",\"afterFeature\",\"_\",\"suite\",\"$0\",\"ignoredWorkerServices\",\"wdi5\"]"}]}
RESULT: {"script":"<script> [2342 bytes]","args":[{"protocol":"http","hostname":"0.0.0.0","path":"/","capabilities":{"browserName":"chrome","goog:chromeOptions":{"binary":"C:\\Program Files\\Google\\Chrome\\Application\\chrome.exe","args":["--start-maximized"]}},"logLevel":"warn","connectionRetryTimeout":120000,"connectionRetryCount":3,"logLevels":{},"enableDirectConnect":true,"strictSSL":true,"_":"65 more keys: [\"cacheDir\",\"port\",\"requestedCapabilities\",\"automationProtocol\",\"baseUrl\",\"waitforInterval\",\"waitforTimeout\",\"onReload\",\"beforeCommand\",\"afterCommand\",\"rootDir\",\"specs\",\"suites\",\"exclude\",\"groupLogsByTestSpec\",\"excludeDriverLogs\",\"bail\",\"framework\",\"reporters\",\"services\",\"maxInstances\",\"maxInstancesPerCapability\",\"injectGlobals\",\"filesToWatch\",\"execArgv\",\"runnerEnv\",\"runner\",\"shard\",\"specFileRetries\",\"specFileRetriesDelay\",\"specFileRetriesDeferred\",\"reporterSyncInterval\",\"reporterSyncTimeout\",\"cucumberFeaturesWithLineNumbers\",\"autoCompileOpts\",\"mochaOpts\",\"jasmineOpts\",\"cucumberOpts\",\"onPrepare\",\"onWorkerStart\",\"onWorkerEnd\",\"before\",\"beforeSession\",\"beforeSuite\",\"beforeHook\",\"beforeTest\",\"afterTest\",\"afterHook\",\"afterSuite\",\"afterSession\",\"after\",\"onComplete\",\"beforeAssertion\",\"afterAssertion\",\"beforeFeature\",\"beforeScenario\",\"beforeStep\",\"afterStep\",\"afterScenario\",\"afterFeature\",\"_\",\"suite\",\"$0\",\"ignoredWorkerServices\",\"wdi5\"]"}]}
COMMAND: POST /session/0da40b3565e00458be499c195ee792a0/execute/async - {"script":"<script> [21126 bytes]","args":[35000]}
RESULT: {"script":"<script> [21126 bytes]","args":[35000]}
COMMAND: POST /session/0da40b3565e00458be499c195ee792a0/element - {"using":"css selector","value":"#shell-header-logo"}
RESULT: {"using":"css selector","value":"#shell-header-logo"}
COMMAND: POST /session/0da40b3565e00458be499c195ee792a0/element/f.D7754C3881FFDFB2D136ECE2150A921F.d.E46A781050F7F5E3DECA2E03D0BD642C.e.3099/click - {}
RESULT: {}
COMMAND: GET /session/0da40b3565e00458be499c195ee792a0/screenshot - {}
RESULT: {}
]]></system-out>
    </testcase>
    <testcase classname="chrome.135_0_7049_115.windows.Create_masterdata_for_Yard_Overview_-_trigger_provide_US130988" name="It should stock increase the resource" time="73.423">
      <system-out><![CDATA[
COMMAND: POST /session/0da40b3565e00458be499c195ee792a0/execute/async - {"script":"<script> [1562 bytes]","args":[{"selector":{"controlType":"sap.m.Text","viewName":"etm.portal.ui.managehandoverstile.view.Master","properties":{"text":"Manage Handovers"},"interaction":{"idSuffix":"inner"}},"wdio_ui5_key":"etmportal.ui.managehandoverstile.view.Mastersap.m.Text{\"text\":\"Manage Handovers\"}"}]}
RESULT: {"script":"<script> [1562 bytes]","args":[{"selector":{"controlType":"sap.m.Text","viewName":"etm.portal.ui.managehandoverstile.view.Master","properties":{"text":"Manage Handovers"},"interaction":{"idSuffix":"inner"}},"wdio_ui5_key":"etmportal.ui.managehandoverstile.view.Mastersap.m.Text{\"text\":\"Manage Handovers\"}"}]}
RESULT: undefined
COMMAND: POST /session/0da40b3565e00458be499c195ee792a0/element - {"using":"xpath","value":"//*[@id=\"__tile131-title\"]"}
RESULT: {"using":"xpath","value":"//*[@id=\"__tile131-title\"]"}
COMMAND: POST /session/0da40b3565e00458be499c195ee792a0/element/f.D7754C3881FFDFB2D136ECE2150A921F.d.E46A781050F7F5E3DECA2E03D0BD642C.e.3289/click - {}
RESULT: {}
COMMAND: GET /session/0da40b3565e00458be499c195ee792a0/screenshot - {}
RESULT: {}
COMMAND: POST /session/0da40b3565e00458be499c195ee792a0/element - {"using":"xpath","value":"//button[@data-kt=\"masterHOAddButton\"]"}
RESULT: {"using":"xpath","value":"//button[@data-kt=\"masterHOAddButton\"]"}
COMMAND: POST /session/0da40b3565e00458be499c195ee792a0/execute/sync - {"script":"<script> [8489 bytes]","args":[{"element-6066-11e4-a52e-4f735466cecf":"f.D7754C3881FFDFB2D136ECE2150A921F.d.E46A781050F7F5E3DECA2E03D0BD642C.e.3330","ELEMENT":"f.D7754C3881FFDFB2D136ECE2150A921F.d.E46A781050F7F5E3DECA2E03D0BD642C.e.3330"}]}
RESULT: {"script":"<script> [8489 bytes]","args":[{"element-6066-11e4-a52e-4f735466cecf":"f.D7754C3881FFDFB2D136ECE2150A921F.d.E46A781050F7F5E3DECA2E03D0BD642C.e.3330","ELEMENT":"f.D7754C3881FFDFB2D136ECE2150A921F.d.E46A781050F7F5E3DECA2E03D0BD642C.e.3330"}]}
COMMAND: POST /session/0da40b3565e00458be499c195ee792a0/element/f.D7754C3881FFDFB2D136ECE2150A921F.d.E46A781050F7F5E3DECA2E03D0BD642C.e.3330/click - {}
COMMAND: GET /session/0da40b3565e00458be499c195ee792a0/screenshot - {}
RESULT: {}
COMMAND: GET /session/0da40b3565e00458be499c195ee792a0/screenshot - {}
COMMAND: POST /session/0da40b3565e00458be499c195ee792a0/element - {"using":"xpath","value":"//span[contains(@id ,\"AddNewHO--typeSelect-arrow\")]"}
RESULT: {}
RESULT: {}
RESULT: {"using":"xpath","value":"//span[contains(@id ,\"AddNewHO--typeSelect-arrow\")]"}
COMMAND: POST /session/0da40b3565e00458be499c195ee792a0/element/f.D7754C3881FFDFB2D136ECE2150A921F.d.E46A781050F7F5E3DECA2E03D0BD642C.e.3639/click - {}
RESULT: {}
COMMAND: GET /session/0da40b3565e00458be499c195ee792a0/screenshot - {}
RESULT: {}
COMMAND: POST /session/0da40b3565e00458be499c195ee792a0/element - {"using":"xpath","value":"(//li[contains(text(), \"stock increase yard\")])[1]"}
RESULT: {"using":"xpath","value":"(//li[contains(text(), \"stock increase yard\")])[1]"}
COMMAND: POST /session/0da40b3565e00458be499c195ee792a0/element/f.D7754C3881FFDFB2D136ECE2150A921F.d.E46A781050F7F5E3DECA2E03D0BD642C.e.3640/click - {}
RESULT: {}
COMMAND: GET /session/0da40b3565e00458be499c195ee792a0/screenshot - {}
RESULT: {}
COMMAND: POST /session/0da40b3565e00458be499c195ee792a0/execute/async - {"script":"<script> [1562 bytes]","args":[{"selector":{"id":"application-managehandovers-display-component---AddNewHO--dueDate","interaction":{"idSuffix":"inner"}},"wdio_ui5_key":"applicationmanagehandovers-display-component---AddNewHO--dueDate"}]}
RESULT: {"script":"<script> [1562 bytes]","args":[{"selector":{"id":"application-managehandovers-display-component---AddNewHO--dueDate","interaction":{"idSuffix":"inner"}},"wdio_ui5_key":"applicationmanagehandovers-display-component---AddNewHO--dueDate"}]}
RESULT: undefined
COMMAND: POST /session/0da40b3565e00458be499c195ee792a0/execute/async - {"script":"<script> [6424 bytes]","args":[{"element-6066-11e4-a52e-4f735466cecf":"f.D7754C3881FFDFB2D136ECE2150A921F.d.E46A781050F7F5E3DECA2E03D0BD642C.e.3642"},"setValue",["05/06/2025"]]}
RESULT: {"script":"<script> [6424 bytes]","args":[{"element-6066-11e4-a52e-4f735466cecf":"f.D7754C3881FFDFB2D136ECE2150A921F.d.E46A781050F7F5E3DECA2E03D0BD642C.e.3642"},"setValue",["05/06/2025"]]}
COMMAND: POST /session/0da40b3565e00458be499c195ee792a0/element - {"using":"xpath","value":"//input[@id=\"generalSectionFrg--receiveYard-inner\"]"}
RESULT: {"using":"xpath","value":"//input[@id=\"generalSectionFrg--receiveYard-inner\"]"}
COMMAND: POST /session/0da40b3565e00458be499c195ee792a0/element/f.D7754C3881FFDFB2D136ECE2150A921F.d.E46A781050F7F5E3DECA2E03D0BD642C.e.3648/clear - {}
RESULT: {}
COMMAND: POST /session/0da40b3565e00458be499c195ee792a0/element/f.D7754C3881FFDFB2D136ECE2150A921F.d.E46A781050F7F5E3DECA2E03D0BD642C.e.3648/value - {"text":"WebdriverYardko14c"}
COMMAND: GET /session/0da40b3565e00458be499c195ee792a0/screenshot - {}
RESULT: {"text":"WebdriverYardko14c"}
COMMAND: GET /session/0da40b3565e00458be499c195ee792a0/screenshot - {}
RESULT: {}
RESULT: {}
COMMAND: POST /session/0da40b3565e00458be499c195ee792a0/execute/async - {"script":"<script> [1562 bytes]","args":[{"selector":{"id":"application-managehandovers-display-component---AddNewHO--ObjectPageLayout-anchBar-application-managehandovers-display-component---AddNewHO--section4-anchor","interaction":{"idSuffix":"BDI-content"}},"wdio_ui5_key":"applicationmanagehandovers-display-component---AddNewHO--ObjectPageLayout-anchBar-application-managehandovers-display-component---AddNewHO--section4-anchor"}]}
RESULT: {"script":"<script> [1562 bytes]","args":[{"selector":{"id":"application-managehandovers-display-component---AddNewHO--ObjectPageLayout-anchBar-application-managehandovers-display-component---AddNewHO--section4-anchor","interaction":{"idSuffix":"BDI-content"}},"wdio_ui5_key":"applicationmanagehandovers-display-component---AddNewHO--ObjectPageLayout-anchBar-application-managehandovers-display-component---AddNewHO--section4-anchor"}]}
RESULT: undefined
COMMAND: POST /session/0da40b3565e00458be499c195ee792a0/element - {"using":"xpath","value":"//*[@id=\"application-managehandovers-display-component---AddNewHO--ObjectPageLayout-anchBar-application-managehandovers-display-component---AddNewHO--section4-anchor\"]"}
RESULT: {"using":"xpath","value":"//*[@id=\"application-managehandovers-display-component---AddNewHO--ObjectPageLayout-anchBar-application-managehandovers-display-component---AddNewHO--section4-anchor\"]"}
COMMAND: POST /session/0da40b3565e00458be499c195ee792a0/element/f.D7754C3881FFDFB2D136ECE2150A921F.d.E46A781050F7F5E3DECA2E03D0BD642C.e.3668/click - {}
RESULT: {}
COMMAND: GET /session/0da40b3565e00458be499c195ee792a0/screenshot - {}
RESULT: {}
COMMAND: POST /session/0da40b3565e00458be499c195ee792a0/element - {"using":"xpath","value":"//button[@aria-label=\"Add\"]"}
RESULT: {"using":"xpath","value":"//button[@aria-label=\"Add\"]"}
COMMAND: POST /session/0da40b3565e00458be499c195ee792a0/element/f.D7754C3881FFDFB2D136ECE2150A921F.d.E46A781050F7F5E3DECA2E03D0BD642C.e.3672/click - {}
RESULT: {}
COMMAND: GET /session/0da40b3565e00458be499c195ee792a0/screenshot - {}
RESULT: {}
COMMAND: POST /session/0da40b3565e00458be499c195ee792a0/execute/async - {"script":"<script> [1562 bytes]","args":[{"selector":{"id":"application-managehandovers-display-component---AddNewHO--smartFilterBar-btnBasicSearch","searchOpenDialogs":true,"interaction":{"idSuffix":"I"}},"wdio_ui5_key":"applicationmanagehandovers-display-component---AddNewHO--smartFilterBar-btnBasicSearch"}]}
RESULT: {"script":"<script> [1562 bytes]","args":[{"selector":{"id":"application-managehandovers-display-component---AddNewHO--smartFilterBar-btnBasicSearch","searchOpenDialogs":true,"interaction":{"idSuffix":"I"}},"wdio_ui5_key":"applicationmanagehandovers-display-component---AddNewHO--smartFilterBar-btnBasicSearch"}]}
RESULT: undefined
COMMAND: POST /session/0da40b3565e00458be499c195ee792a0/execute/async - {"script":"<script> [776 bytes]","args":[{"enterText":"WebdriverRUR2Cedhul","selector":{"id":"application-managehandovers-display-component---AddNewHO--smartFilterBar-btnBasicSearch","searchOpenDialogs":true,"interaction":{"idSuffix":"I"}},"clearTextFirst":true,"interactionType":"ENTER_TEXT"}]}
RESULT: {"script":"<script> [776 bytes]","args":[{"enterText":"WebdriverRUR2Cedhul","selector":{"id":"application-managehandovers-display-component---AddNewHO--smartFilterBar-btnBasicSearch","searchOpenDialogs":true,"interaction":{"idSuffix":"I"}},"clearTextFirst":true,"interactionType":"ENTER_TEXT"}]}
COMMAND: POST /session/0da40b3565e00458be499c195ee792a0/actions - {"actions":[{"id":"action7","type":"key","parameters":{},"actions":[{"type":"keyDown","value":"î€‡"},{"type":"pause","duration":10},{"type":"keyUp","value":"î€‡"}]}]}
RESULT: {"actions":[{"id":"action7","type":"key","parameters":{},"actions":[{"type":"keyDown","value":"î€‡"},{"type":"pause","duration":10},{"type":"keyUp","value":"î€‡"}]}]}
COMMAND: POST /session/0da40b3565e00458be499c195ee792a0/execute/async - {"script":"<script> [1562 bytes]","args":[{"selector":{"id":"application-managehandovers-display-component---AddNewHO--popup-sa","searchOpenDialogs":true,"interaction":{"idSuffix":"CbBg"}},"wdio_ui5_key":"applicationmanagehandovers-display-component---AddNewHO--popup-sa"}]}
COMMAND: GET /session/0da40b3565e00458be499c195ee792a0/screenshot - {}
RESULT: {"script":"<script> [1562 bytes]","args":[{"selector":{"id":"application-managehandovers-display-component---AddNewHO--popup-sa","searchOpenDialogs":true,"interaction":{"idSuffix":"CbBg"}},"wdio_ui5_key":"applicationmanagehandovers-display-component---AddNewHO--popup-sa"}]}
RESULT: undefined
COMMAND: POST /session/0da40b3565e00458be499c195ee792a0/element - {"using":"xpath","value":"//*[@id=\"application-managehandovers-display-component---AddNewHO--popup-sa\"]"}
RESULT: {}
RESULT: {"using":"xpath","value":"//*[@id=\"application-managehandovers-display-component---AddNewHO--popup-sa\"]"}
COMMAND: POST /session/0da40b3565e00458be499c195ee792a0/element/f.D7754C3881FFDFB2D136ECE2150A921F.d.E46A781050F7F5E3DECA2E03D0BD642C.e.3829/click - {}
RESULT: {}
COMMAND: GET /session/0da40b3565e00458be499c195ee792a0/screenshot - {}
RESULT: {}
COMMAND: POST /session/0da40b3565e00458be499c195ee792a0/element - {"using":"xpath","value":"//bdi[contains(text(), \"Select\")]"}
RESULT: {"using":"xpath","value":"//bdi[contains(text(), \"Select\")]"}
COMMAND: POST /session/0da40b3565e00458be499c195ee792a0/element/f.D7754C3881FFDFB2D136ECE2150A921F.d.E46A781050F7F5E3DECA2E03D0BD642C.e.3830/click - {}
RESULT: {}
COMMAND: GET /session/0da40b3565e00458be499c195ee792a0/screenshot - {}
RESULT: {}
COMMAND: POST /session/0da40b3565e00458be499c195ee792a0/execute/async - {"script":"<script> [1562 bytes]","args":[{"selector":{"controlType":"sap.m.Input","viewName":"etm.portal.ui.managehandovers.view.AddNewHO","viewId":"application-managehandovers-display-component---AddNewHO","bindingPath":{"path":"/items/0","propertyPath":"TYPE","modelName":"hoItemsModel"},"interaction":{"idSuffix":"inner"}},"wdio_ui5_key":"etmportal.ui.managehandovers.view.AddNewHOsap.m.Input{\"path\":\"/items/0\",\"propertyPath\":\"TYPE\",\"modelName\":\"hoItemsModel\"}"}]}
RESULT: {"script":"<script> [1562 bytes]","args":[{"selector":{"controlType":"sap.m.Input","viewName":"etm.portal.ui.managehandovers.view.AddNewHO","viewId":"application-managehandovers-display-component---AddNewHO","bindingPath":{"path":"/items/0","propertyPath":"TYPE","modelName":"hoItemsModel"},"interaction":{"idSuffix":"inner"}},"wdio_ui5_key":"etmportal.ui.managehandovers.view.AddNewHOsap.m.Input{\"path\":\"/items/0\",\"propertyPath\":\"TYPE\",\"modelName\":\"hoItemsModel\"}"}]}
RESULT: undefined
COMMAND: POST /session/0da40b3565e00458be499c195ee792a0/execute/async - {"script":"<script> [776 bytes]","args":[{"enterText":"100","selector":{"controlType":"sap.m.Input","viewName":"etm.portal.ui.managehandovers.view.AddNewHO","viewId":"application-managehandovers-display-component---AddNewHO","bindingPath":{"path":"/items/0","propertyPath":"TYPE","modelName":"hoItemsModel"},"interaction":{"idSuffix":"inner"}},"clearTextFirst":true,"interactionType":"ENTER_TEXT"}]}
RESULT: {"script":"<script> [776 bytes]","args":[{"enterText":"100","selector":{"controlType":"sap.m.Input","viewName":"etm.portal.ui.managehandovers.view.AddNewHO","viewId":"application-managehandovers-display-component---AddNewHO","bindingPath":{"path":"/items/0","propertyPath":"TYPE","modelName":"hoItemsModel"},"interaction":{"idSuffix":"inner"}},"clearTextFirst":true,"interactionType":"ENTER_TEXT"}]}
COMMAND: POST /session/0da40b3565e00458be499c195ee792a0/element - {"using":"xpath","value":"//button[@data-kt=\"AddNewHOSaveButton\"]"}
RESULT: {"using":"xpath","value":"//button[@data-kt=\"AddNewHOSaveButton\"]"}
COMMAND: POST /session/0da40b3565e00458be499c195ee792a0/element/f.D7754C3881FFDFB2D136ECE2150A921F.d.E46A781050F7F5E3DECA2E03D0BD642C.e.3835/click - {}
RESULT: {}
COMMAND: GET /session/0da40b3565e00458be499c195ee792a0/screenshot - {}
RESULT: {}
COMMAND: POST /session/0da40b3565e00458be499c195ee792a0/execute/async - {"script":"<script> [1562 bytes]","args":[{"selector":{"id":"receiptDatePicker","viewName":"etm.portal.ui.managehandovers.view.DetailExecuteHO","interaction":{"idSuffix":"inner"}},"wdio_ui5_key":"receiptDatePickeretmportal.ui.managehandovers.view.DetailExecuteHO"}]}
RESULT: {"script":"<script> [1562 bytes]","args":[{"selector":{"id":"receiptDatePicker","viewName":"etm.portal.ui.managehandovers.view.DetailExecuteHO","interaction":{"idSuffix":"inner"}},"wdio_ui5_key":"receiptDatePickeretmportal.ui.managehandovers.view.DetailExecuteHO"}]}
RESULT: undefined
COMMAND: POST /session/0da40b3565e00458be499c195ee792a0/execute/async - {"script":"<script> [6424 bytes]","args":[{"element-6066-11e4-a52e-4f735466cecf":"f.D7754C3881FFDFB2D136ECE2150A921F.d.E46A781050F7F5E3DECA2E03D0BD642C.e.3863"},"setValue",["05/06/2025"]]}
RESULT: {"script":"<script> [6424 bytes]","args":[{"element-6066-11e4-a52e-4f735466cecf":"f.D7754C3881FFDFB2D136ECE2150A921F.d.E46A781050F7F5E3DECA2E03D0BD642C.e.3863"},"setValue",["05/06/2025"]]}
COMMAND: POST /session/0da40b3565e00458be499c195ee792a0/element - {"using":"xpath","value":"//button[@data-kt=\"PickingTableConfirmAllButton\"]"}
RESULT: {"using":"xpath","value":"//button[@data-kt=\"PickingTableConfirmAllButton\"]"}
COMMAND: POST /session/0da40b3565e00458be499c195ee792a0/element/f.D7754C3881FFDFB2D136ECE2150A921F.d.E46A781050F7F5E3DECA2E03D0BD642C.e.3879/click - {}
RESULT: {}
COMMAND: GET /session/0da40b3565e00458be499c195ee792a0/screenshot - {}
RESULT: {}
COMMAND: POST /session/0da40b3565e00458be499c195ee792a0/element - {"using":"xpath","value":"//bdi[contains(text(), \"OK\")]"}
RESULT: {"using":"xpath","value":"//bdi[contains(text(), \"OK\")]"}
COMMAND: POST /session/0da40b3565e00458be499c195ee792a0/element/f.D7754C3881FFDFB2D136ECE2150A921F.d.E46A781050F7F5E3DECA2E03D0BD642C.e.3881/click - {}
RESULT: {}
COMMAND: GET /session/0da40b3565e00458be499c195ee792a0/screenshot - {}
RESULT: {}
COMMAND: POST /session/0da40b3565e00458be499c195ee792a0/element - {"using":"xpath","value":"(//bdi[contains(text(), \"Receive\")])[2]"}
RESULT: {"using":"xpath","value":"(//bdi[contains(text(), \"Receive\")])[2]"}
COMMAND: POST /session/0da40b3565e00458be499c195ee792a0/element/f.D7754C3881FFDFB2D136ECE2150A921F.d.E46A781050F7F5E3DECA2E03D0BD642C.e.3883/click - {}
RESULT: {}
COMMAND: GET /session/0da40b3565e00458be499c195ee792a0/screenshot - {}
RESULT: {}
COMMAND: POST /session/0da40b3565e00458be499c195ee792a0/element - {"using":"css selector","value":"#shell-header-logo"}
RESULT: {"using":"css selector","value":"#shell-header-logo"}
COMMAND: POST /session/0da40b3565e00458be499c195ee792a0/element/f.D7754C3881FFDFB2D136ECE2150A921F.d.E46A781050F7F5E3DECA2E03D0BD642C.e.3293/click - {}
RESULT: {}
]]></system-out>
    </testcase>
    <testcase classname="chrome.135_0_7049_115.windows.Create_masterdata_for_Yard_Overview_-_trigger_provide_US130988" name="Should create a new contract" time="86.564">
      <system-out><![CDATA[
COMMAND: POST /session/0da40b3565e00458be499c195ee792a0/execute/async - {"script":"<script> [1562 bytes]","args":[{"selector":{"controlType":"sap.m.GenericTile","viewName":"etm.portal.ui.managecontractstile.view.Master","i18NText":{"propertyName":"header","key":"manageContractsTileTitle"}},"wdio_ui5_key":"etmportal.ui.managecontractstile.view.Mastersap.m.GenericTile{\"propertyName\":\"header\",\"key\":\"manageContractsTileTitle\"}"}]}
COMMAND: GET /session/0da40b3565e00458be499c195ee792a0/screenshot - {}
RESULT: {"script":"<script> [1562 bytes]","args":[{"selector":{"controlType":"sap.m.GenericTile","viewName":"etm.portal.ui.managecontractstile.view.Master","i18NText":{"propertyName":"header","key":"manageContractsTileTitle"}},"wdio_ui5_key":"etmportal.ui.managecontractstile.view.Mastersap.m.GenericTile{\"propertyName\":\"header\",\"key\":\"manageContractsTileTitle\"}"}]}
RESULT: undefined
COMMAND: POST /session/0da40b3565e00458be499c195ee792a0/element - {"using":"xpath","value":"//*[@id=\"__tile130\"]"}
RESULT: {}
RESULT: {"using":"xpath","value":"//*[@id=\"__tile130\"]"}
COMMAND: POST /session/0da40b3565e00458be499c195ee792a0/element/f.D7754C3881FFDFB2D136ECE2150A921F.d.E46A781050F7F5E3DECA2E03D0BD642C.e.4118/click - {}
RESULT: {}
COMMAND: GET /session/0da40b3565e00458be499c195ee792a0/screenshot - {}
RESULT: {}
COMMAND: POST /session/0da40b3565e00458be499c195ee792a0/element - {"using":"xpath","value":"//button[@data-kt=\"addButton\"]"}
RESULT: {"using":"xpath","value":"//button[@data-kt=\"addButton\"]"}
COMMAND: POST /session/0da40b3565e00458be499c195ee792a0/element/f.D7754C3881FFDFB2D136ECE2150A921F.d.E46A781050F7F5E3DECA2E03D0BD642C.e.4189/click - {}
RESULT: {}
COMMAND: GET /session/0da40b3565e00458be499c195ee792a0/screenshot - {}
RESULT: {}
COMMAND: POST /session/0da40b3565e00458be499c195ee792a0/execute/async - {"script":"<script> [1562 bytes]","args":[{"selector":{"id":"application-managecontracts-display-component---AddNewContract--projectDescription","interaction":{"idSuffix":"inner"}},"wdio_ui5_key":"applicationmanagecontracts-display-component---AddNewContract--projectDescription"}]}
RESULT: {"script":"<script> [1562 bytes]","args":[{"selector":{"id":"application-managecontracts-display-component---AddNewContract--projectDescription","interaction":{"idSuffix":"inner"}},"wdio_ui5_key":"applicationmanagecontracts-display-component---AddNewContract--projectDescription"}]}
RESULT: undefined
COMMAND: POST /session/0da40b3565e00458be499c195ee792a0/execute/async - {"script":"<script> [776 bytes]","args":[{"enterText":"WdIOOverviewztpng","selector":{"id":"application-managecontracts-display-component---AddNewContract--projectDescription","interaction":{"idSuffix":"inner"}},"clearTextFirst":true,"interactionType":"ENTER_TEXT"}]}
RESULT: {"script":"<script> [776 bytes]","args":[{"enterText":"WdIOOverviewztpng","selector":{"id":"application-managecontracts-display-component---AddNewContract--projectDescription","interaction":{"idSuffix":"inner"}},"clearTextFirst":true,"interactionType":"ENTER_TEXT"}]}
COMMAND: POST /session/0da40b3565e00458be499c195ee792a0/element - {"using":"xpath","value":"//input[@id=\"application-managecontracts-display-component---AddNewContract--yardId-inner\"]"}
RESULT: {"using":"xpath","value":"//input[@id=\"application-managecontracts-display-component---AddNewContract--yardId-inner\"]"}
COMMAND: POST /session/0da40b3565e00458be499c195ee792a0/element/f.D7754C3881FFDFB2D136ECE2150A921F.d.E46A781050F7F5E3DECA2E03D0BD642C.e.4445/clear - {}
RESULT: {}
COMMAND: POST /session/0da40b3565e00458be499c195ee792a0/element/f.D7754C3881FFDFB2D136ECE2150A921F.d.E46A781050F7F5E3DECA2E03D0BD642C.e.4445/value - {"text":"WebdriverYardko14c"}
COMMAND: GET /session/0da40b3565e00458be499c195ee792a0/screenshot - {}
RESULT: {"text":"WebdriverYardko14c"}
COMMAND: GET /session/0da40b3565e00458be499c195ee792a0/screenshot - {}
RESULT: {}
RESULT: {}
COMMAND: POST /session/0da40b3565e00458be499c195ee792a0/actions - {"actions":[{"id":"action8","type":"key","parameters":{},"actions":[{"type":"keyDown","value":"î€‡"},{"type":"pause","duration":10},{"type":"keyUp","value":"î€‡"}]}]}
RESULT: {"actions":[{"id":"action8","type":"key","parameters":{},"actions":[{"type":"keyDown","value":"î€‡"},{"type":"pause","duration":10},{"type":"keyUp","value":"î€‡"}]}]}
COMMAND: GET /session/0da40b3565e00458be499c195ee792a0/screenshot - {}
RESULT: {}
COMMAND: POST /session/0da40b3565e00458be499c195ee792a0/element - {"using":"xpath","value":"//input[@id=\"application-managecontracts-display-component---AddNewContract--customerSelect-inner\"]"}
RESULT: {"using":"xpath","value":"//input[@id=\"application-managecontracts-display-component---AddNewContract--customerSelect-inner\"]"}
COMMAND: POST /session/0da40b3565e00458be499c195ee792a0/element/f.D7754C3881FFDFB2D136ECE2150A921F.d.E46A781050F7F5E3DECA2E03D0BD642C.e.4443/clear - {}
RESULT: {}
COMMAND: POST /session/0da40b3565e00458be499c195ee792a0/element/f.D7754C3881FFDFB2D136ECE2150A921F.d.E46A781050F7F5E3DECA2E03D0BD642C.e.4443/value - {"text":"WebdriverPartner5115jk"}
COMMAND: GET /session/0da40b3565e00458be499c195ee792a0/screenshot - {}
RESULT: {"text":"WebdriverPartner5115jk"}
COMMAND: GET /session/0da40b3565e00458be499c195ee792a0/screenshot - {}
RESULT: {}
RESULT: {}
COMMAND: POST /session/0da40b3565e00458be499c195ee792a0/actions - {"actions":[{"id":"action9","type":"key","parameters":{},"actions":[{"type":"keyDown","value":"î€‡"},{"type":"pause","duration":10},{"type":"keyUp","value":"î€‡"}]}]}
RESULT: {"actions":[{"id":"action9","type":"key","parameters":{},"actions":[{"type":"keyDown","value":"î€‡"},{"type":"pause","duration":10},{"type":"keyUp","value":"î€‡"}]}]}
COMMAND: GET /session/0da40b3565e00458be499c195ee792a0/screenshot - {}
RESULT: {}
COMMAND: POST /session/0da40b3565e00458be499c195ee792a0/element - {"using":"xpath","value":"//input[@id=\"application-managecontracts-display-component---AddNewContract--site-inner\"]"}
RESULT: {"using":"xpath","value":"//input[@id=\"application-managecontracts-display-component---AddNewContract--site-inner\"]"}
COMMAND: POST /session/0da40b3565e00458be499c195ee792a0/element/f.D7754C3881FFDFB2D136ECE2150A921F.d.E46A781050F7F5E3DECA2E03D0BD642C.e.4444/clear - {}
RESULT: {}
COMMAND: POST /session/0da40b3565e00458be499c195ee792a0/element/f.D7754C3881FFDFB2D136ECE2150A921F.d.E46A781050F7F5E3DECA2E03D0BD642C.e.4444/value - {"text":"WebdriverSitew13uz"}
COMMAND: GET /session/0da40b3565e00458be499c195ee792a0/screenshot - {}
RESULT: {"text":"WebdriverSitew13uz"}
COMMAND: GET /session/0da40b3565e00458be499c195ee792a0/screenshot - {}
RESULT: {}
RESULT: {}
COMMAND: POST /session/0da40b3565e00458be499c195ee792a0/actions - {"actions":[{"id":"action10","type":"key","parameters":{},"actions":[{"type":"keyDown","value":"î€‡"},{"type":"pause","duration":10},{"type":"keyUp","value":"î€‡"}]}]}
RESULT: {"actions":[{"id":"action10","type":"key","parameters":{},"actions":[{"type":"keyDown","value":"î€‡"},{"type":"pause","duration":10},{"type":"keyUp","value":"î€‡"}]}]}
COMMAND: GET /session/0da40b3565e00458be499c195ee792a0/screenshot - {}
COMMAND: POST /session/0da40b3565e00458be499c195ee792a0/element - {"using":"xpath","value":"//button[@data-kt=\"saveButton\"]"}
RESULT: {}
RESULT: {"using":"xpath","value":"//button[@data-kt=\"saveButton\"]"}
COMMAND: POST /session/0da40b3565e00458be499c195ee792a0/element/f.D7754C3881FFDFB2D136ECE2150A921F.d.E46A781050F7F5E3DECA2E03D0BD642C.e.4458/click - {}
RESULT: {}
COMMAND: GET /session/0da40b3565e00458be499c195ee792a0/screenshot - {}
RESULT: {}
COMMAND: POST /session/0da40b3565e00458be499c195ee792a0/execute/async - {"script":"<script> [1562 bytes]","args":[{"selector":{"id":"contractDetailTitleNoExpanded","viewName":"etm.portal.ui.managecontracts.view.Detail"},"wdio_ui5_key":"contractDetailTitleNoExpandedetmportal.ui.managecontracts.view.Detail"}]}
RESULT: {"script":"<script> [1562 bytes]","args":[{"selector":{"id":"contractDetailTitleNoExpanded","viewName":"etm.portal.ui.managecontracts.view.Detail"},"wdio_ui5_key":"contractDetailTitleNoExpandedetmportal.ui.managecontracts.view.Detail"}]}
RESULT: undefined
COMMAND: POST /session/0da40b3565e00458be499c195ee792a0/execute/async - {"script":"<script> [6424 bytes]","args":[{"element-6066-11e4-a52e-4f735466cecf":"f.D7754C3881FFDFB2D136ECE2150A921F.d.E46A781050F7F5E3DECA2E03D0BD642C.e.4541"},"getText",[]]}
RESULT: {"script":"<script> [6424 bytes]","args":[{"element-6066-11e4-a52e-4f735466cecf":"f.D7754C3881FFDFB2D136ECE2150A921F.d.E46A781050F7F5E3DECA2E03D0BD642C.e.4541"},"getText",[]]}
]]></system-out>
    </testcase>
    <testcase classname="chrome.135_0_7049_115.windows.Create_masterdata_for_Yard_Overview_-_trigger_provide_US130988" name="Should add material to the contract" time="44.275">
      <system-out><![CDATA[
COMMAND: POST /session/0da40b3565e00458be499c195ee792a0/element - {"using":"xpath","value":"//button[@data-kt=\"contractDetailEditBtnButton\"]"}
RESULT: {"using":"xpath","value":"//button[@data-kt=\"contractDetailEditBtnButton\"]"}
COMMAND: POST /session/0da40b3565e00458be499c195ee792a0/element/f.D7754C3881FFDFB2D136ECE2150A921F.d.E46A781050F7F5E3DECA2E03D0BD642C.e.4542/click - {}
RESULT: {}
COMMAND: GET /session/0da40b3565e00458be499c195ee792a0/screenshot - {}
RESULT: {}
COMMAND: POST /session/0da40b3565e00458be499c195ee792a0/element - {"using":"xpath","value":"(//span[contains(text(), \"Additional Addresses\")])[2]"}
RESULT: {"using":"xpath","value":"(//span[contains(text(), \"Additional Addresses\")])[2]"}
COMMAND: POST /session/0da40b3565e00458be499c195ee792a0/element/f.D7754C3881FFDFB2D136ECE2150A921F.d.E46A781050F7F5E3DECA2E03D0BD642C.e.4600/click - {}
RESULT: {}
COMMAND: GET /session/0da40b3565e00458be499c195ee792a0/screenshot - {}
RESULT: {}
COMMAND: POST /session/0da40b3565e00458be499c195ee792a0/element - {"using":"xpath","value":"//button[@data-kt=\"btnAddTableRowOverflowToolbarButton\"]"}
RESULT: {"using":"xpath","value":"//button[@data-kt=\"btnAddTableRowOverflowToolbarButton\"]"}
COMMAND: POST /session/0da40b3565e00458be499c195ee792a0/element/f.D7754C3881FFDFB2D136ECE2150A921F.d.E46A781050F7F5E3DECA2E03D0BD642C.e.4602/click - {}
RESULT: {}
COMMAND: GET /session/0da40b3565e00458be499c195ee792a0/screenshot - {}
RESULT: {}
COMMAND: POST /session/0da40b3565e00458be499c195ee792a0/element - {"using":"xpath","value":"//div[(text() = 'Standard Entry' or . = 'Standard Entry')]"}
RESULT: {"using":"xpath","value":"//div[(text() = 'Standard Entry' or . = 'Standard Entry')]"}
COMMAND: POST /session/0da40b3565e00458be499c195ee792a0/element/f.D7754C3881FFDFB2D136ECE2150A921F.d.E46A781050F7F5E3DECA2E03D0BD642C.e.4604/click - {}
RESULT: {}
COMMAND: POST /session/0da40b3565e00458be499c195ee792a0/element - {"using":"xpath","value":"//td[6]/div/div/input[1]"}
COMMAND: GET /session/0da40b3565e00458be499c195ee792a0/screenshot - {}
RESULT: {"using":"xpath","value":"//td[6]/div/div/input[1]"}
COMMAND: POST /session/0da40b3565e00458be499c195ee792a0/element/f.D7754C3881FFDFB2D136ECE2150A921F.d.E46A781050F7F5E3DECA2E03D0BD642C.e.4606/click - {}
RESULT: {}
RESULT: {}
COMMAND: POST /session/0da40b3565e00458be499c195ee792a0/actions - {"actions":[{"id":"action11","type":"key","parameters":{},"actions":[{"type":"keyDown","value":"î€ƒ"},{"type":"pause","duration":10},{"type":"keyUp","value":"î€ƒ"}]}]}
COMMAND: GET /session/0da40b3565e00458be499c195ee792a0/screenshot - {}
RESULT: {"actions":[{"id":"action11","type":"key","parameters":{},"actions":[{"type":"keyDown","value":"î€ƒ"},{"type":"pause","duration":10},{"type":"keyUp","value":"î€ƒ"}]}]}
COMMAND: POST /session/0da40b3565e00458be499c195ee792a0/element - {"using":"xpath","value":"//td[6]/div/div/input[1]"}
COMMAND: GET /session/0da40b3565e00458be499c195ee792a0/screenshot - {}
RESULT: {}
RESULT: {"using":"xpath","value":"//td[6]/div/div/input[1]"}
COMMAND: POST /session/0da40b3565e00458be499c195ee792a0/element/f.D7754C3881FFDFB2D136ECE2150A921F.d.E46A781050F7F5E3DECA2E03D0BD642C.e.4606/clear - {}
RESULT: {}
RESULT: {}
COMMAND: POST /session/0da40b3565e00458be499c195ee792a0/element/f.D7754C3881FFDFB2D136ECE2150A921F.d.E46A781050F7F5E3DECA2E03D0BD642C.e.4606/value - {"text":"Material"}
COMMAND: GET /session/0da40b3565e00458be499c195ee792a0/screenshot - {}
RESULT: {"text":"Material"}
COMMAND: GET /session/0da40b3565e00458be499c195ee792a0/screenshot - {}
RESULT: {}
RESULT: {}
COMMAND: POST /session/0da40b3565e00458be499c195ee792a0/actions - {"actions":[{"id":"action12","type":"key","parameters":{},"actions":[{"type":"keyDown","value":"î€‡"},{"type":"pause","duration":10},{"type":"keyUp","value":"î€‡"}]}]}
RESULT: {"actions":[{"id":"action12","type":"key","parameters":{},"actions":[{"type":"keyDown","value":"î€‡"},{"type":"pause","duration":10},{"type":"keyUp","value":"î€‡"}]}]}
COMMAND: GET /session/0da40b3565e00458be499c195ee792a0/screenshot - {}
RESULT: {}
COMMAND: POST /session/0da40b3565e00458be499c195ee792a0/actions - {"actions":[{"id":"action13","type":"key","parameters":{},"actions":[{"type":"keyDown","value":"î€‡"},{"type":"pause","duration":10},{"type":"keyUp","value":"î€‡"}]}]}
RESULT: {"actions":[{"id":"action13","type":"key","parameters":{},"actions":[{"type":"keyDown","value":"î€‡"},{"type":"pause","duration":10},{"type":"keyUp","value":"î€‡"}]}]}
COMMAND: POST /session/0da40b3565e00458be499c195ee792a0/element - {"using":"xpath","value":"//td[7]/div/div/input"}
COMMAND: GET /session/0da40b3565e00458be499c195ee792a0/screenshot - {}
RESULT: {"using":"xpath","value":"//td[7]/div/div/input"}
COMMAND: POST /session/0da40b3565e00458be499c195ee792a0/element/f.D7754C3881FFDFB2D136ECE2150A921F.d.E46A781050F7F5E3DECA2E03D0BD642C.e.4619/clear - {}
RESULT: {}
RESULT: {}
COMMAND: POST /session/0da40b3565e00458be499c195ee792a0/element/f.D7754C3881FFDFB2D136ECE2150A921F.d.E46A781050F7F5E3DECA2E03D0BD642C.e.4619/value - {"text":"WebdriverRUR2Cedhul"}
COMMAND: GET /session/0da40b3565e00458be499c195ee792a0/screenshot - {}
RESULT: {"text":"WebdriverRUR2Cedhul"}
COMMAND: GET /session/0da40b3565e00458be499c195ee792a0/screenshot - {}
RESULT: {}
RESULT: {}
COMMAND: POST /session/0da40b3565e00458be499c195ee792a0/actions - {"actions":[{"id":"action14","type":"key","parameters":{},"actions":[{"type":"keyDown","value":"î€‡"},{"type":"pause","duration":10},{"type":"keyUp","value":"î€‡"}]}]}
RESULT: {"actions":[{"id":"action14","type":"key","parameters":{},"actions":[{"type":"keyDown","value":"î€‡"},{"type":"pause","duration":10},{"type":"keyUp","value":"î€‡"}]}]}
COMMAND: GET /session/0da40b3565e00458be499c195ee792a0/screenshot - {}
RESULT: {}
COMMAND: POST /session/0da40b3565e00458be499c195ee792a0/actions - {"actions":[{"id":"action15","type":"key","parameters":{},"actions":[{"type":"keyDown","value":"î€‡"},{"type":"pause","duration":10},{"type":"keyUp","value":"î€‡"}]}]}
RESULT: {"actions":[{"id":"action15","type":"key","parameters":{},"actions":[{"type":"keyDown","value":"î€‡"},{"type":"pause","duration":10},{"type":"keyUp","value":"î€‡"}]}]}
COMMAND: GET /session/0da40b3565e00458be499c195ee792a0/screenshot - {}
RESULT: {}
COMMAND: POST /session/0da40b3565e00458be499c195ee792a0/element - {"using":"xpath","value":"(//button[@data-kt=\"saveButton\"])[2]"}
RESULT: {"using":"xpath","value":"(//button[@data-kt=\"saveButton\"])[2]"}
COMMAND: POST /session/0da40b3565e00458be499c195ee792a0/element/f.D7754C3881FFDFB2D136ECE2150A921F.d.E46A781050F7F5E3DECA2E03D0BD642C.e.4645/click - {}
RESULT: {}
COMMAND: GET /session/0da40b3565e00458be499c195ee792a0/screenshot - {}
RESULT: {}
]]></system-out>
    </testcase>
    <testcase classname="chrome.135_0_7049_115.windows.Create_masterdata_for_Yard_Overview_-_trigger_provide_US130988" name="Navigate to Yard overview and provide the RU" time="122.873">
      <system-out><![CDATA[
COMMAND: POST /session/0da40b3565e00458be499c195ee792a0/element - {"using":"css selector","value":"#shell-header-logo"}
RESULT: {"using":"css selector","value":"#shell-header-logo"}
COMMAND: POST /session/0da40b3565e00458be499c195ee792a0/element/f.D7754C3881FFDFB2D136ECE2150A921F.d.E46A781050F7F5E3DECA2E03D0BD642C.e.4122/click - {}
RESULT: {}
COMMAND: GET /session/0da40b3565e00458be499c195ee792a0/screenshot - {}
RESULT: {}
COMMAND: POST /session/0da40b3565e00458be499c195ee792a0/execute/async - {"script":"<script> [1562 bytes]","args":[{"selector":{"controlType":"sap.m.GenericTile","properties":{"header":"Yard Overview"}},"wdio_ui5_key":"sapm.GenericTile{\"header\":\"Yard Overview\"}"}]}
RESULT: {"script":"<script> [1562 bytes]","args":[{"selector":{"controlType":"sap.m.GenericTile","properties":{"header":"Yard Overview"}},"wdio_ui5_key":"sapm.GenericTile{\"header\":\"Yard Overview\"}"}]}
RESULT: undefined
COMMAND: POST /session/0da40b3565e00458be499c195ee792a0/element - {"using":"xpath","value":"//*[@id=\"__tile102\"]"}
RESULT: {"using":"xpath","value":"//*[@id=\"__tile102\"]"}
COMMAND: POST /session/0da40b3565e00458be499c195ee792a0/element/f.D7754C3881FFDFB2D136ECE2150A921F.d.E46A781050F7F5E3DECA2E03D0BD642C.e.4649/click - {}
RESULT: {}
COMMAND: GET /session/0da40b3565e00458be499c195ee792a0/screenshot - {}
RESULT: {}
COMMAND: POST /session/0da40b3565e00458be499c195ee792a0/execute/async - {"script":"<script> [1562 bytes]","args":[{"selector":{"id":"application-yardoverview-display-component---masterYardInventory--smartFilterBar-btnBasicSearch","interaction":{"idSuffix":"I"}},"wdio_ui5_key":"applicationyardoverview-display-component---masterYardInventory--smartFilterBar-btnBasicSearch"}]}
RESULT: {"script":"<script> [1562 bytes]","args":[{"selector":{"id":"application-yardoverview-display-component---masterYardInventory--smartFilterBar-btnBasicSearch","interaction":{"idSuffix":"I"}},"wdio_ui5_key":"applicationyardoverview-display-component---masterYardInventory--smartFilterBar-btnBasicSearch"}]}
RESULT: undefined
COMMAND: POST /session/0da40b3565e00458be499c195ee792a0/execute/async - {"script":"<script> [776 bytes]","args":[{"enterText":"WebdriverYardko14c","selector":{"id":"application-yardoverview-display-component---masterYardInventory--smartFilterBar-btnBasicSearch","interaction":{"idSuffix":"I"}},"clearTextFirst":true,"interactionType":"ENTER_TEXT"}]}
RESULT: {"script":"<script> [776 bytes]","args":[{"enterText":"WebdriverYardko14c","selector":{"id":"application-yardoverview-display-component---masterYardInventory--smartFilterBar-btnBasicSearch","interaction":{"idSuffix":"I"}},"clearTextFirst":true,"interactionType":"ENTER_TEXT"}]}
COMMAND: POST /session/0da40b3565e00458be499c195ee792a0/actions - {"actions":[{"id":"action16","type":"key","parameters":{},"actions":[{"type":"keyDown","value":"î€‡"},{"type":"pause","duration":10},{"type":"keyUp","value":"î€‡"}]}]}
RESULT: {"actions":[{"id":"action16","type":"key","parameters":{},"actions":[{"type":"keyDown","value":"î€‡"},{"type":"pause","duration":10},{"type":"keyUp","value":"î€‡"}]}]}
COMMAND: GET /session/0da40b3565e00458be499c195ee792a0/screenshot - {}
RESULT: {}
COMMAND: POST /session/0da40b3565e00458be499c195ee792a0/execute/async - {"script":"<script> [1562 bytes]","args":[{"selector":{"controlType":"sap.m.ColumnListItem","viewName":"etm.portal.ui.yardoverview.view.Master","viewId":"application-yardoverview-display-component---masterYardInventory","properties":{"type":"Navigation"},"interaction":{"idSuffix":"TypeCell"}},"wdio_ui5_key":"etmportal.ui.yardoverview.view.Mastersap.m.ColumnListItem{\"type\":\"Navigation\"}"}]}
RESULT: {"script":"<script> [1562 bytes]","args":[{"selector":{"controlType":"sap.m.ColumnListItem","viewName":"etm.portal.ui.yardoverview.view.Master","viewId":"application-yardoverview-display-component---masterYardInventory","properties":{"type":"Navigation"},"interaction":{"idSuffix":"TypeCell"}},"wdio_ui5_key":"etmportal.ui.yardoverview.view.Mastersap.m.ColumnListItem{\"type\":\"Navigation\"}"}]}
RESULT: undefined
COMMAND: POST /session/0da40b3565e00458be499c195ee792a0/element - {"using":"xpath","value":"//*[@id=\"__item2872-__clone9277\"]"}
RESULT: {"using":"xpath","value":"//*[@id=\"__item2872-__clone9277\"]"}
COMMAND: POST /session/0da40b3565e00458be499c195ee792a0/element/f.D7754C3881FFDFB2D136ECE2150A921F.d.E46A781050F7F5E3DECA2E03D0BD642C.e.4721/click - {}
RESULT: {}
COMMAND: GET /session/0da40b3565e00458be499c195ee792a0/screenshot - {}
RESULT: {}
COMMAND: POST /session/0da40b3565e00458be499c195ee792a0/execute/async - {"script":"<script> [1562 bytes]","args":[{"selector":{"id":"application-yardoverview-display-component---detailYardInventory--openProvides-triggerAction-provideBtn","interaction":{"idSuffix":"BDI-content"}},"wdio_ui5_key":"applicationyardoverview-display-component---detailYardInventory--openProvides-triggerAction-provideBtn"}]}
RESULT: {"script":"<script> [1562 bytes]","args":[{"selector":{"id":"application-yardoverview-display-component---detailYardInventory--openProvides-triggerAction-provideBtn","interaction":{"idSuffix":"BDI-content"}},"wdio_ui5_key":"applicationyardoverview-display-component---detailYardInventory--openProvides-triggerAction-provideBtn"}]}
RESULT: undefined
COMMAND: POST /session/0da40b3565e00458be499c195ee792a0/element - {"using":"xpath","value":"//*[@id=\"application-yardoverview-display-component---detailYardInventory--openProvides-triggerAction-provideBtn\"]"}
RESULT: {"using":"xpath","value":"//*[@id=\"application-yardoverview-display-component---detailYardInventory--openProvides-triggerAction-provideBtn\"]"}
COMMAND: POST /session/0da40b3565e00458be499c195ee792a0/element/f.D7754C3881FFDFB2D136ECE2150A921F.d.E46A781050F7F5E3DECA2E03D0BD642C.e.4749/click - {}
RESULT: {}
COMMAND: POST /session/0da40b3565e00458be499c195ee792a0/execute/async - {"script":"<script> [1562 bytes]","args":[{"selector":{"controlType":"sap.m.CheckBox","viewName":"etm.portal.ui.yardoverview.view.Detail","viewId":"application-yardoverview-display-component---detailYardInventory","properties":{"editable":true},"ancestor":{"controlType":"sap.m.ColumnListItem","viewName":"etm.portal.ui.yardoverview.view.Detail","viewId":"application-yardoverview-display-component---detailYardInventory","bindingPath":{"path":"/SmartOpenRUYardInventory(CONTRACT='10583',ITEM=10m,SUB_ITEM=0m)"},"ancestor":{"id":"application-yardoverview-display-component---detailYardInventory--customProvidesTable"}},"interaction":{"idSuffix":"CbBg"}},"wdio_ui5_key":"etmportal.ui.yardoverview.view.Detailsap.m.CheckBox{\"editable\":true}{\"controlType\":\"sap.m.ColumnListItem\",\"viewName\":\"etm.portal.ui.yardoverview.view.Detail\",\"viewId\":\"application-yardoverview-display-component---detailYardInventory\",\"bindingPath\":{\"path\":\"/SmartOpenRUYardInventory(CONTRACT='10583',ITEM=10m,SUB_ITEM=0m)\"},\"ancestor\":{\"id\":\"application-yardoverview-display-component---detailYardInventory--customProvidesTable\"}}"}]}
COMMAND: GET /session/0da40b3565e00458be499c195ee792a0/screenshot - {}
RESULT: {"script":"<script> [1562 bytes]","args":[{"selector":{"controlType":"sap.m.CheckBox","viewName":"etm.portal.ui.yardoverview.view.Detail","viewId":"application-yardoverview-display-component---detailYardInventory","properties":{"editable":true},"ancestor":{"controlType":"sap.m.ColumnListItem","viewName":"etm.portal.ui.yardoverview.view.Detail","viewId":"application-yardoverview-display-component---detailYardInventory","bindingPath":{"path":"/SmartOpenRUYardInventory(CONTRACT='10583',ITEM=10m,SUB_ITEM=0m)"},"ancestor":{"id":"application-yardoverview-display-component---detailYardInventory--customProvidesTable"}},"interaction":{"idSuffix":"CbBg"}},"wdio_ui5_key":"etmportal.ui.yardoverview.view.Detailsap.m.CheckBox{\"editable\":true}{\"controlType\":\"sap.m.ColumnListItem\",\"viewName\":\"etm.portal.ui.yardoverview.view.Detail\",\"viewId\":\"application-yardoverview-display-component---detailYardInventory\",\"bindingPath\":{\"path\":\"/SmartOpenRUYardInventory(CONTRACT='10583',ITEM=10m,SUB_ITEM=0m)\"},\"ancestor\":{\"id\":\"application-yardoverview-display-component---detailYardInventory--customProvidesTable\"}}"}]}
RESULT: undefined
COMMAND: POST /session/0da40b3565e00458be499c195ee792a0/element - {"using":"xpath","value":"//*[@id=\"__item2902-__clone9377-selectMulti\"]"}
RESULT: {}
RESULT: {"using":"xpath","value":"//*[@id=\"__item2902-__clone9377-selectMulti\"]"}
COMMAND: POST /session/0da40b3565e00458be499c195ee792a0/element/f.D7754C3881FFDFB2D136ECE2150A921F.d.E46A781050F7F5E3DECA2E03D0BD642C.e.4836/click - {}
RESULT: {}
COMMAND: GET /session/0da40b3565e00458be499c195ee792a0/screenshot - {}
RESULT: {}
RESULT: undefined
COMMAND: POST /session/0da40b3565e00458be499c195ee792a0/element - {"using":"xpath","value":"//*[@id=\"application-yardoverview-display-component---detailYardInventory--openProvides-triggerAction-provideBtn\"]"}
RESULT: {"using":"xpath","value":"//*[@id=\"application-yardoverview-display-component---detailYardInventory--openProvides-triggerAction-provideBtn\"]"}
COMMAND: POST /session/0da40b3565e00458be499c195ee792a0/element/f.D7754C3881FFDFB2D136ECE2150A921F.d.E46A781050F7F5E3DECA2E03D0BD642C.e.4749/click - {}
RESULT: {}
COMMAND: GET /session/0da40b3565e00458be499c195ee792a0/screenshot - {}
RESULT: {}
COMMAND: POST /session/0da40b3565e00458be499c195ee792a0/actions - {"actions":[{"id":"action17","type":"key","parameters":{},"actions":[{"type":"keyDown","value":"î€‡"},{"type":"pause","duration":10},{"type":"keyUp","value":"î€‡"}]}]}
RESULT: {"actions":[{"id":"action17","type":"key","parameters":{},"actions":[{"type":"keyDown","value":"î€‡"},{"type":"pause","duration":10},{"type":"keyUp","value":"î€‡"}]}]}
COMMAND: GET /session/0da40b3565e00458be499c195ee792a0/screenshot - {}
RESULT: {}
COMMAND: POST /session/0da40b3565e00458be499c195ee792a0/execute/async - {"script":"<script> [1562 bytes]","args":[{"selector":{"id":"application-yardoverview-display-component---detailYardInventory--smartTableProvides-btnPersonalisation-img"},"wdio_ui5_key":"applicationyardoverview-display-component---detailYardInventory--smartTableProvides-btnPersonalisation-img"}]}
RESULT: {"script":"<script> [1562 bytes]","args":[{"selector":{"id":"application-yardoverview-display-component---detailYardInventory--smartTableProvides-btnPersonalisation-img"},"wdio_ui5_key":"applicationyardoverview-display-component---detailYardInventory--smartTableProvides-btnPersonalisation-img"}]}
RESULT: undefined
COMMAND: POST /session/0da40b3565e00458be499c195ee792a0/element - {"using":"xpath","value":"//*[@id=\"application-yardoverview-display-component---detailYardInventory--smartTableProvides-btnPersonalisation-img\"]"}
RESULT: {"using":"xpath","value":"//*[@id=\"application-yardoverview-display-component---detailYardInventory--smartTableProvides-btnPersonalisation-img\"]"}
COMMAND: POST /session/0da40b3565e00458be499c195ee792a0/element/f.D7754C3881FFDFB2D136ECE2150A921F.d.E46A781050F7F5E3DECA2E03D0BD642C.e.4761/click - {}
RESULT: {}
COMMAND: POST /session/0da40b3565e00458be499c195ee792a0/element - {"using":"xpath","value":"//input[contains(@id ,\"searchField-I\")]"}
COMMAND: GET /session/0da40b3565e00458be499c195ee792a0/screenshot - {}
RESULT: {"using":"xpath","value":"//input[contains(@id ,\"searchField-I\")]"}
COMMAND: POST /session/0da40b3565e00458be499c195ee792a0/element/f.D7754C3881FFDFB2D136ECE2150A921F.d.E46A781050F7F5E3DECA2E03D0BD642C.e.4854/clear - {}
RESULT: {}
RESULT: {}
COMMAND: POST /session/0da40b3565e00458be499c195ee792a0/element/f.D7754C3881FFDFB2D136ECE2150A921F.d.E46A781050F7F5E3DECA2E03D0BD642C.e.4854/value - {"text":"Handover Provided"}
COMMAND: GET /session/0da40b3565e00458be499c195ee792a0/screenshot - {}
RESULT: {"text":"Handover Provided"}
COMMAND: GET /session/0da40b3565e00458be499c195ee792a0/screenshot - {}
RESULT: {}
RESULT: {}
COMMAND: POST /session/0da40b3565e00458be499c195ee792a0/element - {"using":"xpath","value":"//div[contains(@id ,\"innerSelectionPanelTable-sa-CbBg\")]"}
RESULT: {"using":"xpath","value":"//div[contains(@id ,\"innerSelectionPanelTable-sa-CbBg\")]"}
COMMAND: POST /session/0da40b3565e00458be499c195ee792a0/element/f.D7754C3881FFDFB2D136ECE2150A921F.d.E46A781050F7F5E3DECA2E03D0BD642C.e.4890/click - {}
RESULT: {}
COMMAND: GET /session/0da40b3565e00458be499c195ee792a0/screenshot - {}
RESULT: {}
COMMAND: POST /session/0da40b3565e00458be499c195ee792a0/element - {"using":"xpath","value":"//bdi[contains(@id ,\"confirmBtn-BDI-content\")]"}
RESULT: {"using":"xpath","value":"//bdi[contains(@id ,\"confirmBtn-BDI-content\")]"}
COMMAND: POST /session/0da40b3565e00458be499c195ee792a0/element/f.D7754C3881FFDFB2D136ECE2150A921F.d.E46A781050F7F5E3DECA2E03D0BD642C.e.4891/click - {}
RESULT: {}
COMMAND: GET /session/0da40b3565e00458be499c195ee792a0/screenshot - {}
RESULT: {}
COMMAND: POST /session/0da40b3565e00458be499c195ee792a0/element - {"using":"xpath","value":"//a[contains(@data-kt ,\"OpenProvidesHandOverItemLink\")]"}
RESULT: {"using":"xpath","value":"//a[contains(@data-kt ,\"OpenProvidesHandOverItemLink\")]"}
COMMAND: POST /session/0da40b3565e00458be499c195ee792a0/element/f.D7754C3881FFDFB2D136ECE2150A921F.d.E46A781050F7F5E3DECA2E03D0BD642C.e.4898/click - {}
RESULT: {}
COMMAND: GET /session/0da40b3565e00458be499c195ee792a0/screenshot - {}
RESULT: {}
COMMAND: POST /session/0da40b3565e00458be499c195ee792a0/actions - {"actions":[{"id":"action18","type":"key","parameters":{},"actions":[{"type":"keyDown","value":"î€‡"},{"type":"pause","duration":10},{"type":"keyUp","value":"î€‡"}]}]}
RESULT: {"actions":[{"id":"action18","type":"key","parameters":{},"actions":[{"type":"keyDown","value":"î€‡"},{"type":"pause","duration":10},{"type":"keyUp","value":"î€‡"}]}]}
COMMAND: GET /session/0da40b3565e00458be499c195ee792a0/screenshot - {}
RESULT: {}
COMMAND: POST /session/0da40b3565e00458be499c195ee792a0/execute/async - {"script":"<script> [1562 bytes]","args":[{"selector":{"controlType":"sap.m.Button","viewName":"etm.portal.ui.managehandovers.view.DetailExecuteHO","i18NText":{"propertyName":"text","key":"confirmAll"},"interaction":{"idSuffix":"BDI-content"}},"wdio_ui5_key":"etmportal.ui.managehandovers.view.DetailExecuteHOsap.m.Button{\"propertyName\":\"text\",\"key\":\"confirmAll\"}"}]}
RESULT: {"script":"<script> [1562 bytes]","args":[{"selector":{"controlType":"sap.m.Button","viewName":"etm.portal.ui.managehandovers.view.DetailExecuteHO","i18NText":{"propertyName":"text","key":"confirmAll"},"interaction":{"idSuffix":"BDI-content"}},"wdio_ui5_key":"etmportal.ui.managehandovers.view.DetailExecuteHOsap.m.Button{\"propertyName\":\"text\",\"key\":\"confirmAll\"}"}]}
RESULT: undefined
COMMAND: POST /session/0da40b3565e00458be499c195ee792a0/element - {"using":"xpath","value":"//*[@id=\"__button150\"]"}
RESULT: {"using":"xpath","value":"//*[@id=\"__button150\"]"}
COMMAND: POST /session/0da40b3565e00458be499c195ee792a0/element/f.D7754C3881FFDFB2D136ECE2150A921F.d.E46A781050F7F5E3DECA2E03D0BD642C.e.5058/click - {}
RESULT: {}
COMMAND: GET /session/0da40b3565e00458be499c195ee792a0/screenshot - {}
RESULT: {}
COMMAND: POST /session/0da40b3565e00458be499c195ee792a0/execute/async - {"script":"<script> [1562 bytes]","args":[{"selector":{"controlType":"sap.m.Button","properties":{"text":"OK"},"searchOpenDialogs":true,"interaction":{"idSuffix":"BDI-content"}},"wdio_ui5_key":"sapm.Button{\"text\":\"OK\"}"}]}
RESULT: {"script":"<script> [1562 bytes]","args":[{"selector":{"controlType":"sap.m.Button","properties":{"text":"OK"},"searchOpenDialogs":true,"interaction":{"idSuffix":"BDI-content"}},"wdio_ui5_key":"sapm.Button{\"text\":\"OK\"}"}]}
RESULT: undefined
COMMAND: POST /session/0da40b3565e00458be499c195ee792a0/element - {"using":"xpath","value":"//*[@id=\"__mbox-btn-4\"]"}
RESULT: {"using":"xpath","value":"//*[@id=\"__mbox-btn-4\"]"}
COMMAND: POST /session/0da40b3565e00458be499c195ee792a0/element/f.D7754C3881FFDFB2D136ECE2150A921F.d.E46A781050F7F5E3DECA2E03D0BD642C.e.5061/click - {}
RESULT: {}
COMMAND: GET /session/0da40b3565e00458be499c195ee792a0/screenshot - {}
RESULT: {}
COMMAND: POST /session/0da40b3565e00458be499c195ee792a0/execute/async - {"script":"<script> [1562 bytes]","args":[{"selector":{"controlType":"sap.m.Button","viewName":"etm.portal.ui.managehandovers.view.DetailExecuteHO","i18NText":{"propertyName":"text","key":"issue"},"ancestor":{"controlType":"sap.uxap.ObjectPageDynamicHeaderTitle","viewName":"etm.portal.ui.managehandovers.view.DetailExecuteHO","bindingPath":{"path":"","propertyPath":"/layout","modelName":"frontEndModel"}},"interaction":{"idSuffix":"BDI-content"}},"wdio_ui5_key":"etmportal.ui.managehandovers.view.DetailExecuteHOsap.m.Button{\"propertyName\":\"text\",\"key\":\"issue\"}{\"controlType\":\"sap.uxap.ObjectPageDynamicHeaderTitle\",\"viewName\":\"etm.portal.ui.managehandovers.view.DetailExecuteHO\",\"bindingPath\":{\"path\":\"\",\"propertyPath\":\"/layout\",\"modelName\":\"frontEndModel\"}}"}]}
RESULT: {"script":"<script> [1562 bytes]","args":[{"selector":{"controlType":"sap.m.Button","viewName":"etm.portal.ui.managehandovers.view.DetailExecuteHO","i18NText":{"propertyName":"text","key":"issue"},"ancestor":{"controlType":"sap.uxap.ObjectPageDynamicHeaderTitle","viewName":"etm.portal.ui.managehandovers.view.DetailExecuteHO","bindingPath":{"path":"","propertyPath":"/layout","modelName":"frontEndModel"}},"interaction":{"idSuffix":"BDI-content"}},"wdio_ui5_key":"etmportal.ui.managehandovers.view.DetailExecuteHOsap.m.Button{\"propertyName\":\"text\",\"key\":\"issue\"}{\"controlType\":\"sap.uxap.ObjectPageDynamicHeaderTitle\",\"viewName\":\"etm.portal.ui.managehandovers.view.DetailExecuteHO\",\"bindingPath\":{\"path\":\"\",\"propertyPath\":\"/layout\",\"modelName\":\"frontEndModel\"}}"}]}
RESULT: undefined
COMMAND: POST /session/0da40b3565e00458be499c195ee792a0/element - {"using":"xpath","value":"//*[@id=\"__button125\"]"}
RESULT: {"using":"xpath","value":"//*[@id=\"__button125\"]"}
COMMAND: POST /session/0da40b3565e00458be499c195ee792a0/element/f.D7754C3881FFDFB2D136ECE2150A921F.d.E46A781050F7F5E3DECA2E03D0BD642C.e.5065/click - {}
RESULT: {}
COMMAND: GET /session/0da40b3565e00458be499c195ee792a0/screenshot - {}
RESULT: {}
COMMAND: POST /session/0da40b3565e00458be499c195ee792a0/element - {"using":"css selector","value":"#shell-header-logo"}
RESULT: {"using":"css selector","value":"#shell-header-logo"}
COMMAND: POST /session/0da40b3565e00458be499c195ee792a0/element/f.D7754C3881FFDFB2D136ECE2150A921F.d.E46A781050F7F5E3DECA2E03D0BD642C.e.4651/click - {}
RESULT: {}
COMMAND: GET /session/0da40b3565e00458be499c195ee792a0/screenshot - {}
RESULT: {}
COMMAND: POST /session/0da40b3565e00458be499c195ee792a0/execute/async - {"script":"<script> [1562 bytes]","args":[{"selector":{"controlType":"sap.m.GenericTile","properties":{"header":"Manage Contracts"}},"wdio_ui5_key":"sapm.GenericTile{\"header\":\"Manage Contracts\"}"}]}
RESULT: {"script":"<script> [1562 bytes]","args":[{"selector":{"controlType":"sap.m.GenericTile","properties":{"header":"Manage Contracts"}},"wdio_ui5_key":"sapm.GenericTile{\"header\":\"Manage Contracts\"}"}]}
RESULT: undefined
COMMAND: POST /session/0da40b3565e00458be499c195ee792a0/element - {"using":"xpath","value":"//*[@id=\"__tile130\"]"}
RESULT: {"using":"xpath","value":"//*[@id=\"__tile130\"]"}
COMMAND: POST /session/0da40b3565e00458be499c195ee792a0/element/f.D7754C3881FFDFB2D136ECE2150A921F.d.E46A781050F7F5E3DECA2E03D0BD642C.e.4118/click - {}
RESULT: {}
COMMAND: GET /session/0da40b3565e00458be499c195ee792a0/screenshot - {}
RESULT: {}
COMMAND: POST /session/0da40b3565e00458be499c195ee792a0/execute/async - {"script":"<script> [1562 bytes]","args":[{"selector":{"controlType":"sap.m.SearchField","viewName":"etm.portal.ui.managecontracts.view.Master","bindingPath":{"path":"","propertyPath":"/_BASIC_SEARCH_FIELD","modelName":"fi1t3rM0d31"},"interaction":{"idSuffix":"I"}},"wdio_ui5_key":"etmportal.ui.managecontracts.view.Mastersap.m.SearchField{\"path\":\"\",\"propertyPath\":\"/_BASIC_SEARCH_FIELD\",\"modelName\":\"fi1t3rM0d31\"}"}]}
RESULT: {"script":"<script> [1562 bytes]","args":[{"selector":{"controlType":"sap.m.SearchField","viewName":"etm.portal.ui.managecontracts.view.Master","bindingPath":{"path":"","propertyPath":"/_BASIC_SEARCH_FIELD","modelName":"fi1t3rM0d31"},"interaction":{"idSuffix":"I"}},"wdio_ui5_key":"etmportal.ui.managecontracts.view.Mastersap.m.SearchField{\"path\":\"\",\"propertyPath\":\"/_BASIC_SEARCH_FIELD\",\"modelName\":\"fi1t3rM0d31\"}"}]}
RESULT: undefined
COMMAND: POST /session/0da40b3565e00458be499c195ee792a0/execute/async - {"script":"<script> [776 bytes]","args":[{"enterText":"10583","selector":{"controlType":"sap.m.SearchField","viewName":"etm.portal.ui.managecontracts.view.Master","bindingPath":{"path":"","propertyPath":"/_BASIC_SEARCH_FIELD","modelName":"fi1t3rM0d31"},"interaction":{"idSuffix":"I"}},"clearTextFirst":true,"interactionType":"ENTER_TEXT"}]}
RESULT: {"script":"<script> [776 bytes]","args":[{"enterText":"10583","selector":{"controlType":"sap.m.SearchField","viewName":"etm.portal.ui.managecontracts.view.Master","bindingPath":{"path":"","propertyPath":"/_BASIC_SEARCH_FIELD","modelName":"fi1t3rM0d31"},"interaction":{"idSuffix":"I"}},"clearTextFirst":true,"interactionType":"ENTER_TEXT"}]}
COMMAND: POST /session/0da40b3565e00458be499c195ee792a0/actions - {"actions":[{"id":"action19","type":"key","parameters":{},"actions":[{"type":"keyDown","value":"î€‡"},{"type":"pause","duration":10},{"type":"keyUp","value":"î€‡"}]}]}
RESULT: {"actions":[{"id":"action19","type":"key","parameters":{},"actions":[{"type":"keyDown","value":"î€‡"},{"type":"pause","duration":10},{"type":"keyUp","value":"î€‡"}]}]}
COMMAND: GET /session/0da40b3565e00458be499c195ee792a0/screenshot - {}
RESULT: {}
COMMAND: POST /session/0da40b3565e00458be499c195ee792a0/execute/async - {"script":"<script> [1562 bytes]","args":[{"selector":{"controlType":"sap.ui.core.Icon","viewName":"etm.portal.ui.managecontracts.view.Master","properties":{"src":{"regex":{"source":"slim\\-arrow\\-right"}}}},"wdio_ui5_key":"etmportal.ui.managecontracts.view.Mastersap.ui.core.Icon{\"src\":{\"regex\":{\"source\":\"slim\\\\-arrow\\\\-right\"}}}"}]}
RESULT: {"script":"<script> [1562 bytes]","args":[{"selector":{"controlType":"sap.ui.core.Icon","viewName":"etm.portal.ui.managecontracts.view.Master","properties":{"src":{"regex":{"source":"slim\\-arrow\\-right"}}}},"wdio_ui5_key":"etmportal.ui.managecontracts.view.Mastersap.ui.core.Icon{\"src\":{\"regex\":{\"source\":\"slim\\\\-arrow\\\\-right\"}}}"}]}
RESULT: undefined
COMMAND: POST /session/0da40b3565e00458be499c195ee792a0/element - {"using":"xpath","value":"//*[@id=\"__item3039-__clone9555-imgNav\"]"}
RESULT: {"using":"xpath","value":"//*[@id=\"__item3039-__clone9555-imgNav\"]"}
COMMAND: POST /session/0da40b3565e00458be499c195ee792a0/element/f.D7754C3881FFDFB2D136ECE2150A921F.d.E46A781050F7F5E3DECA2E03D0BD642C.e.5430/click - {}
RESULT: {}
COMMAND: GET /session/0da40b3565e00458be499c195ee792a0/screenshot - {}
RESULT: {}
COMMAND: POST /session/0da40b3565e00458be499c195ee792a0/execute/async - {"script":"<script> [1562 bytes]","args":[{"selector":{"controlType":"sap.m.ObjectStatus","viewName":"etm.portal.ui.managecontracts.view.Detail","bindingPath":{"path":"/SmartContractItems(CONTRACT='10583',ITEM=10m,SUB_ITEM=0m)","propertyPath":"STATUS"}},"wdio_ui5_key":"etmportal.ui.managecontracts.view.Detailsap.m.ObjectStatus{\"path\":\"/SmartContractItems(CONTRACT='10583',ITEM=10m,SUB_ITEM=0m)\",\"propertyPath\":\"STATUS\"}"}]}
RESULT: {"script":"<script> [1562 bytes]","args":[{"selector":{"controlType":"sap.m.ObjectStatus","viewName":"etm.portal.ui.managecontracts.view.Detail","bindingPath":{"path":"/SmartContractItems(CONTRACT='10583',ITEM=10m,SUB_ITEM=0m)","propertyPath":"STATUS"}},"wdio_ui5_key":"etmportal.ui.managecontracts.view.Detailsap.m.ObjectStatus{\"path\":\"/SmartContractItems(CONTRACT='10583',ITEM=10m,SUB_ITEM=0m)\",\"propertyPath\":\"STATUS\"}"}]}
RESULT: undefined
COMMAND: POST /session/0da40b3565e00458be499c195ee792a0/execute/async - {"script":"<script> [6424 bytes]","args":[{"element-6066-11e4-a52e-4f735466cecf":"f.D7754C3881FFDFB2D136ECE2150A921F.d.E46A781050F7F5E3DECA2E03D0BD642C.e.5586"},"getText",[]]}
RESULT: {"script":"<script> [6424 bytes]","args":[{"element-6066-11e4-a52e-4f735466cecf":"f.D7754C3881FFDFB2D136ECE2150A921F.d.E46A781050F7F5E3DECA2E03D0BD642C.e.5586"},"getText",[]]}
COMMAND: POST /session/0da40b3565e00458be499c195ee792a0/element - {"using":"css selector","value":"#j_username"}
COMMAND: POST /session/0da40b3565e00458be499c195ee792a0/url - {"url":"https://qa-testing-00-live-etm-ui.cfapps.eu10-004.hana.ondemand.com/"}
RESULT: {"using":"css selector","value":"#j_username"}
COMMAND: POST /session/0da40b3565e00458be499c195ee792a0/element - {"using":"css selector","value":"#j_username"}
RESULT: {"url":"https://qa-testing-00-live-etm-ui.cfapps.eu10-004.hana.ondemand.com/"}
RESULT: undefined
COMMAND: GET /session/0da40b3565e00458be499c195ee792a0/screenshot - {}
RESULT: {"using":"css selector","value":"#j_username"}
COMMAND: POST /session/0da40b3565e00458be499c195ee792a0/element - {"using":"css selector","value":"#shell-header-logo"}
RESULT: {}
RESULT: {"using":"css selector","value":"#shell-header-logo"}
COMMAND: POST /session/0da40b3565e00458be499c195ee792a0/execute/sync - {"script":"<script> [8489 bytes]","args":[{"element-6066-11e4-a52e-4f735466cecf":"f.D7754C3881FFDFB2D136ECE2150A921F.d.9BCC900B9BD4947F7BBD6B6ED19EB793.e.5595","ELEMENT":"f.D7754C3881FFDFB2D136ECE2150A921F.d.9BCC900B9BD4947F7BBD6B6ED19EB793.e.5595"}]}
RESULT: {"script":"<script> [8489 bytes]","args":[{"element-6066-11e4-a52e-4f735466cecf":"f.D7754C3881FFDFB2D136ECE2150A921F.d.9BCC900B9BD4947F7BBD6B6ED19EB793.e.5595","ELEMENT":"f.D7754C3881FFDFB2D136ECE2150A921F.d.9BCC900B9BD4947F7BBD6B6ED19EB793.e.5595"}]}
COMMAND: POST /session/0da40b3565e00458be499c195ee792a0/element - {"using":"css selector","value":"#shell-header-logo"}
COMMAND: GET /session/0da40b3565e00458be499c195ee792a0/screenshot - {}
RESULT: {"using":"css selector","value":"#shell-header-logo"}
COMMAND: POST /session/0da40b3565e00458be499c195ee792a0/execute/sync - {"script":"<script> [8489 bytes]","args":[{"element-6066-11e4-a52e-4f735466cecf":"f.D7754C3881FFDFB2D136ECE2150A921F.d.9BCC900B9BD4947F7BBD6B6ED19EB793.e.5595","ELEMENT":"f.D7754C3881FFDFB2D136ECE2150A921F.d.9BCC900B9BD4947F7BBD6B6ED19EB793.e.5595"}]}
RESULT: {}
RESULT: {"script":"<script> [8489 bytes]","args":[{"element-6066-11e4-a52e-4f735466cecf":"f.D7754C3881FFDFB2D136ECE2150A921F.d.9BCC900B9BD4947F7BBD6B6ED19EB793.e.5595","ELEMENT":"f.D7754C3881FFDFB2D136ECE2150A921F.d.9BCC900B9BD4947F7BBD6B6ED19EB793.e.5595"}]}
COMMAND: POST /session/0da40b3565e00458be499c195ee792a0/execute/sync - {"script":"<script> [5351 bytes]","args":[{"element-6066-11e4-a52e-4f735466cecf":"f.D7754C3881FFDFB2D136ECE2150A921F.d.9BCC900B9BD4947F7BBD6B6ED19EB793.e.5595","ELEMENT":"f.D7754C3881FFDFB2D136ECE2150A921F.d.9BCC900B9BD4947F7BBD6B6ED19EB793.e.5595"}]}
COMMAND: GET /session/0da40b3565e00458be499c195ee792a0/screenshot - {}
RESULT: {"script":"<script> [5351 bytes]","args":[{"element-6066-11e4-a52e-4f735466cecf":"f.D7754C3881FFDFB2D136ECE2150A921F.d.9BCC900B9BD4947F7BBD6B6ED19EB793.e.5595","ELEMENT":"f.D7754C3881FFDFB2D136ECE2150A921F.d.9BCC900B9BD4947F7BBD6B6ED19EB793.e.5595"}]}
COMMAND: POST /session/0da40b3565e00458be499c195ee792a0/element - {"using":"css selector","value":"#shell-header-logo"}
COMMAND: GET /session/0da40b3565e00458be499c195ee792a0/screenshot - {}
RESULT: {}
RESULT: {"using":"css selector","value":"#shell-header-logo"}
COMMAND: POST /session/0da40b3565e00458be499c195ee792a0/element/f.D7754C3881FFDFB2D136ECE2150A921F.d.9BCC900B9BD4947F7BBD6B6ED19EB793.e.5595/click - {}
RESULT: {}
RESULT: {}
COMMAND: GET /session/0da40b3565e00458be499c195ee792a0/screenshot - {}
RESULT: {}
COMMAND: POST /session/0da40b3565e00458be499c195ee792a0/execute/async - {"script":"<script> [189 bytes]","args":[]}
RESULT: {"script":"<script> [189 bytes]","args":[]}
COMMAND: POST /session/0da40b3565e00458be499c195ee792a0/execute/async - {"script":"<script> [123 bytes]","args":[]}
RESULT: {"script":"<script> [123 bytes]","args":[]}
COMMAND: POST /session/0da40b3565e00458be499c195ee792a0/timeouts - {"script":"<number>"}
RESULT: {"script":"<number>"}
COMMAND: GET /session/0da40b3565e00458be499c195ee792a0/timeouts - {}
RESULT: {}
RESULT: undefined
COMMAND: POST /session/0da40b3565e00458be499c195ee792a0/execute/async - {"script":"<script> [2676 bytes]","args":[]}
RESULT: {"script":"<script> [2676 bytes]","args":[]}
COMMAND: POST /session/0da40b3565e00458be499c195ee792a0/execute/async - {"script":"<script> [2342 bytes]","args":[{"protocol":"http","hostname":"0.0.0.0","path":"/","capabilities":{"browserName":"chrome","goog:chromeOptions":{"binary":"C:\\Program Files\\Google\\Chrome\\Application\\chrome.exe","args":["--start-maximized"]}},"logLevel":"warn","connectionRetryTimeout":120000,"connectionRetryCount":3,"logLevels":{},"enableDirectConnect":true,"strictSSL":true,"_":"65 more keys: [\"cacheDir\",\"port\",\"requestedCapabilities\",\"automationProtocol\",\"baseUrl\",\"waitforInterval\",\"waitforTimeout\",\"onReload\",\"beforeCommand\",\"afterCommand\",\"rootDir\",\"specs\",\"suites\",\"exclude\",\"groupLogsByTestSpec\",\"excludeDriverLogs\",\"bail\",\"framework\",\"reporters\",\"services\",\"maxInstances\",\"maxInstancesPerCapability\",\"injectGlobals\",\"filesToWatch\",\"execArgv\",\"runnerEnv\",\"runner\",\"shard\",\"specFileRetries\",\"specFileRetriesDelay\",\"specFileRetriesDeferred\",\"reporterSyncInterval\",\"reporterSyncTimeout\",\"cucumberFeaturesWithLineNumbers\",\"autoCompileOpts\",\"mochaOpts\",\"jasmineOpts\",\"cucumberOpts\",\"onPrepare\",\"onWorkerStart\",\"onWorkerEnd\",\"before\",\"beforeSession\",\"beforeSuite\",\"beforeHook\",\"beforeTest\",\"afterTest\",\"afterHook\",\"afterSuite\",\"afterSession\",\"after\",\"onComplete\",\"beforeAssertion\",\"afterAssertion\",\"beforeFeature\",\"beforeScenario\",\"beforeStep\",\"afterStep\",\"afterScenario\",\"afterFeature\",\"_\",\"suite\",\"$0\",\"ignoredWorkerServices\",\"wdi5\"]"}]}
RESULT: {"script":"<script> [2342 bytes]","args":[{"protocol":"http","hostname":"0.0.0.0","path":"/","capabilities":{"browserName":"chrome","goog:chromeOptions":{"binary":"C:\\Program Files\\Google\\Chrome\\Application\\chrome.exe","args":["--start-maximized"]}},"logLevel":"warn","connectionRetryTimeout":120000,"connectionRetryCount":3,"logLevels":{},"enableDirectConnect":true,"strictSSL":true,"_":"65 more keys: [\"cacheDir\",\"port\",\"requestedCapabilities\",\"automationProtocol\",\"baseUrl\",\"waitforInterval\",\"waitforTimeout\",\"onReload\",\"beforeCommand\",\"afterCommand\",\"rootDir\",\"specs\",\"suites\",\"exclude\",\"groupLogsByTestSpec\",\"excludeDriverLogs\",\"bail\",\"framework\",\"reporters\",\"services\",\"maxInstances\",\"maxInstancesPerCapability\",\"injectGlobals\",\"filesToWatch\",\"execArgv\",\"runnerEnv\",\"runner\",\"shard\",\"specFileRetries\",\"specFileRetriesDelay\",\"specFileRetriesDeferred\",\"reporterSyncInterval\",\"reporterSyncTimeout\",\"cucumberFeaturesWithLineNumbers\",\"autoCompileOpts\",\"mochaOpts\",\"jasmineOpts\",\"cucumberOpts\",\"onPrepare\",\"onWorkerStart\",\"onWorkerEnd\",\"before\",\"beforeSession\",\"beforeSuite\",\"beforeHook\",\"beforeTest\",\"afterTest\",\"afterHook\",\"afterSuite\",\"afterSession\",\"after\",\"onComplete\",\"beforeAssertion\",\"afterAssertion\",\"beforeFeature\",\"beforeScenario\",\"beforeStep\",\"afterStep\",\"afterScenario\",\"afterFeature\",\"_\",\"suite\",\"$0\",\"ignoredWorkerServices\",\"wdi5\"]"}]}
COMMAND: POST /session/0da40b3565e00458be499c195ee792a0/execute/async - {"script":"<script> [21126 bytes]","args":[35000]}
RESULT: {"script":"<script> [21126 bytes]","args":[35000]}
COMMAND: POST /session/0da40b3565e00458be499c195ee792a0/window/maximize - {}
RESULT: {}
COMMAND: POST /session/0da40b3565e00458be499c195ee792a0/execute/async - {"script":"<script> [1562 bytes]","args":[{"selector":{"id":"shell-header","interaction":{"idSuffix":"icon"}},"wdio_ui5_key":"shellheader"}]}
COMMAND: GET /session/0da40b3565e00458be499c195ee792a0/screenshot - {}
RESULT: {"script":"<script> [1562 bytes]","args":[{"selector":{"id":"shell-header","interaction":{"idSuffix":"icon"}},"wdio_ui5_key":"shellheader"}]}
RESULT: undefined
RESULT: {}
]]></system-out>
    </testcase>
  </testsuite>
  <testsuite timestamp="2025-05-06T15:50:50" time="173.089" tests="1" failures="0" errors="0" skipped="0">
    <properties>
      <property name="specId" value="0" />
      <property name="suiteName" value="Create masterdata for Yard Overview - trigger provide US130988" />
      <property name="capabilities" value="chrome.135_0_7049_115.windows" />
      <property name="file" value="file:///D:/a/1/s/test/specs/R2C/site-overview-return.spec.js" />
    </properties>
    <testcase classname="chrome.135_0_7049_115.windows.Create_masterdata_for_Yard_Overview_-_trigger_provide_US130988" name="Should navigate to site overview and trigger return" time="154.183">
      <system-out><![CDATA[
COMMAND: POST /session/0da40b3565e00458be499c195ee792a0/execute/async - {"script":"<script> [1562 bytes]","args":[{"selector":{"controlType":"sap.m.GenericTile","properties":{"header":"Site Overview"}},"wdio_ui5_key":"sapm.GenericTile{\"header\":\"Site Overview\"}"}]}
RESULT: {"script":"<script> [1562 bytes]","args":[{"selector":{"controlType":"sap.m.GenericTile","properties":{"header":"Site Overview"}},"wdio_ui5_key":"sapm.GenericTile{\"header\":\"Site Overview\"}"}]}
RESULT: undefined
COMMAND: POST /session/0da40b3565e00458be499c195ee792a0/element - {"using":"xpath","value":"//*[@id=\"__tile100\"]"}
RESULT: {"using":"xpath","value":"//*[@id=\"__tile100\"]"}
COMMAND: POST /session/0da40b3565e00458be499c195ee792a0/element/f.D7754C3881FFDFB2D136ECE2150A921F.d.9BCC900B9BD4947F7BBD6B6ED19EB793.e.5605/click - {}
RESULT: {}
COMMAND: GET /session/0da40b3565e00458be499c195ee792a0/screenshot - {}
RESULT: {}
COMMAND: POST /session/0da40b3565e00458be499c195ee792a0/execute/async - {"script":"<script> [1562 bytes]","args":[{"selector":{"id":"application-siteinventory-display-component---masterSiteInventory--smartFilterBar-btnBasicSearch","interaction":{"idSuffix":"I"}},"wdio_ui5_key":"applicationsiteinventory-display-component---masterSiteInventory--smartFilterBar-btnBasicSearch"}]}
RESULT: {"script":"<script> [1562 bytes]","args":[{"selector":{"id":"application-siteinventory-display-component---masterSiteInventory--smartFilterBar-btnBasicSearch","interaction":{"idSuffix":"I"}},"wdio_ui5_key":"applicationsiteinventory-display-component---masterSiteInventory--smartFilterBar-btnBasicSearch"}]}
RESULT: undefined
COMMAND: POST /session/0da40b3565e00458be499c195ee792a0/execute/async - {"script":"<script> [776 bytes]","args":[{"enterText":"WebdriverSitew13uz","selector":{"id":"application-siteinventory-display-component---masterSiteInventory--smartFilterBar-btnBasicSearch","interaction":{"idSuffix":"I"}},"clearTextFirst":true,"interactionType":"ENTER_TEXT"}]}
RESULT: {"script":"<script> [776 bytes]","args":[{"enterText":"WebdriverSitew13uz","selector":{"id":"application-siteinventory-display-component---masterSiteInventory--smartFilterBar-btnBasicSearch","interaction":{"idSuffix":"I"}},"clearTextFirst":true,"interactionType":"ENTER_TEXT"}]}
COMMAND: POST /session/0da40b3565e00458be499c195ee792a0/execute/async - {"script":"<script> [1562 bytes]","args":[{"selector":{"controlType":"sap.ui.core.Icon","viewName":"etm.portal.ui.siteinventory.view.Master","viewId":"application-siteinventory-display-component---masterSiteInventory","properties":{"src":{"regex":{"source":"slim\\-arrow\\-right"}}}},"wdio_ui5_key":"etmportal.ui.siteinventory.view.Mastersap.ui.core.Icon{\"src\":{\"regex\":{\"source\":\"slim\\\\-arrow\\\\-right\"}}}"}]}
RESULT: {"script":"<script> [1562 bytes]","args":[{"selector":{"controlType":"sap.ui.core.Icon","viewName":"etm.portal.ui.siteinventory.view.Master","viewId":"application-siteinventory-display-component---masterSiteInventory","properties":{"src":{"regex":{"source":"slim\\-arrow\\-right"}}}},"wdio_ui5_key":"etmportal.ui.siteinventory.view.Mastersap.ui.core.Icon{\"src\":{\"regex\":{\"source\":\"slim\\\\-arrow\\\\-right\"}}}"}]}
RESULT: undefined
COMMAND: POST /session/0da40b3565e00458be499c195ee792a0/element - {"using":"xpath","value":"//*[@id=\"__item20-__clone9-imgNav\"]"}
RESULT: {"using":"xpath","value":"//*[@id=\"__item20-__clone9-imgNav\"]"}
COMMAND: POST /session/0da40b3565e00458be499c195ee792a0/element/f.D7754C3881FFDFB2D136ECE2150A921F.d.9BCC900B9BD4947F7BBD6B6ED19EB793.e.5725/click - {}
RESULT: {}
COMMAND: GET /session/0da40b3565e00458be499c195ee792a0/screenshot - {}
RESULT: {}
COMMAND: POST /session/0da40b3565e00458be499c195ee792a0/execute/async - {"script":"<script> [1562 bytes]","args":[{"selector":{"id":"application-siteinventory-display-component---detailSiteInventory--onSite-triggerAction-returnBtn","interaction":{"idSuffix":"BDI-content"}},"wdio_ui5_key":"applicationsiteinventory-display-component---detailSiteInventory--onSite-triggerAction-returnBtn"}]}
RESULT: {"script":"<script> [1562 bytes]","args":[{"selector":{"id":"application-siteinventory-display-component---detailSiteInventory--onSite-triggerAction-returnBtn","interaction":{"idSuffix":"BDI-content"}},"wdio_ui5_key":"applicationsiteinventory-display-component---detailSiteInventory--onSite-triggerAction-returnBtn"}]}
RESULT: undefined
COMMAND: POST /session/0da40b3565e00458be499c195ee792a0/element - {"using":"xpath","value":"//*[@id=\"application-siteinventory-display-component---detailSiteInventory--onSite-triggerAction-returnBtn\"]"}
RESULT: {"using":"xpath","value":"//*[@id=\"application-siteinventory-display-component---detailSiteInventory--onSite-triggerAction-returnBtn\"]"}
COMMAND: POST /session/0da40b3565e00458be499c195ee792a0/element/f.D7754C3881FFDFB2D136ECE2150A921F.d.9BCC900B9BD4947F7BBD6B6ED19EB793.e.5761/click - {}
RESULT: {}
COMMAND: POST /session/0da40b3565e00458be499c195ee792a0/execute/async - {"script":"<script> [1562 bytes]","args":[{"selector":{"id":"application-siteinventory-display-component---detailSiteInventory--smartSiteHoItemsTable-sa","interaction":{"idSuffix":"CbBg"}},"wdio_ui5_key":"applicationsiteinventory-display-component---detailSiteInventory--smartSiteHoItemsTable-sa"}]}
COMMAND: GET /session/0da40b3565e00458be499c195ee792a0/screenshot - {}
RESULT: {"script":"<script> [1562 bytes]","args":[{"selector":{"id":"application-siteinventory-display-component---detailSiteInventory--smartSiteHoItemsTable-sa","interaction":{"idSuffix":"CbBg"}},"wdio_ui5_key":"applicationsiteinventory-display-component---detailSiteInventory--smartSiteHoItemsTable-sa"}]}
RESULT: undefined
COMMAND: POST /session/0da40b3565e00458be499c195ee792a0/element - {"using":"xpath","value":"//*[@id=\"application-siteinventory-display-component---detailSiteInventory--smartSiteHoItemsTable-sa\"]"}
RESULT: {}
RESULT: {"using":"xpath","value":"//*[@id=\"application-siteinventory-display-component---detailSiteInventory--smartSiteHoItemsTable-sa\"]"}
COMMAND: POST /session/0da40b3565e00458be499c195ee792a0/element/f.D7754C3881FFDFB2D136ECE2150A921F.d.9BCC900B9BD4947F7BBD6B6ED19EB793.e.5853/click - {}
RESULT: {}
RESULT: undefined
COMMAND: POST /session/0da40b3565e00458be499c195ee792a0/element - {"using":"xpath","value":"//*[@id=\"application-siteinventory-display-component---detailSiteInventory--onSite-triggerAction-returnBtn\"]"}
COMMAND: GET /session/0da40b3565e00458be499c195ee792a0/screenshot - {}
RESULT: {"using":"xpath","value":"//*[@id=\"application-siteinventory-display-component---detailSiteInventory--onSite-triggerAction-returnBtn\"]"}
COMMAND: POST /session/0da40b3565e00458be499c195ee792a0/element/f.D7754C3881FFDFB2D136ECE2150A921F.d.9BCC900B9BD4947F7BBD6B6ED19EB793.e.5761/click - {}
RESULT: {}
RESULT: {}
COMMAND: GET /session/0da40b3565e00458be499c195ee792a0/screenshot - {}
RESULT: {}
COMMAND: POST /session/0da40b3565e00458be499c195ee792a0/actions - {"actions":[{"id":"action20","type":"key","parameters":{},"actions":[{"type":"keyDown","value":"î€‡"},{"type":"pause","duration":10},{"type":"keyUp","value":"î€‡"}]}]}
RESULT: {"actions":[{"id":"action20","type":"key","parameters":{},"actions":[{"type":"keyDown","value":"î€‡"},{"type":"pause","duration":10},{"type":"keyUp","value":"î€‡"}]}]}
COMMAND: GET /session/0da40b3565e00458be499c195ee792a0/screenshot - {}
RESULT: {}
COMMAND: POST /session/0da40b3565e00458be499c195ee792a0/execute/async - {"script":"<script> [1562 bytes]","args":[{"selector":{"id":"application-siteinventory-display-component---detailSiteInventory--hoItemsSmartTable-btnPersonalisation-img"},"wdio_ui5_key":"applicationsiteinventory-display-component---detailSiteInventory--hoItemsSmartTable-btnPersonalisation-img"}]}
RESULT: {"script":"<script> [1562 bytes]","args":[{"selector":{"id":"application-siteinventory-display-component---detailSiteInventory--hoItemsSmartTable-btnPersonalisation-img"},"wdio_ui5_key":"applicationsiteinventory-display-component---detailSiteInventory--hoItemsSmartTable-btnPersonalisation-img"}]}
RESULT: undefined
COMMAND: POST /session/0da40b3565e00458be499c195ee792a0/element - {"using":"xpath","value":"//*[@id=\"application-siteinventory-display-component---detailSiteInventory--hoItemsSmartTable-btnPersonalisation-img\"]"}
RESULT: {"using":"xpath","value":"//*[@id=\"application-siteinventory-display-component---detailSiteInventory--hoItemsSmartTable-btnPersonalisation-img\"]"}
COMMAND: POST /session/0da40b3565e00458be499c195ee792a0/element/f.D7754C3881FFDFB2D136ECE2150A921F.d.9BCC900B9BD4947F7BBD6B6ED19EB793.e.5770/click - {}
RESULT: {}
COMMAND: POST /session/0da40b3565e00458be499c195ee792a0/element - {"using":"xpath","value":"//input[contains(@id ,\"searchField-I\")]"}
COMMAND: GET /session/0da40b3565e00458be499c195ee792a0/screenshot - {}
RESULT: {"using":"xpath","value":"//input[contains(@id ,\"searchField-I\")]"}
COMMAND: POST /session/0da40b3565e00458be499c195ee792a0/element/f.D7754C3881FFDFB2D136ECE2150A921F.d.9BCC900B9BD4947F7BBD6B6ED19EB793.e.5860/clear - {}
RESULT: {}
RESULT: {}
COMMAND: POST /session/0da40b3565e00458be499c195ee792a0/element/f.D7754C3881FFDFB2D136ECE2150A921F.d.9BCC900B9BD4947F7BBD6B6ED19EB793.e.5860/value - {"text":"Handover Returned"}
COMMAND: GET /session/0da40b3565e00458be499c195ee792a0/screenshot - {}
RESULT: {"text":"Handover Returned"}
COMMAND: GET /session/0da40b3565e00458be499c195ee792a0/screenshot - {}
RESULT: {}
RESULT: {}
COMMAND: POST /session/0da40b3565e00458be499c195ee792a0/element - {"using":"xpath","value":"//div[contains(@id ,\"innerSelectionPanelTable-sa-CbBg\")]"}
RESULT: {"using":"xpath","value":"//div[contains(@id ,\"innerSelectionPanelTable-sa-CbBg\")]"}
COMMAND: POST /session/0da40b3565e00458be499c195ee792a0/element/f.D7754C3881FFDFB2D136ECE2150A921F.d.9BCC900B9BD4947F7BBD6B6ED19EB793.e.5892/click - {}
RESULT: {}
COMMAND: POST /session/0da40b3565e00458be499c195ee792a0/execute/async - {"script":"<script> [1562 bytes]","args":[{"selector":{"controlType":"sap.m.Button","viewName":"etm.portal.ui.siteinventory.view.Detail","viewId":"application-siteinventory-display-component---detailSiteInventory","properties":{"text":"OK"},"searchOpenDialogs":true,"interaction":{"idSuffix":"BDI-content"}},"wdio_ui5_key":"etmportal.ui.siteinventory.view.Detailsap.m.Button{\"text\":\"OK\"}"}]}
COMMAND: GET /session/0da40b3565e00458be499c195ee792a0/screenshot - {}
RESULT: {"script":"<script> [1562 bytes]","args":[{"selector":{"controlType":"sap.m.Button","viewName":"etm.portal.ui.siteinventory.view.Detail","viewId":"application-siteinventory-display-component---detailSiteInventory","properties":{"text":"OK"},"searchOpenDialogs":true,"interaction":{"idSuffix":"BDI-content"}},"wdio_ui5_key":"etmportal.ui.siteinventory.view.Detailsap.m.Button{\"text\":\"OK\"}"}]}
RESULT: undefined
COMMAND: POST /session/0da40b3565e00458be499c195ee792a0/element - {"using":"xpath","value":"//*[@id=\"__popup40-confirmBtn\"]"}
RESULT: {}
RESULT: {"using":"xpath","value":"//*[@id=\"__popup40-confirmBtn\"]"}
COMMAND: POST /session/0da40b3565e00458be499c195ee792a0/element/f.D7754C3881FFDFB2D136ECE2150A921F.d.9BCC900B9BD4947F7BBD6B6ED19EB793.e.5895/click - {}
RESULT: {}
COMMAND: GET /session/0da40b3565e00458be499c195ee792a0/screenshot - {}
RESULT: {}
COMMAND: POST /session/0da40b3565e00458be499c195ee792a0/element - {"using":"css selector","value":"#shell-header-logo"}
RESULT: {"using":"css selector","value":"#shell-header-logo"}
COMMAND: POST /session/0da40b3565e00458be499c195ee792a0/element/f.D7754C3881FFDFB2D136ECE2150A921F.d.9BCC900B9BD4947F7BBD6B6ED19EB793.e.5595/click - {}
RESULT: {}
COMMAND: GET /session/0da40b3565e00458be499c195ee792a0/screenshot - {}
RESULT: {}
COMMAND: POST /session/0da40b3565e00458be499c195ee792a0/execute/async - {"script":"<script> [1562 bytes]","args":[{"selector":{"controlType":"sap.m.GenericTile","properties":{"header":"Manage Handovers"}},"wdio_ui5_key":"sapm.GenericTile{\"header\":\"Manage Handovers\"}"}]}
RESULT: {"script":"<script> [1562 bytes]","args":[{"selector":{"controlType":"sap.m.GenericTile","properties":{"header":"Manage Handovers"}},"wdio_ui5_key":"sapm.GenericTile{\"header\":\"Manage Handovers\"}"}]}
RESULT: undefined
COMMAND: POST /session/0da40b3565e00458be499c195ee792a0/element - {"using":"xpath","value":"//*[@id=\"__tile131\"]"}
RESULT: {"using":"xpath","value":"//*[@id=\"__tile131\"]"}
COMMAND: POST /session/0da40b3565e00458be499c195ee792a0/element/f.D7754C3881FFDFB2D136ECE2150A921F.d.9BCC900B9BD4947F7BBD6B6ED19EB793.e.5911/click - {}
RESULT: {}
COMMAND: GET /session/0da40b3565e00458be499c195ee792a0/screenshot - {}
RESULT: {}
COMMAND: POST /session/0da40b3565e00458be499c195ee792a0/execute/async - {"script":"<script> [1562 bytes]","args":[{"selector":{"controlType":"sap.ui.core.Icon","viewName":"etm.portal.ui.managehandovers.view.MasterHO","properties":{"src":{"regex":{"source":"value\\-help"}}},"ancestor":{"controlType":"sap.ui.comp.smartfilterbar.SFBMultiInput","viewName":"etm.portal.ui.managehandovers.view.MasterHO","labelFor":{"text":"Sending Contract"}}},"wdio_ui5_key":"etmportal.ui.managehandovers.view.MasterHOsap.ui.core.Icon{\"src\":{\"regex\":{\"source\":\"value\\\\-help\"}}}{\"controlType\":\"sap.ui.comp.smartfilterbar.SFBMultiInput\",\"viewName\":\"etm.portal.ui.managehandovers.view.MasterHO\",\"labelFor\":{\"text\":\"Sending Contract\"}}"}]}
RESULT: {"script":"<script> [1562 bytes]","args":[{"selector":{"controlType":"sap.ui.core.Icon","viewName":"etm.portal.ui.managehandovers.view.MasterHO","properties":{"src":{"regex":{"source":"value\\-help"}}},"ancestor":{"controlType":"sap.ui.comp.smartfilterbar.SFBMultiInput","viewName":"etm.portal.ui.managehandovers.view.MasterHO","labelFor":{"text":"Sending Contract"}}},"wdio_ui5_key":"etmportal.ui.managehandovers.view.MasterHOsap.ui.core.Icon{\"src\":{\"regex\":{\"source\":\"value\\\\-help\"}}}{\"controlType\":\"sap.ui.comp.smartfilterbar.SFBMultiInput\",\"viewName\":\"etm.portal.ui.managehandovers.view.MasterHO\",\"labelFor\":{\"text\":\"Sending Contract\"}}"}]}
RESULT: undefined
COMMAND: POST /session/0da40b3565e00458be499c195ee792a0/element - {"using":"xpath","value":"//*[@id=\"__xmlview58--smartFilterBar-filterItemControl_BASIC-SEND_CONTRACT-vhi\"]"}
RESULT: {"using":"xpath","value":"//*[@id=\"__xmlview58--smartFilterBar-filterItemControl_BASIC-SEND_CONTRACT-vhi\"]"}
COMMAND: POST /session/0da40b3565e00458be499c195ee792a0/element/f.D7754C3881FFDFB2D136ECE2150A921F.d.9BCC900B9BD4947F7BBD6B6ED19EB793.e.5975/click - {}
RESULT: {}
COMMAND: GET /session/0da40b3565e00458be499c195ee792a0/screenshot - {}
RESULT: {}
COMMAND: POST /session/0da40b3565e00458be499c195ee792a0/execute/async - {"script":"<script> [1562 bytes]","args":[{"selector":{"controlType":"sap.m.SearchField","viewName":"etm.portal.ui.managehandovers.view.MasterHO","bindingPath":{"path":"","propertyPath":"/_BASIC_SEARCH_FIELD","modelName":"fi1t3rM0d31"},"searchOpenDialogs":true,"interaction":{"idSuffix":"I"}},"wdio_ui5_key":"etmportal.ui.managehandovers.view.MasterHOsap.m.SearchField{\"path\":\"\",\"propertyPath\":\"/_BASIC_SEARCH_FIELD\",\"modelName\":\"fi1t3rM0d31\"}"}]}
RESULT: {"script":"<script> [1562 bytes]","args":[{"selector":{"controlType":"sap.m.SearchField","viewName":"etm.portal.ui.managehandovers.view.MasterHO","bindingPath":{"path":"","propertyPath":"/_BASIC_SEARCH_FIELD","modelName":"fi1t3rM0d31"},"searchOpenDialogs":true,"interaction":{"idSuffix":"I"}},"wdio_ui5_key":"etmportal.ui.managehandovers.view.MasterHOsap.m.SearchField{\"path\":\"\",\"propertyPath\":\"/_BASIC_SEARCH_FIELD\",\"modelName\":\"fi1t3rM0d31\"}"}]}
RESULT: undefined
COMMAND: POST /session/0da40b3565e00458be499c195ee792a0/execute/async - {"script":"<script> [776 bytes]","args":[{"enterText":"10583","selector":{"controlType":"sap.m.SearchField","viewName":"etm.portal.ui.managehandovers.view.MasterHO","bindingPath":{"path":"","propertyPath":"/_BASIC_SEARCH_FIELD","modelName":"fi1t3rM0d31"},"searchOpenDialogs":true,"interaction":{"idSuffix":"I"}},"clearTextFirst":true,"interactionType":"ENTER_TEXT"}]}
RESULT: {"script":"<script> [776 bytes]","args":[{"enterText":"10583","selector":{"controlType":"sap.m.SearchField","viewName":"etm.portal.ui.managehandovers.view.MasterHO","bindingPath":{"path":"","propertyPath":"/_BASIC_SEARCH_FIELD","modelName":"fi1t3rM0d31"},"searchOpenDialogs":true,"interaction":{"idSuffix":"I"}},"clearTextFirst":true,"interactionType":"ENTER_TEXT"}]}
COMMAND: POST /session/0da40b3565e00458be499c195ee792a0/actions - {"actions":[{"id":"action21","type":"key","parameters":{},"actions":[{"type":"keyDown","value":"î€‡"},{"type":"pause","duration":10},{"type":"keyUp","value":"î€‡"}]}]}
RESULT: {"actions":[{"id":"action21","type":"key","parameters":{},"actions":[{"type":"keyDown","value":"î€‡"},{"type":"pause","duration":10},{"type":"keyUp","value":"î€‡"}]}]}
COMMAND: GET /session/0da40b3565e00458be499c195ee792a0/screenshot - {}
RESULT: {}
COMMAND: POST /session/0da40b3565e00458be499c195ee792a0/element - {"using":"xpath","value":"//div[contains(@id ,\"smartFilterBar-filterItemControl_BASIC-SEND_CONTRACT-valueHelpDialog-table-rowsel0\")]"}
RESULT: {"using":"xpath","value":"//div[contains(@id ,\"smartFilterBar-filterItemControl_BASIC-SEND_CONTRACT-valueHelpDialog-table-rowsel0\")]"}
COMMAND: POST /session/0da40b3565e00458be499c195ee792a0/element/f.D7754C3881FFDFB2D136ECE2150A921F.d.9BCC900B9BD4947F7BBD6B6ED19EB793.e.5985/click - {}
RESULT: {}
COMMAND: GET /session/0da40b3565e00458be499c195ee792a0/screenshot - {}
RESULT: {}
COMMAND: POST /session/0da40b3565e00458be499c195ee792a0/execute/async - {"script":"<script> [1562 bytes]","args":[{"selector":{"controlType":"sap.m.Button","viewName":"etm.portal.ui.managehandovers.view.MasterHO","properties":{"text":"OK"},"searchOpenDialogs":true,"interaction":{"idSuffix":"BDI-content"}},"wdio_ui5_key":"etmportal.ui.managehandovers.view.MasterHOsap.m.Button{\"text\":\"OK\"}"}]}
RESULT: {"script":"<script> [1562 bytes]","args":[{"selector":{"controlType":"sap.m.Button","viewName":"etm.portal.ui.managehandovers.view.MasterHO","properties":{"text":"OK"},"searchOpenDialogs":true,"interaction":{"idSuffix":"BDI-content"}},"wdio_ui5_key":"etmportal.ui.managehandovers.view.MasterHOsap.m.Button{\"text\":\"OK\"}"}]}
RESULT: undefined
COMMAND: POST /session/0da40b3565e00458be499c195ee792a0/element - {"using":"xpath","value":"//*[@id=\"__xmlview58--smartFilterBar-filterItemControl_BASIC-SEND_CONTRACT-valueHelpDialog-ok\"]"}
RESULT: {"using":"xpath","value":"//*[@id=\"__xmlview58--smartFilterBar-filterItemControl_BASIC-SEND_CONTRACT-valueHelpDialog-ok\"]"}
COMMAND: POST /session/0da40b3565e00458be499c195ee792a0/element/f.D7754C3881FFDFB2D136ECE2150A921F.d.9BCC900B9BD4947F7BBD6B6ED19EB793.e.5988/click - {}
RESULT: {}
COMMAND: GET /session/0da40b3565e00458be499c195ee792a0/screenshot - {}
RESULT: {}
COMMAND: POST /session/0da40b3565e00458be499c195ee792a0/execute/async - {"script":"<script> [1562 bytes]","args":[{"selector":{"controlType":"sap.ui.core.Icon","viewName":"etm.portal.ui.managehandovers.view.MasterHO","properties":{"src":{"regex":{"source":"slim\\-arrow\\-right"}}}},"wdio_ui5_key":"etmportal.ui.managehandovers.view.MasterHOsap.ui.core.Icon{\"src\":{\"regex\":{\"source\":\"slim\\\\-arrow\\\\-right\"}}}"}]}
RESULT: {"script":"<script> [1562 bytes]","args":[{"selector":{"controlType":"sap.ui.core.Icon","viewName":"etm.portal.ui.managehandovers.view.MasterHO","properties":{"src":{"regex":{"source":"slim\\-arrow\\-right"}}}},"wdio_ui5_key":"etmportal.ui.managehandovers.view.MasterHOsap.ui.core.Icon{\"src\":{\"regex\":{\"source\":\"slim\\\\-arrow\\\\-right\"}}}"}]}
RESULT: undefined
COMMAND: POST /session/0da40b3565e00458be499c195ee792a0/element - {"using":"xpath","value":"//*[@id=\"__item145-__clone231-imgNav\"]"}
RESULT: {"using":"xpath","value":"//*[@id=\"__item145-__clone231-imgNav\"]"}
COMMAND: POST /session/0da40b3565e00458be499c195ee792a0/element/f.D7754C3881FFDFB2D136ECE2150A921F.d.9BCC900B9BD4947F7BBD6B6ED19EB793.e.6026/click - {}
RESULT: {}
COMMAND: GET /session/0da40b3565e00458be499c195ee792a0/screenshot - {}
RESULT: {}
COMMAND: POST /session/0da40b3565e00458be499c195ee792a0/execute/async - {"script":"<script> [1562 bytes]","args":[{"selector":{"controlType":"sap.m.Text","viewName":"etm.portal.ui.managehandovers.view.DetailExecuteHO","bindingPath":{"propertyPath":"NO","modelName":"catalogModel"}},"wdio_ui5_key":"etmportal.ui.managehandovers.view.DetailExecuteHOsap.m.Text{\"propertyPath\":\"NO\",\"modelName\":\"catalogModel\"}"}]}
RESULT: {"script":"<script> [1562 bytes]","args":[{"selector":{"controlType":"sap.m.Text","viewName":"etm.portal.ui.managehandovers.view.DetailExecuteHO","bindingPath":{"propertyPath":"NO","modelName":"catalogModel"}},"wdio_ui5_key":"etmportal.ui.managehandovers.view.DetailExecuteHOsap.m.Text{\"propertyPath\":\"NO\",\"modelName\":\"catalogModel\"}"}]}
RESULT: undefined
COMMAND: POST /session/0da40b3565e00458be499c195ee792a0/execute/async - {"script":"<script> [6424 bytes]","args":[{"element-6066-11e4-a52e-4f735466cecf":"f.D7754C3881FFDFB2D136ECE2150A921F.d.9BCC900B9BD4947F7BBD6B6ED19EB793.e.6136"},"getText",[]]}
RESULT: {"script":"<script> [6424 bytes]","args":[{"element-6066-11e4-a52e-4f735466cecf":"f.D7754C3881FFDFB2D136ECE2150A921F.d.9BCC900B9BD4947F7BBD6B6ED19EB793.e.6136"},"getText",[]]}
COMMAND: POST /session/0da40b3565e00458be499c195ee792a0/element - {"using":"xpath","value":"//bdi[contains(text(), \"Confirm All\")]"}
RESULT: {"using":"xpath","value":"//bdi[contains(text(), \"Confirm All\")]"}
COMMAND: POST /session/0da40b3565e00458be499c195ee792a0/element/f.D7754C3881FFDFB2D136ECE2150A921F.d.9BCC900B9BD4947F7BBD6B6ED19EB793.e.6137/click - {}
RESULT: {}
COMMAND: GET /session/0da40b3565e00458be499c195ee792a0/screenshot - {}
RESULT: {}
COMMAND: POST /session/0da40b3565e00458be499c195ee792a0/actions - {"actions":[{"id":"action22","type":"key","parameters":{},"actions":[{"type":"keyDown","value":"î€‡"},{"type":"pause","duration":10},{"type":"keyUp","value":"î€‡"}]}]}
RESULT: {"actions":[{"id":"action22","type":"key","parameters":{},"actions":[{"type":"keyDown","value":"î€‡"},{"type":"pause","duration":10},{"type":"keyUp","value":"î€‡"}]}]}
COMMAND: GET /session/0da40b3565e00458be499c195ee792a0/screenshot - {}
RESULT: {}
COMMAND: POST /session/0da40b3565e00458be499c195ee792a0/element - {"using":"xpath","value":"(//bdi[contains(@id ,\"BDI-content\")][contains(text(), \"Issue\")])[2]"}
RESULT: {"using":"xpath","value":"(//bdi[contains(@id ,\"BDI-content\")][contains(text(), \"Issue\")])[2]"}
COMMAND: POST /session/0da40b3565e00458be499c195ee792a0/element/f.D7754C3881FFDFB2D136ECE2150A921F.d.9BCC900B9BD4947F7BBD6B6ED19EB793.e.6142/click - {}
RESULT: {}
COMMAND: GET /session/0da40b3565e00458be499c195ee792a0/screenshot - {}
RESULT: {}
COMMAND: POST /session/0da40b3565e00458be499c195ee792a0/refresh - {}
RESULT: {}
COMMAND: GET /session/0da40b3565e00458be499c195ee792a0/screenshot - {}
RESULT: {}
COMMAND: POST /session/0da40b3565e00458be499c195ee792a0/execute/async - {"script":"<script> [189 bytes]","args":[]}
RESULT: {"script":"<script> [189 bytes]","args":[]}
COMMAND: POST /session/0da40b3565e00458be499c195ee792a0/execute/async - {"script":"<script> [123 bytes]","args":[]}
RESULT: {"script":"<script> [123 bytes]","args":[]}
COMMAND: POST /session/0da40b3565e00458be499c195ee792a0/timeouts - {"script":"<number>"}
RESULT: {"script":"<number>"}
COMMAND: GET /session/0da40b3565e00458be499c195ee792a0/timeouts - {}
RESULT: {}
RESULT: undefined
COMMAND: POST /session/0da40b3565e00458be499c195ee792a0/execute/async - {"script":"<script> [2676 bytes]","args":[]}
RESULT: {"script":"<script> [2676 bytes]","args":[]}
COMMAND: POST /session/0da40b3565e00458be499c195ee792a0/execute/async - {"script":"<script> [2342 bytes]","args":[{"protocol":"http","hostname":"0.0.0.0","path":"/","capabilities":{"browserName":"chrome","goog:chromeOptions":{"binary":"C:\\Program Files\\Google\\Chrome\\Application\\chrome.exe","args":["--start-maximized"]}},"logLevel":"warn","connectionRetryTimeout":120000,"connectionRetryCount":3,"logLevels":{},"enableDirectConnect":true,"strictSSL":true,"_":"65 more keys: [\"cacheDir\",\"port\",\"requestedCapabilities\",\"automationProtocol\",\"baseUrl\",\"waitforInterval\",\"waitforTimeout\",\"onReload\",\"beforeCommand\",\"afterCommand\",\"rootDir\",\"specs\",\"suites\",\"exclude\",\"groupLogsByTestSpec\",\"excludeDriverLogs\",\"bail\",\"framework\",\"reporters\",\"services\",\"maxInstances\",\"maxInstancesPerCapability\",\"injectGlobals\",\"filesToWatch\",\"execArgv\",\"runnerEnv\",\"runner\",\"shard\",\"specFileRetries\",\"specFileRetriesDelay\",\"specFileRetriesDeferred\",\"reporterSyncInterval\",\"reporterSyncTimeout\",\"cucumberFeaturesWithLineNumbers\",\"autoCompileOpts\",\"mochaOpts\",\"jasmineOpts\",\"cucumberOpts\",\"onPrepare\",\"onWorkerStart\",\"onWorkerEnd\",\"before\",\"beforeSession\",\"beforeSuite\",\"beforeHook\",\"beforeTest\",\"afterTest\",\"afterHook\",\"afterSuite\",\"afterSession\",\"after\",\"onComplete\",\"beforeAssertion\",\"afterAssertion\",\"beforeFeature\",\"beforeScenario\",\"beforeStep\",\"afterStep\",\"afterScenario\",\"afterFeature\",\"_\",\"suite\",\"$0\",\"ignoredWorkerServices\",\"wdi5\"]"}]}
RESULT: {"script":"<script> [2342 bytes]","args":[{"protocol":"http","hostname":"0.0.0.0","path":"/","capabilities":{"browserName":"chrome","goog:chromeOptions":{"binary":"C:\\Program Files\\Google\\Chrome\\Application\\chrome.exe","args":["--start-maximized"]}},"logLevel":"warn","connectionRetryTimeout":120000,"connectionRetryCount":3,"logLevels":{},"enableDirectConnect":true,"strictSSL":true,"_":"65 more keys: [\"cacheDir\",\"port\",\"requestedCapabilities\",\"automationProtocol\",\"baseUrl\",\"waitforInterval\",\"waitforTimeout\",\"onReload\",\"beforeCommand\",\"afterCommand\",\"rootDir\",\"specs\",\"suites\",\"exclude\",\"groupLogsByTestSpec\",\"excludeDriverLogs\",\"bail\",\"framework\",\"reporters\",\"services\",\"maxInstances\",\"maxInstancesPerCapability\",\"injectGlobals\",\"filesToWatch\",\"execArgv\",\"runnerEnv\",\"runner\",\"shard\",\"specFileRetries\",\"specFileRetriesDelay\",\"specFileRetriesDeferred\",\"reporterSyncInterval\",\"reporterSyncTimeout\",\"cucumberFeaturesWithLineNumbers\",\"autoCompileOpts\",\"mochaOpts\",\"jasmineOpts\",\"cucumberOpts\",\"onPrepare\",\"onWorkerStart\",\"onWorkerEnd\",\"before\",\"beforeSession\",\"beforeSuite\",\"beforeHook\",\"beforeTest\",\"afterTest\",\"afterHook\",\"afterSuite\",\"afterSession\",\"after\",\"onComplete\",\"beforeAssertion\",\"afterAssertion\",\"beforeFeature\",\"beforeScenario\",\"beforeStep\",\"afterStep\",\"afterScenario\",\"afterFeature\",\"_\",\"suite\",\"$0\",\"ignoredWorkerServices\",\"wdi5\"]"}]}
COMMAND: POST /session/0da40b3565e00458be499c195ee792a0/execute/async - {"script":"<script> [21126 bytes]","args":[35000]}
RESULT: {"script":"<script> [21126 bytes]","args":[35000]}
COMMAND: POST /session/0da40b3565e00458be499c195ee792a0/element - {"using":"xpath","value":"//input[contains(@id ,\"smartFilterBar-btnBasicSearch-I\")]"}
RESULT: {"using":"xpath","value":"//input[contains(@id ,\"smartFilterBar-btnBasicSearch-I\")]"}
COMMAND: POST /session/0da40b3565e00458be499c195ee792a0/element/f.D7754C3881FFDFB2D136ECE2150A921F.d.E68773DB4233CF117160AD4BAC6CDDAA.e.6196/clear - {}
RESULT: {}
COMMAND: POST /session/0da40b3565e00458be499c195ee792a0/element/f.D7754C3881FFDFB2D136ECE2150A921F.d.E68773DB4233CF117160AD4BAC6CDDAA.e.6196/value - {"text":"30881"}
COMMAND: GET /session/0da40b3565e00458be499c195ee792a0/screenshot - {}
RESULT: {"text":"30881"}
COMMAND: GET /session/0da40b3565e00458be499c195ee792a0/screenshot - {}
RESULT: {}
RESULT: {}
COMMAND: POST /session/0da40b3565e00458be499c195ee792a0/actions - {"actions":[{"id":"action23","type":"key","parameters":{},"actions":[{"type":"keyDown","value":"î€‡"},{"type":"pause","duration":10},{"type":"keyUp","value":"î€‡"}]}]}
RESULT: {"actions":[{"id":"action23","type":"key","parameters":{},"actions":[{"type":"keyDown","value":"î€‡"},{"type":"pause","duration":10},{"type":"keyUp","value":"î€‡"}]}]}
COMMAND: GET /session/0da40b3565e00458be499c195ee792a0/screenshot - {}
RESULT: {}
COMMAND: POST /session/0da40b3565e00458be499c195ee792a0/execute/async - {"script":"<script> [1562 bytes]","args":[{"selector":{"controlType":"sap.ui.core.Icon","viewName":"etm.portal.ui.managehandovers.view.MasterHO","properties":{"src":{"regex":{"source":"slim\\-arrow\\-right"}}}},"wdio_ui5_key":"etmportal.ui.managehandovers.view.MasterHOsap.ui.core.Icon{\"src\":{\"regex\":{\"source\":\"slim\\\\-arrow\\\\-right\"}}}"}]}
RESULT: {"script":"<script> [1562 bytes]","args":[{"selector":{"controlType":"sap.ui.core.Icon","viewName":"etm.portal.ui.managehandovers.view.MasterHO","properties":{"src":{"regex":{"source":"slim\\-arrow\\-right"}}}},"wdio_ui5_key":"etmportal.ui.managehandovers.view.MasterHOsap.ui.core.Icon{\"src\":{\"regex\":{\"source\":\"slim\\\\-arrow\\\\-right\"}}}"}]}
RESULT: undefined
COMMAND: POST /session/0da40b3565e00458be499c195ee792a0/element - {"using":"xpath","value":"//*[@id=\"__item30-__clone16-imgNav\"]"}
RESULT: {"using":"xpath","value":"//*[@id=\"__item30-__clone16-imgNav\"]"}
COMMAND: POST /session/0da40b3565e00458be499c195ee792a0/element/f.D7754C3881FFDFB2D136ECE2150A921F.d.E68773DB4233CF117160AD4BAC6CDDAA.e.6290/click - {}
RESULT: {}
COMMAND: GET /session/0da40b3565e00458be499c195ee792a0/screenshot - {}
RESULT: {}
COMMAND: POST /session/0da40b3565e00458be499c195ee792a0/execute/async - {"script":"<script> [1562 bytes]","args":[{"selector":{"controlType":"sap.m.ObjectStatus","viewName":"etm.portal.ui.managehandovers.view.DetailManageHO","viewId":"application-managehandovers-display-component---detailManageHO","labelFor":{"text":"Status"}},"wdio_ui5_key":"etmportal.ui.managehandovers.view.DetailManageHOsap.m.ObjectStatus{\"text\":\"Status\"}"}]}
RESULT: {"script":"<script> [1562 bytes]","args":[{"selector":{"controlType":"sap.m.ObjectStatus","viewName":"etm.portal.ui.managehandovers.view.DetailManageHO","viewId":"application-managehandovers-display-component---detailManageHO","labelFor":{"text":"Status"}},"wdio_ui5_key":"etmportal.ui.managehandovers.view.DetailManageHOsap.m.ObjectStatus{\"text\":\"Status\"}"}]}
RESULT: undefined
COMMAND: POST /session/0da40b3565e00458be499c195ee792a0/execute/async - {"script":"<script> [6424 bytes]","args":[{"element-6066-11e4-a52e-4f735466cecf":"f.D7754C3881FFDFB2D136ECE2150A921F.d.E68773DB4233CF117160AD4BAC6CDDAA.e.6373"},"getText",[]]}
RESULT: {"script":"<script> [6424 bytes]","args":[{"element-6066-11e4-a52e-4f735466cecf":"f.D7754C3881FFDFB2D136ECE2150A921F.d.E68773DB4233CF117160AD4BAC6CDDAA.e.6373"},"getText",[]]}
COMMAND: POST /session/0da40b3565e00458be499c195ee792a0/element - {"using":"xpath","value":"//a[contains(@data-kt ,\"GeneralSectionSendContractLink\")]"}
RESULT: {"using":"xpath","value":"//a[contains(@data-kt ,\"GeneralSectionSendContractLink\")]"}
COMMAND: POST /session/0da40b3565e00458be499c195ee792a0/element/f.D7754C3881FFDFB2D136ECE2150A921F.d.E68773DB4233CF117160AD4BAC6CDDAA.e.6374/click - {}
RESULT: {}
COMMAND: GET /session/0da40b3565e00458be499c195ee792a0/screenshot - {}
RESULT: {}
COMMAND: POST /session/0da40b3565e00458be499c195ee792a0/element - {"using":"xpath","value":"//a[contains(@data-kt ,\"ContextMenuId2Link\")]"}
RESULT: {"using":"xpath","value":"//a[contains(@data-kt ,\"ContextMenuId2Link\")]"}
COMMAND: POST /session/0da40b3565e00458be499c195ee792a0/element/f.D7754C3881FFDFB2D136ECE2150A921F.d.E68773DB4233CF117160AD4BAC6CDDAA.e.6378/click - {}
RESULT: {}
COMMAND: GET /session/0da40b3565e00458be499c195ee792a0/screenshot - {}
RESULT: {}
COMMAND: POST /session/0da40b3565e00458be499c195ee792a0/execute/async - {"script":"<script> [1562 bytes]","args":[{"selector":{"id":"headerBillingItemsTabFilter","viewName":"etm.portal.ui.managecontracts.view.Detail","interaction":{"idSuffix":"text"}},"wdio_ui5_key":"headerBillingItemsTabFilteretmportal.ui.managecontracts.view.Detail"}]}
RESULT: {"script":"<script> [1562 bytes]","args":[{"selector":{"id":"headerBillingItemsTabFilter","viewName":"etm.portal.ui.managecontracts.view.Detail","interaction":{"idSuffix":"text"}},"wdio_ui5_key":"headerBillingItemsTabFilteretmportal.ui.managecontracts.view.Detail"}]}
RESULT: undefined
COMMAND: POST /session/0da40b3565e00458be499c195ee792a0/element - {"using":"xpath","value":"//*[@id=\"__xmlview2--headerBillingItemsTabFilter\"]"}
RESULT: {"using":"xpath","value":"//*[@id=\"__xmlview2--headerBillingItemsTabFilter\"]"}
COMMAND: POST /session/0da40b3565e00458be499c195ee792a0/element/f.D7754C3881FFDFB2D136ECE2150A921F.d.E68773DB4233CF117160AD4BAC6CDDAA.e.6589/click - {}
RESULT: {}
COMMAND: GET /session/0da40b3565e00458be499c195ee792a0/screenshot - {}
RESULT: {}
COMMAND: POST /session/0da40b3565e00458be499c195ee792a0/execute/async - {"script":"<script> [1562 bytes]","args":[{"selector":{"controlType":"sap.m.ObjectStatus","viewName":"etm.portal.ui.managecontracts.view.Detail","bindingPath":{"path":"/SmartContractItems(CONTRACT='10583',ITEM=10m,SUB_ITEM=0m)","propertyPath":"STATUS"}},"wdio_ui5_key":"etmportal.ui.managecontracts.view.Detailsap.m.ObjectStatus{\"path\":\"/SmartContractItems(CONTRACT='10583',ITEM=10m,SUB_ITEM=0m)\",\"propertyPath\":\"STATUS\"}"}]}
RESULT: {"script":"<script> [1562 bytes]","args":[{"selector":{"controlType":"sap.m.ObjectStatus","viewName":"etm.portal.ui.managecontracts.view.Detail","bindingPath":{"path":"/SmartContractItems(CONTRACT='10583',ITEM=10m,SUB_ITEM=0m)","propertyPath":"STATUS"}},"wdio_ui5_key":"etmportal.ui.managecontracts.view.Detailsap.m.ObjectStatus{\"path\":\"/SmartContractItems(CONTRACT='10583',ITEM=10m,SUB_ITEM=0m)\",\"propertyPath\":\"STATUS\"}"}]}
RESULT: undefined
COMMAND: POST /session/0da40b3565e00458be499c195ee792a0/execute/async - {"script":"<script> [6424 bytes]","args":[{"element-6066-11e4-a52e-4f735466cecf":"f.D7754C3881FFDFB2D136ECE2150A921F.d.E68773DB4233CF117160AD4BAC6CDDAA.e.6593"},"getText",[]]}
RESULT: {"script":"<script> [6424 bytes]","args":[{"element-6066-11e4-a52e-4f735466cecf":"f.D7754C3881FFDFB2D136ECE2150A921F.d.E68773DB4233CF117160AD4BAC6CDDAA.e.6593"},"getText",[]]}
COMMAND: DELETE /session/0da40b3565e00458be499c195ee792a0 - {}
RESULT: {}
]]></system-out>
    </testcase>
  </testsuite>
</testsuites>