<?xml version="1.0" encoding="UTF-8"?>
<testsuites tests="10" failures="0" errors="0" skipped="0">
  <testsuite timestamp="2025-05-01T16:41:32" time="261.688" tests="3" failures="0" errors="0" skipped="0">
    <properties>
      <property name="specId" value="0" />
      <property name="suiteName" value="Create and verify Order without Template US127247" />
      <property name="capabilities" value="chrome.135_0_7049_96.windows" />
      <property name="file" value="file:///D:/a/1/s/test/specs/ISC/create-iscorder.spec.js" />
    </properties>
    <testcase classname="chrome.135_0_7049_96.windows.Create_and_verify_Order_without_Template_US127247" name="Should create material" time="115.858">
      <system-out><![CDATA[
COMMAND: POST /session/ce00c95ab29fd2b6dadc42a257eb6258/window/maximize - {}
RESULT: {}
COMMAND: POST /session/ce00c95ab29fd2b6dadc42a257eb6258/execute/async - {"script":"<script> [1562 bytes]","args":[{"selector":{"controlType":"sap.m.GenericTile","properties":{"header":"Manage Resources"}},"wdio_ui5_key":"sapm.GenericTile{\"header\":\"Manage Resources\"}"}]}
COMMAND: GET /session/ce00c95ab29fd2b6dadc42a257eb6258/screenshot - {}
RESULT: {"script":"<script> [1562 bytes]","args":[{"selector":{"controlType":"sap.m.GenericTile","properties":{"header":"Manage Resources"}},"wdio_ui5_key":"sapm.GenericTile{\"header\":\"Manage Resources\"}"}]}
RESULT: undefined
COMMAND: POST /session/ce00c95ab29fd2b6dadc42a257eb6258/element - {"using":"xpath","value":"//*[@id=\"__tile39\"]"}
RESULT: {}
RESULT: {"using":"xpath","value":"//*[@id=\"__tile39\"]"}
COMMAND: POST /session/ce00c95ab29fd2b6dadc42a257eb6258/element/f.24A06151E8A946319EB5CB98F2660F55.d.7A5218D7E829B108591D75AA059E2C30.e.113/click - {}
RESULT: {}
COMMAND: GET /session/ce00c95ab29fd2b6dadc42a257eb6258/screenshot - {}
RESULT: {}
COMMAND: POST /session/ce00c95ab29fd2b6dadc42a257eb6258/execute/async - {"script":"<script> [1562 bytes]","args":[{"selector":{"controlType":"sap.m.OverflowToolbarButton","viewName":"etm.portal.ui.manageresources.view.Master","viewId":"application-manageresources-display-component---masterRU","bindingPath":{"path":"","propertyPath":"/isLogbook","modelName":"minimumStockRPGModel"},"interaction":{"idSuffix":"inner"}},"wdio_ui5_key":"etmportal.ui.manageresources.view.Mastersap.m.OverflowToolbarButton{\"path\":\"\",\"propertyPath\":\"/isLogbook\",\"modelName\":\"minimumStockRPGModel\"}"}]}
RESULT: {"script":"<script> [1562 bytes]","args":[{"selector":{"controlType":"sap.m.OverflowToolbarButton","viewName":"etm.portal.ui.manageresources.view.Master","viewId":"application-manageresources-display-component---masterRU","bindingPath":{"path":"","propertyPath":"/isLogbook","modelName":"minimumStockRPGModel"},"interaction":{"idSuffix":"inner"}},"wdio_ui5_key":"etmportal.ui.manageresources.view.Mastersap.m.OverflowToolbarButton{\"path\":\"\",\"propertyPath\":\"/isLogbook\",\"modelName\":\"minimumStockRPGModel\"}"}]}
RESULT: undefined
COMMAND: POST /session/ce00c95ab29fd2b6dadc42a257eb6258/element - {"using":"xpath","value":"//*[@id=\"__button5\"]"}
RESULT: {"using":"xpath","value":"//*[@id=\"__button5\"]"}
COMMAND: POST /session/ce00c95ab29fd2b6dadc42a257eb6258/element/f.24A06151E8A946319EB5CB98F2660F55.d.7A5218D7E829B108591D75AA059E2C30.e.156/click - {}
RESULT: {}
COMMAND: POST /session/ce00c95ab29fd2b6dadc42a257eb6258/execute/async - {"script":"<script> [1562 bytes]","args":[{"selector":{"id":"application-manageresources-display-component---newResourceUnit--TYPE-arrow"},"wdio_ui5_key":"applicationmanageresources-display-component---newResourceUnit--TYPE-arrow"}]}
COMMAND: GET /session/ce00c95ab29fd2b6dadc42a257eb6258/screenshot - {}
RESULT: {"script":"<script> [1562 bytes]","args":[{"selector":{"id":"application-manageresources-display-component---newResourceUnit--TYPE-arrow"},"wdio_ui5_key":"applicationmanageresources-display-component---newResourceUnit--TYPE-arrow"}]}
RESULT: undefined
COMMAND: POST /session/ce00c95ab29fd2b6dadc42a257eb6258/element - {"using":"xpath","value":"//*[@id=\"application-manageresources-display-component---newResourceUnit--TYPE-arrow\"]"}
RESULT: {}
RESULT: {"using":"xpath","value":"//*[@id=\"application-manageresources-display-component---newResourceUnit--TYPE-arrow\"]"}
COMMAND: POST /session/ce00c95ab29fd2b6dadc42a257eb6258/element/f.24A06151E8A946319EB5CB98F2660F55.d.7A5218D7E829B108591D75AA059E2C30.e.481/click - {}
RESULT: {}
COMMAND: POST /session/ce00c95ab29fd2b6dadc42a257eb6258/execute/async - {"script":"<script> [1562 bytes]","args":[{"selector":{"controlType":"sap.m.StandardListItem","viewName":"reusables.view.manageresources.NewResourceUnit","viewId":"application-manageresources-display-component---newResourceUnit","properties":{"title":"Equipment"},"searchOpenDialogs":true},"wdio_ui5_key":"reusablesview.manageresources.NewResourceUnitsap.m.StandardListItem{\"title\":\"Equipment\"}"}]}
COMMAND: GET /session/ce00c95ab29fd2b6dadc42a257eb6258/screenshot - {}
RESULT: {"script":"<script> [1562 bytes]","args":[{"selector":{"controlType":"sap.m.StandardListItem","viewName":"reusables.view.manageresources.NewResourceUnit","viewId":"application-manageresources-display-component---newResourceUnit","properties":{"title":"Equipment"},"searchOpenDialogs":true},"wdio_ui5_key":"reusablesview.manageresources.NewResourceUnitsap.m.StandardListItem{\"title\":\"Equipment\"}"}]}
RESULT: undefined
COMMAND: POST /session/ce00c95ab29fd2b6dadc42a257eb6258/element - {"using":"xpath","value":"//*[@id=\"__item141\"]"}
RESULT: {}
RESULT: {"using":"xpath","value":"//*[@id=\"__item141\"]"}
COMMAND: POST /session/ce00c95ab29fd2b6dadc42a257eb6258/element/f.24A06151E8A946319EB5CB98F2660F55.d.7A5218D7E829B108591D75AA059E2C30.e.482/click - {}
RESULT: {}
COMMAND: POST /session/ce00c95ab29fd2b6dadc42a257eb6258/execute/async - {"script":"<script> [1562 bytes]","args":[{"selector":{"id":"application-manageresources-display-component---newResourceUnit--resourceId","interaction":{"idSuffix":"inner"}},"wdio_ui5_key":"applicationmanageresources-display-component---newResourceUnit--resourceId"}]}
COMMAND: GET /session/ce00c95ab29fd2b6dadc42a257eb6258/screenshot - {}
RESULT: {"script":"<script> [1562 bytes]","args":[{"selector":{"id":"application-manageresources-display-component---newResourceUnit--resourceId","interaction":{"idSuffix":"inner"}},"wdio_ui5_key":"applicationmanageresources-display-component---newResourceUnit--resourceId"}]}
RESULT: undefined
COMMAND: POST /session/ce00c95ab29fd2b6dadc42a257eb6258/execute/async - {"script":"<script> [776 bytes]","args":[{"enterText":"wdi5-1746117659567","selector":{"id":"application-manageresources-display-component---newResourceUnit--resourceId","interaction":{"idSuffix":"inner"}},"clearTextFirst":true,"interactionType":"ENTER_TEXT"}]}
RESULT: {}
RESULT: {"script":"<script> [776 bytes]","args":[{"enterText":"wdi5-1746117659567","selector":{"id":"application-manageresources-display-component---newResourceUnit--resourceId","interaction":{"idSuffix":"inner"}},"clearTextFirst":true,"interactionType":"ENTER_TEXT"}]}
COMMAND: POST /session/ce00c95ab29fd2b6dadc42a257eb6258/execute/async - {"script":"<script> [1562 bytes]","args":[{"selector":{"id":"application-manageresources-display-component---newResourceUnit--SHORT_TEXT","interaction":{"idSuffix":"inner"}},"wdio_ui5_key":"applicationmanageresources-display-component---newResourceUnit--SHORT_TEXT"}]}
RESULT: {"script":"<script> [1562 bytes]","args":[{"selector":{"id":"application-manageresources-display-component---newResourceUnit--SHORT_TEXT","interaction":{"idSuffix":"inner"}},"wdio_ui5_key":"applicationmanageresources-display-component---newResourceUnit--SHORT_TEXT"}]}
RESULT: undefined
COMMAND: POST /session/ce00c95ab29fd2b6dadc42a257eb6258/execute/async - {"script":"<script> [776 bytes]","args":[{"enterText":"WDI5Test","selector":{"id":"application-manageresources-display-component---newResourceUnit--SHORT_TEXT","interaction":{"idSuffix":"inner"}},"clearTextFirst":true,"interactionType":"ENTER_TEXT"}]}
RESULT: {"script":"<script> [776 bytes]","args":[{"enterText":"WDI5Test","selector":{"id":"application-manageresources-display-component---newResourceUnit--SHORT_TEXT","interaction":{"idSuffix":"inner"}},"clearTextFirst":true,"interactionType":"ENTER_TEXT"}]}
COMMAND: POST /session/ce00c95ab29fd2b6dadc42a257eb6258/execute/async - {"script":"<script> [1562 bytes]","args":[{"selector":{"id":"application-manageresources-display-component---newResourceUnit--BASE_UNIT_OF_MEASURE-arrow"},"wdio_ui5_key":"applicationmanageresources-display-component---newResourceUnit--BASE_UNIT_OF_MEASURE-arrow"}]}
RESULT: {"script":"<script> [1562 bytes]","args":[{"selector":{"id":"application-manageresources-display-component---newResourceUnit--BASE_UNIT_OF_MEASURE-arrow"},"wdio_ui5_key":"applicationmanageresources-display-component---newResourceUnit--BASE_UNIT_OF_MEASURE-arrow"}]}
RESULT: undefined
COMMAND: POST /session/ce00c95ab29fd2b6dadc42a257eb6258/element - {"using":"xpath","value":"//*[@id=\"application-manageresources-display-component---newResourceUnit--BASE_UNIT_OF_MEASURE-arrow\"]"}
RESULT: {"using":"xpath","value":"//*[@id=\"application-manageresources-display-component---newResourceUnit--BASE_UNIT_OF_MEASURE-arrow\"]"}
COMMAND: POST /session/ce00c95ab29fd2b6dadc42a257eb6258/element/f.24A06151E8A946319EB5CB98F2660F55.d.7A5218D7E829B108591D75AA059E2C30.e.609/click - {}
RESULT: {}
COMMAND: POST /session/ce00c95ab29fd2b6dadc42a257eb6258/execute/async - {"script":"<script> [1562 bytes]","args":[{"selector":{"controlType":"sap.m.StandardListItem","viewName":"reusables.view.manageresources.NewResourceUnit","viewId":"application-manageresources-display-component---newResourceUnit","properties":{"title":"Piece"},"searchOpenDialogs":true},"wdio_ui5_key":"reusablesview.manageresources.NewResourceUnitsap.m.StandardListItem{\"title\":\"Piece\"}"}]}
COMMAND: GET /session/ce00c95ab29fd2b6dadc42a257eb6258/screenshot - {}
RESULT: {"script":"<script> [1562 bytes]","args":[{"selector":{"controlType":"sap.m.StandardListItem","viewName":"reusables.view.manageresources.NewResourceUnit","viewId":"application-manageresources-display-component---newResourceUnit","properties":{"title":"Piece"},"searchOpenDialogs":true},"wdio_ui5_key":"reusablesview.manageresources.NewResourceUnitsap.m.StandardListItem{\"title\":\"Piece\"}"}]}
RESULT: undefined
COMMAND: POST /session/ce00c95ab29fd2b6dadc42a257eb6258/element - {"using":"xpath","value":"//*[@id=\"__item177\"]"}
RESULT: {}
RESULT: {"using":"xpath","value":"//*[@id=\"__item177\"]"}
COMMAND: POST /session/ce00c95ab29fd2b6dadc42a257eb6258/element/f.24A06151E8A946319EB5CB98F2660F55.d.7A5218D7E829B108591D75AA059E2C30.e.610/click - {}
RESULT: {}
COMMAND: POST /session/ce00c95ab29fd2b6dadc42a257eb6258/execute/async - {"script":"<script> [1562 bytes]","args":[{"selector":{"id":"application-manageresources-display-component---newResourceUnit--WEIGHT_UNIT-arrow"},"wdio_ui5_key":"applicationmanageresources-display-component---newResourceUnit--WEIGHT_UNIT-arrow"}]}
COMMAND: GET /session/ce00c95ab29fd2b6dadc42a257eb6258/screenshot - {}
RESULT: {"script":"<script> [1562 bytes]","args":[{"selector":{"id":"application-manageresources-display-component---newResourceUnit--WEIGHT_UNIT-arrow"},"wdio_ui5_key":"applicationmanageresources-display-component---newResourceUnit--WEIGHT_UNIT-arrow"}]}
RESULT: undefined
COMMAND: POST /session/ce00c95ab29fd2b6dadc42a257eb6258/element - {"using":"xpath","value":"//*[@id=\"application-manageresources-display-component---newResourceUnit--WEIGHT_UNIT-arrow\"]"}
RESULT: {}
RESULT: {"using":"xpath","value":"//*[@id=\"application-manageresources-display-component---newResourceUnit--WEIGHT_UNIT-arrow\"]"}
COMMAND: POST /session/ce00c95ab29fd2b6dadc42a257eb6258/element/f.24A06151E8A946319EB5CB98F2660F55.d.7A5218D7E829B108591D75AA059E2C30.e.611/click - {}
RESULT: {}
COMMAND: POST /session/ce00c95ab29fd2b6dadc42a257eb6258/execute/async - {"script":"<script> [1562 bytes]","args":[{"selector":{"controlType":"sap.m.StandardListItem","viewName":"reusables.view.manageresources.NewResourceUnit","viewId":"application-manageresources-display-component---newResourceUnit","properties":{"title":"Gram"},"searchOpenDialogs":true},"wdio_ui5_key":"reusablesview.manageresources.NewResourceUnitsap.m.StandardListItem{\"title\":\"Gram\"}"}]}
COMMAND: GET /session/ce00c95ab29fd2b6dadc42a257eb6258/screenshot - {}
RESULT: {"script":"<script> [1562 bytes]","args":[{"selector":{"controlType":"sap.m.StandardListItem","viewName":"reusables.view.manageresources.NewResourceUnit","viewId":"application-manageresources-display-component---newResourceUnit","properties":{"title":"Gram"},"searchOpenDialogs":true},"wdio_ui5_key":"reusablesview.manageresources.NewResourceUnitsap.m.StandardListItem{\"title\":\"Gram\"}"}]}
RESULT: undefined
COMMAND: POST /session/ce00c95ab29fd2b6dadc42a257eb6258/element - {"using":"xpath","value":"//*[@id=\"__item178\"]"}
RESULT: {}
RESULT: {"using":"xpath","value":"//*[@id=\"__item178\"]"}
COMMAND: POST /session/ce00c95ab29fd2b6dadc42a257eb6258/element/f.24A06151E8A946319EB5CB98F2660F55.d.7A5218D7E829B108591D75AA059E2C30.e.612/click - {}
RESULT: {}
COMMAND: GET /session/ce00c95ab29fd2b6dadc42a257eb6258/screenshot - {}
RESULT: {}
COMMAND: POST /session/ce00c95ab29fd2b6dadc42a257eb6258/execute/async - {"script":"<script> [1562 bytes]","args":[{"selector":{"controlType":"sap.m.Label","viewName":"reusables.view.manageresources.NewResourceUnit","viewId":"application-manageresources-display-component---newResourceUnit","i18NText":{"propertyName":"text","key":"weightUoM"},"interaction":{"idSuffix":"bdi"}},"wdio_ui5_key":"reusablesview.manageresources.NewResourceUnitsap.m.Label{\"propertyName\":\"text\",\"key\":\"weightUoM\"}"}]}
RESULT: {"script":"<script> [1562 bytes]","args":[{"selector":{"controlType":"sap.m.Label","viewName":"reusables.view.manageresources.NewResourceUnit","viewId":"application-manageresources-display-component---newResourceUnit","i18NText":{"propertyName":"text","key":"weightUoM"},"interaction":{"idSuffix":"bdi"}},"wdio_ui5_key":"reusablesview.manageresources.NewResourceUnitsap.m.Label{\"propertyName\":\"text\",\"key\":\"weightUoM\"}"}]}
RESULT: undefined
COMMAND: POST /session/ce00c95ab29fd2b6dadc42a257eb6258/element - {"using":"xpath","value":"//*[@id=\"__label21\"]"}
RESULT: {"using":"xpath","value":"//*[@id=\"__label21\"]"}
COMMAND: POST /session/ce00c95ab29fd2b6dadc42a257eb6258/element/f.24A06151E8A946319EB5CB98F2660F55.d.7A5218D7E829B108591D75AA059E2C30.e.614/click - {}
RESULT: {}
COMMAND: POST /session/ce00c95ab29fd2b6dadc42a257eb6258/actions - {"actions":[{"type":"key","id":"keyboard","actions":[{"type":"keyDown","value":"î›"}]}]}
COMMAND: GET /session/ce00c95ab29fd2b6dadc42a257eb6258/screenshot - {}
RESULT: {"actions":[{"type":"key","id":"keyboard","actions":[{"type":"keyDown","value":"î›"}]}]}
COMMAND: GET /session/ce00c95ab29fd2b6dadc42a257eb6258/screenshot - {}
RESULT: {}
RESULT: {}
COMMAND: POST /session/ce00c95ab29fd2b6dadc42a257eb6258/actions - {"actions":[{"type":"key","id":"keyboard","actions":[{"type":"keyDown","value":"î›"}]}]}
RESULT: {"actions":[{"type":"key","id":"keyboard","actions":[{"type":"keyDown","value":"î›"}]}]}
COMMAND: GET /session/ce00c95ab29fd2b6dadc42a257eb6258/screenshot - {}
RESULT: {}
COMMAND: POST /session/ce00c95ab29fd2b6dadc42a257eb6258/execute/async - {"script":"<script> [1562 bytes]","args":[{"selector":{"id":"application-manageresources-display-component---newResourceUnit--newRRUPage-OPHeaderContent-collapseBtn-img"},"wdio_ui5_key":"applicationmanageresources-display-component---newResourceUnit--newRRUPage-OPHeaderContent-collapseBtn-img"}]}
RESULT: {"script":"<script> [1562 bytes]","args":[{"selector":{"id":"application-manageresources-display-component---newResourceUnit--newRRUPage-OPHeaderContent-collapseBtn-img"},"wdio_ui5_key":"applicationmanageresources-display-component---newResourceUnit--newRRUPage-OPHeaderContent-collapseBtn-img"}]}
RESULT: undefined
COMMAND: POST /session/ce00c95ab29fd2b6dadc42a257eb6258/element - {"using":"xpath","value":"//*[@id=\"application-manageresources-display-component---newResourceUnit--newRRUPage-OPHeaderContent-collapseBtn-img\"]"}
RESULT: {"using":"xpath","value":"//*[@id=\"application-manageresources-display-component---newResourceUnit--newRRUPage-OPHeaderContent-collapseBtn-img\"]"}
COMMAND: POST /session/ce00c95ab29fd2b6dadc42a257eb6258/element/f.24A06151E8A946319EB5CB98F2660F55.d.7A5218D7E829B108591D75AA059E2C30.e.491/click - {}
RESULT: {}
COMMAND: GET /session/ce00c95ab29fd2b6dadc42a257eb6258/screenshot - {}
RESULT: {}
COMMAND: POST /session/ce00c95ab29fd2b6dadc42a257eb6258/element - {"using":"xpath","value":"(//span[contains(@id ,\"application-manageresources-display-component---newResourceUnit--DIMENSION_UNIT-arrow\")])[1]"}
RESULT: {"using":"xpath","value":"(//span[contains(@id ,\"application-manageresources-display-component---newResourceUnit--DIMENSION_UNIT-arrow\")])[1]"}
COMMAND: POST /session/ce00c95ab29fd2b6dadc42a257eb6258/element/f.24A06151E8A946319EB5CB98F2660F55.d.7A5218D7E829B108591D75AA059E2C30.e.622/click - {}
RESULT: {}
COMMAND: GET /session/ce00c95ab29fd2b6dadc42a257eb6258/screenshot - {}
RESULT: {}
COMMAND: POST /session/ce00c95ab29fd2b6dadc42a257eb6258/execute/async - {"script":"<script> [1562 bytes]","args":[{"selector":{"controlType":"sap.m.StandardListItem","viewName":"reusables.view.manageresources.NewResourceUnit","viewId":"application-manageresources-display-component---newResourceUnit","properties":{"title":"Centimeter"},"searchOpenDialogs":true},"wdio_ui5_key":"reusablesview.manageresources.NewResourceUnitsap.m.StandardListItem{\"title\":\"Centimeter\"}"}]}
RESULT: {"script":"<script> [1562 bytes]","args":[{"selector":{"controlType":"sap.m.StandardListItem","viewName":"reusables.view.manageresources.NewResourceUnit","viewId":"application-manageresources-display-component---newResourceUnit","properties":{"title":"Centimeter"},"searchOpenDialogs":true},"wdio_ui5_key":"reusablesview.manageresources.NewResourceUnitsap.m.StandardListItem{\"title\":\"Centimeter\"}"}]}
RESULT: undefined
COMMAND: POST /session/ce00c95ab29fd2b6dadc42a257eb6258/element - {"using":"xpath","value":"//*[@id=\"__item181\"]"}
RESULT: {"using":"xpath","value":"//*[@id=\"__item181\"]"}
COMMAND: POST /session/ce00c95ab29fd2b6dadc42a257eb6258/element/f.24A06151E8A946319EB5CB98F2660F55.d.7A5218D7E829B108591D75AA059E2C30.e.623/click - {}
RESULT: {}
COMMAND: GET /session/ce00c95ab29fd2b6dadc42a257eb6258/screenshot - {}
RESULT: {}
COMMAND: POST /session/ce00c95ab29fd2b6dadc42a257eb6258/execute/async - {"script":"<script> [1562 bytes]","args":[{"selector":{"id":"application-manageresources-display-component---newResourceUnit--newRRUPage-anchBar-application-manageresources-display-component---newResourceUnit--control-anchor","interaction":{"idSuffix":"BDI-content"}},"wdio_ui5_key":"applicationmanageresources-display-component---newResourceUnit--newRRUPage-anchBar-application-manageresources-display-component---newResourceUnit--control-anchor"}]}
RESULT: {"script":"<script> [1562 bytes]","args":[{"selector":{"id":"application-manageresources-display-component---newResourceUnit--newRRUPage-anchBar-application-manageresources-display-component---newResourceUnit--control-anchor","interaction":{"idSuffix":"BDI-content"}},"wdio_ui5_key":"applicationmanageresources-display-component---newResourceUnit--newRRUPage-anchBar-application-manageresources-display-component---newResourceUnit--control-anchor"}]}
RESULT: undefined
COMMAND: POST /session/ce00c95ab29fd2b6dadc42a257eb6258/element - {"using":"xpath","value":"//*[@id=\"application-manageresources-display-component---newResourceUnit--newRRUPage-anchBar-application-manageresources-display-component---newResourceUnit--control-anchor\"]"}
RESULT: {"using":"xpath","value":"//*[@id=\"application-manageresources-display-component---newResourceUnit--newRRUPage-anchBar-application-manageresources-display-component---newResourceUnit--control-anchor\"]"}
COMMAND: POST /session/ce00c95ab29fd2b6dadc42a257eb6258/element/f.24A06151E8A946319EB5CB98F2660F55.d.7A5218D7E829B108591D75AA059E2C30.e.625/click - {}
RESULT: {}
COMMAND: POST /session/ce00c95ab29fd2b6dadc42a257eb6258/execute/async - {"script":"<script> [1562 bytes]","args":[{"selector":{"id":"application-manageresources-display-component---newResourceUnit--PLANNING_GROUP-arrow"},"wdio_ui5_key":"applicationmanageresources-display-component---newResourceUnit--PLANNING_GROUP-arrow"}]}
COMMAND: GET /session/ce00c95ab29fd2b6dadc42a257eb6258/screenshot - {}
RESULT: {"script":"<script> [1562 bytes]","args":[{"selector":{"id":"application-manageresources-display-component---newResourceUnit--PLANNING_GROUP-arrow"},"wdio_ui5_key":"applicationmanageresources-display-component---newResourceUnit--PLANNING_GROUP-arrow"}]}
RESULT: undefined
COMMAND: POST /session/ce00c95ab29fd2b6dadc42a257eb6258/element - {"using":"xpath","value":"//*[@id=\"application-manageresources-display-component---newResourceUnit--PLANNING_GROUP-arrow\"]"}
RESULT: {}
RESULT: {"using":"xpath","value":"//*[@id=\"application-manageresources-display-component---newResourceUnit--PLANNING_GROUP-arrow\"]"}
COMMAND: POST /session/ce00c95ab29fd2b6dadc42a257eb6258/element/f.24A06151E8A946319EB5CB98F2660F55.d.7A5218D7E829B108591D75AA059E2C30.e.629/click - {}
RESULT: {}
COMMAND: GET /session/ce00c95ab29fd2b6dadc42a257eb6258/screenshot - {}
RESULT: {}
COMMAND: POST /session/ce00c95ab29fd2b6dadc42a257eb6258/execute/async - {"script":"<script> [1562 bytes]","args":[{"selector":{"controlType":"sap.m.StandardListItem","viewName":"reusables.view.manageresources.NewResourceUnit","viewId":"application-manageresources-display-component---newResourceUnit","properties":{"title":"Overplanning"},"searchOpenDialogs":true},"wdio_ui5_key":"reusablesview.manageresources.NewResourceUnitsap.m.StandardListItem{\"title\":\"Overplanning\"}"}]}
RESULT: {"script":"<script> [1562 bytes]","args":[{"selector":{"controlType":"sap.m.StandardListItem","viewName":"reusables.view.manageresources.NewResourceUnit","viewId":"application-manageresources-display-component---newResourceUnit","properties":{"title":"Overplanning"},"searchOpenDialogs":true},"wdio_ui5_key":"reusablesview.manageresources.NewResourceUnitsap.m.StandardListItem{\"title\":\"Overplanning\"}"}]}
RESULT: undefined
COMMAND: POST /session/ce00c95ab29fd2b6dadc42a257eb6258/element - {"using":"xpath","value":"//*[@id=\"__item187\"]"}
RESULT: {"using":"xpath","value":"//*[@id=\"__item187\"]"}
COMMAND: POST /session/ce00c95ab29fd2b6dadc42a257eb6258/element/f.24A06151E8A946319EB5CB98F2660F55.d.7A5218D7E829B108591D75AA059E2C30.e.630/click - {}
RESULT: {}
COMMAND: GET /session/ce00c95ab29fd2b6dadc42a257eb6258/screenshot - {}
RESULT: {}
COMMAND: POST /session/ce00c95ab29fd2b6dadc42a257eb6258/execute/async - {"script":"<script> [1562 bytes]","args":[{"selector":{"controlType":"sap.m.Label","viewName":"reusables.view.manageresources.NewResourceUnit","viewId":"application-manageresources-display-component---newResourceUnit","i18NText":{"propertyName":"text","key":"planningGroup"},"interaction":{"idSuffix":"bdi"}},"wdio_ui5_key":"reusablesview.manageresources.NewResourceUnitsap.m.Label{\"propertyName\":\"text\",\"key\":\"planningGroup\"}"}]}
RESULT: {"script":"<script> [1562 bytes]","args":[{"selector":{"controlType":"sap.m.Label","viewName":"reusables.view.manageresources.NewResourceUnit","viewId":"application-manageresources-display-component---newResourceUnit","i18NText":{"propertyName":"text","key":"planningGroup"},"interaction":{"idSuffix":"bdi"}},"wdio_ui5_key":"reusablesview.manageresources.NewResourceUnitsap.m.Label{\"propertyName\":\"text\",\"key\":\"planningGroup\"}"}]}
RESULT: undefined
COMMAND: POST /session/ce00c95ab29fd2b6dadc42a257eb6258/element - {"using":"xpath","value":"//*[@id=\"__label32\"]"}
RESULT: {"using":"xpath","value":"//*[@id=\"__label32\"]"}
COMMAND: POST /session/ce00c95ab29fd2b6dadc42a257eb6258/element/f.24A06151E8A946319EB5CB98F2660F55.d.7A5218D7E829B108591D75AA059E2C30.e.632/click - {}
RESULT: {}
COMMAND: GET /session/ce00c95ab29fd2b6dadc42a257eb6258/screenshot - {}
RESULT: {}
COMMAND: POST /session/ce00c95ab29fd2b6dadc42a257eb6258/actions - {"actions":[{"type":"key","id":"keyboard","actions":[{"type":"keyDown","value":"î›"}]}]}
RESULT: {"actions":[{"type":"key","id":"keyboard","actions":[{"type":"keyDown","value":"î›"}]}]}
COMMAND: GET /session/ce00c95ab29fd2b6dadc42a257eb6258/screenshot - {}
RESULT: {}
COMMAND: POST /session/ce00c95ab29fd2b6dadc42a257eb6258/actions - {"actions":[{"type":"key","id":"keyboard","actions":[{"type":"keyDown","value":"î›"}]}]}
RESULT: {"actions":[{"type":"key","id":"keyboard","actions":[{"type":"keyDown","value":"î›"}]}]}
COMMAND: GET /session/ce00c95ab29fd2b6dadc42a257eb6258/screenshot - {}
RESULT: {}
COMMAND: POST /session/ce00c95ab29fd2b6dadc42a257eb6258/actions - {"actions":[{"type":"key","id":"keyboard","actions":[{"type":"keyDown","value":"î›"}]}]}
RESULT: {"actions":[{"type":"key","id":"keyboard","actions":[{"type":"keyDown","value":"î›"}]}]}
COMMAND: GET /session/ce00c95ab29fd2b6dadc42a257eb6258/screenshot - {}
RESULT: {}
COMMAND: POST /session/ce00c95ab29fd2b6dadc42a257eb6258/actions - {"actions":[{"type":"key","id":"keyboard","actions":[{"type":"keyDown","value":"î›"}]}]}
RESULT: {"actions":[{"type":"key","id":"keyboard","actions":[{"type":"keyDown","value":"î›"}]}]}
COMMAND: GET /session/ce00c95ab29fd2b6dadc42a257eb6258/screenshot - {}
RESULT: {}
COMMAND: POST /session/ce00c95ab29fd2b6dadc42a257eb6258/actions - {"actions":[{"type":"key","id":"keyboard","actions":[{"type":"keyDown","value":"î›"}]}]}
RESULT: {"actions":[{"type":"key","id":"keyboard","actions":[{"type":"keyDown","value":"î›"}]}]}
COMMAND: GET /session/ce00c95ab29fd2b6dadc42a257eb6258/screenshot - {}
RESULT: {}
COMMAND: POST /session/ce00c95ab29fd2b6dadc42a257eb6258/actions - {"actions":[{"type":"key","id":"keyboard","actions":[{"type":"keyDown","value":"î›"}]}]}
RESULT: {"actions":[{"type":"key","id":"keyboard","actions":[{"type":"keyDown","value":"î›"}]}]}
COMMAND: GET /session/ce00c95ab29fd2b6dadc42a257eb6258/screenshot - {}
RESULT: {}
COMMAND: POST /session/ce00c95ab29fd2b6dadc42a257eb6258/execute/async - {"script":"<script> [1562 bytes]","args":[{"selector":{"id":"application-manageresources-display-component---newResourceUnit--btnAddTimeSegment-img","properties":{"src":"sap-icon://add"}},"wdio_ui5_key":"applicationmanageresources-display-component---newResourceUnit--btnAddTimeSegment-img{\"src\":\"sap-icon://add\"}"}]}
RESULT: {"script":"<script> [1562 bytes]","args":[{"selector":{"id":"application-manageresources-display-component---newResourceUnit--btnAddTimeSegment-img","properties":{"src":"sap-icon://add"}},"wdio_ui5_key":"applicationmanageresources-display-component---newResourceUnit--btnAddTimeSegment-img{\"src\":\"sap-icon://add\"}"}]}
RESULT: undefined
COMMAND: POST /session/ce00c95ab29fd2b6dadc42a257eb6258/element - {"using":"xpath","value":"//*[@id=\"application-manageresources-display-component---newResourceUnit--btnAddTimeSegment-img\"]"}
RESULT: {"using":"xpath","value":"//*[@id=\"application-manageresources-display-component---newResourceUnit--btnAddTimeSegment-img\"]"}
COMMAND: POST /session/ce00c95ab29fd2b6dadc42a257eb6258/element/f.24A06151E8A946319EB5CB98F2660F55.d.7A5218D7E829B108591D75AA059E2C30.e.633/click - {}
RESULT: {}
COMMAND: GET /session/ce00c95ab29fd2b6dadc42a257eb6258/screenshot - {}
COMMAND: POST /session/ce00c95ab29fd2b6dadc42a257eb6258/execute/async - {"script":"<script> [1562 bytes]","args":[{"selector":{"controlType":"sap.m.Input","viewName":"reusables.view.manageresources.NewResourceUnit","viewId":"application-manageresources-display-component---newResourceUnit","bindingPath":{"path":"/RESOURCE_UNIT_IDS/0","propertyPath":"ID","modelName":"oNewRruModel"}},"wdio_ui5_key":"reusablesview.manageresources.NewResourceUnitsap.m.Input{\"path\":\"/RESOURCE_UNIT_IDS/0\",\"propertyPath\":\"ID\",\"modelName\":\"oNewRruModel\"}"}]}
RESULT: {}
RESULT: {"script":"<script> [1562 bytes]","args":[{"selector":{"controlType":"sap.m.Input","viewName":"reusables.view.manageresources.NewResourceUnit","viewId":"application-manageresources-display-component---newResourceUnit","bindingPath":{"path":"/RESOURCE_UNIT_IDS/0","propertyPath":"ID","modelName":"oNewRruModel"}},"wdio_ui5_key":"reusablesview.manageresources.NewResourceUnitsap.m.Input{\"path\":\"/RESOURCE_UNIT_IDS/0\",\"propertyPath\":\"ID\",\"modelName\":\"oNewRruModel\"}"}]}
RESULT: undefined
COMMAND: POST /session/ce00c95ab29fd2b6dadc42a257eb6258/execute/async - {"script":"<script> [1562 bytes]","args":[{"selector":{"id":"application-manageresources-display-component---newResourceUnit--idRuTSAdmin-application-manageresources-display-component---newResourceUnit--RUTimeSegment-0","interaction":{"idSuffix":"inner"}},"wdio_ui5_key":"applicationmanageresources-display-component---newResourceUnit--idRuTSAdmin-application-manageresources-display-component---newResourceUnit--RUTimeSegment-0"}]}
RESULT: {"script":"<script> [1562 bytes]","args":[{"selector":{"id":"application-manageresources-display-component---newResourceUnit--idRuTSAdmin-application-manageresources-display-component---newResourceUnit--RUTimeSegment-0","interaction":{"idSuffix":"inner"}},"wdio_ui5_key":"applicationmanageresources-display-component---newResourceUnit--idRuTSAdmin-application-manageresources-display-component---newResourceUnit--RUTimeSegment-0"}]}
RESULT: undefined
COMMAND: POST /session/ce00c95ab29fd2b6dadc42a257eb6258/execute/async - {"script":"<script> [776 bytes]","args":[{"enterText":"101 - Test","selector":{"id":"application-manageresources-display-component---newResourceUnit--idRuTSAdmin-application-manageresources-display-component---newResourceUnit--RUTimeSegment-0","interaction":{"idSuffix":"inner"}},"clearTextFirst":true,"interactionType":"ENTER_TEXT"}]}
RESULT: {"script":"<script> [776 bytes]","args":[{"enterText":"101 - Test","selector":{"id":"application-manageresources-display-component---newResourceUnit--idRuTSAdmin-application-manageresources-display-component---newResourceUnit--RUTimeSegment-0","interaction":{"idSuffix":"inner"}},"clearTextFirst":true,"interactionType":"ENTER_TEXT"}]}
COMMAND: POST /session/ce00c95ab29fd2b6dadc42a257eb6258/execute/async - {"script":"<script> [1562 bytes]","args":[{"selector":{"id":"application-manageresources-display-component---newResourceUnit--newRRUPage-anchBar-application-manageresources-display-component---newResourceUnit--resource-anchor","interaction":{"idSuffix":"BDI-content"}},"wdio_ui5_key":"applicationmanageresources-display-component---newResourceUnit--newRRUPage-anchBar-application-manageresources-display-component---newResourceUnit--resource-anchor"}]}
RESULT: {"script":"<script> [1562 bytes]","args":[{"selector":{"id":"application-manageresources-display-component---newResourceUnit--newRRUPage-anchBar-application-manageresources-display-component---newResourceUnit--resource-anchor","interaction":{"idSuffix":"BDI-content"}},"wdio_ui5_key":"applicationmanageresources-display-component---newResourceUnit--newRRUPage-anchBar-application-manageresources-display-component---newResourceUnit--resource-anchor"}]}
RESULT: undefined
COMMAND: POST /session/ce00c95ab29fd2b6dadc42a257eb6258/element - {"using":"xpath","value":"//*[@id=\"application-manageresources-display-component---newResourceUnit--newRRUPage-anchBar-application-manageresources-display-component---newResourceUnit--resource-anchor\"]"}
RESULT: {"using":"xpath","value":"//*[@id=\"application-manageresources-display-component---newResourceUnit--newRRUPage-anchBar-application-manageresources-display-component---newResourceUnit--resource-anchor\"]"}
COMMAND: POST /session/ce00c95ab29fd2b6dadc42a257eb6258/element/f.24A06151E8A946319EB5CB98F2660F55.d.7A5218D7E829B108591D75AA059E2C30.e.652/click - {}
RESULT: {}
COMMAND: POST /session/ce00c95ab29fd2b6dadc42a257eb6258/execute/async - {"script":"<script> [1562 bytes]","args":[{"selector":{"id":"application-manageresources-display-component---newResourceUnit--PLANNED_DELIVERY_DATE","interaction":{"idSuffix":"inner"}},"wdio_ui5_key":"applicationmanageresources-display-component---newResourceUnit--PLANNED_DELIVERY_DATE"}]}
COMMAND: GET /session/ce00c95ab29fd2b6dadc42a257eb6258/screenshot - {}
RESULT: {"script":"<script> [1562 bytes]","args":[{"selector":{"id":"application-manageresources-display-component---newResourceUnit--PLANNED_DELIVERY_DATE","interaction":{"idSuffix":"inner"}},"wdio_ui5_key":"applicationmanageresources-display-component---newResourceUnit--PLANNED_DELIVERY_DATE"}]}
RESULT: undefined
COMMAND: POST /session/ce00c95ab29fd2b6dadc42a257eb6258/execute/async - {"script":"<script> [776 bytes]","args":[{"enterText":"6/26/24","selector":{"id":"application-manageresources-display-component---newResourceUnit--PLANNED_DELIVERY_DATE","interaction":{"idSuffix":"inner"}},"clearTextFirst":true,"interactionType":"ENTER_TEXT"}]}
RESULT: {}
RESULT: {"script":"<script> [776 bytes]","args":[{"enterText":"6/26/24","selector":{"id":"application-manageresources-display-component---newResourceUnit--PLANNED_DELIVERY_DATE","interaction":{"idSuffix":"inner"}},"clearTextFirst":true,"interactionType":"ENTER_TEXT"}]}
COMMAND: POST /session/ce00c95ab29fd2b6dadc42a257eb6258/execute/async - {"script":"<script> [1562 bytes]","args":[{"selector":{"id":"application-manageresources-display-component---newResourceUnit--newRRUPage-anchBar-application-manageresources-display-component---newResourceUnit--identifiers-anchor"},"wdio_ui5_key":"applicationmanageresources-display-component---newResourceUnit--newRRUPage-anchBar-application-manageresources-display-component---newResourceUnit--identifiers-anchor"}]}
RESULT: {"script":"<script> [1562 bytes]","args":[{"selector":{"id":"application-manageresources-display-component---newResourceUnit--newRRUPage-anchBar-application-manageresources-display-component---newResourceUnit--identifiers-anchor"},"wdio_ui5_key":"applicationmanageresources-display-component---newResourceUnit--newRRUPage-anchBar-application-manageresources-display-component---newResourceUnit--identifiers-anchor"}]}
RESULT: undefined
COMMAND: POST /session/ce00c95ab29fd2b6dadc42a257eb6258/element - {"using":"xpath","value":"//*[@id=\"application-manageresources-display-component---newResourceUnit--newRRUPage-anchBar-application-manageresources-display-component---newResourceUnit--identifiers-anchor\"]"}
RESULT: {"using":"xpath","value":"//*[@id=\"application-manageresources-display-component---newResourceUnit--newRRUPage-anchBar-application-manageresources-display-component---newResourceUnit--identifiers-anchor\"]"}
COMMAND: POST /session/ce00c95ab29fd2b6dadc42a257eb6258/element/f.24A06151E8A946319EB5CB98F2660F55.d.7A5218D7E829B108591D75AA059E2C30.e.659/click - {}
RESULT: {}
COMMAND: GET /session/ce00c95ab29fd2b6dadc42a257eb6258/screenshot - {}
RESULT: {}
COMMAND: POST /session/ce00c95ab29fd2b6dadc42a257eb6258/execute/async - {"script":"<script> [1562 bytes]","args":[{"selector":{"id":"application-manageresources-display-component---newResourceUnit--btnAddIdentifier-img","properties":{"src":"sap-icon://add"}},"wdio_ui5_key":"applicationmanageresources-display-component---newResourceUnit--btnAddIdentifier-img{\"src\":\"sap-icon://add\"}"}]}
RESULT: {"script":"<script> [1562 bytes]","args":[{"selector":{"id":"application-manageresources-display-component---newResourceUnit--btnAddIdentifier-img","properties":{"src":"sap-icon://add"}},"wdio_ui5_key":"applicationmanageresources-display-component---newResourceUnit--btnAddIdentifier-img{\"src\":\"sap-icon://add\"}"}]}
RESULT: undefined
COMMAND: POST /session/ce00c95ab29fd2b6dadc42a257eb6258/element - {"using":"xpath","value":"//*[@id=\"application-manageresources-display-component---newResourceUnit--btnAddIdentifier-img\"]"}
RESULT: {"using":"xpath","value":"//*[@id=\"application-manageresources-display-component---newResourceUnit--btnAddIdentifier-img\"]"}
COMMAND: POST /session/ce00c95ab29fd2b6dadc42a257eb6258/element/f.24A06151E8A946319EB5CB98F2660F55.d.7A5218D7E829B108591D75AA059E2C30.e.662/click - {}
RESULT: {}
COMMAND: POST /session/ce00c95ab29fd2b6dadc42a257eb6258/execute/async - {"script":"<script> [1562 bytes]","args":[{"selector":{"id":"application-manageresources-display-component---newResourceUnit--idRuIdTypeSelect-application-manageresources-display-component---newResourceUnit--RUIdentifiers-0-arrow"},"wdio_ui5_key":"applicationmanageresources-display-component---newResourceUnit--idRuIdTypeSelect-application-manageresources-display-component---newResourceUnit--RUIdentifiers-0-arrow"}]}
COMMAND: GET /session/ce00c95ab29fd2b6dadc42a257eb6258/screenshot - {}
RESULT: {"script":"<script> [1562 bytes]","args":[{"selector":{"id":"application-manageresources-display-component---newResourceUnit--idRuIdTypeSelect-application-manageresources-display-component---newResourceUnit--RUIdentifiers-0-arrow"},"wdio_ui5_key":"applicationmanageresources-display-component---newResourceUnit--idRuIdTypeSelect-application-manageresources-display-component---newResourceUnit--RUIdentifiers-0-arrow"}]}
RESULT: undefined
COMMAND: POST /session/ce00c95ab29fd2b6dadc42a257eb6258/element - {"using":"xpath","value":"//*[@id=\"application-manageresources-display-component---newResourceUnit--idRuIdTypeSelect-application-manageresources-display-component---newResourceUnit--RUIdentifiers-0-arrow\"]"}
RESULT: {}
RESULT: {"using":"xpath","value":"//*[@id=\"application-manageresources-display-component---newResourceUnit--idRuIdTypeSelect-application-manageresources-display-component---newResourceUnit--RUIdentifiers-0-arrow\"]"}
COMMAND: POST /session/ce00c95ab29fd2b6dadc42a257eb6258/element/f.24A06151E8A946319EB5CB98F2660F55.d.7A5218D7E829B108591D75AA059E2C30.e.668/click - {}
RESULT: {}
COMMAND: POST /session/ce00c95ab29fd2b6dadc42a257eb6258/execute/async - {"script":"<script> [1562 bytes]","args":[{"selector":{"controlType":"sap.m.StandardListItem","viewName":"reusables.view.manageresources.NewResourceUnit","viewId":"application-manageresources-display-component---newResourceUnit","properties":{"title":"Barcode"},"searchOpenDialogs":true},"wdio_ui5_key":"reusablesview.manageresources.NewResourceUnitsap.m.StandardListItem{\"title\":\"Barcode\"}"}]}
COMMAND: GET /session/ce00c95ab29fd2b6dadc42a257eb6258/screenshot - {}
RESULT: {"script":"<script> [1562 bytes]","args":[{"selector":{"controlType":"sap.m.StandardListItem","viewName":"reusables.view.manageresources.NewResourceUnit","viewId":"application-manageresources-display-component---newResourceUnit","properties":{"title":"Barcode"},"searchOpenDialogs":true},"wdio_ui5_key":"reusablesview.manageresources.NewResourceUnitsap.m.StandardListItem{\"title\":\"Barcode\"}"}]}
RESULT: undefined
COMMAND: POST /session/ce00c95ab29fd2b6dadc42a257eb6258/element - {"using":"xpath","value":"//*[@id=\"__item573\"]"}
RESULT: {}
RESULT: {"using":"xpath","value":"//*[@id=\"__item573\"]"}
COMMAND: POST /session/ce00c95ab29fd2b6dadc42a257eb6258/element/f.24A06151E8A946319EB5CB98F2660F55.d.7A5218D7E829B108591D75AA059E2C30.e.669/click - {}
RESULT: {}
COMMAND: GET /session/ce00c95ab29fd2b6dadc42a257eb6258/screenshot - {}
RESULT: {}
COMMAND: POST /session/ce00c95ab29fd2b6dadc42a257eb6258/execute/async - {"script":"<script> [1562 bytes]","args":[{"selector":{"controlType":"sap.m.Input","viewName":"reusables.view.manageresources.NewResourceUnit","viewId":"application-manageresources-display-component---newResourceUnit","bindingPath":{"path":"/RESOURCE_UNIT_IDS/0","propertyPath":"ID","modelName":"oNewRruModel"},"properties":{"type":"Text"},"interaction":{"idSuffix":"inner"}},"wdio_ui5_key":"reusablesview.manageresources.NewResourceUnitsap.m.Input{\"path\":\"/RESOURCE_UNIT_IDS/0\",\"propertyPath\":\"ID\",\"modelName\":\"oNewRruModel\"}{\"type\":\"Text\"}"}]}
RESULT: {"script":"<script> [1562 bytes]","args":[{"selector":{"controlType":"sap.m.Input","viewName":"reusables.view.manageresources.NewResourceUnit","viewId":"application-manageresources-display-component---newResourceUnit","bindingPath":{"path":"/RESOURCE_UNIT_IDS/0","propertyPath":"ID","modelName":"oNewRruModel"},"properties":{"type":"Text"},"interaction":{"idSuffix":"inner"}},"wdio_ui5_key":"reusablesview.manageresources.NewResourceUnitsap.m.Input{\"path\":\"/RESOURCE_UNIT_IDS/0\",\"propertyPath\":\"ID\",\"modelName\":\"oNewRruModel\"}{\"type\":\"Text\"}"}]}
RESULT: undefined
COMMAND: POST /session/ce00c95ab29fd2b6dadc42a257eb6258/execute/async - {"script":"<script> [776 bytes]","args":[{"enterText":"wdi5_test","selector":{"controlType":"sap.m.Input","viewName":"reusables.view.manageresources.NewResourceUnit","viewId":"application-manageresources-display-component---newResourceUnit","bindingPath":{"path":"/RESOURCE_UNIT_IDS/0","propertyPath":"ID","modelName":"oNewRruModel"},"properties":{"type":"Text"},"interaction":{"idSuffix":"inner"}},"clearTextFirst":true,"interactionType":"ENTER_TEXT"}]}
RESULT: {"script":"<script> [776 bytes]","args":[{"enterText":"wdi5_test","selector":{"controlType":"sap.m.Input","viewName":"reusables.view.manageresources.NewResourceUnit","viewId":"application-manageresources-display-component---newResourceUnit","bindingPath":{"path":"/RESOURCE_UNIT_IDS/0","propertyPath":"ID","modelName":"oNewRruModel"},"properties":{"type":"Text"},"interaction":{"idSuffix":"inner"}},"clearTextFirst":true,"interactionType":"ENTER_TEXT"}]}
COMMAND: POST /session/ce00c95ab29fd2b6dadc42a257eb6258/element - {"using":"xpath","value":"//button[@title = 'Save' and @class = 'sapMBtnBase sapMBtn sapMBtnInverted sapMBarChild']"}
RESULT: {"using":"xpath","value":"//button[@title = 'Save' and @class = 'sapMBtnBase sapMBtn sapMBtnInverted sapMBarChild']"}
COMMAND: POST /session/ce00c95ab29fd2b6dadc42a257eb6258/element/f.24A06151E8A946319EB5CB98F2660F55.d.7A5218D7E829B108591D75AA059E2C30.e.497/click - {}
RESULT: {}
COMMAND: GET /session/ce00c95ab29fd2b6dadc42a257eb6258/screenshot - {}
RESULT: {}
COMMAND: POST /session/ce00c95ab29fd2b6dadc42a257eb6258/execute/async - {"script":"<script> [1562 bytes]","args":[{"selector":{"controlType":"sap.m.Button","properties":{"text":"Close"},"searchOpenDialogs":true,"interaction":{"idSuffix":"BDI-content"}},"wdio_ui5_key":"sapm.Button{\"text\":\"Close\"}"}]}
RESULT: {"script":"<script> [1562 bytes]","args":[{"selector":{"controlType":"sap.m.Button","properties":{"text":"Close"},"searchOpenDialogs":true,"interaction":{"idSuffix":"BDI-content"}},"wdio_ui5_key":"sapm.Button{\"text\":\"Close\"}"}]}
RESULT: undefined
COMMAND: POST /session/ce00c95ab29fd2b6dadc42a257eb6258/element - {"using":"xpath","value":"//*[@id=\"__mbox-btn-0\"]"}
RESULT: {"using":"xpath","value":"//*[@id=\"__mbox-btn-0\"]"}
COMMAND: POST /session/ce00c95ab29fd2b6dadc42a257eb6258/element/f.24A06151E8A946319EB5CB98F2660F55.d.7A5218D7E829B108591D75AA059E2C30.e.671/click - {}
RESULT: {}
COMMAND: GET /session/ce00c95ab29fd2b6dadc42a257eb6258/screenshot - {}
RESULT: {}
COMMAND: POST /session/ce00c95ab29fd2b6dadc42a257eb6258/element - {"using":"css selector","value":"#shell-header-logo"}
RESULT: {"using":"css selector","value":"#shell-header-logo"}
COMMAND: POST /session/ce00c95ab29fd2b6dadc42a257eb6258/element/f.24A06151E8A946319EB5CB98F2660F55.d.7A5218D7E829B108591D75AA059E2C30.e.115/click - {}
RESULT: {}
COMMAND: GET /session/ce00c95ab29fd2b6dadc42a257eb6258/screenshot - {}
RESULT: {}
]]></system-out>
    </testcase>
    <testcase classname="chrome.135_0_7049_96.windows.Create_and_verify_Order_without_Template_US127247" name="Should create ISC order" time="52.918">
      <system-out><![CDATA[
COMMAND: POST /session/ce00c95ab29fd2b6dadc42a257eb6258/execute/async - {"script":"<script> [1562 bytes]","args":[{"selector":{"controlType":"sap.m.GenericTile","properties":{"header":"ISC Orders"}},"wdio_ui5_key":"sapm.GenericTile{\"header\":\"ISC Orders\"}"}]}
RESULT: {"script":"<script> [1562 bytes]","args":[{"selector":{"controlType":"sap.m.GenericTile","properties":{"header":"ISC Orders"}},"wdio_ui5_key":"sapm.GenericTile{\"header\":\"ISC Orders\"}"}]}
RESULT: undefined
COMMAND: POST /session/ce00c95ab29fd2b6dadc42a257eb6258/element - {"using":"xpath","value":"//*[@id=\"__tile108\"]"}
RESULT: {"using":"xpath","value":"//*[@id=\"__tile108\"]"}
COMMAND: POST /session/ce00c95ab29fd2b6dadc42a257eb6258/element/f.24A06151E8A946319EB5CB98F2660F55.d.7A5218D7E829B108591D75AA059E2C30.e.731/click - {}
RESULT: {}
COMMAND: GET /session/ce00c95ab29fd2b6dadc42a257eb6258/screenshot - {}
RESULT: {}
COMMAND: POST /session/ce00c95ab29fd2b6dadc42a257eb6258/execute/async - {"script":"<script> [1562 bytes]","args":[{"selector":{"id":"application-iscorders-display-component---orderList--addOrder-img"},"wdio_ui5_key":"applicationiscorders-display-component---orderList--addOrder-img"}]}
RESULT: {"script":"<script> [1562 bytes]","args":[{"selector":{"id":"application-iscorders-display-component---orderList--addOrder-img"},"wdio_ui5_key":"applicationiscorders-display-component---orderList--addOrder-img"}]}
RESULT: undefined
COMMAND: POST /session/ce00c95ab29fd2b6dadc42a257eb6258/element - {"using":"xpath","value":"//*[@id=\"application-iscorders-display-component---orderList--addOrder-img\"]"}
RESULT: {"using":"xpath","value":"//*[@id=\"application-iscorders-display-component---orderList--addOrder-img\"]"}
COMMAND: POST /session/ce00c95ab29fd2b6dadc42a257eb6258/element/f.24A06151E8A946319EB5CB98F2660F55.d.7A5218D7E829B108591D75AA059E2C30.e.780/click - {}
RESULT: {}
COMMAND: POST /session/ce00c95ab29fd2b6dadc42a257eb6258/execute/async - {"script":"<script> [1562 bytes]","args":[{"selector":{"id":"application-iscorders-display-component---createOrder--orderTitle"},"wdio_ui5_key":"applicationiscorders-display-component---createOrder--orderTitle"}]}
COMMAND: GET /session/ce00c95ab29fd2b6dadc42a257eb6258/screenshot - {}
RESULT: {"script":"<script> [1562 bytes]","args":[{"selector":{"id":"application-iscorders-display-component---createOrder--orderTitle"},"wdio_ui5_key":"applicationiscorders-display-component---createOrder--orderTitle"}]}
RESULT: undefined
COMMAND: POST /session/ce00c95ab29fd2b6dadc42a257eb6258/execute/async - {"script":"<script> [776 bytes]","args":[{"enterText":"WDI5_test","selector":{"id":"application-iscorders-display-component---createOrder--orderTitle"},"clearTextFirst":true,"interactionType":"ENTER_TEXT"}]}
RESULT: {}
RESULT: {"script":"<script> [776 bytes]","args":[{"enterText":"WDI5_test","selector":{"id":"application-iscorders-display-component---createOrder--orderTitle"},"clearTextFirst":true,"interactionType":"ENTER_TEXT"}]}
COMMAND: POST /session/ce00c95ab29fd2b6dadc42a257eb6258/execute/async - {"script":"<script> [1562 bytes]","args":[{"selector":{"id":"application-iscorders-display-component---createOrder--orderDesc"},"wdio_ui5_key":"applicationiscorders-display-component---createOrder--orderDesc"}]}
RESULT: {"script":"<script> [1562 bytes]","args":[{"selector":{"id":"application-iscorders-display-component---createOrder--orderDesc"},"wdio_ui5_key":"applicationiscorders-display-component---createOrder--orderDesc"}]}
RESULT: undefined
COMMAND: POST /session/ce00c95ab29fd2b6dadc42a257eb6258/execute/async - {"script":"<script> [776 bytes]","args":[{"enterText":"WDI5_test","selector":{"id":"application-iscorders-display-component---createOrder--orderDesc"},"clearTextFirst":true,"interactionType":"ENTER_TEXT"}]}
RESULT: {"script":"<script> [776 bytes]","args":[{"enterText":"WDI5_test","selector":{"id":"application-iscorders-display-component---createOrder--orderDesc"},"clearTextFirst":true,"interactionType":"ENTER_TEXT"}]}
COMMAND: POST /session/ce00c95ab29fd2b6dadc42a257eb6258/execute/async - {"script":"<script> [1562 bytes]","args":[{"selector":{"controlType":"sap.m.Title","viewName":"etm.portal.ui.iscorders.view.New","viewId":"application-iscorders-display-component---createOrder","i18NText":{"propertyName":"text","key":"orderDetail"},"interaction":{"idSuffix":"inner"}},"wdio_ui5_key":"etmportal.ui.iscorders.view.Newsap.m.Title{\"propertyName\":\"text\",\"key\":\"orderDetail\"}"}]}
RESULT: {"script":"<script> [1562 bytes]","args":[{"selector":{"controlType":"sap.m.Title","viewName":"etm.portal.ui.iscorders.view.New","viewId":"application-iscorders-display-component---createOrder","i18NText":{"propertyName":"text","key":"orderDetail"},"interaction":{"idSuffix":"inner"}},"wdio_ui5_key":"etmportal.ui.iscorders.view.Newsap.m.Title{\"propertyName\":\"text\",\"key\":\"orderDetail\"}"}]}
RESULT: undefined
COMMAND: POST /session/ce00c95ab29fd2b6dadc42a257eb6258/element - {"using":"xpath","value":"//*[@id=\"__title30\"]"}
RESULT: {"using":"xpath","value":"//*[@id=\"__title30\"]"}
COMMAND: POST /session/ce00c95ab29fd2b6dadc42a257eb6258/element/f.24A06151E8A946319EB5CB98F2660F55.d.7A5218D7E829B108591D75AA059E2C30.e.1170/click - {}
RESULT: {}
COMMAND: POST /session/ce00c95ab29fd2b6dadc42a257eb6258/actions - {"actions":[{"type":"key","id":"keyboard","actions":[{"type":"keyDown","value":"î›"}]}]}
COMMAND: GET /session/ce00c95ab29fd2b6dadc42a257eb6258/screenshot - {}
RESULT: {"actions":[{"type":"key","id":"keyboard","actions":[{"type":"keyDown","value":"î›"}]}]}
COMMAND: GET /session/ce00c95ab29fd2b6dadc42a257eb6258/screenshot - {}
RESULT: {}
RESULT: {}
COMMAND: POST /session/ce00c95ab29fd2b6dadc42a257eb6258/actions - {"actions":[{"type":"key","id":"keyboard","actions":[{"type":"keyDown","value":"î›"}]}]}
RESULT: {"actions":[{"type":"key","id":"keyboard","actions":[{"type":"keyDown","value":"î›"}]}]}
COMMAND: GET /session/ce00c95ab29fd2b6dadc42a257eb6258/screenshot - {}
RESULT: {}
COMMAND: POST /session/ce00c95ab29fd2b6dadc42a257eb6258/actions - {"actions":[{"type":"key","id":"keyboard","actions":[{"type":"keyDown","value":"î›"}]}]}
RESULT: {"actions":[{"type":"key","id":"keyboard","actions":[{"type":"keyDown","value":"î›"}]}]}
COMMAND: GET /session/ce00c95ab29fd2b6dadc42a257eb6258/screenshot - {}
RESULT: {}
COMMAND: POST /session/ce00c95ab29fd2b6dadc42a257eb6258/actions - {"actions":[{"type":"key","id":"keyboard","actions":[{"type":"keyDown","value":"î›"}]}]}
RESULT: {"actions":[{"type":"key","id":"keyboard","actions":[{"type":"keyDown","value":"î›"}]}]}
COMMAND: GET /session/ce00c95ab29fd2b6dadc42a257eb6258/screenshot - {}
RESULT: {}
COMMAND: POST /session/ce00c95ab29fd2b6dadc42a257eb6258/actions - {"actions":[{"type":"key","id":"keyboard","actions":[{"type":"keyDown","value":"î›"}]}]}
RESULT: {"actions":[{"type":"key","id":"keyboard","actions":[{"type":"keyDown","value":"î›"}]}]}
COMMAND: GET /session/ce00c95ab29fd2b6dadc42a257eb6258/screenshot - {}
RESULT: {}
COMMAND: POST /session/ce00c95ab29fd2b6dadc42a257eb6258/actions - {"actions":[{"type":"key","id":"keyboard","actions":[{"type":"keyDown","value":"î›"}]}]}
RESULT: {"actions":[{"type":"key","id":"keyboard","actions":[{"type":"keyDown","value":"î›"}]}]}
COMMAND: GET /session/ce00c95ab29fd2b6dadc42a257eb6258/screenshot - {}
RESULT: {}
COMMAND: POST /session/ce00c95ab29fd2b6dadc42a257eb6258/execute/async - {"script":"<script> [1562 bytes]","args":[{"selector":{"id":"application-iscorders-display-component---createOrder--resourceValue-vhi"},"wdio_ui5_key":"applicationiscorders-display-component---createOrder--resourceValue-vhi"}]}
RESULT: {"script":"<script> [1562 bytes]","args":[{"selector":{"id":"application-iscorders-display-component---createOrder--resourceValue-vhi"},"wdio_ui5_key":"applicationiscorders-display-component---createOrder--resourceValue-vhi"}]}
RESULT: undefined
COMMAND: POST /session/ce00c95ab29fd2b6dadc42a257eb6258/element - {"using":"xpath","value":"//*[@id=\"application-iscorders-display-component---createOrder--resourceValue-vhi\"]"}
RESULT: {"using":"xpath","value":"//*[@id=\"application-iscorders-display-component---createOrder--resourceValue-vhi\"]"}
COMMAND: POST /session/ce00c95ab29fd2b6dadc42a257eb6258/element/f.24A06151E8A946319EB5CB98F2660F55.d.7A5218D7E829B108591D75AA059E2C30.e.1188/click - {}
RESULT: {}
COMMAND: POST /session/ce00c95ab29fd2b6dadc42a257eb6258/element - {"using":"xpath","value":"//input[contains(@id ,\"application-iscorders-display-component---createOrder--resourceValue-valueHelpDialog-smartFilterBar-btnBasicSearch-I\")]"}
COMMAND: GET /session/ce00c95ab29fd2b6dadc42a257eb6258/screenshot - {}
RESULT: {"using":"xpath","value":"//input[contains(@id ,\"application-iscorders-display-component---createOrder--resourceValue-valueHelpDialog-smartFilterBar-btnBasicSearch-I\")]"}
COMMAND: POST /session/ce00c95ab29fd2b6dadc42a257eb6258/element/f.24A06151E8A946319EB5CB98F2660F55.d.7A5218D7E829B108591D75AA059E2C30.e.1191/clear - {}
RESULT: {}
RESULT: {}
COMMAND: POST /session/ce00c95ab29fd2b6dadc42a257eb6258/element/f.24A06151E8A946319EB5CB98F2660F55.d.7A5218D7E829B108591D75AA059E2C30.e.1191/value - {"text":"wdi5-1746117659567"}
COMMAND: GET /session/ce00c95ab29fd2b6dadc42a257eb6258/screenshot - {}
RESULT: {"text":"wdi5-1746117659567"}
COMMAND: GET /session/ce00c95ab29fd2b6dadc42a257eb6258/screenshot - {}
RESULT: {}
RESULT: {}
COMMAND: POST /session/ce00c95ab29fd2b6dadc42a257eb6258/actions - {"actions":[{"id":"action1","type":"key","parameters":{},"actions":[{"type":"keyDown","value":"î€‡"},{"type":"pause","duration":10},{"type":"keyUp","value":"î€‡"}]}]}
RESULT: {"actions":[{"id":"action1","type":"key","parameters":{},"actions":[{"type":"keyDown","value":"î€‡"},{"type":"pause","duration":10},{"type":"keyUp","value":"î€‡"}]}]}
COMMAND: GET /session/ce00c95ab29fd2b6dadc42a257eb6258/screenshot - {}
RESULT: {}
COMMAND: POST /session/ce00c95ab29fd2b6dadc42a257eb6258/execute/async - {"script":"<script> [1562 bytes]","args":[{"selector":{"controlType":"sap.ui.table.Row","viewName":"etm.portal.ui.iscorders.view.New","viewId":"application-iscorders-display-component---createOrder","searchOpenDialogs":true,"descendant":{"controlType":"sap.m.Text","viewName":"etm.portal.ui.iscorders.view.New","viewId":"application-iscorders-display-component---createOrder","bindingPath":{"path":"/IscResourceUnits('wdi5-1746117659567')","propertyPath":"ID"},"searchOpenDialogs":true},"interaction":{"idSuffix":"col0"}},"wdio_ui5_key":"etmportal.ui.iscorders.view.Newsap.ui.table.Row{\"controlType\":\"sap.m.Text\",\"viewName\":\"etm.portal.ui.iscorders.view.New\",\"viewId\":\"application-iscorders-display-component---createOrder\",\"bindingPath\":{\"path\":\"/IscResourceUnits('wdi5-1746117659567')\",\"propertyPath\":\"ID\"},\"searchOpenDialogs\":true}"}]}
RESULT: {"script":"<script> [1562 bytes]","args":[{"selector":{"controlType":"sap.ui.table.Row","viewName":"etm.portal.ui.iscorders.view.New","viewId":"application-iscorders-display-component---createOrder","searchOpenDialogs":true,"descendant":{"controlType":"sap.m.Text","viewName":"etm.portal.ui.iscorders.view.New","viewId":"application-iscorders-display-component---createOrder","bindingPath":{"path":"/IscResourceUnits('wdi5-1746117659567')","propertyPath":"ID"},"searchOpenDialogs":true},"interaction":{"idSuffix":"col0"}},"wdio_ui5_key":"etmportal.ui.iscorders.view.Newsap.ui.table.Row{\"controlType\":\"sap.m.Text\",\"viewName\":\"etm.portal.ui.iscorders.view.New\",\"viewId\":\"application-iscorders-display-component---createOrder\",\"bindingPath\":{\"path\":\"/IscResourceUnits('wdi5-1746117659567')\",\"propertyPath\":\"ID\"},\"searchOpenDialogs\":true}"}]}
RESULT: undefined
COMMAND: POST /session/ce00c95ab29fd2b6dadc42a257eb6258/element - {"using":"xpath","value":"//*[@id=\"application-iscorders-display-component---createOrder--resourceValue-valueHelpDialog-innerTable-rows-row0\"]"}
RESULT: {"using":"xpath","value":"//*[@id=\"application-iscorders-display-component---createOrder--resourceValue-valueHelpDialog-innerTable-rows-row0\"]"}
COMMAND: POST /session/ce00c95ab29fd2b6dadc42a257eb6258/element/f.24A06151E8A946319EB5CB98F2660F55.d.7A5218D7E829B108591D75AA059E2C30.e.1216/click - {}
RESULT: {}
COMMAND: POST /session/ce00c95ab29fd2b6dadc42a257eb6258/execute/async - {"script":"<script> [1562 bytes]","args":[{"selector":{"controlType":"sap.m.Button","viewName":"etm.portal.ui.iscorders.view.New","viewId":"application-iscorders-display-component---createOrder","properties":{"text":"Scheduling"}},"wdio_ui5_key":"etmportal.ui.iscorders.view.Newsap.m.Button{\"text\":\"Scheduling\"}"}]}
COMMAND: GET /session/ce00c95ab29fd2b6dadc42a257eb6258/screenshot - {}
RESULT: {"script":"<script> [1562 bytes]","args":[{"selector":{"controlType":"sap.m.Button","viewName":"etm.portal.ui.iscorders.view.New","viewId":"application-iscorders-display-component---createOrder","properties":{"text":"Scheduling"}},"wdio_ui5_key":"etmportal.ui.iscorders.view.Newsap.m.Button{\"text\":\"Scheduling\"}"}]}
RESULT: undefined
COMMAND: POST /session/ce00c95ab29fd2b6dadc42a257eb6258/element - {"using":"xpath","value":"//*[@id=\"application-iscorders-display-component---createOrder--newOrderObjectPageLayout-anchBar-application-iscorders-display-component---createOrder--templateUnitSection-anchor\"]"}
RESULT: {}
RESULT: {"using":"xpath","value":"//*[@id=\"application-iscorders-display-component---createOrder--newOrderObjectPageLayout-anchBar-application-iscorders-display-component---createOrder--templateUnitSection-anchor\"]"}
COMMAND: POST /session/ce00c95ab29fd2b6dadc42a257eb6258/element/f.24A06151E8A946319EB5CB98F2660F55.d.7A5218D7E829B108591D75AA059E2C30.e.1227/click - {}
RESULT: {}
COMMAND: POST /session/ce00c95ab29fd2b6dadc42a257eb6258/execute/async - {"script":"<script> [1562 bytes]","args":[{"selector":{"id":"application-iscorders-display-component---createOrder--durationDimension-arrow"},"wdio_ui5_key":"applicationiscorders-display-component---createOrder--durationDimension-arrow"}]}
COMMAND: GET /session/ce00c95ab29fd2b6dadc42a257eb6258/screenshot - {}
RESULT: {"script":"<script> [1562 bytes]","args":[{"selector":{"id":"application-iscorders-display-component---createOrder--durationDimension-arrow"},"wdio_ui5_key":"applicationiscorders-display-component---createOrder--durationDimension-arrow"}]}
RESULT: undefined
COMMAND: POST /session/ce00c95ab29fd2b6dadc42a257eb6258/element - {"using":"xpath","value":"//*[@id=\"application-iscorders-display-component---createOrder--durationDimension-arrow\"]"}
RESULT: {}
RESULT: {"using":"xpath","value":"//*[@id=\"application-iscorders-display-component---createOrder--durationDimension-arrow\"]"}
COMMAND: POST /session/ce00c95ab29fd2b6dadc42a257eb6258/element/f.24A06151E8A946319EB5CB98F2660F55.d.7A5218D7E829B108591D75AA059E2C30.e.1231/click - {}
RESULT: {}
COMMAND: POST /session/ce00c95ab29fd2b6dadc42a257eb6258/execute/async - {"script":"<script> [1562 bytes]","args":[{"selector":{"controlType":"sap.m.StandardListItem","viewName":"etm.portal.ui.iscorders.view.New","viewId":"application-iscorders-display-component---createOrder","properties":{"title":"Hours"},"searchOpenDialogs":true},"wdio_ui5_key":"etmportal.ui.iscorders.view.Newsap.m.StandardListItem{\"title\":\"Hours\"}"}]}
COMMAND: GET /session/ce00c95ab29fd2b6dadc42a257eb6258/screenshot - {}
RESULT: {"script":"<script> [1562 bytes]","args":[{"selector":{"controlType":"sap.m.StandardListItem","viewName":"etm.portal.ui.iscorders.view.New","viewId":"application-iscorders-display-component---createOrder","properties":{"title":"Hours"},"searchOpenDialogs":true},"wdio_ui5_key":"etmportal.ui.iscorders.view.Newsap.m.StandardListItem{\"title\":\"Hours\"}"}]}
RESULT: undefined
COMMAND: POST /session/ce00c95ab29fd2b6dadc42a257eb6258/element - {"using":"xpath","value":"//*[@id=\"__item750\"]"}
RESULT: {}
RESULT: {"using":"xpath","value":"//*[@id=\"__item750\"]"}
COMMAND: POST /session/ce00c95ab29fd2b6dadc42a257eb6258/element/f.24A06151E8A946319EB5CB98F2660F55.d.7A5218D7E829B108591D75AA059E2C30.e.1232/click - {}
RESULT: {}
COMMAND: POST /session/ce00c95ab29fd2b6dadc42a257eb6258/execute/async - {"script":"<script> [1562 bytes]","args":[{"selector":{"id":"application-iscorders-display-component---createOrder--saveOrderButton"},"wdio_ui5_key":"applicationiscorders-display-component---createOrder--saveOrderButton"}]}
COMMAND: GET /session/ce00c95ab29fd2b6dadc42a257eb6258/screenshot - {}
RESULT: {"script":"<script> [1562 bytes]","args":[{"selector":{"id":"application-iscorders-display-component---createOrder--saveOrderButton"},"wdio_ui5_key":"applicationiscorders-display-component---createOrder--saveOrderButton"}]}
RESULT: undefined
COMMAND: POST /session/ce00c95ab29fd2b6dadc42a257eb6258/element - {"using":"xpath","value":"//*[@id=\"application-iscorders-display-component---createOrder--saveOrderButton\"]"}
RESULT: {}
RESULT: {"using":"xpath","value":"//*[@id=\"application-iscorders-display-component---createOrder--saveOrderButton\"]"}
COMMAND: POST /session/ce00c95ab29fd2b6dadc42a257eb6258/element/f.24A06151E8A946319EB5CB98F2660F55.d.7A5218D7E829B108591D75AA059E2C30.e.1161/click - {}
RESULT: {}
COMMAND: GET /session/ce00c95ab29fd2b6dadc42a257eb6258/screenshot - {}
RESULT: {}
COMMAND: POST /session/ce00c95ab29fd2b6dadc42a257eb6258/execute/async - {"script":"<script> [1562 bytes]","args":[{"selector":{"controlType":"sap.m.Link","viewName":"reusables.view.ISC.Orders.Detail","viewId":"application-iscorders-display-component---displayOrder","bindingPath":{"propertyPath":"RESOURCE_UNIT","modelName":"catalogModel"}},"wdio_ui5_key":"reusablesview.ISC.Orders.Detailsap.m.Link{\"propertyPath\":\"RESOURCE_UNIT\",\"modelName\":\"catalogModel\"}"}]}
RESULT: {"script":"<script> [1562 bytes]","args":[{"selector":{"controlType":"sap.m.Link","viewName":"reusables.view.ISC.Orders.Detail","viewId":"application-iscorders-display-component---displayOrder","bindingPath":{"propertyPath":"RESOURCE_UNIT","modelName":"catalogModel"}},"wdio_ui5_key":"reusablesview.ISC.Orders.Detailsap.m.Link{\"propertyPath\":\"RESOURCE_UNIT\",\"modelName\":\"catalogModel\"}"}]}
RESULT: undefined
COMMAND: POST /session/ce00c95ab29fd2b6dadc42a257eb6258/execute/async - {"script":"<script> [6424 bytes]","args":[{"element-6066-11e4-a52e-4f735466cecf":"f.24A06151E8A946319EB5CB98F2660F55.d.7A5218D7E829B108591D75AA059E2C30.e.1267"},"getText",[]]}
RESULT: {"script":"<script> [6424 bytes]","args":[{"element-6066-11e4-a52e-4f735466cecf":"f.24A06151E8A946319EB5CB98F2660F55.d.7A5218D7E829B108591D75AA059E2C30.e.1267"},"getText",[]]}
]]></system-out>
    </testcase>
    <testcase classname="chrome.135_0_7049_96.windows.Create_and_verify_Order_without_Template_US127247" name="Should edit and verify Order without Template" time="62.266">
      <system-out><![CDATA[
COMMAND: POST /session/ce00c95ab29fd2b6dadc42a257eb6258/execute/async - {"script":"<script> [1562 bytes]","args":[{"selector":{"id":"application-iscorders-display-component---displayOrder--editOrderButton","interaction":{"idSuffix":"BDI-content"}},"wdio_ui5_key":"applicationiscorders-display-component---displayOrder--editOrderButton"}]}
RESULT: {"script":"<script> [1562 bytes]","args":[{"selector":{"id":"application-iscorders-display-component---displayOrder--editOrderButton","interaction":{"idSuffix":"BDI-content"}},"wdio_ui5_key":"applicationiscorders-display-component---displayOrder--editOrderButton"}]}
RESULT: undefined
COMMAND: POST /session/ce00c95ab29fd2b6dadc42a257eb6258/element - {"using":"xpath","value":"//*[@id=\"application-iscorders-display-component---displayOrder--editOrderButton\"]"}
RESULT: {"using":"xpath","value":"//*[@id=\"application-iscorders-display-component---displayOrder--editOrderButton\"]"}
COMMAND: POST /session/ce00c95ab29fd2b6dadc42a257eb6258/element/f.24A06151E8A946319EB5CB98F2660F55.d.7A5218D7E829B108591D75AA059E2C30.e.1269/click - {}
RESULT: {}
COMMAND: POST /session/ce00c95ab29fd2b6dadc42a257eb6258/execute/async - {"script":"<script> [1562 bytes]","args":[{"selector":{"id":"application-iscorders-display-component---editOrder--tagInput","interaction":{"idSuffix":"inner"}},"wdio_ui5_key":"applicationiscorders-display-component---editOrder--tagInput"}]}
COMMAND: GET /session/ce00c95ab29fd2b6dadc42a257eb6258/screenshot - {}
RESULT: {"script":"<script> [1562 bytes]","args":[{"selector":{"id":"application-iscorders-display-component---editOrder--tagInput","interaction":{"idSuffix":"inner"}},"wdio_ui5_key":"applicationiscorders-display-component---editOrder--tagInput"}]}
RESULT: undefined
COMMAND: POST /session/ce00c95ab29fd2b6dadc42a257eb6258/execute/async - {"script":"<script> [776 bytes]","args":[{"enterText":"test-tag-1","selector":{"id":"application-iscorders-display-component---editOrder--tagInput","interaction":{"idSuffix":"inner"}},"clearTextFirst":true,"interactionType":"ENTER_TEXT"}]}
RESULT: {}
RESULT: {"script":"<script> [776 bytes]","args":[{"enterText":"test-tag-1","selector":{"id":"application-iscorders-display-component---editOrder--tagInput","interaction":{"idSuffix":"inner"}},"clearTextFirst":true,"interactionType":"ENTER_TEXT"}]}
COMMAND: POST /session/ce00c95ab29fd2b6dadc42a257eb6258/actions - {"actions":[{"id":"action2","type":"key","parameters":{},"actions":[{"type":"keyDown","value":"î€‡"},{"type":"pause","duration":10},{"type":"keyUp","value":"î€‡"}]}]}
RESULT: {"actions":[{"id":"action2","type":"key","parameters":{},"actions":[{"type":"keyDown","value":"î€‡"},{"type":"pause","duration":10},{"type":"keyUp","value":"î€‡"}]}]}
COMMAND: POST /session/ce00c95ab29fd2b6dadc42a257eb6258/execute/async - {"script":"<script> [1562 bytes]","args":[{"selector":{"id":"application-iscorders-display-component---editOrder--ObjectPageLayout-anchBar-application-iscorders-display-component---editOrder--templateUnitSection-anchor","interaction":{"idSuffix":"BDI-content"}},"wdio_ui5_key":"applicationiscorders-display-component---editOrder--ObjectPageLayout-anchBar-application-iscorders-display-component---editOrder--templateUnitSection-anchor"}]}
COMMAND: GET /session/ce00c95ab29fd2b6dadc42a257eb6258/screenshot - {}
RESULT: {"script":"<script> [1562 bytes]","args":[{"selector":{"id":"application-iscorders-display-component---editOrder--ObjectPageLayout-anchBar-application-iscorders-display-component---editOrder--templateUnitSection-anchor","interaction":{"idSuffix":"BDI-content"}},"wdio_ui5_key":"applicationiscorders-display-component---editOrder--ObjectPageLayout-anchBar-application-iscorders-display-component---editOrder--templateUnitSection-anchor"}]}
RESULT: undefined
COMMAND: POST /session/ce00c95ab29fd2b6dadc42a257eb6258/element - {"using":"xpath","value":"//*[@id=\"application-iscorders-display-component---editOrder--ObjectPageLayout-anchBar-application-iscorders-display-component---editOrder--templateUnitSection-anchor\"]"}
RESULT: {}
RESULT: {"using":"xpath","value":"//*[@id=\"application-iscorders-display-component---editOrder--ObjectPageLayout-anchBar-application-iscorders-display-component---editOrder--templateUnitSection-anchor\"]"}
COMMAND: POST /session/ce00c95ab29fd2b6dadc42a257eb6258/element/f.24A06151E8A946319EB5CB98F2660F55.d.7A5218D7E829B108591D75AA059E2C30.e.1359/click - {}
RESULT: {}
COMMAND: POST /session/ce00c95ab29fd2b6dadc42a257eb6258/execute/async - {"script":"<script> [1562 bytes]","args":[{"selector":{"id":"application-iscorders-display-component---editOrder--durationDimension-arrow"},"wdio_ui5_key":"applicationiscorders-display-component---editOrder--durationDimension-arrow"}]}
COMMAND: GET /session/ce00c95ab29fd2b6dadc42a257eb6258/screenshot - {}
RESULT: {"script":"<script> [1562 bytes]","args":[{"selector":{"id":"application-iscorders-display-component---editOrder--durationDimension-arrow"},"wdio_ui5_key":"applicationiscorders-display-component---editOrder--durationDimension-arrow"}]}
RESULT: undefined
COMMAND: POST /session/ce00c95ab29fd2b6dadc42a257eb6258/element - {"using":"xpath","value":"//*[@id=\"application-iscorders-display-component---editOrder--durationDimension-arrow\"]"}
RESULT: {}
RESULT: {"using":"xpath","value":"//*[@id=\"application-iscorders-display-component---editOrder--durationDimension-arrow\"]"}
COMMAND: POST /session/ce00c95ab29fd2b6dadc42a257eb6258/element/f.24A06151E8A946319EB5CB98F2660F55.d.7A5218D7E829B108591D75AA059E2C30.e.1364/click - {}
RESULT: {}
COMMAND: POST /session/ce00c95ab29fd2b6dadc42a257eb6258/execute/async - {"script":"<script> [1562 bytes]","args":[{"selector":{"controlType":"sap.m.StandardListItem","properties":{"title":"Days"},"searchOpenDialogs":true},"wdio_ui5_key":"sapm.StandardListItem{\"title\":\"Days\"}"}]}
COMMAND: GET /session/ce00c95ab29fd2b6dadc42a257eb6258/screenshot - {}
RESULT: {"script":"<script> [1562 bytes]","args":[{"selector":{"controlType":"sap.m.StandardListItem","properties":{"title":"Days"},"searchOpenDialogs":true},"wdio_ui5_key":"sapm.StandardListItem{\"title\":\"Days\"}"}]}
RESULT: undefined
COMMAND: POST /session/ce00c95ab29fd2b6dadc42a257eb6258/element - {"using":"xpath","value":"//*[@id=\"__item848\"]"}
RESULT: {}
RESULT: {"using":"xpath","value":"//*[@id=\"__item848\"]"}
COMMAND: POST /session/ce00c95ab29fd2b6dadc42a257eb6258/element/f.24A06151E8A946319EB5CB98F2660F55.d.7A5218D7E829B108591D75AA059E2C30.e.1367/click - {}
RESULT: {}
COMMAND: POST /session/ce00c95ab29fd2b6dadc42a257eb6258/execute/async - {"script":"<script> [1562 bytes]","args":[{"selector":{"id":"application-iscorders-display-component---editOrder--reminderDimension-arrow"},"wdio_ui5_key":"applicationiscorders-display-component---editOrder--reminderDimension-arrow"}]}
COMMAND: GET /session/ce00c95ab29fd2b6dadc42a257eb6258/screenshot - {}
RESULT: {"script":"<script> [1562 bytes]","args":[{"selector":{"id":"application-iscorders-display-component---editOrder--reminderDimension-arrow"},"wdio_ui5_key":"applicationiscorders-display-component---editOrder--reminderDimension-arrow"}]}
RESULT: undefined
COMMAND: POST /session/ce00c95ab29fd2b6dadc42a257eb6258/element - {"using":"xpath","value":"//*[@id=\"application-iscorders-display-component---editOrder--reminderDimension-arrow\"]"}
RESULT: {}
RESULT: {"using":"xpath","value":"//*[@id=\"application-iscorders-display-component---editOrder--reminderDimension-arrow\"]"}
COMMAND: POST /session/ce00c95ab29fd2b6dadc42a257eb6258/element/f.24A06151E8A946319EB5CB98F2660F55.d.7A5218D7E829B108591D75AA059E2C30.e.1368/click - {}
RESULT: {}
COMMAND: POST /session/ce00c95ab29fd2b6dadc42a257eb6258/execute/async - {"script":"<script> [1562 bytes]","args":[{"selector":{"controlType":"sap.m.StandardListItem","properties":{"title":"Weeks"},"searchOpenDialogs":true},"wdio_ui5_key":"sapm.StandardListItem{\"title\":\"Weeks\"}"}]}
COMMAND: GET /session/ce00c95ab29fd2b6dadc42a257eb6258/screenshot - {}
RESULT: {"script":"<script> [1562 bytes]","args":[{"selector":{"controlType":"sap.m.StandardListItem","properties":{"title":"Weeks"},"searchOpenDialogs":true},"wdio_ui5_key":"sapm.StandardListItem{\"title\":\"Weeks\"}"}]}
RESULT: undefined
COMMAND: POST /session/ce00c95ab29fd2b6dadc42a257eb6258/element - {"using":"xpath","value":"//*[@id=\"__item850\"]"}
RESULT: {}
RESULT: {"using":"xpath","value":"//*[@id=\"__item850\"]"}
COMMAND: POST /session/ce00c95ab29fd2b6dadc42a257eb6258/element/f.24A06151E8A946319EB5CB98F2660F55.d.7A5218D7E829B108591D75AA059E2C30.e.1369/click - {}
RESULT: {}
COMMAND: POST /session/ce00c95ab29fd2b6dadc42a257eb6258/execute/async - {"script":"<script> [1562 bytes]","args":[{"selector":{"id":"application-iscorders-display-component---editOrder--remindersInput","interaction":{"idSuffix":"inner"}},"wdio_ui5_key":"applicationiscorders-display-component---editOrder--remindersInput"}]}
COMMAND: GET /session/ce00c95ab29fd2b6dadc42a257eb6258/screenshot - {}
RESULT: {"script":"<script> [1562 bytes]","args":[{"selector":{"id":"application-iscorders-display-component---editOrder--remindersInput","interaction":{"idSuffix":"inner"}},"wdio_ui5_key":"applicationiscorders-display-component---editOrder--remindersInput"}]}
RESULT: undefined
COMMAND: POST /session/ce00c95ab29fd2b6dadc42a257eb6258/execute/async - {"script":"<script> [776 bytes]","args":[{"enterText":"1","selector":{"id":"application-iscorders-display-component---editOrder--remindersInput","interaction":{"idSuffix":"inner"}},"clearTextFirst":true,"interactionType":"ENTER_TEXT"}]}
RESULT: {}
RESULT: {"script":"<script> [776 bytes]","args":[{"enterText":"1","selector":{"id":"application-iscorders-display-component---editOrder--remindersInput","interaction":{"idSuffix":"inner"}},"clearTextFirst":true,"interactionType":"ENTER_TEXT"}]}
COMMAND: POST /session/ce00c95ab29fd2b6dadc42a257eb6258/execute/async - {"script":"<script> [1562 bytes]","args":[{"selector":{"id":"application-iscorders-display-component---editOrder--ObjectPageLayout-anchBar-application-iscorders-display-component---editOrder--personsUnitSection-anchor","interaction":{"idSuffix":"BDI-content"}},"wdio_ui5_key":"applicationiscorders-display-component---editOrder--ObjectPageLayout-anchBar-application-iscorders-display-component---editOrder--personsUnitSection-anchor"}]}
RESULT: {"script":"<script> [1562 bytes]","args":[{"selector":{"id":"application-iscorders-display-component---editOrder--ObjectPageLayout-anchBar-application-iscorders-display-component---editOrder--personsUnitSection-anchor","interaction":{"idSuffix":"BDI-content"}},"wdio_ui5_key":"applicationiscorders-display-component---editOrder--ObjectPageLayout-anchBar-application-iscorders-display-component---editOrder--personsUnitSection-anchor"}]}
RESULT: undefined
COMMAND: POST /session/ce00c95ab29fd2b6dadc42a257eb6258/element - {"using":"xpath","value":"//*[@id=\"application-iscorders-display-component---editOrder--ObjectPageLayout-anchBar-application-iscorders-display-component---editOrder--personsUnitSection-anchor\"]"}
RESULT: {"using":"xpath","value":"//*[@id=\"application-iscorders-display-component---editOrder--ObjectPageLayout-anchBar-application-iscorders-display-component---editOrder--personsUnitSection-anchor\"]"}
COMMAND: POST /session/ce00c95ab29fd2b6dadc42a257eb6258/element/f.24A06151E8A946319EB5CB98F2660F55.d.7A5218D7E829B108591D75AA059E2C30.e.1372/click - {}
RESULT: {}
COMMAND: POST /session/ce00c95ab29fd2b6dadc42a257eb6258/execute/async - {"script":"<script> [1562 bytes]","args":[{"selector":{"controlType":"sap.ui.core.Icon","viewName":"reusables.view.ISC.Orders.Edit","viewId":"application-iscorders-display-component---editOrder","properties":{"src":{"regex":{"source":"add"}}},"ancestor":{"controlType":"sap.m.OverflowToolbarButton","viewName":"reusables.view.ISC.Orders.Edit","viewId":"application-iscorders-display-component---editOrder","properties":{"icon":"sap-icon://add"}}},"wdio_ui5_key":"reusablesview.ISC.Orders.Editsap.ui.core.Icon{\"src\":{\"regex\":{\"source\":\"add\"}}}{\"controlType\":\"sap.m.OverflowToolbarButton\",\"viewName\":\"reusables.view.ISC.Orders.Edit\",\"viewId\":\"application-iscorders-display-component---editOrder\",\"properties\":{\"icon\":\"sap-icon://add\"}}"}]}
COMMAND: GET /session/ce00c95ab29fd2b6dadc42a257eb6258/screenshot - {}
RESULT: {"script":"<script> [1562 bytes]","args":[{"selector":{"controlType":"sap.ui.core.Icon","viewName":"reusables.view.ISC.Orders.Edit","viewId":"application-iscorders-display-component---editOrder","properties":{"src":{"regex":{"source":"add"}}},"ancestor":{"controlType":"sap.m.OverflowToolbarButton","viewName":"reusables.view.ISC.Orders.Edit","viewId":"application-iscorders-display-component---editOrder","properties":{"icon":"sap-icon://add"}}},"wdio_ui5_key":"reusablesview.ISC.Orders.Editsap.ui.core.Icon{\"src\":{\"regex\":{\"source\":\"add\"}}}{\"controlType\":\"sap.m.OverflowToolbarButton\",\"viewName\":\"reusables.view.ISC.Orders.Edit\",\"viewId\":\"application-iscorders-display-component---editOrder\",\"properties\":{\"icon\":\"sap-icon://add\"}}"}]}
RESULT: undefined
COMMAND: POST /session/ce00c95ab29fd2b6dadc42a257eb6258/element - {"using":"xpath","value":"//*[@id=\"__button157-img\"]"}
RESULT: {}
RESULT: {"using":"xpath","value":"//*[@id=\"__button157-img\"]"}
COMMAND: POST /session/ce00c95ab29fd2b6dadc42a257eb6258/element/f.24A06151E8A946319EB5CB98F2660F55.d.7A5218D7E829B108591D75AA059E2C30.e.1376/click - {}
RESULT: {}
COMMAND: POST /session/ce00c95ab29fd2b6dadc42a257eb6258/execute/async - {"script":"<script> [1562 bytes]","args":[{"selector":{"controlType":"sap.m.SearchField","searchOpenDialogs":true,"interaction":{"idSuffix":"I"}},"wdio_ui5_key":"sapm.SearchField"}]}
COMMAND: GET /session/ce00c95ab29fd2b6dadc42a257eb6258/screenshot - {}
RESULT: {"script":"<script> [1562 bytes]","args":[{"selector":{"controlType":"sap.m.SearchField","searchOpenDialogs":true,"interaction":{"idSuffix":"I"}},"wdio_ui5_key":"sapm.SearchField"}]}
RESULT: undefined
COMMAND: POST /session/ce00c95ab29fd2b6dadc42a257eb6258/execute/async - {"script":"<script> [776 bytes]","args":[{"enterText":"Dummy","selector":{"controlType":"sap.m.SearchField","searchOpenDialogs":true,"interaction":{"idSuffix":"I"}},"clearTextFirst":true,"interactionType":"ENTER_TEXT"}]}
RESULT: {}
RESULT: {"script":"<script> [776 bytes]","args":[{"enterText":"Dummy","selector":{"controlType":"sap.m.SearchField","searchOpenDialogs":true,"interaction":{"idSuffix":"I"}},"clearTextFirst":true,"interactionType":"ENTER_TEXT"}]}
COMMAND: POST /session/ce00c95ab29fd2b6dadc42a257eb6258/actions - {"actions":[{"id":"action3","type":"key","parameters":{},"actions":[{"type":"keyDown","value":"î€‡"},{"type":"pause","duration":10},{"type":"keyUp","value":"î€‡"}]}]}
RESULT: {"actions":[{"id":"action3","type":"key","parameters":{},"actions":[{"type":"keyDown","value":"î€‡"},{"type":"pause","duration":10},{"type":"keyUp","value":"î€‡"}]}]}
COMMAND: GET /session/ce00c95ab29fd2b6dadc42a257eb6258/screenshot - {}
RESULT: {}
COMMAND: POST /session/ce00c95ab29fd2b6dadc42a257eb6258/element - {"using":"xpath","value":"//span[contains(text(), \"Email: dummy@bearingpoint.com\")]"}
RESULT: {"using":"xpath","value":"//span[contains(text(), \"Email: dummy@bearingpoint.com\")]"}
COMMAND: POST /session/ce00c95ab29fd2b6dadc42a257eb6258/element/f.24A06151E8A946319EB5CB98F2660F55.d.7A5218D7E829B108591D75AA059E2C30.e.1389/click - {}
RESULT: {}
COMMAND: GET /session/ce00c95ab29fd2b6dadc42a257eb6258/screenshot - {}
RESULT: {}
COMMAND: POST /session/ce00c95ab29fd2b6dadc42a257eb6258/element - {"using":"xpath","value":"//button[contains(@id ,\"application-iscorders-display-component---editOrder--createTaskButton\")]"}
RESULT: {"using":"xpath","value":"//button[contains(@id ,\"application-iscorders-display-component---editOrder--createTaskButton\")]"}
COMMAND: POST /session/ce00c95ab29fd2b6dadc42a257eb6258/element/f.24A06151E8A946319EB5CB98F2660F55.d.7A5218D7E829B108591D75AA059E2C30.e.1392/click - {}
RESULT: {}
COMMAND: GET /session/ce00c95ab29fd2b6dadc42a257eb6258/screenshot - {}
RESULT: {}
COMMAND: POST /session/ce00c95ab29fd2b6dadc42a257eb6258/execute/async - {"script":"<script> [1562 bytes]","args":[{"selector":{"controlType":"sap.m.Input","viewName":"reusables.view.ISC.Orders.Edit","viewId":"application-iscorders-display-component---editOrder","bindingPath":{"path":"/0","propertyPath":"NAME","modelName":"tasksModel"},"interaction":{"idSuffix":"inner"}},"wdio_ui5_key":"reusablesview.ISC.Orders.Editsap.m.Input{\"path\":\"/0\",\"propertyPath\":\"NAME\",\"modelName\":\"tasksModel\"}"}]}
RESULT: {"script":"<script> [1562 bytes]","args":[{"selector":{"controlType":"sap.m.Input","viewName":"reusables.view.ISC.Orders.Edit","viewId":"application-iscorders-display-component---editOrder","bindingPath":{"path":"/0","propertyPath":"NAME","modelName":"tasksModel"},"interaction":{"idSuffix":"inner"}},"wdio_ui5_key":"reusablesview.ISC.Orders.Editsap.m.Input{\"path\":\"/0\",\"propertyPath\":\"NAME\",\"modelName\":\"tasksModel\"}"}]}
RESULT: undefined
COMMAND: POST /session/ce00c95ab29fd2b6dadc42a257eb6258/execute/async - {"script":"<script> [776 bytes]","args":[{"enterText":"Wdi5-task","selector":{"controlType":"sap.m.Input","viewName":"reusables.view.ISC.Orders.Edit","viewId":"application-iscorders-display-component---editOrder","bindingPath":{"path":"/0","propertyPath":"NAME","modelName":"tasksModel"},"interaction":{"idSuffix":"inner"}},"clearTextFirst":true,"interactionType":"ENTER_TEXT"}]}
RESULT: {"script":"<script> [776 bytes]","args":[{"enterText":"Wdi5-task","selector":{"controlType":"sap.m.Input","viewName":"reusables.view.ISC.Orders.Edit","viewId":"application-iscorders-display-component---editOrder","bindingPath":{"path":"/0","propertyPath":"NAME","modelName":"tasksModel"},"interaction":{"idSuffix":"inner"}},"clearTextFirst":true,"interactionType":"ENTER_TEXT"}]}
COMMAND: POST /session/ce00c95ab29fd2b6dadc42a257eb6258/element - {"using":"xpath","value":"//bdi[contains(@id ,\"application-iscorders-display-component---editOrder--saveOrderButton-BDI-content\")]"}
RESULT: {"using":"xpath","value":"//bdi[contains(@id ,\"application-iscorders-display-component---editOrder--saveOrderButton-BDI-content\")]"}
COMMAND: POST /session/ce00c95ab29fd2b6dadc42a257eb6258/element/f.24A06151E8A946319EB5CB98F2660F55.d.7A5218D7E829B108591D75AA059E2C30.e.1395/click - {}
RESULT: {}
COMMAND: GET /session/ce00c95ab29fd2b6dadc42a257eb6258/screenshot - {}
RESULT: {}
COMMAND: POST /session/ce00c95ab29fd2b6dadc42a257eb6258/execute/async - {"script":"<script> [1562 bytes]","args":[{"selector":{"controlType":"sap.m.Button","properties":{"text":"Stakeholders"},"interaction":{"idSuffix":"BDI-content"}},"wdio_ui5_key":"sapm.Button{\"text\":\"Stakeholders\"}"}]}
RESULT: {"script":"<script> [1562 bytes]","args":[{"selector":{"controlType":"sap.m.Button","properties":{"text":"Stakeholders"},"interaction":{"idSuffix":"BDI-content"}},"wdio_ui5_key":"sapm.Button{\"text\":\"Stakeholders\"}"}]}
RESULT: undefined
COMMAND: POST /session/ce00c95ab29fd2b6dadc42a257eb6258/element - {"using":"xpath","value":"//*[@id=\"__layout352-anchBar-application-iscorders-display-component---displayOrder--personsUnitSection-anchor\"]"}
RESULT: {"using":"xpath","value":"//*[@id=\"__layout352-anchBar-application-iscorders-display-component---displayOrder--personsUnitSection-anchor\"]"}
COMMAND: POST /session/ce00c95ab29fd2b6dadc42a257eb6258/element/f.24A06151E8A946319EB5CB98F2660F55.d.7A5218D7E829B108591D75AA059E2C30.e.1427/click - {}
RESULT: {}
COMMAND: POST /session/ce00c95ab29fd2b6dadc42a257eb6258/element - {"using":"xpath","value":"//span[contains(@id ,\"application-iscorders-display-component---displayOrder--orderPersonTable\")][contains(text(), \"dummy\")]"}
COMMAND: GET /session/ce00c95ab29fd2b6dadc42a257eb6258/screenshot - {}
RESULT: {"using":"xpath","value":"//span[contains(@id ,\"application-iscorders-display-component---displayOrder--orderPersonTable\")][contains(text(), \"dummy\")]"}
RESULT: {}
COMMAND: GET /session/ce00c95ab29fd2b6dadc42a257eb6258/element/f.24A06151E8A946319EB5CB98F2660F55.d.7A5218D7E829B108591D75AA059E2C30.e.1430/text - {}
RESULT: {}
COMMAND: POST /session/ce00c95ab29fd2b6dadc42a257eb6258/execute/async - {"script":"<script> [1562 bytes]","args":[{"selector":{"controlType":"sap.m.Text","viewName":"reusables.view.ISC.Orders.Detail","viewId":"application-iscorders-display-component---displayOrder","bindingPath":{"path":"/0","propertyPath":"NAME","modelName":"tasksModel"}},"wdio_ui5_key":"reusablesview.ISC.Orders.Detailsap.m.Text{\"path\":\"/0\",\"propertyPath\":\"NAME\",\"modelName\":\"tasksModel\"}"}]}
RESULT: {"script":"<script> [1562 bytes]","args":[{"selector":{"controlType":"sap.m.Text","viewName":"reusables.view.ISC.Orders.Detail","viewId":"application-iscorders-display-component---displayOrder","bindingPath":{"path":"/0","propertyPath":"NAME","modelName":"tasksModel"}},"wdio_ui5_key":"reusablesview.ISC.Orders.Detailsap.m.Text{\"path\":\"/0\",\"propertyPath\":\"NAME\",\"modelName\":\"tasksModel\"}"}]}
RESULT: undefined
COMMAND: POST /session/ce00c95ab29fd2b6dadc42a257eb6258/execute/async - {"script":"<script> [6424 bytes]","args":[{"element-6066-11e4-a52e-4f735466cecf":"f.24A06151E8A946319EB5CB98F2660F55.d.7A5218D7E829B108591D75AA059E2C30.e.1433"},"getText",[]]}
RESULT: {"script":"<script> [6424 bytes]","args":[{"element-6066-11e4-a52e-4f735466cecf":"f.24A06151E8A946319EB5CB98F2660F55.d.7A5218D7E829B108591D75AA059E2C30.e.1433"},"getText",[]]}
COMMAND: POST /session/ce00c95ab29fd2b6dadc42a257eb6258/refresh - {}
RESULT: {}
COMMAND: GET /session/ce00c95ab29fd2b6dadc42a257eb6258/screenshot - {}
RESULT: {}
COMMAND: POST /session/ce00c95ab29fd2b6dadc42a257eb6258/refresh - {}
RESULT: {}
COMMAND: GET /session/ce00c95ab29fd2b6dadc42a257eb6258/screenshot - {}
RESULT: {}
COMMAND: POST /session/ce00c95ab29fd2b6dadc42a257eb6258/window/fullscreen - {}
RESULT: {}
COMMAND: POST /session/ce00c95ab29fd2b6dadc42a257eb6258/execute/async - {"script":"<script> [189 bytes]","args":[]}
RESULT: {"script":"<script> [189 bytes]","args":[]}
COMMAND: POST /session/ce00c95ab29fd2b6dadc42a257eb6258/execute/async - {"script":"<script> [123 bytes]","args":[]}
RESULT: {"script":"<script> [123 bytes]","args":[]}
COMMAND: POST /session/ce00c95ab29fd2b6dadc42a257eb6258/timeouts - {"script":"<number>"}
RESULT: {"script":"<number>"}
COMMAND: GET /session/ce00c95ab29fd2b6dadc42a257eb6258/timeouts - {}
RESULT: {}
RESULT: undefined
COMMAND: POST /session/ce00c95ab29fd2b6dadc42a257eb6258/execute/async - {"script":"<script> [2676 bytes]","args":[]}
RESULT: {"script":"<script> [2676 bytes]","args":[]}
COMMAND: POST /session/ce00c95ab29fd2b6dadc42a257eb6258/execute/async - {"script":"<script> [2342 bytes]","args":[{"protocol":"http","hostname":"0.0.0.0","path":"/","capabilities":{"browserName":"chrome","goog:chromeOptions":{"binary":"C:\\Program Files\\Google\\Chrome\\Application\\chrome.exe","args":["--start-maximized"]}},"logLevel":"warn","connectionRetryTimeout":120000,"connectionRetryCount":3,"logLevels":{},"enableDirectConnect":true,"strictSSL":true,"_":"65 more keys: [\"cacheDir\",\"port\",\"requestedCapabilities\",\"automationProtocol\",\"baseUrl\",\"waitforInterval\",\"waitforTimeout\",\"onReload\",\"beforeCommand\",\"afterCommand\",\"rootDir\",\"specs\",\"suites\",\"exclude\",\"groupLogsByTestSpec\",\"excludeDriverLogs\",\"bail\",\"framework\",\"reporters\",\"services\",\"maxInstances\",\"maxInstancesPerCapability\",\"injectGlobals\",\"filesToWatch\",\"execArgv\",\"runnerEnv\",\"runner\",\"shard\",\"specFileRetries\",\"specFileRetriesDelay\",\"specFileRetriesDeferred\",\"reporterSyncInterval\",\"reporterSyncTimeout\",\"cucumberFeaturesWithLineNumbers\",\"autoCompileOpts\",\"mochaOpts\",\"jasmineOpts\",\"cucumberOpts\",\"onPrepare\",\"onWorkerStart\",\"onWorkerEnd\",\"before\",\"beforeSession\",\"beforeSuite\",\"beforeHook\",\"beforeTest\",\"afterTest\",\"afterHook\",\"afterSuite\",\"afterSession\",\"after\",\"onComplete\",\"beforeAssertion\",\"afterAssertion\",\"beforeFeature\",\"beforeScenario\",\"beforeStep\",\"afterStep\",\"afterScenario\",\"afterFeature\",\"_\",\"suite\",\"$0\",\"ignoredWorkerServices\",\"wdi5\"]"}]}
RESULT: {"script":"<script> [2342 bytes]","args":[{"protocol":"http","hostname":"0.0.0.0","path":"/","capabilities":{"browserName":"chrome","goog:chromeOptions":{"binary":"C:\\Program Files\\Google\\Chrome\\Application\\chrome.exe","args":["--start-maximized"]}},"logLevel":"warn","connectionRetryTimeout":120000,"connectionRetryCount":3,"logLevels":{},"enableDirectConnect":true,"strictSSL":true,"_":"65 more keys: [\"cacheDir\",\"port\",\"requestedCapabilities\",\"automationProtocol\",\"baseUrl\",\"waitforInterval\",\"waitforTimeout\",\"onReload\",\"beforeCommand\",\"afterCommand\",\"rootDir\",\"specs\",\"suites\",\"exclude\",\"groupLogsByTestSpec\",\"excludeDriverLogs\",\"bail\",\"framework\",\"reporters\",\"services\",\"maxInstances\",\"maxInstancesPerCapability\",\"injectGlobals\",\"filesToWatch\",\"execArgv\",\"runnerEnv\",\"runner\",\"shard\",\"specFileRetries\",\"specFileRetriesDelay\",\"specFileRetriesDeferred\",\"reporterSyncInterval\",\"reporterSyncTimeout\",\"cucumberFeaturesWithLineNumbers\",\"autoCompileOpts\",\"mochaOpts\",\"jasmineOpts\",\"cucumberOpts\",\"onPrepare\",\"onWorkerStart\",\"onWorkerEnd\",\"before\",\"beforeSession\",\"beforeSuite\",\"beforeHook\",\"beforeTest\",\"afterTest\",\"afterHook\",\"afterSuite\",\"afterSession\",\"after\",\"onComplete\",\"beforeAssertion\",\"afterAssertion\",\"beforeFeature\",\"beforeScenario\",\"beforeStep\",\"afterStep\",\"afterScenario\",\"afterFeature\",\"_\",\"suite\",\"$0\",\"ignoredWorkerServices\",\"wdi5\"]"}]}
COMMAND: POST /session/ce00c95ab29fd2b6dadc42a257eb6258/execute/async - {"script":"<script> [21126 bytes]","args":[35000]}
RESULT: {"script":"<script> [21126 bytes]","args":[35000]}
COMMAND: POST /session/ce00c95ab29fd2b6dadc42a257eb6258/element - {"using":"css selector","value":"#shell-header-logo"}
RESULT: {"using":"css selector","value":"#shell-header-logo"}
COMMAND: POST /session/ce00c95ab29fd2b6dadc42a257eb6258/element/f.24A06151E8A946319EB5CB98F2660F55.d.FA2A55981879D5F4F03F8461B191E5A4.e.1669/click - {}
RESULT: {}
COMMAND: GET /session/ce00c95ab29fd2b6dadc42a257eb6258/screenshot - {}
RESULT: {}
COMMAND: POST /session/ce00c95ab29fd2b6dadc42a257eb6258/execute/async - {"script":"<script> [1562 bytes]","args":[{"selector":{"controlType":"sap.ushell.ui.launchpad.AnchorItem","bindingPath":{"path":"/groups/6","propertyPath":"index"},"interaction":{"idSuffix":"inner"}},"wdio_ui5_key":"sapushell.ui.launchpad.AnchorItem{\"path\":\"/groups/6\",\"propertyPath\":\"index\"}"}]}
RESULT: {"script":"<script> [1562 bytes]","args":[{"selector":{"controlType":"sap.ushell.ui.launchpad.AnchorItem","bindingPath":{"path":"/groups/6","propertyPath":"index"},"interaction":{"idSuffix":"inner"}},"wdio_ui5_key":"sapushell.ui.launchpad.AnchorItem{\"path\":\"/groups/6\",\"propertyPath\":\"index\"}"}]}
RESULT: undefined
COMMAND: POST /session/ce00c95ab29fd2b6dadc42a257eb6258/element - {"using":"xpath","value":"//*[@id=\"__item98-anchorNavigationBar-6\"]"}
RESULT: {"using":"xpath","value":"//*[@id=\"__item98-anchorNavigationBar-6\"]"}
COMMAND: POST /session/ce00c95ab29fd2b6dadc42a257eb6258/element/f.24A06151E8A946319EB5CB98F2660F55.d.FA2A55981879D5F4F03F8461B191E5A4.e.2121/click - {}
RESULT: {}
COMMAND: GET /session/ce00c95ab29fd2b6dadc42a257eb6258/screenshot - {}
RESULT: {}
COMMAND: POST /session/ce00c95ab29fd2b6dadc42a257eb6258/execute/async - {"script":"<script> [1562 bytes]","args":[{"selector":{"controlType":"sap.m.GenericTile","properties":{"header":"ISC Orders"}},"wdio_ui5_key":"sapm.GenericTile{\"header\":\"ISC Orders\"}"}]}
RESULT: {"script":"<script> [1562 bytes]","args":[{"selector":{"controlType":"sap.m.GenericTile","properties":{"header":"ISC Orders"}},"wdio_ui5_key":"sapm.GenericTile{\"header\":\"ISC Orders\"}"}]}
RESULT: undefined
COMMAND: POST /session/ce00c95ab29fd2b6dadc42a257eb6258/element - {"using":"xpath","value":"//*[@id=\"__tile112\"]"}
RESULT: {"using":"xpath","value":"//*[@id=\"__tile112\"]"}
COMMAND: POST /session/ce00c95ab29fd2b6dadc42a257eb6258/element/f.24A06151E8A946319EB5CB98F2660F55.d.FA2A55981879D5F4F03F8461B191E5A4.e.2124/click - {}
RESULT: {}
COMMAND: GET /session/ce00c95ab29fd2b6dadc42a257eb6258/screenshot - {}
RESULT: {}
]]></system-out>
    </testcase>
  </testsuite>
  <testsuite timestamp="2025-05-01T16:45:53" time="336.674" tests="5" failures="0" errors="0" skipped="0">
    <properties>
      <property name="specId" value="0" />
      <property name="suiteName" value="Verify smart filtering on ISC orders US116616" />
      <property name="capabilities" value="chrome.135_0_7049_96.windows" />
      <property name="file" value="file:///D:/a/1/s/test/specs/ISC/filter-iscorder.spec.js" />
    </properties>
    <testcase classname="chrome.135_0_7049_96.windows.Verify_smart_filtering_on_ISC_orders_US116616" name="Should filter usign STATUS created" time="50.045">
      <system-out><![CDATA[
COMMAND: POST /session/ce00c95ab29fd2b6dadc42a257eb6258/execute/async - {"script":"<script> [1562 bytes]","args":[{"selector":{"controlType":"sap.ui.core.Icon","viewName":"etm.portal.ui.iscorders.view.Master","viewId":"application-iscorders-display-component---orderList","properties":{"src":{"regex":{"source":"slim\\-arrow\\-down"}}},"ancestor":{"controlType":"sap.m.MultiComboBox","viewName":"etm.portal.ui.iscorders.view.Master","viewId":"application-iscorders-display-component---orderList","labelFor":{"text":"Status"}}},"wdio_ui5_key":"etmportal.ui.iscorders.view.Mastersap.ui.core.Icon{\"src\":{\"regex\":{\"source\":\"slim\\\\-arrow\\\\-down\"}}}{\"controlType\":\"sap.m.MultiComboBox\",\"viewName\":\"etm.portal.ui.iscorders.view.Master\",\"viewId\":\"application-iscorders-display-component---orderList\",\"labelFor\":{\"text\":\"Status\"}}"}]}
RESULT: {"script":"<script> [1562 bytes]","args":[{"selector":{"controlType":"sap.ui.core.Icon","viewName":"etm.portal.ui.iscorders.view.Master","viewId":"application-iscorders-display-component---orderList","properties":{"src":{"regex":{"source":"slim\\-arrow\\-down"}}},"ancestor":{"controlType":"sap.m.MultiComboBox","viewName":"etm.portal.ui.iscorders.view.Master","viewId":"application-iscorders-display-component---orderList","labelFor":{"text":"Status"}}},"wdio_ui5_key":"etmportal.ui.iscorders.view.Mastersap.ui.core.Icon{\"src\":{\"regex\":{\"source\":\"slim\\\\-arrow\\\\-down\"}}}{\"controlType\":\"sap.m.MultiComboBox\",\"viewName\":\"etm.portal.ui.iscorders.view.Master\",\"viewId\":\"application-iscorders-display-component---orderList\",\"labelFor\":{\"text\":\"Status\"}}"}]}
RESULT: undefined
COMMAND: POST /session/ce00c95ab29fd2b6dadc42a257eb6258/element - {"using":"xpath","value":"//*[@id=\"__box22-arrow\"]"}
RESULT: {"using":"xpath","value":"//*[@id=\"__box22-arrow\"]"}
COMMAND: POST /session/ce00c95ab29fd2b6dadc42a257eb6258/element/f.24A06151E8A946319EB5CB98F2660F55.d.FA2A55981879D5F4F03F8461B191E5A4.e.2230/click - {}
RESULT: {}
COMMAND: POST /session/ce00c95ab29fd2b6dadc42a257eb6258/execute/async - {"script":"<script> [1562 bytes]","args":[{"selector":{"controlType":"sap.m.StandardListItem","viewName":"etm.portal.ui.iscorders.view.Master","viewId":"application-iscorders-display-component---orderList","properties":{"title":"created"},"searchOpenDialogs":true,"interaction":{"idSuffix":"titleText"}},"wdio_ui5_key":"etmportal.ui.iscorders.view.Mastersap.m.StandardListItem{\"title\":\"created\"}"}]}
COMMAND: GET /session/ce00c95ab29fd2b6dadc42a257eb6258/screenshot - {}
RESULT: {"script":"<script> [1562 bytes]","args":[{"selector":{"controlType":"sap.m.StandardListItem","viewName":"etm.portal.ui.iscorders.view.Master","viewId":"application-iscorders-display-component---orderList","properties":{"title":"created"},"searchOpenDialogs":true,"interaction":{"idSuffix":"titleText"}},"wdio_ui5_key":"etmportal.ui.iscorders.view.Mastersap.m.StandardListItem{\"title\":\"created\"}"}]}
RESULT: undefined
COMMAND: POST /session/ce00c95ab29fd2b6dadc42a257eb6258/element - {"using":"xpath","value":"//*[@id=\"__item127\"]"}
RESULT: {}
RESULT: {"using":"xpath","value":"//*[@id=\"__item127\"]"}
COMMAND: POST /session/ce00c95ab29fd2b6dadc42a257eb6258/element/f.24A06151E8A946319EB5CB98F2660F55.d.FA2A55981879D5F4F03F8461B191E5A4.e.2238/click - {}
RESULT: {}
COMMAND: GET /session/ce00c95ab29fd2b6dadc42a257eb6258/screenshot - {}
RESULT: {}
COMMAND: POST /session/ce00c95ab29fd2b6dadc42a257eb6258/execute/async - {"script":"<script> [1562 bytes]","args":[{"selector":{"controlType":"sap.m.Button","properties":{"text":"OK"},"searchOpenDialogs":true,"ancestor":{"controlType":"sap.m.Dialog","properties":{"icon":"sap-icon://alert"},"searchOpenDialogs":true},"interaction":{"idSuffix":"inner"}},"wdio_ui5_key":"sapm.Button{\"text\":\"OK\"}{\"controlType\":\"sap.m.Dialog\",\"properties\":{\"icon\":\"sap-icon://alert\"},\"searchOpenDialogs\":true}"}]}
RESULT: {"script":"<script> [1562 bytes]","args":[{"selector":{"controlType":"sap.m.Button","properties":{"text":"OK"},"searchOpenDialogs":true,"ancestor":{"controlType":"sap.m.Dialog","properties":{"icon":"sap-icon://alert"},"searchOpenDialogs":true},"interaction":{"idSuffix":"inner"}},"wdio_ui5_key":"sapm.Button{\"text\":\"OK\"}{\"controlType\":\"sap.m.Dialog\",\"properties\":{\"icon\":\"sap-icon://alert\"},\"searchOpenDialogs\":true}"}]}
RESULT: undefined
COMMAND: POST /session/ce00c95ab29fd2b6dadc42a257eb6258/execute/async - {"script":"<script> [1562 bytes]","args":[{"selector":{"controlType":"sap.ui.comp.smarttable.SmartTable","viewName":"etm.portal.ui.iscorders.view.Master","id":"application-iscorders-display-component---orderList--smartTable"},"wdio_ui5_key":"applicationiscorders-display-component---orderList--smartTableetm.portal.ui.iscorders.view.Mastersap.ui.comp.smarttable.SmartTable"}]}
RESULT: {"script":"<script> [1562 bytes]","args":[{"selector":{"controlType":"sap.ui.comp.smarttable.SmartTable","viewName":"etm.portal.ui.iscorders.view.Master","id":"application-iscorders-display-component---orderList--smartTable"},"wdio_ui5_key":"applicationiscorders-display-component---orderList--smartTableetm.portal.ui.iscorders.view.Mastersap.ui.comp.smarttable.SmartTable"}]}
RESULT: undefined
COMMAND: POST /session/ce00c95ab29fd2b6dadc42a257eb6258/execute/async - {"script":"<script> [6424 bytes]","args":[{"element-6066-11e4-a52e-4f735466cecf":"f.24A06151E8A946319EB5CB98F2660F55.d.FA2A55981879D5F4F03F8461B191E5A4.e.2360"},"getItems",[]]}
RESULT: {"script":"<script> [6424 bytes]","args":[{"element-6066-11e4-a52e-4f735466cecf":"f.24A06151E8A946319EB5CB98F2660F55.d.FA2A55981879D5F4F03F8461B191E5A4.e.2360"},"getItems",[]]}
COMMAND: POST /session/ce00c95ab29fd2b6dadc42a257eb6258/execute/async - {"script":"<script> [1562 bytes]","args":[{"wdio_ui5_key":"application-iscorders-display-component---orderList--customOrdersTable","selector":{"id":"application-iscorders-display-component---orderList--customOrdersTable"}}]}
RESULT: {"script":"<script> [1562 bytes]","args":[{"wdio_ui5_key":"application-iscorders-display-component---orderList--customOrdersTable","selector":{"id":"application-iscorders-display-component---orderList--customOrdersTable"}}]}
RESULT: undefined
COMMAND: POST /session/ce00c95ab29fd2b6dadc42a257eb6258/element - {"using":"css selector","value":"#shell-header-logo"}
RESULT: {"using":"css selector","value":"#shell-header-logo"}
COMMAND: POST /session/ce00c95ab29fd2b6dadc42a257eb6258/element/f.24A06151E8A946319EB5CB98F2660F55.d.FA2A55981879D5F4F03F8461B191E5A4.e.2128/click - {}
RESULT: {}
COMMAND: GET /session/ce00c95ab29fd2b6dadc42a257eb6258/screenshot - {}
RESULT: {}
COMMAND: POST /session/ce00c95ab29fd2b6dadc42a257eb6258/refresh - {}
RESULT: {}
COMMAND: GET /session/ce00c95ab29fd2b6dadc42a257eb6258/screenshot - {}
RESULT: {}
COMMAND: POST /session/ce00c95ab29fd2b6dadc42a257eb6258/refresh - {}
RESULT: {}
COMMAND: GET /session/ce00c95ab29fd2b6dadc42a257eb6258/screenshot - {}
RESULT: {}
COMMAND: POST /session/ce00c95ab29fd2b6dadc42a257eb6258/window/fullscreen - {}
RESULT: {}
COMMAND: POST /session/ce00c95ab29fd2b6dadc42a257eb6258/execute/async - {"script":"<script> [189 bytes]","args":[]}
RESULT: {"script":"<script> [189 bytes]","args":[]}
COMMAND: POST /session/ce00c95ab29fd2b6dadc42a257eb6258/execute/async - {"script":"<script> [123 bytes]","args":[]}
RESULT: {"script":"<script> [123 bytes]","args":[]}
COMMAND: POST /session/ce00c95ab29fd2b6dadc42a257eb6258/timeouts - {"script":"<number>"}
RESULT: {"script":"<number>"}
COMMAND: GET /session/ce00c95ab29fd2b6dadc42a257eb6258/timeouts - {}
RESULT: {}
RESULT: undefined
COMMAND: POST /session/ce00c95ab29fd2b6dadc42a257eb6258/execute/async - {"script":"<script> [2676 bytes]","args":[]}
RESULT: {"script":"<script> [2676 bytes]","args":[]}
COMMAND: POST /session/ce00c95ab29fd2b6dadc42a257eb6258/execute/async - {"script":"<script> [2342 bytes]","args":[{"protocol":"http","hostname":"0.0.0.0","path":"/","capabilities":{"browserName":"chrome","goog:chromeOptions":{"binary":"C:\\Program Files\\Google\\Chrome\\Application\\chrome.exe","args":["--start-maximized"]}},"logLevel":"warn","connectionRetryTimeout":120000,"connectionRetryCount":3,"logLevels":{},"enableDirectConnect":true,"strictSSL":true,"_":"65 more keys: [\"cacheDir\",\"port\",\"requestedCapabilities\",\"automationProtocol\",\"baseUrl\",\"waitforInterval\",\"waitforTimeout\",\"onReload\",\"beforeCommand\",\"afterCommand\",\"rootDir\",\"specs\",\"suites\",\"exclude\",\"groupLogsByTestSpec\",\"excludeDriverLogs\",\"bail\",\"framework\",\"reporters\",\"services\",\"maxInstances\",\"maxInstancesPerCapability\",\"injectGlobals\",\"filesToWatch\",\"execArgv\",\"runnerEnv\",\"runner\",\"shard\",\"specFileRetries\",\"specFileRetriesDelay\",\"specFileRetriesDeferred\",\"reporterSyncInterval\",\"reporterSyncTimeout\",\"cucumberFeaturesWithLineNumbers\",\"autoCompileOpts\",\"mochaOpts\",\"jasmineOpts\",\"cucumberOpts\",\"onPrepare\",\"onWorkerStart\",\"onWorkerEnd\",\"before\",\"beforeSession\",\"beforeSuite\",\"beforeHook\",\"beforeTest\",\"afterTest\",\"afterHook\",\"afterSuite\",\"afterSession\",\"after\",\"onComplete\",\"beforeAssertion\",\"afterAssertion\",\"beforeFeature\",\"beforeScenario\",\"beforeStep\",\"afterStep\",\"afterScenario\",\"afterFeature\",\"_\",\"suite\",\"$0\",\"ignoredWorkerServices\",\"wdi5\"]"}]}
RESULT: {"script":"<script> [2342 bytes]","args":[{"protocol":"http","hostname":"0.0.0.0","path":"/","capabilities":{"browserName":"chrome","goog:chromeOptions":{"binary":"C:\\Program Files\\Google\\Chrome\\Application\\chrome.exe","args":["--start-maximized"]}},"logLevel":"warn","connectionRetryTimeout":120000,"connectionRetryCount":3,"logLevels":{},"enableDirectConnect":true,"strictSSL":true,"_":"65 more keys: [\"cacheDir\",\"port\",\"requestedCapabilities\",\"automationProtocol\",\"baseUrl\",\"waitforInterval\",\"waitforTimeout\",\"onReload\",\"beforeCommand\",\"afterCommand\",\"rootDir\",\"specs\",\"suites\",\"exclude\",\"groupLogsByTestSpec\",\"excludeDriverLogs\",\"bail\",\"framework\",\"reporters\",\"services\",\"maxInstances\",\"maxInstancesPerCapability\",\"injectGlobals\",\"filesToWatch\",\"execArgv\",\"runnerEnv\",\"runner\",\"shard\",\"specFileRetries\",\"specFileRetriesDelay\",\"specFileRetriesDeferred\",\"reporterSyncInterval\",\"reporterSyncTimeout\",\"cucumberFeaturesWithLineNumbers\",\"autoCompileOpts\",\"mochaOpts\",\"jasmineOpts\",\"cucumberOpts\",\"onPrepare\",\"onWorkerStart\",\"onWorkerEnd\",\"before\",\"beforeSession\",\"beforeSuite\",\"beforeHook\",\"beforeTest\",\"afterTest\",\"afterHook\",\"afterSuite\",\"afterSession\",\"after\",\"onComplete\",\"beforeAssertion\",\"afterAssertion\",\"beforeFeature\",\"beforeScenario\",\"beforeStep\",\"afterStep\",\"afterScenario\",\"afterFeature\",\"_\",\"suite\",\"$0\",\"ignoredWorkerServices\",\"wdi5\"]"}]}
COMMAND: POST /session/ce00c95ab29fd2b6dadc42a257eb6258/execute/async - {"script":"<script> [21126 bytes]","args":[35000]}
RESULT: {"script":"<script> [21126 bytes]","args":[35000]}
]]></system-out>
    </testcase>
    <testcase classname="chrome.135_0_7049_96.windows.Verify_smart_filtering_on_ISC_orders_US116616" name="Should filter usign STATUS confirmed" time="58.849">
      <system-out><![CDATA[
COMMAND: POST /session/ce00c95ab29fd2b6dadc42a257eb6258/execute/async - {"script":"<script> [1562 bytes]","args":[{"selector":{"controlType":"sap.m.GenericTile","properties":{"header":"ISC Orders"}},"wdio_ui5_key":"sapm.GenericTile{\"header\":\"ISC Orders\"}"}]}
RESULT: {"script":"<script> [1562 bytes]","args":[{"selector":{"controlType":"sap.m.GenericTile","properties":{"header":"ISC Orders"}},"wdio_ui5_key":"sapm.GenericTile{\"header\":\"ISC Orders\"}"}]}
RESULT: undefined
COMMAND: POST /session/ce00c95ab29fd2b6dadc42a257eb6258/element - {"using":"xpath","value":"//*[@id=\"__tile108\"]"}
RESULT: {"using":"xpath","value":"//*[@id=\"__tile108\"]"}
COMMAND: POST /session/ce00c95ab29fd2b6dadc42a257eb6258/element/f.24A06151E8A946319EB5CB98F2660F55.d.42DC1B1288B4F93E8AEFAD395ED6671E.e.2506/click - {}
RESULT: {}
COMMAND: GET /session/ce00c95ab29fd2b6dadc42a257eb6258/screenshot - {}
COMMAND: POST /session/ce00c95ab29fd2b6dadc42a257eb6258/execute/async - {"script":"<script> [1562 bytes]","args":[{"selector":{"controlType":"sap.ui.core.Icon","viewName":"etm.portal.ui.iscorders.view.Master","viewId":"application-iscorders-display-component---orderList","properties":{"src":{"regex":{"source":"slim\\-arrow\\-down"}}},"ancestor":{"controlType":"sap.m.MultiComboBox","viewName":"etm.portal.ui.iscorders.view.Master","viewId":"application-iscorders-display-component---orderList","labelFor":{"text":"Status"}}},"wdio_ui5_key":"etmportal.ui.iscorders.view.Mastersap.ui.core.Icon{\"src\":{\"regex\":{\"source\":\"slim\\\\-arrow\\\\-down\"}}}{\"controlType\":\"sap.m.MultiComboBox\",\"viewName\":\"etm.portal.ui.iscorders.view.Master\",\"viewId\":\"application-iscorders-display-component---orderList\",\"labelFor\":{\"text\":\"Status\"}}"}]}
RESULT: {}
RESULT: {"script":"<script> [1562 bytes]","args":[{"selector":{"controlType":"sap.ui.core.Icon","viewName":"etm.portal.ui.iscorders.view.Master","viewId":"application-iscorders-display-component---orderList","properties":{"src":{"regex":{"source":"slim\\-arrow\\-down"}}},"ancestor":{"controlType":"sap.m.MultiComboBox","viewName":"etm.portal.ui.iscorders.view.Master","viewId":"application-iscorders-display-component---orderList","labelFor":{"text":"Status"}}},"wdio_ui5_key":"etmportal.ui.iscorders.view.Mastersap.ui.core.Icon{\"src\":{\"regex\":{\"source\":\"slim\\\\-arrow\\\\-down\"}}}{\"controlType\":\"sap.m.MultiComboBox\",\"viewName\":\"etm.portal.ui.iscorders.view.Master\",\"viewId\":\"application-iscorders-display-component---orderList\",\"labelFor\":{\"text\":\"Status\"}}"}]}
RESULT: undefined
COMMAND: POST /session/ce00c95ab29fd2b6dadc42a257eb6258/element - {"using":"xpath","value":"//*[@id=\"__box4-arrow\"]"}
RESULT: {"using":"xpath","value":"//*[@id=\"__box4-arrow\"]"}
COMMAND: POST /session/ce00c95ab29fd2b6dadc42a257eb6258/element/f.24A06151E8A946319EB5CB98F2660F55.d.42DC1B1288B4F93E8AEFAD395ED6671E.e.2602/click - {}
RESULT: {}
COMMAND: POST /session/ce00c95ab29fd2b6dadc42a257eb6258/execute/async - {"script":"<script> [1562 bytes]","args":[{"selector":{"controlType":"sap.m.StandardListItem","viewName":"etm.portal.ui.iscorders.view.Master","viewId":"application-iscorders-display-component---orderList","properties":{"title":"confirmed"},"searchOpenDialogs":true,"interaction":{"idSuffix":"titleText"}},"wdio_ui5_key":"etmportal.ui.iscorders.view.Mastersap.m.StandardListItem{\"title\":\"confirmed\"}"}]}
COMMAND: GET /session/ce00c95ab29fd2b6dadc42a257eb6258/screenshot - {}
RESULT: {"script":"<script> [1562 bytes]","args":[{"selector":{"controlType":"sap.m.StandardListItem","viewName":"etm.portal.ui.iscorders.view.Master","viewId":"application-iscorders-display-component---orderList","properties":{"title":"confirmed"},"searchOpenDialogs":true,"interaction":{"idSuffix":"titleText"}},"wdio_ui5_key":"etmportal.ui.iscorders.view.Mastersap.m.StandardListItem{\"title\":\"confirmed\"}"}]}
RESULT: undefined
COMMAND: POST /session/ce00c95ab29fd2b6dadc42a257eb6258/element - {"using":"xpath","value":"//*[@id=\"__item44\"]"}
RESULT: {}
RESULT: {"using":"xpath","value":"//*[@id=\"__item44\"]"}
COMMAND: POST /session/ce00c95ab29fd2b6dadc42a257eb6258/element/f.24A06151E8A946319EB5CB98F2660F55.d.42DC1B1288B4F93E8AEFAD395ED6671E.e.2612/click - {}
RESULT: {}
COMMAND: GET /session/ce00c95ab29fd2b6dadc42a257eb6258/screenshot - {}
RESULT: {}
COMMAND: POST /session/ce00c95ab29fd2b6dadc42a257eb6258/execute/async - {"script":"<script> [1562 bytes]","args":[{"selector":{"controlType":"sap.m.Button","properties":{"text":"OK"},"searchOpenDialogs":true,"ancestor":{"controlType":"sap.m.Dialog","properties":{"icon":"sap-icon://alert"},"searchOpenDialogs":true},"interaction":{"idSuffix":"inner"}},"wdio_ui5_key":"sapm.Button{\"text\":\"OK\"}{\"controlType\":\"sap.m.Dialog\",\"properties\":{\"icon\":\"sap-icon://alert\"},\"searchOpenDialogs\":true}"}]}
RESULT: {"script":"<script> [1562 bytes]","args":[{"selector":{"controlType":"sap.m.Button","properties":{"text":"OK"},"searchOpenDialogs":true,"ancestor":{"controlType":"sap.m.Dialog","properties":{"icon":"sap-icon://alert"},"searchOpenDialogs":true},"interaction":{"idSuffix":"inner"}},"wdio_ui5_key":"sapm.Button{\"text\":\"OK\"}{\"controlType\":\"sap.m.Dialog\",\"properties\":{\"icon\":\"sap-icon://alert\"},\"searchOpenDialogs\":true}"}]}
RESULT: undefined
COMMAND: POST /session/ce00c95ab29fd2b6dadc42a257eb6258/execute/async - {"script":"<script> [1562 bytes]","args":[{"selector":{"controlType":"sap.ui.comp.smarttable.SmartTable","viewName":"etm.portal.ui.iscorders.view.Master","id":"application-iscorders-display-component---orderList--smartTable"},"wdio_ui5_key":"applicationiscorders-display-component---orderList--smartTableetm.portal.ui.iscorders.view.Mastersap.ui.comp.smarttable.SmartTable"}]}
RESULT: {"script":"<script> [1562 bytes]","args":[{"selector":{"controlType":"sap.ui.comp.smarttable.SmartTable","viewName":"etm.portal.ui.iscorders.view.Master","id":"application-iscorders-display-component---orderList--smartTable"},"wdio_ui5_key":"applicationiscorders-display-component---orderList--smartTableetm.portal.ui.iscorders.view.Mastersap.ui.comp.smarttable.SmartTable"}]}
RESULT: undefined
COMMAND: POST /session/ce00c95ab29fd2b6dadc42a257eb6258/execute/async - {"script":"<script> [6424 bytes]","args":[{"element-6066-11e4-a52e-4f735466cecf":"f.24A06151E8A946319EB5CB98F2660F55.d.42DC1B1288B4F93E8AEFAD395ED6671E.e.2796"},"getItems",[]]}
RESULT: {"script":"<script> [6424 bytes]","args":[{"element-6066-11e4-a52e-4f735466cecf":"f.24A06151E8A946319EB5CB98F2660F55.d.42DC1B1288B4F93E8AEFAD395ED6671E.e.2796"},"getItems",[]]}
COMMAND: POST /session/ce00c95ab29fd2b6dadc42a257eb6258/execute/async - {"script":"<script> [1562 bytes]","args":[{"wdio_ui5_key":"application-iscorders-display-component---orderList--customOrdersTable","selector":{"id":"application-iscorders-display-component---orderList--customOrdersTable"}}]}
RESULT: {"script":"<script> [1562 bytes]","args":[{"wdio_ui5_key":"application-iscorders-display-component---orderList--customOrdersTable","selector":{"id":"application-iscorders-display-component---orderList--customOrdersTable"}}]}
RESULT: undefined
COMMAND: POST /session/ce00c95ab29fd2b6dadc42a257eb6258/element - {"using":"css selector","value":"#shell-header-logo"}
RESULT: {"using":"css selector","value":"#shell-header-logo"}
COMMAND: POST /session/ce00c95ab29fd2b6dadc42a257eb6258/element/f.24A06151E8A946319EB5CB98F2660F55.d.42DC1B1288B4F93E8AEFAD395ED6671E.e.2509/click - {}
RESULT: {}
COMMAND: GET /session/ce00c95ab29fd2b6dadc42a257eb6258/screenshot - {}
RESULT: {}
COMMAND: POST /session/ce00c95ab29fd2b6dadc42a257eb6258/refresh - {}
RESULT: {}
COMMAND: GET /session/ce00c95ab29fd2b6dadc42a257eb6258/screenshot - {}
RESULT: {}
COMMAND: POST /session/ce00c95ab29fd2b6dadc42a257eb6258/refresh - {}
RESULT: {}
COMMAND: GET /session/ce00c95ab29fd2b6dadc42a257eb6258/screenshot - {}
RESULT: {}
COMMAND: POST /session/ce00c95ab29fd2b6dadc42a257eb6258/window/fullscreen - {}
RESULT: {}
COMMAND: POST /session/ce00c95ab29fd2b6dadc42a257eb6258/execute/async - {"script":"<script> [189 bytes]","args":[]}
RESULT: {"script":"<script> [189 bytes]","args":[]}
COMMAND: POST /session/ce00c95ab29fd2b6dadc42a257eb6258/execute/async - {"script":"<script> [123 bytes]","args":[]}
RESULT: {"script":"<script> [123 bytes]","args":[]}
COMMAND: POST /session/ce00c95ab29fd2b6dadc42a257eb6258/timeouts - {"script":"<number>"}
RESULT: {"script":"<number>"}
COMMAND: GET /session/ce00c95ab29fd2b6dadc42a257eb6258/timeouts - {}
RESULT: {}
RESULT: undefined
COMMAND: POST /session/ce00c95ab29fd2b6dadc42a257eb6258/execute/async - {"script":"<script> [2676 bytes]","args":[]}
RESULT: {"script":"<script> [2676 bytes]","args":[]}
COMMAND: POST /session/ce00c95ab29fd2b6dadc42a257eb6258/execute/async - {"script":"<script> [2342 bytes]","args":[{"protocol":"http","hostname":"0.0.0.0","path":"/","capabilities":{"browserName":"chrome","goog:chromeOptions":{"binary":"C:\\Program Files\\Google\\Chrome\\Application\\chrome.exe","args":["--start-maximized"]}},"logLevel":"warn","connectionRetryTimeout":120000,"connectionRetryCount":3,"logLevels":{},"enableDirectConnect":true,"strictSSL":true,"_":"65 more keys: [\"cacheDir\",\"port\",\"requestedCapabilities\",\"automationProtocol\",\"baseUrl\",\"waitforInterval\",\"waitforTimeout\",\"onReload\",\"beforeCommand\",\"afterCommand\",\"rootDir\",\"specs\",\"suites\",\"exclude\",\"groupLogsByTestSpec\",\"excludeDriverLogs\",\"bail\",\"framework\",\"reporters\",\"services\",\"maxInstances\",\"maxInstancesPerCapability\",\"injectGlobals\",\"filesToWatch\",\"execArgv\",\"runnerEnv\",\"runner\",\"shard\",\"specFileRetries\",\"specFileRetriesDelay\",\"specFileRetriesDeferred\",\"reporterSyncInterval\",\"reporterSyncTimeout\",\"cucumberFeaturesWithLineNumbers\",\"autoCompileOpts\",\"mochaOpts\",\"jasmineOpts\",\"cucumberOpts\",\"onPrepare\",\"onWorkerStart\",\"onWorkerEnd\",\"before\",\"beforeSession\",\"beforeSuite\",\"beforeHook\",\"beforeTest\",\"afterTest\",\"afterHook\",\"afterSuite\",\"afterSession\",\"after\",\"onComplete\",\"beforeAssertion\",\"afterAssertion\",\"beforeFeature\",\"beforeScenario\",\"beforeStep\",\"afterStep\",\"afterScenario\",\"afterFeature\",\"_\",\"suite\",\"$0\",\"ignoredWorkerServices\",\"wdi5\"]"}]}
RESULT: {"script":"<script> [2342 bytes]","args":[{"protocol":"http","hostname":"0.0.0.0","path":"/","capabilities":{"browserName":"chrome","goog:chromeOptions":{"binary":"C:\\Program Files\\Google\\Chrome\\Application\\chrome.exe","args":["--start-maximized"]}},"logLevel":"warn","connectionRetryTimeout":120000,"connectionRetryCount":3,"logLevels":{},"enableDirectConnect":true,"strictSSL":true,"_":"65 more keys: [\"cacheDir\",\"port\",\"requestedCapabilities\",\"automationProtocol\",\"baseUrl\",\"waitforInterval\",\"waitforTimeout\",\"onReload\",\"beforeCommand\",\"afterCommand\",\"rootDir\",\"specs\",\"suites\",\"exclude\",\"groupLogsByTestSpec\",\"excludeDriverLogs\",\"bail\",\"framework\",\"reporters\",\"services\",\"maxInstances\",\"maxInstancesPerCapability\",\"injectGlobals\",\"filesToWatch\",\"execArgv\",\"runnerEnv\",\"runner\",\"shard\",\"specFileRetries\",\"specFileRetriesDelay\",\"specFileRetriesDeferred\",\"reporterSyncInterval\",\"reporterSyncTimeout\",\"cucumberFeaturesWithLineNumbers\",\"autoCompileOpts\",\"mochaOpts\",\"jasmineOpts\",\"cucumberOpts\",\"onPrepare\",\"onWorkerStart\",\"onWorkerEnd\",\"before\",\"beforeSession\",\"beforeSuite\",\"beforeHook\",\"beforeTest\",\"afterTest\",\"afterHook\",\"afterSuite\",\"afterSession\",\"after\",\"onComplete\",\"beforeAssertion\",\"afterAssertion\",\"beforeFeature\",\"beforeScenario\",\"beforeStep\",\"afterStep\",\"afterScenario\",\"afterFeature\",\"_\",\"suite\",\"$0\",\"ignoredWorkerServices\",\"wdi5\"]"}]}
COMMAND: POST /session/ce00c95ab29fd2b6dadc42a257eb6258/execute/async - {"script":"<script> [21126 bytes]","args":[35000]}
RESULT: {"script":"<script> [21126 bytes]","args":[35000]}
]]></system-out>
    </testcase>
    <testcase classname="chrome.135_0_7049_96.windows.Verify_smart_filtering_on_ISC_orders_US116616" name="Should filter usign STATUS confirm not OK" time="56.652">
      <system-out><![CDATA[
COMMAND: POST /session/ce00c95ab29fd2b6dadc42a257eb6258/execute/async - {"script":"<script> [1562 bytes]","args":[{"selector":{"controlType":"sap.m.GenericTile","properties":{"header":"ISC Orders"}},"wdio_ui5_key":"sapm.GenericTile{\"header\":\"ISC Orders\"}"}]}
RESULT: {"script":"<script> [1562 bytes]","args":[{"selector":{"controlType":"sap.m.GenericTile","properties":{"header":"ISC Orders"}},"wdio_ui5_key":"sapm.GenericTile{\"header\":\"ISC Orders\"}"}]}
RESULT: undefined
COMMAND: POST /session/ce00c95ab29fd2b6dadc42a257eb6258/element - {"using":"xpath","value":"//*[@id=\"__tile108\"]"}
RESULT: {"using":"xpath","value":"//*[@id=\"__tile108\"]"}
COMMAND: POST /session/ce00c95ab29fd2b6dadc42a257eb6258/element/f.24A06151E8A946319EB5CB98F2660F55.d.F0DA43AEA8503D0E1F7A49EF256E560B.e.2948/click - {}
RESULT: {}
COMMAND: GET /session/ce00c95ab29fd2b6dadc42a257eb6258/screenshot - {}
RESULT: {}
COMMAND: POST /session/ce00c95ab29fd2b6dadc42a257eb6258/execute/async - {"script":"<script> [1562 bytes]","args":[{"selector":{"controlType":"sap.ui.core.Icon","viewName":"etm.portal.ui.iscorders.view.Master","viewId":"application-iscorders-display-component---orderList","properties":{"src":{"regex":{"source":"slim\\-arrow\\-down"}}},"ancestor":{"controlType":"sap.m.MultiComboBox","viewName":"etm.portal.ui.iscorders.view.Master","viewId":"application-iscorders-display-component---orderList","labelFor":{"text":"Status"}}},"wdio_ui5_key":"etmportal.ui.iscorders.view.Mastersap.ui.core.Icon{\"src\":{\"regex\":{\"source\":\"slim\\\\-arrow\\\\-down\"}}}{\"controlType\":\"sap.m.MultiComboBox\",\"viewName\":\"etm.portal.ui.iscorders.view.Master\",\"viewId\":\"application-iscorders-display-component---orderList\",\"labelFor\":{\"text\":\"Status\"}}"}]}
RESULT: {"script":"<script> [1562 bytes]","args":[{"selector":{"controlType":"sap.ui.core.Icon","viewName":"etm.portal.ui.iscorders.view.Master","viewId":"application-iscorders-display-component---orderList","properties":{"src":{"regex":{"source":"slim\\-arrow\\-down"}}},"ancestor":{"controlType":"sap.m.MultiComboBox","viewName":"etm.portal.ui.iscorders.view.Master","viewId":"application-iscorders-display-component---orderList","labelFor":{"text":"Status"}}},"wdio_ui5_key":"etmportal.ui.iscorders.view.Mastersap.ui.core.Icon{\"src\":{\"regex\":{\"source\":\"slim\\\\-arrow\\\\-down\"}}}{\"controlType\":\"sap.m.MultiComboBox\",\"viewName\":\"etm.portal.ui.iscorders.view.Master\",\"viewId\":\"application-iscorders-display-component---orderList\",\"labelFor\":{\"text\":\"Status\"}}"}]}
RESULT: undefined
COMMAND: POST /session/ce00c95ab29fd2b6dadc42a257eb6258/element - {"using":"xpath","value":"//*[@id=\"__box4-arrow\"]"}
RESULT: {"using":"xpath","value":"//*[@id=\"__box4-arrow\"]"}
COMMAND: POST /session/ce00c95ab29fd2b6dadc42a257eb6258/element/f.24A06151E8A946319EB5CB98F2660F55.d.F0DA43AEA8503D0E1F7A49EF256E560B.e.3045/click - {}
RESULT: {}
COMMAND: POST /session/ce00c95ab29fd2b6dadc42a257eb6258/execute/async - {"script":"<script> [1562 bytes]","args":[{"selector":{"controlType":"sap.m.StandardListItem","viewName":"etm.portal.ui.iscorders.view.Master","viewId":"application-iscorders-display-component---orderList","properties":{"title":"confirm - not OK"},"searchOpenDialogs":true,"interaction":{"idSuffix":"titleText"}},"wdio_ui5_key":"etmportal.ui.iscorders.view.Mastersap.m.StandardListItem{\"title\":\"confirm - not OK\"}"}]}
COMMAND: GET /session/ce00c95ab29fd2b6dadc42a257eb6258/screenshot - {}
RESULT: {"script":"<script> [1562 bytes]","args":[{"selector":{"controlType":"sap.m.StandardListItem","viewName":"etm.portal.ui.iscorders.view.Master","viewId":"application-iscorders-display-component---orderList","properties":{"title":"confirm - not OK"},"searchOpenDialogs":true,"interaction":{"idSuffix":"titleText"}},"wdio_ui5_key":"etmportal.ui.iscorders.view.Mastersap.m.StandardListItem{\"title\":\"confirm - not OK\"}"}]}
RESULT: undefined
RESULT: {}
COMMAND: POST /session/ce00c95ab29fd2b6dadc42a257eb6258/execute/async - {"script":"<script> [1562 bytes]","args":[{"selector":{"controlType":"sap.m.Button","properties":{"text":"OK"},"searchOpenDialogs":true,"ancestor":{"controlType":"sap.m.Dialog","properties":{"icon":"sap-icon://alert"},"searchOpenDialogs":true},"interaction":{"idSuffix":"inner"}},"wdio_ui5_key":"sapm.Button{\"text\":\"OK\"}{\"controlType\":\"sap.m.Dialog\",\"properties\":{\"icon\":\"sap-icon://alert\"},\"searchOpenDialogs\":true}"}]}
RESULT: {"script":"<script> [1562 bytes]","args":[{"selector":{"controlType":"sap.m.Button","properties":{"text":"OK"},"searchOpenDialogs":true,"ancestor":{"controlType":"sap.m.Dialog","properties":{"icon":"sap-icon://alert"},"searchOpenDialogs":true},"interaction":{"idSuffix":"inner"}},"wdio_ui5_key":"sapm.Button{\"text\":\"OK\"}{\"controlType\":\"sap.m.Dialog\",\"properties\":{\"icon\":\"sap-icon://alert\"},\"searchOpenDialogs\":true}"}]}
RESULT: undefined
COMMAND: POST /session/ce00c95ab29fd2b6dadc42a257eb6258/execute/async - {"script":"<script> [1562 bytes]","args":[{"selector":{"controlType":"sap.ui.comp.smarttable.SmartTable","viewName":"etm.portal.ui.iscorders.view.Master","id":"application-iscorders-display-component---orderList--smartTable"},"wdio_ui5_key":"applicationiscorders-display-component---orderList--smartTableetm.portal.ui.iscorders.view.Mastersap.ui.comp.smarttable.SmartTable"}]}
RESULT: {"script":"<script> [1562 bytes]","args":[{"selector":{"controlType":"sap.ui.comp.smarttable.SmartTable","viewName":"etm.portal.ui.iscorders.view.Master","id":"application-iscorders-display-component---orderList--smartTable"},"wdio_ui5_key":"applicationiscorders-display-component---orderList--smartTableetm.portal.ui.iscorders.view.Mastersap.ui.comp.smarttable.SmartTable"}]}
RESULT: undefined
COMMAND: POST /session/ce00c95ab29fd2b6dadc42a257eb6258/execute/async - {"script":"<script> [6424 bytes]","args":[{"element-6066-11e4-a52e-4f735466cecf":"f.24A06151E8A946319EB5CB98F2660F55.d.F0DA43AEA8503D0E1F7A49EF256E560B.e.3054"},"getItems",[]]}
RESULT: {"script":"<script> [6424 bytes]","args":[{"element-6066-11e4-a52e-4f735466cecf":"f.24A06151E8A946319EB5CB98F2660F55.d.F0DA43AEA8503D0E1F7A49EF256E560B.e.3054"},"getItems",[]]}
COMMAND: POST /session/ce00c95ab29fd2b6dadc42a257eb6258/execute/async - {"script":"<script> [1562 bytes]","args":[{"wdio_ui5_key":"application-iscorders-display-component---orderList--customOrdersTable","selector":{"id":"application-iscorders-display-component---orderList--customOrdersTable"}}]}
RESULT: {"script":"<script> [1562 bytes]","args":[{"wdio_ui5_key":"application-iscorders-display-component---orderList--customOrdersTable","selector":{"id":"application-iscorders-display-component---orderList--customOrdersTable"}}]}
RESULT: undefined
COMMAND: POST /session/ce00c95ab29fd2b6dadc42a257eb6258/element - {"using":"css selector","value":"#shell-header-logo"}
RESULT: {"using":"css selector","value":"#shell-header-logo"}
COMMAND: POST /session/ce00c95ab29fd2b6dadc42a257eb6258/element/f.24A06151E8A946319EB5CB98F2660F55.d.F0DA43AEA8503D0E1F7A49EF256E560B.e.2951/click - {}
RESULT: {}
COMMAND: GET /session/ce00c95ab29fd2b6dadc42a257eb6258/screenshot - {}
RESULT: {}
COMMAND: POST /session/ce00c95ab29fd2b6dadc42a257eb6258/refresh - {}
RESULT: {}
COMMAND: GET /session/ce00c95ab29fd2b6dadc42a257eb6258/screenshot - {}
RESULT: {}
COMMAND: POST /session/ce00c95ab29fd2b6dadc42a257eb6258/refresh - {}
RESULT: {}
COMMAND: GET /session/ce00c95ab29fd2b6dadc42a257eb6258/screenshot - {}
RESULT: {}
COMMAND: POST /session/ce00c95ab29fd2b6dadc42a257eb6258/window/fullscreen - {}
RESULT: {}
COMMAND: POST /session/ce00c95ab29fd2b6dadc42a257eb6258/execute/async - {"script":"<script> [189 bytes]","args":[]}
RESULT: {"script":"<script> [189 bytes]","args":[]}
COMMAND: POST /session/ce00c95ab29fd2b6dadc42a257eb6258/execute/async - {"script":"<script> [123 bytes]","args":[]}
RESULT: {"script":"<script> [123 bytes]","args":[]}
COMMAND: POST /session/ce00c95ab29fd2b6dadc42a257eb6258/timeouts - {"script":"<number>"}
RESULT: {"script":"<number>"}
COMMAND: GET /session/ce00c95ab29fd2b6dadc42a257eb6258/timeouts - {}
RESULT: {}
RESULT: undefined
COMMAND: POST /session/ce00c95ab29fd2b6dadc42a257eb6258/execute/async - {"script":"<script> [2676 bytes]","args":[]}
RESULT: {"script":"<script> [2676 bytes]","args":[]}
COMMAND: POST /session/ce00c95ab29fd2b6dadc42a257eb6258/execute/async - {"script":"<script> [2342 bytes]","args":[{"protocol":"http","hostname":"0.0.0.0","path":"/","capabilities":{"browserName":"chrome","goog:chromeOptions":{"binary":"C:\\Program Files\\Google\\Chrome\\Application\\chrome.exe","args":["--start-maximized"]}},"logLevel":"warn","connectionRetryTimeout":120000,"connectionRetryCount":3,"logLevels":{},"enableDirectConnect":true,"strictSSL":true,"_":"65 more keys: [\"cacheDir\",\"port\",\"requestedCapabilities\",\"automationProtocol\",\"baseUrl\",\"waitforInterval\",\"waitforTimeout\",\"onReload\",\"beforeCommand\",\"afterCommand\",\"rootDir\",\"specs\",\"suites\",\"exclude\",\"groupLogsByTestSpec\",\"excludeDriverLogs\",\"bail\",\"framework\",\"reporters\",\"services\",\"maxInstances\",\"maxInstancesPerCapability\",\"injectGlobals\",\"filesToWatch\",\"execArgv\",\"runnerEnv\",\"runner\",\"shard\",\"specFileRetries\",\"specFileRetriesDelay\",\"specFileRetriesDeferred\",\"reporterSyncInterval\",\"reporterSyncTimeout\",\"cucumberFeaturesWithLineNumbers\",\"autoCompileOpts\",\"mochaOpts\",\"jasmineOpts\",\"cucumberOpts\",\"onPrepare\",\"onWorkerStart\",\"onWorkerEnd\",\"before\",\"beforeSession\",\"beforeSuite\",\"beforeHook\",\"beforeTest\",\"afterTest\",\"afterHook\",\"afterSuite\",\"afterSession\",\"after\",\"onComplete\",\"beforeAssertion\",\"afterAssertion\",\"beforeFeature\",\"beforeScenario\",\"beforeStep\",\"afterStep\",\"afterScenario\",\"afterFeature\",\"_\",\"suite\",\"$0\",\"ignoredWorkerServices\",\"wdi5\"]"}]}
RESULT: {"script":"<script> [2342 bytes]","args":[{"protocol":"http","hostname":"0.0.0.0","path":"/","capabilities":{"browserName":"chrome","goog:chromeOptions":{"binary":"C:\\Program Files\\Google\\Chrome\\Application\\chrome.exe","args":["--start-maximized"]}},"logLevel":"warn","connectionRetryTimeout":120000,"connectionRetryCount":3,"logLevels":{},"enableDirectConnect":true,"strictSSL":true,"_":"65 more keys: [\"cacheDir\",\"port\",\"requestedCapabilities\",\"automationProtocol\",\"baseUrl\",\"waitforInterval\",\"waitforTimeout\",\"onReload\",\"beforeCommand\",\"afterCommand\",\"rootDir\",\"specs\",\"suites\",\"exclude\",\"groupLogsByTestSpec\",\"excludeDriverLogs\",\"bail\",\"framework\",\"reporters\",\"services\",\"maxInstances\",\"maxInstancesPerCapability\",\"injectGlobals\",\"filesToWatch\",\"execArgv\",\"runnerEnv\",\"runner\",\"shard\",\"specFileRetries\",\"specFileRetriesDelay\",\"specFileRetriesDeferred\",\"reporterSyncInterval\",\"reporterSyncTimeout\",\"cucumberFeaturesWithLineNumbers\",\"autoCompileOpts\",\"mochaOpts\",\"jasmineOpts\",\"cucumberOpts\",\"onPrepare\",\"onWorkerStart\",\"onWorkerEnd\",\"before\",\"beforeSession\",\"beforeSuite\",\"beforeHook\",\"beforeTest\",\"afterTest\",\"afterHook\",\"afterSuite\",\"afterSession\",\"after\",\"onComplete\",\"beforeAssertion\",\"afterAssertion\",\"beforeFeature\",\"beforeScenario\",\"beforeStep\",\"afterStep\",\"afterScenario\",\"afterFeature\",\"_\",\"suite\",\"$0\",\"ignoredWorkerServices\",\"wdi5\"]"}]}
COMMAND: POST /session/ce00c95ab29fd2b6dadc42a257eb6258/execute/async - {"script":"<script> [21126 bytes]","args":[35000]}
RESULT: {"script":"<script> [21126 bytes]","args":[35000]}
]]></system-out>
    </testcase>
    <testcase classname="chrome.135_0_7049_96.windows.Verify_smart_filtering_on_ISC_orders_US116616" name="Should filter usign STATUS canceled" time="55.764">
      <system-out><![CDATA[
COMMAND: POST /session/ce00c95ab29fd2b6dadc42a257eb6258/execute/async - {"script":"<script> [1562 bytes]","args":[{"selector":{"controlType":"sap.m.GenericTile","properties":{"header":"ISC Orders"}},"wdio_ui5_key":"sapm.GenericTile{\"header\":\"ISC Orders\"}"}]}
RESULT: {"script":"<script> [1562 bytes]","args":[{"selector":{"controlType":"sap.m.GenericTile","properties":{"header":"ISC Orders"}},"wdio_ui5_key":"sapm.GenericTile{\"header\":\"ISC Orders\"}"}]}
RESULT: undefined
COMMAND: POST /session/ce00c95ab29fd2b6dadc42a257eb6258/element - {"using":"xpath","value":"//*[@id=\"__tile108\"]"}
RESULT: {"using":"xpath","value":"//*[@id=\"__tile108\"]"}
COMMAND: POST /session/ce00c95ab29fd2b6dadc42a257eb6258/element/f.24A06151E8A946319EB5CB98F2660F55.d.816CE1B57C88E2AEE683220561C69F8F.e.3202/click - {}
RESULT: {}
COMMAND: GET /session/ce00c95ab29fd2b6dadc42a257eb6258/screenshot - {}
RESULT: {}
COMMAND: POST /session/ce00c95ab29fd2b6dadc42a257eb6258/execute/async - {"script":"<script> [1562 bytes]","args":[{"selector":{"controlType":"sap.ui.core.Icon","viewName":"etm.portal.ui.iscorders.view.Master","viewId":"application-iscorders-display-component---orderList","properties":{"src":{"regex":{"source":"slim\\-arrow\\-down"}}},"ancestor":{"controlType":"sap.m.MultiComboBox","viewName":"etm.portal.ui.iscorders.view.Master","viewId":"application-iscorders-display-component---orderList","labelFor":{"text":"Status"}}},"wdio_ui5_key":"etmportal.ui.iscorders.view.Mastersap.ui.core.Icon{\"src\":{\"regex\":{\"source\":\"slim\\\\-arrow\\\\-down\"}}}{\"controlType\":\"sap.m.MultiComboBox\",\"viewName\":\"etm.portal.ui.iscorders.view.Master\",\"viewId\":\"application-iscorders-display-component---orderList\",\"labelFor\":{\"text\":\"Status\"}}"}]}
RESULT: {"script":"<script> [1562 bytes]","args":[{"selector":{"controlType":"sap.ui.core.Icon","viewName":"etm.portal.ui.iscorders.view.Master","viewId":"application-iscorders-display-component---orderList","properties":{"src":{"regex":{"source":"slim\\-arrow\\-down"}}},"ancestor":{"controlType":"sap.m.MultiComboBox","viewName":"etm.portal.ui.iscorders.view.Master","viewId":"application-iscorders-display-component---orderList","labelFor":{"text":"Status"}}},"wdio_ui5_key":"etmportal.ui.iscorders.view.Mastersap.ui.core.Icon{\"src\":{\"regex\":{\"source\":\"slim\\\\-arrow\\\\-down\"}}}{\"controlType\":\"sap.m.MultiComboBox\",\"viewName\":\"etm.portal.ui.iscorders.view.Master\",\"viewId\":\"application-iscorders-display-component---orderList\",\"labelFor\":{\"text\":\"Status\"}}"}]}
RESULT: undefined
COMMAND: POST /session/ce00c95ab29fd2b6dadc42a257eb6258/element - {"using":"xpath","value":"//*[@id=\"__box4-arrow\"]"}
RESULT: {"using":"xpath","value":"//*[@id=\"__box4-arrow\"]"}
COMMAND: POST /session/ce00c95ab29fd2b6dadc42a257eb6258/element/f.24A06151E8A946319EB5CB98F2660F55.d.816CE1B57C88E2AEE683220561C69F8F.e.3302/click - {}
RESULT: {}
COMMAND: POST /session/ce00c95ab29fd2b6dadc42a257eb6258/execute/async - {"script":"<script> [1562 bytes]","args":[{"selector":{"controlType":"sap.m.StandardListItem","viewName":"etm.portal.ui.iscorders.view.Master","viewId":"application-iscorders-display-component---orderList","properties":{"title":"canceled"},"searchOpenDialogs":true,"interaction":{"idSuffix":"titleText"}},"wdio_ui5_key":"etmportal.ui.iscorders.view.Mastersap.m.StandardListItem{\"title\":\"canceled\"}"}]}
COMMAND: GET /session/ce00c95ab29fd2b6dadc42a257eb6258/screenshot - {}
RESULT: {"script":"<script> [1562 bytes]","args":[{"selector":{"controlType":"sap.m.StandardListItem","viewName":"etm.portal.ui.iscorders.view.Master","viewId":"application-iscorders-display-component---orderList","properties":{"title":"canceled"},"searchOpenDialogs":true,"interaction":{"idSuffix":"titleText"}},"wdio_ui5_key":"etmportal.ui.iscorders.view.Mastersap.m.StandardListItem{\"title\":\"canceled\"}"}]}
RESULT: undefined
COMMAND: POST /session/ce00c95ab29fd2b6dadc42a257eb6258/element - {"using":"xpath","value":"//*[@id=\"__item46\"]"}
RESULT: {}
RESULT: {"using":"xpath","value":"//*[@id=\"__item46\"]"}
COMMAND: POST /session/ce00c95ab29fd2b6dadc42a257eb6258/element/f.24A06151E8A946319EB5CB98F2660F55.d.816CE1B57C88E2AEE683220561C69F8F.e.3310/click - {}
RESULT: {}
COMMAND: GET /session/ce00c95ab29fd2b6dadc42a257eb6258/screenshot - {}
RESULT: {}
COMMAND: POST /session/ce00c95ab29fd2b6dadc42a257eb6258/execute/async - {"script":"<script> [1562 bytes]","args":[{"selector":{"controlType":"sap.m.Button","properties":{"text":"OK"},"searchOpenDialogs":true,"ancestor":{"controlType":"sap.m.Dialog","properties":{"icon":"sap-icon://alert"},"searchOpenDialogs":true},"interaction":{"idSuffix":"inner"}},"wdio_ui5_key":"sapm.Button{\"text\":\"OK\"}{\"controlType\":\"sap.m.Dialog\",\"properties\":{\"icon\":\"sap-icon://alert\"},\"searchOpenDialogs\":true}"}]}
RESULT: {"script":"<script> [1562 bytes]","args":[{"selector":{"controlType":"sap.m.Button","properties":{"text":"OK"},"searchOpenDialogs":true,"ancestor":{"controlType":"sap.m.Dialog","properties":{"icon":"sap-icon://alert"},"searchOpenDialogs":true},"interaction":{"idSuffix":"inner"}},"wdio_ui5_key":"sapm.Button{\"text\":\"OK\"}{\"controlType\":\"sap.m.Dialog\",\"properties\":{\"icon\":\"sap-icon://alert\"},\"searchOpenDialogs\":true}"}]}
RESULT: undefined
COMMAND: POST /session/ce00c95ab29fd2b6dadc42a257eb6258/execute/async - {"script":"<script> [1562 bytes]","args":[{"selector":{"controlType":"sap.ui.comp.smarttable.SmartTable","viewName":"etm.portal.ui.iscorders.view.Master","id":"application-iscorders-display-component---orderList--smartTable"},"wdio_ui5_key":"applicationiscorders-display-component---orderList--smartTableetm.portal.ui.iscorders.view.Mastersap.ui.comp.smarttable.SmartTable"}]}
RESULT: {"script":"<script> [1562 bytes]","args":[{"selector":{"controlType":"sap.ui.comp.smarttable.SmartTable","viewName":"etm.portal.ui.iscorders.view.Master","id":"application-iscorders-display-component---orderList--smartTable"},"wdio_ui5_key":"applicationiscorders-display-component---orderList--smartTableetm.portal.ui.iscorders.view.Mastersap.ui.comp.smarttable.SmartTable"}]}
RESULT: undefined
COMMAND: POST /session/ce00c95ab29fd2b6dadc42a257eb6258/execute/async - {"script":"<script> [6424 bytes]","args":[{"element-6066-11e4-a52e-4f735466cecf":"f.24A06151E8A946319EB5CB98F2660F55.d.816CE1B57C88E2AEE683220561C69F8F.e.3350"},"getItems",[]]}
RESULT: {"script":"<script> [6424 bytes]","args":[{"element-6066-11e4-a52e-4f735466cecf":"f.24A06151E8A946319EB5CB98F2660F55.d.816CE1B57C88E2AEE683220561C69F8F.e.3350"},"getItems",[]]}
COMMAND: POST /session/ce00c95ab29fd2b6dadc42a257eb6258/execute/async - {"script":"<script> [1562 bytes]","args":[{"wdio_ui5_key":"application-iscorders-display-component---orderList--customOrdersTable","selector":{"id":"application-iscorders-display-component---orderList--customOrdersTable"}}]}
RESULT: {"script":"<script> [1562 bytes]","args":[{"wdio_ui5_key":"application-iscorders-display-component---orderList--customOrdersTable","selector":{"id":"application-iscorders-display-component---orderList--customOrdersTable"}}]}
RESULT: undefined
COMMAND: POST /session/ce00c95ab29fd2b6dadc42a257eb6258/element - {"using":"css selector","value":"#shell-header-logo"}
RESULT: {"using":"css selector","value":"#shell-header-logo"}
COMMAND: POST /session/ce00c95ab29fd2b6dadc42a257eb6258/element/f.24A06151E8A946319EB5CB98F2660F55.d.816CE1B57C88E2AEE683220561C69F8F.e.3205/click - {}
RESULT: {}
COMMAND: GET /session/ce00c95ab29fd2b6dadc42a257eb6258/screenshot - {}
RESULT: {}
COMMAND: POST /session/ce00c95ab29fd2b6dadc42a257eb6258/refresh - {}
RESULT: {}
COMMAND: GET /session/ce00c95ab29fd2b6dadc42a257eb6258/screenshot - {}
RESULT: {}
COMMAND: POST /session/ce00c95ab29fd2b6dadc42a257eb6258/refresh - {}
RESULT: {}
COMMAND: GET /session/ce00c95ab29fd2b6dadc42a257eb6258/screenshot - {}
RESULT: {}
COMMAND: POST /session/ce00c95ab29fd2b6dadc42a257eb6258/window/fullscreen - {}
RESULT: {}
COMMAND: POST /session/ce00c95ab29fd2b6dadc42a257eb6258/execute/async - {"script":"<script> [189 bytes]","args":[]}
RESULT: {"script":"<script> [189 bytes]","args":[]}
COMMAND: POST /session/ce00c95ab29fd2b6dadc42a257eb6258/execute/async - {"script":"<script> [123 bytes]","args":[]}
RESULT: {"script":"<script> [123 bytes]","args":[]}
COMMAND: POST /session/ce00c95ab29fd2b6dadc42a257eb6258/timeouts - {"script":"<number>"}
RESULT: {"script":"<number>"}
COMMAND: GET /session/ce00c95ab29fd2b6dadc42a257eb6258/timeouts - {}
RESULT: {}
RESULT: undefined
COMMAND: POST /session/ce00c95ab29fd2b6dadc42a257eb6258/execute/async - {"script":"<script> [2676 bytes]","args":[]}
RESULT: {"script":"<script> [2676 bytes]","args":[]}
COMMAND: POST /session/ce00c95ab29fd2b6dadc42a257eb6258/execute/async - {"script":"<script> [2342 bytes]","args":[{"protocol":"http","hostname":"0.0.0.0","path":"/","capabilities":{"browserName":"chrome","goog:chromeOptions":{"binary":"C:\\Program Files\\Google\\Chrome\\Application\\chrome.exe","args":["--start-maximized"]}},"logLevel":"warn","connectionRetryTimeout":120000,"connectionRetryCount":3,"logLevels":{},"enableDirectConnect":true,"strictSSL":true,"_":"65 more keys: [\"cacheDir\",\"port\",\"requestedCapabilities\",\"automationProtocol\",\"baseUrl\",\"waitforInterval\",\"waitforTimeout\",\"onReload\",\"beforeCommand\",\"afterCommand\",\"rootDir\",\"specs\",\"suites\",\"exclude\",\"groupLogsByTestSpec\",\"excludeDriverLogs\",\"bail\",\"framework\",\"reporters\",\"services\",\"maxInstances\",\"maxInstancesPerCapability\",\"injectGlobals\",\"filesToWatch\",\"execArgv\",\"runnerEnv\",\"runner\",\"shard\",\"specFileRetries\",\"specFileRetriesDelay\",\"specFileRetriesDeferred\",\"reporterSyncInterval\",\"reporterSyncTimeout\",\"cucumberFeaturesWithLineNumbers\",\"autoCompileOpts\",\"mochaOpts\",\"jasmineOpts\",\"cucumberOpts\",\"onPrepare\",\"onWorkerStart\",\"onWorkerEnd\",\"before\",\"beforeSession\",\"beforeSuite\",\"beforeHook\",\"beforeTest\",\"afterTest\",\"afterHook\",\"afterSuite\",\"afterSession\",\"after\",\"onComplete\",\"beforeAssertion\",\"afterAssertion\",\"beforeFeature\",\"beforeScenario\",\"beforeStep\",\"afterStep\",\"afterScenario\",\"afterFeature\",\"_\",\"suite\",\"$0\",\"ignoredWorkerServices\",\"wdi5\"]"}]}
RESULT: {"script":"<script> [2342 bytes]","args":[{"protocol":"http","hostname":"0.0.0.0","path":"/","capabilities":{"browserName":"chrome","goog:chromeOptions":{"binary":"C:\\Program Files\\Google\\Chrome\\Application\\chrome.exe","args":["--start-maximized"]}},"logLevel":"warn","connectionRetryTimeout":120000,"connectionRetryCount":3,"logLevels":{},"enableDirectConnect":true,"strictSSL":true,"_":"65 more keys: [\"cacheDir\",\"port\",\"requestedCapabilities\",\"automationProtocol\",\"baseUrl\",\"waitforInterval\",\"waitforTimeout\",\"onReload\",\"beforeCommand\",\"afterCommand\",\"rootDir\",\"specs\",\"suites\",\"exclude\",\"groupLogsByTestSpec\",\"excludeDriverLogs\",\"bail\",\"framework\",\"reporters\",\"services\",\"maxInstances\",\"maxInstancesPerCapability\",\"injectGlobals\",\"filesToWatch\",\"execArgv\",\"runnerEnv\",\"runner\",\"shard\",\"specFileRetries\",\"specFileRetriesDelay\",\"specFileRetriesDeferred\",\"reporterSyncInterval\",\"reporterSyncTimeout\",\"cucumberFeaturesWithLineNumbers\",\"autoCompileOpts\",\"mochaOpts\",\"jasmineOpts\",\"cucumberOpts\",\"onPrepare\",\"onWorkerStart\",\"onWorkerEnd\",\"before\",\"beforeSession\",\"beforeSuite\",\"beforeHook\",\"beforeTest\",\"afterTest\",\"afterHook\",\"afterSuite\",\"afterSession\",\"after\",\"onComplete\",\"beforeAssertion\",\"afterAssertion\",\"beforeFeature\",\"beforeScenario\",\"beforeStep\",\"afterStep\",\"afterScenario\",\"afterFeature\",\"_\",\"suite\",\"$0\",\"ignoredWorkerServices\",\"wdi5\"]"}]}
COMMAND: POST /session/ce00c95ab29fd2b6dadc42a257eb6258/execute/async - {"script":"<script> [21126 bytes]","args":[35000]}
RESULT: {"script":"<script> [21126 bytes]","args":[35000]}
]]></system-out>
    </testcase>
    <testcase classname="chrome.135_0_7049_96.windows.Verify_smart_filtering_on_ISC_orders_US116616" name="Should filter usign STATUS released" time="29.199">
      <system-out><![CDATA[
COMMAND: POST /session/ce00c95ab29fd2b6dadc42a257eb6258/execute/async - {"script":"<script> [1562 bytes]","args":[{"selector":{"controlType":"sap.m.GenericTile","properties":{"header":"ISC Orders"}},"wdio_ui5_key":"sapm.GenericTile{\"header\":\"ISC Orders\"}"}]}
RESULT: {"script":"<script> [1562 bytes]","args":[{"selector":{"controlType":"sap.m.GenericTile","properties":{"header":"ISC Orders"}},"wdio_ui5_key":"sapm.GenericTile{\"header\":\"ISC Orders\"}"}]}
RESULT: undefined
COMMAND: POST /session/ce00c95ab29fd2b6dadc42a257eb6258/element - {"using":"xpath","value":"//*[@id=\"__tile108\"]"}
RESULT: {"using":"xpath","value":"//*[@id=\"__tile108\"]"}
COMMAND: POST /session/ce00c95ab29fd2b6dadc42a257eb6258/element/f.24A06151E8A946319EB5CB98F2660F55.d.1055A1580F8F34E2F51B54DF68F7613B.e.3387/click - {}
RESULT: {}
COMMAND: GET /session/ce00c95ab29fd2b6dadc42a257eb6258/screenshot - {}
RESULT: {}
COMMAND: POST /session/ce00c95ab29fd2b6dadc42a257eb6258/execute/async - {"script":"<script> [1562 bytes]","args":[{"selector":{"controlType":"sap.ui.core.Icon","viewName":"etm.portal.ui.iscorders.view.Master","viewId":"application-iscorders-display-component---orderList","properties":{"src":{"regex":{"source":"slim\\-arrow\\-down"}}},"ancestor":{"controlType":"sap.m.MultiComboBox","viewName":"etm.portal.ui.iscorders.view.Master","viewId":"application-iscorders-display-component---orderList","labelFor":{"text":"Status"}}},"wdio_ui5_key":"etmportal.ui.iscorders.view.Mastersap.ui.core.Icon{\"src\":{\"regex\":{\"source\":\"slim\\\\-arrow\\\\-down\"}}}{\"controlType\":\"sap.m.MultiComboBox\",\"viewName\":\"etm.portal.ui.iscorders.view.Master\",\"viewId\":\"application-iscorders-display-component---orderList\",\"labelFor\":{\"text\":\"Status\"}}"}]}
RESULT: {"script":"<script> [1562 bytes]","args":[{"selector":{"controlType":"sap.ui.core.Icon","viewName":"etm.portal.ui.iscorders.view.Master","viewId":"application-iscorders-display-component---orderList","properties":{"src":{"regex":{"source":"slim\\-arrow\\-down"}}},"ancestor":{"controlType":"sap.m.MultiComboBox","viewName":"etm.portal.ui.iscorders.view.Master","viewId":"application-iscorders-display-component---orderList","labelFor":{"text":"Status"}}},"wdio_ui5_key":"etmportal.ui.iscorders.view.Mastersap.ui.core.Icon{\"src\":{\"regex\":{\"source\":\"slim\\\\-arrow\\\\-down\"}}}{\"controlType\":\"sap.m.MultiComboBox\",\"viewName\":\"etm.portal.ui.iscorders.view.Master\",\"viewId\":\"application-iscorders-display-component---orderList\",\"labelFor\":{\"text\":\"Status\"}}"}]}
RESULT: undefined
COMMAND: POST /session/ce00c95ab29fd2b6dadc42a257eb6258/element - {"using":"xpath","value":"//*[@id=\"__box4-arrow\"]"}
RESULT: {"using":"xpath","value":"//*[@id=\"__box4-arrow\"]"}
COMMAND: POST /session/ce00c95ab29fd2b6dadc42a257eb6258/element/f.24A06151E8A946319EB5CB98F2660F55.d.1055A1580F8F34E2F51B54DF68F7613B.e.3600/click - {}
RESULT: {}
COMMAND: POST /session/ce00c95ab29fd2b6dadc42a257eb6258/execute/async - {"script":"<script> [1562 bytes]","args":[{"selector":{"controlType":"sap.m.StandardListItem","viewName":"etm.portal.ui.iscorders.view.Master","viewId":"application-iscorders-display-component---orderList","properties":{"title":"released"},"searchOpenDialogs":true,"interaction":{"idSuffix":"titleText"}},"wdio_ui5_key":"etmportal.ui.iscorders.view.Mastersap.m.StandardListItem{\"title\":\"released\"}"}]}
COMMAND: GET /session/ce00c95ab29fd2b6dadc42a257eb6258/screenshot - {}
RESULT: {"script":"<script> [1562 bytes]","args":[{"selector":{"controlType":"sap.m.StandardListItem","viewName":"etm.portal.ui.iscorders.view.Master","viewId":"application-iscorders-display-component---orderList","properties":{"title":"released"},"searchOpenDialogs":true,"interaction":{"idSuffix":"titleText"}},"wdio_ui5_key":"etmportal.ui.iscorders.view.Mastersap.m.StandardListItem{\"title\":\"released\"}"}]}
RESULT: undefined
COMMAND: POST /session/ce00c95ab29fd2b6dadc42a257eb6258/element - {"using":"xpath","value":"//*[@id=\"__item48\"]"}
RESULT: {}
RESULT: {"using":"xpath","value":"//*[@id=\"__item48\"]"}
COMMAND: POST /session/ce00c95ab29fd2b6dadc42a257eb6258/element/f.24A06151E8A946319EB5CB98F2660F55.d.1055A1580F8F34E2F51B54DF68F7613B.e.3610/click - {}
RESULT: {}
COMMAND: GET /session/ce00c95ab29fd2b6dadc42a257eb6258/screenshot - {}
RESULT: {}
COMMAND: POST /session/ce00c95ab29fd2b6dadc42a257eb6258/execute/async - {"script":"<script> [1562 bytes]","args":[{"selector":{"controlType":"sap.m.Button","properties":{"text":"OK"},"searchOpenDialogs":true,"ancestor":{"controlType":"sap.m.Dialog","properties":{"icon":"sap-icon://alert"},"searchOpenDialogs":true},"interaction":{"idSuffix":"inner"}},"wdio_ui5_key":"sapm.Button{\"text\":\"OK\"}{\"controlType\":\"sap.m.Dialog\",\"properties\":{\"icon\":\"sap-icon://alert\"},\"searchOpenDialogs\":true}"}]}
RESULT: {"script":"<script> [1562 bytes]","args":[{"selector":{"controlType":"sap.m.Button","properties":{"text":"OK"},"searchOpenDialogs":true,"ancestor":{"controlType":"sap.m.Dialog","properties":{"icon":"sap-icon://alert"},"searchOpenDialogs":true},"interaction":{"idSuffix":"inner"}},"wdio_ui5_key":"sapm.Button{\"text\":\"OK\"}{\"controlType\":\"sap.m.Dialog\",\"properties\":{\"icon\":\"sap-icon://alert\"},\"searchOpenDialogs\":true}"}]}
RESULT: undefined
COMMAND: POST /session/ce00c95ab29fd2b6dadc42a257eb6258/execute/async - {"script":"<script> [1562 bytes]","args":[{"selector":{"controlType":"sap.ui.comp.smarttable.SmartTable","viewName":"etm.portal.ui.iscorders.view.Master","id":"application-iscorders-display-component---orderList--smartTable"},"wdio_ui5_key":"applicationiscorders-display-component---orderList--smartTableetm.portal.ui.iscorders.view.Mastersap.ui.comp.smarttable.SmartTable"}]}
RESULT: {"script":"<script> [1562 bytes]","args":[{"selector":{"controlType":"sap.ui.comp.smarttable.SmartTable","viewName":"etm.portal.ui.iscorders.view.Master","id":"application-iscorders-display-component---orderList--smartTable"},"wdio_ui5_key":"applicationiscorders-display-component---orderList--smartTableetm.portal.ui.iscorders.view.Mastersap.ui.comp.smarttable.SmartTable"}]}
RESULT: undefined
COMMAND: POST /session/ce00c95ab29fd2b6dadc42a257eb6258/execute/async - {"script":"<script> [6424 bytes]","args":[{"element-6066-11e4-a52e-4f735466cecf":"f.24A06151E8A946319EB5CB98F2660F55.d.1055A1580F8F34E2F51B54DF68F7613B.e.3674"},"getItems",[]]}
RESULT: {"script":"<script> [6424 bytes]","args":[{"element-6066-11e4-a52e-4f735466cecf":"f.24A06151E8A946319EB5CB98F2660F55.d.1055A1580F8F34E2F51B54DF68F7613B.e.3674"},"getItems",[]]}
COMMAND: POST /session/ce00c95ab29fd2b6dadc42a257eb6258/execute/async - {"script":"<script> [1562 bytes]","args":[{"wdio_ui5_key":"application-iscorders-display-component---orderList--customOrdersTable","selector":{"id":"application-iscorders-display-component---orderList--customOrdersTable"}}]}
RESULT: {"script":"<script> [1562 bytes]","args":[{"wdio_ui5_key":"application-iscorders-display-component---orderList--customOrdersTable","selector":{"id":"application-iscorders-display-component---orderList--customOrdersTable"}}]}
RESULT: undefined
COMMAND: POST /session/ce00c95ab29fd2b6dadc42a257eb6258/element - {"using":"css selector","value":"#shell-header-logo"}
RESULT: {"using":"css selector","value":"#shell-header-logo"}
COMMAND: POST /session/ce00c95ab29fd2b6dadc42a257eb6258/element/f.24A06151E8A946319EB5CB98F2660F55.d.1055A1580F8F34E2F51B54DF68F7613B.e.3505/click - {}
RESULT: {}
COMMAND: GET /session/ce00c95ab29fd2b6dadc42a257eb6258/screenshot - {}
RESULT: {}
COMMAND: POST /session/ce00c95ab29fd2b6dadc42a257eb6258/element - {"using":"css selector","value":"#shell-header-logo"}
RESULT: {"using":"css selector","value":"#shell-header-logo"}
COMMAND: POST /session/ce00c95ab29fd2b6dadc42a257eb6258/element/f.24A06151E8A946319EB5CB98F2660F55.d.1055A1580F8F34E2F51B54DF68F7613B.e.3679/click - {}
RESULT: {}
COMMAND: GET /session/ce00c95ab29fd2b6dadc42a257eb6258/screenshot - {}
RESULT: {}
]]></system-out>
    </testcase>
  </testsuite>
  <testsuite timestamp="2025-05-01T16:51:30" time="181.48" tests="2" failures="0" errors="0" skipped="0">
    <properties>
      <property name="specId" value="0" />
      <property name="suiteName" value="Create and verify Order using template US151480" />
      <property name="capabilities" value="chrome.135_0_7049_96.windows" />
      <property name="file" value="file:///D:/a/1/s/test/specs/ISC/create-and-verify-order-using-template.spec.js" />
    </properties>
    <testcase classname="chrome.135_0_7049_96.windows.Create_and_verify_Order_using_template_US151480" name="Should create a new equipment" time="93.401">
      <system-out><![CDATA[
COMMAND: POST /session/ce00c95ab29fd2b6dadc42a257eb6258/execute/async - {"script":"<script> [1562 bytes]","args":[{"selector":{"controlType":"sap.m.GenericTile","properties":{"header":"Manage Resources"}},"wdio_ui5_key":"sapm.GenericTile{\"header\":\"Manage Resources\"}"}]}
RESULT: {"script":"<script> [1562 bytes]","args":[{"selector":{"controlType":"sap.m.GenericTile","properties":{"header":"Manage Resources"}},"wdio_ui5_key":"sapm.GenericTile{\"header\":\"Manage Resources\"}"}]}
RESULT: undefined
COMMAND: POST /session/ce00c95ab29fd2b6dadc42a257eb6258/element - {"using":"xpath","value":"//*[@id=\"__tile31\"]"}
RESULT: {"using":"xpath","value":"//*[@id=\"__tile31\"]"}
COMMAND: POST /session/ce00c95ab29fd2b6dadc42a257eb6258/element/f.24A06151E8A946319EB5CB98F2660F55.d.1055A1580F8F34E2F51B54DF68F7613B.e.3428/click - {}
RESULT: {}
COMMAND: GET /session/ce00c95ab29fd2b6dadc42a257eb6258/screenshot - {}
RESULT: {}
COMMAND: POST /session/ce00c95ab29fd2b6dadc42a257eb6258/element - {"using":"xpath","value":"//button[@data-kt=\"addNewRUOverflowToolbarButton\"]"}
RESULT: {"using":"xpath","value":"//button[@data-kt=\"addNewRUOverflowToolbarButton\"]"}
COMMAND: POST /session/ce00c95ab29fd2b6dadc42a257eb6258/execute/sync - {"script":"<script> [8489 bytes]","args":[{"element-6066-11e4-a52e-4f735466cecf":"f.24A06151E8A946319EB5CB98F2660F55.d.1055A1580F8F34E2F51B54DF68F7613B.e.3723","ELEMENT":"f.24A06151E8A946319EB5CB98F2660F55.d.1055A1580F8F34E2F51B54DF68F7613B.e.3723"}]}
RESULT: {"script":"<script> [8489 bytes]","args":[{"element-6066-11e4-a52e-4f735466cecf":"f.24A06151E8A946319EB5CB98F2660F55.d.1055A1580F8F34E2F51B54DF68F7613B.e.3723","ELEMENT":"f.24A06151E8A946319EB5CB98F2660F55.d.1055A1580F8F34E2F51B54DF68F7613B.e.3723"}]}
COMMAND: POST /session/ce00c95ab29fd2b6dadc42a257eb6258/element/f.24A06151E8A946319EB5CB98F2660F55.d.1055A1580F8F34E2F51B54DF68F7613B.e.3723/click - {}
COMMAND: GET /session/ce00c95ab29fd2b6dadc42a257eb6258/screenshot - {}
RESULT: {}
COMMAND: GET /session/ce00c95ab29fd2b6dadc42a257eb6258/screenshot - {}
COMMAND: POST /session/ce00c95ab29fd2b6dadc42a257eb6258/execute/async - {"script":"<script> [1562 bytes]","args":[{"selector":{"id":"application-manageresources-display-component---newResourceUnit--TYPE-arrow"},"wdio_ui5_key":"applicationmanageresources-display-component---newResourceUnit--TYPE-arrow"}]}
RESULT: {}
RESULT: {}
RESULT: {"script":"<script> [1562 bytes]","args":[{"selector":{"id":"application-manageresources-display-component---newResourceUnit--TYPE-arrow"},"wdio_ui5_key":"applicationmanageresources-display-component---newResourceUnit--TYPE-arrow"}]}
RESULT: undefined
COMMAND: POST /session/ce00c95ab29fd2b6dadc42a257eb6258/element - {"using":"xpath","value":"//*[@id=\"application-manageresources-display-component---newResourceUnit--TYPE-arrow\"]"}
RESULT: {"using":"xpath","value":"//*[@id=\"application-manageresources-display-component---newResourceUnit--TYPE-arrow\"]"}
COMMAND: POST /session/ce00c95ab29fd2b6dadc42a257eb6258/element/f.24A06151E8A946319EB5CB98F2660F55.d.1055A1580F8F34E2F51B54DF68F7613B.e.4081/click - {}
RESULT: {}
COMMAND: POST /session/ce00c95ab29fd2b6dadc42a257eb6258/execute/async - {"script":"<script> [1562 bytes]","args":[{"selector":{"controlType":"sap.m.StandardListItem","viewName":"reusables.view.manageresources.NewResourceUnit","viewId":"application-manageresources-display-component---newResourceUnit","properties":{"title":"Equipment"},"searchOpenDialogs":true,"interaction":{"idSuffix":"content"}},"wdio_ui5_key":"reusablesview.manageresources.NewResourceUnitsap.m.StandardListItem{\"title\":\"Equipment\"}"}]}
COMMAND: GET /session/ce00c95ab29fd2b6dadc42a257eb6258/screenshot - {}
RESULT: {"script":"<script> [1562 bytes]","args":[{"selector":{"controlType":"sap.m.StandardListItem","viewName":"reusables.view.manageresources.NewResourceUnit","viewId":"application-manageresources-display-component---newResourceUnit","properties":{"title":"Equipment"},"searchOpenDialogs":true,"interaction":{"idSuffix":"content"}},"wdio_ui5_key":"reusablesview.manageresources.NewResourceUnitsap.m.StandardListItem{\"title\":\"Equipment\"}"}]}
RESULT: undefined
COMMAND: POST /session/ce00c95ab29fd2b6dadc42a257eb6258/element - {"using":"xpath","value":"//*[@id=\"__item179\"]"}
RESULT: {}
RESULT: {"using":"xpath","value":"//*[@id=\"__item179\"]"}
COMMAND: POST /session/ce00c95ab29fd2b6dadc42a257eb6258/element/f.24A06151E8A946319EB5CB98F2660F55.d.1055A1580F8F34E2F51B54DF68F7613B.e.4084/click - {}
RESULT: {}
COMMAND: POST /session/ce00c95ab29fd2b6dadc42a257eb6258/execute/async - {"script":"<script> [1562 bytes]","args":[{"selector":{"id":"application-manageresources-display-component---newResourceUnit--resourceId","interaction":{"idSuffix":"inner"}},"wdio_ui5_key":"applicationmanageresources-display-component---newResourceUnit--resourceId"}]}
COMMAND: GET /session/ce00c95ab29fd2b6dadc42a257eb6258/screenshot - {}
RESULT: {"script":"<script> [1562 bytes]","args":[{"selector":{"id":"application-manageresources-display-component---newResourceUnit--resourceId","interaction":{"idSuffix":"inner"}},"wdio_ui5_key":"applicationmanageresources-display-component---newResourceUnit--resourceId"}]}
RESULT: undefined
COMMAND: POST /session/ce00c95ab29fd2b6dadc42a257eb6258/execute/async - {"script":"<script> [776 bytes]","args":[{"enterText":"WdIOIscEquipcm09","selector":{"id":"application-manageresources-display-component---newResourceUnit--resourceId","interaction":{"idSuffix":"inner"}},"clearTextFirst":true,"interactionType":"ENTER_TEXT"}]}
RESULT: {}
RESULT: {"script":"<script> [776 bytes]","args":[{"enterText":"WdIOIscEquipcm09","selector":{"id":"application-manageresources-display-component---newResourceUnit--resourceId","interaction":{"idSuffix":"inner"}},"clearTextFirst":true,"interactionType":"ENTER_TEXT"}]}
COMMAND: POST /session/ce00c95ab29fd2b6dadc42a257eb6258/execute/async - {"script":"<script> [1562 bytes]","args":[{"selector":{"id":"application-manageresources-display-component---newResourceUnit--SHORT_TEXT","interaction":{"idSuffix":"inner"}},"wdio_ui5_key":"applicationmanageresources-display-component---newResourceUnit--SHORT_TEXT"}]}
RESULT: {"script":"<script> [1562 bytes]","args":[{"selector":{"id":"application-manageresources-display-component---newResourceUnit--SHORT_TEXT","interaction":{"idSuffix":"inner"}},"wdio_ui5_key":"applicationmanageresources-display-component---newResourceUnit--SHORT_TEXT"}]}
RESULT: undefined
COMMAND: POST /session/ce00c95ab29fd2b6dadc42a257eb6258/execute/async - {"script":"<script> [776 bytes]","args":[{"enterText":"WdIOIscEquipcm09","selector":{"id":"application-manageresources-display-component---newResourceUnit--SHORT_TEXT","interaction":{"idSuffix":"inner"}},"clearTextFirst":true,"interactionType":"ENTER_TEXT"}]}
RESULT: {"script":"<script> [776 bytes]","args":[{"enterText":"WdIOIscEquipcm09","selector":{"id":"application-manageresources-display-component---newResourceUnit--SHORT_TEXT","interaction":{"idSuffix":"inner"}},"clearTextFirst":true,"interactionType":"ENTER_TEXT"}]}
COMMAND: POST /session/ce00c95ab29fd2b6dadc42a257eb6258/execute/async - {"script":"<script> [1562 bytes]","args":[{"selector":{"id":"application-manageresources-display-component---newResourceUnit--BASE_UNIT_OF_MEASURE","interaction":{"idSuffix":"inner"}},"wdio_ui5_key":"applicationmanageresources-display-component---newResourceUnit--BASE_UNIT_OF_MEASURE"}]}
RESULT: {"script":"<script> [1562 bytes]","args":[{"selector":{"id":"application-manageresources-display-component---newResourceUnit--BASE_UNIT_OF_MEASURE","interaction":{"idSuffix":"inner"}},"wdio_ui5_key":"applicationmanageresources-display-component---newResourceUnit--BASE_UNIT_OF_MEASURE"}]}
RESULT: undefined
COMMAND: POST /session/ce00c95ab29fd2b6dadc42a257eb6258/execute/async - {"script":"<script> [776 bytes]","args":[{"enterText":"Piece","selector":{"id":"application-manageresources-display-component---newResourceUnit--BASE_UNIT_OF_MEASURE","interaction":{"idSuffix":"inner"}},"clearTextFirst":true,"interactionType":"ENTER_TEXT"}]}
RESULT: {"script":"<script> [776 bytes]","args":[{"enterText":"Piece","selector":{"id":"application-manageresources-display-component---newResourceUnit--BASE_UNIT_OF_MEASURE","interaction":{"idSuffix":"inner"}},"clearTextFirst":true,"interactionType":"ENTER_TEXT"}]}
COMMAND: POST /session/ce00c95ab29fd2b6dadc42a257eb6258/execute/async - {"script":"<script> [1562 bytes]","args":[{"selector":{"id":"application-manageresources-display-component---newResourceUnit--WEIGHT_UNIT","interaction":{"idSuffix":"inner"}},"wdio_ui5_key":"applicationmanageresources-display-component---newResourceUnit--WEIGHT_UNIT"}]}
RESULT: {"script":"<script> [1562 bytes]","args":[{"selector":{"id":"application-manageresources-display-component---newResourceUnit--WEIGHT_UNIT","interaction":{"idSuffix":"inner"}},"wdio_ui5_key":"applicationmanageresources-display-component---newResourceUnit--WEIGHT_UNIT"}]}
RESULT: undefined
COMMAND: POST /session/ce00c95ab29fd2b6dadc42a257eb6258/execute/async - {"script":"<script> [776 bytes]","args":[{"enterText":"Gram","selector":{"id":"application-manageresources-display-component---newResourceUnit--WEIGHT_UNIT","interaction":{"idSuffix":"inner"}},"clearTextFirst":true,"interactionType":"ENTER_TEXT"}]}
RESULT: {"script":"<script> [776 bytes]","args":[{"enterText":"Gram","selector":{"id":"application-manageresources-display-component---newResourceUnit--WEIGHT_UNIT","interaction":{"idSuffix":"inner"}},"clearTextFirst":true,"interactionType":"ENTER_TEXT"}]}
COMMAND: POST /session/ce00c95ab29fd2b6dadc42a257eb6258/execute/async - {"script":"<script> [1562 bytes]","args":[{"selector":{"id":"application-manageresources-display-component---newResourceUnit--DIMENSION_UNIT","interaction":{"idSuffix":"inner"}},"wdio_ui5_key":"applicationmanageresources-display-component---newResourceUnit--DIMENSION_UNIT"}]}
RESULT: {"script":"<script> [1562 bytes]","args":[{"selector":{"id":"application-manageresources-display-component---newResourceUnit--DIMENSION_UNIT","interaction":{"idSuffix":"inner"}},"wdio_ui5_key":"applicationmanageresources-display-component---newResourceUnit--DIMENSION_UNIT"}]}
RESULT: undefined
COMMAND: POST /session/ce00c95ab29fd2b6dadc42a257eb6258/execute/async - {"script":"<script> [776 bytes]","args":[{"enterText":"Meter","selector":{"id":"application-manageresources-display-component---newResourceUnit--DIMENSION_UNIT","interaction":{"idSuffix":"inner"}},"clearTextFirst":true,"interactionType":"ENTER_TEXT"}]}
RESULT: {"script":"<script> [776 bytes]","args":[{"enterText":"Meter","selector":{"id":"application-manageresources-display-component---newResourceUnit--DIMENSION_UNIT","interaction":{"idSuffix":"inner"}},"clearTextFirst":true,"interactionType":"ENTER_TEXT"}]}
COMMAND: POST /session/ce00c95ab29fd2b6dadc42a257eb6258/execute/async - {"script":"<script> [1562 bytes]","args":[{"selector":{"id":"application-manageresources-display-component---newResourceUnit--newRRUPage-anchBar-application-manageresources-display-component---newResourceUnit--control-anchor","interaction":{"idSuffix":"BDI-content"}},"wdio_ui5_key":"applicationmanageresources-display-component---newResourceUnit--newRRUPage-anchBar-application-manageresources-display-component---newResourceUnit--control-anchor"}]}
RESULT: {"script":"<script> [1562 bytes]","args":[{"selector":{"id":"application-manageresources-display-component---newResourceUnit--newRRUPage-anchBar-application-manageresources-display-component---newResourceUnit--control-anchor","interaction":{"idSuffix":"BDI-content"}},"wdio_ui5_key":"applicationmanageresources-display-component---newResourceUnit--newRRUPage-anchBar-application-manageresources-display-component---newResourceUnit--control-anchor"}]}
RESULT: undefined
COMMAND: POST /session/ce00c95ab29fd2b6dadc42a257eb6258/element - {"using":"xpath","value":"//*[@id=\"application-manageresources-display-component---newResourceUnit--newRRUPage-anchBar-application-manageresources-display-component---newResourceUnit--control-anchor\"]"}
RESULT: {"using":"xpath","value":"//*[@id=\"application-manageresources-display-component---newResourceUnit--newRRUPage-anchBar-application-manageresources-display-component---newResourceUnit--control-anchor\"]"}
COMMAND: POST /session/ce00c95ab29fd2b6dadc42a257eb6258/element/f.24A06151E8A946319EB5CB98F2660F55.d.1055A1580F8F34E2F51B54DF68F7613B.e.4215/click - {}
RESULT: {}
COMMAND: POST /session/ce00c95ab29fd2b6dadc42a257eb6258/execute/async - {"script":"<script> [1562 bytes]","args":[{"selector":{"id":"application-manageresources-display-component---newResourceUnit--PLANNING_GROUP","interaction":{"idSuffix":"inner"}},"wdio_ui5_key":"applicationmanageresources-display-component---newResourceUnit--PLANNING_GROUP"}]}
COMMAND: GET /session/ce00c95ab29fd2b6dadc42a257eb6258/screenshot - {}
RESULT: {"script":"<script> [1562 bytes]","args":[{"selector":{"id":"application-manageresources-display-component---newResourceUnit--PLANNING_GROUP","interaction":{"idSuffix":"inner"}},"wdio_ui5_key":"applicationmanageresources-display-component---newResourceUnit--PLANNING_GROUP"}]}
RESULT: undefined
COMMAND: POST /session/ce00c95ab29fd2b6dadc42a257eb6258/execute/async - {"script":"<script> [776 bytes]","args":[{"enterText":"Heavy Equi","selector":{"id":"application-manageresources-display-component---newResourceUnit--PLANNING_GROUP","interaction":{"idSuffix":"inner"}},"clearTextFirst":true,"interactionType":"ENTER_TEXT"}]}
RESULT: {}
RESULT: {"script":"<script> [776 bytes]","args":[{"enterText":"Heavy Equi","selector":{"id":"application-manageresources-display-component---newResourceUnit--PLANNING_GROUP","interaction":{"idSuffix":"inner"}},"clearTextFirst":true,"interactionType":"ENTER_TEXT"}]}
COMMAND: POST /session/ce00c95ab29fd2b6dadc42a257eb6258/execute/async - {"script":"<script> [1562 bytes]","args":[{"selector":{"id":"application-manageresources-display-component---newResourceUnit--ITEM_TYPE-arrow"},"wdio_ui5_key":"applicationmanageresources-display-component---newResourceUnit--ITEM_TYPE-arrow"}]}
RESULT: {"script":"<script> [1562 bytes]","args":[{"selector":{"id":"application-manageresources-display-component---newResourceUnit--ITEM_TYPE-arrow"},"wdio_ui5_key":"applicationmanageresources-display-component---newResourceUnit--ITEM_TYPE-arrow"}]}
RESULT: undefined
COMMAND: POST /session/ce00c95ab29fd2b6dadc42a257eb6258/element - {"using":"xpath","value":"//*[@id=\"application-manageresources-display-component---newResourceUnit--ITEM_TYPE-arrow\"]"}
RESULT: {"using":"xpath","value":"//*[@id=\"application-manageresources-display-component---newResourceUnit--ITEM_TYPE-arrow\"]"}
COMMAND: POST /session/ce00c95ab29fd2b6dadc42a257eb6258/element/f.24A06151E8A946319EB5CB98F2660F55.d.1055A1580F8F34E2F51B54DF68F7613B.e.4222/click - {}
RESULT: {}
COMMAND: POST /session/ce00c95ab29fd2b6dadc42a257eb6258/execute/async - {"script":"<script> [1562 bytes]","args":[{"selector":{"controlType":"sap.m.StandardListItem","viewName":"reusables.view.manageresources.NewResourceUnit","viewId":"application-manageresources-display-component---newResourceUnit","properties":{"title":"Resource Unit"},"searchOpenDialogs":true,"interaction":{"idSuffix":"titleText"}},"wdio_ui5_key":"reusablesview.manageresources.NewResourceUnitsap.m.StandardListItem{\"title\":\"Resource Unit\"}"}]}
COMMAND: GET /session/ce00c95ab29fd2b6dadc42a257eb6258/screenshot - {}
RESULT: {"script":"<script> [1562 bytes]","args":[{"selector":{"controlType":"sap.m.StandardListItem","viewName":"reusables.view.manageresources.NewResourceUnit","viewId":"application-manageresources-display-component---newResourceUnit","properties":{"title":"Resource Unit"},"searchOpenDialogs":true,"interaction":{"idSuffix":"titleText"}},"wdio_ui5_key":"reusablesview.manageresources.NewResourceUnitsap.m.StandardListItem{\"title\":\"Resource Unit\"}"}]}
RESULT: undefined
COMMAND: POST /session/ce00c95ab29fd2b6dadc42a257eb6258/element - {"using":"xpath","value":"//*[@id=\"__item248\"]"}
RESULT: {}
RESULT: {"using":"xpath","value":"//*[@id=\"__item248\"]"}
COMMAND: POST /session/ce00c95ab29fd2b6dadc42a257eb6258/element/f.24A06151E8A946319EB5CB98F2660F55.d.1055A1580F8F34E2F51B54DF68F7613B.e.4224/click - {}
RESULT: {}
COMMAND: POST /session/ce00c95ab29fd2b6dadc42a257eb6258/element - {"using":"xpath","value":"//bdi[contains(text(), \"Time Segment\")]"}
COMMAND: GET /session/ce00c95ab29fd2b6dadc42a257eb6258/screenshot - {}
RESULT: {"using":"xpath","value":"//bdi[contains(text(), \"Time Segment\")]"}
COMMAND: GET /session/ce00c95ab29fd2b6dadc42a257eb6258/element/f.24A06151E8A946319EB5CB98F2660F55.d.1055A1580F8F34E2F51B54DF68F7613B.e.4225/rect - {}
RESULT: {}
RESULT: {}
COMMAND: GET /session/ce00c95ab29fd2b6dadc42a257eb6258/window/rect - {}
RESULT: {}
COMMAND: POST /session/ce00c95ab29fd2b6dadc42a257eb6258/execute/sync - {"script":"<script> [92 bytes]","args":[]}
RESULT: {"script":"<script> [92 bytes]","args":[]}
COMMAND: POST /session/ce00c95ab29fd2b6dadc42a257eb6258/actions - {"actions":[{"id":"action4","type":"wheel","parameters":{},"actions":[{"type":"scroll","x":-1804,"y":-21,"deltaX":0,"deltaY":0,"duration":0,"origin":{"element-6066-11e4-a52e-4f735466cecf":"f.24A06151E8A946319EB5CB98F2660F55.d.1055A1580F8F34E2F51B54DF68F7613B.e.4225"}}]}]}
COMMAND: GET /session/ce00c95ab29fd2b6dadc42a257eb6258/screenshot - {}
RESULT: {}
COMMAND: POST /session/ce00c95ab29fd2b6dadc42a257eb6258/execute/sync - {"script":"<script> [79 bytes]","args":[{"element-6066-11e4-a52e-4f735466cecf":"f.24A06151E8A946319EB5CB98F2660F55.d.1055A1580F8F34E2F51B54DF68F7613B.e.4225","ELEMENT":"f.24A06151E8A946319EB5CB98F2660F55.d.1055A1580F8F34E2F51B54DF68F7613B.e.4225"},{"block":"start","inline":"nearest"}]}
RESULT: {"script":"<script> [79 bytes]","args":[{"element-6066-11e4-a52e-4f735466cecf":"f.24A06151E8A946319EB5CB98F2660F55.d.1055A1580F8F34E2F51B54DF68F7613B.e.4225","ELEMENT":"f.24A06151E8A946319EB5CB98F2660F55.d.1055A1580F8F34E2F51B54DF68F7613B.e.4225"},{"block":"start","inline":"nearest"}]}
COMMAND: POST /session/ce00c95ab29fd2b6dadc42a257eb6258/execute/async - {"script":"<script> [1562 bytes]","args":[{"selector":{"id":"application-manageresources-display-component---newResourceUnit--btnAddTimeSegment-img"},"wdio_ui5_key":"applicationmanageresources-display-component---newResourceUnit--btnAddTimeSegment-img"}]}
COMMAND: GET /session/ce00c95ab29fd2b6dadc42a257eb6258/screenshot - {}
RESULT: {"script":"<script> [1562 bytes]","args":[{"selector":{"id":"application-manageresources-display-component---newResourceUnit--btnAddTimeSegment-img"},"wdio_ui5_key":"applicationmanageresources-display-component---newResourceUnit--btnAddTimeSegment-img"}]}
RESULT: undefined
COMMAND: POST /session/ce00c95ab29fd2b6dadc42a257eb6258/element - {"using":"xpath","value":"//*[@id=\"application-manageresources-display-component---newResourceUnit--btnAddTimeSegment-img\"]"}
RESULT: {}
RESULT: {"using":"xpath","value":"//*[@id=\"application-manageresources-display-component---newResourceUnit--btnAddTimeSegment-img\"]"}
COMMAND: POST /session/ce00c95ab29fd2b6dadc42a257eb6258/element/f.24A06151E8A946319EB5CB98F2660F55.d.1055A1580F8F34E2F51B54DF68F7613B.e.4228/click - {}
RESULT: {}
COMMAND: GET /session/ce00c95ab29fd2b6dadc42a257eb6258/screenshot - {}
RESULT: {}
COMMAND: POST /session/ce00c95ab29fd2b6dadc42a257eb6258/element - {"using":"xpath","value":"//input[@id=\"application-manageresources-display-component---newResourceUnit--idRuTSAdmin-application-manageresources-display-component---newResourceUnit--RUTimeSegment-0-inner\"]"}
RESULT: {"using":"xpath","value":"//input[@id=\"application-manageresources-display-component---newResourceUnit--idRuTSAdmin-application-manageresources-display-component---newResourceUnit--RUTimeSegment-0-inner\"]"}
COMMAND: POST /session/ce00c95ab29fd2b6dadc42a257eb6258/element/f.24A06151E8A946319EB5CB98F2660F55.d.1055A1580F8F34E2F51B54DF68F7613B.e.4232/clear - {}
RESULT: {}
COMMAND: POST /session/ce00c95ab29fd2b6dadc42a257eb6258/element/f.24A06151E8A946319EB5CB98F2660F55.d.1055A1580F8F34E2F51B54DF68F7613B.e.4232/value - {"text":"webdriveryard"}
COMMAND: GET /session/ce00c95ab29fd2b6dadc42a257eb6258/screenshot - {}
RESULT: {"text":"webdriveryard"}
COMMAND: GET /session/ce00c95ab29fd2b6dadc42a257eb6258/screenshot - {}
RESULT: {}
RESULT: {}
COMMAND: POST /session/ce00c95ab29fd2b6dadc42a257eb6258/actions - {"actions":[{"id":"action5","type":"key","parameters":{},"actions":[{"type":"keyDown","value":"î€‡"},{"type":"pause","duration":10},{"type":"keyUp","value":"î€‡"}]}]}
RESULT: {"actions":[{"id":"action5","type":"key","parameters":{},"actions":[{"type":"keyDown","value":"î€‡"},{"type":"pause","duration":10},{"type":"keyUp","value":"î€‡"}]}]}
COMMAND: POST /session/ce00c95ab29fd2b6dadc42a257eb6258/execute/async - {"script":"<script> [1562 bytes]","args":[{"selector":{"controlType":"sap.ui.core.Icon","viewName":"reusables.view.manageresources.NewResourceUnit","viewId":"application-manageresources-display-component---newResourceUnit","properties":{"src":{"regex":{"source":"slim\\-arrow\\-down"}}},"ancestor":{"controlType":"sap.m.ComboBox","viewName":"reusables.view.manageresources.NewResourceUnit","viewId":"application-manageresources-display-component---newResourceUnit","bindingPath":{"path":"/RESOURCE_UNIT_TIME_SEQUENCES/0","propertyPath":"COST_OBJECT_ADMIN_CST_TYPE","modelName":"oNewRruModel"}}},"wdio_ui5_key":"reusablesview.manageresources.NewResourceUnitsap.ui.core.Icon{\"src\":{\"regex\":{\"source\":\"slim\\\\-arrow\\\\-down\"}}}{\"controlType\":\"sap.m.ComboBox\",\"viewName\":\"reusables.view.manageresources.NewResourceUnit\",\"viewId\":\"application-manageresources-display-component---newResourceUnit\",\"bindingPath\":{\"path\":\"/RESOURCE_UNIT_TIME_SEQUENCES/0\",\"propertyPath\":\"COST_OBJECT_ADMIN_CST_TYPE\",\"modelName\":\"oNewRruModel\"}}"}]}
COMMAND: GET /session/ce00c95ab29fd2b6dadc42a257eb6258/screenshot - {}
RESULT: {"script":"<script> [1562 bytes]","args":[{"selector":{"controlType":"sap.ui.core.Icon","viewName":"reusables.view.manageresources.NewResourceUnit","viewId":"application-manageresources-display-component---newResourceUnit","properties":{"src":{"regex":{"source":"slim\\-arrow\\-down"}}},"ancestor":{"controlType":"sap.m.ComboBox","viewName":"reusables.view.manageresources.NewResourceUnit","viewId":"application-manageresources-display-component---newResourceUnit","bindingPath":{"path":"/RESOURCE_UNIT_TIME_SEQUENCES/0","propertyPath":"COST_OBJECT_ADMIN_CST_TYPE","modelName":"oNewRruModel"}}},"wdio_ui5_key":"reusablesview.manageresources.NewResourceUnitsap.ui.core.Icon{\"src\":{\"regex\":{\"source\":\"slim\\\\-arrow\\\\-down\"}}}{\"controlType\":\"sap.m.ComboBox\",\"viewName\":\"reusables.view.manageresources.NewResourceUnit\",\"viewId\":\"application-manageresources-display-component---newResourceUnit\",\"bindingPath\":{\"path\":\"/RESOURCE_UNIT_TIME_SEQUENCES/0\",\"propertyPath\":\"COST_OBJECT_ADMIN_CST_TYPE\",\"modelName\":\"oNewRruModel\"}}"}]}
RESULT: undefined
COMMAND: POST /session/ce00c95ab29fd2b6dadc42a257eb6258/element - {"using":"xpath","value":"//*[@id=\"__box12-application-manageresources-display-component---newResourceUnit--RUTimeSegment-0-arrow\"]"}
RESULT: {}
RESULT: {"using":"xpath","value":"//*[@id=\"__box12-application-manageresources-display-component---newResourceUnit--RUTimeSegment-0-arrow\"]"}
COMMAND: POST /session/ce00c95ab29fd2b6dadc42a257eb6258/element/f.24A06151E8A946319EB5CB98F2660F55.d.1055A1580F8F34E2F51B54DF68F7613B.e.4246/click - {}
RESULT: {}
COMMAND: POST /session/ce00c95ab29fd2b6dadc42a257eb6258/execute/async - {"script":"<script> [1562 bytes]","args":[{"selector":{"controlType":"sap.m.StandardListItem","viewName":"reusables.view.manageresources.NewResourceUnit","viewId":"application-manageresources-display-component---newResourceUnit","properties":{"title":"PM Order"},"searchOpenDialogs":true,"interaction":{"idSuffix":"titleText"}},"wdio_ui5_key":"reusablesview.manageresources.NewResourceUnitsap.m.StandardListItem{\"title\":\"PM Order\"}"}]}
COMMAND: GET /session/ce00c95ab29fd2b6dadc42a257eb6258/screenshot - {}
RESULT: {"script":"<script> [1562 bytes]","args":[{"selector":{"controlType":"sap.m.StandardListItem","viewName":"reusables.view.manageresources.NewResourceUnit","viewId":"application-manageresources-display-component---newResourceUnit","properties":{"title":"PM Order"},"searchOpenDialogs":true,"interaction":{"idSuffix":"titleText"}},"wdio_ui5_key":"reusablesview.manageresources.NewResourceUnitsap.m.StandardListItem{\"title\":\"PM Order\"}"}]}
RESULT: undefined
COMMAND: POST /session/ce00c95ab29fd2b6dadc42a257eb6258/element - {"using":"xpath","value":"//*[@id=\"__item741\"]"}
RESULT: {}
RESULT: {"using":"xpath","value":"//*[@id=\"__item741\"]"}
COMMAND: POST /session/ce00c95ab29fd2b6dadc42a257eb6258/element/f.24A06151E8A946319EB5CB98F2660F55.d.1055A1580F8F34E2F51B54DF68F7613B.e.4250/click - {}
RESULT: {}
COMMAND: GET /session/ce00c95ab29fd2b6dadc42a257eb6258/screenshot - {}
RESULT: {}
COMMAND: POST /session/ce00c95ab29fd2b6dadc42a257eb6258/element - {"using":"xpath","value":"(//input[contains(@id ,\"-application-manageresources-display-component---newResourceUnit--RUTimeSegment-0-inner\")])[8]"}
RESULT: {"using":"xpath","value":"(//input[contains(@id ,\"-application-manageresources-display-component---newResourceUnit--RUTimeSegment-0-inner\")])[8]"}
COMMAND: POST /session/ce00c95ab29fd2b6dadc42a257eb6258/element/f.24A06151E8A946319EB5CB98F2660F55.d.1055A1580F8F34E2F51B54DF68F7613B.e.4253/clear - {}
RESULT: {}
COMMAND: POST /session/ce00c95ab29fd2b6dadc42a257eb6258/element/f.24A06151E8A946319EB5CB98F2660F55.d.1055A1580F8F34E2F51B54DF68F7613B.e.4253/value - {"text":"4000360"}
COMMAND: GET /session/ce00c95ab29fd2b6dadc42a257eb6258/screenshot - {}
RESULT: {"text":"4000360"}
COMMAND: GET /session/ce00c95ab29fd2b6dadc42a257eb6258/screenshot - {}
RESULT: {}
RESULT: {}
COMMAND: POST /session/ce00c95ab29fd2b6dadc42a257eb6258/actions - {"actions":[{"id":"action6","type":"key","parameters":{},"actions":[{"type":"keyDown","value":"î€‡"},{"type":"pause","duration":10},{"type":"keyUp","value":"î€‡"}]}]}
RESULT: {"actions":[{"id":"action6","type":"key","parameters":{},"actions":[{"type":"keyDown","value":"î€‡"},{"type":"pause","duration":10},{"type":"keyUp","value":"î€‡"}]}]}
COMMAND: GET /session/ce00c95ab29fd2b6dadc42a257eb6258/screenshot - {}
RESULT: {}
COMMAND: POST /session/ce00c95ab29fd2b6dadc42a257eb6258/execute/async - {"script":"<script> [1562 bytes]","args":[{"selector":{"id":"application-manageresources-display-component---newResourceUnit--newTimeSegmentDateRangePicker-application-manageresources-display-component---newResourceUnit--RUTimeSegment-0","interaction":{"idSuffix":"inner"}},"wdio_ui5_key":"applicationmanageresources-display-component---newResourceUnit--newTimeSegmentDateRangePicker-application-manageresources-display-component---newResourceUnit--RUTimeSegment-0"}]}
RESULT: {"script":"<script> [1562 bytes]","args":[{"selector":{"id":"application-manageresources-display-component---newResourceUnit--newTimeSegmentDateRangePicker-application-manageresources-display-component---newResourceUnit--RUTimeSegment-0","interaction":{"idSuffix":"inner"}},"wdio_ui5_key":"applicationmanageresources-display-component---newResourceUnit--newTimeSegmentDateRangePicker-application-manageresources-display-component---newResourceUnit--RUTimeSegment-0"}]}
RESULT: undefined
COMMAND: POST /session/ce00c95ab29fd2b6dadc42a257eb6258/execute/async - {"script":"<script> [1562 bytes]","args":[{"selector":{"id":"application-manageresources-display-component---newResourceUnit--newRRUPage-anchBar-application-manageresources-display-component---newResourceUnit--resource-anchor","interaction":{"idSuffix":"BDI-content"}},"wdio_ui5_key":"applicationmanageresources-display-component---newResourceUnit--newRRUPage-anchBar-application-manageresources-display-component---newResourceUnit--resource-anchor"}]}
RESULT: {"script":"<script> [1562 bytes]","args":[{"selector":{"id":"application-manageresources-display-component---newResourceUnit--newRRUPage-anchBar-application-manageresources-display-component---newResourceUnit--resource-anchor","interaction":{"idSuffix":"BDI-content"}},"wdio_ui5_key":"applicationmanageresources-display-component---newResourceUnit--newRRUPage-anchBar-application-manageresources-display-component---newResourceUnit--resource-anchor"}]}
RESULT: undefined
COMMAND: POST /session/ce00c95ab29fd2b6dadc42a257eb6258/element - {"using":"xpath","value":"//*[@id=\"application-manageresources-display-component---newResourceUnit--newRRUPage-anchBar-application-manageresources-display-component---newResourceUnit--resource-anchor\"]"}
RESULT: {"using":"xpath","value":"//*[@id=\"application-manageresources-display-component---newResourceUnit--newRRUPage-anchBar-application-manageresources-display-component---newResourceUnit--resource-anchor\"]"}
COMMAND: POST /session/ce00c95ab29fd2b6dadc42a257eb6258/element/f.24A06151E8A946319EB5CB98F2660F55.d.1055A1580F8F34E2F51B54DF68F7613B.e.4280/click - {}
RESULT: {}
COMMAND: POST /session/ce00c95ab29fd2b6dadc42a257eb6258/execute/async - {"script":"<script> [1562 bytes]","args":[{"selector":{"id":"application-manageresources-display-component---newResourceUnit--PLANNED_DELIVERY_DATE","interaction":{"idSuffix":"inner"}},"wdio_ui5_key":"applicationmanageresources-display-component---newResourceUnit--PLANNED_DELIVERY_DATE"}]}
COMMAND: GET /session/ce00c95ab29fd2b6dadc42a257eb6258/screenshot - {}
RESULT: {"script":"<script> [1562 bytes]","args":[{"selector":{"id":"application-manageresources-display-component---newResourceUnit--PLANNED_DELIVERY_DATE","interaction":{"idSuffix":"inner"}},"wdio_ui5_key":"applicationmanageresources-display-component---newResourceUnit--PLANNED_DELIVERY_DATE"}]}
RESULT: undefined
COMMAND: POST /session/ce00c95ab29fd2b6dadc42a257eb6258/execute/async - {"script":"<script> [6424 bytes]","args":[{"element-6066-11e4-a52e-4f735466cecf":"f.24A06151E8A946319EB5CB98F2660F55.d.1055A1580F8F34E2F51B54DF68F7613B.e.4137"},"setValue",["06/27/24"]]}
RESULT: {}
RESULT: {"script":"<script> [6424 bytes]","args":[{"element-6066-11e4-a52e-4f735466cecf":"f.24A06151E8A946319EB5CB98F2660F55.d.1055A1580F8F34E2F51B54DF68F7613B.e.4137"},"setValue",["06/27/24"]]}
COMMAND: POST /session/ce00c95ab29fd2b6dadc42a257eb6258/execute/async - {"script":"<script> [1562 bytes]","args":[{"selector":{"id":"application-manageresources-display-component---newResourceUnit--RETIRE_PLANNED_DATE","interaction":{"idSuffix":"inner"}},"wdio_ui5_key":"applicationmanageresources-display-component---newResourceUnit--RETIRE_PLANNED_DATE"}]}
RESULT: {"script":"<script> [1562 bytes]","args":[{"selector":{"id":"application-manageresources-display-component---newResourceUnit--RETIRE_PLANNED_DATE","interaction":{"idSuffix":"inner"}},"wdio_ui5_key":"applicationmanageresources-display-component---newResourceUnit--RETIRE_PLANNED_DATE"}]}
RESULT: undefined
COMMAND: POST /session/ce00c95ab29fd2b6dadc42a257eb6258/execute/async - {"script":"<script> [776 bytes]","args":[{"enterText":"3/14/29","selector":{"id":"application-manageresources-display-component---newResourceUnit--RETIRE_PLANNED_DATE","interaction":{"idSuffix":"inner"}},"clearTextFirst":true,"interactionType":"ENTER_TEXT"}]}
RESULT: {"script":"<script> [776 bytes]","args":[{"enterText":"3/14/29","selector":{"id":"application-manageresources-display-component---newResourceUnit--RETIRE_PLANNED_DATE","interaction":{"idSuffix":"inner"}},"clearTextFirst":true,"interactionType":"ENTER_TEXT"}]}
COMMAND: POST /session/ce00c95ab29fd2b6dadc42a257eb6258/execute/async - {"script":"<script> [1562 bytes]","args":[{"selector":{"controlType":"sap.m.Button","viewName":"reusables.view.manageresources.NewResourceUnit","viewId":"application-manageresources-display-component---newResourceUnit","i18NText":{"propertyName":"tooltip","key":"save"},"interaction":{"idSuffix":"BDI-content"}},"wdio_ui5_key":"reusablesview.manageresources.NewResourceUnitsap.m.Button{\"propertyName\":\"tooltip\",\"key\":\"save\"}"}]}
RESULT: {"script":"<script> [1562 bytes]","args":[{"selector":{"controlType":"sap.m.Button","viewName":"reusables.view.manageresources.NewResourceUnit","viewId":"application-manageresources-display-component---newResourceUnit","i18NText":{"propertyName":"tooltip","key":"save"},"interaction":{"idSuffix":"BDI-content"}},"wdio_ui5_key":"reusablesview.manageresources.NewResourceUnitsap.m.Button{\"propertyName\":\"tooltip\",\"key\":\"save\"}"}]}
RESULT: undefined
COMMAND: POST /session/ce00c95ab29fd2b6dadc42a257eb6258/element - {"using":"xpath","value":"//*[@id=\"application-manageresources-display-component---newResourceUnit--createRuButton\"]"}
RESULT: {"using":"xpath","value":"//*[@id=\"application-manageresources-display-component---newResourceUnit--createRuButton\"]"}
COMMAND: POST /session/ce00c95ab29fd2b6dadc42a257eb6258/element/f.24A06151E8A946319EB5CB98F2660F55.d.1055A1580F8F34E2F51B54DF68F7613B.e.4098/click - {}
RESULT: {}
COMMAND: GET /session/ce00c95ab29fd2b6dadc42a257eb6258/screenshot - {}
RESULT: {}
COMMAND: POST /session/ce00c95ab29fd2b6dadc42a257eb6258/execute/async - {"script":"<script> [1562 bytes]","args":[{"selector":{"controlType":"sap.m.Button","properties":{"text":"Close"},"searchOpenDialogs":true,"interaction":{"idSuffix":"inner"}},"wdio_ui5_key":"sapm.Button{\"text\":\"Close\"}"}]}
RESULT: {"script":"<script> [1562 bytes]","args":[{"selector":{"controlType":"sap.m.Button","properties":{"text":"Close"},"searchOpenDialogs":true,"interaction":{"idSuffix":"inner"}},"wdio_ui5_key":"sapm.Button{\"text\":\"Close\"}"}]}
RESULT: undefined
COMMAND: POST /session/ce00c95ab29fd2b6dadc42a257eb6258/element - {"using":"xpath","value":"//*[@id=\"__mbox-btn-0\"]"}
RESULT: {"using":"xpath","value":"//*[@id=\"__mbox-btn-0\"]"}
COMMAND: POST /session/ce00c95ab29fd2b6dadc42a257eb6258/element/f.24A06151E8A946319EB5CB98F2660F55.d.1055A1580F8F34E2F51B54DF68F7613B.e.4288/click - {}
RESULT: {}
COMMAND: GET /session/ce00c95ab29fd2b6dadc42a257eb6258/screenshot - {}
RESULT: {}
COMMAND: POST /session/ce00c95ab29fd2b6dadc42a257eb6258/execute/async - {"script":"<script> [1562 bytes]","args":[{"selector":{"controlType":"sap.m.Text","viewName":"etm.portal.ui.manageresources.view.Detail","viewId":"application-manageresources-display-component---detailRU","bindingPath":{"propertyPath":"ID","modelName":"catalogModel"}},"wdio_ui5_key":"etmportal.ui.manageresources.view.Detailsap.m.Text{\"propertyPath\":\"ID\",\"modelName\":\"catalogModel\"}"}]}
RESULT: {"script":"<script> [1562 bytes]","args":[{"selector":{"controlType":"sap.m.Text","viewName":"etm.portal.ui.manageresources.view.Detail","viewId":"application-manageresources-display-component---detailRU","bindingPath":{"propertyPath":"ID","modelName":"catalogModel"}},"wdio_ui5_key":"etmportal.ui.manageresources.view.Detailsap.m.Text{\"propertyPath\":\"ID\",\"modelName\":\"catalogModel\"}"}]}
RESULT: undefined
COMMAND: POST /session/ce00c95ab29fd2b6dadc42a257eb6258/execute/async - {"script":"<script> [6424 bytes]","args":[{"element-6066-11e4-a52e-4f735466cecf":"f.24A06151E8A946319EB5CB98F2660F55.d.1055A1580F8F34E2F51B54DF68F7613B.e.4346"},"getText",[]]}
RESULT: {"script":"<script> [6424 bytes]","args":[{"element-6066-11e4-a52e-4f735466cecf":"f.24A06151E8A946319EB5CB98F2660F55.d.1055A1580F8F34E2F51B54DF68F7613B.e.4346"},"getText",[]]}
COMMAND: POST /session/ce00c95ab29fd2b6dadc42a257eb6258/element - {"using":"css selector","value":"#shell-header-logo"}
RESULT: {"using":"css selector","value":"#shell-header-logo"}
COMMAND: POST /session/ce00c95ab29fd2b6dadc42a257eb6258/element/f.24A06151E8A946319EB5CB98F2660F55.d.1055A1580F8F34E2F51B54DF68F7613B.e.3679/click - {}
RESULT: {}
COMMAND: GET /session/ce00c95ab29fd2b6dadc42a257eb6258/screenshot - {}
RESULT: {}
]]></system-out>
    </testcase>
    <testcase classname="chrome.135_0_7049_96.windows.Create_and_verify_Order_using_template_US151480" name="Should create a ISC order with template then verify the resource compliance status" time="84.927">
      <system-out><![CDATA[
RESULT: undefined
COMMAND: POST /session/ce00c95ab29fd2b6dadc42a257eb6258/element - {"using":"xpath","value":"//*[@id=\"__tile108\"]"}
RESULT: {"using":"xpath","value":"//*[@id=\"__tile108\"]"}
COMMAND: POST /session/ce00c95ab29fd2b6dadc42a257eb6258/element/f.24A06151E8A946319EB5CB98F2660F55.d.1055A1580F8F34E2F51B54DF68F7613B.e.3387/click - {}
RESULT: {}
COMMAND: GET /session/ce00c95ab29fd2b6dadc42a257eb6258/screenshot - {}
RESULT: {}
COMMAND: POST /session/ce00c95ab29fd2b6dadc42a257eb6258/execute/async - {"script":"<script> [1562 bytes]","args":[{"selector":{"id":"application-iscorders-display-component---orderList--addOrder-img"},"wdio_ui5_key":"applicationiscorders-display-component---orderList--addOrder-img"}]}
RESULT: {"script":"<script> [1562 bytes]","args":[{"selector":{"id":"application-iscorders-display-component---orderList--addOrder-img"},"wdio_ui5_key":"applicationiscorders-display-component---orderList--addOrder-img"}]}
RESULT: undefined
COMMAND: POST /session/ce00c95ab29fd2b6dadc42a257eb6258/element - {"using":"xpath","value":"//*[@id=\"application-iscorders-display-component---orderList--addOrder-img\"]"}
RESULT: {"using":"xpath","value":"//*[@id=\"application-iscorders-display-component---orderList--addOrder-img\"]"}
COMMAND: POST /session/ce00c95ab29fd2b6dadc42a257eb6258/element/f.24A06151E8A946319EB5CB98F2660F55.d.1055A1580F8F34E2F51B54DF68F7613B.e.4392/click - {}
RESULT: {}
COMMAND: GET /session/ce00c95ab29fd2b6dadc42a257eb6258/screenshot - {}
RESULT: {}
COMMAND: POST /session/ce00c95ab29fd2b6dadc42a257eb6258/execute/async - {"script":"<script> [1562 bytes]","args":[{"selector":{"id":"application-iscorders-display-component---createOrder--resourceValue-vhi"},"wdio_ui5_key":"applicationiscorders-display-component---createOrder--resourceValue-vhi"}]}
RESULT: {"script":"<script> [1562 bytes]","args":[{"selector":{"id":"application-iscorders-display-component---createOrder--resourceValue-vhi"},"wdio_ui5_key":"applicationiscorders-display-component---createOrder--resourceValue-vhi"}]}
RESULT: undefined
COMMAND: POST /session/ce00c95ab29fd2b6dadc42a257eb6258/element - {"using":"xpath","value":"//*[@id=\"application-iscorders-display-component---createOrder--resourceValue-vhi\"]"}
RESULT: {"using":"xpath","value":"//*[@id=\"application-iscorders-display-component---createOrder--resourceValue-vhi\"]"}
COMMAND: POST /session/ce00c95ab29fd2b6dadc42a257eb6258/element/f.24A06151E8A946319EB5CB98F2660F55.d.1055A1580F8F34E2F51B54DF68F7613B.e.4842/click - {}
RESULT: {}
COMMAND: GET /session/ce00c95ab29fd2b6dadc42a257eb6258/screenshot - {}
RESULT: {}
COMMAND: POST /session/ce00c95ab29fd2b6dadc42a257eb6258/element - {"using":"xpath","value":"//input[contains(@id ,\"application-iscorders-display-component---createOrder--resourceValue-valueHelpDialog-smartFilterBar-btnBasicSearch-I\")]"}
RESULT: {"using":"xpath","value":"//input[contains(@id ,\"application-iscorders-display-component---createOrder--resourceValue-valueHelpDialog-smartFilterBar-btnBasicSearch-I\")]"}
COMMAND: POST /session/ce00c95ab29fd2b6dadc42a257eb6258/element/f.24A06151E8A946319EB5CB98F2660F55.d.1055A1580F8F34E2F51B54DF68F7613B.e.4845/clear - {}
RESULT: {}
COMMAND: POST /session/ce00c95ab29fd2b6dadc42a257eb6258/element/f.24A06151E8A946319EB5CB98F2660F55.d.1055A1580F8F34E2F51B54DF68F7613B.e.4845/value - {"text":"WdIOIscEquipcm09"}
COMMAND: GET /session/ce00c95ab29fd2b6dadc42a257eb6258/screenshot - {}
RESULT: {"text":"WdIOIscEquipcm09"}
COMMAND: POST /session/ce00c95ab29fd2b6dadc42a257eb6258/actions - {"actions":[{"id":"action7","type":"key","parameters":{},"actions":[{"type":"keyDown","value":"î€‡"},{"type":"pause","duration":10},{"type":"keyUp","value":"î€‡"}]}]}
COMMAND: GET /session/ce00c95ab29fd2b6dadc42a257eb6258/screenshot - {}
RESULT: {}
RESULT: {"actions":[{"id":"action7","type":"key","parameters":{},"actions":[{"type":"keyDown","value":"î€‡"},{"type":"pause","duration":10},{"type":"keyUp","value":"î€‡"}]}]}
COMMAND: GET /session/ce00c95ab29fd2b6dadc42a257eb6258/screenshot - {}
RESULT: {}
RESULT: {}
COMMAND: POST /session/ce00c95ab29fd2b6dadc42a257eb6258/element - {"using":"xpath","value":"(//span[contains(text(), \"WdIOIscEquipcm09\")])[1]"}
RESULT: {"using":"xpath","value":"(//span[contains(text(), \"WdIOIscEquipcm09\")])[1]"}
COMMAND: POST /session/ce00c95ab29fd2b6dadc42a257eb6258/element/f.24A06151E8A946319EB5CB98F2660F55.d.1055A1580F8F34E2F51B54DF68F7613B.e.4870/click - {}
RESULT: {}
COMMAND: GET /session/ce00c95ab29fd2b6dadc42a257eb6258/screenshot - {}
RESULT: {}
COMMAND: POST /session/ce00c95ab29fd2b6dadc42a257eb6258/execute/async - {"script":"<script> [1562 bytes]","args":[{"selector":{"id":"application-iscorders-display-component---createOrder--templateValue-vhi"},"wdio_ui5_key":"applicationiscorders-display-component---createOrder--templateValue-vhi"}]}
RESULT: {"script":"<script> [1562 bytes]","args":[{"selector":{"id":"application-iscorders-display-component---createOrder--templateValue-vhi"},"wdio_ui5_key":"applicationiscorders-display-component---createOrder--templateValue-vhi"}]}
RESULT: undefined
COMMAND: POST /session/ce00c95ab29fd2b6dadc42a257eb6258/element - {"using":"xpath","value":"//*[@id=\"application-iscorders-display-component---createOrder--templateValue-vhi\"]"}
RESULT: {"using":"xpath","value":"//*[@id=\"application-iscorders-display-component---createOrder--templateValue-vhi\"]"}
COMMAND: POST /session/ce00c95ab29fd2b6dadc42a257eb6258/element/f.24A06151E8A946319EB5CB98F2660F55.d.1055A1580F8F34E2F51B54DF68F7613B.e.4884/click - {}
RESULT: {}
COMMAND: GET /session/ce00c95ab29fd2b6dadc42a257eb6258/screenshot - {}
RESULT: {}
COMMAND: POST /session/ce00c95ab29fd2b6dadc42a257eb6258/element - {"using":"xpath","value":"//input[contains(@id ,\"application-iscorders-display-component---createOrder--smartFilterBarTemplates-btnBasicSearch-I\")]"}
RESULT: {"using":"xpath","value":"//input[contains(@id ,\"application-iscorders-display-component---createOrder--smartFilterBarTemplates-btnBasicSearch-I\")]"}
COMMAND: POST /session/ce00c95ab29fd2b6dadc42a257eb6258/element/f.24A06151E8A946319EB5CB98F2660F55.d.1055A1580F8F34E2F51B54DF68F7613B.e.4886/clear - {}
RESULT: {}
COMMAND: POST /session/ce00c95ab29fd2b6dadc42a257eb6258/element/f.24A06151E8A946319EB5CB98F2660F55.d.1055A1580F8F34E2F51B54DF68F7613B.e.4886/value - {"text":"Inspection template"}
COMMAND: GET /session/ce00c95ab29fd2b6dadc42a257eb6258/screenshot - {}
RESULT: {"text":"Inspection template"}
COMMAND: POST /session/ce00c95ab29fd2b6dadc42a257eb6258/actions - {"actions":[{"id":"action8","type":"key","parameters":{},"actions":[{"type":"keyDown","value":"î€‡"},{"type":"pause","duration":10},{"type":"keyUp","value":"î€‡"}]}]}
COMMAND: GET /session/ce00c95ab29fd2b6dadc42a257eb6258/screenshot - {}
RESULT: {}
RESULT: {"actions":[{"id":"action8","type":"key","parameters":{},"actions":[{"type":"keyDown","value":"î€‡"},{"type":"pause","duration":10},{"type":"keyUp","value":"î€‡"}]}]}
COMMAND: GET /session/ce00c95ab29fd2b6dadc42a257eb6258/screenshot - {}
RESULT: {}
RESULT: {}
COMMAND: POST /session/ce00c95ab29fd2b6dadc42a257eb6258/element - {"using":"xpath","value":"(//span[contains(text(), \"Inspection template\")])[1]"}
RESULT: {"using":"xpath","value":"(//span[contains(text(), \"Inspection template\")])[1]"}
COMMAND: POST /session/ce00c95ab29fd2b6dadc42a257eb6258/element/f.24A06151E8A946319EB5CB98F2660F55.d.1055A1580F8F34E2F51B54DF68F7613B.e.4900/click - {}
RESULT: {}
COMMAND: GET /session/ce00c95ab29fd2b6dadc42a257eb6258/screenshot - {}
RESULT: {}
COMMAND: POST /session/ce00c95ab29fd2b6dadc42a257eb6258/execute/async - {"script":"<script> [1562 bytes]","args":[{"selector":{"id":"application-iscorders-display-component---createOrder--templateSelectionButton","searchOpenDialogs":true,"interaction":{"idSuffix":"BDI-content"}},"wdio_ui5_key":"applicationiscorders-display-component---createOrder--templateSelectionButton"}]}
RESULT: {"script":"<script> [1562 bytes]","args":[{"selector":{"id":"application-iscorders-display-component---createOrder--templateSelectionButton","searchOpenDialogs":true,"interaction":{"idSuffix":"BDI-content"}},"wdio_ui5_key":"applicationiscorders-display-component---createOrder--templateSelectionButton"}]}
RESULT: undefined
COMMAND: POST /session/ce00c95ab29fd2b6dadc42a257eb6258/element - {"using":"xpath","value":"//*[@id=\"application-iscorders-display-component---createOrder--templateSelectionButton\"]"}
RESULT: {"using":"xpath","value":"//*[@id=\"application-iscorders-display-component---createOrder--templateSelectionButton\"]"}
COMMAND: POST /session/ce00c95ab29fd2b6dadc42a257eb6258/element/f.24A06151E8A946319EB5CB98F2660F55.d.1055A1580F8F34E2F51B54DF68F7613B.e.4903/click - {}
RESULT: {}
COMMAND: GET /session/ce00c95ab29fd2b6dadc42a257eb6258/screenshot - {}
RESULT: {}
COMMAND: POST /session/ce00c95ab29fd2b6dadc42a257eb6258/execute/async - {"script":"<script> [1562 bytes]","args":[{"selector":{"id":"application-iscorders-display-component---createOrder--saveOrderButton","interaction":{"idSuffix":"BDI-content"}},"wdio_ui5_key":"applicationiscorders-display-component---createOrder--saveOrderButton"}]}
RESULT: {"script":"<script> [1562 bytes]","args":[{"selector":{"id":"application-iscorders-display-component---createOrder--saveOrderButton","interaction":{"idSuffix":"BDI-content"}},"wdio_ui5_key":"applicationiscorders-display-component---createOrder--saveOrderButton"}]}
RESULT: undefined
COMMAND: POST /session/ce00c95ab29fd2b6dadc42a257eb6258/element - {"using":"xpath","value":"//*[@id=\"application-iscorders-display-component---createOrder--saveOrderButton\"]"}
RESULT: {"using":"xpath","value":"//*[@id=\"application-iscorders-display-component---createOrder--saveOrderButton\"]"}
COMMAND: POST /session/ce00c95ab29fd2b6dadc42a257eb6258/element/f.24A06151E8A946319EB5CB98F2660F55.d.1055A1580F8F34E2F51B54DF68F7613B.e.4838/click - {}
RESULT: {}
COMMAND: GET /session/ce00c95ab29fd2b6dadc42a257eb6258/screenshot - {}
RESULT: {}
COMMAND: POST /session/ce00c95ab29fd2b6dadc42a257eb6258/execute/async - {"script":"<script> [1562 bytes]","args":[{"selector":{"controlType":"sap.m.Link","viewName":"reusables.view.ISC.Orders.Detail","viewId":"application-iscorders-display-component---displayOrder","bindingPath":{"propertyPath":"RESOURCE_UNIT","modelName":"catalogModel"}},"wdio_ui5_key":"reusablesview.ISC.Orders.Detailsap.m.Link{\"propertyPath\":\"RESOURCE_UNIT\",\"modelName\":\"catalogModel\"}"}]}
RESULT: {"script":"<script> [1562 bytes]","args":[{"selector":{"controlType":"sap.m.Link","viewName":"reusables.view.ISC.Orders.Detail","viewId":"application-iscorders-display-component---displayOrder","bindingPath":{"propertyPath":"RESOURCE_UNIT","modelName":"catalogModel"}},"wdio_ui5_key":"reusablesview.ISC.Orders.Detailsap.m.Link{\"propertyPath\":\"RESOURCE_UNIT\",\"modelName\":\"catalogModel\"}"}]}
RESULT: undefined
COMMAND: POST /session/ce00c95ab29fd2b6dadc42a257eb6258/element - {"using":"xpath","value":"//*[@id=\"__link35\"]"}
RESULT: {"using":"xpath","value":"//*[@id=\"__link35\"]"}
COMMAND: POST /session/ce00c95ab29fd2b6dadc42a257eb6258/element/f.24A06151E8A946319EB5CB98F2660F55.d.1055A1580F8F34E2F51B54DF68F7613B.e.4943/click - {}
RESULT: {}
COMMAND: GET /session/ce00c95ab29fd2b6dadc42a257eb6258/screenshot - {}
RESULT: {}
COMMAND: POST /session/ce00c95ab29fd2b6dadc42a257eb6258/execute/async - {"script":"<script> [1562 bytes]","args":[{"selector":{"controlType":"sap.m.Link","viewName":"reusables.view.ISC.Orders.Detail","viewId":"application-iscorders-display-component---displayOrder","properties":{"text":"RU Overview"},"searchOpenDialogs":true},"wdio_ui5_key":"reusablesview.ISC.Orders.Detailsap.m.Link{\"text\":\"RU Overview\"}"}]}
RESULT: {"script":"<script> [1562 bytes]","args":[{"selector":{"controlType":"sap.m.Link","viewName":"reusables.view.ISC.Orders.Detail","viewId":"application-iscorders-display-component---displayOrder","properties":{"text":"RU Overview"},"searchOpenDialogs":true},"wdio_ui5_key":"reusablesview.ISC.Orders.Detailsap.m.Link{\"text\":\"RU Overview\"}"}]}
RESULT: undefined
COMMAND: POST /session/ce00c95ab29fd2b6dadc42a257eb6258/element - {"using":"xpath","value":"//*[@id=\"__link46\"]"}
RESULT: {"using":"xpath","value":"//*[@id=\"__link46\"]"}
COMMAND: POST /session/ce00c95ab29fd2b6dadc42a257eb6258/element/f.24A06151E8A946319EB5CB98F2660F55.d.1055A1580F8F34E2F51B54DF68F7613B.e.4945/click - {}
RESULT: {}
COMMAND: GET /session/ce00c95ab29fd2b6dadc42a257eb6258/screenshot - {}
COMMAND: POST /session/ce00c95ab29fd2b6dadc42a257eb6258/execute/async - {"script":"<script> [1562 bytes]","args":[{"selector":{"controlType":"sap.ui.core.Icon","viewName":"etm.portal.ui.manageresources.view.Detail","viewId":"application-manageresources-display-component---detailRU","properties":{"src":{"regex":{"source":"slim\\-arrow\\-down"}}}},"wdio_ui5_key":"etmportal.ui.manageresources.view.Detailsap.ui.core.Icon{\"src\":{\"regex\":{\"source\":\"slim\\\\-arrow\\\\-down\"}}}"}]}
RESULT: {}
RESULT: {"script":"<script> [1562 bytes]","args":[{"selector":{"controlType":"sap.ui.core.Icon","viewName":"etm.portal.ui.manageresources.view.Detail","viewId":"application-manageresources-display-component---detailRU","properties":{"src":{"regex":{"source":"slim\\-arrow\\-down"}}}},"wdio_ui5_key":"etmportal.ui.manageresources.view.Detailsap.ui.core.Icon{\"src\":{\"regex\":{\"source\":\"slim\\\\-arrow\\\\-down\"}}}"}]}
RESULT: undefined
COMMAND: POST /session/ce00c95ab29fd2b6dadc42a257eb6258/element - {"using":"xpath","value":"//*[@id=\"__title57-expandBtn-img\"]"}
RESULT: {"using":"xpath","value":"//*[@id=\"__title57-expandBtn-img\"]"}
COMMAND: POST /session/ce00c95ab29fd2b6dadc42a257eb6258/element/f.24A06151E8A946319EB5CB98F2660F55.d.1055A1580F8F34E2F51B54DF68F7613B.e.5175/click - {}
RESULT: {}
COMMAND: POST /session/ce00c95ab29fd2b6dadc42a257eb6258/execute/async - {"script":"<script> [1562 bytes]","args":[{"selector":{"controlType":"sap.m.GenericTag","viewName":"etm.portal.ui.manageresources.view.Detail","viewId":"application-manageresources-display-component---detailRU","bindingPath":{"propertyPath":"COMPLIANCE_STATUS","modelName":"catalogModel"}},"wdio_ui5_key":"etmportal.ui.manageresources.view.Detailsap.m.GenericTag{\"propertyPath\":\"COMPLIANCE_STATUS\",\"modelName\":\"catalogModel\"}"}]}
COMMAND: GET /session/ce00c95ab29fd2b6dadc42a257eb6258/screenshot - {}
RESULT: {"script":"<script> [1562 bytes]","args":[{"selector":{"controlType":"sap.m.GenericTag","viewName":"etm.portal.ui.manageresources.view.Detail","viewId":"application-manageresources-display-component---detailRU","bindingPath":{"propertyPath":"COMPLIANCE_STATUS","modelName":"catalogModel"}},"wdio_ui5_key":"etmportal.ui.manageresources.view.Detailsap.m.GenericTag{\"propertyPath\":\"COMPLIANCE_STATUS\",\"modelName\":\"catalogModel\"}"}]}
RESULT: undefined
COMMAND: POST /session/ce00c95ab29fd2b6dadc42a257eb6258/execute/async - {"script":"<script> [6424 bytes]","args":[{"element-6066-11e4-a52e-4f735466cecf":"f.24A06151E8A946319EB5CB98F2660F55.d.1055A1580F8F34E2F51B54DF68F7613B.e.5190"},"getText",[]]}
RESULT: {}
RESULT: {"script":"<script> [6424 bytes]","args":[{"element-6066-11e4-a52e-4f735466cecf":"f.24A06151E8A946319EB5CB98F2660F55.d.1055A1580F8F34E2F51B54DF68F7613B.e.5190"},"getText",[]]}
COMMAND: DELETE /session/ce00c95ab29fd2b6dadc42a257eb6258 - {}
RESULT: {}
]]></system-out>
    </testcase>
  </testsuite>
</testsuites>