<?xml version="1.0" encoding="UTF-8"?>
<testsuites tests="18" failures="0" errors="0" skipped="0">
  <testsuite timestamp="2025-04-23T15:26:27" time="54.812" tests="2" failures="0" errors="0" skipped="0">
    <properties>
      <property name="specId" value="0"/>
      <property name="suiteName" value="Assign the user test user id to an address"/>
      <property name="capabilities" value="chrome.135_0_7049_96.windows"/>
      <property name="file" value="file:///D:/a/1/s/test/specs/R2C/assign-user-id-to-an-address.spec.js"/>
    </properties>
    <testcase classname="chrome.135_0_7049_96.windows.Assign_the_user_test_user_id_to_an_address" name="Should search for test1ETM create only if not present" time="10.113">
      <system-out><![CDATA[
COMMAND: POST /session/771d3c9ffdb5f6a869ae0a3bf138e088/execute/async - {"script":"<script> [1562 bytes]","args":[{"selector":{"id":"application-addressmanagement-display-component---masterAdm--smartFilterBar-filterItemControl_BASIC-NAME-vhi"},"wdio_ui5_key":"applicationaddressmanagement-display-component---masterAdm--smartFilterBar-filterItemControl_BASIC-NAME-vhi"}]}
RESULT: {"script":"<script> [1562 bytes]","args":[{"selector":{"id":"application-addressmanagement-display-component---masterAdm--smartFilterBar-filterItemControl_BASIC-NAME-vhi"},"wdio_ui5_key":"applicationaddressmanagement-display-component---masterAdm--smartFilterBar-filterItemControl_BASIC-NAME-vhi"}]}
RESULT: undefined
COMMAND: POST /session/771d3c9ffdb5f6a869ae0a3bf138e088/element - {"using":"xpath","value":"//*[@id=\"application-addressmanagement-display-component---masterAdm--smartFilterBar-filterItemControl_BASIC-NAME-vhi\"]"}
RESULT: {"using":"xpath","value":"//*[@id=\"application-addressmanagement-display-component---masterAdm--smartFilterBar-filterItemControl_BASIC-NAME-vhi\"]"}
COMMAND: POST /session/771d3c9ffdb5f6a869ae0a3bf138e088/element/f.C725D2739C9BAC73399F894D32ABC418.d.7EF2F19C5175BA33241234519EECD1FA.e.291/click - {}
RESULT: {}
COMMAND: POST /session/771d3c9ffdb5f6a869ae0a3bf138e088/execute/async - {"script":"<script> [1562 bytes]","args":[{"selector":{"controlType":"sap.m.Input","viewName":"etm.portal.ui.addressmanagement.view.Master","viewId":"application-addressmanagement-display-component---masterAdm","properties":{"valueState":"None"},"searchOpenDialogs":true,"interaction":{"idSuffix":"inner"}},"wdio_ui5_key":"etmportal.ui.addressmanagement.view.Mastersap.m.Input{\"valueState\":\"None\"}"}]}
COMMAND: GET /session/771d3c9ffdb5f6a869ae0a3bf138e088/screenshot - {}
RESULT: {"script":"<script> [1562 bytes]","args":[{"selector":{"controlType":"sap.m.Input","viewName":"etm.portal.ui.addressmanagement.view.Master","viewId":"application-addressmanagement-display-component---masterAdm","properties":{"valueState":"None"},"searchOpenDialogs":true,"interaction":{"idSuffix":"inner"}},"wdio_ui5_key":"etmportal.ui.addressmanagement.view.Mastersap.m.Input{\"valueState\":\"None\"}"}]}
RESULT: undefined
COMMAND: POST /session/771d3c9ffdb5f6a869ae0a3bf138e088/execute/async - {"script":"<script> [776 bytes]","args":[{"enterText":"Test1ETM","selector":{"controlType":"sap.m.Input","viewName":"etm.portal.ui.addressmanagement.view.Master","viewId":"application-addressmanagement-display-component---masterAdm","properties":{"valueState":"None"},"searchOpenDialogs":true,"interaction":{"idSuffix":"inner"}},"clearTextFirst":true,"interactionType":"ENTER_TEXT"}]}
RESULT: {}
RESULT: {"script":"<script> [776 bytes]","args":[{"enterText":"Test1ETM","selector":{"controlType":"sap.m.Input","viewName":"etm.portal.ui.addressmanagement.view.Master","viewId":"application-addressmanagement-display-component---masterAdm","properties":{"valueState":"None"},"searchOpenDialogs":true,"interaction":{"idSuffix":"inner"}},"clearTextFirst":true,"interactionType":"ENTER_TEXT"}]}
COMMAND: POST /session/771d3c9ffdb5f6a869ae0a3bf138e088/actions - {"actions":[{"id":"action1","type":"key","parameters":{},"actions":[{"type":"keyDown","value":""},{"type":"pause","duration":10},{"type":"keyUp","value":""}]}]}
RESULT: {"actions":[{"id":"action1","type":"key","parameters":{},"actions":[{"type":"keyDown","value":""},{"type":"pause","duration":10},{"type":"keyUp","value":""}]}]}
COMMAND: POST /session/771d3c9ffdb5f6a869ae0a3bf138e088/execute/async - {"script":"<script> [1562 bytes]","args":[{"selector":{"id":"application-addressmanagement-display-component---masterAdm--smartFilterBar-filterItemControl_BASIC-NAME-valueHelpDialog-ok","searchOpenDialogs":true,"interaction":{"idSuffix":"BDI-content"}},"wdio_ui5_key":"applicationaddressmanagement-display-component---masterAdm--smartFilterBar-filterItemControl_BASIC-NAME-valueHelpDialog-ok"}]}
COMMAND: GET /session/771d3c9ffdb5f6a869ae0a3bf138e088/screenshot - {}
RESULT: {"script":"<script> [1562 bytes]","args":[{"selector":{"id":"application-addressmanagement-display-component---masterAdm--smartFilterBar-filterItemControl_BASIC-NAME-valueHelpDialog-ok","searchOpenDialogs":true,"interaction":{"idSuffix":"BDI-content"}},"wdio_ui5_key":"applicationaddressmanagement-display-component---masterAdm--smartFilterBar-filterItemControl_BASIC-NAME-valueHelpDialog-ok"}]}
RESULT: undefined
COMMAND: POST /session/771d3c9ffdb5f6a869ae0a3bf138e088/element - {"using":"xpath","value":"//*[@id=\"application-addressmanagement-display-component---masterAdm--smartFilterBar-filterItemControl_BASIC-NAME-valueHelpDialog-ok\"]"}
RESULT: {}
RESULT: {"using":"xpath","value":"//*[@id=\"application-addressmanagement-display-component---masterAdm--smartFilterBar-filterItemControl_BASIC-NAME-valueHelpDialog-ok\"]"}
COMMAND: POST /session/771d3c9ffdb5f6a869ae0a3bf138e088/element/f.C725D2739C9BAC73399F894D32ABC418.d.7EF2F19C5175BA33241234519EECD1FA.e.300/click - {}
RESULT: {}
COMMAND: GET /session/771d3c9ffdb5f6a869ae0a3bf138e088/screenshot - {}
RESULT: {}
COMMAND: POST /session/771d3c9ffdb5f6a869ae0a3bf138e088/element - {"using":"xpath","value":"(//span[text()=\"Active\"])[1]"}
RESULT: {"using":"xpath","value":"(//span[text()=\"Active\"])[1]"}
COMMAND: POST /session/771d3c9ffdb5f6a869ae0a3bf138e088/elements - {"using":"xpath","value":"(//span[text()=\"Active\"])[1]"}
RESULT: {"using":"xpath","value":"(//span[text()=\"Active\"])[1]"}
COMMAND: POST /session/771d3c9ffdb5f6a869ae0a3bf138e088/execute/sync - {"script":"<script> [8489 bytes]","args":[{"element-6066-11e4-a52e-4f735466cecf":"f.C725D2739C9BAC73399F894D32ABC418.d.7EF2F19C5175BA33241234519EECD1FA.e.314","ELEMENT":"f.C725D2739C9BAC73399F894D32ABC418.d.7EF2F19C5175BA33241234519EECD1FA.e.314"}]}
RESULT: {"script":"<script> [8489 bytes]","args":[{"element-6066-11e4-a52e-4f735466cecf":"f.C725D2739C9BAC73399F894D32ABC418.d.7EF2F19C5175BA33241234519EECD1FA.e.314","ELEMENT":"f.C725D2739C9BAC73399F894D32ABC418.d.7EF2F19C5175BA33241234519EECD1FA.e.314"}]}
COMMAND: POST /session/771d3c9ffdb5f6a869ae0a3bf138e088/execute/sync - {"script":"<script> [5351 bytes]","args":[{"element-6066-11e4-a52e-4f735466cecf":"f.C725D2739C9BAC73399F894D32ABC418.d.7EF2F19C5175BA33241234519EECD1FA.e.314","ELEMENT":"f.C725D2739C9BAC73399F894D32ABC418.d.7EF2F19C5175BA33241234519EECD1FA.e.314"}]}
COMMAND: GET /session/771d3c9ffdb5f6a869ae0a3bf138e088/screenshot - {}
RESULT: {"script":"<script> [5351 bytes]","args":[{"element-6066-11e4-a52e-4f735466cecf":"f.C725D2739C9BAC73399F894D32ABC418.d.7EF2F19C5175BA33241234519EECD1FA.e.314","ELEMENT":"f.C725D2739C9BAC73399F894D32ABC418.d.7EF2F19C5175BA33241234519EECD1FA.e.314"}]}
COMMAND: POST /session/771d3c9ffdb5f6a869ae0a3bf138e088/element/f.C725D2739C9BAC73399F894D32ABC418.d.7EF2F19C5175BA33241234519EECD1FA.e.314/click - {}
COMMAND: GET /session/771d3c9ffdb5f6a869ae0a3bf138e088/screenshot - {}
RESULT: {}
RESULT: {}
COMMAND: POST /session/771d3c9ffdb5f6a869ae0a3bf138e088/element - {"using":"xpath","value":"//span[@id=\"application-addressmanagement-display-component---detailAdm--addressDetailDetailsName1\"]"}
COMMAND: GET /session/771d3c9ffdb5f6a869ae0a3bf138e088/screenshot - {}
RESULT: {}
RESULT: {"using":"xpath","value":"//span[@id=\"application-addressmanagement-display-component---detailAdm--addressDetailDetailsName1\"]"}
COMMAND: POST /session/771d3c9ffdb5f6a869ae0a3bf138e088/execute/sync - {"script":"<script> [8489 bytes]","args":[{"element-6066-11e4-a52e-4f735466cecf":"f.C725D2739C9BAC73399F894D32ABC418.d.7EF2F19C5175BA33241234519EECD1FA.e.388","ELEMENT":"f.C725D2739C9BAC73399F894D32ABC418.d.7EF2F19C5175BA33241234519EECD1FA.e.388"}]}
RESULT: {}
RESULT: {"script":"<script> [8489 bytes]","args":[{"element-6066-11e4-a52e-4f735466cecf":"f.C725D2739C9BAC73399F894D32ABC418.d.7EF2F19C5175BA33241234519EECD1FA.e.388","ELEMENT":"f.C725D2739C9BAC73399F894D32ABC418.d.7EF2F19C5175BA33241234519EECD1FA.e.388"}]}
]]></system-out>
    </testcase>
    <testcase classname="chrome.135_0_7049_96.windows.Assign_the_user_test_user_id_to_an_address" name="Should edit the title of the created found address" time="12.198">
      <system-out><![CDATA[
COMMAND: POST /session/771d3c9ffdb5f6a869ae0a3bf138e088/execute/async - {"script":"<script> [1562 bytes]","args":[{"selector":{"controlType":"sap.m.Button","viewName":"etm.portal.ui.addressmanagement.view.Detail","viewId":"application-addressmanagement-display-component---detailAdm","i18NText":{"propertyName":"text","key":"edit"}},"wdio_ui5_key":"etmportal.ui.addressmanagement.view.Detailsap.m.Button{\"propertyName\":\"text\",\"key\":\"edit\"}"}]}
COMMAND: GET /session/771d3c9ffdb5f6a869ae0a3bf138e088/screenshot - {}
RESULT: {"script":"<script> [1562 bytes]","args":[{"selector":{"controlType":"sap.m.Button","viewName":"etm.portal.ui.addressmanagement.view.Detail","viewId":"application-addressmanagement-display-component---detailAdm","i18NText":{"propertyName":"text","key":"edit"}},"wdio_ui5_key":"etmportal.ui.addressmanagement.view.Detailsap.m.Button{\"propertyName\":\"text\",\"key\":\"edit\"}"}]}
RESULT: undefined
COMMAND: POST /session/771d3c9ffdb5f6a869ae0a3bf138e088/element - {"using":"xpath","value":"//*[@id=\"__button16\"]"}
RESULT: {}
RESULT: {"using":"xpath","value":"//*[@id=\"__button16\"]"}
COMMAND: POST /session/771d3c9ffdb5f6a869ae0a3bf138e088/element/f.C725D2739C9BAC73399F894D32ABC418.d.7EF2F19C5175BA33241234519EECD1FA.e.392/click - {}
RESULT: {}
COMMAND: POST /session/771d3c9ffdb5f6a869ae0a3bf138e088/execute/async - {"script":"<script> [1562 bytes]","args":[{"selector":{"controlType":"sap.ui.core.Icon","viewName":"etm.portal.ui.addressmanagement.view.EditDetail","properties":{"src":{"regex":{"source":"slim\\-arrow\\-down"}}},"ancestor":{"id":"addressTitle","viewName":"etm.portal.ui.addressmanagement.view.EditDetail"}},"wdio_ui5_key":"etmportal.ui.addressmanagement.view.EditDetailsap.ui.core.Icon{\"src\":{\"regex\":{\"source\":\"slim\\\\-arrow\\\\-down\"}}}{\"id\":\"addressTitle\",\"viewName\":\"etm.portal.ui.addressmanagement.view.EditDetail\"}"}]}
COMMAND: GET /session/771d3c9ffdb5f6a869ae0a3bf138e088/screenshot - {}
RESULT: {"script":"<script> [1562 bytes]","args":[{"selector":{"controlType":"sap.ui.core.Icon","viewName":"etm.portal.ui.addressmanagement.view.EditDetail","properties":{"src":{"regex":{"source":"slim\\-arrow\\-down"}}},"ancestor":{"id":"addressTitle","viewName":"etm.portal.ui.addressmanagement.view.EditDetail"}},"wdio_ui5_key":"etmportal.ui.addressmanagement.view.EditDetailsap.ui.core.Icon{\"src\":{\"regex\":{\"source\":\"slim\\\\-arrow\\\\-down\"}}}{\"id\":\"addressTitle\",\"viewName\":\"etm.portal.ui.addressmanagement.view.EditDetail\"}"}]}
RESULT: undefined
COMMAND: POST /session/771d3c9ffdb5f6a869ae0a3bf138e088/element - {"using":"xpath","value":"//*[@id=\"__xmlview58--addressTitle-arrow\"]"}
RESULT: {}
RESULT: {"using":"xpath","value":"//*[@id=\"__xmlview58--addressTitle-arrow\"]"}
COMMAND: POST /session/771d3c9ffdb5f6a869ae0a3bf138e088/element/f.C725D2739C9BAC73399F894D32ABC418.d.7EF2F19C5175BA33241234519EECD1FA.e.445/click - {}
RESULT: {}
COMMAND: POST /session/771d3c9ffdb5f6a869ae0a3bf138e088/execute/async - {"script":"<script> [1562 bytes]","args":[{"selector":{"controlType":"sap.m.StandardListItem","viewName":"etm.portal.ui.addressmanagement.view.EditDetail","properties":{"title":"Dr."},"searchOpenDialogs":true},"wdio_ui5_key":"etmportal.ui.addressmanagement.view.EditDetailsap.m.StandardListItem{\"title\":\"Dr.\"}"}]}
COMMAND: GET /session/771d3c9ffdb5f6a869ae0a3bf138e088/screenshot - {}
RESULT: {"script":"<script> [1562 bytes]","args":[{"selector":{"controlType":"sap.m.StandardListItem","viewName":"etm.portal.ui.addressmanagement.view.EditDetail","properties":{"title":"Dr."},"searchOpenDialogs":true},"wdio_ui5_key":"etmportal.ui.addressmanagement.view.EditDetailsap.m.StandardListItem{\"title\":\"Dr.\"}"}]}
RESULT: undefined
COMMAND: POST /session/771d3c9ffdb5f6a869ae0a3bf138e088/element - {"using":"xpath","value":"//*[@id=\"__item229\"]"}
RESULT: {}
RESULT: {"using":"xpath","value":"//*[@id=\"__item229\"]"}
COMMAND: POST /session/771d3c9ffdb5f6a869ae0a3bf138e088/element/f.C725D2739C9BAC73399F894D32ABC418.d.7EF2F19C5175BA33241234519EECD1FA.e.446/click - {}
RESULT: {}
COMMAND: POST /session/771d3c9ffdb5f6a869ae0a3bf138e088/execute/async - {"script":"<script> [1562 bytes]","args":[{"selector":{"controlType":"sap.m.Button","viewName":"etm.portal.ui.addressmanagement.view.EditDetail","i18NText":{"propertyName":"text","key":"save"}},"wdio_ui5_key":"etmportal.ui.addressmanagement.view.EditDetailsap.m.Button{\"propertyName\":\"text\",\"key\":\"save\"}"}]}
COMMAND: GET /session/771d3c9ffdb5f6a869ae0a3bf138e088/screenshot - {}
RESULT: {"script":"<script> [1562 bytes]","args":[{"selector":{"controlType":"sap.m.Button","viewName":"etm.portal.ui.addressmanagement.view.EditDetail","i18NText":{"propertyName":"text","key":"save"}},"wdio_ui5_key":"etmportal.ui.addressmanagement.view.EditDetailsap.m.Button{\"propertyName\":\"text\",\"key\":\"save\"}"}]}
RESULT: undefined
COMMAND: POST /session/771d3c9ffdb5f6a869ae0a3bf138e088/element - {"using":"xpath","value":"//*[@id=\"__button39\"]"}
RESULT: {}
RESULT: {"using":"xpath","value":"//*[@id=\"__button39\"]"}
COMMAND: POST /session/771d3c9ffdb5f6a869ae0a3bf138e088/element/f.C725D2739C9BAC73399F894D32ABC418.d.7EF2F19C5175BA33241234519EECD1FA.e.447/click - {}
RESULT: {}
COMMAND: GET /session/771d3c9ffdb5f6a869ae0a3bf138e088/screenshot - {}
RESULT: {}
COMMAND: POST /session/771d3c9ffdb5f6a869ae0a3bf138e088/element - {"using":"xpath","value":"//span[@id=\"application-addressmanagement-display-component---detailAdm--addressTitle\"]"}
RESULT: {"using":"xpath","value":"//span[@id=\"application-addressmanagement-display-component---detailAdm--addressTitle\"]"}
COMMAND: GET /session/771d3c9ffdb5f6a869ae0a3bf138e088/element/f.C725D2739C9BAC73399F894D32ABC418.d.7EF2F19C5175BA33241234519EECD1FA.e.458/text - {}
RESULT: {}
COMMAND: POST /session/771d3c9ffdb5f6a869ae0a3bf138e088/element - {"using":"xpath","value":"//span[@id=\"application-addressmanagement-display-component---detailAdm--addressDetailDetailsName1\"]"}
RESULT: {"using":"xpath","value":"//span[@id=\"application-addressmanagement-display-component---detailAdm--addressDetailDetailsName1\"]"}
COMMAND: GET /session/771d3c9ffdb5f6a869ae0a3bf138e088/element/f.C725D2739C9BAC73399F894D32ABC418.d.7EF2F19C5175BA33241234519EECD1FA.e.388/text - {}
RESULT: {}
COMMAND: POST /session/771d3c9ffdb5f6a869ae0a3bf138e088/refresh - {}
RESULT: {}
COMMAND: GET /session/771d3c9ffdb5f6a869ae0a3bf138e088/screenshot - {}
RESULT: {}
COMMAND: POST /session/771d3c9ffdb5f6a869ae0a3bf138e088/refresh - {}
RESULT: {}
COMMAND: GET /session/771d3c9ffdb5f6a869ae0a3bf138e088/screenshot - {}
RESULT: {}
COMMAND: POST /session/771d3c9ffdb5f6a869ae0a3bf138e088/window/fullscreen - {}
RESULT: {}
COMMAND: POST /session/771d3c9ffdb5f6a869ae0a3bf138e088/execute/async - {"script":"<script> [189 bytes]","args":[]}
RESULT: {"script":"<script> [189 bytes]","args":[]}
COMMAND: POST /session/771d3c9ffdb5f6a869ae0a3bf138e088/execute/async - {"script":"<script> [123 bytes]","args":[]}
RESULT: {"script":"<script> [123 bytes]","args":[]}
COMMAND: POST /session/771d3c9ffdb5f6a869ae0a3bf138e088/timeouts - {"script":"<number>"}
RESULT: {"script":"<number>"}
COMMAND: GET /session/771d3c9ffdb5f6a869ae0a3bf138e088/timeouts - {}
RESULT: {}
RESULT: undefined
COMMAND: POST /session/771d3c9ffdb5f6a869ae0a3bf138e088/execute/async - {"script":"<script> [2676 bytes]","args":[]}
RESULT: {"script":"<script> [2676 bytes]","args":[]}
COMMAND: POST /session/771d3c9ffdb5f6a869ae0a3bf138e088/execute/async - {"script":"<script> [2342 bytes]","args":[{"protocol":"http","hostname":"0.0.0.0","path":"/","capabilities":{"browserName":"chrome","goog:chromeOptions":{"binary":"C:\\Program Files\\Google\\Chrome\\Application\\chrome.exe","args":["--start-maximized"]}},"logLevel":"warn","connectionRetryTimeout":120000,"connectionRetryCount":3,"logLevels":{},"enableDirectConnect":true,"strictSSL":true,"_":"65 more keys: [\"cacheDir\",\"port\",\"requestedCapabilities\",\"automationProtocol\",\"baseUrl\",\"waitforInterval\",\"waitforTimeout\",\"onReload\",\"beforeCommand\",\"afterCommand\",\"rootDir\",\"specs\",\"suites\",\"exclude\",\"groupLogsByTestSpec\",\"excludeDriverLogs\",\"bail\",\"framework\",\"reporters\",\"services\",\"maxInstances\",\"maxInstancesPerCapability\",\"injectGlobals\",\"filesToWatch\",\"execArgv\",\"runnerEnv\",\"runner\",\"shard\",\"specFileRetries\",\"specFileRetriesDelay\",\"specFileRetriesDeferred\",\"reporterSyncInterval\",\"reporterSyncTimeout\",\"cucumberFeaturesWithLineNumbers\",\"autoCompileOpts\",\"mochaOpts\",\"jasmineOpts\",\"cucumberOpts\",\"onPrepare\",\"onWorkerStart\",\"onWorkerEnd\",\"before\",\"beforeSession\",\"beforeSuite\",\"beforeHook\",\"beforeTest\",\"afterTest\",\"afterHook\",\"afterSuite\",\"afterSession\",\"after\",\"onComplete\",\"beforeAssertion\",\"afterAssertion\",\"beforeFeature\",\"beforeScenario\",\"beforeStep\",\"afterStep\",\"afterScenario\",\"afterFeature\",\"_\",\"suite\",\"$0\",\"ignoredWorkerServices\",\"wdi5\"]"}]}
RESULT: {"script":"<script> [2342 bytes]","args":[{"protocol":"http","hostname":"0.0.0.0","path":"/","capabilities":{"browserName":"chrome","goog:chromeOptions":{"binary":"C:\\Program Files\\Google\\Chrome\\Application\\chrome.exe","args":["--start-maximized"]}},"logLevel":"warn","connectionRetryTimeout":120000,"connectionRetryCount":3,"logLevels":{},"enableDirectConnect":true,"strictSSL":true,"_":"65 more keys: [\"cacheDir\",\"port\",\"requestedCapabilities\",\"automationProtocol\",\"baseUrl\",\"waitforInterval\",\"waitforTimeout\",\"onReload\",\"beforeCommand\",\"afterCommand\",\"rootDir\",\"specs\",\"suites\",\"exclude\",\"groupLogsByTestSpec\",\"excludeDriverLogs\",\"bail\",\"framework\",\"reporters\",\"services\",\"maxInstances\",\"maxInstancesPerCapability\",\"injectGlobals\",\"filesToWatch\",\"execArgv\",\"runnerEnv\",\"runner\",\"shard\",\"specFileRetries\",\"specFileRetriesDelay\",\"specFileRetriesDeferred\",\"reporterSyncInterval\",\"reporterSyncTimeout\",\"cucumberFeaturesWithLineNumbers\",\"autoCompileOpts\",\"mochaOpts\",\"jasmineOpts\",\"cucumberOpts\",\"onPrepare\",\"onWorkerStart\",\"onWorkerEnd\",\"before\",\"beforeSession\",\"beforeSuite\",\"beforeHook\",\"beforeTest\",\"afterTest\",\"afterHook\",\"afterSuite\",\"afterSession\",\"after\",\"onComplete\",\"beforeAssertion\",\"afterAssertion\",\"beforeFeature\",\"beforeScenario\",\"beforeStep\",\"afterStep\",\"afterScenario\",\"afterFeature\",\"_\",\"suite\",\"$0\",\"ignoredWorkerServices\",\"wdi5\"]"}]}
COMMAND: POST /session/771d3c9ffdb5f6a869ae0a3bf138e088/execute/async - {"script":"<script> [21126 bytes]","args":[35000]}
RESULT: {"script":"<script> [21126 bytes]","args":[35000]}
COMMAND: POST /session/771d3c9ffdb5f6a869ae0a3bf138e088/element - {"using":"css selector","value":"#shell-header-logo"}
RESULT: {"using":"css selector","value":"#shell-header-logo"}
COMMAND: POST /session/771d3c9ffdb5f6a869ae0a3bf138e088/element/f.C725D2739C9BAC73399F894D32ABC418.d.68C2F3828EEDD02CEA4EF4B2AA7FFD61.e.804/click - {}
RESULT: {}
COMMAND: GET /session/771d3c9ffdb5f6a869ae0a3bf138e088/screenshot - {}
RESULT: {}
COMMAND: POST /session/771d3c9ffdb5f6a869ae0a3bf138e088/execute/async - {"script":"<script> [1562 bytes]","args":[{"selector":{"controlType":"sap.m.GenericTile","properties":{"header":"Manage Yards"}},"wdio_ui5_key":"sapm.GenericTile{\"header\":\"Manage Yards\"}"}]}
RESULT: {"script":"<script> [1562 bytes]","args":[{"selector":{"controlType":"sap.m.GenericTile","properties":{"header":"Manage Yards"}},"wdio_ui5_key":"sapm.GenericTile{\"header\":\"Manage Yards\"}"}]}
RESULT: undefined
COMMAND: POST /session/771d3c9ffdb5f6a869ae0a3bf138e088/element - {"using":"xpath","value":"//*[@id=\"__tile52\"]"}
RESULT: {"using":"xpath","value":"//*[@id=\"__tile52\"]"}
COMMAND: POST /session/771d3c9ffdb5f6a869ae0a3bf138e088/element/f.C725D2739C9BAC73399F894D32ABC418.d.68C2F3828EEDD02CEA4EF4B2AA7FFD61.e.954/click - {}
RESULT: {}
]]></system-out>
    </testcase>
  </testsuite>
  <testsuite timestamp="2025-04-23T15:27:22" time="245.107" tests="2" failures="0" errors="0" skipped="0">
    <properties>
      <property name="specId" value="0"/>
      <property name="suiteName" value="Create 2 Yards US112496"/>
      <property name="capabilities" value="chrome.135_0_7049_96.windows"/>
      <property name="file" value="file:///D:/a/1/s/test/specs/R2C/create-yard.spec.js"/>
    </properties>
    <testcase classname="chrome.135_0_7049_96.windows.Create_2_Yards_US112496" name="Should create a new simple yard" time="117.031">
      <system-out><![CDATA[
COMMAND: GET /session/771d3c9ffdb5f6a869ae0a3bf138e088/screenshot - {}
RESULT: {}
COMMAND: POST /session/771d3c9ffdb5f6a869ae0a3bf138e088/execute/async - {"script":"<script> [1562 bytes]","args":[{"selector":{"controlType":"sap.ui.core.Icon","viewName":"etm.portal.ui.manageyards.view.Master","viewId":"application-manageyards-display-component---masterYard","properties":{"src":{"regex":{"source":"add"}}}},"wdio_ui5_key":"etmportal.ui.manageyards.view.Mastersap.ui.core.Icon{\"src\":{\"regex\":{\"source\":\"add\"}}}"}]}
RESULT: {"script":"<script> [1562 bytes]","args":[{"selector":{"controlType":"sap.ui.core.Icon","viewName":"etm.portal.ui.manageyards.view.Master","viewId":"application-manageyards-display-component---masterYard","properties":{"src":{"regex":{"source":"add"}}}},"wdio_ui5_key":"etmportal.ui.manageyards.view.Mastersap.ui.core.Icon{\"src\":{\"regex\":{\"source\":\"add\"}}}"}]}
RESULT: undefined
COMMAND: POST /session/771d3c9ffdb5f6a869ae0a3bf138e088/element - {"using":"xpath","value":"//*[@id=\"__button25-img\"]"}
RESULT: {"using":"xpath","value":"//*[@id=\"__button25-img\"]"}
COMMAND: POST /session/771d3c9ffdb5f6a869ae0a3bf138e088/element/f.C725D2739C9BAC73399F894D32ABC418.d.68C2F3828EEDD02CEA4EF4B2AA7FFD61.e.1000/click - {}
RESULT: {}
COMMAND: GET /session/771d3c9ffdb5f6a869ae0a3bf138e088/screenshot - {}
RESULT: {}
COMMAND: POST /session/771d3c9ffdb5f6a869ae0a3bf138e088/execute/async - {"script":"<script> [1562 bytes]","args":[{"selector":{"id":"application-manageyards-display-component---NewYard--yardId","interaction":{"idSuffix":"inner"}},"wdio_ui5_key":"applicationmanageyards-display-component---NewYard--yardId"}]}
RESULT: {"script":"<script> [1562 bytes]","args":[{"selector":{"id":"application-manageyards-display-component---NewYard--yardId","interaction":{"idSuffix":"inner"}},"wdio_ui5_key":"applicationmanageyards-display-component---NewYard--yardId"}]}
RESULT: undefined
COMMAND: POST /session/771d3c9ffdb5f6a869ae0a3bf138e088/element - {"using":"xpath","value":"//*[@id=\"application-manageyards-display-component---NewYard--addressDetailDetailsName1-inner\"]"}
RESULT: {"using":"xpath","value":"//*[@id=\"application-manageyards-display-component---NewYard--addressDetailDetailsName1-inner\"]"}
COMMAND: POST /session/771d3c9ffdb5f6a869ae0a3bf138e088/element/f.C725D2739C9BAC73399F894D32ABC418.d.68C2F3828EEDD02CEA4EF4B2AA7FFD61.e.1224/clear - {}
RESULT: {}
COMMAND: POST /session/771d3c9ffdb5f6a869ae0a3bf138e088/element/f.C725D2739C9BAC73399F894D32ABC418.d.68C2F3828EEDD02CEA4EF4B2AA7FFD61.e.1224/value - {"text":"Webdriver Yard o3tdq"}
COMMAND: GET /session/771d3c9ffdb5f6a869ae0a3bf138e088/screenshot - {}
RESULT: {"text":"Webdriver Yard o3tdq"}
COMMAND: POST /session/771d3c9ffdb5f6a869ae0a3bf138e088/element - {"using":"xpath","value":"//*[@id=\"application-manageyards-display-component---NewYard--addressDetailDetailsLanguage-inner\"]"}
COMMAND: GET /session/771d3c9ffdb5f6a869ae0a3bf138e088/screenshot - {}
RESULT: {}
RESULT: {"using":"xpath","value":"//*[@id=\"application-manageyards-display-component---NewYard--addressDetailDetailsLanguage-inner\"]"}
COMMAND: POST /session/771d3c9ffdb5f6a869ae0a3bf138e088/element/f.C725D2739C9BAC73399F894D32ABC418.d.68C2F3828EEDD02CEA4EF4B2AA7FFD61.e.1225/clear - {}
RESULT: {}
RESULT: {}
COMMAND: POST /session/771d3c9ffdb5f6a869ae0a3bf138e088/element/f.C725D2739C9BAC73399F894D32ABC418.d.68C2F3828EEDD02CEA4EF4B2AA7FFD61.e.1225/value - {"text":"Romanian"}
COMMAND: GET /session/771d3c9ffdb5f6a869ae0a3bf138e088/screenshot - {}
RESULT: {"text":"Romanian"}
COMMAND: GET /session/771d3c9ffdb5f6a869ae0a3bf138e088/screenshot - {}
RESULT: {}
RESULT: {}
COMMAND: POST /session/771d3c9ffdb5f6a869ae0a3bf138e088/element - {"using":"xpath","value":"//*[@id=\"application-manageyards-display-component---NewYard--addressDetailDetailsCity1-inner\"]"}
RESULT: {"using":"xpath","value":"//*[@id=\"application-manageyards-display-component---NewYard--addressDetailDetailsCity1-inner\"]"}
COMMAND: POST /session/771d3c9ffdb5f6a869ae0a3bf138e088/element/f.C725D2739C9BAC73399F894D32ABC418.d.68C2F3828EEDD02CEA4EF4B2AA7FFD61.e.1227/clear - {}
RESULT: {}
COMMAND: POST /session/771d3c9ffdb5f6a869ae0a3bf138e088/element/f.C725D2739C9BAC73399F894D32ABC418.d.68C2F3828EEDD02CEA4EF4B2AA7FFD61.e.1227/value - {"text":"Bucuresti"}
COMMAND: GET /session/771d3c9ffdb5f6a869ae0a3bf138e088/screenshot - {}
RESULT: {"text":"Bucuresti"}
COMMAND: GET /session/771d3c9ffdb5f6a869ae0a3bf138e088/screenshot - {}
RESULT: {}
RESULT: {}
COMMAND: POST /session/771d3c9ffdb5f6a869ae0a3bf138e088/element - {"using":"xpath","value":"//*[@id=\"application-manageyards-display-component---NewYard--addressDetailDetailsCountry-inner\"]"}
RESULT: {"using":"xpath","value":"//*[@id=\"application-manageyards-display-component---NewYard--addressDetailDetailsCountry-inner\"]"}
COMMAND: POST /session/771d3c9ffdb5f6a869ae0a3bf138e088/element/f.C725D2739C9BAC73399F894D32ABC418.d.68C2F3828EEDD02CEA4EF4B2AA7FFD61.e.1231/clear - {}
RESULT: {}
COMMAND: POST /session/771d3c9ffdb5f6a869ae0a3bf138e088/element/f.C725D2739C9BAC73399F894D32ABC418.d.68C2F3828EEDD02CEA4EF4B2AA7FFD61.e.1231/value - {"text":"Romania"}
COMMAND: GET /session/771d3c9ffdb5f6a869ae0a3bf138e088/screenshot - {}
RESULT: {"text":"Romania"}
COMMAND: GET /session/771d3c9ffdb5f6a869ae0a3bf138e088/screenshot - {}
RESULT: {}
RESULT: {}
COMMAND: POST /session/771d3c9ffdb5f6a869ae0a3bf138e088/element - {"using":"xpath","value":"//div[contains(text(), \"Commercial\")]"}
RESULT: {"using":"xpath","value":"//div[contains(text(), \"Commercial\")]"}
COMMAND: GET /session/771d3c9ffdb5f6a869ae0a3bf138e088/element/f.C725D2739C9BAC73399F894D32ABC418.d.68C2F3828EEDD02CEA4EF4B2AA7FFD61.e.1429/rect - {}
RESULT: {}
COMMAND: GET /session/771d3c9ffdb5f6a869ae0a3bf138e088/window/rect - {}
RESULT: {}
COMMAND: POST /session/771d3c9ffdb5f6a869ae0a3bf138e088/execute/sync - {"script":"<script> [92 bytes]","args":[]}
RESULT: {"script":"<script> [92 bytes]","args":[]}
COMMAND: POST /session/771d3c9ffdb5f6a869ae0a3bf138e088/actions - {"actions":[{"id":"action2","type":"wheel","parameters":{},"actions":[{"type":"scroll","x":-1825,"y":-44,"deltaX":0,"deltaY":0,"duration":0,"origin":{"element-6066-11e4-a52e-4f735466cecf":"f.C725D2739C9BAC73399F894D32ABC418.d.68C2F3828EEDD02CEA4EF4B2AA7FFD61.e.1429"}}]}]}
COMMAND: GET /session/771d3c9ffdb5f6a869ae0a3bf138e088/screenshot - {}
RESULT: {}
COMMAND: POST /session/771d3c9ffdb5f6a869ae0a3bf138e088/execute/sync - {"script":"<script> [79 bytes]","args":[{"element-6066-11e4-a52e-4f735466cecf":"f.C725D2739C9BAC73399F894D32ABC418.d.68C2F3828EEDD02CEA4EF4B2AA7FFD61.e.1429","ELEMENT":"f.C725D2739C9BAC73399F894D32ABC418.d.68C2F3828EEDD02CEA4EF4B2AA7FFD61.e.1429"},{"block":"start","inline":"nearest"}]}
RESULT: {"script":"<script> [79 bytes]","args":[{"element-6066-11e4-a52e-4f735466cecf":"f.C725D2739C9BAC73399F894D32ABC418.d.68C2F3828EEDD02CEA4EF4B2AA7FFD61.e.1429","ELEMENT":"f.C725D2739C9BAC73399F894D32ABC418.d.68C2F3828EEDD02CEA4EF4B2AA7FFD61.e.1429"},{"block":"start","inline":"nearest"}]}
COMMAND: GET /session/771d3c9ffdb5f6a869ae0a3bf138e088/screenshot - {}
RESULT: {}
COMMAND: POST /session/771d3c9ffdb5f6a869ae0a3bf138e088/element - {"using":"xpath","value":"//input[@id='application-manageyards-display-component---NewYard--addressEditDetailsCostObjectCstType-inner']"}
RESULT: {"using":"xpath","value":"//input[@id='application-manageyards-display-component---NewYard--addressEditDetailsCostObjectCstType-inner']"}
COMMAND: POST /session/771d3c9ffdb5f6a869ae0a3bf138e088/execute/sync - {"script":"<script> [8489 bytes]","args":[{"element-6066-11e4-a52e-4f735466cecf":"f.C725D2739C9BAC73399F894D32ABC418.d.68C2F3828EEDD02CEA4EF4B2AA7FFD61.e.1237","ELEMENT":"f.C725D2739C9BAC73399F894D32ABC418.d.68C2F3828EEDD02CEA4EF4B2AA7FFD61.e.1237"}]}
RESULT: {"script":"<script> [8489 bytes]","args":[{"element-6066-11e4-a52e-4f735466cecf":"f.C725D2739C9BAC73399F894D32ABC418.d.68C2F3828EEDD02CEA4EF4B2AA7FFD61.e.1237","ELEMENT":"f.C725D2739C9BAC73399F894D32ABC418.d.68C2F3828EEDD02CEA4EF4B2AA7FFD61.e.1237"}]}
COMMAND: POST /session/771d3c9ffdb5f6a869ae0a3bf138e088/element/f.C725D2739C9BAC73399F894D32ABC418.d.68C2F3828EEDD02CEA4EF4B2AA7FFD61.e.1237/clear - {}
COMMAND: GET /session/771d3c9ffdb5f6a869ae0a3bf138e088/screenshot - {}
RESULT: {}
COMMAND: POST /session/771d3c9ffdb5f6a869ae0a3bf138e088/element/f.C725D2739C9BAC73399F894D32ABC418.d.68C2F3828EEDD02CEA4EF4B2AA7FFD61.e.1237/value - {"text":"Cost"}
COMMAND: GET /session/771d3c9ffdb5f6a869ae0a3bf138e088/screenshot - {}
RESULT: {}
RESULT: {"text":"Cost"}
COMMAND: GET /session/771d3c9ffdb5f6a869ae0a3bf138e088/screenshot - {}
RESULT: {}
RESULT: {}
COMMAND: POST /session/771d3c9ffdb5f6a869ae0a3bf138e088/execute/async - {"script":"<script> [1562 bytes]","args":[{"selector":{"id":"application-manageyards-display-component---NewYard--addressNewCostObjectCstID","interaction":{"idSuffix":"inner"}},"wdio_ui5_key":"applicationmanageyards-display-component---NewYard--addressNewCostObjectCstID"}]}
RESULT: {"script":"<script> [1562 bytes]","args":[{"selector":{"id":"application-manageyards-display-component---NewYard--addressNewCostObjectCstID","interaction":{"idSuffix":"inner"}},"wdio_ui5_key":"applicationmanageyards-display-component---NewYard--addressNewCostObjectCstID"}]}
RESULT: undefined
COMMAND: POST /session/771d3c9ffdb5f6a869ae0a3bf138e088/execute/async - {"script":"<script> [776 bytes]","args":[{"enterText":"10001013","selector":{"id":"application-manageyards-display-component---NewYard--addressNewCostObjectCstID","interaction":{"idSuffix":"inner"}},"clearTextFirst":true,"interactionType":"ENTER_TEXT"}]}
RESULT: {"script":"<script> [776 bytes]","args":[{"enterText":"10001013","selector":{"id":"application-manageyards-display-component---NewYard--addressNewCostObjectCstID","interaction":{"idSuffix":"inner"}},"clearTextFirst":true,"interactionType":"ENTER_TEXT"}]}
COMMAND: POST /session/771d3c9ffdb5f6a869ae0a3bf138e088/actions - {"actions":[{"id":"action3","type":"key","parameters":{},"actions":[{"type":"keyDown","value":""},{"type":"pause","duration":10},{"type":"keyUp","value":""}]}]}
RESULT: {"actions":[{"id":"action3","type":"key","parameters":{},"actions":[{"type":"keyDown","value":""},{"type":"pause","duration":10},{"type":"keyUp","value":""}]}]}
COMMAND: GET /session/771d3c9ffdb5f6a869ae0a3bf138e088/screenshot - {}
RESULT: {}
COMMAND: POST /session/771d3c9ffdb5f6a869ae0a3bf138e088/execute/async - {"script":"<script> [1562 bytes]","args":[{"selector":{"controlType":"sap.m.Button","viewName":"etm.portal.ui.manageyards.view.New","viewId":"application-manageyards-display-component---NewYard","i18NText":{"propertyName":"text","key":"save"},"interaction":{"idSuffix":"inner"}},"wdio_ui5_key":"etmportal.ui.manageyards.view.Newsap.m.Button{\"propertyName\":\"text\",\"key\":\"save\"}"}]}
RESULT: {"script":"<script> [1562 bytes]","args":[{"selector":{"controlType":"sap.m.Button","viewName":"etm.portal.ui.manageyards.view.New","viewId":"application-manageyards-display-component---NewYard","i18NText":{"propertyName":"text","key":"save"},"interaction":{"idSuffix":"inner"}},"wdio_ui5_key":"etmportal.ui.manageyards.view.Newsap.m.Button{\"propertyName\":\"text\",\"key\":\"save\"}"}]}
RESULT: undefined
COMMAND: POST /session/771d3c9ffdb5f6a869ae0a3bf138e088/element - {"using":"xpath","value":"//*[@id=\"__button39\"]"}
RESULT: {"using":"xpath","value":"//*[@id=\"__button39\"]"}
COMMAND: POST /session/771d3c9ffdb5f6a869ae0a3bf138e088/element/f.C725D2739C9BAC73399F894D32ABC418.d.68C2F3828EEDD02CEA4EF4B2AA7FFD61.e.1405/click - {}
RESULT: {}
COMMAND: GET /session/771d3c9ffdb5f6a869ae0a3bf138e088/screenshot - {}
RESULT: {}
COMMAND: POST /session/771d3c9ffdb5f6a869ae0a3bf138e088/element - {"using":"xpath","value":"//header/div/div/div/div/div/div[2]/div/span"}
RESULT: {"using":"xpath","value":"//header/div/div/div/div/div/div[2]/div/span"}
COMMAND: GET /session/771d3c9ffdb5f6a869ae0a3bf138e088/element/f.C725D2739C9BAC73399F894D32ABC418.d.68C2F3828EEDD02CEA4EF4B2AA7FFD61.e.1651/text - {}
RESULT: {}
COMMAND: POST /session/771d3c9ffdb5f6a869ae0a3bf138e088/element - {"using":"xpath","value":"//header/div/div[2]/div[2]/span"}
RESULT: {"using":"xpath","value":"//header/div/div[2]/div[2]/span"}
COMMAND: GET /session/771d3c9ffdb5f6a869ae0a3bf138e088/element/f.C725D2739C9BAC73399F894D32ABC418.d.68C2F3828EEDD02CEA4EF4B2AA7FFD61.e.1652/text - {}
RESULT: {}
COMMAND: POST /session/771d3c9ffdb5f6a869ae0a3bf138e088/execute/async - {"script":"<script> [1562 bytes]","args":[{"selector":{"controlType":"sap.m.OverflowToolbarButton","viewName":"etm.portal.ui.manageyards.view.Detail","viewId":"application-manageyards-display-component---detailYard","i18NText":{"propertyName":"tooltip","key":"closeColumn"},"interaction":{"idSuffix":"inner"}},"wdio_ui5_key":"etmportal.ui.manageyards.view.Detailsap.m.OverflowToolbarButton{\"propertyName\":\"tooltip\",\"key\":\"closeColumn\"}"}]}
RESULT: {"script":"<script> [1562 bytes]","args":[{"selector":{"controlType":"sap.m.OverflowToolbarButton","viewName":"etm.portal.ui.manageyards.view.Detail","viewId":"application-manageyards-display-component---detailYard","i18NText":{"propertyName":"tooltip","key":"closeColumn"},"interaction":{"idSuffix":"inner"}},"wdio_ui5_key":"etmportal.ui.manageyards.view.Detailsap.m.OverflowToolbarButton{\"propertyName\":\"tooltip\",\"key\":\"closeColumn\"}"}]}
RESULT: undefined
COMMAND: POST /session/771d3c9ffdb5f6a869ae0a3bf138e088/element - {"using":"xpath","value":"//*[@id=\"__button62\"]"}
RESULT: {"using":"xpath","value":"//*[@id=\"__button62\"]"}
COMMAND: POST /session/771d3c9ffdb5f6a869ae0a3bf138e088/element/f.C725D2739C9BAC73399F894D32ABC418.d.68C2F3828EEDD02CEA4EF4B2AA7FFD61.e.1654/click - {}
RESULT: {}
COMMAND: POST /session/771d3c9ffdb5f6a869ae0a3bf138e088/refresh - {}
COMMAND: GET /session/771d3c9ffdb5f6a869ae0a3bf138e088/screenshot - {}
RESULT: {}
RESULT: {}
COMMAND: GET /session/771d3c9ffdb5f6a869ae0a3bf138e088/screenshot - {}
RESULT: {}
COMMAND: POST /session/771d3c9ffdb5f6a869ae0a3bf138e088/refresh - {}
RESULT: {}
COMMAND: GET /session/771d3c9ffdb5f6a869ae0a3bf138e088/screenshot - {}
COMMAND: POST /session/771d3c9ffdb5f6a869ae0a3bf138e088/window/fullscreen - {}
RESULT: {}
RESULT: {}
COMMAND: POST /session/771d3c9ffdb5f6a869ae0a3bf138e088/execute/async - {"script":"<script> [189 bytes]","args":[]}
RESULT: {"script":"<script> [189 bytes]","args":[]}
COMMAND: POST /session/771d3c9ffdb5f6a869ae0a3bf138e088/execute/async - {"script":"<script> [123 bytes]","args":[]}
RESULT: {"script":"<script> [123 bytes]","args":[]}
COMMAND: POST /session/771d3c9ffdb5f6a869ae0a3bf138e088/timeouts - {"script":"<number>"}
RESULT: {"script":"<number>"}
COMMAND: GET /session/771d3c9ffdb5f6a869ae0a3bf138e088/timeouts - {}
RESULT: {}
RESULT: undefined
COMMAND: POST /session/771d3c9ffdb5f6a869ae0a3bf138e088/execute/async - {"script":"<script> [2676 bytes]","args":[]}
RESULT: {"script":"<script> [2676 bytes]","args":[]}
COMMAND: POST /session/771d3c9ffdb5f6a869ae0a3bf138e088/execute/async - {"script":"<script> [2342 bytes]","args":[{"protocol":"http","hostname":"0.0.0.0","path":"/","capabilities":{"browserName":"chrome","goog:chromeOptions":{"binary":"C:\\Program Files\\Google\\Chrome\\Application\\chrome.exe","args":["--start-maximized"]}},"logLevel":"warn","connectionRetryTimeout":120000,"connectionRetryCount":3,"logLevels":{},"enableDirectConnect":true,"strictSSL":true,"_":"65 more keys: [\"cacheDir\",\"port\",\"requestedCapabilities\",\"automationProtocol\",\"baseUrl\",\"waitforInterval\",\"waitforTimeout\",\"onReload\",\"beforeCommand\",\"afterCommand\",\"rootDir\",\"specs\",\"suites\",\"exclude\",\"groupLogsByTestSpec\",\"excludeDriverLogs\",\"bail\",\"framework\",\"reporters\",\"services\",\"maxInstances\",\"maxInstancesPerCapability\",\"injectGlobals\",\"filesToWatch\",\"execArgv\",\"runnerEnv\",\"runner\",\"shard\",\"specFileRetries\",\"specFileRetriesDelay\",\"specFileRetriesDeferred\",\"reporterSyncInterval\",\"reporterSyncTimeout\",\"cucumberFeaturesWithLineNumbers\",\"autoCompileOpts\",\"mochaOpts\",\"jasmineOpts\",\"cucumberOpts\",\"onPrepare\",\"onWorkerStart\",\"onWorkerEnd\",\"before\",\"beforeSession\",\"beforeSuite\",\"beforeHook\",\"beforeTest\",\"afterTest\",\"afterHook\",\"afterSuite\",\"afterSession\",\"after\",\"onComplete\",\"beforeAssertion\",\"afterAssertion\",\"beforeFeature\",\"beforeScenario\",\"beforeStep\",\"afterStep\",\"afterScenario\",\"afterFeature\",\"_\",\"suite\",\"$0\",\"ignoredWorkerServices\",\"wdi5\"]"}]}
RESULT: {"script":"<script> [2342 bytes]","args":[{"protocol":"http","hostname":"0.0.0.0","path":"/","capabilities":{"browserName":"chrome","goog:chromeOptions":{"binary":"C:\\Program Files\\Google\\Chrome\\Application\\chrome.exe","args":["--start-maximized"]}},"logLevel":"warn","connectionRetryTimeout":120000,"connectionRetryCount":3,"logLevels":{},"enableDirectConnect":true,"strictSSL":true,"_":"65 more keys: [\"cacheDir\",\"port\",\"requestedCapabilities\",\"automationProtocol\",\"baseUrl\",\"waitforInterval\",\"waitforTimeout\",\"onReload\",\"beforeCommand\",\"afterCommand\",\"rootDir\",\"specs\",\"suites\",\"exclude\",\"groupLogsByTestSpec\",\"excludeDriverLogs\",\"bail\",\"framework\",\"reporters\",\"services\",\"maxInstances\",\"maxInstancesPerCapability\",\"injectGlobals\",\"filesToWatch\",\"execArgv\",\"runnerEnv\",\"runner\",\"shard\",\"specFileRetries\",\"specFileRetriesDelay\",\"specFileRetriesDeferred\",\"reporterSyncInterval\",\"reporterSyncTimeout\",\"cucumberFeaturesWithLineNumbers\",\"autoCompileOpts\",\"mochaOpts\",\"jasmineOpts\",\"cucumberOpts\",\"onPrepare\",\"onWorkerStart\",\"onWorkerEnd\",\"before\",\"beforeSession\",\"beforeSuite\",\"beforeHook\",\"beforeTest\",\"afterTest\",\"afterHook\",\"afterSuite\",\"afterSession\",\"after\",\"onComplete\",\"beforeAssertion\",\"afterAssertion\",\"beforeFeature\",\"beforeScenario\",\"beforeStep\",\"afterStep\",\"afterScenario\",\"afterFeature\",\"_\",\"suite\",\"$0\",\"ignoredWorkerServices\",\"wdi5\"]"}]}
COMMAND: POST /session/771d3c9ffdb5f6a869ae0a3bf138e088/execute/async - {"script":"<script> [21126 bytes]","args":[35000]}
RESULT: {"script":"<script> [21126 bytes]","args":[35000]}
]]></system-out>
    </testcase>
    <testcase classname="chrome.135_0_7049_96.windows.Create_2_Yards_US112496" name="Should create a WHM yard" time="71.207">
      <system-out><![CDATA[
COMMAND: POST /session/771d3c9ffdb5f6a869ae0a3bf138e088/execute/async - {"script":"<script> [1562 bytes]","args":[{"selector":{"controlType":"sap.ui.core.Icon","viewName":"etm.portal.ui.manageyards.view.Master","viewId":"application-manageyards-display-component---masterYard","properties":{"src":{"regex":{"source":"add"}}}},"wdio_ui5_key":"etmportal.ui.manageyards.view.Mastersap.ui.core.Icon{\"src\":{\"regex\":{\"source\":\"add\"}}}"}]}
RESULT: {"script":"<script> [1562 bytes]","args":[{"selector":{"controlType":"sap.ui.core.Icon","viewName":"etm.portal.ui.manageyards.view.Master","viewId":"application-manageyards-display-component---masterYard","properties":{"src":{"regex":{"source":"add"}}}},"wdio_ui5_key":"etmportal.ui.manageyards.view.Mastersap.ui.core.Icon{\"src\":{\"regex\":{\"source\":\"add\"}}}"}]}
RESULT: undefined
COMMAND: POST /session/771d3c9ffdb5f6a869ae0a3bf138e088/element - {"using":"xpath","value":"//*[@id=\"__button2-img\"]"}
RESULT: {"using":"xpath","value":"//*[@id=\"__button2-img\"]"}
COMMAND: POST /session/771d3c9ffdb5f6a869ae0a3bf138e088/element/f.C725D2739C9BAC73399F894D32ABC418.d.B565369E3BAA9A2F8B679CE37F627961.e.2257/click - {}
RESULT: {}
COMMAND: GET /session/771d3c9ffdb5f6a869ae0a3bf138e088/screenshot - {}
RESULT: {}
COMMAND: POST /session/771d3c9ffdb5f6a869ae0a3bf138e088/execute/async - {"script":"<script> [1562 bytes]","args":[{"selector":{"id":"application-manageyards-display-component---NewYard--yardId","interaction":{"idSuffix":"inner"}},"wdio_ui5_key":"applicationmanageyards-display-component---NewYard--yardId"}]}
RESULT: {"script":"<script> [1562 bytes]","args":[{"selector":{"id":"application-manageyards-display-component---NewYard--yardId","interaction":{"idSuffix":"inner"}},"wdio_ui5_key":"applicationmanageyards-display-component---NewYard--yardId"}]}
RESULT: undefined
COMMAND: POST /session/771d3c9ffdb5f6a869ae0a3bf138e088/element - {"using":"xpath","value":"//*[@id=\"application-manageyards-display-component---NewYard--addressDetailDetailsName1-inner\"]"}
RESULT: {"using":"xpath","value":"//*[@id=\"application-manageyards-display-component---NewYard--addressDetailDetailsName1-inner\"]"}
COMMAND: POST /session/771d3c9ffdb5f6a869ae0a3bf138e088/element/f.C725D2739C9BAC73399F894D32ABC418.d.B565369E3BAA9A2F8B679CE37F627961.e.2483/clear - {}
RESULT: {}
COMMAND: POST /session/771d3c9ffdb5f6a869ae0a3bf138e088/element/f.C725D2739C9BAC73399F894D32ABC418.d.B565369E3BAA9A2F8B679CE37F627961.e.2483/value - {"text":"Webdriver WHM Yard a2qrd"}
COMMAND: GET /session/771d3c9ffdb5f6a869ae0a3bf138e088/screenshot - {}
RESULT: {"text":"Webdriver WHM Yard a2qrd"}
COMMAND: POST /session/771d3c9ffdb5f6a869ae0a3bf138e088/element - {"using":"xpath","value":"//*[@id=\"application-manageyards-display-component---NewYard--addressDetailDetailsLanguage-inner\"]"}
COMMAND: GET /session/771d3c9ffdb5f6a869ae0a3bf138e088/screenshot - {}
RESULT: {}
RESULT: {"using":"xpath","value":"//*[@id=\"application-manageyards-display-component---NewYard--addressDetailDetailsLanguage-inner\"]"}
COMMAND: POST /session/771d3c9ffdb5f6a869ae0a3bf138e088/element/f.C725D2739C9BAC73399F894D32ABC418.d.B565369E3BAA9A2F8B679CE37F627961.e.2484/clear - {}
RESULT: {}
RESULT: {}
COMMAND: POST /session/771d3c9ffdb5f6a869ae0a3bf138e088/element/f.C725D2739C9BAC73399F894D32ABC418.d.B565369E3BAA9A2F8B679CE37F627961.e.2484/value - {"text":"Romanian"}
COMMAND: GET /session/771d3c9ffdb5f6a869ae0a3bf138e088/screenshot - {}
RESULT: {"text":"Romanian"}
COMMAND: GET /session/771d3c9ffdb5f6a869ae0a3bf138e088/screenshot - {}
RESULT: {}
RESULT: {}
COMMAND: POST /session/771d3c9ffdb5f6a869ae0a3bf138e088/element - {"using":"xpath","value":"//*[@id=\"application-manageyards-display-component---NewYard--addressDetailDetailsCity1-inner\"]"}
RESULT: {"using":"xpath","value":"//*[@id=\"application-manageyards-display-component---NewYard--addressDetailDetailsCity1-inner\"]"}
COMMAND: POST /session/771d3c9ffdb5f6a869ae0a3bf138e088/element/f.C725D2739C9BAC73399F894D32ABC418.d.B565369E3BAA9A2F8B679CE37F627961.e.2486/clear - {}
RESULT: {}
COMMAND: POST /session/771d3c9ffdb5f6a869ae0a3bf138e088/element/f.C725D2739C9BAC73399F894D32ABC418.d.B565369E3BAA9A2F8B679CE37F627961.e.2486/value - {"text":"Bucuresti"}
COMMAND: GET /session/771d3c9ffdb5f6a869ae0a3bf138e088/screenshot - {}
RESULT: {"text":"Bucuresti"}
COMMAND: GET /session/771d3c9ffdb5f6a869ae0a3bf138e088/screenshot - {}
RESULT: {}
RESULT: {}
COMMAND: POST /session/771d3c9ffdb5f6a869ae0a3bf138e088/element - {"using":"xpath","value":"//*[@id=\"application-manageyards-display-component---NewYard--addressDetailDetailsCountry-inner\"]"}
RESULT: {"using":"xpath","value":"//*[@id=\"application-manageyards-display-component---NewYard--addressDetailDetailsCountry-inner\"]"}
COMMAND: POST /session/771d3c9ffdb5f6a869ae0a3bf138e088/element/f.C725D2739C9BAC73399F894D32ABC418.d.B565369E3BAA9A2F8B679CE37F627961.e.2490/clear - {}
RESULT: {}
COMMAND: POST /session/771d3c9ffdb5f6a869ae0a3bf138e088/element/f.C725D2739C9BAC73399F894D32ABC418.d.B565369E3BAA9A2F8B679CE37F627961.e.2490/value - {"text":"Romania"}
COMMAND: GET /session/771d3c9ffdb5f6a869ae0a3bf138e088/screenshot - {}
RESULT: {"text":"Romania"}
COMMAND: GET /session/771d3c9ffdb5f6a869ae0a3bf138e088/screenshot - {}
RESULT: {}
RESULT: {}
COMMAND: POST /session/771d3c9ffdb5f6a869ae0a3bf138e088/execute/async - {"script":"<script> [1562 bytes]","args":[{"selector":{"controlType":"sap.m.Button","viewName":"etm.portal.ui.manageyards.view.New","viewId":"application-manageyards-display-component---NewYard","properties":{"text":"Commercial"},"interaction":{"idSuffix":"BDI-content"}},"wdio_ui5_key":"etmportal.ui.manageyards.view.Newsap.m.Button{\"text\":\"Commercial\"}"}]}
RESULT: {"script":"<script> [1562 bytes]","args":[{"selector":{"controlType":"sap.m.Button","viewName":"etm.portal.ui.manageyards.view.New","viewId":"application-manageyards-display-component---NewYard","properties":{"text":"Commercial"},"interaction":{"idSuffix":"BDI-content"}},"wdio_ui5_key":"etmportal.ui.manageyards.view.Newsap.m.Button{\"text\":\"Commercial\"}"}]}
RESULT: undefined
COMMAND: POST /session/771d3c9ffdb5f6a869ae0a3bf138e088/element - {"using":"xpath","value":"//*[@id=\"application-manageyards-display-component---NewYard--ObjectPageLayout-anchBar-__section5-anchor\"]"}
RESULT: {"using":"xpath","value":"//*[@id=\"application-manageyards-display-component---NewYard--ObjectPageLayout-anchBar-__section5-anchor\"]"}
COMMAND: POST /session/771d3c9ffdb5f6a869ae0a3bf138e088/element/f.C725D2739C9BAC73399F894D32ABC418.d.B565369E3BAA9A2F8B679CE37F627961.e.2685/click - {}
RESULT: {}
COMMAND: GET /session/771d3c9ffdb5f6a869ae0a3bf138e088/screenshot - {}
RESULT: {}
COMMAND: POST /session/771d3c9ffdb5f6a869ae0a3bf138e088/element - {"using":"xpath","value":"//input[@id='application-manageyards-display-component---NewYard--addressEditDetailsCostObjectCstType-inner']"}
RESULT: {"using":"xpath","value":"//input[@id='application-manageyards-display-component---NewYard--addressEditDetailsCostObjectCstType-inner']"}
COMMAND: POST /session/771d3c9ffdb5f6a869ae0a3bf138e088/execute/sync - {"script":"<script> [8489 bytes]","args":[{"element-6066-11e4-a52e-4f735466cecf":"f.C725D2739C9BAC73399F894D32ABC418.d.B565369E3BAA9A2F8B679CE37F627961.e.2496","ELEMENT":"f.C725D2739C9BAC73399F894D32ABC418.d.B565369E3BAA9A2F8B679CE37F627961.e.2496"}]}
RESULT: {"script":"<script> [8489 bytes]","args":[{"element-6066-11e4-a52e-4f735466cecf":"f.C725D2739C9BAC73399F894D32ABC418.d.B565369E3BAA9A2F8B679CE37F627961.e.2496","ELEMENT":"f.C725D2739C9BAC73399F894D32ABC418.d.B565369E3BAA9A2F8B679CE37F627961.e.2496"}]}
COMMAND: POST /session/771d3c9ffdb5f6a869ae0a3bf138e088/element/f.C725D2739C9BAC73399F894D32ABC418.d.B565369E3BAA9A2F8B679CE37F627961.e.2496/clear - {}
COMMAND: GET /session/771d3c9ffdb5f6a869ae0a3bf138e088/screenshot - {}
RESULT: {}
COMMAND: POST /session/771d3c9ffdb5f6a869ae0a3bf138e088/element/f.C725D2739C9BAC73399F894D32ABC418.d.B565369E3BAA9A2F8B679CE37F627961.e.2496/value - {"text":"Cost"}
COMMAND: GET /session/771d3c9ffdb5f6a869ae0a3bf138e088/screenshot - {}
RESULT: {}
RESULT: {"text":"Cost"}
COMMAND: GET /session/771d3c9ffdb5f6a869ae0a3bf138e088/screenshot - {}
RESULT: {}
RESULT: {}
COMMAND: POST /session/771d3c9ffdb5f6a869ae0a3bf138e088/execute/async - {"script":"<script> [1562 bytes]","args":[{"selector":{"id":"application-manageyards-display-component---NewYard--addressNewCostObjectCstID","interaction":{"idSuffix":"inner"}},"wdio_ui5_key":"applicationmanageyards-display-component---NewYard--addressNewCostObjectCstID"}]}
RESULT: {"script":"<script> [1562 bytes]","args":[{"selector":{"id":"application-manageyards-display-component---NewYard--addressNewCostObjectCstID","interaction":{"idSuffix":"inner"}},"wdio_ui5_key":"applicationmanageyards-display-component---NewYard--addressNewCostObjectCstID"}]}
RESULT: undefined
COMMAND: POST /session/771d3c9ffdb5f6a869ae0a3bf138e088/execute/async - {"script":"<script> [776 bytes]","args":[{"enterText":"10001013","selector":{"id":"application-manageyards-display-component---NewYard--addressNewCostObjectCstID","interaction":{"idSuffix":"inner"}},"clearTextFirst":true,"interactionType":"ENTER_TEXT"}]}
RESULT: {"script":"<script> [776 bytes]","args":[{"enterText":"10001013","selector":{"id":"application-manageyards-display-component---NewYard--addressNewCostObjectCstID","interaction":{"idSuffix":"inner"}},"clearTextFirst":true,"interactionType":"ENTER_TEXT"}]}
COMMAND: POST /session/771d3c9ffdb5f6a869ae0a3bf138e088/actions - {"actions":[{"id":"action4","type":"key","parameters":{},"actions":[{"type":"keyDown","value":""},{"type":"pause","duration":10},{"type":"keyUp","value":""}]}]}
RESULT: {"actions":[{"id":"action4","type":"key","parameters":{},"actions":[{"type":"keyDown","value":""},{"type":"pause","duration":10},{"type":"keyUp","value":""}]}]}
COMMAND: POST /session/771d3c9ffdb5f6a869ae0a3bf138e088/execute/async - {"script":"<script> [1562 bytes]","args":[{"selector":{"id":"application-manageyards-display-component---NewYard--addressEditDetailsCurrency","interaction":{"idSuffix":"inner"}},"wdio_ui5_key":"applicationmanageyards-display-component---NewYard--addressEditDetailsCurrency"}]}
COMMAND: GET /session/771d3c9ffdb5f6a869ae0a3bf138e088/screenshot - {}
RESULT: {"script":"<script> [1562 bytes]","args":[{"selector":{"id":"application-manageyards-display-component---NewYard--addressEditDetailsCurrency","interaction":{"idSuffix":"inner"}},"wdio_ui5_key":"applicationmanageyards-display-component---NewYard--addressEditDetailsCurrency"}]}
RESULT: undefined
COMMAND: POST /session/771d3c9ffdb5f6a869ae0a3bf138e088/execute/async - {"script":"<script> [776 bytes]","args":[{"enterText":"Euro","selector":{"id":"application-manageyards-display-component---NewYard--addressEditDetailsCurrency","interaction":{"idSuffix":"inner"}},"clearTextFirst":true,"interactionType":"ENTER_TEXT"}]}
RESULT: {}
RESULT: {"script":"<script> [776 bytes]","args":[{"enterText":"Euro","selector":{"id":"application-manageyards-display-component---NewYard--addressEditDetailsCurrency","interaction":{"idSuffix":"inner"}},"clearTextFirst":true,"interactionType":"ENTER_TEXT"}]}
COMMAND: POST /session/771d3c9ffdb5f6a869ae0a3bf138e088/execute/async - {"script":"<script> [1562 bytes]","args":[{"selector":{"controlType":"sap.m.Input","viewName":"etm.portal.ui.manageyards.view.New","viewId":"application-manageyards-display-component---NewYard","bindingPath":{"path":"","propertyPath":"/CONTROLLING_AREA","modelName":"NewYardModel"},"interaction":{"idSuffix":"inner"}},"wdio_ui5_key":"etmportal.ui.manageyards.view.Newsap.m.Input{\"path\":\"\",\"propertyPath\":\"/CONTROLLING_AREA\",\"modelName\":\"NewYardModel\"}"}]}
RESULT: {"script":"<script> [1562 bytes]","args":[{"selector":{"controlType":"sap.m.Input","viewName":"etm.portal.ui.manageyards.view.New","viewId":"application-manageyards-display-component---NewYard","bindingPath":{"path":"","propertyPath":"/CONTROLLING_AREA","modelName":"NewYardModel"},"interaction":{"idSuffix":"inner"}},"wdio_ui5_key":"etmportal.ui.manageyards.view.Newsap.m.Input{\"path\":\"\",\"propertyPath\":\"/CONTROLLING_AREA\",\"modelName\":\"NewYardModel\"}"}]}
RESULT: undefined
COMMAND: POST /session/771d3c9ffdb5f6a869ae0a3bf138e088/execute/async - {"script":"<script> [776 bytes]","args":[{"enterText":"Z001","selector":{"controlType":"sap.m.Input","viewName":"etm.portal.ui.manageyards.view.New","viewId":"application-manageyards-display-component---NewYard","bindingPath":{"path":"","propertyPath":"/CONTROLLING_AREA","modelName":"NewYardModel"},"interaction":{"idSuffix":"inner"}},"clearTextFirst":true,"interactionType":"ENTER_TEXT"}]}
RESULT: {"script":"<script> [776 bytes]","args":[{"enterText":"Z001","selector":{"controlType":"sap.m.Input","viewName":"etm.portal.ui.manageyards.view.New","viewId":"application-manageyards-display-component---NewYard","bindingPath":{"path":"","propertyPath":"/CONTROLLING_AREA","modelName":"NewYardModel"},"interaction":{"idSuffix":"inner"}},"clearTextFirst":true,"interactionType":"ENTER_TEXT"}]}
COMMAND: POST /session/771d3c9ffdb5f6a869ae0a3bf138e088/execute/async - {"script":"<script> [1562 bytes]","args":[{"selector":{"id":"application-manageyards-display-component---NewYard--companyCodeComboBox","interaction":{"idSuffix":"inner"}},"wdio_ui5_key":"applicationmanageyards-display-component---NewYard--companyCodeComboBox"}]}
RESULT: {"script":"<script> [1562 bytes]","args":[{"selector":{"id":"application-manageyards-display-component---NewYard--companyCodeComboBox","interaction":{"idSuffix":"inner"}},"wdio_ui5_key":"applicationmanageyards-display-component---NewYard--companyCodeComboBox"}]}
RESULT: undefined
COMMAND: POST /session/771d3c9ffdb5f6a869ae0a3bf138e088/execute/async - {"script":"<script> [776 bytes]","args":[{"enterText":"1000","selector":{"id":"application-manageyards-display-component---NewYard--companyCodeComboBox","interaction":{"idSuffix":"inner"}},"clearTextFirst":true,"interactionType":"ENTER_TEXT"}]}
RESULT: {"script":"<script> [776 bytes]","args":[{"enterText":"1000","selector":{"id":"application-manageyards-display-component---NewYard--companyCodeComboBox","interaction":{"idSuffix":"inner"}},"clearTextFirst":true,"interactionType":"ENTER_TEXT"}]}
COMMAND: POST /session/771d3c9ffdb5f6a869ae0a3bf138e088/actions - {"actions":[{"id":"action5","type":"key","parameters":{},"actions":[{"type":"keyDown","value":""},{"type":"pause","duration":10},{"type":"keyUp","value":""}]}]}
RESULT: {"actions":[{"id":"action5","type":"key","parameters":{},"actions":[{"type":"keyDown","value":""},{"type":"pause","duration":10},{"type":"keyUp","value":""}]}]}
COMMAND: POST /session/771d3c9ffdb5f6a869ae0a3bf138e088/execute/async - {"script":"<script> [1562 bytes]","args":[{"selector":{"controlType":"sap.m.Input","viewName":"etm.portal.ui.manageyards.view.New","viewId":"application-manageyards-display-component---NewYard","bindingPath":{"path":"","propertyPath":"/PLANT","modelName":"NewYardModel"},"interaction":{"idSuffix":"inner"}},"wdio_ui5_key":"etmportal.ui.manageyards.view.Newsap.m.Input{\"path\":\"\",\"propertyPath\":\"/PLANT\",\"modelName\":\"NewYardModel\"}"}]}
COMMAND: GET /session/771d3c9ffdb5f6a869ae0a3bf138e088/screenshot - {}
RESULT: {"script":"<script> [1562 bytes]","args":[{"selector":{"controlType":"sap.m.Input","viewName":"etm.portal.ui.manageyards.view.New","viewId":"application-manageyards-display-component---NewYard","bindingPath":{"path":"","propertyPath":"/PLANT","modelName":"NewYardModel"},"interaction":{"idSuffix":"inner"}},"wdio_ui5_key":"etmportal.ui.manageyards.view.Newsap.m.Input{\"path\":\"\",\"propertyPath\":\"/PLANT\",\"modelName\":\"NewYardModel\"}"}]}
RESULT: undefined
COMMAND: POST /session/771d3c9ffdb5f6a869ae0a3bf138e088/execute/async - {"script":"<script> [776 bytes]","args":[{"enterText":"1001","selector":{"controlType":"sap.m.Input","viewName":"etm.portal.ui.manageyards.view.New","viewId":"application-manageyards-display-component---NewYard","bindingPath":{"path":"","propertyPath":"/PLANT","modelName":"NewYardModel"},"interaction":{"idSuffix":"inner"}},"clearTextFirst":true,"interactionType":"ENTER_TEXT"}]}
RESULT: {}
RESULT: {"script":"<script> [776 bytes]","args":[{"enterText":"1001","selector":{"controlType":"sap.m.Input","viewName":"etm.portal.ui.manageyards.view.New","viewId":"application-manageyards-display-component---NewYard","bindingPath":{"path":"","propertyPath":"/PLANT","modelName":"NewYardModel"},"interaction":{"idSuffix":"inner"}},"clearTextFirst":true,"interactionType":"ENTER_TEXT"}]}
COMMAND: POST /session/771d3c9ffdb5f6a869ae0a3bf138e088/execute/async - {"script":"<script> [1562 bytes]","args":[{"selector":{"controlType":"sap.m.Input","viewName":"etm.portal.ui.manageyards.view.New","viewId":"application-manageyards-display-component---NewYard","bindingPath":{"path":"","propertyPath":"/SALES_AREA_VKORG","modelName":"NewYardModel"},"interaction":{"idSuffix":"inner"}},"wdio_ui5_key":"etmportal.ui.manageyards.view.Newsap.m.Input{\"path\":\"\",\"propertyPath\":\"/SALES_AREA_VKORG\",\"modelName\":\"NewYardModel\"}"}]}
RESULT: {"script":"<script> [1562 bytes]","args":[{"selector":{"controlType":"sap.m.Input","viewName":"etm.portal.ui.manageyards.view.New","viewId":"application-manageyards-display-component---NewYard","bindingPath":{"path":"","propertyPath":"/SALES_AREA_VKORG","modelName":"NewYardModel"},"interaction":{"idSuffix":"inner"}},"wdio_ui5_key":"etmportal.ui.manageyards.view.Newsap.m.Input{\"path\":\"\",\"propertyPath\":\"/SALES_AREA_VKORG\",\"modelName\":\"NewYardModel\"}"}]}
RESULT: undefined
COMMAND: POST /session/771d3c9ffdb5f6a869ae0a3bf138e088/execute/async - {"script":"<script> [776 bytes]","args":[{"enterText":"C002","selector":{"controlType":"sap.m.Input","viewName":"etm.portal.ui.manageyards.view.New","viewId":"application-manageyards-display-component---NewYard","bindingPath":{"path":"","propertyPath":"/SALES_AREA_VKORG","modelName":"NewYardModel"},"interaction":{"idSuffix":"inner"}},"clearTextFirst":true,"interactionType":"ENTER_TEXT"}]}
RESULT: {"script":"<script> [776 bytes]","args":[{"enterText":"C002","selector":{"controlType":"sap.m.Input","viewName":"etm.portal.ui.manageyards.view.New","viewId":"application-manageyards-display-component---NewYard","bindingPath":{"path":"","propertyPath":"/SALES_AREA_VKORG","modelName":"NewYardModel"},"interaction":{"idSuffix":"inner"}},"clearTextFirst":true,"interactionType":"ENTER_TEXT"}]}
COMMAND: POST /session/771d3c9ffdb5f6a869ae0a3bf138e088/execute/async - {"script":"<script> [1562 bytes]","args":[{"selector":{"controlType":"sap.m.Input","viewName":"etm.portal.ui.manageyards.view.New","viewId":"application-manageyards-display-component---NewYard","bindingPath":{"path":"","propertyPath":"/SALES_AREA_VTWEG","modelName":"NewYardModel"},"interaction":{"idSuffix":"inner"}},"wdio_ui5_key":"etmportal.ui.manageyards.view.Newsap.m.Input{\"path\":\"\",\"propertyPath\":\"/SALES_AREA_VTWEG\",\"modelName\":\"NewYardModel\"}"}]}
RESULT: {"script":"<script> [1562 bytes]","args":[{"selector":{"controlType":"sap.m.Input","viewName":"etm.portal.ui.manageyards.view.New","viewId":"application-manageyards-display-component---NewYard","bindingPath":{"path":"","propertyPath":"/SALES_AREA_VTWEG","modelName":"NewYardModel"},"interaction":{"idSuffix":"inner"}},"wdio_ui5_key":"etmportal.ui.manageyards.view.Newsap.m.Input{\"path\":\"\",\"propertyPath\":\"/SALES_AREA_VTWEG\",\"modelName\":\"NewYardModel\"}"}]}
RESULT: undefined
COMMAND: POST /session/771d3c9ffdb5f6a869ae0a3bf138e088/execute/async - {"script":"<script> [776 bytes]","args":[{"enterText":"C2","selector":{"controlType":"sap.m.Input","viewName":"etm.portal.ui.manageyards.view.New","viewId":"application-manageyards-display-component---NewYard","bindingPath":{"path":"","propertyPath":"/SALES_AREA_VTWEG","modelName":"NewYardModel"},"interaction":{"idSuffix":"inner"}},"clearTextFirst":true,"interactionType":"ENTER_TEXT"}]}
RESULT: {"script":"<script> [776 bytes]","args":[{"enterText":"C2","selector":{"controlType":"sap.m.Input","viewName":"etm.portal.ui.manageyards.view.New","viewId":"application-manageyards-display-component---NewYard","bindingPath":{"path":"","propertyPath":"/SALES_AREA_VTWEG","modelName":"NewYardModel"},"interaction":{"idSuffix":"inner"}},"clearTextFirst":true,"interactionType":"ENTER_TEXT"}]}
COMMAND: POST /session/771d3c9ffdb5f6a869ae0a3bf138e088/execute/async - {"script":"<script> [1562 bytes]","args":[{"selector":{"controlType":"sap.m.Input","viewName":"etm.portal.ui.manageyards.view.New","viewId":"application-manageyards-display-component---NewYard","bindingPath":{"path":"","propertyPath":"/SALES_AREA_SPART","modelName":"NewYardModel"},"interaction":{"idSuffix":"inner"}},"wdio_ui5_key":"etmportal.ui.manageyards.view.Newsap.m.Input{\"path\":\"\",\"propertyPath\":\"/SALES_AREA_SPART\",\"modelName\":\"NewYardModel\"}"}]}
RESULT: {"script":"<script> [1562 bytes]","args":[{"selector":{"controlType":"sap.m.Input","viewName":"etm.portal.ui.manageyards.view.New","viewId":"application-manageyards-display-component---NewYard","bindingPath":{"path":"","propertyPath":"/SALES_AREA_SPART","modelName":"NewYardModel"},"interaction":{"idSuffix":"inner"}},"wdio_ui5_key":"etmportal.ui.manageyards.view.Newsap.m.Input{\"path\":\"\",\"propertyPath\":\"/SALES_AREA_SPART\",\"modelName\":\"NewYardModel\"}"}]}
RESULT: undefined
COMMAND: POST /session/771d3c9ffdb5f6a869ae0a3bf138e088/execute/async - {"script":"<script> [776 bytes]","args":[{"enterText":"C2","selector":{"controlType":"sap.m.Input","viewName":"etm.portal.ui.manageyards.view.New","viewId":"application-manageyards-display-component---NewYard","bindingPath":{"path":"","propertyPath":"/SALES_AREA_SPART","modelName":"NewYardModel"},"interaction":{"idSuffix":"inner"}},"clearTextFirst":true,"interactionType":"ENTER_TEXT"}]}
RESULT: {"script":"<script> [776 bytes]","args":[{"enterText":"C2","selector":{"controlType":"sap.m.Input","viewName":"etm.portal.ui.manageyards.view.New","viewId":"application-manageyards-display-component---NewYard","bindingPath":{"path":"","propertyPath":"/SALES_AREA_SPART","modelName":"NewYardModel"},"interaction":{"idSuffix":"inner"}},"clearTextFirst":true,"interactionType":"ENTER_TEXT"}]}
COMMAND: POST /session/771d3c9ffdb5f6a869ae0a3bf138e088/execute/async - {"script":"<script> [1562 bytes]","args":[{"selector":{"id":"application-manageyards-display-component---NewYard--whmCheckBox","interaction":{"idSuffix":"CbBg"}},"wdio_ui5_key":"applicationmanageyards-display-component---NewYard--whmCheckBox"}]}
RESULT: {"script":"<script> [1562 bytes]","args":[{"selector":{"id":"application-manageyards-display-component---NewYard--whmCheckBox","interaction":{"idSuffix":"CbBg"}},"wdio_ui5_key":"applicationmanageyards-display-component---NewYard--whmCheckBox"}]}
RESULT: undefined
COMMAND: POST /session/771d3c9ffdb5f6a869ae0a3bf138e088/element - {"using":"xpath","value":"//*[@id=\"application-manageyards-display-component---NewYard--whmCheckBox\"]"}
RESULT: {"using":"xpath","value":"//*[@id=\"application-manageyards-display-component---NewYard--whmCheckBox\"]"}
COMMAND: POST /session/771d3c9ffdb5f6a869ae0a3bf138e088/element/f.C725D2739C9BAC73399F894D32ABC418.d.B565369E3BAA9A2F8B679CE37F627961.e.2707/click - {}
RESULT: {}
COMMAND: POST /session/771d3c9ffdb5f6a869ae0a3bf138e088/execute/async - {"script":"<script> [1562 bytes]","args":[{"selector":{"controlType":"sap.m.Button","viewName":"etm.portal.ui.manageyards.view.New","viewId":"application-manageyards-display-component---NewYard","i18NText":{"propertyName":"text","key":"save"},"interaction":{"idSuffix":"inner"}},"wdio_ui5_key":"etmportal.ui.manageyards.view.Newsap.m.Button{\"propertyName\":\"text\",\"key\":\"save\"}"}]}
COMMAND: GET /session/771d3c9ffdb5f6a869ae0a3bf138e088/screenshot - {}
RESULT: {"script":"<script> [1562 bytes]","args":[{"selector":{"controlType":"sap.m.Button","viewName":"etm.portal.ui.manageyards.view.New","viewId":"application-manageyards-display-component---NewYard","i18NText":{"propertyName":"text","key":"save"},"interaction":{"idSuffix":"inner"}},"wdio_ui5_key":"etmportal.ui.manageyards.view.Newsap.m.Button{\"propertyName\":\"text\",\"key\":\"save\"}"}]}
RESULT: undefined
COMMAND: POST /session/771d3c9ffdb5f6a869ae0a3bf138e088/element - {"using":"xpath","value":"//*[@id=\"__button16\"]"}
RESULT: {}
RESULT: {"using":"xpath","value":"//*[@id=\"__button16\"]"}
COMMAND: POST /session/771d3c9ffdb5f6a869ae0a3bf138e088/element/f.C725D2739C9BAC73399F894D32ABC418.d.B565369E3BAA9A2F8B679CE37F627961.e.2660/click - {}
RESULT: {}
COMMAND: GET /session/771d3c9ffdb5f6a869ae0a3bf138e088/screenshot - {}
RESULT: {}
COMMAND: POST /session/771d3c9ffdb5f6a869ae0a3bf138e088/element - {"using":"xpath","value":"//header/div/div/div/div/div/div[2]/div/span"}
RESULT: {"using":"xpath","value":"//header/div/div/div/div/div/div[2]/div/span"}
COMMAND: GET /session/771d3c9ffdb5f6a869ae0a3bf138e088/element/f.C725D2739C9BAC73399F894D32ABC418.d.B565369E3BAA9A2F8B679CE37F627961.e.2916/text - {}
RESULT: {}
COMMAND: POST /session/771d3c9ffdb5f6a869ae0a3bf138e088/element - {"using":"xpath","value":"//header/div/div[2]/div[2]/span"}
RESULT: {"using":"xpath","value":"//header/div/div[2]/div[2]/span"}
COMMAND: GET /session/771d3c9ffdb5f6a869ae0a3bf138e088/element/f.C725D2739C9BAC73399F894D32ABC418.d.B565369E3BAA9A2F8B679CE37F627961.e.2917/text - {}
RESULT: {}
COMMAND: POST /session/771d3c9ffdb5f6a869ae0a3bf138e088/element - {"using":"css selector","value":"#j_username"}
COMMAND: POST /session/771d3c9ffdb5f6a869ae0a3bf138e088/url - {"url":"https://qa-testing-00-live-etm-ui.cfapps.eu10-004.hana.ondemand.com/"}
RESULT: {"url":"https://qa-testing-00-live-etm-ui.cfapps.eu10-004.hana.ondemand.com/"}
RESULT: undefined
COMMAND: GET /session/771d3c9ffdb5f6a869ae0a3bf138e088/screenshot - {}
RESULT: {"using":"css selector","value":"#j_username"}
COMMAND: POST /session/771d3c9ffdb5f6a869ae0a3bf138e088/element - {"using":"css selector","value":"#j_username"}
RESULT: {}
RESULT: {"using":"css selector","value":"#j_username"}
COMMAND: POST /session/771d3c9ffdb5f6a869ae0a3bf138e088/element - {"using":"css selector","value":"#shell-header-logo"}
RESULT: {"using":"css selector","value":"#shell-header-logo"}
COMMAND: POST /session/771d3c9ffdb5f6a869ae0a3bf138e088/execute/sync - {"script":"<script> [8489 bytes]","args":[{"element-6066-11e4-a52e-4f735466cecf":"f.C725D2739C9BAC73399F894D32ABC418.d.A051AECBFCF323FAE5558F33565E785F.e.2927","ELEMENT":"f.C725D2739C9BAC73399F894D32ABC418.d.A051AECBFCF323FAE5558F33565E785F.e.2927"}]}
RESULT: {"script":"<script> [8489 bytes]","args":[{"element-6066-11e4-a52e-4f735466cecf":"f.C725D2739C9BAC73399F894D32ABC418.d.A051AECBFCF323FAE5558F33565E785F.e.2927","ELEMENT":"f.C725D2739C9BAC73399F894D32ABC418.d.A051AECBFCF323FAE5558F33565E785F.e.2927"}]}
COMMAND: POST /session/771d3c9ffdb5f6a869ae0a3bf138e088/element - {"using":"css selector","value":"#shell-header-logo"}
COMMAND: GET /session/771d3c9ffdb5f6a869ae0a3bf138e088/screenshot - {}
RESULT: {"using":"css selector","value":"#shell-header-logo"}
COMMAND: POST /session/771d3c9ffdb5f6a869ae0a3bf138e088/execute/sync - {"script":"<script> [8489 bytes]","args":[{"element-6066-11e4-a52e-4f735466cecf":"f.C725D2739C9BAC73399F894D32ABC418.d.A051AECBFCF323FAE5558F33565E785F.e.2927","ELEMENT":"f.C725D2739C9BAC73399F894D32ABC418.d.A051AECBFCF323FAE5558F33565E785F.e.2927"}]}
RESULT: {}
RESULT: {"script":"<script> [8489 bytes]","args":[{"element-6066-11e4-a52e-4f735466cecf":"f.C725D2739C9BAC73399F894D32ABC418.d.A051AECBFCF323FAE5558F33565E785F.e.2927","ELEMENT":"f.C725D2739C9BAC73399F894D32ABC418.d.A051AECBFCF323FAE5558F33565E785F.e.2927"}]}
COMMAND: POST /session/771d3c9ffdb5f6a869ae0a3bf138e088/execute/sync - {"script":"<script> [5351 bytes]","args":[{"element-6066-11e4-a52e-4f735466cecf":"f.C725D2739C9BAC73399F894D32ABC418.d.A051AECBFCF323FAE5558F33565E785F.e.2927","ELEMENT":"f.C725D2739C9BAC73399F894D32ABC418.d.A051AECBFCF323FAE5558F33565E785F.e.2927"}]}
COMMAND: GET /session/771d3c9ffdb5f6a869ae0a3bf138e088/screenshot - {}
RESULT: {"script":"<script> [5351 bytes]","args":[{"element-6066-11e4-a52e-4f735466cecf":"f.C725D2739C9BAC73399F894D32ABC418.d.A051AECBFCF323FAE5558F33565E785F.e.2927","ELEMENT":"f.C725D2739C9BAC73399F894D32ABC418.d.A051AECBFCF323FAE5558F33565E785F.e.2927"}]}
COMMAND: POST /session/771d3c9ffdb5f6a869ae0a3bf138e088/element - {"using":"css selector","value":"#shell-header-logo"}
COMMAND: GET /session/771d3c9ffdb5f6a869ae0a3bf138e088/screenshot - {}
RESULT: {}
RESULT: {"using":"css selector","value":"#shell-header-logo"}
COMMAND: POST /session/771d3c9ffdb5f6a869ae0a3bf138e088/element/f.C725D2739C9BAC73399F894D32ABC418.d.A051AECBFCF323FAE5558F33565E785F.e.2927/click - {}
RESULT: {}
RESULT: {}
COMMAND: GET /session/771d3c9ffdb5f6a869ae0a3bf138e088/screenshot - {}
RESULT: {}
COMMAND: POST /session/771d3c9ffdb5f6a869ae0a3bf138e088/execute/async - {"script":"<script> [189 bytes]","args":[]}
RESULT: {"script":"<script> [189 bytes]","args":[]}
COMMAND: POST /session/771d3c9ffdb5f6a869ae0a3bf138e088/execute/async - {"script":"<script> [123 bytes]","args":[]}
RESULT: {"script":"<script> [123 bytes]","args":[]}
COMMAND: POST /session/771d3c9ffdb5f6a869ae0a3bf138e088/timeouts - {"script":"<number>"}
RESULT: {"script":"<number>"}
COMMAND: GET /session/771d3c9ffdb5f6a869ae0a3bf138e088/timeouts - {}
RESULT: {}
RESULT: undefined
COMMAND: POST /session/771d3c9ffdb5f6a869ae0a3bf138e088/execute/async - {"script":"<script> [2676 bytes]","args":[]}
RESULT: {"script":"<script> [2676 bytes]","args":[]}
COMMAND: POST /session/771d3c9ffdb5f6a869ae0a3bf138e088/execute/async - {"script":"<script> [2342 bytes]","args":[{"protocol":"http","hostname":"0.0.0.0","path":"/","capabilities":{"browserName":"chrome","goog:chromeOptions":{"binary":"C:\\Program Files\\Google\\Chrome\\Application\\chrome.exe","args":["--start-maximized"]}},"logLevel":"warn","connectionRetryTimeout":120000,"connectionRetryCount":3,"logLevels":{},"enableDirectConnect":true,"strictSSL":true,"_":"65 more keys: [\"cacheDir\",\"port\",\"requestedCapabilities\",\"automationProtocol\",\"baseUrl\",\"waitforInterval\",\"waitforTimeout\",\"onReload\",\"beforeCommand\",\"afterCommand\",\"rootDir\",\"specs\",\"suites\",\"exclude\",\"groupLogsByTestSpec\",\"excludeDriverLogs\",\"bail\",\"framework\",\"reporters\",\"services\",\"maxInstances\",\"maxInstancesPerCapability\",\"injectGlobals\",\"filesToWatch\",\"execArgv\",\"runnerEnv\",\"runner\",\"shard\",\"specFileRetries\",\"specFileRetriesDelay\",\"specFileRetriesDeferred\",\"reporterSyncInterval\",\"reporterSyncTimeout\",\"cucumberFeaturesWithLineNumbers\",\"autoCompileOpts\",\"mochaOpts\",\"jasmineOpts\",\"cucumberOpts\",\"onPrepare\",\"onWorkerStart\",\"onWorkerEnd\",\"before\",\"beforeSession\",\"beforeSuite\",\"beforeHook\",\"beforeTest\",\"afterTest\",\"afterHook\",\"afterSuite\",\"afterSession\",\"after\",\"onComplete\",\"beforeAssertion\",\"afterAssertion\",\"beforeFeature\",\"beforeScenario\",\"beforeStep\",\"afterStep\",\"afterScenario\",\"afterFeature\",\"_\",\"suite\",\"$0\",\"ignoredWorkerServices\",\"wdi5\"]"}]}
RESULT: {"script":"<script> [2342 bytes]","args":[{"protocol":"http","hostname":"0.0.0.0","path":"/","capabilities":{"browserName":"chrome","goog:chromeOptions":{"binary":"C:\\Program Files\\Google\\Chrome\\Application\\chrome.exe","args":["--start-maximized"]}},"logLevel":"warn","connectionRetryTimeout":120000,"connectionRetryCount":3,"logLevels":{},"enableDirectConnect":true,"strictSSL":true,"_":"65 more keys: [\"cacheDir\",\"port\",\"requestedCapabilities\",\"automationProtocol\",\"baseUrl\",\"waitforInterval\",\"waitforTimeout\",\"onReload\",\"beforeCommand\",\"afterCommand\",\"rootDir\",\"specs\",\"suites\",\"exclude\",\"groupLogsByTestSpec\",\"excludeDriverLogs\",\"bail\",\"framework\",\"reporters\",\"services\",\"maxInstances\",\"maxInstancesPerCapability\",\"injectGlobals\",\"filesToWatch\",\"execArgv\",\"runnerEnv\",\"runner\",\"shard\",\"specFileRetries\",\"specFileRetriesDelay\",\"specFileRetriesDeferred\",\"reporterSyncInterval\",\"reporterSyncTimeout\",\"cucumberFeaturesWithLineNumbers\",\"autoCompileOpts\",\"mochaOpts\",\"jasmineOpts\",\"cucumberOpts\",\"onPrepare\",\"onWorkerStart\",\"onWorkerEnd\",\"before\",\"beforeSession\",\"beforeSuite\",\"beforeHook\",\"beforeTest\",\"afterTest\",\"afterHook\",\"afterSuite\",\"afterSession\",\"after\",\"onComplete\",\"beforeAssertion\",\"afterAssertion\",\"beforeFeature\",\"beforeScenario\",\"beforeStep\",\"afterStep\",\"afterScenario\",\"afterFeature\",\"_\",\"suite\",\"$0\",\"ignoredWorkerServices\",\"wdi5\"]"}]}
COMMAND: POST /session/771d3c9ffdb5f6a869ae0a3bf138e088/execute/async - {"script":"<script> [21126 bytes]","args":[35000]}
RESULT: {"script":"<script> [21126 bytes]","args":[35000]}
COMMAND: POST /session/771d3c9ffdb5f6a869ae0a3bf138e088/window/maximize - {}
RESULT: {}
COMMAND: POST /session/771d3c9ffdb5f6a869ae0a3bf138e088/execute/async - {"script":"<script> [1562 bytes]","args":[{"selector":{"id":"shell-header","interaction":{"idSuffix":"icon"}},"wdio_ui5_key":"shellheader"}]}
COMMAND: GET /session/771d3c9ffdb5f6a869ae0a3bf138e088/screenshot - {}
RESULT: {"script":"<script> [1562 bytes]","args":[{"selector":{"id":"shell-header","interaction":{"idSuffix":"icon"}},"wdio_ui5_key":"shellheader"}]}
RESULT: undefined
COMMAND: POST /session/771d3c9ffdb5f6a869ae0a3bf138e088/refresh - {}
RESULT: {}
RESULT: {}
COMMAND: GET /session/771d3c9ffdb5f6a869ae0a3bf138e088/screenshot - {}
RESULT: {}
COMMAND: POST /session/771d3c9ffdb5f6a869ae0a3bf138e088/refresh - {}
RESULT: {}
COMMAND: GET /session/771d3c9ffdb5f6a869ae0a3bf138e088/screenshot - {}
RESULT: {}
COMMAND: POST /session/771d3c9ffdb5f6a869ae0a3bf138e088/window/fullscreen - {}
RESULT: {}
COMMAND: POST /session/771d3c9ffdb5f6a869ae0a3bf138e088/execute/async - {"script":"<script> [189 bytes]","args":[]}
RESULT: {"script":"<script> [189 bytes]","args":[]}
COMMAND: POST /session/771d3c9ffdb5f6a869ae0a3bf138e088/execute/async - {"script":"<script> [123 bytes]","args":[]}
RESULT: {"script":"<script> [123 bytes]","args":[]}
COMMAND: POST /session/771d3c9ffdb5f6a869ae0a3bf138e088/timeouts - {"script":"<number>"}
RESULT: {"script":"<number>"}
COMMAND: GET /session/771d3c9ffdb5f6a869ae0a3bf138e088/timeouts - {}
RESULT: {}
RESULT: undefined
COMMAND: POST /session/771d3c9ffdb5f6a869ae0a3bf138e088/execute/async - {"script":"<script> [2676 bytes]","args":[]}
RESULT: {"script":"<script> [2676 bytes]","args":[]}
COMMAND: POST /session/771d3c9ffdb5f6a869ae0a3bf138e088/execute/async - {"script":"<script> [2342 bytes]","args":[{"protocol":"http","hostname":"0.0.0.0","path":"/","capabilities":{"browserName":"chrome","goog:chromeOptions":{"binary":"C:\\Program Files\\Google\\Chrome\\Application\\chrome.exe","args":["--start-maximized"]}},"logLevel":"warn","connectionRetryTimeout":120000,"connectionRetryCount":3,"logLevels":{},"enableDirectConnect":true,"strictSSL":true,"_":"65 more keys: [\"cacheDir\",\"port\",\"requestedCapabilities\",\"automationProtocol\",\"baseUrl\",\"waitforInterval\",\"waitforTimeout\",\"onReload\",\"beforeCommand\",\"afterCommand\",\"rootDir\",\"specs\",\"suites\",\"exclude\",\"groupLogsByTestSpec\",\"excludeDriverLogs\",\"bail\",\"framework\",\"reporters\",\"services\",\"maxInstances\",\"maxInstancesPerCapability\",\"injectGlobals\",\"filesToWatch\",\"execArgv\",\"runnerEnv\",\"runner\",\"shard\",\"specFileRetries\",\"specFileRetriesDelay\",\"specFileRetriesDeferred\",\"reporterSyncInterval\",\"reporterSyncTimeout\",\"cucumberFeaturesWithLineNumbers\",\"autoCompileOpts\",\"mochaOpts\",\"jasmineOpts\",\"cucumberOpts\",\"onPrepare\",\"onWorkerStart\",\"onWorkerEnd\",\"before\",\"beforeSession\",\"beforeSuite\",\"beforeHook\",\"beforeTest\",\"afterTest\",\"afterHook\",\"afterSuite\",\"afterSession\",\"after\",\"onComplete\",\"beforeAssertion\",\"afterAssertion\",\"beforeFeature\",\"beforeScenario\",\"beforeStep\",\"afterStep\",\"afterScenario\",\"afterFeature\",\"_\",\"suite\",\"$0\",\"ignoredWorkerServices\",\"wdi5\"]"}]}
RESULT: {"script":"<script> [2342 bytes]","args":[{"protocol":"http","hostname":"0.0.0.0","path":"/","capabilities":{"browserName":"chrome","goog:chromeOptions":{"binary":"C:\\Program Files\\Google\\Chrome\\Application\\chrome.exe","args":["--start-maximized"]}},"logLevel":"warn","connectionRetryTimeout":120000,"connectionRetryCount":3,"logLevels":{},"enableDirectConnect":true,"strictSSL":true,"_":"65 more keys: [\"cacheDir\",\"port\",\"requestedCapabilities\",\"automationProtocol\",\"baseUrl\",\"waitforInterval\",\"waitforTimeout\",\"onReload\",\"beforeCommand\",\"afterCommand\",\"rootDir\",\"specs\",\"suites\",\"exclude\",\"groupLogsByTestSpec\",\"excludeDriverLogs\",\"bail\",\"framework\",\"reporters\",\"services\",\"maxInstances\",\"maxInstancesPerCapability\",\"injectGlobals\",\"filesToWatch\",\"execArgv\",\"runnerEnv\",\"runner\",\"shard\",\"specFileRetries\",\"specFileRetriesDelay\",\"specFileRetriesDeferred\",\"reporterSyncInterval\",\"reporterSyncTimeout\",\"cucumberFeaturesWithLineNumbers\",\"autoCompileOpts\",\"mochaOpts\",\"jasmineOpts\",\"cucumberOpts\",\"onPrepare\",\"onWorkerStart\",\"onWorkerEnd\",\"before\",\"beforeSession\",\"beforeSuite\",\"beforeHook\",\"beforeTest\",\"afterTest\",\"afterHook\",\"afterSuite\",\"afterSession\",\"after\",\"onComplete\",\"beforeAssertion\",\"afterAssertion\",\"beforeFeature\",\"beforeScenario\",\"beforeStep\",\"afterStep\",\"afterScenario\",\"afterFeature\",\"_\",\"suite\",\"$0\",\"ignoredWorkerServices\",\"wdi5\"]"}]}
COMMAND: POST /session/771d3c9ffdb5f6a869ae0a3bf138e088/execute/async - {"script":"<script> [21126 bytes]","args":[35000]}
RESULT: {"script":"<script> [21126 bytes]","args":[35000]}
]]></system-out>
    </testcase>
  </testsuite>
  <testsuite timestamp="2025-04-23T15:31:27" time="197.343" tests="2" failures="0" errors="0" skipped="0">
    <properties>
      <property name="specId" value="0"/>
      <property name="suiteName" value="Create partner US118246"/>
      <property name="capabilities" value="chrome.135_0_7049_96.windows"/>
      <property name="file" value="file:///D:/a/1/s/test/specs/BTS/create-partner.spec.js"/>
    </properties>
    <testcase classname="chrome.135_0_7049_96.windows.Create_partner_US118246" name="Should create new external partner" time="77.369">
      <system-out><![CDATA[
COMMAND: POST /session/771d3c9ffdb5f6a869ae0a3bf138e088/window/fullscreen - {}
RESULT: {}
COMMAND: POST /session/771d3c9ffdb5f6a869ae0a3bf138e088/execute/async - {"script":"<script> [1562 bytes]","args":[{"selector":{"controlType":"sap.m.GenericTile","properties":{"header":"Manage Partners"}},"wdio_ui5_key":"sapm.GenericTile{\"header\":\"Manage Partners\"}"}]}
RESULT: {"script":"<script> [1562 bytes]","args":[{"selector":{"controlType":"sap.m.GenericTile","properties":{"header":"Manage Partners"}},"wdio_ui5_key":"sapm.GenericTile{\"header\":\"Manage Partners\"}"}]}
RESULT: undefined
COMMAND: POST /session/771d3c9ffdb5f6a869ae0a3bf138e088/element - {"using":"xpath","value":"//*[@id=\"__tile38\"]"}
RESULT: {"using":"xpath","value":"//*[@id=\"__tile38\"]"}
COMMAND: POST /session/771d3c9ffdb5f6a869ae0a3bf138e088/element/f.C725D2739C9BAC73399F894D32ABC418.d.1B42E82915BBB60842019CA51DF306D3.e.3074/click - {}
RESULT: {}
COMMAND: POST /session/771d3c9ffdb5f6a869ae0a3bf138e088/element - {"using":"xpath","value":"//button[@data-kt=\"addButton\"]"}
COMMAND: GET /session/771d3c9ffdb5f6a869ae0a3bf138e088/screenshot - {}
RESULT: {"using":"xpath","value":"//button[@data-kt=\"addButton\"]"}
COMMAND: POST /session/771d3c9ffdb5f6a869ae0a3bf138e088/elements - {"using":"xpath","value":"//button[@data-kt=\"addButton\"]"}
RESULT: {}
RESULT: {"using":"xpath","value":"//button[@data-kt=\"addButton\"]"}
COMMAND: POST /session/771d3c9ffdb5f6a869ae0a3bf138e088/elements - {"using":"xpath","value":"//button[@data-kt=\"addButton\"]"}
RESULT: {"using":"xpath","value":"//button[@data-kt=\"addButton\"]"}
COMMAND: POST /session/771d3c9ffdb5f6a869ae0a3bf138e088/elements - {"using":"xpath","value":"//button[@data-kt=\"addButton\"]"}
RESULT: {"using":"xpath","value":"//button[@data-kt=\"addButton\"]"}
COMMAND: POST /session/771d3c9ffdb5f6a869ae0a3bf138e088/elements - {"using":"xpath","value":"//button[@data-kt=\"addButton\"]"}
RESULT: {"using":"xpath","value":"//button[@data-kt=\"addButton\"]"}
COMMAND: POST /session/771d3c9ffdb5f6a869ae0a3bf138e088/elements - {"using":"xpath","value":"//button[@data-kt=\"addButton\"]"}
RESULT: {"using":"xpath","value":"//button[@data-kt=\"addButton\"]"}
COMMAND: POST /session/771d3c9ffdb5f6a869ae0a3bf138e088/elements - {"using":"xpath","value":"//button[@data-kt=\"addButton\"]"}
RESULT: {"using":"xpath","value":"//button[@data-kt=\"addButton\"]"}
COMMAND: POST /session/771d3c9ffdb5f6a869ae0a3bf138e088/elements - {"using":"xpath","value":"//button[@data-kt=\"addButton\"]"}
RESULT: {"using":"xpath","value":"//button[@data-kt=\"addButton\"]"}
COMMAND: POST /session/771d3c9ffdb5f6a869ae0a3bf138e088/elements - {"using":"xpath","value":"//button[@data-kt=\"addButton\"]"}
RESULT: {"using":"xpath","value":"//button[@data-kt=\"addButton\"]"}
COMMAND: POST /session/771d3c9ffdb5f6a869ae0a3bf138e088/elements - {"using":"xpath","value":"//button[@data-kt=\"addButton\"]"}
RESULT: {"using":"xpath","value":"//button[@data-kt=\"addButton\"]"}
COMMAND: POST /session/771d3c9ffdb5f6a869ae0a3bf138e088/elements - {"using":"xpath","value":"//button[@data-kt=\"addButton\"]"}
RESULT: {"using":"xpath","value":"//button[@data-kt=\"addButton\"]"}
COMMAND: POST /session/771d3c9ffdb5f6a869ae0a3bf138e088/elements - {"using":"xpath","value":"//button[@data-kt=\"addButton\"]"}
RESULT: {"using":"xpath","value":"//button[@data-kt=\"addButton\"]"}
COMMAND: POST /session/771d3c9ffdb5f6a869ae0a3bf138e088/elements - {"using":"xpath","value":"//button[@data-kt=\"addButton\"]"}
RESULT: {"using":"xpath","value":"//button[@data-kt=\"addButton\"]"}
COMMAND: POST /session/771d3c9ffdb5f6a869ae0a3bf138e088/elements - {"using":"xpath","value":"//button[@data-kt=\"addButton\"]"}
RESULT: {"using":"xpath","value":"//button[@data-kt=\"addButton\"]"}
COMMAND: POST /session/771d3c9ffdb5f6a869ae0a3bf138e088/elements - {"using":"xpath","value":"//button[@data-kt=\"addButton\"]"}
RESULT: {"using":"xpath","value":"//button[@data-kt=\"addButton\"]"}
COMMAND: POST /session/771d3c9ffdb5f6a869ae0a3bf138e088/elements - {"using":"xpath","value":"//button[@data-kt=\"addButton\"]"}
RESULT: {"using":"xpath","value":"//button[@data-kt=\"addButton\"]"}
COMMAND: POST /session/771d3c9ffdb5f6a869ae0a3bf138e088/elements - {"using":"xpath","value":"//button[@data-kt=\"addButton\"]"}
RESULT: {"using":"xpath","value":"//button[@data-kt=\"addButton\"]"}
COMMAND: POST /session/771d3c9ffdb5f6a869ae0a3bf138e088/elements - {"using":"xpath","value":"//button[@data-kt=\"addButton\"]"}
RESULT: {"using":"xpath","value":"//button[@data-kt=\"addButton\"]"}
COMMAND: POST /session/771d3c9ffdb5f6a869ae0a3bf138e088/elements - {"using":"xpath","value":"//button[@data-kt=\"addButton\"]"}
RESULT: {"using":"xpath","value":"//button[@data-kt=\"addButton\"]"}
COMMAND: POST /session/771d3c9ffdb5f6a869ae0a3bf138e088/elements - {"using":"xpath","value":"//button[@data-kt=\"addButton\"]"}
RESULT: {"using":"xpath","value":"//button[@data-kt=\"addButton\"]"}
COMMAND: POST /session/771d3c9ffdb5f6a869ae0a3bf138e088/elements - {"using":"xpath","value":"//button[@data-kt=\"addButton\"]"}
RESULT: {"using":"xpath","value":"//button[@data-kt=\"addButton\"]"}
COMMAND: POST /session/771d3c9ffdb5f6a869ae0a3bf138e088/elements - {"using":"xpath","value":"//button[@data-kt=\"addButton\"]"}
RESULT: {"using":"xpath","value":"//button[@data-kt=\"addButton\"]"}
COMMAND: POST /session/771d3c9ffdb5f6a869ae0a3bf138e088/elements - {"using":"xpath","value":"//button[@data-kt=\"addButton\"]"}
RESULT: {"using":"xpath","value":"//button[@data-kt=\"addButton\"]"}
COMMAND: POST /session/771d3c9ffdb5f6a869ae0a3bf138e088/elements - {"using":"xpath","value":"//button[@data-kt=\"addButton\"]"}
RESULT: {"using":"xpath","value":"//button[@data-kt=\"addButton\"]"}
COMMAND: POST /session/771d3c9ffdb5f6a869ae0a3bf138e088/elements - {"using":"xpath","value":"//button[@data-kt=\"addButton\"]"}
RESULT: {"using":"xpath","value":"//button[@data-kt=\"addButton\"]"}
COMMAND: POST /session/771d3c9ffdb5f6a869ae0a3bf138e088/elements - {"using":"xpath","value":"//button[@data-kt=\"addButton\"]"}
RESULT: {"using":"xpath","value":"//button[@data-kt=\"addButton\"]"}
COMMAND: POST /session/771d3c9ffdb5f6a869ae0a3bf138e088/elements - {"using":"xpath","value":"//button[@data-kt=\"addButton\"]"}
RESULT: {"using":"xpath","value":"//button[@data-kt=\"addButton\"]"}
COMMAND: POST /session/771d3c9ffdb5f6a869ae0a3bf138e088/elements - {"using":"xpath","value":"//button[@data-kt=\"addButton\"]"}
RESULT: {"using":"xpath","value":"//button[@data-kt=\"addButton\"]"}
COMMAND: POST /session/771d3c9ffdb5f6a869ae0a3bf138e088/elements - {"using":"xpath","value":"//button[@data-kt=\"addButton\"]"}
RESULT: {"using":"xpath","value":"//button[@data-kt=\"addButton\"]"}
COMMAND: POST /session/771d3c9ffdb5f6a869ae0a3bf138e088/element - {"using":"xpath","value":"//button[@data-kt=\"addButton\"]"}
RESULT: {"using":"xpath","value":"//button[@data-kt=\"addButton\"]"}
COMMAND: POST /session/771d3c9ffdb5f6a869ae0a3bf138e088/execute/sync - {"script":"<script> [8489 bytes]","args":[{"element-6066-11e4-a52e-4f735466cecf":"f.C725D2739C9BAC73399F894D32ABC418.d.1B42E82915BBB60842019CA51DF306D3.e.3214","ELEMENT":"f.C725D2739C9BAC73399F894D32ABC418.d.1B42E82915BBB60842019CA51DF306D3.e.3214"}]}
RESULT: {"script":"<script> [8489 bytes]","args":[{"element-6066-11e4-a52e-4f735466cecf":"f.C725D2739C9BAC73399F894D32ABC418.d.1B42E82915BBB60842019CA51DF306D3.e.3214","ELEMENT":"f.C725D2739C9BAC73399F894D32ABC418.d.1B42E82915BBB60842019CA51DF306D3.e.3214"}]}
COMMAND: GET /session/771d3c9ffdb5f6a869ae0a3bf138e088/element/f.C725D2739C9BAC73399F894D32ABC418.d.1B42E82915BBB60842019CA51DF306D3.e.3214/enabled - {}
COMMAND: GET /session/771d3c9ffdb5f6a869ae0a3bf138e088/screenshot - {}
RESULT: {}
COMMAND: POST /session/771d3c9ffdb5f6a869ae0a3bf138e088/execute/sync - {"script":"<script> [8489 bytes]","args":[{"element-6066-11e4-a52e-4f735466cecf":"f.C725D2739C9BAC73399F894D32ABC418.d.1B42E82915BBB60842019CA51DF306D3.e.3214","ELEMENT":"f.C725D2739C9BAC73399F894D32ABC418.d.1B42E82915BBB60842019CA51DF306D3.e.3214"}]}
COMMAND: GET /session/771d3c9ffdb5f6a869ae0a3bf138e088/screenshot - {}
RESULT: {}
RESULT: {"script":"<script> [8489 bytes]","args":[{"element-6066-11e4-a52e-4f735466cecf":"f.C725D2739C9BAC73399F894D32ABC418.d.1B42E82915BBB60842019CA51DF306D3.e.3214","ELEMENT":"f.C725D2739C9BAC73399F894D32ABC418.d.1B42E82915BBB60842019CA51DF306D3.e.3214"}]}
COMMAND: POST /session/771d3c9ffdb5f6a869ae0a3bf138e088/execute/sync - {"script":"<script> [5351 bytes]","args":[{"element-6066-11e4-a52e-4f735466cecf":"f.C725D2739C9BAC73399F894D32ABC418.d.1B42E82915BBB60842019CA51DF306D3.e.3214","ELEMENT":"f.C725D2739C9BAC73399F894D32ABC418.d.1B42E82915BBB60842019CA51DF306D3.e.3214"}]}
COMMAND: GET /session/771d3c9ffdb5f6a869ae0a3bf138e088/screenshot - {}
RESULT: {}
RESULT: {}
RESULT: {"script":"<script> [5351 bytes]","args":[{"element-6066-11e4-a52e-4f735466cecf":"f.C725D2739C9BAC73399F894D32ABC418.d.1B42E82915BBB60842019CA51DF306D3.e.3214","ELEMENT":"f.C725D2739C9BAC73399F894D32ABC418.d.1B42E82915BBB60842019CA51DF306D3.e.3214"}]}
COMMAND: POST /session/771d3c9ffdb5f6a869ae0a3bf138e088/element/f.C725D2739C9BAC73399F894D32ABC418.d.1B42E82915BBB60842019CA51DF306D3.e.3214/click - {}
COMMAND: GET /session/771d3c9ffdb5f6a869ae0a3bf138e088/screenshot - {}
RESULT: {}
COMMAND: GET /session/771d3c9ffdb5f6a869ae0a3bf138e088/screenshot - {}
RESULT: {}
COMMAND: POST /session/771d3c9ffdb5f6a869ae0a3bf138e088/execute/async - {"script":"<script> [1562 bytes]","args":[{"selector":{"id":"application-managepartners-display-component---NewPartner--addressDetailDetailsName1","interaction":{"idSuffix":"inner"}},"wdio_ui5_key":"applicationmanagepartners-display-component---NewPartner--addressDetailDetailsName1"}]}
RESULT: {}
RESULT: {"script":"<script> [1562 bytes]","args":[{"selector":{"id":"application-managepartners-display-component---NewPartner--addressDetailDetailsName1","interaction":{"idSuffix":"inner"}},"wdio_ui5_key":"applicationmanagepartners-display-component---NewPartner--addressDetailDetailsName1"}]}
RESULT: undefined
COMMAND: POST /session/771d3c9ffdb5f6a869ae0a3bf138e088/execute/async - {"script":"<script> [776 bytes]","args":[{"enterText":"External Partner WDIO","selector":{"id":"application-managepartners-display-component---NewPartner--addressDetailDetailsName1","interaction":{"idSuffix":"inner"}},"clearTextFirst":true,"interactionType":"ENTER_TEXT"}]}
RESULT: {"script":"<script> [776 bytes]","args":[{"enterText":"External Partner WDIO","selector":{"id":"application-managepartners-display-component---NewPartner--addressDetailDetailsName1","interaction":{"idSuffix":"inner"}},"clearTextFirst":true,"interactionType":"ENTER_TEXT"}]}
COMMAND: POST /session/771d3c9ffdb5f6a869ae0a3bf138e088/execute/async - {"script":"<script> [1562 bytes]","args":[{"selector":{"id":"application-managepartners-display-component---NewPartner--addressDetailDetailsLanguage-arrow"},"wdio_ui5_key":"applicationmanagepartners-display-component---NewPartner--addressDetailDetailsLanguage-arrow"}]}
RESULT: {"script":"<script> [1562 bytes]","args":[{"selector":{"id":"application-managepartners-display-component---NewPartner--addressDetailDetailsLanguage-arrow"},"wdio_ui5_key":"applicationmanagepartners-display-component---NewPartner--addressDetailDetailsLanguage-arrow"}]}
RESULT: undefined
COMMAND: POST /session/771d3c9ffdb5f6a869ae0a3bf138e088/element - {"using":"xpath","value":"//*[@id=\"application-managepartners-display-component---NewPartner--addressDetailDetailsLanguage-arrow\"]"}
RESULT: {"using":"xpath","value":"//*[@id=\"application-managepartners-display-component---NewPartner--addressDetailDetailsLanguage-arrow\"]"}
COMMAND: POST /session/771d3c9ffdb5f6a869ae0a3bf138e088/element/f.C725D2739C9BAC73399F894D32ABC418.d.1B42E82915BBB60842019CA51DF306D3.e.3670/click - {}
RESULT: {}
COMMAND: POST /session/771d3c9ffdb5f6a869ae0a3bf138e088/element - {"using":"xpath","value":"//span[contains(text(), \"English\")]"}
COMMAND: GET /session/771d3c9ffdb5f6a869ae0a3bf138e088/screenshot - {}
RESULT: {"using":"xpath","value":"//span[contains(text(), \"English\")]"}
COMMAND: POST /session/771d3c9ffdb5f6a869ae0a3bf138e088/element/f.C725D2739C9BAC73399F894D32ABC418.d.1B42E82915BBB60842019CA51DF306D3.e.3671/click - {}
RESULT: {}
RESULT: {}
COMMAND: GET /session/771d3c9ffdb5f6a869ae0a3bf138e088/screenshot - {}
RESULT: {}
COMMAND: POST /session/771d3c9ffdb5f6a869ae0a3bf138e088/execute/async - {"script":"<script> [1562 bytes]","args":[{"selector":{"id":"application-managepartners-display-component---NewPartner--addressDetailDetailsCity1","interaction":{"idSuffix":"inner"}},"wdio_ui5_key":"applicationmanagepartners-display-component---NewPartner--addressDetailDetailsCity1"}]}
RESULT: {"script":"<script> [1562 bytes]","args":[{"selector":{"id":"application-managepartners-display-component---NewPartner--addressDetailDetailsCity1","interaction":{"idSuffix":"inner"}},"wdio_ui5_key":"applicationmanagepartners-display-component---NewPartner--addressDetailDetailsCity1"}]}
RESULT: undefined
COMMAND: POST /session/771d3c9ffdb5f6a869ae0a3bf138e088/execute/async - {"script":"<script> [776 bytes]","args":[{"enterText":"Rosario","selector":{"id":"application-managepartners-display-component---NewPartner--addressDetailDetailsCity1","interaction":{"idSuffix":"inner"}},"clearTextFirst":true,"interactionType":"ENTER_TEXT"}]}
RESULT: {"script":"<script> [776 bytes]","args":[{"enterText":"Rosario","selector":{"id":"application-managepartners-display-component---NewPartner--addressDetailDetailsCity1","interaction":{"idSuffix":"inner"}},"clearTextFirst":true,"interactionType":"ENTER_TEXT"}]}
COMMAND: POST /session/771d3c9ffdb5f6a869ae0a3bf138e088/execute/async - {"script":"<script> [1562 bytes]","args":[{"selector":{"id":"application-managepartners-display-component---NewPartner--addressDetailDetailsCountry-arrow"},"wdio_ui5_key":"applicationmanagepartners-display-component---NewPartner--addressDetailDetailsCountry-arrow"}]}
RESULT: {"script":"<script> [1562 bytes]","args":[{"selector":{"id":"application-managepartners-display-component---NewPartner--addressDetailDetailsCountry-arrow"},"wdio_ui5_key":"applicationmanagepartners-display-component---NewPartner--addressDetailDetailsCountry-arrow"}]}
RESULT: undefined
COMMAND: POST /session/771d3c9ffdb5f6a869ae0a3bf138e088/element - {"using":"xpath","value":"//*[@id=\"application-managepartners-display-component---NewPartner--addressDetailDetailsCountry-arrow\"]"}
RESULT: {"using":"xpath","value":"//*[@id=\"application-managepartners-display-component---NewPartner--addressDetailDetailsCountry-arrow\"]"}
COMMAND: POST /session/771d3c9ffdb5f6a869ae0a3bf138e088/element/f.C725D2739C9BAC73399F894D32ABC418.d.1B42E82915BBB60842019CA51DF306D3.e.3652/click - {}
RESULT: {}
COMMAND: POST /session/771d3c9ffdb5f6a869ae0a3bf138e088/element - {"using":"xpath","value":"//span[contains(text(), \"Argentina\")]"}
COMMAND: GET /session/771d3c9ffdb5f6a869ae0a3bf138e088/screenshot - {}
RESULT: {"using":"xpath","value":"//span[contains(text(), \"Argentina\")]"}
COMMAND: POST /session/771d3c9ffdb5f6a869ae0a3bf138e088/element/f.C725D2739C9BAC73399F894D32ABC418.d.1B42E82915BBB60842019CA51DF306D3.e.3673/click - {}
RESULT: {}
RESULT: {}
COMMAND: GET /session/771d3c9ffdb5f6a869ae0a3bf138e088/screenshot - {}
RESULT: {}
COMMAND: POST /session/771d3c9ffdb5f6a869ae0a3bf138e088/element - {"using":"xpath","value":"//bdi[contains(text(), \"Commercial\")]"}
RESULT: {"using":"xpath","value":"//bdi[contains(text(), \"Commercial\")]"}
COMMAND: POST /session/771d3c9ffdb5f6a869ae0a3bf138e088/element/f.C725D2739C9BAC73399F894D32ABC418.d.1B42E82915BBB60842019CA51DF306D3.e.3674/click - {}
RESULT: {}
COMMAND: GET /session/771d3c9ffdb5f6a869ae0a3bf138e088/screenshot - {}
RESULT: {}
COMMAND: POST /session/771d3c9ffdb5f6a869ae0a3bf138e088/execute/async - {"script":"<script> [1562 bytes]","args":[{"selector":{"id":"application-managepartners-display-component---NewPartner--partnerDetailInternal-arrow"},"wdio_ui5_key":"applicationmanagepartners-display-component---NewPartner--partnerDetailInternal-arrow"}]}
RESULT: {"script":"<script> [1562 bytes]","args":[{"selector":{"id":"application-managepartners-display-component---NewPartner--partnerDetailInternal-arrow"},"wdio_ui5_key":"applicationmanagepartners-display-component---NewPartner--partnerDetailInternal-arrow"}]}
RESULT: undefined
COMMAND: POST /session/771d3c9ffdb5f6a869ae0a3bf138e088/element - {"using":"xpath","value":"//*[@id=\"application-managepartners-display-component---NewPartner--partnerDetailInternal-arrow\"]"}
RESULT: {"using":"xpath","value":"//*[@id=\"application-managepartners-display-component---NewPartner--partnerDetailInternal-arrow\"]"}
COMMAND: POST /session/771d3c9ffdb5f6a869ae0a3bf138e088/element/f.C725D2739C9BAC73399F894D32ABC418.d.1B42E82915BBB60842019CA51DF306D3.e.3680/click - {}
RESULT: {}
COMMAND: POST /session/771d3c9ffdb5f6a869ae0a3bf138e088/element - {"using":"xpath","value":"//span[contains(text(), \"External partner\")]"}
COMMAND: GET /session/771d3c9ffdb5f6a869ae0a3bf138e088/screenshot - {}
RESULT: {"using":"xpath","value":"//span[contains(text(), \"External partner\")]"}
COMMAND: POST /session/771d3c9ffdb5f6a869ae0a3bf138e088/element/f.C725D2739C9BAC73399F894D32ABC418.d.1B42E82915BBB60842019CA51DF306D3.e.3682/click - {}
RESULT: {}
RESULT: {}
COMMAND: POST /session/771d3c9ffdb5f6a869ae0a3bf138e088/execute/async - {"script":"<script> [1562 bytes]","args":[{"selector":{"id":"application-managepartners-display-component---NewPartner--partnerDetailsCurrency-arrow"},"wdio_ui5_key":"applicationmanagepartners-display-component---NewPartner--partnerDetailsCurrency-arrow"}]}
COMMAND: GET /session/771d3c9ffdb5f6a869ae0a3bf138e088/screenshot - {}
RESULT: {"script":"<script> [1562 bytes]","args":[{"selector":{"id":"application-managepartners-display-component---NewPartner--partnerDetailsCurrency-arrow"},"wdio_ui5_key":"applicationmanagepartners-display-component---NewPartner--partnerDetailsCurrency-arrow"}]}
RESULT: undefined
COMMAND: POST /session/771d3c9ffdb5f6a869ae0a3bf138e088/element - {"using":"xpath","value":"//*[@id=\"application-managepartners-display-component---NewPartner--partnerDetailsCurrency-arrow\"]"}
RESULT: {}
RESULT: {"using":"xpath","value":"//*[@id=\"application-managepartners-display-component---NewPartner--partnerDetailsCurrency-arrow\"]"}
COMMAND: POST /session/771d3c9ffdb5f6a869ae0a3bf138e088/element/f.C725D2739C9BAC73399F894D32ABC418.d.1B42E82915BBB60842019CA51DF306D3.e.3687/click - {}
RESULT: {}
COMMAND: POST /session/771d3c9ffdb5f6a869ae0a3bf138e088/element - {"using":"xpath","value":"//span[contains(text(), \"US Dollar\")]"}
COMMAND: GET /session/771d3c9ffdb5f6a869ae0a3bf138e088/screenshot - {}
RESULT: {"using":"xpath","value":"//span[contains(text(), \"US Dollar\")]"}
COMMAND: POST /session/771d3c9ffdb5f6a869ae0a3bf138e088/element/f.C725D2739C9BAC73399F894D32ABC418.d.1B42E82915BBB60842019CA51DF306D3.e.3688/click - {}
RESULT: {}
RESULT: {}
COMMAND: GET /session/771d3c9ffdb5f6a869ae0a3bf138e088/screenshot - {}
RESULT: {}
COMMAND: POST /session/771d3c9ffdb5f6a869ae0a3bf138e088/element - {"using":"xpath","value":"//input[@id=\"application-managepartners-display-component---NewPartner--companyCodeComboBox-inner\"]"}
RESULT: {"using":"xpath","value":"//input[@id=\"application-managepartners-display-component---NewPartner--companyCodeComboBox-inner\"]"}
COMMAND: POST /session/771d3c9ffdb5f6a869ae0a3bf138e088/element/f.C725D2739C9BAC73399F894D32ABC418.d.1B42E82915BBB60842019CA51DF306D3.e.3527/clear - {}
RESULT: {}
COMMAND: POST /session/771d3c9ffdb5f6a869ae0a3bf138e088/element/f.C725D2739C9BAC73399F894D32ABC418.d.1B42E82915BBB60842019CA51DF306D3.e.3527/value - {"text":"C002"}
COMMAND: GET /session/771d3c9ffdb5f6a869ae0a3bf138e088/screenshot - {}
RESULT: {"text":"C002"}
COMMAND: GET /session/771d3c9ffdb5f6a869ae0a3bf138e088/screenshot - {}
RESULT: {}
RESULT: {}
COMMAND: POST /session/771d3c9ffdb5f6a869ae0a3bf138e088/element - {"using":"xpath","value":"//span[contains(text(), \"C002\")]"}
RESULT: {"using":"xpath","value":"//span[contains(text(), \"C002\")]"}
COMMAND: POST /session/771d3c9ffdb5f6a869ae0a3bf138e088/element/f.C725D2739C9BAC73399F894D32ABC418.d.1B42E82915BBB60842019CA51DF306D3.e.3692/click - {}
RESULT: {}
COMMAND: GET /session/771d3c9ffdb5f6a869ae0a3bf138e088/screenshot - {}
RESULT: {}
COMMAND: POST /session/771d3c9ffdb5f6a869ae0a3bf138e088/execute/async - {"script":"<script> [1562 bytes]","args":[{"selector":{"id":"application-managepartners-display-component---NewPartner--btnAddTableRow-img"},"wdio_ui5_key":"applicationmanagepartners-display-component---NewPartner--btnAddTableRow-img"}]}
RESULT: {"script":"<script> [1562 bytes]","args":[{"selector":{"id":"application-managepartners-display-component---NewPartner--btnAddTableRow-img"},"wdio_ui5_key":"applicationmanagepartners-display-component---NewPartner--btnAddTableRow-img"}]}
RESULT: undefined
COMMAND: POST /session/771d3c9ffdb5f6a869ae0a3bf138e088/element - {"using":"xpath","value":"//*[@id=\"application-managepartners-display-component---NewPartner--btnAddTableRow-img\"]"}
RESULT: {"using":"xpath","value":"//*[@id=\"application-managepartners-display-component---NewPartner--btnAddTableRow-img\"]"}
COMMAND: POST /session/771d3c9ffdb5f6a869ae0a3bf138e088/element/f.C725D2739C9BAC73399F894D32ABC418.d.1B42E82915BBB60842019CA51DF306D3.e.3693/click - {}
RESULT: {}
COMMAND: GET /session/771d3c9ffdb5f6a869ae0a3bf138e088/screenshot - {}
RESULT: {}
COMMAND: POST /session/771d3c9ffdb5f6a869ae0a3bf138e088/element - {"using":"xpath","value":"//input[@id=\"application-managepartners-display-component---NewPartner--assignmentYard-application-managepartners-display-component---NewPartner--assignmentsTable-0-inner\"]"}
RESULT: {"using":"xpath","value":"//input[@id=\"application-managepartners-display-component---NewPartner--assignmentYard-application-managepartners-display-component---NewPartner--assignmentsTable-0-inner\"]"}
COMMAND: POST /session/771d3c9ffdb5f6a869ae0a3bf138e088/element/f.C725D2739C9BAC73399F894D32ABC418.d.1B42E82915BBB60842019CA51DF306D3.e.3696/clear - {}
RESULT: {}
COMMAND: POST /session/771d3c9ffdb5f6a869ae0a3bf138e088/element/f.C725D2739C9BAC73399F894D32ABC418.d.1B42E82915BBB60842019CA51DF306D3.e.3696/value - {"text":"721"}
COMMAND: GET /session/771d3c9ffdb5f6a869ae0a3bf138e088/screenshot - {}
RESULT: {"text":"721"}
COMMAND: GET /session/771d3c9ffdb5f6a869ae0a3bf138e088/screenshot - {}
RESULT: {}
RESULT: {}
COMMAND: POST /session/771d3c9ffdb5f6a869ae0a3bf138e088/element - {"using":"xpath","value":"//li[.//span[text()='721']]"}
RESULT: {"using":"xpath","value":"//li[.//span[text()='721']]"}
COMMAND: POST /session/771d3c9ffdb5f6a869ae0a3bf138e088/element/f.C725D2739C9BAC73399F894D32ABC418.d.1B42E82915BBB60842019CA51DF306D3.e.3704/click - {}
RESULT: {}
COMMAND: GET /session/771d3c9ffdb5f6a869ae0a3bf138e088/screenshot - {}
RESULT: {}
COMMAND: POST /session/771d3c9ffdb5f6a869ae0a3bf138e088/actions - {"actions":[{"id":"action6","type":"key","parameters":{},"actions":[{"type":"keyDown","value":""},{"type":"pause","duration":10},{"type":"keyUp","value":""}]}]}
RESULT: {"actions":[{"id":"action6","type":"key","parameters":{},"actions":[{"type":"keyDown","value":""},{"type":"pause","duration":10},{"type":"keyUp","value":""}]}]}
COMMAND: POST /session/771d3c9ffdb5f6a869ae0a3bf138e088/element - {"using":"xpath","value":"//td[contains(@id, \"assignmentsTable-0-cell2\")]/div/div"}
COMMAND: GET /session/771d3c9ffdb5f6a869ae0a3bf138e088/screenshot - {}
RESULT: {"using":"xpath","value":"//td[contains(@id, \"assignmentsTable-0-cell2\")]/div/div"}
COMMAND: POST /session/771d3c9ffdb5f6a869ae0a3bf138e088/element/f.C725D2739C9BAC73399F894D32ABC418.d.1B42E82915BBB60842019CA51DF306D3.e.3707/click - {}
RESULT: {}
RESULT: {}
COMMAND: GET /session/771d3c9ffdb5f6a869ae0a3bf138e088/screenshot - {}
RESULT: {}
COMMAND: POST /session/771d3c9ffdb5f6a869ae0a3bf138e088/element - {"using":"xpath","value":"//button[@data-kt=\"saveButton\"]"}
RESULT: {"using":"xpath","value":"//button[@data-kt=\"saveButton\"]"}
COMMAND: POST /session/771d3c9ffdb5f6a869ae0a3bf138e088/element/f.C725D2739C9BAC73399F894D32ABC418.d.1B42E82915BBB60842019CA51DF306D3.e.3654/click - {}
RESULT: {}
COMMAND: GET /session/771d3c9ffdb5f6a869ae0a3bf138e088/screenshot - {}
RESULT: {}
COMMAND: POST /session/771d3c9ffdb5f6a869ae0a3bf138e088/element - {"using":"xpath","value":"//header[contains(@id, 'ObjectPageLayout-headerTitle')]/div[1]/div[2]/div[2]/span[1]"}
RESULT: {"using":"xpath","value":"//header[contains(@id, 'ObjectPageLayout-headerTitle')]/div[1]/div[2]/div[2]/span[1]"}
COMMAND: POST /session/771d3c9ffdb5f6a869ae0a3bf138e088/elements - {"using":"xpath","value":"//header[contains(@id, 'ObjectPageLayout-headerTitle')]/div[1]/div[2]/div[2]/span[1]"}
RESULT: {"using":"xpath","value":"//header[contains(@id, 'ObjectPageLayout-headerTitle')]/div[1]/div[2]/div[2]/span[1]"}
COMMAND: POST /session/771d3c9ffdb5f6a869ae0a3bf138e088/execute/sync - {"script":"<script> [56 bytes]","args":[{"element-6066-11e4-a52e-4f735466cecf":"f.C725D2739C9BAC73399F894D32ABC418.d.1B42E82915BBB60842019CA51DF306D3.e.3869","ELEMENT":"f.C725D2739C9BAC73399F894D32ABC418.d.1B42E82915BBB60842019CA51DF306D3.e.3869"}]}
RESULT: {"script":"<script> [56 bytes]","args":[{"element-6066-11e4-a52e-4f735466cecf":"f.C725D2739C9BAC73399F894D32ABC418.d.1B42E82915BBB60842019CA51DF306D3.e.3869","ELEMENT":"f.C725D2739C9BAC73399F894D32ABC418.d.1B42E82915BBB60842019CA51DF306D3.e.3869"}]}
COMMAND: POST /session/771d3c9ffdb5f6a869ae0a3bf138e088/element - {"using":"css selector","value":"#shell-header-logo"}
COMMAND: GET /session/771d3c9ffdb5f6a869ae0a3bf138e088/screenshot - {}
RESULT: {"using":"css selector","value":"#shell-header-logo"}
COMMAND: POST /session/771d3c9ffdb5f6a869ae0a3bf138e088/element/f.C725D2739C9BAC73399F894D32ABC418.d.1B42E82915BBB60842019CA51DF306D3.e.3179/click - {}
RESULT: {}
RESULT: {}
COMMAND: GET /session/771d3c9ffdb5f6a869ae0a3bf138e088/screenshot - {}
RESULT: {}
COMMAND: POST /session/771d3c9ffdb5f6a869ae0a3bf138e088/execute/sync - {"script":"<script> [299 bytes]","args":[["getModel","getResource"]]}
RESULT: {"script":"<script> [299 bytes]","args":[["getModel","getResource"]]}
]]></system-out>
    </testcase>
    <testcase classname="chrome.135_0_7049_96.windows.Create_partner_US118246" name="Should create new external WHM partner" time="70.493">
      <system-out><![CDATA[
COMMAND: POST /session/771d3c9ffdb5f6a869ae0a3bf138e088/window/fullscreen - {}
COMMAND: GET /session/771d3c9ffdb5f6a869ae0a3bf138e088/screenshot - {}
RESULT: {}
RESULT: undefined
COMMAND: POST /session/771d3c9ffdb5f6a869ae0a3bf138e088/element - {"using":"xpath","value":"//*[@id=\"__tile38\"]"}
RESULT: {}
RESULT: {"using":"xpath","value":"//*[@id=\"__tile38\"]"}
COMMAND: POST /session/771d3c9ffdb5f6a869ae0a3bf138e088/element/f.C725D2739C9BAC73399F894D32ABC418.d.1B42E82915BBB60842019CA51DF306D3.e.3074/click - {}
RESULT: {}
COMMAND: POST /session/771d3c9ffdb5f6a869ae0a3bf138e088/element - {"using":"xpath","value":"//button[@data-kt=\"addButton\"]"}
COMMAND: GET /session/771d3c9ffdb5f6a869ae0a3bf138e088/screenshot - {}
RESULT: {"using":"xpath","value":"//button[@data-kt=\"addButton\"]"}
COMMAND: POST /session/771d3c9ffdb5f6a869ae0a3bf138e088/elements - {"using":"xpath","value":"//button[@data-kt=\"addButton\"]"}
RESULT: {}
RESULT: {"using":"xpath","value":"//button[@data-kt=\"addButton\"]"}
COMMAND: POST /session/771d3c9ffdb5f6a869ae0a3bf138e088/element - {"using":"xpath","value":"//button[@data-kt=\"addButton\"]"}
RESULT: {"using":"xpath","value":"//button[@data-kt=\"addButton\"]"}
COMMAND: POST /session/771d3c9ffdb5f6a869ae0a3bf138e088/execute/sync - {"script":"<script> [8489 bytes]","args":[{"element-6066-11e4-a52e-4f735466cecf":"f.C725D2739C9BAC73399F894D32ABC418.d.1B42E82915BBB60842019CA51DF306D3.e.3905","ELEMENT":"f.C725D2739C9BAC73399F894D32ABC418.d.1B42E82915BBB60842019CA51DF306D3.e.3905"}]}
RESULT: {"script":"<script> [8489 bytes]","args":[{"element-6066-11e4-a52e-4f735466cecf":"f.C725D2739C9BAC73399F894D32ABC418.d.1B42E82915BBB60842019CA51DF306D3.e.3905","ELEMENT":"f.C725D2739C9BAC73399F894D32ABC418.d.1B42E82915BBB60842019CA51DF306D3.e.3905"}]}
COMMAND: GET /session/771d3c9ffdb5f6a869ae0a3bf138e088/element/f.C725D2739C9BAC73399F894D32ABC418.d.1B42E82915BBB60842019CA51DF306D3.e.3905/enabled - {}
COMMAND: GET /session/771d3c9ffdb5f6a869ae0a3bf138e088/screenshot - {}
RESULT: {}
COMMAND: POST /session/771d3c9ffdb5f6a869ae0a3bf138e088/execute/sync - {"script":"<script> [8489 bytes]","args":[{"element-6066-11e4-a52e-4f735466cecf":"f.C725D2739C9BAC73399F894D32ABC418.d.1B42E82915BBB60842019CA51DF306D3.e.3905","ELEMENT":"f.C725D2739C9BAC73399F894D32ABC418.d.1B42E82915BBB60842019CA51DF306D3.e.3905"}]}
COMMAND: GET /session/771d3c9ffdb5f6a869ae0a3bf138e088/screenshot - {}
RESULT: {}
RESULT: {"script":"<script> [8489 bytes]","args":[{"element-6066-11e4-a52e-4f735466cecf":"f.C725D2739C9BAC73399F894D32ABC418.d.1B42E82915BBB60842019CA51DF306D3.e.3905","ELEMENT":"f.C725D2739C9BAC73399F894D32ABC418.d.1B42E82915BBB60842019CA51DF306D3.e.3905"}]}
COMMAND: POST /session/771d3c9ffdb5f6a869ae0a3bf138e088/execute/sync - {"script":"<script> [5351 bytes]","args":[{"element-6066-11e4-a52e-4f735466cecf":"f.C725D2739C9BAC73399F894D32ABC418.d.1B42E82915BBB60842019CA51DF306D3.e.3905","ELEMENT":"f.C725D2739C9BAC73399F894D32ABC418.d.1B42E82915BBB60842019CA51DF306D3.e.3905"}]}
COMMAND: GET /session/771d3c9ffdb5f6a869ae0a3bf138e088/screenshot - {}
RESULT: {}
RESULT: {"script":"<script> [5351 bytes]","args":[{"element-6066-11e4-a52e-4f735466cecf":"f.C725D2739C9BAC73399F894D32ABC418.d.1B42E82915BBB60842019CA51DF306D3.e.3905","ELEMENT":"f.C725D2739C9BAC73399F894D32ABC418.d.1B42E82915BBB60842019CA51DF306D3.e.3905"}]}
COMMAND: POST /session/771d3c9ffdb5f6a869ae0a3bf138e088/element/f.C725D2739C9BAC73399F894D32ABC418.d.1B42E82915BBB60842019CA51DF306D3.e.3905/click - {}
COMMAND: GET /session/771d3c9ffdb5f6a869ae0a3bf138e088/screenshot - {}
RESULT: {}
RESULT: {}
COMMAND: GET /session/771d3c9ffdb5f6a869ae0a3bf138e088/screenshot - {}
RESULT: undefined
COMMAND: POST /session/771d3c9ffdb5f6a869ae0a3bf138e088/execute/async - {"script":"<script> [776 bytes]","args":[{"enterText":"WHM Partner WDIO","selector":{"id":"application-managepartners-display-component---NewPartner--addressDetailDetailsName1","interaction":{"idSuffix":"inner"}},"clearTextFirst":true,"interactionType":"ENTER_TEXT"}]}
RESULT: {}
RESULT: {}
RESULT: {"script":"<script> [776 bytes]","args":[{"enterText":"WHM Partner WDIO","selector":{"id":"application-managepartners-display-component---NewPartner--addressDetailDetailsName1","interaction":{"idSuffix":"inner"}},"clearTextFirst":true,"interactionType":"ENTER_TEXT"}]}
RESULT: undefined
COMMAND: POST /session/771d3c9ffdb5f6a869ae0a3bf138e088/element - {"using":"xpath","value":"//*[@id=\"application-managepartners-display-component---NewPartner--addressDetailDetailsLanguage-arrow\"]"}
RESULT: {"using":"xpath","value":"//*[@id=\"application-managepartners-display-component---NewPartner--addressDetailDetailsLanguage-arrow\"]"}
COMMAND: POST /session/771d3c9ffdb5f6a869ae0a3bf138e088/element/f.C725D2739C9BAC73399F894D32ABC418.d.1B42E82915BBB60842019CA51DF306D3.e.4346/click - {}
RESULT: {}
COMMAND: POST /session/771d3c9ffdb5f6a869ae0a3bf138e088/element - {"using":"xpath","value":"//span[contains(text(), \"English\")]"}
COMMAND: GET /session/771d3c9ffdb5f6a869ae0a3bf138e088/screenshot - {}
RESULT: {"using":"xpath","value":"//span[contains(text(), \"English\")]"}
COMMAND: POST /session/771d3c9ffdb5f6a869ae0a3bf138e088/element/f.C725D2739C9BAC73399F894D32ABC418.d.1B42E82915BBB60842019CA51DF306D3.e.4347/click - {}
RESULT: {}
RESULT: {}
COMMAND: GET /session/771d3c9ffdb5f6a869ae0a3bf138e088/screenshot - {}
RESULT: {}
RESULT: undefined
COMMAND: POST /session/771d3c9ffdb5f6a869ae0a3bf138e088/execute/async - {"script":"<script> [776 bytes]","args":[{"enterText":"Rosario","selector":{"id":"application-managepartners-display-component---NewPartner--addressDetailDetailsCity1","interaction":{"idSuffix":"inner"}},"clearTextFirst":true,"interactionType":"ENTER_TEXT"}]}
RESULT: {"script":"<script> [776 bytes]","args":[{"enterText":"Rosario","selector":{"id":"application-managepartners-display-component---NewPartner--addressDetailDetailsCity1","interaction":{"idSuffix":"inner"}},"clearTextFirst":true,"interactionType":"ENTER_TEXT"}]}
RESULT: undefined
COMMAND: POST /session/771d3c9ffdb5f6a869ae0a3bf138e088/element - {"using":"xpath","value":"//*[@id=\"application-managepartners-display-component---NewPartner--addressDetailDetailsCountry-arrow\"]"}
RESULT: {"using":"xpath","value":"//*[@id=\"application-managepartners-display-component---NewPartner--addressDetailDetailsCountry-arrow\"]"}
COMMAND: POST /session/771d3c9ffdb5f6a869ae0a3bf138e088/element/f.C725D2739C9BAC73399F894D32ABC418.d.1B42E82915BBB60842019CA51DF306D3.e.4330/click - {}
RESULT: {}
COMMAND: POST /session/771d3c9ffdb5f6a869ae0a3bf138e088/element - {"using":"xpath","value":"//span[contains(text(), \"Argentina\")]"}
COMMAND: GET /session/771d3c9ffdb5f6a869ae0a3bf138e088/screenshot - {}
RESULT: {"using":"xpath","value":"//span[contains(text(), \"Argentina\")]"}
COMMAND: POST /session/771d3c9ffdb5f6a869ae0a3bf138e088/element/f.C725D2739C9BAC73399F894D32ABC418.d.1B42E82915BBB60842019CA51DF306D3.e.4348/click - {}
RESULT: {}
RESULT: {}
COMMAND: GET /session/771d3c9ffdb5f6a869ae0a3bf138e088/screenshot - {}
RESULT: {}
COMMAND: POST /session/771d3c9ffdb5f6a869ae0a3bf138e088/element - {"using":"xpath","value":"//bdi[contains(text(), \"Commercial\")]"}
RESULT: {"using":"xpath","value":"//bdi[contains(text(), \"Commercial\")]"}
COMMAND: POST /session/771d3c9ffdb5f6a869ae0a3bf138e088/element/f.C725D2739C9BAC73399F894D32ABC418.d.1B42E82915BBB60842019CA51DF306D3.e.4349/click - {}
RESULT: {}
COMMAND: GET /session/771d3c9ffdb5f6a869ae0a3bf138e088/screenshot - {}
RESULT: {}
RESULT: undefined
COMMAND: POST /session/771d3c9ffdb5f6a869ae0a3bf138e088/element - {"using":"xpath","value":"//*[@id=\"application-managepartners-display-component---NewPartner--partnerDetailInternal-arrow\"]"}
RESULT: {"using":"xpath","value":"//*[@id=\"application-managepartners-display-component---NewPartner--partnerDetailInternal-arrow\"]"}
COMMAND: POST /session/771d3c9ffdb5f6a869ae0a3bf138e088/element/f.C725D2739C9BAC73399F894D32ABC418.d.1B42E82915BBB60842019CA51DF306D3.e.4355/click - {}
RESULT: {}
COMMAND: POST /session/771d3c9ffdb5f6a869ae0a3bf138e088/element - {"using":"xpath","value":"//span[contains(text(), \"External partner\")]"}
COMMAND: GET /session/771d3c9ffdb5f6a869ae0a3bf138e088/screenshot - {}
RESULT: {"using":"xpath","value":"//span[contains(text(), \"External partner\")]"}
COMMAND: POST /session/771d3c9ffdb5f6a869ae0a3bf138e088/element/f.C725D2739C9BAC73399F894D32ABC418.d.1B42E82915BBB60842019CA51DF306D3.e.4358/click - {}
RESULT: {}
RESULT: {}
RESULT: undefined
COMMAND: POST /session/771d3c9ffdb5f6a869ae0a3bf138e088/element - {"using":"xpath","value":"//*[@id=\"application-managepartners-display-component---NewPartner--partnerDetailsCurrency-arrow\"]"}
COMMAND: GET /session/771d3c9ffdb5f6a869ae0a3bf138e088/screenshot - {}
RESULT: {"using":"xpath","value":"//*[@id=\"application-managepartners-display-component---NewPartner--partnerDetailsCurrency-arrow\"]"}
COMMAND: POST /session/771d3c9ffdb5f6a869ae0a3bf138e088/element/f.C725D2739C9BAC73399F894D32ABC418.d.1B42E82915BBB60842019CA51DF306D3.e.4359/click - {}
RESULT: {}
RESULT: {}
COMMAND: POST /session/771d3c9ffdb5f6a869ae0a3bf138e088/element - {"using":"xpath","value":"//span[contains(text(), \"US Dollar\")]"}
COMMAND: GET /session/771d3c9ffdb5f6a869ae0a3bf138e088/screenshot - {}
RESULT: {"using":"xpath","value":"//span[contains(text(), \"US Dollar\")]"}
COMMAND: POST /session/771d3c9ffdb5f6a869ae0a3bf138e088/element/f.C725D2739C9BAC73399F894D32ABC418.d.1B42E82915BBB60842019CA51DF306D3.e.4364/click - {}
RESULT: {}
RESULT: {}
COMMAND: GET /session/771d3c9ffdb5f6a869ae0a3bf138e088/screenshot - {}
RESULT: {}
COMMAND: POST /session/771d3c9ffdb5f6a869ae0a3bf138e088/element - {"using":"xpath","value":"//input[@id=\"application-managepartners-display-component---NewPartner--companyCodeComboBox-inner\"]"}
RESULT: {"using":"xpath","value":"//input[@id=\"application-managepartners-display-component---NewPartner--companyCodeComboBox-inner\"]"}
COMMAND: POST /session/771d3c9ffdb5f6a869ae0a3bf138e088/element/f.C725D2739C9BAC73399F894D32ABC418.d.1B42E82915BBB60842019CA51DF306D3.e.4215/clear - {}
RESULT: {}
COMMAND: POST /session/771d3c9ffdb5f6a869ae0a3bf138e088/element/f.C725D2739C9BAC73399F894D32ABC418.d.1B42E82915BBB60842019CA51DF306D3.e.4215/value - {"text":"C002"}
COMMAND: GET /session/771d3c9ffdb5f6a869ae0a3bf138e088/screenshot - {}
RESULT: {"text":"C002"}
COMMAND: GET /session/771d3c9ffdb5f6a869ae0a3bf138e088/screenshot - {}
RESULT: {}
RESULT: {}
COMMAND: POST /session/771d3c9ffdb5f6a869ae0a3bf138e088/element - {"using":"xpath","value":"//span[contains(text(), \"C002\")]"}
RESULT: {"using":"xpath","value":"//span[contains(text(), \"C002\")]"}
COMMAND: POST /session/771d3c9ffdb5f6a869ae0a3bf138e088/element/f.C725D2739C9BAC73399F894D32ABC418.d.1B42E82915BBB60842019CA51DF306D3.e.4368/click - {}
RESULT: {}
COMMAND: GET /session/771d3c9ffdb5f6a869ae0a3bf138e088/screenshot - {}
RESULT: {}
RESULT: undefined
COMMAND: POST /session/771d3c9ffdb5f6a869ae0a3bf138e088/element - {"using":"xpath","value":"//*[@id=\"application-managepartners-display-component---NewPartner--btnAddTableRow-img\"]"}
RESULT: {"using":"xpath","value":"//*[@id=\"application-managepartners-display-component---NewPartner--btnAddTableRow-img\"]"}
COMMAND: POST /session/771d3c9ffdb5f6a869ae0a3bf138e088/element/f.C725D2739C9BAC73399F894D32ABC418.d.1B42E82915BBB60842019CA51DF306D3.e.4369/click - {}
RESULT: {}
COMMAND: GET /session/771d3c9ffdb5f6a869ae0a3bf138e088/screenshot - {}
RESULT: {}
COMMAND: POST /session/771d3c9ffdb5f6a869ae0a3bf138e088/element - {"using":"xpath","value":"//input[@id=\"application-managepartners-display-component---NewPartner--assignmentYard-application-managepartners-display-component---NewPartner--assignmentsTable-0-inner\"]"}
RESULT: {"using":"xpath","value":"//input[@id=\"application-managepartners-display-component---NewPartner--assignmentYard-application-managepartners-display-component---NewPartner--assignmentsTable-0-inner\"]"}
COMMAND: POST /session/771d3c9ffdb5f6a869ae0a3bf138e088/element/f.C725D2739C9BAC73399F894D32ABC418.d.1B42E82915BBB60842019CA51DF306D3.e.4372/clear - {}
RESULT: {}
COMMAND: POST /session/771d3c9ffdb5f6a869ae0a3bf138e088/element/f.C725D2739C9BAC73399F894D32ABC418.d.1B42E82915BBB60842019CA51DF306D3.e.4372/value - {"text":"722"}
COMMAND: GET /session/771d3c9ffdb5f6a869ae0a3bf138e088/screenshot - {}
RESULT: {"text":"722"}
COMMAND: GET /session/771d3c9ffdb5f6a869ae0a3bf138e088/screenshot - {}
RESULT: {}
RESULT: {}
COMMAND: POST /session/771d3c9ffdb5f6a869ae0a3bf138e088/element - {"using":"xpath","value":"//li[.//span[text()='722']]"}
RESULT: {"using":"xpath","value":"//li[.//span[text()='722']]"}
COMMAND: POST /session/771d3c9ffdb5f6a869ae0a3bf138e088/element/f.C725D2739C9BAC73399F894D32ABC418.d.1B42E82915BBB60842019CA51DF306D3.e.4379/click - {}
RESULT: {}
COMMAND: GET /session/771d3c9ffdb5f6a869ae0a3bf138e088/screenshot - {}
RESULT: {}
COMMAND: POST /session/771d3c9ffdb5f6a869ae0a3bf138e088/actions - {"actions":[{"id":"action7","type":"key","parameters":{},"actions":[{"type":"keyDown","value":""},{"type":"pause","duration":10},{"type":"keyUp","value":""}]}]}
RESULT: {"actions":[{"id":"action7","type":"key","parameters":{},"actions":[{"type":"keyDown","value":""},{"type":"pause","duration":10},{"type":"keyUp","value":""}]}]}
COMMAND: POST /session/771d3c9ffdb5f6a869ae0a3bf138e088/element - {"using":"xpath","value":"//td[contains(@id, \"assignmentsTable-0-cell2\")]/div/div"}
COMMAND: GET /session/771d3c9ffdb5f6a869ae0a3bf138e088/screenshot - {}
RESULT: {"using":"xpath","value":"//td[contains(@id, \"assignmentsTable-0-cell2\")]/div/div"}
COMMAND: POST /session/771d3c9ffdb5f6a869ae0a3bf138e088/element/f.C725D2739C9BAC73399F894D32ABC418.d.1B42E82915BBB60842019CA51DF306D3.e.4382/click - {}
RESULT: {}
RESULT: {}
COMMAND: GET /session/771d3c9ffdb5f6a869ae0a3bf138e088/screenshot - {}
RESULT: {}
COMMAND: POST /session/771d3c9ffdb5f6a869ae0a3bf138e088/element - {"using":"xpath","value":"//button[@data-kt=\"saveButton\"]"}
RESULT: {"using":"xpath","value":"//button[@data-kt=\"saveButton\"]"}
COMMAND: POST /session/771d3c9ffdb5f6a869ae0a3bf138e088/element/f.C725D2739C9BAC73399F894D32ABC418.d.1B42E82915BBB60842019CA51DF306D3.e.4332/click - {}
RESULT: {}
COMMAND: GET /session/771d3c9ffdb5f6a869ae0a3bf138e088/screenshot - {}
RESULT: {}
COMMAND: POST /session/771d3c9ffdb5f6a869ae0a3bf138e088/element - {"using":"xpath","value":"//header[contains(@id, 'ObjectPageLayout-headerTitle')]/div[1]/div[2]/div[2]/span[1]"}
RESULT: {"using":"xpath","value":"//header[contains(@id, 'ObjectPageLayout-headerTitle')]/div[1]/div[2]/div[2]/span[1]"}
COMMAND: POST /session/771d3c9ffdb5f6a869ae0a3bf138e088/elements - {"using":"xpath","value":"//header[contains(@id, 'ObjectPageLayout-headerTitle')]/div[1]/div[2]/div[2]/span[1]"}
RESULT: {"using":"xpath","value":"//header[contains(@id, 'ObjectPageLayout-headerTitle')]/div[1]/div[2]/div[2]/span[1]"}
COMMAND: POST /session/771d3c9ffdb5f6a869ae0a3bf138e088/execute/sync - {"script":"<script> [56 bytes]","args":[{"element-6066-11e4-a52e-4f735466cecf":"f.C725D2739C9BAC73399F894D32ABC418.d.1B42E82915BBB60842019CA51DF306D3.e.4544","ELEMENT":"f.C725D2739C9BAC73399F894D32ABC418.d.1B42E82915BBB60842019CA51DF306D3.e.4544"}]}
RESULT: {"script":"<script> [56 bytes]","args":[{"element-6066-11e4-a52e-4f735466cecf":"f.C725D2739C9BAC73399F894D32ABC418.d.1B42E82915BBB60842019CA51DF306D3.e.4544","ELEMENT":"f.C725D2739C9BAC73399F894D32ABC418.d.1B42E82915BBB60842019CA51DF306D3.e.4544"}]}
COMMAND: POST /session/771d3c9ffdb5f6a869ae0a3bf138e088/element - {"using":"css selector","value":"#shell-header-logo"}
COMMAND: GET /session/771d3c9ffdb5f6a869ae0a3bf138e088/screenshot - {}
RESULT: {"using":"css selector","value":"#shell-header-logo"}
COMMAND: POST /session/771d3c9ffdb5f6a869ae0a3bf138e088/element/f.C725D2739C9BAC73399F894D32ABC418.d.1B42E82915BBB60842019CA51DF306D3.e.3872/click - {}
RESULT: {}
RESULT: {}
COMMAND: GET /session/771d3c9ffdb5f6a869ae0a3bf138e088/screenshot - {}
RESULT: {}
COMMAND: POST /session/771d3c9ffdb5f6a869ae0a3bf138e088/execute/sync - {"script":"<script> [299 bytes]","args":[["getModel","getResource"]]}
RESULT: {"script":"<script> [299 bytes]","args":[["getModel","getResource"]]}
COMMAND: GET /session/771d3c9ffdb5f6a869ae0a3bf138e088/screenshot - {}
COMMAND: POST /session/771d3c9ffdb5f6a869ae0a3bf138e088/refresh - {}
RESULT: {}
COMMAND: GET /session/771d3c9ffdb5f6a869ae0a3bf138e088/screenshot - {}
RESULT: {}
RESULT: {}
COMMAND: POST /session/771d3c9ffdb5f6a869ae0a3bf138e088/refresh - {}
RESULT: {}
COMMAND: GET /session/771d3c9ffdb5f6a869ae0a3bf138e088/screenshot - {}
RESULT: {}
COMMAND: POST /session/771d3c9ffdb5f6a869ae0a3bf138e088/window/fullscreen - {}
RESULT: {}
COMMAND: POST /session/771d3c9ffdb5f6a869ae0a3bf138e088/execute/async - {"script":"<script> [189 bytes]","args":[]}
RESULT: {"script":"<script> [189 bytes]","args":[]}
COMMAND: POST /session/771d3c9ffdb5f6a869ae0a3bf138e088/execute/async - {"script":"<script> [123 bytes]","args":[]}
RESULT: {"script":"<script> [123 bytes]","args":[]}
COMMAND: POST /session/771d3c9ffdb5f6a869ae0a3bf138e088/timeouts - {"script":"<number>"}
RESULT: {"script":"<number>"}
COMMAND: GET /session/771d3c9ffdb5f6a869ae0a3bf138e088/timeouts - {}
RESULT: {}
RESULT: undefined
COMMAND: POST /session/771d3c9ffdb5f6a869ae0a3bf138e088/execute/async - {"script":"<script> [2676 bytes]","args":[]}
RESULT: {"script":"<script> [2676 bytes]","args":[]}
COMMAND: POST /session/771d3c9ffdb5f6a869ae0a3bf138e088/execute/async - {"script":"<script> [2342 bytes]","args":[{"protocol":"http","hostname":"0.0.0.0","path":"/","capabilities":{"browserName":"chrome","goog:chromeOptions":{"binary":"C:\\Program Files\\Google\\Chrome\\Application\\chrome.exe","args":["--start-maximized"]}},"logLevel":"warn","connectionRetryTimeout":120000,"connectionRetryCount":3,"logLevels":{},"enableDirectConnect":true,"strictSSL":true,"_":"65 more keys: [\"cacheDir\",\"port\",\"requestedCapabilities\",\"automationProtocol\",\"baseUrl\",\"waitforInterval\",\"waitforTimeout\",\"onReload\",\"beforeCommand\",\"afterCommand\",\"rootDir\",\"specs\",\"suites\",\"exclude\",\"groupLogsByTestSpec\",\"excludeDriverLogs\",\"bail\",\"framework\",\"reporters\",\"services\",\"maxInstances\",\"maxInstancesPerCapability\",\"injectGlobals\",\"filesToWatch\",\"execArgv\",\"runnerEnv\",\"runner\",\"shard\",\"specFileRetries\",\"specFileRetriesDelay\",\"specFileRetriesDeferred\",\"reporterSyncInterval\",\"reporterSyncTimeout\",\"cucumberFeaturesWithLineNumbers\",\"autoCompileOpts\",\"mochaOpts\",\"jasmineOpts\",\"cucumberOpts\",\"onPrepare\",\"onWorkerStart\",\"onWorkerEnd\",\"before\",\"beforeSession\",\"beforeSuite\",\"beforeHook\",\"beforeTest\",\"afterTest\",\"afterHook\",\"afterSuite\",\"afterSession\",\"after\",\"onComplete\",\"beforeAssertion\",\"afterAssertion\",\"beforeFeature\",\"beforeScenario\",\"beforeStep\",\"afterStep\",\"afterScenario\",\"afterFeature\",\"_\",\"suite\",\"$0\",\"ignoredWorkerServices\",\"wdi5\"]"}]}
RESULT: {"script":"<script> [2342 bytes]","args":[{"protocol":"http","hostname":"0.0.0.0","path":"/","capabilities":{"browserName":"chrome","goog:chromeOptions":{"binary":"C:\\Program Files\\Google\\Chrome\\Application\\chrome.exe","args":["--start-maximized"]}},"logLevel":"warn","connectionRetryTimeout":120000,"connectionRetryCount":3,"logLevels":{},"enableDirectConnect":true,"strictSSL":true,"_":"65 more keys: [\"cacheDir\",\"port\",\"requestedCapabilities\",\"automationProtocol\",\"baseUrl\",\"waitforInterval\",\"waitforTimeout\",\"onReload\",\"beforeCommand\",\"afterCommand\",\"rootDir\",\"specs\",\"suites\",\"exclude\",\"groupLogsByTestSpec\",\"excludeDriverLogs\",\"bail\",\"framework\",\"reporters\",\"services\",\"maxInstances\",\"maxInstancesPerCapability\",\"injectGlobals\",\"filesToWatch\",\"execArgv\",\"runnerEnv\",\"runner\",\"shard\",\"specFileRetries\",\"specFileRetriesDelay\",\"specFileRetriesDeferred\",\"reporterSyncInterval\",\"reporterSyncTimeout\",\"cucumberFeaturesWithLineNumbers\",\"autoCompileOpts\",\"mochaOpts\",\"jasmineOpts\",\"cucumberOpts\",\"onPrepare\",\"onWorkerStart\",\"onWorkerEnd\",\"before\",\"beforeSession\",\"beforeSuite\",\"beforeHook\",\"beforeTest\",\"afterTest\",\"afterHook\",\"afterSuite\",\"afterSession\",\"after\",\"onComplete\",\"beforeAssertion\",\"afterAssertion\",\"beforeFeature\",\"beforeScenario\",\"beforeStep\",\"afterStep\",\"afterScenario\",\"afterFeature\",\"_\",\"suite\",\"$0\",\"ignoredWorkerServices\",\"wdi5\"]"}]}
COMMAND: POST /session/771d3c9ffdb5f6a869ae0a3bf138e088/execute/async - {"script":"<script> [21126 bytes]","args":[35000]}
RESULT: {"script":"<script> [21126 bytes]","args":[35000]}
COMMAND: POST /session/771d3c9ffdb5f6a869ae0a3bf138e088/element - {"using":"css selector","value":"#shell-header-logo"}
RESULT: {"using":"css selector","value":"#shell-header-logo"}
COMMAND: POST /session/771d3c9ffdb5f6a869ae0a3bf138e088/element/f.C725D2739C9BAC73399F894D32ABC418.d.2004EC7AC0951E74B6BDDFA75C341085.e.4688/click - {}
RESULT: {}
COMMAND: GET /session/771d3c9ffdb5f6a869ae0a3bf138e088/screenshot - {}
RESULT: {}
COMMAND: POST /session/771d3c9ffdb5f6a869ae0a3bf138e088/execute/async - {"script":"<script> [1562 bytes]","args":[{"selector":{"controlType":"sap.m.GenericTile","properties":{"header":"Manage Sites"}},"wdio_ui5_key":"sapm.GenericTile{\"header\":\"Manage Sites\"}"}]}
RESULT: {"script":"<script> [1562 bytes]","args":[{"selector":{"controlType":"sap.m.GenericTile","properties":{"header":"Manage Sites"}},"wdio_ui5_key":"sapm.GenericTile{\"header\":\"Manage Sites\"}"}]}
RESULT: undefined
COMMAND: POST /session/771d3c9ffdb5f6a869ae0a3bf138e088/element - {"using":"xpath","value":"//*[@id=\"__tile32\"]"}
RESULT: {"using":"xpath","value":"//*[@id=\"__tile32\"]"}
COMMAND: POST /session/771d3c9ffdb5f6a869ae0a3bf138e088/element/f.C725D2739C9BAC73399F894D32ABC418.d.2004EC7AC0951E74B6BDDFA75C341085.e.4617/click - {}
RESULT: {}
]]></system-out>
    </testcase>
  </testsuite>
  <testsuite timestamp="2025-04-23T15:34:45" time="175.753" tests="2" failures="0" errors="0" skipped="0">
    <properties>
      <property name="specId" value="0"/>
      <property name="suiteName" value="Create 2 sites US118246"/>
      <property name="capabilities" value="chrome.135_0_7049_96.windows"/>
      <property name="file" value="file:///D:/a/1/s/test/specs/R2C/create-site.spec.js"/>
    </properties>
    <testcase classname="chrome.135_0_7049_96.windows.Create_2_sites_US118246" name="Should create new site" time="77.748">
      <system-out><![CDATA[
COMMAND: POST /session/771d3c9ffdb5f6a869ae0a3bf138e088/execute/async - {"script":"<script> [1562 bytes]","args":[{"selector":{"controlType":"sap.m.Title","viewName":"etm.portal.ui.managesites.view.Master","viewId":"application-managesites-display-component---masterSite","i18NText":{"propertyName":"text","key":"sites"}},"wdio_ui5_key":"etmportal.ui.managesites.view.Mastersap.m.Title{\"propertyName\":\"text\",\"key\":\"sites\"}"}]}
COMMAND: GET /session/771d3c9ffdb5f6a869ae0a3bf138e088/screenshot - {}
RESULT: {"script":"<script> [1562 bytes]","args":[{"selector":{"controlType":"sap.m.Title","viewName":"etm.portal.ui.managesites.view.Master","viewId":"application-managesites-display-component---masterSite","i18NText":{"propertyName":"text","key":"sites"}},"wdio_ui5_key":"etmportal.ui.managesites.view.Mastersap.m.Title{\"propertyName\":\"text\",\"key\":\"sites\"}"}]}
RESULT: undefined
COMMAND: POST /session/771d3c9ffdb5f6a869ae0a3bf138e088/execute/async - {"script":"<script> [6424 bytes]","args":[{"element-6066-11e4-a52e-4f735466cecf":"f.C725D2739C9BAC73399F894D32ABC418.d.2004EC7AC0951E74B6BDDFA75C341085.e.4862"},"getText",[]]}
RESULT: {}
RESULT: {"script":"<script> [6424 bytes]","args":[{"element-6066-11e4-a52e-4f735466cecf":"f.C725D2739C9BAC73399F894D32ABC418.d.2004EC7AC0951E74B6BDDFA75C341085.e.4862"},"getText",[]]}
COMMAND: POST /session/771d3c9ffdb5f6a869ae0a3bf138e088/execute/async - {"script":"<script> [1562 bytes]","args":[{"selector":{"controlType":"sap.ui.core.Icon","viewName":"etm.portal.ui.managesites.view.Master","viewId":"application-managesites-display-component---masterSite","properties":{"src":{"regex":{"source":"add"}}}},"wdio_ui5_key":"etmportal.ui.managesites.view.Mastersap.ui.core.Icon{\"src\":{\"regex\":{\"source\":\"add\"}}}"}]}
RESULT: {"script":"<script> [1562 bytes]","args":[{"selector":{"controlType":"sap.ui.core.Icon","viewName":"etm.portal.ui.managesites.view.Master","viewId":"application-managesites-display-component---masterSite","properties":{"src":{"regex":{"source":"add"}}}},"wdio_ui5_key":"etmportal.ui.managesites.view.Mastersap.ui.core.Icon{\"src\":{\"regex\":{\"source\":\"add\"}}}"}]}
RESULT: undefined
COMMAND: POST /session/771d3c9ffdb5f6a869ae0a3bf138e088/element - {"using":"xpath","value":"//*[@id=\"__button4-img\"]"}
RESULT: {"using":"xpath","value":"//*[@id=\"__button4-img\"]"}
COMMAND: POST /session/771d3c9ffdb5f6a869ae0a3bf138e088/element/f.C725D2739C9BAC73399F894D32ABC418.d.2004EC7AC0951E74B6BDDFA75C341085.e.4738/click - {}
RESULT: {}
COMMAND: POST /session/771d3c9ffdb5f6a869ae0a3bf138e088/execute/async - {"script":"<script> [1562 bytes]","args":[{"selector":{"id":"application-managesites-display-component---NewSite--siteId","interaction":{"idSuffix":"inner"}},"wdio_ui5_key":"applicationmanagesites-display-component---NewSite--siteId"}]}
COMMAND: GET /session/771d3c9ffdb5f6a869ae0a3bf138e088/screenshot - {}
RESULT: {"script":"<script> [1562 bytes]","args":[{"selector":{"id":"application-managesites-display-component---NewSite--siteId","interaction":{"idSuffix":"inner"}},"wdio_ui5_key":"applicationmanagesites-display-component---NewSite--siteId"}]}
RESULT: undefined
COMMAND: POST /session/771d3c9ffdb5f6a869ae0a3bf138e088/execute/async - {"script":"<script> [1562 bytes]","args":[{"selector":{"id":"application-managesites-display-component---NewSite--addressDetailDetailsName1","interaction":{"idSuffix":"inner"}},"wdio_ui5_key":"applicationmanagesites-display-component---NewSite--addressDetailDetailsName1"}]}
RESULT: {}
RESULT: {"script":"<script> [1562 bytes]","args":[{"selector":{"id":"application-managesites-display-component---NewSite--addressDetailDetailsName1","interaction":{"idSuffix":"inner"}},"wdio_ui5_key":"applicationmanagesites-display-component---NewSite--addressDetailDetailsName1"}]}
RESULT: undefined
COMMAND: POST /session/771d3c9ffdb5f6a869ae0a3bf138e088/execute/async - {"script":"<script> [776 bytes]","args":[{"enterText":"Webdriver Site mlhdtk","selector":{"id":"application-managesites-display-component---NewSite--addressDetailDetailsName1","interaction":{"idSuffix":"inner"}},"clearTextFirst":true,"interactionType":"ENTER_TEXT"}]}
RESULT: {"script":"<script> [776 bytes]","args":[{"enterText":"Webdriver Site mlhdtk","selector":{"id":"application-managesites-display-component---NewSite--addressDetailDetailsName1","interaction":{"idSuffix":"inner"}},"clearTextFirst":true,"interactionType":"ENTER_TEXT"}]}
COMMAND: POST /session/771d3c9ffdb5f6a869ae0a3bf138e088/execute/async - {"script":"<script> [1562 bytes]","args":[{"selector":{"id":"application-managesites-display-component---NewSite--addressDetailDetailsLanguage","interaction":{"idSuffix":"inner"}},"wdio_ui5_key":"applicationmanagesites-display-component---NewSite--addressDetailDetailsLanguage"}]}
RESULT: {"script":"<script> [1562 bytes]","args":[{"selector":{"id":"application-managesites-display-component---NewSite--addressDetailDetailsLanguage","interaction":{"idSuffix":"inner"}},"wdio_ui5_key":"applicationmanagesites-display-component---NewSite--addressDetailDetailsLanguage"}]}
RESULT: undefined
COMMAND: POST /session/771d3c9ffdb5f6a869ae0a3bf138e088/execute/async - {"script":"<script> [776 bytes]","args":[{"enterText":"Romanian","selector":{"id":"application-managesites-display-component---NewSite--addressDetailDetailsLanguage","interaction":{"idSuffix":"inner"}},"clearTextFirst":true,"interactionType":"ENTER_TEXT"}]}
RESULT: {"script":"<script> [776 bytes]","args":[{"enterText":"Romanian","selector":{"id":"application-managesites-display-component---NewSite--addressDetailDetailsLanguage","interaction":{"idSuffix":"inner"}},"clearTextFirst":true,"interactionType":"ENTER_TEXT"}]}
COMMAND: POST /session/771d3c9ffdb5f6a869ae0a3bf138e088/execute/async - {"script":"<script> [1562 bytes]","args":[{"selector":{"id":"application-managesites-display-component---NewSite--addressDetailDetailsCity1","interaction":{"idSuffix":"inner"}},"wdio_ui5_key":"applicationmanagesites-display-component---NewSite--addressDetailDetailsCity1"}]}
RESULT: {"script":"<script> [1562 bytes]","args":[{"selector":{"id":"application-managesites-display-component---NewSite--addressDetailDetailsCity1","interaction":{"idSuffix":"inner"}},"wdio_ui5_key":"applicationmanagesites-display-component---NewSite--addressDetailDetailsCity1"}]}
RESULT: undefined
COMMAND: POST /session/771d3c9ffdb5f6a869ae0a3bf138e088/execute/async - {"script":"<script> [776 bytes]","args":[{"enterText":"Bucharest","selector":{"id":"application-managesites-display-component---NewSite--addressDetailDetailsCity1","interaction":{"idSuffix":"inner"}},"clearTextFirst":true,"interactionType":"ENTER_TEXT"}]}
RESULT: {"script":"<script> [776 bytes]","args":[{"enterText":"Bucharest","selector":{"id":"application-managesites-display-component---NewSite--addressDetailDetailsCity1","interaction":{"idSuffix":"inner"}},"clearTextFirst":true,"interactionType":"ENTER_TEXT"}]}
COMMAND: POST /session/771d3c9ffdb5f6a869ae0a3bf138e088/execute/async - {"script":"<script> [1562 bytes]","args":[{"selector":{"id":"application-managesites-display-component---NewSite--addressDetailDetailsCountry","interaction":{"idSuffix":"inner"}},"wdio_ui5_key":"applicationmanagesites-display-component---NewSite--addressDetailDetailsCountry"}]}
RESULT: {"script":"<script> [1562 bytes]","args":[{"selector":{"id":"application-managesites-display-component---NewSite--addressDetailDetailsCountry","interaction":{"idSuffix":"inner"}},"wdio_ui5_key":"applicationmanagesites-display-component---NewSite--addressDetailDetailsCountry"}]}
RESULT: undefined
COMMAND: POST /session/771d3c9ffdb5f6a869ae0a3bf138e088/execute/async - {"script":"<script> [776 bytes]","args":[{"enterText":"Romania","selector":{"id":"application-managesites-display-component---NewSite--addressDetailDetailsCountry","interaction":{"idSuffix":"inner"}},"clearTextFirst":true,"interactionType":"ENTER_TEXT"}]}
RESULT: {"script":"<script> [776 bytes]","args":[{"enterText":"Romania","selector":{"id":"application-managesites-display-component---NewSite--addressDetailDetailsCountry","interaction":{"idSuffix":"inner"}},"clearTextFirst":true,"interactionType":"ENTER_TEXT"}]}
COMMAND: POST /session/771d3c9ffdb5f6a869ae0a3bf138e088/execute/async - {"script":"<script> [1562 bytes]","args":[{"selector":{"id":"application-managesites-display-component---NewSite--addressDetailDetailsCalendar","interaction":{"idSuffix":"inner"}},"wdio_ui5_key":"applicationmanagesites-display-component---NewSite--addressDetailDetailsCalendar"}]}
RESULT: {"script":"<script> [1562 bytes]","args":[{"selector":{"id":"application-managesites-display-component---NewSite--addressDetailDetailsCalendar","interaction":{"idSuffix":"inner"}},"wdio_ui5_key":"applicationmanagesites-display-component---NewSite--addressDetailDetailsCalendar"}]}
RESULT: undefined
COMMAND: POST /session/771d3c9ffdb5f6a869ae0a3bf138e088/execute/async - {"script":"<script> [776 bytes]","args":[{"enterText":"Germany","selector":{"id":"application-managesites-display-component---NewSite--addressDetailDetailsCalendar","interaction":{"idSuffix":"inner"}},"clearTextFirst":true,"interactionType":"ENTER_TEXT"}]}
RESULT: {"script":"<script> [776 bytes]","args":[{"enterText":"Germany","selector":{"id":"application-managesites-display-component---NewSite--addressDetailDetailsCalendar","interaction":{"idSuffix":"inner"}},"clearTextFirst":true,"interactionType":"ENTER_TEXT"}]}
COMMAND: POST /session/771d3c9ffdb5f6a869ae0a3bf138e088/execute/async - {"script":"<script> [1562 bytes]","args":[{"selector":{"id":"application-managesites-display-component---NewSite--addressEditDetailsCostObjectCstType-arrow"},"wdio_ui5_key":"applicationmanagesites-display-component---NewSite--addressEditDetailsCostObjectCstType-arrow"}]}
RESULT: {"script":"<script> [1562 bytes]","args":[{"selector":{"id":"application-managesites-display-component---NewSite--addressEditDetailsCostObjectCstType-arrow"},"wdio_ui5_key":"applicationmanagesites-display-component---NewSite--addressEditDetailsCostObjectCstType-arrow"}]}
RESULT: undefined
COMMAND: POST /session/771d3c9ffdb5f6a869ae0a3bf138e088/element - {"using":"xpath","value":"//*[@id=\"application-managesites-display-component---NewSite--addressEditDetailsCostObjectCstType-arrow\"]"}
RESULT: {"using":"xpath","value":"//*[@id=\"application-managesites-display-component---NewSite--addressEditDetailsCostObjectCstType-arrow\"]"}
COMMAND: POST /session/771d3c9ffdb5f6a869ae0a3bf138e088/element/f.C725D2739C9BAC73399F894D32ABC418.d.2004EC7AC0951E74B6BDDFA75C341085.e.5133/click - {}
RESULT: {}
COMMAND: POST /session/771d3c9ffdb5f6a869ae0a3bf138e088/element - {"using":"xpath","value":"//span[contains(text(), \"Work Breakdown Structure\")]"}
COMMAND: GET /session/771d3c9ffdb5f6a869ae0a3bf138e088/screenshot - {}
RESULT: {"using":"xpath","value":"//span[contains(text(), \"Work Breakdown Structure\")]"}
COMMAND: POST /session/771d3c9ffdb5f6a869ae0a3bf138e088/element/f.C725D2739C9BAC73399F894D32ABC418.d.2004EC7AC0951E74B6BDDFA75C341085.e.5134/click - {}
RESULT: {}
RESULT: {}
COMMAND: GET /session/771d3c9ffdb5f6a869ae0a3bf138e088/screenshot - {}
RESULT: {}
COMMAND: POST /session/771d3c9ffdb5f6a869ae0a3bf138e088/execute/async - {"script":"<script> [1562 bytes]","args":[{"selector":{"id":"application-managesites-display-component---NewSite--addressNewCostObjectCstID-vhi"},"wdio_ui5_key":"applicationmanagesites-display-component---NewSite--addressNewCostObjectCstID-vhi"}]}
RESULT: {"script":"<script> [1562 bytes]","args":[{"selector":{"id":"application-managesites-display-component---NewSite--addressNewCostObjectCstID-vhi"},"wdio_ui5_key":"applicationmanagesites-display-component---NewSite--addressNewCostObjectCstID-vhi"}]}
RESULT: undefined
COMMAND: POST /session/771d3c9ffdb5f6a869ae0a3bf138e088/element - {"using":"xpath","value":"//*[@id=\"application-managesites-display-component---NewSite--addressNewCostObjectCstID-vhi\"]"}
RESULT: {"using":"xpath","value":"//*[@id=\"application-managesites-display-component---NewSite--addressNewCostObjectCstID-vhi\"]"}
COMMAND: POST /session/771d3c9ffdb5f6a869ae0a3bf138e088/element/f.C725D2739C9BAC73399F894D32ABC418.d.2004EC7AC0951E74B6BDDFA75C341085.e.5138/click - {}
RESULT: {}
COMMAND: GET /session/771d3c9ffdb5f6a869ae0a3bf138e088/screenshot - {}
RESULT: {}
COMMAND: POST /session/771d3c9ffdb5f6a869ae0a3bf138e088/execute/async - {"script":"<script> [1562 bytes]","args":[{"selector":{"controlType":"sap.m.SearchField","properties":{"placeholder":"Search"},"searchOpenDialogs":true,"interaction":{"idSuffix":"I"}},"wdio_ui5_key":"sapm.SearchField{\"placeholder\":\"Search\"}"}]}
RESULT: {"script":"<script> [1562 bytes]","args":[{"selector":{"controlType":"sap.m.SearchField","properties":{"placeholder":"Search"},"searchOpenDialogs":true,"interaction":{"idSuffix":"I"}},"wdio_ui5_key":"sapm.SearchField{\"placeholder\":\"Search\"}"}]}
RESULT: undefined
COMMAND: POST /session/771d3c9ffdb5f6a869ae0a3bf138e088/execute/async - {"script":"<script> [776 bytes]","args":[{"enterText":"A1-000100-01","selector":{"controlType":"sap.m.SearchField","properties":{"placeholder":"Search"},"searchOpenDialogs":true,"interaction":{"idSuffix":"I"}},"clearTextFirst":true,"interactionType":"ENTER_TEXT"}]}
RESULT: {"script":"<script> [776 bytes]","args":[{"enterText":"A1-000100-01","selector":{"controlType":"sap.m.SearchField","properties":{"placeholder":"Search"},"searchOpenDialogs":true,"interaction":{"idSuffix":"I"}},"clearTextFirst":true,"interactionType":"ENTER_TEXT"}]}
COMMAND: POST /session/771d3c9ffdb5f6a869ae0a3bf138e088/actions - {"actions":[{"id":"action8","type":"key","parameters":{},"actions":[{"type":"keyDown","value":""},{"type":"pause","duration":10},{"type":"keyUp","value":""}]}]}
RESULT: {"actions":[{"id":"action8","type":"key","parameters":{},"actions":[{"type":"keyDown","value":""},{"type":"pause","duration":10},{"type":"keyUp","value":""}]}]}
COMMAND: GET /session/771d3c9ffdb5f6a869ae0a3bf138e088/screenshot - {}
RESULT: {}
COMMAND: POST /session/771d3c9ffdb5f6a869ae0a3bf138e088/element - {"using":"xpath","value":"//span[contains(text(), \"Template for ETO-Process\")]"}
RESULT: {"using":"xpath","value":"//span[contains(text(), \"Template for ETO-Process\")]"}
COMMAND: POST /session/771d3c9ffdb5f6a869ae0a3bf138e088/element/f.C725D2739C9BAC73399F894D32ABC418.d.2004EC7AC0951E74B6BDDFA75C341085.e.5157/click - {}
RESULT: {}
COMMAND: GET /session/771d3c9ffdb5f6a869ae0a3bf138e088/screenshot - {}
RESULT: {}
COMMAND: POST /session/771d3c9ffdb5f6a869ae0a3bf138e088/element - {"using":"xpath","value":"//bdi[contains(text(), \"OK\")]"}
RESULT: {"using":"xpath","value":"//bdi[contains(text(), \"OK\")]"}
COMMAND: POST /session/771d3c9ffdb5f6a869ae0a3bf138e088/element/f.C725D2739C9BAC73399F894D32ABC418.d.2004EC7AC0951E74B6BDDFA75C341085.e.5158/click - {}
RESULT: {}
COMMAND: GET /session/771d3c9ffdb5f6a869ae0a3bf138e088/screenshot - {}
RESULT: {}
COMMAND: POST /session/771d3c9ffdb5f6a869ae0a3bf138e088/element - {"using":"xpath","value":"//input[@id=\"application-managesites-display-component---NewSite--addressDetailDetailsYard-inner\"]"}
RESULT: {"using":"xpath","value":"//input[@id=\"application-managesites-display-component---NewSite--addressDetailDetailsYard-inner\"]"}
COMMAND: POST /session/771d3c9ffdb5f6a869ae0a3bf138e088/element/f.C725D2739C9BAC73399F894D32ABC418.d.2004EC7AC0951E74B6BDDFA75C341085.e.4926/value - {"text":"721"}
RESULT: {"text":"721"}
COMMAND: GET /session/771d3c9ffdb5f6a869ae0a3bf138e088/screenshot - {}
RESULT: {}
COMMAND: POST /session/771d3c9ffdb5f6a869ae0a3bf138e088/actions - {"actions":[{"id":"action9","type":"key","parameters":{},"actions":[{"type":"keyDown","value":""},{"type":"pause","duration":10},{"type":"keyUp","value":""}]}]}
RESULT: {"actions":[{"id":"action9","type":"key","parameters":{},"actions":[{"type":"keyDown","value":""},{"type":"pause","duration":10},{"type":"keyUp","value":""}]}]}
COMMAND: GET /session/771d3c9ffdb5f6a869ae0a3bf138e088/screenshot - {}
RESULT: {}
COMMAND: POST /session/771d3c9ffdb5f6a869ae0a3bf138e088/element - {"using":"xpath","value":"//input[@id=\"application-managesites-display-component---NewSite--addressDetailDetailsPartner-inner\"]"}
RESULT: {"using":"xpath","value":"//input[@id=\"application-managesites-display-component---NewSite--addressDetailDetailsPartner-inner\"]"}
COMMAND: POST /session/771d3c9ffdb5f6a869ae0a3bf138e088/elements - {"using":"xpath","value":"//input[@id=\"application-managesites-display-component---NewSite--addressDetailDetailsPartner-inner\"]"}
RESULT: {"using":"xpath","value":"//input[@id=\"application-managesites-display-component---NewSite--addressDetailDetailsPartner-inner\"]"}
COMMAND: POST /session/771d3c9ffdb5f6a869ae0a3bf138e088/execute/async - {"script":"<script> [1562 bytes]","args":[{"selector":{"controlType":"sap.m.Button","viewName":"etm.portal.ui.managesites.view.NewSmartSite","viewId":"application-managesites-display-component---NewSite","properties":{"text":"Commercial"},"interaction":{"idSuffix":"BDI-content"}},"wdio_ui5_key":"etmportal.ui.managesites.view.NewSmartSitesap.m.Button{\"text\":\"Commercial\"}"}]}
RESULT: {"script":"<script> [1562 bytes]","args":[{"selector":{"controlType":"sap.m.Button","viewName":"etm.portal.ui.managesites.view.NewSmartSite","viewId":"application-managesites-display-component---NewSite","properties":{"text":"Commercial"},"interaction":{"idSuffix":"BDI-content"}},"wdio_ui5_key":"etmportal.ui.managesites.view.NewSmartSitesap.m.Button{\"text\":\"Commercial\"}"}]}
RESULT: undefined
COMMAND: POST /session/771d3c9ffdb5f6a869ae0a3bf138e088/element - {"using":"xpath","value":"//*[@id=\"application-managesites-display-component---NewSite--ObjectPageLayout-anchBar-__section5-anchor\"]"}
RESULT: {"using":"xpath","value":"//*[@id=\"application-managesites-display-component---NewSite--ObjectPageLayout-anchBar-__section5-anchor\"]"}
COMMAND: POST /session/771d3c9ffdb5f6a869ae0a3bf138e088/element/f.C725D2739C9BAC73399F894D32ABC418.d.2004EC7AC0951E74B6BDDFA75C341085.e.5165/click - {}
RESULT: {}
COMMAND: POST /session/771d3c9ffdb5f6a869ae0a3bf138e088/execute/async - {"script":"<script> [1562 bytes]","args":[{"selector":{"controlType":"sap.m.Button","viewName":"etm.portal.ui.managesites.view.NewSmartSite","viewId":"application-managesites-display-component---NewSite","i18NText":{"propertyName":"text","key":"save"},"interaction":{"idSuffix":"BDI-content"}},"wdio_ui5_key":"etmportal.ui.managesites.view.NewSmartSitesap.m.Button{\"propertyName\":\"text\",\"key\":\"save\"}"}]}
COMMAND: GET /session/771d3c9ffdb5f6a869ae0a3bf138e088/screenshot - {}
RESULT: {"script":"<script> [1562 bytes]","args":[{"selector":{"controlType":"sap.m.Button","viewName":"etm.portal.ui.managesites.view.NewSmartSite","viewId":"application-managesites-display-component---NewSite","i18NText":{"propertyName":"text","key":"save"},"interaction":{"idSuffix":"BDI-content"}},"wdio_ui5_key":"etmportal.ui.managesites.view.NewSmartSitesap.m.Button{\"propertyName\":\"text\",\"key\":\"save\"}"}]}
RESULT: undefined
COMMAND: POST /session/771d3c9ffdb5f6a869ae0a3bf138e088/element - {"using":"xpath","value":"//*[@id=\"__button16\"]"}
RESULT: {}
RESULT: {"using":"xpath","value":"//*[@id=\"__button16\"]"}
COMMAND: POST /session/771d3c9ffdb5f6a869ae0a3bf138e088/element/f.C725D2739C9BAC73399F894D32ABC418.d.2004EC7AC0951E74B6BDDFA75C341085.e.5073/click - {}
RESULT: {}
COMMAND: GET /session/771d3c9ffdb5f6a869ae0a3bf138e088/screenshot - {}
RESULT: {}
COMMAND: POST /session/771d3c9ffdb5f6a869ae0a3bf138e088/execute/async - {"script":"<script> [1562 bytes]","args":[{"selector":{"id":"application-managesites-display-component---detailSite--addressDetailDetailsYardText"},"wdio_ui5_key":"applicationmanagesites-display-component---detailSite--addressDetailDetailsYardText"}]}
RESULT: {"script":"<script> [1562 bytes]","args":[{"selector":{"id":"application-managesites-display-component---detailSite--addressDetailDetailsYardText"},"wdio_ui5_key":"applicationmanagesites-display-component---detailSite--addressDetailDetailsYardText"}]}
RESULT: undefined
COMMAND: POST /session/771d3c9ffdb5f6a869ae0a3bf138e088/element - {"using":"xpath","value":"//header/div/div[2]/div[2]/span"}
RESULT: {"using":"xpath","value":"//header/div/div[2]/div[2]/span"}
COMMAND: GET /session/771d3c9ffdb5f6a869ae0a3bf138e088/element/f.C725D2739C9BAC73399F894D32ABC418.d.2004EC7AC0951E74B6BDDFA75C341085.e.5379/text - {}
RESULT: {}
COMMAND: POST /session/771d3c9ffdb5f6a869ae0a3bf138e088/execute/async - {"script":"<script> [1562 bytes]","args":[{"selector":{"controlType":"sap.m.Label","viewName":"etm.portal.ui.managesites.view.Detail","viewId":"application-managesites-display-component---detailSite","i18NText":{"propertyName":"text","key":"status"}},"wdio_ui5_key":"etmportal.ui.managesites.view.Detailsap.m.Label{\"propertyName\":\"text\",\"key\":\"status\"}"}]}
RESULT: {"script":"<script> [1562 bytes]","args":[{"selector":{"controlType":"sap.m.Label","viewName":"etm.portal.ui.managesites.view.Detail","viewId":"application-managesites-display-component---detailSite","i18NText":{"propertyName":"text","key":"status"}},"wdio_ui5_key":"etmportal.ui.managesites.view.Detailsap.m.Label{\"propertyName\":\"text\",\"key\":\"status\"}"}]}
RESULT: undefined
COMMAND: POST /session/771d3c9ffdb5f6a869ae0a3bf138e088/execute/async - {"script":"<script> [6424 bytes]","args":[{"element-6066-11e4-a52e-4f735466cecf":"f.C725D2739C9BAC73399F894D32ABC418.d.2004EC7AC0951E74B6BDDFA75C341085.e.5367"},"getText",[]]}
RESULT: {"script":"<script> [6424 bytes]","args":[{"element-6066-11e4-a52e-4f735466cecf":"f.C725D2739C9BAC73399F894D32ABC418.d.2004EC7AC0951E74B6BDDFA75C341085.e.5367"},"getText",[]]}
]]></system-out>
    </testcase>
    <testcase classname="chrome.135_0_7049_96.windows.Create_2_sites_US118246" name="Should create WHM site" time="54.576">
      <system-out><![CDATA[
RESULT: undefined
COMMAND: POST /session/771d3c9ffdb5f6a869ae0a3bf138e088/element - {"using":"xpath","value":"//*[@id=\"__button4-img\"]"}
RESULT: {"using":"xpath","value":"//*[@id=\"__button4-img\"]"}
COMMAND: POST /session/771d3c9ffdb5f6a869ae0a3bf138e088/element/f.C725D2739C9BAC73399F894D32ABC418.d.2004EC7AC0951E74B6BDDFA75C341085.e.5380/click - {}
RESULT: {}
COMMAND: GET /session/771d3c9ffdb5f6a869ae0a3bf138e088/screenshot - {}
RESULT: {}
RESULT: undefined
COMMAND: POST /session/771d3c9ffdb5f6a869ae0a3bf138e088/execute/async - {"script":"<script> [1562 bytes]","args":[{"selector":{"controlType":"sap.m.Button","viewName":"etm.portal.ui.managesites.view.NewSmartSite","viewId":"application-managesites-display-component---NewSite","properties":{"text":"General Information"},"interaction":{"idSuffix":"BDI-content"}},"wdio_ui5_key":"etmportal.ui.managesites.view.NewSmartSitesap.m.Button{\"text\":\"General Information\"}"}]}
RESULT: {"script":"<script> [1562 bytes]","args":[{"selector":{"controlType":"sap.m.Button","viewName":"etm.portal.ui.managesites.view.NewSmartSite","viewId":"application-managesites-display-component---NewSite","properties":{"text":"General Information"},"interaction":{"idSuffix":"BDI-content"}},"wdio_ui5_key":"etmportal.ui.managesites.view.NewSmartSitesap.m.Button{\"text\":\"General Information\"}"}]}
RESULT: undefined
COMMAND: POST /session/771d3c9ffdb5f6a869ae0a3bf138e088/element - {"using":"xpath","value":"//*[@id=\"application-managesites-display-component---NewSite--ObjectPageLayout-anchBar-__section3-anchor\"]"}
RESULT: {"using":"xpath","value":"//*[@id=\"application-managesites-display-component---NewSite--ObjectPageLayout-anchBar-__section3-anchor\"]"}
COMMAND: POST /session/771d3c9ffdb5f6a869ae0a3bf138e088/element/f.C725D2739C9BAC73399F894D32ABC418.d.2004EC7AC0951E74B6BDDFA75C341085.e.5561/click - {}
RESULT: {}
RESULT: undefined
COMMAND: POST /session/771d3c9ffdb5f6a869ae0a3bf138e088/execute/async - {"script":"<script> [776 bytes]","args":[{"enterText":"Webdriver WHM Site i1m3th","selector":{"id":"application-managesites-display-component---NewSite--addressDetailDetailsName1","interaction":{"idSuffix":"inner"}},"clearTextFirst":true,"interactionType":"ENTER_TEXT"}]}
COMMAND: GET /session/771d3c9ffdb5f6a869ae0a3bf138e088/screenshot - {}
RESULT: {"script":"<script> [776 bytes]","args":[{"enterText":"Webdriver WHM Site i1m3th","selector":{"id":"application-managesites-display-component---NewSite--addressDetailDetailsName1","interaction":{"idSuffix":"inner"}},"clearTextFirst":true,"interactionType":"ENTER_TEXT"}]}
RESULT: {}
RESULT: undefined
COMMAND: POST /session/771d3c9ffdb5f6a869ae0a3bf138e088/execute/async - {"script":"<script> [776 bytes]","args":[{"enterText":"Romanian","selector":{"id":"application-managesites-display-component---NewSite--addressDetailDetailsLanguage","interaction":{"idSuffix":"inner"}},"clearTextFirst":true,"interactionType":"ENTER_TEXT"}]}
RESULT: {"script":"<script> [776 bytes]","args":[{"enterText":"Romanian","selector":{"id":"application-managesites-display-component---NewSite--addressDetailDetailsLanguage","interaction":{"idSuffix":"inner"}},"clearTextFirst":true,"interactionType":"ENTER_TEXT"}]}
COMMAND: POST /session/771d3c9ffdb5f6a869ae0a3bf138e088/actions - {"actions":[{"id":"action10","type":"key","parameters":{},"actions":[{"type":"keyDown","value":""},{"type":"pause","duration":10},{"type":"keyUp","value":""}]}]}
RESULT: {"actions":[{"id":"action10","type":"key","parameters":{},"actions":[{"type":"keyDown","value":""},{"type":"pause","duration":10},{"type":"keyUp","value":""}]}]}
RESULT: undefined
COMMAND: POST /session/771d3c9ffdb5f6a869ae0a3bf138e088/execute/async - {"script":"<script> [776 bytes]","args":[{"enterText":"Bucharest","selector":{"id":"application-managesites-display-component---NewSite--addressDetailDetailsCity1","interaction":{"idSuffix":"inner"}},"clearTextFirst":true,"interactionType":"ENTER_TEXT"}]}
COMMAND: GET /session/771d3c9ffdb5f6a869ae0a3bf138e088/screenshot - {}
RESULT: {"script":"<script> [776 bytes]","args":[{"enterText":"Bucharest","selector":{"id":"application-managesites-display-component---NewSite--addressDetailDetailsCity1","interaction":{"idSuffix":"inner"}},"clearTextFirst":true,"interactionType":"ENTER_TEXT"}]}
RESULT: {}
COMMAND: POST /session/771d3c9ffdb5f6a869ae0a3bf138e088/actions - {"actions":[{"id":"action11","type":"key","parameters":{},"actions":[{"type":"keyDown","value":""},{"type":"pause","duration":10},{"type":"keyUp","value":""}]}]}
RESULT: {"actions":[{"id":"action11","type":"key","parameters":{},"actions":[{"type":"keyDown","value":""},{"type":"pause","duration":10},{"type":"keyUp","value":""}]}]}
RESULT: undefined
COMMAND: POST /session/771d3c9ffdb5f6a869ae0a3bf138e088/execute/async - {"script":"<script> [6424 bytes]","args":[{"element-6066-11e4-a52e-4f735466cecf":"f.C725D2739C9BAC73399F894D32ABC418.d.2004EC7AC0951E74B6BDDFA75C341085.e.4915"},"setValue",["Romania"]]}
COMMAND: GET /session/771d3c9ffdb5f6a869ae0a3bf138e088/screenshot - {}
COMMAND: POST /session/771d3c9ffdb5f6a869ae0a3bf138e088/execute/async - {"script":"<script> [1562 bytes]","args":[{"selector":{"id":"application-managesites-display-component---NewSite--addressDetailDetailsCountry","interaction":{"idSuffix":"inner"}},"wdio_ui5_key":"applicationmanagesites-display-component---NewSite--addressDetailDetailsCountry"}]}
RESULT: {}
RESULT: {"script":"<script> [1562 bytes]","args":[{"selector":{"id":"application-managesites-display-component---NewSite--addressDetailDetailsCountry","interaction":{"idSuffix":"inner"}},"wdio_ui5_key":"applicationmanagesites-display-component---NewSite--addressDetailDetailsCountry"}]}
COMMAND: POST /session/771d3c9ffdb5f6a869ae0a3bf138e088/execute/async - {"script":"<script> [6424 bytes]","args":[{"element-6066-11e4-a52e-4f735466cecf":"f.C725D2739C9BAC73399F894D32ABC418.d.2004EC7AC0951E74B6BDDFA75C341085.e.5435"},"setValue",["Romania"]]}
RESULT: {"script":"<script> [6424 bytes]","args":[{"element-6066-11e4-a52e-4f735466cecf":"f.C725D2739C9BAC73399F894D32ABC418.d.2004EC7AC0951E74B6BDDFA75C341085.e.5435"},"setValue",["Romania"]]}
COMMAND: POST /session/771d3c9ffdb5f6a869ae0a3bf138e088/actions - {"actions":[{"id":"action12","type":"key","parameters":{},"actions":[{"type":"keyDown","value":""},{"type":"pause","duration":10},{"type":"keyUp","value":""}]}]}
RESULT: {"actions":[{"id":"action12","type":"key","parameters":{},"actions":[{"type":"keyDown","value":""},{"type":"pause","duration":10},{"type":"keyUp","value":""}]}]}
RESULT: undefined
COMMAND: POST /session/771d3c9ffdb5f6a869ae0a3bf138e088/execute/async - {"script":"<script> [776 bytes]","args":[{"enterText":"Germany","selector":{"id":"application-managesites-display-component---NewSite--addressDetailDetailsCalendar","interaction":{"idSuffix":"inner"}},"clearTextFirst":true,"interactionType":"ENTER_TEXT"}]}
COMMAND: GET /session/771d3c9ffdb5f6a869ae0a3bf138e088/screenshot - {}
RESULT: {"script":"<script> [776 bytes]","args":[{"enterText":"Germany","selector":{"id":"application-managesites-display-component---NewSite--addressDetailDetailsCalendar","interaction":{"idSuffix":"inner"}},"clearTextFirst":true,"interactionType":"ENTER_TEXT"}]}
RESULT: {}
COMMAND: POST /session/771d3c9ffdb5f6a869ae0a3bf138e088/actions - {"actions":[{"id":"action13","type":"key","parameters":{},"actions":[{"type":"keyDown","value":""},{"type":"pause","duration":10},{"type":"keyUp","value":""}]}]}
RESULT: {"actions":[{"id":"action13","type":"key","parameters":{},"actions":[{"type":"keyDown","value":""},{"type":"pause","duration":10},{"type":"keyUp","value":""}]}]}
COMMAND: POST /session/771d3c9ffdb5f6a869ae0a3bf138e088/execute/async - {"script":"<script> [1562 bytes]","args":[{"selector":{"id":"application-managesites-display-component---NewSite--addressEditDetailsCostObjectCstType","interaction":{"idSuffix":"inner"}},"wdio_ui5_key":"applicationmanagesites-display-component---NewSite--addressEditDetailsCostObjectCstType"}]}
COMMAND: GET /session/771d3c9ffdb5f6a869ae0a3bf138e088/screenshot - {}
RESULT: {"script":"<script> [1562 bytes]","args":[{"selector":{"id":"application-managesites-display-component---NewSite--addressEditDetailsCostObjectCstType","interaction":{"idSuffix":"inner"}},"wdio_ui5_key":"applicationmanagesites-display-component---NewSite--addressEditDetailsCostObjectCstType"}]}
RESULT: undefined
COMMAND: POST /session/771d3c9ffdb5f6a869ae0a3bf138e088/execute/async - {"script":"<script> [776 bytes]","args":[{"enterText":"Cost","selector":{"id":"application-managesites-display-component---NewSite--addressEditDetailsCostObjectCstType","interaction":{"idSuffix":"inner"}},"clearTextFirst":true,"interactionType":"ENTER_TEXT"}]}
RESULT: {}
RESULT: {"script":"<script> [776 bytes]","args":[{"enterText":"Cost","selector":{"id":"application-managesites-display-component---NewSite--addressEditDetailsCostObjectCstType","interaction":{"idSuffix":"inner"}},"clearTextFirst":true,"interactionType":"ENTER_TEXT"}]}
COMMAND: POST /session/771d3c9ffdb5f6a869ae0a3bf138e088/actions - {"actions":[{"id":"action14","type":"key","parameters":{},"actions":[{"type":"keyDown","value":""},{"type":"pause","duration":10},{"type":"keyUp","value":""}]}]}
RESULT: {"actions":[{"id":"action14","type":"key","parameters":{},"actions":[{"type":"keyDown","value":""},{"type":"pause","duration":10},{"type":"keyUp","value":""}]}]}
COMMAND: POST /session/771d3c9ffdb5f6a869ae0a3bf138e088/execute/async - {"script":"<script> [1562 bytes]","args":[{"selector":{"id":"application-managesites-display-component---NewSite--addressNewCostObjectCstID","interaction":{"idSuffix":"inner"}},"wdio_ui5_key":"applicationmanagesites-display-component---NewSite--addressNewCostObjectCstID"}]}
COMMAND: GET /session/771d3c9ffdb5f6a869ae0a3bf138e088/screenshot - {}
RESULT: {"script":"<script> [1562 bytes]","args":[{"selector":{"id":"application-managesites-display-component---NewSite--addressNewCostObjectCstID","interaction":{"idSuffix":"inner"}},"wdio_ui5_key":"applicationmanagesites-display-component---NewSite--addressNewCostObjectCstID"}]}
RESULT: undefined
COMMAND: POST /session/771d3c9ffdb5f6a869ae0a3bf138e088/execute/async - {"script":"<script> [776 bytes]","args":[{"enterText":"1001","selector":{"id":"application-managesites-display-component---NewSite--addressNewCostObjectCstID","interaction":{"idSuffix":"inner"}},"clearTextFirst":true,"interactionType":"ENTER_TEXT"}]}
RESULT: {}
RESULT: {"script":"<script> [776 bytes]","args":[{"enterText":"1001","selector":{"id":"application-managesites-display-component---NewSite--addressNewCostObjectCstID","interaction":{"idSuffix":"inner"}},"clearTextFirst":true,"interactionType":"ENTER_TEXT"}]}
COMMAND: POST /session/771d3c9ffdb5f6a869ae0a3bf138e088/actions - {"actions":[{"id":"action15","type":"key","parameters":{},"actions":[{"type":"keyDown","value":""},{"type":"pause","duration":10},{"type":"keyUp","value":""}]}]}
RESULT: {"actions":[{"id":"action15","type":"key","parameters":{},"actions":[{"type":"keyDown","value":""},{"type":"pause","duration":10},{"type":"keyUp","value":""}]}]}
COMMAND: POST /session/771d3c9ffdb5f6a869ae0a3bf138e088/element - {"using":"xpath","value":"//input[@id=\"application-managesites-display-component---NewSite--addressDetailDetailsYard-inner\"]"}
COMMAND: GET /session/771d3c9ffdb5f6a869ae0a3bf138e088/screenshot - {}
RESULT: {"using":"xpath","value":"//input[@id=\"application-managesites-display-component---NewSite--addressDetailDetailsYard-inner\"]"}
COMMAND: POST /session/771d3c9ffdb5f6a869ae0a3bf138e088/element/f.C725D2739C9BAC73399F894D32ABC418.d.2004EC7AC0951E74B6BDDFA75C341085.e.5446/value - {"text":"722"}
RESULT: {}
RESULT: {"text":"722"}
COMMAND: GET /session/771d3c9ffdb5f6a869ae0a3bf138e088/screenshot - {}
RESULT: {}
COMMAND: POST /session/771d3c9ffdb5f6a869ae0a3bf138e088/actions - {"actions":[{"id":"action16","type":"key","parameters":{},"actions":[{"type":"keyDown","value":""},{"type":"pause","duration":10},{"type":"keyUp","value":""}]}]}
RESULT: {"actions":[{"id":"action16","type":"key","parameters":{},"actions":[{"type":"keyDown","value":""},{"type":"pause","duration":10},{"type":"keyUp","value":""}]}]}
COMMAND: GET /session/771d3c9ffdb5f6a869ae0a3bf138e088/screenshot - {}
RESULT: {}
COMMAND: POST /session/771d3c9ffdb5f6a869ae0a3bf138e088/element - {"using":"xpath","value":"//input[@id=\"application-managesites-display-component---NewSite--addressDetailDetailsPartner-inner\"]"}
RESULT: {"using":"xpath","value":"//input[@id=\"application-managesites-display-component---NewSite--addressDetailDetailsPartner-inner\"]"}
COMMAND: POST /session/771d3c9ffdb5f6a869ae0a3bf138e088/elements - {"using":"xpath","value":"//input[@id=\"application-managesites-display-component---NewSite--addressDetailDetailsPartner-inner\"]"}
RESULT: {"using":"xpath","value":"//input[@id=\"application-managesites-display-component---NewSite--addressDetailDetailsPartner-inner\"]"}
RESULT: undefined
COMMAND: POST /session/771d3c9ffdb5f6a869ae0a3bf138e088/element - {"using":"xpath","value":"//*[@id=\"application-managesites-display-component---NewSite--ObjectPageLayout-anchBar-__section5-anchor\"]"}
RESULT: {"using":"xpath","value":"//*[@id=\"application-managesites-display-component---NewSite--ObjectPageLayout-anchBar-__section5-anchor\"]"}
COMMAND: POST /session/771d3c9ffdb5f6a869ae0a3bf138e088/element/f.C725D2739C9BAC73399F894D32ABC418.d.2004EC7AC0951E74B6BDDFA75C341085.e.5571/click - {}
RESULT: {}
COMMAND: POST /session/771d3c9ffdb5f6a869ae0a3bf138e088/execute/async - {"script":"<script> [1562 bytes]","args":[{"selector":{"id":"application-managesites-display-component---NewSite--siteWhmCheckBox-label","interaction":{"idSuffix":"bdi"}},"wdio_ui5_key":"applicationmanagesites-display-component---NewSite--siteWhmCheckBox-label"}]}
COMMAND: GET /session/771d3c9ffdb5f6a869ae0a3bf138e088/screenshot - {}
RESULT: {"script":"<script> [1562 bytes]","args":[{"selector":{"id":"application-managesites-display-component---NewSite--siteWhmCheckBox-label","interaction":{"idSuffix":"bdi"}},"wdio_ui5_key":"applicationmanagesites-display-component---NewSite--siteWhmCheckBox-label"}]}
RESULT: undefined
COMMAND: POST /session/771d3c9ffdb5f6a869ae0a3bf138e088/element - {"using":"xpath","value":"//*[@id=\"application-managesites-display-component---NewSite--siteWhmCheckBox-label\"]"}
RESULT: {}
RESULT: {"using":"xpath","value":"//*[@id=\"application-managesites-display-component---NewSite--siteWhmCheckBox-label\"]"}
COMMAND: POST /session/771d3c9ffdb5f6a869ae0a3bf138e088/element/f.C725D2739C9BAC73399F894D32ABC418.d.2004EC7AC0951E74B6BDDFA75C341085.e.5574/click - {}
RESULT: {}
RESULT: undefined
COMMAND: POST /session/771d3c9ffdb5f6a869ae0a3bf138e088/element - {"using":"xpath","value":"//*[@id=\"__button16\"]"}
COMMAND: GET /session/771d3c9ffdb5f6a869ae0a3bf138e088/screenshot - {}
RESULT: {"using":"xpath","value":"//*[@id=\"__button16\"]"}
COMMAND: POST /session/771d3c9ffdb5f6a869ae0a3bf138e088/element/f.C725D2739C9BAC73399F894D32ABC418.d.2004EC7AC0951E74B6BDDFA75C341085.e.5575/click - {}
RESULT: {}
RESULT: {}
COMMAND: GET /session/771d3c9ffdb5f6a869ae0a3bf138e088/screenshot - {}
RESULT: {}
COMMAND: POST /session/771d3c9ffdb5f6a869ae0a3bf138e088/element - {"using":"xpath","value":"//header/div/div[2]/div[2]/span"}
RESULT: {"using":"xpath","value":"//header/div/div[2]/div[2]/span"}
COMMAND: GET /session/771d3c9ffdb5f6a869ae0a3bf138e088/element/f.C725D2739C9BAC73399F894D32ABC418.d.2004EC7AC0951E74B6BDDFA75C341085.e.5778/text - {}
RESULT: {}
RESULT: undefined
RESULT: undefined
COMMAND: POST /session/771d3c9ffdb5f6a869ae0a3bf138e088/execute/async - {"script":"<script> [6424 bytes]","args":[{"element-6066-11e4-a52e-4f735466cecf":"f.C725D2739C9BAC73399F894D32ABC418.d.2004EC7AC0951E74B6BDDFA75C341085.e.5367"},"getText",[]]}
COMMAND: POST /session/771d3c9ffdb5f6a869ae0a3bf138e088/execute/async - {"script":"<script> [1562 bytes]","args":[{"selector":{"controlType":"sap.m.Label","viewName":"etm.portal.ui.managesites.view.Detail","viewId":"application-managesites-display-component---detailSite","i18NText":{"propertyName":"text","key":"status"}},"wdio_ui5_key":"etmportal.ui.managesites.view.Detailsap.m.Label{\"propertyName\":\"text\",\"key\":\"status\"}"}]}
RESULT: {"script":"<script> [1562 bytes]","args":[{"selector":{"controlType":"sap.m.Label","viewName":"etm.portal.ui.managesites.view.Detail","viewId":"application-managesites-display-component---detailSite","i18NText":{"propertyName":"text","key":"status"}},"wdio_ui5_key":"etmportal.ui.managesites.view.Detailsap.m.Label{\"propertyName\":\"text\",\"key\":\"status\"}"}]}
COMMAND: POST /session/771d3c9ffdb5f6a869ae0a3bf138e088/execute/async - {"script":"<script> [6424 bytes]","args":[{"element-6066-11e4-a52e-4f735466cecf":"f.C725D2739C9BAC73399F894D32ABC418.d.2004EC7AC0951E74B6BDDFA75C341085.e.5766"},"getText",[]]}
RESULT: {"script":"<script> [6424 bytes]","args":[{"element-6066-11e4-a52e-4f735466cecf":"f.C725D2739C9BAC73399F894D32ABC418.d.2004EC7AC0951E74B6BDDFA75C341085.e.5766"},"getText",[]]}
COMMAND: POST /session/771d3c9ffdb5f6a869ae0a3bf138e088/execute/async - {"script":"<script> [1562 bytes]","args":[{"selector":{"id":"shell-header","interaction":{"idSuffix":"icon"}},"wdio_ui5_key":"shellheader"}]}
RESULT: {"script":"<script> [1562 bytes]","args":[{"selector":{"id":"shell-header","interaction":{"idSuffix":"icon"}},"wdio_ui5_key":"shellheader"}]}
RESULT: undefined
COMMAND: POST /session/771d3c9ffdb5f6a869ae0a3bf138e088/element - {"using":"xpath","value":"//*[@id=\"shell-header\"]"}
RESULT: {"using":"xpath","value":"//*[@id=\"shell-header\"]"}
COMMAND: POST /session/771d3c9ffdb5f6a869ae0a3bf138e088/element/f.C725D2739C9BAC73399F894D32ABC418.d.2004EC7AC0951E74B6BDDFA75C341085.e.5779/click - {}
RESULT: {}
COMMAND: POST /session/771d3c9ffdb5f6a869ae0a3bf138e088/refresh - {}
COMMAND: GET /session/771d3c9ffdb5f6a869ae0a3bf138e088/screenshot - {}
RESULT: {}
COMMAND: GET /session/771d3c9ffdb5f6a869ae0a3bf138e088/screenshot - {}
RESULT: {}
RESULT: {}
COMMAND: POST /session/771d3c9ffdb5f6a869ae0a3bf138e088/refresh - {}
RESULT: {}
COMMAND: GET /session/771d3c9ffdb5f6a869ae0a3bf138e088/screenshot - {}
RESULT: {}
COMMAND: POST /session/771d3c9ffdb5f6a869ae0a3bf138e088/window/fullscreen - {}
RESULT: {}
COMMAND: POST /session/771d3c9ffdb5f6a869ae0a3bf138e088/execute/async - {"script":"<script> [189 bytes]","args":[]}
RESULT: {"script":"<script> [189 bytes]","args":[]}
COMMAND: POST /session/771d3c9ffdb5f6a869ae0a3bf138e088/execute/async - {"script":"<script> [123 bytes]","args":[]}
RESULT: {"script":"<script> [123 bytes]","args":[]}
COMMAND: POST /session/771d3c9ffdb5f6a869ae0a3bf138e088/timeouts - {"script":"<number>"}
RESULT: {"script":"<number>"}
COMMAND: GET /session/771d3c9ffdb5f6a869ae0a3bf138e088/timeouts - {}
RESULT: {}
RESULT: undefined
COMMAND: POST /session/771d3c9ffdb5f6a869ae0a3bf138e088/execute/async - {"script":"<script> [2676 bytes]","args":[]}
RESULT: {"script":"<script> [2676 bytes]","args":[]}
COMMAND: POST /session/771d3c9ffdb5f6a869ae0a3bf138e088/execute/async - {"script":"<script> [2342 bytes]","args":[{"protocol":"http","hostname":"0.0.0.0","path":"/","capabilities":{"browserName":"chrome","goog:chromeOptions":{"binary":"C:\\Program Files\\Google\\Chrome\\Application\\chrome.exe","args":["--start-maximized"]}},"logLevel":"warn","connectionRetryTimeout":120000,"connectionRetryCount":3,"logLevels":{},"enableDirectConnect":true,"strictSSL":true,"_":"65 more keys: [\"cacheDir\",\"port\",\"requestedCapabilities\",\"automationProtocol\",\"baseUrl\",\"waitforInterval\",\"waitforTimeout\",\"onReload\",\"beforeCommand\",\"afterCommand\",\"rootDir\",\"specs\",\"suites\",\"exclude\",\"groupLogsByTestSpec\",\"excludeDriverLogs\",\"bail\",\"framework\",\"reporters\",\"services\",\"maxInstances\",\"maxInstancesPerCapability\",\"injectGlobals\",\"filesToWatch\",\"execArgv\",\"runnerEnv\",\"runner\",\"shard\",\"specFileRetries\",\"specFileRetriesDelay\",\"specFileRetriesDeferred\",\"reporterSyncInterval\",\"reporterSyncTimeout\",\"cucumberFeaturesWithLineNumbers\",\"autoCompileOpts\",\"mochaOpts\",\"jasmineOpts\",\"cucumberOpts\",\"onPrepare\",\"onWorkerStart\",\"onWorkerEnd\",\"before\",\"beforeSession\",\"beforeSuite\",\"beforeHook\",\"beforeTest\",\"afterTest\",\"afterHook\",\"afterSuite\",\"afterSession\",\"after\",\"onComplete\",\"beforeAssertion\",\"afterAssertion\",\"beforeFeature\",\"beforeScenario\",\"beforeStep\",\"afterStep\",\"afterScenario\",\"afterFeature\",\"_\",\"suite\",\"$0\",\"ignoredWorkerServices\",\"wdi5\"]"}]}
RESULT: {"script":"<script> [2342 bytes]","args":[{"protocol":"http","hostname":"0.0.0.0","path":"/","capabilities":{"browserName":"chrome","goog:chromeOptions":{"binary":"C:\\Program Files\\Google\\Chrome\\Application\\chrome.exe","args":["--start-maximized"]}},"logLevel":"warn","connectionRetryTimeout":120000,"connectionRetryCount":3,"logLevels":{},"enableDirectConnect":true,"strictSSL":true,"_":"65 more keys: [\"cacheDir\",\"port\",\"requestedCapabilities\",\"automationProtocol\",\"baseUrl\",\"waitforInterval\",\"waitforTimeout\",\"onReload\",\"beforeCommand\",\"afterCommand\",\"rootDir\",\"specs\",\"suites\",\"exclude\",\"groupLogsByTestSpec\",\"excludeDriverLogs\",\"bail\",\"framework\",\"reporters\",\"services\",\"maxInstances\",\"maxInstancesPerCapability\",\"injectGlobals\",\"filesToWatch\",\"execArgv\",\"runnerEnv\",\"runner\",\"shard\",\"specFileRetries\",\"specFileRetriesDelay\",\"specFileRetriesDeferred\",\"reporterSyncInterval\",\"reporterSyncTimeout\",\"cucumberFeaturesWithLineNumbers\",\"autoCompileOpts\",\"mochaOpts\",\"jasmineOpts\",\"cucumberOpts\",\"onPrepare\",\"onWorkerStart\",\"onWorkerEnd\",\"before\",\"beforeSession\",\"beforeSuite\",\"beforeHook\",\"beforeTest\",\"afterTest\",\"afterHook\",\"afterSuite\",\"afterSession\",\"after\",\"onComplete\",\"beforeAssertion\",\"afterAssertion\",\"beforeFeature\",\"beforeScenario\",\"beforeStep\",\"afterStep\",\"afterScenario\",\"afterFeature\",\"_\",\"suite\",\"$0\",\"ignoredWorkerServices\",\"wdi5\"]"}]}
COMMAND: POST /session/771d3c9ffdb5f6a869ae0a3bf138e088/execute/async - {"script":"<script> [21126 bytes]","args":[35000]}
RESULT: {"script":"<script> [21126 bytes]","args":[35000]}
COMMAND: POST /session/771d3c9ffdb5f6a869ae0a3bf138e088/element - {"using":"css selector","value":"#j_username"}
COMMAND: POST /session/771d3c9ffdb5f6a869ae0a3bf138e088/url - {"url":"https://qa-testing-00-live-etm-ui.cfapps.eu10-004.hana.ondemand.com/"}
RESULT: {"using":"css selector","value":"#j_username"}
COMMAND: POST /session/771d3c9ffdb5f6a869ae0a3bf138e088/element - {"using":"css selector","value":"#j_username"}
RESULT: {"url":"https://qa-testing-00-live-etm-ui.cfapps.eu10-004.hana.ondemand.com/"}
RESULT: undefined
COMMAND: GET /session/771d3c9ffdb5f6a869ae0a3bf138e088/screenshot - {}
RESULT: {"using":"css selector","value":"#j_username"}
COMMAND: POST /session/771d3c9ffdb5f6a869ae0a3bf138e088/element - {"using":"css selector","value":"#shell-header-logo"}
RESULT: {}
RESULT: {"using":"css selector","value":"#shell-header-logo"}
COMMAND: POST /session/771d3c9ffdb5f6a869ae0a3bf138e088/execute/sync - {"script":"<script> [8489 bytes]","args":[{"element-6066-11e4-a52e-4f735466cecf":"f.C725D2739C9BAC73399F894D32ABC418.d.F20DAE7329ACF56DADC2DDD9EE826989.e.6134","ELEMENT":"f.C725D2739C9BAC73399F894D32ABC418.d.F20DAE7329ACF56DADC2DDD9EE826989.e.6134"}]}
RESULT: {"script":"<script> [8489 bytes]","args":[{"element-6066-11e4-a52e-4f735466cecf":"f.C725D2739C9BAC73399F894D32ABC418.d.F20DAE7329ACF56DADC2DDD9EE826989.e.6134","ELEMENT":"f.C725D2739C9BAC73399F894D32ABC418.d.F20DAE7329ACF56DADC2DDD9EE826989.e.6134"}]}
COMMAND: POST /session/771d3c9ffdb5f6a869ae0a3bf138e088/element - {"using":"css selector","value":"#shell-header-logo"}
COMMAND: GET /session/771d3c9ffdb5f6a869ae0a3bf138e088/screenshot - {}
RESULT: {"using":"css selector","value":"#shell-header-logo"}
COMMAND: POST /session/771d3c9ffdb5f6a869ae0a3bf138e088/execute/sync - {"script":"<script> [8489 bytes]","args":[{"element-6066-11e4-a52e-4f735466cecf":"f.C725D2739C9BAC73399F894D32ABC418.d.F20DAE7329ACF56DADC2DDD9EE826989.e.6134","ELEMENT":"f.C725D2739C9BAC73399F894D32ABC418.d.F20DAE7329ACF56DADC2DDD9EE826989.e.6134"}]}
RESULT: {}
RESULT: {"script":"<script> [8489 bytes]","args":[{"element-6066-11e4-a52e-4f735466cecf":"f.C725D2739C9BAC73399F894D32ABC418.d.F20DAE7329ACF56DADC2DDD9EE826989.e.6134","ELEMENT":"f.C725D2739C9BAC73399F894D32ABC418.d.F20DAE7329ACF56DADC2DDD9EE826989.e.6134"}]}
COMMAND: POST /session/771d3c9ffdb5f6a869ae0a3bf138e088/execute/sync - {"script":"<script> [5351 bytes]","args":[{"element-6066-11e4-a52e-4f735466cecf":"f.C725D2739C9BAC73399F894D32ABC418.d.F20DAE7329ACF56DADC2DDD9EE826989.e.6134","ELEMENT":"f.C725D2739C9BAC73399F894D32ABC418.d.F20DAE7329ACF56DADC2DDD9EE826989.e.6134"}]}
COMMAND: GET /session/771d3c9ffdb5f6a869ae0a3bf138e088/screenshot - {}
RESULT: {"script":"<script> [5351 bytes]","args":[{"element-6066-11e4-a52e-4f735466cecf":"f.C725D2739C9BAC73399F894D32ABC418.d.F20DAE7329ACF56DADC2DDD9EE826989.e.6134","ELEMENT":"f.C725D2739C9BAC73399F894D32ABC418.d.F20DAE7329ACF56DADC2DDD9EE826989.e.6134"}]}
COMMAND: POST /session/771d3c9ffdb5f6a869ae0a3bf138e088/element - {"using":"css selector","value":"#shell-header-logo"}
COMMAND: GET /session/771d3c9ffdb5f6a869ae0a3bf138e088/screenshot - {}
RESULT: {}
RESULT: {"using":"css selector","value":"#shell-header-logo"}
COMMAND: POST /session/771d3c9ffdb5f6a869ae0a3bf138e088/element/f.C725D2739C9BAC73399F894D32ABC418.d.F20DAE7329ACF56DADC2DDD9EE826989.e.6134/click - {}
RESULT: {}
RESULT: {}
COMMAND: GET /session/771d3c9ffdb5f6a869ae0a3bf138e088/screenshot - {}
RESULT: {}
COMMAND: POST /session/771d3c9ffdb5f6a869ae0a3bf138e088/execute/async - {"script":"<script> [189 bytes]","args":[]}
RESULT: {"script":"<script> [189 bytes]","args":[]}
COMMAND: POST /session/771d3c9ffdb5f6a869ae0a3bf138e088/execute/async - {"script":"<script> [123 bytes]","args":[]}
RESULT: {"script":"<script> [123 bytes]","args":[]}
COMMAND: POST /session/771d3c9ffdb5f6a869ae0a3bf138e088/timeouts - {"script":"<number>"}
RESULT: {"script":"<number>"}
COMMAND: GET /session/771d3c9ffdb5f6a869ae0a3bf138e088/timeouts - {}
RESULT: {}
RESULT: undefined
COMMAND: POST /session/771d3c9ffdb5f6a869ae0a3bf138e088/execute/async - {"script":"<script> [2676 bytes]","args":[]}
RESULT: {"script":"<script> [2676 bytes]","args":[]}
COMMAND: POST /session/771d3c9ffdb5f6a869ae0a3bf138e088/execute/async - {"script":"<script> [2342 bytes]","args":[{"protocol":"http","hostname":"0.0.0.0","path":"/","capabilities":{"browserName":"chrome","goog:chromeOptions":{"binary":"C:\\Program Files\\Google\\Chrome\\Application\\chrome.exe","args":["--start-maximized"]}},"logLevel":"warn","connectionRetryTimeout":120000,"connectionRetryCount":3,"logLevels":{},"enableDirectConnect":true,"strictSSL":true,"_":"65 more keys: [\"cacheDir\",\"port\",\"requestedCapabilities\",\"automationProtocol\",\"baseUrl\",\"waitforInterval\",\"waitforTimeout\",\"onReload\",\"beforeCommand\",\"afterCommand\",\"rootDir\",\"specs\",\"suites\",\"exclude\",\"groupLogsByTestSpec\",\"excludeDriverLogs\",\"bail\",\"framework\",\"reporters\",\"services\",\"maxInstances\",\"maxInstancesPerCapability\",\"injectGlobals\",\"filesToWatch\",\"execArgv\",\"runnerEnv\",\"runner\",\"shard\",\"specFileRetries\",\"specFileRetriesDelay\",\"specFileRetriesDeferred\",\"reporterSyncInterval\",\"reporterSyncTimeout\",\"cucumberFeaturesWithLineNumbers\",\"autoCompileOpts\",\"mochaOpts\",\"jasmineOpts\",\"cucumberOpts\",\"onPrepare\",\"onWorkerStart\",\"onWorkerEnd\",\"before\",\"beforeSession\",\"beforeSuite\",\"beforeHook\",\"beforeTest\",\"afterTest\",\"afterHook\",\"afterSuite\",\"afterSession\",\"after\",\"onComplete\",\"beforeAssertion\",\"afterAssertion\",\"beforeFeature\",\"beforeScenario\",\"beforeStep\",\"afterStep\",\"afterScenario\",\"afterFeature\",\"_\",\"suite\",\"$0\",\"ignoredWorkerServices\",\"wdi5\"]"}]}
RESULT: {"script":"<script> [2342 bytes]","args":[{"protocol":"http","hostname":"0.0.0.0","path":"/","capabilities":{"browserName":"chrome","goog:chromeOptions":{"binary":"C:\\Program Files\\Google\\Chrome\\Application\\chrome.exe","args":["--start-maximized"]}},"logLevel":"warn","connectionRetryTimeout":120000,"connectionRetryCount":3,"logLevels":{},"enableDirectConnect":true,"strictSSL":true,"_":"65 more keys: [\"cacheDir\",\"port\",\"requestedCapabilities\",\"automationProtocol\",\"baseUrl\",\"waitforInterval\",\"waitforTimeout\",\"onReload\",\"beforeCommand\",\"afterCommand\",\"rootDir\",\"specs\",\"suites\",\"exclude\",\"groupLogsByTestSpec\",\"excludeDriverLogs\",\"bail\",\"framework\",\"reporters\",\"services\",\"maxInstances\",\"maxInstancesPerCapability\",\"injectGlobals\",\"filesToWatch\",\"execArgv\",\"runnerEnv\",\"runner\",\"shard\",\"specFileRetries\",\"specFileRetriesDelay\",\"specFileRetriesDeferred\",\"reporterSyncInterval\",\"reporterSyncTimeout\",\"cucumberFeaturesWithLineNumbers\",\"autoCompileOpts\",\"mochaOpts\",\"jasmineOpts\",\"cucumberOpts\",\"onPrepare\",\"onWorkerStart\",\"onWorkerEnd\",\"before\",\"beforeSession\",\"beforeSuite\",\"beforeHook\",\"beforeTest\",\"afterTest\",\"afterHook\",\"afterSuite\",\"afterSession\",\"after\",\"onComplete\",\"beforeAssertion\",\"afterAssertion\",\"beforeFeature\",\"beforeScenario\",\"beforeStep\",\"afterStep\",\"afterScenario\",\"afterFeature\",\"_\",\"suite\",\"$0\",\"ignoredWorkerServices\",\"wdi5\"]"}]}
COMMAND: POST /session/771d3c9ffdb5f6a869ae0a3bf138e088/execute/async - {"script":"<script> [21126 bytes]","args":[35000]}
RESULT: {"script":"<script> [21126 bytes]","args":[35000]}
COMMAND: POST /session/771d3c9ffdb5f6a869ae0a3bf138e088/window/maximize - {}
RESULT: {}
COMMAND: POST /session/771d3c9ffdb5f6a869ae0a3bf138e088/execute/async - {"script":"<script> [1562 bytes]","args":[{"selector":{"id":"shell-header","interaction":{"idSuffix":"icon"}},"wdio_ui5_key":"shellheader"}]}
COMMAND: GET /session/771d3c9ffdb5f6a869ae0a3bf138e088/screenshot - {}
RESULT: {"script":"<script> [1562 bytes]","args":[{"selector":{"id":"shell-header","interaction":{"idSuffix":"icon"}},"wdio_ui5_key":"shellheader"}]}
RESULT: undefined
RESULT: {}
COMMAND: POST /session/771d3c9ffdb5f6a869ae0a3bf138e088/execute/async - {"script":"<script> [1562 bytes]","args":[{"selector":{"controlType":"sap.m.Title","i18NText":{"propertyName":"text","key":"dataCollectionAgreement"},"searchOpenDialogs":true},"wdio_ui5_key":"sapm.Title{\"propertyName\":\"text\",\"key\":\"dataCollectionAgreement\"}"}]}
RESULT: {"script":"<script> [1562 bytes]","args":[{"selector":{"controlType":"sap.m.Title","i18NText":{"propertyName":"text","key":"dataCollectionAgreement"},"searchOpenDialogs":true},"wdio_ui5_key":"sapm.Title{\"propertyName\":\"text\",\"key\":\"dataCollectionAgreement\"}"}]}
RESULT: undefined
COMMAND: POST /session/771d3c9ffdb5f6a869ae0a3bf138e088/execute/async - {"script":"<script> [1562 bytes]","args":[{"selector":{"controlType":"sap.m.GenericTile","properties":{"header":"Manage Resources"}},"wdio_ui5_key":"sapm.GenericTile{\"header\":\"Manage Resources\"}"}]}
RESULT: {"script":"<script> [1562 bytes]","args":[{"selector":{"controlType":"sap.m.GenericTile","properties":{"header":"Manage Resources"}},"wdio_ui5_key":"sapm.GenericTile{\"header\":\"Manage Resources\"}"}]}
RESULT: undefined
COMMAND: POST /session/771d3c9ffdb5f6a869ae0a3bf138e088/element - {"using":"xpath","value":"//*[@id=\"__tile31\"]"}
RESULT: {"using":"xpath","value":"//*[@id=\"__tile31\"]"}
COMMAND: POST /session/771d3c9ffdb5f6a869ae0a3bf138e088/element/f.C725D2739C9BAC73399F894D32ABC418.d.F20DAE7329ACF56DADC2DDD9EE826989.e.6153/click - {}
RESULT: {}
COMMAND: GET /session/771d3c9ffdb5f6a869ae0a3bf138e088/screenshot - {}
RESULT: {}
RESULT: undefined
RESULT: undefined
]]></system-out>
    </testcase>
  </testsuite>
  <testsuite timestamp="2025-04-23T15:37:40" time="504.996" tests="2" failures="0" errors="0" skipped="0">
    <properties>
      <property name="specId" value="0"/>
      <property name="suiteName" value="Create 2 RU material US118246"/>
      <property name="capabilities" value="chrome.135_0_7049_96.windows"/>
      <property name="file" value="file:///D:/a/1/s/test/specs/R2C/create-material.spec.js"/>
    </properties>
    <testcase classname="chrome.135_0_7049_96.windows.Create_2_RU_material_US118246" name="Create material" time="239.058">
      <system-out><![CDATA[
COMMAND: POST /session/771d3c9ffdb5f6a869ae0a3bf138e088/element - {"using":"xpath","value":"//button[@data-kt=\"addNewRUOverflowToolbarButton\"]"}
RESULT: {"using":"xpath","value":"//button[@data-kt=\"addNewRUOverflowToolbarButton\"]"}
COMMAND: POST /session/771d3c9ffdb5f6a869ae0a3bf138e088/execute/sync - {"script":"<script> [8489 bytes]","args":[{"element-6066-11e4-a52e-4f735466cecf":"f.C725D2739C9BAC73399F894D32ABC418.d.F20DAE7329ACF56DADC2DDD9EE826989.e.6290","ELEMENT":"f.C725D2739C9BAC73399F894D32ABC418.d.F20DAE7329ACF56DADC2DDD9EE826989.e.6290"}]}
RESULT: {"script":"<script> [8489 bytes]","args":[{"element-6066-11e4-a52e-4f735466cecf":"f.C725D2739C9BAC73399F894D32ABC418.d.F20DAE7329ACF56DADC2DDD9EE826989.e.6290","ELEMENT":"f.C725D2739C9BAC73399F894D32ABC418.d.F20DAE7329ACF56DADC2DDD9EE826989.e.6290"}]}
COMMAND: POST /session/771d3c9ffdb5f6a869ae0a3bf138e088/element/f.C725D2739C9BAC73399F894D32ABC418.d.F20DAE7329ACF56DADC2DDD9EE826989.e.6290/click - {}
COMMAND: GET /session/771d3c9ffdb5f6a869ae0a3bf138e088/screenshot - {}
RESULT: {}
COMMAND: GET /session/771d3c9ffdb5f6a869ae0a3bf138e088/screenshot - {}
RESULT: {}
RESULT: {}
COMMAND: POST /session/771d3c9ffdb5f6a869ae0a3bf138e088/execute/async - {"script":"<script> [1562 bytes]","args":[{"selector":{"controlType":"sap.m.ComboBox","viewName":"reusables.view.manageresources.NewResourceUnit","viewId":"application-manageresources-display-component---newResourceUnit","bindingPath":{"path":"","propertyPath":"/RuTypes","modelName":"catalogModel"},"searchOpenDialogs":true},"wdio_ui5_key":"reusablesview.manageresources.NewResourceUnitsap.m.ComboBox{\"path\":\"\",\"propertyPath\":\"/RuTypes\",\"modelName\":\"catalogModel\"}"}]}
RESULT: {"script":"<script> [1562 bytes]","args":[{"selector":{"controlType":"sap.m.ComboBox","viewName":"reusables.view.manageresources.NewResourceUnit","viewId":"application-manageresources-display-component---newResourceUnit","bindingPath":{"path":"","propertyPath":"/RuTypes","modelName":"catalogModel"},"searchOpenDialogs":true},"wdio_ui5_key":"reusablesview.manageresources.NewResourceUnitsap.m.ComboBox{\"path\":\"\",\"propertyPath\":\"/RuTypes\",\"modelName\":\"catalogModel\"}"}]}
RESULT: undefined
COMMAND: POST /session/771d3c9ffdb5f6a869ae0a3bf138e088/execute/async - {"script":"<script> [1562 bytes]","args":[{"selector":{"controlType":"sap.m.ComboBox","viewName":"reusables.view.manageresources.NewResourceUnit","viewId":"application-manageresources-display-component---newResourceUnit","bindingPath":{"path":"","propertyPath":"/Yards","modelName":"catalogModel"},"searchOpenDialogs":true},"wdio_ui5_key":"reusablesview.manageresources.NewResourceUnitsap.m.ComboBox{\"path\":\"\",\"propertyPath\":\"/Yards\",\"modelName\":\"catalogModel\"}"}]}
RESULT: {"script":"<script> [1562 bytes]","args":[{"selector":{"controlType":"sap.m.ComboBox","viewName":"reusables.view.manageresources.NewResourceUnit","viewId":"application-manageresources-display-component---newResourceUnit","bindingPath":{"path":"","propertyPath":"/Yards","modelName":"catalogModel"},"searchOpenDialogs":true},"wdio_ui5_key":"reusablesview.manageresources.NewResourceUnitsap.m.ComboBox{\"path\":\"\",\"propertyPath\":\"/Yards\",\"modelName\":\"catalogModel\"}"}]}
RESULT: undefined
COMMAND: POST /session/771d3c9ffdb5f6a869ae0a3bf138e088/execute/async - {"script":"<script> [1562 bytes]","args":[{"selector":{"controlType":"etm.portal.ui.reusables.customControls.LiveSearchComboBox","viewName":"reusables.view.manageresources.NewResourceUnit","viewId":"application-manageresources-display-component---newResourceUnit","bindingPath":{"path":"","propertyPath":"/CatalogItems","modelName":"catalogModel"},"searchOpenDialogs":true},"wdio_ui5_key":"reusablesview.manageresources.NewResourceUnitetm.portal.ui.reusables.customControls.LiveSearchComboBox{\"path\":\"\",\"propertyPath\":\"/CatalogItems\",\"modelName\":\"catalogModel\"}"}]}
RESULT: {"script":"<script> [1562 bytes]","args":[{"selector":{"controlType":"etm.portal.ui.reusables.customControls.LiveSearchComboBox","viewName":"reusables.view.manageresources.NewResourceUnit","viewId":"application-manageresources-display-component---newResourceUnit","bindingPath":{"path":"","propertyPath":"/CatalogItems","modelName":"catalogModel"},"searchOpenDialogs":true},"wdio_ui5_key":"reusablesview.manageresources.NewResourceUnitetm.portal.ui.reusables.customControls.LiveSearchComboBox{\"path\":\"\",\"propertyPath\":\"/CatalogItems\",\"modelName\":\"catalogModel\"}"}]}
RESULT: undefined
COMMAND: POST /session/771d3c9ffdb5f6a869ae0a3bf138e088/element - {"using":"xpath","value":"//bdi[text()=\"OK\"]"}
RESULT: {"using":"xpath","value":"//bdi[text()=\"OK\"]"}
COMMAND: POST /session/771d3c9ffdb5f6a869ae0a3bf138e088/elements - {"using":"xpath","value":"//bdi[text()=\"OK\"]"}
RESULT: {"using":"xpath","value":"//bdi[text()=\"OK\"]"}
COMMAND: POST /session/771d3c9ffdb5f6a869ae0a3bf138e088/elements - {"using":"xpath","value":"//bdi[text()=\"OK\"]"}
RESULT: {"using":"xpath","value":"//bdi[text()=\"OK\"]"}
COMMAND: POST /session/771d3c9ffdb5f6a869ae0a3bf138e088/elements - {"using":"xpath","value":"//bdi[text()=\"OK\"]"}
RESULT: {"using":"xpath","value":"//bdi[text()=\"OK\"]"}
COMMAND: POST /session/771d3c9ffdb5f6a869ae0a3bf138e088/elements - {"using":"xpath","value":"//bdi[text()=\"OK\"]"}
RESULT: {"using":"xpath","value":"//bdi[text()=\"OK\"]"}
COMMAND: POST /session/771d3c9ffdb5f6a869ae0a3bf138e088/elements - {"using":"xpath","value":"//bdi[text()=\"OK\"]"}
RESULT: {"using":"xpath","value":"//bdi[text()=\"OK\"]"}
COMMAND: POST /session/771d3c9ffdb5f6a869ae0a3bf138e088/elements - {"using":"xpath","value":"//bdi[text()=\"OK\"]"}
RESULT: {"using":"xpath","value":"//bdi[text()=\"OK\"]"}
COMMAND: POST /session/771d3c9ffdb5f6a869ae0a3bf138e088/elements - {"using":"xpath","value":"//bdi[text()=\"OK\"]"}
RESULT: {"using":"xpath","value":"//bdi[text()=\"OK\"]"}
COMMAND: POST /session/771d3c9ffdb5f6a869ae0a3bf138e088/elements - {"using":"xpath","value":"//bdi[text()=\"OK\"]"}
RESULT: {"using":"xpath","value":"//bdi[text()=\"OK\"]"}
COMMAND: POST /session/771d3c9ffdb5f6a869ae0a3bf138e088/elements - {"using":"xpath","value":"//bdi[text()=\"OK\"]"}
RESULT: {"using":"xpath","value":"//bdi[text()=\"OK\"]"}
COMMAND: POST /session/771d3c9ffdb5f6a869ae0a3bf138e088/elements - {"using":"xpath","value":"//bdi[text()=\"OK\"]"}
RESULT: {"using":"xpath","value":"//bdi[text()=\"OK\"]"}
COMMAND: POST /session/771d3c9ffdb5f6a869ae0a3bf138e088/elements - {"using":"xpath","value":"//bdi[text()=\"OK\"]"}
RESULT: {"using":"xpath","value":"//bdi[text()=\"OK\"]"}
COMMAND: POST /session/771d3c9ffdb5f6a869ae0a3bf138e088/elements - {"using":"xpath","value":"//bdi[text()=\"OK\"]"}
RESULT: {"using":"xpath","value":"//bdi[text()=\"OK\"]"}
COMMAND: POST /session/771d3c9ffdb5f6a869ae0a3bf138e088/elements - {"using":"xpath","value":"//bdi[text()=\"OK\"]"}
RESULT: {"using":"xpath","value":"//bdi[text()=\"OK\"]"}
COMMAND: POST /session/771d3c9ffdb5f6a869ae0a3bf138e088/elements - {"using":"xpath","value":"//bdi[text()=\"OK\"]"}
RESULT: {"using":"xpath","value":"//bdi[text()=\"OK\"]"}
COMMAND: POST /session/771d3c9ffdb5f6a869ae0a3bf138e088/elements - {"using":"xpath","value":"//bdi[text()=\"OK\"]"}
RESULT: {"using":"xpath","value":"//bdi[text()=\"OK\"]"}
COMMAND: POST /session/771d3c9ffdb5f6a869ae0a3bf138e088/elements - {"using":"xpath","value":"//bdi[text()=\"OK\"]"}
RESULT: {"using":"xpath","value":"//bdi[text()=\"OK\"]"}
COMMAND: POST /session/771d3c9ffdb5f6a869ae0a3bf138e088/elements - {"using":"xpath","value":"//bdi[text()=\"OK\"]"}
RESULT: {"using":"xpath","value":"//bdi[text()=\"OK\"]"}
COMMAND: POST /session/771d3c9ffdb5f6a869ae0a3bf138e088/elements - {"using":"xpath","value":"//bdi[text()=\"OK\"]"}
RESULT: {"using":"xpath","value":"//bdi[text()=\"OK\"]"}
COMMAND: POST /session/771d3c9ffdb5f6a869ae0a3bf138e088/elements - {"using":"xpath","value":"//bdi[text()=\"OK\"]"}
RESULT: {"using":"xpath","value":"//bdi[text()=\"OK\"]"}
COMMAND: POST /session/771d3c9ffdb5f6a869ae0a3bf138e088/elements - {"using":"xpath","value":"//bdi[text()=\"OK\"]"}
RESULT: {"using":"xpath","value":"//bdi[text()=\"OK\"]"}
COMMAND: POST /session/771d3c9ffdb5f6a869ae0a3bf138e088/elements - {"using":"xpath","value":"//bdi[text()=\"OK\"]"}
RESULT: {"using":"xpath","value":"//bdi[text()=\"OK\"]"}
COMMAND: POST /session/771d3c9ffdb5f6a869ae0a3bf138e088/elements - {"using":"xpath","value":"//bdi[text()=\"OK\"]"}
RESULT: {"using":"xpath","value":"//bdi[text()=\"OK\"]"}
COMMAND: POST /session/771d3c9ffdb5f6a869ae0a3bf138e088/elements - {"using":"xpath","value":"//bdi[text()=\"OK\"]"}
RESULT: {"using":"xpath","value":"//bdi[text()=\"OK\"]"}
COMMAND: POST /session/771d3c9ffdb5f6a869ae0a3bf138e088/elements - {"using":"xpath","value":"//bdi[text()=\"OK\"]"}
RESULT: {"using":"xpath","value":"//bdi[text()=\"OK\"]"}
COMMAND: POST /session/771d3c9ffdb5f6a869ae0a3bf138e088/elements - {"using":"xpath","value":"//bdi[text()=\"OK\"]"}
RESULT: {"using":"xpath","value":"//bdi[text()=\"OK\"]"}
COMMAND: POST /session/771d3c9ffdb5f6a869ae0a3bf138e088/elements - {"using":"xpath","value":"//bdi[text()=\"OK\"]"}
RESULT: {"using":"xpath","value":"//bdi[text()=\"OK\"]"}
COMMAND: POST /session/771d3c9ffdb5f6a869ae0a3bf138e088/elements - {"using":"xpath","value":"//bdi[text()=\"OK\"]"}
RESULT: {"using":"xpath","value":"//bdi[text()=\"OK\"]"}
COMMAND: POST /session/771d3c9ffdb5f6a869ae0a3bf138e088/elements - {"using":"xpath","value":"//bdi[text()=\"OK\"]"}
RESULT: {"using":"xpath","value":"//bdi[text()=\"OK\"]"}
COMMAND: POST /session/771d3c9ffdb5f6a869ae0a3bf138e088/elements - {"using":"xpath","value":"//bdi[text()=\"OK\"]"}
RESULT: {"using":"xpath","value":"//bdi[text()=\"OK\"]"}
COMMAND: POST /session/771d3c9ffdb5f6a869ae0a3bf138e088/elements - {"using":"xpath","value":"//bdi[text()=\"OK\"]"}
RESULT: {"using":"xpath","value":"//bdi[text()=\"OK\"]"}
COMMAND: POST /session/771d3c9ffdb5f6a869ae0a3bf138e088/elements - {"using":"xpath","value":"//bdi[text()=\"OK\"]"}
RESULT: {"using":"xpath","value":"//bdi[text()=\"OK\"]"}
COMMAND: POST /session/771d3c9ffdb5f6a869ae0a3bf138e088/elements - {"using":"xpath","value":"//bdi[text()=\"OK\"]"}
RESULT: {"using":"xpath","value":"//bdi[text()=\"OK\"]"}
COMMAND: POST /session/771d3c9ffdb5f6a869ae0a3bf138e088/elements - {"using":"xpath","value":"//bdi[text()=\"OK\"]"}
RESULT: {"using":"xpath","value":"//bdi[text()=\"OK\"]"}
COMMAND: POST /session/771d3c9ffdb5f6a869ae0a3bf138e088/elements - {"using":"xpath","value":"//bdi[text()=\"OK\"]"}
RESULT: {"using":"xpath","value":"//bdi[text()=\"OK\"]"}
COMMAND: POST /session/771d3c9ffdb5f6a869ae0a3bf138e088/elements - {"using":"xpath","value":"//bdi[text()=\"OK\"]"}
RESULT: {"using":"xpath","value":"//bdi[text()=\"OK\"]"}
COMMAND: POST /session/771d3c9ffdb5f6a869ae0a3bf138e088/elements - {"using":"xpath","value":"//bdi[text()=\"OK\"]"}
RESULT: {"using":"xpath","value":"//bdi[text()=\"OK\"]"}
COMMAND: POST /session/771d3c9ffdb5f6a869ae0a3bf138e088/elements - {"using":"xpath","value":"//bdi[text()=\"OK\"]"}
RESULT: {"using":"xpath","value":"//bdi[text()=\"OK\"]"}
COMMAND: POST /session/771d3c9ffdb5f6a869ae0a3bf138e088/elements - {"using":"xpath","value":"//bdi[text()=\"OK\"]"}
RESULT: {"using":"xpath","value":"//bdi[text()=\"OK\"]"}
COMMAND: POST /session/771d3c9ffdb5f6a869ae0a3bf138e088/elements - {"using":"xpath","value":"//bdi[text()=\"OK\"]"}
RESULT: {"using":"xpath","value":"//bdi[text()=\"OK\"]"}
COMMAND: POST /session/771d3c9ffdb5f6a869ae0a3bf138e088/elements - {"using":"xpath","value":"//bdi[text()=\"OK\"]"}
RESULT: {"using":"xpath","value":"//bdi[text()=\"OK\"]"}
COMMAND: POST /session/771d3c9ffdb5f6a869ae0a3bf138e088/elements - {"using":"xpath","value":"//bdi[text()=\"OK\"]"}
RESULT: {"using":"xpath","value":"//bdi[text()=\"OK\"]"}
COMMAND: POST /session/771d3c9ffdb5f6a869ae0a3bf138e088/elements - {"using":"xpath","value":"//bdi[text()=\"OK\"]"}
RESULT: {"using":"xpath","value":"//bdi[text()=\"OK\"]"}
COMMAND: POST /session/771d3c9ffdb5f6a869ae0a3bf138e088/elements - {"using":"xpath","value":"//bdi[text()=\"OK\"]"}
RESULT: {"using":"xpath","value":"//bdi[text()=\"OK\"]"}
COMMAND: POST /session/771d3c9ffdb5f6a869ae0a3bf138e088/elements - {"using":"xpath","value":"//bdi[text()=\"OK\"]"}
RESULT: {"using":"xpath","value":"//bdi[text()=\"OK\"]"}
COMMAND: POST /session/771d3c9ffdb5f6a869ae0a3bf138e088/elements - {"using":"xpath","value":"//bdi[text()=\"OK\"]"}
RESULT: {"using":"xpath","value":"//bdi[text()=\"OK\"]"}
COMMAND: POST /session/771d3c9ffdb5f6a869ae0a3bf138e088/elements - {"using":"xpath","value":"//bdi[text()=\"OK\"]"}
RESULT: {"using":"xpath","value":"//bdi[text()=\"OK\"]"}
COMMAND: POST /session/771d3c9ffdb5f6a869ae0a3bf138e088/elements - {"using":"xpath","value":"//bdi[text()=\"OK\"]"}
RESULT: {"using":"xpath","value":"//bdi[text()=\"OK\"]"}
COMMAND: POST /session/771d3c9ffdb5f6a869ae0a3bf138e088/elements - {"using":"xpath","value":"//bdi[text()=\"OK\"]"}
RESULT: {"using":"xpath","value":"//bdi[text()=\"OK\"]"}
COMMAND: POST /session/771d3c9ffdb5f6a869ae0a3bf138e088/elements - {"using":"xpath","value":"//bdi[text()=\"OK\"]"}
RESULT: {"using":"xpath","value":"//bdi[text()=\"OK\"]"}
COMMAND: POST /session/771d3c9ffdb5f6a869ae0a3bf138e088/elements - {"using":"xpath","value":"//bdi[text()=\"OK\"]"}
RESULT: {"using":"xpath","value":"//bdi[text()=\"OK\"]"}
COMMAND: POST /session/771d3c9ffdb5f6a869ae0a3bf138e088/elements - {"using":"xpath","value":"//bdi[text()=\"OK\"]"}
RESULT: {"using":"xpath","value":"//bdi[text()=\"OK\"]"}
COMMAND: POST /session/771d3c9ffdb5f6a869ae0a3bf138e088/elements - {"using":"xpath","value":"//bdi[text()=\"OK\"]"}
RESULT: {"using":"xpath","value":"//bdi[text()=\"OK\"]"}
COMMAND: POST /session/771d3c9ffdb5f6a869ae0a3bf138e088/elements - {"using":"xpath","value":"//bdi[text()=\"OK\"]"}
RESULT: {"using":"xpath","value":"//bdi[text()=\"OK\"]"}
COMMAND: POST /session/771d3c9ffdb5f6a869ae0a3bf138e088/elements - {"using":"xpath","value":"//bdi[text()=\"OK\"]"}
RESULT: {"using":"xpath","value":"//bdi[text()=\"OK\"]"}
COMMAND: POST /session/771d3c9ffdb5f6a869ae0a3bf138e088/elements - {"using":"xpath","value":"//bdi[text()=\"OK\"]"}
RESULT: {"using":"xpath","value":"//bdi[text()=\"OK\"]"}
COMMAND: POST /session/771d3c9ffdb5f6a869ae0a3bf138e088/elements - {"using":"xpath","value":"//bdi[text()=\"OK\"]"}
RESULT: {"using":"xpath","value":"//bdi[text()=\"OK\"]"}
COMMAND: POST /session/771d3c9ffdb5f6a869ae0a3bf138e088/elements - {"using":"xpath","value":"//bdi[text()=\"OK\"]"}
RESULT: {"using":"xpath","value":"//bdi[text()=\"OK\"]"}
COMMAND: POST /session/771d3c9ffdb5f6a869ae0a3bf138e088/elements - {"using":"xpath","value":"//bdi[text()=\"OK\"]"}
RESULT: {"using":"xpath","value":"//bdi[text()=\"OK\"]"}
COMMAND: POST /session/771d3c9ffdb5f6a869ae0a3bf138e088/elements - {"using":"xpath","value":"//bdi[text()=\"OK\"]"}
RESULT: {"using":"xpath","value":"//bdi[text()=\"OK\"]"}
COMMAND: POST /session/771d3c9ffdb5f6a869ae0a3bf138e088/elements - {"using":"xpath","value":"//bdi[text()=\"OK\"]"}
RESULT: {"using":"xpath","value":"//bdi[text()=\"OK\"]"}
COMMAND: POST /session/771d3c9ffdb5f6a869ae0a3bf138e088/elements - {"using":"xpath","value":"//bdi[text()=\"OK\"]"}
RESULT: {"using":"xpath","value":"//bdi[text()=\"OK\"]"}
COMMAND: POST /session/771d3c9ffdb5f6a869ae0a3bf138e088/elements - {"using":"xpath","value":"//bdi[text()=\"OK\"]"}
RESULT: {"using":"xpath","value":"//bdi[text()=\"OK\"]"}
COMMAND: POST /session/771d3c9ffdb5f6a869ae0a3bf138e088/elements - {"using":"xpath","value":"//bdi[text()=\"OK\"]"}
RESULT: {"using":"xpath","value":"//bdi[text()=\"OK\"]"}
COMMAND: POST /session/771d3c9ffdb5f6a869ae0a3bf138e088/elements - {"using":"xpath","value":"//bdi[text()=\"OK\"]"}
RESULT: {"using":"xpath","value":"//bdi[text()=\"OK\"]"}
COMMAND: POST /session/771d3c9ffdb5f6a869ae0a3bf138e088/elements - {"using":"xpath","value":"//bdi[text()=\"OK\"]"}
RESULT: {"using":"xpath","value":"//bdi[text()=\"OK\"]"}
COMMAND: POST /session/771d3c9ffdb5f6a869ae0a3bf138e088/elements - {"using":"xpath","value":"//bdi[text()=\"OK\"]"}
RESULT: {"using":"xpath","value":"//bdi[text()=\"OK\"]"}
COMMAND: POST /session/771d3c9ffdb5f6a869ae0a3bf138e088/elements - {"using":"xpath","value":"//bdi[text()=\"OK\"]"}
RESULT: {"using":"xpath","value":"//bdi[text()=\"OK\"]"}
COMMAND: POST /session/771d3c9ffdb5f6a869ae0a3bf138e088/elements - {"using":"xpath","value":"//bdi[text()=\"OK\"]"}
RESULT: {"using":"xpath","value":"//bdi[text()=\"OK\"]"}
COMMAND: POST /session/771d3c9ffdb5f6a869ae0a3bf138e088/elements - {"using":"xpath","value":"//bdi[text()=\"OK\"]"}
RESULT: {"using":"xpath","value":"//bdi[text()=\"OK\"]"}
COMMAND: POST /session/771d3c9ffdb5f6a869ae0a3bf138e088/elements - {"using":"xpath","value":"//bdi[text()=\"OK\"]"}
RESULT: {"using":"xpath","value":"//bdi[text()=\"OK\"]"}
COMMAND: POST /session/771d3c9ffdb5f6a869ae0a3bf138e088/elements - {"using":"xpath","value":"//bdi[text()=\"OK\"]"}
RESULT: {"using":"xpath","value":"//bdi[text()=\"OK\"]"}
COMMAND: POST /session/771d3c9ffdb5f6a869ae0a3bf138e088/elements - {"using":"xpath","value":"//bdi[text()=\"OK\"]"}
RESULT: {"using":"xpath","value":"//bdi[text()=\"OK\"]"}
COMMAND: POST /session/771d3c9ffdb5f6a869ae0a3bf138e088/elements - {"using":"xpath","value":"//bdi[text()=\"OK\"]"}
RESULT: {"using":"xpath","value":"//bdi[text()=\"OK\"]"}
COMMAND: POST /session/771d3c9ffdb5f6a869ae0a3bf138e088/elements - {"using":"xpath","value":"//bdi[text()=\"OK\"]"}
RESULT: {"using":"xpath","value":"//bdi[text()=\"OK\"]"}
COMMAND: POST /session/771d3c9ffdb5f6a869ae0a3bf138e088/elements - {"using":"xpath","value":"//bdi[text()=\"OK\"]"}
RESULT: {"using":"xpath","value":"//bdi[text()=\"OK\"]"}
COMMAND: POST /session/771d3c9ffdb5f6a869ae0a3bf138e088/elements - {"using":"xpath","value":"//bdi[text()=\"OK\"]"}
RESULT: {"using":"xpath","value":"//bdi[text()=\"OK\"]"}
COMMAND: POST /session/771d3c9ffdb5f6a869ae0a3bf138e088/elements - {"using":"xpath","value":"//bdi[text()=\"OK\"]"}
RESULT: {"using":"xpath","value":"//bdi[text()=\"OK\"]"}
COMMAND: POST /session/771d3c9ffdb5f6a869ae0a3bf138e088/elements - {"using":"xpath","value":"//bdi[text()=\"OK\"]"}
RESULT: {"using":"xpath","value":"//bdi[text()=\"OK\"]"}
COMMAND: POST /session/771d3c9ffdb5f6a869ae0a3bf138e088/elements - {"using":"xpath","value":"//bdi[text()=\"OK\"]"}
RESULT: {"using":"xpath","value":"//bdi[text()=\"OK\"]"}
COMMAND: POST /session/771d3c9ffdb5f6a869ae0a3bf138e088/elements - {"using":"xpath","value":"//bdi[text()=\"OK\"]"}
RESULT: {"using":"xpath","value":"//bdi[text()=\"OK\"]"}
COMMAND: POST /session/771d3c9ffdb5f6a869ae0a3bf138e088/elements - {"using":"xpath","value":"//bdi[text()=\"OK\"]"}
RESULT: {"using":"xpath","value":"//bdi[text()=\"OK\"]"}
COMMAND: POST /session/771d3c9ffdb5f6a869ae0a3bf138e088/elements - {"using":"xpath","value":"//bdi[text()=\"OK\"]"}
RESULT: {"using":"xpath","value":"//bdi[text()=\"OK\"]"}
COMMAND: POST /session/771d3c9ffdb5f6a869ae0a3bf138e088/elements - {"using":"xpath","value":"//bdi[text()=\"OK\"]"}
RESULT: {"using":"xpath","value":"//bdi[text()=\"OK\"]"}
COMMAND: POST /session/771d3c9ffdb5f6a869ae0a3bf138e088/elements - {"using":"xpath","value":"//bdi[text()=\"OK\"]"}
RESULT: {"using":"xpath","value":"//bdi[text()=\"OK\"]"}
COMMAND: POST /session/771d3c9ffdb5f6a869ae0a3bf138e088/elements - {"using":"xpath","value":"//bdi[text()=\"OK\"]"}
RESULT: {"using":"xpath","value":"//bdi[text()=\"OK\"]"}
COMMAND: POST /session/771d3c9ffdb5f6a869ae0a3bf138e088/elements - {"using":"xpath","value":"//bdi[text()=\"OK\"]"}
RESULT: {"using":"xpath","value":"//bdi[text()=\"OK\"]"}
COMMAND: POST /session/771d3c9ffdb5f6a869ae0a3bf138e088/elements - {"using":"xpath","value":"//bdi[text()=\"OK\"]"}
RESULT: {"using":"xpath","value":"//bdi[text()=\"OK\"]"}
COMMAND: POST /session/771d3c9ffdb5f6a869ae0a3bf138e088/elements - {"using":"xpath","value":"//bdi[text()=\"OK\"]"}
RESULT: {"using":"xpath","value":"//bdi[text()=\"OK\"]"}
COMMAND: POST /session/771d3c9ffdb5f6a869ae0a3bf138e088/elements - {"using":"xpath","value":"//bdi[text()=\"OK\"]"}
RESULT: {"using":"xpath","value":"//bdi[text()=\"OK\"]"}
COMMAND: POST /session/771d3c9ffdb5f6a869ae0a3bf138e088/elements - {"using":"xpath","value":"//bdi[text()=\"OK\"]"}
RESULT: {"using":"xpath","value":"//bdi[text()=\"OK\"]"}
COMMAND: POST /session/771d3c9ffdb5f6a869ae0a3bf138e088/elements - {"using":"xpath","value":"//bdi[text()=\"OK\"]"}
RESULT: {"using":"xpath","value":"//bdi[text()=\"OK\"]"}
COMMAND: POST /session/771d3c9ffdb5f6a869ae0a3bf138e088/elements - {"using":"xpath","value":"//bdi[text()=\"OK\"]"}
RESULT: {"using":"xpath","value":"//bdi[text()=\"OK\"]"}
COMMAND: POST /session/771d3c9ffdb5f6a869ae0a3bf138e088/elements - {"using":"xpath","value":"//bdi[text()=\"OK\"]"}
RESULT: {"using":"xpath","value":"//bdi[text()=\"OK\"]"}
COMMAND: POST /session/771d3c9ffdb5f6a869ae0a3bf138e088/elements - {"using":"xpath","value":"//bdi[text()=\"OK\"]"}
RESULT: {"using":"xpath","value":"//bdi[text()=\"OK\"]"}
COMMAND: POST /session/771d3c9ffdb5f6a869ae0a3bf138e088/elements - {"using":"xpath","value":"//bdi[text()=\"OK\"]"}
RESULT: {"using":"xpath","value":"//bdi[text()=\"OK\"]"}
COMMAND: POST /session/771d3c9ffdb5f6a869ae0a3bf138e088/elements - {"using":"xpath","value":"//bdi[text()=\"OK\"]"}
RESULT: {"using":"xpath","value":"//bdi[text()=\"OK\"]"}
COMMAND: POST /session/771d3c9ffdb5f6a869ae0a3bf138e088/elements - {"using":"xpath","value":"//bdi[text()=\"OK\"]"}
RESULT: {"using":"xpath","value":"//bdi[text()=\"OK\"]"}
COMMAND: POST /session/771d3c9ffdb5f6a869ae0a3bf138e088/elements - {"using":"xpath","value":"//bdi[text()=\"OK\"]"}
RESULT: {"using":"xpath","value":"//bdi[text()=\"OK\"]"}
COMMAND: POST /session/771d3c9ffdb5f6a869ae0a3bf138e088/elements - {"using":"xpath","value":"//bdi[text()=\"OK\"]"}
RESULT: {"using":"xpath","value":"//bdi[text()=\"OK\"]"}
COMMAND: POST /session/771d3c9ffdb5f6a869ae0a3bf138e088/elements - {"using":"xpath","value":"//bdi[text()=\"OK\"]"}
RESULT: {"using":"xpath","value":"//bdi[text()=\"OK\"]"}
COMMAND: POST /session/771d3c9ffdb5f6a869ae0a3bf138e088/elements - {"using":"xpath","value":"//bdi[text()=\"OK\"]"}
RESULT: {"using":"xpath","value":"//bdi[text()=\"OK\"]"}
COMMAND: POST /session/771d3c9ffdb5f6a869ae0a3bf138e088/elements - {"using":"xpath","value":"//bdi[text()=\"OK\"]"}
RESULT: {"using":"xpath","value":"//bdi[text()=\"OK\"]"}
COMMAND: POST /session/771d3c9ffdb5f6a869ae0a3bf138e088/elements - {"using":"xpath","value":"//bdi[text()=\"OK\"]"}
RESULT: {"using":"xpath","value":"//bdi[text()=\"OK\"]"}
COMMAND: POST /session/771d3c9ffdb5f6a869ae0a3bf138e088/elements - {"using":"xpath","value":"//bdi[text()=\"OK\"]"}
RESULT: {"using":"xpath","value":"//bdi[text()=\"OK\"]"}
COMMAND: POST /session/771d3c9ffdb5f6a869ae0a3bf138e088/elements - {"using":"xpath","value":"//bdi[text()=\"OK\"]"}
RESULT: {"using":"xpath","value":"//bdi[text()=\"OK\"]"}
COMMAND: POST /session/771d3c9ffdb5f6a869ae0a3bf138e088/elements - {"using":"xpath","value":"//bdi[text()=\"OK\"]"}
RESULT: {"using":"xpath","value":"//bdi[text()=\"OK\"]"}
COMMAND: POST /session/771d3c9ffdb5f6a869ae0a3bf138e088/elements - {"using":"xpath","value":"//bdi[text()=\"OK\"]"}
RESULT: {"using":"xpath","value":"//bdi[text()=\"OK\"]"}
COMMAND: POST /session/771d3c9ffdb5f6a869ae0a3bf138e088/elements - {"using":"xpath","value":"//bdi[text()=\"OK\"]"}
RESULT: {"using":"xpath","value":"//bdi[text()=\"OK\"]"}
COMMAND: POST /session/771d3c9ffdb5f6a869ae0a3bf138e088/elements - {"using":"xpath","value":"//bdi[text()=\"OK\"]"}
RESULT: {"using":"xpath","value":"//bdi[text()=\"OK\"]"}
COMMAND: POST /session/771d3c9ffdb5f6a869ae0a3bf138e088/elements - {"using":"xpath","value":"//bdi[text()=\"OK\"]"}
RESULT: {"using":"xpath","value":"//bdi[text()=\"OK\"]"}
COMMAND: POST /session/771d3c9ffdb5f6a869ae0a3bf138e088/elements - {"using":"xpath","value":"//bdi[text()=\"OK\"]"}
RESULT: {"using":"xpath","value":"//bdi[text()=\"OK\"]"}
COMMAND: POST /session/771d3c9ffdb5f6a869ae0a3bf138e088/elements - {"using":"xpath","value":"//bdi[text()=\"OK\"]"}
RESULT: {"using":"xpath","value":"//bdi[text()=\"OK\"]"}
COMMAND: POST /session/771d3c9ffdb5f6a869ae0a3bf138e088/elements - {"using":"xpath","value":"//bdi[text()=\"OK\"]"}
RESULT: {"using":"xpath","value":"//bdi[text()=\"OK\"]"}
COMMAND: POST /session/771d3c9ffdb5f6a869ae0a3bf138e088/elements - {"using":"xpath","value":"//bdi[text()=\"OK\"]"}
RESULT: {"using":"xpath","value":"//bdi[text()=\"OK\"]"}
COMMAND: POST /session/771d3c9ffdb5f6a869ae0a3bf138e088/elements - {"using":"xpath","value":"//bdi[text()=\"OK\"]"}
RESULT: {"using":"xpath","value":"//bdi[text()=\"OK\"]"}
COMMAND: POST /session/771d3c9ffdb5f6a869ae0a3bf138e088/elements - {"using":"xpath","value":"//bdi[text()=\"OK\"]"}
RESULT: {"using":"xpath","value":"//bdi[text()=\"OK\"]"}
COMMAND: POST /session/771d3c9ffdb5f6a869ae0a3bf138e088/elements - {"using":"xpath","value":"//bdi[text()=\"OK\"]"}
RESULT: {"using":"xpath","value":"//bdi[text()=\"OK\"]"}
COMMAND: POST /session/771d3c9ffdb5f6a869ae0a3bf138e088/elements - {"using":"xpath","value":"//bdi[text()=\"OK\"]"}
RESULT: {"using":"xpath","value":"//bdi[text()=\"OK\"]"}
COMMAND: POST /session/771d3c9ffdb5f6a869ae0a3bf138e088/elements - {"using":"xpath","value":"//bdi[text()=\"OK\"]"}
RESULT: {"using":"xpath","value":"//bdi[text()=\"OK\"]"}
COMMAND: POST /session/771d3c9ffdb5f6a869ae0a3bf138e088/elements - {"using":"xpath","value":"//bdi[text()=\"OK\"]"}
RESULT: {"using":"xpath","value":"//bdi[text()=\"OK\"]"}
COMMAND: POST /session/771d3c9ffdb5f6a869ae0a3bf138e088/elements - {"using":"xpath","value":"//bdi[text()=\"OK\"]"}
COMMAND: POST /session/771d3c9ffdb5f6a869ae0a3bf138e088/element - {"using":"xpath","value":"//bdi[text()=\"OK\"]"}
RESULT: {"using":"xpath","value":"//bdi[text()=\"OK\"]"}
RESULT: {"using":"xpath","value":"//bdi[text()=\"OK\"]"}
COMMAND: POST /session/771d3c9ffdb5f6a869ae0a3bf138e088/elements - {"using":"xpath","value":"//bdi[text()=\"OK\"]"}
RESULT: {"using":"xpath","value":"//bdi[text()=\"OK\"]"}
COMMAND: POST /session/771d3c9ffdb5f6a869ae0a3bf138e088/elements - {"using":"xpath","value":"//bdi[text()=\"OK\"]"}
RESULT: {"using":"xpath","value":"//bdi[text()=\"OK\"]"}
COMMAND: POST /session/771d3c9ffdb5f6a869ae0a3bf138e088/elements - {"using":"xpath","value":"//bdi[text()=\"OK\"]"}
RESULT: {"using":"xpath","value":"//bdi[text()=\"OK\"]"}
COMMAND: POST /session/771d3c9ffdb5f6a869ae0a3bf138e088/elements - {"using":"xpath","value":"//bdi[text()=\"OK\"]"}
RESULT: {"using":"xpath","value":"//bdi[text()=\"OK\"]"}
COMMAND: POST /session/771d3c9ffdb5f6a869ae0a3bf138e088/elements - {"using":"xpath","value":"//bdi[text()=\"OK\"]"}
RESULT: {"using":"xpath","value":"//bdi[text()=\"OK\"]"}
COMMAND: POST /session/771d3c9ffdb5f6a869ae0a3bf138e088/elements - {"using":"xpath","value":"//bdi[text()=\"OK\"]"}
RESULT: {"using":"xpath","value":"//bdi[text()=\"OK\"]"}
COMMAND: POST /session/771d3c9ffdb5f6a869ae0a3bf138e088/elements - {"using":"xpath","value":"//bdi[text()=\"OK\"]"}
RESULT: {"using":"xpath","value":"//bdi[text()=\"OK\"]"}
COMMAND: POST /session/771d3c9ffdb5f6a869ae0a3bf138e088/elements - {"using":"xpath","value":"//bdi[text()=\"OK\"]"}
RESULT: {"using":"xpath","value":"//bdi[text()=\"OK\"]"}
COMMAND: POST /session/771d3c9ffdb5f6a869ae0a3bf138e088/elements - {"using":"xpath","value":"//bdi[text()=\"OK\"]"}
RESULT: {"using":"xpath","value":"//bdi[text()=\"OK\"]"}
COMMAND: POST /session/771d3c9ffdb5f6a869ae0a3bf138e088/elements - {"using":"xpath","value":"//bdi[text()=\"OK\"]"}
RESULT: {"using":"xpath","value":"//bdi[text()=\"OK\"]"}
COMMAND: POST /session/771d3c9ffdb5f6a869ae0a3bf138e088/elements - {"using":"xpath","value":"//bdi[text()=\"OK\"]"}
RESULT: {"using":"xpath","value":"//bdi[text()=\"OK\"]"}
COMMAND: POST /session/771d3c9ffdb5f6a869ae0a3bf138e088/elements - {"using":"xpath","value":"//bdi[text()=\"OK\"]"}
RESULT: {"using":"xpath","value":"//bdi[text()=\"OK\"]"}
COMMAND: POST /session/771d3c9ffdb5f6a869ae0a3bf138e088/elements - {"using":"xpath","value":"//bdi[text()=\"OK\"]"}
RESULT: {"using":"xpath","value":"//bdi[text()=\"OK\"]"}
COMMAND: POST /session/771d3c9ffdb5f6a869ae0a3bf138e088/elements - {"using":"xpath","value":"//bdi[text()=\"OK\"]"}
RESULT: {"using":"xpath","value":"//bdi[text()=\"OK\"]"}
COMMAND: POST /session/771d3c9ffdb5f6a869ae0a3bf138e088/elements - {"using":"xpath","value":"//bdi[text()=\"OK\"]"}
RESULT: {"using":"xpath","value":"//bdi[text()=\"OK\"]"}
COMMAND: POST /session/771d3c9ffdb5f6a869ae0a3bf138e088/elements - {"using":"xpath","value":"//bdi[text()=\"OK\"]"}
RESULT: {"using":"xpath","value":"//bdi[text()=\"OK\"]"}
COMMAND: POST /session/771d3c9ffdb5f6a869ae0a3bf138e088/elements - {"using":"xpath","value":"//bdi[text()=\"OK\"]"}
RESULT: {"using":"xpath","value":"//bdi[text()=\"OK\"]"}
COMMAND: POST /session/771d3c9ffdb5f6a869ae0a3bf138e088/elements - {"using":"xpath","value":"//bdi[text()=\"OK\"]"}
RESULT: {"using":"xpath","value":"//bdi[text()=\"OK\"]"}
COMMAND: POST /session/771d3c9ffdb5f6a869ae0a3bf138e088/elements - {"using":"xpath","value":"//bdi[text()=\"OK\"]"}
RESULT: {"using":"xpath","value":"//bdi[text()=\"OK\"]"}
COMMAND: POST /session/771d3c9ffdb5f6a869ae0a3bf138e088/elements - {"using":"xpath","value":"//bdi[text()=\"OK\"]"}
RESULT: {"using":"xpath","value":"//bdi[text()=\"OK\"]"}
COMMAND: POST /session/771d3c9ffdb5f6a869ae0a3bf138e088/elements - {"using":"xpath","value":"//bdi[text()=\"OK\"]"}
RESULT: {"using":"xpath","value":"//bdi[text()=\"OK\"]"}
COMMAND: POST /session/771d3c9ffdb5f6a869ae0a3bf138e088/elements - {"using":"xpath","value":"//bdi[text()=\"OK\"]"}
RESULT: {"using":"xpath","value":"//bdi[text()=\"OK\"]"}
COMMAND: POST /session/771d3c9ffdb5f6a869ae0a3bf138e088/elements - {"using":"xpath","value":"//bdi[text()=\"OK\"]"}
RESULT: {"using":"xpath","value":"//bdi[text()=\"OK\"]"}
COMMAND: POST /session/771d3c9ffdb5f6a869ae0a3bf138e088/elements - {"using":"xpath","value":"//bdi[text()=\"OK\"]"}
RESULT: {"using":"xpath","value":"//bdi[text()=\"OK\"]"}
COMMAND: POST /session/771d3c9ffdb5f6a869ae0a3bf138e088/elements - {"using":"xpath","value":"//bdi[text()=\"OK\"]"}
RESULT: {"using":"xpath","value":"//bdi[text()=\"OK\"]"}
COMMAND: POST /session/771d3c9ffdb5f6a869ae0a3bf138e088/elements - {"using":"xpath","value":"//bdi[text()=\"OK\"]"}
RESULT: {"using":"xpath","value":"//bdi[text()=\"OK\"]"}
COMMAND: POST /session/771d3c9ffdb5f6a869ae0a3bf138e088/elements - {"using":"xpath","value":"//bdi[text()=\"OK\"]"}
RESULT: {"using":"xpath","value":"//bdi[text()=\"OK\"]"}
COMMAND: POST /session/771d3c9ffdb5f6a869ae0a3bf138e088/elements - {"using":"xpath","value":"//bdi[text()=\"OK\"]"}
RESULT: {"using":"xpath","value":"//bdi[text()=\"OK\"]"}
COMMAND: POST /session/771d3c9ffdb5f6a869ae0a3bf138e088/elements - {"using":"xpath","value":"//bdi[text()=\"OK\"]"}
RESULT: {"using":"xpath","value":"//bdi[text()=\"OK\"]"}
COMMAND: POST /session/771d3c9ffdb5f6a869ae0a3bf138e088/elements - {"using":"xpath","value":"//bdi[text()=\"OK\"]"}
RESULT: {"using":"xpath","value":"//bdi[text()=\"OK\"]"}
COMMAND: POST /session/771d3c9ffdb5f6a869ae0a3bf138e088/elements - {"using":"xpath","value":"//bdi[text()=\"OK\"]"}
RESULT: {"using":"xpath","value":"//bdi[text()=\"OK\"]"}
COMMAND: POST /session/771d3c9ffdb5f6a869ae0a3bf138e088/elements - {"using":"xpath","value":"//bdi[text()=\"OK\"]"}
RESULT: {"using":"xpath","value":"//bdi[text()=\"OK\"]"}
COMMAND: POST /session/771d3c9ffdb5f6a869ae0a3bf138e088/elements - {"using":"xpath","value":"//bdi[text()=\"OK\"]"}
RESULT: {"using":"xpath","value":"//bdi[text()=\"OK\"]"}
COMMAND: POST /session/771d3c9ffdb5f6a869ae0a3bf138e088/elements - {"using":"xpath","value":"//bdi[text()=\"OK\"]"}
RESULT: {"using":"xpath","value":"//bdi[text()=\"OK\"]"}
COMMAND: POST /session/771d3c9ffdb5f6a869ae0a3bf138e088/elements - {"using":"xpath","value":"//bdi[text()=\"OK\"]"}
RESULT: {"using":"xpath","value":"//bdi[text()=\"OK\"]"}
COMMAND: POST /session/771d3c9ffdb5f6a869ae0a3bf138e088/elements - {"using":"xpath","value":"//bdi[text()=\"OK\"]"}
RESULT: {"using":"xpath","value":"//bdi[text()=\"OK\"]"}
COMMAND: POST /session/771d3c9ffdb5f6a869ae0a3bf138e088/elements - {"using":"xpath","value":"//bdi[text()=\"OK\"]"}
RESULT: {"using":"xpath","value":"//bdi[text()=\"OK\"]"}
COMMAND: POST /session/771d3c9ffdb5f6a869ae0a3bf138e088/elements - {"using":"xpath","value":"//bdi[text()=\"OK\"]"}
RESULT: {"using":"xpath","value":"//bdi[text()=\"OK\"]"}
COMMAND: POST /session/771d3c9ffdb5f6a869ae0a3bf138e088/elements - {"using":"xpath","value":"//bdi[text()=\"OK\"]"}
RESULT: {"using":"xpath","value":"//bdi[text()=\"OK\"]"}
COMMAND: POST /session/771d3c9ffdb5f6a869ae0a3bf138e088/elements - {"using":"xpath","value":"//bdi[text()=\"OK\"]"}
RESULT: {"using":"xpath","value":"//bdi[text()=\"OK\"]"}
COMMAND: POST /session/771d3c9ffdb5f6a869ae0a3bf138e088/elements - {"using":"xpath","value":"//bdi[text()=\"OK\"]"}
RESULT: {"using":"xpath","value":"//bdi[text()=\"OK\"]"}
COMMAND: POST /session/771d3c9ffdb5f6a869ae0a3bf138e088/elements - {"using":"xpath","value":"//bdi[text()=\"OK\"]"}
RESULT: {"using":"xpath","value":"//bdi[text()=\"OK\"]"}
COMMAND: POST /session/771d3c9ffdb5f6a869ae0a3bf138e088/elements - {"using":"xpath","value":"//bdi[text()=\"OK\"]"}
RESULT: {"using":"xpath","value":"//bdi[text()=\"OK\"]"}
COMMAND: POST /session/771d3c9ffdb5f6a869ae0a3bf138e088/elements - {"using":"xpath","value":"//bdi[text()=\"OK\"]"}
RESULT: {"using":"xpath","value":"//bdi[text()=\"OK\"]"}
COMMAND: POST /session/771d3c9ffdb5f6a869ae0a3bf138e088/elements - {"using":"xpath","value":"//bdi[text()=\"OK\"]"}
RESULT: {"using":"xpath","value":"//bdi[text()=\"OK\"]"}
COMMAND: POST /session/771d3c9ffdb5f6a869ae0a3bf138e088/elements - {"using":"xpath","value":"//bdi[text()=\"OK\"]"}
RESULT: {"using":"xpath","value":"//bdi[text()=\"OK\"]"}
COMMAND: POST /session/771d3c9ffdb5f6a869ae0a3bf138e088/elements - {"using":"xpath","value":"//bdi[text()=\"OK\"]"}
RESULT: {"using":"xpath","value":"//bdi[text()=\"OK\"]"}
COMMAND: POST /session/771d3c9ffdb5f6a869ae0a3bf138e088/elements - {"using":"xpath","value":"//bdi[text()=\"OK\"]"}
RESULT: {"using":"xpath","value":"//bdi[text()=\"OK\"]"}
COMMAND: POST /session/771d3c9ffdb5f6a869ae0a3bf138e088/elements - {"using":"xpath","value":"//bdi[text()=\"OK\"]"}
RESULT: {"using":"xpath","value":"//bdi[text()=\"OK\"]"}
COMMAND: POST /session/771d3c9ffdb5f6a869ae0a3bf138e088/elements - {"using":"xpath","value":"//bdi[text()=\"OK\"]"}
RESULT: {"using":"xpath","value":"//bdi[text()=\"OK\"]"}
COMMAND: POST /session/771d3c9ffdb5f6a869ae0a3bf138e088/elements - {"using":"xpath","value":"//bdi[text()=\"OK\"]"}
RESULT: {"using":"xpath","value":"//bdi[text()=\"OK\"]"}
COMMAND: POST /session/771d3c9ffdb5f6a869ae0a3bf138e088/elements - {"using":"xpath","value":"//bdi[text()=\"OK\"]"}
RESULT: {"using":"xpath","value":"//bdi[text()=\"OK\"]"}
COMMAND: POST /session/771d3c9ffdb5f6a869ae0a3bf138e088/elements - {"using":"xpath","value":"//bdi[text()=\"OK\"]"}
RESULT: {"using":"xpath","value":"//bdi[text()=\"OK\"]"}
COMMAND: POST /session/771d3c9ffdb5f6a869ae0a3bf138e088/elements - {"using":"xpath","value":"//bdi[text()=\"OK\"]"}
RESULT: {"using":"xpath","value":"//bdi[text()=\"OK\"]"}
COMMAND: POST /session/771d3c9ffdb5f6a869ae0a3bf138e088/elements - {"using":"xpath","value":"//bdi[text()=\"OK\"]"}
RESULT: {"using":"xpath","value":"//bdi[text()=\"OK\"]"}
COMMAND: POST /session/771d3c9ffdb5f6a869ae0a3bf138e088/elements - {"using":"xpath","value":"//bdi[text()=\"OK\"]"}
RESULT: {"using":"xpath","value":"//bdi[text()=\"OK\"]"}
COMMAND: POST /session/771d3c9ffdb5f6a869ae0a3bf138e088/elements - {"using":"xpath","value":"//bdi[text()=\"OK\"]"}
RESULT: {"using":"xpath","value":"//bdi[text()=\"OK\"]"}
COMMAND: POST /session/771d3c9ffdb5f6a869ae0a3bf138e088/elements - {"using":"xpath","value":"//bdi[text()=\"OK\"]"}
RESULT: {"using":"xpath","value":"//bdi[text()=\"OK\"]"}
COMMAND: POST /session/771d3c9ffdb5f6a869ae0a3bf138e088/elements - {"using":"xpath","value":"//bdi[text()=\"OK\"]"}
RESULT: {"using":"xpath","value":"//bdi[text()=\"OK\"]"}
COMMAND: POST /session/771d3c9ffdb5f6a869ae0a3bf138e088/elements - {"using":"xpath","value":"//bdi[text()=\"OK\"]"}
RESULT: {"using":"xpath","value":"//bdi[text()=\"OK\"]"}
COMMAND: POST /session/771d3c9ffdb5f6a869ae0a3bf138e088/elements - {"using":"xpath","value":"//bdi[text()=\"OK\"]"}
RESULT: {"using":"xpath","value":"//bdi[text()=\"OK\"]"}
COMMAND: POST /session/771d3c9ffdb5f6a869ae0a3bf138e088/elements - {"using":"xpath","value":"//bdi[text()=\"OK\"]"}
RESULT: {"using":"xpath","value":"//bdi[text()=\"OK\"]"}
COMMAND: POST /session/771d3c9ffdb5f6a869ae0a3bf138e088/elements - {"using":"xpath","value":"//bdi[text()=\"OK\"]"}
RESULT: {"using":"xpath","value":"//bdi[text()=\"OK\"]"}
COMMAND: POST /session/771d3c9ffdb5f6a869ae0a3bf138e088/elements - {"using":"xpath","value":"//bdi[text()=\"OK\"]"}
RESULT: {"using":"xpath","value":"//bdi[text()=\"OK\"]"}
COMMAND: POST /session/771d3c9ffdb5f6a869ae0a3bf138e088/elements - {"using":"xpath","value":"//bdi[text()=\"OK\"]"}
RESULT: {"using":"xpath","value":"//bdi[text()=\"OK\"]"}
COMMAND: POST /session/771d3c9ffdb5f6a869ae0a3bf138e088/elements - {"using":"xpath","value":"//bdi[text()=\"OK\"]"}
RESULT: {"using":"xpath","value":"//bdi[text()=\"OK\"]"}
COMMAND: POST /session/771d3c9ffdb5f6a869ae0a3bf138e088/elements - {"using":"xpath","value":"//bdi[text()=\"OK\"]"}
RESULT: {"using":"xpath","value":"//bdi[text()=\"OK\"]"}
COMMAND: POST /session/771d3c9ffdb5f6a869ae0a3bf138e088/elements - {"using":"xpath","value":"//bdi[text()=\"OK\"]"}
RESULT: {"using":"xpath","value":"//bdi[text()=\"OK\"]"}
COMMAND: POST /session/771d3c9ffdb5f6a869ae0a3bf138e088/elements - {"using":"xpath","value":"//bdi[text()=\"OK\"]"}
RESULT: {"using":"xpath","value":"//bdi[text()=\"OK\"]"}
COMMAND: POST /session/771d3c9ffdb5f6a869ae0a3bf138e088/elements - {"using":"xpath","value":"//bdi[text()=\"OK\"]"}
RESULT: {"using":"xpath","value":"//bdi[text()=\"OK\"]"}
COMMAND: POST /session/771d3c9ffdb5f6a869ae0a3bf138e088/elements - {"using":"xpath","value":"//bdi[text()=\"OK\"]"}
RESULT: {"using":"xpath","value":"//bdi[text()=\"OK\"]"}
COMMAND: POST /session/771d3c9ffdb5f6a869ae0a3bf138e088/elements - {"using":"xpath","value":"//bdi[text()=\"OK\"]"}
RESULT: {"using":"xpath","value":"//bdi[text()=\"OK\"]"}
COMMAND: POST /session/771d3c9ffdb5f6a869ae0a3bf138e088/elements - {"using":"xpath","value":"//bdi[text()=\"OK\"]"}
RESULT: {"using":"xpath","value":"//bdi[text()=\"OK\"]"}
COMMAND: POST /session/771d3c9ffdb5f6a869ae0a3bf138e088/elements - {"using":"xpath","value":"//bdi[text()=\"OK\"]"}
RESULT: {"using":"xpath","value":"//bdi[text()=\"OK\"]"}
COMMAND: POST /session/771d3c9ffdb5f6a869ae0a3bf138e088/elements - {"using":"xpath","value":"//bdi[text()=\"OK\"]"}
RESULT: {"using":"xpath","value":"//bdi[text()=\"OK\"]"}
COMMAND: POST /session/771d3c9ffdb5f6a869ae0a3bf138e088/elements - {"using":"xpath","value":"//bdi[text()=\"OK\"]"}
RESULT: {"using":"xpath","value":"//bdi[text()=\"OK\"]"}
COMMAND: POST /session/771d3c9ffdb5f6a869ae0a3bf138e088/elements - {"using":"xpath","value":"//bdi[text()=\"OK\"]"}
RESULT: {"using":"xpath","value":"//bdi[text()=\"OK\"]"}
COMMAND: POST /session/771d3c9ffdb5f6a869ae0a3bf138e088/elements - {"using":"xpath","value":"//bdi[text()=\"OK\"]"}
RESULT: {"using":"xpath","value":"//bdi[text()=\"OK\"]"}
COMMAND: POST /session/771d3c9ffdb5f6a869ae0a3bf138e088/elements - {"using":"xpath","value":"//bdi[text()=\"OK\"]"}
RESULT: {"using":"xpath","value":"//bdi[text()=\"OK\"]"}
COMMAND: POST /session/771d3c9ffdb5f6a869ae0a3bf138e088/elements - {"using":"xpath","value":"//bdi[text()=\"OK\"]"}
RESULT: {"using":"xpath","value":"//bdi[text()=\"OK\"]"}
COMMAND: POST /session/771d3c9ffdb5f6a869ae0a3bf138e088/elements - {"using":"xpath","value":"//bdi[text()=\"OK\"]"}
RESULT: {"using":"xpath","value":"//bdi[text()=\"OK\"]"}
COMMAND: POST /session/771d3c9ffdb5f6a869ae0a3bf138e088/elements - {"using":"xpath","value":"//bdi[text()=\"OK\"]"}
RESULT: {"using":"xpath","value":"//bdi[text()=\"OK\"]"}
COMMAND: POST /session/771d3c9ffdb5f6a869ae0a3bf138e088/elements - {"using":"xpath","value":"//bdi[text()=\"OK\"]"}
RESULT: {"using":"xpath","value":"//bdi[text()=\"OK\"]"}
COMMAND: POST /session/771d3c9ffdb5f6a869ae0a3bf138e088/elements - {"using":"xpath","value":"//bdi[text()=\"OK\"]"}
RESULT: {"using":"xpath","value":"//bdi[text()=\"OK\"]"}
COMMAND: POST /session/771d3c9ffdb5f6a869ae0a3bf138e088/elements - {"using":"xpath","value":"//bdi[text()=\"OK\"]"}
RESULT: {"using":"xpath","value":"//bdi[text()=\"OK\"]"}
COMMAND: POST /session/771d3c9ffdb5f6a869ae0a3bf138e088/elements - {"using":"xpath","value":"//bdi[text()=\"OK\"]"}
RESULT: {"using":"xpath","value":"//bdi[text()=\"OK\"]"}
COMMAND: POST /session/771d3c9ffdb5f6a869ae0a3bf138e088/elements - {"using":"xpath","value":"//bdi[text()=\"OK\"]"}
RESULT: {"using":"xpath","value":"//bdi[text()=\"OK\"]"}
COMMAND: POST /session/771d3c9ffdb5f6a869ae0a3bf138e088/elements - {"using":"xpath","value":"//bdi[text()=\"OK\"]"}
RESULT: {"using":"xpath","value":"//bdi[text()=\"OK\"]"}
COMMAND: POST /session/771d3c9ffdb5f6a869ae0a3bf138e088/elements - {"using":"xpath","value":"//bdi[text()=\"OK\"]"}
RESULT: {"using":"xpath","value":"//bdi[text()=\"OK\"]"}
COMMAND: POST /session/771d3c9ffdb5f6a869ae0a3bf138e088/elements - {"using":"xpath","value":"//bdi[text()=\"OK\"]"}
RESULT: {"using":"xpath","value":"//bdi[text()=\"OK\"]"}
COMMAND: POST /session/771d3c9ffdb5f6a869ae0a3bf138e088/elements - {"using":"xpath","value":"//bdi[text()=\"OK\"]"}
RESULT: {"using":"xpath","value":"//bdi[text()=\"OK\"]"}
COMMAND: POST /session/771d3c9ffdb5f6a869ae0a3bf138e088/elements - {"using":"xpath","value":"//bdi[text()=\"OK\"]"}
RESULT: {"using":"xpath","value":"//bdi[text()=\"OK\"]"}
COMMAND: POST /session/771d3c9ffdb5f6a869ae0a3bf138e088/elements - {"using":"xpath","value":"//bdi[text()=\"OK\"]"}
RESULT: {"using":"xpath","value":"//bdi[text()=\"OK\"]"}
COMMAND: POST /session/771d3c9ffdb5f6a869ae0a3bf138e088/elements - {"using":"xpath","value":"//bdi[text()=\"OK\"]"}
RESULT: {"using":"xpath","value":"//bdi[text()=\"OK\"]"}
COMMAND: POST /session/771d3c9ffdb5f6a869ae0a3bf138e088/elements - {"using":"xpath","value":"//bdi[text()=\"OK\"]"}
RESULT: {"using":"xpath","value":"//bdi[text()=\"OK\"]"}
COMMAND: POST /session/771d3c9ffdb5f6a869ae0a3bf138e088/elements - {"using":"xpath","value":"//bdi[text()=\"OK\"]"}
RESULT: {"using":"xpath","value":"//bdi[text()=\"OK\"]"}
COMMAND: POST /session/771d3c9ffdb5f6a869ae0a3bf138e088/elements - {"using":"xpath","value":"//bdi[text()=\"OK\"]"}
RESULT: {"using":"xpath","value":"//bdi[text()=\"OK\"]"}
COMMAND: POST /session/771d3c9ffdb5f6a869ae0a3bf138e088/elements - {"using":"xpath","value":"//bdi[text()=\"OK\"]"}
RESULT: {"using":"xpath","value":"//bdi[text()=\"OK\"]"}
COMMAND: POST /session/771d3c9ffdb5f6a869ae0a3bf138e088/elements - {"using":"xpath","value":"//bdi[text()=\"OK\"]"}
RESULT: {"using":"xpath","value":"//bdi[text()=\"OK\"]"}
COMMAND: POST /session/771d3c9ffdb5f6a869ae0a3bf138e088/elements - {"using":"xpath","value":"//bdi[text()=\"OK\"]"}
RESULT: {"using":"xpath","value":"//bdi[text()=\"OK\"]"}
COMMAND: POST /session/771d3c9ffdb5f6a869ae0a3bf138e088/elements - {"using":"xpath","value":"//bdi[text()=\"OK\"]"}
RESULT: {"using":"xpath","value":"//bdi[text()=\"OK\"]"}
COMMAND: POST /session/771d3c9ffdb5f6a869ae0a3bf138e088/elements - {"using":"xpath","value":"//bdi[text()=\"OK\"]"}
RESULT: {"using":"xpath","value":"//bdi[text()=\"OK\"]"}
COMMAND: POST /session/771d3c9ffdb5f6a869ae0a3bf138e088/elements - {"using":"xpath","value":"//bdi[text()=\"OK\"]"}
RESULT: {"using":"xpath","value":"//bdi[text()=\"OK\"]"}
COMMAND: POST /session/771d3c9ffdb5f6a869ae0a3bf138e088/elements - {"using":"xpath","value":"//bdi[text()=\"OK\"]"}
RESULT: {"using":"xpath","value":"//bdi[text()=\"OK\"]"}
COMMAND: POST /session/771d3c9ffdb5f6a869ae0a3bf138e088/elements - {"using":"xpath","value":"//bdi[text()=\"OK\"]"}
RESULT: {"using":"xpath","value":"//bdi[text()=\"OK\"]"}
COMMAND: POST /session/771d3c9ffdb5f6a869ae0a3bf138e088/elements - {"using":"xpath","value":"//bdi[text()=\"OK\"]"}
RESULT: {"using":"xpath","value":"//bdi[text()=\"OK\"]"}
COMMAND: POST /session/771d3c9ffdb5f6a869ae0a3bf138e088/elements - {"using":"xpath","value":"//bdi[text()=\"OK\"]"}
RESULT: {"using":"xpath","value":"//bdi[text()=\"OK\"]"}
COMMAND: POST /session/771d3c9ffdb5f6a869ae0a3bf138e088/elements - {"using":"xpath","value":"//bdi[text()=\"OK\"]"}
RESULT: {"using":"xpath","value":"//bdi[text()=\"OK\"]"}
COMMAND: POST /session/771d3c9ffdb5f6a869ae0a3bf138e088/elements - {"using":"xpath","value":"//bdi[text()=\"OK\"]"}
RESULT: {"using":"xpath","value":"//bdi[text()=\"OK\"]"}
COMMAND: POST /session/771d3c9ffdb5f6a869ae0a3bf138e088/elements - {"using":"xpath","value":"//bdi[text()=\"OK\"]"}
RESULT: {"using":"xpath","value":"//bdi[text()=\"OK\"]"}
COMMAND: POST /session/771d3c9ffdb5f6a869ae0a3bf138e088/elements - {"using":"xpath","value":"//bdi[text()=\"OK\"]"}
RESULT: {"using":"xpath","value":"//bdi[text()=\"OK\"]"}
COMMAND: POST /session/771d3c9ffdb5f6a869ae0a3bf138e088/elements - {"using":"xpath","value":"//bdi[text()=\"OK\"]"}
RESULT: {"using":"xpath","value":"//bdi[text()=\"OK\"]"}
COMMAND: POST /session/771d3c9ffdb5f6a869ae0a3bf138e088/elements - {"using":"xpath","value":"//bdi[text()=\"OK\"]"}
RESULT: {"using":"xpath","value":"//bdi[text()=\"OK\"]"}
COMMAND: POST /session/771d3c9ffdb5f6a869ae0a3bf138e088/elements - {"using":"xpath","value":"//bdi[text()=\"OK\"]"}
RESULT: {"using":"xpath","value":"//bdi[text()=\"OK\"]"}
COMMAND: POST /session/771d3c9ffdb5f6a869ae0a3bf138e088/elements - {"using":"xpath","value":"//bdi[text()=\"OK\"]"}
RESULT: {"using":"xpath","value":"//bdi[text()=\"OK\"]"}
COMMAND: POST /session/771d3c9ffdb5f6a869ae0a3bf138e088/elements - {"using":"xpath","value":"//bdi[text()=\"OK\"]"}
RESULT: {"using":"xpath","value":"//bdi[text()=\"OK\"]"}
COMMAND: POST /session/771d3c9ffdb5f6a869ae0a3bf138e088/elements - {"using":"xpath","value":"//bdi[text()=\"OK\"]"}
RESULT: {"using":"xpath","value":"//bdi[text()=\"OK\"]"}
COMMAND: POST /session/771d3c9ffdb5f6a869ae0a3bf138e088/elements - {"using":"xpath","value":"//bdi[text()=\"OK\"]"}
RESULT: {"using":"xpath","value":"//bdi[text()=\"OK\"]"}
COMMAND: POST /session/771d3c9ffdb5f6a869ae0a3bf138e088/elements - {"using":"xpath","value":"//bdi[text()=\"OK\"]"}
RESULT: {"using":"xpath","value":"//bdi[text()=\"OK\"]"}
COMMAND: POST /session/771d3c9ffdb5f6a869ae0a3bf138e088/elements - {"using":"xpath","value":"//bdi[text()=\"OK\"]"}
RESULT: {"using":"xpath","value":"//bdi[text()=\"OK\"]"}
COMMAND: POST /session/771d3c9ffdb5f6a869ae0a3bf138e088/elements - {"using":"xpath","value":"//bdi[text()=\"OK\"]"}
COMMAND: POST /session/771d3c9ffdb5f6a869ae0a3bf138e088/execute/async - {"script":"<script> [1562 bytes]","args":[{"selector":{"id":"application-manageresources-display-component---newResourceUnit--TYPE-arrow"},"wdio_ui5_key":"applicationmanageresources-display-component---newResourceUnit--TYPE-arrow"}]}
RESULT: {"using":"xpath","value":"//bdi[text()=\"OK\"]"}
RESULT: {"script":"<script> [1562 bytes]","args":[{"selector":{"id":"application-manageresources-display-component---newResourceUnit--TYPE-arrow"},"wdio_ui5_key":"applicationmanageresources-display-component---newResourceUnit--TYPE-arrow"}]}
RESULT: undefined
COMMAND: POST /session/771d3c9ffdb5f6a869ae0a3bf138e088/element - {"using":"xpath","value":"//*[@id=\"application-manageresources-display-component---newResourceUnit--TYPE-arrow\"]"}
RESULT: {"using":"xpath","value":"//*[@id=\"application-manageresources-display-component---newResourceUnit--TYPE-arrow\"]"}
COMMAND: POST /session/771d3c9ffdb5f6a869ae0a3bf138e088/element/f.C725D2739C9BAC73399F894D32ABC418.d.F20DAE7329ACF56DADC2DDD9EE826989.e.6609/click - {}
RESULT: {}
COMMAND: POST /session/771d3c9ffdb5f6a869ae0a3bf138e088/execute/async - {"script":"<script> [1562 bytes]","args":[{"selector":{"controlType":"sap.m.StandardListItem","viewName":"reusables.view.manageresources.NewResourceUnit","viewId":"application-manageresources-display-component---newResourceUnit","properties":{"title":"Material"},"searchOpenDialogs":true,"interaction":{"idSuffix":"titleText"}},"wdio_ui5_key":"reusablesview.manageresources.NewResourceUnitsap.m.StandardListItem{\"title\":\"Material\"}"}]}
COMMAND: GET /session/771d3c9ffdb5f6a869ae0a3bf138e088/screenshot - {}
RESULT: {"script":"<script> [1562 bytes]","args":[{"selector":{"controlType":"sap.m.StandardListItem","viewName":"reusables.view.manageresources.NewResourceUnit","viewId":"application-manageresources-display-component---newResourceUnit","properties":{"title":"Material"},"searchOpenDialogs":true,"interaction":{"idSuffix":"titleText"}},"wdio_ui5_key":"reusablesview.manageresources.NewResourceUnitsap.m.StandardListItem{\"title\":\"Material\"}"}]}
RESULT: undefined
COMMAND: POST /session/771d3c9ffdb5f6a869ae0a3bf138e088/element - {"using":"xpath","value":"//*[@id=\"__item142\"]"}
RESULT: {}
RESULT: {"using":"xpath","value":"//*[@id=\"__item142\"]"}
COMMAND: POST /session/771d3c9ffdb5f6a869ae0a3bf138e088/element/f.C725D2739C9BAC73399F894D32ABC418.d.F20DAE7329ACF56DADC2DDD9EE826989.e.6612/click - {}
RESULT: {}
COMMAND: POST /session/771d3c9ffdb5f6a869ae0a3bf138e088/execute/async - {"script":"<script> [1562 bytes]","args":[{"selector":{"id":"application-manageresources-display-component---newResourceUnit--SHORT_TEXT","interaction":{"idSuffix":"inner"}},"wdio_ui5_key":"applicationmanageresources-display-component---newResourceUnit--SHORT_TEXT"}]}
COMMAND: GET /session/771d3c9ffdb5f6a869ae0a3bf138e088/screenshot - {}
RESULT: {"script":"<script> [1562 bytes]","args":[{"selector":{"id":"application-manageresources-display-component---newResourceUnit--SHORT_TEXT","interaction":{"idSuffix":"inner"}},"wdio_ui5_key":"applicationmanageresources-display-component---newResourceUnit--SHORT_TEXT"}]}
RESULT: undefined
COMMAND: POST /session/771d3c9ffdb5f6a869ae0a3bf138e088/execute/async - {"script":"<script> [776 bytes]","args":[{"enterText":"WebdriverRU R2Cja4wz","selector":{"id":"application-manageresources-display-component---newResourceUnit--SHORT_TEXT","interaction":{"idSuffix":"inner"}},"clearTextFirst":true,"interactionType":"ENTER_TEXT"}]}
RESULT: {}
RESULT: {"script":"<script> [776 bytes]","args":[{"enterText":"WebdriverRU R2Cja4wz","selector":{"id":"application-manageresources-display-component---newResourceUnit--SHORT_TEXT","interaction":{"idSuffix":"inner"}},"clearTextFirst":true,"interactionType":"ENTER_TEXT"}]}
COMMAND: POST /session/771d3c9ffdb5f6a869ae0a3bf138e088/execute/async - {"script":"<script> [1562 bytes]","args":[{"selector":{"id":"application-manageresources-display-component---newResourceUnit--BASE_UNIT_OF_MEASURE-arrow"},"wdio_ui5_key":"applicationmanageresources-display-component---newResourceUnit--BASE_UNIT_OF_MEASURE-arrow"}]}
RESULT: {"script":"<script> [1562 bytes]","args":[{"selector":{"id":"application-manageresources-display-component---newResourceUnit--BASE_UNIT_OF_MEASURE-arrow"},"wdio_ui5_key":"applicationmanageresources-display-component---newResourceUnit--BASE_UNIT_OF_MEASURE-arrow"}]}
RESULT: undefined
COMMAND: POST /session/771d3c9ffdb5f6a869ae0a3bf138e088/element - {"using":"xpath","value":"//*[@id=\"application-manageresources-display-component---newResourceUnit--BASE_UNIT_OF_MEASURE-arrow\"]"}
RESULT: {"using":"xpath","value":"//*[@id=\"application-manageresources-display-component---newResourceUnit--BASE_UNIT_OF_MEASURE-arrow\"]"}
COMMAND: POST /session/771d3c9ffdb5f6a869ae0a3bf138e088/element/f.C725D2739C9BAC73399F894D32ABC418.d.F20DAE7329ACF56DADC2DDD9EE826989.e.6670/click - {}
RESULT: {}
COMMAND: POST /session/771d3c9ffdb5f6a869ae0a3bf138e088/execute/async - {"script":"<script> [1562 bytes]","args":[{"selector":{"controlType":"sap.m.StandardListItem","viewName":"reusables.view.manageresources.NewResourceUnit","viewId":"application-manageresources-display-component---newResourceUnit","properties":{"title":"Piece"},"searchOpenDialogs":true,"interaction":{"idSuffix":"titleText"}},"wdio_ui5_key":"reusablesview.manageresources.NewResourceUnitsap.m.StandardListItem{\"title\":\"Piece\"}"}]}
COMMAND: GET /session/771d3c9ffdb5f6a869ae0a3bf138e088/screenshot - {}
RESULT: {"script":"<script> [1562 bytes]","args":[{"selector":{"controlType":"sap.m.StandardListItem","viewName":"reusables.view.manageresources.NewResourceUnit","viewId":"application-manageresources-display-component---newResourceUnit","properties":{"title":"Piece"},"searchOpenDialogs":true,"interaction":{"idSuffix":"titleText"}},"wdio_ui5_key":"reusablesview.manageresources.NewResourceUnitsap.m.StandardListItem{\"title\":\"Piece\"}"}]}
RESULT: undefined
COMMAND: POST /session/771d3c9ffdb5f6a869ae0a3bf138e088/element - {"using":"xpath","value":"//*[@id=\"__item186\"]"}
RESULT: {}
RESULT: {"using":"xpath","value":"//*[@id=\"__item186\"]"}
COMMAND: POST /session/771d3c9ffdb5f6a869ae0a3bf138e088/element/f.C725D2739C9BAC73399F894D32ABC418.d.F20DAE7329ACF56DADC2DDD9EE826989.e.6672/click - {}
RESULT: {}
COMMAND: POST /session/771d3c9ffdb5f6a869ae0a3bf138e088/execute/async - {"script":"<script> [1562 bytes]","args":[{"selector":{"id":"application-manageresources-display-component---newResourceUnit--WEIGHT_UNIT-arrow"},"wdio_ui5_key":"applicationmanageresources-display-component---newResourceUnit--WEIGHT_UNIT-arrow"}]}
COMMAND: GET /session/771d3c9ffdb5f6a869ae0a3bf138e088/screenshot - {}
RESULT: {"script":"<script> [1562 bytes]","args":[{"selector":{"id":"application-manageresources-display-component---newResourceUnit--WEIGHT_UNIT-arrow"},"wdio_ui5_key":"applicationmanageresources-display-component---newResourceUnit--WEIGHT_UNIT-arrow"}]}
RESULT: undefined
COMMAND: POST /session/771d3c9ffdb5f6a869ae0a3bf138e088/element - {"using":"xpath","value":"//*[@id=\"application-manageresources-display-component---newResourceUnit--WEIGHT_UNIT-arrow\"]"}
RESULT: {}
RESULT: {"using":"xpath","value":"//*[@id=\"application-manageresources-display-component---newResourceUnit--WEIGHT_UNIT-arrow\"]"}
COMMAND: POST /session/771d3c9ffdb5f6a869ae0a3bf138e088/element/f.C725D2739C9BAC73399F894D32ABC418.d.F20DAE7329ACF56DADC2DDD9EE826989.e.6673/click - {}
RESULT: {}
COMMAND: POST /session/771d3c9ffdb5f6a869ae0a3bf138e088/execute/async - {"script":"<script> [1562 bytes]","args":[{"selector":{"controlType":"sap.m.StandardListItem","viewName":"reusables.view.manageresources.NewResourceUnit","viewId":"application-manageresources-display-component---newResourceUnit","properties":{"title":"Gram"},"searchOpenDialogs":true,"interaction":{"idSuffix":"content"}},"wdio_ui5_key":"reusablesview.manageresources.NewResourceUnitsap.m.StandardListItem{\"title\":\"Gram\"}"}]}
COMMAND: GET /session/771d3c9ffdb5f6a869ae0a3bf138e088/screenshot - {}
RESULT: {"script":"<script> [1562 bytes]","args":[{"selector":{"controlType":"sap.m.StandardListItem","viewName":"reusables.view.manageresources.NewResourceUnit","viewId":"application-manageresources-display-component---newResourceUnit","properties":{"title":"Gram"},"searchOpenDialogs":true,"interaction":{"idSuffix":"content"}},"wdio_ui5_key":"reusablesview.manageresources.NewResourceUnitsap.m.StandardListItem{\"title\":\"Gram\"}"}]}
RESULT: undefined
COMMAND: POST /session/771d3c9ffdb5f6a869ae0a3bf138e088/element - {"using":"xpath","value":"//*[@id=\"__item251\"]"}
RESULT: {}
RESULT: {"using":"xpath","value":"//*[@id=\"__item251\"]"}
COMMAND: POST /session/771d3c9ffdb5f6a869ae0a3bf138e088/element/f.C725D2739C9BAC73399F894D32ABC418.d.F20DAE7329ACF56DADC2DDD9EE826989.e.6675/click - {}
RESULT: {}
COMMAND: GET /session/771d3c9ffdb5f6a869ae0a3bf138e088/screenshot - {}
RESULT: {}
COMMAND: POST /session/771d3c9ffdb5f6a869ae0a3bf138e088/execute/async - {"script":"<script> [1562 bytes]","args":[{"selector":{"id":"application-manageresources-display-component---newResourceUnit--newRRUPage-OPHeaderContent-collapseBtn-img"},"wdio_ui5_key":"applicationmanageresources-display-component---newResourceUnit--newRRUPage-OPHeaderContent-collapseBtn-img"}]}
RESULT: {"script":"<script> [1562 bytes]","args":[{"selector":{"id":"application-manageresources-display-component---newResourceUnit--newRRUPage-OPHeaderContent-collapseBtn-img"},"wdio_ui5_key":"applicationmanageresources-display-component---newResourceUnit--newRRUPage-OPHeaderContent-collapseBtn-img"}]}
RESULT: undefined
COMMAND: POST /session/771d3c9ffdb5f6a869ae0a3bf138e088/element - {"using":"xpath","value":"//*[@id=\"application-manageresources-display-component---newResourceUnit--newRRUPage-OPHeaderContent-collapseBtn-img\"]"}
RESULT: {"using":"xpath","value":"//*[@id=\"application-manageresources-display-component---newResourceUnit--newRRUPage-OPHeaderContent-collapseBtn-img\"]"}
COMMAND: POST /session/771d3c9ffdb5f6a869ae0a3bf138e088/element/f.C725D2739C9BAC73399F894D32ABC418.d.F20DAE7329ACF56DADC2DDD9EE826989.e.6620/click - {}
RESULT: {}
COMMAND: GET /session/771d3c9ffdb5f6a869ae0a3bf138e088/screenshot - {}
RESULT: {}
COMMAND: POST /session/771d3c9ffdb5f6a869ae0a3bf138e088/element - {"using":"xpath","value":"(//span[contains(@id ,\"application-manageresources-display-component---newResourceUnit--DIMENSION_UNIT-arrow\")])[1]"}
RESULT: {"using":"xpath","value":"(//span[contains(@id ,\"application-manageresources-display-component---newResourceUnit--DIMENSION_UNIT-arrow\")])[1]"}
COMMAND: POST /session/771d3c9ffdb5f6a869ae0a3bf138e088/element/f.C725D2739C9BAC73399F894D32ABC418.d.F20DAE7329ACF56DADC2DDD9EE826989.e.6681/click - {}
RESULT: {}
COMMAND: GET /session/771d3c9ffdb5f6a869ae0a3bf138e088/screenshot - {}
RESULT: {}
COMMAND: POST /session/771d3c9ffdb5f6a869ae0a3bf138e088/execute/async - {"script":"<script> [1562 bytes]","args":[{"selector":{"controlType":"sap.m.StandardListItem","viewName":"reusables.view.manageresources.NewResourceUnit","viewId":"application-manageresources-display-component---newResourceUnit","properties":{"title":"Centimeter"},"searchOpenDialogs":true,"interaction":{"idSuffix":"titleText"}},"wdio_ui5_key":"reusablesview.manageresources.NewResourceUnitsap.m.StandardListItem{\"title\":\"Centimeter\"}"}]}
RESULT: {"script":"<script> [1562 bytes]","args":[{"selector":{"controlType":"sap.m.StandardListItem","viewName":"reusables.view.manageresources.NewResourceUnit","viewId":"application-manageresources-display-component---newResourceUnit","properties":{"title":"Centimeter"},"searchOpenDialogs":true,"interaction":{"idSuffix":"titleText"}},"wdio_ui5_key":"reusablesview.manageresources.NewResourceUnitsap.m.StandardListItem{\"title\":\"Centimeter\"}"}]}
RESULT: undefined
COMMAND: POST /session/771d3c9ffdb5f6a869ae0a3bf138e088/element - {"using":"xpath","value":"//*[@id=\"__item254\"]"}
RESULT: {"using":"xpath","value":"//*[@id=\"__item254\"]"}
COMMAND: POST /session/771d3c9ffdb5f6a869ae0a3bf138e088/element/f.C725D2739C9BAC73399F894D32ABC418.d.F20DAE7329ACF56DADC2DDD9EE826989.e.6683/click - {}
RESULT: {}
COMMAND: GET /session/771d3c9ffdb5f6a869ae0a3bf138e088/screenshot - {}
RESULT: {}
COMMAND: POST /session/771d3c9ffdb5f6a869ae0a3bf138e088/execute/async - {"script":"<script> [1562 bytes]","args":[{"selector":{"id":"application-manageresources-display-component---newResourceUnit--newRRUPage-anchBar-application-manageresources-display-component---newResourceUnit--reference-anchor","interaction":{"idSuffix":"BDI-content"}},"wdio_ui5_key":"applicationmanageresources-display-component---newResourceUnit--newRRUPage-anchBar-application-manageresources-display-component---newResourceUnit--reference-anchor"}]}
RESULT: {"script":"<script> [1562 bytes]","args":[{"selector":{"id":"application-manageresources-display-component---newResourceUnit--newRRUPage-anchBar-application-manageresources-display-component---newResourceUnit--reference-anchor","interaction":{"idSuffix":"BDI-content"}},"wdio_ui5_key":"applicationmanageresources-display-component---newResourceUnit--newRRUPage-anchBar-application-manageresources-display-component---newResourceUnit--reference-anchor"}]}
RESULT: undefined
COMMAND: POST /session/771d3c9ffdb5f6a869ae0a3bf138e088/element - {"using":"xpath","value":"//*[@id=\"application-manageresources-display-component---newResourceUnit--newRRUPage-anchBar-application-manageresources-display-component---newResourceUnit--reference-anchor\"]"}
RESULT: {"using":"xpath","value":"//*[@id=\"application-manageresources-display-component---newResourceUnit--newRRUPage-anchBar-application-manageresources-display-component---newResourceUnit--reference-anchor\"]"}
COMMAND: POST /session/771d3c9ffdb5f6a869ae0a3bf138e088/element/f.C725D2739C9BAC73399F894D32ABC418.d.F20DAE7329ACF56DADC2DDD9EE826989.e.6685/click - {}
RESULT: {}
COMMAND: POST /session/771d3c9ffdb5f6a869ae0a3bf138e088/execute/async - {"script":"<script> [1562 bytes]","args":[{"selector":{"id":"application-manageresources-display-component---newResourceUnit--PLANNING_GROUP-arrow"},"wdio_ui5_key":"applicationmanageresources-display-component---newResourceUnit--PLANNING_GROUP-arrow"}]}
COMMAND: GET /session/771d3c9ffdb5f6a869ae0a3bf138e088/screenshot - {}
RESULT: {"script":"<script> [1562 bytes]","args":[{"selector":{"id":"application-manageresources-display-component---newResourceUnit--PLANNING_GROUP-arrow"},"wdio_ui5_key":"applicationmanageresources-display-component---newResourceUnit--PLANNING_GROUP-arrow"}]}
RESULT: undefined
COMMAND: POST /session/771d3c9ffdb5f6a869ae0a3bf138e088/element - {"using":"xpath","value":"//*[@id=\"application-manageresources-display-component---newResourceUnit--PLANNING_GROUP-arrow\"]"}
RESULT: {}
RESULT: {"using":"xpath","value":"//*[@id=\"application-manageresources-display-component---newResourceUnit--PLANNING_GROUP-arrow\"]"}
COMMAND: POST /session/771d3c9ffdb5f6a869ae0a3bf138e088/element/f.C725D2739C9BAC73399F894D32ABC418.d.F20DAE7329ACF56DADC2DDD9EE826989.e.6689/click - {}
RESULT: {}
COMMAND: POST /session/771d3c9ffdb5f6a869ae0a3bf138e088/execute/async - {"script":"<script> [1562 bytes]","args":[{"selector":{"controlType":"sap.m.StandardListItem","viewName":"reusables.view.manageresources.NewResourceUnit","viewId":"application-manageresources-display-component---newResourceUnit","properties":{"title":"Heavy Equi"},"searchOpenDialogs":true,"interaction":{"idSuffix":"content"}},"wdio_ui5_key":"reusablesview.manageresources.NewResourceUnitsap.m.StandardListItem{\"title\":\"Heavy Equi\"}"}]}
COMMAND: GET /session/771d3c9ffdb5f6a869ae0a3bf138e088/screenshot - {}
RESULT: {"script":"<script> [1562 bytes]","args":[{"selector":{"controlType":"sap.m.StandardListItem","viewName":"reusables.view.manageresources.NewResourceUnit","viewId":"application-manageresources-display-component---newResourceUnit","properties":{"title":"Heavy Equi"},"searchOpenDialogs":true,"interaction":{"idSuffix":"content"}},"wdio_ui5_key":"reusablesview.manageresources.NewResourceUnitsap.m.StandardListItem{\"title\":\"Heavy Equi\"}"}]}
RESULT: undefined
COMMAND: POST /session/771d3c9ffdb5f6a869ae0a3bf138e088/element - {"using":"xpath","value":"//*[@id=\"__item262\"]"}
RESULT: {}
RESULT: {"using":"xpath","value":"//*[@id=\"__item262\"]"}
COMMAND: POST /session/771d3c9ffdb5f6a869ae0a3bf138e088/element/f.C725D2739C9BAC73399F894D32ABC418.d.F20DAE7329ACF56DADC2DDD9EE826989.e.6691/click - {}
RESULT: {}
COMMAND: GET /session/771d3c9ffdb5f6a869ae0a3bf138e088/screenshot - {}
RESULT: {}
COMMAND: POST /session/771d3c9ffdb5f6a869ae0a3bf138e088/execute/async - {"script":"<script> [1562 bytes]","args":[{"selector":{"id":"application-manageresources-display-component---newResourceUnit--PLANNING_INDICATOR-arrow"},"wdio_ui5_key":"applicationmanageresources-display-component---newResourceUnit--PLANNING_INDICATOR-arrow"}]}
RESULT: {"script":"<script> [1562 bytes]","args":[{"selector":{"id":"application-manageresources-display-component---newResourceUnit--PLANNING_INDICATOR-arrow"},"wdio_ui5_key":"applicationmanageresources-display-component---newResourceUnit--PLANNING_INDICATOR-arrow"}]}
RESULT: undefined
COMMAND: POST /session/771d3c9ffdb5f6a869ae0a3bf138e088/element - {"using":"xpath","value":"//*[@id=\"application-manageresources-display-component---newResourceUnit--PLANNING_INDICATOR-arrow\"]"}
RESULT: {"using":"xpath","value":"//*[@id=\"application-manageresources-display-component---newResourceUnit--PLANNING_INDICATOR-arrow\"]"}
COMMAND: POST /session/771d3c9ffdb5f6a869ae0a3bf138e088/element/f.C725D2739C9BAC73399F894D32ABC418.d.F20DAE7329ACF56DADC2DDD9EE826989.e.6692/click - {}
RESULT: {}
COMMAND: POST /session/771d3c9ffdb5f6a869ae0a3bf138e088/execute/async - {"script":"<script> [1562 bytes]","args":[{"selector":{"controlType":"sap.m.StandardListItem","viewName":"reusables.view.manageresources.NewResourceUnit","viewId":"application-manageresources-display-component---newResourceUnit","properties":{"title":"10 - infinite"},"searchOpenDialogs":true,"interaction":{"idSuffix":"content"}},"wdio_ui5_key":"reusablesview.manageresources.NewResourceUnitsap.m.StandardListItem{\"title\":\"10 - infinite\"}"}]}
COMMAND: GET /session/771d3c9ffdb5f6a869ae0a3bf138e088/screenshot - {}
RESULT: {"script":"<script> [1562 bytes]","args":[{"selector":{"controlType":"sap.m.StandardListItem","viewName":"reusables.view.manageresources.NewResourceUnit","viewId":"application-manageresources-display-component---newResourceUnit","properties":{"title":"10 - infinite"},"searchOpenDialogs":true,"interaction":{"idSuffix":"content"}},"wdio_ui5_key":"reusablesview.manageresources.NewResourceUnitsap.m.StandardListItem{\"title\":\"10 - infinite\"}"}]}
RESULT: undefined
COMMAND: POST /session/771d3c9ffdb5f6a869ae0a3bf138e088/element - {"using":"xpath","value":"//*[@id=\"__item272\"]"}
RESULT: {}
RESULT: {"using":"xpath","value":"//*[@id=\"__item272\"]"}
COMMAND: POST /session/771d3c9ffdb5f6a869ae0a3bf138e088/element/f.C725D2739C9BAC73399F894D32ABC418.d.F20DAE7329ACF56DADC2DDD9EE826989.e.6694/click - {}
RESULT: {}
COMMAND: GET /session/771d3c9ffdb5f6a869ae0a3bf138e088/screenshot - {}
RESULT: {}
COMMAND: POST /session/771d3c9ffdb5f6a869ae0a3bf138e088/element - {"using":"xpath","value":"//bdi[contains(text(), \"Time Segment\")]"}
RESULT: {"using":"xpath","value":"//bdi[contains(text(), \"Time Segment\")]"}
COMMAND: GET /session/771d3c9ffdb5f6a869ae0a3bf138e088/element/f.C725D2739C9BAC73399F894D32ABC418.d.F20DAE7329ACF56DADC2DDD9EE826989.e.6695/rect - {}
RESULT: {}
COMMAND: GET /session/771d3c9ffdb5f6a869ae0a3bf138e088/window/rect - {}
RESULT: {}
COMMAND: POST /session/771d3c9ffdb5f6a869ae0a3bf138e088/execute/sync - {"script":"<script> [92 bytes]","args":[]}
RESULT: {"script":"<script> [92 bytes]","args":[]}
COMMAND: POST /session/771d3c9ffdb5f6a869ae0a3bf138e088/actions - {"actions":[{"id":"action17","type":"wheel","parameters":{},"actions":[{"type":"scroll","x":-1820,"y":-21,"deltaX":0,"deltaY":0,"duration":0,"origin":{"element-6066-11e4-a52e-4f735466cecf":"f.C725D2739C9BAC73399F894D32ABC418.d.F20DAE7329ACF56DADC2DDD9EE826989.e.6695"}}]}]}
COMMAND: GET /session/771d3c9ffdb5f6a869ae0a3bf138e088/screenshot - {}
RESULT: {}
COMMAND: POST /session/771d3c9ffdb5f6a869ae0a3bf138e088/execute/sync - {"script":"<script> [79 bytes]","args":[{"element-6066-11e4-a52e-4f735466cecf":"f.C725D2739C9BAC73399F894D32ABC418.d.F20DAE7329ACF56DADC2DDD9EE826989.e.6695","ELEMENT":"f.C725D2739C9BAC73399F894D32ABC418.d.F20DAE7329ACF56DADC2DDD9EE826989.e.6695"},{"block":"start","inline":"nearest"}]}
RESULT: {"script":"<script> [79 bytes]","args":[{"element-6066-11e4-a52e-4f735466cecf":"f.C725D2739C9BAC73399F894D32ABC418.d.F20DAE7329ACF56DADC2DDD9EE826989.e.6695","ELEMENT":"f.C725D2739C9BAC73399F894D32ABC418.d.F20DAE7329ACF56DADC2DDD9EE826989.e.6695"},{"block":"start","inline":"nearest"}]}
COMMAND: GET /session/771d3c9ffdb5f6a869ae0a3bf138e088/screenshot - {}
RESULT: {}
COMMAND: POST /session/771d3c9ffdb5f6a869ae0a3bf138e088/element - {"using":"xpath","value":"//span[@id=\"application-manageresources-display-component---newResourceUnit--btnAddTimeSegment-img\"]"}
RESULT: {"using":"xpath","value":"//span[@id=\"application-manageresources-display-component---newResourceUnit--btnAddTimeSegment-img\"]"}
COMMAND: POST /session/771d3c9ffdb5f6a869ae0a3bf138e088/execute/sync - {"script":"<script> [8489 bytes]","args":[{"element-6066-11e4-a52e-4f735466cecf":"f.C725D2739C9BAC73399F894D32ABC418.d.F20DAE7329ACF56DADC2DDD9EE826989.e.6698","ELEMENT":"f.C725D2739C9BAC73399F894D32ABC418.d.F20DAE7329ACF56DADC2DDD9EE826989.e.6698"}]}
RESULT: {"script":"<script> [8489 bytes]","args":[{"element-6066-11e4-a52e-4f735466cecf":"f.C725D2739C9BAC73399F894D32ABC418.d.F20DAE7329ACF56DADC2DDD9EE826989.e.6698","ELEMENT":"f.C725D2739C9BAC73399F894D32ABC418.d.F20DAE7329ACF56DADC2DDD9EE826989.e.6698"}]}
COMMAND: POST /session/771d3c9ffdb5f6a869ae0a3bf138e088/element/f.C725D2739C9BAC73399F894D32ABC418.d.F20DAE7329ACF56DADC2DDD9EE826989.e.6698/click - {}
COMMAND: GET /session/771d3c9ffdb5f6a869ae0a3bf138e088/screenshot - {}
RESULT: {}
COMMAND: GET /session/771d3c9ffdb5f6a869ae0a3bf138e088/screenshot - {}
COMMAND: POST /session/771d3c9ffdb5f6a869ae0a3bf138e088/element - {"using":"xpath","value":"//input[@id=\"application-manageresources-display-component---newResourceUnit--idRuTSAdmin-application-manageresources-display-component---newResourceUnit--RUTimeSegment-0-inner\"]"}
RESULT: {}
RESULT: {}
RESULT: {"using":"xpath","value":"//input[@id=\"application-manageresources-display-component---newResourceUnit--idRuTSAdmin-application-manageresources-display-component---newResourceUnit--RUTimeSegment-0-inner\"]"}
COMMAND: POST /session/771d3c9ffdb5f6a869ae0a3bf138e088/element/f.C725D2739C9BAC73399F894D32ABC418.d.F20DAE7329ACF56DADC2DDD9EE826989.e.6701/clear - {}
RESULT: {}
COMMAND: POST /session/771d3c9ffdb5f6a869ae0a3bf138e088/element/f.C725D2739C9BAC73399F894D32ABC418.d.F20DAE7329ACF56DADC2DDD9EE826989.e.6701/value - {"text":"721"}
COMMAND: GET /session/771d3c9ffdb5f6a869ae0a3bf138e088/screenshot - {}
RESULT: {"text":"721"}
COMMAND: GET /session/771d3c9ffdb5f6a869ae0a3bf138e088/screenshot - {}
RESULT: {}
RESULT: {}
COMMAND: POST /session/771d3c9ffdb5f6a869ae0a3bf138e088/actions - {"actions":[{"id":"action18","type":"key","parameters":{},"actions":[{"type":"keyDown","value":""},{"type":"pause","duration":10},{"type":"keyUp","value":""}]}]}
RESULT: {"actions":[{"id":"action18","type":"key","parameters":{},"actions":[{"type":"keyDown","value":""},{"type":"pause","duration":10},{"type":"keyUp","value":""}]}]}
COMMAND: GET /session/771d3c9ffdb5f6a869ae0a3bf138e088/screenshot - {}
RESULT: {}
COMMAND: POST /session/771d3c9ffdb5f6a869ae0a3bf138e088/execute/async - {"script":"<script> [1562 bytes]","args":[{"selector":{"controlType":"sap.m.Button","viewName":"reusables.view.manageresources.NewResourceUnit","viewId":"application-manageresources-display-component---newResourceUnit","i18NText":{"propertyName":"tooltip","key":"save"},"interaction":{"idSuffix":"BDI-content"}},"wdio_ui5_key":"reusablesview.manageresources.NewResourceUnitsap.m.Button{\"propertyName\":\"tooltip\",\"key\":\"save\"}"}]}
RESULT: {"script":"<script> [1562 bytes]","args":[{"selector":{"controlType":"sap.m.Button","viewName":"reusables.view.manageresources.NewResourceUnit","viewId":"application-manageresources-display-component---newResourceUnit","i18NText":{"propertyName":"tooltip","key":"save"},"interaction":{"idSuffix":"BDI-content"}},"wdio_ui5_key":"reusablesview.manageresources.NewResourceUnitsap.m.Button{\"propertyName\":\"tooltip\",\"key\":\"save\"}"}]}
RESULT: undefined
COMMAND: POST /session/771d3c9ffdb5f6a869ae0a3bf138e088/element - {"using":"xpath","value":"//*[@id=\"application-manageresources-display-component---newResourceUnit--createRuButton\"]"}
RESULT: {"using":"xpath","value":"//*[@id=\"application-manageresources-display-component---newResourceUnit--createRuButton\"]"}
COMMAND: POST /session/771d3c9ffdb5f6a869ae0a3bf138e088/element/f.C725D2739C9BAC73399F894D32ABC418.d.F20DAE7329ACF56DADC2DDD9EE826989.e.6626/click - {}
RESULT: {}
COMMAND: GET /session/771d3c9ffdb5f6a869ae0a3bf138e088/screenshot - {}
RESULT: {}
COMMAND: POST /session/771d3c9ffdb5f6a869ae0a3bf138e088/execute/async - {"script":"<script> [1562 bytes]","args":[{"selector":{"controlType":"sap.m.Title","properties":{"text":"Success"},"searchOpenDialogs":true},"wdio_ui5_key":"sapm.Title{\"text\":\"Success\"}"}]}
RESULT: {"script":"<script> [1562 bytes]","args":[{"selector":{"controlType":"sap.m.Title","properties":{"text":"Success"},"searchOpenDialogs":true},"wdio_ui5_key":"sapm.Title{\"text\":\"Success\"}"}]}
RESULT: undefined
COMMAND: POST /session/771d3c9ffdb5f6a869ae0a3bf138e088/execute/async - {"script":"<script> [6424 bytes]","args":[{"element-6066-11e4-a52e-4f735466cecf":"f.C725D2739C9BAC73399F894D32ABC418.d.F20DAE7329ACF56DADC2DDD9EE826989.e.6718"},"getText",[]]}
RESULT: {"script":"<script> [6424 bytes]","args":[{"element-6066-11e4-a52e-4f735466cecf":"f.C725D2739C9BAC73399F894D32ABC418.d.F20DAE7329ACF56DADC2DDD9EE826989.e.6718"},"getText",[]]}
COMMAND: POST /session/771d3c9ffdb5f6a869ae0a3bf138e088/element - {"using":"xpath","value":"//*[contains(@id, '__text') and (contains(text(), 'successfully created') or contains(., 'successfully created'))]"}
RESULT: {"using":"xpath","value":"//*[contains(@id, '__text') and (contains(text(), 'successfully created') or contains(., 'successfully created'))]"}
COMMAND: GET /session/771d3c9ffdb5f6a869ae0a3bf138e088/element/f.C725D2739C9BAC73399F894D32ABC418.d.F20DAE7329ACF56DADC2DDD9EE826989.e.6717/text - {}
RESULT: {}
COMMAND: POST /session/771d3c9ffdb5f6a869ae0a3bf138e088/execute/async - {"script":"<script> [1562 bytes]","args":[{"selector":{"controlType":"sap.m.Button","properties":{"text":"Close"},"searchOpenDialogs":true,"interaction":{"idSuffix":"BDI-content"}},"wdio_ui5_key":"sapm.Button{\"text\":\"Close\"}"}]}
RESULT: {"script":"<script> [1562 bytes]","args":[{"selector":{"controlType":"sap.m.Button","properties":{"text":"Close"},"searchOpenDialogs":true,"interaction":{"idSuffix":"BDI-content"}},"wdio_ui5_key":"sapm.Button{\"text\":\"Close\"}"}]}
RESULT: undefined
COMMAND: POST /session/771d3c9ffdb5f6a869ae0a3bf138e088/element - {"using":"xpath","value":"//*[@id=\"__mbox-btn-0\"]"}
RESULT: {"using":"xpath","value":"//*[@id=\"__mbox-btn-0\"]"}
COMMAND: POST /session/771d3c9ffdb5f6a869ae0a3bf138e088/element/f.C725D2739C9BAC73399F894D32ABC418.d.F20DAE7329ACF56DADC2DDD9EE826989.e.6714/click - {}
RESULT: {}
COMMAND: GET /session/771d3c9ffdb5f6a869ae0a3bf138e088/screenshot - {}
RESULT: {}
COMMAND: POST /session/771d3c9ffdb5f6a869ae0a3bf138e088/execute/async - {"script":"<script> [1562 bytes]","args":[{"selector":{"controlType":"sap.ui.core.Icon","viewName":"etm.portal.ui.manageresources.view.Detail","viewId":"application-manageresources-display-component---detailRU","properties":{"src":{"regex":{"source":"overflow"}}}},"wdio_ui5_key":"etmportal.ui.manageresources.view.Detailsap.ui.core.Icon{\"src\":{\"regex\":{\"source\":\"overflow\"}}}"}]}
RESULT: {"script":"<script> [1562 bytes]","args":[{"selector":{"controlType":"sap.ui.core.Icon","viewName":"etm.portal.ui.manageresources.view.Detail","viewId":"application-manageresources-display-component---detailRU","properties":{"src":{"regex":{"source":"overflow"}}}},"wdio_ui5_key":"etmportal.ui.manageresources.view.Detailsap.ui.core.Icon{\"src\":{\"regex\":{\"source\":\"overflow\"}}}"}]}
RESULT: undefined
COMMAND: POST /session/771d3c9ffdb5f6a869ae0a3bf138e088/element - {"using":"xpath","value":"//*[@id=\"__title15-_actionsToolbar-overflowButton-img\"]"}
RESULT: {"using":"xpath","value":"//*[@id=\"__title15-_actionsToolbar-overflowButton-img\"]"}
COMMAND: POST /session/771d3c9ffdb5f6a869ae0a3bf138e088/element/f.C725D2739C9BAC73399F894D32ABC418.d.F20DAE7329ACF56DADC2DDD9EE826989.e.6750/click - {}
RESULT: {}
COMMAND: POST /session/771d3c9ffdb5f6a869ae0a3bf138e088/execute/async - {"script":"<script> [1562 bytes]","args":[{"selector":{"controlType":"sap.m.Button","viewName":"etm.portal.ui.manageresources.view.Detail","viewId":"application-manageresources-display-component---detailRU","i18NText":{"propertyName":"tooltip","key":"closeColumn"},"searchOpenDialogs":true,"interaction":{"idSuffix":"inner"}},"wdio_ui5_key":"etmportal.ui.manageresources.view.Detailsap.m.Button{\"propertyName\":\"tooltip\",\"key\":\"closeColumn\"}"}]}
COMMAND: GET /session/771d3c9ffdb5f6a869ae0a3bf138e088/screenshot - {}
RESULT: {"script":"<script> [1562 bytes]","args":[{"selector":{"controlType":"sap.m.Button","viewName":"etm.portal.ui.manageresources.view.Detail","viewId":"application-manageresources-display-component---detailRU","i18NText":{"propertyName":"tooltip","key":"closeColumn"},"searchOpenDialogs":true,"interaction":{"idSuffix":"inner"}},"wdio_ui5_key":"etmportal.ui.manageresources.view.Detailsap.m.Button{\"propertyName\":\"tooltip\",\"key\":\"closeColumn\"}"}]}
RESULT: undefined
COMMAND: POST /session/771d3c9ffdb5f6a869ae0a3bf138e088/element - {"using":"xpath","value":"//*[@id=\"__button43\"]"}
RESULT: {}
RESULT: {"using":"xpath","value":"//*[@id=\"__button43\"]"}
COMMAND: POST /session/771d3c9ffdb5f6a869ae0a3bf138e088/element/f.C725D2739C9BAC73399F894D32ABC418.d.F20DAE7329ACF56DADC2DDD9EE826989.e.6754/click - {}
RESULT: {}
COMMAND: GET /session/771d3c9ffdb5f6a869ae0a3bf138e088/screenshot - {}
RESULT: {}
COMMAND: POST /session/771d3c9ffdb5f6a869ae0a3bf138e088/refresh - {}
RESULT: {}
COMMAND: GET /session/771d3c9ffdb5f6a869ae0a3bf138e088/screenshot - {}
RESULT: {}
RESULT: undefined
COMMAND: POST /session/771d3c9ffdb5f6a869ae0a3bf138e088/refresh - {}
RESULT: {}
COMMAND: GET /session/771d3c9ffdb5f6a869ae0a3bf138e088/screenshot - {}
RESULT: {}
RESULT: undefined
RESULT: undefined
COMMAND: POST /session/771d3c9ffdb5f6a869ae0a3bf138e088/window/fullscreen - {}
RESULT: {}
COMMAND: POST /session/771d3c9ffdb5f6a869ae0a3bf138e088/execute/async - {"script":"<script> [189 bytes]","args":[]}
RESULT: {"script":"<script> [189 bytes]","args":[]}
COMMAND: POST /session/771d3c9ffdb5f6a869ae0a3bf138e088/execute/async - {"script":"<script> [123 bytes]","args":[]}
RESULT: {"script":"<script> [123 bytes]","args":[]}
COMMAND: POST /session/771d3c9ffdb5f6a869ae0a3bf138e088/timeouts - {"script":"<number>"}
RESULT: {"script":"<number>"}
COMMAND: GET /session/771d3c9ffdb5f6a869ae0a3bf138e088/timeouts - {}
RESULT: {}
RESULT: undefined
COMMAND: POST /session/771d3c9ffdb5f6a869ae0a3bf138e088/execute/async - {"script":"<script> [2676 bytes]","args":[]}
RESULT: {"script":"<script> [2676 bytes]","args":[]}
COMMAND: POST /session/771d3c9ffdb5f6a869ae0a3bf138e088/execute/async - {"script":"<script> [2342 bytes]","args":[{"protocol":"http","hostname":"0.0.0.0","path":"/","capabilities":{"browserName":"chrome","goog:chromeOptions":{"binary":"C:\\Program Files\\Google\\Chrome\\Application\\chrome.exe","args":["--start-maximized"]}},"logLevel":"warn","connectionRetryTimeout":120000,"connectionRetryCount":3,"logLevels":{},"enableDirectConnect":true,"strictSSL":true,"_":"65 more keys: [\"cacheDir\",\"port\",\"requestedCapabilities\",\"automationProtocol\",\"baseUrl\",\"waitforInterval\",\"waitforTimeout\",\"onReload\",\"beforeCommand\",\"afterCommand\",\"rootDir\",\"specs\",\"suites\",\"exclude\",\"groupLogsByTestSpec\",\"excludeDriverLogs\",\"bail\",\"framework\",\"reporters\",\"services\",\"maxInstances\",\"maxInstancesPerCapability\",\"injectGlobals\",\"filesToWatch\",\"execArgv\",\"runnerEnv\",\"runner\",\"shard\",\"specFileRetries\",\"specFileRetriesDelay\",\"specFileRetriesDeferred\",\"reporterSyncInterval\",\"reporterSyncTimeout\",\"cucumberFeaturesWithLineNumbers\",\"autoCompileOpts\",\"mochaOpts\",\"jasmineOpts\",\"cucumberOpts\",\"onPrepare\",\"onWorkerStart\",\"onWorkerEnd\",\"before\",\"beforeSession\",\"beforeSuite\",\"beforeHook\",\"beforeTest\",\"afterTest\",\"afterHook\",\"afterSuite\",\"afterSession\",\"after\",\"onComplete\",\"beforeAssertion\",\"afterAssertion\",\"beforeFeature\",\"beforeScenario\",\"beforeStep\",\"afterStep\",\"afterScenario\",\"afterFeature\",\"_\",\"suite\",\"$0\",\"ignoredWorkerServices\",\"wdi5\"]"}]}
RESULT: {"script":"<script> [2342 bytes]","args":[{"protocol":"http","hostname":"0.0.0.0","path":"/","capabilities":{"browserName":"chrome","goog:chromeOptions":{"binary":"C:\\Program Files\\Google\\Chrome\\Application\\chrome.exe","args":["--start-maximized"]}},"logLevel":"warn","connectionRetryTimeout":120000,"connectionRetryCount":3,"logLevels":{},"enableDirectConnect":true,"strictSSL":true,"_":"65 more keys: [\"cacheDir\",\"port\",\"requestedCapabilities\",\"automationProtocol\",\"baseUrl\",\"waitforInterval\",\"waitforTimeout\",\"onReload\",\"beforeCommand\",\"afterCommand\",\"rootDir\",\"specs\",\"suites\",\"exclude\",\"groupLogsByTestSpec\",\"excludeDriverLogs\",\"bail\",\"framework\",\"reporters\",\"services\",\"maxInstances\",\"maxInstancesPerCapability\",\"injectGlobals\",\"filesToWatch\",\"execArgv\",\"runnerEnv\",\"runner\",\"shard\",\"specFileRetries\",\"specFileRetriesDelay\",\"specFileRetriesDeferred\",\"reporterSyncInterval\",\"reporterSyncTimeout\",\"cucumberFeaturesWithLineNumbers\",\"autoCompileOpts\",\"mochaOpts\",\"jasmineOpts\",\"cucumberOpts\",\"onPrepare\",\"onWorkerStart\",\"onWorkerEnd\",\"before\",\"beforeSession\",\"beforeSuite\",\"beforeHook\",\"beforeTest\",\"afterTest\",\"afterHook\",\"afterSuite\",\"afterSession\",\"after\",\"onComplete\",\"beforeAssertion\",\"afterAssertion\",\"beforeFeature\",\"beforeScenario\",\"beforeStep\",\"afterStep\",\"afterScenario\",\"afterFeature\",\"_\",\"suite\",\"$0\",\"ignoredWorkerServices\",\"wdi5\"]"}]}
COMMAND: POST /session/771d3c9ffdb5f6a869ae0a3bf138e088/execute/async - {"script":"<script> [21126 bytes]","args":[35000]}
RESULT: {"script":"<script> [21126 bytes]","args":[35000]}
]]></system-out>
    </testcase>
    <testcase classname="chrome.135_0_7049_96.windows.Create_2_RU_material_US118246" name="Create WHM material" time="184.448">
      <system-out><![CDATA[
COMMAND: POST /session/771d3c9ffdb5f6a869ae0a3bf138e088/element - {"using":"xpath","value":"//button[@data-kt=\"addNewRUOverflowToolbarButton\"]"}
RESULT: {"using":"xpath","value":"//button[@data-kt=\"addNewRUOverflowToolbarButton\"]"}
COMMAND: POST /session/771d3c9ffdb5f6a869ae0a3bf138e088/execute/sync - {"script":"<script> [8489 bytes]","args":[{"element-6066-11e4-a52e-4f735466cecf":"f.C725D2739C9BAC73399F894D32ABC418.d.BF7BC53E31C4F81C71B9A38AC2DFA0DA.e.7031","ELEMENT":"f.C725D2739C9BAC73399F894D32ABC418.d.BF7BC53E31C4F81C71B9A38AC2DFA0DA.e.7031"}]}
RESULT: {"script":"<script> [8489 bytes]","args":[{"element-6066-11e4-a52e-4f735466cecf":"f.C725D2739C9BAC73399F894D32ABC418.d.BF7BC53E31C4F81C71B9A38AC2DFA0DA.e.7031","ELEMENT":"f.C725D2739C9BAC73399F894D32ABC418.d.BF7BC53E31C4F81C71B9A38AC2DFA0DA.e.7031"}]}
COMMAND: POST /session/771d3c9ffdb5f6a869ae0a3bf138e088/element/f.C725D2739C9BAC73399F894D32ABC418.d.BF7BC53E31C4F81C71B9A38AC2DFA0DA.e.7031/click - {}
COMMAND: GET /session/771d3c9ffdb5f6a869ae0a3bf138e088/screenshot - {}
RESULT: {}
COMMAND: GET /session/771d3c9ffdb5f6a869ae0a3bf138e088/screenshot - {}
RESULT: {}
RESULT: {}
COMMAND: POST /session/771d3c9ffdb5f6a869ae0a3bf138e088/execute/async - {"script":"<script> [1562 bytes]","args":[{"selector":{"controlType":"sap.m.ComboBox","viewName":"reusables.view.manageresources.NewResourceUnit","viewId":"application-manageresources-display-component---newResourceUnit","bindingPath":{"path":"","propertyPath":"/RuTypes","modelName":"catalogModel"},"searchOpenDialogs":true},"wdio_ui5_key":"reusablesview.manageresources.NewResourceUnitsap.m.ComboBox{\"path\":\"\",\"propertyPath\":\"/RuTypes\",\"modelName\":\"catalogModel\"}"}]}
RESULT: {"script":"<script> [1562 bytes]","args":[{"selector":{"controlType":"sap.m.ComboBox","viewName":"reusables.view.manageresources.NewResourceUnit","viewId":"application-manageresources-display-component---newResourceUnit","bindingPath":{"path":"","propertyPath":"/RuTypes","modelName":"catalogModel"},"searchOpenDialogs":true},"wdio_ui5_key":"reusablesview.manageresources.NewResourceUnitsap.m.ComboBox{\"path\":\"\",\"propertyPath\":\"/RuTypes\",\"modelName\":\"catalogModel\"}"}]}
RESULT: undefined
COMMAND: POST /session/771d3c9ffdb5f6a869ae0a3bf138e088/execute/async - {"script":"<script> [1562 bytes]","args":[{"selector":{"controlType":"sap.m.ComboBox","viewName":"reusables.view.manageresources.NewResourceUnit","viewId":"application-manageresources-display-component---newResourceUnit","bindingPath":{"path":"","propertyPath":"/Yards","modelName":"catalogModel"},"searchOpenDialogs":true},"wdio_ui5_key":"reusablesview.manageresources.NewResourceUnitsap.m.ComboBox{\"path\":\"\",\"propertyPath\":\"/Yards\",\"modelName\":\"catalogModel\"}"}]}
RESULT: {"script":"<script> [1562 bytes]","args":[{"selector":{"controlType":"sap.m.ComboBox","viewName":"reusables.view.manageresources.NewResourceUnit","viewId":"application-manageresources-display-component---newResourceUnit","bindingPath":{"path":"","propertyPath":"/Yards","modelName":"catalogModel"},"searchOpenDialogs":true},"wdio_ui5_key":"reusablesview.manageresources.NewResourceUnitsap.m.ComboBox{\"path\":\"\",\"propertyPath\":\"/Yards\",\"modelName\":\"catalogModel\"}"}]}
RESULT: undefined
COMMAND: POST /session/771d3c9ffdb5f6a869ae0a3bf138e088/execute/async - {"script":"<script> [1562 bytes]","args":[{"selector":{"controlType":"etm.portal.ui.reusables.customControls.LiveSearchComboBox","viewName":"reusables.view.manageresources.NewResourceUnit","viewId":"application-manageresources-display-component---newResourceUnit","bindingPath":{"path":"","propertyPath":"/CatalogItems","modelName":"catalogModel"},"searchOpenDialogs":true},"wdio_ui5_key":"reusablesview.manageresources.NewResourceUnitetm.portal.ui.reusables.customControls.LiveSearchComboBox{\"path\":\"\",\"propertyPath\":\"/CatalogItems\",\"modelName\":\"catalogModel\"}"}]}
RESULT: {"script":"<script> [1562 bytes]","args":[{"selector":{"controlType":"etm.portal.ui.reusables.customControls.LiveSearchComboBox","viewName":"reusables.view.manageresources.NewResourceUnit","viewId":"application-manageresources-display-component---newResourceUnit","bindingPath":{"path":"","propertyPath":"/CatalogItems","modelName":"catalogModel"},"searchOpenDialogs":true},"wdio_ui5_key":"reusablesview.manageresources.NewResourceUnitetm.portal.ui.reusables.customControls.LiveSearchComboBox{\"path\":\"\",\"propertyPath\":\"/CatalogItems\",\"modelName\":\"catalogModel\"}"}]}
RESULT: undefined
COMMAND: POST /session/771d3c9ffdb5f6a869ae0a3bf138e088/element - {"using":"xpath","value":"//bdi[text()=\"OK\"]"}
RESULT: {"using":"xpath","value":"//bdi[text()=\"OK\"]"}
COMMAND: POST /session/771d3c9ffdb5f6a869ae0a3bf138e088/elements - {"using":"xpath","value":"//bdi[text()=\"OK\"]"}
RESULT: {"using":"xpath","value":"//bdi[text()=\"OK\"]"}
COMMAND: POST /session/771d3c9ffdb5f6a869ae0a3bf138e088/elements - {"using":"xpath","value":"//bdi[text()=\"OK\"]"}
RESULT: {"using":"xpath","value":"//bdi[text()=\"OK\"]"}
COMMAND: POST /session/771d3c9ffdb5f6a869ae0a3bf138e088/elements - {"using":"xpath","value":"//bdi[text()=\"OK\"]"}
RESULT: {"using":"xpath","value":"//bdi[text()=\"OK\"]"}
COMMAND: POST /session/771d3c9ffdb5f6a869ae0a3bf138e088/elements - {"using":"xpath","value":"//bdi[text()=\"OK\"]"}
RESULT: {"using":"xpath","value":"//bdi[text()=\"OK\"]"}
COMMAND: POST /session/771d3c9ffdb5f6a869ae0a3bf138e088/elements - {"using":"xpath","value":"//bdi[text()=\"OK\"]"}
RESULT: {"using":"xpath","value":"//bdi[text()=\"OK\"]"}
COMMAND: POST /session/771d3c9ffdb5f6a869ae0a3bf138e088/elements - {"using":"xpath","value":"//bdi[text()=\"OK\"]"}
RESULT: {"using":"xpath","value":"//bdi[text()=\"OK\"]"}
COMMAND: POST /session/771d3c9ffdb5f6a869ae0a3bf138e088/elements - {"using":"xpath","value":"//bdi[text()=\"OK\"]"}
RESULT: {"using":"xpath","value":"//bdi[text()=\"OK\"]"}
COMMAND: POST /session/771d3c9ffdb5f6a869ae0a3bf138e088/elements - {"using":"xpath","value":"//bdi[text()=\"OK\"]"}
RESULT: {"using":"xpath","value":"//bdi[text()=\"OK\"]"}
COMMAND: POST /session/771d3c9ffdb5f6a869ae0a3bf138e088/elements - {"using":"xpath","value":"//bdi[text()=\"OK\"]"}
RESULT: {"using":"xpath","value":"//bdi[text()=\"OK\"]"}
COMMAND: POST /session/771d3c9ffdb5f6a869ae0a3bf138e088/elements - {"using":"xpath","value":"//bdi[text()=\"OK\"]"}
RESULT: {"using":"xpath","value":"//bdi[text()=\"OK\"]"}
COMMAND: POST /session/771d3c9ffdb5f6a869ae0a3bf138e088/elements - {"using":"xpath","value":"//bdi[text()=\"OK\"]"}
RESULT: {"using":"xpath","value":"//bdi[text()=\"OK\"]"}
COMMAND: POST /session/771d3c9ffdb5f6a869ae0a3bf138e088/elements - {"using":"xpath","value":"//bdi[text()=\"OK\"]"}
RESULT: {"using":"xpath","value":"//bdi[text()=\"OK\"]"}
COMMAND: POST /session/771d3c9ffdb5f6a869ae0a3bf138e088/elements - {"using":"xpath","value":"//bdi[text()=\"OK\"]"}
RESULT: {"using":"xpath","value":"//bdi[text()=\"OK\"]"}
COMMAND: POST /session/771d3c9ffdb5f6a869ae0a3bf138e088/elements - {"using":"xpath","value":"//bdi[text()=\"OK\"]"}
RESULT: {"using":"xpath","value":"//bdi[text()=\"OK\"]"}
COMMAND: POST /session/771d3c9ffdb5f6a869ae0a3bf138e088/elements - {"using":"xpath","value":"//bdi[text()=\"OK\"]"}
RESULT: {"using":"xpath","value":"//bdi[text()=\"OK\"]"}
COMMAND: POST /session/771d3c9ffdb5f6a869ae0a3bf138e088/elements - {"using":"xpath","value":"//bdi[text()=\"OK\"]"}
RESULT: {"using":"xpath","value":"//bdi[text()=\"OK\"]"}
COMMAND: POST /session/771d3c9ffdb5f6a869ae0a3bf138e088/elements - {"using":"xpath","value":"//bdi[text()=\"OK\"]"}
RESULT: {"using":"xpath","value":"//bdi[text()=\"OK\"]"}
COMMAND: POST /session/771d3c9ffdb5f6a869ae0a3bf138e088/elements - {"using":"xpath","value":"//bdi[text()=\"OK\"]"}
RESULT: {"using":"xpath","value":"//bdi[text()=\"OK\"]"}
COMMAND: POST /session/771d3c9ffdb5f6a869ae0a3bf138e088/elements - {"using":"xpath","value":"//bdi[text()=\"OK\"]"}
RESULT: {"using":"xpath","value":"//bdi[text()=\"OK\"]"}
COMMAND: POST /session/771d3c9ffdb5f6a869ae0a3bf138e088/elements - {"using":"xpath","value":"//bdi[text()=\"OK\"]"}
RESULT: {"using":"xpath","value":"//bdi[text()=\"OK\"]"}
COMMAND: POST /session/771d3c9ffdb5f6a869ae0a3bf138e088/elements - {"using":"xpath","value":"//bdi[text()=\"OK\"]"}
RESULT: {"using":"xpath","value":"//bdi[text()=\"OK\"]"}
COMMAND: POST /session/771d3c9ffdb5f6a869ae0a3bf138e088/elements - {"using":"xpath","value":"//bdi[text()=\"OK\"]"}
RESULT: {"using":"xpath","value":"//bdi[text()=\"OK\"]"}
COMMAND: POST /session/771d3c9ffdb5f6a869ae0a3bf138e088/elements - {"using":"xpath","value":"//bdi[text()=\"OK\"]"}
RESULT: {"using":"xpath","value":"//bdi[text()=\"OK\"]"}
COMMAND: POST /session/771d3c9ffdb5f6a869ae0a3bf138e088/elements - {"using":"xpath","value":"//bdi[text()=\"OK\"]"}
RESULT: {"using":"xpath","value":"//bdi[text()=\"OK\"]"}
COMMAND: POST /session/771d3c9ffdb5f6a869ae0a3bf138e088/elements - {"using":"xpath","value":"//bdi[text()=\"OK\"]"}
RESULT: {"using":"xpath","value":"//bdi[text()=\"OK\"]"}
COMMAND: POST /session/771d3c9ffdb5f6a869ae0a3bf138e088/elements - {"using":"xpath","value":"//bdi[text()=\"OK\"]"}
RESULT: {"using":"xpath","value":"//bdi[text()=\"OK\"]"}
COMMAND: POST /session/771d3c9ffdb5f6a869ae0a3bf138e088/elements - {"using":"xpath","value":"//bdi[text()=\"OK\"]"}
RESULT: {"using":"xpath","value":"//bdi[text()=\"OK\"]"}
COMMAND: POST /session/771d3c9ffdb5f6a869ae0a3bf138e088/elements - {"using":"xpath","value":"//bdi[text()=\"OK\"]"}
RESULT: {"using":"xpath","value":"//bdi[text()=\"OK\"]"}
COMMAND: POST /session/771d3c9ffdb5f6a869ae0a3bf138e088/elements - {"using":"xpath","value":"//bdi[text()=\"OK\"]"}
RESULT: {"using":"xpath","value":"//bdi[text()=\"OK\"]"}
COMMAND: POST /session/771d3c9ffdb5f6a869ae0a3bf138e088/elements - {"using":"xpath","value":"//bdi[text()=\"OK\"]"}
RESULT: {"using":"xpath","value":"//bdi[text()=\"OK\"]"}
COMMAND: POST /session/771d3c9ffdb5f6a869ae0a3bf138e088/elements - {"using":"xpath","value":"//bdi[text()=\"OK\"]"}
RESULT: {"using":"xpath","value":"//bdi[text()=\"OK\"]"}
COMMAND: POST /session/771d3c9ffdb5f6a869ae0a3bf138e088/elements - {"using":"xpath","value":"//bdi[text()=\"OK\"]"}
RESULT: {"using":"xpath","value":"//bdi[text()=\"OK\"]"}
COMMAND: POST /session/771d3c9ffdb5f6a869ae0a3bf138e088/elements - {"using":"xpath","value":"//bdi[text()=\"OK\"]"}
RESULT: {"using":"xpath","value":"//bdi[text()=\"OK\"]"}
COMMAND: POST /session/771d3c9ffdb5f6a869ae0a3bf138e088/elements - {"using":"xpath","value":"//bdi[text()=\"OK\"]"}
RESULT: {"using":"xpath","value":"//bdi[text()=\"OK\"]"}
COMMAND: POST /session/771d3c9ffdb5f6a869ae0a3bf138e088/elements - {"using":"xpath","value":"//bdi[text()=\"OK\"]"}
RESULT: {"using":"xpath","value":"//bdi[text()=\"OK\"]"}
COMMAND: POST /session/771d3c9ffdb5f6a869ae0a3bf138e088/elements - {"using":"xpath","value":"//bdi[text()=\"OK\"]"}
RESULT: {"using":"xpath","value":"//bdi[text()=\"OK\"]"}
COMMAND: POST /session/771d3c9ffdb5f6a869ae0a3bf138e088/elements - {"using":"xpath","value":"//bdi[text()=\"OK\"]"}
RESULT: {"using":"xpath","value":"//bdi[text()=\"OK\"]"}
COMMAND: POST /session/771d3c9ffdb5f6a869ae0a3bf138e088/elements - {"using":"xpath","value":"//bdi[text()=\"OK\"]"}
RESULT: {"using":"xpath","value":"//bdi[text()=\"OK\"]"}
COMMAND: POST /session/771d3c9ffdb5f6a869ae0a3bf138e088/elements - {"using":"xpath","value":"//bdi[text()=\"OK\"]"}
RESULT: {"using":"xpath","value":"//bdi[text()=\"OK\"]"}
COMMAND: POST /session/771d3c9ffdb5f6a869ae0a3bf138e088/elements - {"using":"xpath","value":"//bdi[text()=\"OK\"]"}
RESULT: {"using":"xpath","value":"//bdi[text()=\"OK\"]"}
COMMAND: POST /session/771d3c9ffdb5f6a869ae0a3bf138e088/elements - {"using":"xpath","value":"//bdi[text()=\"OK\"]"}
RESULT: {"using":"xpath","value":"//bdi[text()=\"OK\"]"}
COMMAND: POST /session/771d3c9ffdb5f6a869ae0a3bf138e088/elements - {"using":"xpath","value":"//bdi[text()=\"OK\"]"}
RESULT: {"using":"xpath","value":"//bdi[text()=\"OK\"]"}
COMMAND: POST /session/771d3c9ffdb5f6a869ae0a3bf138e088/elements - {"using":"xpath","value":"//bdi[text()=\"OK\"]"}
RESULT: {"using":"xpath","value":"//bdi[text()=\"OK\"]"}
COMMAND: POST /session/771d3c9ffdb5f6a869ae0a3bf138e088/elements - {"using":"xpath","value":"//bdi[text()=\"OK\"]"}
RESULT: {"using":"xpath","value":"//bdi[text()=\"OK\"]"}
COMMAND: POST /session/771d3c9ffdb5f6a869ae0a3bf138e088/elements - {"using":"xpath","value":"//bdi[text()=\"OK\"]"}
RESULT: {"using":"xpath","value":"//bdi[text()=\"OK\"]"}
COMMAND: POST /session/771d3c9ffdb5f6a869ae0a3bf138e088/elements - {"using":"xpath","value":"//bdi[text()=\"OK\"]"}
RESULT: {"using":"xpath","value":"//bdi[text()=\"OK\"]"}
COMMAND: POST /session/771d3c9ffdb5f6a869ae0a3bf138e088/elements - {"using":"xpath","value":"//bdi[text()=\"OK\"]"}
RESULT: {"using":"xpath","value":"//bdi[text()=\"OK\"]"}
COMMAND: POST /session/771d3c9ffdb5f6a869ae0a3bf138e088/elements - {"using":"xpath","value":"//bdi[text()=\"OK\"]"}
RESULT: {"using":"xpath","value":"//bdi[text()=\"OK\"]"}
COMMAND: POST /session/771d3c9ffdb5f6a869ae0a3bf138e088/elements - {"using":"xpath","value":"//bdi[text()=\"OK\"]"}
RESULT: {"using":"xpath","value":"//bdi[text()=\"OK\"]"}
COMMAND: POST /session/771d3c9ffdb5f6a869ae0a3bf138e088/elements - {"using":"xpath","value":"//bdi[text()=\"OK\"]"}
RESULT: {"using":"xpath","value":"//bdi[text()=\"OK\"]"}
COMMAND: POST /session/771d3c9ffdb5f6a869ae0a3bf138e088/elements - {"using":"xpath","value":"//bdi[text()=\"OK\"]"}
RESULT: {"using":"xpath","value":"//bdi[text()=\"OK\"]"}
COMMAND: POST /session/771d3c9ffdb5f6a869ae0a3bf138e088/elements - {"using":"xpath","value":"//bdi[text()=\"OK\"]"}
RESULT: {"using":"xpath","value":"//bdi[text()=\"OK\"]"}
COMMAND: POST /session/771d3c9ffdb5f6a869ae0a3bf138e088/elements - {"using":"xpath","value":"//bdi[text()=\"OK\"]"}
RESULT: {"using":"xpath","value":"//bdi[text()=\"OK\"]"}
COMMAND: POST /session/771d3c9ffdb5f6a869ae0a3bf138e088/elements - {"using":"xpath","value":"//bdi[text()=\"OK\"]"}
RESULT: {"using":"xpath","value":"//bdi[text()=\"OK\"]"}
COMMAND: POST /session/771d3c9ffdb5f6a869ae0a3bf138e088/elements - {"using":"xpath","value":"//bdi[text()=\"OK\"]"}
RESULT: {"using":"xpath","value":"//bdi[text()=\"OK\"]"}
COMMAND: POST /session/771d3c9ffdb5f6a869ae0a3bf138e088/elements - {"using":"xpath","value":"//bdi[text()=\"OK\"]"}
RESULT: {"using":"xpath","value":"//bdi[text()=\"OK\"]"}
COMMAND: POST /session/771d3c9ffdb5f6a869ae0a3bf138e088/elements - {"using":"xpath","value":"//bdi[text()=\"OK\"]"}
RESULT: {"using":"xpath","value":"//bdi[text()=\"OK\"]"}
COMMAND: POST /session/771d3c9ffdb5f6a869ae0a3bf138e088/elements - {"using":"xpath","value":"//bdi[text()=\"OK\"]"}
RESULT: {"using":"xpath","value":"//bdi[text()=\"OK\"]"}
COMMAND: POST /session/771d3c9ffdb5f6a869ae0a3bf138e088/elements - {"using":"xpath","value":"//bdi[text()=\"OK\"]"}
RESULT: {"using":"xpath","value":"//bdi[text()=\"OK\"]"}
COMMAND: POST /session/771d3c9ffdb5f6a869ae0a3bf138e088/elements - {"using":"xpath","value":"//bdi[text()=\"OK\"]"}
RESULT: {"using":"xpath","value":"//bdi[text()=\"OK\"]"}
COMMAND: POST /session/771d3c9ffdb5f6a869ae0a3bf138e088/elements - {"using":"xpath","value":"//bdi[text()=\"OK\"]"}
RESULT: {"using":"xpath","value":"//bdi[text()=\"OK\"]"}
COMMAND: POST /session/771d3c9ffdb5f6a869ae0a3bf138e088/elements - {"using":"xpath","value":"//bdi[text()=\"OK\"]"}
RESULT: {"using":"xpath","value":"//bdi[text()=\"OK\"]"}
COMMAND: POST /session/771d3c9ffdb5f6a869ae0a3bf138e088/elements - {"using":"xpath","value":"//bdi[text()=\"OK\"]"}
RESULT: {"using":"xpath","value":"//bdi[text()=\"OK\"]"}
COMMAND: POST /session/771d3c9ffdb5f6a869ae0a3bf138e088/elements - {"using":"xpath","value":"//bdi[text()=\"OK\"]"}
RESULT: {"using":"xpath","value":"//bdi[text()=\"OK\"]"}
COMMAND: POST /session/771d3c9ffdb5f6a869ae0a3bf138e088/elements - {"using":"xpath","value":"//bdi[text()=\"OK\"]"}
RESULT: {"using":"xpath","value":"//bdi[text()=\"OK\"]"}
COMMAND: POST /session/771d3c9ffdb5f6a869ae0a3bf138e088/elements - {"using":"xpath","value":"//bdi[text()=\"OK\"]"}
RESULT: {"using":"xpath","value":"//bdi[text()=\"OK\"]"}
COMMAND: POST /session/771d3c9ffdb5f6a869ae0a3bf138e088/elements - {"using":"xpath","value":"//bdi[text()=\"OK\"]"}
RESULT: {"using":"xpath","value":"//bdi[text()=\"OK\"]"}
COMMAND: POST /session/771d3c9ffdb5f6a869ae0a3bf138e088/elements - {"using":"xpath","value":"//bdi[text()=\"OK\"]"}
RESULT: {"using":"xpath","value":"//bdi[text()=\"OK\"]"}
COMMAND: POST /session/771d3c9ffdb5f6a869ae0a3bf138e088/elements - {"using":"xpath","value":"//bdi[text()=\"OK\"]"}
RESULT: {"using":"xpath","value":"//bdi[text()=\"OK\"]"}
COMMAND: POST /session/771d3c9ffdb5f6a869ae0a3bf138e088/elements - {"using":"xpath","value":"//bdi[text()=\"OK\"]"}
RESULT: {"using":"xpath","value":"//bdi[text()=\"OK\"]"}
COMMAND: POST /session/771d3c9ffdb5f6a869ae0a3bf138e088/elements - {"using":"xpath","value":"//bdi[text()=\"OK\"]"}
RESULT: {"using":"xpath","value":"//bdi[text()=\"OK\"]"}
COMMAND: POST /session/771d3c9ffdb5f6a869ae0a3bf138e088/elements - {"using":"xpath","value":"//bdi[text()=\"OK\"]"}
RESULT: {"using":"xpath","value":"//bdi[text()=\"OK\"]"}
COMMAND: POST /session/771d3c9ffdb5f6a869ae0a3bf138e088/elements - {"using":"xpath","value":"//bdi[text()=\"OK\"]"}
RESULT: {"using":"xpath","value":"//bdi[text()=\"OK\"]"}
COMMAND: POST /session/771d3c9ffdb5f6a869ae0a3bf138e088/elements - {"using":"xpath","value":"//bdi[text()=\"OK\"]"}
RESULT: {"using":"xpath","value":"//bdi[text()=\"OK\"]"}
COMMAND: POST /session/771d3c9ffdb5f6a869ae0a3bf138e088/elements - {"using":"xpath","value":"//bdi[text()=\"OK\"]"}
RESULT: {"using":"xpath","value":"//bdi[text()=\"OK\"]"}
COMMAND: POST /session/771d3c9ffdb5f6a869ae0a3bf138e088/elements - {"using":"xpath","value":"//bdi[text()=\"OK\"]"}
RESULT: {"using":"xpath","value":"//bdi[text()=\"OK\"]"}
COMMAND: POST /session/771d3c9ffdb5f6a869ae0a3bf138e088/elements - {"using":"xpath","value":"//bdi[text()=\"OK\"]"}
RESULT: {"using":"xpath","value":"//bdi[text()=\"OK\"]"}
COMMAND: POST /session/771d3c9ffdb5f6a869ae0a3bf138e088/elements - {"using":"xpath","value":"//bdi[text()=\"OK\"]"}
RESULT: {"using":"xpath","value":"//bdi[text()=\"OK\"]"}
COMMAND: POST /session/771d3c9ffdb5f6a869ae0a3bf138e088/elements - {"using":"xpath","value":"//bdi[text()=\"OK\"]"}
RESULT: {"using":"xpath","value":"//bdi[text()=\"OK\"]"}
COMMAND: POST /session/771d3c9ffdb5f6a869ae0a3bf138e088/elements - {"using":"xpath","value":"//bdi[text()=\"OK\"]"}
RESULT: {"using":"xpath","value":"//bdi[text()=\"OK\"]"}
COMMAND: POST /session/771d3c9ffdb5f6a869ae0a3bf138e088/elements - {"using":"xpath","value":"//bdi[text()=\"OK\"]"}
RESULT: {"using":"xpath","value":"//bdi[text()=\"OK\"]"}
COMMAND: POST /session/771d3c9ffdb5f6a869ae0a3bf138e088/elements - {"using":"xpath","value":"//bdi[text()=\"OK\"]"}
RESULT: {"using":"xpath","value":"//bdi[text()=\"OK\"]"}
COMMAND: POST /session/771d3c9ffdb5f6a869ae0a3bf138e088/elements - {"using":"xpath","value":"//bdi[text()=\"OK\"]"}
RESULT: {"using":"xpath","value":"//bdi[text()=\"OK\"]"}
COMMAND: POST /session/771d3c9ffdb5f6a869ae0a3bf138e088/elements - {"using":"xpath","value":"//bdi[text()=\"OK\"]"}
RESULT: {"using":"xpath","value":"//bdi[text()=\"OK\"]"}
COMMAND: POST /session/771d3c9ffdb5f6a869ae0a3bf138e088/elements - {"using":"xpath","value":"//bdi[text()=\"OK\"]"}
RESULT: {"using":"xpath","value":"//bdi[text()=\"OK\"]"}
COMMAND: POST /session/771d3c9ffdb5f6a869ae0a3bf138e088/elements - {"using":"xpath","value":"//bdi[text()=\"OK\"]"}
RESULT: {"using":"xpath","value":"//bdi[text()=\"OK\"]"}
COMMAND: POST /session/771d3c9ffdb5f6a869ae0a3bf138e088/elements - {"using":"xpath","value":"//bdi[text()=\"OK\"]"}
RESULT: {"using":"xpath","value":"//bdi[text()=\"OK\"]"}
COMMAND: POST /session/771d3c9ffdb5f6a869ae0a3bf138e088/elements - {"using":"xpath","value":"//bdi[text()=\"OK\"]"}
RESULT: {"using":"xpath","value":"//bdi[text()=\"OK\"]"}
COMMAND: POST /session/771d3c9ffdb5f6a869ae0a3bf138e088/elements - {"using":"xpath","value":"//bdi[text()=\"OK\"]"}
RESULT: {"using":"xpath","value":"//bdi[text()=\"OK\"]"}
COMMAND: POST /session/771d3c9ffdb5f6a869ae0a3bf138e088/elements - {"using":"xpath","value":"//bdi[text()=\"OK\"]"}
RESULT: {"using":"xpath","value":"//bdi[text()=\"OK\"]"}
COMMAND: POST /session/771d3c9ffdb5f6a869ae0a3bf138e088/elements - {"using":"xpath","value":"//bdi[text()=\"OK\"]"}
RESULT: {"using":"xpath","value":"//bdi[text()=\"OK\"]"}
COMMAND: POST /session/771d3c9ffdb5f6a869ae0a3bf138e088/elements - {"using":"xpath","value":"//bdi[text()=\"OK\"]"}
RESULT: {"using":"xpath","value":"//bdi[text()=\"OK\"]"}
COMMAND: POST /session/771d3c9ffdb5f6a869ae0a3bf138e088/elements - {"using":"xpath","value":"//bdi[text()=\"OK\"]"}
RESULT: {"using":"xpath","value":"//bdi[text()=\"OK\"]"}
COMMAND: POST /session/771d3c9ffdb5f6a869ae0a3bf138e088/elements - {"using":"xpath","value":"//bdi[text()=\"OK\"]"}
RESULT: {"using":"xpath","value":"//bdi[text()=\"OK\"]"}
COMMAND: POST /session/771d3c9ffdb5f6a869ae0a3bf138e088/elements - {"using":"xpath","value":"//bdi[text()=\"OK\"]"}
RESULT: {"using":"xpath","value":"//bdi[text()=\"OK\"]"}
COMMAND: POST /session/771d3c9ffdb5f6a869ae0a3bf138e088/elements - {"using":"xpath","value":"//bdi[text()=\"OK\"]"}
RESULT: {"using":"xpath","value":"//bdi[text()=\"OK\"]"}
COMMAND: POST /session/771d3c9ffdb5f6a869ae0a3bf138e088/elements - {"using":"xpath","value":"//bdi[text()=\"OK\"]"}
RESULT: {"using":"xpath","value":"//bdi[text()=\"OK\"]"}
COMMAND: POST /session/771d3c9ffdb5f6a869ae0a3bf138e088/elements - {"using":"xpath","value":"//bdi[text()=\"OK\"]"}
RESULT: {"using":"xpath","value":"//bdi[text()=\"OK\"]"}
COMMAND: POST /session/771d3c9ffdb5f6a869ae0a3bf138e088/elements - {"using":"xpath","value":"//bdi[text()=\"OK\"]"}
RESULT: {"using":"xpath","value":"//bdi[text()=\"OK\"]"}
COMMAND: POST /session/771d3c9ffdb5f6a869ae0a3bf138e088/elements - {"using":"xpath","value":"//bdi[text()=\"OK\"]"}
RESULT: {"using":"xpath","value":"//bdi[text()=\"OK\"]"}
COMMAND: POST /session/771d3c9ffdb5f6a869ae0a3bf138e088/elements - {"using":"xpath","value":"//bdi[text()=\"OK\"]"}
RESULT: {"using":"xpath","value":"//bdi[text()=\"OK\"]"}
COMMAND: POST /session/771d3c9ffdb5f6a869ae0a3bf138e088/elements - {"using":"xpath","value":"//bdi[text()=\"OK\"]"}
RESULT: {"using":"xpath","value":"//bdi[text()=\"OK\"]"}
COMMAND: POST /session/771d3c9ffdb5f6a869ae0a3bf138e088/elements - {"using":"xpath","value":"//bdi[text()=\"OK\"]"}
RESULT: {"using":"xpath","value":"//bdi[text()=\"OK\"]"}
COMMAND: POST /session/771d3c9ffdb5f6a869ae0a3bf138e088/elements - {"using":"xpath","value":"//bdi[text()=\"OK\"]"}
RESULT: {"using":"xpath","value":"//bdi[text()=\"OK\"]"}
COMMAND: POST /session/771d3c9ffdb5f6a869ae0a3bf138e088/elements - {"using":"xpath","value":"//bdi[text()=\"OK\"]"}
RESULT: {"using":"xpath","value":"//bdi[text()=\"OK\"]"}
COMMAND: POST /session/771d3c9ffdb5f6a869ae0a3bf138e088/elements - {"using":"xpath","value":"//bdi[text()=\"OK\"]"}
RESULT: {"using":"xpath","value":"//bdi[text()=\"OK\"]"}
COMMAND: POST /session/771d3c9ffdb5f6a869ae0a3bf138e088/elements - {"using":"xpath","value":"//bdi[text()=\"OK\"]"}
RESULT: {"using":"xpath","value":"//bdi[text()=\"OK\"]"}
COMMAND: POST /session/771d3c9ffdb5f6a869ae0a3bf138e088/elements - {"using":"xpath","value":"//bdi[text()=\"OK\"]"}
RESULT: {"using":"xpath","value":"//bdi[text()=\"OK\"]"}
COMMAND: POST /session/771d3c9ffdb5f6a869ae0a3bf138e088/elements - {"using":"xpath","value":"//bdi[text()=\"OK\"]"}
RESULT: {"using":"xpath","value":"//bdi[text()=\"OK\"]"}
COMMAND: POST /session/771d3c9ffdb5f6a869ae0a3bf138e088/elements - {"using":"xpath","value":"//bdi[text()=\"OK\"]"}
RESULT: {"using":"xpath","value":"//bdi[text()=\"OK\"]"}
COMMAND: POST /session/771d3c9ffdb5f6a869ae0a3bf138e088/elements - {"using":"xpath","value":"//bdi[text()=\"OK\"]"}
RESULT: {"using":"xpath","value":"//bdi[text()=\"OK\"]"}
COMMAND: POST /session/771d3c9ffdb5f6a869ae0a3bf138e088/elements - {"using":"xpath","value":"//bdi[text()=\"OK\"]"}
RESULT: {"using":"xpath","value":"//bdi[text()=\"OK\"]"}
COMMAND: POST /session/771d3c9ffdb5f6a869ae0a3bf138e088/elements - {"using":"xpath","value":"//bdi[text()=\"OK\"]"}
RESULT: {"using":"xpath","value":"//bdi[text()=\"OK\"]"}
COMMAND: POST /session/771d3c9ffdb5f6a869ae0a3bf138e088/elements - {"using":"xpath","value":"//bdi[text()=\"OK\"]"}
RESULT: {"using":"xpath","value":"//bdi[text()=\"OK\"]"}
COMMAND: POST /session/771d3c9ffdb5f6a869ae0a3bf138e088/elements - {"using":"xpath","value":"//bdi[text()=\"OK\"]"}
RESULT: {"using":"xpath","value":"//bdi[text()=\"OK\"]"}
COMMAND: POST /session/771d3c9ffdb5f6a869ae0a3bf138e088/elements - {"using":"xpath","value":"//bdi[text()=\"OK\"]"}
RESULT: {"using":"xpath","value":"//bdi[text()=\"OK\"]"}
COMMAND: POST /session/771d3c9ffdb5f6a869ae0a3bf138e088/elements - {"using":"xpath","value":"//bdi[text()=\"OK\"]"}
RESULT: {"using":"xpath","value":"//bdi[text()=\"OK\"]"}
COMMAND: POST /session/771d3c9ffdb5f6a869ae0a3bf138e088/elements - {"using":"xpath","value":"//bdi[text()=\"OK\"]"}
RESULT: {"using":"xpath","value":"//bdi[text()=\"OK\"]"}
COMMAND: POST /session/771d3c9ffdb5f6a869ae0a3bf138e088/elements - {"using":"xpath","value":"//bdi[text()=\"OK\"]"}
RESULT: {"using":"xpath","value":"//bdi[text()=\"OK\"]"}
COMMAND: POST /session/771d3c9ffdb5f6a869ae0a3bf138e088/elements - {"using":"xpath","value":"//bdi[text()=\"OK\"]"}
RESULT: {"using":"xpath","value":"//bdi[text()=\"OK\"]"}
COMMAND: POST /session/771d3c9ffdb5f6a869ae0a3bf138e088/element - {"using":"xpath","value":"//bdi[text()=\"OK\"]"}
RESULT: {"using":"xpath","value":"//bdi[text()=\"OK\"]"}
COMMAND: POST /session/771d3c9ffdb5f6a869ae0a3bf138e088/elements - {"using":"xpath","value":"//bdi[text()=\"OK\"]"}
RESULT: {"using":"xpath","value":"//bdi[text()=\"OK\"]"}
COMMAND: POST /session/771d3c9ffdb5f6a869ae0a3bf138e088/elements - {"using":"xpath","value":"//bdi[text()=\"OK\"]"}
RESULT: {"using":"xpath","value":"//bdi[text()=\"OK\"]"}
COMMAND: POST /session/771d3c9ffdb5f6a869ae0a3bf138e088/elements - {"using":"xpath","value":"//bdi[text()=\"OK\"]"}
RESULT: {"using":"xpath","value":"//bdi[text()=\"OK\"]"}
COMMAND: POST /session/771d3c9ffdb5f6a869ae0a3bf138e088/elements - {"using":"xpath","value":"//bdi[text()=\"OK\"]"}
RESULT: {"using":"xpath","value":"//bdi[text()=\"OK\"]"}
COMMAND: POST /session/771d3c9ffdb5f6a869ae0a3bf138e088/elements - {"using":"xpath","value":"//bdi[text()=\"OK\"]"}
RESULT: {"using":"xpath","value":"//bdi[text()=\"OK\"]"}
COMMAND: POST /session/771d3c9ffdb5f6a869ae0a3bf138e088/elements - {"using":"xpath","value":"//bdi[text()=\"OK\"]"}
RESULT: {"using":"xpath","value":"//bdi[text()=\"OK\"]"}
COMMAND: POST /session/771d3c9ffdb5f6a869ae0a3bf138e088/elements - {"using":"xpath","value":"//bdi[text()=\"OK\"]"}
RESULT: {"using":"xpath","value":"//bdi[text()=\"OK\"]"}
COMMAND: POST /session/771d3c9ffdb5f6a869ae0a3bf138e088/elements - {"using":"xpath","value":"//bdi[text()=\"OK\"]"}
RESULT: {"using":"xpath","value":"//bdi[text()=\"OK\"]"}
COMMAND: POST /session/771d3c9ffdb5f6a869ae0a3bf138e088/elements - {"using":"xpath","value":"//bdi[text()=\"OK\"]"}
RESULT: {"using":"xpath","value":"//bdi[text()=\"OK\"]"}
COMMAND: POST /session/771d3c9ffdb5f6a869ae0a3bf138e088/elements - {"using":"xpath","value":"//bdi[text()=\"OK\"]"}
RESULT: {"using":"xpath","value":"//bdi[text()=\"OK\"]"}
COMMAND: POST /session/771d3c9ffdb5f6a869ae0a3bf138e088/elements - {"using":"xpath","value":"//bdi[text()=\"OK\"]"}
RESULT: {"using":"xpath","value":"//bdi[text()=\"OK\"]"}
COMMAND: POST /session/771d3c9ffdb5f6a869ae0a3bf138e088/elements - {"using":"xpath","value":"//bdi[text()=\"OK\"]"}
RESULT: {"using":"xpath","value":"//bdi[text()=\"OK\"]"}
COMMAND: POST /session/771d3c9ffdb5f6a869ae0a3bf138e088/elements - {"using":"xpath","value":"//bdi[text()=\"OK\"]"}
RESULT: {"using":"xpath","value":"//bdi[text()=\"OK\"]"}
COMMAND: POST /session/771d3c9ffdb5f6a869ae0a3bf138e088/elements - {"using":"xpath","value":"//bdi[text()=\"OK\"]"}
RESULT: {"using":"xpath","value":"//bdi[text()=\"OK\"]"}
COMMAND: POST /session/771d3c9ffdb5f6a869ae0a3bf138e088/elements - {"using":"xpath","value":"//bdi[text()=\"OK\"]"}
RESULT: {"using":"xpath","value":"//bdi[text()=\"OK\"]"}
COMMAND: POST /session/771d3c9ffdb5f6a869ae0a3bf138e088/elements - {"using":"xpath","value":"//bdi[text()=\"OK\"]"}
RESULT: {"using":"xpath","value":"//bdi[text()=\"OK\"]"}
COMMAND: POST /session/771d3c9ffdb5f6a869ae0a3bf138e088/elements - {"using":"xpath","value":"//bdi[text()=\"OK\"]"}
RESULT: {"using":"xpath","value":"//bdi[text()=\"OK\"]"}
COMMAND: POST /session/771d3c9ffdb5f6a869ae0a3bf138e088/elements - {"using":"xpath","value":"//bdi[text()=\"OK\"]"}
RESULT: {"using":"xpath","value":"//bdi[text()=\"OK\"]"}
COMMAND: POST /session/771d3c9ffdb5f6a869ae0a3bf138e088/elements - {"using":"xpath","value":"//bdi[text()=\"OK\"]"}
RESULT: {"using":"xpath","value":"//bdi[text()=\"OK\"]"}
COMMAND: POST /session/771d3c9ffdb5f6a869ae0a3bf138e088/elements - {"using":"xpath","value":"//bdi[text()=\"OK\"]"}
RESULT: {"using":"xpath","value":"//bdi[text()=\"OK\"]"}
COMMAND: POST /session/771d3c9ffdb5f6a869ae0a3bf138e088/elements - {"using":"xpath","value":"//bdi[text()=\"OK\"]"}
RESULT: {"using":"xpath","value":"//bdi[text()=\"OK\"]"}
COMMAND: POST /session/771d3c9ffdb5f6a869ae0a3bf138e088/elements - {"using":"xpath","value":"//bdi[text()=\"OK\"]"}
RESULT: {"using":"xpath","value":"//bdi[text()=\"OK\"]"}
COMMAND: POST /session/771d3c9ffdb5f6a869ae0a3bf138e088/elements - {"using":"xpath","value":"//bdi[text()=\"OK\"]"}
RESULT: {"using":"xpath","value":"//bdi[text()=\"OK\"]"}
COMMAND: POST /session/771d3c9ffdb5f6a869ae0a3bf138e088/elements - {"using":"xpath","value":"//bdi[text()=\"OK\"]"}
RESULT: {"using":"xpath","value":"//bdi[text()=\"OK\"]"}
COMMAND: POST /session/771d3c9ffdb5f6a869ae0a3bf138e088/elements - {"using":"xpath","value":"//bdi[text()=\"OK\"]"}
RESULT: {"using":"xpath","value":"//bdi[text()=\"OK\"]"}
COMMAND: POST /session/771d3c9ffdb5f6a869ae0a3bf138e088/elements - {"using":"xpath","value":"//bdi[text()=\"OK\"]"}
RESULT: {"using":"xpath","value":"//bdi[text()=\"OK\"]"}
COMMAND: POST /session/771d3c9ffdb5f6a869ae0a3bf138e088/elements - {"using":"xpath","value":"//bdi[text()=\"OK\"]"}
RESULT: {"using":"xpath","value":"//bdi[text()=\"OK\"]"}
COMMAND: POST /session/771d3c9ffdb5f6a869ae0a3bf138e088/elements - {"using":"xpath","value":"//bdi[text()=\"OK\"]"}
RESULT: {"using":"xpath","value":"//bdi[text()=\"OK\"]"}
COMMAND: POST /session/771d3c9ffdb5f6a869ae0a3bf138e088/elements - {"using":"xpath","value":"//bdi[text()=\"OK\"]"}
RESULT: {"using":"xpath","value":"//bdi[text()=\"OK\"]"}
COMMAND: POST /session/771d3c9ffdb5f6a869ae0a3bf138e088/elements - {"using":"xpath","value":"//bdi[text()=\"OK\"]"}
RESULT: {"using":"xpath","value":"//bdi[text()=\"OK\"]"}
COMMAND: POST /session/771d3c9ffdb5f6a869ae0a3bf138e088/elements - {"using":"xpath","value":"//bdi[text()=\"OK\"]"}
RESULT: {"using":"xpath","value":"//bdi[text()=\"OK\"]"}
COMMAND: POST /session/771d3c9ffdb5f6a869ae0a3bf138e088/elements - {"using":"xpath","value":"//bdi[text()=\"OK\"]"}
RESULT: {"using":"xpath","value":"//bdi[text()=\"OK\"]"}
COMMAND: POST /session/771d3c9ffdb5f6a869ae0a3bf138e088/elements - {"using":"xpath","value":"//bdi[text()=\"OK\"]"}
RESULT: {"using":"xpath","value":"//bdi[text()=\"OK\"]"}
COMMAND: POST /session/771d3c9ffdb5f6a869ae0a3bf138e088/elements - {"using":"xpath","value":"//bdi[text()=\"OK\"]"}
RESULT: {"using":"xpath","value":"//bdi[text()=\"OK\"]"}
COMMAND: POST /session/771d3c9ffdb5f6a869ae0a3bf138e088/elements - {"using":"xpath","value":"//bdi[text()=\"OK\"]"}
RESULT: {"using":"xpath","value":"//bdi[text()=\"OK\"]"}
COMMAND: POST /session/771d3c9ffdb5f6a869ae0a3bf138e088/elements - {"using":"xpath","value":"//bdi[text()=\"OK\"]"}
RESULT: {"using":"xpath","value":"//bdi[text()=\"OK\"]"}
COMMAND: POST /session/771d3c9ffdb5f6a869ae0a3bf138e088/elements - {"using":"xpath","value":"//bdi[text()=\"OK\"]"}
RESULT: {"using":"xpath","value":"//bdi[text()=\"OK\"]"}
COMMAND: POST /session/771d3c9ffdb5f6a869ae0a3bf138e088/elements - {"using":"xpath","value":"//bdi[text()=\"OK\"]"}
RESULT: {"using":"xpath","value":"//bdi[text()=\"OK\"]"}
COMMAND: POST /session/771d3c9ffdb5f6a869ae0a3bf138e088/elements - {"using":"xpath","value":"//bdi[text()=\"OK\"]"}
RESULT: {"using":"xpath","value":"//bdi[text()=\"OK\"]"}
COMMAND: POST /session/771d3c9ffdb5f6a869ae0a3bf138e088/elements - {"using":"xpath","value":"//bdi[text()=\"OK\"]"}
RESULT: {"using":"xpath","value":"//bdi[text()=\"OK\"]"}
COMMAND: POST /session/771d3c9ffdb5f6a869ae0a3bf138e088/elements - {"using":"xpath","value":"//bdi[text()=\"OK\"]"}
RESULT: {"using":"xpath","value":"//bdi[text()=\"OK\"]"}
COMMAND: POST /session/771d3c9ffdb5f6a869ae0a3bf138e088/elements - {"using":"xpath","value":"//bdi[text()=\"OK\"]"}
RESULT: {"using":"xpath","value":"//bdi[text()=\"OK\"]"}
COMMAND: POST /session/771d3c9ffdb5f6a869ae0a3bf138e088/elements - {"using":"xpath","value":"//bdi[text()=\"OK\"]"}
RESULT: {"using":"xpath","value":"//bdi[text()=\"OK\"]"}
COMMAND: POST /session/771d3c9ffdb5f6a869ae0a3bf138e088/elements - {"using":"xpath","value":"//bdi[text()=\"OK\"]"}
RESULT: {"using":"xpath","value":"//bdi[text()=\"OK\"]"}
COMMAND: POST /session/771d3c9ffdb5f6a869ae0a3bf138e088/elements - {"using":"xpath","value":"//bdi[text()=\"OK\"]"}
RESULT: {"using":"xpath","value":"//bdi[text()=\"OK\"]"}
COMMAND: POST /session/771d3c9ffdb5f6a869ae0a3bf138e088/elements - {"using":"xpath","value":"//bdi[text()=\"OK\"]"}
RESULT: {"using":"xpath","value":"//bdi[text()=\"OK\"]"}
COMMAND: POST /session/771d3c9ffdb5f6a869ae0a3bf138e088/elements - {"using":"xpath","value":"//bdi[text()=\"OK\"]"}
RESULT: {"using":"xpath","value":"//bdi[text()=\"OK\"]"}
COMMAND: POST /session/771d3c9ffdb5f6a869ae0a3bf138e088/elements - {"using":"xpath","value":"//bdi[text()=\"OK\"]"}
RESULT: {"using":"xpath","value":"//bdi[text()=\"OK\"]"}
COMMAND: POST /session/771d3c9ffdb5f6a869ae0a3bf138e088/elements - {"using":"xpath","value":"//bdi[text()=\"OK\"]"}
RESULT: {"using":"xpath","value":"//bdi[text()=\"OK\"]"}
COMMAND: POST /session/771d3c9ffdb5f6a869ae0a3bf138e088/elements - {"using":"xpath","value":"//bdi[text()=\"OK\"]"}
RESULT: {"using":"xpath","value":"//bdi[text()=\"OK\"]"}
COMMAND: POST /session/771d3c9ffdb5f6a869ae0a3bf138e088/elements - {"using":"xpath","value":"//bdi[text()=\"OK\"]"}
RESULT: {"using":"xpath","value":"//bdi[text()=\"OK\"]"}
COMMAND: POST /session/771d3c9ffdb5f6a869ae0a3bf138e088/elements - {"using":"xpath","value":"//bdi[text()=\"OK\"]"}
RESULT: {"using":"xpath","value":"//bdi[text()=\"OK\"]"}
COMMAND: POST /session/771d3c9ffdb5f6a869ae0a3bf138e088/elements - {"using":"xpath","value":"//bdi[text()=\"OK\"]"}
RESULT: {"using":"xpath","value":"//bdi[text()=\"OK\"]"}
COMMAND: POST /session/771d3c9ffdb5f6a869ae0a3bf138e088/elements - {"using":"xpath","value":"//bdi[text()=\"OK\"]"}
RESULT: {"using":"xpath","value":"//bdi[text()=\"OK\"]"}
COMMAND: POST /session/771d3c9ffdb5f6a869ae0a3bf138e088/elements - {"using":"xpath","value":"//bdi[text()=\"OK\"]"}
RESULT: {"using":"xpath","value":"//bdi[text()=\"OK\"]"}
COMMAND: POST /session/771d3c9ffdb5f6a869ae0a3bf138e088/elements - {"using":"xpath","value":"//bdi[text()=\"OK\"]"}
RESULT: {"using":"xpath","value":"//bdi[text()=\"OK\"]"}
COMMAND: POST /session/771d3c9ffdb5f6a869ae0a3bf138e088/elements - {"using":"xpath","value":"//bdi[text()=\"OK\"]"}
RESULT: {"using":"xpath","value":"//bdi[text()=\"OK\"]"}
COMMAND: POST /session/771d3c9ffdb5f6a869ae0a3bf138e088/elements - {"using":"xpath","value":"//bdi[text()=\"OK\"]"}
RESULT: {"using":"xpath","value":"//bdi[text()=\"OK\"]"}
COMMAND: POST /session/771d3c9ffdb5f6a869ae0a3bf138e088/elements - {"using":"xpath","value":"//bdi[text()=\"OK\"]"}
RESULT: {"using":"xpath","value":"//bdi[text()=\"OK\"]"}
COMMAND: POST /session/771d3c9ffdb5f6a869ae0a3bf138e088/elements - {"using":"xpath","value":"//bdi[text()=\"OK\"]"}
RESULT: {"using":"xpath","value":"//bdi[text()=\"OK\"]"}
COMMAND: POST /session/771d3c9ffdb5f6a869ae0a3bf138e088/elements - {"using":"xpath","value":"//bdi[text()=\"OK\"]"}
RESULT: {"using":"xpath","value":"//bdi[text()=\"OK\"]"}
COMMAND: POST /session/771d3c9ffdb5f6a869ae0a3bf138e088/elements - {"using":"xpath","value":"//bdi[text()=\"OK\"]"}
RESULT: {"using":"xpath","value":"//bdi[text()=\"OK\"]"}
COMMAND: POST /session/771d3c9ffdb5f6a869ae0a3bf138e088/elements - {"using":"xpath","value":"//bdi[text()=\"OK\"]"}
RESULT: {"using":"xpath","value":"//bdi[text()=\"OK\"]"}
COMMAND: POST /session/771d3c9ffdb5f6a869ae0a3bf138e088/elements - {"using":"xpath","value":"//bdi[text()=\"OK\"]"}
RESULT: {"using":"xpath","value":"//bdi[text()=\"OK\"]"}
COMMAND: POST /session/771d3c9ffdb5f6a869ae0a3bf138e088/elements - {"using":"xpath","value":"//bdi[text()=\"OK\"]"}
RESULT: {"using":"xpath","value":"//bdi[text()=\"OK\"]"}
COMMAND: POST /session/771d3c9ffdb5f6a869ae0a3bf138e088/elements - {"using":"xpath","value":"//bdi[text()=\"OK\"]"}
RESULT: {"using":"xpath","value":"//bdi[text()=\"OK\"]"}
COMMAND: POST /session/771d3c9ffdb5f6a869ae0a3bf138e088/elements - {"using":"xpath","value":"//bdi[text()=\"OK\"]"}
RESULT: {"using":"xpath","value":"//bdi[text()=\"OK\"]"}
COMMAND: POST /session/771d3c9ffdb5f6a869ae0a3bf138e088/elements - {"using":"xpath","value":"//bdi[text()=\"OK\"]"}
RESULT: {"using":"xpath","value":"//bdi[text()=\"OK\"]"}
COMMAND: POST /session/771d3c9ffdb5f6a869ae0a3bf138e088/elements - {"using":"xpath","value":"//bdi[text()=\"OK\"]"}
RESULT: {"using":"xpath","value":"//bdi[text()=\"OK\"]"}
COMMAND: POST /session/771d3c9ffdb5f6a869ae0a3bf138e088/elements - {"using":"xpath","value":"//bdi[text()=\"OK\"]"}
RESULT: {"using":"xpath","value":"//bdi[text()=\"OK\"]"}
COMMAND: POST /session/771d3c9ffdb5f6a869ae0a3bf138e088/elements - {"using":"xpath","value":"//bdi[text()=\"OK\"]"}
RESULT: {"using":"xpath","value":"//bdi[text()=\"OK\"]"}
COMMAND: POST /session/771d3c9ffdb5f6a869ae0a3bf138e088/elements - {"using":"xpath","value":"//bdi[text()=\"OK\"]"}
RESULT: {"using":"xpath","value":"//bdi[text()=\"OK\"]"}
COMMAND: POST /session/771d3c9ffdb5f6a869ae0a3bf138e088/elements - {"using":"xpath","value":"//bdi[text()=\"OK\"]"}
RESULT: {"using":"xpath","value":"//bdi[text()=\"OK\"]"}
COMMAND: POST /session/771d3c9ffdb5f6a869ae0a3bf138e088/elements - {"using":"xpath","value":"//bdi[text()=\"OK\"]"}
RESULT: {"using":"xpath","value":"//bdi[text()=\"OK\"]"}
COMMAND: POST /session/771d3c9ffdb5f6a869ae0a3bf138e088/elements - {"using":"xpath","value":"//bdi[text()=\"OK\"]"}
RESULT: {"using":"xpath","value":"//bdi[text()=\"OK\"]"}
COMMAND: POST /session/771d3c9ffdb5f6a869ae0a3bf138e088/elements - {"using":"xpath","value":"//bdi[text()=\"OK\"]"}
RESULT: {"using":"xpath","value":"//bdi[text()=\"OK\"]"}
COMMAND: POST /session/771d3c9ffdb5f6a869ae0a3bf138e088/elements - {"using":"xpath","value":"//bdi[text()=\"OK\"]"}
RESULT: {"using":"xpath","value":"//bdi[text()=\"OK\"]"}
COMMAND: POST /session/771d3c9ffdb5f6a869ae0a3bf138e088/elements - {"using":"xpath","value":"//bdi[text()=\"OK\"]"}
RESULT: {"using":"xpath","value":"//bdi[text()=\"OK\"]"}
COMMAND: POST /session/771d3c9ffdb5f6a869ae0a3bf138e088/elements - {"using":"xpath","value":"//bdi[text()=\"OK\"]"}
RESULT: {"using":"xpath","value":"//bdi[text()=\"OK\"]"}
COMMAND: POST /session/771d3c9ffdb5f6a869ae0a3bf138e088/elements - {"using":"xpath","value":"//bdi[text()=\"OK\"]"}
RESULT: {"using":"xpath","value":"//bdi[text()=\"OK\"]"}
COMMAND: POST /session/771d3c9ffdb5f6a869ae0a3bf138e088/elements - {"using":"xpath","value":"//bdi[text()=\"OK\"]"}
RESULT: {"using":"xpath","value":"//bdi[text()=\"OK\"]"}
COMMAND: POST /session/771d3c9ffdb5f6a869ae0a3bf138e088/elements - {"using":"xpath","value":"//bdi[text()=\"OK\"]"}
RESULT: {"using":"xpath","value":"//bdi[text()=\"OK\"]"}
COMMAND: POST /session/771d3c9ffdb5f6a869ae0a3bf138e088/elements - {"using":"xpath","value":"//bdi[text()=\"OK\"]"}
RESULT: {"using":"xpath","value":"//bdi[text()=\"OK\"]"}
COMMAND: POST /session/771d3c9ffdb5f6a869ae0a3bf138e088/elements - {"using":"xpath","value":"//bdi[text()=\"OK\"]"}
RESULT: {"using":"xpath","value":"//bdi[text()=\"OK\"]"}
COMMAND: POST /session/771d3c9ffdb5f6a869ae0a3bf138e088/elements - {"using":"xpath","value":"//bdi[text()=\"OK\"]"}
RESULT: {"using":"xpath","value":"//bdi[text()=\"OK\"]"}
COMMAND: POST /session/771d3c9ffdb5f6a869ae0a3bf138e088/elements - {"using":"xpath","value":"//bdi[text()=\"OK\"]"}
RESULT: {"using":"xpath","value":"//bdi[text()=\"OK\"]"}
COMMAND: POST /session/771d3c9ffdb5f6a869ae0a3bf138e088/elements - {"using":"xpath","value":"//bdi[text()=\"OK\"]"}
RESULT: {"using":"xpath","value":"//bdi[text()=\"OK\"]"}
COMMAND: POST /session/771d3c9ffdb5f6a869ae0a3bf138e088/elements - {"using":"xpath","value":"//bdi[text()=\"OK\"]"}
RESULT: {"using":"xpath","value":"//bdi[text()=\"OK\"]"}
COMMAND: POST /session/771d3c9ffdb5f6a869ae0a3bf138e088/elements - {"using":"xpath","value":"//bdi[text()=\"OK\"]"}
RESULT: {"using":"xpath","value":"//bdi[text()=\"OK\"]"}
COMMAND: POST /session/771d3c9ffdb5f6a869ae0a3bf138e088/elements - {"using":"xpath","value":"//bdi[text()=\"OK\"]"}
RESULT: {"using":"xpath","value":"//bdi[text()=\"OK\"]"}
COMMAND: POST /session/771d3c9ffdb5f6a869ae0a3bf138e088/elements - {"using":"xpath","value":"//bdi[text()=\"OK\"]"}
RESULT: {"using":"xpath","value":"//bdi[text()=\"OK\"]"}
COMMAND: POST /session/771d3c9ffdb5f6a869ae0a3bf138e088/elements - {"using":"xpath","value":"//bdi[text()=\"OK\"]"}
RESULT: {"using":"xpath","value":"//bdi[text()=\"OK\"]"}
COMMAND: POST /session/771d3c9ffdb5f6a869ae0a3bf138e088/elements - {"using":"xpath","value":"//bdi[text()=\"OK\"]"}
RESULT: {"using":"xpath","value":"//bdi[text()=\"OK\"]"}
COMMAND: POST /session/771d3c9ffdb5f6a869ae0a3bf138e088/elements - {"using":"xpath","value":"//bdi[text()=\"OK\"]"}
RESULT: {"using":"xpath","value":"//bdi[text()=\"OK\"]"}
COMMAND: POST /session/771d3c9ffdb5f6a869ae0a3bf138e088/elements - {"using":"xpath","value":"//bdi[text()=\"OK\"]"}
RESULT: {"using":"xpath","value":"//bdi[text()=\"OK\"]"}
COMMAND: POST /session/771d3c9ffdb5f6a869ae0a3bf138e088/elements - {"using":"xpath","value":"//bdi[text()=\"OK\"]"}
RESULT: {"using":"xpath","value":"//bdi[text()=\"OK\"]"}
COMMAND: POST /session/771d3c9ffdb5f6a869ae0a3bf138e088/elements - {"using":"xpath","value":"//bdi[text()=\"OK\"]"}
RESULT: {"using":"xpath","value":"//bdi[text()=\"OK\"]"}
COMMAND: POST /session/771d3c9ffdb5f6a869ae0a3bf138e088/elements - {"using":"xpath","value":"//bdi[text()=\"OK\"]"}
RESULT: {"using":"xpath","value":"//bdi[text()=\"OK\"]"}
COMMAND: POST /session/771d3c9ffdb5f6a869ae0a3bf138e088/elements - {"using":"xpath","value":"//bdi[text()=\"OK\"]"}
RESULT: {"using":"xpath","value":"//bdi[text()=\"OK\"]"}
COMMAND: POST /session/771d3c9ffdb5f6a869ae0a3bf138e088/elements - {"using":"xpath","value":"//bdi[text()=\"OK\"]"}
RESULT: {"using":"xpath","value":"//bdi[text()=\"OK\"]"}
COMMAND: POST /session/771d3c9ffdb5f6a869ae0a3bf138e088/elements - {"using":"xpath","value":"//bdi[text()=\"OK\"]"}
RESULT: {"using":"xpath","value":"//bdi[text()=\"OK\"]"}
COMMAND: POST /session/771d3c9ffdb5f6a869ae0a3bf138e088/elements - {"using":"xpath","value":"//bdi[text()=\"OK\"]"}
RESULT: {"using":"xpath","value":"//bdi[text()=\"OK\"]"}
COMMAND: POST /session/771d3c9ffdb5f6a869ae0a3bf138e088/elements - {"using":"xpath","value":"//bdi[text()=\"OK\"]"}
RESULT: {"using":"xpath","value":"//bdi[text()=\"OK\"]"}
COMMAND: POST /session/771d3c9ffdb5f6a869ae0a3bf138e088/elements - {"using":"xpath","value":"//bdi[text()=\"OK\"]"}
RESULT: {"using":"xpath","value":"//bdi[text()=\"OK\"]"}
COMMAND: POST /session/771d3c9ffdb5f6a869ae0a3bf138e088/elements - {"using":"xpath","value":"//bdi[text()=\"OK\"]"}
RESULT: {"using":"xpath","value":"//bdi[text()=\"OK\"]"}
COMMAND: POST /session/771d3c9ffdb5f6a869ae0a3bf138e088/elements - {"using":"xpath","value":"//bdi[text()=\"OK\"]"}
RESULT: {"using":"xpath","value":"//bdi[text()=\"OK\"]"}
COMMAND: POST /session/771d3c9ffdb5f6a869ae0a3bf138e088/elements - {"using":"xpath","value":"//bdi[text()=\"OK\"]"}
RESULT: {"using":"xpath","value":"//bdi[text()=\"OK\"]"}
COMMAND: POST /session/771d3c9ffdb5f6a869ae0a3bf138e088/elements - {"using":"xpath","value":"//bdi[text()=\"OK\"]"}
RESULT: {"using":"xpath","value":"//bdi[text()=\"OK\"]"}
COMMAND: POST /session/771d3c9ffdb5f6a869ae0a3bf138e088/elements - {"using":"xpath","value":"//bdi[text()=\"OK\"]"}
RESULT: {"using":"xpath","value":"//bdi[text()=\"OK\"]"}
COMMAND: POST /session/771d3c9ffdb5f6a869ae0a3bf138e088/elements - {"using":"xpath","value":"//bdi[text()=\"OK\"]"}
RESULT: {"using":"xpath","value":"//bdi[text()=\"OK\"]"}
COMMAND: POST /session/771d3c9ffdb5f6a869ae0a3bf138e088/elements - {"using":"xpath","value":"//bdi[text()=\"OK\"]"}
RESULT: {"using":"xpath","value":"//bdi[text()=\"OK\"]"}
COMMAND: POST /session/771d3c9ffdb5f6a869ae0a3bf138e088/elements - {"using":"xpath","value":"//bdi[text()=\"OK\"]"}
RESULT: {"using":"xpath","value":"//bdi[text()=\"OK\"]"}
COMMAND: POST /session/771d3c9ffdb5f6a869ae0a3bf138e088/elements - {"using":"xpath","value":"//bdi[text()=\"OK\"]"}
RESULT: {"using":"xpath","value":"//bdi[text()=\"OK\"]"}
COMMAND: POST /session/771d3c9ffdb5f6a869ae0a3bf138e088/elements - {"using":"xpath","value":"//bdi[text()=\"OK\"]"}
RESULT: {"using":"xpath","value":"//bdi[text()=\"OK\"]"}
COMMAND: POST /session/771d3c9ffdb5f6a869ae0a3bf138e088/elements - {"using":"xpath","value":"//bdi[text()=\"OK\"]"}
RESULT: {"using":"xpath","value":"//bdi[text()=\"OK\"]"}
COMMAND: POST /session/771d3c9ffdb5f6a869ae0a3bf138e088/elements - {"using":"xpath","value":"//bdi[text()=\"OK\"]"}
RESULT: {"using":"xpath","value":"//bdi[text()=\"OK\"]"}
COMMAND: POST /session/771d3c9ffdb5f6a869ae0a3bf138e088/elements - {"using":"xpath","value":"//bdi[text()=\"OK\"]"}
RESULT: {"using":"xpath","value":"//bdi[text()=\"OK\"]"}
COMMAND: POST /session/771d3c9ffdb5f6a869ae0a3bf138e088/elements - {"using":"xpath","value":"//bdi[text()=\"OK\"]"}
RESULT: {"using":"xpath","value":"//bdi[text()=\"OK\"]"}
COMMAND: POST /session/771d3c9ffdb5f6a869ae0a3bf138e088/elements - {"using":"xpath","value":"//bdi[text()=\"OK\"]"}
RESULT: {"using":"xpath","value":"//bdi[text()=\"OK\"]"}
COMMAND: POST /session/771d3c9ffdb5f6a869ae0a3bf138e088/elements - {"using":"xpath","value":"//bdi[text()=\"OK\"]"}
RESULT: {"using":"xpath","value":"//bdi[text()=\"OK\"]"}
COMMAND: POST /session/771d3c9ffdb5f6a869ae0a3bf138e088/elements - {"using":"xpath","value":"//bdi[text()=\"OK\"]"}
COMMAND: POST /session/771d3c9ffdb5f6a869ae0a3bf138e088/execute/async - {"script":"<script> [1562 bytes]","args":[{"selector":{"id":"application-manageresources-display-component---newResourceUnit--TYPE-arrow"},"wdio_ui5_key":"applicationmanageresources-display-component---newResourceUnit--TYPE-arrow"}]}
RESULT: {"using":"xpath","value":"//bdi[text()=\"OK\"]"}
RESULT: {"script":"<script> [1562 bytes]","args":[{"selector":{"id":"application-manageresources-display-component---newResourceUnit--TYPE-arrow"},"wdio_ui5_key":"applicationmanageresources-display-component---newResourceUnit--TYPE-arrow"}]}
RESULT: undefined
COMMAND: POST /session/771d3c9ffdb5f6a869ae0a3bf138e088/element - {"using":"xpath","value":"//*[@id=\"application-manageresources-display-component---newResourceUnit--TYPE-arrow\"]"}
RESULT: {"using":"xpath","value":"//*[@id=\"application-manageresources-display-component---newResourceUnit--TYPE-arrow\"]"}
COMMAND: POST /session/771d3c9ffdb5f6a869ae0a3bf138e088/element/f.C725D2739C9BAC73399F894D32ABC418.d.BF7BC53E31C4F81C71B9A38AC2DFA0DA.e.7543/click - {}
RESULT: {}
COMMAND: POST /session/771d3c9ffdb5f6a869ae0a3bf138e088/execute/async - {"script":"<script> [1562 bytes]","args":[{"selector":{"controlType":"sap.m.StandardListItem","viewName":"reusables.view.manageresources.NewResourceUnit","viewId":"application-manageresources-display-component---newResourceUnit","properties":{"title":"Material"},"searchOpenDialogs":true,"interaction":{"idSuffix":"titleText"}},"wdio_ui5_key":"reusablesview.manageresources.NewResourceUnitsap.m.StandardListItem{\"title\":\"Material\"}"}]}
COMMAND: GET /session/771d3c9ffdb5f6a869ae0a3bf138e088/screenshot - {}
RESULT: {"script":"<script> [1562 bytes]","args":[{"selector":{"controlType":"sap.m.StandardListItem","viewName":"reusables.view.manageresources.NewResourceUnit","viewId":"application-manageresources-display-component---newResourceUnit","properties":{"title":"Material"},"searchOpenDialogs":true,"interaction":{"idSuffix":"titleText"}},"wdio_ui5_key":"reusablesview.manageresources.NewResourceUnitsap.m.StandardListItem{\"title\":\"Material\"}"}]}
RESULT: undefined
COMMAND: POST /session/771d3c9ffdb5f6a869ae0a3bf138e088/element - {"using":"xpath","value":"//*[@id=\"__item143\"]"}
RESULT: {}
RESULT: {"using":"xpath","value":"//*[@id=\"__item143\"]"}
COMMAND: POST /session/771d3c9ffdb5f6a869ae0a3bf138e088/element/f.C725D2739C9BAC73399F894D32ABC418.d.BF7BC53E31C4F81C71B9A38AC2DFA0DA.e.7546/click - {}
RESULT: {}
COMMAND: POST /session/771d3c9ffdb5f6a869ae0a3bf138e088/execute/async - {"script":"<script> [1562 bytes]","args":[{"selector":{"id":"application-manageresources-display-component---newResourceUnit--SHORT_TEXT","interaction":{"idSuffix":"inner"}},"wdio_ui5_key":"applicationmanageresources-display-component---newResourceUnit--SHORT_TEXT"}]}
COMMAND: GET /session/771d3c9ffdb5f6a869ae0a3bf138e088/screenshot - {}
RESULT: {"script":"<script> [1562 bytes]","args":[{"selector":{"id":"application-manageresources-display-component---newResourceUnit--SHORT_TEXT","interaction":{"idSuffix":"inner"}},"wdio_ui5_key":"applicationmanageresources-display-component---newResourceUnit--SHORT_TEXT"}]}
RESULT: undefined
COMMAND: POST /session/771d3c9ffdb5f6a869ae0a3bf138e088/execute/async - {"script":"<script> [776 bytes]","args":[{"enterText":"WebdriverWHM_RU R2Cv0xh","selector":{"id":"application-manageresources-display-component---newResourceUnit--SHORT_TEXT","interaction":{"idSuffix":"inner"}},"clearTextFirst":true,"interactionType":"ENTER_TEXT"}]}
RESULT: {}
RESULT: {"script":"<script> [776 bytes]","args":[{"enterText":"WebdriverWHM_RU R2Cv0xh","selector":{"id":"application-manageresources-display-component---newResourceUnit--SHORT_TEXT","interaction":{"idSuffix":"inner"}},"clearTextFirst":true,"interactionType":"ENTER_TEXT"}]}
COMMAND: POST /session/771d3c9ffdb5f6a869ae0a3bf138e088/execute/async - {"script":"<script> [1562 bytes]","args":[{"selector":{"id":"application-manageresources-display-component---newResourceUnit--BASE_UNIT_OF_MEASURE-arrow"},"wdio_ui5_key":"applicationmanageresources-display-component---newResourceUnit--BASE_UNIT_OF_MEASURE-arrow"}]}
RESULT: {"script":"<script> [1562 bytes]","args":[{"selector":{"id":"application-manageresources-display-component---newResourceUnit--BASE_UNIT_OF_MEASURE-arrow"},"wdio_ui5_key":"applicationmanageresources-display-component---newResourceUnit--BASE_UNIT_OF_MEASURE-arrow"}]}
RESULT: undefined
COMMAND: POST /session/771d3c9ffdb5f6a869ae0a3bf138e088/element - {"using":"xpath","value":"//*[@id=\"application-manageresources-display-component---newResourceUnit--BASE_UNIT_OF_MEASURE-arrow\"]"}
RESULT: {"using":"xpath","value":"//*[@id=\"application-manageresources-display-component---newResourceUnit--BASE_UNIT_OF_MEASURE-arrow\"]"}
COMMAND: POST /session/771d3c9ffdb5f6a869ae0a3bf138e088/element/f.C725D2739C9BAC73399F894D32ABC418.d.BF7BC53E31C4F81C71B9A38AC2DFA0DA.e.7604/click - {}
RESULT: {}
COMMAND: POST /session/771d3c9ffdb5f6a869ae0a3bf138e088/execute/async - {"script":"<script> [1562 bytes]","args":[{"selector":{"controlType":"sap.m.StandardListItem","viewName":"reusables.view.manageresources.NewResourceUnit","viewId":"application-manageresources-display-component---newResourceUnit","properties":{"title":"Piece"},"searchOpenDialogs":true,"interaction":{"idSuffix":"content"}},"wdio_ui5_key":"reusablesview.manageresources.NewResourceUnitsap.m.StandardListItem{\"title\":\"Piece\"}"}]}
COMMAND: GET /session/771d3c9ffdb5f6a869ae0a3bf138e088/screenshot - {}
RESULT: {"script":"<script> [1562 bytes]","args":[{"selector":{"controlType":"sap.m.StandardListItem","viewName":"reusables.view.manageresources.NewResourceUnit","viewId":"application-manageresources-display-component---newResourceUnit","properties":{"title":"Piece"},"searchOpenDialogs":true,"interaction":{"idSuffix":"content"}},"wdio_ui5_key":"reusablesview.manageresources.NewResourceUnitsap.m.StandardListItem{\"title\":\"Piece\"}"}]}
RESULT: undefined
COMMAND: POST /session/771d3c9ffdb5f6a869ae0a3bf138e088/element - {"using":"xpath","value":"//*[@id=\"__item187\"]"}
RESULT: {}
RESULT: {"using":"xpath","value":"//*[@id=\"__item187\"]"}
COMMAND: POST /session/771d3c9ffdb5f6a869ae0a3bf138e088/element/f.C725D2739C9BAC73399F894D32ABC418.d.BF7BC53E31C4F81C71B9A38AC2DFA0DA.e.7606/click - {}
RESULT: {}
COMMAND: POST /session/771d3c9ffdb5f6a869ae0a3bf138e088/execute/async - {"script":"<script> [1562 bytes]","args":[{"selector":{"id":"application-manageresources-display-component---newResourceUnit--WEIGHT_UNIT-arrow"},"wdio_ui5_key":"applicationmanageresources-display-component---newResourceUnit--WEIGHT_UNIT-arrow"}]}
COMMAND: GET /session/771d3c9ffdb5f6a869ae0a3bf138e088/screenshot - {}
RESULT: {"script":"<script> [1562 bytes]","args":[{"selector":{"id":"application-manageresources-display-component---newResourceUnit--WEIGHT_UNIT-arrow"},"wdio_ui5_key":"applicationmanageresources-display-component---newResourceUnit--WEIGHT_UNIT-arrow"}]}
RESULT: undefined
COMMAND: POST /session/771d3c9ffdb5f6a869ae0a3bf138e088/element - {"using":"xpath","value":"//*[@id=\"application-manageresources-display-component---newResourceUnit--WEIGHT_UNIT-arrow\"]"}
RESULT: {}
RESULT: {"using":"xpath","value":"//*[@id=\"application-manageresources-display-component---newResourceUnit--WEIGHT_UNIT-arrow\"]"}
COMMAND: POST /session/771d3c9ffdb5f6a869ae0a3bf138e088/element/f.C725D2739C9BAC73399F894D32ABC418.d.BF7BC53E31C4F81C71B9A38AC2DFA0DA.e.7607/click - {}
RESULT: {}
COMMAND: POST /session/771d3c9ffdb5f6a869ae0a3bf138e088/execute/async - {"script":"<script> [1562 bytes]","args":[{"selector":{"controlType":"sap.m.StandardListItem","viewName":"reusables.view.manageresources.NewResourceUnit","viewId":"application-manageresources-display-component---newResourceUnit","properties":{"title":"Gram"},"searchOpenDialogs":true,"interaction":{"idSuffix":"content"}},"wdio_ui5_key":"reusablesview.manageresources.NewResourceUnitsap.m.StandardListItem{\"title\":\"Gram\"}"}]}
COMMAND: GET /session/771d3c9ffdb5f6a869ae0a3bf138e088/screenshot - {}
RESULT: {"script":"<script> [1562 bytes]","args":[{"selector":{"controlType":"sap.m.StandardListItem","viewName":"reusables.view.manageresources.NewResourceUnit","viewId":"application-manageresources-display-component---newResourceUnit","properties":{"title":"Gram"},"searchOpenDialogs":true,"interaction":{"idSuffix":"content"}},"wdio_ui5_key":"reusablesview.manageresources.NewResourceUnitsap.m.StandardListItem{\"title\":\"Gram\"}"}]}
RESULT: undefined
COMMAND: POST /session/771d3c9ffdb5f6a869ae0a3bf138e088/element - {"using":"xpath","value":"//*[@id=\"__item252\"]"}
RESULT: {}
RESULT: {"using":"xpath","value":"//*[@id=\"__item252\"]"}
COMMAND: POST /session/771d3c9ffdb5f6a869ae0a3bf138e088/element/f.C725D2739C9BAC73399F894D32ABC418.d.BF7BC53E31C4F81C71B9A38AC2DFA0DA.e.7609/click - {}
RESULT: {}
COMMAND: GET /session/771d3c9ffdb5f6a869ae0a3bf138e088/screenshot - {}
RESULT: {}
COMMAND: POST /session/771d3c9ffdb5f6a869ae0a3bf138e088/execute/async - {"script":"<script> [1562 bytes]","args":[{"selector":{"id":"application-manageresources-display-component---newResourceUnit--newRRUPage-OPHeaderContent-collapseBtn-img"},"wdio_ui5_key":"applicationmanageresources-display-component---newResourceUnit--newRRUPage-OPHeaderContent-collapseBtn-img"}]}
RESULT: {"script":"<script> [1562 bytes]","args":[{"selector":{"id":"application-manageresources-display-component---newResourceUnit--newRRUPage-OPHeaderContent-collapseBtn-img"},"wdio_ui5_key":"applicationmanageresources-display-component---newResourceUnit--newRRUPage-OPHeaderContent-collapseBtn-img"}]}
RESULT: undefined
COMMAND: POST /session/771d3c9ffdb5f6a869ae0a3bf138e088/element - {"using":"xpath","value":"//*[@id=\"application-manageresources-display-component---newResourceUnit--newRRUPage-OPHeaderContent-collapseBtn-img\"]"}
RESULT: {"using":"xpath","value":"//*[@id=\"application-manageresources-display-component---newResourceUnit--newRRUPage-OPHeaderContent-collapseBtn-img\"]"}
COMMAND: POST /session/771d3c9ffdb5f6a869ae0a3bf138e088/element/f.C725D2739C9BAC73399F894D32ABC418.d.BF7BC53E31C4F81C71B9A38AC2DFA0DA.e.7554/click - {}
RESULT: {}
COMMAND: GET /session/771d3c9ffdb5f6a869ae0a3bf138e088/screenshot - {}
RESULT: {}
COMMAND: POST /session/771d3c9ffdb5f6a869ae0a3bf138e088/element - {"using":"xpath","value":"(//span[contains(@id ,\"application-manageresources-display-component---newResourceUnit--DIMENSION_UNIT-arrow\")])[1]"}
RESULT: {"using":"xpath","value":"(//span[contains(@id ,\"application-manageresources-display-component---newResourceUnit--DIMENSION_UNIT-arrow\")])[1]"}
COMMAND: POST /session/771d3c9ffdb5f6a869ae0a3bf138e088/element/f.C725D2739C9BAC73399F894D32ABC418.d.BF7BC53E31C4F81C71B9A38AC2DFA0DA.e.7613/click - {}
RESULT: {}
COMMAND: GET /session/771d3c9ffdb5f6a869ae0a3bf138e088/screenshot - {}
RESULT: {}
COMMAND: POST /session/771d3c9ffdb5f6a869ae0a3bf138e088/execute/async - {"script":"<script> [1562 bytes]","args":[{"selector":{"controlType":"sap.m.StandardListItem","viewName":"reusables.view.manageresources.NewResourceUnit","viewId":"application-manageresources-display-component---newResourceUnit","properties":{"title":"Centimeter"},"searchOpenDialogs":true,"interaction":{"idSuffix":"titleText"}},"wdio_ui5_key":"reusablesview.manageresources.NewResourceUnitsap.m.StandardListItem{\"title\":\"Centimeter\"}"}]}
RESULT: {"script":"<script> [1562 bytes]","args":[{"selector":{"controlType":"sap.m.StandardListItem","viewName":"reusables.view.manageresources.NewResourceUnit","viewId":"application-manageresources-display-component---newResourceUnit","properties":{"title":"Centimeter"},"searchOpenDialogs":true,"interaction":{"idSuffix":"titleText"}},"wdio_ui5_key":"reusablesview.manageresources.NewResourceUnitsap.m.StandardListItem{\"title\":\"Centimeter\"}"}]}
RESULT: undefined
COMMAND: POST /session/771d3c9ffdb5f6a869ae0a3bf138e088/element - {"using":"xpath","value":"//*[@id=\"__item255\"]"}
RESULT: {"using":"xpath","value":"//*[@id=\"__item255\"]"}
COMMAND: POST /session/771d3c9ffdb5f6a869ae0a3bf138e088/element/f.C725D2739C9BAC73399F894D32ABC418.d.BF7BC53E31C4F81C71B9A38AC2DFA0DA.e.7617/click - {}
RESULT: {}
COMMAND: GET /session/771d3c9ffdb5f6a869ae0a3bf138e088/screenshot - {}
RESULT: {}
COMMAND: POST /session/771d3c9ffdb5f6a869ae0a3bf138e088/execute/async - {"script":"<script> [1562 bytes]","args":[{"selector":{"id":"application-manageresources-display-component---newResourceUnit--newRRUPage-anchBar-application-manageresources-display-component---newResourceUnit--reference-anchor","interaction":{"idSuffix":"BDI-content"}},"wdio_ui5_key":"applicationmanageresources-display-component---newResourceUnit--newRRUPage-anchBar-application-manageresources-display-component---newResourceUnit--reference-anchor"}]}
RESULT: {"script":"<script> [1562 bytes]","args":[{"selector":{"id":"application-manageresources-display-component---newResourceUnit--newRRUPage-anchBar-application-manageresources-display-component---newResourceUnit--reference-anchor","interaction":{"idSuffix":"BDI-content"}},"wdio_ui5_key":"applicationmanageresources-display-component---newResourceUnit--newRRUPage-anchBar-application-manageresources-display-component---newResourceUnit--reference-anchor"}]}
RESULT: undefined
COMMAND: POST /session/771d3c9ffdb5f6a869ae0a3bf138e088/element - {"using":"xpath","value":"//*[@id=\"application-manageresources-display-component---newResourceUnit--newRRUPage-anchBar-application-manageresources-display-component---newResourceUnit--reference-anchor\"]"}
RESULT: {"using":"xpath","value":"//*[@id=\"application-manageresources-display-component---newResourceUnit--newRRUPage-anchBar-application-manageresources-display-component---newResourceUnit--reference-anchor\"]"}
COMMAND: POST /session/771d3c9ffdb5f6a869ae0a3bf138e088/element/f.C725D2739C9BAC73399F894D32ABC418.d.BF7BC53E31C4F81C71B9A38AC2DFA0DA.e.7619/click - {}
RESULT: {}
COMMAND: POST /session/771d3c9ffdb5f6a869ae0a3bf138e088/execute/async - {"script":"<script> [1562 bytes]","args":[{"selector":{"id":"application-manageresources-display-component---newResourceUnit--PLANNING_GROUP-arrow"},"wdio_ui5_key":"applicationmanageresources-display-component---newResourceUnit--PLANNING_GROUP-arrow"}]}
COMMAND: GET /session/771d3c9ffdb5f6a869ae0a3bf138e088/screenshot - {}
RESULT: {"script":"<script> [1562 bytes]","args":[{"selector":{"id":"application-manageresources-display-component---newResourceUnit--PLANNING_GROUP-arrow"},"wdio_ui5_key":"applicationmanageresources-display-component---newResourceUnit--PLANNING_GROUP-arrow"}]}
RESULT: undefined
COMMAND: POST /session/771d3c9ffdb5f6a869ae0a3bf138e088/element - {"using":"xpath","value":"//*[@id=\"application-manageresources-display-component---newResourceUnit--PLANNING_GROUP-arrow\"]"}
RESULT: {}
RESULT: {"using":"xpath","value":"//*[@id=\"application-manageresources-display-component---newResourceUnit--PLANNING_GROUP-arrow\"]"}
COMMAND: POST /session/771d3c9ffdb5f6a869ae0a3bf138e088/element/f.C725D2739C9BAC73399F894D32ABC418.d.BF7BC53E31C4F81C71B9A38AC2DFA0DA.e.7623/click - {}
RESULT: {}
COMMAND: POST /session/771d3c9ffdb5f6a869ae0a3bf138e088/execute/async - {"script":"<script> [1562 bytes]","args":[{"selector":{"controlType":"sap.m.StandardListItem","viewName":"reusables.view.manageresources.NewResourceUnit","viewId":"application-manageresources-display-component---newResourceUnit","properties":{"title":"Heavy Equi"},"searchOpenDialogs":true,"interaction":{"idSuffix":"content"}},"wdio_ui5_key":"reusablesview.manageresources.NewResourceUnitsap.m.StandardListItem{\"title\":\"Heavy Equi\"}"}]}
COMMAND: GET /session/771d3c9ffdb5f6a869ae0a3bf138e088/screenshot - {}
RESULT: {"script":"<script> [1562 bytes]","args":[{"selector":{"controlType":"sap.m.StandardListItem","viewName":"reusables.view.manageresources.NewResourceUnit","viewId":"application-manageresources-display-component---newResourceUnit","properties":{"title":"Heavy Equi"},"searchOpenDialogs":true,"interaction":{"idSuffix":"content"}},"wdio_ui5_key":"reusablesview.manageresources.NewResourceUnitsap.m.StandardListItem{\"title\":\"Heavy Equi\"}"}]}
RESULT: undefined
COMMAND: POST /session/771d3c9ffdb5f6a869ae0a3bf138e088/element - {"using":"xpath","value":"//*[@id=\"__item263\"]"}
RESULT: {}
RESULT: {"using":"xpath","value":"//*[@id=\"__item263\"]"}
COMMAND: POST /session/771d3c9ffdb5f6a869ae0a3bf138e088/element/f.C725D2739C9BAC73399F894D32ABC418.d.BF7BC53E31C4F81C71B9A38AC2DFA0DA.e.7625/click - {}
RESULT: {}
COMMAND: GET /session/771d3c9ffdb5f6a869ae0a3bf138e088/screenshot - {}
RESULT: {}
COMMAND: POST /session/771d3c9ffdb5f6a869ae0a3bf138e088/execute/async - {"script":"<script> [1562 bytes]","args":[{"selector":{"id":"application-manageresources-display-component---newResourceUnit--PLANNING_INDICATOR-arrow"},"wdio_ui5_key":"applicationmanageresources-display-component---newResourceUnit--PLANNING_INDICATOR-arrow"}]}
RESULT: {"script":"<script> [1562 bytes]","args":[{"selector":{"id":"application-manageresources-display-component---newResourceUnit--PLANNING_INDICATOR-arrow"},"wdio_ui5_key":"applicationmanageresources-display-component---newResourceUnit--PLANNING_INDICATOR-arrow"}]}
RESULT: undefined
COMMAND: POST /session/771d3c9ffdb5f6a869ae0a3bf138e088/element - {"using":"xpath","value":"//*[@id=\"application-manageresources-display-component---newResourceUnit--PLANNING_INDICATOR-arrow\"]"}
RESULT: {"using":"xpath","value":"//*[@id=\"application-manageresources-display-component---newResourceUnit--PLANNING_INDICATOR-arrow\"]"}
COMMAND: POST /session/771d3c9ffdb5f6a869ae0a3bf138e088/element/f.C725D2739C9BAC73399F894D32ABC418.d.BF7BC53E31C4F81C71B9A38AC2DFA0DA.e.7626/click - {}
RESULT: {}
COMMAND: POST /session/771d3c9ffdb5f6a869ae0a3bf138e088/execute/async - {"script":"<script> [1562 bytes]","args":[{"selector":{"controlType":"sap.m.StandardListItem","viewName":"reusables.view.manageresources.NewResourceUnit","viewId":"application-manageresources-display-component---newResourceUnit","properties":{"title":"10 - infinite"},"searchOpenDialogs":true,"interaction":{"idSuffix":"content"}},"wdio_ui5_key":"reusablesview.manageresources.NewResourceUnitsap.m.StandardListItem{\"title\":\"10 - infinite\"}"}]}
COMMAND: GET /session/771d3c9ffdb5f6a869ae0a3bf138e088/screenshot - {}
RESULT: {"script":"<script> [1562 bytes]","args":[{"selector":{"controlType":"sap.m.StandardListItem","viewName":"reusables.view.manageresources.NewResourceUnit","viewId":"application-manageresources-display-component---newResourceUnit","properties":{"title":"10 - infinite"},"searchOpenDialogs":true,"interaction":{"idSuffix":"content"}},"wdio_ui5_key":"reusablesview.manageresources.NewResourceUnitsap.m.StandardListItem{\"title\":\"10 - infinite\"}"}]}
RESULT: undefined
COMMAND: POST /session/771d3c9ffdb5f6a869ae0a3bf138e088/element - {"using":"xpath","value":"//*[@id=\"__item273\"]"}
RESULT: {}
RESULT: {"using":"xpath","value":"//*[@id=\"__item273\"]"}
COMMAND: POST /session/771d3c9ffdb5f6a869ae0a3bf138e088/element/f.C725D2739C9BAC73399F894D32ABC418.d.BF7BC53E31C4F81C71B9A38AC2DFA0DA.e.7628/click - {}
RESULT: {}
COMMAND: GET /session/771d3c9ffdb5f6a869ae0a3bf138e088/screenshot - {}
RESULT: {}
COMMAND: POST /session/771d3c9ffdb5f6a869ae0a3bf138e088/element - {"using":"xpath","value":"//bdi[contains(text(), \"Time Segment\")]"}
RESULT: {"using":"xpath","value":"//bdi[contains(text(), \"Time Segment\")]"}
COMMAND: GET /session/771d3c9ffdb5f6a869ae0a3bf138e088/element/f.C725D2739C9BAC73399F894D32ABC418.d.BF7BC53E31C4F81C71B9A38AC2DFA0DA.e.7629/rect - {}
RESULT: {}
COMMAND: GET /session/771d3c9ffdb5f6a869ae0a3bf138e088/window/rect - {}
RESULT: {}
COMMAND: POST /session/771d3c9ffdb5f6a869ae0a3bf138e088/execute/sync - {"script":"<script> [92 bytes]","args":[]}
RESULT: {"script":"<script> [92 bytes]","args":[]}
COMMAND: POST /session/771d3c9ffdb5f6a869ae0a3bf138e088/actions - {"actions":[{"id":"action19","type":"wheel","parameters":{},"actions":[{"type":"scroll","x":-1804,"y":-21,"deltaX":0,"deltaY":0,"duration":0,"origin":{"element-6066-11e4-a52e-4f735466cecf":"f.C725D2739C9BAC73399F894D32ABC418.d.BF7BC53E31C4F81C71B9A38AC2DFA0DA.e.7629"}}]}]}
COMMAND: GET /session/771d3c9ffdb5f6a869ae0a3bf138e088/screenshot - {}
RESULT: {}
COMMAND: POST /session/771d3c9ffdb5f6a869ae0a3bf138e088/execute/sync - {"script":"<script> [79 bytes]","args":[{"element-6066-11e4-a52e-4f735466cecf":"f.C725D2739C9BAC73399F894D32ABC418.d.BF7BC53E31C4F81C71B9A38AC2DFA0DA.e.7629","ELEMENT":"f.C725D2739C9BAC73399F894D32ABC418.d.BF7BC53E31C4F81C71B9A38AC2DFA0DA.e.7629"},{"block":"start","inline":"nearest"}]}
RESULT: {"script":"<script> [79 bytes]","args":[{"element-6066-11e4-a52e-4f735466cecf":"f.C725D2739C9BAC73399F894D32ABC418.d.BF7BC53E31C4F81C71B9A38AC2DFA0DA.e.7629","ELEMENT":"f.C725D2739C9BAC73399F894D32ABC418.d.BF7BC53E31C4F81C71B9A38AC2DFA0DA.e.7629"},{"block":"start","inline":"nearest"}]}
COMMAND: GET /session/771d3c9ffdb5f6a869ae0a3bf138e088/screenshot - {}
RESULT: {}
COMMAND: POST /session/771d3c9ffdb5f6a869ae0a3bf138e088/element - {"using":"xpath","value":"//span[@id=\"application-manageresources-display-component---newResourceUnit--btnAddTimeSegment-img\"]"}
RESULT: {"using":"xpath","value":"//span[@id=\"application-manageresources-display-component---newResourceUnit--btnAddTimeSegment-img\"]"}
COMMAND: POST /session/771d3c9ffdb5f6a869ae0a3bf138e088/execute/sync - {"script":"<script> [8489 bytes]","args":[{"element-6066-11e4-a52e-4f735466cecf":"f.C725D2739C9BAC73399F894D32ABC418.d.BF7BC53E31C4F81C71B9A38AC2DFA0DA.e.7632","ELEMENT":"f.C725D2739C9BAC73399F894D32ABC418.d.BF7BC53E31C4F81C71B9A38AC2DFA0DA.e.7632"}]}
RESULT: {"script":"<script> [8489 bytes]","args":[{"element-6066-11e4-a52e-4f735466cecf":"f.C725D2739C9BAC73399F894D32ABC418.d.BF7BC53E31C4F81C71B9A38AC2DFA0DA.e.7632","ELEMENT":"f.C725D2739C9BAC73399F894D32ABC418.d.BF7BC53E31C4F81C71B9A38AC2DFA0DA.e.7632"}]}
COMMAND: POST /session/771d3c9ffdb5f6a869ae0a3bf138e088/element/f.C725D2739C9BAC73399F894D32ABC418.d.BF7BC53E31C4F81C71B9A38AC2DFA0DA.e.7632/click - {}
COMMAND: GET /session/771d3c9ffdb5f6a869ae0a3bf138e088/screenshot - {}
RESULT: {}
COMMAND: GET /session/771d3c9ffdb5f6a869ae0a3bf138e088/screenshot - {}
RESULT: {}
RESULT: {}
COMMAND: POST /session/771d3c9ffdb5f6a869ae0a3bf138e088/element - {"using":"xpath","value":"//input[@id=\"application-manageresources-display-component---newResourceUnit--idRuTSAdmin-application-manageresources-display-component---newResourceUnit--RUTimeSegment-0-inner\"]"}
RESULT: {"using":"xpath","value":"//input[@id=\"application-manageresources-display-component---newResourceUnit--idRuTSAdmin-application-manageresources-display-component---newResourceUnit--RUTimeSegment-0-inner\"]"}
COMMAND: POST /session/771d3c9ffdb5f6a869ae0a3bf138e088/element/f.C725D2739C9BAC73399F894D32ABC418.d.BF7BC53E31C4F81C71B9A38AC2DFA0DA.e.7635/clear - {}
RESULT: {}
COMMAND: POST /session/771d3c9ffdb5f6a869ae0a3bf138e088/element/f.C725D2739C9BAC73399F894D32ABC418.d.BF7BC53E31C4F81C71B9A38AC2DFA0DA.e.7635/value - {"text":"722"}
COMMAND: GET /session/771d3c9ffdb5f6a869ae0a3bf138e088/screenshot - {}
RESULT: {"text":"722"}
COMMAND: GET /session/771d3c9ffdb5f6a869ae0a3bf138e088/screenshot - {}
RESULT: {}
RESULT: {}
COMMAND: POST /session/771d3c9ffdb5f6a869ae0a3bf138e088/actions - {"actions":[{"id":"action20","type":"key","parameters":{},"actions":[{"type":"keyDown","value":""},{"type":"pause","duration":10},{"type":"keyUp","value":""}]}]}
RESULT: {"actions":[{"id":"action20","type":"key","parameters":{},"actions":[{"type":"keyDown","value":""},{"type":"pause","duration":10},{"type":"keyUp","value":""}]}]}
COMMAND: POST /session/771d3c9ffdb5f6a869ae0a3bf138e088/execute/async - {"script":"<script> [1562 bytes]","args":[{"selector":{"controlType":"sap.m.Button","viewName":"reusables.view.manageresources.NewResourceUnit","viewId":"application-manageresources-display-component---newResourceUnit","i18NText":{"propertyName":"tooltip","key":"save"},"interaction":{"idSuffix":"BDI-content"}},"wdio_ui5_key":"reusablesview.manageresources.NewResourceUnitsap.m.Button{\"propertyName\":\"tooltip\",\"key\":\"save\"}"}]}
COMMAND: GET /session/771d3c9ffdb5f6a869ae0a3bf138e088/screenshot - {}
RESULT: {"script":"<script> [1562 bytes]","args":[{"selector":{"controlType":"sap.m.Button","viewName":"reusables.view.manageresources.NewResourceUnit","viewId":"application-manageresources-display-component---newResourceUnit","i18NText":{"propertyName":"tooltip","key":"save"},"interaction":{"idSuffix":"BDI-content"}},"wdio_ui5_key":"reusablesview.manageresources.NewResourceUnitsap.m.Button{\"propertyName\":\"tooltip\",\"key\":\"save\"}"}]}
RESULT: undefined
COMMAND: POST /session/771d3c9ffdb5f6a869ae0a3bf138e088/element - {"using":"xpath","value":"//*[@id=\"application-manageresources-display-component---newResourceUnit--createRuButton\"]"}
RESULT: {}
RESULT: {"using":"xpath","value":"//*[@id=\"application-manageresources-display-component---newResourceUnit--createRuButton\"]"}
COMMAND: POST /session/771d3c9ffdb5f6a869ae0a3bf138e088/element/f.C725D2739C9BAC73399F894D32ABC418.d.BF7BC53E31C4F81C71B9A38AC2DFA0DA.e.7560/click - {}
RESULT: {}
COMMAND: GET /session/771d3c9ffdb5f6a869ae0a3bf138e088/screenshot - {}
RESULT: {}
COMMAND: POST /session/771d3c9ffdb5f6a869ae0a3bf138e088/execute/async - {"script":"<script> [1562 bytes]","args":[{"selector":{"controlType":"sap.m.Title","properties":{"text":"Success"},"searchOpenDialogs":true},"wdio_ui5_key":"sapm.Title{\"text\":\"Success\"}"}]}
RESULT: {"script":"<script> [1562 bytes]","args":[{"selector":{"controlType":"sap.m.Title","properties":{"text":"Success"},"searchOpenDialogs":true},"wdio_ui5_key":"sapm.Title{\"text\":\"Success\"}"}]}
RESULT: undefined
COMMAND: POST /session/771d3c9ffdb5f6a869ae0a3bf138e088/execute/async - {"script":"<script> [6424 bytes]","args":[{"element-6066-11e4-a52e-4f735466cecf":"f.C725D2739C9BAC73399F894D32ABC418.d.BF7BC53E31C4F81C71B9A38AC2DFA0DA.e.7649"},"getText",[]]}
RESULT: {"script":"<script> [6424 bytes]","args":[{"element-6066-11e4-a52e-4f735466cecf":"f.C725D2739C9BAC73399F894D32ABC418.d.BF7BC53E31C4F81C71B9A38AC2DFA0DA.e.7649"},"getText",[]]}
COMMAND: POST /session/771d3c9ffdb5f6a869ae0a3bf138e088/element - {"using":"xpath","value":"//*[contains(@id, '__text') and (contains(text(), 'successfully created') or contains(., 'successfully created'))]"}
RESULT: {"using":"xpath","value":"//*[contains(@id, '__text') and (contains(text(), 'successfully created') or contains(., 'successfully created'))]"}
COMMAND: GET /session/771d3c9ffdb5f6a869ae0a3bf138e088/element/f.C725D2739C9BAC73399F894D32ABC418.d.BF7BC53E31C4F81C71B9A38AC2DFA0DA.e.7648/text - {}
RESULT: {}
COMMAND: POST /session/771d3c9ffdb5f6a869ae0a3bf138e088/execute/async - {"script":"<script> [1562 bytes]","args":[{"selector":{"controlType":"sap.m.Button","properties":{"text":"Close"},"searchOpenDialogs":true,"interaction":{"idSuffix":"BDI-content"}},"wdio_ui5_key":"sapm.Button{\"text\":\"Close\"}"}]}
RESULT: {"script":"<script> [1562 bytes]","args":[{"selector":{"controlType":"sap.m.Button","properties":{"text":"Close"},"searchOpenDialogs":true,"interaction":{"idSuffix":"BDI-content"}},"wdio_ui5_key":"sapm.Button{\"text\":\"Close\"}"}]}
RESULT: undefined
COMMAND: POST /session/771d3c9ffdb5f6a869ae0a3bf138e088/element - {"using":"xpath","value":"//*[@id=\"__mbox-btn-0\"]"}
RESULT: {"using":"xpath","value":"//*[@id=\"__mbox-btn-0\"]"}
COMMAND: POST /session/771d3c9ffdb5f6a869ae0a3bf138e088/element/f.C725D2739C9BAC73399F894D32ABC418.d.BF7BC53E31C4F81C71B9A38AC2DFA0DA.e.7645/click - {}
RESULT: {}
COMMAND: GET /session/771d3c9ffdb5f6a869ae0a3bf138e088/screenshot - {}
RESULT: {}
COMMAND: POST /session/771d3c9ffdb5f6a869ae0a3bf138e088/execute/async - {"script":"<script> [1562 bytes]","args":[{"selector":{"controlType":"sap.ui.core.Icon","viewName":"etm.portal.ui.manageresources.view.Detail","viewId":"application-manageresources-display-component---detailRU","properties":{"src":{"regex":{"source":"overflow"}}}},"wdio_ui5_key":"etmportal.ui.manageresources.view.Detailsap.ui.core.Icon{\"src\":{\"regex\":{\"source\":\"overflow\"}}}"}]}
RESULT: {"script":"<script> [1562 bytes]","args":[{"selector":{"controlType":"sap.ui.core.Icon","viewName":"etm.portal.ui.manageresources.view.Detail","viewId":"application-manageresources-display-component---detailRU","properties":{"src":{"regex":{"source":"overflow"}}}},"wdio_ui5_key":"etmportal.ui.manageresources.view.Detailsap.ui.core.Icon{\"src\":{\"regex\":{\"source\":\"overflow\"}}}"}]}
RESULT: undefined
COMMAND: POST /session/771d3c9ffdb5f6a869ae0a3bf138e088/element - {"using":"xpath","value":"//*[@id=\"__title15-_actionsToolbar-overflowButton-img\"]"}
RESULT: {"using":"xpath","value":"//*[@id=\"__title15-_actionsToolbar-overflowButton-img\"]"}
COMMAND: POST /session/771d3c9ffdb5f6a869ae0a3bf138e088/element/f.C725D2739C9BAC73399F894D32ABC418.d.BF7BC53E31C4F81C71B9A38AC2DFA0DA.e.7679/click - {}
RESULT: {}
COMMAND: POST /session/771d3c9ffdb5f6a869ae0a3bf138e088/execute/async - {"script":"<script> [1562 bytes]","args":[{"selector":{"controlType":"sap.m.Button","viewName":"etm.portal.ui.manageresources.view.Detail","viewId":"application-manageresources-display-component---detailRU","i18NText":{"propertyName":"tooltip","key":"closeColumn"},"searchOpenDialogs":true,"interaction":{"idSuffix":"inner"}},"wdio_ui5_key":"etmportal.ui.manageresources.view.Detailsap.m.Button{\"propertyName\":\"tooltip\",\"key\":\"closeColumn\"}"}]}
COMMAND: GET /session/771d3c9ffdb5f6a869ae0a3bf138e088/screenshot - {}
RESULT: {"script":"<script> [1562 bytes]","args":[{"selector":{"controlType":"sap.m.Button","viewName":"etm.portal.ui.manageresources.view.Detail","viewId":"application-manageresources-display-component---detailRU","i18NText":{"propertyName":"tooltip","key":"closeColumn"},"searchOpenDialogs":true,"interaction":{"idSuffix":"inner"}},"wdio_ui5_key":"etmportal.ui.manageresources.view.Detailsap.m.Button{\"propertyName\":\"tooltip\",\"key\":\"closeColumn\"}"}]}
RESULT: undefined
COMMAND: POST /session/771d3c9ffdb5f6a869ae0a3bf138e088/element - {"using":"xpath","value":"//*[@id=\"__button41\"]"}
RESULT: {}
RESULT: {"using":"xpath","value":"//*[@id=\"__button41\"]"}
COMMAND: POST /session/771d3c9ffdb5f6a869ae0a3bf138e088/element/f.C725D2739C9BAC73399F894D32ABC418.d.BF7BC53E31C4F81C71B9A38AC2DFA0DA.e.7683/click - {}
RESULT: {}
COMMAND: POST /session/771d3c9ffdb5f6a869ae0a3bf138e088/element - {"using":"css selector","value":"#j_username"}
COMMAND: POST /session/771d3c9ffdb5f6a869ae0a3bf138e088/url - {"url":"https://qa-testing-00-live-etm-ui.cfapps.eu10-004.hana.ondemand.com/"}
COMMAND: GET /session/771d3c9ffdb5f6a869ae0a3bf138e088/screenshot - {}
RESULT: {"using":"css selector","value":"#j_username"}
COMMAND: POST /session/771d3c9ffdb5f6a869ae0a3bf138e088/element - {"using":"css selector","value":"#j_username"}
RESULT: {"url":"https://qa-testing-00-live-etm-ui.cfapps.eu10-004.hana.ondemand.com/"}
RESULT: undefined
COMMAND: GET /session/771d3c9ffdb5f6a869ae0a3bf138e088/screenshot - {}
RESULT: {}
RESULT: {"using":"css selector","value":"#j_username"}
COMMAND: POST /session/771d3c9ffdb5f6a869ae0a3bf138e088/element - {"using":"css selector","value":"#shell-header-logo"}
RESULT: {}
RESULT: {"using":"css selector","value":"#shell-header-logo"}
COMMAND: POST /session/771d3c9ffdb5f6a869ae0a3bf138e088/execute/sync - {"script":"<script> [8489 bytes]","args":[{"element-6066-11e4-a52e-4f735466cecf":"f.C725D2739C9BAC73399F894D32ABC418.d.D44724FC1264F76A8C853AAAC9369412.e.7849","ELEMENT":"f.C725D2739C9BAC73399F894D32ABC418.d.D44724FC1264F76A8C853AAAC9369412.e.7849"}]}
RESULT: {"script":"<script> [8489 bytes]","args":[{"element-6066-11e4-a52e-4f735466cecf":"f.C725D2739C9BAC73399F894D32ABC418.d.D44724FC1264F76A8C853AAAC9369412.e.7849","ELEMENT":"f.C725D2739C9BAC73399F894D32ABC418.d.D44724FC1264F76A8C853AAAC9369412.e.7849"}]}
COMMAND: POST /session/771d3c9ffdb5f6a869ae0a3bf138e088/element - {"using":"css selector","value":"#shell-header-logo"}
COMMAND: GET /session/771d3c9ffdb5f6a869ae0a3bf138e088/screenshot - {}
RESULT: {"using":"css selector","value":"#shell-header-logo"}
COMMAND: POST /session/771d3c9ffdb5f6a869ae0a3bf138e088/execute/sync - {"script":"<script> [8489 bytes]","args":[{"element-6066-11e4-a52e-4f735466cecf":"f.C725D2739C9BAC73399F894D32ABC418.d.D44724FC1264F76A8C853AAAC9369412.e.7849","ELEMENT":"f.C725D2739C9BAC73399F894D32ABC418.d.D44724FC1264F76A8C853AAAC9369412.e.7849"}]}
RESULT: {}
RESULT: {"script":"<script> [8489 bytes]","args":[{"element-6066-11e4-a52e-4f735466cecf":"f.C725D2739C9BAC73399F894D32ABC418.d.D44724FC1264F76A8C853AAAC9369412.e.7849","ELEMENT":"f.C725D2739C9BAC73399F894D32ABC418.d.D44724FC1264F76A8C853AAAC9369412.e.7849"}]}
COMMAND: POST /session/771d3c9ffdb5f6a869ae0a3bf138e088/execute/sync - {"script":"<script> [5351 bytes]","args":[{"element-6066-11e4-a52e-4f735466cecf":"f.C725D2739C9BAC73399F894D32ABC418.d.D44724FC1264F76A8C853AAAC9369412.e.7849","ELEMENT":"f.C725D2739C9BAC73399F894D32ABC418.d.D44724FC1264F76A8C853AAAC9369412.e.7849"}]}
COMMAND: GET /session/771d3c9ffdb5f6a869ae0a3bf138e088/screenshot - {}
RESULT: {"script":"<script> [5351 bytes]","args":[{"element-6066-11e4-a52e-4f735466cecf":"f.C725D2739C9BAC73399F894D32ABC418.d.D44724FC1264F76A8C853AAAC9369412.e.7849","ELEMENT":"f.C725D2739C9BAC73399F894D32ABC418.d.D44724FC1264F76A8C853AAAC9369412.e.7849"}]}
COMMAND: POST /session/771d3c9ffdb5f6a869ae0a3bf138e088/element - {"using":"css selector","value":"#shell-header-logo"}
COMMAND: GET /session/771d3c9ffdb5f6a869ae0a3bf138e088/screenshot - {}
RESULT: {}
RESULT: {"using":"css selector","value":"#shell-header-logo"}
COMMAND: POST /session/771d3c9ffdb5f6a869ae0a3bf138e088/element/f.C725D2739C9BAC73399F894D32ABC418.d.D44724FC1264F76A8C853AAAC9369412.e.7849/click - {}
RESULT: {}
RESULT: {}
COMMAND: GET /session/771d3c9ffdb5f6a869ae0a3bf138e088/screenshot - {}
RESULT: {}
COMMAND: POST /session/771d3c9ffdb5f6a869ae0a3bf138e088/execute/async - {"script":"<script> [189 bytes]","args":[]}
RESULT: {"script":"<script> [189 bytes]","args":[]}
COMMAND: POST /session/771d3c9ffdb5f6a869ae0a3bf138e088/execute/async - {"script":"<script> [123 bytes]","args":[]}
RESULT: {"script":"<script> [123 bytes]","args":[]}
COMMAND: POST /session/771d3c9ffdb5f6a869ae0a3bf138e088/timeouts - {"script":"<number>"}
RESULT: {"script":"<number>"}
COMMAND: GET /session/771d3c9ffdb5f6a869ae0a3bf138e088/timeouts - {}
RESULT: {}
RESULT: undefined
COMMAND: POST /session/771d3c9ffdb5f6a869ae0a3bf138e088/execute/async - {"script":"<script> [2676 bytes]","args":[]}
RESULT: {"script":"<script> [2676 bytes]","args":[]}
COMMAND: POST /session/771d3c9ffdb5f6a869ae0a3bf138e088/execute/async - {"script":"<script> [2342 bytes]","args":[{"protocol":"http","hostname":"0.0.0.0","path":"/","capabilities":{"browserName":"chrome","goog:chromeOptions":{"binary":"C:\\Program Files\\Google\\Chrome\\Application\\chrome.exe","args":["--start-maximized"]}},"logLevel":"warn","connectionRetryTimeout":120000,"connectionRetryCount":3,"logLevels":{},"enableDirectConnect":true,"strictSSL":true,"_":"65 more keys: [\"cacheDir\",\"port\",\"requestedCapabilities\",\"automationProtocol\",\"baseUrl\",\"waitforInterval\",\"waitforTimeout\",\"onReload\",\"beforeCommand\",\"afterCommand\",\"rootDir\",\"specs\",\"suites\",\"exclude\",\"groupLogsByTestSpec\",\"excludeDriverLogs\",\"bail\",\"framework\",\"reporters\",\"services\",\"maxInstances\",\"maxInstancesPerCapability\",\"injectGlobals\",\"filesToWatch\",\"execArgv\",\"runnerEnv\",\"runner\",\"shard\",\"specFileRetries\",\"specFileRetriesDelay\",\"specFileRetriesDeferred\",\"reporterSyncInterval\",\"reporterSyncTimeout\",\"cucumberFeaturesWithLineNumbers\",\"autoCompileOpts\",\"mochaOpts\",\"jasmineOpts\",\"cucumberOpts\",\"onPrepare\",\"onWorkerStart\",\"onWorkerEnd\",\"before\",\"beforeSession\",\"beforeSuite\",\"beforeHook\",\"beforeTest\",\"afterTest\",\"afterHook\",\"afterSuite\",\"afterSession\",\"after\",\"onComplete\",\"beforeAssertion\",\"afterAssertion\",\"beforeFeature\",\"beforeScenario\",\"beforeStep\",\"afterStep\",\"afterScenario\",\"afterFeature\",\"_\",\"suite\",\"$0\",\"ignoredWorkerServices\",\"wdi5\"]"}]}
RESULT: {"script":"<script> [2342 bytes]","args":[{"protocol":"http","hostname":"0.0.0.0","path":"/","capabilities":{"browserName":"chrome","goog:chromeOptions":{"binary":"C:\\Program Files\\Google\\Chrome\\Application\\chrome.exe","args":["--start-maximized"]}},"logLevel":"warn","connectionRetryTimeout":120000,"connectionRetryCount":3,"logLevels":{},"enableDirectConnect":true,"strictSSL":true,"_":"65 more keys: [\"cacheDir\",\"port\",\"requestedCapabilities\",\"automationProtocol\",\"baseUrl\",\"waitforInterval\",\"waitforTimeout\",\"onReload\",\"beforeCommand\",\"afterCommand\",\"rootDir\",\"specs\",\"suites\",\"exclude\",\"groupLogsByTestSpec\",\"excludeDriverLogs\",\"bail\",\"framework\",\"reporters\",\"services\",\"maxInstances\",\"maxInstancesPerCapability\",\"injectGlobals\",\"filesToWatch\",\"execArgv\",\"runnerEnv\",\"runner\",\"shard\",\"specFileRetries\",\"specFileRetriesDelay\",\"specFileRetriesDeferred\",\"reporterSyncInterval\",\"reporterSyncTimeout\",\"cucumberFeaturesWithLineNumbers\",\"autoCompileOpts\",\"mochaOpts\",\"jasmineOpts\",\"cucumberOpts\",\"onPrepare\",\"onWorkerStart\",\"onWorkerEnd\",\"before\",\"beforeSession\",\"beforeSuite\",\"beforeHook\",\"beforeTest\",\"afterTest\",\"afterHook\",\"afterSuite\",\"afterSession\",\"after\",\"onComplete\",\"beforeAssertion\",\"afterAssertion\",\"beforeFeature\",\"beforeScenario\",\"beforeStep\",\"afterStep\",\"afterScenario\",\"afterFeature\",\"_\",\"suite\",\"$0\",\"ignoredWorkerServices\",\"wdi5\"]"}]}
COMMAND: POST /session/771d3c9ffdb5f6a869ae0a3bf138e088/execute/async - {"script":"<script> [21126 bytes]","args":[35000]}
RESULT: {"script":"<script> [21126 bytes]","args":[35000]}
COMMAND: POST /session/771d3c9ffdb5f6a869ae0a3bf138e088/window/maximize - {}
RESULT: {}
COMMAND: POST /session/771d3c9ffdb5f6a869ae0a3bf138e088/execute/async - {"script":"<script> [1562 bytes]","args":[{"selector":{"id":"shell-header","interaction":{"idSuffix":"icon"}},"wdio_ui5_key":"shellheader"}]}
COMMAND: GET /session/771d3c9ffdb5f6a869ae0a3bf138e088/screenshot - {}
RESULT: {"script":"<script> [1562 bytes]","args":[{"selector":{"id":"shell-header","interaction":{"idSuffix":"icon"}},"wdio_ui5_key":"shellheader"}]}
RESULT: undefined
]]></system-out>
    </testcase>
  </testsuite>
  <testsuite timestamp="2025-04-23T15:46:05" time="261.509" tests="1" failures="0" errors="0" skipped="0">
    <properties>
      <property name="specId" value="0"/>
      <property name="suiteName" value="create-equipment"/>
      <property name="capabilities" value="chrome.135_0_7049_96.windows"/>
      <property name="file" value="file:///D:/a/1/s/test/specs/R2C/create-equipment.spec.js"/>
    </properties>
    <testcase classname="chrome.135_0_7049_96.windows.create-equipment" name="create equipment" time="248.275">
      <system-out><![CDATA[
COMMAND: POST /session/771d3c9ffdb5f6a869ae0a3bf138e088/execute/async - {"script":"<script> [1562 bytes]","args":[{"selector":{"controlType":"sap.m.GenericTile","properties":{"header":"Manage Resources"}},"wdio_ui5_key":"sapm.GenericTile{\"header\":\"Manage Resources\"}"}]}
RESULT: {}
RESULT: {"script":"<script> [1562 bytes]","args":[{"selector":{"controlType":"sap.m.GenericTile","properties":{"header":"Manage Resources"}},"wdio_ui5_key":"sapm.GenericTile{\"header\":\"Manage Resources\"}"}]}
RESULT: undefined
COMMAND: POST /session/771d3c9ffdb5f6a869ae0a3bf138e088/element - {"using":"xpath","value":"//*[@id=\"__tile31\"]"}
RESULT: {"using":"xpath","value":"//*[@id=\"__tile31\"]"}
COMMAND: POST /session/771d3c9ffdb5f6a869ae0a3bf138e088/element/f.C725D2739C9BAC73399F894D32ABC418.d.D44724FC1264F76A8C853AAAC9369412.e.7878/click - {}
RESULT: {}
COMMAND: GET /session/771d3c9ffdb5f6a869ae0a3bf138e088/screenshot - {}
RESULT: {}
RESULT: undefined
COMMAND: POST /session/771d3c9ffdb5f6a869ae0a3bf138e088/element - {"using":"xpath","value":"//button[@data-kt=\"addNewRUOverflowToolbarButton\"]"}
RESULT: {"using":"xpath","value":"//button[@data-kt=\"addNewRUOverflowToolbarButton\"]"}
COMMAND: POST /session/771d3c9ffdb5f6a869ae0a3bf138e088/element - {"using":"xpath","value":"//button[@data-kt=\"addNewRUOverflowToolbarButton\"]"}
RESULT: {"using":"xpath","value":"//button[@data-kt=\"addNewRUOverflowToolbarButton\"]"}
COMMAND: POST /session/771d3c9ffdb5f6a869ae0a3bf138e088/element - {"using":"xpath","value":"//button[@data-kt=\"addNewRUOverflowToolbarButton\"]"}
RESULT: {"using":"xpath","value":"//button[@data-kt=\"addNewRUOverflowToolbarButton\"]"}
COMMAND: POST /session/771d3c9ffdb5f6a869ae0a3bf138e088/element - {"using":"xpath","value":"//button[@data-kt=\"addNewRUOverflowToolbarButton\"]"}
RESULT: {"using":"xpath","value":"//button[@data-kt=\"addNewRUOverflowToolbarButton\"]"}
COMMAND: POST /session/771d3c9ffdb5f6a869ae0a3bf138e088/execute/sync - {"script":"<script> [8489 bytes]","args":[{"element-6066-11e4-a52e-4f735466cecf":"f.C725D2739C9BAC73399F894D32ABC418.d.D44724FC1264F76A8C853AAAC9369412.e.8001","ELEMENT":"f.C725D2739C9BAC73399F894D32ABC418.d.D44724FC1264F76A8C853AAAC9369412.e.8001"}]}
RESULT: {"script":"<script> [8489 bytes]","args":[{"element-6066-11e4-a52e-4f735466cecf":"f.C725D2739C9BAC73399F894D32ABC418.d.D44724FC1264F76A8C853AAAC9369412.e.8001","ELEMENT":"f.C725D2739C9BAC73399F894D32ABC418.d.D44724FC1264F76A8C853AAAC9369412.e.8001"}]}
COMMAND: POST /session/771d3c9ffdb5f6a869ae0a3bf138e088/element/f.C725D2739C9BAC73399F894D32ABC418.d.D44724FC1264F76A8C853AAAC9369412.e.8001/click - {}
COMMAND: GET /session/771d3c9ffdb5f6a869ae0a3bf138e088/screenshot - {}
RESULT: {}
COMMAND: GET /session/771d3c9ffdb5f6a869ae0a3bf138e088/screenshot - {}
RESULT: {}
RESULT: {}
COMMAND: POST /session/771d3c9ffdb5f6a869ae0a3bf138e088/execute/async - {"script":"<script> [1562 bytes]","args":[{"selector":{"controlType":"sap.m.ComboBox","viewName":"reusables.view.manageresources.NewResourceUnit","viewId":"application-manageresources-display-component---newResourceUnit","bindingPath":{"path":"","propertyPath":"/RuTypes","modelName":"catalogModel"},"searchOpenDialogs":true},"wdio_ui5_key":"reusablesview.manageresources.NewResourceUnitsap.m.ComboBox{\"path\":\"\",\"propertyPath\":\"/RuTypes\",\"modelName\":\"catalogModel\"}"}]}
RESULT: {"script":"<script> [1562 bytes]","args":[{"selector":{"controlType":"sap.m.ComboBox","viewName":"reusables.view.manageresources.NewResourceUnit","viewId":"application-manageresources-display-component---newResourceUnit","bindingPath":{"path":"","propertyPath":"/RuTypes","modelName":"catalogModel"},"searchOpenDialogs":true},"wdio_ui5_key":"reusablesview.manageresources.NewResourceUnitsap.m.ComboBox{\"path\":\"\",\"propertyPath\":\"/RuTypes\",\"modelName\":\"catalogModel\"}"}]}
RESULT: undefined
COMMAND: POST /session/771d3c9ffdb5f6a869ae0a3bf138e088/execute/async - {"script":"<script> [1562 bytes]","args":[{"selector":{"controlType":"sap.m.ComboBox","viewName":"reusables.view.manageresources.NewResourceUnit","viewId":"application-manageresources-display-component---newResourceUnit","bindingPath":{"path":"","propertyPath":"/Yards","modelName":"catalogModel"},"searchOpenDialogs":true},"wdio_ui5_key":"reusablesview.manageresources.NewResourceUnitsap.m.ComboBox{\"path\":\"\",\"propertyPath\":\"/Yards\",\"modelName\":\"catalogModel\"}"}]}
RESULT: {"script":"<script> [1562 bytes]","args":[{"selector":{"controlType":"sap.m.ComboBox","viewName":"reusables.view.manageresources.NewResourceUnit","viewId":"application-manageresources-display-component---newResourceUnit","bindingPath":{"path":"","propertyPath":"/Yards","modelName":"catalogModel"},"searchOpenDialogs":true},"wdio_ui5_key":"reusablesview.manageresources.NewResourceUnitsap.m.ComboBox{\"path\":\"\",\"propertyPath\":\"/Yards\",\"modelName\":\"catalogModel\"}"}]}
RESULT: undefined
COMMAND: POST /session/771d3c9ffdb5f6a869ae0a3bf138e088/execute/async - {"script":"<script> [1562 bytes]","args":[{"selector":{"controlType":"etm.portal.ui.reusables.customControls.LiveSearchComboBox","viewName":"reusables.view.manageresources.NewResourceUnit","viewId":"application-manageresources-display-component---newResourceUnit","bindingPath":{"path":"","propertyPath":"/CatalogItems","modelName":"catalogModel"},"searchOpenDialogs":true},"wdio_ui5_key":"reusablesview.manageresources.NewResourceUnitetm.portal.ui.reusables.customControls.LiveSearchComboBox{\"path\":\"\",\"propertyPath\":\"/CatalogItems\",\"modelName\":\"catalogModel\"}"}]}
RESULT: {"script":"<script> [1562 bytes]","args":[{"selector":{"controlType":"etm.portal.ui.reusables.customControls.LiveSearchComboBox","viewName":"reusables.view.manageresources.NewResourceUnit","viewId":"application-manageresources-display-component---newResourceUnit","bindingPath":{"path":"","propertyPath":"/CatalogItems","modelName":"catalogModel"},"searchOpenDialogs":true},"wdio_ui5_key":"reusablesview.manageresources.NewResourceUnitetm.portal.ui.reusables.customControls.LiveSearchComboBox{\"path\":\"\",\"propertyPath\":\"/CatalogItems\",\"modelName\":\"catalogModel\"}"}]}
RESULT: undefined
COMMAND: POST /session/771d3c9ffdb5f6a869ae0a3bf138e088/element - {"using":"xpath","value":"//bdi[text()=\"OK\"]"}
RESULT: {"using":"xpath","value":"//bdi[text()=\"OK\"]"}
COMMAND: POST /session/771d3c9ffdb5f6a869ae0a3bf138e088/elements - {"using":"xpath","value":"//bdi[text()=\"OK\"]"}
RESULT: {"using":"xpath","value":"//bdi[text()=\"OK\"]"}
COMMAND: POST /session/771d3c9ffdb5f6a869ae0a3bf138e088/elements - {"using":"xpath","value":"//bdi[text()=\"OK\"]"}
RESULT: {"using":"xpath","value":"//bdi[text()=\"OK\"]"}
COMMAND: POST /session/771d3c9ffdb5f6a869ae0a3bf138e088/elements - {"using":"xpath","value":"//bdi[text()=\"OK\"]"}
RESULT: {"using":"xpath","value":"//bdi[text()=\"OK\"]"}
COMMAND: POST /session/771d3c9ffdb5f6a869ae0a3bf138e088/elements - {"using":"xpath","value":"//bdi[text()=\"OK\"]"}
RESULT: {"using":"xpath","value":"//bdi[text()=\"OK\"]"}
COMMAND: POST /session/771d3c9ffdb5f6a869ae0a3bf138e088/elements - {"using":"xpath","value":"//bdi[text()=\"OK\"]"}
RESULT: {"using":"xpath","value":"//bdi[text()=\"OK\"]"}
COMMAND: POST /session/771d3c9ffdb5f6a869ae0a3bf138e088/elements - {"using":"xpath","value":"//bdi[text()=\"OK\"]"}
RESULT: {"using":"xpath","value":"//bdi[text()=\"OK\"]"}
COMMAND: POST /session/771d3c9ffdb5f6a869ae0a3bf138e088/elements - {"using":"xpath","value":"//bdi[text()=\"OK\"]"}
RESULT: {"using":"xpath","value":"//bdi[text()=\"OK\"]"}
COMMAND: POST /session/771d3c9ffdb5f6a869ae0a3bf138e088/elements - {"using":"xpath","value":"//bdi[text()=\"OK\"]"}
RESULT: {"using":"xpath","value":"//bdi[text()=\"OK\"]"}
COMMAND: POST /session/771d3c9ffdb5f6a869ae0a3bf138e088/elements - {"using":"xpath","value":"//bdi[text()=\"OK\"]"}
RESULT: {"using":"xpath","value":"//bdi[text()=\"OK\"]"}
COMMAND: POST /session/771d3c9ffdb5f6a869ae0a3bf138e088/elements - {"using":"xpath","value":"//bdi[text()=\"OK\"]"}
RESULT: {"using":"xpath","value":"//bdi[text()=\"OK\"]"}
COMMAND: POST /session/771d3c9ffdb5f6a869ae0a3bf138e088/elements - {"using":"xpath","value":"//bdi[text()=\"OK\"]"}
RESULT: {"using":"xpath","value":"//bdi[text()=\"OK\"]"}
COMMAND: POST /session/771d3c9ffdb5f6a869ae0a3bf138e088/elements - {"using":"xpath","value":"//bdi[text()=\"OK\"]"}
RESULT: {"using":"xpath","value":"//bdi[text()=\"OK\"]"}
COMMAND: POST /session/771d3c9ffdb5f6a869ae0a3bf138e088/elements - {"using":"xpath","value":"//bdi[text()=\"OK\"]"}
RESULT: {"using":"xpath","value":"//bdi[text()=\"OK\"]"}
COMMAND: POST /session/771d3c9ffdb5f6a869ae0a3bf138e088/elements - {"using":"xpath","value":"//bdi[text()=\"OK\"]"}
RESULT: {"using":"xpath","value":"//bdi[text()=\"OK\"]"}
COMMAND: POST /session/771d3c9ffdb5f6a869ae0a3bf138e088/elements - {"using":"xpath","value":"//bdi[text()=\"OK\"]"}
RESULT: {"using":"xpath","value":"//bdi[text()=\"OK\"]"}
COMMAND: POST /session/771d3c9ffdb5f6a869ae0a3bf138e088/elements - {"using":"xpath","value":"//bdi[text()=\"OK\"]"}
RESULT: {"using":"xpath","value":"//bdi[text()=\"OK\"]"}
COMMAND: POST /session/771d3c9ffdb5f6a869ae0a3bf138e088/elements - {"using":"xpath","value":"//bdi[text()=\"OK\"]"}
RESULT: {"using":"xpath","value":"//bdi[text()=\"OK\"]"}
COMMAND: POST /session/771d3c9ffdb5f6a869ae0a3bf138e088/elements - {"using":"xpath","value":"//bdi[text()=\"OK\"]"}
RESULT: {"using":"xpath","value":"//bdi[text()=\"OK\"]"}
COMMAND: POST /session/771d3c9ffdb5f6a869ae0a3bf138e088/elements - {"using":"xpath","value":"//bdi[text()=\"OK\"]"}
RESULT: {"using":"xpath","value":"//bdi[text()=\"OK\"]"}
COMMAND: POST /session/771d3c9ffdb5f6a869ae0a3bf138e088/elements - {"using":"xpath","value":"//bdi[text()=\"OK\"]"}
RESULT: {"using":"xpath","value":"//bdi[text()=\"OK\"]"}
COMMAND: POST /session/771d3c9ffdb5f6a869ae0a3bf138e088/elements - {"using":"xpath","value":"//bdi[text()=\"OK\"]"}
RESULT: {"using":"xpath","value":"//bdi[text()=\"OK\"]"}
COMMAND: POST /session/771d3c9ffdb5f6a869ae0a3bf138e088/elements - {"using":"xpath","value":"//bdi[text()=\"OK\"]"}
RESULT: {"using":"xpath","value":"//bdi[text()=\"OK\"]"}
COMMAND: POST /session/771d3c9ffdb5f6a869ae0a3bf138e088/elements - {"using":"xpath","value":"//bdi[text()=\"OK\"]"}
RESULT: {"using":"xpath","value":"//bdi[text()=\"OK\"]"}
COMMAND: POST /session/771d3c9ffdb5f6a869ae0a3bf138e088/elements - {"using":"xpath","value":"//bdi[text()=\"OK\"]"}
RESULT: {"using":"xpath","value":"//bdi[text()=\"OK\"]"}
COMMAND: POST /session/771d3c9ffdb5f6a869ae0a3bf138e088/elements - {"using":"xpath","value":"//bdi[text()=\"OK\"]"}
RESULT: {"using":"xpath","value":"//bdi[text()=\"OK\"]"}
COMMAND: POST /session/771d3c9ffdb5f6a869ae0a3bf138e088/elements - {"using":"xpath","value":"//bdi[text()=\"OK\"]"}
RESULT: {"using":"xpath","value":"//bdi[text()=\"OK\"]"}
COMMAND: POST /session/771d3c9ffdb5f6a869ae0a3bf138e088/elements - {"using":"xpath","value":"//bdi[text()=\"OK\"]"}
RESULT: {"using":"xpath","value":"//bdi[text()=\"OK\"]"}
COMMAND: POST /session/771d3c9ffdb5f6a869ae0a3bf138e088/elements - {"using":"xpath","value":"//bdi[text()=\"OK\"]"}
RESULT: {"using":"xpath","value":"//bdi[text()=\"OK\"]"}
COMMAND: POST /session/771d3c9ffdb5f6a869ae0a3bf138e088/elements - {"using":"xpath","value":"//bdi[text()=\"OK\"]"}
RESULT: {"using":"xpath","value":"//bdi[text()=\"OK\"]"}
COMMAND: POST /session/771d3c9ffdb5f6a869ae0a3bf138e088/elements - {"using":"xpath","value":"//bdi[text()=\"OK\"]"}
RESULT: {"using":"xpath","value":"//bdi[text()=\"OK\"]"}
COMMAND: POST /session/771d3c9ffdb5f6a869ae0a3bf138e088/elements - {"using":"xpath","value":"//bdi[text()=\"OK\"]"}
RESULT: {"using":"xpath","value":"//bdi[text()=\"OK\"]"}
COMMAND: POST /session/771d3c9ffdb5f6a869ae0a3bf138e088/elements - {"using":"xpath","value":"//bdi[text()=\"OK\"]"}
RESULT: {"using":"xpath","value":"//bdi[text()=\"OK\"]"}
COMMAND: POST /session/771d3c9ffdb5f6a869ae0a3bf138e088/elements - {"using":"xpath","value":"//bdi[text()=\"OK\"]"}
RESULT: {"using":"xpath","value":"//bdi[text()=\"OK\"]"}
COMMAND: POST /session/771d3c9ffdb5f6a869ae0a3bf138e088/elements - {"using":"xpath","value":"//bdi[text()=\"OK\"]"}
RESULT: {"using":"xpath","value":"//bdi[text()=\"OK\"]"}
COMMAND: POST /session/771d3c9ffdb5f6a869ae0a3bf138e088/elements - {"using":"xpath","value":"//bdi[text()=\"OK\"]"}
RESULT: {"using":"xpath","value":"//bdi[text()=\"OK\"]"}
COMMAND: POST /session/771d3c9ffdb5f6a869ae0a3bf138e088/elements - {"using":"xpath","value":"//bdi[text()=\"OK\"]"}
RESULT: {"using":"xpath","value":"//bdi[text()=\"OK\"]"}
COMMAND: POST /session/771d3c9ffdb5f6a869ae0a3bf138e088/elements - {"using":"xpath","value":"//bdi[text()=\"OK\"]"}
RESULT: {"using":"xpath","value":"//bdi[text()=\"OK\"]"}
COMMAND: POST /session/771d3c9ffdb5f6a869ae0a3bf138e088/elements - {"using":"xpath","value":"//bdi[text()=\"OK\"]"}
RESULT: {"using":"xpath","value":"//bdi[text()=\"OK\"]"}
COMMAND: POST /session/771d3c9ffdb5f6a869ae0a3bf138e088/elements - {"using":"xpath","value":"//bdi[text()=\"OK\"]"}
RESULT: {"using":"xpath","value":"//bdi[text()=\"OK\"]"}
COMMAND: POST /session/771d3c9ffdb5f6a869ae0a3bf138e088/elements - {"using":"xpath","value":"//bdi[text()=\"OK\"]"}
RESULT: {"using":"xpath","value":"//bdi[text()=\"OK\"]"}
COMMAND: POST /session/771d3c9ffdb5f6a869ae0a3bf138e088/elements - {"using":"xpath","value":"//bdi[text()=\"OK\"]"}
RESULT: {"using":"xpath","value":"//bdi[text()=\"OK\"]"}
COMMAND: POST /session/771d3c9ffdb5f6a869ae0a3bf138e088/elements - {"using":"xpath","value":"//bdi[text()=\"OK\"]"}
RESULT: {"using":"xpath","value":"//bdi[text()=\"OK\"]"}
COMMAND: POST /session/771d3c9ffdb5f6a869ae0a3bf138e088/elements - {"using":"xpath","value":"//bdi[text()=\"OK\"]"}
RESULT: {"using":"xpath","value":"//bdi[text()=\"OK\"]"}
COMMAND: POST /session/771d3c9ffdb5f6a869ae0a3bf138e088/elements - {"using":"xpath","value":"//bdi[text()=\"OK\"]"}
RESULT: {"using":"xpath","value":"//bdi[text()=\"OK\"]"}
COMMAND: POST /session/771d3c9ffdb5f6a869ae0a3bf138e088/elements - {"using":"xpath","value":"//bdi[text()=\"OK\"]"}
RESULT: {"using":"xpath","value":"//bdi[text()=\"OK\"]"}
COMMAND: POST /session/771d3c9ffdb5f6a869ae0a3bf138e088/elements - {"using":"xpath","value":"//bdi[text()=\"OK\"]"}
RESULT: {"using":"xpath","value":"//bdi[text()=\"OK\"]"}
COMMAND: POST /session/771d3c9ffdb5f6a869ae0a3bf138e088/elements - {"using":"xpath","value":"//bdi[text()=\"OK\"]"}
RESULT: {"using":"xpath","value":"//bdi[text()=\"OK\"]"}
COMMAND: POST /session/771d3c9ffdb5f6a869ae0a3bf138e088/elements - {"using":"xpath","value":"//bdi[text()=\"OK\"]"}
RESULT: {"using":"xpath","value":"//bdi[text()=\"OK\"]"}
COMMAND: POST /session/771d3c9ffdb5f6a869ae0a3bf138e088/elements - {"using":"xpath","value":"//bdi[text()=\"OK\"]"}
RESULT: {"using":"xpath","value":"//bdi[text()=\"OK\"]"}
COMMAND: POST /session/771d3c9ffdb5f6a869ae0a3bf138e088/elements - {"using":"xpath","value":"//bdi[text()=\"OK\"]"}
RESULT: {"using":"xpath","value":"//bdi[text()=\"OK\"]"}
COMMAND: POST /session/771d3c9ffdb5f6a869ae0a3bf138e088/elements - {"using":"xpath","value":"//bdi[text()=\"OK\"]"}
RESULT: {"using":"xpath","value":"//bdi[text()=\"OK\"]"}
COMMAND: POST /session/771d3c9ffdb5f6a869ae0a3bf138e088/elements - {"using":"xpath","value":"//bdi[text()=\"OK\"]"}
RESULT: {"using":"xpath","value":"//bdi[text()=\"OK\"]"}
COMMAND: POST /session/771d3c9ffdb5f6a869ae0a3bf138e088/elements - {"using":"xpath","value":"//bdi[text()=\"OK\"]"}
RESULT: {"using":"xpath","value":"//bdi[text()=\"OK\"]"}
COMMAND: POST /session/771d3c9ffdb5f6a869ae0a3bf138e088/elements - {"using":"xpath","value":"//bdi[text()=\"OK\"]"}
RESULT: {"using":"xpath","value":"//bdi[text()=\"OK\"]"}
COMMAND: POST /session/771d3c9ffdb5f6a869ae0a3bf138e088/elements - {"using":"xpath","value":"//bdi[text()=\"OK\"]"}
RESULT: {"using":"xpath","value":"//bdi[text()=\"OK\"]"}
COMMAND: POST /session/771d3c9ffdb5f6a869ae0a3bf138e088/elements - {"using":"xpath","value":"//bdi[text()=\"OK\"]"}
RESULT: {"using":"xpath","value":"//bdi[text()=\"OK\"]"}
COMMAND: POST /session/771d3c9ffdb5f6a869ae0a3bf138e088/elements - {"using":"xpath","value":"//bdi[text()=\"OK\"]"}
RESULT: {"using":"xpath","value":"//bdi[text()=\"OK\"]"}
COMMAND: POST /session/771d3c9ffdb5f6a869ae0a3bf138e088/elements - {"using":"xpath","value":"//bdi[text()=\"OK\"]"}
RESULT: {"using":"xpath","value":"//bdi[text()=\"OK\"]"}
COMMAND: POST /session/771d3c9ffdb5f6a869ae0a3bf138e088/elements - {"using":"xpath","value":"//bdi[text()=\"OK\"]"}
RESULT: {"using":"xpath","value":"//bdi[text()=\"OK\"]"}
COMMAND: POST /session/771d3c9ffdb5f6a869ae0a3bf138e088/elements - {"using":"xpath","value":"//bdi[text()=\"OK\"]"}
RESULT: {"using":"xpath","value":"//bdi[text()=\"OK\"]"}
COMMAND: POST /session/771d3c9ffdb5f6a869ae0a3bf138e088/elements - {"using":"xpath","value":"//bdi[text()=\"OK\"]"}
RESULT: {"using":"xpath","value":"//bdi[text()=\"OK\"]"}
COMMAND: POST /session/771d3c9ffdb5f6a869ae0a3bf138e088/elements - {"using":"xpath","value":"//bdi[text()=\"OK\"]"}
RESULT: {"using":"xpath","value":"//bdi[text()=\"OK\"]"}
COMMAND: POST /session/771d3c9ffdb5f6a869ae0a3bf138e088/elements - {"using":"xpath","value":"//bdi[text()=\"OK\"]"}
RESULT: {"using":"xpath","value":"//bdi[text()=\"OK\"]"}
COMMAND: POST /session/771d3c9ffdb5f6a869ae0a3bf138e088/elements - {"using":"xpath","value":"//bdi[text()=\"OK\"]"}
RESULT: {"using":"xpath","value":"//bdi[text()=\"OK\"]"}
COMMAND: POST /session/771d3c9ffdb5f6a869ae0a3bf138e088/elements - {"using":"xpath","value":"//bdi[text()=\"OK\"]"}
RESULT: {"using":"xpath","value":"//bdi[text()=\"OK\"]"}
COMMAND: POST /session/771d3c9ffdb5f6a869ae0a3bf138e088/elements - {"using":"xpath","value":"//bdi[text()=\"OK\"]"}
RESULT: {"using":"xpath","value":"//bdi[text()=\"OK\"]"}
COMMAND: POST /session/771d3c9ffdb5f6a869ae0a3bf138e088/elements - {"using":"xpath","value":"//bdi[text()=\"OK\"]"}
RESULT: {"using":"xpath","value":"//bdi[text()=\"OK\"]"}
COMMAND: POST /session/771d3c9ffdb5f6a869ae0a3bf138e088/elements - {"using":"xpath","value":"//bdi[text()=\"OK\"]"}
RESULT: {"using":"xpath","value":"//bdi[text()=\"OK\"]"}
COMMAND: POST /session/771d3c9ffdb5f6a869ae0a3bf138e088/elements - {"using":"xpath","value":"//bdi[text()=\"OK\"]"}
RESULT: {"using":"xpath","value":"//bdi[text()=\"OK\"]"}
COMMAND: POST /session/771d3c9ffdb5f6a869ae0a3bf138e088/elements - {"using":"xpath","value":"//bdi[text()=\"OK\"]"}
RESULT: {"using":"xpath","value":"//bdi[text()=\"OK\"]"}
COMMAND: POST /session/771d3c9ffdb5f6a869ae0a3bf138e088/elements - {"using":"xpath","value":"//bdi[text()=\"OK\"]"}
RESULT: {"using":"xpath","value":"//bdi[text()=\"OK\"]"}
COMMAND: POST /session/771d3c9ffdb5f6a869ae0a3bf138e088/elements - {"using":"xpath","value":"//bdi[text()=\"OK\"]"}
RESULT: {"using":"xpath","value":"//bdi[text()=\"OK\"]"}
COMMAND: POST /session/771d3c9ffdb5f6a869ae0a3bf138e088/elements - {"using":"xpath","value":"//bdi[text()=\"OK\"]"}
RESULT: {"using":"xpath","value":"//bdi[text()=\"OK\"]"}
COMMAND: POST /session/771d3c9ffdb5f6a869ae0a3bf138e088/elements - {"using":"xpath","value":"//bdi[text()=\"OK\"]"}
RESULT: {"using":"xpath","value":"//bdi[text()=\"OK\"]"}
COMMAND: POST /session/771d3c9ffdb5f6a869ae0a3bf138e088/elements - {"using":"xpath","value":"//bdi[text()=\"OK\"]"}
RESULT: {"using":"xpath","value":"//bdi[text()=\"OK\"]"}
COMMAND: POST /session/771d3c9ffdb5f6a869ae0a3bf138e088/elements - {"using":"xpath","value":"//bdi[text()=\"OK\"]"}
RESULT: {"using":"xpath","value":"//bdi[text()=\"OK\"]"}
COMMAND: POST /session/771d3c9ffdb5f6a869ae0a3bf138e088/elements - {"using":"xpath","value":"//bdi[text()=\"OK\"]"}
RESULT: {"using":"xpath","value":"//bdi[text()=\"OK\"]"}
COMMAND: POST /session/771d3c9ffdb5f6a869ae0a3bf138e088/elements - {"using":"xpath","value":"//bdi[text()=\"OK\"]"}
RESULT: {"using":"xpath","value":"//bdi[text()=\"OK\"]"}
COMMAND: POST /session/771d3c9ffdb5f6a869ae0a3bf138e088/elements - {"using":"xpath","value":"//bdi[text()=\"OK\"]"}
RESULT: {"using":"xpath","value":"//bdi[text()=\"OK\"]"}
COMMAND: POST /session/771d3c9ffdb5f6a869ae0a3bf138e088/elements - {"using":"xpath","value":"//bdi[text()=\"OK\"]"}
RESULT: {"using":"xpath","value":"//bdi[text()=\"OK\"]"}
COMMAND: POST /session/771d3c9ffdb5f6a869ae0a3bf138e088/elements - {"using":"xpath","value":"//bdi[text()=\"OK\"]"}
RESULT: {"using":"xpath","value":"//bdi[text()=\"OK\"]"}
COMMAND: POST /session/771d3c9ffdb5f6a869ae0a3bf138e088/elements - {"using":"xpath","value":"//bdi[text()=\"OK\"]"}
RESULT: {"using":"xpath","value":"//bdi[text()=\"OK\"]"}
COMMAND: POST /session/771d3c9ffdb5f6a869ae0a3bf138e088/elements - {"using":"xpath","value":"//bdi[text()=\"OK\"]"}
RESULT: {"using":"xpath","value":"//bdi[text()=\"OK\"]"}
COMMAND: POST /session/771d3c9ffdb5f6a869ae0a3bf138e088/elements - {"using":"xpath","value":"//bdi[text()=\"OK\"]"}
RESULT: {"using":"xpath","value":"//bdi[text()=\"OK\"]"}
COMMAND: POST /session/771d3c9ffdb5f6a869ae0a3bf138e088/elements - {"using":"xpath","value":"//bdi[text()=\"OK\"]"}
RESULT: {"using":"xpath","value":"//bdi[text()=\"OK\"]"}
COMMAND: POST /session/771d3c9ffdb5f6a869ae0a3bf138e088/elements - {"using":"xpath","value":"//bdi[text()=\"OK\"]"}
RESULT: {"using":"xpath","value":"//bdi[text()=\"OK\"]"}
COMMAND: POST /session/771d3c9ffdb5f6a869ae0a3bf138e088/elements - {"using":"xpath","value":"//bdi[text()=\"OK\"]"}
RESULT: {"using":"xpath","value":"//bdi[text()=\"OK\"]"}
COMMAND: POST /session/771d3c9ffdb5f6a869ae0a3bf138e088/elements - {"using":"xpath","value":"//bdi[text()=\"OK\"]"}
RESULT: {"using":"xpath","value":"//bdi[text()=\"OK\"]"}
COMMAND: POST /session/771d3c9ffdb5f6a869ae0a3bf138e088/elements - {"using":"xpath","value":"//bdi[text()=\"OK\"]"}
RESULT: {"using":"xpath","value":"//bdi[text()=\"OK\"]"}
COMMAND: POST /session/771d3c9ffdb5f6a869ae0a3bf138e088/elements - {"using":"xpath","value":"//bdi[text()=\"OK\"]"}
RESULT: {"using":"xpath","value":"//bdi[text()=\"OK\"]"}
COMMAND: POST /session/771d3c9ffdb5f6a869ae0a3bf138e088/elements - {"using":"xpath","value":"//bdi[text()=\"OK\"]"}
RESULT: {"using":"xpath","value":"//bdi[text()=\"OK\"]"}
COMMAND: POST /session/771d3c9ffdb5f6a869ae0a3bf138e088/elements - {"using":"xpath","value":"//bdi[text()=\"OK\"]"}
RESULT: {"using":"xpath","value":"//bdi[text()=\"OK\"]"}
COMMAND: POST /session/771d3c9ffdb5f6a869ae0a3bf138e088/elements - {"using":"xpath","value":"//bdi[text()=\"OK\"]"}
RESULT: {"using":"xpath","value":"//bdi[text()=\"OK\"]"}
COMMAND: POST /session/771d3c9ffdb5f6a869ae0a3bf138e088/elements - {"using":"xpath","value":"//bdi[text()=\"OK\"]"}
RESULT: {"using":"xpath","value":"//bdi[text()=\"OK\"]"}
COMMAND: POST /session/771d3c9ffdb5f6a869ae0a3bf138e088/elements - {"using":"xpath","value":"//bdi[text()=\"OK\"]"}
RESULT: {"using":"xpath","value":"//bdi[text()=\"OK\"]"}
COMMAND: POST /session/771d3c9ffdb5f6a869ae0a3bf138e088/elements - {"using":"xpath","value":"//bdi[text()=\"OK\"]"}
RESULT: {"using":"xpath","value":"//bdi[text()=\"OK\"]"}
COMMAND: POST /session/771d3c9ffdb5f6a869ae0a3bf138e088/elements - {"using":"xpath","value":"//bdi[text()=\"OK\"]"}
RESULT: {"using":"xpath","value":"//bdi[text()=\"OK\"]"}
COMMAND: POST /session/771d3c9ffdb5f6a869ae0a3bf138e088/elements - {"using":"xpath","value":"//bdi[text()=\"OK\"]"}
RESULT: {"using":"xpath","value":"//bdi[text()=\"OK\"]"}
COMMAND: POST /session/771d3c9ffdb5f6a869ae0a3bf138e088/elements - {"using":"xpath","value":"//bdi[text()=\"OK\"]"}
RESULT: {"using":"xpath","value":"//bdi[text()=\"OK\"]"}
COMMAND: POST /session/771d3c9ffdb5f6a869ae0a3bf138e088/elements - {"using":"xpath","value":"//bdi[text()=\"OK\"]"}
RESULT: {"using":"xpath","value":"//bdi[text()=\"OK\"]"}
COMMAND: POST /session/771d3c9ffdb5f6a869ae0a3bf138e088/elements - {"using":"xpath","value":"//bdi[text()=\"OK\"]"}
RESULT: {"using":"xpath","value":"//bdi[text()=\"OK\"]"}
COMMAND: POST /session/771d3c9ffdb5f6a869ae0a3bf138e088/elements - {"using":"xpath","value":"//bdi[text()=\"OK\"]"}
RESULT: {"using":"xpath","value":"//bdi[text()=\"OK\"]"}
COMMAND: POST /session/771d3c9ffdb5f6a869ae0a3bf138e088/elements - {"using":"xpath","value":"//bdi[text()=\"OK\"]"}
RESULT: {"using":"xpath","value":"//bdi[text()=\"OK\"]"}
COMMAND: POST /session/771d3c9ffdb5f6a869ae0a3bf138e088/elements - {"using":"xpath","value":"//bdi[text()=\"OK\"]"}
RESULT: {"using":"xpath","value":"//bdi[text()=\"OK\"]"}
COMMAND: POST /session/771d3c9ffdb5f6a869ae0a3bf138e088/elements - {"using":"xpath","value":"//bdi[text()=\"OK\"]"}
RESULT: {"using":"xpath","value":"//bdi[text()=\"OK\"]"}
COMMAND: POST /session/771d3c9ffdb5f6a869ae0a3bf138e088/elements - {"using":"xpath","value":"//bdi[text()=\"OK\"]"}
RESULT: {"using":"xpath","value":"//bdi[text()=\"OK\"]"}
COMMAND: POST /session/771d3c9ffdb5f6a869ae0a3bf138e088/elements - {"using":"xpath","value":"//bdi[text()=\"OK\"]"}
RESULT: {"using":"xpath","value":"//bdi[text()=\"OK\"]"}
COMMAND: POST /session/771d3c9ffdb5f6a869ae0a3bf138e088/elements - {"using":"xpath","value":"//bdi[text()=\"OK\"]"}
RESULT: {"using":"xpath","value":"//bdi[text()=\"OK\"]"}
COMMAND: POST /session/771d3c9ffdb5f6a869ae0a3bf138e088/elements - {"using":"xpath","value":"//bdi[text()=\"OK\"]"}
RESULT: {"using":"xpath","value":"//bdi[text()=\"OK\"]"}
COMMAND: POST /session/771d3c9ffdb5f6a869ae0a3bf138e088/elements - {"using":"xpath","value":"//bdi[text()=\"OK\"]"}
RESULT: {"using":"xpath","value":"//bdi[text()=\"OK\"]"}
COMMAND: POST /session/771d3c9ffdb5f6a869ae0a3bf138e088/elements - {"using":"xpath","value":"//bdi[text()=\"OK\"]"}
RESULT: {"using":"xpath","value":"//bdi[text()=\"OK\"]"}
COMMAND: POST /session/771d3c9ffdb5f6a869ae0a3bf138e088/elements - {"using":"xpath","value":"//bdi[text()=\"OK\"]"}
RESULT: {"using":"xpath","value":"//bdi[text()=\"OK\"]"}
COMMAND: POST /session/771d3c9ffdb5f6a869ae0a3bf138e088/elements - {"using":"xpath","value":"//bdi[text()=\"OK\"]"}
RESULT: {"using":"xpath","value":"//bdi[text()=\"OK\"]"}
COMMAND: POST /session/771d3c9ffdb5f6a869ae0a3bf138e088/elements - {"using":"xpath","value":"//bdi[text()=\"OK\"]"}
RESULT: {"using":"xpath","value":"//bdi[text()=\"OK\"]"}
COMMAND: POST /session/771d3c9ffdb5f6a869ae0a3bf138e088/elements - {"using":"xpath","value":"//bdi[text()=\"OK\"]"}
RESULT: {"using":"xpath","value":"//bdi[text()=\"OK\"]"}
COMMAND: POST /session/771d3c9ffdb5f6a869ae0a3bf138e088/elements - {"using":"xpath","value":"//bdi[text()=\"OK\"]"}
RESULT: {"using":"xpath","value":"//bdi[text()=\"OK\"]"}
COMMAND: POST /session/771d3c9ffdb5f6a869ae0a3bf138e088/elements - {"using":"xpath","value":"//bdi[text()=\"OK\"]"}
RESULT: {"using":"xpath","value":"//bdi[text()=\"OK\"]"}
COMMAND: POST /session/771d3c9ffdb5f6a869ae0a3bf138e088/elements - {"using":"xpath","value":"//bdi[text()=\"OK\"]"}
RESULT: {"using":"xpath","value":"//bdi[text()=\"OK\"]"}
COMMAND: POST /session/771d3c9ffdb5f6a869ae0a3bf138e088/elements - {"using":"xpath","value":"//bdi[text()=\"OK\"]"}
RESULT: {"using":"xpath","value":"//bdi[text()=\"OK\"]"}
COMMAND: POST /session/771d3c9ffdb5f6a869ae0a3bf138e088/elements - {"using":"xpath","value":"//bdi[text()=\"OK\"]"}
RESULT: {"using":"xpath","value":"//bdi[text()=\"OK\"]"}
COMMAND: POST /session/771d3c9ffdb5f6a869ae0a3bf138e088/elements - {"using":"xpath","value":"//bdi[text()=\"OK\"]"}
RESULT: {"using":"xpath","value":"//bdi[text()=\"OK\"]"}
COMMAND: POST /session/771d3c9ffdb5f6a869ae0a3bf138e088/element - {"using":"xpath","value":"//bdi[text()=\"OK\"]"}
RESULT: {"using":"xpath","value":"//bdi[text()=\"OK\"]"}
COMMAND: POST /session/771d3c9ffdb5f6a869ae0a3bf138e088/elements - {"using":"xpath","value":"//bdi[text()=\"OK\"]"}
RESULT: {"using":"xpath","value":"//bdi[text()=\"OK\"]"}
COMMAND: POST /session/771d3c9ffdb5f6a869ae0a3bf138e088/elements - {"using":"xpath","value":"//bdi[text()=\"OK\"]"}
RESULT: {"using":"xpath","value":"//bdi[text()=\"OK\"]"}
COMMAND: POST /session/771d3c9ffdb5f6a869ae0a3bf138e088/elements - {"using":"xpath","value":"//bdi[text()=\"OK\"]"}
RESULT: {"using":"xpath","value":"//bdi[text()=\"OK\"]"}
COMMAND: POST /session/771d3c9ffdb5f6a869ae0a3bf138e088/elements - {"using":"xpath","value":"//bdi[text()=\"OK\"]"}
RESULT: {"using":"xpath","value":"//bdi[text()=\"OK\"]"}
COMMAND: POST /session/771d3c9ffdb5f6a869ae0a3bf138e088/elements - {"using":"xpath","value":"//bdi[text()=\"OK\"]"}
RESULT: {"using":"xpath","value":"//bdi[text()=\"OK\"]"}
COMMAND: POST /session/771d3c9ffdb5f6a869ae0a3bf138e088/elements - {"using":"xpath","value":"//bdi[text()=\"OK\"]"}
RESULT: {"using":"xpath","value":"//bdi[text()=\"OK\"]"}
COMMAND: POST /session/771d3c9ffdb5f6a869ae0a3bf138e088/elements - {"using":"xpath","value":"//bdi[text()=\"OK\"]"}
RESULT: {"using":"xpath","value":"//bdi[text()=\"OK\"]"}
COMMAND: POST /session/771d3c9ffdb5f6a869ae0a3bf138e088/elements - {"using":"xpath","value":"//bdi[text()=\"OK\"]"}
RESULT: {"using":"xpath","value":"//bdi[text()=\"OK\"]"}
COMMAND: POST /session/771d3c9ffdb5f6a869ae0a3bf138e088/elements - {"using":"xpath","value":"//bdi[text()=\"OK\"]"}
RESULT: {"using":"xpath","value":"//bdi[text()=\"OK\"]"}
COMMAND: POST /session/771d3c9ffdb5f6a869ae0a3bf138e088/elements - {"using":"xpath","value":"//bdi[text()=\"OK\"]"}
RESULT: {"using":"xpath","value":"//bdi[text()=\"OK\"]"}
COMMAND: POST /session/771d3c9ffdb5f6a869ae0a3bf138e088/elements - {"using":"xpath","value":"//bdi[text()=\"OK\"]"}
RESULT: {"using":"xpath","value":"//bdi[text()=\"OK\"]"}
COMMAND: POST /session/771d3c9ffdb5f6a869ae0a3bf138e088/elements - {"using":"xpath","value":"//bdi[text()=\"OK\"]"}
RESULT: {"using":"xpath","value":"//bdi[text()=\"OK\"]"}
COMMAND: POST /session/771d3c9ffdb5f6a869ae0a3bf138e088/elements - {"using":"xpath","value":"//bdi[text()=\"OK\"]"}
RESULT: {"using":"xpath","value":"//bdi[text()=\"OK\"]"}
COMMAND: POST /session/771d3c9ffdb5f6a869ae0a3bf138e088/elements - {"using":"xpath","value":"//bdi[text()=\"OK\"]"}
RESULT: {"using":"xpath","value":"//bdi[text()=\"OK\"]"}
COMMAND: POST /session/771d3c9ffdb5f6a869ae0a3bf138e088/elements - {"using":"xpath","value":"//bdi[text()=\"OK\"]"}
RESULT: {"using":"xpath","value":"//bdi[text()=\"OK\"]"}
COMMAND: POST /session/771d3c9ffdb5f6a869ae0a3bf138e088/elements - {"using":"xpath","value":"//bdi[text()=\"OK\"]"}
RESULT: {"using":"xpath","value":"//bdi[text()=\"OK\"]"}
COMMAND: POST /session/771d3c9ffdb5f6a869ae0a3bf138e088/elements - {"using":"xpath","value":"//bdi[text()=\"OK\"]"}
RESULT: {"using":"xpath","value":"//bdi[text()=\"OK\"]"}
COMMAND: POST /session/771d3c9ffdb5f6a869ae0a3bf138e088/elements - {"using":"xpath","value":"//bdi[text()=\"OK\"]"}
RESULT: {"using":"xpath","value":"//bdi[text()=\"OK\"]"}
COMMAND: POST /session/771d3c9ffdb5f6a869ae0a3bf138e088/elements - {"using":"xpath","value":"//bdi[text()=\"OK\"]"}
RESULT: {"using":"xpath","value":"//bdi[text()=\"OK\"]"}
COMMAND: POST /session/771d3c9ffdb5f6a869ae0a3bf138e088/elements - {"using":"xpath","value":"//bdi[text()=\"OK\"]"}
RESULT: {"using":"xpath","value":"//bdi[text()=\"OK\"]"}
COMMAND: POST /session/771d3c9ffdb5f6a869ae0a3bf138e088/elements - {"using":"xpath","value":"//bdi[text()=\"OK\"]"}
RESULT: {"using":"xpath","value":"//bdi[text()=\"OK\"]"}
COMMAND: POST /session/771d3c9ffdb5f6a869ae0a3bf138e088/elements - {"using":"xpath","value":"//bdi[text()=\"OK\"]"}
RESULT: {"using":"xpath","value":"//bdi[text()=\"OK\"]"}
COMMAND: POST /session/771d3c9ffdb5f6a869ae0a3bf138e088/elements - {"using":"xpath","value":"//bdi[text()=\"OK\"]"}
RESULT: {"using":"xpath","value":"//bdi[text()=\"OK\"]"}
COMMAND: POST /session/771d3c9ffdb5f6a869ae0a3bf138e088/elements - {"using":"xpath","value":"//bdi[text()=\"OK\"]"}
RESULT: {"using":"xpath","value":"//bdi[text()=\"OK\"]"}
COMMAND: POST /session/771d3c9ffdb5f6a869ae0a3bf138e088/elements - {"using":"xpath","value":"//bdi[text()=\"OK\"]"}
RESULT: {"using":"xpath","value":"//bdi[text()=\"OK\"]"}
COMMAND: POST /session/771d3c9ffdb5f6a869ae0a3bf138e088/elements - {"using":"xpath","value":"//bdi[text()=\"OK\"]"}
RESULT: {"using":"xpath","value":"//bdi[text()=\"OK\"]"}
COMMAND: POST /session/771d3c9ffdb5f6a869ae0a3bf138e088/elements - {"using":"xpath","value":"//bdi[text()=\"OK\"]"}
RESULT: {"using":"xpath","value":"//bdi[text()=\"OK\"]"}
COMMAND: POST /session/771d3c9ffdb5f6a869ae0a3bf138e088/elements - {"using":"xpath","value":"//bdi[text()=\"OK\"]"}
RESULT: {"using":"xpath","value":"//bdi[text()=\"OK\"]"}
COMMAND: POST /session/771d3c9ffdb5f6a869ae0a3bf138e088/elements - {"using":"xpath","value":"//bdi[text()=\"OK\"]"}
RESULT: {"using":"xpath","value":"//bdi[text()=\"OK\"]"}
COMMAND: POST /session/771d3c9ffdb5f6a869ae0a3bf138e088/elements - {"using":"xpath","value":"//bdi[text()=\"OK\"]"}
RESULT: {"using":"xpath","value":"//bdi[text()=\"OK\"]"}
COMMAND: POST /session/771d3c9ffdb5f6a869ae0a3bf138e088/elements - {"using":"xpath","value":"//bdi[text()=\"OK\"]"}
RESULT: {"using":"xpath","value":"//bdi[text()=\"OK\"]"}
COMMAND: POST /session/771d3c9ffdb5f6a869ae0a3bf138e088/elements - {"using":"xpath","value":"//bdi[text()=\"OK\"]"}
RESULT: {"using":"xpath","value":"//bdi[text()=\"OK\"]"}
COMMAND: POST /session/771d3c9ffdb5f6a869ae0a3bf138e088/elements - {"using":"xpath","value":"//bdi[text()=\"OK\"]"}
RESULT: {"using":"xpath","value":"//bdi[text()=\"OK\"]"}
COMMAND: POST /session/771d3c9ffdb5f6a869ae0a3bf138e088/elements - {"using":"xpath","value":"//bdi[text()=\"OK\"]"}
RESULT: {"using":"xpath","value":"//bdi[text()=\"OK\"]"}
COMMAND: POST /session/771d3c9ffdb5f6a869ae0a3bf138e088/elements - {"using":"xpath","value":"//bdi[text()=\"OK\"]"}
RESULT: {"using":"xpath","value":"//bdi[text()=\"OK\"]"}
COMMAND: POST /session/771d3c9ffdb5f6a869ae0a3bf138e088/elements - {"using":"xpath","value":"//bdi[text()=\"OK\"]"}
RESULT: {"using":"xpath","value":"//bdi[text()=\"OK\"]"}
COMMAND: POST /session/771d3c9ffdb5f6a869ae0a3bf138e088/elements - {"using":"xpath","value":"//bdi[text()=\"OK\"]"}
RESULT: {"using":"xpath","value":"//bdi[text()=\"OK\"]"}
COMMAND: POST /session/771d3c9ffdb5f6a869ae0a3bf138e088/elements - {"using":"xpath","value":"//bdi[text()=\"OK\"]"}
RESULT: {"using":"xpath","value":"//bdi[text()=\"OK\"]"}
COMMAND: POST /session/771d3c9ffdb5f6a869ae0a3bf138e088/elements - {"using":"xpath","value":"//bdi[text()=\"OK\"]"}
RESULT: {"using":"xpath","value":"//bdi[text()=\"OK\"]"}
COMMAND: POST /session/771d3c9ffdb5f6a869ae0a3bf138e088/elements - {"using":"xpath","value":"//bdi[text()=\"OK\"]"}
RESULT: {"using":"xpath","value":"//bdi[text()=\"OK\"]"}
COMMAND: POST /session/771d3c9ffdb5f6a869ae0a3bf138e088/elements - {"using":"xpath","value":"//bdi[text()=\"OK\"]"}
RESULT: {"using":"xpath","value":"//bdi[text()=\"OK\"]"}
COMMAND: POST /session/771d3c9ffdb5f6a869ae0a3bf138e088/elements - {"using":"xpath","value":"//bdi[text()=\"OK\"]"}
RESULT: {"using":"xpath","value":"//bdi[text()=\"OK\"]"}
COMMAND: POST /session/771d3c9ffdb5f6a869ae0a3bf138e088/elements - {"using":"xpath","value":"//bdi[text()=\"OK\"]"}
RESULT: {"using":"xpath","value":"//bdi[text()=\"OK\"]"}
COMMAND: POST /session/771d3c9ffdb5f6a869ae0a3bf138e088/elements - {"using":"xpath","value":"//bdi[text()=\"OK\"]"}
RESULT: {"using":"xpath","value":"//bdi[text()=\"OK\"]"}
COMMAND: POST /session/771d3c9ffdb5f6a869ae0a3bf138e088/elements - {"using":"xpath","value":"//bdi[text()=\"OK\"]"}
RESULT: {"using":"xpath","value":"//bdi[text()=\"OK\"]"}
COMMAND: POST /session/771d3c9ffdb5f6a869ae0a3bf138e088/elements - {"using":"xpath","value":"//bdi[text()=\"OK\"]"}
RESULT: {"using":"xpath","value":"//bdi[text()=\"OK\"]"}
COMMAND: POST /session/771d3c9ffdb5f6a869ae0a3bf138e088/elements - {"using":"xpath","value":"//bdi[text()=\"OK\"]"}
RESULT: {"using":"xpath","value":"//bdi[text()=\"OK\"]"}
COMMAND: POST /session/771d3c9ffdb5f6a869ae0a3bf138e088/elements - {"using":"xpath","value":"//bdi[text()=\"OK\"]"}
RESULT: {"using":"xpath","value":"//bdi[text()=\"OK\"]"}
COMMAND: POST /session/771d3c9ffdb5f6a869ae0a3bf138e088/elements - {"using":"xpath","value":"//bdi[text()=\"OK\"]"}
RESULT: {"using":"xpath","value":"//bdi[text()=\"OK\"]"}
COMMAND: POST /session/771d3c9ffdb5f6a869ae0a3bf138e088/elements - {"using":"xpath","value":"//bdi[text()=\"OK\"]"}
RESULT: {"using":"xpath","value":"//bdi[text()=\"OK\"]"}
COMMAND: POST /session/771d3c9ffdb5f6a869ae0a3bf138e088/elements - {"using":"xpath","value":"//bdi[text()=\"OK\"]"}
RESULT: {"using":"xpath","value":"//bdi[text()=\"OK\"]"}
COMMAND: POST /session/771d3c9ffdb5f6a869ae0a3bf138e088/elements - {"using":"xpath","value":"//bdi[text()=\"OK\"]"}
RESULT: {"using":"xpath","value":"//bdi[text()=\"OK\"]"}
COMMAND: POST /session/771d3c9ffdb5f6a869ae0a3bf138e088/elements - {"using":"xpath","value":"//bdi[text()=\"OK\"]"}
RESULT: {"using":"xpath","value":"//bdi[text()=\"OK\"]"}
COMMAND: POST /session/771d3c9ffdb5f6a869ae0a3bf138e088/elements - {"using":"xpath","value":"//bdi[text()=\"OK\"]"}
RESULT: {"using":"xpath","value":"//bdi[text()=\"OK\"]"}
COMMAND: POST /session/771d3c9ffdb5f6a869ae0a3bf138e088/elements - {"using":"xpath","value":"//bdi[text()=\"OK\"]"}
RESULT: {"using":"xpath","value":"//bdi[text()=\"OK\"]"}
COMMAND: POST /session/771d3c9ffdb5f6a869ae0a3bf138e088/elements - {"using":"xpath","value":"//bdi[text()=\"OK\"]"}
RESULT: {"using":"xpath","value":"//bdi[text()=\"OK\"]"}
COMMAND: POST /session/771d3c9ffdb5f6a869ae0a3bf138e088/elements - {"using":"xpath","value":"//bdi[text()=\"OK\"]"}
RESULT: {"using":"xpath","value":"//bdi[text()=\"OK\"]"}
COMMAND: POST /session/771d3c9ffdb5f6a869ae0a3bf138e088/elements - {"using":"xpath","value":"//bdi[text()=\"OK\"]"}
RESULT: {"using":"xpath","value":"//bdi[text()=\"OK\"]"}
COMMAND: POST /session/771d3c9ffdb5f6a869ae0a3bf138e088/elements - {"using":"xpath","value":"//bdi[text()=\"OK\"]"}
RESULT: {"using":"xpath","value":"//bdi[text()=\"OK\"]"}
COMMAND: POST /session/771d3c9ffdb5f6a869ae0a3bf138e088/elements - {"using":"xpath","value":"//bdi[text()=\"OK\"]"}
RESULT: {"using":"xpath","value":"//bdi[text()=\"OK\"]"}
COMMAND: POST /session/771d3c9ffdb5f6a869ae0a3bf138e088/elements - {"using":"xpath","value":"//bdi[text()=\"OK\"]"}
RESULT: {"using":"xpath","value":"//bdi[text()=\"OK\"]"}
COMMAND: POST /session/771d3c9ffdb5f6a869ae0a3bf138e088/elements - {"using":"xpath","value":"//bdi[text()=\"OK\"]"}
RESULT: {"using":"xpath","value":"//bdi[text()=\"OK\"]"}
COMMAND: POST /session/771d3c9ffdb5f6a869ae0a3bf138e088/elements - {"using":"xpath","value":"//bdi[text()=\"OK\"]"}
RESULT: {"using":"xpath","value":"//bdi[text()=\"OK\"]"}
COMMAND: POST /session/771d3c9ffdb5f6a869ae0a3bf138e088/elements - {"using":"xpath","value":"//bdi[text()=\"OK\"]"}
RESULT: {"using":"xpath","value":"//bdi[text()=\"OK\"]"}
COMMAND: POST /session/771d3c9ffdb5f6a869ae0a3bf138e088/elements - {"using":"xpath","value":"//bdi[text()=\"OK\"]"}
RESULT: {"using":"xpath","value":"//bdi[text()=\"OK\"]"}
COMMAND: POST /session/771d3c9ffdb5f6a869ae0a3bf138e088/elements - {"using":"xpath","value":"//bdi[text()=\"OK\"]"}
RESULT: {"using":"xpath","value":"//bdi[text()=\"OK\"]"}
COMMAND: POST /session/771d3c9ffdb5f6a869ae0a3bf138e088/elements - {"using":"xpath","value":"//bdi[text()=\"OK\"]"}
RESULT: {"using":"xpath","value":"//bdi[text()=\"OK\"]"}
COMMAND: POST /session/771d3c9ffdb5f6a869ae0a3bf138e088/elements - {"using":"xpath","value":"//bdi[text()=\"OK\"]"}
RESULT: {"using":"xpath","value":"//bdi[text()=\"OK\"]"}
COMMAND: POST /session/771d3c9ffdb5f6a869ae0a3bf138e088/elements - {"using":"xpath","value":"//bdi[text()=\"OK\"]"}
RESULT: {"using":"xpath","value":"//bdi[text()=\"OK\"]"}
COMMAND: POST /session/771d3c9ffdb5f6a869ae0a3bf138e088/elements - {"using":"xpath","value":"//bdi[text()=\"OK\"]"}
RESULT: {"using":"xpath","value":"//bdi[text()=\"OK\"]"}
COMMAND: POST /session/771d3c9ffdb5f6a869ae0a3bf138e088/elements - {"using":"xpath","value":"//bdi[text()=\"OK\"]"}
RESULT: {"using":"xpath","value":"//bdi[text()=\"OK\"]"}
COMMAND: POST /session/771d3c9ffdb5f6a869ae0a3bf138e088/elements - {"using":"xpath","value":"//bdi[text()=\"OK\"]"}
RESULT: {"using":"xpath","value":"//bdi[text()=\"OK\"]"}
COMMAND: POST /session/771d3c9ffdb5f6a869ae0a3bf138e088/elements - {"using":"xpath","value":"//bdi[text()=\"OK\"]"}
RESULT: {"using":"xpath","value":"//bdi[text()=\"OK\"]"}
COMMAND: POST /session/771d3c9ffdb5f6a869ae0a3bf138e088/elements - {"using":"xpath","value":"//bdi[text()=\"OK\"]"}
RESULT: {"using":"xpath","value":"//bdi[text()=\"OK\"]"}
COMMAND: POST /session/771d3c9ffdb5f6a869ae0a3bf138e088/elements - {"using":"xpath","value":"//bdi[text()=\"OK\"]"}
RESULT: {"using":"xpath","value":"//bdi[text()=\"OK\"]"}
COMMAND: POST /session/771d3c9ffdb5f6a869ae0a3bf138e088/elements - {"using":"xpath","value":"//bdi[text()=\"OK\"]"}
RESULT: {"using":"xpath","value":"//bdi[text()=\"OK\"]"}
COMMAND: POST /session/771d3c9ffdb5f6a869ae0a3bf138e088/elements - {"using":"xpath","value":"//bdi[text()=\"OK\"]"}
RESULT: {"using":"xpath","value":"//bdi[text()=\"OK\"]"}
COMMAND: POST /session/771d3c9ffdb5f6a869ae0a3bf138e088/elements - {"using":"xpath","value":"//bdi[text()=\"OK\"]"}
RESULT: {"using":"xpath","value":"//bdi[text()=\"OK\"]"}
COMMAND: POST /session/771d3c9ffdb5f6a869ae0a3bf138e088/elements - {"using":"xpath","value":"//bdi[text()=\"OK\"]"}
RESULT: {"using":"xpath","value":"//bdi[text()=\"OK\"]"}
COMMAND: POST /session/771d3c9ffdb5f6a869ae0a3bf138e088/elements - {"using":"xpath","value":"//bdi[text()=\"OK\"]"}
RESULT: {"using":"xpath","value":"//bdi[text()=\"OK\"]"}
COMMAND: POST /session/771d3c9ffdb5f6a869ae0a3bf138e088/elements - {"using":"xpath","value":"//bdi[text()=\"OK\"]"}
RESULT: {"using":"xpath","value":"//bdi[text()=\"OK\"]"}
COMMAND: POST /session/771d3c9ffdb5f6a869ae0a3bf138e088/elements - {"using":"xpath","value":"//bdi[text()=\"OK\"]"}
RESULT: {"using":"xpath","value":"//bdi[text()=\"OK\"]"}
COMMAND: POST /session/771d3c9ffdb5f6a869ae0a3bf138e088/elements - {"using":"xpath","value":"//bdi[text()=\"OK\"]"}
RESULT: {"using":"xpath","value":"//bdi[text()=\"OK\"]"}
COMMAND: POST /session/771d3c9ffdb5f6a869ae0a3bf138e088/elements - {"using":"xpath","value":"//bdi[text()=\"OK\"]"}
RESULT: {"using":"xpath","value":"//bdi[text()=\"OK\"]"}
COMMAND: POST /session/771d3c9ffdb5f6a869ae0a3bf138e088/elements - {"using":"xpath","value":"//bdi[text()=\"OK\"]"}
RESULT: {"using":"xpath","value":"//bdi[text()=\"OK\"]"}
COMMAND: POST /session/771d3c9ffdb5f6a869ae0a3bf138e088/elements - {"using":"xpath","value":"//bdi[text()=\"OK\"]"}
RESULT: {"using":"xpath","value":"//bdi[text()=\"OK\"]"}
COMMAND: POST /session/771d3c9ffdb5f6a869ae0a3bf138e088/elements - {"using":"xpath","value":"//bdi[text()=\"OK\"]"}
RESULT: {"using":"xpath","value":"//bdi[text()=\"OK\"]"}
COMMAND: POST /session/771d3c9ffdb5f6a869ae0a3bf138e088/elements - {"using":"xpath","value":"//bdi[text()=\"OK\"]"}
RESULT: {"using":"xpath","value":"//bdi[text()=\"OK\"]"}
COMMAND: POST /session/771d3c9ffdb5f6a869ae0a3bf138e088/elements - {"using":"xpath","value":"//bdi[text()=\"OK\"]"}
RESULT: {"using":"xpath","value":"//bdi[text()=\"OK\"]"}
COMMAND: POST /session/771d3c9ffdb5f6a869ae0a3bf138e088/elements - {"using":"xpath","value":"//bdi[text()=\"OK\"]"}
RESULT: {"using":"xpath","value":"//bdi[text()=\"OK\"]"}
COMMAND: POST /session/771d3c9ffdb5f6a869ae0a3bf138e088/elements - {"using":"xpath","value":"//bdi[text()=\"OK\"]"}
RESULT: {"using":"xpath","value":"//bdi[text()=\"OK\"]"}
COMMAND: POST /session/771d3c9ffdb5f6a869ae0a3bf138e088/elements - {"using":"xpath","value":"//bdi[text()=\"OK\"]"}
RESULT: {"using":"xpath","value":"//bdi[text()=\"OK\"]"}
COMMAND: POST /session/771d3c9ffdb5f6a869ae0a3bf138e088/elements - {"using":"xpath","value":"//bdi[text()=\"OK\"]"}
RESULT: {"using":"xpath","value":"//bdi[text()=\"OK\"]"}
COMMAND: POST /session/771d3c9ffdb5f6a869ae0a3bf138e088/elements - {"using":"xpath","value":"//bdi[text()=\"OK\"]"}
RESULT: {"using":"xpath","value":"//bdi[text()=\"OK\"]"}
COMMAND: POST /session/771d3c9ffdb5f6a869ae0a3bf138e088/elements - {"using":"xpath","value":"//bdi[text()=\"OK\"]"}
RESULT: {"using":"xpath","value":"//bdi[text()=\"OK\"]"}
COMMAND: POST /session/771d3c9ffdb5f6a869ae0a3bf138e088/elements - {"using":"xpath","value":"//bdi[text()=\"OK\"]"}
RESULT: {"using":"xpath","value":"//bdi[text()=\"OK\"]"}
COMMAND: POST /session/771d3c9ffdb5f6a869ae0a3bf138e088/elements - {"using":"xpath","value":"//bdi[text()=\"OK\"]"}
RESULT: {"using":"xpath","value":"//bdi[text()=\"OK\"]"}
COMMAND: POST /session/771d3c9ffdb5f6a869ae0a3bf138e088/elements - {"using":"xpath","value":"//bdi[text()=\"OK\"]"}
RESULT: {"using":"xpath","value":"//bdi[text()=\"OK\"]"}
COMMAND: POST /session/771d3c9ffdb5f6a869ae0a3bf138e088/elements - {"using":"xpath","value":"//bdi[text()=\"OK\"]"}
RESULT: {"using":"xpath","value":"//bdi[text()=\"OK\"]"}
COMMAND: POST /session/771d3c9ffdb5f6a869ae0a3bf138e088/elements - {"using":"xpath","value":"//bdi[text()=\"OK\"]"}
RESULT: {"using":"xpath","value":"//bdi[text()=\"OK\"]"}
COMMAND: POST /session/771d3c9ffdb5f6a869ae0a3bf138e088/elements - {"using":"xpath","value":"//bdi[text()=\"OK\"]"}
RESULT: {"using":"xpath","value":"//bdi[text()=\"OK\"]"}
COMMAND: POST /session/771d3c9ffdb5f6a869ae0a3bf138e088/elements - {"using":"xpath","value":"//bdi[text()=\"OK\"]"}
RESULT: {"using":"xpath","value":"//bdi[text()=\"OK\"]"}
COMMAND: POST /session/771d3c9ffdb5f6a869ae0a3bf138e088/elements - {"using":"xpath","value":"//bdi[text()=\"OK\"]"}
RESULT: {"using":"xpath","value":"//bdi[text()=\"OK\"]"}
COMMAND: POST /session/771d3c9ffdb5f6a869ae0a3bf138e088/elements - {"using":"xpath","value":"//bdi[text()=\"OK\"]"}
RESULT: {"using":"xpath","value":"//bdi[text()=\"OK\"]"}
COMMAND: POST /session/771d3c9ffdb5f6a869ae0a3bf138e088/elements - {"using":"xpath","value":"//bdi[text()=\"OK\"]"}
RESULT: {"using":"xpath","value":"//bdi[text()=\"OK\"]"}
COMMAND: POST /session/771d3c9ffdb5f6a869ae0a3bf138e088/elements - {"using":"xpath","value":"//bdi[text()=\"OK\"]"}
RESULT: {"using":"xpath","value":"//bdi[text()=\"OK\"]"}
COMMAND: POST /session/771d3c9ffdb5f6a869ae0a3bf138e088/elements - {"using":"xpath","value":"//bdi[text()=\"OK\"]"}
RESULT: {"using":"xpath","value":"//bdi[text()=\"OK\"]"}
COMMAND: POST /session/771d3c9ffdb5f6a869ae0a3bf138e088/elements - {"using":"xpath","value":"//bdi[text()=\"OK\"]"}
RESULT: {"using":"xpath","value":"//bdi[text()=\"OK\"]"}
COMMAND: POST /session/771d3c9ffdb5f6a869ae0a3bf138e088/elements - {"using":"xpath","value":"//bdi[text()=\"OK\"]"}
RESULT: {"using":"xpath","value":"//bdi[text()=\"OK\"]"}
COMMAND: POST /session/771d3c9ffdb5f6a869ae0a3bf138e088/elements - {"using":"xpath","value":"//bdi[text()=\"OK\"]"}
RESULT: {"using":"xpath","value":"//bdi[text()=\"OK\"]"}
COMMAND: POST /session/771d3c9ffdb5f6a869ae0a3bf138e088/elements - {"using":"xpath","value":"//bdi[text()=\"OK\"]"}
RESULT: {"using":"xpath","value":"//bdi[text()=\"OK\"]"}
COMMAND: POST /session/771d3c9ffdb5f6a869ae0a3bf138e088/elements - {"using":"xpath","value":"//bdi[text()=\"OK\"]"}
RESULT: {"using":"xpath","value":"//bdi[text()=\"OK\"]"}
COMMAND: POST /session/771d3c9ffdb5f6a869ae0a3bf138e088/elements - {"using":"xpath","value":"//bdi[text()=\"OK\"]"}
RESULT: {"using":"xpath","value":"//bdi[text()=\"OK\"]"}
COMMAND: POST /session/771d3c9ffdb5f6a869ae0a3bf138e088/elements - {"using":"xpath","value":"//bdi[text()=\"OK\"]"}
RESULT: {"using":"xpath","value":"//bdi[text()=\"OK\"]"}
COMMAND: POST /session/771d3c9ffdb5f6a869ae0a3bf138e088/elements - {"using":"xpath","value":"//bdi[text()=\"OK\"]"}
RESULT: {"using":"xpath","value":"//bdi[text()=\"OK\"]"}
COMMAND: POST /session/771d3c9ffdb5f6a869ae0a3bf138e088/elements - {"using":"xpath","value":"//bdi[text()=\"OK\"]"}
RESULT: {"using":"xpath","value":"//bdi[text()=\"OK\"]"}
COMMAND: POST /session/771d3c9ffdb5f6a869ae0a3bf138e088/elements - {"using":"xpath","value":"//bdi[text()=\"OK\"]"}
RESULT: {"using":"xpath","value":"//bdi[text()=\"OK\"]"}
COMMAND: POST /session/771d3c9ffdb5f6a869ae0a3bf138e088/elements - {"using":"xpath","value":"//bdi[text()=\"OK\"]"}
RESULT: {"using":"xpath","value":"//bdi[text()=\"OK\"]"}
COMMAND: POST /session/771d3c9ffdb5f6a869ae0a3bf138e088/elements - {"using":"xpath","value":"//bdi[text()=\"OK\"]"}
RESULT: {"using":"xpath","value":"//bdi[text()=\"OK\"]"}
COMMAND: POST /session/771d3c9ffdb5f6a869ae0a3bf138e088/elements - {"using":"xpath","value":"//bdi[text()=\"OK\"]"}
RESULT: {"using":"xpath","value":"//bdi[text()=\"OK\"]"}
COMMAND: POST /session/771d3c9ffdb5f6a869ae0a3bf138e088/elements - {"using":"xpath","value":"//bdi[text()=\"OK\"]"}
RESULT: {"using":"xpath","value":"//bdi[text()=\"OK\"]"}
COMMAND: POST /session/771d3c9ffdb5f6a869ae0a3bf138e088/execute/async - {"script":"<script> [1562 bytes]","args":[{"selector":{"id":"application-manageresources-display-component---newResourceUnit--TYPE-arrow"},"wdio_ui5_key":"applicationmanageresources-display-component---newResourceUnit--TYPE-arrow"}]}
RESULT: {"script":"<script> [1562 bytes]","args":[{"selector":{"id":"application-manageresources-display-component---newResourceUnit--TYPE-arrow"},"wdio_ui5_key":"applicationmanageresources-display-component---newResourceUnit--TYPE-arrow"}]}
RESULT: undefined
COMMAND: POST /session/771d3c9ffdb5f6a869ae0a3bf138e088/element - {"using":"xpath","value":"//*[@id=\"application-manageresources-display-component---newResourceUnit--TYPE-arrow\"]"}
RESULT: {"using":"xpath","value":"//*[@id=\"application-manageresources-display-component---newResourceUnit--TYPE-arrow\"]"}
COMMAND: POST /session/771d3c9ffdb5f6a869ae0a3bf138e088/element/f.C725D2739C9BAC73399F894D32ABC418.d.D44724FC1264F76A8C853AAAC9369412.e.8171/click - {}
RESULT: {}
COMMAND: POST /session/771d3c9ffdb5f6a869ae0a3bf138e088/execute/async - {"script":"<script> [1562 bytes]","args":[{"selector":{"controlType":"sap.m.StandardListItem","viewName":"reusables.view.manageresources.NewResourceUnit","viewId":"application-manageresources-display-component---newResourceUnit","properties":{"title":"Equipment"},"searchOpenDialogs":true,"interaction":{"idSuffix":"content"}},"wdio_ui5_key":"reusablesview.manageresources.NewResourceUnitsap.m.StandardListItem{\"title\":\"Equipment\"}"}]}
COMMAND: GET /session/771d3c9ffdb5f6a869ae0a3bf138e088/screenshot - {}
RESULT: {"script":"<script> [1562 bytes]","args":[{"selector":{"controlType":"sap.m.StandardListItem","viewName":"reusables.view.manageresources.NewResourceUnit","viewId":"application-manageresources-display-component---newResourceUnit","properties":{"title":"Equipment"},"searchOpenDialogs":true,"interaction":{"idSuffix":"content"}},"wdio_ui5_key":"reusablesview.manageresources.NewResourceUnitsap.m.StandardListItem{\"title\":\"Equipment\"}"}]}
RESULT: undefined
COMMAND: POST /session/771d3c9ffdb5f6a869ae0a3bf138e088/element - {"using":"xpath","value":"//*[@id=\"__item139\"]"}
RESULT: {}
RESULT: {"using":"xpath","value":"//*[@id=\"__item139\"]"}
COMMAND: POST /session/771d3c9ffdb5f6a869ae0a3bf138e088/element/f.C725D2739C9BAC73399F894D32ABC418.d.D44724FC1264F76A8C853AAAC9369412.e.8174/click - {}
RESULT: {}
COMMAND: POST /session/771d3c9ffdb5f6a869ae0a3bf138e088/execute/async - {"script":"<script> [1562 bytes]","args":[{"selector":{"id":"application-manageresources-display-component---newResourceUnit--resourceId","interaction":{"idSuffix":"inner"}},"wdio_ui5_key":"applicationmanageresources-display-component---newResourceUnit--resourceId"}]}
COMMAND: GET /session/771d3c9ffdb5f6a869ae0a3bf138e088/screenshot - {}
RESULT: {"script":"<script> [1562 bytes]","args":[{"selector":{"id":"application-manageresources-display-component---newResourceUnit--resourceId","interaction":{"idSuffix":"inner"}},"wdio_ui5_key":"applicationmanageresources-display-component---newResourceUnit--resourceId"}]}
RESULT: undefined
COMMAND: POST /session/771d3c9ffdb5f6a869ae0a3bf138e088/execute/async - {"script":"<script> [776 bytes]","args":[{"enterText":"EquipmentCounter f0mju","selector":{"id":"application-manageresources-display-component---newResourceUnit--resourceId","interaction":{"idSuffix":"inner"}},"clearTextFirst":true,"interactionType":"ENTER_TEXT"}]}
RESULT: {}
RESULT: {"script":"<script> [776 bytes]","args":[{"enterText":"EquipmentCounter f0mju","selector":{"id":"application-manageresources-display-component---newResourceUnit--resourceId","interaction":{"idSuffix":"inner"}},"clearTextFirst":true,"interactionType":"ENTER_TEXT"}]}
COMMAND: POST /session/771d3c9ffdb5f6a869ae0a3bf138e088/execute/async - {"script":"<script> [1562 bytes]","args":[{"selector":{"id":"application-manageresources-display-component---newResourceUnit--SHORT_TEXT","interaction":{"idSuffix":"inner"}},"wdio_ui5_key":"applicationmanageresources-display-component---newResourceUnit--SHORT_TEXT"}]}
RESULT: {"script":"<script> [1562 bytes]","args":[{"selector":{"id":"application-manageresources-display-component---newResourceUnit--SHORT_TEXT","interaction":{"idSuffix":"inner"}},"wdio_ui5_key":"applicationmanageresources-display-component---newResourceUnit--SHORT_TEXT"}]}
RESULT: undefined
COMMAND: POST /session/771d3c9ffdb5f6a869ae0a3bf138e088/execute/async - {"script":"<script> [776 bytes]","args":[{"enterText":"EquipmentCounter f0mju","selector":{"id":"application-manageresources-display-component---newResourceUnit--SHORT_TEXT","interaction":{"idSuffix":"inner"}},"clearTextFirst":true,"interactionType":"ENTER_TEXT"}]}
RESULT: {"script":"<script> [776 bytes]","args":[{"enterText":"EquipmentCounter f0mju","selector":{"id":"application-manageresources-display-component---newResourceUnit--SHORT_TEXT","interaction":{"idSuffix":"inner"}},"clearTextFirst":true,"interactionType":"ENTER_TEXT"}]}
COMMAND: POST /session/771d3c9ffdb5f6a869ae0a3bf138e088/execute/async - {"script":"<script> [1562 bytes]","args":[{"selector":{"id":"application-manageresources-display-component---newResourceUnit--BASE_UNIT_OF_MEASURE","interaction":{"idSuffix":"inner"}},"wdio_ui5_key":"applicationmanageresources-display-component---newResourceUnit--BASE_UNIT_OF_MEASURE"}]}
RESULT: {"script":"<script> [1562 bytes]","args":[{"selector":{"id":"application-manageresources-display-component---newResourceUnit--BASE_UNIT_OF_MEASURE","interaction":{"idSuffix":"inner"}},"wdio_ui5_key":"applicationmanageresources-display-component---newResourceUnit--BASE_UNIT_OF_MEASURE"}]}
RESULT: undefined
COMMAND: POST /session/771d3c9ffdb5f6a869ae0a3bf138e088/execute/async - {"script":"<script> [776 bytes]","args":[{"enterText":"Piece","selector":{"id":"application-manageresources-display-component---newResourceUnit--BASE_UNIT_OF_MEASURE","interaction":{"idSuffix":"inner"}},"clearTextFirst":true,"interactionType":"ENTER_TEXT"}]}
RESULT: {"script":"<script> [776 bytes]","args":[{"enterText":"Piece","selector":{"id":"application-manageresources-display-component---newResourceUnit--BASE_UNIT_OF_MEASURE","interaction":{"idSuffix":"inner"}},"clearTextFirst":true,"interactionType":"ENTER_TEXT"}]}
COMMAND: POST /session/771d3c9ffdb5f6a869ae0a3bf138e088/execute/async - {"script":"<script> [1562 bytes]","args":[{"selector":{"id":"application-manageresources-display-component---newResourceUnit--WEIGHT_UNIT","interaction":{"idSuffix":"inner"}},"wdio_ui5_key":"applicationmanageresources-display-component---newResourceUnit--WEIGHT_UNIT"}]}
RESULT: {"script":"<script> [1562 bytes]","args":[{"selector":{"id":"application-manageresources-display-component---newResourceUnit--WEIGHT_UNIT","interaction":{"idSuffix":"inner"}},"wdio_ui5_key":"applicationmanageresources-display-component---newResourceUnit--WEIGHT_UNIT"}]}
RESULT: undefined
COMMAND: POST /session/771d3c9ffdb5f6a869ae0a3bf138e088/execute/async - {"script":"<script> [776 bytes]","args":[{"enterText":"Gram","selector":{"id":"application-manageresources-display-component---newResourceUnit--WEIGHT_UNIT","interaction":{"idSuffix":"inner"}},"clearTextFirst":true,"interactionType":"ENTER_TEXT"}]}
RESULT: {"script":"<script> [776 bytes]","args":[{"enterText":"Gram","selector":{"id":"application-manageresources-display-component---newResourceUnit--WEIGHT_UNIT","interaction":{"idSuffix":"inner"}},"clearTextFirst":true,"interactionType":"ENTER_TEXT"}]}
COMMAND: POST /session/771d3c9ffdb5f6a869ae0a3bf138e088/execute/async - {"script":"<script> [1562 bytes]","args":[{"selector":{"id":"application-manageresources-display-component---newResourceUnit--newRRUPage-OPHeaderContent-collapseBtn-img"},"wdio_ui5_key":"applicationmanageresources-display-component---newResourceUnit--newRRUPage-OPHeaderContent-collapseBtn-img"}]}
RESULT: {"script":"<script> [1562 bytes]","args":[{"selector":{"id":"application-manageresources-display-component---newResourceUnit--newRRUPage-OPHeaderContent-collapseBtn-img"},"wdio_ui5_key":"applicationmanageresources-display-component---newResourceUnit--newRRUPage-OPHeaderContent-collapseBtn-img"}]}
RESULT: undefined
COMMAND: POST /session/771d3c9ffdb5f6a869ae0a3bf138e088/element - {"using":"xpath","value":"//*[@id=\"application-manageresources-display-component---newResourceUnit--newRRUPage-OPHeaderContent-collapseBtn-img\"]"}
RESULT: {"using":"xpath","value":"//*[@id=\"application-manageresources-display-component---newResourceUnit--newRRUPage-OPHeaderContent-collapseBtn-img\"]"}
COMMAND: POST /session/771d3c9ffdb5f6a869ae0a3bf138e088/element/f.C725D2739C9BAC73399F894D32ABC418.d.D44724FC1264F76A8C853AAAC9369412.e.8182/click - {}
RESULT: {}
COMMAND: GET /session/771d3c9ffdb5f6a869ae0a3bf138e088/screenshot - {}
RESULT: {}
COMMAND: POST /session/771d3c9ffdb5f6a869ae0a3bf138e088/element - {"using":"xpath","value":"(//span[contains(@id ,\"application-manageresources-display-component---newResourceUnit--DIMENSION_UNIT-arrow\")])[1]"}
RESULT: {"using":"xpath","value":"(//span[contains(@id ,\"application-manageresources-display-component---newResourceUnit--DIMENSION_UNIT-arrow\")])[1]"}
COMMAND: POST /session/771d3c9ffdb5f6a869ae0a3bf138e088/element/f.C725D2739C9BAC73399F894D32ABC418.d.D44724FC1264F76A8C853AAAC9369412.e.8305/click - {}
RESULT: {}
COMMAND: GET /session/771d3c9ffdb5f6a869ae0a3bf138e088/screenshot - {}
RESULT: {}
COMMAND: POST /session/771d3c9ffdb5f6a869ae0a3bf138e088/execute/async - {"script":"<script> [1562 bytes]","args":[{"selector":{"controlType":"sap.m.StandardListItem","viewName":"reusables.view.manageresources.NewResourceUnit","viewId":"application-manageresources-display-component---newResourceUnit","properties":{"title":"Centimeter"},"searchOpenDialogs":true,"interaction":{"idSuffix":"titleText"}},"wdio_ui5_key":"reusablesview.manageresources.NewResourceUnitsap.m.StandardListItem{\"title\":\"Centimeter\"}"}]}
RESULT: {"script":"<script> [1562 bytes]","args":[{"selector":{"controlType":"sap.m.StandardListItem","viewName":"reusables.view.manageresources.NewResourceUnit","viewId":"application-manageresources-display-component---newResourceUnit","properties":{"title":"Centimeter"},"searchOpenDialogs":true,"interaction":{"idSuffix":"titleText"}},"wdio_ui5_key":"reusablesview.manageresources.NewResourceUnitsap.m.StandardListItem{\"title\":\"Centimeter\"}"}]}
RESULT: undefined
COMMAND: POST /session/771d3c9ffdb5f6a869ae0a3bf138e088/element - {"using":"xpath","value":"//*[@id=\"__item182\"]"}
RESULT: {"using":"xpath","value":"//*[@id=\"__item182\"]"}
COMMAND: POST /session/771d3c9ffdb5f6a869ae0a3bf138e088/element/f.C725D2739C9BAC73399F894D32ABC418.d.D44724FC1264F76A8C853AAAC9369412.e.8309/click - {}
RESULT: {}
COMMAND: GET /session/771d3c9ffdb5f6a869ae0a3bf138e088/screenshot - {}
RESULT: {}
COMMAND: POST /session/771d3c9ffdb5f6a869ae0a3bf138e088/execute/async - {"script":"<script> [1562 bytes]","args":[{"selector":{"id":"application-manageresources-display-component---newResourceUnit--newRRUPage-anchBar-application-manageresources-display-component---newResourceUnit--control-anchor","interaction":{"idSuffix":"BDI-content"}},"wdio_ui5_key":"applicationmanageresources-display-component---newResourceUnit--newRRUPage-anchBar-application-manageresources-display-component---newResourceUnit--control-anchor"}]}
RESULT: {"script":"<script> [1562 bytes]","args":[{"selector":{"id":"application-manageresources-display-component---newResourceUnit--newRRUPage-anchBar-application-manageresources-display-component---newResourceUnit--control-anchor","interaction":{"idSuffix":"BDI-content"}},"wdio_ui5_key":"applicationmanageresources-display-component---newResourceUnit--newRRUPage-anchBar-application-manageresources-display-component---newResourceUnit--control-anchor"}]}
RESULT: undefined
COMMAND: POST /session/771d3c9ffdb5f6a869ae0a3bf138e088/element - {"using":"xpath","value":"//*[@id=\"application-manageresources-display-component---newResourceUnit--newRRUPage-anchBar-application-manageresources-display-component---newResourceUnit--control-anchor\"]"}
RESULT: {"using":"xpath","value":"//*[@id=\"application-manageresources-display-component---newResourceUnit--newRRUPage-anchBar-application-manageresources-display-component---newResourceUnit--control-anchor\"]"}
COMMAND: POST /session/771d3c9ffdb5f6a869ae0a3bf138e088/element/f.C725D2739C9BAC73399F894D32ABC418.d.D44724FC1264F76A8C853AAAC9369412.e.8311/click - {}
RESULT: {}
COMMAND: POST /session/771d3c9ffdb5f6a869ae0a3bf138e088/execute/async - {"script":"<script> [1562 bytes]","args":[{"selector":{"id":"application-manageresources-display-component---newResourceUnit--PLANNING_GROUP","interaction":{"idSuffix":"inner"}},"wdio_ui5_key":"applicationmanageresources-display-component---newResourceUnit--PLANNING_GROUP"}]}
COMMAND: GET /session/771d3c9ffdb5f6a869ae0a3bf138e088/screenshot - {}
RESULT: {"script":"<script> [1562 bytes]","args":[{"selector":{"id":"application-manageresources-display-component---newResourceUnit--PLANNING_GROUP","interaction":{"idSuffix":"inner"}},"wdio_ui5_key":"applicationmanageresources-display-component---newResourceUnit--PLANNING_GROUP"}]}
RESULT: undefined
COMMAND: POST /session/771d3c9ffdb5f6a869ae0a3bf138e088/execute/async - {"script":"<script> [776 bytes]","args":[{"enterText":"Heavy Equi","selector":{"id":"application-manageresources-display-component---newResourceUnit--PLANNING_GROUP","interaction":{"idSuffix":"inner"}},"clearTextFirst":true,"interactionType":"ENTER_TEXT"}]}
RESULT: {}
RESULT: {"script":"<script> [776 bytes]","args":[{"enterText":"Heavy Equi","selector":{"id":"application-manageresources-display-component---newResourceUnit--PLANNING_GROUP","interaction":{"idSuffix":"inner"}},"clearTextFirst":true,"interactionType":"ENTER_TEXT"}]}
COMMAND: POST /session/771d3c9ffdb5f6a869ae0a3bf138e088/execute/async - {"script":"<script> [1562 bytes]","args":[{"selector":{"id":"application-manageresources-display-component---newResourceUnit--ITEM_TYPE-arrow"},"wdio_ui5_key":"applicationmanageresources-display-component---newResourceUnit--ITEM_TYPE-arrow"}]}
RESULT: {"script":"<script> [1562 bytes]","args":[{"selector":{"id":"application-manageresources-display-component---newResourceUnit--ITEM_TYPE-arrow"},"wdio_ui5_key":"applicationmanageresources-display-component---newResourceUnit--ITEM_TYPE-arrow"}]}
RESULT: undefined
COMMAND: POST /session/771d3c9ffdb5f6a869ae0a3bf138e088/element - {"using":"xpath","value":"//*[@id=\"application-manageresources-display-component---newResourceUnit--ITEM_TYPE-arrow\"]"}
RESULT: {"using":"xpath","value":"//*[@id=\"application-manageresources-display-component---newResourceUnit--ITEM_TYPE-arrow\"]"}
COMMAND: POST /session/771d3c9ffdb5f6a869ae0a3bf138e088/element/f.C725D2739C9BAC73399F894D32ABC418.d.D44724FC1264F76A8C853AAAC9369412.e.8316/click - {}
RESULT: {}
COMMAND: POST /session/771d3c9ffdb5f6a869ae0a3bf138e088/execute/async - {"script":"<script> [1562 bytes]","args":[{"selector":{"controlType":"sap.m.StandardListItem","viewName":"reusables.view.manageresources.NewResourceUnit","viewId":"application-manageresources-display-component---newResourceUnit","properties":{"title":"Resource Unit"},"searchOpenDialogs":true,"interaction":{"idSuffix":"titleText"}},"wdio_ui5_key":"reusablesview.manageresources.NewResourceUnitsap.m.StandardListItem{\"title\":\"Resource Unit\"}"}]}
COMMAND: GET /session/771d3c9ffdb5f6a869ae0a3bf138e088/screenshot - {}
RESULT: {"script":"<script> [1562 bytes]","args":[{"selector":{"controlType":"sap.m.StandardListItem","viewName":"reusables.view.manageresources.NewResourceUnit","viewId":"application-manageresources-display-component---newResourceUnit","properties":{"title":"Resource Unit"},"searchOpenDialogs":true,"interaction":{"idSuffix":"titleText"}},"wdio_ui5_key":"reusablesview.manageresources.NewResourceUnitsap.m.StandardListItem{\"title\":\"Resource Unit\"}"}]}
RESULT: undefined
COMMAND: POST /session/771d3c9ffdb5f6a869ae0a3bf138e088/element - {"using":"xpath","value":"//*[@id=\"__item204\"]"}
RESULT: {}
RESULT: {"using":"xpath","value":"//*[@id=\"__item204\"]"}
COMMAND: POST /session/771d3c9ffdb5f6a869ae0a3bf138e088/element/f.C725D2739C9BAC73399F894D32ABC418.d.D44724FC1264F76A8C853AAAC9369412.e.8318/click - {}
RESULT: {}
COMMAND: POST /session/771d3c9ffdb5f6a869ae0a3bf138e088/element - {"using":"xpath","value":"//bdi[contains(text(), \"Time Segment\")]"}
COMMAND: GET /session/771d3c9ffdb5f6a869ae0a3bf138e088/screenshot - {}
RESULT: {"using":"xpath","value":"//bdi[contains(text(), \"Time Segment\")]"}
COMMAND: GET /session/771d3c9ffdb5f6a869ae0a3bf138e088/element/f.C725D2739C9BAC73399F894D32ABC418.d.D44724FC1264F76A8C853AAAC9369412.e.8319/rect - {}
RESULT: {}
RESULT: {}
COMMAND: GET /session/771d3c9ffdb5f6a869ae0a3bf138e088/window/rect - {}
RESULT: {}
COMMAND: POST /session/771d3c9ffdb5f6a869ae0a3bf138e088/execute/sync - {"script":"<script> [92 bytes]","args":[]}
RESULT: {"script":"<script> [92 bytes]","args":[]}
COMMAND: POST /session/771d3c9ffdb5f6a869ae0a3bf138e088/actions - {"actions":[{"id":"action21","type":"wheel","parameters":{},"actions":[{"type":"scroll","x":-1820,"y":-21,"deltaX":0,"deltaY":0,"duration":0,"origin":{"element-6066-11e4-a52e-4f735466cecf":"f.C725D2739C9BAC73399F894D32ABC418.d.D44724FC1264F76A8C853AAAC9369412.e.8319"}}]}]}
COMMAND: GET /session/771d3c9ffdb5f6a869ae0a3bf138e088/screenshot - {}
RESULT: {}
COMMAND: POST /session/771d3c9ffdb5f6a869ae0a3bf138e088/execute/sync - {"script":"<script> [79 bytes]","args":[{"element-6066-11e4-a52e-4f735466cecf":"f.C725D2739C9BAC73399F894D32ABC418.d.D44724FC1264F76A8C853AAAC9369412.e.8319","ELEMENT":"f.C725D2739C9BAC73399F894D32ABC418.d.D44724FC1264F76A8C853AAAC9369412.e.8319"},{"block":"start","inline":"nearest"}]}
RESULT: {"script":"<script> [79 bytes]","args":[{"element-6066-11e4-a52e-4f735466cecf":"f.C725D2739C9BAC73399F894D32ABC418.d.D44724FC1264F76A8C853AAAC9369412.e.8319","ELEMENT":"f.C725D2739C9BAC73399F894D32ABC418.d.D44724FC1264F76A8C853AAAC9369412.e.8319"},{"block":"start","inline":"nearest"}]}
COMMAND: POST /session/771d3c9ffdb5f6a869ae0a3bf138e088/execute/async - {"script":"<script> [1562 bytes]","args":[{"selector":{"id":"application-manageresources-display-component---newResourceUnit--btnAddTimeSegment-img"},"wdio_ui5_key":"applicationmanageresources-display-component---newResourceUnit--btnAddTimeSegment-img"}]}
COMMAND: GET /session/771d3c9ffdb5f6a869ae0a3bf138e088/screenshot - {}
RESULT: {"script":"<script> [1562 bytes]","args":[{"selector":{"id":"application-manageresources-display-component---newResourceUnit--btnAddTimeSegment-img"},"wdio_ui5_key":"applicationmanageresources-display-component---newResourceUnit--btnAddTimeSegment-img"}]}
RESULT: undefined
COMMAND: POST /session/771d3c9ffdb5f6a869ae0a3bf138e088/element - {"using":"xpath","value":"//*[@id=\"application-manageresources-display-component---newResourceUnit--btnAddTimeSegment-img\"]"}
RESULT: {}
RESULT: {"using":"xpath","value":"//*[@id=\"application-manageresources-display-component---newResourceUnit--btnAddTimeSegment-img\"]"}
COMMAND: POST /session/771d3c9ffdb5f6a869ae0a3bf138e088/element/f.C725D2739C9BAC73399F894D32ABC418.d.D44724FC1264F76A8C853AAAC9369412.e.8322/click - {}
RESULT: {}
COMMAND: POST /session/771d3c9ffdb5f6a869ae0a3bf138e088/element - {"using":"xpath","value":"//input[@id=\"application-manageresources-display-component---newResourceUnit--idRuTSAdmin-application-manageresources-display-component---newResourceUnit--RUTimeSegment-0-inner\"]"}
COMMAND: GET /session/771d3c9ffdb5f6a869ae0a3bf138e088/screenshot - {}
RESULT: {"using":"xpath","value":"//input[@id=\"application-manageresources-display-component---newResourceUnit--idRuTSAdmin-application-manageresources-display-component---newResourceUnit--RUTimeSegment-0-inner\"]"}
COMMAND: POST /session/771d3c9ffdb5f6a869ae0a3bf138e088/element/f.C725D2739C9BAC73399F894D32ABC418.d.D44724FC1264F76A8C853AAAC9369412.e.8325/clear - {}
RESULT: {}
RESULT: {}
COMMAND: POST /session/771d3c9ffdb5f6a869ae0a3bf138e088/element/f.C725D2739C9BAC73399F894D32ABC418.d.D44724FC1264F76A8C853AAAC9369412.e.8325/value - {"text":"Webdriver Yard"}
COMMAND: GET /session/771d3c9ffdb5f6a869ae0a3bf138e088/screenshot - {}
RESULT: {"text":"Webdriver Yard"}
COMMAND: GET /session/771d3c9ffdb5f6a869ae0a3bf138e088/screenshot - {}
RESULT: {}
RESULT: {}
COMMAND: POST /session/771d3c9ffdb5f6a869ae0a3bf138e088/actions - {"actions":[{"id":"action22","type":"key","parameters":{},"actions":[{"type":"keyDown","value":""},{"type":"pause","duration":10},{"type":"keyUp","value":""}]}]}
RESULT: {"actions":[{"id":"action22","type":"key","parameters":{},"actions":[{"type":"keyDown","value":""},{"type":"pause","duration":10},{"type":"keyUp","value":""}]}]}
COMMAND: POST /session/771d3c9ffdb5f6a869ae0a3bf138e088/execute/async - {"script":"<script> [1562 bytes]","args":[{"selector":{"controlType":"sap.ui.core.Icon","viewName":"reusables.view.manageresources.NewResourceUnit","viewId":"application-manageresources-display-component---newResourceUnit","properties":{"src":{"regex":{"source":"slim\\-arrow\\-down"}}},"ancestor":{"controlType":"sap.m.ComboBox","viewName":"reusables.view.manageresources.NewResourceUnit","viewId":"application-manageresources-display-component---newResourceUnit","bindingPath":{"path":"/RESOURCE_UNIT_TIME_SEQUENCES/0","propertyPath":"COST_OBJECT_ADMIN_CST_TYPE","modelName":"oNewRruModel"}}},"wdio_ui5_key":"reusablesview.manageresources.NewResourceUnitsap.ui.core.Icon{\"src\":{\"regex\":{\"source\":\"slim\\\\-arrow\\\\-down\"}}}{\"controlType\":\"sap.m.ComboBox\",\"viewName\":\"reusables.view.manageresources.NewResourceUnit\",\"viewId\":\"application-manageresources-display-component---newResourceUnit\",\"bindingPath\":{\"path\":\"/RESOURCE_UNIT_TIME_SEQUENCES/0\",\"propertyPath\":\"COST_OBJECT_ADMIN_CST_TYPE\",\"modelName\":\"oNewRruModel\"}}"}]}
COMMAND: GET /session/771d3c9ffdb5f6a869ae0a3bf138e088/screenshot - {}
RESULT: {"script":"<script> [1562 bytes]","args":[{"selector":{"controlType":"sap.ui.core.Icon","viewName":"reusables.view.manageresources.NewResourceUnit","viewId":"application-manageresources-display-component---newResourceUnit","properties":{"src":{"regex":{"source":"slim\\-arrow\\-down"}}},"ancestor":{"controlType":"sap.m.ComboBox","viewName":"reusables.view.manageresources.NewResourceUnit","viewId":"application-manageresources-display-component---newResourceUnit","bindingPath":{"path":"/RESOURCE_UNIT_TIME_SEQUENCES/0","propertyPath":"COST_OBJECT_ADMIN_CST_TYPE","modelName":"oNewRruModel"}}},"wdio_ui5_key":"reusablesview.manageresources.NewResourceUnitsap.ui.core.Icon{\"src\":{\"regex\":{\"source\":\"slim\\\\-arrow\\\\-down\"}}}{\"controlType\":\"sap.m.ComboBox\",\"viewName\":\"reusables.view.manageresources.NewResourceUnit\",\"viewId\":\"application-manageresources-display-component---newResourceUnit\",\"bindingPath\":{\"path\":\"/RESOURCE_UNIT_TIME_SEQUENCES/0\",\"propertyPath\":\"COST_OBJECT_ADMIN_CST_TYPE\",\"modelName\":\"oNewRruModel\"}}"}]}
RESULT: undefined
COMMAND: POST /session/771d3c9ffdb5f6a869ae0a3bf138e088/element - {"using":"xpath","value":"//*[@id=\"__box4-application-manageresources-display-component---newResourceUnit--RUTimeSegment-0-arrow\"]"}
RESULT: {}
RESULT: {"using":"xpath","value":"//*[@id=\"__box4-application-manageresources-display-component---newResourceUnit--RUTimeSegment-0-arrow\"]"}
COMMAND: POST /session/771d3c9ffdb5f6a869ae0a3bf138e088/element/f.C725D2739C9BAC73399F894D32ABC418.d.D44724FC1264F76A8C853AAAC9369412.e.8340/click - {}
RESULT: {}
COMMAND: POST /session/771d3c9ffdb5f6a869ae0a3bf138e088/execute/async - {"script":"<script> [1562 bytes]","args":[{"selector":{"controlType":"sap.m.StandardListItem","viewName":"reusables.view.manageresources.NewResourceUnit","viewId":"application-manageresources-display-component---newResourceUnit","properties":{"title":"PM Order"},"searchOpenDialogs":true,"interaction":{"idSuffix":"titleText"}},"wdio_ui5_key":"reusablesview.manageresources.NewResourceUnitsap.m.StandardListItem{\"title\":\"PM Order\"}"}]}
COMMAND: GET /session/771d3c9ffdb5f6a869ae0a3bf138e088/screenshot - {}
RESULT: {"script":"<script> [1562 bytes]","args":[{"selector":{"controlType":"sap.m.StandardListItem","viewName":"reusables.view.manageresources.NewResourceUnit","viewId":"application-manageresources-display-component---newResourceUnit","properties":{"title":"PM Order"},"searchOpenDialogs":true,"interaction":{"idSuffix":"titleText"}},"wdio_ui5_key":"reusablesview.manageresources.NewResourceUnitsap.m.StandardListItem{\"title\":\"PM Order\"}"}]}
RESULT: undefined
COMMAND: POST /session/771d3c9ffdb5f6a869ae0a3bf138e088/element - {"using":"xpath","value":"//*[@id=\"__item850\"]"}
RESULT: {}
RESULT: {"using":"xpath","value":"//*[@id=\"__item850\"]"}
COMMAND: POST /session/771d3c9ffdb5f6a869ae0a3bf138e088/element/f.C725D2739C9BAC73399F894D32ABC418.d.D44724FC1264F76A8C853AAAC9369412.e.8344/click - {}
RESULT: {}
COMMAND: POST /session/771d3c9ffdb5f6a869ae0a3bf138e088/element - {"using":"xpath","value":"(//input[contains(@id ,\"-application-manageresources-display-component---newResourceUnit--RUTimeSegment-0-inner\")])[8]"}
COMMAND: GET /session/771d3c9ffdb5f6a869ae0a3bf138e088/screenshot - {}
RESULT: {"using":"xpath","value":"(//input[contains(@id ,\"-application-manageresources-display-component---newResourceUnit--RUTimeSegment-0-inner\")])[8]"}
COMMAND: POST /session/771d3c9ffdb5f6a869ae0a3bf138e088/element/f.C725D2739C9BAC73399F894D32ABC418.d.D44724FC1264F76A8C853AAAC9369412.e.8333/clear - {}
RESULT: {}
RESULT: {}
COMMAND: POST /session/771d3c9ffdb5f6a869ae0a3bf138e088/element/f.C725D2739C9BAC73399F894D32ABC418.d.D44724FC1264F76A8C853AAAC9369412.e.8333/value - {"text":"4000360"}
COMMAND: GET /session/771d3c9ffdb5f6a869ae0a3bf138e088/screenshot - {}
COMMAND: POST /session/771d3c9ffdb5f6a869ae0a3bf138e088/element - {"using":"xpath","value":"(//input[contains(@id ,\"-application-manageresources-display-component---newResourceUnit--RUTimeSegment-0-inner\")])[8]"}
RESULT: {}
RESULT: {"using":"xpath","value":"(//input[contains(@id ,\"-application-manageresources-display-component---newResourceUnit--RUTimeSegment-0-inner\")])[8]"}
COMMAND: POST /session/771d3c9ffdb5f6a869ae0a3bf138e088/element/f.C725D2739C9BAC73399F894D32ABC418.d.D44724FC1264F76A8C853AAAC9369412.e.8333/value - {"text":"4000360"}
COMMAND: POST /session/771d3c9ffdb5f6a869ae0a3bf138e088/element - {"using":"xpath","value":"(//input[contains(@id ,\"-application-manageresources-display-component---newResourceUnit--RUTimeSegment-0-inner\")])[8]"}
RESULT: {"using":"xpath","value":"(//input[contains(@id ,\"-application-manageresources-display-component---newResourceUnit--RUTimeSegment-0-inner\")])[8]"}
COMMAND: POST /session/771d3c9ffdb5f6a869ae0a3bf138e088/element/f.C725D2739C9BAC73399F894D32ABC418.d.D44724FC1264F76A8C853AAAC9369412.e.8348/value - {"text":"4000360"}
RESULT: {"text":"4000360"}
COMMAND: GET /session/771d3c9ffdb5f6a869ae0a3bf138e088/screenshot - {}
RESULT: {}
COMMAND: POST /session/771d3c9ffdb5f6a869ae0a3bf138e088/actions - {"actions":[{"id":"action23","type":"key","parameters":{},"actions":[{"type":"keyDown","value":""},{"type":"pause","duration":10},{"type":"keyUp","value":""}]}]}
RESULT: {"actions":[{"id":"action23","type":"key","parameters":{},"actions":[{"type":"keyDown","value":""},{"type":"pause","duration":10},{"type":"keyUp","value":""}]}]}
COMMAND: GET /session/771d3c9ffdb5f6a869ae0a3bf138e088/screenshot - {}
RESULT: {}
COMMAND: POST /session/771d3c9ffdb5f6a869ae0a3bf138e088/execute/async - {"script":"<script> [1562 bytes]","args":[{"selector":{"id":"application-manageresources-display-component---newResourceUnit--newTimeSegmentDateRangePicker-application-manageresources-display-component---newResourceUnit--RUTimeSegment-0","interaction":{"idSuffix":"inner"}},"wdio_ui5_key":"applicationmanageresources-display-component---newResourceUnit--newTimeSegmentDateRangePicker-application-manageresources-display-component---newResourceUnit--RUTimeSegment-0"}]}
RESULT: {"script":"<script> [1562 bytes]","args":[{"selector":{"id":"application-manageresources-display-component---newResourceUnit--newTimeSegmentDateRangePicker-application-manageresources-display-component---newResourceUnit--RUTimeSegment-0","interaction":{"idSuffix":"inner"}},"wdio_ui5_key":"applicationmanageresources-display-component---newResourceUnit--newTimeSegmentDateRangePicker-application-manageresources-display-component---newResourceUnit--RUTimeSegment-0"}]}
RESULT: undefined
COMMAND: POST /session/771d3c9ffdb5f6a869ae0a3bf138e088/execute/async - {"script":"<script> [1562 bytes]","args":[{"selector":{"id":"application-manageresources-display-component---newResourceUnit--newRRUPage-anchBar-application-manageresources-display-component---newResourceUnit--resource-anchor","interaction":{"idSuffix":"BDI-content"}},"wdio_ui5_key":"applicationmanageresources-display-component---newResourceUnit--newRRUPage-anchBar-application-manageresources-display-component---newResourceUnit--resource-anchor"}]}
RESULT: {"script":"<script> [1562 bytes]","args":[{"selector":{"id":"application-manageresources-display-component---newResourceUnit--newRRUPage-anchBar-application-manageresources-display-component---newResourceUnit--resource-anchor","interaction":{"idSuffix":"BDI-content"}},"wdio_ui5_key":"applicationmanageresources-display-component---newResourceUnit--newRRUPage-anchBar-application-manageresources-display-component---newResourceUnit--resource-anchor"}]}
RESULT: undefined
COMMAND: POST /session/771d3c9ffdb5f6a869ae0a3bf138e088/element - {"using":"xpath","value":"//*[@id=\"application-manageresources-display-component---newResourceUnit--newRRUPage-anchBar-application-manageresources-display-component---newResourceUnit--resource-anchor\"]"}
RESULT: {"using":"xpath","value":"//*[@id=\"application-manageresources-display-component---newResourceUnit--newRRUPage-anchBar-application-manageresources-display-component---newResourceUnit--resource-anchor\"]"}
COMMAND: POST /session/771d3c9ffdb5f6a869ae0a3bf138e088/element/f.C725D2739C9BAC73399F894D32ABC418.d.D44724FC1264F76A8C853AAAC9369412.e.8366/click - {}
RESULT: {}
COMMAND: POST /session/771d3c9ffdb5f6a869ae0a3bf138e088/execute/async - {"script":"<script> [1562 bytes]","args":[{"selector":{"id":"application-manageresources-display-component---newResourceUnit--PLANNED_DELIVERY_DATE","interaction":{"idSuffix":"inner"}},"wdio_ui5_key":"applicationmanageresources-display-component---newResourceUnit--PLANNED_DELIVERY_DATE"}]}
COMMAND: GET /session/771d3c9ffdb5f6a869ae0a3bf138e088/screenshot - {}
RESULT: {"script":"<script> [1562 bytes]","args":[{"selector":{"id":"application-manageresources-display-component---newResourceUnit--PLANNED_DELIVERY_DATE","interaction":{"idSuffix":"inner"}},"wdio_ui5_key":"applicationmanageresources-display-component---newResourceUnit--PLANNED_DELIVERY_DATE"}]}
RESULT: undefined
COMMAND: POST /session/771d3c9ffdb5f6a869ae0a3bf138e088/execute/async - {"script":"<script> [6424 bytes]","args":[{"element-6066-11e4-a52e-4f735466cecf":"f.C725D2739C9BAC73399F894D32ABC418.d.D44724FC1264F76A8C853AAAC9369412.e.8228"},"setValue",["05/23/24"]]}
RESULT: {}
RESULT: {"script":"<script> [6424 bytes]","args":[{"element-6066-11e4-a52e-4f735466cecf":"f.C725D2739C9BAC73399F894D32ABC418.d.D44724FC1264F76A8C853AAAC9369412.e.8228"},"setValue",["05/23/24"]]}
COMMAND: POST /session/771d3c9ffdb5f6a869ae0a3bf138e088/execute/async - {"script":"<script> [1562 bytes]","args":[{"selector":{"controlType":"sap.m.Button","viewName":"reusables.view.manageresources.NewResourceUnit","viewId":"application-manageresources-display-component---newResourceUnit","i18NText":{"propertyName":"tooltip","key":"save"},"interaction":{"idSuffix":"BDI-content"}},"wdio_ui5_key":"reusablesview.manageresources.NewResourceUnitsap.m.Button{\"propertyName\":\"tooltip\",\"key\":\"save\"}"}]}
RESULT: {"script":"<script> [1562 bytes]","args":[{"selector":{"controlType":"sap.m.Button","viewName":"reusables.view.manageresources.NewResourceUnit","viewId":"application-manageresources-display-component---newResourceUnit","i18NText":{"propertyName":"tooltip","key":"save"},"interaction":{"idSuffix":"BDI-content"}},"wdio_ui5_key":"reusablesview.manageresources.NewResourceUnitsap.m.Button{\"propertyName\":\"tooltip\",\"key\":\"save\"}"}]}
RESULT: undefined
COMMAND: POST /session/771d3c9ffdb5f6a869ae0a3bf138e088/element - {"using":"xpath","value":"//*[@id=\"application-manageresources-display-component---newResourceUnit--createRuButton\"]"}
RESULT: {"using":"xpath","value":"//*[@id=\"application-manageresources-display-component---newResourceUnit--createRuButton\"]"}
COMMAND: POST /session/771d3c9ffdb5f6a869ae0a3bf138e088/element/f.C725D2739C9BAC73399F894D32ABC418.d.D44724FC1264F76A8C853AAAC9369412.e.8188/click - {}
RESULT: {}
COMMAND: GET /session/771d3c9ffdb5f6a869ae0a3bf138e088/screenshot - {}
RESULT: {}
COMMAND: POST /session/771d3c9ffdb5f6a869ae0a3bf138e088/execute/async - {"script":"<script> [1562 bytes]","args":[{"selector":{"controlType":"sap.m.Button","properties":{"text":"Close"},"searchOpenDialogs":true,"interaction":{"idSuffix":"inner"}},"wdio_ui5_key":"sapm.Button{\"text\":\"Close\"}"}]}
RESULT: {"script":"<script> [1562 bytes]","args":[{"selector":{"controlType":"sap.m.Button","properties":{"text":"Close"},"searchOpenDialogs":true,"interaction":{"idSuffix":"inner"}},"wdio_ui5_key":"sapm.Button{\"text\":\"Close\"}"}]}
RESULT: undefined
COMMAND: POST /session/771d3c9ffdb5f6a869ae0a3bf138e088/element - {"using":"xpath","value":"//*[@id=\"__mbox-btn-0\"]"}
RESULT: {"using":"xpath","value":"//*[@id=\"__mbox-btn-0\"]"}
COMMAND: POST /session/771d3c9ffdb5f6a869ae0a3bf138e088/element/f.C725D2739C9BAC73399F894D32ABC418.d.D44724FC1264F76A8C853AAAC9369412.e.8372/click - {}
RESULT: {}
COMMAND: GET /session/771d3c9ffdb5f6a869ae0a3bf138e088/screenshot - {}
RESULT: {}
COMMAND: POST /session/771d3c9ffdb5f6a869ae0a3bf138e088/execute/async - {"script":"<script> [1562 bytes]","args":[{"selector":{"controlType":"sap.m.Text","viewName":"etm.portal.ui.manageresources.view.Detail","viewId":"application-manageresources-display-component---detailRU","bindingPath":{"propertyPath":"ID","modelName":"catalogModel"}},"wdio_ui5_key":"etmportal.ui.manageresources.view.Detailsap.m.Text{\"propertyPath\":\"ID\",\"modelName\":\"catalogModel\"}"}]}
RESULT: {"script":"<script> [1562 bytes]","args":[{"selector":{"controlType":"sap.m.Text","viewName":"etm.portal.ui.manageresources.view.Detail","viewId":"application-manageresources-display-component---detailRU","bindingPath":{"propertyPath":"ID","modelName":"catalogModel"}},"wdio_ui5_key":"etmportal.ui.manageresources.view.Detailsap.m.Text{\"propertyPath\":\"ID\",\"modelName\":\"catalogModel\"}"}]}
RESULT: undefined
COMMAND: POST /session/771d3c9ffdb5f6a869ae0a3bf138e088/execute/async - {"script":"<script> [6424 bytes]","args":[{"element-6066-11e4-a52e-4f735466cecf":"f.C725D2739C9BAC73399F894D32ABC418.d.D44724FC1264F76A8C853AAAC9369412.e.8429"},"getText",[]]}
RESULT: {"script":"<script> [6424 bytes]","args":[{"element-6066-11e4-a52e-4f735466cecf":"f.C725D2739C9BAC73399F894D32ABC418.d.D44724FC1264F76A8C853AAAC9369412.e.8429"},"getText",[]]}
COMMAND: POST /session/771d3c9ffdb5f6a869ae0a3bf138e088/element - {"using":"xpath","value":"//bdi[text()=\"Edit\"]"}
RESULT: {"using":"xpath","value":"//bdi[text()=\"Edit\"]"}
COMMAND: GET /session/771d3c9ffdb5f6a869ae0a3bf138e088/element/f.C725D2739C9BAC73399F894D32ABC418.d.D44724FC1264F76A8C853AAAC9369412.e.8430/enabled - {}
RESULT: {}
COMMAND: POST /session/771d3c9ffdb5f6a869ae0a3bf138e088/execute/sync - {"script":"<script> [8489 bytes]","args":[{"element-6066-11e4-a52e-4f735466cecf":"f.C725D2739C9BAC73399F894D32ABC418.d.D44724FC1264F76A8C853AAAC9369412.e.8430","ELEMENT":"f.C725D2739C9BAC73399F894D32ABC418.d.D44724FC1264F76A8C853AAAC9369412.e.8430"}]}
COMMAND: GET /session/771d3c9ffdb5f6a869ae0a3bf138e088/screenshot - {}
RESULT: {"script":"<script> [8489 bytes]","args":[{"element-6066-11e4-a52e-4f735466cecf":"f.C725D2739C9BAC73399F894D32ABC418.d.D44724FC1264F76A8C853AAAC9369412.e.8430","ELEMENT":"f.C725D2739C9BAC73399F894D32ABC418.d.D44724FC1264F76A8C853AAAC9369412.e.8430"}]}
COMMAND: POST /session/771d3c9ffdb5f6a869ae0a3bf138e088/execute/sync - {"script":"<script> [5351 bytes]","args":[{"element-6066-11e4-a52e-4f735466cecf":"f.C725D2739C9BAC73399F894D32ABC418.d.D44724FC1264F76A8C853AAAC9369412.e.8430","ELEMENT":"f.C725D2739C9BAC73399F894D32ABC418.d.D44724FC1264F76A8C853AAAC9369412.e.8430"}]}
COMMAND: GET /session/771d3c9ffdb5f6a869ae0a3bf138e088/screenshot - {}
RESULT: {}
RESULT: {"script":"<script> [5351 bytes]","args":[{"element-6066-11e4-a52e-4f735466cecf":"f.C725D2739C9BAC73399F894D32ABC418.d.D44724FC1264F76A8C853AAAC9369412.e.8430","ELEMENT":"f.C725D2739C9BAC73399F894D32ABC418.d.D44724FC1264F76A8C853AAAC9369412.e.8430"}]}
COMMAND: POST /session/771d3c9ffdb5f6a869ae0a3bf138e088/element/f.C725D2739C9BAC73399F894D32ABC418.d.D44724FC1264F76A8C853AAAC9369412.e.8430/click - {}
COMMAND: GET /session/771d3c9ffdb5f6a869ae0a3bf138e088/screenshot - {}
RESULT: {}
RESULT: {}
COMMAND: GET /session/771d3c9ffdb5f6a869ae0a3bf138e088/screenshot - {}
RESULT: {}
RESULT: {}
COMMAND: POST /session/771d3c9ffdb5f6a869ae0a3bf138e088/element - {"using":"xpath","value":"//bdi[@id=\"application-manageresources-display-component---editResource--editRruPage-anchBar-application-manageresources-display-component---editResource--counters-anchor-BDI-content\"]"}
RESULT: {"using":"xpath","value":"//bdi[@id=\"application-manageresources-display-component---editResource--editRruPage-anchBar-application-manageresources-display-component---editResource--counters-anchor-BDI-content\"]"}
COMMAND: POST /session/771d3c9ffdb5f6a869ae0a3bf138e088/execute/sync - {"script":"<script> [8489 bytes]","args":[{"element-6066-11e4-a52e-4f735466cecf":"f.C725D2739C9BAC73399F894D32ABC418.d.D44724FC1264F76A8C853AAAC9369412.e.8537","ELEMENT":"f.C725D2739C9BAC73399F894D32ABC418.d.D44724FC1264F76A8C853AAAC9369412.e.8537"}]}
RESULT: {"script":"<script> [8489 bytes]","args":[{"element-6066-11e4-a52e-4f735466cecf":"f.C725D2739C9BAC73399F894D32ABC418.d.D44724FC1264F76A8C853AAAC9369412.e.8537","ELEMENT":"f.C725D2739C9BAC73399F894D32ABC418.d.D44724FC1264F76A8C853AAAC9369412.e.8537"}]}
COMMAND: POST /session/771d3c9ffdb5f6a869ae0a3bf138e088/element/f.C725D2739C9BAC73399F894D32ABC418.d.D44724FC1264F76A8C853AAAC9369412.e.8537/click - {}
COMMAND: GET /session/771d3c9ffdb5f6a869ae0a3bf138e088/screenshot - {}
RESULT: {}
COMMAND: GET /session/771d3c9ffdb5f6a869ae0a3bf138e088/screenshot - {}
RESULT: {}
RESULT: {}
COMMAND: POST /session/771d3c9ffdb5f6a869ae0a3bf138e088/execute/async - {"script":"<script> [1562 bytes]","args":[{"selector":{"id":"application-manageresources-display-component---editResource--btnAddCounter-img"},"wdio_ui5_key":"applicationmanageresources-display-component---editResource--btnAddCounter-img"}]}
RESULT: {"script":"<script> [1562 bytes]","args":[{"selector":{"id":"application-manageresources-display-component---editResource--btnAddCounter-img"},"wdio_ui5_key":"applicationmanageresources-display-component---editResource--btnAddCounter-img"}]}
RESULT: undefined
COMMAND: POST /session/771d3c9ffdb5f6a869ae0a3bf138e088/element - {"using":"xpath","value":"//*[@id=\"application-manageresources-display-component---editResource--btnAddCounter-img\"]"}
RESULT: {"using":"xpath","value":"//*[@id=\"application-manageresources-display-component---editResource--btnAddCounter-img\"]"}
COMMAND: POST /session/771d3c9ffdb5f6a869ae0a3bf138e088/element/f.C725D2739C9BAC73399F894D32ABC418.d.D44724FC1264F76A8C853AAAC9369412.e.8573/click - {}
RESULT: {}
COMMAND: GET /session/771d3c9ffdb5f6a869ae0a3bf138e088/screenshot - {}
RESULT: {}
COMMAND: POST /session/771d3c9ffdb5f6a869ae0a3bf138e088/execute/async - {"script":"<script> [1562 bytes]","args":[{"selector":{"id":"application-manageresources-display-component---editResource--HAND_OVER_TYPE-application-manageresources-display-component---editResource--RUCounters-0","interaction":{"idSuffix":"CbBg"}},"wdio_ui5_key":"applicationmanageresources-display-component---editResource--HAND_OVER_TYPE-application-manageresources-display-component---editResource--RUCounters-0"}]}
RESULT: {"script":"<script> [1562 bytes]","args":[{"selector":{"id":"application-manageresources-display-component---editResource--HAND_OVER_TYPE-application-manageresources-display-component---editResource--RUCounters-0","interaction":{"idSuffix":"CbBg"}},"wdio_ui5_key":"applicationmanageresources-display-component---editResource--HAND_OVER_TYPE-application-manageresources-display-component---editResource--RUCounters-0"}]}
RESULT: undefined
COMMAND: POST /session/771d3c9ffdb5f6a869ae0a3bf138e088/element - {"using":"xpath","value":"//*[@id=\"application-manageresources-display-component---editResource--HAND_OVER_TYPE-application-manageresources-display-component---editResource--RUCounters-0\"]"}
RESULT: {"using":"xpath","value":"//*[@id=\"application-manageresources-display-component---editResource--HAND_OVER_TYPE-application-manageresources-display-component---editResource--RUCounters-0\"]"}
COMMAND: POST /session/771d3c9ffdb5f6a869ae0a3bf138e088/element/f.C725D2739C9BAC73399F894D32ABC418.d.D44724FC1264F76A8C853AAAC9369412.e.8579/click - {}
RESULT: {}
COMMAND: POST /session/771d3c9ffdb5f6a869ae0a3bf138e088/execute/async - {"script":"<script> [1562 bytes]","args":[{"selector":{"controlType":"sap.m.Button","viewName":"etm.portal.ui.manageresources.view.EditResource","viewId":"application-manageresources-display-component---editResource","i18NText":{"propertyName":"text","key":"save"},"interaction":{"idSuffix":"BDI-content"}},"wdio_ui5_key":"etmportal.ui.manageresources.view.EditResourcesap.m.Button{\"propertyName\":\"text\",\"key\":\"save\"}"}]}
COMMAND: GET /session/771d3c9ffdb5f6a869ae0a3bf138e088/screenshot - {}
RESULT: {"script":"<script> [1562 bytes]","args":[{"selector":{"controlType":"sap.m.Button","viewName":"etm.portal.ui.manageresources.view.EditResource","viewId":"application-manageresources-display-component---editResource","i18NText":{"propertyName":"text","key":"save"},"interaction":{"idSuffix":"BDI-content"}},"wdio_ui5_key":"etmportal.ui.manageresources.view.EditResourcesap.m.Button{\"propertyName\":\"text\",\"key\":\"save\"}"}]}
RESULT: undefined
COMMAND: POST /session/771d3c9ffdb5f6a869ae0a3bf138e088/element - {"using":"xpath","value":"//*[@id=\"__button90\"]"}
RESULT: {}
RESULT: {"using":"xpath","value":"//*[@id=\"__button90\"]"}
COMMAND: POST /session/771d3c9ffdb5f6a869ae0a3bf138e088/element/f.C725D2739C9BAC73399F894D32ABC418.d.D44724FC1264F76A8C853AAAC9369412.e.8581/click - {}
RESULT: {}
COMMAND: GET /session/771d3c9ffdb5f6a869ae0a3bf138e088/screenshot - {}
RESULT: {}
COMMAND: POST /session/771d3c9ffdb5f6a869ae0a3bf138e088/element - {"using":"css selector","value":"#shell-header-logo"}
RESULT: {"using":"css selector","value":"#shell-header-logo"}
COMMAND: POST /session/771d3c9ffdb5f6a869ae0a3bf138e088/elements - {"using":"css selector","value":"#shell-header-logo"}
RESULT: {"using":"css selector","value":"#shell-header-logo"}
COMMAND: POST /session/771d3c9ffdb5f6a869ae0a3bf138e088/execute/sync - {"script":"<script> [8489 bytes]","args":[{"element-6066-11e4-a52e-4f735466cecf":"f.C725D2739C9BAC73399F894D32ABC418.d.D44724FC1264F76A8C853AAAC9369412.e.7849","ELEMENT":"f.C725D2739C9BAC73399F894D32ABC418.d.D44724FC1264F76A8C853AAAC9369412.e.7849"}]}
RESULT: {"script":"<script> [8489 bytes]","args":[{"element-6066-11e4-a52e-4f735466cecf":"f.C725D2739C9BAC73399F894D32ABC418.d.D44724FC1264F76A8C853AAAC9369412.e.7849","ELEMENT":"f.C725D2739C9BAC73399F894D32ABC418.d.D44724FC1264F76A8C853AAAC9369412.e.7849"}]}
COMMAND: POST /session/771d3c9ffdb5f6a869ae0a3bf138e088/execute/sync - {"script":"<script> [5351 bytes]","args":[{"element-6066-11e4-a52e-4f735466cecf":"f.C725D2739C9BAC73399F894D32ABC418.d.D44724FC1264F76A8C853AAAC9369412.e.7849","ELEMENT":"f.C725D2739C9BAC73399F894D32ABC418.d.D44724FC1264F76A8C853AAAC9369412.e.7849"}]}
COMMAND: GET /session/771d3c9ffdb5f6a869ae0a3bf138e088/screenshot - {}
RESULT: {"script":"<script> [5351 bytes]","args":[{"element-6066-11e4-a52e-4f735466cecf":"f.C725D2739C9BAC73399F894D32ABC418.d.D44724FC1264F76A8C853AAAC9369412.e.7849","ELEMENT":"f.C725D2739C9BAC73399F894D32ABC418.d.D44724FC1264F76A8C853AAAC9369412.e.7849"}]}
COMMAND: POST /session/771d3c9ffdb5f6a869ae0a3bf138e088/element/f.C725D2739C9BAC73399F894D32ABC418.d.D44724FC1264F76A8C853AAAC9369412.e.7849/click - {}
COMMAND: GET /session/771d3c9ffdb5f6a869ae0a3bf138e088/screenshot - {}
RESULT: {}
RESULT: {}
COMMAND: GET /session/771d3c9ffdb5f6a869ae0a3bf138e088/screenshot - {}
RESULT: {}
RESULT: {}
COMMAND: POST /session/771d3c9ffdb5f6a869ae0a3bf138e088/element - {"using":"css selector","value":"#shell-header-logo"}
RESULT: {"using":"css selector","value":"#shell-header-logo"}
COMMAND: POST /session/771d3c9ffdb5f6a869ae0a3bf138e088/element/f.C725D2739C9BAC73399F894D32ABC418.d.D44724FC1264F76A8C853AAAC9369412.e.8592/click - {}
RESULT: {}
COMMAND: GET /session/771d3c9ffdb5f6a869ae0a3bf138e088/screenshot - {}
RESULT: {}
]]></system-out>
    </testcase>
  </testsuite>
  <testsuite timestamp="2025-04-23T15:50:27" time="71.333" tests="2" failures="0" errors="0" skipped="0">
    <properties>
      <property name="specId" value="0"/>
      <property name="suiteName" value="Personnel creation and reference material verification  US120163"/>
      <property name="capabilities" value="chrome.135_0_7049_96.windows"/>
      <property name="file" value="file:///D:/a/1/s/test/specs/R2C/create-personnel-no-material-reference.spec.js"/>
    </properties>
    <testcase classname="chrome.135_0_7049_96.windows.Personnel_creation_and_reference_material_verification__US120163" name="Should create a new personnel and verify if the material reference is visible" time="52.559">
      <system-out><![CDATA[
RESULT: undefined
COMMAND: POST /session/771d3c9ffdb5f6a869ae0a3bf138e088/element - {"using":"xpath","value":"//*[@id=\"__tile31\"]"}
RESULT: {"using":"xpath","value":"//*[@id=\"__tile31\"]"}
COMMAND: POST /session/771d3c9ffdb5f6a869ae0a3bf138e088/element/f.C725D2739C9BAC73399F894D32ABC418.d.D44724FC1264F76A8C853AAAC9369412.e.7878/click - {}
RESULT: {}
COMMAND: GET /session/771d3c9ffdb5f6a869ae0a3bf138e088/screenshot - {}
RESULT: {}
RESULT: undefined
COMMAND: POST /session/771d3c9ffdb5f6a869ae0a3bf138e088/element - {"using":"xpath","value":"//button[@data-kt=\"addNewRUOverflowToolbarButton\"]"}
RESULT: {"using":"xpath","value":"//button[@data-kt=\"addNewRUOverflowToolbarButton\"]"}
COMMAND: POST /session/771d3c9ffdb5f6a869ae0a3bf138e088/execute/sync - {"script":"<script> [8489 bytes]","args":[{"element-6066-11e4-a52e-4f735466cecf":"f.C725D2739C9BAC73399F894D32ABC418.d.D44724FC1264F76A8C853AAAC9369412.e.8632","ELEMENT":"f.C725D2739C9BAC73399F894D32ABC418.d.D44724FC1264F76A8C853AAAC9369412.e.8632"}]}
RESULT: {"script":"<script> [8489 bytes]","args":[{"element-6066-11e4-a52e-4f735466cecf":"f.C725D2739C9BAC73399F894D32ABC418.d.D44724FC1264F76A8C853AAAC9369412.e.8632","ELEMENT":"f.C725D2739C9BAC73399F894D32ABC418.d.D44724FC1264F76A8C853AAAC9369412.e.8632"}]}
COMMAND: POST /session/771d3c9ffdb5f6a869ae0a3bf138e088/element/f.C725D2739C9BAC73399F894D32ABC418.d.D44724FC1264F76A8C853AAAC9369412.e.8632/click - {}
COMMAND: GET /session/771d3c9ffdb5f6a869ae0a3bf138e088/screenshot - {}
RESULT: {}
RESULT: undefined
COMMAND: POST /session/771d3c9ffdb5f6a869ae0a3bf138e088/element - {"using":"xpath","value":"//*[@id=\"application-manageresources-display-component---newResourceUnit--TYPE-arrow\"]"}
COMMAND: GET /session/771d3c9ffdb5f6a869ae0a3bf138e088/screenshot - {}
RESULT: {}
RESULT: {"using":"xpath","value":"//*[@id=\"application-manageresources-display-component---newResourceUnit--TYPE-arrow\"]"}
COMMAND: POST /session/771d3c9ffdb5f6a869ae0a3bf138e088/element/f.C725D2739C9BAC73399F894D32ABC418.d.D44724FC1264F76A8C853AAAC9369412.e.8960/click - {}
RESULT: {}
RESULT: {}
COMMAND: POST /session/771d3c9ffdb5f6a869ae0a3bf138e088/execute/async - {"script":"<script> [1562 bytes]","args":[{"selector":{"controlType":"sap.m.StandardListItem","viewName":"reusables.view.manageresources.NewResourceUnit","viewId":"application-manageresources-display-component---newResourceUnit","properties":{"title":"Personnel"},"searchOpenDialogs":true,"interaction":{"idSuffix":"titleText"}},"wdio_ui5_key":"reusablesview.manageresources.NewResourceUnitsap.m.StandardListItem{\"title\":\"Personnel\"}"}]}
COMMAND: GET /session/771d3c9ffdb5f6a869ae0a3bf138e088/screenshot - {}
RESULT: {}
RESULT: {"script":"<script> [1562 bytes]","args":[{"selector":{"controlType":"sap.m.StandardListItem","viewName":"reusables.view.manageresources.NewResourceUnit","viewId":"application-manageresources-display-component---newResourceUnit","properties":{"title":"Personnel"},"searchOpenDialogs":true,"interaction":{"idSuffix":"titleText"}},"wdio_ui5_key":"reusablesview.manageresources.NewResourceUnitsap.m.StandardListItem{\"title\":\"Personnel\"}"}]}
RESULT: undefined
COMMAND: POST /session/771d3c9ffdb5f6a869ae0a3bf138e088/element - {"using":"xpath","value":"//*[@id=\"__item1528\"]"}
RESULT: {"using":"xpath","value":"//*[@id=\"__item1528\"]"}
COMMAND: POST /session/771d3c9ffdb5f6a869ae0a3bf138e088/element/f.C725D2739C9BAC73399F894D32ABC418.d.D44724FC1264F76A8C853AAAC9369412.e.8967/click - {}
RESULT: {}
RESULT: undefined
COMMAND: POST /session/771d3c9ffdb5f6a869ae0a3bf138e088/execute/async - {"script":"<script> [776 bytes]","args":[{"enterText":"WdIOPersonnelw87cm","selector":{"id":"application-manageresources-display-component---newResourceUnit--SHORT_TEXT","interaction":{"idSuffix":"inner"}},"clearTextFirst":true,"interactionType":"ENTER_TEXT"}]}
COMMAND: GET /session/771d3c9ffdb5f6a869ae0a3bf138e088/screenshot - {}
RESULT: {"script":"<script> [776 bytes]","args":[{"enterText":"WdIOPersonnelw87cm","selector":{"id":"application-manageresources-display-component---newResourceUnit--SHORT_TEXT","interaction":{"idSuffix":"inner"}},"clearTextFirst":true,"interactionType":"ENTER_TEXT"}]}
COMMAND: POST /session/771d3c9ffdb5f6a869ae0a3bf138e088/element - {"using":"xpath","value":"//bdi[contains(text(), \"Material\")]"}
RESULT: {}
RESULT: {"using":"xpath","value":"//bdi[contains(text(), \"Material\")]"}
COMMAND: POST /session/771d3c9ffdb5f6a869ae0a3bf138e088/element - {"using":"xpath","value":"//bdi[contains(text(), \"Material\")]"}
RESULT: {"using":"xpath","value":"//bdi[contains(text(), \"Material\")]"}
COMMAND: POST /session/771d3c9ffdb5f6a869ae0a3bf138e088/execute/async - {"script":"<script> [1562 bytes]","args":[{"selector":{"id":"application-manageresources-display-component---newResourceUnit--BASE_UNIT_OF_MEASURE-arrow"},"wdio_ui5_key":"applicationmanageresources-display-component---newResourceUnit--BASE_UNIT_OF_MEASURE-arrow"}]}
RESULT: {"script":"<script> [1562 bytes]","args":[{"selector":{"id":"application-manageresources-display-component---newResourceUnit--BASE_UNIT_OF_MEASURE-arrow"},"wdio_ui5_key":"applicationmanageresources-display-component---newResourceUnit--BASE_UNIT_OF_MEASURE-arrow"}]}
RESULT: undefined
COMMAND: POST /session/771d3c9ffdb5f6a869ae0a3bf138e088/element - {"using":"xpath","value":"//*[@id=\"application-manageresources-display-component---newResourceUnit--BASE_UNIT_OF_MEASURE-arrow\"]"}
RESULT: {"using":"xpath","value":"//*[@id=\"application-manageresources-display-component---newResourceUnit--BASE_UNIT_OF_MEASURE-arrow\"]"}
COMMAND: POST /session/771d3c9ffdb5f6a869ae0a3bf138e088/element/f.C725D2739C9BAC73399F894D32ABC418.d.D44724FC1264F76A8C853AAAC9369412.e.9009/click - {}
RESULT: {}
COMMAND: POST /session/771d3c9ffdb5f6a869ae0a3bf138e088/execute/async - {"script":"<script> [1562 bytes]","args":[{"selector":{"controlType":"sap.m.StandardListItem","viewName":"reusables.view.manageresources.NewResourceUnit","viewId":"application-manageresources-display-component---newResourceUnit","properties":{"title":"Percent"},"searchOpenDialogs":true,"interaction":{"idSuffix":"titleText"}},"wdio_ui5_key":"reusablesview.manageresources.NewResourceUnitsap.m.StandardListItem{\"title\":\"Percent\"}"}]}
COMMAND: GET /session/771d3c9ffdb5f6a869ae0a3bf138e088/screenshot - {}
RESULT: {"script":"<script> [1562 bytes]","args":[{"selector":{"controlType":"sap.m.StandardListItem","viewName":"reusables.view.manageresources.NewResourceUnit","viewId":"application-manageresources-display-component---newResourceUnit","properties":{"title":"Percent"},"searchOpenDialogs":true,"interaction":{"idSuffix":"titleText"}},"wdio_ui5_key":"reusablesview.manageresources.NewResourceUnitsap.m.StandardListItem{\"title\":\"Percent\"}"}]}
RESULT: undefined
COMMAND: POST /session/771d3c9ffdb5f6a869ae0a3bf138e088/element - {"using":"xpath","value":"//*[@id=\"__item1550\"]"}
RESULT: {}
RESULT: {"using":"xpath","value":"//*[@id=\"__item1550\"]"}
COMMAND: POST /session/771d3c9ffdb5f6a869ae0a3bf138e088/element/f.C725D2739C9BAC73399F894D32ABC418.d.D44724FC1264F76A8C853AAAC9369412.e.9011/click - {}
RESULT: {}
COMMAND: POST /session/771d3c9ffdb5f6a869ae0a3bf138e088/execute/async - {"script":"<script> [1562 bytes]","args":[{"selector":{"id":"application-manageresources-display-component---newResourceUnit--PLANNING_GROUP-arrow"},"wdio_ui5_key":"applicationmanageresources-display-component---newResourceUnit--PLANNING_GROUP-arrow"}]}
COMMAND: GET /session/771d3c9ffdb5f6a869ae0a3bf138e088/screenshot - {}
RESULT: {"script":"<script> [1562 bytes]","args":[{"selector":{"id":"application-manageresources-display-component---newResourceUnit--PLANNING_GROUP-arrow"},"wdio_ui5_key":"applicationmanageresources-display-component---newResourceUnit--PLANNING_GROUP-arrow"}]}
RESULT: undefined
COMMAND: POST /session/771d3c9ffdb5f6a869ae0a3bf138e088/element - {"using":"xpath","value":"//*[@id=\"application-manageresources-display-component---newResourceUnit--PLANNING_GROUP-arrow\"]"}
RESULT: {}
RESULT: {"using":"xpath","value":"//*[@id=\"application-manageresources-display-component---newResourceUnit--PLANNING_GROUP-arrow\"]"}
COMMAND: POST /session/771d3c9ffdb5f6a869ae0a3bf138e088/element/f.C725D2739C9BAC73399F894D32ABC418.d.D44724FC1264F76A8C853AAAC9369412.e.9012/click - {}
RESULT: {}
COMMAND: GET /session/771d3c9ffdb5f6a869ae0a3bf138e088/screenshot - {}
RESULT: {}
COMMAND: POST /session/771d3c9ffdb5f6a869ae0a3bf138e088/execute/async - {"script":"<script> [1562 bytes]","args":[{"selector":{"controlType":"sap.m.StandardListItem","viewName":"reusables.view.manageresources.NewResourceUnit","viewId":"application-manageresources-display-component---newResourceUnit","properties":{"title":"Operating personnel"},"searchOpenDialogs":true,"interaction":{"idSuffix":"titleText"}},"wdio_ui5_key":"reusablesview.manageresources.NewResourceUnitsap.m.StandardListItem{\"title\":\"Operating personnel\"}"}]}
RESULT: {"script":"<script> [1562 bytes]","args":[{"selector":{"controlType":"sap.m.StandardListItem","viewName":"reusables.view.manageresources.NewResourceUnit","viewId":"application-manageresources-display-component---newResourceUnit","properties":{"title":"Operating personnel"},"searchOpenDialogs":true,"interaction":{"idSuffix":"titleText"}},"wdio_ui5_key":"reusablesview.manageresources.NewResourceUnitsap.m.StandardListItem{\"title\":\"Operating personnel\"}"}]}
RESULT: undefined
COMMAND: POST /session/771d3c9ffdb5f6a869ae0a3bf138e088/element - {"using":"xpath","value":"//*[@id=\"__item1559\"]"}
RESULT: {"using":"xpath","value":"//*[@id=\"__item1559\"]"}
COMMAND: POST /session/771d3c9ffdb5f6a869ae0a3bf138e088/element/f.C725D2739C9BAC73399F894D32ABC418.d.D44724FC1264F76A8C853AAAC9369412.e.9014/click - {}
RESULT: {}
COMMAND: GET /session/771d3c9ffdb5f6a869ae0a3bf138e088/screenshot - {}
RESULT: {}
COMMAND: POST /session/771d3c9ffdb5f6a869ae0a3bf138e088/element - {"using":"xpath","value":"//bdi[contains(text(), \"Time Segment\")]"}
RESULT: {"using":"xpath","value":"//bdi[contains(text(), \"Time Segment\")]"}
COMMAND: GET /session/771d3c9ffdb5f6a869ae0a3bf138e088/element/f.C725D2739C9BAC73399F894D32ABC418.d.D44724FC1264F76A8C853AAAC9369412.e.9015/rect - {}
RESULT: {}
COMMAND: GET /session/771d3c9ffdb5f6a869ae0a3bf138e088/window/rect - {}
RESULT: {}
COMMAND: POST /session/771d3c9ffdb5f6a869ae0a3bf138e088/execute/sync - {"script":"<script> [92 bytes]","args":[]}
RESULT: {"script":"<script> [92 bytes]","args":[]}
COMMAND: POST /session/771d3c9ffdb5f6a869ae0a3bf138e088/actions - {"actions":[{"id":"action24","type":"wheel","parameters":{},"actions":[{"type":"scroll","x":-1820,"y":804,"deltaX":0,"deltaY":0,"duration":0,"origin":{"element-6066-11e4-a52e-4f735466cecf":"f.C725D2739C9BAC73399F894D32ABC418.d.D44724FC1264F76A8C853AAAC9369412.e.9015"}}]}]}
COMMAND: GET /session/771d3c9ffdb5f6a869ae0a3bf138e088/screenshot - {}
RESULT: {}
COMMAND: POST /session/771d3c9ffdb5f6a869ae0a3bf138e088/execute/sync - {"script":"<script> [79 bytes]","args":[{"element-6066-11e4-a52e-4f735466cecf":"f.C725D2739C9BAC73399F894D32ABC418.d.D44724FC1264F76A8C853AAAC9369412.e.9015","ELEMENT":"f.C725D2739C9BAC73399F894D32ABC418.d.D44724FC1264F76A8C853AAAC9369412.e.9015"},{"block":"start","inline":"nearest"}]}
RESULT: {"script":"<script> [79 bytes]","args":[{"element-6066-11e4-a52e-4f735466cecf":"f.C725D2739C9BAC73399F894D32ABC418.d.D44724FC1264F76A8C853AAAC9369412.e.9015","ELEMENT":"f.C725D2739C9BAC73399F894D32ABC418.d.D44724FC1264F76A8C853AAAC9369412.e.9015"},{"block":"start","inline":"nearest"}]}
COMMAND: GET /session/771d3c9ffdb5f6a869ae0a3bf138e088/screenshot - {}
RESULT: {}
COMMAND: POST /session/771d3c9ffdb5f6a869ae0a3bf138e088/element - {"using":"xpath","value":"//span[@id=\"application-manageresources-display-component---newResourceUnit--btnAddTimeSegment-img\"]"}
RESULT: {"using":"xpath","value":"//span[@id=\"application-manageresources-display-component---newResourceUnit--btnAddTimeSegment-img\"]"}
COMMAND: POST /session/771d3c9ffdb5f6a869ae0a3bf138e088/execute/sync - {"script":"<script> [8489 bytes]","args":[{"element-6066-11e4-a52e-4f735466cecf":"f.C725D2739C9BAC73399F894D32ABC418.d.D44724FC1264F76A8C853AAAC9369412.e.9020","ELEMENT":"f.C725D2739C9BAC73399F894D32ABC418.d.D44724FC1264F76A8C853AAAC9369412.e.9020"}]}
RESULT: {"script":"<script> [8489 bytes]","args":[{"element-6066-11e4-a52e-4f735466cecf":"f.C725D2739C9BAC73399F894D32ABC418.d.D44724FC1264F76A8C853AAAC9369412.e.9020","ELEMENT":"f.C725D2739C9BAC73399F894D32ABC418.d.D44724FC1264F76A8C853AAAC9369412.e.9020"}]}
COMMAND: POST /session/771d3c9ffdb5f6a869ae0a3bf138e088/element/f.C725D2739C9BAC73399F894D32ABC418.d.D44724FC1264F76A8C853AAAC9369412.e.9020/click - {}
COMMAND: GET /session/771d3c9ffdb5f6a869ae0a3bf138e088/screenshot - {}
RESULT: {}
COMMAND: GET /session/771d3c9ffdb5f6a869ae0a3bf138e088/screenshot - {}
COMMAND: POST /session/771d3c9ffdb5f6a869ae0a3bf138e088/element - {"using":"xpath","value":"//input[@id=\"application-manageresources-display-component---newResourceUnit--idRuTSAdmin-application-manageresources-display-component---newResourceUnit--RUTimeSegment-0-inner\"]"}
RESULT: {}
RESULT: {}
RESULT: {"using":"xpath","value":"//input[@id=\"application-manageresources-display-component---newResourceUnit--idRuTSAdmin-application-manageresources-display-component---newResourceUnit--RUTimeSegment-0-inner\"]"}
COMMAND: POST /session/771d3c9ffdb5f6a869ae0a3bf138e088/element/f.C725D2739C9BAC73399F894D32ABC418.d.D44724FC1264F76A8C853AAAC9369412.e.9023/clear - {}
RESULT: {}
COMMAND: POST /session/771d3c9ffdb5f6a869ae0a3bf138e088/element/f.C725D2739C9BAC73399F894D32ABC418.d.D44724FC1264F76A8C853AAAC9369412.e.9023/value - {"text":"webdriveryard"}
COMMAND: GET /session/771d3c9ffdb5f6a869ae0a3bf138e088/screenshot - {}
RESULT: {"text":"webdriveryard"}
COMMAND: GET /session/771d3c9ffdb5f6a869ae0a3bf138e088/screenshot - {}
RESULT: {}
RESULT: {}
COMMAND: POST /session/771d3c9ffdb5f6a869ae0a3bf138e088/actions - {"actions":[{"id":"action25","type":"key","parameters":{},"actions":[{"type":"keyDown","value":""},{"type":"pause","duration":10},{"type":"keyUp","value":""}]}]}
RESULT: {"actions":[{"id":"action25","type":"key","parameters":{},"actions":[{"type":"keyDown","value":""},{"type":"pause","duration":10},{"type":"keyUp","value":""}]}]}
COMMAND: GET /session/771d3c9ffdb5f6a869ae0a3bf138e088/screenshot - {}
RESULT: {}
COMMAND: POST /session/771d3c9ffdb5f6a869ae0a3bf138e088/element - {"using":"xpath","value":"//input[contains(@id, \"application-manageresources-display-component---newResourceUnit--newControlDataDateRangePicker-inner\")]"}
RESULT: {"using":"xpath","value":"//input[contains(@id, \"application-manageresources-display-component---newResourceUnit--newControlDataDateRangePicker-inner\")]"}
COMMAND: POST /session/771d3c9ffdb5f6a869ae0a3bf138e088/element/f.C725D2739C9BAC73399F894D32ABC418.d.D44724FC1264F76A8C853AAAC9369412.e.8996/clear - {}
RESULT: {}
COMMAND: POST /session/771d3c9ffdb5f6a869ae0a3bf138e088/element/f.C725D2739C9BAC73399F894D32ABC418.d.D44724FC1264F76A8C853AAAC9369412.e.8996/value - {"text":"12/17/26 - 2/18/27"}
COMMAND: GET /session/771d3c9ffdb5f6a869ae0a3bf138e088/screenshot - {}
RESULT: {"text":"12/17/26 - 2/18/27"}
COMMAND: POST /session/771d3c9ffdb5f6a869ae0a3bf138e088/element - {"using":"xpath","value":"//bdi[contains(@id, \"application-manageresources-display-component---newResourceUnit--createRuButton-BDI-content\")]"}
COMMAND: GET /session/771d3c9ffdb5f6a869ae0a3bf138e088/screenshot - {}
RESULT: {}
RESULT: {"using":"xpath","value":"//bdi[contains(@id, \"application-manageresources-display-component---newResourceUnit--createRuButton-BDI-content\")]"}
COMMAND: POST /session/771d3c9ffdb5f6a869ae0a3bf138e088/element/f.C725D2739C9BAC73399F894D32ABC418.d.D44724FC1264F76A8C853AAAC9369412.e.9037/click - {}
RESULT: {}
RESULT: {}
COMMAND: GET /session/771d3c9ffdb5f6a869ae0a3bf138e088/screenshot - {}
RESULT: {}
COMMAND: POST /session/771d3c9ffdb5f6a869ae0a3bf138e088/actions - {"actions":[{"id":"action26","type":"key","parameters":{},"actions":[{"type":"keyDown","value":""},{"type":"pause","duration":10},{"type":"keyUp","value":""}]}]}
RESULT: {"actions":[{"id":"action26","type":"key","parameters":{},"actions":[{"type":"keyDown","value":""},{"type":"pause","duration":10},{"type":"keyUp","value":""}]}]}
COMMAND: GET /session/771d3c9ffdb5f6a869ae0a3bf138e088/screenshot - {}
RESULT: {}
]]></system-out>
    </testcase>
    <testcase classname="chrome.135_0_7049_96.windows.Personnel_creation_and_reference_material_verification__US120163" name="Should verify if the reference material is visible in edit and detail mode" time="15.601">
      <system-out><![CDATA[
COMMAND: POST /session/771d3c9ffdb5f6a869ae0a3bf138e088/element - {"using":"xpath","value":"//bdi[contains(text(), \"Edit\")]"}
RESULT: {"using":"xpath","value":"//bdi[contains(text(), \"Edit\")]"}
COMMAND: POST /session/771d3c9ffdb5f6a869ae0a3bf138e088/element/f.C725D2739C9BAC73399F894D32ABC418.d.D44724FC1264F76A8C853AAAC9369412.e.9059/click - {}
RESULT: {}
COMMAND: GET /session/771d3c9ffdb5f6a869ae0a3bf138e088/screenshot - {}
RESULT: {}
COMMAND: POST /session/771d3c9ffdb5f6a869ae0a3bf138e088/element - {"using":"xpath","value":"//bdi[contains(text(), \"Material\")]"}
RESULT: {"using":"xpath","value":"//bdi[contains(text(), \"Material\")]"}
COMMAND: POST /session/771d3c9ffdb5f6a869ae0a3bf138e088/element - {"using":"xpath","value":"//bdi[contains(text(), \"Material\")]"}
RESULT: {"using":"xpath","value":"//bdi[contains(text(), \"Material\")]"}
COMMAND: POST /session/771d3c9ffdb5f6a869ae0a3bf138e088/element - {"using":"xpath","value":"(//bdi[contains(text(), \"Save\")])[2]"}
RESULT: {"using":"xpath","value":"(//bdi[contains(text(), \"Save\")])[2]"}
COMMAND: POST /session/771d3c9ffdb5f6a869ae0a3bf138e088/element/f.C725D2739C9BAC73399F894D32ABC418.d.D44724FC1264F76A8C853AAAC9369412.e.9113/click - {}
RESULT: {}
COMMAND: GET /session/771d3c9ffdb5f6a869ae0a3bf138e088/screenshot - {}
RESULT: {}
COMMAND: POST /session/771d3c9ffdb5f6a869ae0a3bf138e088/element - {"using":"css selector","value":"#j_username"}
COMMAND: POST /session/771d3c9ffdb5f6a869ae0a3bf138e088/url - {"url":"https://qa-testing-00-live-etm-ui.cfapps.eu10-004.hana.ondemand.com/"}
RESULT: {"using":"css selector","value":"#j_username"}
COMMAND: POST /session/771d3c9ffdb5f6a869ae0a3bf138e088/element - {"using":"css selector","value":"#j_username"}
RESULT: {"url":"https://qa-testing-00-live-etm-ui.cfapps.eu10-004.hana.ondemand.com/"}
RESULT: undefined
COMMAND: GET /session/771d3c9ffdb5f6a869ae0a3bf138e088/screenshot - {}
RESULT: {"using":"css selector","value":"#j_username"}
COMMAND: POST /session/771d3c9ffdb5f6a869ae0a3bf138e088/element - {"using":"css selector","value":"#shell-header-logo"}
RESULT: {}
RESULT: {"using":"css selector","value":"#shell-header-logo"}
COMMAND: POST /session/771d3c9ffdb5f6a869ae0a3bf138e088/execute/sync - {"script":"<script> [8489 bytes]","args":[{"element-6066-11e4-a52e-4f735466cecf":"f.C725D2739C9BAC73399F894D32ABC418.d.42E7849EE3D7DC1C5972CBAC65B6F7BA.e.9134","ELEMENT":"f.C725D2739C9BAC73399F894D32ABC418.d.42E7849EE3D7DC1C5972CBAC65B6F7BA.e.9134"}]}
RESULT: {"script":"<script> [8489 bytes]","args":[{"element-6066-11e4-a52e-4f735466cecf":"f.C725D2739C9BAC73399F894D32ABC418.d.42E7849EE3D7DC1C5972CBAC65B6F7BA.e.9134","ELEMENT":"f.C725D2739C9BAC73399F894D32ABC418.d.42E7849EE3D7DC1C5972CBAC65B6F7BA.e.9134"}]}
COMMAND: POST /session/771d3c9ffdb5f6a869ae0a3bf138e088/element - {"using":"css selector","value":"#shell-header-logo"}
COMMAND: GET /session/771d3c9ffdb5f6a869ae0a3bf138e088/screenshot - {}
RESULT: {"using":"css selector","value":"#shell-header-logo"}
COMMAND: POST /session/771d3c9ffdb5f6a869ae0a3bf138e088/execute/sync - {"script":"<script> [8489 bytes]","args":[{"element-6066-11e4-a52e-4f735466cecf":"f.C725D2739C9BAC73399F894D32ABC418.d.42E7849EE3D7DC1C5972CBAC65B6F7BA.e.9134","ELEMENT":"f.C725D2739C9BAC73399F894D32ABC418.d.42E7849EE3D7DC1C5972CBAC65B6F7BA.e.9134"}]}
RESULT: {}
RESULT: {"script":"<script> [8489 bytes]","args":[{"element-6066-11e4-a52e-4f735466cecf":"f.C725D2739C9BAC73399F894D32ABC418.d.42E7849EE3D7DC1C5972CBAC65B6F7BA.e.9134","ELEMENT":"f.C725D2739C9BAC73399F894D32ABC418.d.42E7849EE3D7DC1C5972CBAC65B6F7BA.e.9134"}]}
COMMAND: POST /session/771d3c9ffdb5f6a869ae0a3bf138e088/execute/sync - {"script":"<script> [5351 bytes]","args":[{"element-6066-11e4-a52e-4f735466cecf":"f.C725D2739C9BAC73399F894D32ABC418.d.42E7849EE3D7DC1C5972CBAC65B6F7BA.e.9134","ELEMENT":"f.C725D2739C9BAC73399F894D32ABC418.d.42E7849EE3D7DC1C5972CBAC65B6F7BA.e.9134"}]}
COMMAND: GET /session/771d3c9ffdb5f6a869ae0a3bf138e088/screenshot - {}
RESULT: {"script":"<script> [5351 bytes]","args":[{"element-6066-11e4-a52e-4f735466cecf":"f.C725D2739C9BAC73399F894D32ABC418.d.42E7849EE3D7DC1C5972CBAC65B6F7BA.e.9134","ELEMENT":"f.C725D2739C9BAC73399F894D32ABC418.d.42E7849EE3D7DC1C5972CBAC65B6F7BA.e.9134"}]}
COMMAND: POST /session/771d3c9ffdb5f6a869ae0a3bf138e088/element - {"using":"css selector","value":"#shell-header-logo"}
COMMAND: GET /session/771d3c9ffdb5f6a869ae0a3bf138e088/screenshot - {}
RESULT: {}
RESULT: {"using":"css selector","value":"#shell-header-logo"}
COMMAND: POST /session/771d3c9ffdb5f6a869ae0a3bf138e088/element/f.C725D2739C9BAC73399F894D32ABC418.d.42E7849EE3D7DC1C5972CBAC65B6F7BA.e.9134/click - {}
RESULT: {}
RESULT: {}
COMMAND: GET /session/771d3c9ffdb5f6a869ae0a3bf138e088/screenshot - {}
RESULT: {}
COMMAND: POST /session/771d3c9ffdb5f6a869ae0a3bf138e088/execute/async - {"script":"<script> [189 bytes]","args":[]}
RESULT: {"script":"<script> [189 bytes]","args":[]}
COMMAND: POST /session/771d3c9ffdb5f6a869ae0a3bf138e088/execute/async - {"script":"<script> [123 bytes]","args":[]}
RESULT: {"script":"<script> [123 bytes]","args":[]}
COMMAND: POST /session/771d3c9ffdb5f6a869ae0a3bf138e088/timeouts - {"script":"<number>"}
RESULT: {"script":"<number>"}
COMMAND: GET /session/771d3c9ffdb5f6a869ae0a3bf138e088/timeouts - {}
RESULT: {}
RESULT: undefined
COMMAND: POST /session/771d3c9ffdb5f6a869ae0a3bf138e088/execute/async - {"script":"<script> [2676 bytes]","args":[]}
RESULT: {"script":"<script> [2676 bytes]","args":[]}
COMMAND: POST /session/771d3c9ffdb5f6a869ae0a3bf138e088/execute/async - {"script":"<script> [2342 bytes]","args":[{"protocol":"http","hostname":"0.0.0.0","path":"/","capabilities":{"browserName":"chrome","goog:chromeOptions":{"binary":"C:\\Program Files\\Google\\Chrome\\Application\\chrome.exe","args":["--start-maximized"]}},"logLevel":"warn","connectionRetryTimeout":120000,"connectionRetryCount":3,"logLevels":{},"enableDirectConnect":true,"strictSSL":true,"_":"65 more keys: [\"cacheDir\",\"port\",\"requestedCapabilities\",\"automationProtocol\",\"baseUrl\",\"waitforInterval\",\"waitforTimeout\",\"onReload\",\"beforeCommand\",\"afterCommand\",\"rootDir\",\"specs\",\"suites\",\"exclude\",\"groupLogsByTestSpec\",\"excludeDriverLogs\",\"bail\",\"framework\",\"reporters\",\"services\",\"maxInstances\",\"maxInstancesPerCapability\",\"injectGlobals\",\"filesToWatch\",\"execArgv\",\"runnerEnv\",\"runner\",\"shard\",\"specFileRetries\",\"specFileRetriesDelay\",\"specFileRetriesDeferred\",\"reporterSyncInterval\",\"reporterSyncTimeout\",\"cucumberFeaturesWithLineNumbers\",\"autoCompileOpts\",\"mochaOpts\",\"jasmineOpts\",\"cucumberOpts\",\"onPrepare\",\"onWorkerStart\",\"onWorkerEnd\",\"before\",\"beforeSession\",\"beforeSuite\",\"beforeHook\",\"beforeTest\",\"afterTest\",\"afterHook\",\"afterSuite\",\"afterSession\",\"after\",\"onComplete\",\"beforeAssertion\",\"afterAssertion\",\"beforeFeature\",\"beforeScenario\",\"beforeStep\",\"afterStep\",\"afterScenario\",\"afterFeature\",\"_\",\"suite\",\"$0\",\"ignoredWorkerServices\",\"wdi5\"]"}]}
RESULT: {"script":"<script> [2342 bytes]","args":[{"protocol":"http","hostname":"0.0.0.0","path":"/","capabilities":{"browserName":"chrome","goog:chromeOptions":{"binary":"C:\\Program Files\\Google\\Chrome\\Application\\chrome.exe","args":["--start-maximized"]}},"logLevel":"warn","connectionRetryTimeout":120000,"connectionRetryCount":3,"logLevels":{},"enableDirectConnect":true,"strictSSL":true,"_":"65 more keys: [\"cacheDir\",\"port\",\"requestedCapabilities\",\"automationProtocol\",\"baseUrl\",\"waitforInterval\",\"waitforTimeout\",\"onReload\",\"beforeCommand\",\"afterCommand\",\"rootDir\",\"specs\",\"suites\",\"exclude\",\"groupLogsByTestSpec\",\"excludeDriverLogs\",\"bail\",\"framework\",\"reporters\",\"services\",\"maxInstances\",\"maxInstancesPerCapability\",\"injectGlobals\",\"filesToWatch\",\"execArgv\",\"runnerEnv\",\"runner\",\"shard\",\"specFileRetries\",\"specFileRetriesDelay\",\"specFileRetriesDeferred\",\"reporterSyncInterval\",\"reporterSyncTimeout\",\"cucumberFeaturesWithLineNumbers\",\"autoCompileOpts\",\"mochaOpts\",\"jasmineOpts\",\"cucumberOpts\",\"onPrepare\",\"onWorkerStart\",\"onWorkerEnd\",\"before\",\"beforeSession\",\"beforeSuite\",\"beforeHook\",\"beforeTest\",\"afterTest\",\"afterHook\",\"afterSuite\",\"afterSession\",\"after\",\"onComplete\",\"beforeAssertion\",\"afterAssertion\",\"beforeFeature\",\"beforeScenario\",\"beforeStep\",\"afterStep\",\"afterScenario\",\"afterFeature\",\"_\",\"suite\",\"$0\",\"ignoredWorkerServices\",\"wdi5\"]"}]}
COMMAND: POST /session/771d3c9ffdb5f6a869ae0a3bf138e088/execute/async - {"script":"<script> [21126 bytes]","args":[35000]}
RESULT: {"script":"<script> [21126 bytes]","args":[35000]}
COMMAND: POST /session/771d3c9ffdb5f6a869ae0a3bf138e088/window/maximize - {}
RESULT: {}
COMMAND: POST /session/771d3c9ffdb5f6a869ae0a3bf138e088/execute/async - {"script":"<script> [1562 bytes]","args":[{"selector":{"id":"shell-header","interaction":{"idSuffix":"icon"}},"wdio_ui5_key":"shellheader"}]}
COMMAND: GET /session/771d3c9ffdb5f6a869ae0a3bf138e088/screenshot - {}
RESULT: {"script":"<script> [1562 bytes]","args":[{"selector":{"id":"shell-header","interaction":{"idSuffix":"icon"}},"wdio_ui5_key":"shellheader"}]}
RESULT: undefined
RESULT: {}
]]></system-out>
    </testcase>
  </testsuite>
  <testsuite timestamp="2025-04-23T15:51:38" time="414.47" tests="5" failures="0" errors="0" skipped="0">
    <properties>
      <property name="specId" value="0"/>
      <property name="suiteName" value="Warehouse movements inventory test"/>
      <property name="capabilities" value="chrome.135_0_7049_96.windows"/>
      <property name="file" value="file:///D:/a/1/s/test/specs/R2C/create-resource.spec.js"/>
    </properties>
    <testcase classname="chrome.135_0_7049_96.windows.Warehouse_movements_inventory_test" name="Should create a new WHM yard" time="120.306">
      <system-out><![CDATA[
COMMAND: POST /session/771d3c9ffdb5f6a869ae0a3bf138e088/execute/async - {"script":"<script> [1562 bytes]","args":[{"selector":{"controlType":"sap.m.GenericTile","properties":{"header":"Manage Yards"}},"wdio_ui5_key":"sapm.GenericTile{\"header\":\"Manage Yards\"}"}]}
RESULT: {"script":"<script> [1562 bytes]","args":[{"selector":{"controlType":"sap.m.GenericTile","properties":{"header":"Manage Yards"}},"wdio_ui5_key":"sapm.GenericTile{\"header\":\"Manage Yards\"}"}]}
RESULT: undefined
COMMAND: POST /session/771d3c9ffdb5f6a869ae0a3bf138e088/element - {"using":"xpath","value":"//*[@id=\"__tile41\"]"}
RESULT: {"using":"xpath","value":"//*[@id=\"__tile41\"]"}
COMMAND: POST /session/771d3c9ffdb5f6a869ae0a3bf138e088/element/f.C725D2739C9BAC73399F894D32ABC418.d.42E7849EE3D7DC1C5972CBAC65B6F7BA.e.9138/click - {}
RESULT: {}
COMMAND: GET /session/771d3c9ffdb5f6a869ae0a3bf138e088/screenshot - {}
RESULT: {}
COMMAND: POST /session/771d3c9ffdb5f6a869ae0a3bf138e088/execute/async - {"script":"<script> [1562 bytes]","args":[{"selector":{"controlType":"sap.ui.core.Icon","viewName":"etm.portal.ui.manageyards.view.Master","viewId":"application-manageyards-display-component---masterYard","properties":{"src":{"regex":{"source":"add"}}}},"wdio_ui5_key":"etmportal.ui.manageyards.view.Mastersap.ui.core.Icon{\"src\":{\"regex\":{\"source\":\"add\"}}}"}]}
RESULT: {"script":"<script> [1562 bytes]","args":[{"selector":{"controlType":"sap.ui.core.Icon","viewName":"etm.portal.ui.manageyards.view.Master","viewId":"application-manageyards-display-component---masterYard","properties":{"src":{"regex":{"source":"add"}}}},"wdio_ui5_key":"etmportal.ui.manageyards.view.Mastersap.ui.core.Icon{\"src\":{\"regex\":{\"source\":\"add\"}}}"}]}
RESULT: undefined
COMMAND: POST /session/771d3c9ffdb5f6a869ae0a3bf138e088/element - {"using":"xpath","value":"//*[@id=\"__button4-img\"]"}
RESULT: {"using":"xpath","value":"//*[@id=\"__button4-img\"]"}
COMMAND: POST /session/771d3c9ffdb5f6a869ae0a3bf138e088/element/f.C725D2739C9BAC73399F894D32ABC418.d.42E7849EE3D7DC1C5972CBAC65B6F7BA.e.9182/click - {}
RESULT: {}
COMMAND: GET /session/771d3c9ffdb5f6a869ae0a3bf138e088/screenshot - {}
RESULT: {}
COMMAND: POST /session/771d3c9ffdb5f6a869ae0a3bf138e088/execute/async - {"script":"<script> [1562 bytes]","args":[{"selector":{"id":"application-manageyards-display-component---NewYard--yardId","interaction":{"idSuffix":"inner"}},"wdio_ui5_key":"applicationmanageyards-display-component---NewYard--yardId"}]}
RESULT: {"script":"<script> [1562 bytes]","args":[{"selector":{"id":"application-manageyards-display-component---NewYard--yardId","interaction":{"idSuffix":"inner"}},"wdio_ui5_key":"applicationmanageyards-display-component---NewYard--yardId"}]}
RESULT: undefined
COMMAND: POST /session/771d3c9ffdb5f6a869ae0a3bf138e088/element - {"using":"xpath","value":"//*[@id=\"application-manageyards-display-component---NewYard--addressDetailDetailsName1-inner\"]"}
RESULT: {"using":"xpath","value":"//*[@id=\"application-manageyards-display-component---NewYard--addressDetailDetailsName1-inner\"]"}
COMMAND: POST /session/771d3c9ffdb5f6a869ae0a3bf138e088/element/f.C725D2739C9BAC73399F894D32ABC418.d.42E7849EE3D7DC1C5972CBAC65B6F7BA.e.9397/clear - {}
RESULT: {}
COMMAND: POST /session/771d3c9ffdb5f6a869ae0a3bf138e088/element/f.C725D2739C9BAC73399F894D32ABC418.d.42E7849EE3D7DC1C5972CBAC65B6F7BA.e.9397/value - {"text":"WebdriverWHMYarden5bn"}
COMMAND: GET /session/771d3c9ffdb5f6a869ae0a3bf138e088/screenshot - {}
RESULT: {"text":"WebdriverWHMYarden5bn"}
COMMAND: POST /session/771d3c9ffdb5f6a869ae0a3bf138e088/element - {"using":"xpath","value":"//*[@id=\"application-manageyards-display-component---NewYard--addressDetailDetailsLanguage-inner\"]"}
COMMAND: GET /session/771d3c9ffdb5f6a869ae0a3bf138e088/screenshot - {}
RESULT: {}
RESULT: {"using":"xpath","value":"//*[@id=\"application-manageyards-display-component---NewYard--addressDetailDetailsLanguage-inner\"]"}
COMMAND: POST /session/771d3c9ffdb5f6a869ae0a3bf138e088/element/f.C725D2739C9BAC73399F894D32ABC418.d.42E7849EE3D7DC1C5972CBAC65B6F7BA.e.9398/clear - {}
RESULT: {}
RESULT: {}
COMMAND: POST /session/771d3c9ffdb5f6a869ae0a3bf138e088/element/f.C725D2739C9BAC73399F894D32ABC418.d.42E7849EE3D7DC1C5972CBAC65B6F7BA.e.9398/value - {"text":"Romanian"}
COMMAND: GET /session/771d3c9ffdb5f6a869ae0a3bf138e088/screenshot - {}
RESULT: {"text":"Romanian"}
COMMAND: POST /session/771d3c9ffdb5f6a869ae0a3bf138e088/element - {"using":"xpath","value":"//input[contains(@id ,\"application-manageyards-display-component---NewYard--addressDetailDetailsName1-inner\")]"}
COMMAND: GET /session/771d3c9ffdb5f6a869ae0a3bf138e088/screenshot - {}
RESULT: {}
RESULT: {"using":"xpath","value":"//input[contains(@id ,\"application-manageyards-display-component---NewYard--addressDetailDetailsName1-inner\")]"}
COMMAND: GET /session/771d3c9ffdb5f6a869ae0a3bf138e088/element/f.C725D2739C9BAC73399F894D32ABC418.d.42E7849EE3D7DC1C5972CBAC65B6F7BA.e.9397/property/value - {}
RESULT: {}
RESULT: {}
COMMAND: GET /session/771d3c9ffdb5f6a869ae0a3bf138e088/screenshot - {}
RESULT: {}
COMMAND: POST /session/771d3c9ffdb5f6a869ae0a3bf138e088/element - {"using":"xpath","value":"//*[@id=\"application-manageyards-display-component---NewYard--addressDetailDetailsCity1-inner\"]"}
RESULT: {"using":"xpath","value":"//*[@id=\"application-manageyards-display-component---NewYard--addressDetailDetailsCity1-inner\"]"}
COMMAND: POST /session/771d3c9ffdb5f6a869ae0a3bf138e088/element/f.C725D2739C9BAC73399F894D32ABC418.d.42E7849EE3D7DC1C5972CBAC65B6F7BA.e.9400/clear - {}
RESULT: {}
COMMAND: POST /session/771d3c9ffdb5f6a869ae0a3bf138e088/element/f.C725D2739C9BAC73399F894D32ABC418.d.42E7849EE3D7DC1C5972CBAC65B6F7BA.e.9400/value - {"text":"Bucuresti"}
COMMAND: GET /session/771d3c9ffdb5f6a869ae0a3bf138e088/screenshot - {}
RESULT: {"text":"Bucuresti"}
COMMAND: GET /session/771d3c9ffdb5f6a869ae0a3bf138e088/screenshot - {}
RESULT: {}
RESULT: {}
COMMAND: POST /session/771d3c9ffdb5f6a869ae0a3bf138e088/element - {"using":"xpath","value":"//*[@id=\"application-manageyards-display-component---NewYard--addressDetailDetailsCountry-inner\"]"}
RESULT: {"using":"xpath","value":"//*[@id=\"application-manageyards-display-component---NewYard--addressDetailDetailsCountry-inner\"]"}
COMMAND: POST /session/771d3c9ffdb5f6a869ae0a3bf138e088/element/f.C725D2739C9BAC73399F894D32ABC418.d.42E7849EE3D7DC1C5972CBAC65B6F7BA.e.9404/clear - {}
RESULT: {}
COMMAND: POST /session/771d3c9ffdb5f6a869ae0a3bf138e088/element/f.C725D2739C9BAC73399F894D32ABC418.d.42E7849EE3D7DC1C5972CBAC65B6F7BA.e.9404/value - {"text":"Romania"}
COMMAND: GET /session/771d3c9ffdb5f6a869ae0a3bf138e088/screenshot - {}
RESULT: {"text":"Romania"}
COMMAND: GET /session/771d3c9ffdb5f6a869ae0a3bf138e088/screenshot - {}
RESULT: {}
RESULT: {}
COMMAND: POST /session/771d3c9ffdb5f6a869ae0a3bf138e088/execute/async - {"script":"<script> [1562 bytes]","args":[{"selector":{"controlType":"sap.m.Button","viewName":"etm.portal.ui.manageyards.view.New","viewId":"application-manageyards-display-component---NewYard","properties":{"text":"Commercial"},"interaction":{"idSuffix":"BDI-content"}},"wdio_ui5_key":"etmportal.ui.manageyards.view.Newsap.m.Button{\"text\":\"Commercial\"}"}]}
RESULT: {"script":"<script> [1562 bytes]","args":[{"selector":{"controlType":"sap.m.Button","viewName":"etm.portal.ui.manageyards.view.New","viewId":"application-manageyards-display-component---NewYard","properties":{"text":"Commercial"},"interaction":{"idSuffix":"BDI-content"}},"wdio_ui5_key":"etmportal.ui.manageyards.view.Newsap.m.Button{\"text\":\"Commercial\"}"}]}
RESULT: undefined
COMMAND: POST /session/771d3c9ffdb5f6a869ae0a3bf138e088/element - {"using":"xpath","value":"//*[@id=\"application-manageyards-display-component---NewYard--ObjectPageLayout-anchBar-__section5-anchor\"]"}
RESULT: {"using":"xpath","value":"//*[@id=\"application-manageyards-display-component---NewYard--ObjectPageLayout-anchBar-__section5-anchor\"]"}
COMMAND: POST /session/771d3c9ffdb5f6a869ae0a3bf138e088/element/f.C725D2739C9BAC73399F894D32ABC418.d.42E7849EE3D7DC1C5972CBAC65B6F7BA.e.9597/click - {}
RESULT: {}
COMMAND: GET /session/771d3c9ffdb5f6a869ae0a3bf138e088/screenshot - {}
RESULT: {}
COMMAND: POST /session/771d3c9ffdb5f6a869ae0a3bf138e088/element - {"using":"xpath","value":"//div[contains(text(), \"Commercial\")]"}
RESULT: {"using":"xpath","value":"//div[contains(text(), \"Commercial\")]"}
COMMAND: GET /session/771d3c9ffdb5f6a869ae0a3bf138e088/element/f.C725D2739C9BAC73399F894D32ABC418.d.42E7849EE3D7DC1C5972CBAC65B6F7BA.e.9608/rect - {}
RESULT: {}
COMMAND: GET /session/771d3c9ffdb5f6a869ae0a3bf138e088/window/rect - {}
RESULT: {}
COMMAND: POST /session/771d3c9ffdb5f6a869ae0a3bf138e088/execute/sync - {"script":"<script> [92 bytes]","args":[]}
RESULT: {"script":"<script> [92 bytes]","args":[]}
COMMAND: POST /session/771d3c9ffdb5f6a869ae0a3bf138e088/actions - {"actions":[{"id":"action27","type":"wheel","parameters":{},"actions":[{"type":"scroll","x":-1841,"y":-44,"deltaX":0,"deltaY":0,"duration":0,"origin":{"element-6066-11e4-a52e-4f735466cecf":"f.C725D2739C9BAC73399F894D32ABC418.d.42E7849EE3D7DC1C5972CBAC65B6F7BA.e.9608"}}]}]}
COMMAND: GET /session/771d3c9ffdb5f6a869ae0a3bf138e088/screenshot - {}
RESULT: {}
COMMAND: POST /session/771d3c9ffdb5f6a869ae0a3bf138e088/execute/sync - {"script":"<script> [79 bytes]","args":[{"element-6066-11e4-a52e-4f735466cecf":"f.C725D2739C9BAC73399F894D32ABC418.d.42E7849EE3D7DC1C5972CBAC65B6F7BA.e.9608","ELEMENT":"f.C725D2739C9BAC73399F894D32ABC418.d.42E7849EE3D7DC1C5972CBAC65B6F7BA.e.9608"},{"block":"start","inline":"nearest"}]}
RESULT: {"script":"<script> [79 bytes]","args":[{"element-6066-11e4-a52e-4f735466cecf":"f.C725D2739C9BAC73399F894D32ABC418.d.42E7849EE3D7DC1C5972CBAC65B6F7BA.e.9608","ELEMENT":"f.C725D2739C9BAC73399F894D32ABC418.d.42E7849EE3D7DC1C5972CBAC65B6F7BA.e.9608"},{"block":"start","inline":"nearest"}]}
COMMAND: GET /session/771d3c9ffdb5f6a869ae0a3bf138e088/screenshot - {}
RESULT: {}
COMMAND: POST /session/771d3c9ffdb5f6a869ae0a3bf138e088/execute/async - {"script":"<script> [1562 bytes]","args":[{"selector":{"id":"application-manageyards-display-component---NewYard--addressEditDetailsCostObjectCstType-arrow"},"wdio_ui5_key":"applicationmanageyards-display-component---NewYard--addressEditDetailsCostObjectCstType-arrow"}]}
RESULT: {"script":"<script> [1562 bytes]","args":[{"selector":{"id":"application-manageyards-display-component---NewYard--addressEditDetailsCostObjectCstType-arrow"},"wdio_ui5_key":"applicationmanageyards-display-component---NewYard--addressEditDetailsCostObjectCstType-arrow"}]}
RESULT: undefined
COMMAND: POST /session/771d3c9ffdb5f6a869ae0a3bf138e088/element - {"using":"xpath","value":"//*[@id=\"application-manageyards-display-component---NewYard--addressEditDetailsCostObjectCstType-arrow\"]"}
RESULT: {"using":"xpath","value":"//*[@id=\"application-manageyards-display-component---NewYard--addressEditDetailsCostObjectCstType-arrow\"]"}
COMMAND: POST /session/771d3c9ffdb5f6a869ae0a3bf138e088/element/f.C725D2739C9BAC73399F894D32ABC418.d.42E7849EE3D7DC1C5972CBAC65B6F7BA.e.9609/click - {}
RESULT: {}
COMMAND: POST /session/771d3c9ffdb5f6a869ae0a3bf138e088/element - {"using":"xpath","value":"//span[contains(text(), \"Cost Center\")]"}
COMMAND: GET /session/771d3c9ffdb5f6a869ae0a3bf138e088/screenshot - {}
RESULT: {"using":"xpath","value":"//span[contains(text(), \"Cost Center\")]"}
COMMAND: POST /session/771d3c9ffdb5f6a869ae0a3bf138e088/element/f.C725D2739C9BAC73399F894D32ABC418.d.42E7849EE3D7DC1C5972CBAC65B6F7BA.e.9610/click - {}
RESULT: {}
RESULT: {}
COMMAND: GET /session/771d3c9ffdb5f6a869ae0a3bf138e088/screenshot - {}
RESULT: {}
COMMAND: POST /session/771d3c9ffdb5f6a869ae0a3bf138e088/execute/async - {"script":"<script> [1562 bytes]","args":[{"selector":{"id":"application-manageyards-display-component---NewYard--addressNewCostObjectCstID-vhi"},"wdio_ui5_key":"applicationmanageyards-display-component---NewYard--addressNewCostObjectCstID-vhi"}]}
RESULT: {"script":"<script> [1562 bytes]","args":[{"selector":{"id":"application-manageyards-display-component---NewYard--addressNewCostObjectCstID-vhi"},"wdio_ui5_key":"applicationmanageyards-display-component---NewYard--addressNewCostObjectCstID-vhi"}]}
RESULT: undefined
COMMAND: POST /session/771d3c9ffdb5f6a869ae0a3bf138e088/element - {"using":"xpath","value":"//*[@id=\"application-manageyards-display-component---NewYard--addressNewCostObjectCstID-vhi\"]"}
RESULT: {"using":"xpath","value":"//*[@id=\"application-manageyards-display-component---NewYard--addressNewCostObjectCstID-vhi\"]"}
COMMAND: POST /session/771d3c9ffdb5f6a869ae0a3bf138e088/element/f.C725D2739C9BAC73399F894D32ABC418.d.42E7849EE3D7DC1C5972CBAC65B6F7BA.e.9613/click - {}
RESULT: {}
COMMAND: GET /session/771d3c9ffdb5f6a869ae0a3bf138e088/screenshot - {}
RESULT: {}
COMMAND: POST /session/771d3c9ffdb5f6a869ae0a3bf138e088/execute/async - {"script":"<script> [1562 bytes]","args":[{"selector":{"controlType":"sap.m.SearchField","properties":{"placeholder":"Search"},"searchOpenDialogs":true,"interaction":{"idSuffix":"I"}},"wdio_ui5_key":"sapm.SearchField{\"placeholder\":\"Search\"}"}]}
RESULT: {"script":"<script> [1562 bytes]","args":[{"selector":{"controlType":"sap.m.SearchField","properties":{"placeholder":"Search"},"searchOpenDialogs":true,"interaction":{"idSuffix":"I"}},"wdio_ui5_key":"sapm.SearchField{\"placeholder\":\"Search\"}"}]}
RESULT: undefined
COMMAND: POST /session/771d3c9ffdb5f6a869ae0a3bf138e088/execute/async - {"script":"<script> [776 bytes]","args":[{"enterText":"10001013","selector":{"controlType":"sap.m.SearchField","properties":{"placeholder":"Search"},"searchOpenDialogs":true,"interaction":{"idSuffix":"I"}},"clearTextFirst":true,"interactionType":"ENTER_TEXT"}]}
RESULT: {"script":"<script> [776 bytes]","args":[{"enterText":"10001013","selector":{"controlType":"sap.m.SearchField","properties":{"placeholder":"Search"},"searchOpenDialogs":true,"interaction":{"idSuffix":"I"}},"clearTextFirst":true,"interactionType":"ENTER_TEXT"}]}
COMMAND: POST /session/771d3c9ffdb5f6a869ae0a3bf138e088/actions - {"actions":[{"id":"action28","type":"key","parameters":{},"actions":[{"type":"keyDown","value":""},{"type":"pause","duration":10},{"type":"keyUp","value":""}]}]}
RESULT: {"actions":[{"id":"action28","type":"key","parameters":{},"actions":[{"type":"keyDown","value":""},{"type":"pause","duration":10},{"type":"keyUp","value":""}]}]}
COMMAND: GET /session/771d3c9ffdb5f6a869ae0a3bf138e088/screenshot - {}
RESULT: {}
COMMAND: POST /session/771d3c9ffdb5f6a869ae0a3bf138e088/element - {"using":"xpath","value":"//span[contains(text(), \"General Management\")]"}
RESULT: {"using":"xpath","value":"//span[contains(text(), \"General Management\")]"}
COMMAND: POST /session/771d3c9ffdb5f6a869ae0a3bf138e088/element/f.C725D2739C9BAC73399F894D32ABC418.d.42E7849EE3D7DC1C5972CBAC65B6F7BA.e.9654/click - {}
RESULT: {}
COMMAND: GET /session/771d3c9ffdb5f6a869ae0a3bf138e088/screenshot - {}
RESULT: {}
COMMAND: POST /session/771d3c9ffdb5f6a869ae0a3bf138e088/element - {"using":"xpath","value":"//bdi[contains(text(), \"OK\")]"}
RESULT: {"using":"xpath","value":"//bdi[contains(text(), \"OK\")]"}
COMMAND: POST /session/771d3c9ffdb5f6a869ae0a3bf138e088/element/f.C725D2739C9BAC73399F894D32ABC418.d.42E7849EE3D7DC1C5972CBAC65B6F7BA.e.9655/click - {}
RESULT: {}
COMMAND: GET /session/771d3c9ffdb5f6a869ae0a3bf138e088/screenshot - {}
RESULT: {}
COMMAND: POST /session/771d3c9ffdb5f6a869ae0a3bf138e088/execute/async - {"script":"<script> [1562 bytes]","args":[{"selector":{"id":"application-manageyards-display-component---NewYard--addressEditDetailsCurrency","interaction":{"idSuffix":"inner"}},"wdio_ui5_key":"applicationmanageyards-display-component---NewYard--addressEditDetailsCurrency"}]}
RESULT: {"script":"<script> [1562 bytes]","args":[{"selector":{"id":"application-manageyards-display-component---NewYard--addressEditDetailsCurrency","interaction":{"idSuffix":"inner"}},"wdio_ui5_key":"applicationmanageyards-display-component---NewYard--addressEditDetailsCurrency"}]}
RESULT: undefined
COMMAND: POST /session/771d3c9ffdb5f6a869ae0a3bf138e088/execute/async - {"script":"<script> [776 bytes]","args":[{"enterText":"Euro","selector":{"id":"application-manageyards-display-component---NewYard--addressEditDetailsCurrency","interaction":{"idSuffix":"inner"}},"clearTextFirst":true,"interactionType":"ENTER_TEXT"}]}
RESULT: {"script":"<script> [776 bytes]","args":[{"enterText":"Euro","selector":{"id":"application-manageyards-display-component---NewYard--addressEditDetailsCurrency","interaction":{"idSuffix":"inner"}},"clearTextFirst":true,"interactionType":"ENTER_TEXT"}]}
COMMAND: POST /session/771d3c9ffdb5f6a869ae0a3bf138e088/execute/async - {"script":"<script> [1562 bytes]","args":[{"selector":{"controlType":"sap.m.Input","viewName":"etm.portal.ui.manageyards.view.New","viewId":"application-manageyards-display-component---NewYard","bindingPath":{"path":"","propertyPath":"/CONTROLLING_AREA","modelName":"NewYardModel"},"interaction":{"idSuffix":"inner"}},"wdio_ui5_key":"etmportal.ui.manageyards.view.Newsap.m.Input{\"path\":\"\",\"propertyPath\":\"/CONTROLLING_AREA\",\"modelName\":\"NewYardModel\"}"}]}
RESULT: {"script":"<script> [1562 bytes]","args":[{"selector":{"controlType":"sap.m.Input","viewName":"etm.portal.ui.manageyards.view.New","viewId":"application-manageyards-display-component---NewYard","bindingPath":{"path":"","propertyPath":"/CONTROLLING_AREA","modelName":"NewYardModel"},"interaction":{"idSuffix":"inner"}},"wdio_ui5_key":"etmportal.ui.manageyards.view.Newsap.m.Input{\"path\":\"\",\"propertyPath\":\"/CONTROLLING_AREA\",\"modelName\":\"NewYardModel\"}"}]}
RESULT: undefined
COMMAND: POST /session/771d3c9ffdb5f6a869ae0a3bf138e088/execute/async - {"script":"<script> [776 bytes]","args":[{"enterText":"Z001","selector":{"controlType":"sap.m.Input","viewName":"etm.portal.ui.manageyards.view.New","viewId":"application-manageyards-display-component---NewYard","bindingPath":{"path":"","propertyPath":"/CONTROLLING_AREA","modelName":"NewYardModel"},"interaction":{"idSuffix":"inner"}},"clearTextFirst":true,"interactionType":"ENTER_TEXT"}]}
RESULT: {"script":"<script> [776 bytes]","args":[{"enterText":"Z001","selector":{"controlType":"sap.m.Input","viewName":"etm.portal.ui.manageyards.view.New","viewId":"application-manageyards-display-component---NewYard","bindingPath":{"path":"","propertyPath":"/CONTROLLING_AREA","modelName":"NewYardModel"},"interaction":{"idSuffix":"inner"}},"clearTextFirst":true,"interactionType":"ENTER_TEXT"}]}
COMMAND: POST /session/771d3c9ffdb5f6a869ae0a3bf138e088/execute/async - {"script":"<script> [1562 bytes]","args":[{"selector":{"id":"application-manageyards-display-component---NewYard--companyCodeComboBox","interaction":{"idSuffix":"inner"}},"wdio_ui5_key":"applicationmanageyards-display-component---NewYard--companyCodeComboBox"}]}
RESULT: {"script":"<script> [1562 bytes]","args":[{"selector":{"id":"application-manageyards-display-component---NewYard--companyCodeComboBox","interaction":{"idSuffix":"inner"}},"wdio_ui5_key":"applicationmanageyards-display-component---NewYard--companyCodeComboBox"}]}
RESULT: undefined
COMMAND: POST /session/771d3c9ffdb5f6a869ae0a3bf138e088/execute/async - {"script":"<script> [776 bytes]","args":[{"enterText":"1000","selector":{"id":"application-manageyards-display-component---NewYard--companyCodeComboBox","interaction":{"idSuffix":"inner"}},"clearTextFirst":true,"interactionType":"ENTER_TEXT"}]}
RESULT: {"script":"<script> [776 bytes]","args":[{"enterText":"1000","selector":{"id":"application-manageyards-display-component---NewYard--companyCodeComboBox","interaction":{"idSuffix":"inner"}},"clearTextFirst":true,"interactionType":"ENTER_TEXT"}]}
COMMAND: POST /session/771d3c9ffdb5f6a869ae0a3bf138e088/actions - {"actions":[{"id":"action29","type":"key","parameters":{},"actions":[{"type":"keyDown","value":""},{"type":"pause","duration":10},{"type":"keyUp","value":""}]}]}
RESULT: {"actions":[{"id":"action29","type":"key","parameters":{},"actions":[{"type":"keyDown","value":""},{"type":"pause","duration":10},{"type":"keyUp","value":""}]}]}
COMMAND: POST /session/771d3c9ffdb5f6a869ae0a3bf138e088/execute/async - {"script":"<script> [1562 bytes]","args":[{"selector":{"controlType":"sap.m.Input","viewName":"etm.portal.ui.manageyards.view.New","viewId":"application-manageyards-display-component---NewYard","bindingPath":{"path":"","propertyPath":"/PLANT","modelName":"NewYardModel"},"interaction":{"idSuffix":"inner"}},"wdio_ui5_key":"etmportal.ui.manageyards.view.Newsap.m.Input{\"path\":\"\",\"propertyPath\":\"/PLANT\",\"modelName\":\"NewYardModel\"}"}]}
COMMAND: GET /session/771d3c9ffdb5f6a869ae0a3bf138e088/screenshot - {}
RESULT: {"script":"<script> [1562 bytes]","args":[{"selector":{"controlType":"sap.m.Input","viewName":"etm.portal.ui.manageyards.view.New","viewId":"application-manageyards-display-component---NewYard","bindingPath":{"path":"","propertyPath":"/PLANT","modelName":"NewYardModel"},"interaction":{"idSuffix":"inner"}},"wdio_ui5_key":"etmportal.ui.manageyards.view.Newsap.m.Input{\"path\":\"\",\"propertyPath\":\"/PLANT\",\"modelName\":\"NewYardModel\"}"}]}
RESULT: undefined
COMMAND: POST /session/771d3c9ffdb5f6a869ae0a3bf138e088/execute/async - {"script":"<script> [776 bytes]","args":[{"enterText":"1001","selector":{"controlType":"sap.m.Input","viewName":"etm.portal.ui.manageyards.view.New","viewId":"application-manageyards-display-component---NewYard","bindingPath":{"path":"","propertyPath":"/PLANT","modelName":"NewYardModel"},"interaction":{"idSuffix":"inner"}},"clearTextFirst":true,"interactionType":"ENTER_TEXT"}]}
RESULT: {}
RESULT: {"script":"<script> [776 bytes]","args":[{"enterText":"1001","selector":{"controlType":"sap.m.Input","viewName":"etm.portal.ui.manageyards.view.New","viewId":"application-manageyards-display-component---NewYard","bindingPath":{"path":"","propertyPath":"/PLANT","modelName":"NewYardModel"},"interaction":{"idSuffix":"inner"}},"clearTextFirst":true,"interactionType":"ENTER_TEXT"}]}
COMMAND: POST /session/771d3c9ffdb5f6a869ae0a3bf138e088/execute/async - {"script":"<script> [1562 bytes]","args":[{"selector":{"controlType":"sap.m.Input","viewName":"etm.portal.ui.manageyards.view.New","viewId":"application-manageyards-display-component---NewYard","bindingPath":{"path":"","propertyPath":"/SALES_AREA_VKORG","modelName":"NewYardModel"},"interaction":{"idSuffix":"inner"}},"wdio_ui5_key":"etmportal.ui.manageyards.view.Newsap.m.Input{\"path\":\"\",\"propertyPath\":\"/SALES_AREA_VKORG\",\"modelName\":\"NewYardModel\"}"}]}
RESULT: {"script":"<script> [1562 bytes]","args":[{"selector":{"controlType":"sap.m.Input","viewName":"etm.portal.ui.manageyards.view.New","viewId":"application-manageyards-display-component---NewYard","bindingPath":{"path":"","propertyPath":"/SALES_AREA_VKORG","modelName":"NewYardModel"},"interaction":{"idSuffix":"inner"}},"wdio_ui5_key":"etmportal.ui.manageyards.view.Newsap.m.Input{\"path\":\"\",\"propertyPath\":\"/SALES_AREA_VKORG\",\"modelName\":\"NewYardModel\"}"}]}
RESULT: undefined
COMMAND: POST /session/771d3c9ffdb5f6a869ae0a3bf138e088/execute/async - {"script":"<script> [776 bytes]","args":[{"enterText":"C002","selector":{"controlType":"sap.m.Input","viewName":"etm.portal.ui.manageyards.view.New","viewId":"application-manageyards-display-component---NewYard","bindingPath":{"path":"","propertyPath":"/SALES_AREA_VKORG","modelName":"NewYardModel"},"interaction":{"idSuffix":"inner"}},"clearTextFirst":true,"interactionType":"ENTER_TEXT"}]}
RESULT: {"script":"<script> [776 bytes]","args":[{"enterText":"C002","selector":{"controlType":"sap.m.Input","viewName":"etm.portal.ui.manageyards.view.New","viewId":"application-manageyards-display-component---NewYard","bindingPath":{"path":"","propertyPath":"/SALES_AREA_VKORG","modelName":"NewYardModel"},"interaction":{"idSuffix":"inner"}},"clearTextFirst":true,"interactionType":"ENTER_TEXT"}]}
COMMAND: POST /session/771d3c9ffdb5f6a869ae0a3bf138e088/execute/async - {"script":"<script> [1562 bytes]","args":[{"selector":{"controlType":"sap.m.Input","viewName":"etm.portal.ui.manageyards.view.New","viewId":"application-manageyards-display-component---NewYard","bindingPath":{"path":"","propertyPath":"/SALES_AREA_VTWEG","modelName":"NewYardModel"},"interaction":{"idSuffix":"inner"}},"wdio_ui5_key":"etmportal.ui.manageyards.view.Newsap.m.Input{\"path\":\"\",\"propertyPath\":\"/SALES_AREA_VTWEG\",\"modelName\":\"NewYardModel\"}"}]}
RESULT: {"script":"<script> [1562 bytes]","args":[{"selector":{"controlType":"sap.m.Input","viewName":"etm.portal.ui.manageyards.view.New","viewId":"application-manageyards-display-component---NewYard","bindingPath":{"path":"","propertyPath":"/SALES_AREA_VTWEG","modelName":"NewYardModel"},"interaction":{"idSuffix":"inner"}},"wdio_ui5_key":"etmportal.ui.manageyards.view.Newsap.m.Input{\"path\":\"\",\"propertyPath\":\"/SALES_AREA_VTWEG\",\"modelName\":\"NewYardModel\"}"}]}
RESULT: undefined
COMMAND: POST /session/771d3c9ffdb5f6a869ae0a3bf138e088/execute/async - {"script":"<script> [776 bytes]","args":[{"enterText":"C2","selector":{"controlType":"sap.m.Input","viewName":"etm.portal.ui.manageyards.view.New","viewId":"application-manageyards-display-component---NewYard","bindingPath":{"path":"","propertyPath":"/SALES_AREA_VTWEG","modelName":"NewYardModel"},"interaction":{"idSuffix":"inner"}},"clearTextFirst":true,"interactionType":"ENTER_TEXT"}]}
RESULT: {"script":"<script> [776 bytes]","args":[{"enterText":"C2","selector":{"controlType":"sap.m.Input","viewName":"etm.portal.ui.manageyards.view.New","viewId":"application-manageyards-display-component---NewYard","bindingPath":{"path":"","propertyPath":"/SALES_AREA_VTWEG","modelName":"NewYardModel"},"interaction":{"idSuffix":"inner"}},"clearTextFirst":true,"interactionType":"ENTER_TEXT"}]}
COMMAND: POST /session/771d3c9ffdb5f6a869ae0a3bf138e088/execute/async - {"script":"<script> [1562 bytes]","args":[{"selector":{"controlType":"sap.m.Input","viewName":"etm.portal.ui.manageyards.view.New","viewId":"application-manageyards-display-component---NewYard","bindingPath":{"path":"","propertyPath":"/SALES_AREA_SPART","modelName":"NewYardModel"},"interaction":{"idSuffix":"inner"}},"wdio_ui5_key":"etmportal.ui.manageyards.view.Newsap.m.Input{\"path\":\"\",\"propertyPath\":\"/SALES_AREA_SPART\",\"modelName\":\"NewYardModel\"}"}]}
RESULT: {"script":"<script> [1562 bytes]","args":[{"selector":{"controlType":"sap.m.Input","viewName":"etm.portal.ui.manageyards.view.New","viewId":"application-manageyards-display-component---NewYard","bindingPath":{"path":"","propertyPath":"/SALES_AREA_SPART","modelName":"NewYardModel"},"interaction":{"idSuffix":"inner"}},"wdio_ui5_key":"etmportal.ui.manageyards.view.Newsap.m.Input{\"path\":\"\",\"propertyPath\":\"/SALES_AREA_SPART\",\"modelName\":\"NewYardModel\"}"}]}
RESULT: undefined
COMMAND: POST /session/771d3c9ffdb5f6a869ae0a3bf138e088/execute/async - {"script":"<script> [776 bytes]","args":[{"enterText":"C2","selector":{"controlType":"sap.m.Input","viewName":"etm.portal.ui.manageyards.view.New","viewId":"application-manageyards-display-component---NewYard","bindingPath":{"path":"","propertyPath":"/SALES_AREA_SPART","modelName":"NewYardModel"},"interaction":{"idSuffix":"inner"}},"clearTextFirst":true,"interactionType":"ENTER_TEXT"}]}
RESULT: {"script":"<script> [776 bytes]","args":[{"enterText":"C2","selector":{"controlType":"sap.m.Input","viewName":"etm.portal.ui.manageyards.view.New","viewId":"application-manageyards-display-component---NewYard","bindingPath":{"path":"","propertyPath":"/SALES_AREA_SPART","modelName":"NewYardModel"},"interaction":{"idSuffix":"inner"}},"clearTextFirst":true,"interactionType":"ENTER_TEXT"}]}
COMMAND: POST /session/771d3c9ffdb5f6a869ae0a3bf138e088/execute/async - {"script":"<script> [1562 bytes]","args":[{"selector":{"id":"application-manageyards-display-component---NewYard--whmCheckBox","interaction":{"idSuffix":"CbBg"}},"wdio_ui5_key":"applicationmanageyards-display-component---NewYard--whmCheckBox"}]}
RESULT: {"script":"<script> [1562 bytes]","args":[{"selector":{"id":"application-manageyards-display-component---NewYard--whmCheckBox","interaction":{"idSuffix":"CbBg"}},"wdio_ui5_key":"applicationmanageyards-display-component---NewYard--whmCheckBox"}]}
RESULT: undefined
COMMAND: POST /session/771d3c9ffdb5f6a869ae0a3bf138e088/element - {"using":"xpath","value":"//*[@id=\"application-manageyards-display-component---NewYard--whmCheckBox\"]"}
RESULT: {"using":"xpath","value":"//*[@id=\"application-manageyards-display-component---NewYard--whmCheckBox\"]"}
COMMAND: POST /session/771d3c9ffdb5f6a869ae0a3bf138e088/element/f.C725D2739C9BAC73399F894D32ABC418.d.42E7849EE3D7DC1C5972CBAC65B6F7BA.e.9666/click - {}
RESULT: {}
COMMAND: POST /session/771d3c9ffdb5f6a869ae0a3bf138e088/execute/async - {"script":"<script> [1562 bytes]","args":[{"selector":{"controlType":"sap.m.Button","viewName":"etm.portal.ui.manageyards.view.New","viewId":"application-manageyards-display-component---NewYard","i18NText":{"propertyName":"text","key":"save"},"interaction":{"idSuffix":"inner"}},"wdio_ui5_key":"etmportal.ui.manageyards.view.Newsap.m.Button{\"propertyName\":\"text\",\"key\":\"save\"}"}]}
COMMAND: GET /session/771d3c9ffdb5f6a869ae0a3bf138e088/screenshot - {}
RESULT: {"script":"<script> [1562 bytes]","args":[{"selector":{"controlType":"sap.m.Button","viewName":"etm.portal.ui.manageyards.view.New","viewId":"application-manageyards-display-component---NewYard","i18NText":{"propertyName":"text","key":"save"},"interaction":{"idSuffix":"inner"}},"wdio_ui5_key":"etmportal.ui.manageyards.view.Newsap.m.Button{\"propertyName\":\"text\",\"key\":\"save\"}"}]}
RESULT: undefined
COMMAND: POST /session/771d3c9ffdb5f6a869ae0a3bf138e088/element - {"using":"xpath","value":"//*[@id=\"__button18\"]"}
RESULT: {}
RESULT: {"using":"xpath","value":"//*[@id=\"__button18\"]"}
COMMAND: POST /session/771d3c9ffdb5f6a869ae0a3bf138e088/element/f.C725D2739C9BAC73399F894D32ABC418.d.42E7849EE3D7DC1C5972CBAC65B6F7BA.e.9571/click - {}
RESULT: {}
COMMAND: GET /session/771d3c9ffdb5f6a869ae0a3bf138e088/screenshot - {}
RESULT: {}
COMMAND: POST /session/771d3c9ffdb5f6a869ae0a3bf138e088/element - {"using":"css selector","value":"#shell-header-logo"}
RESULT: {"using":"css selector","value":"#shell-header-logo"}
COMMAND: POST /session/771d3c9ffdb5f6a869ae0a3bf138e088/element/f.C725D2739C9BAC73399F894D32ABC418.d.42E7849EE3D7DC1C5972CBAC65B6F7BA.e.9134/click - {}
RESULT: {}
COMMAND: GET /session/771d3c9ffdb5f6a869ae0a3bf138e088/screenshot - {}
RESULT: {}
COMMAND: POST /session/771d3c9ffdb5f6a869ae0a3bf138e088/refresh - {}
RESULT: {}
COMMAND: GET /session/771d3c9ffdb5f6a869ae0a3bf138e088/screenshot - {}
RESULT: {}
COMMAND: POST /session/771d3c9ffdb5f6a869ae0a3bf138e088/execute/async - {"script":"<script> [189 bytes]","args":[]}
RESULT: {"script":"<script> [189 bytes]","args":[]}
COMMAND: POST /session/771d3c9ffdb5f6a869ae0a3bf138e088/execute/async - {"script":"<script> [123 bytes]","args":[]}
RESULT: {"script":"<script> [123 bytes]","args":[]}
COMMAND: POST /session/771d3c9ffdb5f6a869ae0a3bf138e088/timeouts - {"script":"<number>"}
RESULT: {"script":"<number>"}
COMMAND: GET /session/771d3c9ffdb5f6a869ae0a3bf138e088/timeouts - {}
RESULT: {}
RESULT: undefined
COMMAND: POST /session/771d3c9ffdb5f6a869ae0a3bf138e088/execute/async - {"script":"<script> [2676 bytes]","args":[]}
RESULT: {"script":"<script> [2676 bytes]","args":[]}
COMMAND: POST /session/771d3c9ffdb5f6a869ae0a3bf138e088/execute/async - {"script":"<script> [2342 bytes]","args":[{"protocol":"http","hostname":"0.0.0.0","path":"/","capabilities":{"browserName":"chrome","goog:chromeOptions":{"binary":"C:\\Program Files\\Google\\Chrome\\Application\\chrome.exe","args":["--start-maximized"]}},"logLevel":"warn","connectionRetryTimeout":120000,"connectionRetryCount":3,"logLevels":{},"enableDirectConnect":true,"strictSSL":true,"_":"65 more keys: [\"cacheDir\",\"port\",\"requestedCapabilities\",\"automationProtocol\",\"baseUrl\",\"waitforInterval\",\"waitforTimeout\",\"onReload\",\"beforeCommand\",\"afterCommand\",\"rootDir\",\"specs\",\"suites\",\"exclude\",\"groupLogsByTestSpec\",\"excludeDriverLogs\",\"bail\",\"framework\",\"reporters\",\"services\",\"maxInstances\",\"maxInstancesPerCapability\",\"injectGlobals\",\"filesToWatch\",\"execArgv\",\"runnerEnv\",\"runner\",\"shard\",\"specFileRetries\",\"specFileRetriesDelay\",\"specFileRetriesDeferred\",\"reporterSyncInterval\",\"reporterSyncTimeout\",\"cucumberFeaturesWithLineNumbers\",\"autoCompileOpts\",\"mochaOpts\",\"jasmineOpts\",\"cucumberOpts\",\"onPrepare\",\"onWorkerStart\",\"onWorkerEnd\",\"before\",\"beforeSession\",\"beforeSuite\",\"beforeHook\",\"beforeTest\",\"afterTest\",\"afterHook\",\"afterSuite\",\"afterSession\",\"after\",\"onComplete\",\"beforeAssertion\",\"afterAssertion\",\"beforeFeature\",\"beforeScenario\",\"beforeStep\",\"afterStep\",\"afterScenario\",\"afterFeature\",\"_\",\"suite\",\"$0\",\"ignoredWorkerServices\",\"wdi5\"]"}]}
RESULT: {"script":"<script> [2342 bytes]","args":[{"protocol":"http","hostname":"0.0.0.0","path":"/","capabilities":{"browserName":"chrome","goog:chromeOptions":{"binary":"C:\\Program Files\\Google\\Chrome\\Application\\chrome.exe","args":["--start-maximized"]}},"logLevel":"warn","connectionRetryTimeout":120000,"connectionRetryCount":3,"logLevels":{},"enableDirectConnect":true,"strictSSL":true,"_":"65 more keys: [\"cacheDir\",\"port\",\"requestedCapabilities\",\"automationProtocol\",\"baseUrl\",\"waitforInterval\",\"waitforTimeout\",\"onReload\",\"beforeCommand\",\"afterCommand\",\"rootDir\",\"specs\",\"suites\",\"exclude\",\"groupLogsByTestSpec\",\"excludeDriverLogs\",\"bail\",\"framework\",\"reporters\",\"services\",\"maxInstances\",\"maxInstancesPerCapability\",\"injectGlobals\",\"filesToWatch\",\"execArgv\",\"runnerEnv\",\"runner\",\"shard\",\"specFileRetries\",\"specFileRetriesDelay\",\"specFileRetriesDeferred\",\"reporterSyncInterval\",\"reporterSyncTimeout\",\"cucumberFeaturesWithLineNumbers\",\"autoCompileOpts\",\"mochaOpts\",\"jasmineOpts\",\"cucumberOpts\",\"onPrepare\",\"onWorkerStart\",\"onWorkerEnd\",\"before\",\"beforeSession\",\"beforeSuite\",\"beforeHook\",\"beforeTest\",\"afterTest\",\"afterHook\",\"afterSuite\",\"afterSession\",\"after\",\"onComplete\",\"beforeAssertion\",\"afterAssertion\",\"beforeFeature\",\"beforeScenario\",\"beforeStep\",\"afterStep\",\"afterScenario\",\"afterFeature\",\"_\",\"suite\",\"$0\",\"ignoredWorkerServices\",\"wdi5\"]"}]}
COMMAND: POST /session/771d3c9ffdb5f6a869ae0a3bf138e088/execute/async - {"script":"<script> [21126 bytes]","args":[35000]}
RESULT: {"script":"<script> [21126 bytes]","args":[35000]}
]]></system-out>
    </testcase>
    <testcase classname="chrome.135_0_7049_96.windows.Warehouse_movements_inventory_test" name="Should create a new warehouse organization" time="54.578">
      <system-out><![CDATA[
COMMAND: POST /session/771d3c9ffdb5f6a869ae0a3bf138e088/execute/async - {"script":"<script> [1562 bytes]","args":[{"selector":{"controlType":"sap.m.GenericTile","properties":{"header":"Bin Status Report"}},"wdio_ui5_key":"sapm.GenericTile{\"header\":\"Bin Status Report\"}"}]}
RESULT: {"script":"<script> [1562 bytes]","args":[{"selector":{"controlType":"sap.m.GenericTile","properties":{"header":"Bin Status Report"}},"wdio_ui5_key":"sapm.GenericTile{\"header\":\"Bin Status Report\"}"}]}
RESULT: undefined
COMMAND: POST /session/771d3c9ffdb5f6a869ae0a3bf138e088/element - {"using":"xpath","value":"//*[@id=\"__tile104\"]"}
RESULT: {"using":"xpath","value":"//*[@id=\"__tile104\"]"}
COMMAND: POST /session/771d3c9ffdb5f6a869ae0a3bf138e088/element/f.C725D2739C9BAC73399F894D32ABC418.d.8C7DF4420464E16C76CFB527631C64D2.e.9881/click - {}
RESULT: {}
COMMAND: GET /session/771d3c9ffdb5f6a869ae0a3bf138e088/screenshot - {}
RESULT: {}
COMMAND: POST /session/771d3c9ffdb5f6a869ae0a3bf138e088/execute/async - {"script":"<script> [1562 bytes]","args":[{"selector":{"id":"application-binstatusreport-display-component---warehousing--createOrgBtn","interaction":{"idSuffix":"BDI-content"}},"wdio_ui5_key":"applicationbinstatusreport-display-component---warehousing--createOrgBtn"}]}
RESULT: {"script":"<script> [1562 bytes]","args":[{"selector":{"id":"application-binstatusreport-display-component---warehousing--createOrgBtn","interaction":{"idSuffix":"BDI-content"}},"wdio_ui5_key":"applicationbinstatusreport-display-component---warehousing--createOrgBtn"}]}
RESULT: undefined
COMMAND: POST /session/771d3c9ffdb5f6a869ae0a3bf138e088/element - {"using":"xpath","value":"//*[@id=\"application-binstatusreport-display-component---warehousing--createOrgBtn\"]"}
RESULT: {"using":"xpath","value":"//*[@id=\"application-binstatusreport-display-component---warehousing--createOrgBtn\"]"}
COMMAND: POST /session/771d3c9ffdb5f6a869ae0a3bf138e088/element/f.C725D2739C9BAC73399F894D32ABC418.d.8C7DF4420464E16C76CFB527631C64D2.e.9926/click - {}
RESULT: {}
COMMAND: GET /session/771d3c9ffdb5f6a869ae0a3bf138e088/screenshot - {}
RESULT: {}
COMMAND: POST /session/771d3c9ffdb5f6a869ae0a3bf138e088/execute/async - {"script":"<script> [1562 bytes]","args":[{"selector":{"id":"createOrganizationPop--sectionInput","searchOpenDialogs":true,"interaction":{"idSuffix":"inner"}},"wdio_ui5_key":"createOrganizationPopsectionInput"}]}
RESULT: {"script":"<script> [1562 bytes]","args":[{"selector":{"id":"createOrganizationPop--sectionInput","searchOpenDialogs":true,"interaction":{"idSuffix":"inner"}},"wdio_ui5_key":"createOrganizationPopsectionInput"}]}
RESULT: undefined
COMMAND: POST /session/771d3c9ffdb5f6a869ae0a3bf138e088/execute/async - {"script":"<script> [776 bytes]","args":[{"enterText":"Seclzamr","selector":{"id":"createOrganizationPop--sectionInput","searchOpenDialogs":true,"interaction":{"idSuffix":"inner"}},"clearTextFirst":true,"interactionType":"ENTER_TEXT"}]}
RESULT: {"script":"<script> [776 bytes]","args":[{"enterText":"Seclzamr","selector":{"id":"createOrganizationPop--sectionInput","searchOpenDialogs":true,"interaction":{"idSuffix":"inner"}},"clearTextFirst":true,"interactionType":"ENTER_TEXT"}]}
COMMAND: POST /session/771d3c9ffdb5f6a869ae0a3bf138e088/execute/async - {"script":"<script> [1562 bytes]","args":[{"selector":{"id":"createOrganizationPop--descriptionInput","searchOpenDialogs":true,"interaction":{"idSuffix":"inner"}},"wdio_ui5_key":"createOrganizationPopdescriptionInput"}]}
RESULT: {"script":"<script> [1562 bytes]","args":[{"selector":{"id":"createOrganizationPop--descriptionInput","searchOpenDialogs":true,"interaction":{"idSuffix":"inner"}},"wdio_ui5_key":"createOrganizationPopdescriptionInput"}]}
RESULT: undefined
COMMAND: POST /session/771d3c9ffdb5f6a869ae0a3bf138e088/execute/async - {"script":"<script> [776 bytes]","args":[{"enterText":"OrgName6vd2h","selector":{"id":"createOrganizationPop--descriptionInput","searchOpenDialogs":true,"interaction":{"idSuffix":"inner"}},"clearTextFirst":true,"interactionType":"ENTER_TEXT"}]}
RESULT: {"script":"<script> [776 bytes]","args":[{"enterText":"OrgName6vd2h","selector":{"id":"createOrganizationPop--descriptionInput","searchOpenDialogs":true,"interaction":{"idSuffix":"inner"}},"clearTextFirst":true,"interactionType":"ENTER_TEXT"}]}
COMMAND: POST /session/771d3c9ffdb5f6a869ae0a3bf138e088/element - {"using":"xpath","value":"//input[contains(@id ,\"createOrganizationPop--yardOrg-inner\")]"}
RESULT: {"using":"xpath","value":"//input[contains(@id ,\"createOrganizationPop--yardOrg-inner\")]"}
COMMAND: POST /session/771d3c9ffdb5f6a869ae0a3bf138e088/element/f.C725D2739C9BAC73399F894D32ABC418.d.8C7DF4420464E16C76CFB527631C64D2.e.9968/clear - {}
RESULT: {}
COMMAND: POST /session/771d3c9ffdb5f6a869ae0a3bf138e088/element/f.C725D2739C9BAC73399F894D32ABC418.d.8C7DF4420464E16C76CFB527631C64D2.e.9968/value - {"text":"WebdriverWHMYarden5bn"}
COMMAND: GET /session/771d3c9ffdb5f6a869ae0a3bf138e088/screenshot - {}
RESULT: {"text":"WebdriverWHMYarden5bn"}
COMMAND: GET /session/771d3c9ffdb5f6a869ae0a3bf138e088/screenshot - {}
RESULT: {}
RESULT: {}
COMMAND: POST /session/771d3c9ffdb5f6a869ae0a3bf138e088/actions - {"actions":[{"id":"action30","type":"key","parameters":{},"actions":[{"type":"keyDown","value":""},{"type":"pause","duration":10},{"type":"keyUp","value":""}]}]}
RESULT: {"actions":[{"id":"action30","type":"key","parameters":{},"actions":[{"type":"keyDown","value":""},{"type":"pause","duration":10},{"type":"keyUp","value":""}]}]}
COMMAND: GET /session/771d3c9ffdb5f6a869ae0a3bf138e088/screenshot - {}
RESULT: {}
COMMAND: POST /session/771d3c9ffdb5f6a869ae0a3bf138e088/execute/async - {"script":"<script> [1562 bytes]","args":[{"selector":{"id":"createOrganizationPop--grZone","searchOpenDialogs":true,"interaction":{"idSuffix":"CbBg"}},"wdio_ui5_key":"createOrganizationPopgrZone"}]}
RESULT: {"script":"<script> [1562 bytes]","args":[{"selector":{"id":"createOrganizationPop--grZone","searchOpenDialogs":true,"interaction":{"idSuffix":"CbBg"}},"wdio_ui5_key":"createOrganizationPopgrZone"}]}
RESULT: undefined
COMMAND: POST /session/771d3c9ffdb5f6a869ae0a3bf138e088/element - {"using":"xpath","value":"//*[@id=\"createOrganizationPop--grZone\"]"}
RESULT: {"using":"xpath","value":"//*[@id=\"createOrganizationPop--grZone\"]"}
COMMAND: POST /session/771d3c9ffdb5f6a869ae0a3bf138e088/element/f.C725D2739C9BAC73399F894D32ABC418.d.8C7DF4420464E16C76CFB527631C64D2.e.9990/click - {}
RESULT: {}
COMMAND: POST /session/771d3c9ffdb5f6a869ae0a3bf138e088/execute/async - {"script":"<script> [1562 bytes]","args":[{"selector":{"id":"createOrganizationPop--giZone","searchOpenDialogs":true,"interaction":{"idSuffix":"CbBg"}},"wdio_ui5_key":"createOrganizationPopgiZone"}]}
COMMAND: GET /session/771d3c9ffdb5f6a869ae0a3bf138e088/screenshot - {}
RESULT: {"script":"<script> [1562 bytes]","args":[{"selector":{"id":"createOrganizationPop--giZone","searchOpenDialogs":true,"interaction":{"idSuffix":"CbBg"}},"wdio_ui5_key":"createOrganizationPopgiZone"}]}
RESULT: undefined
COMMAND: POST /session/771d3c9ffdb5f6a869ae0a3bf138e088/element - {"using":"xpath","value":"//*[@id=\"createOrganizationPop--giZone\"]"}
RESULT: {}
RESULT: {"using":"xpath","value":"//*[@id=\"createOrganizationPop--giZone\"]"}
COMMAND: POST /session/771d3c9ffdb5f6a869ae0a3bf138e088/element/f.C725D2739C9BAC73399F894D32ABC418.d.8C7DF4420464E16C76CFB527631C64D2.e.9992/click - {}
RESULT: {}
COMMAND: POST /session/771d3c9ffdb5f6a869ae0a3bf138e088/execute/async - {"script":"<script> [1562 bytes]","args":[{"selector":{"id":"createOrganizationPop--binNoInput","searchOpenDialogs":true,"interaction":{"idSuffix":"inner"}},"wdio_ui5_key":"createOrganizationPopbinNoInput"}]}
COMMAND: GET /session/771d3c9ffdb5f6a869ae0a3bf138e088/screenshot - {}
RESULT: {"script":"<script> [1562 bytes]","args":[{"selector":{"id":"createOrganizationPop--binNoInput","searchOpenDialogs":true,"interaction":{"idSuffix":"inner"}},"wdio_ui5_key":"createOrganizationPopbinNoInput"}]}
RESULT: undefined
COMMAND: POST /session/771d3c9ffdb5f6a869ae0a3bf138e088/execute/async - {"script":"<script> [776 bytes]","args":[{"enterText":"Binwxnv4","selector":{"id":"createOrganizationPop--binNoInput","searchOpenDialogs":true,"interaction":{"idSuffix":"inner"}},"clearTextFirst":true,"interactionType":"ENTER_TEXT"}]}
RESULT: {}
RESULT: {"script":"<script> [776 bytes]","args":[{"enterText":"Binwxnv4","selector":{"id":"createOrganizationPop--binNoInput","searchOpenDialogs":true,"interaction":{"idSuffix":"inner"}},"clearTextFirst":true,"interactionType":"ENTER_TEXT"}]}
COMMAND: POST /session/771d3c9ffdb5f6a869ae0a3bf138e088/execute/async - {"script":"<script> [1562 bytes]","args":[{"selector":{"id":"createOrganizationPop--descriptionId","searchOpenDialogs":true,"interaction":{"idSuffix":"inner"}},"wdio_ui5_key":"createOrganizationPopdescriptionId"}]}
RESULT: {"script":"<script> [1562 bytes]","args":[{"selector":{"id":"createOrganizationPop--descriptionId","searchOpenDialogs":true,"interaction":{"idSuffix":"inner"}},"wdio_ui5_key":"createOrganizationPopdescriptionId"}]}
RESULT: undefined
COMMAND: POST /session/771d3c9ffdb5f6a869ae0a3bf138e088/execute/async - {"script":"<script> [776 bytes]","args":[{"enterText":"Binbcjcb","selector":{"id":"createOrganizationPop--descriptionId","searchOpenDialogs":true,"interaction":{"idSuffix":"inner"}},"clearTextFirst":true,"interactionType":"ENTER_TEXT"}]}
RESULT: {"script":"<script> [776 bytes]","args":[{"enterText":"Binbcjcb","selector":{"id":"createOrganizationPop--descriptionId","searchOpenDialogs":true,"interaction":{"idSuffix":"inner"}},"clearTextFirst":true,"interactionType":"ENTER_TEXT"}]}
COMMAND: POST /session/771d3c9ffdb5f6a869ae0a3bf138e088/execute/async - {"script":"<script> [1562 bytes]","args":[{"selector":{"controlType":"sap.m.CheckBox","viewName":"etm.portal.ui.binstatusreport.view.MasterWareBins","viewId":"application-binstatusreport-display-component---warehousing","bindingPath":{"path":"","propertyPath":"/ZONE","modelName":"newBin"},"searchOpenDialogs":true,"interaction":{"idSuffix":"CbBg"}},"wdio_ui5_key":"etmportal.ui.binstatusreport.view.MasterWareBinssap.m.CheckBox{\"path\":\"\",\"propertyPath\":\"/ZONE\",\"modelName\":\"newBin\"}"}]}
RESULT: {"script":"<script> [1562 bytes]","args":[{"selector":{"controlType":"sap.m.CheckBox","viewName":"etm.portal.ui.binstatusreport.view.MasterWareBins","viewId":"application-binstatusreport-display-component---warehousing","bindingPath":{"path":"","propertyPath":"/ZONE","modelName":"newBin"},"searchOpenDialogs":true,"interaction":{"idSuffix":"CbBg"}},"wdio_ui5_key":"etmportal.ui.binstatusreport.view.MasterWareBinssap.m.CheckBox{\"path\":\"\",\"propertyPath\":\"/ZONE\",\"modelName\":\"newBin\"}"}]}
RESULT: undefined
COMMAND: POST /session/771d3c9ffdb5f6a869ae0a3bf138e088/element - {"using":"xpath","value":"//*[@id=\"__box12\"]"}
RESULT: {"using":"xpath","value":"//*[@id=\"__box12\"]"}
COMMAND: POST /session/771d3c9ffdb5f6a869ae0a3bf138e088/element/f.C725D2739C9BAC73399F894D32ABC418.d.8C7DF4420464E16C76CFB527631C64D2.e.9996/click - {}
RESULT: {}
COMMAND: POST /session/771d3c9ffdb5f6a869ae0a3bf138e088/execute/async - {"script":"<script> [1562 bytes]","args":[{"selector":{"id":"createOrganizationPop--binTypesCB-arrow","searchOpenDialogs":true},"wdio_ui5_key":"createOrganizationPopbinTypesCB-arrow"}]}
COMMAND: GET /session/771d3c9ffdb5f6a869ae0a3bf138e088/screenshot - {}
RESULT: {"script":"<script> [1562 bytes]","args":[{"selector":{"id":"createOrganizationPop--binTypesCB-arrow","searchOpenDialogs":true},"wdio_ui5_key":"createOrganizationPopbinTypesCB-arrow"}]}
RESULT: undefined
COMMAND: POST /session/771d3c9ffdb5f6a869ae0a3bf138e088/element - {"using":"xpath","value":"//*[@id=\"createOrganizationPop--binTypesCB-arrow\"]"}
RESULT: {}
RESULT: {"using":"xpath","value":"//*[@id=\"createOrganizationPop--binTypesCB-arrow\"]"}
COMMAND: POST /session/771d3c9ffdb5f6a869ae0a3bf138e088/element/f.C725D2739C9BAC73399F894D32ABC418.d.8C7DF4420464E16C76CFB527631C64D2.e.9997/click - {}
RESULT: {}
COMMAND: POST /session/771d3c9ffdb5f6a869ae0a3bf138e088/execute/async - {"script":"<script> [1562 bytes]","args":[{"selector":{"controlType":"sap.m.StandardListItem","viewName":"etm.portal.ui.binstatusreport.view.MasterWareBins","viewId":"application-binstatusreport-display-component---warehousing","properties":{"title":"1 - General / No capacity check"},"searchOpenDialogs":true,"interaction":{"idSuffix":"content"}},"wdio_ui5_key":"etmportal.ui.binstatusreport.view.MasterWareBinssap.m.StandardListItem{\"title\":\"1 - General / No capacity check\"}"}]}
COMMAND: GET /session/771d3c9ffdb5f6a869ae0a3bf138e088/screenshot - {}
RESULT: {"script":"<script> [1562 bytes]","args":[{"selector":{"controlType":"sap.m.StandardListItem","viewName":"etm.portal.ui.binstatusreport.view.MasterWareBins","viewId":"application-binstatusreport-display-component---warehousing","properties":{"title":"1 - General / No capacity check"},"searchOpenDialogs":true,"interaction":{"idSuffix":"content"}},"wdio_ui5_key":"etmportal.ui.binstatusreport.view.MasterWareBinssap.m.StandardListItem{\"title\":\"1 - General / No capacity check\"}"}]}
RESULT: undefined
COMMAND: POST /session/771d3c9ffdb5f6a869ae0a3bf138e088/element - {"using":"xpath","value":"//*[@id=\"__item150\"]"}
RESULT: {}
RESULT: {"using":"xpath","value":"//*[@id=\"__item150\"]"}
COMMAND: POST /session/771d3c9ffdb5f6a869ae0a3bf138e088/element/f.C725D2739C9BAC73399F894D32ABC418.d.8C7DF4420464E16C76CFB527631C64D2.e.9999/click - {}
RESULT: {}
COMMAND: POST /session/771d3c9ffdb5f6a869ae0a3bf138e088/execute/async - {"script":"<script> [1562 bytes]","args":[{"selector":{"id":"createOrganizationPop--finishBtn","searchOpenDialogs":true,"interaction":{"idSuffix":"BDI-content"}},"wdio_ui5_key":"createOrganizationPopfinishBtn"}]}
COMMAND: GET /session/771d3c9ffdb5f6a869ae0a3bf138e088/screenshot - {}
RESULT: {"script":"<script> [1562 bytes]","args":[{"selector":{"id":"createOrganizationPop--finishBtn","searchOpenDialogs":true,"interaction":{"idSuffix":"BDI-content"}},"wdio_ui5_key":"createOrganizationPopfinishBtn"}]}
RESULT: undefined
COMMAND: POST /session/771d3c9ffdb5f6a869ae0a3bf138e088/element - {"using":"xpath","value":"//*[@id=\"createOrganizationPop--finishBtn\"]"}
RESULT: {}
RESULT: {"using":"xpath","value":"//*[@id=\"createOrganizationPop--finishBtn\"]"}
COMMAND: POST /session/771d3c9ffdb5f6a869ae0a3bf138e088/element/f.C725D2739C9BAC73399F894D32ABC418.d.8C7DF4420464E16C76CFB527631C64D2.e.10001/click - {}
RESULT: {}
COMMAND: GET /session/771d3c9ffdb5f6a869ae0a3bf138e088/screenshot - {}
RESULT: {}
COMMAND: POST /session/771d3c9ffdb5f6a869ae0a3bf138e088/element - {"using":"css selector","value":"#shell-header-logo"}
RESULT: {"using":"css selector","value":"#shell-header-logo"}
COMMAND: POST /session/771d3c9ffdb5f6a869ae0a3bf138e088/element/f.C725D2739C9BAC73399F894D32ABC418.d.8C7DF4420464E16C76CFB527631C64D2.e.9885/click - {}
RESULT: {}
COMMAND: GET /session/771d3c9ffdb5f6a869ae0a3bf138e088/screenshot - {}
RESULT: {}
]]></system-out>
    </testcase>
    <testcase classname="chrome.135_0_7049_96.windows.Warehouse_movements_inventory_test" name="Should Create new material for WHM yard" time="111.845">
      <system-out><![CDATA[
COMMAND: POST /session/771d3c9ffdb5f6a869ae0a3bf138e088/execute/async - {"script":"<script> [1562 bytes]","args":[{"selector":{"controlType":"sap.m.GenericTile","properties":{"header":"Manage Resources"}},"wdio_ui5_key":"sapm.GenericTile{\"header\":\"Manage Resources\"}"}]}
RESULT: {"script":"<script> [1562 bytes]","args":[{"selector":{"controlType":"sap.m.GenericTile","properties":{"header":"Manage Resources"}},"wdio_ui5_key":"sapm.GenericTile{\"header\":\"Manage Resources\"}"}]}
RESULT: undefined
COMMAND: POST /session/771d3c9ffdb5f6a869ae0a3bf138e088/element - {"using":"xpath","value":"//*[@id=\"__tile39\"]"}
RESULT: {"using":"xpath","value":"//*[@id=\"__tile39\"]"}
COMMAND: POST /session/771d3c9ffdb5f6a869ae0a3bf138e088/element/f.C725D2739C9BAC73399F894D32ABC418.d.8C7DF4420464E16C76CFB527631C64D2.e.10008/click - {}
RESULT: {}
COMMAND: GET /session/771d3c9ffdb5f6a869ae0a3bf138e088/screenshot - {}
RESULT: undefined
RESULT: undefined
RESULT: {}
COMMAND: POST /session/771d3c9ffdb5f6a869ae0a3bf138e088/element - {"using":"xpath","value":"//button[@data-kt=\"addNewRUOverflowToolbarButton\"]"}
RESULT: {"using":"xpath","value":"//button[@data-kt=\"addNewRUOverflowToolbarButton\"]"}
COMMAND: POST /session/771d3c9ffdb5f6a869ae0a3bf138e088/execute/sync - {"script":"<script> [8489 bytes]","args":[{"element-6066-11e4-a52e-4f735466cecf":"f.C725D2739C9BAC73399F894D32ABC418.d.8C7DF4420464E16C76CFB527631C64D2.e.10048","ELEMENT":"f.C725D2739C9BAC73399F894D32ABC418.d.8C7DF4420464E16C76CFB527631C64D2.e.10048"}]}
RESULT: {"script":"<script> [8489 bytes]","args":[{"element-6066-11e4-a52e-4f735466cecf":"f.C725D2739C9BAC73399F894D32ABC418.d.8C7DF4420464E16C76CFB527631C64D2.e.10048","ELEMENT":"f.C725D2739C9BAC73399F894D32ABC418.d.8C7DF4420464E16C76CFB527631C64D2.e.10048"}]}
COMMAND: POST /session/771d3c9ffdb5f6a869ae0a3bf138e088/element/f.C725D2739C9BAC73399F894D32ABC418.d.8C7DF4420464E16C76CFB527631C64D2.e.10048/click - {}
COMMAND: GET /session/771d3c9ffdb5f6a869ae0a3bf138e088/screenshot - {}
RESULT: {}
COMMAND: POST /session/771d3c9ffdb5f6a869ae0a3bf138e088/execute/async - {"script":"<script> [1562 bytes]","args":[{"selector":{"id":"application-manageresources-display-component---newResourceUnit--TYPE-arrow"},"wdio_ui5_key":"applicationmanageresources-display-component---newResourceUnit--TYPE-arrow"}]}
COMMAND: GET /session/771d3c9ffdb5f6a869ae0a3bf138e088/screenshot - {}
RESULT: {}
RESULT: {"script":"<script> [1562 bytes]","args":[{"selector":{"id":"application-manageresources-display-component---newResourceUnit--TYPE-arrow"},"wdio_ui5_key":"applicationmanageresources-display-component---newResourceUnit--TYPE-arrow"}]}
RESULT: undefined
COMMAND: POST /session/771d3c9ffdb5f6a869ae0a3bf138e088/element - {"using":"xpath","value":"//*[@id=\"application-manageresources-display-component---newResourceUnit--TYPE-arrow\"]"}
RESULT: {}
RESULT: {"using":"xpath","value":"//*[@id=\"application-manageresources-display-component---newResourceUnit--TYPE-arrow\"]"}
COMMAND: POST /session/771d3c9ffdb5f6a869ae0a3bf138e088/element/f.C725D2739C9BAC73399F894D32ABC418.d.8C7DF4420464E16C76CFB527631C64D2.e.10378/click - {}
RESULT: {}
COMMAND: POST /session/771d3c9ffdb5f6a869ae0a3bf138e088/execute/async - {"script":"<script> [1562 bytes]","args":[{"selector":{"controlType":"sap.m.StandardListItem","viewName":"reusables.view.manageresources.NewResourceUnit","viewId":"application-manageresources-display-component---newResourceUnit","properties":{"title":"Material"},"searchOpenDialogs":true,"interaction":{"idSuffix":"titleText"}},"wdio_ui5_key":"reusablesview.manageresources.NewResourceUnitsap.m.StandardListItem{\"title\":\"Material\"}"}]}
COMMAND: GET /session/771d3c9ffdb5f6a869ae0a3bf138e088/screenshot - {}
RESULT: {"script":"<script> [1562 bytes]","args":[{"selector":{"controlType":"sap.m.StandardListItem","viewName":"reusables.view.manageresources.NewResourceUnit","viewId":"application-manageresources-display-component---newResourceUnit","properties":{"title":"Material"},"searchOpenDialogs":true,"interaction":{"idSuffix":"titleText"}},"wdio_ui5_key":"reusablesview.manageresources.NewResourceUnitsap.m.StandardListItem{\"title\":\"Material\"}"}]}
RESULT: undefined
COMMAND: POST /session/771d3c9ffdb5f6a869ae0a3bf138e088/element - {"using":"xpath","value":"//*[@id=\"__item280\"]"}
RESULT: {}
RESULT: {"using":"xpath","value":"//*[@id=\"__item280\"]"}
COMMAND: POST /session/771d3c9ffdb5f6a869ae0a3bf138e088/element/f.C725D2739C9BAC73399F894D32ABC418.d.8C7DF4420464E16C76CFB527631C64D2.e.10381/click - {}
RESULT: {}
COMMAND: POST /session/771d3c9ffdb5f6a869ae0a3bf138e088/execute/async - {"script":"<script> [1562 bytes]","args":[{"selector":{"id":"application-manageresources-display-component---newResourceUnit--SHORT_TEXT","interaction":{"idSuffix":"inner"}},"wdio_ui5_key":"applicationmanageresources-display-component---newResourceUnit--SHORT_TEXT"}]}
COMMAND: GET /session/771d3c9ffdb5f6a869ae0a3bf138e088/screenshot - {}
RESULT: {"script":"<script> [1562 bytes]","args":[{"selector":{"id":"application-manageresources-display-component---newResourceUnit--SHORT_TEXT","interaction":{"idSuffix":"inner"}},"wdio_ui5_key":"applicationmanageresources-display-component---newResourceUnit--SHORT_TEXT"}]}
RESULT: undefined
COMMAND: POST /session/771d3c9ffdb5f6a869ae0a3bf138e088/execute/async - {"script":"<script> [776 bytes]","args":[{"enterText":"WebdriverRUR2Cb1wji","selector":{"id":"application-manageresources-display-component---newResourceUnit--SHORT_TEXT","interaction":{"idSuffix":"inner"}},"clearTextFirst":true,"interactionType":"ENTER_TEXT"}]}
RESULT: {}
RESULT: {"script":"<script> [776 bytes]","args":[{"enterText":"WebdriverRUR2Cb1wji","selector":{"id":"application-manageresources-display-component---newResourceUnit--SHORT_TEXT","interaction":{"idSuffix":"inner"}},"clearTextFirst":true,"interactionType":"ENTER_TEXT"}]}
COMMAND: POST /session/771d3c9ffdb5f6a869ae0a3bf138e088/execute/async - {"script":"<script> [1562 bytes]","args":[{"selector":{"id":"application-manageresources-display-component---newResourceUnit--BASE_UNIT_OF_MEASURE-arrow"},"wdio_ui5_key":"applicationmanageresources-display-component---newResourceUnit--BASE_UNIT_OF_MEASURE-arrow"}]}
RESULT: {"script":"<script> [1562 bytes]","args":[{"selector":{"id":"application-manageresources-display-component---newResourceUnit--BASE_UNIT_OF_MEASURE-arrow"},"wdio_ui5_key":"applicationmanageresources-display-component---newResourceUnit--BASE_UNIT_OF_MEASURE-arrow"}]}
RESULT: undefined
COMMAND: POST /session/771d3c9ffdb5f6a869ae0a3bf138e088/element - {"using":"xpath","value":"//*[@id=\"application-manageresources-display-component---newResourceUnit--BASE_UNIT_OF_MEASURE-arrow\"]"}
RESULT: {"using":"xpath","value":"//*[@id=\"application-manageresources-display-component---newResourceUnit--BASE_UNIT_OF_MEASURE-arrow\"]"}
COMMAND: POST /session/771d3c9ffdb5f6a869ae0a3bf138e088/element/f.C725D2739C9BAC73399F894D32ABC418.d.8C7DF4420464E16C76CFB527631C64D2.e.10437/click - {}
RESULT: {}
COMMAND: POST /session/771d3c9ffdb5f6a869ae0a3bf138e088/execute/async - {"script":"<script> [1562 bytes]","args":[{"selector":{"controlType":"sap.m.StandardListItem","viewName":"reusables.view.manageresources.NewResourceUnit","viewId":"application-manageresources-display-component---newResourceUnit","properties":{"title":"Piece"},"searchOpenDialogs":true,"interaction":{"idSuffix":"titleText"}},"wdio_ui5_key":"reusablesview.manageresources.NewResourceUnitsap.m.StandardListItem{\"title\":\"Piece\"}"}]}
COMMAND: GET /session/771d3c9ffdb5f6a869ae0a3bf138e088/screenshot - {}
RESULT: {"script":"<script> [1562 bytes]","args":[{"selector":{"controlType":"sap.m.StandardListItem","viewName":"reusables.view.manageresources.NewResourceUnit","viewId":"application-manageresources-display-component---newResourceUnit","properties":{"title":"Piece"},"searchOpenDialogs":true,"interaction":{"idSuffix":"titleText"}},"wdio_ui5_key":"reusablesview.manageresources.NewResourceUnitsap.m.StandardListItem{\"title\":\"Piece\"}"}]}
RESULT: undefined
COMMAND: POST /session/771d3c9ffdb5f6a869ae0a3bf138e088/element - {"using":"xpath","value":"//*[@id=\"__item324\"]"}
RESULT: {}
RESULT: {"using":"xpath","value":"//*[@id=\"__item324\"]"}
COMMAND: POST /session/771d3c9ffdb5f6a869ae0a3bf138e088/element/f.C725D2739C9BAC73399F894D32ABC418.d.8C7DF4420464E16C76CFB527631C64D2.e.10439/click - {}
RESULT: {}
COMMAND: POST /session/771d3c9ffdb5f6a869ae0a3bf138e088/element - {"using":"xpath","value":"//input[contains(@id ,\"application-manageresources-display-component---newResourceUnit--SHORT_TEXT-inner\")]"}
COMMAND: GET /session/771d3c9ffdb5f6a869ae0a3bf138e088/screenshot - {}
RESULT: {"using":"xpath","value":"//input[contains(@id ,\"application-manageresources-display-component---newResourceUnit--SHORT_TEXT-inner\")]"}
COMMAND: GET /session/771d3c9ffdb5f6a869ae0a3bf138e088/element/f.C725D2739C9BAC73399F894D32ABC418.d.8C7DF4420464E16C76CFB527631C64D2.e.10398/property/value - {}
RESULT: {}
RESULT: {}
COMMAND: POST /session/771d3c9ffdb5f6a869ae0a3bf138e088/execute/async - {"script":"<script> [1562 bytes]","args":[{"selector":{"id":"application-manageresources-display-component---newResourceUnit--WEIGHT_UNIT-arrow"},"wdio_ui5_key":"applicationmanageresources-display-component---newResourceUnit--WEIGHT_UNIT-arrow"}]}
COMMAND: GET /session/771d3c9ffdb5f6a869ae0a3bf138e088/screenshot - {}
RESULT: {"script":"<script> [1562 bytes]","args":[{"selector":{"id":"application-manageresources-display-component---newResourceUnit--WEIGHT_UNIT-arrow"},"wdio_ui5_key":"applicationmanageresources-display-component---newResourceUnit--WEIGHT_UNIT-arrow"}]}
RESULT: undefined
COMMAND: POST /session/771d3c9ffdb5f6a869ae0a3bf138e088/element - {"using":"xpath","value":"//*[@id=\"application-manageresources-display-component---newResourceUnit--WEIGHT_UNIT-arrow\"]"}
RESULT: {}
RESULT: {"using":"xpath","value":"//*[@id=\"application-manageresources-display-component---newResourceUnit--WEIGHT_UNIT-arrow\"]"}
COMMAND: POST /session/771d3c9ffdb5f6a869ae0a3bf138e088/element/f.C725D2739C9BAC73399F894D32ABC418.d.8C7DF4420464E16C76CFB527631C64D2.e.10440/click - {}
RESULT: {}
COMMAND: POST /session/771d3c9ffdb5f6a869ae0a3bf138e088/execute/async - {"script":"<script> [1562 bytes]","args":[{"selector":{"controlType":"sap.m.StandardListItem","viewName":"reusables.view.manageresources.NewResourceUnit","viewId":"application-manageresources-display-component---newResourceUnit","properties":{"title":"Gram"},"searchOpenDialogs":true,"interaction":{"idSuffix":"content"}},"wdio_ui5_key":"reusablesview.manageresources.NewResourceUnitsap.m.StandardListItem{\"title\":\"Gram\"}"}]}
COMMAND: GET /session/771d3c9ffdb5f6a869ae0a3bf138e088/screenshot - {}
RESULT: {"script":"<script> [1562 bytes]","args":[{"selector":{"controlType":"sap.m.StandardListItem","viewName":"reusables.view.manageresources.NewResourceUnit","viewId":"application-manageresources-display-component---newResourceUnit","properties":{"title":"Gram"},"searchOpenDialogs":true,"interaction":{"idSuffix":"content"}},"wdio_ui5_key":"reusablesview.manageresources.NewResourceUnitsap.m.StandardListItem{\"title\":\"Gram\"}"}]}
RESULT: undefined
COMMAND: POST /session/771d3c9ffdb5f6a869ae0a3bf138e088/element - {"using":"xpath","value":"//*[@id=\"__item389\"]"}
RESULT: {}
RESULT: {"using":"xpath","value":"//*[@id=\"__item389\"]"}
COMMAND: POST /session/771d3c9ffdb5f6a869ae0a3bf138e088/element/f.C725D2739C9BAC73399F894D32ABC418.d.8C7DF4420464E16C76CFB527631C64D2.e.10442/click - {}
RESULT: {}
COMMAND: POST /session/771d3c9ffdb5f6a869ae0a3bf138e088/execute/async - {"script":"<script> [1562 bytes]","args":[{"selector":{"id":"application-manageresources-display-component---newResourceUnit--newRRUPage-OPHeaderContent-collapseBtn-img"},"wdio_ui5_key":"applicationmanageresources-display-component---newResourceUnit--newRRUPage-OPHeaderContent-collapseBtn-img"}]}
COMMAND: GET /session/771d3c9ffdb5f6a869ae0a3bf138e088/screenshot - {}
RESULT: {"script":"<script> [1562 bytes]","args":[{"selector":{"id":"application-manageresources-display-component---newResourceUnit--newRRUPage-OPHeaderContent-collapseBtn-img"},"wdio_ui5_key":"applicationmanageresources-display-component---newResourceUnit--newRRUPage-OPHeaderContent-collapseBtn-img"}]}
RESULT: undefined
COMMAND: POST /session/771d3c9ffdb5f6a869ae0a3bf138e088/element - {"using":"xpath","value":"//*[@id=\"application-manageresources-display-component---newResourceUnit--newRRUPage-OPHeaderContent-collapseBtn-img\"]"}
RESULT: {}
RESULT: {"using":"xpath","value":"//*[@id=\"application-manageresources-display-component---newResourceUnit--newRRUPage-OPHeaderContent-collapseBtn-img\"]"}
COMMAND: POST /session/771d3c9ffdb5f6a869ae0a3bf138e088/element/f.C725D2739C9BAC73399F894D32ABC418.d.8C7DF4420464E16C76CFB527631C64D2.e.10388/click - {}
RESULT: {}
COMMAND: GET /session/771d3c9ffdb5f6a869ae0a3bf138e088/screenshot - {}
RESULT: {}
COMMAND: POST /session/771d3c9ffdb5f6a869ae0a3bf138e088/element - {"using":"xpath","value":"(//span[contains(@id ,\"application-manageresources-display-component---newResourceUnit--DIMENSION_UNIT-arrow\")])[1]"}
RESULT: {"using":"xpath","value":"(//span[contains(@id ,\"application-manageresources-display-component---newResourceUnit--DIMENSION_UNIT-arrow\")])[1]"}
COMMAND: POST /session/771d3c9ffdb5f6a869ae0a3bf138e088/element/f.C725D2739C9BAC73399F894D32ABC418.d.8C7DF4420464E16C76CFB527631C64D2.e.10448/click - {}
RESULT: {}
COMMAND: GET /session/771d3c9ffdb5f6a869ae0a3bf138e088/screenshot - {}
RESULT: {}
COMMAND: POST /session/771d3c9ffdb5f6a869ae0a3bf138e088/execute/async - {"script":"<script> [1562 bytes]","args":[{"selector":{"controlType":"sap.m.StandardListItem","viewName":"reusables.view.manageresources.NewResourceUnit","viewId":"application-manageresources-display-component---newResourceUnit","properties":{"title":"Centimeter"},"searchOpenDialogs":true,"interaction":{"idSuffix":"titleText"}},"wdio_ui5_key":"reusablesview.manageresources.NewResourceUnitsap.m.StandardListItem{\"title\":\"Centimeter\"}"}]}
RESULT: {"script":"<script> [1562 bytes]","args":[{"selector":{"controlType":"sap.m.StandardListItem","viewName":"reusables.view.manageresources.NewResourceUnit","viewId":"application-manageresources-display-component---newResourceUnit","properties":{"title":"Centimeter"},"searchOpenDialogs":true,"interaction":{"idSuffix":"titleText"}},"wdio_ui5_key":"reusablesview.manageresources.NewResourceUnitsap.m.StandardListItem{\"title\":\"Centimeter\"}"}]}
RESULT: undefined
COMMAND: POST /session/771d3c9ffdb5f6a869ae0a3bf138e088/element - {"using":"xpath","value":"//*[@id=\"__item392\"]"}
RESULT: {"using":"xpath","value":"//*[@id=\"__item392\"]"}
COMMAND: POST /session/771d3c9ffdb5f6a869ae0a3bf138e088/element/f.C725D2739C9BAC73399F894D32ABC418.d.8C7DF4420464E16C76CFB527631C64D2.e.10450/click - {}
RESULT: {}
COMMAND: POST /session/771d3c9ffdb5f6a869ae0a3bf138e088/execute/async - {"script":"<script> [1562 bytes]","args":[{"selector":{"id":"application-manageresources-display-component---newResourceUnit--newRRUPage-anchBar-application-manageresources-display-component---newResourceUnit--reference-anchor","interaction":{"idSuffix":"BDI-content"}},"wdio_ui5_key":"applicationmanageresources-display-component---newResourceUnit--newRRUPage-anchBar-application-manageresources-display-component---newResourceUnit--reference-anchor"}]}
COMMAND: GET /session/771d3c9ffdb5f6a869ae0a3bf138e088/screenshot - {}
RESULT: {"script":"<script> [1562 bytes]","args":[{"selector":{"id":"application-manageresources-display-component---newResourceUnit--newRRUPage-anchBar-application-manageresources-display-component---newResourceUnit--reference-anchor","interaction":{"idSuffix":"BDI-content"}},"wdio_ui5_key":"applicationmanageresources-display-component---newResourceUnit--newRRUPage-anchBar-application-manageresources-display-component---newResourceUnit--reference-anchor"}]}
RESULT: undefined
COMMAND: POST /session/771d3c9ffdb5f6a869ae0a3bf138e088/element - {"using":"xpath","value":"//*[@id=\"application-manageresources-display-component---newResourceUnit--newRRUPage-anchBar-application-manageresources-display-component---newResourceUnit--reference-anchor\"]"}
RESULT: {}
RESULT: {"using":"xpath","value":"//*[@id=\"application-manageresources-display-component---newResourceUnit--newRRUPage-anchBar-application-manageresources-display-component---newResourceUnit--reference-anchor\"]"}
COMMAND: POST /session/771d3c9ffdb5f6a869ae0a3bf138e088/element/f.C725D2739C9BAC73399F894D32ABC418.d.8C7DF4420464E16C76CFB527631C64D2.e.10452/click - {}
RESULT: {}
COMMAND: POST /session/771d3c9ffdb5f6a869ae0a3bf138e088/execute/async - {"script":"<script> [1562 bytes]","args":[{"selector":{"id":"application-manageresources-display-component---newResourceUnit--PLANNING_GROUP-arrow"},"wdio_ui5_key":"applicationmanageresources-display-component---newResourceUnit--PLANNING_GROUP-arrow"}]}
COMMAND: GET /session/771d3c9ffdb5f6a869ae0a3bf138e088/screenshot - {}
RESULT: {"script":"<script> [1562 bytes]","args":[{"selector":{"id":"application-manageresources-display-component---newResourceUnit--PLANNING_GROUP-arrow"},"wdio_ui5_key":"applicationmanageresources-display-component---newResourceUnit--PLANNING_GROUP-arrow"}]}
RESULT: undefined
COMMAND: POST /session/771d3c9ffdb5f6a869ae0a3bf138e088/element - {"using":"xpath","value":"//*[@id=\"application-manageresources-display-component---newResourceUnit--PLANNING_GROUP-arrow\"]"}
RESULT: {}
RESULT: {"using":"xpath","value":"//*[@id=\"application-manageresources-display-component---newResourceUnit--PLANNING_GROUP-arrow\"]"}
COMMAND: POST /session/771d3c9ffdb5f6a869ae0a3bf138e088/element/f.C725D2739C9BAC73399F894D32ABC418.d.8C7DF4420464E16C76CFB527631C64D2.e.10456/click - {}
RESULT: {}
COMMAND: POST /session/771d3c9ffdb5f6a869ae0a3bf138e088/execute/async - {"script":"<script> [1562 bytes]","args":[{"selector":{"controlType":"sap.m.StandardListItem","viewName":"reusables.view.manageresources.NewResourceUnit","viewId":"application-manageresources-display-component---newResourceUnit","properties":{"title":"Heavy Equi"},"searchOpenDialogs":true,"interaction":{"idSuffix":"content"}},"wdio_ui5_key":"reusablesview.manageresources.NewResourceUnitsap.m.StandardListItem{\"title\":\"Heavy Equi\"}"}]}
COMMAND: GET /session/771d3c9ffdb5f6a869ae0a3bf138e088/screenshot - {}
RESULT: {"script":"<script> [1562 bytes]","args":[{"selector":{"controlType":"sap.m.StandardListItem","viewName":"reusables.view.manageresources.NewResourceUnit","viewId":"application-manageresources-display-component---newResourceUnit","properties":{"title":"Heavy Equi"},"searchOpenDialogs":true,"interaction":{"idSuffix":"content"}},"wdio_ui5_key":"reusablesview.manageresources.NewResourceUnitsap.m.StandardListItem{\"title\":\"Heavy Equi\"}"}]}
RESULT: undefined
COMMAND: POST /session/771d3c9ffdb5f6a869ae0a3bf138e088/element - {"using":"xpath","value":"//*[@id=\"__item400\"]"}
RESULT: {}
RESULT: {"using":"xpath","value":"//*[@id=\"__item400\"]"}
COMMAND: POST /session/771d3c9ffdb5f6a869ae0a3bf138e088/element/f.C725D2739C9BAC73399F894D32ABC418.d.8C7DF4420464E16C76CFB527631C64D2.e.10458/click - {}
RESULT: {}
COMMAND: GET /session/771d3c9ffdb5f6a869ae0a3bf138e088/screenshot - {}
RESULT: {}
COMMAND: POST /session/771d3c9ffdb5f6a869ae0a3bf138e088/execute/async - {"script":"<script> [1562 bytes]","args":[{"selector":{"id":"application-manageresources-display-component---newResourceUnit--PLANNING_INDICATOR-arrow"},"wdio_ui5_key":"applicationmanageresources-display-component---newResourceUnit--PLANNING_INDICATOR-arrow"}]}
RESULT: {"script":"<script> [1562 bytes]","args":[{"selector":{"id":"application-manageresources-display-component---newResourceUnit--PLANNING_INDICATOR-arrow"},"wdio_ui5_key":"applicationmanageresources-display-component---newResourceUnit--PLANNING_INDICATOR-arrow"}]}
RESULT: undefined
COMMAND: POST /session/771d3c9ffdb5f6a869ae0a3bf138e088/element - {"using":"xpath","value":"//*[@id=\"application-manageresources-display-component---newResourceUnit--PLANNING_INDICATOR-arrow\"]"}
RESULT: {"using":"xpath","value":"//*[@id=\"application-manageresources-display-component---newResourceUnit--PLANNING_INDICATOR-arrow\"]"}
COMMAND: POST /session/771d3c9ffdb5f6a869ae0a3bf138e088/element/f.C725D2739C9BAC73399F894D32ABC418.d.8C7DF4420464E16C76CFB527631C64D2.e.10459/click - {}
RESULT: {}
COMMAND: POST /session/771d3c9ffdb5f6a869ae0a3bf138e088/execute/async - {"script":"<script> [1562 bytes]","args":[{"selector":{"controlType":"sap.m.StandardListItem","viewName":"reusables.view.manageresources.NewResourceUnit","viewId":"application-manageresources-display-component---newResourceUnit","properties":{"title":"10 - infinite"},"searchOpenDialogs":true,"interaction":{"idSuffix":"content"}},"wdio_ui5_key":"reusablesview.manageresources.NewResourceUnitsap.m.StandardListItem{\"title\":\"10 - infinite\"}"}]}
COMMAND: GET /session/771d3c9ffdb5f6a869ae0a3bf138e088/screenshot - {}
RESULT: {"script":"<script> [1562 bytes]","args":[{"selector":{"controlType":"sap.m.StandardListItem","viewName":"reusables.view.manageresources.NewResourceUnit","viewId":"application-manageresources-display-component---newResourceUnit","properties":{"title":"10 - infinite"},"searchOpenDialogs":true,"interaction":{"idSuffix":"content"}},"wdio_ui5_key":"reusablesview.manageresources.NewResourceUnitsap.m.StandardListItem{\"title\":\"10 - infinite\"}"}]}
RESULT: undefined
COMMAND: POST /session/771d3c9ffdb5f6a869ae0a3bf138e088/element - {"using":"xpath","value":"//*[@id=\"__item410\"]"}
RESULT: {}
RESULT: {"using":"xpath","value":"//*[@id=\"__item410\"]"}
COMMAND: POST /session/771d3c9ffdb5f6a869ae0a3bf138e088/element/f.C725D2739C9BAC73399F894D32ABC418.d.8C7DF4420464E16C76CFB527631C64D2.e.10461/click - {}
RESULT: {}
COMMAND: GET /session/771d3c9ffdb5f6a869ae0a3bf138e088/screenshot - {}
RESULT: {}
COMMAND: POST /session/771d3c9ffdb5f6a869ae0a3bf138e088/element - {"using":"xpath","value":"//bdi[contains(text(), \"Time Segment\")]"}
RESULT: {"using":"xpath","value":"//bdi[contains(text(), \"Time Segment\")]"}
COMMAND: GET /session/771d3c9ffdb5f6a869ae0a3bf138e088/element/f.C725D2739C9BAC73399F894D32ABC418.d.8C7DF4420464E16C76CFB527631C64D2.e.10462/rect - {}
RESULT: {}
COMMAND: GET /session/771d3c9ffdb5f6a869ae0a3bf138e088/window/rect - {}
RESULT: {}
COMMAND: POST /session/771d3c9ffdb5f6a869ae0a3bf138e088/execute/sync - {"script":"<script> [92 bytes]","args":[]}
RESULT: {"script":"<script> [92 bytes]","args":[]}
COMMAND: POST /session/771d3c9ffdb5f6a869ae0a3bf138e088/actions - {"actions":[{"id":"action31","type":"wheel","parameters":{},"actions":[{"type":"scroll","x":-1820,"y":-21,"deltaX":0,"deltaY":0,"duration":0,"origin":{"element-6066-11e4-a52e-4f735466cecf":"f.C725D2739C9BAC73399F894D32ABC418.d.8C7DF4420464E16C76CFB527631C64D2.e.10462"}}]}]}
COMMAND: GET /session/771d3c9ffdb5f6a869ae0a3bf138e088/screenshot - {}
RESULT: {}
COMMAND: POST /session/771d3c9ffdb5f6a869ae0a3bf138e088/execute/sync - {"script":"<script> [79 bytes]","args":[{"element-6066-11e4-a52e-4f735466cecf":"f.C725D2739C9BAC73399F894D32ABC418.d.8C7DF4420464E16C76CFB527631C64D2.e.10462","ELEMENT":"f.C725D2739C9BAC73399F894D32ABC418.d.8C7DF4420464E16C76CFB527631C64D2.e.10462"},{"block":"start","inline":"nearest"}]}
RESULT: {"script":"<script> [79 bytes]","args":[{"element-6066-11e4-a52e-4f735466cecf":"f.C725D2739C9BAC73399F894D32ABC418.d.8C7DF4420464E16C76CFB527631C64D2.e.10462","ELEMENT":"f.C725D2739C9BAC73399F894D32ABC418.d.8C7DF4420464E16C76CFB527631C64D2.e.10462"},{"block":"start","inline":"nearest"}]}
COMMAND: GET /session/771d3c9ffdb5f6a869ae0a3bf138e088/screenshot - {}
RESULT: {}
COMMAND: POST /session/771d3c9ffdb5f6a869ae0a3bf138e088/element - {"using":"xpath","value":"//span[@id=\"application-manageresources-display-component---newResourceUnit--btnAddTimeSegment-img\"]"}
RESULT: {"using":"xpath","value":"//span[@id=\"application-manageresources-display-component---newResourceUnit--btnAddTimeSegment-img\"]"}
COMMAND: POST /session/771d3c9ffdb5f6a869ae0a3bf138e088/execute/sync - {"script":"<script> [8489 bytes]","args":[{"element-6066-11e4-a52e-4f735466cecf":"f.C725D2739C9BAC73399F894D32ABC418.d.8C7DF4420464E16C76CFB527631C64D2.e.10465","ELEMENT":"f.C725D2739C9BAC73399F894D32ABC418.d.8C7DF4420464E16C76CFB527631C64D2.e.10465"}]}
RESULT: {"script":"<script> [8489 bytes]","args":[{"element-6066-11e4-a52e-4f735466cecf":"f.C725D2739C9BAC73399F894D32ABC418.d.8C7DF4420464E16C76CFB527631C64D2.e.10465","ELEMENT":"f.C725D2739C9BAC73399F894D32ABC418.d.8C7DF4420464E16C76CFB527631C64D2.e.10465"}]}
COMMAND: POST /session/771d3c9ffdb5f6a869ae0a3bf138e088/element/f.C725D2739C9BAC73399F894D32ABC418.d.8C7DF4420464E16C76CFB527631C64D2.e.10465/click - {}
COMMAND: GET /session/771d3c9ffdb5f6a869ae0a3bf138e088/screenshot - {}
RESULT: {}
RESULT: {}
COMMAND: GET /session/771d3c9ffdb5f6a869ae0a3bf138e088/screenshot - {}
COMMAND: POST /session/771d3c9ffdb5f6a869ae0a3bf138e088/element - {"using":"xpath","value":"//input[@id=\"application-manageresources-display-component---newResourceUnit--idRuTSAdmin-application-manageresources-display-component---newResourceUnit--RUTimeSegment-0-inner\"]"}
RESULT: {}
RESULT: {"using":"xpath","value":"//input[@id=\"application-manageresources-display-component---newResourceUnit--idRuTSAdmin-application-manageresources-display-component---newResourceUnit--RUTimeSegment-0-inner\"]"}
COMMAND: POST /session/771d3c9ffdb5f6a869ae0a3bf138e088/element/f.C725D2739C9BAC73399F894D32ABC418.d.8C7DF4420464E16C76CFB527631C64D2.e.10468/clear - {}
RESULT: {}
COMMAND: POST /session/771d3c9ffdb5f6a869ae0a3bf138e088/element/f.C725D2739C9BAC73399F894D32ABC418.d.8C7DF4420464E16C76CFB527631C64D2.e.10468/value - {"text":"WebdriverWHMYarden5bn"}
COMMAND: GET /session/771d3c9ffdb5f6a869ae0a3bf138e088/screenshot - {}
RESULT: {"text":"WebdriverWHMYarden5bn"}
COMMAND: GET /session/771d3c9ffdb5f6a869ae0a3bf138e088/screenshot - {}
RESULT: {}
RESULT: {}
COMMAND: POST /session/771d3c9ffdb5f6a869ae0a3bf138e088/actions - {"actions":[{"id":"action32","type":"key","parameters":{},"actions":[{"type":"keyDown","value":""},{"type":"pause","duration":10},{"type":"keyUp","value":""}]}]}
RESULT: {"actions":[{"id":"action32","type":"key","parameters":{},"actions":[{"type":"keyDown","value":""},{"type":"pause","duration":10},{"type":"keyUp","value":""}]}]}
COMMAND: GET /session/771d3c9ffdb5f6a869ae0a3bf138e088/screenshot - {}
RESULT: {}
COMMAND: POST /session/771d3c9ffdb5f6a869ae0a3bf138e088/execute/async - {"script":"<script> [1562 bytes]","args":[{"selector":{"controlType":"sap.m.Button","viewName":"reusables.view.manageresources.NewResourceUnit","viewId":"application-manageresources-display-component---newResourceUnit","i18NText":{"propertyName":"tooltip","key":"save"},"interaction":{"idSuffix":"BDI-content"}},"wdio_ui5_key":"reusablesview.manageresources.NewResourceUnitsap.m.Button{\"propertyName\":\"tooltip\",\"key\":\"save\"}"}]}
RESULT: {"script":"<script> [1562 bytes]","args":[{"selector":{"controlType":"sap.m.Button","viewName":"reusables.view.manageresources.NewResourceUnit","viewId":"application-manageresources-display-component---newResourceUnit","i18NText":{"propertyName":"tooltip","key":"save"},"interaction":{"idSuffix":"BDI-content"}},"wdio_ui5_key":"reusablesview.manageresources.NewResourceUnitsap.m.Button{\"propertyName\":\"tooltip\",\"key\":\"save\"}"}]}
RESULT: undefined
COMMAND: POST /session/771d3c9ffdb5f6a869ae0a3bf138e088/element - {"using":"xpath","value":"//*[@id=\"application-manageresources-display-component---newResourceUnit--createRuButton\"]"}
RESULT: {"using":"xpath","value":"//*[@id=\"application-manageresources-display-component---newResourceUnit--createRuButton\"]"}
COMMAND: POST /session/771d3c9ffdb5f6a869ae0a3bf138e088/element/f.C725D2739C9BAC73399F894D32ABC418.d.8C7DF4420464E16C76CFB527631C64D2.e.10394/click - {}
RESULT: {}
COMMAND: GET /session/771d3c9ffdb5f6a869ae0a3bf138e088/screenshot - {}
RESULT: {}
COMMAND: POST /session/771d3c9ffdb5f6a869ae0a3bf138e088/execute/async - {"script":"<script> [1562 bytes]","args":[{"selector":{"controlType":"sap.m.Title","properties":{"text":"Success"},"searchOpenDialogs":true},"wdio_ui5_key":"sapm.Title{\"text\":\"Success\"}"}]}
RESULT: {"script":"<script> [1562 bytes]","args":[{"selector":{"controlType":"sap.m.Title","properties":{"text":"Success"},"searchOpenDialogs":true},"wdio_ui5_key":"sapm.Title{\"text\":\"Success\"}"}]}
RESULT: undefined
COMMAND: POST /session/771d3c9ffdb5f6a869ae0a3bf138e088/execute/async - {"script":"<script> [6424 bytes]","args":[{"element-6066-11e4-a52e-4f735466cecf":"f.C725D2739C9BAC73399F894D32ABC418.d.8C7DF4420464E16C76CFB527631C64D2.e.10482"},"getText",[]]}
RESULT: {"script":"<script> [6424 bytes]","args":[{"element-6066-11e4-a52e-4f735466cecf":"f.C725D2739C9BAC73399F894D32ABC418.d.8C7DF4420464E16C76CFB527631C64D2.e.10482"},"getText",[]]}
COMMAND: POST /session/771d3c9ffdb5f6a869ae0a3bf138e088/element - {"using":"xpath","value":"//*[contains(@id, '__text') and (contains(text(), 'successfully created') or contains(., 'successfully created'))]"}
RESULT: {"using":"xpath","value":"//*[contains(@id, '__text') and (contains(text(), 'successfully created') or contains(., 'successfully created'))]"}
COMMAND: GET /session/771d3c9ffdb5f6a869ae0a3bf138e088/element/f.C725D2739C9BAC73399F894D32ABC418.d.8C7DF4420464E16C76CFB527631C64D2.e.10480/text - {}
RESULT: {}
COMMAND: POST /session/771d3c9ffdb5f6a869ae0a3bf138e088/execute/async - {"script":"<script> [1562 bytes]","args":[{"selector":{"controlType":"sap.m.Button","properties":{"text":"Close"},"searchOpenDialogs":true,"interaction":{"idSuffix":"BDI-content"}},"wdio_ui5_key":"sapm.Button{\"text\":\"Close\"}"}]}
RESULT: {"script":"<script> [1562 bytes]","args":[{"selector":{"controlType":"sap.m.Button","properties":{"text":"Close"},"searchOpenDialogs":true,"interaction":{"idSuffix":"BDI-content"}},"wdio_ui5_key":"sapm.Button{\"text\":\"Close\"}"}]}
RESULT: undefined
COMMAND: POST /session/771d3c9ffdb5f6a869ae0a3bf138e088/element - {"using":"xpath","value":"//*[@id=\"__mbox-btn-0\"]"}
RESULT: {"using":"xpath","value":"//*[@id=\"__mbox-btn-0\"]"}
COMMAND: POST /session/771d3c9ffdb5f6a869ae0a3bf138e088/element/f.C725D2739C9BAC73399F894D32ABC418.d.8C7DF4420464E16C76CFB527631C64D2.e.10478/click - {}
RESULT: {}
COMMAND: GET /session/771d3c9ffdb5f6a869ae0a3bf138e088/screenshot - {}
RESULT: {}
COMMAND: POST /session/771d3c9ffdb5f6a869ae0a3bf138e088/execute/async - {"script":"<script> [1562 bytes]","args":[{"selector":{"controlType":"sap.ui.core.Icon","viewName":"etm.portal.ui.manageresources.view.Detail","viewId":"application-manageresources-display-component---detailRU","properties":{"src":{"regex":{"source":"overflow"}}}},"wdio_ui5_key":"etmportal.ui.manageresources.view.Detailsap.ui.core.Icon{\"src\":{\"regex\":{\"source\":\"overflow\"}}}"}]}
RESULT: {"script":"<script> [1562 bytes]","args":[{"selector":{"controlType":"sap.ui.core.Icon","viewName":"etm.portal.ui.manageresources.view.Detail","viewId":"application-manageresources-display-component---detailRU","properties":{"src":{"regex":{"source":"overflow"}}}},"wdio_ui5_key":"etmportal.ui.manageresources.view.Detailsap.ui.core.Icon{\"src\":{\"regex\":{\"source\":\"overflow\"}}}"}]}
RESULT: undefined
COMMAND: POST /session/771d3c9ffdb5f6a869ae0a3bf138e088/element - {"using":"xpath","value":"//*[@id=\"__title18-_actionsToolbar-overflowButton-img\"]"}
RESULT: {"using":"xpath","value":"//*[@id=\"__title18-_actionsToolbar-overflowButton-img\"]"}
COMMAND: POST /session/771d3c9ffdb5f6a869ae0a3bf138e088/element/f.C725D2739C9BAC73399F894D32ABC418.d.8C7DF4420464E16C76CFB527631C64D2.e.10514/click - {}
RESULT: {}
COMMAND: POST /session/771d3c9ffdb5f6a869ae0a3bf138e088/execute/async - {"script":"<script> [1562 bytes]","args":[{"selector":{"controlType":"sap.m.Button","viewName":"etm.portal.ui.manageresources.view.Detail","viewId":"application-manageresources-display-component---detailRU","i18NText":{"propertyName":"tooltip","key":"closeColumn"},"searchOpenDialogs":true,"interaction":{"idSuffix":"inner"}},"wdio_ui5_key":"etmportal.ui.manageresources.view.Detailsap.m.Button{\"propertyName\":\"tooltip\",\"key\":\"closeColumn\"}"}]}
COMMAND: GET /session/771d3c9ffdb5f6a869ae0a3bf138e088/screenshot - {}
RESULT: {"script":"<script> [1562 bytes]","args":[{"selector":{"controlType":"sap.m.Button","viewName":"etm.portal.ui.manageresources.view.Detail","viewId":"application-manageresources-display-component---detailRU","i18NText":{"propertyName":"tooltip","key":"closeColumn"},"searchOpenDialogs":true,"interaction":{"idSuffix":"inner"}},"wdio_ui5_key":"etmportal.ui.manageresources.view.Detailsap.m.Button{\"propertyName\":\"tooltip\",\"key\":\"closeColumn\"}"}]}
RESULT: undefined
COMMAND: POST /session/771d3c9ffdb5f6a869ae0a3bf138e088/element - {"using":"xpath","value":"//*[@id=\"__button47\"]"}
RESULT: {}
RESULT: {"using":"xpath","value":"//*[@id=\"__button47\"]"}
COMMAND: POST /session/771d3c9ffdb5f6a869ae0a3bf138e088/element/f.C725D2739C9BAC73399F894D32ABC418.d.8C7DF4420464E16C76CFB527631C64D2.e.10516/click - {}
RESULT: {}
COMMAND: GET /session/771d3c9ffdb5f6a869ae0a3bf138e088/screenshot - {}
RESULT: {}
COMMAND: POST /session/771d3c9ffdb5f6a869ae0a3bf138e088/refresh - {}
RESULT: {}
COMMAND: GET /session/771d3c9ffdb5f6a869ae0a3bf138e088/screenshot - {}
RESULT: {}
RESULT: undefined
RESULT: undefined
COMMAND: POST /session/771d3c9ffdb5f6a869ae0a3bf138e088/execute/async - {"script":"<script> [189 bytes]","args":[]}
RESULT: {"script":"<script> [189 bytes]","args":[]}
COMMAND: POST /session/771d3c9ffdb5f6a869ae0a3bf138e088/execute/async - {"script":"<script> [123 bytes]","args":[]}
RESULT: {"script":"<script> [123 bytes]","args":[]}
COMMAND: POST /session/771d3c9ffdb5f6a869ae0a3bf138e088/timeouts - {"script":"<number>"}
RESULT: {"script":"<number>"}
COMMAND: GET /session/771d3c9ffdb5f6a869ae0a3bf138e088/timeouts - {}
RESULT: {}
RESULT: undefined
COMMAND: POST /session/771d3c9ffdb5f6a869ae0a3bf138e088/execute/async - {"script":"<script> [2676 bytes]","args":[]}
RESULT: {"script":"<script> [2676 bytes]","args":[]}
COMMAND: POST /session/771d3c9ffdb5f6a869ae0a3bf138e088/execute/async - {"script":"<script> [2342 bytes]","args":[{"protocol":"http","hostname":"0.0.0.0","path":"/","capabilities":{"browserName":"chrome","goog:chromeOptions":{"binary":"C:\\Program Files\\Google\\Chrome\\Application\\chrome.exe","args":["--start-maximized"]}},"logLevel":"warn","connectionRetryTimeout":120000,"connectionRetryCount":3,"logLevels":{},"enableDirectConnect":true,"strictSSL":true,"_":"65 more keys: [\"cacheDir\",\"port\",\"requestedCapabilities\",\"automationProtocol\",\"baseUrl\",\"waitforInterval\",\"waitforTimeout\",\"onReload\",\"beforeCommand\",\"afterCommand\",\"rootDir\",\"specs\",\"suites\",\"exclude\",\"groupLogsByTestSpec\",\"excludeDriverLogs\",\"bail\",\"framework\",\"reporters\",\"services\",\"maxInstances\",\"maxInstancesPerCapability\",\"injectGlobals\",\"filesToWatch\",\"execArgv\",\"runnerEnv\",\"runner\",\"shard\",\"specFileRetries\",\"specFileRetriesDelay\",\"specFileRetriesDeferred\",\"reporterSyncInterval\",\"reporterSyncTimeout\",\"cucumberFeaturesWithLineNumbers\",\"autoCompileOpts\",\"mochaOpts\",\"jasmineOpts\",\"cucumberOpts\",\"onPrepare\",\"onWorkerStart\",\"onWorkerEnd\",\"before\",\"beforeSession\",\"beforeSuite\",\"beforeHook\",\"beforeTest\",\"afterTest\",\"afterHook\",\"afterSuite\",\"afterSession\",\"after\",\"onComplete\",\"beforeAssertion\",\"afterAssertion\",\"beforeFeature\",\"beforeScenario\",\"beforeStep\",\"afterStep\",\"afterScenario\",\"afterFeature\",\"_\",\"suite\",\"$0\",\"ignoredWorkerServices\",\"wdi5\"]"}]}
RESULT: {"script":"<script> [2342 bytes]","args":[{"protocol":"http","hostname":"0.0.0.0","path":"/","capabilities":{"browserName":"chrome","goog:chromeOptions":{"binary":"C:\\Program Files\\Google\\Chrome\\Application\\chrome.exe","args":["--start-maximized"]}},"logLevel":"warn","connectionRetryTimeout":120000,"connectionRetryCount":3,"logLevels":{},"enableDirectConnect":true,"strictSSL":true,"_":"65 more keys: [\"cacheDir\",\"port\",\"requestedCapabilities\",\"automationProtocol\",\"baseUrl\",\"waitforInterval\",\"waitforTimeout\",\"onReload\",\"beforeCommand\",\"afterCommand\",\"rootDir\",\"specs\",\"suites\",\"exclude\",\"groupLogsByTestSpec\",\"excludeDriverLogs\",\"bail\",\"framework\",\"reporters\",\"services\",\"maxInstances\",\"maxInstancesPerCapability\",\"injectGlobals\",\"filesToWatch\",\"execArgv\",\"runnerEnv\",\"runner\",\"shard\",\"specFileRetries\",\"specFileRetriesDelay\",\"specFileRetriesDeferred\",\"reporterSyncInterval\",\"reporterSyncTimeout\",\"cucumberFeaturesWithLineNumbers\",\"autoCompileOpts\",\"mochaOpts\",\"jasmineOpts\",\"cucumberOpts\",\"onPrepare\",\"onWorkerStart\",\"onWorkerEnd\",\"before\",\"beforeSession\",\"beforeSuite\",\"beforeHook\",\"beforeTest\",\"afterTest\",\"afterHook\",\"afterSuite\",\"afterSession\",\"after\",\"onComplete\",\"beforeAssertion\",\"afterAssertion\",\"beforeFeature\",\"beforeScenario\",\"beforeStep\",\"afterStep\",\"afterScenario\",\"afterFeature\",\"_\",\"suite\",\"$0\",\"ignoredWorkerServices\",\"wdi5\"]"}]}
COMMAND: POST /session/771d3c9ffdb5f6a869ae0a3bf138e088/execute/async - {"script":"<script> [21126 bytes]","args":[35000]}
RESULT: {"script":"<script> [21126 bytes]","args":[35000]}
COMMAND: POST /session/771d3c9ffdb5f6a869ae0a3bf138e088/element - {"using":"css selector","value":"#shell-header-logo"}
RESULT: {"using":"css selector","value":"#shell-header-logo"}
COMMAND: POST /session/771d3c9ffdb5f6a869ae0a3bf138e088/element/f.C725D2739C9BAC73399F894D32ABC418.d.9B3E0923F1834626C9A0B0D45F1AFE90.e.10679/click - {}
RESULT: {}
COMMAND: GET /session/771d3c9ffdb5f6a869ae0a3bf138e088/screenshot - {}
RESULT: {}
COMMAND: POST /session/771d3c9ffdb5f6a869ae0a3bf138e088/element - {"using":"css selector","value":"#shell-header-logo"}
RESULT: {"using":"css selector","value":"#shell-header-logo"}
COMMAND: POST /session/771d3c9ffdb5f6a869ae0a3bf138e088/element/f.C725D2739C9BAC73399F894D32ABC418.d.9B3E0923F1834626C9A0B0D45F1AFE90.e.10846/click - {}
RESULT: {}
COMMAND: GET /session/771d3c9ffdb5f6a869ae0a3bf138e088/screenshot - {}
RESULT: {}
]]></system-out>
    </testcase>
    <testcase classname="chrome.135_0_7049_96.windows.Warehouse_movements_inventory_test" name="Should do a stock increase handover" time="70.472">
      <system-out><![CDATA[
COMMAND: POST /session/771d3c9ffdb5f6a869ae0a3bf138e088/execute/async - {"script":"<script> [1562 bytes]","args":[{"selector":{"controlType":"sap.m.Text","viewName":"etm.portal.ui.managehandoverstile.view.Master","properties":{"text":"Manage Handovers"},"interaction":{"idSuffix":"inner"}},"wdio_ui5_key":"etmportal.ui.managehandoverstile.view.Mastersap.m.Text{\"text\":\"Manage Handovers\"}"}]}
RESULT: {"script":"<script> [1562 bytes]","args":[{"selector":{"controlType":"sap.m.Text","viewName":"etm.portal.ui.managehandoverstile.view.Master","properties":{"text":"Manage Handovers"},"interaction":{"idSuffix":"inner"}},"wdio_ui5_key":"etmportal.ui.managehandoverstile.view.Mastersap.m.Text{\"text\":\"Manage Handovers\"}"}]}
RESULT: undefined
COMMAND: POST /session/771d3c9ffdb5f6a869ae0a3bf138e088/element - {"using":"xpath","value":"//*[@id=\"__tile132-title\"]"}
RESULT: {"using":"xpath","value":"//*[@id=\"__tile132-title\"]"}
COMMAND: POST /session/771d3c9ffdb5f6a869ae0a3bf138e088/element/f.C725D2739C9BAC73399F894D32ABC418.d.9B3E0923F1834626C9A0B0D45F1AFE90.e.10848/click - {}
RESULT: {}
COMMAND: GET /session/771d3c9ffdb5f6a869ae0a3bf138e088/screenshot - {}
RESULT: {}
COMMAND: POST /session/771d3c9ffdb5f6a869ae0a3bf138e088/element - {"using":"xpath","value":"//button[(@data-kt = 'masterHOAddButton')]"}
RESULT: {"using":"xpath","value":"//button[(@data-kt = 'masterHOAddButton')]"}
COMMAND: POST /session/771d3c9ffdb5f6a869ae0a3bf138e088/element/f.C725D2739C9BAC73399F894D32ABC418.d.9B3E0923F1834626C9A0B0D45F1AFE90.e.10884/click - {}
RESULT: {}
COMMAND: GET /session/771d3c9ffdb5f6a869ae0a3bf138e088/screenshot - {}
RESULT: {}
COMMAND: POST /session/771d3c9ffdb5f6a869ae0a3bf138e088/element - {"using":"xpath","value":"//span[contains(@id ,\"AddNewHO--typeSelect-arrow\")]"}
RESULT: {"using":"xpath","value":"//span[contains(@id ,\"AddNewHO--typeSelect-arrow\")]"}
COMMAND: POST /session/771d3c9ffdb5f6a869ae0a3bf138e088/element/f.C725D2739C9BAC73399F894D32ABC418.d.9B3E0923F1834626C9A0B0D45F1AFE90.e.11183/click - {}
RESULT: {}
COMMAND: POST /session/771d3c9ffdb5f6a869ae0a3bf138e088/element - {"using":"xpath","value":"(//li[contains(text(), \"stock increase yard\")])[1]"}
COMMAND: GET /session/771d3c9ffdb5f6a869ae0a3bf138e088/screenshot - {}
RESULT: {"using":"xpath","value":"(//li[contains(text(), \"stock increase yard\")])[1]"}
COMMAND: POST /session/771d3c9ffdb5f6a869ae0a3bf138e088/element/f.C725D2739C9BAC73399F894D32ABC418.d.9B3E0923F1834626C9A0B0D45F1AFE90.e.11184/click - {}
RESULT: {}
RESULT: {}
COMMAND: GET /session/771d3c9ffdb5f6a869ae0a3bf138e088/screenshot - {}
RESULT: {}
COMMAND: POST /session/771d3c9ffdb5f6a869ae0a3bf138e088/execute/async - {"script":"<script> [1562 bytes]","args":[{"selector":{"id":"application-managehandovers-display-component---AddNewHO--dueDate","interaction":{"idSuffix":"inner"}},"wdio_ui5_key":"applicationmanagehandovers-display-component---AddNewHO--dueDate"}]}
RESULT: {"script":"<script> [1562 bytes]","args":[{"selector":{"id":"application-managehandovers-display-component---AddNewHO--dueDate","interaction":{"idSuffix":"inner"}},"wdio_ui5_key":"applicationmanagehandovers-display-component---AddNewHO--dueDate"}]}
RESULT: undefined
COMMAND: POST /session/771d3c9ffdb5f6a869ae0a3bf138e088/execute/async - {"script":"<script> [6424 bytes]","args":[{"element-6066-11e4-a52e-4f735466cecf":"f.C725D2739C9BAC73399F894D32ABC418.d.9B3E0923F1834626C9A0B0D45F1AFE90.e.11186"},"setValue",["04/23/2025"]]}
RESULT: {"script":"<script> [6424 bytes]","args":[{"element-6066-11e4-a52e-4f735466cecf":"f.C725D2739C9BAC73399F894D32ABC418.d.9B3E0923F1834626C9A0B0D45F1AFE90.e.11186"},"setValue",["04/23/2025"]]}
COMMAND: POST /session/771d3c9ffdb5f6a869ae0a3bf138e088/element - {"using":"xpath","value":"//input[@id=\"generalSectionFrg--receiveYard-inner\"]"}
RESULT: {"using":"xpath","value":"//input[@id=\"generalSectionFrg--receiveYard-inner\"]"}
COMMAND: POST /session/771d3c9ffdb5f6a869ae0a3bf138e088/element/f.C725D2739C9BAC73399F894D32ABC418.d.9B3E0923F1834626C9A0B0D45F1AFE90.e.11192/clear - {}
RESULT: {}
COMMAND: POST /session/771d3c9ffdb5f6a869ae0a3bf138e088/element/f.C725D2739C9BAC73399F894D32ABC418.d.9B3E0923F1834626C9A0B0D45F1AFE90.e.11192/value - {"text":"WebdriverWHMYarden5bn"}
COMMAND: GET /session/771d3c9ffdb5f6a869ae0a3bf138e088/screenshot - {}
RESULT: {"text":"WebdriverWHMYarden5bn"}
COMMAND: GET /session/771d3c9ffdb5f6a869ae0a3bf138e088/screenshot - {}
RESULT: {}
RESULT: {}
COMMAND: POST /session/771d3c9ffdb5f6a869ae0a3bf138e088/execute/async - {"script":"<script> [1562 bytes]","args":[{"selector":{"id":"application-managehandovers-display-component---AddNewHO--ObjectPageLayout-anchBar-application-managehandovers-display-component---AddNewHO--section4-anchor","interaction":{"idSuffix":"BDI-content"}},"wdio_ui5_key":"applicationmanagehandovers-display-component---AddNewHO--ObjectPageLayout-anchBar-application-managehandovers-display-component---AddNewHO--section4-anchor"}]}
RESULT: {"script":"<script> [1562 bytes]","args":[{"selector":{"id":"application-managehandovers-display-component---AddNewHO--ObjectPageLayout-anchBar-application-managehandovers-display-component---AddNewHO--section4-anchor","interaction":{"idSuffix":"BDI-content"}},"wdio_ui5_key":"applicationmanagehandovers-display-component---AddNewHO--ObjectPageLayout-anchBar-application-managehandovers-display-component---AddNewHO--section4-anchor"}]}
RESULT: undefined
COMMAND: POST /session/771d3c9ffdb5f6a869ae0a3bf138e088/element - {"using":"xpath","value":"//*[@id=\"application-managehandovers-display-component---AddNewHO--ObjectPageLayout-anchBar-application-managehandovers-display-component---AddNewHO--section4-anchor\"]"}
RESULT: {"using":"xpath","value":"//*[@id=\"application-managehandovers-display-component---AddNewHO--ObjectPageLayout-anchBar-application-managehandovers-display-component---AddNewHO--section4-anchor\"]"}
COMMAND: POST /session/771d3c9ffdb5f6a869ae0a3bf138e088/element/f.C725D2739C9BAC73399F894D32ABC418.d.9B3E0923F1834626C9A0B0D45F1AFE90.e.11211/click - {}
RESULT: {}
COMMAND: GET /session/771d3c9ffdb5f6a869ae0a3bf138e088/screenshot - {}
RESULT: {}
COMMAND: POST /session/771d3c9ffdb5f6a869ae0a3bf138e088/element - {"using":"xpath","value":"//button[@aria-label=\"Add\"]"}
RESULT: {"using":"xpath","value":"//button[@aria-label=\"Add\"]"}
COMMAND: POST /session/771d3c9ffdb5f6a869ae0a3bf138e088/element/f.C725D2739C9BAC73399F894D32ABC418.d.9B3E0923F1834626C9A0B0D45F1AFE90.e.11215/click - {}
RESULT: {}
COMMAND: GET /session/771d3c9ffdb5f6a869ae0a3bf138e088/screenshot - {}
RESULT: {}
COMMAND: POST /session/771d3c9ffdb5f6a869ae0a3bf138e088/execute/async - {"script":"<script> [1562 bytes]","args":[{"selector":{"id":"application-managehandovers-display-component---AddNewHO--smartFilterBar-btnBasicSearch","searchOpenDialogs":true,"interaction":{"idSuffix":"I"}},"wdio_ui5_key":"applicationmanagehandovers-display-component---AddNewHO--smartFilterBar-btnBasicSearch"}]}
RESULT: {"script":"<script> [1562 bytes]","args":[{"selector":{"id":"application-managehandovers-display-component---AddNewHO--smartFilterBar-btnBasicSearch","searchOpenDialogs":true,"interaction":{"idSuffix":"I"}},"wdio_ui5_key":"applicationmanagehandovers-display-component---AddNewHO--smartFilterBar-btnBasicSearch"}]}
RESULT: undefined
COMMAND: POST /session/771d3c9ffdb5f6a869ae0a3bf138e088/execute/async - {"script":"<script> [776 bytes]","args":[{"enterText":"WebdriverRUR2Cb1wji","selector":{"id":"application-managehandovers-display-component---AddNewHO--smartFilterBar-btnBasicSearch","searchOpenDialogs":true,"interaction":{"idSuffix":"I"}},"clearTextFirst":true,"interactionType":"ENTER_TEXT"}]}
RESULT: {"script":"<script> [776 bytes]","args":[{"enterText":"WebdriverRUR2Cb1wji","selector":{"id":"application-managehandovers-display-component---AddNewHO--smartFilterBar-btnBasicSearch","searchOpenDialogs":true,"interaction":{"idSuffix":"I"}},"clearTextFirst":true,"interactionType":"ENTER_TEXT"}]}
COMMAND: POST /session/771d3c9ffdb5f6a869ae0a3bf138e088/actions - {"actions":[{"id":"action33","type":"key","parameters":{},"actions":[{"type":"keyDown","value":""},{"type":"pause","duration":10},{"type":"keyUp","value":""}]}]}
RESULT: {"actions":[{"id":"action33","type":"key","parameters":{},"actions":[{"type":"keyDown","value":""},{"type":"pause","duration":10},{"type":"keyUp","value":""}]}]}
COMMAND: POST /session/771d3c9ffdb5f6a869ae0a3bf138e088/execute/async - {"script":"<script> [1562 bytes]","args":[{"selector":{"id":"application-managehandovers-display-component---AddNewHO--popup-sa","searchOpenDialogs":true,"interaction":{"idSuffix":"CbBg"}},"wdio_ui5_key":"applicationmanagehandovers-display-component---AddNewHO--popup-sa"}]}
COMMAND: GET /session/771d3c9ffdb5f6a869ae0a3bf138e088/screenshot - {}
RESULT: {"script":"<script> [1562 bytes]","args":[{"selector":{"id":"application-managehandovers-display-component---AddNewHO--popup-sa","searchOpenDialogs":true,"interaction":{"idSuffix":"CbBg"}},"wdio_ui5_key":"applicationmanagehandovers-display-component---AddNewHO--popup-sa"}]}
RESULT: undefined
COMMAND: POST /session/771d3c9ffdb5f6a869ae0a3bf138e088/element - {"using":"xpath","value":"//*[@id=\"application-managehandovers-display-component---AddNewHO--popup-sa\"]"}
RESULT: {}
RESULT: {"using":"xpath","value":"//*[@id=\"application-managehandovers-display-component---AddNewHO--popup-sa\"]"}
COMMAND: POST /session/771d3c9ffdb5f6a869ae0a3bf138e088/element/f.C725D2739C9BAC73399F894D32ABC418.d.9B3E0923F1834626C9A0B0D45F1AFE90.e.11369/click - {}
RESULT: {}
COMMAND: GET /session/771d3c9ffdb5f6a869ae0a3bf138e088/screenshot - {}
RESULT: {}
COMMAND: POST /session/771d3c9ffdb5f6a869ae0a3bf138e088/element - {"using":"xpath","value":"//bdi[contains(text(), \"Select\")]"}
RESULT: {"using":"xpath","value":"//bdi[contains(text(), \"Select\")]"}
COMMAND: POST /session/771d3c9ffdb5f6a869ae0a3bf138e088/element/f.C725D2739C9BAC73399F894D32ABC418.d.9B3E0923F1834626C9A0B0D45F1AFE90.e.11370/click - {}
RESULT: {}
COMMAND: GET /session/771d3c9ffdb5f6a869ae0a3bf138e088/screenshot - {}
RESULT: {}
COMMAND: POST /session/771d3c9ffdb5f6a869ae0a3bf138e088/element - {"using":"xpath","value":"//button[@data-kt=\"AddNewHOSaveButton\"]"}
RESULT: {"using":"xpath","value":"//button[@data-kt=\"AddNewHOSaveButton\"]"}
COMMAND: POST /session/771d3c9ffdb5f6a869ae0a3bf138e088/element/f.C725D2739C9BAC73399F894D32ABC418.d.9B3E0923F1834626C9A0B0D45F1AFE90.e.11374/click - {}
RESULT: {}
COMMAND: GET /session/771d3c9ffdb5f6a869ae0a3bf138e088/screenshot - {}
RESULT: {}
COMMAND: POST /session/771d3c9ffdb5f6a869ae0a3bf138e088/execute/async - {"script":"<script> [1562 bytes]","args":[{"selector":{"id":"receiptDatePicker","viewName":"etm.portal.ui.managehandovers.view.DetailExecuteHO","interaction":{"idSuffix":"inner"}},"wdio_ui5_key":"receiptDatePickeretmportal.ui.managehandovers.view.DetailExecuteHO"}]}
RESULT: {"script":"<script> [1562 bytes]","args":[{"selector":{"id":"receiptDatePicker","viewName":"etm.portal.ui.managehandovers.view.DetailExecuteHO","interaction":{"idSuffix":"inner"}},"wdio_ui5_key":"receiptDatePickeretmportal.ui.managehandovers.view.DetailExecuteHO"}]}
RESULT: undefined
COMMAND: POST /session/771d3c9ffdb5f6a869ae0a3bf138e088/execute/async - {"script":"<script> [6424 bytes]","args":[{"element-6066-11e4-a52e-4f735466cecf":"f.C725D2739C9BAC73399F894D32ABC418.d.9B3E0923F1834626C9A0B0D45F1AFE90.e.11402"},"setValue",["04/23/2025"]]}
RESULT: {"script":"<script> [6424 bytes]","args":[{"element-6066-11e4-a52e-4f735466cecf":"f.C725D2739C9BAC73399F894D32ABC418.d.9B3E0923F1834626C9A0B0D45F1AFE90.e.11402"},"setValue",["04/23/2025"]]}
COMMAND: POST /session/771d3c9ffdb5f6a869ae0a3bf138e088/element - {"using":"xpath","value":"//button[@data-kt=\"PickingTableConfirmAllButton\"]"}
RESULT: {"using":"xpath","value":"//button[@data-kt=\"PickingTableConfirmAllButton\"]"}
COMMAND: POST /session/771d3c9ffdb5f6a869ae0a3bf138e088/element/f.C725D2739C9BAC73399F894D32ABC418.d.9B3E0923F1834626C9A0B0D45F1AFE90.e.11421/click - {}
RESULT: {}
COMMAND: GET /session/771d3c9ffdb5f6a869ae0a3bf138e088/screenshot - {}
RESULT: {}
COMMAND: POST /session/771d3c9ffdb5f6a869ae0a3bf138e088/element - {"using":"xpath","value":"//bdi[contains(text(), \"OK\")]"}
RESULT: {"using":"xpath","value":"//bdi[contains(text(), \"OK\")]"}
COMMAND: POST /session/771d3c9ffdb5f6a869ae0a3bf138e088/element/f.C725D2739C9BAC73399F894D32ABC418.d.9B3E0923F1834626C9A0B0D45F1AFE90.e.11423/click - {}
RESULT: {}
COMMAND: GET /session/771d3c9ffdb5f6a869ae0a3bf138e088/screenshot - {}
RESULT: {}
COMMAND: POST /session/771d3c9ffdb5f6a869ae0a3bf138e088/element - {"using":"xpath","value":"(//bdi[contains(text(), \"Receive\")])[2]"}
RESULT: {"using":"xpath","value":"(//bdi[contains(text(), \"Receive\")])[2]"}
COMMAND: POST /session/771d3c9ffdb5f6a869ae0a3bf138e088/element/f.C725D2739C9BAC73399F894D32ABC418.d.9B3E0923F1834626C9A0B0D45F1AFE90.e.11425/click - {}
RESULT: {}
COMMAND: GET /session/771d3c9ffdb5f6a869ae0a3bf138e088/screenshot - {}
RESULT: {}
COMMAND: POST /session/771d3c9ffdb5f6a869ae0a3bf138e088/element - {"using":"css selector","value":"#shell-header-logo"}
RESULT: {"using":"css selector","value":"#shell-header-logo"}
COMMAND: POST /session/771d3c9ffdb5f6a869ae0a3bf138e088/element/f.C725D2739C9BAC73399F894D32ABC418.d.9B3E0923F1834626C9A0B0D45F1AFE90.e.10846/click - {}
RESULT: {}
COMMAND: GET /session/771d3c9ffdb5f6a869ae0a3bf138e088/screenshot - {}
RESULT: {}
]]></system-out>
    </testcase>
    <testcase classname="chrome.135_0_7049_96.windows.Warehouse_movements_inventory_test" name="Verify the warehouse movement" time="40.023">
      <system-out><![CDATA[
COMMAND: POST /session/771d3c9ffdb5f6a869ae0a3bf138e088/execute/async - {"script":"<script> [1562 bytes]","args":[{"selector":{"controlType":"sap.m.GenericTile","properties":{"header":"Manage Warehouse Movements"}},"wdio_ui5_key":"sapm.GenericTile{\"header\":\"Manage Warehouse Movements\"}"}]}
RESULT: {"script":"<script> [1562 bytes]","args":[{"selector":{"controlType":"sap.m.GenericTile","properties":{"header":"Manage Warehouse Movements"}},"wdio_ui5_key":"sapm.GenericTile{\"header\":\"Manage Warehouse Movements\"}"}]}
RESULT: undefined
COMMAND: POST /session/771d3c9ffdb5f6a869ae0a3bf138e088/element - {"using":"xpath","value":"//*[@id=\"__tile105\"]"}
RESULT: {"using":"xpath","value":"//*[@id=\"__tile105\"]"}
COMMAND: POST /session/771d3c9ffdb5f6a869ae0a3bf138e088/element/f.C725D2739C9BAC73399F894D32ABC418.d.9B3E0923F1834626C9A0B0D45F1AFE90.e.11556/click - {}
RESULT: {}
COMMAND: GET /session/771d3c9ffdb5f6a869ae0a3bf138e088/screenshot - {}
RESULT: {}
COMMAND: POST /session/771d3c9ffdb5f6a869ae0a3bf138e088/execute/async - {"script":"<script> [1562 bytes]","args":[{"selector":{"id":"application-warehousemovements-display-component---warehouseMovements--smartFilterBar-filterItemControl_BASIC-YARD-vhi"},"wdio_ui5_key":"applicationwarehousemovements-display-component---warehouseMovements--smartFilterBar-filterItemControl_BASIC-YARD-vhi"}]}
RESULT: {"script":"<script> [1562 bytes]","args":[{"selector":{"id":"application-warehousemovements-display-component---warehouseMovements--smartFilterBar-filterItemControl_BASIC-YARD-vhi"},"wdio_ui5_key":"applicationwarehousemovements-display-component---warehouseMovements--smartFilterBar-filterItemControl_BASIC-YARD-vhi"}]}
RESULT: undefined
COMMAND: POST /session/771d3c9ffdb5f6a869ae0a3bf138e088/element - {"using":"xpath","value":"//*[@id=\"application-warehousemovements-display-component---warehouseMovements--smartFilterBar-filterItemControl_BASIC-YARD-vhi\"]"}
RESULT: {"using":"xpath","value":"//*[@id=\"application-warehousemovements-display-component---warehouseMovements--smartFilterBar-filterItemControl_BASIC-YARD-vhi\"]"}
COMMAND: POST /session/771d3c9ffdb5f6a869ae0a3bf138e088/element/f.C725D2739C9BAC73399F894D32ABC418.d.9B3E0923F1834626C9A0B0D45F1AFE90.e.11657/click - {}
RESULT: {}
COMMAND: GET /session/771d3c9ffdb5f6a869ae0a3bf138e088/screenshot - {}
RESULT: {}
COMMAND: POST /session/771d3c9ffdb5f6a869ae0a3bf138e088/execute/async - {"script":"<script> [1562 bytes]","args":[{"selector":{"id":"application-warehousemovements-display-component---warehouseMovements--smartFilterBar-filterItemControl_BASIC-YARD-valueHelpDialog-smartFilterBar-btnBasicSearch","searchOpenDialogs":true,"interaction":{"idSuffix":"I"}},"wdio_ui5_key":"applicationwarehousemovements-display-component---warehouseMovements--smartFilterBar-filterItemControl_BASIC-YARD-valueHelpDialog-smartFilterBar-btnBasicSearch"}]}
RESULT: {"script":"<script> [1562 bytes]","args":[{"selector":{"id":"application-warehousemovements-display-component---warehouseMovements--smartFilterBar-filterItemControl_BASIC-YARD-valueHelpDialog-smartFilterBar-btnBasicSearch","searchOpenDialogs":true,"interaction":{"idSuffix":"I"}},"wdio_ui5_key":"applicationwarehousemovements-display-component---warehouseMovements--smartFilterBar-filterItemControl_BASIC-YARD-valueHelpDialog-smartFilterBar-btnBasicSearch"}]}
RESULT: undefined
COMMAND: POST /session/771d3c9ffdb5f6a869ae0a3bf138e088/execute/async - {"script":"<script> [776 bytes]","args":[{"enterText":"WebdriverWHMYarden5bn","selector":{"id":"application-warehousemovements-display-component---warehouseMovements--smartFilterBar-filterItemControl_BASIC-YARD-valueHelpDialog-smartFilterBar-btnBasicSearch","searchOpenDialogs":true,"interaction":{"idSuffix":"I"}},"clearTextFirst":true,"interactionType":"ENTER_TEXT"}]}
RESULT: {"script":"<script> [776 bytes]","args":[{"enterText":"WebdriverWHMYarden5bn","selector":{"id":"application-warehousemovements-display-component---warehouseMovements--smartFilterBar-filterItemControl_BASIC-YARD-valueHelpDialog-smartFilterBar-btnBasicSearch","searchOpenDialogs":true,"interaction":{"idSuffix":"I"}},"clearTextFirst":true,"interactionType":"ENTER_TEXT"}]}
COMMAND: POST /session/771d3c9ffdb5f6a869ae0a3bf138e088/actions - {"actions":[{"id":"action34","type":"key","parameters":{},"actions":[{"type":"keyDown","value":""},{"type":"pause","duration":10},{"type":"keyUp","value":""}]}]}
RESULT: {"actions":[{"id":"action34","type":"key","parameters":{},"actions":[{"type":"keyDown","value":""},{"type":"pause","duration":10},{"type":"keyUp","value":""}]}]}
COMMAND: GET /session/771d3c9ffdb5f6a869ae0a3bf138e088/screenshot - {}
RESULT: {}
COMMAND: POST /session/771d3c9ffdb5f6a869ae0a3bf138e088/element - {"using":"xpath","value":"//div[@id='application-warehousemovements-display-component---warehouseMovements--smartFilterBar-filterItemControl_BASIC-YARD-valueHelpDialog-table-rowsel0']"}
RESULT: {"using":"xpath","value":"//div[@id='application-warehousemovements-display-component---warehouseMovements--smartFilterBar-filterItemControl_BASIC-YARD-valueHelpDialog-table-rowsel0']"}
COMMAND: POST /session/771d3c9ffdb5f6a869ae0a3bf138e088/element/f.C725D2739C9BAC73399F894D32ABC418.d.9B3E0923F1834626C9A0B0D45F1AFE90.e.11666/click - {}
RESULT: {}
COMMAND: POST /session/771d3c9ffdb5f6a869ae0a3bf138e088/execute/async - {"script":"<script> [1562 bytes]","args":[{"selector":{"id":"application-warehousemovements-display-component---warehouseMovements--smartFilterBar-filterItemControl_BASIC-YARD-valueHelpDialog-ok","searchOpenDialogs":true,"interaction":{"idSuffix":"BDI-content"}},"wdio_ui5_key":"applicationwarehousemovements-display-component---warehouseMovements--smartFilterBar-filterItemControl_BASIC-YARD-valueHelpDialog-ok"}]}
COMMAND: GET /session/771d3c9ffdb5f6a869ae0a3bf138e088/screenshot - {}
RESULT: {"script":"<script> [1562 bytes]","args":[{"selector":{"id":"application-warehousemovements-display-component---warehouseMovements--smartFilterBar-filterItemControl_BASIC-YARD-valueHelpDialog-ok","searchOpenDialogs":true,"interaction":{"idSuffix":"BDI-content"}},"wdio_ui5_key":"applicationwarehousemovements-display-component---warehouseMovements--smartFilterBar-filterItemControl_BASIC-YARD-valueHelpDialog-ok"}]}
RESULT: undefined
COMMAND: POST /session/771d3c9ffdb5f6a869ae0a3bf138e088/element - {"using":"xpath","value":"//*[@id=\"application-warehousemovements-display-component---warehouseMovements--smartFilterBar-filterItemControl_BASIC-YARD-valueHelpDialog-ok\"]"}
RESULT: {}
RESULT: {"using":"xpath","value":"//*[@id=\"application-warehousemovements-display-component---warehouseMovements--smartFilterBar-filterItemControl_BASIC-YARD-valueHelpDialog-ok\"]"}
COMMAND: POST /session/771d3c9ffdb5f6a869ae0a3bf138e088/element/f.C725D2739C9BAC73399F894D32ABC418.d.9B3E0923F1834626C9A0B0D45F1AFE90.e.11669/click - {}
RESULT: {}
COMMAND: POST /session/771d3c9ffdb5f6a869ae0a3bf138e088/execute/async - {"script":"<script> [1562 bytes]","args":[{"selector":{"controlType":"sap.ui.core.Icon","viewName":"etm.portal.ui.warehousemovements.view.MasterMovement","viewId":"application-warehousemovements-display-component---warehouseMovements","properties":{"src":{"regex":{"source":"add"}}}},"wdio_ui5_key":"etmportal.ui.warehousemovements.view.MasterMovementsap.ui.core.Icon{\"src\":{\"regex\":{\"source\":\"add\"}}}"}]}
COMMAND: GET /session/771d3c9ffdb5f6a869ae0a3bf138e088/screenshot - {}
RESULT: {"script":"<script> [1562 bytes]","args":[{"selector":{"controlType":"sap.ui.core.Icon","viewName":"etm.portal.ui.warehousemovements.view.MasterMovement","viewId":"application-warehousemovements-display-component---warehouseMovements","properties":{"src":{"regex":{"source":"add"}}}},"wdio_ui5_key":"etmportal.ui.warehousemovements.view.MasterMovementsap.ui.core.Icon{\"src\":{\"regex\":{\"source\":\"add\"}}}"}]}
RESULT: undefined
COMMAND: POST /session/771d3c9ffdb5f6a869ae0a3bf138e088/element - {"using":"xpath","value":"//*[@id=\"__button73-img\"]"}
RESULT: {}
RESULT: {"using":"xpath","value":"//*[@id=\"__button73-img\"]"}
COMMAND: POST /session/771d3c9ffdb5f6a869ae0a3bf138e088/element/f.C725D2739C9BAC73399F894D32ABC418.d.9B3E0923F1834626C9A0B0D45F1AFE90.e.11593/click - {}
RESULT: {}
COMMAND: POST /session/771d3c9ffdb5f6a869ae0a3bf138e088/element - {"using":"xpath","value":"//input[contains(@id ,\"application-warehousemovements-display-component---addMovement--sectionsList-inner\")]"}
COMMAND: GET /session/771d3c9ffdb5f6a869ae0a3bf138e088/screenshot - {}
RESULT: {"using":"xpath","value":"//input[contains(@id ,\"application-warehousemovements-display-component---addMovement--sectionsList-inner\")]"}
COMMAND: POST /session/771d3c9ffdb5f6a869ae0a3bf138e088/elements - {"using":"xpath","value":"//input[contains(@id ,\"application-warehousemovements-display-component---addMovement--sectionsList-inner\")]"}
RESULT: {}
RESULT: {"using":"xpath","value":"//input[contains(@id ,\"application-warehousemovements-display-component---addMovement--sectionsList-inner\")]"}
COMMAND: POST /session/771d3c9ffdb5f6a869ae0a3bf138e088/elements - {"using":"xpath","value":"//input[contains(@id ,\"application-warehousemovements-display-component---addMovement--sectionsList-inner\")]"}
RESULT: {"using":"xpath","value":"//input[contains(@id ,\"application-warehousemovements-display-component---addMovement--sectionsList-inner\")]"}
COMMAND: POST /session/771d3c9ffdb5f6a869ae0a3bf138e088/element - {"using":"xpath","value":"//input[contains(@id ,\"application-warehousemovements-display-component---addMovement--sectionsList-inner\")]"}
RESULT: {"using":"xpath","value":"//input[contains(@id ,\"application-warehousemovements-display-component---addMovement--sectionsList-inner\")]"}
COMMAND: POST /session/771d3c9ffdb5f6a869ae0a3bf138e088/element/f.C725D2739C9BAC73399F894D32ABC418.d.9B3E0923F1834626C9A0B0D45F1AFE90.e.11731/clear - {}
RESULT: {}
COMMAND: POST /session/771d3c9ffdb5f6a869ae0a3bf138e088/element/f.C725D2739C9BAC73399F894D32ABC418.d.9B3E0923F1834626C9A0B0D45F1AFE90.e.11731/value - {"text":"Seclzamr"}
COMMAND: GET /session/771d3c9ffdb5f6a869ae0a3bf138e088/screenshot - {}
RESULT: {"text":"Seclzamr"}
COMMAND: GET /session/771d3c9ffdb5f6a869ae0a3bf138e088/screenshot - {}
RESULT: {}
RESULT: {}
COMMAND: POST /session/771d3c9ffdb5f6a869ae0a3bf138e088/actions - {"actions":[{"id":"action35","type":"key","parameters":{},"actions":[{"type":"keyDown","value":""},{"type":"pause","duration":10},{"type":"keyUp","value":""}]}]}
RESULT: {"actions":[{"id":"action35","type":"key","parameters":{},"actions":[{"type":"keyDown","value":""},{"type":"pause","duration":10},{"type":"keyUp","value":""}]}]}
COMMAND: GET /session/771d3c9ffdb5f6a869ae0a3bf138e088/screenshot - {}
RESULT: {}
COMMAND: POST /session/771d3c9ffdb5f6a869ae0a3bf138e088/execute/async - {"script":"<script> [1562 bytes]","args":[{"selector":{"id":"application-warehousemovements-display-component---addMovement--addItem-img"},"wdio_ui5_key":"applicationwarehousemovements-display-component---addMovement--addItem-img"}]}
RESULT: {"script":"<script> [1562 bytes]","args":[{"selector":{"id":"application-warehousemovements-display-component---addMovement--addItem-img"},"wdio_ui5_key":"applicationwarehousemovements-display-component---addMovement--addItem-img"}]}
RESULT: undefined
COMMAND: POST /session/771d3c9ffdb5f6a869ae0a3bf138e088/element - {"using":"xpath","value":"//*[@id=\"application-warehousemovements-display-component---addMovement--addItem-img\"]"}
RESULT: {"using":"xpath","value":"//*[@id=\"application-warehousemovements-display-component---addMovement--addItem-img\"]"}
COMMAND: POST /session/771d3c9ffdb5f6a869ae0a3bf138e088/element/f.C725D2739C9BAC73399F894D32ABC418.d.9B3E0923F1834626C9A0B0D45F1AFE90.e.11715/click - {}
RESULT: {}
COMMAND: POST /session/771d3c9ffdb5f6a869ae0a3bf138e088/execute/async - {"script":"<script> [1562 bytes]","args":[{"selector":{"id":"movementItemsPopUp--invSearch","searchOpenDialogs":true,"interaction":{"idSuffix":"I"}},"wdio_ui5_key":"movementItemsPopUpinvSearch"}]}
COMMAND: GET /session/771d3c9ffdb5f6a869ae0a3bf138e088/screenshot - {}
RESULT: {"script":"<script> [1562 bytes]","args":[{"selector":{"id":"movementItemsPopUp--invSearch","searchOpenDialogs":true,"interaction":{"idSuffix":"I"}},"wdio_ui5_key":"movementItemsPopUpinvSearch"}]}
RESULT: undefined
COMMAND: POST /session/771d3c9ffdb5f6a869ae0a3bf138e088/execute/async - {"script":"<script> [776 bytes]","args":[{"enterText":"WebdriverRUR2Cb1wji","selector":{"id":"movementItemsPopUp--invSearch","searchOpenDialogs":true,"interaction":{"idSuffix":"I"}},"clearTextFirst":true,"interactionType":"ENTER_TEXT"}]}
RESULT: {}
RESULT: {"script":"<script> [776 bytes]","args":[{"enterText":"WebdriverRUR2Cb1wji","selector":{"id":"movementItemsPopUp--invSearch","searchOpenDialogs":true,"interaction":{"idSuffix":"I"}},"clearTextFirst":true,"interactionType":"ENTER_TEXT"}]}
COMMAND: POST /session/771d3c9ffdb5f6a869ae0a3bf138e088/execute/async - {"script":"<script> [1562 bytes]","args":[{"selector":{"id":"movementItemsPopUp--movementItemsTable-sa","searchOpenDialogs":true,"interaction":{"idSuffix":"CbBg"}},"wdio_ui5_key":"movementItemsPopUpmovementItemsTable-sa"}]}
RESULT: {"script":"<script> [1562 bytes]","args":[{"selector":{"id":"movementItemsPopUp--movementItemsTable-sa","searchOpenDialogs":true,"interaction":{"idSuffix":"CbBg"}},"wdio_ui5_key":"movementItemsPopUpmovementItemsTable-sa"}]}
RESULT: undefined
COMMAND: POST /session/771d3c9ffdb5f6a869ae0a3bf138e088/element - {"using":"xpath","value":"//*[@id=\"movementItemsPopUp--movementItemsTable-sa\"]"}
RESULT: {"using":"xpath","value":"//*[@id=\"movementItemsPopUp--movementItemsTable-sa\"]"}
COMMAND: POST /session/771d3c9ffdb5f6a869ae0a3bf138e088/element/f.C725D2739C9BAC73399F894D32ABC418.d.9B3E0923F1834626C9A0B0D45F1AFE90.e.11816/click - {}
RESULT: {}
COMMAND: POST /session/771d3c9ffdb5f6a869ae0a3bf138e088/execute/async - {"script":"<script> [1562 bytes]","args":[{"selector":{"id":"movementItemsPopUp--createBtn","searchOpenDialogs":true,"interaction":{"idSuffix":"BDI-content"}},"wdio_ui5_key":"movementItemsPopUpcreateBtn"}]}
COMMAND: GET /session/771d3c9ffdb5f6a869ae0a3bf138e088/screenshot - {}
RESULT: {"script":"<script> [1562 bytes]","args":[{"selector":{"id":"movementItemsPopUp--createBtn","searchOpenDialogs":true,"interaction":{"idSuffix":"BDI-content"}},"wdio_ui5_key":"movementItemsPopUpcreateBtn"}]}
RESULT: undefined
COMMAND: POST /session/771d3c9ffdb5f6a869ae0a3bf138e088/element - {"using":"xpath","value":"//*[@id=\"movementItemsPopUp--createBtn\"]"}
RESULT: {}
RESULT: {"using":"xpath","value":"//*[@id=\"movementItemsPopUp--createBtn\"]"}
COMMAND: POST /session/771d3c9ffdb5f6a869ae0a3bf138e088/element/f.C725D2739C9BAC73399F894D32ABC418.d.9B3E0923F1834626C9A0B0D45F1AFE90.e.11818/click - {}
RESULT: {}
COMMAND: GET /session/771d3c9ffdb5f6a869ae0a3bf138e088/screenshot - {}
RESULT: {}
COMMAND: DELETE /session/771d3c9ffdb5f6a869ae0a3bf138e088 - {}
RESULT: {}
]]></system-out>
    </testcase>
  </testsuite>
</testsuites>