<?xml version="1.0" encoding="UTF-8"?>
<testsuites tests="49" failures="1" errors="1" skipped="0">
  <testsuite timestamp="2025-05-11T15:08:07" time="1931.37" tests="49" failures="1" errors="1" skipped="0">
    <properties>
      <property name="specId" value="0" />
      <property name="suiteName" value="Sanity Tests US104253" />
      <property name="capabilities" value="chrome.136_0_7103_49.windows" />
      <property name="file" value="file:///D:/a/1/s/test/specs/General/sanity.spec.js" />
    </properties>
    <testcase classname="chrome.136_0_7103_49.windows.Sanity_Tests_US104253" name="Should open Manage Partners page" time="42.396">
      <system-out><![CDATA[
COMMAND: POST /session/db38a2fdbd7897a07519334e358608e0/execute/async - {"script":"<script> [1562 bytes]","args":[{"selector":{"controlType":"sap.m.GenericTile","properties":{"header":"Manage Partners"}},"wdio_ui5_key":"sapm.GenericTile{\"header\":\"Manage Partners\"}"}]}
RESULT: {"script":"<script> [1562 bytes]","args":[{"selector":{"controlType":"sap.m.GenericTile","properties":{"header":"Manage Partners"}},"wdio_ui5_key":"sapm.GenericTile{\"header\":\"Manage Partners\"}"}]}
RESULT: undefined
COMMAND: POST /session/db38a2fdbd7897a07519334e358608e0/element - {"using":"xpath","value":"//*[@id=\"__tile38\"]"}
RESULT: {"using":"xpath","value":"//*[@id=\"__tile38\"]"}
COMMAND: POST /session/db38a2fdbd7897a07519334e358608e0/element/f.5CD39E9E148DD78EE9637CED8D1CCE22.d.5AC2D684C8FFD2FC065F7B801D7DE7DC.e.128/click - {}
RESULT: {}
COMMAND: GET /session/db38a2fdbd7897a07519334e358608e0/screenshot - {}
RESULT: {}
COMMAND: POST /session/db38a2fdbd7897a07519334e358608e0/elements - {"using":"xpath","value":"//span[text()='Error']"}
RESULT: {"using":"xpath","value":"//span[text()='Error']"}
RESULT: undefined
COMMAND: POST /session/db38a2fdbd7897a07519334e358608e0/element - {"using":"xpath","value":"//*[@id=\"__tile38\"]"}
RESULT: {"using":"xpath","value":"//*[@id=\"__tile38\"]"}
COMMAND: POST /session/db38a2fdbd7897a07519334e358608e0/element/f.5CD39E9E148DD78EE9637CED8D1CCE22.d.5AC2D684C8FFD2FC065F7B801D7DE7DC.e.128/click - {}
RESULT: undefined
COMMAND: POST /session/db38a2fdbd7897a07519334e358608e0/element - {"using":"xpath","value":"//*[@id=\"__tile38\"]"}
RESULT: {"using":"xpath","value":"//*[@id=\"__tile38\"]"}
COMMAND: POST /session/db38a2fdbd7897a07519334e358608e0/element/f.5CD39E9E148DD78EE9637CED8D1CCE22.d.5AC2D684C8FFD2FC065F7B801D7DE7DC.e.128/click - {}
COMMAND: POST /session/db38a2fdbd7897a07519334e358608e0/execute/async - {"script":"<script> [1562 bytes]","args":[{"selector":{"id":"shellAppTitle"},"wdio_ui5_key":"shellAppTitle"}]}
RESULT: {"script":"<script> [1562 bytes]","args":[{"selector":{"id":"shellAppTitle"},"wdio_ui5_key":"shellAppTitle"}]}
RESULT: undefined
COMMAND: POST /session/db38a2fdbd7897a07519334e358608e0/execute/async - {"script":"<script> [6424 bytes]","args":[{"element-6066-11e4-a52e-4f735466cecf":"f.5CD39E9E148DD78EE9637CED8D1CCE22.d.5AC2D684C8FFD2FC065F7B801D7DE7DC.e.234"},"getTitle",[]]}
RESULT: {"script":"<script> [6424 bytes]","args":[{"element-6066-11e4-a52e-4f735466cecf":"f.5CD39E9E148DD78EE9637CED8D1CCE22.d.5AC2D684C8FFD2FC065F7B801D7DE7DC.e.234"},"getTitle",[]]}
COMMAND: POST /session/db38a2fdbd7897a07519334e358608e0/execute/async - {"script":"<script> [1562 bytes]","args":[{"selector":{"id":"backBtn"},"wdio_ui5_key":"backBtn"}]}
RESULT: {"script":"<script> [1562 bytes]","args":[{"selector":{"id":"backBtn"},"wdio_ui5_key":"backBtn"}]}
RESULT: undefined
COMMAND: POST /session/db38a2fdbd7897a07519334e358608e0/element - {"using":"xpath","value":"//*[@id=\"backBtn\"]"}
RESULT: {"using":"xpath","value":"//*[@id=\"backBtn\"]"}
COMMAND: POST /session/db38a2fdbd7897a07519334e358608e0/element/f.5CD39E9E148DD78EE9637CED8D1CCE22.d.5AC2D684C8FFD2FC065F7B801D7DE7DC.e.235/click - {}
]]></system-out>
    </testcase>
    <testcase classname="chrome.136_0_7103_49.windows.Sanity_Tests_US104253" name="Should open Manage Resources page" time="38.226">
      <system-out><![CDATA[
COMMAND: POST /session/db38a2fdbd7897a07519334e358608e0/execute/async - {"script":"<script> [1562 bytes]","args":[{"selector":{"controlType":"sap.m.GenericTile","properties":{"header":"Manage Resources"}},"wdio_ui5_key":"sapm.GenericTile{\"header\":\"Manage Resources\"}"}]}
COMMAND: GET /session/db38a2fdbd7897a07519334e358608e0/screenshot - {}
RESULT: {"script":"<script> [1562 bytes]","args":[{"selector":{"controlType":"sap.m.GenericTile","properties":{"header":"Manage Resources"}},"wdio_ui5_key":"sapm.GenericTile{\"header\":\"Manage Resources\"}"}]}
RESULT: undefined
COMMAND: POST /session/db38a2fdbd7897a07519334e358608e0/element - {"using":"xpath","value":"//*[@id=\"__tile39\"]"}
RESULT: {}
RESULT: {"using":"xpath","value":"//*[@id=\"__tile39\"]"}
COMMAND: POST /session/db38a2fdbd7897a07519334e358608e0/element/f.5CD39E9E148DD78EE9637CED8D1CCE22.d.5AC2D684C8FFD2FC065F7B801D7DE7DC.e.241/click - {}
RESULT: {}
COMMAND: GET /session/db38a2fdbd7897a07519334e358608e0/screenshot - {}
RESULT: {}
COMMAND: POST /session/db38a2fdbd7897a07519334e358608e0/elements - {"using":"xpath","value":"//span[text()='Error']"}
RESULT: {"using":"xpath","value":"//span[text()='Error']"}
RESULT: undefined
COMMAND: POST /session/db38a2fdbd7897a07519334e358608e0/element - {"using":"xpath","value":"//*[@id=\"__tile39\"]"}
RESULT: {"using":"xpath","value":"//*[@id=\"__tile39\"]"}
COMMAND: POST /session/db38a2fdbd7897a07519334e358608e0/element/f.5CD39E9E148DD78EE9637CED8D1CCE22.d.5AC2D684C8FFD2FC065F7B801D7DE7DC.e.241/click - {}
RESULT: undefined
COMMAND: POST /session/db38a2fdbd7897a07519334e358608e0/element - {"using":"xpath","value":"//*[@id=\"__tile39\"]"}
RESULT: {"using":"xpath","value":"//*[@id=\"__tile39\"]"}
COMMAND: POST /session/db38a2fdbd7897a07519334e358608e0/element/f.5CD39E9E148DD78EE9637CED8D1CCE22.d.5AC2D684C8FFD2FC065F7B801D7DE7DC.e.241/click - {}
RESULT: undefined
COMMAND: POST /session/db38a2fdbd7897a07519334e358608e0/execute/async - {"script":"<script> [6424 bytes]","args":[{"element-6066-11e4-a52e-4f735466cecf":"f.5CD39E9E148DD78EE9637CED8D1CCE22.d.5AC2D684C8FFD2FC065F7B801D7DE7DC.e.234"},"getTitle",[]]}
COMMAND: POST /session/db38a2fdbd7897a07519334e358608e0/execute/async - {"script":"<script> [1562 bytes]","args":[{"selector":{"id":"shellAppTitle"},"wdio_ui5_key":"shellAppTitle"}]}
RESULT: {"script":"<script> [1562 bytes]","args":[{"selector":{"id":"shellAppTitle"},"wdio_ui5_key":"shellAppTitle"}]}
COMMAND: POST /session/db38a2fdbd7897a07519334e358608e0/execute/async - {"script":"<script> [6424 bytes]","args":[{"element-6066-11e4-a52e-4f735466cecf":"f.5CD39E9E148DD78EE9637CED8D1CCE22.d.5AC2D684C8FFD2FC065F7B801D7DE7DC.e.411"},"getTitle",[]]}
RESULT: {"script":"<script> [6424 bytes]","args":[{"element-6066-11e4-a52e-4f735466cecf":"f.5CD39E9E148DD78EE9637CED8D1CCE22.d.5AC2D684C8FFD2FC065F7B801D7DE7DC.e.411"},"getTitle",[]]}
RESULT: undefined
COMMAND: POST /session/db38a2fdbd7897a07519334e358608e0/element/f.5CD39E9E148DD78EE9637CED8D1CCE22.d.5AC2D684C8FFD2FC065F7B801D7DE7DC.e.235/click - {}
RESULT: {}
COMMAND: GET /session/db38a2fdbd7897a07519334e358608e0/screenshot - {}
RESULT: {}
]]></system-out>
    </testcase>
    <testcase classname="chrome.136_0_7103_49.windows.Sanity_Tests_US104253" name="Should open Manage Catalogs page" time="36.103">
      <system-out><![CDATA[
COMMAND: POST /session/db38a2fdbd7897a07519334e358608e0/execute/async - {"script":"<script> [1562 bytes]","args":[{"selector":{"controlType":"sap.m.GenericTile","properties":{"header":"Manage Catalogs"}},"wdio_ui5_key":"sapm.GenericTile{\"header\":\"Manage Catalogs\"}"}]}
RESULT: {"script":"<script> [1562 bytes]","args":[{"selector":{"controlType":"sap.m.GenericTile","properties":{"header":"Manage Catalogs"}},"wdio_ui5_key":"sapm.GenericTile{\"header\":\"Manage Catalogs\"}"}]}
RESULT: undefined
COMMAND: POST /session/db38a2fdbd7897a07519334e358608e0/element - {"using":"xpath","value":"//*[@id=\"__tile37\"]"}
RESULT: {"using":"xpath","value":"//*[@id=\"__tile37\"]"}
COMMAND: POST /session/db38a2fdbd7897a07519334e358608e0/element/f.5CD39E9E148DD78EE9637CED8D1CCE22.d.5AC2D684C8FFD2FC065F7B801D7DE7DC.e.413/click - {}
RESULT: {}
COMMAND: GET /session/db38a2fdbd7897a07519334e358608e0/screenshot - {}
RESULT: {}
COMMAND: POST /session/db38a2fdbd7897a07519334e358608e0/elements - {"using":"xpath","value":"//span[text()='Error']"}
RESULT: {"using":"xpath","value":"//span[text()='Error']"}
RESULT: undefined
COMMAND: POST /session/db38a2fdbd7897a07519334e358608e0/element - {"using":"xpath","value":"//*[@id=\"__tile37\"]"}
RESULT: {"using":"xpath","value":"//*[@id=\"__tile37\"]"}
COMMAND: POST /session/db38a2fdbd7897a07519334e358608e0/element/f.5CD39E9E148DD78EE9637CED8D1CCE22.d.5AC2D684C8FFD2FC065F7B801D7DE7DC.e.413/click - {}
RESULT: undefined
COMMAND: POST /session/db38a2fdbd7897a07519334e358608e0/element - {"using":"xpath","value":"//*[@id=\"__tile37\"]"}
RESULT: {"using":"xpath","value":"//*[@id=\"__tile37\"]"}
COMMAND: POST /session/db38a2fdbd7897a07519334e358608e0/element/f.5CD39E9E148DD78EE9637CED8D1CCE22.d.5AC2D684C8FFD2FC065F7B801D7DE7DC.e.413/click - {}
RESULT: undefined
COMMAND: POST /session/db38a2fdbd7897a07519334e358608e0/execute/async - {"script":"<script> [6424 bytes]","args":[{"element-6066-11e4-a52e-4f735466cecf":"f.5CD39E9E148DD78EE9637CED8D1CCE22.d.5AC2D684C8FFD2FC065F7B801D7DE7DC.e.234"},"getTitle",[]]}
COMMAND: POST /session/db38a2fdbd7897a07519334e358608e0/execute/async - {"script":"<script> [1562 bytes]","args":[{"selector":{"id":"shellAppTitle"},"wdio_ui5_key":"shellAppTitle"}]}
RESULT: {"script":"<script> [1562 bytes]","args":[{"selector":{"id":"shellAppTitle"},"wdio_ui5_key":"shellAppTitle"}]}
COMMAND: POST /session/db38a2fdbd7897a07519334e358608e0/execute/async - {"script":"<script> [6424 bytes]","args":[{"element-6066-11e4-a52e-4f735466cecf":"f.5CD39E9E148DD78EE9637CED8D1CCE22.d.5AC2D684C8FFD2FC065F7B801D7DE7DC.e.484"},"getTitle",[]]}
RESULT: {"script":"<script> [6424 bytes]","args":[{"element-6066-11e4-a52e-4f735466cecf":"f.5CD39E9E148DD78EE9637CED8D1CCE22.d.5AC2D684C8FFD2FC065F7B801D7DE7DC.e.484"},"getTitle",[]]}
RESULT: undefined
COMMAND: POST /session/db38a2fdbd7897a07519334e358608e0/element/f.5CD39E9E148DD78EE9637CED8D1CCE22.d.5AC2D684C8FFD2FC065F7B801D7DE7DC.e.235/click - {}
COMMAND: POST /session/db38a2fdbd7897a07519334e358608e0/element - {"using":"xpath","value":"//*[@id=\"backBtn\"]"}
RESULT: {"using":"xpath","value":"//*[@id=\"backBtn\"]"}
COMMAND: POST /session/db38a2fdbd7897a07519334e358608e0/element/f.5CD39E9E148DD78EE9637CED8D1CCE22.d.5AC2D684C8FFD2FC065F7B801D7DE7DC.e.235/click - {}
COMMAND: POST /session/db38a2fdbd7897a07519334e358608e0/element - {"using":"xpath","value":"//*[@id=\"backBtn\"]"}
RESULT: {"using":"xpath","value":"//*[@id=\"backBtn\"]"}
COMMAND: POST /session/db38a2fdbd7897a07519334e358608e0/element/f.5CD39E9E148DD78EE9637CED8D1CCE22.d.5AC2D684C8FFD2FC065F7B801D7DE7DC.e.485/click - {}
RESULT: {}
COMMAND: GET /session/db38a2fdbd7897a07519334e358608e0/screenshot - {}
RESULT: {}
]]></system-out>
    </testcase>
    <testcase classname="chrome.136_0_7103_49.windows.Sanity_Tests_US104253" name="Should open Manage Calendars page" time="37.956">
      <system-out><![CDATA[
COMMAND: POST /session/db38a2fdbd7897a07519334e358608e0/execute/async - {"script":"<script> [1562 bytes]","args":[{"selector":{"controlType":"sap.m.GenericTile","properties":{"header":"Manage Calendars"}},"wdio_ui5_key":"sapm.GenericTile{\"header\":\"Manage Calendars\"}"}]}
RESULT: {"script":"<script> [1562 bytes]","args":[{"selector":{"controlType":"sap.m.GenericTile","properties":{"header":"Manage Calendars"}},"wdio_ui5_key":"sapm.GenericTile{\"header\":\"Manage Calendars\"}"}]}
RESULT: undefined
COMMAND: POST /session/db38a2fdbd7897a07519334e358608e0/element - {"using":"xpath","value":"//*[@id=\"__tile36\"]"}
RESULT: {"using":"xpath","value":"//*[@id=\"__tile36\"]"}
COMMAND: POST /session/db38a2fdbd7897a07519334e358608e0/element/f.5CD39E9E148DD78EE9637CED8D1CCE22.d.5AC2D684C8FFD2FC065F7B801D7DE7DC.e.488/click - {}
RESULT: {}
COMMAND: GET /session/db38a2fdbd7897a07519334e358608e0/screenshot - {}
RESULT: {}
COMMAND: POST /session/db38a2fdbd7897a07519334e358608e0/elements - {"using":"xpath","value":"//span[text()='Error']"}
RESULT: {"using":"xpath","value":"//span[text()='Error']"}
RESULT: undefined
COMMAND: POST /session/db38a2fdbd7897a07519334e358608e0/element - {"using":"xpath","value":"//*[@id=\"__tile36\"]"}
RESULT: {"using":"xpath","value":"//*[@id=\"__tile36\"]"}
COMMAND: POST /session/db38a2fdbd7897a07519334e358608e0/element/f.5CD39E9E148DD78EE9637CED8D1CCE22.d.5AC2D684C8FFD2FC065F7B801D7DE7DC.e.488/click - {}
RESULT: undefined
COMMAND: POST /session/db38a2fdbd7897a07519334e358608e0/element - {"using":"xpath","value":"//*[@id=\"__tile36\"]"}
RESULT: {"using":"xpath","value":"//*[@id=\"__tile36\"]"}
COMMAND: POST /session/db38a2fdbd7897a07519334e358608e0/element/f.5CD39E9E148DD78EE9637CED8D1CCE22.d.5AC2D684C8FFD2FC065F7B801D7DE7DC.e.488/click - {}
RESULT: undefined
COMMAND: POST /session/db38a2fdbd7897a07519334e358608e0/execute/async - {"script":"<script> [6424 bytes]","args":[{"element-6066-11e4-a52e-4f735466cecf":"f.5CD39E9E148DD78EE9637CED8D1CCE22.d.5AC2D684C8FFD2FC065F7B801D7DE7DC.e.234"},"getTitle",[]]}
COMMAND: POST /session/db38a2fdbd7897a07519334e358608e0/execute/async - {"script":"<script> [1562 bytes]","args":[{"selector":{"id":"shellAppTitle"},"wdio_ui5_key":"shellAppTitle"}]}
RESULT: {"script":"<script> [1562 bytes]","args":[{"selector":{"id":"shellAppTitle"},"wdio_ui5_key":"shellAppTitle"}]}
COMMAND: POST /session/db38a2fdbd7897a07519334e358608e0/execute/async - {"script":"<script> [6424 bytes]","args":[{"element-6066-11e4-a52e-4f735466cecf":"f.5CD39E9E148DD78EE9637CED8D1CCE22.d.5AC2D684C8FFD2FC065F7B801D7DE7DC.e.557"},"getTitle",[]]}
RESULT: {"script":"<script> [6424 bytes]","args":[{"element-6066-11e4-a52e-4f735466cecf":"f.5CD39E9E148DD78EE9637CED8D1CCE22.d.5AC2D684C8FFD2FC065F7B801D7DE7DC.e.557"},"getTitle",[]]}
RESULT: undefined
COMMAND: POST /session/db38a2fdbd7897a07519334e358608e0/element/f.5CD39E9E148DD78EE9637CED8D1CCE22.d.5AC2D684C8FFD2FC065F7B801D7DE7DC.e.485/click - {}
RESULT: {}
COMMAND: GET /session/db38a2fdbd7897a07519334e358608e0/screenshot - {}
RESULT: {}
]]></system-out>
    </testcase>
    <testcase classname="chrome.136_0_7103_49.windows.Sanity_Tests_US104253" name="Should open Address Management page" time="38.098">
      <system-out><![CDATA[
COMMAND: POST /session/db38a2fdbd7897a07519334e358608e0/execute/async - {"script":"<script> [1562 bytes]","args":[{"selector":{"controlType":"sap.m.GenericTile","properties":{"header":"Address Management"}},"wdio_ui5_key":"sapm.GenericTile{\"header\":\"Address Management\"}"}]}
RESULT: {"script":"<script> [1562 bytes]","args":[{"selector":{"controlType":"sap.m.GenericTile","properties":{"header":"Address Management"}},"wdio_ui5_key":"sapm.GenericTile{\"header\":\"Address Management\"}"}]}
RESULT: undefined
COMMAND: POST /session/db38a2fdbd7897a07519334e358608e0/element - {"using":"xpath","value":"//*[@id=\"__tile33\"]"}
RESULT: {"using":"xpath","value":"//*[@id=\"__tile33\"]"}
COMMAND: POST /session/db38a2fdbd7897a07519334e358608e0/element/f.5CD39E9E148DD78EE9637CED8D1CCE22.d.5AC2D684C8FFD2FC065F7B801D7DE7DC.e.559/click - {}
RESULT: {}
COMMAND: GET /session/db38a2fdbd7897a07519334e358608e0/screenshot - {}
RESULT: {}
COMMAND: POST /session/db38a2fdbd7897a07519334e358608e0/elements - {"using":"xpath","value":"//span[text()='Error']"}
RESULT: {"using":"xpath","value":"//span[text()='Error']"}
RESULT: undefined
COMMAND: POST /session/db38a2fdbd7897a07519334e358608e0/element - {"using":"xpath","value":"//*[@id=\"__tile33\"]"}
RESULT: {"using":"xpath","value":"//*[@id=\"__tile33\"]"}
COMMAND: POST /session/db38a2fdbd7897a07519334e358608e0/element/f.5CD39E9E148DD78EE9637CED8D1CCE22.d.5AC2D684C8FFD2FC065F7B801D7DE7DC.e.559/click - {}
RESULT: undefined
COMMAND: POST /session/db38a2fdbd7897a07519334e358608e0/element - {"using":"xpath","value":"//*[@id=\"__tile33\"]"}
RESULT: {"using":"xpath","value":"//*[@id=\"__tile33\"]"}
COMMAND: POST /session/db38a2fdbd7897a07519334e358608e0/element/f.5CD39E9E148DD78EE9637CED8D1CCE22.d.5AC2D684C8FFD2FC065F7B801D7DE7DC.e.559/click - {}
RESULT: undefined
COMMAND: POST /session/db38a2fdbd7897a07519334e358608e0/execute/async - {"script":"<script> [6424 bytes]","args":[{"element-6066-11e4-a52e-4f735466cecf":"f.5CD39E9E148DD78EE9637CED8D1CCE22.d.5AC2D684C8FFD2FC065F7B801D7DE7DC.e.234"},"getTitle",[]]}
COMMAND: POST /session/db38a2fdbd7897a07519334e358608e0/execute/async - {"script":"<script> [1562 bytes]","args":[{"selector":{"id":"shellAppTitle"},"wdio_ui5_key":"shellAppTitle"}]}
RESULT: {"script":"<script> [1562 bytes]","args":[{"selector":{"id":"shellAppTitle"},"wdio_ui5_key":"shellAppTitle"}]}
COMMAND: POST /session/db38a2fdbd7897a07519334e358608e0/execute/async - {"script":"<script> [6424 bytes]","args":[{"element-6066-11e4-a52e-4f735466cecf":"f.5CD39E9E148DD78EE9637CED8D1CCE22.d.5AC2D684C8FFD2FC065F7B801D7DE7DC.e.733"},"getTitle",[]]}
RESULT: {"script":"<script> [6424 bytes]","args":[{"element-6066-11e4-a52e-4f735466cecf":"f.5CD39E9E148DD78EE9637CED8D1CCE22.d.5AC2D684C8FFD2FC065F7B801D7DE7DC.e.733"},"getTitle",[]]}
RESULT: undefined
COMMAND: POST /session/db38a2fdbd7897a07519334e358608e0/element/f.5CD39E9E148DD78EE9637CED8D1CCE22.d.5AC2D684C8FFD2FC065F7B801D7DE7DC.e.485/click - {}
COMMAND: POST /session/db38a2fdbd7897a07519334e358608e0/element - {"using":"xpath","value":"//*[@id=\"backBtn\"]"}
RESULT: {"using":"xpath","value":"//*[@id=\"backBtn\"]"}
COMMAND: POST /session/db38a2fdbd7897a07519334e358608e0/element/f.5CD39E9E148DD78EE9637CED8D1CCE22.d.5AC2D684C8FFD2FC065F7B801D7DE7DC.e.485/click - {}
COMMAND: POST /session/db38a2fdbd7897a07519334e358608e0/element - {"using":"xpath","value":"//*[@id=\"backBtn\"]"}
RESULT: {"using":"xpath","value":"//*[@id=\"backBtn\"]"}
COMMAND: POST /session/db38a2fdbd7897a07519334e358608e0/element/f.5CD39E9E148DD78EE9637CED8D1CCE22.d.5AC2D684C8FFD2FC065F7B801D7DE7DC.e.734/click - {}
RESULT: {}
COMMAND: GET /session/db38a2fdbd7897a07519334e358608e0/screenshot - {}
RESULT: {}
]]></system-out>
    </testcase>
    <testcase classname="chrome.136_0_7103_49.windows.Sanity_Tests_US104253" name="Should open Bill Of Resources page" time="44.182">
      <system-out><![CDATA[
COMMAND: POST /session/db38a2fdbd7897a07519334e358608e0/execute/async - {"script":"<script> [1562 bytes]","args":[{"selector":{"controlType":"sap.m.GenericTile","properties":{"header":"Bill Of Resources"}},"wdio_ui5_key":"sapm.GenericTile{\"header\":\"Bill Of Resources\"}"}]}
RESULT: {"script":"<script> [1562 bytes]","args":[{"selector":{"controlType":"sap.m.GenericTile","properties":{"header":"Bill Of Resources"}},"wdio_ui5_key":"sapm.GenericTile{\"header\":\"Bill Of Resources\"}"}]}
RESULT: undefined
COMMAND: POST /session/db38a2fdbd7897a07519334e358608e0/element - {"using":"xpath","value":"//*[@id=\"__tile34\"]"}
RESULT: {"using":"xpath","value":"//*[@id=\"__tile34\"]"}
COMMAND: POST /session/db38a2fdbd7897a07519334e358608e0/element/f.5CD39E9E148DD78EE9637CED8D1CCE22.d.5AC2D684C8FFD2FC065F7B801D7DE7DC.e.736/click - {}
RESULT: {}
COMMAND: GET /session/db38a2fdbd7897a07519334e358608e0/screenshot - {}
RESULT: {}
COMMAND: POST /session/db38a2fdbd7897a07519334e358608e0/elements - {"using":"xpath","value":"//span[text()='Error']"}
RESULT: {"using":"xpath","value":"//span[text()='Error']"}
RESULT: undefined
COMMAND: POST /session/db38a2fdbd7897a07519334e358608e0/element - {"using":"xpath","value":"//*[@id=\"__tile34\"]"}
RESULT: {"using":"xpath","value":"//*[@id=\"__tile34\"]"}
COMMAND: POST /session/db38a2fdbd7897a07519334e358608e0/element/f.5CD39E9E148DD78EE9637CED8D1CCE22.d.5AC2D684C8FFD2FC065F7B801D7DE7DC.e.736/click - {}
RESULT: undefined
COMMAND: POST /session/db38a2fdbd7897a07519334e358608e0/element - {"using":"xpath","value":"//*[@id=\"__tile34\"]"}
RESULT: {"using":"xpath","value":"//*[@id=\"__tile34\"]"}
COMMAND: POST /session/db38a2fdbd7897a07519334e358608e0/element/f.5CD39E9E148DD78EE9637CED8D1CCE22.d.5AC2D684C8FFD2FC065F7B801D7DE7DC.e.736/click - {}
RESULT: undefined
COMMAND: POST /session/db38a2fdbd7897a07519334e358608e0/execute/async - {"script":"<script> [6424 bytes]","args":[{"element-6066-11e4-a52e-4f735466cecf":"f.5CD39E9E148DD78EE9637CED8D1CCE22.d.5AC2D684C8FFD2FC065F7B801D7DE7DC.e.234"},"getTitle",[]]}
COMMAND: POST /session/db38a2fdbd7897a07519334e358608e0/execute/async - {"script":"<script> [1562 bytes]","args":[{"selector":{"id":"shellAppTitle"},"wdio_ui5_key":"shellAppTitle"}]}
RESULT: {"script":"<script> [1562 bytes]","args":[{"selector":{"id":"shellAppTitle"},"wdio_ui5_key":"shellAppTitle"}]}
COMMAND: POST /session/db38a2fdbd7897a07519334e358608e0/execute/async - {"script":"<script> [6424 bytes]","args":[{"element-6066-11e4-a52e-4f735466cecf":"f.5CD39E9E148DD78EE9637CED8D1CCE22.d.5AC2D684C8FFD2FC065F7B801D7DE7DC.e.821"},"getTitle",[]]}
RESULT: {"script":"<script> [6424 bytes]","args":[{"element-6066-11e4-a52e-4f735466cecf":"f.5CD39E9E148DD78EE9637CED8D1CCE22.d.5AC2D684C8FFD2FC065F7B801D7DE7DC.e.821"},"getTitle",[]]}
RESULT: undefined
COMMAND: POST /session/db38a2fdbd7897a07519334e358608e0/element/f.5CD39E9E148DD78EE9637CED8D1CCE22.d.5AC2D684C8FFD2FC065F7B801D7DE7DC.e.734/click - {}
RESULT: {}
COMMAND: GET /session/db38a2fdbd7897a07519334e358608e0/screenshot - {}
RESULT: {}
]]></system-out>
    </testcase>
    <testcase classname="chrome.136_0_7103_49.windows.Sanity_Tests_US104253" name="Should open Manage Yards page" time="36.866">
      <system-out><![CDATA[
COMMAND: POST /session/db38a2fdbd7897a07519334e358608e0/execute/async - {"script":"<script> [1562 bytes]","args":[{"selector":{"controlType":"sap.m.GenericTile","properties":{"header":"Manage Yards"}},"wdio_ui5_key":"sapm.GenericTile{\"header\":\"Manage Yards\"}"}]}
RESULT: {"script":"<script> [1562 bytes]","args":[{"selector":{"controlType":"sap.m.GenericTile","properties":{"header":"Manage Yards"}},"wdio_ui5_key":"sapm.GenericTile{\"header\":\"Manage Yards\"}"}]}
RESULT: undefined
COMMAND: POST /session/db38a2fdbd7897a07519334e358608e0/element - {"using":"xpath","value":"//*[@id=\"__tile41\"]"}
RESULT: {"using":"xpath","value":"//*[@id=\"__tile41\"]"}
COMMAND: POST /session/db38a2fdbd7897a07519334e358608e0/element/f.5CD39E9E148DD78EE9637CED8D1CCE22.d.5AC2D684C8FFD2FC065F7B801D7DE7DC.e.823/click - {}
RESULT: {}
COMMAND: GET /session/db38a2fdbd7897a07519334e358608e0/screenshot - {}
RESULT: {}
COMMAND: POST /session/db38a2fdbd7897a07519334e358608e0/elements - {"using":"xpath","value":"//span[text()='Error']"}
RESULT: {"using":"xpath","value":"//span[text()='Error']"}
RESULT: undefined
COMMAND: POST /session/db38a2fdbd7897a07519334e358608e0/element - {"using":"xpath","value":"//*[@id=\"__tile41\"]"}
RESULT: {"using":"xpath","value":"//*[@id=\"__tile41\"]"}
COMMAND: POST /session/db38a2fdbd7897a07519334e358608e0/element/f.5CD39E9E148DD78EE9637CED8D1CCE22.d.5AC2D684C8FFD2FC065F7B801D7DE7DC.e.823/click - {}
RESULT: undefined
COMMAND: POST /session/db38a2fdbd7897a07519334e358608e0/element - {"using":"xpath","value":"//*[@id=\"__tile41\"]"}
RESULT: {"using":"xpath","value":"//*[@id=\"__tile41\"]"}
COMMAND: POST /session/db38a2fdbd7897a07519334e358608e0/element/f.5CD39E9E148DD78EE9637CED8D1CCE22.d.5AC2D684C8FFD2FC065F7B801D7DE7DC.e.823/click - {}
RESULT: undefined
COMMAND: POST /session/db38a2fdbd7897a07519334e358608e0/execute/async - {"script":"<script> [6424 bytes]","args":[{"element-6066-11e4-a52e-4f735466cecf":"f.5CD39E9E148DD78EE9637CED8D1CCE22.d.5AC2D684C8FFD2FC065F7B801D7DE7DC.e.234"},"getTitle",[]]}
COMMAND: POST /session/db38a2fdbd7897a07519334e358608e0/execute/async - {"script":"<script> [1562 bytes]","args":[{"selector":{"id":"shellAppTitle"},"wdio_ui5_key":"shellAppTitle"}]}
RESULT: {"script":"<script> [1562 bytes]","args":[{"selector":{"id":"shellAppTitle"},"wdio_ui5_key":"shellAppTitle"}]}
COMMAND: POST /session/db38a2fdbd7897a07519334e358608e0/execute/async - {"script":"<script> [6424 bytes]","args":[{"element-6066-11e4-a52e-4f735466cecf":"f.5CD39E9E148DD78EE9637CED8D1CCE22.d.5AC2D684C8FFD2FC065F7B801D7DE7DC.e.1118"},"getTitle",[]]}
RESULT: {"script":"<script> [6424 bytes]","args":[{"element-6066-11e4-a52e-4f735466cecf":"f.5CD39E9E148DD78EE9637CED8D1CCE22.d.5AC2D684C8FFD2FC065F7B801D7DE7DC.e.1118"},"getTitle",[]]}
RESULT: undefined
COMMAND: POST /session/db38a2fdbd7897a07519334e358608e0/element/f.5CD39E9E148DD78EE9637CED8D1CCE22.d.5AC2D684C8FFD2FC065F7B801D7DE7DC.e.734/click - {}
COMMAND: POST /session/db38a2fdbd7897a07519334e358608e0/element - {"using":"xpath","value":"//*[@id=\"backBtn\"]"}
RESULT: {"using":"xpath","value":"//*[@id=\"backBtn\"]"}
COMMAND: POST /session/db38a2fdbd7897a07519334e358608e0/element/f.5CD39E9E148DD78EE9637CED8D1CCE22.d.5AC2D684C8FFD2FC065F7B801D7DE7DC.e.734/click - {}
COMMAND: POST /session/db38a2fdbd7897a07519334e358608e0/element - {"using":"xpath","value":"//*[@id=\"backBtn\"]"}
RESULT: {"using":"xpath","value":"//*[@id=\"backBtn\"]"}
COMMAND: POST /session/db38a2fdbd7897a07519334e358608e0/element/f.5CD39E9E148DD78EE9637CED8D1CCE22.d.5AC2D684C8FFD2FC065F7B801D7DE7DC.e.1119/click - {}
RESULT: {}
COMMAND: GET /session/db38a2fdbd7897a07519334e358608e0/screenshot - {}
RESULT: {}
]]></system-out>
    </testcase>
    <testcase classname="chrome.136_0_7103_49.windows.Sanity_Tests_US104253" name="Should open Manage Requests page" time="37.006">
      <system-out><![CDATA[
COMMAND: POST /session/db38a2fdbd7897a07519334e358608e0/execute/async - {"script":"<script> [1562 bytes]","args":[{"selector":{"controlType":"sap.m.GenericTile","properties":{"header":"Manage Requests"}},"wdio_ui5_key":"sapm.GenericTile{\"header\":\"Manage Requests\"}"}]}
RESULT: {"script":"<script> [1562 bytes]","args":[{"selector":{"controlType":"sap.m.GenericTile","properties":{"header":"Manage Requests"}},"wdio_ui5_key":"sapm.GenericTile{\"header\":\"Manage Requests\"}"}]}
RESULT: undefined
COMMAND: POST /session/db38a2fdbd7897a07519334e358608e0/element - {"using":"xpath","value":"//*[@id=\"__tile47\"]"}
RESULT: {"using":"xpath","value":"//*[@id=\"__tile47\"]"}
COMMAND: POST /session/db38a2fdbd7897a07519334e358608e0/element/f.5CD39E9E148DD78EE9637CED8D1CCE22.d.5AC2D684C8FFD2FC065F7B801D7DE7DC.e.1121/click - {}
RESULT: {}
COMMAND: GET /session/db38a2fdbd7897a07519334e358608e0/screenshot - {}
RESULT: {}
COMMAND: POST /session/db38a2fdbd7897a07519334e358608e0/elements - {"using":"xpath","value":"//span[text()='Error']"}
RESULT: {"using":"xpath","value":"//span[text()='Error']"}
RESULT: undefined
COMMAND: POST /session/db38a2fdbd7897a07519334e358608e0/element - {"using":"xpath","value":"//*[@id=\"__tile47\"]"}
RESULT: {"using":"xpath","value":"//*[@id=\"__tile47\"]"}
COMMAND: POST /session/db38a2fdbd7897a07519334e358608e0/element/f.5CD39E9E148DD78EE9637CED8D1CCE22.d.5AC2D684C8FFD2FC065F7B801D7DE7DC.e.1121/click - {}
RESULT: undefined
COMMAND: POST /session/db38a2fdbd7897a07519334e358608e0/element - {"using":"xpath","value":"//*[@id=\"__tile47\"]"}
RESULT: {"using":"xpath","value":"//*[@id=\"__tile47\"]"}
COMMAND: POST /session/db38a2fdbd7897a07519334e358608e0/element/f.5CD39E9E148DD78EE9637CED8D1CCE22.d.5AC2D684C8FFD2FC065F7B801D7DE7DC.e.1121/click - {}
RESULT: undefined
COMMAND: POST /session/db38a2fdbd7897a07519334e358608e0/execute/async - {"script":"<script> [6424 bytes]","args":[{"element-6066-11e4-a52e-4f735466cecf":"f.5CD39E9E148DD78EE9637CED8D1CCE22.d.5AC2D684C8FFD2FC065F7B801D7DE7DC.e.234"},"getTitle",[]]}
COMMAND: POST /session/db38a2fdbd7897a07519334e358608e0/execute/async - {"script":"<script> [1562 bytes]","args":[{"selector":{"id":"shellAppTitle"},"wdio_ui5_key":"shellAppTitle"}]}
RESULT: {"script":"<script> [1562 bytes]","args":[{"selector":{"id":"shellAppTitle"},"wdio_ui5_key":"shellAppTitle"}]}
COMMAND: POST /session/db38a2fdbd7897a07519334e358608e0/execute/async - {"script":"<script> [6424 bytes]","args":[{"element-6066-11e4-a52e-4f735466cecf":"f.5CD39E9E148DD78EE9637CED8D1CCE22.d.5AC2D684C8FFD2FC065F7B801D7DE7DC.e.1213"},"getTitle",[]]}
RESULT: {"script":"<script> [6424 bytes]","args":[{"element-6066-11e4-a52e-4f735466cecf":"f.5CD39E9E148DD78EE9637CED8D1CCE22.d.5AC2D684C8FFD2FC065F7B801D7DE7DC.e.1213"},"getTitle",[]]}
RESULT: undefined
COMMAND: POST /session/db38a2fdbd7897a07519334e358608e0/element/f.5CD39E9E148DD78EE9637CED8D1CCE22.d.5AC2D684C8FFD2FC065F7B801D7DE7DC.e.1119/click - {}
RESULT: {}
COMMAND: GET /session/db38a2fdbd7897a07519334e358608e0/screenshot - {}
RESULT: {}
]]></system-out>
    </testcase>
    <testcase classname="chrome.136_0_7103_49.windows.Sanity_Tests_US104253" name="Should open Manage Purchasing page" time="35.957">
      <system-out><![CDATA[
COMMAND: POST /session/db38a2fdbd7897a07519334e358608e0/execute/async - {"script":"<script> [1562 bytes]","args":[{"selector":{"controlType":"sap.m.GenericTile","properties":{"header":"Manage Purchasing"}},"wdio_ui5_key":"sapm.GenericTile{\"header\":\"Manage Purchasing\"}"}]}
RESULT: {"script":"<script> [1562 bytes]","args":[{"selector":{"controlType":"sap.m.GenericTile","properties":{"header":"Manage Purchasing"}},"wdio_ui5_key":"sapm.GenericTile{\"header\":\"Manage Purchasing\"}"}]}
RESULT: undefined
COMMAND: POST /session/db38a2fdbd7897a07519334e358608e0/element - {"using":"xpath","value":"//*[@id=\"__tile46\"]"}
RESULT: {"using":"xpath","value":"//*[@id=\"__tile46\"]"}
COMMAND: POST /session/db38a2fdbd7897a07519334e358608e0/element/f.5CD39E9E148DD78EE9637CED8D1CCE22.d.5AC2D684C8FFD2FC065F7B801D7DE7DC.e.1216/click - {}
RESULT: {}
COMMAND: GET /session/db38a2fdbd7897a07519334e358608e0/screenshot - {}
RESULT: {}
COMMAND: POST /session/db38a2fdbd7897a07519334e358608e0/elements - {"using":"xpath","value":"//span[text()='Error']"}
RESULT: {"using":"xpath","value":"//span[text()='Error']"}
RESULT: undefined
COMMAND: POST /session/db38a2fdbd7897a07519334e358608e0/element - {"using":"xpath","value":"//*[@id=\"__tile46\"]"}
RESULT: {"using":"xpath","value":"//*[@id=\"__tile46\"]"}
COMMAND: POST /session/db38a2fdbd7897a07519334e358608e0/element/f.5CD39E9E148DD78EE9637CED8D1CCE22.d.5AC2D684C8FFD2FC065F7B801D7DE7DC.e.1216/click - {}
RESULT: undefined
COMMAND: POST /session/db38a2fdbd7897a07519334e358608e0/element - {"using":"xpath","value":"//*[@id=\"__tile46\"]"}
RESULT: {"using":"xpath","value":"//*[@id=\"__tile46\"]"}
COMMAND: POST /session/db38a2fdbd7897a07519334e358608e0/element/f.5CD39E9E148DD78EE9637CED8D1CCE22.d.5AC2D684C8FFD2FC065F7B801D7DE7DC.e.1216/click - {}
RESULT: undefined
COMMAND: POST /session/db38a2fdbd7897a07519334e358608e0/execute/async - {"script":"<script> [6424 bytes]","args":[{"element-6066-11e4-a52e-4f735466cecf":"f.5CD39E9E148DD78EE9637CED8D1CCE22.d.5AC2D684C8FFD2FC065F7B801D7DE7DC.e.234"},"getTitle",[]]}
COMMAND: POST /session/db38a2fdbd7897a07519334e358608e0/execute/async - {"script":"<script> [1562 bytes]","args":[{"selector":{"id":"shellAppTitle"},"wdio_ui5_key":"shellAppTitle"}]}
RESULT: {"script":"<script> [1562 bytes]","args":[{"selector":{"id":"shellAppTitle"},"wdio_ui5_key":"shellAppTitle"}]}
COMMAND: POST /session/db38a2fdbd7897a07519334e358608e0/execute/async - {"script":"<script> [6424 bytes]","args":[{"element-6066-11e4-a52e-4f735466cecf":"f.5CD39E9E148DD78EE9637CED8D1CCE22.d.5AC2D684C8FFD2FC065F7B801D7DE7DC.e.1299"},"getTitle",[]]}
RESULT: {"script":"<script> [6424 bytes]","args":[{"element-6066-11e4-a52e-4f735466cecf":"f.5CD39E9E148DD78EE9637CED8D1CCE22.d.5AC2D684C8FFD2FC065F7B801D7DE7DC.e.1299"},"getTitle",[]]}
RESULT: undefined
COMMAND: POST /session/db38a2fdbd7897a07519334e358608e0/element/f.5CD39E9E148DD78EE9637CED8D1CCE22.d.5AC2D684C8FFD2FC065F7B801D7DE7DC.e.1119/click - {}
COMMAND: POST /session/db38a2fdbd7897a07519334e358608e0/element - {"using":"xpath","value":"//*[@id=\"backBtn\"]"}
RESULT: {"using":"xpath","value":"//*[@id=\"backBtn\"]"}
COMMAND: POST /session/db38a2fdbd7897a07519334e358608e0/element/f.5CD39E9E148DD78EE9637CED8D1CCE22.d.5AC2D684C8FFD2FC065F7B801D7DE7DC.e.1119/click - {}
COMMAND: POST /session/db38a2fdbd7897a07519334e358608e0/element - {"using":"xpath","value":"//*[@id=\"backBtn\"]"}
RESULT: {"using":"xpath","value":"//*[@id=\"backBtn\"]"}
COMMAND: POST /session/db38a2fdbd7897a07519334e358608e0/element/f.5CD39E9E148DD78EE9637CED8D1CCE22.d.5AC2D684C8FFD2FC065F7B801D7DE7DC.e.1300/click - {}
RESULT: {}
COMMAND: GET /session/db38a2fdbd7897a07519334e358608e0/screenshot - {}
RESULT: {}
]]></system-out>
    </testcase>
    <testcase classname="chrome.136_0_7103_49.windows.Sanity_Tests_US104253" name="Should open Planning Board page" time="37.551">
      <system-out><![CDATA[
COMMAND: POST /session/db38a2fdbd7897a07519334e358608e0/execute/async - {"script":"<script> [1562 bytes]","args":[{"selector":{"controlType":"sap.m.GenericTile","properties":{"header":"Planning Board"}},"wdio_ui5_key":"sapm.GenericTile{\"header\":\"Planning Board\"}"}]}
RESULT: {"script":"<script> [1562 bytes]","args":[{"selector":{"controlType":"sap.m.GenericTile","properties":{"header":"Planning Board"}},"wdio_ui5_key":"sapm.GenericTile{\"header\":\"Planning Board\"}"}]}
RESULT: undefined
COMMAND: POST /session/db38a2fdbd7897a07519334e358608e0/element - {"using":"xpath","value":"//*[@id=\"__tile133\"]"}
RESULT: {"using":"xpath","value":"//*[@id=\"__tile133\"]"}
COMMAND: POST /session/db38a2fdbd7897a07519334e358608e0/element/f.5CD39E9E148DD78EE9637CED8D1CCE22.d.5AC2D684C8FFD2FC065F7B801D7DE7DC.e.1302/click - {}
RESULT: {}
COMMAND: GET /session/db38a2fdbd7897a07519334e358608e0/screenshot - {}
RESULT: {}
COMMAND: POST /session/db38a2fdbd7897a07519334e358608e0/elements - {"using":"xpath","value":"//span[text()='Error']"}
RESULT: {"using":"xpath","value":"//span[text()='Error']"}
RESULT: undefined
COMMAND: POST /session/db38a2fdbd7897a07519334e358608e0/element - {"using":"xpath","value":"//*[@id=\"__tile133\"]"}
RESULT: {"using":"xpath","value":"//*[@id=\"__tile133\"]"}
COMMAND: POST /session/db38a2fdbd7897a07519334e358608e0/element/f.5CD39E9E148DD78EE9637CED8D1CCE22.d.5AC2D684C8FFD2FC065F7B801D7DE7DC.e.1302/click - {}
RESULT: undefined
COMMAND: POST /session/db38a2fdbd7897a07519334e358608e0/element - {"using":"xpath","value":"//*[@id=\"__tile133\"]"}
RESULT: {"using":"xpath","value":"//*[@id=\"__tile133\"]"}
COMMAND: POST /session/db38a2fdbd7897a07519334e358608e0/element/f.5CD39E9E148DD78EE9637CED8D1CCE22.d.5AC2D684C8FFD2FC065F7B801D7DE7DC.e.1302/click - {}
RESULT: undefined
COMMAND: POST /session/db38a2fdbd7897a07519334e358608e0/execute/async - {"script":"<script> [6424 bytes]","args":[{"element-6066-11e4-a52e-4f735466cecf":"f.5CD39E9E148DD78EE9637CED8D1CCE22.d.5AC2D684C8FFD2FC065F7B801D7DE7DC.e.234"},"getTitle",[]]}
COMMAND: POST /session/db38a2fdbd7897a07519334e358608e0/execute/async - {"script":"<script> [1562 bytes]","args":[{"selector":{"id":"shellAppTitle"},"wdio_ui5_key":"shellAppTitle"}]}
RESULT: {"script":"<script> [1562 bytes]","args":[{"selector":{"id":"shellAppTitle"},"wdio_ui5_key":"shellAppTitle"}]}
COMMAND: POST /session/db38a2fdbd7897a07519334e358608e0/execute/async - {"script":"<script> [6424 bytes]","args":[{"element-6066-11e4-a52e-4f735466cecf":"f.5CD39E9E148DD78EE9637CED8D1CCE22.d.5AC2D684C8FFD2FC065F7B801D7DE7DC.e.1347"},"getTitle",[]]}
RESULT: {"script":"<script> [6424 bytes]","args":[{"element-6066-11e4-a52e-4f735466cecf":"f.5CD39E9E148DD78EE9637CED8D1CCE22.d.5AC2D684C8FFD2FC065F7B801D7DE7DC.e.1347"},"getTitle",[]]}
RESULT: undefined
COMMAND: POST /session/db38a2fdbd7897a07519334e358608e0/element/f.5CD39E9E148DD78EE9637CED8D1CCE22.d.5AC2D684C8FFD2FC065F7B801D7DE7DC.e.1300/click - {}
COMMAND: POST /session/db38a2fdbd7897a07519334e358608e0/element/f.5CD39E9E148DD78EE9637CED8D1CCE22.d.5AC2D684C8FFD2FC065F7B801D7DE7DC.e.1300/click - {}
RESULT: {}
COMMAND: GET /session/db38a2fdbd7897a07519334e358608e0/screenshot - {}
COMMAND: POST /session/db38a2fdbd7897a07519334e358608e0/element - {"using":"xpath","value":"//*[@id=\"backBtn\"]"}
RESULT: {}
RESULT: {"using":"xpath","value":"//*[@id=\"backBtn\"]"}
COMMAND: POST /session/db38a2fdbd7897a07519334e358608e0/elements - {"using":"xpath","value":"//*[@id=\"backBtn\"]"}
RESULT: {"using":"xpath","value":"//*[@id=\"backBtn\"]"}
COMMAND: POST /session/db38a2fdbd7897a07519334e358608e0/elements - {"using":"xpath","value":"//*[@id=\"backBtn\"]"}
RESULT: {"using":"xpath","value":"//*[@id=\"backBtn\"]"}
COMMAND: POST /session/db38a2fdbd7897a07519334e358608e0/elements - {"using":"xpath","value":"//*[@id=\"backBtn\"]"}
RESULT: {"using":"xpath","value":"//*[@id=\"backBtn\"]"}
COMMAND: POST /session/db38a2fdbd7897a07519334e358608e0/elements - {"using":"xpath","value":"//*[@id=\"backBtn\"]"}
RESULT: {"using":"xpath","value":"//*[@id=\"backBtn\"]"}
COMMAND: POST /session/db38a2fdbd7897a07519334e358608e0/elements - {"using":"xpath","value":"//*[@id=\"backBtn\"]"}
RESULT: {"using":"xpath","value":"//*[@id=\"backBtn\"]"}
COMMAND: POST /session/db38a2fdbd7897a07519334e358608e0/elements - {"using":"xpath","value":"//*[@id=\"backBtn\"]"}
RESULT: {"using":"xpath","value":"//*[@id=\"backBtn\"]"}
COMMAND: POST /session/db38a2fdbd7897a07519334e358608e0/elements - {"using":"xpath","value":"//*[@id=\"backBtn\"]"}
RESULT: {"using":"xpath","value":"//*[@id=\"backBtn\"]"}
COMMAND: POST /session/db38a2fdbd7897a07519334e358608e0/elements - {"using":"xpath","value":"//*[@id=\"backBtn\"]"}
RESULT: {"using":"xpath","value":"//*[@id=\"backBtn\"]"}
COMMAND: POST /session/db38a2fdbd7897a07519334e358608e0/elements - {"using":"xpath","value":"//*[@id=\"backBtn\"]"}
RESULT: {"using":"xpath","value":"//*[@id=\"backBtn\"]"}
COMMAND: POST /session/db38a2fdbd7897a07519334e358608e0/elements - {"using":"xpath","value":"//*[@id=\"backBtn\"]"}
RESULT: {"using":"xpath","value":"//*[@id=\"backBtn\"]"}
COMMAND: POST /session/db38a2fdbd7897a07519334e358608e0/elements - {"using":"xpath","value":"//*[@id=\"backBtn\"]"}
RESULT: {"using":"xpath","value":"//*[@id=\"backBtn\"]"}
COMMAND: POST /session/db38a2fdbd7897a07519334e358608e0/elements - {"using":"xpath","value":"//*[@id=\"backBtn\"]"}
RESULT: {"using":"xpath","value":"//*[@id=\"backBtn\"]"}
COMMAND: POST /session/db38a2fdbd7897a07519334e358608e0/elements - {"using":"xpath","value":"//*[@id=\"backBtn\"]"}
RESULT: {"using":"xpath","value":"//*[@id=\"backBtn\"]"}
COMMAND: POST /session/db38a2fdbd7897a07519334e358608e0/elements - {"using":"xpath","value":"//*[@id=\"backBtn\"]"}
RESULT: {"using":"xpath","value":"//*[@id=\"backBtn\"]"}
COMMAND: POST /session/db38a2fdbd7897a07519334e358608e0/elements - {"using":"xpath","value":"//*[@id=\"backBtn\"]"}
RESULT: {"using":"xpath","value":"//*[@id=\"backBtn\"]"}
COMMAND: POST /session/db38a2fdbd7897a07519334e358608e0/elements - {"using":"xpath","value":"//*[@id=\"backBtn\"]"}
RESULT: {"using":"xpath","value":"//*[@id=\"backBtn\"]"}
COMMAND: POST /session/db38a2fdbd7897a07519334e358608e0/elements - {"using":"xpath","value":"//*[@id=\"backBtn\"]"}
RESULT: {"using":"xpath","value":"//*[@id=\"backBtn\"]"}
COMMAND: POST /session/db38a2fdbd7897a07519334e358608e0/elements - {"using":"xpath","value":"//*[@id=\"backBtn\"]"}
RESULT: {"using":"xpath","value":"//*[@id=\"backBtn\"]"}
COMMAND: POST /session/db38a2fdbd7897a07519334e358608e0/elements - {"using":"xpath","value":"//*[@id=\"backBtn\"]"}
]]></system-out>
    </testcase>
    <testcase classname="chrome.136_0_7103_49.windows.Sanity_Tests_US104253" name="Should open Manage Contracts page" time="48.906">
      <system-out><![CDATA[
RESULT: {"using":"xpath","value":"//*[@id=\"backBtn\"]"}
COMMAND: POST /session/db38a2fdbd7897a07519334e358608e0/execute/async - {"script":"<script> [1562 bytes]","args":[{"selector":{"controlType":"sap.m.GenericTile","properties":{"header":"Manage Contracts"}},"wdio_ui5_key":"sapm.GenericTile{\"header\":\"Manage Contracts\"}"}]}
RESULT: {"script":"<script> [1562 bytes]","args":[{"selector":{"controlType":"sap.m.GenericTile","properties":{"header":"Manage Contracts"}},"wdio_ui5_key":"sapm.GenericTile{\"header\":\"Manage Contracts\"}"}]}
RESULT: undefined
COMMAND: POST /session/db38a2fdbd7897a07519334e358608e0/element - {"using":"xpath","value":"//*[@id=\"__tile130\"]"}
COMMAND: POST /session/db38a2fdbd7897a07519334e358608e0/elements - {"using":"xpath","value":"//*[@id=\"backBtn\"]"}
RESULT: {"using":"xpath","value":"//*[@id=\"__tile130\"]"}
COMMAND: POST /session/db38a2fdbd7897a07519334e358608e0/element/f.5CD39E9E148DD78EE9637CED8D1CCE22.d.5AC2D684C8FFD2FC065F7B801D7DE7DC.e.1349/click - {}
RESULT: {"using":"xpath","value":"//*[@id=\"backBtn\"]"}
RESULT: {}
COMMAND: GET /session/db38a2fdbd7897a07519334e358608e0/screenshot - {}
RESULT: {}
COMMAND: POST /session/db38a2fdbd7897a07519334e358608e0/elements - {"using":"xpath","value":"//*[@id=\"backBtn\"]"}
RESULT: {"using":"xpath","value":"//*[@id=\"backBtn\"]"}
COMMAND: POST /session/db38a2fdbd7897a07519334e358608e0/elements - {"using":"xpath","value":"//*[@id=\"backBtn\"]"}
RESULT: {"using":"xpath","value":"//*[@id=\"backBtn\"]"}
COMMAND: POST /session/db38a2fdbd7897a07519334e358608e0/elements - {"using":"xpath","value":"//*[@id=\"backBtn\"]"}
RESULT: {"using":"xpath","value":"//*[@id=\"backBtn\"]"}
COMMAND: POST /session/db38a2fdbd7897a07519334e358608e0/elements - {"using":"xpath","value":"//*[@id=\"backBtn\"]"}
RESULT: {"using":"xpath","value":"//*[@id=\"backBtn\"]"}
COMMAND: POST /session/db38a2fdbd7897a07519334e358608e0/element - {"using":"xpath","value":"//*[@id=\"backBtn\"]"}
COMMAND: POST /session/db38a2fdbd7897a07519334e358608e0/elements - {"using":"xpath","value":"//span[text()='Error']"}
RESULT: {"using":"xpath","value":"//*[@id=\"backBtn\"]"}
COMMAND: POST /session/db38a2fdbd7897a07519334e358608e0/element/f.5CD39E9E148DD78EE9637CED8D1CCE22.d.5AC2D684C8FFD2FC065F7B801D7DE7DC.e.1300/click - {}
RESULT: {"using":"xpath","value":"//span[text()='Error']"}
COMMAND: POST /session/db38a2fdbd7897a07519334e358608e0/element - {"using":"xpath","value":"//*[@id=\"backBtn\"]"}
RESULT: {"using":"xpath","value":"//*[@id=\"backBtn\"]"}
COMMAND: POST /session/db38a2fdbd7897a07519334e358608e0/element/f.5CD39E9E148DD78EE9637CED8D1CCE22.d.5AC2D684C8FFD2FC065F7B801D7DE7DC.e.1351/click - {}
RESULT: {}
COMMAND: GET /session/db38a2fdbd7897a07519334e358608e0/screenshot - {}
RESULT: {}
RESULT: undefined
COMMAND: POST /session/db38a2fdbd7897a07519334e358608e0/element - {"using":"xpath","value":"//*[@id=\"__tile130\"]"}
RESULT: {"using":"xpath","value":"//*[@id=\"__tile130\"]"}
COMMAND: POST /session/db38a2fdbd7897a07519334e358608e0/element/f.5CD39E9E148DD78EE9637CED8D1CCE22.d.5AC2D684C8FFD2FC065F7B801D7DE7DC.e.1349/click - {}
RESULT: {}
RESULT: undefined
COMMAND: POST /session/db38a2fdbd7897a07519334e358608e0/element - {"using":"xpath","value":"//*[@id=\"__tile130\"]"}
COMMAND: GET /session/db38a2fdbd7897a07519334e358608e0/screenshot - {}
RESULT: {"using":"xpath","value":"//*[@id=\"__tile130\"]"}
COMMAND: POST /session/db38a2fdbd7897a07519334e358608e0/element/f.5CD39E9E148DD78EE9637CED8D1CCE22.d.5AC2D684C8FFD2FC065F7B801D7DE7DC.e.1349/click - {}
RESULT: {}
RESULT: undefined
COMMAND: POST /session/db38a2fdbd7897a07519334e358608e0/execute/async - {"script":"<script> [6424 bytes]","args":[{"element-6066-11e4-a52e-4f735466cecf":"f.5CD39E9E148DD78EE9637CED8D1CCE22.d.5AC2D684C8FFD2FC065F7B801D7DE7DC.e.234"},"getTitle",[]]}
COMMAND: POST /session/db38a2fdbd7897a07519334e358608e0/execute/async - {"script":"<script> [1562 bytes]","args":[{"selector":{"id":"shellAppTitle"},"wdio_ui5_key":"shellAppTitle"}]}
RESULT: {"script":"<script> [1562 bytes]","args":[{"selector":{"id":"shellAppTitle"},"wdio_ui5_key":"shellAppTitle"}]}
COMMAND: POST /session/db38a2fdbd7897a07519334e358608e0/execute/async - {"script":"<script> [6424 bytes]","args":[{"element-6066-11e4-a52e-4f735466cecf":"f.5CD39E9E148DD78EE9637CED8D1CCE22.d.5AC2D684C8FFD2FC065F7B801D7DE7DC.e.1417"},"getTitle",[]]}
RESULT: {"script":"<script> [6424 bytes]","args":[{"element-6066-11e4-a52e-4f735466cecf":"f.5CD39E9E148DD78EE9637CED8D1CCE22.d.5AC2D684C8FFD2FC065F7B801D7DE7DC.e.1417"},"getTitle",[]]}
RESULT: undefined
COMMAND: POST /session/db38a2fdbd7897a07519334e358608e0/element/f.5CD39E9E148DD78EE9637CED8D1CCE22.d.5AC2D684C8FFD2FC065F7B801D7DE7DC.e.1351/click - {}
RESULT: {}
COMMAND: GET /session/db38a2fdbd7897a07519334e358608e0/screenshot - {}
RESULT: {}
]]></system-out>
    </testcase>
    <testcase classname="chrome.136_0_7103_49.windows.Sanity_Tests_US104253" name="Should open Manage Quotations page" time="36.54">
      <system-out><![CDATA[
COMMAND: POST /session/db38a2fdbd7897a07519334e358608e0/execute/async - {"script":"<script> [1562 bytes]","args":[{"selector":{"controlType":"sap.m.GenericTile","properties":{"header":"Manage Quotations"}},"wdio_ui5_key":"sapm.GenericTile{\"header\":\"Manage Quotations\"}"}]}
RESULT: {"script":"<script> [1562 bytes]","args":[{"selector":{"controlType":"sap.m.GenericTile","properties":{"header":"Manage Quotations"}},"wdio_ui5_key":"sapm.GenericTile{\"header\":\"Manage Quotations\"}"}]}
RESULT: undefined
COMMAND: POST /session/db38a2fdbd7897a07519334e358608e0/element - {"using":"xpath","value":"//*[@id=\"__tile131\"]"}
RESULT: {"using":"xpath","value":"//*[@id=\"__tile131\"]"}
COMMAND: POST /session/db38a2fdbd7897a07519334e358608e0/element/f.5CD39E9E148DD78EE9637CED8D1CCE22.d.5AC2D684C8FFD2FC065F7B801D7DE7DC.e.1419/click - {}
RESULT: {}
COMMAND: GET /session/db38a2fdbd7897a07519334e358608e0/screenshot - {}
RESULT: {}
COMMAND: POST /session/db38a2fdbd7897a07519334e358608e0/elements - {"using":"xpath","value":"//span[text()='Error']"}
RESULT: {"using":"xpath","value":"//span[text()='Error']"}
RESULT: undefined
COMMAND: POST /session/db38a2fdbd7897a07519334e358608e0/element - {"using":"xpath","value":"//*[@id=\"__tile131\"]"}
RESULT: {"using":"xpath","value":"//*[@id=\"__tile131\"]"}
COMMAND: POST /session/db38a2fdbd7897a07519334e358608e0/element/f.5CD39E9E148DD78EE9637CED8D1CCE22.d.5AC2D684C8FFD2FC065F7B801D7DE7DC.e.1419/click - {}
RESULT: undefined
COMMAND: POST /session/db38a2fdbd7897a07519334e358608e0/element - {"using":"xpath","value":"//*[@id=\"__tile131\"]"}
RESULT: {"using":"xpath","value":"//*[@id=\"__tile131\"]"}
COMMAND: POST /session/db38a2fdbd7897a07519334e358608e0/element/f.5CD39E9E148DD78EE9637CED8D1CCE22.d.5AC2D684C8FFD2FC065F7B801D7DE7DC.e.1419/click - {}
RESULT: undefined
COMMAND: POST /session/db38a2fdbd7897a07519334e358608e0/execute/async - {"script":"<script> [6424 bytes]","args":[{"element-6066-11e4-a52e-4f735466cecf":"f.5CD39E9E148DD78EE9637CED8D1CCE22.d.5AC2D684C8FFD2FC065F7B801D7DE7DC.e.234"},"getTitle",[]]}
COMMAND: POST /session/db38a2fdbd7897a07519334e358608e0/execute/async - {"script":"<script> [1562 bytes]","args":[{"selector":{"id":"shellAppTitle"},"wdio_ui5_key":"shellAppTitle"}]}
RESULT: {"script":"<script> [1562 bytes]","args":[{"selector":{"id":"shellAppTitle"},"wdio_ui5_key":"shellAppTitle"}]}
COMMAND: POST /session/db38a2fdbd7897a07519334e358608e0/execute/async - {"script":"<script> [6424 bytes]","args":[{"element-6066-11e4-a52e-4f735466cecf":"f.5CD39E9E148DD78EE9637CED8D1CCE22.d.5AC2D684C8FFD2FC065F7B801D7DE7DC.e.1623"},"getTitle",[]]}
RESULT: {"script":"<script> [6424 bytes]","args":[{"element-6066-11e4-a52e-4f735466cecf":"f.5CD39E9E148DD78EE9637CED8D1CCE22.d.5AC2D684C8FFD2FC065F7B801D7DE7DC.e.1623"},"getTitle",[]]}
RESULT: undefined
COMMAND: POST /session/db38a2fdbd7897a07519334e358608e0/element/f.5CD39E9E148DD78EE9637CED8D1CCE22.d.5AC2D684C8FFD2FC065F7B801D7DE7DC.e.1351/click - {}
COMMAND: POST /session/db38a2fdbd7897a07519334e358608e0/element - {"using":"xpath","value":"//*[@id=\"backBtn\"]"}
RESULT: {"using":"xpath","value":"//*[@id=\"backBtn\"]"}
COMMAND: POST /session/db38a2fdbd7897a07519334e358608e0/element/f.5CD39E9E148DD78EE9637CED8D1CCE22.d.5AC2D684C8FFD2FC065F7B801D7DE7DC.e.1351/click - {}
COMMAND: POST /session/db38a2fdbd7897a07519334e358608e0/element - {"using":"xpath","value":"//*[@id=\"backBtn\"]"}
RESULT: {"using":"xpath","value":"//*[@id=\"backBtn\"]"}
COMMAND: POST /session/db38a2fdbd7897a07519334e358608e0/element/f.5CD39E9E148DD78EE9637CED8D1CCE22.d.5AC2D684C8FFD2FC065F7B801D7DE7DC.e.1624/click - {}
RESULT: {}
COMMAND: GET /session/db38a2fdbd7897a07519334e358608e0/screenshot - {}
RESULT: {}
]]></system-out>
    </testcase>
    <testcase classname="chrome.136_0_7103_49.windows.Sanity_Tests_US104253" name="Should open Manage Handovers page" time="38.48">
      <system-out><![CDATA[
COMMAND: POST /session/db38a2fdbd7897a07519334e358608e0/execute/async - {"script":"<script> [1562 bytes]","args":[{"selector":{"controlType":"sap.m.GenericTile","properties":{"header":"Manage Handovers"}},"wdio_ui5_key":"sapm.GenericTile{\"header\":\"Manage Handovers\"}"}]}
RESULT: {"script":"<script> [1562 bytes]","args":[{"selector":{"controlType":"sap.m.GenericTile","properties":{"header":"Manage Handovers"}},"wdio_ui5_key":"sapm.GenericTile{\"header\":\"Manage Handovers\"}"}]}
RESULT: undefined
COMMAND: POST /session/db38a2fdbd7897a07519334e358608e0/element - {"using":"xpath","value":"//*[@id=\"__tile132\"]"}
RESULT: {"using":"xpath","value":"//*[@id=\"__tile132\"]"}
COMMAND: POST /session/db38a2fdbd7897a07519334e358608e0/element/f.5CD39E9E148DD78EE9637CED8D1CCE22.d.5AC2D684C8FFD2FC065F7B801D7DE7DC.e.1626/click - {}
RESULT: {}
COMMAND: GET /session/db38a2fdbd7897a07519334e358608e0/screenshot - {}
RESULT: {}
COMMAND: POST /session/db38a2fdbd7897a07519334e358608e0/elements - {"using":"xpath","value":"//span[text()='Error']"}
RESULT: {"using":"xpath","value":"//span[text()='Error']"}
RESULT: undefined
COMMAND: POST /session/db38a2fdbd7897a07519334e358608e0/element - {"using":"xpath","value":"//*[@id=\"__tile132\"]"}
RESULT: {"using":"xpath","value":"//*[@id=\"__tile132\"]"}
COMMAND: POST /session/db38a2fdbd7897a07519334e358608e0/element/f.5CD39E9E148DD78EE9637CED8D1CCE22.d.5AC2D684C8FFD2FC065F7B801D7DE7DC.e.1626/click - {}
RESULT: undefined
COMMAND: POST /session/db38a2fdbd7897a07519334e358608e0/element - {"using":"xpath","value":"//*[@id=\"__tile132\"]"}
RESULT: {"using":"xpath","value":"//*[@id=\"__tile132\"]"}
COMMAND: POST /session/db38a2fdbd7897a07519334e358608e0/element/f.5CD39E9E148DD78EE9637CED8D1CCE22.d.5AC2D684C8FFD2FC065F7B801D7DE7DC.e.1626/click - {}
RESULT: undefined
COMMAND: POST /session/db38a2fdbd7897a07519334e358608e0/execute/async - {"script":"<script> [6424 bytes]","args":[{"element-6066-11e4-a52e-4f735466cecf":"f.5CD39E9E148DD78EE9637CED8D1CCE22.d.5AC2D684C8FFD2FC065F7B801D7DE7DC.e.234"},"getTitle",[]]}
COMMAND: POST /session/db38a2fdbd7897a07519334e358608e0/execute/async - {"script":"<script> [1562 bytes]","args":[{"selector":{"id":"shellAppTitle"},"wdio_ui5_key":"shellAppTitle"}]}
RESULT: {"script":"<script> [1562 bytes]","args":[{"selector":{"id":"shellAppTitle"},"wdio_ui5_key":"shellAppTitle"}]}
COMMAND: POST /session/db38a2fdbd7897a07519334e358608e0/execute/async - {"script":"<script> [6424 bytes]","args":[{"element-6066-11e4-a52e-4f735466cecf":"f.5CD39E9E148DD78EE9637CED8D1CCE22.d.5AC2D684C8FFD2FC065F7B801D7DE7DC.e.1725"},"getTitle",[]]}
RESULT: {"script":"<script> [6424 bytes]","args":[{"element-6066-11e4-a52e-4f735466cecf":"f.5CD39E9E148DD78EE9637CED8D1CCE22.d.5AC2D684C8FFD2FC065F7B801D7DE7DC.e.1725"},"getTitle",[]]}
RESULT: undefined
COMMAND: POST /session/db38a2fdbd7897a07519334e358608e0/element/f.5CD39E9E148DD78EE9637CED8D1CCE22.d.5AC2D684C8FFD2FC065F7B801D7DE7DC.e.1624/click - {}
RESULT: {}
COMMAND: GET /session/db38a2fdbd7897a07519334e358608e0/screenshot - {}
RESULT: {}
]]></system-out>
    </testcase>
    <testcase classname="chrome.136_0_7103_49.windows.Sanity_Tests_US104253" name="Should open Delivery Monitor page" time="36.457">
      <system-out><![CDATA[
COMMAND: POST /session/db38a2fdbd7897a07519334e358608e0/execute/async - {"script":"<script> [1562 bytes]","args":[{"selector":{"controlType":"sap.m.GenericTile","properties":{"header":"Delivery Monitor"}},"wdio_ui5_key":"sapm.GenericTile{\"header\":\"Delivery Monitor\"}"}]}
RESULT: {"script":"<script> [1562 bytes]","args":[{"selector":{"controlType":"sap.m.GenericTile","properties":{"header":"Delivery Monitor"}},"wdio_ui5_key":"sapm.GenericTile{\"header\":\"Delivery Monitor\"}"}]}
RESULT: undefined
COMMAND: POST /session/db38a2fdbd7897a07519334e358608e0/element - {"using":"xpath","value":"//*[@id=\"__tile43\"]"}
RESULT: {"using":"xpath","value":"//*[@id=\"__tile43\"]"}
COMMAND: POST /session/db38a2fdbd7897a07519334e358608e0/element/f.5CD39E9E148DD78EE9637CED8D1CCE22.d.5AC2D684C8FFD2FC065F7B801D7DE7DC.e.1727/click - {}
RESULT: {}
COMMAND: GET /session/db38a2fdbd7897a07519334e358608e0/screenshot - {}
RESULT: {}
COMMAND: POST /session/db38a2fdbd7897a07519334e358608e0/elements - {"using":"xpath","value":"//span[text()='Error']"}
RESULT: {"using":"xpath","value":"//span[text()='Error']"}
RESULT: undefined
COMMAND: POST /session/db38a2fdbd7897a07519334e358608e0/element - {"using":"xpath","value":"//*[@id=\"__tile43\"]"}
RESULT: {"using":"xpath","value":"//*[@id=\"__tile43\"]"}
COMMAND: POST /session/db38a2fdbd7897a07519334e358608e0/element/f.5CD39E9E148DD78EE9637CED8D1CCE22.d.5AC2D684C8FFD2FC065F7B801D7DE7DC.e.1727/click - {}
RESULT: undefined
COMMAND: POST /session/db38a2fdbd7897a07519334e358608e0/element - {"using":"xpath","value":"//*[@id=\"__tile43\"]"}
RESULT: {"using":"xpath","value":"//*[@id=\"__tile43\"]"}
COMMAND: POST /session/db38a2fdbd7897a07519334e358608e0/element/f.5CD39E9E148DD78EE9637CED8D1CCE22.d.5AC2D684C8FFD2FC065F7B801D7DE7DC.e.1727/click - {}
RESULT: undefined
COMMAND: POST /session/db38a2fdbd7897a07519334e358608e0/execute/async - {"script":"<script> [6424 bytes]","args":[{"element-6066-11e4-a52e-4f735466cecf":"f.5CD39E9E148DD78EE9637CED8D1CCE22.d.5AC2D684C8FFD2FC065F7B801D7DE7DC.e.234"},"getTitle",[]]}
COMMAND: POST /session/db38a2fdbd7897a07519334e358608e0/execute/async - {"script":"<script> [1562 bytes]","args":[{"selector":{"id":"shellAppTitle"},"wdio_ui5_key":"shellAppTitle"}]}
RESULT: {"script":"<script> [1562 bytes]","args":[{"selector":{"id":"shellAppTitle"},"wdio_ui5_key":"shellAppTitle"}]}
COMMAND: POST /session/db38a2fdbd7897a07519334e358608e0/execute/async - {"script":"<script> [6424 bytes]","args":[{"element-6066-11e4-a52e-4f735466cecf":"f.5CD39E9E148DD78EE9637CED8D1CCE22.d.5AC2D684C8FFD2FC065F7B801D7DE7DC.e.1831"},"getTitle",[]]}
RESULT: {"script":"<script> [6424 bytes]","args":[{"element-6066-11e4-a52e-4f735466cecf":"f.5CD39E9E148DD78EE9637CED8D1CCE22.d.5AC2D684C8FFD2FC065F7B801D7DE7DC.e.1831"},"getTitle",[]]}
RESULT: undefined
COMMAND: POST /session/db38a2fdbd7897a07519334e358608e0/element/f.5CD39E9E148DD78EE9637CED8D1CCE22.d.5AC2D684C8FFD2FC065F7B801D7DE7DC.e.1624/click - {}
COMMAND: POST /session/db38a2fdbd7897a07519334e358608e0/element - {"using":"xpath","value":"//*[@id=\"backBtn\"]"}
RESULT: {"using":"xpath","value":"//*[@id=\"backBtn\"]"}
COMMAND: POST /session/db38a2fdbd7897a07519334e358608e0/element/f.5CD39E9E148DD78EE9637CED8D1CCE22.d.5AC2D684C8FFD2FC065F7B801D7DE7DC.e.1624/click - {}
COMMAND: POST /session/db38a2fdbd7897a07519334e358608e0/element - {"using":"xpath","value":"//*[@id=\"backBtn\"]"}
RESULT: {"using":"xpath","value":"//*[@id=\"backBtn\"]"}
COMMAND: POST /session/db38a2fdbd7897a07519334e358608e0/element/f.5CD39E9E148DD78EE9637CED8D1CCE22.d.5AC2D684C8FFD2FC065F7B801D7DE7DC.e.1832/click - {}
RESULT: {}
COMMAND: GET /session/db38a2fdbd7897a07519334e358608e0/screenshot - {}
RESULT: {}
]]></system-out>
    </testcase>
    <testcase classname="chrome.136_0_7103_49.windows.Sanity_Tests_US104253" name="Should open Manage Calendar Exceptions page" time="36.365">
      <system-out><![CDATA[
COMMAND: POST /session/db38a2fdbd7897a07519334e358608e0/execute/async - {"script":"<script> [1562 bytes]","args":[{"selector":{"controlType":"sap.m.GenericTile","properties":{"header":"Manage Calendar Exceptions"}},"wdio_ui5_key":"sapm.GenericTile{\"header\":\"Manage Calendar Exceptions\"}"}]}
RESULT: {"script":"<script> [1562 bytes]","args":[{"selector":{"controlType":"sap.m.GenericTile","properties":{"header":"Manage Calendar Exceptions"}},"wdio_ui5_key":"sapm.GenericTile{\"header\":\"Manage Calendar Exceptions\"}"}]}
RESULT: undefined
COMMAND: POST /session/db38a2fdbd7897a07519334e358608e0/element - {"using":"xpath","value":"//*[@id=\"__tile52\"]"}
RESULT: {"using":"xpath","value":"//*[@id=\"__tile52\"]"}
COMMAND: POST /session/db38a2fdbd7897a07519334e358608e0/element/f.5CD39E9E148DD78EE9637CED8D1CCE22.d.5AC2D684C8FFD2FC065F7B801D7DE7DC.e.1834/click - {}
RESULT: {}
COMMAND: GET /session/db38a2fdbd7897a07519334e358608e0/screenshot - {}
RESULT: {}
COMMAND: POST /session/db38a2fdbd7897a07519334e358608e0/elements - {"using":"xpath","value":"//span[text()='Error']"}
RESULT: {"using":"xpath","value":"//span[text()='Error']"}
RESULT: undefined
COMMAND: POST /session/db38a2fdbd7897a07519334e358608e0/element - {"using":"xpath","value":"//*[@id=\"__tile52\"]"}
RESULT: {"using":"xpath","value":"//*[@id=\"__tile52\"]"}
COMMAND: POST /session/db38a2fdbd7897a07519334e358608e0/element/f.5CD39E9E148DD78EE9637CED8D1CCE22.d.5AC2D684C8FFD2FC065F7B801D7DE7DC.e.1834/click - {}
RESULT: undefined
COMMAND: POST /session/db38a2fdbd7897a07519334e358608e0/element - {"using":"xpath","value":"//*[@id=\"__tile52\"]"}
RESULT: {"using":"xpath","value":"//*[@id=\"__tile52\"]"}
COMMAND: POST /session/db38a2fdbd7897a07519334e358608e0/element/f.5CD39E9E148DD78EE9637CED8D1CCE22.d.5AC2D684C8FFD2FC065F7B801D7DE7DC.e.1834/click - {}
RESULT: undefined
COMMAND: POST /session/db38a2fdbd7897a07519334e358608e0/execute/async - {"script":"<script> [6424 bytes]","args":[{"element-6066-11e4-a52e-4f735466cecf":"f.5CD39E9E148DD78EE9637CED8D1CCE22.d.5AC2D684C8FFD2FC065F7B801D7DE7DC.e.234"},"getTitle",[]]}
COMMAND: POST /session/db38a2fdbd7897a07519334e358608e0/execute/async - {"script":"<script> [1562 bytes]","args":[{"selector":{"id":"shellAppTitle"},"wdio_ui5_key":"shellAppTitle"}]}
RESULT: {"script":"<script> [1562 bytes]","args":[{"selector":{"id":"shellAppTitle"},"wdio_ui5_key":"shellAppTitle"}]}
COMMAND: POST /session/db38a2fdbd7897a07519334e358608e0/execute/async - {"script":"<script> [6424 bytes]","args":[{"element-6066-11e4-a52e-4f735466cecf":"f.5CD39E9E148DD78EE9637CED8D1CCE22.d.5AC2D684C8FFD2FC065F7B801D7DE7DC.e.1900"},"getTitle",[]]}
RESULT: {"script":"<script> [6424 bytes]","args":[{"element-6066-11e4-a52e-4f735466cecf":"f.5CD39E9E148DD78EE9637CED8D1CCE22.d.5AC2D684C8FFD2FC065F7B801D7DE7DC.e.1900"},"getTitle",[]]}
RESULT: undefined
COMMAND: POST /session/db38a2fdbd7897a07519334e358608e0/element/f.5CD39E9E148DD78EE9637CED8D1CCE22.d.5AC2D684C8FFD2FC065F7B801D7DE7DC.e.1832/click - {}
RESULT: {}
COMMAND: GET /session/db38a2fdbd7897a07519334e358608e0/screenshot - {}
RESULT: {}
]]></system-out>
    </testcase>
    <testcase classname="chrome.136_0_7103_49.windows.Sanity_Tests_US104253" name="Should open Manage States Performance page" time="38.148">
      <system-out><![CDATA[
COMMAND: POST /session/db38a2fdbd7897a07519334e358608e0/execute/async - {"script":"<script> [1562 bytes]","args":[{"selector":{"controlType":"sap.m.GenericTile","properties":{"header":"Manage States & Performance"}},"wdio_ui5_key":"sapm.GenericTile{\"header\":\"Manage States & Performance\"}"}]}
RESULT: {"script":"<script> [1562 bytes]","args":[{"selector":{"controlType":"sap.m.GenericTile","properties":{"header":"Manage States & Performance"}},"wdio_ui5_key":"sapm.GenericTile{\"header\":\"Manage States & Performance\"}"}]}
RESULT: undefined
COMMAND: POST /session/db38a2fdbd7897a07519334e358608e0/element - {"using":"xpath","value":"//*[@id=\"__tile56\"]"}
RESULT: {"using":"xpath","value":"//*[@id=\"__tile56\"]"}
COMMAND: POST /session/db38a2fdbd7897a07519334e358608e0/element/f.5CD39E9E148DD78EE9637CED8D1CCE22.d.5AC2D684C8FFD2FC065F7B801D7DE7DC.e.1904/click - {}
RESULT: {}
COMMAND: GET /session/db38a2fdbd7897a07519334e358608e0/screenshot - {}
RESULT: {}
COMMAND: POST /session/db38a2fdbd7897a07519334e358608e0/elements - {"using":"xpath","value":"//span[text()='Error']"}
RESULT: {"using":"xpath","value":"//span[text()='Error']"}
RESULT: undefined
COMMAND: POST /session/db38a2fdbd7897a07519334e358608e0/element - {"using":"xpath","value":"//*[@id=\"__tile56\"]"}
RESULT: {"using":"xpath","value":"//*[@id=\"__tile56\"]"}
COMMAND: POST /session/db38a2fdbd7897a07519334e358608e0/element/f.5CD39E9E148DD78EE9637CED8D1CCE22.d.5AC2D684C8FFD2FC065F7B801D7DE7DC.e.1904/click - {}
RESULT: undefined
COMMAND: POST /session/db38a2fdbd7897a07519334e358608e0/element - {"using":"xpath","value":"//*[@id=\"__tile56\"]"}
RESULT: {"using":"xpath","value":"//*[@id=\"__tile56\"]"}
COMMAND: POST /session/db38a2fdbd7897a07519334e358608e0/element/f.5CD39E9E148DD78EE9637CED8D1CCE22.d.5AC2D684C8FFD2FC065F7B801D7DE7DC.e.1904/click - {}
RESULT: undefined
COMMAND: POST /session/db38a2fdbd7897a07519334e358608e0/execute/async - {"script":"<script> [6424 bytes]","args":[{"element-6066-11e4-a52e-4f735466cecf":"f.5CD39E9E148DD78EE9637CED8D1CCE22.d.5AC2D684C8FFD2FC065F7B801D7DE7DC.e.234"},"getTitle",[]]}
COMMAND: POST /session/db38a2fdbd7897a07519334e358608e0/execute/async - {"script":"<script> [1562 bytes]","args":[{"selector":{"id":"shellAppTitle"},"wdio_ui5_key":"shellAppTitle"}]}
RESULT: {"script":"<script> [1562 bytes]","args":[{"selector":{"id":"shellAppTitle"},"wdio_ui5_key":"shellAppTitle"}]}
COMMAND: POST /session/db38a2fdbd7897a07519334e358608e0/execute/async - {"script":"<script> [6424 bytes]","args":[{"element-6066-11e4-a52e-4f735466cecf":"f.5CD39E9E148DD78EE9637CED8D1CCE22.d.5AC2D684C8FFD2FC065F7B801D7DE7DC.e.2006"},"getTitle",[]]}
RESULT: {"script":"<script> [6424 bytes]","args":[{"element-6066-11e4-a52e-4f735466cecf":"f.5CD39E9E148DD78EE9637CED8D1CCE22.d.5AC2D684C8FFD2FC065F7B801D7DE7DC.e.2006"},"getTitle",[]]}
RESULT: undefined
COMMAND: POST /session/db38a2fdbd7897a07519334e358608e0/element/f.5CD39E9E148DD78EE9637CED8D1CCE22.d.5AC2D684C8FFD2FC065F7B801D7DE7DC.e.1832/click - {}
COMMAND: POST /session/db38a2fdbd7897a07519334e358608e0/element - {"using":"xpath","value":"//*[@id=\"backBtn\"]"}
RESULT: {"using":"xpath","value":"//*[@id=\"backBtn\"]"}
COMMAND: POST /session/db38a2fdbd7897a07519334e358608e0/element/f.5CD39E9E148DD78EE9637CED8D1CCE22.d.5AC2D684C8FFD2FC065F7B801D7DE7DC.e.1832/click - {}
COMMAND: POST /session/db38a2fdbd7897a07519334e358608e0/element - {"using":"xpath","value":"//*[@id=\"backBtn\"]"}
RESULT: {"using":"xpath","value":"//*[@id=\"backBtn\"]"}
COMMAND: POST /session/db38a2fdbd7897a07519334e358608e0/element/f.5CD39E9E148DD78EE9637CED8D1CCE22.d.5AC2D684C8FFD2FC065F7B801D7DE7DC.e.2007/click - {}
RESULT: {}
COMMAND: GET /session/db38a2fdbd7897a07519334e358608e0/screenshot - {}
RESULT: {}
]]></system-out>
    </testcase>
    <testcase classname="chrome.136_0_7103_49.windows.Sanity_Tests_US104253" name="Should open Manage Billings page" time="38.659">
      <system-out><![CDATA[
COMMAND: POST /session/db38a2fdbd7897a07519334e358608e0/execute/async - {"script":"<script> [1562 bytes]","args":[{"selector":{"controlType":"sap.m.GenericTile","properties":{"header":"Manage Billings"}},"wdio_ui5_key":"sapm.GenericTile{\"header\":\"Manage Billings\"}"}]}
RESULT: {"script":"<script> [1562 bytes]","args":[{"selector":{"controlType":"sap.m.GenericTile","properties":{"header":"Manage Billings"}},"wdio_ui5_key":"sapm.GenericTile{\"header\":\"Manage Billings\"}"}]}
RESULT: undefined
COMMAND: POST /session/db38a2fdbd7897a07519334e358608e0/element - {"using":"xpath","value":"//*[@id=\"__tile51\"]"}
RESULT: {"using":"xpath","value":"//*[@id=\"__tile51\"]"}
COMMAND: POST /session/db38a2fdbd7897a07519334e358608e0/element/f.5CD39E9E148DD78EE9637CED8D1CCE22.d.5AC2D684C8FFD2FC065F7B801D7DE7DC.e.2009/click - {}
RESULT: {}
COMMAND: GET /session/db38a2fdbd7897a07519334e358608e0/screenshot - {}
RESULT: {}
COMMAND: POST /session/db38a2fdbd7897a07519334e358608e0/elements - {"using":"xpath","value":"//span[text()='Error']"}
RESULT: {"using":"xpath","value":"//span[text()='Error']"}
RESULT: undefined
COMMAND: POST /session/db38a2fdbd7897a07519334e358608e0/element - {"using":"xpath","value":"//*[@id=\"__tile51\"]"}
RESULT: {"using":"xpath","value":"//*[@id=\"__tile51\"]"}
COMMAND: POST /session/db38a2fdbd7897a07519334e358608e0/element/f.5CD39E9E148DD78EE9637CED8D1CCE22.d.5AC2D684C8FFD2FC065F7B801D7DE7DC.e.2009/click - {}
RESULT: undefined
COMMAND: POST /session/db38a2fdbd7897a07519334e358608e0/element - {"using":"xpath","value":"//*[@id=\"__tile51\"]"}
RESULT: {"using":"xpath","value":"//*[@id=\"__tile51\"]"}
COMMAND: POST /session/db38a2fdbd7897a07519334e358608e0/element/f.5CD39E9E148DD78EE9637CED8D1CCE22.d.5AC2D684C8FFD2FC065F7B801D7DE7DC.e.2009/click - {}
RESULT: undefined
COMMAND: POST /session/db38a2fdbd7897a07519334e358608e0/execute/async - {"script":"<script> [6424 bytes]","args":[{"element-6066-11e4-a52e-4f735466cecf":"f.5CD39E9E148DD78EE9637CED8D1CCE22.d.5AC2D684C8FFD2FC065F7B801D7DE7DC.e.234"},"getTitle",[]]}
COMMAND: POST /session/db38a2fdbd7897a07519334e358608e0/execute/async - {"script":"<script> [1562 bytes]","args":[{"selector":{"id":"shellAppTitle"},"wdio_ui5_key":"shellAppTitle"}]}
RESULT: {"script":"<script> [1562 bytes]","args":[{"selector":{"id":"shellAppTitle"},"wdio_ui5_key":"shellAppTitle"}]}
COMMAND: POST /session/db38a2fdbd7897a07519334e358608e0/execute/async - {"script":"<script> [6424 bytes]","args":[{"element-6066-11e4-a52e-4f735466cecf":"f.5CD39E9E148DD78EE9637CED8D1CCE22.d.5AC2D684C8FFD2FC065F7B801D7DE7DC.e.2182"},"getTitle",[]]}
RESULT: {"script":"<script> [6424 bytes]","args":[{"element-6066-11e4-a52e-4f735466cecf":"f.5CD39E9E148DD78EE9637CED8D1CCE22.d.5AC2D684C8FFD2FC065F7B801D7DE7DC.e.2182"},"getTitle",[]]}
RESULT: undefined
COMMAND: POST /session/db38a2fdbd7897a07519334e358608e0/element/f.5CD39E9E148DD78EE9637CED8D1CCE22.d.5AC2D684C8FFD2FC065F7B801D7DE7DC.e.2007/click - {}
COMMAND: POST /session/db38a2fdbd7897a07519334e358608e0/element/f.5CD39E9E148DD78EE9637CED8D1CCE22.d.5AC2D684C8FFD2FC065F7B801D7DE7DC.e.2007/click - {}
RESULT: {}
COMMAND: GET /session/db38a2fdbd7897a07519334e358608e0/screenshot - {}
COMMAND: POST /session/db38a2fdbd7897a07519334e358608e0/element - {"using":"xpath","value":"//*[@id=\"backBtn\"]"}
RESULT: {}
RESULT: {"using":"xpath","value":"//*[@id=\"backBtn\"]"}
COMMAND: POST /session/db38a2fdbd7897a07519334e358608e0/elements - {"using":"xpath","value":"//*[@id=\"backBtn\"]"}
RESULT: {"using":"xpath","value":"//*[@id=\"backBtn\"]"}
COMMAND: POST /session/db38a2fdbd7897a07519334e358608e0/elements - {"using":"xpath","value":"//*[@id=\"backBtn\"]"}
RESULT: {"using":"xpath","value":"//*[@id=\"backBtn\"]"}
COMMAND: POST /session/db38a2fdbd7897a07519334e358608e0/elements - {"using":"xpath","value":"//*[@id=\"backBtn\"]"}
RESULT: {"using":"xpath","value":"//*[@id=\"backBtn\"]"}
COMMAND: POST /session/db38a2fdbd7897a07519334e358608e0/elements - {"using":"xpath","value":"//*[@id=\"backBtn\"]"}
RESULT: {"using":"xpath","value":"//*[@id=\"backBtn\"]"}
COMMAND: POST /session/db38a2fdbd7897a07519334e358608e0/elements - {"using":"xpath","value":"//*[@id=\"backBtn\"]"}
RESULT: {"using":"xpath","value":"//*[@id=\"backBtn\"]"}
COMMAND: POST /session/db38a2fdbd7897a07519334e358608e0/elements - {"using":"xpath","value":"//*[@id=\"backBtn\"]"}
RESULT: {"using":"xpath","value":"//*[@id=\"backBtn\"]"}
COMMAND: POST /session/db38a2fdbd7897a07519334e358608e0/elements - {"using":"xpath","value":"//*[@id=\"backBtn\"]"}
RESULT: {"using":"xpath","value":"//*[@id=\"backBtn\"]"}
COMMAND: POST /session/db38a2fdbd7897a07519334e358608e0/elements - {"using":"xpath","value":"//*[@id=\"backBtn\"]"}
RESULT: {"using":"xpath","value":"//*[@id=\"backBtn\"]"}
COMMAND: POST /session/db38a2fdbd7897a07519334e358608e0/elements - {"using":"xpath","value":"//*[@id=\"backBtn\"]"}
RESULT: {"using":"xpath","value":"//*[@id=\"backBtn\"]"}
COMMAND: POST /session/db38a2fdbd7897a07519334e358608e0/elements - {"using":"xpath","value":"//*[@id=\"backBtn\"]"}
RESULT: {"using":"xpath","value":"//*[@id=\"backBtn\"]"}
COMMAND: POST /session/db38a2fdbd7897a07519334e358608e0/elements - {"using":"xpath","value":"//*[@id=\"backBtn\"]"}
RESULT: {"using":"xpath","value":"//*[@id=\"backBtn\"]"}
COMMAND: POST /session/db38a2fdbd7897a07519334e358608e0/elements - {"using":"xpath","value":"//*[@id=\"backBtn\"]"}
RESULT: {"using":"xpath","value":"//*[@id=\"backBtn\"]"}
COMMAND: POST /session/db38a2fdbd7897a07519334e358608e0/elements - {"using":"xpath","value":"//*[@id=\"backBtn\"]"}
RESULT: {"using":"xpath","value":"//*[@id=\"backBtn\"]"}
COMMAND: POST /session/db38a2fdbd7897a07519334e358608e0/elements - {"using":"xpath","value":"//*[@id=\"backBtn\"]"}
RESULT: {"using":"xpath","value":"//*[@id=\"backBtn\"]"}
COMMAND: POST /session/db38a2fdbd7897a07519334e358608e0/elements - {"using":"xpath","value":"//*[@id=\"backBtn\"]"}
RESULT: {"using":"xpath","value":"//*[@id=\"backBtn\"]"}
COMMAND: POST /session/db38a2fdbd7897a07519334e358608e0/elements - {"using":"xpath","value":"//*[@id=\"backBtn\"]"}
RESULT: {"using":"xpath","value":"//*[@id=\"backBtn\"]"}
]]></system-out>
    </testcase>
    <testcase classname="chrome.136_0_7103_49.windows.Sanity_Tests_US104253" name="Should open Manage Conditions Prices page" time="46.534">
      <system-out><![CDATA[
COMMAND: POST /session/db38a2fdbd7897a07519334e358608e0/execute/async - {"script":"<script> [1562 bytes]","args":[{"selector":{"controlType":"sap.m.GenericTile","properties":{"header":"Manage Conditions & Prices"}},"wdio_ui5_key":"sapm.GenericTile{\"header\":\"Manage Conditions & Prices\"}"}]}
COMMAND: POST /session/db38a2fdbd7897a07519334e358608e0/elements - {"using":"xpath","value":"//*[@id=\"backBtn\"]"}
RESULT: {"script":"<script> [1562 bytes]","args":[{"selector":{"controlType":"sap.m.GenericTile","properties":{"header":"Manage Conditions & Prices"}},"wdio_ui5_key":"sapm.GenericTile{\"header\":\"Manage Conditions & Prices\"}"}]}
RESULT: undefined
COMMAND: POST /session/db38a2fdbd7897a07519334e358608e0/element - {"using":"xpath","value":"//*[@id=\"__tile53\"]"}
RESULT: {"using":"xpath","value":"//*[@id=\"backBtn\"]"}
COMMAND: POST /session/db38a2fdbd7897a07519334e358608e0/elements - {"using":"xpath","value":"//*[@id=\"backBtn\"]"}
RESULT: {"using":"xpath","value":"//*[@id=\"__tile53\"]"}
COMMAND: POST /session/db38a2fdbd7897a07519334e358608e0/element/f.5CD39E9E148DD78EE9637CED8D1CCE22.d.5AC2D684C8FFD2FC065F7B801D7DE7DC.e.2184/click - {}
RESULT: {"using":"xpath","value":"//*[@id=\"backBtn\"]"}
COMMAND: POST /session/db38a2fdbd7897a07519334e358608e0/elements - {"using":"xpath","value":"//*[@id=\"backBtn\"]"}
RESULT: {}
COMMAND: GET /session/db38a2fdbd7897a07519334e358608e0/screenshot - {}
RESULT: {"using":"xpath","value":"//*[@id=\"backBtn\"]"}
RESULT: {}
COMMAND: POST /session/db38a2fdbd7897a07519334e358608e0/elements - {"using":"xpath","value":"//*[@id=\"backBtn\"]"}
RESULT: {"using":"xpath","value":"//*[@id=\"backBtn\"]"}
COMMAND: POST /session/db38a2fdbd7897a07519334e358608e0/elements - {"using":"xpath","value":"//*[@id=\"backBtn\"]"}
RESULT: {"using":"xpath","value":"//*[@id=\"backBtn\"]"}
COMMAND: POST /session/db38a2fdbd7897a07519334e358608e0/elements - {"using":"xpath","value":"//*[@id=\"backBtn\"]"}
COMMAND: POST /session/db38a2fdbd7897a07519334e358608e0/elements - {"using":"xpath","value":"//span[text()='Error']"}
RESULT: {"using":"xpath","value":"//*[@id=\"backBtn\"]"}
COMMAND: POST /session/db38a2fdbd7897a07519334e358608e0/element - {"using":"xpath","value":"//*[@id=\"backBtn\"]"}
RESULT: {"using":"xpath","value":"//span[text()='Error']"}
RESULT: {"using":"xpath","value":"//*[@id=\"backBtn\"]"}
COMMAND: POST /session/db38a2fdbd7897a07519334e358608e0/element/f.5CD39E9E148DD78EE9637CED8D1CCE22.d.5AC2D684C8FFD2FC065F7B801D7DE7DC.e.2007/click - {}
COMMAND: POST /session/db38a2fdbd7897a07519334e358608e0/element - {"using":"xpath","value":"//*[@id=\"backBtn\"]"}
RESULT: {"using":"xpath","value":"//*[@id=\"backBtn\"]"}
COMMAND: POST /session/db38a2fdbd7897a07519334e358608e0/element/f.5CD39E9E148DD78EE9637CED8D1CCE22.d.5AC2D684C8FFD2FC065F7B801D7DE7DC.e.2190/click - {}
RESULT: {}
COMMAND: GET /session/db38a2fdbd7897a07519334e358608e0/screenshot - {}
RESULT: {}
RESULT: undefined
COMMAND: POST /session/db38a2fdbd7897a07519334e358608e0/element - {"using":"xpath","value":"//*[@id=\"__tile53\"]"}
RESULT: {"using":"xpath","value":"//*[@id=\"__tile53\"]"}
COMMAND: POST /session/db38a2fdbd7897a07519334e358608e0/element/f.5CD39E9E148DD78EE9637CED8D1CCE22.d.5AC2D684C8FFD2FC065F7B801D7DE7DC.e.2184/click - {}
RESULT: {}
RESULT: undefined
COMMAND: POST /session/db38a2fdbd7897a07519334e358608e0/element - {"using":"xpath","value":"//*[@id=\"__tile53\"]"}
COMMAND: GET /session/db38a2fdbd7897a07519334e358608e0/screenshot - {}
RESULT: {"using":"xpath","value":"//*[@id=\"__tile53\"]"}
COMMAND: POST /session/db38a2fdbd7897a07519334e358608e0/element/f.5CD39E9E148DD78EE9637CED8D1CCE22.d.5AC2D684C8FFD2FC065F7B801D7DE7DC.e.2184/click - {}
RESULT: {}
RESULT: undefined
COMMAND: POST /session/db38a2fdbd7897a07519334e358608e0/execute/async - {"script":"<script> [6424 bytes]","args":[{"element-6066-11e4-a52e-4f735466cecf":"f.5CD39E9E148DD78EE9637CED8D1CCE22.d.5AC2D684C8FFD2FC065F7B801D7DE7DC.e.234"},"getTitle",[]]}
COMMAND: POST /session/db38a2fdbd7897a07519334e358608e0/execute/async - {"script":"<script> [1562 bytes]","args":[{"selector":{"id":"shellAppTitle"},"wdio_ui5_key":"shellAppTitle"}]}
RESULT: {"script":"<script> [1562 bytes]","args":[{"selector":{"id":"shellAppTitle"},"wdio_ui5_key":"shellAppTitle"}]}
COMMAND: POST /session/db38a2fdbd7897a07519334e358608e0/execute/async - {"script":"<script> [6424 bytes]","args":[{"element-6066-11e4-a52e-4f735466cecf":"f.5CD39E9E148DD78EE9637CED8D1CCE22.d.5AC2D684C8FFD2FC065F7B801D7DE7DC.e.2298"},"getTitle",[]]}
RESULT: {"script":"<script> [6424 bytes]","args":[{"element-6066-11e4-a52e-4f735466cecf":"f.5CD39E9E148DD78EE9637CED8D1CCE22.d.5AC2D684C8FFD2FC065F7B801D7DE7DC.e.2298"},"getTitle",[]]}
RESULT: undefined
COMMAND: POST /session/db38a2fdbd7897a07519334e358608e0/element/f.5CD39E9E148DD78EE9637CED8D1CCE22.d.5AC2D684C8FFD2FC065F7B801D7DE7DC.e.2190/click - {}
RESULT: {}
COMMAND: GET /session/db38a2fdbd7897a07519334e358608e0/screenshot - {}
RESULT: {}
]]></system-out>
    </testcase>
    <testcase classname="chrome.136_0_7103_49.windows.Sanity_Tests_US104253" name="Should open Billing Transfer page" time="38.709">
      <system-out><![CDATA[
COMMAND: POST /session/db38a2fdbd7897a07519334e358608e0/execute/async - {"script":"<script> [1562 bytes]","args":[{"selector":{"controlType":"sap.m.GenericTile","properties":{"header":"Billing Transfer"}},"wdio_ui5_key":"sapm.GenericTile{\"header\":\"Billing Transfer\"}"}]}
RESULT: {"script":"<script> [1562 bytes]","args":[{"selector":{"controlType":"sap.m.GenericTile","properties":{"header":"Billing Transfer"}},"wdio_ui5_key":"sapm.GenericTile{\"header\":\"Billing Transfer\"}"}]}
RESULT: undefined
COMMAND: POST /session/db38a2fdbd7897a07519334e358608e0/element - {"using":"xpath","value":"//*[@id=\"__tile50\"]"}
RESULT: {"using":"xpath","value":"//*[@id=\"__tile50\"]"}
COMMAND: POST /session/db38a2fdbd7897a07519334e358608e0/element/f.5CD39E9E148DD78EE9637CED8D1CCE22.d.5AC2D684C8FFD2FC065F7B801D7DE7DC.e.2300/click - {}
RESULT: {}
COMMAND: GET /session/db38a2fdbd7897a07519334e358608e0/screenshot - {}
RESULT: {}
COMMAND: POST /session/db38a2fdbd7897a07519334e358608e0/elements - {"using":"xpath","value":"//span[text()='Error']"}
RESULT: {"using":"xpath","value":"//span[text()='Error']"}
RESULT: undefined
COMMAND: POST /session/db38a2fdbd7897a07519334e358608e0/element - {"using":"xpath","value":"//*[@id=\"__tile50\"]"}
RESULT: {"using":"xpath","value":"//*[@id=\"__tile50\"]"}
COMMAND: POST /session/db38a2fdbd7897a07519334e358608e0/element/f.5CD39E9E148DD78EE9637CED8D1CCE22.d.5AC2D684C8FFD2FC065F7B801D7DE7DC.e.2300/click - {}
RESULT: undefined
COMMAND: POST /session/db38a2fdbd7897a07519334e358608e0/element - {"using":"xpath","value":"//*[@id=\"__tile50\"]"}
RESULT: {"using":"xpath","value":"//*[@id=\"__tile50\"]"}
COMMAND: POST /session/db38a2fdbd7897a07519334e358608e0/element/f.5CD39E9E148DD78EE9637CED8D1CCE22.d.5AC2D684C8FFD2FC065F7B801D7DE7DC.e.2300/click - {}
RESULT: undefined
COMMAND: POST /session/db38a2fdbd7897a07519334e358608e0/execute/async - {"script":"<script> [6424 bytes]","args":[{"element-6066-11e4-a52e-4f735466cecf":"f.5CD39E9E148DD78EE9637CED8D1CCE22.d.5AC2D684C8FFD2FC065F7B801D7DE7DC.e.234"},"getTitle",[]]}
COMMAND: POST /session/db38a2fdbd7897a07519334e358608e0/execute/async - {"script":"<script> [1562 bytes]","args":[{"selector":{"id":"shellAppTitle"},"wdio_ui5_key":"shellAppTitle"}]}
RESULT: {"script":"<script> [1562 bytes]","args":[{"selector":{"id":"shellAppTitle"},"wdio_ui5_key":"shellAppTitle"}]}
COMMAND: POST /session/db38a2fdbd7897a07519334e358608e0/execute/async - {"script":"<script> [6424 bytes]","args":[{"element-6066-11e4-a52e-4f735466cecf":"f.5CD39E9E148DD78EE9637CED8D1CCE22.d.5AC2D684C8FFD2FC065F7B801D7DE7DC.e.2381"},"getTitle",[]]}
RESULT: {"script":"<script> [6424 bytes]","args":[{"element-6066-11e4-a52e-4f735466cecf":"f.5CD39E9E148DD78EE9637CED8D1CCE22.d.5AC2D684C8FFD2FC065F7B801D7DE7DC.e.2381"},"getTitle",[]]}
RESULT: undefined
COMMAND: POST /session/db38a2fdbd7897a07519334e358608e0/element/f.5CD39E9E148DD78EE9637CED8D1CCE22.d.5AC2D684C8FFD2FC065F7B801D7DE7DC.e.2190/click - {}
COMMAND: POST /session/db38a2fdbd7897a07519334e358608e0/element - {"using":"xpath","value":"//*[@id=\"backBtn\"]"}
RESULT: {"using":"xpath","value":"//*[@id=\"backBtn\"]"}
COMMAND: POST /session/db38a2fdbd7897a07519334e358608e0/element/f.5CD39E9E148DD78EE9637CED8D1CCE22.d.5AC2D684C8FFD2FC065F7B801D7DE7DC.e.2190/click - {}
COMMAND: POST /session/db38a2fdbd7897a07519334e358608e0/element - {"using":"xpath","value":"//*[@id=\"backBtn\"]"}
RESULT: {"using":"xpath","value":"//*[@id=\"backBtn\"]"}
COMMAND: POST /session/db38a2fdbd7897a07519334e358608e0/element/f.5CD39E9E148DD78EE9637CED8D1CCE22.d.5AC2D684C8FFD2FC065F7B801D7DE7DC.e.2382/click - {}
RESULT: {}
COMMAND: GET /session/db38a2fdbd7897a07519334e358608e0/screenshot - {}
RESULT: {}
]]></system-out>
    </testcase>
    <testcase classname="chrome.136_0_7103_49.windows.Sanity_Tests_US104253" name="Should open Manage Pricing Rules page" time="38.923">
      <system-out><![CDATA[
COMMAND: POST /session/db38a2fdbd7897a07519334e358608e0/execute/async - {"script":"<script> [1562 bytes]","args":[{"selector":{"controlType":"sap.m.GenericTile","properties":{"header":"Manage Pricing Rules"}},"wdio_ui5_key":"sapm.GenericTile{\"header\":\"Manage Pricing Rules\"}"}]}
RESULT: {"script":"<script> [1562 bytes]","args":[{"selector":{"controlType":"sap.m.GenericTile","properties":{"header":"Manage Pricing Rules"}},"wdio_ui5_key":"sapm.GenericTile{\"header\":\"Manage Pricing Rules\"}"}]}
RESULT: undefined
COMMAND: POST /session/db38a2fdbd7897a07519334e358608e0/element - {"using":"xpath","value":"//*[@id=\"__tile55\"]"}
RESULT: {"using":"xpath","value":"//*[@id=\"__tile55\"]"}
COMMAND: POST /session/db38a2fdbd7897a07519334e358608e0/element/f.5CD39E9E148DD78EE9637CED8D1CCE22.d.5AC2D684C8FFD2FC065F7B801D7DE7DC.e.2384/click - {}
RESULT: {}
COMMAND: GET /session/db38a2fdbd7897a07519334e358608e0/screenshot - {}
RESULT: {}
COMMAND: POST /session/db38a2fdbd7897a07519334e358608e0/elements - {"using":"xpath","value":"//span[text()='Error']"}
RESULT: {"using":"xpath","value":"//span[text()='Error']"}
RESULT: undefined
COMMAND: POST /session/db38a2fdbd7897a07519334e358608e0/element - {"using":"xpath","value":"//*[@id=\"__tile55\"]"}
RESULT: {"using":"xpath","value":"//*[@id=\"__tile55\"]"}
COMMAND: POST /session/db38a2fdbd7897a07519334e358608e0/element/f.5CD39E9E148DD78EE9637CED8D1CCE22.d.5AC2D684C8FFD2FC065F7B801D7DE7DC.e.2384/click - {}
RESULT: undefined
COMMAND: POST /session/db38a2fdbd7897a07519334e358608e0/element - {"using":"xpath","value":"//*[@id=\"__tile55\"]"}
RESULT: {"using":"xpath","value":"//*[@id=\"__tile55\"]"}
COMMAND: POST /session/db38a2fdbd7897a07519334e358608e0/element/f.5CD39E9E148DD78EE9637CED8D1CCE22.d.5AC2D684C8FFD2FC065F7B801D7DE7DC.e.2384/click - {}
RESULT: undefined
COMMAND: POST /session/db38a2fdbd7897a07519334e358608e0/execute/async - {"script":"<script> [6424 bytes]","args":[{"element-6066-11e4-a52e-4f735466cecf":"f.5CD39E9E148DD78EE9637CED8D1CCE22.d.5AC2D684C8FFD2FC065F7B801D7DE7DC.e.234"},"getTitle",[]]}
COMMAND: POST /session/db38a2fdbd7897a07519334e358608e0/execute/async - {"script":"<script> [1562 bytes]","args":[{"selector":{"id":"shellAppTitle"},"wdio_ui5_key":"shellAppTitle"}]}
RESULT: {"script":"<script> [1562 bytes]","args":[{"selector":{"id":"shellAppTitle"},"wdio_ui5_key":"shellAppTitle"}]}
COMMAND: POST /session/db38a2fdbd7897a07519334e358608e0/execute/async - {"script":"<script> [6424 bytes]","args":[{"element-6066-11e4-a52e-4f735466cecf":"f.5CD39E9E148DD78EE9637CED8D1CCE22.d.5AC2D684C8FFD2FC065F7B801D7DE7DC.e.2432"},"getTitle",[]]}
RESULT: {"script":"<script> [6424 bytes]","args":[{"element-6066-11e4-a52e-4f735466cecf":"f.5CD39E9E148DD78EE9637CED8D1CCE22.d.5AC2D684C8FFD2FC065F7B801D7DE7DC.e.2432"},"getTitle",[]]}
RESULT: undefined
COMMAND: POST /session/db38a2fdbd7897a07519334e358608e0/element/f.5CD39E9E148DD78EE9637CED8D1CCE22.d.5AC2D684C8FFD2FC065F7B801D7DE7DC.e.2382/click - {}
RESULT: {}
COMMAND: GET /session/db38a2fdbd7897a07519334e358608e0/screenshot - {}
RESULT: {}
]]></system-out>
    </testcase>
    <testcase classname="chrome.136_0_7103_49.windows.Sanity_Tests_US104253" name="Should open Manage Price Determination Matrices page" time="38.399">
      <system-out><![CDATA[
COMMAND: POST /session/db38a2fdbd7897a07519334e358608e0/execute/async - {"script":"<script> [1562 bytes]","args":[{"selector":{"controlType":"sap.m.GenericTile","properties":{"header":"Manage Price Determination Matrices"}},"wdio_ui5_key":"sapm.GenericTile{\"header\":\"Manage Price Determination Matrices\"}"}]}
RESULT: {"script":"<script> [1562 bytes]","args":[{"selector":{"controlType":"sap.m.GenericTile","properties":{"header":"Manage Price Determination Matrices"}},"wdio_ui5_key":"sapm.GenericTile{\"header\":\"Manage Price Determination Matrices\"}"}]}
RESULT: undefined
COMMAND: POST /session/db38a2fdbd7897a07519334e358608e0/element - {"using":"xpath","value":"//*[@id=\"__tile54\"]"}
RESULT: {"using":"xpath","value":"//*[@id=\"__tile54\"]"}
COMMAND: POST /session/db38a2fdbd7897a07519334e358608e0/element/f.5CD39E9E148DD78EE9637CED8D1CCE22.d.5AC2D684C8FFD2FC065F7B801D7DE7DC.e.2434/click - {}
RESULT: {}
COMMAND: GET /session/db38a2fdbd7897a07519334e358608e0/screenshot - {}
RESULT: {}
COMMAND: POST /session/db38a2fdbd7897a07519334e358608e0/elements - {"using":"xpath","value":"//span[text()='Error']"}
RESULT: {"using":"xpath","value":"//span[text()='Error']"}
RESULT: undefined
COMMAND: POST /session/db38a2fdbd7897a07519334e358608e0/element - {"using":"xpath","value":"//*[@id=\"__tile54\"]"}
RESULT: {"using":"xpath","value":"//*[@id=\"__tile54\"]"}
COMMAND: POST /session/db38a2fdbd7897a07519334e358608e0/element/f.5CD39E9E148DD78EE9637CED8D1CCE22.d.5AC2D684C8FFD2FC065F7B801D7DE7DC.e.2434/click - {}
RESULT: undefined
COMMAND: POST /session/db38a2fdbd7897a07519334e358608e0/element - {"using":"xpath","value":"//*[@id=\"__tile54\"]"}
RESULT: {"using":"xpath","value":"//*[@id=\"__tile54\"]"}
COMMAND: POST /session/db38a2fdbd7897a07519334e358608e0/element/f.5CD39E9E148DD78EE9637CED8D1CCE22.d.5AC2D684C8FFD2FC065F7B801D7DE7DC.e.2434/click - {}
RESULT: undefined
COMMAND: POST /session/db38a2fdbd7897a07519334e358608e0/execute/async - {"script":"<script> [6424 bytes]","args":[{"element-6066-11e4-a52e-4f735466cecf":"f.5CD39E9E148DD78EE9637CED8D1CCE22.d.5AC2D684C8FFD2FC065F7B801D7DE7DC.e.234"},"getTitle",[]]}
COMMAND: POST /session/db38a2fdbd7897a07519334e358608e0/execute/async - {"script":"<script> [1562 bytes]","args":[{"selector":{"id":"shellAppTitle"},"wdio_ui5_key":"shellAppTitle"}]}
RESULT: {"script":"<script> [1562 bytes]","args":[{"selector":{"id":"shellAppTitle"},"wdio_ui5_key":"shellAppTitle"}]}
COMMAND: POST /session/db38a2fdbd7897a07519334e358608e0/execute/async - {"script":"<script> [6424 bytes]","args":[{"element-6066-11e4-a52e-4f735466cecf":"f.5CD39E9E148DD78EE9637CED8D1CCE22.d.5AC2D684C8FFD2FC065F7B801D7DE7DC.e.2530"},"getTitle",[]]}
RESULT: {"script":"<script> [6424 bytes]","args":[{"element-6066-11e4-a52e-4f735466cecf":"f.5CD39E9E148DD78EE9637CED8D1CCE22.d.5AC2D684C8FFD2FC065F7B801D7DE7DC.e.2530"},"getTitle",[]]}
RESULT: undefined
COMMAND: POST /session/db38a2fdbd7897a07519334e358608e0/element/f.5CD39E9E148DD78EE9637CED8D1CCE22.d.5AC2D684C8FFD2FC065F7B801D7DE7DC.e.2382/click - {}
COMMAND: POST /session/db38a2fdbd7897a07519334e358608e0/element - {"using":"xpath","value":"//*[@id=\"backBtn\"]"}
RESULT: {"using":"xpath","value":"//*[@id=\"backBtn\"]"}
COMMAND: POST /session/db38a2fdbd7897a07519334e358608e0/element/f.5CD39E9E148DD78EE9637CED8D1CCE22.d.5AC2D684C8FFD2FC065F7B801D7DE7DC.e.2382/click - {}
COMMAND: POST /session/db38a2fdbd7897a07519334e358608e0/element - {"using":"xpath","value":"//*[@id=\"backBtn\"]"}
RESULT: {"using":"xpath","value":"//*[@id=\"backBtn\"]"}
COMMAND: POST /session/db38a2fdbd7897a07519334e358608e0/element/f.5CD39E9E148DD78EE9637CED8D1CCE22.d.5AC2D684C8FFD2FC065F7B801D7DE7DC.e.2531/click - {}
RESULT: {}
COMMAND: GET /session/db38a2fdbd7897a07519334e358608e0/screenshot - {}
RESULT: {}
]]></system-out>
    </testcase>
    <testcase classname="chrome.136_0_7103_49.windows.Sanity_Tests_US104253" name="Should open Yard Overview page" time="38.469">
      <system-out><![CDATA[
COMMAND: POST /session/db38a2fdbd7897a07519334e358608e0/execute/async - {"script":"<script> [1562 bytes]","args":[{"selector":{"controlType":"sap.m.GenericTile","properties":{"header":"Yard Overview"}},"wdio_ui5_key":"sapm.GenericTile{\"header\":\"Yard Overview\"}"}]}
RESULT: {"script":"<script> [1562 bytes]","args":[{"selector":{"controlType":"sap.m.GenericTile","properties":{"header":"Yard Overview"}},"wdio_ui5_key":"sapm.GenericTile{\"header\":\"Yard Overview\"}"}]}
RESULT: undefined
COMMAND: POST /session/db38a2fdbd7897a07519334e358608e0/element - {"using":"xpath","value":"//*[@id=\"__tile102\"]"}
RESULT: {"using":"xpath","value":"//*[@id=\"__tile102\"]"}
COMMAND: POST /session/db38a2fdbd7897a07519334e358608e0/element/f.5CD39E9E148DD78EE9637CED8D1CCE22.d.5AC2D684C8FFD2FC065F7B801D7DE7DC.e.2533/click - {}
RESULT: {}
COMMAND: GET /session/db38a2fdbd7897a07519334e358608e0/screenshot - {}
RESULT: {}
COMMAND: POST /session/db38a2fdbd7897a07519334e358608e0/elements - {"using":"xpath","value":"//span[text()='Error']"}
RESULT: {"using":"xpath","value":"//span[text()='Error']"}
RESULT: undefined
COMMAND: POST /session/db38a2fdbd7897a07519334e358608e0/element - {"using":"xpath","value":"//*[@id=\"__tile102\"]"}
RESULT: {"using":"xpath","value":"//*[@id=\"__tile102\"]"}
COMMAND: POST /session/db38a2fdbd7897a07519334e358608e0/element/f.5CD39E9E148DD78EE9637CED8D1CCE22.d.5AC2D684C8FFD2FC065F7B801D7DE7DC.e.2533/click - {}
RESULT: undefined
COMMAND: POST /session/db38a2fdbd7897a07519334e358608e0/element - {"using":"xpath","value":"//*[@id=\"__tile102\"]"}
RESULT: {"using":"xpath","value":"//*[@id=\"__tile102\"]"}
COMMAND: POST /session/db38a2fdbd7897a07519334e358608e0/element/f.5CD39E9E148DD78EE9637CED8D1CCE22.d.5AC2D684C8FFD2FC065F7B801D7DE7DC.e.2533/click - {}
RESULT: undefined
COMMAND: POST /session/db38a2fdbd7897a07519334e358608e0/execute/async - {"script":"<script> [6424 bytes]","args":[{"element-6066-11e4-a52e-4f735466cecf":"f.5CD39E9E148DD78EE9637CED8D1CCE22.d.5AC2D684C8FFD2FC065F7B801D7DE7DC.e.234"},"getTitle",[]]}
COMMAND: POST /session/db38a2fdbd7897a07519334e358608e0/execute/async - {"script":"<script> [1562 bytes]","args":[{"selector":{"id":"shellAppTitle"},"wdio_ui5_key":"shellAppTitle"}]}
RESULT: {"script":"<script> [1562 bytes]","args":[{"selector":{"id":"shellAppTitle"},"wdio_ui5_key":"shellAppTitle"}]}
COMMAND: POST /session/db38a2fdbd7897a07519334e358608e0/execute/async - {"script":"<script> [6424 bytes]","args":[{"element-6066-11e4-a52e-4f735466cecf":"f.5CD39E9E148DD78EE9637CED8D1CCE22.d.5AC2D684C8FFD2FC065F7B801D7DE7DC.e.2592"},"getTitle",[]]}
RESULT: {"script":"<script> [6424 bytes]","args":[{"element-6066-11e4-a52e-4f735466cecf":"f.5CD39E9E148DD78EE9637CED8D1CCE22.d.5AC2D684C8FFD2FC065F7B801D7DE7DC.e.2592"},"getTitle",[]]}
RESULT: undefined
COMMAND: POST /session/db38a2fdbd7897a07519334e358608e0/element/f.5CD39E9E148DD78EE9637CED8D1CCE22.d.5AC2D684C8FFD2FC065F7B801D7DE7DC.e.2531/click - {}
RESULT: {}
COMMAND: GET /session/db38a2fdbd7897a07519334e358608e0/screenshot - {}
RESULT: {}
]]></system-out>
    </testcase>
    <testcase classname="chrome.136_0_7103_49.windows.Sanity_Tests_US104253" name="Should open Site Overview page" time="37.052">
      <system-out><![CDATA[
COMMAND: POST /session/db38a2fdbd7897a07519334e358608e0/execute/async - {"script":"<script> [1562 bytes]","args":[{"selector":{"controlType":"sap.m.GenericTile","properties":{"header":"Site Overview"}},"wdio_ui5_key":"sapm.GenericTile{\"header\":\"Site Overview\"}"}]}
RESULT: {"script":"<script> [1562 bytes]","args":[{"selector":{"controlType":"sap.m.GenericTile","properties":{"header":"Site Overview"}},"wdio_ui5_key":"sapm.GenericTile{\"header\":\"Site Overview\"}"}]}
RESULT: undefined
COMMAND: POST /session/db38a2fdbd7897a07519334e358608e0/element - {"using":"xpath","value":"//*[@id=\"__tile100\"]"}
RESULT: {"using":"xpath","value":"//*[@id=\"__tile100\"]"}
COMMAND: POST /session/db38a2fdbd7897a07519334e358608e0/element/f.5CD39E9E148DD78EE9637CED8D1CCE22.d.5AC2D684C8FFD2FC065F7B801D7DE7DC.e.2595/click - {}
RESULT: {}
COMMAND: GET /session/db38a2fdbd7897a07519334e358608e0/screenshot - {}
RESULT: {}
COMMAND: POST /session/db38a2fdbd7897a07519334e358608e0/elements - {"using":"xpath","value":"//span[text()='Error']"}
RESULT: {"using":"xpath","value":"//span[text()='Error']"}
RESULT: undefined
COMMAND: POST /session/db38a2fdbd7897a07519334e358608e0/element - {"using":"xpath","value":"//*[@id=\"__tile100\"]"}
RESULT: {"using":"xpath","value":"//*[@id=\"__tile100\"]"}
COMMAND: POST /session/db38a2fdbd7897a07519334e358608e0/element/f.5CD39E9E148DD78EE9637CED8D1CCE22.d.5AC2D684C8FFD2FC065F7B801D7DE7DC.e.2595/click - {}
RESULT: undefined
COMMAND: POST /session/db38a2fdbd7897a07519334e358608e0/element - {"using":"xpath","value":"//*[@id=\"__tile100\"]"}
RESULT: {"using":"xpath","value":"//*[@id=\"__tile100\"]"}
COMMAND: POST /session/db38a2fdbd7897a07519334e358608e0/element/f.5CD39E9E148DD78EE9637CED8D1CCE22.d.5AC2D684C8FFD2FC065F7B801D7DE7DC.e.2595/click - {}
RESULT: undefined
COMMAND: POST /session/db38a2fdbd7897a07519334e358608e0/execute/async - {"script":"<script> [6424 bytes]","args":[{"element-6066-11e4-a52e-4f735466cecf":"f.5CD39E9E148DD78EE9637CED8D1CCE22.d.5AC2D684C8FFD2FC065F7B801D7DE7DC.e.234"},"getTitle",[]]}
COMMAND: POST /session/db38a2fdbd7897a07519334e358608e0/execute/async - {"script":"<script> [1562 bytes]","args":[{"selector":{"id":"shellAppTitle"},"wdio_ui5_key":"shellAppTitle"}]}
RESULT: {"script":"<script> [1562 bytes]","args":[{"selector":{"id":"shellAppTitle"},"wdio_ui5_key":"shellAppTitle"}]}
COMMAND: POST /session/db38a2fdbd7897a07519334e358608e0/execute/async - {"script":"<script> [6424 bytes]","args":[{"element-6066-11e4-a52e-4f735466cecf":"f.5CD39E9E148DD78EE9637CED8D1CCE22.d.5AC2D684C8FFD2FC065F7B801D7DE7DC.e.2718"},"getTitle",[]]}
RESULT: {"script":"<script> [6424 bytes]","args":[{"element-6066-11e4-a52e-4f735466cecf":"f.5CD39E9E148DD78EE9637CED8D1CCE22.d.5AC2D684C8FFD2FC065F7B801D7DE7DC.e.2718"},"getTitle",[]]}
RESULT: undefined
COMMAND: POST /session/db38a2fdbd7897a07519334e358608e0/element/f.5CD39E9E148DD78EE9637CED8D1CCE22.d.5AC2D684C8FFD2FC065F7B801D7DE7DC.e.2531/click - {}
COMMAND: POST /session/db38a2fdbd7897a07519334e358608e0/element - {"using":"xpath","value":"//*[@id=\"backBtn\"]"}
RESULT: {"using":"xpath","value":"//*[@id=\"backBtn\"]"}
COMMAND: POST /session/db38a2fdbd7897a07519334e358608e0/element/f.5CD39E9E148DD78EE9637CED8D1CCE22.d.5AC2D684C8FFD2FC065F7B801D7DE7DC.e.2531/click - {}
COMMAND: POST /session/db38a2fdbd7897a07519334e358608e0/element - {"using":"xpath","value":"//*[@id=\"backBtn\"]"}
RESULT: {"using":"xpath","value":"//*[@id=\"backBtn\"]"}
COMMAND: POST /session/db38a2fdbd7897a07519334e358608e0/element/f.5CD39E9E148DD78EE9637CED8D1CCE22.d.5AC2D684C8FFD2FC065F7B801D7DE7DC.e.2719/click - {}
RESULT: {}
COMMAND: GET /session/db38a2fdbd7897a07519334e358608e0/screenshot - {}
RESULT: {}
]]></system-out>
    </testcase>
    <testcase classname="chrome.136_0_7103_49.windows.Sanity_Tests_US104253" name="Should open Trace Track Resources page" time="38.849">
      <system-out><![CDATA[
COMMAND: POST /session/db38a2fdbd7897a07519334e358608e0/execute/async - {"script":"<script> [1562 bytes]","args":[{"selector":{"controlType":"sap.m.GenericTile","properties":{"header":"Trace & Track Resources"}},"wdio_ui5_key":"sapm.GenericTile{\"header\":\"Trace & Track Resources\"}"}]}
RESULT: {"script":"<script> [1562 bytes]","args":[{"selector":{"controlType":"sap.m.GenericTile","properties":{"header":"Trace & Track Resources"}},"wdio_ui5_key":"sapm.GenericTile{\"header\":\"Trace & Track Resources\"}"}]}
RESULT: undefined
COMMAND: POST /session/db38a2fdbd7897a07519334e358608e0/element - {"using":"xpath","value":"//*[@id=\"__tile101\"]"}
RESULT: {"using":"xpath","value":"//*[@id=\"__tile101\"]"}
COMMAND: POST /session/db38a2fdbd7897a07519334e358608e0/element/f.5CD39E9E148DD78EE9637CED8D1CCE22.d.5AC2D684C8FFD2FC065F7B801D7DE7DC.e.2721/click - {}
RESULT: {}
COMMAND: GET /session/db38a2fdbd7897a07519334e358608e0/screenshot - {}
RESULT: {}
COMMAND: POST /session/db38a2fdbd7897a07519334e358608e0/elements - {"using":"xpath","value":"//span[text()='Error']"}
RESULT: {"using":"xpath","value":"//span[text()='Error']"}
RESULT: undefined
COMMAND: POST /session/db38a2fdbd7897a07519334e358608e0/element - {"using":"xpath","value":"//*[@id=\"__tile101\"]"}
RESULT: {"using":"xpath","value":"//*[@id=\"__tile101\"]"}
COMMAND: POST /session/db38a2fdbd7897a07519334e358608e0/element/f.5CD39E9E148DD78EE9637CED8D1CCE22.d.5AC2D684C8FFD2FC065F7B801D7DE7DC.e.2721/click - {}
RESULT: undefined
COMMAND: POST /session/db38a2fdbd7897a07519334e358608e0/element - {"using":"xpath","value":"//*[@id=\"__tile101\"]"}
RESULT: {"using":"xpath","value":"//*[@id=\"__tile101\"]"}
COMMAND: POST /session/db38a2fdbd7897a07519334e358608e0/element/f.5CD39E9E148DD78EE9637CED8D1CCE22.d.5AC2D684C8FFD2FC065F7B801D7DE7DC.e.2721/click - {}
RESULT: undefined
COMMAND: POST /session/db38a2fdbd7897a07519334e358608e0/execute/async - {"script":"<script> [6424 bytes]","args":[{"element-6066-11e4-a52e-4f735466cecf":"f.5CD39E9E148DD78EE9637CED8D1CCE22.d.5AC2D684C8FFD2FC065F7B801D7DE7DC.e.234"},"getTitle",[]]}
COMMAND: POST /session/db38a2fdbd7897a07519334e358608e0/execute/async - {"script":"<script> [1562 bytes]","args":[{"selector":{"id":"shellAppTitle"},"wdio_ui5_key":"shellAppTitle"}]}
RESULT: {"script":"<script> [1562 bytes]","args":[{"selector":{"id":"shellAppTitle"},"wdio_ui5_key":"shellAppTitle"}]}
COMMAND: POST /session/db38a2fdbd7897a07519334e358608e0/execute/async - {"script":"<script> [6424 bytes]","args":[{"element-6066-11e4-a52e-4f735466cecf":"f.5CD39E9E148DD78EE9637CED8D1CCE22.d.5AC2D684C8FFD2FC065F7B801D7DE7DC.e.2754"},"getTitle",[]]}
RESULT: {"script":"<script> [6424 bytes]","args":[{"element-6066-11e4-a52e-4f735466cecf":"f.5CD39E9E148DD78EE9637CED8D1CCE22.d.5AC2D684C8FFD2FC065F7B801D7DE7DC.e.2754"},"getTitle",[]]}
RESULT: undefined
COMMAND: POST /session/db38a2fdbd7897a07519334e358608e0/element/f.5CD39E9E148DD78EE9637CED8D1CCE22.d.5AC2D684C8FFD2FC065F7B801D7DE7DC.e.2719/click - {}
RESULT: {}
COMMAND: GET /session/db38a2fdbd7897a07519334e358608e0/screenshot - {}
RESULT: {}
]]></system-out>
    </testcase>
    <testcase classname="chrome.136_0_7103_49.windows.Sanity_Tests_US104253" name="Should open RU Inventory List page" time="41.694">
      <system-out><![CDATA[
COMMAND: POST /session/db38a2fdbd7897a07519334e358608e0/execute/async - {"script":"<script> [1562 bytes]","args":[{"selector":{"controlType":"sap.m.GenericTile","properties":{"header":"RU Inventory List"}},"wdio_ui5_key":"sapm.GenericTile{\"header\":\"RU Inventory List\"}"}]}
RESULT: {"script":"<script> [1562 bytes]","args":[{"selector":{"controlType":"sap.m.GenericTile","properties":{"header":"RU Inventory List"}},"wdio_ui5_key":"sapm.GenericTile{\"header\":\"RU Inventory List\"}"}]}
RESULT: undefined
COMMAND: POST /session/db38a2fdbd7897a07519334e358608e0/element - {"using":"xpath","value":"//*[@id=\"__tile99\"]"}
RESULT: {"using":"xpath","value":"//*[@id=\"__tile99\"]"}
COMMAND: POST /session/db38a2fdbd7897a07519334e358608e0/element/f.5CD39E9E148DD78EE9637CED8D1CCE22.d.5AC2D684C8FFD2FC065F7B801D7DE7DC.e.2756/click - {}
RESULT: {}
COMMAND: GET /session/db38a2fdbd7897a07519334e358608e0/screenshot - {}
RESULT: {}
COMMAND: POST /session/db38a2fdbd7897a07519334e358608e0/elements - {"using":"xpath","value":"//span[text()='Error']"}
RESULT: {"using":"xpath","value":"//span[text()='Error']"}
RESULT: undefined
COMMAND: POST /session/db38a2fdbd7897a07519334e358608e0/element - {"using":"xpath","value":"//*[@id=\"__tile99\"]"}
RESULT: {"using":"xpath","value":"//*[@id=\"__tile99\"]"}
COMMAND: POST /session/db38a2fdbd7897a07519334e358608e0/element/f.5CD39E9E148DD78EE9637CED8D1CCE22.d.5AC2D684C8FFD2FC065F7B801D7DE7DC.e.2756/click - {}
RESULT: undefined
COMMAND: POST /session/db38a2fdbd7897a07519334e358608e0/element - {"using":"xpath","value":"//*[@id=\"__tile99\"]"}
RESULT: {"using":"xpath","value":"//*[@id=\"__tile99\"]"}
COMMAND: POST /session/db38a2fdbd7897a07519334e358608e0/element/f.5CD39E9E148DD78EE9637CED8D1CCE22.d.5AC2D684C8FFD2FC065F7B801D7DE7DC.e.2756/click - {}
RESULT: undefined
COMMAND: POST /session/db38a2fdbd7897a07519334e358608e0/execute/async - {"script":"<script> [6424 bytes]","args":[{"element-6066-11e4-a52e-4f735466cecf":"f.5CD39E9E148DD78EE9637CED8D1CCE22.d.5AC2D684C8FFD2FC065F7B801D7DE7DC.e.234"},"getTitle",[]]}
COMMAND: POST /session/db38a2fdbd7897a07519334e358608e0/execute/async - {"script":"<script> [1562 bytes]","args":[{"selector":{"id":"shellAppTitle"},"wdio_ui5_key":"shellAppTitle"}]}
RESULT: {"script":"<script> [1562 bytes]","args":[{"selector":{"id":"shellAppTitle"},"wdio_ui5_key":"shellAppTitle"}]}
COMMAND: POST /session/db38a2fdbd7897a07519334e358608e0/execute/async - {"script":"<script> [6424 bytes]","args":[{"element-6066-11e4-a52e-4f735466cecf":"f.5CD39E9E148DD78EE9637CED8D1CCE22.d.5AC2D684C8FFD2FC065F7B801D7DE7DC.e.2959"},"getTitle",[]]}
RESULT: {"script":"<script> [6424 bytes]","args":[{"element-6066-11e4-a52e-4f735466cecf":"f.5CD39E9E148DD78EE9637CED8D1CCE22.d.5AC2D684C8FFD2FC065F7B801D7DE7DC.e.2959"},"getTitle",[]]}
RESULT: undefined
COMMAND: POST /session/db38a2fdbd7897a07519334e358608e0/element/f.5CD39E9E148DD78EE9637CED8D1CCE22.d.5AC2D684C8FFD2FC065F7B801D7DE7DC.e.2719/click - {}
COMMAND: POST /session/db38a2fdbd7897a07519334e358608e0/element - {"using":"xpath","value":"//*[@id=\"backBtn\"]"}
RESULT: {"using":"xpath","value":"//*[@id=\"backBtn\"]"}
COMMAND: POST /session/db38a2fdbd7897a07519334e358608e0/element/f.5CD39E9E148DD78EE9637CED8D1CCE22.d.5AC2D684C8FFD2FC065F7B801D7DE7DC.e.2719/click - {}
COMMAND: POST /session/db38a2fdbd7897a07519334e358608e0/element - {"using":"xpath","value":"//*[@id=\"backBtn\"]"}
RESULT: {"using":"xpath","value":"//*[@id=\"backBtn\"]"}
COMMAND: POST /session/db38a2fdbd7897a07519334e358608e0/element/f.5CD39E9E148DD78EE9637CED8D1CCE22.d.5AC2D684C8FFD2FC065F7B801D7DE7DC.e.2960/click - {}
RESULT: {}
COMMAND: GET /session/db38a2fdbd7897a07519334e358608e0/screenshot - {}
RESULT: {}
]]></system-out>
    </testcase>
    <testcase classname="chrome.136_0_7103_49.windows.Sanity_Tests_US104253" name="Should open Contracts Dashboard page" time="50.403">
      <system-out><![CDATA[
COMMAND: POST /session/db38a2fdbd7897a07519334e358608e0/execute/async - {"script":"<script> [1562 bytes]","args":[{"selector":{"controlType":"sap.m.GenericTile","properties":{"header":"Contracts Dashboard"}},"wdio_ui5_key":"sapm.GenericTile{\"header\":\"Contracts Dashboard\"}"}]}
RESULT: {"script":"<script> [1562 bytes]","args":[{"selector":{"controlType":"sap.m.GenericTile","properties":{"header":"Contracts Dashboard"}},"wdio_ui5_key":"sapm.GenericTile{\"header\":\"Contracts Dashboard\"}"}]}
RESULT: undefined
COMMAND: POST /session/db38a2fdbd7897a07519334e358608e0/element - {"using":"xpath","value":"//*[@id=\"__tile97\"]"}
RESULT: {"using":"xpath","value":"//*[@id=\"__tile97\"]"}
COMMAND: POST /session/db38a2fdbd7897a07519334e358608e0/element/f.5CD39E9E148DD78EE9637CED8D1CCE22.d.5AC2D684C8FFD2FC065F7B801D7DE7DC.e.2962/click - {}
RESULT: {}
COMMAND: GET /session/db38a2fdbd7897a07519334e358608e0/screenshot - {}
RESULT: {}
COMMAND: POST /session/db38a2fdbd7897a07519334e358608e0/elements - {"using":"xpath","value":"//span[text()='Error']"}
RESULT: {"using":"xpath","value":"//span[text()='Error']"}
RESULT: undefined
COMMAND: POST /session/db38a2fdbd7897a07519334e358608e0/element - {"using":"xpath","value":"//*[@id=\"__tile97\"]"}
RESULT: {"using":"xpath","value":"//*[@id=\"__tile97\"]"}
COMMAND: POST /session/db38a2fdbd7897a07519334e358608e0/element/f.5CD39E9E148DD78EE9637CED8D1CCE22.d.5AC2D684C8FFD2FC065F7B801D7DE7DC.e.2962/click - {}
RESULT: undefined
COMMAND: POST /session/db38a2fdbd7897a07519334e358608e0/element - {"using":"xpath","value":"//*[@id=\"__tile97\"]"}
RESULT: {"using":"xpath","value":"//*[@id=\"__tile97\"]"}
COMMAND: POST /session/db38a2fdbd7897a07519334e358608e0/element/f.5CD39E9E148DD78EE9637CED8D1CCE22.d.5AC2D684C8FFD2FC065F7B801D7DE7DC.e.2962/click - {}
RESULT: undefined
COMMAND: POST /session/db38a2fdbd7897a07519334e358608e0/execute/async - {"script":"<script> [6424 bytes]","args":[{"element-6066-11e4-a52e-4f735466cecf":"f.5CD39E9E148DD78EE9637CED8D1CCE22.d.5AC2D684C8FFD2FC065F7B801D7DE7DC.e.234"},"getTitle",[]]}
COMMAND: POST /session/db38a2fdbd7897a07519334e358608e0/execute/async - {"script":"<script> [1562 bytes]","args":[{"selector":{"id":"shellAppTitle"},"wdio_ui5_key":"shellAppTitle"}]}
RESULT: {"script":"<script> [1562 bytes]","args":[{"selector":{"id":"shellAppTitle"},"wdio_ui5_key":"shellAppTitle"}]}
COMMAND: POST /session/db38a2fdbd7897a07519334e358608e0/execute/async - {"script":"<script> [6424 bytes]","args":[{"element-6066-11e4-a52e-4f735466cecf":"f.5CD39E9E148DD78EE9637CED8D1CCE22.d.5AC2D684C8FFD2FC065F7B801D7DE7DC.e.2982"},"getTitle",[]]}
RESULT: {"script":"<script> [6424 bytes]","args":[{"element-6066-11e4-a52e-4f735466cecf":"f.5CD39E9E148DD78EE9637CED8D1CCE22.d.5AC2D684C8FFD2FC065F7B801D7DE7DC.e.2982"},"getTitle",[]]}
RESULT: undefined
COMMAND: POST /session/db38a2fdbd7897a07519334e358608e0/element/f.5CD39E9E148DD78EE9637CED8D1CCE22.d.5AC2D684C8FFD2FC065F7B801D7DE7DC.e.2960/click - {}
RESULT: {}
COMMAND: GET /session/db38a2fdbd7897a07519334e358608e0/screenshot - {}
RESULT: {}
]]></system-out>
    </testcase>
    <testcase classname="chrome.136_0_7103_49.windows.Sanity_Tests_US104253" name="Should open Bin Status Report page" time="37.667">
      <system-out><![CDATA[
COMMAND: POST /session/db38a2fdbd7897a07519334e358608e0/execute/async - {"script":"<script> [1562 bytes]","args":[{"selector":{"controlType":"sap.m.GenericTile","properties":{"header":"Bin Status Report"}},"wdio_ui5_key":"sapm.GenericTile{\"header\":\"Bin Status Report\"}"}]}
RESULT: {"script":"<script> [1562 bytes]","args":[{"selector":{"controlType":"sap.m.GenericTile","properties":{"header":"Bin Status Report"}},"wdio_ui5_key":"sapm.GenericTile{\"header\":\"Bin Status Report\"}"}]}
RESULT: undefined
COMMAND: POST /session/db38a2fdbd7897a07519334e358608e0/element - {"using":"xpath","value":"//*[@id=\"__tile104\"]"}
RESULT: {"using":"xpath","value":"//*[@id=\"__tile104\"]"}
COMMAND: POST /session/db38a2fdbd7897a07519334e358608e0/element/f.5CD39E9E148DD78EE9637CED8D1CCE22.d.5AC2D684C8FFD2FC065F7B801D7DE7DC.e.2984/click - {}
RESULT: {}
COMMAND: GET /session/db38a2fdbd7897a07519334e358608e0/screenshot - {}
RESULT: {}
COMMAND: POST /session/db38a2fdbd7897a07519334e358608e0/elements - {"using":"xpath","value":"//span[text()='Error']"}
RESULT: {"using":"xpath","value":"//span[text()='Error']"}
RESULT: undefined
COMMAND: POST /session/db38a2fdbd7897a07519334e358608e0/element - {"using":"xpath","value":"//*[@id=\"__tile104\"]"}
RESULT: {"using":"xpath","value":"//*[@id=\"__tile104\"]"}
COMMAND: POST /session/db38a2fdbd7897a07519334e358608e0/element/f.5CD39E9E148DD78EE9637CED8D1CCE22.d.5AC2D684C8FFD2FC065F7B801D7DE7DC.e.2984/click - {}
RESULT: undefined
COMMAND: POST /session/db38a2fdbd7897a07519334e358608e0/element - {"using":"xpath","value":"//*[@id=\"__tile104\"]"}
RESULT: {"using":"xpath","value":"//*[@id=\"__tile104\"]"}
COMMAND: POST /session/db38a2fdbd7897a07519334e358608e0/element/f.5CD39E9E148DD78EE9637CED8D1CCE22.d.5AC2D684C8FFD2FC065F7B801D7DE7DC.e.2984/click - {}
RESULT: undefined
COMMAND: POST /session/db38a2fdbd7897a07519334e358608e0/execute/async - {"script":"<script> [6424 bytes]","args":[{"element-6066-11e4-a52e-4f735466cecf":"f.5CD39E9E148DD78EE9637CED8D1CCE22.d.5AC2D684C8FFD2FC065F7B801D7DE7DC.e.234"},"getTitle",[]]}
COMMAND: POST /session/db38a2fdbd7897a07519334e358608e0/execute/async - {"script":"<script> [1562 bytes]","args":[{"selector":{"id":"shellAppTitle"},"wdio_ui5_key":"shellAppTitle"}]}
RESULT: {"script":"<script> [1562 bytes]","args":[{"selector":{"id":"shellAppTitle"},"wdio_ui5_key":"shellAppTitle"}]}
COMMAND: POST /session/db38a2fdbd7897a07519334e358608e0/execute/async - {"script":"<script> [6424 bytes]","args":[{"element-6066-11e4-a52e-4f735466cecf":"f.5CD39E9E148DD78EE9637CED8D1CCE22.d.5AC2D684C8FFD2FC065F7B801D7DE7DC.e.3080"},"getTitle",[]]}
RESULT: {"script":"<script> [6424 bytes]","args":[{"element-6066-11e4-a52e-4f735466cecf":"f.5CD39E9E148DD78EE9637CED8D1CCE22.d.5AC2D684C8FFD2FC065F7B801D7DE7DC.e.3080"},"getTitle",[]]}
RESULT: undefined
COMMAND: POST /session/db38a2fdbd7897a07519334e358608e0/element/f.5CD39E9E148DD78EE9637CED8D1CCE22.d.5AC2D684C8FFD2FC065F7B801D7DE7DC.e.2960/click - {}
COMMAND: POST /session/db38a2fdbd7897a07519334e358608e0/element - {"using":"xpath","value":"//*[@id=\"backBtn\"]"}
RESULT: {"using":"xpath","value":"//*[@id=\"backBtn\"]"}
COMMAND: POST /session/db38a2fdbd7897a07519334e358608e0/element/f.5CD39E9E148DD78EE9637CED8D1CCE22.d.5AC2D684C8FFD2FC065F7B801D7DE7DC.e.2960/click - {}
COMMAND: POST /session/db38a2fdbd7897a07519334e358608e0/element - {"using":"xpath","value":"//*[@id=\"backBtn\"]"}
RESULT: {"using":"xpath","value":"//*[@id=\"backBtn\"]"}
COMMAND: POST /session/db38a2fdbd7897a07519334e358608e0/element/f.5CD39E9E148DD78EE9637CED8D1CCE22.d.5AC2D684C8FFD2FC065F7B801D7DE7DC.e.3081/click - {}
RESULT: {}
COMMAND: GET /session/db38a2fdbd7897a07519334e358608e0/screenshot - {}
RESULT: {}
]]></system-out>
    </testcase>
    <testcase classname="chrome.136_0_7103_49.windows.Sanity_Tests_US104253" name="Should open Manage Warehouse Movements page" time="43.199">
      <system-out><![CDATA[
COMMAND: POST /session/db38a2fdbd7897a07519334e358608e0/execute/async - {"script":"<script> [1562 bytes]","args":[{"selector":{"controlType":"sap.m.GenericTile","properties":{"header":"Manage Warehouse Movements"}},"wdio_ui5_key":"sapm.GenericTile{\"header\":\"Manage Warehouse Movements\"}"}]}
RESULT: {"script":"<script> [1562 bytes]","args":[{"selector":{"controlType":"sap.m.GenericTile","properties":{"header":"Manage Warehouse Movements"}},"wdio_ui5_key":"sapm.GenericTile{\"header\":\"Manage Warehouse Movements\"}"}]}
RESULT: undefined
COMMAND: POST /session/db38a2fdbd7897a07519334e358608e0/element - {"using":"xpath","value":"//*[@id=\"__tile105\"]"}
RESULT: {"using":"xpath","value":"//*[@id=\"__tile105\"]"}
COMMAND: POST /session/db38a2fdbd7897a07519334e358608e0/element/f.5CD39E9E148DD78EE9637CED8D1CCE22.d.5AC2D684C8FFD2FC065F7B801D7DE7DC.e.3085/click - {}
RESULT: {}
COMMAND: GET /session/db38a2fdbd7897a07519334e358608e0/screenshot - {}
RESULT: {}
COMMAND: POST /session/db38a2fdbd7897a07519334e358608e0/elements - {"using":"xpath","value":"//span[text()='Error']"}
RESULT: {"using":"xpath","value":"//span[text()='Error']"}
RESULT: undefined
COMMAND: POST /session/db38a2fdbd7897a07519334e358608e0/element - {"using":"xpath","value":"//*[@id=\"__tile105\"]"}
RESULT: {"using":"xpath","value":"//*[@id=\"__tile105\"]"}
COMMAND: POST /session/db38a2fdbd7897a07519334e358608e0/element/f.5CD39E9E148DD78EE9637CED8D1CCE22.d.5AC2D684C8FFD2FC065F7B801D7DE7DC.e.3085/click - {}
RESULT: undefined
COMMAND: POST /session/db38a2fdbd7897a07519334e358608e0/element - {"using":"xpath","value":"//*[@id=\"__tile105\"]"}
RESULT: {"using":"xpath","value":"//*[@id=\"__tile105\"]"}
COMMAND: POST /session/db38a2fdbd7897a07519334e358608e0/element/f.5CD39E9E148DD78EE9637CED8D1CCE22.d.5AC2D684C8FFD2FC065F7B801D7DE7DC.e.3085/click - {}
RESULT: undefined
COMMAND: POST /session/db38a2fdbd7897a07519334e358608e0/execute/async - {"script":"<script> [6424 bytes]","args":[{"element-6066-11e4-a52e-4f735466cecf":"f.5CD39E9E148DD78EE9637CED8D1CCE22.d.5AC2D684C8FFD2FC065F7B801D7DE7DC.e.234"},"getTitle",[]]}
COMMAND: POST /session/db38a2fdbd7897a07519334e358608e0/execute/async - {"script":"<script> [1562 bytes]","args":[{"selector":{"id":"shellAppTitle"},"wdio_ui5_key":"shellAppTitle"}]}
RESULT: {"script":"<script> [1562 bytes]","args":[{"selector":{"id":"shellAppTitle"},"wdio_ui5_key":"shellAppTitle"}]}
COMMAND: POST /session/db38a2fdbd7897a07519334e358608e0/execute/async - {"script":"<script> [6424 bytes]","args":[{"element-6066-11e4-a52e-4f735466cecf":"f.5CD39E9E148DD78EE9637CED8D1CCE22.d.5AC2D684C8FFD2FC065F7B801D7DE7DC.e.3173"},"getTitle",[]]}
RESULT: {"script":"<script> [6424 bytes]","args":[{"element-6066-11e4-a52e-4f735466cecf":"f.5CD39E9E148DD78EE9637CED8D1CCE22.d.5AC2D684C8FFD2FC065F7B801D7DE7DC.e.3173"},"getTitle",[]]}
RESULT: undefined
COMMAND: POST /session/db38a2fdbd7897a07519334e358608e0/element/f.5CD39E9E148DD78EE9637CED8D1CCE22.d.5AC2D684C8FFD2FC065F7B801D7DE7DC.e.3081/click - {}
RESULT: {}
COMMAND: GET /session/db38a2fdbd7897a07519334e358608e0/screenshot - {}
RESULT: {}
]]></system-out>
    </testcase>
    <testcase classname="chrome.136_0_7103_49.windows.Sanity_Tests_US104253" name="Should open Bin Inventory List page" time="36.659">
      <system-out><![CDATA[
COMMAND: POST /session/db38a2fdbd7897a07519334e358608e0/execute/async - {"script":"<script> [1562 bytes]","args":[{"selector":{"controlType":"sap.m.GenericTile","properties":{"header":"Bin Inventory List"}},"wdio_ui5_key":"sapm.GenericTile{\"header\":\"Bin Inventory List\"}"}]}
RESULT: {"script":"<script> [1562 bytes]","args":[{"selector":{"controlType":"sap.m.GenericTile","properties":{"header":"Bin Inventory List"}},"wdio_ui5_key":"sapm.GenericTile{\"header\":\"Bin Inventory List\"}"}]}
RESULT: undefined
COMMAND: POST /session/db38a2fdbd7897a07519334e358608e0/element - {"using":"xpath","value":"//*[@id=\"__tile103\"]"}
RESULT: {"using":"xpath","value":"//*[@id=\"__tile103\"]"}
COMMAND: POST /session/db38a2fdbd7897a07519334e358608e0/element/f.5CD39E9E148DD78EE9637CED8D1CCE22.d.5AC2D684C8FFD2FC065F7B801D7DE7DC.e.3175/click - {}
RESULT: {}
COMMAND: GET /session/db38a2fdbd7897a07519334e358608e0/screenshot - {}
RESULT: {}
COMMAND: POST /session/db38a2fdbd7897a07519334e358608e0/elements - {"using":"xpath","value":"//span[text()='Error']"}
RESULT: {"using":"xpath","value":"//span[text()='Error']"}
RESULT: undefined
COMMAND: POST /session/db38a2fdbd7897a07519334e358608e0/element - {"using":"xpath","value":"//*[@id=\"__tile103\"]"}
RESULT: {"using":"xpath","value":"//*[@id=\"__tile103\"]"}
COMMAND: POST /session/db38a2fdbd7897a07519334e358608e0/element/f.5CD39E9E148DD78EE9637CED8D1CCE22.d.5AC2D684C8FFD2FC065F7B801D7DE7DC.e.3175/click - {}
RESULT: undefined
COMMAND: POST /session/db38a2fdbd7897a07519334e358608e0/element - {"using":"xpath","value":"//*[@id=\"__tile103\"]"}
RESULT: {"using":"xpath","value":"//*[@id=\"__tile103\"]"}
COMMAND: POST /session/db38a2fdbd7897a07519334e358608e0/element/f.5CD39E9E148DD78EE9637CED8D1CCE22.d.5AC2D684C8FFD2FC065F7B801D7DE7DC.e.3175/click - {}
RESULT: undefined
COMMAND: POST /session/db38a2fdbd7897a07519334e358608e0/execute/async - {"script":"<script> [6424 bytes]","args":[{"element-6066-11e4-a52e-4f735466cecf":"f.5CD39E9E148DD78EE9637CED8D1CCE22.d.5AC2D684C8FFD2FC065F7B801D7DE7DC.e.234"},"getTitle",[]]}
COMMAND: POST /session/db38a2fdbd7897a07519334e358608e0/execute/async - {"script":"<script> [1562 bytes]","args":[{"selector":{"id":"shellAppTitle"},"wdio_ui5_key":"shellAppTitle"}]}
RESULT: {"script":"<script> [1562 bytes]","args":[{"selector":{"id":"shellAppTitle"},"wdio_ui5_key":"shellAppTitle"}]}
COMMAND: POST /session/db38a2fdbd7897a07519334e358608e0/execute/async - {"script":"<script> [6424 bytes]","args":[{"element-6066-11e4-a52e-4f735466cecf":"f.5CD39E9E148DD78EE9637CED8D1CCE22.d.5AC2D684C8FFD2FC065F7B801D7DE7DC.e.3272"},"getTitle",[]]}
RESULT: {"script":"<script> [6424 bytes]","args":[{"element-6066-11e4-a52e-4f735466cecf":"f.5CD39E9E148DD78EE9637CED8D1CCE22.d.5AC2D684C8FFD2FC065F7B801D7DE7DC.e.3272"},"getTitle",[]]}
RESULT: undefined
COMMAND: POST /session/db38a2fdbd7897a07519334e358608e0/element/f.5CD39E9E148DD78EE9637CED8D1CCE22.d.5AC2D684C8FFD2FC065F7B801D7DE7DC.e.3081/click - {}
COMMAND: POST /session/db38a2fdbd7897a07519334e358608e0/element - {"using":"xpath","value":"//*[@id=\"backBtn\"]"}
RESULT: {"using":"xpath","value":"//*[@id=\"backBtn\"]"}
COMMAND: POST /session/db38a2fdbd7897a07519334e358608e0/element/f.5CD39E9E148DD78EE9637CED8D1CCE22.d.5AC2D684C8FFD2FC065F7B801D7DE7DC.e.3081/click - {}
COMMAND: POST /session/db38a2fdbd7897a07519334e358608e0/element - {"using":"xpath","value":"//*[@id=\"backBtn\"]"}
RESULT: {"using":"xpath","value":"//*[@id=\"backBtn\"]"}
COMMAND: POST /session/db38a2fdbd7897a07519334e358608e0/element/f.5CD39E9E148DD78EE9637CED8D1CCE22.d.5AC2D684C8FFD2FC065F7B801D7DE7DC.e.3273/click - {}
RESULT: {}
COMMAND: GET /session/db38a2fdbd7897a07519334e358608e0/screenshot - {}
RESULT: {}
]]></system-out>
    </testcase>
    <testcase classname="chrome.136_0_7103_49.windows.Sanity_Tests_US104253" name="Should open ISC Templates page" time="42.017">
      <system-out><![CDATA[
COMMAND: POST /session/db38a2fdbd7897a07519334e358608e0/execute/async - {"script":"<script> [1562 bytes]","args":[{"selector":{"controlType":"sap.m.GenericTile","properties":{"header":"ISC Templates"}},"wdio_ui5_key":"sapm.GenericTile{\"header\":\"ISC Templates\"}"}]}
RESULT: {"script":"<script> [1562 bytes]","args":[{"selector":{"controlType":"sap.m.GenericTile","properties":{"header":"ISC Templates"}},"wdio_ui5_key":"sapm.GenericTile{\"header\":\"ISC Templates\"}"}]}
RESULT: undefined
COMMAND: POST /session/db38a2fdbd7897a07519334e358608e0/element - {"using":"xpath","value":"//*[@id=\"__tile111\"]"}
RESULT: {"using":"xpath","value":"//*[@id=\"__tile111\"]"}
COMMAND: POST /session/db38a2fdbd7897a07519334e358608e0/element/f.5CD39E9E148DD78EE9637CED8D1CCE22.d.5AC2D684C8FFD2FC065F7B801D7DE7DC.e.3275/click - {}
RESULT: {}
COMMAND: GET /session/db38a2fdbd7897a07519334e358608e0/screenshot - {}
RESULT: {}
COMMAND: POST /session/db38a2fdbd7897a07519334e358608e0/elements - {"using":"xpath","value":"//span[text()='Error']"}
RESULT: {"using":"xpath","value":"//span[text()='Error']"}
RESULT: undefined
COMMAND: POST /session/db38a2fdbd7897a07519334e358608e0/element - {"using":"xpath","value":"//*[@id=\"__tile111\"]"}
RESULT: {"using":"xpath","value":"//*[@id=\"__tile111\"]"}
COMMAND: POST /session/db38a2fdbd7897a07519334e358608e0/element/f.5CD39E9E148DD78EE9637CED8D1CCE22.d.5AC2D684C8FFD2FC065F7B801D7DE7DC.e.3275/click - {}
RESULT: undefined
COMMAND: POST /session/db38a2fdbd7897a07519334e358608e0/element - {"using":"xpath","value":"//*[@id=\"__tile111\"]"}
RESULT: {"using":"xpath","value":"//*[@id=\"__tile111\"]"}
COMMAND: POST /session/db38a2fdbd7897a07519334e358608e0/element/f.5CD39E9E148DD78EE9637CED8D1CCE22.d.5AC2D684C8FFD2FC065F7B801D7DE7DC.e.3275/click - {}
RESULT: undefined
COMMAND: POST /session/db38a2fdbd7897a07519334e358608e0/execute/async - {"script":"<script> [6424 bytes]","args":[{"element-6066-11e4-a52e-4f735466cecf":"f.5CD39E9E148DD78EE9637CED8D1CCE22.d.5AC2D684C8FFD2FC065F7B801D7DE7DC.e.234"},"getTitle",[]]}
COMMAND: POST /session/db38a2fdbd7897a07519334e358608e0/execute/async - {"script":"<script> [1562 bytes]","args":[{"selector":{"id":"shellAppTitle"},"wdio_ui5_key":"shellAppTitle"}]}
RESULT: {"script":"<script> [1562 bytes]","args":[{"selector":{"id":"shellAppTitle"},"wdio_ui5_key":"shellAppTitle"}]}
COMMAND: POST /session/db38a2fdbd7897a07519334e358608e0/execute/async - {"script":"<script> [6424 bytes]","args":[{"element-6066-11e4-a52e-4f735466cecf":"f.5CD39E9E148DD78EE9637CED8D1CCE22.d.5AC2D684C8FFD2FC065F7B801D7DE7DC.e.3349"},"getTitle",[]]}
RESULT: {"script":"<script> [6424 bytes]","args":[{"element-6066-11e4-a52e-4f735466cecf":"f.5CD39E9E148DD78EE9637CED8D1CCE22.d.5AC2D684C8FFD2FC065F7B801D7DE7DC.e.3349"},"getTitle",[]]}
RESULT: undefined
COMMAND: POST /session/db38a2fdbd7897a07519334e358608e0/element/f.5CD39E9E148DD78EE9637CED8D1CCE22.d.5AC2D684C8FFD2FC065F7B801D7DE7DC.e.3273/click - {}
RESULT: {}
COMMAND: GET /session/db38a2fdbd7897a07519334e358608e0/screenshot - {}
RESULT: {}
]]></system-out>
    </testcase>
    <testcase classname="chrome.136_0_7103_49.windows.Sanity_Tests_US104253" name="Should open ISC Schedules page" time="36.81">
      <system-out><![CDATA[
COMMAND: POST /session/db38a2fdbd7897a07519334e358608e0/execute/async - {"script":"<script> [1562 bytes]","args":[{"selector":{"controlType":"sap.m.GenericTile","properties":{"header":"ISC Schedules"}},"wdio_ui5_key":"sapm.GenericTile{\"header\":\"ISC Schedules\"}"}]}
RESULT: {"script":"<script> [1562 bytes]","args":[{"selector":{"controlType":"sap.m.GenericTile","properties":{"header":"ISC Schedules"}},"wdio_ui5_key":"sapm.GenericTile{\"header\":\"ISC Schedules\"}"}]}
RESULT: undefined
COMMAND: POST /session/db38a2fdbd7897a07519334e358608e0/element - {"using":"xpath","value":"//*[@id=\"__tile109\"]"}
RESULT: {"using":"xpath","value":"//*[@id=\"__tile109\"]"}
COMMAND: POST /session/db38a2fdbd7897a07519334e358608e0/element/f.5CD39E9E148DD78EE9637CED8D1CCE22.d.5AC2D684C8FFD2FC065F7B801D7DE7DC.e.3352/click - {}
RESULT: {}
COMMAND: GET /session/db38a2fdbd7897a07519334e358608e0/screenshot - {}
RESULT: {}
COMMAND: POST /session/db38a2fdbd7897a07519334e358608e0/elements - {"using":"xpath","value":"//span[text()='Error']"}
RESULT: {"using":"xpath","value":"//span[text()='Error']"}
RESULT: undefined
COMMAND: POST /session/db38a2fdbd7897a07519334e358608e0/element - {"using":"xpath","value":"//*[@id=\"__tile109\"]"}
RESULT: {"using":"xpath","value":"//*[@id=\"__tile109\"]"}
COMMAND: POST /session/db38a2fdbd7897a07519334e358608e0/element/f.5CD39E9E148DD78EE9637CED8D1CCE22.d.5AC2D684C8FFD2FC065F7B801D7DE7DC.e.3352/click - {}
RESULT: undefined
COMMAND: POST /session/db38a2fdbd7897a07519334e358608e0/element - {"using":"xpath","value":"//*[@id=\"__tile109\"]"}
RESULT: {"using":"xpath","value":"//*[@id=\"__tile109\"]"}
COMMAND: POST /session/db38a2fdbd7897a07519334e358608e0/element/f.5CD39E9E148DD78EE9637CED8D1CCE22.d.5AC2D684C8FFD2FC065F7B801D7DE7DC.e.3352/click - {}
RESULT: undefined
COMMAND: POST /session/db38a2fdbd7897a07519334e358608e0/execute/async - {"script":"<script> [6424 bytes]","args":[{"element-6066-11e4-a52e-4f735466cecf":"f.5CD39E9E148DD78EE9637CED8D1CCE22.d.5AC2D684C8FFD2FC065F7B801D7DE7DC.e.234"},"getTitle",[]]}
COMMAND: POST /session/db38a2fdbd7897a07519334e358608e0/execute/async - {"script":"<script> [1562 bytes]","args":[{"selector":{"id":"shellAppTitle"},"wdio_ui5_key":"shellAppTitle"}]}
RESULT: {"script":"<script> [1562 bytes]","args":[{"selector":{"id":"shellAppTitle"},"wdio_ui5_key":"shellAppTitle"}]}
COMMAND: POST /session/db38a2fdbd7897a07519334e358608e0/execute/async - {"script":"<script> [6424 bytes]","args":[{"element-6066-11e4-a52e-4f735466cecf":"f.5CD39E9E148DD78EE9637CED8D1CCE22.d.5AC2D684C8FFD2FC065F7B801D7DE7DC.e.3428"},"getTitle",[]]}
RESULT: {"script":"<script> [6424 bytes]","args":[{"element-6066-11e4-a52e-4f735466cecf":"f.5CD39E9E148DD78EE9637CED8D1CCE22.d.5AC2D684C8FFD2FC065F7B801D7DE7DC.e.3428"},"getTitle",[]]}
RESULT: undefined
COMMAND: POST /session/db38a2fdbd7897a07519334e358608e0/element/f.5CD39E9E148DD78EE9637CED8D1CCE22.d.5AC2D684C8FFD2FC065F7B801D7DE7DC.e.3273/click - {}
COMMAND: POST /session/db38a2fdbd7897a07519334e358608e0/element - {"using":"xpath","value":"//*[@id=\"backBtn\"]"}
RESULT: {"using":"xpath","value":"//*[@id=\"backBtn\"]"}
COMMAND: POST /session/db38a2fdbd7897a07519334e358608e0/element/f.5CD39E9E148DD78EE9637CED8D1CCE22.d.5AC2D684C8FFD2FC065F7B801D7DE7DC.e.3273/click - {}
COMMAND: POST /session/db38a2fdbd7897a07519334e358608e0/element - {"using":"xpath","value":"//*[@id=\"backBtn\"]"}
RESULT: {"using":"xpath","value":"//*[@id=\"backBtn\"]"}
COMMAND: POST /session/db38a2fdbd7897a07519334e358608e0/element/f.5CD39E9E148DD78EE9637CED8D1CCE22.d.5AC2D684C8FFD2FC065F7B801D7DE7DC.e.3429/click - {}
RESULT: {}
COMMAND: GET /session/db38a2fdbd7897a07519334e358608e0/screenshot - {}
RESULT: {}
]]></system-out>
    </testcase>
    <testcase classname="chrome.136_0_7103_49.windows.Sanity_Tests_US104253" name="Should open ISC Dashboard page" time="38.362">
      <system-out><![CDATA[
COMMAND: POST /session/db38a2fdbd7897a07519334e358608e0/execute/async - {"script":"<script> [1562 bytes]","args":[{"selector":{"controlType":"sap.m.GenericTile","properties":{"header":"ISC Dashboard"}},"wdio_ui5_key":"sapm.GenericTile{\"header\":\"ISC Dashboard\"}"}]}
RESULT: {"script":"<script> [1562 bytes]","args":[{"selector":{"controlType":"sap.m.GenericTile","properties":{"header":"ISC Dashboard"}},"wdio_ui5_key":"sapm.GenericTile{\"header\":\"ISC Dashboard\"}"}]}
RESULT: undefined
COMMAND: POST /session/db38a2fdbd7897a07519334e358608e0/element - {"using":"xpath","value":"//*[@id=\"__tile106\"]"}
RESULT: {"using":"xpath","value":"//*[@id=\"__tile106\"]"}
COMMAND: POST /session/db38a2fdbd7897a07519334e358608e0/element/f.5CD39E9E148DD78EE9637CED8D1CCE22.d.5AC2D684C8FFD2FC065F7B801D7DE7DC.e.3431/click - {}
RESULT: {}
COMMAND: GET /session/db38a2fdbd7897a07519334e358608e0/screenshot - {}
RESULT: {}
COMMAND: POST /session/db38a2fdbd7897a07519334e358608e0/elements - {"using":"xpath","value":"//span[text()='Error']"}
RESULT: {"using":"xpath","value":"//span[text()='Error']"}
RESULT: undefined
COMMAND: POST /session/db38a2fdbd7897a07519334e358608e0/element - {"using":"xpath","value":"//*[@id=\"__tile106\"]"}
RESULT: {"using":"xpath","value":"//*[@id=\"__tile106\"]"}
COMMAND: POST /session/db38a2fdbd7897a07519334e358608e0/element/f.5CD39E9E148DD78EE9637CED8D1CCE22.d.5AC2D684C8FFD2FC065F7B801D7DE7DC.e.3431/click - {}
RESULT: undefined
COMMAND: POST /session/db38a2fdbd7897a07519334e358608e0/element - {"using":"xpath","value":"//*[@id=\"__tile106\"]"}
RESULT: {"using":"xpath","value":"//*[@id=\"__tile106\"]"}
COMMAND: POST /session/db38a2fdbd7897a07519334e358608e0/element/f.5CD39E9E148DD78EE9637CED8D1CCE22.d.5AC2D684C8FFD2FC065F7B801D7DE7DC.e.3431/click - {}
RESULT: undefined
COMMAND: POST /session/db38a2fdbd7897a07519334e358608e0/execute/async - {"script":"<script> [6424 bytes]","args":[{"element-6066-11e4-a52e-4f735466cecf":"f.5CD39E9E148DD78EE9637CED8D1CCE22.d.5AC2D684C8FFD2FC065F7B801D7DE7DC.e.234"},"getTitle",[]]}
COMMAND: POST /session/db38a2fdbd7897a07519334e358608e0/execute/async - {"script":"<script> [1562 bytes]","args":[{"selector":{"id":"shellAppTitle"},"wdio_ui5_key":"shellAppTitle"}]}
RESULT: {"script":"<script> [1562 bytes]","args":[{"selector":{"id":"shellAppTitle"},"wdio_ui5_key":"shellAppTitle"}]}
COMMAND: POST /session/db38a2fdbd7897a07519334e358608e0/execute/async - {"script":"<script> [6424 bytes]","args":[{"element-6066-11e4-a52e-4f735466cecf":"f.5CD39E9E148DD78EE9637CED8D1CCE22.d.5AC2D684C8FFD2FC065F7B801D7DE7DC.e.3552"},"getTitle",[]]}
RESULT: {"script":"<script> [6424 bytes]","args":[{"element-6066-11e4-a52e-4f735466cecf":"f.5CD39E9E148DD78EE9637CED8D1CCE22.d.5AC2D684C8FFD2FC065F7B801D7DE7DC.e.3552"},"getTitle",[]]}
RESULT: undefined
COMMAND: POST /session/db38a2fdbd7897a07519334e358608e0/element/f.5CD39E9E148DD78EE9637CED8D1CCE22.d.5AC2D684C8FFD2FC065F7B801D7DE7DC.e.3429/click - {}
RESULT: {}
COMMAND: GET /session/db38a2fdbd7897a07519334e358608e0/screenshot - {}
RESULT: {}
]]></system-out>
    </testcase>
    <testcase classname="chrome.136_0_7103_49.windows.Sanity_Tests_US104253" name="Should open ISC Orders page" time="36.443">
      <system-out><![CDATA[
COMMAND: POST /session/db38a2fdbd7897a07519334e358608e0/execute/async - {"script":"<script> [1562 bytes]","args":[{"selector":{"controlType":"sap.m.GenericTile","properties":{"header":"ISC Orders"}},"wdio_ui5_key":"sapm.GenericTile{\"header\":\"ISC Orders\"}"}]}
RESULT: {"script":"<script> [1562 bytes]","args":[{"selector":{"controlType":"sap.m.GenericTile","properties":{"header":"ISC Orders"}},"wdio_ui5_key":"sapm.GenericTile{\"header\":\"ISC Orders\"}"}]}
RESULT: undefined
COMMAND: POST /session/db38a2fdbd7897a07519334e358608e0/element - {"using":"xpath","value":"//*[@id=\"__tile108\"]"}
RESULT: {"using":"xpath","value":"//*[@id=\"__tile108\"]"}
COMMAND: POST /session/db38a2fdbd7897a07519334e358608e0/element/f.5CD39E9E148DD78EE9637CED8D1CCE22.d.5AC2D684C8FFD2FC065F7B801D7DE7DC.e.3554/click - {}
RESULT: {}
COMMAND: GET /session/db38a2fdbd7897a07519334e358608e0/screenshot - {}
RESULT: {}
COMMAND: POST /session/db38a2fdbd7897a07519334e358608e0/elements - {"using":"xpath","value":"//span[text()='Error']"}
RESULT: {"using":"xpath","value":"//span[text()='Error']"}
RESULT: undefined
COMMAND: POST /session/db38a2fdbd7897a07519334e358608e0/element - {"using":"xpath","value":"//*[@id=\"__tile108\"]"}
RESULT: {"using":"xpath","value":"//*[@id=\"__tile108\"]"}
COMMAND: POST /session/db38a2fdbd7897a07519334e358608e0/element/f.5CD39E9E148DD78EE9637CED8D1CCE22.d.5AC2D684C8FFD2FC065F7B801D7DE7DC.e.3554/click - {}
RESULT: undefined
COMMAND: POST /session/db38a2fdbd7897a07519334e358608e0/element - {"using":"xpath","value":"//*[@id=\"__tile108\"]"}
RESULT: {"using":"xpath","value":"//*[@id=\"__tile108\"]"}
COMMAND: POST /session/db38a2fdbd7897a07519334e358608e0/element/f.5CD39E9E148DD78EE9637CED8D1CCE22.d.5AC2D684C8FFD2FC065F7B801D7DE7DC.e.3554/click - {}
RESULT: undefined
COMMAND: POST /session/db38a2fdbd7897a07519334e358608e0/execute/async - {"script":"<script> [6424 bytes]","args":[{"element-6066-11e4-a52e-4f735466cecf":"f.5CD39E9E148DD78EE9637CED8D1CCE22.d.5AC2D684C8FFD2FC065F7B801D7DE7DC.e.234"},"getTitle",[]]}
COMMAND: POST /session/db38a2fdbd7897a07519334e358608e0/execute/async - {"script":"<script> [1562 bytes]","args":[{"selector":{"id":"shellAppTitle"},"wdio_ui5_key":"shellAppTitle"}]}
RESULT: {"script":"<script> [1562 bytes]","args":[{"selector":{"id":"shellAppTitle"},"wdio_ui5_key":"shellAppTitle"}]}
COMMAND: POST /session/db38a2fdbd7897a07519334e358608e0/execute/async - {"script":"<script> [6424 bytes]","args":[{"element-6066-11e4-a52e-4f735466cecf":"f.5CD39E9E148DD78EE9637CED8D1CCE22.d.5AC2D684C8FFD2FC065F7B801D7DE7DC.e.3655"},"getTitle",[]]}
RESULT: {"script":"<script> [6424 bytes]","args":[{"element-6066-11e4-a52e-4f735466cecf":"f.5CD39E9E148DD78EE9637CED8D1CCE22.d.5AC2D684C8FFD2FC065F7B801D7DE7DC.e.3655"},"getTitle",[]]}
RESULT: undefined
COMMAND: POST /session/db38a2fdbd7897a07519334e358608e0/element/f.5CD39E9E148DD78EE9637CED8D1CCE22.d.5AC2D684C8FFD2FC065F7B801D7DE7DC.e.3429/click - {}
COMMAND: POST /session/db38a2fdbd7897a07519334e358608e0/element - {"using":"xpath","value":"//*[@id=\"backBtn\"]"}
RESULT: {"using":"xpath","value":"//*[@id=\"backBtn\"]"}
COMMAND: POST /session/db38a2fdbd7897a07519334e358608e0/element/f.5CD39E9E148DD78EE9637CED8D1CCE22.d.5AC2D684C8FFD2FC065F7B801D7DE7DC.e.3429/click - {}
COMMAND: POST /session/db38a2fdbd7897a07519334e358608e0/element - {"using":"xpath","value":"//*[@id=\"backBtn\"]"}
RESULT: {"using":"xpath","value":"//*[@id=\"backBtn\"]"}
COMMAND: POST /session/db38a2fdbd7897a07519334e358608e0/element/f.5CD39E9E148DD78EE9637CED8D1CCE22.d.5AC2D684C8FFD2FC065F7B801D7DE7DC.e.3656/click - {}
RESULT: {}
COMMAND: GET /session/db38a2fdbd7897a07519334e358608e0/screenshot - {}
RESULT: {}
]]></system-out>
    </testcase>
    <testcase classname="chrome.136_0_7103_49.windows.Sanity_Tests_US104253" name="Should open ISC Tasks page" time="37.361">
      <system-out><![CDATA[
COMMAND: POST /session/db38a2fdbd7897a07519334e358608e0/execute/async - {"script":"<script> [1562 bytes]","args":[{"selector":{"controlType":"sap.m.GenericTile","properties":{"header":"ISC Tasks"}},"wdio_ui5_key":"sapm.GenericTile{\"header\":\"ISC Tasks\"}"}]}
RESULT: {"script":"<script> [1562 bytes]","args":[{"selector":{"controlType":"sap.m.GenericTile","properties":{"header":"ISC Tasks"}},"wdio_ui5_key":"sapm.GenericTile{\"header\":\"ISC Tasks\"}"}]}
RESULT: undefined
COMMAND: POST /session/db38a2fdbd7897a07519334e358608e0/element - {"using":"xpath","value":"//*[@id=\"__tile110\"]"}
RESULT: {"using":"xpath","value":"//*[@id=\"__tile110\"]"}
COMMAND: POST /session/db38a2fdbd7897a07519334e358608e0/element/f.5CD39E9E148DD78EE9637CED8D1CCE22.d.5AC2D684C8FFD2FC065F7B801D7DE7DC.e.3658/click - {}
RESULT: {}
COMMAND: GET /session/db38a2fdbd7897a07519334e358608e0/screenshot - {}
RESULT: {}
COMMAND: POST /session/db38a2fdbd7897a07519334e358608e0/elements - {"using":"xpath","value":"//span[text()='Error']"}
RESULT: {"using":"xpath","value":"//span[text()='Error']"}
RESULT: undefined
COMMAND: POST /session/db38a2fdbd7897a07519334e358608e0/element - {"using":"xpath","value":"//*[@id=\"__tile110\"]"}
RESULT: {"using":"xpath","value":"//*[@id=\"__tile110\"]"}
COMMAND: POST /session/db38a2fdbd7897a07519334e358608e0/element/f.5CD39E9E148DD78EE9637CED8D1CCE22.d.5AC2D684C8FFD2FC065F7B801D7DE7DC.e.3658/click - {}
RESULT: undefined
COMMAND: POST /session/db38a2fdbd7897a07519334e358608e0/element - {"using":"xpath","value":"//*[@id=\"__tile110\"]"}
RESULT: {"using":"xpath","value":"//*[@id=\"__tile110\"]"}
COMMAND: POST /session/db38a2fdbd7897a07519334e358608e0/element/f.5CD39E9E148DD78EE9637CED8D1CCE22.d.5AC2D684C8FFD2FC065F7B801D7DE7DC.e.3658/click - {}
RESULT: undefined
COMMAND: POST /session/db38a2fdbd7897a07519334e358608e0/execute/async - {"script":"<script> [6424 bytes]","args":[{"element-6066-11e4-a52e-4f735466cecf":"f.5CD39E9E148DD78EE9637CED8D1CCE22.d.5AC2D684C8FFD2FC065F7B801D7DE7DC.e.234"},"getTitle",[]]}
COMMAND: POST /session/db38a2fdbd7897a07519334e358608e0/execute/async - {"script":"<script> [1562 bytes]","args":[{"selector":{"id":"shellAppTitle"},"wdio_ui5_key":"shellAppTitle"}]}
RESULT: {"script":"<script> [1562 bytes]","args":[{"selector":{"id":"shellAppTitle"},"wdio_ui5_key":"shellAppTitle"}]}
COMMAND: POST /session/db38a2fdbd7897a07519334e358608e0/execute/async - {"script":"<script> [6424 bytes]","args":[{"element-6066-11e4-a52e-4f735466cecf":"f.5CD39E9E148DD78EE9637CED8D1CCE22.d.5AC2D684C8FFD2FC065F7B801D7DE7DC.e.3741"},"getTitle",[]]}
RESULT: {"script":"<script> [6424 bytes]","args":[{"element-6066-11e4-a52e-4f735466cecf":"f.5CD39E9E148DD78EE9637CED8D1CCE22.d.5AC2D684C8FFD2FC065F7B801D7DE7DC.e.3741"},"getTitle",[]]}
RESULT: undefined
COMMAND: POST /session/db38a2fdbd7897a07519334e358608e0/element/f.5CD39E9E148DD78EE9637CED8D1CCE22.d.5AC2D684C8FFD2FC065F7B801D7DE7DC.e.3656/click - {}
RESULT: {}
COMMAND: GET /session/db38a2fdbd7897a07519334e358608e0/screenshot - {}
RESULT: {}
]]></system-out>
    </testcase>
    <testcase classname="chrome.136_0_7103_49.windows.Sanity_Tests_US104253" name="Should open Manage Resource Logbook page" time="38.034">
      <system-out><![CDATA[
COMMAND: POST /session/db38a2fdbd7897a07519334e358608e0/execute/async - {"script":"<script> [1562 bytes]","args":[{"selector":{"controlType":"sap.m.GenericTile","properties":{"header":"Manage Resource Logbook"}},"wdio_ui5_key":"sapm.GenericTile{\"header\":\"Manage Resource Logbook\"}"}]}
RESULT: {"script":"<script> [1562 bytes]","args":[{"selector":{"controlType":"sap.m.GenericTile","properties":{"header":"Manage Resource Logbook"}},"wdio_ui5_key":"sapm.GenericTile{\"header\":\"Manage Resource Logbook\"}"}]}
RESULT: undefined
COMMAND: POST /session/db38a2fdbd7897a07519334e358608e0/element - {"using":"xpath","value":"//*[@id=\"__tile113\"]"}
RESULT: {"using":"xpath","value":"//*[@id=\"__tile113\"]"}
COMMAND: POST /session/db38a2fdbd7897a07519334e358608e0/element/f.5CD39E9E148DD78EE9637CED8D1CCE22.d.5AC2D684C8FFD2FC065F7B801D7DE7DC.e.3743/click - {}
RESULT: {}
COMMAND: GET /session/db38a2fdbd7897a07519334e358608e0/screenshot - {}
RESULT: {}
COMMAND: POST /session/db38a2fdbd7897a07519334e358608e0/elements - {"using":"xpath","value":"//span[text()='Error']"}
RESULT: {"using":"xpath","value":"//span[text()='Error']"}
RESULT: undefined
COMMAND: POST /session/db38a2fdbd7897a07519334e358608e0/element - {"using":"xpath","value":"//*[@id=\"__tile113\"]"}
RESULT: {"using":"xpath","value":"//*[@id=\"__tile113\"]"}
COMMAND: POST /session/db38a2fdbd7897a07519334e358608e0/element/f.5CD39E9E148DD78EE9637CED8D1CCE22.d.5AC2D684C8FFD2FC065F7B801D7DE7DC.e.3743/click - {}
RESULT: undefined
COMMAND: POST /session/db38a2fdbd7897a07519334e358608e0/element - {"using":"xpath","value":"//*[@id=\"__tile113\"]"}
RESULT: {"using":"xpath","value":"//*[@id=\"__tile113\"]"}
COMMAND: POST /session/db38a2fdbd7897a07519334e358608e0/element/f.5CD39E9E148DD78EE9637CED8D1CCE22.d.5AC2D684C8FFD2FC065F7B801D7DE7DC.e.3743/click - {}
RESULT: undefined
COMMAND: POST /session/db38a2fdbd7897a07519334e358608e0/execute/async - {"script":"<script> [6424 bytes]","args":[{"element-6066-11e4-a52e-4f735466cecf":"f.5CD39E9E148DD78EE9637CED8D1CCE22.d.5AC2D684C8FFD2FC065F7B801D7DE7DC.e.234"},"getTitle",[]]}
COMMAND: POST /session/db38a2fdbd7897a07519334e358608e0/execute/async - {"script":"<script> [1562 bytes]","args":[{"selector":{"id":"shellAppTitle"},"wdio_ui5_key":"shellAppTitle"}]}
RESULT: {"script":"<script> [1562 bytes]","args":[{"selector":{"id":"shellAppTitle"},"wdio_ui5_key":"shellAppTitle"}]}
COMMAND: POST /session/db38a2fdbd7897a07519334e358608e0/execute/async - {"script":"<script> [6424 bytes]","args":[{"element-6066-11e4-a52e-4f735466cecf":"f.5CD39E9E148DD78EE9637CED8D1CCE22.d.5AC2D684C8FFD2FC065F7B801D7DE7DC.e.3827"},"getTitle",[]]}
RESULT: {"script":"<script> [6424 bytes]","args":[{"element-6066-11e4-a52e-4f735466cecf":"f.5CD39E9E148DD78EE9637CED8D1CCE22.d.5AC2D684C8FFD2FC065F7B801D7DE7DC.e.3827"},"getTitle",[]]}
RESULT: undefined
COMMAND: POST /session/db38a2fdbd7897a07519334e358608e0/element/f.5CD39E9E148DD78EE9637CED8D1CCE22.d.5AC2D684C8FFD2FC065F7B801D7DE7DC.e.3656/click - {}
COMMAND: POST /session/db38a2fdbd7897a07519334e358608e0/element - {"using":"xpath","value":"//*[@id=\"backBtn\"]"}
RESULT: {"using":"xpath","value":"//*[@id=\"backBtn\"]"}
COMMAND: POST /session/db38a2fdbd7897a07519334e358608e0/element/f.5CD39E9E148DD78EE9637CED8D1CCE22.d.5AC2D684C8FFD2FC065F7B801D7DE7DC.e.3656/click - {}
COMMAND: POST /session/db38a2fdbd7897a07519334e358608e0/element - {"using":"xpath","value":"//*[@id=\"backBtn\"]"}
RESULT: {"using":"xpath","value":"//*[@id=\"backBtn\"]"}
COMMAND: POST /session/db38a2fdbd7897a07519334e358608e0/element/f.5CD39E9E148DD78EE9637CED8D1CCE22.d.5AC2D684C8FFD2FC065F7B801D7DE7DC.e.3828/click - {}
RESULT: {}
COMMAND: GET /session/db38a2fdbd7897a07519334e358608e0/screenshot - {}
RESULT: {}
]]></system-out>
    </testcase>
    <testcase classname="chrome.136_0_7103_49.windows.Sanity_Tests_US104253" name="Should open Manage Logbook page" time="37.094">
      <system-out><![CDATA[
COMMAND: POST /session/db38a2fdbd7897a07519334e358608e0/execute/async - {"script":"<script> [1562 bytes]","args":[{"selector":{"controlType":"sap.m.GenericTile","properties":{"header":"Manage Logbook"}},"wdio_ui5_key":"sapm.GenericTile{\"header\":\"Manage Logbook\"}"}]}
RESULT: {"script":"<script> [1562 bytes]","args":[{"selector":{"controlType":"sap.m.GenericTile","properties":{"header":"Manage Logbook"}},"wdio_ui5_key":"sapm.GenericTile{\"header\":\"Manage Logbook\"}"}]}
RESULT: undefined
COMMAND: POST /session/db38a2fdbd7897a07519334e358608e0/element - {"using":"xpath","value":"//*[@id=\"__tile112\"]"}
RESULT: {"using":"xpath","value":"//*[@id=\"__tile112\"]"}
COMMAND: POST /session/db38a2fdbd7897a07519334e358608e0/element/f.5CD39E9E148DD78EE9637CED8D1CCE22.d.5AC2D684C8FFD2FC065F7B801D7DE7DC.e.3830/click - {}
RESULT: {}
COMMAND: GET /session/db38a2fdbd7897a07519334e358608e0/screenshot - {}
RESULT: {}
COMMAND: POST /session/db38a2fdbd7897a07519334e358608e0/elements - {"using":"xpath","value":"//span[text()='Error']"}
RESULT: {"using":"xpath","value":"//span[text()='Error']"}
RESULT: undefined
COMMAND: POST /session/db38a2fdbd7897a07519334e358608e0/element - {"using":"xpath","value":"//*[@id=\"__tile112\"]"}
RESULT: {"using":"xpath","value":"//*[@id=\"__tile112\"]"}
COMMAND: POST /session/db38a2fdbd7897a07519334e358608e0/element/f.5CD39E9E148DD78EE9637CED8D1CCE22.d.5AC2D684C8FFD2FC065F7B801D7DE7DC.e.3830/click - {}
RESULT: undefined
COMMAND: POST /session/db38a2fdbd7897a07519334e358608e0/element - {"using":"xpath","value":"//*[@id=\"__tile112\"]"}
RESULT: {"using":"xpath","value":"//*[@id=\"__tile112\"]"}
COMMAND: POST /session/db38a2fdbd7897a07519334e358608e0/element/f.5CD39E9E148DD78EE9637CED8D1CCE22.d.5AC2D684C8FFD2FC065F7B801D7DE7DC.e.3830/click - {}
RESULT: undefined
COMMAND: POST /session/db38a2fdbd7897a07519334e358608e0/execute/async - {"script":"<script> [6424 bytes]","args":[{"element-6066-11e4-a52e-4f735466cecf":"f.5CD39E9E148DD78EE9637CED8D1CCE22.d.5AC2D684C8FFD2FC065F7B801D7DE7DC.e.234"},"getTitle",[]]}
COMMAND: POST /session/db38a2fdbd7897a07519334e358608e0/execute/async - {"script":"<script> [1562 bytes]","args":[{"selector":{"id":"shellAppTitle"},"wdio_ui5_key":"shellAppTitle"}]}
RESULT: {"script":"<script> [1562 bytes]","args":[{"selector":{"id":"shellAppTitle"},"wdio_ui5_key":"shellAppTitle"}]}
COMMAND: POST /session/db38a2fdbd7897a07519334e358608e0/execute/async - {"script":"<script> [6424 bytes]","args":[{"element-6066-11e4-a52e-4f735466cecf":"f.5CD39E9E148DD78EE9637CED8D1CCE22.d.5AC2D684C8FFD2FC065F7B801D7DE7DC.e.3903"},"getTitle",[]]}
RESULT: {"script":"<script> [6424 bytes]","args":[{"element-6066-11e4-a52e-4f735466cecf":"f.5CD39E9E148DD78EE9637CED8D1CCE22.d.5AC2D684C8FFD2FC065F7B801D7DE7DC.e.3903"},"getTitle",[]]}
RESULT: undefined
COMMAND: POST /session/db38a2fdbd7897a07519334e358608e0/element/f.5CD39E9E148DD78EE9637CED8D1CCE22.d.5AC2D684C8FFD2FC065F7B801D7DE7DC.e.3828/click - {}
RESULT: {}
COMMAND: GET /session/db38a2fdbd7897a07519334e358608e0/screenshot - {}
RESULT: {}
]]></system-out>
    </testcase>
    <testcase classname="chrome.136_0_7103_49.windows.Sanity_Tests_US104253" name="Should open ISC Orders Calendar page" time="39.739">
      <system-out><![CDATA[
COMMAND: POST /session/db38a2fdbd7897a07519334e358608e0/execute/async - {"script":"<script> [1562 bytes]","args":[{"selector":{"controlType":"sap.m.GenericTile","properties":{"header":"ISC Orders Calendar"}},"wdio_ui5_key":"sapm.GenericTile{\"header\":\"ISC Orders Calendar\"}"}]}
RESULT: {"script":"<script> [1562 bytes]","args":[{"selector":{"controlType":"sap.m.GenericTile","properties":{"header":"ISC Orders Calendar"}},"wdio_ui5_key":"sapm.GenericTile{\"header\":\"ISC Orders Calendar\"}"}]}
RESULT: undefined
COMMAND: POST /session/db38a2fdbd7897a07519334e358608e0/element - {"using":"xpath","value":"//*[@id=\"__tile107\"]"}
RESULT: {"using":"xpath","value":"//*[@id=\"__tile107\"]"}
COMMAND: POST /session/db38a2fdbd7897a07519334e358608e0/element/f.5CD39E9E148DD78EE9637CED8D1CCE22.d.5AC2D684C8FFD2FC065F7B801D7DE7DC.e.3905/click - {}
RESULT: {}
COMMAND: GET /session/db38a2fdbd7897a07519334e358608e0/screenshot - {}
RESULT: {}
COMMAND: POST /session/db38a2fdbd7897a07519334e358608e0/elements - {"using":"xpath","value":"//span[text()='Error']"}
RESULT: {"using":"xpath","value":"//span[text()='Error']"}
RESULT: undefined
COMMAND: POST /session/db38a2fdbd7897a07519334e358608e0/element - {"using":"xpath","value":"//*[@id=\"__tile107\"]"}
RESULT: {"using":"xpath","value":"//*[@id=\"__tile107\"]"}
COMMAND: POST /session/db38a2fdbd7897a07519334e358608e0/element/f.5CD39E9E148DD78EE9637CED8D1CCE22.d.5AC2D684C8FFD2FC065F7B801D7DE7DC.e.3905/click - {}
RESULT: undefined
COMMAND: POST /session/db38a2fdbd7897a07519334e358608e0/element - {"using":"xpath","value":"//*[@id=\"__tile107\"]"}
RESULT: {"using":"xpath","value":"//*[@id=\"__tile107\"]"}
COMMAND: POST /session/db38a2fdbd7897a07519334e358608e0/element/f.5CD39E9E148DD78EE9637CED8D1CCE22.d.5AC2D684C8FFD2FC065F7B801D7DE7DC.e.3905/click - {}
RESULT: undefined
COMMAND: POST /session/db38a2fdbd7897a07519334e358608e0/execute/async - {"script":"<script> [6424 bytes]","args":[{"element-6066-11e4-a52e-4f735466cecf":"f.5CD39E9E148DD78EE9637CED8D1CCE22.d.5AC2D684C8FFD2FC065F7B801D7DE7DC.e.234"},"getTitle",[]]}
COMMAND: POST /session/db38a2fdbd7897a07519334e358608e0/execute/async - {"script":"<script> [1562 bytes]","args":[{"selector":{"id":"shellAppTitle"},"wdio_ui5_key":"shellAppTitle"}]}
RESULT: {"script":"<script> [1562 bytes]","args":[{"selector":{"id":"shellAppTitle"},"wdio_ui5_key":"shellAppTitle"}]}
COMMAND: POST /session/db38a2fdbd7897a07519334e358608e0/execute/async - {"script":"<script> [6424 bytes]","args":[{"element-6066-11e4-a52e-4f735466cecf":"f.5CD39E9E148DD78EE9637CED8D1CCE22.d.5AC2D684C8FFD2FC065F7B801D7DE7DC.e.4118"},"getTitle",[]]}
RESULT: {"script":"<script> [6424 bytes]","args":[{"element-6066-11e4-a52e-4f735466cecf":"f.5CD39E9E148DD78EE9637CED8D1CCE22.d.5AC2D684C8FFD2FC065F7B801D7DE7DC.e.4118"},"getTitle",[]]}
RESULT: undefined
COMMAND: POST /session/db38a2fdbd7897a07519334e358608e0/element/f.5CD39E9E148DD78EE9637CED8D1CCE22.d.5AC2D684C8FFD2FC065F7B801D7DE7DC.e.3828/click - {}
COMMAND: POST /session/db38a2fdbd7897a07519334e358608e0/element - {"using":"xpath","value":"//*[@id=\"backBtn\"]"}
RESULT: {"using":"xpath","value":"//*[@id=\"backBtn\"]"}
COMMAND: POST /session/db38a2fdbd7897a07519334e358608e0/element/f.5CD39E9E148DD78EE9637CED8D1CCE22.d.5AC2D684C8FFD2FC065F7B801D7DE7DC.e.3828/click - {}
COMMAND: POST /session/db38a2fdbd7897a07519334e358608e0/element - {"using":"xpath","value":"//*[@id=\"backBtn\"]"}
RESULT: {"using":"xpath","value":"//*[@id=\"backBtn\"]"}
COMMAND: POST /session/db38a2fdbd7897a07519334e358608e0/element/f.5CD39E9E148DD78EE9637CED8D1CCE22.d.5AC2D684C8FFD2FC065F7B801D7DE7DC.e.4119/click - {}
RESULT: {}
COMMAND: GET /session/db38a2fdbd7897a07519334e358608e0/screenshot - {}
RESULT: {}
]]></system-out>
    </testcase>
    <testcase classname="chrome.136_0_7103_49.windows.Sanity_Tests_US104253" name="Should open Configure System page" time="38.143">
      <system-out><![CDATA[
COMMAND: POST /session/db38a2fdbd7897a07519334e358608e0/execute/async - {"script":"<script> [1562 bytes]","args":[{"selector":{"controlType":"sap.m.GenericTile","properties":{"header":"Configure System"}},"wdio_ui5_key":"sapm.GenericTile{\"header\":\"Configure System\"}"}]}
RESULT: {"script":"<script> [1562 bytes]","args":[{"selector":{"controlType":"sap.m.GenericTile","properties":{"header":"Configure System"}},"wdio_ui5_key":"sapm.GenericTile{\"header\":\"Configure System\"}"}]}
RESULT: undefined
COMMAND: POST /session/db38a2fdbd7897a07519334e358608e0/element - {"using":"xpath","value":"//*[@id=\"__tile114\"]"}
RESULT: {"using":"xpath","value":"//*[@id=\"__tile114\"]"}
COMMAND: POST /session/db38a2fdbd7897a07519334e358608e0/element/f.5CD39E9E148DD78EE9637CED8D1CCE22.d.5AC2D684C8FFD2FC065F7B801D7DE7DC.e.4121/click - {}
RESULT: {}
COMMAND: GET /session/db38a2fdbd7897a07519334e358608e0/screenshot - {}
RESULT: {}
COMMAND: POST /session/db38a2fdbd7897a07519334e358608e0/elements - {"using":"xpath","value":"//span[text()='Error']"}
RESULT: {"using":"xpath","value":"//span[text()='Error']"}
RESULT: undefined
COMMAND: POST /session/db38a2fdbd7897a07519334e358608e0/element - {"using":"xpath","value":"//*[@id=\"__tile114\"]"}
RESULT: {"using":"xpath","value":"//*[@id=\"__tile114\"]"}
COMMAND: POST /session/db38a2fdbd7897a07519334e358608e0/element/f.5CD39E9E148DD78EE9637CED8D1CCE22.d.5AC2D684C8FFD2FC065F7B801D7DE7DC.e.4121/click - {}
RESULT: undefined
COMMAND: POST /session/db38a2fdbd7897a07519334e358608e0/element - {"using":"xpath","value":"//*[@id=\"__tile114\"]"}
RESULT: {"using":"xpath","value":"//*[@id=\"__tile114\"]"}
COMMAND: POST /session/db38a2fdbd7897a07519334e358608e0/element/f.5CD39E9E148DD78EE9637CED8D1CCE22.d.5AC2D684C8FFD2FC065F7B801D7DE7DC.e.4121/click - {}
RESULT: undefined
COMMAND: POST /session/db38a2fdbd7897a07519334e358608e0/execute/async - {"script":"<script> [6424 bytes]","args":[{"element-6066-11e4-a52e-4f735466cecf":"f.5CD39E9E148DD78EE9637CED8D1CCE22.d.5AC2D684C8FFD2FC065F7B801D7DE7DC.e.234"},"getTitle",[]]}
COMMAND: POST /session/db38a2fdbd7897a07519334e358608e0/execute/async - {"script":"<script> [1562 bytes]","args":[{"selector":{"id":"shellAppTitle"},"wdio_ui5_key":"shellAppTitle"}]}
RESULT: {"script":"<script> [1562 bytes]","args":[{"selector":{"id":"shellAppTitle"},"wdio_ui5_key":"shellAppTitle"}]}
COMMAND: POST /session/db38a2fdbd7897a07519334e358608e0/execute/async - {"script":"<script> [6424 bytes]","args":[{"element-6066-11e4-a52e-4f735466cecf":"f.5CD39E9E148DD78EE9637CED8D1CCE22.d.5AC2D684C8FFD2FC065F7B801D7DE7DC.e.4156"},"getTitle",[]]}
RESULT: {"script":"<script> [6424 bytes]","args":[{"element-6066-11e4-a52e-4f735466cecf":"f.5CD39E9E148DD78EE9637CED8D1CCE22.d.5AC2D684C8FFD2FC065F7B801D7DE7DC.e.4156"},"getTitle",[]]}
RESULT: undefined
COMMAND: POST /session/db38a2fdbd7897a07519334e358608e0/element/f.5CD39E9E148DD78EE9637CED8D1CCE22.d.5AC2D684C8FFD2FC065F7B801D7DE7DC.e.4119/click - {}
RESULT: {}
COMMAND: GET /session/db38a2fdbd7897a07519334e358608e0/screenshot - {}
RESULT: {}
]]></system-out>
    </testcase>
    <testcase classname="chrome.136_0_7103_49.windows.Sanity_Tests_US104253" name="Should open Manage Classifications page" time="37.454">
      <system-out><![CDATA[
COMMAND: POST /session/db38a2fdbd7897a07519334e358608e0/execute/async - {"script":"<script> [1562 bytes]","args":[{"selector":{"controlType":"sap.m.GenericTile","properties":{"header":"Manage Classifications"}},"wdio_ui5_key":"sapm.GenericTile{\"header\":\"Manage Classifications\"}"}]}
RESULT: {"script":"<script> [1562 bytes]","args":[{"selector":{"controlType":"sap.m.GenericTile","properties":{"header":"Manage Classifications"}},"wdio_ui5_key":"sapm.GenericTile{\"header\":\"Manage Classifications\"}"}]}
RESULT: undefined
COMMAND: POST /session/db38a2fdbd7897a07519334e358608e0/element - {"using":"xpath","value":"//*[@id=\"__tile115\"]"}
RESULT: {"using":"xpath","value":"//*[@id=\"__tile115\"]"}
COMMAND: POST /session/db38a2fdbd7897a07519334e358608e0/element/f.5CD39E9E148DD78EE9637CED8D1CCE22.d.5AC2D684C8FFD2FC065F7B801D7DE7DC.e.4160/click - {}
RESULT: {}
COMMAND: GET /session/db38a2fdbd7897a07519334e358608e0/screenshot - {}
RESULT: {}
COMMAND: POST /session/db38a2fdbd7897a07519334e358608e0/elements - {"using":"xpath","value":"//span[text()='Error']"}
RESULT: {"using":"xpath","value":"//span[text()='Error']"}
RESULT: undefined
COMMAND: POST /session/db38a2fdbd7897a07519334e358608e0/element - {"using":"xpath","value":"//*[@id=\"__tile115\"]"}
RESULT: {"using":"xpath","value":"//*[@id=\"__tile115\"]"}
COMMAND: POST /session/db38a2fdbd7897a07519334e358608e0/element/f.5CD39E9E148DD78EE9637CED8D1CCE22.d.5AC2D684C8FFD2FC065F7B801D7DE7DC.e.4160/click - {}
RESULT: undefined
COMMAND: POST /session/db38a2fdbd7897a07519334e358608e0/element - {"using":"xpath","value":"//*[@id=\"__tile115\"]"}
RESULT: {"using":"xpath","value":"//*[@id=\"__tile115\"]"}
COMMAND: POST /session/db38a2fdbd7897a07519334e358608e0/element/f.5CD39E9E148DD78EE9637CED8D1CCE22.d.5AC2D684C8FFD2FC065F7B801D7DE7DC.e.4160/click - {}
RESULT: undefined
COMMAND: POST /session/db38a2fdbd7897a07519334e358608e0/execute/async - {"script":"<script> [6424 bytes]","args":[{"element-6066-11e4-a52e-4f735466cecf":"f.5CD39E9E148DD78EE9637CED8D1CCE22.d.5AC2D684C8FFD2FC065F7B801D7DE7DC.e.234"},"getTitle",[]]}
COMMAND: POST /session/db38a2fdbd7897a07519334e358608e0/execute/async - {"script":"<script> [1562 bytes]","args":[{"selector":{"id":"shellAppTitle"},"wdio_ui5_key":"shellAppTitle"}]}
RESULT: {"script":"<script> [1562 bytes]","args":[{"selector":{"id":"shellAppTitle"},"wdio_ui5_key":"shellAppTitle"}]}
COMMAND: POST /session/db38a2fdbd7897a07519334e358608e0/execute/async - {"script":"<script> [6424 bytes]","args":[{"element-6066-11e4-a52e-4f735466cecf":"f.5CD39E9E148DD78EE9637CED8D1CCE22.d.5AC2D684C8FFD2FC065F7B801D7DE7DC.e.4368"},"getTitle",[]]}
RESULT: {"script":"<script> [6424 bytes]","args":[{"element-6066-11e4-a52e-4f735466cecf":"f.5CD39E9E148DD78EE9637CED8D1CCE22.d.5AC2D684C8FFD2FC065F7B801D7DE7DC.e.4368"},"getTitle",[]]}
RESULT: undefined
COMMAND: POST /session/db38a2fdbd7897a07519334e358608e0/element/f.5CD39E9E148DD78EE9637CED8D1CCE22.d.5AC2D684C8FFD2FC065F7B801D7DE7DC.e.4119/click - {}
COMMAND: POST /session/db38a2fdbd7897a07519334e358608e0/element - {"using":"xpath","value":"//*[@id=\"backBtn\"]"}
RESULT: {"using":"xpath","value":"//*[@id=\"backBtn\"]"}
COMMAND: POST /session/db38a2fdbd7897a07519334e358608e0/element/f.5CD39E9E148DD78EE9637CED8D1CCE22.d.5AC2D684C8FFD2FC065F7B801D7DE7DC.e.4119/click - {}
COMMAND: POST /session/db38a2fdbd7897a07519334e358608e0/element - {"using":"xpath","value":"//*[@id=\"backBtn\"]"}
RESULT: {"using":"xpath","value":"//*[@id=\"backBtn\"]"}
COMMAND: POST /session/db38a2fdbd7897a07519334e358608e0/element/f.5CD39E9E148DD78EE9637CED8D1CCE22.d.5AC2D684C8FFD2FC065F7B801D7DE7DC.e.4369/click - {}
RESULT: {}
COMMAND: GET /session/db38a2fdbd7897a07519334e358608e0/screenshot - {}
RESULT: {}
]]></system-out>
    </testcase>
    <testcase classname="chrome.136_0_7103_49.windows.Sanity_Tests_US104253" name="Should open Data Explorer page" time="38.783">
      <system-out><![CDATA[
COMMAND: POST /session/db38a2fdbd7897a07519334e358608e0/execute/async - {"script":"<script> [1562 bytes]","args":[{"selector":{"controlType":"sap.m.GenericTile","properties":{"header":"Data Explorer"}},"wdio_ui5_key":"sapm.GenericTile{\"header\":\"Data Explorer\"}"}]}
RESULT: {"script":"<script> [1562 bytes]","args":[{"selector":{"controlType":"sap.m.GenericTile","properties":{"header":"Data Explorer"}},"wdio_ui5_key":"sapm.GenericTile{\"header\":\"Data Explorer\"}"}]}
RESULT: undefined
COMMAND: POST /session/db38a2fdbd7897a07519334e358608e0/element - {"using":"xpath","value":"//*[@id=\"__tile117\"]"}
RESULT: {"using":"xpath","value":"//*[@id=\"__tile117\"]"}
COMMAND: POST /session/db38a2fdbd7897a07519334e358608e0/element/f.5CD39E9E148DD78EE9637CED8D1CCE22.d.5AC2D684C8FFD2FC065F7B801D7DE7DC.e.4371/click - {}
RESULT: {}
COMMAND: GET /session/db38a2fdbd7897a07519334e358608e0/screenshot - {}
RESULT: {}
COMMAND: POST /session/db38a2fdbd7897a07519334e358608e0/elements - {"using":"xpath","value":"//span[text()='Error']"}
RESULT: {"using":"xpath","value":"//span[text()='Error']"}
RESULT: undefined
COMMAND: POST /session/db38a2fdbd7897a07519334e358608e0/element - {"using":"xpath","value":"//*[@id=\"__tile117\"]"}
RESULT: {"using":"xpath","value":"//*[@id=\"__tile117\"]"}
COMMAND: POST /session/db38a2fdbd7897a07519334e358608e0/element/f.5CD39E9E148DD78EE9637CED8D1CCE22.d.5AC2D684C8FFD2FC065F7B801D7DE7DC.e.4371/click - {}
RESULT: undefined
COMMAND: POST /session/db38a2fdbd7897a07519334e358608e0/element - {"using":"xpath","value":"//*[@id=\"__tile117\"]"}
RESULT: {"using":"xpath","value":"//*[@id=\"__tile117\"]"}
COMMAND: POST /session/db38a2fdbd7897a07519334e358608e0/element/f.5CD39E9E148DD78EE9637CED8D1CCE22.d.5AC2D684C8FFD2FC065F7B801D7DE7DC.e.4371/click - {}
RESULT: undefined
COMMAND: POST /session/db38a2fdbd7897a07519334e358608e0/execute/async - {"script":"<script> [6424 bytes]","args":[{"element-6066-11e4-a52e-4f735466cecf":"f.5CD39E9E148DD78EE9637CED8D1CCE22.d.5AC2D684C8FFD2FC065F7B801D7DE7DC.e.234"},"getTitle",[]]}
COMMAND: POST /session/db38a2fdbd7897a07519334e358608e0/execute/async - {"script":"<script> [1562 bytes]","args":[{"selector":{"id":"shellAppTitle"},"wdio_ui5_key":"shellAppTitle"}]}
RESULT: {"script":"<script> [1562 bytes]","args":[{"selector":{"id":"shellAppTitle"},"wdio_ui5_key":"shellAppTitle"}]}
COMMAND: POST /session/db38a2fdbd7897a07519334e358608e0/execute/async - {"script":"<script> [6424 bytes]","args":[{"element-6066-11e4-a52e-4f735466cecf":"f.5CD39E9E148DD78EE9637CED8D1CCE22.d.5AC2D684C8FFD2FC065F7B801D7DE7DC.e.4524"},"getTitle",[]]}
RESULT: {"script":"<script> [6424 bytes]","args":[{"element-6066-11e4-a52e-4f735466cecf":"f.5CD39E9E148DD78EE9637CED8D1CCE22.d.5AC2D684C8FFD2FC065F7B801D7DE7DC.e.4524"},"getTitle",[]]}
RESULT: undefined
COMMAND: POST /session/db38a2fdbd7897a07519334e358608e0/element/f.5CD39E9E148DD78EE9637CED8D1CCE22.d.5AC2D684C8FFD2FC065F7B801D7DE7DC.e.4369/click - {}
RESULT: {}
COMMAND: GET /session/db38a2fdbd7897a07519334e358608e0/screenshot - {}
RESULT: {}
]]></system-out>
    </testcase>
    <testcase classname="chrome.136_0_7103_49.windows.Sanity_Tests_US104253" name="Should open Performance Monitor page" time="35.994">
      <system-out><![CDATA[
COMMAND: POST /session/db38a2fdbd7897a07519334e358608e0/execute/async - {"script":"<script> [1562 bytes]","args":[{"selector":{"controlType":"sap.m.GenericTile","properties":{"header":"Performance Monitor"}},"wdio_ui5_key":"sapm.GenericTile{\"header\":\"Performance Monitor\"}"}]}
RESULT: {"script":"<script> [1562 bytes]","args":[{"selector":{"controlType":"sap.m.GenericTile","properties":{"header":"Performance Monitor"}},"wdio_ui5_key":"sapm.GenericTile{\"header\":\"Performance Monitor\"}"}]}
RESULT: undefined
COMMAND: POST /session/db38a2fdbd7897a07519334e358608e0/element - {"using":"xpath","value":"//*[@id=\"__tile116\"]"}
RESULT: {"using":"xpath","value":"//*[@id=\"__tile116\"]"}
COMMAND: POST /session/db38a2fdbd7897a07519334e358608e0/element/f.5CD39E9E148DD78EE9637CED8D1CCE22.d.5AC2D684C8FFD2FC065F7B801D7DE7DC.e.4527/click - {}
RESULT: {}
COMMAND: GET /session/db38a2fdbd7897a07519334e358608e0/screenshot - {}
RESULT: {}
COMMAND: POST /session/db38a2fdbd7897a07519334e358608e0/elements - {"using":"xpath","value":"//span[text()='Error']"}
RESULT: {"using":"xpath","value":"//span[text()='Error']"}
RESULT: undefined
COMMAND: POST /session/db38a2fdbd7897a07519334e358608e0/element - {"using":"xpath","value":"//*[@id=\"__tile116\"]"}
RESULT: {"using":"xpath","value":"//*[@id=\"__tile116\"]"}
COMMAND: POST /session/db38a2fdbd7897a07519334e358608e0/element/f.5CD39E9E148DD78EE9637CED8D1CCE22.d.5AC2D684C8FFD2FC065F7B801D7DE7DC.e.4527/click - {}
RESULT: undefined
COMMAND: POST /session/db38a2fdbd7897a07519334e358608e0/element - {"using":"xpath","value":"//*[@id=\"__tile116\"]"}
RESULT: {"using":"xpath","value":"//*[@id=\"__tile116\"]"}
COMMAND: POST /session/db38a2fdbd7897a07519334e358608e0/element/f.5CD39E9E148DD78EE9637CED8D1CCE22.d.5AC2D684C8FFD2FC065F7B801D7DE7DC.e.4527/click - {}
RESULT: undefined
COMMAND: POST /session/db38a2fdbd7897a07519334e358608e0/execute/async - {"script":"<script> [6424 bytes]","args":[{"element-6066-11e4-a52e-4f735466cecf":"f.5CD39E9E148DD78EE9637CED8D1CCE22.d.5AC2D684C8FFD2FC065F7B801D7DE7DC.e.234"},"getTitle",[]]}
COMMAND: POST /session/db38a2fdbd7897a07519334e358608e0/execute/async - {"script":"<script> [1562 bytes]","args":[{"selector":{"id":"shellAppTitle"},"wdio_ui5_key":"shellAppTitle"}]}
RESULT: {"script":"<script> [1562 bytes]","args":[{"selector":{"id":"shellAppTitle"},"wdio_ui5_key":"shellAppTitle"}]}
COMMAND: POST /session/db38a2fdbd7897a07519334e358608e0/execute/async - {"script":"<script> [6424 bytes]","args":[{"element-6066-11e4-a52e-4f735466cecf":"f.5CD39E9E148DD78EE9637CED8D1CCE22.d.5AC2D684C8FFD2FC065F7B801D7DE7DC.e.4569"},"getTitle",[]]}
RESULT: {"script":"<script> [6424 bytes]","args":[{"element-6066-11e4-a52e-4f735466cecf":"f.5CD39E9E148DD78EE9637CED8D1CCE22.d.5AC2D684C8FFD2FC065F7B801D7DE7DC.e.4569"},"getTitle",[]]}
RESULT: undefined
COMMAND: POST /session/db38a2fdbd7897a07519334e358608e0/element/f.5CD39E9E148DD78EE9637CED8D1CCE22.d.5AC2D684C8FFD2FC065F7B801D7DE7DC.e.4369/click - {}
COMMAND: POST /session/db38a2fdbd7897a07519334e358608e0/element - {"using":"xpath","value":"//*[@id=\"backBtn\"]"}
RESULT: {"using":"xpath","value":"//*[@id=\"backBtn\"]"}
COMMAND: POST /session/db38a2fdbd7897a07519334e358608e0/element/f.5CD39E9E148DD78EE9637CED8D1CCE22.d.5AC2D684C8FFD2FC065F7B801D7DE7DC.e.4369/click - {}
COMMAND: POST /session/db38a2fdbd7897a07519334e358608e0/element - {"using":"xpath","value":"//*[@id=\"backBtn\"]"}
RESULT: {"using":"xpath","value":"//*[@id=\"backBtn\"]"}
COMMAND: POST /session/db38a2fdbd7897a07519334e358608e0/element/f.5CD39E9E148DD78EE9637CED8D1CCE22.d.5AC2D684C8FFD2FC065F7B801D7DE7DC.e.4570/click - {}
RESULT: {}
COMMAND: GET /session/db38a2fdbd7897a07519334e358608e0/screenshot - {}
RESULT: {}
]]></system-out>
    </testcase>
    <testcase classname="chrome.136_0_7103_49.windows.Sanity_Tests_US104253" name="Should open Organizational Model page" time="36.427">
      <system-out><![CDATA[
COMMAND: POST /session/db38a2fdbd7897a07519334e358608e0/execute/async - {"script":"<script> [1562 bytes]","args":[{"selector":{"controlType":"sap.m.GenericTile","properties":{"header":"Organizational Model"}},"wdio_ui5_key":"sapm.GenericTile{\"header\":\"Organizational Model\"}"}]}
RESULT: {"script":"<script> [1562 bytes]","args":[{"selector":{"controlType":"sap.m.GenericTile","properties":{"header":"Organizational Model"}},"wdio_ui5_key":"sapm.GenericTile{\"header\":\"Organizational Model\"}"}]}
RESULT: undefined
COMMAND: POST /session/db38a2fdbd7897a07519334e358608e0/element - {"using":"xpath","value":"//*[@id=\"__tile120\"]"}
RESULT: {"using":"xpath","value":"//*[@id=\"__tile120\"]"}
COMMAND: POST /session/db38a2fdbd7897a07519334e358608e0/element/f.5CD39E9E148DD78EE9637CED8D1CCE22.d.5AC2D684C8FFD2FC065F7B801D7DE7DC.e.4572/click - {}
RESULT: {}
COMMAND: GET /session/db38a2fdbd7897a07519334e358608e0/screenshot - {}
RESULT: {}
COMMAND: POST /session/db38a2fdbd7897a07519334e358608e0/elements - {"using":"xpath","value":"//span[text()='Error']"}
RESULT: {"using":"xpath","value":"//span[text()='Error']"}
RESULT: undefined
COMMAND: POST /session/db38a2fdbd7897a07519334e358608e0/element - {"using":"xpath","value":"//*[@id=\"__tile120\"]"}
RESULT: {"using":"xpath","value":"//*[@id=\"__tile120\"]"}
COMMAND: POST /session/db38a2fdbd7897a07519334e358608e0/element/f.5CD39E9E148DD78EE9637CED8D1CCE22.d.5AC2D684C8FFD2FC065F7B801D7DE7DC.e.4572/click - {}
RESULT: undefined
COMMAND: POST /session/db38a2fdbd7897a07519334e358608e0/element - {"using":"xpath","value":"//*[@id=\"__tile120\"]"}
RESULT: {"using":"xpath","value":"//*[@id=\"__tile120\"]"}
COMMAND: POST /session/db38a2fdbd7897a07519334e358608e0/element/f.5CD39E9E148DD78EE9637CED8D1CCE22.d.5AC2D684C8FFD2FC065F7B801D7DE7DC.e.4572/click - {}
RESULT: undefined
COMMAND: POST /session/db38a2fdbd7897a07519334e358608e0/execute/async - {"script":"<script> [6424 bytes]","args":[{"element-6066-11e4-a52e-4f735466cecf":"f.5CD39E9E148DD78EE9637CED8D1CCE22.d.5AC2D684C8FFD2FC065F7B801D7DE7DC.e.234"},"getTitle",[]]}
COMMAND: POST /session/db38a2fdbd7897a07519334e358608e0/execute/async - {"script":"<script> [1562 bytes]","args":[{"selector":{"id":"shellAppTitle"},"wdio_ui5_key":"shellAppTitle"}]}
RESULT: {"script":"<script> [1562 bytes]","args":[{"selector":{"id":"shellAppTitle"},"wdio_ui5_key":"shellAppTitle"}]}
COMMAND: POST /session/db38a2fdbd7897a07519334e358608e0/execute/async - {"script":"<script> [6424 bytes]","args":[{"element-6066-11e4-a52e-4f735466cecf":"f.5CD39E9E148DD78EE9637CED8D1CCE22.d.5AC2D684C8FFD2FC065F7B801D7DE7DC.e.4590"},"getTitle",[]]}
RESULT: {"script":"<script> [6424 bytes]","args":[{"element-6066-11e4-a52e-4f735466cecf":"f.5CD39E9E148DD78EE9637CED8D1CCE22.d.5AC2D684C8FFD2FC065F7B801D7DE7DC.e.4590"},"getTitle",[]]}
RESULT: undefined
COMMAND: POST /session/db38a2fdbd7897a07519334e358608e0/element/f.5CD39E9E148DD78EE9637CED8D1CCE22.d.5AC2D684C8FFD2FC065F7B801D7DE7DC.e.4570/click - {}
RESULT: {}
COMMAND: GET /session/db38a2fdbd7897a07519334e358608e0/screenshot - {}
RESULT: {}
]]></system-out>
    </testcase>
    <testcase classname="chrome.136_0_7103_49.windows.Sanity_Tests_US104253" name="Should open Manage Roles page" time="36.332">
      <system-out><![CDATA[
COMMAND: POST /session/db38a2fdbd7897a07519334e358608e0/execute/async - {"script":"<script> [1562 bytes]","args":[{"selector":{"controlType":"sap.m.GenericTile","properties":{"header":"Manage Roles"}},"wdio_ui5_key":"sapm.GenericTile{\"header\":\"Manage Roles\"}"}]}
RESULT: {"script":"<script> [1562 bytes]","args":[{"selector":{"controlType":"sap.m.GenericTile","properties":{"header":"Manage Roles"}},"wdio_ui5_key":"sapm.GenericTile{\"header\":\"Manage Roles\"}"}]}
RESULT: undefined
COMMAND: POST /session/db38a2fdbd7897a07519334e358608e0/element - {"using":"xpath","value":"//*[@id=\"__tile119\"]"}
RESULT: {"using":"xpath","value":"//*[@id=\"__tile119\"]"}
COMMAND: POST /session/db38a2fdbd7897a07519334e358608e0/element/f.5CD39E9E148DD78EE9637CED8D1CCE22.d.5AC2D684C8FFD2FC065F7B801D7DE7DC.e.4594/click - {}
RESULT: {}
COMMAND: GET /session/db38a2fdbd7897a07519334e358608e0/screenshot - {}
RESULT: {}
COMMAND: POST /session/db38a2fdbd7897a07519334e358608e0/elements - {"using":"xpath","value":"//span[text()='Error']"}
RESULT: {"using":"xpath","value":"//span[text()='Error']"}
RESULT: undefined
COMMAND: POST /session/db38a2fdbd7897a07519334e358608e0/element - {"using":"xpath","value":"//*[@id=\"__tile119\"]"}
RESULT: {"using":"xpath","value":"//*[@id=\"__tile119\"]"}
COMMAND: POST /session/db38a2fdbd7897a07519334e358608e0/element/f.5CD39E9E148DD78EE9637CED8D1CCE22.d.5AC2D684C8FFD2FC065F7B801D7DE7DC.e.4594/click - {}
RESULT: undefined
COMMAND: POST /session/db38a2fdbd7897a07519334e358608e0/element - {"using":"xpath","value":"//*[@id=\"__tile119\"]"}
RESULT: {"using":"xpath","value":"//*[@id=\"__tile119\"]"}
COMMAND: POST /session/db38a2fdbd7897a07519334e358608e0/element/f.5CD39E9E148DD78EE9637CED8D1CCE22.d.5AC2D684C8FFD2FC065F7B801D7DE7DC.e.4594/click - {}
RESULT: undefined
COMMAND: POST /session/db38a2fdbd7897a07519334e358608e0/execute/async - {"script":"<script> [6424 bytes]","args":[{"element-6066-11e4-a52e-4f735466cecf":"f.5CD39E9E148DD78EE9637CED8D1CCE22.d.5AC2D684C8FFD2FC065F7B801D7DE7DC.e.234"},"getTitle",[]]}
COMMAND: POST /session/db38a2fdbd7897a07519334e358608e0/execute/async - {"script":"<script> [1562 bytes]","args":[{"selector":{"id":"shellAppTitle"},"wdio_ui5_key":"shellAppTitle"}]}
RESULT: {"script":"<script> [1562 bytes]","args":[{"selector":{"id":"shellAppTitle"},"wdio_ui5_key":"shellAppTitle"}]}
COMMAND: POST /session/db38a2fdbd7897a07519334e358608e0/execute/async - {"script":"<script> [6424 bytes]","args":[{"element-6066-11e4-a52e-4f735466cecf":"f.5CD39E9E148DD78EE9637CED8D1CCE22.d.5AC2D684C8FFD2FC065F7B801D7DE7DC.e.4640"},"getTitle",[]]}
RESULT: {"script":"<script> [6424 bytes]","args":[{"element-6066-11e4-a52e-4f735466cecf":"f.5CD39E9E148DD78EE9637CED8D1CCE22.d.5AC2D684C8FFD2FC065F7B801D7DE7DC.e.4640"},"getTitle",[]]}
RESULT: undefined
COMMAND: POST /session/db38a2fdbd7897a07519334e358608e0/element/f.5CD39E9E148DD78EE9637CED8D1CCE22.d.5AC2D684C8FFD2FC065F7B801D7DE7DC.e.4570/click - {}
COMMAND: POST /session/db38a2fdbd7897a07519334e358608e0/element - {"using":"xpath","value":"//*[@id=\"backBtn\"]"}
RESULT: {"using":"xpath","value":"//*[@id=\"backBtn\"]"}
COMMAND: POST /session/db38a2fdbd7897a07519334e358608e0/element/f.5CD39E9E148DD78EE9637CED8D1CCE22.d.5AC2D684C8FFD2FC065F7B801D7DE7DC.e.4570/click - {}
COMMAND: POST /session/db38a2fdbd7897a07519334e358608e0/element - {"using":"xpath","value":"//*[@id=\"backBtn\"]"}
RESULT: {"using":"xpath","value":"//*[@id=\"backBtn\"]"}
COMMAND: POST /session/db38a2fdbd7897a07519334e358608e0/element/f.5CD39E9E148DD78EE9637CED8D1CCE22.d.5AC2D684C8FFD2FC065F7B801D7DE7DC.e.4641/click - {}
RESULT: {}
COMMAND: GET /session/db38a2fdbd7897a07519334e358608e0/screenshot - {}
RESULT: {}
]]></system-out>
    </testcase>
    <testcase classname="chrome.136_0_7103_49.windows.Sanity_Tests_US104253" name="Should open Authorization Tables page" time="43.65">
      <system-out><![CDATA[
COMMAND: POST /session/db38a2fdbd7897a07519334e358608e0/execute/async - {"script":"<script> [1562 bytes]","args":[{"selector":{"controlType":"sap.m.GenericTile","properties":{"header":"Authorization Tables"}},"wdio_ui5_key":"sapm.GenericTile{\"header\":\"Authorization Tables\"}"}]}
RESULT: {"script":"<script> [1562 bytes]","args":[{"selector":{"controlType":"sap.m.GenericTile","properties":{"header":"Authorization Tables"}},"wdio_ui5_key":"sapm.GenericTile{\"header\":\"Authorization Tables\"}"}]}
RESULT: undefined
COMMAND: POST /session/db38a2fdbd7897a07519334e358608e0/element - {"using":"xpath","value":"//*[@id=\"__tile118\"]"}
RESULT: {"using":"xpath","value":"//*[@id=\"__tile118\"]"}
COMMAND: POST /session/db38a2fdbd7897a07519334e358608e0/element/f.5CD39E9E148DD78EE9637CED8D1CCE22.d.5AC2D684C8FFD2FC065F7B801D7DE7DC.e.4643/click - {}
RESULT: {}
COMMAND: GET /session/db38a2fdbd7897a07519334e358608e0/screenshot - {}
RESULT: {}
COMMAND: POST /session/db38a2fdbd7897a07519334e358608e0/elements - {"using":"xpath","value":"//span[text()='Error']"}
RESULT: {"using":"xpath","value":"//span[text()='Error']"}
RESULT: undefined
COMMAND: POST /session/db38a2fdbd7897a07519334e358608e0/element - {"using":"xpath","value":"//*[@id=\"__tile118\"]"}
RESULT: {"using":"xpath","value":"//*[@id=\"__tile118\"]"}
COMMAND: POST /session/db38a2fdbd7897a07519334e358608e0/element/f.5CD39E9E148DD78EE9637CED8D1CCE22.d.5AC2D684C8FFD2FC065F7B801D7DE7DC.e.4643/click - {}
RESULT: undefined
COMMAND: POST /session/db38a2fdbd7897a07519334e358608e0/element - {"using":"xpath","value":"//*[@id=\"__tile118\"]"}
RESULT: {"using":"xpath","value":"//*[@id=\"__tile118\"]"}
COMMAND: POST /session/db38a2fdbd7897a07519334e358608e0/element/f.5CD39E9E148DD78EE9637CED8D1CCE22.d.5AC2D684C8FFD2FC065F7B801D7DE7DC.e.4643/click - {}
RESULT: undefined
COMMAND: POST /session/db38a2fdbd7897a07519334e358608e0/execute/async - {"script":"<script> [6424 bytes]","args":[{"element-6066-11e4-a52e-4f735466cecf":"f.5CD39E9E148DD78EE9637CED8D1CCE22.d.5AC2D684C8FFD2FC065F7B801D7DE7DC.e.234"},"getTitle",[]]}
COMMAND: POST /session/db38a2fdbd7897a07519334e358608e0/execute/async - {"script":"<script> [1562 bytes]","args":[{"selector":{"id":"shellAppTitle"},"wdio_ui5_key":"shellAppTitle"}]}
RESULT: {"script":"<script> [1562 bytes]","args":[{"selector":{"id":"shellAppTitle"},"wdio_ui5_key":"shellAppTitle"}]}
COMMAND: POST /session/db38a2fdbd7897a07519334e358608e0/execute/async - {"script":"<script> [6424 bytes]","args":[{"element-6066-11e4-a52e-4f735466cecf":"f.5CD39E9E148DD78EE9637CED8D1CCE22.d.5AC2D684C8FFD2FC065F7B801D7DE7DC.e.4720"},"getTitle",[]]}
RESULT: {"script":"<script> [6424 bytes]","args":[{"element-6066-11e4-a52e-4f735466cecf":"f.5CD39E9E148DD78EE9637CED8D1CCE22.d.5AC2D684C8FFD2FC065F7B801D7DE7DC.e.4720"},"getTitle",[]]}
RESULT: undefined
COMMAND: POST /session/db38a2fdbd7897a07519334e358608e0/element/f.5CD39E9E148DD78EE9637CED8D1CCE22.d.5AC2D684C8FFD2FC065F7B801D7DE7DC.e.4641/click - {}
RESULT: {}
COMMAND: GET /session/db38a2fdbd7897a07519334e358608e0/screenshot - {}
RESULT: {}
]]></system-out>
    </testcase>
    <testcase classname="chrome.136_0_7103_49.windows.Sanity_Tests_US104253" name="Should open User Maintenance page" time="38.5">
      <system-out><![CDATA[
COMMAND: POST /session/db38a2fdbd7897a07519334e358608e0/execute/async - {"script":"<script> [1562 bytes]","args":[{"selector":{"controlType":"sap.m.GenericTile","properties":{"header":"User Maintenance"}},"wdio_ui5_key":"sapm.GenericTile{\"header\":\"User Maintenance\"}"}]}
RESULT: {"script":"<script> [1562 bytes]","args":[{"selector":{"controlType":"sap.m.GenericTile","properties":{"header":"User Maintenance"}},"wdio_ui5_key":"sapm.GenericTile{\"header\":\"User Maintenance\"}"}]}
RESULT: undefined
COMMAND: POST /session/db38a2fdbd7897a07519334e358608e0/element - {"using":"xpath","value":"//*[@id=\"__tile121\"]"}
RESULT: {"using":"xpath","value":"//*[@id=\"__tile121\"]"}
COMMAND: POST /session/db38a2fdbd7897a07519334e358608e0/element/f.5CD39E9E148DD78EE9637CED8D1CCE22.d.5AC2D684C8FFD2FC065F7B801D7DE7DC.e.4722/click - {}
RESULT: {}
COMMAND: GET /session/db38a2fdbd7897a07519334e358608e0/screenshot - {}
RESULT: {}
COMMAND: POST /session/db38a2fdbd7897a07519334e358608e0/elements - {"using":"xpath","value":"//span[text()='Error']"}
RESULT: {"using":"xpath","value":"//span[text()='Error']"}
RESULT: undefined
COMMAND: POST /session/db38a2fdbd7897a07519334e358608e0/element - {"using":"xpath","value":"//*[@id=\"__tile121\"]"}
RESULT: {"using":"xpath","value":"//*[@id=\"__tile121\"]"}
COMMAND: POST /session/db38a2fdbd7897a07519334e358608e0/element/f.5CD39E9E148DD78EE9637CED8D1CCE22.d.5AC2D684C8FFD2FC065F7B801D7DE7DC.e.4722/click - {}
RESULT: undefined
COMMAND: POST /session/db38a2fdbd7897a07519334e358608e0/element - {"using":"xpath","value":"//*[@id=\"__tile121\"]"}
RESULT: {"using":"xpath","value":"//*[@id=\"__tile121\"]"}
COMMAND: POST /session/db38a2fdbd7897a07519334e358608e0/element/f.5CD39E9E148DD78EE9637CED8D1CCE22.d.5AC2D684C8FFD2FC065F7B801D7DE7DC.e.4722/click - {}
RESULT: undefined
COMMAND: POST /session/db38a2fdbd7897a07519334e358608e0/execute/async - {"script":"<script> [6424 bytes]","args":[{"element-6066-11e4-a52e-4f735466cecf":"f.5CD39E9E148DD78EE9637CED8D1CCE22.d.5AC2D684C8FFD2FC065F7B801D7DE7DC.e.234"},"getTitle",[]]}
COMMAND: POST /session/db38a2fdbd7897a07519334e358608e0/execute/async - {"script":"<script> [1562 bytes]","args":[{"selector":{"id":"shellAppTitle"},"wdio_ui5_key":"shellAppTitle"}]}
RESULT: {"script":"<script> [1562 bytes]","args":[{"selector":{"id":"shellAppTitle"},"wdio_ui5_key":"shellAppTitle"}]}
COMMAND: POST /session/db38a2fdbd7897a07519334e358608e0/execute/async - {"script":"<script> [6424 bytes]","args":[{"element-6066-11e4-a52e-4f735466cecf":"f.5CD39E9E148DD78EE9637CED8D1CCE22.d.5AC2D684C8FFD2FC065F7B801D7DE7DC.e.4811"},"getTitle",[]]}
RESULT: {"script":"<script> [6424 bytes]","args":[{"element-6066-11e4-a52e-4f735466cecf":"f.5CD39E9E148DD78EE9637CED8D1CCE22.d.5AC2D684C8FFD2FC065F7B801D7DE7DC.e.4811"},"getTitle",[]]}
RESULT: undefined
COMMAND: POST /session/db38a2fdbd7897a07519334e358608e0/element/f.5CD39E9E148DD78EE9637CED8D1CCE22.d.5AC2D684C8FFD2FC065F7B801D7DE7DC.e.4641/click - {}
COMMAND: POST /session/db38a2fdbd7897a07519334e358608e0/element - {"using":"xpath","value":"//*[@id=\"backBtn\"]"}
RESULT: {"using":"xpath","value":"//*[@id=\"backBtn\"]"}
COMMAND: POST /session/db38a2fdbd7897a07519334e358608e0/element/f.5CD39E9E148DD78EE9637CED8D1CCE22.d.5AC2D684C8FFD2FC065F7B801D7DE7DC.e.4641/click - {}
COMMAND: POST /session/db38a2fdbd7897a07519334e358608e0/element - {"using":"xpath","value":"//*[@id=\"backBtn\"]"}
RESULT: {"using":"xpath","value":"//*[@id=\"backBtn\"]"}
COMMAND: POST /session/db38a2fdbd7897a07519334e358608e0/element/f.5CD39E9E148DD78EE9637CED8D1CCE22.d.5AC2D684C8FFD2FC065F7B801D7DE7DC.e.4812/click - {}
RESULT: {}
COMMAND: GET /session/db38a2fdbd7897a07519334e358608e0/screenshot - {}
RESULT: {}
]]></system-out>
    </testcase>
    <testcase classname="chrome.136_0_7103_49.windows.Sanity_Tests_US104253" name="Should open Schedule Jobs page" time="36.145">
      <system-out><![CDATA[
COMMAND: POST /session/db38a2fdbd7897a07519334e358608e0/execute/async - {"script":"<script> [1562 bytes]","args":[{"selector":{"controlType":"sap.m.GenericTile","properties":{"header":"Schedule Jobs"}},"wdio_ui5_key":"sapm.GenericTile{\"header\":\"Schedule Jobs\"}"}]}
RESULT: {"script":"<script> [1562 bytes]","args":[{"selector":{"controlType":"sap.m.GenericTile","properties":{"header":"Schedule Jobs"}},"wdio_ui5_key":"sapm.GenericTile{\"header\":\"Schedule Jobs\"}"}]}
RESULT: undefined
COMMAND: POST /session/db38a2fdbd7897a07519334e358608e0/element - {"using":"xpath","value":"//*[@id=\"__tile127\"]"}
RESULT: {"using":"xpath","value":"//*[@id=\"__tile127\"]"}
COMMAND: POST /session/db38a2fdbd7897a07519334e358608e0/element/f.5CD39E9E148DD78EE9637CED8D1CCE22.d.5AC2D684C8FFD2FC065F7B801D7DE7DC.e.4814/click - {}
RESULT: {}
COMMAND: GET /session/db38a2fdbd7897a07519334e358608e0/screenshot - {}
RESULT: {}
COMMAND: POST /session/db38a2fdbd7897a07519334e358608e0/elements - {"using":"xpath","value":"//span[text()='Error']"}
RESULT: {"using":"xpath","value":"//span[text()='Error']"}
RESULT: undefined
COMMAND: POST /session/db38a2fdbd7897a07519334e358608e0/element - {"using":"xpath","value":"//*[@id=\"__tile127\"]"}
RESULT: {"using":"xpath","value":"//*[@id=\"__tile127\"]"}
COMMAND: POST /session/db38a2fdbd7897a07519334e358608e0/element/f.5CD39E9E148DD78EE9637CED8D1CCE22.d.5AC2D684C8FFD2FC065F7B801D7DE7DC.e.4814/click - {}
RESULT: undefined
COMMAND: POST /session/db38a2fdbd7897a07519334e358608e0/element - {"using":"xpath","value":"//*[@id=\"__tile127\"]"}
RESULT: {"using":"xpath","value":"//*[@id=\"__tile127\"]"}
COMMAND: POST /session/db38a2fdbd7897a07519334e358608e0/element/f.5CD39E9E148DD78EE9637CED8D1CCE22.d.5AC2D684C8FFD2FC065F7B801D7DE7DC.e.4814/click - {}
RESULT: undefined
COMMAND: POST /session/db38a2fdbd7897a07519334e358608e0/execute/async - {"script":"<script> [6424 bytes]","args":[{"element-6066-11e4-a52e-4f735466cecf":"f.5CD39E9E148DD78EE9637CED8D1CCE22.d.5AC2D684C8FFD2FC065F7B801D7DE7DC.e.234"},"getTitle",[]]}
COMMAND: POST /session/db38a2fdbd7897a07519334e358608e0/execute/async - {"script":"<script> [1562 bytes]","args":[{"selector":{"id":"shellAppTitle"},"wdio_ui5_key":"shellAppTitle"}]}
RESULT: {"script":"<script> [1562 bytes]","args":[{"selector":{"id":"shellAppTitle"},"wdio_ui5_key":"shellAppTitle"}]}
COMMAND: POST /session/db38a2fdbd7897a07519334e358608e0/execute/async - {"script":"<script> [6424 bytes]","args":[{"element-6066-11e4-a52e-4f735466cecf":"f.5CD39E9E148DD78EE9637CED8D1CCE22.d.5AC2D684C8FFD2FC065F7B801D7DE7DC.e.4859"},"getTitle",[]]}
RESULT: {"script":"<script> [6424 bytes]","args":[{"element-6066-11e4-a52e-4f735466cecf":"f.5CD39E9E148DD78EE9637CED8D1CCE22.d.5AC2D684C8FFD2FC065F7B801D7DE7DC.e.4859"},"getTitle",[]]}
RESULT: undefined
COMMAND: POST /session/db38a2fdbd7897a07519334e358608e0/element/f.5CD39E9E148DD78EE9637CED8D1CCE22.d.5AC2D684C8FFD2FC065F7B801D7DE7DC.e.4812/click - {}
COMMAND: POST /session/db38a2fdbd7897a07519334e358608e0/element/f.5CD39E9E148DD78EE9637CED8D1CCE22.d.5AC2D684C8FFD2FC065F7B801D7DE7DC.e.4812/click - {}
RESULT: {}
COMMAND: GET /session/db38a2fdbd7897a07519334e358608e0/screenshot - {}
COMMAND: POST /session/db38a2fdbd7897a07519334e358608e0/element - {"using":"xpath","value":"//*[@id=\"backBtn\"]"}
RESULT: {}
RESULT: {"using":"xpath","value":"//*[@id=\"backBtn\"]"}
COMMAND: POST /session/db38a2fdbd7897a07519334e358608e0/elements - {"using":"xpath","value":"//*[@id=\"backBtn\"]"}
RESULT: {"using":"xpath","value":"//*[@id=\"backBtn\"]"}
COMMAND: POST /session/db38a2fdbd7897a07519334e358608e0/elements - {"using":"xpath","value":"//*[@id=\"backBtn\"]"}
RESULT: {"using":"xpath","value":"//*[@id=\"backBtn\"]"}
COMMAND: POST /session/db38a2fdbd7897a07519334e358608e0/elements - {"using":"xpath","value":"//*[@id=\"backBtn\"]"}
RESULT: {"using":"xpath","value":"//*[@id=\"backBtn\"]"}
COMMAND: POST /session/db38a2fdbd7897a07519334e358608e0/elements - {"using":"xpath","value":"//*[@id=\"backBtn\"]"}
RESULT: {"using":"xpath","value":"//*[@id=\"backBtn\"]"}
COMMAND: POST /session/db38a2fdbd7897a07519334e358608e0/elements - {"using":"xpath","value":"//*[@id=\"backBtn\"]"}
RESULT: {"using":"xpath","value":"//*[@id=\"backBtn\"]"}
COMMAND: POST /session/db38a2fdbd7897a07519334e358608e0/elements - {"using":"xpath","value":"//*[@id=\"backBtn\"]"}
RESULT: {"using":"xpath","value":"//*[@id=\"backBtn\"]"}
COMMAND: POST /session/db38a2fdbd7897a07519334e358608e0/elements - {"using":"xpath","value":"//*[@id=\"backBtn\"]"}
RESULT: {"using":"xpath","value":"//*[@id=\"backBtn\"]"}
COMMAND: POST /session/db38a2fdbd7897a07519334e358608e0/elements - {"using":"xpath","value":"//*[@id=\"backBtn\"]"}
RESULT: {"using":"xpath","value":"//*[@id=\"backBtn\"]"}
COMMAND: POST /session/db38a2fdbd7897a07519334e358608e0/elements - {"using":"xpath","value":"//*[@id=\"backBtn\"]"}
RESULT: {"using":"xpath","value":"//*[@id=\"backBtn\"]"}
COMMAND: POST /session/db38a2fdbd7897a07519334e358608e0/elements - {"using":"xpath","value":"//*[@id=\"backBtn\"]"}
RESULT: {"using":"xpath","value":"//*[@id=\"backBtn\"]"}
COMMAND: POST /session/db38a2fdbd7897a07519334e358608e0/elements - {"using":"xpath","value":"//*[@id=\"backBtn\"]"}
RESULT: {"using":"xpath","value":"//*[@id=\"backBtn\"]"}
COMMAND: POST /session/db38a2fdbd7897a07519334e358608e0/elements - {"using":"xpath","value":"//*[@id=\"backBtn\"]"}
RESULT: {"using":"xpath","value":"//*[@id=\"backBtn\"]"}
COMMAND: POST /session/db38a2fdbd7897a07519334e358608e0/elements - {"using":"xpath","value":"//*[@id=\"backBtn\"]"}
RESULT: {"using":"xpath","value":"//*[@id=\"backBtn\"]"}
COMMAND: POST /session/db38a2fdbd7897a07519334e358608e0/elements - {"using":"xpath","value":"//*[@id=\"backBtn\"]"}
RESULT: {"using":"xpath","value":"//*[@id=\"backBtn\"]"}
COMMAND: POST /session/db38a2fdbd7897a07519334e358608e0/elements - {"using":"xpath","value":"//*[@id=\"backBtn\"]"}
RESULT: {"using":"xpath","value":"//*[@id=\"backBtn\"]"}
COMMAND: POST /session/db38a2fdbd7897a07519334e358608e0/elements - {"using":"xpath","value":"//*[@id=\"backBtn\"]"}
RESULT: {"using":"xpath","value":"//*[@id=\"backBtn\"]"}
COMMAND: POST /session/db38a2fdbd7897a07519334e358608e0/elements - {"using":"xpath","value":"//*[@id=\"backBtn\"]"}
RESULT: {"using":"xpath","value":"//*[@id=\"backBtn\"]"}
COMMAND: POST /session/db38a2fdbd7897a07519334e358608e0/elements - {"using":"xpath","value":"//*[@id=\"backBtn\"]"}
RESULT: {"using":"xpath","value":"//*[@id=\"backBtn\"]"}
COMMAND: POST /session/db38a2fdbd7897a07519334e358608e0/elements - {"using":"xpath","value":"//*[@id=\"backBtn\"]"}
RESULT: {"using":"xpath","value":"//*[@id=\"backBtn\"]"}
]]></system-out>
    </testcase>
    <testcase classname="chrome.136_0_7103_49.windows.Sanity_Tests_US104253" name="Should open Jobs Setup page" time="35.963">
      <system-out><![CDATA[
COMMAND: POST /session/db38a2fdbd7897a07519334e358608e0/execute/async - {"script":"<script> [1562 bytes]","args":[{"selector":{"controlType":"sap.m.GenericTile","properties":{"header":"Jobs Setup"}},"wdio_ui5_key":"sapm.GenericTile{\"header\":\"Jobs Setup\"}"}]}
COMMAND: POST /session/db38a2fdbd7897a07519334e358608e0/elements - {"using":"xpath","value":"//*[@id=\"backBtn\"]"}
RESULT: {"script":"<script> [1562 bytes]","args":[{"selector":{"controlType":"sap.m.GenericTile","properties":{"header":"Jobs Setup"}},"wdio_ui5_key":"sapm.GenericTile{\"header\":\"Jobs Setup\"}"}]}
RESULT: undefined
COMMAND: POST /session/db38a2fdbd7897a07519334e358608e0/element - {"using":"xpath","value":"//*[@id=\"__tile128\"]"}
RESULT: {"using":"xpath","value":"//*[@id=\"backBtn\"]"}
RESULT: {"using":"xpath","value":"//*[@id=\"__tile128\"]"}
COMMAND: POST /session/db38a2fdbd7897a07519334e358608e0/element/f.5CD39E9E148DD78EE9637CED8D1CCE22.d.5AC2D684C8FFD2FC065F7B801D7DE7DC.e.4861/click - {}
COMMAND: POST /session/db38a2fdbd7897a07519334e358608e0/elements - {"using":"xpath","value":"//*[@id=\"backBtn\"]"}
RESULT: {}
COMMAND: GET /session/db38a2fdbd7897a07519334e358608e0/screenshot - {}
RESULT: {"using":"xpath","value":"//*[@id=\"backBtn\"]"}
COMMAND: POST /session/db38a2fdbd7897a07519334e358608e0/elements - {"using":"xpath","value":"//*[@id=\"backBtn\"]"}
RESULT: {}
RESULT: {"using":"xpath","value":"//*[@id=\"backBtn\"]"}
COMMAND: POST /session/db38a2fdbd7897a07519334e358608e0/element - {"using":"xpath","value":"//*[@id=\"backBtn\"]"}
RESULT: {"using":"xpath","value":"//*[@id=\"backBtn\"]"}
COMMAND: POST /session/db38a2fdbd7897a07519334e358608e0/element/f.5CD39E9E148DD78EE9637CED8D1CCE22.d.5AC2D684C8FFD2FC065F7B801D7DE7DC.e.4812/click - {}
COMMAND: POST /session/db38a2fdbd7897a07519334e358608e0/element - {"using":"xpath","value":"//*[@id=\"backBtn\"]"}
RESULT: {"using":"xpath","value":"//*[@id=\"backBtn\"]"}
COMMAND: POST /session/db38a2fdbd7897a07519334e358608e0/element/f.5CD39E9E148DD78EE9637CED8D1CCE22.d.5AC2D684C8FFD2FC065F7B801D7DE7DC.e.4945/click - {}
RESULT: {}
COMMAND: GET /session/db38a2fdbd7897a07519334e358608e0/screenshot - {}
RESULT: {}
COMMAND: POST /session/db38a2fdbd7897a07519334e358608e0/elements - {"using":"xpath","value":"//span[text()='Error']"}
RESULT: {"using":"xpath","value":"//span[text()='Error']"}
RESULT: undefined
COMMAND: POST /session/db38a2fdbd7897a07519334e358608e0/element - {"using":"xpath","value":"//*[@id=\"__tile128\"]"}
RESULT: {"using":"xpath","value":"//*[@id=\"__tile128\"]"}
COMMAND: POST /session/db38a2fdbd7897a07519334e358608e0/element/f.5CD39E9E148DD78EE9637CED8D1CCE22.d.5AC2D684C8FFD2FC065F7B801D7DE7DC.e.4861/click - {}
RESULT: undefined
COMMAND: POST /session/db38a2fdbd7897a07519334e358608e0/element - {"using":"xpath","value":"//*[@id=\"__tile128\"]"}
RESULT: {"using":"xpath","value":"//*[@id=\"__tile128\"]"}
COMMAND: POST /session/db38a2fdbd7897a07519334e358608e0/element/f.5CD39E9E148DD78EE9637CED8D1CCE22.d.5AC2D684C8FFD2FC065F7B801D7DE7DC.e.4861/click - {}
RESULT: undefined
COMMAND: POST /session/db38a2fdbd7897a07519334e358608e0/execute/async - {"script":"<script> [6424 bytes]","args":[{"element-6066-11e4-a52e-4f735466cecf":"f.5CD39E9E148DD78EE9637CED8D1CCE22.d.5AC2D684C8FFD2FC065F7B801D7DE7DC.e.234"},"getTitle",[]]}
COMMAND: POST /session/db38a2fdbd7897a07519334e358608e0/execute/async - {"script":"<script> [1562 bytes]","args":[{"selector":{"id":"shellAppTitle"},"wdio_ui5_key":"shellAppTitle"}]}
RESULT: {"script":"<script> [1562 bytes]","args":[{"selector":{"id":"shellAppTitle"},"wdio_ui5_key":"shellAppTitle"}]}
COMMAND: POST /session/db38a2fdbd7897a07519334e358608e0/execute/async - {"script":"<script> [6424 bytes]","args":[{"element-6066-11e4-a52e-4f735466cecf":"f.5CD39E9E148DD78EE9637CED8D1CCE22.d.5AC2D684C8FFD2FC065F7B801D7DE7DC.e.4948"},"getTitle",[]]}
RESULT: {"script":"<script> [6424 bytes]","args":[{"element-6066-11e4-a52e-4f735466cecf":"f.5CD39E9E148DD78EE9637CED8D1CCE22.d.5AC2D684C8FFD2FC065F7B801D7DE7DC.e.4948"},"getTitle",[]]}
RESULT: undefined
COMMAND: POST /session/db38a2fdbd7897a07519334e358608e0/element/f.5CD39E9E148DD78EE9637CED8D1CCE22.d.5AC2D684C8FFD2FC065F7B801D7DE7DC.e.4945/click - {}
COMMAND: POST /session/db38a2fdbd7897a07519334e358608e0/element/f.5CD39E9E148DD78EE9637CED8D1CCE22.d.5AC2D684C8FFD2FC065F7B801D7DE7DC.e.4945/click - {}
RESULT: {}
COMMAND: GET /session/db38a2fdbd7897a07519334e358608e0/screenshot - {}
RESULT: {}
COMMAND: GET /session/db38a2fdbd7897a07519334e358608e0/screenshot - {}
RESULT: {}
RESULT: {}
]]></system-out>
    </testcase>
    <testcase classname="chrome.136_0_7103_49.windows.Sanity_Tests_US104253" name="Should open Target Systems Configuration page" time="35.985">
      <system-out><![CDATA[
COMMAND: POST /session/db38a2fdbd7897a07519334e358608e0/execute/async - {"script":"<script> [1562 bytes]","args":[{"selector":{"controlType":"sap.m.GenericTile","properties":{"header":"Target Systems Configuration"}},"wdio_ui5_key":"sapm.GenericTile{\"header\":\"Target Systems Configuration\"}"}]}
RESULT: {"script":"<script> [1562 bytes]","args":[{"selector":{"controlType":"sap.m.GenericTile","properties":{"header":"Target Systems Configuration"}},"wdio_ui5_key":"sapm.GenericTile{\"header\":\"Target Systems Configuration\"}"}]}
RESULT: undefined
COMMAND: POST /session/db38a2fdbd7897a07519334e358608e0/element - {"using":"xpath","value":"//*[@id=\"__tile129\"]"}
RESULT: {"using":"xpath","value":"//*[@id=\"__tile129\"]"}
COMMAND: POST /session/db38a2fdbd7897a07519334e358608e0/element/f.5CD39E9E148DD78EE9637CED8D1CCE22.d.5AC2D684C8FFD2FC065F7B801D7DE7DC.e.4950/click - {}
RESULT: {}
COMMAND: GET /session/db38a2fdbd7897a07519334e358608e0/screenshot - {}
RESULT: {}
COMMAND: POST /session/db38a2fdbd7897a07519334e358608e0/elements - {"using":"xpath","value":"//span[text()='Error']"}
RESULT: {"using":"xpath","value":"//span[text()='Error']"}
RESULT: undefined
COMMAND: POST /session/db38a2fdbd7897a07519334e358608e0/element - {"using":"xpath","value":"//*[@id=\"__tile129\"]"}
RESULT: {"using":"xpath","value":"//*[@id=\"__tile129\"]"}
COMMAND: POST /session/db38a2fdbd7897a07519334e358608e0/element/f.5CD39E9E148DD78EE9637CED8D1CCE22.d.5AC2D684C8FFD2FC065F7B801D7DE7DC.e.4950/click - {}
RESULT: undefined
COMMAND: POST /session/db38a2fdbd7897a07519334e358608e0/element - {"using":"xpath","value":"//*[@id=\"__tile129\"]"}
RESULT: {"using":"xpath","value":"//*[@id=\"__tile129\"]"}
COMMAND: POST /session/db38a2fdbd7897a07519334e358608e0/element/f.5CD39E9E148DD78EE9637CED8D1CCE22.d.5AC2D684C8FFD2FC065F7B801D7DE7DC.e.4950/click - {}
RESULT: undefined
COMMAND: POST /session/db38a2fdbd7897a07519334e358608e0/execute/async - {"script":"<script> [6424 bytes]","args":[{"element-6066-11e4-a52e-4f735466cecf":"f.5CD39E9E148DD78EE9637CED8D1CCE22.d.5AC2D684C8FFD2FC065F7B801D7DE7DC.e.234"},"getTitle",[]]}
COMMAND: POST /session/db38a2fdbd7897a07519334e358608e0/execute/async - {"script":"<script> [1562 bytes]","args":[{"selector":{"id":"shellAppTitle"},"wdio_ui5_key":"shellAppTitle"}]}
RESULT: {"script":"<script> [1562 bytes]","args":[{"selector":{"id":"shellAppTitle"},"wdio_ui5_key":"shellAppTitle"}]}
COMMAND: POST /session/db38a2fdbd7897a07519334e358608e0/execute/async - {"script":"<script> [6424 bytes]","args":[{"element-6066-11e4-a52e-4f735466cecf":"f.5CD39E9E148DD78EE9637CED8D1CCE22.d.5AC2D684C8FFD2FC065F7B801D7DE7DC.e.5036"},"getTitle",[]]}
RESULT: {"script":"<script> [6424 bytes]","args":[{"element-6066-11e4-a52e-4f735466cecf":"f.5CD39E9E148DD78EE9637CED8D1CCE22.d.5AC2D684C8FFD2FC065F7B801D7DE7DC.e.5036"},"getTitle",[]]}
RESULT: undefined
COMMAND: POST /session/db38a2fdbd7897a07519334e358608e0/element/f.5CD39E9E148DD78EE9637CED8D1CCE22.d.5AC2D684C8FFD2FC065F7B801D7DE7DC.e.4945/click - {}
COMMAND: POST /session/db38a2fdbd7897a07519334e358608e0/element/f.5CD39E9E148DD78EE9637CED8D1CCE22.d.5AC2D684C8FFD2FC065F7B801D7DE7DC.e.4945/click - {}
RESULT: {}
COMMAND: GET /session/db38a2fdbd7897a07519334e358608e0/screenshot - {}
COMMAND: POST /session/db38a2fdbd7897a07519334e358608e0/element - {"using":"xpath","value":"//*[@id=\"backBtn\"]"}
RESULT: {}
RESULT: {"using":"xpath","value":"//*[@id=\"backBtn\"]"}
COMMAND: POST /session/db38a2fdbd7897a07519334e358608e0/elements - {"using":"xpath","value":"//*[@id=\"backBtn\"]"}
RESULT: {"using":"xpath","value":"//*[@id=\"backBtn\"]"}
COMMAND: POST /session/db38a2fdbd7897a07519334e358608e0/elements - {"using":"xpath","value":"//*[@id=\"backBtn\"]"}
RESULT: {"using":"xpath","value":"//*[@id=\"backBtn\"]"}
COMMAND: POST /session/db38a2fdbd7897a07519334e358608e0/elements - {"using":"xpath","value":"//*[@id=\"backBtn\"]"}
RESULT: {"using":"xpath","value":"//*[@id=\"backBtn\"]"}
COMMAND: POST /session/db38a2fdbd7897a07519334e358608e0/elements - {"using":"xpath","value":"//*[@id=\"backBtn\"]"}
RESULT: {"using":"xpath","value":"//*[@id=\"backBtn\"]"}
COMMAND: POST /session/db38a2fdbd7897a07519334e358608e0/elements - {"using":"xpath","value":"//*[@id=\"backBtn\"]"}
RESULT: {"using":"xpath","value":"//*[@id=\"backBtn\"]"}
COMMAND: POST /session/db38a2fdbd7897a07519334e358608e0/elements - {"using":"xpath","value":"//*[@id=\"backBtn\"]"}
RESULT: {"using":"xpath","value":"//*[@id=\"backBtn\"]"}
COMMAND: POST /session/db38a2fdbd7897a07519334e358608e0/elements - {"using":"xpath","value":"//*[@id=\"backBtn\"]"}
RESULT: {"using":"xpath","value":"//*[@id=\"backBtn\"]"}
COMMAND: POST /session/db38a2fdbd7897a07519334e358608e0/elements - {"using":"xpath","value":"//*[@id=\"backBtn\"]"}
RESULT: {"using":"xpath","value":"//*[@id=\"backBtn\"]"}
COMMAND: POST /session/db38a2fdbd7897a07519334e358608e0/elements - {"using":"xpath","value":"//*[@id=\"backBtn\"]"}
RESULT: {"using":"xpath","value":"//*[@id=\"backBtn\"]"}
COMMAND: POST /session/db38a2fdbd7897a07519334e358608e0/elements - {"using":"xpath","value":"//*[@id=\"backBtn\"]"}
RESULT: {"using":"xpath","value":"//*[@id=\"backBtn\"]"}
COMMAND: POST /session/db38a2fdbd7897a07519334e358608e0/elements - {"using":"xpath","value":"//*[@id=\"backBtn\"]"}
RESULT: {"using":"xpath","value":"//*[@id=\"backBtn\"]"}
COMMAND: POST /session/db38a2fdbd7897a07519334e358608e0/elements - {"using":"xpath","value":"//*[@id=\"backBtn\"]"}
RESULT: {"using":"xpath","value":"//*[@id=\"backBtn\"]"}
COMMAND: POST /session/db38a2fdbd7897a07519334e358608e0/elements - {"using":"xpath","value":"//*[@id=\"backBtn\"]"}
RESULT: {"using":"xpath","value":"//*[@id=\"backBtn\"]"}
COMMAND: POST /session/db38a2fdbd7897a07519334e358608e0/elements - {"using":"xpath","value":"//*[@id=\"backBtn\"]"}
RESULT: {"using":"xpath","value":"//*[@id=\"backBtn\"]"}
COMMAND: POST /session/db38a2fdbd7897a07519334e358608e0/elements - {"using":"xpath","value":"//*[@id=\"backBtn\"]"}
RESULT: {"using":"xpath","value":"//*[@id=\"backBtn\"]"}
COMMAND: POST /session/db38a2fdbd7897a07519334e358608e0/elements - {"using":"xpath","value":"//*[@id=\"backBtn\"]"}
RESULT: {"using":"xpath","value":"//*[@id=\"backBtn\"]"}
COMMAND: POST /session/db38a2fdbd7897a07519334e358608e0/elements - {"using":"xpath","value":"//*[@id=\"backBtn\"]"}
RESULT: {"using":"xpath","value":"//*[@id=\"backBtn\"]"}
COMMAND: POST /session/db38a2fdbd7897a07519334e358608e0/elements - {"using":"xpath","value":"//*[@id=\"backBtn\"]"}
RESULT: {"using":"xpath","value":"//*[@id=\"backBtn\"]"}
COMMAND: POST /session/db38a2fdbd7897a07519334e358608e0/elements - {"using":"xpath","value":"//*[@id=\"backBtn\"]"}
RESULT: {"using":"xpath","value":"//*[@id=\"backBtn\"]"}
COMMAND: GET /session/db38a2fdbd7897a07519334e358608e0/screenshot - {}
RESULT: {}
COMMAND: POST /session/db38a2fdbd7897a07519334e358608e0/elements - {"using":"xpath","value":"//*[@id=\"backBtn\"]"}
RESULT: {"using":"xpath","value":"//*[@id=\"backBtn\"]"}
COMMAND: POST /session/db38a2fdbd7897a07519334e358608e0/elements - {"using":"xpath","value":"//*[@id=\"backBtn\"]"}
RESULT: {"using":"xpath","value":"//*[@id=\"backBtn\"]"}
COMMAND: POST /session/db38a2fdbd7897a07519334e358608e0/elements - {"using":"xpath","value":"//*[@id=\"backBtn\"]"}
RESULT: {"using":"xpath","value":"//*[@id=\"backBtn\"]"}
COMMAND: POST /session/db38a2fdbd7897a07519334e358608e0/elements - {"using":"xpath","value":"//*[@id=\"backBtn\"]"}
RESULT: {"using":"xpath","value":"//*[@id=\"backBtn\"]"}
COMMAND: POST /session/db38a2fdbd7897a07519334e358608e0/elements - {"using":"xpath","value":"//*[@id=\"backBtn\"]"}
RESULT: {"using":"xpath","value":"//*[@id=\"backBtn\"]"}
COMMAND: POST /session/db38a2fdbd7897a07519334e358608e0/elements - {"using":"xpath","value":"//*[@id=\"backBtn\"]"}
RESULT: {"using":"xpath","value":"//*[@id=\"backBtn\"]"}
COMMAND: POST /session/db38a2fdbd7897a07519334e358608e0/elements - {"using":"xpath","value":"//*[@id=\"backBtn\"]"}
RESULT: {"using":"xpath","value":"//*[@id=\"backBtn\"]"}
COMMAND: POST /session/db38a2fdbd7897a07519334e358608e0/elements - {"using":"xpath","value":"//*[@id=\"backBtn\"]"}
RESULT: {"using":"xpath","value":"//*[@id=\"backBtn\"]"}
COMMAND: POST /session/db38a2fdbd7897a07519334e358608e0/elements - {"using":"xpath","value":"//*[@id=\"backBtn\"]"}
RESULT: {"using":"xpath","value":"//*[@id=\"backBtn\"]"}
COMMAND: POST /session/db38a2fdbd7897a07519334e358608e0/elements - {"using":"xpath","value":"//*[@id=\"backBtn\"]"}
RESULT: {"using":"xpath","value":"//*[@id=\"backBtn\"]"}
COMMAND: POST /session/db38a2fdbd7897a07519334e358608e0/elements - {"using":"xpath","value":"//*[@id=\"backBtn\"]"}
RESULT: {"using":"xpath","value":"//*[@id=\"backBtn\"]"}
COMMAND: POST /session/db38a2fdbd7897a07519334e358608e0/elements - {"using":"xpath","value":"//*[@id=\"backBtn\"]"}
RESULT: {"using":"xpath","value":"//*[@id=\"backBtn\"]"}
COMMAND: POST /session/db38a2fdbd7897a07519334e358608e0/elements - {"using":"xpath","value":"//*[@id=\"backBtn\"]"}
RESULT: {"using":"xpath","value":"//*[@id=\"backBtn\"]"}
COMMAND: POST /session/db38a2fdbd7897a07519334e358608e0/elements - {"using":"xpath","value":"//*[@id=\"backBtn\"]"}
RESULT: {"using":"xpath","value":"//*[@id=\"backBtn\"]"}
COMMAND: POST /session/db38a2fdbd7897a07519334e358608e0/elements - {"using":"xpath","value":"//*[@id=\"backBtn\"]"}
RESULT: {"using":"xpath","value":"//*[@id=\"backBtn\"]"}
COMMAND: POST /session/db38a2fdbd7897a07519334e358608e0/elements - {"using":"xpath","value":"//*[@id=\"backBtn\"]"}
RESULT: {"using":"xpath","value":"//*[@id=\"backBtn\"]"}
COMMAND: POST /session/db38a2fdbd7897a07519334e358608e0/elements - {"using":"xpath","value":"//*[@id=\"backBtn\"]"}
RESULT: {"using":"xpath","value":"//*[@id=\"backBtn\"]"}
COMMAND: POST /session/db38a2fdbd7897a07519334e358608e0/elements - {"using":"xpath","value":"//*[@id=\"backBtn\"]"}
RESULT: {"using":"xpath","value":"//*[@id=\"backBtn\"]"}
COMMAND: POST /session/db38a2fdbd7897a07519334e358608e0/elements - {"using":"xpath","value":"//*[@id=\"backBtn\"]"}
RESULT: {"using":"xpath","value":"//*[@id=\"backBtn\"]"}
COMMAND: POST /session/db38a2fdbd7897a07519334e358608e0/elements - {"using":"xpath","value":"//*[@id=\"backBtn\"]"}
RESULT: {"using":"xpath","value":"//*[@id=\"backBtn\"]"}
COMMAND: POST /session/db38a2fdbd7897a07519334e358608e0/elements - {"using":"xpath","value":"//*[@id=\"backBtn\"]"}
RESULT: {"using":"xpath","value":"//*[@id=\"backBtn\"]"}
COMMAND: POST /session/db38a2fdbd7897a07519334e358608e0/elements - {"using":"xpath","value":"//*[@id=\"backBtn\"]"}
RESULT: {"using":"xpath","value":"//*[@id=\"backBtn\"]"}
COMMAND: POST /session/db38a2fdbd7897a07519334e358608e0/elements - {"using":"xpath","value":"//*[@id=\"backBtn\"]"}
RESULT: {"using":"xpath","value":"//*[@id=\"backBtn\"]"}
COMMAND: POST /session/db38a2fdbd7897a07519334e358608e0/elements - {"using":"xpath","value":"//*[@id=\"backBtn\"]"}
RESULT: {"using":"xpath","value":"//*[@id=\"backBtn\"]"}
COMMAND: POST /session/db38a2fdbd7897a07519334e358608e0/elements - {"using":"xpath","value":"//*[@id=\"backBtn\"]"}
RESULT: {"using":"xpath","value":"//*[@id=\"backBtn\"]"}
COMMAND: POST /session/db38a2fdbd7897a07519334e358608e0/elements - {"using":"xpath","value":"//*[@id=\"backBtn\"]"}
RESULT: {"using":"xpath","value":"//*[@id=\"backBtn\"]"}
COMMAND: POST /session/db38a2fdbd7897a07519334e358608e0/elements - {"using":"xpath","value":"//*[@id=\"backBtn\"]"}
RESULT: {"using":"xpath","value":"//*[@id=\"backBtn\"]"}
COMMAND: POST /session/db38a2fdbd7897a07519334e358608e0/elements - {"using":"xpath","value":"//*[@id=\"backBtn\"]"}
RESULT: {"using":"xpath","value":"//*[@id=\"backBtn\"]"}
COMMAND: POST /session/db38a2fdbd7897a07519334e358608e0/elements - {"using":"xpath","value":"//*[@id=\"backBtn\"]"}
RESULT: {"using":"xpath","value":"//*[@id=\"backBtn\"]"}
COMMAND: POST /session/db38a2fdbd7897a07519334e358608e0/elements - {"using":"xpath","value":"//*[@id=\"backBtn\"]"}
RESULT: {"using":"xpath","value":"//*[@id=\"backBtn\"]"}
COMMAND: POST /session/db38a2fdbd7897a07519334e358608e0/elements - {"using":"xpath","value":"//*[@id=\"backBtn\"]"}
RESULT: {"using":"xpath","value":"//*[@id=\"backBtn\"]"}
COMMAND: POST /session/db38a2fdbd7897a07519334e358608e0/elements - {"using":"xpath","value":"//*[@id=\"backBtn\"]"}
RESULT: {"using":"xpath","value":"//*[@id=\"backBtn\"]"}
COMMAND: POST /session/db38a2fdbd7897a07519334e358608e0/elements - {"using":"xpath","value":"//*[@id=\"backBtn\"]"}
RESULT: {"using":"xpath","value":"//*[@id=\"backBtn\"]"}
COMMAND: POST /session/db38a2fdbd7897a07519334e358608e0/elements - {"using":"xpath","value":"//*[@id=\"backBtn\"]"}
RESULT: {"using":"xpath","value":"//*[@id=\"backBtn\"]"}
COMMAND: POST /session/db38a2fdbd7897a07519334e358608e0/elements - {"using":"xpath","value":"//*[@id=\"backBtn\"]"}
RESULT: {"using":"xpath","value":"//*[@id=\"backBtn\"]"}
COMMAND: POST /session/db38a2fdbd7897a07519334e358608e0/elements - {"using":"xpath","value":"//*[@id=\"backBtn\"]"}
RESULT: {"using":"xpath","value":"//*[@id=\"backBtn\"]"}
COMMAND: POST /session/db38a2fdbd7897a07519334e358608e0/elements - {"using":"xpath","value":"//*[@id=\"backBtn\"]"}
RESULT: {"using":"xpath","value":"//*[@id=\"backBtn\"]"}
COMMAND: POST /session/db38a2fdbd7897a07519334e358608e0/elements - {"using":"xpath","value":"//*[@id=\"backBtn\"]"}
RESULT: {"using":"xpath","value":"//*[@id=\"backBtn\"]"}
COMMAND: POST /session/db38a2fdbd7897a07519334e358608e0/elements - {"using":"xpath","value":"//*[@id=\"backBtn\"]"}
RESULT: {"using":"xpath","value":"//*[@id=\"backBtn\"]"}
COMMAND: POST /session/db38a2fdbd7897a07519334e358608e0/elements - {"using":"xpath","value":"//*[@id=\"backBtn\"]"}
RESULT: {"using":"xpath","value":"//*[@id=\"backBtn\"]"}
COMMAND: POST /session/db38a2fdbd7897a07519334e358608e0/elements - {"using":"xpath","value":"//*[@id=\"backBtn\"]"}
RESULT: {"using":"xpath","value":"//*[@id=\"backBtn\"]"}
COMMAND: POST /session/db38a2fdbd7897a07519334e358608e0/elements - {"using":"xpath","value":"//*[@id=\"backBtn\"]"}
RESULT: {"using":"xpath","value":"//*[@id=\"backBtn\"]"}
COMMAND: POST /session/db38a2fdbd7897a07519334e358608e0/elements - {"using":"xpath","value":"//*[@id=\"backBtn\"]"}
RESULT: {"using":"xpath","value":"//*[@id=\"backBtn\"]"}
COMMAND: POST /session/db38a2fdbd7897a07519334e358608e0/elements - {"using":"xpath","value":"//*[@id=\"backBtn\"]"}
RESULT: {"using":"xpath","value":"//*[@id=\"backBtn\"]"}
COMMAND: POST /session/db38a2fdbd7897a07519334e358608e0/elements - {"using":"xpath","value":"//*[@id=\"backBtn\"]"}
RESULT: {"using":"xpath","value":"//*[@id=\"backBtn\"]"}
COMMAND: POST /session/db38a2fdbd7897a07519334e358608e0/elements - {"using":"xpath","value":"//*[@id=\"backBtn\"]"}
RESULT: {"using":"xpath","value":"//*[@id=\"backBtn\"]"}
COMMAND: POST /session/db38a2fdbd7897a07519334e358608e0/elements - {"using":"xpath","value":"//*[@id=\"backBtn\"]"}
RESULT: {"using":"xpath","value":"//*[@id=\"backBtn\"]"}
COMMAND: POST /session/db38a2fdbd7897a07519334e358608e0/elements - {"using":"xpath","value":"//*[@id=\"backBtn\"]"}
RESULT: {"using":"xpath","value":"//*[@id=\"backBtn\"]"}
COMMAND: POST /session/db38a2fdbd7897a07519334e358608e0/elements - {"using":"xpath","value":"//*[@id=\"backBtn\"]"}
RESULT: {"using":"xpath","value":"//*[@id=\"backBtn\"]"}
COMMAND: POST /session/db38a2fdbd7897a07519334e358608e0/elements - {"using":"xpath","value":"//*[@id=\"backBtn\"]"}
RESULT: {"using":"xpath","value":"//*[@id=\"backBtn\"]"}
COMMAND: POST /session/db38a2fdbd7897a07519334e358608e0/elements - {"using":"xpath","value":"//*[@id=\"backBtn\"]"}
RESULT: {"using":"xpath","value":"//*[@id=\"backBtn\"]"}
COMMAND: POST /session/db38a2fdbd7897a07519334e358608e0/elements - {"using":"xpath","value":"//*[@id=\"backBtn\"]"}
RESULT: {"using":"xpath","value":"//*[@id=\"backBtn\"]"}
COMMAND: POST /session/db38a2fdbd7897a07519334e358608e0/elements - {"using":"xpath","value":"//*[@id=\"backBtn\"]"}
RESULT: {"using":"xpath","value":"//*[@id=\"backBtn\"]"}
COMMAND: POST /session/db38a2fdbd7897a07519334e358608e0/elements - {"using":"xpath","value":"//*[@id=\"backBtn\"]"}
RESULT: {"using":"xpath","value":"//*[@id=\"backBtn\"]"}
COMMAND: POST /session/db38a2fdbd7897a07519334e358608e0/elements - {"using":"xpath","value":"//*[@id=\"backBtn\"]"}
RESULT: {"using":"xpath","value":"//*[@id=\"backBtn\"]"}
COMMAND: POST /session/db38a2fdbd7897a07519334e358608e0/elements - {"using":"xpath","value":"//*[@id=\"backBtn\"]"}
RESULT: {"using":"xpath","value":"//*[@id=\"backBtn\"]"}
COMMAND: POST /session/db38a2fdbd7897a07519334e358608e0/elements - {"using":"xpath","value":"//*[@id=\"backBtn\"]"}
RESULT: {"using":"xpath","value":"//*[@id=\"backBtn\"]"}
COMMAND: POST /session/db38a2fdbd7897a07519334e358608e0/elements - {"using":"xpath","value":"//*[@id=\"backBtn\"]"}
RESULT: {"using":"xpath","value":"//*[@id=\"backBtn\"]"}
COMMAND: POST /session/db38a2fdbd7897a07519334e358608e0/elements - {"using":"xpath","value":"//*[@id=\"backBtn\"]"}
RESULT: {"using":"xpath","value":"//*[@id=\"backBtn\"]"}
COMMAND: POST /session/db38a2fdbd7897a07519334e358608e0/elements - {"using":"xpath","value":"//*[@id=\"backBtn\"]"}
RESULT: {"using":"xpath","value":"//*[@id=\"backBtn\"]"}
COMMAND: POST /session/db38a2fdbd7897a07519334e358608e0/elements - {"using":"xpath","value":"//*[@id=\"backBtn\"]"}
RESULT: {"using":"xpath","value":"//*[@id=\"backBtn\"]"}
COMMAND: POST /session/db38a2fdbd7897a07519334e358608e0/elements - {"using":"xpath","value":"//*[@id=\"backBtn\"]"}
RESULT: {"using":"xpath","value":"//*[@id=\"backBtn\"]"}
COMMAND: POST /session/db38a2fdbd7897a07519334e358608e0/elements - {"using":"xpath","value":"//*[@id=\"backBtn\"]"}
RESULT: {"using":"xpath","value":"//*[@id=\"backBtn\"]"}
COMMAND: POST /session/db38a2fdbd7897a07519334e358608e0/elements - {"using":"xpath","value":"//*[@id=\"backBtn\"]"}
RESULT: {"using":"xpath","value":"//*[@id=\"backBtn\"]"}
COMMAND: POST /session/db38a2fdbd7897a07519334e358608e0/elements - {"using":"xpath","value":"//*[@id=\"backBtn\"]"}
RESULT: {"using":"xpath","value":"//*[@id=\"backBtn\"]"}
COMMAND: POST /session/db38a2fdbd7897a07519334e358608e0/elements - {"using":"xpath","value":"//*[@id=\"backBtn\"]"}
RESULT: {"using":"xpath","value":"//*[@id=\"backBtn\"]"}
COMMAND: POST /session/db38a2fdbd7897a07519334e358608e0/elements - {"using":"xpath","value":"//*[@id=\"backBtn\"]"}
RESULT: {"using":"xpath","value":"//*[@id=\"backBtn\"]"}
COMMAND: POST /session/db38a2fdbd7897a07519334e358608e0/elements - {"using":"xpath","value":"//*[@id=\"backBtn\"]"}
RESULT: {"using":"xpath","value":"//*[@id=\"backBtn\"]"}
COMMAND: POST /session/db38a2fdbd7897a07519334e358608e0/elements - {"using":"xpath","value":"//*[@id=\"backBtn\"]"}
RESULT: {"using":"xpath","value":"//*[@id=\"backBtn\"]"}
COMMAND: POST /session/db38a2fdbd7897a07519334e358608e0/elements - {"using":"xpath","value":"//*[@id=\"backBtn\"]"}
RESULT: {"using":"xpath","value":"//*[@id=\"backBtn\"]"}
COMMAND: POST /session/db38a2fdbd7897a07519334e358608e0/elements - {"using":"xpath","value":"//*[@id=\"backBtn\"]"}
RESULT: {"using":"xpath","value":"//*[@id=\"backBtn\"]"}
COMMAND: POST /session/db38a2fdbd7897a07519334e358608e0/elements - {"using":"xpath","value":"//*[@id=\"backBtn\"]"}
RESULT: {"using":"xpath","value":"//*[@id=\"backBtn\"]"}
COMMAND: POST /session/db38a2fdbd7897a07519334e358608e0/elements - {"using":"xpath","value":"//*[@id=\"backBtn\"]"}
RESULT: {"using":"xpath","value":"//*[@id=\"backBtn\"]"}
COMMAND: POST /session/db38a2fdbd7897a07519334e358608e0/elements - {"using":"xpath","value":"//*[@id=\"backBtn\"]"}
RESULT: {"using":"xpath","value":"//*[@id=\"backBtn\"]"}
COMMAND: POST /session/db38a2fdbd7897a07519334e358608e0/elements - {"using":"xpath","value":"//*[@id=\"backBtn\"]"}
RESULT: {"using":"xpath","value":"//*[@id=\"backBtn\"]"}
COMMAND: POST /session/db38a2fdbd7897a07519334e358608e0/elements - {"using":"xpath","value":"//*[@id=\"backBtn\"]"}
RESULT: {"using":"xpath","value":"//*[@id=\"backBtn\"]"}
COMMAND: POST /session/db38a2fdbd7897a07519334e358608e0/elements - {"using":"xpath","value":"//*[@id=\"backBtn\"]"}
RESULT: {"using":"xpath","value":"//*[@id=\"backBtn\"]"}
COMMAND: POST /session/db38a2fdbd7897a07519334e358608e0/elements - {"using":"xpath","value":"//*[@id=\"backBtn\"]"}
RESULT: {"using":"xpath","value":"//*[@id=\"backBtn\"]"}
COMMAND: POST /session/db38a2fdbd7897a07519334e358608e0/elements - {"using":"xpath","value":"//*[@id=\"backBtn\"]"}
RESULT: {"using":"xpath","value":"//*[@id=\"backBtn\"]"}
COMMAND: POST /session/db38a2fdbd7897a07519334e358608e0/elements - {"using":"xpath","value":"//*[@id=\"backBtn\"]"}
RESULT: {"using":"xpath","value":"//*[@id=\"backBtn\"]"}
COMMAND: POST /session/db38a2fdbd7897a07519334e358608e0/elements - {"using":"xpath","value":"//*[@id=\"backBtn\"]"}
RESULT: {"using":"xpath","value":"//*[@id=\"backBtn\"]"}
COMMAND: POST /session/db38a2fdbd7897a07519334e358608e0/elements - {"using":"xpath","value":"//*[@id=\"backBtn\"]"}
RESULT: {"using":"xpath","value":"//*[@id=\"backBtn\"]"}
COMMAND: POST /session/db38a2fdbd7897a07519334e358608e0/elements - {"using":"xpath","value":"//*[@id=\"backBtn\"]"}
RESULT: {"using":"xpath","value":"//*[@id=\"backBtn\"]"}
COMMAND: POST /session/db38a2fdbd7897a07519334e358608e0/elements - {"using":"xpath","value":"//*[@id=\"backBtn\"]"}
RESULT: {"using":"xpath","value":"//*[@id=\"backBtn\"]"}
COMMAND: POST /session/db38a2fdbd7897a07519334e358608e0/elements - {"using":"xpath","value":"//*[@id=\"backBtn\"]"}
RESULT: {"using":"xpath","value":"//*[@id=\"backBtn\"]"}
COMMAND: POST /session/db38a2fdbd7897a07519334e358608e0/elements - {"using":"xpath","value":"//*[@id=\"backBtn\"]"}
RESULT: {"using":"xpath","value":"//*[@id=\"backBtn\"]"}
COMMAND: POST /session/db38a2fdbd7897a07519334e358608e0/elements - {"using":"xpath","value":"//*[@id=\"backBtn\"]"}
RESULT: {"using":"xpath","value":"//*[@id=\"backBtn\"]"}
COMMAND: POST /session/db38a2fdbd7897a07519334e358608e0/elements - {"using":"xpath","value":"//*[@id=\"backBtn\"]"}
RESULT: {"using":"xpath","value":"//*[@id=\"backBtn\"]"}
COMMAND: POST /session/db38a2fdbd7897a07519334e358608e0/elements - {"using":"xpath","value":"//*[@id=\"backBtn\"]"}
RESULT: {"using":"xpath","value":"//*[@id=\"backBtn\"]"}
COMMAND: POST /session/db38a2fdbd7897a07519334e358608e0/elements - {"using":"xpath","value":"//*[@id=\"backBtn\"]"}
RESULT: {"using":"xpath","value":"//*[@id=\"backBtn\"]"}
COMMAND: DELETE /session/db38a2fdbd7897a07519334e358608e0 - {}
RESULT: {}
]]></system-out>
    </testcase>
  </testsuite>
</testsuites>