<?xml version="1.0" encoding="UTF-8"?>
<testsuites tests="58" failures="6" errors="6" skipped="0">
  <testsuite timestamp="2025-05-26T17:10:56" time="1183.181" tests="11" failures="0" errors="0" skipped="0">
    <properties>
      <property name="specId" value="0"/>
      <property name="suiteName" value="Billing confirm US117289"/>
      <property name="capabilities" value="chrome.136_0_7103_93.windows"/>
      <property name="file" value="file:///D:/a/1/s/test/specs/BTS/billing-confirm.spec.js"/>
    </properties>
    <testcase classname="chrome.136_0_7103_93.windows.Billing_confirm_US117289" name="Should create a new yard" time="146.26">
      <system-out><![CDATA[
COMMAND: POST /session/0a56c8b3fe23980ff89a5571a3a07e32/window/fullscreen - {}
RESULT: {}
COMMAND: POST /session/0a56c8b3fe23980ff89a5571a3a07e32/execute/async - {"script":"<script> [1562 bytes]","args":[{"selector":{"controlType":"sap.m.GenericTile","properties":{"header":"Manage Yards"}},"wdio_ui5_key":"sapm.GenericTile{\"header\":\"Manage Yards\"}"}]}
RESULT: {"script":"<script> [1562 bytes]","args":[{"selector":{"controlType":"sap.m.GenericTile","properties":{"header":"Manage Yards"}},"wdio_ui5_key":"sapm.GenericTile{\"header\":\"Manage Yards\"}"}]}
RESULT: undefined
COMMAND: POST /session/0a56c8b3fe23980ff89a5571a3a07e32/element - {"using":"xpath","value":"//*[@id=\"__tile41\"]"}
RESULT: {"using":"xpath","value":"//*[@id=\"__tile41\"]"}
COMMAND: POST /session/0a56c8b3fe23980ff89a5571a3a07e32/element/f.8BC31031A8A77F81AA6DDAE562E569BF.d.604974C417FAEF20DB353EFC74D3B37B.e.160/click - {}
RESULT: {}
COMMAND: GET /session/0a56c8b3fe23980ff89a5571a3a07e32/screenshot - {}
RESULT: {}
COMMAND: POST /session/0a56c8b3fe23980ff89a5571a3a07e32/elements - {"using":"xpath","value":"//span[text()='Error']"}
RESULT: {"using":"xpath","value":"//span[text()='Error']"}
COMMAND: POST /session/0a56c8b3fe23980ff89a5571a3a07e32/element - {"using":"xpath","value":"//button[@data-kt=\"addNewYardOverflowToolbarButton\"]"}
RESULT: {"using":"xpath","value":"//button[@data-kt=\"addNewYardOverflowToolbarButton\"]"}
COMMAND: POST /session/0a56c8b3fe23980ff89a5571a3a07e32/elements - {"using":"xpath","value":"//button[@data-kt=\"addNewYardOverflowToolbarButton\"]"}
RESULT: {"using":"xpath","value":"//button[@data-kt=\"addNewYardOverflowToolbarButton\"]"}
COMMAND: POST /session/0a56c8b3fe23980ff89a5571a3a07e32/elements - {"using":"xpath","value":"//button[@data-kt=\"addNewYardOverflowToolbarButton\"]"}
RESULT: {"using":"xpath","value":"//button[@data-kt=\"addNewYardOverflowToolbarButton\"]"}
COMMAND: POST /session/0a56c8b3fe23980ff89a5571a3a07e32/elements - {"using":"xpath","value":"//button[@data-kt=\"addNewYardOverflowToolbarButton\"]"}
RESULT: {"using":"xpath","value":"//button[@data-kt=\"addNewYardOverflowToolbarButton\"]"}
COMMAND: POST /session/0a56c8b3fe23980ff89a5571a3a07e32/elements - {"using":"xpath","value":"//button[@data-kt=\"addNewYardOverflowToolbarButton\"]"}
RESULT: {"using":"xpath","value":"//button[@data-kt=\"addNewYardOverflowToolbarButton\"]"}
COMMAND: POST /session/0a56c8b3fe23980ff89a5571a3a07e32/elements - {"using":"xpath","value":"//button[@data-kt=\"addNewYardOverflowToolbarButton\"]"}
RESULT: {"using":"xpath","value":"//button[@data-kt=\"addNewYardOverflowToolbarButton\"]"}
COMMAND: POST /session/0a56c8b3fe23980ff89a5571a3a07e32/element - {"using":"xpath","value":"//button[@data-kt=\"addNewYardOverflowToolbarButton\"]"}
RESULT: {"using":"xpath","value":"//button[@data-kt=\"addNewYardOverflowToolbarButton\"]"}
COMMAND: POST /session/0a56c8b3fe23980ff89a5571a3a07e32/execute/sync - {"script":"<script> [8489 bytes]","args":[{"element-6066-11e4-a52e-4f735466cecf":"f.8BC31031A8A77F81AA6DDAE562E569BF.d.604974C417FAEF20DB353EFC74D3B37B.e.299","ELEMENT":"f.8BC31031A8A77F81AA6DDAE562E569BF.d.604974C417FAEF20DB353EFC74D3B37B.e.299"}]}
RESULT: {"script":"<script> [8489 bytes]","args":[{"element-6066-11e4-a52e-4f735466cecf":"f.8BC31031A8A77F81AA6DDAE562E569BF.d.604974C417FAEF20DB353EFC74D3B37B.e.299","ELEMENT":"f.8BC31031A8A77F81AA6DDAE562E569BF.d.604974C417FAEF20DB353EFC74D3B37B.e.299"}]}
COMMAND: GET /session/0a56c8b3fe23980ff89a5571a3a07e32/element/f.8BC31031A8A77F81AA6DDAE562E569BF.d.604974C417FAEF20DB353EFC74D3B37B.e.299/enabled - {}
COMMAND: GET /session/0a56c8b3fe23980ff89a5571a3a07e32/screenshot - {}
RESULT: {}
COMMAND: POST /session/0a56c8b3fe23980ff89a5571a3a07e32/execute/sync - {"script":"<script> [8489 bytes]","args":[{"element-6066-11e4-a52e-4f735466cecf":"f.8BC31031A8A77F81AA6DDAE562E569BF.d.604974C417FAEF20DB353EFC74D3B37B.e.299","ELEMENT":"f.8BC31031A8A77F81AA6DDAE562E569BF.d.604974C417FAEF20DB353EFC74D3B37B.e.299"}]}
COMMAND: GET /session/0a56c8b3fe23980ff89a5571a3a07e32/screenshot - {}
RESULT: {}
RESULT: {"script":"<script> [8489 bytes]","args":[{"element-6066-11e4-a52e-4f735466cecf":"f.8BC31031A8A77F81AA6DDAE562E569BF.d.604974C417FAEF20DB353EFC74D3B37B.e.299","ELEMENT":"f.8BC31031A8A77F81AA6DDAE562E569BF.d.604974C417FAEF20DB353EFC74D3B37B.e.299"}]}
COMMAND: POST /session/0a56c8b3fe23980ff89a5571a3a07e32/execute/sync - {"script":"<script> [5351 bytes]","args":[{"element-6066-11e4-a52e-4f735466cecf":"f.8BC31031A8A77F81AA6DDAE562E569BF.d.604974C417FAEF20DB353EFC74D3B37B.e.299","ELEMENT":"f.8BC31031A8A77F81AA6DDAE562E569BF.d.604974C417FAEF20DB353EFC74D3B37B.e.299"}]}
COMMAND: GET /session/0a56c8b3fe23980ff89a5571a3a07e32/screenshot - {}
RESULT: {}
RESULT: {"script":"<script> [5351 bytes]","args":[{"element-6066-11e4-a52e-4f735466cecf":"f.8BC31031A8A77F81AA6DDAE562E569BF.d.604974C417FAEF20DB353EFC74D3B37B.e.299","ELEMENT":"f.8BC31031A8A77F81AA6DDAE562E569BF.d.604974C417FAEF20DB353EFC74D3B37B.e.299"}]}
COMMAND: POST /session/0a56c8b3fe23980ff89a5571a3a07e32/element/f.8BC31031A8A77F81AA6DDAE562E569BF.d.604974C417FAEF20DB353EFC74D3B37B.e.299/click - {}
COMMAND: GET /session/0a56c8b3fe23980ff89a5571a3a07e32/screenshot - {}
RESULT: {}
RESULT: {}
COMMAND: GET /session/0a56c8b3fe23980ff89a5571a3a07e32/screenshot - {}
COMMAND: POST /session/0a56c8b3fe23980ff89a5571a3a07e32/element - {"using":"xpath","value":"//input[@id=\"application-manageyards-display-component---NewYard--yardId-inner\"]"}
RESULT: {}
RESULT: {}
RESULT: {"using":"xpath","value":"//input[@id=\"application-manageyards-display-component---NewYard--yardId-inner\"]"}
COMMAND: POST /session/0a56c8b3fe23980ff89a5571a3a07e32/element - {"using":"xpath","value":"//input[@id=\"application-manageyards-display-component---NewYard--yardId-inner\"]"}
RESULT: {"using":"xpath","value":"//input[@id=\"application-manageyards-display-component---NewYard--yardId-inner\"]"}
COMMAND: POST /session/0a56c8b3fe23980ff89a5571a3a07e32/execute/async - {"script":"<script> [1562 bytes]","args":[{"selector":{"id":"application-manageyards-display-component---NewYard--addressDetailDetailsName1","interaction":{"idSuffix":"inner"}},"wdio_ui5_key":"applicationmanageyards-display-component---NewYard--addressDetailDetailsName1"}]}
RESULT: {"script":"<script> [1562 bytes]","args":[{"selector":{"id":"application-manageyards-display-component---NewYard--addressDetailDetailsName1","interaction":{"idSuffix":"inner"}},"wdio_ui5_key":"applicationmanageyards-display-component---NewYard--addressDetailDetailsName1"}]}
RESULT: undefined
COMMAND: POST /session/0a56c8b3fe23980ff89a5571a3a07e32/execute/async - {"script":"<script> [776 bytes]","args":[{"enterText":"Intracompany Yard wdIO","selector":{"id":"application-manageyards-display-component---NewYard--addressDetailDetailsName1","interaction":{"idSuffix":"inner"}},"clearTextFirst":true,"interactionType":"ENTER_TEXT"}]}
RESULT: {"script":"<script> [776 bytes]","args":[{"enterText":"Intracompany Yard wdIO","selector":{"id":"application-manageyards-display-component---NewYard--addressDetailDetailsName1","interaction":{"idSuffix":"inner"}},"clearTextFirst":true,"interactionType":"ENTER_TEXT"}]}
COMMAND: POST /session/0a56c8b3fe23980ff89a5571a3a07e32/execute/async - {"script":"<script> [1562 bytes]","args":[{"selector":{"id":"application-manageyards-display-component---NewYard--addressDetailDetailsLanguage-arrow"},"wdio_ui5_key":"applicationmanageyards-display-component---NewYard--addressDetailDetailsLanguage-arrow"}]}
RESULT: {"script":"<script> [1562 bytes]","args":[{"selector":{"id":"application-manageyards-display-component---NewYard--addressDetailDetailsLanguage-arrow"},"wdio_ui5_key":"applicationmanageyards-display-component---NewYard--addressDetailDetailsLanguage-arrow"}]}
RESULT: undefined
COMMAND: POST /session/0a56c8b3fe23980ff89a5571a3a07e32/element - {"using":"xpath","value":"//*[@id=\"application-manageyards-display-component---NewYard--addressDetailDetailsLanguage-arrow\"]"}
RESULT: {"using":"xpath","value":"//*[@id=\"application-manageyards-display-component---NewYard--addressDetailDetailsLanguage-arrow\"]"}
COMMAND: POST /session/0a56c8b3fe23980ff89a5571a3a07e32/element/f.8BC31031A8A77F81AA6DDAE562E569BF.d.604974C417FAEF20DB353EFC74D3B37B.e.723/click - {}
RESULT: {}
COMMAND: POST /session/0a56c8b3fe23980ff89a5571a3a07e32/element - {"using":"xpath","value":"//span[contains(text(), \"English\")]"}
COMMAND: GET /session/0a56c8b3fe23980ff89a5571a3a07e32/screenshot - {}
RESULT: {"using":"xpath","value":"//span[contains(text(), \"English\")]"}
COMMAND: POST /session/0a56c8b3fe23980ff89a5571a3a07e32/element/f.8BC31031A8A77F81AA6DDAE562E569BF.d.604974C417FAEF20DB353EFC74D3B37B.e.724/click - {}
RESULT: {}
RESULT: {}
COMMAND: POST /session/0a56c8b3fe23980ff89a5571a3a07e32/execute/async - {"script":"<script> [1562 bytes]","args":[{"selector":{"id":"application-manageyards-display-component---NewYard--addressDetailDetailsCity1","interaction":{"idSuffix":"inner"}},"wdio_ui5_key":"applicationmanageyards-display-component---NewYard--addressDetailDetailsCity1"}]}
COMMAND: GET /session/0a56c8b3fe23980ff89a5571a3a07e32/screenshot - {}
RESULT: {"script":"<script> [1562 bytes]","args":[{"selector":{"id":"application-manageyards-display-component---NewYard--addressDetailDetailsCity1","interaction":{"idSuffix":"inner"}},"wdio_ui5_key":"applicationmanageyards-display-component---NewYard--addressDetailDetailsCity1"}]}
RESULT: undefined
COMMAND: POST /session/0a56c8b3fe23980ff89a5571a3a07e32/execute/async - {"script":"<script> [776 bytes]","args":[{"enterText":"Rosario","selector":{"id":"application-manageyards-display-component---NewYard--addressDetailDetailsCity1","interaction":{"idSuffix":"inner"}},"clearTextFirst":true,"interactionType":"ENTER_TEXT"}]}
RESULT: {}
RESULT: {"script":"<script> [776 bytes]","args":[{"enterText":"Rosario","selector":{"id":"application-manageyards-display-component---NewYard--addressDetailDetailsCity1","interaction":{"idSuffix":"inner"}},"clearTextFirst":true,"interactionType":"ENTER_TEXT"}]}
COMMAND: POST /session/0a56c8b3fe23980ff89a5571a3a07e32/execute/async - {"script":"<script> [1562 bytes]","args":[{"selector":{"id":"application-manageyards-display-component---NewYard--addressDetailDetailsCountry-arrow"},"wdio_ui5_key":"applicationmanageyards-display-component---NewYard--addressDetailDetailsCountry-arrow"}]}
RESULT: {"script":"<script> [1562 bytes]","args":[{"selector":{"id":"application-manageyards-display-component---NewYard--addressDetailDetailsCountry-arrow"},"wdio_ui5_key":"applicationmanageyards-display-component---NewYard--addressDetailDetailsCountry-arrow"}]}
RESULT: undefined
COMMAND: POST /session/0a56c8b3fe23980ff89a5571a3a07e32/element - {"using":"xpath","value":"//*[@id=\"application-manageyards-display-component---NewYard--addressDetailDetailsCountry-arrow\"]"}
RESULT: {"using":"xpath","value":"//*[@id=\"application-manageyards-display-component---NewYard--addressDetailDetailsCountry-arrow\"]"}
COMMAND: POST /session/0a56c8b3fe23980ff89a5571a3a07e32/element/f.8BC31031A8A77F81AA6DDAE562E569BF.d.604974C417FAEF20DB353EFC74D3B37B.e.726/click - {}
RESULT: {}
COMMAND: POST /session/0a56c8b3fe23980ff89a5571a3a07e32/element - {"using":"xpath","value":"//span[contains(text(), \"Argentina\")]"}
COMMAND: GET /session/0a56c8b3fe23980ff89a5571a3a07e32/screenshot - {}
RESULT: {"using":"xpath","value":"//span[contains(text(), \"Argentina\")]"}
COMMAND: POST /session/0a56c8b3fe23980ff89a5571a3a07e32/element/f.8BC31031A8A77F81AA6DDAE562E569BF.d.604974C417FAEF20DB353EFC74D3B37B.e.727/click - {}
RESULT: {}
RESULT: {}
COMMAND: POST /session/0a56c8b3fe23980ff89a5571a3a07e32/execute/async - {"script":"<script> [1562 bytes]","args":[{"selector":{"id":"application-manageyards-display-component---NewYard--addressEditDetailsCostObjectCstType-arrow"},"wdio_ui5_key":"applicationmanageyards-display-component---NewYard--addressEditDetailsCostObjectCstType-arrow"}]}
COMMAND: GET /session/0a56c8b3fe23980ff89a5571a3a07e32/screenshot - {}
RESULT: {"script":"<script> [1562 bytes]","args":[{"selector":{"id":"application-manageyards-display-component---NewYard--addressEditDetailsCostObjectCstType-arrow"},"wdio_ui5_key":"applicationmanageyards-display-component---NewYard--addressEditDetailsCostObjectCstType-arrow"}]}
RESULT: undefined
COMMAND: POST /session/0a56c8b3fe23980ff89a5571a3a07e32/element - {"using":"xpath","value":"//*[@id=\"application-manageyards-display-component---NewYard--addressEditDetailsCostObjectCstType-arrow\"]"}
RESULT: {}
RESULT: {"using":"xpath","value":"//*[@id=\"application-manageyards-display-component---NewYard--addressEditDetailsCostObjectCstType-arrow\"]"}
COMMAND: POST /session/0a56c8b3fe23980ff89a5571a3a07e32/element/f.8BC31031A8A77F81AA6DDAE562E569BF.d.604974C417FAEF20DB353EFC74D3B37B.e.729/click - {}
RESULT: {}
COMMAND: POST /session/0a56c8b3fe23980ff89a5571a3a07e32/element - {"using":"xpath","value":"//span[contains(text(), \"Cost Center\")]"}
COMMAND: GET /session/0a56c8b3fe23980ff89a5571a3a07e32/screenshot - {}
RESULT: {"using":"xpath","value":"//span[contains(text(), \"Cost Center\")]"}
COMMAND: POST /session/0a56c8b3fe23980ff89a5571a3a07e32/element/f.8BC31031A8A77F81AA6DDAE562E569BF.d.604974C417FAEF20DB353EFC74D3B37B.e.730/click - {}
RESULT: {}
RESULT: {}
COMMAND: GET /session/0a56c8b3fe23980ff89a5571a3a07e32/screenshot - {}
RESULT: {}
COMMAND: POST /session/0a56c8b3fe23980ff89a5571a3a07e32/element - {"using":"xpath","value":"//span[@id=\"application-manageyards-display-component---NewYard--addressNewCostObjectCstID-vhi\"]"}
RESULT: {"using":"xpath","value":"//span[@id=\"application-manageyards-display-component---NewYard--addressNewCostObjectCstID-vhi\"]"}
COMMAND: POST /session/0a56c8b3fe23980ff89a5571a3a07e32/execute/sync - {"script":"<script> [8489 bytes]","args":[{"element-6066-11e4-a52e-4f735466cecf":"f.8BC31031A8A77F81AA6DDAE562E569BF.d.604974C417FAEF20DB353EFC74D3B37B.e.734","ELEMENT":"f.8BC31031A8A77F81AA6DDAE562E569BF.d.604974C417FAEF20DB353EFC74D3B37B.e.734"}]}
RESULT: {"script":"<script> [8489 bytes]","args":[{"element-6066-11e4-a52e-4f735466cecf":"f.8BC31031A8A77F81AA6DDAE562E569BF.d.604974C417FAEF20DB353EFC74D3B37B.e.734","ELEMENT":"f.8BC31031A8A77F81AA6DDAE562E569BF.d.604974C417FAEF20DB353EFC74D3B37B.e.734"}]}
COMMAND: POST /session/0a56c8b3fe23980ff89a5571a3a07e32/execute/async - {"script":"<script> [1562 bytes]","args":[{"selector":{"id":"application-manageyards-display-component---NewYard--addressNewCostObjectCstID-vhi"},"wdio_ui5_key":"applicationmanageyards-display-component---NewYard--addressNewCostObjectCstID-vhi"}]}
COMMAND: GET /session/0a56c8b3fe23980ff89a5571a3a07e32/screenshot - {}
RESULT: {"script":"<script> [1562 bytes]","args":[{"selector":{"id":"application-manageyards-display-component---NewYard--addressNewCostObjectCstID-vhi"},"wdio_ui5_key":"applicationmanageyards-display-component---NewYard--addressNewCostObjectCstID-vhi"}]}
RESULT: undefined
COMMAND: POST /session/0a56c8b3fe23980ff89a5571a3a07e32/element - {"using":"xpath","value":"//*[@id=\"application-manageyards-display-component---NewYard--addressNewCostObjectCstID-vhi\"]"}
RESULT: {}
RESULT: {"using":"xpath","value":"//*[@id=\"application-manageyards-display-component---NewYard--addressNewCostObjectCstID-vhi\"]"}
COMMAND: POST /session/0a56c8b3fe23980ff89a5571a3a07e32/element/f.8BC31031A8A77F81AA6DDAE562E569BF.d.604974C417FAEF20DB353EFC74D3B37B.e.734/click - {}
RESULT: {}
COMMAND: GET /session/0a56c8b3fe23980ff89a5571a3a07e32/screenshot - {}
RESULT: {}
COMMAND: POST /session/0a56c8b3fe23980ff89a5571a3a07e32/execute/async - {"script":"<script> [1562 bytes]","args":[{"selector":{"controlType":"sap.m.SearchField","properties":{"placeholder":"Search"},"searchOpenDialogs":true,"interaction":{"idSuffix":"I"}},"wdio_ui5_key":"sapm.SearchField{\"placeholder\":\"Search\"}"}]}
RESULT: {"script":"<script> [1562 bytes]","args":[{"selector":{"controlType":"sap.m.SearchField","properties":{"placeholder":"Search"},"searchOpenDialogs":true,"interaction":{"idSuffix":"I"}},"wdio_ui5_key":"sapm.SearchField{\"placeholder\":\"Search\"}"}]}
RESULT: undefined
COMMAND: POST /session/0a56c8b3fe23980ff89a5571a3a07e32/execute/async - {"script":"<script> [776 bytes]","args":[{"enterText":"bauh_b","selector":{"controlType":"sap.m.SearchField","properties":{"placeholder":"Search"},"searchOpenDialogs":true,"interaction":{"idSuffix":"I"}},"clearTextFirst":true,"interactionType":"ENTER_TEXT"}]}
RESULT: {"script":"<script> [776 bytes]","args":[{"enterText":"bauh_b","selector":{"controlType":"sap.m.SearchField","properties":{"placeholder":"Search"},"searchOpenDialogs":true,"interaction":{"idSuffix":"I"}},"clearTextFirst":true,"interactionType":"ENTER_TEXT"}]}
COMMAND: POST /session/0a56c8b3fe23980ff89a5571a3a07e32/actions - {"actions":[{"id":"action1","type":"key","parameters":{},"actions":[{"type":"keyDown","value":""},{"type":"pause","duration":10},{"type":"keyUp","value":""}]}]}
RESULT: {"actions":[{"id":"action1","type":"key","parameters":{},"actions":[{"type":"keyDown","value":""},{"type":"pause","duration":10},{"type":"keyUp","value":""}]}]}
COMMAND: GET /session/0a56c8b3fe23980ff89a5571a3a07e32/screenshot - {}
RESULT: {}
COMMAND: POST /session/0a56c8b3fe23980ff89a5571a3a07e32/element - {"using":"xpath","value":"//span[contains(text(), \"Demo Yard\")]"}
RESULT: {"using":"xpath","value":"//span[contains(text(), \"Demo Yard\")]"}
COMMAND: POST /session/0a56c8b3fe23980ff89a5571a3a07e32/element/f.8BC31031A8A77F81AA6DDAE562E569BF.d.604974C417FAEF20DB353EFC74D3B37B.e.775/click - {}
RESULT: {}
COMMAND: GET /session/0a56c8b3fe23980ff89a5571a3a07e32/screenshot - {}
RESULT: {}
COMMAND: POST /session/0a56c8b3fe23980ff89a5571a3a07e32/element - {"using":"xpath","value":"//bdi[contains(text(), \"OK\")]"}
RESULT: {"using":"xpath","value":"//bdi[contains(text(), \"OK\")]"}
COMMAND: POST /session/0a56c8b3fe23980ff89a5571a3a07e32/element/f.8BC31031A8A77F81AA6DDAE562E569BF.d.604974C417FAEF20DB353EFC74D3B37B.e.776/click - {}
RESULT: {}
COMMAND: GET /session/0a56c8b3fe23980ff89a5571a3a07e32/screenshot - {}
RESULT: {}
COMMAND: POST /session/0a56c8b3fe23980ff89a5571a3a07e32/execute/async - {"script":"<script> [1562 bytes]","args":[{"selector":{"id":"application-manageyards-display-component---NewYard--addressEditDetailsCurrency-arrow"},"wdio_ui5_key":"applicationmanageyards-display-component---NewYard--addressEditDetailsCurrency-arrow"}]}
RESULT: {"script":"<script> [1562 bytes]","args":[{"selector":{"id":"application-manageyards-display-component---NewYard--addressEditDetailsCurrency-arrow"},"wdio_ui5_key":"applicationmanageyards-display-component---NewYard--addressEditDetailsCurrency-arrow"}]}
RESULT: undefined
COMMAND: POST /session/0a56c8b3fe23980ff89a5571a3a07e32/element - {"using":"xpath","value":"//*[@id=\"application-manageyards-display-component---NewYard--addressEditDetailsCurrency-arrow\"]"}
RESULT: {"using":"xpath","value":"//*[@id=\"application-manageyards-display-component---NewYard--addressEditDetailsCurrency-arrow\"]"}
COMMAND: POST /session/0a56c8b3fe23980ff89a5571a3a07e32/element/f.8BC31031A8A77F81AA6DDAE562E569BF.d.604974C417FAEF20DB353EFC74D3B37B.e.779/click - {}
RESULT: {}
COMMAND: POST /session/0a56c8b3fe23980ff89a5571a3a07e32/element - {"using":"xpath","value":"//span[contains(text(), \"Euro\")]"}
COMMAND: GET /session/0a56c8b3fe23980ff89a5571a3a07e32/screenshot - {}
RESULT: {"using":"xpath","value":"//span[contains(text(), \"Euro\")]"}
COMMAND: POST /session/0a56c8b3fe23980ff89a5571a3a07e32/element/f.8BC31031A8A77F81AA6DDAE562E569BF.d.604974C417FAEF20DB353EFC74D3B37B.e.780/click - {}
RESULT: {}
RESULT: {}
COMMAND: POST /session/0a56c8b3fe23980ff89a5571a3a07e32/execute/async - {"script":"<script> [1562 bytes]","args":[{"selector":{"controlType":"sap.m.Input","viewName":"etm.portal.ui.manageyards.view.New","viewId":"application-manageyards-display-component---NewYard","bindingPath":{"path":"","propertyPath":"/CONTROLLING_AREA","modelName":"NewYardModel"},"interaction":{"idSuffix":"inner"}},"wdio_ui5_key":"etmportal.ui.manageyards.view.Newsap.m.Input{\"path\":\"\",\"propertyPath\":\"/CONTROLLING_AREA\",\"modelName\":\"NewYardModel\"}"}]}
COMMAND: GET /session/0a56c8b3fe23980ff89a5571a3a07e32/screenshot - {}
RESULT: {"script":"<script> [1562 bytes]","args":[{"selector":{"controlType":"sap.m.Input","viewName":"etm.portal.ui.manageyards.view.New","viewId":"application-manageyards-display-component---NewYard","bindingPath":{"path":"","propertyPath":"/CONTROLLING_AREA","modelName":"NewYardModel"},"interaction":{"idSuffix":"inner"}},"wdio_ui5_key":"etmportal.ui.manageyards.view.Newsap.m.Input{\"path\":\"\",\"propertyPath\":\"/CONTROLLING_AREA\",\"modelName\":\"NewYardModel\"}"}]}
RESULT: undefined
COMMAND: POST /session/0a56c8b3fe23980ff89a5571a3a07e32/execute/async - {"script":"<script> [776 bytes]","args":[{"enterText":"Z001","selector":{"controlType":"sap.m.Input","viewName":"etm.portal.ui.manageyards.view.New","viewId":"application-manageyards-display-component---NewYard","bindingPath":{"path":"","propertyPath":"/CONTROLLING_AREA","modelName":"NewYardModel"},"interaction":{"idSuffix":"inner"}},"clearTextFirst":true,"interactionType":"ENTER_TEXT"}]}
RESULT: {}
RESULT: {"script":"<script> [776 bytes]","args":[{"enterText":"Z001","selector":{"controlType":"sap.m.Input","viewName":"etm.portal.ui.manageyards.view.New","viewId":"application-manageyards-display-component---NewYard","bindingPath":{"path":"","propertyPath":"/CONTROLLING_AREA","modelName":"NewYardModel"},"interaction":{"idSuffix":"inner"}},"clearTextFirst":true,"interactionType":"ENTER_TEXT"}]}
COMMAND: POST /session/0a56c8b3fe23980ff89a5571a3a07e32/execute/async - {"script":"<script> [1562 bytes]","args":[{"selector":{"id":"application-manageyards-display-component---NewYard--companyCodeComboBox","interaction":{"idSuffix":"inner"}},"wdio_ui5_key":"applicationmanageyards-display-component---NewYard--companyCodeComboBox"}]}
RESULT: {"script":"<script> [1562 bytes]","args":[{"selector":{"id":"application-manageyards-display-component---NewYard--companyCodeComboBox","interaction":{"idSuffix":"inner"}},"wdio_ui5_key":"applicationmanageyards-display-component---NewYard--companyCodeComboBox"}]}
RESULT: undefined
COMMAND: POST /session/0a56c8b3fe23980ff89a5571a3a07e32/execute/async - {"script":"<script> [776 bytes]","args":[{"enterText":"1000","selector":{"id":"application-manageyards-display-component---NewYard--companyCodeComboBox","interaction":{"idSuffix":"inner"}},"clearTextFirst":true,"interactionType":"ENTER_TEXT"}]}
RESULT: {"script":"<script> [776 bytes]","args":[{"enterText":"1000","selector":{"id":"application-manageyards-display-component---NewYard--companyCodeComboBox","interaction":{"idSuffix":"inner"}},"clearTextFirst":true,"interactionType":"ENTER_TEXT"}]}
COMMAND: POST /session/0a56c8b3fe23980ff89a5571a3a07e32/execute/async - {"script":"<script> [1562 bytes]","args":[{"selector":{"controlType":"sap.m.Input","viewName":"etm.portal.ui.manageyards.view.New","viewId":"application-manageyards-display-component---NewYard","bindingPath":{"path":"","propertyPath":"/PLANT","modelName":"NewYardModel"},"interaction":{"idSuffix":"inner"}},"wdio_ui5_key":"etmportal.ui.manageyards.view.Newsap.m.Input{\"path\":\"\",\"propertyPath\":\"/PLANT\",\"modelName\":\"NewYardModel\"}"}]}
RESULT: {"script":"<script> [1562 bytes]","args":[{"selector":{"controlType":"sap.m.Input","viewName":"etm.portal.ui.manageyards.view.New","viewId":"application-manageyards-display-component---NewYard","bindingPath":{"path":"","propertyPath":"/PLANT","modelName":"NewYardModel"},"interaction":{"idSuffix":"inner"}},"wdio_ui5_key":"etmportal.ui.manageyards.view.Newsap.m.Input{\"path\":\"\",\"propertyPath\":\"/PLANT\",\"modelName\":\"NewYardModel\"}"}]}
RESULT: undefined
COMMAND: POST /session/0a56c8b3fe23980ff89a5571a3a07e32/execute/async - {"script":"<script> [776 bytes]","args":[{"enterText":"1001","selector":{"controlType":"sap.m.Input","viewName":"etm.portal.ui.manageyards.view.New","viewId":"application-manageyards-display-component---NewYard","bindingPath":{"path":"","propertyPath":"/PLANT","modelName":"NewYardModel"},"interaction":{"idSuffix":"inner"}},"clearTextFirst":true,"interactionType":"ENTER_TEXT"}]}
RESULT: {"script":"<script> [776 bytes]","args":[{"enterText":"1001","selector":{"controlType":"sap.m.Input","viewName":"etm.portal.ui.manageyards.view.New","viewId":"application-manageyards-display-component---NewYard","bindingPath":{"path":"","propertyPath":"/PLANT","modelName":"NewYardModel"},"interaction":{"idSuffix":"inner"}},"clearTextFirst":true,"interactionType":"ENTER_TEXT"}]}
COMMAND: POST /session/0a56c8b3fe23980ff89a5571a3a07e32/execute/async - {"script":"<script> [1562 bytes]","args":[{"selector":{"controlType":"sap.m.Input","viewName":"etm.portal.ui.manageyards.view.New","viewId":"application-manageyards-display-component---NewYard","bindingPath":{"path":"","propertyPath":"/SALES_AREA_VKORG","modelName":"NewYardModel"},"interaction":{"idSuffix":"inner"}},"wdio_ui5_key":"etmportal.ui.manageyards.view.Newsap.m.Input{\"path\":\"\",\"propertyPath\":\"/SALES_AREA_VKORG\",\"modelName\":\"NewYardModel\"}"}]}
RESULT: {"script":"<script> [1562 bytes]","args":[{"selector":{"controlType":"sap.m.Input","viewName":"etm.portal.ui.manageyards.view.New","viewId":"application-manageyards-display-component---NewYard","bindingPath":{"path":"","propertyPath":"/SALES_AREA_VKORG","modelName":"NewYardModel"},"interaction":{"idSuffix":"inner"}},"wdio_ui5_key":"etmportal.ui.manageyards.view.Newsap.m.Input{\"path\":\"\",\"propertyPath\":\"/SALES_AREA_VKORG\",\"modelName\":\"NewYardModel\"}"}]}
RESULT: undefined
COMMAND: POST /session/0a56c8b3fe23980ff89a5571a3a07e32/execute/async - {"script":"<script> [776 bytes]","args":[{"enterText":"C002","selector":{"controlType":"sap.m.Input","viewName":"etm.portal.ui.manageyards.view.New","viewId":"application-manageyards-display-component---NewYard","bindingPath":{"path":"","propertyPath":"/SALES_AREA_VKORG","modelName":"NewYardModel"},"interaction":{"idSuffix":"inner"}},"clearTextFirst":true,"interactionType":"ENTER_TEXT"}]}
RESULT: {"script":"<script> [776 bytes]","args":[{"enterText":"C002","selector":{"controlType":"sap.m.Input","viewName":"etm.portal.ui.manageyards.view.New","viewId":"application-manageyards-display-component---NewYard","bindingPath":{"path":"","propertyPath":"/SALES_AREA_VKORG","modelName":"NewYardModel"},"interaction":{"idSuffix":"inner"}},"clearTextFirst":true,"interactionType":"ENTER_TEXT"}]}
COMMAND: POST /session/0a56c8b3fe23980ff89a5571a3a07e32/execute/async - {"script":"<script> [1562 bytes]","args":[{"selector":{"controlType":"sap.m.Input","viewName":"etm.portal.ui.manageyards.view.New","viewId":"application-manageyards-display-component---NewYard","bindingPath":{"path":"","propertyPath":"/SALES_AREA_VTWEG","modelName":"NewYardModel"},"interaction":{"idSuffix":"inner"}},"wdio_ui5_key":"etmportal.ui.manageyards.view.Newsap.m.Input{\"path\":\"\",\"propertyPath\":\"/SALES_AREA_VTWEG\",\"modelName\":\"NewYardModel\"}"}]}
RESULT: {"script":"<script> [1562 bytes]","args":[{"selector":{"controlType":"sap.m.Input","viewName":"etm.portal.ui.manageyards.view.New","viewId":"application-manageyards-display-component---NewYard","bindingPath":{"path":"","propertyPath":"/SALES_AREA_VTWEG","modelName":"NewYardModel"},"interaction":{"idSuffix":"inner"}},"wdio_ui5_key":"etmportal.ui.manageyards.view.Newsap.m.Input{\"path\":\"\",\"propertyPath\":\"/SALES_AREA_VTWEG\",\"modelName\":\"NewYardModel\"}"}]}
RESULT: undefined
COMMAND: POST /session/0a56c8b3fe23980ff89a5571a3a07e32/execute/async - {"script":"<script> [776 bytes]","args":[{"enterText":"C2","selector":{"controlType":"sap.m.Input","viewName":"etm.portal.ui.manageyards.view.New","viewId":"application-manageyards-display-component---NewYard","bindingPath":{"path":"","propertyPath":"/SALES_AREA_VTWEG","modelName":"NewYardModel"},"interaction":{"idSuffix":"inner"}},"clearTextFirst":true,"interactionType":"ENTER_TEXT"}]}
RESULT: {"script":"<script> [776 bytes]","args":[{"enterText":"C2","selector":{"controlType":"sap.m.Input","viewName":"etm.portal.ui.manageyards.view.New","viewId":"application-manageyards-display-component---NewYard","bindingPath":{"path":"","propertyPath":"/SALES_AREA_VTWEG","modelName":"NewYardModel"},"interaction":{"idSuffix":"inner"}},"clearTextFirst":true,"interactionType":"ENTER_TEXT"}]}
COMMAND: POST /session/0a56c8b3fe23980ff89a5571a3a07e32/execute/async - {"script":"<script> [1562 bytes]","args":[{"selector":{"controlType":"sap.m.Input","viewName":"etm.portal.ui.manageyards.view.New","viewId":"application-manageyards-display-component---NewYard","bindingPath":{"path":"","propertyPath":"/SALES_AREA_SPART","modelName":"NewYardModel"},"interaction":{"idSuffix":"inner"}},"wdio_ui5_key":"etmportal.ui.manageyards.view.Newsap.m.Input{\"path\":\"\",\"propertyPath\":\"/SALES_AREA_SPART\",\"modelName\":\"NewYardModel\"}"}]}
RESULT: {"script":"<script> [1562 bytes]","args":[{"selector":{"controlType":"sap.m.Input","viewName":"etm.portal.ui.manageyards.view.New","viewId":"application-manageyards-display-component---NewYard","bindingPath":{"path":"","propertyPath":"/SALES_AREA_SPART","modelName":"NewYardModel"},"interaction":{"idSuffix":"inner"}},"wdio_ui5_key":"etmportal.ui.manageyards.view.Newsap.m.Input{\"path\":\"\",\"propertyPath\":\"/SALES_AREA_SPART\",\"modelName\":\"NewYardModel\"}"}]}
RESULT: undefined
COMMAND: POST /session/0a56c8b3fe23980ff89a5571a3a07e32/execute/async - {"script":"<script> [776 bytes]","args":[{"enterText":"C2","selector":{"controlType":"sap.m.Input","viewName":"etm.portal.ui.manageyards.view.New","viewId":"application-manageyards-display-component---NewYard","bindingPath":{"path":"","propertyPath":"/SALES_AREA_SPART","modelName":"NewYardModel"},"interaction":{"idSuffix":"inner"}},"clearTextFirst":true,"interactionType":"ENTER_TEXT"}]}
RESULT: {"script":"<script> [776 bytes]","args":[{"enterText":"C2","selector":{"controlType":"sap.m.Input","viewName":"etm.portal.ui.manageyards.view.New","viewId":"application-manageyards-display-component---NewYard","bindingPath":{"path":"","propertyPath":"/SALES_AREA_SPART","modelName":"NewYardModel"},"interaction":{"idSuffix":"inner"}},"clearTextFirst":true,"interactionType":"ENTER_TEXT"}]}
COMMAND: POST /session/0a56c8b3fe23980ff89a5571a3a07e32/execute/async - {"script":"<script> [1562 bytes]","args":[{"selector":{"controlType":"sap.m.Input","viewName":"etm.portal.ui.manageyards.view.New","viewId":"application-manageyards-display-component---NewYard","bindingPath":{"path":"","propertyPath":"/SHIP_POINT","modelName":"NewYardModel"},"interaction":{"idSuffix":"inner"}},"wdio_ui5_key":"etmportal.ui.manageyards.view.Newsap.m.Input{\"path\":\"\",\"propertyPath\":\"/SHIP_POINT\",\"modelName\":\"NewYardModel\"}"}]}
RESULT: {"script":"<script> [1562 bytes]","args":[{"selector":{"controlType":"sap.m.Input","viewName":"etm.portal.ui.manageyards.view.New","viewId":"application-manageyards-display-component---NewYard","bindingPath":{"path":"","propertyPath":"/SHIP_POINT","modelName":"NewYardModel"},"interaction":{"idSuffix":"inner"}},"wdio_ui5_key":"etmportal.ui.manageyards.view.Newsap.m.Input{\"path\":\"\",\"propertyPath\":\"/SHIP_POINT\",\"modelName\":\"NewYardModel\"}"}]}
RESULT: undefined
COMMAND: POST /session/0a56c8b3fe23980ff89a5571a3a07e32/execute/async - {"script":"<script> [776 bytes]","args":[{"enterText":"1710","selector":{"controlType":"sap.m.Input","viewName":"etm.portal.ui.manageyards.view.New","viewId":"application-manageyards-display-component---NewYard","bindingPath":{"path":"","propertyPath":"/SHIP_POINT","modelName":"NewYardModel"},"interaction":{"idSuffix":"inner"}},"clearTextFirst":true,"interactionType":"ENTER_TEXT"}]}
RESULT: {"script":"<script> [776 bytes]","args":[{"enterText":"1710","selector":{"controlType":"sap.m.Input","viewName":"etm.portal.ui.manageyards.view.New","viewId":"application-manageyards-display-component---NewYard","bindingPath":{"path":"","propertyPath":"/SHIP_POINT","modelName":"NewYardModel"},"interaction":{"idSuffix":"inner"}},"clearTextFirst":true,"interactionType":"ENTER_TEXT"}]}
COMMAND: POST /session/0a56c8b3fe23980ff89a5571a3a07e32/execute/async - {"script":"<script> [1562 bytes]","args":[{"selector":{"controlType":"sap.m.Input","viewName":"etm.portal.ui.manageyards.view.New","viewId":"application-manageyards-display-component---NewYard","bindingPath":{"path":"","propertyPath":"/DELIVERY_TYPE","modelName":"NewYardModel"},"interaction":{"idSuffix":"inner"}},"wdio_ui5_key":"etmportal.ui.manageyards.view.Newsap.m.Input{\"path\":\"\",\"propertyPath\":\"/DELIVERY_TYPE\",\"modelName\":\"NewYardModel\"}"}]}
RESULT: {"script":"<script> [1562 bytes]","args":[{"selector":{"controlType":"sap.m.Input","viewName":"etm.portal.ui.manageyards.view.New","viewId":"application-manageyards-display-component---NewYard","bindingPath":{"path":"","propertyPath":"/DELIVERY_TYPE","modelName":"NewYardModel"},"interaction":{"idSuffix":"inner"}},"wdio_ui5_key":"etmportal.ui.manageyards.view.Newsap.m.Input{\"path\":\"\",\"propertyPath\":\"/DELIVERY_TYPE\",\"modelName\":\"NewYardModel\"}"}]}
RESULT: undefined
COMMAND: POST /session/0a56c8b3fe23980ff89a5571a3a07e32/execute/async - {"script":"<script> [776 bytes]","args":[{"enterText":"ZL01","selector":{"controlType":"sap.m.Input","viewName":"etm.portal.ui.manageyards.view.New","viewId":"application-manageyards-display-component---NewYard","bindingPath":{"path":"","propertyPath":"/DELIVERY_TYPE","modelName":"NewYardModel"},"interaction":{"idSuffix":"inner"}},"clearTextFirst":true,"interactionType":"ENTER_TEXT"}]}
RESULT: {"script":"<script> [776 bytes]","args":[{"enterText":"ZL01","selector":{"controlType":"sap.m.Input","viewName":"etm.portal.ui.manageyards.view.New","viewId":"application-manageyards-display-component---NewYard","bindingPath":{"path":"","propertyPath":"/DELIVERY_TYPE","modelName":"NewYardModel"},"interaction":{"idSuffix":"inner"}},"clearTextFirst":true,"interactionType":"ENTER_TEXT"}]}
COMMAND: POST /session/0a56c8b3fe23980ff89a5571a3a07e32/execute/async - {"script":"<script> [1562 bytes]","args":[{"selector":{"controlType":"sap.m.Input","viewName":"etm.portal.ui.manageyards.view.New","viewId":"application-manageyards-display-component---NewYard","bindingPath":{"path":"","propertyPath":"/AUART","modelName":"NewYardModel"},"interaction":{"idSuffix":"inner"}},"wdio_ui5_key":"etmportal.ui.manageyards.view.Newsap.m.Input{\"path\":\"\",\"propertyPath\":\"/AUART\",\"modelName\":\"NewYardModel\"}"}]}
RESULT: {"script":"<script> [1562 bytes]","args":[{"selector":{"controlType":"sap.m.Input","viewName":"etm.portal.ui.manageyards.view.New","viewId":"application-manageyards-display-component---NewYard","bindingPath":{"path":"","propertyPath":"/AUART","modelName":"NewYardModel"},"interaction":{"idSuffix":"inner"}},"wdio_ui5_key":"etmportal.ui.manageyards.view.Newsap.m.Input{\"path\":\"\",\"propertyPath\":\"/AUART\",\"modelName\":\"NewYardModel\"}"}]}
RESULT: undefined
COMMAND: POST /session/0a56c8b3fe23980ff89a5571a3a07e32/execute/async - {"script":"<script> [776 bytes]","args":[{"enterText":"TA","selector":{"controlType":"sap.m.Input","viewName":"etm.portal.ui.manageyards.view.New","viewId":"application-manageyards-display-component---NewYard","bindingPath":{"path":"","propertyPath":"/AUART","modelName":"NewYardModel"},"interaction":{"idSuffix":"inner"}},"clearTextFirst":true,"interactionType":"ENTER_TEXT"}]}
RESULT: {"script":"<script> [776 bytes]","args":[{"enterText":"TA","selector":{"controlType":"sap.m.Input","viewName":"etm.portal.ui.manageyards.view.New","viewId":"application-manageyards-display-component---NewYard","bindingPath":{"path":"","propertyPath":"/AUART","modelName":"NewYardModel"},"interaction":{"idSuffix":"inner"}},"clearTextFirst":true,"interactionType":"ENTER_TEXT"}]}
COMMAND: POST /session/0a56c8b3fe23980ff89a5571a3a07e32/element - {"using":"xpath","value":"//button[@data-kt=\"newYardSaveButton\"]"}
RESULT: {"using":"xpath","value":"//button[@data-kt=\"newYardSaveButton\"]"}
COMMAND: POST /session/0a56c8b3fe23980ff89a5571a3a07e32/element/f.8BC31031A8A77F81AA6DDAE562E569BF.d.604974C417FAEF20DB353EFC74D3B37B.e.706/click - {}
RESULT: {}
COMMAND: GET /session/0a56c8b3fe23980ff89a5571a3a07e32/screenshot - {}
RESULT: {}
COMMAND: POST /session/0a56c8b3fe23980ff89a5571a3a07e32/element - {"using":"xpath","value":"//header[contains(@id, 'ObjectPageLayout-headerTitle')]/div[1]/div[2]/div[1]/span[1]"}
RESULT: {"using":"xpath","value":"//header[contains(@id, 'ObjectPageLayout-headerTitle')]/div[1]/div[2]/div[1]/span[1]"}
COMMAND: POST /session/0a56c8b3fe23980ff89a5571a3a07e32/elements - {"using":"xpath","value":"//header[contains(@id, 'ObjectPageLayout-headerTitle')]/div[1]/div[2]/div[1]/span[1]"}
RESULT: {"using":"xpath","value":"//header[contains(@id, 'ObjectPageLayout-headerTitle')]/div[1]/div[2]/div[1]/span[1]"}
COMMAND: POST /session/0a56c8b3fe23980ff89a5571a3a07e32/execute/sync - {"script":"<script> [56 bytes]","args":[{"element-6066-11e4-a52e-4f735466cecf":"f.8BC31031A8A77F81AA6DDAE562E569BF.d.604974C417FAEF20DB353EFC74D3B37B.e.997","ELEMENT":"f.8BC31031A8A77F81AA6DDAE562E569BF.d.604974C417FAEF20DB353EFC74D3B37B.e.997"}]}
RESULT: {"script":"<script> [56 bytes]","args":[{"element-6066-11e4-a52e-4f735466cecf":"f.8BC31031A8A77F81AA6DDAE562E569BF.d.604974C417FAEF20DB353EFC74D3B37B.e.997","ELEMENT":"f.8BC31031A8A77F81AA6DDAE562E569BF.d.604974C417FAEF20DB353EFC74D3B37B.e.997"}]}
COMMAND: GET /session/0a56c8b3fe23980ff89a5571a3a07e32/screenshot - {}
RESULT: {}
COMMAND: POST /session/0a56c8b3fe23980ff89a5571a3a07e32/element - {"using":"css selector","value":"#shell-header-logo"}
RESULT: {"using":"css selector","value":"#shell-header-logo"}
COMMAND: POST /session/0a56c8b3fe23980ff89a5571a3a07e32/element/f.8BC31031A8A77F81AA6DDAE562E569BF.d.604974C417FAEF20DB353EFC74D3B37B.e.268/click - {}
RESULT: {}
COMMAND: GET /session/0a56c8b3fe23980ff89a5571a3a07e32/screenshot - {}
RESULT: {}
COMMAND: POST /session/0a56c8b3fe23980ff89a5571a3a07e32/execute/sync - {"script":"<script> [299 bytes]","args":[["getModel","getResource"]]}
RESULT: {"script":"<script> [299 bytes]","args":[["getModel","getResource"]]}
]]></system-out>
    </testcase>
    <testcase classname="chrome.136_0_7103_93.windows.Billing_confirm_US117289" name="Should create a new partner" time="149.27">
      <system-out><![CDATA[
COMMAND: GET /session/0a56c8b3fe23980ff89a5571a3a07e32/screenshot - {}
COMMAND: POST /session/0a56c8b3fe23980ff89a5571a3a07e32/window/fullscreen - {}
RESULT: {}
COMMAND: POST /session/0a56c8b3fe23980ff89a5571a3a07e32/execute/async - {"script":"<script> [1562 bytes]","args":[{"selector":{"controlType":"sap.m.GenericTile","properties":{"header":"Manage Partners"}},"wdio_ui5_key":"sapm.GenericTile{\"header\":\"Manage Partners\"}"}]}
RESULT: {}
RESULT: {"script":"<script> [1562 bytes]","args":[{"selector":{"controlType":"sap.m.GenericTile","properties":{"header":"Manage Partners"}},"wdio_ui5_key":"sapm.GenericTile{\"header\":\"Manage Partners\"}"}]}
RESULT: undefined
COMMAND: POST /session/0a56c8b3fe23980ff89a5571a3a07e32/element - {"using":"xpath","value":"//*[@id=\"__tile38\"]"}
RESULT: {"using":"xpath","value":"//*[@id=\"__tile38\"]"}
COMMAND: POST /session/0a56c8b3fe23980ff89a5571a3a07e32/element/f.8BC31031A8A77F81AA6DDAE562E569BF.d.604974C417FAEF20DB353EFC74D3B37B.e.151/click - {}
RESULT: {}
COMMAND: GET /session/0a56c8b3fe23980ff89a5571a3a07e32/screenshot - {}
RESULT: {}
COMMAND: POST /session/0a56c8b3fe23980ff89a5571a3a07e32/elements - {"using":"xpath","value":"//span[text()='Error']"}
RESULT: {"using":"xpath","value":"//span[text()='Error']"}
COMMAND: POST /session/0a56c8b3fe23980ff89a5571a3a07e32/element - {"using":"xpath","value":"//button[@data-kt=\"addButton\"]"}
RESULT: {"using":"xpath","value":"//button[@data-kt=\"addButton\"]"}
COMMAND: POST /session/0a56c8b3fe23980ff89a5571a3a07e32/elements - {"using":"xpath","value":"//button[@data-kt=\"addButton\"]"}
RESULT: {"using":"xpath","value":"//button[@data-kt=\"addButton\"]"}
COMMAND: POST /session/0a56c8b3fe23980ff89a5571a3a07e32/elements - {"using":"xpath","value":"//button[@data-kt=\"addButton\"]"}
RESULT: {"using":"xpath","value":"//button[@data-kt=\"addButton\"]"}
COMMAND: POST /session/0a56c8b3fe23980ff89a5571a3a07e32/elements - {"using":"xpath","value":"//button[@data-kt=\"addButton\"]"}
RESULT: {"using":"xpath","value":"//button[@data-kt=\"addButton\"]"}
COMMAND: POST /session/0a56c8b3fe23980ff89a5571a3a07e32/elements - {"using":"xpath","value":"//button[@data-kt=\"addButton\"]"}
RESULT: {"using":"xpath","value":"//button[@data-kt=\"addButton\"]"}
COMMAND: POST /session/0a56c8b3fe23980ff89a5571a3a07e32/element - {"using":"xpath","value":"//button[@data-kt=\"addButton\"]"}
RESULT: {"using":"xpath","value":"//button[@data-kt=\"addButton\"]"}
COMMAND: POST /session/0a56c8b3fe23980ff89a5571a3a07e32/execute/sync - {"script":"<script> [8489 bytes]","args":[{"element-6066-11e4-a52e-4f735466cecf":"f.8BC31031A8A77F81AA6DDAE562E569BF.d.604974C417FAEF20DB353EFC74D3B37B.e.1037","ELEMENT":"f.8BC31031A8A77F81AA6DDAE562E569BF.d.604974C417FAEF20DB353EFC74D3B37B.e.1037"}]}
RESULT: {"script":"<script> [8489 bytes]","args":[{"element-6066-11e4-a52e-4f735466cecf":"f.8BC31031A8A77F81AA6DDAE562E569BF.d.604974C417FAEF20DB353EFC74D3B37B.e.1037","ELEMENT":"f.8BC31031A8A77F81AA6DDAE562E569BF.d.604974C417FAEF20DB353EFC74D3B37B.e.1037"}]}
COMMAND: GET /session/0a56c8b3fe23980ff89a5571a3a07e32/element/f.8BC31031A8A77F81AA6DDAE562E569BF.d.604974C417FAEF20DB353EFC74D3B37B.e.1037/enabled - {}
COMMAND: GET /session/0a56c8b3fe23980ff89a5571a3a07e32/screenshot - {}
RESULT: {}
COMMAND: POST /session/0a56c8b3fe23980ff89a5571a3a07e32/execute/sync - {"script":"<script> [8489 bytes]","args":[{"element-6066-11e4-a52e-4f735466cecf":"f.8BC31031A8A77F81AA6DDAE562E569BF.d.604974C417FAEF20DB353EFC74D3B37B.e.1037","ELEMENT":"f.8BC31031A8A77F81AA6DDAE562E569BF.d.604974C417FAEF20DB353EFC74D3B37B.e.1037"}]}
COMMAND: GET /session/0a56c8b3fe23980ff89a5571a3a07e32/screenshot - {}
RESULT: {}
RESULT: {"script":"<script> [8489 bytes]","args":[{"element-6066-11e4-a52e-4f735466cecf":"f.8BC31031A8A77F81AA6DDAE562E569BF.d.604974C417FAEF20DB353EFC74D3B37B.e.1037","ELEMENT":"f.8BC31031A8A77F81AA6DDAE562E569BF.d.604974C417FAEF20DB353EFC74D3B37B.e.1037"}]}
COMMAND: POST /session/0a56c8b3fe23980ff89a5571a3a07e32/execute/sync - {"script":"<script> [5351 bytes]","args":[{"element-6066-11e4-a52e-4f735466cecf":"f.8BC31031A8A77F81AA6DDAE562E569BF.d.604974C417FAEF20DB353EFC74D3B37B.e.1037","ELEMENT":"f.8BC31031A8A77F81AA6DDAE562E569BF.d.604974C417FAEF20DB353EFC74D3B37B.e.1037"}]}
COMMAND: GET /session/0a56c8b3fe23980ff89a5571a3a07e32/screenshot - {}
RESULT: {}
RESULT: {"script":"<script> [5351 bytes]","args":[{"element-6066-11e4-a52e-4f735466cecf":"f.8BC31031A8A77F81AA6DDAE562E569BF.d.604974C417FAEF20DB353EFC74D3B37B.e.1037","ELEMENT":"f.8BC31031A8A77F81AA6DDAE562E569BF.d.604974C417FAEF20DB353EFC74D3B37B.e.1037"}]}
COMMAND: POST /session/0a56c8b3fe23980ff89a5571a3a07e32/element/f.8BC31031A8A77F81AA6DDAE562E569BF.d.604974C417FAEF20DB353EFC74D3B37B.e.1037/click - {}
COMMAND: GET /session/0a56c8b3fe23980ff89a5571a3a07e32/screenshot - {}
RESULT: {}
RESULT: {}
COMMAND: GET /session/0a56c8b3fe23980ff89a5571a3a07e32/screenshot - {}
COMMAND: POST /session/0a56c8b3fe23980ff89a5571a3a07e32/execute/async - {"script":"<script> [1562 bytes]","args":[{"selector":{"id":"application-managepartners-display-component---NewPartner--addressDetailDetailsName1","interaction":{"idSuffix":"inner"}},"wdio_ui5_key":"applicationmanagepartners-display-component---NewPartner--addressDetailDetailsName1"}]}
RESULT: {}
RESULT: {}
RESULT: {"script":"<script> [1562 bytes]","args":[{"selector":{"id":"application-managepartners-display-component---NewPartner--addressDetailDetailsName1","interaction":{"idSuffix":"inner"}},"wdio_ui5_key":"applicationmanagepartners-display-component---NewPartner--addressDetailDetailsName1"}]}
RESULT: undefined
COMMAND: POST /session/0a56c8b3fe23980ff89a5571a3a07e32/execute/async - {"script":"<script> [776 bytes]","args":[{"enterText":"Intracompany Partner WDIO","selector":{"id":"application-managepartners-display-component---NewPartner--addressDetailDetailsName1","interaction":{"idSuffix":"inner"}},"clearTextFirst":true,"interactionType":"ENTER_TEXT"}]}
RESULT: {"script":"<script> [776 bytes]","args":[{"enterText":"Intracompany Partner WDIO","selector":{"id":"application-managepartners-display-component---NewPartner--addressDetailDetailsName1","interaction":{"idSuffix":"inner"}},"clearTextFirst":true,"interactionType":"ENTER_TEXT"}]}
COMMAND: POST /session/0a56c8b3fe23980ff89a5571a3a07e32/execute/async - {"script":"<script> [1562 bytes]","args":[{"selector":{"id":"application-managepartners-display-component---NewPartner--addressDetailDetailsLanguage-arrow"},"wdio_ui5_key":"applicationmanagepartners-display-component---NewPartner--addressDetailDetailsLanguage-arrow"}]}
RESULT: {"script":"<script> [1562 bytes]","args":[{"selector":{"id":"application-managepartners-display-component---NewPartner--addressDetailDetailsLanguage-arrow"},"wdio_ui5_key":"applicationmanagepartners-display-component---NewPartner--addressDetailDetailsLanguage-arrow"}]}
RESULT: undefined
COMMAND: POST /session/0a56c8b3fe23980ff89a5571a3a07e32/element - {"using":"xpath","value":"//*[@id=\"application-managepartners-display-component---NewPartner--addressDetailDetailsLanguage-arrow\"]"}
RESULT: {"using":"xpath","value":"//*[@id=\"application-managepartners-display-component---NewPartner--addressDetailDetailsLanguage-arrow\"]"}
COMMAND: POST /session/0a56c8b3fe23980ff89a5571a3a07e32/element/f.8BC31031A8A77F81AA6DDAE562E569BF.d.604974C417FAEF20DB353EFC74D3B37B.e.1480/click - {}
RESULT: {}
COMMAND: POST /session/0a56c8b3fe23980ff89a5571a3a07e32/element - {"using":"xpath","value":"//span[contains(text(), \"English\")]"}
COMMAND: GET /session/0a56c8b3fe23980ff89a5571a3a07e32/screenshot - {}
RESULT: {"using":"xpath","value":"//span[contains(text(), \"English\")]"}
COMMAND: POST /session/0a56c8b3fe23980ff89a5571a3a07e32/element/f.8BC31031A8A77F81AA6DDAE562E569BF.d.604974C417FAEF20DB353EFC74D3B37B.e.1481/click - {}
RESULT: {}
RESULT: {}
COMMAND: GET /session/0a56c8b3fe23980ff89a5571a3a07e32/screenshot - {}
RESULT: {}
COMMAND: POST /session/0a56c8b3fe23980ff89a5571a3a07e32/execute/async - {"script":"<script> [1562 bytes]","args":[{"selector":{"id":"application-managepartners-display-component---NewPartner--addressDetailDetailsCity1","interaction":{"idSuffix":"inner"}},"wdio_ui5_key":"applicationmanagepartners-display-component---NewPartner--addressDetailDetailsCity1"}]}
RESULT: {"script":"<script> [1562 bytes]","args":[{"selector":{"id":"application-managepartners-display-component---NewPartner--addressDetailDetailsCity1","interaction":{"idSuffix":"inner"}},"wdio_ui5_key":"applicationmanagepartners-display-component---NewPartner--addressDetailDetailsCity1"}]}
RESULT: undefined
COMMAND: POST /session/0a56c8b3fe23980ff89a5571a3a07e32/execute/async - {"script":"<script> [776 bytes]","args":[{"enterText":"Rosario","selector":{"id":"application-managepartners-display-component---NewPartner--addressDetailDetailsCity1","interaction":{"idSuffix":"inner"}},"clearTextFirst":true,"interactionType":"ENTER_TEXT"}]}
RESULT: {"script":"<script> [776 bytes]","args":[{"enterText":"Rosario","selector":{"id":"application-managepartners-display-component---NewPartner--addressDetailDetailsCity1","interaction":{"idSuffix":"inner"}},"clearTextFirst":true,"interactionType":"ENTER_TEXT"}]}
COMMAND: POST /session/0a56c8b3fe23980ff89a5571a3a07e32/execute/async - {"script":"<script> [1562 bytes]","args":[{"selector":{"id":"application-managepartners-display-component---NewPartner--addressDetailDetailsCountry-arrow"},"wdio_ui5_key":"applicationmanagepartners-display-component---NewPartner--addressDetailDetailsCountry-arrow"}]}
RESULT: {"script":"<script> [1562 bytes]","args":[{"selector":{"id":"application-managepartners-display-component---NewPartner--addressDetailDetailsCountry-arrow"},"wdio_ui5_key":"applicationmanagepartners-display-component---NewPartner--addressDetailDetailsCountry-arrow"}]}
RESULT: undefined
COMMAND: POST /session/0a56c8b3fe23980ff89a5571a3a07e32/element - {"using":"xpath","value":"//*[@id=\"application-managepartners-display-component---NewPartner--addressDetailDetailsCountry-arrow\"]"}
RESULT: {"using":"xpath","value":"//*[@id=\"application-managepartners-display-component---NewPartner--addressDetailDetailsCountry-arrow\"]"}
COMMAND: POST /session/0a56c8b3fe23980ff89a5571a3a07e32/element/f.8BC31031A8A77F81AA6DDAE562E569BF.d.604974C417FAEF20DB353EFC74D3B37B.e.1436/click - {}
RESULT: {}
COMMAND: POST /session/0a56c8b3fe23980ff89a5571a3a07e32/element - {"using":"xpath","value":"//span[contains(text(), \"Argentina\")]"}
COMMAND: GET /session/0a56c8b3fe23980ff89a5571a3a07e32/screenshot - {}
RESULT: {"using":"xpath","value":"//span[contains(text(), \"Argentina\")]"}
COMMAND: POST /session/0a56c8b3fe23980ff89a5571a3a07e32/element/f.8BC31031A8A77F81AA6DDAE562E569BF.d.604974C417FAEF20DB353EFC74D3B37B.e.1483/click - {}
RESULT: {}
RESULT: {}
COMMAND: GET /session/0a56c8b3fe23980ff89a5571a3a07e32/screenshot - {}
RESULT: {}
COMMAND: POST /session/0a56c8b3fe23980ff89a5571a3a07e32/element - {"using":"xpath","value":"//bdi[contains(text(), \"Commercial\")]"}
RESULT: {"using":"xpath","value":"//bdi[contains(text(), \"Commercial\")]"}
COMMAND: POST /session/0a56c8b3fe23980ff89a5571a3a07e32/element/f.8BC31031A8A77F81AA6DDAE562E569BF.d.604974C417FAEF20DB353EFC74D3B37B.e.1484/click - {}
RESULT: {}
COMMAND: GET /session/0a56c8b3fe23980ff89a5571a3a07e32/screenshot - {}
RESULT: {}
COMMAND: POST /session/0a56c8b3fe23980ff89a5571a3a07e32/execute/async - {"script":"<script> [1562 bytes]","args":[{"selector":{"id":"application-managepartners-display-component---NewPartner--partnerDetailInternal-arrow"},"wdio_ui5_key":"applicationmanagepartners-display-component---NewPartner--partnerDetailInternal-arrow"}]}
RESULT: {"script":"<script> [1562 bytes]","args":[{"selector":{"id":"application-managepartners-display-component---NewPartner--partnerDetailInternal-arrow"},"wdio_ui5_key":"applicationmanagepartners-display-component---NewPartner--partnerDetailInternal-arrow"}]}
RESULT: undefined
COMMAND: POST /session/0a56c8b3fe23980ff89a5571a3a07e32/element - {"using":"xpath","value":"//*[@id=\"application-managepartners-display-component---NewPartner--partnerDetailInternal-arrow\"]"}
RESULT: {"using":"xpath","value":"//*[@id=\"application-managepartners-display-component---NewPartner--partnerDetailInternal-arrow\"]"}
COMMAND: POST /session/0a56c8b3fe23980ff89a5571a3a07e32/element/f.8BC31031A8A77F81AA6DDAE562E569BF.d.604974C417FAEF20DB353EFC74D3B37B.e.1490/click - {}
RESULT: {}
COMMAND: POST /session/0a56c8b3fe23980ff89a5571a3a07e32/element - {"using":"xpath","value":"//span[contains(text(), \"Affiliated company\")]"}
COMMAND: GET /session/0a56c8b3fe23980ff89a5571a3a07e32/screenshot - {}
RESULT: {"using":"xpath","value":"//span[contains(text(), \"Affiliated company\")]"}
COMMAND: POST /session/0a56c8b3fe23980ff89a5571a3a07e32/element/f.8BC31031A8A77F81AA6DDAE562E569BF.d.604974C417FAEF20DB353EFC74D3B37B.e.1493/click - {}
RESULT: {}
RESULT: {}
COMMAND: POST /session/0a56c8b3fe23980ff89a5571a3a07e32/execute/async - {"script":"<script> [1562 bytes]","args":[{"selector":{"id":"application-managepartners-display-component---NewPartner--partnerDetailsCurrency-arrow"},"wdio_ui5_key":"applicationmanagepartners-display-component---NewPartner--partnerDetailsCurrency-arrow"}]}
COMMAND: GET /session/0a56c8b3fe23980ff89a5571a3a07e32/screenshot - {}
RESULT: {"script":"<script> [1562 bytes]","args":[{"selector":{"id":"application-managepartners-display-component---NewPartner--partnerDetailsCurrency-arrow"},"wdio_ui5_key":"applicationmanagepartners-display-component---NewPartner--partnerDetailsCurrency-arrow"}]}
RESULT: undefined
COMMAND: POST /session/0a56c8b3fe23980ff89a5571a3a07e32/element - {"using":"xpath","value":"//*[@id=\"application-managepartners-display-component---NewPartner--partnerDetailsCurrency-arrow\"]"}
RESULT: {}
RESULT: {"using":"xpath","value":"//*[@id=\"application-managepartners-display-component---NewPartner--partnerDetailsCurrency-arrow\"]"}
COMMAND: POST /session/0a56c8b3fe23980ff89a5571a3a07e32/element/f.8BC31031A8A77F81AA6DDAE562E569BF.d.604974C417FAEF20DB353EFC74D3B37B.e.1500/click - {}
RESULT: {}
COMMAND: POST /session/0a56c8b3fe23980ff89a5571a3a07e32/element - {"using":"xpath","value":"//span[contains(text(), \"Euro\")]"}
COMMAND: GET /session/0a56c8b3fe23980ff89a5571a3a07e32/screenshot - {}
RESULT: {"using":"xpath","value":"//span[contains(text(), \"Euro\")]"}
COMMAND: POST /session/0a56c8b3fe23980ff89a5571a3a07e32/element/f.8BC31031A8A77F81AA6DDAE562E569BF.d.604974C417FAEF20DB353EFC74D3B37B.e.1501/click - {}
RESULT: {}
RESULT: {}
COMMAND: POST /session/0a56c8b3fe23980ff89a5571a3a07e32/execute/async - {"script":"<script> [1562 bytes]","args":[{"selector":{"id":"application-managepartners-display-component---NewPartner--addressEditDetailsCostObjectCstType-arrow"},"wdio_ui5_key":"applicationmanagepartners-display-component---NewPartner--addressEditDetailsCostObjectCstType-arrow"}]}
COMMAND: GET /session/0a56c8b3fe23980ff89a5571a3a07e32/screenshot - {}
RESULT: {"script":"<script> [1562 bytes]","args":[{"selector":{"id":"application-managepartners-display-component---NewPartner--addressEditDetailsCostObjectCstType-arrow"},"wdio_ui5_key":"applicationmanagepartners-display-component---NewPartner--addressEditDetailsCostObjectCstType-arrow"}]}
RESULT: undefined
COMMAND: POST /session/0a56c8b3fe23980ff89a5571a3a07e32/element - {"using":"xpath","value":"//*[@id=\"application-managepartners-display-component---NewPartner--addressEditDetailsCostObjectCstType-arrow\"]"}
RESULT: {}
RESULT: {"using":"xpath","value":"//*[@id=\"application-managepartners-display-component---NewPartner--addressEditDetailsCostObjectCstType-arrow\"]"}
COMMAND: POST /session/0a56c8b3fe23980ff89a5571a3a07e32/element/f.8BC31031A8A77F81AA6DDAE562E569BF.d.604974C417FAEF20DB353EFC74D3B37B.e.1502/click - {}
RESULT: {}
COMMAND: POST /session/0a56c8b3fe23980ff89a5571a3a07e32/element - {"using":"xpath","value":"//span[contains(text(), \"Cost Center\")]"}
COMMAND: GET /session/0a56c8b3fe23980ff89a5571a3a07e32/screenshot - {}
RESULT: {"using":"xpath","value":"//span[contains(text(), \"Cost Center\")]"}
COMMAND: POST /session/0a56c8b3fe23980ff89a5571a3a07e32/element/f.8BC31031A8A77F81AA6DDAE562E569BF.d.604974C417FAEF20DB353EFC74D3B37B.e.1503/click - {}
RESULT: {}
RESULT: {}
COMMAND: GET /session/0a56c8b3fe23980ff89a5571a3a07e32/screenshot - {}
RESULT: {}
COMMAND: POST /session/0a56c8b3fe23980ff89a5571a3a07e32/element - {"using":"xpath","value":"//span[@id=\"application-managepartners-display-component---NewPartner--addressNewCostObjectCstID-vhi\"]"}
RESULT: {"using":"xpath","value":"//span[@id=\"application-managepartners-display-component---NewPartner--addressNewCostObjectCstID-vhi\"]"}
COMMAND: POST /session/0a56c8b3fe23980ff89a5571a3a07e32/execute/sync - {"script":"<script> [8489 bytes]","args":[{"element-6066-11e4-a52e-4f735466cecf":"f.8BC31031A8A77F81AA6DDAE562E569BF.d.604974C417FAEF20DB353EFC74D3B37B.e.1507","ELEMENT":"f.8BC31031A8A77F81AA6DDAE562E569BF.d.604974C417FAEF20DB353EFC74D3B37B.e.1507"}]}
RESULT: {"script":"<script> [8489 bytes]","args":[{"element-6066-11e4-a52e-4f735466cecf":"f.8BC31031A8A77F81AA6DDAE562E569BF.d.604974C417FAEF20DB353EFC74D3B37B.e.1507","ELEMENT":"f.8BC31031A8A77F81AA6DDAE562E569BF.d.604974C417FAEF20DB353EFC74D3B37B.e.1507"}]}
COMMAND: POST /session/0a56c8b3fe23980ff89a5571a3a07e32/execute/async - {"script":"<script> [1562 bytes]","args":[{"selector":{"id":"application-managepartners-display-component---NewPartner--addressNewCostObjectCstID-vhi"},"wdio_ui5_key":"applicationmanagepartners-display-component---NewPartner--addressNewCostObjectCstID-vhi"}]}
COMMAND: GET /session/0a56c8b3fe23980ff89a5571a3a07e32/screenshot - {}
RESULT: {"script":"<script> [1562 bytes]","args":[{"selector":{"id":"application-managepartners-display-component---NewPartner--addressNewCostObjectCstID-vhi"},"wdio_ui5_key":"applicationmanagepartners-display-component---NewPartner--addressNewCostObjectCstID-vhi"}]}
RESULT: undefined
COMMAND: POST /session/0a56c8b3fe23980ff89a5571a3a07e32/element - {"using":"xpath","value":"//*[@id=\"application-managepartners-display-component---NewPartner--addressNewCostObjectCstID-vhi\"]"}
RESULT: {}
RESULT: {"using":"xpath","value":"//*[@id=\"application-managepartners-display-component---NewPartner--addressNewCostObjectCstID-vhi\"]"}
COMMAND: POST /session/0a56c8b3fe23980ff89a5571a3a07e32/element/f.8BC31031A8A77F81AA6DDAE562E569BF.d.604974C417FAEF20DB353EFC74D3B37B.e.1507/click - {}
RESULT: {}
COMMAND: GET /session/0a56c8b3fe23980ff89a5571a3a07e32/screenshot - {}
RESULT: {}
RESULT: undefined
COMMAND: POST /session/0a56c8b3fe23980ff89a5571a3a07e32/execute/async - {"script":"<script> [776 bytes]","args":[{"enterText":"10001013","selector":{"controlType":"sap.m.SearchField","properties":{"placeholder":"Search"},"searchOpenDialogs":true,"interaction":{"idSuffix":"I"}},"clearTextFirst":true,"interactionType":"ENTER_TEXT"}]}
RESULT: {"script":"<script> [776 bytes]","args":[{"enterText":"10001013","selector":{"controlType":"sap.m.SearchField","properties":{"placeholder":"Search"},"searchOpenDialogs":true,"interaction":{"idSuffix":"I"}},"clearTextFirst":true,"interactionType":"ENTER_TEXT"}]}
COMMAND: POST /session/0a56c8b3fe23980ff89a5571a3a07e32/actions - {"actions":[{"id":"action2","type":"key","parameters":{},"actions":[{"type":"keyDown","value":""},{"type":"pause","duration":10},{"type":"keyUp","value":""}]}]}
RESULT: {"actions":[{"id":"action2","type":"key","parameters":{},"actions":[{"type":"keyDown","value":""},{"type":"pause","duration":10},{"type":"keyUp","value":""}]}]}
COMMAND: GET /session/0a56c8b3fe23980ff89a5571a3a07e32/screenshot - {}
RESULT: {}
COMMAND: POST /session/0a56c8b3fe23980ff89a5571a3a07e32/element - {"using":"xpath","value":"//span[contains(text(), \"General Management\")]"}
RESULT: {"using":"xpath","value":"//span[contains(text(), \"General Management\")]"}
COMMAND: POST /session/0a56c8b3fe23980ff89a5571a3a07e32/element/f.8BC31031A8A77F81AA6DDAE562E569BF.d.604974C417FAEF20DB353EFC74D3B37B.e.1548/click - {}
RESULT: {}
COMMAND: GET /session/0a56c8b3fe23980ff89a5571a3a07e32/screenshot - {}
RESULT: {}
COMMAND: POST /session/0a56c8b3fe23980ff89a5571a3a07e32/element - {"using":"xpath","value":"//bdi[contains(text(), \"OK\")]"}
RESULT: {"using":"xpath","value":"//bdi[contains(text(), \"OK\")]"}
COMMAND: POST /session/0a56c8b3fe23980ff89a5571a3a07e32/element/f.8BC31031A8A77F81AA6DDAE562E569BF.d.604974C417FAEF20DB353EFC74D3B37B.e.1549/click - {}
RESULT: {}
COMMAND: GET /session/0a56c8b3fe23980ff89a5571a3a07e32/screenshot - {}
RESULT: {}
COMMAND: POST /session/0a56c8b3fe23980ff89a5571a3a07e32/element - {"using":"xpath","value":"//input[@id=\"application-managepartners-display-component---NewPartner--companyCodeComboBox-inner\"]"}
RESULT: {"using":"xpath","value":"//input[@id=\"application-managepartners-display-component---NewPartner--companyCodeComboBox-inner\"]"}
COMMAND: POST /session/0a56c8b3fe23980ff89a5571a3a07e32/element/f.8BC31031A8A77F81AA6DDAE562E569BF.d.604974C417FAEF20DB353EFC74D3B37B.e.1393/clear - {}
RESULT: {}
COMMAND: POST /session/0a56c8b3fe23980ff89a5571a3a07e32/element/f.8BC31031A8A77F81AA6DDAE562E569BF.d.604974C417FAEF20DB353EFC74D3B37B.e.1393/value - {"text":"1000"}
COMMAND: GET /session/0a56c8b3fe23980ff89a5571a3a07e32/screenshot - {}
RESULT: {"text":"1000"}
COMMAND: GET /session/0a56c8b3fe23980ff89a5571a3a07e32/screenshot - {}
RESULT: {}
RESULT: {}
COMMAND: POST /session/0a56c8b3fe23980ff89a5571a3a07e32/element - {"using":"xpath","value":"//li[.//span[text()= \"1000\"]]"}
RESULT: {"using":"xpath","value":"//li[.//span[text()= \"1000\"]]"}
COMMAND: POST /session/0a56c8b3fe23980ff89a5571a3a07e32/element/f.8BC31031A8A77F81AA6DDAE562E569BF.d.604974C417FAEF20DB353EFC74D3B37B.e.1555/click - {}
RESULT: {}
COMMAND: GET /session/0a56c8b3fe23980ff89a5571a3a07e32/screenshot - {}
RESULT: {}
COMMAND: POST /session/0a56c8b3fe23980ff89a5571a3a07e32/execute/async - {"script":"<script> [1562 bytes]","args":[{"selector":{"id":"application-managepartners-display-component---NewPartner--btnAddTableRow-img"},"wdio_ui5_key":"applicationmanagepartners-display-component---NewPartner--btnAddTableRow-img"}]}
RESULT: {"script":"<script> [1562 bytes]","args":[{"selector":{"id":"application-managepartners-display-component---NewPartner--btnAddTableRow-img"},"wdio_ui5_key":"applicationmanagepartners-display-component---NewPartner--btnAddTableRow-img"}]}
RESULT: undefined
COMMAND: POST /session/0a56c8b3fe23980ff89a5571a3a07e32/element - {"using":"xpath","value":"//*[@id=\"application-managepartners-display-component---NewPartner--btnAddTableRow-img\"]"}
RESULT: {"using":"xpath","value":"//*[@id=\"application-managepartners-display-component---NewPartner--btnAddTableRow-img\"]"}
COMMAND: POST /session/0a56c8b3fe23980ff89a5571a3a07e32/element/f.8BC31031A8A77F81AA6DDAE562E569BF.d.604974C417FAEF20DB353EFC74D3B37B.e.1556/click - {}
RESULT: {}
COMMAND: GET /session/0a56c8b3fe23980ff89a5571a3a07e32/screenshot - {}
RESULT: {}
COMMAND: POST /session/0a56c8b3fe23980ff89a5571a3a07e32/element - {"using":"xpath","value":"//input[@id=\"application-managepartners-display-component---NewPartner--assignmentYard-application-managepartners-display-component---NewPartner--assignmentsTable-0-inner\"]"}
RESULT: {"using":"xpath","value":"//input[@id=\"application-managepartners-display-component---NewPartner--assignmentYard-application-managepartners-display-component---NewPartner--assignmentsTable-0-inner\"]"}
COMMAND: POST /session/0a56c8b3fe23980ff89a5571a3a07e32/element/f.8BC31031A8A77F81AA6DDAE562E569BF.d.604974C417FAEF20DB353EFC74D3B37B.e.1559/clear - {}
RESULT: {}
COMMAND: POST /session/0a56c8b3fe23980ff89a5571a3a07e32/element/f.8BC31031A8A77F81AA6DDAE562E569BF.d.604974C417FAEF20DB353EFC74D3B37B.e.1559/value - {"text":"343"}
COMMAND: GET /session/0a56c8b3fe23980ff89a5571a3a07e32/screenshot - {}
RESULT: {"text":"343"}
COMMAND: GET /session/0a56c8b3fe23980ff89a5571a3a07e32/screenshot - {}
RESULT: {}
RESULT: {}
COMMAND: POST /session/0a56c8b3fe23980ff89a5571a3a07e32/element - {"using":"xpath","value":"//li[.//span[text()='343']]"}
RESULT: {"using":"xpath","value":"//li[.//span[text()='343']]"}
COMMAND: POST /session/0a56c8b3fe23980ff89a5571a3a07e32/element/f.8BC31031A8A77F81AA6DDAE562E569BF.d.604974C417FAEF20DB353EFC74D3B37B.e.1568/click - {}
RESULT: {}
COMMAND: GET /session/0a56c8b3fe23980ff89a5571a3a07e32/screenshot - {}
RESULT: {}
COMMAND: POST /session/0a56c8b3fe23980ff89a5571a3a07e32/actions - {"actions":[{"id":"action3","type":"key","parameters":{},"actions":[{"type":"keyDown","value":""},{"type":"pause","duration":10},{"type":"keyUp","value":""}]}]}
RESULT: {"actions":[{"id":"action3","type":"key","parameters":{},"actions":[{"type":"keyDown","value":""},{"type":"pause","duration":10},{"type":"keyUp","value":""}]}]}
COMMAND: POST /session/0a56c8b3fe23980ff89a5571a3a07e32/execute/async - {"script":"<script> [1562 bytes]","args":[{"selector":{"id":"application-managepartners-display-component---NewPartner--externalCustomerComboBox-application-managepartners-display-component---NewPartner--assignmentsTable-0-vhi"},"wdio_ui5_key":"applicationmanagepartners-display-component---NewPartner--externalCustomerComboBox-application-managepartners-display-component---NewPartner--assignmentsTable-0-vhi"}]}
COMMAND: GET /session/0a56c8b3fe23980ff89a5571a3a07e32/screenshot - {}
RESULT: {"script":"<script> [1562 bytes]","args":[{"selector":{"id":"application-managepartners-display-component---NewPartner--externalCustomerComboBox-application-managepartners-display-component---NewPartner--assignmentsTable-0-vhi"},"wdio_ui5_key":"applicationmanagepartners-display-component---NewPartner--externalCustomerComboBox-application-managepartners-display-component---NewPartner--assignmentsTable-0-vhi"}]}
RESULT: undefined
COMMAND: POST /session/0a56c8b3fe23980ff89a5571a3a07e32/element - {"using":"xpath","value":"//*[@id=\"application-managepartners-display-component---NewPartner--externalCustomerComboBox-application-managepartners-display-component---NewPartner--assignmentsTable-0-vhi\"]"}
RESULT: {}
RESULT: {"using":"xpath","value":"//*[@id=\"application-managepartners-display-component---NewPartner--externalCustomerComboBox-application-managepartners-display-component---NewPartner--assignmentsTable-0-vhi\"]"}
COMMAND: POST /session/0a56c8b3fe23980ff89a5571a3a07e32/element/f.8BC31031A8A77F81AA6DDAE562E569BF.d.604974C417FAEF20DB353EFC74D3B37B.e.1572/click - {}
RESULT: {}
RESULT: undefined
COMMAND: POST /session/0a56c8b3fe23980ff89a5571a3a07e32/execute/async - {"script":"<script> [776 bytes]","args":[{"enterText":"300003","selector":{"controlType":"sap.m.SearchField","properties":{"placeholder":"Search"},"searchOpenDialogs":true,"interaction":{"idSuffix":"I"}},"clearTextFirst":true,"interactionType":"ENTER_TEXT"}]}
COMMAND: GET /session/0a56c8b3fe23980ff89a5571a3a07e32/screenshot - {}
RESULT: {"script":"<script> [776 bytes]","args":[{"enterText":"300003","selector":{"controlType":"sap.m.SearchField","properties":{"placeholder":"Search"},"searchOpenDialogs":true,"interaction":{"idSuffix":"I"}},"clearTextFirst":true,"interactionType":"ENTER_TEXT"}]}
COMMAND: POST /session/0a56c8b3fe23980ff89a5571a3a07e32/actions - {"actions":[{"id":"action4","type":"key","parameters":{},"actions":[{"type":"keyDown","value":""},{"type":"pause","duration":10},{"type":"keyUp","value":""}]}]}
RESULT: {}
RESULT: {"actions":[{"id":"action4","type":"key","parameters":{},"actions":[{"type":"keyDown","value":""},{"type":"pause","duration":10},{"type":"keyUp","value":""}]}]}
COMMAND: GET /session/0a56c8b3fe23980ff89a5571a3a07e32/screenshot - {}
RESULT: {}
COMMAND: POST /session/0a56c8b3fe23980ff89a5571a3a07e32/element - {"using":"xpath","value":"//span[contains(text(), \"300003\")]"}
RESULT: {"using":"xpath","value":"//span[contains(text(), \"300003\")]"}
COMMAND: POST /session/0a56c8b3fe23980ff89a5571a3a07e32/element/f.8BC31031A8A77F81AA6DDAE562E569BF.d.604974C417FAEF20DB353EFC74D3B37B.e.1589/click - {}
RESULT: {}
COMMAND: GET /session/0a56c8b3fe23980ff89a5571a3a07e32/screenshot - {}
RESULT: {}
COMMAND: POST /session/0a56c8b3fe23980ff89a5571a3a07e32/element - {"using":"xpath","value":"//bdi[contains(text(), \"OK\")]"}
RESULT: {"using":"xpath","value":"//bdi[contains(text(), \"OK\")]"}
COMMAND: POST /session/0a56c8b3fe23980ff89a5571a3a07e32/element/f.8BC31031A8A77F81AA6DDAE562E569BF.d.604974C417FAEF20DB353EFC74D3B37B.e.1591/click - {}
RESULT: {}
COMMAND: GET /session/0a56c8b3fe23980ff89a5571a3a07e32/screenshot - {}
RESULT: {}
COMMAND: POST /session/0a56c8b3fe23980ff89a5571a3a07e32/execute/async - {"script":"<script> [1562 bytes]","args":[{"selector":{"id":"application-managepartners-display-component---NewPartner--intercompVendorComboBox-application-managepartners-display-component---NewPartner--assignmentsTable-0-vhi"},"wdio_ui5_key":"applicationmanagepartners-display-component---NewPartner--intercompVendorComboBox-application-managepartners-display-component---NewPartner--assignmentsTable-0-vhi"}]}
RESULT: {"script":"<script> [1562 bytes]","args":[{"selector":{"id":"application-managepartners-display-component---NewPartner--intercompVendorComboBox-application-managepartners-display-component---NewPartner--assignmentsTable-0-vhi"},"wdio_ui5_key":"applicationmanagepartners-display-component---NewPartner--intercompVendorComboBox-application-managepartners-display-component---NewPartner--assignmentsTable-0-vhi"}]}
RESULT: undefined
COMMAND: POST /session/0a56c8b3fe23980ff89a5571a3a07e32/element - {"using":"xpath","value":"//*[@id=\"application-managepartners-display-component---NewPartner--intercompVendorComboBox-application-managepartners-display-component---NewPartner--assignmentsTable-0-vhi\"]"}
RESULT: {"using":"xpath","value":"//*[@id=\"application-managepartners-display-component---NewPartner--intercompVendorComboBox-application-managepartners-display-component---NewPartner--assignmentsTable-0-vhi\"]"}
COMMAND: POST /session/0a56c8b3fe23980ff89a5571a3a07e32/element/f.8BC31031A8A77F81AA6DDAE562E569BF.d.604974C417FAEF20DB353EFC74D3B37B.e.1595/click - {}
RESULT: {}
RESULT: undefined
COMMAND: POST /session/0a56c8b3fe23980ff89a5571a3a07e32/execute/async - {"script":"<script> [776 bytes]","args":[{"enterText":"100005","selector":{"controlType":"sap.m.SearchField","properties":{"placeholder":"Search"},"searchOpenDialogs":true,"interaction":{"idSuffix":"I"}},"clearTextFirst":true,"interactionType":"ENTER_TEXT"}]}
COMMAND: GET /session/0a56c8b3fe23980ff89a5571a3a07e32/screenshot - {}
RESULT: {"script":"<script> [776 bytes]","args":[{"enterText":"100005","selector":{"controlType":"sap.m.SearchField","properties":{"placeholder":"Search"},"searchOpenDialogs":true,"interaction":{"idSuffix":"I"}},"clearTextFirst":true,"interactionType":"ENTER_TEXT"}]}
COMMAND: POST /session/0a56c8b3fe23980ff89a5571a3a07e32/actions - {"actions":[{"id":"action5","type":"key","parameters":{},"actions":[{"type":"keyDown","value":""},{"type":"pause","duration":10},{"type":"keyUp","value":""}]}]}
RESULT: {}
RESULT: {"actions":[{"id":"action5","type":"key","parameters":{},"actions":[{"type":"keyDown","value":""},{"type":"pause","duration":10},{"type":"keyUp","value":""}]}]}
COMMAND: GET /session/0a56c8b3fe23980ff89a5571a3a07e32/screenshot - {}
RESULT: {}
COMMAND: POST /session/0a56c8b3fe23980ff89a5571a3a07e32/element - {"using":"xpath","value":"//span[contains(text(), \"Penguins - Field/12345 Berlin\")]"}
RESULT: {"using":"xpath","value":"//span[contains(text(), \"Penguins - Field/12345 Berlin\")]"}
COMMAND: POST /session/0a56c8b3fe23980ff89a5571a3a07e32/element/f.8BC31031A8A77F81AA6DDAE562E569BF.d.604974C417FAEF20DB353EFC74D3B37B.e.1614/click - {}
RESULT: {}
COMMAND: GET /session/0a56c8b3fe23980ff89a5571a3a07e32/screenshot - {}
RESULT: {}
COMMAND: POST /session/0a56c8b3fe23980ff89a5571a3a07e32/element - {"using":"xpath","value":"//bdi[contains(text(), \"OK\")]"}
RESULT: {"using":"xpath","value":"//bdi[contains(text(), \"OK\")]"}
COMMAND: POST /session/0a56c8b3fe23980ff89a5571a3a07e32/element/f.8BC31031A8A77F81AA6DDAE562E569BF.d.604974C417FAEF20DB353EFC74D3B37B.e.1615/click - {}
RESULT: {}
COMMAND: GET /session/0a56c8b3fe23980ff89a5571a3a07e32/screenshot - {}
RESULT: {}
COMMAND: POST /session/0a56c8b3fe23980ff89a5571a3a07e32/element - {"using":"xpath","value":"//button[@data-kt=\"saveButton\"]"}
RESULT: {"using":"xpath","value":"//button[@data-kt=\"saveButton\"]"}
COMMAND: POST /session/0a56c8b3fe23980ff89a5571a3a07e32/element/f.8BC31031A8A77F81AA6DDAE562E569BF.d.604974C417FAEF20DB353EFC74D3B37B.e.1457/click - {}
RESULT: {}
COMMAND: GET /session/0a56c8b3fe23980ff89a5571a3a07e32/screenshot - {}
RESULT: {}
COMMAND: POST /session/0a56c8b3fe23980ff89a5571a3a07e32/element - {"using":"xpath","value":"//header[contains(@id, 'ObjectPageLayout-headerTitle')]/div[1]/div[2]/div[2]/span[1]"}
RESULT: {"using":"xpath","value":"//header[contains(@id, 'ObjectPageLayout-headerTitle')]/div[1]/div[2]/div[2]/span[1]"}
COMMAND: POST /session/0a56c8b3fe23980ff89a5571a3a07e32/elements - {"using":"xpath","value":"//header[contains(@id, 'ObjectPageLayout-headerTitle')]/div[1]/div[2]/div[2]/span[1]"}
RESULT: {"using":"xpath","value":"//header[contains(@id, 'ObjectPageLayout-headerTitle')]/div[1]/div[2]/div[2]/span[1]"}
COMMAND: POST /session/0a56c8b3fe23980ff89a5571a3a07e32/execute/sync - {"script":"<script> [56 bytes]","args":[{"element-6066-11e4-a52e-4f735466cecf":"f.8BC31031A8A77F81AA6DDAE562E569BF.d.604974C417FAEF20DB353EFC74D3B37B.e.1778","ELEMENT":"f.8BC31031A8A77F81AA6DDAE562E569BF.d.604974C417FAEF20DB353EFC74D3B37B.e.1778"}]}
RESULT: {"script":"<script> [56 bytes]","args":[{"element-6066-11e4-a52e-4f735466cecf":"f.8BC31031A8A77F81AA6DDAE562E569BF.d.604974C417FAEF20DB353EFC74D3B37B.e.1778","ELEMENT":"f.8BC31031A8A77F81AA6DDAE562E569BF.d.604974C417FAEF20DB353EFC74D3B37B.e.1778"}]}
COMMAND: POST /session/0a56c8b3fe23980ff89a5571a3a07e32/element - {"using":"css selector","value":"#shell-header-logo"}
COMMAND: GET /session/0a56c8b3fe23980ff89a5571a3a07e32/screenshot - {}
RESULT: {"using":"css selector","value":"#shell-header-logo"}
COMMAND: POST /session/0a56c8b3fe23980ff89a5571a3a07e32/element/f.8BC31031A8A77F81AA6DDAE562E569BF.d.604974C417FAEF20DB353EFC74D3B37B.e.1003/click - {}
RESULT: {}
RESULT: {}
COMMAND: GET /session/0a56c8b3fe23980ff89a5571a3a07e32/screenshot - {}
RESULT: {}
COMMAND: POST /session/0a56c8b3fe23980ff89a5571a3a07e32/execute/sync - {"script":"<script> [299 bytes]","args":[["getModel","getResource"]]}
RESULT: {"script":"<script> [299 bytes]","args":[["getModel","getResource"]]}
COMMAND: GET /session/0a56c8b3fe23980ff89a5571a3a07e32/screenshot - {}
]]></system-out>
    </testcase>
    <testcase classname="chrome.136_0_7103_93.windows.Billing_confirm_US117289" name="Should create a new site" time="168.033">
      <system-out><![CDATA[
COMMAND: POST /session/0a56c8b3fe23980ff89a5571a3a07e32/execute/async - {"script":"<script> [1562 bytes]","args":[{"selector":{"controlType":"sap.m.GenericTile","properties":{"header":"Manage Sites"}},"wdio_ui5_key":"sapm.GenericTile{\"header\":\"Manage Sites\"}"}]}
RESULT: {}
RESULT: {"script":"<script> [1562 bytes]","args":[{"selector":{"controlType":"sap.m.GenericTile","properties":{"header":"Manage Sites"}},"wdio_ui5_key":"sapm.GenericTile{\"header\":\"Manage Sites\"}"}]}
RESULT: undefined
COMMAND: POST /session/0a56c8b3fe23980ff89a5571a3a07e32/element - {"using":"xpath","value":"//*[@id=\"__tile40\"]"}
RESULT: {"using":"xpath","value":"//*[@id=\"__tile40\"]"}
COMMAND: POST /session/0a56c8b3fe23980ff89a5571a3a07e32/element/f.8BC31031A8A77F81AA6DDAE562E569BF.d.604974C417FAEF20DB353EFC74D3B37B.e.157/click - {}
RESULT: {}
COMMAND: GET /session/0a56c8b3fe23980ff89a5571a3a07e32/screenshot - {}
RESULT: {}
COMMAND: POST /session/0a56c8b3fe23980ff89a5571a3a07e32/elements - {"using":"xpath","value":"//span[text()='Error']"}
RESULT: {"using":"xpath","value":"//span[text()='Error']"}
COMMAND: POST /session/0a56c8b3fe23980ff89a5571a3a07e32/element - {"using":"xpath","value":"//button[@data-kt=\"addOverflowToolbarButton\"]"}
RESULT: {"using":"xpath","value":"//button[@data-kt=\"addOverflowToolbarButton\"]"}
COMMAND: POST /session/0a56c8b3fe23980ff89a5571a3a07e32/elements - {"using":"xpath","value":"//button[@data-kt=\"addOverflowToolbarButton\"]"}
RESULT: {"using":"xpath","value":"//button[@data-kt=\"addOverflowToolbarButton\"]"}
COMMAND: POST /session/0a56c8b3fe23980ff89a5571a3a07e32/execute/sync - {"script":"<script> [8489 bytes]","args":[{"element-6066-11e4-a52e-4f735466cecf":"f.8BC31031A8A77F81AA6DDAE562E569BF.d.604974C417FAEF20DB353EFC74D3B37B.e.1970","ELEMENT":"f.8BC31031A8A77F81AA6DDAE562E569BF.d.604974C417FAEF20DB353EFC74D3B37B.e.1970"}]}
RESULT: {"script":"<script> [8489 bytes]","args":[{"element-6066-11e4-a52e-4f735466cecf":"f.8BC31031A8A77F81AA6DDAE562E569BF.d.604974C417FAEF20DB353EFC74D3B37B.e.1970","ELEMENT":"f.8BC31031A8A77F81AA6DDAE562E569BF.d.604974C417FAEF20DB353EFC74D3B37B.e.1970"}]}
COMMAND: GET /session/0a56c8b3fe23980ff89a5571a3a07e32/element/f.8BC31031A8A77F81AA6DDAE562E569BF.d.604974C417FAEF20DB353EFC74D3B37B.e.1970/enabled - {}
COMMAND: GET /session/0a56c8b3fe23980ff89a5571a3a07e32/screenshot - {}
RESULT: {}
COMMAND: POST /session/0a56c8b3fe23980ff89a5571a3a07e32/execute/sync - {"script":"<script> [8489 bytes]","args":[{"element-6066-11e4-a52e-4f735466cecf":"f.8BC31031A8A77F81AA6DDAE562E569BF.d.604974C417FAEF20DB353EFC74D3B37B.e.1970","ELEMENT":"f.8BC31031A8A77F81AA6DDAE562E569BF.d.604974C417FAEF20DB353EFC74D3B37B.e.1970"}]}
COMMAND: GET /session/0a56c8b3fe23980ff89a5571a3a07e32/screenshot - {}
RESULT: {}
RESULT: {"script":"<script> [8489 bytes]","args":[{"element-6066-11e4-a52e-4f735466cecf":"f.8BC31031A8A77F81AA6DDAE562E569BF.d.604974C417FAEF20DB353EFC74D3B37B.e.1970","ELEMENT":"f.8BC31031A8A77F81AA6DDAE562E569BF.d.604974C417FAEF20DB353EFC74D3B37B.e.1970"}]}
COMMAND: POST /session/0a56c8b3fe23980ff89a5571a3a07e32/execute/sync - {"script":"<script> [5351 bytes]","args":[{"element-6066-11e4-a52e-4f735466cecf":"f.8BC31031A8A77F81AA6DDAE562E569BF.d.604974C417FAEF20DB353EFC74D3B37B.e.1970","ELEMENT":"f.8BC31031A8A77F81AA6DDAE562E569BF.d.604974C417FAEF20DB353EFC74D3B37B.e.1970"}]}
COMMAND: GET /session/0a56c8b3fe23980ff89a5571a3a07e32/screenshot - {}
RESULT: {}
RESULT: {"script":"<script> [5351 bytes]","args":[{"element-6066-11e4-a52e-4f735466cecf":"f.8BC31031A8A77F81AA6DDAE562E569BF.d.604974C417FAEF20DB353EFC74D3B37B.e.1970","ELEMENT":"f.8BC31031A8A77F81AA6DDAE562E569BF.d.604974C417FAEF20DB353EFC74D3B37B.e.1970"}]}
COMMAND: POST /session/0a56c8b3fe23980ff89a5571a3a07e32/element/f.8BC31031A8A77F81AA6DDAE562E569BF.d.604974C417FAEF20DB353EFC74D3B37B.e.1970/click - {}
COMMAND: GET /session/0a56c8b3fe23980ff89a5571a3a07e32/screenshot - {}
RESULT: {}
RESULT: {}
COMMAND: GET /session/0a56c8b3fe23980ff89a5571a3a07e32/screenshot - {}
RESULT: {}
RESULT: {}
COMMAND: POST /session/0a56c8b3fe23980ff89a5571a3a07e32/element - {"using":"xpath","value":"//input[@id=\"application-managesites-display-component---NewSite--siteId-inner\"]"}
RESULT: {"using":"xpath","value":"//input[@id=\"application-managesites-display-component---NewSite--siteId-inner\"]"}
COMMAND: POST /session/0a56c8b3fe23980ff89a5571a3a07e32/element - {"using":"xpath","value":"//input[@id=\"application-managesites-display-component---NewSite--siteId-inner\"]"}
RESULT: {"using":"xpath","value":"//input[@id=\"application-managesites-display-component---NewSite--siteId-inner\"]"}
COMMAND: POST /session/0a56c8b3fe23980ff89a5571a3a07e32/execute/async - {"script":"<script> [1562 bytes]","args":[{"selector":{"id":"application-managesites-display-component---NewSite--addressDetailDetailsName1","interaction":{"idSuffix":"inner"}},"wdio_ui5_key":"applicationmanagesites-display-component---NewSite--addressDetailDetailsName1"}]}
RESULT: {"script":"<script> [1562 bytes]","args":[{"selector":{"id":"application-managesites-display-component---NewSite--addressDetailDetailsName1","interaction":{"idSuffix":"inner"}},"wdio_ui5_key":"applicationmanagesites-display-component---NewSite--addressDetailDetailsName1"}]}
RESULT: undefined
COMMAND: POST /session/0a56c8b3fe23980ff89a5571a3a07e32/execute/async - {"script":"<script> [776 bytes]","args":[{"enterText":"Intracompany Site wdIO","selector":{"id":"application-managesites-display-component---NewSite--addressDetailDetailsName1","interaction":{"idSuffix":"inner"}},"clearTextFirst":true,"interactionType":"ENTER_TEXT"}]}
RESULT: {"script":"<script> [776 bytes]","args":[{"enterText":"Intracompany Site wdIO","selector":{"id":"application-managesites-display-component---NewSite--addressDetailDetailsName1","interaction":{"idSuffix":"inner"}},"clearTextFirst":true,"interactionType":"ENTER_TEXT"}]}
COMMAND: POST /session/0a56c8b3fe23980ff89a5571a3a07e32/execute/async - {"script":"<script> [1562 bytes]","args":[{"selector":{"id":"application-managesites-display-component---NewSite--addressDetailDetailsLanguage-arrow"},"wdio_ui5_key":"applicationmanagesites-display-component---NewSite--addressDetailDetailsLanguage-arrow"}]}
RESULT: {"script":"<script> [1562 bytes]","args":[{"selector":{"id":"application-managesites-display-component---NewSite--addressDetailDetailsLanguage-arrow"},"wdio_ui5_key":"applicationmanagesites-display-component---NewSite--addressDetailDetailsLanguage-arrow"}]}
RESULT: undefined
COMMAND: POST /session/0a56c8b3fe23980ff89a5571a3a07e32/element - {"using":"xpath","value":"//*[@id=\"application-managesites-display-component---NewSite--addressDetailDetailsLanguage-arrow\"]"}
RESULT: {"using":"xpath","value":"//*[@id=\"application-managesites-display-component---NewSite--addressDetailDetailsLanguage-arrow\"]"}
COMMAND: POST /session/0a56c8b3fe23980ff89a5571a3a07e32/element/f.8BC31031A8A77F81AA6DDAE562E569BF.d.604974C417FAEF20DB353EFC74D3B37B.e.2532/click - {}
RESULT: {}
COMMAND: POST /session/0a56c8b3fe23980ff89a5571a3a07e32/element - {"using":"xpath","value":"//span[contains(text(), \"English\")]"}
COMMAND: GET /session/0a56c8b3fe23980ff89a5571a3a07e32/screenshot - {}
RESULT: {"using":"xpath","value":"//span[contains(text(), \"English\")]"}
COMMAND: POST /session/0a56c8b3fe23980ff89a5571a3a07e32/element/f.8BC31031A8A77F81AA6DDAE562E569BF.d.604974C417FAEF20DB353EFC74D3B37B.e.2533/click - {}
RESULT: {}
RESULT: {}
COMMAND: POST /session/0a56c8b3fe23980ff89a5571a3a07e32/execute/async - {"script":"<script> [1562 bytes]","args":[{"selector":{"id":"application-managesites-display-component---NewSite--addressDetailDetailsCity1","interaction":{"idSuffix":"inner"}},"wdio_ui5_key":"applicationmanagesites-display-component---NewSite--addressDetailDetailsCity1"}]}
COMMAND: GET /session/0a56c8b3fe23980ff89a5571a3a07e32/screenshot - {}
RESULT: {"script":"<script> [1562 bytes]","args":[{"selector":{"id":"application-managesites-display-component---NewSite--addressDetailDetailsCity1","interaction":{"idSuffix":"inner"}},"wdio_ui5_key":"applicationmanagesites-display-component---NewSite--addressDetailDetailsCity1"}]}
RESULT: undefined
COMMAND: POST /session/0a56c8b3fe23980ff89a5571a3a07e32/execute/async - {"script":"<script> [776 bytes]","args":[{"enterText":"Rosario","selector":{"id":"application-managesites-display-component---NewSite--addressDetailDetailsCity1","interaction":{"idSuffix":"inner"}},"clearTextFirst":true,"interactionType":"ENTER_TEXT"}]}
RESULT: {}
RESULT: {"script":"<script> [776 bytes]","args":[{"enterText":"Rosario","selector":{"id":"application-managesites-display-component---NewSite--addressDetailDetailsCity1","interaction":{"idSuffix":"inner"}},"clearTextFirst":true,"interactionType":"ENTER_TEXT"}]}
COMMAND: POST /session/0a56c8b3fe23980ff89a5571a3a07e32/execute/async - {"script":"<script> [1562 bytes]","args":[{"selector":{"id":"application-managesites-display-component---NewSite--addressDetailDetailsCountry-arrow"},"wdio_ui5_key":"applicationmanagesites-display-component---NewSite--addressDetailDetailsCountry-arrow"}]}
RESULT: {"script":"<script> [1562 bytes]","args":[{"selector":{"id":"application-managesites-display-component---NewSite--addressDetailDetailsCountry-arrow"},"wdio_ui5_key":"applicationmanagesites-display-component---NewSite--addressDetailDetailsCountry-arrow"}]}
RESULT: undefined
COMMAND: POST /session/0a56c8b3fe23980ff89a5571a3a07e32/element - {"using":"xpath","value":"//*[@id=\"application-managesites-display-component---NewSite--addressDetailDetailsCountry-arrow\"]"}
RESULT: {"using":"xpath","value":"//*[@id=\"application-managesites-display-component---NewSite--addressDetailDetailsCountry-arrow\"]"}
COMMAND: POST /session/0a56c8b3fe23980ff89a5571a3a07e32/element/f.8BC31031A8A77F81AA6DDAE562E569BF.d.604974C417FAEF20DB353EFC74D3B37B.e.2535/click - {}
RESULT: {}
COMMAND: POST /session/0a56c8b3fe23980ff89a5571a3a07e32/element - {"using":"xpath","value":"//span[contains(text(), \"Argentina\")]"}
COMMAND: GET /session/0a56c8b3fe23980ff89a5571a3a07e32/screenshot - {}
RESULT: {"using":"xpath","value":"//span[contains(text(), \"Argentina\")]"}
COMMAND: POST /session/0a56c8b3fe23980ff89a5571a3a07e32/element/f.8BC31031A8A77F81AA6DDAE562E569BF.d.604974C417FAEF20DB353EFC74D3B37B.e.2536/click - {}
RESULT: {}
RESULT: {}
COMMAND: GET /session/0a56c8b3fe23980ff89a5571a3a07e32/screenshot - {}
RESULT: {}
COMMAND: POST /session/0a56c8b3fe23980ff89a5571a3a07e32/execute/async - {"script":"<script> [1562 bytes]","args":[{"selector":{"id":"application-managesites-display-component---NewSite--addressEditDetailsCostObjectCstType-arrow"},"wdio_ui5_key":"applicationmanagesites-display-component---NewSite--addressEditDetailsCostObjectCstType-arrow"}]}
RESULT: {"script":"<script> [1562 bytes]","args":[{"selector":{"id":"application-managesites-display-component---NewSite--addressEditDetailsCostObjectCstType-arrow"},"wdio_ui5_key":"applicationmanagesites-display-component---NewSite--addressEditDetailsCostObjectCstType-arrow"}]}
RESULT: undefined
COMMAND: POST /session/0a56c8b3fe23980ff89a5571a3a07e32/element - {"using":"xpath","value":"//*[@id=\"application-managesites-display-component---NewSite--addressEditDetailsCostObjectCstType-arrow\"]"}
RESULT: {"using":"xpath","value":"//*[@id=\"application-managesites-display-component---NewSite--addressEditDetailsCostObjectCstType-arrow\"]"}
COMMAND: POST /session/0a56c8b3fe23980ff89a5571a3a07e32/element/f.8BC31031A8A77F81AA6DDAE562E569BF.d.604974C417FAEF20DB353EFC74D3B37B.e.2538/click - {}
RESULT: {}
COMMAND: POST /session/0a56c8b3fe23980ff89a5571a3a07e32/element - {"using":"xpath","value":"//span[contains(text(), \"Cost Center\")]"}
COMMAND: GET /session/0a56c8b3fe23980ff89a5571a3a07e32/screenshot - {}
RESULT: {"using":"xpath","value":"//span[contains(text(), \"Cost Center\")]"}
COMMAND: POST /session/0a56c8b3fe23980ff89a5571a3a07e32/element/f.8BC31031A8A77F81AA6DDAE562E569BF.d.604974C417FAEF20DB353EFC74D3B37B.e.2539/click - {}
RESULT: {}
RESULT: {}
COMMAND: GET /session/0a56c8b3fe23980ff89a5571a3a07e32/screenshot - {}
RESULT: {}
COMMAND: POST /session/0a56c8b3fe23980ff89a5571a3a07e32/element - {"using":"xpath","value":"//span[@id=\"application-managesites-display-component---NewSite--addressNewCostObjectCstID-vhi\"]"}
RESULT: {"using":"xpath","value":"//span[@id=\"application-managesites-display-component---NewSite--addressNewCostObjectCstID-vhi\"]"}
COMMAND: POST /session/0a56c8b3fe23980ff89a5571a3a07e32/execute/sync - {"script":"<script> [8489 bytes]","args":[{"element-6066-11e4-a52e-4f735466cecf":"f.8BC31031A8A77F81AA6DDAE562E569BF.d.604974C417FAEF20DB353EFC74D3B37B.e.2544","ELEMENT":"f.8BC31031A8A77F81AA6DDAE562E569BF.d.604974C417FAEF20DB353EFC74D3B37B.e.2544"}]}
RESULT: {"script":"<script> [8489 bytes]","args":[{"element-6066-11e4-a52e-4f735466cecf":"f.8BC31031A8A77F81AA6DDAE562E569BF.d.604974C417FAEF20DB353EFC74D3B37B.e.2544","ELEMENT":"f.8BC31031A8A77F81AA6DDAE562E569BF.d.604974C417FAEF20DB353EFC74D3B37B.e.2544"}]}
COMMAND: POST /session/0a56c8b3fe23980ff89a5571a3a07e32/execute/async - {"script":"<script> [1562 bytes]","args":[{"selector":{"id":"application-managesites-display-component---NewSite--addressNewCostObjectCstID-vhi"},"wdio_ui5_key":"applicationmanagesites-display-component---NewSite--addressNewCostObjectCstID-vhi"}]}
COMMAND: GET /session/0a56c8b3fe23980ff89a5571a3a07e32/screenshot - {}
RESULT: {"script":"<script> [1562 bytes]","args":[{"selector":{"id":"application-managesites-display-component---NewSite--addressNewCostObjectCstID-vhi"},"wdio_ui5_key":"applicationmanagesites-display-component---NewSite--addressNewCostObjectCstID-vhi"}]}
RESULT: undefined
COMMAND: POST /session/0a56c8b3fe23980ff89a5571a3a07e32/element - {"using":"xpath","value":"//*[@id=\"application-managesites-display-component---NewSite--addressNewCostObjectCstID-vhi\"]"}
RESULT: {}
RESULT: {"using":"xpath","value":"//*[@id=\"application-managesites-display-component---NewSite--addressNewCostObjectCstID-vhi\"]"}
COMMAND: POST /session/0a56c8b3fe23980ff89a5571a3a07e32/element/f.8BC31031A8A77F81AA6DDAE562E569BF.d.604974C417FAEF20DB353EFC74D3B37B.e.2544/click - {}
RESULT: {}
COMMAND: GET /session/0a56c8b3fe23980ff89a5571a3a07e32/screenshot - {}
RESULT: {}
RESULT: undefined
COMMAND: POST /session/0a56c8b3fe23980ff89a5571a3a07e32/execute/async - {"script":"<script> [776 bytes]","args":[{"enterText":"10001013","selector":{"controlType":"sap.m.SearchField","properties":{"placeholder":"Search"},"searchOpenDialogs":true,"interaction":{"idSuffix":"I"}},"clearTextFirst":true,"interactionType":"ENTER_TEXT"}]}
RESULT: {"script":"<script> [776 bytes]","args":[{"enterText":"10001013","selector":{"controlType":"sap.m.SearchField","properties":{"placeholder":"Search"},"searchOpenDialogs":true,"interaction":{"idSuffix":"I"}},"clearTextFirst":true,"interactionType":"ENTER_TEXT"}]}
COMMAND: POST /session/0a56c8b3fe23980ff89a5571a3a07e32/actions - {"actions":[{"id":"action6","type":"key","parameters":{},"actions":[{"type":"keyDown","value":""},{"type":"pause","duration":10},{"type":"keyUp","value":""}]}]}
RESULT: {"actions":[{"id":"action6","type":"key","parameters":{},"actions":[{"type":"keyDown","value":""},{"type":"pause","duration":10},{"type":"keyUp","value":""}]}]}
COMMAND: GET /session/0a56c8b3fe23980ff89a5571a3a07e32/screenshot - {}
RESULT: {}
COMMAND: POST /session/0a56c8b3fe23980ff89a5571a3a07e32/element - {"using":"xpath","value":"//span[contains(text(), \"General Management\")]"}
RESULT: {"using":"xpath","value":"//span[contains(text(), \"General Management\")]"}
COMMAND: POST /session/0a56c8b3fe23980ff89a5571a3a07e32/element/f.8BC31031A8A77F81AA6DDAE562E569BF.d.604974C417FAEF20DB353EFC74D3B37B.e.2583/click - {}
RESULT: {}
COMMAND: GET /session/0a56c8b3fe23980ff89a5571a3a07e32/screenshot - {}
RESULT: {}
COMMAND: POST /session/0a56c8b3fe23980ff89a5571a3a07e32/element - {"using":"xpath","value":"//bdi[contains(text(), \"OK\")]"}
RESULT: {"using":"xpath","value":"//bdi[contains(text(), \"OK\")]"}
COMMAND: POST /session/0a56c8b3fe23980ff89a5571a3a07e32/element/f.8BC31031A8A77F81AA6DDAE562E569BF.d.604974C417FAEF20DB353EFC74D3B37B.e.2584/click - {}
RESULT: {}
COMMAND: GET /session/0a56c8b3fe23980ff89a5571a3a07e32/screenshot - {}
RESULT: {}
COMMAND: POST /session/0a56c8b3fe23980ff89a5571a3a07e32/element - {"using":"xpath","value":"//input[@id=\"application-managesites-display-component---NewSite--addressDetailDetailsCalendar-inner\"]"}
RESULT: {"using":"xpath","value":"//input[@id=\"application-managesites-display-component---NewSite--addressDetailDetailsCalendar-inner\"]"}
COMMAND: POST /session/0a56c8b3fe23980ff89a5571a3a07e32/element/f.8BC31031A8A77F81AA6DDAE562E569BF.d.604974C417FAEF20DB353EFC74D3B37B.e.2322/clear - {}
RESULT: {}
COMMAND: POST /session/0a56c8b3fe23980ff89a5571a3a07e32/element/f.8BC31031A8A77F81AA6DDAE562E569BF.d.604974C417FAEF20DB353EFC74D3B37B.e.2322/value - {"text":"Unit"}
COMMAND: GET /session/0a56c8b3fe23980ff89a5571a3a07e32/screenshot - {}
RESULT: {"text":"Unit"}
COMMAND: GET /session/0a56c8b3fe23980ff89a5571a3a07e32/screenshot - {}
RESULT: {}
RESULT: {}
COMMAND: POST /session/0a56c8b3fe23980ff89a5571a3a07e32/actions - {"actions":[{"id":"action7","type":"key","parameters":{},"actions":[{"type":"keyDown","value":""},{"type":"pause","duration":10},{"type":"keyUp","value":""}]}]}
RESULT: {"actions":[{"id":"action7","type":"key","parameters":{},"actions":[{"type":"keyDown","value":""},{"type":"pause","duration":10},{"type":"keyUp","value":""}]}]}
COMMAND: POST /session/0a56c8b3fe23980ff89a5571a3a07e32/element - {"using":"xpath","value":"//input[@id=\"application-managesites-display-component---NewSite--addressDetailDetailsYard-inner\"]"}
COMMAND: GET /session/0a56c8b3fe23980ff89a5571a3a07e32/screenshot - {}
RESULT: {"using":"xpath","value":"//input[@id=\"application-managesites-display-component---NewSite--addressDetailDetailsYard-inner\"]"}
COMMAND: POST /session/0a56c8b3fe23980ff89a5571a3a07e32/element/f.8BC31031A8A77F81AA6DDAE562E569BF.d.604974C417FAEF20DB353EFC74D3B37B.e.2323/clear - {}
RESULT: {}
RESULT: {}
COMMAND: POST /session/0a56c8b3fe23980ff89a5571a3a07e32/element/f.8BC31031A8A77F81AA6DDAE562E569BF.d.604974C417FAEF20DB353EFC74D3B37B.e.2323/value - {"text":"343"}
COMMAND: GET /session/0a56c8b3fe23980ff89a5571a3a07e32/screenshot - {}
RESULT: {"text":"343"}
COMMAND: GET /session/0a56c8b3fe23980ff89a5571a3a07e32/screenshot - {}
RESULT: {}
RESULT: {}
COMMAND: POST /session/0a56c8b3fe23980ff89a5571a3a07e32/element - {"using":"xpath","value":"//li[.//span[text()='343']]"}
RESULT: {"using":"xpath","value":"//li[.//span[text()='343']]"}
COMMAND: POST /session/0a56c8b3fe23980ff89a5571a3a07e32/element/f.8BC31031A8A77F81AA6DDAE562E569BF.d.604974C417FAEF20DB353EFC74D3B37B.e.2592/click - {}
RESULT: {}
COMMAND: GET /session/0a56c8b3fe23980ff89a5571a3a07e32/screenshot - {}
RESULT: {}
COMMAND: POST /session/0a56c8b3fe23980ff89a5571a3a07e32/element - {"using":"xpath","value":"//input[@id=\"application-managesites-display-component---NewSite--addressDetailDetailsPartner-inner\"]"}
RESULT: {"using":"xpath","value":"//input[@id=\"application-managesites-display-component---NewSite--addressDetailDetailsPartner-inner\"]"}
COMMAND: POST /session/0a56c8b3fe23980ff89a5571a3a07e32/element - {"using":"xpath","value":"//input[@id=\"application-managesites-display-component---NewSite--addressDetailDetailsPartner-inner\"]"}
RESULT: {"using":"xpath","value":"//input[@id=\"application-managesites-display-component---NewSite--addressDetailDetailsPartner-inner\"]"}
COMMAND: POST /session/0a56c8b3fe23980ff89a5571a3a07e32/element - {"using":"xpath","value":"//button[@data-kt=\"saveButton\"]"}
RESULT: {"using":"xpath","value":"//button[@data-kt=\"saveButton\"]"}
COMMAND: POST /session/0a56c8b3fe23980ff89a5571a3a07e32/element/f.8BC31031A8A77F81AA6DDAE562E569BF.d.604974C417FAEF20DB353EFC74D3B37B.e.2517/click - {}
RESULT: {}
COMMAND: GET /session/0a56c8b3fe23980ff89a5571a3a07e32/screenshot - {}
RESULT: {}
COMMAND: POST /session/0a56c8b3fe23980ff89a5571a3a07e32/element - {"using":"xpath","value":"//header[contains(@id, 'ObjectPageLayout-headerTitle')]/div[1]/div[2]/div[2]/span[1]"}
RESULT: {"using":"xpath","value":"//header[contains(@id, 'ObjectPageLayout-headerTitle')]/div[1]/div[2]/div[2]/span[1]"}
COMMAND: POST /session/0a56c8b3fe23980ff89a5571a3a07e32/elements - {"using":"xpath","value":"//header[contains(@id, 'ObjectPageLayout-headerTitle')]/div[1]/div[2]/div[2]/span[1]"}
RESULT: {"using":"xpath","value":"//header[contains(@id, 'ObjectPageLayout-headerTitle')]/div[1]/div[2]/div[2]/span[1]"}
COMMAND: POST /session/0a56c8b3fe23980ff89a5571a3a07e32/execute/sync - {"script":"<script> [56 bytes]","args":[{"element-6066-11e4-a52e-4f735466cecf":"f.8BC31031A8A77F81AA6DDAE562E569BF.d.604974C417FAEF20DB353EFC74D3B37B.e.2799","ELEMENT":"f.8BC31031A8A77F81AA6DDAE562E569BF.d.604974C417FAEF20DB353EFC74D3B37B.e.2799"}]}
RESULT: {"script":"<script> [56 bytes]","args":[{"element-6066-11e4-a52e-4f735466cecf":"f.8BC31031A8A77F81AA6DDAE562E569BF.d.604974C417FAEF20DB353EFC74D3B37B.e.2799","ELEMENT":"f.8BC31031A8A77F81AA6DDAE562E569BF.d.604974C417FAEF20DB353EFC74D3B37B.e.2799"}]}
COMMAND: POST /session/0a56c8b3fe23980ff89a5571a3a07e32/element - {"using":"css selector","value":"#shell-header-logo"}
COMMAND: GET /session/0a56c8b3fe23980ff89a5571a3a07e32/screenshot - {}
RESULT: {"using":"css selector","value":"#shell-header-logo"}
COMMAND: POST /session/0a56c8b3fe23980ff89a5571a3a07e32/element/f.8BC31031A8A77F81AA6DDAE562E569BF.d.604974C417FAEF20DB353EFC74D3B37B.e.1783/click - {}
RESULT: {}
RESULT: {}
COMMAND: GET /session/0a56c8b3fe23980ff89a5571a3a07e32/screenshot - {}
RESULT: {}
COMMAND: POST /session/0a56c8b3fe23980ff89a5571a3a07e32/execute/sync - {"script":"<script> [299 bytes]","args":[["getModel","getResource"]]}
RESULT: {"script":"<script> [299 bytes]","args":[["getModel","getResource"]]}
COMMAND: POST /session/0a56c8b3fe23980ff89a5571a3a07e32/actions - {"actions":[{"id":"action8","type":"key","parameters":{},"actions":[{"type":"keyDown","value":""},{"type":"pause","duration":10},{"type":"keyUp","value":""}]}]}
COMMAND: GET /session/0a56c8b3fe23980ff89a5571a3a07e32/screenshot - {}
RESULT: {"actions":[{"id":"action8","type":"key","parameters":{},"actions":[{"type":"keyDown","value":""},{"type":"pause","duration":10},{"type":"keyUp","value":""}]}]}
COMMAND: GET /session/0a56c8b3fe23980ff89a5571a3a07e32/screenshot - {}
RESULT: {}
RESULT: {}
COMMAND: POST /session/0a56c8b3fe23980ff89a5571a3a07e32/refresh - {}
RESULT: {}
COMMAND: GET /session/0a56c8b3fe23980ff89a5571a3a07e32/screenshot - {}
RESULT: {}
COMMAND: POST /session/0a56c8b3fe23980ff89a5571a3a07e32/refresh - {}
RESULT: {}
COMMAND: GET /session/0a56c8b3fe23980ff89a5571a3a07e32/screenshot - {}
RESULT: {}
COMMAND: POST /session/0a56c8b3fe23980ff89a5571a3a07e32/window/fullscreen - {}
RESULT: {}
COMMAND: POST /session/0a56c8b3fe23980ff89a5571a3a07e32/execute/async - {"script":"<script> [189 bytes]","args":[]}
RESULT: {"script":"<script> [189 bytes]","args":[]}
COMMAND: POST /session/0a56c8b3fe23980ff89a5571a3a07e32/execute/async - {"script":"<script> [123 bytes]","args":[]}
RESULT: {"script":"<script> [123 bytes]","args":[]}
COMMAND: POST /session/0a56c8b3fe23980ff89a5571a3a07e32/timeouts - {"script":"<number>"}
RESULT: {"script":"<number>"}
COMMAND: GET /session/0a56c8b3fe23980ff89a5571a3a07e32/timeouts - {}
RESULT: {}
RESULT: undefined
COMMAND: POST /session/0a56c8b3fe23980ff89a5571a3a07e32/execute/async - {"script":"<script> [2676 bytes]","args":[]}
RESULT: {"script":"<script> [2676 bytes]","args":[]}
COMMAND: POST /session/0a56c8b3fe23980ff89a5571a3a07e32/execute/async - {"script":"<script> [2342 bytes]","args":[{"protocol":"http","hostname":"0.0.0.0","path":"/","capabilities":{"browserName":"chrome","goog:chromeOptions":{"binary":"C:\\Program Files\\Google\\Chrome\\Application\\chrome.exe","args":["--start-maximized"]}},"logLevel":"warn","connectionRetryTimeout":120000,"connectionRetryCount":3,"logLevels":{},"enableDirectConnect":true,"strictSSL":true,"_":"65 more keys: [\"cacheDir\",\"port\",\"requestedCapabilities\",\"automationProtocol\",\"baseUrl\",\"waitforInterval\",\"waitforTimeout\",\"onReload\",\"beforeCommand\",\"afterCommand\",\"rootDir\",\"specs\",\"suites\",\"exclude\",\"groupLogsByTestSpec\",\"excludeDriverLogs\",\"bail\",\"framework\",\"reporters\",\"services\",\"maxInstances\",\"maxInstancesPerCapability\",\"injectGlobals\",\"filesToWatch\",\"execArgv\",\"runnerEnv\",\"runner\",\"shard\",\"specFileRetries\",\"specFileRetriesDelay\",\"specFileRetriesDeferred\",\"reporterSyncInterval\",\"reporterSyncTimeout\",\"cucumberFeaturesWithLineNumbers\",\"autoCompileOpts\",\"mochaOpts\",\"jasmineOpts\",\"cucumberOpts\",\"onPrepare\",\"onWorkerStart\",\"onWorkerEnd\",\"before\",\"beforeSession\",\"beforeSuite\",\"beforeHook\",\"beforeTest\",\"afterTest\",\"afterHook\",\"afterSuite\",\"afterSession\",\"after\",\"onComplete\",\"beforeAssertion\",\"afterAssertion\",\"beforeFeature\",\"beforeScenario\",\"beforeStep\",\"afterStep\",\"afterScenario\",\"afterFeature\",\"_\",\"suite\",\"$0\",\"ignoredWorkerServices\",\"wdi5\"]"}]}
RESULT: {"script":"<script> [2342 bytes]","args":[{"protocol":"http","hostname":"0.0.0.0","path":"/","capabilities":{"browserName":"chrome","goog:chromeOptions":{"binary":"C:\\Program Files\\Google\\Chrome\\Application\\chrome.exe","args":["--start-maximized"]}},"logLevel":"warn","connectionRetryTimeout":120000,"connectionRetryCount":3,"logLevels":{},"enableDirectConnect":true,"strictSSL":true,"_":"65 more keys: [\"cacheDir\",\"port\",\"requestedCapabilities\",\"automationProtocol\",\"baseUrl\",\"waitforInterval\",\"waitforTimeout\",\"onReload\",\"beforeCommand\",\"afterCommand\",\"rootDir\",\"specs\",\"suites\",\"exclude\",\"groupLogsByTestSpec\",\"excludeDriverLogs\",\"bail\",\"framework\",\"reporters\",\"services\",\"maxInstances\",\"maxInstancesPerCapability\",\"injectGlobals\",\"filesToWatch\",\"execArgv\",\"runnerEnv\",\"runner\",\"shard\",\"specFileRetries\",\"specFileRetriesDelay\",\"specFileRetriesDeferred\",\"reporterSyncInterval\",\"reporterSyncTimeout\",\"cucumberFeaturesWithLineNumbers\",\"autoCompileOpts\",\"mochaOpts\",\"jasmineOpts\",\"cucumberOpts\",\"onPrepare\",\"onWorkerStart\",\"onWorkerEnd\",\"before\",\"beforeSession\",\"beforeSuite\",\"beforeHook\",\"beforeTest\",\"afterTest\",\"afterHook\",\"afterSuite\",\"afterSession\",\"after\",\"onComplete\",\"beforeAssertion\",\"afterAssertion\",\"beforeFeature\",\"beforeScenario\",\"beforeStep\",\"afterStep\",\"afterScenario\",\"afterFeature\",\"_\",\"suite\",\"$0\",\"ignoredWorkerServices\",\"wdi5\"]"}]}
COMMAND: POST /session/0a56c8b3fe23980ff89a5571a3a07e32/execute/async - {"script":"<script> [21126 bytes]","args":[35000]}
RESULT: {"script":"<script> [21126 bytes]","args":[35000]}
COMMAND: POST /session/0a56c8b3fe23980ff89a5571a3a07e32/window/fullscreen - {}
RESULT: {}
]]></system-out>
    </testcase>
    <testcase classname="chrome.136_0_7103_93.windows.Billing_confirm_US117289" name="Should create a new equipment" time="147.686">
      <system-out><![CDATA[
COMMAND: POST /session/0a56c8b3fe23980ff89a5571a3a07e32/execute/async - {"script":"<script> [1562 bytes]","args":[{"selector":{"controlType":"sap.m.GenericTile","properties":{"header":"Manage Resources"}},"wdio_ui5_key":"sapm.GenericTile{\"header\":\"Manage Resources\"}"}]}
RESULT: {"script":"<script> [1562 bytes]","args":[{"selector":{"controlType":"sap.m.GenericTile","properties":{"header":"Manage Resources"}},"wdio_ui5_key":"sapm.GenericTile{\"header\":\"Manage Resources\"}"}]}
RESULT: undefined
COMMAND: POST /session/0a56c8b3fe23980ff89a5571a3a07e32/element - {"using":"xpath","value":"//*[@id=\"__tile31\"]"}
RESULT: {"using":"xpath","value":"//*[@id=\"__tile31\"]"}
COMMAND: POST /session/0a56c8b3fe23980ff89a5571a3a07e32/element/f.8BC31031A8A77F81AA6DDAE562E569BF.d.12174237AEE326E95E679A9C83B5D607.e.2872/click - {}
RESULT: {}
COMMAND: GET /session/0a56c8b3fe23980ff89a5571a3a07e32/screenshot - {}
RESULT: {}
COMMAND: POST /session/0a56c8b3fe23980ff89a5571a3a07e32/elements - {"using":"xpath","value":"//span[text()='Error']"}
RESULT: {"using":"xpath","value":"//span[text()='Error']"}
COMMAND: POST /session/0a56c8b3fe23980ff89a5571a3a07e32/element - {"using":"xpath","value":"//button[@data-kt=\"addNewRUOverflowToolbarButton\"]"}
RESULT: {"using":"xpath","value":"//button[@data-kt=\"addNewRUOverflowToolbarButton\"]"}
COMMAND: POST /session/0a56c8b3fe23980ff89a5571a3a07e32/elements - {"using":"xpath","value":"//button[@data-kt=\"addNewRUOverflowToolbarButton\"]"}
RESULT: {"using":"xpath","value":"//button[@data-kt=\"addNewRUOverflowToolbarButton\"]"}
COMMAND: POST /session/0a56c8b3fe23980ff89a5571a3a07e32/elements - {"using":"xpath","value":"//button[@data-kt=\"addNewRUOverflowToolbarButton\"]"}
RESULT: {"using":"xpath","value":"//button[@data-kt=\"addNewRUOverflowToolbarButton\"]"}
COMMAND: POST /session/0a56c8b3fe23980ff89a5571a3a07e32/elements - {"using":"xpath","value":"//button[@data-kt=\"addNewRUOverflowToolbarButton\"]"}
RESULT: {"using":"xpath","value":"//button[@data-kt=\"addNewRUOverflowToolbarButton\"]"}
COMMAND: POST /session/0a56c8b3fe23980ff89a5571a3a07e32/elements - {"using":"xpath","value":"//button[@data-kt=\"addNewRUOverflowToolbarButton\"]"}
RESULT: {"using":"xpath","value":"//button[@data-kt=\"addNewRUOverflowToolbarButton\"]"}
COMMAND: POST /session/0a56c8b3fe23980ff89a5571a3a07e32/elements - {"using":"xpath","value":"//button[@data-kt=\"addNewRUOverflowToolbarButton\"]"}
RESULT: {"using":"xpath","value":"//button[@data-kt=\"addNewRUOverflowToolbarButton\"]"}
COMMAND: POST /session/0a56c8b3fe23980ff89a5571a3a07e32/element - {"using":"xpath","value":"//button[@data-kt=\"addNewRUOverflowToolbarButton\"]"}
RESULT: {"using":"xpath","value":"//button[@data-kt=\"addNewRUOverflowToolbarButton\"]"}
COMMAND: POST /session/0a56c8b3fe23980ff89a5571a3a07e32/execute/sync - {"script":"<script> [8489 bytes]","args":[{"element-6066-11e4-a52e-4f735466cecf":"f.8BC31031A8A77F81AA6DDAE562E569BF.d.12174237AEE326E95E679A9C83B5D607.e.2982","ELEMENT":"f.8BC31031A8A77F81AA6DDAE562E569BF.d.12174237AEE326E95E679A9C83B5D607.e.2982"}]}
RESULT: {"script":"<script> [8489 bytes]","args":[{"element-6066-11e4-a52e-4f735466cecf":"f.8BC31031A8A77F81AA6DDAE562E569BF.d.12174237AEE326E95E679A9C83B5D607.e.2982","ELEMENT":"f.8BC31031A8A77F81AA6DDAE562E569BF.d.12174237AEE326E95E679A9C83B5D607.e.2982"}]}
COMMAND: GET /session/0a56c8b3fe23980ff89a5571a3a07e32/element/f.8BC31031A8A77F81AA6DDAE562E569BF.d.12174237AEE326E95E679A9C83B5D607.e.2982/enabled - {}
COMMAND: GET /session/0a56c8b3fe23980ff89a5571a3a07e32/screenshot - {}
RESULT: {}
COMMAND: POST /session/0a56c8b3fe23980ff89a5571a3a07e32/execute/sync - {"script":"<script> [8489 bytes]","args":[{"element-6066-11e4-a52e-4f735466cecf":"f.8BC31031A8A77F81AA6DDAE562E569BF.d.12174237AEE326E95E679A9C83B5D607.e.2982","ELEMENT":"f.8BC31031A8A77F81AA6DDAE562E569BF.d.12174237AEE326E95E679A9C83B5D607.e.2982"}]}
COMMAND: GET /session/0a56c8b3fe23980ff89a5571a3a07e32/screenshot - {}
RESULT: {}
RESULT: {"script":"<script> [8489 bytes]","args":[{"element-6066-11e4-a52e-4f735466cecf":"f.8BC31031A8A77F81AA6DDAE562E569BF.d.12174237AEE326E95E679A9C83B5D607.e.2982","ELEMENT":"f.8BC31031A8A77F81AA6DDAE562E569BF.d.12174237AEE326E95E679A9C83B5D607.e.2982"}]}
COMMAND: POST /session/0a56c8b3fe23980ff89a5571a3a07e32/execute/sync - {"script":"<script> [5351 bytes]","args":[{"element-6066-11e4-a52e-4f735466cecf":"f.8BC31031A8A77F81AA6DDAE562E569BF.d.12174237AEE326E95E679A9C83B5D607.e.2982","ELEMENT":"f.8BC31031A8A77F81AA6DDAE562E569BF.d.12174237AEE326E95E679A9C83B5D607.e.2982"}]}
COMMAND: GET /session/0a56c8b3fe23980ff89a5571a3a07e32/screenshot - {}
RESULT: {}
RESULT: {"script":"<script> [5351 bytes]","args":[{"element-6066-11e4-a52e-4f735466cecf":"f.8BC31031A8A77F81AA6DDAE562E569BF.d.12174237AEE326E95E679A9C83B5D607.e.2982","ELEMENT":"f.8BC31031A8A77F81AA6DDAE562E569BF.d.12174237AEE326E95E679A9C83B5D607.e.2982"}]}
COMMAND: POST /session/0a56c8b3fe23980ff89a5571a3a07e32/element/f.8BC31031A8A77F81AA6DDAE562E569BF.d.12174237AEE326E95E679A9C83B5D607.e.2982/click - {}
COMMAND: GET /session/0a56c8b3fe23980ff89a5571a3a07e32/screenshot - {}
RESULT: {}
RESULT: {}
COMMAND: GET /session/0a56c8b3fe23980ff89a5571a3a07e32/screenshot - {}
COMMAND: POST /session/0a56c8b3fe23980ff89a5571a3a07e32/execute/async - {"script":"<script> [1562 bytes]","args":[{"selector":{"id":"application-manageresources-display-component---newResourceUnit--TYPE-arrow"},"wdio_ui5_key":"applicationmanageresources-display-component---newResourceUnit--TYPE-arrow"}]}
RESULT: {}
RESULT: {}
RESULT: {"script":"<script> [1562 bytes]","args":[{"selector":{"id":"application-manageresources-display-component---newResourceUnit--TYPE-arrow"},"wdio_ui5_key":"applicationmanageresources-display-component---newResourceUnit--TYPE-arrow"}]}
RESULT: undefined
COMMAND: POST /session/0a56c8b3fe23980ff89a5571a3a07e32/element - {"using":"xpath","value":"//*[@id=\"application-manageresources-display-component---newResourceUnit--TYPE-arrow\"]"}
RESULT: {"using":"xpath","value":"//*[@id=\"application-manageresources-display-component---newResourceUnit--TYPE-arrow\"]"}
COMMAND: POST /session/0a56c8b3fe23980ff89a5571a3a07e32/element/f.8BC31031A8A77F81AA6DDAE562E569BF.d.12174237AEE326E95E679A9C83B5D607.e.3336/click - {}
RESULT: {}
COMMAND: POST /session/0a56c8b3fe23980ff89a5571a3a07e32/element - {"using":"xpath","value":"//input[@id=\"application-manageresources-display-component---newResourceUnit--TYPE-inner\"]"}
COMMAND: GET /session/0a56c8b3fe23980ff89a5571a3a07e32/screenshot - {}
RESULT: {"using":"xpath","value":"//input[@id=\"application-manageresources-display-component---newResourceUnit--TYPE-inner\"]"}
COMMAND: POST /session/0a56c8b3fe23980ff89a5571a3a07e32/element/f.8BC31031A8A77F81AA6DDAE562E569BF.d.12174237AEE326E95E679A9C83B5D607.e.3332/clear - {}
RESULT: {}
RESULT: {}
COMMAND: POST /session/0a56c8b3fe23980ff89a5571a3a07e32/element/f.8BC31031A8A77F81AA6DDAE562E569BF.d.12174237AEE326E95E679A9C83B5D607.e.3332/value - {"text":"Equipment"}
COMMAND: GET /session/0a56c8b3fe23980ff89a5571a3a07e32/screenshot - {}
RESULT: {"text":"Equipment"}
COMMAND: GET /session/0a56c8b3fe23980ff89a5571a3a07e32/screenshot - {}
RESULT: {}
RESULT: {}
COMMAND: POST /session/0a56c8b3fe23980ff89a5571a3a07e32/actions - {"actions":[{"id":"action9","type":"key","parameters":{},"actions":[{"type":"keyDown","value":""},{"type":"pause","duration":10},{"type":"keyUp","value":""}]}]}
RESULT: {"actions":[{"id":"action9","type":"key","parameters":{},"actions":[{"type":"keyDown","value":""},{"type":"pause","duration":10},{"type":"keyUp","value":""}]}]}
COMMAND: POST /session/0a56c8b3fe23980ff89a5571a3a07e32/execute/async - {"script":"<script> [1562 bytes]","args":[{"selector":{"id":"application-manageresources-display-component---newResourceUnit--resourceId","interaction":{"idSuffix":"inner"}},"wdio_ui5_key":"applicationmanageresources-display-component---newResourceUnit--resourceId"}]}
COMMAND: GET /session/0a56c8b3fe23980ff89a5571a3a07e32/screenshot - {}
RESULT: {"script":"<script> [1562 bytes]","args":[{"selector":{"id":"application-manageresources-display-component---newResourceUnit--resourceId","interaction":{"idSuffix":"inner"}},"wdio_ui5_key":"applicationmanageresources-display-component---newResourceUnit--resourceId"}]}
RESULT: undefined
COMMAND: POST /session/0a56c8b3fe23980ff89a5571a3a07e32/execute/async - {"script":"<script> [776 bytes]","args":[{"enterText":"TQg5emlDEA","selector":{"id":"application-manageresources-display-component---newResourceUnit--resourceId","interaction":{"idSuffix":"inner"}},"clearTextFirst":true,"interactionType":"ENTER_TEXT"}]}
RESULT: {}
RESULT: {"script":"<script> [776 bytes]","args":[{"enterText":"TQg5emlDEA","selector":{"id":"application-manageresources-display-component---newResourceUnit--resourceId","interaction":{"idSuffix":"inner"}},"clearTextFirst":true,"interactionType":"ENTER_TEXT"}]}
COMMAND: POST /session/0a56c8b3fe23980ff89a5571a3a07e32/execute/async - {"script":"<script> [1562 bytes]","args":[{"selector":{"id":"application-manageresources-display-component---newResourceUnit--SHORT_TEXT","interaction":{"idSuffix":"inner"}},"wdio_ui5_key":"applicationmanageresources-display-component---newResourceUnit--SHORT_TEXT"}]}
RESULT: {"script":"<script> [1562 bytes]","args":[{"selector":{"id":"application-manageresources-display-component---newResourceUnit--SHORT_TEXT","interaction":{"idSuffix":"inner"}},"wdio_ui5_key":"applicationmanageresources-display-component---newResourceUnit--SHORT_TEXT"}]}
RESULT: undefined
COMMAND: POST /session/0a56c8b3fe23980ff89a5571a3a07e32/execute/async - {"script":"<script> [776 bytes]","args":[{"enterText":"Intercompany Equipment WDIO","selector":{"id":"application-manageresources-display-component---newResourceUnit--SHORT_TEXT","interaction":{"idSuffix":"inner"}},"clearTextFirst":true,"interactionType":"ENTER_TEXT"}]}
RESULT: {"script":"<script> [776 bytes]","args":[{"enterText":"Intercompany Equipment WDIO","selector":{"id":"application-manageresources-display-component---newResourceUnit--SHORT_TEXT","interaction":{"idSuffix":"inner"}},"clearTextFirst":true,"interactionType":"ENTER_TEXT"}]}
COMMAND: POST /session/0a56c8b3fe23980ff89a5571a3a07e32/execute/async - {"script":"<script> [1562 bytes]","args":[{"selector":{"id":"application-manageresources-display-component---newResourceUnit--BASE_UNIT_OF_MEASURE","interaction":{"idSuffix":"inner"}},"wdio_ui5_key":"applicationmanageresources-display-component---newResourceUnit--BASE_UNIT_OF_MEASURE"}]}
RESULT: {"script":"<script> [1562 bytes]","args":[{"selector":{"id":"application-manageresources-display-component---newResourceUnit--BASE_UNIT_OF_MEASURE","interaction":{"idSuffix":"inner"}},"wdio_ui5_key":"applicationmanageresources-display-component---newResourceUnit--BASE_UNIT_OF_MEASURE"}]}
RESULT: undefined
COMMAND: POST /session/0a56c8b3fe23980ff89a5571a3a07e32/execute/async - {"script":"<script> [776 bytes]","args":[{"enterText":"Piece","selector":{"id":"application-manageresources-display-component---newResourceUnit--BASE_UNIT_OF_MEASURE","interaction":{"idSuffix":"inner"}},"clearTextFirst":true,"interactionType":"ENTER_TEXT"}]}
RESULT: {"script":"<script> [776 bytes]","args":[{"enterText":"Piece","selector":{"id":"application-manageresources-display-component---newResourceUnit--BASE_UNIT_OF_MEASURE","interaction":{"idSuffix":"inner"}},"clearTextFirst":true,"interactionType":"ENTER_TEXT"}]}
COMMAND: POST /session/0a56c8b3fe23980ff89a5571a3a07e32/execute/async - {"script":"<script> [1562 bytes]","args":[{"selector":{"id":"application-manageresources-display-component---newResourceUnit--WEIGHT_UNIT","interaction":{"idSuffix":"inner"}},"wdio_ui5_key":"applicationmanageresources-display-component---newResourceUnit--WEIGHT_UNIT"}]}
RESULT: {"script":"<script> [1562 bytes]","args":[{"selector":{"id":"application-manageresources-display-component---newResourceUnit--WEIGHT_UNIT","interaction":{"idSuffix":"inner"}},"wdio_ui5_key":"applicationmanageresources-display-component---newResourceUnit--WEIGHT_UNIT"}]}
RESULT: undefined
COMMAND: POST /session/0a56c8b3fe23980ff89a5571a3a07e32/execute/async - {"script":"<script> [776 bytes]","args":[{"enterText":"Gram","selector":{"id":"application-manageresources-display-component---newResourceUnit--WEIGHT_UNIT","interaction":{"idSuffix":"inner"}},"clearTextFirst":true,"interactionType":"ENTER_TEXT"}]}
RESULT: {"script":"<script> [776 bytes]","args":[{"enterText":"Gram","selector":{"id":"application-manageresources-display-component---newResourceUnit--WEIGHT_UNIT","interaction":{"idSuffix":"inner"}},"clearTextFirst":true,"interactionType":"ENTER_TEXT"}]}
COMMAND: POST /session/0a56c8b3fe23980ff89a5571a3a07e32/execute/async - {"script":"<script> [1562 bytes]","args":[{"selector":{"id":"application-manageresources-display-component---newResourceUnit--DIMENSION_UNIT","interaction":{"idSuffix":"inner"}},"wdio_ui5_key":"applicationmanageresources-display-component---newResourceUnit--DIMENSION_UNIT"}]}
RESULT: {"script":"<script> [1562 bytes]","args":[{"selector":{"id":"application-manageresources-display-component---newResourceUnit--DIMENSION_UNIT","interaction":{"idSuffix":"inner"}},"wdio_ui5_key":"applicationmanageresources-display-component---newResourceUnit--DIMENSION_UNIT"}]}
RESULT: undefined
COMMAND: POST /session/0a56c8b3fe23980ff89a5571a3a07e32/execute/async - {"script":"<script> [776 bytes]","args":[{"enterText":"Meter","selector":{"id":"application-manageresources-display-component---newResourceUnit--DIMENSION_UNIT","interaction":{"idSuffix":"inner"}},"clearTextFirst":true,"interactionType":"ENTER_TEXT"}]}
RESULT: {"script":"<script> [776 bytes]","args":[{"enterText":"Meter","selector":{"id":"application-manageresources-display-component---newResourceUnit--DIMENSION_UNIT","interaction":{"idSuffix":"inner"}},"clearTextFirst":true,"interactionType":"ENTER_TEXT"}]}
COMMAND: POST /session/0a56c8b3fe23980ff89a5571a3a07e32/execute/async - {"script":"<script> [1562 bytes]","args":[{"selector":{"id":"application-manageresources-display-component---newResourceUnit--newRRUPage-anchBar-application-manageresources-display-component---newResourceUnit--control-anchor","interaction":{"idSuffix":"BDI-content"}},"wdio_ui5_key":"applicationmanageresources-display-component---newResourceUnit--newRRUPage-anchBar-application-manageresources-display-component---newResourceUnit--control-anchor"}]}
RESULT: {"script":"<script> [1562 bytes]","args":[{"selector":{"id":"application-manageresources-display-component---newResourceUnit--newRRUPage-anchBar-application-manageresources-display-component---newResourceUnit--control-anchor","interaction":{"idSuffix":"BDI-content"}},"wdio_ui5_key":"applicationmanageresources-display-component---newResourceUnit--newRRUPage-anchBar-application-manageresources-display-component---newResourceUnit--control-anchor"}]}
RESULT: undefined
COMMAND: POST /session/0a56c8b3fe23980ff89a5571a3a07e32/element - {"using":"xpath","value":"//*[@id=\"application-manageresources-display-component---newResourceUnit--newRRUPage-anchBar-application-manageresources-display-component---newResourceUnit--control-anchor\"]"}
RESULT: {"using":"xpath","value":"//*[@id=\"application-manageresources-display-component---newResourceUnit--newRRUPage-anchBar-application-manageresources-display-component---newResourceUnit--control-anchor\"]"}
COMMAND: POST /session/0a56c8b3fe23980ff89a5571a3a07e32/element/f.8BC31031A8A77F81AA6DDAE562E569BF.d.12174237AEE326E95E679A9C83B5D607.e.3496/click - {}
RESULT: {}
COMMAND: POST /session/0a56c8b3fe23980ff89a5571a3a07e32/execute/async - {"script":"<script> [1562 bytes]","args":[{"selector":{"id":"application-manageresources-display-component---newResourceUnit--PLANNING_GROUP","interaction":{"idSuffix":"inner"}},"wdio_ui5_key":"applicationmanageresources-display-component---newResourceUnit--PLANNING_GROUP"}]}
COMMAND: GET /session/0a56c8b3fe23980ff89a5571a3a07e32/screenshot - {}
RESULT: {"script":"<script> [1562 bytes]","args":[{"selector":{"id":"application-manageresources-display-component---newResourceUnit--PLANNING_GROUP","interaction":{"idSuffix":"inner"}},"wdio_ui5_key":"applicationmanageresources-display-component---newResourceUnit--PLANNING_GROUP"}]}
RESULT: undefined
COMMAND: POST /session/0a56c8b3fe23980ff89a5571a3a07e32/execute/async - {"script":"<script> [776 bytes]","args":[{"enterText":"Heavy Equi","selector":{"id":"application-manageresources-display-component---newResourceUnit--PLANNING_GROUP","interaction":{"idSuffix":"inner"}},"clearTextFirst":true,"interactionType":"ENTER_TEXT"}]}
RESULT: {}
RESULT: {"script":"<script> [776 bytes]","args":[{"enterText":"Heavy Equi","selector":{"id":"application-manageresources-display-component---newResourceUnit--PLANNING_GROUP","interaction":{"idSuffix":"inner"}},"clearTextFirst":true,"interactionType":"ENTER_TEXT"}]}
COMMAND: POST /session/0a56c8b3fe23980ff89a5571a3a07e32/execute/async - {"script":"<script> [1562 bytes]","args":[{"selector":{"id":"application-manageresources-display-component---newResourceUnit--ITEM_TYPE-arrow"},"wdio_ui5_key":"applicationmanageresources-display-component---newResourceUnit--ITEM_TYPE-arrow"}]}
RESULT: {"script":"<script> [1562 bytes]","args":[{"selector":{"id":"application-manageresources-display-component---newResourceUnit--ITEM_TYPE-arrow"},"wdio_ui5_key":"applicationmanageresources-display-component---newResourceUnit--ITEM_TYPE-arrow"}]}
RESULT: undefined
COMMAND: POST /session/0a56c8b3fe23980ff89a5571a3a07e32/element - {"using":"xpath","value":"//*[@id=\"application-manageresources-display-component---newResourceUnit--ITEM_TYPE-arrow\"]"}
RESULT: {"using":"xpath","value":"//*[@id=\"application-manageresources-display-component---newResourceUnit--ITEM_TYPE-arrow\"]"}
COMMAND: POST /session/0a56c8b3fe23980ff89a5571a3a07e32/element/f.8BC31031A8A77F81AA6DDAE562E569BF.d.12174237AEE326E95E679A9C83B5D607.e.3503/click - {}
RESULT: {}
COMMAND: POST /session/0a56c8b3fe23980ff89a5571a3a07e32/element - {"using":"xpath","value":"(//span[contains(text(), \"Resource Unit\")])[2]"}
COMMAND: GET /session/0a56c8b3fe23980ff89a5571a3a07e32/screenshot - {}
RESULT: {"using":"xpath","value":"(//span[contains(text(), \"Resource Unit\")])[2]"}
COMMAND: POST /session/0a56c8b3fe23980ff89a5571a3a07e32/element/f.8BC31031A8A77F81AA6DDAE562E569BF.d.12174237AEE326E95E679A9C83B5D607.e.3504/click - {}
RESULT: {}
RESULT: {}
COMMAND: GET /session/0a56c8b3fe23980ff89a5571a3a07e32/screenshot - {}
RESULT: {}
COMMAND: POST /session/0a56c8b3fe23980ff89a5571a3a07e32/element - {"using":"css selector","value":"#application-manageresources-display-component---newResourceUnit--btnAddTimeSegment"}
RESULT: {"using":"css selector","value":"#application-manageresources-display-component---newResourceUnit--btnAddTimeSegment"}
COMMAND: GET /session/0a56c8b3fe23980ff89a5571a3a07e32/element/f.8BC31031A8A77F81AA6DDAE562E569BF.d.12174237AEE326E95E679A9C83B5D607.e.3512/rect - {}
RESULT: {}
COMMAND: GET /session/0a56c8b3fe23980ff89a5571a3a07e32/window/rect - {}
RESULT: {}
COMMAND: POST /session/0a56c8b3fe23980ff89a5571a3a07e32/execute/sync - {"script":"<script> [92 bytes]","args":[]}
RESULT: {"script":"<script> [92 bytes]","args":[]}
COMMAND: POST /session/0a56c8b3fe23980ff89a5571a3a07e32/actions - {"actions":[{"id":"action10","type":"wheel","parameters":{},"actions":[{"type":"scroll","x":-1888,"y":-32,"deltaX":0,"deltaY":0,"duration":0,"origin":{"element-6066-11e4-a52e-4f735466cecf":"f.8BC31031A8A77F81AA6DDAE562E569BF.d.12174237AEE326E95E679A9C83B5D607.e.3512"}}]}]}
COMMAND: GET /session/0a56c8b3fe23980ff89a5571a3a07e32/screenshot - {}
RESULT: {}
COMMAND: POST /session/0a56c8b3fe23980ff89a5571a3a07e32/execute/sync - {"script":"<script> [79 bytes]","args":[{"element-6066-11e4-a52e-4f735466cecf":"f.8BC31031A8A77F81AA6DDAE562E569BF.d.12174237AEE326E95E679A9C83B5D607.e.3512","ELEMENT":"f.8BC31031A8A77F81AA6DDAE562E569BF.d.12174237AEE326E95E679A9C83B5D607.e.3512"},{"block":"start","inline":"nearest"}]}
RESULT: {"script":"<script> [79 bytes]","args":[{"element-6066-11e4-a52e-4f735466cecf":"f.8BC31031A8A77F81AA6DDAE562E569BF.d.12174237AEE326E95E679A9C83B5D607.e.3512","ELEMENT":"f.8BC31031A8A77F81AA6DDAE562E569BF.d.12174237AEE326E95E679A9C83B5D607.e.3512"},{"block":"start","inline":"nearest"}]}
COMMAND: POST /session/0a56c8b3fe23980ff89a5571a3a07e32/execute/async - {"script":"<script> [1562 bytes]","args":[{"selector":{"id":"application-manageresources-display-component---newResourceUnit--btnAddTimeSegment","interaction":{"idSuffix":"inner"}},"wdio_ui5_key":"applicationmanageresources-display-component---newResourceUnit--btnAddTimeSegment"}]}
COMMAND: GET /session/0a56c8b3fe23980ff89a5571a3a07e32/screenshot - {}
RESULT: {"script":"<script> [1562 bytes]","args":[{"selector":{"id":"application-manageresources-display-component---newResourceUnit--btnAddTimeSegment","interaction":{"idSuffix":"inner"}},"wdio_ui5_key":"applicationmanageresources-display-component---newResourceUnit--btnAddTimeSegment"}]}
RESULT: undefined
COMMAND: POST /session/0a56c8b3fe23980ff89a5571a3a07e32/element - {"using":"xpath","value":"//*[@id=\"application-manageresources-display-component---newResourceUnit--btnAddTimeSegment\"]"}
RESULT: {}
RESULT: {"using":"xpath","value":"//*[@id=\"application-manageresources-display-component---newResourceUnit--btnAddTimeSegment\"]"}
COMMAND: POST /session/0a56c8b3fe23980ff89a5571a3a07e32/element/f.8BC31031A8A77F81AA6DDAE562E569BF.d.12174237AEE326E95E679A9C83B5D607.e.3512/click - {}
RESULT: {}
COMMAND: GET /session/0a56c8b3fe23980ff89a5571a3a07e32/screenshot - {}
RESULT: {}
COMMAND: POST /session/0a56c8b3fe23980ff89a5571a3a07e32/element - {"using":"xpath","value":"//input[@id=\"application-manageresources-display-component---newResourceUnit--idRuTSAdmin-application-manageresources-display-component---newResourceUnit--RUTimeSegment-0-inner\"]"}
RESULT: {"using":"xpath","value":"//input[@id=\"application-manageresources-display-component---newResourceUnit--idRuTSAdmin-application-manageresources-display-component---newResourceUnit--RUTimeSegment-0-inner\"]"}
COMMAND: POST /session/0a56c8b3fe23980ff89a5571a3a07e32/element/f.8BC31031A8A77F81AA6DDAE562E569BF.d.12174237AEE326E95E679A9C83B5D607.e.3518/clear - {}
RESULT: {}
COMMAND: POST /session/0a56c8b3fe23980ff89a5571a3a07e32/element/f.8BC31031A8A77F81AA6DDAE562E569BF.d.12174237AEE326E95E679A9C83B5D607.e.3518/value - {"text":"343"}
COMMAND: GET /session/0a56c8b3fe23980ff89a5571a3a07e32/screenshot - {}
RESULT: {"text":"343"}
COMMAND: GET /session/0a56c8b3fe23980ff89a5571a3a07e32/screenshot - {}
RESULT: {}
RESULT: {}
COMMAND: POST /session/0a56c8b3fe23980ff89a5571a3a07e32/element - {"using":"xpath","value":"//li[.//span[text()='343']]"}
RESULT: {"using":"xpath","value":"//li[.//span[text()='343']]"}
COMMAND: POST /session/0a56c8b3fe23980ff89a5571a3a07e32/element/f.8BC31031A8A77F81AA6DDAE562E569BF.d.12174237AEE326E95E679A9C83B5D607.e.3530/click - {}
RESULT: {}
COMMAND: GET /session/0a56c8b3fe23980ff89a5571a3a07e32/screenshot - {}
RESULT: {}
COMMAND: POST /session/0a56c8b3fe23980ff89a5571a3a07e32/element - {"using":"xpath","value":"(//span[contains(@id, \"-application-manageresources-display-component---newResourceUnit--RUTimeSegment-0-arrow\")])[6]"}
RESULT: {"using":"xpath","value":"(//span[contains(@id, \"-application-manageresources-display-component---newResourceUnit--RUTimeSegment-0-arrow\")])[6]"}
COMMAND: POST /session/0a56c8b3fe23980ff89a5571a3a07e32/element/f.8BC31031A8A77F81AA6DDAE562E569BF.d.12174237AEE326E95E679A9C83B5D607.e.3531/click - {}
RESULT: {}
COMMAND: GET /session/0a56c8b3fe23980ff89a5571a3a07e32/screenshot - {}
RESULT: {}
COMMAND: POST /session/0a56c8b3fe23980ff89a5571a3a07e32/element - {"using":"xpath","value":"//span[contains(text(), \"PM Order\")]"}
RESULT: {"using":"xpath","value":"//span[contains(text(), \"PM Order\")]"}
COMMAND: POST /session/0a56c8b3fe23980ff89a5571a3a07e32/element/f.8BC31031A8A77F81AA6DDAE562E569BF.d.12174237AEE326E95E679A9C83B5D607.e.3534/click - {}
RESULT: {}
COMMAND: GET /session/0a56c8b3fe23980ff89a5571a3a07e32/screenshot - {}
RESULT: {}
COMMAND: POST /session/0a56c8b3fe23980ff89a5571a3a07e32/element - {"using":"xpath","value":"(//span[contains(@id ,\"manageresources-display-component---newResourceUnit--RUTimeSegment-0-vhi\")])[1]"}
RESULT: {"using":"xpath","value":"(//span[contains(@id ,\"manageresources-display-component---newResourceUnit--RUTimeSegment-0-vhi\")])[1]"}
COMMAND: GET /session/0a56c8b3fe23980ff89a5571a3a07e32/element/f.8BC31031A8A77F81AA6DDAE562E569BF.d.12174237AEE326E95E679A9C83B5D607.e.3538/rect - {}
RESULT: {}
COMMAND: GET /session/0a56c8b3fe23980ff89a5571a3a07e32/window/rect - {}
RESULT: {}
COMMAND: POST /session/0a56c8b3fe23980ff89a5571a3a07e32/execute/sync - {"script":"<script> [92 bytes]","args":[]}
RESULT: {"script":"<script> [92 bytes]","args":[]}
COMMAND: POST /session/0a56c8b3fe23980ff89a5571a3a07e32/actions - {"actions":[{"id":"action11","type":"wheel","parameters":{},"actions":[{"type":"scroll","x":-869,"y":-24,"deltaX":0,"deltaY":0,"duration":0,"origin":{"element-6066-11e4-a52e-4f735466cecf":"f.8BC31031A8A77F81AA6DDAE562E569BF.d.12174237AEE326E95E679A9C83B5D607.e.3538"}}]}]}
COMMAND: GET /session/0a56c8b3fe23980ff89a5571a3a07e32/screenshot - {}
RESULT: {"actions":[{"id":"action11","type":"wheel","parameters":{},"actions":[{"type":"scroll","x":-869,"y":-24,"deltaX":0,"deltaY":0,"duration":0,"origin":{"element-6066-11e4-a52e-4f735466cecf":"f.8BC31031A8A77F81AA6DDAE562E569BF.d.12174237AEE326E95E679A9C83B5D607.e.3538"}}]}]}
COMMAND: DELETE /session/0a56c8b3fe23980ff89a5571a3a07e32/actions - {}
COMMAND: GET /session/0a56c8b3fe23980ff89a5571a3a07e32/screenshot - {}
RESULT: {}
RESULT: {}
COMMAND: GET /session/0a56c8b3fe23980ff89a5571a3a07e32/screenshot - {}
RESULT: {}
RESULT: {}
COMMAND: POST /session/0a56c8b3fe23980ff89a5571a3a07e32/element/f.8BC31031A8A77F81AA6DDAE562E569BF.d.12174237AEE326E95E679A9C83B5D607.e.3538/click - {}
RESULT: {}
COMMAND: GET /session/0a56c8b3fe23980ff89a5571a3a07e32/screenshot - {}
RESULT: {}
COMMAND: POST /session/0a56c8b3fe23980ff89a5571a3a07e32/execute/async - {"script":"<script> [1562 bytes]","args":[{"selector":{"controlType":"sap.m.SearchField","properties":{"placeholder":"Search"},"searchOpenDialogs":true,"interaction":{"idSuffix":"I"}},"wdio_ui5_key":"sapm.SearchField{\"placeholder\":\"Search\"}"}]}
RESULT: {"script":"<script> [1562 bytes]","args":[{"selector":{"controlType":"sap.m.SearchField","properties":{"placeholder":"Search"},"searchOpenDialogs":true,"interaction":{"idSuffix":"I"}},"wdio_ui5_key":"sapm.SearchField{\"placeholder\":\"Search\"}"}]}
RESULT: undefined
COMMAND: POST /session/0a56c8b3fe23980ff89a5571a3a07e32/execute/async - {"script":"<script> [776 bytes]","args":[{"enterText":"4000360","selector":{"controlType":"sap.m.SearchField","properties":{"placeholder":"Search"},"searchOpenDialogs":true,"interaction":{"idSuffix":"I"}},"clearTextFirst":true,"interactionType":"ENTER_TEXT"}]}
RESULT: {"script":"<script> [776 bytes]","args":[{"enterText":"4000360","selector":{"controlType":"sap.m.SearchField","properties":{"placeholder":"Search"},"searchOpenDialogs":true,"interaction":{"idSuffix":"I"}},"clearTextFirst":true,"interactionType":"ENTER_TEXT"}]}
COMMAND: POST /session/0a56c8b3fe23980ff89a5571a3a07e32/actions - {"actions":[{"id":"action12","type":"key","parameters":{},"actions":[{"type":"keyDown","value":""},{"type":"pause","duration":10},{"type":"keyUp","value":""}]}]}
RESULT: {"actions":[{"id":"action12","type":"key","parameters":{},"actions":[{"type":"keyDown","value":""},{"type":"pause","duration":10},{"type":"keyUp","value":""}]}]}
COMMAND: GET /session/0a56c8b3fe23980ff89a5571a3a07e32/screenshot - {}
RESULT: {}
COMMAND: POST /session/0a56c8b3fe23980ff89a5571a3a07e32/element - {"using":"xpath","value":"//td/div/span[contains(text(), \"BGL Vehicles\")]"}
RESULT: {"using":"xpath","value":"//td/div/span[contains(text(), \"BGL Vehicles\")]"}
COMMAND: POST /session/0a56c8b3fe23980ff89a5571a3a07e32/element/f.8BC31031A8A77F81AA6DDAE562E569BF.d.12174237AEE326E95E679A9C83B5D607.e.3561/click - {}
RESULT: {}
COMMAND: GET /session/0a56c8b3fe23980ff89a5571a3a07e32/screenshot - {}
RESULT: {}
COMMAND: POST /session/0a56c8b3fe23980ff89a5571a3a07e32/element - {"using":"xpath","value":"//bdi[contains(text(), \"OK\")]"}
RESULT: {"using":"xpath","value":"//bdi[contains(text(), \"OK\")]"}
COMMAND: POST /session/0a56c8b3fe23980ff89a5571a3a07e32/element/f.8BC31031A8A77F81AA6DDAE562E569BF.d.12174237AEE326E95E679A9C83B5D607.e.3562/click - {}
RESULT: {}
COMMAND: GET /session/0a56c8b3fe23980ff89a5571a3a07e32/screenshot - {}
RESULT: {}
COMMAND: POST /session/0a56c8b3fe23980ff89a5571a3a07e32/execute/async - {"script":"<script> [1562 bytes]","args":[{"selector":{"id":"application-manageresources-display-component---newResourceUnit--newRRUPage-anchBar-application-manageresources-display-component---newResourceUnit--resource-anchor","interaction":{"idSuffix":"BDI-content"}},"wdio_ui5_key":"applicationmanageresources-display-component---newResourceUnit--newRRUPage-anchBar-application-manageresources-display-component---newResourceUnit--resource-anchor"}]}
RESULT: {"script":"<script> [1562 bytes]","args":[{"selector":{"id":"application-manageresources-display-component---newResourceUnit--newRRUPage-anchBar-application-manageresources-display-component---newResourceUnit--resource-anchor","interaction":{"idSuffix":"BDI-content"}},"wdio_ui5_key":"applicationmanageresources-display-component---newResourceUnit--newRRUPage-anchBar-application-manageresources-display-component---newResourceUnit--resource-anchor"}]}
RESULT: undefined
COMMAND: POST /session/0a56c8b3fe23980ff89a5571a3a07e32/element - {"using":"xpath","value":"//*[@id=\"application-manageresources-display-component---newResourceUnit--newRRUPage-anchBar-application-manageresources-display-component---newResourceUnit--resource-anchor\"]"}
RESULT: {"using":"xpath","value":"//*[@id=\"application-manageresources-display-component---newResourceUnit--newRRUPage-anchBar-application-manageresources-display-component---newResourceUnit--resource-anchor\"]"}
COMMAND: POST /session/0a56c8b3fe23980ff89a5571a3a07e32/element/f.8BC31031A8A77F81AA6DDAE562E569BF.d.12174237AEE326E95E679A9C83B5D607.e.3566/click - {}
RESULT: {}
COMMAND: POST /session/0a56c8b3fe23980ff89a5571a3a07e32/execute/async - {"script":"<script> [1562 bytes]","args":[{"selector":{"id":"application-manageresources-display-component---newResourceUnit--PLANNED_DELIVERY_DATE","interaction":{"idSuffix":"inner"}},"wdio_ui5_key":"applicationmanageresources-display-component---newResourceUnit--PLANNED_DELIVERY_DATE"}]}
COMMAND: GET /session/0a56c8b3fe23980ff89a5571a3a07e32/screenshot - {}
RESULT: {"script":"<script> [1562 bytes]","args":[{"selector":{"id":"application-manageresources-display-component---newResourceUnit--PLANNED_DELIVERY_DATE","interaction":{"idSuffix":"inner"}},"wdio_ui5_key":"applicationmanageresources-display-component---newResourceUnit--PLANNED_DELIVERY_DATE"}]}
RESULT: undefined
COMMAND: POST /session/0a56c8b3fe23980ff89a5571a3a07e32/execute/async - {"script":"<script> [6424 bytes]","args":[{"element-6066-11e4-a52e-4f735466cecf":"f.8BC31031A8A77F81AA6DDAE562E569BF.d.12174237AEE326E95E679A9C83B5D607.e.3394"},"setValue",["5/26/25"]]}
RESULT: {}
RESULT: {"script":"<script> [6424 bytes]","args":[{"element-6066-11e4-a52e-4f735466cecf":"f.8BC31031A8A77F81AA6DDAE562E569BF.d.12174237AEE326E95E679A9C83B5D607.e.3394"},"setValue",["5/26/25"]]}
COMMAND: POST /session/0a56c8b3fe23980ff89a5571a3a07e32/element - {"using":"xpath","value":"//label[contains(@class, 'sapMLabelRequired') and .//bdi[contains(text(), 'Planned Retirement')]]"}
RESULT: {"using":"xpath","value":"//label[contains(@class, 'sapMLabelRequired') and .//bdi[contains(text(), 'Planned Retirement')]]"}
COMMAND: POST /session/0a56c8b3fe23980ff89a5571a3a07e32/elements - {"using":"xpath","value":"//label[contains(@class, 'sapMLabelRequired') and .//bdi[contains(text(), 'Planned Retirement')]]"}
RESULT: {"using":"xpath","value":"//label[contains(@class, 'sapMLabelRequired') and .//bdi[contains(text(), 'Planned Retirement')]]"}
COMMAND: POST /session/0a56c8b3fe23980ff89a5571a3a07e32/element - {"using":"xpath","value":"//button[@data-kt=\"resourceUnitSaveButton\"]"}
RESULT: {"using":"xpath","value":"//button[@data-kt=\"resourceUnitSaveButton\"]"}
COMMAND: POST /session/0a56c8b3fe23980ff89a5571a3a07e32/element/f.8BC31031A8A77F81AA6DDAE562E569BF.d.12174237AEE326E95E679A9C83B5D607.e.3353/click - {}
RESULT: {}
COMMAND: GET /session/0a56c8b3fe23980ff89a5571a3a07e32/screenshot - {}
RESULT: {}
COMMAND: POST /session/0a56c8b3fe23980ff89a5571a3a07e32/element - {"using":"xpath","value":"//bdi[contains(text(), \"Close\")]"}
RESULT: {"using":"xpath","value":"//bdi[contains(text(), \"Close\")]"}
COMMAND: POST /session/0a56c8b3fe23980ff89a5571a3a07e32/element/f.8BC31031A8A77F81AA6DDAE562E569BF.d.12174237AEE326E95E679A9C83B5D607.e.3576/click - {}
RESULT: {}
COMMAND: GET /session/0a56c8b3fe23980ff89a5571a3a07e32/screenshot - {}
RESULT: {}
COMMAND: POST /session/0a56c8b3fe23980ff89a5571a3a07e32/element - {"using":"xpath","value":"(//button[contains(@id ,\"actionsToolbar-overflowButton\")])[1]"}
RESULT: {"using":"xpath","value":"(//button[contains(@id ,\"actionsToolbar-overflowButton\")])[1]"}
COMMAND: POST /session/0a56c8b3fe23980ff89a5571a3a07e32/element/f.8BC31031A8A77F81AA6DDAE562E569BF.d.12174237AEE326E95E679A9C83B5D607.e.3623/click - {}
RESULT: {}
COMMAND: GET /session/0a56c8b3fe23980ff89a5571a3a07e32/screenshot - {}
RESULT: {}
COMMAND: POST /session/0a56c8b3fe23980ff89a5571a3a07e32/element - {"using":"xpath","value":"//button[@data-kt=\"priceInfoButton\"]"}
RESULT: {"using":"xpath","value":"//button[@data-kt=\"priceInfoButton\"]"}
COMMAND: POST /session/0a56c8b3fe23980ff89a5571a3a07e32/element/f.8BC31031A8A77F81AA6DDAE562E569BF.d.12174237AEE326E95E679A9C83B5D607.e.3637/click - {}
RESULT: {}
COMMAND: GET /session/0a56c8b3fe23980ff89a5571a3a07e32/screenshot - {}
RESULT: {}
]]></system-out>
    </testcase>
    <testcase classname="chrome.136_0_7103_93.windows.Billing_confirm_US117289" name="Should create new pricing rule" time="56.196">
      <system-out><![CDATA[
COMMAND: POST /session/0a56c8b3fe23980ff89a5571a3a07e32/element - {"using":"xpath","value":"//button[@data-kt=\"addButton\"]"}
RESULT: {"using":"xpath","value":"//button[@data-kt=\"addButton\"]"}
COMMAND: POST /session/0a56c8b3fe23980ff89a5571a3a07e32/elements - {"using":"xpath","value":"//button[@data-kt=\"addButton\"]"}
RESULT: {"using":"xpath","value":"//button[@data-kt=\"addButton\"]"}
COMMAND: POST /session/0a56c8b3fe23980ff89a5571a3a07e32/execute/sync - {"script":"<script> [8489 bytes]","args":[{"element-6066-11e4-a52e-4f735466cecf":"f.8BC31031A8A77F81AA6DDAE562E569BF.d.12174237AEE326E95E679A9C83B5D607.e.3675","ELEMENT":"f.8BC31031A8A77F81AA6DDAE562E569BF.d.12174237AEE326E95E679A9C83B5D607.e.3675"}]}
RESULT: {"script":"<script> [8489 bytes]","args":[{"element-6066-11e4-a52e-4f735466cecf":"f.8BC31031A8A77F81AA6DDAE562E569BF.d.12174237AEE326E95E679A9C83B5D607.e.3675","ELEMENT":"f.8BC31031A8A77F81AA6DDAE562E569BF.d.12174237AEE326E95E679A9C83B5D607.e.3675"}]}
COMMAND: GET /session/0a56c8b3fe23980ff89a5571a3a07e32/element/f.8BC31031A8A77F81AA6DDAE562E569BF.d.12174237AEE326E95E679A9C83B5D607.e.3675/enabled - {}
COMMAND: GET /session/0a56c8b3fe23980ff89a5571a3a07e32/screenshot - {}
RESULT: {}
COMMAND: POST /session/0a56c8b3fe23980ff89a5571a3a07e32/execute/sync - {"script":"<script> [8489 bytes]","args":[{"element-6066-11e4-a52e-4f735466cecf":"f.8BC31031A8A77F81AA6DDAE562E569BF.d.12174237AEE326E95E679A9C83B5D607.e.3675","ELEMENT":"f.8BC31031A8A77F81AA6DDAE562E569BF.d.12174237AEE326E95E679A9C83B5D607.e.3675"}]}
COMMAND: GET /session/0a56c8b3fe23980ff89a5571a3a07e32/screenshot - {}
RESULT: {}
RESULT: {"script":"<script> [8489 bytes]","args":[{"element-6066-11e4-a52e-4f735466cecf":"f.8BC31031A8A77F81AA6DDAE562E569BF.d.12174237AEE326E95E679A9C83B5D607.e.3675","ELEMENT":"f.8BC31031A8A77F81AA6DDAE562E569BF.d.12174237AEE326E95E679A9C83B5D607.e.3675"}]}
COMMAND: POST /session/0a56c8b3fe23980ff89a5571a3a07e32/execute/sync - {"script":"<script> [5351 bytes]","args":[{"element-6066-11e4-a52e-4f735466cecf":"f.8BC31031A8A77F81AA6DDAE562E569BF.d.12174237AEE326E95E679A9C83B5D607.e.3675","ELEMENT":"f.8BC31031A8A77F81AA6DDAE562E569BF.d.12174237AEE326E95E679A9C83B5D607.e.3675"}]}
COMMAND: GET /session/0a56c8b3fe23980ff89a5571a3a07e32/screenshot - {}
RESULT: {}
RESULT: {"script":"<script> [5351 bytes]","args":[{"element-6066-11e4-a52e-4f735466cecf":"f.8BC31031A8A77F81AA6DDAE562E569BF.d.12174237AEE326E95E679A9C83B5D607.e.3675","ELEMENT":"f.8BC31031A8A77F81AA6DDAE562E569BF.d.12174237AEE326E95E679A9C83B5D607.e.3675"}]}
COMMAND: POST /session/0a56c8b3fe23980ff89a5571a3a07e32/element/f.8BC31031A8A77F81AA6DDAE562E569BF.d.12174237AEE326E95E679A9C83B5D607.e.3675/click - {}
COMMAND: GET /session/0a56c8b3fe23980ff89a5571a3a07e32/screenshot - {}
RESULT: {}
RESULT: {}
COMMAND: GET /session/0a56c8b3fe23980ff89a5571a3a07e32/screenshot - {}
RESULT: {}
RESULT: {}
COMMAND: POST /session/0a56c8b3fe23980ff89a5571a3a07e32/execute/async - {"script":"<script> [1562 bytes]","args":[{"selector":{"controlType":"sap.m.Title","viewName":"etm.portal.ui.managepricingrules.view.NewItem","viewId":"application-managepricingrules-display-component---newInfoPriceItem","properties":{"text":"New Pricing Rules - Item Level"}},"wdio_ui5_key":"etmportal.ui.managepricingrules.view.NewItemsap.m.Title{\"text\":\"New Pricing Rules - Item Level\"}"}]}
RESULT: {"script":"<script> [1562 bytes]","args":[{"selector":{"controlType":"sap.m.Title","viewName":"etm.portal.ui.managepricingrules.view.NewItem","viewId":"application-managepricingrules-display-component---newInfoPriceItem","properties":{"text":"New Pricing Rules - Item Level"}},"wdio_ui5_key":"etmportal.ui.managepricingrules.view.NewItemsap.m.Title{\"text\":\"New Pricing Rules - Item Level\"}"}]}
RESULT: undefined
COMMAND: POST /session/0a56c8b3fe23980ff89a5571a3a07e32/execute/async - {"script":"<script> [6424 bytes]","args":[{"element-6066-11e4-a52e-4f735466cecf":"f.8BC31031A8A77F81AA6DDAE562E569BF.d.12174237AEE326E95E679A9C83B5D607.e.3846"},"getText",[]]}
RESULT: {"script":"<script> [6424 bytes]","args":[{"element-6066-11e4-a52e-4f735466cecf":"f.8BC31031A8A77F81AA6DDAE562E569BF.d.12174237AEE326E95E679A9C83B5D607.e.3846"},"getText",[]]}
COMMAND: POST /session/0a56c8b3fe23980ff89a5571a3a07e32/execute/async - {"script":"<script> [1562 bytes]","args":[{"selector":{"id":"application-managepricingrules-display-component---newInfoPriceItem--condValidTo","interaction":{"idSuffix":"inner"}},"wdio_ui5_key":"applicationmanagepricingrules-display-component---newInfoPriceItem--condValidTo"}]}
RESULT: {"script":"<script> [1562 bytes]","args":[{"selector":{"id":"application-managepricingrules-display-component---newInfoPriceItem--condValidTo","interaction":{"idSuffix":"inner"}},"wdio_ui5_key":"applicationmanagepricingrules-display-component---newInfoPriceItem--condValidTo"}]}
RESULT: undefined
COMMAND: POST /session/0a56c8b3fe23980ff89a5571a3a07e32/execute/async - {"script":"<script> [776 bytes]","args":[{"enterText":"1/26/26","selector":{"id":"application-managepricingrules-display-component---newInfoPriceItem--condValidTo","interaction":{"idSuffix":"inner"}},"clearTextFirst":true,"interactionType":"ENTER_TEXT"}]}
RESULT: {"script":"<script> [776 bytes]","args":[{"enterText":"1/26/26","selector":{"id":"application-managepricingrules-display-component---newInfoPriceItem--condValidTo","interaction":{"idSuffix":"inner"}},"clearTextFirst":true,"interactionType":"ENTER_TEXT"}]}
COMMAND: POST /session/0a56c8b3fe23980ff89a5571a3a07e32/execute/async - {"script":"<script> [1562 bytes]","args":[{"selector":{"id":"application-managepricingrules-display-component---newInfoPriceItem--billType-arrow"},"wdio_ui5_key":"applicationmanagepricingrules-display-component---newInfoPriceItem--billType-arrow"}]}
RESULT: {"script":"<script> [1562 bytes]","args":[{"selector":{"id":"application-managepricingrules-display-component---newInfoPriceItem--billType-arrow"},"wdio_ui5_key":"applicationmanagepricingrules-display-component---newInfoPriceItem--billType-arrow"}]}
RESULT: undefined
COMMAND: POST /session/0a56c8b3fe23980ff89a5571a3a07e32/element - {"using":"xpath","value":"//*[@id=\"application-managepricingrules-display-component---newInfoPriceItem--billType-arrow\"]"}
RESULT: {"using":"xpath","value":"//*[@id=\"application-managepricingrules-display-component---newInfoPriceItem--billType-arrow\"]"}
COMMAND: POST /session/0a56c8b3fe23980ff89a5571a3a07e32/element/f.8BC31031A8A77F81AA6DDAE562E569BF.d.12174237AEE326E95E679A9C83B5D607.e.3805/click - {}
RESULT: {}
COMMAND: POST /session/0a56c8b3fe23980ff89a5571a3a07e32/element - {"using":"xpath","value":"//span[contains(text(), \"TB - Time based\")]"}
COMMAND: GET /session/0a56c8b3fe23980ff89a5571a3a07e32/screenshot - {}
RESULT: {"using":"xpath","value":"//span[contains(text(), \"TB - Time based\")]"}
COMMAND: POST /session/0a56c8b3fe23980ff89a5571a3a07e32/element/f.8BC31031A8A77F81AA6DDAE562E569BF.d.12174237AEE326E95E679A9C83B5D607.e.3848/click - {}
RESULT: {}
RESULT: {}
COMMAND: POST /session/0a56c8b3fe23980ff89a5571a3a07e32/execute/async - {"script":"<script> [1562 bytes]","args":[{"selector":{"id":"application-managepricingrules-display-component---newInfoPriceItem--priceProc-arrow"},"wdio_ui5_key":"applicationmanagepricingrules-display-component---newInfoPriceItem--priceProc-arrow"}]}
COMMAND: GET /session/0a56c8b3fe23980ff89a5571a3a07e32/screenshot - {}
RESULT: {"script":"<script> [1562 bytes]","args":[{"selector":{"id":"application-managepricingrules-display-component---newInfoPriceItem--priceProc-arrow"},"wdio_ui5_key":"applicationmanagepricingrules-display-component---newInfoPriceItem--priceProc-arrow"}]}
RESULT: undefined
COMMAND: POST /session/0a56c8b3fe23980ff89a5571a3a07e32/element - {"using":"xpath","value":"//*[@id=\"application-managepricingrules-display-component---newInfoPriceItem--priceProc-arrow\"]"}
RESULT: {}
RESULT: {"using":"xpath","value":"//*[@id=\"application-managepricingrules-display-component---newInfoPriceItem--priceProc-arrow\"]"}
COMMAND: POST /session/0a56c8b3fe23980ff89a5571a3a07e32/element/f.8BC31031A8A77F81AA6DDAE562E569BF.d.12174237AEE326E95E679A9C83B5D607.e.3812/click - {}
RESULT: {}
COMMAND: POST /session/0a56c8b3fe23980ff89a5571a3a07e32/element - {"using":"xpath","value":"//span[contains(text(), \"TBS - Time based standard\")]"}
COMMAND: GET /session/0a56c8b3fe23980ff89a5571a3a07e32/screenshot - {}
RESULT: {"using":"xpath","value":"//span[contains(text(), \"TBS - Time based standard\")]"}
COMMAND: POST /session/0a56c8b3fe23980ff89a5571a3a07e32/element/f.8BC31031A8A77F81AA6DDAE562E569BF.d.12174237AEE326E95E679A9C83B5D607.e.3849/click - {}
RESULT: {}
RESULT: {}
COMMAND: POST /session/0a56c8b3fe23980ff89a5571a3a07e32/execute/async - {"script":"<script> [1562 bytes]","args":[{"selector":{"id":"application-managepricingrules-display-component---newInfoPriceItem--calcBase-arrow"},"wdio_ui5_key":"applicationmanagepricingrules-display-component---newInfoPriceItem--calcBase-arrow"}]}
COMMAND: GET /session/0a56c8b3fe23980ff89a5571a3a07e32/screenshot - {}
RESULT: {"script":"<script> [1562 bytes]","args":[{"selector":{"id":"application-managepricingrules-display-component---newInfoPriceItem--calcBase-arrow"},"wdio_ui5_key":"applicationmanagepricingrules-display-component---newInfoPriceItem--calcBase-arrow"}]}
RESULT: undefined
COMMAND: POST /session/0a56c8b3fe23980ff89a5571a3a07e32/element - {"using":"xpath","value":"//*[@id=\"application-managepricingrules-display-component---newInfoPriceItem--calcBase-arrow\"]"}
RESULT: {}
RESULT: {"using":"xpath","value":"//*[@id=\"application-managepricingrules-display-component---newInfoPriceItem--calcBase-arrow\"]"}
COMMAND: POST /session/0a56c8b3fe23980ff89a5571a3a07e32/element/f.8BC31031A8A77F81AA6DDAE562E569BF.d.12174237AEE326E95E679A9C83B5D607.e.3819/click - {}
RESULT: {}
COMMAND: GET /session/0a56c8b3fe23980ff89a5571a3a07e32/screenshot - {}
RESULT: {}
COMMAND: POST /session/0a56c8b3fe23980ff89a5571a3a07e32/element - {"using":"xpath","value":"//span[contains(text(), \"0006 - TB(calendar days)\")]"}
RESULT: {"using":"xpath","value":"//span[contains(text(), \"0006 - TB(calendar days)\")]"}
COMMAND: POST /session/0a56c8b3fe23980ff89a5571a3a07e32/element/f.8BC31031A8A77F81AA6DDAE562E569BF.d.12174237AEE326E95E679A9C83B5D607.e.3850/click - {}
RESULT: {}
COMMAND: GET /session/0a56c8b3fe23980ff89a5571a3a07e32/screenshot - {}
RESULT: {}
COMMAND: POST /session/0a56c8b3fe23980ff89a5571a3a07e32/execute/async - {"script":"<script> [1562 bytes]","args":[{"selector":{"id":"application-managepricingrules-display-component---newInfoPriceItem--daysMonth","interaction":{"idSuffix":"inner"}},"wdio_ui5_key":"applicationmanagepricingrules-display-component---newInfoPriceItem--daysMonth"}]}
RESULT: {"script":"<script> [1562 bytes]","args":[{"selector":{"id":"application-managepricingrules-display-component---newInfoPriceItem--daysMonth","interaction":{"idSuffix":"inner"}},"wdio_ui5_key":"applicationmanagepricingrules-display-component---newInfoPriceItem--daysMonth"}]}
RESULT: undefined
COMMAND: POST /session/0a56c8b3fe23980ff89a5571a3a07e32/execute/async - {"script":"<script> [776 bytes]","args":[{"enterText":"30","selector":{"id":"application-managepricingrules-display-component---newInfoPriceItem--daysMonth","interaction":{"idSuffix":"inner"}},"clearTextFirst":true,"interactionType":"ENTER_TEXT"}]}
RESULT: {"script":"<script> [776 bytes]","args":[{"enterText":"30","selector":{"id":"application-managepricingrules-display-component---newInfoPriceItem--daysMonth","interaction":{"idSuffix":"inner"}},"clearTextFirst":true,"interactionType":"ENTER_TEXT"}]}
COMMAND: POST /session/0a56c8b3fe23980ff89a5571a3a07e32/element - {"using":"xpath","value":"//button[@data-kt=\"saveNewRuleButton\"]"}
RESULT: {"using":"xpath","value":"//button[@data-kt=\"saveNewRuleButton\"]"}
COMMAND: POST /session/0a56c8b3fe23980ff89a5571a3a07e32/element/f.8BC31031A8A77F81AA6DDAE562E569BF.d.12174237AEE326E95E679A9C83B5D607.e.3839/click - {}
RESULT: {}
COMMAND: GET /session/0a56c8b3fe23980ff89a5571a3a07e32/screenshot - {}
RESULT: {}
COMMAND: POST /session/0a56c8b3fe23980ff89a5571a3a07e32/execute/async - {"script":"<script> [1562 bytes]","args":[{"selector":{"id":"application-managepricingrules-display-component---priceInfoItem--smartFilterBar-btnBasicSearch","interaction":{"idSuffix":"I"}},"wdio_ui5_key":"applicationmanagepricingrules-display-component---priceInfoItem--smartFilterBar-btnBasicSearch"}]}
RESULT: {"script":"<script> [1562 bytes]","args":[{"selector":{"id":"application-managepricingrules-display-component---priceInfoItem--smartFilterBar-btnBasicSearch","interaction":{"idSuffix":"I"}},"wdio_ui5_key":"applicationmanagepricingrules-display-component---priceInfoItem--smartFilterBar-btnBasicSearch"}]}
RESULT: undefined
COMMAND: POST /session/0a56c8b3fe23980ff89a5571a3a07e32/execute/async - {"script":"<script> [776 bytes]","args":[{"enterText":"TQg5emlDEA","selector":{"id":"application-managepricingrules-display-component---priceInfoItem--smartFilterBar-btnBasicSearch","interaction":{"idSuffix":"I"}},"clearTextFirst":true,"interactionType":"ENTER_TEXT"}]}
RESULT: {"script":"<script> [776 bytes]","args":[{"enterText":"TQg5emlDEA","selector":{"id":"application-managepricingrules-display-component---priceInfoItem--smartFilterBar-btnBasicSearch","interaction":{"idSuffix":"I"}},"clearTextFirst":true,"interactionType":"ENTER_TEXT"}]}
COMMAND: POST /session/0a56c8b3fe23980ff89a5571a3a07e32/actions - {"actions":[{"id":"action13","type":"key","parameters":{},"actions":[{"type":"keyDown","value":""},{"type":"pause","duration":10},{"type":"keyUp","value":""}]}]}
RESULT: {"actions":[{"id":"action13","type":"key","parameters":{},"actions":[{"type":"keyDown","value":""},{"type":"pause","duration":10},{"type":"keyUp","value":""}]}]}
COMMAND: GET /session/0a56c8b3fe23980ff89a5571a3a07e32/screenshot - {}
RESULT: {}
COMMAND: POST /session/0a56c8b3fe23980ff89a5571a3a07e32/element - {"using":"xpath","value":"//span[@id=\"application-managepricingrules-display-component---priceInfoItem--smartTable-header-inner\"]"}
RESULT: {"using":"xpath","value":"//span[@id=\"application-managepricingrules-display-component---priceInfoItem--smartTable-header-inner\"]"}
COMMAND: POST /session/0a56c8b3fe23980ff89a5571a3a07e32/elements - {"using":"xpath","value":"//span[@id=\"application-managepricingrules-display-component---priceInfoItem--smartTable-header-inner\"]"}
RESULT: {"using":"xpath","value":"//span[@id=\"application-managepricingrules-display-component---priceInfoItem--smartTable-header-inner\"]"}
COMMAND: POST /session/0a56c8b3fe23980ff89a5571a3a07e32/execute/sync - {"script":"<script> [56 bytes]","args":[{"element-6066-11e4-a52e-4f735466cecf":"f.8BC31031A8A77F81AA6DDAE562E569BF.d.12174237AEE326E95E679A9C83B5D607.e.3875","ELEMENT":"f.8BC31031A8A77F81AA6DDAE562E569BF.d.12174237AEE326E95E679A9C83B5D607.e.3875"}]}
RESULT: {"script":"<script> [56 bytes]","args":[{"element-6066-11e4-a52e-4f735466cecf":"f.8BC31031A8A77F81AA6DDAE562E569BF.d.12174237AEE326E95E679A9C83B5D607.e.3875","ELEMENT":"f.8BC31031A8A77F81AA6DDAE562E569BF.d.12174237AEE326E95E679A9C83B5D607.e.3875"}]}
COMMAND: POST /session/0a56c8b3fe23980ff89a5571a3a07e32/element - {"using":"css selector","value":"#shell-header-logo"}
COMMAND: GET /session/0a56c8b3fe23980ff89a5571a3a07e32/screenshot - {}
RESULT: {"using":"css selector","value":"#shell-header-logo"}
COMMAND: POST /session/0a56c8b3fe23980ff89a5571a3a07e32/element/f.8BC31031A8A77F81AA6DDAE562E569BF.d.12174237AEE326E95E679A9C83B5D607.e.2951/click - {}
RESULT: {}
RESULT: {}
COMMAND: GET /session/0a56c8b3fe23980ff89a5571a3a07e32/screenshot - {}
RESULT: {}
]]></system-out>
    </testcase>
    <testcase classname="chrome.136_0_7103_93.windows.Billing_confirm_US117289" name="Should create new condition for equipment" time="69.529">
      <system-out><![CDATA[
COMMAND: POST /session/0a56c8b3fe23980ff89a5571a3a07e32/execute/async - {"script":"<script> [1562 bytes]","args":[{"selector":{"controlType":"sap.m.GenericTile","properties":{"header":"Manage Conditions & Prices"}},"wdio_ui5_key":"sapm.GenericTile{\"header\":\"Manage Conditions & Prices\"}"}]}
RESULT: {"script":"<script> [1562 bytes]","args":[{"selector":{"controlType":"sap.m.GenericTile","properties":{"header":"Manage Conditions & Prices"}},"wdio_ui5_key":"sapm.GenericTile{\"header\":\"Manage Conditions & Prices\"}"}]}
RESULT: undefined
COMMAND: POST /session/0a56c8b3fe23980ff89a5571a3a07e32/element - {"using":"xpath","value":"//*[@id=\"__tile93\"]"}
RESULT: {"using":"xpath","value":"//*[@id=\"__tile93\"]"}
COMMAND: POST /session/0a56c8b3fe23980ff89a5571a3a07e32/element/f.8BC31031A8A77F81AA6DDAE562E569BF.d.12174237AEE326E95E679A9C83B5D607.e.2935/click - {}
RESULT: {}
COMMAND: GET /session/0a56c8b3fe23980ff89a5571a3a07e32/screenshot - {}
RESULT: {}
COMMAND: POST /session/0a56c8b3fe23980ff89a5571a3a07e32/elements - {"using":"xpath","value":"//span[text()='Error']"}
RESULT: {"using":"xpath","value":"//span[text()='Error']"}
COMMAND: POST /session/0a56c8b3fe23980ff89a5571a3a07e32/element - {"using":"xpath","value":"//button[@aria-label=\"Create\"]"}
RESULT: {"using":"xpath","value":"//button[@aria-label=\"Create\"]"}
COMMAND: POST /session/0a56c8b3fe23980ff89a5571a3a07e32/elements - {"using":"xpath","value":"//button[@aria-label=\"Create\"]"}
RESULT: {"using":"xpath","value":"//button[@aria-label=\"Create\"]"}
COMMAND: POST /session/0a56c8b3fe23980ff89a5571a3a07e32/execute/sync - {"script":"<script> [8489 bytes]","args":[{"element-6066-11e4-a52e-4f735466cecf":"f.8BC31031A8A77F81AA6DDAE562E569BF.d.12174237AEE326E95E679A9C83B5D607.e.3911","ELEMENT":"f.8BC31031A8A77F81AA6DDAE562E569BF.d.12174237AEE326E95E679A9C83B5D607.e.3911"}]}
RESULT: {"script":"<script> [8489 bytes]","args":[{"element-6066-11e4-a52e-4f735466cecf":"f.8BC31031A8A77F81AA6DDAE562E569BF.d.12174237AEE326E95E679A9C83B5D607.e.3911","ELEMENT":"f.8BC31031A8A77F81AA6DDAE562E569BF.d.12174237AEE326E95E679A9C83B5D607.e.3911"}]}
COMMAND: GET /session/0a56c8b3fe23980ff89a5571a3a07e32/element/f.8BC31031A8A77F81AA6DDAE562E569BF.d.12174237AEE326E95E679A9C83B5D607.e.3911/enabled - {}
COMMAND: GET /session/0a56c8b3fe23980ff89a5571a3a07e32/screenshot - {}
RESULT: {}
COMMAND: POST /session/0a56c8b3fe23980ff89a5571a3a07e32/execute/sync - {"script":"<script> [8489 bytes]","args":[{"element-6066-11e4-a52e-4f735466cecf":"f.8BC31031A8A77F81AA6DDAE562E569BF.d.12174237AEE326E95E679A9C83B5D607.e.3911","ELEMENT":"f.8BC31031A8A77F81AA6DDAE562E569BF.d.12174237AEE326E95E679A9C83B5D607.e.3911"}]}
COMMAND: GET /session/0a56c8b3fe23980ff89a5571a3a07e32/screenshot - {}
RESULT: {}
RESULT: {"script":"<script> [8489 bytes]","args":[{"element-6066-11e4-a52e-4f735466cecf":"f.8BC31031A8A77F81AA6DDAE562E569BF.d.12174237AEE326E95E679A9C83B5D607.e.3911","ELEMENT":"f.8BC31031A8A77F81AA6DDAE562E569BF.d.12174237AEE326E95E679A9C83B5D607.e.3911"}]}
COMMAND: POST /session/0a56c8b3fe23980ff89a5571a3a07e32/execute/sync - {"script":"<script> [5351 bytes]","args":[{"element-6066-11e4-a52e-4f735466cecf":"f.8BC31031A8A77F81AA6DDAE562E569BF.d.12174237AEE326E95E679A9C83B5D607.e.3911","ELEMENT":"f.8BC31031A8A77F81AA6DDAE562E569BF.d.12174237AEE326E95E679A9C83B5D607.e.3911"}]}
COMMAND: GET /session/0a56c8b3fe23980ff89a5571a3a07e32/screenshot - {}
RESULT: {}
RESULT: {"script":"<script> [5351 bytes]","args":[{"element-6066-11e4-a52e-4f735466cecf":"f.8BC31031A8A77F81AA6DDAE562E569BF.d.12174237AEE326E95E679A9C83B5D607.e.3911","ELEMENT":"f.8BC31031A8A77F81AA6DDAE562E569BF.d.12174237AEE326E95E679A9C83B5D607.e.3911"}]}
COMMAND: POST /session/0a56c8b3fe23980ff89a5571a3a07e32/element/f.8BC31031A8A77F81AA6DDAE562E569BF.d.12174237AEE326E95E679A9C83B5D607.e.3911/click - {}
COMMAND: GET /session/0a56c8b3fe23980ff89a5571a3a07e32/screenshot - {}
RESULT: {}
RESULT: {}
COMMAND: GET /session/0a56c8b3fe23980ff89a5571a3a07e32/screenshot - {}
RESULT: {}
RESULT: {}
COMMAND: POST /session/0a56c8b3fe23980ff89a5571a3a07e32/actions - {"actions":[{"id":"action14","type":"key","parameters":{},"actions":[{"type":"keyDown","value":""},{"type":"pause","duration":10},{"type":"keyUp","value":""}]}]}
RESULT: {"actions":[{"id":"action14","type":"key","parameters":{},"actions":[{"type":"keyDown","value":""},{"type":"pause","duration":10},{"type":"keyUp","value":""}]}]}
COMMAND: GET /session/0a56c8b3fe23980ff89a5571a3a07e32/screenshot - {}
RESULT: {}
COMMAND: POST /session/0a56c8b3fe23980ff89a5571a3a07e32/execute/async - {"script":"<script> [1562 bytes]","args":[{"selector":{"id":"application-manageconditionprice-display-component---newCondition--condBillCond-arrow"},"wdio_ui5_key":"applicationmanageconditionprice-display-component---newCondition--condBillCond-arrow"}]}
RESULT: {"script":"<script> [1562 bytes]","args":[{"selector":{"id":"application-manageconditionprice-display-component---newCondition--condBillCond-arrow"},"wdio_ui5_key":"applicationmanageconditionprice-display-component---newCondition--condBillCond-arrow"}]}
RESULT: undefined
COMMAND: POST /session/0a56c8b3fe23980ff89a5571a3a07e32/element - {"using":"xpath","value":"//*[@id=\"application-manageconditionprice-display-component---newCondition--condBillCond-arrow\"]"}
RESULT: {"using":"xpath","value":"//*[@id=\"application-manageconditionprice-display-component---newCondition--condBillCond-arrow\"]"}
COMMAND: POST /session/0a56c8b3fe23980ff89a5571a3a07e32/element/f.8BC31031A8A77F81AA6DDAE562E569BF.d.12174237AEE326E95E679A9C83B5D607.e.4091/click - {}
RESULT: {}
COMMAND: GET /session/0a56c8b3fe23980ff89a5571a3a07e32/screenshot - {}
RESULT: {}
COMMAND: POST /session/0a56c8b3fe23980ff89a5571a3a07e32/element - {"using":"xpath","value":"//li[.//span[contains(text(), \"DISP - D&I special price\")]]"}
RESULT: {"using":"xpath","value":"//li[.//span[contains(text(), \"DISP - D&I special price\")]]"}
COMMAND: POST /session/0a56c8b3fe23980ff89a5571a3a07e32/element/f.8BC31031A8A77F81AA6DDAE562E569BF.d.12174237AEE326E95E679A9C83B5D607.e.4094/click - {}
RESULT: {}
COMMAND: GET /session/0a56c8b3fe23980ff89a5571a3a07e32/screenshot - {}
RESULT: {}
COMMAND: POST /session/0a56c8b3fe23980ff89a5571a3a07e32/execute/async - {"script":"<script> [1562 bytes]","args":[{"selector":{"id":"application-manageconditionprice-display-component---newCondition--condValidTo","interaction":{"idSuffix":"inner"}},"wdio_ui5_key":"applicationmanageconditionprice-display-component---newCondition--condValidTo"}]}
RESULT: {"script":"<script> [1562 bytes]","args":[{"selector":{"id":"application-manageconditionprice-display-component---newCondition--condValidTo","interaction":{"idSuffix":"inner"}},"wdio_ui5_key":"applicationmanageconditionprice-display-component---newCondition--condValidTo"}]}
RESULT: undefined
COMMAND: POST /session/0a56c8b3fe23980ff89a5571a3a07e32/execute/async - {"script":"<script> [776 bytes]","args":[{"enterText":"1/26/26","selector":{"id":"application-manageconditionprice-display-component---newCondition--condValidTo","interaction":{"idSuffix":"inner"}},"clearTextFirst":true,"interactionType":"ENTER_TEXT"}]}
RESULT: {"script":"<script> [776 bytes]","args":[{"enterText":"1/26/26","selector":{"id":"application-manageconditionprice-display-component---newCondition--condValidTo","interaction":{"idSuffix":"inner"}},"clearTextFirst":true,"interactionType":"ENTER_TEXT"}]}
COMMAND: POST /session/0a56c8b3fe23980ff89a5571a3a07e32/element - {"using":"xpath","value":"//input[@id=\"application-manageconditionprice-display-component---newCondition--condRU-inner\"]"}
RESULT: {"using":"xpath","value":"//input[@id=\"application-manageconditionprice-display-component---newCondition--condRU-inner\"]"}
COMMAND: POST /session/0a56c8b3fe23980ff89a5571a3a07e32/element/f.8BC31031A8A77F81AA6DDAE562E569BF.d.12174237AEE326E95E679A9C83B5D607.e.3956/clear - {}
RESULT: {}
COMMAND: POST /session/0a56c8b3fe23980ff89a5571a3a07e32/element/f.8BC31031A8A77F81AA6DDAE562E569BF.d.12174237AEE326E95E679A9C83B5D607.e.3956/value - {"text":"TQg5emlDEA"}
COMMAND: GET /session/0a56c8b3fe23980ff89a5571a3a07e32/screenshot - {}
RESULT: {"text":"TQg5emlDEA"}
COMMAND: GET /session/0a56c8b3fe23980ff89a5571a3a07e32/screenshot - {}
RESULT: {}
RESULT: {}
COMMAND: POST /session/0a56c8b3fe23980ff89a5571a3a07e32/actions - {"actions":[{"id":"action15","type":"key","parameters":{},"actions":[{"type":"keyDown","value":""},{"type":"pause","duration":10},{"type":"keyUp","value":""}]}]}
RESULT: {"actions":[{"id":"action15","type":"key","parameters":{},"actions":[{"type":"keyDown","value":""},{"type":"pause","duration":10},{"type":"keyUp","value":""}]}]}
COMMAND: POST /session/0a56c8b3fe23980ff89a5571a3a07e32/execute/async - {"script":"<script> [1562 bytes]","args":[{"selector":{"id":"application-manageconditionprice-display-component---newCondition--condBaseQty","interaction":{"idSuffix":"inner"}},"wdio_ui5_key":"applicationmanageconditionprice-display-component---newCondition--condBaseQty"}]}
COMMAND: GET /session/0a56c8b3fe23980ff89a5571a3a07e32/screenshot - {}
RESULT: {"script":"<script> [1562 bytes]","args":[{"selector":{"id":"application-manageconditionprice-display-component---newCondition--condBaseQty","interaction":{"idSuffix":"inner"}},"wdio_ui5_key":"applicationmanageconditionprice-display-component---newCondition--condBaseQty"}]}
RESULT: undefined
COMMAND: POST /session/0a56c8b3fe23980ff89a5571a3a07e32/execute/async - {"script":"<script> [776 bytes]","args":[{"enterText":"1","selector":{"id":"application-manageconditionprice-display-component---newCondition--condBaseQty","interaction":{"idSuffix":"inner"}},"clearTextFirst":true,"interactionType":"ENTER_TEXT"}]}
RESULT: {}
RESULT: {"script":"<script> [776 bytes]","args":[{"enterText":"1","selector":{"id":"application-manageconditionprice-display-component---newCondition--condBaseQty","interaction":{"idSuffix":"inner"}},"clearTextFirst":true,"interactionType":"ENTER_TEXT"}]}
COMMAND: POST /session/0a56c8b3fe23980ff89a5571a3a07e32/execute/async - {"script":"<script> [1562 bytes]","args":[{"selector":{"id":"application-manageconditionprice-display-component---newCondition--condValue","interaction":{"idSuffix":"inner"}},"wdio_ui5_key":"applicationmanageconditionprice-display-component---newCondition--condValue"}]}
RESULT: {"script":"<script> [1562 bytes]","args":[{"selector":{"id":"application-manageconditionprice-display-component---newCondition--condValue","interaction":{"idSuffix":"inner"}},"wdio_ui5_key":"applicationmanageconditionprice-display-component---newCondition--condValue"}]}
RESULT: undefined
COMMAND: POST /session/0a56c8b3fe23980ff89a5571a3a07e32/execute/async - {"script":"<script> [776 bytes]","args":[{"enterText":"100","selector":{"id":"application-manageconditionprice-display-component---newCondition--condValue","interaction":{"idSuffix":"inner"}},"clearTextFirst":true,"interactionType":"ENTER_TEXT"}]}
RESULT: {"script":"<script> [776 bytes]","args":[{"enterText":"100","selector":{"id":"application-manageconditionprice-display-component---newCondition--condValue","interaction":{"idSuffix":"inner"}},"clearTextFirst":true,"interactionType":"ENTER_TEXT"}]}
COMMAND: POST /session/0a56c8b3fe23980ff89a5571a3a07e32/execute/async - {"script":"<script> [1562 bytes]","args":[{"selector":{"id":"application-manageconditionprice-display-component---newCondition--condCurr-arrow"},"wdio_ui5_key":"applicationmanageconditionprice-display-component---newCondition--condCurr-arrow"}]}
RESULT: {"script":"<script> [1562 bytes]","args":[{"selector":{"id":"application-manageconditionprice-display-component---newCondition--condCurr-arrow"},"wdio_ui5_key":"applicationmanageconditionprice-display-component---newCondition--condCurr-arrow"}]}
RESULT: undefined
COMMAND: POST /session/0a56c8b3fe23980ff89a5571a3a07e32/element - {"using":"xpath","value":"//*[@id=\"application-manageconditionprice-display-component---newCondition--condCurr-arrow\"]"}
RESULT: {"using":"xpath","value":"//*[@id=\"application-manageconditionprice-display-component---newCondition--condCurr-arrow\"]"}
COMMAND: POST /session/0a56c8b3fe23980ff89a5571a3a07e32/element/f.8BC31031A8A77F81AA6DDAE562E569BF.d.12174237AEE326E95E679A9C83B5D607.e.4059/click - {}
RESULT: {}
COMMAND: POST /session/0a56c8b3fe23980ff89a5571a3a07e32/element - {"using":"xpath","value":"//span[contains(text(), \"Euro\")]"}
COMMAND: GET /session/0a56c8b3fe23980ff89a5571a3a07e32/screenshot - {}
RESULT: {"using":"xpath","value":"//span[contains(text(), \"Euro\")]"}
COMMAND: POST /session/0a56c8b3fe23980ff89a5571a3a07e32/element/f.8BC31031A8A77F81AA6DDAE562E569BF.d.12174237AEE326E95E679A9C83B5D607.e.4131/click - {}
RESULT: {}
RESULT: {}
COMMAND: POST /session/0a56c8b3fe23980ff89a5571a3a07e32/element - {"using":"xpath","value":"//button[@data-kt=\"saveButton\"]"}
COMMAND: GET /session/0a56c8b3fe23980ff89a5571a3a07e32/screenshot - {}
RESULT: {"using":"xpath","value":"//button[@data-kt=\"saveButton\"]"}
COMMAND: POST /session/0a56c8b3fe23980ff89a5571a3a07e32/element/f.8BC31031A8A77F81AA6DDAE562E569BF.d.12174237AEE326E95E679A9C83B5D607.e.4060/click - {}
RESULT: {}
RESULT: {}
COMMAND: GET /session/0a56c8b3fe23980ff89a5571a3a07e32/screenshot - {}
RESULT: {}
COMMAND: POST /session/0a56c8b3fe23980ff89a5571a3a07e32/execute/async - {"script":"<script> [1562 bytes]","args":[{"selector":{"id":"application-manageconditionprice-display-component---conditions--smartFilterBar-btnBasicSearch","interaction":{"idSuffix":"I"}},"wdio_ui5_key":"applicationmanageconditionprice-display-component---conditions--smartFilterBar-btnBasicSearch"}]}
RESULT: {"script":"<script> [1562 bytes]","args":[{"selector":{"id":"application-manageconditionprice-display-component---conditions--smartFilterBar-btnBasicSearch","interaction":{"idSuffix":"I"}},"wdio_ui5_key":"applicationmanageconditionprice-display-component---conditions--smartFilterBar-btnBasicSearch"}]}
RESULT: undefined
COMMAND: POST /session/0a56c8b3fe23980ff89a5571a3a07e32/execute/async - {"script":"<script> [776 bytes]","args":[{"enterText":"TQg5emlDEA","selector":{"id":"application-manageconditionprice-display-component---conditions--smartFilterBar-btnBasicSearch","interaction":{"idSuffix":"I"}},"clearTextFirst":true,"interactionType":"ENTER_TEXT"}]}
RESULT: {"script":"<script> [776 bytes]","args":[{"enterText":"TQg5emlDEA","selector":{"id":"application-manageconditionprice-display-component---conditions--smartFilterBar-btnBasicSearch","interaction":{"idSuffix":"I"}},"clearTextFirst":true,"interactionType":"ENTER_TEXT"}]}
COMMAND: POST /session/0a56c8b3fe23980ff89a5571a3a07e32/actions - {"actions":[{"id":"action16","type":"key","parameters":{},"actions":[{"type":"keyDown","value":""},{"type":"pause","duration":10},{"type":"keyUp","value":""}]}]}
RESULT: {"actions":[{"id":"action16","type":"key","parameters":{},"actions":[{"type":"keyDown","value":""},{"type":"pause","duration":10},{"type":"keyUp","value":""}]}]}
COMMAND: GET /session/0a56c8b3fe23980ff89a5571a3a07e32/screenshot - {}
RESULT: {}
COMMAND: POST /session/0a56c8b3fe23980ff89a5571a3a07e32/execute/async - {"script":"<script> [1562 bytes]","args":[{"selector":{"id":"application-manageconditionprice-display-component---conditions--smartFilterBar-filterItemControl_BASIC-BILL_TYPES-vhi"},"wdio_ui5_key":"applicationmanageconditionprice-display-component---conditions--smartFilterBar-filterItemControl_BASIC-BILL_TYPES-vhi"}]}
RESULT: {"script":"<script> [1562 bytes]","args":[{"selector":{"id":"application-manageconditionprice-display-component---conditions--smartFilterBar-filterItemControl_BASIC-BILL_TYPES-vhi"},"wdio_ui5_key":"applicationmanageconditionprice-display-component---conditions--smartFilterBar-filterItemControl_BASIC-BILL_TYPES-vhi"}]}
RESULT: undefined
COMMAND: POST /session/0a56c8b3fe23980ff89a5571a3a07e32/element - {"using":"xpath","value":"//*[@id=\"application-manageconditionprice-display-component---conditions--smartFilterBar-filterItemControl_BASIC-BILL_TYPES-vhi\"]"}
RESULT: {"using":"xpath","value":"//*[@id=\"application-manageconditionprice-display-component---conditions--smartFilterBar-filterItemControl_BASIC-BILL_TYPES-vhi\"]"}
COMMAND: POST /session/0a56c8b3fe23980ff89a5571a3a07e32/element/f.8BC31031A8A77F81AA6DDAE562E569BF.d.12174237AEE326E95E679A9C83B5D607.e.4237/click - {}
RESULT: {}
COMMAND: POST /session/0a56c8b3fe23980ff89a5571a3a07e32/execute/async - {"script":"<script> [1562 bytes]","args":[{"selector":{"id":"application-manageconditionprice-display-component---conditions--smartFilterBar-filterItemControl_BASIC-BILL_TYPES-valueHelpDialog-smartFilterBar-btnBasicSearch","searchOpenDialogs":true,"interaction":{"idSuffix":"I"}},"wdio_ui5_key":"applicationmanageconditionprice-display-component---conditions--smartFilterBar-filterItemControl_BASIC-BILL_TYPES-valueHelpDialog-smartFilterBar-btnBasicSearch"}]}
COMMAND: GET /session/0a56c8b3fe23980ff89a5571a3a07e32/screenshot - {}
RESULT: {"script":"<script> [1562 bytes]","args":[{"selector":{"id":"application-manageconditionprice-display-component---conditions--smartFilterBar-filterItemControl_BASIC-BILL_TYPES-valueHelpDialog-smartFilterBar-btnBasicSearch","searchOpenDialogs":true,"interaction":{"idSuffix":"I"}},"wdio_ui5_key":"applicationmanageconditionprice-display-component---conditions--smartFilterBar-filterItemControl_BASIC-BILL_TYPES-valueHelpDialog-smartFilterBar-btnBasicSearch"}]}
RESULT: undefined
COMMAND: POST /session/0a56c8b3fe23980ff89a5571a3a07e32/execute/async - {"script":"<script> [776 bytes]","args":[{"enterText":"TB","selector":{"id":"application-manageconditionprice-display-component---conditions--smartFilterBar-filterItemControl_BASIC-BILL_TYPES-valueHelpDialog-smartFilterBar-btnBasicSearch","searchOpenDialogs":true,"interaction":{"idSuffix":"I"}},"clearTextFirst":true,"interactionType":"ENTER_TEXT"}]}
RESULT: {}
RESULT: {"script":"<script> [776 bytes]","args":[{"enterText":"TB","selector":{"id":"application-manageconditionprice-display-component---conditions--smartFilterBar-filterItemControl_BASIC-BILL_TYPES-valueHelpDialog-smartFilterBar-btnBasicSearch","searchOpenDialogs":true,"interaction":{"idSuffix":"I"}},"clearTextFirst":true,"interactionType":"ENTER_TEXT"}]}
COMMAND: POST /session/0a56c8b3fe23980ff89a5571a3a07e32/actions - {"actions":[{"id":"action17","type":"key","parameters":{},"actions":[{"type":"keyDown","value":""},{"type":"pause","duration":10},{"type":"keyUp","value":""}]}]}
RESULT: {"actions":[{"id":"action17","type":"key","parameters":{},"actions":[{"type":"keyDown","value":""},{"type":"pause","duration":10},{"type":"keyUp","value":""}]}]}
COMMAND: GET /session/0a56c8b3fe23980ff89a5571a3a07e32/screenshot - {}
RESULT: {}
COMMAND: POST /session/0a56c8b3fe23980ff89a5571a3a07e32/element - {"using":"xpath","value":"//div[contains(@id, 'application-manageconditionprice-display-component---conditions--smartFilterBar-filterItemControl_BASIC-BILL_TYPES-valueHelpDialog-table-rowsel0')]"}
RESULT: {"using":"xpath","value":"//div[contains(@id, 'application-manageconditionprice-display-component---conditions--smartFilterBar-filterItemControl_BASIC-BILL_TYPES-valueHelpDialog-table-rowsel0')]"}
COMMAND: POST /session/0a56c8b3fe23980ff89a5571a3a07e32/element/f.8BC31031A8A77F81AA6DDAE562E569BF.d.12174237AEE326E95E679A9C83B5D607.e.4246/click - {}
RESULT: {}
COMMAND: GET /session/0a56c8b3fe23980ff89a5571a3a07e32/screenshot - {}
RESULT: {}
COMMAND: POST /session/0a56c8b3fe23980ff89a5571a3a07e32/element - {"using":"xpath","value":"//bdi[contains(text(), \"OK\")]"}
RESULT: {"using":"xpath","value":"//bdi[contains(text(), \"OK\")]"}
COMMAND: POST /session/0a56c8b3fe23980ff89a5571a3a07e32/element/f.8BC31031A8A77F81AA6DDAE562E569BF.d.12174237AEE326E95E679A9C83B5D607.e.4248/click - {}
RESULT: {}
COMMAND: GET /session/0a56c8b3fe23980ff89a5571a3a07e32/screenshot - {}
RESULT: {}
COMMAND: POST /session/0a56c8b3fe23980ff89a5571a3a07e32/element - {"using":"xpath","value":"//span[@id=\"application-manageconditionprice-display-component---conditions--smartTable-header-inner\"]"}
RESULT: {"using":"xpath","value":"//span[@id=\"application-manageconditionprice-display-component---conditions--smartTable-header-inner\"]"}
COMMAND: POST /session/0a56c8b3fe23980ff89a5571a3a07e32/elements - {"using":"xpath","value":"//span[@id=\"application-manageconditionprice-display-component---conditions--smartTable-header-inner\"]"}
RESULT: {"using":"xpath","value":"//span[@id=\"application-manageconditionprice-display-component---conditions--smartTable-header-inner\"]"}
COMMAND: POST /session/0a56c8b3fe23980ff89a5571a3a07e32/execute/sync - {"script":"<script> [56 bytes]","args":[{"element-6066-11e4-a52e-4f735466cecf":"f.8BC31031A8A77F81AA6DDAE562E569BF.d.12174237AEE326E95E679A9C83B5D607.e.4251","ELEMENT":"f.8BC31031A8A77F81AA6DDAE562E569BF.d.12174237AEE326E95E679A9C83B5D607.e.4251"}]}
RESULT: {"script":"<script> [56 bytes]","args":[{"element-6066-11e4-a52e-4f735466cecf":"f.8BC31031A8A77F81AA6DDAE562E569BF.d.12174237AEE326E95E679A9C83B5D607.e.4251","ELEMENT":"f.8BC31031A8A77F81AA6DDAE562E569BF.d.12174237AEE326E95E679A9C83B5D607.e.4251"}]}
COMMAND: POST /session/0a56c8b3fe23980ff89a5571a3a07e32/element - {"using":"css selector","value":"#shell-header-logo"}
COMMAND: GET /session/0a56c8b3fe23980ff89a5571a3a07e32/screenshot - {}
RESULT: {"using":"css selector","value":"#shell-header-logo"}
COMMAND: POST /session/0a56c8b3fe23980ff89a5571a3a07e32/element/f.8BC31031A8A77F81AA6DDAE562E569BF.d.12174237AEE326E95E679A9C83B5D607.e.3879/click - {}
RESULT: {}
RESULT: {}
COMMAND: GET /session/0a56c8b3fe23980ff89a5571a3a07e32/screenshot - {}
RESULT: {}
]]></system-out>
    </testcase>
    <testcase classname="chrome.136_0_7103_93.windows.Billing_confirm_US117289" name="Should do a stock increase" time="100.155">
      <system-out><![CDATA[
COMMAND: POST /session/0a56c8b3fe23980ff89a5571a3a07e32/execute/async - {"script":"<script> [1562 bytes]","args":[{"selector":{"controlType":"sap.m.GenericTile","properties":{"header":"Manage Handovers"}},"wdio_ui5_key":"sapm.GenericTile{\"header\":\"Manage Handovers\"}"}]}
RESULT: {"script":"<script> [1562 bytes]","args":[{"selector":{"controlType":"sap.m.GenericTile","properties":{"header":"Manage Handovers"}},"wdio_ui5_key":"sapm.GenericTile{\"header\":\"Manage Handovers\"}"}]}
RESULT: undefined
COMMAND: POST /session/0a56c8b3fe23980ff89a5571a3a07e32/element - {"using":"xpath","value":"//*[@id=\"__tile132\"]"}
RESULT: {"using":"xpath","value":"//*[@id=\"__tile132\"]"}
COMMAND: POST /session/0a56c8b3fe23980ff89a5571a3a07e32/element/f.8BC31031A8A77F81AA6DDAE562E569BF.d.12174237AEE326E95E679A9C83B5D607.e.2899/click - {}
RESULT: {}
COMMAND: GET /session/0a56c8b3fe23980ff89a5571a3a07e32/screenshot - {}
RESULT: {}
COMMAND: POST /session/0a56c8b3fe23980ff89a5571a3a07e32/elements - {"using":"xpath","value":"//span[text()='Error']"}
RESULT: {"using":"xpath","value":"//span[text()='Error']"}
COMMAND: POST /session/0a56c8b3fe23980ff89a5571a3a07e32/element - {"using":"xpath","value":"//button[@data-kt=\"masterHOAddButton\"]"}
RESULT: {"using":"xpath","value":"//button[@data-kt=\"masterHOAddButton\"]"}
COMMAND: POST /session/0a56c8b3fe23980ff89a5571a3a07e32/elements - {"using":"xpath","value":"//button[@data-kt=\"masterHOAddButton\"]"}
RESULT: {"using":"xpath","value":"//button[@data-kt=\"masterHOAddButton\"]"}
COMMAND: POST /session/0a56c8b3fe23980ff89a5571a3a07e32/elements - {"using":"xpath","value":"//button[@data-kt=\"masterHOAddButton\"]"}
RESULT: {"using":"xpath","value":"//button[@data-kt=\"masterHOAddButton\"]"}
COMMAND: POST /session/0a56c8b3fe23980ff89a5571a3a07e32/elements - {"using":"xpath","value":"//button[@data-kt=\"masterHOAddButton\"]"}
RESULT: {"using":"xpath","value":"//button[@data-kt=\"masterHOAddButton\"]"}
COMMAND: POST /session/0a56c8b3fe23980ff89a5571a3a07e32/elements - {"using":"xpath","value":"//button[@data-kt=\"masterHOAddButton\"]"}
RESULT: {"using":"xpath","value":"//button[@data-kt=\"masterHOAddButton\"]"}
COMMAND: POST /session/0a56c8b3fe23980ff89a5571a3a07e32/element - {"using":"xpath","value":"//button[@data-kt=\"masterHOAddButton\"]"}
RESULT: {"using":"xpath","value":"//button[@data-kt=\"masterHOAddButton\"]"}
COMMAND: POST /session/0a56c8b3fe23980ff89a5571a3a07e32/execute/sync - {"script":"<script> [8489 bytes]","args":[{"element-6066-11e4-a52e-4f735466cecf":"f.8BC31031A8A77F81AA6DDAE562E569BF.d.12174237AEE326E95E679A9C83B5D607.e.4287","ELEMENT":"f.8BC31031A8A77F81AA6DDAE562E569BF.d.12174237AEE326E95E679A9C83B5D607.e.4287"}]}
RESULT: {"script":"<script> [8489 bytes]","args":[{"element-6066-11e4-a52e-4f735466cecf":"f.8BC31031A8A77F81AA6DDAE562E569BF.d.12174237AEE326E95E679A9C83B5D607.e.4287","ELEMENT":"f.8BC31031A8A77F81AA6DDAE562E569BF.d.12174237AEE326E95E679A9C83B5D607.e.4287"}]}
COMMAND: GET /session/0a56c8b3fe23980ff89a5571a3a07e32/element/f.8BC31031A8A77F81AA6DDAE562E569BF.d.12174237AEE326E95E679A9C83B5D607.e.4287/enabled - {}
COMMAND: GET /session/0a56c8b3fe23980ff89a5571a3a07e32/screenshot - {}
RESULT: {}
COMMAND: POST /session/0a56c8b3fe23980ff89a5571a3a07e32/execute/sync - {"script":"<script> [8489 bytes]","args":[{"element-6066-11e4-a52e-4f735466cecf":"f.8BC31031A8A77F81AA6DDAE562E569BF.d.12174237AEE326E95E679A9C83B5D607.e.4287","ELEMENT":"f.8BC31031A8A77F81AA6DDAE562E569BF.d.12174237AEE326E95E679A9C83B5D607.e.4287"}]}
COMMAND: GET /session/0a56c8b3fe23980ff89a5571a3a07e32/screenshot - {}
RESULT: {}
RESULT: {"script":"<script> [8489 bytes]","args":[{"element-6066-11e4-a52e-4f735466cecf":"f.8BC31031A8A77F81AA6DDAE562E569BF.d.12174237AEE326E95E679A9C83B5D607.e.4287","ELEMENT":"f.8BC31031A8A77F81AA6DDAE562E569BF.d.12174237AEE326E95E679A9C83B5D607.e.4287"}]}
COMMAND: POST /session/0a56c8b3fe23980ff89a5571a3a07e32/execute/sync - {"script":"<script> [5351 bytes]","args":[{"element-6066-11e4-a52e-4f735466cecf":"f.8BC31031A8A77F81AA6DDAE562E569BF.d.12174237AEE326E95E679A9C83B5D607.e.4287","ELEMENT":"f.8BC31031A8A77F81AA6DDAE562E569BF.d.12174237AEE326E95E679A9C83B5D607.e.4287"}]}
COMMAND: GET /session/0a56c8b3fe23980ff89a5571a3a07e32/screenshot - {}
RESULT: {}
RESULT: {"script":"<script> [5351 bytes]","args":[{"element-6066-11e4-a52e-4f735466cecf":"f.8BC31031A8A77F81AA6DDAE562E569BF.d.12174237AEE326E95E679A9C83B5D607.e.4287","ELEMENT":"f.8BC31031A8A77F81AA6DDAE562E569BF.d.12174237AEE326E95E679A9C83B5D607.e.4287"}]}
COMMAND: POST /session/0a56c8b3fe23980ff89a5571a3a07e32/element/f.8BC31031A8A77F81AA6DDAE562E569BF.d.12174237AEE326E95E679A9C83B5D607.e.4287/click - {}
COMMAND: GET /session/0a56c8b3fe23980ff89a5571a3a07e32/screenshot - {}
RESULT: {}
RESULT: {}
COMMAND: GET /session/0a56c8b3fe23980ff89a5571a3a07e32/screenshot - {}
RESULT: {}
COMMAND: POST /session/0a56c8b3fe23980ff89a5571a3a07e32/element - {"using":"xpath","value":"//span[contains(@id ,\"AddNewHO--typeSelect-arrow\")]"}
RESULT: {}
RESULT: {"using":"xpath","value":"//span[contains(@id ,\"AddNewHO--typeSelect-arrow\")]"}
COMMAND: POST /session/0a56c8b3fe23980ff89a5571a3a07e32/element/f.8BC31031A8A77F81AA6DDAE562E569BF.d.12174237AEE326E95E679A9C83B5D607.e.4646/click - {}
RESULT: {}
COMMAND: GET /session/0a56c8b3fe23980ff89a5571a3a07e32/screenshot - {}
RESULT: {}
COMMAND: POST /session/0a56c8b3fe23980ff89a5571a3a07e32/element - {"using":"xpath","value":"(//li[contains(text(), \"stock increase yard\")])[1]"}
RESULT: {"using":"xpath","value":"(//li[contains(text(), \"stock increase yard\")])[1]"}
COMMAND: POST /session/0a56c8b3fe23980ff89a5571a3a07e32/element/f.8BC31031A8A77F81AA6DDAE562E569BF.d.12174237AEE326E95E679A9C83B5D607.e.4647/click - {}
RESULT: {}
COMMAND: GET /session/0a56c8b3fe23980ff89a5571a3a07e32/screenshot - {}
RESULT: {}
COMMAND: POST /session/0a56c8b3fe23980ff89a5571a3a07e32/execute/async - {"script":"<script> [1562 bytes]","args":[{"selector":{"id":"application-managehandovers-display-component---AddNewHO--dueDate","interaction":{"idSuffix":"inner"}},"wdio_ui5_key":"applicationmanagehandovers-display-component---AddNewHO--dueDate"}]}
RESULT: {"script":"<script> [1562 bytes]","args":[{"selector":{"id":"application-managehandovers-display-component---AddNewHO--dueDate","interaction":{"idSuffix":"inner"}},"wdio_ui5_key":"applicationmanagehandovers-display-component---AddNewHO--dueDate"}]}
RESULT: undefined
COMMAND: POST /session/0a56c8b3fe23980ff89a5571a3a07e32/execute/async - {"script":"<script> [6424 bytes]","args":[{"element-6066-11e4-a52e-4f735466cecf":"f.8BC31031A8A77F81AA6DDAE562E569BF.d.12174237AEE326E95E679A9C83B5D607.e.4649"},"setValue",["5/26/25"]]}
RESULT: {"script":"<script> [6424 bytes]","args":[{"element-6066-11e4-a52e-4f735466cecf":"f.8BC31031A8A77F81AA6DDAE562E569BF.d.12174237AEE326E95E679A9C83B5D607.e.4649"},"setValue",["5/26/25"]]}
COMMAND: POST /session/0a56c8b3fe23980ff89a5571a3a07e32/element - {"using":"xpath","value":"//input[@id=\"generalSectionFrg--receiveYard-inner\"]"}
RESULT: {"using":"xpath","value":"//input[@id=\"generalSectionFrg--receiveYard-inner\"]"}
COMMAND: POST /session/0a56c8b3fe23980ff89a5571a3a07e32/element/f.8BC31031A8A77F81AA6DDAE562E569BF.d.12174237AEE326E95E679A9C83B5D607.e.4655/clear - {}
RESULT: {}
COMMAND: POST /session/0a56c8b3fe23980ff89a5571a3a07e32/element/f.8BC31031A8A77F81AA6DDAE562E569BF.d.12174237AEE326E95E679A9C83B5D607.e.4655/value - {"text":"343"}
COMMAND: GET /session/0a56c8b3fe23980ff89a5571a3a07e32/screenshot - {}
RESULT: {"text":"343"}
COMMAND: GET /session/0a56c8b3fe23980ff89a5571a3a07e32/screenshot - {}
RESULT: {}
RESULT: {}
COMMAND: POST /session/0a56c8b3fe23980ff89a5571a3a07e32/element - {"using":"xpath","value":"//li[.//span[text()='343']]"}
RESULT: {"using":"xpath","value":"//li[.//span[text()='343']]"}
COMMAND: POST /session/0a56c8b3fe23980ff89a5571a3a07e32/element/f.8BC31031A8A77F81AA6DDAE562E569BF.d.12174237AEE326E95E679A9C83B5D607.e.4673/click - {}
RESULT: {}
COMMAND: GET /session/0a56c8b3fe23980ff89a5571a3a07e32/screenshot - {}
RESULT: {}
COMMAND: POST /session/0a56c8b3fe23980ff89a5571a3a07e32/execute/async - {"script":"<script> [1562 bytes]","args":[{"selector":{"id":"application-managehandovers-display-component---AddNewHO--ObjectPageLayout-anchBar-application-managehandovers-display-component---AddNewHO--section4-anchor","interaction":{"idSuffix":"BDI-content"}},"wdio_ui5_key":"applicationmanagehandovers-display-component---AddNewHO--ObjectPageLayout-anchBar-application-managehandovers-display-component---AddNewHO--section4-anchor"}]}
RESULT: {"script":"<script> [1562 bytes]","args":[{"selector":{"id":"application-managehandovers-display-component---AddNewHO--ObjectPageLayout-anchBar-application-managehandovers-display-component---AddNewHO--section4-anchor","interaction":{"idSuffix":"BDI-content"}},"wdio_ui5_key":"applicationmanagehandovers-display-component---AddNewHO--ObjectPageLayout-anchBar-application-managehandovers-display-component---AddNewHO--section4-anchor"}]}
RESULT: undefined
COMMAND: POST /session/0a56c8b3fe23980ff89a5571a3a07e32/element - {"using":"xpath","value":"//*[@id=\"application-managehandovers-display-component---AddNewHO--ObjectPageLayout-anchBar-application-managehandovers-display-component---AddNewHO--section4-anchor\"]"}
RESULT: {"using":"xpath","value":"//*[@id=\"application-managehandovers-display-component---AddNewHO--ObjectPageLayout-anchBar-application-managehandovers-display-component---AddNewHO--section4-anchor\"]"}
COMMAND: POST /session/0a56c8b3fe23980ff89a5571a3a07e32/element/f.8BC31031A8A77F81AA6DDAE562E569BF.d.12174237AEE326E95E679A9C83B5D607.e.4675/click - {}
RESULT: {}
COMMAND: POST /session/0a56c8b3fe23980ff89a5571a3a07e32/element - {"using":"xpath","value":"//button[@aria-label=\"Add\"]"}
COMMAND: GET /session/0a56c8b3fe23980ff89a5571a3a07e32/screenshot - {}
RESULT: {"using":"xpath","value":"//button[@aria-label=\"Add\"]"}
COMMAND: POST /session/0a56c8b3fe23980ff89a5571a3a07e32/element/f.8BC31031A8A77F81AA6DDAE562E569BF.d.12174237AEE326E95E679A9C83B5D607.e.4677/click - {}
RESULT: {}
RESULT: {}
COMMAND: GET /session/0a56c8b3fe23980ff89a5571a3a07e32/screenshot - {}
RESULT: {}
COMMAND: POST /session/0a56c8b3fe23980ff89a5571a3a07e32/execute/async - {"script":"<script> [1562 bytes]","args":[{"selector":{"id":"application-managehandovers-display-component---AddNewHO--smartFilterBar-btnBasicSearch","searchOpenDialogs":true,"interaction":{"idSuffix":"I"}},"wdio_ui5_key":"applicationmanagehandovers-display-component---AddNewHO--smartFilterBar-btnBasicSearch"}]}
RESULT: {"script":"<script> [1562 bytes]","args":[{"selector":{"id":"application-managehandovers-display-component---AddNewHO--smartFilterBar-btnBasicSearch","searchOpenDialogs":true,"interaction":{"idSuffix":"I"}},"wdio_ui5_key":"applicationmanagehandovers-display-component---AddNewHO--smartFilterBar-btnBasicSearch"}]}
RESULT: undefined
COMMAND: POST /session/0a56c8b3fe23980ff89a5571a3a07e32/execute/async - {"script":"<script> [776 bytes]","args":[{"enterText":"TQg5emlDEA","selector":{"id":"application-managehandovers-display-component---AddNewHO--smartFilterBar-btnBasicSearch","searchOpenDialogs":true,"interaction":{"idSuffix":"I"}},"clearTextFirst":true,"interactionType":"ENTER_TEXT"}]}
RESULT: {"script":"<script> [776 bytes]","args":[{"enterText":"TQg5emlDEA","selector":{"id":"application-managehandovers-display-component---AddNewHO--smartFilterBar-btnBasicSearch","searchOpenDialogs":true,"interaction":{"idSuffix":"I"}},"clearTextFirst":true,"interactionType":"ENTER_TEXT"}]}
COMMAND: POST /session/0a56c8b3fe23980ff89a5571a3a07e32/actions - {"actions":[{"id":"action18","type":"key","parameters":{},"actions":[{"type":"keyDown","value":""},{"type":"pause","duration":10},{"type":"keyUp","value":""}]}]}
RESULT: {"actions":[{"id":"action18","type":"key","parameters":{},"actions":[{"type":"keyDown","value":""},{"type":"pause","duration":10},{"type":"keyUp","value":""}]}]}
COMMAND: GET /session/0a56c8b3fe23980ff89a5571a3a07e32/screenshot - {}
RESULT: {}
COMMAND: POST /session/0a56c8b3fe23980ff89a5571a3a07e32/execute/async - {"script":"<script> [1562 bytes]","args":[{"selector":{"id":"application-managehandovers-display-component---AddNewHO--popup-sa","searchOpenDialogs":true,"interaction":{"idSuffix":"CbBg"}},"wdio_ui5_key":"applicationmanagehandovers-display-component---AddNewHO--popup-sa"}]}
RESULT: {"script":"<script> [1562 bytes]","args":[{"selector":{"id":"application-managehandovers-display-component---AddNewHO--popup-sa","searchOpenDialogs":true,"interaction":{"idSuffix":"CbBg"}},"wdio_ui5_key":"applicationmanagehandovers-display-component---AddNewHO--popup-sa"}]}
RESULT: undefined
COMMAND: POST /session/0a56c8b3fe23980ff89a5571a3a07e32/element - {"using":"xpath","value":"//*[@id=\"application-managehandovers-display-component---AddNewHO--popup-sa\"]"}
RESULT: {"using":"xpath","value":"//*[@id=\"application-managehandovers-display-component---AddNewHO--popup-sa\"]"}
COMMAND: POST /session/0a56c8b3fe23980ff89a5571a3a07e32/element/f.8BC31031A8A77F81AA6DDAE562E569BF.d.12174237AEE326E95E679A9C83B5D607.e.4833/click - {}
RESULT: {}
COMMAND: GET /session/0a56c8b3fe23980ff89a5571a3a07e32/screenshot - {}
RESULT: {}
COMMAND: POST /session/0a56c8b3fe23980ff89a5571a3a07e32/element - {"using":"xpath","value":"//bdi[contains(text(), \"Select\")]"}
RESULT: {"using":"xpath","value":"//bdi[contains(text(), \"Select\")]"}
COMMAND: POST /session/0a56c8b3fe23980ff89a5571a3a07e32/element/f.8BC31031A8A77F81AA6DDAE562E569BF.d.12174237AEE326E95E679A9C83B5D607.e.4834/click - {}
RESULT: {}
COMMAND: GET /session/0a56c8b3fe23980ff89a5571a3a07e32/screenshot - {}
RESULT: {}
COMMAND: POST /session/0a56c8b3fe23980ff89a5571a3a07e32/element - {"using":"xpath","value":"//button[@data-kt=\"AddNewHOSaveButton\"]"}
RESULT: {"using":"xpath","value":"//button[@data-kt=\"AddNewHOSaveButton\"]"}
COMMAND: POST /session/0a56c8b3fe23980ff89a5571a3a07e32/element/f.8BC31031A8A77F81AA6DDAE562E569BF.d.12174237AEE326E95E679A9C83B5D607.e.4838/click - {}
RESULT: {}
COMMAND: GET /session/0a56c8b3fe23980ff89a5571a3a07e32/screenshot - {}
RESULT: {}
COMMAND: POST /session/0a56c8b3fe23980ff89a5571a3a07e32/execute/async - {"script":"<script> [1562 bytes]","args":[{"selector":{"id":"receiptDatePicker","viewName":"etm.portal.ui.managehandovers.view.DetailExecuteHO","interaction":{"idSuffix":"inner"}},"wdio_ui5_key":"receiptDatePickeretmportal.ui.managehandovers.view.DetailExecuteHO"}]}
RESULT: {"script":"<script> [1562 bytes]","args":[{"selector":{"id":"receiptDatePicker","viewName":"etm.portal.ui.managehandovers.view.DetailExecuteHO","interaction":{"idSuffix":"inner"}},"wdio_ui5_key":"receiptDatePickeretmportal.ui.managehandovers.view.DetailExecuteHO"}]}
RESULT: undefined
COMMAND: POST /session/0a56c8b3fe23980ff89a5571a3a07e32/execute/async - {"script":"<script> [6424 bytes]","args":[{"element-6066-11e4-a52e-4f735466cecf":"f.8BC31031A8A77F81AA6DDAE562E569BF.d.12174237AEE326E95E679A9C83B5D607.e.4865"},"setValue",["5/26/25"]]}
RESULT: {"script":"<script> [6424 bytes]","args":[{"element-6066-11e4-a52e-4f735466cecf":"f.8BC31031A8A77F81AA6DDAE562E569BF.d.12174237AEE326E95E679A9C83B5D607.e.4865"},"setValue",["5/26/25"]]}
COMMAND: POST /session/0a56c8b3fe23980ff89a5571a3a07e32/element - {"using":"xpath","value":"//button[@data-kt=\"ReceivingTableConfirmAllButton\"]"}
RESULT: {"using":"xpath","value":"//button[@data-kt=\"ReceivingTableConfirmAllButton\"]"}
COMMAND: POST /session/0a56c8b3fe23980ff89a5571a3a07e32/element/f.8BC31031A8A77F81AA6DDAE562E569BF.d.12174237AEE326E95E679A9C83B5D607.e.4881/click - {}
RESULT: {}
COMMAND: GET /session/0a56c8b3fe23980ff89a5571a3a07e32/screenshot - {}
RESULT: {}
COMMAND: POST /session/0a56c8b3fe23980ff89a5571a3a07e32/element - {"using":"xpath","value":"//bdi[contains(text(), \"OK\")]"}
RESULT: {"using":"xpath","value":"//bdi[contains(text(), \"OK\")]"}
COMMAND: POST /session/0a56c8b3fe23980ff89a5571a3a07e32/element/f.8BC31031A8A77F81AA6DDAE562E569BF.d.12174237AEE326E95E679A9C83B5D607.e.4883/click - {}
RESULT: {}
COMMAND: GET /session/0a56c8b3fe23980ff89a5571a3a07e32/screenshot - {}
RESULT: {}
COMMAND: POST /session/0a56c8b3fe23980ff89a5571a3a07e32/element - {"using":"xpath","value":"(//bdi[contains(text(), \"Receive\")])[2]"}
RESULT: {"using":"xpath","value":"(//bdi[contains(text(), \"Receive\")])[2]"}
COMMAND: POST /session/0a56c8b3fe23980ff89a5571a3a07e32/element/f.8BC31031A8A77F81AA6DDAE562E569BF.d.12174237AEE326E95E679A9C83B5D607.e.4885/click - {}
RESULT: {}
COMMAND: GET /session/0a56c8b3fe23980ff89a5571a3a07e32/screenshot - {}
RESULT: {}
COMMAND: POST /session/0a56c8b3fe23980ff89a5571a3a07e32/element - {"using":"css selector","value":"#shell-header-logo"}
RESULT: {"using":"css selector","value":"#shell-header-logo"}
COMMAND: POST /session/0a56c8b3fe23980ff89a5571a3a07e32/element/f.8BC31031A8A77F81AA6DDAE562E569BF.d.12174237AEE326E95E679A9C83B5D607.e.4258/click - {}
RESULT: {}
COMMAND: GET /session/0a56c8b3fe23980ff89a5571a3a07e32/screenshot - {}
RESULT: {}
]]></system-out>
    </testcase>
    <testcase classname="chrome.136_0_7103_93.windows.Billing_confirm_US117289" name="Should create a new contract" time="74.668">
      <system-out><![CDATA[
COMMAND: POST /session/0a56c8b3fe23980ff89a5571a3a07e32/execute/async - {"script":"<script> [1562 bytes]","args":[{"selector":{"controlType":"sap.m.GenericTile","properties":{"header":"Manage Contracts"}},"wdio_ui5_key":"sapm.GenericTile{\"header\":\"Manage Contracts\"}"}]}
RESULT: {"script":"<script> [1562 bytes]","args":[{"selector":{"controlType":"sap.m.GenericTile","properties":{"header":"Manage Contracts"}},"wdio_ui5_key":"sapm.GenericTile{\"header\":\"Manage Contracts\"}"}]}
RESULT: undefined
COMMAND: POST /session/0a56c8b3fe23980ff89a5571a3a07e32/element - {"using":"xpath","value":"//*[@id=\"__tile130\"]"}
RESULT: {"using":"xpath","value":"//*[@id=\"__tile130\"]"}
COMMAND: POST /session/0a56c8b3fe23980ff89a5571a3a07e32/element/f.8BC31031A8A77F81AA6DDAE562E569BF.d.12174237AEE326E95E679A9C83B5D607.e.2888/click - {}
RESULT: {}
COMMAND: GET /session/0a56c8b3fe23980ff89a5571a3a07e32/screenshot - {}
RESULT: {}
COMMAND: POST /session/0a56c8b3fe23980ff89a5571a3a07e32/elements - {"using":"xpath","value":"//span[text()='Error']"}
RESULT: {"using":"xpath","value":"//span[text()='Error']"}
COMMAND: POST /session/0a56c8b3fe23980ff89a5571a3a07e32/element - {"using":"xpath","value":"//button[@data-kt=\"addButton\"]"}
RESULT: {"using":"xpath","value":"//button[@data-kt=\"addButton\"]"}
COMMAND: POST /session/0a56c8b3fe23980ff89a5571a3a07e32/elements - {"using":"xpath","value":"//button[@data-kt=\"addButton\"]"}
RESULT: {"using":"xpath","value":"//button[@data-kt=\"addButton\"]"}
COMMAND: POST /session/0a56c8b3fe23980ff89a5571a3a07e32/execute/sync - {"script":"<script> [8489 bytes]","args":[{"element-6066-11e4-a52e-4f735466cecf":"f.8BC31031A8A77F81AA6DDAE562E569BF.d.12174237AEE326E95E679A9C83B5D607.e.5103","ELEMENT":"f.8BC31031A8A77F81AA6DDAE562E569BF.d.12174237AEE326E95E679A9C83B5D607.e.5103"}]}
RESULT: {"script":"<script> [8489 bytes]","args":[{"element-6066-11e4-a52e-4f735466cecf":"f.8BC31031A8A77F81AA6DDAE562E569BF.d.12174237AEE326E95E679A9C83B5D607.e.5103","ELEMENT":"f.8BC31031A8A77F81AA6DDAE562E569BF.d.12174237AEE326E95E679A9C83B5D607.e.5103"}]}
COMMAND: GET /session/0a56c8b3fe23980ff89a5571a3a07e32/element/f.8BC31031A8A77F81AA6DDAE562E569BF.d.12174237AEE326E95E679A9C83B5D607.e.5103/enabled - {}
COMMAND: GET /session/0a56c8b3fe23980ff89a5571a3a07e32/screenshot - {}
RESULT: {}
COMMAND: POST /session/0a56c8b3fe23980ff89a5571a3a07e32/execute/sync - {"script":"<script> [8489 bytes]","args":[{"element-6066-11e4-a52e-4f735466cecf":"f.8BC31031A8A77F81AA6DDAE562E569BF.d.12174237AEE326E95E679A9C83B5D607.e.5103","ELEMENT":"f.8BC31031A8A77F81AA6DDAE562E569BF.d.12174237AEE326E95E679A9C83B5D607.e.5103"}]}
COMMAND: GET /session/0a56c8b3fe23980ff89a5571a3a07e32/screenshot - {}
RESULT: {}
RESULT: {"script":"<script> [8489 bytes]","args":[{"element-6066-11e4-a52e-4f735466cecf":"f.8BC31031A8A77F81AA6DDAE562E569BF.d.12174237AEE326E95E679A9C83B5D607.e.5103","ELEMENT":"f.8BC31031A8A77F81AA6DDAE562E569BF.d.12174237AEE326E95E679A9C83B5D607.e.5103"}]}
COMMAND: POST /session/0a56c8b3fe23980ff89a5571a3a07e32/execute/sync - {"script":"<script> [5351 bytes]","args":[{"element-6066-11e4-a52e-4f735466cecf":"f.8BC31031A8A77F81AA6DDAE562E569BF.d.12174237AEE326E95E679A9C83B5D607.e.5103","ELEMENT":"f.8BC31031A8A77F81AA6DDAE562E569BF.d.12174237AEE326E95E679A9C83B5D607.e.5103"}]}
COMMAND: GET /session/0a56c8b3fe23980ff89a5571a3a07e32/screenshot - {}
RESULT: {}
RESULT: {"script":"<script> [5351 bytes]","args":[{"element-6066-11e4-a52e-4f735466cecf":"f.8BC31031A8A77F81AA6DDAE562E569BF.d.12174237AEE326E95E679A9C83B5D607.e.5103","ELEMENT":"f.8BC31031A8A77F81AA6DDAE562E569BF.d.12174237AEE326E95E679A9C83B5D607.e.5103"}]}
COMMAND: GET /session/0a56c8b3fe23980ff89a5571a3a07e32/screenshot - {}
RESULT: {}
RESULT: {}
COMMAND: POST /session/0a56c8b3fe23980ff89a5571a3a07e32/element/f.8BC31031A8A77F81AA6DDAE562E569BF.d.12174237AEE326E95E679A9C83B5D607.e.5103/click - {}
RESULT: {}
COMMAND: GET /session/0a56c8b3fe23980ff89a5571a3a07e32/screenshot - {}
COMMAND: POST /session/0a56c8b3fe23980ff89a5571a3a07e32/execute/async - {"script":"<script> [1562 bytes]","args":[{"selector":{"id":"application-managecontracts-display-component---AddNewContract--projectDescription","interaction":{"idSuffix":"inner"}},"wdio_ui5_key":"applicationmanagecontracts-display-component---AddNewContract--projectDescription"}]}
RESULT: {}
RESULT: {"script":"<script> [1562 bytes]","args":[{"selector":{"id":"application-managecontracts-display-component---AddNewContract--projectDescription","interaction":{"idSuffix":"inner"}},"wdio_ui5_key":"applicationmanagecontracts-display-component---AddNewContract--projectDescription"}]}
RESULT: undefined
COMMAND: POST /session/0a56c8b3fe23980ff89a5571a3a07e32/execute/async - {"script":"<script> [776 bytes]","args":[{"enterText":"Contract WDIO","selector":{"id":"application-managecontracts-display-component---AddNewContract--projectDescription","interaction":{"idSuffix":"inner"}},"clearTextFirst":true,"interactionType":"ENTER_TEXT"}]}
RESULT: {"script":"<script> [776 bytes]","args":[{"enterText":"Contract WDIO","selector":{"id":"application-managecontracts-display-component---AddNewContract--projectDescription","interaction":{"idSuffix":"inner"}},"clearTextFirst":true,"interactionType":"ENTER_TEXT"}]}
COMMAND: POST /session/0a56c8b3fe23980ff89a5571a3a07e32/element - {"using":"xpath","value":"//input[@id=\"application-managecontracts-display-component---AddNewContract--site-inner\"]"}
RESULT: {"using":"xpath","value":"//input[@id=\"application-managecontracts-display-component---AddNewContract--site-inner\"]"}
COMMAND: POST /session/0a56c8b3fe23980ff89a5571a3a07e32/element/f.8BC31031A8A77F81AA6DDAE562E569BF.d.12174237AEE326E95E679A9C83B5D607.e.5423/clear - {}
RESULT: {}
COMMAND: POST /session/0a56c8b3fe23980ff89a5571a3a07e32/element/f.8BC31031A8A77F81AA6DDAE562E569BF.d.12174237AEE326E95E679A9C83B5D607.e.5423/value - {"text":"2162"}
COMMAND: GET /session/0a56c8b3fe23980ff89a5571a3a07e32/screenshot - {}
RESULT: {"text":"2162"}
COMMAND: GET /session/0a56c8b3fe23980ff89a5571a3a07e32/screenshot - {}
RESULT: {}
RESULT: {}
COMMAND: POST /session/0a56c8b3fe23980ff89a5571a3a07e32/element - {"using":"xpath","value":"//li[.//span[text()='2162']]"}
RESULT: {"using":"xpath","value":"//li[.//span[text()='2162']]"}
COMMAND: POST /session/0a56c8b3fe23980ff89a5571a3a07e32/element/f.8BC31031A8A77F81AA6DDAE562E569BF.d.12174237AEE326E95E679A9C83B5D607.e.5505/click - {}
RESULT: {}
COMMAND: GET /session/0a56c8b3fe23980ff89a5571a3a07e32/screenshot - {}
RESULT: {}
COMMAND: POST /session/0a56c8b3fe23980ff89a5571a3a07e32/element - {"using":"xpath","value":"//input[@id=\"application-managecontracts-display-component---AddNewContract--yardId-inner\"]"}
RESULT: {"using":"xpath","value":"//input[@id=\"application-managecontracts-display-component---AddNewContract--yardId-inner\"]"}
COMMAND: GET /session/0a56c8b3fe23980ff89a5571a3a07e32/element/f.8BC31031A8A77F81AA6DDAE562E569BF.d.12174237AEE326E95E679A9C83B5D607.e.5424/property/value - {}
RESULT: {}
COMMAND: POST /session/0a56c8b3fe23980ff89a5571a3a07e32/element - {"using":"xpath","value":"//input[@id=\"application-managecontracts-display-component---AddNewContract--customerSelect-inner\"]"}
COMMAND: GET /session/0a56c8b3fe23980ff89a5571a3a07e32/screenshot - {}
RESULT: {"using":"xpath","value":"//input[@id=\"application-managecontracts-display-component---AddNewContract--customerSelect-inner\"]"}
COMMAND: POST /session/0a56c8b3fe23980ff89a5571a3a07e32/element/f.8BC31031A8A77F81AA6DDAE562E569BF.d.12174237AEE326E95E679A9C83B5D607.e.5422/clear - {}
RESULT: {}
RESULT: {}
COMMAND: POST /session/0a56c8b3fe23980ff89a5571a3a07e32/element/f.8BC31031A8A77F81AA6DDAE562E569BF.d.12174237AEE326E95E679A9C83B5D607.e.5422/value - {"text":"1173"}
COMMAND: GET /session/0a56c8b3fe23980ff89a5571a3a07e32/screenshot - {}
RESULT: {"text":"1173"}
COMMAND: GET /session/0a56c8b3fe23980ff89a5571a3a07e32/screenshot - {}
RESULT: {}
RESULT: {}
COMMAND: POST /session/0a56c8b3fe23980ff89a5571a3a07e32/element - {"using":"xpath","value":"//li[.//span[text()='1173']]"}
RESULT: {"using":"xpath","value":"//li[.//span[text()='1173']]"}
COMMAND: POST /session/0a56c8b3fe23980ff89a5571a3a07e32/element/f.8BC31031A8A77F81AA6DDAE562E569BF.d.12174237AEE326E95E679A9C83B5D607.e.5508/click - {}
RESULT: {}
COMMAND: GET /session/0a56c8b3fe23980ff89a5571a3a07e32/screenshot - {}
RESULT: {}
COMMAND: POST /session/0a56c8b3fe23980ff89a5571a3a07e32/element - {"using":"xpath","value":"//button[@data-kt=\"saveButton\"]"}
RESULT: {"using":"xpath","value":"//button[@data-kt=\"saveButton\"]"}
COMMAND: POST /session/0a56c8b3fe23980ff89a5571a3a07e32/element/f.8BC31031A8A77F81AA6DDAE562E569BF.d.12174237AEE326E95E679A9C83B5D607.e.5498/click - {}
RESULT: {}
COMMAND: GET /session/0a56c8b3fe23980ff89a5571a3a07e32/screenshot - {}
RESULT: {}
COMMAND: POST /session/0a56c8b3fe23980ff89a5571a3a07e32/element - {"using":"xpath","value":"//span[contains(@id ,\"contractDetailTitleNoExpanded\")]"}
RESULT: {"using":"xpath","value":"//span[contains(@id ,\"contractDetailTitleNoExpanded\")]"}
COMMAND: POST /session/0a56c8b3fe23980ff89a5571a3a07e32/elements - {"using":"xpath","value":"//span[contains(@id ,\"contractDetailTitleNoExpanded\")]"}
RESULT: {"using":"xpath","value":"//span[contains(@id ,\"contractDetailTitleNoExpanded\")]"}
COMMAND: POST /session/0a56c8b3fe23980ff89a5571a3a07e32/execute/sync - {"script":"<script> [56 bytes]","args":[{"element-6066-11e4-a52e-4f735466cecf":"f.8BC31031A8A77F81AA6DDAE562E569BF.d.12174237AEE326E95E679A9C83B5D607.e.5519","ELEMENT":"f.8BC31031A8A77F81AA6DDAE562E569BF.d.12174237AEE326E95E679A9C83B5D607.e.5519"}]}
RESULT: {"script":"<script> [56 bytes]","args":[{"element-6066-11e4-a52e-4f735466cecf":"f.8BC31031A8A77F81AA6DDAE562E569BF.d.12174237AEE326E95E679A9C83B5D607.e.5519","ELEMENT":"f.8BC31031A8A77F81AA6DDAE562E569BF.d.12174237AEE326E95E679A9C83B5D607.e.5519"}]}
COMMAND: GET /session/0a56c8b3fe23980ff89a5571a3a07e32/screenshot - {}
RESULT: {}
]]></system-out>
    </testcase>
    <testcase classname="chrome.136_0_7103_93.windows.Billing_confirm_US117289" name="Should add created equipment to contract" time="50.25">
      <system-out><![CDATA[
COMMAND: POST /session/0a56c8b3fe23980ff89a5571a3a07e32/element - {"using":"xpath","value":"//button[@data-kt=\"contractDetailEditBtnButton\"]"}
RESULT: {"using":"xpath","value":"//button[@data-kt=\"contractDetailEditBtnButton\"]"}
COMMAND: POST /session/0a56c8b3fe23980ff89a5571a3a07e32/element/f.8BC31031A8A77F81AA6DDAE562E569BF.d.12174237AEE326E95E679A9C83B5D607.e.5520/click - {}
RESULT: {}
COMMAND: GET /session/0a56c8b3fe23980ff89a5571a3a07e32/screenshot - {}
RESULT: {}
COMMAND: POST /session/0a56c8b3fe23980ff89a5571a3a07e32/element - {"using":"xpath","value":"(//span[contains(text(), \"Additional Addresses\")])[2]"}
RESULT: {"using":"xpath","value":"(//span[contains(text(), \"Additional Addresses\")])[2]"}
COMMAND: POST /session/0a56c8b3fe23980ff89a5571a3a07e32/element/f.8BC31031A8A77F81AA6DDAE562E569BF.d.12174237AEE326E95E679A9C83B5D607.e.5577/click - {}
RESULT: {}
COMMAND: GET /session/0a56c8b3fe23980ff89a5571a3a07e32/screenshot - {}
RESULT: {}
COMMAND: POST /session/0a56c8b3fe23980ff89a5571a3a07e32/element - {"using":"xpath","value":"//button[@data-kt=\"btnAddTableRowOverflowToolbarButton\"]"}
RESULT: {"using":"xpath","value":"//button[@data-kt=\"btnAddTableRowOverflowToolbarButton\"]"}
COMMAND: POST /session/0a56c8b3fe23980ff89a5571a3a07e32/element/f.8BC31031A8A77F81AA6DDAE562E569BF.d.12174237AEE326E95E679A9C83B5D607.e.5579/click - {}
RESULT: {}
COMMAND: GET /session/0a56c8b3fe23980ff89a5571a3a07e32/screenshot - {}
RESULT: {}
COMMAND: POST /session/0a56c8b3fe23980ff89a5571a3a07e32/element - {"using":"xpath","value":"//div[(text() = 'Standard Entry' or . = 'Standard Entry')]"}
RESULT: {"using":"xpath","value":"//div[(text() = 'Standard Entry' or . = 'Standard Entry')]"}
COMMAND: POST /session/0a56c8b3fe23980ff89a5571a3a07e32/element/f.8BC31031A8A77F81AA6DDAE562E569BF.d.12174237AEE326E95E679A9C83B5D607.e.5581/click - {}
RESULT: {}
COMMAND: GET /session/0a56c8b3fe23980ff89a5571a3a07e32/screenshot - {}
RESULT: {}
COMMAND: POST /session/0a56c8b3fe23980ff89a5571a3a07e32/element - {"using":"xpath","value":"//td[7]/div/div/input"}
RESULT: {"using":"xpath","value":"//td[7]/div/div/input"}
COMMAND: POST /session/0a56c8b3fe23980ff89a5571a3a07e32/element/f.8BC31031A8A77F81AA6DDAE562E569BF.d.12174237AEE326E95E679A9C83B5D607.e.5590/clear - {}
RESULT: {}
COMMAND: POST /session/0a56c8b3fe23980ff89a5571a3a07e32/element/f.8BC31031A8A77F81AA6DDAE562E569BF.d.12174237AEE326E95E679A9C83B5D607.e.5590/value - {"text":"TQg5emlDEA"}
COMMAND: GET /session/0a56c8b3fe23980ff89a5571a3a07e32/screenshot - {}
RESULT: {"text":"TQg5emlDEA"}
COMMAND: GET /session/0a56c8b3fe23980ff89a5571a3a07e32/screenshot - {}
RESULT: {}
RESULT: {}
COMMAND: POST /session/0a56c8b3fe23980ff89a5571a3a07e32/actions - {"actions":[{"id":"action19","type":"key","parameters":{},"actions":[{"type":"keyDown","value":""},{"type":"pause","duration":10},{"type":"keyUp","value":""}]}]}
RESULT: {"actions":[{"id":"action19","type":"key","parameters":{},"actions":[{"type":"keyDown","value":""},{"type":"pause","duration":10},{"type":"keyUp","value":""}]}]}
COMMAND: GET /session/0a56c8b3fe23980ff89a5571a3a07e32/screenshot - {}
RESULT: {}
COMMAND: POST /session/0a56c8b3fe23980ff89a5571a3a07e32/execute/sync - {"script":"<script> [276 bytes]","args":["No pricing information was found"]}
RESULT: {"script":"<script> [276 bytes]","args":["No pricing information was found"]}
COMMAND: POST /session/0a56c8b3fe23980ff89a5571a3a07e32/element - {"using":"xpath","value":"(//button[@data-kt=\"saveButton\"])[2]"}
COMMAND: GET /session/0a56c8b3fe23980ff89a5571a3a07e32/screenshot - {}
RESULT: {"using":"xpath","value":"(//button[@data-kt=\"saveButton\"])[2]"}
COMMAND: POST /session/0a56c8b3fe23980ff89a5571a3a07e32/element/f.8BC31031A8A77F81AA6DDAE562E569BF.d.12174237AEE326E95E679A9C83B5D607.e.5605/click - {}
RESULT: {}
RESULT: {}
COMMAND: GET /session/0a56c8b3fe23980ff89a5571a3a07e32/screenshot - {}
RESULT: {}
COMMAND: POST /session/0a56c8b3fe23980ff89a5571a3a07e32/execute/sync - {"script":"<script> [276 bytes]","args":["Some contract items are having rental validity exceeding header rental validity"]}
RESULT: {"script":"<script> [276 bytes]","args":["Some contract items are having rental validity exceeding header rental validity"]}
COMMAND: GET /session/0a56c8b3fe23980ff89a5571a3a07e32/screenshot - {}
RESULT: {}
COMMAND: POST /session/0a56c8b3fe23980ff89a5571a3a07e32/element - {"using":"xpath","value":"//span[contains(@id ,\"contractItemsSmartTable-header-inner\")]"}
RESULT: {"using":"xpath","value":"//span[contains(@id ,\"contractItemsSmartTable-header-inner\")]"}
COMMAND: POST /session/0a56c8b3fe23980ff89a5571a3a07e32/elements - {"using":"xpath","value":"//span[contains(@id ,\"contractItemsSmartTable-header-inner\")]"}
RESULT: {"using":"xpath","value":"//span[contains(@id ,\"contractItemsSmartTable-header-inner\")]"}
COMMAND: POST /session/0a56c8b3fe23980ff89a5571a3a07e32/execute/sync - {"script":"<script> [56 bytes]","args":[{"element-6066-11e4-a52e-4f735466cecf":"f.8BC31031A8A77F81AA6DDAE562E569BF.d.12174237AEE326E95E679A9C83B5D607.e.5612","ELEMENT":"f.8BC31031A8A77F81AA6DDAE562E569BF.d.12174237AEE326E95E679A9C83B5D607.e.5612"}]}
RESULT: {"script":"<script> [56 bytes]","args":[{"element-6066-11e4-a52e-4f735466cecf":"f.8BC31031A8A77F81AA6DDAE562E569BF.d.12174237AEE326E95E679A9C83B5D607.e.5612","ELEMENT":"f.8BC31031A8A77F81AA6DDAE562E569BF.d.12174237AEE326E95E679A9C83B5D607.e.5612"}]}
]]></system-out>
    </testcase>
    <testcase classname="chrome.136_0_7103_93.windows.Billing_confirm_US117289" name="Should do a provide to site handover" time="65.925">
      <system-out><![CDATA[
COMMAND: POST /session/0a56c8b3fe23980ff89a5571a3a07e32/element - {"using":"xpath","value":"//button[@data-kt=\"provideButton\"]"}
COMMAND: GET /session/0a56c8b3fe23980ff89a5571a3a07e32/screenshot - {}
RESULT: {"using":"xpath","value":"//button[@data-kt=\"provideButton\"]"}
COMMAND: POST /session/0a56c8b3fe23980ff89a5571a3a07e32/element/f.8BC31031A8A77F81AA6DDAE562E569BF.d.12174237AEE326E95E679A9C83B5D607.e.5613/click - {}
RESULT: {}
RESULT: {}
COMMAND: GET /session/0a56c8b3fe23980ff89a5571a3a07e32/screenshot - {}
RESULT: undefined
COMMAND: POST /session/0a56c8b3fe23980ff89a5571a3a07e32/execute/async - {"script":"<script> [6424 bytes]","args":[{"element-6066-11e4-a52e-4f735466cecf":"f.8BC31031A8A77F81AA6DDAE562E569BF.d.12174237AEE326E95E679A9C83B5D607.e.4649"},"setValue",["5/26/25"]]}
RESULT: {}
COMMAND: POST /session/0a56c8b3fe23980ff89a5571a3a07e32/execute/async - {"script":"<script> [1562 bytes]","args":[{"selector":{"id":"application-managehandovers-display-component---AddNewHO--dueDate","interaction":{"idSuffix":"inner"}},"wdio_ui5_key":"applicationmanagehandovers-display-component---AddNewHO--dueDate"}]}
RESULT: {"script":"<script> [1562 bytes]","args":[{"selector":{"id":"application-managehandovers-display-component---AddNewHO--dueDate","interaction":{"idSuffix":"inner"}},"wdio_ui5_key":"applicationmanagehandovers-display-component---AddNewHO--dueDate"}]}
COMMAND: POST /session/0a56c8b3fe23980ff89a5571a3a07e32/execute/async - {"script":"<script> [6424 bytes]","args":[{"element-6066-11e4-a52e-4f735466cecf":"f.8BC31031A8A77F81AA6DDAE562E569BF.d.12174237AEE326E95E679A9C83B5D607.e.5689"},"setValue",["5/26/25"]]}
RESULT: {"script":"<script> [6424 bytes]","args":[{"element-6066-11e4-a52e-4f735466cecf":"f.8BC31031A8A77F81AA6DDAE562E569BF.d.12174237AEE326E95E679A9C83B5D607.e.5689"},"setValue",["5/26/25"]]}
COMMAND: POST /session/0a56c8b3fe23980ff89a5571a3a07e32/element - {"using":"xpath","value":"//bdi[contains(text(), \"Instructions\")]"}
RESULT: {"using":"xpath","value":"//bdi[contains(text(), \"Instructions\")]"}
COMMAND: POST /session/0a56c8b3fe23980ff89a5571a3a07e32/element/f.8BC31031A8A77F81AA6DDAE562E569BF.d.12174237AEE326E95E679A9C83B5D607.e.5932/click - {}
RESULT: {}
COMMAND: GET /session/0a56c8b3fe23980ff89a5571a3a07e32/screenshot - {}
RESULT: {}
COMMAND: POST /session/0a56c8b3fe23980ff89a5571a3a07e32/element - {"using":"xpath","value":"//button[@data-kt=\"AddNewHOProvideAddItemsButton\"]"}
RESULT: {"using":"xpath","value":"//button[@data-kt=\"AddNewHOProvideAddItemsButton\"]"}
COMMAND: POST /session/0a56c8b3fe23980ff89a5571a3a07e32/element/f.8BC31031A8A77F81AA6DDAE562E569BF.d.12174237AEE326E95E679A9C83B5D607.e.5936/click - {}
RESULT: {}
COMMAND: GET /session/0a56c8b3fe23980ff89a5571a3a07e32/screenshot - {}
RESULT: {}
RESULT: undefined
COMMAND: POST /session/0a56c8b3fe23980ff89a5571a3a07e32/element - {"using":"xpath","value":"//*[@id=\"application-managehandovers-display-component---AddNewHO--popup-sa\"]"}
RESULT: {"using":"xpath","value":"//*[@id=\"application-managehandovers-display-component---AddNewHO--popup-sa\"]"}
COMMAND: POST /session/0a56c8b3fe23980ff89a5571a3a07e32/element/f.8BC31031A8A77F81AA6DDAE562E569BF.d.12174237AEE326E95E679A9C83B5D607.e.5946/click - {}
RESULT: {}
COMMAND: GET /session/0a56c8b3fe23980ff89a5571a3a07e32/screenshot - {}
RESULT: {}
COMMAND: POST /session/0a56c8b3fe23980ff89a5571a3a07e32/element - {"using":"xpath","value":"//*[contains(@id ,\"BDI-content\")][contains(text(), \"Select\")]"}
RESULT: {"using":"xpath","value":"//*[contains(@id ,\"BDI-content\")][contains(text(), \"Select\")]"}
COMMAND: POST /session/0a56c8b3fe23980ff89a5571a3a07e32/element/f.8BC31031A8A77F81AA6DDAE562E569BF.d.12174237AEE326E95E679A9C83B5D607.e.5947/click - {}
RESULT: {}
COMMAND: GET /session/0a56c8b3fe23980ff89a5571a3a07e32/screenshot - {}
RESULT: {}
COMMAND: POST /session/0a56c8b3fe23980ff89a5571a3a07e32/execute/async - {"script":"<script> [1562 bytes]","args":[{"selector":{"id":"application-managehandovers-display-component---AddNewHO--confirmCreationButton","interaction":{"idSuffix":"BDI-content"}},"wdio_ui5_key":"applicationmanagehandovers-display-component---AddNewHO--confirmCreationButton"}]}
RESULT: {"script":"<script> [1562 bytes]","args":[{"selector":{"id":"application-managehandovers-display-component---AddNewHO--confirmCreationButton","interaction":{"idSuffix":"BDI-content"}},"wdio_ui5_key":"applicationmanagehandovers-display-component---AddNewHO--confirmCreationButton"}]}
RESULT: undefined
COMMAND: POST /session/0a56c8b3fe23980ff89a5571a3a07e32/element - {"using":"xpath","value":"//*[@id=\"application-managehandovers-display-component---AddNewHO--confirmCreationButton\"]"}
RESULT: {"using":"xpath","value":"//*[@id=\"application-managehandovers-display-component---AddNewHO--confirmCreationButton\"]"}
COMMAND: POST /session/0a56c8b3fe23980ff89a5571a3a07e32/element/f.8BC31031A8A77F81AA6DDAE562E569BF.d.12174237AEE326E95E679A9C83B5D607.e.5737/click - {}
RESULT: {}
COMMAND: GET /session/0a56c8b3fe23980ff89a5571a3a07e32/screenshot - {}
RESULT: {}
COMMAND: POST /session/0a56c8b3fe23980ff89a5571a3a07e32/execute/async - {"script":"<script> [1562 bytes]","args":[{"selector":{"id":"issueDatePicker","viewName":"etm.portal.ui.managehandovers.view.DetailExecuteHO","interaction":{"idSuffix":"inner"}},"wdio_ui5_key":"issueDatePickeretmportal.ui.managehandovers.view.DetailExecuteHO"}]}
RESULT: {"script":"<script> [1562 bytes]","args":[{"selector":{"id":"issueDatePicker","viewName":"etm.portal.ui.managehandovers.view.DetailExecuteHO","interaction":{"idSuffix":"inner"}},"wdio_ui5_key":"issueDatePickeretmportal.ui.managehandovers.view.DetailExecuteHO"}]}
RESULT: undefined
COMMAND: POST /session/0a56c8b3fe23980ff89a5571a3a07e32/execute/async - {"script":"<script> [776 bytes]","args":[{"enterText":"5/26/25","selector":{"id":"issueDatePicker","viewName":"etm.portal.ui.managehandovers.view.DetailExecuteHO","interaction":{"idSuffix":"inner"}},"clearTextFirst":true,"interactionType":"ENTER_TEXT"}]}
RESULT: {"script":"<script> [776 bytes]","args":[{"enterText":"5/26/25","selector":{"id":"issueDatePicker","viewName":"etm.portal.ui.managehandovers.view.DetailExecuteHO","interaction":{"idSuffix":"inner"}},"clearTextFirst":true,"interactionType":"ENTER_TEXT"}]}
COMMAND: POST /session/0a56c8b3fe23980ff89a5571a3a07e32/element - {"using":"xpath","value":"//button[@data-kt=\"PickingTableConfirmAllButton\"]"}
RESULT: {"using":"xpath","value":"//button[@data-kt=\"PickingTableConfirmAllButton\"]"}
COMMAND: POST /session/0a56c8b3fe23980ff89a5571a3a07e32/element/f.8BC31031A8A77F81AA6DDAE562E569BF.d.12174237AEE326E95E679A9C83B5D607.e.6009/click - {}
RESULT: {}
COMMAND: GET /session/0a56c8b3fe23980ff89a5571a3a07e32/screenshot - {}
RESULT: {}
COMMAND: POST /session/0a56c8b3fe23980ff89a5571a3a07e32/element - {"using":"xpath","value":"//bdi[contains(text(), \"OK\")]"}
RESULT: {"using":"xpath","value":"//bdi[contains(text(), \"OK\")]"}
COMMAND: POST /session/0a56c8b3fe23980ff89a5571a3a07e32/element/f.8BC31031A8A77F81AA6DDAE562E569BF.d.12174237AEE326E95E679A9C83B5D607.e.6012/click - {}
RESULT: {}
COMMAND: GET /session/0a56c8b3fe23980ff89a5571a3a07e32/screenshot - {}
RESULT: {}
COMMAND: POST /session/0a56c8b3fe23980ff89a5571a3a07e32/element - {"using":"xpath","value":"//bdi[contains(text(), \"Issue\")]"}
RESULT: {"using":"xpath","value":"//bdi[contains(text(), \"Issue\")]"}
COMMAND: POST /session/0a56c8b3fe23980ff89a5571a3a07e32/element/f.8BC31031A8A77F81AA6DDAE562E569BF.d.12174237AEE326E95E679A9C83B5D607.e.6014/click - {}
RESULT: {}
COMMAND: GET /session/0a56c8b3fe23980ff89a5571a3a07e32/screenshot - {}
RESULT: {}
COMMAND: POST /session/0a56c8b3fe23980ff89a5571a3a07e32/element - {"using":"css selector","value":"#shell-header-logo"}
RESULT: {"using":"css selector","value":"#shell-header-logo"}
COMMAND: POST /session/0a56c8b3fe23980ff89a5571a3a07e32/element/f.8BC31031A8A77F81AA6DDAE562E569BF.d.12174237AEE326E95E679A9C83B5D607.e.5057/click - {}
RESULT: {}
COMMAND: GET /session/0a56c8b3fe23980ff89a5571a3a07e32/screenshot - {}
RESULT: {}
]]></system-out>
    </testcase>
    <testcase classname="chrome.136_0_7103_93.windows.Billing_confirm_US117289" name="Should trigger calculation" time="85.863">
      <system-out><![CDATA[
COMMAND: POST /session/0a56c8b3fe23980ff89a5571a3a07e32/execute/async - {"script":"<script> [1562 bytes]","args":[{"selector":{"controlType":"sap.m.GenericTile","properties":{"header":"Manage Billings"}},"wdio_ui5_key":"sapm.GenericTile{\"header\":\"Manage Billings\"}"}]}
RESULT: {"script":"<script> [1562 bytes]","args":[{"selector":{"controlType":"sap.m.GenericTile","properties":{"header":"Manage Billings"}},"wdio_ui5_key":"sapm.GenericTile{\"header\":\"Manage Billings\"}"}]}
RESULT: undefined
COMMAND: POST /session/0a56c8b3fe23980ff89a5571a3a07e32/element - {"using":"xpath","value":"//*[@id=\"__tile91\"]"}
RESULT: {"using":"xpath","value":"//*[@id=\"__tile91\"]"}
COMMAND: POST /session/0a56c8b3fe23980ff89a5571a3a07e32/element/f.8BC31031A8A77F81AA6DDAE562E569BF.d.12174237AEE326E95E679A9C83B5D607.e.2929/click - {}
RESULT: {}
COMMAND: GET /session/0a56c8b3fe23980ff89a5571a3a07e32/screenshot - {}
RESULT: {}
COMMAND: POST /session/0a56c8b3fe23980ff89a5571a3a07e32/elements - {"using":"xpath","value":"//span[text()='Error']"}
RESULT: {"using":"xpath","value":"//span[text()='Error']"}
COMMAND: POST /session/0a56c8b3fe23980ff89a5571a3a07e32/execute/async - {"script":"<script> [1562 bytes]","args":[{"selector":{"id":"application-managebillings-display-component---billRunCalcResult--smartFilterBar-btnBasicSearch","interaction":{"idSuffix":"I"}},"wdio_ui5_key":"applicationmanagebillings-display-component---billRunCalcResult--smartFilterBar-btnBasicSearch"}]}
RESULT: {"script":"<script> [1562 bytes]","args":[{"selector":{"id":"application-managebillings-display-component---billRunCalcResult--smartFilterBar-btnBasicSearch","interaction":{"idSuffix":"I"}},"wdio_ui5_key":"applicationmanagebillings-display-component---billRunCalcResult--smartFilterBar-btnBasicSearch"}]}
RESULT: undefined
COMMAND: POST /session/0a56c8b3fe23980ff89a5571a3a07e32/execute/async - {"script":"<script> [776 bytes]","args":[{"enterText":"10278","selector":{"id":"application-managebillings-display-component---billRunCalcResult--smartFilterBar-btnBasicSearch","interaction":{"idSuffix":"I"}},"clearTextFirst":true,"interactionType":"ENTER_TEXT"}]}
RESULT: {"script":"<script> [776 bytes]","args":[{"enterText":"10278","selector":{"id":"application-managebillings-display-component---billRunCalcResult--smartFilterBar-btnBasicSearch","interaction":{"idSuffix":"I"}},"clearTextFirst":true,"interactionType":"ENTER_TEXT"}]}
COMMAND: POST /session/0a56c8b3fe23980ff89a5571a3a07e32/actions - {"actions":[{"id":"action20","type":"key","parameters":{},"actions":[{"type":"keyDown","value":""},{"type":"pause","duration":10},{"type":"keyUp","value":""}]}]}
RESULT: {"actions":[{"id":"action20","type":"key","parameters":{},"actions":[{"type":"keyDown","value":""},{"type":"pause","duration":10},{"type":"keyUp","value":""}]}]}
COMMAND: GET /session/0a56c8b3fe23980ff89a5571a3a07e32/screenshot - {}
RESULT: {}
COMMAND: POST /session/0a56c8b3fe23980ff89a5571a3a07e32/element - {"using":"xpath","value":"//td[@aria-colindex=\"1\"]/div/div[contains(@class, \"sapMCbBg\")]"}
RESULT: {"using":"xpath","value":"//td[@aria-colindex=\"1\"]/div/div[contains(@class, \"sapMCbBg\")]"}
COMMAND: POST /session/0a56c8b3fe23980ff89a5571a3a07e32/element/f.8BC31031A8A77F81AA6DDAE562E569BF.d.12174237AEE326E95E679A9C83B5D607.e.6398/click - {}
RESULT: {}
COMMAND: GET /session/0a56c8b3fe23980ff89a5571a3a07e32/screenshot - {}
RESULT: {}
COMMAND: POST /session/0a56c8b3fe23980ff89a5571a3a07e32/execute/async - {"script":"<script> [1562 bytes]","args":[{"selector":{"id":"application-managebillings-display-component---billRunCalcResult--contractBillRunDate","interaction":{"idSuffix":"inner"}},"wdio_ui5_key":"applicationmanagebillings-display-component---billRunCalcResult--contractBillRunDate"}]}
RESULT: {"script":"<script> [1562 bytes]","args":[{"selector":{"id":"application-managebillings-display-component---billRunCalcResult--contractBillRunDate","interaction":{"idSuffix":"inner"}},"wdio_ui5_key":"applicationmanagebillings-display-component---billRunCalcResult--contractBillRunDate"}]}
RESULT: undefined
COMMAND: POST /session/0a56c8b3fe23980ff89a5571a3a07e32/execute/async - {"script":"<script> [776 bytes]","args":[{"enterText":"6/26/25","selector":{"id":"application-managebillings-display-component---billRunCalcResult--contractBillRunDate","interaction":{"idSuffix":"inner"}},"clearTextFirst":true,"interactionType":"ENTER_TEXT"}]}
RESULT: {"script":"<script> [776 bytes]","args":[{"enterText":"6/26/25","selector":{"id":"application-managebillings-display-component---billRunCalcResult--contractBillRunDate","interaction":{"idSuffix":"inner"}},"clearTextFirst":true,"interactionType":"ENTER_TEXT"}]}
COMMAND: POST /session/0a56c8b3fe23980ff89a5571a3a07e32/element - {"using":"xpath","value":"//bdi[contains(text(), \"Trigger Calculation\")]"}
RESULT: {"using":"xpath","value":"//bdi[contains(text(), \"Trigger Calculation\")]"}
COMMAND: POST /session/0a56c8b3fe23980ff89a5571a3a07e32/element/f.8BC31031A8A77F81AA6DDAE562E569BF.d.12174237AEE326E95E679A9C83B5D607.e.6449/click - {}
RESULT: {}
COMMAND: GET /session/0a56c8b3fe23980ff89a5571a3a07e32/screenshot - {}
RESULT: {}
COMMAND: POST /session/0a56c8b3fe23980ff89a5571a3a07e32/element - {"using":"xpath","value":"(//span[contains(@id, \"imgNav\")])[1]"}
RESULT: {"using":"xpath","value":"(//span[contains(@id, \"imgNav\")])[1]"}
COMMAND: POST /session/0a56c8b3fe23980ff89a5571a3a07e32/element/f.8BC31031A8A77F81AA6DDAE562E569BF.d.12174237AEE326E95E679A9C83B5D607.e.6399/click - {}
RESULT: {}
COMMAND: GET /session/0a56c8b3fe23980ff89a5571a3a07e32/screenshot - {}
RESULT: {}
COMMAND: POST /session/0a56c8b3fe23980ff89a5571a3a07e32/element - {"using":"xpath","value":"//tr/td[6]/div[1]/span[1]/span[1]"}
RESULT: {"using":"xpath","value":"//tr/td[6]/div[1]/span[1]/span[1]"}
COMMAND: GET /session/0a56c8b3fe23980ff89a5571a3a07e32/element/f.8BC31031A8A77F81AA6DDAE562E569BF.d.12174237AEE326E95E679A9C83B5D607.e.6455/text - {}
RESULT: {}
COMMAND: POST /session/0a56c8b3fe23980ff89a5571a3a07e32/element - {"using":"xpath","value":"(//span[contains(@id, \"imgNav\")])[2]"}
RESULT: {"using":"xpath","value":"(//span[contains(@id, \"imgNav\")])[2]"}
COMMAND: POST /session/0a56c8b3fe23980ff89a5571a3a07e32/element/f.8BC31031A8A77F81AA6DDAE562E569BF.d.12174237AEE326E95E679A9C83B5D607.e.6456/click - {}
RESULT: {}
COMMAND: GET /session/0a56c8b3fe23980ff89a5571a3a07e32/screenshot - {}
RESULT: {}
COMMAND: POST /session/0a56c8b3fe23980ff89a5571a3a07e32/element - {"using":"xpath","value":"//bdi[contains(text(), \"Business Confirm\")]"}
RESULT: {"using":"xpath","value":"//bdi[contains(text(), \"Business Confirm\")]"}
COMMAND: POST /session/0a56c8b3fe23980ff89a5571a3a07e32/element/f.8BC31031A8A77F81AA6DDAE562E569BF.d.12174237AEE326E95E679A9C83B5D607.e.6525/click - {}
RESULT: {}
COMMAND: GET /session/0a56c8b3fe23980ff89a5571a3a07e32/screenshot - {}
RESULT: {}
COMMAND: POST /session/0a56c8b3fe23980ff89a5571a3a07e32/element - {"using":"xpath","value":"//bdi[contains(text(), \"Business Confirmed\")]"}
RESULT: {"using":"xpath","value":"//bdi[contains(text(), \"Business Confirmed\")]"}
COMMAND: POST /session/0a56c8b3fe23980ff89a5571a3a07e32/execute/sync - {"script":"<script> [56 bytes]","args":[{"element-6066-11e4-a52e-4f735466cecf":"f.8BC31031A8A77F81AA6DDAE562E569BF.d.12174237AEE326E95E679A9C83B5D607.e.6525","ELEMENT":"f.8BC31031A8A77F81AA6DDAE562E569BF.d.12174237AEE326E95E679A9C83B5D607.e.6525"}]}
RESULT: {"script":"<script> [56 bytes]","args":[{"element-6066-11e4-a52e-4f735466cecf":"f.8BC31031A8A77F81AA6DDAE562E569BF.d.12174237AEE326E95E679A9C83B5D607.e.6525","ELEMENT":"f.8BC31031A8A77F81AA6DDAE562E569BF.d.12174237AEE326E95E679A9C83B5D607.e.6525"}]}
COMMAND: POST /session/0a56c8b3fe23980ff89a5571a3a07e32/element - {"using":"css selector","value":"#shell-header-logo"}
COMMAND: GET /session/0a56c8b3fe23980ff89a5571a3a07e32/screenshot - {}
RESULT: {"using":"css selector","value":"#shell-header-logo"}
COMMAND: POST /session/0a56c8b3fe23980ff89a5571a3a07e32/element/f.8BC31031A8A77F81AA6DDAE562E569BF.d.12174237AEE326E95E679A9C83B5D607.e.6189/click - {}
RESULT: {}
RESULT: {}
COMMAND: GET /session/0a56c8b3fe23980ff89a5571a3a07e32/screenshot - {}
RESULT: {}
COMMAND: POST /session/0a56c8b3fe23980ff89a5571a3a07e32/element - {"using":"css selector","value":"#j_username"}
COMMAND: POST /session/0a56c8b3fe23980ff89a5571a3a07e32/url - {"url":"https://qa-testing-00-live-etm-ui.cfapps.eu10-004.hana.ondemand.com/"}
RESULT: {"using":"css selector","value":"#j_username"}
COMMAND: POST /session/0a56c8b3fe23980ff89a5571a3a07e32/element - {"using":"css selector","value":"#j_username"}
RESULT: {"url":"https://qa-testing-00-live-etm-ui.cfapps.eu10-004.hana.ondemand.com/"}
RESULT: undefined
COMMAND: GET /session/0a56c8b3fe23980ff89a5571a3a07e32/screenshot - {}
RESULT: {"using":"css selector","value":"#j_username"}
COMMAND: POST /session/0a56c8b3fe23980ff89a5571a3a07e32/element - {"using":"css selector","value":"#shell-header-logo"}
RESULT: {}
RESULT: {"using":"css selector","value":"#shell-header-logo"}
COMMAND: POST /session/0a56c8b3fe23980ff89a5571a3a07e32/execute/sync - {"script":"<script> [8489 bytes]","args":[{"element-6066-11e4-a52e-4f735466cecf":"f.8BC31031A8A77F81AA6DDAE562E569BF.d.CECE35B8FDADFB3BD45358555752890B.e.6539","ELEMENT":"f.8BC31031A8A77F81AA6DDAE562E569BF.d.CECE35B8FDADFB3BD45358555752890B.e.6539"}]}
RESULT: {"script":"<script> [8489 bytes]","args":[{"element-6066-11e4-a52e-4f735466cecf":"f.8BC31031A8A77F81AA6DDAE562E569BF.d.CECE35B8FDADFB3BD45358555752890B.e.6539","ELEMENT":"f.8BC31031A8A77F81AA6DDAE562E569BF.d.CECE35B8FDADFB3BD45358555752890B.e.6539"}]}
COMMAND: POST /session/0a56c8b3fe23980ff89a5571a3a07e32/element - {"using":"css selector","value":"#shell-header-logo"}
COMMAND: GET /session/0a56c8b3fe23980ff89a5571a3a07e32/screenshot - {}
RESULT: {"using":"css selector","value":"#shell-header-logo"}
COMMAND: POST /session/0a56c8b3fe23980ff89a5571a3a07e32/execute/sync - {"script":"<script> [8489 bytes]","args":[{"element-6066-11e4-a52e-4f735466cecf":"f.8BC31031A8A77F81AA6DDAE562E569BF.d.CECE35B8FDADFB3BD45358555752890B.e.6539","ELEMENT":"f.8BC31031A8A77F81AA6DDAE562E569BF.d.CECE35B8FDADFB3BD45358555752890B.e.6539"}]}
RESULT: {}
RESULT: {"script":"<script> [8489 bytes]","args":[{"element-6066-11e4-a52e-4f735466cecf":"f.8BC31031A8A77F81AA6DDAE562E569BF.d.CECE35B8FDADFB3BD45358555752890B.e.6539","ELEMENT":"f.8BC31031A8A77F81AA6DDAE562E569BF.d.CECE35B8FDADFB3BD45358555752890B.e.6539"}]}
COMMAND: POST /session/0a56c8b3fe23980ff89a5571a3a07e32/execute/sync - {"script":"<script> [5351 bytes]","args":[{"element-6066-11e4-a52e-4f735466cecf":"f.8BC31031A8A77F81AA6DDAE562E569BF.d.CECE35B8FDADFB3BD45358555752890B.e.6539","ELEMENT":"f.8BC31031A8A77F81AA6DDAE562E569BF.d.CECE35B8FDADFB3BD45358555752890B.e.6539"}]}
COMMAND: GET /session/0a56c8b3fe23980ff89a5571a3a07e32/screenshot - {}
RESULT: {"script":"<script> [5351 bytes]","args":[{"element-6066-11e4-a52e-4f735466cecf":"f.8BC31031A8A77F81AA6DDAE562E569BF.d.CECE35B8FDADFB3BD45358555752890B.e.6539","ELEMENT":"f.8BC31031A8A77F81AA6DDAE562E569BF.d.CECE35B8FDADFB3BD45358555752890B.e.6539"}]}
COMMAND: POST /session/0a56c8b3fe23980ff89a5571a3a07e32/element - {"using":"css selector","value":"#shell-header-logo"}
COMMAND: GET /session/0a56c8b3fe23980ff89a5571a3a07e32/screenshot - {}
RESULT: {}
RESULT: {"using":"css selector","value":"#shell-header-logo"}
COMMAND: POST /session/0a56c8b3fe23980ff89a5571a3a07e32/element/f.8BC31031A8A77F81AA6DDAE562E569BF.d.CECE35B8FDADFB3BD45358555752890B.e.6539/click - {}
RESULT: {}
RESULT: {}
COMMAND: GET /session/0a56c8b3fe23980ff89a5571a3a07e32/screenshot - {}
RESULT: {}
COMMAND: POST /session/0a56c8b3fe23980ff89a5571a3a07e32/execute/async - {"script":"<script> [189 bytes]","args":[]}
RESULT: {"script":"<script> [189 bytes]","args":[]}
COMMAND: POST /session/0a56c8b3fe23980ff89a5571a3a07e32/execute/async - {"script":"<script> [123 bytes]","args":[]}
RESULT: {"script":"<script> [123 bytes]","args":[]}
COMMAND: POST /session/0a56c8b3fe23980ff89a5571a3a07e32/timeouts - {"script":"<number>"}
RESULT: {"script":"<number>"}
COMMAND: GET /session/0a56c8b3fe23980ff89a5571a3a07e32/timeouts - {}
RESULT: {}
RESULT: undefined
COMMAND: POST /session/0a56c8b3fe23980ff89a5571a3a07e32/execute/async - {"script":"<script> [2676 bytes]","args":[]}
RESULT: {"script":"<script> [2676 bytes]","args":[]}
COMMAND: POST /session/0a56c8b3fe23980ff89a5571a3a07e32/execute/async - {"script":"<script> [2342 bytes]","args":[{"protocol":"http","hostname":"0.0.0.0","path":"/","capabilities":{"browserName":"chrome","goog:chromeOptions":{"binary":"C:\\Program Files\\Google\\Chrome\\Application\\chrome.exe","args":["--start-maximized"]}},"logLevel":"warn","connectionRetryTimeout":120000,"connectionRetryCount":3,"logLevels":{},"enableDirectConnect":true,"strictSSL":true,"_":"65 more keys: [\"cacheDir\",\"port\",\"requestedCapabilities\",\"automationProtocol\",\"baseUrl\",\"waitforInterval\",\"waitforTimeout\",\"onReload\",\"beforeCommand\",\"afterCommand\",\"rootDir\",\"specs\",\"suites\",\"exclude\",\"groupLogsByTestSpec\",\"excludeDriverLogs\",\"bail\",\"framework\",\"reporters\",\"services\",\"maxInstances\",\"maxInstancesPerCapability\",\"injectGlobals\",\"filesToWatch\",\"execArgv\",\"runnerEnv\",\"runner\",\"shard\",\"specFileRetries\",\"specFileRetriesDelay\",\"specFileRetriesDeferred\",\"reporterSyncInterval\",\"reporterSyncTimeout\",\"cucumberFeaturesWithLineNumbers\",\"autoCompileOpts\",\"mochaOpts\",\"jasmineOpts\",\"cucumberOpts\",\"onPrepare\",\"onWorkerStart\",\"onWorkerEnd\",\"before\",\"beforeSession\",\"beforeSuite\",\"beforeHook\",\"beforeTest\",\"afterTest\",\"afterHook\",\"afterSuite\",\"afterSession\",\"after\",\"onComplete\",\"beforeAssertion\",\"afterAssertion\",\"beforeFeature\",\"beforeScenario\",\"beforeStep\",\"afterStep\",\"afterScenario\",\"afterFeature\",\"_\",\"suite\",\"$0\",\"ignoredWorkerServices\",\"wdi5\"]"}]}
RESULT: {"script":"<script> [2342 bytes]","args":[{"protocol":"http","hostname":"0.0.0.0","path":"/","capabilities":{"browserName":"chrome","goog:chromeOptions":{"binary":"C:\\Program Files\\Google\\Chrome\\Application\\chrome.exe","args":["--start-maximized"]}},"logLevel":"warn","connectionRetryTimeout":120000,"connectionRetryCount":3,"logLevels":{},"enableDirectConnect":true,"strictSSL":true,"_":"65 more keys: [\"cacheDir\",\"port\",\"requestedCapabilities\",\"automationProtocol\",\"baseUrl\",\"waitforInterval\",\"waitforTimeout\",\"onReload\",\"beforeCommand\",\"afterCommand\",\"rootDir\",\"specs\",\"suites\",\"exclude\",\"groupLogsByTestSpec\",\"excludeDriverLogs\",\"bail\",\"framework\",\"reporters\",\"services\",\"maxInstances\",\"maxInstancesPerCapability\",\"injectGlobals\",\"filesToWatch\",\"execArgv\",\"runnerEnv\",\"runner\",\"shard\",\"specFileRetries\",\"specFileRetriesDelay\",\"specFileRetriesDeferred\",\"reporterSyncInterval\",\"reporterSyncTimeout\",\"cucumberFeaturesWithLineNumbers\",\"autoCompileOpts\",\"mochaOpts\",\"jasmineOpts\",\"cucumberOpts\",\"onPrepare\",\"onWorkerStart\",\"onWorkerEnd\",\"before\",\"beforeSession\",\"beforeSuite\",\"beforeHook\",\"beforeTest\",\"afterTest\",\"afterHook\",\"afterSuite\",\"afterSession\",\"after\",\"onComplete\",\"beforeAssertion\",\"afterAssertion\",\"beforeFeature\",\"beforeScenario\",\"beforeStep\",\"afterStep\",\"afterScenario\",\"afterFeature\",\"_\",\"suite\",\"$0\",\"ignoredWorkerServices\",\"wdi5\"]"}]}
COMMAND: POST /session/0a56c8b3fe23980ff89a5571a3a07e32/execute/async - {"script":"<script> [21126 bytes]","args":[35000]}
RESULT: {"script":"<script> [21126 bytes]","args":[35000]}
COMMAND: POST /session/0a56c8b3fe23980ff89a5571a3a07e32/window/maximize - {}
RESULT: {}
COMMAND: POST /session/0a56c8b3fe23980ff89a5571a3a07e32/execute/async - {"script":"<script> [1562 bytes]","args":[{"selector":{"id":"shell-header","interaction":{"idSuffix":"icon"}},"wdio_ui5_key":"shellheader"}]}
COMMAND: GET /session/0a56c8b3fe23980ff89a5571a3a07e32/screenshot - {}
RESULT: {"script":"<script> [1562 bytes]","args":[{"selector":{"id":"shell-header","interaction":{"idSuffix":"icon"}},"wdio_ui5_key":"shellheader"}]}
RESULT: undefined
COMMAND: POST /session/0a56c8b3fe23980ff89a5571a3a07e32/refresh - {}
RESULT: {}
RESULT: {}
COMMAND: GET /session/0a56c8b3fe23980ff89a5571a3a07e32/screenshot - {}
RESULT: {}
COMMAND: POST /session/0a56c8b3fe23980ff89a5571a3a07e32/refresh - {}
RESULT: {}
COMMAND: GET /session/0a56c8b3fe23980ff89a5571a3a07e32/screenshot - {}
RESULT: {}
COMMAND: POST /session/0a56c8b3fe23980ff89a5571a3a07e32/window/fullscreen - {}
RESULT: {}
COMMAND: POST /session/0a56c8b3fe23980ff89a5571a3a07e32/execute/async - {"script":"<script> [189 bytes]","args":[]}
RESULT: {"script":"<script> [189 bytes]","args":[]}
COMMAND: POST /session/0a56c8b3fe23980ff89a5571a3a07e32/execute/async - {"script":"<script> [123 bytes]","args":[]}
RESULT: {"script":"<script> [123 bytes]","args":[]}
COMMAND: POST /session/0a56c8b3fe23980ff89a5571a3a07e32/timeouts - {"script":"<number>"}
RESULT: {"script":"<number>"}
COMMAND: GET /session/0a56c8b3fe23980ff89a5571a3a07e32/timeouts - {}
RESULT: {}
RESULT: undefined
COMMAND: POST /session/0a56c8b3fe23980ff89a5571a3a07e32/execute/async - {"script":"<script> [2676 bytes]","args":[]}
RESULT: {"script":"<script> [2676 bytes]","args":[]}
COMMAND: POST /session/0a56c8b3fe23980ff89a5571a3a07e32/execute/async - {"script":"<script> [2342 bytes]","args":[{"protocol":"http","hostname":"0.0.0.0","path":"/","capabilities":{"browserName":"chrome","goog:chromeOptions":{"binary":"C:\\Program Files\\Google\\Chrome\\Application\\chrome.exe","args":["--start-maximized"]}},"logLevel":"warn","connectionRetryTimeout":120000,"connectionRetryCount":3,"logLevels":{},"enableDirectConnect":true,"strictSSL":true,"_":"65 more keys: [\"cacheDir\",\"port\",\"requestedCapabilities\",\"automationProtocol\",\"baseUrl\",\"waitforInterval\",\"waitforTimeout\",\"onReload\",\"beforeCommand\",\"afterCommand\",\"rootDir\",\"specs\",\"suites\",\"exclude\",\"groupLogsByTestSpec\",\"excludeDriverLogs\",\"bail\",\"framework\",\"reporters\",\"services\",\"maxInstances\",\"maxInstancesPerCapability\",\"injectGlobals\",\"filesToWatch\",\"execArgv\",\"runnerEnv\",\"runner\",\"shard\",\"specFileRetries\",\"specFileRetriesDelay\",\"specFileRetriesDeferred\",\"reporterSyncInterval\",\"reporterSyncTimeout\",\"cucumberFeaturesWithLineNumbers\",\"autoCompileOpts\",\"mochaOpts\",\"jasmineOpts\",\"cucumberOpts\",\"onPrepare\",\"onWorkerStart\",\"onWorkerEnd\",\"before\",\"beforeSession\",\"beforeSuite\",\"beforeHook\",\"beforeTest\",\"afterTest\",\"afterHook\",\"afterSuite\",\"afterSession\",\"after\",\"onComplete\",\"beforeAssertion\",\"afterAssertion\",\"beforeFeature\",\"beforeScenario\",\"beforeStep\",\"afterStep\",\"afterScenario\",\"afterFeature\",\"_\",\"suite\",\"$0\",\"ignoredWorkerServices\",\"wdi5\"]"}]}
RESULT: {"script":"<script> [2342 bytes]","args":[{"protocol":"http","hostname":"0.0.0.0","path":"/","capabilities":{"browserName":"chrome","goog:chromeOptions":{"binary":"C:\\Program Files\\Google\\Chrome\\Application\\chrome.exe","args":["--start-maximized"]}},"logLevel":"warn","connectionRetryTimeout":120000,"connectionRetryCount":3,"logLevels":{},"enableDirectConnect":true,"strictSSL":true,"_":"65 more keys: [\"cacheDir\",\"port\",\"requestedCapabilities\",\"automationProtocol\",\"baseUrl\",\"waitforInterval\",\"waitforTimeout\",\"onReload\",\"beforeCommand\",\"afterCommand\",\"rootDir\",\"specs\",\"suites\",\"exclude\",\"groupLogsByTestSpec\",\"excludeDriverLogs\",\"bail\",\"framework\",\"reporters\",\"services\",\"maxInstances\",\"maxInstancesPerCapability\",\"injectGlobals\",\"filesToWatch\",\"execArgv\",\"runnerEnv\",\"runner\",\"shard\",\"specFileRetries\",\"specFileRetriesDelay\",\"specFileRetriesDeferred\",\"reporterSyncInterval\",\"reporterSyncTimeout\",\"cucumberFeaturesWithLineNumbers\",\"autoCompileOpts\",\"mochaOpts\",\"jasmineOpts\",\"cucumberOpts\",\"onPrepare\",\"onWorkerStart\",\"onWorkerEnd\",\"before\",\"beforeSession\",\"beforeSuite\",\"beforeHook\",\"beforeTest\",\"afterTest\",\"afterHook\",\"afterSuite\",\"afterSession\",\"after\",\"onComplete\",\"beforeAssertion\",\"afterAssertion\",\"beforeFeature\",\"beforeScenario\",\"beforeStep\",\"afterStep\",\"afterScenario\",\"afterFeature\",\"_\",\"suite\",\"$0\",\"ignoredWorkerServices\",\"wdi5\"]"}]}
COMMAND: POST /session/0a56c8b3fe23980ff89a5571a3a07e32/execute/async - {"script":"<script> [21126 bytes]","args":[35000]}
RESULT: {"script":"<script> [21126 bytes]","args":[35000]}
]]></system-out>
    </testcase>
  </testsuite>
  <testsuite timestamp="2025-05-26T17:30:40" time="1482.973" tests="14" failures="0" errors="0" skipped="0">
    <properties>
      <property name="specId" value="0"/>
      <property name="suiteName" value="Create master data for mixed billing &amp; do billing calculation US151661"/>
      <property name="capabilities" value="chrome.136_0_7103_93.windows"/>
      <property name="file" value="file:///D:/a/1/s/test/specs/BTS/billing-calculation-mixed.spec.js"/>
    </properties>
    <testcase classname="chrome.136_0_7103_93.windows.Create_master_data_for_mixed_billing_&amp;_do_billing_calculation_US151661" name="Should create a new yard" time="135.146">
      <system-out><![CDATA[
COMMAND: POST /session/0a56c8b3fe23980ff89a5571a3a07e32/window/fullscreen - {}
RESULT: {}
COMMAND: POST /session/0a56c8b3fe23980ff89a5571a3a07e32/execute/async - {"script":"<script> [1562 bytes]","args":[{"selector":{"controlType":"sap.m.GenericTile","properties":{"header":"Manage Yards"}},"wdio_ui5_key":"sapm.GenericTile{\"header\":\"Manage Yards\"}"}]}
RESULT: {"script":"<script> [1562 bytes]","args":[{"selector":{"controlType":"sap.m.GenericTile","properties":{"header":"Manage Yards"}},"wdio_ui5_key":"sapm.GenericTile{\"header\":\"Manage Yards\"}"}]}
RESULT: undefined
COMMAND: POST /session/0a56c8b3fe23980ff89a5571a3a07e32/element - {"using":"xpath","value":"//*[@id=\"__tile41\"]"}
RESULT: {"using":"xpath","value":"//*[@id=\"__tile41\"]"}
COMMAND: POST /session/0a56c8b3fe23980ff89a5571a3a07e32/element/f.8BC31031A8A77F81AA6DDAE562E569BF.d.476EDF4A0F36DC2F375B56293B1D4715.e.6712/click - {}
RESULT: {}
COMMAND: GET /session/0a56c8b3fe23980ff89a5571a3a07e32/screenshot - {}
RESULT: {}
COMMAND: POST /session/0a56c8b3fe23980ff89a5571a3a07e32/elements - {"using":"xpath","value":"//span[text()='Error']"}
RESULT: {"using":"xpath","value":"//span[text()='Error']"}
COMMAND: POST /session/0a56c8b3fe23980ff89a5571a3a07e32/element - {"using":"xpath","value":"//button[@data-kt=\"addNewYardOverflowToolbarButton\"]"}
RESULT: {"using":"xpath","value":"//button[@data-kt=\"addNewYardOverflowToolbarButton\"]"}
COMMAND: POST /session/0a56c8b3fe23980ff89a5571a3a07e32/elements - {"using":"xpath","value":"//button[@data-kt=\"addNewYardOverflowToolbarButton\"]"}
RESULT: {"using":"xpath","value":"//button[@data-kt=\"addNewYardOverflowToolbarButton\"]"}
COMMAND: POST /session/0a56c8b3fe23980ff89a5571a3a07e32/execute/sync - {"script":"<script> [8489 bytes]","args":[{"element-6066-11e4-a52e-4f735466cecf":"f.8BC31031A8A77F81AA6DDAE562E569BF.d.476EDF4A0F36DC2F375B56293B1D4715.e.6856","ELEMENT":"f.8BC31031A8A77F81AA6DDAE562E569BF.d.476EDF4A0F36DC2F375B56293B1D4715.e.6856"}]}
RESULT: {"script":"<script> [8489 bytes]","args":[{"element-6066-11e4-a52e-4f735466cecf":"f.8BC31031A8A77F81AA6DDAE562E569BF.d.476EDF4A0F36DC2F375B56293B1D4715.e.6856","ELEMENT":"f.8BC31031A8A77F81AA6DDAE562E569BF.d.476EDF4A0F36DC2F375B56293B1D4715.e.6856"}]}
COMMAND: GET /session/0a56c8b3fe23980ff89a5571a3a07e32/element/f.8BC31031A8A77F81AA6DDAE562E569BF.d.476EDF4A0F36DC2F375B56293B1D4715.e.6856/enabled - {}
COMMAND: GET /session/0a56c8b3fe23980ff89a5571a3a07e32/screenshot - {}
RESULT: {}
COMMAND: POST /session/0a56c8b3fe23980ff89a5571a3a07e32/execute/sync - {"script":"<script> [8489 bytes]","args":[{"element-6066-11e4-a52e-4f735466cecf":"f.8BC31031A8A77F81AA6DDAE562E569BF.d.476EDF4A0F36DC2F375B56293B1D4715.e.6856","ELEMENT":"f.8BC31031A8A77F81AA6DDAE562E569BF.d.476EDF4A0F36DC2F375B56293B1D4715.e.6856"}]}
COMMAND: GET /session/0a56c8b3fe23980ff89a5571a3a07e32/screenshot - {}
RESULT: {}
RESULT: {"script":"<script> [8489 bytes]","args":[{"element-6066-11e4-a52e-4f735466cecf":"f.8BC31031A8A77F81AA6DDAE562E569BF.d.476EDF4A0F36DC2F375B56293B1D4715.e.6856","ELEMENT":"f.8BC31031A8A77F81AA6DDAE562E569BF.d.476EDF4A0F36DC2F375B56293B1D4715.e.6856"}]}
COMMAND: POST /session/0a56c8b3fe23980ff89a5571a3a07e32/execute/sync - {"script":"<script> [5351 bytes]","args":[{"element-6066-11e4-a52e-4f735466cecf":"f.8BC31031A8A77F81AA6DDAE562E569BF.d.476EDF4A0F36DC2F375B56293B1D4715.e.6856","ELEMENT":"f.8BC31031A8A77F81AA6DDAE562E569BF.d.476EDF4A0F36DC2F375B56293B1D4715.e.6856"}]}
COMMAND: GET /session/0a56c8b3fe23980ff89a5571a3a07e32/screenshot - {}
RESULT: {}
RESULT: {"script":"<script> [5351 bytes]","args":[{"element-6066-11e4-a52e-4f735466cecf":"f.8BC31031A8A77F81AA6DDAE562E569BF.d.476EDF4A0F36DC2F375B56293B1D4715.e.6856","ELEMENT":"f.8BC31031A8A77F81AA6DDAE562E569BF.d.476EDF4A0F36DC2F375B56293B1D4715.e.6856"}]}
COMMAND: POST /session/0a56c8b3fe23980ff89a5571a3a07e32/element/f.8BC31031A8A77F81AA6DDAE562E569BF.d.476EDF4A0F36DC2F375B56293B1D4715.e.6856/click - {}
COMMAND: GET /session/0a56c8b3fe23980ff89a5571a3a07e32/screenshot - {}
RESULT: {}
RESULT: {}
COMMAND: GET /session/0a56c8b3fe23980ff89a5571a3a07e32/screenshot - {}
COMMAND: POST /session/0a56c8b3fe23980ff89a5571a3a07e32/element - {"using":"xpath","value":"//input[@id=\"application-manageyards-display-component---NewYard--yardId-inner\"]"}
RESULT: {}
RESULT: {}
RESULT: {"using":"xpath","value":"//input[@id=\"application-manageyards-display-component---NewYard--yardId-inner\"]"}
COMMAND: POST /session/0a56c8b3fe23980ff89a5571a3a07e32/element - {"using":"xpath","value":"//input[@id=\"application-manageyards-display-component---NewYard--yardId-inner\"]"}
RESULT: {"using":"xpath","value":"//input[@id=\"application-manageyards-display-component---NewYard--yardId-inner\"]"}
COMMAND: POST /session/0a56c8b3fe23980ff89a5571a3a07e32/execute/async - {"script":"<script> [1562 bytes]","args":[{"selector":{"id":"application-manageyards-display-component---NewYard--addressDetailDetailsName1","interaction":{"idSuffix":"inner"}},"wdio_ui5_key":"applicationmanageyards-display-component---NewYard--addressDetailDetailsName1"}]}
RESULT: {"script":"<script> [1562 bytes]","args":[{"selector":{"id":"application-manageyards-display-component---NewYard--addressDetailDetailsName1","interaction":{"idSuffix":"inner"}},"wdio_ui5_key":"applicationmanageyards-display-component---NewYard--addressDetailDetailsName1"}]}
RESULT: undefined
COMMAND: POST /session/0a56c8b3fe23980ff89a5571a3a07e32/execute/async - {"script":"<script> [776 bytes]","args":[{"enterText":"Intercompany Yard wdIO","selector":{"id":"application-manageyards-display-component---NewYard--addressDetailDetailsName1","interaction":{"idSuffix":"inner"}},"clearTextFirst":true,"interactionType":"ENTER_TEXT"}]}
RESULT: {"script":"<script> [776 bytes]","args":[{"enterText":"Intercompany Yard wdIO","selector":{"id":"application-manageyards-display-component---NewYard--addressDetailDetailsName1","interaction":{"idSuffix":"inner"}},"clearTextFirst":true,"interactionType":"ENTER_TEXT"}]}
COMMAND: POST /session/0a56c8b3fe23980ff89a5571a3a07e32/execute/async - {"script":"<script> [1562 bytes]","args":[{"selector":{"id":"application-manageyards-display-component---NewYard--addressDetailDetailsLanguage-arrow"},"wdio_ui5_key":"applicationmanageyards-display-component---NewYard--addressDetailDetailsLanguage-arrow"}]}
RESULT: {"script":"<script> [1562 bytes]","args":[{"selector":{"id":"application-manageyards-display-component---NewYard--addressDetailDetailsLanguage-arrow"},"wdio_ui5_key":"applicationmanageyards-display-component---NewYard--addressDetailDetailsLanguage-arrow"}]}
RESULT: undefined
COMMAND: POST /session/0a56c8b3fe23980ff89a5571a3a07e32/element - {"using":"xpath","value":"//*[@id=\"application-manageyards-display-component---NewYard--addressDetailDetailsLanguage-arrow\"]"}
RESULT: {"using":"xpath","value":"//*[@id=\"application-manageyards-display-component---NewYard--addressDetailDetailsLanguage-arrow\"]"}
COMMAND: POST /session/0a56c8b3fe23980ff89a5571a3a07e32/element/f.8BC31031A8A77F81AA6DDAE562E569BF.d.476EDF4A0F36DC2F375B56293B1D4715.e.7267/click - {}
RESULT: {}
COMMAND: POST /session/0a56c8b3fe23980ff89a5571a3a07e32/element - {"using":"xpath","value":"//span[contains(text(), \"English\")]"}
COMMAND: GET /session/0a56c8b3fe23980ff89a5571a3a07e32/screenshot - {}
RESULT: {"using":"xpath","value":"//span[contains(text(), \"English\")]"}
COMMAND: POST /session/0a56c8b3fe23980ff89a5571a3a07e32/element/f.8BC31031A8A77F81AA6DDAE562E569BF.d.476EDF4A0F36DC2F375B56293B1D4715.e.7268/click - {}
RESULT: {}
RESULT: {}
COMMAND: POST /session/0a56c8b3fe23980ff89a5571a3a07e32/execute/async - {"script":"<script> [1562 bytes]","args":[{"selector":{"id":"application-manageyards-display-component---NewYard--addressDetailDetailsCity1","interaction":{"idSuffix":"inner"}},"wdio_ui5_key":"applicationmanageyards-display-component---NewYard--addressDetailDetailsCity1"}]}
COMMAND: GET /session/0a56c8b3fe23980ff89a5571a3a07e32/screenshot - {}
RESULT: {"script":"<script> [1562 bytes]","args":[{"selector":{"id":"application-manageyards-display-component---NewYard--addressDetailDetailsCity1","interaction":{"idSuffix":"inner"}},"wdio_ui5_key":"applicationmanageyards-display-component---NewYard--addressDetailDetailsCity1"}]}
RESULT: undefined
COMMAND: POST /session/0a56c8b3fe23980ff89a5571a3a07e32/execute/async - {"script":"<script> [776 bytes]","args":[{"enterText":"Rosario","selector":{"id":"application-manageyards-display-component---NewYard--addressDetailDetailsCity1","interaction":{"idSuffix":"inner"}},"clearTextFirst":true,"interactionType":"ENTER_TEXT"}]}
RESULT: {}
RESULT: {"script":"<script> [776 bytes]","args":[{"enterText":"Rosario","selector":{"id":"application-manageyards-display-component---NewYard--addressDetailDetailsCity1","interaction":{"idSuffix":"inner"}},"clearTextFirst":true,"interactionType":"ENTER_TEXT"}]}
COMMAND: POST /session/0a56c8b3fe23980ff89a5571a3a07e32/execute/async - {"script":"<script> [1562 bytes]","args":[{"selector":{"id":"application-manageyards-display-component---NewYard--addressDetailDetailsCountry-arrow"},"wdio_ui5_key":"applicationmanageyards-display-component---NewYard--addressDetailDetailsCountry-arrow"}]}
RESULT: {"script":"<script> [1562 bytes]","args":[{"selector":{"id":"application-manageyards-display-component---NewYard--addressDetailDetailsCountry-arrow"},"wdio_ui5_key":"applicationmanageyards-display-component---NewYard--addressDetailDetailsCountry-arrow"}]}
RESULT: undefined
COMMAND: POST /session/0a56c8b3fe23980ff89a5571a3a07e32/element - {"using":"xpath","value":"//*[@id=\"application-manageyards-display-component---NewYard--addressDetailDetailsCountry-arrow\"]"}
RESULT: {"using":"xpath","value":"//*[@id=\"application-manageyards-display-component---NewYard--addressDetailDetailsCountry-arrow\"]"}
COMMAND: POST /session/0a56c8b3fe23980ff89a5571a3a07e32/element/f.8BC31031A8A77F81AA6DDAE562E569BF.d.476EDF4A0F36DC2F375B56293B1D4715.e.7270/click - {}
RESULT: {}
COMMAND: POST /session/0a56c8b3fe23980ff89a5571a3a07e32/element - {"using":"xpath","value":"//span[contains(text(), \"Argentina\")]"}
COMMAND: GET /session/0a56c8b3fe23980ff89a5571a3a07e32/screenshot - {}
RESULT: {"using":"xpath","value":"//span[contains(text(), \"Argentina\")]"}
COMMAND: POST /session/0a56c8b3fe23980ff89a5571a3a07e32/element/f.8BC31031A8A77F81AA6DDAE562E569BF.d.476EDF4A0F36DC2F375B56293B1D4715.e.7272/click - {}
RESULT: {}
RESULT: {}
COMMAND: POST /session/0a56c8b3fe23980ff89a5571a3a07e32/execute/async - {"script":"<script> [1562 bytes]","args":[{"selector":{"id":"application-manageyards-display-component---NewYard--addressEditDetailsCostObjectCstType-arrow"},"wdio_ui5_key":"applicationmanageyards-display-component---NewYard--addressEditDetailsCostObjectCstType-arrow"}]}
COMMAND: GET /session/0a56c8b3fe23980ff89a5571a3a07e32/screenshot - {}
RESULT: {"script":"<script> [1562 bytes]","args":[{"selector":{"id":"application-manageyards-display-component---NewYard--addressEditDetailsCostObjectCstType-arrow"},"wdio_ui5_key":"applicationmanageyards-display-component---NewYard--addressEditDetailsCostObjectCstType-arrow"}]}
RESULT: undefined
COMMAND: POST /session/0a56c8b3fe23980ff89a5571a3a07e32/element - {"using":"xpath","value":"//*[@id=\"application-manageyards-display-component---NewYard--addressEditDetailsCostObjectCstType-arrow\"]"}
RESULT: {}
RESULT: {"using":"xpath","value":"//*[@id=\"application-manageyards-display-component---NewYard--addressEditDetailsCostObjectCstType-arrow\"]"}
COMMAND: POST /session/0a56c8b3fe23980ff89a5571a3a07e32/element/f.8BC31031A8A77F81AA6DDAE562E569BF.d.476EDF4A0F36DC2F375B56293B1D4715.e.7273/click - {}
RESULT: {}
COMMAND: POST /session/0a56c8b3fe23980ff89a5571a3a07e32/element - {"using":"xpath","value":"//span[contains(text(), \"Cost Center\")]"}
COMMAND: GET /session/0a56c8b3fe23980ff89a5571a3a07e32/screenshot - {}
RESULT: {"using":"xpath","value":"//span[contains(text(), \"Cost Center\")]"}
COMMAND: POST /session/0a56c8b3fe23980ff89a5571a3a07e32/element/f.8BC31031A8A77F81AA6DDAE562E569BF.d.476EDF4A0F36DC2F375B56293B1D4715.e.7274/click - {}
RESULT: {}
RESULT: {}
COMMAND: GET /session/0a56c8b3fe23980ff89a5571a3a07e32/screenshot - {}
RESULT: {}
COMMAND: POST /session/0a56c8b3fe23980ff89a5571a3a07e32/element - {"using":"xpath","value":"//span[@id=\"application-manageyards-display-component---NewYard--addressNewCostObjectCstID-vhi\"]"}
RESULT: {"using":"xpath","value":"//span[@id=\"application-manageyards-display-component---NewYard--addressNewCostObjectCstID-vhi\"]"}
COMMAND: POST /session/0a56c8b3fe23980ff89a5571a3a07e32/execute/sync - {"script":"<script> [8489 bytes]","args":[{"element-6066-11e4-a52e-4f735466cecf":"f.8BC31031A8A77F81AA6DDAE562E569BF.d.476EDF4A0F36DC2F375B56293B1D4715.e.7278","ELEMENT":"f.8BC31031A8A77F81AA6DDAE562E569BF.d.476EDF4A0F36DC2F375B56293B1D4715.e.7278"}]}
RESULT: {"script":"<script> [8489 bytes]","args":[{"element-6066-11e4-a52e-4f735466cecf":"f.8BC31031A8A77F81AA6DDAE562E569BF.d.476EDF4A0F36DC2F375B56293B1D4715.e.7278","ELEMENT":"f.8BC31031A8A77F81AA6DDAE562E569BF.d.476EDF4A0F36DC2F375B56293B1D4715.e.7278"}]}
COMMAND: POST /session/0a56c8b3fe23980ff89a5571a3a07e32/execute/async - {"script":"<script> [1562 bytes]","args":[{"selector":{"id":"application-manageyards-display-component---NewYard--addressNewCostObjectCstID-vhi"},"wdio_ui5_key":"applicationmanageyards-display-component---NewYard--addressNewCostObjectCstID-vhi"}]}
COMMAND: GET /session/0a56c8b3fe23980ff89a5571a3a07e32/screenshot - {}
RESULT: {"script":"<script> [1562 bytes]","args":[{"selector":{"id":"application-manageyards-display-component---NewYard--addressNewCostObjectCstID-vhi"},"wdio_ui5_key":"applicationmanageyards-display-component---NewYard--addressNewCostObjectCstID-vhi"}]}
RESULT: undefined
COMMAND: POST /session/0a56c8b3fe23980ff89a5571a3a07e32/element - {"using":"xpath","value":"//*[@id=\"application-manageyards-display-component---NewYard--addressNewCostObjectCstID-vhi\"]"}
RESULT: {}
RESULT: {"using":"xpath","value":"//*[@id=\"application-manageyards-display-component---NewYard--addressNewCostObjectCstID-vhi\"]"}
COMMAND: POST /session/0a56c8b3fe23980ff89a5571a3a07e32/element/f.8BC31031A8A77F81AA6DDAE562E569BF.d.476EDF4A0F36DC2F375B56293B1D4715.e.7278/click - {}
RESULT: {}
COMMAND: GET /session/0a56c8b3fe23980ff89a5571a3a07e32/screenshot - {}
RESULT: {}
COMMAND: POST /session/0a56c8b3fe23980ff89a5571a3a07e32/execute/async - {"script":"<script> [1562 bytes]","args":[{"selector":{"controlType":"sap.m.SearchField","properties":{"placeholder":"Search"},"searchOpenDialogs":true,"interaction":{"idSuffix":"I"}},"wdio_ui5_key":"sapm.SearchField{\"placeholder\":\"Search\"}"}]}
RESULT: {"script":"<script> [1562 bytes]","args":[{"selector":{"controlType":"sap.m.SearchField","properties":{"placeholder":"Search"},"searchOpenDialogs":true,"interaction":{"idSuffix":"I"}},"wdio_ui5_key":"sapm.SearchField{\"placeholder\":\"Search\"}"}]}
RESULT: undefined
COMMAND: POST /session/0a56c8b3fe23980ff89a5571a3a07e32/execute/async - {"script":"<script> [776 bytes]","args":[{"enterText":"bauh_b","selector":{"controlType":"sap.m.SearchField","properties":{"placeholder":"Search"},"searchOpenDialogs":true,"interaction":{"idSuffix":"I"}},"clearTextFirst":true,"interactionType":"ENTER_TEXT"}]}
RESULT: {"script":"<script> [776 bytes]","args":[{"enterText":"bauh_b","selector":{"controlType":"sap.m.SearchField","properties":{"placeholder":"Search"},"searchOpenDialogs":true,"interaction":{"idSuffix":"I"}},"clearTextFirst":true,"interactionType":"ENTER_TEXT"}]}
COMMAND: POST /session/0a56c8b3fe23980ff89a5571a3a07e32/actions - {"actions":[{"id":"action21","type":"key","parameters":{},"actions":[{"type":"keyDown","value":""},{"type":"pause","duration":10},{"type":"keyUp","value":""}]}]}
RESULT: {"actions":[{"id":"action21","type":"key","parameters":{},"actions":[{"type":"keyDown","value":""},{"type":"pause","duration":10},{"type":"keyUp","value":""}]}]}
COMMAND: GET /session/0a56c8b3fe23980ff89a5571a3a07e32/screenshot - {}
RESULT: {}
COMMAND: POST /session/0a56c8b3fe23980ff89a5571a3a07e32/element - {"using":"xpath","value":"//span[contains(text(), \"Demo Yard\")]"}
RESULT: {"using":"xpath","value":"//span[contains(text(), \"Demo Yard\")]"}
COMMAND: POST /session/0a56c8b3fe23980ff89a5571a3a07e32/element/f.8BC31031A8A77F81AA6DDAE562E569BF.d.476EDF4A0F36DC2F375B56293B1D4715.e.7318/click - {}
RESULT: {}
COMMAND: GET /session/0a56c8b3fe23980ff89a5571a3a07e32/screenshot - {}
RESULT: {}
COMMAND: POST /session/0a56c8b3fe23980ff89a5571a3a07e32/element - {"using":"xpath","value":"//bdi[contains(text(), \"OK\")]"}
RESULT: {"using":"xpath","value":"//bdi[contains(text(), \"OK\")]"}
COMMAND: POST /session/0a56c8b3fe23980ff89a5571a3a07e32/element/f.8BC31031A8A77F81AA6DDAE562E569BF.d.476EDF4A0F36DC2F375B56293B1D4715.e.7319/click - {}
RESULT: {}
COMMAND: GET /session/0a56c8b3fe23980ff89a5571a3a07e32/screenshot - {}
RESULT: {}
COMMAND: POST /session/0a56c8b3fe23980ff89a5571a3a07e32/execute/async - {"script":"<script> [1562 bytes]","args":[{"selector":{"id":"application-manageyards-display-component---NewYard--addressEditDetailsCurrency-arrow"},"wdio_ui5_key":"applicationmanageyards-display-component---NewYard--addressEditDetailsCurrency-arrow"}]}
RESULT: {"script":"<script> [1562 bytes]","args":[{"selector":{"id":"application-manageyards-display-component---NewYard--addressEditDetailsCurrency-arrow"},"wdio_ui5_key":"applicationmanageyards-display-component---NewYard--addressEditDetailsCurrency-arrow"}]}
RESULT: undefined
COMMAND: POST /session/0a56c8b3fe23980ff89a5571a3a07e32/element - {"using":"xpath","value":"//*[@id=\"application-manageyards-display-component---NewYard--addressEditDetailsCurrency-arrow\"]"}
RESULT: {"using":"xpath","value":"//*[@id=\"application-manageyards-display-component---NewYard--addressEditDetailsCurrency-arrow\"]"}
COMMAND: POST /session/0a56c8b3fe23980ff89a5571a3a07e32/element/f.8BC31031A8A77F81AA6DDAE562E569BF.d.476EDF4A0F36DC2F375B56293B1D4715.e.7322/click - {}
RESULT: {}
COMMAND: POST /session/0a56c8b3fe23980ff89a5571a3a07e32/element - {"using":"xpath","value":"//span[contains(text(), \"Euro\")]"}
COMMAND: GET /session/0a56c8b3fe23980ff89a5571a3a07e32/screenshot - {}
RESULT: {"using":"xpath","value":"//span[contains(text(), \"Euro\")]"}
COMMAND: POST /session/0a56c8b3fe23980ff89a5571a3a07e32/element/f.8BC31031A8A77F81AA6DDAE562E569BF.d.476EDF4A0F36DC2F375B56293B1D4715.e.7323/click - {}
RESULT: {}
RESULT: {}
COMMAND: POST /session/0a56c8b3fe23980ff89a5571a3a07e32/execute/async - {"script":"<script> [1562 bytes]","args":[{"selector":{"controlType":"sap.m.Input","viewName":"etm.portal.ui.manageyards.view.New","viewId":"application-manageyards-display-component---NewYard","bindingPath":{"path":"","propertyPath":"/CONTROLLING_AREA","modelName":"NewYardModel"},"interaction":{"idSuffix":"inner"}},"wdio_ui5_key":"etmportal.ui.manageyards.view.Newsap.m.Input{\"path\":\"\",\"propertyPath\":\"/CONTROLLING_AREA\",\"modelName\":\"NewYardModel\"}"}]}
COMMAND: GET /session/0a56c8b3fe23980ff89a5571a3a07e32/screenshot - {}
RESULT: {"script":"<script> [1562 bytes]","args":[{"selector":{"controlType":"sap.m.Input","viewName":"etm.portal.ui.manageyards.view.New","viewId":"application-manageyards-display-component---NewYard","bindingPath":{"path":"","propertyPath":"/CONTROLLING_AREA","modelName":"NewYardModel"},"interaction":{"idSuffix":"inner"}},"wdio_ui5_key":"etmportal.ui.manageyards.view.Newsap.m.Input{\"path\":\"\",\"propertyPath\":\"/CONTROLLING_AREA\",\"modelName\":\"NewYardModel\"}"}]}
RESULT: undefined
COMMAND: POST /session/0a56c8b3fe23980ff89a5571a3a07e32/execute/async - {"script":"<script> [776 bytes]","args":[{"enterText":"Z001","selector":{"controlType":"sap.m.Input","viewName":"etm.portal.ui.manageyards.view.New","viewId":"application-manageyards-display-component---NewYard","bindingPath":{"path":"","propertyPath":"/CONTROLLING_AREA","modelName":"NewYardModel"},"interaction":{"idSuffix":"inner"}},"clearTextFirst":true,"interactionType":"ENTER_TEXT"}]}
RESULT: {}
RESULT: {"script":"<script> [776 bytes]","args":[{"enterText":"Z001","selector":{"controlType":"sap.m.Input","viewName":"etm.portal.ui.manageyards.view.New","viewId":"application-manageyards-display-component---NewYard","bindingPath":{"path":"","propertyPath":"/CONTROLLING_AREA","modelName":"NewYardModel"},"interaction":{"idSuffix":"inner"}},"clearTextFirst":true,"interactionType":"ENTER_TEXT"}]}
COMMAND: POST /session/0a56c8b3fe23980ff89a5571a3a07e32/execute/async - {"script":"<script> [1562 bytes]","args":[{"selector":{"id":"application-manageyards-display-component---NewYard--companyCodeComboBox","interaction":{"idSuffix":"inner"}},"wdio_ui5_key":"applicationmanageyards-display-component---NewYard--companyCodeComboBox"}]}
RESULT: {"script":"<script> [1562 bytes]","args":[{"selector":{"id":"application-manageyards-display-component---NewYard--companyCodeComboBox","interaction":{"idSuffix":"inner"}},"wdio_ui5_key":"applicationmanageyards-display-component---NewYard--companyCodeComboBox"}]}
RESULT: undefined
COMMAND: POST /session/0a56c8b3fe23980ff89a5571a3a07e32/execute/async - {"script":"<script> [776 bytes]","args":[{"enterText":"1000","selector":{"id":"application-manageyards-display-component---NewYard--companyCodeComboBox","interaction":{"idSuffix":"inner"}},"clearTextFirst":true,"interactionType":"ENTER_TEXT"}]}
RESULT: {"script":"<script> [776 bytes]","args":[{"enterText":"1000","selector":{"id":"application-manageyards-display-component---NewYard--companyCodeComboBox","interaction":{"idSuffix":"inner"}},"clearTextFirst":true,"interactionType":"ENTER_TEXT"}]}
COMMAND: POST /session/0a56c8b3fe23980ff89a5571a3a07e32/execute/async - {"script":"<script> [1562 bytes]","args":[{"selector":{"controlType":"sap.m.Input","viewName":"etm.portal.ui.manageyards.view.New","viewId":"application-manageyards-display-component---NewYard","bindingPath":{"path":"","propertyPath":"/PLANT","modelName":"NewYardModel"},"interaction":{"idSuffix":"inner"}},"wdio_ui5_key":"etmportal.ui.manageyards.view.Newsap.m.Input{\"path\":\"\",\"propertyPath\":\"/PLANT\",\"modelName\":\"NewYardModel\"}"}]}
RESULT: {"script":"<script> [1562 bytes]","args":[{"selector":{"controlType":"sap.m.Input","viewName":"etm.portal.ui.manageyards.view.New","viewId":"application-manageyards-display-component---NewYard","bindingPath":{"path":"","propertyPath":"/PLANT","modelName":"NewYardModel"},"interaction":{"idSuffix":"inner"}},"wdio_ui5_key":"etmportal.ui.manageyards.view.Newsap.m.Input{\"path\":\"\",\"propertyPath\":\"/PLANT\",\"modelName\":\"NewYardModel\"}"}]}
RESULT: undefined
COMMAND: POST /session/0a56c8b3fe23980ff89a5571a3a07e32/execute/async - {"script":"<script> [776 bytes]","args":[{"enterText":"1001","selector":{"controlType":"sap.m.Input","viewName":"etm.portal.ui.manageyards.view.New","viewId":"application-manageyards-display-component---NewYard","bindingPath":{"path":"","propertyPath":"/PLANT","modelName":"NewYardModel"},"interaction":{"idSuffix":"inner"}},"clearTextFirst":true,"interactionType":"ENTER_TEXT"}]}
RESULT: {"script":"<script> [776 bytes]","args":[{"enterText":"1001","selector":{"controlType":"sap.m.Input","viewName":"etm.portal.ui.manageyards.view.New","viewId":"application-manageyards-display-component---NewYard","bindingPath":{"path":"","propertyPath":"/PLANT","modelName":"NewYardModel"},"interaction":{"idSuffix":"inner"}},"clearTextFirst":true,"interactionType":"ENTER_TEXT"}]}
COMMAND: POST /session/0a56c8b3fe23980ff89a5571a3a07e32/execute/async - {"script":"<script> [1562 bytes]","args":[{"selector":{"controlType":"sap.m.Input","viewName":"etm.portal.ui.manageyards.view.New","viewId":"application-manageyards-display-component---NewYard","bindingPath":{"path":"","propertyPath":"/SALES_AREA_VKORG","modelName":"NewYardModel"},"interaction":{"idSuffix":"inner"}},"wdio_ui5_key":"etmportal.ui.manageyards.view.Newsap.m.Input{\"path\":\"\",\"propertyPath\":\"/SALES_AREA_VKORG\",\"modelName\":\"NewYardModel\"}"}]}
RESULT: {"script":"<script> [1562 bytes]","args":[{"selector":{"controlType":"sap.m.Input","viewName":"etm.portal.ui.manageyards.view.New","viewId":"application-manageyards-display-component---NewYard","bindingPath":{"path":"","propertyPath":"/SALES_AREA_VKORG","modelName":"NewYardModel"},"interaction":{"idSuffix":"inner"}},"wdio_ui5_key":"etmportal.ui.manageyards.view.Newsap.m.Input{\"path\":\"\",\"propertyPath\":\"/SALES_AREA_VKORG\",\"modelName\":\"NewYardModel\"}"}]}
RESULT: undefined
COMMAND: POST /session/0a56c8b3fe23980ff89a5571a3a07e32/execute/async - {"script":"<script> [776 bytes]","args":[{"enterText":"C002","selector":{"controlType":"sap.m.Input","viewName":"etm.portal.ui.manageyards.view.New","viewId":"application-manageyards-display-component---NewYard","bindingPath":{"path":"","propertyPath":"/SALES_AREA_VKORG","modelName":"NewYardModel"},"interaction":{"idSuffix":"inner"}},"clearTextFirst":true,"interactionType":"ENTER_TEXT"}]}
RESULT: {"script":"<script> [776 bytes]","args":[{"enterText":"C002","selector":{"controlType":"sap.m.Input","viewName":"etm.portal.ui.manageyards.view.New","viewId":"application-manageyards-display-component---NewYard","bindingPath":{"path":"","propertyPath":"/SALES_AREA_VKORG","modelName":"NewYardModel"},"interaction":{"idSuffix":"inner"}},"clearTextFirst":true,"interactionType":"ENTER_TEXT"}]}
COMMAND: POST /session/0a56c8b3fe23980ff89a5571a3a07e32/execute/async - {"script":"<script> [1562 bytes]","args":[{"selector":{"controlType":"sap.m.Input","viewName":"etm.portal.ui.manageyards.view.New","viewId":"application-manageyards-display-component---NewYard","bindingPath":{"path":"","propertyPath":"/SALES_AREA_VTWEG","modelName":"NewYardModel"},"interaction":{"idSuffix":"inner"}},"wdio_ui5_key":"etmportal.ui.manageyards.view.Newsap.m.Input{\"path\":\"\",\"propertyPath\":\"/SALES_AREA_VTWEG\",\"modelName\":\"NewYardModel\"}"}]}
RESULT: {"script":"<script> [1562 bytes]","args":[{"selector":{"controlType":"sap.m.Input","viewName":"etm.portal.ui.manageyards.view.New","viewId":"application-manageyards-display-component---NewYard","bindingPath":{"path":"","propertyPath":"/SALES_AREA_VTWEG","modelName":"NewYardModel"},"interaction":{"idSuffix":"inner"}},"wdio_ui5_key":"etmportal.ui.manageyards.view.Newsap.m.Input{\"path\":\"\",\"propertyPath\":\"/SALES_AREA_VTWEG\",\"modelName\":\"NewYardModel\"}"}]}
RESULT: undefined
COMMAND: POST /session/0a56c8b3fe23980ff89a5571a3a07e32/execute/async - {"script":"<script> [776 bytes]","args":[{"enterText":"C2","selector":{"controlType":"sap.m.Input","viewName":"etm.portal.ui.manageyards.view.New","viewId":"application-manageyards-display-component---NewYard","bindingPath":{"path":"","propertyPath":"/SALES_AREA_VTWEG","modelName":"NewYardModel"},"interaction":{"idSuffix":"inner"}},"clearTextFirst":true,"interactionType":"ENTER_TEXT"}]}
RESULT: {"script":"<script> [776 bytes]","args":[{"enterText":"C2","selector":{"controlType":"sap.m.Input","viewName":"etm.portal.ui.manageyards.view.New","viewId":"application-manageyards-display-component---NewYard","bindingPath":{"path":"","propertyPath":"/SALES_AREA_VTWEG","modelName":"NewYardModel"},"interaction":{"idSuffix":"inner"}},"clearTextFirst":true,"interactionType":"ENTER_TEXT"}]}
COMMAND: POST /session/0a56c8b3fe23980ff89a5571a3a07e32/execute/async - {"script":"<script> [1562 bytes]","args":[{"selector":{"controlType":"sap.m.Input","viewName":"etm.portal.ui.manageyards.view.New","viewId":"application-manageyards-display-component---NewYard","bindingPath":{"path":"","propertyPath":"/SALES_AREA_SPART","modelName":"NewYardModel"},"interaction":{"idSuffix":"inner"}},"wdio_ui5_key":"etmportal.ui.manageyards.view.Newsap.m.Input{\"path\":\"\",\"propertyPath\":\"/SALES_AREA_SPART\",\"modelName\":\"NewYardModel\"}"}]}
RESULT: {"script":"<script> [1562 bytes]","args":[{"selector":{"controlType":"sap.m.Input","viewName":"etm.portal.ui.manageyards.view.New","viewId":"application-manageyards-display-component---NewYard","bindingPath":{"path":"","propertyPath":"/SALES_AREA_SPART","modelName":"NewYardModel"},"interaction":{"idSuffix":"inner"}},"wdio_ui5_key":"etmportal.ui.manageyards.view.Newsap.m.Input{\"path\":\"\",\"propertyPath\":\"/SALES_AREA_SPART\",\"modelName\":\"NewYardModel\"}"}]}
RESULT: undefined
COMMAND: POST /session/0a56c8b3fe23980ff89a5571a3a07e32/execute/async - {"script":"<script> [776 bytes]","args":[{"enterText":"C2","selector":{"controlType":"sap.m.Input","viewName":"etm.portal.ui.manageyards.view.New","viewId":"application-manageyards-display-component---NewYard","bindingPath":{"path":"","propertyPath":"/SALES_AREA_SPART","modelName":"NewYardModel"},"interaction":{"idSuffix":"inner"}},"clearTextFirst":true,"interactionType":"ENTER_TEXT"}]}
RESULT: {"script":"<script> [776 bytes]","args":[{"enterText":"C2","selector":{"controlType":"sap.m.Input","viewName":"etm.portal.ui.manageyards.view.New","viewId":"application-manageyards-display-component---NewYard","bindingPath":{"path":"","propertyPath":"/SALES_AREA_SPART","modelName":"NewYardModel"},"interaction":{"idSuffix":"inner"}},"clearTextFirst":true,"interactionType":"ENTER_TEXT"}]}
COMMAND: POST /session/0a56c8b3fe23980ff89a5571a3a07e32/execute/async - {"script":"<script> [1562 bytes]","args":[{"selector":{"controlType":"sap.m.Input","viewName":"etm.portal.ui.manageyards.view.New","viewId":"application-manageyards-display-component---NewYard","bindingPath":{"path":"","propertyPath":"/SHIP_POINT","modelName":"NewYardModel"},"interaction":{"idSuffix":"inner"}},"wdio_ui5_key":"etmportal.ui.manageyards.view.Newsap.m.Input{\"path\":\"\",\"propertyPath\":\"/SHIP_POINT\",\"modelName\":\"NewYardModel\"}"}]}
RESULT: {"script":"<script> [1562 bytes]","args":[{"selector":{"controlType":"sap.m.Input","viewName":"etm.portal.ui.manageyards.view.New","viewId":"application-manageyards-display-component---NewYard","bindingPath":{"path":"","propertyPath":"/SHIP_POINT","modelName":"NewYardModel"},"interaction":{"idSuffix":"inner"}},"wdio_ui5_key":"etmportal.ui.manageyards.view.Newsap.m.Input{\"path\":\"\",\"propertyPath\":\"/SHIP_POINT\",\"modelName\":\"NewYardModel\"}"}]}
RESULT: undefined
COMMAND: POST /session/0a56c8b3fe23980ff89a5571a3a07e32/execute/async - {"script":"<script> [776 bytes]","args":[{"enterText":"1710","selector":{"controlType":"sap.m.Input","viewName":"etm.portal.ui.manageyards.view.New","viewId":"application-manageyards-display-component---NewYard","bindingPath":{"path":"","propertyPath":"/SHIP_POINT","modelName":"NewYardModel"},"interaction":{"idSuffix":"inner"}},"clearTextFirst":true,"interactionType":"ENTER_TEXT"}]}
RESULT: {"script":"<script> [776 bytes]","args":[{"enterText":"1710","selector":{"controlType":"sap.m.Input","viewName":"etm.portal.ui.manageyards.view.New","viewId":"application-manageyards-display-component---NewYard","bindingPath":{"path":"","propertyPath":"/SHIP_POINT","modelName":"NewYardModel"},"interaction":{"idSuffix":"inner"}},"clearTextFirst":true,"interactionType":"ENTER_TEXT"}]}
COMMAND: POST /session/0a56c8b3fe23980ff89a5571a3a07e32/execute/async - {"script":"<script> [1562 bytes]","args":[{"selector":{"controlType":"sap.m.Input","viewName":"etm.portal.ui.manageyards.view.New","viewId":"application-manageyards-display-component---NewYard","bindingPath":{"path":"","propertyPath":"/DELIVERY_TYPE","modelName":"NewYardModel"},"interaction":{"idSuffix":"inner"}},"wdio_ui5_key":"etmportal.ui.manageyards.view.Newsap.m.Input{\"path\":\"\",\"propertyPath\":\"/DELIVERY_TYPE\",\"modelName\":\"NewYardModel\"}"}]}
RESULT: {"script":"<script> [1562 bytes]","args":[{"selector":{"controlType":"sap.m.Input","viewName":"etm.portal.ui.manageyards.view.New","viewId":"application-manageyards-display-component---NewYard","bindingPath":{"path":"","propertyPath":"/DELIVERY_TYPE","modelName":"NewYardModel"},"interaction":{"idSuffix":"inner"}},"wdio_ui5_key":"etmportal.ui.manageyards.view.Newsap.m.Input{\"path\":\"\",\"propertyPath\":\"/DELIVERY_TYPE\",\"modelName\":\"NewYardModel\"}"}]}
RESULT: undefined
COMMAND: POST /session/0a56c8b3fe23980ff89a5571a3a07e32/execute/async - {"script":"<script> [776 bytes]","args":[{"enterText":"ZL01","selector":{"controlType":"sap.m.Input","viewName":"etm.portal.ui.manageyards.view.New","viewId":"application-manageyards-display-component---NewYard","bindingPath":{"path":"","propertyPath":"/DELIVERY_TYPE","modelName":"NewYardModel"},"interaction":{"idSuffix":"inner"}},"clearTextFirst":true,"interactionType":"ENTER_TEXT"}]}
RESULT: {"script":"<script> [776 bytes]","args":[{"enterText":"ZL01","selector":{"controlType":"sap.m.Input","viewName":"etm.portal.ui.manageyards.view.New","viewId":"application-manageyards-display-component---NewYard","bindingPath":{"path":"","propertyPath":"/DELIVERY_TYPE","modelName":"NewYardModel"},"interaction":{"idSuffix":"inner"}},"clearTextFirst":true,"interactionType":"ENTER_TEXT"}]}
COMMAND: POST /session/0a56c8b3fe23980ff89a5571a3a07e32/execute/async - {"script":"<script> [1562 bytes]","args":[{"selector":{"controlType":"sap.m.Input","viewName":"etm.portal.ui.manageyards.view.New","viewId":"application-manageyards-display-component---NewYard","bindingPath":{"path":"","propertyPath":"/AUART","modelName":"NewYardModel"},"interaction":{"idSuffix":"inner"}},"wdio_ui5_key":"etmportal.ui.manageyards.view.Newsap.m.Input{\"path\":\"\",\"propertyPath\":\"/AUART\",\"modelName\":\"NewYardModel\"}"}]}
RESULT: {"script":"<script> [1562 bytes]","args":[{"selector":{"controlType":"sap.m.Input","viewName":"etm.portal.ui.manageyards.view.New","viewId":"application-manageyards-display-component---NewYard","bindingPath":{"path":"","propertyPath":"/AUART","modelName":"NewYardModel"},"interaction":{"idSuffix":"inner"}},"wdio_ui5_key":"etmportal.ui.manageyards.view.Newsap.m.Input{\"path\":\"\",\"propertyPath\":\"/AUART\",\"modelName\":\"NewYardModel\"}"}]}
RESULT: undefined
COMMAND: POST /session/0a56c8b3fe23980ff89a5571a3a07e32/execute/async - {"script":"<script> [776 bytes]","args":[{"enterText":"TA","selector":{"controlType":"sap.m.Input","viewName":"etm.portal.ui.manageyards.view.New","viewId":"application-manageyards-display-component---NewYard","bindingPath":{"path":"","propertyPath":"/AUART","modelName":"NewYardModel"},"interaction":{"idSuffix":"inner"}},"clearTextFirst":true,"interactionType":"ENTER_TEXT"}]}
RESULT: {"script":"<script> [776 bytes]","args":[{"enterText":"TA","selector":{"controlType":"sap.m.Input","viewName":"etm.portal.ui.manageyards.view.New","viewId":"application-manageyards-display-component---NewYard","bindingPath":{"path":"","propertyPath":"/AUART","modelName":"NewYardModel"},"interaction":{"idSuffix":"inner"}},"clearTextFirst":true,"interactionType":"ENTER_TEXT"}]}
COMMAND: POST /session/0a56c8b3fe23980ff89a5571a3a07e32/element - {"using":"xpath","value":"//button[@data-kt=\"newYardSaveButton\"]"}
RESULT: {"using":"xpath","value":"//button[@data-kt=\"newYardSaveButton\"]"}
COMMAND: POST /session/0a56c8b3fe23980ff89a5571a3a07e32/element/f.8BC31031A8A77F81AA6DDAE562E569BF.d.476EDF4A0F36DC2F375B56293B1D4715.e.7251/click - {}
RESULT: {}
COMMAND: GET /session/0a56c8b3fe23980ff89a5571a3a07e32/screenshot - {}
RESULT: {}
COMMAND: POST /session/0a56c8b3fe23980ff89a5571a3a07e32/element - {"using":"xpath","value":"//header[contains(@id, 'ObjectPageLayout-headerTitle')]/div[1]/div[2]/div[1]/span[1]"}
RESULT: {"using":"xpath","value":"//header[contains(@id, 'ObjectPageLayout-headerTitle')]/div[1]/div[2]/div[1]/span[1]"}
COMMAND: POST /session/0a56c8b3fe23980ff89a5571a3a07e32/elements - {"using":"xpath","value":"//header[contains(@id, 'ObjectPageLayout-headerTitle')]/div[1]/div[2]/div[1]/span[1]"}
RESULT: {"using":"xpath","value":"//header[contains(@id, 'ObjectPageLayout-headerTitle')]/div[1]/div[2]/div[1]/span[1]"}
COMMAND: POST /session/0a56c8b3fe23980ff89a5571a3a07e32/execute/sync - {"script":"<script> [56 bytes]","args":[{"element-6066-11e4-a52e-4f735466cecf":"f.8BC31031A8A77F81AA6DDAE562E569BF.d.476EDF4A0F36DC2F375B56293B1D4715.e.7542","ELEMENT":"f.8BC31031A8A77F81AA6DDAE562E569BF.d.476EDF4A0F36DC2F375B56293B1D4715.e.7542"}]}
RESULT: {"script":"<script> [56 bytes]","args":[{"element-6066-11e4-a52e-4f735466cecf":"f.8BC31031A8A77F81AA6DDAE562E569BF.d.476EDF4A0F36DC2F375B56293B1D4715.e.7542","ELEMENT":"f.8BC31031A8A77F81AA6DDAE562E569BF.d.476EDF4A0F36DC2F375B56293B1D4715.e.7542"}]}
COMMAND: GET /session/0a56c8b3fe23980ff89a5571a3a07e32/screenshot - {}
RESULT: {}
COMMAND: POST /session/0a56c8b3fe23980ff89a5571a3a07e32/element - {"using":"css selector","value":"#shell-header-logo"}
RESULT: {"using":"css selector","value":"#shell-header-logo"}
COMMAND: POST /session/0a56c8b3fe23980ff89a5571a3a07e32/element/f.8BC31031A8A77F81AA6DDAE562E569BF.d.476EDF4A0F36DC2F375B56293B1D4715.e.6813/click - {}
RESULT: {}
COMMAND: GET /session/0a56c8b3fe23980ff89a5571a3a07e32/screenshot - {}
RESULT: {}
COMMAND: POST /session/0a56c8b3fe23980ff89a5571a3a07e32/execute/sync - {"script":"<script> [299 bytes]","args":[["getModel","getResource"]]}
RESULT: {"script":"<script> [299 bytes]","args":[["getModel","getResource"]]}
]]></system-out>
    </testcase>
    <testcase classname="chrome.136_0_7103_93.windows.Create_master_data_for_mixed_billing_&amp;_do_billing_calculation_US151661" name="Should create a new partner" time="147.637">
      <system-out><![CDATA[
COMMAND: GET /session/0a56c8b3fe23980ff89a5571a3a07e32/screenshot - {}
COMMAND: POST /session/0a56c8b3fe23980ff89a5571a3a07e32/window/fullscreen - {}
RESULT: {}
COMMAND: POST /session/0a56c8b3fe23980ff89a5571a3a07e32/execute/async - {"script":"<script> [1562 bytes]","args":[{"selector":{"controlType":"sap.m.GenericTile","properties":{"header":"Manage Partners"}},"wdio_ui5_key":"sapm.GenericTile{\"header\":\"Manage Partners\"}"}]}
RESULT: {}
RESULT: {"script":"<script> [1562 bytes]","args":[{"selector":{"controlType":"sap.m.GenericTile","properties":{"header":"Manage Partners"}},"wdio_ui5_key":"sapm.GenericTile{\"header\":\"Manage Partners\"}"}]}
RESULT: undefined
COMMAND: POST /session/0a56c8b3fe23980ff89a5571a3a07e32/element - {"using":"xpath","value":"//*[@id=\"__tile38\"]"}
RESULT: {"using":"xpath","value":"//*[@id=\"__tile38\"]"}
COMMAND: POST /session/0a56c8b3fe23980ff89a5571a3a07e32/element/f.8BC31031A8A77F81AA6DDAE562E569BF.d.476EDF4A0F36DC2F375B56293B1D4715.e.6703/click - {}
RESULT: {}
COMMAND: GET /session/0a56c8b3fe23980ff89a5571a3a07e32/screenshot - {}
RESULT: {}
COMMAND: POST /session/0a56c8b3fe23980ff89a5571a3a07e32/elements - {"using":"xpath","value":"//span[text()='Error']"}
RESULT: {"using":"xpath","value":"//span[text()='Error']"}
COMMAND: POST /session/0a56c8b3fe23980ff89a5571a3a07e32/element - {"using":"xpath","value":"//button[@data-kt=\"addButton\"]"}
RESULT: {"using":"xpath","value":"//button[@data-kt=\"addButton\"]"}
COMMAND: POST /session/0a56c8b3fe23980ff89a5571a3a07e32/elements - {"using":"xpath","value":"//button[@data-kt=\"addButton\"]"}
RESULT: {"using":"xpath","value":"//button[@data-kt=\"addButton\"]"}
COMMAND: POST /session/0a56c8b3fe23980ff89a5571a3a07e32/execute/sync - {"script":"<script> [8489 bytes]","args":[{"element-6066-11e4-a52e-4f735466cecf":"f.8BC31031A8A77F81AA6DDAE562E569BF.d.476EDF4A0F36DC2F375B56293B1D4715.e.7591","ELEMENT":"f.8BC31031A8A77F81AA6DDAE562E569BF.d.476EDF4A0F36DC2F375B56293B1D4715.e.7591"}]}
RESULT: {"script":"<script> [8489 bytes]","args":[{"element-6066-11e4-a52e-4f735466cecf":"f.8BC31031A8A77F81AA6DDAE562E569BF.d.476EDF4A0F36DC2F375B56293B1D4715.e.7591","ELEMENT":"f.8BC31031A8A77F81AA6DDAE562E569BF.d.476EDF4A0F36DC2F375B56293B1D4715.e.7591"}]}
COMMAND: GET /session/0a56c8b3fe23980ff89a5571a3a07e32/element/f.8BC31031A8A77F81AA6DDAE562E569BF.d.476EDF4A0F36DC2F375B56293B1D4715.e.7591/enabled - {}
COMMAND: GET /session/0a56c8b3fe23980ff89a5571a3a07e32/screenshot - {}
RESULT: {}
COMMAND: POST /session/0a56c8b3fe23980ff89a5571a3a07e32/execute/sync - {"script":"<script> [8489 bytes]","args":[{"element-6066-11e4-a52e-4f735466cecf":"f.8BC31031A8A77F81AA6DDAE562E569BF.d.476EDF4A0F36DC2F375B56293B1D4715.e.7591","ELEMENT":"f.8BC31031A8A77F81AA6DDAE562E569BF.d.476EDF4A0F36DC2F375B56293B1D4715.e.7591"}]}
COMMAND: GET /session/0a56c8b3fe23980ff89a5571a3a07e32/screenshot - {}
RESULT: {}
RESULT: {"script":"<script> [8489 bytes]","args":[{"element-6066-11e4-a52e-4f735466cecf":"f.8BC31031A8A77F81AA6DDAE562E569BF.d.476EDF4A0F36DC2F375B56293B1D4715.e.7591","ELEMENT":"f.8BC31031A8A77F81AA6DDAE562E569BF.d.476EDF4A0F36DC2F375B56293B1D4715.e.7591"}]}
COMMAND: POST /session/0a56c8b3fe23980ff89a5571a3a07e32/execute/sync - {"script":"<script> [5351 bytes]","args":[{"element-6066-11e4-a52e-4f735466cecf":"f.8BC31031A8A77F81AA6DDAE562E569BF.d.476EDF4A0F36DC2F375B56293B1D4715.e.7591","ELEMENT":"f.8BC31031A8A77F81AA6DDAE562E569BF.d.476EDF4A0F36DC2F375B56293B1D4715.e.7591"}]}
COMMAND: GET /session/0a56c8b3fe23980ff89a5571a3a07e32/screenshot - {}
RESULT: {}
RESULT: {"script":"<script> [5351 bytes]","args":[{"element-6066-11e4-a52e-4f735466cecf":"f.8BC31031A8A77F81AA6DDAE562E569BF.d.476EDF4A0F36DC2F375B56293B1D4715.e.7591","ELEMENT":"f.8BC31031A8A77F81AA6DDAE562E569BF.d.476EDF4A0F36DC2F375B56293B1D4715.e.7591"}]}
COMMAND: POST /session/0a56c8b3fe23980ff89a5571a3a07e32/element/f.8BC31031A8A77F81AA6DDAE562E569BF.d.476EDF4A0F36DC2F375B56293B1D4715.e.7591/click - {}
COMMAND: GET /session/0a56c8b3fe23980ff89a5571a3a07e32/screenshot - {}
RESULT: {}
RESULT: {}
COMMAND: GET /session/0a56c8b3fe23980ff89a5571a3a07e32/screenshot - {}
COMMAND: POST /session/0a56c8b3fe23980ff89a5571a3a07e32/execute/async - {"script":"<script> [1562 bytes]","args":[{"selector":{"id":"application-managepartners-display-component---NewPartner--addressDetailDetailsName1","interaction":{"idSuffix":"inner"}},"wdio_ui5_key":"applicationmanagepartners-display-component---NewPartner--addressDetailDetailsName1"}]}
RESULT: {}
RESULT: {}
RESULT: {"script":"<script> [1562 bytes]","args":[{"selector":{"id":"application-managepartners-display-component---NewPartner--addressDetailDetailsName1","interaction":{"idSuffix":"inner"}},"wdio_ui5_key":"applicationmanagepartners-display-component---NewPartner--addressDetailDetailsName1"}]}
RESULT: undefined
COMMAND: POST /session/0a56c8b3fe23980ff89a5571a3a07e32/execute/async - {"script":"<script> [776 bytes]","args":[{"enterText":"Intercompany Partner WDIO","selector":{"id":"application-managepartners-display-component---NewPartner--addressDetailDetailsName1","interaction":{"idSuffix":"inner"}},"clearTextFirst":true,"interactionType":"ENTER_TEXT"}]}
RESULT: {"script":"<script> [776 bytes]","args":[{"enterText":"Intercompany Partner WDIO","selector":{"id":"application-managepartners-display-component---NewPartner--addressDetailDetailsName1","interaction":{"idSuffix":"inner"}},"clearTextFirst":true,"interactionType":"ENTER_TEXT"}]}
COMMAND: POST /session/0a56c8b3fe23980ff89a5571a3a07e32/execute/async - {"script":"<script> [1562 bytes]","args":[{"selector":{"id":"application-managepartners-display-component---NewPartner--addressDetailDetailsLanguage-arrow"},"wdio_ui5_key":"applicationmanagepartners-display-component---NewPartner--addressDetailDetailsLanguage-arrow"}]}
RESULT: {"script":"<script> [1562 bytes]","args":[{"selector":{"id":"application-managepartners-display-component---NewPartner--addressDetailDetailsLanguage-arrow"},"wdio_ui5_key":"applicationmanagepartners-display-component---NewPartner--addressDetailDetailsLanguage-arrow"}]}
RESULT: undefined
COMMAND: POST /session/0a56c8b3fe23980ff89a5571a3a07e32/element - {"using":"xpath","value":"//*[@id=\"application-managepartners-display-component---NewPartner--addressDetailDetailsLanguage-arrow\"]"}
RESULT: {"using":"xpath","value":"//*[@id=\"application-managepartners-display-component---NewPartner--addressDetailDetailsLanguage-arrow\"]"}
COMMAND: POST /session/0a56c8b3fe23980ff89a5571a3a07e32/element/f.8BC31031A8A77F81AA6DDAE562E569BF.d.476EDF4A0F36DC2F375B56293B1D4715.e.8028/click - {}
RESULT: {}
COMMAND: POST /session/0a56c8b3fe23980ff89a5571a3a07e32/element - {"using":"xpath","value":"//span[contains(text(), \"English\")]"}
COMMAND: GET /session/0a56c8b3fe23980ff89a5571a3a07e32/screenshot - {}
RESULT: {"using":"xpath","value":"//span[contains(text(), \"English\")]"}
COMMAND: POST /session/0a56c8b3fe23980ff89a5571a3a07e32/element/f.8BC31031A8A77F81AA6DDAE562E569BF.d.476EDF4A0F36DC2F375B56293B1D4715.e.8029/click - {}
RESULT: {}
RESULT: {}
COMMAND: GET /session/0a56c8b3fe23980ff89a5571a3a07e32/screenshot - {}
RESULT: {}
COMMAND: POST /session/0a56c8b3fe23980ff89a5571a3a07e32/execute/async - {"script":"<script> [1562 bytes]","args":[{"selector":{"id":"application-managepartners-display-component---NewPartner--addressDetailDetailsCity1","interaction":{"idSuffix":"inner"}},"wdio_ui5_key":"applicationmanagepartners-display-component---NewPartner--addressDetailDetailsCity1"}]}
RESULT: {"script":"<script> [1562 bytes]","args":[{"selector":{"id":"application-managepartners-display-component---NewPartner--addressDetailDetailsCity1","interaction":{"idSuffix":"inner"}},"wdio_ui5_key":"applicationmanagepartners-display-component---NewPartner--addressDetailDetailsCity1"}]}
RESULT: undefined
COMMAND: POST /session/0a56c8b3fe23980ff89a5571a3a07e32/execute/async - {"script":"<script> [776 bytes]","args":[{"enterText":"Rosario","selector":{"id":"application-managepartners-display-component---NewPartner--addressDetailDetailsCity1","interaction":{"idSuffix":"inner"}},"clearTextFirst":true,"interactionType":"ENTER_TEXT"}]}
RESULT: {"script":"<script> [776 bytes]","args":[{"enterText":"Rosario","selector":{"id":"application-managepartners-display-component---NewPartner--addressDetailDetailsCity1","interaction":{"idSuffix":"inner"}},"clearTextFirst":true,"interactionType":"ENTER_TEXT"}]}
COMMAND: POST /session/0a56c8b3fe23980ff89a5571a3a07e32/execute/async - {"script":"<script> [1562 bytes]","args":[{"selector":{"id":"application-managepartners-display-component---NewPartner--addressDetailDetailsCountry-arrow"},"wdio_ui5_key":"applicationmanagepartners-display-component---NewPartner--addressDetailDetailsCountry-arrow"}]}
RESULT: {"script":"<script> [1562 bytes]","args":[{"selector":{"id":"application-managepartners-display-component---NewPartner--addressDetailDetailsCountry-arrow"},"wdio_ui5_key":"applicationmanagepartners-display-component---NewPartner--addressDetailDetailsCountry-arrow"}]}
RESULT: undefined
COMMAND: POST /session/0a56c8b3fe23980ff89a5571a3a07e32/element - {"using":"xpath","value":"//*[@id=\"application-managepartners-display-component---NewPartner--addressDetailDetailsCountry-arrow\"]"}
RESULT: {"using":"xpath","value":"//*[@id=\"application-managepartners-display-component---NewPartner--addressDetailDetailsCountry-arrow\"]"}
COMMAND: POST /session/0a56c8b3fe23980ff89a5571a3a07e32/element/f.8BC31031A8A77F81AA6DDAE562E569BF.d.476EDF4A0F36DC2F375B56293B1D4715.e.7989/click - {}
RESULT: {}
COMMAND: POST /session/0a56c8b3fe23980ff89a5571a3a07e32/element - {"using":"xpath","value":"//span[contains(text(), \"Argentina\")]"}
COMMAND: GET /session/0a56c8b3fe23980ff89a5571a3a07e32/screenshot - {}
RESULT: {"using":"xpath","value":"//span[contains(text(), \"Argentina\")]"}
COMMAND: POST /session/0a56c8b3fe23980ff89a5571a3a07e32/element/f.8BC31031A8A77F81AA6DDAE562E569BF.d.476EDF4A0F36DC2F375B56293B1D4715.e.8031/click - {}
RESULT: {}
RESULT: {}
COMMAND: GET /session/0a56c8b3fe23980ff89a5571a3a07e32/screenshot - {}
RESULT: {}
COMMAND: POST /session/0a56c8b3fe23980ff89a5571a3a07e32/element - {"using":"xpath","value":"//bdi[contains(text(), \"Commercial\")]"}
RESULT: {"using":"xpath","value":"//bdi[contains(text(), \"Commercial\")]"}
COMMAND: POST /session/0a56c8b3fe23980ff89a5571a3a07e32/element/f.8BC31031A8A77F81AA6DDAE562E569BF.d.476EDF4A0F36DC2F375B56293B1D4715.e.8032/click - {}
RESULT: {}
COMMAND: GET /session/0a56c8b3fe23980ff89a5571a3a07e32/screenshot - {}
RESULT: {}
COMMAND: POST /session/0a56c8b3fe23980ff89a5571a3a07e32/execute/async - {"script":"<script> [1562 bytes]","args":[{"selector":{"id":"application-managepartners-display-component---NewPartner--partnerDetailInternal-arrow"},"wdio_ui5_key":"applicationmanagepartners-display-component---NewPartner--partnerDetailInternal-arrow"}]}
RESULT: {"script":"<script> [1562 bytes]","args":[{"selector":{"id":"application-managepartners-display-component---NewPartner--partnerDetailInternal-arrow"},"wdio_ui5_key":"applicationmanagepartners-display-component---NewPartner--partnerDetailInternal-arrow"}]}
RESULT: undefined
COMMAND: POST /session/0a56c8b3fe23980ff89a5571a3a07e32/element - {"using":"xpath","value":"//*[@id=\"application-managepartners-display-component---NewPartner--partnerDetailInternal-arrow\"]"}
RESULT: {"using":"xpath","value":"//*[@id=\"application-managepartners-display-component---NewPartner--partnerDetailInternal-arrow\"]"}
COMMAND: POST /session/0a56c8b3fe23980ff89a5571a3a07e32/element/f.8BC31031A8A77F81AA6DDAE562E569BF.d.476EDF4A0F36DC2F375B56293B1D4715.e.8038/click - {}
RESULT: {}
COMMAND: POST /session/0a56c8b3fe23980ff89a5571a3a07e32/element - {"using":"xpath","value":"//span[contains(text(), \"Affiliated company\")]"}
COMMAND: GET /session/0a56c8b3fe23980ff89a5571a3a07e32/screenshot - {}
RESULT: {"using":"xpath","value":"//span[contains(text(), \"Affiliated company\")]"}
COMMAND: POST /session/0a56c8b3fe23980ff89a5571a3a07e32/element/f.8BC31031A8A77F81AA6DDAE562E569BF.d.476EDF4A0F36DC2F375B56293B1D4715.e.8041/click - {}
RESULT: {}
RESULT: {}
COMMAND: POST /session/0a56c8b3fe23980ff89a5571a3a07e32/execute/async - {"script":"<script> [1562 bytes]","args":[{"selector":{"id":"application-managepartners-display-component---NewPartner--partnerDetailsCurrency-arrow"},"wdio_ui5_key":"applicationmanagepartners-display-component---NewPartner--partnerDetailsCurrency-arrow"}]}
COMMAND: GET /session/0a56c8b3fe23980ff89a5571a3a07e32/screenshot - {}
RESULT: {"script":"<script> [1562 bytes]","args":[{"selector":{"id":"application-managepartners-display-component---NewPartner--partnerDetailsCurrency-arrow"},"wdio_ui5_key":"applicationmanagepartners-display-component---NewPartner--partnerDetailsCurrency-arrow"}]}
RESULT: undefined
COMMAND: POST /session/0a56c8b3fe23980ff89a5571a3a07e32/element - {"using":"xpath","value":"//*[@id=\"application-managepartners-display-component---NewPartner--partnerDetailsCurrency-arrow\"]"}
RESULT: {}
RESULT: {"using":"xpath","value":"//*[@id=\"application-managepartners-display-component---NewPartner--partnerDetailsCurrency-arrow\"]"}
COMMAND: POST /session/0a56c8b3fe23980ff89a5571a3a07e32/element/f.8BC31031A8A77F81AA6DDAE562E569BF.d.476EDF4A0F36DC2F375B56293B1D4715.e.8048/click - {}
RESULT: {}
COMMAND: POST /session/0a56c8b3fe23980ff89a5571a3a07e32/element - {"using":"xpath","value":"//span[contains(text(), \"Euro\")]"}
COMMAND: GET /session/0a56c8b3fe23980ff89a5571a3a07e32/screenshot - {}
RESULT: {"using":"xpath","value":"//span[contains(text(), \"Euro\")]"}
COMMAND: POST /session/0a56c8b3fe23980ff89a5571a3a07e32/element/f.8BC31031A8A77F81AA6DDAE562E569BF.d.476EDF4A0F36DC2F375B56293B1D4715.e.8049/click - {}
RESULT: {}
RESULT: {}
COMMAND: POST /session/0a56c8b3fe23980ff89a5571a3a07e32/execute/async - {"script":"<script> [1562 bytes]","args":[{"selector":{"id":"application-managepartners-display-component---NewPartner--addressEditDetailsCostObjectCstType-arrow"},"wdio_ui5_key":"applicationmanagepartners-display-component---NewPartner--addressEditDetailsCostObjectCstType-arrow"}]}
COMMAND: GET /session/0a56c8b3fe23980ff89a5571a3a07e32/screenshot - {}
RESULT: {"script":"<script> [1562 bytes]","args":[{"selector":{"id":"application-managepartners-display-component---NewPartner--addressEditDetailsCostObjectCstType-arrow"},"wdio_ui5_key":"applicationmanagepartners-display-component---NewPartner--addressEditDetailsCostObjectCstType-arrow"}]}
RESULT: undefined
COMMAND: POST /session/0a56c8b3fe23980ff89a5571a3a07e32/element - {"using":"xpath","value":"//*[@id=\"application-managepartners-display-component---NewPartner--addressEditDetailsCostObjectCstType-arrow\"]"}
RESULT: {}
RESULT: {"using":"xpath","value":"//*[@id=\"application-managepartners-display-component---NewPartner--addressEditDetailsCostObjectCstType-arrow\"]"}
COMMAND: POST /session/0a56c8b3fe23980ff89a5571a3a07e32/element/f.8BC31031A8A77F81AA6DDAE562E569BF.d.476EDF4A0F36DC2F375B56293B1D4715.e.8050/click - {}
RESULT: {}
COMMAND: POST /session/0a56c8b3fe23980ff89a5571a3a07e32/element - {"using":"xpath","value":"//span[contains(text(), \"Cost Center\")]"}
COMMAND: GET /session/0a56c8b3fe23980ff89a5571a3a07e32/screenshot - {}
RESULT: {"using":"xpath","value":"//span[contains(text(), \"Cost Center\")]"}
COMMAND: POST /session/0a56c8b3fe23980ff89a5571a3a07e32/element/f.8BC31031A8A77F81AA6DDAE562E569BF.d.476EDF4A0F36DC2F375B56293B1D4715.e.8051/click - {}
RESULT: {}
RESULT: {}
COMMAND: GET /session/0a56c8b3fe23980ff89a5571a3a07e32/screenshot - {}
RESULT: {}
COMMAND: POST /session/0a56c8b3fe23980ff89a5571a3a07e32/element - {"using":"xpath","value":"//span[@id=\"application-managepartners-display-component---NewPartner--addressNewCostObjectCstID-vhi\"]"}
RESULT: {"using":"xpath","value":"//span[@id=\"application-managepartners-display-component---NewPartner--addressNewCostObjectCstID-vhi\"]"}
COMMAND: POST /session/0a56c8b3fe23980ff89a5571a3a07e32/execute/sync - {"script":"<script> [8489 bytes]","args":[{"element-6066-11e4-a52e-4f735466cecf":"f.8BC31031A8A77F81AA6DDAE562E569BF.d.476EDF4A0F36DC2F375B56293B1D4715.e.8055","ELEMENT":"f.8BC31031A8A77F81AA6DDAE562E569BF.d.476EDF4A0F36DC2F375B56293B1D4715.e.8055"}]}
RESULT: {"script":"<script> [8489 bytes]","args":[{"element-6066-11e4-a52e-4f735466cecf":"f.8BC31031A8A77F81AA6DDAE562E569BF.d.476EDF4A0F36DC2F375B56293B1D4715.e.8055","ELEMENT":"f.8BC31031A8A77F81AA6DDAE562E569BF.d.476EDF4A0F36DC2F375B56293B1D4715.e.8055"}]}
COMMAND: POST /session/0a56c8b3fe23980ff89a5571a3a07e32/execute/async - {"script":"<script> [1562 bytes]","args":[{"selector":{"id":"application-managepartners-display-component---NewPartner--addressNewCostObjectCstID-vhi"},"wdio_ui5_key":"applicationmanagepartners-display-component---NewPartner--addressNewCostObjectCstID-vhi"}]}
COMMAND: GET /session/0a56c8b3fe23980ff89a5571a3a07e32/screenshot - {}
RESULT: {"script":"<script> [1562 bytes]","args":[{"selector":{"id":"application-managepartners-display-component---NewPartner--addressNewCostObjectCstID-vhi"},"wdio_ui5_key":"applicationmanagepartners-display-component---NewPartner--addressNewCostObjectCstID-vhi"}]}
RESULT: undefined
COMMAND: POST /session/0a56c8b3fe23980ff89a5571a3a07e32/element - {"using":"xpath","value":"//*[@id=\"application-managepartners-display-component---NewPartner--addressNewCostObjectCstID-vhi\"]"}
RESULT: {}
RESULT: {"using":"xpath","value":"//*[@id=\"application-managepartners-display-component---NewPartner--addressNewCostObjectCstID-vhi\"]"}
COMMAND: POST /session/0a56c8b3fe23980ff89a5571a3a07e32/element/f.8BC31031A8A77F81AA6DDAE562E569BF.d.476EDF4A0F36DC2F375B56293B1D4715.e.8055/click - {}
RESULT: {}
COMMAND: GET /session/0a56c8b3fe23980ff89a5571a3a07e32/screenshot - {}
RESULT: {}
RESULT: undefined
COMMAND: POST /session/0a56c8b3fe23980ff89a5571a3a07e32/execute/async - {"script":"<script> [776 bytes]","args":[{"enterText":"10001013","selector":{"controlType":"sap.m.SearchField","properties":{"placeholder":"Search"},"searchOpenDialogs":true,"interaction":{"idSuffix":"I"}},"clearTextFirst":true,"interactionType":"ENTER_TEXT"}]}
RESULT: {"script":"<script> [776 bytes]","args":[{"enterText":"10001013","selector":{"controlType":"sap.m.SearchField","properties":{"placeholder":"Search"},"searchOpenDialogs":true,"interaction":{"idSuffix":"I"}},"clearTextFirst":true,"interactionType":"ENTER_TEXT"}]}
COMMAND: POST /session/0a56c8b3fe23980ff89a5571a3a07e32/actions - {"actions":[{"id":"action22","type":"key","parameters":{},"actions":[{"type":"keyDown","value":""},{"type":"pause","duration":10},{"type":"keyUp","value":""}]}]}
RESULT: {"actions":[{"id":"action22","type":"key","parameters":{},"actions":[{"type":"keyDown","value":""},{"type":"pause","duration":10},{"type":"keyUp","value":""}]}]}
COMMAND: GET /session/0a56c8b3fe23980ff89a5571a3a07e32/screenshot - {}
RESULT: {}
COMMAND: POST /session/0a56c8b3fe23980ff89a5571a3a07e32/element - {"using":"xpath","value":"//span[contains(text(), \"General Management\")]"}
RESULT: {"using":"xpath","value":"//span[contains(text(), \"General Management\")]"}
COMMAND: POST /session/0a56c8b3fe23980ff89a5571a3a07e32/element/f.8BC31031A8A77F81AA6DDAE562E569BF.d.476EDF4A0F36DC2F375B56293B1D4715.e.8093/click - {}
RESULT: {}
COMMAND: GET /session/0a56c8b3fe23980ff89a5571a3a07e32/screenshot - {}
RESULT: {}
COMMAND: POST /session/0a56c8b3fe23980ff89a5571a3a07e32/element - {"using":"xpath","value":"//bdi[contains(text(), \"OK\")]"}
RESULT: {"using":"xpath","value":"//bdi[contains(text(), \"OK\")]"}
COMMAND: POST /session/0a56c8b3fe23980ff89a5571a3a07e32/element/f.8BC31031A8A77F81AA6DDAE562E569BF.d.476EDF4A0F36DC2F375B56293B1D4715.e.8094/click - {}
RESULT: {}
COMMAND: GET /session/0a56c8b3fe23980ff89a5571a3a07e32/screenshot - {}
RESULT: {}
COMMAND: POST /session/0a56c8b3fe23980ff89a5571a3a07e32/element - {"using":"xpath","value":"//input[@id=\"application-managepartners-display-component---NewPartner--companyCodeComboBox-inner\"]"}
RESULT: {"using":"xpath","value":"//input[@id=\"application-managepartners-display-component---NewPartner--companyCodeComboBox-inner\"]"}
COMMAND: POST /session/0a56c8b3fe23980ff89a5571a3a07e32/element/f.8BC31031A8A77F81AA6DDAE562E569BF.d.476EDF4A0F36DC2F375B56293B1D4715.e.7941/clear - {}
RESULT: {}
COMMAND: POST /session/0a56c8b3fe23980ff89a5571a3a07e32/element/f.8BC31031A8A77F81AA6DDAE562E569BF.d.476EDF4A0F36DC2F375B56293B1D4715.e.7941/value - {"text":"C002"}
COMMAND: GET /session/0a56c8b3fe23980ff89a5571a3a07e32/screenshot - {}
RESULT: {"text":"C002"}
COMMAND: GET /session/0a56c8b3fe23980ff89a5571a3a07e32/screenshot - {}
RESULT: {}
RESULT: {}
COMMAND: POST /session/0a56c8b3fe23980ff89a5571a3a07e32/element - {"using":"xpath","value":"//li[.//span[text()= \"C002\"]]"}
RESULT: {"using":"xpath","value":"//li[.//span[text()= \"C002\"]]"}
COMMAND: POST /session/0a56c8b3fe23980ff89a5571a3a07e32/element/f.8BC31031A8A77F81AA6DDAE562E569BF.d.476EDF4A0F36DC2F375B56293B1D4715.e.8100/click - {}
RESULT: {}
COMMAND: GET /session/0a56c8b3fe23980ff89a5571a3a07e32/screenshot - {}
RESULT: {}
COMMAND: POST /session/0a56c8b3fe23980ff89a5571a3a07e32/execute/async - {"script":"<script> [1562 bytes]","args":[{"selector":{"id":"application-managepartners-display-component---NewPartner--btnAddTableRow-img"},"wdio_ui5_key":"applicationmanagepartners-display-component---NewPartner--btnAddTableRow-img"}]}
RESULT: {"script":"<script> [1562 bytes]","args":[{"selector":{"id":"application-managepartners-display-component---NewPartner--btnAddTableRow-img"},"wdio_ui5_key":"applicationmanagepartners-display-component---NewPartner--btnAddTableRow-img"}]}
RESULT: undefined
COMMAND: POST /session/0a56c8b3fe23980ff89a5571a3a07e32/element - {"using":"xpath","value":"//*[@id=\"application-managepartners-display-component---NewPartner--btnAddTableRow-img\"]"}
RESULT: {"using":"xpath","value":"//*[@id=\"application-managepartners-display-component---NewPartner--btnAddTableRow-img\"]"}
COMMAND: POST /session/0a56c8b3fe23980ff89a5571a3a07e32/element/f.8BC31031A8A77F81AA6DDAE562E569BF.d.476EDF4A0F36DC2F375B56293B1D4715.e.8101/click - {}
RESULT: {}
COMMAND: GET /session/0a56c8b3fe23980ff89a5571a3a07e32/screenshot - {}
RESULT: {}
COMMAND: POST /session/0a56c8b3fe23980ff89a5571a3a07e32/element - {"using":"xpath","value":"//input[@id=\"application-managepartners-display-component---NewPartner--assignmentYard-application-managepartners-display-component---NewPartner--assignmentsTable-0-inner\"]"}
RESULT: {"using":"xpath","value":"//input[@id=\"application-managepartners-display-component---NewPartner--assignmentYard-application-managepartners-display-component---NewPartner--assignmentsTable-0-inner\"]"}
COMMAND: POST /session/0a56c8b3fe23980ff89a5571a3a07e32/element/f.8BC31031A8A77F81AA6DDAE562E569BF.d.476EDF4A0F36DC2F375B56293B1D4715.e.8104/clear - {}
RESULT: {}
COMMAND: POST /session/0a56c8b3fe23980ff89a5571a3a07e32/element/f.8BC31031A8A77F81AA6DDAE562E569BF.d.476EDF4A0F36DC2F375B56293B1D4715.e.8104/value - {"text":"346"}
COMMAND: GET /session/0a56c8b3fe23980ff89a5571a3a07e32/screenshot - {}
RESULT: {"text":"346"}
COMMAND: GET /session/0a56c8b3fe23980ff89a5571a3a07e32/screenshot - {}
RESULT: {}
RESULT: {}
COMMAND: POST /session/0a56c8b3fe23980ff89a5571a3a07e32/element - {"using":"xpath","value":"//li[.//span[text()='346']]"}
RESULT: {"using":"xpath","value":"//li[.//span[text()='346']]"}
COMMAND: POST /session/0a56c8b3fe23980ff89a5571a3a07e32/element/f.8BC31031A8A77F81AA6DDAE562E569BF.d.476EDF4A0F36DC2F375B56293B1D4715.e.8113/click - {}
RESULT: {}
COMMAND: GET /session/0a56c8b3fe23980ff89a5571a3a07e32/screenshot - {}
RESULT: {}
COMMAND: POST /session/0a56c8b3fe23980ff89a5571a3a07e32/actions - {"actions":[{"id":"action23","type":"key","parameters":{},"actions":[{"type":"keyDown","value":""},{"type":"pause","duration":10},{"type":"keyUp","value":""}]}]}
RESULT: {"actions":[{"id":"action23","type":"key","parameters":{},"actions":[{"type":"keyDown","value":""},{"type":"pause","duration":10},{"type":"keyUp","value":""}]}]}
COMMAND: POST /session/0a56c8b3fe23980ff89a5571a3a07e32/execute/async - {"script":"<script> [1562 bytes]","args":[{"selector":{"id":"application-managepartners-display-component---NewPartner--externalCustomerComboBox-application-managepartners-display-component---NewPartner--assignmentsTable-0-vhi"},"wdio_ui5_key":"applicationmanagepartners-display-component---NewPartner--externalCustomerComboBox-application-managepartners-display-component---NewPartner--assignmentsTable-0-vhi"}]}
COMMAND: GET /session/0a56c8b3fe23980ff89a5571a3a07e32/screenshot - {}
RESULT: {"script":"<script> [1562 bytes]","args":[{"selector":{"id":"application-managepartners-display-component---NewPartner--externalCustomerComboBox-application-managepartners-display-component---NewPartner--assignmentsTable-0-vhi"},"wdio_ui5_key":"applicationmanagepartners-display-component---NewPartner--externalCustomerComboBox-application-managepartners-display-component---NewPartner--assignmentsTable-0-vhi"}]}
RESULT: undefined
COMMAND: POST /session/0a56c8b3fe23980ff89a5571a3a07e32/element - {"using":"xpath","value":"//*[@id=\"application-managepartners-display-component---NewPartner--externalCustomerComboBox-application-managepartners-display-component---NewPartner--assignmentsTable-0-vhi\"]"}
RESULT: {}
RESULT: {"using":"xpath","value":"//*[@id=\"application-managepartners-display-component---NewPartner--externalCustomerComboBox-application-managepartners-display-component---NewPartner--assignmentsTable-0-vhi\"]"}
COMMAND: POST /session/0a56c8b3fe23980ff89a5571a3a07e32/element/f.8BC31031A8A77F81AA6DDAE562E569BF.d.476EDF4A0F36DC2F375B56293B1D4715.e.8117/click - {}
RESULT: {}
RESULT: undefined
COMMAND: POST /session/0a56c8b3fe23980ff89a5571a3a07e32/execute/async - {"script":"<script> [776 bytes]","args":[{"enterText":"300003","selector":{"controlType":"sap.m.SearchField","properties":{"placeholder":"Search"},"searchOpenDialogs":true,"interaction":{"idSuffix":"I"}},"clearTextFirst":true,"interactionType":"ENTER_TEXT"}]}
COMMAND: GET /session/0a56c8b3fe23980ff89a5571a3a07e32/screenshot - {}
RESULT: {"script":"<script> [776 bytes]","args":[{"enterText":"300003","selector":{"controlType":"sap.m.SearchField","properties":{"placeholder":"Search"},"searchOpenDialogs":true,"interaction":{"idSuffix":"I"}},"clearTextFirst":true,"interactionType":"ENTER_TEXT"}]}
COMMAND: POST /session/0a56c8b3fe23980ff89a5571a3a07e32/actions - {"actions":[{"id":"action24","type":"key","parameters":{},"actions":[{"type":"keyDown","value":""},{"type":"pause","duration":10},{"type":"keyUp","value":""}]}]}
RESULT: {}
RESULT: {"actions":[{"id":"action24","type":"key","parameters":{},"actions":[{"type":"keyDown","value":""},{"type":"pause","duration":10},{"type":"keyUp","value":""}]}]}
COMMAND: GET /session/0a56c8b3fe23980ff89a5571a3a07e32/screenshot - {}
RESULT: {}
COMMAND: POST /session/0a56c8b3fe23980ff89a5571a3a07e32/element - {"using":"xpath","value":"//span[contains(text(), \"300003\")]"}
RESULT: {"using":"xpath","value":"//span[contains(text(), \"300003\")]"}
COMMAND: POST /session/0a56c8b3fe23980ff89a5571a3a07e32/element/f.8BC31031A8A77F81AA6DDAE562E569BF.d.476EDF4A0F36DC2F375B56293B1D4715.e.8135/click - {}
RESULT: {}
COMMAND: GET /session/0a56c8b3fe23980ff89a5571a3a07e32/screenshot - {}
RESULT: {}
COMMAND: POST /session/0a56c8b3fe23980ff89a5571a3a07e32/element - {"using":"xpath","value":"//bdi[contains(text(), \"OK\")]"}
RESULT: {"using":"xpath","value":"//bdi[contains(text(), \"OK\")]"}
COMMAND: POST /session/0a56c8b3fe23980ff89a5571a3a07e32/element/f.8BC31031A8A77F81AA6DDAE562E569BF.d.476EDF4A0F36DC2F375B56293B1D4715.e.8137/click - {}
RESULT: {}
COMMAND: GET /session/0a56c8b3fe23980ff89a5571a3a07e32/screenshot - {}
RESULT: {}
COMMAND: POST /session/0a56c8b3fe23980ff89a5571a3a07e32/execute/async - {"script":"<script> [1562 bytes]","args":[{"selector":{"id":"application-managepartners-display-component---NewPartner--intercompVendorComboBox-application-managepartners-display-component---NewPartner--assignmentsTable-0-vhi"},"wdio_ui5_key":"applicationmanagepartners-display-component---NewPartner--intercompVendorComboBox-application-managepartners-display-component---NewPartner--assignmentsTable-0-vhi"}]}
RESULT: {"script":"<script> [1562 bytes]","args":[{"selector":{"id":"application-managepartners-display-component---NewPartner--intercompVendorComboBox-application-managepartners-display-component---NewPartner--assignmentsTable-0-vhi"},"wdio_ui5_key":"applicationmanagepartners-display-component---NewPartner--intercompVendorComboBox-application-managepartners-display-component---NewPartner--assignmentsTable-0-vhi"}]}
RESULT: undefined
COMMAND: POST /session/0a56c8b3fe23980ff89a5571a3a07e32/element - {"using":"xpath","value":"//*[@id=\"application-managepartners-display-component---NewPartner--intercompVendorComboBox-application-managepartners-display-component---NewPartner--assignmentsTable-0-vhi\"]"}
RESULT: {"using":"xpath","value":"//*[@id=\"application-managepartners-display-component---NewPartner--intercompVendorComboBox-application-managepartners-display-component---NewPartner--assignmentsTable-0-vhi\"]"}
COMMAND: POST /session/0a56c8b3fe23980ff89a5571a3a07e32/element/f.8BC31031A8A77F81AA6DDAE562E569BF.d.476EDF4A0F36DC2F375B56293B1D4715.e.8140/click - {}
RESULT: {}
RESULT: undefined
COMMAND: POST /session/0a56c8b3fe23980ff89a5571a3a07e32/execute/async - {"script":"<script> [776 bytes]","args":[{"enterText":"100005","selector":{"controlType":"sap.m.SearchField","properties":{"placeholder":"Search"},"searchOpenDialogs":true,"interaction":{"idSuffix":"I"}},"clearTextFirst":true,"interactionType":"ENTER_TEXT"}]}
COMMAND: GET /session/0a56c8b3fe23980ff89a5571a3a07e32/screenshot - {}
RESULT: {"script":"<script> [776 bytes]","args":[{"enterText":"100005","selector":{"controlType":"sap.m.SearchField","properties":{"placeholder":"Search"},"searchOpenDialogs":true,"interaction":{"idSuffix":"I"}},"clearTextFirst":true,"interactionType":"ENTER_TEXT"}]}
COMMAND: POST /session/0a56c8b3fe23980ff89a5571a3a07e32/actions - {"actions":[{"id":"action25","type":"key","parameters":{},"actions":[{"type":"keyDown","value":""},{"type":"pause","duration":10},{"type":"keyUp","value":""}]}]}
RESULT: {}
RESULT: {"actions":[{"id":"action25","type":"key","parameters":{},"actions":[{"type":"keyDown","value":""},{"type":"pause","duration":10},{"type":"keyUp","value":""}]}]}
COMMAND: GET /session/0a56c8b3fe23980ff89a5571a3a07e32/screenshot - {}
RESULT: {}
COMMAND: POST /session/0a56c8b3fe23980ff89a5571a3a07e32/element - {"using":"xpath","value":"//span[contains(text(), \"Penguins - Field/12345 Berlin\")]"}
RESULT: {"using":"xpath","value":"//span[contains(text(), \"Penguins - Field/12345 Berlin\")]"}
COMMAND: POST /session/0a56c8b3fe23980ff89a5571a3a07e32/element/f.8BC31031A8A77F81AA6DDAE562E569BF.d.476EDF4A0F36DC2F375B56293B1D4715.e.8159/click - {}
RESULT: {}
COMMAND: GET /session/0a56c8b3fe23980ff89a5571a3a07e32/screenshot - {}
RESULT: {}
COMMAND: POST /session/0a56c8b3fe23980ff89a5571a3a07e32/element - {"using":"xpath","value":"//bdi[contains(text(), \"OK\")]"}
RESULT: {"using":"xpath","value":"//bdi[contains(text(), \"OK\")]"}
COMMAND: POST /session/0a56c8b3fe23980ff89a5571a3a07e32/element/f.8BC31031A8A77F81AA6DDAE562E569BF.d.476EDF4A0F36DC2F375B56293B1D4715.e.8160/click - {}
RESULT: {}
COMMAND: GET /session/0a56c8b3fe23980ff89a5571a3a07e32/screenshot - {}
RESULT: {}
COMMAND: POST /session/0a56c8b3fe23980ff89a5571a3a07e32/element - {"using":"xpath","value":"//button[@data-kt=\"saveButton\"]"}
RESULT: {"using":"xpath","value":"//button[@data-kt=\"saveButton\"]"}
COMMAND: POST /session/0a56c8b3fe23980ff89a5571a3a07e32/element/f.8BC31031A8A77F81AA6DDAE562E569BF.d.476EDF4A0F36DC2F375B56293B1D4715.e.7947/click - {}
RESULT: {}
COMMAND: GET /session/0a56c8b3fe23980ff89a5571a3a07e32/screenshot - {}
RESULT: {}
COMMAND: POST /session/0a56c8b3fe23980ff89a5571a3a07e32/element - {"using":"xpath","value":"//header[contains(@id, 'ObjectPageLayout-headerTitle')]/div[1]/div[2]/div[2]/span[1]"}
RESULT: {"using":"xpath","value":"//header[contains(@id, 'ObjectPageLayout-headerTitle')]/div[1]/div[2]/div[2]/span[1]"}
COMMAND: POST /session/0a56c8b3fe23980ff89a5571a3a07e32/elements - {"using":"xpath","value":"//header[contains(@id, 'ObjectPageLayout-headerTitle')]/div[1]/div[2]/div[2]/span[1]"}
RESULT: {"using":"xpath","value":"//header[contains(@id, 'ObjectPageLayout-headerTitle')]/div[1]/div[2]/div[2]/span[1]"}
COMMAND: POST /session/0a56c8b3fe23980ff89a5571a3a07e32/execute/sync - {"script":"<script> [56 bytes]","args":[{"element-6066-11e4-a52e-4f735466cecf":"f.8BC31031A8A77F81AA6DDAE562E569BF.d.476EDF4A0F36DC2F375B56293B1D4715.e.8325","ELEMENT":"f.8BC31031A8A77F81AA6DDAE562E569BF.d.476EDF4A0F36DC2F375B56293B1D4715.e.8325"}]}
RESULT: {"script":"<script> [56 bytes]","args":[{"element-6066-11e4-a52e-4f735466cecf":"f.8BC31031A8A77F81AA6DDAE562E569BF.d.476EDF4A0F36DC2F375B56293B1D4715.e.8325","ELEMENT":"f.8BC31031A8A77F81AA6DDAE562E569BF.d.476EDF4A0F36DC2F375B56293B1D4715.e.8325"}]}
COMMAND: POST /session/0a56c8b3fe23980ff89a5571a3a07e32/element - {"using":"css selector","value":"#shell-header-logo"}
COMMAND: GET /session/0a56c8b3fe23980ff89a5571a3a07e32/screenshot - {}
RESULT: {"using":"css selector","value":"#shell-header-logo"}
COMMAND: POST /session/0a56c8b3fe23980ff89a5571a3a07e32/element/f.8BC31031A8A77F81AA6DDAE562E569BF.d.476EDF4A0F36DC2F375B56293B1D4715.e.7546/click - {}
RESULT: {}
RESULT: {}
COMMAND: GET /session/0a56c8b3fe23980ff89a5571a3a07e32/screenshot - {}
RESULT: {}
COMMAND: POST /session/0a56c8b3fe23980ff89a5571a3a07e32/execute/sync - {"script":"<script> [299 bytes]","args":[["getModel","getResource"]]}
RESULT: {"script":"<script> [299 bytes]","args":[["getModel","getResource"]]}
]]></system-out>
    </testcase>
    <testcase classname="chrome.136_0_7103_93.windows.Create_master_data_for_mixed_billing_&amp;_do_billing_calculation_US151661" name="Should create a new site" time="172.301">
      <system-out><![CDATA[
COMMAND: POST /session/0a56c8b3fe23980ff89a5571a3a07e32/execute/async - {"script":"<script> [1562 bytes]","args":[{"selector":{"controlType":"sap.m.GenericTile","properties":{"header":"Manage Sites"}},"wdio_ui5_key":"sapm.GenericTile{\"header\":\"Manage Sites\"}"}]}
COMMAND: GET /session/0a56c8b3fe23980ff89a5571a3a07e32/screenshot - {}
RESULT: {"script":"<script> [1562 bytes]","args":[{"selector":{"controlType":"sap.m.GenericTile","properties":{"header":"Manage Sites"}},"wdio_ui5_key":"sapm.GenericTile{\"header\":\"Manage Sites\"}"}]}
RESULT: undefined
COMMAND: POST /session/0a56c8b3fe23980ff89a5571a3a07e32/element - {"using":"xpath","value":"//*[@id=\"__tile40\"]"}
RESULT: {}
RESULT: {"using":"xpath","value":"//*[@id=\"__tile40\"]"}
COMMAND: POST /session/0a56c8b3fe23980ff89a5571a3a07e32/element/f.8BC31031A8A77F81AA6DDAE562E569BF.d.476EDF4A0F36DC2F375B56293B1D4715.e.6709/click - {}
RESULT: {}
COMMAND: GET /session/0a56c8b3fe23980ff89a5571a3a07e32/screenshot - {}
RESULT: {}
COMMAND: POST /session/0a56c8b3fe23980ff89a5571a3a07e32/elements - {"using":"xpath","value":"//span[text()='Error']"}
RESULT: {"using":"xpath","value":"//span[text()='Error']"}
COMMAND: POST /session/0a56c8b3fe23980ff89a5571a3a07e32/element - {"using":"xpath","value":"//button[@data-kt=\"addOverflowToolbarButton\"]"}
RESULT: {"using":"xpath","value":"//button[@data-kt=\"addOverflowToolbarButton\"]"}
COMMAND: POST /session/0a56c8b3fe23980ff89a5571a3a07e32/elements - {"using":"xpath","value":"//button[@data-kt=\"addOverflowToolbarButton\"]"}
RESULT: {"using":"xpath","value":"//button[@data-kt=\"addOverflowToolbarButton\"]"}
COMMAND: POST /session/0a56c8b3fe23980ff89a5571a3a07e32/execute/sync - {"script":"<script> [8489 bytes]","args":[{"element-6066-11e4-a52e-4f735466cecf":"f.8BC31031A8A77F81AA6DDAE562E569BF.d.476EDF4A0F36DC2F375B56293B1D4715.e.8373","ELEMENT":"f.8BC31031A8A77F81AA6DDAE562E569BF.d.476EDF4A0F36DC2F375B56293B1D4715.e.8373"}]}
RESULT: {"script":"<script> [8489 bytes]","args":[{"element-6066-11e4-a52e-4f735466cecf":"f.8BC31031A8A77F81AA6DDAE562E569BF.d.476EDF4A0F36DC2F375B56293B1D4715.e.8373","ELEMENT":"f.8BC31031A8A77F81AA6DDAE562E569BF.d.476EDF4A0F36DC2F375B56293B1D4715.e.8373"}]}
COMMAND: GET /session/0a56c8b3fe23980ff89a5571a3a07e32/element/f.8BC31031A8A77F81AA6DDAE562E569BF.d.476EDF4A0F36DC2F375B56293B1D4715.e.8373/enabled - {}
COMMAND: GET /session/0a56c8b3fe23980ff89a5571a3a07e32/screenshot - {}
RESULT: {}
COMMAND: POST /session/0a56c8b3fe23980ff89a5571a3a07e32/execute/sync - {"script":"<script> [8489 bytes]","args":[{"element-6066-11e4-a52e-4f735466cecf":"f.8BC31031A8A77F81AA6DDAE562E569BF.d.476EDF4A0F36DC2F375B56293B1D4715.e.8373","ELEMENT":"f.8BC31031A8A77F81AA6DDAE562E569BF.d.476EDF4A0F36DC2F375B56293B1D4715.e.8373"}]}
COMMAND: GET /session/0a56c8b3fe23980ff89a5571a3a07e32/screenshot - {}
RESULT: {}
RESULT: {"script":"<script> [8489 bytes]","args":[{"element-6066-11e4-a52e-4f735466cecf":"f.8BC31031A8A77F81AA6DDAE562E569BF.d.476EDF4A0F36DC2F375B56293B1D4715.e.8373","ELEMENT":"f.8BC31031A8A77F81AA6DDAE562E569BF.d.476EDF4A0F36DC2F375B56293B1D4715.e.8373"}]}
COMMAND: POST /session/0a56c8b3fe23980ff89a5571a3a07e32/execute/sync - {"script":"<script> [5351 bytes]","args":[{"element-6066-11e4-a52e-4f735466cecf":"f.8BC31031A8A77F81AA6DDAE562E569BF.d.476EDF4A0F36DC2F375B56293B1D4715.e.8373","ELEMENT":"f.8BC31031A8A77F81AA6DDAE562E569BF.d.476EDF4A0F36DC2F375B56293B1D4715.e.8373"}]}
COMMAND: GET /session/0a56c8b3fe23980ff89a5571a3a07e32/screenshot - {}
RESULT: {}
RESULT: {"script":"<script> [5351 bytes]","args":[{"element-6066-11e4-a52e-4f735466cecf":"f.8BC31031A8A77F81AA6DDAE562E569BF.d.476EDF4A0F36DC2F375B56293B1D4715.e.8373","ELEMENT":"f.8BC31031A8A77F81AA6DDAE562E569BF.d.476EDF4A0F36DC2F375B56293B1D4715.e.8373"}]}
COMMAND: POST /session/0a56c8b3fe23980ff89a5571a3a07e32/element/f.8BC31031A8A77F81AA6DDAE562E569BF.d.476EDF4A0F36DC2F375B56293B1D4715.e.8373/click - {}
COMMAND: GET /session/0a56c8b3fe23980ff89a5571a3a07e32/screenshot - {}
RESULT: {}
RESULT: {}
RESULT: {}
COMMAND: GET /session/0a56c8b3fe23980ff89a5571a3a07e32/screenshot - {}
COMMAND: POST /session/0a56c8b3fe23980ff89a5571a3a07e32/element - {"using":"xpath","value":"//input[@id=\"application-managesites-display-component---NewSite--siteId-inner\"]"}
RESULT: {}
RESULT: {"using":"xpath","value":"//input[@id=\"application-managesites-display-component---NewSite--siteId-inner\"]"}
COMMAND: POST /session/0a56c8b3fe23980ff89a5571a3a07e32/element - {"using":"xpath","value":"//input[@id=\"application-managesites-display-component---NewSite--siteId-inner\"]"}
RESULT: {"using":"xpath","value":"//input[@id=\"application-managesites-display-component---NewSite--siteId-inner\"]"}
COMMAND: POST /session/0a56c8b3fe23980ff89a5571a3a07e32/execute/async - {"script":"<script> [1562 bytes]","args":[{"selector":{"id":"application-managesites-display-component---NewSite--addressDetailDetailsName1","interaction":{"idSuffix":"inner"}},"wdio_ui5_key":"applicationmanagesites-display-component---NewSite--addressDetailDetailsName1"}]}
RESULT: {"script":"<script> [1562 bytes]","args":[{"selector":{"id":"application-managesites-display-component---NewSite--addressDetailDetailsName1","interaction":{"idSuffix":"inner"}},"wdio_ui5_key":"applicationmanagesites-display-component---NewSite--addressDetailDetailsName1"}]}
RESULT: undefined
COMMAND: POST /session/0a56c8b3fe23980ff89a5571a3a07e32/execute/async - {"script":"<script> [776 bytes]","args":[{"enterText":"Intercompany Site wdIO","selector":{"id":"application-managesites-display-component---NewSite--addressDetailDetailsName1","interaction":{"idSuffix":"inner"}},"clearTextFirst":true,"interactionType":"ENTER_TEXT"}]}
RESULT: {"script":"<script> [776 bytes]","args":[{"enterText":"Intercompany Site wdIO","selector":{"id":"application-managesites-display-component---NewSite--addressDetailDetailsName1","interaction":{"idSuffix":"inner"}},"clearTextFirst":true,"interactionType":"ENTER_TEXT"}]}
COMMAND: POST /session/0a56c8b3fe23980ff89a5571a3a07e32/execute/async - {"script":"<script> [1562 bytes]","args":[{"selector":{"id":"application-managesites-display-component---NewSite--addressDetailDetailsLanguage-arrow"},"wdio_ui5_key":"applicationmanagesites-display-component---NewSite--addressDetailDetailsLanguage-arrow"}]}
RESULT: {"script":"<script> [1562 bytes]","args":[{"selector":{"id":"application-managesites-display-component---NewSite--addressDetailDetailsLanguage-arrow"},"wdio_ui5_key":"applicationmanagesites-display-component---NewSite--addressDetailDetailsLanguage-arrow"}]}
RESULT: undefined
COMMAND: POST /session/0a56c8b3fe23980ff89a5571a3a07e32/element - {"using":"xpath","value":"//*[@id=\"application-managesites-display-component---NewSite--addressDetailDetailsLanguage-arrow\"]"}
RESULT: {"using":"xpath","value":"//*[@id=\"application-managesites-display-component---NewSite--addressDetailDetailsLanguage-arrow\"]"}
COMMAND: POST /session/0a56c8b3fe23980ff89a5571a3a07e32/element/f.8BC31031A8A77F81AA6DDAE562E569BF.d.476EDF4A0F36DC2F375B56293B1D4715.e.8756/click - {}
RESULT: {}
COMMAND: POST /session/0a56c8b3fe23980ff89a5571a3a07e32/element - {"using":"xpath","value":"//span[contains(text(), \"English\")]"}
COMMAND: GET /session/0a56c8b3fe23980ff89a5571a3a07e32/screenshot - {}
RESULT: {"using":"xpath","value":"//span[contains(text(), \"English\")]"}
COMMAND: POST /session/0a56c8b3fe23980ff89a5571a3a07e32/element/f.8BC31031A8A77F81AA6DDAE562E569BF.d.476EDF4A0F36DC2F375B56293B1D4715.e.8757/click - {}
RESULT: {}
RESULT: {}
COMMAND: POST /session/0a56c8b3fe23980ff89a5571a3a07e32/execute/async - {"script":"<script> [1562 bytes]","args":[{"selector":{"id":"application-managesites-display-component---NewSite--addressDetailDetailsCity1","interaction":{"idSuffix":"inner"}},"wdio_ui5_key":"applicationmanagesites-display-component---NewSite--addressDetailDetailsCity1"}]}
COMMAND: GET /session/0a56c8b3fe23980ff89a5571a3a07e32/screenshot - {}
RESULT: {"script":"<script> [1562 bytes]","args":[{"selector":{"id":"application-managesites-display-component---NewSite--addressDetailDetailsCity1","interaction":{"idSuffix":"inner"}},"wdio_ui5_key":"applicationmanagesites-display-component---NewSite--addressDetailDetailsCity1"}]}
RESULT: undefined
COMMAND: POST /session/0a56c8b3fe23980ff89a5571a3a07e32/execute/async - {"script":"<script> [776 bytes]","args":[{"enterText":"Rosario","selector":{"id":"application-managesites-display-component---NewSite--addressDetailDetailsCity1","interaction":{"idSuffix":"inner"}},"clearTextFirst":true,"interactionType":"ENTER_TEXT"}]}
RESULT: {}
RESULT: {"script":"<script> [776 bytes]","args":[{"enterText":"Rosario","selector":{"id":"application-managesites-display-component---NewSite--addressDetailDetailsCity1","interaction":{"idSuffix":"inner"}},"clearTextFirst":true,"interactionType":"ENTER_TEXT"}]}
COMMAND: POST /session/0a56c8b3fe23980ff89a5571a3a07e32/execute/async - {"script":"<script> [1562 bytes]","args":[{"selector":{"id":"application-managesites-display-component---NewSite--addressDetailDetailsCountry-arrow"},"wdio_ui5_key":"applicationmanagesites-display-component---NewSite--addressDetailDetailsCountry-arrow"}]}
RESULT: {"script":"<script> [1562 bytes]","args":[{"selector":{"id":"application-managesites-display-component---NewSite--addressDetailDetailsCountry-arrow"},"wdio_ui5_key":"applicationmanagesites-display-component---NewSite--addressDetailDetailsCountry-arrow"}]}
RESULT: undefined
COMMAND: POST /session/0a56c8b3fe23980ff89a5571a3a07e32/element - {"using":"xpath","value":"//*[@id=\"application-managesites-display-component---NewSite--addressDetailDetailsCountry-arrow\"]"}
RESULT: {"using":"xpath","value":"//*[@id=\"application-managesites-display-component---NewSite--addressDetailDetailsCountry-arrow\"]"}
COMMAND: POST /session/0a56c8b3fe23980ff89a5571a3a07e32/element/f.8BC31031A8A77F81AA6DDAE562E569BF.d.476EDF4A0F36DC2F375B56293B1D4715.e.8759/click - {}
RESULT: {}
COMMAND: POST /session/0a56c8b3fe23980ff89a5571a3a07e32/element - {"using":"xpath","value":"//span[contains(text(), \"Argentina\")]"}
COMMAND: GET /session/0a56c8b3fe23980ff89a5571a3a07e32/screenshot - {}
RESULT: {"using":"xpath","value":"//span[contains(text(), \"Argentina\")]"}
COMMAND: POST /session/0a56c8b3fe23980ff89a5571a3a07e32/element/f.8BC31031A8A77F81AA6DDAE562E569BF.d.476EDF4A0F36DC2F375B56293B1D4715.e.8760/click - {}
RESULT: {}
RESULT: {}
COMMAND: GET /session/0a56c8b3fe23980ff89a5571a3a07e32/screenshot - {}
RESULT: {}
COMMAND: POST /session/0a56c8b3fe23980ff89a5571a3a07e32/execute/async - {"script":"<script> [1562 bytes]","args":[{"selector":{"id":"application-managesites-display-component---NewSite--addressEditDetailsCostObjectCstType-arrow"},"wdio_ui5_key":"applicationmanagesites-display-component---NewSite--addressEditDetailsCostObjectCstType-arrow"}]}
RESULT: {"script":"<script> [1562 bytes]","args":[{"selector":{"id":"application-managesites-display-component---NewSite--addressEditDetailsCostObjectCstType-arrow"},"wdio_ui5_key":"applicationmanagesites-display-component---NewSite--addressEditDetailsCostObjectCstType-arrow"}]}
RESULT: undefined
COMMAND: POST /session/0a56c8b3fe23980ff89a5571a3a07e32/element - {"using":"xpath","value":"//*[@id=\"application-managesites-display-component---NewSite--addressEditDetailsCostObjectCstType-arrow\"]"}
RESULT: {"using":"xpath","value":"//*[@id=\"application-managesites-display-component---NewSite--addressEditDetailsCostObjectCstType-arrow\"]"}
COMMAND: POST /session/0a56c8b3fe23980ff89a5571a3a07e32/element/f.8BC31031A8A77F81AA6DDAE562E569BF.d.476EDF4A0F36DC2F375B56293B1D4715.e.8762/click - {}
RESULT: {}
COMMAND: POST /session/0a56c8b3fe23980ff89a5571a3a07e32/element - {"using":"xpath","value":"//span[contains(text(), \"Cost Center\")]"}
COMMAND: GET /session/0a56c8b3fe23980ff89a5571a3a07e32/screenshot - {}
RESULT: {"using":"xpath","value":"//span[contains(text(), \"Cost Center\")]"}
COMMAND: POST /session/0a56c8b3fe23980ff89a5571a3a07e32/element/f.8BC31031A8A77F81AA6DDAE562E569BF.d.476EDF4A0F36DC2F375B56293B1D4715.e.8763/click - {}
RESULT: {}
RESULT: {}
COMMAND: GET /session/0a56c8b3fe23980ff89a5571a3a07e32/screenshot - {}
RESULT: {}
COMMAND: POST /session/0a56c8b3fe23980ff89a5571a3a07e32/element - {"using":"xpath","value":"//span[@id=\"application-managesites-display-component---NewSite--addressNewCostObjectCstID-vhi\"]"}
RESULT: {"using":"xpath","value":"//span[@id=\"application-managesites-display-component---NewSite--addressNewCostObjectCstID-vhi\"]"}
COMMAND: POST /session/0a56c8b3fe23980ff89a5571a3a07e32/execute/sync - {"script":"<script> [8489 bytes]","args":[{"element-6066-11e4-a52e-4f735466cecf":"f.8BC31031A8A77F81AA6DDAE562E569BF.d.476EDF4A0F36DC2F375B56293B1D4715.e.8768","ELEMENT":"f.8BC31031A8A77F81AA6DDAE562E569BF.d.476EDF4A0F36DC2F375B56293B1D4715.e.8768"}]}
RESULT: {"script":"<script> [8489 bytes]","args":[{"element-6066-11e4-a52e-4f735466cecf":"f.8BC31031A8A77F81AA6DDAE562E569BF.d.476EDF4A0F36DC2F375B56293B1D4715.e.8768","ELEMENT":"f.8BC31031A8A77F81AA6DDAE562E569BF.d.476EDF4A0F36DC2F375B56293B1D4715.e.8768"}]}
COMMAND: POST /session/0a56c8b3fe23980ff89a5571a3a07e32/execute/async - {"script":"<script> [1562 bytes]","args":[{"selector":{"id":"application-managesites-display-component---NewSite--addressNewCostObjectCstID-vhi"},"wdio_ui5_key":"applicationmanagesites-display-component---NewSite--addressNewCostObjectCstID-vhi"}]}
COMMAND: GET /session/0a56c8b3fe23980ff89a5571a3a07e32/screenshot - {}
RESULT: {"script":"<script> [1562 bytes]","args":[{"selector":{"id":"application-managesites-display-component---NewSite--addressNewCostObjectCstID-vhi"},"wdio_ui5_key":"applicationmanagesites-display-component---NewSite--addressNewCostObjectCstID-vhi"}]}
RESULT: undefined
COMMAND: POST /session/0a56c8b3fe23980ff89a5571a3a07e32/element - {"using":"xpath","value":"//*[@id=\"application-managesites-display-component---NewSite--addressNewCostObjectCstID-vhi\"]"}
RESULT: {}
RESULT: {"using":"xpath","value":"//*[@id=\"application-managesites-display-component---NewSite--addressNewCostObjectCstID-vhi\"]"}
COMMAND: POST /session/0a56c8b3fe23980ff89a5571a3a07e32/element/f.8BC31031A8A77F81AA6DDAE562E569BF.d.476EDF4A0F36DC2F375B56293B1D4715.e.8768/click - {}
RESULT: {}
COMMAND: GET /session/0a56c8b3fe23980ff89a5571a3a07e32/screenshot - {}
RESULT: {}
RESULT: undefined
COMMAND: POST /session/0a56c8b3fe23980ff89a5571a3a07e32/execute/async - {"script":"<script> [776 bytes]","args":[{"enterText":"10001013","selector":{"controlType":"sap.m.SearchField","properties":{"placeholder":"Search"},"searchOpenDialogs":true,"interaction":{"idSuffix":"I"}},"clearTextFirst":true,"interactionType":"ENTER_TEXT"}]}
RESULT: {"script":"<script> [776 bytes]","args":[{"enterText":"10001013","selector":{"controlType":"sap.m.SearchField","properties":{"placeholder":"Search"},"searchOpenDialogs":true,"interaction":{"idSuffix":"I"}},"clearTextFirst":true,"interactionType":"ENTER_TEXT"}]}
COMMAND: POST /session/0a56c8b3fe23980ff89a5571a3a07e32/actions - {"actions":[{"id":"action26","type":"key","parameters":{},"actions":[{"type":"keyDown","value":""},{"type":"pause","duration":10},{"type":"keyUp","value":""}]}]}
RESULT: {"actions":[{"id":"action26","type":"key","parameters":{},"actions":[{"type":"keyDown","value":""},{"type":"pause","duration":10},{"type":"keyUp","value":""}]}]}
COMMAND: GET /session/0a56c8b3fe23980ff89a5571a3a07e32/screenshot - {}
RESULT: {}
COMMAND: POST /session/0a56c8b3fe23980ff89a5571a3a07e32/element - {"using":"xpath","value":"//span[contains(text(), \"General Management\")]"}
RESULT: {"using":"xpath","value":"//span[contains(text(), \"General Management\")]"}
COMMAND: POST /session/0a56c8b3fe23980ff89a5571a3a07e32/element/f.8BC31031A8A77F81AA6DDAE562E569BF.d.476EDF4A0F36DC2F375B56293B1D4715.e.8808/click - {}
RESULT: {}
COMMAND: GET /session/0a56c8b3fe23980ff89a5571a3a07e32/screenshot - {}
RESULT: {}
COMMAND: POST /session/0a56c8b3fe23980ff89a5571a3a07e32/element - {"using":"xpath","value":"//bdi[contains(text(), \"OK\")]"}
RESULT: {"using":"xpath","value":"//bdi[contains(text(), \"OK\")]"}
COMMAND: POST /session/0a56c8b3fe23980ff89a5571a3a07e32/element/f.8BC31031A8A77F81AA6DDAE562E569BF.d.476EDF4A0F36DC2F375B56293B1D4715.e.8809/click - {}
RESULT: {}
COMMAND: GET /session/0a56c8b3fe23980ff89a5571a3a07e32/screenshot - {}
RESULT: {}
COMMAND: POST /session/0a56c8b3fe23980ff89a5571a3a07e32/element - {"using":"xpath","value":"//input[@id=\"application-managesites-display-component---NewSite--addressDetailDetailsCalendar-inner\"]"}
RESULT: {"using":"xpath","value":"//input[@id=\"application-managesites-display-component---NewSite--addressDetailDetailsCalendar-inner\"]"}
COMMAND: POST /session/0a56c8b3fe23980ff89a5571a3a07e32/element/f.8BC31031A8A77F81AA6DDAE562E569BF.d.476EDF4A0F36DC2F375B56293B1D4715.e.8570/clear - {}
RESULT: {}
COMMAND: POST /session/0a56c8b3fe23980ff89a5571a3a07e32/element/f.8BC31031A8A77F81AA6DDAE562E569BF.d.476EDF4A0F36DC2F375B56293B1D4715.e.8570/value - {"text":"Unit"}
COMMAND: GET /session/0a56c8b3fe23980ff89a5571a3a07e32/screenshot - {}
RESULT: {"text":"Unit"}
COMMAND: GET /session/0a56c8b3fe23980ff89a5571a3a07e32/screenshot - {}
RESULT: {}
RESULT: {}
COMMAND: POST /session/0a56c8b3fe23980ff89a5571a3a07e32/actions - {"actions":[{"id":"action27","type":"key","parameters":{},"actions":[{"type":"keyDown","value":""},{"type":"pause","duration":10},{"type":"keyUp","value":""}]}]}
RESULT: {"actions":[{"id":"action27","type":"key","parameters":{},"actions":[{"type":"keyDown","value":""},{"type":"pause","duration":10},{"type":"keyUp","value":""}]}]}
COMMAND: POST /session/0a56c8b3fe23980ff89a5571a3a07e32/element - {"using":"xpath","value":"//input[@id=\"application-managesites-display-component---NewSite--addressDetailDetailsYard-inner\"]"}
COMMAND: GET /session/0a56c8b3fe23980ff89a5571a3a07e32/screenshot - {}
RESULT: {"using":"xpath","value":"//input[@id=\"application-managesites-display-component---NewSite--addressDetailDetailsYard-inner\"]"}
COMMAND: POST /session/0a56c8b3fe23980ff89a5571a3a07e32/element/f.8BC31031A8A77F81AA6DDAE562E569BF.d.476EDF4A0F36DC2F375B56293B1D4715.e.8571/clear - {}
RESULT: {}
RESULT: {}
COMMAND: POST /session/0a56c8b3fe23980ff89a5571a3a07e32/element/f.8BC31031A8A77F81AA6DDAE562E569BF.d.476EDF4A0F36DC2F375B56293B1D4715.e.8571/value - {"text":"346"}
COMMAND: GET /session/0a56c8b3fe23980ff89a5571a3a07e32/screenshot - {}
RESULT: {"text":"346"}
COMMAND: GET /session/0a56c8b3fe23980ff89a5571a3a07e32/screenshot - {}
RESULT: {}
RESULT: {}
COMMAND: POST /session/0a56c8b3fe23980ff89a5571a3a07e32/element - {"using":"xpath","value":"//li[.//span[text()='346']]"}
RESULT: {"using":"xpath","value":"//li[.//span[text()='346']]"}
COMMAND: POST /session/0a56c8b3fe23980ff89a5571a3a07e32/element/f.8BC31031A8A77F81AA6DDAE562E569BF.d.476EDF4A0F36DC2F375B56293B1D4715.e.8817/click - {}
RESULT: {}
COMMAND: GET /session/0a56c8b3fe23980ff89a5571a3a07e32/screenshot - {}
RESULT: {}
COMMAND: POST /session/0a56c8b3fe23980ff89a5571a3a07e32/element - {"using":"xpath","value":"//input[@id=\"application-managesites-display-component---NewSite--addressDetailDetailsPartner-inner\"]"}
RESULT: {"using":"xpath","value":"//input[@id=\"application-managesites-display-component---NewSite--addressDetailDetailsPartner-inner\"]"}
COMMAND: POST /session/0a56c8b3fe23980ff89a5571a3a07e32/element - {"using":"xpath","value":"//input[@id=\"application-managesites-display-component---NewSite--addressDetailDetailsPartner-inner\"]"}
RESULT: {"using":"xpath","value":"//input[@id=\"application-managesites-display-component---NewSite--addressDetailDetailsPartner-inner\"]"}
COMMAND: POST /session/0a56c8b3fe23980ff89a5571a3a07e32/element - {"using":"xpath","value":"//button[@data-kt=\"saveButton\"]"}
RESULT: {"using":"xpath","value":"//button[@data-kt=\"saveButton\"]"}
COMMAND: POST /session/0a56c8b3fe23980ff89a5571a3a07e32/element/f.8BC31031A8A77F81AA6DDAE562E569BF.d.476EDF4A0F36DC2F375B56293B1D4715.e.8749/click - {}
RESULT: {}
COMMAND: GET /session/0a56c8b3fe23980ff89a5571a3a07e32/screenshot - {}
RESULT: {}
COMMAND: POST /session/0a56c8b3fe23980ff89a5571a3a07e32/element - {"using":"xpath","value":"//header[contains(@id, 'ObjectPageLayout-headerTitle')]/div[1]/div[2]/div[2]/span[1]"}
RESULT: {"using":"xpath","value":"//header[contains(@id, 'ObjectPageLayout-headerTitle')]/div[1]/div[2]/div[2]/span[1]"}
COMMAND: POST /session/0a56c8b3fe23980ff89a5571a3a07e32/elements - {"using":"xpath","value":"//header[contains(@id, 'ObjectPageLayout-headerTitle')]/div[1]/div[2]/div[2]/span[1]"}
RESULT: {"using":"xpath","value":"//header[contains(@id, 'ObjectPageLayout-headerTitle')]/div[1]/div[2]/div[2]/span[1]"}
COMMAND: POST /session/0a56c8b3fe23980ff89a5571a3a07e32/execute/sync - {"script":"<script> [56 bytes]","args":[{"element-6066-11e4-a52e-4f735466cecf":"f.8BC31031A8A77F81AA6DDAE562E569BF.d.476EDF4A0F36DC2F375B56293B1D4715.e.9019","ELEMENT":"f.8BC31031A8A77F81AA6DDAE562E569BF.d.476EDF4A0F36DC2F375B56293B1D4715.e.9019"}]}
RESULT: {"script":"<script> [56 bytes]","args":[{"element-6066-11e4-a52e-4f735466cecf":"f.8BC31031A8A77F81AA6DDAE562E569BF.d.476EDF4A0F36DC2F375B56293B1D4715.e.9019","ELEMENT":"f.8BC31031A8A77F81AA6DDAE562E569BF.d.476EDF4A0F36DC2F375B56293B1D4715.e.9019"}]}
COMMAND: POST /session/0a56c8b3fe23980ff89a5571a3a07e32/element - {"using":"css selector","value":"#shell-header-logo"}
COMMAND: GET /session/0a56c8b3fe23980ff89a5571a3a07e32/screenshot - {}
RESULT: {"using":"css selector","value":"#shell-header-logo"}
COMMAND: POST /session/0a56c8b3fe23980ff89a5571a3a07e32/element/f.8BC31031A8A77F81AA6DDAE562E569BF.d.476EDF4A0F36DC2F375B56293B1D4715.e.8329/click - {}
RESULT: {}
RESULT: {}
COMMAND: GET /session/0a56c8b3fe23980ff89a5571a3a07e32/screenshot - {}
RESULT: {}
COMMAND: POST /session/0a56c8b3fe23980ff89a5571a3a07e32/execute/sync - {"script":"<script> [299 bytes]","args":[["getModel","getResource"]]}
RESULT: {"script":"<script> [299 bytes]","args":[["getModel","getResource"]]}
COMMAND: POST /session/0a56c8b3fe23980ff89a5571a3a07e32/actions - {"actions":[{"id":"action28","type":"key","parameters":{},"actions":[{"type":"keyDown","value":""},{"type":"pause","duration":10},{"type":"keyUp","value":""}]}]}
COMMAND: GET /session/0a56c8b3fe23980ff89a5571a3a07e32/screenshot - {}
RESULT: {"actions":[{"id":"action28","type":"key","parameters":{},"actions":[{"type":"keyDown","value":""},{"type":"pause","duration":10},{"type":"keyUp","value":""}]}]}
COMMAND: GET /session/0a56c8b3fe23980ff89a5571a3a07e32/screenshot - {}
RESULT: {}
RESULT: {}
COMMAND: POST /session/0a56c8b3fe23980ff89a5571a3a07e32/refresh - {}
RESULT: {}
COMMAND: GET /session/0a56c8b3fe23980ff89a5571a3a07e32/screenshot - {}
RESULT: {}
COMMAND: POST /session/0a56c8b3fe23980ff89a5571a3a07e32/refresh - {}
RESULT: {}
COMMAND: GET /session/0a56c8b3fe23980ff89a5571a3a07e32/screenshot - {}
RESULT: {}
COMMAND: POST /session/0a56c8b3fe23980ff89a5571a3a07e32/window/fullscreen - {}
RESULT: {}
COMMAND: POST /session/0a56c8b3fe23980ff89a5571a3a07e32/execute/async - {"script":"<script> [189 bytes]","args":[]}
RESULT: {"script":"<script> [189 bytes]","args":[]}
COMMAND: POST /session/0a56c8b3fe23980ff89a5571a3a07e32/execute/async - {"script":"<script> [123 bytes]","args":[]}
RESULT: {"script":"<script> [123 bytes]","args":[]}
COMMAND: POST /session/0a56c8b3fe23980ff89a5571a3a07e32/timeouts - {"script":"<number>"}
RESULT: {"script":"<number>"}
COMMAND: GET /session/0a56c8b3fe23980ff89a5571a3a07e32/timeouts - {}
RESULT: {}
RESULT: undefined
COMMAND: POST /session/0a56c8b3fe23980ff89a5571a3a07e32/execute/async - {"script":"<script> [2676 bytes]","args":[]}
RESULT: {"script":"<script> [2676 bytes]","args":[]}
COMMAND: POST /session/0a56c8b3fe23980ff89a5571a3a07e32/execute/async - {"script":"<script> [2342 bytes]","args":[{"protocol":"http","hostname":"0.0.0.0","path":"/","capabilities":{"browserName":"chrome","goog:chromeOptions":{"binary":"C:\\Program Files\\Google\\Chrome\\Application\\chrome.exe","args":["--start-maximized"]}},"logLevel":"warn","connectionRetryTimeout":120000,"connectionRetryCount":3,"logLevels":{},"enableDirectConnect":true,"strictSSL":true,"_":"65 more keys: [\"cacheDir\",\"port\",\"requestedCapabilities\",\"automationProtocol\",\"baseUrl\",\"waitforInterval\",\"waitforTimeout\",\"onReload\",\"beforeCommand\",\"afterCommand\",\"rootDir\",\"specs\",\"suites\",\"exclude\",\"groupLogsByTestSpec\",\"excludeDriverLogs\",\"bail\",\"framework\",\"reporters\",\"services\",\"maxInstances\",\"maxInstancesPerCapability\",\"injectGlobals\",\"filesToWatch\",\"execArgv\",\"runnerEnv\",\"runner\",\"shard\",\"specFileRetries\",\"specFileRetriesDelay\",\"specFileRetriesDeferred\",\"reporterSyncInterval\",\"reporterSyncTimeout\",\"cucumberFeaturesWithLineNumbers\",\"autoCompileOpts\",\"mochaOpts\",\"jasmineOpts\",\"cucumberOpts\",\"onPrepare\",\"onWorkerStart\",\"onWorkerEnd\",\"before\",\"beforeSession\",\"beforeSuite\",\"beforeHook\",\"beforeTest\",\"afterTest\",\"afterHook\",\"afterSuite\",\"afterSession\",\"after\",\"onComplete\",\"beforeAssertion\",\"afterAssertion\",\"beforeFeature\",\"beforeScenario\",\"beforeStep\",\"afterStep\",\"afterScenario\",\"afterFeature\",\"_\",\"suite\",\"$0\",\"ignoredWorkerServices\",\"wdi5\"]"}]}
RESULT: {"script":"<script> [2342 bytes]","args":[{"protocol":"http","hostname":"0.0.0.0","path":"/","capabilities":{"browserName":"chrome","goog:chromeOptions":{"binary":"C:\\Program Files\\Google\\Chrome\\Application\\chrome.exe","args":["--start-maximized"]}},"logLevel":"warn","connectionRetryTimeout":120000,"connectionRetryCount":3,"logLevels":{},"enableDirectConnect":true,"strictSSL":true,"_":"65 more keys: [\"cacheDir\",\"port\",\"requestedCapabilities\",\"automationProtocol\",\"baseUrl\",\"waitforInterval\",\"waitforTimeout\",\"onReload\",\"beforeCommand\",\"afterCommand\",\"rootDir\",\"specs\",\"suites\",\"exclude\",\"groupLogsByTestSpec\",\"excludeDriverLogs\",\"bail\",\"framework\",\"reporters\",\"services\",\"maxInstances\",\"maxInstancesPerCapability\",\"injectGlobals\",\"filesToWatch\",\"execArgv\",\"runnerEnv\",\"runner\",\"shard\",\"specFileRetries\",\"specFileRetriesDelay\",\"specFileRetriesDeferred\",\"reporterSyncInterval\",\"reporterSyncTimeout\",\"cucumberFeaturesWithLineNumbers\",\"autoCompileOpts\",\"mochaOpts\",\"jasmineOpts\",\"cucumberOpts\",\"onPrepare\",\"onWorkerStart\",\"onWorkerEnd\",\"before\",\"beforeSession\",\"beforeSuite\",\"beforeHook\",\"beforeTest\",\"afterTest\",\"afterHook\",\"afterSuite\",\"afterSession\",\"after\",\"onComplete\",\"beforeAssertion\",\"afterAssertion\",\"beforeFeature\",\"beforeScenario\",\"beforeStep\",\"afterStep\",\"afterScenario\",\"afterFeature\",\"_\",\"suite\",\"$0\",\"ignoredWorkerServices\",\"wdi5\"]"}]}
COMMAND: POST /session/0a56c8b3fe23980ff89a5571a3a07e32/execute/async - {"script":"<script> [21126 bytes]","args":[35000]}
RESULT: {"script":"<script> [21126 bytes]","args":[35000]}
COMMAND: POST /session/0a56c8b3fe23980ff89a5571a3a07e32/window/fullscreen - {}
RESULT: {}
]]></system-out>
    </testcase>
    <testcase classname="chrome.136_0_7103_93.windows.Create_master_data_for_mixed_billing_&amp;_do_billing_calculation_US151661" name="Should create a new equipment and add a counter to it" time="191.955">
      <system-out><![CDATA[
COMMAND: POST /session/0a56c8b3fe23980ff89a5571a3a07e32/execute/async - {"script":"<script> [1562 bytes]","args":[{"selector":{"controlType":"sap.m.GenericTile","properties":{"header":"Manage Resources"}},"wdio_ui5_key":"sapm.GenericTile{\"header\":\"Manage Resources\"}"}]}
RESULT: {"script":"<script> [1562 bytes]","args":[{"selector":{"controlType":"sap.m.GenericTile","properties":{"header":"Manage Resources"}},"wdio_ui5_key":"sapm.GenericTile{\"header\":\"Manage Resources\"}"}]}
RESULT: undefined
COMMAND: POST /session/0a56c8b3fe23980ff89a5571a3a07e32/element - {"using":"xpath","value":"//*[@id=\"__tile31\"]"}
RESULT: {"using":"xpath","value":"//*[@id=\"__tile31\"]"}
COMMAND: POST /session/0a56c8b3fe23980ff89a5571a3a07e32/element/f.8BC31031A8A77F81AA6DDAE562E569BF.d.1CABE3EAA4F095580C25B0D28CEAD948.e.9094/click - {}
RESULT: {}
COMMAND: GET /session/0a56c8b3fe23980ff89a5571a3a07e32/screenshot - {}
RESULT: {}
COMMAND: POST /session/0a56c8b3fe23980ff89a5571a3a07e32/elements - {"using":"xpath","value":"//span[text()='Error']"}
RESULT: {"using":"xpath","value":"//span[text()='Error']"}
COMMAND: POST /session/0a56c8b3fe23980ff89a5571a3a07e32/element - {"using":"xpath","value":"//button[@data-kt=\"addNewRUOverflowToolbarButton\"]"}
RESULT: {"using":"xpath","value":"//button[@data-kt=\"addNewRUOverflowToolbarButton\"]"}
COMMAND: POST /session/0a56c8b3fe23980ff89a5571a3a07e32/elements - {"using":"xpath","value":"//button[@data-kt=\"addNewRUOverflowToolbarButton\"]"}
RESULT: {"using":"xpath","value":"//button[@data-kt=\"addNewRUOverflowToolbarButton\"]"}
COMMAND: POST /session/0a56c8b3fe23980ff89a5571a3a07e32/elements - {"using":"xpath","value":"//button[@data-kt=\"addNewRUOverflowToolbarButton\"]"}
RESULT: {"using":"xpath","value":"//button[@data-kt=\"addNewRUOverflowToolbarButton\"]"}
COMMAND: POST /session/0a56c8b3fe23980ff89a5571a3a07e32/elements - {"using":"xpath","value":"//button[@data-kt=\"addNewRUOverflowToolbarButton\"]"}
RESULT: {"using":"xpath","value":"//button[@data-kt=\"addNewRUOverflowToolbarButton\"]"}
COMMAND: POST /session/0a56c8b3fe23980ff89a5571a3a07e32/elements - {"using":"xpath","value":"//button[@data-kt=\"addNewRUOverflowToolbarButton\"]"}
RESULT: {"using":"xpath","value":"//button[@data-kt=\"addNewRUOverflowToolbarButton\"]"}
COMMAND: POST /session/0a56c8b3fe23980ff89a5571a3a07e32/elements - {"using":"xpath","value":"//button[@data-kt=\"addNewRUOverflowToolbarButton\"]"}
RESULT: {"using":"xpath","value":"//button[@data-kt=\"addNewRUOverflowToolbarButton\"]"}
COMMAND: POST /session/0a56c8b3fe23980ff89a5571a3a07e32/elements - {"using":"xpath","value":"//button[@data-kt=\"addNewRUOverflowToolbarButton\"]"}
RESULT: {"using":"xpath","value":"//button[@data-kt=\"addNewRUOverflowToolbarButton\"]"}
COMMAND: POST /session/0a56c8b3fe23980ff89a5571a3a07e32/elements - {"using":"xpath","value":"//button[@data-kt=\"addNewRUOverflowToolbarButton\"]"}
RESULT: {"using":"xpath","value":"//button[@data-kt=\"addNewRUOverflowToolbarButton\"]"}
COMMAND: POST /session/0a56c8b3fe23980ff89a5571a3a07e32/elements - {"using":"xpath","value":"//button[@data-kt=\"addNewRUOverflowToolbarButton\"]"}
RESULT: {"using":"xpath","value":"//button[@data-kt=\"addNewRUOverflowToolbarButton\"]"}
COMMAND: POST /session/0a56c8b3fe23980ff89a5571a3a07e32/elements - {"using":"xpath","value":"//button[@data-kt=\"addNewRUOverflowToolbarButton\"]"}
RESULT: {"using":"xpath","value":"//button[@data-kt=\"addNewRUOverflowToolbarButton\"]"}
COMMAND: POST /session/0a56c8b3fe23980ff89a5571a3a07e32/elements - {"using":"xpath","value":"//button[@data-kt=\"addNewRUOverflowToolbarButton\"]"}
RESULT: {"using":"xpath","value":"//button[@data-kt=\"addNewRUOverflowToolbarButton\"]"}
COMMAND: POST /session/0a56c8b3fe23980ff89a5571a3a07e32/elements - {"using":"xpath","value":"//button[@data-kt=\"addNewRUOverflowToolbarButton\"]"}
RESULT: {"using":"xpath","value":"//button[@data-kt=\"addNewRUOverflowToolbarButton\"]"}
COMMAND: POST /session/0a56c8b3fe23980ff89a5571a3a07e32/elements - {"using":"xpath","value":"//button[@data-kt=\"addNewRUOverflowToolbarButton\"]"}
RESULT: {"using":"xpath","value":"//button[@data-kt=\"addNewRUOverflowToolbarButton\"]"}
COMMAND: POST /session/0a56c8b3fe23980ff89a5571a3a07e32/elements - {"using":"xpath","value":"//button[@data-kt=\"addNewRUOverflowToolbarButton\"]"}
RESULT: {"using":"xpath","value":"//button[@data-kt=\"addNewRUOverflowToolbarButton\"]"}
COMMAND: POST /session/0a56c8b3fe23980ff89a5571a3a07e32/elements - {"using":"xpath","value":"//button[@data-kt=\"addNewRUOverflowToolbarButton\"]"}
RESULT: {"using":"xpath","value":"//button[@data-kt=\"addNewRUOverflowToolbarButton\"]"}
COMMAND: POST /session/0a56c8b3fe23980ff89a5571a3a07e32/elements - {"using":"xpath","value":"//button[@data-kt=\"addNewRUOverflowToolbarButton\"]"}
RESULT: {"using":"xpath","value":"//button[@data-kt=\"addNewRUOverflowToolbarButton\"]"}
COMMAND: POST /session/0a56c8b3fe23980ff89a5571a3a07e32/elements - {"using":"xpath","value":"//button[@data-kt=\"addNewRUOverflowToolbarButton\"]"}
RESULT: {"using":"xpath","value":"//button[@data-kt=\"addNewRUOverflowToolbarButton\"]"}
COMMAND: POST /session/0a56c8b3fe23980ff89a5571a3a07e32/elements - {"using":"xpath","value":"//button[@data-kt=\"addNewRUOverflowToolbarButton\"]"}
RESULT: {"using":"xpath","value":"//button[@data-kt=\"addNewRUOverflowToolbarButton\"]"}
COMMAND: POST /session/0a56c8b3fe23980ff89a5571a3a07e32/elements - {"using":"xpath","value":"//button[@data-kt=\"addNewRUOverflowToolbarButton\"]"}
RESULT: {"using":"xpath","value":"//button[@data-kt=\"addNewRUOverflowToolbarButton\"]"}
COMMAND: POST /session/0a56c8b3fe23980ff89a5571a3a07e32/elements - {"using":"xpath","value":"//button[@data-kt=\"addNewRUOverflowToolbarButton\"]"}
RESULT: {"using":"xpath","value":"//button[@data-kt=\"addNewRUOverflowToolbarButton\"]"}
COMMAND: POST /session/0a56c8b3fe23980ff89a5571a3a07e32/elements - {"using":"xpath","value":"//button[@data-kt=\"addNewRUOverflowToolbarButton\"]"}
RESULT: {"using":"xpath","value":"//button[@data-kt=\"addNewRUOverflowToolbarButton\"]"}
COMMAND: POST /session/0a56c8b3fe23980ff89a5571a3a07e32/elements - {"using":"xpath","value":"//button[@data-kt=\"addNewRUOverflowToolbarButton\"]"}
RESULT: {"using":"xpath","value":"//button[@data-kt=\"addNewRUOverflowToolbarButton\"]"}
COMMAND: POST /session/0a56c8b3fe23980ff89a5571a3a07e32/elements - {"using":"xpath","value":"//button[@data-kt=\"addNewRUOverflowToolbarButton\"]"}
RESULT: {"using":"xpath","value":"//button[@data-kt=\"addNewRUOverflowToolbarButton\"]"}
COMMAND: POST /session/0a56c8b3fe23980ff89a5571a3a07e32/element - {"using":"xpath","value":"//button[@data-kt=\"addNewRUOverflowToolbarButton\"]"}
RESULT: {"using":"xpath","value":"//button[@data-kt=\"addNewRUOverflowToolbarButton\"]"}
COMMAND: POST /session/0a56c8b3fe23980ff89a5571a3a07e32/execute/sync - {"script":"<script> [8489 bytes]","args":[{"element-6066-11e4-a52e-4f735466cecf":"f.8BC31031A8A77F81AA6DDAE562E569BF.d.1CABE3EAA4F095580C25B0D28CEAD948.e.9198","ELEMENT":"f.8BC31031A8A77F81AA6DDAE562E569BF.d.1CABE3EAA4F095580C25B0D28CEAD948.e.9198"}]}
RESULT: {"script":"<script> [8489 bytes]","args":[{"element-6066-11e4-a52e-4f735466cecf":"f.8BC31031A8A77F81AA6DDAE562E569BF.d.1CABE3EAA4F095580C25B0D28CEAD948.e.9198","ELEMENT":"f.8BC31031A8A77F81AA6DDAE562E569BF.d.1CABE3EAA4F095580C25B0D28CEAD948.e.9198"}]}
COMMAND: GET /session/0a56c8b3fe23980ff89a5571a3a07e32/element/f.8BC31031A8A77F81AA6DDAE562E569BF.d.1CABE3EAA4F095580C25B0D28CEAD948.e.9198/enabled - {}
COMMAND: GET /session/0a56c8b3fe23980ff89a5571a3a07e32/screenshot - {}
RESULT: {}
COMMAND: POST /session/0a56c8b3fe23980ff89a5571a3a07e32/execute/sync - {"script":"<script> [8489 bytes]","args":[{"element-6066-11e4-a52e-4f735466cecf":"f.8BC31031A8A77F81AA6DDAE562E569BF.d.1CABE3EAA4F095580C25B0D28CEAD948.e.9198","ELEMENT":"f.8BC31031A8A77F81AA6DDAE562E569BF.d.1CABE3EAA4F095580C25B0D28CEAD948.e.9198"}]}
COMMAND: GET /session/0a56c8b3fe23980ff89a5571a3a07e32/screenshot - {}
RESULT: {}
RESULT: {"script":"<script> [8489 bytes]","args":[{"element-6066-11e4-a52e-4f735466cecf":"f.8BC31031A8A77F81AA6DDAE562E569BF.d.1CABE3EAA4F095580C25B0D28CEAD948.e.9198","ELEMENT":"f.8BC31031A8A77F81AA6DDAE562E569BF.d.1CABE3EAA4F095580C25B0D28CEAD948.e.9198"}]}
COMMAND: POST /session/0a56c8b3fe23980ff89a5571a3a07e32/execute/sync - {"script":"<script> [5351 bytes]","args":[{"element-6066-11e4-a52e-4f735466cecf":"f.8BC31031A8A77F81AA6DDAE562E569BF.d.1CABE3EAA4F095580C25B0D28CEAD948.e.9198","ELEMENT":"f.8BC31031A8A77F81AA6DDAE562E569BF.d.1CABE3EAA4F095580C25B0D28CEAD948.e.9198"}]}
COMMAND: GET /session/0a56c8b3fe23980ff89a5571a3a07e32/screenshot - {}
RESULT: {}
RESULT: {"script":"<script> [5351 bytes]","args":[{"element-6066-11e4-a52e-4f735466cecf":"f.8BC31031A8A77F81AA6DDAE562E569BF.d.1CABE3EAA4F095580C25B0D28CEAD948.e.9198","ELEMENT":"f.8BC31031A8A77F81AA6DDAE562E569BF.d.1CABE3EAA4F095580C25B0D28CEAD948.e.9198"}]}
COMMAND: POST /session/0a56c8b3fe23980ff89a5571a3a07e32/element/f.8BC31031A8A77F81AA6DDAE562E569BF.d.1CABE3EAA4F095580C25B0D28CEAD948.e.9198/click - {}
COMMAND: GET /session/0a56c8b3fe23980ff89a5571a3a07e32/screenshot - {}
RESULT: {}
RESULT: {}
COMMAND: GET /session/0a56c8b3fe23980ff89a5571a3a07e32/screenshot - {}
RESULT: {}
RESULT: {}
COMMAND: POST /session/0a56c8b3fe23980ff89a5571a3a07e32/execute/async - {"script":"<script> [1562 bytes]","args":[{"selector":{"id":"application-manageresources-display-component---newResourceUnit--TYPE-arrow"},"wdio_ui5_key":"applicationmanageresources-display-component---newResourceUnit--TYPE-arrow"}]}
RESULT: {"script":"<script> [1562 bytes]","args":[{"selector":{"id":"application-manageresources-display-component---newResourceUnit--TYPE-arrow"},"wdio_ui5_key":"applicationmanageresources-display-component---newResourceUnit--TYPE-arrow"}]}
RESULT: undefined
COMMAND: POST /session/0a56c8b3fe23980ff89a5571a3a07e32/element - {"using":"xpath","value":"//*[@id=\"application-manageresources-display-component---newResourceUnit--TYPE-arrow\"]"}
RESULT: {"using":"xpath","value":"//*[@id=\"application-manageresources-display-component---newResourceUnit--TYPE-arrow\"]"}
COMMAND: POST /session/0a56c8b3fe23980ff89a5571a3a07e32/element/f.8BC31031A8A77F81AA6DDAE562E569BF.d.1CABE3EAA4F095580C25B0D28CEAD948.e.9559/click - {}
RESULT: {}
COMMAND: POST /session/0a56c8b3fe23980ff89a5571a3a07e32/element - {"using":"xpath","value":"//input[@id=\"application-manageresources-display-component---newResourceUnit--TYPE-inner\"]"}
COMMAND: GET /session/0a56c8b3fe23980ff89a5571a3a07e32/screenshot - {}
RESULT: {"using":"xpath","value":"//input[@id=\"application-manageresources-display-component---newResourceUnit--TYPE-inner\"]"}
COMMAND: POST /session/0a56c8b3fe23980ff89a5571a3a07e32/element/f.8BC31031A8A77F81AA6DDAE562E569BF.d.1CABE3EAA4F095580C25B0D28CEAD948.e.9555/clear - {}
RESULT: {}
RESULT: {}
COMMAND: POST /session/0a56c8b3fe23980ff89a5571a3a07e32/element/f.8BC31031A8A77F81AA6DDAE562E569BF.d.1CABE3EAA4F095580C25B0D28CEAD948.e.9555/value - {"text":"Equipment"}
COMMAND: GET /session/0a56c8b3fe23980ff89a5571a3a07e32/screenshot - {}
RESULT: {"text":"Equipment"}
COMMAND: GET /session/0a56c8b3fe23980ff89a5571a3a07e32/screenshot - {}
RESULT: {}
RESULT: {}
COMMAND: POST /session/0a56c8b3fe23980ff89a5571a3a07e32/actions - {"actions":[{"id":"action29","type":"key","parameters":{},"actions":[{"type":"keyDown","value":""},{"type":"pause","duration":10},{"type":"keyUp","value":""}]}]}
RESULT: {"actions":[{"id":"action29","type":"key","parameters":{},"actions":[{"type":"keyDown","value":""},{"type":"pause","duration":10},{"type":"keyUp","value":""}]}]}
COMMAND: POST /session/0a56c8b3fe23980ff89a5571a3a07e32/execute/async - {"script":"<script> [1562 bytes]","args":[{"selector":{"id":"application-manageresources-display-component---newResourceUnit--resourceId","interaction":{"idSuffix":"inner"}},"wdio_ui5_key":"applicationmanageresources-display-component---newResourceUnit--resourceId"}]}
COMMAND: GET /session/0a56c8b3fe23980ff89a5571a3a07e32/screenshot - {}
RESULT: {"script":"<script> [1562 bytes]","args":[{"selector":{"id":"application-manageresources-display-component---newResourceUnit--resourceId","interaction":{"idSuffix":"inner"}},"wdio_ui5_key":"applicationmanageresources-display-component---newResourceUnit--resourceId"}]}
RESULT: undefined
COMMAND: POST /session/0a56c8b3fe23980ff89a5571a3a07e32/execute/async - {"script":"<script> [776 bytes]","args":[{"enterText":"9NZan7qOSP","selector":{"id":"application-manageresources-display-component---newResourceUnit--resourceId","interaction":{"idSuffix":"inner"}},"clearTextFirst":true,"interactionType":"ENTER_TEXT"}]}
RESULT: {}
RESULT: {"script":"<script> [776 bytes]","args":[{"enterText":"9NZan7qOSP","selector":{"id":"application-manageresources-display-component---newResourceUnit--resourceId","interaction":{"idSuffix":"inner"}},"clearTextFirst":true,"interactionType":"ENTER_TEXT"}]}
COMMAND: POST /session/0a56c8b3fe23980ff89a5571a3a07e32/execute/async - {"script":"<script> [1562 bytes]","args":[{"selector":{"id":"application-manageresources-display-component---newResourceUnit--SHORT_TEXT","interaction":{"idSuffix":"inner"}},"wdio_ui5_key":"applicationmanageresources-display-component---newResourceUnit--SHORT_TEXT"}]}
RESULT: {"script":"<script> [1562 bytes]","args":[{"selector":{"id":"application-manageresources-display-component---newResourceUnit--SHORT_TEXT","interaction":{"idSuffix":"inner"}},"wdio_ui5_key":"applicationmanageresources-display-component---newResourceUnit--SHORT_TEXT"}]}
RESULT: undefined
COMMAND: POST /session/0a56c8b3fe23980ff89a5571a3a07e32/execute/async - {"script":"<script> [776 bytes]","args":[{"enterText":"Intercompany Equipment WDIO","selector":{"id":"application-manageresources-display-component---newResourceUnit--SHORT_TEXT","interaction":{"idSuffix":"inner"}},"clearTextFirst":true,"interactionType":"ENTER_TEXT"}]}
RESULT: {"script":"<script> [776 bytes]","args":[{"enterText":"Intercompany Equipment WDIO","selector":{"id":"application-manageresources-display-component---newResourceUnit--SHORT_TEXT","interaction":{"idSuffix":"inner"}},"clearTextFirst":true,"interactionType":"ENTER_TEXT"}]}
COMMAND: POST /session/0a56c8b3fe23980ff89a5571a3a07e32/execute/async - {"script":"<script> [1562 bytes]","args":[{"selector":{"id":"application-manageresources-display-component---newResourceUnit--BASE_UNIT_OF_MEASURE","interaction":{"idSuffix":"inner"}},"wdio_ui5_key":"applicationmanageresources-display-component---newResourceUnit--BASE_UNIT_OF_MEASURE"}]}
RESULT: {"script":"<script> [1562 bytes]","args":[{"selector":{"id":"application-manageresources-display-component---newResourceUnit--BASE_UNIT_OF_MEASURE","interaction":{"idSuffix":"inner"}},"wdio_ui5_key":"applicationmanageresources-display-component---newResourceUnit--BASE_UNIT_OF_MEASURE"}]}
RESULT: undefined
COMMAND: POST /session/0a56c8b3fe23980ff89a5571a3a07e32/execute/async - {"script":"<script> [776 bytes]","args":[{"enterText":"Piece","selector":{"id":"application-manageresources-display-component---newResourceUnit--BASE_UNIT_OF_MEASURE","interaction":{"idSuffix":"inner"}},"clearTextFirst":true,"interactionType":"ENTER_TEXT"}]}
RESULT: {"script":"<script> [776 bytes]","args":[{"enterText":"Piece","selector":{"id":"application-manageresources-display-component---newResourceUnit--BASE_UNIT_OF_MEASURE","interaction":{"idSuffix":"inner"}},"clearTextFirst":true,"interactionType":"ENTER_TEXT"}]}
COMMAND: POST /session/0a56c8b3fe23980ff89a5571a3a07e32/execute/async - {"script":"<script> [1562 bytes]","args":[{"selector":{"id":"application-manageresources-display-component---newResourceUnit--WEIGHT_UNIT","interaction":{"idSuffix":"inner"}},"wdio_ui5_key":"applicationmanageresources-display-component---newResourceUnit--WEIGHT_UNIT"}]}
RESULT: {"script":"<script> [1562 bytes]","args":[{"selector":{"id":"application-manageresources-display-component---newResourceUnit--WEIGHT_UNIT","interaction":{"idSuffix":"inner"}},"wdio_ui5_key":"applicationmanageresources-display-component---newResourceUnit--WEIGHT_UNIT"}]}
RESULT: undefined
COMMAND: POST /session/0a56c8b3fe23980ff89a5571a3a07e32/execute/async - {"script":"<script> [776 bytes]","args":[{"enterText":"Gram","selector":{"id":"application-manageresources-display-component---newResourceUnit--WEIGHT_UNIT","interaction":{"idSuffix":"inner"}},"clearTextFirst":true,"interactionType":"ENTER_TEXT"}]}
RESULT: {"script":"<script> [776 bytes]","args":[{"enterText":"Gram","selector":{"id":"application-manageresources-display-component---newResourceUnit--WEIGHT_UNIT","interaction":{"idSuffix":"inner"}},"clearTextFirst":true,"interactionType":"ENTER_TEXT"}]}
COMMAND: POST /session/0a56c8b3fe23980ff89a5571a3a07e32/execute/async - {"script":"<script> [1562 bytes]","args":[{"selector":{"id":"application-manageresources-display-component---newResourceUnit--DIMENSION_UNIT","interaction":{"idSuffix":"inner"}},"wdio_ui5_key":"applicationmanageresources-display-component---newResourceUnit--DIMENSION_UNIT"}]}
RESULT: {"script":"<script> [1562 bytes]","args":[{"selector":{"id":"application-manageresources-display-component---newResourceUnit--DIMENSION_UNIT","interaction":{"idSuffix":"inner"}},"wdio_ui5_key":"applicationmanageresources-display-component---newResourceUnit--DIMENSION_UNIT"}]}
RESULT: undefined
COMMAND: POST /session/0a56c8b3fe23980ff89a5571a3a07e32/execute/async - {"script":"<script> [776 bytes]","args":[{"enterText":"Meter","selector":{"id":"application-manageresources-display-component---newResourceUnit--DIMENSION_UNIT","interaction":{"idSuffix":"inner"}},"clearTextFirst":true,"interactionType":"ENTER_TEXT"}]}
RESULT: {"script":"<script> [776 bytes]","args":[{"enterText":"Meter","selector":{"id":"application-manageresources-display-component---newResourceUnit--DIMENSION_UNIT","interaction":{"idSuffix":"inner"}},"clearTextFirst":true,"interactionType":"ENTER_TEXT"}]}
COMMAND: POST /session/0a56c8b3fe23980ff89a5571a3a07e32/execute/async - {"script":"<script> [1562 bytes]","args":[{"selector":{"id":"application-manageresources-display-component---newResourceUnit--newRRUPage-anchBar-application-manageresources-display-component---newResourceUnit--control-anchor","interaction":{"idSuffix":"BDI-content"}},"wdio_ui5_key":"applicationmanageresources-display-component---newResourceUnit--newRRUPage-anchBar-application-manageresources-display-component---newResourceUnit--control-anchor"}]}
RESULT: {"script":"<script> [1562 bytes]","args":[{"selector":{"id":"application-manageresources-display-component---newResourceUnit--newRRUPage-anchBar-application-manageresources-display-component---newResourceUnit--control-anchor","interaction":{"idSuffix":"BDI-content"}},"wdio_ui5_key":"applicationmanageresources-display-component---newResourceUnit--newRRUPage-anchBar-application-manageresources-display-component---newResourceUnit--control-anchor"}]}
RESULT: undefined
COMMAND: POST /session/0a56c8b3fe23980ff89a5571a3a07e32/element - {"using":"xpath","value":"//*[@id=\"application-manageresources-display-component---newResourceUnit--newRRUPage-anchBar-application-manageresources-display-component---newResourceUnit--control-anchor\"]"}
RESULT: {"using":"xpath","value":"//*[@id=\"application-manageresources-display-component---newResourceUnit--newRRUPage-anchBar-application-manageresources-display-component---newResourceUnit--control-anchor\"]"}
COMMAND: POST /session/0a56c8b3fe23980ff89a5571a3a07e32/element/f.8BC31031A8A77F81AA6DDAE562E569BF.d.1CABE3EAA4F095580C25B0D28CEAD948.e.9719/click - {}
RESULT: {}
COMMAND: POST /session/0a56c8b3fe23980ff89a5571a3a07e32/execute/async - {"script":"<script> [1562 bytes]","args":[{"selector":{"id":"application-manageresources-display-component---newResourceUnit--PLANNING_GROUP","interaction":{"idSuffix":"inner"}},"wdio_ui5_key":"applicationmanageresources-display-component---newResourceUnit--PLANNING_GROUP"}]}
COMMAND: GET /session/0a56c8b3fe23980ff89a5571a3a07e32/screenshot - {}
RESULT: {"script":"<script> [1562 bytes]","args":[{"selector":{"id":"application-manageresources-display-component---newResourceUnit--PLANNING_GROUP","interaction":{"idSuffix":"inner"}},"wdio_ui5_key":"applicationmanageresources-display-component---newResourceUnit--PLANNING_GROUP"}]}
RESULT: undefined
COMMAND: POST /session/0a56c8b3fe23980ff89a5571a3a07e32/execute/async - {"script":"<script> [776 bytes]","args":[{"enterText":"Heavy Equi","selector":{"id":"application-manageresources-display-component---newResourceUnit--PLANNING_GROUP","interaction":{"idSuffix":"inner"}},"clearTextFirst":true,"interactionType":"ENTER_TEXT"}]}
RESULT: {}
RESULT: {"script":"<script> [776 bytes]","args":[{"enterText":"Heavy Equi","selector":{"id":"application-manageresources-display-component---newResourceUnit--PLANNING_GROUP","interaction":{"idSuffix":"inner"}},"clearTextFirst":true,"interactionType":"ENTER_TEXT"}]}
COMMAND: POST /session/0a56c8b3fe23980ff89a5571a3a07e32/execute/async - {"script":"<script> [1562 bytes]","args":[{"selector":{"id":"application-manageresources-display-component---newResourceUnit--ITEM_TYPE-arrow"},"wdio_ui5_key":"applicationmanageresources-display-component---newResourceUnit--ITEM_TYPE-arrow"}]}
RESULT: {"script":"<script> [1562 bytes]","args":[{"selector":{"id":"application-manageresources-display-component---newResourceUnit--ITEM_TYPE-arrow"},"wdio_ui5_key":"applicationmanageresources-display-component---newResourceUnit--ITEM_TYPE-arrow"}]}
RESULT: undefined
COMMAND: POST /session/0a56c8b3fe23980ff89a5571a3a07e32/element - {"using":"xpath","value":"//*[@id=\"application-manageresources-display-component---newResourceUnit--ITEM_TYPE-arrow\"]"}
RESULT: {"using":"xpath","value":"//*[@id=\"application-manageresources-display-component---newResourceUnit--ITEM_TYPE-arrow\"]"}
COMMAND: POST /session/0a56c8b3fe23980ff89a5571a3a07e32/element/f.8BC31031A8A77F81AA6DDAE562E569BF.d.1CABE3EAA4F095580C25B0D28CEAD948.e.9726/click - {}
RESULT: {}
COMMAND: POST /session/0a56c8b3fe23980ff89a5571a3a07e32/element - {"using":"xpath","value":"(//span[contains(text(), \"Resource Unit\")])[2]"}
COMMAND: GET /session/0a56c8b3fe23980ff89a5571a3a07e32/screenshot - {}
RESULT: {"using":"xpath","value":"(//span[contains(text(), \"Resource Unit\")])[2]"}
COMMAND: POST /session/0a56c8b3fe23980ff89a5571a3a07e32/element/f.8BC31031A8A77F81AA6DDAE562E569BF.d.1CABE3EAA4F095580C25B0D28CEAD948.e.9727/click - {}
RESULT: {}
RESULT: {}
COMMAND: GET /session/0a56c8b3fe23980ff89a5571a3a07e32/screenshot - {}
RESULT: {}
COMMAND: POST /session/0a56c8b3fe23980ff89a5571a3a07e32/element - {"using":"css selector","value":"#application-manageresources-display-component---newResourceUnit--btnAddTimeSegment"}
RESULT: {"using":"css selector","value":"#application-manageresources-display-component---newResourceUnit--btnAddTimeSegment"}
COMMAND: GET /session/0a56c8b3fe23980ff89a5571a3a07e32/element/f.8BC31031A8A77F81AA6DDAE562E569BF.d.1CABE3EAA4F095580C25B0D28CEAD948.e.9735/rect - {}
RESULT: {}
COMMAND: GET /session/0a56c8b3fe23980ff89a5571a3a07e32/window/rect - {}
RESULT: {}
COMMAND: POST /session/0a56c8b3fe23980ff89a5571a3a07e32/execute/sync - {"script":"<script> [92 bytes]","args":[]}
RESULT: {"script":"<script> [92 bytes]","args":[]}
COMMAND: POST /session/0a56c8b3fe23980ff89a5571a3a07e32/actions - {"actions":[{"id":"action30","type":"wheel","parameters":{},"actions":[{"type":"scroll","x":-1888,"y":-32,"deltaX":0,"deltaY":0,"duration":0,"origin":{"element-6066-11e4-a52e-4f735466cecf":"f.8BC31031A8A77F81AA6DDAE562E569BF.d.1CABE3EAA4F095580C25B0D28CEAD948.e.9735"}}]}]}
COMMAND: GET /session/0a56c8b3fe23980ff89a5571a3a07e32/screenshot - {}
RESULT: {}
COMMAND: POST /session/0a56c8b3fe23980ff89a5571a3a07e32/execute/sync - {"script":"<script> [79 bytes]","args":[{"element-6066-11e4-a52e-4f735466cecf":"f.8BC31031A8A77F81AA6DDAE562E569BF.d.1CABE3EAA4F095580C25B0D28CEAD948.e.9735","ELEMENT":"f.8BC31031A8A77F81AA6DDAE562E569BF.d.1CABE3EAA4F095580C25B0D28CEAD948.e.9735"},{"block":"start","inline":"nearest"}]}
RESULT: {"script":"<script> [79 bytes]","args":[{"element-6066-11e4-a52e-4f735466cecf":"f.8BC31031A8A77F81AA6DDAE562E569BF.d.1CABE3EAA4F095580C25B0D28CEAD948.e.9735","ELEMENT":"f.8BC31031A8A77F81AA6DDAE562E569BF.d.1CABE3EAA4F095580C25B0D28CEAD948.e.9735"},{"block":"start","inline":"nearest"}]}
COMMAND: POST /session/0a56c8b3fe23980ff89a5571a3a07e32/execute/async - {"script":"<script> [1562 bytes]","args":[{"selector":{"id":"application-manageresources-display-component---newResourceUnit--btnAddTimeSegment","interaction":{"idSuffix":"inner"}},"wdio_ui5_key":"applicationmanageresources-display-component---newResourceUnit--btnAddTimeSegment"}]}
COMMAND: GET /session/0a56c8b3fe23980ff89a5571a3a07e32/screenshot - {}
RESULT: {"script":"<script> [1562 bytes]","args":[{"selector":{"id":"application-manageresources-display-component---newResourceUnit--btnAddTimeSegment","interaction":{"idSuffix":"inner"}},"wdio_ui5_key":"applicationmanageresources-display-component---newResourceUnit--btnAddTimeSegment"}]}
RESULT: undefined
COMMAND: POST /session/0a56c8b3fe23980ff89a5571a3a07e32/element - {"using":"xpath","value":"//*[@id=\"application-manageresources-display-component---newResourceUnit--btnAddTimeSegment\"]"}
RESULT: {}
RESULT: {"using":"xpath","value":"//*[@id=\"application-manageresources-display-component---newResourceUnit--btnAddTimeSegment\"]"}
COMMAND: POST /session/0a56c8b3fe23980ff89a5571a3a07e32/element/f.8BC31031A8A77F81AA6DDAE562E569BF.d.1CABE3EAA4F095580C25B0D28CEAD948.e.9735/click - {}
RESULT: {}
COMMAND: GET /session/0a56c8b3fe23980ff89a5571a3a07e32/screenshot - {}
RESULT: {}
COMMAND: POST /session/0a56c8b3fe23980ff89a5571a3a07e32/element - {"using":"xpath","value":"//input[@id=\"application-manageresources-display-component---newResourceUnit--idRuTSAdmin-application-manageresources-display-component---newResourceUnit--RUTimeSegment-0-inner\"]"}
RESULT: {"using":"xpath","value":"//input[@id=\"application-manageresources-display-component---newResourceUnit--idRuTSAdmin-application-manageresources-display-component---newResourceUnit--RUTimeSegment-0-inner\"]"}
COMMAND: POST /session/0a56c8b3fe23980ff89a5571a3a07e32/element/f.8BC31031A8A77F81AA6DDAE562E569BF.d.1CABE3EAA4F095580C25B0D28CEAD948.e.9741/clear - {}
RESULT: {}
COMMAND: POST /session/0a56c8b3fe23980ff89a5571a3a07e32/element/f.8BC31031A8A77F81AA6DDAE562E569BF.d.1CABE3EAA4F095580C25B0D28CEAD948.e.9741/value - {"text":"346"}
COMMAND: GET /session/0a56c8b3fe23980ff89a5571a3a07e32/screenshot - {}
RESULT: {"text":"346"}
COMMAND: GET /session/0a56c8b3fe23980ff89a5571a3a07e32/screenshot - {}
RESULT: {}
RESULT: {}
COMMAND: POST /session/0a56c8b3fe23980ff89a5571a3a07e32/element - {"using":"xpath","value":"//li[.//span[text()='346']]"}
RESULT: {"using":"xpath","value":"//li[.//span[text()='346']]"}
COMMAND: POST /session/0a56c8b3fe23980ff89a5571a3a07e32/element/f.8BC31031A8A77F81AA6DDAE562E569BF.d.1CABE3EAA4F095580C25B0D28CEAD948.e.9753/click - {}
RESULT: {}
COMMAND: GET /session/0a56c8b3fe23980ff89a5571a3a07e32/screenshot - {}
RESULT: {}
COMMAND: POST /session/0a56c8b3fe23980ff89a5571a3a07e32/element - {"using":"xpath","value":"(//span[contains(@id, \"-application-manageresources-display-component---newResourceUnit--RUTimeSegment-0-arrow\")])[6]"}
RESULT: {"using":"xpath","value":"(//span[contains(@id, \"-application-manageresources-display-component---newResourceUnit--RUTimeSegment-0-arrow\")])[6]"}
COMMAND: POST /session/0a56c8b3fe23980ff89a5571a3a07e32/element/f.8BC31031A8A77F81AA6DDAE562E569BF.d.1CABE3EAA4F095580C25B0D28CEAD948.e.9754/click - {}
RESULT: {}
COMMAND: GET /session/0a56c8b3fe23980ff89a5571a3a07e32/screenshot - {}
RESULT: {}
COMMAND: POST /session/0a56c8b3fe23980ff89a5571a3a07e32/element - {"using":"xpath","value":"//span[contains(text(), \"PM Order\")]"}
RESULT: {"using":"xpath","value":"//span[contains(text(), \"PM Order\")]"}
COMMAND: POST /session/0a56c8b3fe23980ff89a5571a3a07e32/element/f.8BC31031A8A77F81AA6DDAE562E569BF.d.1CABE3EAA4F095580C25B0D28CEAD948.e.9757/click - {}
RESULT: {}
COMMAND: GET /session/0a56c8b3fe23980ff89a5571a3a07e32/screenshot - {}
RESULT: {}
COMMAND: POST /session/0a56c8b3fe23980ff89a5571a3a07e32/element - {"using":"xpath","value":"(//span[contains(@id ,\"manageresources-display-component---newResourceUnit--RUTimeSegment-0-vhi\")])[1]"}
RESULT: {"using":"xpath","value":"(//span[contains(@id ,\"manageresources-display-component---newResourceUnit--RUTimeSegment-0-vhi\")])[1]"}
COMMAND: GET /session/0a56c8b3fe23980ff89a5571a3a07e32/element/f.8BC31031A8A77F81AA6DDAE562E569BF.d.1CABE3EAA4F095580C25B0D28CEAD948.e.9761/rect - {}
RESULT: {}
COMMAND: GET /session/0a56c8b3fe23980ff89a5571a3a07e32/window/rect - {}
RESULT: {}
COMMAND: POST /session/0a56c8b3fe23980ff89a5571a3a07e32/execute/sync - {"script":"<script> [92 bytes]","args":[]}
RESULT: {"script":"<script> [92 bytes]","args":[]}
COMMAND: POST /session/0a56c8b3fe23980ff89a5571a3a07e32/actions - {"actions":[{"id":"action31","type":"wheel","parameters":{},"actions":[{"type":"scroll","x":-869,"y":-24,"deltaX":0,"deltaY":0,"duration":0,"origin":{"element-6066-11e4-a52e-4f735466cecf":"f.8BC31031A8A77F81AA6DDAE562E569BF.d.1CABE3EAA4F095580C25B0D28CEAD948.e.9761"}}]}]}
COMMAND: GET /session/0a56c8b3fe23980ff89a5571a3a07e32/screenshot - {}
RESULT: {"actions":[{"id":"action31","type":"wheel","parameters":{},"actions":[{"type":"scroll","x":-869,"y":-24,"deltaX":0,"deltaY":0,"duration":0,"origin":{"element-6066-11e4-a52e-4f735466cecf":"f.8BC31031A8A77F81AA6DDAE562E569BF.d.1CABE3EAA4F095580C25B0D28CEAD948.e.9761"}}]}]}
COMMAND: DELETE /session/0a56c8b3fe23980ff89a5571a3a07e32/actions - {}
COMMAND: GET /session/0a56c8b3fe23980ff89a5571a3a07e32/screenshot - {}
RESULT: {}
RESULT: {}
COMMAND: GET /session/0a56c8b3fe23980ff89a5571a3a07e32/screenshot - {}
RESULT: {}
RESULT: {}
COMMAND: POST /session/0a56c8b3fe23980ff89a5571a3a07e32/element/f.8BC31031A8A77F81AA6DDAE562E569BF.d.1CABE3EAA4F095580C25B0D28CEAD948.e.9761/click - {}
RESULT: {}
COMMAND: GET /session/0a56c8b3fe23980ff89a5571a3a07e32/screenshot - {}
RESULT: {}
COMMAND: POST /session/0a56c8b3fe23980ff89a5571a3a07e32/execute/async - {"script":"<script> [1562 bytes]","args":[{"selector":{"controlType":"sap.m.SearchField","properties":{"placeholder":"Search"},"searchOpenDialogs":true,"interaction":{"idSuffix":"I"}},"wdio_ui5_key":"sapm.SearchField{\"placeholder\":\"Search\"}"}]}
RESULT: {"script":"<script> [1562 bytes]","args":[{"selector":{"controlType":"sap.m.SearchField","properties":{"placeholder":"Search"},"searchOpenDialogs":true,"interaction":{"idSuffix":"I"}},"wdio_ui5_key":"sapm.SearchField{\"placeholder\":\"Search\"}"}]}
RESULT: undefined
COMMAND: POST /session/0a56c8b3fe23980ff89a5571a3a07e32/execute/async - {"script":"<script> [776 bytes]","args":[{"enterText":"4000360","selector":{"controlType":"sap.m.SearchField","properties":{"placeholder":"Search"},"searchOpenDialogs":true,"interaction":{"idSuffix":"I"}},"clearTextFirst":true,"interactionType":"ENTER_TEXT"}]}
RESULT: {"script":"<script> [776 bytes]","args":[{"enterText":"4000360","selector":{"controlType":"sap.m.SearchField","properties":{"placeholder":"Search"},"searchOpenDialogs":true,"interaction":{"idSuffix":"I"}},"clearTextFirst":true,"interactionType":"ENTER_TEXT"}]}
COMMAND: POST /session/0a56c8b3fe23980ff89a5571a3a07e32/actions - {"actions":[{"id":"action32","type":"key","parameters":{},"actions":[{"type":"keyDown","value":""},{"type":"pause","duration":10},{"type":"keyUp","value":""}]}]}
RESULT: {"actions":[{"id":"action32","type":"key","parameters":{},"actions":[{"type":"keyDown","value":""},{"type":"pause","duration":10},{"type":"keyUp","value":""}]}]}
COMMAND: GET /session/0a56c8b3fe23980ff89a5571a3a07e32/screenshot - {}
RESULT: {}
COMMAND: POST /session/0a56c8b3fe23980ff89a5571a3a07e32/element - {"using":"xpath","value":"//td/div/span[contains(text(), \"BGL Vehicles\")]"}
RESULT: {"using":"xpath","value":"//td/div/span[contains(text(), \"BGL Vehicles\")]"}
COMMAND: POST /session/0a56c8b3fe23980ff89a5571a3a07e32/element/f.8BC31031A8A77F81AA6DDAE562E569BF.d.1CABE3EAA4F095580C25B0D28CEAD948.e.9782/click - {}
RESULT: {}
COMMAND: GET /session/0a56c8b3fe23980ff89a5571a3a07e32/screenshot - {}
RESULT: {}
COMMAND: POST /session/0a56c8b3fe23980ff89a5571a3a07e32/element - {"using":"xpath","value":"//bdi[contains(text(), \"OK\")]"}
RESULT: {"using":"xpath","value":"//bdi[contains(text(), \"OK\")]"}
COMMAND: POST /session/0a56c8b3fe23980ff89a5571a3a07e32/element/f.8BC31031A8A77F81AA6DDAE562E569BF.d.1CABE3EAA4F095580C25B0D28CEAD948.e.9783/click - {}
RESULT: {}
COMMAND: GET /session/0a56c8b3fe23980ff89a5571a3a07e32/screenshot - {}
RESULT: {}
COMMAND: POST /session/0a56c8b3fe23980ff89a5571a3a07e32/execute/async - {"script":"<script> [1562 bytes]","args":[{"selector":{"id":"application-manageresources-display-component---newResourceUnit--newRRUPage-anchBar-application-manageresources-display-component---newResourceUnit--resource-anchor","interaction":{"idSuffix":"BDI-content"}},"wdio_ui5_key":"applicationmanageresources-display-component---newResourceUnit--newRRUPage-anchBar-application-manageresources-display-component---newResourceUnit--resource-anchor"}]}
RESULT: {"script":"<script> [1562 bytes]","args":[{"selector":{"id":"application-manageresources-display-component---newResourceUnit--newRRUPage-anchBar-application-manageresources-display-component---newResourceUnit--resource-anchor","interaction":{"idSuffix":"BDI-content"}},"wdio_ui5_key":"applicationmanageresources-display-component---newResourceUnit--newRRUPage-anchBar-application-manageresources-display-component---newResourceUnit--resource-anchor"}]}
RESULT: undefined
COMMAND: POST /session/0a56c8b3fe23980ff89a5571a3a07e32/element - {"using":"xpath","value":"//*[@id=\"application-manageresources-display-component---newResourceUnit--newRRUPage-anchBar-application-manageresources-display-component---newResourceUnit--resource-anchor\"]"}
RESULT: {"using":"xpath","value":"//*[@id=\"application-manageresources-display-component---newResourceUnit--newRRUPage-anchBar-application-manageresources-display-component---newResourceUnit--resource-anchor\"]"}
COMMAND: POST /session/0a56c8b3fe23980ff89a5571a3a07e32/element/f.8BC31031A8A77F81AA6DDAE562E569BF.d.1CABE3EAA4F095580C25B0D28CEAD948.e.9787/click - {}
RESULT: {}
COMMAND: POST /session/0a56c8b3fe23980ff89a5571a3a07e32/execute/async - {"script":"<script> [1562 bytes]","args":[{"selector":{"id":"application-manageresources-display-component---newResourceUnit--PLANNED_DELIVERY_DATE","interaction":{"idSuffix":"inner"}},"wdio_ui5_key":"applicationmanageresources-display-component---newResourceUnit--PLANNED_DELIVERY_DATE"}]}
COMMAND: GET /session/0a56c8b3fe23980ff89a5571a3a07e32/screenshot - {}
RESULT: {"script":"<script> [1562 bytes]","args":[{"selector":{"id":"application-manageresources-display-component---newResourceUnit--PLANNED_DELIVERY_DATE","interaction":{"idSuffix":"inner"}},"wdio_ui5_key":"applicationmanageresources-display-component---newResourceUnit--PLANNED_DELIVERY_DATE"}]}
RESULT: undefined
COMMAND: POST /session/0a56c8b3fe23980ff89a5571a3a07e32/execute/async - {"script":"<script> [6424 bytes]","args":[{"element-6066-11e4-a52e-4f735466cecf":"f.8BC31031A8A77F81AA6DDAE562E569BF.d.1CABE3EAA4F095580C25B0D28CEAD948.e.9616"},"setValue",["5/26/25"]]}
RESULT: {}
RESULT: {"script":"<script> [6424 bytes]","args":[{"element-6066-11e4-a52e-4f735466cecf":"f.8BC31031A8A77F81AA6DDAE562E569BF.d.1CABE3EAA4F095580C25B0D28CEAD948.e.9616"},"setValue",["5/26/25"]]}
COMMAND: POST /session/0a56c8b3fe23980ff89a5571a3a07e32/element - {"using":"xpath","value":"//label[contains(@class, 'sapMLabelRequired') and .//bdi[contains(text(), 'Planned Retirement')]]"}
RESULT: {"using":"xpath","value":"//label[contains(@class, 'sapMLabelRequired') and .//bdi[contains(text(), 'Planned Retirement')]]"}
COMMAND: POST /session/0a56c8b3fe23980ff89a5571a3a07e32/elements - {"using":"xpath","value":"//label[contains(@class, 'sapMLabelRequired') and .//bdi[contains(text(), 'Planned Retirement')]]"}
RESULT: {"using":"xpath","value":"//label[contains(@class, 'sapMLabelRequired') and .//bdi[contains(text(), 'Planned Retirement')]]"}
COMMAND: POST /session/0a56c8b3fe23980ff89a5571a3a07e32/element - {"using":"xpath","value":"//button[@data-kt=\"resourceUnitSaveButton\"]"}
RESULT: {"using":"xpath","value":"//button[@data-kt=\"resourceUnitSaveButton\"]"}
COMMAND: POST /session/0a56c8b3fe23980ff89a5571a3a07e32/element/f.8BC31031A8A77F81AA6DDAE562E569BF.d.1CABE3EAA4F095580C25B0D28CEAD948.e.9575/click - {}
RESULT: {}
COMMAND: GET /session/0a56c8b3fe23980ff89a5571a3a07e32/screenshot - {}
RESULT: {}
COMMAND: POST /session/0a56c8b3fe23980ff89a5571a3a07e32/element - {"using":"xpath","value":"//bdi[contains(text(), \"Close\")]"}
RESULT: {"using":"xpath","value":"//bdi[contains(text(), \"Close\")]"}
COMMAND: POST /session/0a56c8b3fe23980ff89a5571a3a07e32/element/f.8BC31031A8A77F81AA6DDAE562E569BF.d.1CABE3EAA4F095580C25B0D28CEAD948.e.9797/click - {}
RESULT: {}
COMMAND: GET /session/0a56c8b3fe23980ff89a5571a3a07e32/screenshot - {}
RESULT: {}
COMMAND: POST /session/0a56c8b3fe23980ff89a5571a3a07e32/element - {"using":"xpath","value":"//bdi[contains(text(), \"Edit\")]"}
RESULT: {"using":"xpath","value":"//bdi[contains(text(), \"Edit\")]"}
COMMAND: POST /session/0a56c8b3fe23980ff89a5571a3a07e32/execute/sync - {"script":"<script> [8489 bytes]","args":[{"element-6066-11e4-a52e-4f735466cecf":"f.8BC31031A8A77F81AA6DDAE562E569BF.d.1CABE3EAA4F095580C25B0D28CEAD948.e.9831","ELEMENT":"f.8BC31031A8A77F81AA6DDAE562E569BF.d.1CABE3EAA4F095580C25B0D28CEAD948.e.9831"}]}
RESULT: {"script":"<script> [8489 bytes]","args":[{"element-6066-11e4-a52e-4f735466cecf":"f.8BC31031A8A77F81AA6DDAE562E569BF.d.1CABE3EAA4F095580C25B0D28CEAD948.e.9831","ELEMENT":"f.8BC31031A8A77F81AA6DDAE562E569BF.d.1CABE3EAA4F095580C25B0D28CEAD948.e.9831"}]}
COMMAND: POST /session/0a56c8b3fe23980ff89a5571a3a07e32/element/f.8BC31031A8A77F81AA6DDAE562E569BF.d.1CABE3EAA4F095580C25B0D28CEAD948.e.9831/click - {}
COMMAND: GET /session/0a56c8b3fe23980ff89a5571a3a07e32/screenshot - {}
RESULT: {}
COMMAND: GET /session/0a56c8b3fe23980ff89a5571a3a07e32/screenshot - {}
RESULT: {}
RESULT: {}
COMMAND: POST /session/0a56c8b3fe23980ff89a5571a3a07e32/execute/async - {"script":"<script> [1562 bytes]","args":[{"selector":{"id":"application-manageresources-display-component---editResource--editRruPage-anchBar-application-manageresources-display-component---editResource--counters-anchor","interaction":{"idSuffix":"BDI-content"}},"wdio_ui5_key":"applicationmanageresources-display-component---editResource--editRruPage-anchBar-application-manageresources-display-component---editResource--counters-anchor"}]}
RESULT: {"script":"<script> [1562 bytes]","args":[{"selector":{"id":"application-manageresources-display-component---editResource--editRruPage-anchBar-application-manageresources-display-component---editResource--counters-anchor","interaction":{"idSuffix":"BDI-content"}},"wdio_ui5_key":"applicationmanageresources-display-component---editResource--editRruPage-anchBar-application-manageresources-display-component---editResource--counters-anchor"}]}
RESULT: undefined
COMMAND: POST /session/0a56c8b3fe23980ff89a5571a3a07e32/element - {"using":"xpath","value":"//*[@id=\"application-manageresources-display-component---editResource--editRruPage-anchBar-application-manageresources-display-component---editResource--counters-anchor\"]"}
RESULT: {"using":"xpath","value":"//*[@id=\"application-manageresources-display-component---editResource--editRruPage-anchBar-application-manageresources-display-component---editResource--counters-anchor\"]"}
COMMAND: POST /session/0a56c8b3fe23980ff89a5571a3a07e32/element/f.8BC31031A8A77F81AA6DDAE562E569BF.d.1CABE3EAA4F095580C25B0D28CEAD948.e.9975/click - {}
RESULT: {}
COMMAND: GET /session/0a56c8b3fe23980ff89a5571a3a07e32/screenshot - {}
RESULT: {}
COMMAND: POST /session/0a56c8b3fe23980ff89a5571a3a07e32/execute/async - {"script":"<script> [1562 bytes]","args":[{"selector":{"id":"application-manageresources-display-component---editResource--btnAddCounter-img"},"wdio_ui5_key":"applicationmanageresources-display-component---editResource--btnAddCounter-img"}]}
RESULT: {"script":"<script> [1562 bytes]","args":[{"selector":{"id":"application-manageresources-display-component---editResource--btnAddCounter-img"},"wdio_ui5_key":"applicationmanageresources-display-component---editResource--btnAddCounter-img"}]}
RESULT: undefined
COMMAND: POST /session/0a56c8b3fe23980ff89a5571a3a07e32/element - {"using":"xpath","value":"//*[@id=\"application-manageresources-display-component---editResource--btnAddCounter-img\"]"}
RESULT: {"using":"xpath","value":"//*[@id=\"application-manageresources-display-component---editResource--btnAddCounter-img\"]"}
COMMAND: POST /session/0a56c8b3fe23980ff89a5571a3a07e32/element/f.8BC31031A8A77F81AA6DDAE562E569BF.d.1CABE3EAA4F095580C25B0D28CEAD948.e.9982/click - {}
RESULT: {}
COMMAND: POST /session/0a56c8b3fe23980ff89a5571a3a07e32/execute/async - {"script":"<script> [1562 bytes]","args":[{"selector":{"id":"application-manageresources-display-component---editResource--COUNTER_ID-application-manageresources-display-component---editResource--RUCounters-0-arrow"},"wdio_ui5_key":"applicationmanageresources-display-component---editResource--COUNTER_ID-application-manageresources-display-component---editResource--RUCounters-0-arrow"}]}
COMMAND: GET /session/0a56c8b3fe23980ff89a5571a3a07e32/screenshot - {}
RESULT: {"script":"<script> [1562 bytes]","args":[{"selector":{"id":"application-manageresources-display-component---editResource--COUNTER_ID-application-manageresources-display-component---editResource--RUCounters-0-arrow"},"wdio_ui5_key":"applicationmanageresources-display-component---editResource--COUNTER_ID-application-manageresources-display-component---editResource--RUCounters-0-arrow"}]}
RESULT: undefined
COMMAND: POST /session/0a56c8b3fe23980ff89a5571a3a07e32/element - {"using":"xpath","value":"//*[@id=\"application-manageresources-display-component---editResource--COUNTER_ID-application-manageresources-display-component---editResource--RUCounters-0-arrow\"]"}
RESULT: {}
RESULT: {"using":"xpath","value":"//*[@id=\"application-manageresources-display-component---editResource--COUNTER_ID-application-manageresources-display-component---editResource--RUCounters-0-arrow\"]"}
COMMAND: POST /session/0a56c8b3fe23980ff89a5571a3a07e32/element/f.8BC31031A8A77F81AA6DDAE562E569BF.d.1CABE3EAA4F095580C25B0D28CEAD948.e.9987/click - {}
RESULT: {}
COMMAND: POST /session/0a56c8b3fe23980ff89a5571a3a07e32/execute/async - {"script":"<script> [1562 bytes]","args":[{"selector":{"controlType":"sap.m.StandardListItem","viewName":"etm.portal.ui.manageresources.view.EditResource","viewId":"application-manageresources-display-component---editResource","properties":{"title":"fuel"},"searchOpenDialogs":true,"interaction":{"idSuffix":"content"}},"wdio_ui5_key":"etmportal.ui.manageresources.view.EditResourcesap.m.StandardListItem{\"title\":\"fuel\"}"}]}
COMMAND: GET /session/0a56c8b3fe23980ff89a5571a3a07e32/screenshot - {}
RESULT: {"script":"<script> [1562 bytes]","args":[{"selector":{"controlType":"sap.m.StandardListItem","viewName":"etm.portal.ui.manageresources.view.EditResource","viewId":"application-manageresources-display-component---editResource","properties":{"title":"fuel"},"searchOpenDialogs":true,"interaction":{"idSuffix":"content"}},"wdio_ui5_key":"etmportal.ui.manageresources.view.EditResourcesap.m.StandardListItem{\"title\":\"fuel\"}"}]}
RESULT: undefined
COMMAND: POST /session/0a56c8b3fe23980ff89a5571a3a07e32/element - {"using":"xpath","value":"//*[@id=\"__item902\"]"}
RESULT: {}
RESULT: {"using":"xpath","value":"//*[@id=\"__item902\"]"}
COMMAND: POST /session/0a56c8b3fe23980ff89a5571a3a07e32/element/f.8BC31031A8A77F81AA6DDAE562E569BF.d.1CABE3EAA4F095580C25B0D28CEAD948.e.9989/click - {}
RESULT: {}
COMMAND: GET /session/0a56c8b3fe23980ff89a5571a3a07e32/screenshot - {}
RESULT: {}
COMMAND: POST /session/0a56c8b3fe23980ff89a5571a3a07e32/element - {"using":"xpath","value":"//button[@data-kt=\"saveButton\"]"}
RESULT: {"using":"xpath","value":"//button[@data-kt=\"saveButton\"]"}
COMMAND: POST /session/0a56c8b3fe23980ff89a5571a3a07e32/element/f.8BC31031A8A77F81AA6DDAE562E569BF.d.1CABE3EAA4F095580C25B0D28CEAD948.e.9990/click - {}
RESULT: {}
COMMAND: GET /session/0a56c8b3fe23980ff89a5571a3a07e32/screenshot - {}
RESULT: {}
COMMAND: POST /session/0a56c8b3fe23980ff89a5571a3a07e32/element - {"using":"xpath","value":"(//button[contains(@id ,\"actionsToolbar-overflowButton\")])[1]"}
RESULT: {"using":"xpath","value":"(//button[contains(@id ,\"actionsToolbar-overflowButton\")])[1]"}
COMMAND: POST /session/0a56c8b3fe23980ff89a5571a3a07e32/element/f.8BC31031A8A77F81AA6DDAE562E569BF.d.1CABE3EAA4F095580C25B0D28CEAD948.e.10005/click - {}
RESULT: {}
COMMAND: GET /session/0a56c8b3fe23980ff89a5571a3a07e32/screenshot - {}
RESULT: {}
COMMAND: POST /session/0a56c8b3fe23980ff89a5571a3a07e32/element - {"using":"xpath","value":"//button[@data-kt=\"priceInfoButton\"]"}
RESULT: {"using":"xpath","value":"//button[@data-kt=\"priceInfoButton\"]"}
COMMAND: POST /session/0a56c8b3fe23980ff89a5571a3a07e32/element/f.8BC31031A8A77F81AA6DDAE562E569BF.d.1CABE3EAA4F095580C25B0D28CEAD948.e.10007/click - {}
RESULT: {}
COMMAND: GET /session/0a56c8b3fe23980ff89a5571a3a07e32/screenshot - {}
RESULT: {}
]]></system-out>
    </testcase>
    <testcase classname="chrome.136_0_7103_93.windows.Create_master_data_for_mixed_billing_&amp;_do_billing_calculation_US151661" name="Should create a TB pricing procedure" time="58.236">
      <system-out><![CDATA[
COMMAND: POST /session/0a56c8b3fe23980ff89a5571a3a07e32/element - {"using":"xpath","value":"//button[@data-kt=\"addButton\"]"}
RESULT: {"using":"xpath","value":"//button[@data-kt=\"addButton\"]"}
COMMAND: POST /session/0a56c8b3fe23980ff89a5571a3a07e32/elements - {"using":"xpath","value":"//button[@data-kt=\"addButton\"]"}
RESULT: {"using":"xpath","value":"//button[@data-kt=\"addButton\"]"}
COMMAND: POST /session/0a56c8b3fe23980ff89a5571a3a07e32/elements - {"using":"xpath","value":"//button[@data-kt=\"addButton\"]"}
RESULT: {"using":"xpath","value":"//button[@data-kt=\"addButton\"]"}
COMMAND: POST /session/0a56c8b3fe23980ff89a5571a3a07e32/element - {"using":"xpath","value":"//button[@data-kt=\"addButton\"]"}
RESULT: {"using":"xpath","value":"//button[@data-kt=\"addButton\"]"}
COMMAND: POST /session/0a56c8b3fe23980ff89a5571a3a07e32/execute/sync - {"script":"<script> [8489 bytes]","args":[{"element-6066-11e4-a52e-4f735466cecf":"f.8BC31031A8A77F81AA6DDAE562E569BF.d.1CABE3EAA4F095580C25B0D28CEAD948.e.10043","ELEMENT":"f.8BC31031A8A77F81AA6DDAE562E569BF.d.1CABE3EAA4F095580C25B0D28CEAD948.e.10043"}]}
RESULT: {"script":"<script> [8489 bytes]","args":[{"element-6066-11e4-a52e-4f735466cecf":"f.8BC31031A8A77F81AA6DDAE562E569BF.d.1CABE3EAA4F095580C25B0D28CEAD948.e.10043","ELEMENT":"f.8BC31031A8A77F81AA6DDAE562E569BF.d.1CABE3EAA4F095580C25B0D28CEAD948.e.10043"}]}
COMMAND: GET /session/0a56c8b3fe23980ff89a5571a3a07e32/element/f.8BC31031A8A77F81AA6DDAE562E569BF.d.1CABE3EAA4F095580C25B0D28CEAD948.e.10043/enabled - {}
COMMAND: GET /session/0a56c8b3fe23980ff89a5571a3a07e32/screenshot - {}
RESULT: {}
COMMAND: POST /session/0a56c8b3fe23980ff89a5571a3a07e32/execute/sync - {"script":"<script> [8489 bytes]","args":[{"element-6066-11e4-a52e-4f735466cecf":"f.8BC31031A8A77F81AA6DDAE562E569BF.d.1CABE3EAA4F095580C25B0D28CEAD948.e.10043","ELEMENT":"f.8BC31031A8A77F81AA6DDAE562E569BF.d.1CABE3EAA4F095580C25B0D28CEAD948.e.10043"}]}
COMMAND: GET /session/0a56c8b3fe23980ff89a5571a3a07e32/screenshot - {}
RESULT: {}
RESULT: {"script":"<script> [8489 bytes]","args":[{"element-6066-11e4-a52e-4f735466cecf":"f.8BC31031A8A77F81AA6DDAE562E569BF.d.1CABE3EAA4F095580C25B0D28CEAD948.e.10043","ELEMENT":"f.8BC31031A8A77F81AA6DDAE562E569BF.d.1CABE3EAA4F095580C25B0D28CEAD948.e.10043"}]}
COMMAND: POST /session/0a56c8b3fe23980ff89a5571a3a07e32/execute/sync - {"script":"<script> [5351 bytes]","args":[{"element-6066-11e4-a52e-4f735466cecf":"f.8BC31031A8A77F81AA6DDAE562E569BF.d.1CABE3EAA4F095580C25B0D28CEAD948.e.10043","ELEMENT":"f.8BC31031A8A77F81AA6DDAE562E569BF.d.1CABE3EAA4F095580C25B0D28CEAD948.e.10043"}]}
COMMAND: GET /session/0a56c8b3fe23980ff89a5571a3a07e32/screenshot - {}
RESULT: {}
RESULT: {"script":"<script> [5351 bytes]","args":[{"element-6066-11e4-a52e-4f735466cecf":"f.8BC31031A8A77F81AA6DDAE562E569BF.d.1CABE3EAA4F095580C25B0D28CEAD948.e.10043","ELEMENT":"f.8BC31031A8A77F81AA6DDAE562E569BF.d.1CABE3EAA4F095580C25B0D28CEAD948.e.10043"}]}
COMMAND: POST /session/0a56c8b3fe23980ff89a5571a3a07e32/element/f.8BC31031A8A77F81AA6DDAE562E569BF.d.1CABE3EAA4F095580C25B0D28CEAD948.e.10043/click - {}
RESULT: {}
COMMAND: GET /session/0a56c8b3fe23980ff89a5571a3a07e32/screenshot - {}
RESULT: {}
COMMAND: GET /session/0a56c8b3fe23980ff89a5571a3a07e32/screenshot - {}
RESULT: {}
RESULT: {}
COMMAND: POST /session/0a56c8b3fe23980ff89a5571a3a07e32/execute/async - {"script":"<script> [1562 bytes]","args":[{"selector":{"controlType":"sap.m.Title","viewName":"etm.portal.ui.managepricingrules.view.NewItem","viewId":"application-managepricingrules-display-component---newInfoPriceItem","properties":{"text":"New Pricing Rules - Item Level"}},"wdio_ui5_key":"etmportal.ui.managepricingrules.view.NewItemsap.m.Title{\"text\":\"New Pricing Rules - Item Level\"}"}]}
RESULT: {"script":"<script> [1562 bytes]","args":[{"selector":{"controlType":"sap.m.Title","viewName":"etm.portal.ui.managepricingrules.view.NewItem","viewId":"application-managepricingrules-display-component---newInfoPriceItem","properties":{"text":"New Pricing Rules - Item Level"}},"wdio_ui5_key":"etmportal.ui.managepricingrules.view.NewItemsap.m.Title{\"text\":\"New Pricing Rules - Item Level\"}"}]}
RESULT: undefined
COMMAND: POST /session/0a56c8b3fe23980ff89a5571a3a07e32/execute/async - {"script":"<script> [6424 bytes]","args":[{"element-6066-11e4-a52e-4f735466cecf":"f.8BC31031A8A77F81AA6DDAE562E569BF.d.1CABE3EAA4F095580C25B0D28CEAD948.e.10128"},"getText",[]]}
RESULT: {"script":"<script> [6424 bytes]","args":[{"element-6066-11e4-a52e-4f735466cecf":"f.8BC31031A8A77F81AA6DDAE562E569BF.d.1CABE3EAA4F095580C25B0D28CEAD948.e.10128"},"getText",[]]}
COMMAND: POST /session/0a56c8b3fe23980ff89a5571a3a07e32/execute/async - {"script":"<script> [1562 bytes]","args":[{"selector":{"id":"application-managepricingrules-display-component---newInfoPriceItem--condValidTo","interaction":{"idSuffix":"inner"}},"wdio_ui5_key":"applicationmanagepricingrules-display-component---newInfoPriceItem--condValidTo"}]}
RESULT: {"script":"<script> [1562 bytes]","args":[{"selector":{"id":"application-managepricingrules-display-component---newInfoPriceItem--condValidTo","interaction":{"idSuffix":"inner"}},"wdio_ui5_key":"applicationmanagepricingrules-display-component---newInfoPriceItem--condValidTo"}]}
RESULT: undefined
COMMAND: POST /session/0a56c8b3fe23980ff89a5571a3a07e32/execute/async - {"script":"<script> [776 bytes]","args":[{"enterText":"1/26/26","selector":{"id":"application-managepricingrules-display-component---newInfoPriceItem--condValidTo","interaction":{"idSuffix":"inner"}},"clearTextFirst":true,"interactionType":"ENTER_TEXT"}]}
RESULT: {"script":"<script> [776 bytes]","args":[{"enterText":"1/26/26","selector":{"id":"application-managepricingrules-display-component---newInfoPriceItem--condValidTo","interaction":{"idSuffix":"inner"}},"clearTextFirst":true,"interactionType":"ENTER_TEXT"}]}
COMMAND: POST /session/0a56c8b3fe23980ff89a5571a3a07e32/execute/async - {"script":"<script> [1562 bytes]","args":[{"selector":{"id":"application-managepricingrules-display-component---newInfoPriceItem--billType-arrow"},"wdio_ui5_key":"applicationmanagepricingrules-display-component---newInfoPriceItem--billType-arrow"}]}
RESULT: {"script":"<script> [1562 bytes]","args":[{"selector":{"id":"application-managepricingrules-display-component---newInfoPriceItem--billType-arrow"},"wdio_ui5_key":"applicationmanagepricingrules-display-component---newInfoPriceItem--billType-arrow"}]}
RESULT: undefined
COMMAND: POST /session/0a56c8b3fe23980ff89a5571a3a07e32/element - {"using":"xpath","value":"//*[@id=\"application-managepricingrules-display-component---newInfoPriceItem--billType-arrow\"]"}
RESULT: {"using":"xpath","value":"//*[@id=\"application-managepricingrules-display-component---newInfoPriceItem--billType-arrow\"]"}
COMMAND: POST /session/0a56c8b3fe23980ff89a5571a3a07e32/element/f.8BC31031A8A77F81AA6DDAE562E569BF.d.1CABE3EAA4F095580C25B0D28CEAD948.e.10130/click - {}
RESULT: {}
COMMAND: POST /session/0a56c8b3fe23980ff89a5571a3a07e32/element - {"using":"xpath","value":"//span[contains(text(), \"TB - Time based\")]"}
COMMAND: GET /session/0a56c8b3fe23980ff89a5571a3a07e32/screenshot - {}
RESULT: {"using":"xpath","value":"//span[contains(text(), \"TB - Time based\")]"}
COMMAND: POST /session/0a56c8b3fe23980ff89a5571a3a07e32/element/f.8BC31031A8A77F81AA6DDAE562E569BF.d.1CABE3EAA4F095580C25B0D28CEAD948.e.10131/click - {}
RESULT: {}
RESULT: {}
COMMAND: POST /session/0a56c8b3fe23980ff89a5571a3a07e32/execute/async - {"script":"<script> [1562 bytes]","args":[{"selector":{"id":"application-managepricingrules-display-component---newInfoPriceItem--priceProc-arrow"},"wdio_ui5_key":"applicationmanagepricingrules-display-component---newInfoPriceItem--priceProc-arrow"}]}
COMMAND: GET /session/0a56c8b3fe23980ff89a5571a3a07e32/screenshot - {}
RESULT: {"script":"<script> [1562 bytes]","args":[{"selector":{"id":"application-managepricingrules-display-component---newInfoPriceItem--priceProc-arrow"},"wdio_ui5_key":"applicationmanagepricingrules-display-component---newInfoPriceItem--priceProc-arrow"}]}
RESULT: undefined
COMMAND: POST /session/0a56c8b3fe23980ff89a5571a3a07e32/element - {"using":"xpath","value":"//*[@id=\"application-managepricingrules-display-component---newInfoPriceItem--priceProc-arrow\"]"}
RESULT: {}
RESULT: {"using":"xpath","value":"//*[@id=\"application-managepricingrules-display-component---newInfoPriceItem--priceProc-arrow\"]"}
COMMAND: POST /session/0a56c8b3fe23980ff89a5571a3a07e32/element/f.8BC31031A8A77F81AA6DDAE562E569BF.d.1CABE3EAA4F095580C25B0D28CEAD948.e.10132/click - {}
RESULT: {}
COMMAND: POST /session/0a56c8b3fe23980ff89a5571a3a07e32/element - {"using":"xpath","value":"//span[contains(text(), \"TB - Time based BGL\")]"}
COMMAND: GET /session/0a56c8b3fe23980ff89a5571a3a07e32/screenshot - {}
RESULT: {"using":"xpath","value":"//span[contains(text(), \"TB - Time based BGL\")]"}
COMMAND: POST /session/0a56c8b3fe23980ff89a5571a3a07e32/element/f.8BC31031A8A77F81AA6DDAE562E569BF.d.1CABE3EAA4F095580C25B0D28CEAD948.e.10133/click - {}
RESULT: {}
RESULT: {}
COMMAND: POST /session/0a56c8b3fe23980ff89a5571a3a07e32/execute/async - {"script":"<script> [1562 bytes]","args":[{"selector":{"id":"application-managepricingrules-display-component---newInfoPriceItem--calcBase-arrow"},"wdio_ui5_key":"applicationmanagepricingrules-display-component---newInfoPriceItem--calcBase-arrow"}]}
COMMAND: GET /session/0a56c8b3fe23980ff89a5571a3a07e32/screenshot - {}
RESULT: {"script":"<script> [1562 bytes]","args":[{"selector":{"id":"application-managepricingrules-display-component---newInfoPriceItem--calcBase-arrow"},"wdio_ui5_key":"applicationmanagepricingrules-display-component---newInfoPriceItem--calcBase-arrow"}]}
RESULT: undefined
COMMAND: POST /session/0a56c8b3fe23980ff89a5571a3a07e32/element - {"using":"xpath","value":"//*[@id=\"application-managepricingrules-display-component---newInfoPriceItem--calcBase-arrow\"]"}
RESULT: {}
RESULT: {"using":"xpath","value":"//*[@id=\"application-managepricingrules-display-component---newInfoPriceItem--calcBase-arrow\"]"}
COMMAND: POST /session/0a56c8b3fe23980ff89a5571a3a07e32/element/f.8BC31031A8A77F81AA6DDAE562E569BF.d.1CABE3EAA4F095580C25B0D28CEAD948.e.10134/click - {}
RESULT: {}
COMMAND: GET /session/0a56c8b3fe23980ff89a5571a3a07e32/screenshot - {}
RESULT: {}
COMMAND: POST /session/0a56c8b3fe23980ff89a5571a3a07e32/element - {"using":"xpath","value":"//span[contains(text(), \"0006 - TB(calendar days)\")]"}
RESULT: {"using":"xpath","value":"//span[contains(text(), \"0006 - TB(calendar days)\")]"}
COMMAND: POST /session/0a56c8b3fe23980ff89a5571a3a07e32/element/f.8BC31031A8A77F81AA6DDAE562E569BF.d.1CABE3EAA4F095580C25B0D28CEAD948.e.10135/click - {}
RESULT: {}
COMMAND: GET /session/0a56c8b3fe23980ff89a5571a3a07e32/screenshot - {}
RESULT: {}
COMMAND: POST /session/0a56c8b3fe23980ff89a5571a3a07e32/execute/async - {"script":"<script> [1562 bytes]","args":[{"selector":{"id":"application-managepricingrules-display-component---newInfoPriceItem--hoursMonth","interaction":{"idSuffix":"inner"}},"wdio_ui5_key":"applicationmanagepricingrules-display-component---newInfoPriceItem--hoursMonth"}]}
RESULT: {"script":"<script> [1562 bytes]","args":[{"selector":{"id":"application-managepricingrules-display-component---newInfoPriceItem--hoursMonth","interaction":{"idSuffix":"inner"}},"wdio_ui5_key":"applicationmanagepricingrules-display-component---newInfoPriceItem--hoursMonth"}]}
RESULT: undefined
COMMAND: POST /session/0a56c8b3fe23980ff89a5571a3a07e32/execute/async - {"script":"<script> [776 bytes]","args":[{"enterText":"160","selector":{"id":"application-managepricingrules-display-component---newInfoPriceItem--hoursMonth","interaction":{"idSuffix":"inner"}},"clearTextFirst":true,"interactionType":"ENTER_TEXT"}]}
RESULT: {"script":"<script> [776 bytes]","args":[{"enterText":"160","selector":{"id":"application-managepricingrules-display-component---newInfoPriceItem--hoursMonth","interaction":{"idSuffix":"inner"}},"clearTextFirst":true,"interactionType":"ENTER_TEXT"}]}
COMMAND: POST /session/0a56c8b3fe23980ff89a5571a3a07e32/execute/async - {"script":"<script> [1562 bytes]","args":[{"selector":{"id":"application-managepricingrules-display-component---newInfoPriceItem--daysMonth","interaction":{"idSuffix":"inner"}},"wdio_ui5_key":"applicationmanagepricingrules-display-component---newInfoPriceItem--daysMonth"}]}
RESULT: {"script":"<script> [1562 bytes]","args":[{"selector":{"id":"application-managepricingrules-display-component---newInfoPriceItem--daysMonth","interaction":{"idSuffix":"inner"}},"wdio_ui5_key":"applicationmanagepricingrules-display-component---newInfoPriceItem--daysMonth"}]}
RESULT: undefined
COMMAND: POST /session/0a56c8b3fe23980ff89a5571a3a07e32/execute/async - {"script":"<script> [776 bytes]","args":[{"enterText":"30","selector":{"id":"application-managepricingrules-display-component---newInfoPriceItem--daysMonth","interaction":{"idSuffix":"inner"}},"clearTextFirst":true,"interactionType":"ENTER_TEXT"}]}
RESULT: {"script":"<script> [776 bytes]","args":[{"enterText":"30","selector":{"id":"application-managepricingrules-display-component---newInfoPriceItem--daysMonth","interaction":{"idSuffix":"inner"}},"clearTextFirst":true,"interactionType":"ENTER_TEXT"}]}
COMMAND: POST /session/0a56c8b3fe23980ff89a5571a3a07e32/element - {"using":"xpath","value":"//button[@data-kt=\"saveNewRuleButton\"]"}
RESULT: {"using":"xpath","value":"//button[@data-kt=\"saveNewRuleButton\"]"}
COMMAND: POST /session/0a56c8b3fe23980ff89a5571a3a07e32/element/f.8BC31031A8A77F81AA6DDAE562E569BF.d.1CABE3EAA4F095580C25B0D28CEAD948.e.10138/click - {}
RESULT: {}
COMMAND: GET /session/0a56c8b3fe23980ff89a5571a3a07e32/screenshot - {}
RESULT: {}
COMMAND: POST /session/0a56c8b3fe23980ff89a5571a3a07e32/execute/async - {"script":"<script> [1562 bytes]","args":[{"selector":{"id":"application-managepricingrules-display-component---priceInfoItem--smartFilterBar-btnBasicSearch","interaction":{"idSuffix":"I"}},"wdio_ui5_key":"applicationmanagepricingrules-display-component---priceInfoItem--smartFilterBar-btnBasicSearch"}]}
RESULT: {"script":"<script> [1562 bytes]","args":[{"selector":{"id":"application-managepricingrules-display-component---priceInfoItem--smartFilterBar-btnBasicSearch","interaction":{"idSuffix":"I"}},"wdio_ui5_key":"applicationmanagepricingrules-display-component---priceInfoItem--smartFilterBar-btnBasicSearch"}]}
RESULT: undefined
COMMAND: POST /session/0a56c8b3fe23980ff89a5571a3a07e32/execute/async - {"script":"<script> [776 bytes]","args":[{"enterText":"9NZan7qOSP","selector":{"id":"application-managepricingrules-display-component---priceInfoItem--smartFilterBar-btnBasicSearch","interaction":{"idSuffix":"I"}},"clearTextFirst":true,"interactionType":"ENTER_TEXT"}]}
RESULT: {"script":"<script> [776 bytes]","args":[{"enterText":"9NZan7qOSP","selector":{"id":"application-managepricingrules-display-component---priceInfoItem--smartFilterBar-btnBasicSearch","interaction":{"idSuffix":"I"}},"clearTextFirst":true,"interactionType":"ENTER_TEXT"}]}
COMMAND: POST /session/0a56c8b3fe23980ff89a5571a3a07e32/actions - {"actions":[{"id":"action33","type":"key","parameters":{},"actions":[{"type":"keyDown","value":""},{"type":"pause","duration":10},{"type":"keyUp","value":""}]}]}
RESULT: {"actions":[{"id":"action33","type":"key","parameters":{},"actions":[{"type":"keyDown","value":""},{"type":"pause","duration":10},{"type":"keyUp","value":""}]}]}
COMMAND: GET /session/0a56c8b3fe23980ff89a5571a3a07e32/screenshot - {}
RESULT: {}
COMMAND: POST /session/0a56c8b3fe23980ff89a5571a3a07e32/element - {"using":"xpath","value":"//span[@id=\"application-managepricingrules-display-component---priceInfoItem--smartTable-header-inner\"]"}
RESULT: {"using":"xpath","value":"//span[@id=\"application-managepricingrules-display-component---priceInfoItem--smartTable-header-inner\"]"}
COMMAND: POST /session/0a56c8b3fe23980ff89a5571a3a07e32/elements - {"using":"xpath","value":"//span[@id=\"application-managepricingrules-display-component---priceInfoItem--smartTable-header-inner\"]"}
RESULT: {"using":"xpath","value":"//span[@id=\"application-managepricingrules-display-component---priceInfoItem--smartTable-header-inner\"]"}
COMMAND: POST /session/0a56c8b3fe23980ff89a5571a3a07e32/execute/sync - {"script":"<script> [56 bytes]","args":[{"element-6066-11e4-a52e-4f735466cecf":"f.8BC31031A8A77F81AA6DDAE562E569BF.d.1CABE3EAA4F095580C25B0D28CEAD948.e.10162","ELEMENT":"f.8BC31031A8A77F81AA6DDAE562E569BF.d.1CABE3EAA4F095580C25B0D28CEAD948.e.10162"}]}
RESULT: {"script":"<script> [56 bytes]","args":[{"element-6066-11e4-a52e-4f735466cecf":"f.8BC31031A8A77F81AA6DDAE562E569BF.d.1CABE3EAA4F095580C25B0D28CEAD948.e.10162","ELEMENT":"f.8BC31031A8A77F81AA6DDAE562E569BF.d.1CABE3EAA4F095580C25B0D28CEAD948.e.10162"}]}
COMMAND: POST /session/0a56c8b3fe23980ff89a5571a3a07e32/element - {"using":"css selector","value":"#shell-header-logo"}
COMMAND: GET /session/0a56c8b3fe23980ff89a5571a3a07e32/screenshot - {}
RESULT: {"using":"css selector","value":"#shell-header-logo"}
COMMAND: POST /session/0a56c8b3fe23980ff89a5571a3a07e32/element/f.8BC31031A8A77F81AA6DDAE562E569BF.d.1CABE3EAA4F095580C25B0D28CEAD948.e.9171/click - {}
RESULT: {}
RESULT: {}
COMMAND: GET /session/0a56c8b3fe23980ff89a5571a3a07e32/screenshot - {}
RESULT: {}
]]></system-out>
    </testcase>
    <testcase classname="chrome.136_0_7103_93.windows.Create_master_data_for_mixed_billing_&amp;_do_billing_calculation_US151661" name="Should add one time condition" time="73.262">
      <system-out><![CDATA[
COMMAND: POST /session/0a56c8b3fe23980ff89a5571a3a07e32/execute/async - {"script":"<script> [1562 bytes]","args":[{"selector":{"controlType":"sap.m.GenericTile","properties":{"header":"Manage Conditions & Prices"}},"wdio_ui5_key":"sapm.GenericTile{\"header\":\"Manage Conditions & Prices\"}"}]}
RESULT: {"script":"<script> [1562 bytes]","args":[{"selector":{"controlType":"sap.m.GenericTile","properties":{"header":"Manage Conditions & Prices"}},"wdio_ui5_key":"sapm.GenericTile{\"header\":\"Manage Conditions & Prices\"}"}]}
RESULT: undefined
COMMAND: POST /session/0a56c8b3fe23980ff89a5571a3a07e32/element - {"using":"xpath","value":"//*[@id=\"__tile93\"]"}
RESULT: {"using":"xpath","value":"//*[@id=\"__tile93\"]"}
COMMAND: POST /session/0a56c8b3fe23980ff89a5571a3a07e32/element/f.8BC31031A8A77F81AA6DDAE562E569BF.d.1CABE3EAA4F095580C25B0D28CEAD948.e.9157/click - {}
RESULT: {}
COMMAND: GET /session/0a56c8b3fe23980ff89a5571a3a07e32/screenshot - {}
RESULT: {}
COMMAND: POST /session/0a56c8b3fe23980ff89a5571a3a07e32/elements - {"using":"xpath","value":"//span[text()='Error']"}
RESULT: {"using":"xpath","value":"//span[text()='Error']"}
COMMAND: POST /session/0a56c8b3fe23980ff89a5571a3a07e32/element - {"using":"xpath","value":"//button[@aria-label=\"Create\"]"}
RESULT: {"using":"xpath","value":"//button[@aria-label=\"Create\"]"}
COMMAND: POST /session/0a56c8b3fe23980ff89a5571a3a07e32/elements - {"using":"xpath","value":"//button[@aria-label=\"Create\"]"}
RESULT: {"using":"xpath","value":"//button[@aria-label=\"Create\"]"}
COMMAND: POST /session/0a56c8b3fe23980ff89a5571a3a07e32/execute/sync - {"script":"<script> [8489 bytes]","args":[{"element-6066-11e4-a52e-4f735466cecf":"f.8BC31031A8A77F81AA6DDAE562E569BF.d.1CABE3EAA4F095580C25B0D28CEAD948.e.10198","ELEMENT":"f.8BC31031A8A77F81AA6DDAE562E569BF.d.1CABE3EAA4F095580C25B0D28CEAD948.e.10198"}]}
RESULT: {"script":"<script> [8489 bytes]","args":[{"element-6066-11e4-a52e-4f735466cecf":"f.8BC31031A8A77F81AA6DDAE562E569BF.d.1CABE3EAA4F095580C25B0D28CEAD948.e.10198","ELEMENT":"f.8BC31031A8A77F81AA6DDAE562E569BF.d.1CABE3EAA4F095580C25B0D28CEAD948.e.10198"}]}
COMMAND: GET /session/0a56c8b3fe23980ff89a5571a3a07e32/element/f.8BC31031A8A77F81AA6DDAE562E569BF.d.1CABE3EAA4F095580C25B0D28CEAD948.e.10198/enabled - {}
COMMAND: GET /session/0a56c8b3fe23980ff89a5571a3a07e32/screenshot - {}
RESULT: {}
COMMAND: POST /session/0a56c8b3fe23980ff89a5571a3a07e32/execute/sync - {"script":"<script> [8489 bytes]","args":[{"element-6066-11e4-a52e-4f735466cecf":"f.8BC31031A8A77F81AA6DDAE562E569BF.d.1CABE3EAA4F095580C25B0D28CEAD948.e.10198","ELEMENT":"f.8BC31031A8A77F81AA6DDAE562E569BF.d.1CABE3EAA4F095580C25B0D28CEAD948.e.10198"}]}
COMMAND: GET /session/0a56c8b3fe23980ff89a5571a3a07e32/screenshot - {}
RESULT: {}
RESULT: {"script":"<script> [8489 bytes]","args":[{"element-6066-11e4-a52e-4f735466cecf":"f.8BC31031A8A77F81AA6DDAE562E569BF.d.1CABE3EAA4F095580C25B0D28CEAD948.e.10198","ELEMENT":"f.8BC31031A8A77F81AA6DDAE562E569BF.d.1CABE3EAA4F095580C25B0D28CEAD948.e.10198"}]}
COMMAND: POST /session/0a56c8b3fe23980ff89a5571a3a07e32/execute/sync - {"script":"<script> [5351 bytes]","args":[{"element-6066-11e4-a52e-4f735466cecf":"f.8BC31031A8A77F81AA6DDAE562E569BF.d.1CABE3EAA4F095580C25B0D28CEAD948.e.10198","ELEMENT":"f.8BC31031A8A77F81AA6DDAE562E569BF.d.1CABE3EAA4F095580C25B0D28CEAD948.e.10198"}]}
COMMAND: GET /session/0a56c8b3fe23980ff89a5571a3a07e32/screenshot - {}
RESULT: {}
RESULT: {"script":"<script> [5351 bytes]","args":[{"element-6066-11e4-a52e-4f735466cecf":"f.8BC31031A8A77F81AA6DDAE562E569BF.d.1CABE3EAA4F095580C25B0D28CEAD948.e.10198","ELEMENT":"f.8BC31031A8A77F81AA6DDAE562E569BF.d.1CABE3EAA4F095580C25B0D28CEAD948.e.10198"}]}
COMMAND: POST /session/0a56c8b3fe23980ff89a5571a3a07e32/element/f.8BC31031A8A77F81AA6DDAE562E569BF.d.1CABE3EAA4F095580C25B0D28CEAD948.e.10198/click - {}
RESULT: {}
RESULT: {}
COMMAND: GET /session/0a56c8b3fe23980ff89a5571a3a07e32/screenshot - {}
COMMAND: GET /session/0a56c8b3fe23980ff89a5571a3a07e32/screenshot - {}
RESULT: {}
RESULT: {}
COMMAND: POST /session/0a56c8b3fe23980ff89a5571a3a07e32/actions - {"actions":[{"id":"action34","type":"key","parameters":{},"actions":[{"type":"keyDown","value":""},{"type":"pause","duration":10},{"type":"keyUp","value":""}]}]}
RESULT: {"actions":[{"id":"action34","type":"key","parameters":{},"actions":[{"type":"keyDown","value":""},{"type":"pause","duration":10},{"type":"keyUp","value":""}]}]}
COMMAND: GET /session/0a56c8b3fe23980ff89a5571a3a07e32/screenshot - {}
RESULT: {}
COMMAND: POST /session/0a56c8b3fe23980ff89a5571a3a07e32/execute/async - {"script":"<script> [1562 bytes]","args":[{"selector":{"id":"application-manageconditionprice-display-component---newCondition--condBillCond-arrow"},"wdio_ui5_key":"applicationmanageconditionprice-display-component---newCondition--condBillCond-arrow"}]}
RESULT: {"script":"<script> [1562 bytes]","args":[{"selector":{"id":"application-manageconditionprice-display-component---newCondition--condBillCond-arrow"},"wdio_ui5_key":"applicationmanageconditionprice-display-component---newCondition--condBillCond-arrow"}]}
RESULT: undefined
COMMAND: POST /session/0a56c8b3fe23980ff89a5571a3a07e32/element - {"using":"xpath","value":"//*[@id=\"application-manageconditionprice-display-component---newCondition--condBillCond-arrow\"]"}
RESULT: {"using":"xpath","value":"//*[@id=\"application-manageconditionprice-display-component---newCondition--condBillCond-arrow\"]"}
COMMAND: POST /session/0a56c8b3fe23980ff89a5571a3a07e32/element/f.8BC31031A8A77F81AA6DDAE562E569BF.d.1CABE3EAA4F095580C25B0D28CEAD948.e.10383/click - {}
RESULT: {}
COMMAND: GET /session/0a56c8b3fe23980ff89a5571a3a07e32/screenshot - {}
RESULT: {}
COMMAND: POST /session/0a56c8b3fe23980ff89a5571a3a07e32/element - {"using":"xpath","value":"//li[.//span[contains(text(), \"SAPR - Sales price\")]]"}
RESULT: {"using":"xpath","value":"//li[.//span[contains(text(), \"SAPR - Sales price\")]]"}
COMMAND: POST /session/0a56c8b3fe23980ff89a5571a3a07e32/element/f.8BC31031A8A77F81AA6DDAE562E569BF.d.1CABE3EAA4F095580C25B0D28CEAD948.e.10386/click - {}
RESULT: {}
COMMAND: GET /session/0a56c8b3fe23980ff89a5571a3a07e32/screenshot - {}
RESULT: {}
COMMAND: POST /session/0a56c8b3fe23980ff89a5571a3a07e32/execute/async - {"script":"<script> [1562 bytes]","args":[{"selector":{"id":"application-manageconditionprice-display-component---newCondition--condValidTo","interaction":{"idSuffix":"inner"}},"wdio_ui5_key":"applicationmanageconditionprice-display-component---newCondition--condValidTo"}]}
RESULT: {"script":"<script> [1562 bytes]","args":[{"selector":{"id":"application-manageconditionprice-display-component---newCondition--condValidTo","interaction":{"idSuffix":"inner"}},"wdio_ui5_key":"applicationmanageconditionprice-display-component---newCondition--condValidTo"}]}
RESULT: undefined
COMMAND: POST /session/0a56c8b3fe23980ff89a5571a3a07e32/execute/async - {"script":"<script> [776 bytes]","args":[{"enterText":"1/26/26","selector":{"id":"application-manageconditionprice-display-component---newCondition--condValidTo","interaction":{"idSuffix":"inner"}},"clearTextFirst":true,"interactionType":"ENTER_TEXT"}]}
RESULT: {"script":"<script> [776 bytes]","args":[{"enterText":"1/26/26","selector":{"id":"application-manageconditionprice-display-component---newCondition--condValidTo","interaction":{"idSuffix":"inner"}},"clearTextFirst":true,"interactionType":"ENTER_TEXT"}]}
COMMAND: POST /session/0a56c8b3fe23980ff89a5571a3a07e32/element - {"using":"xpath","value":"//input[@id=\"application-manageconditionprice-display-component---newCondition--condRU-inner\"]"}
RESULT: {"using":"xpath","value":"//input[@id=\"application-manageconditionprice-display-component---newCondition--condRU-inner\"]"}
COMMAND: POST /session/0a56c8b3fe23980ff89a5571a3a07e32/element/f.8BC31031A8A77F81AA6DDAE562E569BF.d.1CABE3EAA4F095580C25B0D28CEAD948.e.10214/clear - {}
RESULT: {}
COMMAND: POST /session/0a56c8b3fe23980ff89a5571a3a07e32/element/f.8BC31031A8A77F81AA6DDAE562E569BF.d.1CABE3EAA4F095580C25B0D28CEAD948.e.10214/value - {"text":"9NZan7qOSP"}
COMMAND: GET /session/0a56c8b3fe23980ff89a5571a3a07e32/screenshot - {}
RESULT: {"text":"9NZan7qOSP"}
COMMAND: GET /session/0a56c8b3fe23980ff89a5571a3a07e32/screenshot - {}
RESULT: {}
RESULT: {}
COMMAND: POST /session/0a56c8b3fe23980ff89a5571a3a07e32/actions - {"actions":[{"id":"action35","type":"key","parameters":{},"actions":[{"type":"keyDown","value":""},{"type":"pause","duration":10},{"type":"keyUp","value":""}]}]}
RESULT: {"actions":[{"id":"action35","type":"key","parameters":{},"actions":[{"type":"keyDown","value":""},{"type":"pause","duration":10},{"type":"keyUp","value":""}]}]}
COMMAND: POST /session/0a56c8b3fe23980ff89a5571a3a07e32/execute/async - {"script":"<script> [1562 bytes]","args":[{"selector":{"id":"application-manageconditionprice-display-component---newCondition--condBaseQty","interaction":{"idSuffix":"inner"}},"wdio_ui5_key":"applicationmanageconditionprice-display-component---newCondition--condBaseQty"}]}
COMMAND: GET /session/0a56c8b3fe23980ff89a5571a3a07e32/screenshot - {}
RESULT: {"script":"<script> [1562 bytes]","args":[{"selector":{"id":"application-manageconditionprice-display-component---newCondition--condBaseQty","interaction":{"idSuffix":"inner"}},"wdio_ui5_key":"applicationmanageconditionprice-display-component---newCondition--condBaseQty"}]}
RESULT: undefined
COMMAND: POST /session/0a56c8b3fe23980ff89a5571a3a07e32/execute/async - {"script":"<script> [776 bytes]","args":[{"enterText":"1","selector":{"id":"application-manageconditionprice-display-component---newCondition--condBaseQty","interaction":{"idSuffix":"inner"}},"clearTextFirst":true,"interactionType":"ENTER_TEXT"}]}
RESULT: {}
RESULT: {"script":"<script> [776 bytes]","args":[{"enterText":"1","selector":{"id":"application-manageconditionprice-display-component---newCondition--condBaseQty","interaction":{"idSuffix":"inner"}},"clearTextFirst":true,"interactionType":"ENTER_TEXT"}]}
COMMAND: POST /session/0a56c8b3fe23980ff89a5571a3a07e32/execute/async - {"script":"<script> [1562 bytes]","args":[{"selector":{"id":"application-manageconditionprice-display-component---newCondition--condValue","interaction":{"idSuffix":"inner"}},"wdio_ui5_key":"applicationmanageconditionprice-display-component---newCondition--condValue"}]}
RESULT: {"script":"<script> [1562 bytes]","args":[{"selector":{"id":"application-manageconditionprice-display-component---newCondition--condValue","interaction":{"idSuffix":"inner"}},"wdio_ui5_key":"applicationmanageconditionprice-display-component---newCondition--condValue"}]}
RESULT: undefined
COMMAND: POST /session/0a56c8b3fe23980ff89a5571a3a07e32/execute/async - {"script":"<script> [776 bytes]","args":[{"enterText":"200","selector":{"id":"application-manageconditionprice-display-component---newCondition--condValue","interaction":{"idSuffix":"inner"}},"clearTextFirst":true,"interactionType":"ENTER_TEXT"}]}
RESULT: {"script":"<script> [776 bytes]","args":[{"enterText":"200","selector":{"id":"application-manageconditionprice-display-component---newCondition--condValue","interaction":{"idSuffix":"inner"}},"clearTextFirst":true,"interactionType":"ENTER_TEXT"}]}
COMMAND: POST /session/0a56c8b3fe23980ff89a5571a3a07e32/execute/async - {"script":"<script> [1562 bytes]","args":[{"selector":{"id":"application-manageconditionprice-display-component---newCondition--condCurr-arrow"},"wdio_ui5_key":"applicationmanageconditionprice-display-component---newCondition--condCurr-arrow"}]}
RESULT: {"script":"<script> [1562 bytes]","args":[{"selector":{"id":"application-manageconditionprice-display-component---newCondition--condCurr-arrow"},"wdio_ui5_key":"applicationmanageconditionprice-display-component---newCondition--condCurr-arrow"}]}
RESULT: undefined
COMMAND: POST /session/0a56c8b3fe23980ff89a5571a3a07e32/element - {"using":"xpath","value":"//*[@id=\"application-manageconditionprice-display-component---newCondition--condCurr-arrow\"]"}
RESULT: {"using":"xpath","value":"//*[@id=\"application-manageconditionprice-display-component---newCondition--condCurr-arrow\"]"}
COMMAND: POST /session/0a56c8b3fe23980ff89a5571a3a07e32/element/f.8BC31031A8A77F81AA6DDAE562E569BF.d.1CABE3EAA4F095580C25B0D28CEAD948.e.10356/click - {}
RESULT: {}
COMMAND: POST /session/0a56c8b3fe23980ff89a5571a3a07e32/element - {"using":"xpath","value":"//span[contains(text(), \"Euro\")]"}
COMMAND: GET /session/0a56c8b3fe23980ff89a5571a3a07e32/screenshot - {}
RESULT: {"using":"xpath","value":"//span[contains(text(), \"Euro\")]"}
COMMAND: POST /session/0a56c8b3fe23980ff89a5571a3a07e32/element/f.8BC31031A8A77F81AA6DDAE562E569BF.d.1CABE3EAA4F095580C25B0D28CEAD948.e.10424/click - {}
RESULT: {}
RESULT: {}
COMMAND: POST /session/0a56c8b3fe23980ff89a5571a3a07e32/element - {"using":"xpath","value":"//button[@data-kt=\"saveButton\"]"}
COMMAND: GET /session/0a56c8b3fe23980ff89a5571a3a07e32/screenshot - {}
RESULT: {"using":"xpath","value":"//button[@data-kt=\"saveButton\"]"}
COMMAND: POST /session/0a56c8b3fe23980ff89a5571a3a07e32/element/f.8BC31031A8A77F81AA6DDAE562E569BF.d.1CABE3EAA4F095580C25B0D28CEAD948.e.10357/click - {}
RESULT: {}
RESULT: {}
COMMAND: GET /session/0a56c8b3fe23980ff89a5571a3a07e32/screenshot - {}
RESULT: {}
COMMAND: POST /session/0a56c8b3fe23980ff89a5571a3a07e32/execute/async - {"script":"<script> [1562 bytes]","args":[{"selector":{"id":"application-manageconditionprice-display-component---conditions--smartFilterBar-btnBasicSearch","interaction":{"idSuffix":"I"}},"wdio_ui5_key":"applicationmanageconditionprice-display-component---conditions--smartFilterBar-btnBasicSearch"}]}
RESULT: {"script":"<script> [1562 bytes]","args":[{"selector":{"id":"application-manageconditionprice-display-component---conditions--smartFilterBar-btnBasicSearch","interaction":{"idSuffix":"I"}},"wdio_ui5_key":"applicationmanageconditionprice-display-component---conditions--smartFilterBar-btnBasicSearch"}]}
RESULT: undefined
COMMAND: POST /session/0a56c8b3fe23980ff89a5571a3a07e32/execute/async - {"script":"<script> [776 bytes]","args":[{"enterText":"9NZan7qOSP","selector":{"id":"application-manageconditionprice-display-component---conditions--smartFilterBar-btnBasicSearch","interaction":{"idSuffix":"I"}},"clearTextFirst":true,"interactionType":"ENTER_TEXT"}]}
RESULT: {"script":"<script> [776 bytes]","args":[{"enterText":"9NZan7qOSP","selector":{"id":"application-manageconditionprice-display-component---conditions--smartFilterBar-btnBasicSearch","interaction":{"idSuffix":"I"}},"clearTextFirst":true,"interactionType":"ENTER_TEXT"}]}
COMMAND: POST /session/0a56c8b3fe23980ff89a5571a3a07e32/actions - {"actions":[{"id":"action36","type":"key","parameters":{},"actions":[{"type":"keyDown","value":""},{"type":"pause","duration":10},{"type":"keyUp","value":""}]}]}
RESULT: {"actions":[{"id":"action36","type":"key","parameters":{},"actions":[{"type":"keyDown","value":""},{"type":"pause","duration":10},{"type":"keyUp","value":""}]}]}
COMMAND: GET /session/0a56c8b3fe23980ff89a5571a3a07e32/screenshot - {}
RESULT: {}
COMMAND: POST /session/0a56c8b3fe23980ff89a5571a3a07e32/execute/async - {"script":"<script> [1562 bytes]","args":[{"selector":{"id":"application-manageconditionprice-display-component---conditions--smartFilterBar-filterItemControl_BASIC-BILL_TYPES-vhi"},"wdio_ui5_key":"applicationmanageconditionprice-display-component---conditions--smartFilterBar-filterItemControl_BASIC-BILL_TYPES-vhi"}]}
RESULT: {"script":"<script> [1562 bytes]","args":[{"selector":{"id":"application-manageconditionprice-display-component---conditions--smartFilterBar-filterItemControl_BASIC-BILL_TYPES-vhi"},"wdio_ui5_key":"applicationmanageconditionprice-display-component---conditions--smartFilterBar-filterItemControl_BASIC-BILL_TYPES-vhi"}]}
RESULT: undefined
COMMAND: POST /session/0a56c8b3fe23980ff89a5571a3a07e32/element - {"using":"xpath","value":"//*[@id=\"application-manageconditionprice-display-component---conditions--smartFilterBar-filterItemControl_BASIC-BILL_TYPES-vhi\"]"}
RESULT: {"using":"xpath","value":"//*[@id=\"application-manageconditionprice-display-component---conditions--smartFilterBar-filterItemControl_BASIC-BILL_TYPES-vhi\"]"}
COMMAND: POST /session/0a56c8b3fe23980ff89a5571a3a07e32/element/f.8BC31031A8A77F81AA6DDAE562E569BF.d.1CABE3EAA4F095580C25B0D28CEAD948.e.10441/click - {}
RESULT: {}
COMMAND: POST /session/0a56c8b3fe23980ff89a5571a3a07e32/execute/async - {"script":"<script> [1562 bytes]","args":[{"selector":{"id":"application-manageconditionprice-display-component---conditions--smartFilterBar-filterItemControl_BASIC-BILL_TYPES-valueHelpDialog-smartFilterBar-btnBasicSearch","searchOpenDialogs":true,"interaction":{"idSuffix":"I"}},"wdio_ui5_key":"applicationmanageconditionprice-display-component---conditions--smartFilterBar-filterItemControl_BASIC-BILL_TYPES-valueHelpDialog-smartFilterBar-btnBasicSearch"}]}
COMMAND: GET /session/0a56c8b3fe23980ff89a5571a3a07e32/screenshot - {}
RESULT: {"script":"<script> [1562 bytes]","args":[{"selector":{"id":"application-manageconditionprice-display-component---conditions--smartFilterBar-filterItemControl_BASIC-BILL_TYPES-valueHelpDialog-smartFilterBar-btnBasicSearch","searchOpenDialogs":true,"interaction":{"idSuffix":"I"}},"wdio_ui5_key":"applicationmanageconditionprice-display-component---conditions--smartFilterBar-filterItemControl_BASIC-BILL_TYPES-valueHelpDialog-smartFilterBar-btnBasicSearch"}]}
RESULT: undefined
COMMAND: POST /session/0a56c8b3fe23980ff89a5571a3a07e32/execute/async - {"script":"<script> [776 bytes]","args":[{"enterText":"one","selector":{"id":"application-manageconditionprice-display-component---conditions--smartFilterBar-filterItemControl_BASIC-BILL_TYPES-valueHelpDialog-smartFilterBar-btnBasicSearch","searchOpenDialogs":true,"interaction":{"idSuffix":"I"}},"clearTextFirst":true,"interactionType":"ENTER_TEXT"}]}
RESULT: {}
RESULT: {"script":"<script> [776 bytes]","args":[{"enterText":"one","selector":{"id":"application-manageconditionprice-display-component---conditions--smartFilterBar-filterItemControl_BASIC-BILL_TYPES-valueHelpDialog-smartFilterBar-btnBasicSearch","searchOpenDialogs":true,"interaction":{"idSuffix":"I"}},"clearTextFirst":true,"interactionType":"ENTER_TEXT"}]}
COMMAND: POST /session/0a56c8b3fe23980ff89a5571a3a07e32/actions - {"actions":[{"id":"action37","type":"key","parameters":{},"actions":[{"type":"keyDown","value":""},{"type":"pause","duration":10},{"type":"keyUp","value":""}]}]}
RESULT: {"actions":[{"id":"action37","type":"key","parameters":{},"actions":[{"type":"keyDown","value":""},{"type":"pause","duration":10},{"type":"keyUp","value":""}]}]}
COMMAND: GET /session/0a56c8b3fe23980ff89a5571a3a07e32/screenshot - {}
RESULT: {}
COMMAND: POST /session/0a56c8b3fe23980ff89a5571a3a07e32/element - {"using":"xpath","value":"//div[contains(@id, 'application-manageconditionprice-display-component---conditions--smartFilterBar-filterItemControl_BASIC-BILL_TYPES-valueHelpDialog-table-rowsel0')]"}
RESULT: {"using":"xpath","value":"//div[contains(@id, 'application-manageconditionprice-display-component---conditions--smartFilterBar-filterItemControl_BASIC-BILL_TYPES-valueHelpDialog-table-rowsel0')]"}
COMMAND: POST /session/0a56c8b3fe23980ff89a5571a3a07e32/element/f.8BC31031A8A77F81AA6DDAE562E569BF.d.1CABE3EAA4F095580C25B0D28CEAD948.e.10450/click - {}
RESULT: {}
COMMAND: GET /session/0a56c8b3fe23980ff89a5571a3a07e32/screenshot - {}
RESULT: {}
COMMAND: POST /session/0a56c8b3fe23980ff89a5571a3a07e32/element - {"using":"xpath","value":"//bdi[contains(text(), \"OK\")]"}
RESULT: {"using":"xpath","value":"//bdi[contains(text(), \"OK\")]"}
COMMAND: POST /session/0a56c8b3fe23980ff89a5571a3a07e32/element/f.8BC31031A8A77F81AA6DDAE562E569BF.d.1CABE3EAA4F095580C25B0D28CEAD948.e.10452/click - {}
RESULT: {}
COMMAND: GET /session/0a56c8b3fe23980ff89a5571a3a07e32/screenshot - {}
RESULT: {}
COMMAND: POST /session/0a56c8b3fe23980ff89a5571a3a07e32/element - {"using":"xpath","value":"//span[@id=\"application-manageconditionprice-display-component---conditions--smartTable-header-inner\"]"}
RESULT: {"using":"xpath","value":"//span[@id=\"application-manageconditionprice-display-component---conditions--smartTable-header-inner\"]"}
COMMAND: POST /session/0a56c8b3fe23980ff89a5571a3a07e32/elements - {"using":"xpath","value":"//span[@id=\"application-manageconditionprice-display-component---conditions--smartTable-header-inner\"]"}
RESULT: {"using":"xpath","value":"//span[@id=\"application-manageconditionprice-display-component---conditions--smartTable-header-inner\"]"}
COMMAND: POST /session/0a56c8b3fe23980ff89a5571a3a07e32/execute/sync - {"script":"<script> [56 bytes]","args":[{"element-6066-11e4-a52e-4f735466cecf":"f.8BC31031A8A77F81AA6DDAE562E569BF.d.1CABE3EAA4F095580C25B0D28CEAD948.e.10455","ELEMENT":"f.8BC31031A8A77F81AA6DDAE562E569BF.d.1CABE3EAA4F095580C25B0D28CEAD948.e.10455"}]}
RESULT: {"script":"<script> [56 bytes]","args":[{"element-6066-11e4-a52e-4f735466cecf":"f.8BC31031A8A77F81AA6DDAE562E569BF.d.1CABE3EAA4F095580C25B0D28CEAD948.e.10455","ELEMENT":"f.8BC31031A8A77F81AA6DDAE562E569BF.d.1CABE3EAA4F095580C25B0D28CEAD948.e.10455"}]}
COMMAND: POST /session/0a56c8b3fe23980ff89a5571a3a07e32/element - {"using":"css selector","value":"#shell-header-logo"}
COMMAND: GET /session/0a56c8b3fe23980ff89a5571a3a07e32/screenshot - {}
RESULT: {}
RESULT: {"using":"css selector","value":"#shell-header-logo"}
COMMAND: POST /session/0a56c8b3fe23980ff89a5571a3a07e32/element/f.8BC31031A8A77F81AA6DDAE562E569BF.d.1CABE3EAA4F095580C25B0D28CEAD948.e.10165/click - {}
RESULT: {}
COMMAND: GET /session/0a56c8b3fe23980ff89a5571a3a07e32/screenshot - {}
RESULT: {}
]]></system-out>
    </testcase>
    <testcase classname="chrome.136_0_7103_93.windows.Create_master_data_for_mixed_billing_&amp;_do_billing_calculation_US151661" name="Should add performance based condition" time="80.038">
      <system-out><![CDATA[
RESULT: undefined
COMMAND: POST /session/0a56c8b3fe23980ff89a5571a3a07e32/element - {"using":"xpath","value":"//*[@id=\"__tile93\"]"}
RESULT: {"using":"xpath","value":"//*[@id=\"__tile93\"]"}
COMMAND: POST /session/0a56c8b3fe23980ff89a5571a3a07e32/element/f.8BC31031A8A77F81AA6DDAE562E569BF.d.1CABE3EAA4F095580C25B0D28CEAD948.e.9157/click - {}
RESULT: {}
COMMAND: GET /session/0a56c8b3fe23980ff89a5571a3a07e32/screenshot - {}
RESULT: {}
COMMAND: POST /session/0a56c8b3fe23980ff89a5571a3a07e32/elements - {"using":"xpath","value":"//span[text()='Error']"}
RESULT: {"using":"xpath","value":"//span[text()='Error']"}
COMMAND: POST /session/0a56c8b3fe23980ff89a5571a3a07e32/element - {"using":"xpath","value":"//button[@aria-label=\"Create\"]"}
RESULT: {"using":"xpath","value":"//button[@aria-label=\"Create\"]"}
COMMAND: POST /session/0a56c8b3fe23980ff89a5571a3a07e32/elements - {"using":"xpath","value":"//button[@aria-label=\"Create\"]"}
RESULT: {"using":"xpath","value":"//button[@aria-label=\"Create\"]"}
COMMAND: POST /session/0a56c8b3fe23980ff89a5571a3a07e32/execute/sync - {"script":"<script> [8489 bytes]","args":[{"element-6066-11e4-a52e-4f735466cecf":"f.8BC31031A8A77F81AA6DDAE562E569BF.d.1CABE3EAA4F095580C25B0D28CEAD948.e.10598","ELEMENT":"f.8BC31031A8A77F81AA6DDAE562E569BF.d.1CABE3EAA4F095580C25B0D28CEAD948.e.10598"}]}
RESULT: {"script":"<script> [8489 bytes]","args":[{"element-6066-11e4-a52e-4f735466cecf":"f.8BC31031A8A77F81AA6DDAE562E569BF.d.1CABE3EAA4F095580C25B0D28CEAD948.e.10598","ELEMENT":"f.8BC31031A8A77F81AA6DDAE562E569BF.d.1CABE3EAA4F095580C25B0D28CEAD948.e.10598"}]}
COMMAND: GET /session/0a56c8b3fe23980ff89a5571a3a07e32/element/f.8BC31031A8A77F81AA6DDAE562E569BF.d.1CABE3EAA4F095580C25B0D28CEAD948.e.10598/enabled - {}
COMMAND: GET /session/0a56c8b3fe23980ff89a5571a3a07e32/screenshot - {}
RESULT: {}
COMMAND: POST /session/0a56c8b3fe23980ff89a5571a3a07e32/execute/sync - {"script":"<script> [8489 bytes]","args":[{"element-6066-11e4-a52e-4f735466cecf":"f.8BC31031A8A77F81AA6DDAE562E569BF.d.1CABE3EAA4F095580C25B0D28CEAD948.e.10598","ELEMENT":"f.8BC31031A8A77F81AA6DDAE562E569BF.d.1CABE3EAA4F095580C25B0D28CEAD948.e.10598"}]}
COMMAND: GET /session/0a56c8b3fe23980ff89a5571a3a07e32/screenshot - {}
RESULT: {}
RESULT: {"script":"<script> [8489 bytes]","args":[{"element-6066-11e4-a52e-4f735466cecf":"f.8BC31031A8A77F81AA6DDAE562E569BF.d.1CABE3EAA4F095580C25B0D28CEAD948.e.10598","ELEMENT":"f.8BC31031A8A77F81AA6DDAE562E569BF.d.1CABE3EAA4F095580C25B0D28CEAD948.e.10598"}]}
COMMAND: POST /session/0a56c8b3fe23980ff89a5571a3a07e32/execute/sync - {"script":"<script> [5351 bytes]","args":[{"element-6066-11e4-a52e-4f735466cecf":"f.8BC31031A8A77F81AA6DDAE562E569BF.d.1CABE3EAA4F095580C25B0D28CEAD948.e.10598","ELEMENT":"f.8BC31031A8A77F81AA6DDAE562E569BF.d.1CABE3EAA4F095580C25B0D28CEAD948.e.10598"}]}
COMMAND: GET /session/0a56c8b3fe23980ff89a5571a3a07e32/screenshot - {}
RESULT: {}
RESULT: {"script":"<script> [5351 bytes]","args":[{"element-6066-11e4-a52e-4f735466cecf":"f.8BC31031A8A77F81AA6DDAE562E569BF.d.1CABE3EAA4F095580C25B0D28CEAD948.e.10598","ELEMENT":"f.8BC31031A8A77F81AA6DDAE562E569BF.d.1CABE3EAA4F095580C25B0D28CEAD948.e.10598"}]}
COMMAND: POST /session/0a56c8b3fe23980ff89a5571a3a07e32/element/f.8BC31031A8A77F81AA6DDAE562E569BF.d.1CABE3EAA4F095580C25B0D28CEAD948.e.10598/click - {}
COMMAND: GET /session/0a56c8b3fe23980ff89a5571a3a07e32/screenshot - {}
RESULT: {}
RESULT: {}
COMMAND: GET /session/0a56c8b3fe23980ff89a5571a3a07e32/screenshot - {}
RESULT: {}
RESULT: {}
COMMAND: POST /session/0a56c8b3fe23980ff89a5571a3a07e32/actions - {"actions":[{"id":"action38","type":"key","parameters":{},"actions":[{"type":"keyDown","value":""},{"type":"pause","duration":10},{"type":"keyUp","value":""}]}]}
RESULT: {"actions":[{"id":"action38","type":"key","parameters":{},"actions":[{"type":"keyDown","value":""},{"type":"pause","duration":10},{"type":"keyUp","value":""}]}]}
COMMAND: GET /session/0a56c8b3fe23980ff89a5571a3a07e32/screenshot - {}
RESULT: undefined
COMMAND: POST /session/0a56c8b3fe23980ff89a5571a3a07e32/element - {"using":"xpath","value":"//*[@id=\"application-manageconditionprice-display-component---newCondition--condBillCond-arrow\"]"}
RESULT: {}
RESULT: {"using":"xpath","value":"//*[@id=\"application-manageconditionprice-display-component---newCondition--condBillCond-arrow\"]"}
COMMAND: POST /session/0a56c8b3fe23980ff89a5571a3a07e32/element/f.8BC31031A8A77F81AA6DDAE562E569BF.d.1CABE3EAA4F095580C25B0D28CEAD948.e.11006/click - {}
RESULT: {}
COMMAND: GET /session/0a56c8b3fe23980ff89a5571a3a07e32/screenshot - {}
RESULT: {}
COMMAND: POST /session/0a56c8b3fe23980ff89a5571a3a07e32/element - {"using":"xpath","value":"//li[.//span[contains(text(), \"PC06 - Performance Price - fuel\")]]"}
RESULT: {"using":"xpath","value":"//li[.//span[contains(text(), \"PC06 - Performance Price - fuel\")]]"}
COMMAND: POST /session/0a56c8b3fe23980ff89a5571a3a07e32/element/f.8BC31031A8A77F81AA6DDAE562E569BF.d.1CABE3EAA4F095580C25B0D28CEAD948.e.11009/click - {}
RESULT: {}
COMMAND: GET /session/0a56c8b3fe23980ff89a5571a3a07e32/screenshot - {}
RESULT: {}
RESULT: undefined
COMMAND: POST /session/0a56c8b3fe23980ff89a5571a3a07e32/execute/async - {"script":"<script> [776 bytes]","args":[{"enterText":"1/26/26","selector":{"id":"application-manageconditionprice-display-component---newCondition--condValidTo","interaction":{"idSuffix":"inner"}},"clearTextFirst":true,"interactionType":"ENTER_TEXT"}]}
RESULT: {"script":"<script> [776 bytes]","args":[{"enterText":"1/26/26","selector":{"id":"application-manageconditionprice-display-component---newCondition--condValidTo","interaction":{"idSuffix":"inner"}},"clearTextFirst":true,"interactionType":"ENTER_TEXT"}]}
COMMAND: POST /session/0a56c8b3fe23980ff89a5571a3a07e32/element - {"using":"xpath","value":"//input[@id=\"application-manageconditionprice-display-component---newCondition--condRU-inner\"]"}
RESULT: {"using":"xpath","value":"//input[@id=\"application-manageconditionprice-display-component---newCondition--condRU-inner\"]"}
COMMAND: POST /session/0a56c8b3fe23980ff89a5571a3a07e32/element/f.8BC31031A8A77F81AA6DDAE562E569BF.d.1CABE3EAA4F095580C25B0D28CEAD948.e.10732/clear - {}
RESULT: {}
COMMAND: POST /session/0a56c8b3fe23980ff89a5571a3a07e32/element/f.8BC31031A8A77F81AA6DDAE562E569BF.d.1CABE3EAA4F095580C25B0D28CEAD948.e.10732/value - {"text":"9NZan7qOSP"}
COMMAND: GET /session/0a56c8b3fe23980ff89a5571a3a07e32/screenshot - {}
RESULT: {"text":"9NZan7qOSP"}
COMMAND: GET /session/0a56c8b3fe23980ff89a5571a3a07e32/screenshot - {}
RESULT: {}
RESULT: {}
COMMAND: POST /session/0a56c8b3fe23980ff89a5571a3a07e32/actions - {"actions":[{"id":"action39","type":"key","parameters":{},"actions":[{"type":"keyDown","value":""},{"type":"pause","duration":10},{"type":"keyUp","value":""}]}]}
RESULT: {"actions":[{"id":"action39","type":"key","parameters":{},"actions":[{"type":"keyDown","value":""},{"type":"pause","duration":10},{"type":"keyUp","value":""}]}]}
RESULT: undefined
COMMAND: POST /session/0a56c8b3fe23980ff89a5571a3a07e32/execute/async - {"script":"<script> [776 bytes]","args":[{"enterText":"1","selector":{"id":"application-manageconditionprice-display-component---newCondition--condBaseQty","interaction":{"idSuffix":"inner"}},"clearTextFirst":true,"interactionType":"ENTER_TEXT"}]}
COMMAND: GET /session/0a56c8b3fe23980ff89a5571a3a07e32/screenshot - {}
RESULT: {"script":"<script> [776 bytes]","args":[{"enterText":"1","selector":{"id":"application-manageconditionprice-display-component---newCondition--condBaseQty","interaction":{"idSuffix":"inner"}},"clearTextFirst":true,"interactionType":"ENTER_TEXT"}]}
RESULT: undefined
COMMAND: POST /session/0a56c8b3fe23980ff89a5571a3a07e32/execute/async - {"script":"<script> [776 bytes]","args":[{"enterText":"10","selector":{"id":"application-manageconditionprice-display-component---newCondition--condValue","interaction":{"idSuffix":"inner"}},"clearTextFirst":true,"interactionType":"ENTER_TEXT"}]}
RESULT: {}
RESULT: {"script":"<script> [776 bytes]","args":[{"enterText":"10","selector":{"id":"application-manageconditionprice-display-component---newCondition--condValue","interaction":{"idSuffix":"inner"}},"clearTextFirst":true,"interactionType":"ENTER_TEXT"}]}
RESULT: undefined
COMMAND: POST /session/0a56c8b3fe23980ff89a5571a3a07e32/element - {"using":"xpath","value":"//*[@id=\"application-manageconditionprice-display-component---newCondition--condCurr-arrow\"]"}
RESULT: {"using":"xpath","value":"//*[@id=\"application-manageconditionprice-display-component---newCondition--condCurr-arrow\"]"}
COMMAND: POST /session/0a56c8b3fe23980ff89a5571a3a07e32/element/f.8BC31031A8A77F81AA6DDAE562E569BF.d.1CABE3EAA4F095580C25B0D28CEAD948.e.10968/click - {}
RESULT: {}
COMMAND: POST /session/0a56c8b3fe23980ff89a5571a3a07e32/element - {"using":"xpath","value":"//span[contains(text(), \"Euro\")]"}
COMMAND: GET /session/0a56c8b3fe23980ff89a5571a3a07e32/screenshot - {}
RESULT: {"using":"xpath","value":"//span[contains(text(), \"Euro\")]"}
COMMAND: POST /session/0a56c8b3fe23980ff89a5571a3a07e32/element/f.8BC31031A8A77F81AA6DDAE562E569BF.d.1CABE3EAA4F095580C25B0D28CEAD948.e.11041/click - {}
RESULT: {}
RESULT: {}
COMMAND: POST /session/0a56c8b3fe23980ff89a5571a3a07e32/element - {"using":"xpath","value":"//button[@data-kt=\"saveButton\"]"}
COMMAND: GET /session/0a56c8b3fe23980ff89a5571a3a07e32/screenshot - {}
RESULT: {"using":"xpath","value":"//button[@data-kt=\"saveButton\"]"}
COMMAND: POST /session/0a56c8b3fe23980ff89a5571a3a07e32/element/f.8BC31031A8A77F81AA6DDAE562E569BF.d.1CABE3EAA4F095580C25B0D28CEAD948.e.10969/click - {}
RESULT: {}
RESULT: {}
COMMAND: GET /session/0a56c8b3fe23980ff89a5571a3a07e32/screenshot - {}
RESULT: {}
RESULT: undefined
COMMAND: POST /session/0a56c8b3fe23980ff89a5571a3a07e32/execute/async - {"script":"<script> [776 bytes]","args":[{"enterText":"9NZan7qOSP","selector":{"id":"application-manageconditionprice-display-component---conditions--smartFilterBar-btnBasicSearch","interaction":{"idSuffix":"I"}},"clearTextFirst":true,"interactionType":"ENTER_TEXT"}]}
RESULT: {"script":"<script> [776 bytes]","args":[{"enterText":"9NZan7qOSP","selector":{"id":"application-manageconditionprice-display-component---conditions--smartFilterBar-btnBasicSearch","interaction":{"idSuffix":"I"}},"clearTextFirst":true,"interactionType":"ENTER_TEXT"}]}
COMMAND: POST /session/0a56c8b3fe23980ff89a5571a3a07e32/actions - {"actions":[{"id":"action40","type":"key","parameters":{},"actions":[{"type":"keyDown","value":""},{"type":"pause","duration":10},{"type":"keyUp","value":""}]}]}
RESULT: {"actions":[{"id":"action40","type":"key","parameters":{},"actions":[{"type":"keyDown","value":""},{"type":"pause","duration":10},{"type":"keyUp","value":""}]}]}
COMMAND: GET /session/0a56c8b3fe23980ff89a5571a3a07e32/screenshot - {}
RESULT: {}
RESULT: undefined
COMMAND: POST /session/0a56c8b3fe23980ff89a5571a3a07e32/element - {"using":"xpath","value":"//*[@id=\"application-manageconditionprice-display-component---conditions--smartFilterBar-filterItemControl_BASIC-BILL_TYPES-vhi\"]"}
RESULT: {"using":"xpath","value":"//*[@id=\"application-manageconditionprice-display-component---conditions--smartFilterBar-filterItemControl_BASIC-BILL_TYPES-vhi\"]"}
COMMAND: POST /session/0a56c8b3fe23980ff89a5571a3a07e32/element/f.8BC31031A8A77F81AA6DDAE562E569BF.d.1CABE3EAA4F095580C25B0D28CEAD948.e.11290/click - {}
RESULT: {}
RESULT: undefined
COMMAND: POST /session/0a56c8b3fe23980ff89a5571a3a07e32/execute/async - {"script":"<script> [776 bytes]","args":[{"enterText":"PB","selector":{"id":"application-manageconditionprice-display-component---conditions--smartFilterBar-filterItemControl_BASIC-BILL_TYPES-valueHelpDialog-smartFilterBar-btnBasicSearch","searchOpenDialogs":true,"interaction":{"idSuffix":"I"}},"clearTextFirst":true,"interactionType":"ENTER_TEXT"}]}
COMMAND: GET /session/0a56c8b3fe23980ff89a5571a3a07e32/screenshot - {}
RESULT: {"script":"<script> [776 bytes]","args":[{"enterText":"PB","selector":{"id":"application-manageconditionprice-display-component---conditions--smartFilterBar-filterItemControl_BASIC-BILL_TYPES-valueHelpDialog-smartFilterBar-btnBasicSearch","searchOpenDialogs":true,"interaction":{"idSuffix":"I"}},"clearTextFirst":true,"interactionType":"ENTER_TEXT"}]}
COMMAND: POST /session/0a56c8b3fe23980ff89a5571a3a07e32/actions - {"actions":[{"id":"action41","type":"key","parameters":{},"actions":[{"type":"keyDown","value":""},{"type":"pause","duration":10},{"type":"keyUp","value":""}]}]}
RESULT: {}
RESULT: {"actions":[{"id":"action41","type":"key","parameters":{},"actions":[{"type":"keyDown","value":""},{"type":"pause","duration":10},{"type":"keyUp","value":""}]}]}
COMMAND: GET /session/0a56c8b3fe23980ff89a5571a3a07e32/screenshot - {}
RESULT: {}
COMMAND: POST /session/0a56c8b3fe23980ff89a5571a3a07e32/element - {"using":"xpath","value":"//div[contains(@id, 'application-manageconditionprice-display-component---conditions--smartFilterBar-filterItemControl_BASIC-BILL_TYPES-valueHelpDialog-table-rowsel0')]"}
RESULT: {"using":"xpath","value":"//div[contains(@id, 'application-manageconditionprice-display-component---conditions--smartFilterBar-filterItemControl_BASIC-BILL_TYPES-valueHelpDialog-table-rowsel0')]"}
COMMAND: POST /session/0a56c8b3fe23980ff89a5571a3a07e32/element/f.8BC31031A8A77F81AA6DDAE562E569BF.d.1CABE3EAA4F095580C25B0D28CEAD948.e.11297/click - {}
RESULT: {}
COMMAND: GET /session/0a56c8b3fe23980ff89a5571a3a07e32/screenshot - {}
RESULT: {}
COMMAND: POST /session/0a56c8b3fe23980ff89a5571a3a07e32/element - {"using":"xpath","value":"//bdi[contains(text(), \"OK\")]"}
RESULT: {"using":"xpath","value":"//bdi[contains(text(), \"OK\")]"}
COMMAND: POST /session/0a56c8b3fe23980ff89a5571a3a07e32/element/f.8BC31031A8A77F81AA6DDAE562E569BF.d.1CABE3EAA4F095580C25B0D28CEAD948.e.11299/click - {}
RESULT: {}
COMMAND: GET /session/0a56c8b3fe23980ff89a5571a3a07e32/screenshot - {}
RESULT: {}
COMMAND: POST /session/0a56c8b3fe23980ff89a5571a3a07e32/element - {"using":"xpath","value":"//span[@id=\"application-manageconditionprice-display-component---conditions--smartTable-header-inner\"]"}
RESULT: {"using":"xpath","value":"//span[@id=\"application-manageconditionprice-display-component---conditions--smartTable-header-inner\"]"}
COMMAND: POST /session/0a56c8b3fe23980ff89a5571a3a07e32/elements - {"using":"xpath","value":"//span[@id=\"application-manageconditionprice-display-component---conditions--smartTable-header-inner\"]"}
RESULT: {"using":"xpath","value":"//span[@id=\"application-manageconditionprice-display-component---conditions--smartTable-header-inner\"]"}
COMMAND: POST /session/0a56c8b3fe23980ff89a5571a3a07e32/execute/sync - {"script":"<script> [56 bytes]","args":[{"element-6066-11e4-a52e-4f735466cecf":"f.8BC31031A8A77F81AA6DDAE562E569BF.d.1CABE3EAA4F095580C25B0D28CEAD948.e.11303","ELEMENT":"f.8BC31031A8A77F81AA6DDAE562E569BF.d.1CABE3EAA4F095580C25B0D28CEAD948.e.11303"}]}
RESULT: {"script":"<script> [56 bytes]","args":[{"element-6066-11e4-a52e-4f735466cecf":"f.8BC31031A8A77F81AA6DDAE562E569BF.d.1CABE3EAA4F095580C25B0D28CEAD948.e.11303","ELEMENT":"f.8BC31031A8A77F81AA6DDAE562E569BF.d.1CABE3EAA4F095580C25B0D28CEAD948.e.11303"}]}
COMMAND: POST /session/0a56c8b3fe23980ff89a5571a3a07e32/element - {"using":"css selector","value":"#shell-header-logo"}
COMMAND: GET /session/0a56c8b3fe23980ff89a5571a3a07e32/screenshot - {}
RESULT: {"using":"css selector","value":"#shell-header-logo"}
COMMAND: POST /session/0a56c8b3fe23980ff89a5571a3a07e32/element/f.8BC31031A8A77F81AA6DDAE562E569BF.d.1CABE3EAA4F095580C25B0D28CEAD948.e.10462/click - {}
RESULT: {}
RESULT: {}
COMMAND: GET /session/0a56c8b3fe23980ff89a5571a3a07e32/screenshot - {}
RESULT: {}
]]></system-out>
    </testcase>
    <testcase classname="chrome.136_0_7103_93.windows.Create_master_data_for_mixed_billing_&amp;_do_billing_calculation_US151661" name="Should add time based condition" time="83.64">
      <system-out><![CDATA[
RESULT: undefined
COMMAND: POST /session/0a56c8b3fe23980ff89a5571a3a07e32/element - {"using":"xpath","value":"//*[@id=\"__tile93\"]"}
RESULT: {"using":"xpath","value":"//*[@id=\"__tile93\"]"}
COMMAND: POST /session/0a56c8b3fe23980ff89a5571a3a07e32/element/f.8BC31031A8A77F81AA6DDAE562E569BF.d.1CABE3EAA4F095580C25B0D28CEAD948.e.9157/click - {}
RESULT: {}
COMMAND: GET /session/0a56c8b3fe23980ff89a5571a3a07e32/screenshot - {}
RESULT: {}
COMMAND: POST /session/0a56c8b3fe23980ff89a5571a3a07e32/elements - {"using":"xpath","value":"//span[text()='Error']"}
RESULT: {"using":"xpath","value":"//span[text()='Error']"}
COMMAND: POST /session/0a56c8b3fe23980ff89a5571a3a07e32/element - {"using":"xpath","value":"//button[@aria-label=\"Create\"]"}
RESULT: {"using":"xpath","value":"//button[@aria-label=\"Create\"]"}
COMMAND: POST /session/0a56c8b3fe23980ff89a5571a3a07e32/elements - {"using":"xpath","value":"//button[@aria-label=\"Create\"]"}
RESULT: {"using":"xpath","value":"//button[@aria-label=\"Create\"]"}
COMMAND: POST /session/0a56c8b3fe23980ff89a5571a3a07e32/execute/sync - {"script":"<script> [8489 bytes]","args":[{"element-6066-11e4-a52e-4f735466cecf":"f.8BC31031A8A77F81AA6DDAE562E569BF.d.1CABE3EAA4F095580C25B0D28CEAD948.e.11343","ELEMENT":"f.8BC31031A8A77F81AA6DDAE562E569BF.d.1CABE3EAA4F095580C25B0D28CEAD948.e.11343"}]}
RESULT: {"script":"<script> [8489 bytes]","args":[{"element-6066-11e4-a52e-4f735466cecf":"f.8BC31031A8A77F81AA6DDAE562E569BF.d.1CABE3EAA4F095580C25B0D28CEAD948.e.11343","ELEMENT":"f.8BC31031A8A77F81AA6DDAE562E569BF.d.1CABE3EAA4F095580C25B0D28CEAD948.e.11343"}]}
COMMAND: GET /session/0a56c8b3fe23980ff89a5571a3a07e32/element/f.8BC31031A8A77F81AA6DDAE562E569BF.d.1CABE3EAA4F095580C25B0D28CEAD948.e.11343/enabled - {}
COMMAND: GET /session/0a56c8b3fe23980ff89a5571a3a07e32/screenshot - {}
RESULT: {}
COMMAND: POST /session/0a56c8b3fe23980ff89a5571a3a07e32/execute/sync - {"script":"<script> [8489 bytes]","args":[{"element-6066-11e4-a52e-4f735466cecf":"f.8BC31031A8A77F81AA6DDAE562E569BF.d.1CABE3EAA4F095580C25B0D28CEAD948.e.11343","ELEMENT":"f.8BC31031A8A77F81AA6DDAE562E569BF.d.1CABE3EAA4F095580C25B0D28CEAD948.e.11343"}]}
COMMAND: GET /session/0a56c8b3fe23980ff89a5571a3a07e32/screenshot - {}
RESULT: {}
RESULT: {"script":"<script> [8489 bytes]","args":[{"element-6066-11e4-a52e-4f735466cecf":"f.8BC31031A8A77F81AA6DDAE562E569BF.d.1CABE3EAA4F095580C25B0D28CEAD948.e.11343","ELEMENT":"f.8BC31031A8A77F81AA6DDAE562E569BF.d.1CABE3EAA4F095580C25B0D28CEAD948.e.11343"}]}
COMMAND: POST /session/0a56c8b3fe23980ff89a5571a3a07e32/execute/sync - {"script":"<script> [5351 bytes]","args":[{"element-6066-11e4-a52e-4f735466cecf":"f.8BC31031A8A77F81AA6DDAE562E569BF.d.1CABE3EAA4F095580C25B0D28CEAD948.e.11343","ELEMENT":"f.8BC31031A8A77F81AA6DDAE562E569BF.d.1CABE3EAA4F095580C25B0D28CEAD948.e.11343"}]}
COMMAND: GET /session/0a56c8b3fe23980ff89a5571a3a07e32/screenshot - {}
RESULT: {}
RESULT: {"script":"<script> [5351 bytes]","args":[{"element-6066-11e4-a52e-4f735466cecf":"f.8BC31031A8A77F81AA6DDAE562E569BF.d.1CABE3EAA4F095580C25B0D28CEAD948.e.11343","ELEMENT":"f.8BC31031A8A77F81AA6DDAE562E569BF.d.1CABE3EAA4F095580C25B0D28CEAD948.e.11343"}]}
COMMAND: POST /session/0a56c8b3fe23980ff89a5571a3a07e32/element/f.8BC31031A8A77F81AA6DDAE562E569BF.d.1CABE3EAA4F095580C25B0D28CEAD948.e.11343/click - {}
COMMAND: GET /session/0a56c8b3fe23980ff89a5571a3a07e32/screenshot - {}
RESULT: {}
RESULT: {}
COMMAND: GET /session/0a56c8b3fe23980ff89a5571a3a07e32/screenshot - {}
RESULT: {}
RESULT: {}
COMMAND: POST /session/0a56c8b3fe23980ff89a5571a3a07e32/actions - {"actions":[{"id":"action42","type":"key","parameters":{},"actions":[{"type":"keyDown","value":""},{"type":"pause","duration":10},{"type":"keyUp","value":""}]}]}
RESULT: {"actions":[{"id":"action42","type":"key","parameters":{},"actions":[{"type":"keyDown","value":""},{"type":"pause","duration":10},{"type":"keyUp","value":""}]}]}
COMMAND: GET /session/0a56c8b3fe23980ff89a5571a3a07e32/screenshot - {}
RESULT: undefined
COMMAND: POST /session/0a56c8b3fe23980ff89a5571a3a07e32/element - {"using":"xpath","value":"//*[@id=\"application-manageconditionprice-display-component---newCondition--condBillCond-arrow\"]"}
RESULT: {}
RESULT: {"using":"xpath","value":"//*[@id=\"application-manageconditionprice-display-component---newCondition--condBillCond-arrow\"]"}
COMMAND: POST /session/0a56c8b3fe23980ff89a5571a3a07e32/element/f.8BC31031A8A77F81AA6DDAE562E569BF.d.1CABE3EAA4F095580C25B0D28CEAD948.e.11816/click - {}
RESULT: {}
COMMAND: GET /session/0a56c8b3fe23980ff89a5571a3a07e32/screenshot - {}
RESULT: {}
COMMAND: POST /session/0a56c8b3fe23980ff89a5571a3a07e32/element - {"using":"xpath","value":"//li[.//span[contains(text(), \"DISP - D&I special price\")]]"}
RESULT: {"using":"xpath","value":"//li[.//span[contains(text(), \"DISP - D&I special price\")]]"}
COMMAND: POST /session/0a56c8b3fe23980ff89a5571a3a07e32/element/f.8BC31031A8A77F81AA6DDAE562E569BF.d.1CABE3EAA4F095580C25B0D28CEAD948.e.11819/click - {}
RESULT: {}
COMMAND: GET /session/0a56c8b3fe23980ff89a5571a3a07e32/screenshot - {}
RESULT: {}
RESULT: undefined
COMMAND: POST /session/0a56c8b3fe23980ff89a5571a3a07e32/execute/async - {"script":"<script> [776 bytes]","args":[{"enterText":"1/26/26","selector":{"id":"application-manageconditionprice-display-component---newCondition--condValidTo","interaction":{"idSuffix":"inner"}},"clearTextFirst":true,"interactionType":"ENTER_TEXT"}]}
RESULT: {"script":"<script> [776 bytes]","args":[{"enterText":"1/26/26","selector":{"id":"application-manageconditionprice-display-component---newCondition--condValidTo","interaction":{"idSuffix":"inner"}},"clearTextFirst":true,"interactionType":"ENTER_TEXT"}]}
COMMAND: POST /session/0a56c8b3fe23980ff89a5571a3a07e32/element - {"using":"xpath","value":"//input[@id=\"application-manageconditionprice-display-component---newCondition--condRU-inner\"]"}
RESULT: {"using":"xpath","value":"//input[@id=\"application-manageconditionprice-display-component---newCondition--condRU-inner\"]"}
COMMAND: POST /session/0a56c8b3fe23980ff89a5571a3a07e32/element/f.8BC31031A8A77F81AA6DDAE562E569BF.d.1CABE3EAA4F095580C25B0D28CEAD948.e.11542/clear - {}
RESULT: {}
COMMAND: POST /session/0a56c8b3fe23980ff89a5571a3a07e32/element/f.8BC31031A8A77F81AA6DDAE562E569BF.d.1CABE3EAA4F095580C25B0D28CEAD948.e.11542/value - {"text":"9NZan7qOSP"}
COMMAND: GET /session/0a56c8b3fe23980ff89a5571a3a07e32/screenshot - {}
RESULT: {"text":"9NZan7qOSP"}
COMMAND: GET /session/0a56c8b3fe23980ff89a5571a3a07e32/screenshot - {}
RESULT: {}
RESULT: {}
COMMAND: POST /session/0a56c8b3fe23980ff89a5571a3a07e32/actions - {"actions":[{"id":"action43","type":"key","parameters":{},"actions":[{"type":"keyDown","value":""},{"type":"pause","duration":10},{"type":"keyUp","value":""}]}]}
RESULT: {"actions":[{"id":"action43","type":"key","parameters":{},"actions":[{"type":"keyDown","value":""},{"type":"pause","duration":10},{"type":"keyUp","value":""}]}]}
RESULT: undefined
COMMAND: POST /session/0a56c8b3fe23980ff89a5571a3a07e32/execute/async - {"script":"<script> [776 bytes]","args":[{"enterText":"1","selector":{"id":"application-manageconditionprice-display-component---newCondition--condBaseQty","interaction":{"idSuffix":"inner"}},"clearTextFirst":true,"interactionType":"ENTER_TEXT"}]}
COMMAND: GET /session/0a56c8b3fe23980ff89a5571a3a07e32/screenshot - {}
RESULT: {"script":"<script> [776 bytes]","args":[{"enterText":"1","selector":{"id":"application-manageconditionprice-display-component---newCondition--condBaseQty","interaction":{"idSuffix":"inner"}},"clearTextFirst":true,"interactionType":"ENTER_TEXT"}]}
RESULT: undefined
COMMAND: POST /session/0a56c8b3fe23980ff89a5571a3a07e32/execute/async - {"script":"<script> [776 bytes]","args":[{"enterText":"100","selector":{"id":"application-manageconditionprice-display-component---newCondition--condValue","interaction":{"idSuffix":"inner"}},"clearTextFirst":true,"interactionType":"ENTER_TEXT"}]}
RESULT: {}
RESULT: {"script":"<script> [776 bytes]","args":[{"enterText":"100","selector":{"id":"application-manageconditionprice-display-component---newCondition--condValue","interaction":{"idSuffix":"inner"}},"clearTextFirst":true,"interactionType":"ENTER_TEXT"}]}
RESULT: undefined
COMMAND: POST /session/0a56c8b3fe23980ff89a5571a3a07e32/element - {"using":"xpath","value":"//*[@id=\"application-manageconditionprice-display-component---newCondition--condCurr-arrow\"]"}
RESULT: {"using":"xpath","value":"//*[@id=\"application-manageconditionprice-display-component---newCondition--condCurr-arrow\"]"}
COMMAND: POST /session/0a56c8b3fe23980ff89a5571a3a07e32/element/f.8BC31031A8A77F81AA6DDAE562E569BF.d.1CABE3EAA4F095580C25B0D28CEAD948.e.11763/click - {}
RESULT: {}
COMMAND: POST /session/0a56c8b3fe23980ff89a5571a3a07e32/element - {"using":"xpath","value":"//span[contains(text(), \"Euro\")]"}
COMMAND: GET /session/0a56c8b3fe23980ff89a5571a3a07e32/screenshot - {}
RESULT: {"using":"xpath","value":"//span[contains(text(), \"Euro\")]"}
COMMAND: POST /session/0a56c8b3fe23980ff89a5571a3a07e32/element/f.8BC31031A8A77F81AA6DDAE562E569BF.d.1CABE3EAA4F095580C25B0D28CEAD948.e.11854/click - {}
RESULT: {}
RESULT: {}
COMMAND: POST /session/0a56c8b3fe23980ff89a5571a3a07e32/element - {"using":"xpath","value":"//button[@data-kt=\"saveButton\"]"}
COMMAND: GET /session/0a56c8b3fe23980ff89a5571a3a07e32/screenshot - {}
RESULT: {"using":"xpath","value":"//button[@data-kt=\"saveButton\"]"}
COMMAND: POST /session/0a56c8b3fe23980ff89a5571a3a07e32/element/f.8BC31031A8A77F81AA6DDAE562E569BF.d.1CABE3EAA4F095580C25B0D28CEAD948.e.11764/click - {}
RESULT: {}
RESULT: {}
COMMAND: GET /session/0a56c8b3fe23980ff89a5571a3a07e32/screenshot - {}
RESULT: {}
RESULT: undefined
COMMAND: POST /session/0a56c8b3fe23980ff89a5571a3a07e32/execute/async - {"script":"<script> [776 bytes]","args":[{"enterText":"9NZan7qOSP","selector":{"id":"application-manageconditionprice-display-component---conditions--smartFilterBar-btnBasicSearch","interaction":{"idSuffix":"I"}},"clearTextFirst":true,"interactionType":"ENTER_TEXT"}]}
RESULT: {"script":"<script> [776 bytes]","args":[{"enterText":"9NZan7qOSP","selector":{"id":"application-manageconditionprice-display-component---conditions--smartFilterBar-btnBasicSearch","interaction":{"idSuffix":"I"}},"clearTextFirst":true,"interactionType":"ENTER_TEXT"}]}
COMMAND: POST /session/0a56c8b3fe23980ff89a5571a3a07e32/actions - {"actions":[{"id":"action44","type":"key","parameters":{},"actions":[{"type":"keyDown","value":""},{"type":"pause","duration":10},{"type":"keyUp","value":""}]}]}
RESULT: {"actions":[{"id":"action44","type":"key","parameters":{},"actions":[{"type":"keyDown","value":""},{"type":"pause","duration":10},{"type":"keyUp","value":""}]}]}
COMMAND: GET /session/0a56c8b3fe23980ff89a5571a3a07e32/screenshot - {}
RESULT: {}
RESULT: undefined
COMMAND: POST /session/0a56c8b3fe23980ff89a5571a3a07e32/element - {"using":"xpath","value":"//*[@id=\"application-manageconditionprice-display-component---conditions--smartFilterBar-filterItemControl_BASIC-BILL_TYPES-vhi\"]"}
RESULT: {"using":"xpath","value":"//*[@id=\"application-manageconditionprice-display-component---conditions--smartFilterBar-filterItemControl_BASIC-BILL_TYPES-vhi\"]"}
COMMAND: POST /session/0a56c8b3fe23980ff89a5571a3a07e32/element/f.8BC31031A8A77F81AA6DDAE562E569BF.d.1CABE3EAA4F095580C25B0D28CEAD948.e.12080/click - {}
RESULT: {}
RESULT: undefined
COMMAND: POST /session/0a56c8b3fe23980ff89a5571a3a07e32/execute/async - {"script":"<script> [776 bytes]","args":[{"enterText":"TB","selector":{"id":"application-manageconditionprice-display-component---conditions--smartFilterBar-filterItemControl_BASIC-BILL_TYPES-valueHelpDialog-smartFilterBar-btnBasicSearch","searchOpenDialogs":true,"interaction":{"idSuffix":"I"}},"clearTextFirst":true,"interactionType":"ENTER_TEXT"}]}
COMMAND: GET /session/0a56c8b3fe23980ff89a5571a3a07e32/screenshot - {}
RESULT: {"script":"<script> [776 bytes]","args":[{"enterText":"TB","selector":{"id":"application-manageconditionprice-display-component---conditions--smartFilterBar-filterItemControl_BASIC-BILL_TYPES-valueHelpDialog-smartFilterBar-btnBasicSearch","searchOpenDialogs":true,"interaction":{"idSuffix":"I"}},"clearTextFirst":true,"interactionType":"ENTER_TEXT"}]}
COMMAND: POST /session/0a56c8b3fe23980ff89a5571a3a07e32/actions - {"actions":[{"id":"action45","type":"key","parameters":{},"actions":[{"type":"keyDown","value":""},{"type":"pause","duration":10},{"type":"keyUp","value":""}]}]}
RESULT: {}
RESULT: {"actions":[{"id":"action45","type":"key","parameters":{},"actions":[{"type":"keyDown","value":""},{"type":"pause","duration":10},{"type":"keyUp","value":""}]}]}
COMMAND: GET /session/0a56c8b3fe23980ff89a5571a3a07e32/screenshot - {}
RESULT: {}
COMMAND: POST /session/0a56c8b3fe23980ff89a5571a3a07e32/element - {"using":"xpath","value":"//div[contains(@id, 'application-manageconditionprice-display-component---conditions--smartFilterBar-filterItemControl_BASIC-BILL_TYPES-valueHelpDialog-table-rowsel0')]"}
RESULT: {"using":"xpath","value":"//div[contains(@id, 'application-manageconditionprice-display-component---conditions--smartFilterBar-filterItemControl_BASIC-BILL_TYPES-valueHelpDialog-table-rowsel0')]"}
COMMAND: POST /session/0a56c8b3fe23980ff89a5571a3a07e32/element/f.8BC31031A8A77F81AA6DDAE562E569BF.d.1CABE3EAA4F095580C25B0D28CEAD948.e.12089/click - {}
RESULT: {}
COMMAND: GET /session/0a56c8b3fe23980ff89a5571a3a07e32/screenshot - {}
RESULT: {}
COMMAND: POST /session/0a56c8b3fe23980ff89a5571a3a07e32/element - {"using":"xpath","value":"//bdi[contains(text(), \"OK\")]"}
RESULT: {"using":"xpath","value":"//bdi[contains(text(), \"OK\")]"}
COMMAND: POST /session/0a56c8b3fe23980ff89a5571a3a07e32/element/f.8BC31031A8A77F81AA6DDAE562E569BF.d.1CABE3EAA4F095580C25B0D28CEAD948.e.12091/click - {}
RESULT: {}
COMMAND: GET /session/0a56c8b3fe23980ff89a5571a3a07e32/screenshot - {}
RESULT: {}
COMMAND: POST /session/0a56c8b3fe23980ff89a5571a3a07e32/element - {"using":"xpath","value":"//span[@id=\"application-manageconditionprice-display-component---conditions--smartTable-header-inner\"]"}
RESULT: {"using":"xpath","value":"//span[@id=\"application-manageconditionprice-display-component---conditions--smartTable-header-inner\"]"}
COMMAND: POST /session/0a56c8b3fe23980ff89a5571a3a07e32/elements - {"using":"xpath","value":"//span[@id=\"application-manageconditionprice-display-component---conditions--smartTable-header-inner\"]"}
RESULT: {"using":"xpath","value":"//span[@id=\"application-manageconditionprice-display-component---conditions--smartTable-header-inner\"]"}
COMMAND: POST /session/0a56c8b3fe23980ff89a5571a3a07e32/execute/sync - {"script":"<script> [56 bytes]","args":[{"element-6066-11e4-a52e-4f735466cecf":"f.8BC31031A8A77F81AA6DDAE562E569BF.d.1CABE3EAA4F095580C25B0D28CEAD948.e.12127","ELEMENT":"f.8BC31031A8A77F81AA6DDAE562E569BF.d.1CABE3EAA4F095580C25B0D28CEAD948.e.12127"}]}
RESULT: {"script":"<script> [56 bytes]","args":[{"element-6066-11e4-a52e-4f735466cecf":"f.8BC31031A8A77F81AA6DDAE562E569BF.d.1CABE3EAA4F095580C25B0D28CEAD948.e.12127","ELEMENT":"f.8BC31031A8A77F81AA6DDAE562E569BF.d.1CABE3EAA4F095580C25B0D28CEAD948.e.12127"}]}
COMMAND: POST /session/0a56c8b3fe23980ff89a5571a3a07e32/element - {"using":"css selector","value":"#shell-header-logo"}
COMMAND: GET /session/0a56c8b3fe23980ff89a5571a3a07e32/screenshot - {}
RESULT: {"using":"css selector","value":"#shell-header-logo"}
COMMAND: POST /session/0a56c8b3fe23980ff89a5571a3a07e32/element/f.8BC31031A8A77F81AA6DDAE562E569BF.d.1CABE3EAA4F095580C25B0D28CEAD948.e.11308/click - {}
RESULT: {}
RESULT: {}
COMMAND: GET /session/0a56c8b3fe23980ff89a5571a3a07e32/screenshot - {}
RESULT: {}
]]></system-out>
    </testcase>
    <testcase classname="chrome.136_0_7103_93.windows.Create_master_data_for_mixed_billing_&amp;_do_billing_calculation_US151661" name="Should do a stock increase handover" time="102.048">
      <system-out><![CDATA[
COMMAND: POST /session/0a56c8b3fe23980ff89a5571a3a07e32/execute/async - {"script":"<script> [1562 bytes]","args":[{"selector":{"controlType":"sap.m.GenericTile","properties":{"header":"Manage Handovers"}},"wdio_ui5_key":"sapm.GenericTile{\"header\":\"Manage Handovers\"}"}]}
RESULT: {"script":"<script> [1562 bytes]","args":[{"selector":{"controlType":"sap.m.GenericTile","properties":{"header":"Manage Handovers"}},"wdio_ui5_key":"sapm.GenericTile{\"header\":\"Manage Handovers\"}"}]}
RESULT: undefined
COMMAND: POST /session/0a56c8b3fe23980ff89a5571a3a07e32/element - {"using":"xpath","value":"//*[@id=\"__tile132\"]"}
RESULT: {"using":"xpath","value":"//*[@id=\"__tile132\"]"}
COMMAND: POST /session/0a56c8b3fe23980ff89a5571a3a07e32/element/f.8BC31031A8A77F81AA6DDAE562E569BF.d.1CABE3EAA4F095580C25B0D28CEAD948.e.9121/click - {}
RESULT: {}
COMMAND: GET /session/0a56c8b3fe23980ff89a5571a3a07e32/screenshot - {}
COMMAND: POST /session/0a56c8b3fe23980ff89a5571a3a07e32/elements - {"using":"xpath","value":"//span[text()='Error']"}
RESULT: {}
RESULT: {"using":"xpath","value":"//span[text()='Error']"}
COMMAND: POST /session/0a56c8b3fe23980ff89a5571a3a07e32/element - {"using":"xpath","value":"//button[@data-kt=\"masterHOAddButton\"]"}
RESULT: {"using":"xpath","value":"//button[@data-kt=\"masterHOAddButton\"]"}
COMMAND: POST /session/0a56c8b3fe23980ff89a5571a3a07e32/elements - {"using":"xpath","value":"//button[@data-kt=\"masterHOAddButton\"]"}
RESULT: {"using":"xpath","value":"//button[@data-kt=\"masterHOAddButton\"]"}
COMMAND: POST /session/0a56c8b3fe23980ff89a5571a3a07e32/elements - {"using":"xpath","value":"//button[@data-kt=\"masterHOAddButton\"]"}
RESULT: {"using":"xpath","value":"//button[@data-kt=\"masterHOAddButton\"]"}
COMMAND: POST /session/0a56c8b3fe23980ff89a5571a3a07e32/element - {"using":"xpath","value":"//button[@data-kt=\"masterHOAddButton\"]"}
RESULT: {"using":"xpath","value":"//button[@data-kt=\"masterHOAddButton\"]"}
COMMAND: POST /session/0a56c8b3fe23980ff89a5571a3a07e32/execute/sync - {"script":"<script> [8489 bytes]","args":[{"element-6066-11e4-a52e-4f735466cecf":"f.8BC31031A8A77F81AA6DDAE562E569BF.d.1CABE3EAA4F095580C25B0D28CEAD948.e.12160","ELEMENT":"f.8BC31031A8A77F81AA6DDAE562E569BF.d.1CABE3EAA4F095580C25B0D28CEAD948.e.12160"}]}
RESULT: {"script":"<script> [8489 bytes]","args":[{"element-6066-11e4-a52e-4f735466cecf":"f.8BC31031A8A77F81AA6DDAE562E569BF.d.1CABE3EAA4F095580C25B0D28CEAD948.e.12160","ELEMENT":"f.8BC31031A8A77F81AA6DDAE562E569BF.d.1CABE3EAA4F095580C25B0D28CEAD948.e.12160"}]}
COMMAND: GET /session/0a56c8b3fe23980ff89a5571a3a07e32/element/f.8BC31031A8A77F81AA6DDAE562E569BF.d.1CABE3EAA4F095580C25B0D28CEAD948.e.12160/enabled - {}
COMMAND: GET /session/0a56c8b3fe23980ff89a5571a3a07e32/screenshot - {}
RESULT: {}
COMMAND: POST /session/0a56c8b3fe23980ff89a5571a3a07e32/execute/sync - {"script":"<script> [8489 bytes]","args":[{"element-6066-11e4-a52e-4f735466cecf":"f.8BC31031A8A77F81AA6DDAE562E569BF.d.1CABE3EAA4F095580C25B0D28CEAD948.e.12160","ELEMENT":"f.8BC31031A8A77F81AA6DDAE562E569BF.d.1CABE3EAA4F095580C25B0D28CEAD948.e.12160"}]}
COMMAND: GET /session/0a56c8b3fe23980ff89a5571a3a07e32/screenshot - {}
RESULT: {}
RESULT: {"script":"<script> [8489 bytes]","args":[{"element-6066-11e4-a52e-4f735466cecf":"f.8BC31031A8A77F81AA6DDAE562E569BF.d.1CABE3EAA4F095580C25B0D28CEAD948.e.12160","ELEMENT":"f.8BC31031A8A77F81AA6DDAE562E569BF.d.1CABE3EAA4F095580C25B0D28CEAD948.e.12160"}]}
COMMAND: POST /session/0a56c8b3fe23980ff89a5571a3a07e32/execute/sync - {"script":"<script> [5351 bytes]","args":[{"element-6066-11e4-a52e-4f735466cecf":"f.8BC31031A8A77F81AA6DDAE562E569BF.d.1CABE3EAA4F095580C25B0D28CEAD948.e.12160","ELEMENT":"f.8BC31031A8A77F81AA6DDAE562E569BF.d.1CABE3EAA4F095580C25B0D28CEAD948.e.12160"}]}
COMMAND: GET /session/0a56c8b3fe23980ff89a5571a3a07e32/screenshot - {}
RESULT: {}
RESULT: {"script":"<script> [5351 bytes]","args":[{"element-6066-11e4-a52e-4f735466cecf":"f.8BC31031A8A77F81AA6DDAE562E569BF.d.1CABE3EAA4F095580C25B0D28CEAD948.e.12160","ELEMENT":"f.8BC31031A8A77F81AA6DDAE562E569BF.d.1CABE3EAA4F095580C25B0D28CEAD948.e.12160"}]}
COMMAND: POST /session/0a56c8b3fe23980ff89a5571a3a07e32/element/f.8BC31031A8A77F81AA6DDAE562E569BF.d.1CABE3EAA4F095580C25B0D28CEAD948.e.12160/click - {}
COMMAND: GET /session/0a56c8b3fe23980ff89a5571a3a07e32/screenshot - {}
RESULT: {}
RESULT: {}
COMMAND: GET /session/0a56c8b3fe23980ff89a5571a3a07e32/screenshot - {}
COMMAND: POST /session/0a56c8b3fe23980ff89a5571a3a07e32/element - {"using":"xpath","value":"//span[contains(@id ,\"AddNewHO--typeSelect-arrow\")]"}
RESULT: {}
RESULT: {}
RESULT: {"using":"xpath","value":"//span[contains(@id ,\"AddNewHO--typeSelect-arrow\")]"}
COMMAND: POST /session/0a56c8b3fe23980ff89a5571a3a07e32/element/f.8BC31031A8A77F81AA6DDAE562E569BF.d.1CABE3EAA4F095580C25B0D28CEAD948.e.12507/click - {}
RESULT: {}
COMMAND: GET /session/0a56c8b3fe23980ff89a5571a3a07e32/screenshot - {}
RESULT: {}
COMMAND: POST /session/0a56c8b3fe23980ff89a5571a3a07e32/element - {"using":"xpath","value":"(//li[contains(text(), \"stock increase yard\")])[1]"}
RESULT: {"using":"xpath","value":"(//li[contains(text(), \"stock increase yard\")])[1]"}
COMMAND: POST /session/0a56c8b3fe23980ff89a5571a3a07e32/element/f.8BC31031A8A77F81AA6DDAE562E569BF.d.1CABE3EAA4F095580C25B0D28CEAD948.e.12508/click - {}
RESULT: {}
COMMAND: GET /session/0a56c8b3fe23980ff89a5571a3a07e32/screenshot - {}
RESULT: {}
COMMAND: POST /session/0a56c8b3fe23980ff89a5571a3a07e32/execute/async - {"script":"<script> [1562 bytes]","args":[{"selector":{"id":"application-managehandovers-display-component---AddNewHO--dueDate","interaction":{"idSuffix":"inner"}},"wdio_ui5_key":"applicationmanagehandovers-display-component---AddNewHO--dueDate"}]}
RESULT: {"script":"<script> [1562 bytes]","args":[{"selector":{"id":"application-managehandovers-display-component---AddNewHO--dueDate","interaction":{"idSuffix":"inner"}},"wdio_ui5_key":"applicationmanagehandovers-display-component---AddNewHO--dueDate"}]}
RESULT: undefined
COMMAND: POST /session/0a56c8b3fe23980ff89a5571a3a07e32/execute/async - {"script":"<script> [6424 bytes]","args":[{"element-6066-11e4-a52e-4f735466cecf":"f.8BC31031A8A77F81AA6DDAE562E569BF.d.1CABE3EAA4F095580C25B0D28CEAD948.e.12510"},"setValue",["5/26/25"]]}
RESULT: {"script":"<script> [6424 bytes]","args":[{"element-6066-11e4-a52e-4f735466cecf":"f.8BC31031A8A77F81AA6DDAE562E569BF.d.1CABE3EAA4F095580C25B0D28CEAD948.e.12510"},"setValue",["5/26/25"]]}
COMMAND: POST /session/0a56c8b3fe23980ff89a5571a3a07e32/element - {"using":"xpath","value":"//input[@id=\"generalSectionFrg--receiveYard-inner\"]"}
RESULT: {"using":"xpath","value":"//input[@id=\"generalSectionFrg--receiveYard-inner\"]"}
COMMAND: POST /session/0a56c8b3fe23980ff89a5571a3a07e32/element/f.8BC31031A8A77F81AA6DDAE562E569BF.d.1CABE3EAA4F095580C25B0D28CEAD948.e.12516/clear - {}
RESULT: {}
COMMAND: POST /session/0a56c8b3fe23980ff89a5571a3a07e32/element/f.8BC31031A8A77F81AA6DDAE562E569BF.d.1CABE3EAA4F095580C25B0D28CEAD948.e.12516/value - {"text":"346"}
COMMAND: GET /session/0a56c8b3fe23980ff89a5571a3a07e32/screenshot - {}
RESULT: {"text":"346"}
COMMAND: GET /session/0a56c8b3fe23980ff89a5571a3a07e32/screenshot - {}
RESULT: {}
RESULT: {}
COMMAND: POST /session/0a56c8b3fe23980ff89a5571a3a07e32/element - {"using":"xpath","value":"//li[.//span[text()='346']]"}
RESULT: {"using":"xpath","value":"//li[.//span[text()='346']]"}
COMMAND: POST /session/0a56c8b3fe23980ff89a5571a3a07e32/element/f.8BC31031A8A77F81AA6DDAE562E569BF.d.1CABE3EAA4F095580C25B0D28CEAD948.e.12533/click - {}
RESULT: {}
COMMAND: GET /session/0a56c8b3fe23980ff89a5571a3a07e32/screenshot - {}
RESULT: {}
COMMAND: POST /session/0a56c8b3fe23980ff89a5571a3a07e32/execute/async - {"script":"<script> [1562 bytes]","args":[{"selector":{"id":"application-managehandovers-display-component---AddNewHO--ObjectPageLayout-anchBar-application-managehandovers-display-component---AddNewHO--section4-anchor","interaction":{"idSuffix":"BDI-content"}},"wdio_ui5_key":"applicationmanagehandovers-display-component---AddNewHO--ObjectPageLayout-anchBar-application-managehandovers-display-component---AddNewHO--section4-anchor"}]}
RESULT: {"script":"<script> [1562 bytes]","args":[{"selector":{"id":"application-managehandovers-display-component---AddNewHO--ObjectPageLayout-anchBar-application-managehandovers-display-component---AddNewHO--section4-anchor","interaction":{"idSuffix":"BDI-content"}},"wdio_ui5_key":"applicationmanagehandovers-display-component---AddNewHO--ObjectPageLayout-anchBar-application-managehandovers-display-component---AddNewHO--section4-anchor"}]}
RESULT: undefined
COMMAND: POST /session/0a56c8b3fe23980ff89a5571a3a07e32/element - {"using":"xpath","value":"//*[@id=\"application-managehandovers-display-component---AddNewHO--ObjectPageLayout-anchBar-application-managehandovers-display-component---AddNewHO--section4-anchor\"]"}
RESULT: {"using":"xpath","value":"//*[@id=\"application-managehandovers-display-component---AddNewHO--ObjectPageLayout-anchBar-application-managehandovers-display-component---AddNewHO--section4-anchor\"]"}
COMMAND: POST /session/0a56c8b3fe23980ff89a5571a3a07e32/element/f.8BC31031A8A77F81AA6DDAE562E569BF.d.1CABE3EAA4F095580C25B0D28CEAD948.e.12535/click - {}
RESULT: {}
COMMAND: POST /session/0a56c8b3fe23980ff89a5571a3a07e32/element - {"using":"xpath","value":"//button[@aria-label=\"Add\"]"}
COMMAND: GET /session/0a56c8b3fe23980ff89a5571a3a07e32/screenshot - {}
RESULT: {"using":"xpath","value":"//button[@aria-label=\"Add\"]"}
COMMAND: POST /session/0a56c8b3fe23980ff89a5571a3a07e32/element/f.8BC31031A8A77F81AA6DDAE562E569BF.d.1CABE3EAA4F095580C25B0D28CEAD948.e.12538/click - {}
RESULT: {}
RESULT: {}
COMMAND: GET /session/0a56c8b3fe23980ff89a5571a3a07e32/screenshot - {}
RESULT: {}
COMMAND: POST /session/0a56c8b3fe23980ff89a5571a3a07e32/execute/async - {"script":"<script> [1562 bytes]","args":[{"selector":{"id":"application-managehandovers-display-component---AddNewHO--smartFilterBar-btnBasicSearch","searchOpenDialogs":true,"interaction":{"idSuffix":"I"}},"wdio_ui5_key":"applicationmanagehandovers-display-component---AddNewHO--smartFilterBar-btnBasicSearch"}]}
RESULT: {"script":"<script> [1562 bytes]","args":[{"selector":{"id":"application-managehandovers-display-component---AddNewHO--smartFilterBar-btnBasicSearch","searchOpenDialogs":true,"interaction":{"idSuffix":"I"}},"wdio_ui5_key":"applicationmanagehandovers-display-component---AddNewHO--smartFilterBar-btnBasicSearch"}]}
RESULT: undefined
COMMAND: POST /session/0a56c8b3fe23980ff89a5571a3a07e32/execute/async - {"script":"<script> [776 bytes]","args":[{"enterText":"9NZan7qOSP","selector":{"id":"application-managehandovers-display-component---AddNewHO--smartFilterBar-btnBasicSearch","searchOpenDialogs":true,"interaction":{"idSuffix":"I"}},"clearTextFirst":true,"interactionType":"ENTER_TEXT"}]}
RESULT: {"script":"<script> [776 bytes]","args":[{"enterText":"9NZan7qOSP","selector":{"id":"application-managehandovers-display-component---AddNewHO--smartFilterBar-btnBasicSearch","searchOpenDialogs":true,"interaction":{"idSuffix":"I"}},"clearTextFirst":true,"interactionType":"ENTER_TEXT"}]}
COMMAND: POST /session/0a56c8b3fe23980ff89a5571a3a07e32/actions - {"actions":[{"id":"action46","type":"key","parameters":{},"actions":[{"type":"keyDown","value":""},{"type":"pause","duration":10},{"type":"keyUp","value":""}]}]}
RESULT: {"actions":[{"id":"action46","type":"key","parameters":{},"actions":[{"type":"keyDown","value":""},{"type":"pause","duration":10},{"type":"keyUp","value":""}]}]}
COMMAND: GET /session/0a56c8b3fe23980ff89a5571a3a07e32/screenshot - {}
COMMAND: POST /session/0a56c8b3fe23980ff89a5571a3a07e32/execute/async - {"script":"<script> [1562 bytes]","args":[{"selector":{"id":"application-managehandovers-display-component---AddNewHO--popup-sa","searchOpenDialogs":true,"interaction":{"idSuffix":"CbBg"}},"wdio_ui5_key":"applicationmanagehandovers-display-component---AddNewHO--popup-sa"}]}
RESULT: {}
RESULT: {"script":"<script> [1562 bytes]","args":[{"selector":{"id":"application-managehandovers-display-component---AddNewHO--popup-sa","searchOpenDialogs":true,"interaction":{"idSuffix":"CbBg"}},"wdio_ui5_key":"applicationmanagehandovers-display-component---AddNewHO--popup-sa"}]}
RESULT: undefined
COMMAND: POST /session/0a56c8b3fe23980ff89a5571a3a07e32/element - {"using":"xpath","value":"//*[@id=\"application-managehandovers-display-component---AddNewHO--popup-sa\"]"}
RESULT: {"using":"xpath","value":"//*[@id=\"application-managehandovers-display-component---AddNewHO--popup-sa\"]"}
COMMAND: POST /session/0a56c8b3fe23980ff89a5571a3a07e32/element/f.8BC31031A8A77F81AA6DDAE562E569BF.d.1CABE3EAA4F095580C25B0D28CEAD948.e.12689/click - {}
RESULT: {}
COMMAND: GET /session/0a56c8b3fe23980ff89a5571a3a07e32/screenshot - {}
RESULT: {}
COMMAND: POST /session/0a56c8b3fe23980ff89a5571a3a07e32/element - {"using":"xpath","value":"//bdi[contains(text(), \"Select\")]"}
RESULT: {"using":"xpath","value":"//bdi[contains(text(), \"Select\")]"}
COMMAND: POST /session/0a56c8b3fe23980ff89a5571a3a07e32/element/f.8BC31031A8A77F81AA6DDAE562E569BF.d.1CABE3EAA4F095580C25B0D28CEAD948.e.12690/click - {}
RESULT: {}
COMMAND: GET /session/0a56c8b3fe23980ff89a5571a3a07e32/screenshot - {}
RESULT: {}
COMMAND: POST /session/0a56c8b3fe23980ff89a5571a3a07e32/element - {"using":"xpath","value":"//button[@data-kt=\"AddNewHOSaveButton\"]"}
RESULT: {"using":"xpath","value":"//button[@data-kt=\"AddNewHOSaveButton\"]"}
COMMAND: POST /session/0a56c8b3fe23980ff89a5571a3a07e32/element/f.8BC31031A8A77F81AA6DDAE562E569BF.d.1CABE3EAA4F095580C25B0D28CEAD948.e.12694/click - {}
RESULT: {}
COMMAND: GET /session/0a56c8b3fe23980ff89a5571a3a07e32/screenshot - {}
RESULT: {}
COMMAND: POST /session/0a56c8b3fe23980ff89a5571a3a07e32/execute/async - {"script":"<script> [1562 bytes]","args":[{"selector":{"id":"receiptDatePicker","viewName":"etm.portal.ui.managehandovers.view.DetailExecuteHO","interaction":{"idSuffix":"inner"}},"wdio_ui5_key":"receiptDatePickeretmportal.ui.managehandovers.view.DetailExecuteHO"}]}
RESULT: {"script":"<script> [1562 bytes]","args":[{"selector":{"id":"receiptDatePicker","viewName":"etm.portal.ui.managehandovers.view.DetailExecuteHO","interaction":{"idSuffix":"inner"}},"wdio_ui5_key":"receiptDatePickeretmportal.ui.managehandovers.view.DetailExecuteHO"}]}
RESULT: undefined
COMMAND: POST /session/0a56c8b3fe23980ff89a5571a3a07e32/execute/async - {"script":"<script> [6424 bytes]","args":[{"element-6066-11e4-a52e-4f735466cecf":"f.8BC31031A8A77F81AA6DDAE562E569BF.d.1CABE3EAA4F095580C25B0D28CEAD948.e.12709"},"setValue",["5/26/25"]]}
RESULT: {"script":"<script> [6424 bytes]","args":[{"element-6066-11e4-a52e-4f735466cecf":"f.8BC31031A8A77F81AA6DDAE562E569BF.d.1CABE3EAA4F095580C25B0D28CEAD948.e.12709"},"setValue",["5/26/25"]]}
COMMAND: POST /session/0a56c8b3fe23980ff89a5571a3a07e32/element - {"using":"xpath","value":"//button[@data-kt=\"ReceivingTableConfirmAllButton\"]"}
RESULT: {"using":"xpath","value":"//button[@data-kt=\"ReceivingTableConfirmAllButton\"]"}
COMMAND: POST /session/0a56c8b3fe23980ff89a5571a3a07e32/element/f.8BC31031A8A77F81AA6DDAE562E569BF.d.1CABE3EAA4F095580C25B0D28CEAD948.e.12753/click - {}
RESULT: {}
COMMAND: GET /session/0a56c8b3fe23980ff89a5571a3a07e32/screenshot - {}
RESULT: {}
COMMAND: POST /session/0a56c8b3fe23980ff89a5571a3a07e32/element - {"using":"xpath","value":"//bdi[contains(text(), \"OK\")]"}
RESULT: {"using":"xpath","value":"//bdi[contains(text(), \"OK\")]"}
COMMAND: POST /session/0a56c8b3fe23980ff89a5571a3a07e32/element/f.8BC31031A8A77F81AA6DDAE562E569BF.d.1CABE3EAA4F095580C25B0D28CEAD948.e.12755/click - {}
RESULT: {}
COMMAND: GET /session/0a56c8b3fe23980ff89a5571a3a07e32/screenshot - {}
RESULT: {}
COMMAND: POST /session/0a56c8b3fe23980ff89a5571a3a07e32/element - {"using":"xpath","value":"(//bdi[contains(text(), \"Receive\")])[2]"}
RESULT: {"using":"xpath","value":"(//bdi[contains(text(), \"Receive\")])[2]"}
COMMAND: POST /session/0a56c8b3fe23980ff89a5571a3a07e32/element/f.8BC31031A8A77F81AA6DDAE562E569BF.d.1CABE3EAA4F095580C25B0D28CEAD948.e.12757/click - {}
RESULT: {}
COMMAND: GET /session/0a56c8b3fe23980ff89a5571a3a07e32/screenshot - {}
RESULT: {}
COMMAND: POST /session/0a56c8b3fe23980ff89a5571a3a07e32/element - {"using":"css selector","value":"#shell-header-logo"}
RESULT: {"using":"css selector","value":"#shell-header-logo"}
COMMAND: POST /session/0a56c8b3fe23980ff89a5571a3a07e32/element/f.8BC31031A8A77F81AA6DDAE562E569BF.d.1CABE3EAA4F095580C25B0D28CEAD948.e.12131/click - {}
RESULT: {}
COMMAND: GET /session/0a56c8b3fe23980ff89a5571a3a07e32/screenshot - {}
RESULT: {}
]]></system-out>
    </testcase>
    <testcase classname="chrome.136_0_7103_93.windows.Create_master_data_for_mixed_billing_&amp;_do_billing_calculation_US151661" name="Should create a new contract" time="65.318">
      <system-out><![CDATA[
COMMAND: POST /session/0a56c8b3fe23980ff89a5571a3a07e32/execute/async - {"script":"<script> [1562 bytes]","args":[{"selector":{"controlType":"sap.m.GenericTile","properties":{"header":"Manage Contracts"}},"wdio_ui5_key":"sapm.GenericTile{\"header\":\"Manage Contracts\"}"}]}
RESULT: {"script":"<script> [1562 bytes]","args":[{"selector":{"controlType":"sap.m.GenericTile","properties":{"header":"Manage Contracts"}},"wdio_ui5_key":"sapm.GenericTile{\"header\":\"Manage Contracts\"}"}]}
RESULT: undefined
COMMAND: POST /session/0a56c8b3fe23980ff89a5571a3a07e32/element - {"using":"xpath","value":"//*[@id=\"__tile130\"]"}
RESULT: {"using":"xpath","value":"//*[@id=\"__tile130\"]"}
COMMAND: POST /session/0a56c8b3fe23980ff89a5571a3a07e32/element/f.8BC31031A8A77F81AA6DDAE562E569BF.d.1CABE3EAA4F095580C25B0D28CEAD948.e.9110/click - {}
RESULT: {}
COMMAND: GET /session/0a56c8b3fe23980ff89a5571a3a07e32/screenshot - {}
RESULT: {}
COMMAND: POST /session/0a56c8b3fe23980ff89a5571a3a07e32/elements - {"using":"xpath","value":"//span[text()='Error']"}
RESULT: {"using":"xpath","value":"//span[text()='Error']"}
COMMAND: POST /session/0a56c8b3fe23980ff89a5571a3a07e32/element - {"using":"xpath","value":"//button[@data-kt=\"addButton\"]"}
RESULT: {"using":"xpath","value":"//button[@data-kt=\"addButton\"]"}
COMMAND: POST /session/0a56c8b3fe23980ff89a5571a3a07e32/elements - {"using":"xpath","value":"//button[@data-kt=\"addButton\"]"}
RESULT: {"using":"xpath","value":"//button[@data-kt=\"addButton\"]"}
COMMAND: POST /session/0a56c8b3fe23980ff89a5571a3a07e32/execute/sync - {"script":"<script> [8489 bytes]","args":[{"element-6066-11e4-a52e-4f735466cecf":"f.8BC31031A8A77F81AA6DDAE562E569BF.d.1CABE3EAA4F095580C25B0D28CEAD948.e.13086","ELEMENT":"f.8BC31031A8A77F81AA6DDAE562E569BF.d.1CABE3EAA4F095580C25B0D28CEAD948.e.13086"}]}
RESULT: {"script":"<script> [8489 bytes]","args":[{"element-6066-11e4-a52e-4f735466cecf":"f.8BC31031A8A77F81AA6DDAE562E569BF.d.1CABE3EAA4F095580C25B0D28CEAD948.e.13086","ELEMENT":"f.8BC31031A8A77F81AA6DDAE562E569BF.d.1CABE3EAA4F095580C25B0D28CEAD948.e.13086"}]}
COMMAND: GET /session/0a56c8b3fe23980ff89a5571a3a07e32/element/f.8BC31031A8A77F81AA6DDAE562E569BF.d.1CABE3EAA4F095580C25B0D28CEAD948.e.13086/enabled - {}
COMMAND: GET /session/0a56c8b3fe23980ff89a5571a3a07e32/screenshot - {}
RESULT: {}
COMMAND: POST /session/0a56c8b3fe23980ff89a5571a3a07e32/execute/sync - {"script":"<script> [8489 bytes]","args":[{"element-6066-11e4-a52e-4f735466cecf":"f.8BC31031A8A77F81AA6DDAE562E569BF.d.1CABE3EAA4F095580C25B0D28CEAD948.e.13086","ELEMENT":"f.8BC31031A8A77F81AA6DDAE562E569BF.d.1CABE3EAA4F095580C25B0D28CEAD948.e.13086"}]}
COMMAND: GET /session/0a56c8b3fe23980ff89a5571a3a07e32/screenshot - {}
RESULT: {}
RESULT: {"script":"<script> [8489 bytes]","args":[{"element-6066-11e4-a52e-4f735466cecf":"f.8BC31031A8A77F81AA6DDAE562E569BF.d.1CABE3EAA4F095580C25B0D28CEAD948.e.13086","ELEMENT":"f.8BC31031A8A77F81AA6DDAE562E569BF.d.1CABE3EAA4F095580C25B0D28CEAD948.e.13086"}]}
COMMAND: POST /session/0a56c8b3fe23980ff89a5571a3a07e32/execute/sync - {"script":"<script> [5351 bytes]","args":[{"element-6066-11e4-a52e-4f735466cecf":"f.8BC31031A8A77F81AA6DDAE562E569BF.d.1CABE3EAA4F095580C25B0D28CEAD948.e.13086","ELEMENT":"f.8BC31031A8A77F81AA6DDAE562E569BF.d.1CABE3EAA4F095580C25B0D28CEAD948.e.13086"}]}
COMMAND: GET /session/0a56c8b3fe23980ff89a5571a3a07e32/screenshot - {}
RESULT: {}
RESULT: {"script":"<script> [5351 bytes]","args":[{"element-6066-11e4-a52e-4f735466cecf":"f.8BC31031A8A77F81AA6DDAE562E569BF.d.1CABE3EAA4F095580C25B0D28CEAD948.e.13086","ELEMENT":"f.8BC31031A8A77F81AA6DDAE562E569BF.d.1CABE3EAA4F095580C25B0D28CEAD948.e.13086"}]}
COMMAND: GET /session/0a56c8b3fe23980ff89a5571a3a07e32/screenshot - {}
RESULT: {}
RESULT: {}
COMMAND: POST /session/0a56c8b3fe23980ff89a5571a3a07e32/element/f.8BC31031A8A77F81AA6DDAE562E569BF.d.1CABE3EAA4F095580C25B0D28CEAD948.e.13086/click - {}
RESULT: {}
COMMAND: GET /session/0a56c8b3fe23980ff89a5571a3a07e32/screenshot - {}
COMMAND: POST /session/0a56c8b3fe23980ff89a5571a3a07e32/execute/async - {"script":"<script> [1562 bytes]","args":[{"selector":{"id":"application-managecontracts-display-component---AddNewContract--projectDescription","interaction":{"idSuffix":"inner"}},"wdio_ui5_key":"applicationmanagecontracts-display-component---AddNewContract--projectDescription"}]}
RESULT: {}
RESULT: {"script":"<script> [1562 bytes]","args":[{"selector":{"id":"application-managecontracts-display-component---AddNewContract--projectDescription","interaction":{"idSuffix":"inner"}},"wdio_ui5_key":"applicationmanagecontracts-display-component---AddNewContract--projectDescription"}]}
RESULT: undefined
COMMAND: POST /session/0a56c8b3fe23980ff89a5571a3a07e32/execute/async - {"script":"<script> [776 bytes]","args":[{"enterText":"Mixed Contract WDIO","selector":{"id":"application-managecontracts-display-component---AddNewContract--projectDescription","interaction":{"idSuffix":"inner"}},"clearTextFirst":true,"interactionType":"ENTER_TEXT"}]}
RESULT: {"script":"<script> [776 bytes]","args":[{"enterText":"Mixed Contract WDIO","selector":{"id":"application-managecontracts-display-component---AddNewContract--projectDescription","interaction":{"idSuffix":"inner"}},"clearTextFirst":true,"interactionType":"ENTER_TEXT"}]}
COMMAND: POST /session/0a56c8b3fe23980ff89a5571a3a07e32/element - {"using":"xpath","value":"//input[@id=\"application-managecontracts-display-component---AddNewContract--site-inner\"]"}
RESULT: {"using":"xpath","value":"//input[@id=\"application-managecontracts-display-component---AddNewContract--site-inner\"]"}
COMMAND: POST /session/0a56c8b3fe23980ff89a5571a3a07e32/element/f.8BC31031A8A77F81AA6DDAE562E569BF.d.1CABE3EAA4F095580C25B0D28CEAD948.e.13402/clear - {}
RESULT: {}
COMMAND: POST /session/0a56c8b3fe23980ff89a5571a3a07e32/element/f.8BC31031A8A77F81AA6DDAE562E569BF.d.1CABE3EAA4F095580C25B0D28CEAD948.e.13402/value - {"text":"2164"}
COMMAND: GET /session/0a56c8b3fe23980ff89a5571a3a07e32/screenshot - {}
RESULT: {"text":"2164"}
COMMAND: GET /session/0a56c8b3fe23980ff89a5571a3a07e32/screenshot - {}
RESULT: {}
RESULT: {}
COMMAND: POST /session/0a56c8b3fe23980ff89a5571a3a07e32/element - {"using":"xpath","value":"//li[.//span[text()='2164']]"}
RESULT: {"using":"xpath","value":"//li[.//span[text()='2164']]"}
COMMAND: POST /session/0a56c8b3fe23980ff89a5571a3a07e32/element/f.8BC31031A8A77F81AA6DDAE562E569BF.d.1CABE3EAA4F095580C25B0D28CEAD948.e.13484/click - {}
RESULT: {}
COMMAND: GET /session/0a56c8b3fe23980ff89a5571a3a07e32/screenshot - {}
RESULT: {}
COMMAND: POST /session/0a56c8b3fe23980ff89a5571a3a07e32/element - {"using":"xpath","value":"//input[@id=\"application-managecontracts-display-component---AddNewContract--yardId-inner\"]"}
RESULT: {"using":"xpath","value":"//input[@id=\"application-managecontracts-display-component---AddNewContract--yardId-inner\"]"}
COMMAND: GET /session/0a56c8b3fe23980ff89a5571a3a07e32/element/f.8BC31031A8A77F81AA6DDAE562E569BF.d.1CABE3EAA4F095580C25B0D28CEAD948.e.13403/property/value - {}
RESULT: {}
COMMAND: POST /session/0a56c8b3fe23980ff89a5571a3a07e32/element - {"using":"xpath","value":"//input[@id=\"application-managecontracts-display-component---AddNewContract--customerSelect-inner\"]"}
COMMAND: GET /session/0a56c8b3fe23980ff89a5571a3a07e32/screenshot - {}
RESULT: {"using":"xpath","value":"//input[@id=\"application-managecontracts-display-component---AddNewContract--customerSelect-inner\"]"}
COMMAND: POST /session/0a56c8b3fe23980ff89a5571a3a07e32/element/f.8BC31031A8A77F81AA6DDAE562E569BF.d.1CABE3EAA4F095580C25B0D28CEAD948.e.13401/clear - {}
RESULT: {}
RESULT: {}
COMMAND: POST /session/0a56c8b3fe23980ff89a5571a3a07e32/element/f.8BC31031A8A77F81AA6DDAE562E569BF.d.1CABE3EAA4F095580C25B0D28CEAD948.e.13401/value - {"text":"1176"}
COMMAND: GET /session/0a56c8b3fe23980ff89a5571a3a07e32/screenshot - {}
RESULT: {"text":"1176"}
COMMAND: GET /session/0a56c8b3fe23980ff89a5571a3a07e32/screenshot - {}
RESULT: {}
RESULT: {}
COMMAND: POST /session/0a56c8b3fe23980ff89a5571a3a07e32/element - {"using":"xpath","value":"//li[.//span[text()='1176']]"}
RESULT: {"using":"xpath","value":"//li[.//span[text()='1176']]"}
COMMAND: POST /session/0a56c8b3fe23980ff89a5571a3a07e32/element/f.8BC31031A8A77F81AA6DDAE562E569BF.d.1CABE3EAA4F095580C25B0D28CEAD948.e.13487/click - {}
RESULT: {}
COMMAND: GET /session/0a56c8b3fe23980ff89a5571a3a07e32/screenshot - {}
RESULT: {}
COMMAND: POST /session/0a56c8b3fe23980ff89a5571a3a07e32/element - {"using":"xpath","value":"//button[@data-kt=\"saveButton\"]"}
RESULT: {"using":"xpath","value":"//button[@data-kt=\"saveButton\"]"}
COMMAND: POST /session/0a56c8b3fe23980ff89a5571a3a07e32/element/f.8BC31031A8A77F81AA6DDAE562E569BF.d.1CABE3EAA4F095580C25B0D28CEAD948.e.13477/click - {}
RESULT: {}
COMMAND: GET /session/0a56c8b3fe23980ff89a5571a3a07e32/screenshot - {}
RESULT: {}
COMMAND: POST /session/0a56c8b3fe23980ff89a5571a3a07e32/element - {"using":"xpath","value":"//span[contains(@id ,\"contractDetailTitleNoExpanded\")]"}
RESULT: {"using":"xpath","value":"//span[contains(@id ,\"contractDetailTitleNoExpanded\")]"}
COMMAND: POST /session/0a56c8b3fe23980ff89a5571a3a07e32/elements - {"using":"xpath","value":"//span[contains(@id ,\"contractDetailTitleNoExpanded\")]"}
RESULT: {"using":"xpath","value":"//span[contains(@id ,\"contractDetailTitleNoExpanded\")]"}
COMMAND: POST /session/0a56c8b3fe23980ff89a5571a3a07e32/execute/sync - {"script":"<script> [56 bytes]","args":[{"element-6066-11e4-a52e-4f735466cecf":"f.8BC31031A8A77F81AA6DDAE562E569BF.d.1CABE3EAA4F095580C25B0D28CEAD948.e.13558","ELEMENT":"f.8BC31031A8A77F81AA6DDAE562E569BF.d.1CABE3EAA4F095580C25B0D28CEAD948.e.13558"}]}
RESULT: {"script":"<script> [56 bytes]","args":[{"element-6066-11e4-a52e-4f735466cecf":"f.8BC31031A8A77F81AA6DDAE562E569BF.d.1CABE3EAA4F095580C25B0D28CEAD948.e.13558","ELEMENT":"f.8BC31031A8A77F81AA6DDAE562E569BF.d.1CABE3EAA4F095580C25B0D28CEAD948.e.13558"}]}
COMMAND: GET /session/0a56c8b3fe23980ff89a5571a3a07e32/screenshot - {}
RESULT: {}
]]></system-out>
    </testcase>
    <testcase classname="chrome.136_0_7103_93.windows.Create_master_data_for_mixed_billing_&amp;_do_billing_calculation_US151661" name="Should add equipment to the contract" time="67.354">
      <system-out><![CDATA[
COMMAND: POST /session/0a56c8b3fe23980ff89a5571a3a07e32/element - {"using":"xpath","value":"//button[@data-kt=\"contractDetailEditBtnButton\"]"}
RESULT: {"using":"xpath","value":"//button[@data-kt=\"contractDetailEditBtnButton\"]"}
COMMAND: POST /session/0a56c8b3fe23980ff89a5571a3a07e32/element/f.8BC31031A8A77F81AA6DDAE562E569BF.d.1CABE3EAA4F095580C25B0D28CEAD948.e.13559/click - {}
RESULT: {}
COMMAND: GET /session/0a56c8b3fe23980ff89a5571a3a07e32/screenshot - {}
RESULT: {}
COMMAND: POST /session/0a56c8b3fe23980ff89a5571a3a07e32/element - {"using":"xpath","value":"(//span[contains(text(), \"Additional Addresses\")])[2]"}
RESULT: {"using":"xpath","value":"(//span[contains(text(), \"Additional Addresses\")])[2]"}
COMMAND: POST /session/0a56c8b3fe23980ff89a5571a3a07e32/element/f.8BC31031A8A77F81AA6DDAE562E569BF.d.1CABE3EAA4F095580C25B0D28CEAD948.e.13616/click - {}
RESULT: {}
COMMAND: GET /session/0a56c8b3fe23980ff89a5571a3a07e32/screenshot - {}
RESULT: {}
COMMAND: POST /session/0a56c8b3fe23980ff89a5571a3a07e32/element - {"using":"xpath","value":"//button[@data-kt=\"btnAddTableRowOverflowToolbarButton\"]"}
RESULT: {"using":"xpath","value":"//button[@data-kt=\"btnAddTableRowOverflowToolbarButton\"]"}
COMMAND: POST /session/0a56c8b3fe23980ff89a5571a3a07e32/element/f.8BC31031A8A77F81AA6DDAE562E569BF.d.1CABE3EAA4F095580C25B0D28CEAD948.e.13618/click - {}
RESULT: {}
COMMAND: GET /session/0a56c8b3fe23980ff89a5571a3a07e32/screenshot - {}
RESULT: {}
COMMAND: POST /session/0a56c8b3fe23980ff89a5571a3a07e32/element - {"using":"xpath","value":"//div[(text() = 'Standard Entry' or . = 'Standard Entry')]"}
RESULT: {"using":"xpath","value":"//div[(text() = 'Standard Entry' or . = 'Standard Entry')]"}
COMMAND: POST /session/0a56c8b3fe23980ff89a5571a3a07e32/element/f.8BC31031A8A77F81AA6DDAE562E569BF.d.1CABE3EAA4F095580C25B0D28CEAD948.e.13620/click - {}
RESULT: {}
COMMAND: GET /session/0a56c8b3fe23980ff89a5571a3a07e32/screenshot - {}
RESULT: {}
COMMAND: POST /session/0a56c8b3fe23980ff89a5571a3a07e32/element - {"using":"xpath","value":"//td[7]/div/div/input"}
RESULT: {"using":"xpath","value":"//td[7]/div/div/input"}
COMMAND: POST /session/0a56c8b3fe23980ff89a5571a3a07e32/element/f.8BC31031A8A77F81AA6DDAE562E569BF.d.1CABE3EAA4F095580C25B0D28CEAD948.e.13629/clear - {}
RESULT: {}
COMMAND: POST /session/0a56c8b3fe23980ff89a5571a3a07e32/element/f.8BC31031A8A77F81AA6DDAE562E569BF.d.1CABE3EAA4F095580C25B0D28CEAD948.e.13629/value - {"text":"9NZan7qOSP"}
COMMAND: GET /session/0a56c8b3fe23980ff89a5571a3a07e32/screenshot - {}
RESULT: {"text":"9NZan7qOSP"}
COMMAND: GET /session/0a56c8b3fe23980ff89a5571a3a07e32/screenshot - {}
RESULT: {}
RESULT: {}
COMMAND: POST /session/0a56c8b3fe23980ff89a5571a3a07e32/actions - {"actions":[{"id":"action47","type":"key","parameters":{},"actions":[{"type":"keyDown","value":""},{"type":"pause","duration":10},{"type":"keyUp","value":""}]}]}
RESULT: {"actions":[{"id":"action47","type":"key","parameters":{},"actions":[{"type":"keyDown","value":""},{"type":"pause","duration":10},{"type":"keyUp","value":""}]}]}
COMMAND: GET /session/0a56c8b3fe23980ff89a5571a3a07e32/screenshot - {}
RESULT: {}
COMMAND: POST /session/0a56c8b3fe23980ff89a5571a3a07e32/execute/sync - {"script":"<script> [276 bytes]","args":["No pricing information was found"]}
RESULT: {"script":"<script> [276 bytes]","args":["No pricing information was found"]}
COMMAND: POST /session/0a56c8b3fe23980ff89a5571a3a07e32/element - {"using":"xpath","value":"(//button[@data-kt=\"saveButton\"])[2]"}
COMMAND: GET /session/0a56c8b3fe23980ff89a5571a3a07e32/screenshot - {}
RESULT: {"using":"xpath","value":"(//button[@data-kt=\"saveButton\"])[2]"}
COMMAND: POST /session/0a56c8b3fe23980ff89a5571a3a07e32/element/f.8BC31031A8A77F81AA6DDAE562E569BF.d.1CABE3EAA4F095580C25B0D28CEAD948.e.13644/click - {}
RESULT: {}
RESULT: {}
COMMAND: GET /session/0a56c8b3fe23980ff89a5571a3a07e32/screenshot - {}
RESULT: {}
COMMAND: POST /session/0a56c8b3fe23980ff89a5571a3a07e32/execute/sync - {"script":"<script> [276 bytes]","args":["Some contract items are having rental validity exceeding header rental validity"]}
RESULT: {"script":"<script> [276 bytes]","args":["Some contract items are having rental validity exceeding header rental validity"]}
COMMAND: GET /session/0a56c8b3fe23980ff89a5571a3a07e32/screenshot - {}
RESULT: {}
COMMAND: POST /session/0a56c8b3fe23980ff89a5571a3a07e32/element - {"using":"xpath","value":"//span[contains(@id ,\"contractItemsSmartTable-header-inner\")]"}
RESULT: {"using":"xpath","value":"//span[contains(@id ,\"contractItemsSmartTable-header-inner\")]"}
COMMAND: POST /session/0a56c8b3fe23980ff89a5571a3a07e32/elements - {"using":"xpath","value":"//span[contains(@id ,\"contractItemsSmartTable-header-inner\")]"}
RESULT: {"using":"xpath","value":"//span[contains(@id ,\"contractItemsSmartTable-header-inner\")]"}
COMMAND: POST /session/0a56c8b3fe23980ff89a5571a3a07e32/execute/sync - {"script":"<script> [56 bytes]","args":[{"element-6066-11e4-a52e-4f735466cecf":"f.8BC31031A8A77F81AA6DDAE562E569BF.d.1CABE3EAA4F095580C25B0D28CEAD948.e.13646","ELEMENT":"f.8BC31031A8A77F81AA6DDAE562E569BF.d.1CABE3EAA4F095580C25B0D28CEAD948.e.13646"}]}
RESULT: {"script":"<script> [56 bytes]","args":[{"element-6066-11e4-a52e-4f735466cecf":"f.8BC31031A8A77F81AA6DDAE562E569BF.d.1CABE3EAA4F095580C25B0D28CEAD948.e.13646","ELEMENT":"f.8BC31031A8A77F81AA6DDAE562E569BF.d.1CABE3EAA4F095580C25B0D28CEAD948.e.13646"}]}
COMMAND: GET /session/0a56c8b3fe23980ff89a5571a3a07e32/screenshot - {}
RESULT: {}
COMMAND: POST /session/0a56c8b3fe23980ff89a5571a3a07e32/execute/sync - {"script":"<script> [56 bytes]","args":[{"element-6066-11e4-a52e-4f735466cecf":"f.8BC31031A8A77F81AA6DDAE562E569BF.d.1CABE3EAA4F095580C25B0D28CEAD948.e.13646","ELEMENT":"f.8BC31031A8A77F81AA6DDAE562E569BF.d.1CABE3EAA4F095580C25B0D28CEAD948.e.13646"}]}
RESULT: {"script":"<script> [56 bytes]","args":[{"element-6066-11e4-a52e-4f735466cecf":"f.8BC31031A8A77F81AA6DDAE562E569BF.d.1CABE3EAA4F095580C25B0D28CEAD948.e.13646","ELEMENT":"f.8BC31031A8A77F81AA6DDAE562E569BF.d.1CABE3EAA4F095580C25B0D28CEAD948.e.13646"}]}
COMMAND: GET /session/0a56c8b3fe23980ff89a5571a3a07e32/screenshot - {}
RESULT: {}
COMMAND: POST /session/0a56c8b3fe23980ff89a5571a3a07e32/execute/sync - {"script":"<script> [56 bytes]","args":[{"element-6066-11e4-a52e-4f735466cecf":"f.8BC31031A8A77F81AA6DDAE562E569BF.d.1CABE3EAA4F095580C25B0D28CEAD948.e.13646","ELEMENT":"f.8BC31031A8A77F81AA6DDAE562E569BF.d.1CABE3EAA4F095580C25B0D28CEAD948.e.13646"}]}
RESULT: {"script":"<script> [56 bytes]","args":[{"element-6066-11e4-a52e-4f735466cecf":"f.8BC31031A8A77F81AA6DDAE562E569BF.d.1CABE3EAA4F095580C25B0D28CEAD948.e.13646","ELEMENT":"f.8BC31031A8A77F81AA6DDAE562E569BF.d.1CABE3EAA4F095580C25B0D28CEAD948.e.13646"}]}
COMMAND: GET /session/0a56c8b3fe23980ff89a5571a3a07e32/screenshot - {}
RESULT: {}
COMMAND: POST /session/0a56c8b3fe23980ff89a5571a3a07e32/execute/sync - {"script":"<script> [56 bytes]","args":[{"element-6066-11e4-a52e-4f735466cecf":"f.8BC31031A8A77F81AA6DDAE562E569BF.d.1CABE3EAA4F095580C25B0D28CEAD948.e.13646","ELEMENT":"f.8BC31031A8A77F81AA6DDAE562E569BF.d.1CABE3EAA4F095580C25B0D28CEAD948.e.13646"}]}
RESULT: {"script":"<script> [56 bytes]","args":[{"element-6066-11e4-a52e-4f735466cecf":"f.8BC31031A8A77F81AA6DDAE562E569BF.d.1CABE3EAA4F095580C25B0D28CEAD948.e.13646","ELEMENT":"f.8BC31031A8A77F81AA6DDAE562E569BF.d.1CABE3EAA4F095580C25B0D28CEAD948.e.13646"}]}
COMMAND: GET /session/0a56c8b3fe23980ff89a5571a3a07e32/screenshot - {}
RESULT: {}
COMMAND: POST /session/0a56c8b3fe23980ff89a5571a3a07e32/execute/sync - {"script":"<script> [56 bytes]","args":[{"element-6066-11e4-a52e-4f735466cecf":"f.8BC31031A8A77F81AA6DDAE562E569BF.d.1CABE3EAA4F095580C25B0D28CEAD948.e.13646","ELEMENT":"f.8BC31031A8A77F81AA6DDAE562E569BF.d.1CABE3EAA4F095580C25B0D28CEAD948.e.13646"}]}
RESULT: {"script":"<script> [56 bytes]","args":[{"element-6066-11e4-a52e-4f735466cecf":"f.8BC31031A8A77F81AA6DDAE562E569BF.d.1CABE3EAA4F095580C25B0D28CEAD948.e.13646","ELEMENT":"f.8BC31031A8A77F81AA6DDAE562E569BF.d.1CABE3EAA4F095580C25B0D28CEAD948.e.13646"}]}
COMMAND: GET /session/0a56c8b3fe23980ff89a5571a3a07e32/screenshot - {}
RESULT: {}
COMMAND: POST /session/0a56c8b3fe23980ff89a5571a3a07e32/execute/sync - {"script":"<script> [56 bytes]","args":[{"element-6066-11e4-a52e-4f735466cecf":"f.8BC31031A8A77F81AA6DDAE562E569BF.d.1CABE3EAA4F095580C25B0D28CEAD948.e.13646","ELEMENT":"f.8BC31031A8A77F81AA6DDAE562E569BF.d.1CABE3EAA4F095580C25B0D28CEAD948.e.13646"}]}
RESULT: {"script":"<script> [56 bytes]","args":[{"element-6066-11e4-a52e-4f735466cecf":"f.8BC31031A8A77F81AA6DDAE562E569BF.d.1CABE3EAA4F095580C25B0D28CEAD948.e.13646","ELEMENT":"f.8BC31031A8A77F81AA6DDAE562E569BF.d.1CABE3EAA4F095580C25B0D28CEAD948.e.13646"}]}
COMMAND: GET /session/0a56c8b3fe23980ff89a5571a3a07e32/screenshot - {}
RESULT: {}
COMMAND: POST /session/0a56c8b3fe23980ff89a5571a3a07e32/execute/sync - {"script":"<script> [56 bytes]","args":[{"element-6066-11e4-a52e-4f735466cecf":"f.8BC31031A8A77F81AA6DDAE562E569BF.d.1CABE3EAA4F095580C25B0D28CEAD948.e.13646","ELEMENT":"f.8BC31031A8A77F81AA6DDAE562E569BF.d.1CABE3EAA4F095580C25B0D28CEAD948.e.13646"}]}
RESULT: {"script":"<script> [56 bytes]","args":[{"element-6066-11e4-a52e-4f735466cecf":"f.8BC31031A8A77F81AA6DDAE562E569BF.d.1CABE3EAA4F095580C25B0D28CEAD948.e.13646","ELEMENT":"f.8BC31031A8A77F81AA6DDAE562E569BF.d.1CABE3EAA4F095580C25B0D28CEAD948.e.13646"}]}
COMMAND: GET /session/0a56c8b3fe23980ff89a5571a3a07e32/screenshot - {}
RESULT: {}
COMMAND: POST /session/0a56c8b3fe23980ff89a5571a3a07e32/execute/sync - {"script":"<script> [56 bytes]","args":[{"element-6066-11e4-a52e-4f735466cecf":"f.8BC31031A8A77F81AA6DDAE562E569BF.d.1CABE3EAA4F095580C25B0D28CEAD948.e.13646","ELEMENT":"f.8BC31031A8A77F81AA6DDAE562E569BF.d.1CABE3EAA4F095580C25B0D28CEAD948.e.13646"}]}
RESULT: {"script":"<script> [56 bytes]","args":[{"element-6066-11e4-a52e-4f735466cecf":"f.8BC31031A8A77F81AA6DDAE562E569BF.d.1CABE3EAA4F095580C25B0D28CEAD948.e.13646","ELEMENT":"f.8BC31031A8A77F81AA6DDAE562E569BF.d.1CABE3EAA4F095580C25B0D28CEAD948.e.13646"}]}
COMMAND: GET /session/0a56c8b3fe23980ff89a5571a3a07e32/screenshot - {}
RESULT: {}
COMMAND: POST /session/0a56c8b3fe23980ff89a5571a3a07e32/execute/sync - {"script":"<script> [56 bytes]","args":[{"element-6066-11e4-a52e-4f735466cecf":"f.8BC31031A8A77F81AA6DDAE562E569BF.d.1CABE3EAA4F095580C25B0D28CEAD948.e.13646","ELEMENT":"f.8BC31031A8A77F81AA6DDAE562E569BF.d.1CABE3EAA4F095580C25B0D28CEAD948.e.13646"}]}
RESULT: {"script":"<script> [56 bytes]","args":[{"element-6066-11e4-a52e-4f735466cecf":"f.8BC31031A8A77F81AA6DDAE562E569BF.d.1CABE3EAA4F095580C25B0D28CEAD948.e.13646","ELEMENT":"f.8BC31031A8A77F81AA6DDAE562E569BF.d.1CABE3EAA4F095580C25B0D28CEAD948.e.13646"}]}
COMMAND: GET /session/0a56c8b3fe23980ff89a5571a3a07e32/screenshot - {}
RESULT: {}
COMMAND: POST /session/0a56c8b3fe23980ff89a5571a3a07e32/execute/sync - {"script":"<script> [56 bytes]","args":[{"element-6066-11e4-a52e-4f735466cecf":"f.8BC31031A8A77F81AA6DDAE562E569BF.d.1CABE3EAA4F095580C25B0D28CEAD948.e.13646","ELEMENT":"f.8BC31031A8A77F81AA6DDAE562E569BF.d.1CABE3EAA4F095580C25B0D28CEAD948.e.13646"}]}
RESULT: {"script":"<script> [56 bytes]","args":[{"element-6066-11e4-a52e-4f735466cecf":"f.8BC31031A8A77F81AA6DDAE562E569BF.d.1CABE3EAA4F095580C25B0D28CEAD948.e.13646","ELEMENT":"f.8BC31031A8A77F81AA6DDAE562E569BF.d.1CABE3EAA4F095580C25B0D28CEAD948.e.13646"}]}
COMMAND: GET /session/0a56c8b3fe23980ff89a5571a3a07e32/screenshot - {}
COMMAND: POST /session/0a56c8b3fe23980ff89a5571a3a07e32/execute/sync - {"script":"<script> [56 bytes]","args":[{"element-6066-11e4-a52e-4f735466cecf":"f.8BC31031A8A77F81AA6DDAE562E569BF.d.1CABE3EAA4F095580C25B0D28CEAD948.e.13646","ELEMENT":"f.8BC31031A8A77F81AA6DDAE562E569BF.d.1CABE3EAA4F095580C25B0D28CEAD948.e.13646"}]}
RESULT: {}
RESULT: {"script":"<script> [56 bytes]","args":[{"element-6066-11e4-a52e-4f735466cecf":"f.8BC31031A8A77F81AA6DDAE562E569BF.d.1CABE3EAA4F095580C25B0D28CEAD948.e.13646","ELEMENT":"f.8BC31031A8A77F81AA6DDAE562E569BF.d.1CABE3EAA4F095580C25B0D28CEAD948.e.13646"}]}
COMMAND: GET /session/0a56c8b3fe23980ff89a5571a3a07e32/screenshot - {}
COMMAND: POST /session/0a56c8b3fe23980ff89a5571a3a07e32/execute/sync - {"script":"<script> [56 bytes]","args":[{"element-6066-11e4-a52e-4f735466cecf":"f.8BC31031A8A77F81AA6DDAE562E569BF.d.1CABE3EAA4F095580C25B0D28CEAD948.e.13646","ELEMENT":"f.8BC31031A8A77F81AA6DDAE562E569BF.d.1CABE3EAA4F095580C25B0D28CEAD948.e.13646"}]}
RESULT: {}
RESULT: {"script":"<script> [56 bytes]","args":[{"element-6066-11e4-a52e-4f735466cecf":"f.8BC31031A8A77F81AA6DDAE562E569BF.d.1CABE3EAA4F095580C25B0D28CEAD948.e.13646","ELEMENT":"f.8BC31031A8A77F81AA6DDAE562E569BF.d.1CABE3EAA4F095580C25B0D28CEAD948.e.13646"}]}
COMMAND: GET /session/0a56c8b3fe23980ff89a5571a3a07e32/screenshot - {}
COMMAND: POST /session/0a56c8b3fe23980ff89a5571a3a07e32/execute/sync - {"script":"<script> [56 bytes]","args":[{"element-6066-11e4-a52e-4f735466cecf":"f.8BC31031A8A77F81AA6DDAE562E569BF.d.1CABE3EAA4F095580C25B0D28CEAD948.e.13646","ELEMENT":"f.8BC31031A8A77F81AA6DDAE562E569BF.d.1CABE3EAA4F095580C25B0D28CEAD948.e.13646"}]}
RESULT: {}
RESULT: {"script":"<script> [56 bytes]","args":[{"element-6066-11e4-a52e-4f735466cecf":"f.8BC31031A8A77F81AA6DDAE562E569BF.d.1CABE3EAA4F095580C25B0D28CEAD948.e.13646","ELEMENT":"f.8BC31031A8A77F81AA6DDAE562E569BF.d.1CABE3EAA4F095580C25B0D28CEAD948.e.13646"}]}
COMMAND: GET /session/0a56c8b3fe23980ff89a5571a3a07e32/screenshot - {}
COMMAND: POST /session/0a56c8b3fe23980ff89a5571a3a07e32/execute/sync - {"script":"<script> [56 bytes]","args":[{"element-6066-11e4-a52e-4f735466cecf":"f.8BC31031A8A77F81AA6DDAE562E569BF.d.1CABE3EAA4F095580C25B0D28CEAD948.e.13646","ELEMENT":"f.8BC31031A8A77F81AA6DDAE562E569BF.d.1CABE3EAA4F095580C25B0D28CEAD948.e.13646"}]}
RESULT: {}
RESULT: {"script":"<script> [56 bytes]","args":[{"element-6066-11e4-a52e-4f735466cecf":"f.8BC31031A8A77F81AA6DDAE562E569BF.d.1CABE3EAA4F095580C25B0D28CEAD948.e.13646","ELEMENT":"f.8BC31031A8A77F81AA6DDAE562E569BF.d.1CABE3EAA4F095580C25B0D28CEAD948.e.13646"}]}
COMMAND: POST /session/0a56c8b3fe23980ff89a5571a3a07e32/execute/sync - {"script":"<script> [56 bytes]","args":[{"element-6066-11e4-a52e-4f735466cecf":"f.8BC31031A8A77F81AA6DDAE562E569BF.d.1CABE3EAA4F095580C25B0D28CEAD948.e.13646","ELEMENT":"f.8BC31031A8A77F81AA6DDAE562E569BF.d.1CABE3EAA4F095580C25B0D28CEAD948.e.13646"}]}
COMMAND: GET /session/0a56c8b3fe23980ff89a5571a3a07e32/screenshot - {}
RESULT: {}
RESULT: {"script":"<script> [56 bytes]","args":[{"element-6066-11e4-a52e-4f735466cecf":"f.8BC31031A8A77F81AA6DDAE562E569BF.d.1CABE3EAA4F095580C25B0D28CEAD948.e.13646","ELEMENT":"f.8BC31031A8A77F81AA6DDAE562E569BF.d.1CABE3EAA4F095580C25B0D28CEAD948.e.13646"}]}
COMMAND: POST /session/0a56c8b3fe23980ff89a5571a3a07e32/execute/sync - {"script":"<script> [56 bytes]","args":[{"element-6066-11e4-a52e-4f735466cecf":"f.8BC31031A8A77F81AA6DDAE562E569BF.d.1CABE3EAA4F095580C25B0D28CEAD948.e.13646","ELEMENT":"f.8BC31031A8A77F81AA6DDAE562E569BF.d.1CABE3EAA4F095580C25B0D28CEAD948.e.13646"}]}
COMMAND: GET /session/0a56c8b3fe23980ff89a5571a3a07e32/screenshot - {}
RESULT: {"script":"<script> [56 bytes]","args":[{"element-6066-11e4-a52e-4f735466cecf":"f.8BC31031A8A77F81AA6DDAE562E569BF.d.1CABE3EAA4F095580C25B0D28CEAD948.e.13646","ELEMENT":"f.8BC31031A8A77F81AA6DDAE562E569BF.d.1CABE3EAA4F095580C25B0D28CEAD948.e.13646"}]}
COMMAND: POST /session/0a56c8b3fe23980ff89a5571a3a07e32/execute/sync - {"script":"<script> [56 bytes]","args":[{"element-6066-11e4-a52e-4f735466cecf":"f.8BC31031A8A77F81AA6DDAE562E569BF.d.1CABE3EAA4F095580C25B0D28CEAD948.e.13646","ELEMENT":"f.8BC31031A8A77F81AA6DDAE562E569BF.d.1CABE3EAA4F095580C25B0D28CEAD948.e.13646"}]}
COMMAND: GET /session/0a56c8b3fe23980ff89a5571a3a07e32/screenshot - {}
RESULT: {}
RESULT: {"script":"<script> [56 bytes]","args":[{"element-6066-11e4-a52e-4f735466cecf":"f.8BC31031A8A77F81AA6DDAE562E569BF.d.1CABE3EAA4F095580C25B0D28CEAD948.e.13646","ELEMENT":"f.8BC31031A8A77F81AA6DDAE562E569BF.d.1CABE3EAA4F095580C25B0D28CEAD948.e.13646"}]}
]]></system-out>
    </testcase>
    <testcase classname="chrome.136_0_7103_93.windows.Create_master_data_for_mixed_billing_&amp;_do_billing_calculation_US151661" name="Should do a provide to site handover" time="63.722">
      <system-out><![CDATA[
COMMAND: POST /session/0a56c8b3fe23980ff89a5571a3a07e32/element - {"using":"xpath","value":"//button[@data-kt=\"provideButton\"]"}
COMMAND: GET /session/0a56c8b3fe23980ff89a5571a3a07e32/screenshot - {}
RESULT: {}
RESULT: {"using":"xpath","value":"//button[@data-kt=\"provideButton\"]"}
COMMAND: POST /session/0a56c8b3fe23980ff89a5571a3a07e32/element/f.8BC31031A8A77F81AA6DDAE562E569BF.d.1CABE3EAA4F095580C25B0D28CEAD948.e.13651/click - {}
RESULT: {}
RESULT: {}
COMMAND: GET /session/0a56c8b3fe23980ff89a5571a3a07e32/screenshot - {}
RESULT: undefined
COMMAND: POST /session/0a56c8b3fe23980ff89a5571a3a07e32/execute/async - {"script":"<script> [6424 bytes]","args":[{"element-6066-11e4-a52e-4f735466cecf":"f.8BC31031A8A77F81AA6DDAE562E569BF.d.1CABE3EAA4F095580C25B0D28CEAD948.e.12510"},"setValue",["5/26/25"]]}
RESULT: {}
COMMAND: POST /session/0a56c8b3fe23980ff89a5571a3a07e32/execute/async - {"script":"<script> [1562 bytes]","args":[{"selector":{"id":"application-managehandovers-display-component---AddNewHO--dueDate","interaction":{"idSuffix":"inner"}},"wdio_ui5_key":"applicationmanagehandovers-display-component---AddNewHO--dueDate"}]}
RESULT: {"script":"<script> [1562 bytes]","args":[{"selector":{"id":"application-managehandovers-display-component---AddNewHO--dueDate","interaction":{"idSuffix":"inner"}},"wdio_ui5_key":"applicationmanagehandovers-display-component---AddNewHO--dueDate"}]}
COMMAND: POST /session/0a56c8b3fe23980ff89a5571a3a07e32/execute/async - {"script":"<script> [6424 bytes]","args":[{"element-6066-11e4-a52e-4f735466cecf":"f.8BC31031A8A77F81AA6DDAE562E569BF.d.1CABE3EAA4F095580C25B0D28CEAD948.e.13709"},"setValue",["5/26/25"]]}
RESULT: {"script":"<script> [6424 bytes]","args":[{"element-6066-11e4-a52e-4f735466cecf":"f.8BC31031A8A77F81AA6DDAE562E569BF.d.1CABE3EAA4F095580C25B0D28CEAD948.e.13709"},"setValue",["5/26/25"]]}
COMMAND: POST /session/0a56c8b3fe23980ff89a5571a3a07e32/element - {"using":"xpath","value":"//bdi[contains(text(), \"Instructions\")]"}
RESULT: {"using":"xpath","value":"//bdi[contains(text(), \"Instructions\")]"}
COMMAND: POST /session/0a56c8b3fe23980ff89a5571a3a07e32/element/f.8BC31031A8A77F81AA6DDAE562E569BF.d.1CABE3EAA4F095580C25B0D28CEAD948.e.13958/click - {}
RESULT: {}
COMMAND: GET /session/0a56c8b3fe23980ff89a5571a3a07e32/screenshot - {}
RESULT: {}
COMMAND: POST /session/0a56c8b3fe23980ff89a5571a3a07e32/element - {"using":"xpath","value":"//button[@data-kt=\"AddNewHOProvideAddItemsButton\"]"}
RESULT: {"using":"xpath","value":"//button[@data-kt=\"AddNewHOProvideAddItemsButton\"]"}
COMMAND: POST /session/0a56c8b3fe23980ff89a5571a3a07e32/element/f.8BC31031A8A77F81AA6DDAE562E569BF.d.1CABE3EAA4F095580C25B0D28CEAD948.e.13962/click - {}
RESULT: {}
COMMAND: GET /session/0a56c8b3fe23980ff89a5571a3a07e32/screenshot - {}
RESULT: {}
RESULT: undefined
COMMAND: POST /session/0a56c8b3fe23980ff89a5571a3a07e32/element - {"using":"xpath","value":"//*[@id=\"application-managehandovers-display-component---AddNewHO--popup-sa\"]"}
RESULT: {"using":"xpath","value":"//*[@id=\"application-managehandovers-display-component---AddNewHO--popup-sa\"]"}
COMMAND: POST /session/0a56c8b3fe23980ff89a5571a3a07e32/element/f.8BC31031A8A77F81AA6DDAE562E569BF.d.1CABE3EAA4F095580C25B0D28CEAD948.e.13972/click - {}
RESULT: {}
COMMAND: GET /session/0a56c8b3fe23980ff89a5571a3a07e32/screenshot - {}
RESULT: {}
COMMAND: POST /session/0a56c8b3fe23980ff89a5571a3a07e32/element - {"using":"xpath","value":"//*[contains(@id ,\"BDI-content\")][contains(text(), \"Select\")]"}
RESULT: {"using":"xpath","value":"//*[contains(@id ,\"BDI-content\")][contains(text(), \"Select\")]"}
COMMAND: POST /session/0a56c8b3fe23980ff89a5571a3a07e32/element/f.8BC31031A8A77F81AA6DDAE562E569BF.d.1CABE3EAA4F095580C25B0D28CEAD948.e.13973/click - {}
RESULT: {}
COMMAND: GET /session/0a56c8b3fe23980ff89a5571a3a07e32/screenshot - {}
RESULT: {}
COMMAND: POST /session/0a56c8b3fe23980ff89a5571a3a07e32/execute/async - {"script":"<script> [1562 bytes]","args":[{"selector":{"id":"application-managehandovers-display-component---AddNewHO--confirmCreationButton","interaction":{"idSuffix":"BDI-content"}},"wdio_ui5_key":"applicationmanagehandovers-display-component---AddNewHO--confirmCreationButton"}]}
RESULT: {"script":"<script> [1562 bytes]","args":[{"selector":{"id":"application-managehandovers-display-component---AddNewHO--confirmCreationButton","interaction":{"idSuffix":"BDI-content"}},"wdio_ui5_key":"applicationmanagehandovers-display-component---AddNewHO--confirmCreationButton"}]}
RESULT: undefined
COMMAND: POST /session/0a56c8b3fe23980ff89a5571a3a07e32/element - {"using":"xpath","value":"//*[@id=\"application-managehandovers-display-component---AddNewHO--confirmCreationButton\"]"}
RESULT: {"using":"xpath","value":"//*[@id=\"application-managehandovers-display-component---AddNewHO--confirmCreationButton\"]"}
COMMAND: POST /session/0a56c8b3fe23980ff89a5571a3a07e32/element/f.8BC31031A8A77F81AA6DDAE562E569BF.d.1CABE3EAA4F095580C25B0D28CEAD948.e.13775/click - {}
RESULT: {}
COMMAND: GET /session/0a56c8b3fe23980ff89a5571a3a07e32/screenshot - {}
RESULT: {}
COMMAND: POST /session/0a56c8b3fe23980ff89a5571a3a07e32/execute/async - {"script":"<script> [1562 bytes]","args":[{"selector":{"id":"issueDatePicker","viewName":"etm.portal.ui.managehandovers.view.DetailExecuteHO","interaction":{"idSuffix":"inner"}},"wdio_ui5_key":"issueDatePickeretmportal.ui.managehandovers.view.DetailExecuteHO"}]}
RESULT: {"script":"<script> [1562 bytes]","args":[{"selector":{"id":"issueDatePicker","viewName":"etm.portal.ui.managehandovers.view.DetailExecuteHO","interaction":{"idSuffix":"inner"}},"wdio_ui5_key":"issueDatePickeretmportal.ui.managehandovers.view.DetailExecuteHO"}]}
RESULT: undefined
COMMAND: POST /session/0a56c8b3fe23980ff89a5571a3a07e32/execute/async - {"script":"<script> [776 bytes]","args":[{"enterText":"5/26/25","selector":{"id":"issueDatePicker","viewName":"etm.portal.ui.managehandovers.view.DetailExecuteHO","interaction":{"idSuffix":"inner"}},"clearTextFirst":true,"interactionType":"ENTER_TEXT"}]}
RESULT: {"script":"<script> [776 bytes]","args":[{"enterText":"5/26/25","selector":{"id":"issueDatePicker","viewName":"etm.portal.ui.managehandovers.view.DetailExecuteHO","interaction":{"idSuffix":"inner"}},"clearTextFirst":true,"interactionType":"ENTER_TEXT"}]}
COMMAND: POST /session/0a56c8b3fe23980ff89a5571a3a07e32/element - {"using":"xpath","value":"//button[@data-kt=\"PickingTableConfirmAllButton\"]"}
RESULT: {"using":"xpath","value":"//button[@data-kt=\"PickingTableConfirmAllButton\"]"}
COMMAND: POST /session/0a56c8b3fe23980ff89a5571a3a07e32/element/f.8BC31031A8A77F81AA6DDAE562E569BF.d.1CABE3EAA4F095580C25B0D28CEAD948.e.14033/click - {}
RESULT: {}
COMMAND: GET /session/0a56c8b3fe23980ff89a5571a3a07e32/screenshot - {}
RESULT: {}
COMMAND: POST /session/0a56c8b3fe23980ff89a5571a3a07e32/element - {"using":"xpath","value":"//bdi[contains(text(), \"OK\")]"}
RESULT: {"using":"xpath","value":"//bdi[contains(text(), \"OK\")]"}
COMMAND: POST /session/0a56c8b3fe23980ff89a5571a3a07e32/element/f.8BC31031A8A77F81AA6DDAE562E569BF.d.1CABE3EAA4F095580C25B0D28CEAD948.e.14036/click - {}
RESULT: {}
COMMAND: GET /session/0a56c8b3fe23980ff89a5571a3a07e32/screenshot - {}
RESULT: {}
COMMAND: POST /session/0a56c8b3fe23980ff89a5571a3a07e32/element - {"using":"xpath","value":"//bdi[contains(text(), \"Issue\")]"}
RESULT: {"using":"xpath","value":"//bdi[contains(text(), \"Issue\")]"}
COMMAND: POST /session/0a56c8b3fe23980ff89a5571a3a07e32/element/f.8BC31031A8A77F81AA6DDAE562E569BF.d.1CABE3EAA4F095580C25B0D28CEAD948.e.14038/click - {}
RESULT: {}
COMMAND: GET /session/0a56c8b3fe23980ff89a5571a3a07e32/screenshot - {}
RESULT: {}
COMMAND: POST /session/0a56c8b3fe23980ff89a5571a3a07e32/element - {"using":"css selector","value":"#shell-header-logo"}
RESULT: {"using":"css selector","value":"#shell-header-logo"}
COMMAND: POST /session/0a56c8b3fe23980ff89a5571a3a07e32/element/f.8BC31031A8A77F81AA6DDAE562E569BF.d.1CABE3EAA4F095580C25B0D28CEAD948.e.13039/click - {}
RESULT: {}
COMMAND: GET /session/0a56c8b3fe23980ff89a5571a3a07e32/screenshot - {}
RESULT: {}
]]></system-out>
    </testcase>
    <testcase classname="chrome.136_0_7103_93.windows.Create_master_data_for_mixed_billing_&amp;_do_billing_calculation_US151661" name="Should create a few performance documents" time="111.049">
      <system-out><![CDATA[
COMMAND: POST /session/0a56c8b3fe23980ff89a5571a3a07e32/execute/async - {"script":"<script> [1562 bytes]","args":[{"selector":{"controlType":"sap.m.GenericTile","properties":{"header":"Manage States & Performance"}},"wdio_ui5_key":"sapm.GenericTile{\"header\":\"Manage States & Performance\"}"}]}
RESULT: {"script":"<script> [1562 bytes]","args":[{"selector":{"controlType":"sap.m.GenericTile","properties":{"header":"Manage States & Performance"}},"wdio_ui5_key":"sapm.GenericTile{\"header\":\"Manage States & Performance\"}"}]}
RESULT: undefined
COMMAND: POST /session/0a56c8b3fe23980ff89a5571a3a07e32/element - {"using":"xpath","value":"//*[@id=\"__tile96\"]"}
RESULT: {"using":"xpath","value":"//*[@id=\"__tile96\"]"}
COMMAND: POST /session/0a56c8b3fe23980ff89a5571a3a07e32/element/f.8BC31031A8A77F81AA6DDAE562E569BF.d.1CABE3EAA4F095580C25B0D28CEAD948.e.9166/click - {}
RESULT: {}
COMMAND: GET /session/0a56c8b3fe23980ff89a5571a3a07e32/screenshot - {}
RESULT: {}
COMMAND: POST /session/0a56c8b3fe23980ff89a5571a3a07e32/elements - {"using":"xpath","value":"//span[text()='Error']"}
RESULT: {"using":"xpath","value":"//span[text()='Error']"}
COMMAND: POST /session/0a56c8b3fe23980ff89a5571a3a07e32/execute/async - {"script":"<script> [1562 bytes]","args":[{"selector":{"id":"application-managestatesandperformance-display-component---stateAndPerform--smartFilterBarResources-btnBasicSearch","interaction":{"idSuffix":"I"}},"wdio_ui5_key":"applicationmanagestatesandperformance-display-component---stateAndPerform--smartFilterBarResources-btnBasicSearch"}]}
RESULT: {"script":"<script> [1562 bytes]","args":[{"selector":{"id":"application-managestatesandperformance-display-component---stateAndPerform--smartFilterBarResources-btnBasicSearch","interaction":{"idSuffix":"I"}},"wdio_ui5_key":"applicationmanagestatesandperformance-display-component---stateAndPerform--smartFilterBarResources-btnBasicSearch"}]}
RESULT: undefined
COMMAND: POST /session/0a56c8b3fe23980ff89a5571a3a07e32/execute/async - {"script":"<script> [776 bytes]","args":[{"enterText":"9NZan7qOSP","selector":{"id":"application-managestatesandperformance-display-component---stateAndPerform--smartFilterBarResources-btnBasicSearch","interaction":{"idSuffix":"I"}},"clearTextFirst":true,"interactionType":"ENTER_TEXT"}]}
RESULT: {"script":"<script> [776 bytes]","args":[{"enterText":"9NZan7qOSP","selector":{"id":"application-managestatesandperformance-display-component---stateAndPerform--smartFilterBarResources-btnBasicSearch","interaction":{"idSuffix":"I"}},"clearTextFirst":true,"interactionType":"ENTER_TEXT"}]}
COMMAND: POST /session/0a56c8b3fe23980ff89a5571a3a07e32/actions - {"actions":[{"id":"action48","type":"key","parameters":{},"actions":[{"type":"keyDown","value":""},{"type":"pause","duration":10},{"type":"keyUp","value":""}]}]}
RESULT: {"actions":[{"id":"action48","type":"key","parameters":{},"actions":[{"type":"keyDown","value":""},{"type":"pause","duration":10},{"type":"keyUp","value":""}]}]}
COMMAND: GET /session/0a56c8b3fe23980ff89a5571a3a07e32/screenshot - {}
RESULT: {}
COMMAND: POST /session/0a56c8b3fe23980ff89a5571a3a07e32/execute/async - {"script":"<script> [1562 bytes]","args":[{"selector":{"id":"application-managestatesandperformance-display-component---stateAndPerform--stateAndPerformResourcesSmartTable-header"},"wdio_ui5_key":"applicationmanagestatesandperformance-display-component---stateAndPerform--stateAndPerformResourcesSmartTable-header"}]}
RESULT: {"script":"<script> [1562 bytes]","args":[{"selector":{"id":"application-managestatesandperformance-display-component---stateAndPerform--stateAndPerformResourcesSmartTable-header"},"wdio_ui5_key":"applicationmanagestatesandperformance-display-component---stateAndPerform--stateAndPerformResourcesSmartTable-header"}]}
RESULT: undefined
COMMAND: POST /session/0a56c8b3fe23980ff89a5571a3a07e32/execute/async - {"script":"<script> [6424 bytes]","args":[{"element-6066-11e4-a52e-4f735466cecf":"f.8BC31031A8A77F81AA6DDAE562E569BF.d.1CABE3EAA4F095580C25B0D28CEAD948.e.14432"},"getText",[]]}
RESULT: {"script":"<script> [6424 bytes]","args":[{"element-6066-11e4-a52e-4f735466cecf":"f.8BC31031A8A77F81AA6DDAE562E569BF.d.1CABE3EAA4F095580C25B0D28CEAD948.e.14432"},"getText",[]]}
COMMAND: POST /session/0a56c8b3fe23980ff89a5571a3a07e32/execute/async - {"script":"<script> [1562 bytes]","args":[{"selector":{"controlType":"sap.ui.core.Icon","viewName":"etm.portal.ui.managestatesandperformance.view.Master","viewId":"application-managestatesandperformance-display-component---stateAndPerform","properties":{"src":{"regex":{"source":"slim\\-arrow\\-right"}}}},"wdio_ui5_key":"etmportal.ui.managestatesandperformance.view.Mastersap.ui.core.Icon{\"src\":{\"regex\":{\"source\":\"slim\\\\-arrow\\\\-right\"}}}"}]}
RESULT: {"script":"<script> [1562 bytes]","args":[{"selector":{"controlType":"sap.ui.core.Icon","viewName":"etm.portal.ui.managestatesandperformance.view.Master","viewId":"application-managestatesandperformance-display-component---stateAndPerform","properties":{"src":{"regex":{"source":"slim\\-arrow\\-right"}}}},"wdio_ui5_key":"etmportal.ui.managestatesandperformance.view.Mastersap.ui.core.Icon{\"src\":{\"regex\":{\"source\":\"slim\\\\-arrow\\\\-right\"}}}"}]}
RESULT: undefined
COMMAND: POST /session/0a56c8b3fe23980ff89a5571a3a07e32/element - {"using":"xpath","value":"//*[@id=\"__item2392-__clone10784-imgNav\"]"}
RESULT: {"using":"xpath","value":"//*[@id=\"__item2392-__clone10784-imgNav\"]"}
COMMAND: POST /session/0a56c8b3fe23980ff89a5571a3a07e32/element/f.8BC31031A8A77F81AA6DDAE562E569BF.d.1CABE3EAA4F095580C25B0D28CEAD948.e.14431/click - {}
RESULT: {}
COMMAND: GET /session/0a56c8b3fe23980ff89a5571a3a07e32/screenshot - {}
RESULT: {}
COMMAND: POST /session/0a56c8b3fe23980ff89a5571a3a07e32/execute/async - {"script":"<script> [1562 bytes]","args":[{"selector":{"controlType":"sap.m.Button","viewName":"etm.portal.ui.managestatesandperformance.view.Detail","viewId":"application-managestatesandperformance-display-component---detailStateAndPerform","properties":{"text":"Performance Documents"}},"wdio_ui5_key":"etmportal.ui.managestatesandperformance.view.Detailsap.m.Button{\"text\":\"Performance Documents\"}"}]}
RESULT: {"script":"<script> [1562 bytes]","args":[{"selector":{"controlType":"sap.m.Button","viewName":"etm.portal.ui.managestatesandperformance.view.Detail","viewId":"application-managestatesandperformance-display-component---detailStateAndPerform","properties":{"text":"Performance Documents"}},"wdio_ui5_key":"etmportal.ui.managestatesandperformance.view.Detailsap.m.Button{\"text\":\"Performance Documents\"}"}]}
RESULT: undefined
COMMAND: POST /session/0a56c8b3fe23980ff89a5571a3a07e32/element - {"using":"xpath","value":"//*[@id=\"__item2415-button\"]"}
RESULT: {"using":"xpath","value":"//*[@id=\"__item2415-button\"]"}
COMMAND: POST /session/0a56c8b3fe23980ff89a5571a3a07e32/element/f.8BC31031A8A77F81AA6DDAE562E569BF.d.1CABE3EAA4F095580C25B0D28CEAD948.e.14479/click - {}
RESULT: {}
COMMAND: POST /session/0a56c8b3fe23980ff89a5571a3a07e32/execute/async - {"script":"<script> [1562 bytes]","args":[{"selector":{"controlType":"sap.m.Button","viewName":"etm.portal.ui.managestatesandperformance.view.Detail","viewId":"application-managestatesandperformance-display-component---detailStateAndPerform","i18NText":{"propertyName":"text","key":"createPerformanceDoc"},"interaction":{"idSuffix":"BDI-content"}},"wdio_ui5_key":"etmportal.ui.managestatesandperformance.view.Detailsap.m.Button{\"propertyName\":\"text\",\"key\":\"createPerformanceDoc\"}"}]}
COMMAND: GET /session/0a56c8b3fe23980ff89a5571a3a07e32/screenshot - {}
RESULT: {"script":"<script> [1562 bytes]","args":[{"selector":{"controlType":"sap.m.Button","viewName":"etm.portal.ui.managestatesandperformance.view.Detail","viewId":"application-managestatesandperformance-display-component---detailStateAndPerform","i18NText":{"propertyName":"text","key":"createPerformanceDoc"},"interaction":{"idSuffix":"BDI-content"}},"wdio_ui5_key":"etmportal.ui.managestatesandperformance.view.Detailsap.m.Button{\"propertyName\":\"text\",\"key\":\"createPerformanceDoc\"}"}]}
RESULT: undefined
COMMAND: POST /session/0a56c8b3fe23980ff89a5571a3a07e32/element - {"using":"xpath","value":"//*[@id=\"__button401\"]"}
RESULT: {}
RESULT: {"using":"xpath","value":"//*[@id=\"__button401\"]"}
COMMAND: POST /session/0a56c8b3fe23980ff89a5571a3a07e32/element/f.8BC31031A8A77F81AA6DDAE562E569BF.d.1CABE3EAA4F095580C25B0D28CEAD948.e.14482/click - {}
RESULT: {}
COMMAND: POST /session/0a56c8b3fe23980ff89a5571a3a07e32/execute/async - {"script":"<script> [1562 bytes]","args":[{"selector":{"id":"application-managestatesandperformance-display-component---detailStateAndPerform--perfDocDatePicker","searchOpenDialogs":true,"interaction":{"idSuffix":"inner"}},"wdio_ui5_key":"applicationmanagestatesandperformance-display-component---detailStateAndPerform--perfDocDatePicker"}]}
COMMAND: GET /session/0a56c8b3fe23980ff89a5571a3a07e32/screenshot - {}
RESULT: {"script":"<script> [1562 bytes]","args":[{"selector":{"id":"application-managestatesandperformance-display-component---detailStateAndPerform--perfDocDatePicker","searchOpenDialogs":true,"interaction":{"idSuffix":"inner"}},"wdio_ui5_key":"applicationmanagestatesandperformance-display-component---detailStateAndPerform--perfDocDatePicker"}]}
RESULT: undefined
COMMAND: POST /session/0a56c8b3fe23980ff89a5571a3a07e32/execute/async - {"script":"<script> [776 bytes]","args":[{"enterText":"5/28/25","selector":{"id":"application-managestatesandperformance-display-component---detailStateAndPerform--perfDocDatePicker","searchOpenDialogs":true,"interaction":{"idSuffix":"inner"}},"clearTextFirst":true,"interactionType":"ENTER_TEXT"}]}
RESULT: {}
RESULT: {"script":"<script> [776 bytes]","args":[{"enterText":"5/28/25","selector":{"id":"application-managestatesandperformance-display-component---detailStateAndPerform--perfDocDatePicker","searchOpenDialogs":true,"interaction":{"idSuffix":"inner"}},"clearTextFirst":true,"interactionType":"ENTER_TEXT"}]}
COMMAND: POST /session/0a56c8b3fe23980ff89a5571a3a07e32/execute/async - {"script":"<script> [1562 bytes]","args":[{"selector":{"id":"application-managestatesandperformance-display-component---detailStateAndPerform--counterValue-input","searchOpenDialogs":true,"interaction":{"idSuffix":"inner"}},"wdio_ui5_key":"applicationmanagestatesandperformance-display-component---detailStateAndPerform--counterValue-input"}]}
RESULT: {"script":"<script> [1562 bytes]","args":[{"selector":{"id":"application-managestatesandperformance-display-component---detailStateAndPerform--counterValue-input","searchOpenDialogs":true,"interaction":{"idSuffix":"inner"}},"wdio_ui5_key":"applicationmanagestatesandperformance-display-component---detailStateAndPerform--counterValue-input"}]}
RESULT: undefined
COMMAND: POST /session/0a56c8b3fe23980ff89a5571a3a07e32/execute/async - {"script":"<script> [776 bytes]","args":[{"enterText":"15.00","selector":{"id":"application-managestatesandperformance-display-component---detailStateAndPerform--counterValue-input","searchOpenDialogs":true,"interaction":{"idSuffix":"inner"}},"clearTextFirst":true,"interactionType":"ENTER_TEXT"}]}
RESULT: {"script":"<script> [776 bytes]","args":[{"enterText":"15.00","selector":{"id":"application-managestatesandperformance-display-component---detailStateAndPerform--counterValue-input","searchOpenDialogs":true,"interaction":{"idSuffix":"inner"}},"clearTextFirst":true,"interactionType":"ENTER_TEXT"}]}
COMMAND: POST /session/0a56c8b3fe23980ff89a5571a3a07e32/execute/async - {"script":"<script> [1562 bytes]","args":[{"selector":{"controlType":"sap.m.Button","viewName":"etm.portal.ui.managestatesandperformance.view.Detail","viewId":"application-managestatesandperformance-display-component---detailStateAndPerform","bindingPath":{"path":"","propertyPath":"/allowAddEdit","modelName":"oScreenModel"},"searchOpenDialogs":true,"interaction":{"idSuffix":"BDI-content"}},"wdio_ui5_key":"etmportal.ui.managestatesandperformance.view.Detailsap.m.Button{\"path\":\"\",\"propertyPath\":\"/allowAddEdit\",\"modelName\":\"oScreenModel\"}"}]}
RESULT: {"script":"<script> [1562 bytes]","args":[{"selector":{"controlType":"sap.m.Button","viewName":"etm.portal.ui.managestatesandperformance.view.Detail","viewId":"application-managestatesandperformance-display-component---detailStateAndPerform","bindingPath":{"path":"","propertyPath":"/allowAddEdit","modelName":"oScreenModel"},"searchOpenDialogs":true,"interaction":{"idSuffix":"BDI-content"}},"wdio_ui5_key":"etmportal.ui.managestatesandperformance.view.Detailsap.m.Button{\"path\":\"\",\"propertyPath\":\"/allowAddEdit\",\"modelName\":\"oScreenModel\"}"}]}
RESULT: undefined
COMMAND: POST /session/0a56c8b3fe23980ff89a5571a3a07e32/element - {"using":"xpath","value":"//*[@id=\"__button408\"]"}
RESULT: {"using":"xpath","value":"//*[@id=\"__button408\"]"}
COMMAND: POST /session/0a56c8b3fe23980ff89a5571a3a07e32/element/f.8BC31031A8A77F81AA6DDAE562E569BF.d.1CABE3EAA4F095580C25B0D28CEAD948.e.14498/click - {}
RESULT: {}
RESULT: undefined
COMMAND: POST /session/0a56c8b3fe23980ff89a5571a3a07e32/element - {"using":"xpath","value":"//*[@id=\"__button401\"]"}
COMMAND: GET /session/0a56c8b3fe23980ff89a5571a3a07e32/screenshot - {}
RESULT: {"using":"xpath","value":"//*[@id=\"__button401\"]"}
COMMAND: POST /session/0a56c8b3fe23980ff89a5571a3a07e32/element/f.8BC31031A8A77F81AA6DDAE562E569BF.d.1CABE3EAA4F095580C25B0D28CEAD948.e.14482/click - {}
RESULT: {}
RESULT: {}
RESULT: undefined
COMMAND: POST /session/0a56c8b3fe23980ff89a5571a3a07e32/execute/async - {"script":"<script> [776 bytes]","args":[{"enterText":"6/1/25","selector":{"id":"application-managestatesandperformance-display-component---detailStateAndPerform--perfDocDatePicker","searchOpenDialogs":true,"interaction":{"idSuffix":"inner"}},"clearTextFirst":true,"interactionType":"ENTER_TEXT"}]}
COMMAND: GET /session/0a56c8b3fe23980ff89a5571a3a07e32/screenshot - {}
RESULT: {"script":"<script> [776 bytes]","args":[{"enterText":"6/1/25","selector":{"id":"application-managestatesandperformance-display-component---detailStateAndPerform--perfDocDatePicker","searchOpenDialogs":true,"interaction":{"idSuffix":"inner"}},"clearTextFirst":true,"interactionType":"ENTER_TEXT"}]}
RESULT: undefined
COMMAND: POST /session/0a56c8b3fe23980ff89a5571a3a07e32/execute/async - {"script":"<script> [776 bytes]","args":[{"enterText":"20.00","selector":{"id":"application-managestatesandperformance-display-component---detailStateAndPerform--counterValue-input","searchOpenDialogs":true,"interaction":{"idSuffix":"inner"}},"clearTextFirst":true,"interactionType":"ENTER_TEXT"}]}
RESULT: {}
RESULT: {"script":"<script> [776 bytes]","args":[{"enterText":"20.00","selector":{"id":"application-managestatesandperformance-display-component---detailStateAndPerform--counterValue-input","searchOpenDialogs":true,"interaction":{"idSuffix":"inner"}},"clearTextFirst":true,"interactionType":"ENTER_TEXT"}]}
COMMAND: POST /session/0a56c8b3fe23980ff89a5571a3a07e32/actions - {"actions":[{"id":"action49","type":"key","parameters":{},"actions":[{"type":"keyDown","value":""},{"type":"keyDown","value":""},{"type":"pause","duration":10},{"type":"keyUp","value":""},{"type":"keyUp","value":""}]}]}
RESULT: {"actions":[{"id":"action49","type":"key","parameters":{},"actions":[{"type":"keyDown","value":""},{"type":"keyDown","value":""},{"type":"pause","duration":10},{"type":"keyUp","value":""},{"type":"keyUp","value":""}]}]}
COMMAND: POST /session/0a56c8b3fe23980ff89a5571a3a07e32/actions - {"actions":[{"id":"action50","type":"key","parameters":{},"actions":[{"type":"keyDown","value":""},{"type":"pause","duration":10},{"type":"keyUp","value":""}]}]}
COMMAND: GET /session/0a56c8b3fe23980ff89a5571a3a07e32/screenshot - {}
RESULT: {"actions":[{"id":"action50","type":"key","parameters":{},"actions":[{"type":"keyDown","value":""},{"type":"pause","duration":10},{"type":"keyUp","value":""}]}]}
RESULT: undefined
COMMAND: POST /session/0a56c8b3fe23980ff89a5571a3a07e32/element - {"using":"xpath","value":"//*[@id=\"__button408\"]"}
COMMAND: GET /session/0a56c8b3fe23980ff89a5571a3a07e32/screenshot - {}
RESULT: {}
RESULT: {}
RESULT: {"using":"xpath","value":"//*[@id=\"__button408\"]"}
COMMAND: POST /session/0a56c8b3fe23980ff89a5571a3a07e32/elements - {"using":"xpath","value":"//*[@id=\"__button408\"]"}
RESULT: {"using":"xpath","value":"//*[@id=\"__button408\"]"}
COMMAND: POST /session/0a56c8b3fe23980ff89a5571a3a07e32/elements - {"using":"xpath","value":"//*[@id=\"__button408\"]"}
RESULT: {"using":"xpath","value":"//*[@id=\"__button408\"]"}
COMMAND: POST /session/0a56c8b3fe23980ff89a5571a3a07e32/elements - {"using":"xpath","value":"//*[@id=\"__button408\"]"}
RESULT: {"using":"xpath","value":"//*[@id=\"__button408\"]"}
COMMAND: POST /session/0a56c8b3fe23980ff89a5571a3a07e32/elements - {"using":"xpath","value":"//*[@id=\"__button408\"]"}
RESULT: {"using":"xpath","value":"//*[@id=\"__button408\"]"}
COMMAND: POST /session/0a56c8b3fe23980ff89a5571a3a07e32/elements - {"using":"xpath","value":"//*[@id=\"__button408\"]"}
RESULT: {"using":"xpath","value":"//*[@id=\"__button408\"]"}
COMMAND: POST /session/0a56c8b3fe23980ff89a5571a3a07e32/elements - {"using":"xpath","value":"//*[@id=\"__button408\"]"}
RESULT: {"using":"xpath","value":"//*[@id=\"__button408\"]"}
COMMAND: POST /session/0a56c8b3fe23980ff89a5571a3a07e32/elements - {"using":"xpath","value":"//*[@id=\"__button408\"]"}
RESULT: {"using":"xpath","value":"//*[@id=\"__button408\"]"}
COMMAND: POST /session/0a56c8b3fe23980ff89a5571a3a07e32/elements - {"using":"xpath","value":"//*[@id=\"__button408\"]"}
RESULT: {"using":"xpath","value":"//*[@id=\"__button408\"]"}
COMMAND: POST /session/0a56c8b3fe23980ff89a5571a3a07e32/elements - {"using":"xpath","value":"//*[@id=\"__button408\"]"}
RESULT: {"using":"xpath","value":"//*[@id=\"__button408\"]"}
COMMAND: POST /session/0a56c8b3fe23980ff89a5571a3a07e32/elements - {"using":"xpath","value":"//*[@id=\"__button408\"]"}
RESULT: {"using":"xpath","value":"//*[@id=\"__button408\"]"}
COMMAND: POST /session/0a56c8b3fe23980ff89a5571a3a07e32/elements - {"using":"xpath","value":"//*[@id=\"__button408\"]"}
RESULT: {"using":"xpath","value":"//*[@id=\"__button408\"]"}
COMMAND: POST /session/0a56c8b3fe23980ff89a5571a3a07e32/elements - {"using":"xpath","value":"//*[@id=\"__button408\"]"}
RESULT: {"using":"xpath","value":"//*[@id=\"__button408\"]"}
COMMAND: POST /session/0a56c8b3fe23980ff89a5571a3a07e32/elements - {"using":"xpath","value":"//*[@id=\"__button408\"]"}
RESULT: {"using":"xpath","value":"//*[@id=\"__button408\"]"}
COMMAND: POST /session/0a56c8b3fe23980ff89a5571a3a07e32/elements - {"using":"xpath","value":"//*[@id=\"__button408\"]"}
RESULT: {"using":"xpath","value":"//*[@id=\"__button408\"]"}
COMMAND: POST /session/0a56c8b3fe23980ff89a5571a3a07e32/elements - {"using":"xpath","value":"//*[@id=\"__button408\"]"}
RESULT: {"using":"xpath","value":"//*[@id=\"__button408\"]"}
COMMAND: POST /session/0a56c8b3fe23980ff89a5571a3a07e32/elements - {"using":"xpath","value":"//*[@id=\"__button408\"]"}
RESULT: {"using":"xpath","value":"//*[@id=\"__button408\"]"}
COMMAND: POST /session/0a56c8b3fe23980ff89a5571a3a07e32/elements - {"using":"xpath","value":"//*[@id=\"__button408\"]"}
RESULT: {"using":"xpath","value":"//*[@id=\"__button408\"]"}
COMMAND: POST /session/0a56c8b3fe23980ff89a5571a3a07e32/elements - {"using":"xpath","value":"//*[@id=\"__button408\"]"}
RESULT: {"using":"xpath","value":"//*[@id=\"__button408\"]"}
COMMAND: POST /session/0a56c8b3fe23980ff89a5571a3a07e32/elements - {"using":"xpath","value":"//*[@id=\"__button408\"]"}
RESULT: {"using":"xpath","value":"//*[@id=\"__button408\"]"}
COMMAND: POST /session/0a56c8b3fe23980ff89a5571a3a07e32/elements - {"using":"xpath","value":"//*[@id=\"__button408\"]"}
RESULT: {"using":"xpath","value":"//*[@id=\"__button408\"]"}
COMMAND: POST /session/0a56c8b3fe23980ff89a5571a3a07e32/elements - {"using":"xpath","value":"//*[@id=\"__button408\"]"}
RESULT: {"using":"xpath","value":"//*[@id=\"__button408\"]"}
COMMAND: POST /session/0a56c8b3fe23980ff89a5571a3a07e32/elements - {"using":"xpath","value":"//*[@id=\"__button408\"]"}
RESULT: {"using":"xpath","value":"//*[@id=\"__button408\"]"}
COMMAND: POST /session/0a56c8b3fe23980ff89a5571a3a07e32/elements - {"using":"xpath","value":"//*[@id=\"__button408\"]"}
RESULT: {"using":"xpath","value":"//*[@id=\"__button408\"]"}
COMMAND: POST /session/0a56c8b3fe23980ff89a5571a3a07e32/elements - {"using":"xpath","value":"//*[@id=\"__button408\"]"}
RESULT: {"using":"xpath","value":"//*[@id=\"__button408\"]"}
COMMAND: POST /session/0a56c8b3fe23980ff89a5571a3a07e32/elements - {"using":"xpath","value":"//*[@id=\"__button408\"]"}
RESULT: {"using":"xpath","value":"//*[@id=\"__button408\"]"}
COMMAND: POST /session/0a56c8b3fe23980ff89a5571a3a07e32/elements - {"using":"xpath","value":"//*[@id=\"__button408\"]"}
RESULT: {"using":"xpath","value":"//*[@id=\"__button408\"]"}
COMMAND: POST /session/0a56c8b3fe23980ff89a5571a3a07e32/elements - {"using":"xpath","value":"//*[@id=\"__button408\"]"}
RESULT: {"using":"xpath","value":"//*[@id=\"__button408\"]"}
COMMAND: POST /session/0a56c8b3fe23980ff89a5571a3a07e32/elements - {"using":"xpath","value":"//*[@id=\"__button408\"]"}
RESULT: {"using":"xpath","value":"//*[@id=\"__button408\"]"}
COMMAND: POST /session/0a56c8b3fe23980ff89a5571a3a07e32/elements - {"using":"xpath","value":"//*[@id=\"__button408\"]"}
RESULT: {"using":"xpath","value":"//*[@id=\"__button408\"]"}
COMMAND: POST /session/0a56c8b3fe23980ff89a5571a3a07e32/elements - {"using":"xpath","value":"//*[@id=\"__button408\"]"}
RESULT: {"using":"xpath","value":"//*[@id=\"__button408\"]"}
COMMAND: POST /session/0a56c8b3fe23980ff89a5571a3a07e32/elements - {"using":"xpath","value":"//*[@id=\"__button408\"]"}
RESULT: {"using":"xpath","value":"//*[@id=\"__button408\"]"}
COMMAND: POST /session/0a56c8b3fe23980ff89a5571a3a07e32/elements - {"using":"xpath","value":"//*[@id=\"__button408\"]"}
RESULT: {"using":"xpath","value":"//*[@id=\"__button408\"]"}
COMMAND: POST /session/0a56c8b3fe23980ff89a5571a3a07e32/elements - {"using":"xpath","value":"//*[@id=\"__button408\"]"}
RESULT: {"using":"xpath","value":"//*[@id=\"__button408\"]"}
COMMAND: POST /session/0a56c8b3fe23980ff89a5571a3a07e32/elements - {"using":"xpath","value":"//*[@id=\"__button408\"]"}
RESULT: {"using":"xpath","value":"//*[@id=\"__button408\"]"}
COMMAND: POST /session/0a56c8b3fe23980ff89a5571a3a07e32/elements - {"using":"xpath","value":"//*[@id=\"__button408\"]"}
RESULT: {"using":"xpath","value":"//*[@id=\"__button408\"]"}
COMMAND: POST /session/0a56c8b3fe23980ff89a5571a3a07e32/elements - {"using":"xpath","value":"//*[@id=\"__button408\"]"}
RESULT: {"using":"xpath","value":"//*[@id=\"__button408\"]"}
COMMAND: POST /session/0a56c8b3fe23980ff89a5571a3a07e32/elements - {"using":"xpath","value":"//*[@id=\"__button408\"]"}
RESULT: {"using":"xpath","value":"//*[@id=\"__button408\"]"}
COMMAND: POST /session/0a56c8b3fe23980ff89a5571a3a07e32/elements - {"using":"xpath","value":"//*[@id=\"__button408\"]"}
RESULT: {"using":"xpath","value":"//*[@id=\"__button408\"]"}
COMMAND: POST /session/0a56c8b3fe23980ff89a5571a3a07e32/elements - {"using":"xpath","value":"//*[@id=\"__button408\"]"}
RESULT: {"using":"xpath","value":"//*[@id=\"__button408\"]"}
COMMAND: POST /session/0a56c8b3fe23980ff89a5571a3a07e32/elements - {"using":"xpath","value":"//*[@id=\"__button408\"]"}
RESULT: {"using":"xpath","value":"//*[@id=\"__button408\"]"}
COMMAND: POST /session/0a56c8b3fe23980ff89a5571a3a07e32/elements - {"using":"xpath","value":"//*[@id=\"__button408\"]"}
RESULT: {"using":"xpath","value":"//*[@id=\"__button408\"]"}
COMMAND: POST /session/0a56c8b3fe23980ff89a5571a3a07e32/elements - {"using":"xpath","value":"//*[@id=\"__button408\"]"}
RESULT: {"using":"xpath","value":"//*[@id=\"__button408\"]"}
COMMAND: POST /session/0a56c8b3fe23980ff89a5571a3a07e32/elements - {"using":"xpath","value":"//*[@id=\"__button408\"]"}
RESULT: {"using":"xpath","value":"//*[@id=\"__button408\"]"}
COMMAND: POST /session/0a56c8b3fe23980ff89a5571a3a07e32/elements - {"using":"xpath","value":"//*[@id=\"__button408\"]"}
RESULT: {"using":"xpath","value":"//*[@id=\"__button408\"]"}
COMMAND: POST /session/0a56c8b3fe23980ff89a5571a3a07e32/elements - {"using":"xpath","value":"//*[@id=\"__button408\"]"}
RESULT: {"using":"xpath","value":"//*[@id=\"__button408\"]"}
COMMAND: POST /session/0a56c8b3fe23980ff89a5571a3a07e32/elements - {"using":"xpath","value":"//*[@id=\"__button408\"]"}
RESULT: {"using":"xpath","value":"//*[@id=\"__button408\"]"}
COMMAND: POST /session/0a56c8b3fe23980ff89a5571a3a07e32/elements - {"using":"xpath","value":"//*[@id=\"__button408\"]"}
RESULT: {"using":"xpath","value":"//*[@id=\"__button408\"]"}
COMMAND: POST /session/0a56c8b3fe23980ff89a5571a3a07e32/elements - {"using":"xpath","value":"//*[@id=\"__button408\"]"}
RESULT: {"using":"xpath","value":"//*[@id=\"__button408\"]"}
COMMAND: POST /session/0a56c8b3fe23980ff89a5571a3a07e32/elements - {"using":"xpath","value":"//*[@id=\"__button408\"]"}
RESULT: {"using":"xpath","value":"//*[@id=\"__button408\"]"}
COMMAND: POST /session/0a56c8b3fe23980ff89a5571a3a07e32/elements - {"using":"xpath","value":"//*[@id=\"__button408\"]"}
RESULT: {"using":"xpath","value":"//*[@id=\"__button408\"]"}
COMMAND: POST /session/0a56c8b3fe23980ff89a5571a3a07e32/elements - {"using":"xpath","value":"//*[@id=\"__button408\"]"}
RESULT: {"using":"xpath","value":"//*[@id=\"__button408\"]"}
COMMAND: POST /session/0a56c8b3fe23980ff89a5571a3a07e32/elements - {"using":"xpath","value":"//*[@id=\"__button408\"]"}
RESULT: {"using":"xpath","value":"//*[@id=\"__button408\"]"}
COMMAND: POST /session/0a56c8b3fe23980ff89a5571a3a07e32/elements - {"using":"xpath","value":"//*[@id=\"__button408\"]"}
RESULT: {"using":"xpath","value":"//*[@id=\"__button408\"]"}
COMMAND: POST /session/0a56c8b3fe23980ff89a5571a3a07e32/elements - {"using":"xpath","value":"//*[@id=\"__button408\"]"}
RESULT: {"using":"xpath","value":"//*[@id=\"__button408\"]"}
COMMAND: POST /session/0a56c8b3fe23980ff89a5571a3a07e32/elements - {"using":"xpath","value":"//*[@id=\"__button408\"]"}
RESULT: {"using":"xpath","value":"//*[@id=\"__button408\"]"}
COMMAND: POST /session/0a56c8b3fe23980ff89a5571a3a07e32/elements - {"using":"xpath","value":"//*[@id=\"__button408\"]"}
RESULT: {"using":"xpath","value":"//*[@id=\"__button408\"]"}
COMMAND: POST /session/0a56c8b3fe23980ff89a5571a3a07e32/elements - {"using":"xpath","value":"//*[@id=\"__button408\"]"}
RESULT: {"using":"xpath","value":"//*[@id=\"__button408\"]"}
COMMAND: POST /session/0a56c8b3fe23980ff89a5571a3a07e32/elements - {"using":"xpath","value":"//*[@id=\"__button408\"]"}
RESULT: {"using":"xpath","value":"//*[@id=\"__button408\"]"}
COMMAND: POST /session/0a56c8b3fe23980ff89a5571a3a07e32/elements - {"using":"xpath","value":"//*[@id=\"__button408\"]"}
RESULT: {"using":"xpath","value":"//*[@id=\"__button408\"]"}
COMMAND: POST /session/0a56c8b3fe23980ff89a5571a3a07e32/elements - {"using":"xpath","value":"//*[@id=\"__button408\"]"}
RESULT: {"using":"xpath","value":"//*[@id=\"__button408\"]"}
COMMAND: POST /session/0a56c8b3fe23980ff89a5571a3a07e32/elements - {"using":"xpath","value":"//*[@id=\"__button408\"]"}
RESULT: {"using":"xpath","value":"//*[@id=\"__button408\"]"}
COMMAND: POST /session/0a56c8b3fe23980ff89a5571a3a07e32/elements - {"using":"xpath","value":"//*[@id=\"__button408\"]"}
RESULT: {"using":"xpath","value":"//*[@id=\"__button408\"]"}
COMMAND: POST /session/0a56c8b3fe23980ff89a5571a3a07e32/elements - {"using":"xpath","value":"//*[@id=\"__button408\"]"}
RESULT: {"using":"xpath","value":"//*[@id=\"__button408\"]"}
COMMAND: POST /session/0a56c8b3fe23980ff89a5571a3a07e32/elements - {"using":"xpath","value":"//*[@id=\"__button408\"]"}
RESULT: {"using":"xpath","value":"//*[@id=\"__button408\"]"}
COMMAND: POST /session/0a56c8b3fe23980ff89a5571a3a07e32/elements - {"using":"xpath","value":"//*[@id=\"__button408\"]"}
RESULT: {"using":"xpath","value":"//*[@id=\"__button408\"]"}
COMMAND: POST /session/0a56c8b3fe23980ff89a5571a3a07e32/elements - {"using":"xpath","value":"//*[@id=\"__button408\"]"}
RESULT: {"using":"xpath","value":"//*[@id=\"__button408\"]"}
COMMAND: POST /session/0a56c8b3fe23980ff89a5571a3a07e32/elements - {"using":"xpath","value":"//*[@id=\"__button408\"]"}
RESULT: {"using":"xpath","value":"//*[@id=\"__button408\"]"}
COMMAND: POST /session/0a56c8b3fe23980ff89a5571a3a07e32/elements - {"using":"xpath","value":"//*[@id=\"__button408\"]"}
RESULT: {"using":"xpath","value":"//*[@id=\"__button408\"]"}
COMMAND: POST /session/0a56c8b3fe23980ff89a5571a3a07e32/elements - {"using":"xpath","value":"//*[@id=\"__button408\"]"}
RESULT: {"using":"xpath","value":"//*[@id=\"__button408\"]"}
COMMAND: POST /session/0a56c8b3fe23980ff89a5571a3a07e32/elements - {"using":"xpath","value":"//*[@id=\"__button408\"]"}
RESULT: {"using":"xpath","value":"//*[@id=\"__button408\"]"}
COMMAND: POST /session/0a56c8b3fe23980ff89a5571a3a07e32/elements - {"using":"xpath","value":"//*[@id=\"__button408\"]"}
RESULT: {"using":"xpath","value":"//*[@id=\"__button408\"]"}
COMMAND: POST /session/0a56c8b3fe23980ff89a5571a3a07e32/elements - {"using":"xpath","value":"//*[@id=\"__button408\"]"}
RESULT: {"using":"xpath","value":"//*[@id=\"__button408\"]"}
COMMAND: POST /session/0a56c8b3fe23980ff89a5571a3a07e32/elements - {"using":"xpath","value":"//*[@id=\"__button408\"]"}
RESULT: {"using":"xpath","value":"//*[@id=\"__button408\"]"}
COMMAND: POST /session/0a56c8b3fe23980ff89a5571a3a07e32/elements - {"using":"xpath","value":"//*[@id=\"__button408\"]"}
RESULT: {"using":"xpath","value":"//*[@id=\"__button408\"]"}
COMMAND: POST /session/0a56c8b3fe23980ff89a5571a3a07e32/elements - {"using":"xpath","value":"//*[@id=\"__button408\"]"}
RESULT: {"using":"xpath","value":"//*[@id=\"__button408\"]"}
COMMAND: POST /session/0a56c8b3fe23980ff89a5571a3a07e32/elements - {"using":"xpath","value":"//*[@id=\"__button408\"]"}
RESULT: {"using":"xpath","value":"//*[@id=\"__button408\"]"}
COMMAND: POST /session/0a56c8b3fe23980ff89a5571a3a07e32/elements - {"using":"xpath","value":"//*[@id=\"__button408\"]"}
RESULT: {"using":"xpath","value":"//*[@id=\"__button408\"]"}
COMMAND: POST /session/0a56c8b3fe23980ff89a5571a3a07e32/elements - {"using":"xpath","value":"//*[@id=\"__button408\"]"}
RESULT: {"using":"xpath","value":"//*[@id=\"__button408\"]"}
COMMAND: POST /session/0a56c8b3fe23980ff89a5571a3a07e32/elements - {"using":"xpath","value":"//*[@id=\"__button408\"]"}
RESULT: {"using":"xpath","value":"//*[@id=\"__button408\"]"}
COMMAND: POST /session/0a56c8b3fe23980ff89a5571a3a07e32/elements - {"using":"xpath","value":"//*[@id=\"__button408\"]"}
RESULT: {"using":"xpath","value":"//*[@id=\"__button408\"]"}
COMMAND: POST /session/0a56c8b3fe23980ff89a5571a3a07e32/elements - {"using":"xpath","value":"//*[@id=\"__button408\"]"}
RESULT: {"using":"xpath","value":"//*[@id=\"__button408\"]"}
COMMAND: POST /session/0a56c8b3fe23980ff89a5571a3a07e32/elements - {"using":"xpath","value":"//*[@id=\"__button408\"]"}
RESULT: {"using":"xpath","value":"//*[@id=\"__button408\"]"}
COMMAND: POST /session/0a56c8b3fe23980ff89a5571a3a07e32/elements - {"using":"xpath","value":"//*[@id=\"__button408\"]"}
RESULT: {"using":"xpath","value":"//*[@id=\"__button408\"]"}
COMMAND: POST /session/0a56c8b3fe23980ff89a5571a3a07e32/elements - {"using":"xpath","value":"//*[@id=\"__button408\"]"}
RESULT: {"using":"xpath","value":"//*[@id=\"__button408\"]"}
COMMAND: POST /session/0a56c8b3fe23980ff89a5571a3a07e32/elements - {"using":"xpath","value":"//*[@id=\"__button408\"]"}
RESULT: {"using":"xpath","value":"//*[@id=\"__button408\"]"}
COMMAND: POST /session/0a56c8b3fe23980ff89a5571a3a07e32/elements - {"using":"xpath","value":"//*[@id=\"__button408\"]"}
RESULT: {"using":"xpath","value":"//*[@id=\"__button408\"]"}
COMMAND: POST /session/0a56c8b3fe23980ff89a5571a3a07e32/elements - {"using":"xpath","value":"//*[@id=\"__button408\"]"}
RESULT: {"using":"xpath","value":"//*[@id=\"__button408\"]"}
COMMAND: POST /session/0a56c8b3fe23980ff89a5571a3a07e32/elements - {"using":"xpath","value":"//*[@id=\"__button408\"]"}
RESULT: {"using":"xpath","value":"//*[@id=\"__button408\"]"}
COMMAND: POST /session/0a56c8b3fe23980ff89a5571a3a07e32/elements - {"using":"xpath","value":"//*[@id=\"__button408\"]"}
RESULT: {"using":"xpath","value":"//*[@id=\"__button408\"]"}
COMMAND: POST /session/0a56c8b3fe23980ff89a5571a3a07e32/elements - {"using":"xpath","value":"//*[@id=\"__button408\"]"}
RESULT: {"using":"xpath","value":"//*[@id=\"__button408\"]"}
COMMAND: POST /session/0a56c8b3fe23980ff89a5571a3a07e32/elements - {"using":"xpath","value":"//*[@id=\"__button408\"]"}
RESULT: {"using":"xpath","value":"//*[@id=\"__button408\"]"}
COMMAND: POST /session/0a56c8b3fe23980ff89a5571a3a07e32/elements - {"using":"xpath","value":"//*[@id=\"__button408\"]"}
RESULT: {"using":"xpath","value":"//*[@id=\"__button408\"]"}
COMMAND: POST /session/0a56c8b3fe23980ff89a5571a3a07e32/elements - {"using":"xpath","value":"//*[@id=\"__button408\"]"}
RESULT: {"using":"xpath","value":"//*[@id=\"__button408\"]"}
COMMAND: POST /session/0a56c8b3fe23980ff89a5571a3a07e32/elements - {"using":"xpath","value":"//*[@id=\"__button408\"]"}
RESULT: {"using":"xpath","value":"//*[@id=\"__button408\"]"}
COMMAND: POST /session/0a56c8b3fe23980ff89a5571a3a07e32/elements - {"using":"xpath","value":"//*[@id=\"__button408\"]"}
RESULT: {"using":"xpath","value":"//*[@id=\"__button408\"]"}
COMMAND: POST /session/0a56c8b3fe23980ff89a5571a3a07e32/elements - {"using":"xpath","value":"//*[@id=\"__button408\"]"}
RESULT: {"using":"xpath","value":"//*[@id=\"__button408\"]"}
COMMAND: POST /session/0a56c8b3fe23980ff89a5571a3a07e32/elements - {"using":"xpath","value":"//*[@id=\"__button408\"]"}
RESULT: {"using":"xpath","value":"//*[@id=\"__button408\"]"}
COMMAND: POST /session/0a56c8b3fe23980ff89a5571a3a07e32/elements - {"using":"xpath","value":"//*[@id=\"__button408\"]"}
RESULT: {"using":"xpath","value":"//*[@id=\"__button408\"]"}
COMMAND: POST /session/0a56c8b3fe23980ff89a5571a3a07e32/elements - {"using":"xpath","value":"//*[@id=\"__button408\"]"}
RESULT: {"using":"xpath","value":"//*[@id=\"__button408\"]"}
COMMAND: POST /session/0a56c8b3fe23980ff89a5571a3a07e32/elements - {"using":"xpath","value":"//*[@id=\"__button408\"]"}
RESULT: {"using":"xpath","value":"//*[@id=\"__button408\"]"}
COMMAND: POST /session/0a56c8b3fe23980ff89a5571a3a07e32/elements - {"using":"xpath","value":"//*[@id=\"__button408\"]"}
RESULT: {"using":"xpath","value":"//*[@id=\"__button408\"]"}
COMMAND: POST /session/0a56c8b3fe23980ff89a5571a3a07e32/elements - {"using":"xpath","value":"//*[@id=\"__button408\"]"}
RESULT: {"using":"xpath","value":"//*[@id=\"__button408\"]"}
COMMAND: POST /session/0a56c8b3fe23980ff89a5571a3a07e32/elements - {"using":"xpath","value":"//*[@id=\"__button408\"]"}
RESULT: {"using":"xpath","value":"//*[@id=\"__button408\"]"}
COMMAND: POST /session/0a56c8b3fe23980ff89a5571a3a07e32/elements - {"using":"xpath","value":"//*[@id=\"__button408\"]"}
RESULT: {"using":"xpath","value":"//*[@id=\"__button408\"]"}
COMMAND: POST /session/0a56c8b3fe23980ff89a5571a3a07e32/elements - {"using":"xpath","value":"//*[@id=\"__button408\"]"}
RESULT: {"using":"xpath","value":"//*[@id=\"__button408\"]"}
COMMAND: POST /session/0a56c8b3fe23980ff89a5571a3a07e32/elements - {"using":"xpath","value":"//*[@id=\"__button408\"]"}
RESULT: {"using":"xpath","value":"//*[@id=\"__button408\"]"}
COMMAND: POST /session/0a56c8b3fe23980ff89a5571a3a07e32/elements - {"using":"xpath","value":"//*[@id=\"__button408\"]"}
RESULT: {"using":"xpath","value":"//*[@id=\"__button408\"]"}
COMMAND: POST /session/0a56c8b3fe23980ff89a5571a3a07e32/elements - {"using":"xpath","value":"//*[@id=\"__button408\"]"}
RESULT: {"using":"xpath","value":"//*[@id=\"__button408\"]"}
COMMAND: POST /session/0a56c8b3fe23980ff89a5571a3a07e32/elements - {"using":"xpath","value":"//*[@id=\"__button408\"]"}
RESULT: {"using":"xpath","value":"//*[@id=\"__button408\"]"}
COMMAND: POST /session/0a56c8b3fe23980ff89a5571a3a07e32/elements - {"using":"xpath","value":"//*[@id=\"__button408\"]"}
RESULT: {"using":"xpath","value":"//*[@id=\"__button408\"]"}
COMMAND: POST /session/0a56c8b3fe23980ff89a5571a3a07e32/elements - {"using":"xpath","value":"//*[@id=\"__button408\"]"}
RESULT: {"using":"xpath","value":"//*[@id=\"__button408\"]"}
COMMAND: POST /session/0a56c8b3fe23980ff89a5571a3a07e32/elements - {"using":"xpath","value":"//*[@id=\"__button408\"]"}
RESULT: {"using":"xpath","value":"//*[@id=\"__button408\"]"}
COMMAND: POST /session/0a56c8b3fe23980ff89a5571a3a07e32/elements - {"using":"xpath","value":"//*[@id=\"__button408\"]"}
RESULT: {"using":"xpath","value":"//*[@id=\"__button408\"]"}
COMMAND: POST /session/0a56c8b3fe23980ff89a5571a3a07e32/elements - {"using":"xpath","value":"//*[@id=\"__button408\"]"}
RESULT: {"using":"xpath","value":"//*[@id=\"__button408\"]"}
COMMAND: POST /session/0a56c8b3fe23980ff89a5571a3a07e32/elements - {"using":"xpath","value":"//*[@id=\"__button408\"]"}
RESULT: {"using":"xpath","value":"//*[@id=\"__button408\"]"}
COMMAND: POST /session/0a56c8b3fe23980ff89a5571a3a07e32/elements - {"using":"xpath","value":"//*[@id=\"__button408\"]"}
RESULT: {"using":"xpath","value":"//*[@id=\"__button408\"]"}
COMMAND: POST /session/0a56c8b3fe23980ff89a5571a3a07e32/elements - {"using":"xpath","value":"//*[@id=\"__button408\"]"}
RESULT: {"using":"xpath","value":"//*[@id=\"__button408\"]"}
COMMAND: POST /session/0a56c8b3fe23980ff89a5571a3a07e32/elements - {"using":"xpath","value":"//*[@id=\"__button408\"]"}
RESULT: {"using":"xpath","value":"//*[@id=\"__button408\"]"}
COMMAND: POST /session/0a56c8b3fe23980ff89a5571a3a07e32/elements - {"using":"xpath","value":"//*[@id=\"__button408\"]"}
RESULT: {"using":"xpath","value":"//*[@id=\"__button408\"]"}
COMMAND: POST /session/0a56c8b3fe23980ff89a5571a3a07e32/elements - {"using":"xpath","value":"//*[@id=\"__button408\"]"}
RESULT: {"using":"xpath","value":"//*[@id=\"__button408\"]"}
COMMAND: POST /session/0a56c8b3fe23980ff89a5571a3a07e32/elements - {"using":"xpath","value":"//*[@id=\"__button408\"]"}
COMMAND: POST /session/0a56c8b3fe23980ff89a5571a3a07e32/element - {"using":"css selector","value":"#shell-header-logo"}
RESULT: {"using":"xpath","value":"//*[@id=\"__button408\"]"}
RESULT: {"using":"css selector","value":"#shell-header-logo"}
COMMAND: POST /session/0a56c8b3fe23980ff89a5571a3a07e32/execute/sync - {"script":"<script> [8489 bytes]","args":[{"element-6066-11e4-a52e-4f735466cecf":"f.8BC31031A8A77F81AA6DDAE562E569BF.d.1CABE3EAA4F095580C25B0D28CEAD948.e.14329","ELEMENT":"f.8BC31031A8A77F81AA6DDAE562E569BF.d.1CABE3EAA4F095580C25B0D28CEAD948.e.14329"}]}
RESULT: {"script":"<script> [8489 bytes]","args":[{"element-6066-11e4-a52e-4f735466cecf":"f.8BC31031A8A77F81AA6DDAE562E569BF.d.1CABE3EAA4F095580C25B0D28CEAD948.e.14329","ELEMENT":"f.8BC31031A8A77F81AA6DDAE562E569BF.d.1CABE3EAA4F095580C25B0D28CEAD948.e.14329"}]}
COMMAND: POST /session/0a56c8b3fe23980ff89a5571a3a07e32/execute/sync - {"script":"<script> [5351 bytes]","args":[{"element-6066-11e4-a52e-4f735466cecf":"f.8BC31031A8A77F81AA6DDAE562E569BF.d.1CABE3EAA4F095580C25B0D28CEAD948.e.14329","ELEMENT":"f.8BC31031A8A77F81AA6DDAE562E569BF.d.1CABE3EAA4F095580C25B0D28CEAD948.e.14329"}]}
COMMAND: GET /session/0a56c8b3fe23980ff89a5571a3a07e32/screenshot - {}
RESULT: {"script":"<script> [5351 bytes]","args":[{"element-6066-11e4-a52e-4f735466cecf":"f.8BC31031A8A77F81AA6DDAE562E569BF.d.1CABE3EAA4F095580C25B0D28CEAD948.e.14329","ELEMENT":"f.8BC31031A8A77F81AA6DDAE562E569BF.d.1CABE3EAA4F095580C25B0D28CEAD948.e.14329"}]}
COMMAND: POST /session/0a56c8b3fe23980ff89a5571a3a07e32/element/f.8BC31031A8A77F81AA6DDAE562E569BF.d.1CABE3EAA4F095580C25B0D28CEAD948.e.14329/click - {}
COMMAND: GET /session/0a56c8b3fe23980ff89a5571a3a07e32/screenshot - {}
RESULT: {}
RESULT: {}
]]></system-out>
    </testcase>
    <testcase classname="chrome.136_0_7103_93.windows.Create_master_data_for_mixed_billing_&amp;_do_billing_calculation_US151661" name="Should go to Manage Billings and trigger calculation check the conditions applied" time="80.245">
      <system-out><![CDATA[
COMMAND: POST /session/0a56c8b3fe23980ff89a5571a3a07e32/execute/async - {"script":"<script> [1562 bytes]","args":[{"selector":{"controlType":"sap.m.GenericTile","properties":{"header":"Manage Billings"}},"wdio_ui5_key":"sapm.GenericTile{\"header\":\"Manage Billings\"}"}]}
COMMAND: GET /session/0a56c8b3fe23980ff89a5571a3a07e32/screenshot - {}
RESULT: {}
RESULT: {"script":"<script> [1562 bytes]","args":[{"selector":{"controlType":"sap.m.GenericTile","properties":{"header":"Manage Billings"}},"wdio_ui5_key":"sapm.GenericTile{\"header\":\"Manage Billings\"}"}]}
RESULT: undefined
COMMAND: POST /session/0a56c8b3fe23980ff89a5571a3a07e32/element - {"using":"xpath","value":"//*[@id=\"__tile91\"]"}
RESULT: {}
RESULT: {"using":"xpath","value":"//*[@id=\"__tile91\"]"}
COMMAND: POST /session/0a56c8b3fe23980ff89a5571a3a07e32/element/f.8BC31031A8A77F81AA6DDAE562E569BF.d.1CABE3EAA4F095580C25B0D28CEAD948.e.9151/click - {}
RESULT: {}
COMMAND: GET /session/0a56c8b3fe23980ff89a5571a3a07e32/screenshot - {}
RESULT: {}
COMMAND: POST /session/0a56c8b3fe23980ff89a5571a3a07e32/elements - {"using":"xpath","value":"//span[text()='Error']"}
RESULT: {"using":"xpath","value":"//span[text()='Error']"}
COMMAND: POST /session/0a56c8b3fe23980ff89a5571a3a07e32/execute/async - {"script":"<script> [1562 bytes]","args":[{"selector":{"id":"application-managebillings-display-component---billRunCalcResult--smartFilterBar-btnBasicSearch","interaction":{"idSuffix":"I"}},"wdio_ui5_key":"applicationmanagebillings-display-component---billRunCalcResult--smartFilterBar-btnBasicSearch"}]}
RESULT: {"script":"<script> [1562 bytes]","args":[{"selector":{"id":"application-managebillings-display-component---billRunCalcResult--smartFilterBar-btnBasicSearch","interaction":{"idSuffix":"I"}},"wdio_ui5_key":"applicationmanagebillings-display-component---billRunCalcResult--smartFilterBar-btnBasicSearch"}]}
RESULT: undefined
COMMAND: POST /session/0a56c8b3fe23980ff89a5571a3a07e32/execute/async - {"script":"<script> [776 bytes]","args":[{"enterText":"10280","selector":{"id":"application-managebillings-display-component---billRunCalcResult--smartFilterBar-btnBasicSearch","interaction":{"idSuffix":"I"}},"clearTextFirst":true,"interactionType":"ENTER_TEXT"}]}
RESULT: {"script":"<script> [776 bytes]","args":[{"enterText":"10280","selector":{"id":"application-managebillings-display-component---billRunCalcResult--smartFilterBar-btnBasicSearch","interaction":{"idSuffix":"I"}},"clearTextFirst":true,"interactionType":"ENTER_TEXT"}]}
COMMAND: POST /session/0a56c8b3fe23980ff89a5571a3a07e32/actions - {"actions":[{"id":"action51","type":"key","parameters":{},"actions":[{"type":"keyDown","value":""},{"type":"pause","duration":10},{"type":"keyUp","value":""}]}]}
RESULT: {"actions":[{"id":"action51","type":"key","parameters":{},"actions":[{"type":"keyDown","value":""},{"type":"pause","duration":10},{"type":"keyUp","value":""}]}]}
COMMAND: GET /session/0a56c8b3fe23980ff89a5571a3a07e32/screenshot - {}
RESULT: {}
COMMAND: POST /session/0a56c8b3fe23980ff89a5571a3a07e32/element - {"using":"xpath","value":"//td[@aria-colindex=\"1\"]/div/div[contains(@class, \"sapMCbBg\")]"}
RESULT: {"using":"xpath","value":"//td[@aria-colindex=\"1\"]/div/div[contains(@class, \"sapMCbBg\")]"}
COMMAND: POST /session/0a56c8b3fe23980ff89a5571a3a07e32/element/f.8BC31031A8A77F81AA6DDAE562E569BF.d.1CABE3EAA4F095580C25B0D28CEAD948.e.14874/click - {}
RESULT: {}
COMMAND: GET /session/0a56c8b3fe23980ff89a5571a3a07e32/screenshot - {}
RESULT: {}
COMMAND: POST /session/0a56c8b3fe23980ff89a5571a3a07e32/execute/async - {"script":"<script> [1562 bytes]","args":[{"selector":{"id":"application-managebillings-display-component---billRunCalcResult--contractBillRunDate","interaction":{"idSuffix":"inner"}},"wdio_ui5_key":"applicationmanagebillings-display-component---billRunCalcResult--contractBillRunDate"}]}
RESULT: {"script":"<script> [1562 bytes]","args":[{"selector":{"id":"application-managebillings-display-component---billRunCalcResult--contractBillRunDate","interaction":{"idSuffix":"inner"}},"wdio_ui5_key":"applicationmanagebillings-display-component---billRunCalcResult--contractBillRunDate"}]}
RESULT: undefined
COMMAND: POST /session/0a56c8b3fe23980ff89a5571a3a07e32/execute/async - {"script":"<script> [776 bytes]","args":[{"enterText":"6/26/25","selector":{"id":"application-managebillings-display-component---billRunCalcResult--contractBillRunDate","interaction":{"idSuffix":"inner"}},"clearTextFirst":true,"interactionType":"ENTER_TEXT"}]}
RESULT: {"script":"<script> [776 bytes]","args":[{"enterText":"6/26/25","selector":{"id":"application-managebillings-display-component---billRunCalcResult--contractBillRunDate","interaction":{"idSuffix":"inner"}},"clearTextFirst":true,"interactionType":"ENTER_TEXT"}]}
COMMAND: POST /session/0a56c8b3fe23980ff89a5571a3a07e32/element - {"using":"xpath","value":"//bdi[contains(text(), \"Trigger Calculation\")]"}
RESULT: {"using":"xpath","value":"//bdi[contains(text(), \"Trigger Calculation\")]"}
COMMAND: POST /session/0a56c8b3fe23980ff89a5571a3a07e32/element/f.8BC31031A8A77F81AA6DDAE562E569BF.d.1CABE3EAA4F095580C25B0D28CEAD948.e.14899/click - {}
RESULT: {}
COMMAND: GET /session/0a56c8b3fe23980ff89a5571a3a07e32/screenshot - {}
RESULT: {}
COMMAND: POST /session/0a56c8b3fe23980ff89a5571a3a07e32/element - {"using":"xpath","value":"(//span[contains(@id, \"imgNav\")])[1]"}
RESULT: {"using":"xpath","value":"(//span[contains(@id, \"imgNav\")])[1]"}
COMMAND: POST /session/0a56c8b3fe23980ff89a5571a3a07e32/element/f.8BC31031A8A77F81AA6DDAE562E569BF.d.1CABE3EAA4F095580C25B0D28CEAD948.e.14888/click - {}
RESULT: {}
COMMAND: GET /session/0a56c8b3fe23980ff89a5571a3a07e32/screenshot - {}
RESULT: {}
COMMAND: POST /session/0a56c8b3fe23980ff89a5571a3a07e32/element - {"using":"xpath","value":"//tr/td[6]/div[1]/span[1]/span[1]"}
RESULT: {"using":"xpath","value":"//tr/td[6]/div[1]/span[1]/span[1]"}
COMMAND: GET /session/0a56c8b3fe23980ff89a5571a3a07e32/element/f.8BC31031A8A77F81AA6DDAE562E569BF.d.1CABE3EAA4F095580C25B0D28CEAD948.e.14904/text - {}
RESULT: {}
COMMAND: POST /session/0a56c8b3fe23980ff89a5571a3a07e32/element - {"using":"xpath","value":"(//span[contains(@id, \"imgNav\")])[2]"}
RESULT: {"using":"xpath","value":"(//span[contains(@id, \"imgNav\")])[2]"}
COMMAND: POST /session/0a56c8b3fe23980ff89a5571a3a07e32/element/f.8BC31031A8A77F81AA6DDAE562E569BF.d.1CABE3EAA4F095580C25B0D28CEAD948.e.14905/click - {}
RESULT: {}
COMMAND: POST /session/0a56c8b3fe23980ff89a5571a3a07e32/element - {"using":"xpath","value":"//bdi[contains(text(), \"Business Confirm\")]"}
COMMAND: GET /session/0a56c8b3fe23980ff89a5571a3a07e32/screenshot - {}
RESULT: {"using":"xpath","value":"//bdi[contains(text(), \"Business Confirm\")]"}
COMMAND: POST /session/0a56c8b3fe23980ff89a5571a3a07e32/elements - {"using":"xpath","value":"//bdi[contains(text(), \"Business Confirm\")]"}
RESULT: {}
RESULT: {"using":"xpath","value":"//bdi[contains(text(), \"Business Confirm\")]"}
COMMAND: POST /session/0a56c8b3fe23980ff89a5571a3a07e32/elements - {"using":"xpath","value":"//bdi[contains(text(), \"Business Confirm\")]"}
RESULT: {"using":"xpath","value":"//bdi[contains(text(), \"Business Confirm\")]"}
COMMAND: POST /session/0a56c8b3fe23980ff89a5571a3a07e32/element - {"using":"xpath","value":"//bdi[contains(text(), \"Business Confirm\")]"}
RESULT: {"using":"xpath","value":"//bdi[contains(text(), \"Business Confirm\")]"}
COMMAND: POST /session/0a56c8b3fe23980ff89a5571a3a07e32/element/f.8BC31031A8A77F81AA6DDAE562E569BF.d.1CABE3EAA4F095580C25B0D28CEAD948.e.14939/click - {}
RESULT: {}
COMMAND: POST /session/0a56c8b3fe23980ff89a5571a3a07e32/element - {"using":"css selector","value":"#shell-header-logo"}
COMMAND: GET /session/0a56c8b3fe23980ff89a5571a3a07e32/screenshot - {}
RESULT: {"using":"css selector","value":"#shell-header-logo"}
COMMAND: POST /session/0a56c8b3fe23980ff89a5571a3a07e32/element/f.8BC31031A8A77F81AA6DDAE562E569BF.d.1CABE3EAA4F095580C25B0D28CEAD948.e.14522/click - {}
RESULT: {}
RESULT: {}
COMMAND: GET /session/0a56c8b3fe23980ff89a5571a3a07e32/screenshot - {}
RESULT: {}
COMMAND: POST /session/0a56c8b3fe23980ff89a5571a3a07e32/element - {"using":"css selector","value":"#j_username"}
COMMAND: POST /session/0a56c8b3fe23980ff89a5571a3a07e32/url - {"url":"https://qa-testing-00-live-etm-ui.cfapps.eu10-004.hana.ondemand.com/"}
RESULT: {"using":"css selector","value":"#j_username"}
COMMAND: POST /session/0a56c8b3fe23980ff89a5571a3a07e32/element - {"using":"css selector","value":"#j_username"}
RESULT: {"url":"https://qa-testing-00-live-etm-ui.cfapps.eu10-004.hana.ondemand.com/"}
RESULT: undefined
COMMAND: GET /session/0a56c8b3fe23980ff89a5571a3a07e32/screenshot - {}
RESULT: {"using":"css selector","value":"#j_username"}
COMMAND: POST /session/0a56c8b3fe23980ff89a5571a3a07e32/element - {"using":"css selector","value":"#shell-header-logo"}
RESULT: {}
RESULT: {"using":"css selector","value":"#shell-header-logo"}
COMMAND: POST /session/0a56c8b3fe23980ff89a5571a3a07e32/execute/sync - {"script":"<script> [8489 bytes]","args":[{"element-6066-11e4-a52e-4f735466cecf":"f.8BC31031A8A77F81AA6DDAE562E569BF.d.D8C2B7D41E761FEBEAB10CC3CF3165C1.e.14977","ELEMENT":"f.8BC31031A8A77F81AA6DDAE562E569BF.d.D8C2B7D41E761FEBEAB10CC3CF3165C1.e.14977"}]}
RESULT: {"script":"<script> [8489 bytes]","args":[{"element-6066-11e4-a52e-4f735466cecf":"f.8BC31031A8A77F81AA6DDAE562E569BF.d.D8C2B7D41E761FEBEAB10CC3CF3165C1.e.14977","ELEMENT":"f.8BC31031A8A77F81AA6DDAE562E569BF.d.D8C2B7D41E761FEBEAB10CC3CF3165C1.e.14977"}]}
COMMAND: POST /session/0a56c8b3fe23980ff89a5571a3a07e32/element - {"using":"css selector","value":"#shell-header-logo"}
COMMAND: GET /session/0a56c8b3fe23980ff89a5571a3a07e32/screenshot - {}
RESULT: {"using":"css selector","value":"#shell-header-logo"}
COMMAND: POST /session/0a56c8b3fe23980ff89a5571a3a07e32/execute/sync - {"script":"<script> [8489 bytes]","args":[{"element-6066-11e4-a52e-4f735466cecf":"f.8BC31031A8A77F81AA6DDAE562E569BF.d.D8C2B7D41E761FEBEAB10CC3CF3165C1.e.14977","ELEMENT":"f.8BC31031A8A77F81AA6DDAE562E569BF.d.D8C2B7D41E761FEBEAB10CC3CF3165C1.e.14977"}]}
RESULT: {}
RESULT: {"script":"<script> [8489 bytes]","args":[{"element-6066-11e4-a52e-4f735466cecf":"f.8BC31031A8A77F81AA6DDAE562E569BF.d.D8C2B7D41E761FEBEAB10CC3CF3165C1.e.14977","ELEMENT":"f.8BC31031A8A77F81AA6DDAE562E569BF.d.D8C2B7D41E761FEBEAB10CC3CF3165C1.e.14977"}]}
COMMAND: POST /session/0a56c8b3fe23980ff89a5571a3a07e32/execute/sync - {"script":"<script> [5351 bytes]","args":[{"element-6066-11e4-a52e-4f735466cecf":"f.8BC31031A8A77F81AA6DDAE562E569BF.d.D8C2B7D41E761FEBEAB10CC3CF3165C1.e.14977","ELEMENT":"f.8BC31031A8A77F81AA6DDAE562E569BF.d.D8C2B7D41E761FEBEAB10CC3CF3165C1.e.14977"}]}
COMMAND: GET /session/0a56c8b3fe23980ff89a5571a3a07e32/screenshot - {}
RESULT: {}
RESULT: {"script":"<script> [5351 bytes]","args":[{"element-6066-11e4-a52e-4f735466cecf":"f.8BC31031A8A77F81AA6DDAE562E569BF.d.D8C2B7D41E761FEBEAB10CC3CF3165C1.e.14977","ELEMENT":"f.8BC31031A8A77F81AA6DDAE562E569BF.d.D8C2B7D41E761FEBEAB10CC3CF3165C1.e.14977"}]}
COMMAND: POST /session/0a56c8b3fe23980ff89a5571a3a07e32/element - {"using":"css selector","value":"#shell-header-logo"}
COMMAND: GET /session/0a56c8b3fe23980ff89a5571a3a07e32/screenshot - {}
RESULT: {"using":"css selector","value":"#shell-header-logo"}
COMMAND: POST /session/0a56c8b3fe23980ff89a5571a3a07e32/element/f.8BC31031A8A77F81AA6DDAE562E569BF.d.D8C2B7D41E761FEBEAB10CC3CF3165C1.e.14977/click - {}
RESULT: {}
RESULT: {}
COMMAND: GET /session/0a56c8b3fe23980ff89a5571a3a07e32/screenshot - {}
RESULT: {}
COMMAND: POST /session/0a56c8b3fe23980ff89a5571a3a07e32/execute/async - {"script":"<script> [189 bytes]","args":[]}
RESULT: {"script":"<script> [189 bytes]","args":[]}
COMMAND: POST /session/0a56c8b3fe23980ff89a5571a3a07e32/execute/async - {"script":"<script> [123 bytes]","args":[]}
RESULT: {"script":"<script> [123 bytes]","args":[]}
COMMAND: POST /session/0a56c8b3fe23980ff89a5571a3a07e32/timeouts - {"script":"<number>"}
RESULT: {"script":"<number>"}
COMMAND: GET /session/0a56c8b3fe23980ff89a5571a3a07e32/timeouts - {}
RESULT: {}
RESULT: undefined
COMMAND: POST /session/0a56c8b3fe23980ff89a5571a3a07e32/execute/async - {"script":"<script> [2676 bytes]","args":[]}
RESULT: {"script":"<script> [2676 bytes]","args":[]}
COMMAND: POST /session/0a56c8b3fe23980ff89a5571a3a07e32/execute/async - {"script":"<script> [2342 bytes]","args":[{"protocol":"http","hostname":"0.0.0.0","path":"/","capabilities":{"browserName":"chrome","goog:chromeOptions":{"binary":"C:\\Program Files\\Google\\Chrome\\Application\\chrome.exe","args":["--start-maximized"]}},"logLevel":"warn","connectionRetryTimeout":120000,"connectionRetryCount":3,"logLevels":{},"enableDirectConnect":true,"strictSSL":true,"_":"65 more keys: [\"cacheDir\",\"port\",\"requestedCapabilities\",\"automationProtocol\",\"baseUrl\",\"waitforInterval\",\"waitforTimeout\",\"onReload\",\"beforeCommand\",\"afterCommand\",\"rootDir\",\"specs\",\"suites\",\"exclude\",\"groupLogsByTestSpec\",\"excludeDriverLogs\",\"bail\",\"framework\",\"reporters\",\"services\",\"maxInstances\",\"maxInstancesPerCapability\",\"injectGlobals\",\"filesToWatch\",\"execArgv\",\"runnerEnv\",\"runner\",\"shard\",\"specFileRetries\",\"specFileRetriesDelay\",\"specFileRetriesDeferred\",\"reporterSyncInterval\",\"reporterSyncTimeout\",\"cucumberFeaturesWithLineNumbers\",\"autoCompileOpts\",\"mochaOpts\",\"jasmineOpts\",\"cucumberOpts\",\"onPrepare\",\"onWorkerStart\",\"onWorkerEnd\",\"before\",\"beforeSession\",\"beforeSuite\",\"beforeHook\",\"beforeTest\",\"afterTest\",\"afterHook\",\"afterSuite\",\"afterSession\",\"after\",\"onComplete\",\"beforeAssertion\",\"afterAssertion\",\"beforeFeature\",\"beforeScenario\",\"beforeStep\",\"afterStep\",\"afterScenario\",\"afterFeature\",\"_\",\"suite\",\"$0\",\"ignoredWorkerServices\",\"wdi5\"]"}]}
RESULT: {"script":"<script> [2342 bytes]","args":[{"protocol":"http","hostname":"0.0.0.0","path":"/","capabilities":{"browserName":"chrome","goog:chromeOptions":{"binary":"C:\\Program Files\\Google\\Chrome\\Application\\chrome.exe","args":["--start-maximized"]}},"logLevel":"warn","connectionRetryTimeout":120000,"connectionRetryCount":3,"logLevels":{},"enableDirectConnect":true,"strictSSL":true,"_":"65 more keys: [\"cacheDir\",\"port\",\"requestedCapabilities\",\"automationProtocol\",\"baseUrl\",\"waitforInterval\",\"waitforTimeout\",\"onReload\",\"beforeCommand\",\"afterCommand\",\"rootDir\",\"specs\",\"suites\",\"exclude\",\"groupLogsByTestSpec\",\"excludeDriverLogs\",\"bail\",\"framework\",\"reporters\",\"services\",\"maxInstances\",\"maxInstancesPerCapability\",\"injectGlobals\",\"filesToWatch\",\"execArgv\",\"runnerEnv\",\"runner\",\"shard\",\"specFileRetries\",\"specFileRetriesDelay\",\"specFileRetriesDeferred\",\"reporterSyncInterval\",\"reporterSyncTimeout\",\"cucumberFeaturesWithLineNumbers\",\"autoCompileOpts\",\"mochaOpts\",\"jasmineOpts\",\"cucumberOpts\",\"onPrepare\",\"onWorkerStart\",\"onWorkerEnd\",\"before\",\"beforeSession\",\"beforeSuite\",\"beforeHook\",\"beforeTest\",\"afterTest\",\"afterHook\",\"afterSuite\",\"afterSession\",\"after\",\"onComplete\",\"beforeAssertion\",\"afterAssertion\",\"beforeFeature\",\"beforeScenario\",\"beforeStep\",\"afterStep\",\"afterScenario\",\"afterFeature\",\"_\",\"suite\",\"$0\",\"ignoredWorkerServices\",\"wdi5\"]"}]}
COMMAND: POST /session/0a56c8b3fe23980ff89a5571a3a07e32/execute/async - {"script":"<script> [21126 bytes]","args":[35000]}
RESULT: {"script":"<script> [21126 bytes]","args":[35000]}
COMMAND: POST /session/0a56c8b3fe23980ff89a5571a3a07e32/window/maximize - {}
RESULT: {}
COMMAND: POST /session/0a56c8b3fe23980ff89a5571a3a07e32/execute/async - {"script":"<script> [1562 bytes]","args":[{"selector":{"id":"shell-header","interaction":{"idSuffix":"icon"}},"wdio_ui5_key":"shellheader"}]}
COMMAND: GET /session/0a56c8b3fe23980ff89a5571a3a07e32/screenshot - {}
RESULT: {"script":"<script> [1562 bytes]","args":[{"selector":{"id":"shell-header","interaction":{"idSuffix":"icon"}},"wdio_ui5_key":"shellheader"}]}
RESULT: undefined
COMMAND: POST /session/0a56c8b3fe23980ff89a5571a3a07e32/refresh - {}
RESULT: {}
RESULT: {}
COMMAND: GET /session/0a56c8b3fe23980ff89a5571a3a07e32/screenshot - {}
RESULT: {}
COMMAND: POST /session/0a56c8b3fe23980ff89a5571a3a07e32/refresh - {}
RESULT: {}
COMMAND: GET /session/0a56c8b3fe23980ff89a5571a3a07e32/screenshot - {}
RESULT: {}
COMMAND: POST /session/0a56c8b3fe23980ff89a5571a3a07e32/window/fullscreen - {}
RESULT: {}
COMMAND: POST /session/0a56c8b3fe23980ff89a5571a3a07e32/execute/async - {"script":"<script> [189 bytes]","args":[]}
RESULT: {"script":"<script> [189 bytes]","args":[]}
COMMAND: POST /session/0a56c8b3fe23980ff89a5571a3a07e32/execute/async - {"script":"<script> [123 bytes]","args":[]}
RESULT: {"script":"<script> [123 bytes]","args":[]}
COMMAND: POST /session/0a56c8b3fe23980ff89a5571a3a07e32/timeouts - {"script":"<number>"}
RESULT: {"script":"<number>"}
COMMAND: GET /session/0a56c8b3fe23980ff89a5571a3a07e32/timeouts - {}
RESULT: {}
RESULT: undefined
COMMAND: POST /session/0a56c8b3fe23980ff89a5571a3a07e32/execute/async - {"script":"<script> [2676 bytes]","args":[]}
RESULT: {"script":"<script> [2676 bytes]","args":[]}
COMMAND: POST /session/0a56c8b3fe23980ff89a5571a3a07e32/execute/async - {"script":"<script> [2342 bytes]","args":[{"protocol":"http","hostname":"0.0.0.0","path":"/","capabilities":{"browserName":"chrome","goog:chromeOptions":{"binary":"C:\\Program Files\\Google\\Chrome\\Application\\chrome.exe","args":["--start-maximized"]}},"logLevel":"warn","connectionRetryTimeout":120000,"connectionRetryCount":3,"logLevels":{},"enableDirectConnect":true,"strictSSL":true,"_":"65 more keys: [\"cacheDir\",\"port\",\"requestedCapabilities\",\"automationProtocol\",\"baseUrl\",\"waitforInterval\",\"waitforTimeout\",\"onReload\",\"beforeCommand\",\"afterCommand\",\"rootDir\",\"specs\",\"suites\",\"exclude\",\"groupLogsByTestSpec\",\"excludeDriverLogs\",\"bail\",\"framework\",\"reporters\",\"services\",\"maxInstances\",\"maxInstancesPerCapability\",\"injectGlobals\",\"filesToWatch\",\"execArgv\",\"runnerEnv\",\"runner\",\"shard\",\"specFileRetries\",\"specFileRetriesDelay\",\"specFileRetriesDeferred\",\"reporterSyncInterval\",\"reporterSyncTimeout\",\"cucumberFeaturesWithLineNumbers\",\"autoCompileOpts\",\"mochaOpts\",\"jasmineOpts\",\"cucumberOpts\",\"onPrepare\",\"onWorkerStart\",\"onWorkerEnd\",\"before\",\"beforeSession\",\"beforeSuite\",\"beforeHook\",\"beforeTest\",\"afterTest\",\"afterHook\",\"afterSuite\",\"afterSession\",\"after\",\"onComplete\",\"beforeAssertion\",\"afterAssertion\",\"beforeFeature\",\"beforeScenario\",\"beforeStep\",\"afterStep\",\"afterScenario\",\"afterFeature\",\"_\",\"suite\",\"$0\",\"ignoredWorkerServices\",\"wdi5\"]"}]}
RESULT: {"script":"<script> [2342 bytes]","args":[{"protocol":"http","hostname":"0.0.0.0","path":"/","capabilities":{"browserName":"chrome","goog:chromeOptions":{"binary":"C:\\Program Files\\Google\\Chrome\\Application\\chrome.exe","args":["--start-maximized"]}},"logLevel":"warn","connectionRetryTimeout":120000,"connectionRetryCount":3,"logLevels":{},"enableDirectConnect":true,"strictSSL":true,"_":"65 more keys: [\"cacheDir\",\"port\",\"requestedCapabilities\",\"automationProtocol\",\"baseUrl\",\"waitforInterval\",\"waitforTimeout\",\"onReload\",\"beforeCommand\",\"afterCommand\",\"rootDir\",\"specs\",\"suites\",\"exclude\",\"groupLogsByTestSpec\",\"excludeDriverLogs\",\"bail\",\"framework\",\"reporters\",\"services\",\"maxInstances\",\"maxInstancesPerCapability\",\"injectGlobals\",\"filesToWatch\",\"execArgv\",\"runnerEnv\",\"runner\",\"shard\",\"specFileRetries\",\"specFileRetriesDelay\",\"specFileRetriesDeferred\",\"reporterSyncInterval\",\"reporterSyncTimeout\",\"cucumberFeaturesWithLineNumbers\",\"autoCompileOpts\",\"mochaOpts\",\"jasmineOpts\",\"cucumberOpts\",\"onPrepare\",\"onWorkerStart\",\"onWorkerEnd\",\"before\",\"beforeSession\",\"beforeSuite\",\"beforeHook\",\"beforeTest\",\"afterTest\",\"afterHook\",\"afterSuite\",\"afterSession\",\"after\",\"onComplete\",\"beforeAssertion\",\"afterAssertion\",\"beforeFeature\",\"beforeScenario\",\"beforeStep\",\"afterStep\",\"afterScenario\",\"afterFeature\",\"_\",\"suite\",\"$0\",\"ignoredWorkerServices\",\"wdi5\"]"}]}
COMMAND: POST /session/0a56c8b3fe23980ff89a5571a3a07e32/execute/async - {"script":"<script> [21126 bytes]","args":[35000]}
RESULT: {"script":"<script> [21126 bytes]","args":[35000]}
]]></system-out>
    </testcase>
  </testsuite>
  <testsuite timestamp="2025-05-26T17:55:23" time="883.57" tests="13" failures="0" errors="0" skipped="0">
    <properties>
      <property name="specId" value="0"/>
      <property name="suiteName" value="Performance based billing (work days) US139742"/>
      <property name="capabilities" value="chrome.136_0_7103_93.windows"/>
      <property name="file" value="file:///D:/a/1/s/test/specs/BTS/billing-performance-workdays.spec.js"/>
    </properties>
    <testcase classname="chrome.136_0_7103_93.windows.Performance_based_billing_(work_days)_US139742" name="Should create a new yard" time="0.015">
      <system-out><![CDATA[
COMMAND: POST /session/0a56c8b3fe23980ff89a5571a3a07e32/window/fullscreen - {}
RESULT: {}
]]></system-out>
    </testcase>
    <testcase classname="chrome.136_0_7103_93.windows.Performance_based_billing_(work_days)_US139742" name="Should create a new partner" time="0.004"/>
    <testcase classname="chrome.136_0_7103_93.windows.Performance_based_billing_(work_days)_US139742" name="Should create a new site" time="0.004"/>
    <testcase classname="chrome.136_0_7103_93.windows.Performance_based_billing_(work_days)_US139742" name="Should do prerequisite steps add equipment" time="167.014">
      <system-out><![CDATA[
COMMAND: POST /session/0a56c8b3fe23980ff89a5571a3a07e32/execute/async - {"script":"<script> [1562 bytes]","args":[{"selector":{"controlType":"sap.m.GenericTile","properties":{"header":"Manage Resources"}},"wdio_ui5_key":"sapm.GenericTile{\"header\":\"Manage Resources\"}"}]}
RESULT: {"script":"<script> [1562 bytes]","args":[{"selector":{"controlType":"sap.m.GenericTile","properties":{"header":"Manage Resources"}},"wdio_ui5_key":"sapm.GenericTile{\"header\":\"Manage Resources\"}"}]}
RESULT: undefined
COMMAND: POST /session/0a56c8b3fe23980ff89a5571a3a07e32/element - {"using":"xpath","value":"//*[@id=\"__tile39\"]"}
RESULT: {"using":"xpath","value":"//*[@id=\"__tile39\"]"}
COMMAND: POST /session/0a56c8b3fe23980ff89a5571a3a07e32/element/f.8BC31031A8A77F81AA6DDAE562E569BF.d.562AB348072D6B7598B94C1D0A55A296.e.15131/click - {}
RESULT: {}
COMMAND: GET /session/0a56c8b3fe23980ff89a5571a3a07e32/screenshot - {}
RESULT: {}
COMMAND: POST /session/0a56c8b3fe23980ff89a5571a3a07e32/elements - {"using":"xpath","value":"//span[text()='Error']"}
RESULT: {"using":"xpath","value":"//span[text()='Error']"}
COMMAND: POST /session/0a56c8b3fe23980ff89a5571a3a07e32/element - {"using":"xpath","value":"//button[@data-kt=\"addNewRUOverflowToolbarButton\"]"}
RESULT: {"using":"xpath","value":"//button[@data-kt=\"addNewRUOverflowToolbarButton\"]"}
COMMAND: POST /session/0a56c8b3fe23980ff89a5571a3a07e32/elements - {"using":"xpath","value":"//button[@data-kt=\"addNewRUOverflowToolbarButton\"]"}
RESULT: {"using":"xpath","value":"//button[@data-kt=\"addNewRUOverflowToolbarButton\"]"}
COMMAND: POST /session/0a56c8b3fe23980ff89a5571a3a07e32/elements - {"using":"xpath","value":"//button[@data-kt=\"addNewRUOverflowToolbarButton\"]"}
RESULT: {"using":"xpath","value":"//button[@data-kt=\"addNewRUOverflowToolbarButton\"]"}
COMMAND: POST /session/0a56c8b3fe23980ff89a5571a3a07e32/elements - {"using":"xpath","value":"//button[@data-kt=\"addNewRUOverflowToolbarButton\"]"}
RESULT: {"using":"xpath","value":"//button[@data-kt=\"addNewRUOverflowToolbarButton\"]"}
COMMAND: POST /session/0a56c8b3fe23980ff89a5571a3a07e32/elements - {"using":"xpath","value":"//button[@data-kt=\"addNewRUOverflowToolbarButton\"]"}
RESULT: {"using":"xpath","value":"//button[@data-kt=\"addNewRUOverflowToolbarButton\"]"}
COMMAND: POST /session/0a56c8b3fe23980ff89a5571a3a07e32/elements - {"using":"xpath","value":"//button[@data-kt=\"addNewRUOverflowToolbarButton\"]"}
RESULT: {"using":"xpath","value":"//button[@data-kt=\"addNewRUOverflowToolbarButton\"]"}
COMMAND: POST /session/0a56c8b3fe23980ff89a5571a3a07e32/elements - {"using":"xpath","value":"//button[@data-kt=\"addNewRUOverflowToolbarButton\"]"}
RESULT: {"using":"xpath","value":"//button[@data-kt=\"addNewRUOverflowToolbarButton\"]"}
COMMAND: POST /session/0a56c8b3fe23980ff89a5571a3a07e32/elements - {"using":"xpath","value":"//button[@data-kt=\"addNewRUOverflowToolbarButton\"]"}
RESULT: {"using":"xpath","value":"//button[@data-kt=\"addNewRUOverflowToolbarButton\"]"}
COMMAND: POST /session/0a56c8b3fe23980ff89a5571a3a07e32/elements - {"using":"xpath","value":"//button[@data-kt=\"addNewRUOverflowToolbarButton\"]"}
RESULT: {"using":"xpath","value":"//button[@data-kt=\"addNewRUOverflowToolbarButton\"]"}
COMMAND: POST /session/0a56c8b3fe23980ff89a5571a3a07e32/elements - {"using":"xpath","value":"//button[@data-kt=\"addNewRUOverflowToolbarButton\"]"}
RESULT: {"using":"xpath","value":"//button[@data-kt=\"addNewRUOverflowToolbarButton\"]"}
COMMAND: POST /session/0a56c8b3fe23980ff89a5571a3a07e32/elements - {"using":"xpath","value":"//button[@data-kt=\"addNewRUOverflowToolbarButton\"]"}
RESULT: {"using":"xpath","value":"//button[@data-kt=\"addNewRUOverflowToolbarButton\"]"}
COMMAND: POST /session/0a56c8b3fe23980ff89a5571a3a07e32/elements - {"using":"xpath","value":"//button[@data-kt=\"addNewRUOverflowToolbarButton\"]"}
RESULT: {"using":"xpath","value":"//button[@data-kt=\"addNewRUOverflowToolbarButton\"]"}
COMMAND: POST /session/0a56c8b3fe23980ff89a5571a3a07e32/elements - {"using":"xpath","value":"//button[@data-kt=\"addNewRUOverflowToolbarButton\"]"}
RESULT: {"using":"xpath","value":"//button[@data-kt=\"addNewRUOverflowToolbarButton\"]"}
COMMAND: POST /session/0a56c8b3fe23980ff89a5571a3a07e32/elements - {"using":"xpath","value":"//button[@data-kt=\"addNewRUOverflowToolbarButton\"]"}
RESULT: {"using":"xpath","value":"//button[@data-kt=\"addNewRUOverflowToolbarButton\"]"}
COMMAND: POST /session/0a56c8b3fe23980ff89a5571a3a07e32/elements - {"using":"xpath","value":"//button[@data-kt=\"addNewRUOverflowToolbarButton\"]"}
RESULT: {"using":"xpath","value":"//button[@data-kt=\"addNewRUOverflowToolbarButton\"]"}
COMMAND: POST /session/0a56c8b3fe23980ff89a5571a3a07e32/elements - {"using":"xpath","value":"//button[@data-kt=\"addNewRUOverflowToolbarButton\"]"}
RESULT: {"using":"xpath","value":"//button[@data-kt=\"addNewRUOverflowToolbarButton\"]"}
COMMAND: POST /session/0a56c8b3fe23980ff89a5571a3a07e32/elements - {"using":"xpath","value":"//button[@data-kt=\"addNewRUOverflowToolbarButton\"]"}
RESULT: {"using":"xpath","value":"//button[@data-kt=\"addNewRUOverflowToolbarButton\"]"}
COMMAND: POST /session/0a56c8b3fe23980ff89a5571a3a07e32/elements - {"using":"xpath","value":"//button[@data-kt=\"addNewRUOverflowToolbarButton\"]"}
RESULT: {"using":"xpath","value":"//button[@data-kt=\"addNewRUOverflowToolbarButton\"]"}
COMMAND: POST /session/0a56c8b3fe23980ff89a5571a3a07e32/elements - {"using":"xpath","value":"//button[@data-kt=\"addNewRUOverflowToolbarButton\"]"}
RESULT: {"using":"xpath","value":"//button[@data-kt=\"addNewRUOverflowToolbarButton\"]"}
COMMAND: POST /session/0a56c8b3fe23980ff89a5571a3a07e32/elements - {"using":"xpath","value":"//button[@data-kt=\"addNewRUOverflowToolbarButton\"]"}
RESULT: {"using":"xpath","value":"//button[@data-kt=\"addNewRUOverflowToolbarButton\"]"}
COMMAND: POST /session/0a56c8b3fe23980ff89a5571a3a07e32/elements - {"using":"xpath","value":"//button[@data-kt=\"addNewRUOverflowToolbarButton\"]"}
RESULT: {"using":"xpath","value":"//button[@data-kt=\"addNewRUOverflowToolbarButton\"]"}
COMMAND: POST /session/0a56c8b3fe23980ff89a5571a3a07e32/elements - {"using":"xpath","value":"//button[@data-kt=\"addNewRUOverflowToolbarButton\"]"}
RESULT: {"using":"xpath","value":"//button[@data-kt=\"addNewRUOverflowToolbarButton\"]"}
COMMAND: POST /session/0a56c8b3fe23980ff89a5571a3a07e32/elements - {"using":"xpath","value":"//button[@data-kt=\"addNewRUOverflowToolbarButton\"]"}
RESULT: {"using":"xpath","value":"//button[@data-kt=\"addNewRUOverflowToolbarButton\"]"}
COMMAND: POST /session/0a56c8b3fe23980ff89a5571a3a07e32/elements - {"using":"xpath","value":"//button[@data-kt=\"addNewRUOverflowToolbarButton\"]"}
RESULT: {"using":"xpath","value":"//button[@data-kt=\"addNewRUOverflowToolbarButton\"]"}
COMMAND: POST /session/0a56c8b3fe23980ff89a5571a3a07e32/element - {"using":"xpath","value":"//button[@data-kt=\"addNewRUOverflowToolbarButton\"]"}
RESULT: {"using":"xpath","value":"//button[@data-kt=\"addNewRUOverflowToolbarButton\"]"}
COMMAND: POST /session/0a56c8b3fe23980ff89a5571a3a07e32/execute/sync - {"script":"<script> [8489 bytes]","args":[{"element-6066-11e4-a52e-4f735466cecf":"f.8BC31031A8A77F81AA6DDAE562E569BF.d.562AB348072D6B7598B94C1D0A55A296.e.15254","ELEMENT":"f.8BC31031A8A77F81AA6DDAE562E569BF.d.562AB348072D6B7598B94C1D0A55A296.e.15254"}]}
RESULT: {"script":"<script> [8489 bytes]","args":[{"element-6066-11e4-a52e-4f735466cecf":"f.8BC31031A8A77F81AA6DDAE562E569BF.d.562AB348072D6B7598B94C1D0A55A296.e.15254","ELEMENT":"f.8BC31031A8A77F81AA6DDAE562E569BF.d.562AB348072D6B7598B94C1D0A55A296.e.15254"}]}
COMMAND: GET /session/0a56c8b3fe23980ff89a5571a3a07e32/element/f.8BC31031A8A77F81AA6DDAE562E569BF.d.562AB348072D6B7598B94C1D0A55A296.e.15254/enabled - {}
COMMAND: GET /session/0a56c8b3fe23980ff89a5571a3a07e32/screenshot - {}
RESULT: {}
COMMAND: POST /session/0a56c8b3fe23980ff89a5571a3a07e32/execute/sync - {"script":"<script> [8489 bytes]","args":[{"element-6066-11e4-a52e-4f735466cecf":"f.8BC31031A8A77F81AA6DDAE562E569BF.d.562AB348072D6B7598B94C1D0A55A296.e.15254","ELEMENT":"f.8BC31031A8A77F81AA6DDAE562E569BF.d.562AB348072D6B7598B94C1D0A55A296.e.15254"}]}
COMMAND: GET /session/0a56c8b3fe23980ff89a5571a3a07e32/screenshot - {}
RESULT: {}
RESULT: {"script":"<script> [8489 bytes]","args":[{"element-6066-11e4-a52e-4f735466cecf":"f.8BC31031A8A77F81AA6DDAE562E569BF.d.562AB348072D6B7598B94C1D0A55A296.e.15254","ELEMENT":"f.8BC31031A8A77F81AA6DDAE562E569BF.d.562AB348072D6B7598B94C1D0A55A296.e.15254"}]}
COMMAND: POST /session/0a56c8b3fe23980ff89a5571a3a07e32/execute/sync - {"script":"<script> [5351 bytes]","args":[{"element-6066-11e4-a52e-4f735466cecf":"f.8BC31031A8A77F81AA6DDAE562E569BF.d.562AB348072D6B7598B94C1D0A55A296.e.15254","ELEMENT":"f.8BC31031A8A77F81AA6DDAE562E569BF.d.562AB348072D6B7598B94C1D0A55A296.e.15254"}]}
COMMAND: GET /session/0a56c8b3fe23980ff89a5571a3a07e32/screenshot - {}
RESULT: {}
RESULT: {"script":"<script> [5351 bytes]","args":[{"element-6066-11e4-a52e-4f735466cecf":"f.8BC31031A8A77F81AA6DDAE562E569BF.d.562AB348072D6B7598B94C1D0A55A296.e.15254","ELEMENT":"f.8BC31031A8A77F81AA6DDAE562E569BF.d.562AB348072D6B7598B94C1D0A55A296.e.15254"}]}
COMMAND: POST /session/0a56c8b3fe23980ff89a5571a3a07e32/element/f.8BC31031A8A77F81AA6DDAE562E569BF.d.562AB348072D6B7598B94C1D0A55A296.e.15254/click - {}
COMMAND: GET /session/0a56c8b3fe23980ff89a5571a3a07e32/screenshot - {}
RESULT: {}
RESULT: {}
COMMAND: GET /session/0a56c8b3fe23980ff89a5571a3a07e32/screenshot - {}
RESULT: {}
RESULT: {}
COMMAND: POST /session/0a56c8b3fe23980ff89a5571a3a07e32/execute/async - {"script":"<script> [1562 bytes]","args":[{"selector":{"id":"application-manageresources-display-component---newResourceUnit--TYPE-arrow"},"wdio_ui5_key":"applicationmanageresources-display-component---newResourceUnit--TYPE-arrow"}]}
RESULT: {"script":"<script> [1562 bytes]","args":[{"selector":{"id":"application-manageresources-display-component---newResourceUnit--TYPE-arrow"},"wdio_ui5_key":"applicationmanageresources-display-component---newResourceUnit--TYPE-arrow"}]}
RESULT: undefined
COMMAND: POST /session/0a56c8b3fe23980ff89a5571a3a07e32/element - {"using":"xpath","value":"//*[@id=\"application-manageresources-display-component---newResourceUnit--TYPE-arrow\"]"}
RESULT: {"using":"xpath","value":"//*[@id=\"application-manageresources-display-component---newResourceUnit--TYPE-arrow\"]"}
COMMAND: POST /session/0a56c8b3fe23980ff89a5571a3a07e32/element/f.8BC31031A8A77F81AA6DDAE562E569BF.d.562AB348072D6B7598B94C1D0A55A296.e.15613/click - {}
RESULT: {}
COMMAND: POST /session/0a56c8b3fe23980ff89a5571a3a07e32/element - {"using":"xpath","value":"//input[@id=\"application-manageresources-display-component---newResourceUnit--TYPE-inner\"]"}
COMMAND: GET /session/0a56c8b3fe23980ff89a5571a3a07e32/screenshot - {}
RESULT: {"using":"xpath","value":"//input[@id=\"application-manageresources-display-component---newResourceUnit--TYPE-inner\"]"}
COMMAND: POST /session/0a56c8b3fe23980ff89a5571a3a07e32/element/f.8BC31031A8A77F81AA6DDAE562E569BF.d.562AB348072D6B7598B94C1D0A55A296.e.15611/clear - {}
RESULT: {}
RESULT: {}
COMMAND: POST /session/0a56c8b3fe23980ff89a5571a3a07e32/element/f.8BC31031A8A77F81AA6DDAE562E569BF.d.562AB348072D6B7598B94C1D0A55A296.e.15611/value - {"text":"Equipment"}
COMMAND: GET /session/0a56c8b3fe23980ff89a5571a3a07e32/screenshot - {}
RESULT: {"text":"Equipment"}
COMMAND: GET /session/0a56c8b3fe23980ff89a5571a3a07e32/screenshot - {}
RESULT: {}
RESULT: {}
COMMAND: POST /session/0a56c8b3fe23980ff89a5571a3a07e32/actions - {"actions":[{"id":"action52","type":"key","parameters":{},"actions":[{"type":"keyDown","value":""},{"type":"pause","duration":10},{"type":"keyUp","value":""}]}]}
RESULT: {"actions":[{"id":"action52","type":"key","parameters":{},"actions":[{"type":"keyDown","value":""},{"type":"pause","duration":10},{"type":"keyUp","value":""}]}]}
COMMAND: POST /session/0a56c8b3fe23980ff89a5571a3a07e32/execute/async - {"script":"<script> [1562 bytes]","args":[{"selector":{"id":"application-manageresources-display-component---newResourceUnit--resourceId","interaction":{"idSuffix":"inner"}},"wdio_ui5_key":"applicationmanageresources-display-component---newResourceUnit--resourceId"}]}
COMMAND: GET /session/0a56c8b3fe23980ff89a5571a3a07e32/screenshot - {}
RESULT: {"script":"<script> [1562 bytes]","args":[{"selector":{"id":"application-manageresources-display-component---newResourceUnit--resourceId","interaction":{"idSuffix":"inner"}},"wdio_ui5_key":"applicationmanageresources-display-component---newResourceUnit--resourceId"}]}
RESULT: undefined
COMMAND: POST /session/0a56c8b3fe23980ff89a5571a3a07e32/execute/async - {"script":"<script> [776 bytes]","args":[{"enterText":"c2IKOjpuJl","selector":{"id":"application-manageresources-display-component---newResourceUnit--resourceId","interaction":{"idSuffix":"inner"}},"clearTextFirst":true,"interactionType":"ENTER_TEXT"}]}
RESULT: {}
RESULT: {"script":"<script> [776 bytes]","args":[{"enterText":"c2IKOjpuJl","selector":{"id":"application-manageresources-display-component---newResourceUnit--resourceId","interaction":{"idSuffix":"inner"}},"clearTextFirst":true,"interactionType":"ENTER_TEXT"}]}
COMMAND: POST /session/0a56c8b3fe23980ff89a5571a3a07e32/execute/async - {"script":"<script> [1562 bytes]","args":[{"selector":{"id":"application-manageresources-display-component---newResourceUnit--SHORT_TEXT","interaction":{"idSuffix":"inner"}},"wdio_ui5_key":"applicationmanageresources-display-component---newResourceUnit--SHORT_TEXT"}]}
RESULT: {"script":"<script> [1562 bytes]","args":[{"selector":{"id":"application-manageresources-display-component---newResourceUnit--SHORT_TEXT","interaction":{"idSuffix":"inner"}},"wdio_ui5_key":"applicationmanageresources-display-component---newResourceUnit--SHORT_TEXT"}]}
RESULT: undefined
COMMAND: POST /session/0a56c8b3fe23980ff89a5571a3a07e32/execute/async - {"script":"<script> [776 bytes]","args":[{"enterText":"Intercompany Equipment WDIO","selector":{"id":"application-manageresources-display-component---newResourceUnit--SHORT_TEXT","interaction":{"idSuffix":"inner"}},"clearTextFirst":true,"interactionType":"ENTER_TEXT"}]}
RESULT: {"script":"<script> [776 bytes]","args":[{"enterText":"Intercompany Equipment WDIO","selector":{"id":"application-manageresources-display-component---newResourceUnit--SHORT_TEXT","interaction":{"idSuffix":"inner"}},"clearTextFirst":true,"interactionType":"ENTER_TEXT"}]}
COMMAND: POST /session/0a56c8b3fe23980ff89a5571a3a07e32/execute/async - {"script":"<script> [1562 bytes]","args":[{"selector":{"id":"application-manageresources-display-component---newResourceUnit--BASE_UNIT_OF_MEASURE","interaction":{"idSuffix":"inner"}},"wdio_ui5_key":"applicationmanageresources-display-component---newResourceUnit--BASE_UNIT_OF_MEASURE"}]}
RESULT: {"script":"<script> [1562 bytes]","args":[{"selector":{"id":"application-manageresources-display-component---newResourceUnit--BASE_UNIT_OF_MEASURE","interaction":{"idSuffix":"inner"}},"wdio_ui5_key":"applicationmanageresources-display-component---newResourceUnit--BASE_UNIT_OF_MEASURE"}]}
RESULT: undefined
COMMAND: POST /session/0a56c8b3fe23980ff89a5571a3a07e32/execute/async - {"script":"<script> [776 bytes]","args":[{"enterText":"Piece","selector":{"id":"application-manageresources-display-component---newResourceUnit--BASE_UNIT_OF_MEASURE","interaction":{"idSuffix":"inner"}},"clearTextFirst":true,"interactionType":"ENTER_TEXT"}]}
RESULT: {"script":"<script> [776 bytes]","args":[{"enterText":"Piece","selector":{"id":"application-manageresources-display-component---newResourceUnit--BASE_UNIT_OF_MEASURE","interaction":{"idSuffix":"inner"}},"clearTextFirst":true,"interactionType":"ENTER_TEXT"}]}
COMMAND: POST /session/0a56c8b3fe23980ff89a5571a3a07e32/execute/async - {"script":"<script> [1562 bytes]","args":[{"selector":{"id":"application-manageresources-display-component---newResourceUnit--WEIGHT_UNIT","interaction":{"idSuffix":"inner"}},"wdio_ui5_key":"applicationmanageresources-display-component---newResourceUnit--WEIGHT_UNIT"}]}
RESULT: {"script":"<script> [1562 bytes]","args":[{"selector":{"id":"application-manageresources-display-component---newResourceUnit--WEIGHT_UNIT","interaction":{"idSuffix":"inner"}},"wdio_ui5_key":"applicationmanageresources-display-component---newResourceUnit--WEIGHT_UNIT"}]}
RESULT: undefined
COMMAND: POST /session/0a56c8b3fe23980ff89a5571a3a07e32/execute/async - {"script":"<script> [776 bytes]","args":[{"enterText":"Gram","selector":{"id":"application-manageresources-display-component---newResourceUnit--WEIGHT_UNIT","interaction":{"idSuffix":"inner"}},"clearTextFirst":true,"interactionType":"ENTER_TEXT"}]}
RESULT: {"script":"<script> [776 bytes]","args":[{"enterText":"Gram","selector":{"id":"application-manageresources-display-component---newResourceUnit--WEIGHT_UNIT","interaction":{"idSuffix":"inner"}},"clearTextFirst":true,"interactionType":"ENTER_TEXT"}]}
COMMAND: POST /session/0a56c8b3fe23980ff89a5571a3a07e32/execute/async - {"script":"<script> [1562 bytes]","args":[{"selector":{"id":"application-manageresources-display-component---newResourceUnit--DIMENSION_UNIT","interaction":{"idSuffix":"inner"}},"wdio_ui5_key":"applicationmanageresources-display-component---newResourceUnit--DIMENSION_UNIT"}]}
RESULT: {"script":"<script> [1562 bytes]","args":[{"selector":{"id":"application-manageresources-display-component---newResourceUnit--DIMENSION_UNIT","interaction":{"idSuffix":"inner"}},"wdio_ui5_key":"applicationmanageresources-display-component---newResourceUnit--DIMENSION_UNIT"}]}
RESULT: undefined
COMMAND: POST /session/0a56c8b3fe23980ff89a5571a3a07e32/execute/async - {"script":"<script> [776 bytes]","args":[{"enterText":"Meter","selector":{"id":"application-manageresources-display-component---newResourceUnit--DIMENSION_UNIT","interaction":{"idSuffix":"inner"}},"clearTextFirst":true,"interactionType":"ENTER_TEXT"}]}
RESULT: {"script":"<script> [776 bytes]","args":[{"enterText":"Meter","selector":{"id":"application-manageresources-display-component---newResourceUnit--DIMENSION_UNIT","interaction":{"idSuffix":"inner"}},"clearTextFirst":true,"interactionType":"ENTER_TEXT"}]}
COMMAND: POST /session/0a56c8b3fe23980ff89a5571a3a07e32/execute/async - {"script":"<script> [1562 bytes]","args":[{"selector":{"id":"application-manageresources-display-component---newResourceUnit--newRRUPage-anchBar-application-manageresources-display-component---newResourceUnit--control-anchor","interaction":{"idSuffix":"BDI-content"}},"wdio_ui5_key":"applicationmanageresources-display-component---newResourceUnit--newRRUPage-anchBar-application-manageresources-display-component---newResourceUnit--control-anchor"}]}
RESULT: {"script":"<script> [1562 bytes]","args":[{"selector":{"id":"application-manageresources-display-component---newResourceUnit--newRRUPage-anchBar-application-manageresources-display-component---newResourceUnit--control-anchor","interaction":{"idSuffix":"BDI-content"}},"wdio_ui5_key":"applicationmanageresources-display-component---newResourceUnit--newRRUPage-anchBar-application-manageresources-display-component---newResourceUnit--control-anchor"}]}
RESULT: undefined
COMMAND: POST /session/0a56c8b3fe23980ff89a5571a3a07e32/element - {"using":"xpath","value":"//*[@id=\"application-manageresources-display-component---newResourceUnit--newRRUPage-anchBar-application-manageresources-display-component---newResourceUnit--control-anchor\"]"}
RESULT: {"using":"xpath","value":"//*[@id=\"application-manageresources-display-component---newResourceUnit--newRRUPage-anchBar-application-manageresources-display-component---newResourceUnit--control-anchor\"]"}
COMMAND: POST /session/0a56c8b3fe23980ff89a5571a3a07e32/element/f.8BC31031A8A77F81AA6DDAE562E569BF.d.562AB348072D6B7598B94C1D0A55A296.e.15771/click - {}
RESULT: {}
COMMAND: POST /session/0a56c8b3fe23980ff89a5571a3a07e32/execute/async - {"script":"<script> [1562 bytes]","args":[{"selector":{"id":"application-manageresources-display-component---newResourceUnit--PLANNING_GROUP","interaction":{"idSuffix":"inner"}},"wdio_ui5_key":"applicationmanageresources-display-component---newResourceUnit--PLANNING_GROUP"}]}
COMMAND: GET /session/0a56c8b3fe23980ff89a5571a3a07e32/screenshot - {}
RESULT: {"script":"<script> [1562 bytes]","args":[{"selector":{"id":"application-manageresources-display-component---newResourceUnit--PLANNING_GROUP","interaction":{"idSuffix":"inner"}},"wdio_ui5_key":"applicationmanageresources-display-component---newResourceUnit--PLANNING_GROUP"}]}
RESULT: undefined
COMMAND: POST /session/0a56c8b3fe23980ff89a5571a3a07e32/execute/async - {"script":"<script> [776 bytes]","args":[{"enterText":"Heavy Equi","selector":{"id":"application-manageresources-display-component---newResourceUnit--PLANNING_GROUP","interaction":{"idSuffix":"inner"}},"clearTextFirst":true,"interactionType":"ENTER_TEXT"}]}
RESULT: {}
RESULT: {"script":"<script> [776 bytes]","args":[{"enterText":"Heavy Equi","selector":{"id":"application-manageresources-display-component---newResourceUnit--PLANNING_GROUP","interaction":{"idSuffix":"inner"}},"clearTextFirst":true,"interactionType":"ENTER_TEXT"}]}
COMMAND: POST /session/0a56c8b3fe23980ff89a5571a3a07e32/execute/async - {"script":"<script> [1562 bytes]","args":[{"selector":{"id":"application-manageresources-display-component---newResourceUnit--ITEM_TYPE-arrow"},"wdio_ui5_key":"applicationmanageresources-display-component---newResourceUnit--ITEM_TYPE-arrow"}]}
RESULT: {"script":"<script> [1562 bytes]","args":[{"selector":{"id":"application-manageresources-display-component---newResourceUnit--ITEM_TYPE-arrow"},"wdio_ui5_key":"applicationmanageresources-display-component---newResourceUnit--ITEM_TYPE-arrow"}]}
RESULT: undefined
COMMAND: POST /session/0a56c8b3fe23980ff89a5571a3a07e32/element - {"using":"xpath","value":"//*[@id=\"application-manageresources-display-component---newResourceUnit--ITEM_TYPE-arrow\"]"}
RESULT: {"using":"xpath","value":"//*[@id=\"application-manageresources-display-component---newResourceUnit--ITEM_TYPE-arrow\"]"}
COMMAND: POST /session/0a56c8b3fe23980ff89a5571a3a07e32/element/f.8BC31031A8A77F81AA6DDAE562E569BF.d.562AB348072D6B7598B94C1D0A55A296.e.15779/click - {}
RESULT: {}
COMMAND: POST /session/0a56c8b3fe23980ff89a5571a3a07e32/element - {"using":"xpath","value":"(//span[contains(text(), \"Resource Unit\")])[2]"}
COMMAND: GET /session/0a56c8b3fe23980ff89a5571a3a07e32/screenshot - {}
RESULT: {"using":"xpath","value":"(//span[contains(text(), \"Resource Unit\")])[2]"}
COMMAND: POST /session/0a56c8b3fe23980ff89a5571a3a07e32/element/f.8BC31031A8A77F81AA6DDAE562E569BF.d.562AB348072D6B7598B94C1D0A55A296.e.15780/click - {}
RESULT: {}
RESULT: {}
COMMAND: GET /session/0a56c8b3fe23980ff89a5571a3a07e32/screenshot - {}
RESULT: {}
COMMAND: POST /session/0a56c8b3fe23980ff89a5571a3a07e32/element - {"using":"css selector","value":"#application-manageresources-display-component---newResourceUnit--btnAddTimeSegment"}
RESULT: {"using":"css selector","value":"#application-manageresources-display-component---newResourceUnit--btnAddTimeSegment"}
COMMAND: GET /session/0a56c8b3fe23980ff89a5571a3a07e32/element/f.8BC31031A8A77F81AA6DDAE562E569BF.d.562AB348072D6B7598B94C1D0A55A296.e.15787/rect - {}
RESULT: {}
COMMAND: GET /session/0a56c8b3fe23980ff89a5571a3a07e32/window/rect - {}
RESULT: {}
COMMAND: POST /session/0a56c8b3fe23980ff89a5571a3a07e32/execute/sync - {"script":"<script> [92 bytes]","args":[]}
RESULT: {"script":"<script> [92 bytes]","args":[]}
COMMAND: POST /session/0a56c8b3fe23980ff89a5571a3a07e32/actions - {"actions":[{"id":"action53","type":"wheel","parameters":{},"actions":[{"type":"scroll","x":-1888,"y":-32,"deltaX":0,"deltaY":0,"duration":0,"origin":{"element-6066-11e4-a52e-4f735466cecf":"f.8BC31031A8A77F81AA6DDAE562E569BF.d.562AB348072D6B7598B94C1D0A55A296.e.15787"}}]}]}
COMMAND: GET /session/0a56c8b3fe23980ff89a5571a3a07e32/screenshot - {}
RESULT: {}
COMMAND: POST /session/0a56c8b3fe23980ff89a5571a3a07e32/execute/sync - {"script":"<script> [79 bytes]","args":[{"element-6066-11e4-a52e-4f735466cecf":"f.8BC31031A8A77F81AA6DDAE562E569BF.d.562AB348072D6B7598B94C1D0A55A296.e.15787","ELEMENT":"f.8BC31031A8A77F81AA6DDAE562E569BF.d.562AB348072D6B7598B94C1D0A55A296.e.15787"},{"block":"start","inline":"nearest"}]}
RESULT: {"script":"<script> [79 bytes]","args":[{"element-6066-11e4-a52e-4f735466cecf":"f.8BC31031A8A77F81AA6DDAE562E569BF.d.562AB348072D6B7598B94C1D0A55A296.e.15787","ELEMENT":"f.8BC31031A8A77F81AA6DDAE562E569BF.d.562AB348072D6B7598B94C1D0A55A296.e.15787"},{"block":"start","inline":"nearest"}]}
COMMAND: POST /session/0a56c8b3fe23980ff89a5571a3a07e32/execute/async - {"script":"<script> [1562 bytes]","args":[{"selector":{"id":"application-manageresources-display-component---newResourceUnit--btnAddTimeSegment","interaction":{"idSuffix":"inner"}},"wdio_ui5_key":"applicationmanageresources-display-component---newResourceUnit--btnAddTimeSegment"}]}
COMMAND: GET /session/0a56c8b3fe23980ff89a5571a3a07e32/screenshot - {}
RESULT: {"script":"<script> [1562 bytes]","args":[{"selector":{"id":"application-manageresources-display-component---newResourceUnit--btnAddTimeSegment","interaction":{"idSuffix":"inner"}},"wdio_ui5_key":"applicationmanageresources-display-component---newResourceUnit--btnAddTimeSegment"}]}
RESULT: undefined
COMMAND: POST /session/0a56c8b3fe23980ff89a5571a3a07e32/element - {"using":"xpath","value":"//*[@id=\"application-manageresources-display-component---newResourceUnit--btnAddTimeSegment\"]"}
RESULT: {}
RESULT: {"using":"xpath","value":"//*[@id=\"application-manageresources-display-component---newResourceUnit--btnAddTimeSegment\"]"}
COMMAND: POST /session/0a56c8b3fe23980ff89a5571a3a07e32/element/f.8BC31031A8A77F81AA6DDAE562E569BF.d.562AB348072D6B7598B94C1D0A55A296.e.15787/click - {}
RESULT: {}
COMMAND: GET /session/0a56c8b3fe23980ff89a5571a3a07e32/screenshot - {}
RESULT: {}
COMMAND: POST /session/0a56c8b3fe23980ff89a5571a3a07e32/element - {"using":"xpath","value":"//input[@id=\"application-manageresources-display-component---newResourceUnit--idRuTSAdmin-application-manageresources-display-component---newResourceUnit--RUTimeSegment-0-inner\"]"}
RESULT: {"using":"xpath","value":"//input[@id=\"application-manageresources-display-component---newResourceUnit--idRuTSAdmin-application-manageresources-display-component---newResourceUnit--RUTimeSegment-0-inner\"]"}
COMMAND: POST /session/0a56c8b3fe23980ff89a5571a3a07e32/element/f.8BC31031A8A77F81AA6DDAE562E569BF.d.562AB348072D6B7598B94C1D0A55A296.e.15793/clear - {}
RESULT: {}
COMMAND: POST /session/0a56c8b3fe23980ff89a5571a3a07e32/element/f.8BC31031A8A77F81AA6DDAE562E569BF.d.562AB348072D6B7598B94C1D0A55A296.e.15793/value - {"text":"346"}
COMMAND: GET /session/0a56c8b3fe23980ff89a5571a3a07e32/screenshot - {}
RESULT: {"text":"346"}
COMMAND: GET /session/0a56c8b3fe23980ff89a5571a3a07e32/screenshot - {}
RESULT: {}
RESULT: {}
COMMAND: POST /session/0a56c8b3fe23980ff89a5571a3a07e32/element - {"using":"xpath","value":"//li[.//span[text()='346']]"}
RESULT: {"using":"xpath","value":"//li[.//span[text()='346']]"}
COMMAND: POST /session/0a56c8b3fe23980ff89a5571a3a07e32/element/f.8BC31031A8A77F81AA6DDAE562E569BF.d.562AB348072D6B7598B94C1D0A55A296.e.15805/click - {}
RESULT: {}
COMMAND: GET /session/0a56c8b3fe23980ff89a5571a3a07e32/screenshot - {}
RESULT: {}
COMMAND: POST /session/0a56c8b3fe23980ff89a5571a3a07e32/element - {"using":"xpath","value":"(//span[contains(@id, \"-application-manageresources-display-component---newResourceUnit--RUTimeSegment-0-arrow\")])[6]"}
RESULT: {"using":"xpath","value":"(//span[contains(@id, \"-application-manageresources-display-component---newResourceUnit--RUTimeSegment-0-arrow\")])[6]"}
COMMAND: POST /session/0a56c8b3fe23980ff89a5571a3a07e32/element/f.8BC31031A8A77F81AA6DDAE562E569BF.d.562AB348072D6B7598B94C1D0A55A296.e.15806/click - {}
RESULT: {}
COMMAND: GET /session/0a56c8b3fe23980ff89a5571a3a07e32/screenshot - {}
RESULT: {}
COMMAND: POST /session/0a56c8b3fe23980ff89a5571a3a07e32/element - {"using":"xpath","value":"//span[contains(text(), \"PM Order\")]"}
RESULT: {"using":"xpath","value":"//span[contains(text(), \"PM Order\")]"}
COMMAND: POST /session/0a56c8b3fe23980ff89a5571a3a07e32/element/f.8BC31031A8A77F81AA6DDAE562E569BF.d.562AB348072D6B7598B94C1D0A55A296.e.15809/click - {}
RESULT: {}
COMMAND: GET /session/0a56c8b3fe23980ff89a5571a3a07e32/screenshot - {}
RESULT: {}
COMMAND: POST /session/0a56c8b3fe23980ff89a5571a3a07e32/element - {"using":"xpath","value":"(//span[contains(@id ,\"manageresources-display-component---newResourceUnit--RUTimeSegment-0-vhi\")])[1]"}
RESULT: {"using":"xpath","value":"(//span[contains(@id ,\"manageresources-display-component---newResourceUnit--RUTimeSegment-0-vhi\")])[1]"}
COMMAND: GET /session/0a56c8b3fe23980ff89a5571a3a07e32/element/f.8BC31031A8A77F81AA6DDAE562E569BF.d.562AB348072D6B7598B94C1D0A55A296.e.15813/rect - {}
RESULT: {}
COMMAND: GET /session/0a56c8b3fe23980ff89a5571a3a07e32/window/rect - {}
RESULT: {}
COMMAND: POST /session/0a56c8b3fe23980ff89a5571a3a07e32/execute/sync - {"script":"<script> [92 bytes]","args":[]}
RESULT: {"script":"<script> [92 bytes]","args":[]}
COMMAND: POST /session/0a56c8b3fe23980ff89a5571a3a07e32/actions - {"actions":[{"id":"action54","type":"wheel","parameters":{},"actions":[{"type":"scroll","x":-869,"y":-24,"deltaX":0,"deltaY":0,"duration":0,"origin":{"element-6066-11e4-a52e-4f735466cecf":"f.8BC31031A8A77F81AA6DDAE562E569BF.d.562AB348072D6B7598B94C1D0A55A296.e.15813"}}]}]}
COMMAND: GET /session/0a56c8b3fe23980ff89a5571a3a07e32/screenshot - {}
RESULT: {"actions":[{"id":"action54","type":"wheel","parameters":{},"actions":[{"type":"scroll","x":-869,"y":-24,"deltaX":0,"deltaY":0,"duration":0,"origin":{"element-6066-11e4-a52e-4f735466cecf":"f.8BC31031A8A77F81AA6DDAE562E569BF.d.562AB348072D6B7598B94C1D0A55A296.e.15813"}}]}]}
COMMAND: DELETE /session/0a56c8b3fe23980ff89a5571a3a07e32/actions - {}
COMMAND: GET /session/0a56c8b3fe23980ff89a5571a3a07e32/screenshot - {}
RESULT: {}
RESULT: {}
COMMAND: GET /session/0a56c8b3fe23980ff89a5571a3a07e32/screenshot - {}
RESULT: {}
RESULT: {}
COMMAND: POST /session/0a56c8b3fe23980ff89a5571a3a07e32/element/f.8BC31031A8A77F81AA6DDAE562E569BF.d.562AB348072D6B7598B94C1D0A55A296.e.15813/click - {}
RESULT: {}
COMMAND: GET /session/0a56c8b3fe23980ff89a5571a3a07e32/screenshot - {}
RESULT: {}
COMMAND: POST /session/0a56c8b3fe23980ff89a5571a3a07e32/execute/async - {"script":"<script> [1562 bytes]","args":[{"selector":{"controlType":"sap.m.SearchField","properties":{"placeholder":"Search"},"searchOpenDialogs":true,"interaction":{"idSuffix":"I"}},"wdio_ui5_key":"sapm.SearchField{\"placeholder\":\"Search\"}"}]}
RESULT: {"script":"<script> [1562 bytes]","args":[{"selector":{"controlType":"sap.m.SearchField","properties":{"placeholder":"Search"},"searchOpenDialogs":true,"interaction":{"idSuffix":"I"}},"wdio_ui5_key":"sapm.SearchField{\"placeholder\":\"Search\"}"}]}
RESULT: undefined
COMMAND: POST /session/0a56c8b3fe23980ff89a5571a3a07e32/execute/async - {"script":"<script> [776 bytes]","args":[{"enterText":"4000360","selector":{"controlType":"sap.m.SearchField","properties":{"placeholder":"Search"},"searchOpenDialogs":true,"interaction":{"idSuffix":"I"}},"clearTextFirst":true,"interactionType":"ENTER_TEXT"}]}
RESULT: {"script":"<script> [776 bytes]","args":[{"enterText":"4000360","selector":{"controlType":"sap.m.SearchField","properties":{"placeholder":"Search"},"searchOpenDialogs":true,"interaction":{"idSuffix":"I"}},"clearTextFirst":true,"interactionType":"ENTER_TEXT"}]}
COMMAND: POST /session/0a56c8b3fe23980ff89a5571a3a07e32/actions - {"actions":[{"id":"action55","type":"key","parameters":{},"actions":[{"type":"keyDown","value":""},{"type":"pause","duration":10},{"type":"keyUp","value":""}]}]}
RESULT: {"actions":[{"id":"action55","type":"key","parameters":{},"actions":[{"type":"keyDown","value":""},{"type":"pause","duration":10},{"type":"keyUp","value":""}]}]}
COMMAND: GET /session/0a56c8b3fe23980ff89a5571a3a07e32/screenshot - {}
RESULT: {}
COMMAND: POST /session/0a56c8b3fe23980ff89a5571a3a07e32/element - {"using":"xpath","value":"//td/div/span[contains(text(), \"BGL Vehicles\")]"}
RESULT: {"using":"xpath","value":"//td/div/span[contains(text(), \"BGL Vehicles\")]"}
COMMAND: POST /session/0a56c8b3fe23980ff89a5571a3a07e32/element/f.8BC31031A8A77F81AA6DDAE562E569BF.d.562AB348072D6B7598B94C1D0A55A296.e.15836/click - {}
RESULT: {}
COMMAND: GET /session/0a56c8b3fe23980ff89a5571a3a07e32/screenshot - {}
RESULT: {}
COMMAND: POST /session/0a56c8b3fe23980ff89a5571a3a07e32/element - {"using":"xpath","value":"//bdi[contains(text(), \"OK\")]"}
RESULT: {"using":"xpath","value":"//bdi[contains(text(), \"OK\")]"}
COMMAND: POST /session/0a56c8b3fe23980ff89a5571a3a07e32/element/f.8BC31031A8A77F81AA6DDAE562E569BF.d.562AB348072D6B7598B94C1D0A55A296.e.15837/click - {}
RESULT: {}
COMMAND: GET /session/0a56c8b3fe23980ff89a5571a3a07e32/screenshot - {}
RESULT: {}
COMMAND: POST /session/0a56c8b3fe23980ff89a5571a3a07e32/execute/async - {"script":"<script> [1562 bytes]","args":[{"selector":{"id":"application-manageresources-display-component---newResourceUnit--newRRUPage-anchBar-application-manageresources-display-component---newResourceUnit--resource-anchor","interaction":{"idSuffix":"BDI-content"}},"wdio_ui5_key":"applicationmanageresources-display-component---newResourceUnit--newRRUPage-anchBar-application-manageresources-display-component---newResourceUnit--resource-anchor"}]}
RESULT: {"script":"<script> [1562 bytes]","args":[{"selector":{"id":"application-manageresources-display-component---newResourceUnit--newRRUPage-anchBar-application-manageresources-display-component---newResourceUnit--resource-anchor","interaction":{"idSuffix":"BDI-content"}},"wdio_ui5_key":"applicationmanageresources-display-component---newResourceUnit--newRRUPage-anchBar-application-manageresources-display-component---newResourceUnit--resource-anchor"}]}
RESULT: undefined
COMMAND: POST /session/0a56c8b3fe23980ff89a5571a3a07e32/element - {"using":"xpath","value":"//*[@id=\"application-manageresources-display-component---newResourceUnit--newRRUPage-anchBar-application-manageresources-display-component---newResourceUnit--resource-anchor\"]"}
RESULT: {"using":"xpath","value":"//*[@id=\"application-manageresources-display-component---newResourceUnit--newRRUPage-anchBar-application-manageresources-display-component---newResourceUnit--resource-anchor\"]"}
COMMAND: POST /session/0a56c8b3fe23980ff89a5571a3a07e32/element/f.8BC31031A8A77F81AA6DDAE562E569BF.d.562AB348072D6B7598B94C1D0A55A296.e.15841/click - {}
RESULT: {}
COMMAND: POST /session/0a56c8b3fe23980ff89a5571a3a07e32/execute/async - {"script":"<script> [1562 bytes]","args":[{"selector":{"id":"application-manageresources-display-component---newResourceUnit--PLANNED_DELIVERY_DATE","interaction":{"idSuffix":"inner"}},"wdio_ui5_key":"applicationmanageresources-display-component---newResourceUnit--PLANNED_DELIVERY_DATE"}]}
COMMAND: GET /session/0a56c8b3fe23980ff89a5571a3a07e32/screenshot - {}
RESULT: {"script":"<script> [1562 bytes]","args":[{"selector":{"id":"application-manageresources-display-component---newResourceUnit--PLANNED_DELIVERY_DATE","interaction":{"idSuffix":"inner"}},"wdio_ui5_key":"applicationmanageresources-display-component---newResourceUnit--PLANNED_DELIVERY_DATE"}]}
RESULT: undefined
COMMAND: POST /session/0a56c8b3fe23980ff89a5571a3a07e32/execute/async - {"script":"<script> [6424 bytes]","args":[{"element-6066-11e4-a52e-4f735466cecf":"f.8BC31031A8A77F81AA6DDAE562E569BF.d.562AB348072D6B7598B94C1D0A55A296.e.15670"},"setValue",["5/26/25"]]}
RESULT: {}
RESULT: {"script":"<script> [6424 bytes]","args":[{"element-6066-11e4-a52e-4f735466cecf":"f.8BC31031A8A77F81AA6DDAE562E569BF.d.562AB348072D6B7598B94C1D0A55A296.e.15670"},"setValue",["5/26/25"]]}
COMMAND: POST /session/0a56c8b3fe23980ff89a5571a3a07e32/element - {"using":"xpath","value":"//label[contains(@class, 'sapMLabelRequired') and .//bdi[contains(text(), 'Planned Retirement')]]"}
RESULT: {"using":"xpath","value":"//label[contains(@class, 'sapMLabelRequired') and .//bdi[contains(text(), 'Planned Retirement')]]"}
COMMAND: POST /session/0a56c8b3fe23980ff89a5571a3a07e32/elements - {"using":"xpath","value":"//label[contains(@class, 'sapMLabelRequired') and .//bdi[contains(text(), 'Planned Retirement')]]"}
RESULT: {"using":"xpath","value":"//label[contains(@class, 'sapMLabelRequired') and .//bdi[contains(text(), 'Planned Retirement')]]"}
COMMAND: POST /session/0a56c8b3fe23980ff89a5571a3a07e32/element - {"using":"xpath","value":"//button[@data-kt=\"resourceUnitSaveButton\"]"}
RESULT: {"using":"xpath","value":"//button[@data-kt=\"resourceUnitSaveButton\"]"}
COMMAND: POST /session/0a56c8b3fe23980ff89a5571a3a07e32/element/f.8BC31031A8A77F81AA6DDAE562E569BF.d.562AB348072D6B7598B94C1D0A55A296.e.15629/click - {}
RESULT: {}
COMMAND: GET /session/0a56c8b3fe23980ff89a5571a3a07e32/screenshot - {}
RESULT: {}
COMMAND: POST /session/0a56c8b3fe23980ff89a5571a3a07e32/element - {"using":"xpath","value":"//bdi[contains(text(), \"Close\")]"}
RESULT: {"using":"xpath","value":"//bdi[contains(text(), \"Close\")]"}
COMMAND: POST /session/0a56c8b3fe23980ff89a5571a3a07e32/element/f.8BC31031A8A77F81AA6DDAE562E569BF.d.562AB348072D6B7598B94C1D0A55A296.e.15849/click - {}
RESULT: {}
COMMAND: GET /session/0a56c8b3fe23980ff89a5571a3a07e32/screenshot - {}
RESULT: {}
COMMAND: POST /session/0a56c8b3fe23980ff89a5571a3a07e32/element - {"using":"xpath","value":"(//button[contains(@id ,\"actionsToolbar-overflowButton\")])[1]"}
RESULT: {"using":"xpath","value":"(//button[contains(@id ,\"actionsToolbar-overflowButton\")])[1]"}
COMMAND: POST /session/0a56c8b3fe23980ff89a5571a3a07e32/element/f.8BC31031A8A77F81AA6DDAE562E569BF.d.562AB348072D6B7598B94C1D0A55A296.e.15904/click - {}
RESULT: {}
COMMAND: GET /session/0a56c8b3fe23980ff89a5571a3a07e32/screenshot - {}
RESULT: {}
COMMAND: POST /session/0a56c8b3fe23980ff89a5571a3a07e32/element - {"using":"xpath","value":"//button[@data-kt=\"priceInfoButton\"]"}
RESULT: {"using":"xpath","value":"//button[@data-kt=\"priceInfoButton\"]"}
COMMAND: POST /session/0a56c8b3fe23980ff89a5571a3a07e32/element/f.8BC31031A8A77F81AA6DDAE562E569BF.d.562AB348072D6B7598B94C1D0A55A296.e.15909/click - {}
RESULT: {}
COMMAND: GET /session/0a56c8b3fe23980ff89a5571a3a07e32/screenshot - {}
RESULT: {}
]]></system-out>
    </testcase>
    <testcase classname="chrome.136_0_7103_93.windows.Performance_based_billing_(work_days)_US139742" name="Should create a pricing rule perf based on the equipment" time="55.494">
      <system-out><![CDATA[
COMMAND: POST /session/0a56c8b3fe23980ff89a5571a3a07e32/element - {"using":"xpath","value":"//button[@data-kt=\"addButton\"]"}
RESULT: {"using":"xpath","value":"//button[@data-kt=\"addButton\"]"}
COMMAND: POST /session/0a56c8b3fe23980ff89a5571a3a07e32/elements - {"using":"xpath","value":"//button[@data-kt=\"addButton\"]"}
RESULT: {"using":"xpath","value":"//button[@data-kt=\"addButton\"]"}
COMMAND: POST /session/0a56c8b3fe23980ff89a5571a3a07e32/element - {"using":"xpath","value":"//button[@data-kt=\"addButton\"]"}
RESULT: {"using":"xpath","value":"//button[@data-kt=\"addButton\"]"}
COMMAND: POST /session/0a56c8b3fe23980ff89a5571a3a07e32/execute/sync - {"script":"<script> [8489 bytes]","args":[{"element-6066-11e4-a52e-4f735466cecf":"f.8BC31031A8A77F81AA6DDAE562E569BF.d.562AB348072D6B7598B94C1D0A55A296.e.15945","ELEMENT":"f.8BC31031A8A77F81AA6DDAE562E569BF.d.562AB348072D6B7598B94C1D0A55A296.e.15945"}]}
RESULT: {"script":"<script> [8489 bytes]","args":[{"element-6066-11e4-a52e-4f735466cecf":"f.8BC31031A8A77F81AA6DDAE562E569BF.d.562AB348072D6B7598B94C1D0A55A296.e.15945","ELEMENT":"f.8BC31031A8A77F81AA6DDAE562E569BF.d.562AB348072D6B7598B94C1D0A55A296.e.15945"}]}
COMMAND: GET /session/0a56c8b3fe23980ff89a5571a3a07e32/element/f.8BC31031A8A77F81AA6DDAE562E569BF.d.562AB348072D6B7598B94C1D0A55A296.e.15945/enabled - {}
COMMAND: GET /session/0a56c8b3fe23980ff89a5571a3a07e32/screenshot - {}
RESULT: {}
COMMAND: POST /session/0a56c8b3fe23980ff89a5571a3a07e32/execute/sync - {"script":"<script> [8489 bytes]","args":[{"element-6066-11e4-a52e-4f735466cecf":"f.8BC31031A8A77F81AA6DDAE562E569BF.d.562AB348072D6B7598B94C1D0A55A296.e.15945","ELEMENT":"f.8BC31031A8A77F81AA6DDAE562E569BF.d.562AB348072D6B7598B94C1D0A55A296.e.15945"}]}
COMMAND: GET /session/0a56c8b3fe23980ff89a5571a3a07e32/screenshot - {}
RESULT: {}
RESULT: {"script":"<script> [8489 bytes]","args":[{"element-6066-11e4-a52e-4f735466cecf":"f.8BC31031A8A77F81AA6DDAE562E569BF.d.562AB348072D6B7598B94C1D0A55A296.e.15945","ELEMENT":"f.8BC31031A8A77F81AA6DDAE562E569BF.d.562AB348072D6B7598B94C1D0A55A296.e.15945"}]}
COMMAND: POST /session/0a56c8b3fe23980ff89a5571a3a07e32/execute/sync - {"script":"<script> [5351 bytes]","args":[{"element-6066-11e4-a52e-4f735466cecf":"f.8BC31031A8A77F81AA6DDAE562E569BF.d.562AB348072D6B7598B94C1D0A55A296.e.15945","ELEMENT":"f.8BC31031A8A77F81AA6DDAE562E569BF.d.562AB348072D6B7598B94C1D0A55A296.e.15945"}]}
COMMAND: GET /session/0a56c8b3fe23980ff89a5571a3a07e32/screenshot - {}
RESULT: {}
RESULT: {"script":"<script> [5351 bytes]","args":[{"element-6066-11e4-a52e-4f735466cecf":"f.8BC31031A8A77F81AA6DDAE562E569BF.d.562AB348072D6B7598B94C1D0A55A296.e.15945","ELEMENT":"f.8BC31031A8A77F81AA6DDAE562E569BF.d.562AB348072D6B7598B94C1D0A55A296.e.15945"}]}
COMMAND: POST /session/0a56c8b3fe23980ff89a5571a3a07e32/element/f.8BC31031A8A77F81AA6DDAE562E569BF.d.562AB348072D6B7598B94C1D0A55A296.e.15945/click - {}
COMMAND: GET /session/0a56c8b3fe23980ff89a5571a3a07e32/screenshot - {}
RESULT: {}
RESULT: {}
COMMAND: GET /session/0a56c8b3fe23980ff89a5571a3a07e32/screenshot - {}
RESULT: {}
RESULT: {}
COMMAND: POST /session/0a56c8b3fe23980ff89a5571a3a07e32/execute/async - {"script":"<script> [1562 bytes]","args":[{"selector":{"controlType":"sap.m.Title","viewName":"etm.portal.ui.managepricingrules.view.NewItem","viewId":"application-managepricingrules-display-component---newInfoPriceItem","properties":{"text":"New Pricing Rules - Item Level"}},"wdio_ui5_key":"etmportal.ui.managepricingrules.view.NewItemsap.m.Title{\"text\":\"New Pricing Rules - Item Level\"}"}]}
RESULT: {"script":"<script> [1562 bytes]","args":[{"selector":{"controlType":"sap.m.Title","viewName":"etm.portal.ui.managepricingrules.view.NewItem","viewId":"application-managepricingrules-display-component---newInfoPriceItem","properties":{"text":"New Pricing Rules - Item Level"}},"wdio_ui5_key":"etmportal.ui.managepricingrules.view.NewItemsap.m.Title{\"text\":\"New Pricing Rules - Item Level\"}"}]}
RESULT: undefined
COMMAND: POST /session/0a56c8b3fe23980ff89a5571a3a07e32/execute/async - {"script":"<script> [6424 bytes]","args":[{"element-6066-11e4-a52e-4f735466cecf":"f.8BC31031A8A77F81AA6DDAE562E569BF.d.562AB348072D6B7598B94C1D0A55A296.e.16118"},"getText",[]]}
RESULT: {"script":"<script> [6424 bytes]","args":[{"element-6066-11e4-a52e-4f735466cecf":"f.8BC31031A8A77F81AA6DDAE562E569BF.d.562AB348072D6B7598B94C1D0A55A296.e.16118"},"getText",[]]}
COMMAND: POST /session/0a56c8b3fe23980ff89a5571a3a07e32/execute/async - {"script":"<script> [1562 bytes]","args":[{"selector":{"id":"application-managepricingrules-display-component---newInfoPriceItem--condValidTo","interaction":{"idSuffix":"inner"}},"wdio_ui5_key":"applicationmanagepricingrules-display-component---newInfoPriceItem--condValidTo"}]}
RESULT: {"script":"<script> [1562 bytes]","args":[{"selector":{"id":"application-managepricingrules-display-component---newInfoPriceItem--condValidTo","interaction":{"idSuffix":"inner"}},"wdio_ui5_key":"applicationmanagepricingrules-display-component---newInfoPriceItem--condValidTo"}]}
RESULT: undefined
COMMAND: POST /session/0a56c8b3fe23980ff89a5571a3a07e32/execute/async - {"script":"<script> [776 bytes]","args":[{"enterText":"1/26/26","selector":{"id":"application-managepricingrules-display-component---newInfoPriceItem--condValidTo","interaction":{"idSuffix":"inner"}},"clearTextFirst":true,"interactionType":"ENTER_TEXT"}]}
RESULT: {"script":"<script> [776 bytes]","args":[{"enterText":"1/26/26","selector":{"id":"application-managepricingrules-display-component---newInfoPriceItem--condValidTo","interaction":{"idSuffix":"inner"}},"clearTextFirst":true,"interactionType":"ENTER_TEXT"}]}
COMMAND: POST /session/0a56c8b3fe23980ff89a5571a3a07e32/execute/async - {"script":"<script> [1562 bytes]","args":[{"selector":{"id":"application-managepricingrules-display-component---newInfoPriceItem--billType-arrow"},"wdio_ui5_key":"applicationmanagepricingrules-display-component---newInfoPriceItem--billType-arrow"}]}
RESULT: {"script":"<script> [1562 bytes]","args":[{"selector":{"id":"application-managepricingrules-display-component---newInfoPriceItem--billType-arrow"},"wdio_ui5_key":"applicationmanagepricingrules-display-component---newInfoPriceItem--billType-arrow"}]}
RESULT: undefined
COMMAND: POST /session/0a56c8b3fe23980ff89a5571a3a07e32/element - {"using":"xpath","value":"//*[@id=\"application-managepricingrules-display-component---newInfoPriceItem--billType-arrow\"]"}
RESULT: {"using":"xpath","value":"//*[@id=\"application-managepricingrules-display-component---newInfoPriceItem--billType-arrow\"]"}
COMMAND: POST /session/0a56c8b3fe23980ff89a5571a3a07e32/element/f.8BC31031A8A77F81AA6DDAE562E569BF.d.562AB348072D6B7598B94C1D0A55A296.e.16077/click - {}
RESULT: {}
COMMAND: POST /session/0a56c8b3fe23980ff89a5571a3a07e32/element - {"using":"xpath","value":"//span[contains(text(), \"PB - Performance based\")]"}
COMMAND: GET /session/0a56c8b3fe23980ff89a5571a3a07e32/screenshot - {}
RESULT: {"using":"xpath","value":"//span[contains(text(), \"PB - Performance based\")]"}
COMMAND: POST /session/0a56c8b3fe23980ff89a5571a3a07e32/element/f.8BC31031A8A77F81AA6DDAE562E569BF.d.562AB348072D6B7598B94C1D0A55A296.e.16120/click - {}
RESULT: {}
RESULT: {}
COMMAND: POST /session/0a56c8b3fe23980ff89a5571a3a07e32/execute/async - {"script":"<script> [1562 bytes]","args":[{"selector":{"id":"application-managepricingrules-display-component---newInfoPriceItem--priceProc-arrow"},"wdio_ui5_key":"applicationmanagepricingrules-display-component---newInfoPriceItem--priceProc-arrow"}]}
COMMAND: GET /session/0a56c8b3fe23980ff89a5571a3a07e32/screenshot - {}
RESULT: {"script":"<script> [1562 bytes]","args":[{"selector":{"id":"application-managepricingrules-display-component---newInfoPriceItem--priceProc-arrow"},"wdio_ui5_key":"applicationmanagepricingrules-display-component---newInfoPriceItem--priceProc-arrow"}]}
RESULT: undefined
COMMAND: POST /session/0a56c8b3fe23980ff89a5571a3a07e32/element - {"using":"xpath","value":"//*[@id=\"application-managepricingrules-display-component---newInfoPriceItem--priceProc-arrow\"]"}
RESULT: {}
RESULT: {"using":"xpath","value":"//*[@id=\"application-managepricingrules-display-component---newInfoPriceItem--priceProc-arrow\"]"}
COMMAND: POST /session/0a56c8b3fe23980ff89a5571a3a07e32/element/f.8BC31031A8A77F81AA6DDAE562E569BF.d.562AB348072D6B7598B94C1D0A55A296.e.16084/click - {}
RESULT: {}
COMMAND: POST /session/0a56c8b3fe23980ff89a5571a3a07e32/element - {"using":"xpath","value":"//span[contains(text(), \"PRF - Performance based\")]"}
COMMAND: GET /session/0a56c8b3fe23980ff89a5571a3a07e32/screenshot - {}
RESULT: {"using":"xpath","value":"//span[contains(text(), \"PRF - Performance based\")]"}
COMMAND: POST /session/0a56c8b3fe23980ff89a5571a3a07e32/element/f.8BC31031A8A77F81AA6DDAE562E569BF.d.562AB348072D6B7598B94C1D0A55A296.e.16121/click - {}
RESULT: {}
RESULT: {}
COMMAND: POST /session/0a56c8b3fe23980ff89a5571a3a07e32/execute/async - {"script":"<script> [1562 bytes]","args":[{"selector":{"id":"application-managepricingrules-display-component---newInfoPriceItem--calcBase-arrow"},"wdio_ui5_key":"applicationmanagepricingrules-display-component---newInfoPriceItem--calcBase-arrow"}]}
COMMAND: GET /session/0a56c8b3fe23980ff89a5571a3a07e32/screenshot - {}
RESULT: {"script":"<script> [1562 bytes]","args":[{"selector":{"id":"application-managepricingrules-display-component---newInfoPriceItem--calcBase-arrow"},"wdio_ui5_key":"applicationmanagepricingrules-display-component---newInfoPriceItem--calcBase-arrow"}]}
RESULT: undefined
COMMAND: POST /session/0a56c8b3fe23980ff89a5571a3a07e32/element - {"using":"xpath","value":"//*[@id=\"application-managepricingrules-display-component---newInfoPriceItem--calcBase-arrow\"]"}
RESULT: {}
RESULT: {"using":"xpath","value":"//*[@id=\"application-managepricingrules-display-component---newInfoPriceItem--calcBase-arrow\"]"}
COMMAND: POST /session/0a56c8b3fe23980ff89a5571a3a07e32/element/f.8BC31031A8A77F81AA6DDAE562E569BF.d.562AB348072D6B7598B94C1D0A55A296.e.16091/click - {}
RESULT: {}
COMMAND: GET /session/0a56c8b3fe23980ff89a5571a3a07e32/screenshot - {}
RESULT: {}
COMMAND: POST /session/0a56c8b3fe23980ff89a5571a3a07e32/element - {"using":"xpath","value":"//span[contains(text(), \"0007 - PB(work days)\")]"}
RESULT: {"using":"xpath","value":"//span[contains(text(), \"0007 - PB(work days)\")]"}
COMMAND: POST /session/0a56c8b3fe23980ff89a5571a3a07e32/element/f.8BC31031A8A77F81AA6DDAE562E569BF.d.562AB348072D6B7598B94C1D0A55A296.e.16122/click - {}
RESULT: {}
COMMAND: GET /session/0a56c8b3fe23980ff89a5571a3a07e32/screenshot - {}
RESULT: {}
COMMAND: POST /session/0a56c8b3fe23980ff89a5571a3a07e32/execute/async - {"script":"<script> [1562 bytes]","args":[{"selector":{"id":"application-managepricingrules-display-component---newInfoPriceItem--hoursMonth","interaction":{"idSuffix":"inner"}},"wdio_ui5_key":"applicationmanagepricingrules-display-component---newInfoPriceItem--hoursMonth"}]}
RESULT: {"script":"<script> [1562 bytes]","args":[{"selector":{"id":"application-managepricingrules-display-component---newInfoPriceItem--hoursMonth","interaction":{"idSuffix":"inner"}},"wdio_ui5_key":"applicationmanagepricingrules-display-component---newInfoPriceItem--hoursMonth"}]}
RESULT: undefined
COMMAND: POST /session/0a56c8b3fe23980ff89a5571a3a07e32/execute/async - {"script":"<script> [776 bytes]","args":[{"enterText":"160","selector":{"id":"application-managepricingrules-display-component---newInfoPriceItem--hoursMonth","interaction":{"idSuffix":"inner"}},"clearTextFirst":true,"interactionType":"ENTER_TEXT"}]}
RESULT: {"script":"<script> [776 bytes]","args":[{"enterText":"160","selector":{"id":"application-managepricingrules-display-component---newInfoPriceItem--hoursMonth","interaction":{"idSuffix":"inner"}},"clearTextFirst":true,"interactionType":"ENTER_TEXT"}]}
COMMAND: POST /session/0a56c8b3fe23980ff89a5571a3a07e32/element - {"using":"xpath","value":"//button[@data-kt=\"saveNewRuleButton\"]"}
RESULT: {"using":"xpath","value":"//button[@data-kt=\"saveNewRuleButton\"]"}
COMMAND: POST /session/0a56c8b3fe23980ff89a5571a3a07e32/element/f.8BC31031A8A77F81AA6DDAE562E569BF.d.562AB348072D6B7598B94C1D0A55A296.e.16111/click - {}
RESULT: {}
COMMAND: GET /session/0a56c8b3fe23980ff89a5571a3a07e32/screenshot - {}
RESULT: {}
COMMAND: POST /session/0a56c8b3fe23980ff89a5571a3a07e32/execute/async - {"script":"<script> [1562 bytes]","args":[{"selector":{"id":"application-managepricingrules-display-component---priceInfoItem--smartFilterBar-btnBasicSearch","interaction":{"idSuffix":"I"}},"wdio_ui5_key":"applicationmanagepricingrules-display-component---priceInfoItem--smartFilterBar-btnBasicSearch"}]}
RESULT: {"script":"<script> [1562 bytes]","args":[{"selector":{"id":"application-managepricingrules-display-component---priceInfoItem--smartFilterBar-btnBasicSearch","interaction":{"idSuffix":"I"}},"wdio_ui5_key":"applicationmanagepricingrules-display-component---priceInfoItem--smartFilterBar-btnBasicSearch"}]}
RESULT: undefined
COMMAND: POST /session/0a56c8b3fe23980ff89a5571a3a07e32/execute/async - {"script":"<script> [776 bytes]","args":[{"enterText":"c2IKOjpuJl","selector":{"id":"application-managepricingrules-display-component---priceInfoItem--smartFilterBar-btnBasicSearch","interaction":{"idSuffix":"I"}},"clearTextFirst":true,"interactionType":"ENTER_TEXT"}]}
RESULT: {"script":"<script> [776 bytes]","args":[{"enterText":"c2IKOjpuJl","selector":{"id":"application-managepricingrules-display-component---priceInfoItem--smartFilterBar-btnBasicSearch","interaction":{"idSuffix":"I"}},"clearTextFirst":true,"interactionType":"ENTER_TEXT"}]}
COMMAND: POST /session/0a56c8b3fe23980ff89a5571a3a07e32/actions - {"actions":[{"id":"action56","type":"key","parameters":{},"actions":[{"type":"keyDown","value":""},{"type":"pause","duration":10},{"type":"keyUp","value":""}]}]}
RESULT: {"actions":[{"id":"action56","type":"key","parameters":{},"actions":[{"type":"keyDown","value":""},{"type":"pause","duration":10},{"type":"keyUp","value":""}]}]}
COMMAND: GET /session/0a56c8b3fe23980ff89a5571a3a07e32/screenshot - {}
RESULT: {}
COMMAND: POST /session/0a56c8b3fe23980ff89a5571a3a07e32/element - {"using":"xpath","value":"//span[@id=\"application-managepricingrules-display-component---priceInfoItem--smartTable-header-inner\"]"}
RESULT: {"using":"xpath","value":"//span[@id=\"application-managepricingrules-display-component---priceInfoItem--smartTable-header-inner\"]"}
COMMAND: POST /session/0a56c8b3fe23980ff89a5571a3a07e32/elements - {"using":"xpath","value":"//span[@id=\"application-managepricingrules-display-component---priceInfoItem--smartTable-header-inner\"]"}
RESULT: {"using":"xpath","value":"//span[@id=\"application-managepricingrules-display-component---priceInfoItem--smartTable-header-inner\"]"}
COMMAND: POST /session/0a56c8b3fe23980ff89a5571a3a07e32/execute/sync - {"script":"<script> [56 bytes]","args":[{"element-6066-11e4-a52e-4f735466cecf":"f.8BC31031A8A77F81AA6DDAE562E569BF.d.562AB348072D6B7598B94C1D0A55A296.e.16146","ELEMENT":"f.8BC31031A8A77F81AA6DDAE562E569BF.d.562AB348072D6B7598B94C1D0A55A296.e.16146"}]}
RESULT: {"script":"<script> [56 bytes]","args":[{"element-6066-11e4-a52e-4f735466cecf":"f.8BC31031A8A77F81AA6DDAE562E569BF.d.562AB348072D6B7598B94C1D0A55A296.e.16146","ELEMENT":"f.8BC31031A8A77F81AA6DDAE562E569BF.d.562AB348072D6B7598B94C1D0A55A296.e.16146"}]}
COMMAND: POST /session/0a56c8b3fe23980ff89a5571a3a07e32/element - {"using":"css selector","value":"#shell-header-logo"}
COMMAND: GET /session/0a56c8b3fe23980ff89a5571a3a07e32/screenshot - {}
RESULT: {"using":"css selector","value":"#shell-header-logo"}
COMMAND: POST /session/0a56c8b3fe23980ff89a5571a3a07e32/element/f.8BC31031A8A77F81AA6DDAE562E569BF.d.562AB348072D6B7598B94C1D0A55A296.e.15227/click - {}
RESULT: {}
RESULT: {}
COMMAND: GET /session/0a56c8b3fe23980ff89a5571a3a07e32/screenshot - {}
RESULT: {}
]]></system-out>
    </testcase>
    <testcase classname="chrome.136_0_7103_93.windows.Performance_based_billing_(work_days)_US139742" name="Should create a performance based billing condition on the equipment" time="69.21">
      <system-out><![CDATA[
COMMAND: POST /session/0a56c8b3fe23980ff89a5571a3a07e32/execute/async - {"script":"<script> [1562 bytes]","args":[{"selector":{"controlType":"sap.m.GenericTile","properties":{"header":"Manage Conditions & Prices"}},"wdio_ui5_key":"sapm.GenericTile{\"header\":\"Manage Conditions & Prices\"}"}]}
RESULT: {"script":"<script> [1562 bytes]","args":[{"selector":{"controlType":"sap.m.GenericTile","properties":{"header":"Manage Conditions & Prices"}},"wdio_ui5_key":"sapm.GenericTile{\"header\":\"Manage Conditions & Prices\"}"}]}
RESULT: undefined
COMMAND: POST /session/0a56c8b3fe23980ff89a5571a3a07e32/element - {"using":"xpath","value":"//*[@id=\"__tile53\"]"}
RESULT: {"using":"xpath","value":"//*[@id=\"__tile53\"]"}
COMMAND: POST /session/0a56c8b3fe23980ff89a5571a3a07e32/element/f.8BC31031A8A77F81AA6DDAE562E569BF.d.562AB348072D6B7598B94C1D0A55A296.e.15177/click - {}
RESULT: {}
COMMAND: GET /session/0a56c8b3fe23980ff89a5571a3a07e32/screenshot - {}
RESULT: {}
COMMAND: POST /session/0a56c8b3fe23980ff89a5571a3a07e32/elements - {"using":"xpath","value":"//span[text()='Error']"}
RESULT: {"using":"xpath","value":"//span[text()='Error']"}
COMMAND: POST /session/0a56c8b3fe23980ff89a5571a3a07e32/element - {"using":"xpath","value":"//button[@aria-label=\"Create\"]"}
RESULT: {"using":"xpath","value":"//button[@aria-label=\"Create\"]"}
COMMAND: POST /session/0a56c8b3fe23980ff89a5571a3a07e32/elements - {"using":"xpath","value":"//button[@aria-label=\"Create\"]"}
RESULT: {"using":"xpath","value":"//button[@aria-label=\"Create\"]"}
COMMAND: POST /session/0a56c8b3fe23980ff89a5571a3a07e32/execute/sync - {"script":"<script> [8489 bytes]","args":[{"element-6066-11e4-a52e-4f735466cecf":"f.8BC31031A8A77F81AA6DDAE562E569BF.d.562AB348072D6B7598B94C1D0A55A296.e.16181","ELEMENT":"f.8BC31031A8A77F81AA6DDAE562E569BF.d.562AB348072D6B7598B94C1D0A55A296.e.16181"}]}
RESULT: {"script":"<script> [8489 bytes]","args":[{"element-6066-11e4-a52e-4f735466cecf":"f.8BC31031A8A77F81AA6DDAE562E569BF.d.562AB348072D6B7598B94C1D0A55A296.e.16181","ELEMENT":"f.8BC31031A8A77F81AA6DDAE562E569BF.d.562AB348072D6B7598B94C1D0A55A296.e.16181"}]}
COMMAND: GET /session/0a56c8b3fe23980ff89a5571a3a07e32/element/f.8BC31031A8A77F81AA6DDAE562E569BF.d.562AB348072D6B7598B94C1D0A55A296.e.16181/enabled - {}
COMMAND: GET /session/0a56c8b3fe23980ff89a5571a3a07e32/screenshot - {}
RESULT: {}
COMMAND: POST /session/0a56c8b3fe23980ff89a5571a3a07e32/execute/sync - {"script":"<script> [8489 bytes]","args":[{"element-6066-11e4-a52e-4f735466cecf":"f.8BC31031A8A77F81AA6DDAE562E569BF.d.562AB348072D6B7598B94C1D0A55A296.e.16181","ELEMENT":"f.8BC31031A8A77F81AA6DDAE562E569BF.d.562AB348072D6B7598B94C1D0A55A296.e.16181"}]}
COMMAND: GET /session/0a56c8b3fe23980ff89a5571a3a07e32/screenshot - {}
RESULT: {}
RESULT: {"script":"<script> [8489 bytes]","args":[{"element-6066-11e4-a52e-4f735466cecf":"f.8BC31031A8A77F81AA6DDAE562E569BF.d.562AB348072D6B7598B94C1D0A55A296.e.16181","ELEMENT":"f.8BC31031A8A77F81AA6DDAE562E569BF.d.562AB348072D6B7598B94C1D0A55A296.e.16181"}]}
COMMAND: POST /session/0a56c8b3fe23980ff89a5571a3a07e32/execute/sync - {"script":"<script> [5351 bytes]","args":[{"element-6066-11e4-a52e-4f735466cecf":"f.8BC31031A8A77F81AA6DDAE562E569BF.d.562AB348072D6B7598B94C1D0A55A296.e.16181","ELEMENT":"f.8BC31031A8A77F81AA6DDAE562E569BF.d.562AB348072D6B7598B94C1D0A55A296.e.16181"}]}
COMMAND: GET /session/0a56c8b3fe23980ff89a5571a3a07e32/screenshot - {}
RESULT: {}
RESULT: {"script":"<script> [5351 bytes]","args":[{"element-6066-11e4-a52e-4f735466cecf":"f.8BC31031A8A77F81AA6DDAE562E569BF.d.562AB348072D6B7598B94C1D0A55A296.e.16181","ELEMENT":"f.8BC31031A8A77F81AA6DDAE562E569BF.d.562AB348072D6B7598B94C1D0A55A296.e.16181"}]}
COMMAND: POST /session/0a56c8b3fe23980ff89a5571a3a07e32/element/f.8BC31031A8A77F81AA6DDAE562E569BF.d.562AB348072D6B7598B94C1D0A55A296.e.16181/click - {}
COMMAND: GET /session/0a56c8b3fe23980ff89a5571a3a07e32/screenshot - {}
RESULT: {}
RESULT: {}
COMMAND: GET /session/0a56c8b3fe23980ff89a5571a3a07e32/screenshot - {}
RESULT: {}
RESULT: {}
COMMAND: POST /session/0a56c8b3fe23980ff89a5571a3a07e32/actions - {"actions":[{"id":"action57","type":"key","parameters":{},"actions":[{"type":"keyDown","value":""},{"type":"pause","duration":10},{"type":"keyUp","value":""}]}]}
RESULT: {"actions":[{"id":"action57","type":"key","parameters":{},"actions":[{"type":"keyDown","value":""},{"type":"pause","duration":10},{"type":"keyUp","value":""}]}]}
COMMAND: GET /session/0a56c8b3fe23980ff89a5571a3a07e32/screenshot - {}
RESULT: {}
COMMAND: POST /session/0a56c8b3fe23980ff89a5571a3a07e32/execute/async - {"script":"<script> [1562 bytes]","args":[{"selector":{"id":"application-manageconditionprice-display-component---newCondition--condBillCond-arrow"},"wdio_ui5_key":"applicationmanageconditionprice-display-component---newCondition--condBillCond-arrow"}]}
RESULT: {"script":"<script> [1562 bytes]","args":[{"selector":{"id":"application-manageconditionprice-display-component---newCondition--condBillCond-arrow"},"wdio_ui5_key":"applicationmanageconditionprice-display-component---newCondition--condBillCond-arrow"}]}
RESULT: undefined
COMMAND: POST /session/0a56c8b3fe23980ff89a5571a3a07e32/element - {"using":"xpath","value":"//*[@id=\"application-manageconditionprice-display-component---newCondition--condBillCond-arrow\"]"}
RESULT: {"using":"xpath","value":"//*[@id=\"application-manageconditionprice-display-component---newCondition--condBillCond-arrow\"]"}
COMMAND: POST /session/0a56c8b3fe23980ff89a5571a3a07e32/element/f.8BC31031A8A77F81AA6DDAE562E569BF.d.562AB348072D6B7598B94C1D0A55A296.e.16360/click - {}
RESULT: {}
COMMAND: GET /session/0a56c8b3fe23980ff89a5571a3a07e32/screenshot - {}
RESULT: {}
COMMAND: POST /session/0a56c8b3fe23980ff89a5571a3a07e32/element - {"using":"xpath","value":"//li[.//span[contains(text(), \"PC06 - Performance Price - fuel\")]]"}
RESULT: {"using":"xpath","value":"//li[.//span[contains(text(), \"PC06 - Performance Price - fuel\")]]"}
COMMAND: POST /session/0a56c8b3fe23980ff89a5571a3a07e32/element/f.8BC31031A8A77F81AA6DDAE562E569BF.d.562AB348072D6B7598B94C1D0A55A296.e.16363/click - {}
RESULT: {}
COMMAND: GET /session/0a56c8b3fe23980ff89a5571a3a07e32/screenshot - {}
RESULT: {}
COMMAND: POST /session/0a56c8b3fe23980ff89a5571a3a07e32/execute/async - {"script":"<script> [1562 bytes]","args":[{"selector":{"id":"application-manageconditionprice-display-component---newCondition--condValidTo","interaction":{"idSuffix":"inner"}},"wdio_ui5_key":"applicationmanageconditionprice-display-component---newCondition--condValidTo"}]}
RESULT: {"script":"<script> [1562 bytes]","args":[{"selector":{"id":"application-manageconditionprice-display-component---newCondition--condValidTo","interaction":{"idSuffix":"inner"}},"wdio_ui5_key":"applicationmanageconditionprice-display-component---newCondition--condValidTo"}]}
RESULT: undefined
COMMAND: POST /session/0a56c8b3fe23980ff89a5571a3a07e32/execute/async - {"script":"<script> [776 bytes]","args":[{"enterText":"1/26/26","selector":{"id":"application-manageconditionprice-display-component---newCondition--condValidTo","interaction":{"idSuffix":"inner"}},"clearTextFirst":true,"interactionType":"ENTER_TEXT"}]}
RESULT: {"script":"<script> [776 bytes]","args":[{"enterText":"1/26/26","selector":{"id":"application-manageconditionprice-display-component---newCondition--condValidTo","interaction":{"idSuffix":"inner"}},"clearTextFirst":true,"interactionType":"ENTER_TEXT"}]}
COMMAND: POST /session/0a56c8b3fe23980ff89a5571a3a07e32/element - {"using":"xpath","value":"//input[@id=\"application-manageconditionprice-display-component---newCondition--condRU-inner\"]"}
RESULT: {"using":"xpath","value":"//input[@id=\"application-manageconditionprice-display-component---newCondition--condRU-inner\"]"}
COMMAND: POST /session/0a56c8b3fe23980ff89a5571a3a07e32/element/f.8BC31031A8A77F81AA6DDAE562E569BF.d.562AB348072D6B7598B94C1D0A55A296.e.16197/clear - {}
RESULT: {}
COMMAND: POST /session/0a56c8b3fe23980ff89a5571a3a07e32/element/f.8BC31031A8A77F81AA6DDAE562E569BF.d.562AB348072D6B7598B94C1D0A55A296.e.16197/value - {"text":"c2IKOjpuJl"}
COMMAND: GET /session/0a56c8b3fe23980ff89a5571a3a07e32/screenshot - {}
RESULT: {"text":"c2IKOjpuJl"}
COMMAND: GET /session/0a56c8b3fe23980ff89a5571a3a07e32/screenshot - {}
RESULT: {}
RESULT: {}
COMMAND: POST /session/0a56c8b3fe23980ff89a5571a3a07e32/actions - {"actions":[{"id":"action58","type":"key","parameters":{},"actions":[{"type":"keyDown","value":""},{"type":"pause","duration":10},{"type":"keyUp","value":""}]}]}
RESULT: {"actions":[{"id":"action58","type":"key","parameters":{},"actions":[{"type":"keyDown","value":""},{"type":"pause","duration":10},{"type":"keyUp","value":""}]}]}
COMMAND: POST /session/0a56c8b3fe23980ff89a5571a3a07e32/execute/async - {"script":"<script> [1562 bytes]","args":[{"selector":{"id":"application-manageconditionprice-display-component---newCondition--condBaseQty","interaction":{"idSuffix":"inner"}},"wdio_ui5_key":"applicationmanageconditionprice-display-component---newCondition--condBaseQty"}]}
COMMAND: GET /session/0a56c8b3fe23980ff89a5571a3a07e32/screenshot - {}
RESULT: {"script":"<script> [1562 bytes]","args":[{"selector":{"id":"application-manageconditionprice-display-component---newCondition--condBaseQty","interaction":{"idSuffix":"inner"}},"wdio_ui5_key":"applicationmanageconditionprice-display-component---newCondition--condBaseQty"}]}
RESULT: undefined
COMMAND: POST /session/0a56c8b3fe23980ff89a5571a3a07e32/execute/async - {"script":"<script> [776 bytes]","args":[{"enterText":"1","selector":{"id":"application-manageconditionprice-display-component---newCondition--condBaseQty","interaction":{"idSuffix":"inner"}},"clearTextFirst":true,"interactionType":"ENTER_TEXT"}]}
RESULT: {}
RESULT: {"script":"<script> [776 bytes]","args":[{"enterText":"1","selector":{"id":"application-manageconditionprice-display-component---newCondition--condBaseQty","interaction":{"idSuffix":"inner"}},"clearTextFirst":true,"interactionType":"ENTER_TEXT"}]}
COMMAND: POST /session/0a56c8b3fe23980ff89a5571a3a07e32/execute/async - {"script":"<script> [1562 bytes]","args":[{"selector":{"id":"application-manageconditionprice-display-component---newCondition--condValue","interaction":{"idSuffix":"inner"}},"wdio_ui5_key":"applicationmanageconditionprice-display-component---newCondition--condValue"}]}
RESULT: {"script":"<script> [1562 bytes]","args":[{"selector":{"id":"application-manageconditionprice-display-component---newCondition--condValue","interaction":{"idSuffix":"inner"}},"wdio_ui5_key":"applicationmanageconditionprice-display-component---newCondition--condValue"}]}
RESULT: undefined
COMMAND: POST /session/0a56c8b3fe23980ff89a5571a3a07e32/execute/async - {"script":"<script> [776 bytes]","args":[{"enterText":"10","selector":{"id":"application-manageconditionprice-display-component---newCondition--condValue","interaction":{"idSuffix":"inner"}},"clearTextFirst":true,"interactionType":"ENTER_TEXT"}]}
RESULT: {"script":"<script> [776 bytes]","args":[{"enterText":"10","selector":{"id":"application-manageconditionprice-display-component---newCondition--condValue","interaction":{"idSuffix":"inner"}},"clearTextFirst":true,"interactionType":"ENTER_TEXT"}]}
COMMAND: POST /session/0a56c8b3fe23980ff89a5571a3a07e32/execute/async - {"script":"<script> [1562 bytes]","args":[{"selector":{"id":"application-manageconditionprice-display-component---newCondition--condCurr-arrow"},"wdio_ui5_key":"applicationmanageconditionprice-display-component---newCondition--condCurr-arrow"}]}
RESULT: {"script":"<script> [1562 bytes]","args":[{"selector":{"id":"application-manageconditionprice-display-component---newCondition--condCurr-arrow"},"wdio_ui5_key":"applicationmanageconditionprice-display-component---newCondition--condCurr-arrow"}]}
RESULT: undefined
COMMAND: POST /session/0a56c8b3fe23980ff89a5571a3a07e32/element - {"using":"xpath","value":"//*[@id=\"application-manageconditionprice-display-component---newCondition--condCurr-arrow\"]"}
RESULT: {"using":"xpath","value":"//*[@id=\"application-manageconditionprice-display-component---newCondition--condCurr-arrow\"]"}
COMMAND: POST /session/0a56c8b3fe23980ff89a5571a3a07e32/element/f.8BC31031A8A77F81AA6DDAE562E569BF.d.562AB348072D6B7598B94C1D0A55A296.e.16325/click - {}
RESULT: {}
COMMAND: POST /session/0a56c8b3fe23980ff89a5571a3a07e32/element - {"using":"xpath","value":"//span[contains(text(), \"Euro\")]"}
COMMAND: GET /session/0a56c8b3fe23980ff89a5571a3a07e32/screenshot - {}
RESULT: {"using":"xpath","value":"//span[contains(text(), \"Euro\")]"}
COMMAND: POST /session/0a56c8b3fe23980ff89a5571a3a07e32/element/f.8BC31031A8A77F81AA6DDAE562E569BF.d.562AB348072D6B7598B94C1D0A55A296.e.16401/click - {}
RESULT: {}
RESULT: {}
COMMAND: POST /session/0a56c8b3fe23980ff89a5571a3a07e32/element - {"using":"xpath","value":"//button[@data-kt=\"saveButton\"]"}
COMMAND: GET /session/0a56c8b3fe23980ff89a5571a3a07e32/screenshot - {}
RESULT: {"using":"xpath","value":"//button[@data-kt=\"saveButton\"]"}
COMMAND: POST /session/0a56c8b3fe23980ff89a5571a3a07e32/element/f.8BC31031A8A77F81AA6DDAE562E569BF.d.562AB348072D6B7598B94C1D0A55A296.e.16326/click - {}
RESULT: {}
RESULT: {}
COMMAND: GET /session/0a56c8b3fe23980ff89a5571a3a07e32/screenshot - {}
RESULT: {}
COMMAND: POST /session/0a56c8b3fe23980ff89a5571a3a07e32/execute/async - {"script":"<script> [1562 bytes]","args":[{"selector":{"id":"application-manageconditionprice-display-component---conditions--smartFilterBar-btnBasicSearch","interaction":{"idSuffix":"I"}},"wdio_ui5_key":"applicationmanageconditionprice-display-component---conditions--smartFilterBar-btnBasicSearch"}]}
RESULT: {"script":"<script> [1562 bytes]","args":[{"selector":{"id":"application-manageconditionprice-display-component---conditions--smartFilterBar-btnBasicSearch","interaction":{"idSuffix":"I"}},"wdio_ui5_key":"applicationmanageconditionprice-display-component---conditions--smartFilterBar-btnBasicSearch"}]}
RESULT: undefined
COMMAND: POST /session/0a56c8b3fe23980ff89a5571a3a07e32/execute/async - {"script":"<script> [776 bytes]","args":[{"enterText":"c2IKOjpuJl","selector":{"id":"application-manageconditionprice-display-component---conditions--smartFilterBar-btnBasicSearch","interaction":{"idSuffix":"I"}},"clearTextFirst":true,"interactionType":"ENTER_TEXT"}]}
RESULT: {"script":"<script> [776 bytes]","args":[{"enterText":"c2IKOjpuJl","selector":{"id":"application-manageconditionprice-display-component---conditions--smartFilterBar-btnBasicSearch","interaction":{"idSuffix":"I"}},"clearTextFirst":true,"interactionType":"ENTER_TEXT"}]}
COMMAND: POST /session/0a56c8b3fe23980ff89a5571a3a07e32/actions - {"actions":[{"id":"action59","type":"key","parameters":{},"actions":[{"type":"keyDown","value":""},{"type":"pause","duration":10},{"type":"keyUp","value":""}]}]}
RESULT: {"actions":[{"id":"action59","type":"key","parameters":{},"actions":[{"type":"keyDown","value":""},{"type":"pause","duration":10},{"type":"keyUp","value":""}]}]}
COMMAND: GET /session/0a56c8b3fe23980ff89a5571a3a07e32/screenshot - {}
RESULT: {}
COMMAND: POST /session/0a56c8b3fe23980ff89a5571a3a07e32/execute/async - {"script":"<script> [1562 bytes]","args":[{"selector":{"id":"application-manageconditionprice-display-component---conditions--smartFilterBar-filterItemControl_BASIC-BILL_TYPES-vhi"},"wdio_ui5_key":"applicationmanageconditionprice-display-component---conditions--smartFilterBar-filterItemControl_BASIC-BILL_TYPES-vhi"}]}
RESULT: {"script":"<script> [1562 bytes]","args":[{"selector":{"id":"application-manageconditionprice-display-component---conditions--smartFilterBar-filterItemControl_BASIC-BILL_TYPES-vhi"},"wdio_ui5_key":"applicationmanageconditionprice-display-component---conditions--smartFilterBar-filterItemControl_BASIC-BILL_TYPES-vhi"}]}
RESULT: undefined
COMMAND: POST /session/0a56c8b3fe23980ff89a5571a3a07e32/element - {"using":"xpath","value":"//*[@id=\"application-manageconditionprice-display-component---conditions--smartFilterBar-filterItemControl_BASIC-BILL_TYPES-vhi\"]"}
RESULT: {"using":"xpath","value":"//*[@id=\"application-manageconditionprice-display-component---conditions--smartFilterBar-filterItemControl_BASIC-BILL_TYPES-vhi\"]"}
COMMAND: POST /session/0a56c8b3fe23980ff89a5571a3a07e32/element/f.8BC31031A8A77F81AA6DDAE562E569BF.d.562AB348072D6B7598B94C1D0A55A296.e.16496/click - {}
RESULT: {}
COMMAND: POST /session/0a56c8b3fe23980ff89a5571a3a07e32/execute/async - {"script":"<script> [1562 bytes]","args":[{"selector":{"id":"application-manageconditionprice-display-component---conditions--smartFilterBar-filterItemControl_BASIC-BILL_TYPES-valueHelpDialog-smartFilterBar-btnBasicSearch","searchOpenDialogs":true,"interaction":{"idSuffix":"I"}},"wdio_ui5_key":"applicationmanageconditionprice-display-component---conditions--smartFilterBar-filterItemControl_BASIC-BILL_TYPES-valueHelpDialog-smartFilterBar-btnBasicSearch"}]}
COMMAND: GET /session/0a56c8b3fe23980ff89a5571a3a07e32/screenshot - {}
RESULT: {"script":"<script> [1562 bytes]","args":[{"selector":{"id":"application-manageconditionprice-display-component---conditions--smartFilterBar-filterItemControl_BASIC-BILL_TYPES-valueHelpDialog-smartFilterBar-btnBasicSearch","searchOpenDialogs":true,"interaction":{"idSuffix":"I"}},"wdio_ui5_key":"applicationmanageconditionprice-display-component---conditions--smartFilterBar-filterItemControl_BASIC-BILL_TYPES-valueHelpDialog-smartFilterBar-btnBasicSearch"}]}
RESULT: undefined
COMMAND: POST /session/0a56c8b3fe23980ff89a5571a3a07e32/execute/async - {"script":"<script> [776 bytes]","args":[{"enterText":"PB","selector":{"id":"application-manageconditionprice-display-component---conditions--smartFilterBar-filterItemControl_BASIC-BILL_TYPES-valueHelpDialog-smartFilterBar-btnBasicSearch","searchOpenDialogs":true,"interaction":{"idSuffix":"I"}},"clearTextFirst":true,"interactionType":"ENTER_TEXT"}]}
RESULT: {}
RESULT: {"script":"<script> [776 bytes]","args":[{"enterText":"PB","selector":{"id":"application-manageconditionprice-display-component---conditions--smartFilterBar-filterItemControl_BASIC-BILL_TYPES-valueHelpDialog-smartFilterBar-btnBasicSearch","searchOpenDialogs":true,"interaction":{"idSuffix":"I"}},"clearTextFirst":true,"interactionType":"ENTER_TEXT"}]}
COMMAND: POST /session/0a56c8b3fe23980ff89a5571a3a07e32/actions - {"actions":[{"id":"action60","type":"key","parameters":{},"actions":[{"type":"keyDown","value":""},{"type":"pause","duration":10},{"type":"keyUp","value":""}]}]}
RESULT: {"actions":[{"id":"action60","type":"key","parameters":{},"actions":[{"type":"keyDown","value":""},{"type":"pause","duration":10},{"type":"keyUp","value":""}]}]}
COMMAND: GET /session/0a56c8b3fe23980ff89a5571a3a07e32/screenshot - {}
RESULT: {}
COMMAND: POST /session/0a56c8b3fe23980ff89a5571a3a07e32/element - {"using":"xpath","value":"//div[contains(@id, 'application-manageconditionprice-display-component---conditions--smartFilterBar-filterItemControl_BASIC-BILL_TYPES-valueHelpDialog-table-rowsel0')]"}
RESULT: {"using":"xpath","value":"//div[contains(@id, 'application-manageconditionprice-display-component---conditions--smartFilterBar-filterItemControl_BASIC-BILL_TYPES-valueHelpDialog-table-rowsel0')]"}
COMMAND: POST /session/0a56c8b3fe23980ff89a5571a3a07e32/element/f.8BC31031A8A77F81AA6DDAE562E569BF.d.562AB348072D6B7598B94C1D0A55A296.e.16506/click - {}
RESULT: {}
COMMAND: GET /session/0a56c8b3fe23980ff89a5571a3a07e32/screenshot - {}
RESULT: {}
COMMAND: POST /session/0a56c8b3fe23980ff89a5571a3a07e32/element - {"using":"xpath","value":"//bdi[contains(text(), \"OK\")]"}
RESULT: {"using":"xpath","value":"//bdi[contains(text(), \"OK\")]"}
COMMAND: POST /session/0a56c8b3fe23980ff89a5571a3a07e32/element/f.8BC31031A8A77F81AA6DDAE562E569BF.d.562AB348072D6B7598B94C1D0A55A296.e.16508/click - {}
RESULT: {}
COMMAND: GET /session/0a56c8b3fe23980ff89a5571a3a07e32/screenshot - {}
RESULT: {}
COMMAND: POST /session/0a56c8b3fe23980ff89a5571a3a07e32/element - {"using":"xpath","value":"//span[@id=\"application-manageconditionprice-display-component---conditions--smartTable-header-inner\"]"}
RESULT: {"using":"xpath","value":"//span[@id=\"application-manageconditionprice-display-component---conditions--smartTable-header-inner\"]"}
COMMAND: POST /session/0a56c8b3fe23980ff89a5571a3a07e32/elements - {"using":"xpath","value":"//span[@id=\"application-manageconditionprice-display-component---conditions--smartTable-header-inner\"]"}
RESULT: {"using":"xpath","value":"//span[@id=\"application-manageconditionprice-display-component---conditions--smartTable-header-inner\"]"}
COMMAND: POST /session/0a56c8b3fe23980ff89a5571a3a07e32/execute/sync - {"script":"<script> [56 bytes]","args":[{"element-6066-11e4-a52e-4f735466cecf":"f.8BC31031A8A77F81AA6DDAE562E569BF.d.562AB348072D6B7598B94C1D0A55A296.e.16511","ELEMENT":"f.8BC31031A8A77F81AA6DDAE562E569BF.d.562AB348072D6B7598B94C1D0A55A296.e.16511"}]}
RESULT: {"script":"<script> [56 bytes]","args":[{"element-6066-11e4-a52e-4f735466cecf":"f.8BC31031A8A77F81AA6DDAE562E569BF.d.562AB348072D6B7598B94C1D0A55A296.e.16511","ELEMENT":"f.8BC31031A8A77F81AA6DDAE562E569BF.d.562AB348072D6B7598B94C1D0A55A296.e.16511"}]}
COMMAND: POST /session/0a56c8b3fe23980ff89a5571a3a07e32/element - {"using":"css selector","value":"#shell-header-logo"}
COMMAND: GET /session/0a56c8b3fe23980ff89a5571a3a07e32/screenshot - {}
RESULT: {"using":"css selector","value":"#shell-header-logo"}
COMMAND: POST /session/0a56c8b3fe23980ff89a5571a3a07e32/element/f.8BC31031A8A77F81AA6DDAE562E569BF.d.562AB348072D6B7598B94C1D0A55A296.e.16149/click - {}
RESULT: {}
RESULT: {}
COMMAND: GET /session/0a56c8b3fe23980ff89a5571a3a07e32/screenshot - {}
RESULT: {}
]]></system-out>
    </testcase>
    <testcase classname="chrome.136_0_7103_93.windows.Performance_based_billing_(work_days)_US139742" name="Should add a counter to the equipment" time="70.736">
      <system-out><![CDATA[
RESULT: undefined
COMMAND: POST /session/0a56c8b3fe23980ff89a5571a3a07e32/element - {"using":"xpath","value":"//*[@id=\"__tile39\"]"}
RESULT: {"using":"xpath","value":"//*[@id=\"__tile39\"]"}
COMMAND: POST /session/0a56c8b3fe23980ff89a5571a3a07e32/element/f.8BC31031A8A77F81AA6DDAE562E569BF.d.562AB348072D6B7598B94C1D0A55A296.e.15131/click - {}
RESULT: {}
COMMAND: GET /session/0a56c8b3fe23980ff89a5571a3a07e32/screenshot - {}
RESULT: {}
COMMAND: POST /session/0a56c8b3fe23980ff89a5571a3a07e32/elements - {"using":"xpath","value":"//span[text()='Error']"}
RESULT: {"using":"xpath","value":"//span[text()='Error']"}
COMMAND: POST /session/0a56c8b3fe23980ff89a5571a3a07e32/execute/async - {"script":"<script> [1562 bytes]","args":[{"selector":{"id":"application-manageresources-display-component---masterRU--smartFilterBar-btnBasicSearch","interaction":{"idSuffix":"I"}},"wdio_ui5_key":"applicationmanageresources-display-component---masterRU--smartFilterBar-btnBasicSearch"}]}
RESULT: {"script":"<script> [1562 bytes]","args":[{"selector":{"id":"application-manageresources-display-component---masterRU--smartFilterBar-btnBasicSearch","interaction":{"idSuffix":"I"}},"wdio_ui5_key":"applicationmanageresources-display-component---masterRU--smartFilterBar-btnBasicSearch"}]}
RESULT: undefined
COMMAND: POST /session/0a56c8b3fe23980ff89a5571a3a07e32/execute/async - {"script":"<script> [776 bytes]","args":[{"enterText":"c2IKOjpuJl","selector":{"id":"application-manageresources-display-component---masterRU--smartFilterBar-btnBasicSearch","interaction":{"idSuffix":"I"}},"clearTextFirst":true,"interactionType":"ENTER_TEXT"}]}
RESULT: {"script":"<script> [776 bytes]","args":[{"enterText":"c2IKOjpuJl","selector":{"id":"application-manageresources-display-component---masterRU--smartFilterBar-btnBasicSearch","interaction":{"idSuffix":"I"}},"clearTextFirst":true,"interactionType":"ENTER_TEXT"}]}
COMMAND: POST /session/0a56c8b3fe23980ff89a5571a3a07e32/actions - {"actions":[{"id":"action61","type":"key","parameters":{},"actions":[{"type":"keyDown","value":""},{"type":"pause","duration":10},{"type":"keyUp","value":""}]}]}
RESULT: {"actions":[{"id":"action61","type":"key","parameters":{},"actions":[{"type":"keyDown","value":""},{"type":"pause","duration":10},{"type":"keyUp","value":""}]}]}
COMMAND: GET /session/0a56c8b3fe23980ff89a5571a3a07e32/screenshot - {}
RESULT: {}
COMMAND: POST /session/0a56c8b3fe23980ff89a5571a3a07e32/execute/async - {"script":"<script> [1562 bytes]","args":[{"selector":{"id":"application-manageresources-display-component---masterRU--smartTable-header"},"wdio_ui5_key":"applicationmanageresources-display-component---masterRU--smartTable-header"}]}
RESULT: {"script":"<script> [1562 bytes]","args":[{"selector":{"id":"application-manageresources-display-component---masterRU--smartTable-header"},"wdio_ui5_key":"applicationmanageresources-display-component---masterRU--smartTable-header"}]}
RESULT: undefined
COMMAND: POST /session/0a56c8b3fe23980ff89a5571a3a07e32/execute/async - {"script":"<script> [6424 bytes]","args":[{"element-6066-11e4-a52e-4f735466cecf":"f.8BC31031A8A77F81AA6DDAE562E569BF.d.562AB348072D6B7598B94C1D0A55A296.e.16697"},"getText",[]]}
RESULT: {"script":"<script> [6424 bytes]","args":[{"element-6066-11e4-a52e-4f735466cecf":"f.8BC31031A8A77F81AA6DDAE562E569BF.d.562AB348072D6B7598B94C1D0A55A296.e.16697"},"getText",[]]}
COMMAND: POST /session/0a56c8b3fe23980ff89a5571a3a07e32/execute/async - {"script":"<script> [1562 bytes]","args":[{"selector":{"controlType":"sap.ui.core.Icon","viewName":"etm.portal.ui.manageresources.view.Master","viewId":"application-manageresources-display-component---masterRU","properties":{"src":{"regex":{"source":"slim\\-arrow\\-right"}}}},"wdio_ui5_key":"etmportal.ui.manageresources.view.Mastersap.ui.core.Icon{\"src\":{\"regex\":{\"source\":\"slim\\\\-arrow\\\\-right\"}}}"}]}
RESULT: {"script":"<script> [1562 bytes]","args":[{"selector":{"controlType":"sap.ui.core.Icon","viewName":"etm.portal.ui.manageresources.view.Master","viewId":"application-manageresources-display-component---masterRU","properties":{"src":{"regex":{"source":"slim\\-arrow\\-right"}}}},"wdio_ui5_key":"etmportal.ui.manageresources.view.Mastersap.ui.core.Icon{\"src\":{\"regex\":{\"source\":\"slim\\\\-arrow\\\\-right\"}}}"}]}
RESULT: undefined
COMMAND: POST /session/0a56c8b3fe23980ff89a5571a3a07e32/element - {"using":"xpath","value":"//*[@id=\"__item1032-__clone2373-imgNav\"]"}
RESULT: {"using":"xpath","value":"//*[@id=\"__item1032-__clone2373-imgNav\"]"}
COMMAND: POST /session/0a56c8b3fe23980ff89a5571a3a07e32/element/f.8BC31031A8A77F81AA6DDAE562E569BF.d.562AB348072D6B7598B94C1D0A55A296.e.16696/click - {}
RESULT: {}
COMMAND: GET /session/0a56c8b3fe23980ff89a5571a3a07e32/screenshot - {}
RESULT: {}
COMMAND: POST /session/0a56c8b3fe23980ff89a5571a3a07e32/element - {"using":"xpath","value":"//bdi[contains(text(), \"Edit\")]"}
RESULT: {"using":"xpath","value":"//bdi[contains(text(), \"Edit\")]"}
COMMAND: POST /session/0a56c8b3fe23980ff89a5571a3a07e32/execute/sync - {"script":"<script> [8489 bytes]","args":[{"element-6066-11e4-a52e-4f735466cecf":"f.8BC31031A8A77F81AA6DDAE562E569BF.d.562AB348072D6B7598B94C1D0A55A296.e.16806","ELEMENT":"f.8BC31031A8A77F81AA6DDAE562E569BF.d.562AB348072D6B7598B94C1D0A55A296.e.16806"}]}
RESULT: {"script":"<script> [8489 bytes]","args":[{"element-6066-11e4-a52e-4f735466cecf":"f.8BC31031A8A77F81AA6DDAE562E569BF.d.562AB348072D6B7598B94C1D0A55A296.e.16806","ELEMENT":"f.8BC31031A8A77F81AA6DDAE562E569BF.d.562AB348072D6B7598B94C1D0A55A296.e.16806"}]}
COMMAND: POST /session/0a56c8b3fe23980ff89a5571a3a07e32/element/f.8BC31031A8A77F81AA6DDAE562E569BF.d.562AB348072D6B7598B94C1D0A55A296.e.16806/click - {}
COMMAND: GET /session/0a56c8b3fe23980ff89a5571a3a07e32/screenshot - {}
RESULT: {}
RESULT: {}
COMMAND: GET /session/0a56c8b3fe23980ff89a5571a3a07e32/screenshot - {}
RESULT: {}
COMMAND: POST /session/0a56c8b3fe23980ff89a5571a3a07e32/execute/async - {"script":"<script> [1562 bytes]","args":[{"selector":{"id":"application-manageresources-display-component---editResource--editRruPage-anchBar-application-manageresources-display-component---editResource--counters-anchor","interaction":{"idSuffix":"BDI-content"}},"wdio_ui5_key":"applicationmanageresources-display-component---editResource--editRruPage-anchBar-application-manageresources-display-component---editResource--counters-anchor"}]}
RESULT: {"script":"<script> [1562 bytes]","args":[{"selector":{"id":"application-manageresources-display-component---editResource--editRruPage-anchBar-application-manageresources-display-component---editResource--counters-anchor","interaction":{"idSuffix":"BDI-content"}},"wdio_ui5_key":"applicationmanageresources-display-component---editResource--editRruPage-anchBar-application-manageresources-display-component---editResource--counters-anchor"}]}
RESULT: undefined
COMMAND: POST /session/0a56c8b3fe23980ff89a5571a3a07e32/element - {"using":"xpath","value":"//*[@id=\"application-manageresources-display-component---editResource--editRruPage-anchBar-application-manageresources-display-component---editResource--counters-anchor\"]"}
RESULT: {"using":"xpath","value":"//*[@id=\"application-manageresources-display-component---editResource--editRruPage-anchBar-application-manageresources-display-component---editResource--counters-anchor\"]"}
COMMAND: POST /session/0a56c8b3fe23980ff89a5571a3a07e32/element/f.8BC31031A8A77F81AA6DDAE562E569BF.d.562AB348072D6B7598B94C1D0A55A296.e.17067/click - {}
RESULT: {}
COMMAND: GET /session/0a56c8b3fe23980ff89a5571a3a07e32/screenshot - {}
RESULT: {}
COMMAND: POST /session/0a56c8b3fe23980ff89a5571a3a07e32/execute/async - {"script":"<script> [1562 bytes]","args":[{"selector":{"id":"application-manageresources-display-component---editResource--btnAddCounter-img"},"wdio_ui5_key":"applicationmanageresources-display-component---editResource--btnAddCounter-img"}]}
RESULT: {"script":"<script> [1562 bytes]","args":[{"selector":{"id":"application-manageresources-display-component---editResource--btnAddCounter-img"},"wdio_ui5_key":"applicationmanageresources-display-component---editResource--btnAddCounter-img"}]}
RESULT: undefined
COMMAND: POST /session/0a56c8b3fe23980ff89a5571a3a07e32/element - {"using":"xpath","value":"//*[@id=\"application-manageresources-display-component---editResource--btnAddCounter-img\"]"}
RESULT: {"using":"xpath","value":"//*[@id=\"application-manageresources-display-component---editResource--btnAddCounter-img\"]"}
COMMAND: POST /session/0a56c8b3fe23980ff89a5571a3a07e32/element/f.8BC31031A8A77F81AA6DDAE562E569BF.d.562AB348072D6B7598B94C1D0A55A296.e.17072/click - {}
RESULT: {}
COMMAND: POST /session/0a56c8b3fe23980ff89a5571a3a07e32/execute/async - {"script":"<script> [1562 bytes]","args":[{"selector":{"id":"application-manageresources-display-component---editResource--COUNTER_ID-application-manageresources-display-component---editResource--RUCounters-0-arrow"},"wdio_ui5_key":"applicationmanageresources-display-component---editResource--COUNTER_ID-application-manageresources-display-component---editResource--RUCounters-0-arrow"}]}
COMMAND: GET /session/0a56c8b3fe23980ff89a5571a3a07e32/screenshot - {}
RESULT: {"script":"<script> [1562 bytes]","args":[{"selector":{"id":"application-manageresources-display-component---editResource--COUNTER_ID-application-manageresources-display-component---editResource--RUCounters-0-arrow"},"wdio_ui5_key":"applicationmanageresources-display-component---editResource--COUNTER_ID-application-manageresources-display-component---editResource--RUCounters-0-arrow"}]}
RESULT: undefined
COMMAND: POST /session/0a56c8b3fe23980ff89a5571a3a07e32/element - {"using":"xpath","value":"//*[@id=\"application-manageresources-display-component---editResource--COUNTER_ID-application-manageresources-display-component---editResource--RUCounters-0-arrow\"]"}
RESULT: {}
RESULT: {"using":"xpath","value":"//*[@id=\"application-manageresources-display-component---editResource--COUNTER_ID-application-manageresources-display-component---editResource--RUCounters-0-arrow\"]"}
COMMAND: POST /session/0a56c8b3fe23980ff89a5571a3a07e32/element/f.8BC31031A8A77F81AA6DDAE562E569BF.d.562AB348072D6B7598B94C1D0A55A296.e.17085/click - {}
RESULT: {}
COMMAND: POST /session/0a56c8b3fe23980ff89a5571a3a07e32/execute/async - {"script":"<script> [1562 bytes]","args":[{"selector":{"controlType":"sap.m.StandardListItem","viewName":"etm.portal.ui.manageresources.view.EditResource","viewId":"application-manageresources-display-component---editResource","properties":{"title":"fuel"},"searchOpenDialogs":true,"interaction":{"idSuffix":"content"}},"wdio_ui5_key":"etmportal.ui.manageresources.view.EditResourcesap.m.StandardListItem{\"title\":\"fuel\"}"}]}
COMMAND: GET /session/0a56c8b3fe23980ff89a5571a3a07e32/screenshot - {}
RESULT: {"script":"<script> [1562 bytes]","args":[{"selector":{"controlType":"sap.m.StandardListItem","viewName":"etm.portal.ui.manageresources.view.EditResource","viewId":"application-manageresources-display-component---editResource","properties":{"title":"fuel"},"searchOpenDialogs":true,"interaction":{"idSuffix":"content"}},"wdio_ui5_key":"etmportal.ui.manageresources.view.EditResourcesap.m.StandardListItem{\"title\":\"fuel\"}"}]}
RESULT: undefined
COMMAND: POST /session/0a56c8b3fe23980ff89a5571a3a07e32/element - {"using":"xpath","value":"//*[@id=\"__item1387\"]"}
RESULT: {}
RESULT: {"using":"xpath","value":"//*[@id=\"__item1387\"]"}
COMMAND: POST /session/0a56c8b3fe23980ff89a5571a3a07e32/element/f.8BC31031A8A77F81AA6DDAE562E569BF.d.562AB348072D6B7598B94C1D0A55A296.e.17087/click - {}
RESULT: {}
COMMAND: POST /session/0a56c8b3fe23980ff89a5571a3a07e32/execute/async - {"script":"<script> [1562 bytes]","args":[{"selector":{"controlType":"sap.m.Button","viewName":"etm.portal.ui.manageresources.view.EditResource","viewId":"application-manageresources-display-component---editResource","i18NText":{"propertyName":"text","key":"save"},"interaction":{"idSuffix":"BDI-content"}},"wdio_ui5_key":"etmportal.ui.manageresources.view.EditResourcesap.m.Button{\"propertyName\":\"text\",\"key\":\"save\"}"}]}
COMMAND: GET /session/0a56c8b3fe23980ff89a5571a3a07e32/screenshot - {}
RESULT: {"script":"<script> [1562 bytes]","args":[{"selector":{"controlType":"sap.m.Button","viewName":"etm.portal.ui.manageresources.view.EditResource","viewId":"application-manageresources-display-component---editResource","i18NText":{"propertyName":"text","key":"save"},"interaction":{"idSuffix":"BDI-content"}},"wdio_ui5_key":"etmportal.ui.manageresources.view.EditResourcesap.m.Button{\"propertyName\":\"text\",\"key\":\"save\"}"}]}
RESULT: undefined
COMMAND: POST /session/0a56c8b3fe23980ff89a5571a3a07e32/element - {"using":"xpath","value":"//*[@id=\"__button209\"]"}
RESULT: {}
RESULT: {"using":"xpath","value":"//*[@id=\"__button209\"]"}
COMMAND: POST /session/0a56c8b3fe23980ff89a5571a3a07e32/element/f.8BC31031A8A77F81AA6DDAE562E569BF.d.562AB348072D6B7598B94C1D0A55A296.e.17089/click - {}
RESULT: {}
COMMAND: GET /session/0a56c8b3fe23980ff89a5571a3a07e32/screenshot - {}
RESULT: {}
COMMAND: POST /session/0a56c8b3fe23980ff89a5571a3a07e32/element - {"using":"css selector","value":"#shell-header-logo"}
RESULT: {"using":"css selector","value":"#shell-header-logo"}
COMMAND: POST /session/0a56c8b3fe23980ff89a5571a3a07e32/element/f.8BC31031A8A77F81AA6DDAE562E569BF.d.562AB348072D6B7598B94C1D0A55A296.e.16516/click - {}
RESULT: {}
COMMAND: GET /session/0a56c8b3fe23980ff89a5571a3a07e32/screenshot - {}
RESULT: {}
]]></system-out>
    </testcase>
    <testcase classname="chrome.136_0_7103_93.windows.Performance_based_billing_(work_days)_US139742" name="Should do a stock increase on the yard for the equipment" time="97.876">
      <system-out><![CDATA[
COMMAND: POST /session/0a56c8b3fe23980ff89a5571a3a07e32/execute/async - {"script":"<script> [1562 bytes]","args":[{"selector":{"controlType":"sap.m.GenericTile","properties":{"header":"Manage Handovers"}},"wdio_ui5_key":"sapm.GenericTile{\"header\":\"Manage Handovers\"}"}]}
RESULT: {"script":"<script> [1562 bytes]","args":[{"selector":{"controlType":"sap.m.GenericTile","properties":{"header":"Manage Handovers"}},"wdio_ui5_key":"sapm.GenericTile{\"header\":\"Manage Handovers\"}"}]}
RESULT: undefined
COMMAND: POST /session/0a56c8b3fe23980ff89a5571a3a07e32/element - {"using":"xpath","value":"//*[@id=\"__tile132\"]"}
RESULT: {"using":"xpath","value":"//*[@id=\"__tile132\"]"}
COMMAND: POST /session/0a56c8b3fe23980ff89a5571a3a07e32/element/f.8BC31031A8A77F81AA6DDAE562E569BF.d.562AB348072D6B7598B94C1D0A55A296.e.15201/click - {}
RESULT: {}
COMMAND: GET /session/0a56c8b3fe23980ff89a5571a3a07e32/screenshot - {}
RESULT: {}
COMMAND: POST /session/0a56c8b3fe23980ff89a5571a3a07e32/elements - {"using":"xpath","value":"//span[text()='Error']"}
RESULT: {"using":"xpath","value":"//span[text()='Error']"}
COMMAND: POST /session/0a56c8b3fe23980ff89a5571a3a07e32/element - {"using":"xpath","value":"//button[@data-kt=\"masterHOAddButton\"]"}
RESULT: {"using":"xpath","value":"//button[@data-kt=\"masterHOAddButton\"]"}
COMMAND: POST /session/0a56c8b3fe23980ff89a5571a3a07e32/elements - {"using":"xpath","value":"//button[@data-kt=\"masterHOAddButton\"]"}
RESULT: {"using":"xpath","value":"//button[@data-kt=\"masterHOAddButton\"]"}
COMMAND: POST /session/0a56c8b3fe23980ff89a5571a3a07e32/execute/sync - {"script":"<script> [8489 bytes]","args":[{"element-6066-11e4-a52e-4f735466cecf":"f.8BC31031A8A77F81AA6DDAE562E569BF.d.562AB348072D6B7598B94C1D0A55A296.e.17201","ELEMENT":"f.8BC31031A8A77F81AA6DDAE562E569BF.d.562AB348072D6B7598B94C1D0A55A296.e.17201"}]}
RESULT: {"script":"<script> [8489 bytes]","args":[{"element-6066-11e4-a52e-4f735466cecf":"f.8BC31031A8A77F81AA6DDAE562E569BF.d.562AB348072D6B7598B94C1D0A55A296.e.17201","ELEMENT":"f.8BC31031A8A77F81AA6DDAE562E569BF.d.562AB348072D6B7598B94C1D0A55A296.e.17201"}]}
COMMAND: GET /session/0a56c8b3fe23980ff89a5571a3a07e32/element/f.8BC31031A8A77F81AA6DDAE562E569BF.d.562AB348072D6B7598B94C1D0A55A296.e.17201/enabled - {}
COMMAND: GET /session/0a56c8b3fe23980ff89a5571a3a07e32/screenshot - {}
RESULT: {}
COMMAND: POST /session/0a56c8b3fe23980ff89a5571a3a07e32/execute/sync - {"script":"<script> [8489 bytes]","args":[{"element-6066-11e4-a52e-4f735466cecf":"f.8BC31031A8A77F81AA6DDAE562E569BF.d.562AB348072D6B7598B94C1D0A55A296.e.17201","ELEMENT":"f.8BC31031A8A77F81AA6DDAE562E569BF.d.562AB348072D6B7598B94C1D0A55A296.e.17201"}]}
COMMAND: GET /session/0a56c8b3fe23980ff89a5571a3a07e32/screenshot - {}
RESULT: {}
RESULT: {"script":"<script> [8489 bytes]","args":[{"element-6066-11e4-a52e-4f735466cecf":"f.8BC31031A8A77F81AA6DDAE562E569BF.d.562AB348072D6B7598B94C1D0A55A296.e.17201","ELEMENT":"f.8BC31031A8A77F81AA6DDAE562E569BF.d.562AB348072D6B7598B94C1D0A55A296.e.17201"}]}
COMMAND: POST /session/0a56c8b3fe23980ff89a5571a3a07e32/execute/sync - {"script":"<script> [5351 bytes]","args":[{"element-6066-11e4-a52e-4f735466cecf":"f.8BC31031A8A77F81AA6DDAE562E569BF.d.562AB348072D6B7598B94C1D0A55A296.e.17201","ELEMENT":"f.8BC31031A8A77F81AA6DDAE562E569BF.d.562AB348072D6B7598B94C1D0A55A296.e.17201"}]}
COMMAND: GET /session/0a56c8b3fe23980ff89a5571a3a07e32/screenshot - {}
RESULT: {}
RESULT: {"script":"<script> [5351 bytes]","args":[{"element-6066-11e4-a52e-4f735466cecf":"f.8BC31031A8A77F81AA6DDAE562E569BF.d.562AB348072D6B7598B94C1D0A55A296.e.17201","ELEMENT":"f.8BC31031A8A77F81AA6DDAE562E569BF.d.562AB348072D6B7598B94C1D0A55A296.e.17201"}]}
COMMAND: POST /session/0a56c8b3fe23980ff89a5571a3a07e32/element/f.8BC31031A8A77F81AA6DDAE562E569BF.d.562AB348072D6B7598B94C1D0A55A296.e.17201/click - {}
COMMAND: GET /session/0a56c8b3fe23980ff89a5571a3a07e32/screenshot - {}
RESULT: {}
RESULT: {}
RESULT: {}
COMMAND: GET /session/0a56c8b3fe23980ff89a5571a3a07e32/screenshot - {}
RESULT: {}
COMMAND: POST /session/0a56c8b3fe23980ff89a5571a3a07e32/element - {"using":"xpath","value":"//span[contains(@id ,\"AddNewHO--typeSelect-arrow\")]"}
RESULT: {"using":"xpath","value":"//span[contains(@id ,\"AddNewHO--typeSelect-arrow\")]"}
COMMAND: POST /session/0a56c8b3fe23980ff89a5571a3a07e32/element/f.8BC31031A8A77F81AA6DDAE562E569BF.d.562AB348072D6B7598B94C1D0A55A296.e.17540/click - {}
RESULT: {}
COMMAND: GET /session/0a56c8b3fe23980ff89a5571a3a07e32/screenshot - {}
RESULT: {}
COMMAND: POST /session/0a56c8b3fe23980ff89a5571a3a07e32/element - {"using":"xpath","value":"(//li[contains(text(), \"stock increase yard\")])[1]"}
RESULT: {"using":"xpath","value":"(//li[contains(text(), \"stock increase yard\")])[1]"}
COMMAND: POST /session/0a56c8b3fe23980ff89a5571a3a07e32/element/f.8BC31031A8A77F81AA6DDAE562E569BF.d.562AB348072D6B7598B94C1D0A55A296.e.17541/click - {}
RESULT: {}
COMMAND: GET /session/0a56c8b3fe23980ff89a5571a3a07e32/screenshot - {}
RESULT: {}
COMMAND: POST /session/0a56c8b3fe23980ff89a5571a3a07e32/execute/async - {"script":"<script> [1562 bytes]","args":[{"selector":{"id":"application-managehandovers-display-component---AddNewHO--dueDate","interaction":{"idSuffix":"inner"}},"wdio_ui5_key":"applicationmanagehandovers-display-component---AddNewHO--dueDate"}]}
RESULT: {"script":"<script> [1562 bytes]","args":[{"selector":{"id":"application-managehandovers-display-component---AddNewHO--dueDate","interaction":{"idSuffix":"inner"}},"wdio_ui5_key":"applicationmanagehandovers-display-component---AddNewHO--dueDate"}]}
RESULT: undefined
COMMAND: POST /session/0a56c8b3fe23980ff89a5571a3a07e32/execute/async - {"script":"<script> [6424 bytes]","args":[{"element-6066-11e4-a52e-4f735466cecf":"f.8BC31031A8A77F81AA6DDAE562E569BF.d.562AB348072D6B7598B94C1D0A55A296.e.17545"},"setValue",["5/26/25"]]}
RESULT: {"script":"<script> [6424 bytes]","args":[{"element-6066-11e4-a52e-4f735466cecf":"f.8BC31031A8A77F81AA6DDAE562E569BF.d.562AB348072D6B7598B94C1D0A55A296.e.17545"},"setValue",["5/26/25"]]}
COMMAND: POST /session/0a56c8b3fe23980ff89a5571a3a07e32/element - {"using":"xpath","value":"//input[@id=\"generalSectionFrg--receiveYard-inner\"]"}
RESULT: {"using":"xpath","value":"//input[@id=\"generalSectionFrg--receiveYard-inner\"]"}
COMMAND: POST /session/0a56c8b3fe23980ff89a5571a3a07e32/element/f.8BC31031A8A77F81AA6DDAE562E569BF.d.562AB348072D6B7598B94C1D0A55A296.e.17551/clear - {}
RESULT: {}
COMMAND: POST /session/0a56c8b3fe23980ff89a5571a3a07e32/element/f.8BC31031A8A77F81AA6DDAE562E569BF.d.562AB348072D6B7598B94C1D0A55A296.e.17551/value - {"text":"346"}
COMMAND: GET /session/0a56c8b3fe23980ff89a5571a3a07e32/screenshot - {}
RESULT: {"text":"346"}
COMMAND: GET /session/0a56c8b3fe23980ff89a5571a3a07e32/screenshot - {}
RESULT: {}
RESULT: {}
COMMAND: POST /session/0a56c8b3fe23980ff89a5571a3a07e32/element - {"using":"xpath","value":"//li[.//span[text()='346']]"}
RESULT: {"using":"xpath","value":"//li[.//span[text()='346']]"}
COMMAND: POST /session/0a56c8b3fe23980ff89a5571a3a07e32/element/f.8BC31031A8A77F81AA6DDAE562E569BF.d.562AB348072D6B7598B94C1D0A55A296.e.17566/click - {}
RESULT: {}
COMMAND: GET /session/0a56c8b3fe23980ff89a5571a3a07e32/screenshot - {}
RESULT: {}
COMMAND: POST /session/0a56c8b3fe23980ff89a5571a3a07e32/execute/async - {"script":"<script> [1562 bytes]","args":[{"selector":{"id":"application-managehandovers-display-component---AddNewHO--ObjectPageLayout-anchBar-application-managehandovers-display-component---AddNewHO--section4-anchor","interaction":{"idSuffix":"BDI-content"}},"wdio_ui5_key":"applicationmanagehandovers-display-component---AddNewHO--ObjectPageLayout-anchBar-application-managehandovers-display-component---AddNewHO--section4-anchor"}]}
RESULT: {"script":"<script> [1562 bytes]","args":[{"selector":{"id":"application-managehandovers-display-component---AddNewHO--ObjectPageLayout-anchBar-application-managehandovers-display-component---AddNewHO--section4-anchor","interaction":{"idSuffix":"BDI-content"}},"wdio_ui5_key":"applicationmanagehandovers-display-component---AddNewHO--ObjectPageLayout-anchBar-application-managehandovers-display-component---AddNewHO--section4-anchor"}]}
RESULT: undefined
COMMAND: POST /session/0a56c8b3fe23980ff89a5571a3a07e32/element - {"using":"xpath","value":"//*[@id=\"application-managehandovers-display-component---AddNewHO--ObjectPageLayout-anchBar-application-managehandovers-display-component---AddNewHO--section4-anchor\"]"}
RESULT: {"using":"xpath","value":"//*[@id=\"application-managehandovers-display-component---AddNewHO--ObjectPageLayout-anchBar-application-managehandovers-display-component---AddNewHO--section4-anchor\"]"}
COMMAND: POST /session/0a56c8b3fe23980ff89a5571a3a07e32/element/f.8BC31031A8A77F81AA6DDAE562E569BF.d.562AB348072D6B7598B94C1D0A55A296.e.17568/click - {}
RESULT: {}
COMMAND: POST /session/0a56c8b3fe23980ff89a5571a3a07e32/element - {"using":"xpath","value":"//button[@aria-label=\"Add\"]"}
COMMAND: GET /session/0a56c8b3fe23980ff89a5571a3a07e32/screenshot - {}
RESULT: {"using":"xpath","value":"//button[@aria-label=\"Add\"]"}
COMMAND: POST /session/0a56c8b3fe23980ff89a5571a3a07e32/element/f.8BC31031A8A77F81AA6DDAE562E569BF.d.562AB348072D6B7598B94C1D0A55A296.e.17570/click - {}
RESULT: {}
RESULT: {}
COMMAND: GET /session/0a56c8b3fe23980ff89a5571a3a07e32/screenshot - {}
RESULT: {}
COMMAND: POST /session/0a56c8b3fe23980ff89a5571a3a07e32/execute/async - {"script":"<script> [1562 bytes]","args":[{"selector":{"id":"application-managehandovers-display-component---AddNewHO--smartFilterBar-btnBasicSearch","searchOpenDialogs":true,"interaction":{"idSuffix":"I"}},"wdio_ui5_key":"applicationmanagehandovers-display-component---AddNewHO--smartFilterBar-btnBasicSearch"}]}
RESULT: {"script":"<script> [1562 bytes]","args":[{"selector":{"id":"application-managehandovers-display-component---AddNewHO--smartFilterBar-btnBasicSearch","searchOpenDialogs":true,"interaction":{"idSuffix":"I"}},"wdio_ui5_key":"applicationmanagehandovers-display-component---AddNewHO--smartFilterBar-btnBasicSearch"}]}
RESULT: undefined
COMMAND: POST /session/0a56c8b3fe23980ff89a5571a3a07e32/execute/async - {"script":"<script> [776 bytes]","args":[{"enterText":"c2IKOjpuJl","selector":{"id":"application-managehandovers-display-component---AddNewHO--smartFilterBar-btnBasicSearch","searchOpenDialogs":true,"interaction":{"idSuffix":"I"}},"clearTextFirst":true,"interactionType":"ENTER_TEXT"}]}
RESULT: {"script":"<script> [776 bytes]","args":[{"enterText":"c2IKOjpuJl","selector":{"id":"application-managehandovers-display-component---AddNewHO--smartFilterBar-btnBasicSearch","searchOpenDialogs":true,"interaction":{"idSuffix":"I"}},"clearTextFirst":true,"interactionType":"ENTER_TEXT"}]}
COMMAND: POST /session/0a56c8b3fe23980ff89a5571a3a07e32/actions - {"actions":[{"id":"action62","type":"key","parameters":{},"actions":[{"type":"keyDown","value":""},{"type":"pause","duration":10},{"type":"keyUp","value":""}]}]}
RESULT: {"actions":[{"id":"action62","type":"key","parameters":{},"actions":[{"type":"keyDown","value":""},{"type":"pause","duration":10},{"type":"keyUp","value":""}]}]}
COMMAND: GET /session/0a56c8b3fe23980ff89a5571a3a07e32/screenshot - {}
RESULT: {}
COMMAND: POST /session/0a56c8b3fe23980ff89a5571a3a07e32/execute/async - {"script":"<script> [1562 bytes]","args":[{"selector":{"id":"application-managehandovers-display-component---AddNewHO--popup-sa","searchOpenDialogs":true,"interaction":{"idSuffix":"CbBg"}},"wdio_ui5_key":"applicationmanagehandovers-display-component---AddNewHO--popup-sa"}]}
RESULT: {"script":"<script> [1562 bytes]","args":[{"selector":{"id":"application-managehandovers-display-component---AddNewHO--popup-sa","searchOpenDialogs":true,"interaction":{"idSuffix":"CbBg"}},"wdio_ui5_key":"applicationmanagehandovers-display-component---AddNewHO--popup-sa"}]}
RESULT: undefined
COMMAND: POST /session/0a56c8b3fe23980ff89a5571a3a07e32/element - {"using":"xpath","value":"//*[@id=\"application-managehandovers-display-component---AddNewHO--popup-sa\"]"}
RESULT: {"using":"xpath","value":"//*[@id=\"application-managehandovers-display-component---AddNewHO--popup-sa\"]"}
COMMAND: POST /session/0a56c8b3fe23980ff89a5571a3a07e32/element/f.8BC31031A8A77F81AA6DDAE562E569BF.d.562AB348072D6B7598B94C1D0A55A296.e.17723/click - {}
RESULT: {}
COMMAND: GET /session/0a56c8b3fe23980ff89a5571a3a07e32/screenshot - {}
RESULT: {}
COMMAND: POST /session/0a56c8b3fe23980ff89a5571a3a07e32/element - {"using":"xpath","value":"//bdi[contains(text(), \"Select\")]"}
RESULT: {"using":"xpath","value":"//bdi[contains(text(), \"Select\")]"}
COMMAND: POST /session/0a56c8b3fe23980ff89a5571a3a07e32/element/f.8BC31031A8A77F81AA6DDAE562E569BF.d.562AB348072D6B7598B94C1D0A55A296.e.17724/click - {}
RESULT: {}
COMMAND: GET /session/0a56c8b3fe23980ff89a5571a3a07e32/screenshot - {}
RESULT: {}
COMMAND: POST /session/0a56c8b3fe23980ff89a5571a3a07e32/element - {"using":"xpath","value":"//button[@data-kt=\"AddNewHOSaveButton\"]"}
RESULT: {"using":"xpath","value":"//button[@data-kt=\"AddNewHOSaveButton\"]"}
COMMAND: POST /session/0a56c8b3fe23980ff89a5571a3a07e32/element/f.8BC31031A8A77F81AA6DDAE562E569BF.d.562AB348072D6B7598B94C1D0A55A296.e.17728/click - {}
RESULT: {}
COMMAND: GET /session/0a56c8b3fe23980ff89a5571a3a07e32/screenshot - {}
COMMAND: POST /session/0a56c8b3fe23980ff89a5571a3a07e32/execute/async - {"script":"<script> [1562 bytes]","args":[{"selector":{"id":"receiptDatePicker","viewName":"etm.portal.ui.managehandovers.view.DetailExecuteHO","interaction":{"idSuffix":"inner"}},"wdio_ui5_key":"receiptDatePickeretmportal.ui.managehandovers.view.DetailExecuteHO"}]}
RESULT: {}
RESULT: {"script":"<script> [1562 bytes]","args":[{"selector":{"id":"receiptDatePicker","viewName":"etm.portal.ui.managehandovers.view.DetailExecuteHO","interaction":{"idSuffix":"inner"}},"wdio_ui5_key":"receiptDatePickeretmportal.ui.managehandovers.view.DetailExecuteHO"}]}
RESULT: undefined
COMMAND: POST /session/0a56c8b3fe23980ff89a5571a3a07e32/execute/async - {"script":"<script> [6424 bytes]","args":[{"element-6066-11e4-a52e-4f735466cecf":"f.8BC31031A8A77F81AA6DDAE562E569BF.d.562AB348072D6B7598B94C1D0A55A296.e.17758"},"setValue",["5/26/25"]]}
RESULT: {"script":"<script> [6424 bytes]","args":[{"element-6066-11e4-a52e-4f735466cecf":"f.8BC31031A8A77F81AA6DDAE562E569BF.d.562AB348072D6B7598B94C1D0A55A296.e.17758"},"setValue",["5/26/25"]]}
COMMAND: POST /session/0a56c8b3fe23980ff89a5571a3a07e32/element - {"using":"xpath","value":"//button[@data-kt=\"ReceivingTableConfirmAllButton\"]"}
RESULT: {"using":"xpath","value":"//button[@data-kt=\"ReceivingTableConfirmAllButton\"]"}
COMMAND: POST /session/0a56c8b3fe23980ff89a5571a3a07e32/element/f.8BC31031A8A77F81AA6DDAE562E569BF.d.562AB348072D6B7598B94C1D0A55A296.e.17773/click - {}
RESULT: {}
COMMAND: GET /session/0a56c8b3fe23980ff89a5571a3a07e32/screenshot - {}
RESULT: {}
COMMAND: POST /session/0a56c8b3fe23980ff89a5571a3a07e32/element - {"using":"xpath","value":"//bdi[contains(text(), \"OK\")]"}
RESULT: {"using":"xpath","value":"//bdi[contains(text(), \"OK\")]"}
COMMAND: POST /session/0a56c8b3fe23980ff89a5571a3a07e32/element/f.8BC31031A8A77F81AA6DDAE562E569BF.d.562AB348072D6B7598B94C1D0A55A296.e.17775/click - {}
RESULT: {}
COMMAND: GET /session/0a56c8b3fe23980ff89a5571a3a07e32/screenshot - {}
RESULT: {}
COMMAND: POST /session/0a56c8b3fe23980ff89a5571a3a07e32/element - {"using":"xpath","value":"(//bdi[contains(text(), \"Receive\")])[2]"}
RESULT: {"using":"xpath","value":"(//bdi[contains(text(), \"Receive\")])[2]"}
COMMAND: POST /session/0a56c8b3fe23980ff89a5571a3a07e32/element/f.8BC31031A8A77F81AA6DDAE562E569BF.d.562AB348072D6B7598B94C1D0A55A296.e.17777/click - {}
RESULT: {}
COMMAND: GET /session/0a56c8b3fe23980ff89a5571a3a07e32/screenshot - {}
RESULT: {}
COMMAND: POST /session/0a56c8b3fe23980ff89a5571a3a07e32/element - {"using":"css selector","value":"#shell-header-logo"}
RESULT: {"using":"css selector","value":"#shell-header-logo"}
COMMAND: POST /session/0a56c8b3fe23980ff89a5571a3a07e32/element/f.8BC31031A8A77F81AA6DDAE562E569BF.d.562AB348072D6B7598B94C1D0A55A296.e.17164/click - {}
RESULT: {}
COMMAND: GET /session/0a56c8b3fe23980ff89a5571a3a07e32/screenshot - {}
RESULT: {}
]]></system-out>
    </testcase>
    <testcase classname="chrome.136_0_7103_93.windows.Performance_based_billing_(work_days)_US139742" name="Should create a new contract" time="66.767">
      <system-out><![CDATA[
COMMAND: POST /session/0a56c8b3fe23980ff89a5571a3a07e32/execute/async - {"script":"<script> [1562 bytes]","args":[{"selector":{"controlType":"sap.m.GenericTile","properties":{"header":"Manage Contracts"}},"wdio_ui5_key":"sapm.GenericTile{\"header\":\"Manage Contracts\"}"}]}
RESULT: {"script":"<script> [1562 bytes]","args":[{"selector":{"controlType":"sap.m.GenericTile","properties":{"header":"Manage Contracts"}},"wdio_ui5_key":"sapm.GenericTile{\"header\":\"Manage Contracts\"}"}]}
RESULT: undefined
COMMAND: POST /session/0a56c8b3fe23980ff89a5571a3a07e32/element - {"using":"xpath","value":"//*[@id=\"__tile130\"]"}
RESULT: {"using":"xpath","value":"//*[@id=\"__tile130\"]"}
COMMAND: POST /session/0a56c8b3fe23980ff89a5571a3a07e32/element/f.8BC31031A8A77F81AA6DDAE562E569BF.d.562AB348072D6B7598B94C1D0A55A296.e.15146/click - {}
RESULT: {}
COMMAND: GET /session/0a56c8b3fe23980ff89a5571a3a07e32/screenshot - {}
RESULT: {}
COMMAND: POST /session/0a56c8b3fe23980ff89a5571a3a07e32/elements - {"using":"xpath","value":"//span[text()='Error']"}
RESULT: {"using":"xpath","value":"//span[text()='Error']"}
COMMAND: POST /session/0a56c8b3fe23980ff89a5571a3a07e32/element - {"using":"xpath","value":"//button[@data-kt=\"addButton\"]"}
RESULT: {"using":"xpath","value":"//button[@data-kt=\"addButton\"]"}
COMMAND: POST /session/0a56c8b3fe23980ff89a5571a3a07e32/elements - {"using":"xpath","value":"//button[@data-kt=\"addButton\"]"}
RESULT: {"using":"xpath","value":"//button[@data-kt=\"addButton\"]"}
COMMAND: POST /session/0a56c8b3fe23980ff89a5571a3a07e32/execute/sync - {"script":"<script> [8489 bytes]","args":[{"element-6066-11e4-a52e-4f735466cecf":"f.8BC31031A8A77F81AA6DDAE562E569BF.d.562AB348072D6B7598B94C1D0A55A296.e.18001","ELEMENT":"f.8BC31031A8A77F81AA6DDAE562E569BF.d.562AB348072D6B7598B94C1D0A55A296.e.18001"}]}
RESULT: {"script":"<script> [8489 bytes]","args":[{"element-6066-11e4-a52e-4f735466cecf":"f.8BC31031A8A77F81AA6DDAE562E569BF.d.562AB348072D6B7598B94C1D0A55A296.e.18001","ELEMENT":"f.8BC31031A8A77F81AA6DDAE562E569BF.d.562AB348072D6B7598B94C1D0A55A296.e.18001"}]}
COMMAND: GET /session/0a56c8b3fe23980ff89a5571a3a07e32/element/f.8BC31031A8A77F81AA6DDAE562E569BF.d.562AB348072D6B7598B94C1D0A55A296.e.18001/enabled - {}
COMMAND: GET /session/0a56c8b3fe23980ff89a5571a3a07e32/screenshot - {}
RESULT: {}
COMMAND: POST /session/0a56c8b3fe23980ff89a5571a3a07e32/execute/sync - {"script":"<script> [8489 bytes]","args":[{"element-6066-11e4-a52e-4f735466cecf":"f.8BC31031A8A77F81AA6DDAE562E569BF.d.562AB348072D6B7598B94C1D0A55A296.e.18001","ELEMENT":"f.8BC31031A8A77F81AA6DDAE562E569BF.d.562AB348072D6B7598B94C1D0A55A296.e.18001"}]}
COMMAND: GET /session/0a56c8b3fe23980ff89a5571a3a07e32/screenshot - {}
RESULT: {}
RESULT: {"script":"<script> [8489 bytes]","args":[{"element-6066-11e4-a52e-4f735466cecf":"f.8BC31031A8A77F81AA6DDAE562E569BF.d.562AB348072D6B7598B94C1D0A55A296.e.18001","ELEMENT":"f.8BC31031A8A77F81AA6DDAE562E569BF.d.562AB348072D6B7598B94C1D0A55A296.e.18001"}]}
COMMAND: POST /session/0a56c8b3fe23980ff89a5571a3a07e32/execute/sync - {"script":"<script> [5351 bytes]","args":[{"element-6066-11e4-a52e-4f735466cecf":"f.8BC31031A8A77F81AA6DDAE562E569BF.d.562AB348072D6B7598B94C1D0A55A296.e.18001","ELEMENT":"f.8BC31031A8A77F81AA6DDAE562E569BF.d.562AB348072D6B7598B94C1D0A55A296.e.18001"}]}
COMMAND: GET /session/0a56c8b3fe23980ff89a5571a3a07e32/screenshot - {}
RESULT: {}
RESULT: {"script":"<script> [5351 bytes]","args":[{"element-6066-11e4-a52e-4f735466cecf":"f.8BC31031A8A77F81AA6DDAE562E569BF.d.562AB348072D6B7598B94C1D0A55A296.e.18001","ELEMENT":"f.8BC31031A8A77F81AA6DDAE562E569BF.d.562AB348072D6B7598B94C1D0A55A296.e.18001"}]}
COMMAND: GET /session/0a56c8b3fe23980ff89a5571a3a07e32/screenshot - {}
RESULT: {}
RESULT: {}
COMMAND: POST /session/0a56c8b3fe23980ff89a5571a3a07e32/element/f.8BC31031A8A77F81AA6DDAE562E569BF.d.562AB348072D6B7598B94C1D0A55A296.e.18001/click - {}
RESULT: {}
COMMAND: GET /session/0a56c8b3fe23980ff89a5571a3a07e32/screenshot - {}
COMMAND: POST /session/0a56c8b3fe23980ff89a5571a3a07e32/execute/async - {"script":"<script> [1562 bytes]","args":[{"selector":{"id":"application-managecontracts-display-component---AddNewContract--projectDescription","interaction":{"idSuffix":"inner"}},"wdio_ui5_key":"applicationmanagecontracts-display-component---AddNewContract--projectDescription"}]}
RESULT: {}
RESULT: {"script":"<script> [1562 bytes]","args":[{"selector":{"id":"application-managecontracts-display-component---AddNewContract--projectDescription","interaction":{"idSuffix":"inner"}},"wdio_ui5_key":"applicationmanagecontracts-display-component---AddNewContract--projectDescription"}]}
RESULT: undefined
COMMAND: POST /session/0a56c8b3fe23980ff89a5571a3a07e32/execute/async - {"script":"<script> [776 bytes]","args":[{"enterText":"Performance Contract WDIO","selector":{"id":"application-managecontracts-display-component---AddNewContract--projectDescription","interaction":{"idSuffix":"inner"}},"clearTextFirst":true,"interactionType":"ENTER_TEXT"}]}
RESULT: {"script":"<script> [776 bytes]","args":[{"enterText":"Performance Contract WDIO","selector":{"id":"application-managecontracts-display-component---AddNewContract--projectDescription","interaction":{"idSuffix":"inner"}},"clearTextFirst":true,"interactionType":"ENTER_TEXT"}]}
COMMAND: POST /session/0a56c8b3fe23980ff89a5571a3a07e32/element - {"using":"xpath","value":"//input[@id=\"application-managecontracts-display-component---AddNewContract--site-inner\"]"}
RESULT: {"using":"xpath","value":"//input[@id=\"application-managecontracts-display-component---AddNewContract--site-inner\"]"}
COMMAND: POST /session/0a56c8b3fe23980ff89a5571a3a07e32/element/f.8BC31031A8A77F81AA6DDAE562E569BF.d.562AB348072D6B7598B94C1D0A55A296.e.18324/clear - {}
RESULT: {}
COMMAND: POST /session/0a56c8b3fe23980ff89a5571a3a07e32/element/f.8BC31031A8A77F81AA6DDAE562E569BF.d.562AB348072D6B7598B94C1D0A55A296.e.18324/value - {"text":"2164"}
COMMAND: GET /session/0a56c8b3fe23980ff89a5571a3a07e32/screenshot - {}
RESULT: {"text":"2164"}
COMMAND: GET /session/0a56c8b3fe23980ff89a5571a3a07e32/screenshot - {}
RESULT: {}
RESULT: {}
COMMAND: POST /session/0a56c8b3fe23980ff89a5571a3a07e32/element - {"using":"xpath","value":"//li[.//span[text()='2164']]"}
RESULT: {"using":"xpath","value":"//li[.//span[text()='2164']]"}
COMMAND: POST /session/0a56c8b3fe23980ff89a5571a3a07e32/element/f.8BC31031A8A77F81AA6DDAE562E569BF.d.562AB348072D6B7598B94C1D0A55A296.e.18406/click - {}
RESULT: {}
COMMAND: GET /session/0a56c8b3fe23980ff89a5571a3a07e32/screenshot - {}
RESULT: {}
COMMAND: POST /session/0a56c8b3fe23980ff89a5571a3a07e32/element - {"using":"xpath","value":"//input[@id=\"application-managecontracts-display-component---AddNewContract--yardId-inner\"]"}
RESULT: {"using":"xpath","value":"//input[@id=\"application-managecontracts-display-component---AddNewContract--yardId-inner\"]"}
COMMAND: GET /session/0a56c8b3fe23980ff89a5571a3a07e32/element/f.8BC31031A8A77F81AA6DDAE562E569BF.d.562AB348072D6B7598B94C1D0A55A296.e.18325/property/value - {}
RESULT: {}
COMMAND: POST /session/0a56c8b3fe23980ff89a5571a3a07e32/element - {"using":"xpath","value":"//input[@id=\"application-managecontracts-display-component---AddNewContract--customerSelect-inner\"]"}
COMMAND: GET /session/0a56c8b3fe23980ff89a5571a3a07e32/screenshot - {}
RESULT: {"using":"xpath","value":"//input[@id=\"application-managecontracts-display-component---AddNewContract--customerSelect-inner\"]"}
COMMAND: POST /session/0a56c8b3fe23980ff89a5571a3a07e32/element/f.8BC31031A8A77F81AA6DDAE562E569BF.d.562AB348072D6B7598B94C1D0A55A296.e.18323/clear - {}
RESULT: {}
RESULT: {}
COMMAND: POST /session/0a56c8b3fe23980ff89a5571a3a07e32/element/f.8BC31031A8A77F81AA6DDAE562E569BF.d.562AB348072D6B7598B94C1D0A55A296.e.18323/value - {"text":"1176"}
COMMAND: GET /session/0a56c8b3fe23980ff89a5571a3a07e32/screenshot - {}
RESULT: {"text":"1176"}
COMMAND: GET /session/0a56c8b3fe23980ff89a5571a3a07e32/screenshot - {}
RESULT: {}
RESULT: {}
COMMAND: POST /session/0a56c8b3fe23980ff89a5571a3a07e32/element - {"using":"xpath","value":"//li[.//span[text()='1176']]"}
RESULT: {"using":"xpath","value":"//li[.//span[text()='1176']]"}
COMMAND: POST /session/0a56c8b3fe23980ff89a5571a3a07e32/element/f.8BC31031A8A77F81AA6DDAE562E569BF.d.562AB348072D6B7598B94C1D0A55A296.e.18409/click - {}
RESULT: {}
COMMAND: GET /session/0a56c8b3fe23980ff89a5571a3a07e32/screenshot - {}
RESULT: {}
COMMAND: POST /session/0a56c8b3fe23980ff89a5571a3a07e32/element - {"using":"xpath","value":"//button[@data-kt=\"saveButton\"]"}
RESULT: {"using":"xpath","value":"//button[@data-kt=\"saveButton\"]"}
COMMAND: POST /session/0a56c8b3fe23980ff89a5571a3a07e32/element/f.8BC31031A8A77F81AA6DDAE562E569BF.d.562AB348072D6B7598B94C1D0A55A296.e.18399/click - {}
RESULT: {}
COMMAND: GET /session/0a56c8b3fe23980ff89a5571a3a07e32/screenshot - {}
RESULT: {}
COMMAND: POST /session/0a56c8b3fe23980ff89a5571a3a07e32/element - {"using":"xpath","value":"//span[contains(@id ,\"contractDetailTitleNoExpanded\")]"}
RESULT: {"using":"xpath","value":"//span[contains(@id ,\"contractDetailTitleNoExpanded\")]"}
COMMAND: POST /session/0a56c8b3fe23980ff89a5571a3a07e32/elements - {"using":"xpath","value":"//span[contains(@id ,\"contractDetailTitleNoExpanded\")]"}
RESULT: {"using":"xpath","value":"//span[contains(@id ,\"contractDetailTitleNoExpanded\")]"}
COMMAND: POST /session/0a56c8b3fe23980ff89a5571a3a07e32/execute/sync - {"script":"<script> [56 bytes]","args":[{"element-6066-11e4-a52e-4f735466cecf":"f.8BC31031A8A77F81AA6DDAE562E569BF.d.562AB348072D6B7598B94C1D0A55A296.e.18427","ELEMENT":"f.8BC31031A8A77F81AA6DDAE562E569BF.d.562AB348072D6B7598B94C1D0A55A296.e.18427"}]}
RESULT: {"script":"<script> [56 bytes]","args":[{"element-6066-11e4-a52e-4f735466cecf":"f.8BC31031A8A77F81AA6DDAE562E569BF.d.562AB348072D6B7598B94C1D0A55A296.e.18427","ELEMENT":"f.8BC31031A8A77F81AA6DDAE562E569BF.d.562AB348072D6B7598B94C1D0A55A296.e.18427"}]}
COMMAND: GET /session/0a56c8b3fe23980ff89a5571a3a07e32/screenshot - {}
RESULT: {}
]]></system-out>
    </testcase>
    <testcase classname="chrome.136_0_7103_93.windows.Performance_based_billing_(work_days)_US139742" name="Should add equipment to the contract" time="53.682">
      <system-out><![CDATA[
COMMAND: POST /session/0a56c8b3fe23980ff89a5571a3a07e32/element - {"using":"xpath","value":"//button[@data-kt=\"contractDetailEditBtnButton\"]"}
RESULT: {"using":"xpath","value":"//button[@data-kt=\"contractDetailEditBtnButton\"]"}
COMMAND: POST /session/0a56c8b3fe23980ff89a5571a3a07e32/element/f.8BC31031A8A77F81AA6DDAE562E569BF.d.562AB348072D6B7598B94C1D0A55A296.e.18429/click - {}
RESULT: {}
COMMAND: GET /session/0a56c8b3fe23980ff89a5571a3a07e32/screenshot - {}
RESULT: {}
COMMAND: POST /session/0a56c8b3fe23980ff89a5571a3a07e32/element - {"using":"xpath","value":"(//span[contains(text(), \"Additional Addresses\")])[2]"}
RESULT: {"using":"xpath","value":"(//span[contains(text(), \"Additional Addresses\")])[2]"}
COMMAND: POST /session/0a56c8b3fe23980ff89a5571a3a07e32/element/f.8BC31031A8A77F81AA6DDAE562E569BF.d.562AB348072D6B7598B94C1D0A55A296.e.18484/click - {}
RESULT: {}
COMMAND: GET /session/0a56c8b3fe23980ff89a5571a3a07e32/screenshot - {}
RESULT: {}
COMMAND: POST /session/0a56c8b3fe23980ff89a5571a3a07e32/element - {"using":"xpath","value":"//button[@data-kt=\"btnAddTableRowOverflowToolbarButton\"]"}
RESULT: {"using":"xpath","value":"//button[@data-kt=\"btnAddTableRowOverflowToolbarButton\"]"}
COMMAND: POST /session/0a56c8b3fe23980ff89a5571a3a07e32/element/f.8BC31031A8A77F81AA6DDAE562E569BF.d.562AB348072D6B7598B94C1D0A55A296.e.18487/click - {}
RESULT: {}
COMMAND: GET /session/0a56c8b3fe23980ff89a5571a3a07e32/screenshot - {}
RESULT: {}
COMMAND: POST /session/0a56c8b3fe23980ff89a5571a3a07e32/element - {"using":"xpath","value":"//div[(text() = 'Standard Entry' or . = 'Standard Entry')]"}
RESULT: {"using":"xpath","value":"//div[(text() = 'Standard Entry' or . = 'Standard Entry')]"}
COMMAND: POST /session/0a56c8b3fe23980ff89a5571a3a07e32/element/f.8BC31031A8A77F81AA6DDAE562E569BF.d.562AB348072D6B7598B94C1D0A55A296.e.18488/click - {}
RESULT: {}
COMMAND: GET /session/0a56c8b3fe23980ff89a5571a3a07e32/screenshot - {}
RESULT: {}
COMMAND: POST /session/0a56c8b3fe23980ff89a5571a3a07e32/element - {"using":"xpath","value":"//td[7]/div/div/input"}
RESULT: {"using":"xpath","value":"//td[7]/div/div/input"}
COMMAND: POST /session/0a56c8b3fe23980ff89a5571a3a07e32/element/f.8BC31031A8A77F81AA6DDAE562E569BF.d.562AB348072D6B7598B94C1D0A55A296.e.18497/clear - {}
RESULT: {}
COMMAND: POST /session/0a56c8b3fe23980ff89a5571a3a07e32/element/f.8BC31031A8A77F81AA6DDAE562E569BF.d.562AB348072D6B7598B94C1D0A55A296.e.18497/value - {"text":"c2IKOjpuJl"}
COMMAND: GET /session/0a56c8b3fe23980ff89a5571a3a07e32/screenshot - {}
RESULT: {"text":"c2IKOjpuJl"}
COMMAND: GET /session/0a56c8b3fe23980ff89a5571a3a07e32/screenshot - {}
RESULT: {}
RESULT: {}
COMMAND: POST /session/0a56c8b3fe23980ff89a5571a3a07e32/actions - {"actions":[{"id":"action63","type":"key","parameters":{},"actions":[{"type":"keyDown","value":""},{"type":"pause","duration":10},{"type":"keyUp","value":""}]}]}
RESULT: {"actions":[{"id":"action63","type":"key","parameters":{},"actions":[{"type":"keyDown","value":""},{"type":"pause","duration":10},{"type":"keyUp","value":""}]}]}
COMMAND: GET /session/0a56c8b3fe23980ff89a5571a3a07e32/screenshot - {}
RESULT: {}
COMMAND: POST /session/0a56c8b3fe23980ff89a5571a3a07e32/execute/sync - {"script":"<script> [276 bytes]","args":["No pricing information was found"]}
RESULT: {"script":"<script> [276 bytes]","args":["No pricing information was found"]}
COMMAND: POST /session/0a56c8b3fe23980ff89a5571a3a07e32/element - {"using":"xpath","value":"(//button[@data-kt=\"saveButton\"])[2]"}
COMMAND: GET /session/0a56c8b3fe23980ff89a5571a3a07e32/screenshot - {}
RESULT: {"using":"xpath","value":"(//button[@data-kt=\"saveButton\"])[2]"}
COMMAND: POST /session/0a56c8b3fe23980ff89a5571a3a07e32/element/f.8BC31031A8A77F81AA6DDAE562E569BF.d.562AB348072D6B7598B94C1D0A55A296.e.18512/click - {}
RESULT: {}
RESULT: {}
COMMAND: GET /session/0a56c8b3fe23980ff89a5571a3a07e32/screenshot - {}
RESULT: {}
COMMAND: POST /session/0a56c8b3fe23980ff89a5571a3a07e32/execute/sync - {"script":"<script> [276 bytes]","args":["Some contract items are having rental validity exceeding header rental validity"]}
RESULT: {"script":"<script> [276 bytes]","args":["Some contract items are having rental validity exceeding header rental validity"]}
COMMAND: GET /session/0a56c8b3fe23980ff89a5571a3a07e32/screenshot - {}
RESULT: {}
COMMAND: POST /session/0a56c8b3fe23980ff89a5571a3a07e32/element - {"using":"xpath","value":"//span[contains(@id ,\"contractItemsSmartTable-header-inner\")]"}
RESULT: {"using":"xpath","value":"//span[contains(@id ,\"contractItemsSmartTable-header-inner\")]"}
COMMAND: POST /session/0a56c8b3fe23980ff89a5571a3a07e32/elements - {"using":"xpath","value":"//span[contains(@id ,\"contractItemsSmartTable-header-inner\")]"}
RESULT: {"using":"xpath","value":"//span[contains(@id ,\"contractItemsSmartTable-header-inner\")]"}
COMMAND: POST /session/0a56c8b3fe23980ff89a5571a3a07e32/execute/sync - {"script":"<script> [56 bytes]","args":[{"element-6066-11e4-a52e-4f735466cecf":"f.8BC31031A8A77F81AA6DDAE562E569BF.d.562AB348072D6B7598B94C1D0A55A296.e.18519","ELEMENT":"f.8BC31031A8A77F81AA6DDAE562E569BF.d.562AB348072D6B7598B94C1D0A55A296.e.18519"}]}
RESULT: {"script":"<script> [56 bytes]","args":[{"element-6066-11e4-a52e-4f735466cecf":"f.8BC31031A8A77F81AA6DDAE562E569BF.d.562AB348072D6B7598B94C1D0A55A296.e.18519","ELEMENT":"f.8BC31031A8A77F81AA6DDAE562E569BF.d.562AB348072D6B7598B94C1D0A55A296.e.18519"}]}
]]></system-out>
    </testcase>
    <testcase classname="chrome.136_0_7103_93.windows.Performance_based_billing_(work_days)_US139742" name="Should do a provide to site handover" time="62.546">
      <system-out><![CDATA[
COMMAND: POST /session/0a56c8b3fe23980ff89a5571a3a07e32/element - {"using":"xpath","value":"//button[@data-kt=\"provideButton\"]"}
COMMAND: GET /session/0a56c8b3fe23980ff89a5571a3a07e32/screenshot - {}
RESULT: {"using":"xpath","value":"//button[@data-kt=\"provideButton\"]"}
COMMAND: POST /session/0a56c8b3fe23980ff89a5571a3a07e32/element/f.8BC31031A8A77F81AA6DDAE562E569BF.d.562AB348072D6B7598B94C1D0A55A296.e.18520/click - {}
RESULT: {}
RESULT: {}
COMMAND: GET /session/0a56c8b3fe23980ff89a5571a3a07e32/screenshot - {}
RESULT: {}
RESULT: undefined
COMMAND: POST /session/0a56c8b3fe23980ff89a5571a3a07e32/execute/async - {"script":"<script> [6424 bytes]","args":[{"element-6066-11e4-a52e-4f735466cecf":"f.8BC31031A8A77F81AA6DDAE562E569BF.d.562AB348072D6B7598B94C1D0A55A296.e.17545"},"setValue",["5/26/25"]]}
COMMAND: POST /session/0a56c8b3fe23980ff89a5571a3a07e32/execute/async - {"script":"<script> [1562 bytes]","args":[{"selector":{"id":"application-managehandovers-display-component---AddNewHO--dueDate","interaction":{"idSuffix":"inner"}},"wdio_ui5_key":"applicationmanagehandovers-display-component---AddNewHO--dueDate"}]}
RESULT: {"script":"<script> [1562 bytes]","args":[{"selector":{"id":"application-managehandovers-display-component---AddNewHO--dueDate","interaction":{"idSuffix":"inner"}},"wdio_ui5_key":"applicationmanagehandovers-display-component---AddNewHO--dueDate"}]}
COMMAND: POST /session/0a56c8b3fe23980ff89a5571a3a07e32/execute/async - {"script":"<script> [6424 bytes]","args":[{"element-6066-11e4-a52e-4f735466cecf":"f.8BC31031A8A77F81AA6DDAE562E569BF.d.562AB348072D6B7598B94C1D0A55A296.e.18577"},"setValue",["5/26/25"]]}
RESULT: {"script":"<script> [6424 bytes]","args":[{"element-6066-11e4-a52e-4f735466cecf":"f.8BC31031A8A77F81AA6DDAE562E569BF.d.562AB348072D6B7598B94C1D0A55A296.e.18577"},"setValue",["5/26/25"]]}
COMMAND: POST /session/0a56c8b3fe23980ff89a5571a3a07e32/element - {"using":"xpath","value":"//bdi[contains(text(), \"Instructions\")]"}
RESULT: {"using":"xpath","value":"//bdi[contains(text(), \"Instructions\")]"}
COMMAND: POST /session/0a56c8b3fe23980ff89a5571a3a07e32/element/f.8BC31031A8A77F81AA6DDAE562E569BF.d.562AB348072D6B7598B94C1D0A55A296.e.18705/click - {}
RESULT: {}
COMMAND: GET /session/0a56c8b3fe23980ff89a5571a3a07e32/screenshot - {}
RESULT: {}
COMMAND: POST /session/0a56c8b3fe23980ff89a5571a3a07e32/element - {"using":"xpath","value":"//button[@data-kt=\"AddNewHOProvideAddItemsButton\"]"}
RESULT: {"using":"xpath","value":"//button[@data-kt=\"AddNewHOProvideAddItemsButton\"]"}
COMMAND: POST /session/0a56c8b3fe23980ff89a5571a3a07e32/element/f.8BC31031A8A77F81AA6DDAE562E569BF.d.562AB348072D6B7598B94C1D0A55A296.e.18709/click - {}
RESULT: {}
COMMAND: GET /session/0a56c8b3fe23980ff89a5571a3a07e32/screenshot - {}
RESULT: {}
RESULT: undefined
COMMAND: POST /session/0a56c8b3fe23980ff89a5571a3a07e32/element - {"using":"xpath","value":"//*[@id=\"application-managehandovers-display-component---AddNewHO--popup-sa\"]"}
RESULT: {"using":"xpath","value":"//*[@id=\"application-managehandovers-display-component---AddNewHO--popup-sa\"]"}
COMMAND: POST /session/0a56c8b3fe23980ff89a5571a3a07e32/element/f.8BC31031A8A77F81AA6DDAE562E569BF.d.562AB348072D6B7598B94C1D0A55A296.e.18718/click - {}
RESULT: {}
COMMAND: GET /session/0a56c8b3fe23980ff89a5571a3a07e32/screenshot - {}
RESULT: {}
COMMAND: POST /session/0a56c8b3fe23980ff89a5571a3a07e32/element - {"using":"xpath","value":"//*[contains(@id ,\"BDI-content\")][contains(text(), \"Select\")]"}
RESULT: {"using":"xpath","value":"//*[contains(@id ,\"BDI-content\")][contains(text(), \"Select\")]"}
COMMAND: POST /session/0a56c8b3fe23980ff89a5571a3a07e32/element/f.8BC31031A8A77F81AA6DDAE562E569BF.d.562AB348072D6B7598B94C1D0A55A296.e.18720/click - {}
RESULT: {}
COMMAND: GET /session/0a56c8b3fe23980ff89a5571a3a07e32/screenshot - {}
RESULT: {}
COMMAND: POST /session/0a56c8b3fe23980ff89a5571a3a07e32/execute/async - {"script":"<script> [1562 bytes]","args":[{"selector":{"id":"application-managehandovers-display-component---AddNewHO--confirmCreationButton","interaction":{"idSuffix":"BDI-content"}},"wdio_ui5_key":"applicationmanagehandovers-display-component---AddNewHO--confirmCreationButton"}]}
RESULT: {"script":"<script> [1562 bytes]","args":[{"selector":{"id":"application-managehandovers-display-component---AddNewHO--confirmCreationButton","interaction":{"idSuffix":"BDI-content"}},"wdio_ui5_key":"applicationmanagehandovers-display-component---AddNewHO--confirmCreationButton"}]}
RESULT: undefined
COMMAND: POST /session/0a56c8b3fe23980ff89a5571a3a07e32/element - {"using":"xpath","value":"//*[@id=\"application-managehandovers-display-component---AddNewHO--confirmCreationButton\"]"}
RESULT: {"using":"xpath","value":"//*[@id=\"application-managehandovers-display-component---AddNewHO--confirmCreationButton\"]"}
COMMAND: POST /session/0a56c8b3fe23980ff89a5571a3a07e32/element/f.8BC31031A8A77F81AA6DDAE562E569BF.d.562AB348072D6B7598B94C1D0A55A296.e.18664/click - {}
RESULT: {}
COMMAND: GET /session/0a56c8b3fe23980ff89a5571a3a07e32/screenshot - {}
RESULT: {}
COMMAND: POST /session/0a56c8b3fe23980ff89a5571a3a07e32/execute/async - {"script":"<script> [1562 bytes]","args":[{"selector":{"id":"issueDatePicker","viewName":"etm.portal.ui.managehandovers.view.DetailExecuteHO","interaction":{"idSuffix":"inner"}},"wdio_ui5_key":"issueDatePickeretmportal.ui.managehandovers.view.DetailExecuteHO"}]}
RESULT: {"script":"<script> [1562 bytes]","args":[{"selector":{"id":"issueDatePicker","viewName":"etm.portal.ui.managehandovers.view.DetailExecuteHO","interaction":{"idSuffix":"inner"}},"wdio_ui5_key":"issueDatePickeretmportal.ui.managehandovers.view.DetailExecuteHO"}]}
RESULT: undefined
COMMAND: POST /session/0a56c8b3fe23980ff89a5571a3a07e32/execute/async - {"script":"<script> [776 bytes]","args":[{"enterText":"5/26/25","selector":{"id":"issueDatePicker","viewName":"etm.portal.ui.managehandovers.view.DetailExecuteHO","interaction":{"idSuffix":"inner"}},"clearTextFirst":true,"interactionType":"ENTER_TEXT"}]}
RESULT: {"script":"<script> [776 bytes]","args":[{"enterText":"5/26/25","selector":{"id":"issueDatePicker","viewName":"etm.portal.ui.managehandovers.view.DetailExecuteHO","interaction":{"idSuffix":"inner"}},"clearTextFirst":true,"interactionType":"ENTER_TEXT"}]}
COMMAND: POST /session/0a56c8b3fe23980ff89a5571a3a07e32/element - {"using":"xpath","value":"//button[@data-kt=\"PickingTableConfirmAllButton\"]"}
RESULT: {"using":"xpath","value":"//button[@data-kt=\"PickingTableConfirmAllButton\"]"}
COMMAND: POST /session/0a56c8b3fe23980ff89a5571a3a07e32/element/f.8BC31031A8A77F81AA6DDAE562E569BF.d.562AB348072D6B7598B94C1D0A55A296.e.18780/click - {}
RESULT: {}
COMMAND: GET /session/0a56c8b3fe23980ff89a5571a3a07e32/screenshot - {}
RESULT: {}
COMMAND: POST /session/0a56c8b3fe23980ff89a5571a3a07e32/element - {"using":"xpath","value":"//bdi[contains(text(), \"OK\")]"}
RESULT: {"using":"xpath","value":"//bdi[contains(text(), \"OK\")]"}
COMMAND: POST /session/0a56c8b3fe23980ff89a5571a3a07e32/element/f.8BC31031A8A77F81AA6DDAE562E569BF.d.562AB348072D6B7598B94C1D0A55A296.e.18783/click - {}
RESULT: {}
COMMAND: GET /session/0a56c8b3fe23980ff89a5571a3a07e32/screenshot - {}
RESULT: {}
COMMAND: POST /session/0a56c8b3fe23980ff89a5571a3a07e32/element - {"using":"xpath","value":"//bdi[contains(text(), \"Issue\")]"}
RESULT: {"using":"xpath","value":"//bdi[contains(text(), \"Issue\")]"}
COMMAND: POST /session/0a56c8b3fe23980ff89a5571a3a07e32/element/f.8BC31031A8A77F81AA6DDAE562E569BF.d.562AB348072D6B7598B94C1D0A55A296.e.18785/click - {}
RESULT: {}
COMMAND: GET /session/0a56c8b3fe23980ff89a5571a3a07e32/screenshot - {}
RESULT: {}
COMMAND: POST /session/0a56c8b3fe23980ff89a5571a3a07e32/element - {"using":"css selector","value":"#shell-header-logo"}
RESULT: {"using":"css selector","value":"#shell-header-logo"}
COMMAND: POST /session/0a56c8b3fe23980ff89a5571a3a07e32/element/f.8BC31031A8A77F81AA6DDAE562E569BF.d.562AB348072D6B7598B94C1D0A55A296.e.17951/click - {}
RESULT: {}
COMMAND: GET /session/0a56c8b3fe23980ff89a5571a3a07e32/screenshot - {}
RESULT: {}
]]></system-out>
    </testcase>
    <testcase classname="chrome.136_0_7103_93.windows.Performance_based_billing_(work_days)_US139742" name="Should create a few performance documents" time="105.605">
      <system-out><![CDATA[
COMMAND: POST /session/0a56c8b3fe23980ff89a5571a3a07e32/execute/async - {"script":"<script> [1562 bytes]","args":[{"selector":{"controlType":"sap.m.GenericTile","properties":{"header":"Manage States & Performance"}},"wdio_ui5_key":"sapm.GenericTile{\"header\":\"Manage States & Performance\"}"}]}
RESULT: {"script":"<script> [1562 bytes]","args":[{"selector":{"controlType":"sap.m.GenericTile","properties":{"header":"Manage States & Performance"}},"wdio_ui5_key":"sapm.GenericTile{\"header\":\"Manage States & Performance\"}"}]}
RESULT: undefined
COMMAND: POST /session/0a56c8b3fe23980ff89a5571a3a07e32/element - {"using":"xpath","value":"//*[@id=\"__tile56\"]"}
RESULT: {"using":"xpath","value":"//*[@id=\"__tile56\"]"}
COMMAND: POST /session/0a56c8b3fe23980ff89a5571a3a07e32/element/f.8BC31031A8A77F81AA6DDAE562E569BF.d.562AB348072D6B7598B94C1D0A55A296.e.15222/click - {}
RESULT: {}
COMMAND: GET /session/0a56c8b3fe23980ff89a5571a3a07e32/screenshot - {}
RESULT: {}
COMMAND: POST /session/0a56c8b3fe23980ff89a5571a3a07e32/elements - {"using":"xpath","value":"//span[text()='Error']"}
RESULT: {"using":"xpath","value":"//span[text()='Error']"}
COMMAND: POST /session/0a56c8b3fe23980ff89a5571a3a07e32/element - {"using":"xpath","value":"//div[@id=\"application-managestatesandperformance-display-component---stateAndPerform--smartFilterBarResources-btnBasicSearch\"]"}
RESULT: {"using":"xpath","value":"//div[@id=\"application-managestatesandperformance-display-component---stateAndPerform--smartFilterBarResources-btnBasicSearch\"]"}
COMMAND: POST /session/0a56c8b3fe23980ff89a5571a3a07e32/elements - {"using":"xpath","value":"//div[@id=\"application-managestatesandperformance-display-component---stateAndPerform--smartFilterBarResources-btnBasicSearch\"]"}
RESULT: {"using":"xpath","value":"//div[@id=\"application-managestatesandperformance-display-component---stateAndPerform--smartFilterBarResources-btnBasicSearch\"]"}
COMMAND: POST /session/0a56c8b3fe23980ff89a5571a3a07e32/execute/sync - {"script":"<script> [8489 bytes]","args":[{"element-6066-11e4-a52e-4f735466cecf":"f.8BC31031A8A77F81AA6DDAE562E569BF.d.562AB348072D6B7598B94C1D0A55A296.e.19059","ELEMENT":"f.8BC31031A8A77F81AA6DDAE562E569BF.d.562AB348072D6B7598B94C1D0A55A296.e.19059"}]}
RESULT: {"script":"<script> [8489 bytes]","args":[{"element-6066-11e4-a52e-4f735466cecf":"f.8BC31031A8A77F81AA6DDAE562E569BF.d.562AB348072D6B7598B94C1D0A55A296.e.19059","ELEMENT":"f.8BC31031A8A77F81AA6DDAE562E569BF.d.562AB348072D6B7598B94C1D0A55A296.e.19059"}]}
COMMAND: GET /session/0a56c8b3fe23980ff89a5571a3a07e32/element/f.8BC31031A8A77F81AA6DDAE562E569BF.d.562AB348072D6B7598B94C1D0A55A296.e.19059/enabled - {}
COMMAND: GET /session/0a56c8b3fe23980ff89a5571a3a07e32/screenshot - {}
RESULT: {}
COMMAND: POST /session/0a56c8b3fe23980ff89a5571a3a07e32/execute/sync - {"script":"<script> [8489 bytes]","args":[{"element-6066-11e4-a52e-4f735466cecf":"f.8BC31031A8A77F81AA6DDAE562E569BF.d.562AB348072D6B7598B94C1D0A55A296.e.19059","ELEMENT":"f.8BC31031A8A77F81AA6DDAE562E569BF.d.562AB348072D6B7598B94C1D0A55A296.e.19059"}]}
COMMAND: GET /session/0a56c8b3fe23980ff89a5571a3a07e32/screenshot - {}
RESULT: {}
RESULT: {"script":"<script> [8489 bytes]","args":[{"element-6066-11e4-a52e-4f735466cecf":"f.8BC31031A8A77F81AA6DDAE562E569BF.d.562AB348072D6B7598B94C1D0A55A296.e.19059","ELEMENT":"f.8BC31031A8A77F81AA6DDAE562E569BF.d.562AB348072D6B7598B94C1D0A55A296.e.19059"}]}
COMMAND: POST /session/0a56c8b3fe23980ff89a5571a3a07e32/execute/sync - {"script":"<script> [5351 bytes]","args":[{"element-6066-11e4-a52e-4f735466cecf":"f.8BC31031A8A77F81AA6DDAE562E569BF.d.562AB348072D6B7598B94C1D0A55A296.e.19059","ELEMENT":"f.8BC31031A8A77F81AA6DDAE562E569BF.d.562AB348072D6B7598B94C1D0A55A296.e.19059"}]}
COMMAND: GET /session/0a56c8b3fe23980ff89a5571a3a07e32/screenshot - {}
RESULT: {}
RESULT: {"script":"<script> [5351 bytes]","args":[{"element-6066-11e4-a52e-4f735466cecf":"f.8BC31031A8A77F81AA6DDAE562E569BF.d.562AB348072D6B7598B94C1D0A55A296.e.19059","ELEMENT":"f.8BC31031A8A77F81AA6DDAE562E569BF.d.562AB348072D6B7598B94C1D0A55A296.e.19059"}]}
COMMAND: POST /session/0a56c8b3fe23980ff89a5571a3a07e32/execute/async - {"script":"<script> [1562 bytes]","args":[{"selector":{"id":"application-managestatesandperformance-display-component---stateAndPerform--smartFilterBarResources-btnBasicSearch","interaction":{"idSuffix":"I"}},"wdio_ui5_key":"applicationmanagestatesandperformance-display-component---stateAndPerform--smartFilterBarResources-btnBasicSearch"}]}
COMMAND: GET /session/0a56c8b3fe23980ff89a5571a3a07e32/screenshot - {}
RESULT: {}
RESULT: {"script":"<script> [1562 bytes]","args":[{"selector":{"id":"application-managestatesandperformance-display-component---stateAndPerform--smartFilterBarResources-btnBasicSearch","interaction":{"idSuffix":"I"}},"wdio_ui5_key":"applicationmanagestatesandperformance-display-component---stateAndPerform--smartFilterBarResources-btnBasicSearch"}]}
RESULT: undefined
COMMAND: POST /session/0a56c8b3fe23980ff89a5571a3a07e32/execute/async - {"script":"<script> [776 bytes]","args":[{"enterText":"c2IKOjpuJl","selector":{"id":"application-managestatesandperformance-display-component---stateAndPerform--smartFilterBarResources-btnBasicSearch","interaction":{"idSuffix":"I"}},"clearTextFirst":true,"interactionType":"ENTER_TEXT"}]}
RESULT: {}
RESULT: {"script":"<script> [776 bytes]","args":[{"enterText":"c2IKOjpuJl","selector":{"id":"application-managestatesandperformance-display-component---stateAndPerform--smartFilterBarResources-btnBasicSearch","interaction":{"idSuffix":"I"}},"clearTextFirst":true,"interactionType":"ENTER_TEXT"}]}
COMMAND: POST /session/0a56c8b3fe23980ff89a5571a3a07e32/actions - {"actions":[{"id":"action64","type":"key","parameters":{},"actions":[{"type":"keyDown","value":""},{"type":"pause","duration":10},{"type":"keyUp","value":""}]}]}
RESULT: {"actions":[{"id":"action64","type":"key","parameters":{},"actions":[{"type":"keyDown","value":""},{"type":"pause","duration":10},{"type":"keyUp","value":""}]}]}
COMMAND: GET /session/0a56c8b3fe23980ff89a5571a3a07e32/screenshot - {}
RESULT: {}
COMMAND: POST /session/0a56c8b3fe23980ff89a5571a3a07e32/execute/async - {"script":"<script> [1562 bytes]","args":[{"selector":{"id":"application-managestatesandperformance-display-component---stateAndPerform--stateAndPerformResourcesSmartTable-header"},"wdio_ui5_key":"applicationmanagestatesandperformance-display-component---stateAndPerform--stateAndPerformResourcesSmartTable-header"}]}
RESULT: {"script":"<script> [1562 bytes]","args":[{"selector":{"id":"application-managestatesandperformance-display-component---stateAndPerform--stateAndPerformResourcesSmartTable-header"},"wdio_ui5_key":"applicationmanagestatesandperformance-display-component---stateAndPerform--stateAndPerformResourcesSmartTable-header"}]}
RESULT: undefined
COMMAND: POST /session/0a56c8b3fe23980ff89a5571a3a07e32/execute/async - {"script":"<script> [6424 bytes]","args":[{"element-6066-11e4-a52e-4f735466cecf":"f.8BC31031A8A77F81AA6DDAE562E569BF.d.562AB348072D6B7598B94C1D0A55A296.e.19074"},"getText",[]]}
RESULT: {"script":"<script> [6424 bytes]","args":[{"element-6066-11e4-a52e-4f735466cecf":"f.8BC31031A8A77F81AA6DDAE562E569BF.d.562AB348072D6B7598B94C1D0A55A296.e.19074"},"getText",[]]}
COMMAND: POST /session/0a56c8b3fe23980ff89a5571a3a07e32/execute/async - {"script":"<script> [1562 bytes]","args":[{"selector":{"controlType":"sap.ui.core.Icon","viewName":"etm.portal.ui.managestatesandperformance.view.Master","viewId":"application-managestatesandperformance-display-component---stateAndPerform","properties":{"src":{"regex":{"source":"slim\\-arrow\\-right"}}}},"wdio_ui5_key":"etmportal.ui.managestatesandperformance.view.Mastersap.ui.core.Icon{\"src\":{\"regex\":{\"source\":\"slim\\\\-arrow\\\\-right\"}}}"}]}
RESULT: {"script":"<script> [1562 bytes]","args":[{"selector":{"controlType":"sap.ui.core.Icon","viewName":"etm.portal.ui.managestatesandperformance.view.Master","viewId":"application-managestatesandperformance-display-component---stateAndPerform","properties":{"src":{"regex":{"source":"slim\\-arrow\\-right"}}}},"wdio_ui5_key":"etmportal.ui.managestatesandperformance.view.Mastersap.ui.core.Icon{\"src\":{\"regex\":{\"source\":\"slim\\\\-arrow\\\\-right\"}}}"}]}
RESULT: undefined
COMMAND: POST /session/0a56c8b3fe23980ff89a5571a3a07e32/element - {"using":"xpath","value":"//*[@id=\"__item2180-__clone3984-imgNav\"]"}
RESULT: {"using":"xpath","value":"//*[@id=\"__item2180-__clone3984-imgNav\"]"}
COMMAND: POST /session/0a56c8b3fe23980ff89a5571a3a07e32/element/f.8BC31031A8A77F81AA6DDAE562E569BF.d.562AB348072D6B7598B94C1D0A55A296.e.19073/click - {}
RESULT: {}
COMMAND: GET /session/0a56c8b3fe23980ff89a5571a3a07e32/screenshot - {}
RESULT: {}
COMMAND: POST /session/0a56c8b3fe23980ff89a5571a3a07e32/execute/async - {"script":"<script> [1562 bytes]","args":[{"selector":{"controlType":"sap.m.Button","viewName":"etm.portal.ui.managestatesandperformance.view.Detail","viewId":"application-managestatesandperformance-display-component---detailStateAndPerform","properties":{"text":"Performance Documents"}},"wdio_ui5_key":"etmportal.ui.managestatesandperformance.view.Detailsap.m.Button{\"text\":\"Performance Documents\"}"}]}
RESULT: {"script":"<script> [1562 bytes]","args":[{"selector":{"controlType":"sap.m.Button","viewName":"etm.portal.ui.managestatesandperformance.view.Detail","viewId":"application-managestatesandperformance-display-component---detailStateAndPerform","properties":{"text":"Performance Documents"}},"wdio_ui5_key":"etmportal.ui.managestatesandperformance.view.Detailsap.m.Button{\"text\":\"Performance Documents\"}"}]}
RESULT: undefined
COMMAND: POST /session/0a56c8b3fe23980ff89a5571a3a07e32/element - {"using":"xpath","value":"//*[@id=\"__item2203-button\"]"}
RESULT: {"using":"xpath","value":"//*[@id=\"__item2203-button\"]"}
COMMAND: POST /session/0a56c8b3fe23980ff89a5571a3a07e32/element/f.8BC31031A8A77F81AA6DDAE562E569BF.d.562AB348072D6B7598B94C1D0A55A296.e.19119/click - {}
RESULT: {}
COMMAND: POST /session/0a56c8b3fe23980ff89a5571a3a07e32/execute/async - {"script":"<script> [1562 bytes]","args":[{"selector":{"controlType":"sap.m.Button","viewName":"etm.portal.ui.managestatesandperformance.view.Detail","viewId":"application-managestatesandperformance-display-component---detailStateAndPerform","i18NText":{"propertyName":"text","key":"createPerformanceDoc"},"interaction":{"idSuffix":"BDI-content"}},"wdio_ui5_key":"etmportal.ui.managestatesandperformance.view.Detailsap.m.Button{\"propertyName\":\"text\",\"key\":\"createPerformanceDoc\"}"}]}
COMMAND: GET /session/0a56c8b3fe23980ff89a5571a3a07e32/screenshot - {}
RESULT: {"script":"<script> [1562 bytes]","args":[{"selector":{"controlType":"sap.m.Button","viewName":"etm.portal.ui.managestatesandperformance.view.Detail","viewId":"application-managestatesandperformance-display-component---detailStateAndPerform","i18NText":{"propertyName":"text","key":"createPerformanceDoc"},"interaction":{"idSuffix":"BDI-content"}},"wdio_ui5_key":"etmportal.ui.managestatesandperformance.view.Detailsap.m.Button{\"propertyName\":\"text\",\"key\":\"createPerformanceDoc\"}"}]}
RESULT: undefined
COMMAND: POST /session/0a56c8b3fe23980ff89a5571a3a07e32/element - {"using":"xpath","value":"//*[@id=\"__button417\"]"}
RESULT: {}
RESULT: {"using":"xpath","value":"//*[@id=\"__button417\"]"}
COMMAND: POST /session/0a56c8b3fe23980ff89a5571a3a07e32/element/f.8BC31031A8A77F81AA6DDAE562E569BF.d.562AB348072D6B7598B94C1D0A55A296.e.19122/click - {}
RESULT: {}
COMMAND: POST /session/0a56c8b3fe23980ff89a5571a3a07e32/execute/async - {"script":"<script> [1562 bytes]","args":[{"selector":{"id":"application-managestatesandperformance-display-component---detailStateAndPerform--perfDocDatePicker","searchOpenDialogs":true,"interaction":{"idSuffix":"inner"}},"wdio_ui5_key":"applicationmanagestatesandperformance-display-component---detailStateAndPerform--perfDocDatePicker"}]}
COMMAND: GET /session/0a56c8b3fe23980ff89a5571a3a07e32/screenshot - {}
RESULT: {"script":"<script> [1562 bytes]","args":[{"selector":{"id":"application-managestatesandperformance-display-component---detailStateAndPerform--perfDocDatePicker","searchOpenDialogs":true,"interaction":{"idSuffix":"inner"}},"wdio_ui5_key":"applicationmanagestatesandperformance-display-component---detailStateAndPerform--perfDocDatePicker"}]}
RESULT: undefined
COMMAND: POST /session/0a56c8b3fe23980ff89a5571a3a07e32/execute/async - {"script":"<script> [776 bytes]","args":[{"enterText":"5/28/25","selector":{"id":"application-managestatesandperformance-display-component---detailStateAndPerform--perfDocDatePicker","searchOpenDialogs":true,"interaction":{"idSuffix":"inner"}},"clearTextFirst":true,"interactionType":"ENTER_TEXT"}]}
RESULT: {}
RESULT: {"script":"<script> [776 bytes]","args":[{"enterText":"5/28/25","selector":{"id":"application-managestatesandperformance-display-component---detailStateAndPerform--perfDocDatePicker","searchOpenDialogs":true,"interaction":{"idSuffix":"inner"}},"clearTextFirst":true,"interactionType":"ENTER_TEXT"}]}
COMMAND: POST /session/0a56c8b3fe23980ff89a5571a3a07e32/execute/async - {"script":"<script> [1562 bytes]","args":[{"selector":{"id":"application-managestatesandperformance-display-component---detailStateAndPerform--counterValue-input","searchOpenDialogs":true,"interaction":{"idSuffix":"inner"}},"wdio_ui5_key":"applicationmanagestatesandperformance-display-component---detailStateAndPerform--counterValue-input"}]}
RESULT: {"script":"<script> [1562 bytes]","args":[{"selector":{"id":"application-managestatesandperformance-display-component---detailStateAndPerform--counterValue-input","searchOpenDialogs":true,"interaction":{"idSuffix":"inner"}},"wdio_ui5_key":"applicationmanagestatesandperformance-display-component---detailStateAndPerform--counterValue-input"}]}
RESULT: undefined
COMMAND: POST /session/0a56c8b3fe23980ff89a5571a3a07e32/execute/async - {"script":"<script> [776 bytes]","args":[{"enterText":"15.00","selector":{"id":"application-managestatesandperformance-display-component---detailStateAndPerform--counterValue-input","searchOpenDialogs":true,"interaction":{"idSuffix":"inner"}},"clearTextFirst":true,"interactionType":"ENTER_TEXT"}]}
RESULT: {"script":"<script> [776 bytes]","args":[{"enterText":"15.00","selector":{"id":"application-managestatesandperformance-display-component---detailStateAndPerform--counterValue-input","searchOpenDialogs":true,"interaction":{"idSuffix":"inner"}},"clearTextFirst":true,"interactionType":"ENTER_TEXT"}]}
COMMAND: POST /session/0a56c8b3fe23980ff89a5571a3a07e32/execute/async - {"script":"<script> [1562 bytes]","args":[{"selector":{"controlType":"sap.m.Button","viewName":"etm.portal.ui.managestatesandperformance.view.Detail","viewId":"application-managestatesandperformance-display-component---detailStateAndPerform","bindingPath":{"path":"","propertyPath":"/allowAddEdit","modelName":"oScreenModel"},"searchOpenDialogs":true,"interaction":{"idSuffix":"BDI-content"}},"wdio_ui5_key":"etmportal.ui.managestatesandperformance.view.Detailsap.m.Button{\"path\":\"\",\"propertyPath\":\"/allowAddEdit\",\"modelName\":\"oScreenModel\"}"}]}
RESULT: {"script":"<script> [1562 bytes]","args":[{"selector":{"controlType":"sap.m.Button","viewName":"etm.portal.ui.managestatesandperformance.view.Detail","viewId":"application-managestatesandperformance-display-component---detailStateAndPerform","bindingPath":{"path":"","propertyPath":"/allowAddEdit","modelName":"oScreenModel"},"searchOpenDialogs":true,"interaction":{"idSuffix":"BDI-content"}},"wdio_ui5_key":"etmportal.ui.managestatesandperformance.view.Detailsap.m.Button{\"path\":\"\",\"propertyPath\":\"/allowAddEdit\",\"modelName\":\"oScreenModel\"}"}]}
RESULT: undefined
COMMAND: POST /session/0a56c8b3fe23980ff89a5571a3a07e32/element - {"using":"xpath","value":"//*[@id=\"__button424\"]"}
RESULT: {"using":"xpath","value":"//*[@id=\"__button424\"]"}
COMMAND: POST /session/0a56c8b3fe23980ff89a5571a3a07e32/element/f.8BC31031A8A77F81AA6DDAE562E569BF.d.562AB348072D6B7598B94C1D0A55A296.e.19137/click - {}
RESULT: {}
RESULT: undefined
COMMAND: POST /session/0a56c8b3fe23980ff89a5571a3a07e32/element - {"using":"xpath","value":"//*[@id=\"__button417\"]"}
COMMAND: GET /session/0a56c8b3fe23980ff89a5571a3a07e32/screenshot - {}
RESULT: {"using":"xpath","value":"//*[@id=\"__button417\"]"}
COMMAND: POST /session/0a56c8b3fe23980ff89a5571a3a07e32/element/f.8BC31031A8A77F81AA6DDAE562E569BF.d.562AB348072D6B7598B94C1D0A55A296.e.19122/click - {}
RESULT: {}
RESULT: {}
RESULT: undefined
COMMAND: POST /session/0a56c8b3fe23980ff89a5571a3a07e32/execute/async - {"script":"<script> [776 bytes]","args":[{"enterText":"6/1/25","selector":{"id":"application-managestatesandperformance-display-component---detailStateAndPerform--perfDocDatePicker","searchOpenDialogs":true,"interaction":{"idSuffix":"inner"}},"clearTextFirst":true,"interactionType":"ENTER_TEXT"}]}
COMMAND: GET /session/0a56c8b3fe23980ff89a5571a3a07e32/screenshot - {}
RESULT: {"script":"<script> [776 bytes]","args":[{"enterText":"6/1/25","selector":{"id":"application-managestatesandperformance-display-component---detailStateAndPerform--perfDocDatePicker","searchOpenDialogs":true,"interaction":{"idSuffix":"inner"}},"clearTextFirst":true,"interactionType":"ENTER_TEXT"}]}
RESULT: undefined
COMMAND: POST /session/0a56c8b3fe23980ff89a5571a3a07e32/execute/async - {"script":"<script> [776 bytes]","args":[{"enterText":"20.00","selector":{"id":"application-managestatesandperformance-display-component---detailStateAndPerform--counterValue-input","searchOpenDialogs":true,"interaction":{"idSuffix":"inner"}},"clearTextFirst":true,"interactionType":"ENTER_TEXT"}]}
RESULT: {}
RESULT: {"script":"<script> [776 bytes]","args":[{"enterText":"20.00","selector":{"id":"application-managestatesandperformance-display-component---detailStateAndPerform--counterValue-input","searchOpenDialogs":true,"interaction":{"idSuffix":"inner"}},"clearTextFirst":true,"interactionType":"ENTER_TEXT"}]}
COMMAND: POST /session/0a56c8b3fe23980ff89a5571a3a07e32/actions - {"actions":[{"id":"action65","type":"key","parameters":{},"actions":[{"type":"keyDown","value":""},{"type":"keyDown","value":""},{"type":"pause","duration":10},{"type":"keyUp","value":""},{"type":"keyUp","value":""}]}]}
RESULT: {"actions":[{"id":"action65","type":"key","parameters":{},"actions":[{"type":"keyDown","value":""},{"type":"keyDown","value":""},{"type":"pause","duration":10},{"type":"keyUp","value":""},{"type":"keyUp","value":""}]}]}
COMMAND: POST /session/0a56c8b3fe23980ff89a5571a3a07e32/actions - {"actions":[{"id":"action66","type":"key","parameters":{},"actions":[{"type":"keyDown","value":""},{"type":"pause","duration":10},{"type":"keyUp","value":""}]}]}
COMMAND: GET /session/0a56c8b3fe23980ff89a5571a3a07e32/screenshot - {}
RESULT: {"actions":[{"id":"action66","type":"key","parameters":{},"actions":[{"type":"keyDown","value":""},{"type":"pause","duration":10},{"type":"keyUp","value":""}]}]}
RESULT: undefined
COMMAND: POST /session/0a56c8b3fe23980ff89a5571a3a07e32/element - {"using":"xpath","value":"//*[@id=\"__button424\"]"}
COMMAND: GET /session/0a56c8b3fe23980ff89a5571a3a07e32/screenshot - {}
RESULT: {}
RESULT: {"using":"xpath","value":"//*[@id=\"__button424\"]"}
COMMAND: POST /session/0a56c8b3fe23980ff89a5571a3a07e32/elements - {"using":"xpath","value":"//*[@id=\"__button424\"]"}
RESULT: {}
RESULT: {"using":"xpath","value":"//*[@id=\"__button424\"]"}
COMMAND: POST /session/0a56c8b3fe23980ff89a5571a3a07e32/elements - {"using":"xpath","value":"//*[@id=\"__button424\"]"}
RESULT: {"using":"xpath","value":"//*[@id=\"__button424\"]"}
COMMAND: POST /session/0a56c8b3fe23980ff89a5571a3a07e32/elements - {"using":"xpath","value":"//*[@id=\"__button424\"]"}
RESULT: {"using":"xpath","value":"//*[@id=\"__button424\"]"}
COMMAND: POST /session/0a56c8b3fe23980ff89a5571a3a07e32/elements - {"using":"xpath","value":"//*[@id=\"__button424\"]"}
RESULT: {"using":"xpath","value":"//*[@id=\"__button424\"]"}
COMMAND: POST /session/0a56c8b3fe23980ff89a5571a3a07e32/elements - {"using":"xpath","value":"//*[@id=\"__button424\"]"}
RESULT: {"using":"xpath","value":"//*[@id=\"__button424\"]"}
COMMAND: POST /session/0a56c8b3fe23980ff89a5571a3a07e32/elements - {"using":"xpath","value":"//*[@id=\"__button424\"]"}
RESULT: {"using":"xpath","value":"//*[@id=\"__button424\"]"}
COMMAND: POST /session/0a56c8b3fe23980ff89a5571a3a07e32/elements - {"using":"xpath","value":"//*[@id=\"__button424\"]"}
RESULT: {"using":"xpath","value":"//*[@id=\"__button424\"]"}
COMMAND: POST /session/0a56c8b3fe23980ff89a5571a3a07e32/elements - {"using":"xpath","value":"//*[@id=\"__button424\"]"}
RESULT: {"using":"xpath","value":"//*[@id=\"__button424\"]"}
COMMAND: POST /session/0a56c8b3fe23980ff89a5571a3a07e32/elements - {"using":"xpath","value":"//*[@id=\"__button424\"]"}
RESULT: {"using":"xpath","value":"//*[@id=\"__button424\"]"}
COMMAND: POST /session/0a56c8b3fe23980ff89a5571a3a07e32/elements - {"using":"xpath","value":"//*[@id=\"__button424\"]"}
RESULT: {"using":"xpath","value":"//*[@id=\"__button424\"]"}
COMMAND: POST /session/0a56c8b3fe23980ff89a5571a3a07e32/elements - {"using":"xpath","value":"//*[@id=\"__button424\"]"}
RESULT: {"using":"xpath","value":"//*[@id=\"__button424\"]"}
COMMAND: POST /session/0a56c8b3fe23980ff89a5571a3a07e32/elements - {"using":"xpath","value":"//*[@id=\"__button424\"]"}
RESULT: {"using":"xpath","value":"//*[@id=\"__button424\"]"}
COMMAND: POST /session/0a56c8b3fe23980ff89a5571a3a07e32/elements - {"using":"xpath","value":"//*[@id=\"__button424\"]"}
RESULT: {"using":"xpath","value":"//*[@id=\"__button424\"]"}
COMMAND: POST /session/0a56c8b3fe23980ff89a5571a3a07e32/elements - {"using":"xpath","value":"//*[@id=\"__button424\"]"}
RESULT: {"using":"xpath","value":"//*[@id=\"__button424\"]"}
COMMAND: POST /session/0a56c8b3fe23980ff89a5571a3a07e32/elements - {"using":"xpath","value":"//*[@id=\"__button424\"]"}
RESULT: {"using":"xpath","value":"//*[@id=\"__button424\"]"}
COMMAND: POST /session/0a56c8b3fe23980ff89a5571a3a07e32/elements - {"using":"xpath","value":"//*[@id=\"__button424\"]"}
RESULT: {"using":"xpath","value":"//*[@id=\"__button424\"]"}
COMMAND: POST /session/0a56c8b3fe23980ff89a5571a3a07e32/elements - {"using":"xpath","value":"//*[@id=\"__button424\"]"}
RESULT: {"using":"xpath","value":"//*[@id=\"__button424\"]"}
COMMAND: POST /session/0a56c8b3fe23980ff89a5571a3a07e32/elements - {"using":"xpath","value":"//*[@id=\"__button424\"]"}
RESULT: {"using":"xpath","value":"//*[@id=\"__button424\"]"}
COMMAND: POST /session/0a56c8b3fe23980ff89a5571a3a07e32/elements - {"using":"xpath","value":"//*[@id=\"__button424\"]"}
RESULT: {"using":"xpath","value":"//*[@id=\"__button424\"]"}
COMMAND: POST /session/0a56c8b3fe23980ff89a5571a3a07e32/elements - {"using":"xpath","value":"//*[@id=\"__button424\"]"}
RESULT: {"using":"xpath","value":"//*[@id=\"__button424\"]"}
COMMAND: POST /session/0a56c8b3fe23980ff89a5571a3a07e32/elements - {"using":"xpath","value":"//*[@id=\"__button424\"]"}
RESULT: {"using":"xpath","value":"//*[@id=\"__button424\"]"}
COMMAND: POST /session/0a56c8b3fe23980ff89a5571a3a07e32/elements - {"using":"xpath","value":"//*[@id=\"__button424\"]"}
RESULT: {"using":"xpath","value":"//*[@id=\"__button424\"]"}
COMMAND: POST /session/0a56c8b3fe23980ff89a5571a3a07e32/elements - {"using":"xpath","value":"//*[@id=\"__button424\"]"}
RESULT: {"using":"xpath","value":"//*[@id=\"__button424\"]"}
COMMAND: POST /session/0a56c8b3fe23980ff89a5571a3a07e32/elements - {"using":"xpath","value":"//*[@id=\"__button424\"]"}
RESULT: {"using":"xpath","value":"//*[@id=\"__button424\"]"}
COMMAND: POST /session/0a56c8b3fe23980ff89a5571a3a07e32/elements - {"using":"xpath","value":"//*[@id=\"__button424\"]"}
RESULT: {"using":"xpath","value":"//*[@id=\"__button424\"]"}
COMMAND: POST /session/0a56c8b3fe23980ff89a5571a3a07e32/elements - {"using":"xpath","value":"//*[@id=\"__button424\"]"}
RESULT: {"using":"xpath","value":"//*[@id=\"__button424\"]"}
COMMAND: POST /session/0a56c8b3fe23980ff89a5571a3a07e32/elements - {"using":"xpath","value":"//*[@id=\"__button424\"]"}
RESULT: {"using":"xpath","value":"//*[@id=\"__button424\"]"}
COMMAND: POST /session/0a56c8b3fe23980ff89a5571a3a07e32/elements - {"using":"xpath","value":"//*[@id=\"__button424\"]"}
RESULT: {"using":"xpath","value":"//*[@id=\"__button424\"]"}
COMMAND: POST /session/0a56c8b3fe23980ff89a5571a3a07e32/elements - {"using":"xpath","value":"//*[@id=\"__button424\"]"}
RESULT: {"using":"xpath","value":"//*[@id=\"__button424\"]"}
COMMAND: POST /session/0a56c8b3fe23980ff89a5571a3a07e32/elements - {"using":"xpath","value":"//*[@id=\"__button424\"]"}
RESULT: {"using":"xpath","value":"//*[@id=\"__button424\"]"}
COMMAND: POST /session/0a56c8b3fe23980ff89a5571a3a07e32/elements - {"using":"xpath","value":"//*[@id=\"__button424\"]"}
RESULT: {"using":"xpath","value":"//*[@id=\"__button424\"]"}
COMMAND: POST /session/0a56c8b3fe23980ff89a5571a3a07e32/elements - {"using":"xpath","value":"//*[@id=\"__button424\"]"}
RESULT: {"using":"xpath","value":"//*[@id=\"__button424\"]"}
COMMAND: POST /session/0a56c8b3fe23980ff89a5571a3a07e32/elements - {"using":"xpath","value":"//*[@id=\"__button424\"]"}
RESULT: {"using":"xpath","value":"//*[@id=\"__button424\"]"}
COMMAND: POST /session/0a56c8b3fe23980ff89a5571a3a07e32/elements - {"using":"xpath","value":"//*[@id=\"__button424\"]"}
RESULT: {"using":"xpath","value":"//*[@id=\"__button424\"]"}
COMMAND: POST /session/0a56c8b3fe23980ff89a5571a3a07e32/elements - {"using":"xpath","value":"//*[@id=\"__button424\"]"}
RESULT: {"using":"xpath","value":"//*[@id=\"__button424\"]"}
COMMAND: POST /session/0a56c8b3fe23980ff89a5571a3a07e32/elements - {"using":"xpath","value":"//*[@id=\"__button424\"]"}
RESULT: {"using":"xpath","value":"//*[@id=\"__button424\"]"}
COMMAND: POST /session/0a56c8b3fe23980ff89a5571a3a07e32/elements - {"using":"xpath","value":"//*[@id=\"__button424\"]"}
RESULT: {"using":"xpath","value":"//*[@id=\"__button424\"]"}
COMMAND: POST /session/0a56c8b3fe23980ff89a5571a3a07e32/elements - {"using":"xpath","value":"//*[@id=\"__button424\"]"}
RESULT: {"using":"xpath","value":"//*[@id=\"__button424\"]"}
COMMAND: POST /session/0a56c8b3fe23980ff89a5571a3a07e32/elements - {"using":"xpath","value":"//*[@id=\"__button424\"]"}
RESULT: {"using":"xpath","value":"//*[@id=\"__button424\"]"}
COMMAND: POST /session/0a56c8b3fe23980ff89a5571a3a07e32/elements - {"using":"xpath","value":"//*[@id=\"__button424\"]"}
RESULT: {"using":"xpath","value":"//*[@id=\"__button424\"]"}
COMMAND: POST /session/0a56c8b3fe23980ff89a5571a3a07e32/elements - {"using":"xpath","value":"//*[@id=\"__button424\"]"}
RESULT: {"using":"xpath","value":"//*[@id=\"__button424\"]"}
COMMAND: POST /session/0a56c8b3fe23980ff89a5571a3a07e32/elements - {"using":"xpath","value":"//*[@id=\"__button424\"]"}
RESULT: {"using":"xpath","value":"//*[@id=\"__button424\"]"}
COMMAND: POST /session/0a56c8b3fe23980ff89a5571a3a07e32/elements - {"using":"xpath","value":"//*[@id=\"__button424\"]"}
RESULT: {"using":"xpath","value":"//*[@id=\"__button424\"]"}
COMMAND: POST /session/0a56c8b3fe23980ff89a5571a3a07e32/elements - {"using":"xpath","value":"//*[@id=\"__button424\"]"}
RESULT: {"using":"xpath","value":"//*[@id=\"__button424\"]"}
COMMAND: POST /session/0a56c8b3fe23980ff89a5571a3a07e32/elements - {"using":"xpath","value":"//*[@id=\"__button424\"]"}
RESULT: {"using":"xpath","value":"//*[@id=\"__button424\"]"}
COMMAND: POST /session/0a56c8b3fe23980ff89a5571a3a07e32/elements - {"using":"xpath","value":"//*[@id=\"__button424\"]"}
RESULT: {"using":"xpath","value":"//*[@id=\"__button424\"]"}
COMMAND: POST /session/0a56c8b3fe23980ff89a5571a3a07e32/elements - {"using":"xpath","value":"//*[@id=\"__button424\"]"}
RESULT: {"using":"xpath","value":"//*[@id=\"__button424\"]"}
COMMAND: POST /session/0a56c8b3fe23980ff89a5571a3a07e32/elements - {"using":"xpath","value":"//*[@id=\"__button424\"]"}
RESULT: {"using":"xpath","value":"//*[@id=\"__button424\"]"}
COMMAND: POST /session/0a56c8b3fe23980ff89a5571a3a07e32/elements - {"using":"xpath","value":"//*[@id=\"__button424\"]"}
RESULT: {"using":"xpath","value":"//*[@id=\"__button424\"]"}
COMMAND: POST /session/0a56c8b3fe23980ff89a5571a3a07e32/elements - {"using":"xpath","value":"//*[@id=\"__button424\"]"}
RESULT: {"using":"xpath","value":"//*[@id=\"__button424\"]"}
COMMAND: POST /session/0a56c8b3fe23980ff89a5571a3a07e32/elements - {"using":"xpath","value":"//*[@id=\"__button424\"]"}
RESULT: {"using":"xpath","value":"//*[@id=\"__button424\"]"}
COMMAND: POST /session/0a56c8b3fe23980ff89a5571a3a07e32/elements - {"using":"xpath","value":"//*[@id=\"__button424\"]"}
RESULT: {"using":"xpath","value":"//*[@id=\"__button424\"]"}
COMMAND: POST /session/0a56c8b3fe23980ff89a5571a3a07e32/elements - {"using":"xpath","value":"//*[@id=\"__button424\"]"}
RESULT: {"using":"xpath","value":"//*[@id=\"__button424\"]"}
COMMAND: POST /session/0a56c8b3fe23980ff89a5571a3a07e32/elements - {"using":"xpath","value":"//*[@id=\"__button424\"]"}
RESULT: {"using":"xpath","value":"//*[@id=\"__button424\"]"}
COMMAND: POST /session/0a56c8b3fe23980ff89a5571a3a07e32/elements - {"using":"xpath","value":"//*[@id=\"__button424\"]"}
RESULT: {"using":"xpath","value":"//*[@id=\"__button424\"]"}
COMMAND: POST /session/0a56c8b3fe23980ff89a5571a3a07e32/elements - {"using":"xpath","value":"//*[@id=\"__button424\"]"}
RESULT: {"using":"xpath","value":"//*[@id=\"__button424\"]"}
COMMAND: POST /session/0a56c8b3fe23980ff89a5571a3a07e32/elements - {"using":"xpath","value":"//*[@id=\"__button424\"]"}
RESULT: {"using":"xpath","value":"//*[@id=\"__button424\"]"}
COMMAND: POST /session/0a56c8b3fe23980ff89a5571a3a07e32/elements - {"using":"xpath","value":"//*[@id=\"__button424\"]"}
RESULT: {"using":"xpath","value":"//*[@id=\"__button424\"]"}
COMMAND: POST /session/0a56c8b3fe23980ff89a5571a3a07e32/elements - {"using":"xpath","value":"//*[@id=\"__button424\"]"}
RESULT: {"using":"xpath","value":"//*[@id=\"__button424\"]"}
COMMAND: POST /session/0a56c8b3fe23980ff89a5571a3a07e32/elements - {"using":"xpath","value":"//*[@id=\"__button424\"]"}
RESULT: {"using":"xpath","value":"//*[@id=\"__button424\"]"}
COMMAND: POST /session/0a56c8b3fe23980ff89a5571a3a07e32/elements - {"using":"xpath","value":"//*[@id=\"__button424\"]"}
RESULT: {"using":"xpath","value":"//*[@id=\"__button424\"]"}
COMMAND: POST /session/0a56c8b3fe23980ff89a5571a3a07e32/elements - {"using":"xpath","value":"//*[@id=\"__button424\"]"}
RESULT: {"using":"xpath","value":"//*[@id=\"__button424\"]"}
COMMAND: POST /session/0a56c8b3fe23980ff89a5571a3a07e32/elements - {"using":"xpath","value":"//*[@id=\"__button424\"]"}
RESULT: {"using":"xpath","value":"//*[@id=\"__button424\"]"}
COMMAND: POST /session/0a56c8b3fe23980ff89a5571a3a07e32/elements - {"using":"xpath","value":"//*[@id=\"__button424\"]"}
RESULT: {"using":"xpath","value":"//*[@id=\"__button424\"]"}
COMMAND: POST /session/0a56c8b3fe23980ff89a5571a3a07e32/elements - {"using":"xpath","value":"//*[@id=\"__button424\"]"}
RESULT: {"using":"xpath","value":"//*[@id=\"__button424\"]"}
COMMAND: POST /session/0a56c8b3fe23980ff89a5571a3a07e32/elements - {"using":"xpath","value":"//*[@id=\"__button424\"]"}
RESULT: {"using":"xpath","value":"//*[@id=\"__button424\"]"}
COMMAND: POST /session/0a56c8b3fe23980ff89a5571a3a07e32/elements - {"using":"xpath","value":"//*[@id=\"__button424\"]"}
RESULT: {"using":"xpath","value":"//*[@id=\"__button424\"]"}
COMMAND: POST /session/0a56c8b3fe23980ff89a5571a3a07e32/elements - {"using":"xpath","value":"//*[@id=\"__button424\"]"}
RESULT: {"using":"xpath","value":"//*[@id=\"__button424\"]"}
COMMAND: POST /session/0a56c8b3fe23980ff89a5571a3a07e32/elements - {"using":"xpath","value":"//*[@id=\"__button424\"]"}
RESULT: {"using":"xpath","value":"//*[@id=\"__button424\"]"}
COMMAND: POST /session/0a56c8b3fe23980ff89a5571a3a07e32/elements - {"using":"xpath","value":"//*[@id=\"__button424\"]"}
RESULT: {"using":"xpath","value":"//*[@id=\"__button424\"]"}
COMMAND: POST /session/0a56c8b3fe23980ff89a5571a3a07e32/elements - {"using":"xpath","value":"//*[@id=\"__button424\"]"}
RESULT: {"using":"xpath","value":"//*[@id=\"__button424\"]"}
COMMAND: POST /session/0a56c8b3fe23980ff89a5571a3a07e32/elements - {"using":"xpath","value":"//*[@id=\"__button424\"]"}
RESULT: {"using":"xpath","value":"//*[@id=\"__button424\"]"}
COMMAND: POST /session/0a56c8b3fe23980ff89a5571a3a07e32/elements - {"using":"xpath","value":"//*[@id=\"__button424\"]"}
RESULT: {"using":"xpath","value":"//*[@id=\"__button424\"]"}
COMMAND: POST /session/0a56c8b3fe23980ff89a5571a3a07e32/elements - {"using":"xpath","value":"//*[@id=\"__button424\"]"}
RESULT: {"using":"xpath","value":"//*[@id=\"__button424\"]"}
COMMAND: POST /session/0a56c8b3fe23980ff89a5571a3a07e32/elements - {"using":"xpath","value":"//*[@id=\"__button424\"]"}
RESULT: {"using":"xpath","value":"//*[@id=\"__button424\"]"}
COMMAND: POST /session/0a56c8b3fe23980ff89a5571a3a07e32/elements - {"using":"xpath","value":"//*[@id=\"__button424\"]"}
RESULT: {"using":"xpath","value":"//*[@id=\"__button424\"]"}
COMMAND: POST /session/0a56c8b3fe23980ff89a5571a3a07e32/elements - {"using":"xpath","value":"//*[@id=\"__button424\"]"}
RESULT: {"using":"xpath","value":"//*[@id=\"__button424\"]"}
COMMAND: POST /session/0a56c8b3fe23980ff89a5571a3a07e32/elements - {"using":"xpath","value":"//*[@id=\"__button424\"]"}
RESULT: {"using":"xpath","value":"//*[@id=\"__button424\"]"}
COMMAND: POST /session/0a56c8b3fe23980ff89a5571a3a07e32/elements - {"using":"xpath","value":"//*[@id=\"__button424\"]"}
RESULT: {"using":"xpath","value":"//*[@id=\"__button424\"]"}
COMMAND: POST /session/0a56c8b3fe23980ff89a5571a3a07e32/elements - {"using":"xpath","value":"//*[@id=\"__button424\"]"}
RESULT: {"using":"xpath","value":"//*[@id=\"__button424\"]"}
COMMAND: POST /session/0a56c8b3fe23980ff89a5571a3a07e32/elements - {"using":"xpath","value":"//*[@id=\"__button424\"]"}
RESULT: {"using":"xpath","value":"//*[@id=\"__button424\"]"}
COMMAND: POST /session/0a56c8b3fe23980ff89a5571a3a07e32/elements - {"using":"xpath","value":"//*[@id=\"__button424\"]"}
RESULT: {"using":"xpath","value":"//*[@id=\"__button424\"]"}
COMMAND: POST /session/0a56c8b3fe23980ff89a5571a3a07e32/elements - {"using":"xpath","value":"//*[@id=\"__button424\"]"}
RESULT: {"using":"xpath","value":"//*[@id=\"__button424\"]"}
COMMAND: POST /session/0a56c8b3fe23980ff89a5571a3a07e32/elements - {"using":"xpath","value":"//*[@id=\"__button424\"]"}
RESULT: {"using":"xpath","value":"//*[@id=\"__button424\"]"}
COMMAND: POST /session/0a56c8b3fe23980ff89a5571a3a07e32/elements - {"using":"xpath","value":"//*[@id=\"__button424\"]"}
RESULT: {"using":"xpath","value":"//*[@id=\"__button424\"]"}
COMMAND: POST /session/0a56c8b3fe23980ff89a5571a3a07e32/elements - {"using":"xpath","value":"//*[@id=\"__button424\"]"}
RESULT: {"using":"xpath","value":"//*[@id=\"__button424\"]"}
COMMAND: POST /session/0a56c8b3fe23980ff89a5571a3a07e32/elements - {"using":"xpath","value":"//*[@id=\"__button424\"]"}
RESULT: {"using":"xpath","value":"//*[@id=\"__button424\"]"}
COMMAND: POST /session/0a56c8b3fe23980ff89a5571a3a07e32/elements - {"using":"xpath","value":"//*[@id=\"__button424\"]"}
RESULT: {"using":"xpath","value":"//*[@id=\"__button424\"]"}
COMMAND: POST /session/0a56c8b3fe23980ff89a5571a3a07e32/elements - {"using":"xpath","value":"//*[@id=\"__button424\"]"}
RESULT: {"using":"xpath","value":"//*[@id=\"__button424\"]"}
COMMAND: POST /session/0a56c8b3fe23980ff89a5571a3a07e32/elements - {"using":"xpath","value":"//*[@id=\"__button424\"]"}
RESULT: {"using":"xpath","value":"//*[@id=\"__button424\"]"}
COMMAND: POST /session/0a56c8b3fe23980ff89a5571a3a07e32/elements - {"using":"xpath","value":"//*[@id=\"__button424\"]"}
RESULT: {"using":"xpath","value":"//*[@id=\"__button424\"]"}
COMMAND: POST /session/0a56c8b3fe23980ff89a5571a3a07e32/elements - {"using":"xpath","value":"//*[@id=\"__button424\"]"}
RESULT: {"using":"xpath","value":"//*[@id=\"__button424\"]"}
COMMAND: POST /session/0a56c8b3fe23980ff89a5571a3a07e32/elements - {"using":"xpath","value":"//*[@id=\"__button424\"]"}
RESULT: {"using":"xpath","value":"//*[@id=\"__button424\"]"}
COMMAND: POST /session/0a56c8b3fe23980ff89a5571a3a07e32/elements - {"using":"xpath","value":"//*[@id=\"__button424\"]"}
RESULT: {"using":"xpath","value":"//*[@id=\"__button424\"]"}
COMMAND: POST /session/0a56c8b3fe23980ff89a5571a3a07e32/elements - {"using":"xpath","value":"//*[@id=\"__button424\"]"}
RESULT: {"using":"xpath","value":"//*[@id=\"__button424\"]"}
COMMAND: POST /session/0a56c8b3fe23980ff89a5571a3a07e32/elements - {"using":"xpath","value":"//*[@id=\"__button424\"]"}
RESULT: {"using":"xpath","value":"//*[@id=\"__button424\"]"}
COMMAND: POST /session/0a56c8b3fe23980ff89a5571a3a07e32/elements - {"using":"xpath","value":"//*[@id=\"__button424\"]"}
RESULT: {"using":"xpath","value":"//*[@id=\"__button424\"]"}
COMMAND: POST /session/0a56c8b3fe23980ff89a5571a3a07e32/elements - {"using":"xpath","value":"//*[@id=\"__button424\"]"}
RESULT: {"using":"xpath","value":"//*[@id=\"__button424\"]"}
COMMAND: POST /session/0a56c8b3fe23980ff89a5571a3a07e32/elements - {"using":"xpath","value":"//*[@id=\"__button424\"]"}
RESULT: {"using":"xpath","value":"//*[@id=\"__button424\"]"}
COMMAND: POST /session/0a56c8b3fe23980ff89a5571a3a07e32/elements - {"using":"xpath","value":"//*[@id=\"__button424\"]"}
RESULT: {"using":"xpath","value":"//*[@id=\"__button424\"]"}
COMMAND: POST /session/0a56c8b3fe23980ff89a5571a3a07e32/elements - {"using":"xpath","value":"//*[@id=\"__button424\"]"}
RESULT: {"using":"xpath","value":"//*[@id=\"__button424\"]"}
COMMAND: POST /session/0a56c8b3fe23980ff89a5571a3a07e32/elements - {"using":"xpath","value":"//*[@id=\"__button424\"]"}
RESULT: {"using":"xpath","value":"//*[@id=\"__button424\"]"}
COMMAND: POST /session/0a56c8b3fe23980ff89a5571a3a07e32/elements - {"using":"xpath","value":"//*[@id=\"__button424\"]"}
RESULT: {"using":"xpath","value":"//*[@id=\"__button424\"]"}
COMMAND: POST /session/0a56c8b3fe23980ff89a5571a3a07e32/elements - {"using":"xpath","value":"//*[@id=\"__button424\"]"}
RESULT: {"using":"xpath","value":"//*[@id=\"__button424\"]"}
COMMAND: POST /session/0a56c8b3fe23980ff89a5571a3a07e32/elements - {"using":"xpath","value":"//*[@id=\"__button424\"]"}
RESULT: {"using":"xpath","value":"//*[@id=\"__button424\"]"}
COMMAND: POST /session/0a56c8b3fe23980ff89a5571a3a07e32/elements - {"using":"xpath","value":"//*[@id=\"__button424\"]"}
RESULT: {"using":"xpath","value":"//*[@id=\"__button424\"]"}
COMMAND: POST /session/0a56c8b3fe23980ff89a5571a3a07e32/elements - {"using":"xpath","value":"//*[@id=\"__button424\"]"}
RESULT: {"using":"xpath","value":"//*[@id=\"__button424\"]"}
COMMAND: POST /session/0a56c8b3fe23980ff89a5571a3a07e32/elements - {"using":"xpath","value":"//*[@id=\"__button424\"]"}
RESULT: {"using":"xpath","value":"//*[@id=\"__button424\"]"}
COMMAND: POST /session/0a56c8b3fe23980ff89a5571a3a07e32/elements - {"using":"xpath","value":"//*[@id=\"__button424\"]"}
RESULT: {"using":"xpath","value":"//*[@id=\"__button424\"]"}
COMMAND: POST /session/0a56c8b3fe23980ff89a5571a3a07e32/elements - {"using":"xpath","value":"//*[@id=\"__button424\"]"}
RESULT: {"using":"xpath","value":"//*[@id=\"__button424\"]"}
COMMAND: POST /session/0a56c8b3fe23980ff89a5571a3a07e32/elements - {"using":"xpath","value":"//*[@id=\"__button424\"]"}
RESULT: {"using":"xpath","value":"//*[@id=\"__button424\"]"}
COMMAND: POST /session/0a56c8b3fe23980ff89a5571a3a07e32/elements - {"using":"xpath","value":"//*[@id=\"__button424\"]"}
RESULT: {"using":"xpath","value":"//*[@id=\"__button424\"]"}
COMMAND: POST /session/0a56c8b3fe23980ff89a5571a3a07e32/elements - {"using":"xpath","value":"//*[@id=\"__button424\"]"}
RESULT: {"using":"xpath","value":"//*[@id=\"__button424\"]"}
COMMAND: POST /session/0a56c8b3fe23980ff89a5571a3a07e32/elements - {"using":"xpath","value":"//*[@id=\"__button424\"]"}
RESULT: {"using":"xpath","value":"//*[@id=\"__button424\"]"}
COMMAND: POST /session/0a56c8b3fe23980ff89a5571a3a07e32/elements - {"using":"xpath","value":"//*[@id=\"__button424\"]"}
RESULT: {"using":"xpath","value":"//*[@id=\"__button424\"]"}
COMMAND: POST /session/0a56c8b3fe23980ff89a5571a3a07e32/elements - {"using":"xpath","value":"//*[@id=\"__button424\"]"}
RESULT: {"using":"xpath","value":"//*[@id=\"__button424\"]"}
COMMAND: POST /session/0a56c8b3fe23980ff89a5571a3a07e32/elements - {"using":"xpath","value":"//*[@id=\"__button424\"]"}
RESULT: {"using":"xpath","value":"//*[@id=\"__button424\"]"}
COMMAND: POST /session/0a56c8b3fe23980ff89a5571a3a07e32/elements - {"using":"xpath","value":"//*[@id=\"__button424\"]"}
RESULT: {"using":"xpath","value":"//*[@id=\"__button424\"]"}
COMMAND: POST /session/0a56c8b3fe23980ff89a5571a3a07e32/elements - {"using":"xpath","value":"//*[@id=\"__button424\"]"}
RESULT: {"using":"xpath","value":"//*[@id=\"__button424\"]"}
COMMAND: POST /session/0a56c8b3fe23980ff89a5571a3a07e32/elements - {"using":"xpath","value":"//*[@id=\"__button424\"]"}
RESULT: {"using":"xpath","value":"//*[@id=\"__button424\"]"}
COMMAND: POST /session/0a56c8b3fe23980ff89a5571a3a07e32/element - {"using":"css selector","value":"#shell-header-logo"}
RESULT: {"using":"css selector","value":"#shell-header-logo"}
COMMAND: POST /session/0a56c8b3fe23980ff89a5571a3a07e32/execute/sync - {"script":"<script> [8489 bytes]","args":[{"element-6066-11e4-a52e-4f735466cecf":"f.8BC31031A8A77F81AA6DDAE562E569BF.d.562AB348072D6B7598B94C1D0A55A296.e.18963","ELEMENT":"f.8BC31031A8A77F81AA6DDAE562E569BF.d.562AB348072D6B7598B94C1D0A55A296.e.18963"}]}
RESULT: {"script":"<script> [8489 bytes]","args":[{"element-6066-11e4-a52e-4f735466cecf":"f.8BC31031A8A77F81AA6DDAE562E569BF.d.562AB348072D6B7598B94C1D0A55A296.e.18963","ELEMENT":"f.8BC31031A8A77F81AA6DDAE562E569BF.d.562AB348072D6B7598B94C1D0A55A296.e.18963"}]}
COMMAND: POST /session/0a56c8b3fe23980ff89a5571a3a07e32/execute/sync - {"script":"<script> [5351 bytes]","args":[{"element-6066-11e4-a52e-4f735466cecf":"f.8BC31031A8A77F81AA6DDAE562E569BF.d.562AB348072D6B7598B94C1D0A55A296.e.18963","ELEMENT":"f.8BC31031A8A77F81AA6DDAE562E569BF.d.562AB348072D6B7598B94C1D0A55A296.e.18963"}]}
COMMAND: GET /session/0a56c8b3fe23980ff89a5571a3a07e32/screenshot - {}
RESULT: {"script":"<script> [5351 bytes]","args":[{"element-6066-11e4-a52e-4f735466cecf":"f.8BC31031A8A77F81AA6DDAE562E569BF.d.562AB348072D6B7598B94C1D0A55A296.e.18963","ELEMENT":"f.8BC31031A8A77F81AA6DDAE562E569BF.d.562AB348072D6B7598B94C1D0A55A296.e.18963"}]}
COMMAND: POST /session/0a56c8b3fe23980ff89a5571a3a07e32/element/f.8BC31031A8A77F81AA6DDAE562E569BF.d.562AB348072D6B7598B94C1D0A55A296.e.18963/click - {}
COMMAND: GET /session/0a56c8b3fe23980ff89a5571a3a07e32/screenshot - {}
RESULT: {}
RESULT: {}
]]></system-out>
    </testcase>
    <testcase classname="chrome.136_0_7103_93.windows.Performance_based_billing_(work_days)_US139742" name="Should go to Manage Billings and trigger calculation check the conditions applied" time="77.418">
      <system-out><![CDATA[
COMMAND: POST /session/0a56c8b3fe23980ff89a5571a3a07e32/execute/async - {"script":"<script> [1562 bytes]","args":[{"selector":{"controlType":"sap.m.GenericTile","properties":{"header":"Manage Billings"}},"wdio_ui5_key":"sapm.GenericTile{\"header\":\"Manage Billings\"}"}]}
COMMAND: GET /session/0a56c8b3fe23980ff89a5571a3a07e32/screenshot - {}
RESULT: {}
RESULT: {"script":"<script> [1562 bytes]","args":[{"selector":{"controlType":"sap.m.GenericTile","properties":{"header":"Manage Billings"}},"wdio_ui5_key":"sapm.GenericTile{\"header\":\"Manage Billings\"}"}]}
RESULT: undefined
COMMAND: POST /session/0a56c8b3fe23980ff89a5571a3a07e32/element - {"using":"xpath","value":"//*[@id=\"__tile51\"]"}
RESULT: {}
RESULT: {"using":"xpath","value":"//*[@id=\"__tile51\"]"}
COMMAND: POST /session/0a56c8b3fe23980ff89a5571a3a07e32/element/f.8BC31031A8A77F81AA6DDAE562E569BF.d.562AB348072D6B7598B94C1D0A55A296.e.15173/click - {}
RESULT: {}
COMMAND: GET /session/0a56c8b3fe23980ff89a5571a3a07e32/screenshot - {}
RESULT: {}
COMMAND: POST /session/0a56c8b3fe23980ff89a5571a3a07e32/elements - {"using":"xpath","value":"//span[text()='Error']"}
RESULT: {"using":"xpath","value":"//span[text()='Error']"}
COMMAND: POST /session/0a56c8b3fe23980ff89a5571a3a07e32/execute/async - {"script":"<script> [1562 bytes]","args":[{"selector":{"id":"application-managebillings-display-component---billRunCalcResult--smartFilterBar-btnBasicSearch","interaction":{"idSuffix":"I"}},"wdio_ui5_key":"applicationmanagebillings-display-component---billRunCalcResult--smartFilterBar-btnBasicSearch"}]}
RESULT: {"script":"<script> [1562 bytes]","args":[{"selector":{"id":"application-managebillings-display-component---billRunCalcResult--smartFilterBar-btnBasicSearch","interaction":{"idSuffix":"I"}},"wdio_ui5_key":"applicationmanagebillings-display-component---billRunCalcResult--smartFilterBar-btnBasicSearch"}]}
RESULT: undefined
COMMAND: POST /session/0a56c8b3fe23980ff89a5571a3a07e32/execute/async - {"script":"<script> [776 bytes]","args":[{"enterText":"10282","selector":{"id":"application-managebillings-display-component---billRunCalcResult--smartFilterBar-btnBasicSearch","interaction":{"idSuffix":"I"}},"clearTextFirst":true,"interactionType":"ENTER_TEXT"}]}
RESULT: {"script":"<script> [776 bytes]","args":[{"enterText":"10282","selector":{"id":"application-managebillings-display-component---billRunCalcResult--smartFilterBar-btnBasicSearch","interaction":{"idSuffix":"I"}},"clearTextFirst":true,"interactionType":"ENTER_TEXT"}]}
COMMAND: POST /session/0a56c8b3fe23980ff89a5571a3a07e32/actions - {"actions":[{"id":"action67","type":"key","parameters":{},"actions":[{"type":"keyDown","value":""},{"type":"pause","duration":10},{"type":"keyUp","value":""}]}]}
RESULT: {"actions":[{"id":"action67","type":"key","parameters":{},"actions":[{"type":"keyDown","value":""},{"type":"pause","duration":10},{"type":"keyUp","value":""}]}]}
COMMAND: GET /session/0a56c8b3fe23980ff89a5571a3a07e32/screenshot - {}
RESULT: {}
COMMAND: POST /session/0a56c8b3fe23980ff89a5571a3a07e32/element - {"using":"xpath","value":"//td[@aria-colindex=\"1\"]/div/div[contains(@class, \"sapMCbBg\")]"}
RESULT: {"using":"xpath","value":"//td[@aria-colindex=\"1\"]/div/div[contains(@class, \"sapMCbBg\")]"}
COMMAND: POST /session/0a56c8b3fe23980ff89a5571a3a07e32/element/f.8BC31031A8A77F81AA6DDAE562E569BF.d.562AB348072D6B7598B94C1D0A55A296.e.19363/click - {}
RESULT: {}
COMMAND: GET /session/0a56c8b3fe23980ff89a5571a3a07e32/screenshot - {}
RESULT: {}
COMMAND: POST /session/0a56c8b3fe23980ff89a5571a3a07e32/execute/async - {"script":"<script> [1562 bytes]","args":[{"selector":{"id":"application-managebillings-display-component---billRunCalcResult--contractBillRunDate","interaction":{"idSuffix":"inner"}},"wdio_ui5_key":"applicationmanagebillings-display-component---billRunCalcResult--contractBillRunDate"}]}
RESULT: {"script":"<script> [1562 bytes]","args":[{"selector":{"id":"application-managebillings-display-component---billRunCalcResult--contractBillRunDate","interaction":{"idSuffix":"inner"}},"wdio_ui5_key":"applicationmanagebillings-display-component---billRunCalcResult--contractBillRunDate"}]}
RESULT: undefined
COMMAND: POST /session/0a56c8b3fe23980ff89a5571a3a07e32/execute/async - {"script":"<script> [776 bytes]","args":[{"enterText":"6/26/25","selector":{"id":"application-managebillings-display-component---billRunCalcResult--contractBillRunDate","interaction":{"idSuffix":"inner"}},"clearTextFirst":true,"interactionType":"ENTER_TEXT"}]}
RESULT: {"script":"<script> [776 bytes]","args":[{"enterText":"6/26/25","selector":{"id":"application-managebillings-display-component---billRunCalcResult--contractBillRunDate","interaction":{"idSuffix":"inner"}},"clearTextFirst":true,"interactionType":"ENTER_TEXT"}]}
COMMAND: POST /session/0a56c8b3fe23980ff89a5571a3a07e32/element - {"using":"xpath","value":"//bdi[contains(text(), \"Trigger Calculation\")]"}
RESULT: {"using":"xpath","value":"//bdi[contains(text(), \"Trigger Calculation\")]"}
COMMAND: POST /session/0a56c8b3fe23980ff89a5571a3a07e32/element/f.8BC31031A8A77F81AA6DDAE562E569BF.d.562AB348072D6B7598B94C1D0A55A296.e.19413/click - {}
RESULT: {}
COMMAND: GET /session/0a56c8b3fe23980ff89a5571a3a07e32/screenshot - {}
RESULT: {}
COMMAND: POST /session/0a56c8b3fe23980ff89a5571a3a07e32/element - {"using":"xpath","value":"(//span[contains(@id, \"imgNav\")])[1]"}
RESULT: {"using":"xpath","value":"(//span[contains(@id, \"imgNav\")])[1]"}
COMMAND: POST /session/0a56c8b3fe23980ff89a5571a3a07e32/element/f.8BC31031A8A77F81AA6DDAE562E569BF.d.562AB348072D6B7598B94C1D0A55A296.e.19364/click - {}
RESULT: {}
COMMAND: GET /session/0a56c8b3fe23980ff89a5571a3a07e32/screenshot - {}
RESULT: {}
COMMAND: POST /session/0a56c8b3fe23980ff89a5571a3a07e32/element - {"using":"xpath","value":"//tr/td[6]/div[1]/span[1]/span[1]"}
RESULT: {"using":"xpath","value":"//tr/td[6]/div[1]/span[1]/span[1]"}
COMMAND: GET /session/0a56c8b3fe23980ff89a5571a3a07e32/element/f.8BC31031A8A77F81AA6DDAE562E569BF.d.562AB348072D6B7598B94C1D0A55A296.e.19418/text - {}
RESULT: {}
COMMAND: POST /session/0a56c8b3fe23980ff89a5571a3a07e32/element - {"using":"xpath","value":"(//span[contains(@id, \"imgNav\")])[2]"}
RESULT: {"using":"xpath","value":"(//span[contains(@id, \"imgNav\")])[2]"}
COMMAND: POST /session/0a56c8b3fe23980ff89a5571a3a07e32/element/f.8BC31031A8A77F81AA6DDAE562E569BF.d.562AB348072D6B7598B94C1D0A55A296.e.19419/click - {}
RESULT: {}
COMMAND: POST /session/0a56c8b3fe23980ff89a5571a3a07e32/element - {"using":"xpath","value":"//bdi[contains(text(), \"Business Confirm\")]"}
COMMAND: GET /session/0a56c8b3fe23980ff89a5571a3a07e32/screenshot - {}
RESULT: {"using":"xpath","value":"//bdi[contains(text(), \"Business Confirm\")]"}
COMMAND: POST /session/0a56c8b3fe23980ff89a5571a3a07e32/elements - {"using":"xpath","value":"//bdi[contains(text(), \"Business Confirm\")]"}
RESULT: {}
RESULT: {"using":"xpath","value":"//bdi[contains(text(), \"Business Confirm\")]"}
COMMAND: POST /session/0a56c8b3fe23980ff89a5571a3a07e32/element - {"using":"xpath","value":"//bdi[contains(text(), \"Business Confirm\")]"}
RESULT: {"using":"xpath","value":"//bdi[contains(text(), \"Business Confirm\")]"}
COMMAND: POST /session/0a56c8b3fe23980ff89a5571a3a07e32/element/f.8BC31031A8A77F81AA6DDAE562E569BF.d.562AB348072D6B7598B94C1D0A55A296.e.19456/click - {}
RESULT: {}
COMMAND: POST /session/0a56c8b3fe23980ff89a5571a3a07e32/element - {"using":"css selector","value":"#shell-header-logo"}
COMMAND: GET /session/0a56c8b3fe23980ff89a5571a3a07e32/screenshot - {}
RESULT: {"using":"css selector","value":"#shell-header-logo"}
COMMAND: POST /session/0a56c8b3fe23980ff89a5571a3a07e32/element/f.8BC31031A8A77F81AA6DDAE562E569BF.d.562AB348072D6B7598B94C1D0A55A296.e.19153/click - {}
RESULT: {}
RESULT: {}
COMMAND: GET /session/0a56c8b3fe23980ff89a5571a3a07e32/screenshot - {}
RESULT: {}
COMMAND: POST /session/0a56c8b3fe23980ff89a5571a3a07e32/element - {"using":"css selector","value":"#j_username"}
COMMAND: POST /session/0a56c8b3fe23980ff89a5571a3a07e32/url - {"url":"https://qa-testing-00-live-etm-ui.cfapps.eu10-004.hana.ondemand.com/"}
RESULT: {"using":"css selector","value":"#j_username"}
COMMAND: POST /session/0a56c8b3fe23980ff89a5571a3a07e32/element - {"using":"css selector","value":"#j_username"}
RESULT: {"url":"https://qa-testing-00-live-etm-ui.cfapps.eu10-004.hana.ondemand.com/"}
RESULT: undefined
COMMAND: GET /session/0a56c8b3fe23980ff89a5571a3a07e32/screenshot - {}
RESULT: {"using":"css selector","value":"#j_username"}
COMMAND: POST /session/0a56c8b3fe23980ff89a5571a3a07e32/element - {"using":"css selector","value":"#shell-header-logo"}
RESULT: {}
RESULT: {"using":"css selector","value":"#shell-header-logo"}
COMMAND: POST /session/0a56c8b3fe23980ff89a5571a3a07e32/execute/sync - {"script":"<script> [8489 bytes]","args":[{"element-6066-11e4-a52e-4f735466cecf":"f.8BC31031A8A77F81AA6DDAE562E569BF.d.9E84CA879A3CD99EC34B6FC7B4052895.e.19489","ELEMENT":"f.8BC31031A8A77F81AA6DDAE562E569BF.d.9E84CA879A3CD99EC34B6FC7B4052895.e.19489"}]}
RESULT: {"script":"<script> [8489 bytes]","args":[{"element-6066-11e4-a52e-4f735466cecf":"f.8BC31031A8A77F81AA6DDAE562E569BF.d.9E84CA879A3CD99EC34B6FC7B4052895.e.19489","ELEMENT":"f.8BC31031A8A77F81AA6DDAE562E569BF.d.9E84CA879A3CD99EC34B6FC7B4052895.e.19489"}]}
COMMAND: POST /session/0a56c8b3fe23980ff89a5571a3a07e32/element - {"using":"css selector","value":"#shell-header-logo"}
COMMAND: GET /session/0a56c8b3fe23980ff89a5571a3a07e32/screenshot - {}
RESULT: {"using":"css selector","value":"#shell-header-logo"}
COMMAND: POST /session/0a56c8b3fe23980ff89a5571a3a07e32/execute/sync - {"script":"<script> [8489 bytes]","args":[{"element-6066-11e4-a52e-4f735466cecf":"f.8BC31031A8A77F81AA6DDAE562E569BF.d.9E84CA879A3CD99EC34B6FC7B4052895.e.19489","ELEMENT":"f.8BC31031A8A77F81AA6DDAE562E569BF.d.9E84CA879A3CD99EC34B6FC7B4052895.e.19489"}]}
RESULT: {}
RESULT: {"script":"<script> [8489 bytes]","args":[{"element-6066-11e4-a52e-4f735466cecf":"f.8BC31031A8A77F81AA6DDAE562E569BF.d.9E84CA879A3CD99EC34B6FC7B4052895.e.19489","ELEMENT":"f.8BC31031A8A77F81AA6DDAE562E569BF.d.9E84CA879A3CD99EC34B6FC7B4052895.e.19489"}]}
COMMAND: POST /session/0a56c8b3fe23980ff89a5571a3a07e32/execute/sync - {"script":"<script> [5351 bytes]","args":[{"element-6066-11e4-a52e-4f735466cecf":"f.8BC31031A8A77F81AA6DDAE562E569BF.d.9E84CA879A3CD99EC34B6FC7B4052895.e.19489","ELEMENT":"f.8BC31031A8A77F81AA6DDAE562E569BF.d.9E84CA879A3CD99EC34B6FC7B4052895.e.19489"}]}
COMMAND: GET /session/0a56c8b3fe23980ff89a5571a3a07e32/screenshot - {}
RESULT: {"script":"<script> [5351 bytes]","args":[{"element-6066-11e4-a52e-4f735466cecf":"f.8BC31031A8A77F81AA6DDAE562E569BF.d.9E84CA879A3CD99EC34B6FC7B4052895.e.19489","ELEMENT":"f.8BC31031A8A77F81AA6DDAE562E569BF.d.9E84CA879A3CD99EC34B6FC7B4052895.e.19489"}]}
COMMAND: POST /session/0a56c8b3fe23980ff89a5571a3a07e32/element - {"using":"css selector","value":"#shell-header-logo"}
COMMAND: GET /session/0a56c8b3fe23980ff89a5571a3a07e32/screenshot - {}
RESULT: {}
RESULT: {"using":"css selector","value":"#shell-header-logo"}
COMMAND: POST /session/0a56c8b3fe23980ff89a5571a3a07e32/element/f.8BC31031A8A77F81AA6DDAE562E569BF.d.9E84CA879A3CD99EC34B6FC7B4052895.e.19489/click - {}
RESULT: {}
RESULT: {}
COMMAND: GET /session/0a56c8b3fe23980ff89a5571a3a07e32/screenshot - {}
RESULT: {}
COMMAND: POST /session/0a56c8b3fe23980ff89a5571a3a07e32/execute/async - {"script":"<script> [189 bytes]","args":[]}
RESULT: {"script":"<script> [189 bytes]","args":[]}
COMMAND: POST /session/0a56c8b3fe23980ff89a5571a3a07e32/execute/async - {"script":"<script> [123 bytes]","args":[]}
RESULT: {"script":"<script> [123 bytes]","args":[]}
COMMAND: POST /session/0a56c8b3fe23980ff89a5571a3a07e32/timeouts - {"script":"<number>"}
RESULT: {"script":"<number>"}
COMMAND: GET /session/0a56c8b3fe23980ff89a5571a3a07e32/timeouts - {}
RESULT: {}
RESULT: undefined
COMMAND: POST /session/0a56c8b3fe23980ff89a5571a3a07e32/execute/async - {"script":"<script> [2676 bytes]","args":[]}
RESULT: {"script":"<script> [2676 bytes]","args":[]}
COMMAND: POST /session/0a56c8b3fe23980ff89a5571a3a07e32/execute/async - {"script":"<script> [2342 bytes]","args":[{"protocol":"http","hostname":"0.0.0.0","path":"/","capabilities":{"browserName":"chrome","goog:chromeOptions":{"binary":"C:\\Program Files\\Google\\Chrome\\Application\\chrome.exe","args":["--start-maximized"]}},"logLevel":"warn","connectionRetryTimeout":120000,"connectionRetryCount":3,"logLevels":{},"enableDirectConnect":true,"strictSSL":true,"_":"65 more keys: [\"cacheDir\",\"port\",\"requestedCapabilities\",\"automationProtocol\",\"baseUrl\",\"waitforInterval\",\"waitforTimeout\",\"onReload\",\"beforeCommand\",\"afterCommand\",\"rootDir\",\"specs\",\"suites\",\"exclude\",\"groupLogsByTestSpec\",\"excludeDriverLogs\",\"bail\",\"framework\",\"reporters\",\"services\",\"maxInstances\",\"maxInstancesPerCapability\",\"injectGlobals\",\"filesToWatch\",\"execArgv\",\"runnerEnv\",\"runner\",\"shard\",\"specFileRetries\",\"specFileRetriesDelay\",\"specFileRetriesDeferred\",\"reporterSyncInterval\",\"reporterSyncTimeout\",\"cucumberFeaturesWithLineNumbers\",\"autoCompileOpts\",\"mochaOpts\",\"jasmineOpts\",\"cucumberOpts\",\"onPrepare\",\"onWorkerStart\",\"onWorkerEnd\",\"before\",\"beforeSession\",\"beforeSuite\",\"beforeHook\",\"beforeTest\",\"afterTest\",\"afterHook\",\"afterSuite\",\"afterSession\",\"after\",\"onComplete\",\"beforeAssertion\",\"afterAssertion\",\"beforeFeature\",\"beforeScenario\",\"beforeStep\",\"afterStep\",\"afterScenario\",\"afterFeature\",\"_\",\"suite\",\"$0\",\"ignoredWorkerServices\",\"wdi5\"]"}]}
RESULT: {"script":"<script> [2342 bytes]","args":[{"protocol":"http","hostname":"0.0.0.0","path":"/","capabilities":{"browserName":"chrome","goog:chromeOptions":{"binary":"C:\\Program Files\\Google\\Chrome\\Application\\chrome.exe","args":["--start-maximized"]}},"logLevel":"warn","connectionRetryTimeout":120000,"connectionRetryCount":3,"logLevels":{},"enableDirectConnect":true,"strictSSL":true,"_":"65 more keys: [\"cacheDir\",\"port\",\"requestedCapabilities\",\"automationProtocol\",\"baseUrl\",\"waitforInterval\",\"waitforTimeout\",\"onReload\",\"beforeCommand\",\"afterCommand\",\"rootDir\",\"specs\",\"suites\",\"exclude\",\"groupLogsByTestSpec\",\"excludeDriverLogs\",\"bail\",\"framework\",\"reporters\",\"services\",\"maxInstances\",\"maxInstancesPerCapability\",\"injectGlobals\",\"filesToWatch\",\"execArgv\",\"runnerEnv\",\"runner\",\"shard\",\"specFileRetries\",\"specFileRetriesDelay\",\"specFileRetriesDeferred\",\"reporterSyncInterval\",\"reporterSyncTimeout\",\"cucumberFeaturesWithLineNumbers\",\"autoCompileOpts\",\"mochaOpts\",\"jasmineOpts\",\"cucumberOpts\",\"onPrepare\",\"onWorkerStart\",\"onWorkerEnd\",\"before\",\"beforeSession\",\"beforeSuite\",\"beforeHook\",\"beforeTest\",\"afterTest\",\"afterHook\",\"afterSuite\",\"afterSession\",\"after\",\"onComplete\",\"beforeAssertion\",\"afterAssertion\",\"beforeFeature\",\"beforeScenario\",\"beforeStep\",\"afterStep\",\"afterScenario\",\"afterFeature\",\"_\",\"suite\",\"$0\",\"ignoredWorkerServices\",\"wdi5\"]"}]}
COMMAND: POST /session/0a56c8b3fe23980ff89a5571a3a07e32/execute/async - {"script":"<script> [21126 bytes]","args":[35000]}
RESULT: {"script":"<script> [21126 bytes]","args":[35000]}
COMMAND: POST /session/0a56c8b3fe23980ff89a5571a3a07e32/window/maximize - {}
RESULT: {}
COMMAND: POST /session/0a56c8b3fe23980ff89a5571a3a07e32/execute/async - {"script":"<script> [1562 bytes]","args":[{"selector":{"id":"shell-header","interaction":{"idSuffix":"icon"}},"wdio_ui5_key":"shellheader"}]}
COMMAND: GET /session/0a56c8b3fe23980ff89a5571a3a07e32/screenshot - {}
RESULT: {"script":"<script> [1562 bytes]","args":[{"selector":{"id":"shell-header","interaction":{"idSuffix":"icon"}},"wdio_ui5_key":"shellheader"}]}
RESULT: undefined
COMMAND: POST /session/0a56c8b3fe23980ff89a5571a3a07e32/refresh - {}
RESULT: {}
RESULT: {}
COMMAND: GET /session/0a56c8b3fe23980ff89a5571a3a07e32/screenshot - {}
RESULT: {}
COMMAND: POST /session/0a56c8b3fe23980ff89a5571a3a07e32/refresh - {}
RESULT: {}
COMMAND: GET /session/0a56c8b3fe23980ff89a5571a3a07e32/screenshot - {}
RESULT: {}
COMMAND: POST /session/0a56c8b3fe23980ff89a5571a3a07e32/window/fullscreen - {}
RESULT: {}
COMMAND: POST /session/0a56c8b3fe23980ff89a5571a3a07e32/execute/async - {"script":"<script> [189 bytes]","args":[]}
RESULT: {"script":"<script> [189 bytes]","args":[]}
COMMAND: POST /session/0a56c8b3fe23980ff89a5571a3a07e32/execute/async - {"script":"<script> [123 bytes]","args":[]}
RESULT: {"script":"<script> [123 bytes]","args":[]}
COMMAND: POST /session/0a56c8b3fe23980ff89a5571a3a07e32/timeouts - {"script":"<number>"}
RESULT: {"script":"<number>"}
COMMAND: GET /session/0a56c8b3fe23980ff89a5571a3a07e32/timeouts - {}
RESULT: {}
RESULT: undefined
COMMAND: POST /session/0a56c8b3fe23980ff89a5571a3a07e32/execute/async - {"script":"<script> [2676 bytes]","args":[]}
RESULT: {"script":"<script> [2676 bytes]","args":[]}
COMMAND: POST /session/0a56c8b3fe23980ff89a5571a3a07e32/execute/async - {"script":"<script> [2342 bytes]","args":[{"protocol":"http","hostname":"0.0.0.0","path":"/","capabilities":{"browserName":"chrome","goog:chromeOptions":{"binary":"C:\\Program Files\\Google\\Chrome\\Application\\chrome.exe","args":["--start-maximized"]}},"logLevel":"warn","connectionRetryTimeout":120000,"connectionRetryCount":3,"logLevels":{},"enableDirectConnect":true,"strictSSL":true,"_":"65 more keys: [\"cacheDir\",\"port\",\"requestedCapabilities\",\"automationProtocol\",\"baseUrl\",\"waitforInterval\",\"waitforTimeout\",\"onReload\",\"beforeCommand\",\"afterCommand\",\"rootDir\",\"specs\",\"suites\",\"exclude\",\"groupLogsByTestSpec\",\"excludeDriverLogs\",\"bail\",\"framework\",\"reporters\",\"services\",\"maxInstances\",\"maxInstancesPerCapability\",\"injectGlobals\",\"filesToWatch\",\"execArgv\",\"runnerEnv\",\"runner\",\"shard\",\"specFileRetries\",\"specFileRetriesDelay\",\"specFileRetriesDeferred\",\"reporterSyncInterval\",\"reporterSyncTimeout\",\"cucumberFeaturesWithLineNumbers\",\"autoCompileOpts\",\"mochaOpts\",\"jasmineOpts\",\"cucumberOpts\",\"onPrepare\",\"onWorkerStart\",\"onWorkerEnd\",\"before\",\"beforeSession\",\"beforeSuite\",\"beforeHook\",\"beforeTest\",\"afterTest\",\"afterHook\",\"afterSuite\",\"afterSession\",\"after\",\"onComplete\",\"beforeAssertion\",\"afterAssertion\",\"beforeFeature\",\"beforeScenario\",\"beforeStep\",\"afterStep\",\"afterScenario\",\"afterFeature\",\"_\",\"suite\",\"$0\",\"ignoredWorkerServices\",\"wdi5\"]"}]}
RESULT: {"script":"<script> [2342 bytes]","args":[{"protocol":"http","hostname":"0.0.0.0","path":"/","capabilities":{"browserName":"chrome","goog:chromeOptions":{"binary":"C:\\Program Files\\Google\\Chrome\\Application\\chrome.exe","args":["--start-maximized"]}},"logLevel":"warn","connectionRetryTimeout":120000,"connectionRetryCount":3,"logLevels":{},"enableDirectConnect":true,"strictSSL":true,"_":"65 more keys: [\"cacheDir\",\"port\",\"requestedCapabilities\",\"automationProtocol\",\"baseUrl\",\"waitforInterval\",\"waitforTimeout\",\"onReload\",\"beforeCommand\",\"afterCommand\",\"rootDir\",\"specs\",\"suites\",\"exclude\",\"groupLogsByTestSpec\",\"excludeDriverLogs\",\"bail\",\"framework\",\"reporters\",\"services\",\"maxInstances\",\"maxInstancesPerCapability\",\"injectGlobals\",\"filesToWatch\",\"execArgv\",\"runnerEnv\",\"runner\",\"shard\",\"specFileRetries\",\"specFileRetriesDelay\",\"specFileRetriesDeferred\",\"reporterSyncInterval\",\"reporterSyncTimeout\",\"cucumberFeaturesWithLineNumbers\",\"autoCompileOpts\",\"mochaOpts\",\"jasmineOpts\",\"cucumberOpts\",\"onPrepare\",\"onWorkerStart\",\"onWorkerEnd\",\"before\",\"beforeSession\",\"beforeSuite\",\"beforeHook\",\"beforeTest\",\"afterTest\",\"afterHook\",\"afterSuite\",\"afterSession\",\"after\",\"onComplete\",\"beforeAssertion\",\"afterAssertion\",\"beforeFeature\",\"beforeScenario\",\"beforeStep\",\"afterStep\",\"afterScenario\",\"afterFeature\",\"_\",\"suite\",\"$0\",\"ignoredWorkerServices\",\"wdi5\"]"}]}
COMMAND: POST /session/0a56c8b3fe23980ff89a5571a3a07e32/execute/async - {"script":"<script> [21126 bytes]","args":[35000]}
RESULT: {"script":"<script> [21126 bytes]","args":[35000]}
]]></system-out>
    </testcase>
  </testsuite>
  <testsuite timestamp="2025-05-26T18:10:06" time="1316.807" tests="20" failures="6" errors="6" skipped="0">
    <properties>
      <property name="specId" value="0"/>
      <property name="suiteName" value="Billing Calculation - Time based (considering transport times) US139738"/>
      <property name="capabilities" value="chrome.136_0_7103_93.windows"/>
      <property name="file" value="file:///D:/a/1/s/test/specs/BTS/billing-calculation-transp-times.spec.js"/>
    </properties>
    <testcase classname="chrome.136_0_7103_93.windows.Billing_Calculation_-_Time_based_(considering_transport_times)_US139738" name="Should create a new yard" time="0.028">
      <system-out><![CDATA[
COMMAND: POST /session/0a56c8b3fe23980ff89a5571a3a07e32/window/fullscreen - {}
RESULT: {}
]]></system-out>
    </testcase>
    <testcase classname="chrome.136_0_7103_93.windows.Billing_Calculation_-_Time_based_(considering_transport_times)_US139738" name="Should create a new partner" time="0.005"/>
    <testcase classname="chrome.136_0_7103_93.windows.Billing_Calculation_-_Time_based_(considering_transport_times)_US139738" name="Should create a new site" time="0.013"/>
    <testcase classname="chrome.136_0_7103_93.windows.Billing_Calculation_-_Time_based_(considering_transport_times)_US139738" name="Should create the equipment" time="150.261">
      <system-out><![CDATA[
COMMAND: POST /session/0a56c8b3fe23980ff89a5571a3a07e32/execute/async - {"script":"<script> [1562 bytes]","args":[{"selector":{"controlType":"sap.m.GenericTile","properties":{"header":"Manage Resources"}},"wdio_ui5_key":"sapm.GenericTile{\"header\":\"Manage Resources\"}"}]}
RESULT: {"script":"<script> [1562 bytes]","args":[{"selector":{"controlType":"sap.m.GenericTile","properties":{"header":"Manage Resources"}},"wdio_ui5_key":"sapm.GenericTile{\"header\":\"Manage Resources\"}"}]}
RESULT: undefined
COMMAND: POST /session/0a56c8b3fe23980ff89a5571a3a07e32/element - {"using":"xpath","value":"//*[@id=\"__tile39\"]"}
RESULT: {"using":"xpath","value":"//*[@id=\"__tile39\"]"}
COMMAND: POST /session/0a56c8b3fe23980ff89a5571a3a07e32/element/f.8BC31031A8A77F81AA6DDAE562E569BF.d.B635543B615E2F377ED0D0E9132B8D47.e.19649/click - {}
RESULT: {}
COMMAND: GET /session/0a56c8b3fe23980ff89a5571a3a07e32/screenshot - {}
RESULT: {}
COMMAND: POST /session/0a56c8b3fe23980ff89a5571a3a07e32/elements - {"using":"xpath","value":"//span[text()='Error']"}
RESULT: {"using":"xpath","value":"//span[text()='Error']"}
COMMAND: POST /session/0a56c8b3fe23980ff89a5571a3a07e32/element - {"using":"xpath","value":"//button[@data-kt=\"addNewRUOverflowToolbarButton\"]"}
RESULT: {"using":"xpath","value":"//button[@data-kt=\"addNewRUOverflowToolbarButton\"]"}
COMMAND: POST /session/0a56c8b3fe23980ff89a5571a3a07e32/elements - {"using":"xpath","value":"//button[@data-kt=\"addNewRUOverflowToolbarButton\"]"}
RESULT: {"using":"xpath","value":"//button[@data-kt=\"addNewRUOverflowToolbarButton\"]"}
COMMAND: POST /session/0a56c8b3fe23980ff89a5571a3a07e32/execute/sync - {"script":"<script> [8489 bytes]","args":[{"element-6066-11e4-a52e-4f735466cecf":"f.8BC31031A8A77F81AA6DDAE562E569BF.d.B635543B615E2F377ED0D0E9132B8D47.e.19801","ELEMENT":"f.8BC31031A8A77F81AA6DDAE562E569BF.d.B635543B615E2F377ED0D0E9132B8D47.e.19801"}]}
RESULT: {"script":"<script> [8489 bytes]","args":[{"element-6066-11e4-a52e-4f735466cecf":"f.8BC31031A8A77F81AA6DDAE562E569BF.d.B635543B615E2F377ED0D0E9132B8D47.e.19801","ELEMENT":"f.8BC31031A8A77F81AA6DDAE562E569BF.d.B635543B615E2F377ED0D0E9132B8D47.e.19801"}]}
COMMAND: GET /session/0a56c8b3fe23980ff89a5571a3a07e32/element/f.8BC31031A8A77F81AA6DDAE562E569BF.d.B635543B615E2F377ED0D0E9132B8D47.e.19801/enabled - {}
COMMAND: GET /session/0a56c8b3fe23980ff89a5571a3a07e32/screenshot - {}
RESULT: {}
COMMAND: POST /session/0a56c8b3fe23980ff89a5571a3a07e32/execute/sync - {"script":"<script> [8489 bytes]","args":[{"element-6066-11e4-a52e-4f735466cecf":"f.8BC31031A8A77F81AA6DDAE562E569BF.d.B635543B615E2F377ED0D0E9132B8D47.e.19801","ELEMENT":"f.8BC31031A8A77F81AA6DDAE562E569BF.d.B635543B615E2F377ED0D0E9132B8D47.e.19801"}]}
COMMAND: GET /session/0a56c8b3fe23980ff89a5571a3a07e32/screenshot - {}
RESULT: {}
RESULT: {"script":"<script> [8489 bytes]","args":[{"element-6066-11e4-a52e-4f735466cecf":"f.8BC31031A8A77F81AA6DDAE562E569BF.d.B635543B615E2F377ED0D0E9132B8D47.e.19801","ELEMENT":"f.8BC31031A8A77F81AA6DDAE562E569BF.d.B635543B615E2F377ED0D0E9132B8D47.e.19801"}]}
COMMAND: POST /session/0a56c8b3fe23980ff89a5571a3a07e32/execute/sync - {"script":"<script> [5351 bytes]","args":[{"element-6066-11e4-a52e-4f735466cecf":"f.8BC31031A8A77F81AA6DDAE562E569BF.d.B635543B615E2F377ED0D0E9132B8D47.e.19801","ELEMENT":"f.8BC31031A8A77F81AA6DDAE562E569BF.d.B635543B615E2F377ED0D0E9132B8D47.e.19801"}]}
COMMAND: GET /session/0a56c8b3fe23980ff89a5571a3a07e32/screenshot - {}
RESULT: {}
RESULT: {"script":"<script> [5351 bytes]","args":[{"element-6066-11e4-a52e-4f735466cecf":"f.8BC31031A8A77F81AA6DDAE562E569BF.d.B635543B615E2F377ED0D0E9132B8D47.e.19801","ELEMENT":"f.8BC31031A8A77F81AA6DDAE562E569BF.d.B635543B615E2F377ED0D0E9132B8D47.e.19801"}]}
COMMAND: POST /session/0a56c8b3fe23980ff89a5571a3a07e32/element/f.8BC31031A8A77F81AA6DDAE562E569BF.d.B635543B615E2F377ED0D0E9132B8D47.e.19801/click - {}
COMMAND: GET /session/0a56c8b3fe23980ff89a5571a3a07e32/screenshot - {}
RESULT: {}
RESULT: {}
COMMAND: GET /session/0a56c8b3fe23980ff89a5571a3a07e32/screenshot - {}
RESULT: {}
COMMAND: POST /session/0a56c8b3fe23980ff89a5571a3a07e32/execute/async - {"script":"<script> [1562 bytes]","args":[{"selector":{"id":"application-manageresources-display-component---newResourceUnit--TYPE-arrow"},"wdio_ui5_key":"applicationmanageresources-display-component---newResourceUnit--TYPE-arrow"}]}
RESULT: {}
RESULT: {"script":"<script> [1562 bytes]","args":[{"selector":{"id":"application-manageresources-display-component---newResourceUnit--TYPE-arrow"},"wdio_ui5_key":"applicationmanageresources-display-component---newResourceUnit--TYPE-arrow"}]}
RESULT: undefined
COMMAND: POST /session/0a56c8b3fe23980ff89a5571a3a07e32/element - {"using":"xpath","value":"//*[@id=\"application-manageresources-display-component---newResourceUnit--TYPE-arrow\"]"}
RESULT: {"using":"xpath","value":"//*[@id=\"application-manageresources-display-component---newResourceUnit--TYPE-arrow\"]"}
COMMAND: POST /session/0a56c8b3fe23980ff89a5571a3a07e32/element/f.8BC31031A8A77F81AA6DDAE562E569BF.d.B635543B615E2F377ED0D0E9132B8D47.e.20144/click - {}
RESULT: {}
COMMAND: POST /session/0a56c8b3fe23980ff89a5571a3a07e32/element - {"using":"xpath","value":"//input[@id=\"application-manageresources-display-component---newResourceUnit--TYPE-inner\"]"}
COMMAND: GET /session/0a56c8b3fe23980ff89a5571a3a07e32/screenshot - {}
RESULT: {"using":"xpath","value":"//input[@id=\"application-manageresources-display-component---newResourceUnit--TYPE-inner\"]"}
COMMAND: POST /session/0a56c8b3fe23980ff89a5571a3a07e32/element/f.8BC31031A8A77F81AA6DDAE562E569BF.d.B635543B615E2F377ED0D0E9132B8D47.e.20140/clear - {}
RESULT: {}
RESULT: {}
COMMAND: POST /session/0a56c8b3fe23980ff89a5571a3a07e32/element/f.8BC31031A8A77F81AA6DDAE562E569BF.d.B635543B615E2F377ED0D0E9132B8D47.e.20140/value - {"text":"Equipment"}
COMMAND: GET /session/0a56c8b3fe23980ff89a5571a3a07e32/screenshot - {}
RESULT: {"text":"Equipment"}
COMMAND: GET /session/0a56c8b3fe23980ff89a5571a3a07e32/screenshot - {}
RESULT: {}
RESULT: {}
COMMAND: POST /session/0a56c8b3fe23980ff89a5571a3a07e32/actions - {"actions":[{"id":"action68","type":"key","parameters":{},"actions":[{"type":"keyDown","value":""},{"type":"pause","duration":10},{"type":"keyUp","value":""}]}]}
RESULT: {"actions":[{"id":"action68","type":"key","parameters":{},"actions":[{"type":"keyDown","value":""},{"type":"pause","duration":10},{"type":"keyUp","value":""}]}]}
COMMAND: POST /session/0a56c8b3fe23980ff89a5571a3a07e32/execute/async - {"script":"<script> [1562 bytes]","args":[{"selector":{"id":"application-manageresources-display-component---newResourceUnit--resourceId","interaction":{"idSuffix":"inner"}},"wdio_ui5_key":"applicationmanageresources-display-component---newResourceUnit--resourceId"}]}
COMMAND: GET /session/0a56c8b3fe23980ff89a5571a3a07e32/screenshot - {}
RESULT: {"script":"<script> [1562 bytes]","args":[{"selector":{"id":"application-manageresources-display-component---newResourceUnit--resourceId","interaction":{"idSuffix":"inner"}},"wdio_ui5_key":"applicationmanageresources-display-component---newResourceUnit--resourceId"}]}
RESULT: undefined
COMMAND: POST /session/0a56c8b3fe23980ff89a5571a3a07e32/execute/async - {"script":"<script> [776 bytes]","args":[{"enterText":"vjuh2F93BR","selector":{"id":"application-manageresources-display-component---newResourceUnit--resourceId","interaction":{"idSuffix":"inner"}},"clearTextFirst":true,"interactionType":"ENTER_TEXT"}]}
RESULT: {}
RESULT: {"script":"<script> [776 bytes]","args":[{"enterText":"vjuh2F93BR","selector":{"id":"application-manageresources-display-component---newResourceUnit--resourceId","interaction":{"idSuffix":"inner"}},"clearTextFirst":true,"interactionType":"ENTER_TEXT"}]}
COMMAND: POST /session/0a56c8b3fe23980ff89a5571a3a07e32/execute/async - {"script":"<script> [1562 bytes]","args":[{"selector":{"id":"application-manageresources-display-component---newResourceUnit--SHORT_TEXT","interaction":{"idSuffix":"inner"}},"wdio_ui5_key":"applicationmanageresources-display-component---newResourceUnit--SHORT_TEXT"}]}
RESULT: {"script":"<script> [1562 bytes]","args":[{"selector":{"id":"application-manageresources-display-component---newResourceUnit--SHORT_TEXT","interaction":{"idSuffix":"inner"}},"wdio_ui5_key":"applicationmanageresources-display-component---newResourceUnit--SHORT_TEXT"}]}
RESULT: undefined
COMMAND: POST /session/0a56c8b3fe23980ff89a5571a3a07e32/execute/async - {"script":"<script> [776 bytes]","args":[{"enterText":"Intercompany Equipment WDIO","selector":{"id":"application-manageresources-display-component---newResourceUnit--SHORT_TEXT","interaction":{"idSuffix":"inner"}},"clearTextFirst":true,"interactionType":"ENTER_TEXT"}]}
RESULT: {"script":"<script> [776 bytes]","args":[{"enterText":"Intercompany Equipment WDIO","selector":{"id":"application-manageresources-display-component---newResourceUnit--SHORT_TEXT","interaction":{"idSuffix":"inner"}},"clearTextFirst":true,"interactionType":"ENTER_TEXT"}]}
COMMAND: POST /session/0a56c8b3fe23980ff89a5571a3a07e32/execute/async - {"script":"<script> [1562 bytes]","args":[{"selector":{"id":"application-manageresources-display-component---newResourceUnit--BASE_UNIT_OF_MEASURE","interaction":{"idSuffix":"inner"}},"wdio_ui5_key":"applicationmanageresources-display-component---newResourceUnit--BASE_UNIT_OF_MEASURE"}]}
RESULT: {"script":"<script> [1562 bytes]","args":[{"selector":{"id":"application-manageresources-display-component---newResourceUnit--BASE_UNIT_OF_MEASURE","interaction":{"idSuffix":"inner"}},"wdio_ui5_key":"applicationmanageresources-display-component---newResourceUnit--BASE_UNIT_OF_MEASURE"}]}
RESULT: undefined
COMMAND: POST /session/0a56c8b3fe23980ff89a5571a3a07e32/execute/async - {"script":"<script> [776 bytes]","args":[{"enterText":"Piece","selector":{"id":"application-manageresources-display-component---newResourceUnit--BASE_UNIT_OF_MEASURE","interaction":{"idSuffix":"inner"}},"clearTextFirst":true,"interactionType":"ENTER_TEXT"}]}
RESULT: {"script":"<script> [776 bytes]","args":[{"enterText":"Piece","selector":{"id":"application-manageresources-display-component---newResourceUnit--BASE_UNIT_OF_MEASURE","interaction":{"idSuffix":"inner"}},"clearTextFirst":true,"interactionType":"ENTER_TEXT"}]}
COMMAND: POST /session/0a56c8b3fe23980ff89a5571a3a07e32/execute/async - {"script":"<script> [1562 bytes]","args":[{"selector":{"id":"application-manageresources-display-component---newResourceUnit--WEIGHT_UNIT","interaction":{"idSuffix":"inner"}},"wdio_ui5_key":"applicationmanageresources-display-component---newResourceUnit--WEIGHT_UNIT"}]}
RESULT: {"script":"<script> [1562 bytes]","args":[{"selector":{"id":"application-manageresources-display-component---newResourceUnit--WEIGHT_UNIT","interaction":{"idSuffix":"inner"}},"wdio_ui5_key":"applicationmanageresources-display-component---newResourceUnit--WEIGHT_UNIT"}]}
RESULT: undefined
COMMAND: POST /session/0a56c8b3fe23980ff89a5571a3a07e32/execute/async - {"script":"<script> [776 bytes]","args":[{"enterText":"Gram","selector":{"id":"application-manageresources-display-component---newResourceUnit--WEIGHT_UNIT","interaction":{"idSuffix":"inner"}},"clearTextFirst":true,"interactionType":"ENTER_TEXT"}]}
RESULT: {"script":"<script> [776 bytes]","args":[{"enterText":"Gram","selector":{"id":"application-manageresources-display-component---newResourceUnit--WEIGHT_UNIT","interaction":{"idSuffix":"inner"}},"clearTextFirst":true,"interactionType":"ENTER_TEXT"}]}
COMMAND: POST /session/0a56c8b3fe23980ff89a5571a3a07e32/execute/async - {"script":"<script> [1562 bytes]","args":[{"selector":{"id":"application-manageresources-display-component---newResourceUnit--DIMENSION_UNIT","interaction":{"idSuffix":"inner"}},"wdio_ui5_key":"applicationmanageresources-display-component---newResourceUnit--DIMENSION_UNIT"}]}
RESULT: {"script":"<script> [1562 bytes]","args":[{"selector":{"id":"application-manageresources-display-component---newResourceUnit--DIMENSION_UNIT","interaction":{"idSuffix":"inner"}},"wdio_ui5_key":"applicationmanageresources-display-component---newResourceUnit--DIMENSION_UNIT"}]}
RESULT: undefined
COMMAND: POST /session/0a56c8b3fe23980ff89a5571a3a07e32/execute/async - {"script":"<script> [776 bytes]","args":[{"enterText":"Meter","selector":{"id":"application-manageresources-display-component---newResourceUnit--DIMENSION_UNIT","interaction":{"idSuffix":"inner"}},"clearTextFirst":true,"interactionType":"ENTER_TEXT"}]}
RESULT: {"script":"<script> [776 bytes]","args":[{"enterText":"Meter","selector":{"id":"application-manageresources-display-component---newResourceUnit--DIMENSION_UNIT","interaction":{"idSuffix":"inner"}},"clearTextFirst":true,"interactionType":"ENTER_TEXT"}]}
COMMAND: POST /session/0a56c8b3fe23980ff89a5571a3a07e32/execute/async - {"script":"<script> [1562 bytes]","args":[{"selector":{"id":"application-manageresources-display-component---newResourceUnit--newRRUPage-anchBar-application-manageresources-display-component---newResourceUnit--control-anchor","interaction":{"idSuffix":"BDI-content"}},"wdio_ui5_key":"applicationmanageresources-display-component---newResourceUnit--newRRUPage-anchBar-application-manageresources-display-component---newResourceUnit--control-anchor"}]}
RESULT: {"script":"<script> [1562 bytes]","args":[{"selector":{"id":"application-manageresources-display-component---newResourceUnit--newRRUPage-anchBar-application-manageresources-display-component---newResourceUnit--control-anchor","interaction":{"idSuffix":"BDI-content"}},"wdio_ui5_key":"applicationmanageresources-display-component---newResourceUnit--newRRUPage-anchBar-application-manageresources-display-component---newResourceUnit--control-anchor"}]}
RESULT: undefined
COMMAND: POST /session/0a56c8b3fe23980ff89a5571a3a07e32/element - {"using":"xpath","value":"//*[@id=\"application-manageresources-display-component---newResourceUnit--newRRUPage-anchBar-application-manageresources-display-component---newResourceUnit--control-anchor\"]"}
RESULT: {"using":"xpath","value":"//*[@id=\"application-manageresources-display-component---newResourceUnit--newRRUPage-anchBar-application-manageresources-display-component---newResourceUnit--control-anchor\"]"}
COMMAND: POST /session/0a56c8b3fe23980ff89a5571a3a07e32/element/f.8BC31031A8A77F81AA6DDAE562E569BF.d.B635543B615E2F377ED0D0E9132B8D47.e.20303/click - {}
RESULT: {}
COMMAND: POST /session/0a56c8b3fe23980ff89a5571a3a07e32/execute/async - {"script":"<script> [1562 bytes]","args":[{"selector":{"id":"application-manageresources-display-component---newResourceUnit--PLANNING_GROUP","interaction":{"idSuffix":"inner"}},"wdio_ui5_key":"applicationmanageresources-display-component---newResourceUnit--PLANNING_GROUP"}]}
COMMAND: GET /session/0a56c8b3fe23980ff89a5571a3a07e32/screenshot - {}
RESULT: {"script":"<script> [1562 bytes]","args":[{"selector":{"id":"application-manageresources-display-component---newResourceUnit--PLANNING_GROUP","interaction":{"idSuffix":"inner"}},"wdio_ui5_key":"applicationmanageresources-display-component---newResourceUnit--PLANNING_GROUP"}]}
RESULT: undefined
COMMAND: POST /session/0a56c8b3fe23980ff89a5571a3a07e32/execute/async - {"script":"<script> [776 bytes]","args":[{"enterText":"Heavy Equi","selector":{"id":"application-manageresources-display-component---newResourceUnit--PLANNING_GROUP","interaction":{"idSuffix":"inner"}},"clearTextFirst":true,"interactionType":"ENTER_TEXT"}]}
RESULT: {}
RESULT: {"script":"<script> [776 bytes]","args":[{"enterText":"Heavy Equi","selector":{"id":"application-manageresources-display-component---newResourceUnit--PLANNING_GROUP","interaction":{"idSuffix":"inner"}},"clearTextFirst":true,"interactionType":"ENTER_TEXT"}]}
COMMAND: POST /session/0a56c8b3fe23980ff89a5571a3a07e32/execute/async - {"script":"<script> [1562 bytes]","args":[{"selector":{"id":"application-manageresources-display-component---newResourceUnit--ITEM_TYPE-arrow"},"wdio_ui5_key":"applicationmanageresources-display-component---newResourceUnit--ITEM_TYPE-arrow"}]}
RESULT: {"script":"<script> [1562 bytes]","args":[{"selector":{"id":"application-manageresources-display-component---newResourceUnit--ITEM_TYPE-arrow"},"wdio_ui5_key":"applicationmanageresources-display-component---newResourceUnit--ITEM_TYPE-arrow"}]}
RESULT: undefined
COMMAND: POST /session/0a56c8b3fe23980ff89a5571a3a07e32/element - {"using":"xpath","value":"//*[@id=\"application-manageresources-display-component---newResourceUnit--ITEM_TYPE-arrow\"]"}
RESULT: {"using":"xpath","value":"//*[@id=\"application-manageresources-display-component---newResourceUnit--ITEM_TYPE-arrow\"]"}
COMMAND: POST /session/0a56c8b3fe23980ff89a5571a3a07e32/element/f.8BC31031A8A77F81AA6DDAE562E569BF.d.B635543B615E2F377ED0D0E9132B8D47.e.20310/click - {}
RESULT: {}
COMMAND: POST /session/0a56c8b3fe23980ff89a5571a3a07e32/element - {"using":"xpath","value":"(//span[contains(text(), \"Resource Unit\")])[2]"}
COMMAND: GET /session/0a56c8b3fe23980ff89a5571a3a07e32/screenshot - {}
RESULT: {"using":"xpath","value":"(//span[contains(text(), \"Resource Unit\")])[2]"}
COMMAND: POST /session/0a56c8b3fe23980ff89a5571a3a07e32/element/f.8BC31031A8A77F81AA6DDAE562E569BF.d.B635543B615E2F377ED0D0E9132B8D47.e.20311/click - {}
RESULT: {}
RESULT: {}
COMMAND: GET /session/0a56c8b3fe23980ff89a5571a3a07e32/screenshot - {}
RESULT: {}
COMMAND: POST /session/0a56c8b3fe23980ff89a5571a3a07e32/element - {"using":"css selector","value":"#application-manageresources-display-component---newResourceUnit--btnAddTimeSegment"}
RESULT: {"using":"css selector","value":"#application-manageresources-display-component---newResourceUnit--btnAddTimeSegment"}
COMMAND: GET /session/0a56c8b3fe23980ff89a5571a3a07e32/element/f.8BC31031A8A77F81AA6DDAE562E569BF.d.B635543B615E2F377ED0D0E9132B8D47.e.20318/rect - {}
RESULT: {}
COMMAND: GET /session/0a56c8b3fe23980ff89a5571a3a07e32/window/rect - {}
RESULT: {}
COMMAND: POST /session/0a56c8b3fe23980ff89a5571a3a07e32/execute/sync - {"script":"<script> [92 bytes]","args":[]}
RESULT: {"script":"<script> [92 bytes]","args":[]}
COMMAND: POST /session/0a56c8b3fe23980ff89a5571a3a07e32/actions - {"actions":[{"id":"action69","type":"wheel","parameters":{},"actions":[{"type":"scroll","x":-1888,"y":-32,"deltaX":0,"deltaY":0,"duration":0,"origin":{"element-6066-11e4-a52e-4f735466cecf":"f.8BC31031A8A77F81AA6DDAE562E569BF.d.B635543B615E2F377ED0D0E9132B8D47.e.20318"}}]}]}
COMMAND: GET /session/0a56c8b3fe23980ff89a5571a3a07e32/screenshot - {}
RESULT: {}
COMMAND: POST /session/0a56c8b3fe23980ff89a5571a3a07e32/execute/sync - {"script":"<script> [79 bytes]","args":[{"element-6066-11e4-a52e-4f735466cecf":"f.8BC31031A8A77F81AA6DDAE562E569BF.d.B635543B615E2F377ED0D0E9132B8D47.e.20318","ELEMENT":"f.8BC31031A8A77F81AA6DDAE562E569BF.d.B635543B615E2F377ED0D0E9132B8D47.e.20318"},{"block":"start","inline":"nearest"}]}
RESULT: {"script":"<script> [79 bytes]","args":[{"element-6066-11e4-a52e-4f735466cecf":"f.8BC31031A8A77F81AA6DDAE562E569BF.d.B635543B615E2F377ED0D0E9132B8D47.e.20318","ELEMENT":"f.8BC31031A8A77F81AA6DDAE562E569BF.d.B635543B615E2F377ED0D0E9132B8D47.e.20318"},{"block":"start","inline":"nearest"}]}
COMMAND: POST /session/0a56c8b3fe23980ff89a5571a3a07e32/execute/async - {"script":"<script> [1562 bytes]","args":[{"selector":{"id":"application-manageresources-display-component---newResourceUnit--btnAddTimeSegment","interaction":{"idSuffix":"inner"}},"wdio_ui5_key":"applicationmanageresources-display-component---newResourceUnit--btnAddTimeSegment"}]}
COMMAND: GET /session/0a56c8b3fe23980ff89a5571a3a07e32/screenshot - {}
RESULT: {"script":"<script> [1562 bytes]","args":[{"selector":{"id":"application-manageresources-display-component---newResourceUnit--btnAddTimeSegment","interaction":{"idSuffix":"inner"}},"wdio_ui5_key":"applicationmanageresources-display-component---newResourceUnit--btnAddTimeSegment"}]}
RESULT: undefined
COMMAND: POST /session/0a56c8b3fe23980ff89a5571a3a07e32/element - {"using":"xpath","value":"//*[@id=\"application-manageresources-display-component---newResourceUnit--btnAddTimeSegment\"]"}
RESULT: {}
RESULT: {"using":"xpath","value":"//*[@id=\"application-manageresources-display-component---newResourceUnit--btnAddTimeSegment\"]"}
COMMAND: POST /session/0a56c8b3fe23980ff89a5571a3a07e32/element/f.8BC31031A8A77F81AA6DDAE562E569BF.d.B635543B615E2F377ED0D0E9132B8D47.e.20318/click - {}
RESULT: {}
COMMAND: GET /session/0a56c8b3fe23980ff89a5571a3a07e32/screenshot - {}
RESULT: {}
COMMAND: POST /session/0a56c8b3fe23980ff89a5571a3a07e32/element - {"using":"xpath","value":"//input[@id=\"application-manageresources-display-component---newResourceUnit--idRuTSAdmin-application-manageresources-display-component---newResourceUnit--RUTimeSegment-0-inner\"]"}
RESULT: {"using":"xpath","value":"//input[@id=\"application-manageresources-display-component---newResourceUnit--idRuTSAdmin-application-manageresources-display-component---newResourceUnit--RUTimeSegment-0-inner\"]"}
COMMAND: POST /session/0a56c8b3fe23980ff89a5571a3a07e32/element/f.8BC31031A8A77F81AA6DDAE562E569BF.d.B635543B615E2F377ED0D0E9132B8D47.e.20324/clear - {}
RESULT: {}
COMMAND: POST /session/0a56c8b3fe23980ff89a5571a3a07e32/element/f.8BC31031A8A77F81AA6DDAE562E569BF.d.B635543B615E2F377ED0D0E9132B8D47.e.20324/value - {"text":"343"}
COMMAND: GET /session/0a56c8b3fe23980ff89a5571a3a07e32/screenshot - {}
RESULT: {"text":"343"}
COMMAND: GET /session/0a56c8b3fe23980ff89a5571a3a07e32/screenshot - {}
RESULT: {}
RESULT: {}
COMMAND: POST /session/0a56c8b3fe23980ff89a5571a3a07e32/element - {"using":"xpath","value":"//li[.//span[text()='343']]"}
RESULT: {"using":"xpath","value":"//li[.//span[text()='343']]"}
COMMAND: POST /session/0a56c8b3fe23980ff89a5571a3a07e32/element/f.8BC31031A8A77F81AA6DDAE562E569BF.d.B635543B615E2F377ED0D0E9132B8D47.e.20336/click - {}
RESULT: {}
COMMAND: GET /session/0a56c8b3fe23980ff89a5571a3a07e32/screenshot - {}
RESULT: {}
COMMAND: POST /session/0a56c8b3fe23980ff89a5571a3a07e32/element - {"using":"xpath","value":"(//span[contains(@id, \"-application-manageresources-display-component---newResourceUnit--RUTimeSegment-0-arrow\")])[6]"}
RESULT: {"using":"xpath","value":"(//span[contains(@id, \"-application-manageresources-display-component---newResourceUnit--RUTimeSegment-0-arrow\")])[6]"}
COMMAND: POST /session/0a56c8b3fe23980ff89a5571a3a07e32/element/f.8BC31031A8A77F81AA6DDAE562E569BF.d.B635543B615E2F377ED0D0E9132B8D47.e.20337/click - {}
RESULT: {}
COMMAND: GET /session/0a56c8b3fe23980ff89a5571a3a07e32/screenshot - {}
RESULT: {}
COMMAND: POST /session/0a56c8b3fe23980ff89a5571a3a07e32/element - {"using":"xpath","value":"//span[contains(text(), \"PM Order\")]"}
RESULT: {"using":"xpath","value":"//span[contains(text(), \"PM Order\")]"}
COMMAND: POST /session/0a56c8b3fe23980ff89a5571a3a07e32/element/f.8BC31031A8A77F81AA6DDAE562E569BF.d.B635543B615E2F377ED0D0E9132B8D47.e.20340/click - {}
RESULT: {}
COMMAND: GET /session/0a56c8b3fe23980ff89a5571a3a07e32/screenshot - {}
RESULT: {}
COMMAND: POST /session/0a56c8b3fe23980ff89a5571a3a07e32/element - {"using":"xpath","value":"(//span[contains(@id ,\"manageresources-display-component---newResourceUnit--RUTimeSegment-0-vhi\")])[1]"}
RESULT: {"using":"xpath","value":"(//span[contains(@id ,\"manageresources-display-component---newResourceUnit--RUTimeSegment-0-vhi\")])[1]"}
COMMAND: GET /session/0a56c8b3fe23980ff89a5571a3a07e32/element/f.8BC31031A8A77F81AA6DDAE562E569BF.d.B635543B615E2F377ED0D0E9132B8D47.e.20344/rect - {}
RESULT: {}
COMMAND: GET /session/0a56c8b3fe23980ff89a5571a3a07e32/window/rect - {}
RESULT: {}
COMMAND: POST /session/0a56c8b3fe23980ff89a5571a3a07e32/execute/sync - {"script":"<script> [92 bytes]","args":[]}
RESULT: {"script":"<script> [92 bytes]","args":[]}
COMMAND: POST /session/0a56c8b3fe23980ff89a5571a3a07e32/actions - {"actions":[{"id":"action70","type":"wheel","parameters":{},"actions":[{"type":"scroll","x":-869,"y":-24,"deltaX":0,"deltaY":0,"duration":0,"origin":{"element-6066-11e4-a52e-4f735466cecf":"f.8BC31031A8A77F81AA6DDAE562E569BF.d.B635543B615E2F377ED0D0E9132B8D47.e.20344"}}]}]}
COMMAND: GET /session/0a56c8b3fe23980ff89a5571a3a07e32/screenshot - {}
RESULT: {"actions":[{"id":"action70","type":"wheel","parameters":{},"actions":[{"type":"scroll","x":-869,"y":-24,"deltaX":0,"deltaY":0,"duration":0,"origin":{"element-6066-11e4-a52e-4f735466cecf":"f.8BC31031A8A77F81AA6DDAE562E569BF.d.B635543B615E2F377ED0D0E9132B8D47.e.20344"}}]}]}
COMMAND: DELETE /session/0a56c8b3fe23980ff89a5571a3a07e32/actions - {}
COMMAND: GET /session/0a56c8b3fe23980ff89a5571a3a07e32/screenshot - {}
RESULT: {}
RESULT: {}
COMMAND: GET /session/0a56c8b3fe23980ff89a5571a3a07e32/screenshot - {}
RESULT: {}
RESULT: {}
COMMAND: POST /session/0a56c8b3fe23980ff89a5571a3a07e32/element/f.8BC31031A8A77F81AA6DDAE562E569BF.d.B635543B615E2F377ED0D0E9132B8D47.e.20344/click - {}
RESULT: {}
COMMAND: GET /session/0a56c8b3fe23980ff89a5571a3a07e32/screenshot - {}
RESULT: {}
COMMAND: POST /session/0a56c8b3fe23980ff89a5571a3a07e32/execute/async - {"script":"<script> [1562 bytes]","args":[{"selector":{"controlType":"sap.m.SearchField","properties":{"placeholder":"Search"},"searchOpenDialogs":true,"interaction":{"idSuffix":"I"}},"wdio_ui5_key":"sapm.SearchField{\"placeholder\":\"Search\"}"}]}
RESULT: {"script":"<script> [1562 bytes]","args":[{"selector":{"controlType":"sap.m.SearchField","properties":{"placeholder":"Search"},"searchOpenDialogs":true,"interaction":{"idSuffix":"I"}},"wdio_ui5_key":"sapm.SearchField{\"placeholder\":\"Search\"}"}]}
RESULT: undefined
COMMAND: POST /session/0a56c8b3fe23980ff89a5571a3a07e32/execute/async - {"script":"<script> [776 bytes]","args":[{"enterText":"4000360","selector":{"controlType":"sap.m.SearchField","properties":{"placeholder":"Search"},"searchOpenDialogs":true,"interaction":{"idSuffix":"I"}},"clearTextFirst":true,"interactionType":"ENTER_TEXT"}]}
RESULT: {"script":"<script> [776 bytes]","args":[{"enterText":"4000360","selector":{"controlType":"sap.m.SearchField","properties":{"placeholder":"Search"},"searchOpenDialogs":true,"interaction":{"idSuffix":"I"}},"clearTextFirst":true,"interactionType":"ENTER_TEXT"}]}
COMMAND: POST /session/0a56c8b3fe23980ff89a5571a3a07e32/actions - {"actions":[{"id":"action71","type":"key","parameters":{},"actions":[{"type":"keyDown","value":""},{"type":"pause","duration":10},{"type":"keyUp","value":""}]}]}
RESULT: {"actions":[{"id":"action71","type":"key","parameters":{},"actions":[{"type":"keyDown","value":""},{"type":"pause","duration":10},{"type":"keyUp","value":""}]}]}
COMMAND: GET /session/0a56c8b3fe23980ff89a5571a3a07e32/screenshot - {}
RESULT: {}
COMMAND: POST /session/0a56c8b3fe23980ff89a5571a3a07e32/element - {"using":"xpath","value":"//td/div/span[contains(text(), \"BGL Vehicles\")]"}
RESULT: {"using":"xpath","value":"//td/div/span[contains(text(), \"BGL Vehicles\")]"}
COMMAND: POST /session/0a56c8b3fe23980ff89a5571a3a07e32/element/f.8BC31031A8A77F81AA6DDAE562E569BF.d.B635543B615E2F377ED0D0E9132B8D47.e.20367/click - {}
RESULT: {}
COMMAND: GET /session/0a56c8b3fe23980ff89a5571a3a07e32/screenshot - {}
RESULT: {}
COMMAND: POST /session/0a56c8b3fe23980ff89a5571a3a07e32/element - {"using":"xpath","value":"//bdi[contains(text(), \"OK\")]"}
RESULT: {"using":"xpath","value":"//bdi[contains(text(), \"OK\")]"}
COMMAND: POST /session/0a56c8b3fe23980ff89a5571a3a07e32/element/f.8BC31031A8A77F81AA6DDAE562E569BF.d.B635543B615E2F377ED0D0E9132B8D47.e.20368/click - {}
RESULT: {}
COMMAND: GET /session/0a56c8b3fe23980ff89a5571a3a07e32/screenshot - {}
RESULT: {}
COMMAND: POST /session/0a56c8b3fe23980ff89a5571a3a07e32/execute/async - {"script":"<script> [1562 bytes]","args":[{"selector":{"id":"application-manageresources-display-component---newResourceUnit--newRRUPage-anchBar-application-manageresources-display-component---newResourceUnit--resource-anchor","interaction":{"idSuffix":"BDI-content"}},"wdio_ui5_key":"applicationmanageresources-display-component---newResourceUnit--newRRUPage-anchBar-application-manageresources-display-component---newResourceUnit--resource-anchor"}]}
RESULT: {"script":"<script> [1562 bytes]","args":[{"selector":{"id":"application-manageresources-display-component---newResourceUnit--newRRUPage-anchBar-application-manageresources-display-component---newResourceUnit--resource-anchor","interaction":{"idSuffix":"BDI-content"}},"wdio_ui5_key":"applicationmanageresources-display-component---newResourceUnit--newRRUPage-anchBar-application-manageresources-display-component---newResourceUnit--resource-anchor"}]}
RESULT: undefined
COMMAND: POST /session/0a56c8b3fe23980ff89a5571a3a07e32/element - {"using":"xpath","value":"//*[@id=\"application-manageresources-display-component---newResourceUnit--newRRUPage-anchBar-application-manageresources-display-component---newResourceUnit--resource-anchor\"]"}
RESULT: {"using":"xpath","value":"//*[@id=\"application-manageresources-display-component---newResourceUnit--newRRUPage-anchBar-application-manageresources-display-component---newResourceUnit--resource-anchor\"]"}
COMMAND: POST /session/0a56c8b3fe23980ff89a5571a3a07e32/element/f.8BC31031A8A77F81AA6DDAE562E569BF.d.B635543B615E2F377ED0D0E9132B8D47.e.20372/click - {}
RESULT: {}
COMMAND: POST /session/0a56c8b3fe23980ff89a5571a3a07e32/execute/async - {"script":"<script> [1562 bytes]","args":[{"selector":{"id":"application-manageresources-display-component---newResourceUnit--PLANNED_DELIVERY_DATE","interaction":{"idSuffix":"inner"}},"wdio_ui5_key":"applicationmanageresources-display-component---newResourceUnit--PLANNED_DELIVERY_DATE"}]}
COMMAND: GET /session/0a56c8b3fe23980ff89a5571a3a07e32/screenshot - {}
RESULT: {"script":"<script> [1562 bytes]","args":[{"selector":{"id":"application-manageresources-display-component---newResourceUnit--PLANNED_DELIVERY_DATE","interaction":{"idSuffix":"inner"}},"wdio_ui5_key":"applicationmanageresources-display-component---newResourceUnit--PLANNED_DELIVERY_DATE"}]}
RESULT: undefined
COMMAND: POST /session/0a56c8b3fe23980ff89a5571a3a07e32/execute/async - {"script":"<script> [6424 bytes]","args":[{"element-6066-11e4-a52e-4f735466cecf":"f.8BC31031A8A77F81AA6DDAE562E569BF.d.B635543B615E2F377ED0D0E9132B8D47.e.20202"},"setValue",["5/26/25"]]}
RESULT: {}
RESULT: {"script":"<script> [6424 bytes]","args":[{"element-6066-11e4-a52e-4f735466cecf":"f.8BC31031A8A77F81AA6DDAE562E569BF.d.B635543B615E2F377ED0D0E9132B8D47.e.20202"},"setValue",["5/26/25"]]}
COMMAND: POST /session/0a56c8b3fe23980ff89a5571a3a07e32/element - {"using":"xpath","value":"//label[contains(@class, 'sapMLabelRequired') and .//bdi[contains(text(), 'Planned Retirement')]]"}
RESULT: {"using":"xpath","value":"//label[contains(@class, 'sapMLabelRequired') and .//bdi[contains(text(), 'Planned Retirement')]]"}
COMMAND: POST /session/0a56c8b3fe23980ff89a5571a3a07e32/elements - {"using":"xpath","value":"//label[contains(@class, 'sapMLabelRequired') and .//bdi[contains(text(), 'Planned Retirement')]]"}
RESULT: {"using":"xpath","value":"//label[contains(@class, 'sapMLabelRequired') and .//bdi[contains(text(), 'Planned Retirement')]]"}
COMMAND: POST /session/0a56c8b3fe23980ff89a5571a3a07e32/element - {"using":"xpath","value":"//button[@data-kt=\"resourceUnitSaveButton\"]"}
RESULT: {"using":"xpath","value":"//button[@data-kt=\"resourceUnitSaveButton\"]"}
COMMAND: POST /session/0a56c8b3fe23980ff89a5571a3a07e32/element/f.8BC31031A8A77F81AA6DDAE562E569BF.d.B635543B615E2F377ED0D0E9132B8D47.e.20162/click - {}
RESULT: {}
COMMAND: GET /session/0a56c8b3fe23980ff89a5571a3a07e32/screenshot - {}
RESULT: {}
COMMAND: POST /session/0a56c8b3fe23980ff89a5571a3a07e32/element - {"using":"xpath","value":"//bdi[contains(text(), \"Close\")]"}
RESULT: {"using":"xpath","value":"//bdi[contains(text(), \"Close\")]"}
COMMAND: POST /session/0a56c8b3fe23980ff89a5571a3a07e32/element/f.8BC31031A8A77F81AA6DDAE562E569BF.d.B635543B615E2F377ED0D0E9132B8D47.e.20381/click - {}
RESULT: {}
COMMAND: GET /session/0a56c8b3fe23980ff89a5571a3a07e32/screenshot - {}
RESULT: {}
COMMAND: POST /session/0a56c8b3fe23980ff89a5571a3a07e32/element - {"using":"xpath","value":"(//button[contains(@id ,\"actionsToolbar-overflowButton\")])[1]"}
RESULT: {"using":"xpath","value":"(//button[contains(@id ,\"actionsToolbar-overflowButton\")])[1]"}
COMMAND: POST /session/0a56c8b3fe23980ff89a5571a3a07e32/element/f.8BC31031A8A77F81AA6DDAE562E569BF.d.B635543B615E2F377ED0D0E9132B8D47.e.20437/click - {}
RESULT: {}
COMMAND: GET /session/0a56c8b3fe23980ff89a5571a3a07e32/screenshot - {}
RESULT: {}
COMMAND: POST /session/0a56c8b3fe23980ff89a5571a3a07e32/element - {"using":"xpath","value":"//button[@data-kt=\"priceInfoButton\"]"}
RESULT: {"using":"xpath","value":"//button[@data-kt=\"priceInfoButton\"]"}
COMMAND: POST /session/0a56c8b3fe23980ff89a5571a3a07e32/element/f.8BC31031A8A77F81AA6DDAE562E569BF.d.B635543B615E2F377ED0D0E9132B8D47.e.20441/click - {}
RESULT: {}
COMMAND: GET /session/0a56c8b3fe23980ff89a5571a3a07e32/screenshot - {}
RESULT: {}
]]></system-out>
    </testcase>
    <testcase classname="chrome.136_0_7103_93.windows.Billing_Calculation_-_Time_based_(considering_transport_times)_US139738" name="Should create new pricing rule for the equipment" time="53.14">
      <system-out><![CDATA[
COMMAND: POST /session/0a56c8b3fe23980ff89a5571a3a07e32/element - {"using":"xpath","value":"//button[@data-kt=\"addButton\"]"}
RESULT: {"using":"xpath","value":"//button[@data-kt=\"addButton\"]"}
COMMAND: POST /session/0a56c8b3fe23980ff89a5571a3a07e32/elements - {"using":"xpath","value":"//button[@data-kt=\"addButton\"]"}
RESULT: {"using":"xpath","value":"//button[@data-kt=\"addButton\"]"}
COMMAND: POST /session/0a56c8b3fe23980ff89a5571a3a07e32/execute/sync - {"script":"<script> [8489 bytes]","args":[{"element-6066-11e4-a52e-4f735466cecf":"f.8BC31031A8A77F81AA6DDAE562E569BF.d.B635543B615E2F377ED0D0E9132B8D47.e.20478","ELEMENT":"f.8BC31031A8A77F81AA6DDAE562E569BF.d.B635543B615E2F377ED0D0E9132B8D47.e.20478"}]}
RESULT: {"script":"<script> [8489 bytes]","args":[{"element-6066-11e4-a52e-4f735466cecf":"f.8BC31031A8A77F81AA6DDAE562E569BF.d.B635543B615E2F377ED0D0E9132B8D47.e.20478","ELEMENT":"f.8BC31031A8A77F81AA6DDAE562E569BF.d.B635543B615E2F377ED0D0E9132B8D47.e.20478"}]}
COMMAND: GET /session/0a56c8b3fe23980ff89a5571a3a07e32/element/f.8BC31031A8A77F81AA6DDAE562E569BF.d.B635543B615E2F377ED0D0E9132B8D47.e.20478/enabled - {}
COMMAND: GET /session/0a56c8b3fe23980ff89a5571a3a07e32/screenshot - {}
RESULT: {}
COMMAND: POST /session/0a56c8b3fe23980ff89a5571a3a07e32/execute/sync - {"script":"<script> [8489 bytes]","args":[{"element-6066-11e4-a52e-4f735466cecf":"f.8BC31031A8A77F81AA6DDAE562E569BF.d.B635543B615E2F377ED0D0E9132B8D47.e.20478","ELEMENT":"f.8BC31031A8A77F81AA6DDAE562E569BF.d.B635543B615E2F377ED0D0E9132B8D47.e.20478"}]}
COMMAND: GET /session/0a56c8b3fe23980ff89a5571a3a07e32/screenshot - {}
RESULT: {}
RESULT: {"script":"<script> [8489 bytes]","args":[{"element-6066-11e4-a52e-4f735466cecf":"f.8BC31031A8A77F81AA6DDAE562E569BF.d.B635543B615E2F377ED0D0E9132B8D47.e.20478","ELEMENT":"f.8BC31031A8A77F81AA6DDAE562E569BF.d.B635543B615E2F377ED0D0E9132B8D47.e.20478"}]}
COMMAND: POST /session/0a56c8b3fe23980ff89a5571a3a07e32/execute/sync - {"script":"<script> [5351 bytes]","args":[{"element-6066-11e4-a52e-4f735466cecf":"f.8BC31031A8A77F81AA6DDAE562E569BF.d.B635543B615E2F377ED0D0E9132B8D47.e.20478","ELEMENT":"f.8BC31031A8A77F81AA6DDAE562E569BF.d.B635543B615E2F377ED0D0E9132B8D47.e.20478"}]}
RESULT: {}
COMMAND: GET /session/0a56c8b3fe23980ff89a5571a3a07e32/screenshot - {}
RESULT: {"script":"<script> [5351 bytes]","args":[{"element-6066-11e4-a52e-4f735466cecf":"f.8BC31031A8A77F81AA6DDAE562E569BF.d.B635543B615E2F377ED0D0E9132B8D47.e.20478","ELEMENT":"f.8BC31031A8A77F81AA6DDAE562E569BF.d.B635543B615E2F377ED0D0E9132B8D47.e.20478"}]}
COMMAND: POST /session/0a56c8b3fe23980ff89a5571a3a07e32/element/f.8BC31031A8A77F81AA6DDAE562E569BF.d.B635543B615E2F377ED0D0E9132B8D47.e.20478/click - {}
COMMAND: GET /session/0a56c8b3fe23980ff89a5571a3a07e32/screenshot - {}
RESULT: {}
RESULT: {}
COMMAND: GET /session/0a56c8b3fe23980ff89a5571a3a07e32/screenshot - {}
RESULT: {}
RESULT: {}
COMMAND: POST /session/0a56c8b3fe23980ff89a5571a3a07e32/execute/async - {"script":"<script> [1562 bytes]","args":[{"selector":{"controlType":"sap.m.Title","viewName":"etm.portal.ui.managepricingrules.view.NewItem","viewId":"application-managepricingrules-display-component---newInfoPriceItem","properties":{"text":"New Pricing Rules - Item Level"}},"wdio_ui5_key":"etmportal.ui.managepricingrules.view.NewItemsap.m.Title{\"text\":\"New Pricing Rules - Item Level\"}"}]}
RESULT: {"script":"<script> [1562 bytes]","args":[{"selector":{"controlType":"sap.m.Title","viewName":"etm.portal.ui.managepricingrules.view.NewItem","viewId":"application-managepricingrules-display-component---newInfoPriceItem","properties":{"text":"New Pricing Rules - Item Level"}},"wdio_ui5_key":"etmportal.ui.managepricingrules.view.NewItemsap.m.Title{\"text\":\"New Pricing Rules - Item Level\"}"}]}
RESULT: undefined
COMMAND: POST /session/0a56c8b3fe23980ff89a5571a3a07e32/execute/async - {"script":"<script> [6424 bytes]","args":[{"element-6066-11e4-a52e-4f735466cecf":"f.8BC31031A8A77F81AA6DDAE562E569BF.d.B635543B615E2F377ED0D0E9132B8D47.e.20555"},"getText",[]]}
RESULT: {"script":"<script> [6424 bytes]","args":[{"element-6066-11e4-a52e-4f735466cecf":"f.8BC31031A8A77F81AA6DDAE562E569BF.d.B635543B615E2F377ED0D0E9132B8D47.e.20555"},"getText",[]]}
COMMAND: POST /session/0a56c8b3fe23980ff89a5571a3a07e32/execute/async - {"script":"<script> [1562 bytes]","args":[{"selector":{"id":"application-managepricingrules-display-component---newInfoPriceItem--condValidTo","interaction":{"idSuffix":"inner"}},"wdio_ui5_key":"applicationmanagepricingrules-display-component---newInfoPriceItem--condValidTo"}]}
RESULT: {"script":"<script> [1562 bytes]","args":[{"selector":{"id":"application-managepricingrules-display-component---newInfoPriceItem--condValidTo","interaction":{"idSuffix":"inner"}},"wdio_ui5_key":"applicationmanagepricingrules-display-component---newInfoPriceItem--condValidTo"}]}
RESULT: undefined
COMMAND: POST /session/0a56c8b3fe23980ff89a5571a3a07e32/execute/async - {"script":"<script> [776 bytes]","args":[{"enterText":"1/26/26","selector":{"id":"application-managepricingrules-display-component---newInfoPriceItem--condValidTo","interaction":{"idSuffix":"inner"}},"clearTextFirst":true,"interactionType":"ENTER_TEXT"}]}
RESULT: {"script":"<script> [776 bytes]","args":[{"enterText":"1/26/26","selector":{"id":"application-managepricingrules-display-component---newInfoPriceItem--condValidTo","interaction":{"idSuffix":"inner"}},"clearTextFirst":true,"interactionType":"ENTER_TEXT"}]}
COMMAND: POST /session/0a56c8b3fe23980ff89a5571a3a07e32/execute/async - {"script":"<script> [1562 bytes]","args":[{"selector":{"id":"application-managepricingrules-display-component---newInfoPriceItem--billType-arrow"},"wdio_ui5_key":"applicationmanagepricingrules-display-component---newInfoPriceItem--billType-arrow"}]}
RESULT: {"script":"<script> [1562 bytes]","args":[{"selector":{"id":"application-managepricingrules-display-component---newInfoPriceItem--billType-arrow"},"wdio_ui5_key":"applicationmanagepricingrules-display-component---newInfoPriceItem--billType-arrow"}]}
RESULT: undefined
COMMAND: POST /session/0a56c8b3fe23980ff89a5571a3a07e32/element - {"using":"xpath","value":"//*[@id=\"application-managepricingrules-display-component---newInfoPriceItem--billType-arrow\"]"}
RESULT: {"using":"xpath","value":"//*[@id=\"application-managepricingrules-display-component---newInfoPriceItem--billType-arrow\"]"}
COMMAND: POST /session/0a56c8b3fe23980ff89a5571a3a07e32/element/f.8BC31031A8A77F81AA6DDAE562E569BF.d.B635543B615E2F377ED0D0E9132B8D47.e.20557/click - {}
RESULT: {}
COMMAND: POST /session/0a56c8b3fe23980ff89a5571a3a07e32/element - {"using":"xpath","value":"//span[contains(text(), \"TB - Time based\")]"}
COMMAND: GET /session/0a56c8b3fe23980ff89a5571a3a07e32/screenshot - {}
RESULT: {"using":"xpath","value":"//span[contains(text(), \"TB - Time based\")]"}
COMMAND: POST /session/0a56c8b3fe23980ff89a5571a3a07e32/element/f.8BC31031A8A77F81AA6DDAE562E569BF.d.B635543B615E2F377ED0D0E9132B8D47.e.20558/click - {}
RESULT: {}
RESULT: {}
COMMAND: POST /session/0a56c8b3fe23980ff89a5571a3a07e32/execute/async - {"script":"<script> [1562 bytes]","args":[{"selector":{"id":"application-managepricingrules-display-component---newInfoPriceItem--priceProc-arrow"},"wdio_ui5_key":"applicationmanagepricingrules-display-component---newInfoPriceItem--priceProc-arrow"}]}
COMMAND: GET /session/0a56c8b3fe23980ff89a5571a3a07e32/screenshot - {}
RESULT: {"script":"<script> [1562 bytes]","args":[{"selector":{"id":"application-managepricingrules-display-component---newInfoPriceItem--priceProc-arrow"},"wdio_ui5_key":"applicationmanagepricingrules-display-component---newInfoPriceItem--priceProc-arrow"}]}
RESULT: undefined
COMMAND: POST /session/0a56c8b3fe23980ff89a5571a3a07e32/element - {"using":"xpath","value":"//*[@id=\"application-managepricingrules-display-component---newInfoPriceItem--priceProc-arrow\"]"}
RESULT: {}
RESULT: {"using":"xpath","value":"//*[@id=\"application-managepricingrules-display-component---newInfoPriceItem--priceProc-arrow\"]"}
COMMAND: POST /session/0a56c8b3fe23980ff89a5571a3a07e32/element/f.8BC31031A8A77F81AA6DDAE562E569BF.d.B635543B615E2F377ED0D0E9132B8D47.e.20559/click - {}
RESULT: {}
COMMAND: POST /session/0a56c8b3fe23980ff89a5571a3a07e32/element - {"using":"xpath","value":"//span[contains(text(), \"TBS - Time based standard\")]"}
COMMAND: GET /session/0a56c8b3fe23980ff89a5571a3a07e32/screenshot - {}
RESULT: {"using":"xpath","value":"//span[contains(text(), \"TBS - Time based standard\")]"}
COMMAND: POST /session/0a56c8b3fe23980ff89a5571a3a07e32/element/f.8BC31031A8A77F81AA6DDAE562E569BF.d.B635543B615E2F377ED0D0E9132B8D47.e.20560/click - {}
RESULT: {}
RESULT: {}
COMMAND: POST /session/0a56c8b3fe23980ff89a5571a3a07e32/execute/async - {"script":"<script> [1562 bytes]","args":[{"selector":{"id":"application-managepricingrules-display-component---newInfoPriceItem--calcBase-arrow"},"wdio_ui5_key":"applicationmanagepricingrules-display-component---newInfoPriceItem--calcBase-arrow"}]}
COMMAND: GET /session/0a56c8b3fe23980ff89a5571a3a07e32/screenshot - {}
RESULT: {"script":"<script> [1562 bytes]","args":[{"selector":{"id":"application-managepricingrules-display-component---newInfoPriceItem--calcBase-arrow"},"wdio_ui5_key":"applicationmanagepricingrules-display-component---newInfoPriceItem--calcBase-arrow"}]}
RESULT: undefined
COMMAND: POST /session/0a56c8b3fe23980ff89a5571a3a07e32/element - {"using":"xpath","value":"//*[@id=\"application-managepricingrules-display-component---newInfoPriceItem--calcBase-arrow\"]"}
RESULT: {}
RESULT: {"using":"xpath","value":"//*[@id=\"application-managepricingrules-display-component---newInfoPriceItem--calcBase-arrow\"]"}
COMMAND: POST /session/0a56c8b3fe23980ff89a5571a3a07e32/element/f.8BC31031A8A77F81AA6DDAE562E569BF.d.B635543B615E2F377ED0D0E9132B8D47.e.20561/click - {}
RESULT: {}
COMMAND: GET /session/0a56c8b3fe23980ff89a5571a3a07e32/screenshot - {}
RESULT: {}
COMMAND: POST /session/0a56c8b3fe23980ff89a5571a3a07e32/element - {"using":"xpath","value":"//span[contains(text(), \"0006 - TB(calendar days)\")]"}
RESULT: {"using":"xpath","value":"//span[contains(text(), \"0006 - TB(calendar days)\")]"}
COMMAND: POST /session/0a56c8b3fe23980ff89a5571a3a07e32/element/f.8BC31031A8A77F81AA6DDAE562E569BF.d.B635543B615E2F377ED0D0E9132B8D47.e.20562/click - {}
RESULT: {}
COMMAND: GET /session/0a56c8b3fe23980ff89a5571a3a07e32/screenshot - {}
RESULT: {}
COMMAND: POST /session/0a56c8b3fe23980ff89a5571a3a07e32/execute/async - {"script":"<script> [1562 bytes]","args":[{"selector":{"id":"application-managepricingrules-display-component---newInfoPriceItem--daysMonth","interaction":{"idSuffix":"inner"}},"wdio_ui5_key":"applicationmanagepricingrules-display-component---newInfoPriceItem--daysMonth"}]}
RESULT: {"script":"<script> [1562 bytes]","args":[{"selector":{"id":"application-managepricingrules-display-component---newInfoPriceItem--daysMonth","interaction":{"idSuffix":"inner"}},"wdio_ui5_key":"applicationmanagepricingrules-display-component---newInfoPriceItem--daysMonth"}]}
RESULT: undefined
COMMAND: POST /session/0a56c8b3fe23980ff89a5571a3a07e32/execute/async - {"script":"<script> [776 bytes]","args":[{"enterText":"30","selector":{"id":"application-managepricingrules-display-component---newInfoPriceItem--daysMonth","interaction":{"idSuffix":"inner"}},"clearTextFirst":true,"interactionType":"ENTER_TEXT"}]}
RESULT: {"script":"<script> [776 bytes]","args":[{"enterText":"30","selector":{"id":"application-managepricingrules-display-component---newInfoPriceItem--daysMonth","interaction":{"idSuffix":"inner"}},"clearTextFirst":true,"interactionType":"ENTER_TEXT"}]}
COMMAND: POST /session/0a56c8b3fe23980ff89a5571a3a07e32/element - {"using":"xpath","value":"//button[@data-kt=\"saveNewRuleButton\"]"}
RESULT: {"using":"xpath","value":"//button[@data-kt=\"saveNewRuleButton\"]"}
COMMAND: POST /session/0a56c8b3fe23980ff89a5571a3a07e32/element/f.8BC31031A8A77F81AA6DDAE562E569BF.d.B635543B615E2F377ED0D0E9132B8D47.e.20564/click - {}
RESULT: {}
COMMAND: GET /session/0a56c8b3fe23980ff89a5571a3a07e32/screenshot - {}
RESULT: {}
COMMAND: POST /session/0a56c8b3fe23980ff89a5571a3a07e32/execute/async - {"script":"<script> [1562 bytes]","args":[{"selector":{"id":"application-managepricingrules-display-component---priceInfoItem--smartFilterBar-btnBasicSearch","interaction":{"idSuffix":"I"}},"wdio_ui5_key":"applicationmanagepricingrules-display-component---priceInfoItem--smartFilterBar-btnBasicSearch"}]}
RESULT: {"script":"<script> [1562 bytes]","args":[{"selector":{"id":"application-managepricingrules-display-component---priceInfoItem--smartFilterBar-btnBasicSearch","interaction":{"idSuffix":"I"}},"wdio_ui5_key":"applicationmanagepricingrules-display-component---priceInfoItem--smartFilterBar-btnBasicSearch"}]}
RESULT: undefined
COMMAND: POST /session/0a56c8b3fe23980ff89a5571a3a07e32/execute/async - {"script":"<script> [776 bytes]","args":[{"enterText":"vjuh2F93BR","selector":{"id":"application-managepricingrules-display-component---priceInfoItem--smartFilterBar-btnBasicSearch","interaction":{"idSuffix":"I"}},"clearTextFirst":true,"interactionType":"ENTER_TEXT"}]}
RESULT: {"script":"<script> [776 bytes]","args":[{"enterText":"vjuh2F93BR","selector":{"id":"application-managepricingrules-display-component---priceInfoItem--smartFilterBar-btnBasicSearch","interaction":{"idSuffix":"I"}},"clearTextFirst":true,"interactionType":"ENTER_TEXT"}]}
COMMAND: POST /session/0a56c8b3fe23980ff89a5571a3a07e32/actions - {"actions":[{"id":"action72","type":"key","parameters":{},"actions":[{"type":"keyDown","value":""},{"type":"pause","duration":10},{"type":"keyUp","value":""}]}]}
RESULT: {"actions":[{"id":"action72","type":"key","parameters":{},"actions":[{"type":"keyDown","value":""},{"type":"pause","duration":10},{"type":"keyUp","value":""}]}]}
COMMAND: GET /session/0a56c8b3fe23980ff89a5571a3a07e32/screenshot - {}
RESULT: {}
COMMAND: POST /session/0a56c8b3fe23980ff89a5571a3a07e32/element - {"using":"xpath","value":"//span[@id=\"application-managepricingrules-display-component---priceInfoItem--smartTable-header-inner\"]"}
RESULT: {"using":"xpath","value":"//span[@id=\"application-managepricingrules-display-component---priceInfoItem--smartTable-header-inner\"]"}
COMMAND: POST /session/0a56c8b3fe23980ff89a5571a3a07e32/elements - {"using":"xpath","value":"//span[@id=\"application-managepricingrules-display-component---priceInfoItem--smartTable-header-inner\"]"}
RESULT: {"using":"xpath","value":"//span[@id=\"application-managepricingrules-display-component---priceInfoItem--smartTable-header-inner\"]"}
COMMAND: POST /session/0a56c8b3fe23980ff89a5571a3a07e32/execute/sync - {"script":"<script> [56 bytes]","args":[{"element-6066-11e4-a52e-4f735466cecf":"f.8BC31031A8A77F81AA6DDAE562E569BF.d.B635543B615E2F377ED0D0E9132B8D47.e.20588","ELEMENT":"f.8BC31031A8A77F81AA6DDAE562E569BF.d.B635543B615E2F377ED0D0E9132B8D47.e.20588"}]}
RESULT: {"script":"<script> [56 bytes]","args":[{"element-6066-11e4-a52e-4f735466cecf":"f.8BC31031A8A77F81AA6DDAE562E569BF.d.B635543B615E2F377ED0D0E9132B8D47.e.20588","ELEMENT":"f.8BC31031A8A77F81AA6DDAE562E569BF.d.B635543B615E2F377ED0D0E9132B8D47.e.20588"}]}
COMMAND: POST /session/0a56c8b3fe23980ff89a5571a3a07e32/element - {"using":"css selector","value":"#shell-header-logo"}
COMMAND: GET /session/0a56c8b3fe23980ff89a5571a3a07e32/screenshot - {}
RESULT: {"using":"css selector","value":"#shell-header-logo"}
COMMAND: POST /session/0a56c8b3fe23980ff89a5571a3a07e32/element/f.8BC31031A8A77F81AA6DDAE562E569BF.d.B635543B615E2F377ED0D0E9132B8D47.e.19628/click - {}
RESULT: {}
RESULT: {}
COMMAND: GET /session/0a56c8b3fe23980ff89a5571a3a07e32/screenshot - {}
RESULT: {}
]]></system-out>
    </testcase>
    <testcase classname="chrome.136_0_7103_93.windows.Billing_Calculation_-_Time_based_(considering_transport_times)_US139738" name="Should create new pricing condition for the equipment" time="72.286">
      <system-out><![CDATA[
COMMAND: POST /session/0a56c8b3fe23980ff89a5571a3a07e32/execute/async - {"script":"<script> [1562 bytes]","args":[{"selector":{"controlType":"sap.m.GenericTile","properties":{"header":"Manage Conditions & Prices"}},"wdio_ui5_key":"sapm.GenericTile{\"header\":\"Manage Conditions & Prices\"}"}]}
RESULT: {"script":"<script> [1562 bytes]","args":[{"selector":{"controlType":"sap.m.GenericTile","properties":{"header":"Manage Conditions & Prices"}},"wdio_ui5_key":"sapm.GenericTile{\"header\":\"Manage Conditions & Prices\"}"}]}
RESULT: undefined
COMMAND: POST /session/0a56c8b3fe23980ff89a5571a3a07e32/element - {"using":"xpath","value":"//*[@id=\"__tile53\"]"}
RESULT: {"using":"xpath","value":"//*[@id=\"__tile53\"]"}
COMMAND: POST /session/0a56c8b3fe23980ff89a5571a3a07e32/element/f.8BC31031A8A77F81AA6DDAE562E569BF.d.B635543B615E2F377ED0D0E9132B8D47.e.19696/click - {}
RESULT: {}
COMMAND: GET /session/0a56c8b3fe23980ff89a5571a3a07e32/screenshot - {}
RESULT: {}
COMMAND: POST /session/0a56c8b3fe23980ff89a5571a3a07e32/elements - {"using":"xpath","value":"//span[text()='Error']"}
RESULT: {"using":"xpath","value":"//span[text()='Error']"}
COMMAND: POST /session/0a56c8b3fe23980ff89a5571a3a07e32/element - {"using":"xpath","value":"//button[@aria-label=\"Create\"]"}
RESULT: {"using":"xpath","value":"//button[@aria-label=\"Create\"]"}
COMMAND: POST /session/0a56c8b3fe23980ff89a5571a3a07e32/elements - {"using":"xpath","value":"//button[@aria-label=\"Create\"]"}
RESULT: {"using":"xpath","value":"//button[@aria-label=\"Create\"]"}
COMMAND: POST /session/0a56c8b3fe23980ff89a5571a3a07e32/execute/sync - {"script":"<script> [8489 bytes]","args":[{"element-6066-11e4-a52e-4f735466cecf":"f.8BC31031A8A77F81AA6DDAE562E569BF.d.B635543B615E2F377ED0D0E9132B8D47.e.20623","ELEMENT":"f.8BC31031A8A77F81AA6DDAE562E569BF.d.B635543B615E2F377ED0D0E9132B8D47.e.20623"}]}
RESULT: {"script":"<script> [8489 bytes]","args":[{"element-6066-11e4-a52e-4f735466cecf":"f.8BC31031A8A77F81AA6DDAE562E569BF.d.B635543B615E2F377ED0D0E9132B8D47.e.20623","ELEMENT":"f.8BC31031A8A77F81AA6DDAE562E569BF.d.B635543B615E2F377ED0D0E9132B8D47.e.20623"}]}
COMMAND: GET /session/0a56c8b3fe23980ff89a5571a3a07e32/element/f.8BC31031A8A77F81AA6DDAE562E569BF.d.B635543B615E2F377ED0D0E9132B8D47.e.20623/enabled - {}
COMMAND: GET /session/0a56c8b3fe23980ff89a5571a3a07e32/screenshot - {}
RESULT: {}
COMMAND: POST /session/0a56c8b3fe23980ff89a5571a3a07e32/execute/sync - {"script":"<script> [8489 bytes]","args":[{"element-6066-11e4-a52e-4f735466cecf":"f.8BC31031A8A77F81AA6DDAE562E569BF.d.B635543B615E2F377ED0D0E9132B8D47.e.20623","ELEMENT":"f.8BC31031A8A77F81AA6DDAE562E569BF.d.B635543B615E2F377ED0D0E9132B8D47.e.20623"}]}
COMMAND: GET /session/0a56c8b3fe23980ff89a5571a3a07e32/screenshot - {}
RESULT: {}
RESULT: {"script":"<script> [8489 bytes]","args":[{"element-6066-11e4-a52e-4f735466cecf":"f.8BC31031A8A77F81AA6DDAE562E569BF.d.B635543B615E2F377ED0D0E9132B8D47.e.20623","ELEMENT":"f.8BC31031A8A77F81AA6DDAE562E569BF.d.B635543B615E2F377ED0D0E9132B8D47.e.20623"}]}
COMMAND: POST /session/0a56c8b3fe23980ff89a5571a3a07e32/execute/sync - {"script":"<script> [5351 bytes]","args":[{"element-6066-11e4-a52e-4f735466cecf":"f.8BC31031A8A77F81AA6DDAE562E569BF.d.B635543B615E2F377ED0D0E9132B8D47.e.20623","ELEMENT":"f.8BC31031A8A77F81AA6DDAE562E569BF.d.B635543B615E2F377ED0D0E9132B8D47.e.20623"}]}
COMMAND: GET /session/0a56c8b3fe23980ff89a5571a3a07e32/screenshot - {}
RESULT: {}
RESULT: {"script":"<script> [5351 bytes]","args":[{"element-6066-11e4-a52e-4f735466cecf":"f.8BC31031A8A77F81AA6DDAE562E569BF.d.B635543B615E2F377ED0D0E9132B8D47.e.20623","ELEMENT":"f.8BC31031A8A77F81AA6DDAE562E569BF.d.B635543B615E2F377ED0D0E9132B8D47.e.20623"}]}
COMMAND: POST /session/0a56c8b3fe23980ff89a5571a3a07e32/element/f.8BC31031A8A77F81AA6DDAE562E569BF.d.B635543B615E2F377ED0D0E9132B8D47.e.20623/click - {}
COMMAND: GET /session/0a56c8b3fe23980ff89a5571a3a07e32/screenshot - {}
RESULT: {}
RESULT: {}
COMMAND: GET /session/0a56c8b3fe23980ff89a5571a3a07e32/screenshot - {}
RESULT: {}
RESULT: {}
COMMAND: POST /session/0a56c8b3fe23980ff89a5571a3a07e32/actions - {"actions":[{"id":"action73","type":"key","parameters":{},"actions":[{"type":"keyDown","value":""},{"type":"pause","duration":10},{"type":"keyUp","value":""}]}]}
RESULT: {"actions":[{"id":"action73","type":"key","parameters":{},"actions":[{"type":"keyDown","value":""},{"type":"pause","duration":10},{"type":"keyUp","value":""}]}]}
COMMAND: GET /session/0a56c8b3fe23980ff89a5571a3a07e32/screenshot - {}
RESULT: {}
COMMAND: POST /session/0a56c8b3fe23980ff89a5571a3a07e32/execute/async - {"script":"<script> [1562 bytes]","args":[{"selector":{"id":"application-manageconditionprice-display-component---newCondition--condBillCond-arrow"},"wdio_ui5_key":"applicationmanageconditionprice-display-component---newCondition--condBillCond-arrow"}]}
RESULT: {"script":"<script> [1562 bytes]","args":[{"selector":{"id":"application-manageconditionprice-display-component---newCondition--condBillCond-arrow"},"wdio_ui5_key":"applicationmanageconditionprice-display-component---newCondition--condBillCond-arrow"}]}
RESULT: undefined
COMMAND: POST /session/0a56c8b3fe23980ff89a5571a3a07e32/element - {"using":"xpath","value":"//*[@id=\"application-manageconditionprice-display-component---newCondition--condBillCond-arrow\"]"}
RESULT: {"using":"xpath","value":"//*[@id=\"application-manageconditionprice-display-component---newCondition--condBillCond-arrow\"]"}
COMMAND: POST /session/0a56c8b3fe23980ff89a5571a3a07e32/element/f.8BC31031A8A77F81AA6DDAE562E569BF.d.B635543B615E2F377ED0D0E9132B8D47.e.20800/click - {}
RESULT: {}
COMMAND: GET /session/0a56c8b3fe23980ff89a5571a3a07e32/screenshot - {}
RESULT: {}
COMMAND: POST /session/0a56c8b3fe23980ff89a5571a3a07e32/element - {"using":"xpath","value":"//li[.//span[contains(text(), \"DISP - D&I special price\")]]"}
RESULT: {"using":"xpath","value":"//li[.//span[contains(text(), \"DISP - D&I special price\")]]"}
COMMAND: POST /session/0a56c8b3fe23980ff89a5571a3a07e32/element/f.8BC31031A8A77F81AA6DDAE562E569BF.d.B635543B615E2F377ED0D0E9132B8D47.e.20803/click - {}
RESULT: {}
COMMAND: GET /session/0a56c8b3fe23980ff89a5571a3a07e32/screenshot - {}
RESULT: {}
COMMAND: POST /session/0a56c8b3fe23980ff89a5571a3a07e32/execute/async - {"script":"<script> [1562 bytes]","args":[{"selector":{"id":"application-manageconditionprice-display-component---newCondition--condValidTo","interaction":{"idSuffix":"inner"}},"wdio_ui5_key":"applicationmanageconditionprice-display-component---newCondition--condValidTo"}]}
RESULT: {"script":"<script> [1562 bytes]","args":[{"selector":{"id":"application-manageconditionprice-display-component---newCondition--condValidTo","interaction":{"idSuffix":"inner"}},"wdio_ui5_key":"applicationmanageconditionprice-display-component---newCondition--condValidTo"}]}
RESULT: undefined
COMMAND: POST /session/0a56c8b3fe23980ff89a5571a3a07e32/execute/async - {"script":"<script> [776 bytes]","args":[{"enterText":"1/26/26","selector":{"id":"application-manageconditionprice-display-component---newCondition--condValidTo","interaction":{"idSuffix":"inner"}},"clearTextFirst":true,"interactionType":"ENTER_TEXT"}]}
RESULT: {"script":"<script> [776 bytes]","args":[{"enterText":"1/26/26","selector":{"id":"application-manageconditionprice-display-component---newCondition--condValidTo","interaction":{"idSuffix":"inner"}},"clearTextFirst":true,"interactionType":"ENTER_TEXT"}]}
COMMAND: POST /session/0a56c8b3fe23980ff89a5571a3a07e32/element - {"using":"xpath","value":"//input[@id=\"application-manageconditionprice-display-component---newCondition--condRU-inner\"]"}
RESULT: {"using":"xpath","value":"//input[@id=\"application-manageconditionprice-display-component---newCondition--condRU-inner\"]"}
COMMAND: POST /session/0a56c8b3fe23980ff89a5571a3a07e32/element/f.8BC31031A8A77F81AA6DDAE562E569BF.d.B635543B615E2F377ED0D0E9132B8D47.e.20640/clear - {}
RESULT: {}
COMMAND: POST /session/0a56c8b3fe23980ff89a5571a3a07e32/element/f.8BC31031A8A77F81AA6DDAE562E569BF.d.B635543B615E2F377ED0D0E9132B8D47.e.20640/value - {"text":"vjuh2F93BR"}
COMMAND: GET /session/0a56c8b3fe23980ff89a5571a3a07e32/screenshot - {}
RESULT: {"text":"vjuh2F93BR"}
COMMAND: GET /session/0a56c8b3fe23980ff89a5571a3a07e32/screenshot - {}
RESULT: {}
RESULT: {}
COMMAND: POST /session/0a56c8b3fe23980ff89a5571a3a07e32/actions - {"actions":[{"id":"action74","type":"key","parameters":{},"actions":[{"type":"keyDown","value":""},{"type":"pause","duration":10},{"type":"keyUp","value":""}]}]}
RESULT: {"actions":[{"id":"action74","type":"key","parameters":{},"actions":[{"type":"keyDown","value":""},{"type":"pause","duration":10},{"type":"keyUp","value":""}]}]}
COMMAND: POST /session/0a56c8b3fe23980ff89a5571a3a07e32/execute/async - {"script":"<script> [1562 bytes]","args":[{"selector":{"id":"application-manageconditionprice-display-component---newCondition--condBaseQty","interaction":{"idSuffix":"inner"}},"wdio_ui5_key":"applicationmanageconditionprice-display-component---newCondition--condBaseQty"}]}
COMMAND: GET /session/0a56c8b3fe23980ff89a5571a3a07e32/screenshot - {}
RESULT: {"script":"<script> [1562 bytes]","args":[{"selector":{"id":"application-manageconditionprice-display-component---newCondition--condBaseQty","interaction":{"idSuffix":"inner"}},"wdio_ui5_key":"applicationmanageconditionprice-display-component---newCondition--condBaseQty"}]}
RESULT: undefined
COMMAND: POST /session/0a56c8b3fe23980ff89a5571a3a07e32/execute/async - {"script":"<script> [776 bytes]","args":[{"enterText":"1","selector":{"id":"application-manageconditionprice-display-component---newCondition--condBaseQty","interaction":{"idSuffix":"inner"}},"clearTextFirst":true,"interactionType":"ENTER_TEXT"}]}
RESULT: {}
RESULT: {"script":"<script> [776 bytes]","args":[{"enterText":"1","selector":{"id":"application-manageconditionprice-display-component---newCondition--condBaseQty","interaction":{"idSuffix":"inner"}},"clearTextFirst":true,"interactionType":"ENTER_TEXT"}]}
COMMAND: POST /session/0a56c8b3fe23980ff89a5571a3a07e32/execute/async - {"script":"<script> [1562 bytes]","args":[{"selector":{"id":"application-manageconditionprice-display-component---newCondition--condValue","interaction":{"idSuffix":"inner"}},"wdio_ui5_key":"applicationmanageconditionprice-display-component---newCondition--condValue"}]}
RESULT: {"script":"<script> [1562 bytes]","args":[{"selector":{"id":"application-manageconditionprice-display-component---newCondition--condValue","interaction":{"idSuffix":"inner"}},"wdio_ui5_key":"applicationmanageconditionprice-display-component---newCondition--condValue"}]}
RESULT: undefined
COMMAND: POST /session/0a56c8b3fe23980ff89a5571a3a07e32/execute/async - {"script":"<script> [776 bytes]","args":[{"enterText":"100","selector":{"id":"application-manageconditionprice-display-component---newCondition--condValue","interaction":{"idSuffix":"inner"}},"clearTextFirst":true,"interactionType":"ENTER_TEXT"}]}
RESULT: {"script":"<script> [776 bytes]","args":[{"enterText":"100","selector":{"id":"application-manageconditionprice-display-component---newCondition--condValue","interaction":{"idSuffix":"inner"}},"clearTextFirst":true,"interactionType":"ENTER_TEXT"}]}
COMMAND: POST /session/0a56c8b3fe23980ff89a5571a3a07e32/execute/async - {"script":"<script> [1562 bytes]","args":[{"selector":{"id":"application-manageconditionprice-display-component---newCondition--condCurr-arrow"},"wdio_ui5_key":"applicationmanageconditionprice-display-component---newCondition--condCurr-arrow"}]}
RESULT: {"script":"<script> [1562 bytes]","args":[{"selector":{"id":"application-manageconditionprice-display-component---newCondition--condCurr-arrow"},"wdio_ui5_key":"applicationmanageconditionprice-display-component---newCondition--condCurr-arrow"}]}
RESULT: undefined
COMMAND: POST /session/0a56c8b3fe23980ff89a5571a3a07e32/element - {"using":"xpath","value":"//*[@id=\"application-manageconditionprice-display-component---newCondition--condCurr-arrow\"]"}
RESULT: {"using":"xpath","value":"//*[@id=\"application-manageconditionprice-display-component---newCondition--condCurr-arrow\"]"}
COMMAND: POST /session/0a56c8b3fe23980ff89a5571a3a07e32/element/f.8BC31031A8A77F81AA6DDAE562E569BF.d.B635543B615E2F377ED0D0E9132B8D47.e.20766/click - {}
RESULT: {}
COMMAND: POST /session/0a56c8b3fe23980ff89a5571a3a07e32/element - {"using":"xpath","value":"//span[contains(text(), \"Euro\")]"}
COMMAND: GET /session/0a56c8b3fe23980ff89a5571a3a07e32/screenshot - {}
RESULT: {"using":"xpath","value":"//span[contains(text(), \"Euro\")]"}
COMMAND: POST /session/0a56c8b3fe23980ff89a5571a3a07e32/element/f.8BC31031A8A77F81AA6DDAE562E569BF.d.B635543B615E2F377ED0D0E9132B8D47.e.20839/click - {}
RESULT: {}
RESULT: {}
COMMAND: POST /session/0a56c8b3fe23980ff89a5571a3a07e32/element - {"using":"xpath","value":"//button[@data-kt=\"saveButton\"]"}
COMMAND: GET /session/0a56c8b3fe23980ff89a5571a3a07e32/screenshot - {}
RESULT: {"using":"xpath","value":"//button[@data-kt=\"saveButton\"]"}
COMMAND: POST /session/0a56c8b3fe23980ff89a5571a3a07e32/element/f.8BC31031A8A77F81AA6DDAE562E569BF.d.B635543B615E2F377ED0D0E9132B8D47.e.20767/click - {}
RESULT: {}
RESULT: {}
COMMAND: GET /session/0a56c8b3fe23980ff89a5571a3a07e32/screenshot - {}
RESULT: {}
COMMAND: POST /session/0a56c8b3fe23980ff89a5571a3a07e32/execute/async - {"script":"<script> [1562 bytes]","args":[{"selector":{"id":"application-manageconditionprice-display-component---conditions--smartFilterBar-btnBasicSearch","interaction":{"idSuffix":"I"}},"wdio_ui5_key":"applicationmanageconditionprice-display-component---conditions--smartFilterBar-btnBasicSearch"}]}
RESULT: {"script":"<script> [1562 bytes]","args":[{"selector":{"id":"application-manageconditionprice-display-component---conditions--smartFilterBar-btnBasicSearch","interaction":{"idSuffix":"I"}},"wdio_ui5_key":"applicationmanageconditionprice-display-component---conditions--smartFilterBar-btnBasicSearch"}]}
RESULT: undefined
COMMAND: POST /session/0a56c8b3fe23980ff89a5571a3a07e32/execute/async - {"script":"<script> [776 bytes]","args":[{"enterText":"vjuh2F93BR","selector":{"id":"application-manageconditionprice-display-component---conditions--smartFilterBar-btnBasicSearch","interaction":{"idSuffix":"I"}},"clearTextFirst":true,"interactionType":"ENTER_TEXT"}]}
RESULT: {"script":"<script> [776 bytes]","args":[{"enterText":"vjuh2F93BR","selector":{"id":"application-manageconditionprice-display-component---conditions--smartFilterBar-btnBasicSearch","interaction":{"idSuffix":"I"}},"clearTextFirst":true,"interactionType":"ENTER_TEXT"}]}
COMMAND: POST /session/0a56c8b3fe23980ff89a5571a3a07e32/actions - {"actions":[{"id":"action75","type":"key","parameters":{},"actions":[{"type":"keyDown","value":""},{"type":"pause","duration":10},{"type":"keyUp","value":""}]}]}
RESULT: {"actions":[{"id":"action75","type":"key","parameters":{},"actions":[{"type":"keyDown","value":""},{"type":"pause","duration":10},{"type":"keyUp","value":""}]}]}
COMMAND: GET /session/0a56c8b3fe23980ff89a5571a3a07e32/screenshot - {}
RESULT: {}
COMMAND: POST /session/0a56c8b3fe23980ff89a5571a3a07e32/execute/async - {"script":"<script> [1562 bytes]","args":[{"selector":{"id":"application-manageconditionprice-display-component---conditions--smartFilterBar-filterItemControl_BASIC-BILL_TYPES-vhi"},"wdio_ui5_key":"applicationmanageconditionprice-display-component---conditions--smartFilterBar-filterItemControl_BASIC-BILL_TYPES-vhi"}]}
RESULT: {"script":"<script> [1562 bytes]","args":[{"selector":{"id":"application-manageconditionprice-display-component---conditions--smartFilterBar-filterItemControl_BASIC-BILL_TYPES-vhi"},"wdio_ui5_key":"applicationmanageconditionprice-display-component---conditions--smartFilterBar-filterItemControl_BASIC-BILL_TYPES-vhi"}]}
RESULT: undefined
COMMAND: POST /session/0a56c8b3fe23980ff89a5571a3a07e32/element - {"using":"xpath","value":"//*[@id=\"application-manageconditionprice-display-component---conditions--smartFilterBar-filterItemControl_BASIC-BILL_TYPES-vhi\"]"}
RESULT: {"using":"xpath","value":"//*[@id=\"application-manageconditionprice-display-component---conditions--smartFilterBar-filterItemControl_BASIC-BILL_TYPES-vhi\"]"}
COMMAND: POST /session/0a56c8b3fe23980ff89a5571a3a07e32/element/f.8BC31031A8A77F81AA6DDAE562E569BF.d.B635543B615E2F377ED0D0E9132B8D47.e.20945/click - {}
RESULT: {}
COMMAND: POST /session/0a56c8b3fe23980ff89a5571a3a07e32/execute/async - {"script":"<script> [1562 bytes]","args":[{"selector":{"id":"application-manageconditionprice-display-component---conditions--smartFilterBar-filterItemControl_BASIC-BILL_TYPES-valueHelpDialog-smartFilterBar-btnBasicSearch","searchOpenDialogs":true,"interaction":{"idSuffix":"I"}},"wdio_ui5_key":"applicationmanageconditionprice-display-component---conditions--smartFilterBar-filterItemControl_BASIC-BILL_TYPES-valueHelpDialog-smartFilterBar-btnBasicSearch"}]}
COMMAND: GET /session/0a56c8b3fe23980ff89a5571a3a07e32/screenshot - {}
RESULT: {"script":"<script> [1562 bytes]","args":[{"selector":{"id":"application-manageconditionprice-display-component---conditions--smartFilterBar-filterItemControl_BASIC-BILL_TYPES-valueHelpDialog-smartFilterBar-btnBasicSearch","searchOpenDialogs":true,"interaction":{"idSuffix":"I"}},"wdio_ui5_key":"applicationmanageconditionprice-display-component---conditions--smartFilterBar-filterItemControl_BASIC-BILL_TYPES-valueHelpDialog-smartFilterBar-btnBasicSearch"}]}
RESULT: undefined
COMMAND: POST /session/0a56c8b3fe23980ff89a5571a3a07e32/execute/async - {"script":"<script> [776 bytes]","args":[{"enterText":"TB","selector":{"id":"application-manageconditionprice-display-component---conditions--smartFilterBar-filterItemControl_BASIC-BILL_TYPES-valueHelpDialog-smartFilterBar-btnBasicSearch","searchOpenDialogs":true,"interaction":{"idSuffix":"I"}},"clearTextFirst":true,"interactionType":"ENTER_TEXT"}]}
RESULT: {}
RESULT: {"script":"<script> [776 bytes]","args":[{"enterText":"TB","selector":{"id":"application-manageconditionprice-display-component---conditions--smartFilterBar-filterItemControl_BASIC-BILL_TYPES-valueHelpDialog-smartFilterBar-btnBasicSearch","searchOpenDialogs":true,"interaction":{"idSuffix":"I"}},"clearTextFirst":true,"interactionType":"ENTER_TEXT"}]}
COMMAND: POST /session/0a56c8b3fe23980ff89a5571a3a07e32/actions - {"actions":[{"id":"action76","type":"key","parameters":{},"actions":[{"type":"keyDown","value":""},{"type":"pause","duration":10},{"type":"keyUp","value":""}]}]}
RESULT: {"actions":[{"id":"action76","type":"key","parameters":{},"actions":[{"type":"keyDown","value":""},{"type":"pause","duration":10},{"type":"keyUp","value":""}]}]}
COMMAND: GET /session/0a56c8b3fe23980ff89a5571a3a07e32/screenshot - {}
RESULT: {}
COMMAND: POST /session/0a56c8b3fe23980ff89a5571a3a07e32/element - {"using":"xpath","value":"//div[contains(@id, 'application-manageconditionprice-display-component---conditions--smartFilterBar-filterItemControl_BASIC-BILL_TYPES-valueHelpDialog-table-rowsel0')]"}
RESULT: {"using":"xpath","value":"//div[contains(@id, 'application-manageconditionprice-display-component---conditions--smartFilterBar-filterItemControl_BASIC-BILL_TYPES-valueHelpDialog-table-rowsel0')]"}
COMMAND: POST /session/0a56c8b3fe23980ff89a5571a3a07e32/element/f.8BC31031A8A77F81AA6DDAE562E569BF.d.B635543B615E2F377ED0D0E9132B8D47.e.20954/click - {}
RESULT: {}
COMMAND: GET /session/0a56c8b3fe23980ff89a5571a3a07e32/screenshot - {}
RESULT: {}
COMMAND: POST /session/0a56c8b3fe23980ff89a5571a3a07e32/element - {"using":"xpath","value":"//bdi[contains(text(), \"OK\")]"}
RESULT: {"using":"xpath","value":"//bdi[contains(text(), \"OK\")]"}
COMMAND: POST /session/0a56c8b3fe23980ff89a5571a3a07e32/element/f.8BC31031A8A77F81AA6DDAE562E569BF.d.B635543B615E2F377ED0D0E9132B8D47.e.20956/click - {}
RESULT: {}
COMMAND: GET /session/0a56c8b3fe23980ff89a5571a3a07e32/screenshot - {}
RESULT: {}
COMMAND: POST /session/0a56c8b3fe23980ff89a5571a3a07e32/element - {"using":"xpath","value":"//span[@id=\"application-manageconditionprice-display-component---conditions--smartTable-header-inner\"]"}
RESULT: {"using":"xpath","value":"//span[@id=\"application-manageconditionprice-display-component---conditions--smartTable-header-inner\"]"}
COMMAND: POST /session/0a56c8b3fe23980ff89a5571a3a07e32/elements - {"using":"xpath","value":"//span[@id=\"application-manageconditionprice-display-component---conditions--smartTable-header-inner\"]"}
RESULT: {"using":"xpath","value":"//span[@id=\"application-manageconditionprice-display-component---conditions--smartTable-header-inner\"]"}
COMMAND: POST /session/0a56c8b3fe23980ff89a5571a3a07e32/execute/sync - {"script":"<script> [56 bytes]","args":[{"element-6066-11e4-a52e-4f735466cecf":"f.8BC31031A8A77F81AA6DDAE562E569BF.d.B635543B615E2F377ED0D0E9132B8D47.e.20959","ELEMENT":"f.8BC31031A8A77F81AA6DDAE562E569BF.d.B635543B615E2F377ED0D0E9132B8D47.e.20959"}]}
RESULT: {"script":"<script> [56 bytes]","args":[{"element-6066-11e4-a52e-4f735466cecf":"f.8BC31031A8A77F81AA6DDAE562E569BF.d.B635543B615E2F377ED0D0E9132B8D47.e.20959","ELEMENT":"f.8BC31031A8A77F81AA6DDAE562E569BF.d.B635543B615E2F377ED0D0E9132B8D47.e.20959"}]}
COMMAND: POST /session/0a56c8b3fe23980ff89a5571a3a07e32/element - {"using":"css selector","value":"#shell-header-logo"}
COMMAND: GET /session/0a56c8b3fe23980ff89a5571a3a07e32/screenshot - {}
RESULT: {"using":"css selector","value":"#shell-header-logo"}
COMMAND: POST /session/0a56c8b3fe23980ff89a5571a3a07e32/element/f.8BC31031A8A77F81AA6DDAE562E569BF.d.B635543B615E2F377ED0D0E9132B8D47.e.20591/click - {}
RESULT: {}
RESULT: {}
COMMAND: GET /session/0a56c8b3fe23980ff89a5571a3a07e32/screenshot - {}
RESULT: {}
]]></system-out>
    </testcase>
    <testcase classname="chrome.136_0_7103_93.windows.Billing_Calculation_-_Time_based_(considering_transport_times)_US139738" name="Should do a stock increase for the equipment" time="96.218">
      <system-out><![CDATA[
COMMAND: POST /session/0a56c8b3fe23980ff89a5571a3a07e32/execute/async - {"script":"<script> [1562 bytes]","args":[{"selector":{"controlType":"sap.m.GenericTile","properties":{"header":"Manage Handovers"}},"wdio_ui5_key":"sapm.GenericTile{\"header\":\"Manage Handovers\"}"}]}
RESULT: {"script":"<script> [1562 bytes]","args":[{"selector":{"controlType":"sap.m.GenericTile","properties":{"header":"Manage Handovers"}},"wdio_ui5_key":"sapm.GenericTile{\"header\":\"Manage Handovers\"}"}]}
RESULT: undefined
COMMAND: POST /session/0a56c8b3fe23980ff89a5571a3a07e32/element - {"using":"xpath","value":"//*[@id=\"__tile133\"]"}
RESULT: {"using":"xpath","value":"//*[@id=\"__tile133\"]"}
COMMAND: POST /session/0a56c8b3fe23980ff89a5571a3a07e32/element/f.8BC31031A8A77F81AA6DDAE562E569BF.d.B635543B615E2F377ED0D0E9132B8D47.e.19733/click - {}
RESULT: {}
COMMAND: GET /session/0a56c8b3fe23980ff89a5571a3a07e32/screenshot - {}
RESULT: {}
COMMAND: POST /session/0a56c8b3fe23980ff89a5571a3a07e32/elements - {"using":"xpath","value":"//span[text()='Error']"}
RESULT: {"using":"xpath","value":"//span[text()='Error']"}
COMMAND: POST /session/0a56c8b3fe23980ff89a5571a3a07e32/element - {"using":"xpath","value":"//button[@data-kt=\"masterHOAddButton\"]"}
RESULT: {"using":"xpath","value":"//button[@data-kt=\"masterHOAddButton\"]"}
COMMAND: POST /session/0a56c8b3fe23980ff89a5571a3a07e32/elements - {"using":"xpath","value":"//button[@data-kt=\"masterHOAddButton\"]"}
RESULT: {"using":"xpath","value":"//button[@data-kt=\"masterHOAddButton\"]"}
COMMAND: POST /session/0a56c8b3fe23980ff89a5571a3a07e32/execute/sync - {"script":"<script> [8489 bytes]","args":[{"element-6066-11e4-a52e-4f735466cecf":"f.8BC31031A8A77F81AA6DDAE562E569BF.d.B635543B615E2F377ED0D0E9132B8D47.e.20993","ELEMENT":"f.8BC31031A8A77F81AA6DDAE562E569BF.d.B635543B615E2F377ED0D0E9132B8D47.e.20993"}]}
RESULT: {"script":"<script> [8489 bytes]","args":[{"element-6066-11e4-a52e-4f735466cecf":"f.8BC31031A8A77F81AA6DDAE562E569BF.d.B635543B615E2F377ED0D0E9132B8D47.e.20993","ELEMENT":"f.8BC31031A8A77F81AA6DDAE562E569BF.d.B635543B615E2F377ED0D0E9132B8D47.e.20993"}]}
COMMAND: GET /session/0a56c8b3fe23980ff89a5571a3a07e32/element/f.8BC31031A8A77F81AA6DDAE562E569BF.d.B635543B615E2F377ED0D0E9132B8D47.e.20993/enabled - {}
COMMAND: GET /session/0a56c8b3fe23980ff89a5571a3a07e32/screenshot - {}
RESULT: {}
COMMAND: POST /session/0a56c8b3fe23980ff89a5571a3a07e32/execute/sync - {"script":"<script> [8489 bytes]","args":[{"element-6066-11e4-a52e-4f735466cecf":"f.8BC31031A8A77F81AA6DDAE562E569BF.d.B635543B615E2F377ED0D0E9132B8D47.e.20993","ELEMENT":"f.8BC31031A8A77F81AA6DDAE562E569BF.d.B635543B615E2F377ED0D0E9132B8D47.e.20993"}]}
COMMAND: GET /session/0a56c8b3fe23980ff89a5571a3a07e32/screenshot - {}
RESULT: {}
RESULT: {"script":"<script> [8489 bytes]","args":[{"element-6066-11e4-a52e-4f735466cecf":"f.8BC31031A8A77F81AA6DDAE562E569BF.d.B635543B615E2F377ED0D0E9132B8D47.e.20993","ELEMENT":"f.8BC31031A8A77F81AA6DDAE562E569BF.d.B635543B615E2F377ED0D0E9132B8D47.e.20993"}]}
COMMAND: POST /session/0a56c8b3fe23980ff89a5571a3a07e32/execute/sync - {"script":"<script> [5351 bytes]","args":[{"element-6066-11e4-a52e-4f735466cecf":"f.8BC31031A8A77F81AA6DDAE562E569BF.d.B635543B615E2F377ED0D0E9132B8D47.e.20993","ELEMENT":"f.8BC31031A8A77F81AA6DDAE562E569BF.d.B635543B615E2F377ED0D0E9132B8D47.e.20993"}]}
COMMAND: GET /session/0a56c8b3fe23980ff89a5571a3a07e32/screenshot - {}
RESULT: {}
RESULT: {"script":"<script> [5351 bytes]","args":[{"element-6066-11e4-a52e-4f735466cecf":"f.8BC31031A8A77F81AA6DDAE562E569BF.d.B635543B615E2F377ED0D0E9132B8D47.e.20993","ELEMENT":"f.8BC31031A8A77F81AA6DDAE562E569BF.d.B635543B615E2F377ED0D0E9132B8D47.e.20993"}]}
COMMAND: POST /session/0a56c8b3fe23980ff89a5571a3a07e32/element/f.8BC31031A8A77F81AA6DDAE562E569BF.d.B635543B615E2F377ED0D0E9132B8D47.e.20993/click - {}
COMMAND: GET /session/0a56c8b3fe23980ff89a5571a3a07e32/screenshot - {}
RESULT: {}
RESULT: {}
COMMAND: GET /session/0a56c8b3fe23980ff89a5571a3a07e32/screenshot - {}
COMMAND: POST /session/0a56c8b3fe23980ff89a5571a3a07e32/element - {"using":"xpath","value":"//span[contains(@id ,\"AddNewHO--typeSelect-arrow\")]"}
RESULT: {}
RESULT: {}
RESULT: {"using":"xpath","value":"//span[contains(@id ,\"AddNewHO--typeSelect-arrow\")]"}
COMMAND: POST /session/0a56c8b3fe23980ff89a5571a3a07e32/element/f.8BC31031A8A77F81AA6DDAE562E569BF.d.B635543B615E2F377ED0D0E9132B8D47.e.21330/click - {}
RESULT: {}
COMMAND: GET /session/0a56c8b3fe23980ff89a5571a3a07e32/screenshot - {}
RESULT: {}
COMMAND: POST /session/0a56c8b3fe23980ff89a5571a3a07e32/element - {"using":"xpath","value":"(//li[contains(text(), \"stock increase yard\")])[1]"}
RESULT: {"using":"xpath","value":"(//li[contains(text(), \"stock increase yard\")])[1]"}
COMMAND: POST /session/0a56c8b3fe23980ff89a5571a3a07e32/element/f.8BC31031A8A77F81AA6DDAE562E569BF.d.B635543B615E2F377ED0D0E9132B8D47.e.21331/click - {}
RESULT: {}
COMMAND: GET /session/0a56c8b3fe23980ff89a5571a3a07e32/screenshot - {}
RESULT: {}
COMMAND: POST /session/0a56c8b3fe23980ff89a5571a3a07e32/execute/async - {"script":"<script> [1562 bytes]","args":[{"selector":{"id":"application-managehandovers-display-component---AddNewHO--dueDate","interaction":{"idSuffix":"inner"}},"wdio_ui5_key":"applicationmanagehandovers-display-component---AddNewHO--dueDate"}]}
RESULT: {"script":"<script> [1562 bytes]","args":[{"selector":{"id":"application-managehandovers-display-component---AddNewHO--dueDate","interaction":{"idSuffix":"inner"}},"wdio_ui5_key":"applicationmanagehandovers-display-component---AddNewHO--dueDate"}]}
RESULT: undefined
COMMAND: POST /session/0a56c8b3fe23980ff89a5571a3a07e32/execute/async - {"script":"<script> [6424 bytes]","args":[{"element-6066-11e4-a52e-4f735466cecf":"f.8BC31031A8A77F81AA6DDAE562E569BF.d.B635543B615E2F377ED0D0E9132B8D47.e.21335"},"setValue",["5/26/25"]]}
RESULT: {"script":"<script> [6424 bytes]","args":[{"element-6066-11e4-a52e-4f735466cecf":"f.8BC31031A8A77F81AA6DDAE562E569BF.d.B635543B615E2F377ED0D0E9132B8D47.e.21335"},"setValue",["5/26/25"]]}
COMMAND: POST /session/0a56c8b3fe23980ff89a5571a3a07e32/element - {"using":"xpath","value":"//input[@id=\"generalSectionFrg--receiveYard-inner\"]"}
RESULT: {"using":"xpath","value":"//input[@id=\"generalSectionFrg--receiveYard-inner\"]"}
COMMAND: POST /session/0a56c8b3fe23980ff89a5571a3a07e32/element/f.8BC31031A8A77F81AA6DDAE562E569BF.d.B635543B615E2F377ED0D0E9132B8D47.e.21341/clear - {}
RESULT: {}
COMMAND: POST /session/0a56c8b3fe23980ff89a5571a3a07e32/element/f.8BC31031A8A77F81AA6DDAE562E569BF.d.B635543B615E2F377ED0D0E9132B8D47.e.21341/value - {"text":"343"}
COMMAND: GET /session/0a56c8b3fe23980ff89a5571a3a07e32/screenshot - {}
RESULT: {"text":"343"}
COMMAND: GET /session/0a56c8b3fe23980ff89a5571a3a07e32/screenshot - {}
RESULT: {}
RESULT: {}
COMMAND: POST /session/0a56c8b3fe23980ff89a5571a3a07e32/element - {"using":"xpath","value":"//li[.//span[text()='343']]"}
RESULT: {"using":"xpath","value":"//li[.//span[text()='343']]"}
COMMAND: POST /session/0a56c8b3fe23980ff89a5571a3a07e32/element/f.8BC31031A8A77F81AA6DDAE562E569BF.d.B635543B615E2F377ED0D0E9132B8D47.e.21355/click - {}
RESULT: {}
COMMAND: GET /session/0a56c8b3fe23980ff89a5571a3a07e32/screenshot - {}
RESULT: {}
COMMAND: POST /session/0a56c8b3fe23980ff89a5571a3a07e32/execute/async - {"script":"<script> [1562 bytes]","args":[{"selector":{"id":"application-managehandovers-display-component---AddNewHO--ObjectPageLayout-anchBar-application-managehandovers-display-component---AddNewHO--section4-anchor","interaction":{"idSuffix":"BDI-content"}},"wdio_ui5_key":"applicationmanagehandovers-display-component---AddNewHO--ObjectPageLayout-anchBar-application-managehandovers-display-component---AddNewHO--section4-anchor"}]}
RESULT: {"script":"<script> [1562 bytes]","args":[{"selector":{"id":"application-managehandovers-display-component---AddNewHO--ObjectPageLayout-anchBar-application-managehandovers-display-component---AddNewHO--section4-anchor","interaction":{"idSuffix":"BDI-content"}},"wdio_ui5_key":"applicationmanagehandovers-display-component---AddNewHO--ObjectPageLayout-anchBar-application-managehandovers-display-component---AddNewHO--section4-anchor"}]}
RESULT: undefined
COMMAND: POST /session/0a56c8b3fe23980ff89a5571a3a07e32/element - {"using":"xpath","value":"//*[@id=\"application-managehandovers-display-component---AddNewHO--ObjectPageLayout-anchBar-application-managehandovers-display-component---AddNewHO--section4-anchor\"]"}
RESULT: {"using":"xpath","value":"//*[@id=\"application-managehandovers-display-component---AddNewHO--ObjectPageLayout-anchBar-application-managehandovers-display-component---AddNewHO--section4-anchor\"]"}
COMMAND: POST /session/0a56c8b3fe23980ff89a5571a3a07e32/element/f.8BC31031A8A77F81AA6DDAE562E569BF.d.B635543B615E2F377ED0D0E9132B8D47.e.21357/click - {}
RESULT: {}
COMMAND: POST /session/0a56c8b3fe23980ff89a5571a3a07e32/element - {"using":"xpath","value":"//button[@aria-label=\"Add\"]"}
COMMAND: GET /session/0a56c8b3fe23980ff89a5571a3a07e32/screenshot - {}
RESULT: {"using":"xpath","value":"//button[@aria-label=\"Add\"]"}
COMMAND: POST /session/0a56c8b3fe23980ff89a5571a3a07e32/element/f.8BC31031A8A77F81AA6DDAE562E569BF.d.B635543B615E2F377ED0D0E9132B8D47.e.21359/click - {}
RESULT: {}
RESULT: {}
COMMAND: GET /session/0a56c8b3fe23980ff89a5571a3a07e32/screenshot - {}
RESULT: {}
COMMAND: POST /session/0a56c8b3fe23980ff89a5571a3a07e32/execute/async - {"script":"<script> [1562 bytes]","args":[{"selector":{"id":"application-managehandovers-display-component---AddNewHO--smartFilterBar-btnBasicSearch","searchOpenDialogs":true,"interaction":{"idSuffix":"I"}},"wdio_ui5_key":"applicationmanagehandovers-display-component---AddNewHO--smartFilterBar-btnBasicSearch"}]}
RESULT: {"script":"<script> [1562 bytes]","args":[{"selector":{"id":"application-managehandovers-display-component---AddNewHO--smartFilterBar-btnBasicSearch","searchOpenDialogs":true,"interaction":{"idSuffix":"I"}},"wdio_ui5_key":"applicationmanagehandovers-display-component---AddNewHO--smartFilterBar-btnBasicSearch"}]}
RESULT: undefined
COMMAND: POST /session/0a56c8b3fe23980ff89a5571a3a07e32/execute/async - {"script":"<script> [776 bytes]","args":[{"enterText":"vjuh2F93BR","selector":{"id":"application-managehandovers-display-component---AddNewHO--smartFilterBar-btnBasicSearch","searchOpenDialogs":true,"interaction":{"idSuffix":"I"}},"clearTextFirst":true,"interactionType":"ENTER_TEXT"}]}
RESULT: {"script":"<script> [776 bytes]","args":[{"enterText":"vjuh2F93BR","selector":{"id":"application-managehandovers-display-component---AddNewHO--smartFilterBar-btnBasicSearch","searchOpenDialogs":true,"interaction":{"idSuffix":"I"}},"clearTextFirst":true,"interactionType":"ENTER_TEXT"}]}
COMMAND: POST /session/0a56c8b3fe23980ff89a5571a3a07e32/actions - {"actions":[{"id":"action77","type":"key","parameters":{},"actions":[{"type":"keyDown","value":""},{"type":"pause","duration":10},{"type":"keyUp","value":""}]}]}
RESULT: {"actions":[{"id":"action77","type":"key","parameters":{},"actions":[{"type":"keyDown","value":""},{"type":"pause","duration":10},{"type":"keyUp","value":""}]}]}
COMMAND: GET /session/0a56c8b3fe23980ff89a5571a3a07e32/screenshot - {}
RESULT: {}
COMMAND: POST /session/0a56c8b3fe23980ff89a5571a3a07e32/execute/async - {"script":"<script> [1562 bytes]","args":[{"selector":{"id":"application-managehandovers-display-component---AddNewHO--popup-sa","searchOpenDialogs":true,"interaction":{"idSuffix":"CbBg"}},"wdio_ui5_key":"applicationmanagehandovers-display-component---AddNewHO--popup-sa"}]}
RESULT: {"script":"<script> [1562 bytes]","args":[{"selector":{"id":"application-managehandovers-display-component---AddNewHO--popup-sa","searchOpenDialogs":true,"interaction":{"idSuffix":"CbBg"}},"wdio_ui5_key":"applicationmanagehandovers-display-component---AddNewHO--popup-sa"}]}
RESULT: undefined
COMMAND: POST /session/0a56c8b3fe23980ff89a5571a3a07e32/element - {"using":"xpath","value":"//*[@id=\"application-managehandovers-display-component---AddNewHO--popup-sa\"]"}
RESULT: {"using":"xpath","value":"//*[@id=\"application-managehandovers-display-component---AddNewHO--popup-sa\"]"}
COMMAND: POST /session/0a56c8b3fe23980ff89a5571a3a07e32/element/f.8BC31031A8A77F81AA6DDAE562E569BF.d.B635543B615E2F377ED0D0E9132B8D47.e.21514/click - {}
RESULT: {}
COMMAND: GET /session/0a56c8b3fe23980ff89a5571a3a07e32/screenshot - {}
RESULT: {}
COMMAND: POST /session/0a56c8b3fe23980ff89a5571a3a07e32/element - {"using":"xpath","value":"//bdi[contains(text(), \"Select\")]"}
RESULT: {"using":"xpath","value":"//bdi[contains(text(), \"Select\")]"}
COMMAND: POST /session/0a56c8b3fe23980ff89a5571a3a07e32/element/f.8BC31031A8A77F81AA6DDAE562E569BF.d.B635543B615E2F377ED0D0E9132B8D47.e.21515/click - {}
RESULT: {}
COMMAND: GET /session/0a56c8b3fe23980ff89a5571a3a07e32/screenshot - {}
RESULT: {}
COMMAND: POST /session/0a56c8b3fe23980ff89a5571a3a07e32/element - {"using":"xpath","value":"//button[@data-kt=\"AddNewHOSaveButton\"]"}
RESULT: {"using":"xpath","value":"//button[@data-kt=\"AddNewHOSaveButton\"]"}
COMMAND: POST /session/0a56c8b3fe23980ff89a5571a3a07e32/element/f.8BC31031A8A77F81AA6DDAE562E569BF.d.B635543B615E2F377ED0D0E9132B8D47.e.21519/click - {}
RESULT: {}
COMMAND: GET /session/0a56c8b3fe23980ff89a5571a3a07e32/screenshot - {}
RESULT: {}
COMMAND: POST /session/0a56c8b3fe23980ff89a5571a3a07e32/execute/async - {"script":"<script> [1562 bytes]","args":[{"selector":{"id":"receiptDatePicker","viewName":"etm.portal.ui.managehandovers.view.DetailExecuteHO","interaction":{"idSuffix":"inner"}},"wdio_ui5_key":"receiptDatePickeretmportal.ui.managehandovers.view.DetailExecuteHO"}]}
RESULT: {"script":"<script> [1562 bytes]","args":[{"selector":{"id":"receiptDatePicker","viewName":"etm.portal.ui.managehandovers.view.DetailExecuteHO","interaction":{"idSuffix":"inner"}},"wdio_ui5_key":"receiptDatePickeretmportal.ui.managehandovers.view.DetailExecuteHO"}]}
RESULT: undefined
COMMAND: POST /session/0a56c8b3fe23980ff89a5571a3a07e32/execute/async - {"script":"<script> [6424 bytes]","args":[{"element-6066-11e4-a52e-4f735466cecf":"f.8BC31031A8A77F81AA6DDAE562E569BF.d.B635543B615E2F377ED0D0E9132B8D47.e.21550"},"setValue",["5/26/25"]]}
RESULT: {"script":"<script> [6424 bytes]","args":[{"element-6066-11e4-a52e-4f735466cecf":"f.8BC31031A8A77F81AA6DDAE562E569BF.d.B635543B615E2F377ED0D0E9132B8D47.e.21550"},"setValue",["5/26/25"]]}
COMMAND: POST /session/0a56c8b3fe23980ff89a5571a3a07e32/element - {"using":"xpath","value":"//button[@data-kt=\"ReceivingTableConfirmAllButton\"]"}
RESULT: {"using":"xpath","value":"//button[@data-kt=\"ReceivingTableConfirmAllButton\"]"}
COMMAND: POST /session/0a56c8b3fe23980ff89a5571a3a07e32/element/f.8BC31031A8A77F81AA6DDAE562E569BF.d.B635543B615E2F377ED0D0E9132B8D47.e.21565/click - {}
RESULT: {}
COMMAND: GET /session/0a56c8b3fe23980ff89a5571a3a07e32/screenshot - {}
RESULT: {}
COMMAND: POST /session/0a56c8b3fe23980ff89a5571a3a07e32/element - {"using":"xpath","value":"//bdi[contains(text(), \"OK\")]"}
RESULT: {"using":"xpath","value":"//bdi[contains(text(), \"OK\")]"}
COMMAND: POST /session/0a56c8b3fe23980ff89a5571a3a07e32/element/f.8BC31031A8A77F81AA6DDAE562E569BF.d.B635543B615E2F377ED0D0E9132B8D47.e.21567/click - {}
RESULT: {}
COMMAND: GET /session/0a56c8b3fe23980ff89a5571a3a07e32/screenshot - {}
RESULT: {}
COMMAND: POST /session/0a56c8b3fe23980ff89a5571a3a07e32/element - {"using":"xpath","value":"(//bdi[contains(text(), \"Receive\")])[2]"}
RESULT: {"using":"xpath","value":"(//bdi[contains(text(), \"Receive\")])[2]"}
COMMAND: POST /session/0a56c8b3fe23980ff89a5571a3a07e32/element/f.8BC31031A8A77F81AA6DDAE562E569BF.d.B635543B615E2F377ED0D0E9132B8D47.e.21569/click - {}
RESULT: {}
COMMAND: GET /session/0a56c8b3fe23980ff89a5571a3a07e32/screenshot - {}
RESULT: {}
COMMAND: POST /session/0a56c8b3fe23980ff89a5571a3a07e32/element - {"using":"css selector","value":"#shell-header-logo"}
RESULT: {"using":"css selector","value":"#shell-header-logo"}
COMMAND: POST /session/0a56c8b3fe23980ff89a5571a3a07e32/element/f.8BC31031A8A77F81AA6DDAE562E569BF.d.B635543B615E2F377ED0D0E9132B8D47.e.20965/click - {}
RESULT: {}
COMMAND: GET /session/0a56c8b3fe23980ff89a5571a3a07e32/screenshot - {}
RESULT: {}
]]></system-out>
    </testcase>
    <testcase classname="chrome.136_0_7103_93.windows.Billing_Calculation_-_Time_based_(considering_transport_times)_US139738" name="Should create a new contract" time="76.349">
      <system-out><![CDATA[
COMMAND: POST /session/0a56c8b3fe23980ff89a5571a3a07e32/execute/async - {"script":"<script> [1562 bytes]","args":[{"selector":{"controlType":"sap.m.GenericTile","properties":{"header":"Manage Contracts"}},"wdio_ui5_key":"sapm.GenericTile{\"header\":\"Manage Contracts\"}"}]}
RESULT: {"script":"<script> [1562 bytes]","args":[{"selector":{"controlType":"sap.m.GenericTile","properties":{"header":"Manage Contracts"}},"wdio_ui5_key":"sapm.GenericTile{\"header\":\"Manage Contracts\"}"}]}
RESULT: undefined
COMMAND: POST /session/0a56c8b3fe23980ff89a5571a3a07e32/element - {"using":"xpath","value":"//*[@id=\"__tile131\"]"}
RESULT: {"using":"xpath","value":"//*[@id=\"__tile131\"]"}
COMMAND: POST /session/0a56c8b3fe23980ff89a5571a3a07e32/element/f.8BC31031A8A77F81AA6DDAE562E569BF.d.B635543B615E2F377ED0D0E9132B8D47.e.19665/click - {}
RESULT: {}
COMMAND: GET /session/0a56c8b3fe23980ff89a5571a3a07e32/screenshot - {}
RESULT: {}
COMMAND: POST /session/0a56c8b3fe23980ff89a5571a3a07e32/elements - {"using":"xpath","value":"//span[text()='Error']"}
RESULT: {"using":"xpath","value":"//span[text()='Error']"}
COMMAND: POST /session/0a56c8b3fe23980ff89a5571a3a07e32/element - {"using":"xpath","value":"//button[@data-kt=\"addButton\"]"}
RESULT: {"using":"xpath","value":"//button[@data-kt=\"addButton\"]"}
COMMAND: POST /session/0a56c8b3fe23980ff89a5571a3a07e32/elements - {"using":"xpath","value":"//button[@data-kt=\"addButton\"]"}
RESULT: {"using":"xpath","value":"//button[@data-kt=\"addButton\"]"}
COMMAND: POST /session/0a56c8b3fe23980ff89a5571a3a07e32/execute/sync - {"script":"<script> [8489 bytes]","args":[{"element-6066-11e4-a52e-4f735466cecf":"f.8BC31031A8A77F81AA6DDAE562E569BF.d.B635543B615E2F377ED0D0E9132B8D47.e.21784","ELEMENT":"f.8BC31031A8A77F81AA6DDAE562E569BF.d.B635543B615E2F377ED0D0E9132B8D47.e.21784"}]}
RESULT: {"script":"<script> [8489 bytes]","args":[{"element-6066-11e4-a52e-4f735466cecf":"f.8BC31031A8A77F81AA6DDAE562E569BF.d.B635543B615E2F377ED0D0E9132B8D47.e.21784","ELEMENT":"f.8BC31031A8A77F81AA6DDAE562E569BF.d.B635543B615E2F377ED0D0E9132B8D47.e.21784"}]}
COMMAND: GET /session/0a56c8b3fe23980ff89a5571a3a07e32/element/f.8BC31031A8A77F81AA6DDAE562E569BF.d.B635543B615E2F377ED0D0E9132B8D47.e.21784/enabled - {}
COMMAND: GET /session/0a56c8b3fe23980ff89a5571a3a07e32/screenshot - {}
RESULT: {}
COMMAND: POST /session/0a56c8b3fe23980ff89a5571a3a07e32/execute/sync - {"script":"<script> [8489 bytes]","args":[{"element-6066-11e4-a52e-4f735466cecf":"f.8BC31031A8A77F81AA6DDAE562E569BF.d.B635543B615E2F377ED0D0E9132B8D47.e.21784","ELEMENT":"f.8BC31031A8A77F81AA6DDAE562E569BF.d.B635543B615E2F377ED0D0E9132B8D47.e.21784"}]}
COMMAND: GET /session/0a56c8b3fe23980ff89a5571a3a07e32/screenshot - {}
RESULT: {}
RESULT: {"script":"<script> [8489 bytes]","args":[{"element-6066-11e4-a52e-4f735466cecf":"f.8BC31031A8A77F81AA6DDAE562E569BF.d.B635543B615E2F377ED0D0E9132B8D47.e.21784","ELEMENT":"f.8BC31031A8A77F81AA6DDAE562E569BF.d.B635543B615E2F377ED0D0E9132B8D47.e.21784"}]}
COMMAND: POST /session/0a56c8b3fe23980ff89a5571a3a07e32/execute/sync - {"script":"<script> [5351 bytes]","args":[{"element-6066-11e4-a52e-4f735466cecf":"f.8BC31031A8A77F81AA6DDAE562E569BF.d.B635543B615E2F377ED0D0E9132B8D47.e.21784","ELEMENT":"f.8BC31031A8A77F81AA6DDAE562E569BF.d.B635543B615E2F377ED0D0E9132B8D47.e.21784"}]}
COMMAND: GET /session/0a56c8b3fe23980ff89a5571a3a07e32/screenshot - {}
RESULT: {}
RESULT: {"script":"<script> [5351 bytes]","args":[{"element-6066-11e4-a52e-4f735466cecf":"f.8BC31031A8A77F81AA6DDAE562E569BF.d.B635543B615E2F377ED0D0E9132B8D47.e.21784","ELEMENT":"f.8BC31031A8A77F81AA6DDAE562E569BF.d.B635543B615E2F377ED0D0E9132B8D47.e.21784"}]}
COMMAND: GET /session/0a56c8b3fe23980ff89a5571a3a07e32/screenshot - {}
RESULT: {}
RESULT: {}
COMMAND: POST /session/0a56c8b3fe23980ff89a5571a3a07e32/element/f.8BC31031A8A77F81AA6DDAE562E569BF.d.B635543B615E2F377ED0D0E9132B8D47.e.21784/click - {}
RESULT: {}
COMMAND: GET /session/0a56c8b3fe23980ff89a5571a3a07e32/screenshot - {}
COMMAND: POST /session/0a56c8b3fe23980ff89a5571a3a07e32/execute/async - {"script":"<script> [1562 bytes]","args":[{"selector":{"id":"application-managecontracts-display-component---AddNewContract--projectDescription","interaction":{"idSuffix":"inner"}},"wdio_ui5_key":"applicationmanagecontracts-display-component---AddNewContract--projectDescription"}]}
RESULT: {}
RESULT: {"script":"<script> [1562 bytes]","args":[{"selector":{"id":"application-managecontracts-display-component---AddNewContract--projectDescription","interaction":{"idSuffix":"inner"}},"wdio_ui5_key":"applicationmanagecontracts-display-component---AddNewContract--projectDescription"}]}
RESULT: undefined
COMMAND: POST /session/0a56c8b3fe23980ff89a5571a3a07e32/execute/async - {"script":"<script> [776 bytes]","args":[{"enterText":"Contract WDIO","selector":{"id":"application-managecontracts-display-component---AddNewContract--projectDescription","interaction":{"idSuffix":"inner"}},"clearTextFirst":true,"interactionType":"ENTER_TEXT"}]}
RESULT: {"script":"<script> [776 bytes]","args":[{"enterText":"Contract WDIO","selector":{"id":"application-managecontracts-display-component---AddNewContract--projectDescription","interaction":{"idSuffix":"inner"}},"clearTextFirst":true,"interactionType":"ENTER_TEXT"}]}
COMMAND: POST /session/0a56c8b3fe23980ff89a5571a3a07e32/element - {"using":"xpath","value":"//input[@id=\"application-managecontracts-display-component---AddNewContract--site-inner\"]"}
RESULT: {"using":"xpath","value":"//input[@id=\"application-managecontracts-display-component---AddNewContract--site-inner\"]"}
COMMAND: POST /session/0a56c8b3fe23980ff89a5571a3a07e32/element/f.8BC31031A8A77F81AA6DDAE562E569BF.d.B635543B615E2F377ED0D0E9132B8D47.e.22104/clear - {}
RESULT: {}
COMMAND: POST /session/0a56c8b3fe23980ff89a5571a3a07e32/element/f.8BC31031A8A77F81AA6DDAE562E569BF.d.B635543B615E2F377ED0D0E9132B8D47.e.22104/value - {"text":"2162"}
COMMAND: GET /session/0a56c8b3fe23980ff89a5571a3a07e32/screenshot - {}
RESULT: {"text":"2162"}
COMMAND: GET /session/0a56c8b3fe23980ff89a5571a3a07e32/screenshot - {}
RESULT: {}
RESULT: {}
COMMAND: POST /session/0a56c8b3fe23980ff89a5571a3a07e32/element - {"using":"xpath","value":"//li[.//span[text()='2162']]"}
RESULT: {"using":"xpath","value":"//li[.//span[text()='2162']]"}
COMMAND: POST /session/0a56c8b3fe23980ff89a5571a3a07e32/element/f.8BC31031A8A77F81AA6DDAE562E569BF.d.B635543B615E2F377ED0D0E9132B8D47.e.22186/click - {}
RESULT: {}
COMMAND: GET /session/0a56c8b3fe23980ff89a5571a3a07e32/screenshot - {}
RESULT: {}
COMMAND: POST /session/0a56c8b3fe23980ff89a5571a3a07e32/element - {"using":"xpath","value":"//input[@id=\"application-managecontracts-display-component---AddNewContract--yardId-inner\"]"}
RESULT: {"using":"xpath","value":"//input[@id=\"application-managecontracts-display-component---AddNewContract--yardId-inner\"]"}
COMMAND: GET /session/0a56c8b3fe23980ff89a5571a3a07e32/element/f.8BC31031A8A77F81AA6DDAE562E569BF.d.B635543B615E2F377ED0D0E9132B8D47.e.22105/property/value - {}
RESULT: {}
COMMAND: POST /session/0a56c8b3fe23980ff89a5571a3a07e32/element - {"using":"xpath","value":"//input[@id=\"application-managecontracts-display-component---AddNewContract--customerSelect-inner\"]"}
COMMAND: GET /session/0a56c8b3fe23980ff89a5571a3a07e32/screenshot - {}
RESULT: {"using":"xpath","value":"//input[@id=\"application-managecontracts-display-component---AddNewContract--customerSelect-inner\"]"}
COMMAND: POST /session/0a56c8b3fe23980ff89a5571a3a07e32/element/f.8BC31031A8A77F81AA6DDAE562E569BF.d.B635543B615E2F377ED0D0E9132B8D47.e.22103/clear - {}
RESULT: {}
RESULT: {}
COMMAND: POST /session/0a56c8b3fe23980ff89a5571a3a07e32/element/f.8BC31031A8A77F81AA6DDAE562E569BF.d.B635543B615E2F377ED0D0E9132B8D47.e.22103/value - {"text":"1173"}
COMMAND: GET /session/0a56c8b3fe23980ff89a5571a3a07e32/screenshot - {}
RESULT: {"text":"1173"}
COMMAND: GET /session/0a56c8b3fe23980ff89a5571a3a07e32/screenshot - {}
RESULT: {}
RESULT: {}
COMMAND: POST /session/0a56c8b3fe23980ff89a5571a3a07e32/element - {"using":"xpath","value":"//li[.//span[text()='1173']]"}
RESULT: {"using":"xpath","value":"//li[.//span[text()='1173']]"}
COMMAND: POST /session/0a56c8b3fe23980ff89a5571a3a07e32/element/f.8BC31031A8A77F81AA6DDAE562E569BF.d.B635543B615E2F377ED0D0E9132B8D47.e.22189/click - {}
RESULT: {}
COMMAND: GET /session/0a56c8b3fe23980ff89a5571a3a07e32/screenshot - {}
RESULT: {}
COMMAND: POST /session/0a56c8b3fe23980ff89a5571a3a07e32/element - {"using":"xpath","value":"//button[@data-kt=\"saveButton\"]"}
RESULT: {"using":"xpath","value":"//button[@data-kt=\"saveButton\"]"}
COMMAND: POST /session/0a56c8b3fe23980ff89a5571a3a07e32/element/f.8BC31031A8A77F81AA6DDAE562E569BF.d.B635543B615E2F377ED0D0E9132B8D47.e.22178/click - {}
RESULT: {}
COMMAND: GET /session/0a56c8b3fe23980ff89a5571a3a07e32/screenshot - {}
RESULT: {}
COMMAND: POST /session/0a56c8b3fe23980ff89a5571a3a07e32/element - {"using":"xpath","value":"//span[contains(@id ,\"contractDetailTitleNoExpanded\")]"}
RESULT: {"using":"xpath","value":"//span[contains(@id ,\"contractDetailTitleNoExpanded\")]"}
COMMAND: POST /session/0a56c8b3fe23980ff89a5571a3a07e32/elements - {"using":"xpath","value":"//span[contains(@id ,\"contractDetailTitleNoExpanded\")]"}
RESULT: {"using":"xpath","value":"//span[contains(@id ,\"contractDetailTitleNoExpanded\")]"}
COMMAND: POST /session/0a56c8b3fe23980ff89a5571a3a07e32/execute/sync - {"script":"<script> [56 bytes]","args":[{"element-6066-11e4-a52e-4f735466cecf":"f.8BC31031A8A77F81AA6DDAE562E569BF.d.B635543B615E2F377ED0D0E9132B8D47.e.22261","ELEMENT":"f.8BC31031A8A77F81AA6DDAE562E569BF.d.B635543B615E2F377ED0D0E9132B8D47.e.22261"}]}
RESULT: {"script":"<script> [56 bytes]","args":[{"element-6066-11e4-a52e-4f735466cecf":"f.8BC31031A8A77F81AA6DDAE562E569BF.d.B635543B615E2F377ED0D0E9132B8D47.e.22261","ELEMENT":"f.8BC31031A8A77F81AA6DDAE562E569BF.d.B635543B615E2F377ED0D0E9132B8D47.e.22261"}]}
COMMAND: GET /session/0a56c8b3fe23980ff89a5571a3a07e32/screenshot - {}
RESULT: {}
]]></system-out>
    </testcase>
    <testcase classname="chrome.136_0_7103_93.windows.Billing_Calculation_-_Time_based_(considering_transport_times)_US139738" name="Should add transport time checkbox on contract details" time="16.985">
      <system-out><![CDATA[
COMMAND: POST /session/0a56c8b3fe23980ff89a5571a3a07e32/element - {"using":"xpath","value":"//button[@data-kt=\"contractDetailEditBtnButton\"]"}
RESULT: {"using":"xpath","value":"//button[@data-kt=\"contractDetailEditBtnButton\"]"}
COMMAND: POST /session/0a56c8b3fe23980ff89a5571a3a07e32/element/f.8BC31031A8A77F81AA6DDAE562E569BF.d.B635543B615E2F377ED0D0E9132B8D47.e.22263/click - {}
RESULT: {}
COMMAND: GET /session/0a56c8b3fe23980ff89a5571a3a07e32/screenshot - {}
RESULT: {}
COMMAND: POST /session/0a56c8b3fe23980ff89a5571a3a07e32/element - {"using":"xpath","value":"(//span[contains(text(), \"Contract Billing\")])[2]"}
RESULT: {"using":"xpath","value":"(//span[contains(text(), \"Contract Billing\")])[2]"}
COMMAND: POST /session/0a56c8b3fe23980ff89a5571a3a07e32/element/f.8BC31031A8A77F81AA6DDAE562E569BF.d.B635543B615E2F377ED0D0E9132B8D47.e.22320/click - {}
RESULT: {}
COMMAND: GET /session/0a56c8b3fe23980ff89a5571a3a07e32/screenshot - {}
RESULT: {}
COMMAND: POST /session/0a56c8b3fe23980ff89a5571a3a07e32/element - {"using":"xpath","value":"(//div[contains(@id, \"transportTimesBilled-CbBg\")])"}
RESULT: {"using":"xpath","value":"(//div[contains(@id, \"transportTimesBilled-CbBg\")])"}
COMMAND: POST /session/0a56c8b3fe23980ff89a5571a3a07e32/element/f.8BC31031A8A77F81AA6DDAE562E569BF.d.B635543B615E2F377ED0D0E9132B8D47.e.22351/click - {}
RESULT: {}
COMMAND: GET /session/0a56c8b3fe23980ff89a5571a3a07e32/screenshot - {}
RESULT: {}
COMMAND: POST /session/0a56c8b3fe23980ff89a5571a3a07e32/element - {"using":"xpath","value":"(//button[@data-kt=\"saveButton\"])[2]"}
RESULT: {"using":"xpath","value":"(//button[@data-kt=\"saveButton\"])[2]"}
COMMAND: POST /session/0a56c8b3fe23980ff89a5571a3a07e32/element/f.8BC31031A8A77F81AA6DDAE562E569BF.d.B635543B615E2F377ED0D0E9132B8D47.e.22352/click - {}
RESULT: {}
COMMAND: GET /session/0a56c8b3fe23980ff89a5571a3a07e32/screenshot - {}
RESULT: {}
]]></system-out>
    </testcase>
    <testcase classname="chrome.136_0_7103_93.windows.Billing_Calculation_-_Time_based_(considering_transport_times)_US139738" name="Should add created equipment to contract" time="48.431">
      <system-out><![CDATA[
COMMAND: POST /session/0a56c8b3fe23980ff89a5571a3a07e32/element - {"using":"xpath","value":"//button[@data-kt=\"contractDetailEditBtnButton\"]"}
RESULT: {"using":"xpath","value":"//button[@data-kt=\"contractDetailEditBtnButton\"]"}
COMMAND: POST /session/0a56c8b3fe23980ff89a5571a3a07e32/element/f.8BC31031A8A77F81AA6DDAE562E569BF.d.B635543B615E2F377ED0D0E9132B8D47.e.22263/click - {}
RESULT: {}
COMMAND: GET /session/0a56c8b3fe23980ff89a5571a3a07e32/screenshot - {}
RESULT: {}
COMMAND: POST /session/0a56c8b3fe23980ff89a5571a3a07e32/element - {"using":"xpath","value":"(//span[contains(text(), \"Additional Addresses\")])[2]"}
RESULT: {"using":"xpath","value":"(//span[contains(text(), \"Additional Addresses\")])[2]"}
COMMAND: POST /session/0a56c8b3fe23980ff89a5571a3a07e32/element/f.8BC31031A8A77F81AA6DDAE562E569BF.d.B635543B615E2F377ED0D0E9132B8D47.e.22368/click - {}
RESULT: {}
COMMAND: GET /session/0a56c8b3fe23980ff89a5571a3a07e32/screenshot - {}
RESULT: {}
COMMAND: POST /session/0a56c8b3fe23980ff89a5571a3a07e32/element - {"using":"xpath","value":"//button[@data-kt=\"btnAddTableRowOverflowToolbarButton\"]"}
RESULT: {"using":"xpath","value":"//button[@data-kt=\"btnAddTableRowOverflowToolbarButton\"]"}
COMMAND: POST /session/0a56c8b3fe23980ff89a5571a3a07e32/element/f.8BC31031A8A77F81AA6DDAE562E569BF.d.B635543B615E2F377ED0D0E9132B8D47.e.22371/click - {}
RESULT: {}
COMMAND: GET /session/0a56c8b3fe23980ff89a5571a3a07e32/screenshot - {}
RESULT: {}
COMMAND: POST /session/0a56c8b3fe23980ff89a5571a3a07e32/element - {"using":"xpath","value":"//div[(text() = 'Standard Entry' or . = 'Standard Entry')]"}
RESULT: {"using":"xpath","value":"//div[(text() = 'Standard Entry' or . = 'Standard Entry')]"}
COMMAND: POST /session/0a56c8b3fe23980ff89a5571a3a07e32/element/f.8BC31031A8A77F81AA6DDAE562E569BF.d.B635543B615E2F377ED0D0E9132B8D47.e.22373/click - {}
RESULT: {}
COMMAND: GET /session/0a56c8b3fe23980ff89a5571a3a07e32/screenshot - {}
RESULT: {}
COMMAND: POST /session/0a56c8b3fe23980ff89a5571a3a07e32/element - {"using":"xpath","value":"//td[7]/div/div/input"}
RESULT: {"using":"xpath","value":"//td[7]/div/div/input"}
COMMAND: POST /session/0a56c8b3fe23980ff89a5571a3a07e32/element/f.8BC31031A8A77F81AA6DDAE562E569BF.d.B635543B615E2F377ED0D0E9132B8D47.e.22382/clear - {}
RESULT: {}
COMMAND: POST /session/0a56c8b3fe23980ff89a5571a3a07e32/element/f.8BC31031A8A77F81AA6DDAE562E569BF.d.B635543B615E2F377ED0D0E9132B8D47.e.22382/value - {"text":"vjuh2F93BR"}
COMMAND: GET /session/0a56c8b3fe23980ff89a5571a3a07e32/screenshot - {}
RESULT: {"text":"vjuh2F93BR"}
COMMAND: GET /session/0a56c8b3fe23980ff89a5571a3a07e32/screenshot - {}
RESULT: {}
RESULT: {}
COMMAND: POST /session/0a56c8b3fe23980ff89a5571a3a07e32/actions - {"actions":[{"id":"action78","type":"key","parameters":{},"actions":[{"type":"keyDown","value":""},{"type":"pause","duration":10},{"type":"keyUp","value":""}]}]}
RESULT: {"actions":[{"id":"action78","type":"key","parameters":{},"actions":[{"type":"keyDown","value":""},{"type":"pause","duration":10},{"type":"keyUp","value":""}]}]}
COMMAND: GET /session/0a56c8b3fe23980ff89a5571a3a07e32/screenshot - {}
RESULT: {}
COMMAND: POST /session/0a56c8b3fe23980ff89a5571a3a07e32/execute/sync - {"script":"<script> [276 bytes]","args":["No pricing information was found"]}
RESULT: {"script":"<script> [276 bytes]","args":["No pricing information was found"]}
COMMAND: POST /session/0a56c8b3fe23980ff89a5571a3a07e32/element - {"using":"xpath","value":"(//button[@data-kt=\"saveButton\"])[2]"}
COMMAND: GET /session/0a56c8b3fe23980ff89a5571a3a07e32/screenshot - {}
RESULT: {"using":"xpath","value":"(//button[@data-kt=\"saveButton\"])[2]"}
COMMAND: POST /session/0a56c8b3fe23980ff89a5571a3a07e32/element/f.8BC31031A8A77F81AA6DDAE562E569BF.d.B635543B615E2F377ED0D0E9132B8D47.e.22352/click - {}
RESULT: {}
RESULT: {}
COMMAND: GET /session/0a56c8b3fe23980ff89a5571a3a07e32/screenshot - {}
RESULT: {}
COMMAND: POST /session/0a56c8b3fe23980ff89a5571a3a07e32/execute/sync - {"script":"<script> [276 bytes]","args":["Some contract items are having rental validity exceeding header rental validity"]}
RESULT: {"script":"<script> [276 bytes]","args":["Some contract items are having rental validity exceeding header rental validity"]}
COMMAND: GET /session/0a56c8b3fe23980ff89a5571a3a07e32/screenshot - {}
RESULT: {}
COMMAND: POST /session/0a56c8b3fe23980ff89a5571a3a07e32/element - {"using":"xpath","value":"//span[contains(@id ,\"contractItemsSmartTable-header-inner\")]"}
RESULT: {"using":"xpath","value":"//span[contains(@id ,\"contractItemsSmartTable-header-inner\")]"}
COMMAND: POST /session/0a56c8b3fe23980ff89a5571a3a07e32/elements - {"using":"xpath","value":"//span[contains(@id ,\"contractItemsSmartTable-header-inner\")]"}
RESULT: {"using":"xpath","value":"//span[contains(@id ,\"contractItemsSmartTable-header-inner\")]"}
COMMAND: POST /session/0a56c8b3fe23980ff89a5571a3a07e32/execute/sync - {"script":"<script> [56 bytes]","args":[{"element-6066-11e4-a52e-4f735466cecf":"f.8BC31031A8A77F81AA6DDAE562E569BF.d.B635543B615E2F377ED0D0E9132B8D47.e.22401","ELEMENT":"f.8BC31031A8A77F81AA6DDAE562E569BF.d.B635543B615E2F377ED0D0E9132B8D47.e.22401"}]}
RESULT: {"script":"<script> [56 bytes]","args":[{"element-6066-11e4-a52e-4f735466cecf":"f.8BC31031A8A77F81AA6DDAE562E569BF.d.B635543B615E2F377ED0D0E9132B8D47.e.22401","ELEMENT":"f.8BC31031A8A77F81AA6DDAE562E569BF.d.B635543B615E2F377ED0D0E9132B8D47.e.22401"}]}
COMMAND: GET /session/0a56c8b3fe23980ff89a5571a3a07e32/screenshot - {}
]]></system-out>
    </testcase>
    <testcase classname="chrome.136_0_7103_93.windows.Billing_Calculation_-_Time_based_(considering_transport_times)_US139738" name="Should do a provide to site 2 step" time="161.762">
      <system-out><![CDATA[
COMMAND: POST /session/0a56c8b3fe23980ff89a5571a3a07e32/element - {"using":"xpath","value":"//button[@data-kt=\"provideButton\"]"}
RESULT: {}
RESULT: {"using":"xpath","value":"//button[@data-kt=\"provideButton\"]"}
COMMAND: POST /session/0a56c8b3fe23980ff89a5571a3a07e32/element/f.8BC31031A8A77F81AA6DDAE562E569BF.d.B635543B615E2F377ED0D0E9132B8D47.e.22402/click - {}
RESULT: {}
COMMAND: GET /session/0a56c8b3fe23980ff89a5571a3a07e32/screenshot - {}
RESULT: {}
COMMAND: POST /session/0a56c8b3fe23980ff89a5571a3a07e32/element - {"using":"xpath","value":"(//div[contains(@id, \"application-managehandovers-display-component---AddNewHO--oneStep-CbBg\")])"}
RESULT: {"using":"xpath","value":"(//div[contains(@id, \"application-managehandovers-display-component---AddNewHO--oneStep-CbBg\")])"}
COMMAND: POST /session/0a56c8b3fe23980ff89a5571a3a07e32/element - {"using":"xpath","value":"(//div[contains(@id, \"application-managehandovers-display-component---AddNewHO--oneStep-CbBg\")])/input"}
RESULT: {"using":"xpath","value":"(//div[contains(@id, \"application-managehandovers-display-component---AddNewHO--oneStep-CbBg\")])/input"}
COMMAND: GET /session/0a56c8b3fe23980ff89a5571a3a07e32/element/f.8BC31031A8A77F81AA6DDAE562E569BF.d.B635543B615E2F377ED0D0E9132B8D47.e.22496/attribute/checked - {}
RESULT: {}
RESULT: undefined
COMMAND: POST /session/0a56c8b3fe23980ff89a5571a3a07e32/execute/async - {"script":"<script> [6424 bytes]","args":[{"element-6066-11e4-a52e-4f735466cecf":"f.8BC31031A8A77F81AA6DDAE562E569BF.d.B635543B615E2F377ED0D0E9132B8D47.e.21335"},"setValue",["5/26/25"]]}
COMMAND: POST /session/0a56c8b3fe23980ff89a5571a3a07e32/element/f.8BC31031A8A77F81AA6DDAE562E569BF.d.B635543B615E2F377ED0D0E9132B8D47.e.22705/click - {}
RESULT: {}
COMMAND: GET /session/0a56c8b3fe23980ff89a5571a3a07e32/screenshot - {}
COMMAND: POST /session/0a56c8b3fe23980ff89a5571a3a07e32/execute/async - {"script":"<script> [1562 bytes]","args":[{"selector":{"id":"application-managehandovers-display-component---AddNewHO--dueDate","interaction":{"idSuffix":"inner"}},"wdio_ui5_key":"applicationmanagehandovers-display-component---AddNewHO--dueDate"}]}
RESULT: {}
RESULT: {"script":"<script> [1562 bytes]","args":[{"selector":{"id":"application-managehandovers-display-component---AddNewHO--dueDate","interaction":{"idSuffix":"inner"}},"wdio_ui5_key":"applicationmanagehandovers-display-component---AddNewHO--dueDate"}]}
COMMAND: POST /session/0a56c8b3fe23980ff89a5571a3a07e32/execute/async - {"script":"<script> [6424 bytes]","args":[{"element-6066-11e4-a52e-4f735466cecf":"f.8BC31031A8A77F81AA6DDAE562E569BF.d.B635543B615E2F377ED0D0E9132B8D47.e.22492"},"setValue",["5/26/25"]]}
RESULT: {"script":"<script> [6424 bytes]","args":[{"element-6066-11e4-a52e-4f735466cecf":"f.8BC31031A8A77F81AA6DDAE562E569BF.d.B635543B615E2F377ED0D0E9132B8D47.e.22492"},"setValue",["5/26/25"]]}
COMMAND: POST /session/0a56c8b3fe23980ff89a5571a3a07e32/element - {"using":"xpath","value":"//bdi[contains(text(), \"Instructions\")]"}
RESULT: {"using":"xpath","value":"//bdi[contains(text(), \"Instructions\")]"}
COMMAND: POST /session/0a56c8b3fe23980ff89a5571a3a07e32/element/f.8BC31031A8A77F81AA6DDAE562E569BF.d.B635543B615E2F377ED0D0E9132B8D47.e.22709/click - {}
RESULT: {}
COMMAND: GET /session/0a56c8b3fe23980ff89a5571a3a07e32/screenshot - {}
RESULT: {}
COMMAND: POST /session/0a56c8b3fe23980ff89a5571a3a07e32/element - {"using":"xpath","value":"//button[@data-kt=\"AddNewHOProvideAddItemsButton\"]"}
RESULT: {"using":"xpath","value":"//button[@data-kt=\"AddNewHOProvideAddItemsButton\"]"}
COMMAND: POST /session/0a56c8b3fe23980ff89a5571a3a07e32/element/f.8BC31031A8A77F81AA6DDAE562E569BF.d.B635543B615E2F377ED0D0E9132B8D47.e.22713/click - {}
RESULT: {}
COMMAND: GET /session/0a56c8b3fe23980ff89a5571a3a07e32/screenshot - {}
RESULT: {}
RESULT: undefined
COMMAND: POST /session/0a56c8b3fe23980ff89a5571a3a07e32/element - {"using":"xpath","value":"//*[@id=\"application-managehandovers-display-component---AddNewHO--popup-sa\"]"}
RESULT: {"using":"xpath","value":"//*[@id=\"application-managehandovers-display-component---AddNewHO--popup-sa\"]"}
COMMAND: POST /session/0a56c8b3fe23980ff89a5571a3a07e32/element/f.8BC31031A8A77F81AA6DDAE562E569BF.d.B635543B615E2F377ED0D0E9132B8D47.e.22728/click - {}
RESULT: {}
COMMAND: GET /session/0a56c8b3fe23980ff89a5571a3a07e32/screenshot - {}
RESULT: {}
COMMAND: POST /session/0a56c8b3fe23980ff89a5571a3a07e32/element - {"using":"xpath","value":"//*[contains(@id ,\"BDI-content\")][contains(text(), \"Select\")]"}
RESULT: {"using":"xpath","value":"//*[contains(@id ,\"BDI-content\")][contains(text(), \"Select\")]"}
COMMAND: POST /session/0a56c8b3fe23980ff89a5571a3a07e32/element/f.8BC31031A8A77F81AA6DDAE562E569BF.d.B635543B615E2F377ED0D0E9132B8D47.e.22730/click - {}
RESULT: {}
COMMAND: GET /session/0a56c8b3fe23980ff89a5571a3a07e32/screenshot - {}
RESULT: {}
COMMAND: POST /session/0a56c8b3fe23980ff89a5571a3a07e32/execute/async - {"script":"<script> [1562 bytes]","args":[{"selector":{"id":"application-managehandovers-display-component---AddNewHO--confirmCreationButton","interaction":{"idSuffix":"BDI-content"}},"wdio_ui5_key":"applicationmanagehandovers-display-component---AddNewHO--confirmCreationButton"}]}
RESULT: {"script":"<script> [1562 bytes]","args":[{"selector":{"id":"application-managehandovers-display-component---AddNewHO--confirmCreationButton","interaction":{"idSuffix":"BDI-content"}},"wdio_ui5_key":"applicationmanagehandovers-display-component---AddNewHO--confirmCreationButton"}]}
RESULT: undefined
COMMAND: POST /session/0a56c8b3fe23980ff89a5571a3a07e32/element - {"using":"xpath","value":"//*[@id=\"application-managehandovers-display-component---AddNewHO--confirmCreationButton\"]"}
RESULT: {"using":"xpath","value":"//*[@id=\"application-managehandovers-display-component---AddNewHO--confirmCreationButton\"]"}
COMMAND: POST /session/0a56c8b3fe23980ff89a5571a3a07e32/element/f.8BC31031A8A77F81AA6DDAE562E569BF.d.B635543B615E2F377ED0D0E9132B8D47.e.22539/click - {}
RESULT: {}
COMMAND: GET /session/0a56c8b3fe23980ff89a5571a3a07e32/screenshot - {}
RESULT: {}
COMMAND: POST /session/0a56c8b3fe23980ff89a5571a3a07e32/execute/async - {"script":"<script> [1562 bytes]","args":[{"selector":{"id":"issueDatePicker","viewName":"etm.portal.ui.managehandovers.view.DetailExecuteHO","interaction":{"idSuffix":"inner"}},"wdio_ui5_key":"issueDatePickeretmportal.ui.managehandovers.view.DetailExecuteHO"}]}
RESULT: {"script":"<script> [1562 bytes]","args":[{"selector":{"id":"issueDatePicker","viewName":"etm.portal.ui.managehandovers.view.DetailExecuteHO","interaction":{"idSuffix":"inner"}},"wdio_ui5_key":"issueDatePickeretmportal.ui.managehandovers.view.DetailExecuteHO"}]}
RESULT: undefined
COMMAND: POST /session/0a56c8b3fe23980ff89a5571a3a07e32/execute/async - {"script":"<script> [776 bytes]","args":[{"enterText":"5/26/25","selector":{"id":"issueDatePicker","viewName":"etm.portal.ui.managehandovers.view.DetailExecuteHO","interaction":{"idSuffix":"inner"}},"clearTextFirst":true,"interactionType":"ENTER_TEXT"}]}
RESULT: {"script":"<script> [776 bytes]","args":[{"enterText":"5/26/25","selector":{"id":"issueDatePicker","viewName":"etm.portal.ui.managehandovers.view.DetailExecuteHO","interaction":{"idSuffix":"inner"}},"clearTextFirst":true,"interactionType":"ENTER_TEXT"}]}
COMMAND: POST /session/0a56c8b3fe23980ff89a5571a3a07e32/element - {"using":"xpath","value":"//button[@data-kt=\"PickingTableConfirmAllButton\"]"}
RESULT: {"using":"xpath","value":"//button[@data-kt=\"PickingTableConfirmAllButton\"]"}
COMMAND: POST /session/0a56c8b3fe23980ff89a5571a3a07e32/element/f.8BC31031A8A77F81AA6DDAE562E569BF.d.B635543B615E2F377ED0D0E9132B8D47.e.22790/click - {}
RESULT: {}
COMMAND: GET /session/0a56c8b3fe23980ff89a5571a3a07e32/screenshot - {}
RESULT: {}
COMMAND: POST /session/0a56c8b3fe23980ff89a5571a3a07e32/element - {"using":"xpath","value":"//bdi[contains(text(), \"OK\")]"}
RESULT: {"using":"xpath","value":"//bdi[contains(text(), \"OK\")]"}
COMMAND: POST /session/0a56c8b3fe23980ff89a5571a3a07e32/element/f.8BC31031A8A77F81AA6DDAE562E569BF.d.B635543B615E2F377ED0D0E9132B8D47.e.22793/click - {}
RESULT: {}
COMMAND: GET /session/0a56c8b3fe23980ff89a5571a3a07e32/screenshot - {}
RESULT: {}
COMMAND: POST /session/0a56c8b3fe23980ff89a5571a3a07e32/element - {"using":"xpath","value":"//button[@data-kt=\"execHoPickButton\"]"}
RESULT: {"using":"xpath","value":"//button[@data-kt=\"execHoPickButton\"]"}
COMMAND: POST /session/0a56c8b3fe23980ff89a5571a3a07e32/element/f.8BC31031A8A77F81AA6DDAE562E569BF.d.B635543B615E2F377ED0D0E9132B8D47.e.22795/click - {}
RESULT: {}
COMMAND: GET /session/0a56c8b3fe23980ff89a5571a3a07e32/screenshot - {}
RESULT: {}
COMMAND: POST /session/0a56c8b3fe23980ff89a5571a3a07e32/element - {"using":"xpath","value":"//span[contains(@id ,\"filterItemControl_BASIC-RECEIVE_CONTRACT-vhi\")]"}
RESULT: {"using":"xpath","value":"//span[contains(@id ,\"filterItemControl_BASIC-RECEIVE_CONTRACT-vhi\")]"}
COMMAND: POST /session/0a56c8b3fe23980ff89a5571a3a07e32/element/f.8BC31031A8A77F81AA6DDAE562E569BF.d.B635543B615E2F377ED0D0E9132B8D47.e.22966/click - {}
RESULT: {}
COMMAND: GET /session/0a56c8b3fe23980ff89a5571a3a07e32/screenshot - {}
RESULT: {}
COMMAND: POST /session/0a56c8b3fe23980ff89a5571a3a07e32/execute/async - {"script":"<script> [1562 bytes]","args":[{"selector":{"controlType":"sap.m.SearchField","viewName":"etm.portal.ui.managehandovers.view.MasterHO","bindingPath":{"path":"","propertyPath":"/_BASIC_SEARCH_FIELD","modelName":"fi1t3rM0d31"},"searchOpenDialogs":true,"interaction":{"idSuffix":"I"}},"wdio_ui5_key":"etmportal.ui.managehandovers.view.MasterHOsap.m.SearchField{\"path\":\"\",\"propertyPath\":\"/_BASIC_SEARCH_FIELD\",\"modelName\":\"fi1t3rM0d31\"}"}]}
RESULT: {"script":"<script> [1562 bytes]","args":[{"selector":{"controlType":"sap.m.SearchField","viewName":"etm.portal.ui.managehandovers.view.MasterHO","bindingPath":{"path":"","propertyPath":"/_BASIC_SEARCH_FIELD","modelName":"fi1t3rM0d31"},"searchOpenDialogs":true,"interaction":{"idSuffix":"I"}},"wdio_ui5_key":"etmportal.ui.managehandovers.view.MasterHOsap.m.SearchField{\"path\":\"\",\"propertyPath\":\"/_BASIC_SEARCH_FIELD\",\"modelName\":\"fi1t3rM0d31\"}"}]}
RESULT: undefined
COMMAND: POST /session/0a56c8b3fe23980ff89a5571a3a07e32/execute/async - {"script":"<script> [776 bytes]","args":[{"enterText":"10287","selector":{"controlType":"sap.m.SearchField","viewName":"etm.portal.ui.managehandovers.view.MasterHO","bindingPath":{"path":"","propertyPath":"/_BASIC_SEARCH_FIELD","modelName":"fi1t3rM0d31"},"searchOpenDialogs":true,"interaction":{"idSuffix":"I"}},"clearTextFirst":true,"interactionType":"ENTER_TEXT"}]}
RESULT: {"script":"<script> [776 bytes]","args":[{"enterText":"10287","selector":{"controlType":"sap.m.SearchField","viewName":"etm.portal.ui.managehandovers.view.MasterHO","bindingPath":{"path":"","propertyPath":"/_BASIC_SEARCH_FIELD","modelName":"fi1t3rM0d31"},"searchOpenDialogs":true,"interaction":{"idSuffix":"I"}},"clearTextFirst":true,"interactionType":"ENTER_TEXT"}]}
COMMAND: POST /session/0a56c8b3fe23980ff89a5571a3a07e32/actions - {"actions":[{"id":"action79","type":"key","parameters":{},"actions":[{"type":"keyDown","value":""},{"type":"pause","duration":10},{"type":"keyUp","value":""}]}]}
RESULT: {"actions":[{"id":"action79","type":"key","parameters":{},"actions":[{"type":"keyDown","value":""},{"type":"pause","duration":10},{"type":"keyUp","value":""}]}]}
COMMAND: GET /session/0a56c8b3fe23980ff89a5571a3a07e32/screenshot - {}
RESULT: {}
COMMAND: POST /session/0a56c8b3fe23980ff89a5571a3a07e32/element - {"using":"xpath","value":"//div[contains(@id, 'filterItemControl_BASIC-RECEIVE_CONTRACT-valueHelpDialog-table-rowsel0')]"}
RESULT: {"using":"xpath","value":"//div[contains(@id, 'filterItemControl_BASIC-RECEIVE_CONTRACT-valueHelpDialog-table-rowsel0')]"}
COMMAND: POST /session/0a56c8b3fe23980ff89a5571a3a07e32/element/f.8BC31031A8A77F81AA6DDAE562E569BF.d.B635543B615E2F377ED0D0E9132B8D47.e.22976/click - {}
RESULT: {}
COMMAND: GET /session/0a56c8b3fe23980ff89a5571a3a07e32/screenshot - {}
RESULT: {}
COMMAND: POST /session/0a56c8b3fe23980ff89a5571a3a07e32/element - {"using":"xpath","value":"//bdi[contains(text(), \"OK\")]"}
RESULT: {"using":"xpath","value":"//bdi[contains(text(), \"OK\")]"}
COMMAND: POST /session/0a56c8b3fe23980ff89a5571a3a07e32/element/f.8BC31031A8A77F81AA6DDAE562E569BF.d.B635543B615E2F377ED0D0E9132B8D47.e.22978/click - {}
RESULT: {}
COMMAND: GET /session/0a56c8b3fe23980ff89a5571a3a07e32/screenshot - {}
RESULT: {}
COMMAND: POST /session/0a56c8b3fe23980ff89a5571a3a07e32/element - {"using":"xpath","value":"//span[contains(@id, \"smartTable-header-inner\")]"}
RESULT: {"using":"xpath","value":"//span[contains(@id, \"smartTable-header-inner\")]"}
COMMAND: POST /session/0a56c8b3fe23980ff89a5571a3a07e32/elements - {"using":"xpath","value":"//span[contains(@id, \"smartTable-header-inner\")]"}
RESULT: {"using":"xpath","value":"//span[contains(@id, \"smartTable-header-inner\")]"}
COMMAND: POST /session/0a56c8b3fe23980ff89a5571a3a07e32/execute/sync - {"script":"<script> [56 bytes]","args":[{"element-6066-11e4-a52e-4f735466cecf":"f.8BC31031A8A77F81AA6DDAE562E569BF.d.B635543B615E2F377ED0D0E9132B8D47.e.23007","ELEMENT":"f.8BC31031A8A77F81AA6DDAE562E569BF.d.B635543B615E2F377ED0D0E9132B8D47.e.23007"}]}
RESULT: {"script":"<script> [56 bytes]","args":[{"element-6066-11e4-a52e-4f735466cecf":"f.8BC31031A8A77F81AA6DDAE562E569BF.d.B635543B615E2F377ED0D0E9132B8D47.e.23007","ELEMENT":"f.8BC31031A8A77F81AA6DDAE562E569BF.d.B635543B615E2F377ED0D0E9132B8D47.e.23007"}]}
COMMAND: POST /session/0a56c8b3fe23980ff89a5571a3a07e32/element - {"using":"xpath","value":"//table[contains(@id, \"customHandovers\")]//tbody/tr[1]/td[2]/span"}
COMMAND: GET /session/0a56c8b3fe23980ff89a5571a3a07e32/screenshot - {}
RESULT: {"using":"xpath","value":"//table[contains(@id, \"customHandovers\")]//tbody/tr[1]/td[2]/span"}
COMMAND: POST /session/0a56c8b3fe23980ff89a5571a3a07e32/execute/sync - {"script":"<script> [56 bytes]","args":[{"element-6066-11e4-a52e-4f735466cecf":"f.8BC31031A8A77F81AA6DDAE562E569BF.d.B635543B615E2F377ED0D0E9132B8D47.e.23008","ELEMENT":"f.8BC31031A8A77F81AA6DDAE562E569BF.d.B635543B615E2F377ED0D0E9132B8D47.e.23008"}]}
RESULT: {}
RESULT: {"script":"<script> [56 bytes]","args":[{"element-6066-11e4-a52e-4f735466cecf":"f.8BC31031A8A77F81AA6DDAE562E569BF.d.B635543B615E2F377ED0D0E9132B8D47.e.23008","ELEMENT":"f.8BC31031A8A77F81AA6DDAE562E569BF.d.B635543B615E2F377ED0D0E9132B8D47.e.23008"}]}
COMMAND: POST /session/0a56c8b3fe23980ff89a5571a3a07e32/element - {"using":"xpath","value":"(//span[contains(@id, \"imgNav\")])[1]"}
COMMAND: GET /session/0a56c8b3fe23980ff89a5571a3a07e32/screenshot - {}
RESULT: {"using":"xpath","value":"(//span[contains(@id, \"imgNav\")])[1]"}
COMMAND: POST /session/0a56c8b3fe23980ff89a5571a3a07e32/element/f.8BC31031A8A77F81AA6DDAE562E569BF.d.B635543B615E2F377ED0D0E9132B8D47.e.23005/click - {}
RESULT: {}
RESULT: {}
COMMAND: GET /session/0a56c8b3fe23980ff89a5571a3a07e32/screenshot - {}
RESULT: {}
RESULT: undefined
COMMAND: POST /session/0a56c8b3fe23980ff89a5571a3a07e32/execute/async - {"script":"<script> [776 bytes]","args":[{"enterText":"5/26/25","selector":{"id":"issueDatePicker","viewName":"etm.portal.ui.managehandovers.view.DetailExecuteHO","interaction":{"idSuffix":"inner"}},"clearTextFirst":true,"interactionType":"ENTER_TEXT"}]}
RESULT: {"script":"<script> [776 bytes]","args":[{"enterText":"5/26/25","selector":{"id":"issueDatePicker","viewName":"etm.portal.ui.managehandovers.view.DetailExecuteHO","interaction":{"idSuffix":"inner"}},"clearTextFirst":true,"interactionType":"ENTER_TEXT"}]}
COMMAND: POST /session/0a56c8b3fe23980ff89a5571a3a07e32/element - {"using":"xpath","value":"//button[@data-kt=\"IssuingTableConfirmAllButton\"]"}
RESULT: {"using":"xpath","value":"//button[@data-kt=\"IssuingTableConfirmAllButton\"]"}
COMMAND: POST /session/0a56c8b3fe23980ff89a5571a3a07e32/element/f.8BC31031A8A77F81AA6DDAE562E569BF.d.B635543B615E2F377ED0D0E9132B8D47.e.23049/click - {}
RESULT: {}
COMMAND: GET /session/0a56c8b3fe23980ff89a5571a3a07e32/screenshot - {}
RESULT: {}
COMMAND: POST /session/0a56c8b3fe23980ff89a5571a3a07e32/element - {"using":"xpath","value":"//bdi[contains(text(), \"OK\")]"}
RESULT: {"using":"xpath","value":"//bdi[contains(text(), \"OK\")]"}
COMMAND: POST /session/0a56c8b3fe23980ff89a5571a3a07e32/element/f.8BC31031A8A77F81AA6DDAE562E569BF.d.B635543B615E2F377ED0D0E9132B8D47.e.23068/click - {}
RESULT: {}
COMMAND: GET /session/0a56c8b3fe23980ff89a5571a3a07e32/screenshot - {}
RESULT: {}
COMMAND: POST /session/0a56c8b3fe23980ff89a5571a3a07e32/element - {"using":"xpath","value":"//button[@data-kt=\"execHoIssueButton\"]"}
RESULT: {"using":"xpath","value":"//button[@data-kt=\"execHoIssueButton\"]"}
COMMAND: POST /session/0a56c8b3fe23980ff89a5571a3a07e32/element/f.8BC31031A8A77F81AA6DDAE562E569BF.d.B635543B615E2F377ED0D0E9132B8D47.e.23069/click - {}
RESULT: {}
COMMAND: GET /session/0a56c8b3fe23980ff89a5571a3a07e32/screenshot - {}
RESULT: {}
COMMAND: POST /session/0a56c8b3fe23980ff89a5571a3a07e32/element - {"using":"xpath","value":"//input[contains(@id ,\"smartFilterBar-btnBasicSearch-I\")]"}
RESULT: {"using":"xpath","value":"//input[contains(@id ,\"smartFilterBar-btnBasicSearch-I\")]"}
COMMAND: POST /session/0a56c8b3fe23980ff89a5571a3a07e32/elements - {"using":"xpath","value":"//input[contains(@id ,\"smartFilterBar-btnBasicSearch-I\")]"}
RESULT: {"using":"xpath","value":"//input[contains(@id ,\"smartFilterBar-btnBasicSearch-I\")]"}
COMMAND: POST /session/0a56c8b3fe23980ff89a5571a3a07e32/execute/sync - {"script":"<script> [8489 bytes]","args":[{"element-6066-11e4-a52e-4f735466cecf":"f.8BC31031A8A77F81AA6DDAE562E569BF.d.B635543B615E2F377ED0D0E9132B8D47.e.22491","ELEMENT":"f.8BC31031A8A77F81AA6DDAE562E569BF.d.B635543B615E2F377ED0D0E9132B8D47.e.22491"}]}
RESULT: {"script":"<script> [8489 bytes]","args":[{"element-6066-11e4-a52e-4f735466cecf":"f.8BC31031A8A77F81AA6DDAE562E569BF.d.B635543B615E2F377ED0D0E9132B8D47.e.22491","ELEMENT":"f.8BC31031A8A77F81AA6DDAE562E569BF.d.B635543B615E2F377ED0D0E9132B8D47.e.22491"}]}
COMMAND: GET /session/0a56c8b3fe23980ff89a5571a3a07e32/element/f.8BC31031A8A77F81AA6DDAE562E569BF.d.B635543B615E2F377ED0D0E9132B8D47.e.22491/enabled - {}
COMMAND: GET /session/0a56c8b3fe23980ff89a5571a3a07e32/screenshot - {}
RESULT: {}
COMMAND: POST /session/0a56c8b3fe23980ff89a5571a3a07e32/element/f.8BC31031A8A77F81AA6DDAE562E569BF.d.B635543B615E2F377ED0D0E9132B8D47.e.22491/clear - {}
COMMAND: GET /session/0a56c8b3fe23980ff89a5571a3a07e32/screenshot - {}
RESULT: {}
RESULT: {}
COMMAND: POST /session/0a56c8b3fe23980ff89a5571a3a07e32/element/f.8BC31031A8A77F81AA6DDAE562E569BF.d.B635543B615E2F377ED0D0E9132B8D47.e.22491/value - {"text":"30617"}
COMMAND: GET /session/0a56c8b3fe23980ff89a5571a3a07e32/screenshot - {}
RESULT: {}
RESULT: {"text":"30617"}
COMMAND: GET /session/0a56c8b3fe23980ff89a5571a3a07e32/screenshot - {}
RESULT: {}
RESULT: {}
COMMAND: POST /session/0a56c8b3fe23980ff89a5571a3a07e32/actions - {"actions":[{"id":"action80","type":"key","parameters":{},"actions":[{"type":"keyDown","value":""},{"type":"pause","duration":10},{"type":"keyUp","value":""}]}]}
RESULT: {"actions":[{"id":"action80","type":"key","parameters":{},"actions":[{"type":"keyDown","value":""},{"type":"pause","duration":10},{"type":"keyUp","value":""}]}]}
COMMAND: GET /session/0a56c8b3fe23980ff89a5571a3a07e32/screenshot - {}
RESULT: {}
COMMAND: POST /session/0a56c8b3fe23980ff89a5571a3a07e32/element - {"using":"xpath","value":"//span[contains(@id, \"smartTable-header-inner\")]"}
RESULT: {"using":"xpath","value":"//span[contains(@id, \"smartTable-header-inner\")]"}
COMMAND: POST /session/0a56c8b3fe23980ff89a5571a3a07e32/elements - {"using":"xpath","value":"//span[contains(@id, \"smartTable-header-inner\")]"}
RESULT: {"using":"xpath","value":"//span[contains(@id, \"smartTable-header-inner\")]"}
COMMAND: POST /session/0a56c8b3fe23980ff89a5571a3a07e32/execute/sync - {"script":"<script> [56 bytes]","args":[{"element-6066-11e4-a52e-4f735466cecf":"f.8BC31031A8A77F81AA6DDAE562E569BF.d.B635543B615E2F377ED0D0E9132B8D47.e.23007","ELEMENT":"f.8BC31031A8A77F81AA6DDAE562E569BF.d.B635543B615E2F377ED0D0E9132B8D47.e.23007"}]}
RESULT: {"script":"<script> [56 bytes]","args":[{"element-6066-11e4-a52e-4f735466cecf":"f.8BC31031A8A77F81AA6DDAE562E569BF.d.B635543B615E2F377ED0D0E9132B8D47.e.23007","ELEMENT":"f.8BC31031A8A77F81AA6DDAE562E569BF.d.B635543B615E2F377ED0D0E9132B8D47.e.23007"}]}
COMMAND: POST /session/0a56c8b3fe23980ff89a5571a3a07e32/elements - {"using":"xpath","value":"//thead[contains(@class, \"sapMTableTH\")]/tr/th"}
COMMAND: GET /session/0a56c8b3fe23980ff89a5571a3a07e32/screenshot - {}
RESULT: {"using":"xpath","value":"//thead[contains(@class, \"sapMTableTH\")]/tr/th"}
COMMAND: GET /session/0a56c8b3fe23980ff89a5571a3a07e32/element/f.8BC31031A8A77F81AA6DDAE562E569BF.d.B635543B615E2F377ED0D0E9132B8D47.e.23104/text - {}
RESULT: {}
RESULT: {}
COMMAND: GET /session/0a56c8b3fe23980ff89a5571a3a07e32/element/f.8BC31031A8A77F81AA6DDAE562E569BF.d.B635543B615E2F377ED0D0E9132B8D47.e.23105/text - {}
RESULT: {}
COMMAND: GET /session/0a56c8b3fe23980ff89a5571a3a07e32/element/f.8BC31031A8A77F81AA6DDAE562E569BF.d.B635543B615E2F377ED0D0E9132B8D47.e.22485/text - {}
RESULT: {}
COMMAND: GET /session/0a56c8b3fe23980ff89a5571a3a07e32/element/f.8BC31031A8A77F81AA6DDAE562E569BF.d.B635543B615E2F377ED0D0E9132B8D47.e.22487/text - {}
RESULT: {}
COMMAND: GET /session/0a56c8b3fe23980ff89a5571a3a07e32/element/f.8BC31031A8A77F81AA6DDAE562E569BF.d.B635543B615E2F377ED0D0E9132B8D47.e.23074/text - {}
RESULT: {}
COMMAND: GET /session/0a56c8b3fe23980ff89a5571a3a07e32/element/f.8BC31031A8A77F81AA6DDAE562E569BF.d.B635543B615E2F377ED0D0E9132B8D47.e.23075/text - {}
RESULT: {}
COMMAND: GET /session/0a56c8b3fe23980ff89a5571a3a07e32/element/f.8BC31031A8A77F81AA6DDAE562E569BF.d.B635543B615E2F377ED0D0E9132B8D47.e.23076/text - {}
RESULT: {}
COMMAND: GET /session/0a56c8b3fe23980ff89a5571a3a07e32/element/f.8BC31031A8A77F81AA6DDAE562E569BF.d.B635543B615E2F377ED0D0E9132B8D47.e.23077/text - {}
RESULT: {}
COMMAND: GET /session/0a56c8b3fe23980ff89a5571a3a07e32/element/f.8BC31031A8A77F81AA6DDAE562E569BF.d.B635543B615E2F377ED0D0E9132B8D47.e.23078/text - {}
RESULT: {}
COMMAND: GET /session/0a56c8b3fe23980ff89a5571a3a07e32/element/f.8BC31031A8A77F81AA6DDAE562E569BF.d.B635543B615E2F377ED0D0E9132B8D47.e.23079/text - {}
RESULT: {}
COMMAND: GET /session/0a56c8b3fe23980ff89a5571a3a07e32/element/f.8BC31031A8A77F81AA6DDAE562E569BF.d.B635543B615E2F377ED0D0E9132B8D47.e.23080/text - {}
RESULT: {}
COMMAND: GET /session/0a56c8b3fe23980ff89a5571a3a07e32/element/f.8BC31031A8A77F81AA6DDAE562E569BF.d.B635543B615E2F377ED0D0E9132B8D47.e.23081/text - {}
RESULT: {}
COMMAND: GET /session/0a56c8b3fe23980ff89a5571a3a07e32/element/f.8BC31031A8A77F81AA6DDAE562E569BF.d.B635543B615E2F377ED0D0E9132B8D47.e.23082/text - {}
RESULT: {}
COMMAND: GET /session/0a56c8b3fe23980ff89a5571a3a07e32/element/f.8BC31031A8A77F81AA6DDAE562E569BF.d.B635543B615E2F377ED0D0E9132B8D47.e.22488/text - {}
RESULT: {}
COMMAND: POST /session/0a56c8b3fe23980ff89a5571a3a07e32/element - {"using":"xpath","value":"//tbody[contains(@id, \"customHandoversTable-tblBody\")]/tr[1]/td[14]/div/span"}
RESULT: {"using":"xpath","value":"//tbody[contains(@id, \"customHandoversTable-tblBody\")]/tr[1]/td[14]/div/span"}
COMMAND: POST /session/0a56c8b3fe23980ff89a5571a3a07e32/execute/sync - {"script":"<script> [56 bytes]","args":[{"element-6066-11e4-a52e-4f735466cecf":"f.8BC31031A8A77F81AA6DDAE562E569BF.d.B635543B615E2F377ED0D0E9132B8D47.e.23154","ELEMENT":"f.8BC31031A8A77F81AA6DDAE562E569BF.d.B635543B615E2F377ED0D0E9132B8D47.e.23154"}]}
RESULT: {"script":"<script> [56 bytes]","args":[{"element-6066-11e4-a52e-4f735466cecf":"f.8BC31031A8A77F81AA6DDAE562E569BF.d.B635543B615E2F377ED0D0E9132B8D47.e.23154","ELEMENT":"f.8BC31031A8A77F81AA6DDAE562E569BF.d.B635543B615E2F377ED0D0E9132B8D47.e.23154"}]}
COMMAND: POST /session/0a56c8b3fe23980ff89a5571a3a07e32/element - {"using":"xpath","value":"(//span[contains(@id, \"imgNav\")])[1]"}
COMMAND: GET /session/0a56c8b3fe23980ff89a5571a3a07e32/screenshot - {}
RESULT: {"using":"xpath","value":"(//span[contains(@id, \"imgNav\")])[1]"}
COMMAND: POST /session/0a56c8b3fe23980ff89a5571a3a07e32/element/f.8BC31031A8A77F81AA6DDAE562E569BF.d.B635543B615E2F377ED0D0E9132B8D47.e.23155/click - {}
RESULT: {}
RESULT: {}
COMMAND: GET /session/0a56c8b3fe23980ff89a5571a3a07e32/screenshot - {}
RESULT: {}
RESULT: undefined
COMMAND: POST /session/0a56c8b3fe23980ff89a5571a3a07e32/execute/async - {"script":"<script> [776 bytes]","args":[{"enterText":"6/2/25","selector":{"id":"receiptDatePicker","viewName":"etm.portal.ui.managehandovers.view.DetailExecuteHO","interaction":{"idSuffix":"inner"}},"clearTextFirst":true,"interactionType":"ENTER_TEXT"}]}
RESULT: {"script":"<script> [776 bytes]","args":[{"enterText":"6/2/25","selector":{"id":"receiptDatePicker","viewName":"etm.portal.ui.managehandovers.view.DetailExecuteHO","interaction":{"idSuffix":"inner"}},"clearTextFirst":true,"interactionType":"ENTER_TEXT"}]}
COMMAND: POST /session/0a56c8b3fe23980ff89a5571a3a07e32/element - {"using":"xpath","value":"//bdi[contains(text(), \"OK\")]"}
RESULT: {"using":"xpath","value":"//bdi[contains(text(), \"OK\")]"}
COMMAND: POST /session/0a56c8b3fe23980ff89a5571a3a07e32/element/f.8BC31031A8A77F81AA6DDAE562E569BF.d.B635543B615E2F377ED0D0E9132B8D47.e.23193/click - {}
RESULT: {}
COMMAND: GET /session/0a56c8b3fe23980ff89a5571a3a07e32/screenshot - {}
RESULT: {}
COMMAND: POST /session/0a56c8b3fe23980ff89a5571a3a07e32/element - {"using":"xpath","value":"//button[@data-kt=\"ReceivingTableConfirmAllButton\"]"}
RESULT: {"using":"xpath","value":"//button[@data-kt=\"ReceivingTableConfirmAllButton\"]"}
COMMAND: POST /session/0a56c8b3fe23980ff89a5571a3a07e32/element/f.8BC31031A8A77F81AA6DDAE562E569BF.d.B635543B615E2F377ED0D0E9132B8D47.e.23178/click - {}
RESULT: {}
COMMAND: GET /session/0a56c8b3fe23980ff89a5571a3a07e32/screenshot - {}
RESULT: {}
COMMAND: POST /session/0a56c8b3fe23980ff89a5571a3a07e32/element - {"using":"xpath","value":"//bdi[contains(text(), \"OK\")]"}
RESULT: {"using":"xpath","value":"//bdi[contains(text(), \"OK\")]"}
COMMAND: POST /session/0a56c8b3fe23980ff89a5571a3a07e32/element/f.8BC31031A8A77F81AA6DDAE562E569BF.d.B635543B615E2F377ED0D0E9132B8D47.e.23208/click - {}
RESULT: {}
COMMAND: GET /session/0a56c8b3fe23980ff89a5571a3a07e32/screenshot - {}
RESULT: {}
COMMAND: POST /session/0a56c8b3fe23980ff89a5571a3a07e32/element - {"using":"xpath","value":"//button[@data-kt= \"execHoReceiveButton\"]"}
RESULT: {"using":"xpath","value":"//button[@data-kt= \"execHoReceiveButton\"]"}
COMMAND: POST /session/0a56c8b3fe23980ff89a5571a3a07e32/element/f.8BC31031A8A77F81AA6DDAE562E569BF.d.B635543B615E2F377ED0D0E9132B8D47.e.23209/click - {}
RESULT: {}
COMMAND: GET /session/0a56c8b3fe23980ff89a5571a3a07e32/screenshot - {}
RESULT: {}
COMMAND: POST /session/0a56c8b3fe23980ff89a5571a3a07e32/element - {"using":"xpath","value":"//input[contains(@id ,\"smartFilterBar-btnBasicSearch-I\")]"}
RESULT: {"using":"xpath","value":"//input[contains(@id ,\"smartFilterBar-btnBasicSearch-I\")]"}
COMMAND: POST /session/0a56c8b3fe23980ff89a5571a3a07e32/elements - {"using":"xpath","value":"//input[contains(@id ,\"smartFilterBar-btnBasicSearch-I\")]"}
RESULT: {"using":"xpath","value":"//input[contains(@id ,\"smartFilterBar-btnBasicSearch-I\")]"}
COMMAND: POST /session/0a56c8b3fe23980ff89a5571a3a07e32/execute/sync - {"script":"<script> [8489 bytes]","args":[{"element-6066-11e4-a52e-4f735466cecf":"f.8BC31031A8A77F81AA6DDAE562E569BF.d.B635543B615E2F377ED0D0E9132B8D47.e.22491","ELEMENT":"f.8BC31031A8A77F81AA6DDAE562E569BF.d.B635543B615E2F377ED0D0E9132B8D47.e.22491"}]}
RESULT: {"script":"<script> [8489 bytes]","args":[{"element-6066-11e4-a52e-4f735466cecf":"f.8BC31031A8A77F81AA6DDAE562E569BF.d.B635543B615E2F377ED0D0E9132B8D47.e.22491","ELEMENT":"f.8BC31031A8A77F81AA6DDAE562E569BF.d.B635543B615E2F377ED0D0E9132B8D47.e.22491"}]}
COMMAND: GET /session/0a56c8b3fe23980ff89a5571a3a07e32/element/f.8BC31031A8A77F81AA6DDAE562E569BF.d.B635543B615E2F377ED0D0E9132B8D47.e.22491/enabled - {}
COMMAND: GET /session/0a56c8b3fe23980ff89a5571a3a07e32/screenshot - {}
RESULT: {}
COMMAND: POST /session/0a56c8b3fe23980ff89a5571a3a07e32/element/f.8BC31031A8A77F81AA6DDAE562E569BF.d.B635543B615E2F377ED0D0E9132B8D47.e.22491/clear - {}
COMMAND: GET /session/0a56c8b3fe23980ff89a5571a3a07e32/screenshot - {}
RESULT: {}
RESULT: {}
COMMAND: POST /session/0a56c8b3fe23980ff89a5571a3a07e32/element/f.8BC31031A8A77F81AA6DDAE562E569BF.d.B635543B615E2F377ED0D0E9132B8D47.e.22491/value - {"text":"30617"}
COMMAND: GET /session/0a56c8b3fe23980ff89a5571a3a07e32/screenshot - {}
RESULT: {}
RESULT: {"text":"30617"}
COMMAND: GET /session/0a56c8b3fe23980ff89a5571a3a07e32/screenshot - {}
RESULT: {}
RESULT: {}
COMMAND: POST /session/0a56c8b3fe23980ff89a5571a3a07e32/actions - {"actions":[{"id":"action81","type":"key","parameters":{},"actions":[{"type":"keyDown","value":""},{"type":"pause","duration":10},{"type":"keyUp","value":""}]}]}
RESULT: {"actions":[{"id":"action81","type":"key","parameters":{},"actions":[{"type":"keyDown","value":""},{"type":"pause","duration":10},{"type":"keyUp","value":""}]}]}
COMMAND: GET /session/0a56c8b3fe23980ff89a5571a3a07e32/screenshot - {}
RESULT: {}
COMMAND: POST /session/0a56c8b3fe23980ff89a5571a3a07e32/element - {"using":"xpath","value":"//span[contains(@id, \"smartTable-header-inner\")]"}
RESULT: {"using":"xpath","value":"//span[contains(@id, \"smartTable-header-inner\")]"}
COMMAND: POST /session/0a56c8b3fe23980ff89a5571a3a07e32/elements - {"using":"xpath","value":"//span[contains(@id, \"smartTable-header-inner\")]"}
RESULT: {"using":"xpath","value":"//span[contains(@id, \"smartTable-header-inner\")]"}
COMMAND: POST /session/0a56c8b3fe23980ff89a5571a3a07e32/execute/sync - {"script":"<script> [56 bytes]","args":[{"element-6066-11e4-a52e-4f735466cecf":"f.8BC31031A8A77F81AA6DDAE562E569BF.d.B635543B615E2F377ED0D0E9132B8D47.e.23007","ELEMENT":"f.8BC31031A8A77F81AA6DDAE562E569BF.d.B635543B615E2F377ED0D0E9132B8D47.e.23007"}]}
RESULT: {"script":"<script> [56 bytes]","args":[{"element-6066-11e4-a52e-4f735466cecf":"f.8BC31031A8A77F81AA6DDAE562E569BF.d.B635543B615E2F377ED0D0E9132B8D47.e.23007","ELEMENT":"f.8BC31031A8A77F81AA6DDAE562E569BF.d.B635543B615E2F377ED0D0E9132B8D47.e.23007"}]}
COMMAND: POST /session/0a56c8b3fe23980ff89a5571a3a07e32/elements - {"using":"xpath","value":"//thead[contains(@class, \"sapMTableTH\")]/tr/th"}
COMMAND: GET /session/0a56c8b3fe23980ff89a5571a3a07e32/screenshot - {}
RESULT: {"using":"xpath","value":"//thead[contains(@class, \"sapMTableTH\")]/tr/th"}
COMMAND: GET /session/0a56c8b3fe23980ff89a5571a3a07e32/element/f.8BC31031A8A77F81AA6DDAE562E569BF.d.B635543B615E2F377ED0D0E9132B8D47.e.23104/text - {}
RESULT: {}
RESULT: {}
COMMAND: GET /session/0a56c8b3fe23980ff89a5571a3a07e32/element/f.8BC31031A8A77F81AA6DDAE562E569BF.d.B635543B615E2F377ED0D0E9132B8D47.e.23105/text - {}
RESULT: {}
COMMAND: GET /session/0a56c8b3fe23980ff89a5571a3a07e32/element/f.8BC31031A8A77F81AA6DDAE562E569BF.d.B635543B615E2F377ED0D0E9132B8D47.e.22485/text - {}
RESULT: {}
COMMAND: GET /session/0a56c8b3fe23980ff89a5571a3a07e32/element/f.8BC31031A8A77F81AA6DDAE562E569BF.d.B635543B615E2F377ED0D0E9132B8D47.e.22487/text - {}
RESULT: {}
COMMAND: GET /session/0a56c8b3fe23980ff89a5571a3a07e32/element/f.8BC31031A8A77F81AA6DDAE562E569BF.d.B635543B615E2F377ED0D0E9132B8D47.e.23214/text - {}
RESULT: {}
COMMAND: GET /session/0a56c8b3fe23980ff89a5571a3a07e32/element/f.8BC31031A8A77F81AA6DDAE562E569BF.d.B635543B615E2F377ED0D0E9132B8D47.e.23215/text - {}
RESULT: {}
COMMAND: GET /session/0a56c8b3fe23980ff89a5571a3a07e32/element/f.8BC31031A8A77F81AA6DDAE562E569BF.d.B635543B615E2F377ED0D0E9132B8D47.e.23216/text - {}
RESULT: {}
COMMAND: GET /session/0a56c8b3fe23980ff89a5571a3a07e32/element/f.8BC31031A8A77F81AA6DDAE562E569BF.d.B635543B615E2F377ED0D0E9132B8D47.e.23217/text - {}
RESULT: {}
COMMAND: GET /session/0a56c8b3fe23980ff89a5571a3a07e32/element/f.8BC31031A8A77F81AA6DDAE562E569BF.d.B635543B615E2F377ED0D0E9132B8D47.e.23218/text - {}
RESULT: {}
COMMAND: GET /session/0a56c8b3fe23980ff89a5571a3a07e32/element/f.8BC31031A8A77F81AA6DDAE562E569BF.d.B635543B615E2F377ED0D0E9132B8D47.e.23219/text - {}
RESULT: {}
COMMAND: GET /session/0a56c8b3fe23980ff89a5571a3a07e32/element/f.8BC31031A8A77F81AA6DDAE562E569BF.d.B635543B615E2F377ED0D0E9132B8D47.e.23220/text - {}
RESULT: {}
COMMAND: GET /session/0a56c8b3fe23980ff89a5571a3a07e32/element/f.8BC31031A8A77F81AA6DDAE562E569BF.d.B635543B615E2F377ED0D0E9132B8D47.e.23221/text - {}
RESULT: {}
COMMAND: GET /session/0a56c8b3fe23980ff89a5571a3a07e32/element/f.8BC31031A8A77F81AA6DDAE562E569BF.d.B635543B615E2F377ED0D0E9132B8D47.e.23222/text - {}
RESULT: {}
COMMAND: GET /session/0a56c8b3fe23980ff89a5571a3a07e32/element/f.8BC31031A8A77F81AA6DDAE562E569BF.d.B635543B615E2F377ED0D0E9132B8D47.e.22488/text - {}
RESULT: {}
COMMAND: POST /session/0a56c8b3fe23980ff89a5571a3a07e32/element - {"using":"xpath","value":"//tbody[contains(@id, \"customHandoversTable-tblBody\")]/tr[1]/td[14]/div/span"}
RESULT: {"using":"xpath","value":"//tbody[contains(@id, \"customHandoversTable-tblBody\")]/tr[1]/td[14]/div/span"}
COMMAND: POST /session/0a56c8b3fe23980ff89a5571a3a07e32/execute/sync - {"script":"<script> [56 bytes]","args":[{"element-6066-11e4-a52e-4f735466cecf":"f.8BC31031A8A77F81AA6DDAE562E569BF.d.B635543B615E2F377ED0D0E9132B8D47.e.23266","ELEMENT":"f.8BC31031A8A77F81AA6DDAE562E569BF.d.B635543B615E2F377ED0D0E9132B8D47.e.23266"}]}
RESULT: {"script":"<script> [56 bytes]","args":[{"element-6066-11e4-a52e-4f735466cecf":"f.8BC31031A8A77F81AA6DDAE562E569BF.d.B635543B615E2F377ED0D0E9132B8D47.e.23266","ELEMENT":"f.8BC31031A8A77F81AA6DDAE562E569BF.d.B635543B615E2F377ED0D0E9132B8D47.e.23266"}]}
COMMAND: POST /session/0a56c8b3fe23980ff89a5571a3a07e32/element - {"using":"css selector","value":"#shell-header-logo"}
COMMAND: GET /session/0a56c8b3fe23980ff89a5571a3a07e32/screenshot - {}
RESULT: {"using":"css selector","value":"#shell-header-logo"}
COMMAND: POST /session/0a56c8b3fe23980ff89a5571a3a07e32/element/f.8BC31031A8A77F81AA6DDAE562E569BF.d.B635543B615E2F377ED0D0E9132B8D47.e.21738/click - {}
RESULT: {}
RESULT: {}
COMMAND: GET /session/0a56c8b3fe23980ff89a5571a3a07e32/screenshot - {}
RESULT: {}
]]></system-out>
    </testcase>
    <testcase classname="chrome.136_0_7103_93.windows.Billing_Calculation_-_Time_based_(considering_transport_times)_US139738" name="Should navigate to Manage Billings and trigger contract calculation business confirm it" time="71.109">
      <system-out><![CDATA[
COMMAND: POST /session/0a56c8b3fe23980ff89a5571a3a07e32/execute/async - {"script":"<script> [1562 bytes]","args":[{"selector":{"controlType":"sap.m.GenericTile","properties":{"header":"Manage Billings"}},"wdio_ui5_key":"sapm.GenericTile{\"header\":\"Manage Billings\"}"}]}
RESULT: {"script":"<script> [1562 bytes]","args":[{"selector":{"controlType":"sap.m.GenericTile","properties":{"header":"Manage Billings"}},"wdio_ui5_key":"sapm.GenericTile{\"header\":\"Manage Billings\"}"}]}
RESULT: undefined
COMMAND: POST /session/0a56c8b3fe23980ff89a5571a3a07e32/element - {"using":"xpath","value":"//*[@id=\"__tile51\"]"}
RESULT: {"using":"xpath","value":"//*[@id=\"__tile51\"]"}
COMMAND: POST /session/0a56c8b3fe23980ff89a5571a3a07e32/element/f.8BC31031A8A77F81AA6DDAE562E569BF.d.B635543B615E2F377ED0D0E9132B8D47.e.19692/click - {}
RESULT: {}
COMMAND: GET /session/0a56c8b3fe23980ff89a5571a3a07e32/screenshot - {}
COMMAND: POST /session/0a56c8b3fe23980ff89a5571a3a07e32/elements - {"using":"xpath","value":"//span[text()='Error']"}
RESULT: {}
RESULT: {"using":"xpath","value":"//span[text()='Error']"}
COMMAND: POST /session/0a56c8b3fe23980ff89a5571a3a07e32/execute/async - {"script":"<script> [1562 bytes]","args":[{"selector":{"id":"application-managebillings-display-component---billRunCalcResult--smartFilterBar-btnBasicSearch","interaction":{"idSuffix":"I"}},"wdio_ui5_key":"applicationmanagebillings-display-component---billRunCalcResult--smartFilterBar-btnBasicSearch"}]}
RESULT: {"script":"<script> [1562 bytes]","args":[{"selector":{"id":"application-managebillings-display-component---billRunCalcResult--smartFilterBar-btnBasicSearch","interaction":{"idSuffix":"I"}},"wdio_ui5_key":"applicationmanagebillings-display-component---billRunCalcResult--smartFilterBar-btnBasicSearch"}]}
RESULT: undefined
COMMAND: POST /session/0a56c8b3fe23980ff89a5571a3a07e32/execute/async - {"script":"<script> [776 bytes]","args":[{"enterText":"10287","selector":{"id":"application-managebillings-display-component---billRunCalcResult--smartFilterBar-btnBasicSearch","interaction":{"idSuffix":"I"}},"clearTextFirst":true,"interactionType":"ENTER_TEXT"}]}
RESULT: {"script":"<script> [776 bytes]","args":[{"enterText":"10287","selector":{"id":"application-managebillings-display-component---billRunCalcResult--smartFilterBar-btnBasicSearch","interaction":{"idSuffix":"I"}},"clearTextFirst":true,"interactionType":"ENTER_TEXT"}]}
COMMAND: POST /session/0a56c8b3fe23980ff89a5571a3a07e32/actions - {"actions":[{"id":"action82","type":"key","parameters":{},"actions":[{"type":"keyDown","value":""},{"type":"pause","duration":10},{"type":"keyUp","value":""}]}]}
RESULT: {"actions":[{"id":"action82","type":"key","parameters":{},"actions":[{"type":"keyDown","value":""},{"type":"pause","duration":10},{"type":"keyUp","value":""}]}]}
COMMAND: GET /session/0a56c8b3fe23980ff89a5571a3a07e32/screenshot - {}
RESULT: {}
COMMAND: POST /session/0a56c8b3fe23980ff89a5571a3a07e32/element - {"using":"xpath","value":"//td[@aria-colindex=\"1\"]/div/div[contains(@class, \"sapMCbBg\")]"}
RESULT: {"using":"xpath","value":"//td[@aria-colindex=\"1\"]/div/div[contains(@class, \"sapMCbBg\")]"}
COMMAND: POST /session/0a56c8b3fe23980ff89a5571a3a07e32/element/f.8BC31031A8A77F81AA6DDAE562E569BF.d.B635543B615E2F377ED0D0E9132B8D47.e.23481/click - {}
RESULT: {}
COMMAND: GET /session/0a56c8b3fe23980ff89a5571a3a07e32/screenshot - {}
RESULT: {}
COMMAND: POST /session/0a56c8b3fe23980ff89a5571a3a07e32/execute/async - {"script":"<script> [1562 bytes]","args":[{"selector":{"id":"application-managebillings-display-component---billRunCalcResult--contractBillRunDate","interaction":{"idSuffix":"inner"}},"wdio_ui5_key":"applicationmanagebillings-display-component---billRunCalcResult--contractBillRunDate"}]}
RESULT: {"script":"<script> [1562 bytes]","args":[{"selector":{"id":"application-managebillings-display-component---billRunCalcResult--contractBillRunDate","interaction":{"idSuffix":"inner"}},"wdio_ui5_key":"applicationmanagebillings-display-component---billRunCalcResult--contractBillRunDate"}]}
RESULT: undefined
COMMAND: POST /session/0a56c8b3fe23980ff89a5571a3a07e32/execute/async - {"script":"<script> [776 bytes]","args":[{"enterText":"5/26/25","selector":{"id":"application-managebillings-display-component---billRunCalcResult--contractBillRunDate","interaction":{"idSuffix":"inner"}},"clearTextFirst":true,"interactionType":"ENTER_TEXT"}]}
RESULT: {"script":"<script> [776 bytes]","args":[{"enterText":"5/26/25","selector":{"id":"application-managebillings-display-component---billRunCalcResult--contractBillRunDate","interaction":{"idSuffix":"inner"}},"clearTextFirst":true,"interactionType":"ENTER_TEXT"}]}
COMMAND: POST /session/0a56c8b3fe23980ff89a5571a3a07e32/element - {"using":"xpath","value":"//bdi[contains(text(), \"Trigger Calculation\")]"}
RESULT: {"using":"xpath","value":"//bdi[contains(text(), \"Trigger Calculation\")]"}
COMMAND: POST /session/0a56c8b3fe23980ff89a5571a3a07e32/element/f.8BC31031A8A77F81AA6DDAE562E569BF.d.B635543B615E2F377ED0D0E9132B8D47.e.23532/click - {}
RESULT: {}
COMMAND: GET /session/0a56c8b3fe23980ff89a5571a3a07e32/screenshot - {}
RESULT: {}
COMMAND: POST /session/0a56c8b3fe23980ff89a5571a3a07e32/element - {"using":"xpath","value":"(//span[contains(@id, \"imgNav\")])[1]"}
RESULT: {"using":"xpath","value":"(//span[contains(@id, \"imgNav\")])[1]"}
COMMAND: POST /session/0a56c8b3fe23980ff89a5571a3a07e32/element/f.8BC31031A8A77F81AA6DDAE562E569BF.d.B635543B615E2F377ED0D0E9132B8D47.e.23482/click - {}
RESULT: {}
COMMAND: GET /session/0a56c8b3fe23980ff89a5571a3a07e32/screenshot - {}
RESULT: {}
COMMAND: POST /session/0a56c8b3fe23980ff89a5571a3a07e32/element - {"using":"xpath","value":"//tr/td[6]/div[1]/span[1]/span[1]"}
RESULT: {"using":"xpath","value":"//tr/td[6]/div[1]/span[1]/span[1]"}
COMMAND: GET /session/0a56c8b3fe23980ff89a5571a3a07e32/element/f.8BC31031A8A77F81AA6DDAE562E569BF.d.B635543B615E2F377ED0D0E9132B8D47.e.23537/text - {}
RESULT: {}
COMMAND: POST /session/0a56c8b3fe23980ff89a5571a3a07e32/element - {"using":"xpath","value":"(//span[contains(@id, \"imgNav\")])[2]"}
RESULT: {"using":"xpath","value":"(//span[contains(@id, \"imgNav\")])[2]"}
COMMAND: POST /session/0a56c8b3fe23980ff89a5571a3a07e32/element/f.8BC31031A8A77F81AA6DDAE562E569BF.d.B635543B615E2F377ED0D0E9132B8D47.e.23538/click - {}
RESULT: {}
COMMAND: POST /session/0a56c8b3fe23980ff89a5571a3a07e32/element - {"using":"xpath","value":"//bdi[contains(text(), \"Business Confirm\")]"}
COMMAND: GET /session/0a56c8b3fe23980ff89a5571a3a07e32/screenshot - {}
RESULT: {"using":"xpath","value":"//bdi[contains(text(), \"Business Confirm\")]"}
COMMAND: POST /session/0a56c8b3fe23980ff89a5571a3a07e32/elements - {"using":"xpath","value":"//bdi[contains(text(), \"Business Confirm\")]"}
RESULT: {}
RESULT: {"using":"xpath","value":"//bdi[contains(text(), \"Business Confirm\")]"}
COMMAND: POST /session/0a56c8b3fe23980ff89a5571a3a07e32/elements - {"using":"xpath","value":"//bdi[contains(text(), \"Business Confirm\")]"}
RESULT: {"using":"xpath","value":"//bdi[contains(text(), \"Business Confirm\")]"}
COMMAND: POST /session/0a56c8b3fe23980ff89a5571a3a07e32/element - {"using":"xpath","value":"//bdi[contains(text(), \"Business Confirm\")]"}
RESULT: {"using":"xpath","value":"//bdi[contains(text(), \"Business Confirm\")]"}
COMMAND: POST /session/0a56c8b3fe23980ff89a5571a3a07e32/element/f.8BC31031A8A77F81AA6DDAE562E569BF.d.B635543B615E2F377ED0D0E9132B8D47.e.23541/click - {}
RESULT: {}
COMMAND: POST /session/0a56c8b3fe23980ff89a5571a3a07e32/element - {"using":"css selector","value":"#shell-header-logo"}
COMMAND: GET /session/0a56c8b3fe23980ff89a5571a3a07e32/screenshot - {}
RESULT: {"using":"css selector","value":"#shell-header-logo"}
COMMAND: POST /session/0a56c8b3fe23980ff89a5571a3a07e32/element/f.8BC31031A8A77F81AA6DDAE562E569BF.d.B635543B615E2F377ED0D0E9132B8D47.e.23271/click - {}
RESULT: {}
RESULT: {}
COMMAND: GET /session/0a56c8b3fe23980ff89a5571a3a07e32/screenshot - {}
RESULT: {}
]]></system-out>
    </testcase>
    <testcase classname="chrome.136_0_7103_93.windows.Billing_Calculation_-_Time_based_(considering_transport_times)_US139738" name="Should transfer the billing all the way to completion" time="83.729">
      <system-out><![CDATA[
COMMAND: POST /session/0a56c8b3fe23980ff89a5571a3a07e32/execute/async - {"script":"<script> [1562 bytes]","args":[{"selector":{"controlType":"sap.m.GenericTile","properties":{"header":"Billing Transfer"}},"wdio_ui5_key":"sapm.GenericTile{\"header\":\"Billing Transfer\"}"}]}
RESULT: {"script":"<script> [1562 bytes]","args":[{"selector":{"controlType":"sap.m.GenericTile","properties":{"header":"Billing Transfer"}},"wdio_ui5_key":"sapm.GenericTile{\"header\":\"Billing Transfer\"}"}]}
RESULT: undefined
COMMAND: POST /session/0a56c8b3fe23980ff89a5571a3a07e32/element - {"using":"xpath","value":"//*[@id=\"__tile50\"]"}
RESULT: {"using":"xpath","value":"//*[@id=\"__tile50\"]"}
COMMAND: POST /session/0a56c8b3fe23980ff89a5571a3a07e32/element/f.8BC31031A8A77F81AA6DDAE562E569BF.d.B635543B615E2F377ED0D0E9132B8D47.e.19690/click - {}
RESULT: {}
COMMAND: GET /session/0a56c8b3fe23980ff89a5571a3a07e32/screenshot - {}
RESULT: {}
COMMAND: POST /session/0a56c8b3fe23980ff89a5571a3a07e32/elements - {"using":"xpath","value":"//span[text()='Error']"}
RESULT: {"using":"xpath","value":"//span[text()='Error']"}
COMMAND: POST /session/0a56c8b3fe23980ff89a5571a3a07e32/element - {"using":"xpath","value":"//input[contains(@id ,\"application-billingtransfer-display-component---billingWorkbench--smartFilterBar-btnBasicSearch\")]"}
RESULT: {"using":"xpath","value":"//input[contains(@id ,\"application-billingtransfer-display-component---billingWorkbench--smartFilterBar-btnBasicSearch\")]"}
COMMAND: POST /session/0a56c8b3fe23980ff89a5571a3a07e32/elements - {"using":"xpath","value":"//input[contains(@id ,\"application-billingtransfer-display-component---billingWorkbench--smartFilterBar-btnBasicSearch\")]"}
RESULT: {"using":"xpath","value":"//input[contains(@id ,\"application-billingtransfer-display-component---billingWorkbench--smartFilterBar-btnBasicSearch\")]"}
COMMAND: POST /session/0a56c8b3fe23980ff89a5571a3a07e32/execute/sync - {"script":"<script> [8489 bytes]","args":[{"element-6066-11e4-a52e-4f735466cecf":"f.8BC31031A8A77F81AA6DDAE562E569BF.d.B635543B615E2F377ED0D0E9132B8D47.e.23622","ELEMENT":"f.8BC31031A8A77F81AA6DDAE562E569BF.d.B635543B615E2F377ED0D0E9132B8D47.e.23622"}]}
RESULT: {"script":"<script> [8489 bytes]","args":[{"element-6066-11e4-a52e-4f735466cecf":"f.8BC31031A8A77F81AA6DDAE562E569BF.d.B635543B615E2F377ED0D0E9132B8D47.e.23622","ELEMENT":"f.8BC31031A8A77F81AA6DDAE562E569BF.d.B635543B615E2F377ED0D0E9132B8D47.e.23622"}]}
COMMAND: GET /session/0a56c8b3fe23980ff89a5571a3a07e32/element/f.8BC31031A8A77F81AA6DDAE562E569BF.d.B635543B615E2F377ED0D0E9132B8D47.e.23622/enabled - {}
COMMAND: GET /session/0a56c8b3fe23980ff89a5571a3a07e32/screenshot - {}
RESULT: {}
COMMAND: POST /session/0a56c8b3fe23980ff89a5571a3a07e32/element/f.8BC31031A8A77F81AA6DDAE562E569BF.d.B635543B615E2F377ED0D0E9132B8D47.e.23622/click - {}
COMMAND: GET /session/0a56c8b3fe23980ff89a5571a3a07e32/screenshot - {}
RESULT: {}
RESULT: {}
COMMAND: GET /session/0a56c8b3fe23980ff89a5571a3a07e32/screenshot - {}
RESULT: {}
RESULT: {}
COMMAND: POST /session/0a56c8b3fe23980ff89a5571a3a07e32/element/f.8BC31031A8A77F81AA6DDAE562E569BF.d.B635543B615E2F377ED0D0E9132B8D47.e.23622/clear - {}
RESULT: {}
COMMAND: POST /session/0a56c8b3fe23980ff89a5571a3a07e32/element/f.8BC31031A8A77F81AA6DDAE562E569BF.d.B635543B615E2F377ED0D0E9132B8D47.e.23622/value - {"text":"10287"}
COMMAND: GET /session/0a56c8b3fe23980ff89a5571a3a07e32/screenshot - {}
RESULT: {"text":"10287"}
COMMAND: POST /session/0a56c8b3fe23980ff89a5571a3a07e32/actions - {"actions":[{"id":"action83","type":"key","parameters":{},"actions":[{"type":"keyDown","value":""},{"type":"pause","duration":10},{"type":"keyUp","value":""}]}]}
COMMAND: GET /session/0a56c8b3fe23980ff89a5571a3a07e32/screenshot - {}
RESULT: {}
RESULT: {"actions":[{"id":"action83","type":"key","parameters":{},"actions":[{"type":"keyDown","value":""},{"type":"pause","duration":10},{"type":"keyUp","value":""}]}]}
COMMAND: GET /session/0a56c8b3fe23980ff89a5571a3a07e32/screenshot - {}
RESULT: {}
RESULT: {}
COMMAND: POST /session/0a56c8b3fe23980ff89a5571a3a07e32/element - {"using":"xpath","value":"//span[contains(@id ,\"application-billingtransfer-display-component---billingWorkbench--smartTableBillingRuns-header-inner\")]"}
RESULT: {"using":"xpath","value":"//span[contains(@id ,\"application-billingtransfer-display-component---billingWorkbench--smartTableBillingRuns-header-inner\")]"}
COMMAND: POST /session/0a56c8b3fe23980ff89a5571a3a07e32/elements - {"using":"xpath","value":"//span[contains(@id ,\"application-billingtransfer-display-component---billingWorkbench--smartTableBillingRuns-header-inner\")]"}
RESULT: {"using":"xpath","value":"//span[contains(@id ,\"application-billingtransfer-display-component---billingWorkbench--smartTableBillingRuns-header-inner\")]"}
COMMAND: POST /session/0a56c8b3fe23980ff89a5571a3a07e32/execute/sync - {"script":"<script> [56 bytes]","args":[{"element-6066-11e4-a52e-4f735466cecf":"f.8BC31031A8A77F81AA6DDAE562E569BF.d.B635543B615E2F377ED0D0E9132B8D47.e.23767","ELEMENT":"f.8BC31031A8A77F81AA6DDAE562E569BF.d.B635543B615E2F377ED0D0E9132B8D47.e.23767"}]}
RESULT: {"script":"<script> [56 bytes]","args":[{"element-6066-11e4-a52e-4f735466cecf":"f.8BC31031A8A77F81AA6DDAE562E569BF.d.B635543B615E2F377ED0D0E9132B8D47.e.23767","ELEMENT":"f.8BC31031A8A77F81AA6DDAE562E569BF.d.B635543B615E2F377ED0D0E9132B8D47.e.23767"}]}
COMMAND: POST /session/0a56c8b3fe23980ff89a5571a3a07e32/element - {"using":"xpath","value":"//td[@aria-colindex=\"1\"]/div/div[contains(@class, \"sapMCbBg\")]"}
COMMAND: GET /session/0a56c8b3fe23980ff89a5571a3a07e32/screenshot - {}
RESULT: {"using":"xpath","value":"//td[@aria-colindex=\"1\"]/div/div[contains(@class, \"sapMCbBg\")]"}
COMMAND: POST /session/0a56c8b3fe23980ff89a5571a3a07e32/element/f.8BC31031A8A77F81AA6DDAE562E569BF.d.B635543B615E2F377ED0D0E9132B8D47.e.23752/click - {}
RESULT: {}
RESULT: {}
COMMAND: GET /session/0a56c8b3fe23980ff89a5571a3a07e32/screenshot - {}
RESULT: {}
COMMAND: POST /session/0a56c8b3fe23980ff89a5571a3a07e32/element - {"using":"xpath","value":"//bdi[contains(text(), \"Check\")]"}
RESULT: {"using":"xpath","value":"//bdi[contains(text(), \"Check\")]"}
COMMAND: POST /session/0a56c8b3fe23980ff89a5571a3a07e32/element/f.8BC31031A8A77F81AA6DDAE562E569BF.d.B635543B615E2F377ED0D0E9132B8D47.e.23768/click - {}
RESULT: {}
COMMAND: GET /session/0a56c8b3fe23980ff89a5571a3a07e32/screenshot - {}
RESULT: {}
COMMAND: POST /session/0a56c8b3fe23980ff89a5571a3a07e32/element - {"using":"xpath","value":"//bdi[contains(text(), \"OK\")]"}
RESULT: {"using":"xpath","value":"//bdi[contains(text(), \"OK\")]"}
COMMAND: POST /session/0a56c8b3fe23980ff89a5571a3a07e32/element/f.8BC31031A8A77F81AA6DDAE562E569BF.d.B635543B615E2F377ED0D0E9132B8D47.e.23771/click - {}
RESULT: {}
COMMAND: GET /session/0a56c8b3fe23980ff89a5571a3a07e32/screenshot - {}
RESULT: {}
COMMAND: POST /session/0a56c8b3fe23980ff89a5571a3a07e32/element - {"using":"xpath","value":"(//span[contains(text(), \"CO/SD checked\")]/parent::div/preceding-sibling::div/span)[1]"}
RESULT: {"using":"xpath","value":"(//span[contains(text(), \"CO/SD checked\")]/parent::div/preceding-sibling::div/span)[1]"}
COMMAND: POST /session/0a56c8b3fe23980ff89a5571a3a07e32/element/f.8BC31031A8A77F81AA6DDAE562E569BF.d.B635543B615E2F377ED0D0E9132B8D47.e.23780/click - {}
RESULT: {}
COMMAND: GET /session/0a56c8b3fe23980ff89a5571a3a07e32/screenshot - {}
RESULT: {}
COMMAND: POST /session/0a56c8b3fe23980ff89a5571a3a07e32/element - {"using":"xpath","value":"//input[contains(@id ,\"application-billingtransfer-display-component---billingWorkbench--smartFilterBar-btnBasicSearch\")]"}
RESULT: {"using":"xpath","value":"//input[contains(@id ,\"application-billingtransfer-display-component---billingWorkbench--smartFilterBar-btnBasicSearch\")]"}
COMMAND: POST /session/0a56c8b3fe23980ff89a5571a3a07e32/elements - {"using":"xpath","value":"//input[contains(@id ,\"application-billingtransfer-display-component---billingWorkbench--smartFilterBar-btnBasicSearch\")]"}
RESULT: {"using":"xpath","value":"//input[contains(@id ,\"application-billingtransfer-display-component---billingWorkbench--smartFilterBar-btnBasicSearch\")]"}
COMMAND: POST /session/0a56c8b3fe23980ff89a5571a3a07e32/execute/sync - {"script":"<script> [8489 bytes]","args":[{"element-6066-11e4-a52e-4f735466cecf":"f.8BC31031A8A77F81AA6DDAE562E569BF.d.B635543B615E2F377ED0D0E9132B8D47.e.23622","ELEMENT":"f.8BC31031A8A77F81AA6DDAE562E569BF.d.B635543B615E2F377ED0D0E9132B8D47.e.23622"}]}
RESULT: {"script":"<script> [8489 bytes]","args":[{"element-6066-11e4-a52e-4f735466cecf":"f.8BC31031A8A77F81AA6DDAE562E569BF.d.B635543B615E2F377ED0D0E9132B8D47.e.23622","ELEMENT":"f.8BC31031A8A77F81AA6DDAE562E569BF.d.B635543B615E2F377ED0D0E9132B8D47.e.23622"}]}
COMMAND: GET /session/0a56c8b3fe23980ff89a5571a3a07e32/element/f.8BC31031A8A77F81AA6DDAE562E569BF.d.B635543B615E2F377ED0D0E9132B8D47.e.23622/enabled - {}
COMMAND: GET /session/0a56c8b3fe23980ff89a5571a3a07e32/screenshot - {}
RESULT: {}
COMMAND: POST /session/0a56c8b3fe23980ff89a5571a3a07e32/element/f.8BC31031A8A77F81AA6DDAE562E569BF.d.B635543B615E2F377ED0D0E9132B8D47.e.23622/click - {}
COMMAND: GET /session/0a56c8b3fe23980ff89a5571a3a07e32/screenshot - {}
RESULT: {}
RESULT: {}
COMMAND: GET /session/0a56c8b3fe23980ff89a5571a3a07e32/screenshot - {}
RESULT: {}
RESULT: {}
COMMAND: POST /session/0a56c8b3fe23980ff89a5571a3a07e32/element/f.8BC31031A8A77F81AA6DDAE562E569BF.d.B635543B615E2F377ED0D0E9132B8D47.e.23622/clear - {}
RESULT: {}
COMMAND: POST /session/0a56c8b3fe23980ff89a5571a3a07e32/element/f.8BC31031A8A77F81AA6DDAE562E569BF.d.B635543B615E2F377ED0D0E9132B8D47.e.23622/value - {"text":"10287"}
COMMAND: GET /session/0a56c8b3fe23980ff89a5571a3a07e32/screenshot - {}
RESULT: {"text":"10287"}
COMMAND: POST /session/0a56c8b3fe23980ff89a5571a3a07e32/actions - {"actions":[{"id":"action84","type":"key","parameters":{},"actions":[{"type":"keyDown","value":""},{"type":"pause","duration":10},{"type":"keyUp","value":""}]}]}
COMMAND: GET /session/0a56c8b3fe23980ff89a5571a3a07e32/screenshot - {}
RESULT: {}
RESULT: {"actions":[{"id":"action84","type":"key","parameters":{},"actions":[{"type":"keyDown","value":""},{"type":"pause","duration":10},{"type":"keyUp","value":""}]}]}
COMMAND: GET /session/0a56c8b3fe23980ff89a5571a3a07e32/screenshot - {}
RESULT: {}
RESULT: {}
COMMAND: POST /session/0a56c8b3fe23980ff89a5571a3a07e32/element - {"using":"xpath","value":"//span[contains(@id ,\"application-billingtransfer-display-component---billingWorkbench--smartTableBillingRuns-header-inner\")]"}
RESULT: {"using":"xpath","value":"//span[contains(@id ,\"application-billingtransfer-display-component---billingWorkbench--smartTableBillingRuns-header-inner\")]"}
COMMAND: POST /session/0a56c8b3fe23980ff89a5571a3a07e32/elements - {"using":"xpath","value":"//span[contains(@id ,\"application-billingtransfer-display-component---billingWorkbench--smartTableBillingRuns-header-inner\")]"}
RESULT: {"using":"xpath","value":"//span[contains(@id ,\"application-billingtransfer-display-component---billingWorkbench--smartTableBillingRuns-header-inner\")]"}
COMMAND: POST /session/0a56c8b3fe23980ff89a5571a3a07e32/execute/sync - {"script":"<script> [56 bytes]","args":[{"element-6066-11e4-a52e-4f735466cecf":"f.8BC31031A8A77F81AA6DDAE562E569BF.d.B635543B615E2F377ED0D0E9132B8D47.e.23767","ELEMENT":"f.8BC31031A8A77F81AA6DDAE562E569BF.d.B635543B615E2F377ED0D0E9132B8D47.e.23767"}]}
RESULT: {"script":"<script> [56 bytes]","args":[{"element-6066-11e4-a52e-4f735466cecf":"f.8BC31031A8A77F81AA6DDAE562E569BF.d.B635543B615E2F377ED0D0E9132B8D47.e.23767","ELEMENT":"f.8BC31031A8A77F81AA6DDAE562E569BF.d.B635543B615E2F377ED0D0E9132B8D47.e.23767"}]}
COMMAND: POST /session/0a56c8b3fe23980ff89a5571a3a07e32/element - {"using":"xpath","value":"//td[@aria-colindex=\"1\"]/div/div[contains(@class, \"sapMCbBg\")]"}
COMMAND: GET /session/0a56c8b3fe23980ff89a5571a3a07e32/screenshot - {}
RESULT: {"using":"xpath","value":"//td[@aria-colindex=\"1\"]/div/div[contains(@class, \"sapMCbBg\")]"}
COMMAND: POST /session/0a56c8b3fe23980ff89a5571a3a07e32/element/f.8BC31031A8A77F81AA6DDAE562E569BF.d.B635543B615E2F377ED0D0E9132B8D47.e.23783/click - {}
RESULT: {}
RESULT: {}
COMMAND: GET /session/0a56c8b3fe23980ff89a5571a3a07e32/screenshot - {}
RESULT: {}
COMMAND: POST /session/0a56c8b3fe23980ff89a5571a3a07e32/element - {"using":"xpath","value":"//bdi[text()=\"Transfer\"]"}
RESULT: {"using":"xpath","value":"//bdi[text()=\"Transfer\"]"}
COMMAND: POST /session/0a56c8b3fe23980ff89a5571a3a07e32/element/f.8BC31031A8A77F81AA6DDAE562E569BF.d.B635543B615E2F377ED0D0E9132B8D47.e.23784/click - {}
RESULT: {}
COMMAND: GET /session/0a56c8b3fe23980ff89a5571a3a07e32/screenshot - {}
RESULT: {}
COMMAND: POST /session/0a56c8b3fe23980ff89a5571a3a07e32/element - {"using":"xpath","value":"//bdi[contains(text(), \"OK\")]"}
RESULT: {"using":"xpath","value":"//bdi[contains(text(), \"OK\")]"}
COMMAND: POST /session/0a56c8b3fe23980ff89a5571a3a07e32/element/f.8BC31031A8A77F81AA6DDAE562E569BF.d.B635543B615E2F377ED0D0E9132B8D47.e.23788/click - {}
RESULT: {}
COMMAND: GET /session/0a56c8b3fe23980ff89a5571a3a07e32/screenshot - {}
RESULT: {}
COMMAND: POST /session/0a56c8b3fe23980ff89a5571a3a07e32/element - {"using":"xpath","value":"(//span[contains(text(), \"Completed\")]/parent::div/preceding-sibling::div/span)[1]"}
RESULT: {"using":"xpath","value":"(//span[contains(text(), \"Completed\")]/parent::div/preceding-sibling::div/span)[1]"}
COMMAND: POST /session/0a56c8b3fe23980ff89a5571a3a07e32/element/f.8BC31031A8A77F81AA6DDAE562E569BF.d.B635543B615E2F377ED0D0E9132B8D47.e.23796/click - {}
RESULT: {}
COMMAND: POST /session/0a56c8b3fe23980ff89a5571a3a07e32/element - {"using":"xpath","value":"//input[contains(@id ,\"application-billingtransfer-display-component---billingWorkbench--smartFilterBar-btnBasicSearch\")]"}
COMMAND: GET /session/0a56c8b3fe23980ff89a5571a3a07e32/screenshot - {}
RESULT: {"using":"xpath","value":"//input[contains(@id ,\"application-billingtransfer-display-component---billingWorkbench--smartFilterBar-btnBasicSearch\")]"}
COMMAND: POST /session/0a56c8b3fe23980ff89a5571a3a07e32/elements - {"using":"xpath","value":"//input[contains(@id ,\"application-billingtransfer-display-component---billingWorkbench--smartFilterBar-btnBasicSearch\")]"}
RESULT: {}
RESULT: {"using":"xpath","value":"//input[contains(@id ,\"application-billingtransfer-display-component---billingWorkbench--smartFilterBar-btnBasicSearch\")]"}
COMMAND: POST /session/0a56c8b3fe23980ff89a5571a3a07e32/execute/sync - {"script":"<script> [8489 bytes]","args":[{"element-6066-11e4-a52e-4f735466cecf":"f.8BC31031A8A77F81AA6DDAE562E569BF.d.B635543B615E2F377ED0D0E9132B8D47.e.23622","ELEMENT":"f.8BC31031A8A77F81AA6DDAE562E569BF.d.B635543B615E2F377ED0D0E9132B8D47.e.23622"}]}
RESULT: {"script":"<script> [8489 bytes]","args":[{"element-6066-11e4-a52e-4f735466cecf":"f.8BC31031A8A77F81AA6DDAE562E569BF.d.B635543B615E2F377ED0D0E9132B8D47.e.23622","ELEMENT":"f.8BC31031A8A77F81AA6DDAE562E569BF.d.B635543B615E2F377ED0D0E9132B8D47.e.23622"}]}
COMMAND: GET /session/0a56c8b3fe23980ff89a5571a3a07e32/element/f.8BC31031A8A77F81AA6DDAE562E569BF.d.B635543B615E2F377ED0D0E9132B8D47.e.23622/enabled - {}
COMMAND: GET /session/0a56c8b3fe23980ff89a5571a3a07e32/screenshot - {}
RESULT: {}
COMMAND: POST /session/0a56c8b3fe23980ff89a5571a3a07e32/element/f.8BC31031A8A77F81AA6DDAE562E569BF.d.B635543B615E2F377ED0D0E9132B8D47.e.23622/click - {}
COMMAND: GET /session/0a56c8b3fe23980ff89a5571a3a07e32/screenshot - {}
RESULT: {}
RESULT: {}
COMMAND: GET /session/0a56c8b3fe23980ff89a5571a3a07e32/screenshot - {}
RESULT: {}
RESULT: {}
COMMAND: POST /session/0a56c8b3fe23980ff89a5571a3a07e32/element/f.8BC31031A8A77F81AA6DDAE562E569BF.d.B635543B615E2F377ED0D0E9132B8D47.e.23622/clear - {}
RESULT: {}
COMMAND: POST /session/0a56c8b3fe23980ff89a5571a3a07e32/element/f.8BC31031A8A77F81AA6DDAE562E569BF.d.B635543B615E2F377ED0D0E9132B8D47.e.23622/value - {"text":"10287"}
COMMAND: GET /session/0a56c8b3fe23980ff89a5571a3a07e32/screenshot - {}
RESULT: {"text":"10287"}
COMMAND: POST /session/0a56c8b3fe23980ff89a5571a3a07e32/actions - {"actions":[{"id":"action85","type":"key","parameters":{},"actions":[{"type":"keyDown","value":""},{"type":"pause","duration":10},{"type":"keyUp","value":""}]}]}
COMMAND: GET /session/0a56c8b3fe23980ff89a5571a3a07e32/screenshot - {}
RESULT: {}
RESULT: {"actions":[{"id":"action85","type":"key","parameters":{},"actions":[{"type":"keyDown","value":""},{"type":"pause","duration":10},{"type":"keyUp","value":""}]}]}
COMMAND: GET /session/0a56c8b3fe23980ff89a5571a3a07e32/screenshot - {}
RESULT: {}
RESULT: {}
COMMAND: POST /session/0a56c8b3fe23980ff89a5571a3a07e32/element - {"using":"xpath","value":"//span[contains(@id ,\"application-billingtransfer-display-component---billingWorkbench--smartTableBillingRuns-header-inner\")]"}
RESULT: {"using":"xpath","value":"//span[contains(@id ,\"application-billingtransfer-display-component---billingWorkbench--smartTableBillingRuns-header-inner\")]"}
COMMAND: POST /session/0a56c8b3fe23980ff89a5571a3a07e32/elements - {"using":"xpath","value":"//span[contains(@id ,\"application-billingtransfer-display-component---billingWorkbench--smartTableBillingRuns-header-inner\")]"}
RESULT: {"using":"xpath","value":"//span[contains(@id ,\"application-billingtransfer-display-component---billingWorkbench--smartTableBillingRuns-header-inner\")]"}
COMMAND: POST /session/0a56c8b3fe23980ff89a5571a3a07e32/execute/sync - {"script":"<script> [56 bytes]","args":[{"element-6066-11e4-a52e-4f735466cecf":"f.8BC31031A8A77F81AA6DDAE562E569BF.d.B635543B615E2F377ED0D0E9132B8D47.e.23767","ELEMENT":"f.8BC31031A8A77F81AA6DDAE562E569BF.d.B635543B615E2F377ED0D0E9132B8D47.e.23767"}]}
RESULT: {"script":"<script> [56 bytes]","args":[{"element-6066-11e4-a52e-4f735466cecf":"f.8BC31031A8A77F81AA6DDAE562E569BF.d.B635543B615E2F377ED0D0E9132B8D47.e.23767","ELEMENT":"f.8BC31031A8A77F81AA6DDAE562E569BF.d.B635543B615E2F377ED0D0E9132B8D47.e.23767"}]}
COMMAND: POST /session/0a56c8b3fe23980ff89a5571a3a07e32/element - {"using":"css selector","value":"#shell-header-logo"}
COMMAND: GET /session/0a56c8b3fe23980ff89a5571a3a07e32/screenshot - {}
RESULT: {"using":"css selector","value":"#shell-header-logo"}
COMMAND: POST /session/0a56c8b3fe23980ff89a5571a3a07e32/element/f.8BC31031A8A77F81AA6DDAE562E569BF.d.B635543B615E2F377ED0D0E9132B8D47.e.23620/click - {}
RESULT: {}
RESULT: {}
COMMAND: GET /session/0a56c8b3fe23980ff89a5571a3a07e32/screenshot - {}
RESULT: {}
]]></system-out>
    </testcase>
    <testcase classname="chrome.136_0_7103_93.windows.Billing_Calculation_-_Time_based_(considering_transport_times)_US139738" name="Should navigate to the contract item check the billed until field value" time="52.008">
      <system-out><![CDATA[
RESULT: undefined
COMMAND: POST /session/0a56c8b3fe23980ff89a5571a3a07e32/element - {"using":"xpath","value":"//*[@id=\"__tile131\"]"}
RESULT: {"using":"xpath","value":"//*[@id=\"__tile131\"]"}
COMMAND: POST /session/0a56c8b3fe23980ff89a5571a3a07e32/element/f.8BC31031A8A77F81AA6DDAE562E569BF.d.B635543B615E2F377ED0D0E9132B8D47.e.19665/click - {}
RESULT: {}
COMMAND: GET /session/0a56c8b3fe23980ff89a5571a3a07e32/screenshot - {}
RESULT: {}
COMMAND: POST /session/0a56c8b3fe23980ff89a5571a3a07e32/elements - {"using":"xpath","value":"//span[text()='Error']"}
RESULT: {"using":"xpath","value":"//span[text()='Error']"}
COMMAND: POST /session/0a56c8b3fe23980ff89a5571a3a07e32/element - {"using":"xpath","value":"//button[@data-kt=\"addButton\"]"}
RESULT: {"using":"xpath","value":"//button[@data-kt=\"addButton\"]"}
COMMAND: POST /session/0a56c8b3fe23980ff89a5571a3a07e32/elements - {"using":"xpath","value":"//button[@data-kt=\"addButton\"]"}
RESULT: {"using":"xpath","value":"//button[@data-kt=\"addButton\"]"}
COMMAND: POST /session/0a56c8b3fe23980ff89a5571a3a07e32/execute/sync - {"script":"<script> [8489 bytes]","args":[{"element-6066-11e4-a52e-4f735466cecf":"f.8BC31031A8A77F81AA6DDAE562E569BF.d.B635543B615E2F377ED0D0E9132B8D47.e.23846","ELEMENT":"f.8BC31031A8A77F81AA6DDAE562E569BF.d.B635543B615E2F377ED0D0E9132B8D47.e.23846"}]}
RESULT: {"script":"<script> [8489 bytes]","args":[{"element-6066-11e4-a52e-4f735466cecf":"f.8BC31031A8A77F81AA6DDAE562E569BF.d.B635543B615E2F377ED0D0E9132B8D47.e.23846","ELEMENT":"f.8BC31031A8A77F81AA6DDAE562E569BF.d.B635543B615E2F377ED0D0E9132B8D47.e.23846"}]}
COMMAND: GET /session/0a56c8b3fe23980ff89a5571a3a07e32/element/f.8BC31031A8A77F81AA6DDAE562E569BF.d.B635543B615E2F377ED0D0E9132B8D47.e.23846/enabled - {}
COMMAND: GET /session/0a56c8b3fe23980ff89a5571a3a07e32/screenshot - {}
RESULT: {}
COMMAND: POST /session/0a56c8b3fe23980ff89a5571a3a07e32/execute/sync - {"script":"<script> [8489 bytes]","args":[{"element-6066-11e4-a52e-4f735466cecf":"f.8BC31031A8A77F81AA6DDAE562E569BF.d.B635543B615E2F377ED0D0E9132B8D47.e.23846","ELEMENT":"f.8BC31031A8A77F81AA6DDAE562E569BF.d.B635543B615E2F377ED0D0E9132B8D47.e.23846"}]}
COMMAND: GET /session/0a56c8b3fe23980ff89a5571a3a07e32/screenshot - {}
RESULT: {}
RESULT: {"script":"<script> [8489 bytes]","args":[{"element-6066-11e4-a52e-4f735466cecf":"f.8BC31031A8A77F81AA6DDAE562E569BF.d.B635543B615E2F377ED0D0E9132B8D47.e.23846","ELEMENT":"f.8BC31031A8A77F81AA6DDAE562E569BF.d.B635543B615E2F377ED0D0E9132B8D47.e.23846"}]}
COMMAND: POST /session/0a56c8b3fe23980ff89a5571a3a07e32/execute/sync - {"script":"<script> [5351 bytes]","args":[{"element-6066-11e4-a52e-4f735466cecf":"f.8BC31031A8A77F81AA6DDAE562E569BF.d.B635543B615E2F377ED0D0E9132B8D47.e.23846","ELEMENT":"f.8BC31031A8A77F81AA6DDAE562E569BF.d.B635543B615E2F377ED0D0E9132B8D47.e.23846"}]}
COMMAND: GET /session/0a56c8b3fe23980ff89a5571a3a07e32/screenshot - {}
RESULT: {}
RESULT: {"script":"<script> [5351 bytes]","args":[{"element-6066-11e4-a52e-4f735466cecf":"f.8BC31031A8A77F81AA6DDAE562E569BF.d.B635543B615E2F377ED0D0E9132B8D47.e.23846","ELEMENT":"f.8BC31031A8A77F81AA6DDAE562E569BF.d.B635543B615E2F377ED0D0E9132B8D47.e.23846"}]}
COMMAND: POST /session/0a56c8b3fe23980ff89a5571a3a07e32/element - {"using":"xpath","value":"//input[contains(@id ,\"smartContractFilterBar-btnBasicSearch-I\")]"}
COMMAND: GET /session/0a56c8b3fe23980ff89a5571a3a07e32/screenshot - {}
RESULT: {}
RESULT: {"using":"xpath","value":"//input[contains(@id ,\"smartContractFilterBar-btnBasicSearch-I\")]"}
COMMAND: POST /session/0a56c8b3fe23980ff89a5571a3a07e32/elements - {"using":"xpath","value":"//input[contains(@id ,\"smartContractFilterBar-btnBasicSearch-I\")]"}
RESULT: {}
RESULT: {"using":"xpath","value":"//input[contains(@id ,\"smartContractFilterBar-btnBasicSearch-I\")]"}
COMMAND: POST /session/0a56c8b3fe23980ff89a5571a3a07e32/execute/sync - {"script":"<script> [8489 bytes]","args":[{"element-6066-11e4-a52e-4f735466cecf":"f.8BC31031A8A77F81AA6DDAE562E569BF.d.B635543B615E2F377ED0D0E9132B8D47.e.23810","ELEMENT":"f.8BC31031A8A77F81AA6DDAE562E569BF.d.B635543B615E2F377ED0D0E9132B8D47.e.23810"}]}
RESULT: {"script":"<script> [8489 bytes]","args":[{"element-6066-11e4-a52e-4f735466cecf":"f.8BC31031A8A77F81AA6DDAE562E569BF.d.B635543B615E2F377ED0D0E9132B8D47.e.23810","ELEMENT":"f.8BC31031A8A77F81AA6DDAE562E569BF.d.B635543B615E2F377ED0D0E9132B8D47.e.23810"}]}
COMMAND: GET /session/0a56c8b3fe23980ff89a5571a3a07e32/element/f.8BC31031A8A77F81AA6DDAE562E569BF.d.B635543B615E2F377ED0D0E9132B8D47.e.23810/enabled - {}
COMMAND: GET /session/0a56c8b3fe23980ff89a5571a3a07e32/screenshot - {}
RESULT: {}
COMMAND: POST /session/0a56c8b3fe23980ff89a5571a3a07e32/element/f.8BC31031A8A77F81AA6DDAE562E569BF.d.B635543B615E2F377ED0D0E9132B8D47.e.23810/clear - {}
COMMAND: GET /session/0a56c8b3fe23980ff89a5571a3a07e32/screenshot - {}
RESULT: {}
RESULT: {}
COMMAND: POST /session/0a56c8b3fe23980ff89a5571a3a07e32/element/f.8BC31031A8A77F81AA6DDAE562E569BF.d.B635543B615E2F377ED0D0E9132B8D47.e.23810/value - {"text":"10287"}
COMMAND: GET /session/0a56c8b3fe23980ff89a5571a3a07e32/screenshot - {}
RESULT: {}
RESULT: {"text":"10287"}
COMMAND: GET /session/0a56c8b3fe23980ff89a5571a3a07e32/screenshot - {}
RESULT: {}
RESULT: {}
COMMAND: POST /session/0a56c8b3fe23980ff89a5571a3a07e32/actions - {"actions":[{"id":"action86","type":"key","parameters":{},"actions":[{"type":"keyDown","value":""},{"type":"pause","duration":10},{"type":"keyUp","value":""}]}]}
RESULT: {"actions":[{"id":"action86","type":"key","parameters":{},"actions":[{"type":"keyDown","value":""},{"type":"pause","duration":10},{"type":"keyUp","value":""}]}]}
COMMAND: GET /session/0a56c8b3fe23980ff89a5571a3a07e32/screenshot - {}
RESULT: {}
COMMAND: POST /session/0a56c8b3fe23980ff89a5571a3a07e32/element - {"using":"xpath","value":"//span[contains(@id, \"masterListContractsSmartTable-header-inner\")]"}
RESULT: {"using":"xpath","value":"//span[contains(@id, \"masterListContractsSmartTable-header-inner\")]"}
COMMAND: POST /session/0a56c8b3fe23980ff89a5571a3a07e32/elements - {"using":"xpath","value":"//span[contains(@id, \"masterListContractsSmartTable-header-inner\")]"}
RESULT: {"using":"xpath","value":"//span[contains(@id, \"masterListContractsSmartTable-header-inner\")]"}
COMMAND: POST /session/0a56c8b3fe23980ff89a5571a3a07e32/execute/sync - {"script":"<script> [56 bytes]","args":[{"element-6066-11e4-a52e-4f735466cecf":"f.8BC31031A8A77F81AA6DDAE562E569BF.d.B635543B615E2F377ED0D0E9132B8D47.e.23913","ELEMENT":"f.8BC31031A8A77F81AA6DDAE562E569BF.d.B635543B615E2F377ED0D0E9132B8D47.e.23913"}]}
RESULT: {"script":"<script> [56 bytes]","args":[{"element-6066-11e4-a52e-4f735466cecf":"f.8BC31031A8A77F81AA6DDAE562E569BF.d.B635543B615E2F377ED0D0E9132B8D47.e.23913","ELEMENT":"f.8BC31031A8A77F81AA6DDAE562E569BF.d.B635543B615E2F377ED0D0E9132B8D47.e.23913"}]}
COMMAND: POST /session/0a56c8b3fe23980ff89a5571a3a07e32/element - {"using":"xpath","value":"(//span[contains(@id, \"imgNav\")])[1]"}
COMMAND: GET /session/0a56c8b3fe23980ff89a5571a3a07e32/screenshot - {}
RESULT: {"using":"xpath","value":"(//span[contains(@id, \"imgNav\")])[1]"}
COMMAND: POST /session/0a56c8b3fe23980ff89a5571a3a07e32/element/f.8BC31031A8A77F81AA6DDAE562E569BF.d.B635543B615E2F377ED0D0E9132B8D47.e.23912/click - {}
RESULT: {}
RESULT: {}
COMMAND: GET /session/0a56c8b3fe23980ff89a5571a3a07e32/screenshot - {}
RESULT: {}
COMMAND: POST /session/0a56c8b3fe23980ff89a5571a3a07e32/element - {"using":"xpath","value":"//tr[@data-kt=\"productsColumnListItem\"]//td//span[contains(@id, \"imgNav\")][1]"}
RESULT: {"using":"xpath","value":"//tr[@data-kt=\"productsColumnListItem\"]//td//span[contains(@id, \"imgNav\")][1]"}
COMMAND: POST /session/0a56c8b3fe23980ff89a5571a3a07e32/element/f.8BC31031A8A77F81AA6DDAE562E569BF.d.B635543B615E2F377ED0D0E9132B8D47.e.24045/click - {}
RESULT: {}
COMMAND: GET /session/0a56c8b3fe23980ff89a5571a3a07e32/screenshot - {}
RESULT: {}
COMMAND: POST /session/0a56c8b3fe23980ff89a5571a3a07e32/element - {"using":"xpath","value":"//section[contains(@id, \"application-managecontracts-display-component---BillingItem--ObjectPageLayout-OPHeaderContent\")]/div/div/div/div/div[2]/div/div[2]/span"}
RESULT: {"using":"xpath","value":"//section[contains(@id, \"application-managecontracts-display-component---BillingItem--ObjectPageLayout-OPHeaderContent\")]/div/div/div/div/div[2]/div/div[2]/span"}
COMMAND: POST /session/0a56c8b3fe23980ff89a5571a3a07e32/execute/sync - {"script":"<script> [56 bytes]","args":[{"element-6066-11e4-a52e-4f735466cecf":"f.8BC31031A8A77F81AA6DDAE562E569BF.d.B635543B615E2F377ED0D0E9132B8D47.e.24182","ELEMENT":"f.8BC31031A8A77F81AA6DDAE562E569BF.d.B635543B615E2F377ED0D0E9132B8D47.e.24182"}]}
RESULT: {"script":"<script> [56 bytes]","args":[{"element-6066-11e4-a52e-4f735466cecf":"f.8BC31031A8A77F81AA6DDAE562E569BF.d.B635543B615E2F377ED0D0E9132B8D47.e.24182","ELEMENT":"f.8BC31031A8A77F81AA6DDAE562E569BF.d.B635543B615E2F377ED0D0E9132B8D47.e.24182"}]}
COMMAND: POST /session/0a56c8b3fe23980ff89a5571a3a07e32/element - {"using":"xpath","value":"//table[contains(@id, \"application-managecontracts-display-component---BillingItem--billingList-listUl\")]//td//*[contains(text(), \"partial billed\")]"}
COMMAND: GET /session/0a56c8b3fe23980ff89a5571a3a07e32/screenshot - {}
RESULT: {"using":"xpath","value":"//table[contains(@id, \"application-managecontracts-display-component---BillingItem--billingList-listUl\")]//td//*[contains(text(), \"partial billed\")]"}
COMMAND: POST /session/0a56c8b3fe23980ff89a5571a3a07e32/execute/sync - {"script":"<script> [56 bytes]","args":[{"element-6066-11e4-a52e-4f735466cecf":"f.8BC31031A8A77F81AA6DDAE562E569BF.d.B635543B615E2F377ED0D0E9132B8D47.e.24183","ELEMENT":"f.8BC31031A8A77F81AA6DDAE562E569BF.d.B635543B615E2F377ED0D0E9132B8D47.e.24183"}]}
RESULT: {}
RESULT: {"script":"<script> [56 bytes]","args":[{"element-6066-11e4-a52e-4f735466cecf":"f.8BC31031A8A77F81AA6DDAE562E569BF.d.B635543B615E2F377ED0D0E9132B8D47.e.24183","ELEMENT":"f.8BC31031A8A77F81AA6DDAE562E569BF.d.B635543B615E2F377ED0D0E9132B8D47.e.24183"}]}
COMMAND: POST /session/0a56c8b3fe23980ff89a5571a3a07e32/element - {"using":"css selector","value":"#shell-header-logo"}
COMMAND: GET /session/0a56c8b3fe23980ff89a5571a3a07e32/screenshot - {}
RESULT: {"using":"css selector","value":"#shell-header-logo"}
COMMAND: POST /session/0a56c8b3fe23980ff89a5571a3a07e32/element/f.8BC31031A8A77F81AA6DDAE562E569BF.d.B635543B615E2F377ED0D0E9132B8D47.e.23801/click - {}
RESULT: {}
RESULT: {}
COMMAND: GET /session/0a56c8b3fe23980ff89a5571a3a07e32/screenshot - {}
RESULT: {}
]]></system-out>
    </testcase>
    <testcase classname="chrome.136_0_7103_93.windows.Billing_Calculation_-_Time_based_(considering_transport_times)_US139738" name="Should do a handover return 2 step 7 days after provide or 14 days from today receive it in 21 days" time="164.38">
      <failure/>
      <error message="element click intercepted: Element &lt;button id=&quot;__button466&quot; data-sap-ui=&quot;__button466&quot; data-sap-ui-render=&quot;&quot; data-kt=&quot;ReceivingTableConfirmAllButton&quot; data-ui5-accesskey=&quot;c&quot; aria-describedby=&quot;__button466-tooltip&quot; title=&quot;Confirm All&quot; class=&quot;sapMBtnBase sapMBtn sapMColumnHeaderContent&quot;>...&lt;/button> is not clickable at point (726, 749). Other element would receive the click: &lt;div id=&quot;sap-ui-blocklayer-popup&quot; tabindex=&quot;0&quot; class=&quot;sapUiBLy&quot; style=&quot;z-index: 879; visibility: visible;&quot;>&lt;/div>&#xA;  (Session info: chrome=136.0.7103.93)"/>
      <system-out><![CDATA[
RESULT: undefined
COMMAND: POST /session/0a56c8b3fe23980ff89a5571a3a07e32/element - {"using":"xpath","value":"//*[@id=\"__tile131\"]"}
RESULT: {"using":"xpath","value":"//*[@id=\"__tile131\"]"}
COMMAND: POST /session/0a56c8b3fe23980ff89a5571a3a07e32/element/f.8BC31031A8A77F81AA6DDAE562E569BF.d.B635543B615E2F377ED0D0E9132B8D47.e.19665/click - {}
RESULT: {}
COMMAND: GET /session/0a56c8b3fe23980ff89a5571a3a07e32/screenshot - {}
RESULT: {}
COMMAND: POST /session/0a56c8b3fe23980ff89a5571a3a07e32/elements - {"using":"xpath","value":"//span[text()='Error']"}
RESULT: {"using":"xpath","value":"//span[text()='Error']"}
COMMAND: POST /session/0a56c8b3fe23980ff89a5571a3a07e32/element - {"using":"xpath","value":"//button[@data-kt=\"addButton\"]"}
RESULT: {"using":"xpath","value":"//button[@data-kt=\"addButton\"]"}
COMMAND: POST /session/0a56c8b3fe23980ff89a5571a3a07e32/elements - {"using":"xpath","value":"//button[@data-kt=\"addButton\"]"}
RESULT: {"using":"xpath","value":"//button[@data-kt=\"addButton\"]"}
COMMAND: POST /session/0a56c8b3fe23980ff89a5571a3a07e32/execute/sync - {"script":"<script> [8489 bytes]","args":[{"element-6066-11e4-a52e-4f735466cecf":"f.8BC31031A8A77F81AA6DDAE562E569BF.d.B635543B615E2F377ED0D0E9132B8D47.e.24232","ELEMENT":"f.8BC31031A8A77F81AA6DDAE562E569BF.d.B635543B615E2F377ED0D0E9132B8D47.e.24232"}]}
RESULT: {"script":"<script> [8489 bytes]","args":[{"element-6066-11e4-a52e-4f735466cecf":"f.8BC31031A8A77F81AA6DDAE562E569BF.d.B635543B615E2F377ED0D0E9132B8D47.e.24232","ELEMENT":"f.8BC31031A8A77F81AA6DDAE562E569BF.d.B635543B615E2F377ED0D0E9132B8D47.e.24232"}]}
COMMAND: GET /session/0a56c8b3fe23980ff89a5571a3a07e32/element/f.8BC31031A8A77F81AA6DDAE562E569BF.d.B635543B615E2F377ED0D0E9132B8D47.e.24232/enabled - {}
COMMAND: GET /session/0a56c8b3fe23980ff89a5571a3a07e32/screenshot - {}
RESULT: {}
COMMAND: POST /session/0a56c8b3fe23980ff89a5571a3a07e32/execute/sync - {"script":"<script> [8489 bytes]","args":[{"element-6066-11e4-a52e-4f735466cecf":"f.8BC31031A8A77F81AA6DDAE562E569BF.d.B635543B615E2F377ED0D0E9132B8D47.e.24232","ELEMENT":"f.8BC31031A8A77F81AA6DDAE562E569BF.d.B635543B615E2F377ED0D0E9132B8D47.e.24232"}]}
COMMAND: GET /session/0a56c8b3fe23980ff89a5571a3a07e32/screenshot - {}
RESULT: {}
RESULT: {"script":"<script> [8489 bytes]","args":[{"element-6066-11e4-a52e-4f735466cecf":"f.8BC31031A8A77F81AA6DDAE562E569BF.d.B635543B615E2F377ED0D0E9132B8D47.e.24232","ELEMENT":"f.8BC31031A8A77F81AA6DDAE562E569BF.d.B635543B615E2F377ED0D0E9132B8D47.e.24232"}]}
COMMAND: POST /session/0a56c8b3fe23980ff89a5571a3a07e32/execute/sync - {"script":"<script> [5351 bytes]","args":[{"element-6066-11e4-a52e-4f735466cecf":"f.8BC31031A8A77F81AA6DDAE562E569BF.d.B635543B615E2F377ED0D0E9132B8D47.e.24232","ELEMENT":"f.8BC31031A8A77F81AA6DDAE562E569BF.d.B635543B615E2F377ED0D0E9132B8D47.e.24232"}]}
COMMAND: GET /session/0a56c8b3fe23980ff89a5571a3a07e32/screenshot - {}
RESULT: {}
RESULT: {"script":"<script> [5351 bytes]","args":[{"element-6066-11e4-a52e-4f735466cecf":"f.8BC31031A8A77F81AA6DDAE562E569BF.d.B635543B615E2F377ED0D0E9132B8D47.e.24232","ELEMENT":"f.8BC31031A8A77F81AA6DDAE562E569BF.d.B635543B615E2F377ED0D0E9132B8D47.e.24232"}]}
COMMAND: GET /session/0a56c8b3fe23980ff89a5571a3a07e32/screenshot - {}
RESULT: {}
RESULT: {}
COMMAND: POST /session/0a56c8b3fe23980ff89a5571a3a07e32/element - {"using":"xpath","value":"//input[contains(@id ,\"smartContractFilterBar-btnBasicSearch-I\")]"}
RESULT: {"using":"xpath","value":"//input[contains(@id ,\"smartContractFilterBar-btnBasicSearch-I\")]"}
COMMAND: POST /session/0a56c8b3fe23980ff89a5571a3a07e32/elements - {"using":"xpath","value":"//input[contains(@id ,\"smartContractFilterBar-btnBasicSearch-I\")]"}
RESULT: {"using":"xpath","value":"//input[contains(@id ,\"smartContractFilterBar-btnBasicSearch-I\")]"}
COMMAND: POST /session/0a56c8b3fe23980ff89a5571a3a07e32/execute/sync - {"script":"<script> [8489 bytes]","args":[{"element-6066-11e4-a52e-4f735466cecf":"f.8BC31031A8A77F81AA6DDAE562E569BF.d.B635543B615E2F377ED0D0E9132B8D47.e.24196","ELEMENT":"f.8BC31031A8A77F81AA6DDAE562E569BF.d.B635543B615E2F377ED0D0E9132B8D47.e.24196"}]}
RESULT: {"script":"<script> [8489 bytes]","args":[{"element-6066-11e4-a52e-4f735466cecf":"f.8BC31031A8A77F81AA6DDAE562E569BF.d.B635543B615E2F377ED0D0E9132B8D47.e.24196","ELEMENT":"f.8BC31031A8A77F81AA6DDAE562E569BF.d.B635543B615E2F377ED0D0E9132B8D47.e.24196"}]}
COMMAND: GET /session/0a56c8b3fe23980ff89a5571a3a07e32/element/f.8BC31031A8A77F81AA6DDAE562E569BF.d.B635543B615E2F377ED0D0E9132B8D47.e.24196/enabled - {}
COMMAND: GET /session/0a56c8b3fe23980ff89a5571a3a07e32/screenshot - {}
RESULT: {}
COMMAND: POST /session/0a56c8b3fe23980ff89a5571a3a07e32/element/f.8BC31031A8A77F81AA6DDAE562E569BF.d.B635543B615E2F377ED0D0E9132B8D47.e.24196/clear - {}
COMMAND: GET /session/0a56c8b3fe23980ff89a5571a3a07e32/screenshot - {}
RESULT: {}
RESULT: {}
COMMAND: POST /session/0a56c8b3fe23980ff89a5571a3a07e32/element/f.8BC31031A8A77F81AA6DDAE562E569BF.d.B635543B615E2F377ED0D0E9132B8D47.e.24196/value - {"text":"10287"}
COMMAND: GET /session/0a56c8b3fe23980ff89a5571a3a07e32/screenshot - {}
RESULT: {}
RESULT: {"text":"10287"}
COMMAND: GET /session/0a56c8b3fe23980ff89a5571a3a07e32/screenshot - {}
RESULT: {}
RESULT: {}
COMMAND: POST /session/0a56c8b3fe23980ff89a5571a3a07e32/actions - {"actions":[{"id":"action87","type":"key","parameters":{},"actions":[{"type":"keyDown","value":""},{"type":"pause","duration":10},{"type":"keyUp","value":""}]}]}
RESULT: {"actions":[{"id":"action87","type":"key","parameters":{},"actions":[{"type":"keyDown","value":""},{"type":"pause","duration":10},{"type":"keyUp","value":""}]}]}
COMMAND: GET /session/0a56c8b3fe23980ff89a5571a3a07e32/screenshot - {}
RESULT: {}
COMMAND: POST /session/0a56c8b3fe23980ff89a5571a3a07e32/element - {"using":"xpath","value":"//span[contains(@id, \"masterListContractsSmartTable-header-inner\")]"}
RESULT: {"using":"xpath","value":"//span[contains(@id, \"masterListContractsSmartTable-header-inner\")]"}
COMMAND: POST /session/0a56c8b3fe23980ff89a5571a3a07e32/elements - {"using":"xpath","value":"//span[contains(@id, \"masterListContractsSmartTable-header-inner\")]"}
RESULT: {"using":"xpath","value":"//span[contains(@id, \"masterListContractsSmartTable-header-inner\")]"}
COMMAND: POST /session/0a56c8b3fe23980ff89a5571a3a07e32/execute/sync - {"script":"<script> [56 bytes]","args":[{"element-6066-11e4-a52e-4f735466cecf":"f.8BC31031A8A77F81AA6DDAE562E569BF.d.B635543B615E2F377ED0D0E9132B8D47.e.24298","ELEMENT":"f.8BC31031A8A77F81AA6DDAE562E569BF.d.B635543B615E2F377ED0D0E9132B8D47.e.24298"}]}
RESULT: {"script":"<script> [56 bytes]","args":[{"element-6066-11e4-a52e-4f735466cecf":"f.8BC31031A8A77F81AA6DDAE562E569BF.d.B635543B615E2F377ED0D0E9132B8D47.e.24298","ELEMENT":"f.8BC31031A8A77F81AA6DDAE562E569BF.d.B635543B615E2F377ED0D0E9132B8D47.e.24298"}]}
COMMAND: POST /session/0a56c8b3fe23980ff89a5571a3a07e32/element - {"using":"xpath","value":"(//span[contains(@id, \"imgNav\")])[1]"}
COMMAND: GET /session/0a56c8b3fe23980ff89a5571a3a07e32/screenshot - {}
RESULT: {"using":"xpath","value":"(//span[contains(@id, \"imgNav\")])[1]"}
COMMAND: POST /session/0a56c8b3fe23980ff89a5571a3a07e32/element/f.8BC31031A8A77F81AA6DDAE562E569BF.d.B635543B615E2F377ED0D0E9132B8D47.e.24297/click - {}
RESULT: {}
RESULT: {}
COMMAND: GET /session/0a56c8b3fe23980ff89a5571a3a07e32/screenshot - {}
RESULT: {}
COMMAND: POST /session/0a56c8b3fe23980ff89a5571a3a07e32/element - {"using":"xpath","value":"//button[contains(@id, \"contractDetailReturnButton\")]"}
RESULT: {"using":"xpath","value":"//button[contains(@id, \"contractDetailReturnButton\")]"}
COMMAND: POST /session/0a56c8b3fe23980ff89a5571a3a07e32/element/f.8BC31031A8A77F81AA6DDAE562E569BF.d.B635543B615E2F377ED0D0E9132B8D47.e.24378/click - {}
RESULT: {}
COMMAND: GET /session/0a56c8b3fe23980ff89a5571a3a07e32/screenshot - {}
RESULT: {}
RESULT: undefined
COMMAND: POST /session/0a56c8b3fe23980ff89a5571a3a07e32/execute/async - {"script":"<script> [776 bytes]","args":[{"enterText":"6/9/25","selector":{"id":"application-managehandovers-display-component---AddNewHO--dueDate","interaction":{"idSuffix":"inner"}},"clearTextFirst":true,"interactionType":"ENTER_TEXT"}]}
RESULT: {"script":"<script> [776 bytes]","args":[{"enterText":"6/9/25","selector":{"id":"application-managehandovers-display-component---AddNewHO--dueDate","interaction":{"idSuffix":"inner"}},"clearTextFirst":true,"interactionType":"ENTER_TEXT"}]}
COMMAND: POST /session/0a56c8b3fe23980ff89a5571a3a07e32/element - {"using":"xpath","value":"//bdi[contains(text(), \"Instructions\")]"}
RESULT: {"using":"xpath","value":"//bdi[contains(text(), \"Instructions\")]"}
COMMAND: POST /session/0a56c8b3fe23980ff89a5571a3a07e32/element/f.8BC31031A8A77F81AA6DDAE562E569BF.d.B635543B615E2F377ED0D0E9132B8D47.e.24784/click - {}
RESULT: {}
COMMAND: GET /session/0a56c8b3fe23980ff89a5571a3a07e32/screenshot - {}
RESULT: {}
COMMAND: POST /session/0a56c8b3fe23980ff89a5571a3a07e32/element - {"using":"xpath","value":"//button[@data-kt=\"AddNewHOProvideAddItemsButton\"]"}
RESULT: {"using":"xpath","value":"//button[@data-kt=\"AddNewHOProvideAddItemsButton\"]"}
COMMAND: POST /session/0a56c8b3fe23980ff89a5571a3a07e32/element/f.8BC31031A8A77F81AA6DDAE562E569BF.d.B635543B615E2F377ED0D0E9132B8D47.e.24788/click - {}
RESULT: {}
COMMAND: GET /session/0a56c8b3fe23980ff89a5571a3a07e32/screenshot - {}
RESULT: undefined
COMMAND: POST /session/0a56c8b3fe23980ff89a5571a3a07e32/element - {"using":"xpath","value":"//*[@id=\"application-managehandovers-display-component---AddNewHO--popup-sa\"]"}
RESULT: {}
RESULT: {"using":"xpath","value":"//*[@id=\"application-managehandovers-display-component---AddNewHO--popup-sa\"]"}
COMMAND: POST /session/0a56c8b3fe23980ff89a5571a3a07e32/element/f.8BC31031A8A77F81AA6DDAE562E569BF.d.B635543B615E2F377ED0D0E9132B8D47.e.24801/click - {}
RESULT: {}
COMMAND: GET /session/0a56c8b3fe23980ff89a5571a3a07e32/screenshot - {}
RESULT: {}
COMMAND: POST /session/0a56c8b3fe23980ff89a5571a3a07e32/element - {"using":"xpath","value":"//*[contains(@id ,\"BDI-content\")][contains(text(), \"Select\")]"}
RESULT: {"using":"xpath","value":"//*[contains(@id ,\"BDI-content\")][contains(text(), \"Select\")]"}
COMMAND: POST /session/0a56c8b3fe23980ff89a5571a3a07e32/element/f.8BC31031A8A77F81AA6DDAE562E569BF.d.B635543B615E2F377ED0D0E9132B8D47.e.24802/click - {}
RESULT: {}
COMMAND: GET /session/0a56c8b3fe23980ff89a5571a3a07e32/screenshot - {}
RESULT: {}
COMMAND: POST /session/0a56c8b3fe23980ff89a5571a3a07e32/element - {"using":"xpath","value":"(//div[contains(@id, \"application-managehandovers-display-component---AddNewHO--oneStep-CbBg\")])"}
RESULT: {"using":"xpath","value":"(//div[contains(@id, \"application-managehandovers-display-component---AddNewHO--oneStep-CbBg\")])"}
COMMAND: POST /session/0a56c8b3fe23980ff89a5571a3a07e32/element/f.8BC31031A8A77F81AA6DDAE562E569BF.d.B635543B615E2F377ED0D0E9132B8D47.e.24810/click - {}
RESULT: {}
RESULT: undefined
COMMAND: POST /session/0a56c8b3fe23980ff89a5571a3a07e32/element - {"using":"xpath","value":"//*[@id=\"application-managehandovers-display-component---AddNewHO--confirmCreationButton\"]"}
COMMAND: GET /session/0a56c8b3fe23980ff89a5571a3a07e32/screenshot - {}
RESULT: {"using":"xpath","value":"//*[@id=\"application-managehandovers-display-component---AddNewHO--confirmCreationButton\"]"}
COMMAND: POST /session/0a56c8b3fe23980ff89a5571a3a07e32/element/f.8BC31031A8A77F81AA6DDAE562E569BF.d.B635543B615E2F377ED0D0E9132B8D47.e.24594/click - {}
RESULT: {}
RESULT: {}
COMMAND: GET /session/0a56c8b3fe23980ff89a5571a3a07e32/screenshot - {}
RESULT: {}
RESULT: undefined
COMMAND: POST /session/0a56c8b3fe23980ff89a5571a3a07e32/execute/async - {"script":"<script> [776 bytes]","args":[{"enterText":"6/9/25","selector":{"id":"issueDatePicker","viewName":"etm.portal.ui.managehandovers.view.DetailExecuteHO","interaction":{"idSuffix":"inner"}},"clearTextFirst":true,"interactionType":"ENTER_TEXT"}]}
RESULT: {"script":"<script> [776 bytes]","args":[{"enterText":"6/9/25","selector":{"id":"issueDatePicker","viewName":"etm.portal.ui.managehandovers.view.DetailExecuteHO","interaction":{"idSuffix":"inner"}},"clearTextFirst":true,"interactionType":"ENTER_TEXT"}]}
COMMAND: POST /session/0a56c8b3fe23980ff89a5571a3a07e32/element - {"using":"xpath","value":"//button[@data-kt=\"PickingTableConfirmAllButton\"]"}
RESULT: {"using":"xpath","value":"//button[@data-kt=\"PickingTableConfirmAllButton\"]"}
COMMAND: POST /session/0a56c8b3fe23980ff89a5571a3a07e32/element/f.8BC31031A8A77F81AA6DDAE562E569BF.d.B635543B615E2F377ED0D0E9132B8D47.e.24865/click - {}
RESULT: {}
COMMAND: GET /session/0a56c8b3fe23980ff89a5571a3a07e32/screenshot - {}
RESULT: {}
COMMAND: POST /session/0a56c8b3fe23980ff89a5571a3a07e32/element - {"using":"xpath","value":"//bdi[contains(text(), \"OK\")]"}
RESULT: {"using":"xpath","value":"//bdi[contains(text(), \"OK\")]"}
COMMAND: POST /session/0a56c8b3fe23980ff89a5571a3a07e32/element/f.8BC31031A8A77F81AA6DDAE562E569BF.d.B635543B615E2F377ED0D0E9132B8D47.e.24869/click - {}
RESULT: {}
COMMAND: GET /session/0a56c8b3fe23980ff89a5571a3a07e32/screenshot - {}
RESULT: {}
COMMAND: POST /session/0a56c8b3fe23980ff89a5571a3a07e32/element - {"using":"xpath","value":"//button[@data-kt=\"execHoPickButton\"]"}
RESULT: {"using":"xpath","value":"//button[@data-kt=\"execHoPickButton\"]"}
COMMAND: POST /session/0a56c8b3fe23980ff89a5571a3a07e32/element/f.8BC31031A8A77F81AA6DDAE562E569BF.d.B635543B615E2F377ED0D0E9132B8D47.e.24870/click - {}
RESULT: {}
COMMAND: GET /session/0a56c8b3fe23980ff89a5571a3a07e32/screenshot - {}
RESULT: {}
COMMAND: POST /session/0a56c8b3fe23980ff89a5571a3a07e32/element - {"using":"xpath","value":"//span[contains(@id ,\"filterItemControl_BASIC-SEND_CONTRACT-vhi\")]"}
RESULT: {"using":"xpath","value":"//span[contains(@id ,\"filterItemControl_BASIC-SEND_CONTRACT-vhi\")]"}
COMMAND: POST /session/0a56c8b3fe23980ff89a5571a3a07e32/element/f.8BC31031A8A77F81AA6DDAE562E569BF.d.B635543B615E2F377ED0D0E9132B8D47.e.25156/click - {}
RESULT: {}
COMMAND: GET /session/0a56c8b3fe23980ff89a5571a3a07e32/screenshot - {}
RESULT: {}
RESULT: undefined
COMMAND: POST /session/0a56c8b3fe23980ff89a5571a3a07e32/execute/async - {"script":"<script> [776 bytes]","args":[{"enterText":"10287","selector":{"controlType":"sap.m.SearchField","viewName":"etm.portal.ui.managehandovers.view.MasterHO","bindingPath":{"path":"","propertyPath":"/_BASIC_SEARCH_FIELD","modelName":"fi1t3rM0d31"},"searchOpenDialogs":true,"interaction":{"idSuffix":"I"}},"clearTextFirst":true,"interactionType":"ENTER_TEXT"}]}
RESULT: {"script":"<script> [776 bytes]","args":[{"enterText":"10287","selector":{"controlType":"sap.m.SearchField","viewName":"etm.portal.ui.managehandovers.view.MasterHO","bindingPath":{"path":"","propertyPath":"/_BASIC_SEARCH_FIELD","modelName":"fi1t3rM0d31"},"searchOpenDialogs":true,"interaction":{"idSuffix":"I"}},"clearTextFirst":true,"interactionType":"ENTER_TEXT"}]}
COMMAND: POST /session/0a56c8b3fe23980ff89a5571a3a07e32/actions - {"actions":[{"id":"action88","type":"key","parameters":{},"actions":[{"type":"keyDown","value":""},{"type":"pause","duration":10},{"type":"keyUp","value":""}]}]}
RESULT: {"actions":[{"id":"action88","type":"key","parameters":{},"actions":[{"type":"keyDown","value":""},{"type":"pause","duration":10},{"type":"keyUp","value":""}]}]}
COMMAND: GET /session/0a56c8b3fe23980ff89a5571a3a07e32/screenshot - {}
RESULT: {}
COMMAND: POST /session/0a56c8b3fe23980ff89a5571a3a07e32/element - {"using":"xpath","value":"//div[contains(@id, 'filterItemControl_BASIC-SEND_CONTRACT-valueHelpDialog-table-rowsel0')]"}
RESULT: {"using":"xpath","value":"//div[contains(@id, 'filterItemControl_BASIC-SEND_CONTRACT-valueHelpDialog-table-rowsel0')]"}
COMMAND: POST /session/0a56c8b3fe23980ff89a5571a3a07e32/element/f.8BC31031A8A77F81AA6DDAE562E569BF.d.B635543B615E2F377ED0D0E9132B8D47.e.25165/click - {}
RESULT: {}
COMMAND: GET /session/0a56c8b3fe23980ff89a5571a3a07e32/screenshot - {}
RESULT: {}
COMMAND: POST /session/0a56c8b3fe23980ff89a5571a3a07e32/element - {"using":"xpath","value":"//bdi[contains(text(), \"OK\")]"}
RESULT: {"using":"xpath","value":"//bdi[contains(text(), \"OK\")]"}
COMMAND: POST /session/0a56c8b3fe23980ff89a5571a3a07e32/element/f.8BC31031A8A77F81AA6DDAE562E569BF.d.B635543B615E2F377ED0D0E9132B8D47.e.25167/click - {}
RESULT: {}
COMMAND: GET /session/0a56c8b3fe23980ff89a5571a3a07e32/screenshot - {}
RESULT: {}
COMMAND: POST /session/0a56c8b3fe23980ff89a5571a3a07e32/element - {"using":"xpath","value":"//span[contains(@id, \"smartTable-header-inner\")]"}
RESULT: {"using":"xpath","value":"//span[contains(@id, \"smartTable-header-inner\")]"}
COMMAND: POST /session/0a56c8b3fe23980ff89a5571a3a07e32/elements - {"using":"xpath","value":"//span[contains(@id, \"smartTable-header-inner\")]"}
RESULT: {"using":"xpath","value":"//span[contains(@id, \"smartTable-header-inner\")]"}
COMMAND: POST /session/0a56c8b3fe23980ff89a5571a3a07e32/execute/sync - {"script":"<script> [56 bytes]","args":[{"element-6066-11e4-a52e-4f735466cecf":"f.8BC31031A8A77F81AA6DDAE562E569BF.d.B635543B615E2F377ED0D0E9132B8D47.e.25195","ELEMENT":"f.8BC31031A8A77F81AA6DDAE562E569BF.d.B635543B615E2F377ED0D0E9132B8D47.e.25195"}]}
RESULT: {"script":"<script> [56 bytes]","args":[{"element-6066-11e4-a52e-4f735466cecf":"f.8BC31031A8A77F81AA6DDAE562E569BF.d.B635543B615E2F377ED0D0E9132B8D47.e.25195","ELEMENT":"f.8BC31031A8A77F81AA6DDAE562E569BF.d.B635543B615E2F377ED0D0E9132B8D47.e.25195"}]}
COMMAND: POST /session/0a56c8b3fe23980ff89a5571a3a07e32/element - {"using":"xpath","value":"//table[contains(@id, \"customHandovers\")]//tbody/tr[1]/td[2]/span"}
COMMAND: GET /session/0a56c8b3fe23980ff89a5571a3a07e32/screenshot - {}
RESULT: {}
RESULT: {"using":"xpath","value":"//table[contains(@id, \"customHandovers\")]//tbody/tr[1]/td[2]/span"}
COMMAND: POST /session/0a56c8b3fe23980ff89a5571a3a07e32/execute/sync - {"script":"<script> [56 bytes]","args":[{"element-6066-11e4-a52e-4f735466cecf":"f.8BC31031A8A77F81AA6DDAE562E569BF.d.B635543B615E2F377ED0D0E9132B8D47.e.25196","ELEMENT":"f.8BC31031A8A77F81AA6DDAE562E569BF.d.B635543B615E2F377ED0D0E9132B8D47.e.25196"}]}
RESULT: {"script":"<script> [56 bytes]","args":[{"element-6066-11e4-a52e-4f735466cecf":"f.8BC31031A8A77F81AA6DDAE562E569BF.d.B635543B615E2F377ED0D0E9132B8D47.e.25196","ELEMENT":"f.8BC31031A8A77F81AA6DDAE562E569BF.d.B635543B615E2F377ED0D0E9132B8D47.e.25196"}]}
COMMAND: POST /session/0a56c8b3fe23980ff89a5571a3a07e32/element - {"using":"xpath","value":"(//span[contains(@id, \"imgNav\")])[1]"}
COMMAND: GET /session/0a56c8b3fe23980ff89a5571a3a07e32/screenshot - {}
RESULT: {"using":"xpath","value":"(//span[contains(@id, \"imgNav\")])[1]"}
COMMAND: POST /session/0a56c8b3fe23980ff89a5571a3a07e32/element/f.8BC31031A8A77F81AA6DDAE562E569BF.d.B635543B615E2F377ED0D0E9132B8D47.e.25193/click - {}
RESULT: {}
RESULT: {}
COMMAND: GET /session/0a56c8b3fe23980ff89a5571a3a07e32/screenshot - {}
RESULT: {}
RESULT: undefined
COMMAND: POST /session/0a56c8b3fe23980ff89a5571a3a07e32/execute/async - {"script":"<script> [776 bytes]","args":[{"enterText":"6/9/25","selector":{"id":"issueDatePicker","viewName":"etm.portal.ui.managehandovers.view.DetailExecuteHO","interaction":{"idSuffix":"inner"}},"clearTextFirst":true,"interactionType":"ENTER_TEXT"}]}
RESULT: {"script":"<script> [776 bytes]","args":[{"enterText":"6/9/25","selector":{"id":"issueDatePicker","viewName":"etm.portal.ui.managehandovers.view.DetailExecuteHO","interaction":{"idSuffix":"inner"}},"clearTextFirst":true,"interactionType":"ENTER_TEXT"}]}
COMMAND: POST /session/0a56c8b3fe23980ff89a5571a3a07e32/element - {"using":"xpath","value":"//button[@data-kt=\"IssuingTableConfirmAllButton\"]"}
RESULT: {"using":"xpath","value":"//button[@data-kt=\"IssuingTableConfirmAllButton\"]"}
COMMAND: POST /session/0a56c8b3fe23980ff89a5571a3a07e32/element/f.8BC31031A8A77F81AA6DDAE562E569BF.d.B635543B615E2F377ED0D0E9132B8D47.e.25238/click - {}
RESULT: {}
COMMAND: GET /session/0a56c8b3fe23980ff89a5571a3a07e32/screenshot - {}
RESULT: {}
COMMAND: POST /session/0a56c8b3fe23980ff89a5571a3a07e32/element - {"using":"xpath","value":"//bdi[contains(text(), \"OK\")]"}
RESULT: {"using":"xpath","value":"//bdi[contains(text(), \"OK\")]"}
COMMAND: POST /session/0a56c8b3fe23980ff89a5571a3a07e32/element/f.8BC31031A8A77F81AA6DDAE562E569BF.d.B635543B615E2F377ED0D0E9132B8D47.e.25254/click - {}
RESULT: {}
COMMAND: GET /session/0a56c8b3fe23980ff89a5571a3a07e32/screenshot - {}
RESULT: {}
COMMAND: POST /session/0a56c8b3fe23980ff89a5571a3a07e32/element - {"using":"xpath","value":"//button[@data-kt=\"execHoIssueButton\"]"}
RESULT: {"using":"xpath","value":"//button[@data-kt=\"execHoIssueButton\"]"}
COMMAND: POST /session/0a56c8b3fe23980ff89a5571a3a07e32/element/f.8BC31031A8A77F81AA6DDAE562E569BF.d.B635543B615E2F377ED0D0E9132B8D47.e.25256/click - {}
RESULT: {}
COMMAND: GET /session/0a56c8b3fe23980ff89a5571a3a07e32/screenshot - {}
RESULT: {}
COMMAND: POST /session/0a56c8b3fe23980ff89a5571a3a07e32/element - {"using":"xpath","value":"//input[contains(@id ,\"smartFilterBar-btnBasicSearch-I\")]"}
RESULT: {"using":"xpath","value":"//input[contains(@id ,\"smartFilterBar-btnBasicSearch-I\")]"}
COMMAND: POST /session/0a56c8b3fe23980ff89a5571a3a07e32/elements - {"using":"xpath","value":"//input[contains(@id ,\"smartFilterBar-btnBasicSearch-I\")]"}
RESULT: {"using":"xpath","value":"//input[contains(@id ,\"smartFilterBar-btnBasicSearch-I\")]"}
COMMAND: POST /session/0a56c8b3fe23980ff89a5571a3a07e32/execute/sync - {"script":"<script> [8489 bytes]","args":[{"element-6066-11e4-a52e-4f735466cecf":"f.8BC31031A8A77F81AA6DDAE562E569BF.d.B635543B615E2F377ED0D0E9132B8D47.e.24551","ELEMENT":"f.8BC31031A8A77F81AA6DDAE562E569BF.d.B635543B615E2F377ED0D0E9132B8D47.e.24551"}]}
RESULT: {"script":"<script> [8489 bytes]","args":[{"element-6066-11e4-a52e-4f735466cecf":"f.8BC31031A8A77F81AA6DDAE562E569BF.d.B635543B615E2F377ED0D0E9132B8D47.e.24551","ELEMENT":"f.8BC31031A8A77F81AA6DDAE562E569BF.d.B635543B615E2F377ED0D0E9132B8D47.e.24551"}]}
COMMAND: GET /session/0a56c8b3fe23980ff89a5571a3a07e32/element/f.8BC31031A8A77F81AA6DDAE562E569BF.d.B635543B615E2F377ED0D0E9132B8D47.e.24551/enabled - {}
COMMAND: GET /session/0a56c8b3fe23980ff89a5571a3a07e32/screenshot - {}
RESULT: {}
COMMAND: POST /session/0a56c8b3fe23980ff89a5571a3a07e32/element/f.8BC31031A8A77F81AA6DDAE562E569BF.d.B635543B615E2F377ED0D0E9132B8D47.e.24551/clear - {}
COMMAND: GET /session/0a56c8b3fe23980ff89a5571a3a07e32/screenshot - {}
RESULT: {}
RESULT: {}
COMMAND: POST /session/0a56c8b3fe23980ff89a5571a3a07e32/element/f.8BC31031A8A77F81AA6DDAE562E569BF.d.B635543B615E2F377ED0D0E9132B8D47.e.24551/value - {"text":"30620"}
COMMAND: GET /session/0a56c8b3fe23980ff89a5571a3a07e32/screenshot - {}
RESULT: {}
RESULT: {"text":"30620"}
COMMAND: GET /session/0a56c8b3fe23980ff89a5571a3a07e32/screenshot - {}
RESULT: {}
RESULT: {}
COMMAND: POST /session/0a56c8b3fe23980ff89a5571a3a07e32/actions - {"actions":[{"id":"action89","type":"key","parameters":{},"actions":[{"type":"keyDown","value":""},{"type":"pause","duration":10},{"type":"keyUp","value":""}]}]}
RESULT: {"actions":[{"id":"action89","type":"key","parameters":{},"actions":[{"type":"keyDown","value":""},{"type":"pause","duration":10},{"type":"keyUp","value":""}]}]}
COMMAND: GET /session/0a56c8b3fe23980ff89a5571a3a07e32/screenshot - {}
RESULT: {}
COMMAND: POST /session/0a56c8b3fe23980ff89a5571a3a07e32/element - {"using":"xpath","value":"//span[contains(@id, \"smartTable-header-inner\")]"}
RESULT: {"using":"xpath","value":"//span[contains(@id, \"smartTable-header-inner\")]"}
COMMAND: POST /session/0a56c8b3fe23980ff89a5571a3a07e32/elements - {"using":"xpath","value":"//span[contains(@id, \"smartTable-header-inner\")]"}
RESULT: {"using":"xpath","value":"//span[contains(@id, \"smartTable-header-inner\")]"}
COMMAND: POST /session/0a56c8b3fe23980ff89a5571a3a07e32/execute/sync - {"script":"<script> [56 bytes]","args":[{"element-6066-11e4-a52e-4f735466cecf":"f.8BC31031A8A77F81AA6DDAE562E569BF.d.B635543B615E2F377ED0D0E9132B8D47.e.25195","ELEMENT":"f.8BC31031A8A77F81AA6DDAE562E569BF.d.B635543B615E2F377ED0D0E9132B8D47.e.25195"}]}
RESULT: {"script":"<script> [56 bytes]","args":[{"element-6066-11e4-a52e-4f735466cecf":"f.8BC31031A8A77F81AA6DDAE562E569BF.d.B635543B615E2F377ED0D0E9132B8D47.e.25195","ELEMENT":"f.8BC31031A8A77F81AA6DDAE562E569BF.d.B635543B615E2F377ED0D0E9132B8D47.e.25195"}]}
COMMAND: POST /session/0a56c8b3fe23980ff89a5571a3a07e32/elements - {"using":"xpath","value":"//thead[contains(@class, \"sapMTableTH\")]/tr/th"}
COMMAND: GET /session/0a56c8b3fe23980ff89a5571a3a07e32/screenshot - {}
RESULT: {"using":"xpath","value":"//thead[contains(@class, \"sapMTableTH\")]/tr/th"}
COMMAND: GET /session/0a56c8b3fe23980ff89a5571a3a07e32/element/f.8BC31031A8A77F81AA6DDAE562E569BF.d.B635543B615E2F377ED0D0E9132B8D47.e.25297/text - {}
RESULT: {}
RESULT: {}
COMMAND: GET /session/0a56c8b3fe23980ff89a5571a3a07e32/element/f.8BC31031A8A77F81AA6DDAE562E569BF.d.B635543B615E2F377ED0D0E9132B8D47.e.25298/text - {}
RESULT: {}
COMMAND: GET /session/0a56c8b3fe23980ff89a5571a3a07e32/element/f.8BC31031A8A77F81AA6DDAE562E569BF.d.B635543B615E2F377ED0D0E9132B8D47.e.24545/text - {}
RESULT: {}
COMMAND: GET /session/0a56c8b3fe23980ff89a5571a3a07e32/element/f.8BC31031A8A77F81AA6DDAE562E569BF.d.B635543B615E2F377ED0D0E9132B8D47.e.24547/text - {}
RESULT: {}
COMMAND: GET /session/0a56c8b3fe23980ff89a5571a3a07e32/element/f.8BC31031A8A77F81AA6DDAE562E569BF.d.B635543B615E2F377ED0D0E9132B8D47.e.25261/text - {}
RESULT: {}
COMMAND: GET /session/0a56c8b3fe23980ff89a5571a3a07e32/element/f.8BC31031A8A77F81AA6DDAE562E569BF.d.B635543B615E2F377ED0D0E9132B8D47.e.25262/text - {}
RESULT: {}
COMMAND: GET /session/0a56c8b3fe23980ff89a5571a3a07e32/element/f.8BC31031A8A77F81AA6DDAE562E569BF.d.B635543B615E2F377ED0D0E9132B8D47.e.25263/text - {}
RESULT: {}
COMMAND: GET /session/0a56c8b3fe23980ff89a5571a3a07e32/element/f.8BC31031A8A77F81AA6DDAE562E569BF.d.B635543B615E2F377ED0D0E9132B8D47.e.25264/text - {}
RESULT: {}
COMMAND: GET /session/0a56c8b3fe23980ff89a5571a3a07e32/element/f.8BC31031A8A77F81AA6DDAE562E569BF.d.B635543B615E2F377ED0D0E9132B8D47.e.25265/text - {}
RESULT: {}
COMMAND: GET /session/0a56c8b3fe23980ff89a5571a3a07e32/element/f.8BC31031A8A77F81AA6DDAE562E569BF.d.B635543B615E2F377ED0D0E9132B8D47.e.25266/text - {}
RESULT: {}
COMMAND: GET /session/0a56c8b3fe23980ff89a5571a3a07e32/element/f.8BC31031A8A77F81AA6DDAE562E569BF.d.B635543B615E2F377ED0D0E9132B8D47.e.25267/text - {}
RESULT: {}
COMMAND: GET /session/0a56c8b3fe23980ff89a5571a3a07e32/element/f.8BC31031A8A77F81AA6DDAE562E569BF.d.B635543B615E2F377ED0D0E9132B8D47.e.25268/text - {}
RESULT: {}
COMMAND: GET /session/0a56c8b3fe23980ff89a5571a3a07e32/element/f.8BC31031A8A77F81AA6DDAE562E569BF.d.B635543B615E2F377ED0D0E9132B8D47.e.25269/text - {}
RESULT: {}
COMMAND: GET /session/0a56c8b3fe23980ff89a5571a3a07e32/element/f.8BC31031A8A77F81AA6DDAE562E569BF.d.B635543B615E2F377ED0D0E9132B8D47.e.24548/text - {}
RESULT: {}
COMMAND: POST /session/0a56c8b3fe23980ff89a5571a3a07e32/element - {"using":"xpath","value":"//tbody[contains(@id, \"customHandoversTable-tblBody\")]/tr[1]/td[14]/div/span"}
RESULT: {"using":"xpath","value":"//tbody[contains(@id, \"customHandoversTable-tblBody\")]/tr[1]/td[14]/div/span"}
COMMAND: POST /session/0a56c8b3fe23980ff89a5571a3a07e32/execute/sync - {"script":"<script> [56 bytes]","args":[{"element-6066-11e4-a52e-4f735466cecf":"f.8BC31031A8A77F81AA6DDAE562E569BF.d.B635543B615E2F377ED0D0E9132B8D47.e.25347","ELEMENT":"f.8BC31031A8A77F81AA6DDAE562E569BF.d.B635543B615E2F377ED0D0E9132B8D47.e.25347"}]}
RESULT: {"script":"<script> [56 bytes]","args":[{"element-6066-11e4-a52e-4f735466cecf":"f.8BC31031A8A77F81AA6DDAE562E569BF.d.B635543B615E2F377ED0D0E9132B8D47.e.25347","ELEMENT":"f.8BC31031A8A77F81AA6DDAE562E569BF.d.B635543B615E2F377ED0D0E9132B8D47.e.25347"}]}
COMMAND: POST /session/0a56c8b3fe23980ff89a5571a3a07e32/element - {"using":"xpath","value":"(//span[contains(@id, \"imgNav\")])[1]"}
COMMAND: GET /session/0a56c8b3fe23980ff89a5571a3a07e32/screenshot - {}
RESULT: {"using":"xpath","value":"(//span[contains(@id, \"imgNav\")])[1]"}
COMMAND: POST /session/0a56c8b3fe23980ff89a5571a3a07e32/element/f.8BC31031A8A77F81AA6DDAE562E569BF.d.B635543B615E2F377ED0D0E9132B8D47.e.25292/click - {}
RESULT: {}
RESULT: {}
COMMAND: GET /session/0a56c8b3fe23980ff89a5571a3a07e32/screenshot - {}
RESULT: undefined
COMMAND: POST /session/0a56c8b3fe23980ff89a5571a3a07e32/execute/async - {"script":"<script> [776 bytes]","args":[{"enterText":"6/16/25","selector":{"id":"receiptDatePicker","viewName":"etm.portal.ui.managehandovers.view.DetailExecuteHO","interaction":{"idSuffix":"inner"}},"clearTextFirst":true,"interactionType":"ENTER_TEXT"}]}
RESULT: {}
RESULT: {"script":"<script> [776 bytes]","args":[{"enterText":"6/16/25","selector":{"id":"receiptDatePicker","viewName":"etm.portal.ui.managehandovers.view.DetailExecuteHO","interaction":{"idSuffix":"inner"}},"clearTextFirst":true,"interactionType":"ENTER_TEXT"}]}
COMMAND: POST /session/0a56c8b3fe23980ff89a5571a3a07e32/element - {"using":"xpath","value":"//button[@data-kt=\"ReceivingTableConfirmAllButton\"]"}
RESULT: {"using":"xpath","value":"//button[@data-kt=\"ReceivingTableConfirmAllButton\"]"}
COMMAND: POST /session/0a56c8b3fe23980ff89a5571a3a07e32/element/f.8BC31031A8A77F81AA6DDAE562E569BF.d.B635543B615E2F377ED0D0E9132B8D47.e.25363/click - {}
COMMAND: GET /session/0a56c8b3fe23980ff89a5571a3a07e32/screenshot - {}
RESULT: {}
]]></system-out>
      <system-err><![CDATA[
element click intercepted: element click intercepted: Element <button id="__button466" data-sap-ui="__button466" data-sap-ui-render="" data-kt="ReceivingTableConfirmAllButton" data-ui5-accesskey="c" aria-describedby="__button466-tooltip" title="Confirm All" class="sapMBtnBase sapMBtn sapMColumnHeaderContent">...</button> is not clickable at point (726, 749). Other element would receive the click: <div id="sap-ui-blocklayer-popup" tabindex="0" class="sapUiBLy" style="z-index: 879; visibility: visible;"></div>
  (Session info: chrome=136.0.7103.93)
    at async UtilsPrerequisites.returnTwoStep (D:\a\1\s\test\specs\BTS\prerequisites-and-utils-functions.js:2638:9)
    at async Context.<anonymous> (D:\a\1\s\test\specs\BTS\billing-calculation-transp-times.spec.js:108:9)
]]></system-err>
    </testcase>
    <testcase classname="chrome.136_0_7103_93.windows.Billing_Calculation_-_Time_based_(considering_transport_times)_US139738" name="Should do another billing run but in around 17 days from today" time="21.392">
      <failure/>
      <error message="element not interactable&#xA;  (Session info: chrome=136.0.7103.93)"/>
      <system-out><![CDATA[
RESULT: undefined
COMMAND: POST /session/0a56c8b3fe23980ff89a5571a3a07e32/element - {"using":"xpath","value":"//*[@id=\"__tile51\"]"}
COMMAND: GET /session/0a56c8b3fe23980ff89a5571a3a07e32/screenshot - {}
RESULT: {"using":"xpath","value":"//*[@id=\"__tile51\"]"}
COMMAND: POST /session/0a56c8b3fe23980ff89a5571a3a07e32/element/f.8BC31031A8A77F81AA6DDAE562E569BF.d.B635543B615E2F377ED0D0E9132B8D47.e.19692/click - {}
RESULT: {}
COMMAND: POST /session/0a56c8b3fe23980ff89a5571a3a07e32/elements - {"using":"xpath","value":"//span[text()='Error']"}
RESULT: {"using":"xpath","value":"//span[text()='Error']"}
RESULT: undefined
COMMAND: POST /session/0a56c8b3fe23980ff89a5571a3a07e32/execute/async - {"script":"<script> [776 bytes]","args":[{"enterText":"10287","selector":{"id":"application-managebillings-display-component---billRunCalcResult--smartFilterBar-btnBasicSearch","interaction":{"idSuffix":"I"}},"clearTextFirst":true,"interactionType":"ENTER_TEXT"}]}
RESULT: {"script":"<script> [776 bytes]","args":[{"enterText":"10287","selector":{"id":"application-managebillings-display-component---billRunCalcResult--smartFilterBar-btnBasicSearch","interaction":{"idSuffix":"I"}},"clearTextFirst":true,"interactionType":"ENTER_TEXT"}]}
COMMAND: POST /session/0a56c8b3fe23980ff89a5571a3a07e32/actions - {"actions":[{"id":"action90","type":"key","parameters":{},"actions":[{"type":"keyDown","value":""},{"type":"pause","duration":10},{"type":"keyUp","value":""}]}]}
RESULT: {"actions":[{"id":"action90","type":"key","parameters":{},"actions":[{"type":"keyDown","value":""},{"type":"pause","duration":10},{"type":"keyUp","value":""}]}]}
COMMAND: GET /session/0a56c8b3fe23980ff89a5571a3a07e32/screenshot - {}
RESULT: {}
COMMAND: POST /session/0a56c8b3fe23980ff89a5571a3a07e32/element - {"using":"xpath","value":"//td[@aria-colindex=\"1\"]/div/div[contains(@class, \"sapMCbBg\")]"}
RESULT: {"using":"xpath","value":"//td[@aria-colindex=\"1\"]/div/div[contains(@class, \"sapMCbBg\")]"}
COMMAND: POST /session/0a56c8b3fe23980ff89a5571a3a07e32/element/f.8BC31031A8A77F81AA6DDAE562E569BF.d.B635543B615E2F377ED0D0E9132B8D47.e.25388/click - {}
COMMAND: GET /session/0a56c8b3fe23980ff89a5571a3a07e32/screenshot - {}
RESULT: {}
]]></system-out>
      <system-err><![CDATA[
element not interactable: element not interactable
  (Session info: chrome=136.0.7103.93)
    at async UtilsPrerequisites.manageBillingsTriggerCalculation (D:\a\1\s\test\specs\BTS\prerequisites-and-utils-functions.js:2718:9)
    at async Context.<anonymous> (D:\a\1\s\test\specs\BTS\billing-calculation-transp-times.spec.js:112:9)
]]></system-err>
    </testcase>
    <testcase classname="chrome.136_0_7103_93.windows.Billing_Calculation_-_Time_based_(considering_transport_times)_US139738" name="Should transfer the billing all the way to completion" time="57.008">
      <failure/>
      <error message="element (&quot;//input[contains(@id ,&quot;application-billingtransfer-display-component---billingWorkbench--smartFilterBar-btnBasicSearch&quot;)]&quot;) still not existing after 45000ms"/>
      <system-out><![CDATA[
RESULT: undefined
COMMAND: POST /session/0a56c8b3fe23980ff89a5571a3a07e32/element - {"using":"xpath","value":"//*[@id=\"__tile50\"]"}
COMMAND: GET /session/0a56c8b3fe23980ff89a5571a3a07e32/screenshot - {}
RESULT: {"using":"xpath","value":"//*[@id=\"__tile50\"]"}
COMMAND: POST /session/0a56c8b3fe23980ff89a5571a3a07e32/element/f.8BC31031A8A77F81AA6DDAE562E569BF.d.B635543B615E2F377ED0D0E9132B8D47.e.19690/click - {}
RESULT: {}
COMMAND: POST /session/0a56c8b3fe23980ff89a5571a3a07e32/elements - {"using":"xpath","value":"//span[text()='Error']"}
RESULT: {"using":"xpath","value":"//span[text()='Error']"}
COMMAND: POST /session/0a56c8b3fe23980ff89a5571a3a07e32/element - {"using":"xpath","value":"//input[contains(@id ,\"application-billingtransfer-display-component---billingWorkbench--smartFilterBar-btnBasicSearch\")]"}
RESULT: {"using":"xpath","value":"//input[contains(@id ,\"application-billingtransfer-display-component---billingWorkbench--smartFilterBar-btnBasicSearch\")]"}
COMMAND: POST /session/0a56c8b3fe23980ff89a5571a3a07e32/elements - {"using":"xpath","value":"//input[contains(@id ,\"application-billingtransfer-display-component---billingWorkbench--smartFilterBar-btnBasicSearch\")]"}
RESULT: {"using":"xpath","value":"//input[contains(@id ,\"application-billingtransfer-display-component---billingWorkbench--smartFilterBar-btnBasicSearch\")]"}
COMMAND: POST /session/0a56c8b3fe23980ff89a5571a3a07e32/elements - {"using":"xpath","value":"//input[contains(@id ,\"application-billingtransfer-display-component---billingWorkbench--smartFilterBar-btnBasicSearch\")]"}
RESULT: {"using":"xpath","value":"//input[contains(@id ,\"application-billingtransfer-display-component---billingWorkbench--smartFilterBar-btnBasicSearch\")]"}
COMMAND: POST /session/0a56c8b3fe23980ff89a5571a3a07e32/elements - {"using":"xpath","value":"//input[contains(@id ,\"application-billingtransfer-display-component---billingWorkbench--smartFilterBar-btnBasicSearch\")]"}
RESULT: {"using":"xpath","value":"//input[contains(@id ,\"application-billingtransfer-display-component---billingWorkbench--smartFilterBar-btnBasicSearch\")]"}
COMMAND: POST /session/0a56c8b3fe23980ff89a5571a3a07e32/elements - {"using":"xpath","value":"//input[contains(@id ,\"application-billingtransfer-display-component---billingWorkbench--smartFilterBar-btnBasicSearch\")]"}
RESULT: {"using":"xpath","value":"//input[contains(@id ,\"application-billingtransfer-display-component---billingWorkbench--smartFilterBar-btnBasicSearch\")]"}
COMMAND: POST /session/0a56c8b3fe23980ff89a5571a3a07e32/elements - {"using":"xpath","value":"//input[contains(@id ,\"application-billingtransfer-display-component---billingWorkbench--smartFilterBar-btnBasicSearch\")]"}
RESULT: {"using":"xpath","value":"//input[contains(@id ,\"application-billingtransfer-display-component---billingWorkbench--smartFilterBar-btnBasicSearch\")]"}
COMMAND: POST /session/0a56c8b3fe23980ff89a5571a3a07e32/elements - {"using":"xpath","value":"//input[contains(@id ,\"application-billingtransfer-display-component---billingWorkbench--smartFilterBar-btnBasicSearch\")]"}
RESULT: {"using":"xpath","value":"//input[contains(@id ,\"application-billingtransfer-display-component---billingWorkbench--smartFilterBar-btnBasicSearch\")]"}
COMMAND: POST /session/0a56c8b3fe23980ff89a5571a3a07e32/elements - {"using":"xpath","value":"//input[contains(@id ,\"application-billingtransfer-display-component---billingWorkbench--smartFilterBar-btnBasicSearch\")]"}
RESULT: {"using":"xpath","value":"//input[contains(@id ,\"application-billingtransfer-display-component---billingWorkbench--smartFilterBar-btnBasicSearch\")]"}
COMMAND: POST /session/0a56c8b3fe23980ff89a5571a3a07e32/elements - {"using":"xpath","value":"//input[contains(@id ,\"application-billingtransfer-display-component---billingWorkbench--smartFilterBar-btnBasicSearch\")]"}
RESULT: {"using":"xpath","value":"//input[contains(@id ,\"application-billingtransfer-display-component---billingWorkbench--smartFilterBar-btnBasicSearch\")]"}
COMMAND: POST /session/0a56c8b3fe23980ff89a5571a3a07e32/elements - {"using":"xpath","value":"//input[contains(@id ,\"application-billingtransfer-display-component---billingWorkbench--smartFilterBar-btnBasicSearch\")]"}
RESULT: {"using":"xpath","value":"//input[contains(@id ,\"application-billingtransfer-display-component---billingWorkbench--smartFilterBar-btnBasicSearch\")]"}
COMMAND: POST /session/0a56c8b3fe23980ff89a5571a3a07e32/elements - {"using":"xpath","value":"//input[contains(@id ,\"application-billingtransfer-display-component---billingWorkbench--smartFilterBar-btnBasicSearch\")]"}
RESULT: {"using":"xpath","value":"//input[contains(@id ,\"application-billingtransfer-display-component---billingWorkbench--smartFilterBar-btnBasicSearch\")]"}
COMMAND: POST /session/0a56c8b3fe23980ff89a5571a3a07e32/elements - {"using":"xpath","value":"//input[contains(@id ,\"application-billingtransfer-display-component---billingWorkbench--smartFilterBar-btnBasicSearch\")]"}
RESULT: {"using":"xpath","value":"//input[contains(@id ,\"application-billingtransfer-display-component---billingWorkbench--smartFilterBar-btnBasicSearch\")]"}
COMMAND: POST /session/0a56c8b3fe23980ff89a5571a3a07e32/elements - {"using":"xpath","value":"//input[contains(@id ,\"application-billingtransfer-display-component---billingWorkbench--smartFilterBar-btnBasicSearch\")]"}
RESULT: {"using":"xpath","value":"//input[contains(@id ,\"application-billingtransfer-display-component---billingWorkbench--smartFilterBar-btnBasicSearch\")]"}
COMMAND: POST /session/0a56c8b3fe23980ff89a5571a3a07e32/elements - {"using":"xpath","value":"//input[contains(@id ,\"application-billingtransfer-display-component---billingWorkbench--smartFilterBar-btnBasicSearch\")]"}
RESULT: {"using":"xpath","value":"//input[contains(@id ,\"application-billingtransfer-display-component---billingWorkbench--smartFilterBar-btnBasicSearch\")]"}
COMMAND: POST /session/0a56c8b3fe23980ff89a5571a3a07e32/elements - {"using":"xpath","value":"//input[contains(@id ,\"application-billingtransfer-display-component---billingWorkbench--smartFilterBar-btnBasicSearch\")]"}
RESULT: {"using":"xpath","value":"//input[contains(@id ,\"application-billingtransfer-display-component---billingWorkbench--smartFilterBar-btnBasicSearch\")]"}
COMMAND: POST /session/0a56c8b3fe23980ff89a5571a3a07e32/elements - {"using":"xpath","value":"//input[contains(@id ,\"application-billingtransfer-display-component---billingWorkbench--smartFilterBar-btnBasicSearch\")]"}
RESULT: {"using":"xpath","value":"//input[contains(@id ,\"application-billingtransfer-display-component---billingWorkbench--smartFilterBar-btnBasicSearch\")]"}
COMMAND: POST /session/0a56c8b3fe23980ff89a5571a3a07e32/elements - {"using":"xpath","value":"//input[contains(@id ,\"application-billingtransfer-display-component---billingWorkbench--smartFilterBar-btnBasicSearch\")]"}
RESULT: {"using":"xpath","value":"//input[contains(@id ,\"application-billingtransfer-display-component---billingWorkbench--smartFilterBar-btnBasicSearch\")]"}
COMMAND: POST /session/0a56c8b3fe23980ff89a5571a3a07e32/elements - {"using":"xpath","value":"//input[contains(@id ,\"application-billingtransfer-display-component---billingWorkbench--smartFilterBar-btnBasicSearch\")]"}
RESULT: {"using":"xpath","value":"//input[contains(@id ,\"application-billingtransfer-display-component---billingWorkbench--smartFilterBar-btnBasicSearch\")]"}
COMMAND: POST /session/0a56c8b3fe23980ff89a5571a3a07e32/elements - {"using":"xpath","value":"//input[contains(@id ,\"application-billingtransfer-display-component---billingWorkbench--smartFilterBar-btnBasicSearch\")]"}
RESULT: {"using":"xpath","value":"//input[contains(@id ,\"application-billingtransfer-display-component---billingWorkbench--smartFilterBar-btnBasicSearch\")]"}
COMMAND: POST /session/0a56c8b3fe23980ff89a5571a3a07e32/elements - {"using":"xpath","value":"//input[contains(@id ,\"application-billingtransfer-display-component---billingWorkbench--smartFilterBar-btnBasicSearch\")]"}
RESULT: {"using":"xpath","value":"//input[contains(@id ,\"application-billingtransfer-display-component---billingWorkbench--smartFilterBar-btnBasicSearch\")]"}
COMMAND: POST /session/0a56c8b3fe23980ff89a5571a3a07e32/elements - {"using":"xpath","value":"//input[contains(@id ,\"application-billingtransfer-display-component---billingWorkbench--smartFilterBar-btnBasicSearch\")]"}
RESULT: {"using":"xpath","value":"//input[contains(@id ,\"application-billingtransfer-display-component---billingWorkbench--smartFilterBar-btnBasicSearch\")]"}
COMMAND: POST /session/0a56c8b3fe23980ff89a5571a3a07e32/elements - {"using":"xpath","value":"//input[contains(@id ,\"application-billingtransfer-display-component---billingWorkbench--smartFilterBar-btnBasicSearch\")]"}
RESULT: {"using":"xpath","value":"//input[contains(@id ,\"application-billingtransfer-display-component---billingWorkbench--smartFilterBar-btnBasicSearch\")]"}
COMMAND: POST /session/0a56c8b3fe23980ff89a5571a3a07e32/elements - {"using":"xpath","value":"//input[contains(@id ,\"application-billingtransfer-display-component---billingWorkbench--smartFilterBar-btnBasicSearch\")]"}
RESULT: {"using":"xpath","value":"//input[contains(@id ,\"application-billingtransfer-display-component---billingWorkbench--smartFilterBar-btnBasicSearch\")]"}
COMMAND: POST /session/0a56c8b3fe23980ff89a5571a3a07e32/elements - {"using":"xpath","value":"//input[contains(@id ,\"application-billingtransfer-display-component---billingWorkbench--smartFilterBar-btnBasicSearch\")]"}
RESULT: {"using":"xpath","value":"//input[contains(@id ,\"application-billingtransfer-display-component---billingWorkbench--smartFilterBar-btnBasicSearch\")]"}
COMMAND: POST /session/0a56c8b3fe23980ff89a5571a3a07e32/elements - {"using":"xpath","value":"//input[contains(@id ,\"application-billingtransfer-display-component---billingWorkbench--smartFilterBar-btnBasicSearch\")]"}
RESULT: {"using":"xpath","value":"//input[contains(@id ,\"application-billingtransfer-display-component---billingWorkbench--smartFilterBar-btnBasicSearch\")]"}
COMMAND: POST /session/0a56c8b3fe23980ff89a5571a3a07e32/elements - {"using":"xpath","value":"//input[contains(@id ,\"application-billingtransfer-display-component---billingWorkbench--smartFilterBar-btnBasicSearch\")]"}
RESULT: {"using":"xpath","value":"//input[contains(@id ,\"application-billingtransfer-display-component---billingWorkbench--smartFilterBar-btnBasicSearch\")]"}
COMMAND: POST /session/0a56c8b3fe23980ff89a5571a3a07e32/elements - {"using":"xpath","value":"//input[contains(@id ,\"application-billingtransfer-display-component---billingWorkbench--smartFilterBar-btnBasicSearch\")]"}
RESULT: {"using":"xpath","value":"//input[contains(@id ,\"application-billingtransfer-display-component---billingWorkbench--smartFilterBar-btnBasicSearch\")]"}
COMMAND: POST /session/0a56c8b3fe23980ff89a5571a3a07e32/elements - {"using":"xpath","value":"//input[contains(@id ,\"application-billingtransfer-display-component---billingWorkbench--smartFilterBar-btnBasicSearch\")]"}
RESULT: {"using":"xpath","value":"//input[contains(@id ,\"application-billingtransfer-display-component---billingWorkbench--smartFilterBar-btnBasicSearch\")]"}
COMMAND: POST /session/0a56c8b3fe23980ff89a5571a3a07e32/elements - {"using":"xpath","value":"//input[contains(@id ,\"application-billingtransfer-display-component---billingWorkbench--smartFilterBar-btnBasicSearch\")]"}
RESULT: {"using":"xpath","value":"//input[contains(@id ,\"application-billingtransfer-display-component---billingWorkbench--smartFilterBar-btnBasicSearch\")]"}
COMMAND: POST /session/0a56c8b3fe23980ff89a5571a3a07e32/elements - {"using":"xpath","value":"//input[contains(@id ,\"application-billingtransfer-display-component---billingWorkbench--smartFilterBar-btnBasicSearch\")]"}
RESULT: {"using":"xpath","value":"//input[contains(@id ,\"application-billingtransfer-display-component---billingWorkbench--smartFilterBar-btnBasicSearch\")]"}
COMMAND: POST /session/0a56c8b3fe23980ff89a5571a3a07e32/elements - {"using":"xpath","value":"//input[contains(@id ,\"application-billingtransfer-display-component---billingWorkbench--smartFilterBar-btnBasicSearch\")]"}
RESULT: {"using":"xpath","value":"//input[contains(@id ,\"application-billingtransfer-display-component---billingWorkbench--smartFilterBar-btnBasicSearch\")]"}
COMMAND: POST /session/0a56c8b3fe23980ff89a5571a3a07e32/elements - {"using":"xpath","value":"//input[contains(@id ,\"application-billingtransfer-display-component---billingWorkbench--smartFilterBar-btnBasicSearch\")]"}
RESULT: {"using":"xpath","value":"//input[contains(@id ,\"application-billingtransfer-display-component---billingWorkbench--smartFilterBar-btnBasicSearch\")]"}
COMMAND: POST /session/0a56c8b3fe23980ff89a5571a3a07e32/elements - {"using":"xpath","value":"//input[contains(@id ,\"application-billingtransfer-display-component---billingWorkbench--smartFilterBar-btnBasicSearch\")]"}
RESULT: {"using":"xpath","value":"//input[contains(@id ,\"application-billingtransfer-display-component---billingWorkbench--smartFilterBar-btnBasicSearch\")]"}
COMMAND: POST /session/0a56c8b3fe23980ff89a5571a3a07e32/elements - {"using":"xpath","value":"//input[contains(@id ,\"application-billingtransfer-display-component---billingWorkbench--smartFilterBar-btnBasicSearch\")]"}
RESULT: {"using":"xpath","value":"//input[contains(@id ,\"application-billingtransfer-display-component---billingWorkbench--smartFilterBar-btnBasicSearch\")]"}
COMMAND: POST /session/0a56c8b3fe23980ff89a5571a3a07e32/elements - {"using":"xpath","value":"//input[contains(@id ,\"application-billingtransfer-display-component---billingWorkbench--smartFilterBar-btnBasicSearch\")]"}
RESULT: {"using":"xpath","value":"//input[contains(@id ,\"application-billingtransfer-display-component---billingWorkbench--smartFilterBar-btnBasicSearch\")]"}
COMMAND: POST /session/0a56c8b3fe23980ff89a5571a3a07e32/elements - {"using":"xpath","value":"//input[contains(@id ,\"application-billingtransfer-display-component---billingWorkbench--smartFilterBar-btnBasicSearch\")]"}
RESULT: {"using":"xpath","value":"//input[contains(@id ,\"application-billingtransfer-display-component---billingWorkbench--smartFilterBar-btnBasicSearch\")]"}
COMMAND: POST /session/0a56c8b3fe23980ff89a5571a3a07e32/elements - {"using":"xpath","value":"//input[contains(@id ,\"application-billingtransfer-display-component---billingWorkbench--smartFilterBar-btnBasicSearch\")]"}
RESULT: {"using":"xpath","value":"//input[contains(@id ,\"application-billingtransfer-display-component---billingWorkbench--smartFilterBar-btnBasicSearch\")]"}
COMMAND: POST /session/0a56c8b3fe23980ff89a5571a3a07e32/elements - {"using":"xpath","value":"//input[contains(@id ,\"application-billingtransfer-display-component---billingWorkbench--smartFilterBar-btnBasicSearch\")]"}
RESULT: {"using":"xpath","value":"//input[contains(@id ,\"application-billingtransfer-display-component---billingWorkbench--smartFilterBar-btnBasicSearch\")]"}
COMMAND: POST /session/0a56c8b3fe23980ff89a5571a3a07e32/elements - {"using":"xpath","value":"//input[contains(@id ,\"application-billingtransfer-display-component---billingWorkbench--smartFilterBar-btnBasicSearch\")]"}
RESULT: {"using":"xpath","value":"//input[contains(@id ,\"application-billingtransfer-display-component---billingWorkbench--smartFilterBar-btnBasicSearch\")]"}
COMMAND: POST /session/0a56c8b3fe23980ff89a5571a3a07e32/elements - {"using":"xpath","value":"//input[contains(@id ,\"application-billingtransfer-display-component---billingWorkbench--smartFilterBar-btnBasicSearch\")]"}
RESULT: {"using":"xpath","value":"//input[contains(@id ,\"application-billingtransfer-display-component---billingWorkbench--smartFilterBar-btnBasicSearch\")]"}
COMMAND: POST /session/0a56c8b3fe23980ff89a5571a3a07e32/elements - {"using":"xpath","value":"//input[contains(@id ,\"application-billingtransfer-display-component---billingWorkbench--smartFilterBar-btnBasicSearch\")]"}
RESULT: {"using":"xpath","value":"//input[contains(@id ,\"application-billingtransfer-display-component---billingWorkbench--smartFilterBar-btnBasicSearch\")]"}
COMMAND: POST /session/0a56c8b3fe23980ff89a5571a3a07e32/elements - {"using":"xpath","value":"//input[contains(@id ,\"application-billingtransfer-display-component---billingWorkbench--smartFilterBar-btnBasicSearch\")]"}
RESULT: {"using":"xpath","value":"//input[contains(@id ,\"application-billingtransfer-display-component---billingWorkbench--smartFilterBar-btnBasicSearch\")]"}
COMMAND: POST /session/0a56c8b3fe23980ff89a5571a3a07e32/elements - {"using":"xpath","value":"//input[contains(@id ,\"application-billingtransfer-display-component---billingWorkbench--smartFilterBar-btnBasicSearch\")]"}
RESULT: {"using":"xpath","value":"//input[contains(@id ,\"application-billingtransfer-display-component---billingWorkbench--smartFilterBar-btnBasicSearch\")]"}
COMMAND: POST /session/0a56c8b3fe23980ff89a5571a3a07e32/elements - {"using":"xpath","value":"//input[contains(@id ,\"application-billingtransfer-display-component---billingWorkbench--smartFilterBar-btnBasicSearch\")]"}
RESULT: {"using":"xpath","value":"//input[contains(@id ,\"application-billingtransfer-display-component---billingWorkbench--smartFilterBar-btnBasicSearch\")]"}
COMMAND: POST /session/0a56c8b3fe23980ff89a5571a3a07e32/elements - {"using":"xpath","value":"//input[contains(@id ,\"application-billingtransfer-display-component---billingWorkbench--smartFilterBar-btnBasicSearch\")]"}
RESULT: {"using":"xpath","value":"//input[contains(@id ,\"application-billingtransfer-display-component---billingWorkbench--smartFilterBar-btnBasicSearch\")]"}
COMMAND: POST /session/0a56c8b3fe23980ff89a5571a3a07e32/elements - {"using":"xpath","value":"//input[contains(@id ,\"application-billingtransfer-display-component---billingWorkbench--smartFilterBar-btnBasicSearch\")]"}
RESULT: {"using":"xpath","value":"//input[contains(@id ,\"application-billingtransfer-display-component---billingWorkbench--smartFilterBar-btnBasicSearch\")]"}
COMMAND: POST /session/0a56c8b3fe23980ff89a5571a3a07e32/elements - {"using":"xpath","value":"//input[contains(@id ,\"application-billingtransfer-display-component---billingWorkbench--smartFilterBar-btnBasicSearch\")]"}
RESULT: {"using":"xpath","value":"//input[contains(@id ,\"application-billingtransfer-display-component---billingWorkbench--smartFilterBar-btnBasicSearch\")]"}
COMMAND: POST /session/0a56c8b3fe23980ff89a5571a3a07e32/elements - {"using":"xpath","value":"//input[contains(@id ,\"application-billingtransfer-display-component---billingWorkbench--smartFilterBar-btnBasicSearch\")]"}
RESULT: {"using":"xpath","value":"//input[contains(@id ,\"application-billingtransfer-display-component---billingWorkbench--smartFilterBar-btnBasicSearch\")]"}
COMMAND: POST /session/0a56c8b3fe23980ff89a5571a3a07e32/elements - {"using":"xpath","value":"//input[contains(@id ,\"application-billingtransfer-display-component---billingWorkbench--smartFilterBar-btnBasicSearch\")]"}
RESULT: {"using":"xpath","value":"//input[contains(@id ,\"application-billingtransfer-display-component---billingWorkbench--smartFilterBar-btnBasicSearch\")]"}
COMMAND: POST /session/0a56c8b3fe23980ff89a5571a3a07e32/elements - {"using":"xpath","value":"//input[contains(@id ,\"application-billingtransfer-display-component---billingWorkbench--smartFilterBar-btnBasicSearch\")]"}
RESULT: {"using":"xpath","value":"//input[contains(@id ,\"application-billingtransfer-display-component---billingWorkbench--smartFilterBar-btnBasicSearch\")]"}
COMMAND: POST /session/0a56c8b3fe23980ff89a5571a3a07e32/elements - {"using":"xpath","value":"//input[contains(@id ,\"application-billingtransfer-display-component---billingWorkbench--smartFilterBar-btnBasicSearch\")]"}
RESULT: {"using":"xpath","value":"//input[contains(@id ,\"application-billingtransfer-display-component---billingWorkbench--smartFilterBar-btnBasicSearch\")]"}
COMMAND: POST /session/0a56c8b3fe23980ff89a5571a3a07e32/elements - {"using":"xpath","value":"//input[contains(@id ,\"application-billingtransfer-display-component---billingWorkbench--smartFilterBar-btnBasicSearch\")]"}
RESULT: {"using":"xpath","value":"//input[contains(@id ,\"application-billingtransfer-display-component---billingWorkbench--smartFilterBar-btnBasicSearch\")]"}
COMMAND: POST /session/0a56c8b3fe23980ff89a5571a3a07e32/elements - {"using":"xpath","value":"//input[contains(@id ,\"application-billingtransfer-display-component---billingWorkbench--smartFilterBar-btnBasicSearch\")]"}
RESULT: {"using":"xpath","value":"//input[contains(@id ,\"application-billingtransfer-display-component---billingWorkbench--smartFilterBar-btnBasicSearch\")]"}
COMMAND: POST /session/0a56c8b3fe23980ff89a5571a3a07e32/elements - {"using":"xpath","value":"//input[contains(@id ,\"application-billingtransfer-display-component---billingWorkbench--smartFilterBar-btnBasicSearch\")]"}
RESULT: {"using":"xpath","value":"//input[contains(@id ,\"application-billingtransfer-display-component---billingWorkbench--smartFilterBar-btnBasicSearch\")]"}
COMMAND: POST /session/0a56c8b3fe23980ff89a5571a3a07e32/elements - {"using":"xpath","value":"//input[contains(@id ,\"application-billingtransfer-display-component---billingWorkbench--smartFilterBar-btnBasicSearch\")]"}
RESULT: {"using":"xpath","value":"//input[contains(@id ,\"application-billingtransfer-display-component---billingWorkbench--smartFilterBar-btnBasicSearch\")]"}
COMMAND: POST /session/0a56c8b3fe23980ff89a5571a3a07e32/elements - {"using":"xpath","value":"//input[contains(@id ,\"application-billingtransfer-display-component---billingWorkbench--smartFilterBar-btnBasicSearch\")]"}
RESULT: {"using":"xpath","value":"//input[contains(@id ,\"application-billingtransfer-display-component---billingWorkbench--smartFilterBar-btnBasicSearch\")]"}
COMMAND: POST /session/0a56c8b3fe23980ff89a5571a3a07e32/elements - {"using":"xpath","value":"//input[contains(@id ,\"application-billingtransfer-display-component---billingWorkbench--smartFilterBar-btnBasicSearch\")]"}
RESULT: {"using":"xpath","value":"//input[contains(@id ,\"application-billingtransfer-display-component---billingWorkbench--smartFilterBar-btnBasicSearch\")]"}
COMMAND: POST /session/0a56c8b3fe23980ff89a5571a3a07e32/elements - {"using":"xpath","value":"//input[contains(@id ,\"application-billingtransfer-display-component---billingWorkbench--smartFilterBar-btnBasicSearch\")]"}
RESULT: {"using":"xpath","value":"//input[contains(@id ,\"application-billingtransfer-display-component---billingWorkbench--smartFilterBar-btnBasicSearch\")]"}
COMMAND: POST /session/0a56c8b3fe23980ff89a5571a3a07e32/elements - {"using":"xpath","value":"//input[contains(@id ,\"application-billingtransfer-display-component---billingWorkbench--smartFilterBar-btnBasicSearch\")]"}
RESULT: {"using":"xpath","value":"//input[contains(@id ,\"application-billingtransfer-display-component---billingWorkbench--smartFilterBar-btnBasicSearch\")]"}
COMMAND: POST /session/0a56c8b3fe23980ff89a5571a3a07e32/elements - {"using":"xpath","value":"//input[contains(@id ,\"application-billingtransfer-display-component---billingWorkbench--smartFilterBar-btnBasicSearch\")]"}
RESULT: {"using":"xpath","value":"//input[contains(@id ,\"application-billingtransfer-display-component---billingWorkbench--smartFilterBar-btnBasicSearch\")]"}
COMMAND: POST /session/0a56c8b3fe23980ff89a5571a3a07e32/elements - {"using":"xpath","value":"//input[contains(@id ,\"application-billingtransfer-display-component---billingWorkbench--smartFilterBar-btnBasicSearch\")]"}
RESULT: {"using":"xpath","value":"//input[contains(@id ,\"application-billingtransfer-display-component---billingWorkbench--smartFilterBar-btnBasicSearch\")]"}
COMMAND: POST /session/0a56c8b3fe23980ff89a5571a3a07e32/elements - {"using":"xpath","value":"//input[contains(@id ,\"application-billingtransfer-display-component---billingWorkbench--smartFilterBar-btnBasicSearch\")]"}
RESULT: {"using":"xpath","value":"//input[contains(@id ,\"application-billingtransfer-display-component---billingWorkbench--smartFilterBar-btnBasicSearch\")]"}
COMMAND: POST /session/0a56c8b3fe23980ff89a5571a3a07e32/elements - {"using":"xpath","value":"//input[contains(@id ,\"application-billingtransfer-display-component---billingWorkbench--smartFilterBar-btnBasicSearch\")]"}
RESULT: {"using":"xpath","value":"//input[contains(@id ,\"application-billingtransfer-display-component---billingWorkbench--smartFilterBar-btnBasicSearch\")]"}
COMMAND: POST /session/0a56c8b3fe23980ff89a5571a3a07e32/elements - {"using":"xpath","value":"//input[contains(@id ,\"application-billingtransfer-display-component---billingWorkbench--smartFilterBar-btnBasicSearch\")]"}
RESULT: {"using":"xpath","value":"//input[contains(@id ,\"application-billingtransfer-display-component---billingWorkbench--smartFilterBar-btnBasicSearch\")]"}
COMMAND: POST /session/0a56c8b3fe23980ff89a5571a3a07e32/elements - {"using":"xpath","value":"//input[contains(@id ,\"application-billingtransfer-display-component---billingWorkbench--smartFilterBar-btnBasicSearch\")]"}
RESULT: {"using":"xpath","value":"//input[contains(@id ,\"application-billingtransfer-display-component---billingWorkbench--smartFilterBar-btnBasicSearch\")]"}
COMMAND: POST /session/0a56c8b3fe23980ff89a5571a3a07e32/elements - {"using":"xpath","value":"//input[contains(@id ,\"application-billingtransfer-display-component---billingWorkbench--smartFilterBar-btnBasicSearch\")]"}
RESULT: {"using":"xpath","value":"//input[contains(@id ,\"application-billingtransfer-display-component---billingWorkbench--smartFilterBar-btnBasicSearch\")]"}
COMMAND: POST /session/0a56c8b3fe23980ff89a5571a3a07e32/elements - {"using":"xpath","value":"//input[contains(@id ,\"application-billingtransfer-display-component---billingWorkbench--smartFilterBar-btnBasicSearch\")]"}
RESULT: {"using":"xpath","value":"//input[contains(@id ,\"application-billingtransfer-display-component---billingWorkbench--smartFilterBar-btnBasicSearch\")]"}
COMMAND: POST /session/0a56c8b3fe23980ff89a5571a3a07e32/elements - {"using":"xpath","value":"//input[contains(@id ,\"application-billingtransfer-display-component---billingWorkbench--smartFilterBar-btnBasicSearch\")]"}
RESULT: {"using":"xpath","value":"//input[contains(@id ,\"application-billingtransfer-display-component---billingWorkbench--smartFilterBar-btnBasicSearch\")]"}
COMMAND: POST /session/0a56c8b3fe23980ff89a5571a3a07e32/elements - {"using":"xpath","value":"//input[contains(@id ,\"application-billingtransfer-display-component---billingWorkbench--smartFilterBar-btnBasicSearch\")]"}
RESULT: {"using":"xpath","value":"//input[contains(@id ,\"application-billingtransfer-display-component---billingWorkbench--smartFilterBar-btnBasicSearch\")]"}
COMMAND: POST /session/0a56c8b3fe23980ff89a5571a3a07e32/elements - {"using":"xpath","value":"//input[contains(@id ,\"application-billingtransfer-display-component---billingWorkbench--smartFilterBar-btnBasicSearch\")]"}
RESULT: {"using":"xpath","value":"//input[contains(@id ,\"application-billingtransfer-display-component---billingWorkbench--smartFilterBar-btnBasicSearch\")]"}
COMMAND: POST /session/0a56c8b3fe23980ff89a5571a3a07e32/elements - {"using":"xpath","value":"//input[contains(@id ,\"application-billingtransfer-display-component---billingWorkbench--smartFilterBar-btnBasicSearch\")]"}
RESULT: {"using":"xpath","value":"//input[contains(@id ,\"application-billingtransfer-display-component---billingWorkbench--smartFilterBar-btnBasicSearch\")]"}
COMMAND: POST /session/0a56c8b3fe23980ff89a5571a3a07e32/elements - {"using":"xpath","value":"//input[contains(@id ,\"application-billingtransfer-display-component---billingWorkbench--smartFilterBar-btnBasicSearch\")]"}
RESULT: {"using":"xpath","value":"//input[contains(@id ,\"application-billingtransfer-display-component---billingWorkbench--smartFilterBar-btnBasicSearch\")]"}
COMMAND: POST /session/0a56c8b3fe23980ff89a5571a3a07e32/elements - {"using":"xpath","value":"//input[contains(@id ,\"application-billingtransfer-display-component---billingWorkbench--smartFilterBar-btnBasicSearch\")]"}
RESULT: {"using":"xpath","value":"//input[contains(@id ,\"application-billingtransfer-display-component---billingWorkbench--smartFilterBar-btnBasicSearch\")]"}
COMMAND: POST /session/0a56c8b3fe23980ff89a5571a3a07e32/elements - {"using":"xpath","value":"//input[contains(@id ,\"application-billingtransfer-display-component---billingWorkbench--smartFilterBar-btnBasicSearch\")]"}
RESULT: {"using":"xpath","value":"//input[contains(@id ,\"application-billingtransfer-display-component---billingWorkbench--smartFilterBar-btnBasicSearch\")]"}
COMMAND: POST /session/0a56c8b3fe23980ff89a5571a3a07e32/elements - {"using":"xpath","value":"//input[contains(@id ,\"application-billingtransfer-display-component---billingWorkbench--smartFilterBar-btnBasicSearch\")]"}
RESULT: {"using":"xpath","value":"//input[contains(@id ,\"application-billingtransfer-display-component---billingWorkbench--smartFilterBar-btnBasicSearch\")]"}
COMMAND: POST /session/0a56c8b3fe23980ff89a5571a3a07e32/elements - {"using":"xpath","value":"//input[contains(@id ,\"application-billingtransfer-display-component---billingWorkbench--smartFilterBar-btnBasicSearch\")]"}
RESULT: {"using":"xpath","value":"//input[contains(@id ,\"application-billingtransfer-display-component---billingWorkbench--smartFilterBar-btnBasicSearch\")]"}
COMMAND: POST /session/0a56c8b3fe23980ff89a5571a3a07e32/elements - {"using":"xpath","value":"//input[contains(@id ,\"application-billingtransfer-display-component---billingWorkbench--smartFilterBar-btnBasicSearch\")]"}
RESULT: {"using":"xpath","value":"//input[contains(@id ,\"application-billingtransfer-display-component---billingWorkbench--smartFilterBar-btnBasicSearch\")]"}
COMMAND: POST /session/0a56c8b3fe23980ff89a5571a3a07e32/elements - {"using":"xpath","value":"//input[contains(@id ,\"application-billingtransfer-display-component---billingWorkbench--smartFilterBar-btnBasicSearch\")]"}
RESULT: {"using":"xpath","value":"//input[contains(@id ,\"application-billingtransfer-display-component---billingWorkbench--smartFilterBar-btnBasicSearch\")]"}
COMMAND: POST /session/0a56c8b3fe23980ff89a5571a3a07e32/elements - {"using":"xpath","value":"//input[contains(@id ,\"application-billingtransfer-display-component---billingWorkbench--smartFilterBar-btnBasicSearch\")]"}
RESULT: {"using":"xpath","value":"//input[contains(@id ,\"application-billingtransfer-display-component---billingWorkbench--smartFilterBar-btnBasicSearch\")]"}
COMMAND: POST /session/0a56c8b3fe23980ff89a5571a3a07e32/elements - {"using":"xpath","value":"//input[contains(@id ,\"application-billingtransfer-display-component---billingWorkbench--smartFilterBar-btnBasicSearch\")]"}
RESULT: {"using":"xpath","value":"//input[contains(@id ,\"application-billingtransfer-display-component---billingWorkbench--smartFilterBar-btnBasicSearch\")]"}
COMMAND: POST /session/0a56c8b3fe23980ff89a5571a3a07e32/elements - {"using":"xpath","value":"//input[contains(@id ,\"application-billingtransfer-display-component---billingWorkbench--smartFilterBar-btnBasicSearch\")]"}
RESULT: {"using":"xpath","value":"//input[contains(@id ,\"application-billingtransfer-display-component---billingWorkbench--smartFilterBar-btnBasicSearch\")]"}
COMMAND: POST /session/0a56c8b3fe23980ff89a5571a3a07e32/elements - {"using":"xpath","value":"//input[contains(@id ,\"application-billingtransfer-display-component---billingWorkbench--smartFilterBar-btnBasicSearch\")]"}
RESULT: {"using":"xpath","value":"//input[contains(@id ,\"application-billingtransfer-display-component---billingWorkbench--smartFilterBar-btnBasicSearch\")]"}
COMMAND: POST /session/0a56c8b3fe23980ff89a5571a3a07e32/elements - {"using":"xpath","value":"//input[contains(@id ,\"application-billingtransfer-display-component---billingWorkbench--smartFilterBar-btnBasicSearch\")]"}
RESULT: {"using":"xpath","value":"//input[contains(@id ,\"application-billingtransfer-display-component---billingWorkbench--smartFilterBar-btnBasicSearch\")]"}
COMMAND: POST /session/0a56c8b3fe23980ff89a5571a3a07e32/elements - {"using":"xpath","value":"//input[contains(@id ,\"application-billingtransfer-display-component---billingWorkbench--smartFilterBar-btnBasicSearch\")]"}
RESULT: {"using":"xpath","value":"//input[contains(@id ,\"application-billingtransfer-display-component---billingWorkbench--smartFilterBar-btnBasicSearch\")]"}
COMMAND: POST /session/0a56c8b3fe23980ff89a5571a3a07e32/elements - {"using":"xpath","value":"//input[contains(@id ,\"application-billingtransfer-display-component---billingWorkbench--smartFilterBar-btnBasicSearch\")]"}
RESULT: {"using":"xpath","value":"//input[contains(@id ,\"application-billingtransfer-display-component---billingWorkbench--smartFilterBar-btnBasicSearch\")]"}
COMMAND: POST /session/0a56c8b3fe23980ff89a5571a3a07e32/elements - {"using":"xpath","value":"//input[contains(@id ,\"application-billingtransfer-display-component---billingWorkbench--smartFilterBar-btnBasicSearch\")]"}
RESULT: {"using":"xpath","value":"//input[contains(@id ,\"application-billingtransfer-display-component---billingWorkbench--smartFilterBar-btnBasicSearch\")]"}
COMMAND: POST /session/0a56c8b3fe23980ff89a5571a3a07e32/elements - {"using":"xpath","value":"//input[contains(@id ,\"application-billingtransfer-display-component---billingWorkbench--smartFilterBar-btnBasicSearch\")]"}
RESULT: {"using":"xpath","value":"//input[contains(@id ,\"application-billingtransfer-display-component---billingWorkbench--smartFilterBar-btnBasicSearch\")]"}
COMMAND: POST /session/0a56c8b3fe23980ff89a5571a3a07e32/elements - {"using":"xpath","value":"//input[contains(@id ,\"application-billingtransfer-display-component---billingWorkbench--smartFilterBar-btnBasicSearch\")]"}
RESULT: {"using":"xpath","value":"//input[contains(@id ,\"application-billingtransfer-display-component---billingWorkbench--smartFilterBar-btnBasicSearch\")]"}
COMMAND: POST /session/0a56c8b3fe23980ff89a5571a3a07e32/elements - {"using":"xpath","value":"//input[contains(@id ,\"application-billingtransfer-display-component---billingWorkbench--smartFilterBar-btnBasicSearch\")]"}
RESULT: {"using":"xpath","value":"//input[contains(@id ,\"application-billingtransfer-display-component---billingWorkbench--smartFilterBar-btnBasicSearch\")]"}
COMMAND: POST /session/0a56c8b3fe23980ff89a5571a3a07e32/elements - {"using":"xpath","value":"//input[contains(@id ,\"application-billingtransfer-display-component---billingWorkbench--smartFilterBar-btnBasicSearch\")]"}
RESULT: {"using":"xpath","value":"//input[contains(@id ,\"application-billingtransfer-display-component---billingWorkbench--smartFilterBar-btnBasicSearch\")]"}
COMMAND: POST /session/0a56c8b3fe23980ff89a5571a3a07e32/elements - {"using":"xpath","value":"//input[contains(@id ,\"application-billingtransfer-display-component---billingWorkbench--smartFilterBar-btnBasicSearch\")]"}
RESULT: {"using":"xpath","value":"//input[contains(@id ,\"application-billingtransfer-display-component---billingWorkbench--smartFilterBar-btnBasicSearch\")]"}
COMMAND: GET /session/0a56c8b3fe23980ff89a5571a3a07e32/screenshot - {}
RESULT: {}
COMMAND: GET /session/0a56c8b3fe23980ff89a5571a3a07e32/screenshot - {}
]]></system-out>
      <system-err><![CDATA[
Error: element ("//input[contains(@id ,"application-billingtransfer-display-component---billingWorkbench--smartFilterBar-btnBasicSearch")]") still not existing after 45000ms
    at async UtilsPrerequisites.narrowDownSearchBT (D:\a\1\s\test\specs\BTS\prerequisites-and-utils-functions.js:2850:9)
    at async UtilsPrerequisites.billingTransfer (D:\a\1\s\test\specs\BTS\prerequisites-and-utils-functions.js:2775:9)
    at async Context.<anonymous> (D:\a\1\s\test\specs\BTS\billing-calculation-transp-times.spec.js:129:9)
]]></system-err>
    </testcase>
    <testcase classname="chrome.136_0_7103_93.windows.Billing_Calculation_-_Time_based_(considering_transport_times)_US139738" name="Should do another billing run but in around 25 days from today" time="19.96">
      <failure/>
      <error message="element not interactable&#xA;  (Session info: chrome=136.0.7103.93)"/>
      <system-out><![CDATA[
RESULT: undefined
COMMAND: POST /session/0a56c8b3fe23980ff89a5571a3a07e32/element - {"using":"xpath","value":"//*[@id=\"__tile51\"]"}
RESULT: {}
RESULT: {"using":"xpath","value":"//*[@id=\"__tile51\"]"}
COMMAND: POST /session/0a56c8b3fe23980ff89a5571a3a07e32/element/f.8BC31031A8A77F81AA6DDAE562E569BF.d.B635543B615E2F377ED0D0E9132B8D47.e.19692/click - {}
COMMAND: POST /session/0a56c8b3fe23980ff89a5571a3a07e32/elements - {"using":"xpath","value":"//span[text()='Error']"}
RESULT: {"using":"xpath","value":"//span[text()='Error']"}
RESULT: undefined
COMMAND: POST /session/0a56c8b3fe23980ff89a5571a3a07e32/execute/async - {"script":"<script> [776 bytes]","args":[{"enterText":"10287","selector":{"id":"application-managebillings-display-component---billRunCalcResult--smartFilterBar-btnBasicSearch","interaction":{"idSuffix":"I"}},"clearTextFirst":true,"interactionType":"ENTER_TEXT"}]}
RESULT: {"script":"<script> [776 bytes]","args":[{"enterText":"10287","selector":{"id":"application-managebillings-display-component---billRunCalcResult--smartFilterBar-btnBasicSearch","interaction":{"idSuffix":"I"}},"clearTextFirst":true,"interactionType":"ENTER_TEXT"}]}
COMMAND: POST /session/0a56c8b3fe23980ff89a5571a3a07e32/actions - {"actions":[{"id":"action91","type":"key","parameters":{},"actions":[{"type":"keyDown","value":""},{"type":"pause","duration":10},{"type":"keyUp","value":""}]}]}
RESULT: {"actions":[{"id":"action91","type":"key","parameters":{},"actions":[{"type":"keyDown","value":""},{"type":"pause","duration":10},{"type":"keyUp","value":""}]}]}
COMMAND: GET /session/0a56c8b3fe23980ff89a5571a3a07e32/screenshot - {}
RESULT: {}
COMMAND: POST /session/0a56c8b3fe23980ff89a5571a3a07e32/element - {"using":"xpath","value":"//td[@aria-colindex=\"1\"]/div/div[contains(@class, \"sapMCbBg\")]"}
RESULT: {"using":"xpath","value":"//td[@aria-colindex=\"1\"]/div/div[contains(@class, \"sapMCbBg\")]"}
COMMAND: POST /session/0a56c8b3fe23980ff89a5571a3a07e32/element/f.8BC31031A8A77F81AA6DDAE562E569BF.d.B635543B615E2F377ED0D0E9132B8D47.e.25388/click - {}
COMMAND: GET /session/0a56c8b3fe23980ff89a5571a3a07e32/screenshot - {}
RESULT: {}
]]></system-out>
      <system-err><![CDATA[
element not interactable: element not interactable
  (Session info: chrome=136.0.7103.93)
    at async UtilsPrerequisites.manageBillingsTriggerCalculation (D:\a\1\s\test\specs\BTS\prerequisites-and-utils-functions.js:2718:9)
    at async Context.<anonymous> (D:\a\1\s\test\specs\BTS\billing-calculation-transp-times.spec.js:133:9)
]]></system-err>
    </testcase>
    <testcase classname="chrome.136_0_7103_93.windows.Billing_Calculation_-_Time_based_(considering_transport_times)_US139738" name="Should transfer the billing all the way to completion" time="57.109">
      <failure/>
      <error message="element (&quot;//input[contains(@id ,&quot;application-billingtransfer-display-component---billingWorkbench--smartFilterBar-btnBasicSearch&quot;)]&quot;) still not existing after 45000ms"/>
      <system-out><![CDATA[
COMMAND: GET /session/0a56c8b3fe23980ff89a5571a3a07e32/screenshot - {}
RESULT: undefined
COMMAND: POST /session/0a56c8b3fe23980ff89a5571a3a07e32/element - {"using":"xpath","value":"//*[@id=\"__tile50\"]"}
RESULT: {"using":"xpath","value":"//*[@id=\"__tile50\"]"}
COMMAND: POST /session/0a56c8b3fe23980ff89a5571a3a07e32/element/f.8BC31031A8A77F81AA6DDAE562E569BF.d.B635543B615E2F377ED0D0E9132B8D47.e.19690/click - {}
RESULT: {}
COMMAND: POST /session/0a56c8b3fe23980ff89a5571a3a07e32/elements - {"using":"xpath","value":"//span[text()='Error']"}
RESULT: {"using":"xpath","value":"//span[text()='Error']"}
COMMAND: POST /session/0a56c8b3fe23980ff89a5571a3a07e32/element - {"using":"xpath","value":"//input[contains(@id ,\"application-billingtransfer-display-component---billingWorkbench--smartFilterBar-btnBasicSearch\")]"}
RESULT: {"using":"xpath","value":"//input[contains(@id ,\"application-billingtransfer-display-component---billingWorkbench--smartFilterBar-btnBasicSearch\")]"}
COMMAND: POST /session/0a56c8b3fe23980ff89a5571a3a07e32/elements - {"using":"xpath","value":"//input[contains(@id ,\"application-billingtransfer-display-component---billingWorkbench--smartFilterBar-btnBasicSearch\")]"}
RESULT: {"using":"xpath","value":"//input[contains(@id ,\"application-billingtransfer-display-component---billingWorkbench--smartFilterBar-btnBasicSearch\")]"}
COMMAND: POST /session/0a56c8b3fe23980ff89a5571a3a07e32/elements - {"using":"xpath","value":"//input[contains(@id ,\"application-billingtransfer-display-component---billingWorkbench--smartFilterBar-btnBasicSearch\")]"}
RESULT: {"using":"xpath","value":"//input[contains(@id ,\"application-billingtransfer-display-component---billingWorkbench--smartFilterBar-btnBasicSearch\")]"}
COMMAND: POST /session/0a56c8b3fe23980ff89a5571a3a07e32/elements - {"using":"xpath","value":"//input[contains(@id ,\"application-billingtransfer-display-component---billingWorkbench--smartFilterBar-btnBasicSearch\")]"}
RESULT: {"using":"xpath","value":"//input[contains(@id ,\"application-billingtransfer-display-component---billingWorkbench--smartFilterBar-btnBasicSearch\")]"}
COMMAND: POST /session/0a56c8b3fe23980ff89a5571a3a07e32/elements - {"using":"xpath","value":"//input[contains(@id ,\"application-billingtransfer-display-component---billingWorkbench--smartFilterBar-btnBasicSearch\")]"}
RESULT: {"using":"xpath","value":"//input[contains(@id ,\"application-billingtransfer-display-component---billingWorkbench--smartFilterBar-btnBasicSearch\")]"}
COMMAND: POST /session/0a56c8b3fe23980ff89a5571a3a07e32/elements - {"using":"xpath","value":"//input[contains(@id ,\"application-billingtransfer-display-component---billingWorkbench--smartFilterBar-btnBasicSearch\")]"}
RESULT: {"using":"xpath","value":"//input[contains(@id ,\"application-billingtransfer-display-component---billingWorkbench--smartFilterBar-btnBasicSearch\")]"}
COMMAND: POST /session/0a56c8b3fe23980ff89a5571a3a07e32/elements - {"using":"xpath","value":"//input[contains(@id ,\"application-billingtransfer-display-component---billingWorkbench--smartFilterBar-btnBasicSearch\")]"}
RESULT: {"using":"xpath","value":"//input[contains(@id ,\"application-billingtransfer-display-component---billingWorkbench--smartFilterBar-btnBasicSearch\")]"}
COMMAND: POST /session/0a56c8b3fe23980ff89a5571a3a07e32/elements - {"using":"xpath","value":"//input[contains(@id ,\"application-billingtransfer-display-component---billingWorkbench--smartFilterBar-btnBasicSearch\")]"}
RESULT: {"using":"xpath","value":"//input[contains(@id ,\"application-billingtransfer-display-component---billingWorkbench--smartFilterBar-btnBasicSearch\")]"}
COMMAND: POST /session/0a56c8b3fe23980ff89a5571a3a07e32/elements - {"using":"xpath","value":"//input[contains(@id ,\"application-billingtransfer-display-component---billingWorkbench--smartFilterBar-btnBasicSearch\")]"}
RESULT: {"using":"xpath","value":"//input[contains(@id ,\"application-billingtransfer-display-component---billingWorkbench--smartFilterBar-btnBasicSearch\")]"}
COMMAND: POST /session/0a56c8b3fe23980ff89a5571a3a07e32/elements - {"using":"xpath","value":"//input[contains(@id ,\"application-billingtransfer-display-component---billingWorkbench--smartFilterBar-btnBasicSearch\")]"}
RESULT: {"using":"xpath","value":"//input[contains(@id ,\"application-billingtransfer-display-component---billingWorkbench--smartFilterBar-btnBasicSearch\")]"}
COMMAND: POST /session/0a56c8b3fe23980ff89a5571a3a07e32/elements - {"using":"xpath","value":"//input[contains(@id ,\"application-billingtransfer-display-component---billingWorkbench--smartFilterBar-btnBasicSearch\")]"}
RESULT: {"using":"xpath","value":"//input[contains(@id ,\"application-billingtransfer-display-component---billingWorkbench--smartFilterBar-btnBasicSearch\")]"}
COMMAND: POST /session/0a56c8b3fe23980ff89a5571a3a07e32/elements - {"using":"xpath","value":"//input[contains(@id ,\"application-billingtransfer-display-component---billingWorkbench--smartFilterBar-btnBasicSearch\")]"}
RESULT: {"using":"xpath","value":"//input[contains(@id ,\"application-billingtransfer-display-component---billingWorkbench--smartFilterBar-btnBasicSearch\")]"}
COMMAND: POST /session/0a56c8b3fe23980ff89a5571a3a07e32/elements - {"using":"xpath","value":"//input[contains(@id ,\"application-billingtransfer-display-component---billingWorkbench--smartFilterBar-btnBasicSearch\")]"}
RESULT: {"using":"xpath","value":"//input[contains(@id ,\"application-billingtransfer-display-component---billingWorkbench--smartFilterBar-btnBasicSearch\")]"}
COMMAND: POST /session/0a56c8b3fe23980ff89a5571a3a07e32/elements - {"using":"xpath","value":"//input[contains(@id ,\"application-billingtransfer-display-component---billingWorkbench--smartFilterBar-btnBasicSearch\")]"}
RESULT: {"using":"xpath","value":"//input[contains(@id ,\"application-billingtransfer-display-component---billingWorkbench--smartFilterBar-btnBasicSearch\")]"}
COMMAND: POST /session/0a56c8b3fe23980ff89a5571a3a07e32/elements - {"using":"xpath","value":"//input[contains(@id ,\"application-billingtransfer-display-component---billingWorkbench--smartFilterBar-btnBasicSearch\")]"}
RESULT: {"using":"xpath","value":"//input[contains(@id ,\"application-billingtransfer-display-component---billingWorkbench--smartFilterBar-btnBasicSearch\")]"}
COMMAND: POST /session/0a56c8b3fe23980ff89a5571a3a07e32/elements - {"using":"xpath","value":"//input[contains(@id ,\"application-billingtransfer-display-component---billingWorkbench--smartFilterBar-btnBasicSearch\")]"}
RESULT: {"using":"xpath","value":"//input[contains(@id ,\"application-billingtransfer-display-component---billingWorkbench--smartFilterBar-btnBasicSearch\")]"}
COMMAND: POST /session/0a56c8b3fe23980ff89a5571a3a07e32/elements - {"using":"xpath","value":"//input[contains(@id ,\"application-billingtransfer-display-component---billingWorkbench--smartFilterBar-btnBasicSearch\")]"}
RESULT: {"using":"xpath","value":"//input[contains(@id ,\"application-billingtransfer-display-component---billingWorkbench--smartFilterBar-btnBasicSearch\")]"}
COMMAND: POST /session/0a56c8b3fe23980ff89a5571a3a07e32/elements - {"using":"xpath","value":"//input[contains(@id ,\"application-billingtransfer-display-component---billingWorkbench--smartFilterBar-btnBasicSearch\")]"}
RESULT: {"using":"xpath","value":"//input[contains(@id ,\"application-billingtransfer-display-component---billingWorkbench--smartFilterBar-btnBasicSearch\")]"}
COMMAND: POST /session/0a56c8b3fe23980ff89a5571a3a07e32/elements - {"using":"xpath","value":"//input[contains(@id ,\"application-billingtransfer-display-component---billingWorkbench--smartFilterBar-btnBasicSearch\")]"}
RESULT: {"using":"xpath","value":"//input[contains(@id ,\"application-billingtransfer-display-component---billingWorkbench--smartFilterBar-btnBasicSearch\")]"}
COMMAND: POST /session/0a56c8b3fe23980ff89a5571a3a07e32/elements - {"using":"xpath","value":"//input[contains(@id ,\"application-billingtransfer-display-component---billingWorkbench--smartFilterBar-btnBasicSearch\")]"}
RESULT: {"using":"xpath","value":"//input[contains(@id ,\"application-billingtransfer-display-component---billingWorkbench--smartFilterBar-btnBasicSearch\")]"}
COMMAND: POST /session/0a56c8b3fe23980ff89a5571a3a07e32/elements - {"using":"xpath","value":"//input[contains(@id ,\"application-billingtransfer-display-component---billingWorkbench--smartFilterBar-btnBasicSearch\")]"}
RESULT: {"using":"xpath","value":"//input[contains(@id ,\"application-billingtransfer-display-component---billingWorkbench--smartFilterBar-btnBasicSearch\")]"}
COMMAND: POST /session/0a56c8b3fe23980ff89a5571a3a07e32/elements - {"using":"xpath","value":"//input[contains(@id ,\"application-billingtransfer-display-component---billingWorkbench--smartFilterBar-btnBasicSearch\")]"}
RESULT: {"using":"xpath","value":"//input[contains(@id ,\"application-billingtransfer-display-component---billingWorkbench--smartFilterBar-btnBasicSearch\")]"}
COMMAND: POST /session/0a56c8b3fe23980ff89a5571a3a07e32/elements - {"using":"xpath","value":"//input[contains(@id ,\"application-billingtransfer-display-component---billingWorkbench--smartFilterBar-btnBasicSearch\")]"}
RESULT: {"using":"xpath","value":"//input[contains(@id ,\"application-billingtransfer-display-component---billingWorkbench--smartFilterBar-btnBasicSearch\")]"}
COMMAND: POST /session/0a56c8b3fe23980ff89a5571a3a07e32/elements - {"using":"xpath","value":"//input[contains(@id ,\"application-billingtransfer-display-component---billingWorkbench--smartFilterBar-btnBasicSearch\")]"}
RESULT: {"using":"xpath","value":"//input[contains(@id ,\"application-billingtransfer-display-component---billingWorkbench--smartFilterBar-btnBasicSearch\")]"}
COMMAND: POST /session/0a56c8b3fe23980ff89a5571a3a07e32/elements - {"using":"xpath","value":"//input[contains(@id ,\"application-billingtransfer-display-component---billingWorkbench--smartFilterBar-btnBasicSearch\")]"}
RESULT: {"using":"xpath","value":"//input[contains(@id ,\"application-billingtransfer-display-component---billingWorkbench--smartFilterBar-btnBasicSearch\")]"}
COMMAND: POST /session/0a56c8b3fe23980ff89a5571a3a07e32/elements - {"using":"xpath","value":"//input[contains(@id ,\"application-billingtransfer-display-component---billingWorkbench--smartFilterBar-btnBasicSearch\")]"}
RESULT: {"using":"xpath","value":"//input[contains(@id ,\"application-billingtransfer-display-component---billingWorkbench--smartFilterBar-btnBasicSearch\")]"}
COMMAND: POST /session/0a56c8b3fe23980ff89a5571a3a07e32/elements - {"using":"xpath","value":"//input[contains(@id ,\"application-billingtransfer-display-component---billingWorkbench--smartFilterBar-btnBasicSearch\")]"}
RESULT: {"using":"xpath","value":"//input[contains(@id ,\"application-billingtransfer-display-component---billingWorkbench--smartFilterBar-btnBasicSearch\")]"}
COMMAND: POST /session/0a56c8b3fe23980ff89a5571a3a07e32/elements - {"using":"xpath","value":"//input[contains(@id ,\"application-billingtransfer-display-component---billingWorkbench--smartFilterBar-btnBasicSearch\")]"}
RESULT: {"using":"xpath","value":"//input[contains(@id ,\"application-billingtransfer-display-component---billingWorkbench--smartFilterBar-btnBasicSearch\")]"}
COMMAND: POST /session/0a56c8b3fe23980ff89a5571a3a07e32/elements - {"using":"xpath","value":"//input[contains(@id ,\"application-billingtransfer-display-component---billingWorkbench--smartFilterBar-btnBasicSearch\")]"}
RESULT: {"using":"xpath","value":"//input[contains(@id ,\"application-billingtransfer-display-component---billingWorkbench--smartFilterBar-btnBasicSearch\")]"}
COMMAND: POST /session/0a56c8b3fe23980ff89a5571a3a07e32/elements - {"using":"xpath","value":"//input[contains(@id ,\"application-billingtransfer-display-component---billingWorkbench--smartFilterBar-btnBasicSearch\")]"}
RESULT: {"using":"xpath","value":"//input[contains(@id ,\"application-billingtransfer-display-component---billingWorkbench--smartFilterBar-btnBasicSearch\")]"}
COMMAND: POST /session/0a56c8b3fe23980ff89a5571a3a07e32/elements - {"using":"xpath","value":"//input[contains(@id ,\"application-billingtransfer-display-component---billingWorkbench--smartFilterBar-btnBasicSearch\")]"}
RESULT: {"using":"xpath","value":"//input[contains(@id ,\"application-billingtransfer-display-component---billingWorkbench--smartFilterBar-btnBasicSearch\")]"}
COMMAND: POST /session/0a56c8b3fe23980ff89a5571a3a07e32/elements - {"using":"xpath","value":"//input[contains(@id ,\"application-billingtransfer-display-component---billingWorkbench--smartFilterBar-btnBasicSearch\")]"}
RESULT: {"using":"xpath","value":"//input[contains(@id ,\"application-billingtransfer-display-component---billingWorkbench--smartFilterBar-btnBasicSearch\")]"}
COMMAND: POST /session/0a56c8b3fe23980ff89a5571a3a07e32/elements - {"using":"xpath","value":"//input[contains(@id ,\"application-billingtransfer-display-component---billingWorkbench--smartFilterBar-btnBasicSearch\")]"}
RESULT: {"using":"xpath","value":"//input[contains(@id ,\"application-billingtransfer-display-component---billingWorkbench--smartFilterBar-btnBasicSearch\")]"}
COMMAND: POST /session/0a56c8b3fe23980ff89a5571a3a07e32/elements - {"using":"xpath","value":"//input[contains(@id ,\"application-billingtransfer-display-component---billingWorkbench--smartFilterBar-btnBasicSearch\")]"}
RESULT: {"using":"xpath","value":"//input[contains(@id ,\"application-billingtransfer-display-component---billingWorkbench--smartFilterBar-btnBasicSearch\")]"}
COMMAND: POST /session/0a56c8b3fe23980ff89a5571a3a07e32/elements - {"using":"xpath","value":"//input[contains(@id ,\"application-billingtransfer-display-component---billingWorkbench--smartFilterBar-btnBasicSearch\")]"}
RESULT: {"using":"xpath","value":"//input[contains(@id ,\"application-billingtransfer-display-component---billingWorkbench--smartFilterBar-btnBasicSearch\")]"}
COMMAND: POST /session/0a56c8b3fe23980ff89a5571a3a07e32/elements - {"using":"xpath","value":"//input[contains(@id ,\"application-billingtransfer-display-component---billingWorkbench--smartFilterBar-btnBasicSearch\")]"}
RESULT: {"using":"xpath","value":"//input[contains(@id ,\"application-billingtransfer-display-component---billingWorkbench--smartFilterBar-btnBasicSearch\")]"}
COMMAND: POST /session/0a56c8b3fe23980ff89a5571a3a07e32/elements - {"using":"xpath","value":"//input[contains(@id ,\"application-billingtransfer-display-component---billingWorkbench--smartFilterBar-btnBasicSearch\")]"}
RESULT: {"using":"xpath","value":"//input[contains(@id ,\"application-billingtransfer-display-component---billingWorkbench--smartFilterBar-btnBasicSearch\")]"}
COMMAND: POST /session/0a56c8b3fe23980ff89a5571a3a07e32/elements - {"using":"xpath","value":"//input[contains(@id ,\"application-billingtransfer-display-component---billingWorkbench--smartFilterBar-btnBasicSearch\")]"}
RESULT: {"using":"xpath","value":"//input[contains(@id ,\"application-billingtransfer-display-component---billingWorkbench--smartFilterBar-btnBasicSearch\")]"}
COMMAND: POST /session/0a56c8b3fe23980ff89a5571a3a07e32/elements - {"using":"xpath","value":"//input[contains(@id ,\"application-billingtransfer-display-component---billingWorkbench--smartFilterBar-btnBasicSearch\")]"}
RESULT: {"using":"xpath","value":"//input[contains(@id ,\"application-billingtransfer-display-component---billingWorkbench--smartFilterBar-btnBasicSearch\")]"}
COMMAND: POST /session/0a56c8b3fe23980ff89a5571a3a07e32/elements - {"using":"xpath","value":"//input[contains(@id ,\"application-billingtransfer-display-component---billingWorkbench--smartFilterBar-btnBasicSearch\")]"}
RESULT: {"using":"xpath","value":"//input[contains(@id ,\"application-billingtransfer-display-component---billingWorkbench--smartFilterBar-btnBasicSearch\")]"}
COMMAND: POST /session/0a56c8b3fe23980ff89a5571a3a07e32/elements - {"using":"xpath","value":"//input[contains(@id ,\"application-billingtransfer-display-component---billingWorkbench--smartFilterBar-btnBasicSearch\")]"}
RESULT: {"using":"xpath","value":"//input[contains(@id ,\"application-billingtransfer-display-component---billingWorkbench--smartFilterBar-btnBasicSearch\")]"}
COMMAND: POST /session/0a56c8b3fe23980ff89a5571a3a07e32/elements - {"using":"xpath","value":"//input[contains(@id ,\"application-billingtransfer-display-component---billingWorkbench--smartFilterBar-btnBasicSearch\")]"}
RESULT: {"using":"xpath","value":"//input[contains(@id ,\"application-billingtransfer-display-component---billingWorkbench--smartFilterBar-btnBasicSearch\")]"}
COMMAND: POST /session/0a56c8b3fe23980ff89a5571a3a07e32/elements - {"using":"xpath","value":"//input[contains(@id ,\"application-billingtransfer-display-component---billingWorkbench--smartFilterBar-btnBasicSearch\")]"}
RESULT: {"using":"xpath","value":"//input[contains(@id ,\"application-billingtransfer-display-component---billingWorkbench--smartFilterBar-btnBasicSearch\")]"}
COMMAND: POST /session/0a56c8b3fe23980ff89a5571a3a07e32/elements - {"using":"xpath","value":"//input[contains(@id ,\"application-billingtransfer-display-component---billingWorkbench--smartFilterBar-btnBasicSearch\")]"}
RESULT: {"using":"xpath","value":"//input[contains(@id ,\"application-billingtransfer-display-component---billingWorkbench--smartFilterBar-btnBasicSearch\")]"}
COMMAND: POST /session/0a56c8b3fe23980ff89a5571a3a07e32/elements - {"using":"xpath","value":"//input[contains(@id ,\"application-billingtransfer-display-component---billingWorkbench--smartFilterBar-btnBasicSearch\")]"}
RESULT: {"using":"xpath","value":"//input[contains(@id ,\"application-billingtransfer-display-component---billingWorkbench--smartFilterBar-btnBasicSearch\")]"}
COMMAND: POST /session/0a56c8b3fe23980ff89a5571a3a07e32/elements - {"using":"xpath","value":"//input[contains(@id ,\"application-billingtransfer-display-component---billingWorkbench--smartFilterBar-btnBasicSearch\")]"}
RESULT: {"using":"xpath","value":"//input[contains(@id ,\"application-billingtransfer-display-component---billingWorkbench--smartFilterBar-btnBasicSearch\")]"}
COMMAND: POST /session/0a56c8b3fe23980ff89a5571a3a07e32/elements - {"using":"xpath","value":"//input[contains(@id ,\"application-billingtransfer-display-component---billingWorkbench--smartFilterBar-btnBasicSearch\")]"}
RESULT: {"using":"xpath","value":"//input[contains(@id ,\"application-billingtransfer-display-component---billingWorkbench--smartFilterBar-btnBasicSearch\")]"}
COMMAND: POST /session/0a56c8b3fe23980ff89a5571a3a07e32/elements - {"using":"xpath","value":"//input[contains(@id ,\"application-billingtransfer-display-component---billingWorkbench--smartFilterBar-btnBasicSearch\")]"}
RESULT: {"using":"xpath","value":"//input[contains(@id ,\"application-billingtransfer-display-component---billingWorkbench--smartFilterBar-btnBasicSearch\")]"}
COMMAND: POST /session/0a56c8b3fe23980ff89a5571a3a07e32/elements - {"using":"xpath","value":"//input[contains(@id ,\"application-billingtransfer-display-component---billingWorkbench--smartFilterBar-btnBasicSearch\")]"}
RESULT: {"using":"xpath","value":"//input[contains(@id ,\"application-billingtransfer-display-component---billingWorkbench--smartFilterBar-btnBasicSearch\")]"}
COMMAND: POST /session/0a56c8b3fe23980ff89a5571a3a07e32/elements - {"using":"xpath","value":"//input[contains(@id ,\"application-billingtransfer-display-component---billingWorkbench--smartFilterBar-btnBasicSearch\")]"}
RESULT: {"using":"xpath","value":"//input[contains(@id ,\"application-billingtransfer-display-component---billingWorkbench--smartFilterBar-btnBasicSearch\")]"}
COMMAND: POST /session/0a56c8b3fe23980ff89a5571a3a07e32/elements - {"using":"xpath","value":"//input[contains(@id ,\"application-billingtransfer-display-component---billingWorkbench--smartFilterBar-btnBasicSearch\")]"}
RESULT: {"using":"xpath","value":"//input[contains(@id ,\"application-billingtransfer-display-component---billingWorkbench--smartFilterBar-btnBasicSearch\")]"}
COMMAND: POST /session/0a56c8b3fe23980ff89a5571a3a07e32/elements - {"using":"xpath","value":"//input[contains(@id ,\"application-billingtransfer-display-component---billingWorkbench--smartFilterBar-btnBasicSearch\")]"}
RESULT: {"using":"xpath","value":"//input[contains(@id ,\"application-billingtransfer-display-component---billingWorkbench--smartFilterBar-btnBasicSearch\")]"}
COMMAND: POST /session/0a56c8b3fe23980ff89a5571a3a07e32/elements - {"using":"xpath","value":"//input[contains(@id ,\"application-billingtransfer-display-component---billingWorkbench--smartFilterBar-btnBasicSearch\")]"}
RESULT: {"using":"xpath","value":"//input[contains(@id ,\"application-billingtransfer-display-component---billingWorkbench--smartFilterBar-btnBasicSearch\")]"}
COMMAND: POST /session/0a56c8b3fe23980ff89a5571a3a07e32/elements - {"using":"xpath","value":"//input[contains(@id ,\"application-billingtransfer-display-component---billingWorkbench--smartFilterBar-btnBasicSearch\")]"}
RESULT: {"using":"xpath","value":"//input[contains(@id ,\"application-billingtransfer-display-component---billingWorkbench--smartFilterBar-btnBasicSearch\")]"}
COMMAND: POST /session/0a56c8b3fe23980ff89a5571a3a07e32/elements - {"using":"xpath","value":"//input[contains(@id ,\"application-billingtransfer-display-component---billingWorkbench--smartFilterBar-btnBasicSearch\")]"}
RESULT: {"using":"xpath","value":"//input[contains(@id ,\"application-billingtransfer-display-component---billingWorkbench--smartFilterBar-btnBasicSearch\")]"}
COMMAND: POST /session/0a56c8b3fe23980ff89a5571a3a07e32/elements - {"using":"xpath","value":"//input[contains(@id ,\"application-billingtransfer-display-component---billingWorkbench--smartFilterBar-btnBasicSearch\")]"}
RESULT: {"using":"xpath","value":"//input[contains(@id ,\"application-billingtransfer-display-component---billingWorkbench--smartFilterBar-btnBasicSearch\")]"}
COMMAND: POST /session/0a56c8b3fe23980ff89a5571a3a07e32/elements - {"using":"xpath","value":"//input[contains(@id ,\"application-billingtransfer-display-component---billingWorkbench--smartFilterBar-btnBasicSearch\")]"}
RESULT: {"using":"xpath","value":"//input[contains(@id ,\"application-billingtransfer-display-component---billingWorkbench--smartFilterBar-btnBasicSearch\")]"}
COMMAND: POST /session/0a56c8b3fe23980ff89a5571a3a07e32/elements - {"using":"xpath","value":"//input[contains(@id ,\"application-billingtransfer-display-component---billingWorkbench--smartFilterBar-btnBasicSearch\")]"}
RESULT: {"using":"xpath","value":"//input[contains(@id ,\"application-billingtransfer-display-component---billingWorkbench--smartFilterBar-btnBasicSearch\")]"}
COMMAND: POST /session/0a56c8b3fe23980ff89a5571a3a07e32/elements - {"using":"xpath","value":"//input[contains(@id ,\"application-billingtransfer-display-component---billingWorkbench--smartFilterBar-btnBasicSearch\")]"}
RESULT: {"using":"xpath","value":"//input[contains(@id ,\"application-billingtransfer-display-component---billingWorkbench--smartFilterBar-btnBasicSearch\")]"}
COMMAND: POST /session/0a56c8b3fe23980ff89a5571a3a07e32/elements - {"using":"xpath","value":"//input[contains(@id ,\"application-billingtransfer-display-component---billingWorkbench--smartFilterBar-btnBasicSearch\")]"}
RESULT: {"using":"xpath","value":"//input[contains(@id ,\"application-billingtransfer-display-component---billingWorkbench--smartFilterBar-btnBasicSearch\")]"}
COMMAND: POST /session/0a56c8b3fe23980ff89a5571a3a07e32/elements - {"using":"xpath","value":"//input[contains(@id ,\"application-billingtransfer-display-component---billingWorkbench--smartFilterBar-btnBasicSearch\")]"}
RESULT: {"using":"xpath","value":"//input[contains(@id ,\"application-billingtransfer-display-component---billingWorkbench--smartFilterBar-btnBasicSearch\")]"}
COMMAND: POST /session/0a56c8b3fe23980ff89a5571a3a07e32/elements - {"using":"xpath","value":"//input[contains(@id ,\"application-billingtransfer-display-component---billingWorkbench--smartFilterBar-btnBasicSearch\")]"}
RESULT: {"using":"xpath","value":"//input[contains(@id ,\"application-billingtransfer-display-component---billingWorkbench--smartFilterBar-btnBasicSearch\")]"}
COMMAND: POST /session/0a56c8b3fe23980ff89a5571a3a07e32/elements - {"using":"xpath","value":"//input[contains(@id ,\"application-billingtransfer-display-component---billingWorkbench--smartFilterBar-btnBasicSearch\")]"}
RESULT: {"using":"xpath","value":"//input[contains(@id ,\"application-billingtransfer-display-component---billingWorkbench--smartFilterBar-btnBasicSearch\")]"}
COMMAND: POST /session/0a56c8b3fe23980ff89a5571a3a07e32/elements - {"using":"xpath","value":"//input[contains(@id ,\"application-billingtransfer-display-component---billingWorkbench--smartFilterBar-btnBasicSearch\")]"}
RESULT: {"using":"xpath","value":"//input[contains(@id ,\"application-billingtransfer-display-component---billingWorkbench--smartFilterBar-btnBasicSearch\")]"}
COMMAND: POST /session/0a56c8b3fe23980ff89a5571a3a07e32/elements - {"using":"xpath","value":"//input[contains(@id ,\"application-billingtransfer-display-component---billingWorkbench--smartFilterBar-btnBasicSearch\")]"}
RESULT: {"using":"xpath","value":"//input[contains(@id ,\"application-billingtransfer-display-component---billingWorkbench--smartFilterBar-btnBasicSearch\")]"}
COMMAND: POST /session/0a56c8b3fe23980ff89a5571a3a07e32/elements - {"using":"xpath","value":"//input[contains(@id ,\"application-billingtransfer-display-component---billingWorkbench--smartFilterBar-btnBasicSearch\")]"}
RESULT: {"using":"xpath","value":"//input[contains(@id ,\"application-billingtransfer-display-component---billingWorkbench--smartFilterBar-btnBasicSearch\")]"}
COMMAND: POST /session/0a56c8b3fe23980ff89a5571a3a07e32/elements - {"using":"xpath","value":"//input[contains(@id ,\"application-billingtransfer-display-component---billingWorkbench--smartFilterBar-btnBasicSearch\")]"}
RESULT: {"using":"xpath","value":"//input[contains(@id ,\"application-billingtransfer-display-component---billingWorkbench--smartFilterBar-btnBasicSearch\")]"}
COMMAND: POST /session/0a56c8b3fe23980ff89a5571a3a07e32/elements - {"using":"xpath","value":"//input[contains(@id ,\"application-billingtransfer-display-component---billingWorkbench--smartFilterBar-btnBasicSearch\")]"}
RESULT: {"using":"xpath","value":"//input[contains(@id ,\"application-billingtransfer-display-component---billingWorkbench--smartFilterBar-btnBasicSearch\")]"}
COMMAND: POST /session/0a56c8b3fe23980ff89a5571a3a07e32/elements - {"using":"xpath","value":"//input[contains(@id ,\"application-billingtransfer-display-component---billingWorkbench--smartFilterBar-btnBasicSearch\")]"}
RESULT: {"using":"xpath","value":"//input[contains(@id ,\"application-billingtransfer-display-component---billingWorkbench--smartFilterBar-btnBasicSearch\")]"}
COMMAND: POST /session/0a56c8b3fe23980ff89a5571a3a07e32/elements - {"using":"xpath","value":"//input[contains(@id ,\"application-billingtransfer-display-component---billingWorkbench--smartFilterBar-btnBasicSearch\")]"}
RESULT: {"using":"xpath","value":"//input[contains(@id ,\"application-billingtransfer-display-component---billingWorkbench--smartFilterBar-btnBasicSearch\")]"}
COMMAND: POST /session/0a56c8b3fe23980ff89a5571a3a07e32/elements - {"using":"xpath","value":"//input[contains(@id ,\"application-billingtransfer-display-component---billingWorkbench--smartFilterBar-btnBasicSearch\")]"}
RESULT: {"using":"xpath","value":"//input[contains(@id ,\"application-billingtransfer-display-component---billingWorkbench--smartFilterBar-btnBasicSearch\")]"}
COMMAND: POST /session/0a56c8b3fe23980ff89a5571a3a07e32/elements - {"using":"xpath","value":"//input[contains(@id ,\"application-billingtransfer-display-component---billingWorkbench--smartFilterBar-btnBasicSearch\")]"}
RESULT: {"using":"xpath","value":"//input[contains(@id ,\"application-billingtransfer-display-component---billingWorkbench--smartFilterBar-btnBasicSearch\")]"}
COMMAND: POST /session/0a56c8b3fe23980ff89a5571a3a07e32/elements - {"using":"xpath","value":"//input[contains(@id ,\"application-billingtransfer-display-component---billingWorkbench--smartFilterBar-btnBasicSearch\")]"}
RESULT: {"using":"xpath","value":"//input[contains(@id ,\"application-billingtransfer-display-component---billingWorkbench--smartFilterBar-btnBasicSearch\")]"}
COMMAND: POST /session/0a56c8b3fe23980ff89a5571a3a07e32/elements - {"using":"xpath","value":"//input[contains(@id ,\"application-billingtransfer-display-component---billingWorkbench--smartFilterBar-btnBasicSearch\")]"}
RESULT: {"using":"xpath","value":"//input[contains(@id ,\"application-billingtransfer-display-component---billingWorkbench--smartFilterBar-btnBasicSearch\")]"}
COMMAND: POST /session/0a56c8b3fe23980ff89a5571a3a07e32/elements - {"using":"xpath","value":"//input[contains(@id ,\"application-billingtransfer-display-component---billingWorkbench--smartFilterBar-btnBasicSearch\")]"}
RESULT: {"using":"xpath","value":"//input[contains(@id ,\"application-billingtransfer-display-component---billingWorkbench--smartFilterBar-btnBasicSearch\")]"}
COMMAND: POST /session/0a56c8b3fe23980ff89a5571a3a07e32/elements - {"using":"xpath","value":"//input[contains(@id ,\"application-billingtransfer-display-component---billingWorkbench--smartFilterBar-btnBasicSearch\")]"}
RESULT: {"using":"xpath","value":"//input[contains(@id ,\"application-billingtransfer-display-component---billingWorkbench--smartFilterBar-btnBasicSearch\")]"}
COMMAND: POST /session/0a56c8b3fe23980ff89a5571a3a07e32/elements - {"using":"xpath","value":"//input[contains(@id ,\"application-billingtransfer-display-component---billingWorkbench--smartFilterBar-btnBasicSearch\")]"}
RESULT: {"using":"xpath","value":"//input[contains(@id ,\"application-billingtransfer-display-component---billingWorkbench--smartFilterBar-btnBasicSearch\")]"}
COMMAND: POST /session/0a56c8b3fe23980ff89a5571a3a07e32/elements - {"using":"xpath","value":"//input[contains(@id ,\"application-billingtransfer-display-component---billingWorkbench--smartFilterBar-btnBasicSearch\")]"}
RESULT: {"using":"xpath","value":"//input[contains(@id ,\"application-billingtransfer-display-component---billingWorkbench--smartFilterBar-btnBasicSearch\")]"}
COMMAND: POST /session/0a56c8b3fe23980ff89a5571a3a07e32/elements - {"using":"xpath","value":"//input[contains(@id ,\"application-billingtransfer-display-component---billingWorkbench--smartFilterBar-btnBasicSearch\")]"}
RESULT: {"using":"xpath","value":"//input[contains(@id ,\"application-billingtransfer-display-component---billingWorkbench--smartFilterBar-btnBasicSearch\")]"}
COMMAND: POST /session/0a56c8b3fe23980ff89a5571a3a07e32/elements - {"using":"xpath","value":"//input[contains(@id ,\"application-billingtransfer-display-component---billingWorkbench--smartFilterBar-btnBasicSearch\")]"}
RESULT: {"using":"xpath","value":"//input[contains(@id ,\"application-billingtransfer-display-component---billingWorkbench--smartFilterBar-btnBasicSearch\")]"}
COMMAND: POST /session/0a56c8b3fe23980ff89a5571a3a07e32/elements - {"using":"xpath","value":"//input[contains(@id ,\"application-billingtransfer-display-component---billingWorkbench--smartFilterBar-btnBasicSearch\")]"}
RESULT: {"using":"xpath","value":"//input[contains(@id ,\"application-billingtransfer-display-component---billingWorkbench--smartFilterBar-btnBasicSearch\")]"}
COMMAND: POST /session/0a56c8b3fe23980ff89a5571a3a07e32/elements - {"using":"xpath","value":"//input[contains(@id ,\"application-billingtransfer-display-component---billingWorkbench--smartFilterBar-btnBasicSearch\")]"}
RESULT: {"using":"xpath","value":"//input[contains(@id ,\"application-billingtransfer-display-component---billingWorkbench--smartFilterBar-btnBasicSearch\")]"}
COMMAND: POST /session/0a56c8b3fe23980ff89a5571a3a07e32/elements - {"using":"xpath","value":"//input[contains(@id ,\"application-billingtransfer-display-component---billingWorkbench--smartFilterBar-btnBasicSearch\")]"}
RESULT: {"using":"xpath","value":"//input[contains(@id ,\"application-billingtransfer-display-component---billingWorkbench--smartFilterBar-btnBasicSearch\")]"}
COMMAND: POST /session/0a56c8b3fe23980ff89a5571a3a07e32/elements - {"using":"xpath","value":"//input[contains(@id ,\"application-billingtransfer-display-component---billingWorkbench--smartFilterBar-btnBasicSearch\")]"}
RESULT: {"using":"xpath","value":"//input[contains(@id ,\"application-billingtransfer-display-component---billingWorkbench--smartFilterBar-btnBasicSearch\")]"}
COMMAND: POST /session/0a56c8b3fe23980ff89a5571a3a07e32/elements - {"using":"xpath","value":"//input[contains(@id ,\"application-billingtransfer-display-component---billingWorkbench--smartFilterBar-btnBasicSearch\")]"}
RESULT: {"using":"xpath","value":"//input[contains(@id ,\"application-billingtransfer-display-component---billingWorkbench--smartFilterBar-btnBasicSearch\")]"}
COMMAND: POST /session/0a56c8b3fe23980ff89a5571a3a07e32/elements - {"using":"xpath","value":"//input[contains(@id ,\"application-billingtransfer-display-component---billingWorkbench--smartFilterBar-btnBasicSearch\")]"}
RESULT: {"using":"xpath","value":"//input[contains(@id ,\"application-billingtransfer-display-component---billingWorkbench--smartFilterBar-btnBasicSearch\")]"}
COMMAND: POST /session/0a56c8b3fe23980ff89a5571a3a07e32/elements - {"using":"xpath","value":"//input[contains(@id ,\"application-billingtransfer-display-component---billingWorkbench--smartFilterBar-btnBasicSearch\")]"}
RESULT: {"using":"xpath","value":"//input[contains(@id ,\"application-billingtransfer-display-component---billingWorkbench--smartFilterBar-btnBasicSearch\")]"}
COMMAND: POST /session/0a56c8b3fe23980ff89a5571a3a07e32/elements - {"using":"xpath","value":"//input[contains(@id ,\"application-billingtransfer-display-component---billingWorkbench--smartFilterBar-btnBasicSearch\")]"}
RESULT: {"using":"xpath","value":"//input[contains(@id ,\"application-billingtransfer-display-component---billingWorkbench--smartFilterBar-btnBasicSearch\")]"}
COMMAND: POST /session/0a56c8b3fe23980ff89a5571a3a07e32/elements - {"using":"xpath","value":"//input[contains(@id ,\"application-billingtransfer-display-component---billingWorkbench--smartFilterBar-btnBasicSearch\")]"}
RESULT: {"using":"xpath","value":"//input[contains(@id ,\"application-billingtransfer-display-component---billingWorkbench--smartFilterBar-btnBasicSearch\")]"}
COMMAND: POST /session/0a56c8b3fe23980ff89a5571a3a07e32/elements - {"using":"xpath","value":"//input[contains(@id ,\"application-billingtransfer-display-component---billingWorkbench--smartFilterBar-btnBasicSearch\")]"}
RESULT: {"using":"xpath","value":"//input[contains(@id ,\"application-billingtransfer-display-component---billingWorkbench--smartFilterBar-btnBasicSearch\")]"}
COMMAND: POST /session/0a56c8b3fe23980ff89a5571a3a07e32/elements - {"using":"xpath","value":"//input[contains(@id ,\"application-billingtransfer-display-component---billingWorkbench--smartFilterBar-btnBasicSearch\")]"}
RESULT: {"using":"xpath","value":"//input[contains(@id ,\"application-billingtransfer-display-component---billingWorkbench--smartFilterBar-btnBasicSearch\")]"}
COMMAND: GET /session/0a56c8b3fe23980ff89a5571a3a07e32/screenshot - {}
RESULT: {}
]]></system-out>
      <system-err><![CDATA[
Error: element ("//input[contains(@id ,"application-billingtransfer-display-component---billingWorkbench--smartFilterBar-btnBasicSearch")]") still not existing after 45000ms
    at async UtilsPrerequisites.narrowDownSearchBT (D:\a\1\s\test\specs\BTS\prerequisites-and-utils-functions.js:2850:9)
    at async UtilsPrerequisites.billingTransfer (D:\a\1\s\test\specs\BTS\prerequisites-and-utils-functions.js:2775:9)
    at async Context.<anonymous> (D:\a\1\s\test\specs\BTS\billing-calculation-transp-times.spec.js:150:9)
]]></system-err>
    </testcase>
    <testcase classname="chrome.136_0_7103_93.windows.Billing_Calculation_-_Time_based_(considering_transport_times)_US139738" name="Should navigate to the contract item check the billed until field value" time="60.06">
      <failure/>
      <error message="element (&quot;//button[@data-kt=&quot;addButton&quot;]&quot;) still not existing after 45000ms"/>
      <system-out><![CDATA[
RESULT: undefined
COMMAND: POST /session/0a56c8b3fe23980ff89a5571a3a07e32/element - {"using":"xpath","value":"//*[@id=\"__tile131\"]"}
COMMAND: GET /session/0a56c8b3fe23980ff89a5571a3a07e32/screenshot - {}
RESULT: {"using":"xpath","value":"//*[@id=\"__tile131\"]"}
COMMAND: POST /session/0a56c8b3fe23980ff89a5571a3a07e32/element/f.8BC31031A8A77F81AA6DDAE562E569BF.d.B635543B615E2F377ED0D0E9132B8D47.e.19665/click - {}
RESULT: {}
COMMAND: POST /session/0a56c8b3fe23980ff89a5571a3a07e32/elements - {"using":"xpath","value":"//span[text()='Error']"}
RESULT: {"using":"xpath","value":"//span[text()='Error']"}
COMMAND: POST /session/0a56c8b3fe23980ff89a5571a3a07e32/element - {"using":"xpath","value":"//button[@data-kt=\"addButton\"]"}
RESULT: {"using":"xpath","value":"//button[@data-kt=\"addButton\"]"}
COMMAND: POST /session/0a56c8b3fe23980ff89a5571a3a07e32/elements - {"using":"xpath","value":"//button[@data-kt=\"addButton\"]"}
RESULT: {"using":"xpath","value":"//button[@data-kt=\"addButton\"]"}
COMMAND: POST /session/0a56c8b3fe23980ff89a5571a3a07e32/elements - {"using":"xpath","value":"//button[@data-kt=\"addButton\"]"}
RESULT: {"using":"xpath","value":"//button[@data-kt=\"addButton\"]"}
COMMAND: POST /session/0a56c8b3fe23980ff89a5571a3a07e32/elements - {"using":"xpath","value":"//button[@data-kt=\"addButton\"]"}
RESULT: {"using":"xpath","value":"//button[@data-kt=\"addButton\"]"}
COMMAND: POST /session/0a56c8b3fe23980ff89a5571a3a07e32/elements - {"using":"xpath","value":"//button[@data-kt=\"addButton\"]"}
RESULT: {"using":"xpath","value":"//button[@data-kt=\"addButton\"]"}
COMMAND: POST /session/0a56c8b3fe23980ff89a5571a3a07e32/elements - {"using":"xpath","value":"//button[@data-kt=\"addButton\"]"}
RESULT: {"using":"xpath","value":"//button[@data-kt=\"addButton\"]"}
COMMAND: POST /session/0a56c8b3fe23980ff89a5571a3a07e32/elements - {"using":"xpath","value":"//button[@data-kt=\"addButton\"]"}
RESULT: {"using":"xpath","value":"//button[@data-kt=\"addButton\"]"}
COMMAND: POST /session/0a56c8b3fe23980ff89a5571a3a07e32/elements - {"using":"xpath","value":"//button[@data-kt=\"addButton\"]"}
RESULT: {"using":"xpath","value":"//button[@data-kt=\"addButton\"]"}
COMMAND: POST /session/0a56c8b3fe23980ff89a5571a3a07e32/elements - {"using":"xpath","value":"//button[@data-kt=\"addButton\"]"}
RESULT: {"using":"xpath","value":"//button[@data-kt=\"addButton\"]"}
COMMAND: POST /session/0a56c8b3fe23980ff89a5571a3a07e32/elements - {"using":"xpath","value":"//button[@data-kt=\"addButton\"]"}
RESULT: {"using":"xpath","value":"//button[@data-kt=\"addButton\"]"}
COMMAND: POST /session/0a56c8b3fe23980ff89a5571a3a07e32/elements - {"using":"xpath","value":"//button[@data-kt=\"addButton\"]"}
RESULT: {"using":"xpath","value":"//button[@data-kt=\"addButton\"]"}
COMMAND: POST /session/0a56c8b3fe23980ff89a5571a3a07e32/elements - {"using":"xpath","value":"//button[@data-kt=\"addButton\"]"}
RESULT: {"using":"xpath","value":"//button[@data-kt=\"addButton\"]"}
COMMAND: POST /session/0a56c8b3fe23980ff89a5571a3a07e32/elements - {"using":"xpath","value":"//button[@data-kt=\"addButton\"]"}
RESULT: {"using":"xpath","value":"//button[@data-kt=\"addButton\"]"}
COMMAND: POST /session/0a56c8b3fe23980ff89a5571a3a07e32/elements - {"using":"xpath","value":"//button[@data-kt=\"addButton\"]"}
RESULT: {"using":"xpath","value":"//button[@data-kt=\"addButton\"]"}
COMMAND: POST /session/0a56c8b3fe23980ff89a5571a3a07e32/elements - {"using":"xpath","value":"//button[@data-kt=\"addButton\"]"}
RESULT: {"using":"xpath","value":"//button[@data-kt=\"addButton\"]"}
COMMAND: POST /session/0a56c8b3fe23980ff89a5571a3a07e32/elements - {"using":"xpath","value":"//button[@data-kt=\"addButton\"]"}
RESULT: {"using":"xpath","value":"//button[@data-kt=\"addButton\"]"}
COMMAND: POST /session/0a56c8b3fe23980ff89a5571a3a07e32/elements - {"using":"xpath","value":"//button[@data-kt=\"addButton\"]"}
RESULT: {"using":"xpath","value":"//button[@data-kt=\"addButton\"]"}
COMMAND: POST /session/0a56c8b3fe23980ff89a5571a3a07e32/elements - {"using":"xpath","value":"//button[@data-kt=\"addButton\"]"}
RESULT: {"using":"xpath","value":"//button[@data-kt=\"addButton\"]"}
COMMAND: POST /session/0a56c8b3fe23980ff89a5571a3a07e32/elements - {"using":"xpath","value":"//button[@data-kt=\"addButton\"]"}
RESULT: {"using":"xpath","value":"//button[@data-kt=\"addButton\"]"}
COMMAND: POST /session/0a56c8b3fe23980ff89a5571a3a07e32/elements - {"using":"xpath","value":"//button[@data-kt=\"addButton\"]"}
RESULT: {"using":"xpath","value":"//button[@data-kt=\"addButton\"]"}
COMMAND: POST /session/0a56c8b3fe23980ff89a5571a3a07e32/elements - {"using":"xpath","value":"//button[@data-kt=\"addButton\"]"}
RESULT: {"using":"xpath","value":"//button[@data-kt=\"addButton\"]"}
COMMAND: POST /session/0a56c8b3fe23980ff89a5571a3a07e32/elements - {"using":"xpath","value":"//button[@data-kt=\"addButton\"]"}
RESULT: {"using":"xpath","value":"//button[@data-kt=\"addButton\"]"}
COMMAND: POST /session/0a56c8b3fe23980ff89a5571a3a07e32/elements - {"using":"xpath","value":"//button[@data-kt=\"addButton\"]"}
RESULT: {"using":"xpath","value":"//button[@data-kt=\"addButton\"]"}
COMMAND: POST /session/0a56c8b3fe23980ff89a5571a3a07e32/elements - {"using":"xpath","value":"//button[@data-kt=\"addButton\"]"}
RESULT: {"using":"xpath","value":"//button[@data-kt=\"addButton\"]"}
COMMAND: POST /session/0a56c8b3fe23980ff89a5571a3a07e32/elements - {"using":"xpath","value":"//button[@data-kt=\"addButton\"]"}
RESULT: {"using":"xpath","value":"//button[@data-kt=\"addButton\"]"}
COMMAND: POST /session/0a56c8b3fe23980ff89a5571a3a07e32/elements - {"using":"xpath","value":"//button[@data-kt=\"addButton\"]"}
RESULT: {"using":"xpath","value":"//button[@data-kt=\"addButton\"]"}
COMMAND: POST /session/0a56c8b3fe23980ff89a5571a3a07e32/elements - {"using":"xpath","value":"//button[@data-kt=\"addButton\"]"}
RESULT: {"using":"xpath","value":"//button[@data-kt=\"addButton\"]"}
COMMAND: POST /session/0a56c8b3fe23980ff89a5571a3a07e32/elements - {"using":"xpath","value":"//button[@data-kt=\"addButton\"]"}
RESULT: {"using":"xpath","value":"//button[@data-kt=\"addButton\"]"}
COMMAND: POST /session/0a56c8b3fe23980ff89a5571a3a07e32/elements - {"using":"xpath","value":"//button[@data-kt=\"addButton\"]"}
RESULT: {"using":"xpath","value":"//button[@data-kt=\"addButton\"]"}
COMMAND: POST /session/0a56c8b3fe23980ff89a5571a3a07e32/elements - {"using":"xpath","value":"//button[@data-kt=\"addButton\"]"}
RESULT: {"using":"xpath","value":"//button[@data-kt=\"addButton\"]"}
COMMAND: POST /session/0a56c8b3fe23980ff89a5571a3a07e32/elements - {"using":"xpath","value":"//button[@data-kt=\"addButton\"]"}
RESULT: {"using":"xpath","value":"//button[@data-kt=\"addButton\"]"}
COMMAND: POST /session/0a56c8b3fe23980ff89a5571a3a07e32/elements - {"using":"xpath","value":"//button[@data-kt=\"addButton\"]"}
RESULT: {"using":"xpath","value":"//button[@data-kt=\"addButton\"]"}
COMMAND: POST /session/0a56c8b3fe23980ff89a5571a3a07e32/elements - {"using":"xpath","value":"//button[@data-kt=\"addButton\"]"}
RESULT: {"using":"xpath","value":"//button[@data-kt=\"addButton\"]"}
COMMAND: POST /session/0a56c8b3fe23980ff89a5571a3a07e32/elements - {"using":"xpath","value":"//button[@data-kt=\"addButton\"]"}
RESULT: {"using":"xpath","value":"//button[@data-kt=\"addButton\"]"}
COMMAND: POST /session/0a56c8b3fe23980ff89a5571a3a07e32/elements - {"using":"xpath","value":"//button[@data-kt=\"addButton\"]"}
RESULT: {"using":"xpath","value":"//button[@data-kt=\"addButton\"]"}
COMMAND: POST /session/0a56c8b3fe23980ff89a5571a3a07e32/elements - {"using":"xpath","value":"//button[@data-kt=\"addButton\"]"}
RESULT: {"using":"xpath","value":"//button[@data-kt=\"addButton\"]"}
COMMAND: POST /session/0a56c8b3fe23980ff89a5571a3a07e32/elements - {"using":"xpath","value":"//button[@data-kt=\"addButton\"]"}
RESULT: {"using":"xpath","value":"//button[@data-kt=\"addButton\"]"}
COMMAND: POST /session/0a56c8b3fe23980ff89a5571a3a07e32/elements - {"using":"xpath","value":"//button[@data-kt=\"addButton\"]"}
RESULT: {"using":"xpath","value":"//button[@data-kt=\"addButton\"]"}
COMMAND: POST /session/0a56c8b3fe23980ff89a5571a3a07e32/elements - {"using":"xpath","value":"//button[@data-kt=\"addButton\"]"}
RESULT: {"using":"xpath","value":"//button[@data-kt=\"addButton\"]"}
COMMAND: POST /session/0a56c8b3fe23980ff89a5571a3a07e32/elements - {"using":"xpath","value":"//button[@data-kt=\"addButton\"]"}
RESULT: {"using":"xpath","value":"//button[@data-kt=\"addButton\"]"}
COMMAND: POST /session/0a56c8b3fe23980ff89a5571a3a07e32/elements - {"using":"xpath","value":"//button[@data-kt=\"addButton\"]"}
RESULT: {"using":"xpath","value":"//button[@data-kt=\"addButton\"]"}
COMMAND: POST /session/0a56c8b3fe23980ff89a5571a3a07e32/elements - {"using":"xpath","value":"//button[@data-kt=\"addButton\"]"}
RESULT: {"using":"xpath","value":"//button[@data-kt=\"addButton\"]"}
COMMAND: POST /session/0a56c8b3fe23980ff89a5571a3a07e32/elements - {"using":"xpath","value":"//button[@data-kt=\"addButton\"]"}
RESULT: {"using":"xpath","value":"//button[@data-kt=\"addButton\"]"}
COMMAND: POST /session/0a56c8b3fe23980ff89a5571a3a07e32/elements - {"using":"xpath","value":"//button[@data-kt=\"addButton\"]"}
RESULT: {"using":"xpath","value":"//button[@data-kt=\"addButton\"]"}
COMMAND: POST /session/0a56c8b3fe23980ff89a5571a3a07e32/elements - {"using":"xpath","value":"//button[@data-kt=\"addButton\"]"}
RESULT: {"using":"xpath","value":"//button[@data-kt=\"addButton\"]"}
COMMAND: POST /session/0a56c8b3fe23980ff89a5571a3a07e32/elements - {"using":"xpath","value":"//button[@data-kt=\"addButton\"]"}
RESULT: {"using":"xpath","value":"//button[@data-kt=\"addButton\"]"}
COMMAND: POST /session/0a56c8b3fe23980ff89a5571a3a07e32/elements - {"using":"xpath","value":"//button[@data-kt=\"addButton\"]"}
RESULT: {"using":"xpath","value":"//button[@data-kt=\"addButton\"]"}
COMMAND: POST /session/0a56c8b3fe23980ff89a5571a3a07e32/elements - {"using":"xpath","value":"//button[@data-kt=\"addButton\"]"}
RESULT: {"using":"xpath","value":"//button[@data-kt=\"addButton\"]"}
COMMAND: POST /session/0a56c8b3fe23980ff89a5571a3a07e32/elements - {"using":"xpath","value":"//button[@data-kt=\"addButton\"]"}
RESULT: {"using":"xpath","value":"//button[@data-kt=\"addButton\"]"}
COMMAND: POST /session/0a56c8b3fe23980ff89a5571a3a07e32/elements - {"using":"xpath","value":"//button[@data-kt=\"addButton\"]"}
RESULT: {"using":"xpath","value":"//button[@data-kt=\"addButton\"]"}
COMMAND: POST /session/0a56c8b3fe23980ff89a5571a3a07e32/elements - {"using":"xpath","value":"//button[@data-kt=\"addButton\"]"}
RESULT: {"using":"xpath","value":"//button[@data-kt=\"addButton\"]"}
COMMAND: POST /session/0a56c8b3fe23980ff89a5571a3a07e32/elements - {"using":"xpath","value":"//button[@data-kt=\"addButton\"]"}
RESULT: {"using":"xpath","value":"//button[@data-kt=\"addButton\"]"}
COMMAND: POST /session/0a56c8b3fe23980ff89a5571a3a07e32/elements - {"using":"xpath","value":"//button[@data-kt=\"addButton\"]"}
RESULT: {"using":"xpath","value":"//button[@data-kt=\"addButton\"]"}
COMMAND: POST /session/0a56c8b3fe23980ff89a5571a3a07e32/elements - {"using":"xpath","value":"//button[@data-kt=\"addButton\"]"}
RESULT: {"using":"xpath","value":"//button[@data-kt=\"addButton\"]"}
COMMAND: POST /session/0a56c8b3fe23980ff89a5571a3a07e32/elements - {"using":"xpath","value":"//button[@data-kt=\"addButton\"]"}
RESULT: {"using":"xpath","value":"//button[@data-kt=\"addButton\"]"}
COMMAND: POST /session/0a56c8b3fe23980ff89a5571a3a07e32/elements - {"using":"xpath","value":"//button[@data-kt=\"addButton\"]"}
RESULT: {"using":"xpath","value":"//button[@data-kt=\"addButton\"]"}
COMMAND: POST /session/0a56c8b3fe23980ff89a5571a3a07e32/elements - {"using":"xpath","value":"//button[@data-kt=\"addButton\"]"}
RESULT: {"using":"xpath","value":"//button[@data-kt=\"addButton\"]"}
COMMAND: POST /session/0a56c8b3fe23980ff89a5571a3a07e32/elements - {"using":"xpath","value":"//button[@data-kt=\"addButton\"]"}
RESULT: {"using":"xpath","value":"//button[@data-kt=\"addButton\"]"}
COMMAND: POST /session/0a56c8b3fe23980ff89a5571a3a07e32/elements - {"using":"xpath","value":"//button[@data-kt=\"addButton\"]"}
RESULT: {"using":"xpath","value":"//button[@data-kt=\"addButton\"]"}
COMMAND: POST /session/0a56c8b3fe23980ff89a5571a3a07e32/elements - {"using":"xpath","value":"//button[@data-kt=\"addButton\"]"}
RESULT: {"using":"xpath","value":"//button[@data-kt=\"addButton\"]"}
COMMAND: POST /session/0a56c8b3fe23980ff89a5571a3a07e32/elements - {"using":"xpath","value":"//button[@data-kt=\"addButton\"]"}
RESULT: {"using":"xpath","value":"//button[@data-kt=\"addButton\"]"}
COMMAND: POST /session/0a56c8b3fe23980ff89a5571a3a07e32/elements - {"using":"xpath","value":"//button[@data-kt=\"addButton\"]"}
RESULT: {"using":"xpath","value":"//button[@data-kt=\"addButton\"]"}
COMMAND: POST /session/0a56c8b3fe23980ff89a5571a3a07e32/elements - {"using":"xpath","value":"//button[@data-kt=\"addButton\"]"}
RESULT: {"using":"xpath","value":"//button[@data-kt=\"addButton\"]"}
COMMAND: POST /session/0a56c8b3fe23980ff89a5571a3a07e32/elements - {"using":"xpath","value":"//button[@data-kt=\"addButton\"]"}
RESULT: {"using":"xpath","value":"//button[@data-kt=\"addButton\"]"}
COMMAND: POST /session/0a56c8b3fe23980ff89a5571a3a07e32/elements - {"using":"xpath","value":"//button[@data-kt=\"addButton\"]"}
RESULT: {"using":"xpath","value":"//button[@data-kt=\"addButton\"]"}
COMMAND: POST /session/0a56c8b3fe23980ff89a5571a3a07e32/elements - {"using":"xpath","value":"//button[@data-kt=\"addButton\"]"}
RESULT: {"using":"xpath","value":"//button[@data-kt=\"addButton\"]"}
COMMAND: POST /session/0a56c8b3fe23980ff89a5571a3a07e32/elements - {"using":"xpath","value":"//button[@data-kt=\"addButton\"]"}
RESULT: {"using":"xpath","value":"//button[@data-kt=\"addButton\"]"}
COMMAND: POST /session/0a56c8b3fe23980ff89a5571a3a07e32/elements - {"using":"xpath","value":"//button[@data-kt=\"addButton\"]"}
RESULT: {"using":"xpath","value":"//button[@data-kt=\"addButton\"]"}
COMMAND: POST /session/0a56c8b3fe23980ff89a5571a3a07e32/elements - {"using":"xpath","value":"//button[@data-kt=\"addButton\"]"}
RESULT: {"using":"xpath","value":"//button[@data-kt=\"addButton\"]"}
COMMAND: POST /session/0a56c8b3fe23980ff89a5571a3a07e32/elements - {"using":"xpath","value":"//button[@data-kt=\"addButton\"]"}
RESULT: {"using":"xpath","value":"//button[@data-kt=\"addButton\"]"}
COMMAND: POST /session/0a56c8b3fe23980ff89a5571a3a07e32/elements - {"using":"xpath","value":"//button[@data-kt=\"addButton\"]"}
RESULT: {"using":"xpath","value":"//button[@data-kt=\"addButton\"]"}
COMMAND: POST /session/0a56c8b3fe23980ff89a5571a3a07e32/elements - {"using":"xpath","value":"//button[@data-kt=\"addButton\"]"}
RESULT: {"using":"xpath","value":"//button[@data-kt=\"addButton\"]"}
COMMAND: POST /session/0a56c8b3fe23980ff89a5571a3a07e32/elements - {"using":"xpath","value":"//button[@data-kt=\"addButton\"]"}
RESULT: {"using":"xpath","value":"//button[@data-kt=\"addButton\"]"}
COMMAND: POST /session/0a56c8b3fe23980ff89a5571a3a07e32/elements - {"using":"xpath","value":"//button[@data-kt=\"addButton\"]"}
RESULT: {"using":"xpath","value":"//button[@data-kt=\"addButton\"]"}
COMMAND: POST /session/0a56c8b3fe23980ff89a5571a3a07e32/elements - {"using":"xpath","value":"//button[@data-kt=\"addButton\"]"}
RESULT: {"using":"xpath","value":"//button[@data-kt=\"addButton\"]"}
COMMAND: POST /session/0a56c8b3fe23980ff89a5571a3a07e32/elements - {"using":"xpath","value":"//button[@data-kt=\"addButton\"]"}
RESULT: {"using":"xpath","value":"//button[@data-kt=\"addButton\"]"}
COMMAND: POST /session/0a56c8b3fe23980ff89a5571a3a07e32/elements - {"using":"xpath","value":"//button[@data-kt=\"addButton\"]"}
RESULT: {"using":"xpath","value":"//button[@data-kt=\"addButton\"]"}
COMMAND: POST /session/0a56c8b3fe23980ff89a5571a3a07e32/elements - {"using":"xpath","value":"//button[@data-kt=\"addButton\"]"}
RESULT: {"using":"xpath","value":"//button[@data-kt=\"addButton\"]"}
COMMAND: POST /session/0a56c8b3fe23980ff89a5571a3a07e32/elements - {"using":"xpath","value":"//button[@data-kt=\"addButton\"]"}
RESULT: {"using":"xpath","value":"//button[@data-kt=\"addButton\"]"}
COMMAND: POST /session/0a56c8b3fe23980ff89a5571a3a07e32/elements - {"using":"xpath","value":"//button[@data-kt=\"addButton\"]"}
RESULT: {"using":"xpath","value":"//button[@data-kt=\"addButton\"]"}
COMMAND: POST /session/0a56c8b3fe23980ff89a5571a3a07e32/elements - {"using":"xpath","value":"//button[@data-kt=\"addButton\"]"}
RESULT: {"using":"xpath","value":"//button[@data-kt=\"addButton\"]"}
COMMAND: POST /session/0a56c8b3fe23980ff89a5571a3a07e32/elements - {"using":"xpath","value":"//button[@data-kt=\"addButton\"]"}
RESULT: {"using":"xpath","value":"//button[@data-kt=\"addButton\"]"}
COMMAND: POST /session/0a56c8b3fe23980ff89a5571a3a07e32/elements - {"using":"xpath","value":"//button[@data-kt=\"addButton\"]"}
RESULT: {"using":"xpath","value":"//button[@data-kt=\"addButton\"]"}
COMMAND: POST /session/0a56c8b3fe23980ff89a5571a3a07e32/elements - {"using":"xpath","value":"//button[@data-kt=\"addButton\"]"}
RESULT: {"using":"xpath","value":"//button[@data-kt=\"addButton\"]"}
COMMAND: POST /session/0a56c8b3fe23980ff89a5571a3a07e32/elements - {"using":"xpath","value":"//button[@data-kt=\"addButton\"]"}
RESULT: {"using":"xpath","value":"//button[@data-kt=\"addButton\"]"}
COMMAND: POST /session/0a56c8b3fe23980ff89a5571a3a07e32/elements - {"using":"xpath","value":"//button[@data-kt=\"addButton\"]"}
RESULT: {"using":"xpath","value":"//button[@data-kt=\"addButton\"]"}
COMMAND: POST /session/0a56c8b3fe23980ff89a5571a3a07e32/elements - {"using":"xpath","value":"//button[@data-kt=\"addButton\"]"}
RESULT: {"using":"xpath","value":"//button[@data-kt=\"addButton\"]"}
COMMAND: POST /session/0a56c8b3fe23980ff89a5571a3a07e32/elements - {"using":"xpath","value":"//button[@data-kt=\"addButton\"]"}
RESULT: {"using":"xpath","value":"//button[@data-kt=\"addButton\"]"}
COMMAND: POST /session/0a56c8b3fe23980ff89a5571a3a07e32/elements - {"using":"xpath","value":"//button[@data-kt=\"addButton\"]"}
RESULT: {"using":"xpath","value":"//button[@data-kt=\"addButton\"]"}
COMMAND: POST /session/0a56c8b3fe23980ff89a5571a3a07e32/elements - {"using":"xpath","value":"//button[@data-kt=\"addButton\"]"}
RESULT: {"using":"xpath","value":"//button[@data-kt=\"addButton\"]"}
COMMAND: POST /session/0a56c8b3fe23980ff89a5571a3a07e32/elements - {"using":"xpath","value":"//button[@data-kt=\"addButton\"]"}
RESULT: {"using":"xpath","value":"//button[@data-kt=\"addButton\"]"}
COMMAND: GET /session/0a56c8b3fe23980ff89a5571a3a07e32/screenshot - {}
RESULT: {}
COMMAND: GET /session/0a56c8b3fe23980ff89a5571a3a07e32/screenshot - {}
COMMAND: GET /session/0a56c8b3fe23980ff89a5571a3a07e32/screenshot - {}
RESULT: {}
RESULT: {}
COMMAND: DELETE /session/0a56c8b3fe23980ff89a5571a3a07e32 - {}
RESULT: {}
]]></system-out>
      <system-err><![CDATA[
Error: element ("//button[@data-kt="addButton"]") still not existing after 45000ms
    at async UtilsPrerequisites.checkBilledUntilDate (D:\a\1\s\test\specs\BTS\prerequisites-and-utils-functions.js:2313:9)
    at async Context.<anonymous> (D:\a\1\s\test\specs\BTS\billing-calculation-transp-times.spec.js:161:9)
]]></system-err>
    </testcase>
  </testsuite>
</testsuites>