<?xml version="1.0" encoding="UTF-8"?>
<testsuites tests="49" failures="0" errors="0" skipped="0">
  <testsuite timestamp="2025-05-02T15:12:36" time="1585.901" tests="49" failures="0" errors="0" skipped="0">
    <properties>
      <property name="specId" value="0" />
      <property name="suiteName" value="Sanity Tests US104253" />
      <property name="capabilities" value="chrome.135_0_7049_96.windows" />
      <property name="file" value="file:///D:/a/1/s/test/specs/General/sanity.spec.js" />
    </properties>
    <testcase classname="chrome.135_0_7049_96.windows.Sanity_Tests_US104253" name="Should open Manage Partners page" time="30.186">
      <system-out><![CDATA[
COMMAND: POST /session/a559204827f2d9c91dd80774e023d306/execute/async - {"script":"<script> [1562 bytes]","args":[{"selector":{"controlType":"sap.m.GenericTile","properties":{"header":"Manage Partners"}},"wdio_ui5_key":"sapm.GenericTile{\"header\":\"Manage Partners\"}"}]}
RESULT: {"script":"<script> [1562 bytes]","args":[{"selector":{"controlType":"sap.m.GenericTile","properties":{"header":"Manage Partners"}},"wdio_ui5_key":"sapm.GenericTile{\"header\":\"Manage Partners\"}"}]}
RESULT: undefined
COMMAND: POST /session/a559204827f2d9c91dd80774e023d306/element - {"using":"xpath","value":"//*[@id=\"__tile38\"]"}
RESULT: {"using":"xpath","value":"//*[@id=\"__tile38\"]"}
COMMAND: POST /session/a559204827f2d9c91dd80774e023d306/element/f.DBBE0EFB5DADFE624B5D75D11B272D0E.d.6BE903B2C3A7666DF57E452A003B28A2.e.115/click - {}
RESULT: {}
COMMAND: GET /session/a559204827f2d9c91dd80774e023d306/screenshot - {}
RESULT: {}
RESULT: undefined
COMMAND: POST /session/a559204827f2d9c91dd80774e023d306/element - {"using":"xpath","value":"//*[@id=\"__tile38\"]"}
RESULT: {"using":"xpath","value":"//*[@id=\"__tile38\"]"}
COMMAND: POST /session/a559204827f2d9c91dd80774e023d306/element/f.DBBE0EFB5DADFE624B5D75D11B272D0E.d.6BE903B2C3A7666DF57E452A003B28A2.e.115/click - {}
RESULT: undefined
COMMAND: POST /session/a559204827f2d9c91dd80774e023d306/element - {"using":"xpath","value":"//*[@id=\"__tile38\"]"}
RESULT: {"using":"xpath","value":"//*[@id=\"__tile38\"]"}
COMMAND: POST /session/a559204827f2d9c91dd80774e023d306/element/f.DBBE0EFB5DADFE624B5D75D11B272D0E.d.6BE903B2C3A7666DF57E452A003B28A2.e.115/click - {}
COMMAND: POST /session/a559204827f2d9c91dd80774e023d306/execute/async - {"script":"<script> [1562 bytes]","args":[{"selector":{"id":"shellAppTitle"},"wdio_ui5_key":"shellAppTitle"}]}
RESULT: {"script":"<script> [1562 bytes]","args":[{"selector":{"id":"shellAppTitle"},"wdio_ui5_key":"shellAppTitle"}]}
RESULT: undefined
COMMAND: POST /session/a559204827f2d9c91dd80774e023d306/execute/async - {"script":"<script> [6424 bytes]","args":[{"element-6066-11e4-a52e-4f735466cecf":"f.DBBE0EFB5DADFE624B5D75D11B272D0E.d.6BE903B2C3A7666DF57E452A003B28A2.e.288"},"getTitle",[]]}
RESULT: {"script":"<script> [6424 bytes]","args":[{"element-6066-11e4-a52e-4f735466cecf":"f.DBBE0EFB5DADFE624B5D75D11B272D0E.d.6BE903B2C3A7666DF57E452A003B28A2.e.288"},"getTitle",[]]}
COMMAND: POST /session/a559204827f2d9c91dd80774e023d306/execute/async - {"script":"<script> [1562 bytes]","args":[{"selector":{"id":"backBtn"},"wdio_ui5_key":"backBtn"}]}
RESULT: {"script":"<script> [1562 bytes]","args":[{"selector":{"id":"backBtn"},"wdio_ui5_key":"backBtn"}]}
RESULT: undefined
COMMAND: POST /session/a559204827f2d9c91dd80774e023d306/element - {"using":"xpath","value":"//*[@id=\"backBtn\"]"}
RESULT: {"using":"xpath","value":"//*[@id=\"backBtn\"]"}
COMMAND: POST /session/a559204827f2d9c91dd80774e023d306/element/f.DBBE0EFB5DADFE624B5D75D11B272D0E.d.6BE903B2C3A7666DF57E452A003B28A2.e.289/click - {}
RESULT: {}
COMMAND: GET /session/a559204827f2d9c91dd80774e023d306/screenshot - {}
RESULT: {}
]]></system-out>
    </testcase>
    <testcase classname="chrome.135_0_7049_96.windows.Sanity_Tests_US104253" name="Should open Manage Sites page" time="30.582">
      <system-out><![CDATA[
COMMAND: POST /session/a559204827f2d9c91dd80774e023d306/execute/async - {"script":"<script> [1562 bytes]","args":[{"selector":{"controlType":"sap.m.GenericTile","properties":{"header":"Manage Sites"}},"wdio_ui5_key":"sapm.GenericTile{\"header\":\"Manage Sites\"}"}]}
RESULT: {"script":"<script> [1562 bytes]","args":[{"selector":{"controlType":"sap.m.GenericTile","properties":{"header":"Manage Sites"}},"wdio_ui5_key":"sapm.GenericTile{\"header\":\"Manage Sites\"}"}]}
RESULT: undefined
COMMAND: POST /session/a559204827f2d9c91dd80774e023d306/element - {"using":"xpath","value":"//*[@id=\"__tile40\"]"}
RESULT: {"using":"xpath","value":"//*[@id=\"__tile40\"]"}
COMMAND: POST /session/a559204827f2d9c91dd80774e023d306/element/f.DBBE0EFB5DADFE624B5D75D11B272D0E.d.6BE903B2C3A7666DF57E452A003B28A2.e.291/click - {}
RESULT: {}
COMMAND: GET /session/a559204827f2d9c91dd80774e023d306/screenshot - {}
RESULT: {}
RESULT: undefined
COMMAND: POST /session/a559204827f2d9c91dd80774e023d306/element - {"using":"xpath","value":"//*[@id=\"__tile40\"]"}
RESULT: {"using":"xpath","value":"//*[@id=\"__tile40\"]"}
COMMAND: POST /session/a559204827f2d9c91dd80774e023d306/element/f.DBBE0EFB5DADFE624B5D75D11B272D0E.d.6BE903B2C3A7666DF57E452A003B28A2.e.291/click - {}
RESULT: undefined
COMMAND: POST /session/a559204827f2d9c91dd80774e023d306/element - {"using":"xpath","value":"//*[@id=\"__tile40\"]"}
RESULT: {"using":"xpath","value":"//*[@id=\"__tile40\"]"}
COMMAND: POST /session/a559204827f2d9c91dd80774e023d306/element/f.DBBE0EFB5DADFE624B5D75D11B272D0E.d.6BE903B2C3A7666DF57E452A003B28A2.e.291/click - {}
RESULT: undefined
COMMAND: POST /session/a559204827f2d9c91dd80774e023d306/execute/async - {"script":"<script> [6424 bytes]","args":[{"element-6066-11e4-a52e-4f735466cecf":"f.DBBE0EFB5DADFE624B5D75D11B272D0E.d.6BE903B2C3A7666DF57E452A003B28A2.e.288"},"getTitle",[]]}
COMMAND: POST /session/a559204827f2d9c91dd80774e023d306/execute/async - {"script":"<script> [1562 bytes]","args":[{"selector":{"id":"shellAppTitle"},"wdio_ui5_key":"shellAppTitle"}]}
RESULT: {"script":"<script> [1562 bytes]","args":[{"selector":{"id":"shellAppTitle"},"wdio_ui5_key":"shellAppTitle"}]}
COMMAND: POST /session/a559204827f2d9c91dd80774e023d306/execute/async - {"script":"<script> [6424 bytes]","args":[{"element-6066-11e4-a52e-4f735466cecf":"f.DBBE0EFB5DADFE624B5D75D11B272D0E.d.6BE903B2C3A7666DF57E452A003B28A2.e.473"},"getTitle",[]]}
RESULT: {"script":"<script> [6424 bytes]","args":[{"element-6066-11e4-a52e-4f735466cecf":"f.DBBE0EFB5DADFE624B5D75D11B272D0E.d.6BE903B2C3A7666DF57E452A003B28A2.e.473"},"getTitle",[]]}
RESULT: undefined
COMMAND: POST /session/a559204827f2d9c91dd80774e023d306/element/f.DBBE0EFB5DADFE624B5D75D11B272D0E.d.6BE903B2C3A7666DF57E452A003B28A2.e.289/click - {}
RESULT: {}
COMMAND: GET /session/a559204827f2d9c91dd80774e023d306/screenshot - {}
RESULT: {}
]]></system-out>
    </testcase>
    <testcase classname="chrome.135_0_7049_96.windows.Sanity_Tests_US104253" name="Should open Manage Resources page" time="29.783">
      <system-out><![CDATA[
COMMAND: POST /session/a559204827f2d9c91dd80774e023d306/execute/async - {"script":"<script> [1562 bytes]","args":[{"selector":{"controlType":"sap.m.GenericTile","properties":{"header":"Manage Resources"}},"wdio_ui5_key":"sapm.GenericTile{\"header\":\"Manage Resources\"}"}]}
RESULT: {"script":"<script> [1562 bytes]","args":[{"selector":{"controlType":"sap.m.GenericTile","properties":{"header":"Manage Resources"}},"wdio_ui5_key":"sapm.GenericTile{\"header\":\"Manage Resources\"}"}]}
RESULT: undefined
COMMAND: POST /session/a559204827f2d9c91dd80774e023d306/element - {"using":"xpath","value":"//*[@id=\"__tile39\"]"}
RESULT: {"using":"xpath","value":"//*[@id=\"__tile39\"]"}
COMMAND: POST /session/a559204827f2d9c91dd80774e023d306/element/f.DBBE0EFB5DADFE624B5D75D11B272D0E.d.6BE903B2C3A7666DF57E452A003B28A2.e.475/click - {}
RESULT: {}
COMMAND: GET /session/a559204827f2d9c91dd80774e023d306/screenshot - {}
RESULT: {}
RESULT: undefined
COMMAND: POST /session/a559204827f2d9c91dd80774e023d306/element - {"using":"xpath","value":"//*[@id=\"__tile39\"]"}
RESULT: {"using":"xpath","value":"//*[@id=\"__tile39\"]"}
COMMAND: POST /session/a559204827f2d9c91dd80774e023d306/element/f.DBBE0EFB5DADFE624B5D75D11B272D0E.d.6BE903B2C3A7666DF57E452A003B28A2.e.475/click - {}
RESULT: undefined
COMMAND: POST /session/a559204827f2d9c91dd80774e023d306/element - {"using":"xpath","value":"//*[@id=\"__tile39\"]"}
RESULT: {"using":"xpath","value":"//*[@id=\"__tile39\"]"}
COMMAND: POST /session/a559204827f2d9c91dd80774e023d306/element/f.DBBE0EFB5DADFE624B5D75D11B272D0E.d.6BE903B2C3A7666DF57E452A003B28A2.e.475/click - {}
RESULT: undefined
COMMAND: POST /session/a559204827f2d9c91dd80774e023d306/execute/async - {"script":"<script> [6424 bytes]","args":[{"element-6066-11e4-a52e-4f735466cecf":"f.DBBE0EFB5DADFE624B5D75D11B272D0E.d.6BE903B2C3A7666DF57E452A003B28A2.e.288"},"getTitle",[]]}
COMMAND: POST /session/a559204827f2d9c91dd80774e023d306/execute/async - {"script":"<script> [1562 bytes]","args":[{"selector":{"id":"shellAppTitle"},"wdio_ui5_key":"shellAppTitle"}]}
RESULT: {"script":"<script> [1562 bytes]","args":[{"selector":{"id":"shellAppTitle"},"wdio_ui5_key":"shellAppTitle"}]}
COMMAND: POST /session/a559204827f2d9c91dd80774e023d306/execute/async - {"script":"<script> [6424 bytes]","args":[{"element-6066-11e4-a52e-4f735466cecf":"f.DBBE0EFB5DADFE624B5D75D11B272D0E.d.6BE903B2C3A7666DF57E452A003B28A2.e.647"},"getTitle",[]]}
RESULT: {"script":"<script> [6424 bytes]","args":[{"element-6066-11e4-a52e-4f735466cecf":"f.DBBE0EFB5DADFE624B5D75D11B272D0E.d.6BE903B2C3A7666DF57E452A003B28A2.e.647"},"getTitle",[]]}
RESULT: undefined
COMMAND: POST /session/a559204827f2d9c91dd80774e023d306/element/f.DBBE0EFB5DADFE624B5D75D11B272D0E.d.6BE903B2C3A7666DF57E452A003B28A2.e.289/click - {}
COMMAND: POST /session/a559204827f2d9c91dd80774e023d306/element - {"using":"xpath","value":"//*[@id=\"backBtn\"]"}
RESULT: {"using":"xpath","value":"//*[@id=\"backBtn\"]"}
COMMAND: POST /session/a559204827f2d9c91dd80774e023d306/element/f.DBBE0EFB5DADFE624B5D75D11B272D0E.d.6BE903B2C3A7666DF57E452A003B28A2.e.289/click - {}
COMMAND: POST /session/a559204827f2d9c91dd80774e023d306/element - {"using":"xpath","value":"//*[@id=\"backBtn\"]"}
RESULT: {"using":"xpath","value":"//*[@id=\"backBtn\"]"}
COMMAND: POST /session/a559204827f2d9c91dd80774e023d306/element/f.DBBE0EFB5DADFE624B5D75D11B272D0E.d.6BE903B2C3A7666DF57E452A003B28A2.e.648/click - {}
RESULT: {}
COMMAND: GET /session/a559204827f2d9c91dd80774e023d306/screenshot - {}
RESULT: {}
]]></system-out>
    </testcase>
    <testcase classname="chrome.135_0_7049_96.windows.Sanity_Tests_US104253" name="Should open Manage Catalogs page" time="37.198">
      <system-out><![CDATA[
COMMAND: POST /session/a559204827f2d9c91dd80774e023d306/execute/async - {"script":"<script> [1562 bytes]","args":[{"selector":{"controlType":"sap.m.GenericTile","properties":{"header":"Manage Catalogs"}},"wdio_ui5_key":"sapm.GenericTile{\"header\":\"Manage Catalogs\"}"}]}
RESULT: {"script":"<script> [1562 bytes]","args":[{"selector":{"controlType":"sap.m.GenericTile","properties":{"header":"Manage Catalogs"}},"wdio_ui5_key":"sapm.GenericTile{\"header\":\"Manage Catalogs\"}"}]}
RESULT: undefined
COMMAND: POST /session/a559204827f2d9c91dd80774e023d306/element - {"using":"xpath","value":"//*[@id=\"__tile37\"]"}
RESULT: {"using":"xpath","value":"//*[@id=\"__tile37\"]"}
COMMAND: POST /session/a559204827f2d9c91dd80774e023d306/element/f.DBBE0EFB5DADFE624B5D75D11B272D0E.d.6BE903B2C3A7666DF57E452A003B28A2.e.650/click - {}
RESULT: {}
COMMAND: GET /session/a559204827f2d9c91dd80774e023d306/screenshot - {}
RESULT: {}
RESULT: undefined
COMMAND: POST /session/a559204827f2d9c91dd80774e023d306/element - {"using":"xpath","value":"//*[@id=\"__tile37\"]"}
RESULT: {"using":"xpath","value":"//*[@id=\"__tile37\"]"}
COMMAND: POST /session/a559204827f2d9c91dd80774e023d306/element/f.DBBE0EFB5DADFE624B5D75D11B272D0E.d.6BE903B2C3A7666DF57E452A003B28A2.e.650/click - {}
RESULT: undefined
COMMAND: POST /session/a559204827f2d9c91dd80774e023d306/element - {"using":"xpath","value":"//*[@id=\"__tile37\"]"}
RESULT: {"using":"xpath","value":"//*[@id=\"__tile37\"]"}
COMMAND: POST /session/a559204827f2d9c91dd80774e023d306/element/f.DBBE0EFB5DADFE624B5D75D11B272D0E.d.6BE903B2C3A7666DF57E452A003B28A2.e.650/click - {}
RESULT: undefined
COMMAND: POST /session/a559204827f2d9c91dd80774e023d306/execute/async - {"script":"<script> [6424 bytes]","args":[{"element-6066-11e4-a52e-4f735466cecf":"f.DBBE0EFB5DADFE624B5D75D11B272D0E.d.6BE903B2C3A7666DF57E452A003B28A2.e.288"},"getTitle",[]]}
COMMAND: POST /session/a559204827f2d9c91dd80774e023d306/execute/async - {"script":"<script> [1562 bytes]","args":[{"selector":{"id":"shellAppTitle"},"wdio_ui5_key":"shellAppTitle"}]}
RESULT: {"script":"<script> [1562 bytes]","args":[{"selector":{"id":"shellAppTitle"},"wdio_ui5_key":"shellAppTitle"}]}
COMMAND: POST /session/a559204827f2d9c91dd80774e023d306/execute/async - {"script":"<script> [6424 bytes]","args":[{"element-6066-11e4-a52e-4f735466cecf":"f.DBBE0EFB5DADFE624B5D75D11B272D0E.d.6BE903B2C3A7666DF57E452A003B28A2.e.720"},"getTitle",[]]}
RESULT: {"script":"<script> [6424 bytes]","args":[{"element-6066-11e4-a52e-4f735466cecf":"f.DBBE0EFB5DADFE624B5D75D11B272D0E.d.6BE903B2C3A7666DF57E452A003B28A2.e.720"},"getTitle",[]]}
RESULT: undefined
COMMAND: POST /session/a559204827f2d9c91dd80774e023d306/element/f.DBBE0EFB5DADFE624B5D75D11B272D0E.d.6BE903B2C3A7666DF57E452A003B28A2.e.648/click - {}
RESULT: {}
COMMAND: GET /session/a559204827f2d9c91dd80774e023d306/screenshot - {}
RESULT: {}
]]></system-out>
    </testcase>
    <testcase classname="chrome.135_0_7049_96.windows.Sanity_Tests_US104253" name="Should open Manage Calendars page" time="31.259">
      <system-out><![CDATA[
COMMAND: POST /session/a559204827f2d9c91dd80774e023d306/execute/async - {"script":"<script> [1562 bytes]","args":[{"selector":{"controlType":"sap.m.GenericTile","properties":{"header":"Manage Calendars"}},"wdio_ui5_key":"sapm.GenericTile{\"header\":\"Manage Calendars\"}"}]}
RESULT: {"script":"<script> [1562 bytes]","args":[{"selector":{"controlType":"sap.m.GenericTile","properties":{"header":"Manage Calendars"}},"wdio_ui5_key":"sapm.GenericTile{\"header\":\"Manage Calendars\"}"}]}
RESULT: undefined
COMMAND: POST /session/a559204827f2d9c91dd80774e023d306/element - {"using":"xpath","value":"//*[@id=\"__tile36\"]"}
RESULT: {"using":"xpath","value":"//*[@id=\"__tile36\"]"}
COMMAND: POST /session/a559204827f2d9c91dd80774e023d306/element/f.DBBE0EFB5DADFE624B5D75D11B272D0E.d.6BE903B2C3A7666DF57E452A003B28A2.e.722/click - {}
RESULT: {}
COMMAND: GET /session/a559204827f2d9c91dd80774e023d306/screenshot - {}
RESULT: {}
RESULT: undefined
COMMAND: POST /session/a559204827f2d9c91dd80774e023d306/element - {"using":"xpath","value":"//*[@id=\"__tile36\"]"}
RESULT: {"using":"xpath","value":"//*[@id=\"__tile36\"]"}
COMMAND: POST /session/a559204827f2d9c91dd80774e023d306/element/f.DBBE0EFB5DADFE624B5D75D11B272D0E.d.6BE903B2C3A7666DF57E452A003B28A2.e.722/click - {}
RESULT: undefined
COMMAND: POST /session/a559204827f2d9c91dd80774e023d306/element - {"using":"xpath","value":"//*[@id=\"__tile36\"]"}
RESULT: {"using":"xpath","value":"//*[@id=\"__tile36\"]"}
COMMAND: POST /session/a559204827f2d9c91dd80774e023d306/element/f.DBBE0EFB5DADFE624B5D75D11B272D0E.d.6BE903B2C3A7666DF57E452A003B28A2.e.722/click - {}
RESULT: undefined
COMMAND: POST /session/a559204827f2d9c91dd80774e023d306/execute/async - {"script":"<script> [6424 bytes]","args":[{"element-6066-11e4-a52e-4f735466cecf":"f.DBBE0EFB5DADFE624B5D75D11B272D0E.d.6BE903B2C3A7666DF57E452A003B28A2.e.288"},"getTitle",[]]}
COMMAND: POST /session/a559204827f2d9c91dd80774e023d306/execute/async - {"script":"<script> [1562 bytes]","args":[{"selector":{"id":"shellAppTitle"},"wdio_ui5_key":"shellAppTitle"}]}
RESULT: {"script":"<script> [1562 bytes]","args":[{"selector":{"id":"shellAppTitle"},"wdio_ui5_key":"shellAppTitle"}]}
COMMAND: POST /session/a559204827f2d9c91dd80774e023d306/execute/async - {"script":"<script> [6424 bytes]","args":[{"element-6066-11e4-a52e-4f735466cecf":"f.DBBE0EFB5DADFE624B5D75D11B272D0E.d.6BE903B2C3A7666DF57E452A003B28A2.e.794"},"getTitle",[]]}
RESULT: {"script":"<script> [6424 bytes]","args":[{"element-6066-11e4-a52e-4f735466cecf":"f.DBBE0EFB5DADFE624B5D75D11B272D0E.d.6BE903B2C3A7666DF57E452A003B28A2.e.794"},"getTitle",[]]}
RESULT: undefined
COMMAND: POST /session/a559204827f2d9c91dd80774e023d306/element/f.DBBE0EFB5DADFE624B5D75D11B272D0E.d.6BE903B2C3A7666DF57E452A003B28A2.e.648/click - {}
COMMAND: POST /session/a559204827f2d9c91dd80774e023d306/element - {"using":"xpath","value":"//*[@id=\"backBtn\"]"}
RESULT: {"using":"xpath","value":"//*[@id=\"backBtn\"]"}
COMMAND: POST /session/a559204827f2d9c91dd80774e023d306/element/f.DBBE0EFB5DADFE624B5D75D11B272D0E.d.6BE903B2C3A7666DF57E452A003B28A2.e.648/click - {}
COMMAND: POST /session/a559204827f2d9c91dd80774e023d306/element - {"using":"xpath","value":"//*[@id=\"backBtn\"]"}
RESULT: {"using":"xpath","value":"//*[@id=\"backBtn\"]"}
COMMAND: POST /session/a559204827f2d9c91dd80774e023d306/element/f.DBBE0EFB5DADFE624B5D75D11B272D0E.d.6BE903B2C3A7666DF57E452A003B28A2.e.795/click - {}
RESULT: {}
COMMAND: GET /session/a559204827f2d9c91dd80774e023d306/screenshot - {}
RESULT: {}
]]></system-out>
    </testcase>
    <testcase classname="chrome.135_0_7049_96.windows.Sanity_Tests_US104253" name="Should open Address Management page" time="32.65">
      <system-out><![CDATA[
COMMAND: POST /session/a559204827f2d9c91dd80774e023d306/execute/async - {"script":"<script> [1562 bytes]","args":[{"selector":{"controlType":"sap.m.GenericTile","properties":{"header":"Address Management"}},"wdio_ui5_key":"sapm.GenericTile{\"header\":\"Address Management\"}"}]}
RESULT: {"script":"<script> [1562 bytes]","args":[{"selector":{"controlType":"sap.m.GenericTile","properties":{"header":"Address Management"}},"wdio_ui5_key":"sapm.GenericTile{\"header\":\"Address Management\"}"}]}
RESULT: undefined
COMMAND: POST /session/a559204827f2d9c91dd80774e023d306/element - {"using":"xpath","value":"//*[@id=\"__tile33\"]"}
RESULT: {"using":"xpath","value":"//*[@id=\"__tile33\"]"}
COMMAND: POST /session/a559204827f2d9c91dd80774e023d306/element/f.DBBE0EFB5DADFE624B5D75D11B272D0E.d.6BE903B2C3A7666DF57E452A003B28A2.e.797/click - {}
RESULT: {}
COMMAND: GET /session/a559204827f2d9c91dd80774e023d306/screenshot - {}
RESULT: {}
RESULT: undefined
COMMAND: POST /session/a559204827f2d9c91dd80774e023d306/element - {"using":"xpath","value":"//*[@id=\"__tile33\"]"}
RESULT: {"using":"xpath","value":"//*[@id=\"__tile33\"]"}
COMMAND: POST /session/a559204827f2d9c91dd80774e023d306/element/f.DBBE0EFB5DADFE624B5D75D11B272D0E.d.6BE903B2C3A7666DF57E452A003B28A2.e.797/click - {}
RESULT: undefined
COMMAND: POST /session/a559204827f2d9c91dd80774e023d306/element - {"using":"xpath","value":"//*[@id=\"__tile33\"]"}
RESULT: {"using":"xpath","value":"//*[@id=\"__tile33\"]"}
COMMAND: POST /session/a559204827f2d9c91dd80774e023d306/element/f.DBBE0EFB5DADFE624B5D75D11B272D0E.d.6BE903B2C3A7666DF57E452A003B28A2.e.797/click - {}
RESULT: undefined
COMMAND: POST /session/a559204827f2d9c91dd80774e023d306/execute/async - {"script":"<script> [6424 bytes]","args":[{"element-6066-11e4-a52e-4f735466cecf":"f.DBBE0EFB5DADFE624B5D75D11B272D0E.d.6BE903B2C3A7666DF57E452A003B28A2.e.288"},"getTitle",[]]}
COMMAND: POST /session/a559204827f2d9c91dd80774e023d306/execute/async - {"script":"<script> [1562 bytes]","args":[{"selector":{"id":"shellAppTitle"},"wdio_ui5_key":"shellAppTitle"}]}
RESULT: {"script":"<script> [1562 bytes]","args":[{"selector":{"id":"shellAppTitle"},"wdio_ui5_key":"shellAppTitle"}]}
COMMAND: POST /session/a559204827f2d9c91dd80774e023d306/execute/async - {"script":"<script> [6424 bytes]","args":[{"element-6066-11e4-a52e-4f735466cecf":"f.DBBE0EFB5DADFE624B5D75D11B272D0E.d.6BE903B2C3A7666DF57E452A003B28A2.e.969"},"getTitle",[]]}
RESULT: {"script":"<script> [6424 bytes]","args":[{"element-6066-11e4-a52e-4f735466cecf":"f.DBBE0EFB5DADFE624B5D75D11B272D0E.d.6BE903B2C3A7666DF57E452A003B28A2.e.969"},"getTitle",[]]}
RESULT: undefined
COMMAND: POST /session/a559204827f2d9c91dd80774e023d306/element/f.DBBE0EFB5DADFE624B5D75D11B272D0E.d.6BE903B2C3A7666DF57E452A003B28A2.e.795/click - {}
RESULT: {}
COMMAND: GET /session/a559204827f2d9c91dd80774e023d306/screenshot - {}
RESULT: {}
]]></system-out>
    </testcase>
    <testcase classname="chrome.135_0_7049_96.windows.Sanity_Tests_US104253" name="Should open Bill Of Resources page" time="30.853">
      <system-out><![CDATA[
COMMAND: POST /session/a559204827f2d9c91dd80774e023d306/execute/async - {"script":"<script> [1562 bytes]","args":[{"selector":{"controlType":"sap.m.GenericTile","properties":{"header":"Bill Of Resources"}},"wdio_ui5_key":"sapm.GenericTile{\"header\":\"Bill Of Resources\"}"}]}
RESULT: {"script":"<script> [1562 bytes]","args":[{"selector":{"controlType":"sap.m.GenericTile","properties":{"header":"Bill Of Resources"}},"wdio_ui5_key":"sapm.GenericTile{\"header\":\"Bill Of Resources\"}"}]}
RESULT: undefined
COMMAND: POST /session/a559204827f2d9c91dd80774e023d306/element - {"using":"xpath","value":"//*[@id=\"__tile34\"]"}
RESULT: {"using":"xpath","value":"//*[@id=\"__tile34\"]"}
COMMAND: POST /session/a559204827f2d9c91dd80774e023d306/element/f.DBBE0EFB5DADFE624B5D75D11B272D0E.d.6BE903B2C3A7666DF57E452A003B28A2.e.971/click - {}
RESULT: {}
COMMAND: GET /session/a559204827f2d9c91dd80774e023d306/screenshot - {}
RESULT: {}
RESULT: undefined
COMMAND: POST /session/a559204827f2d9c91dd80774e023d306/element - {"using":"xpath","value":"//*[@id=\"__tile34\"]"}
RESULT: {"using":"xpath","value":"//*[@id=\"__tile34\"]"}
COMMAND: POST /session/a559204827f2d9c91dd80774e023d306/element/f.DBBE0EFB5DADFE624B5D75D11B272D0E.d.6BE903B2C3A7666DF57E452A003B28A2.e.971/click - {}
RESULT: undefined
COMMAND: POST /session/a559204827f2d9c91dd80774e023d306/element - {"using":"xpath","value":"//*[@id=\"__tile34\"]"}
RESULT: {"using":"xpath","value":"//*[@id=\"__tile34\"]"}
COMMAND: POST /session/a559204827f2d9c91dd80774e023d306/element/f.DBBE0EFB5DADFE624B5D75D11B272D0E.d.6BE903B2C3A7666DF57E452A003B28A2.e.971/click - {}
RESULT: undefined
COMMAND: POST /session/a559204827f2d9c91dd80774e023d306/execute/async - {"script":"<script> [6424 bytes]","args":[{"element-6066-11e4-a52e-4f735466cecf":"f.DBBE0EFB5DADFE624B5D75D11B272D0E.d.6BE903B2C3A7666DF57E452A003B28A2.e.288"},"getTitle",[]]}
COMMAND: POST /session/a559204827f2d9c91dd80774e023d306/execute/async - {"script":"<script> [1562 bytes]","args":[{"selector":{"id":"shellAppTitle"},"wdio_ui5_key":"shellAppTitle"}]}
RESULT: {"script":"<script> [1562 bytes]","args":[{"selector":{"id":"shellAppTitle"},"wdio_ui5_key":"shellAppTitle"}]}
COMMAND: POST /session/a559204827f2d9c91dd80774e023d306/execute/async - {"script":"<script> [6424 bytes]","args":[{"element-6066-11e4-a52e-4f735466cecf":"f.DBBE0EFB5DADFE624B5D75D11B272D0E.d.6BE903B2C3A7666DF57E452A003B28A2.e.1073"},"getTitle",[]]}
RESULT: {"script":"<script> [6424 bytes]","args":[{"element-6066-11e4-a52e-4f735466cecf":"f.DBBE0EFB5DADFE624B5D75D11B272D0E.d.6BE903B2C3A7666DF57E452A003B28A2.e.1073"},"getTitle",[]]}
RESULT: undefined
COMMAND: POST /session/a559204827f2d9c91dd80774e023d306/element/f.DBBE0EFB5DADFE624B5D75D11B272D0E.d.6BE903B2C3A7666DF57E452A003B28A2.e.795/click - {}
COMMAND: POST /session/a559204827f2d9c91dd80774e023d306/element - {"using":"xpath","value":"//*[@id=\"backBtn\"]"}
RESULT: {"using":"xpath","value":"//*[@id=\"backBtn\"]"}
COMMAND: POST /session/a559204827f2d9c91dd80774e023d306/element/f.DBBE0EFB5DADFE624B5D75D11B272D0E.d.6BE903B2C3A7666DF57E452A003B28A2.e.795/click - {}
COMMAND: POST /session/a559204827f2d9c91dd80774e023d306/element - {"using":"xpath","value":"//*[@id=\"backBtn\"]"}
RESULT: {"using":"xpath","value":"//*[@id=\"backBtn\"]"}
COMMAND: POST /session/a559204827f2d9c91dd80774e023d306/element/f.DBBE0EFB5DADFE624B5D75D11B272D0E.d.6BE903B2C3A7666DF57E452A003B28A2.e.1074/click - {}
RESULT: {}
COMMAND: GET /session/a559204827f2d9c91dd80774e023d306/screenshot - {}
RESULT: {}
]]></system-out>
    </testcase>
    <testcase classname="chrome.135_0_7049_96.windows.Sanity_Tests_US104253" name="Should open Manage Yards page" time="30.806">
      <system-out><![CDATA[
COMMAND: POST /session/a559204827f2d9c91dd80774e023d306/execute/async - {"script":"<script> [1562 bytes]","args":[{"selector":{"controlType":"sap.m.GenericTile","properties":{"header":"Manage Yards"}},"wdio_ui5_key":"sapm.GenericTile{\"header\":\"Manage Yards\"}"}]}
RESULT: {"script":"<script> [1562 bytes]","args":[{"selector":{"controlType":"sap.m.GenericTile","properties":{"header":"Manage Yards"}},"wdio_ui5_key":"sapm.GenericTile{\"header\":\"Manage Yards\"}"}]}
RESULT: undefined
COMMAND: POST /session/a559204827f2d9c91dd80774e023d306/element - {"using":"xpath","value":"//*[@id=\"__tile41\"]"}
RESULT: {"using":"xpath","value":"//*[@id=\"__tile41\"]"}
COMMAND: POST /session/a559204827f2d9c91dd80774e023d306/element/f.DBBE0EFB5DADFE624B5D75D11B272D0E.d.6BE903B2C3A7666DF57E452A003B28A2.e.1076/click - {}
RESULT: {}
COMMAND: GET /session/a559204827f2d9c91dd80774e023d306/screenshot - {}
RESULT: {}
RESULT: undefined
COMMAND: POST /session/a559204827f2d9c91dd80774e023d306/element - {"using":"xpath","value":"//*[@id=\"__tile41\"]"}
RESULT: {"using":"xpath","value":"//*[@id=\"__tile41\"]"}
COMMAND: POST /session/a559204827f2d9c91dd80774e023d306/element/f.DBBE0EFB5DADFE624B5D75D11B272D0E.d.6BE903B2C3A7666DF57E452A003B28A2.e.1076/click - {}
RESULT: undefined
COMMAND: POST /session/a559204827f2d9c91dd80774e023d306/element - {"using":"xpath","value":"//*[@id=\"__tile41\"]"}
RESULT: {"using":"xpath","value":"//*[@id=\"__tile41\"]"}
COMMAND: POST /session/a559204827f2d9c91dd80774e023d306/element/f.DBBE0EFB5DADFE624B5D75D11B272D0E.d.6BE903B2C3A7666DF57E452A003B28A2.e.1076/click - {}
RESULT: undefined
COMMAND: POST /session/a559204827f2d9c91dd80774e023d306/execute/async - {"script":"<script> [6424 bytes]","args":[{"element-6066-11e4-a52e-4f735466cecf":"f.DBBE0EFB5DADFE624B5D75D11B272D0E.d.6BE903B2C3A7666DF57E452A003B28A2.e.288"},"getTitle",[]]}
COMMAND: POST /session/a559204827f2d9c91dd80774e023d306/execute/async - {"script":"<script> [1562 bytes]","args":[{"selector":{"id":"shellAppTitle"},"wdio_ui5_key":"shellAppTitle"}]}
RESULT: {"script":"<script> [1562 bytes]","args":[{"selector":{"id":"shellAppTitle"},"wdio_ui5_key":"shellAppTitle"}]}
COMMAND: POST /session/a559204827f2d9c91dd80774e023d306/execute/async - {"script":"<script> [6424 bytes]","args":[{"element-6066-11e4-a52e-4f735466cecf":"f.DBBE0EFB5DADFE624B5D75D11B272D0E.d.6BE903B2C3A7666DF57E452A003B28A2.e.1259"},"getTitle",[]]}
RESULT: {"script":"<script> [6424 bytes]","args":[{"element-6066-11e4-a52e-4f735466cecf":"f.DBBE0EFB5DADFE624B5D75D11B272D0E.d.6BE903B2C3A7666DF57E452A003B28A2.e.1259"},"getTitle",[]]}
RESULT: undefined
COMMAND: POST /session/a559204827f2d9c91dd80774e023d306/element/f.DBBE0EFB5DADFE624B5D75D11B272D0E.d.6BE903B2C3A7666DF57E452A003B28A2.e.1074/click - {}
RESULT: {}
COMMAND: GET /session/a559204827f2d9c91dd80774e023d306/screenshot - {}
RESULT: {}
]]></system-out>
    </testcase>
    <testcase classname="chrome.135_0_7049_96.windows.Sanity_Tests_US104253" name="Should open Manage Requests page" time="30.78">
      <system-out><![CDATA[
COMMAND: POST /session/a559204827f2d9c91dd80774e023d306/execute/async - {"script":"<script> [1562 bytes]","args":[{"selector":{"controlType":"sap.m.GenericTile","properties":{"header":"Manage Requests"}},"wdio_ui5_key":"sapm.GenericTile{\"header\":\"Manage Requests\"}"}]}
RESULT: {"script":"<script> [1562 bytes]","args":[{"selector":{"controlType":"sap.m.GenericTile","properties":{"header":"Manage Requests"}},"wdio_ui5_key":"sapm.GenericTile{\"header\":\"Manage Requests\"}"}]}
RESULT: undefined
COMMAND: POST /session/a559204827f2d9c91dd80774e023d306/element - {"using":"xpath","value":"//*[@id=\"__tile47\"]"}
RESULT: {"using":"xpath","value":"//*[@id=\"__tile47\"]"}
COMMAND: POST /session/a559204827f2d9c91dd80774e023d306/element/f.DBBE0EFB5DADFE624B5D75D11B272D0E.d.6BE903B2C3A7666DF57E452A003B28A2.e.1261/click - {}
RESULT: {}
COMMAND: GET /session/a559204827f2d9c91dd80774e023d306/screenshot - {}
RESULT: {}
RESULT: undefined
COMMAND: POST /session/a559204827f2d9c91dd80774e023d306/element - {"using":"xpath","value":"//*[@id=\"__tile47\"]"}
RESULT: {"using":"xpath","value":"//*[@id=\"__tile47\"]"}
COMMAND: POST /session/a559204827f2d9c91dd80774e023d306/element/f.DBBE0EFB5DADFE624B5D75D11B272D0E.d.6BE903B2C3A7666DF57E452A003B28A2.e.1261/click - {}
RESULT: undefined
COMMAND: POST /session/a559204827f2d9c91dd80774e023d306/element - {"using":"xpath","value":"//*[@id=\"__tile47\"]"}
RESULT: {"using":"xpath","value":"//*[@id=\"__tile47\"]"}
COMMAND: POST /session/a559204827f2d9c91dd80774e023d306/element/f.DBBE0EFB5DADFE624B5D75D11B272D0E.d.6BE903B2C3A7666DF57E452A003B28A2.e.1261/click - {}
RESULT: undefined
COMMAND: POST /session/a559204827f2d9c91dd80774e023d306/execute/async - {"script":"<script> [6424 bytes]","args":[{"element-6066-11e4-a52e-4f735466cecf":"f.DBBE0EFB5DADFE624B5D75D11B272D0E.d.6BE903B2C3A7666DF57E452A003B28A2.e.288"},"getTitle",[]]}
COMMAND: POST /session/a559204827f2d9c91dd80774e023d306/execute/async - {"script":"<script> [1562 bytes]","args":[{"selector":{"id":"shellAppTitle"},"wdio_ui5_key":"shellAppTitle"}]}
RESULT: {"script":"<script> [1562 bytes]","args":[{"selector":{"id":"shellAppTitle"},"wdio_ui5_key":"shellAppTitle"}]}
COMMAND: POST /session/a559204827f2d9c91dd80774e023d306/execute/async - {"script":"<script> [6424 bytes]","args":[{"element-6066-11e4-a52e-4f735466cecf":"f.DBBE0EFB5DADFE624B5D75D11B272D0E.d.6BE903B2C3A7666DF57E452A003B28A2.e.1359"},"getTitle",[]]}
RESULT: {"script":"<script> [6424 bytes]","args":[{"element-6066-11e4-a52e-4f735466cecf":"f.DBBE0EFB5DADFE624B5D75D11B272D0E.d.6BE903B2C3A7666DF57E452A003B28A2.e.1359"},"getTitle",[]]}
RESULT: undefined
COMMAND: POST /session/a559204827f2d9c91dd80774e023d306/element/f.DBBE0EFB5DADFE624B5D75D11B272D0E.d.6BE903B2C3A7666DF57E452A003B28A2.e.1074/click - {}
COMMAND: POST /session/a559204827f2d9c91dd80774e023d306/element - {"using":"xpath","value":"//*[@id=\"backBtn\"]"}
RESULT: {"using":"xpath","value":"//*[@id=\"backBtn\"]"}
COMMAND: POST /session/a559204827f2d9c91dd80774e023d306/element/f.DBBE0EFB5DADFE624B5D75D11B272D0E.d.6BE903B2C3A7666DF57E452A003B28A2.e.1074/click - {}
COMMAND: POST /session/a559204827f2d9c91dd80774e023d306/element - {"using":"xpath","value":"//*[@id=\"backBtn\"]"}
RESULT: {"using":"xpath","value":"//*[@id=\"backBtn\"]"}
COMMAND: POST /session/a559204827f2d9c91dd80774e023d306/element/f.DBBE0EFB5DADFE624B5D75D11B272D0E.d.6BE903B2C3A7666DF57E452A003B28A2.e.1360/click - {}
RESULT: {}
COMMAND: GET /session/a559204827f2d9c91dd80774e023d306/screenshot - {}
RESULT: {}
]]></system-out>
    </testcase>
    <testcase classname="chrome.135_0_7049_96.windows.Sanity_Tests_US104253" name="Should open Manage Purchasing page" time="31.311">
      <system-out><![CDATA[
COMMAND: POST /session/a559204827f2d9c91dd80774e023d306/execute/async - {"script":"<script> [1562 bytes]","args":[{"selector":{"controlType":"sap.m.GenericTile","properties":{"header":"Manage Purchasing"}},"wdio_ui5_key":"sapm.GenericTile{\"header\":\"Manage Purchasing\"}"}]}
RESULT: {"script":"<script> [1562 bytes]","args":[{"selector":{"controlType":"sap.m.GenericTile","properties":{"header":"Manage Purchasing"}},"wdio_ui5_key":"sapm.GenericTile{\"header\":\"Manage Purchasing\"}"}]}
RESULT: undefined
COMMAND: POST /session/a559204827f2d9c91dd80774e023d306/element - {"using":"xpath","value":"//*[@id=\"__tile46\"]"}
RESULT: {"using":"xpath","value":"//*[@id=\"__tile46\"]"}
COMMAND: POST /session/a559204827f2d9c91dd80774e023d306/element/f.DBBE0EFB5DADFE624B5D75D11B272D0E.d.6BE903B2C3A7666DF57E452A003B28A2.e.1363/click - {}
RESULT: {}
COMMAND: GET /session/a559204827f2d9c91dd80774e023d306/screenshot - {}
RESULT: {}
RESULT: undefined
COMMAND: POST /session/a559204827f2d9c91dd80774e023d306/element - {"using":"xpath","value":"//*[@id=\"__tile46\"]"}
RESULT: {"using":"xpath","value":"//*[@id=\"__tile46\"]"}
COMMAND: POST /session/a559204827f2d9c91dd80774e023d306/element/f.DBBE0EFB5DADFE624B5D75D11B272D0E.d.6BE903B2C3A7666DF57E452A003B28A2.e.1363/click - {}
RESULT: undefined
COMMAND: POST /session/a559204827f2d9c91dd80774e023d306/element - {"using":"xpath","value":"//*[@id=\"__tile46\"]"}
RESULT: {"using":"xpath","value":"//*[@id=\"__tile46\"]"}
COMMAND: POST /session/a559204827f2d9c91dd80774e023d306/element/f.DBBE0EFB5DADFE624B5D75D11B272D0E.d.6BE903B2C3A7666DF57E452A003B28A2.e.1363/click - {}
RESULT: undefined
COMMAND: POST /session/a559204827f2d9c91dd80774e023d306/execute/async - {"script":"<script> [6424 bytes]","args":[{"element-6066-11e4-a52e-4f735466cecf":"f.DBBE0EFB5DADFE624B5D75D11B272D0E.d.6BE903B2C3A7666DF57E452A003B28A2.e.288"},"getTitle",[]]}
COMMAND: POST /session/a559204827f2d9c91dd80774e023d306/execute/async - {"script":"<script> [1562 bytes]","args":[{"selector":{"id":"shellAppTitle"},"wdio_ui5_key":"shellAppTitle"}]}
RESULT: {"script":"<script> [1562 bytes]","args":[{"selector":{"id":"shellAppTitle"},"wdio_ui5_key":"shellAppTitle"}]}
COMMAND: POST /session/a559204827f2d9c91dd80774e023d306/execute/async - {"script":"<script> [6424 bytes]","args":[{"element-6066-11e4-a52e-4f735466cecf":"f.DBBE0EFB5DADFE624B5D75D11B272D0E.d.6BE903B2C3A7666DF57E452A003B28A2.e.1441"},"getTitle",[]]}
RESULT: {"script":"<script> [6424 bytes]","args":[{"element-6066-11e4-a52e-4f735466cecf":"f.DBBE0EFB5DADFE624B5D75D11B272D0E.d.6BE903B2C3A7666DF57E452A003B28A2.e.1441"},"getTitle",[]]}
RESULT: undefined
COMMAND: POST /session/a559204827f2d9c91dd80774e023d306/element/f.DBBE0EFB5DADFE624B5D75D11B272D0E.d.6BE903B2C3A7666DF57E452A003B28A2.e.1360/click - {}
RESULT: {}
COMMAND: GET /session/a559204827f2d9c91dd80774e023d306/screenshot - {}
RESULT: {}
]]></system-out>
    </testcase>
    <testcase classname="chrome.135_0_7049_96.windows.Sanity_Tests_US104253" name="Should open Planning Board page" time="30.511">
      <system-out><![CDATA[
COMMAND: POST /session/a559204827f2d9c91dd80774e023d306/execute/async - {"script":"<script> [1562 bytes]","args":[{"selector":{"controlType":"sap.m.GenericTile","properties":{"header":"Planning Board"}},"wdio_ui5_key":"sapm.GenericTile{\"header\":\"Planning Board\"}"}]}
RESULT: {"script":"<script> [1562 bytes]","args":[{"selector":{"controlType":"sap.m.GenericTile","properties":{"header":"Planning Board"}},"wdio_ui5_key":"sapm.GenericTile{\"header\":\"Planning Board\"}"}]}
RESULT: undefined
COMMAND: POST /session/a559204827f2d9c91dd80774e023d306/element - {"using":"xpath","value":"//*[@id=\"__tile131\"]"}
RESULT: {"using":"xpath","value":"//*[@id=\"__tile131\"]"}
COMMAND: POST /session/a559204827f2d9c91dd80774e023d306/element/f.DBBE0EFB5DADFE624B5D75D11B272D0E.d.6BE903B2C3A7666DF57E452A003B28A2.e.1443/click - {}
RESULT: {}
COMMAND: GET /session/a559204827f2d9c91dd80774e023d306/screenshot - {}
RESULT: {}
RESULT: undefined
COMMAND: POST /session/a559204827f2d9c91dd80774e023d306/element - {"using":"xpath","value":"//*[@id=\"__tile131\"]"}
RESULT: {"using":"xpath","value":"//*[@id=\"__tile131\"]"}
COMMAND: POST /session/a559204827f2d9c91dd80774e023d306/element/f.DBBE0EFB5DADFE624B5D75D11B272D0E.d.6BE903B2C3A7666DF57E452A003B28A2.e.1443/click - {}
RESULT: undefined
COMMAND: POST /session/a559204827f2d9c91dd80774e023d306/element - {"using":"xpath","value":"//*[@id=\"__tile131\"]"}
RESULT: {"using":"xpath","value":"//*[@id=\"__tile131\"]"}
COMMAND: POST /session/a559204827f2d9c91dd80774e023d306/element/f.DBBE0EFB5DADFE624B5D75D11B272D0E.d.6BE903B2C3A7666DF57E452A003B28A2.e.1443/click - {}
RESULT: undefined
COMMAND: POST /session/a559204827f2d9c91dd80774e023d306/execute/async - {"script":"<script> [6424 bytes]","args":[{"element-6066-11e4-a52e-4f735466cecf":"f.DBBE0EFB5DADFE624B5D75D11B272D0E.d.6BE903B2C3A7666DF57E452A003B28A2.e.288"},"getTitle",[]]}
COMMAND: POST /session/a559204827f2d9c91dd80774e023d306/execute/async - {"script":"<script> [1562 bytes]","args":[{"selector":{"id":"shellAppTitle"},"wdio_ui5_key":"shellAppTitle"}]}
RESULT: {"script":"<script> [1562 bytes]","args":[{"selector":{"id":"shellAppTitle"},"wdio_ui5_key":"shellAppTitle"}]}
COMMAND: POST /session/a559204827f2d9c91dd80774e023d306/execute/async - {"script":"<script> [6424 bytes]","args":[{"element-6066-11e4-a52e-4f735466cecf":"f.DBBE0EFB5DADFE624B5D75D11B272D0E.d.6BE903B2C3A7666DF57E452A003B28A2.e.1491"},"getTitle",[]]}
RESULT: {"script":"<script> [6424 bytes]","args":[{"element-6066-11e4-a52e-4f735466cecf":"f.DBBE0EFB5DADFE624B5D75D11B272D0E.d.6BE903B2C3A7666DF57E452A003B28A2.e.1491"},"getTitle",[]]}
RESULT: undefined
COMMAND: POST /session/a559204827f2d9c91dd80774e023d306/element/f.DBBE0EFB5DADFE624B5D75D11B272D0E.d.6BE903B2C3A7666DF57E452A003B28A2.e.1360/click - {}
COMMAND: POST /session/a559204827f2d9c91dd80774e023d306/element/f.DBBE0EFB5DADFE624B5D75D11B272D0E.d.6BE903B2C3A7666DF57E452A003B28A2.e.1360/click - {}
COMMAND: POST /session/a559204827f2d9c91dd80774e023d306/element - {"using":"xpath","value":"//*[@id=\"backBtn\"]"}
COMMAND: POST /session/a559204827f2d9c91dd80774e023d306/element - {"using":"xpath","value":"//*[@id=\"backBtn\"]"}
RESULT: {"using":"xpath","value":"//*[@id=\"backBtn\"]"}
COMMAND: POST /session/a559204827f2d9c91dd80774e023d306/element/f.DBBE0EFB5DADFE624B5D75D11B272D0E.d.6BE903B2C3A7666DF57E452A003B28A2.e.1360/click - {}
RESULT: {"using":"xpath","value":"//*[@id=\"backBtn\"]"}
COMMAND: POST /session/a559204827f2d9c91dd80774e023d306/element/f.DBBE0EFB5DADFE624B5D75D11B272D0E.d.6BE903B2C3A7666DF57E452A003B28A2.e.1360/click - {}
COMMAND: POST /session/a559204827f2d9c91dd80774e023d306/element - {"using":"xpath","value":"//*[@id=\"backBtn\"]"}
COMMAND: POST /session/a559204827f2d9c91dd80774e023d306/element - {"using":"xpath","value":"//*[@id=\"backBtn\"]"}
RESULT: {"using":"xpath","value":"//*[@id=\"backBtn\"]"}
COMMAND: POST /session/a559204827f2d9c91dd80774e023d306/element/f.DBBE0EFB5DADFE624B5D75D11B272D0E.d.6BE903B2C3A7666DF57E452A003B28A2.e.1492/click - {}
RESULT: {"using":"xpath","value":"//*[@id=\"backBtn\"]"}
COMMAND: POST /session/a559204827f2d9c91dd80774e023d306/element/f.DBBE0EFB5DADFE624B5D75D11B272D0E.d.6BE903B2C3A7666DF57E452A003B28A2.e.1492/click - {}
RESULT: {}
COMMAND: GET /session/a559204827f2d9c91dd80774e023d306/screenshot - {}
RESULT: {}
COMMAND: GET /session/a559204827f2d9c91dd80774e023d306/screenshot - {}
RESULT: {}
RESULT: {}
]]></system-out>
    </testcase>
    <testcase classname="chrome.135_0_7049_96.windows.Sanity_Tests_US104253" name="Should open Manage Contracts page" time="33.312">
      <system-out><![CDATA[
COMMAND: POST /session/a559204827f2d9c91dd80774e023d306/execute/async - {"script":"<script> [1562 bytes]","args":[{"selector":{"controlType":"sap.m.GenericTile","properties":{"header":"Manage Contracts"}},"wdio_ui5_key":"sapm.GenericTile{\"header\":\"Manage Contracts\"}"}]}
RESULT: {"script":"<script> [1562 bytes]","args":[{"selector":{"controlType":"sap.m.GenericTile","properties":{"header":"Manage Contracts"}},"wdio_ui5_key":"sapm.GenericTile{\"header\":\"Manage Contracts\"}"}]}
RESULT: undefined
COMMAND: POST /session/a559204827f2d9c91dd80774e023d306/element - {"using":"xpath","value":"//*[@id=\"__tile133\"]"}
RESULT: {"using":"xpath","value":"//*[@id=\"__tile133\"]"}
COMMAND: POST /session/a559204827f2d9c91dd80774e023d306/element/f.DBBE0EFB5DADFE624B5D75D11B272D0E.d.6BE903B2C3A7666DF57E452A003B28A2.e.1494/click - {}
RESULT: {}
COMMAND: GET /session/a559204827f2d9c91dd80774e023d306/screenshot - {}
RESULT: {}
RESULT: undefined
COMMAND: POST /session/a559204827f2d9c91dd80774e023d306/element - {"using":"xpath","value":"//*[@id=\"__tile133\"]"}
RESULT: {"using":"xpath","value":"//*[@id=\"__tile133\"]"}
COMMAND: POST /session/a559204827f2d9c91dd80774e023d306/element/f.DBBE0EFB5DADFE624B5D75D11B272D0E.d.6BE903B2C3A7666DF57E452A003B28A2.e.1494/click - {}
RESULT: undefined
COMMAND: POST /session/a559204827f2d9c91dd80774e023d306/element - {"using":"xpath","value":"//*[@id=\"__tile133\"]"}
RESULT: {"using":"xpath","value":"//*[@id=\"__tile133\"]"}
COMMAND: POST /session/a559204827f2d9c91dd80774e023d306/element/f.DBBE0EFB5DADFE624B5D75D11B272D0E.d.6BE903B2C3A7666DF57E452A003B28A2.e.1494/click - {}
RESULT: undefined
COMMAND: POST /session/a559204827f2d9c91dd80774e023d306/execute/async - {"script":"<script> [6424 bytes]","args":[{"element-6066-11e4-a52e-4f735466cecf":"f.DBBE0EFB5DADFE624B5D75D11B272D0E.d.6BE903B2C3A7666DF57E452A003B28A2.e.288"},"getTitle",[]]}
COMMAND: POST /session/a559204827f2d9c91dd80774e023d306/execute/async - {"script":"<script> [1562 bytes]","args":[{"selector":{"id":"shellAppTitle"},"wdio_ui5_key":"shellAppTitle"}]}
RESULT: {"script":"<script> [1562 bytes]","args":[{"selector":{"id":"shellAppTitle"},"wdio_ui5_key":"shellAppTitle"}]}
COMMAND: POST /session/a559204827f2d9c91dd80774e023d306/execute/async - {"script":"<script> [6424 bytes]","args":[{"element-6066-11e4-a52e-4f735466cecf":"f.DBBE0EFB5DADFE624B5D75D11B272D0E.d.6BE903B2C3A7666DF57E452A003B28A2.e.1557"},"getTitle",[]]}
RESULT: {"script":"<script> [6424 bytes]","args":[{"element-6066-11e4-a52e-4f735466cecf":"f.DBBE0EFB5DADFE624B5D75D11B272D0E.d.6BE903B2C3A7666DF57E452A003B28A2.e.1557"},"getTitle",[]]}
RESULT: undefined
COMMAND: POST /session/a559204827f2d9c91dd80774e023d306/element/f.DBBE0EFB5DADFE624B5D75D11B272D0E.d.6BE903B2C3A7666DF57E452A003B28A2.e.1492/click - {}
RESULT: {}
COMMAND: GET /session/a559204827f2d9c91dd80774e023d306/screenshot - {}
RESULT: {}
]]></system-out>
    </testcase>
    <testcase classname="chrome.135_0_7049_96.windows.Sanity_Tests_US104253" name="Should open Manage Quotations page" time="29.673">
      <system-out><![CDATA[
COMMAND: POST /session/a559204827f2d9c91dd80774e023d306/execute/async - {"script":"<script> [1562 bytes]","args":[{"selector":{"controlType":"sap.m.GenericTile","properties":{"header":"Manage Quotations"}},"wdio_ui5_key":"sapm.GenericTile{\"header\":\"Manage Quotations\"}"}]}
RESULT: {"script":"<script> [1562 bytes]","args":[{"selector":{"controlType":"sap.m.GenericTile","properties":{"header":"Manage Quotations"}},"wdio_ui5_key":"sapm.GenericTile{\"header\":\"Manage Quotations\"}"}]}
RESULT: undefined
COMMAND: POST /session/a559204827f2d9c91dd80774e023d306/element - {"using":"xpath","value":"//*[@id=\"__tile132\"]"}
RESULT: {"using":"xpath","value":"//*[@id=\"__tile132\"]"}
COMMAND: POST /session/a559204827f2d9c91dd80774e023d306/element/f.DBBE0EFB5DADFE624B5D75D11B272D0E.d.6BE903B2C3A7666DF57E452A003B28A2.e.1559/click - {}
RESULT: {}
COMMAND: GET /session/a559204827f2d9c91dd80774e023d306/screenshot - {}
RESULT: undefined
COMMAND: POST /session/a559204827f2d9c91dd80774e023d306/element - {"using":"xpath","value":"//*[@id=\"__tile132\"]"}
RESULT: {}
RESULT: {"using":"xpath","value":"//*[@id=\"__tile132\"]"}
COMMAND: POST /session/a559204827f2d9c91dd80774e023d306/element/f.DBBE0EFB5DADFE624B5D75D11B272D0E.d.6BE903B2C3A7666DF57E452A003B28A2.e.1559/click - {}
RESULT: undefined
COMMAND: POST /session/a559204827f2d9c91dd80774e023d306/element - {"using":"xpath","value":"//*[@id=\"__tile132\"]"}
RESULT: {"using":"xpath","value":"//*[@id=\"__tile132\"]"}
COMMAND: POST /session/a559204827f2d9c91dd80774e023d306/element/f.DBBE0EFB5DADFE624B5D75D11B272D0E.d.6BE903B2C3A7666DF57E452A003B28A2.e.1559/click - {}
RESULT: undefined
COMMAND: POST /session/a559204827f2d9c91dd80774e023d306/execute/async - {"script":"<script> [6424 bytes]","args":[{"element-6066-11e4-a52e-4f735466cecf":"f.DBBE0EFB5DADFE624B5D75D11B272D0E.d.6BE903B2C3A7666DF57E452A003B28A2.e.288"},"getTitle",[]]}
COMMAND: POST /session/a559204827f2d9c91dd80774e023d306/execute/async - {"script":"<script> [1562 bytes]","args":[{"selector":{"id":"shellAppTitle"},"wdio_ui5_key":"shellAppTitle"}]}
RESULT: {"script":"<script> [1562 bytes]","args":[{"selector":{"id":"shellAppTitle"},"wdio_ui5_key":"shellAppTitle"}]}
COMMAND: POST /session/a559204827f2d9c91dd80774e023d306/execute/async - {"script":"<script> [6424 bytes]","args":[{"element-6066-11e4-a52e-4f735466cecf":"f.DBBE0EFB5DADFE624B5D75D11B272D0E.d.6BE903B2C3A7666DF57E452A003B28A2.e.1654"},"getTitle",[]]}
RESULT: {"script":"<script> [6424 bytes]","args":[{"element-6066-11e4-a52e-4f735466cecf":"f.DBBE0EFB5DADFE624B5D75D11B272D0E.d.6BE903B2C3A7666DF57E452A003B28A2.e.1654"},"getTitle",[]]}
RESULT: undefined
COMMAND: POST /session/a559204827f2d9c91dd80774e023d306/element/f.DBBE0EFB5DADFE624B5D75D11B272D0E.d.6BE903B2C3A7666DF57E452A003B28A2.e.1492/click - {}
COMMAND: POST /session/a559204827f2d9c91dd80774e023d306/element - {"using":"xpath","value":"//*[@id=\"backBtn\"]"}
RESULT: {"using":"xpath","value":"//*[@id=\"backBtn\"]"}
COMMAND: POST /session/a559204827f2d9c91dd80774e023d306/element/f.DBBE0EFB5DADFE624B5D75D11B272D0E.d.6BE903B2C3A7666DF57E452A003B28A2.e.1492/click - {}
COMMAND: POST /session/a559204827f2d9c91dd80774e023d306/element - {"using":"xpath","value":"//*[@id=\"backBtn\"]"}
RESULT: {"using":"xpath","value":"//*[@id=\"backBtn\"]"}
COMMAND: POST /session/a559204827f2d9c91dd80774e023d306/element/f.DBBE0EFB5DADFE624B5D75D11B272D0E.d.6BE903B2C3A7666DF57E452A003B28A2.e.1655/click - {}
RESULT: {}
COMMAND: GET /session/a559204827f2d9c91dd80774e023d306/screenshot - {}
RESULT: {}
]]></system-out>
    </testcase>
    <testcase classname="chrome.135_0_7049_96.windows.Sanity_Tests_US104253" name="Should open Manage Handovers page" time="32.85">
      <system-out><![CDATA[
COMMAND: POST /session/a559204827f2d9c91dd80774e023d306/execute/async - {"script":"<script> [1562 bytes]","args":[{"selector":{"controlType":"sap.m.GenericTile","properties":{"header":"Manage Handovers"}},"wdio_ui5_key":"sapm.GenericTile{\"header\":\"Manage Handovers\"}"}]}
RESULT: {"script":"<script> [1562 bytes]","args":[{"selector":{"controlType":"sap.m.GenericTile","properties":{"header":"Manage Handovers"}},"wdio_ui5_key":"sapm.GenericTile{\"header\":\"Manage Handovers\"}"}]}
RESULT: undefined
COMMAND: POST /session/a559204827f2d9c91dd80774e023d306/element - {"using":"xpath","value":"//*[@id=\"__tile130\"]"}
RESULT: {"using":"xpath","value":"//*[@id=\"__tile130\"]"}
COMMAND: POST /session/a559204827f2d9c91dd80774e023d306/element/f.DBBE0EFB5DADFE624B5D75D11B272D0E.d.6BE903B2C3A7666DF57E452A003B28A2.e.1657/click - {}
RESULT: {}
COMMAND: GET /session/a559204827f2d9c91dd80774e023d306/screenshot - {}
RESULT: {}
RESULT: undefined
COMMAND: POST /session/a559204827f2d9c91dd80774e023d306/element - {"using":"xpath","value":"//*[@id=\"__tile130\"]"}
RESULT: {"using":"xpath","value":"//*[@id=\"__tile130\"]"}
COMMAND: POST /session/a559204827f2d9c91dd80774e023d306/element/f.DBBE0EFB5DADFE624B5D75D11B272D0E.d.6BE903B2C3A7666DF57E452A003B28A2.e.1657/click - {}
RESULT: undefined
COMMAND: POST /session/a559204827f2d9c91dd80774e023d306/element - {"using":"xpath","value":"//*[@id=\"__tile130\"]"}
RESULT: {"using":"xpath","value":"//*[@id=\"__tile130\"]"}
COMMAND: POST /session/a559204827f2d9c91dd80774e023d306/element/f.DBBE0EFB5DADFE624B5D75D11B272D0E.d.6BE903B2C3A7666DF57E452A003B28A2.e.1657/click - {}
RESULT: undefined
COMMAND: POST /session/a559204827f2d9c91dd80774e023d306/execute/async - {"script":"<script> [6424 bytes]","args":[{"element-6066-11e4-a52e-4f735466cecf":"f.DBBE0EFB5DADFE624B5D75D11B272D0E.d.6BE903B2C3A7666DF57E452A003B28A2.e.288"},"getTitle",[]]}
COMMAND: POST /session/a559204827f2d9c91dd80774e023d306/execute/async - {"script":"<script> [1562 bytes]","args":[{"selector":{"id":"shellAppTitle"},"wdio_ui5_key":"shellAppTitle"}]}
RESULT: {"script":"<script> [1562 bytes]","args":[{"selector":{"id":"shellAppTitle"},"wdio_ui5_key":"shellAppTitle"}]}
COMMAND: POST /session/a559204827f2d9c91dd80774e023d306/execute/async - {"script":"<script> [6424 bytes]","args":[{"element-6066-11e4-a52e-4f735466cecf":"f.DBBE0EFB5DADFE624B5D75D11B272D0E.d.6BE903B2C3A7666DF57E452A003B28A2.e.1763"},"getTitle",[]]}
RESULT: {"script":"<script> [6424 bytes]","args":[{"element-6066-11e4-a52e-4f735466cecf":"f.DBBE0EFB5DADFE624B5D75D11B272D0E.d.6BE903B2C3A7666DF57E452A003B28A2.e.1763"},"getTitle",[]]}
RESULT: undefined
COMMAND: POST /session/a559204827f2d9c91dd80774e023d306/element/f.DBBE0EFB5DADFE624B5D75D11B272D0E.d.6BE903B2C3A7666DF57E452A003B28A2.e.1655/click - {}
RESULT: {}
COMMAND: GET /session/a559204827f2d9c91dd80774e023d306/screenshot - {}
RESULT: {}
]]></system-out>
    </testcase>
    <testcase classname="chrome.135_0_7049_96.windows.Sanity_Tests_US104253" name="Should open Delivery Monitor page" time="32.72">
      <system-out><![CDATA[
COMMAND: POST /session/a559204827f2d9c91dd80774e023d306/execute/async - {"script":"<script> [1562 bytes]","args":[{"selector":{"controlType":"sap.m.GenericTile","properties":{"header":"Delivery Monitor"}},"wdio_ui5_key":"sapm.GenericTile{\"header\":\"Delivery Monitor\"}"}]}
RESULT: {"script":"<script> [1562 bytes]","args":[{"selector":{"controlType":"sap.m.GenericTile","properties":{"header":"Delivery Monitor"}},"wdio_ui5_key":"sapm.GenericTile{\"header\":\"Delivery Monitor\"}"}]}
RESULT: undefined
COMMAND: POST /session/a559204827f2d9c91dd80774e023d306/element - {"using":"xpath","value":"//*[@id=\"__tile43\"]"}
RESULT: {"using":"xpath","value":"//*[@id=\"__tile43\"]"}
COMMAND: POST /session/a559204827f2d9c91dd80774e023d306/element/f.DBBE0EFB5DADFE624B5D75D11B272D0E.d.6BE903B2C3A7666DF57E452A003B28A2.e.1765/click - {}
RESULT: {}
COMMAND: GET /session/a559204827f2d9c91dd80774e023d306/screenshot - {}
RESULT: {}
RESULT: undefined
COMMAND: POST /session/a559204827f2d9c91dd80774e023d306/element - {"using":"xpath","value":"//*[@id=\"__tile43\"]"}
RESULT: {"using":"xpath","value":"//*[@id=\"__tile43\"]"}
COMMAND: POST /session/a559204827f2d9c91dd80774e023d306/element/f.DBBE0EFB5DADFE624B5D75D11B272D0E.d.6BE903B2C3A7666DF57E452A003B28A2.e.1765/click - {}
RESULT: undefined
COMMAND: POST /session/a559204827f2d9c91dd80774e023d306/element - {"using":"xpath","value":"//*[@id=\"__tile43\"]"}
RESULT: {"using":"xpath","value":"//*[@id=\"__tile43\"]"}
COMMAND: POST /session/a559204827f2d9c91dd80774e023d306/element/f.DBBE0EFB5DADFE624B5D75D11B272D0E.d.6BE903B2C3A7666DF57E452A003B28A2.e.1765/click - {}
RESULT: undefined
COMMAND: POST /session/a559204827f2d9c91dd80774e023d306/execute/async - {"script":"<script> [6424 bytes]","args":[{"element-6066-11e4-a52e-4f735466cecf":"f.DBBE0EFB5DADFE624B5D75D11B272D0E.d.6BE903B2C3A7666DF57E452A003B28A2.e.288"},"getTitle",[]]}
COMMAND: POST /session/a559204827f2d9c91dd80774e023d306/execute/async - {"script":"<script> [1562 bytes]","args":[{"selector":{"id":"shellAppTitle"},"wdio_ui5_key":"shellAppTitle"}]}
RESULT: {"script":"<script> [1562 bytes]","args":[{"selector":{"id":"shellAppTitle"},"wdio_ui5_key":"shellAppTitle"}]}
COMMAND: POST /session/a559204827f2d9c91dd80774e023d306/execute/async - {"script":"<script> [6424 bytes]","args":[{"element-6066-11e4-a52e-4f735466cecf":"f.DBBE0EFB5DADFE624B5D75D11B272D0E.d.6BE903B2C3A7666DF57E452A003B28A2.e.1879"},"getTitle",[]]}
RESULT: {"script":"<script> [6424 bytes]","args":[{"element-6066-11e4-a52e-4f735466cecf":"f.DBBE0EFB5DADFE624B5D75D11B272D0E.d.6BE903B2C3A7666DF57E452A003B28A2.e.1879"},"getTitle",[]]}
RESULT: undefined
COMMAND: POST /session/a559204827f2d9c91dd80774e023d306/element/f.DBBE0EFB5DADFE624B5D75D11B272D0E.d.6BE903B2C3A7666DF57E452A003B28A2.e.1655/click - {}
COMMAND: POST /session/a559204827f2d9c91dd80774e023d306/element - {"using":"xpath","value":"//*[@id=\"backBtn\"]"}
RESULT: {"using":"xpath","value":"//*[@id=\"backBtn\"]"}
COMMAND: POST /session/a559204827f2d9c91dd80774e023d306/element/f.DBBE0EFB5DADFE624B5D75D11B272D0E.d.6BE903B2C3A7666DF57E452A003B28A2.e.1655/click - {}
COMMAND: POST /session/a559204827f2d9c91dd80774e023d306/element - {"using":"xpath","value":"//*[@id=\"backBtn\"]"}
RESULT: {"using":"xpath","value":"//*[@id=\"backBtn\"]"}
COMMAND: POST /session/a559204827f2d9c91dd80774e023d306/element/f.DBBE0EFB5DADFE624B5D75D11B272D0E.d.6BE903B2C3A7666DF57E452A003B28A2.e.1881/click - {}
RESULT: {}
COMMAND: GET /session/a559204827f2d9c91dd80774e023d306/screenshot - {}
RESULT: {}
]]></system-out>
    </testcase>
    <testcase classname="chrome.135_0_7049_96.windows.Sanity_Tests_US104253" name="Should open Manage Calendar Exceptions page" time="34.929">
      <system-out><![CDATA[
COMMAND: POST /session/a559204827f2d9c91dd80774e023d306/execute/async - {"script":"<script> [1562 bytes]","args":[{"selector":{"controlType":"sap.m.GenericTile","properties":{"header":"Manage Calendar Exceptions"}},"wdio_ui5_key":"sapm.GenericTile{\"header\":\"Manage Calendar Exceptions\"}"}]}
RESULT: {"script":"<script> [1562 bytes]","args":[{"selector":{"controlType":"sap.m.GenericTile","properties":{"header":"Manage Calendar Exceptions"}},"wdio_ui5_key":"sapm.GenericTile{\"header\":\"Manage Calendar Exceptions\"}"}]}
RESULT: undefined
COMMAND: POST /session/a559204827f2d9c91dd80774e023d306/element - {"using":"xpath","value":"//*[@id=\"__tile52\"]"}
RESULT: {"using":"xpath","value":"//*[@id=\"__tile52\"]"}
COMMAND: POST /session/a559204827f2d9c91dd80774e023d306/element/f.DBBE0EFB5DADFE624B5D75D11B272D0E.d.6BE903B2C3A7666DF57E452A003B28A2.e.1883/click - {}
RESULT: {}
COMMAND: GET /session/a559204827f2d9c91dd80774e023d306/screenshot - {}
RESULT: {}
RESULT: undefined
COMMAND: POST /session/a559204827f2d9c91dd80774e023d306/element - {"using":"xpath","value":"//*[@id=\"__tile52\"]"}
RESULT: {"using":"xpath","value":"//*[@id=\"__tile52\"]"}
COMMAND: POST /session/a559204827f2d9c91dd80774e023d306/element/f.DBBE0EFB5DADFE624B5D75D11B272D0E.d.6BE903B2C3A7666DF57E452A003B28A2.e.1883/click - {}
RESULT: undefined
COMMAND: POST /session/a559204827f2d9c91dd80774e023d306/element - {"using":"xpath","value":"//*[@id=\"__tile52\"]"}
RESULT: {"using":"xpath","value":"//*[@id=\"__tile52\"]"}
COMMAND: POST /session/a559204827f2d9c91dd80774e023d306/element/f.DBBE0EFB5DADFE624B5D75D11B272D0E.d.6BE903B2C3A7666DF57E452A003B28A2.e.1883/click - {}
RESULT: undefined
COMMAND: POST /session/a559204827f2d9c91dd80774e023d306/execute/async - {"script":"<script> [6424 bytes]","args":[{"element-6066-11e4-a52e-4f735466cecf":"f.DBBE0EFB5DADFE624B5D75D11B272D0E.d.6BE903B2C3A7666DF57E452A003B28A2.e.288"},"getTitle",[]]}
COMMAND: POST /session/a559204827f2d9c91dd80774e023d306/execute/async - {"script":"<script> [1562 bytes]","args":[{"selector":{"id":"shellAppTitle"},"wdio_ui5_key":"shellAppTitle"}]}
RESULT: {"script":"<script> [1562 bytes]","args":[{"selector":{"id":"shellAppTitle"},"wdio_ui5_key":"shellAppTitle"}]}
COMMAND: POST /session/a559204827f2d9c91dd80774e023d306/execute/async - {"script":"<script> [6424 bytes]","args":[{"element-6066-11e4-a52e-4f735466cecf":"f.DBBE0EFB5DADFE624B5D75D11B272D0E.d.6BE903B2C3A7666DF57E452A003B28A2.e.2004"},"getTitle",[]]}
RESULT: {"script":"<script> [6424 bytes]","args":[{"element-6066-11e4-a52e-4f735466cecf":"f.DBBE0EFB5DADFE624B5D75D11B272D0E.d.6BE903B2C3A7666DF57E452A003B28A2.e.2004"},"getTitle",[]]}
RESULT: undefined
COMMAND: POST /session/a559204827f2d9c91dd80774e023d306/element/f.DBBE0EFB5DADFE624B5D75D11B272D0E.d.6BE903B2C3A7666DF57E452A003B28A2.e.1881/click - {}
RESULT: {}
COMMAND: GET /session/a559204827f2d9c91dd80774e023d306/screenshot - {}
RESULT: {}
]]></system-out>
    </testcase>
    <testcase classname="chrome.135_0_7049_96.windows.Sanity_Tests_US104253" name="Should open Manage States Performance page" time="31.615">
      <system-out><![CDATA[
COMMAND: POST /session/a559204827f2d9c91dd80774e023d306/execute/async - {"script":"<script> [1562 bytes]","args":[{"selector":{"controlType":"sap.m.GenericTile","properties":{"header":"Manage States & Performance"}},"wdio_ui5_key":"sapm.GenericTile{\"header\":\"Manage States & Performance\"}"}]}
RESULT: {"script":"<script> [1562 bytes]","args":[{"selector":{"controlType":"sap.m.GenericTile","properties":{"header":"Manage States & Performance"}},"wdio_ui5_key":"sapm.GenericTile{\"header\":\"Manage States & Performance\"}"}]}
RESULT: undefined
COMMAND: POST /session/a559204827f2d9c91dd80774e023d306/element - {"using":"xpath","value":"//*[@id=\"__tile56\"]"}
RESULT: {"using":"xpath","value":"//*[@id=\"__tile56\"]"}
COMMAND: POST /session/a559204827f2d9c91dd80774e023d306/element/f.DBBE0EFB5DADFE624B5D75D11B272D0E.d.6BE903B2C3A7666DF57E452A003B28A2.e.2008/click - {}
RESULT: {}
COMMAND: GET /session/a559204827f2d9c91dd80774e023d306/screenshot - {}
RESULT: {}
RESULT: undefined
COMMAND: POST /session/a559204827f2d9c91dd80774e023d306/element - {"using":"xpath","value":"//*[@id=\"__tile56\"]"}
RESULT: {"using":"xpath","value":"//*[@id=\"__tile56\"]"}
COMMAND: POST /session/a559204827f2d9c91dd80774e023d306/element/f.DBBE0EFB5DADFE624B5D75D11B272D0E.d.6BE903B2C3A7666DF57E452A003B28A2.e.2008/click - {}
RESULT: undefined
COMMAND: POST /session/a559204827f2d9c91dd80774e023d306/element - {"using":"xpath","value":"//*[@id=\"__tile56\"]"}
RESULT: {"using":"xpath","value":"//*[@id=\"__tile56\"]"}
COMMAND: POST /session/a559204827f2d9c91dd80774e023d306/element/f.DBBE0EFB5DADFE624B5D75D11B272D0E.d.6BE903B2C3A7666DF57E452A003B28A2.e.2008/click - {}
RESULT: undefined
COMMAND: POST /session/a559204827f2d9c91dd80774e023d306/execute/async - {"script":"<script> [6424 bytes]","args":[{"element-6066-11e4-a52e-4f735466cecf":"f.DBBE0EFB5DADFE624B5D75D11B272D0E.d.6BE903B2C3A7666DF57E452A003B28A2.e.288"},"getTitle",[]]}
COMMAND: POST /session/a559204827f2d9c91dd80774e023d306/execute/async - {"script":"<script> [1562 bytes]","args":[{"selector":{"id":"shellAppTitle"},"wdio_ui5_key":"shellAppTitle"}]}
RESULT: {"script":"<script> [1562 bytes]","args":[{"selector":{"id":"shellAppTitle"},"wdio_ui5_key":"shellAppTitle"}]}
COMMAND: POST /session/a559204827f2d9c91dd80774e023d306/execute/async - {"script":"<script> [6424 bytes]","args":[{"element-6066-11e4-a52e-4f735466cecf":"f.DBBE0EFB5DADFE624B5D75D11B272D0E.d.6BE903B2C3A7666DF57E452A003B28A2.e.2100"},"getTitle",[]]}
RESULT: {"script":"<script> [6424 bytes]","args":[{"element-6066-11e4-a52e-4f735466cecf":"f.DBBE0EFB5DADFE624B5D75D11B272D0E.d.6BE903B2C3A7666DF57E452A003B28A2.e.2100"},"getTitle",[]]}
RESULT: undefined
COMMAND: POST /session/a559204827f2d9c91dd80774e023d306/element/f.DBBE0EFB5DADFE624B5D75D11B272D0E.d.6BE903B2C3A7666DF57E452A003B28A2.e.1881/click - {}
COMMAND: POST /session/a559204827f2d9c91dd80774e023d306/element - {"using":"xpath","value":"//*[@id=\"backBtn\"]"}
RESULT: {"using":"xpath","value":"//*[@id=\"backBtn\"]"}
COMMAND: POST /session/a559204827f2d9c91dd80774e023d306/element/f.DBBE0EFB5DADFE624B5D75D11B272D0E.d.6BE903B2C3A7666DF57E452A003B28A2.e.1881/click - {}
COMMAND: POST /session/a559204827f2d9c91dd80774e023d306/element - {"using":"xpath","value":"//*[@id=\"backBtn\"]"}
RESULT: {"using":"xpath","value":"//*[@id=\"backBtn\"]"}
COMMAND: POST /session/a559204827f2d9c91dd80774e023d306/element/f.DBBE0EFB5DADFE624B5D75D11B272D0E.d.6BE903B2C3A7666DF57E452A003B28A2.e.2101/click - {}
RESULT: {}
COMMAND: GET /session/a559204827f2d9c91dd80774e023d306/screenshot - {}
RESULT: {}
]]></system-out>
    </testcase>
    <testcase classname="chrome.135_0_7049_96.windows.Sanity_Tests_US104253" name="Should open Manage Billings page" time="34.48">
      <system-out><![CDATA[
COMMAND: POST /session/a559204827f2d9c91dd80774e023d306/execute/async - {"script":"<script> [1562 bytes]","args":[{"selector":{"controlType":"sap.m.GenericTile","properties":{"header":"Manage Billings"}},"wdio_ui5_key":"sapm.GenericTile{\"header\":\"Manage Billings\"}"}]}
RESULT: {"script":"<script> [1562 bytes]","args":[{"selector":{"controlType":"sap.m.GenericTile","properties":{"header":"Manage Billings"}},"wdio_ui5_key":"sapm.GenericTile{\"header\":\"Manage Billings\"}"}]}
RESULT: undefined
COMMAND: POST /session/a559204827f2d9c91dd80774e023d306/element - {"using":"xpath","value":"//*[@id=\"__tile51\"]"}
RESULT: {"using":"xpath","value":"//*[@id=\"__tile51\"]"}
COMMAND: POST /session/a559204827f2d9c91dd80774e023d306/element/f.DBBE0EFB5DADFE624B5D75D11B272D0E.d.6BE903B2C3A7666DF57E452A003B28A2.e.2103/click - {}
RESULT: {}
COMMAND: GET /session/a559204827f2d9c91dd80774e023d306/screenshot - {}
RESULT: {}
RESULT: undefined
COMMAND: POST /session/a559204827f2d9c91dd80774e023d306/element - {"using":"xpath","value":"//*[@id=\"__tile51\"]"}
RESULT: {"using":"xpath","value":"//*[@id=\"__tile51\"]"}
COMMAND: POST /session/a559204827f2d9c91dd80774e023d306/element/f.DBBE0EFB5DADFE624B5D75D11B272D0E.d.6BE903B2C3A7666DF57E452A003B28A2.e.2103/click - {}
RESULT: undefined
COMMAND: POST /session/a559204827f2d9c91dd80774e023d306/element - {"using":"xpath","value":"//*[@id=\"__tile51\"]"}
RESULT: {"using":"xpath","value":"//*[@id=\"__tile51\"]"}
COMMAND: POST /session/a559204827f2d9c91dd80774e023d306/element/f.DBBE0EFB5DADFE624B5D75D11B272D0E.d.6BE903B2C3A7666DF57E452A003B28A2.e.2103/click - {}
RESULT: undefined
COMMAND: POST /session/a559204827f2d9c91dd80774e023d306/execute/async - {"script":"<script> [6424 bytes]","args":[{"element-6066-11e4-a52e-4f735466cecf":"f.DBBE0EFB5DADFE624B5D75D11B272D0E.d.6BE903B2C3A7666DF57E452A003B28A2.e.288"},"getTitle",[]]}
COMMAND: POST /session/a559204827f2d9c91dd80774e023d306/execute/async - {"script":"<script> [1562 bytes]","args":[{"selector":{"id":"shellAppTitle"},"wdio_ui5_key":"shellAppTitle"}]}
RESULT: {"script":"<script> [1562 bytes]","args":[{"selector":{"id":"shellAppTitle"},"wdio_ui5_key":"shellAppTitle"}]}
COMMAND: POST /session/a559204827f2d9c91dd80774e023d306/execute/async - {"script":"<script> [6424 bytes]","args":[{"element-6066-11e4-a52e-4f735466cecf":"f.DBBE0EFB5DADFE624B5D75D11B272D0E.d.6BE903B2C3A7666DF57E452A003B28A2.e.2338"},"getTitle",[]]}
RESULT: {"script":"<script> [6424 bytes]","args":[{"element-6066-11e4-a52e-4f735466cecf":"f.DBBE0EFB5DADFE624B5D75D11B272D0E.d.6BE903B2C3A7666DF57E452A003B28A2.e.2338"},"getTitle",[]]}
RESULT: undefined
COMMAND: POST /session/a559204827f2d9c91dd80774e023d306/element/f.DBBE0EFB5DADFE624B5D75D11B272D0E.d.6BE903B2C3A7666DF57E452A003B28A2.e.2101/click - {}
COMMAND: POST /session/a559204827f2d9c91dd80774e023d306/element/f.DBBE0EFB5DADFE624B5D75D11B272D0E.d.6BE903B2C3A7666DF57E452A003B28A2.e.2101/click - {}
RESULT: {}
COMMAND: GET /session/a559204827f2d9c91dd80774e023d306/screenshot - {}
COMMAND: POST /session/a559204827f2d9c91dd80774e023d306/element - {"using":"xpath","value":"//*[@id=\"backBtn\"]"}
RESULT: {}
RESULT: {"using":"xpath","value":"//*[@id=\"backBtn\"]"}
COMMAND: POST /session/a559204827f2d9c91dd80774e023d306/elements - {"using":"xpath","value":"//*[@id=\"backBtn\"]"}
RESULT: {"using":"xpath","value":"//*[@id=\"backBtn\"]"}
COMMAND: POST /session/a559204827f2d9c91dd80774e023d306/elements - {"using":"xpath","value":"//*[@id=\"backBtn\"]"}
RESULT: {"using":"xpath","value":"//*[@id=\"backBtn\"]"}
COMMAND: POST /session/a559204827f2d9c91dd80774e023d306/elements - {"using":"xpath","value":"//*[@id=\"backBtn\"]"}
RESULT: {"using":"xpath","value":"//*[@id=\"backBtn\"]"}
COMMAND: POST /session/a559204827f2d9c91dd80774e023d306/elements - {"using":"xpath","value":"//*[@id=\"backBtn\"]"}
RESULT: {"using":"xpath","value":"//*[@id=\"backBtn\"]"}
COMMAND: POST /session/a559204827f2d9c91dd80774e023d306/elements - {"using":"xpath","value":"//*[@id=\"backBtn\"]"}
RESULT: {"using":"xpath","value":"//*[@id=\"backBtn\"]"}
COMMAND: POST /session/a559204827f2d9c91dd80774e023d306/elements - {"using":"xpath","value":"//*[@id=\"backBtn\"]"}
RESULT: {"using":"xpath","value":"//*[@id=\"backBtn\"]"}
COMMAND: POST /session/a559204827f2d9c91dd80774e023d306/elements - {"using":"xpath","value":"//*[@id=\"backBtn\"]"}
RESULT: {"using":"xpath","value":"//*[@id=\"backBtn\"]"}
COMMAND: POST /session/a559204827f2d9c91dd80774e023d306/elements - {"using":"xpath","value":"//*[@id=\"backBtn\"]"}
RESULT: {"using":"xpath","value":"//*[@id=\"backBtn\"]"}
COMMAND: POST /session/a559204827f2d9c91dd80774e023d306/elements - {"using":"xpath","value":"//*[@id=\"backBtn\"]"}
RESULT: {"using":"xpath","value":"//*[@id=\"backBtn\"]"}
COMMAND: POST /session/a559204827f2d9c91dd80774e023d306/elements - {"using":"xpath","value":"//*[@id=\"backBtn\"]"}
RESULT: {"using":"xpath","value":"//*[@id=\"backBtn\"]"}
COMMAND: POST /session/a559204827f2d9c91dd80774e023d306/elements - {"using":"xpath","value":"//*[@id=\"backBtn\"]"}
RESULT: {"using":"xpath","value":"//*[@id=\"backBtn\"]"}
COMMAND: POST /session/a559204827f2d9c91dd80774e023d306/elements - {"using":"xpath","value":"//*[@id=\"backBtn\"]"}
RESULT: {"using":"xpath","value":"//*[@id=\"backBtn\"]"}
COMMAND: POST /session/a559204827f2d9c91dd80774e023d306/elements - {"using":"xpath","value":"//*[@id=\"backBtn\"]"}
RESULT: {"using":"xpath","value":"//*[@id=\"backBtn\"]"}
COMMAND: POST /session/a559204827f2d9c91dd80774e023d306/elements - {"using":"xpath","value":"//*[@id=\"backBtn\"]"}
RESULT: {"using":"xpath","value":"//*[@id=\"backBtn\"]"}
COMMAND: POST /session/a559204827f2d9c91dd80774e023d306/elements - {"using":"xpath","value":"//*[@id=\"backBtn\"]"}
RESULT: {"using":"xpath","value":"//*[@id=\"backBtn\"]"}
COMMAND: POST /session/a559204827f2d9c91dd80774e023d306/elements - {"using":"xpath","value":"//*[@id=\"backBtn\"]"}
RESULT: {"using":"xpath","value":"//*[@id=\"backBtn\"]"}
COMMAND: POST /session/a559204827f2d9c91dd80774e023d306/elements - {"using":"xpath","value":"//*[@id=\"backBtn\"]"}
RESULT: {"using":"xpath","value":"//*[@id=\"backBtn\"]"}
COMMAND: POST /session/a559204827f2d9c91dd80774e023d306/elements - {"using":"xpath","value":"//*[@id=\"backBtn\"]"}
RESULT: {"using":"xpath","value":"//*[@id=\"backBtn\"]"}
]]></system-out>
    </testcase>
    <testcase classname="chrome.135_0_7049_96.windows.Sanity_Tests_US104253" name="Should open Manage Conditions Prices page" time="40.375">
      <system-out><![CDATA[
COMMAND: POST /session/a559204827f2d9c91dd80774e023d306/execute/async - {"script":"<script> [1562 bytes]","args":[{"selector":{"controlType":"sap.m.GenericTile","properties":{"header":"Manage Conditions & Prices"}},"wdio_ui5_key":"sapm.GenericTile{\"header\":\"Manage Conditions & Prices\"}"}]}
COMMAND: POST /session/a559204827f2d9c91dd80774e023d306/elements - {"using":"xpath","value":"//*[@id=\"backBtn\"]"}
RESULT: {"script":"<script> [1562 bytes]","args":[{"selector":{"controlType":"sap.m.GenericTile","properties":{"header":"Manage Conditions & Prices"}},"wdio_ui5_key":"sapm.GenericTile{\"header\":\"Manage Conditions & Prices\"}"}]}
RESULT: undefined
COMMAND: POST /session/a559204827f2d9c91dd80774e023d306/element - {"using":"xpath","value":"//*[@id=\"__tile53\"]"}
RESULT: {"using":"xpath","value":"//*[@id=\"backBtn\"]"}
RESULT: {"using":"xpath","value":"//*[@id=\"__tile53\"]"}
COMMAND: POST /session/a559204827f2d9c91dd80774e023d306/element/f.DBBE0EFB5DADFE624B5D75D11B272D0E.d.6BE903B2C3A7666DF57E452A003B28A2.e.2340/click - {}
RESULT: {}
COMMAND: GET /session/a559204827f2d9c91dd80774e023d306/screenshot - {}
RESULT: {}
COMMAND: POST /session/a559204827f2d9c91dd80774e023d306/elements - {"using":"xpath","value":"//*[@id=\"backBtn\"]"}
RESULT: {"using":"xpath","value":"//*[@id=\"backBtn\"]"}
COMMAND: POST /session/a559204827f2d9c91dd80774e023d306/elements - {"using":"xpath","value":"//*[@id=\"backBtn\"]"}
RESULT: {"using":"xpath","value":"//*[@id=\"backBtn\"]"}
COMMAND: POST /session/a559204827f2d9c91dd80774e023d306/elements - {"using":"xpath","value":"//*[@id=\"backBtn\"]"}
RESULT: undefined
COMMAND: POST /session/a559204827f2d9c91dd80774e023d306/element - {"using":"xpath","value":"//*[@id=\"__tile53\"]"}
RESULT: {"using":"xpath","value":"//*[@id=\"backBtn\"]"}
COMMAND: POST /session/a559204827f2d9c91dd80774e023d306/element - {"using":"xpath","value":"//*[@id=\"backBtn\"]"}
RESULT: {"using":"xpath","value":"//*[@id=\"__tile53\"]"}
COMMAND: POST /session/a559204827f2d9c91dd80774e023d306/element/f.DBBE0EFB5DADFE624B5D75D11B272D0E.d.6BE903B2C3A7666DF57E452A003B28A2.e.2340/click - {}
RESULT: {"using":"xpath","value":"//*[@id=\"backBtn\"]"}
COMMAND: POST /session/a559204827f2d9c91dd80774e023d306/element/f.DBBE0EFB5DADFE624B5D75D11B272D0E.d.6BE903B2C3A7666DF57E452A003B28A2.e.2101/click - {}
COMMAND: POST /session/a559204827f2d9c91dd80774e023d306/element - {"using":"xpath","value":"//*[@id=\"backBtn\"]"}
RESULT: {"using":"xpath","value":"//*[@id=\"backBtn\"]"}
COMMAND: POST /session/a559204827f2d9c91dd80774e023d306/element/f.DBBE0EFB5DADFE624B5D75D11B272D0E.d.6BE903B2C3A7666DF57E452A003B28A2.e.2344/click - {}
RESULT: {}
COMMAND: GET /session/a559204827f2d9c91dd80774e023d306/screenshot - {}
RESULT: {}
RESULT: undefined
COMMAND: POST /session/a559204827f2d9c91dd80774e023d306/element - {"using":"xpath","value":"//*[@id=\"__tile53\"]"}
COMMAND: GET /session/a559204827f2d9c91dd80774e023d306/screenshot - {}
RESULT: {}
RESULT: {"using":"xpath","value":"//*[@id=\"__tile53\"]"}
COMMAND: POST /session/a559204827f2d9c91dd80774e023d306/element/f.DBBE0EFB5DADFE624B5D75D11B272D0E.d.6BE903B2C3A7666DF57E452A003B28A2.e.2340/click - {}
RESULT: {}
RESULT: undefined
COMMAND: POST /session/a559204827f2d9c91dd80774e023d306/execute/async - {"script":"<script> [6424 bytes]","args":[{"element-6066-11e4-a52e-4f735466cecf":"f.DBBE0EFB5DADFE624B5D75D11B272D0E.d.6BE903B2C3A7666DF57E452A003B28A2.e.288"},"getTitle",[]]}
COMMAND: POST /session/a559204827f2d9c91dd80774e023d306/execute/async - {"script":"<script> [1562 bytes]","args":[{"selector":{"id":"shellAppTitle"},"wdio_ui5_key":"shellAppTitle"}]}
RESULT: {"script":"<script> [1562 bytes]","args":[{"selector":{"id":"shellAppTitle"},"wdio_ui5_key":"shellAppTitle"}]}
COMMAND: POST /session/a559204827f2d9c91dd80774e023d306/execute/async - {"script":"<script> [6424 bytes]","args":[{"element-6066-11e4-a52e-4f735466cecf":"f.DBBE0EFB5DADFE624B5D75D11B272D0E.d.6BE903B2C3A7666DF57E452A003B28A2.e.2600"},"getTitle",[]]}
RESULT: {"script":"<script> [6424 bytes]","args":[{"element-6066-11e4-a52e-4f735466cecf":"f.DBBE0EFB5DADFE624B5D75D11B272D0E.d.6BE903B2C3A7666DF57E452A003B28A2.e.2600"},"getTitle",[]]}
RESULT: undefined
COMMAND: POST /session/a559204827f2d9c91dd80774e023d306/element/f.DBBE0EFB5DADFE624B5D75D11B272D0E.d.6BE903B2C3A7666DF57E452A003B28A2.e.2344/click - {}
RESULT: {}
COMMAND: GET /session/a559204827f2d9c91dd80774e023d306/screenshot - {}
RESULT: {}
]]></system-out>
    </testcase>
    <testcase classname="chrome.135_0_7049_96.windows.Sanity_Tests_US104253" name="Should open Billing Transfer page" time="32.401">
      <system-out><![CDATA[
COMMAND: POST /session/a559204827f2d9c91dd80774e023d306/execute/async - {"script":"<script> [1562 bytes]","args":[{"selector":{"controlType":"sap.m.GenericTile","properties":{"header":"Billing Transfer"}},"wdio_ui5_key":"sapm.GenericTile{\"header\":\"Billing Transfer\"}"}]}
RESULT: {"script":"<script> [1562 bytes]","args":[{"selector":{"controlType":"sap.m.GenericTile","properties":{"header":"Billing Transfer"}},"wdio_ui5_key":"sapm.GenericTile{\"header\":\"Billing Transfer\"}"}]}
RESULT: undefined
COMMAND: POST /session/a559204827f2d9c91dd80774e023d306/element - {"using":"xpath","value":"//*[@id=\"__tile50\"]"}
RESULT: {"using":"xpath","value":"//*[@id=\"__tile50\"]"}
COMMAND: POST /session/a559204827f2d9c91dd80774e023d306/element/f.DBBE0EFB5DADFE624B5D75D11B272D0E.d.6BE903B2C3A7666DF57E452A003B28A2.e.2602/click - {}
RESULT: {}
COMMAND: GET /session/a559204827f2d9c91dd80774e023d306/screenshot - {}
RESULT: {}
RESULT: undefined
COMMAND: POST /session/a559204827f2d9c91dd80774e023d306/element - {"using":"xpath","value":"//*[@id=\"__tile50\"]"}
RESULT: {"using":"xpath","value":"//*[@id=\"__tile50\"]"}
COMMAND: POST /session/a559204827f2d9c91dd80774e023d306/element/f.DBBE0EFB5DADFE624B5D75D11B272D0E.d.6BE903B2C3A7666DF57E452A003B28A2.e.2602/click - {}
RESULT: undefined
COMMAND: POST /session/a559204827f2d9c91dd80774e023d306/element - {"using":"xpath","value":"//*[@id=\"__tile50\"]"}
RESULT: {"using":"xpath","value":"//*[@id=\"__tile50\"]"}
COMMAND: POST /session/a559204827f2d9c91dd80774e023d306/element/f.DBBE0EFB5DADFE624B5D75D11B272D0E.d.6BE903B2C3A7666DF57E452A003B28A2.e.2602/click - {}
RESULT: undefined
COMMAND: POST /session/a559204827f2d9c91dd80774e023d306/execute/async - {"script":"<script> [6424 bytes]","args":[{"element-6066-11e4-a52e-4f735466cecf":"f.DBBE0EFB5DADFE624B5D75D11B272D0E.d.6BE903B2C3A7666DF57E452A003B28A2.e.288"},"getTitle",[]]}
COMMAND: POST /session/a559204827f2d9c91dd80774e023d306/execute/async - {"script":"<script> [1562 bytes]","args":[{"selector":{"id":"shellAppTitle"},"wdio_ui5_key":"shellAppTitle"}]}
RESULT: {"script":"<script> [1562 bytes]","args":[{"selector":{"id":"shellAppTitle"},"wdio_ui5_key":"shellAppTitle"}]}
COMMAND: POST /session/a559204827f2d9c91dd80774e023d306/execute/async - {"script":"<script> [6424 bytes]","args":[{"element-6066-11e4-a52e-4f735466cecf":"f.DBBE0EFB5DADFE624B5D75D11B272D0E.d.6BE903B2C3A7666DF57E452A003B28A2.e.2754"},"getTitle",[]]}
RESULT: {"script":"<script> [6424 bytes]","args":[{"element-6066-11e4-a52e-4f735466cecf":"f.DBBE0EFB5DADFE624B5D75D11B272D0E.d.6BE903B2C3A7666DF57E452A003B28A2.e.2754"},"getTitle",[]]}
RESULT: undefined
COMMAND: POST /session/a559204827f2d9c91dd80774e023d306/element/f.DBBE0EFB5DADFE624B5D75D11B272D0E.d.6BE903B2C3A7666DF57E452A003B28A2.e.2344/click - {}
COMMAND: POST /session/a559204827f2d9c91dd80774e023d306/element - {"using":"xpath","value":"//*[@id=\"backBtn\"]"}
RESULT: {"using":"xpath","value":"//*[@id=\"backBtn\"]"}
COMMAND: POST /session/a559204827f2d9c91dd80774e023d306/element/f.DBBE0EFB5DADFE624B5D75D11B272D0E.d.6BE903B2C3A7666DF57E452A003B28A2.e.2344/click - {}
COMMAND: POST /session/a559204827f2d9c91dd80774e023d306/element - {"using":"xpath","value":"//*[@id=\"backBtn\"]"}
RESULT: {"using":"xpath","value":"//*[@id=\"backBtn\"]"}
COMMAND: POST /session/a559204827f2d9c91dd80774e023d306/element/f.DBBE0EFB5DADFE624B5D75D11B272D0E.d.6BE903B2C3A7666DF57E452A003B28A2.e.2755/click - {}
RESULT: {}
COMMAND: GET /session/a559204827f2d9c91dd80774e023d306/screenshot - {}
RESULT: {}
]]></system-out>
    </testcase>
    <testcase classname="chrome.135_0_7049_96.windows.Sanity_Tests_US104253" name="Should open Manage Pricing Rules page" time="30.073">
      <system-out><![CDATA[
COMMAND: POST /session/a559204827f2d9c91dd80774e023d306/execute/async - {"script":"<script> [1562 bytes]","args":[{"selector":{"controlType":"sap.m.GenericTile","properties":{"header":"Manage Pricing Rules"}},"wdio_ui5_key":"sapm.GenericTile{\"header\":\"Manage Pricing Rules\"}"}]}
RESULT: {"script":"<script> [1562 bytes]","args":[{"selector":{"controlType":"sap.m.GenericTile","properties":{"header":"Manage Pricing Rules"}},"wdio_ui5_key":"sapm.GenericTile{\"header\":\"Manage Pricing Rules\"}"}]}
RESULT: undefined
COMMAND: POST /session/a559204827f2d9c91dd80774e023d306/element - {"using":"xpath","value":"//*[@id=\"__tile55\"]"}
RESULT: {"using":"xpath","value":"//*[@id=\"__tile55\"]"}
COMMAND: POST /session/a559204827f2d9c91dd80774e023d306/element/f.DBBE0EFB5DADFE624B5D75D11B272D0E.d.6BE903B2C3A7666DF57E452A003B28A2.e.2757/click - {}
RESULT: {}
COMMAND: GET /session/a559204827f2d9c91dd80774e023d306/screenshot - {}
RESULT: {}
RESULT: undefined
COMMAND: POST /session/a559204827f2d9c91dd80774e023d306/element - {"using":"xpath","value":"//*[@id=\"__tile55\"]"}
RESULT: {"using":"xpath","value":"//*[@id=\"__tile55\"]"}
COMMAND: POST /session/a559204827f2d9c91dd80774e023d306/element/f.DBBE0EFB5DADFE624B5D75D11B272D0E.d.6BE903B2C3A7666DF57E452A003B28A2.e.2757/click - {}
RESULT: undefined
COMMAND: POST /session/a559204827f2d9c91dd80774e023d306/element - {"using":"xpath","value":"//*[@id=\"__tile55\"]"}
RESULT: {"using":"xpath","value":"//*[@id=\"__tile55\"]"}
COMMAND: POST /session/a559204827f2d9c91dd80774e023d306/element/f.DBBE0EFB5DADFE624B5D75D11B272D0E.d.6BE903B2C3A7666DF57E452A003B28A2.e.2757/click - {}
RESULT: undefined
COMMAND: POST /session/a559204827f2d9c91dd80774e023d306/execute/async - {"script":"<script> [6424 bytes]","args":[{"element-6066-11e4-a52e-4f735466cecf":"f.DBBE0EFB5DADFE624B5D75D11B272D0E.d.6BE903B2C3A7666DF57E452A003B28A2.e.288"},"getTitle",[]]}
COMMAND: POST /session/a559204827f2d9c91dd80774e023d306/execute/async - {"script":"<script> [1562 bytes]","args":[{"selector":{"id":"shellAppTitle"},"wdio_ui5_key":"shellAppTitle"}]}
RESULT: {"script":"<script> [1562 bytes]","args":[{"selector":{"id":"shellAppTitle"},"wdio_ui5_key":"shellAppTitle"}]}
COMMAND: POST /session/a559204827f2d9c91dd80774e023d306/execute/async - {"script":"<script> [6424 bytes]","args":[{"element-6066-11e4-a52e-4f735466cecf":"f.DBBE0EFB5DADFE624B5D75D11B272D0E.d.6BE903B2C3A7666DF57E452A003B28A2.e.2805"},"getTitle",[]]}
RESULT: {"script":"<script> [6424 bytes]","args":[{"element-6066-11e4-a52e-4f735466cecf":"f.DBBE0EFB5DADFE624B5D75D11B272D0E.d.6BE903B2C3A7666DF57E452A003B28A2.e.2805"},"getTitle",[]]}
RESULT: undefined
COMMAND: POST /session/a559204827f2d9c91dd80774e023d306/element/f.DBBE0EFB5DADFE624B5D75D11B272D0E.d.6BE903B2C3A7666DF57E452A003B28A2.e.2755/click - {}
RESULT: {}
COMMAND: GET /session/a559204827f2d9c91dd80774e023d306/screenshot - {}
RESULT: {}
]]></system-out>
    </testcase>
    <testcase classname="chrome.135_0_7049_96.windows.Sanity_Tests_US104253" name="Should open Manage Price Determination Matrices page" time="31.649">
      <system-out><![CDATA[
COMMAND: POST /session/a559204827f2d9c91dd80774e023d306/execute/async - {"script":"<script> [1562 bytes]","args":[{"selector":{"controlType":"sap.m.GenericTile","properties":{"header":"Manage Price Determination Matrices"}},"wdio_ui5_key":"sapm.GenericTile{\"header\":\"Manage Price Determination Matrices\"}"}]}
RESULT: {"script":"<script> [1562 bytes]","args":[{"selector":{"controlType":"sap.m.GenericTile","properties":{"header":"Manage Price Determination Matrices"}},"wdio_ui5_key":"sapm.GenericTile{\"header\":\"Manage Price Determination Matrices\"}"}]}
RESULT: undefined
COMMAND: POST /session/a559204827f2d9c91dd80774e023d306/element - {"using":"xpath","value":"//*[@id=\"__tile54\"]"}
RESULT: {"using":"xpath","value":"//*[@id=\"__tile54\"]"}
COMMAND: POST /session/a559204827f2d9c91dd80774e023d306/element/f.DBBE0EFB5DADFE624B5D75D11B272D0E.d.6BE903B2C3A7666DF57E452A003B28A2.e.2807/click - {}
RESULT: {}
COMMAND: GET /session/a559204827f2d9c91dd80774e023d306/screenshot - {}
RESULT: {}
RESULT: undefined
COMMAND: POST /session/a559204827f2d9c91dd80774e023d306/element - {"using":"xpath","value":"//*[@id=\"__tile54\"]"}
RESULT: {"using":"xpath","value":"//*[@id=\"__tile54\"]"}
COMMAND: POST /session/a559204827f2d9c91dd80774e023d306/element/f.DBBE0EFB5DADFE624B5D75D11B272D0E.d.6BE903B2C3A7666DF57E452A003B28A2.e.2807/click - {}
RESULT: undefined
COMMAND: POST /session/a559204827f2d9c91dd80774e023d306/element - {"using":"xpath","value":"//*[@id=\"__tile54\"]"}
RESULT: {"using":"xpath","value":"//*[@id=\"__tile54\"]"}
COMMAND: POST /session/a559204827f2d9c91dd80774e023d306/element/f.DBBE0EFB5DADFE624B5D75D11B272D0E.d.6BE903B2C3A7666DF57E452A003B28A2.e.2807/click - {}
RESULT: undefined
COMMAND: POST /session/a559204827f2d9c91dd80774e023d306/execute/async - {"script":"<script> [6424 bytes]","args":[{"element-6066-11e4-a52e-4f735466cecf":"f.DBBE0EFB5DADFE624B5D75D11B272D0E.d.6BE903B2C3A7666DF57E452A003B28A2.e.288"},"getTitle",[]]}
COMMAND: POST /session/a559204827f2d9c91dd80774e023d306/execute/async - {"script":"<script> [1562 bytes]","args":[{"selector":{"id":"shellAppTitle"},"wdio_ui5_key":"shellAppTitle"}]}
RESULT: {"script":"<script> [1562 bytes]","args":[{"selector":{"id":"shellAppTitle"},"wdio_ui5_key":"shellAppTitle"}]}
COMMAND: POST /session/a559204827f2d9c91dd80774e023d306/execute/async - {"script":"<script> [6424 bytes]","args":[{"element-6066-11e4-a52e-4f735466cecf":"f.DBBE0EFB5DADFE624B5D75D11B272D0E.d.6BE903B2C3A7666DF57E452A003B28A2.e.2887"},"getTitle",[]]}
RESULT: {"script":"<script> [6424 bytes]","args":[{"element-6066-11e4-a52e-4f735466cecf":"f.DBBE0EFB5DADFE624B5D75D11B272D0E.d.6BE903B2C3A7666DF57E452A003B28A2.e.2887"},"getTitle",[]]}
RESULT: undefined
COMMAND: POST /session/a559204827f2d9c91dd80774e023d306/element/f.DBBE0EFB5DADFE624B5D75D11B272D0E.d.6BE903B2C3A7666DF57E452A003B28A2.e.2755/click - {}
COMMAND: POST /session/a559204827f2d9c91dd80774e023d306/element - {"using":"xpath","value":"//*[@id=\"backBtn\"]"}
RESULT: {"using":"xpath","value":"//*[@id=\"backBtn\"]"}
COMMAND: POST /session/a559204827f2d9c91dd80774e023d306/element/f.DBBE0EFB5DADFE624B5D75D11B272D0E.d.6BE903B2C3A7666DF57E452A003B28A2.e.2755/click - {}
COMMAND: POST /session/a559204827f2d9c91dd80774e023d306/element - {"using":"xpath","value":"//*[@id=\"backBtn\"]"}
RESULT: {"using":"xpath","value":"//*[@id=\"backBtn\"]"}
COMMAND: POST /session/a559204827f2d9c91dd80774e023d306/element/f.DBBE0EFB5DADFE624B5D75D11B272D0E.d.6BE903B2C3A7666DF57E452A003B28A2.e.2888/click - {}
RESULT: {}
COMMAND: GET /session/a559204827f2d9c91dd80774e023d306/screenshot - {}
RESULT: {}
]]></system-out>
    </testcase>
    <testcase classname="chrome.135_0_7049_96.windows.Sanity_Tests_US104253" name="Should open Yard Overview page" time="29.828">
      <system-out><![CDATA[
COMMAND: POST /session/a559204827f2d9c91dd80774e023d306/execute/async - {"script":"<script> [1562 bytes]","args":[{"selector":{"controlType":"sap.m.GenericTile","properties":{"header":"Yard Overview"}},"wdio_ui5_key":"sapm.GenericTile{\"header\":\"Yard Overview\"}"}]}
RESULT: {"script":"<script> [1562 bytes]","args":[{"selector":{"controlType":"sap.m.GenericTile","properties":{"header":"Yard Overview"}},"wdio_ui5_key":"sapm.GenericTile{\"header\":\"Yard Overview\"}"}]}
RESULT: undefined
COMMAND: POST /session/a559204827f2d9c91dd80774e023d306/element - {"using":"xpath","value":"//*[@id=\"__tile102\"]"}
RESULT: {"using":"xpath","value":"//*[@id=\"__tile102\"]"}
COMMAND: POST /session/a559204827f2d9c91dd80774e023d306/element/f.DBBE0EFB5DADFE624B5D75D11B272D0E.d.6BE903B2C3A7666DF57E452A003B28A2.e.2890/click - {}
RESULT: {}
COMMAND: GET /session/a559204827f2d9c91dd80774e023d306/screenshot - {}
RESULT: {}
RESULT: undefined
COMMAND: POST /session/a559204827f2d9c91dd80774e023d306/element - {"using":"xpath","value":"//*[@id=\"__tile102\"]"}
RESULT: {"using":"xpath","value":"//*[@id=\"__tile102\"]"}
COMMAND: POST /session/a559204827f2d9c91dd80774e023d306/element/f.DBBE0EFB5DADFE624B5D75D11B272D0E.d.6BE903B2C3A7666DF57E452A003B28A2.e.2890/click - {}
RESULT: undefined
COMMAND: POST /session/a559204827f2d9c91dd80774e023d306/element - {"using":"xpath","value":"//*[@id=\"__tile102\"]"}
RESULT: {"using":"xpath","value":"//*[@id=\"__tile102\"]"}
COMMAND: POST /session/a559204827f2d9c91dd80774e023d306/element/f.DBBE0EFB5DADFE624B5D75D11B272D0E.d.6BE903B2C3A7666DF57E452A003B28A2.e.2890/click - {}
RESULT: undefined
COMMAND: POST /session/a559204827f2d9c91dd80774e023d306/execute/async - {"script":"<script> [6424 bytes]","args":[{"element-6066-11e4-a52e-4f735466cecf":"f.DBBE0EFB5DADFE624B5D75D11B272D0E.d.6BE903B2C3A7666DF57E452A003B28A2.e.288"},"getTitle",[]]}
COMMAND: POST /session/a559204827f2d9c91dd80774e023d306/execute/async - {"script":"<script> [1562 bytes]","args":[{"selector":{"id":"shellAppTitle"},"wdio_ui5_key":"shellAppTitle"}]}
RESULT: {"script":"<script> [1562 bytes]","args":[{"selector":{"id":"shellAppTitle"},"wdio_ui5_key":"shellAppTitle"}]}
COMMAND: POST /session/a559204827f2d9c91dd80774e023d306/execute/async - {"script":"<script> [6424 bytes]","args":[{"element-6066-11e4-a52e-4f735466cecf":"f.DBBE0EFB5DADFE624B5D75D11B272D0E.d.6BE903B2C3A7666DF57E452A003B28A2.e.2954"},"getTitle",[]]}
RESULT: {"script":"<script> [6424 bytes]","args":[{"element-6066-11e4-a52e-4f735466cecf":"f.DBBE0EFB5DADFE624B5D75D11B272D0E.d.6BE903B2C3A7666DF57E452A003B28A2.e.2954"},"getTitle",[]]}
RESULT: undefined
COMMAND: POST /session/a559204827f2d9c91dd80774e023d306/element/f.DBBE0EFB5DADFE624B5D75D11B272D0E.d.6BE903B2C3A7666DF57E452A003B28A2.e.2888/click - {}
RESULT: {}
COMMAND: GET /session/a559204827f2d9c91dd80774e023d306/screenshot - {}
RESULT: {}
]]></system-out>
    </testcase>
    <testcase classname="chrome.135_0_7049_96.windows.Sanity_Tests_US104253" name="Should open Site Overview page" time="31.569">
      <system-out><![CDATA[
COMMAND: POST /session/a559204827f2d9c91dd80774e023d306/execute/async - {"script":"<script> [1562 bytes]","args":[{"selector":{"controlType":"sap.m.GenericTile","properties":{"header":"Site Overview"}},"wdio_ui5_key":"sapm.GenericTile{\"header\":\"Site Overview\"}"}]}
RESULT: {"script":"<script> [1562 bytes]","args":[{"selector":{"controlType":"sap.m.GenericTile","properties":{"header":"Site Overview"}},"wdio_ui5_key":"sapm.GenericTile{\"header\":\"Site Overview\"}"}]}
RESULT: undefined
COMMAND: POST /session/a559204827f2d9c91dd80774e023d306/element - {"using":"xpath","value":"//*[@id=\"__tile100\"]"}
RESULT: {"using":"xpath","value":"//*[@id=\"__tile100\"]"}
COMMAND: POST /session/a559204827f2d9c91dd80774e023d306/element/f.DBBE0EFB5DADFE624B5D75D11B272D0E.d.6BE903B2C3A7666DF57E452A003B28A2.e.2957/click - {}
RESULT: {}
COMMAND: GET /session/a559204827f2d9c91dd80774e023d306/screenshot - {}
RESULT: {}
RESULT: undefined
COMMAND: POST /session/a559204827f2d9c91dd80774e023d306/element - {"using":"xpath","value":"//*[@id=\"__tile100\"]"}
RESULT: {"using":"xpath","value":"//*[@id=\"__tile100\"]"}
COMMAND: POST /session/a559204827f2d9c91dd80774e023d306/element/f.DBBE0EFB5DADFE624B5D75D11B272D0E.d.6BE903B2C3A7666DF57E452A003B28A2.e.2957/click - {}
RESULT: undefined
COMMAND: POST /session/a559204827f2d9c91dd80774e023d306/element - {"using":"xpath","value":"//*[@id=\"__tile100\"]"}
RESULT: {"using":"xpath","value":"//*[@id=\"__tile100\"]"}
COMMAND: POST /session/a559204827f2d9c91dd80774e023d306/element/f.DBBE0EFB5DADFE624B5D75D11B272D0E.d.6BE903B2C3A7666DF57E452A003B28A2.e.2957/click - {}
RESULT: undefined
COMMAND: POST /session/a559204827f2d9c91dd80774e023d306/execute/async - {"script":"<script> [6424 bytes]","args":[{"element-6066-11e4-a52e-4f735466cecf":"f.DBBE0EFB5DADFE624B5D75D11B272D0E.d.6BE903B2C3A7666DF57E452A003B28A2.e.288"},"getTitle",[]]}
COMMAND: POST /session/a559204827f2d9c91dd80774e023d306/execute/async - {"script":"<script> [1562 bytes]","args":[{"selector":{"id":"shellAppTitle"},"wdio_ui5_key":"shellAppTitle"}]}
RESULT: {"script":"<script> [1562 bytes]","args":[{"selector":{"id":"shellAppTitle"},"wdio_ui5_key":"shellAppTitle"}]}
COMMAND: POST /session/a559204827f2d9c91dd80774e023d306/execute/async - {"script":"<script> [6424 bytes]","args":[{"element-6066-11e4-a52e-4f735466cecf":"f.DBBE0EFB5DADFE624B5D75D11B272D0E.d.6BE903B2C3A7666DF57E452A003B28A2.e.3074"},"getTitle",[]]}
RESULT: {"script":"<script> [6424 bytes]","args":[{"element-6066-11e4-a52e-4f735466cecf":"f.DBBE0EFB5DADFE624B5D75D11B272D0E.d.6BE903B2C3A7666DF57E452A003B28A2.e.3074"},"getTitle",[]]}
RESULT: undefined
COMMAND: POST /session/a559204827f2d9c91dd80774e023d306/element/f.DBBE0EFB5DADFE624B5D75D11B272D0E.d.6BE903B2C3A7666DF57E452A003B28A2.e.2888/click - {}
COMMAND: POST /session/a559204827f2d9c91dd80774e023d306/element - {"using":"xpath","value":"//*[@id=\"backBtn\"]"}
RESULT: {"using":"xpath","value":"//*[@id=\"backBtn\"]"}
COMMAND: POST /session/a559204827f2d9c91dd80774e023d306/element/f.DBBE0EFB5DADFE624B5D75D11B272D0E.d.6BE903B2C3A7666DF57E452A003B28A2.e.2888/click - {}
COMMAND: POST /session/a559204827f2d9c91dd80774e023d306/element - {"using":"xpath","value":"//*[@id=\"backBtn\"]"}
RESULT: {"using":"xpath","value":"//*[@id=\"backBtn\"]"}
COMMAND: POST /session/a559204827f2d9c91dd80774e023d306/element/f.DBBE0EFB5DADFE624B5D75D11B272D0E.d.6BE903B2C3A7666DF57E452A003B28A2.e.3075/click - {}
RESULT: {}
COMMAND: GET /session/a559204827f2d9c91dd80774e023d306/screenshot - {}
RESULT: {}
]]></system-out>
    </testcase>
    <testcase classname="chrome.135_0_7049_96.windows.Sanity_Tests_US104253" name="Should open Trace Track Resources page" time="31.527">
      <system-out><![CDATA[
COMMAND: POST /session/a559204827f2d9c91dd80774e023d306/execute/async - {"script":"<script> [1562 bytes]","args":[{"selector":{"controlType":"sap.m.GenericTile","properties":{"header":"Trace & Track Resources"}},"wdio_ui5_key":"sapm.GenericTile{\"header\":\"Trace & Track Resources\"}"}]}
RESULT: {"script":"<script> [1562 bytes]","args":[{"selector":{"controlType":"sap.m.GenericTile","properties":{"header":"Trace & Track Resources"}},"wdio_ui5_key":"sapm.GenericTile{\"header\":\"Trace & Track Resources\"}"}]}
RESULT: undefined
COMMAND: POST /session/a559204827f2d9c91dd80774e023d306/element - {"using":"xpath","value":"//*[@id=\"__tile101\"]"}
RESULT: {"using":"xpath","value":"//*[@id=\"__tile101\"]"}
COMMAND: POST /session/a559204827f2d9c91dd80774e023d306/element/f.DBBE0EFB5DADFE624B5D75D11B272D0E.d.6BE903B2C3A7666DF57E452A003B28A2.e.3077/click - {}
RESULT: {}
COMMAND: GET /session/a559204827f2d9c91dd80774e023d306/screenshot - {}
RESULT: {}
RESULT: undefined
COMMAND: POST /session/a559204827f2d9c91dd80774e023d306/element - {"using":"xpath","value":"//*[@id=\"__tile101\"]"}
RESULT: {"using":"xpath","value":"//*[@id=\"__tile101\"]"}
COMMAND: POST /session/a559204827f2d9c91dd80774e023d306/element/f.DBBE0EFB5DADFE624B5D75D11B272D0E.d.6BE903B2C3A7666DF57E452A003B28A2.e.3077/click - {}
RESULT: undefined
COMMAND: POST /session/a559204827f2d9c91dd80774e023d306/element - {"using":"xpath","value":"//*[@id=\"__tile101\"]"}
RESULT: {"using":"xpath","value":"//*[@id=\"__tile101\"]"}
COMMAND: POST /session/a559204827f2d9c91dd80774e023d306/element/f.DBBE0EFB5DADFE624B5D75D11B272D0E.d.6BE903B2C3A7666DF57E452A003B28A2.e.3077/click - {}
RESULT: undefined
COMMAND: POST /session/a559204827f2d9c91dd80774e023d306/execute/async - {"script":"<script> [6424 bytes]","args":[{"element-6066-11e4-a52e-4f735466cecf":"f.DBBE0EFB5DADFE624B5D75D11B272D0E.d.6BE903B2C3A7666DF57E452A003B28A2.e.288"},"getTitle",[]]}
COMMAND: POST /session/a559204827f2d9c91dd80774e023d306/execute/async - {"script":"<script> [1562 bytes]","args":[{"selector":{"id":"shellAppTitle"},"wdio_ui5_key":"shellAppTitle"}]}
RESULT: {"script":"<script> [1562 bytes]","args":[{"selector":{"id":"shellAppTitle"},"wdio_ui5_key":"shellAppTitle"}]}
COMMAND: POST /session/a559204827f2d9c91dd80774e023d306/execute/async - {"script":"<script> [6424 bytes]","args":[{"element-6066-11e4-a52e-4f735466cecf":"f.DBBE0EFB5DADFE624B5D75D11B272D0E.d.6BE903B2C3A7666DF57E452A003B28A2.e.3111"},"getTitle",[]]}
RESULT: {"script":"<script> [6424 bytes]","args":[{"element-6066-11e4-a52e-4f735466cecf":"f.DBBE0EFB5DADFE624B5D75D11B272D0E.d.6BE903B2C3A7666DF57E452A003B28A2.e.3111"},"getTitle",[]]}
RESULT: undefined
COMMAND: POST /session/a559204827f2d9c91dd80774e023d306/element/f.DBBE0EFB5DADFE624B5D75D11B272D0E.d.6BE903B2C3A7666DF57E452A003B28A2.e.3075/click - {}
RESULT: {}
COMMAND: GET /session/a559204827f2d9c91dd80774e023d306/screenshot - {}
RESULT: {}
]]></system-out>
    </testcase>
    <testcase classname="chrome.135_0_7049_96.windows.Sanity_Tests_US104253" name="Should open RU Inventory List page" time="31.623">
      <system-out><![CDATA[
COMMAND: POST /session/a559204827f2d9c91dd80774e023d306/execute/async - {"script":"<script> [1562 bytes]","args":[{"selector":{"controlType":"sap.m.GenericTile","properties":{"header":"RU Inventory List"}},"wdio_ui5_key":"sapm.GenericTile{\"header\":\"RU Inventory List\"}"}]}
RESULT: {"script":"<script> [1562 bytes]","args":[{"selector":{"controlType":"sap.m.GenericTile","properties":{"header":"RU Inventory List"}},"wdio_ui5_key":"sapm.GenericTile{\"header\":\"RU Inventory List\"}"}]}
RESULT: undefined
COMMAND: POST /session/a559204827f2d9c91dd80774e023d306/element - {"using":"xpath","value":"//*[@id=\"__tile99\"]"}
RESULT: {"using":"xpath","value":"//*[@id=\"__tile99\"]"}
COMMAND: POST /session/a559204827f2d9c91dd80774e023d306/element/f.DBBE0EFB5DADFE624B5D75D11B272D0E.d.6BE903B2C3A7666DF57E452A003B28A2.e.3113/click - {}
RESULT: {}
COMMAND: GET /session/a559204827f2d9c91dd80774e023d306/screenshot - {}
RESULT: {}
RESULT: undefined
COMMAND: POST /session/a559204827f2d9c91dd80774e023d306/element - {"using":"xpath","value":"//*[@id=\"__tile99\"]"}
RESULT: {"using":"xpath","value":"//*[@id=\"__tile99\"]"}
COMMAND: POST /session/a559204827f2d9c91dd80774e023d306/element/f.DBBE0EFB5DADFE624B5D75D11B272D0E.d.6BE903B2C3A7666DF57E452A003B28A2.e.3113/click - {}
RESULT: undefined
COMMAND: POST /session/a559204827f2d9c91dd80774e023d306/element - {"using":"xpath","value":"//*[@id=\"__tile99\"]"}
RESULT: {"using":"xpath","value":"//*[@id=\"__tile99\"]"}
COMMAND: POST /session/a559204827f2d9c91dd80774e023d306/element/f.DBBE0EFB5DADFE624B5D75D11B272D0E.d.6BE903B2C3A7666DF57E452A003B28A2.e.3113/click - {}
RESULT: undefined
COMMAND: POST /session/a559204827f2d9c91dd80774e023d306/execute/async - {"script":"<script> [6424 bytes]","args":[{"element-6066-11e4-a52e-4f735466cecf":"f.DBBE0EFB5DADFE624B5D75D11B272D0E.d.6BE903B2C3A7666DF57E452A003B28A2.e.288"},"getTitle",[]]}
COMMAND: POST /session/a559204827f2d9c91dd80774e023d306/execute/async - {"script":"<script> [1562 bytes]","args":[{"selector":{"id":"shellAppTitle"},"wdio_ui5_key":"shellAppTitle"}]}
RESULT: {"script":"<script> [1562 bytes]","args":[{"selector":{"id":"shellAppTitle"},"wdio_ui5_key":"shellAppTitle"}]}
COMMAND: POST /session/a559204827f2d9c91dd80774e023d306/execute/async - {"script":"<script> [6424 bytes]","args":[{"element-6066-11e4-a52e-4f735466cecf":"f.DBBE0EFB5DADFE624B5D75D11B272D0E.d.6BE903B2C3A7666DF57E452A003B28A2.e.3316"},"getTitle",[]]}
RESULT: {"script":"<script> [6424 bytes]","args":[{"element-6066-11e4-a52e-4f735466cecf":"f.DBBE0EFB5DADFE624B5D75D11B272D0E.d.6BE903B2C3A7666DF57E452A003B28A2.e.3316"},"getTitle",[]]}
RESULT: undefined
COMMAND: POST /session/a559204827f2d9c91dd80774e023d306/element/f.DBBE0EFB5DADFE624B5D75D11B272D0E.d.6BE903B2C3A7666DF57E452A003B28A2.e.3075/click - {}
COMMAND: POST /session/a559204827f2d9c91dd80774e023d306/element - {"using":"xpath","value":"//*[@id=\"backBtn\"]"}
RESULT: {"using":"xpath","value":"//*[@id=\"backBtn\"]"}
COMMAND: POST /session/a559204827f2d9c91dd80774e023d306/element/f.DBBE0EFB5DADFE624B5D75D11B272D0E.d.6BE903B2C3A7666DF57E452A003B28A2.e.3075/click - {}
COMMAND: POST /session/a559204827f2d9c91dd80774e023d306/element - {"using":"xpath","value":"//*[@id=\"backBtn\"]"}
RESULT: {"using":"xpath","value":"//*[@id=\"backBtn\"]"}
COMMAND: POST /session/a559204827f2d9c91dd80774e023d306/element/f.DBBE0EFB5DADFE624B5D75D11B272D0E.d.6BE903B2C3A7666DF57E452A003B28A2.e.3317/click - {}
RESULT: {}
COMMAND: GET /session/a559204827f2d9c91dd80774e023d306/screenshot - {}
RESULT: {}
]]></system-out>
    </testcase>
    <testcase classname="chrome.135_0_7049_96.windows.Sanity_Tests_US104253" name="Should open Contracts Dashboard page" time="31.195">
      <system-out><![CDATA[
COMMAND: POST /session/a559204827f2d9c91dd80774e023d306/execute/async - {"script":"<script> [1562 bytes]","args":[{"selector":{"controlType":"sap.m.GenericTile","properties":{"header":"Contracts Dashboard"}},"wdio_ui5_key":"sapm.GenericTile{\"header\":\"Contracts Dashboard\"}"}]}
RESULT: {"script":"<script> [1562 bytes]","args":[{"selector":{"controlType":"sap.m.GenericTile","properties":{"header":"Contracts Dashboard"}},"wdio_ui5_key":"sapm.GenericTile{\"header\":\"Contracts Dashboard\"}"}]}
RESULT: undefined
COMMAND: POST /session/a559204827f2d9c91dd80774e023d306/element - {"using":"xpath","value":"//*[@id=\"__tile97\"]"}
RESULT: {"using":"xpath","value":"//*[@id=\"__tile97\"]"}
COMMAND: POST /session/a559204827f2d9c91dd80774e023d306/element/f.DBBE0EFB5DADFE624B5D75D11B272D0E.d.6BE903B2C3A7666DF57E452A003B28A2.e.3319/click - {}
RESULT: {}
COMMAND: GET /session/a559204827f2d9c91dd80774e023d306/screenshot - {}
RESULT: {}
RESULT: undefined
COMMAND: POST /session/a559204827f2d9c91dd80774e023d306/element - {"using":"xpath","value":"//*[@id=\"__tile97\"]"}
RESULT: {"using":"xpath","value":"//*[@id=\"__tile97\"]"}
COMMAND: POST /session/a559204827f2d9c91dd80774e023d306/element/f.DBBE0EFB5DADFE624B5D75D11B272D0E.d.6BE903B2C3A7666DF57E452A003B28A2.e.3319/click - {}
RESULT: undefined
COMMAND: POST /session/a559204827f2d9c91dd80774e023d306/element - {"using":"xpath","value":"//*[@id=\"__tile97\"]"}
RESULT: {"using":"xpath","value":"//*[@id=\"__tile97\"]"}
COMMAND: POST /session/a559204827f2d9c91dd80774e023d306/element/f.DBBE0EFB5DADFE624B5D75D11B272D0E.d.6BE903B2C3A7666DF57E452A003B28A2.e.3319/click - {}
RESULT: undefined
COMMAND: POST /session/a559204827f2d9c91dd80774e023d306/execute/async - {"script":"<script> [6424 bytes]","args":[{"element-6066-11e4-a52e-4f735466cecf":"f.DBBE0EFB5DADFE624B5D75D11B272D0E.d.6BE903B2C3A7666DF57E452A003B28A2.e.288"},"getTitle",[]]}
COMMAND: POST /session/a559204827f2d9c91dd80774e023d306/execute/async - {"script":"<script> [1562 bytes]","args":[{"selector":{"id":"shellAppTitle"},"wdio_ui5_key":"shellAppTitle"}]}
RESULT: {"script":"<script> [1562 bytes]","args":[{"selector":{"id":"shellAppTitle"},"wdio_ui5_key":"shellAppTitle"}]}
COMMAND: POST /session/a559204827f2d9c91dd80774e023d306/execute/async - {"script":"<script> [6424 bytes]","args":[{"element-6066-11e4-a52e-4f735466cecf":"f.DBBE0EFB5DADFE624B5D75D11B272D0E.d.6BE903B2C3A7666DF57E452A003B28A2.e.3342"},"getTitle",[]]}
RESULT: {"script":"<script> [6424 bytes]","args":[{"element-6066-11e4-a52e-4f735466cecf":"f.DBBE0EFB5DADFE624B5D75D11B272D0E.d.6BE903B2C3A7666DF57E452A003B28A2.e.3342"},"getTitle",[]]}
RESULT: undefined
COMMAND: POST /session/a559204827f2d9c91dd80774e023d306/element/f.DBBE0EFB5DADFE624B5D75D11B272D0E.d.6BE903B2C3A7666DF57E452A003B28A2.e.3317/click - {}
RESULT: {}
COMMAND: GET /session/a559204827f2d9c91dd80774e023d306/screenshot - {}
RESULT: {}
]]></system-out>
    </testcase>
    <testcase classname="chrome.135_0_7049_96.windows.Sanity_Tests_US104253" name="Should open Bin Status Report page" time="32.123">
      <system-out><![CDATA[
COMMAND: POST /session/a559204827f2d9c91dd80774e023d306/execute/async - {"script":"<script> [1562 bytes]","args":[{"selector":{"controlType":"sap.m.GenericTile","properties":{"header":"Bin Status Report"}},"wdio_ui5_key":"sapm.GenericTile{\"header\":\"Bin Status Report\"}"}]}
RESULT: {"script":"<script> [1562 bytes]","args":[{"selector":{"controlType":"sap.m.GenericTile","properties":{"header":"Bin Status Report"}},"wdio_ui5_key":"sapm.GenericTile{\"header\":\"Bin Status Report\"}"}]}
RESULT: undefined
COMMAND: POST /session/a559204827f2d9c91dd80774e023d306/element - {"using":"xpath","value":"//*[@id=\"__tile104\"]"}
RESULT: {"using":"xpath","value":"//*[@id=\"__tile104\"]"}
COMMAND: POST /session/a559204827f2d9c91dd80774e023d306/element/f.DBBE0EFB5DADFE624B5D75D11B272D0E.d.6BE903B2C3A7666DF57E452A003B28A2.e.3344/click - {}
RESULT: {}
COMMAND: GET /session/a559204827f2d9c91dd80774e023d306/screenshot - {}
RESULT: {}
RESULT: undefined
COMMAND: POST /session/a559204827f2d9c91dd80774e023d306/element - {"using":"xpath","value":"//*[@id=\"__tile104\"]"}
RESULT: {"using":"xpath","value":"//*[@id=\"__tile104\"]"}
COMMAND: POST /session/a559204827f2d9c91dd80774e023d306/element/f.DBBE0EFB5DADFE624B5D75D11B272D0E.d.6BE903B2C3A7666DF57E452A003B28A2.e.3344/click - {}
RESULT: undefined
COMMAND: POST /session/a559204827f2d9c91dd80774e023d306/element - {"using":"xpath","value":"//*[@id=\"__tile104\"]"}
RESULT: {"using":"xpath","value":"//*[@id=\"__tile104\"]"}
COMMAND: POST /session/a559204827f2d9c91dd80774e023d306/element/f.DBBE0EFB5DADFE624B5D75D11B272D0E.d.6BE903B2C3A7666DF57E452A003B28A2.e.3344/click - {}
RESULT: undefined
COMMAND: POST /session/a559204827f2d9c91dd80774e023d306/execute/async - {"script":"<script> [6424 bytes]","args":[{"element-6066-11e4-a52e-4f735466cecf":"f.DBBE0EFB5DADFE624B5D75D11B272D0E.d.6BE903B2C3A7666DF57E452A003B28A2.e.288"},"getTitle",[]]}
COMMAND: POST /session/a559204827f2d9c91dd80774e023d306/execute/async - {"script":"<script> [1562 bytes]","args":[{"selector":{"id":"shellAppTitle"},"wdio_ui5_key":"shellAppTitle"}]}
RESULT: {"script":"<script> [1562 bytes]","args":[{"selector":{"id":"shellAppTitle"},"wdio_ui5_key":"shellAppTitle"}]}
COMMAND: POST /session/a559204827f2d9c91dd80774e023d306/execute/async - {"script":"<script> [6424 bytes]","args":[{"element-6066-11e4-a52e-4f735466cecf":"f.DBBE0EFB5DADFE624B5D75D11B272D0E.d.6BE903B2C3A7666DF57E452A003B28A2.e.3442"},"getTitle",[]]}
RESULT: {"script":"<script> [6424 bytes]","args":[{"element-6066-11e4-a52e-4f735466cecf":"f.DBBE0EFB5DADFE624B5D75D11B272D0E.d.6BE903B2C3A7666DF57E452A003B28A2.e.3442"},"getTitle",[]]}
RESULT: undefined
COMMAND: POST /session/a559204827f2d9c91dd80774e023d306/element/f.DBBE0EFB5DADFE624B5D75D11B272D0E.d.6BE903B2C3A7666DF57E452A003B28A2.e.3317/click - {}
COMMAND: POST /session/a559204827f2d9c91dd80774e023d306/element - {"using":"xpath","value":"//*[@id=\"backBtn\"]"}
RESULT: {"using":"xpath","value":"//*[@id=\"backBtn\"]"}
COMMAND: POST /session/a559204827f2d9c91dd80774e023d306/element/f.DBBE0EFB5DADFE624B5D75D11B272D0E.d.6BE903B2C3A7666DF57E452A003B28A2.e.3317/click - {}
COMMAND: POST /session/a559204827f2d9c91dd80774e023d306/element - {"using":"xpath","value":"//*[@id=\"backBtn\"]"}
RESULT: {"using":"xpath","value":"//*[@id=\"backBtn\"]"}
COMMAND: POST /session/a559204827f2d9c91dd80774e023d306/element/f.DBBE0EFB5DADFE624B5D75D11B272D0E.d.6BE903B2C3A7666DF57E452A003B28A2.e.3443/click - {}
RESULT: {}
COMMAND: GET /session/a559204827f2d9c91dd80774e023d306/screenshot - {}
RESULT: {}
]]></system-out>
    </testcase>
    <testcase classname="chrome.135_0_7049_96.windows.Sanity_Tests_US104253" name="Should open Manage Warehouse Movements page" time="32.336">
      <system-out><![CDATA[
COMMAND: POST /session/a559204827f2d9c91dd80774e023d306/execute/async - {"script":"<script> [1562 bytes]","args":[{"selector":{"controlType":"sap.m.GenericTile","properties":{"header":"Manage Warehouse Movements"}},"wdio_ui5_key":"sapm.GenericTile{\"header\":\"Manage Warehouse Movements\"}"}]}
RESULT: {"script":"<script> [1562 bytes]","args":[{"selector":{"controlType":"sap.m.GenericTile","properties":{"header":"Manage Warehouse Movements"}},"wdio_ui5_key":"sapm.GenericTile{\"header\":\"Manage Warehouse Movements\"}"}]}
RESULT: undefined
COMMAND: POST /session/a559204827f2d9c91dd80774e023d306/element - {"using":"xpath","value":"//*[@id=\"__tile105\"]"}
RESULT: {"using":"xpath","value":"//*[@id=\"__tile105\"]"}
COMMAND: POST /session/a559204827f2d9c91dd80774e023d306/element/f.DBBE0EFB5DADFE624B5D75D11B272D0E.d.6BE903B2C3A7666DF57E452A003B28A2.e.3447/click - {}
RESULT: {}
COMMAND: GET /session/a559204827f2d9c91dd80774e023d306/screenshot - {}
RESULT: {}
RESULT: undefined
COMMAND: POST /session/a559204827f2d9c91dd80774e023d306/element - {"using":"xpath","value":"//*[@id=\"__tile105\"]"}
RESULT: {"using":"xpath","value":"//*[@id=\"__tile105\"]"}
COMMAND: POST /session/a559204827f2d9c91dd80774e023d306/element/f.DBBE0EFB5DADFE624B5D75D11B272D0E.d.6BE903B2C3A7666DF57E452A003B28A2.e.3447/click - {}
RESULT: undefined
COMMAND: POST /session/a559204827f2d9c91dd80774e023d306/element - {"using":"xpath","value":"//*[@id=\"__tile105\"]"}
RESULT: {"using":"xpath","value":"//*[@id=\"__tile105\"]"}
COMMAND: POST /session/a559204827f2d9c91dd80774e023d306/element/f.DBBE0EFB5DADFE624B5D75D11B272D0E.d.6BE903B2C3A7666DF57E452A003B28A2.e.3447/click - {}
RESULT: undefined
COMMAND: POST /session/a559204827f2d9c91dd80774e023d306/execute/async - {"script":"<script> [6424 bytes]","args":[{"element-6066-11e4-a52e-4f735466cecf":"f.DBBE0EFB5DADFE624B5D75D11B272D0E.d.6BE903B2C3A7666DF57E452A003B28A2.e.288"},"getTitle",[]]}
COMMAND: POST /session/a559204827f2d9c91dd80774e023d306/execute/async - {"script":"<script> [1562 bytes]","args":[{"selector":{"id":"shellAppTitle"},"wdio_ui5_key":"shellAppTitle"}]}
RESULT: {"script":"<script> [1562 bytes]","args":[{"selector":{"id":"shellAppTitle"},"wdio_ui5_key":"shellAppTitle"}]}
COMMAND: POST /session/a559204827f2d9c91dd80774e023d306/execute/async - {"script":"<script> [6424 bytes]","args":[{"element-6066-11e4-a52e-4f735466cecf":"f.DBBE0EFB5DADFE624B5D75D11B272D0E.d.6BE903B2C3A7666DF57E452A003B28A2.e.3547"},"getTitle",[]]}
RESULT: {"script":"<script> [6424 bytes]","args":[{"element-6066-11e4-a52e-4f735466cecf":"f.DBBE0EFB5DADFE624B5D75D11B272D0E.d.6BE903B2C3A7666DF57E452A003B28A2.e.3547"},"getTitle",[]]}
RESULT: undefined
COMMAND: POST /session/a559204827f2d9c91dd80774e023d306/element/f.DBBE0EFB5DADFE624B5D75D11B272D0E.d.6BE903B2C3A7666DF57E452A003B28A2.e.3443/click - {}
RESULT: {}
COMMAND: GET /session/a559204827f2d9c91dd80774e023d306/screenshot - {}
RESULT: {}
]]></system-out>
    </testcase>
    <testcase classname="chrome.135_0_7049_96.windows.Sanity_Tests_US104253" name="Should open Bin Inventory List page" time="32.174">
      <system-out><![CDATA[
COMMAND: POST /session/a559204827f2d9c91dd80774e023d306/execute/async - {"script":"<script> [1562 bytes]","args":[{"selector":{"controlType":"sap.m.GenericTile","properties":{"header":"Bin Inventory List"}},"wdio_ui5_key":"sapm.GenericTile{\"header\":\"Bin Inventory List\"}"}]}
RESULT: {"script":"<script> [1562 bytes]","args":[{"selector":{"controlType":"sap.m.GenericTile","properties":{"header":"Bin Inventory List"}},"wdio_ui5_key":"sapm.GenericTile{\"header\":\"Bin Inventory List\"}"}]}
RESULT: undefined
COMMAND: POST /session/a559204827f2d9c91dd80774e023d306/element - {"using":"xpath","value":"//*[@id=\"__tile103\"]"}
RESULT: {"using":"xpath","value":"//*[@id=\"__tile103\"]"}
COMMAND: POST /session/a559204827f2d9c91dd80774e023d306/element/f.DBBE0EFB5DADFE624B5D75D11B272D0E.d.6BE903B2C3A7666DF57E452A003B28A2.e.3549/click - {}
RESULT: {}
COMMAND: GET /session/a559204827f2d9c91dd80774e023d306/screenshot - {}
RESULT: {}
RESULT: undefined
COMMAND: POST /session/a559204827f2d9c91dd80774e023d306/element - {"using":"xpath","value":"//*[@id=\"__tile103\"]"}
RESULT: {"using":"xpath","value":"//*[@id=\"__tile103\"]"}
COMMAND: POST /session/a559204827f2d9c91dd80774e023d306/element/f.DBBE0EFB5DADFE624B5D75D11B272D0E.d.6BE903B2C3A7666DF57E452A003B28A2.e.3549/click - {}
RESULT: undefined
COMMAND: POST /session/a559204827f2d9c91dd80774e023d306/element - {"using":"xpath","value":"//*[@id=\"__tile103\"]"}
RESULT: {"using":"xpath","value":"//*[@id=\"__tile103\"]"}
COMMAND: POST /session/a559204827f2d9c91dd80774e023d306/element/f.DBBE0EFB5DADFE624B5D75D11B272D0E.d.6BE903B2C3A7666DF57E452A003B28A2.e.3549/click - {}
RESULT: undefined
COMMAND: POST /session/a559204827f2d9c91dd80774e023d306/execute/async - {"script":"<script> [6424 bytes]","args":[{"element-6066-11e4-a52e-4f735466cecf":"f.DBBE0EFB5DADFE624B5D75D11B272D0E.d.6BE903B2C3A7666DF57E452A003B28A2.e.288"},"getTitle",[]]}
COMMAND: POST /session/a559204827f2d9c91dd80774e023d306/execute/async - {"script":"<script> [1562 bytes]","args":[{"selector":{"id":"shellAppTitle"},"wdio_ui5_key":"shellAppTitle"}]}
RESULT: {"script":"<script> [1562 bytes]","args":[{"selector":{"id":"shellAppTitle"},"wdio_ui5_key":"shellAppTitle"}]}
COMMAND: POST /session/a559204827f2d9c91dd80774e023d306/execute/async - {"script":"<script> [6424 bytes]","args":[{"element-6066-11e4-a52e-4f735466cecf":"f.DBBE0EFB5DADFE624B5D75D11B272D0E.d.6BE903B2C3A7666DF57E452A003B28A2.e.3642"},"getTitle",[]]}
RESULT: {"script":"<script> [6424 bytes]","args":[{"element-6066-11e4-a52e-4f735466cecf":"f.DBBE0EFB5DADFE624B5D75D11B272D0E.d.6BE903B2C3A7666DF57E452A003B28A2.e.3642"},"getTitle",[]]}
RESULT: undefined
COMMAND: POST /session/a559204827f2d9c91dd80774e023d306/element/f.DBBE0EFB5DADFE624B5D75D11B272D0E.d.6BE903B2C3A7666DF57E452A003B28A2.e.3443/click - {}
COMMAND: POST /session/a559204827f2d9c91dd80774e023d306/element - {"using":"xpath","value":"//*[@id=\"backBtn\"]"}
RESULT: {"using":"xpath","value":"//*[@id=\"backBtn\"]"}
COMMAND: POST /session/a559204827f2d9c91dd80774e023d306/element/f.DBBE0EFB5DADFE624B5D75D11B272D0E.d.6BE903B2C3A7666DF57E452A003B28A2.e.3443/click - {}
COMMAND: POST /session/a559204827f2d9c91dd80774e023d306/element - {"using":"xpath","value":"//*[@id=\"backBtn\"]"}
RESULT: {"using":"xpath","value":"//*[@id=\"backBtn\"]"}
COMMAND: POST /session/a559204827f2d9c91dd80774e023d306/element/f.DBBE0EFB5DADFE624B5D75D11B272D0E.d.6BE903B2C3A7666DF57E452A003B28A2.e.3643/click - {}
RESULT: {}
COMMAND: GET /session/a559204827f2d9c91dd80774e023d306/screenshot - {}
RESULT: {}
]]></system-out>
    </testcase>
    <testcase classname="chrome.135_0_7049_96.windows.Sanity_Tests_US104253" name="Should open ISC Templates page" time="29.199">
      <system-out><![CDATA[
COMMAND: POST /session/a559204827f2d9c91dd80774e023d306/execute/async - {"script":"<script> [1562 bytes]","args":[{"selector":{"controlType":"sap.m.GenericTile","properties":{"header":"ISC Templates"}},"wdio_ui5_key":"sapm.GenericTile{\"header\":\"ISC Templates\"}"}]}
RESULT: {"script":"<script> [1562 bytes]","args":[{"selector":{"controlType":"sap.m.GenericTile","properties":{"header":"ISC Templates"}},"wdio_ui5_key":"sapm.GenericTile{\"header\":\"ISC Templates\"}"}]}
RESULT: undefined
COMMAND: POST /session/a559204827f2d9c91dd80774e023d306/element - {"using":"xpath","value":"//*[@id=\"__tile111\"]"}
RESULT: {"using":"xpath","value":"//*[@id=\"__tile111\"]"}
COMMAND: POST /session/a559204827f2d9c91dd80774e023d306/element/f.DBBE0EFB5DADFE624B5D75D11B272D0E.d.6BE903B2C3A7666DF57E452A003B28A2.e.3645/click - {}
RESULT: {}
COMMAND: GET /session/a559204827f2d9c91dd80774e023d306/screenshot - {}
RESULT: {}
RESULT: undefined
COMMAND: POST /session/a559204827f2d9c91dd80774e023d306/element - {"using":"xpath","value":"//*[@id=\"__tile111\"]"}
RESULT: {"using":"xpath","value":"//*[@id=\"__tile111\"]"}
COMMAND: POST /session/a559204827f2d9c91dd80774e023d306/element/f.DBBE0EFB5DADFE624B5D75D11B272D0E.d.6BE903B2C3A7666DF57E452A003B28A2.e.3645/click - {}
RESULT: undefined
COMMAND: POST /session/a559204827f2d9c91dd80774e023d306/element - {"using":"xpath","value":"//*[@id=\"__tile111\"]"}
RESULT: {"using":"xpath","value":"//*[@id=\"__tile111\"]"}
COMMAND: POST /session/a559204827f2d9c91dd80774e023d306/element/f.DBBE0EFB5DADFE624B5D75D11B272D0E.d.6BE903B2C3A7666DF57E452A003B28A2.e.3645/click - {}
RESULT: undefined
COMMAND: POST /session/a559204827f2d9c91dd80774e023d306/execute/async - {"script":"<script> [6424 bytes]","args":[{"element-6066-11e4-a52e-4f735466cecf":"f.DBBE0EFB5DADFE624B5D75D11B272D0E.d.6BE903B2C3A7666DF57E452A003B28A2.e.288"},"getTitle",[]]}
COMMAND: POST /session/a559204827f2d9c91dd80774e023d306/execute/async - {"script":"<script> [1562 bytes]","args":[{"selector":{"id":"shellAppTitle"},"wdio_ui5_key":"shellAppTitle"}]}
RESULT: {"script":"<script> [1562 bytes]","args":[{"selector":{"id":"shellAppTitle"},"wdio_ui5_key":"shellAppTitle"}]}
COMMAND: POST /session/a559204827f2d9c91dd80774e023d306/execute/async - {"script":"<script> [6424 bytes]","args":[{"element-6066-11e4-a52e-4f735466cecf":"f.DBBE0EFB5DADFE624B5D75D11B272D0E.d.6BE903B2C3A7666DF57E452A003B28A2.e.3719"},"getTitle",[]]}
RESULT: {"script":"<script> [6424 bytes]","args":[{"element-6066-11e4-a52e-4f735466cecf":"f.DBBE0EFB5DADFE624B5D75D11B272D0E.d.6BE903B2C3A7666DF57E452A003B28A2.e.3719"},"getTitle",[]]}
RESULT: undefined
COMMAND: POST /session/a559204827f2d9c91dd80774e023d306/element/f.DBBE0EFB5DADFE624B5D75D11B272D0E.d.6BE903B2C3A7666DF57E452A003B28A2.e.3643/click - {}
RESULT: {}
COMMAND: GET /session/a559204827f2d9c91dd80774e023d306/screenshot - {}
RESULT: {}
]]></system-out>
    </testcase>
    <testcase classname="chrome.135_0_7049_96.windows.Sanity_Tests_US104253" name="Should open ISC Schedules page" time="33.178">
      <system-out><![CDATA[
COMMAND: POST /session/a559204827f2d9c91dd80774e023d306/execute/async - {"script":"<script> [1562 bytes]","args":[{"selector":{"controlType":"sap.m.GenericTile","properties":{"header":"ISC Schedules"}},"wdio_ui5_key":"sapm.GenericTile{\"header\":\"ISC Schedules\"}"}]}
RESULT: {"script":"<script> [1562 bytes]","args":[{"selector":{"controlType":"sap.m.GenericTile","properties":{"header":"ISC Schedules"}},"wdio_ui5_key":"sapm.GenericTile{\"header\":\"ISC Schedules\"}"}]}
RESULT: undefined
COMMAND: POST /session/a559204827f2d9c91dd80774e023d306/element - {"using":"xpath","value":"//*[@id=\"__tile109\"]"}
RESULT: {"using":"xpath","value":"//*[@id=\"__tile109\"]"}
COMMAND: POST /session/a559204827f2d9c91dd80774e023d306/element/f.DBBE0EFB5DADFE624B5D75D11B272D0E.d.6BE903B2C3A7666DF57E452A003B28A2.e.3722/click - {}
RESULT: {}
COMMAND: GET /session/a559204827f2d9c91dd80774e023d306/screenshot - {}
RESULT: {}
RESULT: undefined
COMMAND: POST /session/a559204827f2d9c91dd80774e023d306/element - {"using":"xpath","value":"//*[@id=\"__tile109\"]"}
RESULT: {"using":"xpath","value":"//*[@id=\"__tile109\"]"}
COMMAND: POST /session/a559204827f2d9c91dd80774e023d306/element/f.DBBE0EFB5DADFE624B5D75D11B272D0E.d.6BE903B2C3A7666DF57E452A003B28A2.e.3722/click - {}
RESULT: undefined
COMMAND: POST /session/a559204827f2d9c91dd80774e023d306/element - {"using":"xpath","value":"//*[@id=\"__tile109\"]"}
RESULT: {"using":"xpath","value":"//*[@id=\"__tile109\"]"}
COMMAND: POST /session/a559204827f2d9c91dd80774e023d306/element/f.DBBE0EFB5DADFE624B5D75D11B272D0E.d.6BE903B2C3A7666DF57E452A003B28A2.e.3722/click - {}
RESULT: undefined
COMMAND: POST /session/a559204827f2d9c91dd80774e023d306/execute/async - {"script":"<script> [6424 bytes]","args":[{"element-6066-11e4-a52e-4f735466cecf":"f.DBBE0EFB5DADFE624B5D75D11B272D0E.d.6BE903B2C3A7666DF57E452A003B28A2.e.288"},"getTitle",[]]}
COMMAND: POST /session/a559204827f2d9c91dd80774e023d306/execute/async - {"script":"<script> [1562 bytes]","args":[{"selector":{"id":"shellAppTitle"},"wdio_ui5_key":"shellAppTitle"}]}
RESULT: {"script":"<script> [1562 bytes]","args":[{"selector":{"id":"shellAppTitle"},"wdio_ui5_key":"shellAppTitle"}]}
COMMAND: POST /session/a559204827f2d9c91dd80774e023d306/execute/async - {"script":"<script> [6424 bytes]","args":[{"element-6066-11e4-a52e-4f735466cecf":"f.DBBE0EFB5DADFE624B5D75D11B272D0E.d.6BE903B2C3A7666DF57E452A003B28A2.e.3800"},"getTitle",[]]}
RESULT: {"script":"<script> [6424 bytes]","args":[{"element-6066-11e4-a52e-4f735466cecf":"f.DBBE0EFB5DADFE624B5D75D11B272D0E.d.6BE903B2C3A7666DF57E452A003B28A2.e.3800"},"getTitle",[]]}
RESULT: undefined
COMMAND: POST /session/a559204827f2d9c91dd80774e023d306/element/f.DBBE0EFB5DADFE624B5D75D11B272D0E.d.6BE903B2C3A7666DF57E452A003B28A2.e.3643/click - {}
COMMAND: POST /session/a559204827f2d9c91dd80774e023d306/element - {"using":"xpath","value":"//*[@id=\"backBtn\"]"}
RESULT: {"using":"xpath","value":"//*[@id=\"backBtn\"]"}
COMMAND: POST /session/a559204827f2d9c91dd80774e023d306/element/f.DBBE0EFB5DADFE624B5D75D11B272D0E.d.6BE903B2C3A7666DF57E452A003B28A2.e.3643/click - {}
COMMAND: POST /session/a559204827f2d9c91dd80774e023d306/element - {"using":"xpath","value":"//*[@id=\"backBtn\"]"}
RESULT: {"using":"xpath","value":"//*[@id=\"backBtn\"]"}
COMMAND: POST /session/a559204827f2d9c91dd80774e023d306/element/f.DBBE0EFB5DADFE624B5D75D11B272D0E.d.6BE903B2C3A7666DF57E452A003B28A2.e.3801/click - {}
RESULT: {}
COMMAND: GET /session/a559204827f2d9c91dd80774e023d306/screenshot - {}
RESULT: {}
]]></system-out>
    </testcase>
    <testcase classname="chrome.135_0_7049_96.windows.Sanity_Tests_US104253" name="Should open ISC Dashboard page" time="31.371">
      <system-out><![CDATA[
COMMAND: POST /session/a559204827f2d9c91dd80774e023d306/execute/async - {"script":"<script> [1562 bytes]","args":[{"selector":{"controlType":"sap.m.GenericTile","properties":{"header":"ISC Dashboard"}},"wdio_ui5_key":"sapm.GenericTile{\"header\":\"ISC Dashboard\"}"}]}
RESULT: {"script":"<script> [1562 bytes]","args":[{"selector":{"controlType":"sap.m.GenericTile","properties":{"header":"ISC Dashboard"}},"wdio_ui5_key":"sapm.GenericTile{\"header\":\"ISC Dashboard\"}"}]}
RESULT: undefined
COMMAND: POST /session/a559204827f2d9c91dd80774e023d306/element - {"using":"xpath","value":"//*[@id=\"__tile106\"]"}
RESULT: {"using":"xpath","value":"//*[@id=\"__tile106\"]"}
COMMAND: POST /session/a559204827f2d9c91dd80774e023d306/element/f.DBBE0EFB5DADFE624B5D75D11B272D0E.d.6BE903B2C3A7666DF57E452A003B28A2.e.3803/click - {}
RESULT: {}
COMMAND: GET /session/a559204827f2d9c91dd80774e023d306/screenshot - {}
RESULT: {}
RESULT: undefined
COMMAND: POST /session/a559204827f2d9c91dd80774e023d306/element - {"using":"xpath","value":"//*[@id=\"__tile106\"]"}
RESULT: {"using":"xpath","value":"//*[@id=\"__tile106\"]"}
COMMAND: POST /session/a559204827f2d9c91dd80774e023d306/element/f.DBBE0EFB5DADFE624B5D75D11B272D0E.d.6BE903B2C3A7666DF57E452A003B28A2.e.3803/click - {}
RESULT: undefined
COMMAND: POST /session/a559204827f2d9c91dd80774e023d306/element - {"using":"xpath","value":"//*[@id=\"__tile106\"]"}
RESULT: {"using":"xpath","value":"//*[@id=\"__tile106\"]"}
COMMAND: POST /session/a559204827f2d9c91dd80774e023d306/element/f.DBBE0EFB5DADFE624B5D75D11B272D0E.d.6BE903B2C3A7666DF57E452A003B28A2.e.3803/click - {}
RESULT: undefined
COMMAND: POST /session/a559204827f2d9c91dd80774e023d306/execute/async - {"script":"<script> [6424 bytes]","args":[{"element-6066-11e4-a52e-4f735466cecf":"f.DBBE0EFB5DADFE624B5D75D11B272D0E.d.6BE903B2C3A7666DF57E452A003B28A2.e.288"},"getTitle",[]]}
COMMAND: POST /session/a559204827f2d9c91dd80774e023d306/execute/async - {"script":"<script> [1562 bytes]","args":[{"selector":{"id":"shellAppTitle"},"wdio_ui5_key":"shellAppTitle"}]}
RESULT: {"script":"<script> [1562 bytes]","args":[{"selector":{"id":"shellAppTitle"},"wdio_ui5_key":"shellAppTitle"}]}
COMMAND: POST /session/a559204827f2d9c91dd80774e023d306/execute/async - {"script":"<script> [6424 bytes]","args":[{"element-6066-11e4-a52e-4f735466cecf":"f.DBBE0EFB5DADFE624B5D75D11B272D0E.d.6BE903B2C3A7666DF57E452A003B28A2.e.3931"},"getTitle",[]]}
RESULT: {"script":"<script> [6424 bytes]","args":[{"element-6066-11e4-a52e-4f735466cecf":"f.DBBE0EFB5DADFE624B5D75D11B272D0E.d.6BE903B2C3A7666DF57E452A003B28A2.e.3931"},"getTitle",[]]}
RESULT: undefined
COMMAND: POST /session/a559204827f2d9c91dd80774e023d306/element/f.DBBE0EFB5DADFE624B5D75D11B272D0E.d.6BE903B2C3A7666DF57E452A003B28A2.e.3801/click - {}
RESULT: {}
COMMAND: GET /session/a559204827f2d9c91dd80774e023d306/screenshot - {}
RESULT: {}
]]></system-out>
    </testcase>
    <testcase classname="chrome.135_0_7049_96.windows.Sanity_Tests_US104253" name="Should open ISC Orders page" time="32.413">
      <system-out><![CDATA[
COMMAND: POST /session/a559204827f2d9c91dd80774e023d306/execute/async - {"script":"<script> [1562 bytes]","args":[{"selector":{"controlType":"sap.m.GenericTile","properties":{"header":"ISC Orders"}},"wdio_ui5_key":"sapm.GenericTile{\"header\":\"ISC Orders\"}"}]}
RESULT: {"script":"<script> [1562 bytes]","args":[{"selector":{"controlType":"sap.m.GenericTile","properties":{"header":"ISC Orders"}},"wdio_ui5_key":"sapm.GenericTile{\"header\":\"ISC Orders\"}"}]}
RESULT: undefined
COMMAND: POST /session/a559204827f2d9c91dd80774e023d306/element - {"using":"xpath","value":"//*[@id=\"__tile108\"]"}
RESULT: {"using":"xpath","value":"//*[@id=\"__tile108\"]"}
COMMAND: POST /session/a559204827f2d9c91dd80774e023d306/element/f.DBBE0EFB5DADFE624B5D75D11B272D0E.d.6BE903B2C3A7666DF57E452A003B28A2.e.3933/click - {}
RESULT: {}
COMMAND: GET /session/a559204827f2d9c91dd80774e023d306/screenshot - {}
RESULT: {}
RESULT: undefined
COMMAND: POST /session/a559204827f2d9c91dd80774e023d306/element - {"using":"xpath","value":"//*[@id=\"__tile108\"]"}
RESULT: {"using":"xpath","value":"//*[@id=\"__tile108\"]"}
COMMAND: POST /session/a559204827f2d9c91dd80774e023d306/element/f.DBBE0EFB5DADFE624B5D75D11B272D0E.d.6BE903B2C3A7666DF57E452A003B28A2.e.3933/click - {}
RESULT: undefined
COMMAND: POST /session/a559204827f2d9c91dd80774e023d306/element - {"using":"xpath","value":"//*[@id=\"__tile108\"]"}
RESULT: {"using":"xpath","value":"//*[@id=\"__tile108\"]"}
COMMAND: POST /session/a559204827f2d9c91dd80774e023d306/element/f.DBBE0EFB5DADFE624B5D75D11B272D0E.d.6BE903B2C3A7666DF57E452A003B28A2.e.3933/click - {}
RESULT: undefined
COMMAND: POST /session/a559204827f2d9c91dd80774e023d306/execute/async - {"script":"<script> [6424 bytes]","args":[{"element-6066-11e4-a52e-4f735466cecf":"f.DBBE0EFB5DADFE624B5D75D11B272D0E.d.6BE903B2C3A7666DF57E452A003B28A2.e.288"},"getTitle",[]]}
COMMAND: POST /session/a559204827f2d9c91dd80774e023d306/execute/async - {"script":"<script> [1562 bytes]","args":[{"selector":{"id":"shellAppTitle"},"wdio_ui5_key":"shellAppTitle"}]}
RESULT: {"script":"<script> [1562 bytes]","args":[{"selector":{"id":"shellAppTitle"},"wdio_ui5_key":"shellAppTitle"}]}
COMMAND: POST /session/a559204827f2d9c91dd80774e023d306/execute/async - {"script":"<script> [6424 bytes]","args":[{"element-6066-11e4-a52e-4f735466cecf":"f.DBBE0EFB5DADFE624B5D75D11B272D0E.d.6BE903B2C3A7666DF57E452A003B28A2.e.4046"},"getTitle",[]]}
RESULT: {"script":"<script> [6424 bytes]","args":[{"element-6066-11e4-a52e-4f735466cecf":"f.DBBE0EFB5DADFE624B5D75D11B272D0E.d.6BE903B2C3A7666DF57E452A003B28A2.e.4046"},"getTitle",[]]}
RESULT: undefined
COMMAND: POST /session/a559204827f2d9c91dd80774e023d306/element/f.DBBE0EFB5DADFE624B5D75D11B272D0E.d.6BE903B2C3A7666DF57E452A003B28A2.e.3801/click - {}
COMMAND: POST /session/a559204827f2d9c91dd80774e023d306/element - {"using":"xpath","value":"//*[@id=\"backBtn\"]"}
RESULT: {"using":"xpath","value":"//*[@id=\"backBtn\"]"}
COMMAND: POST /session/a559204827f2d9c91dd80774e023d306/element/f.DBBE0EFB5DADFE624B5D75D11B272D0E.d.6BE903B2C3A7666DF57E452A003B28A2.e.3801/click - {}
COMMAND: POST /session/a559204827f2d9c91dd80774e023d306/element - {"using":"xpath","value":"//*[@id=\"backBtn\"]"}
RESULT: {"using":"xpath","value":"//*[@id=\"backBtn\"]"}
COMMAND: POST /session/a559204827f2d9c91dd80774e023d306/element/f.DBBE0EFB5DADFE624B5D75D11B272D0E.d.6BE903B2C3A7666DF57E452A003B28A2.e.4047/click - {}
RESULT: {}
COMMAND: GET /session/a559204827f2d9c91dd80774e023d306/screenshot - {}
RESULT: {}
]]></system-out>
    </testcase>
    <testcase classname="chrome.135_0_7049_96.windows.Sanity_Tests_US104253" name="Should open ISC Tasks page" time="32.223">
      <system-out><![CDATA[
COMMAND: POST /session/a559204827f2d9c91dd80774e023d306/execute/async - {"script":"<script> [1562 bytes]","args":[{"selector":{"controlType":"sap.m.GenericTile","properties":{"header":"ISC Tasks"}},"wdio_ui5_key":"sapm.GenericTile{\"header\":\"ISC Tasks\"}"}]}
RESULT: {"script":"<script> [1562 bytes]","args":[{"selector":{"controlType":"sap.m.GenericTile","properties":{"header":"ISC Tasks"}},"wdio_ui5_key":"sapm.GenericTile{\"header\":\"ISC Tasks\"}"}]}
RESULT: undefined
COMMAND: POST /session/a559204827f2d9c91dd80774e023d306/element - {"using":"xpath","value":"//*[@id=\"__tile110\"]"}
RESULT: {"using":"xpath","value":"//*[@id=\"__tile110\"]"}
COMMAND: POST /session/a559204827f2d9c91dd80774e023d306/element/f.DBBE0EFB5DADFE624B5D75D11B272D0E.d.6BE903B2C3A7666DF57E452A003B28A2.e.4049/click - {}
RESULT: {}
COMMAND: GET /session/a559204827f2d9c91dd80774e023d306/screenshot - {}
RESULT: {}
RESULT: undefined
COMMAND: POST /session/a559204827f2d9c91dd80774e023d306/element - {"using":"xpath","value":"//*[@id=\"__tile110\"]"}
RESULT: {"using":"xpath","value":"//*[@id=\"__tile110\"]"}
COMMAND: POST /session/a559204827f2d9c91dd80774e023d306/element/f.DBBE0EFB5DADFE624B5D75D11B272D0E.d.6BE903B2C3A7666DF57E452A003B28A2.e.4049/click - {}
RESULT: undefined
COMMAND: POST /session/a559204827f2d9c91dd80774e023d306/element - {"using":"xpath","value":"//*[@id=\"__tile110\"]"}
RESULT: {"using":"xpath","value":"//*[@id=\"__tile110\"]"}
COMMAND: POST /session/a559204827f2d9c91dd80774e023d306/element/f.DBBE0EFB5DADFE624B5D75D11B272D0E.d.6BE903B2C3A7666DF57E452A003B28A2.e.4049/click - {}
RESULT: undefined
COMMAND: POST /session/a559204827f2d9c91dd80774e023d306/execute/async - {"script":"<script> [6424 bytes]","args":[{"element-6066-11e4-a52e-4f735466cecf":"f.DBBE0EFB5DADFE624B5D75D11B272D0E.d.6BE903B2C3A7666DF57E452A003B28A2.e.288"},"getTitle",[]]}
COMMAND: POST /session/a559204827f2d9c91dd80774e023d306/execute/async - {"script":"<script> [1562 bytes]","args":[{"selector":{"id":"shellAppTitle"},"wdio_ui5_key":"shellAppTitle"}]}
RESULT: {"script":"<script> [1562 bytes]","args":[{"selector":{"id":"shellAppTitle"},"wdio_ui5_key":"shellAppTitle"}]}
COMMAND: POST /session/a559204827f2d9c91dd80774e023d306/execute/async - {"script":"<script> [6424 bytes]","args":[{"element-6066-11e4-a52e-4f735466cecf":"f.DBBE0EFB5DADFE624B5D75D11B272D0E.d.6BE903B2C3A7666DF57E452A003B28A2.e.4142"},"getTitle",[]]}
RESULT: {"script":"<script> [6424 bytes]","args":[{"element-6066-11e4-a52e-4f735466cecf":"f.DBBE0EFB5DADFE624B5D75D11B272D0E.d.6BE903B2C3A7666DF57E452A003B28A2.e.4142"},"getTitle",[]]}
RESULT: undefined
COMMAND: POST /session/a559204827f2d9c91dd80774e023d306/element/f.DBBE0EFB5DADFE624B5D75D11B272D0E.d.6BE903B2C3A7666DF57E452A003B28A2.e.4047/click - {}
RESULT: {}
COMMAND: GET /session/a559204827f2d9c91dd80774e023d306/screenshot - {}
RESULT: {}
]]></system-out>
    </testcase>
    <testcase classname="chrome.135_0_7049_96.windows.Sanity_Tests_US104253" name="Should open Manage Resource Logbook page" time="33.344">
      <system-out><![CDATA[
COMMAND: POST /session/a559204827f2d9c91dd80774e023d306/execute/async - {"script":"<script> [1562 bytes]","args":[{"selector":{"controlType":"sap.m.GenericTile","properties":{"header":"Manage Resource Logbook"}},"wdio_ui5_key":"sapm.GenericTile{\"header\":\"Manage Resource Logbook\"}"}]}
RESULT: {"script":"<script> [1562 bytes]","args":[{"selector":{"controlType":"sap.m.GenericTile","properties":{"header":"Manage Resource Logbook"}},"wdio_ui5_key":"sapm.GenericTile{\"header\":\"Manage Resource Logbook\"}"}]}
RESULT: undefined
COMMAND: POST /session/a559204827f2d9c91dd80774e023d306/element - {"using":"xpath","value":"//*[@id=\"__tile113\"]"}
RESULT: {"using":"xpath","value":"//*[@id=\"__tile113\"]"}
COMMAND: POST /session/a559204827f2d9c91dd80774e023d306/element/f.DBBE0EFB5DADFE624B5D75D11B272D0E.d.6BE903B2C3A7666DF57E452A003B28A2.e.4144/click - {}
RESULT: {}
COMMAND: GET /session/a559204827f2d9c91dd80774e023d306/screenshot - {}
RESULT: {}
RESULT: undefined
COMMAND: POST /session/a559204827f2d9c91dd80774e023d306/element - {"using":"xpath","value":"//*[@id=\"__tile113\"]"}
RESULT: {"using":"xpath","value":"//*[@id=\"__tile113\"]"}
COMMAND: POST /session/a559204827f2d9c91dd80774e023d306/element/f.DBBE0EFB5DADFE624B5D75D11B272D0E.d.6BE903B2C3A7666DF57E452A003B28A2.e.4144/click - {}
RESULT: undefined
COMMAND: POST /session/a559204827f2d9c91dd80774e023d306/element - {"using":"xpath","value":"//*[@id=\"__tile113\"]"}
RESULT: {"using":"xpath","value":"//*[@id=\"__tile113\"]"}
COMMAND: POST /session/a559204827f2d9c91dd80774e023d306/element/f.DBBE0EFB5DADFE624B5D75D11B272D0E.d.6BE903B2C3A7666DF57E452A003B28A2.e.4144/click - {}
RESULT: undefined
COMMAND: POST /session/a559204827f2d9c91dd80774e023d306/execute/async - {"script":"<script> [6424 bytes]","args":[{"element-6066-11e4-a52e-4f735466cecf":"f.DBBE0EFB5DADFE624B5D75D11B272D0E.d.6BE903B2C3A7666DF57E452A003B28A2.e.288"},"getTitle",[]]}
COMMAND: POST /session/a559204827f2d9c91dd80774e023d306/execute/async - {"script":"<script> [1562 bytes]","args":[{"selector":{"id":"shellAppTitle"},"wdio_ui5_key":"shellAppTitle"}]}
RESULT: {"script":"<script> [1562 bytes]","args":[{"selector":{"id":"shellAppTitle"},"wdio_ui5_key":"shellAppTitle"}]}
COMMAND: POST /session/a559204827f2d9c91dd80774e023d306/execute/async - {"script":"<script> [6424 bytes]","args":[{"element-6066-11e4-a52e-4f735466cecf":"f.DBBE0EFB5DADFE624B5D75D11B272D0E.d.6BE903B2C3A7666DF57E452A003B28A2.e.4254"},"getTitle",[]]}
RESULT: {"script":"<script> [6424 bytes]","args":[{"element-6066-11e4-a52e-4f735466cecf":"f.DBBE0EFB5DADFE624B5D75D11B272D0E.d.6BE903B2C3A7666DF57E452A003B28A2.e.4254"},"getTitle",[]]}
RESULT: undefined
COMMAND: POST /session/a559204827f2d9c91dd80774e023d306/element/f.DBBE0EFB5DADFE624B5D75D11B272D0E.d.6BE903B2C3A7666DF57E452A003B28A2.e.4047/click - {}
COMMAND: POST /session/a559204827f2d9c91dd80774e023d306/element - {"using":"xpath","value":"//*[@id=\"backBtn\"]"}
RESULT: {"using":"xpath","value":"//*[@id=\"backBtn\"]"}
COMMAND: POST /session/a559204827f2d9c91dd80774e023d306/element/f.DBBE0EFB5DADFE624B5D75D11B272D0E.d.6BE903B2C3A7666DF57E452A003B28A2.e.4047/click - {}
COMMAND: POST /session/a559204827f2d9c91dd80774e023d306/element - {"using":"xpath","value":"//*[@id=\"backBtn\"]"}
RESULT: {"using":"xpath","value":"//*[@id=\"backBtn\"]"}
COMMAND: POST /session/a559204827f2d9c91dd80774e023d306/element/f.DBBE0EFB5DADFE624B5D75D11B272D0E.d.6BE903B2C3A7666DF57E452A003B28A2.e.4255/click - {}
RESULT: {}
COMMAND: GET /session/a559204827f2d9c91dd80774e023d306/screenshot - {}
RESULT: {}
]]></system-out>
    </testcase>
    <testcase classname="chrome.135_0_7049_96.windows.Sanity_Tests_US104253" name="Should open Manage Logbook page" time="31.908">
      <system-out><![CDATA[
COMMAND: POST /session/a559204827f2d9c91dd80774e023d306/execute/async - {"script":"<script> [1562 bytes]","args":[{"selector":{"controlType":"sap.m.GenericTile","properties":{"header":"Manage Logbook"}},"wdio_ui5_key":"sapm.GenericTile{\"header\":\"Manage Logbook\"}"}]}
RESULT: {"script":"<script> [1562 bytes]","args":[{"selector":{"controlType":"sap.m.GenericTile","properties":{"header":"Manage Logbook"}},"wdio_ui5_key":"sapm.GenericTile{\"header\":\"Manage Logbook\"}"}]}
RESULT: undefined
COMMAND: POST /session/a559204827f2d9c91dd80774e023d306/element - {"using":"xpath","value":"//*[@id=\"__tile112\"]"}
RESULT: {"using":"xpath","value":"//*[@id=\"__tile112\"]"}
COMMAND: POST /session/a559204827f2d9c91dd80774e023d306/element/f.DBBE0EFB5DADFE624B5D75D11B272D0E.d.6BE903B2C3A7666DF57E452A003B28A2.e.4257/click - {}
RESULT: {}
COMMAND: GET /session/a559204827f2d9c91dd80774e023d306/screenshot - {}
RESULT: {}
RESULT: undefined
COMMAND: POST /session/a559204827f2d9c91dd80774e023d306/element - {"using":"xpath","value":"//*[@id=\"__tile112\"]"}
RESULT: {"using":"xpath","value":"//*[@id=\"__tile112\"]"}
COMMAND: POST /session/a559204827f2d9c91dd80774e023d306/element/f.DBBE0EFB5DADFE624B5D75D11B272D0E.d.6BE903B2C3A7666DF57E452A003B28A2.e.4257/click - {}
RESULT: undefined
COMMAND: POST /session/a559204827f2d9c91dd80774e023d306/element - {"using":"xpath","value":"//*[@id=\"__tile112\"]"}
RESULT: {"using":"xpath","value":"//*[@id=\"__tile112\"]"}
COMMAND: POST /session/a559204827f2d9c91dd80774e023d306/element/f.DBBE0EFB5DADFE624B5D75D11B272D0E.d.6BE903B2C3A7666DF57E452A003B28A2.e.4257/click - {}
RESULT: undefined
COMMAND: POST /session/a559204827f2d9c91dd80774e023d306/execute/async - {"script":"<script> [6424 bytes]","args":[{"element-6066-11e4-a52e-4f735466cecf":"f.DBBE0EFB5DADFE624B5D75D11B272D0E.d.6BE903B2C3A7666DF57E452A003B28A2.e.288"},"getTitle",[]]}
COMMAND: POST /session/a559204827f2d9c91dd80774e023d306/execute/async - {"script":"<script> [1562 bytes]","args":[{"selector":{"id":"shellAppTitle"},"wdio_ui5_key":"shellAppTitle"}]}
RESULT: {"script":"<script> [1562 bytes]","args":[{"selector":{"id":"shellAppTitle"},"wdio_ui5_key":"shellAppTitle"}]}
COMMAND: POST /session/a559204827f2d9c91dd80774e023d306/execute/async - {"script":"<script> [6424 bytes]","args":[{"element-6066-11e4-a52e-4f735466cecf":"f.DBBE0EFB5DADFE624B5D75D11B272D0E.d.6BE903B2C3A7666DF57E452A003B28A2.e.4342"},"getTitle",[]]}
RESULT: {"script":"<script> [6424 bytes]","args":[{"element-6066-11e4-a52e-4f735466cecf":"f.DBBE0EFB5DADFE624B5D75D11B272D0E.d.6BE903B2C3A7666DF57E452A003B28A2.e.4342"},"getTitle",[]]}
RESULT: undefined
COMMAND: POST /session/a559204827f2d9c91dd80774e023d306/element/f.DBBE0EFB5DADFE624B5D75D11B272D0E.d.6BE903B2C3A7666DF57E452A003B28A2.e.4255/click - {}
RESULT: {}
COMMAND: GET /session/a559204827f2d9c91dd80774e023d306/screenshot - {}
RESULT: {}
]]></system-out>
    </testcase>
    <testcase classname="chrome.135_0_7049_96.windows.Sanity_Tests_US104253" name="Should open ISC Orders Calendar page" time="30.831">
      <system-out><![CDATA[
COMMAND: POST /session/a559204827f2d9c91dd80774e023d306/execute/async - {"script":"<script> [1562 bytes]","args":[{"selector":{"controlType":"sap.m.GenericTile","properties":{"header":"ISC Orders Calendar"}},"wdio_ui5_key":"sapm.GenericTile{\"header\":\"ISC Orders Calendar\"}"}]}
RESULT: {"script":"<script> [1562 bytes]","args":[{"selector":{"controlType":"sap.m.GenericTile","properties":{"header":"ISC Orders Calendar"}},"wdio_ui5_key":"sapm.GenericTile{\"header\":\"ISC Orders Calendar\"}"}]}
RESULT: undefined
COMMAND: POST /session/a559204827f2d9c91dd80774e023d306/element - {"using":"xpath","value":"//*[@id=\"__tile107\"]"}
RESULT: {"using":"xpath","value":"//*[@id=\"__tile107\"]"}
COMMAND: POST /session/a559204827f2d9c91dd80774e023d306/element/f.DBBE0EFB5DADFE624B5D75D11B272D0E.d.6BE903B2C3A7666DF57E452A003B28A2.e.4344/click - {}
RESULT: {}
COMMAND: GET /session/a559204827f2d9c91dd80774e023d306/screenshot - {}
RESULT: {}
RESULT: undefined
COMMAND: POST /session/a559204827f2d9c91dd80774e023d306/element - {"using":"xpath","value":"//*[@id=\"__tile107\"]"}
RESULT: {"using":"xpath","value":"//*[@id=\"__tile107\"]"}
COMMAND: POST /session/a559204827f2d9c91dd80774e023d306/element/f.DBBE0EFB5DADFE624B5D75D11B272D0E.d.6BE903B2C3A7666DF57E452A003B28A2.e.4344/click - {}
RESULT: undefined
COMMAND: POST /session/a559204827f2d9c91dd80774e023d306/element - {"using":"xpath","value":"//*[@id=\"__tile107\"]"}
RESULT: {"using":"xpath","value":"//*[@id=\"__tile107\"]"}
COMMAND: POST /session/a559204827f2d9c91dd80774e023d306/element/f.DBBE0EFB5DADFE624B5D75D11B272D0E.d.6BE903B2C3A7666DF57E452A003B28A2.e.4344/click - {}
RESULT: undefined
COMMAND: POST /session/a559204827f2d9c91dd80774e023d306/execute/async - {"script":"<script> [6424 bytes]","args":[{"element-6066-11e4-a52e-4f735466cecf":"f.DBBE0EFB5DADFE624B5D75D11B272D0E.d.6BE903B2C3A7666DF57E452A003B28A2.e.288"},"getTitle",[]]}
COMMAND: POST /session/a559204827f2d9c91dd80774e023d306/execute/async - {"script":"<script> [1562 bytes]","args":[{"selector":{"id":"shellAppTitle"},"wdio_ui5_key":"shellAppTitle"}]}
RESULT: {"script":"<script> [1562 bytes]","args":[{"selector":{"id":"shellAppTitle"},"wdio_ui5_key":"shellAppTitle"}]}
COMMAND: POST /session/a559204827f2d9c91dd80774e023d306/execute/async - {"script":"<script> [6424 bytes]","args":[{"element-6066-11e4-a52e-4f735466cecf":"f.DBBE0EFB5DADFE624B5D75D11B272D0E.d.6BE903B2C3A7666DF57E452A003B28A2.e.4533"},"getTitle",[]]}
RESULT: {"script":"<script> [6424 bytes]","args":[{"element-6066-11e4-a52e-4f735466cecf":"f.DBBE0EFB5DADFE624B5D75D11B272D0E.d.6BE903B2C3A7666DF57E452A003B28A2.e.4533"},"getTitle",[]]}
RESULT: undefined
COMMAND: POST /session/a559204827f2d9c91dd80774e023d306/element/f.DBBE0EFB5DADFE624B5D75D11B272D0E.d.6BE903B2C3A7666DF57E452A003B28A2.e.4255/click - {}
COMMAND: POST /session/a559204827f2d9c91dd80774e023d306/element - {"using":"xpath","value":"//*[@id=\"backBtn\"]"}
RESULT: {"using":"xpath","value":"//*[@id=\"backBtn\"]"}
COMMAND: POST /session/a559204827f2d9c91dd80774e023d306/element/f.DBBE0EFB5DADFE624B5D75D11B272D0E.d.6BE903B2C3A7666DF57E452A003B28A2.e.4255/click - {}
COMMAND: POST /session/a559204827f2d9c91dd80774e023d306/element - {"using":"xpath","value":"//*[@id=\"backBtn\"]"}
RESULT: {"using":"xpath","value":"//*[@id=\"backBtn\"]"}
COMMAND: POST /session/a559204827f2d9c91dd80774e023d306/element/f.DBBE0EFB5DADFE624B5D75D11B272D0E.d.6BE903B2C3A7666DF57E452A003B28A2.e.4534/click - {}
RESULT: {}
COMMAND: GET /session/a559204827f2d9c91dd80774e023d306/screenshot - {}
RESULT: {}
]]></system-out>
    </testcase>
    <testcase classname="chrome.135_0_7049_96.windows.Sanity_Tests_US104253" name="Should open Configure System page" time="33.932">
      <system-out><![CDATA[
COMMAND: POST /session/a559204827f2d9c91dd80774e023d306/execute/async - {"script":"<script> [1562 bytes]","args":[{"selector":{"controlType":"sap.m.GenericTile","properties":{"header":"Configure System"}},"wdio_ui5_key":"sapm.GenericTile{\"header\":\"Configure System\"}"}]}
RESULT: {"script":"<script> [1562 bytes]","args":[{"selector":{"controlType":"sap.m.GenericTile","properties":{"header":"Configure System"}},"wdio_ui5_key":"sapm.GenericTile{\"header\":\"Configure System\"}"}]}
RESULT: undefined
COMMAND: POST /session/a559204827f2d9c91dd80774e023d306/element - {"using":"xpath","value":"//*[@id=\"__tile114\"]"}
RESULT: {"using":"xpath","value":"//*[@id=\"__tile114\"]"}
COMMAND: POST /session/a559204827f2d9c91dd80774e023d306/element/f.DBBE0EFB5DADFE624B5D75D11B272D0E.d.6BE903B2C3A7666DF57E452A003B28A2.e.4536/click - {}
RESULT: {}
COMMAND: GET /session/a559204827f2d9c91dd80774e023d306/screenshot - {}
RESULT: {}
RESULT: undefined
COMMAND: POST /session/a559204827f2d9c91dd80774e023d306/element - {"using":"xpath","value":"//*[@id=\"__tile114\"]"}
RESULT: {"using":"xpath","value":"//*[@id=\"__tile114\"]"}
COMMAND: POST /session/a559204827f2d9c91dd80774e023d306/element/f.DBBE0EFB5DADFE624B5D75D11B272D0E.d.6BE903B2C3A7666DF57E452A003B28A2.e.4536/click - {}
RESULT: undefined
COMMAND: POST /session/a559204827f2d9c91dd80774e023d306/element - {"using":"xpath","value":"//*[@id=\"__tile114\"]"}
RESULT: {"using":"xpath","value":"//*[@id=\"__tile114\"]"}
COMMAND: POST /session/a559204827f2d9c91dd80774e023d306/element/f.DBBE0EFB5DADFE624B5D75D11B272D0E.d.6BE903B2C3A7666DF57E452A003B28A2.e.4536/click - {}
RESULT: undefined
COMMAND: POST /session/a559204827f2d9c91dd80774e023d306/execute/async - {"script":"<script> [6424 bytes]","args":[{"element-6066-11e4-a52e-4f735466cecf":"f.DBBE0EFB5DADFE624B5D75D11B272D0E.d.6BE903B2C3A7666DF57E452A003B28A2.e.288"},"getTitle",[]]}
COMMAND: POST /session/a559204827f2d9c91dd80774e023d306/execute/async - {"script":"<script> [1562 bytes]","args":[{"selector":{"id":"shellAppTitle"},"wdio_ui5_key":"shellAppTitle"}]}
RESULT: {"script":"<script> [1562 bytes]","args":[{"selector":{"id":"shellAppTitle"},"wdio_ui5_key":"shellAppTitle"}]}
COMMAND: POST /session/a559204827f2d9c91dd80774e023d306/execute/async - {"script":"<script> [6424 bytes]","args":[{"element-6066-11e4-a52e-4f735466cecf":"f.DBBE0EFB5DADFE624B5D75D11B272D0E.d.6BE903B2C3A7666DF57E452A003B28A2.e.4576"},"getTitle",[]]}
RESULT: {"script":"<script> [6424 bytes]","args":[{"element-6066-11e4-a52e-4f735466cecf":"f.DBBE0EFB5DADFE624B5D75D11B272D0E.d.6BE903B2C3A7666DF57E452A003B28A2.e.4576"},"getTitle",[]]}
RESULT: undefined
COMMAND: POST /session/a559204827f2d9c91dd80774e023d306/element/f.DBBE0EFB5DADFE624B5D75D11B272D0E.d.6BE903B2C3A7666DF57E452A003B28A2.e.4534/click - {}
RESULT: {}
COMMAND: GET /session/a559204827f2d9c91dd80774e023d306/screenshot - {}
RESULT: {}
]]></system-out>
    </testcase>
    <testcase classname="chrome.135_0_7049_96.windows.Sanity_Tests_US104253" name="Should open Manage Classifications page" time="31.662">
      <system-out><![CDATA[
COMMAND: POST /session/a559204827f2d9c91dd80774e023d306/execute/async - {"script":"<script> [1562 bytes]","args":[{"selector":{"controlType":"sap.m.GenericTile","properties":{"header":"Manage Classifications"}},"wdio_ui5_key":"sapm.GenericTile{\"header\":\"Manage Classifications\"}"}]}
RESULT: {"script":"<script> [1562 bytes]","args":[{"selector":{"controlType":"sap.m.GenericTile","properties":{"header":"Manage Classifications"}},"wdio_ui5_key":"sapm.GenericTile{\"header\":\"Manage Classifications\"}"}]}
RESULT: undefined
COMMAND: POST /session/a559204827f2d9c91dd80774e023d306/element - {"using":"xpath","value":"//*[@id=\"__tile115\"]"}
RESULT: {"using":"xpath","value":"//*[@id=\"__tile115\"]"}
COMMAND: POST /session/a559204827f2d9c91dd80774e023d306/element/f.DBBE0EFB5DADFE624B5D75D11B272D0E.d.6BE903B2C3A7666DF57E452A003B28A2.e.4580/click - {}
RESULT: {}
COMMAND: GET /session/a559204827f2d9c91dd80774e023d306/screenshot - {}
RESULT: {}
RESULT: undefined
COMMAND: POST /session/a559204827f2d9c91dd80774e023d306/element - {"using":"xpath","value":"//*[@id=\"__tile115\"]"}
RESULT: {"using":"xpath","value":"//*[@id=\"__tile115\"]"}
COMMAND: POST /session/a559204827f2d9c91dd80774e023d306/element/f.DBBE0EFB5DADFE624B5D75D11B272D0E.d.6BE903B2C3A7666DF57E452A003B28A2.e.4580/click - {}
RESULT: undefined
COMMAND: POST /session/a559204827f2d9c91dd80774e023d306/element - {"using":"xpath","value":"//*[@id=\"__tile115\"]"}
RESULT: {"using":"xpath","value":"//*[@id=\"__tile115\"]"}
COMMAND: POST /session/a559204827f2d9c91dd80774e023d306/element/f.DBBE0EFB5DADFE624B5D75D11B272D0E.d.6BE903B2C3A7666DF57E452A003B28A2.e.4580/click - {}
RESULT: undefined
COMMAND: POST /session/a559204827f2d9c91dd80774e023d306/execute/async - {"script":"<script> [6424 bytes]","args":[{"element-6066-11e4-a52e-4f735466cecf":"f.DBBE0EFB5DADFE624B5D75D11B272D0E.d.6BE903B2C3A7666DF57E452A003B28A2.e.288"},"getTitle",[]]}
COMMAND: POST /session/a559204827f2d9c91dd80774e023d306/execute/async - {"script":"<script> [1562 bytes]","args":[{"selector":{"id":"shellAppTitle"},"wdio_ui5_key":"shellAppTitle"}]}
RESULT: {"script":"<script> [1562 bytes]","args":[{"selector":{"id":"shellAppTitle"},"wdio_ui5_key":"shellAppTitle"}]}
COMMAND: POST /session/a559204827f2d9c91dd80774e023d306/execute/async - {"script":"<script> [6424 bytes]","args":[{"element-6066-11e4-a52e-4f735466cecf":"f.DBBE0EFB5DADFE624B5D75D11B272D0E.d.6BE903B2C3A7666DF57E452A003B28A2.e.4712"},"getTitle",[]]}
RESULT: {"script":"<script> [6424 bytes]","args":[{"element-6066-11e4-a52e-4f735466cecf":"f.DBBE0EFB5DADFE624B5D75D11B272D0E.d.6BE903B2C3A7666DF57E452A003B28A2.e.4712"},"getTitle",[]]}
RESULT: undefined
COMMAND: POST /session/a559204827f2d9c91dd80774e023d306/element/f.DBBE0EFB5DADFE624B5D75D11B272D0E.d.6BE903B2C3A7666DF57E452A003B28A2.e.4534/click - {}
COMMAND: POST /session/a559204827f2d9c91dd80774e023d306/element - {"using":"xpath","value":"//*[@id=\"backBtn\"]"}
RESULT: {"using":"xpath","value":"//*[@id=\"backBtn\"]"}
COMMAND: POST /session/a559204827f2d9c91dd80774e023d306/element/f.DBBE0EFB5DADFE624B5D75D11B272D0E.d.6BE903B2C3A7666DF57E452A003B28A2.e.4534/click - {}
COMMAND: POST /session/a559204827f2d9c91dd80774e023d306/element - {"using":"xpath","value":"//*[@id=\"backBtn\"]"}
RESULT: {"using":"xpath","value":"//*[@id=\"backBtn\"]"}
COMMAND: POST /session/a559204827f2d9c91dd80774e023d306/element/f.DBBE0EFB5DADFE624B5D75D11B272D0E.d.6BE903B2C3A7666DF57E452A003B28A2.e.4713/click - {}
RESULT: {}
COMMAND: GET /session/a559204827f2d9c91dd80774e023d306/screenshot - {}
RESULT: {}
]]></system-out>
    </testcase>
    <testcase classname="chrome.135_0_7049_96.windows.Sanity_Tests_US104253" name="Should open Data Explorer page" time="32.486">
      <system-out><![CDATA[
COMMAND: POST /session/a559204827f2d9c91dd80774e023d306/execute/async - {"script":"<script> [1562 bytes]","args":[{"selector":{"controlType":"sap.m.GenericTile","properties":{"header":"Data Explorer"}},"wdio_ui5_key":"sapm.GenericTile{\"header\":\"Data Explorer\"}"}]}
RESULT: {"script":"<script> [1562 bytes]","args":[{"selector":{"controlType":"sap.m.GenericTile","properties":{"header":"Data Explorer"}},"wdio_ui5_key":"sapm.GenericTile{\"header\":\"Data Explorer\"}"}]}
RESULT: undefined
COMMAND: POST /session/a559204827f2d9c91dd80774e023d306/element - {"using":"xpath","value":"//*[@id=\"__tile117\"]"}
RESULT: {"using":"xpath","value":"//*[@id=\"__tile117\"]"}
COMMAND: POST /session/a559204827f2d9c91dd80774e023d306/element/f.DBBE0EFB5DADFE624B5D75D11B272D0E.d.6BE903B2C3A7666DF57E452A003B28A2.e.4715/click - {}
RESULT: {}
COMMAND: GET /session/a559204827f2d9c91dd80774e023d306/screenshot - {}
RESULT: {}
RESULT: undefined
COMMAND: POST /session/a559204827f2d9c91dd80774e023d306/element - {"using":"xpath","value":"//*[@id=\"__tile117\"]"}
RESULT: {"using":"xpath","value":"//*[@id=\"__tile117\"]"}
COMMAND: POST /session/a559204827f2d9c91dd80774e023d306/element/f.DBBE0EFB5DADFE624B5D75D11B272D0E.d.6BE903B2C3A7666DF57E452A003B28A2.e.4715/click - {}
RESULT: undefined
COMMAND: POST /session/a559204827f2d9c91dd80774e023d306/element - {"using":"xpath","value":"//*[@id=\"__tile117\"]"}
RESULT: {"using":"xpath","value":"//*[@id=\"__tile117\"]"}
COMMAND: POST /session/a559204827f2d9c91dd80774e023d306/element/f.DBBE0EFB5DADFE624B5D75D11B272D0E.d.6BE903B2C3A7666DF57E452A003B28A2.e.4715/click - {}
RESULT: undefined
COMMAND: POST /session/a559204827f2d9c91dd80774e023d306/execute/async - {"script":"<script> [6424 bytes]","args":[{"element-6066-11e4-a52e-4f735466cecf":"f.DBBE0EFB5DADFE624B5D75D11B272D0E.d.6BE903B2C3A7666DF57E452A003B28A2.e.288"},"getTitle",[]]}
COMMAND: POST /session/a559204827f2d9c91dd80774e023d306/execute/async - {"script":"<script> [1562 bytes]","args":[{"selector":{"id":"shellAppTitle"},"wdio_ui5_key":"shellAppTitle"}]}
RESULT: {"script":"<script> [1562 bytes]","args":[{"selector":{"id":"shellAppTitle"},"wdio_ui5_key":"shellAppTitle"}]}
COMMAND: POST /session/a559204827f2d9c91dd80774e023d306/execute/async - {"script":"<script> [6424 bytes]","args":[{"element-6066-11e4-a52e-4f735466cecf":"f.DBBE0EFB5DADFE624B5D75D11B272D0E.d.6BE903B2C3A7666DF57E452A003B28A2.e.4887"},"getTitle",[]]}
RESULT: {"script":"<script> [6424 bytes]","args":[{"element-6066-11e4-a52e-4f735466cecf":"f.DBBE0EFB5DADFE624B5D75D11B272D0E.d.6BE903B2C3A7666DF57E452A003B28A2.e.4887"},"getTitle",[]]}
RESULT: undefined
COMMAND: POST /session/a559204827f2d9c91dd80774e023d306/element/f.DBBE0EFB5DADFE624B5D75D11B272D0E.d.6BE903B2C3A7666DF57E452A003B28A2.e.4713/click - {}
RESULT: {}
COMMAND: GET /session/a559204827f2d9c91dd80774e023d306/screenshot - {}
RESULT: {}
]]></system-out>
    </testcase>
    <testcase classname="chrome.135_0_7049_96.windows.Sanity_Tests_US104253" name="Should open Performance Monitor page" time="31.618">
      <system-out><![CDATA[
COMMAND: POST /session/a559204827f2d9c91dd80774e023d306/execute/async - {"script":"<script> [1562 bytes]","args":[{"selector":{"controlType":"sap.m.GenericTile","properties":{"header":"Performance Monitor"}},"wdio_ui5_key":"sapm.GenericTile{\"header\":\"Performance Monitor\"}"}]}
RESULT: {"script":"<script> [1562 bytes]","args":[{"selector":{"controlType":"sap.m.GenericTile","properties":{"header":"Performance Monitor"}},"wdio_ui5_key":"sapm.GenericTile{\"header\":\"Performance Monitor\"}"}]}
RESULT: undefined
COMMAND: POST /session/a559204827f2d9c91dd80774e023d306/element - {"using":"xpath","value":"//*[@id=\"__tile116\"]"}
RESULT: {"using":"xpath","value":"//*[@id=\"__tile116\"]"}
COMMAND: POST /session/a559204827f2d9c91dd80774e023d306/element/f.DBBE0EFB5DADFE624B5D75D11B272D0E.d.6BE903B2C3A7666DF57E452A003B28A2.e.4889/click - {}
RESULT: {}
COMMAND: GET /session/a559204827f2d9c91dd80774e023d306/screenshot - {}
RESULT: {}
RESULT: undefined
COMMAND: POST /session/a559204827f2d9c91dd80774e023d306/element - {"using":"xpath","value":"//*[@id=\"__tile116\"]"}
RESULT: {"using":"xpath","value":"//*[@id=\"__tile116\"]"}
COMMAND: POST /session/a559204827f2d9c91dd80774e023d306/element/f.DBBE0EFB5DADFE624B5D75D11B272D0E.d.6BE903B2C3A7666DF57E452A003B28A2.e.4889/click - {}
RESULT: undefined
COMMAND: POST /session/a559204827f2d9c91dd80774e023d306/element - {"using":"xpath","value":"//*[@id=\"__tile116\"]"}
RESULT: {"using":"xpath","value":"//*[@id=\"__tile116\"]"}
COMMAND: POST /session/a559204827f2d9c91dd80774e023d306/element/f.DBBE0EFB5DADFE624B5D75D11B272D0E.d.6BE903B2C3A7666DF57E452A003B28A2.e.4889/click - {}
RESULT: undefined
COMMAND: POST /session/a559204827f2d9c91dd80774e023d306/execute/async - {"script":"<script> [6424 bytes]","args":[{"element-6066-11e4-a52e-4f735466cecf":"f.DBBE0EFB5DADFE624B5D75D11B272D0E.d.6BE903B2C3A7666DF57E452A003B28A2.e.288"},"getTitle",[]]}
COMMAND: POST /session/a559204827f2d9c91dd80774e023d306/execute/async - {"script":"<script> [1562 bytes]","args":[{"selector":{"id":"shellAppTitle"},"wdio_ui5_key":"shellAppTitle"}]}
RESULT: {"script":"<script> [1562 bytes]","args":[{"selector":{"id":"shellAppTitle"},"wdio_ui5_key":"shellAppTitle"}]}
COMMAND: POST /session/a559204827f2d9c91dd80774e023d306/execute/async - {"script":"<script> [6424 bytes]","args":[{"element-6066-11e4-a52e-4f735466cecf":"f.DBBE0EFB5DADFE624B5D75D11B272D0E.d.6BE903B2C3A7666DF57E452A003B28A2.e.4930"},"getTitle",[]]}
RESULT: {"script":"<script> [6424 bytes]","args":[{"element-6066-11e4-a52e-4f735466cecf":"f.DBBE0EFB5DADFE624B5D75D11B272D0E.d.6BE903B2C3A7666DF57E452A003B28A2.e.4930"},"getTitle",[]]}
RESULT: undefined
COMMAND: POST /session/a559204827f2d9c91dd80774e023d306/element/f.DBBE0EFB5DADFE624B5D75D11B272D0E.d.6BE903B2C3A7666DF57E452A003B28A2.e.4713/click - {}
COMMAND: POST /session/a559204827f2d9c91dd80774e023d306/element - {"using":"xpath","value":"//*[@id=\"backBtn\"]"}
RESULT: {"using":"xpath","value":"//*[@id=\"backBtn\"]"}
COMMAND: POST /session/a559204827f2d9c91dd80774e023d306/element/f.DBBE0EFB5DADFE624B5D75D11B272D0E.d.6BE903B2C3A7666DF57E452A003B28A2.e.4713/click - {}
COMMAND: POST /session/a559204827f2d9c91dd80774e023d306/element - {"using":"xpath","value":"//*[@id=\"backBtn\"]"}
RESULT: {"using":"xpath","value":"//*[@id=\"backBtn\"]"}
COMMAND: POST /session/a559204827f2d9c91dd80774e023d306/element/f.DBBE0EFB5DADFE624B5D75D11B272D0E.d.6BE903B2C3A7666DF57E452A003B28A2.e.4931/click - {}
RESULT: {}
COMMAND: GET /session/a559204827f2d9c91dd80774e023d306/screenshot - {}
RESULT: {}
]]></system-out>
    </testcase>
    <testcase classname="chrome.135_0_7049_96.windows.Sanity_Tests_US104253" name="Should open Organizational Model page" time="32.898">
      <system-out><![CDATA[
COMMAND: POST /session/a559204827f2d9c91dd80774e023d306/execute/async - {"script":"<script> [1562 bytes]","args":[{"selector":{"controlType":"sap.m.GenericTile","properties":{"header":"Organizational Model"}},"wdio_ui5_key":"sapm.GenericTile{\"header\":\"Organizational Model\"}"}]}
RESULT: {"script":"<script> [1562 bytes]","args":[{"selector":{"controlType":"sap.m.GenericTile","properties":{"header":"Organizational Model"}},"wdio_ui5_key":"sapm.GenericTile{\"header\":\"Organizational Model\"}"}]}
RESULT: undefined
COMMAND: POST /session/a559204827f2d9c91dd80774e023d306/element - {"using":"xpath","value":"//*[@id=\"__tile120\"]"}
RESULT: {"using":"xpath","value":"//*[@id=\"__tile120\"]"}
COMMAND: POST /session/a559204827f2d9c91dd80774e023d306/element/f.DBBE0EFB5DADFE624B5D75D11B272D0E.d.6BE903B2C3A7666DF57E452A003B28A2.e.4934/click - {}
RESULT: {}
COMMAND: GET /session/a559204827f2d9c91dd80774e023d306/screenshot - {}
RESULT: {}
RESULT: undefined
COMMAND: POST /session/a559204827f2d9c91dd80774e023d306/element - {"using":"xpath","value":"//*[@id=\"__tile120\"]"}
RESULT: {"using":"xpath","value":"//*[@id=\"__tile120\"]"}
COMMAND: POST /session/a559204827f2d9c91dd80774e023d306/element/f.DBBE0EFB5DADFE624B5D75D11B272D0E.d.6BE903B2C3A7666DF57E452A003B28A2.e.4934/click - {}
RESULT: undefined
COMMAND: POST /session/a559204827f2d9c91dd80774e023d306/element - {"using":"xpath","value":"//*[@id=\"__tile120\"]"}
RESULT: {"using":"xpath","value":"//*[@id=\"__tile120\"]"}
COMMAND: POST /session/a559204827f2d9c91dd80774e023d306/element/f.DBBE0EFB5DADFE624B5D75D11B272D0E.d.6BE903B2C3A7666DF57E452A003B28A2.e.4934/click - {}
RESULT: undefined
COMMAND: POST /session/a559204827f2d9c91dd80774e023d306/execute/async - {"script":"<script> [6424 bytes]","args":[{"element-6066-11e4-a52e-4f735466cecf":"f.DBBE0EFB5DADFE624B5D75D11B272D0E.d.6BE903B2C3A7666DF57E452A003B28A2.e.288"},"getTitle",[]]}
COMMAND: POST /session/a559204827f2d9c91dd80774e023d306/execute/async - {"script":"<script> [1562 bytes]","args":[{"selector":{"id":"shellAppTitle"},"wdio_ui5_key":"shellAppTitle"}]}
RESULT: {"script":"<script> [1562 bytes]","args":[{"selector":{"id":"shellAppTitle"},"wdio_ui5_key":"shellAppTitle"}]}
COMMAND: POST /session/a559204827f2d9c91dd80774e023d306/execute/async - {"script":"<script> [6424 bytes]","args":[{"element-6066-11e4-a52e-4f735466cecf":"f.DBBE0EFB5DADFE624B5D75D11B272D0E.d.6BE903B2C3A7666DF57E452A003B28A2.e.4949"},"getTitle",[]]}
RESULT: {"script":"<script> [6424 bytes]","args":[{"element-6066-11e4-a52e-4f735466cecf":"f.DBBE0EFB5DADFE624B5D75D11B272D0E.d.6BE903B2C3A7666DF57E452A003B28A2.e.4949"},"getTitle",[]]}
RESULT: undefined
COMMAND: POST /session/a559204827f2d9c91dd80774e023d306/element/f.DBBE0EFB5DADFE624B5D75D11B272D0E.d.6BE903B2C3A7666DF57E452A003B28A2.e.4931/click - {}
RESULT: {}
COMMAND: GET /session/a559204827f2d9c91dd80774e023d306/screenshot - {}
RESULT: {}
]]></system-out>
    </testcase>
    <testcase classname="chrome.135_0_7049_96.windows.Sanity_Tests_US104253" name="Should open Manage Roles page" time="30.346">
      <system-out><![CDATA[
COMMAND: POST /session/a559204827f2d9c91dd80774e023d306/execute/async - {"script":"<script> [1562 bytes]","args":[{"selector":{"controlType":"sap.m.GenericTile","properties":{"header":"Manage Roles"}},"wdio_ui5_key":"sapm.GenericTile{\"header\":\"Manage Roles\"}"}]}
RESULT: {"script":"<script> [1562 bytes]","args":[{"selector":{"controlType":"sap.m.GenericTile","properties":{"header":"Manage Roles"}},"wdio_ui5_key":"sapm.GenericTile{\"header\":\"Manage Roles\"}"}]}
RESULT: undefined
COMMAND: POST /session/a559204827f2d9c91dd80774e023d306/element - {"using":"xpath","value":"//*[@id=\"__tile119\"]"}
RESULT: {"using":"xpath","value":"//*[@id=\"__tile119\"]"}
COMMAND: POST /session/a559204827f2d9c91dd80774e023d306/element/f.DBBE0EFB5DADFE624B5D75D11B272D0E.d.6BE903B2C3A7666DF57E452A003B28A2.e.4953/click - {}
RESULT: {}
COMMAND: GET /session/a559204827f2d9c91dd80774e023d306/screenshot - {}
RESULT: {}
RESULT: undefined
COMMAND: POST /session/a559204827f2d9c91dd80774e023d306/element - {"using":"xpath","value":"//*[@id=\"__tile119\"]"}
RESULT: {"using":"xpath","value":"//*[@id=\"__tile119\"]"}
COMMAND: POST /session/a559204827f2d9c91dd80774e023d306/element/f.DBBE0EFB5DADFE624B5D75D11B272D0E.d.6BE903B2C3A7666DF57E452A003B28A2.e.4953/click - {}
RESULT: undefined
COMMAND: POST /session/a559204827f2d9c91dd80774e023d306/element - {"using":"xpath","value":"//*[@id=\"__tile119\"]"}
RESULT: {"using":"xpath","value":"//*[@id=\"__tile119\"]"}
COMMAND: POST /session/a559204827f2d9c91dd80774e023d306/element/f.DBBE0EFB5DADFE624B5D75D11B272D0E.d.6BE903B2C3A7666DF57E452A003B28A2.e.4953/click - {}
RESULT: undefined
COMMAND: POST /session/a559204827f2d9c91dd80774e023d306/execute/async - {"script":"<script> [6424 bytes]","args":[{"element-6066-11e4-a52e-4f735466cecf":"f.DBBE0EFB5DADFE624B5D75D11B272D0E.d.6BE903B2C3A7666DF57E452A003B28A2.e.288"},"getTitle",[]]}
COMMAND: POST /session/a559204827f2d9c91dd80774e023d306/execute/async - {"script":"<script> [1562 bytes]","args":[{"selector":{"id":"shellAppTitle"},"wdio_ui5_key":"shellAppTitle"}]}
RESULT: {"script":"<script> [1562 bytes]","args":[{"selector":{"id":"shellAppTitle"},"wdio_ui5_key":"shellAppTitle"}]}
COMMAND: POST /session/a559204827f2d9c91dd80774e023d306/execute/async - {"script":"<script> [6424 bytes]","args":[{"element-6066-11e4-a52e-4f735466cecf":"f.DBBE0EFB5DADFE624B5D75D11B272D0E.d.6BE903B2C3A7666DF57E452A003B28A2.e.4998"},"getTitle",[]]}
RESULT: {"script":"<script> [6424 bytes]","args":[{"element-6066-11e4-a52e-4f735466cecf":"f.DBBE0EFB5DADFE624B5D75D11B272D0E.d.6BE903B2C3A7666DF57E452A003B28A2.e.4998"},"getTitle",[]]}
RESULT: undefined
COMMAND: POST /session/a559204827f2d9c91dd80774e023d306/element/f.DBBE0EFB5DADFE624B5D75D11B272D0E.d.6BE903B2C3A7666DF57E452A003B28A2.e.4931/click - {}
COMMAND: POST /session/a559204827f2d9c91dd80774e023d306/element - {"using":"xpath","value":"//*[@id=\"backBtn\"]"}
RESULT: {"using":"xpath","value":"//*[@id=\"backBtn\"]"}
COMMAND: POST /session/a559204827f2d9c91dd80774e023d306/element/f.DBBE0EFB5DADFE624B5D75D11B272D0E.d.6BE903B2C3A7666DF57E452A003B28A2.e.4931/click - {}
COMMAND: POST /session/a559204827f2d9c91dd80774e023d306/element - {"using":"xpath","value":"//*[@id=\"backBtn\"]"}
RESULT: {"using":"xpath","value":"//*[@id=\"backBtn\"]"}
COMMAND: POST /session/a559204827f2d9c91dd80774e023d306/element/f.DBBE0EFB5DADFE624B5D75D11B272D0E.d.6BE903B2C3A7666DF57E452A003B28A2.e.4999/click - {}
RESULT: {}
COMMAND: GET /session/a559204827f2d9c91dd80774e023d306/screenshot - {}
RESULT: {}
]]></system-out>
    </testcase>
    <testcase classname="chrome.135_0_7049_96.windows.Sanity_Tests_US104253" name="Should open Authorization Tables page" time="32.954">
      <system-out><![CDATA[
COMMAND: POST /session/a559204827f2d9c91dd80774e023d306/execute/async - {"script":"<script> [1562 bytes]","args":[{"selector":{"controlType":"sap.m.GenericTile","properties":{"header":"Authorization Tables"}},"wdio_ui5_key":"sapm.GenericTile{\"header\":\"Authorization Tables\"}"}]}
RESULT: {"script":"<script> [1562 bytes]","args":[{"selector":{"controlType":"sap.m.GenericTile","properties":{"header":"Authorization Tables"}},"wdio_ui5_key":"sapm.GenericTile{\"header\":\"Authorization Tables\"}"}]}
RESULT: undefined
COMMAND: POST /session/a559204827f2d9c91dd80774e023d306/element - {"using":"xpath","value":"//*[@id=\"__tile118\"]"}
RESULT: {"using":"xpath","value":"//*[@id=\"__tile118\"]"}
COMMAND: POST /session/a559204827f2d9c91dd80774e023d306/element/f.DBBE0EFB5DADFE624B5D75D11B272D0E.d.6BE903B2C3A7666DF57E452A003B28A2.e.5001/click - {}
RESULT: {}
COMMAND: GET /session/a559204827f2d9c91dd80774e023d306/screenshot - {}
RESULT: {}
RESULT: undefined
COMMAND: POST /session/a559204827f2d9c91dd80774e023d306/element - {"using":"xpath","value":"//*[@id=\"__tile118\"]"}
RESULT: {"using":"xpath","value":"//*[@id=\"__tile118\"]"}
COMMAND: POST /session/a559204827f2d9c91dd80774e023d306/element/f.DBBE0EFB5DADFE624B5D75D11B272D0E.d.6BE903B2C3A7666DF57E452A003B28A2.e.5001/click - {}
RESULT: undefined
COMMAND: POST /session/a559204827f2d9c91dd80774e023d306/element - {"using":"xpath","value":"//*[@id=\"__tile118\"]"}
RESULT: {"using":"xpath","value":"//*[@id=\"__tile118\"]"}
COMMAND: POST /session/a559204827f2d9c91dd80774e023d306/element/f.DBBE0EFB5DADFE624B5D75D11B272D0E.d.6BE903B2C3A7666DF57E452A003B28A2.e.5001/click - {}
RESULT: undefined
COMMAND: POST /session/a559204827f2d9c91dd80774e023d306/execute/async - {"script":"<script> [6424 bytes]","args":[{"element-6066-11e4-a52e-4f735466cecf":"f.DBBE0EFB5DADFE624B5D75D11B272D0E.d.6BE903B2C3A7666DF57E452A003B28A2.e.288"},"getTitle",[]]}
COMMAND: POST /session/a559204827f2d9c91dd80774e023d306/execute/async - {"script":"<script> [1562 bytes]","args":[{"selector":{"id":"shellAppTitle"},"wdio_ui5_key":"shellAppTitle"}]}
RESULT: {"script":"<script> [1562 bytes]","args":[{"selector":{"id":"shellAppTitle"},"wdio_ui5_key":"shellAppTitle"}]}
COMMAND: POST /session/a559204827f2d9c91dd80774e023d306/execute/async - {"script":"<script> [6424 bytes]","args":[{"element-6066-11e4-a52e-4f735466cecf":"f.DBBE0EFB5DADFE624B5D75D11B272D0E.d.6BE903B2C3A7666DF57E452A003B28A2.e.5084"},"getTitle",[]]}
RESULT: {"script":"<script> [6424 bytes]","args":[{"element-6066-11e4-a52e-4f735466cecf":"f.DBBE0EFB5DADFE624B5D75D11B272D0E.d.6BE903B2C3A7666DF57E452A003B28A2.e.5084"},"getTitle",[]]}
RESULT: undefined
COMMAND: POST /session/a559204827f2d9c91dd80774e023d306/element/f.DBBE0EFB5DADFE624B5D75D11B272D0E.d.6BE903B2C3A7666DF57E452A003B28A2.e.4999/click - {}
RESULT: {}
COMMAND: GET /session/a559204827f2d9c91dd80774e023d306/screenshot - {}
RESULT: {}
]]></system-out>
    </testcase>
    <testcase classname="chrome.135_0_7049_96.windows.Sanity_Tests_US104253" name="Should open User Maintenance page" time="34.195">
      <system-out><![CDATA[
COMMAND: POST /session/a559204827f2d9c91dd80774e023d306/execute/async - {"script":"<script> [1562 bytes]","args":[{"selector":{"controlType":"sap.m.GenericTile","properties":{"header":"User Maintenance"}},"wdio_ui5_key":"sapm.GenericTile{\"header\":\"User Maintenance\"}"}]}
RESULT: {"script":"<script> [1562 bytes]","args":[{"selector":{"controlType":"sap.m.GenericTile","properties":{"header":"User Maintenance"}},"wdio_ui5_key":"sapm.GenericTile{\"header\":\"User Maintenance\"}"}]}
RESULT: undefined
COMMAND: POST /session/a559204827f2d9c91dd80774e023d306/element - {"using":"xpath","value":"//*[@id=\"__tile121\"]"}
RESULT: {"using":"xpath","value":"//*[@id=\"__tile121\"]"}
COMMAND: POST /session/a559204827f2d9c91dd80774e023d306/element/f.DBBE0EFB5DADFE624B5D75D11B272D0E.d.6BE903B2C3A7666DF57E452A003B28A2.e.5086/click - {}
RESULT: {}
COMMAND: GET /session/a559204827f2d9c91dd80774e023d306/screenshot - {}
RESULT: {}
RESULT: undefined
COMMAND: POST /session/a559204827f2d9c91dd80774e023d306/element - {"using":"xpath","value":"//*[@id=\"__tile121\"]"}
RESULT: {"using":"xpath","value":"//*[@id=\"__tile121\"]"}
COMMAND: POST /session/a559204827f2d9c91dd80774e023d306/element/f.DBBE0EFB5DADFE624B5D75D11B272D0E.d.6BE903B2C3A7666DF57E452A003B28A2.e.5086/click - {}
RESULT: undefined
COMMAND: POST /session/a559204827f2d9c91dd80774e023d306/element - {"using":"xpath","value":"//*[@id=\"__tile121\"]"}
RESULT: {"using":"xpath","value":"//*[@id=\"__tile121\"]"}
COMMAND: POST /session/a559204827f2d9c91dd80774e023d306/element/f.DBBE0EFB5DADFE624B5D75D11B272D0E.d.6BE903B2C3A7666DF57E452A003B28A2.e.5086/click - {}
RESULT: undefined
COMMAND: POST /session/a559204827f2d9c91dd80774e023d306/execute/async - {"script":"<script> [6424 bytes]","args":[{"element-6066-11e4-a52e-4f735466cecf":"f.DBBE0EFB5DADFE624B5D75D11B272D0E.d.6BE903B2C3A7666DF57E452A003B28A2.e.288"},"getTitle",[]]}
COMMAND: POST /session/a559204827f2d9c91dd80774e023d306/execute/async - {"script":"<script> [1562 bytes]","args":[{"selector":{"id":"shellAppTitle"},"wdio_ui5_key":"shellAppTitle"}]}
RESULT: {"script":"<script> [1562 bytes]","args":[{"selector":{"id":"shellAppTitle"},"wdio_ui5_key":"shellAppTitle"}]}
COMMAND: POST /session/a559204827f2d9c91dd80774e023d306/execute/async - {"script":"<script> [6424 bytes]","args":[{"element-6066-11e4-a52e-4f735466cecf":"f.DBBE0EFB5DADFE624B5D75D11B272D0E.d.6BE903B2C3A7666DF57E452A003B28A2.e.5179"},"getTitle",[]]}
RESULT: {"script":"<script> [6424 bytes]","args":[{"element-6066-11e4-a52e-4f735466cecf":"f.DBBE0EFB5DADFE624B5D75D11B272D0E.d.6BE903B2C3A7666DF57E452A003B28A2.e.5179"},"getTitle",[]]}
RESULT: undefined
COMMAND: POST /session/a559204827f2d9c91dd80774e023d306/element/f.DBBE0EFB5DADFE624B5D75D11B272D0E.d.6BE903B2C3A7666DF57E452A003B28A2.e.4999/click - {}
COMMAND: POST /session/a559204827f2d9c91dd80774e023d306/element - {"using":"xpath","value":"//*[@id=\"backBtn\"]"}
RESULT: {"using":"xpath","value":"//*[@id=\"backBtn\"]"}
COMMAND: POST /session/a559204827f2d9c91dd80774e023d306/element/f.DBBE0EFB5DADFE624B5D75D11B272D0E.d.6BE903B2C3A7666DF57E452A003B28A2.e.4999/click - {}
COMMAND: POST /session/a559204827f2d9c91dd80774e023d306/element - {"using":"xpath","value":"//*[@id=\"backBtn\"]"}
RESULT: {"using":"xpath","value":"//*[@id=\"backBtn\"]"}
COMMAND: POST /session/a559204827f2d9c91dd80774e023d306/element/f.DBBE0EFB5DADFE624B5D75D11B272D0E.d.6BE903B2C3A7666DF57E452A003B28A2.e.5180/click - {}
RESULT: {}
COMMAND: GET /session/a559204827f2d9c91dd80774e023d306/screenshot - {}
RESULT: {}
]]></system-out>
    </testcase>
    <testcase classname="chrome.135_0_7049_96.windows.Sanity_Tests_US104253" name="Should open Schedule Jobs page" time="25.991">
      <system-out><![CDATA[
COMMAND: POST /session/a559204827f2d9c91dd80774e023d306/execute/async - {"script":"<script> [1562 bytes]","args":[{"selector":{"controlType":"sap.m.GenericTile","properties":{"header":"Schedule Jobs"}},"wdio_ui5_key":"sapm.GenericTile{\"header\":\"Schedule Jobs\"}"}]}
RESULT: {"script":"<script> [1562 bytes]","args":[{"selector":{"controlType":"sap.m.GenericTile","properties":{"header":"Schedule Jobs"}},"wdio_ui5_key":"sapm.GenericTile{\"header\":\"Schedule Jobs\"}"}]}
RESULT: undefined
COMMAND: POST /session/a559204827f2d9c91dd80774e023d306/element - {"using":"xpath","value":"//*[@id=\"__tile127\"]"}
RESULT: {"using":"xpath","value":"//*[@id=\"__tile127\"]"}
COMMAND: POST /session/a559204827f2d9c91dd80774e023d306/element/f.DBBE0EFB5DADFE624B5D75D11B272D0E.d.6BE903B2C3A7666DF57E452A003B28A2.e.5184/click - {}
RESULT: {}
COMMAND: GET /session/a559204827f2d9c91dd80774e023d306/screenshot - {}
RESULT: {}
RESULT: undefined
COMMAND: POST /session/a559204827f2d9c91dd80774e023d306/element - {"using":"xpath","value":"//*[@id=\"__tile127\"]"}
RESULT: {"using":"xpath","value":"//*[@id=\"__tile127\"]"}
COMMAND: POST /session/a559204827f2d9c91dd80774e023d306/element/f.DBBE0EFB5DADFE624B5D75D11B272D0E.d.6BE903B2C3A7666DF57E452A003B28A2.e.5184/click - {}
RESULT: undefined
COMMAND: POST /session/a559204827f2d9c91dd80774e023d306/element - {"using":"xpath","value":"//*[@id=\"__tile127\"]"}
RESULT: {"using":"xpath","value":"//*[@id=\"__tile127\"]"}
COMMAND: POST /session/a559204827f2d9c91dd80774e023d306/element/f.DBBE0EFB5DADFE624B5D75D11B272D0E.d.6BE903B2C3A7666DF57E452A003B28A2.e.5184/click - {}
RESULT: undefined
COMMAND: POST /session/a559204827f2d9c91dd80774e023d306/execute/async - {"script":"<script> [6424 bytes]","args":[{"element-6066-11e4-a52e-4f735466cecf":"f.DBBE0EFB5DADFE624B5D75D11B272D0E.d.6BE903B2C3A7666DF57E452A003B28A2.e.288"},"getTitle",[]]}
COMMAND: POST /session/a559204827f2d9c91dd80774e023d306/execute/async - {"script":"<script> [1562 bytes]","args":[{"selector":{"id":"shellAppTitle"},"wdio_ui5_key":"shellAppTitle"}]}
RESULT: {"script":"<script> [1562 bytes]","args":[{"selector":{"id":"shellAppTitle"},"wdio_ui5_key":"shellAppTitle"}]}
COMMAND: POST /session/a559204827f2d9c91dd80774e023d306/execute/async - {"script":"<script> [6424 bytes]","args":[{"element-6066-11e4-a52e-4f735466cecf":"f.DBBE0EFB5DADFE624B5D75D11B272D0E.d.6BE903B2C3A7666DF57E452A003B28A2.e.5230"},"getTitle",[]]}
RESULT: {"script":"<script> [6424 bytes]","args":[{"element-6066-11e4-a52e-4f735466cecf":"f.DBBE0EFB5DADFE624B5D75D11B272D0E.d.6BE903B2C3A7666DF57E452A003B28A2.e.5230"},"getTitle",[]]}
RESULT: undefined
COMMAND: POST /session/a559204827f2d9c91dd80774e023d306/element/f.DBBE0EFB5DADFE624B5D75D11B272D0E.d.6BE903B2C3A7666DF57E452A003B28A2.e.5180/click - {}
COMMAND: POST /session/a559204827f2d9c91dd80774e023d306/element/f.DBBE0EFB5DADFE624B5D75D11B272D0E.d.6BE903B2C3A7666DF57E452A003B28A2.e.5180/click - {}
RESULT: {}
COMMAND: GET /session/a559204827f2d9c91dd80774e023d306/screenshot - {}
COMMAND: POST /session/a559204827f2d9c91dd80774e023d306/element - {"using":"xpath","value":"//*[@id=\"backBtn\"]"}
RESULT: {}
RESULT: {"using":"xpath","value":"//*[@id=\"backBtn\"]"}
COMMAND: POST /session/a559204827f2d9c91dd80774e023d306/elements - {"using":"xpath","value":"//*[@id=\"backBtn\"]"}
RESULT: {"using":"xpath","value":"//*[@id=\"backBtn\"]"}
COMMAND: POST /session/a559204827f2d9c91dd80774e023d306/elements - {"using":"xpath","value":"//*[@id=\"backBtn\"]"}
RESULT: {"using":"xpath","value":"//*[@id=\"backBtn\"]"}
COMMAND: POST /session/a559204827f2d9c91dd80774e023d306/elements - {"using":"xpath","value":"//*[@id=\"backBtn\"]"}
RESULT: {"using":"xpath","value":"//*[@id=\"backBtn\"]"}
COMMAND: POST /session/a559204827f2d9c91dd80774e023d306/elements - {"using":"xpath","value":"//*[@id=\"backBtn\"]"}
RESULT: {"using":"xpath","value":"//*[@id=\"backBtn\"]"}
COMMAND: POST /session/a559204827f2d9c91dd80774e023d306/elements - {"using":"xpath","value":"//*[@id=\"backBtn\"]"}
RESULT: {"using":"xpath","value":"//*[@id=\"backBtn\"]"}
COMMAND: POST /session/a559204827f2d9c91dd80774e023d306/elements - {"using":"xpath","value":"//*[@id=\"backBtn\"]"}
RESULT: {"using":"xpath","value":"//*[@id=\"backBtn\"]"}
COMMAND: POST /session/a559204827f2d9c91dd80774e023d306/elements - {"using":"xpath","value":"//*[@id=\"backBtn\"]"}
RESULT: {"using":"xpath","value":"//*[@id=\"backBtn\"]"}
COMMAND: POST /session/a559204827f2d9c91dd80774e023d306/elements - {"using":"xpath","value":"//*[@id=\"backBtn\"]"}
RESULT: {"using":"xpath","value":"//*[@id=\"backBtn\"]"}
COMMAND: POST /session/a559204827f2d9c91dd80774e023d306/elements - {"using":"xpath","value":"//*[@id=\"backBtn\"]"}
RESULT: {"using":"xpath","value":"//*[@id=\"backBtn\"]"}
COMMAND: POST /session/a559204827f2d9c91dd80774e023d306/elements - {"using":"xpath","value":"//*[@id=\"backBtn\"]"}
RESULT: {"using":"xpath","value":"//*[@id=\"backBtn\"]"}
COMMAND: POST /session/a559204827f2d9c91dd80774e023d306/elements - {"using":"xpath","value":"//*[@id=\"backBtn\"]"}
RESULT: {"using":"xpath","value":"//*[@id=\"backBtn\"]"}
COMMAND: POST /session/a559204827f2d9c91dd80774e023d306/elements - {"using":"xpath","value":"//*[@id=\"backBtn\"]"}
RESULT: {"using":"xpath","value":"//*[@id=\"backBtn\"]"}
COMMAND: POST /session/a559204827f2d9c91dd80774e023d306/elements - {"using":"xpath","value":"//*[@id=\"backBtn\"]"}
RESULT: {"using":"xpath","value":"//*[@id=\"backBtn\"]"}
COMMAND: POST /session/a559204827f2d9c91dd80774e023d306/elements - {"using":"xpath","value":"//*[@id=\"backBtn\"]"}
RESULT: {"using":"xpath","value":"//*[@id=\"backBtn\"]"}
COMMAND: POST /session/a559204827f2d9c91dd80774e023d306/elements - {"using":"xpath","value":"//*[@id=\"backBtn\"]"}
RESULT: {"using":"xpath","value":"//*[@id=\"backBtn\"]"}
COMMAND: POST /session/a559204827f2d9c91dd80774e023d306/elements - {"using":"xpath","value":"//*[@id=\"backBtn\"]"}
RESULT: {"using":"xpath","value":"//*[@id=\"backBtn\"]"}
COMMAND: POST /session/a559204827f2d9c91dd80774e023d306/elements - {"using":"xpath","value":"//*[@id=\"backBtn\"]"}
RESULT: {"using":"xpath","value":"//*[@id=\"backBtn\"]"}
]]></system-out>
    </testcase>
    <testcase classname="chrome.135_0_7049_96.windows.Sanity_Tests_US104253" name="Should open Jobs Setup page" time="26.043">
      <system-out><![CDATA[
COMMAND: POST /session/a559204827f2d9c91dd80774e023d306/execute/async - {"script":"<script> [1562 bytes]","args":[{"selector":{"controlType":"sap.m.GenericTile","properties":{"header":"Jobs Setup"}},"wdio_ui5_key":"sapm.GenericTile{\"header\":\"Jobs Setup\"}"}]}
COMMAND: POST /session/a559204827f2d9c91dd80774e023d306/elements - {"using":"xpath","value":"//*[@id=\"backBtn\"]"}
RESULT: {"script":"<script> [1562 bytes]","args":[{"selector":{"controlType":"sap.m.GenericTile","properties":{"header":"Jobs Setup"}},"wdio_ui5_key":"sapm.GenericTile{\"header\":\"Jobs Setup\"}"}]}
RESULT: undefined
COMMAND: POST /session/a559204827f2d9c91dd80774e023d306/element - {"using":"xpath","value":"//*[@id=\"__tile128\"]"}
RESULT: {"using":"xpath","value":"//*[@id=\"backBtn\"]"}
RESULT: {"using":"xpath","value":"//*[@id=\"__tile128\"]"}
COMMAND: POST /session/a559204827f2d9c91dd80774e023d306/element/f.DBBE0EFB5DADFE624B5D75D11B272D0E.d.6BE903B2C3A7666DF57E452A003B28A2.e.5232/click - {}
RESULT: {}
COMMAND: GET /session/a559204827f2d9c91dd80774e023d306/screenshot - {}
COMMAND: POST /session/a559204827f2d9c91dd80774e023d306/elements - {"using":"xpath","value":"//*[@id=\"backBtn\"]"}
RESULT: {}
RESULT: {"using":"xpath","value":"//*[@id=\"backBtn\"]"}
COMMAND: POST /session/a559204827f2d9c91dd80774e023d306/elements - {"using":"xpath","value":"//*[@id=\"backBtn\"]"}
RESULT: {"using":"xpath","value":"//*[@id=\"backBtn\"]"}
COMMAND: POST /session/a559204827f2d9c91dd80774e023d306/element - {"using":"xpath","value":"//*[@id=\"backBtn\"]"}
RESULT: {"using":"xpath","value":"//*[@id=\"backBtn\"]"}
COMMAND: POST /session/a559204827f2d9c91dd80774e023d306/element/f.DBBE0EFB5DADFE624B5D75D11B272D0E.d.6BE903B2C3A7666DF57E452A003B28A2.e.5180/click - {}
COMMAND: POST /session/a559204827f2d9c91dd80774e023d306/element - {"using":"xpath","value":"//*[@id=\"backBtn\"]"}
RESULT: {"using":"xpath","value":"//*[@id=\"backBtn\"]"}
COMMAND: POST /session/a559204827f2d9c91dd80774e023d306/element/f.DBBE0EFB5DADFE624B5D75D11B272D0E.d.6BE903B2C3A7666DF57E452A003B28A2.e.5292/click - {}
RESULT: {}
COMMAND: GET /session/a559204827f2d9c91dd80774e023d306/screenshot - {}
RESULT: {}
RESULT: undefined
COMMAND: POST /session/a559204827f2d9c91dd80774e023d306/element - {"using":"xpath","value":"//*[@id=\"__tile128\"]"}
RESULT: {"using":"xpath","value":"//*[@id=\"__tile128\"]"}
COMMAND: POST /session/a559204827f2d9c91dd80774e023d306/element/f.DBBE0EFB5DADFE624B5D75D11B272D0E.d.6BE903B2C3A7666DF57E452A003B28A2.e.5232/click - {}
RESULT: undefined
COMMAND: POST /session/a559204827f2d9c91dd80774e023d306/element - {"using":"xpath","value":"//*[@id=\"__tile128\"]"}
RESULT: {"using":"xpath","value":"//*[@id=\"__tile128\"]"}
COMMAND: POST /session/a559204827f2d9c91dd80774e023d306/element/f.DBBE0EFB5DADFE624B5D75D11B272D0E.d.6BE903B2C3A7666DF57E452A003B28A2.e.5232/click - {}
RESULT: undefined
COMMAND: POST /session/a559204827f2d9c91dd80774e023d306/execute/async - {"script":"<script> [6424 bytes]","args":[{"element-6066-11e4-a52e-4f735466cecf":"f.DBBE0EFB5DADFE624B5D75D11B272D0E.d.6BE903B2C3A7666DF57E452A003B28A2.e.288"},"getTitle",[]]}
COMMAND: POST /session/a559204827f2d9c91dd80774e023d306/execute/async - {"script":"<script> [1562 bytes]","args":[{"selector":{"id":"shellAppTitle"},"wdio_ui5_key":"shellAppTitle"}]}
RESULT: {"script":"<script> [1562 bytes]","args":[{"selector":{"id":"shellAppTitle"},"wdio_ui5_key":"shellAppTitle"}]}
COMMAND: POST /session/a559204827f2d9c91dd80774e023d306/execute/async - {"script":"<script> [6424 bytes]","args":[{"element-6066-11e4-a52e-4f735466cecf":"f.DBBE0EFB5DADFE624B5D75D11B272D0E.d.6BE903B2C3A7666DF57E452A003B28A2.e.5320"},"getTitle",[]]}
RESULT: {"script":"<script> [6424 bytes]","args":[{"element-6066-11e4-a52e-4f735466cecf":"f.DBBE0EFB5DADFE624B5D75D11B272D0E.d.6BE903B2C3A7666DF57E452A003B28A2.e.5320"},"getTitle",[]]}
RESULT: undefined
COMMAND: POST /session/a559204827f2d9c91dd80774e023d306/element/f.DBBE0EFB5DADFE624B5D75D11B272D0E.d.6BE903B2C3A7666DF57E452A003B28A2.e.5292/click - {}
COMMAND: POST /session/a559204827f2d9c91dd80774e023d306/element/f.DBBE0EFB5DADFE624B5D75D11B272D0E.d.6BE903B2C3A7666DF57E452A003B28A2.e.5292/click - {}
RESULT: {}
COMMAND: GET /session/a559204827f2d9c91dd80774e023d306/screenshot - {}
RESULT: {}
COMMAND: GET /session/a559204827f2d9c91dd80774e023d306/screenshot - {}
RESULT: {}
RESULT: {}
]]></system-out>
    </testcase>
    <testcase classname="chrome.135_0_7049_96.windows.Sanity_Tests_US104253" name="Should open Target Systems Configuration page" time="25.93">
      <system-out><![CDATA[
COMMAND: POST /session/a559204827f2d9c91dd80774e023d306/execute/async - {"script":"<script> [1562 bytes]","args":[{"selector":{"controlType":"sap.m.GenericTile","properties":{"header":"Target Systems Configuration"}},"wdio_ui5_key":"sapm.GenericTile{\"header\":\"Target Systems Configuration\"}"}]}
RESULT: {"script":"<script> [1562 bytes]","args":[{"selector":{"controlType":"sap.m.GenericTile","properties":{"header":"Target Systems Configuration"}},"wdio_ui5_key":"sapm.GenericTile{\"header\":\"Target Systems Configuration\"}"}]}
RESULT: undefined
COMMAND: POST /session/a559204827f2d9c91dd80774e023d306/element - {"using":"xpath","value":"//*[@id=\"__tile129\"]"}
RESULT: {"using":"xpath","value":"//*[@id=\"__tile129\"]"}
COMMAND: POST /session/a559204827f2d9c91dd80774e023d306/element/f.DBBE0EFB5DADFE624B5D75D11B272D0E.d.6BE903B2C3A7666DF57E452A003B28A2.e.5322/click - {}
RESULT: {}
COMMAND: GET /session/a559204827f2d9c91dd80774e023d306/screenshot - {}
RESULT: {}
RESULT: undefined
COMMAND: POST /session/a559204827f2d9c91dd80774e023d306/element - {"using":"xpath","value":"//*[@id=\"__tile129\"]"}
RESULT: {"using":"xpath","value":"//*[@id=\"__tile129\"]"}
COMMAND: POST /session/a559204827f2d9c91dd80774e023d306/element/f.DBBE0EFB5DADFE624B5D75D11B272D0E.d.6BE903B2C3A7666DF57E452A003B28A2.e.5322/click - {}
RESULT: undefined
COMMAND: POST /session/a559204827f2d9c91dd80774e023d306/element - {"using":"xpath","value":"//*[@id=\"__tile129\"]"}
RESULT: {"using":"xpath","value":"//*[@id=\"__tile129\"]"}
COMMAND: POST /session/a559204827f2d9c91dd80774e023d306/element/f.DBBE0EFB5DADFE624B5D75D11B272D0E.d.6BE903B2C3A7666DF57E452A003B28A2.e.5322/click - {}
RESULT: undefined
COMMAND: POST /session/a559204827f2d9c91dd80774e023d306/execute/async - {"script":"<script> [6424 bytes]","args":[{"element-6066-11e4-a52e-4f735466cecf":"f.DBBE0EFB5DADFE624B5D75D11B272D0E.d.6BE903B2C3A7666DF57E452A003B28A2.e.288"},"getTitle",[]]}
COMMAND: POST /session/a559204827f2d9c91dd80774e023d306/execute/async - {"script":"<script> [1562 bytes]","args":[{"selector":{"id":"shellAppTitle"},"wdio_ui5_key":"shellAppTitle"}]}
RESULT: {"script":"<script> [1562 bytes]","args":[{"selector":{"id":"shellAppTitle"},"wdio_ui5_key":"shellAppTitle"}]}
COMMAND: POST /session/a559204827f2d9c91dd80774e023d306/execute/async - {"script":"<script> [6424 bytes]","args":[{"element-6066-11e4-a52e-4f735466cecf":"f.DBBE0EFB5DADFE624B5D75D11B272D0E.d.6BE903B2C3A7666DF57E452A003B28A2.e.5375"},"getTitle",[]]}
RESULT: {"script":"<script> [6424 bytes]","args":[{"element-6066-11e4-a52e-4f735466cecf":"f.DBBE0EFB5DADFE624B5D75D11B272D0E.d.6BE903B2C3A7666DF57E452A003B28A2.e.5375"},"getTitle",[]]}
RESULT: undefined
COMMAND: POST /session/a559204827f2d9c91dd80774e023d306/element/f.DBBE0EFB5DADFE624B5D75D11B272D0E.d.6BE903B2C3A7666DF57E452A003B28A2.e.5292/click - {}
COMMAND: POST /session/a559204827f2d9c91dd80774e023d306/element/f.DBBE0EFB5DADFE624B5D75D11B272D0E.d.6BE903B2C3A7666DF57E452A003B28A2.e.5292/click - {}
RESULT: {}
COMMAND: GET /session/a559204827f2d9c91dd80774e023d306/screenshot - {}
COMMAND: POST /session/a559204827f2d9c91dd80774e023d306/element - {"using":"xpath","value":"//*[@id=\"backBtn\"]"}
RESULT: {}
RESULT: {"using":"xpath","value":"//*[@id=\"backBtn\"]"}
COMMAND: POST /session/a559204827f2d9c91dd80774e023d306/elements - {"using":"xpath","value":"//*[@id=\"backBtn\"]"}
RESULT: {"using":"xpath","value":"//*[@id=\"backBtn\"]"}
COMMAND: POST /session/a559204827f2d9c91dd80774e023d306/elements - {"using":"xpath","value":"//*[@id=\"backBtn\"]"}
RESULT: {"using":"xpath","value":"//*[@id=\"backBtn\"]"}
COMMAND: POST /session/a559204827f2d9c91dd80774e023d306/elements - {"using":"xpath","value":"//*[@id=\"backBtn\"]"}
RESULT: {"using":"xpath","value":"//*[@id=\"backBtn\"]"}
COMMAND: POST /session/a559204827f2d9c91dd80774e023d306/elements - {"using":"xpath","value":"//*[@id=\"backBtn\"]"}
RESULT: {"using":"xpath","value":"//*[@id=\"backBtn\"]"}
COMMAND: POST /session/a559204827f2d9c91dd80774e023d306/elements - {"using":"xpath","value":"//*[@id=\"backBtn\"]"}
RESULT: {"using":"xpath","value":"//*[@id=\"backBtn\"]"}
COMMAND: POST /session/a559204827f2d9c91dd80774e023d306/elements - {"using":"xpath","value":"//*[@id=\"backBtn\"]"}
RESULT: {"using":"xpath","value":"//*[@id=\"backBtn\"]"}
COMMAND: POST /session/a559204827f2d9c91dd80774e023d306/elements - {"using":"xpath","value":"//*[@id=\"backBtn\"]"}
RESULT: {"using":"xpath","value":"//*[@id=\"backBtn\"]"}
COMMAND: POST /session/a559204827f2d9c91dd80774e023d306/elements - {"using":"xpath","value":"//*[@id=\"backBtn\"]"}
RESULT: {"using":"xpath","value":"//*[@id=\"backBtn\"]"}
COMMAND: POST /session/a559204827f2d9c91dd80774e023d306/elements - {"using":"xpath","value":"//*[@id=\"backBtn\"]"}
RESULT: {"using":"xpath","value":"//*[@id=\"backBtn\"]"}
COMMAND: POST /session/a559204827f2d9c91dd80774e023d306/elements - {"using":"xpath","value":"//*[@id=\"backBtn\"]"}
RESULT: {"using":"xpath","value":"//*[@id=\"backBtn\"]"}
COMMAND: POST /session/a559204827f2d9c91dd80774e023d306/elements - {"using":"xpath","value":"//*[@id=\"backBtn\"]"}
RESULT: {"using":"xpath","value":"//*[@id=\"backBtn\"]"}
COMMAND: POST /session/a559204827f2d9c91dd80774e023d306/elements - {"using":"xpath","value":"//*[@id=\"backBtn\"]"}
RESULT: {"using":"xpath","value":"//*[@id=\"backBtn\"]"}
COMMAND: POST /session/a559204827f2d9c91dd80774e023d306/elements - {"using":"xpath","value":"//*[@id=\"backBtn\"]"}
RESULT: {"using":"xpath","value":"//*[@id=\"backBtn\"]"}
COMMAND: POST /session/a559204827f2d9c91dd80774e023d306/elements - {"using":"xpath","value":"//*[@id=\"backBtn\"]"}
RESULT: {"using":"xpath","value":"//*[@id=\"backBtn\"]"}
COMMAND: POST /session/a559204827f2d9c91dd80774e023d306/elements - {"using":"xpath","value":"//*[@id=\"backBtn\"]"}
RESULT: {"using":"xpath","value":"//*[@id=\"backBtn\"]"}
COMMAND: POST /session/a559204827f2d9c91dd80774e023d306/elements - {"using":"xpath","value":"//*[@id=\"backBtn\"]"}
RESULT: {"using":"xpath","value":"//*[@id=\"backBtn\"]"}
COMMAND: POST /session/a559204827f2d9c91dd80774e023d306/elements - {"using":"xpath","value":"//*[@id=\"backBtn\"]"}
RESULT: {"using":"xpath","value":"//*[@id=\"backBtn\"]"}
COMMAND: POST /session/a559204827f2d9c91dd80774e023d306/elements - {"using":"xpath","value":"//*[@id=\"backBtn\"]"}
RESULT: {"using":"xpath","value":"//*[@id=\"backBtn\"]"}
COMMAND: POST /session/a559204827f2d9c91dd80774e023d306/elements - {"using":"xpath","value":"//*[@id=\"backBtn\"]"}
RESULT: {"using":"xpath","value":"//*[@id=\"backBtn\"]"}
COMMAND: POST /session/a559204827f2d9c91dd80774e023d306/elements - {"using":"xpath","value":"//*[@id=\"backBtn\"]"}
RESULT: {"using":"xpath","value":"//*[@id=\"backBtn\"]"}
COMMAND: POST /session/a559204827f2d9c91dd80774e023d306/elements - {"using":"xpath","value":"//*[@id=\"backBtn\"]"}
RESULT: {"using":"xpath","value":"//*[@id=\"backBtn\"]"}
COMMAND: POST /session/a559204827f2d9c91dd80774e023d306/elements - {"using":"xpath","value":"//*[@id=\"backBtn\"]"}
RESULT: {"using":"xpath","value":"//*[@id=\"backBtn\"]"}
COMMAND: POST /session/a559204827f2d9c91dd80774e023d306/elements - {"using":"xpath","value":"//*[@id=\"backBtn\"]"}
RESULT: {"using":"xpath","value":"//*[@id=\"backBtn\"]"}
COMMAND: POST /session/a559204827f2d9c91dd80774e023d306/elements - {"using":"xpath","value":"//*[@id=\"backBtn\"]"}
RESULT: {"using":"xpath","value":"//*[@id=\"backBtn\"]"}
COMMAND: POST /session/a559204827f2d9c91dd80774e023d306/elements - {"using":"xpath","value":"//*[@id=\"backBtn\"]"}
RESULT: {"using":"xpath","value":"//*[@id=\"backBtn\"]"}
COMMAND: POST /session/a559204827f2d9c91dd80774e023d306/elements - {"using":"xpath","value":"//*[@id=\"backBtn\"]"}
RESULT: {"using":"xpath","value":"//*[@id=\"backBtn\"]"}
COMMAND: POST /session/a559204827f2d9c91dd80774e023d306/elements - {"using":"xpath","value":"//*[@id=\"backBtn\"]"}
RESULT: {"using":"xpath","value":"//*[@id=\"backBtn\"]"}
COMMAND: POST /session/a559204827f2d9c91dd80774e023d306/elements - {"using":"xpath","value":"//*[@id=\"backBtn\"]"}
RESULT: {"using":"xpath","value":"//*[@id=\"backBtn\"]"}
COMMAND: POST /session/a559204827f2d9c91dd80774e023d306/elements - {"using":"xpath","value":"//*[@id=\"backBtn\"]"}
RESULT: {"using":"xpath","value":"//*[@id=\"backBtn\"]"}
COMMAND: POST /session/a559204827f2d9c91dd80774e023d306/elements - {"using":"xpath","value":"//*[@id=\"backBtn\"]"}
RESULT: {"using":"xpath","value":"//*[@id=\"backBtn\"]"}
COMMAND: POST /session/a559204827f2d9c91dd80774e023d306/elements - {"using":"xpath","value":"//*[@id=\"backBtn\"]"}
RESULT: {"using":"xpath","value":"//*[@id=\"backBtn\"]"}
COMMAND: POST /session/a559204827f2d9c91dd80774e023d306/elements - {"using":"xpath","value":"//*[@id=\"backBtn\"]"}
RESULT: {"using":"xpath","value":"//*[@id=\"backBtn\"]"}
COMMAND: POST /session/a559204827f2d9c91dd80774e023d306/elements - {"using":"xpath","value":"//*[@id=\"backBtn\"]"}
RESULT: {"using":"xpath","value":"//*[@id=\"backBtn\"]"}
COMMAND: POST /session/a559204827f2d9c91dd80774e023d306/elements - {"using":"xpath","value":"//*[@id=\"backBtn\"]"}
RESULT: {"using":"xpath","value":"//*[@id=\"backBtn\"]"}
COMMAND: POST /session/a559204827f2d9c91dd80774e023d306/elements - {"using":"xpath","value":"//*[@id=\"backBtn\"]"}
RESULT: {"using":"xpath","value":"//*[@id=\"backBtn\"]"}
COMMAND: POST /session/a559204827f2d9c91dd80774e023d306/elements - {"using":"xpath","value":"//*[@id=\"backBtn\"]"}
RESULT: {"using":"xpath","value":"//*[@id=\"backBtn\"]"}
COMMAND: POST /session/a559204827f2d9c91dd80774e023d306/elements - {"using":"xpath","value":"//*[@id=\"backBtn\"]"}
RESULT: {"using":"xpath","value":"//*[@id=\"backBtn\"]"}
COMMAND: POST /session/a559204827f2d9c91dd80774e023d306/elements - {"using":"xpath","value":"//*[@id=\"backBtn\"]"}
RESULT: {"using":"xpath","value":"//*[@id=\"backBtn\"]"}
COMMAND: POST /session/a559204827f2d9c91dd80774e023d306/elements - {"using":"xpath","value":"//*[@id=\"backBtn\"]"}
RESULT: {"using":"xpath","value":"//*[@id=\"backBtn\"]"}
COMMAND: DELETE /session/a559204827f2d9c91dd80774e023d306 - {}
RESULT: {}
]]></system-out>
    </testcase>
  </testsuite>
</testsuites>