<?xml version="1.0" encoding="UTF-8"?>
<testsuites tests="15" failures="10" errors="10" skipped="0">
  <testsuite timestamp="2025-06-05T17:57:41" time="910.481" tests="9" failures="5" errors="5" skipped="0">
    <properties>
      <property name="specId" value="0" />
      <property name="suiteName" value="Tests for Mass State Change on Manage States &amp; Performances US104416 US" />
      <property name="capabilities" value="chrome.137_0_7151_69.windows" />
      <property name="file" value="file:///D:/a/1/s/test/specs/HTR/create-mass-state-change.spec.js" />
    </properties>
    <testcase classname="chrome.137_0_7151_69.windows.Tests_for_Mass_State_Change_on_Manage_States_&amp;_Performances_US104416_US" name="Prereq Should create a new yard used for all following tests" time="132.06">
      <system-out><![CDATA[
COMMAND: POST /session/0f1a76f034524fb81e132040000fab4c/window/fullscreen - {}
RESULT: {}
COMMAND: POST /session/0f1a76f034524fb81e132040000fab4c/execute/async - {"script":"<script> [1562 bytes]","args":[{"selector":{"controlType":"sap.m.GenericTile","properties":{"header":"Manage Yards"}},"wdio_ui5_key":"sapm.GenericTile{\"header\":\"Manage Yards\"}"}]}
RESULT: {"script":"<script> [1562 bytes]","args":[{"selector":{"controlType":"sap.m.GenericTile","properties":{"header":"Manage Yards"}},"wdio_ui5_key":"sapm.GenericTile{\"header\":\"Manage Yards\"}"}]}
RESULT: undefined
COMMAND: POST /session/0f1a76f034524fb81e132040000fab4c/element - {"using":"xpath","value":"//*[@id=\"__tile41\"]"}
RESULT: {"using":"xpath","value":"//*[@id=\"__tile41\"]"}
COMMAND: POST /session/0f1a76f034524fb81e132040000fab4c/element/f.B1FA83ECA557CC0058036F6FC01E2632.d.86170234E4E8B75BFFEF76BD90DF9733.e.165/click - {}
RESULT: {}
COMMAND: GET /session/0f1a76f034524fb81e132040000fab4c/screenshot - {}
RESULT: {}
COMMAND: POST /session/0f1a76f034524fb81e132040000fab4c/elements - {"using":"xpath","value":"//span[text()='Error']"}
RESULT: {"using":"xpath","value":"//span[text()='Error']"}
COMMAND: POST /session/0f1a76f034524fb81e132040000fab4c/element - {"using":"xpath","value":"//button[@data-kt=\"addNewYardOverflowToolbarButton\"]"}
RESULT: {"using":"xpath","value":"//button[@data-kt=\"addNewYardOverflowToolbarButton\"]"}
COMMAND: POST /session/0f1a76f034524fb81e132040000fab4c/elements - {"using":"xpath","value":"//button[@data-kt=\"addNewYardOverflowToolbarButton\"]"}
RESULT: {"using":"xpath","value":"//button[@data-kt=\"addNewYardOverflowToolbarButton\"]"}
COMMAND: POST /session/0f1a76f034524fb81e132040000fab4c/elements - {"using":"xpath","value":"//button[@data-kt=\"addNewYardOverflowToolbarButton\"]"}
RESULT: {"using":"xpath","value":"//button[@data-kt=\"addNewYardOverflowToolbarButton\"]"}
COMMAND: POST /session/0f1a76f034524fb81e132040000fab4c/elements - {"using":"xpath","value":"//button[@data-kt=\"addNewYardOverflowToolbarButton\"]"}
RESULT: {"using":"xpath","value":"//button[@data-kt=\"addNewYardOverflowToolbarButton\"]"}
COMMAND: POST /session/0f1a76f034524fb81e132040000fab4c/elements - {"using":"xpath","value":"//button[@data-kt=\"addNewYardOverflowToolbarButton\"]"}
RESULT: {"using":"xpath","value":"//button[@data-kt=\"addNewYardOverflowToolbarButton\"]"}
COMMAND: POST /session/0f1a76f034524fb81e132040000fab4c/elements - {"using":"xpath","value":"//button[@data-kt=\"addNewYardOverflowToolbarButton\"]"}
RESULT: {"using":"xpath","value":"//button[@data-kt=\"addNewYardOverflowToolbarButton\"]"}
COMMAND: POST /session/0f1a76f034524fb81e132040000fab4c/elements - {"using":"xpath","value":"//button[@data-kt=\"addNewYardOverflowToolbarButton\"]"}
RESULT: {"using":"xpath","value":"//button[@data-kt=\"addNewYardOverflowToolbarButton\"]"}
COMMAND: POST /session/0f1a76f034524fb81e132040000fab4c/elements - {"using":"xpath","value":"//button[@data-kt=\"addNewYardOverflowToolbarButton\"]"}
RESULT: {"using":"xpath","value":"//button[@data-kt=\"addNewYardOverflowToolbarButton\"]"}
COMMAND: POST /session/0f1a76f034524fb81e132040000fab4c/elements - {"using":"xpath","value":"//button[@data-kt=\"addNewYardOverflowToolbarButton\"]"}
RESULT: {"using":"xpath","value":"//button[@data-kt=\"addNewYardOverflowToolbarButton\"]"}
COMMAND: POST /session/0f1a76f034524fb81e132040000fab4c/elements - {"using":"xpath","value":"//button[@data-kt=\"addNewYardOverflowToolbarButton\"]"}
RESULT: {"using":"xpath","value":"//button[@data-kt=\"addNewYardOverflowToolbarButton\"]"}
COMMAND: POST /session/0f1a76f034524fb81e132040000fab4c/elements - {"using":"xpath","value":"//button[@data-kt=\"addNewYardOverflowToolbarButton\"]"}
RESULT: {"using":"xpath","value":"//button[@data-kt=\"addNewYardOverflowToolbarButton\"]"}
COMMAND: POST /session/0f1a76f034524fb81e132040000fab4c/elements - {"using":"xpath","value":"//button[@data-kt=\"addNewYardOverflowToolbarButton\"]"}
RESULT: {"using":"xpath","value":"//button[@data-kt=\"addNewYardOverflowToolbarButton\"]"}
COMMAND: POST /session/0f1a76f034524fb81e132040000fab4c/elements - {"using":"xpath","value":"//button[@data-kt=\"addNewYardOverflowToolbarButton\"]"}
RESULT: {"using":"xpath","value":"//button[@data-kt=\"addNewYardOverflowToolbarButton\"]"}
COMMAND: POST /session/0f1a76f034524fb81e132040000fab4c/elements - {"using":"xpath","value":"//button[@data-kt=\"addNewYardOverflowToolbarButton\"]"}
RESULT: {"using":"xpath","value":"//button[@data-kt=\"addNewYardOverflowToolbarButton\"]"}
COMMAND: POST /session/0f1a76f034524fb81e132040000fab4c/elements - {"using":"xpath","value":"//button[@data-kt=\"addNewYardOverflowToolbarButton\"]"}
RESULT: {"using":"xpath","value":"//button[@data-kt=\"addNewYardOverflowToolbarButton\"]"}
COMMAND: POST /session/0f1a76f034524fb81e132040000fab4c/elements - {"using":"xpath","value":"//button[@data-kt=\"addNewYardOverflowToolbarButton\"]"}
RESULT: {"using":"xpath","value":"//button[@data-kt=\"addNewYardOverflowToolbarButton\"]"}
COMMAND: POST /session/0f1a76f034524fb81e132040000fab4c/elements - {"using":"xpath","value":"//button[@data-kt=\"addNewYardOverflowToolbarButton\"]"}
RESULT: {"using":"xpath","value":"//button[@data-kt=\"addNewYardOverflowToolbarButton\"]"}
COMMAND: POST /session/0f1a76f034524fb81e132040000fab4c/elements - {"using":"xpath","value":"//button[@data-kt=\"addNewYardOverflowToolbarButton\"]"}
RESULT: {"using":"xpath","value":"//button[@data-kt=\"addNewYardOverflowToolbarButton\"]"}
COMMAND: POST /session/0f1a76f034524fb81e132040000fab4c/elements - {"using":"xpath","value":"//button[@data-kt=\"addNewYardOverflowToolbarButton\"]"}
RESULT: {"using":"xpath","value":"//button[@data-kt=\"addNewYardOverflowToolbarButton\"]"}
COMMAND: POST /session/0f1a76f034524fb81e132040000fab4c/elements - {"using":"xpath","value":"//button[@data-kt=\"addNewYardOverflowToolbarButton\"]"}
RESULT: {"using":"xpath","value":"//button[@data-kt=\"addNewYardOverflowToolbarButton\"]"}
COMMAND: POST /session/0f1a76f034524fb81e132040000fab4c/elements - {"using":"xpath","value":"//button[@data-kt=\"addNewYardOverflowToolbarButton\"]"}
RESULT: {"using":"xpath","value":"//button[@data-kt=\"addNewYardOverflowToolbarButton\"]"}
COMMAND: POST /session/0f1a76f034524fb81e132040000fab4c/elements - {"using":"xpath","value":"//button[@data-kt=\"addNewYardOverflowToolbarButton\"]"}
RESULT: {"using":"xpath","value":"//button[@data-kt=\"addNewYardOverflowToolbarButton\"]"}
COMMAND: POST /session/0f1a76f034524fb81e132040000fab4c/elements - {"using":"xpath","value":"//button[@data-kt=\"addNewYardOverflowToolbarButton\"]"}
RESULT: {"using":"xpath","value":"//button[@data-kt=\"addNewYardOverflowToolbarButton\"]"}
COMMAND: POST /session/0f1a76f034524fb81e132040000fab4c/elements - {"using":"xpath","value":"//button[@data-kt=\"addNewYardOverflowToolbarButton\"]"}
RESULT: {"using":"xpath","value":"//button[@data-kt=\"addNewYardOverflowToolbarButton\"]"}
COMMAND: POST /session/0f1a76f034524fb81e132040000fab4c/elements - {"using":"xpath","value":"//button[@data-kt=\"addNewYardOverflowToolbarButton\"]"}
RESULT: {"using":"xpath","value":"//button[@data-kt=\"addNewYardOverflowToolbarButton\"]"}
COMMAND: POST /session/0f1a76f034524fb81e132040000fab4c/elements - {"using":"xpath","value":"//button[@data-kt=\"addNewYardOverflowToolbarButton\"]"}
RESULT: {"using":"xpath","value":"//button[@data-kt=\"addNewYardOverflowToolbarButton\"]"}
COMMAND: POST /session/0f1a76f034524fb81e132040000fab4c/elements - {"using":"xpath","value":"//button[@data-kt=\"addNewYardOverflowToolbarButton\"]"}
RESULT: {"using":"xpath","value":"//button[@data-kt=\"addNewYardOverflowToolbarButton\"]"}
COMMAND: POST /session/0f1a76f034524fb81e132040000fab4c/elements - {"using":"xpath","value":"//button[@data-kt=\"addNewYardOverflowToolbarButton\"]"}
RESULT: {"using":"xpath","value":"//button[@data-kt=\"addNewYardOverflowToolbarButton\"]"}
COMMAND: POST /session/0f1a76f034524fb81e132040000fab4c/elements - {"using":"xpath","value":"//button[@data-kt=\"addNewYardOverflowToolbarButton\"]"}
RESULT: {"using":"xpath","value":"//button[@data-kt=\"addNewYardOverflowToolbarButton\"]"}
COMMAND: POST /session/0f1a76f034524fb81e132040000fab4c/elements - {"using":"xpath","value":"//button[@data-kt=\"addNewYardOverflowToolbarButton\"]"}
RESULT: {"using":"xpath","value":"//button[@data-kt=\"addNewYardOverflowToolbarButton\"]"}
COMMAND: POST /session/0f1a76f034524fb81e132040000fab4c/elements - {"using":"xpath","value":"//button[@data-kt=\"addNewYardOverflowToolbarButton\"]"}
RESULT: {"using":"xpath","value":"//button[@data-kt=\"addNewYardOverflowToolbarButton\"]"}
COMMAND: POST /session/0f1a76f034524fb81e132040000fab4c/element - {"using":"xpath","value":"//button[@data-kt=\"addNewYardOverflowToolbarButton\"]"}
RESULT: {"using":"xpath","value":"//button[@data-kt=\"addNewYardOverflowToolbarButton\"]"}
COMMAND: POST /session/0f1a76f034524fb81e132040000fab4c/execute/sync - {"script":"<script> [8489 bytes]","args":[{"element-6066-11e4-a52e-4f735466cecf":"f.B1FA83ECA557CC0058036F6FC01E2632.d.86170234E4E8B75BFFEF76BD90DF9733.e.300","ELEMENT":"f.B1FA83ECA557CC0058036F6FC01E2632.d.86170234E4E8B75BFFEF76BD90DF9733.e.300"}]}
RESULT: {"script":"<script> [8489 bytes]","args":[{"element-6066-11e4-a52e-4f735466cecf":"f.B1FA83ECA557CC0058036F6FC01E2632.d.86170234E4E8B75BFFEF76BD90DF9733.e.300","ELEMENT":"f.B1FA83ECA557CC0058036F6FC01E2632.d.86170234E4E8B75BFFEF76BD90DF9733.e.300"}]}
COMMAND: GET /session/0f1a76f034524fb81e132040000fab4c/element/f.B1FA83ECA557CC0058036F6FC01E2632.d.86170234E4E8B75BFFEF76BD90DF9733.e.300/enabled - {}
COMMAND: GET /session/0f1a76f034524fb81e132040000fab4c/screenshot - {}
RESULT: {}
COMMAND: POST /session/0f1a76f034524fb81e132040000fab4c/execute/sync - {"script":"<script> [8489 bytes]","args":[{"element-6066-11e4-a52e-4f735466cecf":"f.B1FA83ECA557CC0058036F6FC01E2632.d.86170234E4E8B75BFFEF76BD90DF9733.e.300","ELEMENT":"f.B1FA83ECA557CC0058036F6FC01E2632.d.86170234E4E8B75BFFEF76BD90DF9733.e.300"}]}
COMMAND: GET /session/0f1a76f034524fb81e132040000fab4c/screenshot - {}
RESULT: {}
RESULT: {"script":"<script> [8489 bytes]","args":[{"element-6066-11e4-a52e-4f735466cecf":"f.B1FA83ECA557CC0058036F6FC01E2632.d.86170234E4E8B75BFFEF76BD90DF9733.e.300","ELEMENT":"f.B1FA83ECA557CC0058036F6FC01E2632.d.86170234E4E8B75BFFEF76BD90DF9733.e.300"}]}
COMMAND: POST /session/0f1a76f034524fb81e132040000fab4c/execute/sync - {"script":"<script> [5351 bytes]","args":[{"element-6066-11e4-a52e-4f735466cecf":"f.B1FA83ECA557CC0058036F6FC01E2632.d.86170234E4E8B75BFFEF76BD90DF9733.e.300","ELEMENT":"f.B1FA83ECA557CC0058036F6FC01E2632.d.86170234E4E8B75BFFEF76BD90DF9733.e.300"}]}
COMMAND: GET /session/0f1a76f034524fb81e132040000fab4c/screenshot - {}
RESULT: {}
RESULT: {"script":"<script> [5351 bytes]","args":[{"element-6066-11e4-a52e-4f735466cecf":"f.B1FA83ECA557CC0058036F6FC01E2632.d.86170234E4E8B75BFFEF76BD90DF9733.e.300","ELEMENT":"f.B1FA83ECA557CC0058036F6FC01E2632.d.86170234E4E8B75BFFEF76BD90DF9733.e.300"}]}
COMMAND: POST /session/0f1a76f034524fb81e132040000fab4c/element/f.B1FA83ECA557CC0058036F6FC01E2632.d.86170234E4E8B75BFFEF76BD90DF9733.e.300/click - {}
COMMAND: GET /session/0f1a76f034524fb81e132040000fab4c/screenshot - {}
RESULT: {}
RESULT: {}
COMMAND: GET /session/0f1a76f034524fb81e132040000fab4c/screenshot - {}
RESULT: {}
RESULT: {}
COMMAND: POST /session/0f1a76f034524fb81e132040000fab4c/element - {"using":"xpath","value":"//input[@id=\"application-manageyards-display-component---NewYard--yardId-inner\"]"}
RESULT: {"using":"xpath","value":"//input[@id=\"application-manageyards-display-component---NewYard--yardId-inner\"]"}
COMMAND: POST /session/0f1a76f034524fb81e132040000fab4c/element - {"using":"xpath","value":"//input[@id=\"application-manageyards-display-component---NewYard--yardId-inner\"]"}
RESULT: {"using":"xpath","value":"//input[@id=\"application-manageyards-display-component---NewYard--yardId-inner\"]"}
COMMAND: POST /session/0f1a76f034524fb81e132040000fab4c/execute/async - {"script":"<script> [1562 bytes]","args":[{"selector":{"id":"application-manageyards-display-component---NewYard--addressDetailDetailsName1","interaction":{"idSuffix":"inner"}},"wdio_ui5_key":"applicationmanageyards-display-component---NewYard--addressDetailDetailsName1"}]}
RESULT: {"script":"<script> [1562 bytes]","args":[{"selector":{"id":"application-manageyards-display-component---NewYard--addressDetailDetailsName1","interaction":{"idSuffix":"inner"}},"wdio_ui5_key":"applicationmanageyards-display-component---NewYard--addressDetailDetailsName1"}]}
RESULT: undefined
COMMAND: POST /session/0f1a76f034524fb81e132040000fab4c/execute/async - {"script":"<script> [776 bytes]","args":[{"enterText":"Other Yard WDIO","selector":{"id":"application-manageyards-display-component---NewYard--addressDetailDetailsName1","interaction":{"idSuffix":"inner"}},"clearTextFirst":true,"interactionType":"ENTER_TEXT"}]}
RESULT: {"script":"<script> [776 bytes]","args":[{"enterText":"Other Yard WDIO","selector":{"id":"application-manageyards-display-component---NewYard--addressDetailDetailsName1","interaction":{"idSuffix":"inner"}},"clearTextFirst":true,"interactionType":"ENTER_TEXT"}]}
COMMAND: POST /session/0f1a76f034524fb81e132040000fab4c/execute/async - {"script":"<script> [1562 bytes]","args":[{"selector":{"id":"application-manageyards-display-component---NewYard--addressDetailDetailsLanguage-arrow"},"wdio_ui5_key":"applicationmanageyards-display-component---NewYard--addressDetailDetailsLanguage-arrow"}]}
RESULT: {"script":"<script> [1562 bytes]","args":[{"selector":{"id":"application-manageyards-display-component---NewYard--addressDetailDetailsLanguage-arrow"},"wdio_ui5_key":"applicationmanageyards-display-component---NewYard--addressDetailDetailsLanguage-arrow"}]}
RESULT: undefined
COMMAND: POST /session/0f1a76f034524fb81e132040000fab4c/element - {"using":"xpath","value":"//*[@id=\"application-manageyards-display-component---NewYard--addressDetailDetailsLanguage-arrow\"]"}
RESULT: {"using":"xpath","value":"//*[@id=\"application-manageyards-display-component---NewYard--addressDetailDetailsLanguage-arrow\"]"}
COMMAND: POST /session/0f1a76f034524fb81e132040000fab4c/element/f.B1FA83ECA557CC0058036F6FC01E2632.d.86170234E4E8B75BFFEF76BD90DF9733.e.729/click - {}
RESULT: {}
COMMAND: POST /session/0f1a76f034524fb81e132040000fab4c/element - {"using":"xpath","value":"//span[contains(text(), \"English\")]"}
COMMAND: GET /session/0f1a76f034524fb81e132040000fab4c/screenshot - {}
RESULT: {"using":"xpath","value":"//span[contains(text(), \"English\")]"}
COMMAND: POST /session/0f1a76f034524fb81e132040000fab4c/element/f.B1FA83ECA557CC0058036F6FC01E2632.d.86170234E4E8B75BFFEF76BD90DF9733.e.730/click - {}
RESULT: {}
RESULT: {}
COMMAND: POST /session/0f1a76f034524fb81e132040000fab4c/execute/async - {"script":"<script> [1562 bytes]","args":[{"selector":{"id":"application-manageyards-display-component---NewYard--addressDetailDetailsCity1","interaction":{"idSuffix":"inner"}},"wdio_ui5_key":"applicationmanageyards-display-component---NewYard--addressDetailDetailsCity1"}]}
COMMAND: GET /session/0f1a76f034524fb81e132040000fab4c/screenshot - {}
RESULT: {"script":"<script> [1562 bytes]","args":[{"selector":{"id":"application-manageyards-display-component---NewYard--addressDetailDetailsCity1","interaction":{"idSuffix":"inner"}},"wdio_ui5_key":"applicationmanageyards-display-component---NewYard--addressDetailDetailsCity1"}]}
RESULT: undefined
COMMAND: POST /session/0f1a76f034524fb81e132040000fab4c/execute/async - {"script":"<script> [776 bytes]","args":[{"enterText":"Rosario","selector":{"id":"application-manageyards-display-component---NewYard--addressDetailDetailsCity1","interaction":{"idSuffix":"inner"}},"clearTextFirst":true,"interactionType":"ENTER_TEXT"}]}
RESULT: {}
RESULT: {"script":"<script> [776 bytes]","args":[{"enterText":"Rosario","selector":{"id":"application-manageyards-display-component---NewYard--addressDetailDetailsCity1","interaction":{"idSuffix":"inner"}},"clearTextFirst":true,"interactionType":"ENTER_TEXT"}]}
COMMAND: POST /session/0f1a76f034524fb81e132040000fab4c/execute/async - {"script":"<script> [1562 bytes]","args":[{"selector":{"id":"application-manageyards-display-component---NewYard--addressDetailDetailsCountry-arrow"},"wdio_ui5_key":"applicationmanageyards-display-component---NewYard--addressDetailDetailsCountry-arrow"}]}
RESULT: {"script":"<script> [1562 bytes]","args":[{"selector":{"id":"application-manageyards-display-component---NewYard--addressDetailDetailsCountry-arrow"},"wdio_ui5_key":"applicationmanageyards-display-component---NewYard--addressDetailDetailsCountry-arrow"}]}
RESULT: undefined
COMMAND: POST /session/0f1a76f034524fb81e132040000fab4c/element - {"using":"xpath","value":"//*[@id=\"application-manageyards-display-component---NewYard--addressDetailDetailsCountry-arrow\"]"}
RESULT: {"using":"xpath","value":"//*[@id=\"application-manageyards-display-component---NewYard--addressDetailDetailsCountry-arrow\"]"}
COMMAND: POST /session/0f1a76f034524fb81e132040000fab4c/element/f.B1FA83ECA557CC0058036F6FC01E2632.d.86170234E4E8B75BFFEF76BD90DF9733.e.732/click - {}
RESULT: {}
COMMAND: POST /session/0f1a76f034524fb81e132040000fab4c/element - {"using":"xpath","value":"//span[contains(text(), \"Argentina\")]"}
COMMAND: GET /session/0f1a76f034524fb81e132040000fab4c/screenshot - {}
RESULT: {"using":"xpath","value":"//span[contains(text(), \"Argentina\")]"}
COMMAND: POST /session/0f1a76f034524fb81e132040000fab4c/element/f.B1FA83ECA557CC0058036F6FC01E2632.d.86170234E4E8B75BFFEF76BD90DF9733.e.734/click - {}
RESULT: {}
RESULT: {}
COMMAND: POST /session/0f1a76f034524fb81e132040000fab4c/execute/async - {"script":"<script> [1562 bytes]","args":[{"selector":{"id":"application-manageyards-display-component---NewYard--addressEditDetailsCostObjectCstType-arrow"},"wdio_ui5_key":"applicationmanageyards-display-component---NewYard--addressEditDetailsCostObjectCstType-arrow"}]}
COMMAND: GET /session/0f1a76f034524fb81e132040000fab4c/screenshot - {}
RESULT: {"script":"<script> [1562 bytes]","args":[{"selector":{"id":"application-manageyards-display-component---NewYard--addressEditDetailsCostObjectCstType-arrow"},"wdio_ui5_key":"applicationmanageyards-display-component---NewYard--addressEditDetailsCostObjectCstType-arrow"}]}
RESULT: undefined
COMMAND: POST /session/0f1a76f034524fb81e132040000fab4c/element - {"using":"xpath","value":"//*[@id=\"application-manageyards-display-component---NewYard--addressEditDetailsCostObjectCstType-arrow\"]"}
RESULT: {}
RESULT: {"using":"xpath","value":"//*[@id=\"application-manageyards-display-component---NewYard--addressEditDetailsCostObjectCstType-arrow\"]"}
COMMAND: POST /session/0f1a76f034524fb81e132040000fab4c/element/f.B1FA83ECA557CC0058036F6FC01E2632.d.86170234E4E8B75BFFEF76BD90DF9733.e.735/click - {}
RESULT: {}
COMMAND: POST /session/0f1a76f034524fb81e132040000fab4c/element - {"using":"xpath","value":"//span[contains(text(), \"Cost Center\")]"}
COMMAND: GET /session/0f1a76f034524fb81e132040000fab4c/screenshot - {}
RESULT: {"using":"xpath","value":"//span[contains(text(), \"Cost Center\")]"}
COMMAND: POST /session/0f1a76f034524fb81e132040000fab4c/element/f.B1FA83ECA557CC0058036F6FC01E2632.d.86170234E4E8B75BFFEF76BD90DF9733.e.736/click - {}
RESULT: {}
RESULT: {}
COMMAND: GET /session/0f1a76f034524fb81e132040000fab4c/screenshot - {}
RESULT: {}
COMMAND: POST /session/0f1a76f034524fb81e132040000fab4c/element - {"using":"xpath","value":"//span[@id=\"application-manageyards-display-component---NewYard--addressNewCostObjectCstID-vhi\"]"}
RESULT: {"using":"xpath","value":"//span[@id=\"application-manageyards-display-component---NewYard--addressNewCostObjectCstID-vhi\"]"}
COMMAND: POST /session/0f1a76f034524fb81e132040000fab4c/execute/sync - {"script":"<script> [8489 bytes]","args":[{"element-6066-11e4-a52e-4f735466cecf":"f.B1FA83ECA557CC0058036F6FC01E2632.d.86170234E4E8B75BFFEF76BD90DF9733.e.740","ELEMENT":"f.B1FA83ECA557CC0058036F6FC01E2632.d.86170234E4E8B75BFFEF76BD90DF9733.e.740"}]}
RESULT: {"script":"<script> [8489 bytes]","args":[{"element-6066-11e4-a52e-4f735466cecf":"f.B1FA83ECA557CC0058036F6FC01E2632.d.86170234E4E8B75BFFEF76BD90DF9733.e.740","ELEMENT":"f.B1FA83ECA557CC0058036F6FC01E2632.d.86170234E4E8B75BFFEF76BD90DF9733.e.740"}]}
COMMAND: POST /session/0f1a76f034524fb81e132040000fab4c/execute/async - {"script":"<script> [1562 bytes]","args":[{"selector":{"id":"application-manageyards-display-component---NewYard--addressNewCostObjectCstID-vhi"},"wdio_ui5_key":"applicationmanageyards-display-component---NewYard--addressNewCostObjectCstID-vhi"}]}
COMMAND: GET /session/0f1a76f034524fb81e132040000fab4c/screenshot - {}
RESULT: {"script":"<script> [1562 bytes]","args":[{"selector":{"id":"application-manageyards-display-component---NewYard--addressNewCostObjectCstID-vhi"},"wdio_ui5_key":"applicationmanageyards-display-component---NewYard--addressNewCostObjectCstID-vhi"}]}
RESULT: undefined
COMMAND: POST /session/0f1a76f034524fb81e132040000fab4c/element - {"using":"xpath","value":"//*[@id=\"application-manageyards-display-component---NewYard--addressNewCostObjectCstID-vhi\"]"}
RESULT: {}
RESULT: {"using":"xpath","value":"//*[@id=\"application-manageyards-display-component---NewYard--addressNewCostObjectCstID-vhi\"]"}
COMMAND: POST /session/0f1a76f034524fb81e132040000fab4c/element/f.B1FA83ECA557CC0058036F6FC01E2632.d.86170234E4E8B75BFFEF76BD90DF9733.e.740/click - {}
RESULT: {}
COMMAND: GET /session/0f1a76f034524fb81e132040000fab4c/screenshot - {}
RESULT: {}
COMMAND: POST /session/0f1a76f034524fb81e132040000fab4c/execute/async - {"script":"<script> [1562 bytes]","args":[{"selector":{"controlType":"sap.m.SearchField","properties":{"placeholder":"Search"},"searchOpenDialogs":true,"interaction":{"idSuffix":"I"}},"wdio_ui5_key":"sapm.SearchField{\"placeholder\":\"Search\"}"}]}
RESULT: {"script":"<script> [1562 bytes]","args":[{"selector":{"controlType":"sap.m.SearchField","properties":{"placeholder":"Search"},"searchOpenDialogs":true,"interaction":{"idSuffix":"I"}},"wdio_ui5_key":"sapm.SearchField{\"placeholder\":\"Search\"}"}]}
RESULT: undefined
COMMAND: POST /session/0f1a76f034524fb81e132040000fab4c/execute/async - {"script":"<script> [776 bytes]","args":[{"enterText":"bauh_b","selector":{"controlType":"sap.m.SearchField","properties":{"placeholder":"Search"},"searchOpenDialogs":true,"interaction":{"idSuffix":"I"}},"clearTextFirst":true,"interactionType":"ENTER_TEXT"}]}
RESULT: {"script":"<script> [776 bytes]","args":[{"enterText":"bauh_b","selector":{"controlType":"sap.m.SearchField","properties":{"placeholder":"Search"},"searchOpenDialogs":true,"interaction":{"idSuffix":"I"}},"clearTextFirst":true,"interactionType":"ENTER_TEXT"}]}
COMMAND: POST /session/0f1a76f034524fb81e132040000fab4c/actions - {"actions":[{"id":"action1","type":"key","parameters":{},"actions":[{"type":"keyDown","value":"î€‡"},{"type":"pause","duration":10},{"type":"keyUp","value":"î€‡"}]}]}
RESULT: {"actions":[{"id":"action1","type":"key","parameters":{},"actions":[{"type":"keyDown","value":"î€‡"},{"type":"pause","duration":10},{"type":"keyUp","value":"î€‡"}]}]}
COMMAND: GET /session/0f1a76f034524fb81e132040000fab4c/screenshot - {}
RESULT: {}
COMMAND: POST /session/0f1a76f034524fb81e132040000fab4c/element - {"using":"xpath","value":"//span[contains(text(), \"Demo Yard\")]"}
RESULT: {"using":"xpath","value":"//span[contains(text(), \"Demo Yard\")]"}
COMMAND: POST /session/0f1a76f034524fb81e132040000fab4c/element/f.B1FA83ECA557CC0058036F6FC01E2632.d.86170234E4E8B75BFFEF76BD90DF9733.e.782/click - {}
RESULT: {}
COMMAND: GET /session/0f1a76f034524fb81e132040000fab4c/screenshot - {}
RESULT: {}
COMMAND: POST /session/0f1a76f034524fb81e132040000fab4c/element - {"using":"xpath","value":"//bdi[contains(text(), \"OK\")]"}
RESULT: {"using":"xpath","value":"//bdi[contains(text(), \"OK\")]"}
COMMAND: POST /session/0f1a76f034524fb81e132040000fab4c/element/f.B1FA83ECA557CC0058036F6FC01E2632.d.86170234E4E8B75BFFEF76BD90DF9733.e.783/click - {}
RESULT: {}
COMMAND: GET /session/0f1a76f034524fb81e132040000fab4c/screenshot - {}
RESULT: {}
COMMAND: POST /session/0f1a76f034524fb81e132040000fab4c/execute/async - {"script":"<script> [1562 bytes]","args":[{"selector":{"id":"application-manageyards-display-component---NewYard--addressEditDetailsCurrency-arrow"},"wdio_ui5_key":"applicationmanageyards-display-component---NewYard--addressEditDetailsCurrency-arrow"}]}
RESULT: {"script":"<script> [1562 bytes]","args":[{"selector":{"id":"application-manageyards-display-component---NewYard--addressEditDetailsCurrency-arrow"},"wdio_ui5_key":"applicationmanageyards-display-component---NewYard--addressEditDetailsCurrency-arrow"}]}
RESULT: undefined
COMMAND: POST /session/0f1a76f034524fb81e132040000fab4c/element - {"using":"xpath","value":"//*[@id=\"application-manageyards-display-component---NewYard--addressEditDetailsCurrency-arrow\"]"}
RESULT: {"using":"xpath","value":"//*[@id=\"application-manageyards-display-component---NewYard--addressEditDetailsCurrency-arrow\"]"}
COMMAND: POST /session/0f1a76f034524fb81e132040000fab4c/element/f.B1FA83ECA557CC0058036F6FC01E2632.d.86170234E4E8B75BFFEF76BD90DF9733.e.786/click - {}
RESULT: {}
COMMAND: POST /session/0f1a76f034524fb81e132040000fab4c/element - {"using":"xpath","value":"//span[contains(text(), \"Euro\")]"}
COMMAND: GET /session/0f1a76f034524fb81e132040000fab4c/screenshot - {}
RESULT: {"using":"xpath","value":"//span[contains(text(), \"Euro\")]"}
COMMAND: POST /session/0f1a76f034524fb81e132040000fab4c/element/f.B1FA83ECA557CC0058036F6FC01E2632.d.86170234E4E8B75BFFEF76BD90DF9733.e.787/click - {}
RESULT: {}
RESULT: {}
COMMAND: POST /session/0f1a76f034524fb81e132040000fab4c/execute/async - {"script":"<script> [1562 bytes]","args":[{"selector":{"controlType":"sap.m.Input","viewName":"etm.portal.ui.manageyards.view.New","viewId":"application-manageyards-display-component---NewYard","bindingPath":{"path":"","propertyPath":"/CONTROLLING_AREA","modelName":"NewYardModel"},"interaction":{"idSuffix":"inner"}},"wdio_ui5_key":"etmportal.ui.manageyards.view.Newsap.m.Input{\"path\":\"\",\"propertyPath\":\"/CONTROLLING_AREA\",\"modelName\":\"NewYardModel\"}"}]}
COMMAND: GET /session/0f1a76f034524fb81e132040000fab4c/screenshot - {}
RESULT: {"script":"<script> [1562 bytes]","args":[{"selector":{"controlType":"sap.m.Input","viewName":"etm.portal.ui.manageyards.view.New","viewId":"application-manageyards-display-component---NewYard","bindingPath":{"path":"","propertyPath":"/CONTROLLING_AREA","modelName":"NewYardModel"},"interaction":{"idSuffix":"inner"}},"wdio_ui5_key":"etmportal.ui.manageyards.view.Newsap.m.Input{\"path\":\"\",\"propertyPath\":\"/CONTROLLING_AREA\",\"modelName\":\"NewYardModel\"}"}]}
RESULT: undefined
COMMAND: POST /session/0f1a76f034524fb81e132040000fab4c/execute/async - {"script":"<script> [776 bytes]","args":[{"enterText":"Z001","selector":{"controlType":"sap.m.Input","viewName":"etm.portal.ui.manageyards.view.New","viewId":"application-manageyards-display-component---NewYard","bindingPath":{"path":"","propertyPath":"/CONTROLLING_AREA","modelName":"NewYardModel"},"interaction":{"idSuffix":"inner"}},"clearTextFirst":true,"interactionType":"ENTER_TEXT"}]}
RESULT: {}
RESULT: {"script":"<script> [776 bytes]","args":[{"enterText":"Z001","selector":{"controlType":"sap.m.Input","viewName":"etm.portal.ui.manageyards.view.New","viewId":"application-manageyards-display-component---NewYard","bindingPath":{"path":"","propertyPath":"/CONTROLLING_AREA","modelName":"NewYardModel"},"interaction":{"idSuffix":"inner"}},"clearTextFirst":true,"interactionType":"ENTER_TEXT"}]}
COMMAND: POST /session/0f1a76f034524fb81e132040000fab4c/execute/async - {"script":"<script> [1562 bytes]","args":[{"selector":{"id":"application-manageyards-display-component---NewYard--companyCodeComboBox","interaction":{"idSuffix":"inner"}},"wdio_ui5_key":"applicationmanageyards-display-component---NewYard--companyCodeComboBox"}]}
RESULT: {"script":"<script> [1562 bytes]","args":[{"selector":{"id":"application-manageyards-display-component---NewYard--companyCodeComboBox","interaction":{"idSuffix":"inner"}},"wdio_ui5_key":"applicationmanageyards-display-component---NewYard--companyCodeComboBox"}]}
RESULT: undefined
COMMAND: POST /session/0f1a76f034524fb81e132040000fab4c/execute/async - {"script":"<script> [776 bytes]","args":[{"enterText":"1000","selector":{"id":"application-manageyards-display-component---NewYard--companyCodeComboBox","interaction":{"idSuffix":"inner"}},"clearTextFirst":true,"interactionType":"ENTER_TEXT"}]}
RESULT: {"script":"<script> [776 bytes]","args":[{"enterText":"1000","selector":{"id":"application-manageyards-display-component---NewYard--companyCodeComboBox","interaction":{"idSuffix":"inner"}},"clearTextFirst":true,"interactionType":"ENTER_TEXT"}]}
COMMAND: POST /session/0f1a76f034524fb81e132040000fab4c/execute/async - {"script":"<script> [1562 bytes]","args":[{"selector":{"controlType":"sap.m.Input","viewName":"etm.portal.ui.manageyards.view.New","viewId":"application-manageyards-display-component---NewYard","bindingPath":{"path":"","propertyPath":"/PLANT","modelName":"NewYardModel"},"interaction":{"idSuffix":"inner"}},"wdio_ui5_key":"etmportal.ui.manageyards.view.Newsap.m.Input{\"path\":\"\",\"propertyPath\":\"/PLANT\",\"modelName\":\"NewYardModel\"}"}]}
RESULT: {"script":"<script> [1562 bytes]","args":[{"selector":{"controlType":"sap.m.Input","viewName":"etm.portal.ui.manageyards.view.New","viewId":"application-manageyards-display-component---NewYard","bindingPath":{"path":"","propertyPath":"/PLANT","modelName":"NewYardModel"},"interaction":{"idSuffix":"inner"}},"wdio_ui5_key":"etmportal.ui.manageyards.view.Newsap.m.Input{\"path\":\"\",\"propertyPath\":\"/PLANT\",\"modelName\":\"NewYardModel\"}"}]}
RESULT: undefined
COMMAND: POST /session/0f1a76f034524fb81e132040000fab4c/execute/async - {"script":"<script> [776 bytes]","args":[{"enterText":"1001","selector":{"controlType":"sap.m.Input","viewName":"etm.portal.ui.manageyards.view.New","viewId":"application-manageyards-display-component---NewYard","bindingPath":{"path":"","propertyPath":"/PLANT","modelName":"NewYardModel"},"interaction":{"idSuffix":"inner"}},"clearTextFirst":true,"interactionType":"ENTER_TEXT"}]}
RESULT: {"script":"<script> [776 bytes]","args":[{"enterText":"1001","selector":{"controlType":"sap.m.Input","viewName":"etm.portal.ui.manageyards.view.New","viewId":"application-manageyards-display-component---NewYard","bindingPath":{"path":"","propertyPath":"/PLANT","modelName":"NewYardModel"},"interaction":{"idSuffix":"inner"}},"clearTextFirst":true,"interactionType":"ENTER_TEXT"}]}
COMMAND: POST /session/0f1a76f034524fb81e132040000fab4c/execute/async - {"script":"<script> [1562 bytes]","args":[{"selector":{"controlType":"sap.m.Input","viewName":"etm.portal.ui.manageyards.view.New","viewId":"application-manageyards-display-component---NewYard","bindingPath":{"path":"","propertyPath":"/SALES_AREA_VKORG","modelName":"NewYardModel"},"interaction":{"idSuffix":"inner"}},"wdio_ui5_key":"etmportal.ui.manageyards.view.Newsap.m.Input{\"path\":\"\",\"propertyPath\":\"/SALES_AREA_VKORG\",\"modelName\":\"NewYardModel\"}"}]}
RESULT: {"script":"<script> [1562 bytes]","args":[{"selector":{"controlType":"sap.m.Input","viewName":"etm.portal.ui.manageyards.view.New","viewId":"application-manageyards-display-component---NewYard","bindingPath":{"path":"","propertyPath":"/SALES_AREA_VKORG","modelName":"NewYardModel"},"interaction":{"idSuffix":"inner"}},"wdio_ui5_key":"etmportal.ui.manageyards.view.Newsap.m.Input{\"path\":\"\",\"propertyPath\":\"/SALES_AREA_VKORG\",\"modelName\":\"NewYardModel\"}"}]}
RESULT: undefined
COMMAND: POST /session/0f1a76f034524fb81e132040000fab4c/execute/async - {"script":"<script> [776 bytes]","args":[{"enterText":"C002","selector":{"controlType":"sap.m.Input","viewName":"etm.portal.ui.manageyards.view.New","viewId":"application-manageyards-display-component---NewYard","bindingPath":{"path":"","propertyPath":"/SALES_AREA_VKORG","modelName":"NewYardModel"},"interaction":{"idSuffix":"inner"}},"clearTextFirst":true,"interactionType":"ENTER_TEXT"}]}
RESULT: {"script":"<script> [776 bytes]","args":[{"enterText":"C002","selector":{"controlType":"sap.m.Input","viewName":"etm.portal.ui.manageyards.view.New","viewId":"application-manageyards-display-component---NewYard","bindingPath":{"path":"","propertyPath":"/SALES_AREA_VKORG","modelName":"NewYardModel"},"interaction":{"idSuffix":"inner"}},"clearTextFirst":true,"interactionType":"ENTER_TEXT"}]}
COMMAND: POST /session/0f1a76f034524fb81e132040000fab4c/execute/async - {"script":"<script> [1562 bytes]","args":[{"selector":{"controlType":"sap.m.Input","viewName":"etm.portal.ui.manageyards.view.New","viewId":"application-manageyards-display-component---NewYard","bindingPath":{"path":"","propertyPath":"/SALES_AREA_VTWEG","modelName":"NewYardModel"},"interaction":{"idSuffix":"inner"}},"wdio_ui5_key":"etmportal.ui.manageyards.view.Newsap.m.Input{\"path\":\"\",\"propertyPath\":\"/SALES_AREA_VTWEG\",\"modelName\":\"NewYardModel\"}"}]}
RESULT: {"script":"<script> [1562 bytes]","args":[{"selector":{"controlType":"sap.m.Input","viewName":"etm.portal.ui.manageyards.view.New","viewId":"application-manageyards-display-component---NewYard","bindingPath":{"path":"","propertyPath":"/SALES_AREA_VTWEG","modelName":"NewYardModel"},"interaction":{"idSuffix":"inner"}},"wdio_ui5_key":"etmportal.ui.manageyards.view.Newsap.m.Input{\"path\":\"\",\"propertyPath\":\"/SALES_AREA_VTWEG\",\"modelName\":\"NewYardModel\"}"}]}
RESULT: undefined
COMMAND: POST /session/0f1a76f034524fb81e132040000fab4c/execute/async - {"script":"<script> [776 bytes]","args":[{"enterText":"C2","selector":{"controlType":"sap.m.Input","viewName":"etm.portal.ui.manageyards.view.New","viewId":"application-manageyards-display-component---NewYard","bindingPath":{"path":"","propertyPath":"/SALES_AREA_VTWEG","modelName":"NewYardModel"},"interaction":{"idSuffix":"inner"}},"clearTextFirst":true,"interactionType":"ENTER_TEXT"}]}
RESULT: {"script":"<script> [776 bytes]","args":[{"enterText":"C2","selector":{"controlType":"sap.m.Input","viewName":"etm.portal.ui.manageyards.view.New","viewId":"application-manageyards-display-component---NewYard","bindingPath":{"path":"","propertyPath":"/SALES_AREA_VTWEG","modelName":"NewYardModel"},"interaction":{"idSuffix":"inner"}},"clearTextFirst":true,"interactionType":"ENTER_TEXT"}]}
COMMAND: POST /session/0f1a76f034524fb81e132040000fab4c/execute/async - {"script":"<script> [1562 bytes]","args":[{"selector":{"controlType":"sap.m.Input","viewName":"etm.portal.ui.manageyards.view.New","viewId":"application-manageyards-display-component---NewYard","bindingPath":{"path":"","propertyPath":"/SALES_AREA_SPART","modelName":"NewYardModel"},"interaction":{"idSuffix":"inner"}},"wdio_ui5_key":"etmportal.ui.manageyards.view.Newsap.m.Input{\"path\":\"\",\"propertyPath\":\"/SALES_AREA_SPART\",\"modelName\":\"NewYardModel\"}"}]}
RESULT: {"script":"<script> [1562 bytes]","args":[{"selector":{"controlType":"sap.m.Input","viewName":"etm.portal.ui.manageyards.view.New","viewId":"application-manageyards-display-component---NewYard","bindingPath":{"path":"","propertyPath":"/SALES_AREA_SPART","modelName":"NewYardModel"},"interaction":{"idSuffix":"inner"}},"wdio_ui5_key":"etmportal.ui.manageyards.view.Newsap.m.Input{\"path\":\"\",\"propertyPath\":\"/SALES_AREA_SPART\",\"modelName\":\"NewYardModel\"}"}]}
RESULT: undefined
COMMAND: POST /session/0f1a76f034524fb81e132040000fab4c/execute/async - {"script":"<script> [776 bytes]","args":[{"enterText":"C2","selector":{"controlType":"sap.m.Input","viewName":"etm.portal.ui.manageyards.view.New","viewId":"application-manageyards-display-component---NewYard","bindingPath":{"path":"","propertyPath":"/SALES_AREA_SPART","modelName":"NewYardModel"},"interaction":{"idSuffix":"inner"}},"clearTextFirst":true,"interactionType":"ENTER_TEXT"}]}
RESULT: {"script":"<script> [776 bytes]","args":[{"enterText":"C2","selector":{"controlType":"sap.m.Input","viewName":"etm.portal.ui.manageyards.view.New","viewId":"application-manageyards-display-component---NewYard","bindingPath":{"path":"","propertyPath":"/SALES_AREA_SPART","modelName":"NewYardModel"},"interaction":{"idSuffix":"inner"}},"clearTextFirst":true,"interactionType":"ENTER_TEXT"}]}
COMMAND: POST /session/0f1a76f034524fb81e132040000fab4c/execute/async - {"script":"<script> [1562 bytes]","args":[{"selector":{"controlType":"sap.m.Input","viewName":"etm.portal.ui.manageyards.view.New","viewId":"application-manageyards-display-component---NewYard","bindingPath":{"path":"","propertyPath":"/SHIP_POINT","modelName":"NewYardModel"},"interaction":{"idSuffix":"inner"}},"wdio_ui5_key":"etmportal.ui.manageyards.view.Newsap.m.Input{\"path\":\"\",\"propertyPath\":\"/SHIP_POINT\",\"modelName\":\"NewYardModel\"}"}]}
RESULT: {"script":"<script> [1562 bytes]","args":[{"selector":{"controlType":"sap.m.Input","viewName":"etm.portal.ui.manageyards.view.New","viewId":"application-manageyards-display-component---NewYard","bindingPath":{"path":"","propertyPath":"/SHIP_POINT","modelName":"NewYardModel"},"interaction":{"idSuffix":"inner"}},"wdio_ui5_key":"etmportal.ui.manageyards.view.Newsap.m.Input{\"path\":\"\",\"propertyPath\":\"/SHIP_POINT\",\"modelName\":\"NewYardModel\"}"}]}
RESULT: undefined
COMMAND: POST /session/0f1a76f034524fb81e132040000fab4c/execute/async - {"script":"<script> [776 bytes]","args":[{"enterText":"1710","selector":{"controlType":"sap.m.Input","viewName":"etm.portal.ui.manageyards.view.New","viewId":"application-manageyards-display-component---NewYard","bindingPath":{"path":"","propertyPath":"/SHIP_POINT","modelName":"NewYardModel"},"interaction":{"idSuffix":"inner"}},"clearTextFirst":true,"interactionType":"ENTER_TEXT"}]}
RESULT: {"script":"<script> [776 bytes]","args":[{"enterText":"1710","selector":{"controlType":"sap.m.Input","viewName":"etm.portal.ui.manageyards.view.New","viewId":"application-manageyards-display-component---NewYard","bindingPath":{"path":"","propertyPath":"/SHIP_POINT","modelName":"NewYardModel"},"interaction":{"idSuffix":"inner"}},"clearTextFirst":true,"interactionType":"ENTER_TEXT"}]}
COMMAND: POST /session/0f1a76f034524fb81e132040000fab4c/execute/async - {"script":"<script> [1562 bytes]","args":[{"selector":{"controlType":"sap.m.Input","viewName":"etm.portal.ui.manageyards.view.New","viewId":"application-manageyards-display-component---NewYard","bindingPath":{"path":"","propertyPath":"/DELIVERY_TYPE","modelName":"NewYardModel"},"interaction":{"idSuffix":"inner"}},"wdio_ui5_key":"etmportal.ui.manageyards.view.Newsap.m.Input{\"path\":\"\",\"propertyPath\":\"/DELIVERY_TYPE\",\"modelName\":\"NewYardModel\"}"}]}
RESULT: {"script":"<script> [1562 bytes]","args":[{"selector":{"controlType":"sap.m.Input","viewName":"etm.portal.ui.manageyards.view.New","viewId":"application-manageyards-display-component---NewYard","bindingPath":{"path":"","propertyPath":"/DELIVERY_TYPE","modelName":"NewYardModel"},"interaction":{"idSuffix":"inner"}},"wdio_ui5_key":"etmportal.ui.manageyards.view.Newsap.m.Input{\"path\":\"\",\"propertyPath\":\"/DELIVERY_TYPE\",\"modelName\":\"NewYardModel\"}"}]}
RESULT: undefined
COMMAND: POST /session/0f1a76f034524fb81e132040000fab4c/execute/async - {"script":"<script> [776 bytes]","args":[{"enterText":"ZL01","selector":{"controlType":"sap.m.Input","viewName":"etm.portal.ui.manageyards.view.New","viewId":"application-manageyards-display-component---NewYard","bindingPath":{"path":"","propertyPath":"/DELIVERY_TYPE","modelName":"NewYardModel"},"interaction":{"idSuffix":"inner"}},"clearTextFirst":true,"interactionType":"ENTER_TEXT"}]}
RESULT: {"script":"<script> [776 bytes]","args":[{"enterText":"ZL01","selector":{"controlType":"sap.m.Input","viewName":"etm.portal.ui.manageyards.view.New","viewId":"application-manageyards-display-component---NewYard","bindingPath":{"path":"","propertyPath":"/DELIVERY_TYPE","modelName":"NewYardModel"},"interaction":{"idSuffix":"inner"}},"clearTextFirst":true,"interactionType":"ENTER_TEXT"}]}
COMMAND: POST /session/0f1a76f034524fb81e132040000fab4c/execute/async - {"script":"<script> [1562 bytes]","args":[{"selector":{"controlType":"sap.m.Input","viewName":"etm.portal.ui.manageyards.view.New","viewId":"application-manageyards-display-component---NewYard","bindingPath":{"path":"","propertyPath":"/AUART","modelName":"NewYardModel"},"interaction":{"idSuffix":"inner"}},"wdio_ui5_key":"etmportal.ui.manageyards.view.Newsap.m.Input{\"path\":\"\",\"propertyPath\":\"/AUART\",\"modelName\":\"NewYardModel\"}"}]}
RESULT: {"script":"<script> [1562 bytes]","args":[{"selector":{"controlType":"sap.m.Input","viewName":"etm.portal.ui.manageyards.view.New","viewId":"application-manageyards-display-component---NewYard","bindingPath":{"path":"","propertyPath":"/AUART","modelName":"NewYardModel"},"interaction":{"idSuffix":"inner"}},"wdio_ui5_key":"etmportal.ui.manageyards.view.Newsap.m.Input{\"path\":\"\",\"propertyPath\":\"/AUART\",\"modelName\":\"NewYardModel\"}"}]}
RESULT: undefined
COMMAND: POST /session/0f1a76f034524fb81e132040000fab4c/execute/async - {"script":"<script> [776 bytes]","args":[{"enterText":"TA","selector":{"controlType":"sap.m.Input","viewName":"etm.portal.ui.manageyards.view.New","viewId":"application-manageyards-display-component---NewYard","bindingPath":{"path":"","propertyPath":"/AUART","modelName":"NewYardModel"},"interaction":{"idSuffix":"inner"}},"clearTextFirst":true,"interactionType":"ENTER_TEXT"}]}
RESULT: {"script":"<script> [776 bytes]","args":[{"enterText":"TA","selector":{"controlType":"sap.m.Input","viewName":"etm.portal.ui.manageyards.view.New","viewId":"application-manageyards-display-component---NewYard","bindingPath":{"path":"","propertyPath":"/AUART","modelName":"NewYardModel"},"interaction":{"idSuffix":"inner"}},"clearTextFirst":true,"interactionType":"ENTER_TEXT"}]}
COMMAND: POST /session/0f1a76f034524fb81e132040000fab4c/element - {"using":"xpath","value":"//button[@data-kt=\"newYardSaveButton\"]"}
RESULT: {"using":"xpath","value":"//button[@data-kt=\"newYardSaveButton\"]"}
COMMAND: POST /session/0f1a76f034524fb81e132040000fab4c/element/f.B1FA83ECA557CC0058036F6FC01E2632.d.86170234E4E8B75BFFEF76BD90DF9733.e.712/click - {}
RESULT: {}
COMMAND: GET /session/0f1a76f034524fb81e132040000fab4c/screenshot - {}
RESULT: {}
COMMAND: POST /session/0f1a76f034524fb81e132040000fab4c/element - {"using":"xpath","value":"//header[contains(@id, 'ObjectPageLayout-headerTitle')]/div[1]/div[2]/div[1]/span[1]"}
RESULT: {"using":"xpath","value":"//header[contains(@id, 'ObjectPageLayout-headerTitle')]/div[1]/div[2]/div[1]/span[1]"}
COMMAND: POST /session/0f1a76f034524fb81e132040000fab4c/elements - {"using":"xpath","value":"//header[contains(@id, 'ObjectPageLayout-headerTitle')]/div[1]/div[2]/div[1]/span[1]"}
RESULT: {"using":"xpath","value":"//header[contains(@id, 'ObjectPageLayout-headerTitle')]/div[1]/div[2]/div[1]/span[1]"}
COMMAND: POST /session/0f1a76f034524fb81e132040000fab4c/execute/sync - {"script":"<script> [56 bytes]","args":[{"element-6066-11e4-a52e-4f735466cecf":"f.B1FA83ECA557CC0058036F6FC01E2632.d.86170234E4E8B75BFFEF76BD90DF9733.e.1006","ELEMENT":"f.B1FA83ECA557CC0058036F6FC01E2632.d.86170234E4E8B75BFFEF76BD90DF9733.e.1006"}]}
RESULT: {"script":"<script> [56 bytes]","args":[{"element-6066-11e4-a52e-4f735466cecf":"f.B1FA83ECA557CC0058036F6FC01E2632.d.86170234E4E8B75BFFEF76BD90DF9733.e.1006","ELEMENT":"f.B1FA83ECA557CC0058036F6FC01E2632.d.86170234E4E8B75BFFEF76BD90DF9733.e.1006"}]}
COMMAND: GET /session/0f1a76f034524fb81e132040000fab4c/screenshot - {}
RESULT: {}
COMMAND: POST /session/0f1a76f034524fb81e132040000fab4c/element - {"using":"css selector","value":"#shell-header-logo"}
RESULT: {"using":"css selector","value":"#shell-header-logo"}
COMMAND: POST /session/0f1a76f034524fb81e132040000fab4c/element/f.B1FA83ECA557CC0058036F6FC01E2632.d.86170234E4E8B75BFFEF76BD90DF9733.e.270/click - {}
RESULT: {}
COMMAND: GET /session/0f1a76f034524fb81e132040000fab4c/screenshot - {}
RESULT: {}
COMMAND: POST /session/0f1a76f034524fb81e132040000fab4c/execute/sync - {"script":"<script> [299 bytes]","args":[["getModel","getResource"]]}
RESULT: {"script":"<script> [299 bytes]","args":[["getModel","getResource"]]}
]]></system-out>
    </testcase>
    <testcase classname="chrome.137_0_7151_69.windows.Tests_for_Mass_State_Change_on_Manage_States_&amp;_Performances_US104416_US" name="Prereq Should create a new partner" time="143.141">
      <system-out><![CDATA[
COMMAND: GET /session/0f1a76f034524fb81e132040000fab4c/screenshot - {}
COMMAND: POST /session/0f1a76f034524fb81e132040000fab4c/window/fullscreen - {}
RESULT: {}
RESULT: {}
COMMAND: POST /session/0f1a76f034524fb81e132040000fab4c/execute/async - {"script":"<script> [1562 bytes]","args":[{"selector":{"controlType":"sap.m.GenericTile","properties":{"header":"Manage Partners"}},"wdio_ui5_key":"sapm.GenericTile{\"header\":\"Manage Partners\"}"}]}
RESULT: {"script":"<script> [1562 bytes]","args":[{"selector":{"controlType":"sap.m.GenericTile","properties":{"header":"Manage Partners"}},"wdio_ui5_key":"sapm.GenericTile{\"header\":\"Manage Partners\"}"}]}
RESULT: undefined
COMMAND: POST /session/0f1a76f034524fb81e132040000fab4c/element - {"using":"xpath","value":"//*[@id=\"__tile38\"]"}
RESULT: {"using":"xpath","value":"//*[@id=\"__tile38\"]"}
COMMAND: POST /session/0f1a76f034524fb81e132040000fab4c/element/f.B1FA83ECA557CC0058036F6FC01E2632.d.86170234E4E8B75BFFEF76BD90DF9733.e.156/click - {}
RESULT: {}
COMMAND: GET /session/0f1a76f034524fb81e132040000fab4c/screenshot - {}
RESULT: {}
COMMAND: POST /session/0f1a76f034524fb81e132040000fab4c/elements - {"using":"xpath","value":"//span[text()='Error']"}
RESULT: {"using":"xpath","value":"//span[text()='Error']"}
COMMAND: POST /session/0f1a76f034524fb81e132040000fab4c/element - {"using":"xpath","value":"//button[@data-kt=\"addButton\"]"}
RESULT: {"using":"xpath","value":"//button[@data-kt=\"addButton\"]"}
COMMAND: POST /session/0f1a76f034524fb81e132040000fab4c/elements - {"using":"xpath","value":"//button[@data-kt=\"addButton\"]"}
RESULT: {"using":"xpath","value":"//button[@data-kt=\"addButton\"]"}
COMMAND: POST /session/0f1a76f034524fb81e132040000fab4c/elements - {"using":"xpath","value":"//button[@data-kt=\"addButton\"]"}
RESULT: {"using":"xpath","value":"//button[@data-kt=\"addButton\"]"}
COMMAND: POST /session/0f1a76f034524fb81e132040000fab4c/element - {"using":"xpath","value":"//button[@data-kt=\"addButton\"]"}
RESULT: {"using":"xpath","value":"//button[@data-kt=\"addButton\"]"}
COMMAND: POST /session/0f1a76f034524fb81e132040000fab4c/execute/sync - {"script":"<script> [8489 bytes]","args":[{"element-6066-11e4-a52e-4f735466cecf":"f.B1FA83ECA557CC0058036F6FC01E2632.d.86170234E4E8B75BFFEF76BD90DF9733.e.1054","ELEMENT":"f.B1FA83ECA557CC0058036F6FC01E2632.d.86170234E4E8B75BFFEF76BD90DF9733.e.1054"}]}
RESULT: {"script":"<script> [8489 bytes]","args":[{"element-6066-11e4-a52e-4f735466cecf":"f.B1FA83ECA557CC0058036F6FC01E2632.d.86170234E4E8B75BFFEF76BD90DF9733.e.1054","ELEMENT":"f.B1FA83ECA557CC0058036F6FC01E2632.d.86170234E4E8B75BFFEF76BD90DF9733.e.1054"}]}
COMMAND: GET /session/0f1a76f034524fb81e132040000fab4c/element/f.B1FA83ECA557CC0058036F6FC01E2632.d.86170234E4E8B75BFFEF76BD90DF9733.e.1054/enabled - {}
COMMAND: GET /session/0f1a76f034524fb81e132040000fab4c/screenshot - {}
RESULT: {}
COMMAND: POST /session/0f1a76f034524fb81e132040000fab4c/execute/sync - {"script":"<script> [8489 bytes]","args":[{"element-6066-11e4-a52e-4f735466cecf":"f.B1FA83ECA557CC0058036F6FC01E2632.d.86170234E4E8B75BFFEF76BD90DF9733.e.1054","ELEMENT":"f.B1FA83ECA557CC0058036F6FC01E2632.d.86170234E4E8B75BFFEF76BD90DF9733.e.1054"}]}
COMMAND: GET /session/0f1a76f034524fb81e132040000fab4c/screenshot - {}
RESULT: {}
RESULT: {"script":"<script> [8489 bytes]","args":[{"element-6066-11e4-a52e-4f735466cecf":"f.B1FA83ECA557CC0058036F6FC01E2632.d.86170234E4E8B75BFFEF76BD90DF9733.e.1054","ELEMENT":"f.B1FA83ECA557CC0058036F6FC01E2632.d.86170234E4E8B75BFFEF76BD90DF9733.e.1054"}]}
COMMAND: POST /session/0f1a76f034524fb81e132040000fab4c/execute/sync - {"script":"<script> [5351 bytes]","args":[{"element-6066-11e4-a52e-4f735466cecf":"f.B1FA83ECA557CC0058036F6FC01E2632.d.86170234E4E8B75BFFEF76BD90DF9733.e.1054","ELEMENT":"f.B1FA83ECA557CC0058036F6FC01E2632.d.86170234E4E8B75BFFEF76BD90DF9733.e.1054"}]}
COMMAND: GET /session/0f1a76f034524fb81e132040000fab4c/screenshot - {}
RESULT: {}
RESULT: {"script":"<script> [5351 bytes]","args":[{"element-6066-11e4-a52e-4f735466cecf":"f.B1FA83ECA557CC0058036F6FC01E2632.d.86170234E4E8B75BFFEF76BD90DF9733.e.1054","ELEMENT":"f.B1FA83ECA557CC0058036F6FC01E2632.d.86170234E4E8B75BFFEF76BD90DF9733.e.1054"}]}
COMMAND: POST /session/0f1a76f034524fb81e132040000fab4c/element/f.B1FA83ECA557CC0058036F6FC01E2632.d.86170234E4E8B75BFFEF76BD90DF9733.e.1054/click - {}
COMMAND: GET /session/0f1a76f034524fb81e132040000fab4c/screenshot - {}
RESULT: {}
RESULT: {}
COMMAND: GET /session/0f1a76f034524fb81e132040000fab4c/screenshot - {}
RESULT: {}
RESULT: {}
COMMAND: POST /session/0f1a76f034524fb81e132040000fab4c/execute/async - {"script":"<script> [1562 bytes]","args":[{"selector":{"id":"application-managepartners-display-component---NewPartner--addressDetailDetailsName1","interaction":{"idSuffix":"inner"}},"wdio_ui5_key":"applicationmanagepartners-display-component---NewPartner--addressDetailDetailsName1"}]}
RESULT: {"script":"<script> [1562 bytes]","args":[{"selector":{"id":"application-managepartners-display-component---NewPartner--addressDetailDetailsName1","interaction":{"idSuffix":"inner"}},"wdio_ui5_key":"applicationmanagepartners-display-component---NewPartner--addressDetailDetailsName1"}]}
RESULT: undefined
COMMAND: POST /session/0f1a76f034524fb81e132040000fab4c/execute/async - {"script":"<script> [776 bytes]","args":[{"enterText":"Intracompany Partner WDIO","selector":{"id":"application-managepartners-display-component---NewPartner--addressDetailDetailsName1","interaction":{"idSuffix":"inner"}},"clearTextFirst":true,"interactionType":"ENTER_TEXT"}]}
RESULT: {"script":"<script> [776 bytes]","args":[{"enterText":"Intracompany Partner WDIO","selector":{"id":"application-managepartners-display-component---NewPartner--addressDetailDetailsName1","interaction":{"idSuffix":"inner"}},"clearTextFirst":true,"interactionType":"ENTER_TEXT"}]}
COMMAND: POST /session/0f1a76f034524fb81e132040000fab4c/execute/async - {"script":"<script> [1562 bytes]","args":[{"selector":{"id":"application-managepartners-display-component---NewPartner--addressDetailDetailsLanguage-arrow"},"wdio_ui5_key":"applicationmanagepartners-display-component---NewPartner--addressDetailDetailsLanguage-arrow"}]}
RESULT: {"script":"<script> [1562 bytes]","args":[{"selector":{"id":"application-managepartners-display-component---NewPartner--addressDetailDetailsLanguage-arrow"},"wdio_ui5_key":"applicationmanagepartners-display-component---NewPartner--addressDetailDetailsLanguage-arrow"}]}
RESULT: undefined
COMMAND: POST /session/0f1a76f034524fb81e132040000fab4c/element - {"using":"xpath","value":"//*[@id=\"application-managepartners-display-component---NewPartner--addressDetailDetailsLanguage-arrow\"]"}
RESULT: {"using":"xpath","value":"//*[@id=\"application-managepartners-display-component---NewPartner--addressDetailDetailsLanguage-arrow\"]"}
COMMAND: POST /session/0f1a76f034524fb81e132040000fab4c/element/f.B1FA83ECA557CC0058036F6FC01E2632.d.86170234E4E8B75BFFEF76BD90DF9733.e.1495/click - {}
RESULT: {}
COMMAND: POST /session/0f1a76f034524fb81e132040000fab4c/element - {"using":"xpath","value":"//span[contains(text(), \"English\")]"}
COMMAND: GET /session/0f1a76f034524fb81e132040000fab4c/screenshot - {}
RESULT: {"using":"xpath","value":"//span[contains(text(), \"English\")]"}
COMMAND: POST /session/0f1a76f034524fb81e132040000fab4c/element/f.B1FA83ECA557CC0058036F6FC01E2632.d.86170234E4E8B75BFFEF76BD90DF9733.e.1496/click - {}
RESULT: {}
RESULT: {}
COMMAND: GET /session/0f1a76f034524fb81e132040000fab4c/screenshot - {}
RESULT: {}
COMMAND: POST /session/0f1a76f034524fb81e132040000fab4c/execute/async - {"script":"<script> [1562 bytes]","args":[{"selector":{"id":"application-managepartners-display-component---NewPartner--addressDetailDetailsCity1","interaction":{"idSuffix":"inner"}},"wdio_ui5_key":"applicationmanagepartners-display-component---NewPartner--addressDetailDetailsCity1"}]}
RESULT: {"script":"<script> [1562 bytes]","args":[{"selector":{"id":"application-managepartners-display-component---NewPartner--addressDetailDetailsCity1","interaction":{"idSuffix":"inner"}},"wdio_ui5_key":"applicationmanagepartners-display-component---NewPartner--addressDetailDetailsCity1"}]}
RESULT: undefined
COMMAND: POST /session/0f1a76f034524fb81e132040000fab4c/execute/async - {"script":"<script> [776 bytes]","args":[{"enterText":"Rosario","selector":{"id":"application-managepartners-display-component---NewPartner--addressDetailDetailsCity1","interaction":{"idSuffix":"inner"}},"clearTextFirst":true,"interactionType":"ENTER_TEXT"}]}
RESULT: {"script":"<script> [776 bytes]","args":[{"enterText":"Rosario","selector":{"id":"application-managepartners-display-component---NewPartner--addressDetailDetailsCity1","interaction":{"idSuffix":"inner"}},"clearTextFirst":true,"interactionType":"ENTER_TEXT"}]}
COMMAND: POST /session/0f1a76f034524fb81e132040000fab4c/execute/async - {"script":"<script> [1562 bytes]","args":[{"selector":{"id":"application-managepartners-display-component---NewPartner--addressDetailDetailsCountry-arrow"},"wdio_ui5_key":"applicationmanagepartners-display-component---NewPartner--addressDetailDetailsCountry-arrow"}]}
RESULT: {"script":"<script> [1562 bytes]","args":[{"selector":{"id":"application-managepartners-display-component---NewPartner--addressDetailDetailsCountry-arrow"},"wdio_ui5_key":"applicationmanagepartners-display-component---NewPartner--addressDetailDetailsCountry-arrow"}]}
RESULT: undefined
COMMAND: POST /session/0f1a76f034524fb81e132040000fab4c/element - {"using":"xpath","value":"//*[@id=\"application-managepartners-display-component---NewPartner--addressDetailDetailsCountry-arrow\"]"}
RESULT: {"using":"xpath","value":"//*[@id=\"application-managepartners-display-component---NewPartner--addressDetailDetailsCountry-arrow\"]"}
COMMAND: POST /session/0f1a76f034524fb81e132040000fab4c/element/f.B1FA83ECA557CC0058036F6FC01E2632.d.86170234E4E8B75BFFEF76BD90DF9733.e.1477/click - {}
RESULT: {}
COMMAND: POST /session/0f1a76f034524fb81e132040000fab4c/element - {"using":"xpath","value":"//span[contains(text(), \"Argentina\")]"}
COMMAND: GET /session/0f1a76f034524fb81e132040000fab4c/screenshot - {}
RESULT: {"using":"xpath","value":"//span[contains(text(), \"Argentina\")]"}
COMMAND: POST /session/0f1a76f034524fb81e132040000fab4c/element/f.B1FA83ECA557CC0058036F6FC01E2632.d.86170234E4E8B75BFFEF76BD90DF9733.e.1498/click - {}
RESULT: {}
RESULT: {}
COMMAND: GET /session/0f1a76f034524fb81e132040000fab4c/screenshot - {}
RESULT: {}
COMMAND: POST /session/0f1a76f034524fb81e132040000fab4c/element - {"using":"xpath","value":"//bdi[contains(text(), \"Commercial\")]"}
RESULT: {"using":"xpath","value":"//bdi[contains(text(), \"Commercial\")]"}
COMMAND: POST /session/0f1a76f034524fb81e132040000fab4c/element/f.B1FA83ECA557CC0058036F6FC01E2632.d.86170234E4E8B75BFFEF76BD90DF9733.e.1499/click - {}
RESULT: {}
COMMAND: GET /session/0f1a76f034524fb81e132040000fab4c/screenshot - {}
RESULT: {}
COMMAND: POST /session/0f1a76f034524fb81e132040000fab4c/execute/async - {"script":"<script> [1562 bytes]","args":[{"selector":{"id":"application-managepartners-display-component---NewPartner--partnerDetailInternal-arrow"},"wdio_ui5_key":"applicationmanagepartners-display-component---NewPartner--partnerDetailInternal-arrow"}]}
RESULT: {"script":"<script> [1562 bytes]","args":[{"selector":{"id":"application-managepartners-display-component---NewPartner--partnerDetailInternal-arrow"},"wdio_ui5_key":"applicationmanagepartners-display-component---NewPartner--partnerDetailInternal-arrow"}]}
RESULT: undefined
COMMAND: POST /session/0f1a76f034524fb81e132040000fab4c/element - {"using":"xpath","value":"//*[@id=\"application-managepartners-display-component---NewPartner--partnerDetailInternal-arrow\"]"}
RESULT: {"using":"xpath","value":"//*[@id=\"application-managepartners-display-component---NewPartner--partnerDetailInternal-arrow\"]"}
COMMAND: POST /session/0f1a76f034524fb81e132040000fab4c/element/f.B1FA83ECA557CC0058036F6FC01E2632.d.86170234E4E8B75BFFEF76BD90DF9733.e.1505/click - {}
RESULT: {}
COMMAND: POST /session/0f1a76f034524fb81e132040000fab4c/element - {"using":"xpath","value":"//span[contains(text(), \"Affiliated company\")]"}
COMMAND: GET /session/0f1a76f034524fb81e132040000fab4c/screenshot - {}
RESULT: {"using":"xpath","value":"//span[contains(text(), \"Affiliated company\")]"}
COMMAND: POST /session/0f1a76f034524fb81e132040000fab4c/element/f.B1FA83ECA557CC0058036F6FC01E2632.d.86170234E4E8B75BFFEF76BD90DF9733.e.1507/click - {}
RESULT: {}
RESULT: {}
COMMAND: POST /session/0f1a76f034524fb81e132040000fab4c/execute/async - {"script":"<script> [1562 bytes]","args":[{"selector":{"id":"application-managepartners-display-component---NewPartner--partnerDetailsCurrency-arrow"},"wdio_ui5_key":"applicationmanagepartners-display-component---NewPartner--partnerDetailsCurrency-arrow"}]}
COMMAND: GET /session/0f1a76f034524fb81e132040000fab4c/screenshot - {}
RESULT: {"script":"<script> [1562 bytes]","args":[{"selector":{"id":"application-managepartners-display-component---NewPartner--partnerDetailsCurrency-arrow"},"wdio_ui5_key":"applicationmanagepartners-display-component---NewPartner--partnerDetailsCurrency-arrow"}]}
RESULT: undefined
COMMAND: POST /session/0f1a76f034524fb81e132040000fab4c/element - {"using":"xpath","value":"//*[@id=\"application-managepartners-display-component---NewPartner--partnerDetailsCurrency-arrow\"]"}
RESULT: {}
RESULT: {"using":"xpath","value":"//*[@id=\"application-managepartners-display-component---NewPartner--partnerDetailsCurrency-arrow\"]"}
COMMAND: POST /session/0f1a76f034524fb81e132040000fab4c/element/f.B1FA83ECA557CC0058036F6FC01E2632.d.86170234E4E8B75BFFEF76BD90DF9733.e.1514/click - {}
RESULT: {}
COMMAND: POST /session/0f1a76f034524fb81e132040000fab4c/element - {"using":"xpath","value":"//span[contains(text(), \"Euro\")]"}
COMMAND: GET /session/0f1a76f034524fb81e132040000fab4c/screenshot - {}
RESULT: {"using":"xpath","value":"//span[contains(text(), \"Euro\")]"}
COMMAND: POST /session/0f1a76f034524fb81e132040000fab4c/element/f.B1FA83ECA557CC0058036F6FC01E2632.d.86170234E4E8B75BFFEF76BD90DF9733.e.1515/click - {}
RESULT: {}
RESULT: {}
COMMAND: POST /session/0f1a76f034524fb81e132040000fab4c/execute/async - {"script":"<script> [1562 bytes]","args":[{"selector":{"id":"application-managepartners-display-component---NewPartner--addressEditDetailsCostObjectCstType-arrow"},"wdio_ui5_key":"applicationmanagepartners-display-component---NewPartner--addressEditDetailsCostObjectCstType-arrow"}]}
COMMAND: GET /session/0f1a76f034524fb81e132040000fab4c/screenshot - {}
RESULT: {"script":"<script> [1562 bytes]","args":[{"selector":{"id":"application-managepartners-display-component---NewPartner--addressEditDetailsCostObjectCstType-arrow"},"wdio_ui5_key":"applicationmanagepartners-display-component---NewPartner--addressEditDetailsCostObjectCstType-arrow"}]}
RESULT: undefined
COMMAND: POST /session/0f1a76f034524fb81e132040000fab4c/element - {"using":"xpath","value":"//*[@id=\"application-managepartners-display-component---NewPartner--addressEditDetailsCostObjectCstType-arrow\"]"}
RESULT: {}
RESULT: {"using":"xpath","value":"//*[@id=\"application-managepartners-display-component---NewPartner--addressEditDetailsCostObjectCstType-arrow\"]"}
COMMAND: POST /session/0f1a76f034524fb81e132040000fab4c/element/f.B1FA83ECA557CC0058036F6FC01E2632.d.86170234E4E8B75BFFEF76BD90DF9733.e.1516/click - {}
RESULT: {}
COMMAND: POST /session/0f1a76f034524fb81e132040000fab4c/element - {"using":"xpath","value":"//span[contains(text(), \"Cost Center\")]"}
COMMAND: GET /session/0f1a76f034524fb81e132040000fab4c/screenshot - {}
RESULT: {"using":"xpath","value":"//span[contains(text(), \"Cost Center\")]"}
COMMAND: POST /session/0f1a76f034524fb81e132040000fab4c/element/f.B1FA83ECA557CC0058036F6FC01E2632.d.86170234E4E8B75BFFEF76BD90DF9733.e.1517/click - {}
RESULT: {}
RESULT: {}
COMMAND: GET /session/0f1a76f034524fb81e132040000fab4c/screenshot - {}
RESULT: {}
COMMAND: POST /session/0f1a76f034524fb81e132040000fab4c/element - {"using":"xpath","value":"//span[@id=\"application-managepartners-display-component---NewPartner--addressNewCostObjectCstID-vhi\"]"}
RESULT: {"using":"xpath","value":"//span[@id=\"application-managepartners-display-component---NewPartner--addressNewCostObjectCstID-vhi\"]"}
COMMAND: POST /session/0f1a76f034524fb81e132040000fab4c/execute/sync - {"script":"<script> [8489 bytes]","args":[{"element-6066-11e4-a52e-4f735466cecf":"f.B1FA83ECA557CC0058036F6FC01E2632.d.86170234E4E8B75BFFEF76BD90DF9733.e.1521","ELEMENT":"f.B1FA83ECA557CC0058036F6FC01E2632.d.86170234E4E8B75BFFEF76BD90DF9733.e.1521"}]}
RESULT: {"script":"<script> [8489 bytes]","args":[{"element-6066-11e4-a52e-4f735466cecf":"f.B1FA83ECA557CC0058036F6FC01E2632.d.86170234E4E8B75BFFEF76BD90DF9733.e.1521","ELEMENT":"f.B1FA83ECA557CC0058036F6FC01E2632.d.86170234E4E8B75BFFEF76BD90DF9733.e.1521"}]}
COMMAND: POST /session/0f1a76f034524fb81e132040000fab4c/execute/async - {"script":"<script> [1562 bytes]","args":[{"selector":{"id":"application-managepartners-display-component---NewPartner--addressNewCostObjectCstID-vhi"},"wdio_ui5_key":"applicationmanagepartners-display-component---NewPartner--addressNewCostObjectCstID-vhi"}]}
COMMAND: GET /session/0f1a76f034524fb81e132040000fab4c/screenshot - {}
RESULT: {"script":"<script> [1562 bytes]","args":[{"selector":{"id":"application-managepartners-display-component---NewPartner--addressNewCostObjectCstID-vhi"},"wdio_ui5_key":"applicationmanagepartners-display-component---NewPartner--addressNewCostObjectCstID-vhi"}]}
RESULT: undefined
COMMAND: POST /session/0f1a76f034524fb81e132040000fab4c/element - {"using":"xpath","value":"//*[@id=\"application-managepartners-display-component---NewPartner--addressNewCostObjectCstID-vhi\"]"}
RESULT: {}
RESULT: {"using":"xpath","value":"//*[@id=\"application-managepartners-display-component---NewPartner--addressNewCostObjectCstID-vhi\"]"}
COMMAND: POST /session/0f1a76f034524fb81e132040000fab4c/element/f.B1FA83ECA557CC0058036F6FC01E2632.d.86170234E4E8B75BFFEF76BD90DF9733.e.1521/click - {}
RESULT: {}
COMMAND: GET /session/0f1a76f034524fb81e132040000fab4c/screenshot - {}
RESULT: {}
RESULT: undefined
COMMAND: POST /session/0f1a76f034524fb81e132040000fab4c/execute/async - {"script":"<script> [776 bytes]","args":[{"enterText":"10001013","selector":{"controlType":"sap.m.SearchField","properties":{"placeholder":"Search"},"searchOpenDialogs":true,"interaction":{"idSuffix":"I"}},"clearTextFirst":true,"interactionType":"ENTER_TEXT"}]}
RESULT: {"script":"<script> [776 bytes]","args":[{"enterText":"10001013","selector":{"controlType":"sap.m.SearchField","properties":{"placeholder":"Search"},"searchOpenDialogs":true,"interaction":{"idSuffix":"I"}},"clearTextFirst":true,"interactionType":"ENTER_TEXT"}]}
COMMAND: POST /session/0f1a76f034524fb81e132040000fab4c/actions - {"actions":[{"id":"action2","type":"key","parameters":{},"actions":[{"type":"keyDown","value":"î€‡"},{"type":"pause","duration":10},{"type":"keyUp","value":"î€‡"}]}]}
RESULT: {"actions":[{"id":"action2","type":"key","parameters":{},"actions":[{"type":"keyDown","value":"î€‡"},{"type":"pause","duration":10},{"type":"keyUp","value":"î€‡"}]}]}
COMMAND: GET /session/0f1a76f034524fb81e132040000fab4c/screenshot - {}
RESULT: {}
COMMAND: POST /session/0f1a76f034524fb81e132040000fab4c/element - {"using":"xpath","value":"//span[contains(text(), \"General Management\")]"}
RESULT: {"using":"xpath","value":"//span[contains(text(), \"General Management\")]"}
COMMAND: POST /session/0f1a76f034524fb81e132040000fab4c/element/f.B1FA83ECA557CC0058036F6FC01E2632.d.86170234E4E8B75BFFEF76BD90DF9733.e.1561/click - {}
RESULT: {}
COMMAND: GET /session/0f1a76f034524fb81e132040000fab4c/screenshot - {}
RESULT: {}
COMMAND: POST /session/0f1a76f034524fb81e132040000fab4c/element - {"using":"xpath","value":"//bdi[contains(text(), \"OK\")]"}
RESULT: {"using":"xpath","value":"//bdi[contains(text(), \"OK\")]"}
COMMAND: POST /session/0f1a76f034524fb81e132040000fab4c/element/f.B1FA83ECA557CC0058036F6FC01E2632.d.86170234E4E8B75BFFEF76BD90DF9733.e.1562/click - {}
RESULT: {}
COMMAND: GET /session/0f1a76f034524fb81e132040000fab4c/screenshot - {}
RESULT: {}
COMMAND: POST /session/0f1a76f034524fb81e132040000fab4c/element - {"using":"xpath","value":"//input[@id=\"application-managepartners-display-component---NewPartner--companyCodeComboBox-inner\"]"}
RESULT: {"using":"xpath","value":"//input[@id=\"application-managepartners-display-component---NewPartner--companyCodeComboBox-inner\"]"}
COMMAND: POST /session/0f1a76f034524fb81e132040000fab4c/element/f.B1FA83ECA557CC0058036F6FC01E2632.d.86170234E4E8B75BFFEF76BD90DF9733.e.1356/clear - {}
RESULT: {}
COMMAND: POST /session/0f1a76f034524fb81e132040000fab4c/element/f.B1FA83ECA557CC0058036F6FC01E2632.d.86170234E4E8B75BFFEF76BD90DF9733.e.1356/value - {"text":"1000"}
COMMAND: GET /session/0f1a76f034524fb81e132040000fab4c/screenshot - {}
RESULT: {"text":"1000"}
COMMAND: GET /session/0f1a76f034524fb81e132040000fab4c/screenshot - {}
RESULT: {}
RESULT: {}
COMMAND: POST /session/0f1a76f034524fb81e132040000fab4c/element - {"using":"xpath","value":"//li[.//span[text()= \"1000\"]]"}
RESULT: {"using":"xpath","value":"//li[.//span[text()= \"1000\"]]"}
COMMAND: POST /session/0f1a76f034524fb81e132040000fab4c/element/f.B1FA83ECA557CC0058036F6FC01E2632.d.86170234E4E8B75BFFEF76BD90DF9733.e.1568/click - {}
RESULT: {}
COMMAND: GET /session/0f1a76f034524fb81e132040000fab4c/screenshot - {}
RESULT: {}
COMMAND: POST /session/0f1a76f034524fb81e132040000fab4c/execute/async - {"script":"<script> [1562 bytes]","args":[{"selector":{"id":"application-managepartners-display-component---NewPartner--btnAddTableRow-img"},"wdio_ui5_key":"applicationmanagepartners-display-component---NewPartner--btnAddTableRow-img"}]}
RESULT: {"script":"<script> [1562 bytes]","args":[{"selector":{"id":"application-managepartners-display-component---NewPartner--btnAddTableRow-img"},"wdio_ui5_key":"applicationmanagepartners-display-component---NewPartner--btnAddTableRow-img"}]}
RESULT: undefined
COMMAND: POST /session/0f1a76f034524fb81e132040000fab4c/element - {"using":"xpath","value":"//*[@id=\"application-managepartners-display-component---NewPartner--btnAddTableRow-img\"]"}
RESULT: {"using":"xpath","value":"//*[@id=\"application-managepartners-display-component---NewPartner--btnAddTableRow-img\"]"}
COMMAND: POST /session/0f1a76f034524fb81e132040000fab4c/element/f.B1FA83ECA557CC0058036F6FC01E2632.d.86170234E4E8B75BFFEF76BD90DF9733.e.1569/click - {}
RESULT: {}
COMMAND: GET /session/0f1a76f034524fb81e132040000fab4c/screenshot - {}
RESULT: {}
COMMAND: POST /session/0f1a76f034524fb81e132040000fab4c/element - {"using":"xpath","value":"//input[@id=\"application-managepartners-display-component---NewPartner--assignmentYard-application-managepartners-display-component---NewPartner--assignmentsTable-0-inner\"]"}
RESULT: {"using":"xpath","value":"//input[@id=\"application-managepartners-display-component---NewPartner--assignmentYard-application-managepartners-display-component---NewPartner--assignmentsTable-0-inner\"]"}
COMMAND: POST /session/0f1a76f034524fb81e132040000fab4c/element/f.B1FA83ECA557CC0058036F6FC01E2632.d.86170234E4E8B75BFFEF76BD90DF9733.e.1572/clear - {}
RESULT: {}
COMMAND: POST /session/0f1a76f034524fb81e132040000fab4c/element/f.B1FA83ECA557CC0058036F6FC01E2632.d.86170234E4E8B75BFFEF76BD90DF9733.e.1572/value - {"text":"695"}
COMMAND: GET /session/0f1a76f034524fb81e132040000fab4c/screenshot - {}
RESULT: {"text":"695"}
COMMAND: GET /session/0f1a76f034524fb81e132040000fab4c/screenshot - {}
RESULT: {}
RESULT: {}
COMMAND: POST /session/0f1a76f034524fb81e132040000fab4c/element - {"using":"xpath","value":"//li[.//span[text()='695']]"}
RESULT: {"using":"xpath","value":"//li[.//span[text()='695']]"}
COMMAND: POST /session/0f1a76f034524fb81e132040000fab4c/element/f.B1FA83ECA557CC0058036F6FC01E2632.d.86170234E4E8B75BFFEF76BD90DF9733.e.1581/click - {}
RESULT: {}
COMMAND: GET /session/0f1a76f034524fb81e132040000fab4c/screenshot - {}
RESULT: {}
COMMAND: POST /session/0f1a76f034524fb81e132040000fab4c/actions - {"actions":[{"id":"action3","type":"key","parameters":{},"actions":[{"type":"keyDown","value":"î€‡"},{"type":"pause","duration":10},{"type":"keyUp","value":"î€‡"}]}]}
RESULT: {"actions":[{"id":"action3","type":"key","parameters":{},"actions":[{"type":"keyDown","value":"î€‡"},{"type":"pause","duration":10},{"type":"keyUp","value":"î€‡"}]}]}
COMMAND: POST /session/0f1a76f034524fb81e132040000fab4c/execute/async - {"script":"<script> [1562 bytes]","args":[{"selector":{"id":"application-managepartners-display-component---NewPartner--externalCustomerComboBox-application-managepartners-display-component---NewPartner--assignmentsTable-0-vhi"},"wdio_ui5_key":"applicationmanagepartners-display-component---NewPartner--externalCustomerComboBox-application-managepartners-display-component---NewPartner--assignmentsTable-0-vhi"}]}
COMMAND: GET /session/0f1a76f034524fb81e132040000fab4c/screenshot - {}
RESULT: {"script":"<script> [1562 bytes]","args":[{"selector":{"id":"application-managepartners-display-component---NewPartner--externalCustomerComboBox-application-managepartners-display-component---NewPartner--assignmentsTable-0-vhi"},"wdio_ui5_key":"applicationmanagepartners-display-component---NewPartner--externalCustomerComboBox-application-managepartners-display-component---NewPartner--assignmentsTable-0-vhi"}]}
RESULT: undefined
COMMAND: POST /session/0f1a76f034524fb81e132040000fab4c/element - {"using":"xpath","value":"//*[@id=\"application-managepartners-display-component---NewPartner--externalCustomerComboBox-application-managepartners-display-component---NewPartner--assignmentsTable-0-vhi\"]"}
RESULT: {}
RESULT: {"using":"xpath","value":"//*[@id=\"application-managepartners-display-component---NewPartner--externalCustomerComboBox-application-managepartners-display-component---NewPartner--assignmentsTable-0-vhi\"]"}
COMMAND: POST /session/0f1a76f034524fb81e132040000fab4c/element/f.B1FA83ECA557CC0058036F6FC01E2632.d.86170234E4E8B75BFFEF76BD90DF9733.e.1585/click - {}
RESULT: {}
RESULT: undefined
COMMAND: POST /session/0f1a76f034524fb81e132040000fab4c/execute/async - {"script":"<script> [776 bytes]","args":[{"enterText":"300003","selector":{"controlType":"sap.m.SearchField","properties":{"placeholder":"Search"},"searchOpenDialogs":true,"interaction":{"idSuffix":"I"}},"clearTextFirst":true,"interactionType":"ENTER_TEXT"}]}
COMMAND: GET /session/0f1a76f034524fb81e132040000fab4c/screenshot - {}
RESULT: {"script":"<script> [776 bytes]","args":[{"enterText":"300003","selector":{"controlType":"sap.m.SearchField","properties":{"placeholder":"Search"},"searchOpenDialogs":true,"interaction":{"idSuffix":"I"}},"clearTextFirst":true,"interactionType":"ENTER_TEXT"}]}
COMMAND: POST /session/0f1a76f034524fb81e132040000fab4c/actions - {"actions":[{"id":"action4","type":"key","parameters":{},"actions":[{"type":"keyDown","value":"î€‡"},{"type":"pause","duration":10},{"type":"keyUp","value":"î€‡"}]}]}
RESULT: {}
RESULT: {"actions":[{"id":"action4","type":"key","parameters":{},"actions":[{"type":"keyDown","value":"î€‡"},{"type":"pause","duration":10},{"type":"keyUp","value":"î€‡"}]}]}
COMMAND: GET /session/0f1a76f034524fb81e132040000fab4c/screenshot - {}
RESULT: {}
COMMAND: POST /session/0f1a76f034524fb81e132040000fab4c/element - {"using":"xpath","value":"//span[contains(text(), \"300003\")]"}
RESULT: {"using":"xpath","value":"//span[contains(text(), \"300003\")]"}
COMMAND: POST /session/0f1a76f034524fb81e132040000fab4c/element/f.B1FA83ECA557CC0058036F6FC01E2632.d.86170234E4E8B75BFFEF76BD90DF9733.e.1603/click - {}
RESULT: {}
COMMAND: GET /session/0f1a76f034524fb81e132040000fab4c/screenshot - {}
RESULT: {}
COMMAND: POST /session/0f1a76f034524fb81e132040000fab4c/element - {"using":"xpath","value":"//bdi[contains(text(), \"OK\")]"}
RESULT: {"using":"xpath","value":"//bdi[contains(text(), \"OK\")]"}
COMMAND: POST /session/0f1a76f034524fb81e132040000fab4c/element/f.B1FA83ECA557CC0058036F6FC01E2632.d.86170234E4E8B75BFFEF76BD90DF9733.e.1605/click - {}
RESULT: {}
COMMAND: GET /session/0f1a76f034524fb81e132040000fab4c/screenshot - {}
RESULT: {}
COMMAND: POST /session/0f1a76f034524fb81e132040000fab4c/execute/async - {"script":"<script> [1562 bytes]","args":[{"selector":{"id":"application-managepartners-display-component---NewPartner--intercompVendorComboBox-application-managepartners-display-component---NewPartner--assignmentsTable-0-vhi"},"wdio_ui5_key":"applicationmanagepartners-display-component---NewPartner--intercompVendorComboBox-application-managepartners-display-component---NewPartner--assignmentsTable-0-vhi"}]}
RESULT: {"script":"<script> [1562 bytes]","args":[{"selector":{"id":"application-managepartners-display-component---NewPartner--intercompVendorComboBox-application-managepartners-display-component---NewPartner--assignmentsTable-0-vhi"},"wdio_ui5_key":"applicationmanagepartners-display-component---NewPartner--intercompVendorComboBox-application-managepartners-display-component---NewPartner--assignmentsTable-0-vhi"}]}
RESULT: undefined
COMMAND: POST /session/0f1a76f034524fb81e132040000fab4c/element - {"using":"xpath","value":"//*[@id=\"application-managepartners-display-component---NewPartner--intercompVendorComboBox-application-managepartners-display-component---NewPartner--assignmentsTable-0-vhi\"]"}
RESULT: {"using":"xpath","value":"//*[@id=\"application-managepartners-display-component---NewPartner--intercompVendorComboBox-application-managepartners-display-component---NewPartner--assignmentsTable-0-vhi\"]"}
COMMAND: POST /session/0f1a76f034524fb81e132040000fab4c/element/f.B1FA83ECA557CC0058036F6FC01E2632.d.86170234E4E8B75BFFEF76BD90DF9733.e.1608/click - {}
RESULT: {}
RESULT: undefined
COMMAND: POST /session/0f1a76f034524fb81e132040000fab4c/execute/async - {"script":"<script> [776 bytes]","args":[{"enterText":"100005","selector":{"controlType":"sap.m.SearchField","properties":{"placeholder":"Search"},"searchOpenDialogs":true,"interaction":{"idSuffix":"I"}},"clearTextFirst":true,"interactionType":"ENTER_TEXT"}]}
COMMAND: GET /session/0f1a76f034524fb81e132040000fab4c/screenshot - {}
RESULT: {"script":"<script> [776 bytes]","args":[{"enterText":"100005","selector":{"controlType":"sap.m.SearchField","properties":{"placeholder":"Search"},"searchOpenDialogs":true,"interaction":{"idSuffix":"I"}},"clearTextFirst":true,"interactionType":"ENTER_TEXT"}]}
COMMAND: POST /session/0f1a76f034524fb81e132040000fab4c/actions - {"actions":[{"id":"action5","type":"key","parameters":{},"actions":[{"type":"keyDown","value":"î€‡"},{"type":"pause","duration":10},{"type":"keyUp","value":"î€‡"}]}]}
RESULT: {}
RESULT: {"actions":[{"id":"action5","type":"key","parameters":{},"actions":[{"type":"keyDown","value":"î€‡"},{"type":"pause","duration":10},{"type":"keyUp","value":"î€‡"}]}]}
COMMAND: GET /session/0f1a76f034524fb81e132040000fab4c/screenshot - {}
RESULT: {}
COMMAND: POST /session/0f1a76f034524fb81e132040000fab4c/element - {"using":"xpath","value":"//span[contains(text(), \"Penguins - Field/12345 Berlin\")]"}
RESULT: {"using":"xpath","value":"//span[contains(text(), \"Penguins - Field/12345 Berlin\")]"}
COMMAND: POST /session/0f1a76f034524fb81e132040000fab4c/element/f.B1FA83ECA557CC0058036F6FC01E2632.d.86170234E4E8B75BFFEF76BD90DF9733.e.1627/click - {}
RESULT: {}
COMMAND: GET /session/0f1a76f034524fb81e132040000fab4c/screenshot - {}
RESULT: {}
COMMAND: POST /session/0f1a76f034524fb81e132040000fab4c/element - {"using":"xpath","value":"//bdi[contains(text(), \"OK\")]"}
RESULT: {"using":"xpath","value":"//bdi[contains(text(), \"OK\")]"}
COMMAND: POST /session/0f1a76f034524fb81e132040000fab4c/element/f.B1FA83ECA557CC0058036F6FC01E2632.d.86170234E4E8B75BFFEF76BD90DF9733.e.1628/click - {}
RESULT: {}
COMMAND: GET /session/0f1a76f034524fb81e132040000fab4c/screenshot - {}
RESULT: {}
COMMAND: POST /session/0f1a76f034524fb81e132040000fab4c/element - {"using":"xpath","value":"//button[@data-kt=\"saveButton\"]"}
RESULT: {"using":"xpath","value":"//button[@data-kt=\"saveButton\"]"}
COMMAND: POST /session/0f1a76f034524fb81e132040000fab4c/element/f.B1FA83ECA557CC0058036F6FC01E2632.d.86170234E4E8B75BFFEF76BD90DF9733.e.1479/click - {}
RESULT: {}
COMMAND: GET /session/0f1a76f034524fb81e132040000fab4c/screenshot - {}
RESULT: {}
COMMAND: POST /session/0f1a76f034524fb81e132040000fab4c/element - {"using":"xpath","value":"//header[contains(@id, 'ObjectPageLayout-headerTitle')]/div[1]/div[2]/div[2]/span[1]"}
RESULT: {"using":"xpath","value":"//header[contains(@id, 'ObjectPageLayout-headerTitle')]/div[1]/div[2]/div[2]/span[1]"}
COMMAND: POST /session/0f1a76f034524fb81e132040000fab4c/elements - {"using":"xpath","value":"//header[contains(@id, 'ObjectPageLayout-headerTitle')]/div[1]/div[2]/div[2]/span[1]"}
RESULT: {"using":"xpath","value":"//header[contains(@id, 'ObjectPageLayout-headerTitle')]/div[1]/div[2]/div[2]/span[1]"}
COMMAND: POST /session/0f1a76f034524fb81e132040000fab4c/execute/sync - {"script":"<script> [56 bytes]","args":[{"element-6066-11e4-a52e-4f735466cecf":"f.B1FA83ECA557CC0058036F6FC01E2632.d.86170234E4E8B75BFFEF76BD90DF9733.e.1791","ELEMENT":"f.B1FA83ECA557CC0058036F6FC01E2632.d.86170234E4E8B75BFFEF76BD90DF9733.e.1791"}]}
RESULT: {"script":"<script> [56 bytes]","args":[{"element-6066-11e4-a52e-4f735466cecf":"f.B1FA83ECA557CC0058036F6FC01E2632.d.86170234E4E8B75BFFEF76BD90DF9733.e.1791","ELEMENT":"f.B1FA83ECA557CC0058036F6FC01E2632.d.86170234E4E8B75BFFEF76BD90DF9733.e.1791"}]}
COMMAND: POST /session/0f1a76f034524fb81e132040000fab4c/element - {"using":"css selector","value":"#shell-header-logo"}
COMMAND: GET /session/0f1a76f034524fb81e132040000fab4c/screenshot - {}
RESULT: {"using":"css selector","value":"#shell-header-logo"}
COMMAND: POST /session/0f1a76f034524fb81e132040000fab4c/element/f.B1FA83ECA557CC0058036F6FC01E2632.d.86170234E4E8B75BFFEF76BD90DF9733.e.1010/click - {}
RESULT: {}
RESULT: {}
COMMAND: GET /session/0f1a76f034524fb81e132040000fab4c/screenshot - {}
RESULT: {}
COMMAND: POST /session/0f1a76f034524fb81e132040000fab4c/execute/sync - {"script":"<script> [299 bytes]","args":[["getModel","getResource"]]}
RESULT: {"script":"<script> [299 bytes]","args":[["getModel","getResource"]]}
COMMAND: GET /session/0f1a76f034524fb81e132040000fab4c/screenshot - {}
]]></system-out>
    </testcase>
    <testcase classname="chrome.137_0_7151_69.windows.Tests_for_Mass_State_Change_on_Manage_States_&amp;_Performances_US104416_US" name="Prereq Should create a new site" time="101.338">
      <system-out><![CDATA[
COMMAND: POST /session/0f1a76f034524fb81e132040000fab4c/execute/async - {"script":"<script> [1562 bytes]","args":[{"selector":{"controlType":"sap.m.GenericTile","properties":{"header":"Manage Sites"}},"wdio_ui5_key":"sapm.GenericTile{\"header\":\"Manage Sites\"}"}]}
RESULT: {"script":"<script> [1562 bytes]","args":[{"selector":{"controlType":"sap.m.GenericTile","properties":{"header":"Manage Sites"}},"wdio_ui5_key":"sapm.GenericTile{\"header\":\"Manage Sites\"}"}]}
RESULT: undefined
COMMAND: POST /session/0f1a76f034524fb81e132040000fab4c/element - {"using":"xpath","value":"//*[@id=\"__tile40\"]"}
RESULT: {}
RESULT: {"using":"xpath","value":"//*[@id=\"__tile40\"]"}
COMMAND: POST /session/0f1a76f034524fb81e132040000fab4c/element/f.B1FA83ECA557CC0058036F6FC01E2632.d.86170234E4E8B75BFFEF76BD90DF9733.e.162/click - {}
RESULT: {}
COMMAND: GET /session/0f1a76f034524fb81e132040000fab4c/screenshot - {}
RESULT: {}
COMMAND: POST /session/0f1a76f034524fb81e132040000fab4c/elements - {"using":"xpath","value":"//span[text()='Error']"}
RESULT: {"using":"xpath","value":"//span[text()='Error']"}
COMMAND: POST /session/0f1a76f034524fb81e132040000fab4c/element - {"using":"xpath","value":"//button[@data-kt=\"addOverflowToolbarButton\"]"}
RESULT: {"using":"xpath","value":"//button[@data-kt=\"addOverflowToolbarButton\"]"}
COMMAND: POST /session/0f1a76f034524fb81e132040000fab4c/elements - {"using":"xpath","value":"//button[@data-kt=\"addOverflowToolbarButton\"]"}
RESULT: {"using":"xpath","value":"//button[@data-kt=\"addOverflowToolbarButton\"]"}
COMMAND: POST /session/0f1a76f034524fb81e132040000fab4c/execute/sync - {"script":"<script> [8489 bytes]","args":[{"element-6066-11e4-a52e-4f735466cecf":"f.B1FA83ECA557CC0058036F6FC01E2632.d.86170234E4E8B75BFFEF76BD90DF9733.e.1838","ELEMENT":"f.B1FA83ECA557CC0058036F6FC01E2632.d.86170234E4E8B75BFFEF76BD90DF9733.e.1838"}]}
RESULT: {"script":"<script> [8489 bytes]","args":[{"element-6066-11e4-a52e-4f735466cecf":"f.B1FA83ECA557CC0058036F6FC01E2632.d.86170234E4E8B75BFFEF76BD90DF9733.e.1838","ELEMENT":"f.B1FA83ECA557CC0058036F6FC01E2632.d.86170234E4E8B75BFFEF76BD90DF9733.e.1838"}]}
COMMAND: GET /session/0f1a76f034524fb81e132040000fab4c/element/f.B1FA83ECA557CC0058036F6FC01E2632.d.86170234E4E8B75BFFEF76BD90DF9733.e.1838/enabled - {}
COMMAND: GET /session/0f1a76f034524fb81e132040000fab4c/screenshot - {}
RESULT: {}
COMMAND: POST /session/0f1a76f034524fb81e132040000fab4c/execute/sync - {"script":"<script> [8489 bytes]","args":[{"element-6066-11e4-a52e-4f735466cecf":"f.B1FA83ECA557CC0058036F6FC01E2632.d.86170234E4E8B75BFFEF76BD90DF9733.e.1838","ELEMENT":"f.B1FA83ECA557CC0058036F6FC01E2632.d.86170234E4E8B75BFFEF76BD90DF9733.e.1838"}]}
COMMAND: GET /session/0f1a76f034524fb81e132040000fab4c/screenshot - {}
RESULT: {}
RESULT: {"script":"<script> [8489 bytes]","args":[{"element-6066-11e4-a52e-4f735466cecf":"f.B1FA83ECA557CC0058036F6FC01E2632.d.86170234E4E8B75BFFEF76BD90DF9733.e.1838","ELEMENT":"f.B1FA83ECA557CC0058036F6FC01E2632.d.86170234E4E8B75BFFEF76BD90DF9733.e.1838"}]}
COMMAND: POST /session/0f1a76f034524fb81e132040000fab4c/execute/sync - {"script":"<script> [5351 bytes]","args":[{"element-6066-11e4-a52e-4f735466cecf":"f.B1FA83ECA557CC0058036F6FC01E2632.d.86170234E4E8B75BFFEF76BD90DF9733.e.1838","ELEMENT":"f.B1FA83ECA557CC0058036F6FC01E2632.d.86170234E4E8B75BFFEF76BD90DF9733.e.1838"}]}
COMMAND: GET /session/0f1a76f034524fb81e132040000fab4c/screenshot - {}
RESULT: {}
RESULT: {"script":"<script> [5351 bytes]","args":[{"element-6066-11e4-a52e-4f735466cecf":"f.B1FA83ECA557CC0058036F6FC01E2632.d.86170234E4E8B75BFFEF76BD90DF9733.e.1838","ELEMENT":"f.B1FA83ECA557CC0058036F6FC01E2632.d.86170234E4E8B75BFFEF76BD90DF9733.e.1838"}]}
COMMAND: POST /session/0f1a76f034524fb81e132040000fab4c/element/f.B1FA83ECA557CC0058036F6FC01E2632.d.86170234E4E8B75BFFEF76BD90DF9733.e.1838/click - {}
COMMAND: GET /session/0f1a76f034524fb81e132040000fab4c/screenshot - {}
RESULT: {}
RESULT: {}
COMMAND: GET /session/0f1a76f034524fb81e132040000fab4c/screenshot - {}
COMMAND: POST /session/0f1a76f034524fb81e132040000fab4c/element - {"using":"xpath","value":"//input[@id=\"application-managesites-display-component---NewSite--siteId-inner\"]"}
RESULT: {}
RESULT: {}
RESULT: {"using":"xpath","value":"//input[@id=\"application-managesites-display-component---NewSite--siteId-inner\"]"}
COMMAND: POST /session/0f1a76f034524fb81e132040000fab4c/element - {"using":"xpath","value":"//input[@id=\"application-managesites-display-component---NewSite--siteId-inner\"]"}
RESULT: {"using":"xpath","value":"//input[@id=\"application-managesites-display-component---NewSite--siteId-inner\"]"}
COMMAND: POST /session/0f1a76f034524fb81e132040000fab4c/execute/async - {"script":"<script> [1562 bytes]","args":[{"selector":{"id":"application-managesites-display-component---NewSite--addressDetailDetailsName1","interaction":{"idSuffix":"inner"}},"wdio_ui5_key":"applicationmanagesites-display-component---NewSite--addressDetailDetailsName1"}]}
RESULT: {"script":"<script> [1562 bytes]","args":[{"selector":{"id":"application-managesites-display-component---NewSite--addressDetailDetailsName1","interaction":{"idSuffix":"inner"}},"wdio_ui5_key":"applicationmanagesites-display-component---NewSite--addressDetailDetailsName1"}]}
RESULT: undefined
COMMAND: POST /session/0f1a76f034524fb81e132040000fab4c/execute/async - {"script":"<script> [776 bytes]","args":[{"enterText":"Intracompany Site wdIO","selector":{"id":"application-managesites-display-component---NewSite--addressDetailDetailsName1","interaction":{"idSuffix":"inner"}},"clearTextFirst":true,"interactionType":"ENTER_TEXT"}]}
RESULT: {"script":"<script> [776 bytes]","args":[{"enterText":"Intracompany Site wdIO","selector":{"id":"application-managesites-display-component---NewSite--addressDetailDetailsName1","interaction":{"idSuffix":"inner"}},"clearTextFirst":true,"interactionType":"ENTER_TEXT"}]}
COMMAND: POST /session/0f1a76f034524fb81e132040000fab4c/execute/async - {"script":"<script> [1562 bytes]","args":[{"selector":{"id":"application-managesites-display-component---NewSite--addressDetailDetailsLanguage-arrow"},"wdio_ui5_key":"applicationmanagesites-display-component---NewSite--addressDetailDetailsLanguage-arrow"}]}
RESULT: {"script":"<script> [1562 bytes]","args":[{"selector":{"id":"application-managesites-display-component---NewSite--addressDetailDetailsLanguage-arrow"},"wdio_ui5_key":"applicationmanagesites-display-component---NewSite--addressDetailDetailsLanguage-arrow"}]}
RESULT: undefined
COMMAND: POST /session/0f1a76f034524fb81e132040000fab4c/element - {"using":"xpath","value":"//*[@id=\"application-managesites-display-component---NewSite--addressDetailDetailsLanguage-arrow\"]"}
RESULT: {"using":"xpath","value":"//*[@id=\"application-managesites-display-component---NewSite--addressDetailDetailsLanguage-arrow\"]"}
COMMAND: POST /session/0f1a76f034524fb81e132040000fab4c/element/f.B1FA83ECA557CC0058036F6FC01E2632.d.86170234E4E8B75BFFEF76BD90DF9733.e.2247/click - {}
RESULT: {}
COMMAND: POST /session/0f1a76f034524fb81e132040000fab4c/element - {"using":"xpath","value":"//span[contains(text(), \"English\")]"}
COMMAND: GET /session/0f1a76f034524fb81e132040000fab4c/screenshot - {}
RESULT: {"using":"xpath","value":"//span[contains(text(), \"English\")]"}
COMMAND: POST /session/0f1a76f034524fb81e132040000fab4c/element/f.B1FA83ECA557CC0058036F6FC01E2632.d.86170234E4E8B75BFFEF76BD90DF9733.e.2248/click - {}
RESULT: {}
RESULT: {}
COMMAND: POST /session/0f1a76f034524fb81e132040000fab4c/execute/async - {"script":"<script> [1562 bytes]","args":[{"selector":{"id":"application-managesites-display-component---NewSite--addressDetailDetailsCity1","interaction":{"idSuffix":"inner"}},"wdio_ui5_key":"applicationmanagesites-display-component---NewSite--addressDetailDetailsCity1"}]}
COMMAND: GET /session/0f1a76f034524fb81e132040000fab4c/screenshot - {}
RESULT: {"script":"<script> [1562 bytes]","args":[{"selector":{"id":"application-managesites-display-component---NewSite--addressDetailDetailsCity1","interaction":{"idSuffix":"inner"}},"wdio_ui5_key":"applicationmanagesites-display-component---NewSite--addressDetailDetailsCity1"}]}
RESULT: undefined
COMMAND: POST /session/0f1a76f034524fb81e132040000fab4c/execute/async - {"script":"<script> [776 bytes]","args":[{"enterText":"Rosario","selector":{"id":"application-managesites-display-component---NewSite--addressDetailDetailsCity1","interaction":{"idSuffix":"inner"}},"clearTextFirst":true,"interactionType":"ENTER_TEXT"}]}
RESULT: {}
RESULT: {"script":"<script> [776 bytes]","args":[{"enterText":"Rosario","selector":{"id":"application-managesites-display-component---NewSite--addressDetailDetailsCity1","interaction":{"idSuffix":"inner"}},"clearTextFirst":true,"interactionType":"ENTER_TEXT"}]}
COMMAND: POST /session/0f1a76f034524fb81e132040000fab4c/execute/async - {"script":"<script> [1562 bytes]","args":[{"selector":{"id":"application-managesites-display-component---NewSite--addressDetailDetailsCountry-arrow"},"wdio_ui5_key":"applicationmanagesites-display-component---NewSite--addressDetailDetailsCountry-arrow"}]}
RESULT: {"script":"<script> [1562 bytes]","args":[{"selector":{"id":"application-managesites-display-component---NewSite--addressDetailDetailsCountry-arrow"},"wdio_ui5_key":"applicationmanagesites-display-component---NewSite--addressDetailDetailsCountry-arrow"}]}
RESULT: undefined
COMMAND: POST /session/0f1a76f034524fb81e132040000fab4c/element - {"using":"xpath","value":"//*[@id=\"application-managesites-display-component---NewSite--addressDetailDetailsCountry-arrow\"]"}
RESULT: {"using":"xpath","value":"//*[@id=\"application-managesites-display-component---NewSite--addressDetailDetailsCountry-arrow\"]"}
COMMAND: POST /session/0f1a76f034524fb81e132040000fab4c/element/f.B1FA83ECA557CC0058036F6FC01E2632.d.86170234E4E8B75BFFEF76BD90DF9733.e.2250/click - {}
RESULT: {}
COMMAND: POST /session/0f1a76f034524fb81e132040000fab4c/element - {"using":"xpath","value":"//span[contains(text(), \"Argentina\")]"}
COMMAND: GET /session/0f1a76f034524fb81e132040000fab4c/screenshot - {}
RESULT: {"using":"xpath","value":"//span[contains(text(), \"Argentina\")]"}
COMMAND: POST /session/0f1a76f034524fb81e132040000fab4c/element/f.B1FA83ECA557CC0058036F6FC01E2632.d.86170234E4E8B75BFFEF76BD90DF9733.e.2251/click - {}
RESULT: {}
RESULT: {}
COMMAND: GET /session/0f1a76f034524fb81e132040000fab4c/screenshot - {}
RESULT: {}
COMMAND: POST /session/0f1a76f034524fb81e132040000fab4c/execute/async - {"script":"<script> [1562 bytes]","args":[{"selector":{"id":"application-managesites-display-component---NewSite--addressEditDetailsCostObjectCstType-arrow"},"wdio_ui5_key":"applicationmanagesites-display-component---NewSite--addressEditDetailsCostObjectCstType-arrow"}]}
RESULT: {"script":"<script> [1562 bytes]","args":[{"selector":{"id":"application-managesites-display-component---NewSite--addressEditDetailsCostObjectCstType-arrow"},"wdio_ui5_key":"applicationmanagesites-display-component---NewSite--addressEditDetailsCostObjectCstType-arrow"}]}
RESULT: undefined
COMMAND: POST /session/0f1a76f034524fb81e132040000fab4c/element - {"using":"xpath","value":"//*[@id=\"application-managesites-display-component---NewSite--addressEditDetailsCostObjectCstType-arrow\"]"}
RESULT: {"using":"xpath","value":"//*[@id=\"application-managesites-display-component---NewSite--addressEditDetailsCostObjectCstType-arrow\"]"}
COMMAND: POST /session/0f1a76f034524fb81e132040000fab4c/element/f.B1FA83ECA557CC0058036F6FC01E2632.d.86170234E4E8B75BFFEF76BD90DF9733.e.2253/click - {}
RESULT: {}
COMMAND: POST /session/0f1a76f034524fb81e132040000fab4c/element - {"using":"xpath","value":"//span[contains(text(), \"Cost Center\")]"}
COMMAND: GET /session/0f1a76f034524fb81e132040000fab4c/screenshot - {}
RESULT: {"using":"xpath","value":"//span[contains(text(), \"Cost Center\")]"}
COMMAND: POST /session/0f1a76f034524fb81e132040000fab4c/element/f.B1FA83ECA557CC0058036F6FC01E2632.d.86170234E4E8B75BFFEF76BD90DF9733.e.2255/click - {}
RESULT: {}
RESULT: {}
COMMAND: GET /session/0f1a76f034524fb81e132040000fab4c/screenshot - {}
RESULT: {}
COMMAND: POST /session/0f1a76f034524fb81e132040000fab4c/element - {"using":"xpath","value":"//span[@id=\"application-managesites-display-component---NewSite--addressNewCostObjectCstID-vhi\"]"}
RESULT: {"using":"xpath","value":"//span[@id=\"application-managesites-display-component---NewSite--addressNewCostObjectCstID-vhi\"]"}
COMMAND: POST /session/0f1a76f034524fb81e132040000fab4c/execute/sync - {"script":"<script> [8489 bytes]","args":[{"element-6066-11e4-a52e-4f735466cecf":"f.B1FA83ECA557CC0058036F6FC01E2632.d.86170234E4E8B75BFFEF76BD90DF9733.e.2259","ELEMENT":"f.B1FA83ECA557CC0058036F6FC01E2632.d.86170234E4E8B75BFFEF76BD90DF9733.e.2259"}]}
RESULT: {"script":"<script> [8489 bytes]","args":[{"element-6066-11e4-a52e-4f735466cecf":"f.B1FA83ECA557CC0058036F6FC01E2632.d.86170234E4E8B75BFFEF76BD90DF9733.e.2259","ELEMENT":"f.B1FA83ECA557CC0058036F6FC01E2632.d.86170234E4E8B75BFFEF76BD90DF9733.e.2259"}]}
COMMAND: POST /session/0f1a76f034524fb81e132040000fab4c/execute/async - {"script":"<script> [1562 bytes]","args":[{"selector":{"id":"application-managesites-display-component---NewSite--addressNewCostObjectCstID-vhi"},"wdio_ui5_key":"applicationmanagesites-display-component---NewSite--addressNewCostObjectCstID-vhi"}]}
COMMAND: GET /session/0f1a76f034524fb81e132040000fab4c/screenshot - {}
RESULT: {"script":"<script> [1562 bytes]","args":[{"selector":{"id":"application-managesites-display-component---NewSite--addressNewCostObjectCstID-vhi"},"wdio_ui5_key":"applicationmanagesites-display-component---NewSite--addressNewCostObjectCstID-vhi"}]}
RESULT: undefined
COMMAND: POST /session/0f1a76f034524fb81e132040000fab4c/element - {"using":"xpath","value":"//*[@id=\"application-managesites-display-component---NewSite--addressNewCostObjectCstID-vhi\"]"}
RESULT: {}
RESULT: {"using":"xpath","value":"//*[@id=\"application-managesites-display-component---NewSite--addressNewCostObjectCstID-vhi\"]"}
COMMAND: POST /session/0f1a76f034524fb81e132040000fab4c/element/f.B1FA83ECA557CC0058036F6FC01E2632.d.86170234E4E8B75BFFEF76BD90DF9733.e.2259/click - {}
RESULT: {}
COMMAND: GET /session/0f1a76f034524fb81e132040000fab4c/screenshot - {}
RESULT: {}
RESULT: undefined
COMMAND: POST /session/0f1a76f034524fb81e132040000fab4c/execute/async - {"script":"<script> [776 bytes]","args":[{"enterText":"10001013","selector":{"controlType":"sap.m.SearchField","properties":{"placeholder":"Search"},"searchOpenDialogs":true,"interaction":{"idSuffix":"I"}},"clearTextFirst":true,"interactionType":"ENTER_TEXT"}]}
RESULT: {"script":"<script> [776 bytes]","args":[{"enterText":"10001013","selector":{"controlType":"sap.m.SearchField","properties":{"placeholder":"Search"},"searchOpenDialogs":true,"interaction":{"idSuffix":"I"}},"clearTextFirst":true,"interactionType":"ENTER_TEXT"}]}
COMMAND: POST /session/0f1a76f034524fb81e132040000fab4c/actions - {"actions":[{"id":"action6","type":"key","parameters":{},"actions":[{"type":"keyDown","value":"î€‡"},{"type":"pause","duration":10},{"type":"keyUp","value":"î€‡"}]}]}
RESULT: {"actions":[{"id":"action6","type":"key","parameters":{},"actions":[{"type":"keyDown","value":"î€‡"},{"type":"pause","duration":10},{"type":"keyUp","value":"î€‡"}]}]}
COMMAND: GET /session/0f1a76f034524fb81e132040000fab4c/screenshot - {}
RESULT: {}
COMMAND: POST /session/0f1a76f034524fb81e132040000fab4c/element - {"using":"xpath","value":"//span[contains(text(), \"General Management\")]"}
RESULT: {"using":"xpath","value":"//span[contains(text(), \"General Management\")]"}
COMMAND: POST /session/0f1a76f034524fb81e132040000fab4c/element/f.B1FA83ECA557CC0058036F6FC01E2632.d.86170234E4E8B75BFFEF76BD90DF9733.e.2298/click - {}
RESULT: {}
COMMAND: GET /session/0f1a76f034524fb81e132040000fab4c/screenshot - {}
RESULT: {}
COMMAND: POST /session/0f1a76f034524fb81e132040000fab4c/element - {"using":"xpath","value":"//bdi[contains(text(), \"OK\")]"}
RESULT: {"using":"xpath","value":"//bdi[contains(text(), \"OK\")]"}
COMMAND: POST /session/0f1a76f034524fb81e132040000fab4c/element/f.B1FA83ECA557CC0058036F6FC01E2632.d.86170234E4E8B75BFFEF76BD90DF9733.e.2299/click - {}
RESULT: {}
COMMAND: GET /session/0f1a76f034524fb81e132040000fab4c/screenshot - {}
RESULT: {}
COMMAND: POST /session/0f1a76f034524fb81e132040000fab4c/element - {"using":"xpath","value":"//input[@id=\"application-managesites-display-component---NewSite--addressDetailDetailsCalendar-inner\"]"}
RESULT: {"using":"xpath","value":"//input[@id=\"application-managesites-display-component---NewSite--addressDetailDetailsCalendar-inner\"]"}
COMMAND: POST /session/0f1a76f034524fb81e132040000fab4c/element/f.B1FA83ECA557CC0058036F6FC01E2632.d.86170234E4E8B75BFFEF76BD90DF9733.e.2041/clear - {}
RESULT: {}
COMMAND: POST /session/0f1a76f034524fb81e132040000fab4c/element/f.B1FA83ECA557CC0058036F6FC01E2632.d.86170234E4E8B75BFFEF76BD90DF9733.e.2041/value - {"text":"Unit"}
COMMAND: GET /session/0f1a76f034524fb81e132040000fab4c/screenshot - {}
RESULT: {"text":"Unit"}
COMMAND: GET /session/0f1a76f034524fb81e132040000fab4c/screenshot - {}
RESULT: {}
RESULT: {}
COMMAND: POST /session/0f1a76f034524fb81e132040000fab4c/actions - {"actions":[{"id":"action7","type":"key","parameters":{},"actions":[{"type":"keyDown","value":"î€‡"},{"type":"pause","duration":10},{"type":"keyUp","value":"î€‡"}]}]}
RESULT: {"actions":[{"id":"action7","type":"key","parameters":{},"actions":[{"type":"keyDown","value":"î€‡"},{"type":"pause","duration":10},{"type":"keyUp","value":"î€‡"}]}]}
COMMAND: POST /session/0f1a76f034524fb81e132040000fab4c/element - {"using":"xpath","value":"//input[@id=\"application-managesites-display-component---NewSite--addressDetailDetailsYard-inner\"]"}
COMMAND: GET /session/0f1a76f034524fb81e132040000fab4c/screenshot - {}
RESULT: {"using":"xpath","value":"//input[@id=\"application-managesites-display-component---NewSite--addressDetailDetailsYard-inner\"]"}
COMMAND: POST /session/0f1a76f034524fb81e132040000fab4c/element/f.B1FA83ECA557CC0058036F6FC01E2632.d.86170234E4E8B75BFFEF76BD90DF9733.e.2042/clear - {}
RESULT: {}
RESULT: {}
COMMAND: POST /session/0f1a76f034524fb81e132040000fab4c/element/f.B1FA83ECA557CC0058036F6FC01E2632.d.86170234E4E8B75BFFEF76BD90DF9733.e.2042/value - {"text":"695"}
COMMAND: GET /session/0f1a76f034524fb81e132040000fab4c/screenshot - {}
RESULT: {"text":"695"}
COMMAND: GET /session/0f1a76f034524fb81e132040000fab4c/screenshot - {}
RESULT: {}
RESULT: {}
COMMAND: POST /session/0f1a76f034524fb81e132040000fab4c/element - {"using":"xpath","value":"//li[.//span[text()='695']]"}
RESULT: {"using":"xpath","value":"//li[.//span[text()='695']]"}
COMMAND: POST /session/0f1a76f034524fb81e132040000fab4c/element/f.B1FA83ECA557CC0058036F6FC01E2632.d.86170234E4E8B75BFFEF76BD90DF9733.e.2307/click - {}
RESULT: {}
COMMAND: GET /session/0f1a76f034524fb81e132040000fab4c/screenshot - {}
RESULT: {}
COMMAND: POST /session/0f1a76f034524fb81e132040000fab4c/element - {"using":"xpath","value":"//input[@id=\"application-managesites-display-component---NewSite--addressDetailDetailsPartner-inner\"]"}
RESULT: {"using":"xpath","value":"//input[@id=\"application-managesites-display-component---NewSite--addressDetailDetailsPartner-inner\"]"}
COMMAND: POST /session/0f1a76f034524fb81e132040000fab4c/element - {"using":"xpath","value":"//input[@id=\"application-managesites-display-component---NewSite--addressDetailDetailsPartner-inner\"]"}
RESULT: {"using":"xpath","value":"//input[@id=\"application-managesites-display-component---NewSite--addressDetailDetailsPartner-inner\"]"}
COMMAND: POST /session/0f1a76f034524fb81e132040000fab4c/element - {"using":"xpath","value":"//button[@data-kt=\"saveButton\"]"}
RESULT: {"using":"xpath","value":"//button[@data-kt=\"saveButton\"]"}
COMMAND: POST /session/0f1a76f034524fb81e132040000fab4c/element/f.B1FA83ECA557CC0058036F6FC01E2632.d.86170234E4E8B75BFFEF76BD90DF9733.e.2240/click - {}
RESULT: {}
COMMAND: GET /session/0f1a76f034524fb81e132040000fab4c/screenshot - {}
COMMAND: POST /session/0f1a76f034524fb81e132040000fab4c/element - {"using":"xpath","value":"//header[contains(@id, 'ObjectPageLayout-headerTitle')]/div[1]/div[2]/div[2]/span[1]"}
RESULT: {}
RESULT: {"using":"xpath","value":"//header[contains(@id, 'ObjectPageLayout-headerTitle')]/div[1]/div[2]/div[2]/span[1]"}
COMMAND: POST /session/0f1a76f034524fb81e132040000fab4c/elements - {"using":"xpath","value":"//header[contains(@id, 'ObjectPageLayout-headerTitle')]/div[1]/div[2]/div[2]/span[1]"}
RESULT: {"using":"xpath","value":"//header[contains(@id, 'ObjectPageLayout-headerTitle')]/div[1]/div[2]/div[2]/span[1]"}
COMMAND: POST /session/0f1a76f034524fb81e132040000fab4c/execute/sync - {"script":"<script> [56 bytes]","args":[{"element-6066-11e4-a52e-4f735466cecf":"f.B1FA83ECA557CC0058036F6FC01E2632.d.86170234E4E8B75BFFEF76BD90DF9733.e.2516","ELEMENT":"f.B1FA83ECA557CC0058036F6FC01E2632.d.86170234E4E8B75BFFEF76BD90DF9733.e.2516"}]}
RESULT: {"script":"<script> [56 bytes]","args":[{"element-6066-11e4-a52e-4f735466cecf":"f.B1FA83ECA557CC0058036F6FC01E2632.d.86170234E4E8B75BFFEF76BD90DF9733.e.2516","ELEMENT":"f.B1FA83ECA557CC0058036F6FC01E2632.d.86170234E4E8B75BFFEF76BD90DF9733.e.2516"}]}
COMMAND: POST /session/0f1a76f034524fb81e132040000fab4c/element - {"using":"css selector","value":"#shell-header-logo"}
COMMAND: GET /session/0f1a76f034524fb81e132040000fab4c/screenshot - {}
RESULT: {"using":"css selector","value":"#shell-header-logo"}
COMMAND: POST /session/0f1a76f034524fb81e132040000fab4c/element/f.B1FA83ECA557CC0058036F6FC01E2632.d.86170234E4E8B75BFFEF76BD90DF9733.e.1796/click - {}
RESULT: {}
RESULT: {}
COMMAND: GET /session/0f1a76f034524fb81e132040000fab4c/screenshot - {}
RESULT: {}
COMMAND: POST /session/0f1a76f034524fb81e132040000fab4c/execute/sync - {"script":"<script> [299 bytes]","args":[["getModel","getResource"]]}
RESULT: {"script":"<script> [299 bytes]","args":[["getModel","getResource"]]}
]]></system-out>
    </testcase>
    <testcase classname="chrome.137_0_7151_69.windows.Tests_for_Mass_State_Change_on_Manage_States_&amp;_Performances_US104416_US" name="Prereq Should create a new equipment multipart" time="140.168">
      <system-out><![CDATA[
COMMAND: POST /session/0f1a76f034524fb81e132040000fab4c/execute/async - {"script":"<script> [1562 bytes]","args":[{"selector":{"controlType":"sap.m.GenericTile","properties":{"header":"Manage Resources"}},"wdio_ui5_key":"sapm.GenericTile{\"header\":\"Manage Resources\"}"}]}
COMMAND: GET /session/0f1a76f034524fb81e132040000fab4c/screenshot - {}
RESULT: {"script":"<script> [1562 bytes]","args":[{"selector":{"controlType":"sap.m.GenericTile","properties":{"header":"Manage Resources"}},"wdio_ui5_key":"sapm.GenericTile{\"header\":\"Manage Resources\"}"}]}
RESULT: undefined
COMMAND: POST /session/0f1a76f034524fb81e132040000fab4c/element - {"using":"xpath","value":"//*[@id=\"__tile39\"]"}
RESULT: {}
RESULT: {"using":"xpath","value":"//*[@id=\"__tile39\"]"}
COMMAND: POST /session/0f1a76f034524fb81e132040000fab4c/element/f.B1FA83ECA557CC0058036F6FC01E2632.d.86170234E4E8B75BFFEF76BD90DF9733.e.159/click - {}
RESULT: {}
COMMAND: GET /session/0f1a76f034524fb81e132040000fab4c/screenshot - {}
RESULT: {}
COMMAND: POST /session/0f1a76f034524fb81e132040000fab4c/elements - {"using":"xpath","value":"//span[text()='Error']"}
RESULT: {"using":"xpath","value":"//span[text()='Error']"}
COMMAND: POST /session/0f1a76f034524fb81e132040000fab4c/element - {"using":"xpath","value":"//button[@data-kt=\"addNewRUOverflowToolbarButton\"]"}
RESULT: {"using":"xpath","value":"//button[@data-kt=\"addNewRUOverflowToolbarButton\"]"}
COMMAND: POST /session/0f1a76f034524fb81e132040000fab4c/elements - {"using":"xpath","value":"//button[@data-kt=\"addNewRUOverflowToolbarButton\"]"}
RESULT: {"using":"xpath","value":"//button[@data-kt=\"addNewRUOverflowToolbarButton\"]"}
COMMAND: POST /session/0f1a76f034524fb81e132040000fab4c/elements - {"using":"xpath","value":"//button[@data-kt=\"addNewRUOverflowToolbarButton\"]"}
RESULT: {"using":"xpath","value":"//button[@data-kt=\"addNewRUOverflowToolbarButton\"]"}
COMMAND: POST /session/0f1a76f034524fb81e132040000fab4c/element - {"using":"xpath","value":"//button[@data-kt=\"addNewRUOverflowToolbarButton\"]"}
RESULT: {"using":"xpath","value":"//button[@data-kt=\"addNewRUOverflowToolbarButton\"]"}
COMMAND: POST /session/0f1a76f034524fb81e132040000fab4c/execute/sync - {"script":"<script> [8489 bytes]","args":[{"element-6066-11e4-a52e-4f735466cecf":"f.B1FA83ECA557CC0058036F6FC01E2632.d.86170234E4E8B75BFFEF76BD90DF9733.e.2548","ELEMENT":"f.B1FA83ECA557CC0058036F6FC01E2632.d.86170234E4E8B75BFFEF76BD90DF9733.e.2548"}]}
RESULT: {"script":"<script> [8489 bytes]","args":[{"element-6066-11e4-a52e-4f735466cecf":"f.B1FA83ECA557CC0058036F6FC01E2632.d.86170234E4E8B75BFFEF76BD90DF9733.e.2548","ELEMENT":"f.B1FA83ECA557CC0058036F6FC01E2632.d.86170234E4E8B75BFFEF76BD90DF9733.e.2548"}]}
COMMAND: GET /session/0f1a76f034524fb81e132040000fab4c/element/f.B1FA83ECA557CC0058036F6FC01E2632.d.86170234E4E8B75BFFEF76BD90DF9733.e.2548/enabled - {}
COMMAND: GET /session/0f1a76f034524fb81e132040000fab4c/screenshot - {}
RESULT: {}
COMMAND: POST /session/0f1a76f034524fb81e132040000fab4c/execute/sync - {"script":"<script> [8489 bytes]","args":[{"element-6066-11e4-a52e-4f735466cecf":"f.B1FA83ECA557CC0058036F6FC01E2632.d.86170234E4E8B75BFFEF76BD90DF9733.e.2548","ELEMENT":"f.B1FA83ECA557CC0058036F6FC01E2632.d.86170234E4E8B75BFFEF76BD90DF9733.e.2548"}]}
COMMAND: GET /session/0f1a76f034524fb81e132040000fab4c/screenshot - {}
RESULT: {}
RESULT: {"script":"<script> [8489 bytes]","args":[{"element-6066-11e4-a52e-4f735466cecf":"f.B1FA83ECA557CC0058036F6FC01E2632.d.86170234E4E8B75BFFEF76BD90DF9733.e.2548","ELEMENT":"f.B1FA83ECA557CC0058036F6FC01E2632.d.86170234E4E8B75BFFEF76BD90DF9733.e.2548"}]}
COMMAND: POST /session/0f1a76f034524fb81e132040000fab4c/execute/sync - {"script":"<script> [5351 bytes]","args":[{"element-6066-11e4-a52e-4f735466cecf":"f.B1FA83ECA557CC0058036F6FC01E2632.d.86170234E4E8B75BFFEF76BD90DF9733.e.2548","ELEMENT":"f.B1FA83ECA557CC0058036F6FC01E2632.d.86170234E4E8B75BFFEF76BD90DF9733.e.2548"}]}
COMMAND: GET /session/0f1a76f034524fb81e132040000fab4c/screenshot - {}
RESULT: {}
RESULT: {"script":"<script> [5351 bytes]","args":[{"element-6066-11e4-a52e-4f735466cecf":"f.B1FA83ECA557CC0058036F6FC01E2632.d.86170234E4E8B75BFFEF76BD90DF9733.e.2548","ELEMENT":"f.B1FA83ECA557CC0058036F6FC01E2632.d.86170234E4E8B75BFFEF76BD90DF9733.e.2548"}]}
COMMAND: POST /session/0f1a76f034524fb81e132040000fab4c/element/f.B1FA83ECA557CC0058036F6FC01E2632.d.86170234E4E8B75BFFEF76BD90DF9733.e.2548/click - {}
COMMAND: GET /session/0f1a76f034524fb81e132040000fab4c/screenshot - {}
RESULT: {}
RESULT: {}
COMMAND: GET /session/0f1a76f034524fb81e132040000fab4c/screenshot - {}
RESULT: {}
RESULT: {}
COMMAND: POST /session/0f1a76f034524fb81e132040000fab4c/execute/async - {"script":"<script> [1562 bytes]","args":[{"selector":{"id":"application-manageresources-display-component---newResourceUnit--TYPE-arrow"},"wdio_ui5_key":"applicationmanageresources-display-component---newResourceUnit--TYPE-arrow"}]}
RESULT: {"script":"<script> [1562 bytes]","args":[{"selector":{"id":"application-manageresources-display-component---newResourceUnit--TYPE-arrow"},"wdio_ui5_key":"applicationmanageresources-display-component---newResourceUnit--TYPE-arrow"}]}
RESULT: undefined
COMMAND: POST /session/0f1a76f034524fb81e132040000fab4c/element - {"using":"xpath","value":"//*[@id=\"application-manageresources-display-component---newResourceUnit--TYPE-arrow\"]"}
RESULT: {"using":"xpath","value":"//*[@id=\"application-manageresources-display-component---newResourceUnit--TYPE-arrow\"]"}
COMMAND: POST /session/0f1a76f034524fb81e132040000fab4c/element/f.B1FA83ECA557CC0058036F6FC01E2632.d.86170234E4E8B75BFFEF76BD90DF9733.e.2917/click - {}
RESULT: {}
COMMAND: POST /session/0f1a76f034524fb81e132040000fab4c/element - {"using":"xpath","value":"//input[@id=\"application-manageresources-display-component---newResourceUnit--TYPE-inner\"]"}
COMMAND: GET /session/0f1a76f034524fb81e132040000fab4c/screenshot - {}
RESULT: {"using":"xpath","value":"//input[@id=\"application-manageresources-display-component---newResourceUnit--TYPE-inner\"]"}
COMMAND: POST /session/0f1a76f034524fb81e132040000fab4c/element/f.B1FA83ECA557CC0058036F6FC01E2632.d.86170234E4E8B75BFFEF76BD90DF9733.e.2905/clear - {}
RESULT: {}
RESULT: {}
COMMAND: POST /session/0f1a76f034524fb81e132040000fab4c/element/f.B1FA83ECA557CC0058036F6FC01E2632.d.86170234E4E8B75BFFEF76BD90DF9733.e.2905/value - {"text":"Equi Multipart"}
COMMAND: GET /session/0f1a76f034524fb81e132040000fab4c/screenshot - {}
RESULT: {"text":"Equi Multipart"}
COMMAND: GET /session/0f1a76f034524fb81e132040000fab4c/screenshot - {}
RESULT: {}
RESULT: {}
COMMAND: POST /session/0f1a76f034524fb81e132040000fab4c/actions - {"actions":[{"id":"action8","type":"key","parameters":{},"actions":[{"type":"keyDown","value":"î€‡"},{"type":"pause","duration":10},{"type":"keyUp","value":"î€‡"}]}]}
RESULT: {"actions":[{"id":"action8","type":"key","parameters":{},"actions":[{"type":"keyDown","value":"î€‡"},{"type":"pause","duration":10},{"type":"keyUp","value":"î€‡"}]}]}
COMMAND: POST /session/0f1a76f034524fb81e132040000fab4c/execute/async - {"script":"<script> [1562 bytes]","args":[{"selector":{"id":"application-manageresources-display-component---newResourceUnit--SHORT_TEXT","interaction":{"idSuffix":"inner"}},"wdio_ui5_key":"applicationmanageresources-display-component---newResourceUnit--SHORT_TEXT"}]}
COMMAND: GET /session/0f1a76f034524fb81e132040000fab4c/screenshot - {}
RESULT: {"script":"<script> [1562 bytes]","args":[{"selector":{"id":"application-manageresources-display-component---newResourceUnit--SHORT_TEXT","interaction":{"idSuffix":"inner"}},"wdio_ui5_key":"applicationmanageresources-display-component---newResourceUnit--SHORT_TEXT"}]}
RESULT: undefined
COMMAND: POST /session/0f1a76f034524fb81e132040000fab4c/execute/async - {"script":"<script> [776 bytes]","args":[{"enterText":"Equipment Multipart WDIO","selector":{"id":"application-manageresources-display-component---newResourceUnit--SHORT_TEXT","interaction":{"idSuffix":"inner"}},"clearTextFirst":true,"interactionType":"ENTER_TEXT"}]}
RESULT: {}
RESULT: {"script":"<script> [776 bytes]","args":[{"enterText":"Equipment Multipart WDIO","selector":{"id":"application-manageresources-display-component---newResourceUnit--SHORT_TEXT","interaction":{"idSuffix":"inner"}},"clearTextFirst":true,"interactionType":"ENTER_TEXT"}]}
COMMAND: POST /session/0f1a76f034524fb81e132040000fab4c/execute/async - {"script":"<script> [1562 bytes]","args":[{"selector":{"id":"application-manageresources-display-component---newResourceUnit--BASE_UNIT_OF_MEASURE","interaction":{"idSuffix":"inner"}},"wdio_ui5_key":"applicationmanageresources-display-component---newResourceUnit--BASE_UNIT_OF_MEASURE"}]}
RESULT: {"script":"<script> [1562 bytes]","args":[{"selector":{"id":"application-manageresources-display-component---newResourceUnit--BASE_UNIT_OF_MEASURE","interaction":{"idSuffix":"inner"}},"wdio_ui5_key":"applicationmanageresources-display-component---newResourceUnit--BASE_UNIT_OF_MEASURE"}]}
RESULT: undefined
COMMAND: POST /session/0f1a76f034524fb81e132040000fab4c/execute/async - {"script":"<script> [776 bytes]","args":[{"enterText":"Piece","selector":{"id":"application-manageresources-display-component---newResourceUnit--BASE_UNIT_OF_MEASURE","interaction":{"idSuffix":"inner"}},"clearTextFirst":true,"interactionType":"ENTER_TEXT"}]}
RESULT: {"script":"<script> [776 bytes]","args":[{"enterText":"Piece","selector":{"id":"application-manageresources-display-component---newResourceUnit--BASE_UNIT_OF_MEASURE","interaction":{"idSuffix":"inner"}},"clearTextFirst":true,"interactionType":"ENTER_TEXT"}]}
COMMAND: POST /session/0f1a76f034524fb81e132040000fab4c/execute/async - {"script":"<script> [1562 bytes]","args":[{"selector":{"id":"application-manageresources-display-component---newResourceUnit--WEIGHT_UNIT","interaction":{"idSuffix":"inner"}},"wdio_ui5_key":"applicationmanageresources-display-component---newResourceUnit--WEIGHT_UNIT"}]}
RESULT: {"script":"<script> [1562 bytes]","args":[{"selector":{"id":"application-manageresources-display-component---newResourceUnit--WEIGHT_UNIT","interaction":{"idSuffix":"inner"}},"wdio_ui5_key":"applicationmanageresources-display-component---newResourceUnit--WEIGHT_UNIT"}]}
RESULT: undefined
COMMAND: POST /session/0f1a76f034524fb81e132040000fab4c/execute/async - {"script":"<script> [776 bytes]","args":[{"enterText":"Gram","selector":{"id":"application-manageresources-display-component---newResourceUnit--WEIGHT_UNIT","interaction":{"idSuffix":"inner"}},"clearTextFirst":true,"interactionType":"ENTER_TEXT"}]}
RESULT: {"script":"<script> [776 bytes]","args":[{"enterText":"Gram","selector":{"id":"application-manageresources-display-component---newResourceUnit--WEIGHT_UNIT","interaction":{"idSuffix":"inner"}},"clearTextFirst":true,"interactionType":"ENTER_TEXT"}]}
COMMAND: POST /session/0f1a76f034524fb81e132040000fab4c/execute/async - {"script":"<script> [1562 bytes]","args":[{"selector":{"id":"application-manageresources-display-component---newResourceUnit--DIMENSION_UNIT","interaction":{"idSuffix":"inner"}},"wdio_ui5_key":"applicationmanageresources-display-component---newResourceUnit--DIMENSION_UNIT"}]}
RESULT: {"script":"<script> [1562 bytes]","args":[{"selector":{"id":"application-manageresources-display-component---newResourceUnit--DIMENSION_UNIT","interaction":{"idSuffix":"inner"}},"wdio_ui5_key":"applicationmanageresources-display-component---newResourceUnit--DIMENSION_UNIT"}]}
RESULT: undefined
COMMAND: POST /session/0f1a76f034524fb81e132040000fab4c/execute/async - {"script":"<script> [776 bytes]","args":[{"enterText":"Meter","selector":{"id":"application-manageresources-display-component---newResourceUnit--DIMENSION_UNIT","interaction":{"idSuffix":"inner"}},"clearTextFirst":true,"interactionType":"ENTER_TEXT"}]}
RESULT: {"script":"<script> [776 bytes]","args":[{"enterText":"Meter","selector":{"id":"application-manageresources-display-component---newResourceUnit--DIMENSION_UNIT","interaction":{"idSuffix":"inner"}},"clearTextFirst":true,"interactionType":"ENTER_TEXT"}]}
COMMAND: POST /session/0f1a76f034524fb81e132040000fab4c/execute/async - {"script":"<script> [1562 bytes]","args":[{"selector":{"id":"application-manageresources-display-component---newResourceUnit--newRRUPage-anchBar-application-manageresources-display-component---newResourceUnit--control-anchor","interaction":{"idSuffix":"BDI-content"}},"wdio_ui5_key":"applicationmanageresources-display-component---newResourceUnit--newRRUPage-anchBar-application-manageresources-display-component---newResourceUnit--control-anchor"}]}
RESULT: {"script":"<script> [1562 bytes]","args":[{"selector":{"id":"application-manageresources-display-component---newResourceUnit--newRRUPage-anchBar-application-manageresources-display-component---newResourceUnit--control-anchor","interaction":{"idSuffix":"BDI-content"}},"wdio_ui5_key":"applicationmanageresources-display-component---newResourceUnit--newRRUPage-anchBar-application-manageresources-display-component---newResourceUnit--control-anchor"}]}
RESULT: undefined
COMMAND: POST /session/0f1a76f034524fb81e132040000fab4c/element - {"using":"xpath","value":"//*[@id=\"application-manageresources-display-component---newResourceUnit--newRRUPage-anchBar-application-manageresources-display-component---newResourceUnit--control-anchor\"]"}
RESULT: {"using":"xpath","value":"//*[@id=\"application-manageresources-display-component---newResourceUnit--newRRUPage-anchBar-application-manageresources-display-component---newResourceUnit--control-anchor\"]"}
COMMAND: POST /session/0f1a76f034524fb81e132040000fab4c/element/f.B1FA83ECA557CC0058036F6FC01E2632.d.86170234E4E8B75BFFEF76BD90DF9733.e.3050/click - {}
RESULT: {}
COMMAND: POST /session/0f1a76f034524fb81e132040000fab4c/execute/async - {"script":"<script> [1562 bytes]","args":[{"selector":{"id":"application-manageresources-display-component---newResourceUnit--PLANNING_GROUP","interaction":{"idSuffix":"inner"}},"wdio_ui5_key":"applicationmanageresources-display-component---newResourceUnit--PLANNING_GROUP"}]}
COMMAND: GET /session/0f1a76f034524fb81e132040000fab4c/screenshot - {}
RESULT: {"script":"<script> [1562 bytes]","args":[{"selector":{"id":"application-manageresources-display-component---newResourceUnit--PLANNING_GROUP","interaction":{"idSuffix":"inner"}},"wdio_ui5_key":"applicationmanageresources-display-component---newResourceUnit--PLANNING_GROUP"}]}
RESULT: undefined
COMMAND: POST /session/0f1a76f034524fb81e132040000fab4c/execute/async - {"script":"<script> [776 bytes]","args":[{"enterText":"Heavy Equi","selector":{"id":"application-manageresources-display-component---newResourceUnit--PLANNING_GROUP","interaction":{"idSuffix":"inner"}},"clearTextFirst":true,"interactionType":"ENTER_TEXT"}]}
RESULT: {}
RESULT: {"script":"<script> [776 bytes]","args":[{"enterText":"Heavy Equi","selector":{"id":"application-manageresources-display-component---newResourceUnit--PLANNING_GROUP","interaction":{"idSuffix":"inner"}},"clearTextFirst":true,"interactionType":"ENTER_TEXT"}]}
COMMAND: POST /session/0f1a76f034524fb81e132040000fab4c/execute/async - {"script":"<script> [1562 bytes]","args":[{"selector":{"id":"application-manageresources-display-component---newResourceUnit--PLANNING_INDICATOR","interaction":{"idSuffix":"inner"}},"wdio_ui5_key":"applicationmanageresources-display-component---newResourceUnit--PLANNING_INDICATOR"}]}
RESULT: {"script":"<script> [1562 bytes]","args":[{"selector":{"id":"application-manageresources-display-component---newResourceUnit--PLANNING_INDICATOR","interaction":{"idSuffix":"inner"}},"wdio_ui5_key":"applicationmanageresources-display-component---newResourceUnit--PLANNING_INDICATOR"}]}
RESULT: undefined
COMMAND: POST /session/0f1a76f034524fb81e132040000fab4c/execute/async - {"script":"<script> [776 bytes]","args":[{"enterText":"10 - infinite","selector":{"id":"application-manageresources-display-component---newResourceUnit--PLANNING_INDICATOR","interaction":{"idSuffix":"inner"}},"clearTextFirst":true,"interactionType":"ENTER_TEXT"}]}
RESULT: {"script":"<script> [776 bytes]","args":[{"enterText":"10 - infinite","selector":{"id":"application-manageresources-display-component---newResourceUnit--PLANNING_INDICATOR","interaction":{"idSuffix":"inner"}},"clearTextFirst":true,"interactionType":"ENTER_TEXT"}]}
COMMAND: POST /session/0f1a76f034524fb81e132040000fab4c/execute/async - {"script":"<script> [1562 bytes]","args":[{"selector":{"id":"application-manageresources-display-component---newResourceUnit--ITEM_TYPE-arrow"},"wdio_ui5_key":"applicationmanageresources-display-component---newResourceUnit--ITEM_TYPE-arrow"}]}
RESULT: {"script":"<script> [1562 bytes]","args":[{"selector":{"id":"application-manageresources-display-component---newResourceUnit--ITEM_TYPE-arrow"},"wdio_ui5_key":"applicationmanageresources-display-component---newResourceUnit--ITEM_TYPE-arrow"}]}
RESULT: undefined
COMMAND: POST /session/0f1a76f034524fb81e132040000fab4c/element - {"using":"xpath","value":"//*[@id=\"application-manageresources-display-component---newResourceUnit--ITEM_TYPE-arrow\"]"}
RESULT: {"using":"xpath","value":"//*[@id=\"application-manageresources-display-component---newResourceUnit--ITEM_TYPE-arrow\"]"}
COMMAND: POST /session/0f1a76f034524fb81e132040000fab4c/element/f.B1FA83ECA557CC0058036F6FC01E2632.d.86170234E4E8B75BFFEF76BD90DF9733.e.3058/click - {}
RESULT: {}
COMMAND: GET /session/0f1a76f034524fb81e132040000fab4c/screenshot - {}
RESULT: {}
COMMAND: POST /session/0f1a76f034524fb81e132040000fab4c/execute/async - {"script":"<script> [1562 bytes]","args":[{"selector":{"controlType":"sap.m.StandardListItem","viewName":"reusables.view.manageresources.NewResourceUnit","viewId":"application-manageresources-display-component---newResourceUnit","properties":{"title":"Pool Equipment"},"searchOpenDialogs":true,"interaction":{"idSuffix":"content"}},"wdio_ui5_key":"reusablesview.manageresources.NewResourceUnitsap.m.StandardListItem{\"title\":\"Pool Equipment\"}"}]}
RESULT: {"script":"<script> [1562 bytes]","args":[{"selector":{"controlType":"sap.m.StandardListItem","viewName":"reusables.view.manageresources.NewResourceUnit","viewId":"application-manageresources-display-component---newResourceUnit","properties":{"title":"Pool Equipment"},"searchOpenDialogs":true,"interaction":{"idSuffix":"content"}},"wdio_ui5_key":"reusablesview.manageresources.NewResourceUnitsap.m.StandardListItem{\"title\":\"Pool Equipment\"}"}]}
RESULT: undefined
COMMAND: POST /session/0f1a76f034524fb81e132040000fab4c/element - {"using":"xpath","value":"//*[@id=\"__item1946\"]"}
RESULT: {"using":"xpath","value":"//*[@id=\"__item1946\"]"}
COMMAND: POST /session/0f1a76f034524fb81e132040000fab4c/element/f.B1FA83ECA557CC0058036F6FC01E2632.d.86170234E4E8B75BFFEF76BD90DF9733.e.3060/click - {}
RESULT: {}
COMMAND: GET /session/0f1a76f034524fb81e132040000fab4c/screenshot - {}
RESULT: {}
COMMAND: POST /session/0f1a76f034524fb81e132040000fab4c/element - {"using":"css selector","value":"#application-manageresources-display-component---newResourceUnit--btnAddTimeSegment"}
RESULT: {"using":"css selector","value":"#application-manageresources-display-component---newResourceUnit--btnAddTimeSegment"}
COMMAND: GET /session/0f1a76f034524fb81e132040000fab4c/element/f.B1FA83ECA557CC0058036F6FC01E2632.d.86170234E4E8B75BFFEF76BD90DF9733.e.3122/rect - {}
RESULT: {}
COMMAND: GET /session/0f1a76f034524fb81e132040000fab4c/window/rect - {}
RESULT: {}
COMMAND: POST /session/0f1a76f034524fb81e132040000fab4c/execute/sync - {"script":"<script> [92 bytes]","args":[]}
RESULT: {"script":"<script> [92 bytes]","args":[]}
COMMAND: POST /session/0f1a76f034524fb81e132040000fab4c/actions - {"actions":[{"id":"action9","type":"wheel","parameters":{},"actions":[{"type":"scroll","x":-1888,"y":-32,"deltaX":0,"deltaY":0,"duration":0,"origin":{"element-6066-11e4-a52e-4f735466cecf":"f.B1FA83ECA557CC0058036F6FC01E2632.d.86170234E4E8B75BFFEF76BD90DF9733.e.3122"}}]}]}
COMMAND: GET /session/0f1a76f034524fb81e132040000fab4c/screenshot - {}
RESULT: {}
COMMAND: POST /session/0f1a76f034524fb81e132040000fab4c/execute/sync - {"script":"<script> [79 bytes]","args":[{"element-6066-11e4-a52e-4f735466cecf":"f.B1FA83ECA557CC0058036F6FC01E2632.d.86170234E4E8B75BFFEF76BD90DF9733.e.3122","ELEMENT":"f.B1FA83ECA557CC0058036F6FC01E2632.d.86170234E4E8B75BFFEF76BD90DF9733.e.3122"},{"block":"start","inline":"nearest"}]}
RESULT: {"script":"<script> [79 bytes]","args":[{"element-6066-11e4-a52e-4f735466cecf":"f.B1FA83ECA557CC0058036F6FC01E2632.d.86170234E4E8B75BFFEF76BD90DF9733.e.3122","ELEMENT":"f.B1FA83ECA557CC0058036F6FC01E2632.d.86170234E4E8B75BFFEF76BD90DF9733.e.3122"},{"block":"start","inline":"nearest"}]}
COMMAND: POST /session/0f1a76f034524fb81e132040000fab4c/execute/async - {"script":"<script> [1562 bytes]","args":[{"selector":{"id":"application-manageresources-display-component---newResourceUnit--btnAddTimeSegment","interaction":{"idSuffix":"inner"}},"wdio_ui5_key":"applicationmanageresources-display-component---newResourceUnit--btnAddTimeSegment"}]}
COMMAND: GET /session/0f1a76f034524fb81e132040000fab4c/screenshot - {}
RESULT: {"script":"<script> [1562 bytes]","args":[{"selector":{"id":"application-manageresources-display-component---newResourceUnit--btnAddTimeSegment","interaction":{"idSuffix":"inner"}},"wdio_ui5_key":"applicationmanageresources-display-component---newResourceUnit--btnAddTimeSegment"}]}
RESULT: undefined
COMMAND: POST /session/0f1a76f034524fb81e132040000fab4c/element - {"using":"xpath","value":"//*[@id=\"application-manageresources-display-component---newResourceUnit--btnAddTimeSegment\"]"}
RESULT: {}
RESULT: {"using":"xpath","value":"//*[@id=\"application-manageresources-display-component---newResourceUnit--btnAddTimeSegment\"]"}
COMMAND: POST /session/0f1a76f034524fb81e132040000fab4c/element/f.B1FA83ECA557CC0058036F6FC01E2632.d.86170234E4E8B75BFFEF76BD90DF9733.e.3122/click - {}
RESULT: {}
COMMAND: GET /session/0f1a76f034524fb81e132040000fab4c/screenshot - {}
RESULT: {}
COMMAND: POST /session/0f1a76f034524fb81e132040000fab4c/element - {"using":"xpath","value":"//input[@id=\"application-manageresources-display-component---newResourceUnit--idRuTSAdmin-application-manageresources-display-component---newResourceUnit--RUTimeSegment-0-inner\"]"}
RESULT: {"using":"xpath","value":"//input[@id=\"application-manageresources-display-component---newResourceUnit--idRuTSAdmin-application-manageresources-display-component---newResourceUnit--RUTimeSegment-0-inner\"]"}
COMMAND: POST /session/0f1a76f034524fb81e132040000fab4c/element/f.B1FA83ECA557CC0058036F6FC01E2632.d.86170234E4E8B75BFFEF76BD90DF9733.e.3128/clear - {}
RESULT: {}
COMMAND: POST /session/0f1a76f034524fb81e132040000fab4c/element/f.B1FA83ECA557CC0058036F6FC01E2632.d.86170234E4E8B75BFFEF76BD90DF9733.e.3128/value - {"text":"695"}
COMMAND: GET /session/0f1a76f034524fb81e132040000fab4c/screenshot - {}
RESULT: {"text":"695"}
COMMAND: GET /session/0f1a76f034524fb81e132040000fab4c/screenshot - {}
RESULT: {}
RESULT: {}
COMMAND: POST /session/0f1a76f034524fb81e132040000fab4c/element - {"using":"xpath","value":"//li[.//span[text()='695']]"}
RESULT: {"using":"xpath","value":"//li[.//span[text()='695']]"}
COMMAND: POST /session/0f1a76f034524fb81e132040000fab4c/element/f.B1FA83ECA557CC0058036F6FC01E2632.d.86170234E4E8B75BFFEF76BD90DF9733.e.3141/click - {}
RESULT: {}
COMMAND: GET /session/0f1a76f034524fb81e132040000fab4c/screenshot - {}
RESULT: {}
COMMAND: POST /session/0f1a76f034524fb81e132040000fab4c/element - {"using":"xpath","value":"(//span[contains(@id, \"-application-manageresources-display-component---newResourceUnit--RUTimeSegment-0-arrow\")])[5]"}
RESULT: {"using":"xpath","value":"(//span[contains(@id, \"-application-manageresources-display-component---newResourceUnit--RUTimeSegment-0-arrow\")])[5]"}
COMMAND: POST /session/0f1a76f034524fb81e132040000fab4c/element/f.B1FA83ECA557CC0058036F6FC01E2632.d.86170234E4E8B75BFFEF76BD90DF9733.e.3142/click - {}
RESULT: {}
COMMAND: GET /session/0f1a76f034524fb81e132040000fab4c/screenshot - {}
RESULT: {}
COMMAND: POST /session/0f1a76f034524fb81e132040000fab4c/element - {"using":"xpath","value":"//span[contains(text(), \"PM Order\")]"}
RESULT: {"using":"xpath","value":"//span[contains(text(), \"PM Order\")]"}
COMMAND: POST /session/0f1a76f034524fb81e132040000fab4c/element/f.B1FA83ECA557CC0058036F6FC01E2632.d.86170234E4E8B75BFFEF76BD90DF9733.e.3143/click - {}
RESULT: {}
COMMAND: GET /session/0f1a76f034524fb81e132040000fab4c/screenshot - {}
RESULT: {}
COMMAND: POST /session/0f1a76f034524fb81e132040000fab4c/element - {"using":"xpath","value":"(//span[contains(@id ,\"manageresources-display-component---newResourceUnit--RUTimeSegment-0-vhi\")])[1]"}
RESULT: {"using":"xpath","value":"(//span[contains(@id ,\"manageresources-display-component---newResourceUnit--RUTimeSegment-0-vhi\")])[1]"}
COMMAND: GET /session/0f1a76f034524fb81e132040000fab4c/element/f.B1FA83ECA557CC0058036F6FC01E2632.d.86170234E4E8B75BFFEF76BD90DF9733.e.3147/rect - {}
RESULT: {}
COMMAND: GET /session/0f1a76f034524fb81e132040000fab4c/window/rect - {}
RESULT: {}
COMMAND: POST /session/0f1a76f034524fb81e132040000fab4c/execute/sync - {"script":"<script> [92 bytes]","args":[]}
RESULT: {"script":"<script> [92 bytes]","args":[]}
COMMAND: POST /session/0f1a76f034524fb81e132040000fab4c/actions - {"actions":[{"id":"action10","type":"wheel","parameters":{},"actions":[{"type":"scroll","x":-1888,"y":-24,"deltaX":0,"deltaY":0,"duration":0,"origin":{"element-6066-11e4-a52e-4f735466cecf":"f.B1FA83ECA557CC0058036F6FC01E2632.d.86170234E4E8B75BFFEF76BD90DF9733.e.3147"}}]}]}
COMMAND: GET /session/0f1a76f034524fb81e132040000fab4c/screenshot - {}
RESULT: {}
COMMAND: POST /session/0f1a76f034524fb81e132040000fab4c/execute/sync - {"script":"<script> [79 bytes]","args":[{"element-6066-11e4-a52e-4f735466cecf":"f.B1FA83ECA557CC0058036F6FC01E2632.d.86170234E4E8B75BFFEF76BD90DF9733.e.3147","ELEMENT":"f.B1FA83ECA557CC0058036F6FC01E2632.d.86170234E4E8B75BFFEF76BD90DF9733.e.3147"},{"block":"start","inline":"nearest"}]}
RESULT: {"script":"<script> [79 bytes]","args":[{"element-6066-11e4-a52e-4f735466cecf":"f.B1FA83ECA557CC0058036F6FC01E2632.d.86170234E4E8B75BFFEF76BD90DF9733.e.3147","ELEMENT":"f.B1FA83ECA557CC0058036F6FC01E2632.d.86170234E4E8B75BFFEF76BD90DF9733.e.3147"},{"block":"start","inline":"nearest"}]}
COMMAND: GET /session/0f1a76f034524fb81e132040000fab4c/screenshot - {}
RESULT: {}
COMMAND: POST /session/0f1a76f034524fb81e132040000fab4c/element/f.B1FA83ECA557CC0058036F6FC01E2632.d.86170234E4E8B75BFFEF76BD90DF9733.e.3147/click - {}
RESULT: {}
COMMAND: GET /session/0f1a76f034524fb81e132040000fab4c/screenshot - {}
RESULT: {}
RESULT: undefined
COMMAND: POST /session/0f1a76f034524fb81e132040000fab4c/execute/async - {"script":"<script> [776 bytes]","args":[{"enterText":"4000360","selector":{"controlType":"sap.m.SearchField","properties":{"placeholder":"Search"},"searchOpenDialogs":true,"interaction":{"idSuffix":"I"}},"clearTextFirst":true,"interactionType":"ENTER_TEXT"}]}
RESULT: {"script":"<script> [776 bytes]","args":[{"enterText":"4000360","selector":{"controlType":"sap.m.SearchField","properties":{"placeholder":"Search"},"searchOpenDialogs":true,"interaction":{"idSuffix":"I"}},"clearTextFirst":true,"interactionType":"ENTER_TEXT"}]}
COMMAND: POST /session/0f1a76f034524fb81e132040000fab4c/actions - {"actions":[{"id":"action11","type":"key","parameters":{},"actions":[{"type":"keyDown","value":"î€‡"},{"type":"pause","duration":10},{"type":"keyUp","value":"î€‡"}]}]}
RESULT: {"actions":[{"id":"action11","type":"key","parameters":{},"actions":[{"type":"keyDown","value":"î€‡"},{"type":"pause","duration":10},{"type":"keyUp","value":"î€‡"}]}]}
COMMAND: GET /session/0f1a76f034524fb81e132040000fab4c/screenshot - {}
RESULT: {}
COMMAND: POST /session/0f1a76f034524fb81e132040000fab4c/element - {"using":"xpath","value":"//td/div/span[contains(text(), \"BGL Vehicles\")]"}
RESULT: {"using":"xpath","value":"//td/div/span[contains(text(), \"BGL Vehicles\")]"}
COMMAND: POST /session/0f1a76f034524fb81e132040000fab4c/element/f.B1FA83ECA557CC0058036F6FC01E2632.d.86170234E4E8B75BFFEF76BD90DF9733.e.3168/click - {}
RESULT: {}
COMMAND: GET /session/0f1a76f034524fb81e132040000fab4c/screenshot - {}
RESULT: {}
COMMAND: POST /session/0f1a76f034524fb81e132040000fab4c/element - {"using":"xpath","value":"//bdi[contains(text(), \"OK\")]"}
RESULT: {"using":"xpath","value":"//bdi[contains(text(), \"OK\")]"}
COMMAND: POST /session/0f1a76f034524fb81e132040000fab4c/element/f.B1FA83ECA557CC0058036F6FC01E2632.d.86170234E4E8B75BFFEF76BD90DF9733.e.3169/click - {}
RESULT: {}
COMMAND: GET /session/0f1a76f034524fb81e132040000fab4c/screenshot - {}
RESULT: {}
COMMAND: POST /session/0f1a76f034524fb81e132040000fab4c/element - {"using":"xpath","value":"//label[contains(@class, 'sapMLabelRequired') and .//bdi[contains(text(), 'Planned Retirement')]]"}
RESULT: {"using":"xpath","value":"//label[contains(@class, 'sapMLabelRequired') and .//bdi[contains(text(), 'Planned Retirement')]]"}
COMMAND: POST /session/0f1a76f034524fb81e132040000fab4c/elements - {"using":"xpath","value":"//label[contains(@class, 'sapMLabelRequired') and .//bdi[contains(text(), 'Planned Retirement')]]"}
RESULT: {"using":"xpath","value":"//label[contains(@class, 'sapMLabelRequired') and .//bdi[contains(text(), 'Planned Retirement')]]"}
COMMAND: POST /session/0f1a76f034524fb81e132040000fab4c/element - {"using":"xpath","value":"//button[@data-kt=\"resourceUnitSaveButton\"]"}
RESULT: {"using":"xpath","value":"//button[@data-kt=\"resourceUnitSaveButton\"]"}
COMMAND: POST /session/0f1a76f034524fb81e132040000fab4c/element/f.B1FA83ECA557CC0058036F6FC01E2632.d.86170234E4E8B75BFFEF76BD90DF9733.e.2933/click - {}
RESULT: {}
COMMAND: GET /session/0f1a76f034524fb81e132040000fab4c/screenshot - {}
RESULT: {}
COMMAND: POST /session/0f1a76f034524fb81e132040000fab4c/element - {"using":"xpath","value":"//bdi[contains(text(), \"Close\")]"}
RESULT: {"using":"xpath","value":"//bdi[contains(text(), \"Close\")]"}
COMMAND: POST /session/0f1a76f034524fb81e132040000fab4c/element/f.B1FA83ECA557CC0058036F6FC01E2632.d.86170234E4E8B75BFFEF76BD90DF9733.e.3176/click - {}
RESULT: {}
COMMAND: GET /session/0f1a76f034524fb81e132040000fab4c/screenshot - {}
RESULT: {}
COMMAND: POST /session/0f1a76f034524fb81e132040000fab4c/element - {"using":"xpath","value":"//header[contains(@id, 'detailRruPage-headerTitle')]/div[1]/div[2]/div[2]/span[1]"}
RESULT: {"using":"xpath","value":"//header[contains(@id, 'detailRruPage-headerTitle')]/div[1]/div[2]/div[2]/span[1]"}
COMMAND: POST /session/0f1a76f034524fb81e132040000fab4c/elements - {"using":"xpath","value":"//header[contains(@id, 'detailRruPage-headerTitle')]/div[1]/div[2]/div[2]/span[1]"}
RESULT: {"using":"xpath","value":"//header[contains(@id, 'detailRruPage-headerTitle')]/div[1]/div[2]/div[2]/span[1]"}
COMMAND: POST /session/0f1a76f034524fb81e132040000fab4c/execute/sync - {"script":"<script> [56 bytes]","args":[{"element-6066-11e4-a52e-4f735466cecf":"f.B1FA83ECA557CC0058036F6FC01E2632.d.86170234E4E8B75BFFEF76BD90DF9733.e.3201","ELEMENT":"f.B1FA83ECA557CC0058036F6FC01E2632.d.86170234E4E8B75BFFEF76BD90DF9733.e.3201"}]}
RESULT: {"script":"<script> [56 bytes]","args":[{"element-6066-11e4-a52e-4f735466cecf":"f.B1FA83ECA557CC0058036F6FC01E2632.d.86170234E4E8B75BFFEF76BD90DF9733.e.3201","ELEMENT":"f.B1FA83ECA557CC0058036F6FC01E2632.d.86170234E4E8B75BFFEF76BD90DF9733.e.3201"}]}
COMMAND: POST /session/0f1a76f034524fb81e132040000fab4c/element - {"using":"css selector","value":"#shell-header-logo"}
COMMAND: GET /session/0f1a76f034524fb81e132040000fab4c/screenshot - {}
RESULT: {"using":"css selector","value":"#shell-header-logo"}
COMMAND: POST /session/0f1a76f034524fb81e132040000fab4c/element/f.B1FA83ECA557CC0058036F6FC01E2632.d.86170234E4E8B75BFFEF76BD90DF9733.e.2520/click - {}
RESULT: {}
RESULT: {}
COMMAND: GET /session/0f1a76f034524fb81e132040000fab4c/screenshot - {}
RESULT: {}
]]></system-out>
    </testcase>
  </testsuite>
  <testsuite timestamp="2025-06-05T18:12:51" time="876.695" tests="6" failures="5" errors="5" skipped="0">
    <properties>
      <property name="specId" value="0" />
      <property name="suiteName" value="Manage States &amp; Performance Tests US151247 US151423 US151467" />
      <property name="capabilities" value="chrome.137_0_7151_69.windows" />
      <property name="file" value="file:///D:/a/1/s/test/specs/HTR/manage-states-perf.spec.js" />
    </properties>
    <testcase classname="chrome.137_0_7151_69.windows.Manage_States_&amp;_Performance_Tests_US151247_US151423_US151467" name="Prereq Should create a yard partner and site" time="375.156">
      <system-out><![CDATA[
COMMAND: POST /session/0f1a76f034524fb81e132040000fab4c/execute/async - {"script":"<script> [1562 bytes]","args":[{"selector":{"controlType":"sap.m.GenericTile","properties":{"header":"Manage Yards"}},"wdio_ui5_key":"sapm.GenericTile{\"header\":\"Manage Yards\"}"}]}
RESULT: {"script":"<script> [1562 bytes]","args":[{"selector":{"controlType":"sap.m.GenericTile","properties":{"header":"Manage Yards"}},"wdio_ui5_key":"sapm.GenericTile{\"header\":\"Manage Yards\"}"}]}
RESULT: undefined
COMMAND: POST /session/0f1a76f034524fb81e132040000fab4c/element - {"using":"xpath","value":"//*[@id=\"__tile33\"]"}
RESULT: {"using":"xpath","value":"//*[@id=\"__tile33\"]"}
COMMAND: POST /session/0f1a76f034524fb81e132040000fab4c/element/f.B1FA83ECA557CC0058036F6FC01E2632.d.2C2CE42B84927ECEFB0E9F9FDB3235EA.e.3649/click - {}
RESULT: {}
COMMAND: GET /session/0f1a76f034524fb81e132040000fab4c/screenshot - {}
RESULT: {}
COMMAND: POST /session/0f1a76f034524fb81e132040000fab4c/elements - {"using":"xpath","value":"//span[text()='Error']"}
RESULT: {"using":"xpath","value":"//span[text()='Error']"}
COMMAND: POST /session/0f1a76f034524fb81e132040000fab4c/element - {"using":"xpath","value":"//button[@data-kt=\"addNewYardOverflowToolbarButton\"]"}
RESULT: {"using":"xpath","value":"//button[@data-kt=\"addNewYardOverflowToolbarButton\"]"}
COMMAND: POST /session/0f1a76f034524fb81e132040000fab4c/elements - {"using":"xpath","value":"//button[@data-kt=\"addNewYardOverflowToolbarButton\"]"}
RESULT: {"using":"xpath","value":"//button[@data-kt=\"addNewYardOverflowToolbarButton\"]"}
COMMAND: POST /session/0f1a76f034524fb81e132040000fab4c/execute/sync - {"script":"<script> [8489 bytes]","args":[{"element-6066-11e4-a52e-4f735466cecf":"f.B1FA83ECA557CC0058036F6FC01E2632.d.2C2CE42B84927ECEFB0E9F9FDB3235EA.e.3772","ELEMENT":"f.B1FA83ECA557CC0058036F6FC01E2632.d.2C2CE42B84927ECEFB0E9F9FDB3235EA.e.3772"}]}
RESULT: {"script":"<script> [8489 bytes]","args":[{"element-6066-11e4-a52e-4f735466cecf":"f.B1FA83ECA557CC0058036F6FC01E2632.d.2C2CE42B84927ECEFB0E9F9FDB3235EA.e.3772","ELEMENT":"f.B1FA83ECA557CC0058036F6FC01E2632.d.2C2CE42B84927ECEFB0E9F9FDB3235EA.e.3772"}]}
COMMAND: GET /session/0f1a76f034524fb81e132040000fab4c/element/f.B1FA83ECA557CC0058036F6FC01E2632.d.2C2CE42B84927ECEFB0E9F9FDB3235EA.e.3772/enabled - {}
COMMAND: GET /session/0f1a76f034524fb81e132040000fab4c/screenshot - {}
RESULT: {}
COMMAND: POST /session/0f1a76f034524fb81e132040000fab4c/execute/sync - {"script":"<script> [8489 bytes]","args":[{"element-6066-11e4-a52e-4f735466cecf":"f.B1FA83ECA557CC0058036F6FC01E2632.d.2C2CE42B84927ECEFB0E9F9FDB3235EA.e.3772","ELEMENT":"f.B1FA83ECA557CC0058036F6FC01E2632.d.2C2CE42B84927ECEFB0E9F9FDB3235EA.e.3772"}]}
COMMAND: GET /session/0f1a76f034524fb81e132040000fab4c/screenshot - {}
RESULT: {}
RESULT: {"script":"<script> [8489 bytes]","args":[{"element-6066-11e4-a52e-4f735466cecf":"f.B1FA83ECA557CC0058036F6FC01E2632.d.2C2CE42B84927ECEFB0E9F9FDB3235EA.e.3772","ELEMENT":"f.B1FA83ECA557CC0058036F6FC01E2632.d.2C2CE42B84927ECEFB0E9F9FDB3235EA.e.3772"}]}
COMMAND: POST /session/0f1a76f034524fb81e132040000fab4c/execute/sync - {"script":"<script> [5351 bytes]","args":[{"element-6066-11e4-a52e-4f735466cecf":"f.B1FA83ECA557CC0058036F6FC01E2632.d.2C2CE42B84927ECEFB0E9F9FDB3235EA.e.3772","ELEMENT":"f.B1FA83ECA557CC0058036F6FC01E2632.d.2C2CE42B84927ECEFB0E9F9FDB3235EA.e.3772"}]}
COMMAND: GET /session/0f1a76f034524fb81e132040000fab4c/screenshot - {}
RESULT: {}
RESULT: {"script":"<script> [5351 bytes]","args":[{"element-6066-11e4-a52e-4f735466cecf":"f.B1FA83ECA557CC0058036F6FC01E2632.d.2C2CE42B84927ECEFB0E9F9FDB3235EA.e.3772","ELEMENT":"f.B1FA83ECA557CC0058036F6FC01E2632.d.2C2CE42B84927ECEFB0E9F9FDB3235EA.e.3772"}]}
COMMAND: POST /session/0f1a76f034524fb81e132040000fab4c/element/f.B1FA83ECA557CC0058036F6FC01E2632.d.2C2CE42B84927ECEFB0E9F9FDB3235EA.e.3772/click - {}
COMMAND: GET /session/0f1a76f034524fb81e132040000fab4c/screenshot - {}
RESULT: {}
RESULT: {}
COMMAND: GET /session/0f1a76f034524fb81e132040000fab4c/screenshot - {}
COMMAND: POST /session/0f1a76f034524fb81e132040000fab4c/element - {"using":"xpath","value":"//input[@id=\"application-manageyards-display-component---NewYard--yardId-inner\"]"}
RESULT: {}
RESULT: {}
RESULT: {"using":"xpath","value":"//input[@id=\"application-manageyards-display-component---NewYard--yardId-inner\"]"}
COMMAND: POST /session/0f1a76f034524fb81e132040000fab4c/element - {"using":"xpath","value":"//input[@id=\"application-manageyards-display-component---NewYard--yardId-inner\"]"}
RESULT: {"using":"xpath","value":"//input[@id=\"application-manageyards-display-component---NewYard--yardId-inner\"]"}
COMMAND: POST /session/0f1a76f034524fb81e132040000fab4c/execute/async - {"script":"<script> [1562 bytes]","args":[{"selector":{"id":"application-manageyards-display-component---NewYard--addressDetailDetailsName1","interaction":{"idSuffix":"inner"}},"wdio_ui5_key":"applicationmanageyards-display-component---NewYard--addressDetailDetailsName1"}]}
RESULT: {"script":"<script> [1562 bytes]","args":[{"selector":{"id":"application-manageyards-display-component---NewYard--addressDetailDetailsName1","interaction":{"idSuffix":"inner"}},"wdio_ui5_key":"applicationmanageyards-display-component---NewYard--addressDetailDetailsName1"}]}
RESULT: undefined
COMMAND: POST /session/0f1a76f034524fb81e132040000fab4c/execute/async - {"script":"<script> [776 bytes]","args":[{"enterText":"Intercompany Yard wdIO","selector":{"id":"application-manageyards-display-component---NewYard--addressDetailDetailsName1","interaction":{"idSuffix":"inner"}},"clearTextFirst":true,"interactionType":"ENTER_TEXT"}]}
RESULT: {"script":"<script> [776 bytes]","args":[{"enterText":"Intercompany Yard wdIO","selector":{"id":"application-manageyards-display-component---NewYard--addressDetailDetailsName1","interaction":{"idSuffix":"inner"}},"clearTextFirst":true,"interactionType":"ENTER_TEXT"}]}
COMMAND: POST /session/0f1a76f034524fb81e132040000fab4c/execute/async - {"script":"<script> [1562 bytes]","args":[{"selector":{"id":"application-manageyards-display-component---NewYard--addressDetailDetailsLanguage-arrow"},"wdio_ui5_key":"applicationmanageyards-display-component---NewYard--addressDetailDetailsLanguage-arrow"}]}
RESULT: {"script":"<script> [1562 bytes]","args":[{"selector":{"id":"application-manageyards-display-component---NewYard--addressDetailDetailsLanguage-arrow"},"wdio_ui5_key":"applicationmanageyards-display-component---NewYard--addressDetailDetailsLanguage-arrow"}]}
RESULT: undefined
COMMAND: POST /session/0f1a76f034524fb81e132040000fab4c/element - {"using":"xpath","value":"//*[@id=\"application-manageyards-display-component---NewYard--addressDetailDetailsLanguage-arrow\"]"}
RESULT: {"using":"xpath","value":"//*[@id=\"application-manageyards-display-component---NewYard--addressDetailDetailsLanguage-arrow\"]"}
COMMAND: POST /session/0f1a76f034524fb81e132040000fab4c/element/f.B1FA83ECA557CC0058036F6FC01E2632.d.2C2CE42B84927ECEFB0E9F9FDB3235EA.e.4203/click - {}
RESULT: {}
COMMAND: POST /session/0f1a76f034524fb81e132040000fab4c/element - {"using":"xpath","value":"//span[contains(text(), \"English\")]"}
COMMAND: GET /session/0f1a76f034524fb81e132040000fab4c/screenshot - {}
RESULT: {"using":"xpath","value":"//span[contains(text(), \"English\")]"}
COMMAND: POST /session/0f1a76f034524fb81e132040000fab4c/element/f.B1FA83ECA557CC0058036F6FC01E2632.d.2C2CE42B84927ECEFB0E9F9FDB3235EA.e.4204/click - {}
RESULT: {}
RESULT: {}
COMMAND: POST /session/0f1a76f034524fb81e132040000fab4c/execute/async - {"script":"<script> [1562 bytes]","args":[{"selector":{"id":"application-manageyards-display-component---NewYard--addressDetailDetailsCity1","interaction":{"idSuffix":"inner"}},"wdio_ui5_key":"applicationmanageyards-display-component---NewYard--addressDetailDetailsCity1"}]}
COMMAND: GET /session/0f1a76f034524fb81e132040000fab4c/screenshot - {}
RESULT: {"script":"<script> [1562 bytes]","args":[{"selector":{"id":"application-manageyards-display-component---NewYard--addressDetailDetailsCity1","interaction":{"idSuffix":"inner"}},"wdio_ui5_key":"applicationmanageyards-display-component---NewYard--addressDetailDetailsCity1"}]}
RESULT: undefined
COMMAND: POST /session/0f1a76f034524fb81e132040000fab4c/execute/async - {"script":"<script> [776 bytes]","args":[{"enterText":"Rosario","selector":{"id":"application-manageyards-display-component---NewYard--addressDetailDetailsCity1","interaction":{"idSuffix":"inner"}},"clearTextFirst":true,"interactionType":"ENTER_TEXT"}]}
RESULT: {}
RESULT: {"script":"<script> [776 bytes]","args":[{"enterText":"Rosario","selector":{"id":"application-manageyards-display-component---NewYard--addressDetailDetailsCity1","interaction":{"idSuffix":"inner"}},"clearTextFirst":true,"interactionType":"ENTER_TEXT"}]}
COMMAND: POST /session/0f1a76f034524fb81e132040000fab4c/execute/async - {"script":"<script> [1562 bytes]","args":[{"selector":{"id":"application-manageyards-display-component---NewYard--addressDetailDetailsCountry-arrow"},"wdio_ui5_key":"applicationmanageyards-display-component---NewYard--addressDetailDetailsCountry-arrow"}]}
RESULT: {"script":"<script> [1562 bytes]","args":[{"selector":{"id":"application-manageyards-display-component---NewYard--addressDetailDetailsCountry-arrow"},"wdio_ui5_key":"applicationmanageyards-display-component---NewYard--addressDetailDetailsCountry-arrow"}]}
RESULT: undefined
COMMAND: POST /session/0f1a76f034524fb81e132040000fab4c/element - {"using":"xpath","value":"//*[@id=\"application-manageyards-display-component---NewYard--addressDetailDetailsCountry-arrow\"]"}
RESULT: {"using":"xpath","value":"//*[@id=\"application-manageyards-display-component---NewYard--addressDetailDetailsCountry-arrow\"]"}
COMMAND: POST /session/0f1a76f034524fb81e132040000fab4c/element/f.B1FA83ECA557CC0058036F6FC01E2632.d.2C2CE42B84927ECEFB0E9F9FDB3235EA.e.4206/click - {}
RESULT: {}
COMMAND: POST /session/0f1a76f034524fb81e132040000fab4c/element - {"using":"xpath","value":"//span[contains(text(), \"Argentina\")]"}
COMMAND: GET /session/0f1a76f034524fb81e132040000fab4c/screenshot - {}
RESULT: {"using":"xpath","value":"//span[contains(text(), \"Argentina\")]"}
COMMAND: POST /session/0f1a76f034524fb81e132040000fab4c/element/f.B1FA83ECA557CC0058036F6FC01E2632.d.2C2CE42B84927ECEFB0E9F9FDB3235EA.e.4208/click - {}
RESULT: {}
RESULT: {}
COMMAND: POST /session/0f1a76f034524fb81e132040000fab4c/execute/async - {"script":"<script> [1562 bytes]","args":[{"selector":{"id":"application-manageyards-display-component---NewYard--addressEditDetailsCostObjectCstType-arrow"},"wdio_ui5_key":"applicationmanageyards-display-component---NewYard--addressEditDetailsCostObjectCstType-arrow"}]}
COMMAND: GET /session/0f1a76f034524fb81e132040000fab4c/screenshot - {}
RESULT: {"script":"<script> [1562 bytes]","args":[{"selector":{"id":"application-manageyards-display-component---NewYard--addressEditDetailsCostObjectCstType-arrow"},"wdio_ui5_key":"applicationmanageyards-display-component---NewYard--addressEditDetailsCostObjectCstType-arrow"}]}
RESULT: undefined
COMMAND: POST /session/0f1a76f034524fb81e132040000fab4c/element - {"using":"xpath","value":"//*[@id=\"application-manageyards-display-component---NewYard--addressEditDetailsCostObjectCstType-arrow\"]"}
RESULT: {}
RESULT: {"using":"xpath","value":"//*[@id=\"application-manageyards-display-component---NewYard--addressEditDetailsCostObjectCstType-arrow\"]"}
COMMAND: POST /session/0f1a76f034524fb81e132040000fab4c/element/f.B1FA83ECA557CC0058036F6FC01E2632.d.2C2CE42B84927ECEFB0E9F9FDB3235EA.e.4209/click - {}
RESULT: {}
COMMAND: POST /session/0f1a76f034524fb81e132040000fab4c/element - {"using":"xpath","value":"//span[contains(text(), \"Cost Center\")]"}
COMMAND: GET /session/0f1a76f034524fb81e132040000fab4c/screenshot - {}
RESULT: {"using":"xpath","value":"//span[contains(text(), \"Cost Center\")]"}
COMMAND: POST /session/0f1a76f034524fb81e132040000fab4c/element/f.B1FA83ECA557CC0058036F6FC01E2632.d.2C2CE42B84927ECEFB0E9F9FDB3235EA.e.4210/click - {}
RESULT: {}
RESULT: {}
COMMAND: GET /session/0f1a76f034524fb81e132040000fab4c/screenshot - {}
RESULT: {}
COMMAND: POST /session/0f1a76f034524fb81e132040000fab4c/element - {"using":"xpath","value":"//span[@id=\"application-manageyards-display-component---NewYard--addressNewCostObjectCstID-vhi\"]"}
RESULT: {"using":"xpath","value":"//span[@id=\"application-manageyards-display-component---NewYard--addressNewCostObjectCstID-vhi\"]"}
COMMAND: POST /session/0f1a76f034524fb81e132040000fab4c/execute/sync - {"script":"<script> [8489 bytes]","args":[{"element-6066-11e4-a52e-4f735466cecf":"f.B1FA83ECA557CC0058036F6FC01E2632.d.2C2CE42B84927ECEFB0E9F9FDB3235EA.e.4214","ELEMENT":"f.B1FA83ECA557CC0058036F6FC01E2632.d.2C2CE42B84927ECEFB0E9F9FDB3235EA.e.4214"}]}
RESULT: {"script":"<script> [8489 bytes]","args":[{"element-6066-11e4-a52e-4f735466cecf":"f.B1FA83ECA557CC0058036F6FC01E2632.d.2C2CE42B84927ECEFB0E9F9FDB3235EA.e.4214","ELEMENT":"f.B1FA83ECA557CC0058036F6FC01E2632.d.2C2CE42B84927ECEFB0E9F9FDB3235EA.e.4214"}]}
COMMAND: POST /session/0f1a76f034524fb81e132040000fab4c/execute/async - {"script":"<script> [1562 bytes]","args":[{"selector":{"id":"application-manageyards-display-component---NewYard--addressNewCostObjectCstID-vhi"},"wdio_ui5_key":"applicationmanageyards-display-component---NewYard--addressNewCostObjectCstID-vhi"}]}
COMMAND: GET /session/0f1a76f034524fb81e132040000fab4c/screenshot - {}
RESULT: {"script":"<script> [1562 bytes]","args":[{"selector":{"id":"application-manageyards-display-component---NewYard--addressNewCostObjectCstID-vhi"},"wdio_ui5_key":"applicationmanageyards-display-component---NewYard--addressNewCostObjectCstID-vhi"}]}
RESULT: undefined
COMMAND: POST /session/0f1a76f034524fb81e132040000fab4c/element - {"using":"xpath","value":"//*[@id=\"application-manageyards-display-component---NewYard--addressNewCostObjectCstID-vhi\"]"}
RESULT: {}
RESULT: {"using":"xpath","value":"//*[@id=\"application-manageyards-display-component---NewYard--addressNewCostObjectCstID-vhi\"]"}
COMMAND: POST /session/0f1a76f034524fb81e132040000fab4c/element/f.B1FA83ECA557CC0058036F6FC01E2632.d.2C2CE42B84927ECEFB0E9F9FDB3235EA.e.4214/click - {}
RESULT: {}
COMMAND: GET /session/0f1a76f034524fb81e132040000fab4c/screenshot - {}
RESULT: {}
COMMAND: POST /session/0f1a76f034524fb81e132040000fab4c/execute/async - {"script":"<script> [1562 bytes]","args":[{"selector":{"controlType":"sap.m.SearchField","properties":{"placeholder":"Search"},"searchOpenDialogs":true,"interaction":{"idSuffix":"I"}},"wdio_ui5_key":"sapm.SearchField{\"placeholder\":\"Search\"}"}]}
RESULT: {"script":"<script> [1562 bytes]","args":[{"selector":{"controlType":"sap.m.SearchField","properties":{"placeholder":"Search"},"searchOpenDialogs":true,"interaction":{"idSuffix":"I"}},"wdio_ui5_key":"sapm.SearchField{\"placeholder\":\"Search\"}"}]}
RESULT: undefined
COMMAND: POST /session/0f1a76f034524fb81e132040000fab4c/execute/async - {"script":"<script> [776 bytes]","args":[{"enterText":"bauh_b","selector":{"controlType":"sap.m.SearchField","properties":{"placeholder":"Search"},"searchOpenDialogs":true,"interaction":{"idSuffix":"I"}},"clearTextFirst":true,"interactionType":"ENTER_TEXT"}]}
RESULT: {"script":"<script> [776 bytes]","args":[{"enterText":"bauh_b","selector":{"controlType":"sap.m.SearchField","properties":{"placeholder":"Search"},"searchOpenDialogs":true,"interaction":{"idSuffix":"I"}},"clearTextFirst":true,"interactionType":"ENTER_TEXT"}]}
COMMAND: POST /session/0f1a76f034524fb81e132040000fab4c/actions - {"actions":[{"id":"action12","type":"key","parameters":{},"actions":[{"type":"keyDown","value":"î€‡"},{"type":"pause","duration":10},{"type":"keyUp","value":"î€‡"}]}]}
RESULT: {"actions":[{"id":"action12","type":"key","parameters":{},"actions":[{"type":"keyDown","value":"î€‡"},{"type":"pause","duration":10},{"type":"keyUp","value":"î€‡"}]}]}
COMMAND: GET /session/0f1a76f034524fb81e132040000fab4c/screenshot - {}
RESULT: {}
COMMAND: POST /session/0f1a76f034524fb81e132040000fab4c/element - {"using":"xpath","value":"//span[contains(text(), \"Demo Yard\")]"}
RESULT: {"using":"xpath","value":"//span[contains(text(), \"Demo Yard\")]"}
COMMAND: POST /session/0f1a76f034524fb81e132040000fab4c/element/f.B1FA83ECA557CC0058036F6FC01E2632.d.2C2CE42B84927ECEFB0E9F9FDB3235EA.e.4254/click - {}
RESULT: {}
COMMAND: GET /session/0f1a76f034524fb81e132040000fab4c/screenshot - {}
RESULT: {}
COMMAND: POST /session/0f1a76f034524fb81e132040000fab4c/element - {"using":"xpath","value":"//bdi[contains(text(), \"OK\")]"}
RESULT: {"using":"xpath","value":"//bdi[contains(text(), \"OK\")]"}
COMMAND: POST /session/0f1a76f034524fb81e132040000fab4c/element/f.B1FA83ECA557CC0058036F6FC01E2632.d.2C2CE42B84927ECEFB0E9F9FDB3235EA.e.4255/click - {}
RESULT: {}
COMMAND: GET /session/0f1a76f034524fb81e132040000fab4c/screenshot - {}
RESULT: {}
COMMAND: POST /session/0f1a76f034524fb81e132040000fab4c/execute/async - {"script":"<script> [1562 bytes]","args":[{"selector":{"id":"application-manageyards-display-component---NewYard--addressEditDetailsCurrency-arrow"},"wdio_ui5_key":"applicationmanageyards-display-component---NewYard--addressEditDetailsCurrency-arrow"}]}
RESULT: {"script":"<script> [1562 bytes]","args":[{"selector":{"id":"application-manageyards-display-component---NewYard--addressEditDetailsCurrency-arrow"},"wdio_ui5_key":"applicationmanageyards-display-component---NewYard--addressEditDetailsCurrency-arrow"}]}
RESULT: undefined
COMMAND: POST /session/0f1a76f034524fb81e132040000fab4c/element - {"using":"xpath","value":"//*[@id=\"application-manageyards-display-component---NewYard--addressEditDetailsCurrency-arrow\"]"}
RESULT: {"using":"xpath","value":"//*[@id=\"application-manageyards-display-component---NewYard--addressEditDetailsCurrency-arrow\"]"}
COMMAND: POST /session/0f1a76f034524fb81e132040000fab4c/element/f.B1FA83ECA557CC0058036F6FC01E2632.d.2C2CE42B84927ECEFB0E9F9FDB3235EA.e.4258/click - {}
RESULT: {}
COMMAND: POST /session/0f1a76f034524fb81e132040000fab4c/element - {"using":"xpath","value":"//span[contains(text(), \"Euro\")]"}
COMMAND: GET /session/0f1a76f034524fb81e132040000fab4c/screenshot - {}
RESULT: {"using":"xpath","value":"//span[contains(text(), \"Euro\")]"}
COMMAND: POST /session/0f1a76f034524fb81e132040000fab4c/element/f.B1FA83ECA557CC0058036F6FC01E2632.d.2C2CE42B84927ECEFB0E9F9FDB3235EA.e.4259/click - {}
RESULT: {}
RESULT: {}
COMMAND: POST /session/0f1a76f034524fb81e132040000fab4c/execute/async - {"script":"<script> [1562 bytes]","args":[{"selector":{"controlType":"sap.m.Input","viewName":"etm.portal.ui.manageyards.view.New","viewId":"application-manageyards-display-component---NewYard","bindingPath":{"path":"","propertyPath":"/CONTROLLING_AREA","modelName":"NewYardModel"},"interaction":{"idSuffix":"inner"}},"wdio_ui5_key":"etmportal.ui.manageyards.view.Newsap.m.Input{\"path\":\"\",\"propertyPath\":\"/CONTROLLING_AREA\",\"modelName\":\"NewYardModel\"}"}]}
COMMAND: GET /session/0f1a76f034524fb81e132040000fab4c/screenshot - {}
RESULT: {"script":"<script> [1562 bytes]","args":[{"selector":{"controlType":"sap.m.Input","viewName":"etm.portal.ui.manageyards.view.New","viewId":"application-manageyards-display-component---NewYard","bindingPath":{"path":"","propertyPath":"/CONTROLLING_AREA","modelName":"NewYardModel"},"interaction":{"idSuffix":"inner"}},"wdio_ui5_key":"etmportal.ui.manageyards.view.Newsap.m.Input{\"path\":\"\",\"propertyPath\":\"/CONTROLLING_AREA\",\"modelName\":\"NewYardModel\"}"}]}
RESULT: undefined
COMMAND: POST /session/0f1a76f034524fb81e132040000fab4c/execute/async - {"script":"<script> [776 bytes]","args":[{"enterText":"Z001","selector":{"controlType":"sap.m.Input","viewName":"etm.portal.ui.manageyards.view.New","viewId":"application-manageyards-display-component---NewYard","bindingPath":{"path":"","propertyPath":"/CONTROLLING_AREA","modelName":"NewYardModel"},"interaction":{"idSuffix":"inner"}},"clearTextFirst":true,"interactionType":"ENTER_TEXT"}]}
RESULT: {}
RESULT: {"script":"<script> [776 bytes]","args":[{"enterText":"Z001","selector":{"controlType":"sap.m.Input","viewName":"etm.portal.ui.manageyards.view.New","viewId":"application-manageyards-display-component---NewYard","bindingPath":{"path":"","propertyPath":"/CONTROLLING_AREA","modelName":"NewYardModel"},"interaction":{"idSuffix":"inner"}},"clearTextFirst":true,"interactionType":"ENTER_TEXT"}]}
COMMAND: POST /session/0f1a76f034524fb81e132040000fab4c/execute/async - {"script":"<script> [1562 bytes]","args":[{"selector":{"id":"application-manageyards-display-component---NewYard--companyCodeComboBox","interaction":{"idSuffix":"inner"}},"wdio_ui5_key":"applicationmanageyards-display-component---NewYard--companyCodeComboBox"}]}
RESULT: {"script":"<script> [1562 bytes]","args":[{"selector":{"id":"application-manageyards-display-component---NewYard--companyCodeComboBox","interaction":{"idSuffix":"inner"}},"wdio_ui5_key":"applicationmanageyards-display-component---NewYard--companyCodeComboBox"}]}
RESULT: undefined
COMMAND: POST /session/0f1a76f034524fb81e132040000fab4c/execute/async - {"script":"<script> [776 bytes]","args":[{"enterText":"1000","selector":{"id":"application-manageyards-display-component---NewYard--companyCodeComboBox","interaction":{"idSuffix":"inner"}},"clearTextFirst":true,"interactionType":"ENTER_TEXT"}]}
RESULT: {"script":"<script> [776 bytes]","args":[{"enterText":"1000","selector":{"id":"application-manageyards-display-component---NewYard--companyCodeComboBox","interaction":{"idSuffix":"inner"}},"clearTextFirst":true,"interactionType":"ENTER_TEXT"}]}
COMMAND: POST /session/0f1a76f034524fb81e132040000fab4c/execute/async - {"script":"<script> [1562 bytes]","args":[{"selector":{"controlType":"sap.m.Input","viewName":"etm.portal.ui.manageyards.view.New","viewId":"application-manageyards-display-component---NewYard","bindingPath":{"path":"","propertyPath":"/PLANT","modelName":"NewYardModel"},"interaction":{"idSuffix":"inner"}},"wdio_ui5_key":"etmportal.ui.manageyards.view.Newsap.m.Input{\"path\":\"\",\"propertyPath\":\"/PLANT\",\"modelName\":\"NewYardModel\"}"}]}
RESULT: {"script":"<script> [1562 bytes]","args":[{"selector":{"controlType":"sap.m.Input","viewName":"etm.portal.ui.manageyards.view.New","viewId":"application-manageyards-display-component---NewYard","bindingPath":{"path":"","propertyPath":"/PLANT","modelName":"NewYardModel"},"interaction":{"idSuffix":"inner"}},"wdio_ui5_key":"etmportal.ui.manageyards.view.Newsap.m.Input{\"path\":\"\",\"propertyPath\":\"/PLANT\",\"modelName\":\"NewYardModel\"}"}]}
RESULT: undefined
COMMAND: POST /session/0f1a76f034524fb81e132040000fab4c/execute/async - {"script":"<script> [776 bytes]","args":[{"enterText":"1001","selector":{"controlType":"sap.m.Input","viewName":"etm.portal.ui.manageyards.view.New","viewId":"application-manageyards-display-component---NewYard","bindingPath":{"path":"","propertyPath":"/PLANT","modelName":"NewYardModel"},"interaction":{"idSuffix":"inner"}},"clearTextFirst":true,"interactionType":"ENTER_TEXT"}]}
RESULT: {"script":"<script> [776 bytes]","args":[{"enterText":"1001","selector":{"controlType":"sap.m.Input","viewName":"etm.portal.ui.manageyards.view.New","viewId":"application-manageyards-display-component---NewYard","bindingPath":{"path":"","propertyPath":"/PLANT","modelName":"NewYardModel"},"interaction":{"idSuffix":"inner"}},"clearTextFirst":true,"interactionType":"ENTER_TEXT"}]}
COMMAND: POST /session/0f1a76f034524fb81e132040000fab4c/execute/async - {"script":"<script> [1562 bytes]","args":[{"selector":{"controlType":"sap.m.Input","viewName":"etm.portal.ui.manageyards.view.New","viewId":"application-manageyards-display-component---NewYard","bindingPath":{"path":"","propertyPath":"/SALES_AREA_VKORG","modelName":"NewYardModel"},"interaction":{"idSuffix":"inner"}},"wdio_ui5_key":"etmportal.ui.manageyards.view.Newsap.m.Input{\"path\":\"\",\"propertyPath\":\"/SALES_AREA_VKORG\",\"modelName\":\"NewYardModel\"}"}]}
RESULT: {"script":"<script> [1562 bytes]","args":[{"selector":{"controlType":"sap.m.Input","viewName":"etm.portal.ui.manageyards.view.New","viewId":"application-manageyards-display-component---NewYard","bindingPath":{"path":"","propertyPath":"/SALES_AREA_VKORG","modelName":"NewYardModel"},"interaction":{"idSuffix":"inner"}},"wdio_ui5_key":"etmportal.ui.manageyards.view.Newsap.m.Input{\"path\":\"\",\"propertyPath\":\"/SALES_AREA_VKORG\",\"modelName\":\"NewYardModel\"}"}]}
RESULT: undefined
COMMAND: POST /session/0f1a76f034524fb81e132040000fab4c/execute/async - {"script":"<script> [776 bytes]","args":[{"enterText":"C002","selector":{"controlType":"sap.m.Input","viewName":"etm.portal.ui.manageyards.view.New","viewId":"application-manageyards-display-component---NewYard","bindingPath":{"path":"","propertyPath":"/SALES_AREA_VKORG","modelName":"NewYardModel"},"interaction":{"idSuffix":"inner"}},"clearTextFirst":true,"interactionType":"ENTER_TEXT"}]}
RESULT: {"script":"<script> [776 bytes]","args":[{"enterText":"C002","selector":{"controlType":"sap.m.Input","viewName":"etm.portal.ui.manageyards.view.New","viewId":"application-manageyards-display-component---NewYard","bindingPath":{"path":"","propertyPath":"/SALES_AREA_VKORG","modelName":"NewYardModel"},"interaction":{"idSuffix":"inner"}},"clearTextFirst":true,"interactionType":"ENTER_TEXT"}]}
COMMAND: POST /session/0f1a76f034524fb81e132040000fab4c/execute/async - {"script":"<script> [1562 bytes]","args":[{"selector":{"controlType":"sap.m.Input","viewName":"etm.portal.ui.manageyards.view.New","viewId":"application-manageyards-display-component---NewYard","bindingPath":{"path":"","propertyPath":"/SALES_AREA_VTWEG","modelName":"NewYardModel"},"interaction":{"idSuffix":"inner"}},"wdio_ui5_key":"etmportal.ui.manageyards.view.Newsap.m.Input{\"path\":\"\",\"propertyPath\":\"/SALES_AREA_VTWEG\",\"modelName\":\"NewYardModel\"}"}]}
RESULT: {"script":"<script> [1562 bytes]","args":[{"selector":{"controlType":"sap.m.Input","viewName":"etm.portal.ui.manageyards.view.New","viewId":"application-manageyards-display-component---NewYard","bindingPath":{"path":"","propertyPath":"/SALES_AREA_VTWEG","modelName":"NewYardModel"},"interaction":{"idSuffix":"inner"}},"wdio_ui5_key":"etmportal.ui.manageyards.view.Newsap.m.Input{\"path\":\"\",\"propertyPath\":\"/SALES_AREA_VTWEG\",\"modelName\":\"NewYardModel\"}"}]}
RESULT: undefined
COMMAND: POST /session/0f1a76f034524fb81e132040000fab4c/execute/async - {"script":"<script> [776 bytes]","args":[{"enterText":"C2","selector":{"controlType":"sap.m.Input","viewName":"etm.portal.ui.manageyards.view.New","viewId":"application-manageyards-display-component---NewYard","bindingPath":{"path":"","propertyPath":"/SALES_AREA_VTWEG","modelName":"NewYardModel"},"interaction":{"idSuffix":"inner"}},"clearTextFirst":true,"interactionType":"ENTER_TEXT"}]}
RESULT: {"script":"<script> [776 bytes]","args":[{"enterText":"C2","selector":{"controlType":"sap.m.Input","viewName":"etm.portal.ui.manageyards.view.New","viewId":"application-manageyards-display-component---NewYard","bindingPath":{"path":"","propertyPath":"/SALES_AREA_VTWEG","modelName":"NewYardModel"},"interaction":{"idSuffix":"inner"}},"clearTextFirst":true,"interactionType":"ENTER_TEXT"}]}
COMMAND: POST /session/0f1a76f034524fb81e132040000fab4c/execute/async - {"script":"<script> [1562 bytes]","args":[{"selector":{"controlType":"sap.m.Input","viewName":"etm.portal.ui.manageyards.view.New","viewId":"application-manageyards-display-component---NewYard","bindingPath":{"path":"","propertyPath":"/SALES_AREA_SPART","modelName":"NewYardModel"},"interaction":{"idSuffix":"inner"}},"wdio_ui5_key":"etmportal.ui.manageyards.view.Newsap.m.Input{\"path\":\"\",\"propertyPath\":\"/SALES_AREA_SPART\",\"modelName\":\"NewYardModel\"}"}]}
RESULT: {"script":"<script> [1562 bytes]","args":[{"selector":{"controlType":"sap.m.Input","viewName":"etm.portal.ui.manageyards.view.New","viewId":"application-manageyards-display-component---NewYard","bindingPath":{"path":"","propertyPath":"/SALES_AREA_SPART","modelName":"NewYardModel"},"interaction":{"idSuffix":"inner"}},"wdio_ui5_key":"etmportal.ui.manageyards.view.Newsap.m.Input{\"path\":\"\",\"propertyPath\":\"/SALES_AREA_SPART\",\"modelName\":\"NewYardModel\"}"}]}
RESULT: undefined
COMMAND: POST /session/0f1a76f034524fb81e132040000fab4c/execute/async - {"script":"<script> [776 bytes]","args":[{"enterText":"C2","selector":{"controlType":"sap.m.Input","viewName":"etm.portal.ui.manageyards.view.New","viewId":"application-manageyards-display-component---NewYard","bindingPath":{"path":"","propertyPath":"/SALES_AREA_SPART","modelName":"NewYardModel"},"interaction":{"idSuffix":"inner"}},"clearTextFirst":true,"interactionType":"ENTER_TEXT"}]}
RESULT: {"script":"<script> [776 bytes]","args":[{"enterText":"C2","selector":{"controlType":"sap.m.Input","viewName":"etm.portal.ui.manageyards.view.New","viewId":"application-manageyards-display-component---NewYard","bindingPath":{"path":"","propertyPath":"/SALES_AREA_SPART","modelName":"NewYardModel"},"interaction":{"idSuffix":"inner"}},"clearTextFirst":true,"interactionType":"ENTER_TEXT"}]}
COMMAND: POST /session/0f1a76f034524fb81e132040000fab4c/execute/async - {"script":"<script> [1562 bytes]","args":[{"selector":{"controlType":"sap.m.Input","viewName":"etm.portal.ui.manageyards.view.New","viewId":"application-manageyards-display-component---NewYard","bindingPath":{"path":"","propertyPath":"/SHIP_POINT","modelName":"NewYardModel"},"interaction":{"idSuffix":"inner"}},"wdio_ui5_key":"etmportal.ui.manageyards.view.Newsap.m.Input{\"path\":\"\",\"propertyPath\":\"/SHIP_POINT\",\"modelName\":\"NewYardModel\"}"}]}
RESULT: {"script":"<script> [1562 bytes]","args":[{"selector":{"controlType":"sap.m.Input","viewName":"etm.portal.ui.manageyards.view.New","viewId":"application-manageyards-display-component---NewYard","bindingPath":{"path":"","propertyPath":"/SHIP_POINT","modelName":"NewYardModel"},"interaction":{"idSuffix":"inner"}},"wdio_ui5_key":"etmportal.ui.manageyards.view.Newsap.m.Input{\"path\":\"\",\"propertyPath\":\"/SHIP_POINT\",\"modelName\":\"NewYardModel\"}"}]}
RESULT: undefined
COMMAND: POST /session/0f1a76f034524fb81e132040000fab4c/execute/async - {"script":"<script> [776 bytes]","args":[{"enterText":"1710","selector":{"controlType":"sap.m.Input","viewName":"etm.portal.ui.manageyards.view.New","viewId":"application-manageyards-display-component---NewYard","bindingPath":{"path":"","propertyPath":"/SHIP_POINT","modelName":"NewYardModel"},"interaction":{"idSuffix":"inner"}},"clearTextFirst":true,"interactionType":"ENTER_TEXT"}]}
RESULT: {"script":"<script> [776 bytes]","args":[{"enterText":"1710","selector":{"controlType":"sap.m.Input","viewName":"etm.portal.ui.manageyards.view.New","viewId":"application-manageyards-display-component---NewYard","bindingPath":{"path":"","propertyPath":"/SHIP_POINT","modelName":"NewYardModel"},"interaction":{"idSuffix":"inner"}},"clearTextFirst":true,"interactionType":"ENTER_TEXT"}]}
COMMAND: POST /session/0f1a76f034524fb81e132040000fab4c/execute/async - {"script":"<script> [1562 bytes]","args":[{"selector":{"controlType":"sap.m.Input","viewName":"etm.portal.ui.manageyards.view.New","viewId":"application-manageyards-display-component---NewYard","bindingPath":{"path":"","propertyPath":"/DELIVERY_TYPE","modelName":"NewYardModel"},"interaction":{"idSuffix":"inner"}},"wdio_ui5_key":"etmportal.ui.manageyards.view.Newsap.m.Input{\"path\":\"\",\"propertyPath\":\"/DELIVERY_TYPE\",\"modelName\":\"NewYardModel\"}"}]}
RESULT: {"script":"<script> [1562 bytes]","args":[{"selector":{"controlType":"sap.m.Input","viewName":"etm.portal.ui.manageyards.view.New","viewId":"application-manageyards-display-component---NewYard","bindingPath":{"path":"","propertyPath":"/DELIVERY_TYPE","modelName":"NewYardModel"},"interaction":{"idSuffix":"inner"}},"wdio_ui5_key":"etmportal.ui.manageyards.view.Newsap.m.Input{\"path\":\"\",\"propertyPath\":\"/DELIVERY_TYPE\",\"modelName\":\"NewYardModel\"}"}]}
RESULT: undefined
COMMAND: POST /session/0f1a76f034524fb81e132040000fab4c/execute/async - {"script":"<script> [776 bytes]","args":[{"enterText":"ZL01","selector":{"controlType":"sap.m.Input","viewName":"etm.portal.ui.manageyards.view.New","viewId":"application-manageyards-display-component---NewYard","bindingPath":{"path":"","propertyPath":"/DELIVERY_TYPE","modelName":"NewYardModel"},"interaction":{"idSuffix":"inner"}},"clearTextFirst":true,"interactionType":"ENTER_TEXT"}]}
RESULT: {"script":"<script> [776 bytes]","args":[{"enterText":"ZL01","selector":{"controlType":"sap.m.Input","viewName":"etm.portal.ui.manageyards.view.New","viewId":"application-manageyards-display-component---NewYard","bindingPath":{"path":"","propertyPath":"/DELIVERY_TYPE","modelName":"NewYardModel"},"interaction":{"idSuffix":"inner"}},"clearTextFirst":true,"interactionType":"ENTER_TEXT"}]}
COMMAND: POST /session/0f1a76f034524fb81e132040000fab4c/execute/async - {"script":"<script> [1562 bytes]","args":[{"selector":{"controlType":"sap.m.Input","viewName":"etm.portal.ui.manageyards.view.New","viewId":"application-manageyards-display-component---NewYard","bindingPath":{"path":"","propertyPath":"/AUART","modelName":"NewYardModel"},"interaction":{"idSuffix":"inner"}},"wdio_ui5_key":"etmportal.ui.manageyards.view.Newsap.m.Input{\"path\":\"\",\"propertyPath\":\"/AUART\",\"modelName\":\"NewYardModel\"}"}]}
RESULT: {"script":"<script> [1562 bytes]","args":[{"selector":{"controlType":"sap.m.Input","viewName":"etm.portal.ui.manageyards.view.New","viewId":"application-manageyards-display-component---NewYard","bindingPath":{"path":"","propertyPath":"/AUART","modelName":"NewYardModel"},"interaction":{"idSuffix":"inner"}},"wdio_ui5_key":"etmportal.ui.manageyards.view.Newsap.m.Input{\"path\":\"\",\"propertyPath\":\"/AUART\",\"modelName\":\"NewYardModel\"}"}]}
RESULT: undefined
COMMAND: POST /session/0f1a76f034524fb81e132040000fab4c/execute/async - {"script":"<script> [776 bytes]","args":[{"enterText":"TA","selector":{"controlType":"sap.m.Input","viewName":"etm.portal.ui.manageyards.view.New","viewId":"application-manageyards-display-component---NewYard","bindingPath":{"path":"","propertyPath":"/AUART","modelName":"NewYardModel"},"interaction":{"idSuffix":"inner"}},"clearTextFirst":true,"interactionType":"ENTER_TEXT"}]}
RESULT: {"script":"<script> [776 bytes]","args":[{"enterText":"TA","selector":{"controlType":"sap.m.Input","viewName":"etm.portal.ui.manageyards.view.New","viewId":"application-manageyards-display-component---NewYard","bindingPath":{"path":"","propertyPath":"/AUART","modelName":"NewYardModel"},"interaction":{"idSuffix":"inner"}},"clearTextFirst":true,"interactionType":"ENTER_TEXT"}]}
COMMAND: POST /session/0f1a76f034524fb81e132040000fab4c/element - {"using":"xpath","value":"//button[@data-kt=\"newYardSaveButton\"]"}
RESULT: {"using":"xpath","value":"//button[@data-kt=\"newYardSaveButton\"]"}
COMMAND: POST /session/0f1a76f034524fb81e132040000fab4c/element/f.B1FA83ECA557CC0058036F6FC01E2632.d.2C2CE42B84927ECEFB0E9F9FDB3235EA.e.4188/click - {}
RESULT: {}
COMMAND: GET /session/0f1a76f034524fb81e132040000fab4c/screenshot - {}
RESULT: {}
COMMAND: POST /session/0f1a76f034524fb81e132040000fab4c/element - {"using":"xpath","value":"//header[contains(@id, 'ObjectPageLayout-headerTitle')]/div[1]/div[2]/div[1]/span[1]"}
RESULT: {"using":"xpath","value":"//header[contains(@id, 'ObjectPageLayout-headerTitle')]/div[1]/div[2]/div[1]/span[1]"}
COMMAND: POST /session/0f1a76f034524fb81e132040000fab4c/elements - {"using":"xpath","value":"//header[contains(@id, 'ObjectPageLayout-headerTitle')]/div[1]/div[2]/div[1]/span[1]"}
RESULT: {"using":"xpath","value":"//header[contains(@id, 'ObjectPageLayout-headerTitle')]/div[1]/div[2]/div[1]/span[1]"}
COMMAND: POST /session/0f1a76f034524fb81e132040000fab4c/execute/sync - {"script":"<script> [56 bytes]","args":[{"element-6066-11e4-a52e-4f735466cecf":"f.B1FA83ECA557CC0058036F6FC01E2632.d.2C2CE42B84927ECEFB0E9F9FDB3235EA.e.4477","ELEMENT":"f.B1FA83ECA557CC0058036F6FC01E2632.d.2C2CE42B84927ECEFB0E9F9FDB3235EA.e.4477"}]}
RESULT: {"script":"<script> [56 bytes]","args":[{"element-6066-11e4-a52e-4f735466cecf":"f.B1FA83ECA557CC0058036F6FC01E2632.d.2C2CE42B84927ECEFB0E9F9FDB3235EA.e.4477","ELEMENT":"f.B1FA83ECA557CC0058036F6FC01E2632.d.2C2CE42B84927ECEFB0E9F9FDB3235EA.e.4477"}]}
COMMAND: GET /session/0f1a76f034524fb81e132040000fab4c/screenshot - {}
RESULT: {}
COMMAND: POST /session/0f1a76f034524fb81e132040000fab4c/element - {"using":"css selector","value":"#shell-header-logo"}
RESULT: {"using":"css selector","value":"#shell-header-logo"}
COMMAND: POST /session/0f1a76f034524fb81e132040000fab4c/element/f.B1FA83ECA557CC0058036F6FC01E2632.d.2C2CE42B84927ECEFB0E9F9FDB3235EA.e.3627/click - {}
RESULT: {}
COMMAND: GET /session/0f1a76f034524fb81e132040000fab4c/screenshot - {}
RESULT: {}
COMMAND: POST /session/0f1a76f034524fb81e132040000fab4c/execute/sync - {"script":"<script> [299 bytes]","args":[["getModel","getResource"]]}
RESULT: {"script":"<script> [299 bytes]","args":[["getModel","getResource"]]}
COMMAND: POST /session/0f1a76f034524fb81e132040000fab4c/window/fullscreen - {}
RESULT: {}
COMMAND: POST /session/0f1a76f034524fb81e132040000fab4c/execute/async - {"script":"<script> [1562 bytes]","args":[{"selector":{"controlType":"sap.m.GenericTile","properties":{"header":"Manage Partners"}},"wdio_ui5_key":"sapm.GenericTile{\"header\":\"Manage Partners\"}"}]}
COMMAND: GET /session/0f1a76f034524fb81e132040000fab4c/screenshot - {}
RESULT: {"script":"<script> [1562 bytes]","args":[{"selector":{"controlType":"sap.m.GenericTile","properties":{"header":"Manage Partners"}},"wdio_ui5_key":"sapm.GenericTile{\"header\":\"Manage Partners\"}"}]}
RESULT: undefined
COMMAND: POST /session/0f1a76f034524fb81e132040000fab4c/element - {"using":"xpath","value":"//*[@id=\"__tile30\"]"}
RESULT: {}
RESULT: {"using":"xpath","value":"//*[@id=\"__tile30\"]"}
COMMAND: POST /session/0f1a76f034524fb81e132040000fab4c/element/f.B1FA83ECA557CC0058036F6FC01E2632.d.2C2CE42B84927ECEFB0E9F9FDB3235EA.e.3640/click - {}
RESULT: {}
COMMAND: GET /session/0f1a76f034524fb81e132040000fab4c/screenshot - {}
RESULT: {}
COMMAND: POST /session/0f1a76f034524fb81e132040000fab4c/elements - {"using":"xpath","value":"//span[text()='Error']"}
RESULT: {"using":"xpath","value":"//span[text()='Error']"}
COMMAND: POST /session/0f1a76f034524fb81e132040000fab4c/element - {"using":"xpath","value":"//button[@data-kt=\"addButton\"]"}
RESULT: {"using":"xpath","value":"//button[@data-kt=\"addButton\"]"}
COMMAND: POST /session/0f1a76f034524fb81e132040000fab4c/elements - {"using":"xpath","value":"//button[@data-kt=\"addButton\"]"}
RESULT: {"using":"xpath","value":"//button[@data-kt=\"addButton\"]"}
COMMAND: POST /session/0f1a76f034524fb81e132040000fab4c/execute/sync - {"script":"<script> [8489 bytes]","args":[{"element-6066-11e4-a52e-4f735466cecf":"f.B1FA83ECA557CC0058036F6FC01E2632.d.2C2CE42B84927ECEFB0E9F9FDB3235EA.e.4524","ELEMENT":"f.B1FA83ECA557CC0058036F6FC01E2632.d.2C2CE42B84927ECEFB0E9F9FDB3235EA.e.4524"}]}
RESULT: {"script":"<script> [8489 bytes]","args":[{"element-6066-11e4-a52e-4f735466cecf":"f.B1FA83ECA557CC0058036F6FC01E2632.d.2C2CE42B84927ECEFB0E9F9FDB3235EA.e.4524","ELEMENT":"f.B1FA83ECA557CC0058036F6FC01E2632.d.2C2CE42B84927ECEFB0E9F9FDB3235EA.e.4524"}]}
COMMAND: GET /session/0f1a76f034524fb81e132040000fab4c/element/f.B1FA83ECA557CC0058036F6FC01E2632.d.2C2CE42B84927ECEFB0E9F9FDB3235EA.e.4524/enabled - {}
COMMAND: GET /session/0f1a76f034524fb81e132040000fab4c/screenshot - {}
RESULT: {}
COMMAND: POST /session/0f1a76f034524fb81e132040000fab4c/execute/sync - {"script":"<script> [8489 bytes]","args":[{"element-6066-11e4-a52e-4f735466cecf":"f.B1FA83ECA557CC0058036F6FC01E2632.d.2C2CE42B84927ECEFB0E9F9FDB3235EA.e.4524","ELEMENT":"f.B1FA83ECA557CC0058036F6FC01E2632.d.2C2CE42B84927ECEFB0E9F9FDB3235EA.e.4524"}]}
COMMAND: GET /session/0f1a76f034524fb81e132040000fab4c/screenshot - {}
RESULT: {}
RESULT: {"script":"<script> [8489 bytes]","args":[{"element-6066-11e4-a52e-4f735466cecf":"f.B1FA83ECA557CC0058036F6FC01E2632.d.2C2CE42B84927ECEFB0E9F9FDB3235EA.e.4524","ELEMENT":"f.B1FA83ECA557CC0058036F6FC01E2632.d.2C2CE42B84927ECEFB0E9F9FDB3235EA.e.4524"}]}
COMMAND: POST /session/0f1a76f034524fb81e132040000fab4c/execute/sync - {"script":"<script> [5351 bytes]","args":[{"element-6066-11e4-a52e-4f735466cecf":"f.B1FA83ECA557CC0058036F6FC01E2632.d.2C2CE42B84927ECEFB0E9F9FDB3235EA.e.4524","ELEMENT":"f.B1FA83ECA557CC0058036F6FC01E2632.d.2C2CE42B84927ECEFB0E9F9FDB3235EA.e.4524"}]}
COMMAND: GET /session/0f1a76f034524fb81e132040000fab4c/screenshot - {}
RESULT: {}
RESULT: {"script":"<script> [5351 bytes]","args":[{"element-6066-11e4-a52e-4f735466cecf":"f.B1FA83ECA557CC0058036F6FC01E2632.d.2C2CE42B84927ECEFB0E9F9FDB3235EA.e.4524","ELEMENT":"f.B1FA83ECA557CC0058036F6FC01E2632.d.2C2CE42B84927ECEFB0E9F9FDB3235EA.e.4524"}]}
COMMAND: POST /session/0f1a76f034524fb81e132040000fab4c/element/f.B1FA83ECA557CC0058036F6FC01E2632.d.2C2CE42B84927ECEFB0E9F9FDB3235EA.e.4524/click - {}
COMMAND: GET /session/0f1a76f034524fb81e132040000fab4c/screenshot - {}
RESULT: {}
RESULT: {}
COMMAND: GET /session/0f1a76f034524fb81e132040000fab4c/screenshot - {}
RESULT: {}
COMMAND: POST /session/0f1a76f034524fb81e132040000fab4c/execute/async - {"script":"<script> [1562 bytes]","args":[{"selector":{"id":"application-managepartners-display-component---NewPartner--addressDetailDetailsName1","interaction":{"idSuffix":"inner"}},"wdio_ui5_key":"applicationmanagepartners-display-component---NewPartner--addressDetailDetailsName1"}]}
RESULT: {}
RESULT: {"script":"<script> [1562 bytes]","args":[{"selector":{"id":"application-managepartners-display-component---NewPartner--addressDetailDetailsName1","interaction":{"idSuffix":"inner"}},"wdio_ui5_key":"applicationmanagepartners-display-component---NewPartner--addressDetailDetailsName1"}]}
RESULT: undefined
COMMAND: POST /session/0f1a76f034524fb81e132040000fab4c/execute/async - {"script":"<script> [776 bytes]","args":[{"enterText":"Intercompany Partner WDIO","selector":{"id":"application-managepartners-display-component---NewPartner--addressDetailDetailsName1","interaction":{"idSuffix":"inner"}},"clearTextFirst":true,"interactionType":"ENTER_TEXT"}]}
RESULT: {"script":"<script> [776 bytes]","args":[{"enterText":"Intercompany Partner WDIO","selector":{"id":"application-managepartners-display-component---NewPartner--addressDetailDetailsName1","interaction":{"idSuffix":"inner"}},"clearTextFirst":true,"interactionType":"ENTER_TEXT"}]}
COMMAND: POST /session/0f1a76f034524fb81e132040000fab4c/execute/async - {"script":"<script> [1562 bytes]","args":[{"selector":{"id":"application-managepartners-display-component---NewPartner--addressDetailDetailsLanguage-arrow"},"wdio_ui5_key":"applicationmanagepartners-display-component---NewPartner--addressDetailDetailsLanguage-arrow"}]}
RESULT: {"script":"<script> [1562 bytes]","args":[{"selector":{"id":"application-managepartners-display-component---NewPartner--addressDetailDetailsLanguage-arrow"},"wdio_ui5_key":"applicationmanagepartners-display-component---NewPartner--addressDetailDetailsLanguage-arrow"}]}
RESULT: undefined
COMMAND: POST /session/0f1a76f034524fb81e132040000fab4c/element - {"using":"xpath","value":"//*[@id=\"application-managepartners-display-component---NewPartner--addressDetailDetailsLanguage-arrow\"]"}
RESULT: {"using":"xpath","value":"//*[@id=\"application-managepartners-display-component---NewPartner--addressDetailDetailsLanguage-arrow\"]"}
COMMAND: POST /session/0f1a76f034524fb81e132040000fab4c/element/f.B1FA83ECA557CC0058036F6FC01E2632.d.2C2CE42B84927ECEFB0E9F9FDB3235EA.e.4964/click - {}
RESULT: {}
COMMAND: POST /session/0f1a76f034524fb81e132040000fab4c/element - {"using":"xpath","value":"//span[contains(text(), \"English\")]"}
COMMAND: GET /session/0f1a76f034524fb81e132040000fab4c/screenshot - {}
RESULT: {"using":"xpath","value":"//span[contains(text(), \"English\")]"}
COMMAND: POST /session/0f1a76f034524fb81e132040000fab4c/element/f.B1FA83ECA557CC0058036F6FC01E2632.d.2C2CE42B84927ECEFB0E9F9FDB3235EA.e.4965/click - {}
RESULT: {}
RESULT: {}
COMMAND: GET /session/0f1a76f034524fb81e132040000fab4c/screenshot - {}
RESULT: {}
COMMAND: POST /session/0f1a76f034524fb81e132040000fab4c/execute/async - {"script":"<script> [1562 bytes]","args":[{"selector":{"id":"application-managepartners-display-component---NewPartner--addressDetailDetailsCity1","interaction":{"idSuffix":"inner"}},"wdio_ui5_key":"applicationmanagepartners-display-component---NewPartner--addressDetailDetailsCity1"}]}
RESULT: {"script":"<script> [1562 bytes]","args":[{"selector":{"id":"application-managepartners-display-component---NewPartner--addressDetailDetailsCity1","interaction":{"idSuffix":"inner"}},"wdio_ui5_key":"applicationmanagepartners-display-component---NewPartner--addressDetailDetailsCity1"}]}
RESULT: undefined
COMMAND: POST /session/0f1a76f034524fb81e132040000fab4c/execute/async - {"script":"<script> [776 bytes]","args":[{"enterText":"Rosario","selector":{"id":"application-managepartners-display-component---NewPartner--addressDetailDetailsCity1","interaction":{"idSuffix":"inner"}},"clearTextFirst":true,"interactionType":"ENTER_TEXT"}]}
RESULT: {"script":"<script> [776 bytes]","args":[{"enterText":"Rosario","selector":{"id":"application-managepartners-display-component---NewPartner--addressDetailDetailsCity1","interaction":{"idSuffix":"inner"}},"clearTextFirst":true,"interactionType":"ENTER_TEXT"}]}
COMMAND: POST /session/0f1a76f034524fb81e132040000fab4c/execute/async - {"script":"<script> [1562 bytes]","args":[{"selector":{"id":"application-managepartners-display-component---NewPartner--addressDetailDetailsCountry-arrow"},"wdio_ui5_key":"applicationmanagepartners-display-component---NewPartner--addressDetailDetailsCountry-arrow"}]}
RESULT: {"script":"<script> [1562 bytes]","args":[{"selector":{"id":"application-managepartners-display-component---NewPartner--addressDetailDetailsCountry-arrow"},"wdio_ui5_key":"applicationmanagepartners-display-component---NewPartner--addressDetailDetailsCountry-arrow"}]}
RESULT: undefined
COMMAND: POST /session/0f1a76f034524fb81e132040000fab4c/element - {"using":"xpath","value":"//*[@id=\"application-managepartners-display-component---NewPartner--addressDetailDetailsCountry-arrow\"]"}
RESULT: {"using":"xpath","value":"//*[@id=\"application-managepartners-display-component---NewPartner--addressDetailDetailsCountry-arrow\"]"}
COMMAND: POST /session/0f1a76f034524fb81e132040000fab4c/element/f.B1FA83ECA557CC0058036F6FC01E2632.d.2C2CE42B84927ECEFB0E9F9FDB3235EA.e.4946/click - {}
RESULT: {}
COMMAND: POST /session/0f1a76f034524fb81e132040000fab4c/element - {"using":"xpath","value":"//span[contains(text(), \"Argentina\")]"}
COMMAND: GET /session/0f1a76f034524fb81e132040000fab4c/screenshot - {}
RESULT: {"using":"xpath","value":"//span[contains(text(), \"Argentina\")]"}
COMMAND: POST /session/0f1a76f034524fb81e132040000fab4c/element/f.B1FA83ECA557CC0058036F6FC01E2632.d.2C2CE42B84927ECEFB0E9F9FDB3235EA.e.4967/click - {}
RESULT: {}
RESULT: {}
COMMAND: GET /session/0f1a76f034524fb81e132040000fab4c/screenshot - {}
RESULT: {}
COMMAND: POST /session/0f1a76f034524fb81e132040000fab4c/element - {"using":"xpath","value":"//bdi[contains(text(), \"Commercial\")]"}
RESULT: {"using":"xpath","value":"//bdi[contains(text(), \"Commercial\")]"}
COMMAND: POST /session/0f1a76f034524fb81e132040000fab4c/element/f.B1FA83ECA557CC0058036F6FC01E2632.d.2C2CE42B84927ECEFB0E9F9FDB3235EA.e.4968/click - {}
RESULT: {}
COMMAND: GET /session/0f1a76f034524fb81e132040000fab4c/screenshot - {}
RESULT: {}
COMMAND: POST /session/0f1a76f034524fb81e132040000fab4c/execute/async - {"script":"<script> [1562 bytes]","args":[{"selector":{"id":"application-managepartners-display-component---NewPartner--partnerDetailInternal-arrow"},"wdio_ui5_key":"applicationmanagepartners-display-component---NewPartner--partnerDetailInternal-arrow"}]}
RESULT: {"script":"<script> [1562 bytes]","args":[{"selector":{"id":"application-managepartners-display-component---NewPartner--partnerDetailInternal-arrow"},"wdio_ui5_key":"applicationmanagepartners-display-component---NewPartner--partnerDetailInternal-arrow"}]}
RESULT: undefined
COMMAND: POST /session/0f1a76f034524fb81e132040000fab4c/element - {"using":"xpath","value":"//*[@id=\"application-managepartners-display-component---NewPartner--partnerDetailInternal-arrow\"]"}
RESULT: {"using":"xpath","value":"//*[@id=\"application-managepartners-display-component---NewPartner--partnerDetailInternal-arrow\"]"}
COMMAND: POST /session/0f1a76f034524fb81e132040000fab4c/element/f.B1FA83ECA557CC0058036F6FC01E2632.d.2C2CE42B84927ECEFB0E9F9FDB3235EA.e.4974/click - {}
RESULT: {}
COMMAND: POST /session/0f1a76f034524fb81e132040000fab4c/element - {"using":"xpath","value":"//span[contains(text(), \"Affiliated company\")]"}
COMMAND: GET /session/0f1a76f034524fb81e132040000fab4c/screenshot - {}
RESULT: {"using":"xpath","value":"//span[contains(text(), \"Affiliated company\")]"}
COMMAND: POST /session/0f1a76f034524fb81e132040000fab4c/element/f.B1FA83ECA557CC0058036F6FC01E2632.d.2C2CE42B84927ECEFB0E9F9FDB3235EA.e.4975/click - {}
RESULT: {}
RESULT: {}
COMMAND: POST /session/0f1a76f034524fb81e132040000fab4c/execute/async - {"script":"<script> [1562 bytes]","args":[{"selector":{"id":"application-managepartners-display-component---NewPartner--partnerDetailsCurrency-arrow"},"wdio_ui5_key":"applicationmanagepartners-display-component---NewPartner--partnerDetailsCurrency-arrow"}]}
COMMAND: GET /session/0f1a76f034524fb81e132040000fab4c/screenshot - {}
RESULT: {"script":"<script> [1562 bytes]","args":[{"selector":{"id":"application-managepartners-display-component---NewPartner--partnerDetailsCurrency-arrow"},"wdio_ui5_key":"applicationmanagepartners-display-component---NewPartner--partnerDetailsCurrency-arrow"}]}
RESULT: undefined
COMMAND: POST /session/0f1a76f034524fb81e132040000fab4c/element - {"using":"xpath","value":"//*[@id=\"application-managepartners-display-component---NewPartner--partnerDetailsCurrency-arrow\"]"}
RESULT: {}
RESULT: {"using":"xpath","value":"//*[@id=\"application-managepartners-display-component---NewPartner--partnerDetailsCurrency-arrow\"]"}
COMMAND: POST /session/0f1a76f034524fb81e132040000fab4c/element/f.B1FA83ECA557CC0058036F6FC01E2632.d.2C2CE42B84927ECEFB0E9F9FDB3235EA.e.4982/click - {}
RESULT: {}
COMMAND: POST /session/0f1a76f034524fb81e132040000fab4c/element - {"using":"xpath","value":"//span[contains(text(), \"Euro\")]"}
COMMAND: GET /session/0f1a76f034524fb81e132040000fab4c/screenshot - {}
RESULT: {"using":"xpath","value":"//span[contains(text(), \"Euro\")]"}
COMMAND: POST /session/0f1a76f034524fb81e132040000fab4c/element/f.B1FA83ECA557CC0058036F6FC01E2632.d.2C2CE42B84927ECEFB0E9F9FDB3235EA.e.4983/click - {}
RESULT: {}
RESULT: {}
COMMAND: POST /session/0f1a76f034524fb81e132040000fab4c/execute/async - {"script":"<script> [1562 bytes]","args":[{"selector":{"id":"application-managepartners-display-component---NewPartner--addressEditDetailsCostObjectCstType-arrow"},"wdio_ui5_key":"applicationmanagepartners-display-component---NewPartner--addressEditDetailsCostObjectCstType-arrow"}]}
COMMAND: GET /session/0f1a76f034524fb81e132040000fab4c/screenshot - {}
RESULT: {"script":"<script> [1562 bytes]","args":[{"selector":{"id":"application-managepartners-display-component---NewPartner--addressEditDetailsCostObjectCstType-arrow"},"wdio_ui5_key":"applicationmanagepartners-display-component---NewPartner--addressEditDetailsCostObjectCstType-arrow"}]}
RESULT: undefined
COMMAND: POST /session/0f1a76f034524fb81e132040000fab4c/element - {"using":"xpath","value":"//*[@id=\"application-managepartners-display-component---NewPartner--addressEditDetailsCostObjectCstType-arrow\"]"}
RESULT: {}
RESULT: {"using":"xpath","value":"//*[@id=\"application-managepartners-display-component---NewPartner--addressEditDetailsCostObjectCstType-arrow\"]"}
COMMAND: POST /session/0f1a76f034524fb81e132040000fab4c/element/f.B1FA83ECA557CC0058036F6FC01E2632.d.2C2CE42B84927ECEFB0E9F9FDB3235EA.e.4984/click - {}
RESULT: {}
COMMAND: POST /session/0f1a76f034524fb81e132040000fab4c/element - {"using":"xpath","value":"//span[contains(text(), \"Cost Center\")]"}
COMMAND: GET /session/0f1a76f034524fb81e132040000fab4c/screenshot - {}
RESULT: {"using":"xpath","value":"//span[contains(text(), \"Cost Center\")]"}
COMMAND: POST /session/0f1a76f034524fb81e132040000fab4c/element/f.B1FA83ECA557CC0058036F6FC01E2632.d.2C2CE42B84927ECEFB0E9F9FDB3235EA.e.4985/click - {}
RESULT: {}
RESULT: {}
COMMAND: GET /session/0f1a76f034524fb81e132040000fab4c/screenshot - {}
RESULT: {}
COMMAND: POST /session/0f1a76f034524fb81e132040000fab4c/element - {"using":"xpath","value":"//span[@id=\"application-managepartners-display-component---NewPartner--addressNewCostObjectCstID-vhi\"]"}
RESULT: {"using":"xpath","value":"//span[@id=\"application-managepartners-display-component---NewPartner--addressNewCostObjectCstID-vhi\"]"}
COMMAND: POST /session/0f1a76f034524fb81e132040000fab4c/execute/sync - {"script":"<script> [8489 bytes]","args":[{"element-6066-11e4-a52e-4f735466cecf":"f.B1FA83ECA557CC0058036F6FC01E2632.d.2C2CE42B84927ECEFB0E9F9FDB3235EA.e.4989","ELEMENT":"f.B1FA83ECA557CC0058036F6FC01E2632.d.2C2CE42B84927ECEFB0E9F9FDB3235EA.e.4989"}]}
RESULT: {"script":"<script> [8489 bytes]","args":[{"element-6066-11e4-a52e-4f735466cecf":"f.B1FA83ECA557CC0058036F6FC01E2632.d.2C2CE42B84927ECEFB0E9F9FDB3235EA.e.4989","ELEMENT":"f.B1FA83ECA557CC0058036F6FC01E2632.d.2C2CE42B84927ECEFB0E9F9FDB3235EA.e.4989"}]}
COMMAND: POST /session/0f1a76f034524fb81e132040000fab4c/execute/async - {"script":"<script> [1562 bytes]","args":[{"selector":{"id":"application-managepartners-display-component---NewPartner--addressNewCostObjectCstID-vhi"},"wdio_ui5_key":"applicationmanagepartners-display-component---NewPartner--addressNewCostObjectCstID-vhi"}]}
COMMAND: GET /session/0f1a76f034524fb81e132040000fab4c/screenshot - {}
RESULT: {"script":"<script> [1562 bytes]","args":[{"selector":{"id":"application-managepartners-display-component---NewPartner--addressNewCostObjectCstID-vhi"},"wdio_ui5_key":"applicationmanagepartners-display-component---NewPartner--addressNewCostObjectCstID-vhi"}]}
RESULT: undefined
COMMAND: POST /session/0f1a76f034524fb81e132040000fab4c/element - {"using":"xpath","value":"//*[@id=\"application-managepartners-display-component---NewPartner--addressNewCostObjectCstID-vhi\"]"}
RESULT: {}
RESULT: {"using":"xpath","value":"//*[@id=\"application-managepartners-display-component---NewPartner--addressNewCostObjectCstID-vhi\"]"}
COMMAND: POST /session/0f1a76f034524fb81e132040000fab4c/element/f.B1FA83ECA557CC0058036F6FC01E2632.d.2C2CE42B84927ECEFB0E9F9FDB3235EA.e.4989/click - {}
RESULT: {}
COMMAND: GET /session/0f1a76f034524fb81e132040000fab4c/screenshot - {}
RESULT: {}
RESULT: undefined
COMMAND: POST /session/0f1a76f034524fb81e132040000fab4c/execute/async - {"script":"<script> [776 bytes]","args":[{"enterText":"10001013","selector":{"controlType":"sap.m.SearchField","properties":{"placeholder":"Search"},"searchOpenDialogs":true,"interaction":{"idSuffix":"I"}},"clearTextFirst":true,"interactionType":"ENTER_TEXT"}]}
RESULT: {"script":"<script> [776 bytes]","args":[{"enterText":"10001013","selector":{"controlType":"sap.m.SearchField","properties":{"placeholder":"Search"},"searchOpenDialogs":true,"interaction":{"idSuffix":"I"}},"clearTextFirst":true,"interactionType":"ENTER_TEXT"}]}
COMMAND: POST /session/0f1a76f034524fb81e132040000fab4c/actions - {"actions":[{"id":"action13","type":"key","parameters":{},"actions":[{"type":"keyDown","value":"î€‡"},{"type":"pause","duration":10},{"type":"keyUp","value":"î€‡"}]}]}
RESULT: {"actions":[{"id":"action13","type":"key","parameters":{},"actions":[{"type":"keyDown","value":"î€‡"},{"type":"pause","duration":10},{"type":"keyUp","value":"î€‡"}]}]}
COMMAND: GET /session/0f1a76f034524fb81e132040000fab4c/screenshot - {}
RESULT: {}
COMMAND: POST /session/0f1a76f034524fb81e132040000fab4c/element - {"using":"xpath","value":"//span[contains(text(), \"General Management\")]"}
RESULT: {"using":"xpath","value":"//span[contains(text(), \"General Management\")]"}
COMMAND: POST /session/0f1a76f034524fb81e132040000fab4c/element/f.B1FA83ECA557CC0058036F6FC01E2632.d.2C2CE42B84927ECEFB0E9F9FDB3235EA.e.5028/click - {}
RESULT: {}
COMMAND: GET /session/0f1a76f034524fb81e132040000fab4c/screenshot - {}
RESULT: {}
COMMAND: POST /session/0f1a76f034524fb81e132040000fab4c/element - {"using":"xpath","value":"//bdi[contains(text(), \"OK\")]"}
RESULT: {"using":"xpath","value":"//bdi[contains(text(), \"OK\")]"}
COMMAND: POST /session/0f1a76f034524fb81e132040000fab4c/element/f.B1FA83ECA557CC0058036F6FC01E2632.d.2C2CE42B84927ECEFB0E9F9FDB3235EA.e.5029/click - {}
RESULT: {}
COMMAND: GET /session/0f1a76f034524fb81e132040000fab4c/screenshot - {}
RESULT: {}
COMMAND: POST /session/0f1a76f034524fb81e132040000fab4c/element - {"using":"xpath","value":"//input[@id=\"application-managepartners-display-component---NewPartner--companyCodeComboBox-inner\"]"}
RESULT: {"using":"xpath","value":"//input[@id=\"application-managepartners-display-component---NewPartner--companyCodeComboBox-inner\"]"}
COMMAND: POST /session/0f1a76f034524fb81e132040000fab4c/element/f.B1FA83ECA557CC0058036F6FC01E2632.d.2C2CE42B84927ECEFB0E9F9FDB3235EA.e.4825/clear - {}
RESULT: {}
COMMAND: POST /session/0f1a76f034524fb81e132040000fab4c/element/f.B1FA83ECA557CC0058036F6FC01E2632.d.2C2CE42B84927ECEFB0E9F9FDB3235EA.e.4825/value - {"text":"C002"}
COMMAND: GET /session/0f1a76f034524fb81e132040000fab4c/screenshot - {}
RESULT: {"text":"C002"}
COMMAND: GET /session/0f1a76f034524fb81e132040000fab4c/screenshot - {}
RESULT: {}
RESULT: {}
COMMAND: POST /session/0f1a76f034524fb81e132040000fab4c/element - {"using":"xpath","value":"//li[.//span[text()= \"C002\"]]"}
RESULT: {"using":"xpath","value":"//li[.//span[text()= \"C002\"]]"}
COMMAND: POST /session/0f1a76f034524fb81e132040000fab4c/element/f.B1FA83ECA557CC0058036F6FC01E2632.d.2C2CE42B84927ECEFB0E9F9FDB3235EA.e.5035/click - {}
RESULT: {}
COMMAND: GET /session/0f1a76f034524fb81e132040000fab4c/screenshot - {}
RESULT: {}
COMMAND: POST /session/0f1a76f034524fb81e132040000fab4c/execute/async - {"script":"<script> [1562 bytes]","args":[{"selector":{"id":"application-managepartners-display-component---NewPartner--btnAddTableRow-img"},"wdio_ui5_key":"applicationmanagepartners-display-component---NewPartner--btnAddTableRow-img"}]}
RESULT: {"script":"<script> [1562 bytes]","args":[{"selector":{"id":"application-managepartners-display-component---NewPartner--btnAddTableRow-img"},"wdio_ui5_key":"applicationmanagepartners-display-component---NewPartner--btnAddTableRow-img"}]}
RESULT: undefined
COMMAND: POST /session/0f1a76f034524fb81e132040000fab4c/element - {"using":"xpath","value":"//*[@id=\"application-managepartners-display-component---NewPartner--btnAddTableRow-img\"]"}
RESULT: {"using":"xpath","value":"//*[@id=\"application-managepartners-display-component---NewPartner--btnAddTableRow-img\"]"}
COMMAND: POST /session/0f1a76f034524fb81e132040000fab4c/element/f.B1FA83ECA557CC0058036F6FC01E2632.d.2C2CE42B84927ECEFB0E9F9FDB3235EA.e.5036/click - {}
RESULT: {}
COMMAND: GET /session/0f1a76f034524fb81e132040000fab4c/screenshot - {}
RESULT: {}
COMMAND: POST /session/0f1a76f034524fb81e132040000fab4c/element - {"using":"xpath","value":"//input[@id=\"application-managepartners-display-component---NewPartner--assignmentYard-application-managepartners-display-component---NewPartner--assignmentsTable-0-inner\"]"}
RESULT: {"using":"xpath","value":"//input[@id=\"application-managepartners-display-component---NewPartner--assignmentYard-application-managepartners-display-component---NewPartner--assignmentsTable-0-inner\"]"}
COMMAND: POST /session/0f1a76f034524fb81e132040000fab4c/element/f.B1FA83ECA557CC0058036F6FC01E2632.d.2C2CE42B84927ECEFB0E9F9FDB3235EA.e.5039/clear - {}
RESULT: {}
COMMAND: POST /session/0f1a76f034524fb81e132040000fab4c/element/f.B1FA83ECA557CC0058036F6FC01E2632.d.2C2CE42B84927ECEFB0E9F9FDB3235EA.e.5039/value - {"text":"699"}
COMMAND: GET /session/0f1a76f034524fb81e132040000fab4c/screenshot - {}
RESULT: {"text":"699"}
COMMAND: GET /session/0f1a76f034524fb81e132040000fab4c/screenshot - {}
RESULT: {}
RESULT: {}
COMMAND: POST /session/0f1a76f034524fb81e132040000fab4c/element - {"using":"xpath","value":"//li[.//span[text()='699']]"}
RESULT: {"using":"xpath","value":"//li[.//span[text()='699']]"}
COMMAND: POST /session/0f1a76f034524fb81e132040000fab4c/element/f.B1FA83ECA557CC0058036F6FC01E2632.d.2C2CE42B84927ECEFB0E9F9FDB3235EA.e.5048/click - {}
RESULT: {}
COMMAND: GET /session/0f1a76f034524fb81e132040000fab4c/screenshot - {}
RESULT: {}
COMMAND: POST /session/0f1a76f034524fb81e132040000fab4c/actions - {"actions":[{"id":"action14","type":"key","parameters":{},"actions":[{"type":"keyDown","value":"î€‡"},{"type":"pause","duration":10},{"type":"keyUp","value":"î€‡"}]}]}
RESULT: {"actions":[{"id":"action14","type":"key","parameters":{},"actions":[{"type":"keyDown","value":"î€‡"},{"type":"pause","duration":10},{"type":"keyUp","value":"î€‡"}]}]}
COMMAND: POST /session/0f1a76f034524fb81e132040000fab4c/execute/async - {"script":"<script> [1562 bytes]","args":[{"selector":{"id":"application-managepartners-display-component---NewPartner--externalCustomerComboBox-application-managepartners-display-component---NewPartner--assignmentsTable-0-vhi"},"wdio_ui5_key":"applicationmanagepartners-display-component---NewPartner--externalCustomerComboBox-application-managepartners-display-component---NewPartner--assignmentsTable-0-vhi"}]}
COMMAND: GET /session/0f1a76f034524fb81e132040000fab4c/screenshot - {}
RESULT: {"script":"<script> [1562 bytes]","args":[{"selector":{"id":"application-managepartners-display-component---NewPartner--externalCustomerComboBox-application-managepartners-display-component---NewPartner--assignmentsTable-0-vhi"},"wdio_ui5_key":"applicationmanagepartners-display-component---NewPartner--externalCustomerComboBox-application-managepartners-display-component---NewPartner--assignmentsTable-0-vhi"}]}
RESULT: undefined
COMMAND: POST /session/0f1a76f034524fb81e132040000fab4c/element - {"using":"xpath","value":"//*[@id=\"application-managepartners-display-component---NewPartner--externalCustomerComboBox-application-managepartners-display-component---NewPartner--assignmentsTable-0-vhi\"]"}
RESULT: {}
RESULT: {"using":"xpath","value":"//*[@id=\"application-managepartners-display-component---NewPartner--externalCustomerComboBox-application-managepartners-display-component---NewPartner--assignmentsTable-0-vhi\"]"}
COMMAND: POST /session/0f1a76f034524fb81e132040000fab4c/element/f.B1FA83ECA557CC0058036F6FC01E2632.d.2C2CE42B84927ECEFB0E9F9FDB3235EA.e.5052/click - {}
RESULT: {}
RESULT: undefined
COMMAND: POST /session/0f1a76f034524fb81e132040000fab4c/execute/async - {"script":"<script> [776 bytes]","args":[{"enterText":"300003","selector":{"controlType":"sap.m.SearchField","properties":{"placeholder":"Search"},"searchOpenDialogs":true,"interaction":{"idSuffix":"I"}},"clearTextFirst":true,"interactionType":"ENTER_TEXT"}]}
COMMAND: GET /session/0f1a76f034524fb81e132040000fab4c/screenshot - {}
RESULT: {"script":"<script> [776 bytes]","args":[{"enterText":"300003","selector":{"controlType":"sap.m.SearchField","properties":{"placeholder":"Search"},"searchOpenDialogs":true,"interaction":{"idSuffix":"I"}},"clearTextFirst":true,"interactionType":"ENTER_TEXT"}]}
COMMAND: POST /session/0f1a76f034524fb81e132040000fab4c/actions - {"actions":[{"id":"action15","type":"key","parameters":{},"actions":[{"type":"keyDown","value":"î€‡"},{"type":"pause","duration":10},{"type":"keyUp","value":"î€‡"}]}]}
RESULT: {}
RESULT: {"actions":[{"id":"action15","type":"key","parameters":{},"actions":[{"type":"keyDown","value":"î€‡"},{"type":"pause","duration":10},{"type":"keyUp","value":"î€‡"}]}]}
COMMAND: GET /session/0f1a76f034524fb81e132040000fab4c/screenshot - {}
RESULT: {}
COMMAND: POST /session/0f1a76f034524fb81e132040000fab4c/element - {"using":"xpath","value":"//span[contains(text(), \"300003\")]"}
RESULT: {"using":"xpath","value":"//span[contains(text(), \"300003\")]"}
COMMAND: POST /session/0f1a76f034524fb81e132040000fab4c/element/f.B1FA83ECA557CC0058036F6FC01E2632.d.2C2CE42B84927ECEFB0E9F9FDB3235EA.e.5069/click - {}
RESULT: {}
COMMAND: GET /session/0f1a76f034524fb81e132040000fab4c/screenshot - {}
RESULT: {}
COMMAND: POST /session/0f1a76f034524fb81e132040000fab4c/element - {"using":"xpath","value":"//bdi[contains(text(), \"OK\")]"}
RESULT: {"using":"xpath","value":"//bdi[contains(text(), \"OK\")]"}
COMMAND: POST /session/0f1a76f034524fb81e132040000fab4c/element/f.B1FA83ECA557CC0058036F6FC01E2632.d.2C2CE42B84927ECEFB0E9F9FDB3235EA.e.5071/click - {}
RESULT: {}
COMMAND: GET /session/0f1a76f034524fb81e132040000fab4c/screenshot - {}
RESULT: {}
COMMAND: POST /session/0f1a76f034524fb81e132040000fab4c/execute/async - {"script":"<script> [1562 bytes]","args":[{"selector":{"id":"application-managepartners-display-component---NewPartner--intercompVendorComboBox-application-managepartners-display-component---NewPartner--assignmentsTable-0-vhi"},"wdio_ui5_key":"applicationmanagepartners-display-component---NewPartner--intercompVendorComboBox-application-managepartners-display-component---NewPartner--assignmentsTable-0-vhi"}]}
RESULT: {"script":"<script> [1562 bytes]","args":[{"selector":{"id":"application-managepartners-display-component---NewPartner--intercompVendorComboBox-application-managepartners-display-component---NewPartner--assignmentsTable-0-vhi"},"wdio_ui5_key":"applicationmanagepartners-display-component---NewPartner--intercompVendorComboBox-application-managepartners-display-component---NewPartner--assignmentsTable-0-vhi"}]}
RESULT: undefined
COMMAND: POST /session/0f1a76f034524fb81e132040000fab4c/element - {"using":"xpath","value":"//*[@id=\"application-managepartners-display-component---NewPartner--intercompVendorComboBox-application-managepartners-display-component---NewPartner--assignmentsTable-0-vhi\"]"}
RESULT: {"using":"xpath","value":"//*[@id=\"application-managepartners-display-component---NewPartner--intercompVendorComboBox-application-managepartners-display-component---NewPartner--assignmentsTable-0-vhi\"]"}
COMMAND: POST /session/0f1a76f034524fb81e132040000fab4c/element/f.B1FA83ECA557CC0058036F6FC01E2632.d.2C2CE42B84927ECEFB0E9F9FDB3235EA.e.5075/click - {}
RESULT: {}
RESULT: undefined
COMMAND: POST /session/0f1a76f034524fb81e132040000fab4c/execute/async - {"script":"<script> [776 bytes]","args":[{"enterText":"100005","selector":{"controlType":"sap.m.SearchField","properties":{"placeholder":"Search"},"searchOpenDialogs":true,"interaction":{"idSuffix":"I"}},"clearTextFirst":true,"interactionType":"ENTER_TEXT"}]}
COMMAND: GET /session/0f1a76f034524fb81e132040000fab4c/screenshot - {}
RESULT: {"script":"<script> [776 bytes]","args":[{"enterText":"100005","selector":{"controlType":"sap.m.SearchField","properties":{"placeholder":"Search"},"searchOpenDialogs":true,"interaction":{"idSuffix":"I"}},"clearTextFirst":true,"interactionType":"ENTER_TEXT"}]}
COMMAND: POST /session/0f1a76f034524fb81e132040000fab4c/actions - {"actions":[{"id":"action16","type":"key","parameters":{},"actions":[{"type":"keyDown","value":"î€‡"},{"type":"pause","duration":10},{"type":"keyUp","value":"î€‡"}]}]}
RESULT: {}
RESULT: {"actions":[{"id":"action16","type":"key","parameters":{},"actions":[{"type":"keyDown","value":"î€‡"},{"type":"pause","duration":10},{"type":"keyUp","value":"î€‡"}]}]}
COMMAND: GET /session/0f1a76f034524fb81e132040000fab4c/screenshot - {}
RESULT: {}
COMMAND: POST /session/0f1a76f034524fb81e132040000fab4c/element - {"using":"xpath","value":"//span[contains(text(), \"Penguins - Field/12345 Berlin\")]"}
RESULT: {"using":"xpath","value":"//span[contains(text(), \"Penguins - Field/12345 Berlin\")]"}
COMMAND: POST /session/0f1a76f034524fb81e132040000fab4c/element/f.B1FA83ECA557CC0058036F6FC01E2632.d.2C2CE42B84927ECEFB0E9F9FDB3235EA.e.5092/click - {}
RESULT: {}
COMMAND: GET /session/0f1a76f034524fb81e132040000fab4c/screenshot - {}
RESULT: {}
COMMAND: POST /session/0f1a76f034524fb81e132040000fab4c/element - {"using":"xpath","value":"//bdi[contains(text(), \"OK\")]"}
RESULT: {"using":"xpath","value":"//bdi[contains(text(), \"OK\")]"}
COMMAND: POST /session/0f1a76f034524fb81e132040000fab4c/element/f.B1FA83ECA557CC0058036F6FC01E2632.d.2C2CE42B84927ECEFB0E9F9FDB3235EA.e.5093/click - {}
RESULT: {}
COMMAND: GET /session/0f1a76f034524fb81e132040000fab4c/screenshot - {}
RESULT: {}
COMMAND: POST /session/0f1a76f034524fb81e132040000fab4c/element - {"using":"xpath","value":"//button[@data-kt=\"saveButton\"]"}
RESULT: {"using":"xpath","value":"//button[@data-kt=\"saveButton\"]"}
COMMAND: POST /session/0f1a76f034524fb81e132040000fab4c/element/f.B1FA83ECA557CC0058036F6FC01E2632.d.2C2CE42B84927ECEFB0E9F9FDB3235EA.e.4948/click - {}
RESULT: {}
COMMAND: GET /session/0f1a76f034524fb81e132040000fab4c/screenshot - {}
RESULT: {}
COMMAND: POST /session/0f1a76f034524fb81e132040000fab4c/element - {"using":"xpath","value":"//header[contains(@id, 'ObjectPageLayout-headerTitle')]/div[1]/div[2]/div[2]/span[1]"}
RESULT: {"using":"xpath","value":"//header[contains(@id, 'ObjectPageLayout-headerTitle')]/div[1]/div[2]/div[2]/span[1]"}
COMMAND: POST /session/0f1a76f034524fb81e132040000fab4c/elements - {"using":"xpath","value":"//header[contains(@id, 'ObjectPageLayout-headerTitle')]/div[1]/div[2]/div[2]/span[1]"}
RESULT: {"using":"xpath","value":"//header[contains(@id, 'ObjectPageLayout-headerTitle')]/div[1]/div[2]/div[2]/span[1]"}
COMMAND: POST /session/0f1a76f034524fb81e132040000fab4c/execute/sync - {"script":"<script> [56 bytes]","args":[{"element-6066-11e4-a52e-4f735466cecf":"f.B1FA83ECA557CC0058036F6FC01E2632.d.2C2CE42B84927ECEFB0E9F9FDB3235EA.e.5261","ELEMENT":"f.B1FA83ECA557CC0058036F6FC01E2632.d.2C2CE42B84927ECEFB0E9F9FDB3235EA.e.5261"}]}
RESULT: {"script":"<script> [56 bytes]","args":[{"element-6066-11e4-a52e-4f735466cecf":"f.B1FA83ECA557CC0058036F6FC01E2632.d.2C2CE42B84927ECEFB0E9F9FDB3235EA.e.5261","ELEMENT":"f.B1FA83ECA557CC0058036F6FC01E2632.d.2C2CE42B84927ECEFB0E9F9FDB3235EA.e.5261"}]}
COMMAND: POST /session/0f1a76f034524fb81e132040000fab4c/element - {"using":"css selector","value":"#shell-header-logo"}
COMMAND: GET /session/0f1a76f034524fb81e132040000fab4c/screenshot - {}
RESULT: {"using":"css selector","value":"#shell-header-logo"}
COMMAND: POST /session/0f1a76f034524fb81e132040000fab4c/element/f.B1FA83ECA557CC0058036F6FC01E2632.d.2C2CE42B84927ECEFB0E9F9FDB3235EA.e.4480/click - {}
RESULT: {}
RESULT: {}
COMMAND: GET /session/0f1a76f034524fb81e132040000fab4c/screenshot - {}
RESULT: {}
COMMAND: POST /session/0f1a76f034524fb81e132040000fab4c/execute/sync - {"script":"<script> [299 bytes]","args":[["getModel","getResource"]]}
RESULT: {"script":"<script> [299 bytes]","args":[["getModel","getResource"]]}
COMMAND: POST /session/0f1a76f034524fb81e132040000fab4c/execute/async - {"script":"<script> [1562 bytes]","args":[{"selector":{"controlType":"sap.m.GenericTile","properties":{"header":"Manage Sites"}},"wdio_ui5_key":"sapm.GenericTile{\"header\":\"Manage Sites\"}"}]}
COMMAND: GET /session/0f1a76f034524fb81e132040000fab4c/screenshot - {}
RESULT: {"script":"<script> [1562 bytes]","args":[{"selector":{"controlType":"sap.m.GenericTile","properties":{"header":"Manage Sites"}},"wdio_ui5_key":"sapm.GenericTile{\"header\":\"Manage Sites\"}"}]}
RESULT: undefined
COMMAND: POST /session/0f1a76f034524fb81e132040000fab4c/element - {"using":"xpath","value":"//*[@id=\"__tile32\"]"}
RESULT: {}
RESULT: {"using":"xpath","value":"//*[@id=\"__tile32\"]"}
COMMAND: POST /session/0f1a76f034524fb81e132040000fab4c/element/f.B1FA83ECA557CC0058036F6FC01E2632.d.2C2CE42B84927ECEFB0E9F9FDB3235EA.e.3646/click - {}
RESULT: {}
COMMAND: GET /session/0f1a76f034524fb81e132040000fab4c/screenshot - {}
RESULT: {}
COMMAND: POST /session/0f1a76f034524fb81e132040000fab4c/elements - {"using":"xpath","value":"//span[text()='Error']"}
RESULT: {"using":"xpath","value":"//span[text()='Error']"}
COMMAND: POST /session/0f1a76f034524fb81e132040000fab4c/element - {"using":"xpath","value":"//button[@data-kt=\"addOverflowToolbarButton\"]"}
RESULT: {"using":"xpath","value":"//button[@data-kt=\"addOverflowToolbarButton\"]"}
COMMAND: POST /session/0f1a76f034524fb81e132040000fab4c/elements - {"using":"xpath","value":"//button[@data-kt=\"addOverflowToolbarButton\"]"}
RESULT: {"using":"xpath","value":"//button[@data-kt=\"addOverflowToolbarButton\"]"}
COMMAND: POST /session/0f1a76f034524fb81e132040000fab4c/execute/sync - {"script":"<script> [8489 bytes]","args":[{"element-6066-11e4-a52e-4f735466cecf":"f.B1FA83ECA557CC0058036F6FC01E2632.d.2C2CE42B84927ECEFB0E9F9FDB3235EA.e.5308","ELEMENT":"f.B1FA83ECA557CC0058036F6FC01E2632.d.2C2CE42B84927ECEFB0E9F9FDB3235EA.e.5308"}]}
RESULT: {"script":"<script> [8489 bytes]","args":[{"element-6066-11e4-a52e-4f735466cecf":"f.B1FA83ECA557CC0058036F6FC01E2632.d.2C2CE42B84927ECEFB0E9F9FDB3235EA.e.5308","ELEMENT":"f.B1FA83ECA557CC0058036F6FC01E2632.d.2C2CE42B84927ECEFB0E9F9FDB3235EA.e.5308"}]}
COMMAND: GET /session/0f1a76f034524fb81e132040000fab4c/element/f.B1FA83ECA557CC0058036F6FC01E2632.d.2C2CE42B84927ECEFB0E9F9FDB3235EA.e.5308/enabled - {}
COMMAND: GET /session/0f1a76f034524fb81e132040000fab4c/screenshot - {}
RESULT: {}
COMMAND: POST /session/0f1a76f034524fb81e132040000fab4c/execute/sync - {"script":"<script> [8489 bytes]","args":[{"element-6066-11e4-a52e-4f735466cecf":"f.B1FA83ECA557CC0058036F6FC01E2632.d.2C2CE42B84927ECEFB0E9F9FDB3235EA.e.5308","ELEMENT":"f.B1FA83ECA557CC0058036F6FC01E2632.d.2C2CE42B84927ECEFB0E9F9FDB3235EA.e.5308"}]}
COMMAND: GET /session/0f1a76f034524fb81e132040000fab4c/screenshot - {}
RESULT: {}
RESULT: {"script":"<script> [8489 bytes]","args":[{"element-6066-11e4-a52e-4f735466cecf":"f.B1FA83ECA557CC0058036F6FC01E2632.d.2C2CE42B84927ECEFB0E9F9FDB3235EA.e.5308","ELEMENT":"f.B1FA83ECA557CC0058036F6FC01E2632.d.2C2CE42B84927ECEFB0E9F9FDB3235EA.e.5308"}]}
COMMAND: POST /session/0f1a76f034524fb81e132040000fab4c/execute/sync - {"script":"<script> [5351 bytes]","args":[{"element-6066-11e4-a52e-4f735466cecf":"f.B1FA83ECA557CC0058036F6FC01E2632.d.2C2CE42B84927ECEFB0E9F9FDB3235EA.e.5308","ELEMENT":"f.B1FA83ECA557CC0058036F6FC01E2632.d.2C2CE42B84927ECEFB0E9F9FDB3235EA.e.5308"}]}
COMMAND: GET /session/0f1a76f034524fb81e132040000fab4c/screenshot - {}
RESULT: {}
RESULT: {"script":"<script> [5351 bytes]","args":[{"element-6066-11e4-a52e-4f735466cecf":"f.B1FA83ECA557CC0058036F6FC01E2632.d.2C2CE42B84927ECEFB0E9F9FDB3235EA.e.5308","ELEMENT":"f.B1FA83ECA557CC0058036F6FC01E2632.d.2C2CE42B84927ECEFB0E9F9FDB3235EA.e.5308"}]}
COMMAND: POST /session/0f1a76f034524fb81e132040000fab4c/element/f.B1FA83ECA557CC0058036F6FC01E2632.d.2C2CE42B84927ECEFB0E9F9FDB3235EA.e.5308/click - {}
COMMAND: GET /session/0f1a76f034524fb81e132040000fab4c/screenshot - {}
RESULT: {}
RESULT: {}
COMMAND: GET /session/0f1a76f034524fb81e132040000fab4c/screenshot - {}
COMMAND: POST /session/0f1a76f034524fb81e132040000fab4c/element - {"using":"xpath","value":"//input[@id=\"application-managesites-display-component---NewSite--siteId-inner\"]"}
RESULT: {}
RESULT: {}
RESULT: {"using":"xpath","value":"//input[@id=\"application-managesites-display-component---NewSite--siteId-inner\"]"}
COMMAND: POST /session/0f1a76f034524fb81e132040000fab4c/element - {"using":"xpath","value":"//input[@id=\"application-managesites-display-component---NewSite--siteId-inner\"]"}
RESULT: {"using":"xpath","value":"//input[@id=\"application-managesites-display-component---NewSite--siteId-inner\"]"}
COMMAND: POST /session/0f1a76f034524fb81e132040000fab4c/execute/async - {"script":"<script> [1562 bytes]","args":[{"selector":{"id":"application-managesites-display-component---NewSite--addressDetailDetailsName1","interaction":{"idSuffix":"inner"}},"wdio_ui5_key":"applicationmanagesites-display-component---NewSite--addressDetailDetailsName1"}]}
RESULT: {"script":"<script> [1562 bytes]","args":[{"selector":{"id":"application-managesites-display-component---NewSite--addressDetailDetailsName1","interaction":{"idSuffix":"inner"}},"wdio_ui5_key":"applicationmanagesites-display-component---NewSite--addressDetailDetailsName1"}]}
RESULT: undefined
COMMAND: POST /session/0f1a76f034524fb81e132040000fab4c/execute/async - {"script":"<script> [776 bytes]","args":[{"enterText":"Intercompany Site wdIO","selector":{"id":"application-managesites-display-component---NewSite--addressDetailDetailsName1","interaction":{"idSuffix":"inner"}},"clearTextFirst":true,"interactionType":"ENTER_TEXT"}]}
RESULT: {"script":"<script> [776 bytes]","args":[{"enterText":"Intercompany Site wdIO","selector":{"id":"application-managesites-display-component---NewSite--addressDetailDetailsName1","interaction":{"idSuffix":"inner"}},"clearTextFirst":true,"interactionType":"ENTER_TEXT"}]}
COMMAND: POST /session/0f1a76f034524fb81e132040000fab4c/execute/async - {"script":"<script> [1562 bytes]","args":[{"selector":{"id":"application-managesites-display-component---NewSite--addressDetailDetailsLanguage-arrow"},"wdio_ui5_key":"applicationmanagesites-display-component---NewSite--addressDetailDetailsLanguage-arrow"}]}
RESULT: {"script":"<script> [1562 bytes]","args":[{"selector":{"id":"application-managesites-display-component---NewSite--addressDetailDetailsLanguage-arrow"},"wdio_ui5_key":"applicationmanagesites-display-component---NewSite--addressDetailDetailsLanguage-arrow"}]}
RESULT: undefined
COMMAND: POST /session/0f1a76f034524fb81e132040000fab4c/element - {"using":"xpath","value":"//*[@id=\"application-managesites-display-component---NewSite--addressDetailDetailsLanguage-arrow\"]"}
RESULT: {"using":"xpath","value":"//*[@id=\"application-managesites-display-component---NewSite--addressDetailDetailsLanguage-arrow\"]"}
COMMAND: POST /session/0f1a76f034524fb81e132040000fab4c/element/f.B1FA83ECA557CC0058036F6FC01E2632.d.2C2CE42B84927ECEFB0E9F9FDB3235EA.e.5714/click - {}
RESULT: {}
COMMAND: POST /session/0f1a76f034524fb81e132040000fab4c/element - {"using":"xpath","value":"//span[contains(text(), \"English\")]"}
COMMAND: GET /session/0f1a76f034524fb81e132040000fab4c/screenshot - {}
RESULT: {"using":"xpath","value":"//span[contains(text(), \"English\")]"}
COMMAND: POST /session/0f1a76f034524fb81e132040000fab4c/element/f.B1FA83ECA557CC0058036F6FC01E2632.d.2C2CE42B84927ECEFB0E9F9FDB3235EA.e.5715/click - {}
RESULT: {}
RESULT: {}
COMMAND: POST /session/0f1a76f034524fb81e132040000fab4c/execute/async - {"script":"<script> [1562 bytes]","args":[{"selector":{"id":"application-managesites-display-component---NewSite--addressDetailDetailsCity1","interaction":{"idSuffix":"inner"}},"wdio_ui5_key":"applicationmanagesites-display-component---NewSite--addressDetailDetailsCity1"}]}
COMMAND: GET /session/0f1a76f034524fb81e132040000fab4c/screenshot - {}
RESULT: {"script":"<script> [1562 bytes]","args":[{"selector":{"id":"application-managesites-display-component---NewSite--addressDetailDetailsCity1","interaction":{"idSuffix":"inner"}},"wdio_ui5_key":"applicationmanagesites-display-component---NewSite--addressDetailDetailsCity1"}]}
RESULT: undefined
COMMAND: POST /session/0f1a76f034524fb81e132040000fab4c/execute/async - {"script":"<script> [776 bytes]","args":[{"enterText":"Rosario","selector":{"id":"application-managesites-display-component---NewSite--addressDetailDetailsCity1","interaction":{"idSuffix":"inner"}},"clearTextFirst":true,"interactionType":"ENTER_TEXT"}]}
RESULT: {}
RESULT: {"script":"<script> [776 bytes]","args":[{"enterText":"Rosario","selector":{"id":"application-managesites-display-component---NewSite--addressDetailDetailsCity1","interaction":{"idSuffix":"inner"}},"clearTextFirst":true,"interactionType":"ENTER_TEXT"}]}
COMMAND: POST /session/0f1a76f034524fb81e132040000fab4c/execute/async - {"script":"<script> [1562 bytes]","args":[{"selector":{"id":"application-managesites-display-component---NewSite--addressDetailDetailsCountry-arrow"},"wdio_ui5_key":"applicationmanagesites-display-component---NewSite--addressDetailDetailsCountry-arrow"}]}
RESULT: {"script":"<script> [1562 bytes]","args":[{"selector":{"id":"application-managesites-display-component---NewSite--addressDetailDetailsCountry-arrow"},"wdio_ui5_key":"applicationmanagesites-display-component---NewSite--addressDetailDetailsCountry-arrow"}]}
RESULT: undefined
COMMAND: POST /session/0f1a76f034524fb81e132040000fab4c/element - {"using":"xpath","value":"//*[@id=\"application-managesites-display-component---NewSite--addressDetailDetailsCountry-arrow\"]"}
RESULT: {"using":"xpath","value":"//*[@id=\"application-managesites-display-component---NewSite--addressDetailDetailsCountry-arrow\"]"}
COMMAND: POST /session/0f1a76f034524fb81e132040000fab4c/element/f.B1FA83ECA557CC0058036F6FC01E2632.d.2C2CE42B84927ECEFB0E9F9FDB3235EA.e.5717/click - {}
RESULT: {}
COMMAND: POST /session/0f1a76f034524fb81e132040000fab4c/element - {"using":"xpath","value":"//span[contains(text(), \"Argentina\")]"}
COMMAND: GET /session/0f1a76f034524fb81e132040000fab4c/screenshot - {}
RESULT: {"using":"xpath","value":"//span[contains(text(), \"Argentina\")]"}
COMMAND: POST /session/0f1a76f034524fb81e132040000fab4c/element/f.B1FA83ECA557CC0058036F6FC01E2632.d.2C2CE42B84927ECEFB0E9F9FDB3235EA.e.5718/click - {}
RESULT: {}
RESULT: {}
COMMAND: GET /session/0f1a76f034524fb81e132040000fab4c/screenshot - {}
RESULT: {}
COMMAND: POST /session/0f1a76f034524fb81e132040000fab4c/execute/async - {"script":"<script> [1562 bytes]","args":[{"selector":{"id":"application-managesites-display-component---NewSite--addressEditDetailsCostObjectCstType-arrow"},"wdio_ui5_key":"applicationmanagesites-display-component---NewSite--addressEditDetailsCostObjectCstType-arrow"}]}
RESULT: {"script":"<script> [1562 bytes]","args":[{"selector":{"id":"application-managesites-display-component---NewSite--addressEditDetailsCostObjectCstType-arrow"},"wdio_ui5_key":"applicationmanagesites-display-component---NewSite--addressEditDetailsCostObjectCstType-arrow"}]}
RESULT: undefined
COMMAND: POST /session/0f1a76f034524fb81e132040000fab4c/element - {"using":"xpath","value":"//*[@id=\"application-managesites-display-component---NewSite--addressEditDetailsCostObjectCstType-arrow\"]"}
RESULT: {"using":"xpath","value":"//*[@id=\"application-managesites-display-component---NewSite--addressEditDetailsCostObjectCstType-arrow\"]"}
COMMAND: POST /session/0f1a76f034524fb81e132040000fab4c/element/f.B1FA83ECA557CC0058036F6FC01E2632.d.2C2CE42B84927ECEFB0E9F9FDB3235EA.e.5720/click - {}
RESULT: {}
COMMAND: POST /session/0f1a76f034524fb81e132040000fab4c/element - {"using":"xpath","value":"//span[contains(text(), \"Cost Center\")]"}
COMMAND: GET /session/0f1a76f034524fb81e132040000fab4c/screenshot - {}
RESULT: {"using":"xpath","value":"//span[contains(text(), \"Cost Center\")]"}
COMMAND: POST /session/0f1a76f034524fb81e132040000fab4c/element/f.B1FA83ECA557CC0058036F6FC01E2632.d.2C2CE42B84927ECEFB0E9F9FDB3235EA.e.5721/click - {}
RESULT: {}
RESULT: {}
COMMAND: GET /session/0f1a76f034524fb81e132040000fab4c/screenshot - {}
RESULT: {}
COMMAND: POST /session/0f1a76f034524fb81e132040000fab4c/element - {"using":"xpath","value":"//span[@id=\"application-managesites-display-component---NewSite--addressNewCostObjectCstID-vhi\"]"}
RESULT: {"using":"xpath","value":"//span[@id=\"application-managesites-display-component---NewSite--addressNewCostObjectCstID-vhi\"]"}
COMMAND: POST /session/0f1a76f034524fb81e132040000fab4c/execute/sync - {"script":"<script> [8489 bytes]","args":[{"element-6066-11e4-a52e-4f735466cecf":"f.B1FA83ECA557CC0058036F6FC01E2632.d.2C2CE42B84927ECEFB0E9F9FDB3235EA.e.5726","ELEMENT":"f.B1FA83ECA557CC0058036F6FC01E2632.d.2C2CE42B84927ECEFB0E9F9FDB3235EA.e.5726"}]}
RESULT: {"script":"<script> [8489 bytes]","args":[{"element-6066-11e4-a52e-4f735466cecf":"f.B1FA83ECA557CC0058036F6FC01E2632.d.2C2CE42B84927ECEFB0E9F9FDB3235EA.e.5726","ELEMENT":"f.B1FA83ECA557CC0058036F6FC01E2632.d.2C2CE42B84927ECEFB0E9F9FDB3235EA.e.5726"}]}
COMMAND: POST /session/0f1a76f034524fb81e132040000fab4c/execute/async - {"script":"<script> [1562 bytes]","args":[{"selector":{"id":"application-managesites-display-component---NewSite--addressNewCostObjectCstID-vhi"},"wdio_ui5_key":"applicationmanagesites-display-component---NewSite--addressNewCostObjectCstID-vhi"}]}
COMMAND: GET /session/0f1a76f034524fb81e132040000fab4c/screenshot - {}
RESULT: {"script":"<script> [1562 bytes]","args":[{"selector":{"id":"application-managesites-display-component---NewSite--addressNewCostObjectCstID-vhi"},"wdio_ui5_key":"applicationmanagesites-display-component---NewSite--addressNewCostObjectCstID-vhi"}]}
RESULT: undefined
COMMAND: POST /session/0f1a76f034524fb81e132040000fab4c/element - {"using":"xpath","value":"//*[@id=\"application-managesites-display-component---NewSite--addressNewCostObjectCstID-vhi\"]"}
RESULT: {}
RESULT: {"using":"xpath","value":"//*[@id=\"application-managesites-display-component---NewSite--addressNewCostObjectCstID-vhi\"]"}
COMMAND: POST /session/0f1a76f034524fb81e132040000fab4c/element/f.B1FA83ECA557CC0058036F6FC01E2632.d.2C2CE42B84927ECEFB0E9F9FDB3235EA.e.5726/click - {}
RESULT: {}
COMMAND: GET /session/0f1a76f034524fb81e132040000fab4c/screenshot - {}
RESULT: {}
RESULT: undefined
COMMAND: POST /session/0f1a76f034524fb81e132040000fab4c/execute/async - {"script":"<script> [776 bytes]","args":[{"enterText":"10001013","selector":{"controlType":"sap.m.SearchField","properties":{"placeholder":"Search"},"searchOpenDialogs":true,"interaction":{"idSuffix":"I"}},"clearTextFirst":true,"interactionType":"ENTER_TEXT"}]}
RESULT: {"script":"<script> [776 bytes]","args":[{"enterText":"10001013","selector":{"controlType":"sap.m.SearchField","properties":{"placeholder":"Search"},"searchOpenDialogs":true,"interaction":{"idSuffix":"I"}},"clearTextFirst":true,"interactionType":"ENTER_TEXT"}]}
COMMAND: POST /session/0f1a76f034524fb81e132040000fab4c/actions - {"actions":[{"id":"action17","type":"key","parameters":{},"actions":[{"type":"keyDown","value":"î€‡"},{"type":"pause","duration":10},{"type":"keyUp","value":"î€‡"}]}]}
RESULT: {"actions":[{"id":"action17","type":"key","parameters":{},"actions":[{"type":"keyDown","value":"î€‡"},{"type":"pause","duration":10},{"type":"keyUp","value":"î€‡"}]}]}
COMMAND: GET /session/0f1a76f034524fb81e132040000fab4c/screenshot - {}
RESULT: {}
COMMAND: POST /session/0f1a76f034524fb81e132040000fab4c/element - {"using":"xpath","value":"//span[contains(text(), \"General Management\")]"}
RESULT: {"using":"xpath","value":"//span[contains(text(), \"General Management\")]"}
COMMAND: POST /session/0f1a76f034524fb81e132040000fab4c/element/f.B1FA83ECA557CC0058036F6FC01E2632.d.2C2CE42B84927ECEFB0E9F9FDB3235EA.e.5765/click - {}
RESULT: {}
COMMAND: GET /session/0f1a76f034524fb81e132040000fab4c/screenshot - {}
RESULT: {}
COMMAND: POST /session/0f1a76f034524fb81e132040000fab4c/element - {"using":"xpath","value":"//bdi[contains(text(), \"OK\")]"}
RESULT: {"using":"xpath","value":"//bdi[contains(text(), \"OK\")]"}
COMMAND: POST /session/0f1a76f034524fb81e132040000fab4c/element/f.B1FA83ECA557CC0058036F6FC01E2632.d.2C2CE42B84927ECEFB0E9F9FDB3235EA.e.5766/click - {}
RESULT: {}
COMMAND: GET /session/0f1a76f034524fb81e132040000fab4c/screenshot - {}
RESULT: {}
COMMAND: POST /session/0f1a76f034524fb81e132040000fab4c/element - {"using":"xpath","value":"//input[@id=\"application-managesites-display-component---NewSite--addressDetailDetailsCalendar-inner\"]"}
RESULT: {"using":"xpath","value":"//input[@id=\"application-managesites-display-component---NewSite--addressDetailDetailsCalendar-inner\"]"}
COMMAND: POST /session/0f1a76f034524fb81e132040000fab4c/element/f.B1FA83ECA557CC0058036F6FC01E2632.d.2C2CE42B84927ECEFB0E9F9FDB3235EA.e.5505/clear - {}
RESULT: {}
COMMAND: POST /session/0f1a76f034524fb81e132040000fab4c/element/f.B1FA83ECA557CC0058036F6FC01E2632.d.2C2CE42B84927ECEFB0E9F9FDB3235EA.e.5505/value - {"text":"Unit"}
COMMAND: GET /session/0f1a76f034524fb81e132040000fab4c/screenshot - {}
RESULT: {"text":"Unit"}
COMMAND: GET /session/0f1a76f034524fb81e132040000fab4c/screenshot - {}
RESULT: {}
RESULT: {}
COMMAND: POST /session/0f1a76f034524fb81e132040000fab4c/actions - {"actions":[{"id":"action18","type":"key","parameters":{},"actions":[{"type":"keyDown","value":"î€‡"},{"type":"pause","duration":10},{"type":"keyUp","value":"î€‡"}]}]}
RESULT: {"actions":[{"id":"action18","type":"key","parameters":{},"actions":[{"type":"keyDown","value":"î€‡"},{"type":"pause","duration":10},{"type":"keyUp","value":"î€‡"}]}]}
COMMAND: POST /session/0f1a76f034524fb81e132040000fab4c/element - {"using":"xpath","value":"//input[@id=\"application-managesites-display-component---NewSite--addressDetailDetailsYard-inner\"]"}
COMMAND: GET /session/0f1a76f034524fb81e132040000fab4c/screenshot - {}
RESULT: {"using":"xpath","value":"//input[@id=\"application-managesites-display-component---NewSite--addressDetailDetailsYard-inner\"]"}
COMMAND: POST /session/0f1a76f034524fb81e132040000fab4c/element/f.B1FA83ECA557CC0058036F6FC01E2632.d.2C2CE42B84927ECEFB0E9F9FDB3235EA.e.5506/clear - {}
RESULT: {}
RESULT: {}
COMMAND: POST /session/0f1a76f034524fb81e132040000fab4c/element/f.B1FA83ECA557CC0058036F6FC01E2632.d.2C2CE42B84927ECEFB0E9F9FDB3235EA.e.5506/value - {"text":"699"}
COMMAND: GET /session/0f1a76f034524fb81e132040000fab4c/screenshot - {}
RESULT: {"text":"699"}
COMMAND: GET /session/0f1a76f034524fb81e132040000fab4c/screenshot - {}
RESULT: {}
RESULT: {}
COMMAND: POST /session/0f1a76f034524fb81e132040000fab4c/element - {"using":"xpath","value":"//li[.//span[text()='699']]"}
RESULT: {"using":"xpath","value":"//li[.//span[text()='699']]"}
COMMAND: POST /session/0f1a76f034524fb81e132040000fab4c/element/f.B1FA83ECA557CC0058036F6FC01E2632.d.2C2CE42B84927ECEFB0E9F9FDB3235EA.e.5774/click - {}
RESULT: {}
COMMAND: GET /session/0f1a76f034524fb81e132040000fab4c/screenshot - {}
RESULT: {}
COMMAND: POST /session/0f1a76f034524fb81e132040000fab4c/element - {"using":"xpath","value":"//input[@id=\"application-managesites-display-component---NewSite--addressDetailDetailsPartner-inner\"]"}
RESULT: {"using":"xpath","value":"//input[@id=\"application-managesites-display-component---NewSite--addressDetailDetailsPartner-inner\"]"}
COMMAND: POST /session/0f1a76f034524fb81e132040000fab4c/element - {"using":"xpath","value":"//input[@id=\"application-managesites-display-component---NewSite--addressDetailDetailsPartner-inner\"]"}
RESULT: {"using":"xpath","value":"//input[@id=\"application-managesites-display-component---NewSite--addressDetailDetailsPartner-inner\"]"}
COMMAND: POST /session/0f1a76f034524fb81e132040000fab4c/element - {"using":"xpath","value":"//button[@data-kt=\"saveButton\"]"}
RESULT: {"using":"xpath","value":"//button[@data-kt=\"saveButton\"]"}
COMMAND: POST /session/0f1a76f034524fb81e132040000fab4c/element/f.B1FA83ECA557CC0058036F6FC01E2632.d.2C2CE42B84927ECEFB0E9F9FDB3235EA.e.5699/click - {}
RESULT: {}
COMMAND: GET /session/0f1a76f034524fb81e132040000fab4c/screenshot - {}
RESULT: {}
COMMAND: POST /session/0f1a76f034524fb81e132040000fab4c/element - {"using":"xpath","value":"//header[contains(@id, 'ObjectPageLayout-headerTitle')]/div[1]/div[2]/div[2]/span[1]"}
RESULT: {"using":"xpath","value":"//header[contains(@id, 'ObjectPageLayout-headerTitle')]/div[1]/div[2]/div[2]/span[1]"}
COMMAND: POST /session/0f1a76f034524fb81e132040000fab4c/elements - {"using":"xpath","value":"//header[contains(@id, 'ObjectPageLayout-headerTitle')]/div[1]/div[2]/div[2]/span[1]"}
RESULT: {"using":"xpath","value":"//header[contains(@id, 'ObjectPageLayout-headerTitle')]/div[1]/div[2]/div[2]/span[1]"}
COMMAND: POST /session/0f1a76f034524fb81e132040000fab4c/execute/sync - {"script":"<script> [56 bytes]","args":[{"element-6066-11e4-a52e-4f735466cecf":"f.B1FA83ECA557CC0058036F6FC01E2632.d.2C2CE42B84927ECEFB0E9F9FDB3235EA.e.5974","ELEMENT":"f.B1FA83ECA557CC0058036F6FC01E2632.d.2C2CE42B84927ECEFB0E9F9FDB3235EA.e.5974"}]}
RESULT: {"script":"<script> [56 bytes]","args":[{"element-6066-11e4-a52e-4f735466cecf":"f.B1FA83ECA557CC0058036F6FC01E2632.d.2C2CE42B84927ECEFB0E9F9FDB3235EA.e.5974","ELEMENT":"f.B1FA83ECA557CC0058036F6FC01E2632.d.2C2CE42B84927ECEFB0E9F9FDB3235EA.e.5974"}]}
COMMAND: POST /session/0f1a76f034524fb81e132040000fab4c/element - {"using":"css selector","value":"#shell-header-logo"}
COMMAND: GET /session/0f1a76f034524fb81e132040000fab4c/screenshot - {}
RESULT: {"using":"css selector","value":"#shell-header-logo"}
COMMAND: POST /session/0f1a76f034524fb81e132040000fab4c/element/f.B1FA83ECA557CC0058036F6FC01E2632.d.2C2CE42B84927ECEFB0E9F9FDB3235EA.e.5275/click - {}
RESULT: {}
RESULT: {}
COMMAND: GET /session/0f1a76f034524fb81e132040000fab4c/screenshot - {}
RESULT: {}
COMMAND: POST /session/0f1a76f034524fb81e132040000fab4c/execute/sync - {"script":"<script> [299 bytes]","args":[["getModel","getResource"]]}
RESULT: {"script":"<script> [299 bytes]","args":[["getModel","getResource"]]}
]]></system-out>
    </testcase>
  </testsuite>
</testsuites>