<?xml version="1.0" encoding="UTF-8"?>
<testsuites tests="48" failures="0" errors="0" skipped="0">
  <testsuite timestamp="2025-04-15T17:18:45" time="921.722" tests="12" failures="0" errors="0" skipped="0">
    <properties>
      <property name="specId" value="0"/>
      <property name="suiteName" value="Billing Transfer - Master data &amp; Intercompany US127250"/>
      <property name="capabilities" value="chrome.135_0_7049_42.windows"/>
      <property name="file" value="file:///D:/a/1/s/test/specs/BTS/billing-transfer-intercompany.spec.js"/>
    </properties>
    <testcase classname="chrome.135_0_7049_42.windows.Billing_Transfer_-_Master_data_&amp;_Intercompany_US127250" name="Should create a new yard" time="101.963">
      <system-out><![CDATA[
COMMAND: POST /session/e8ae643ad1a7d9f9ee71b330bca2e34d/window/fullscreen - {}
RESULT: {}
COMMAND: POST /session/e8ae643ad1a7d9f9ee71b330bca2e34d/execute/async - {"script":"<script> [1562 bytes]","args":[{"selector":{"controlType":"sap.m.GenericTile","properties":{"header":"Manage Yards"}},"wdio_ui5_key":"sapm.GenericTile{\"header\":\"Manage Yards\"}"}]}
RESULT: {"script":"<script> [1562 bytes]","args":[{"selector":{"controlType":"sap.m.GenericTile","properties":{"header":"Manage Yards"}},"wdio_ui5_key":"sapm.GenericTile{\"header\":\"Manage Yards\"}"}]}
RESULT: undefined
COMMAND: POST /session/e8ae643ad1a7d9f9ee71b330bca2e34d/element - {"using":"xpath","value":"//*[@id=\"__tile41\"]"}
RESULT: {"using":"xpath","value":"//*[@id=\"__tile41\"]"}
COMMAND: POST /session/e8ae643ad1a7d9f9ee71b330bca2e34d/element/f.804597995EEA20368E99A2927B0C1762.d.1E7FE38E338A139CC3FD0413C8AB3B9A.e.162/click - {}
RESULT: {}
COMMAND: POST /session/e8ae643ad1a7d9f9ee71b330bca2e34d/element - {"using":"xpath","value":"//button[@data-kt=\"addNewYardOverflowToolbarButton\"]"}
COMMAND: GET /session/e8ae643ad1a7d9f9ee71b330bca2e34d/screenshot - {}
RESULT: {"using":"xpath","value":"//button[@data-kt=\"addNewYardOverflowToolbarButton\"]"}
COMMAND: POST /session/e8ae643ad1a7d9f9ee71b330bca2e34d/elements - {"using":"xpath","value":"//button[@data-kt=\"addNewYardOverflowToolbarButton\"]"}
RESULT: {}
RESULT: {"using":"xpath","value":"//button[@data-kt=\"addNewYardOverflowToolbarButton\"]"}
COMMAND: POST /session/e8ae643ad1a7d9f9ee71b330bca2e34d/elements - {"using":"xpath","value":"//button[@data-kt=\"addNewYardOverflowToolbarButton\"]"}
RESULT: {"using":"xpath","value":"//button[@data-kt=\"addNewYardOverflowToolbarButton\"]"}
COMMAND: POST /session/e8ae643ad1a7d9f9ee71b330bca2e34d/elements - {"using":"xpath","value":"//button[@data-kt=\"addNewYardOverflowToolbarButton\"]"}
RESULT: {"using":"xpath","value":"//button[@data-kt=\"addNewYardOverflowToolbarButton\"]"}
COMMAND: POST /session/e8ae643ad1a7d9f9ee71b330bca2e34d/elements - {"using":"xpath","value":"//button[@data-kt=\"addNewYardOverflowToolbarButton\"]"}
RESULT: {"using":"xpath","value":"//button[@data-kt=\"addNewYardOverflowToolbarButton\"]"}
COMMAND: POST /session/e8ae643ad1a7d9f9ee71b330bca2e34d/elements - {"using":"xpath","value":"//button[@data-kt=\"addNewYardOverflowToolbarButton\"]"}
RESULT: {"using":"xpath","value":"//button[@data-kt=\"addNewYardOverflowToolbarButton\"]"}
COMMAND: POST /session/e8ae643ad1a7d9f9ee71b330bca2e34d/elements - {"using":"xpath","value":"//button[@data-kt=\"addNewYardOverflowToolbarButton\"]"}
RESULT: {"using":"xpath","value":"//button[@data-kt=\"addNewYardOverflowToolbarButton\"]"}
COMMAND: POST /session/e8ae643ad1a7d9f9ee71b330bca2e34d/elements - {"using":"xpath","value":"//button[@data-kt=\"addNewYardOverflowToolbarButton\"]"}
RESULT: {"using":"xpath","value":"//button[@data-kt=\"addNewYardOverflowToolbarButton\"]"}
COMMAND: POST /session/e8ae643ad1a7d9f9ee71b330bca2e34d/elements - {"using":"xpath","value":"//button[@data-kt=\"addNewYardOverflowToolbarButton\"]"}
RESULT: {"using":"xpath","value":"//button[@data-kt=\"addNewYardOverflowToolbarButton\"]"}
COMMAND: POST /session/e8ae643ad1a7d9f9ee71b330bca2e34d/elements - {"using":"xpath","value":"//button[@data-kt=\"addNewYardOverflowToolbarButton\"]"}
RESULT: {"using":"xpath","value":"//button[@data-kt=\"addNewYardOverflowToolbarButton\"]"}
COMMAND: POST /session/e8ae643ad1a7d9f9ee71b330bca2e34d/elements - {"using":"xpath","value":"//button[@data-kt=\"addNewYardOverflowToolbarButton\"]"}
RESULT: {"using":"xpath","value":"//button[@data-kt=\"addNewYardOverflowToolbarButton\"]"}
COMMAND: POST /session/e8ae643ad1a7d9f9ee71b330bca2e34d/elements - {"using":"xpath","value":"//button[@data-kt=\"addNewYardOverflowToolbarButton\"]"}
RESULT: {"using":"xpath","value":"//button[@data-kt=\"addNewYardOverflowToolbarButton\"]"}
COMMAND: POST /session/e8ae643ad1a7d9f9ee71b330bca2e34d/elements - {"using":"xpath","value":"//button[@data-kt=\"addNewYardOverflowToolbarButton\"]"}
RESULT: {"using":"xpath","value":"//button[@data-kt=\"addNewYardOverflowToolbarButton\"]"}
COMMAND: POST /session/e8ae643ad1a7d9f9ee71b330bca2e34d/elements - {"using":"xpath","value":"//button[@data-kt=\"addNewYardOverflowToolbarButton\"]"}
RESULT: {"using":"xpath","value":"//button[@data-kt=\"addNewYardOverflowToolbarButton\"]"}
COMMAND: POST /session/e8ae643ad1a7d9f9ee71b330bca2e34d/elements - {"using":"xpath","value":"//button[@data-kt=\"addNewYardOverflowToolbarButton\"]"}
RESULT: {"using":"xpath","value":"//button[@data-kt=\"addNewYardOverflowToolbarButton\"]"}
COMMAND: POST /session/e8ae643ad1a7d9f9ee71b330bca2e34d/elements - {"using":"xpath","value":"//button[@data-kt=\"addNewYardOverflowToolbarButton\"]"}
RESULT: {"using":"xpath","value":"//button[@data-kt=\"addNewYardOverflowToolbarButton\"]"}
COMMAND: POST /session/e8ae643ad1a7d9f9ee71b330bca2e34d/elements - {"using":"xpath","value":"//button[@data-kt=\"addNewYardOverflowToolbarButton\"]"}
RESULT: {"using":"xpath","value":"//button[@data-kt=\"addNewYardOverflowToolbarButton\"]"}
COMMAND: POST /session/e8ae643ad1a7d9f9ee71b330bca2e34d/elements - {"using":"xpath","value":"//button[@data-kt=\"addNewYardOverflowToolbarButton\"]"}
RESULT: {"using":"xpath","value":"//button[@data-kt=\"addNewYardOverflowToolbarButton\"]"}
COMMAND: POST /session/e8ae643ad1a7d9f9ee71b330bca2e34d/elements - {"using":"xpath","value":"//button[@data-kt=\"addNewYardOverflowToolbarButton\"]"}
RESULT: {"using":"xpath","value":"//button[@data-kt=\"addNewYardOverflowToolbarButton\"]"}
COMMAND: POST /session/e8ae643ad1a7d9f9ee71b330bca2e34d/elements - {"using":"xpath","value":"//button[@data-kt=\"addNewYardOverflowToolbarButton\"]"}
RESULT: {"using":"xpath","value":"//button[@data-kt=\"addNewYardOverflowToolbarButton\"]"}
COMMAND: POST /session/e8ae643ad1a7d9f9ee71b330bca2e34d/elements - {"using":"xpath","value":"//button[@data-kt=\"addNewYardOverflowToolbarButton\"]"}
RESULT: {"using":"xpath","value":"//button[@data-kt=\"addNewYardOverflowToolbarButton\"]"}
COMMAND: POST /session/e8ae643ad1a7d9f9ee71b330bca2e34d/elements - {"using":"xpath","value":"//button[@data-kt=\"addNewYardOverflowToolbarButton\"]"}
RESULT: {"using":"xpath","value":"//button[@data-kt=\"addNewYardOverflowToolbarButton\"]"}
COMMAND: POST /session/e8ae643ad1a7d9f9ee71b330bca2e34d/element - {"using":"xpath","value":"//button[@data-kt=\"addNewYardOverflowToolbarButton\"]"}
RESULT: {"using":"xpath","value":"//button[@data-kt=\"addNewYardOverflowToolbarButton\"]"}
COMMAND: POST /session/e8ae643ad1a7d9f9ee71b330bca2e34d/execute/sync - {"script":"<script> [8489 bytes]","args":[{"element-6066-11e4-a52e-4f735466cecf":"f.804597995EEA20368E99A2927B0C1762.d.1E7FE38E338A139CC3FD0413C8AB3B9A.e.297","ELEMENT":"f.804597995EEA20368E99A2927B0C1762.d.1E7FE38E338A139CC3FD0413C8AB3B9A.e.297"}]}
RESULT: {"script":"<script> [8489 bytes]","args":[{"element-6066-11e4-a52e-4f735466cecf":"f.804597995EEA20368E99A2927B0C1762.d.1E7FE38E338A139CC3FD0413C8AB3B9A.e.297","ELEMENT":"f.804597995EEA20368E99A2927B0C1762.d.1E7FE38E338A139CC3FD0413C8AB3B9A.e.297"}]}
COMMAND: GET /session/e8ae643ad1a7d9f9ee71b330bca2e34d/element/f.804597995EEA20368E99A2927B0C1762.d.1E7FE38E338A139CC3FD0413C8AB3B9A.e.297/enabled - {}
COMMAND: GET /session/e8ae643ad1a7d9f9ee71b330bca2e34d/screenshot - {}
RESULT: {}
COMMAND: POST /session/e8ae643ad1a7d9f9ee71b330bca2e34d/execute/sync - {"script":"<script> [8489 bytes]","args":[{"element-6066-11e4-a52e-4f735466cecf":"f.804597995EEA20368E99A2927B0C1762.d.1E7FE38E338A139CC3FD0413C8AB3B9A.e.297","ELEMENT":"f.804597995EEA20368E99A2927B0C1762.d.1E7FE38E338A139CC3FD0413C8AB3B9A.e.297"}]}
COMMAND: GET /session/e8ae643ad1a7d9f9ee71b330bca2e34d/screenshot - {}
RESULT: {}
RESULT: {"script":"<script> [8489 bytes]","args":[{"element-6066-11e4-a52e-4f735466cecf":"f.804597995EEA20368E99A2927B0C1762.d.1E7FE38E338A139CC3FD0413C8AB3B9A.e.297","ELEMENT":"f.804597995EEA20368E99A2927B0C1762.d.1E7FE38E338A139CC3FD0413C8AB3B9A.e.297"}]}
COMMAND: POST /session/e8ae643ad1a7d9f9ee71b330bca2e34d/execute/sync - {"script":"<script> [5351 bytes]","args":[{"element-6066-11e4-a52e-4f735466cecf":"f.804597995EEA20368E99A2927B0C1762.d.1E7FE38E338A139CC3FD0413C8AB3B9A.e.297","ELEMENT":"f.804597995EEA20368E99A2927B0C1762.d.1E7FE38E338A139CC3FD0413C8AB3B9A.e.297"}]}
COMMAND: GET /session/e8ae643ad1a7d9f9ee71b330bca2e34d/screenshot - {}
RESULT: {}
RESULT: {"script":"<script> [5351 bytes]","args":[{"element-6066-11e4-a52e-4f735466cecf":"f.804597995EEA20368E99A2927B0C1762.d.1E7FE38E338A139CC3FD0413C8AB3B9A.e.297","ELEMENT":"f.804597995EEA20368E99A2927B0C1762.d.1E7FE38E338A139CC3FD0413C8AB3B9A.e.297"}]}
COMMAND: POST /session/e8ae643ad1a7d9f9ee71b330bca2e34d/element/f.804597995EEA20368E99A2927B0C1762.d.1E7FE38E338A139CC3FD0413C8AB3B9A.e.297/click - {}
RESULT: {}
COMMAND: GET /session/e8ae643ad1a7d9f9ee71b330bca2e34d/screenshot - {}
RESULT: {}
COMMAND: GET /session/e8ae643ad1a7d9f9ee71b330bca2e34d/screenshot - {}
COMMAND: POST /session/e8ae643ad1a7d9f9ee71b330bca2e34d/element - {"using":"xpath","value":"//input[@id=\"application-manageyards-display-component---NewYard--yardId-inner\"]"}
RESULT: {}
RESULT: {}
RESULT: {"using":"xpath","value":"//input[@id=\"application-manageyards-display-component---NewYard--yardId-inner\"]"}
COMMAND: POST /session/e8ae643ad1a7d9f9ee71b330bca2e34d/element - {"using":"xpath","value":"//input[@id=\"application-manageyards-display-component---NewYard--yardId-inner\"]"}
RESULT: {"using":"xpath","value":"//input[@id=\"application-manageyards-display-component---NewYard--yardId-inner\"]"}
COMMAND: POST /session/e8ae643ad1a7d9f9ee71b330bca2e34d/execute/async - {"script":"<script> [1562 bytes]","args":[{"selector":{"id":"application-manageyards-display-component---NewYard--addressDetailDetailsName1","interaction":{"idSuffix":"inner"}},"wdio_ui5_key":"applicationmanageyards-display-component---NewYard--addressDetailDetailsName1"}]}
RESULT: {"script":"<script> [1562 bytes]","args":[{"selector":{"id":"application-manageyards-display-component---NewYard--addressDetailDetailsName1","interaction":{"idSuffix":"inner"}},"wdio_ui5_key":"applicationmanageyards-display-component---NewYard--addressDetailDetailsName1"}]}
RESULT: undefined
COMMAND: POST /session/e8ae643ad1a7d9f9ee71b330bca2e34d/execute/async - {"script":"<script> [776 bytes]","args":[{"enterText":"Intercompany Yard wdIO","selector":{"id":"application-manageyards-display-component---NewYard--addressDetailDetailsName1","interaction":{"idSuffix":"inner"}},"clearTextFirst":true,"interactionType":"ENTER_TEXT"}]}
RESULT: {"script":"<script> [776 bytes]","args":[{"enterText":"Intercompany Yard wdIO","selector":{"id":"application-manageyards-display-component---NewYard--addressDetailDetailsName1","interaction":{"idSuffix":"inner"}},"clearTextFirst":true,"interactionType":"ENTER_TEXT"}]}
COMMAND: POST /session/e8ae643ad1a7d9f9ee71b330bca2e34d/execute/async - {"script":"<script> [1562 bytes]","args":[{"selector":{"id":"application-manageyards-display-component---NewYard--addressDetailDetailsLanguage-arrow"},"wdio_ui5_key":"applicationmanageyards-display-component---NewYard--addressDetailDetailsLanguage-arrow"}]}
RESULT: {"script":"<script> [1562 bytes]","args":[{"selector":{"id":"application-manageyards-display-component---NewYard--addressDetailDetailsLanguage-arrow"},"wdio_ui5_key":"applicationmanageyards-display-component---NewYard--addressDetailDetailsLanguage-arrow"}]}
RESULT: undefined
COMMAND: POST /session/e8ae643ad1a7d9f9ee71b330bca2e34d/element - {"using":"xpath","value":"//*[@id=\"application-manageyards-display-component---NewYard--addressDetailDetailsLanguage-arrow\"]"}
RESULT: {"using":"xpath","value":"//*[@id=\"application-manageyards-display-component---NewYard--addressDetailDetailsLanguage-arrow\"]"}
COMMAND: POST /session/e8ae643ad1a7d9f9ee71b330bca2e34d/element/f.804597995EEA20368E99A2927B0C1762.d.1E7FE38E338A139CC3FD0413C8AB3B9A.e.735/click - {}
RESULT: {}
COMMAND: POST /session/e8ae643ad1a7d9f9ee71b330bca2e34d/element - {"using":"xpath","value":"//span[contains(text(), \"English\")]"}
COMMAND: GET /session/e8ae643ad1a7d9f9ee71b330bca2e34d/screenshot - {}
RESULT: {"using":"xpath","value":"//span[contains(text(), \"English\")]"}
COMMAND: POST /session/e8ae643ad1a7d9f9ee71b330bca2e34d/element/f.804597995EEA20368E99A2927B0C1762.d.1E7FE38E338A139CC3FD0413C8AB3B9A.e.736/click - {}
RESULT: {}
RESULT: {}
COMMAND: POST /session/e8ae643ad1a7d9f9ee71b330bca2e34d/execute/async - {"script":"<script> [1562 bytes]","args":[{"selector":{"id":"application-manageyards-display-component---NewYard--addressDetailDetailsCity1","interaction":{"idSuffix":"inner"}},"wdio_ui5_key":"applicationmanageyards-display-component---NewYard--addressDetailDetailsCity1"}]}
COMMAND: GET /session/e8ae643ad1a7d9f9ee71b330bca2e34d/screenshot - {}
RESULT: {"script":"<script> [1562 bytes]","args":[{"selector":{"id":"application-manageyards-display-component---NewYard--addressDetailDetailsCity1","interaction":{"idSuffix":"inner"}},"wdio_ui5_key":"applicationmanageyards-display-component---NewYard--addressDetailDetailsCity1"}]}
RESULT: undefined
COMMAND: POST /session/e8ae643ad1a7d9f9ee71b330bca2e34d/execute/async - {"script":"<script> [776 bytes]","args":[{"enterText":"Rosario","selector":{"id":"application-manageyards-display-component---NewYard--addressDetailDetailsCity1","interaction":{"idSuffix":"inner"}},"clearTextFirst":true,"interactionType":"ENTER_TEXT"}]}
RESULT: {}
RESULT: {"script":"<script> [776 bytes]","args":[{"enterText":"Rosario","selector":{"id":"application-manageyards-display-component---NewYard--addressDetailDetailsCity1","interaction":{"idSuffix":"inner"}},"clearTextFirst":true,"interactionType":"ENTER_TEXT"}]}
COMMAND: POST /session/e8ae643ad1a7d9f9ee71b330bca2e34d/execute/async - {"script":"<script> [1562 bytes]","args":[{"selector":{"id":"application-manageyards-display-component---NewYard--addressDetailDetailsCountry-arrow"},"wdio_ui5_key":"applicationmanageyards-display-component---NewYard--addressDetailDetailsCountry-arrow"}]}
RESULT: {"script":"<script> [1562 bytes]","args":[{"selector":{"id":"application-manageyards-display-component---NewYard--addressDetailDetailsCountry-arrow"},"wdio_ui5_key":"applicationmanageyards-display-component---NewYard--addressDetailDetailsCountry-arrow"}]}
RESULT: undefined
COMMAND: POST /session/e8ae643ad1a7d9f9ee71b330bca2e34d/element - {"using":"xpath","value":"//*[@id=\"application-manageyards-display-component---NewYard--addressDetailDetailsCountry-arrow\"]"}
RESULT: {"using":"xpath","value":"//*[@id=\"application-manageyards-display-component---NewYard--addressDetailDetailsCountry-arrow\"]"}
COMMAND: POST /session/e8ae643ad1a7d9f9ee71b330bca2e34d/element/f.804597995EEA20368E99A2927B0C1762.d.1E7FE38E338A139CC3FD0413C8AB3B9A.e.738/click - {}
RESULT: {}
COMMAND: POST /session/e8ae643ad1a7d9f9ee71b330bca2e34d/element - {"using":"xpath","value":"//span[contains(text(), \"Argentina\")]"}
COMMAND: GET /session/e8ae643ad1a7d9f9ee71b330bca2e34d/screenshot - {}
RESULT: {"using":"xpath","value":"//span[contains(text(), \"Argentina\")]"}
COMMAND: POST /session/e8ae643ad1a7d9f9ee71b330bca2e34d/element/f.804597995EEA20368E99A2927B0C1762.d.1E7FE38E338A139CC3FD0413C8AB3B9A.e.740/click - {}
RESULT: {}
RESULT: {}
COMMAND: POST /session/e8ae643ad1a7d9f9ee71b330bca2e34d/execute/async - {"script":"<script> [1562 bytes]","args":[{"selector":{"id":"application-manageyards-display-component---NewYard--addressEditDetailsCostObjectCstType-arrow"},"wdio_ui5_key":"applicationmanageyards-display-component---NewYard--addressEditDetailsCostObjectCstType-arrow"}]}
COMMAND: GET /session/e8ae643ad1a7d9f9ee71b330bca2e34d/screenshot - {}
RESULT: {"script":"<script> [1562 bytes]","args":[{"selector":{"id":"application-manageyards-display-component---NewYard--addressEditDetailsCostObjectCstType-arrow"},"wdio_ui5_key":"applicationmanageyards-display-component---NewYard--addressEditDetailsCostObjectCstType-arrow"}]}
RESULT: undefined
COMMAND: POST /session/e8ae643ad1a7d9f9ee71b330bca2e34d/element - {"using":"xpath","value":"//*[@id=\"application-manageyards-display-component---NewYard--addressEditDetailsCostObjectCstType-arrow\"]"}
RESULT: {}
RESULT: {"using":"xpath","value":"//*[@id=\"application-manageyards-display-component---NewYard--addressEditDetailsCostObjectCstType-arrow\"]"}
COMMAND: POST /session/e8ae643ad1a7d9f9ee71b330bca2e34d/element/f.804597995EEA20368E99A2927B0C1762.d.1E7FE38E338A139CC3FD0413C8AB3B9A.e.741/click - {}
RESULT: {}
COMMAND: POST /session/e8ae643ad1a7d9f9ee71b330bca2e34d/element - {"using":"xpath","value":"//span[contains(text(), \"Cost Center\")]"}
COMMAND: GET /session/e8ae643ad1a7d9f9ee71b330bca2e34d/screenshot - {}
RESULT: {"using":"xpath","value":"//span[contains(text(), \"Cost Center\")]"}
COMMAND: POST /session/e8ae643ad1a7d9f9ee71b330bca2e34d/element/f.804597995EEA20368E99A2927B0C1762.d.1E7FE38E338A139CC3FD0413C8AB3B9A.e.742/click - {}
RESULT: {}
RESULT: {}
COMMAND: GET /session/e8ae643ad1a7d9f9ee71b330bca2e34d/screenshot - {}
RESULT: {}
COMMAND: POST /session/e8ae643ad1a7d9f9ee71b330bca2e34d/element - {"using":"xpath","value":"//span[@id=\"application-manageyards-display-component---NewYard--addressNewCostObjectCstID-vhi\"]"}
RESULT: {"using":"xpath","value":"//span[@id=\"application-manageyards-display-component---NewYard--addressNewCostObjectCstID-vhi\"]"}
COMMAND: POST /session/e8ae643ad1a7d9f9ee71b330bca2e34d/execute/sync - {"script":"<script> [8489 bytes]","args":[{"element-6066-11e4-a52e-4f735466cecf":"f.804597995EEA20368E99A2927B0C1762.d.1E7FE38E338A139CC3FD0413C8AB3B9A.e.745","ELEMENT":"f.804597995EEA20368E99A2927B0C1762.d.1E7FE38E338A139CC3FD0413C8AB3B9A.e.745"}]}
RESULT: {"script":"<script> [8489 bytes]","args":[{"element-6066-11e4-a52e-4f735466cecf":"f.804597995EEA20368E99A2927B0C1762.d.1E7FE38E338A139CC3FD0413C8AB3B9A.e.745","ELEMENT":"f.804597995EEA20368E99A2927B0C1762.d.1E7FE38E338A139CC3FD0413C8AB3B9A.e.745"}]}
COMMAND: POST /session/e8ae643ad1a7d9f9ee71b330bca2e34d/execute/async - {"script":"<script> [1562 bytes]","args":[{"selector":{"id":"application-manageyards-display-component---NewYard--addressNewCostObjectCstID-vhi"},"wdio_ui5_key":"applicationmanageyards-display-component---NewYard--addressNewCostObjectCstID-vhi"}]}
COMMAND: GET /session/e8ae643ad1a7d9f9ee71b330bca2e34d/screenshot - {}
RESULT: {"script":"<script> [1562 bytes]","args":[{"selector":{"id":"application-manageyards-display-component---NewYard--addressNewCostObjectCstID-vhi"},"wdio_ui5_key":"applicationmanageyards-display-component---NewYard--addressNewCostObjectCstID-vhi"}]}
RESULT: undefined
COMMAND: POST /session/e8ae643ad1a7d9f9ee71b330bca2e34d/element - {"using":"xpath","value":"//*[@id=\"application-manageyards-display-component---NewYard--addressNewCostObjectCstID-vhi\"]"}
RESULT: {}
RESULT: {"using":"xpath","value":"//*[@id=\"application-manageyards-display-component---NewYard--addressNewCostObjectCstID-vhi\"]"}
COMMAND: POST /session/e8ae643ad1a7d9f9ee71b330bca2e34d/element/f.804597995EEA20368E99A2927B0C1762.d.1E7FE38E338A139CC3FD0413C8AB3B9A.e.745/click - {}
RESULT: {}
COMMAND: GET /session/e8ae643ad1a7d9f9ee71b330bca2e34d/screenshot - {}
RESULT: {}
COMMAND: POST /session/e8ae643ad1a7d9f9ee71b330bca2e34d/execute/async - {"script":"<script> [1562 bytes]","args":[{"selector":{"controlType":"sap.m.SearchField","properties":{"placeholder":"Search"},"searchOpenDialogs":true,"interaction":{"idSuffix":"I"}},"wdio_ui5_key":"sapm.SearchField{\"placeholder\":\"Search\"}"}]}
RESULT: {"script":"<script> [1562 bytes]","args":[{"selector":{"controlType":"sap.m.SearchField","properties":{"placeholder":"Search"},"searchOpenDialogs":true,"interaction":{"idSuffix":"I"}},"wdio_ui5_key":"sapm.SearchField{\"placeholder\":\"Search\"}"}]}
RESULT: undefined
COMMAND: POST /session/e8ae643ad1a7d9f9ee71b330bca2e34d/execute/async - {"script":"<script> [776 bytes]","args":[{"enterText":"10001013","selector":{"controlType":"sap.m.SearchField","properties":{"placeholder":"Search"},"searchOpenDialogs":true,"interaction":{"idSuffix":"I"}},"clearTextFirst":true,"interactionType":"ENTER_TEXT"}]}
RESULT: {"script":"<script> [776 bytes]","args":[{"enterText":"10001013","selector":{"controlType":"sap.m.SearchField","properties":{"placeholder":"Search"},"searchOpenDialogs":true,"interaction":{"idSuffix":"I"}},"clearTextFirst":true,"interactionType":"ENTER_TEXT"}]}
COMMAND: POST /session/e8ae643ad1a7d9f9ee71b330bca2e34d/actions - {"actions":[{"id":"action1","type":"key","parameters":{},"actions":[{"type":"keyDown","value":""},{"type":"pause","duration":10},{"type":"keyUp","value":""}]}]}
RESULT: {"actions":[{"id":"action1","type":"key","parameters":{},"actions":[{"type":"keyDown","value":""},{"type":"pause","duration":10},{"type":"keyUp","value":""}]}]}
COMMAND: GET /session/e8ae643ad1a7d9f9ee71b330bca2e34d/screenshot - {}
RESULT: {}
COMMAND: POST /session/e8ae643ad1a7d9f9ee71b330bca2e34d/element - {"using":"xpath","value":"//span[contains(text(), \"General Management\")]"}
RESULT: {"using":"xpath","value":"//span[contains(text(), \"General Management\")]"}
COMMAND: POST /session/e8ae643ad1a7d9f9ee71b330bca2e34d/element/f.804597995EEA20368E99A2927B0C1762.d.1E7FE38E338A139CC3FD0413C8AB3B9A.e.786/click - {}
RESULT: {}
COMMAND: GET /session/e8ae643ad1a7d9f9ee71b330bca2e34d/screenshot - {}
RESULT: {}
COMMAND: POST /session/e8ae643ad1a7d9f9ee71b330bca2e34d/element - {"using":"xpath","value":"//bdi[contains(text(), \"OK\")]"}
RESULT: {"using":"xpath","value":"//bdi[contains(text(), \"OK\")]"}
COMMAND: POST /session/e8ae643ad1a7d9f9ee71b330bca2e34d/element/f.804597995EEA20368E99A2927B0C1762.d.1E7FE38E338A139CC3FD0413C8AB3B9A.e.787/click - {}
RESULT: {}
COMMAND: GET /session/e8ae643ad1a7d9f9ee71b330bca2e34d/screenshot - {}
RESULT: {}
COMMAND: POST /session/e8ae643ad1a7d9f9ee71b330bca2e34d/execute/async - {"script":"<script> [1562 bytes]","args":[{"selector":{"id":"application-manageyards-display-component---NewYard--addressEditDetailsCurrency-arrow"},"wdio_ui5_key":"applicationmanageyards-display-component---NewYard--addressEditDetailsCurrency-arrow"}]}
RESULT: {"script":"<script> [1562 bytes]","args":[{"selector":{"id":"application-manageyards-display-component---NewYard--addressEditDetailsCurrency-arrow"},"wdio_ui5_key":"applicationmanageyards-display-component---NewYard--addressEditDetailsCurrency-arrow"}]}
RESULT: undefined
COMMAND: POST /session/e8ae643ad1a7d9f9ee71b330bca2e34d/element - {"using":"xpath","value":"//*[@id=\"application-manageyards-display-component---NewYard--addressEditDetailsCurrency-arrow\"]"}
RESULT: {"using":"xpath","value":"//*[@id=\"application-manageyards-display-component---NewYard--addressEditDetailsCurrency-arrow\"]"}
COMMAND: POST /session/e8ae643ad1a7d9f9ee71b330bca2e34d/element/f.804597995EEA20368E99A2927B0C1762.d.1E7FE38E338A139CC3FD0413C8AB3B9A.e.790/click - {}
RESULT: {}
COMMAND: POST /session/e8ae643ad1a7d9f9ee71b330bca2e34d/element - {"using":"xpath","value":"//span[contains(text(), \"Euro\")]"}
COMMAND: GET /session/e8ae643ad1a7d9f9ee71b330bca2e34d/screenshot - {}
RESULT: {"using":"xpath","value":"//span[contains(text(), \"Euro\")]"}
COMMAND: POST /session/e8ae643ad1a7d9f9ee71b330bca2e34d/element/f.804597995EEA20368E99A2927B0C1762.d.1E7FE38E338A139CC3FD0413C8AB3B9A.e.791/click - {}
RESULT: {}
RESULT: {}
COMMAND: POST /session/e8ae643ad1a7d9f9ee71b330bca2e34d/execute/async - {"script":"<script> [1562 bytes]","args":[{"selector":{"controlType":"sap.m.Input","viewName":"etm.portal.ui.manageyards.view.New","viewId":"application-manageyards-display-component---NewYard","bindingPath":{"path":"","propertyPath":"/CONTROLLING_AREA","modelName":"NewYardModel"},"interaction":{"idSuffix":"inner"}},"wdio_ui5_key":"etmportal.ui.manageyards.view.Newsap.m.Input{\"path\":\"\",\"propertyPath\":\"/CONTROLLING_AREA\",\"modelName\":\"NewYardModel\"}"}]}
COMMAND: GET /session/e8ae643ad1a7d9f9ee71b330bca2e34d/screenshot - {}
RESULT: {"script":"<script> [1562 bytes]","args":[{"selector":{"controlType":"sap.m.Input","viewName":"etm.portal.ui.manageyards.view.New","viewId":"application-manageyards-display-component---NewYard","bindingPath":{"path":"","propertyPath":"/CONTROLLING_AREA","modelName":"NewYardModel"},"interaction":{"idSuffix":"inner"}},"wdio_ui5_key":"etmportal.ui.manageyards.view.Newsap.m.Input{\"path\":\"\",\"propertyPath\":\"/CONTROLLING_AREA\",\"modelName\":\"NewYardModel\"}"}]}
RESULT: undefined
COMMAND: POST /session/e8ae643ad1a7d9f9ee71b330bca2e34d/execute/async - {"script":"<script> [776 bytes]","args":[{"enterText":"Z001","selector":{"controlType":"sap.m.Input","viewName":"etm.portal.ui.manageyards.view.New","viewId":"application-manageyards-display-component---NewYard","bindingPath":{"path":"","propertyPath":"/CONTROLLING_AREA","modelName":"NewYardModel"},"interaction":{"idSuffix":"inner"}},"clearTextFirst":true,"interactionType":"ENTER_TEXT"}]}
RESULT: {}
RESULT: {"script":"<script> [776 bytes]","args":[{"enterText":"Z001","selector":{"controlType":"sap.m.Input","viewName":"etm.portal.ui.manageyards.view.New","viewId":"application-manageyards-display-component---NewYard","bindingPath":{"path":"","propertyPath":"/CONTROLLING_AREA","modelName":"NewYardModel"},"interaction":{"idSuffix":"inner"}},"clearTextFirst":true,"interactionType":"ENTER_TEXT"}]}
COMMAND: POST /session/e8ae643ad1a7d9f9ee71b330bca2e34d/execute/async - {"script":"<script> [1562 bytes]","args":[{"selector":{"id":"application-manageyards-display-component---NewYard--companyCodeComboBox","interaction":{"idSuffix":"inner"}},"wdio_ui5_key":"applicationmanageyards-display-component---NewYard--companyCodeComboBox"}]}
RESULT: {"script":"<script> [1562 bytes]","args":[{"selector":{"id":"application-manageyards-display-component---NewYard--companyCodeComboBox","interaction":{"idSuffix":"inner"}},"wdio_ui5_key":"applicationmanageyards-display-component---NewYard--companyCodeComboBox"}]}
RESULT: undefined
COMMAND: POST /session/e8ae643ad1a7d9f9ee71b330bca2e34d/execute/async - {"script":"<script> [776 bytes]","args":[{"enterText":"1000","selector":{"id":"application-manageyards-display-component---NewYard--companyCodeComboBox","interaction":{"idSuffix":"inner"}},"clearTextFirst":true,"interactionType":"ENTER_TEXT"}]}
RESULT: {"script":"<script> [776 bytes]","args":[{"enterText":"1000","selector":{"id":"application-manageyards-display-component---NewYard--companyCodeComboBox","interaction":{"idSuffix":"inner"}},"clearTextFirst":true,"interactionType":"ENTER_TEXT"}]}
COMMAND: POST /session/e8ae643ad1a7d9f9ee71b330bca2e34d/execute/async - {"script":"<script> [1562 bytes]","args":[{"selector":{"controlType":"sap.m.Input","viewName":"etm.portal.ui.manageyards.view.New","viewId":"application-manageyards-display-component---NewYard","bindingPath":{"path":"","propertyPath":"/PLANT","modelName":"NewYardModel"},"interaction":{"idSuffix":"inner"}},"wdio_ui5_key":"etmportal.ui.manageyards.view.Newsap.m.Input{\"path\":\"\",\"propertyPath\":\"/PLANT\",\"modelName\":\"NewYardModel\"}"}]}
RESULT: {"script":"<script> [1562 bytes]","args":[{"selector":{"controlType":"sap.m.Input","viewName":"etm.portal.ui.manageyards.view.New","viewId":"application-manageyards-display-component---NewYard","bindingPath":{"path":"","propertyPath":"/PLANT","modelName":"NewYardModel"},"interaction":{"idSuffix":"inner"}},"wdio_ui5_key":"etmportal.ui.manageyards.view.Newsap.m.Input{\"path\":\"\",\"propertyPath\":\"/PLANT\",\"modelName\":\"NewYardModel\"}"}]}
RESULT: undefined
COMMAND: POST /session/e8ae643ad1a7d9f9ee71b330bca2e34d/execute/async - {"script":"<script> [776 bytes]","args":[{"enterText":"1001","selector":{"controlType":"sap.m.Input","viewName":"etm.portal.ui.manageyards.view.New","viewId":"application-manageyards-display-component---NewYard","bindingPath":{"path":"","propertyPath":"/PLANT","modelName":"NewYardModel"},"interaction":{"idSuffix":"inner"}},"clearTextFirst":true,"interactionType":"ENTER_TEXT"}]}
RESULT: {"script":"<script> [776 bytes]","args":[{"enterText":"1001","selector":{"controlType":"sap.m.Input","viewName":"etm.portal.ui.manageyards.view.New","viewId":"application-manageyards-display-component---NewYard","bindingPath":{"path":"","propertyPath":"/PLANT","modelName":"NewYardModel"},"interaction":{"idSuffix":"inner"}},"clearTextFirst":true,"interactionType":"ENTER_TEXT"}]}
COMMAND: POST /session/e8ae643ad1a7d9f9ee71b330bca2e34d/execute/async - {"script":"<script> [1562 bytes]","args":[{"selector":{"controlType":"sap.m.Input","viewName":"etm.portal.ui.manageyards.view.New","viewId":"application-manageyards-display-component---NewYard","bindingPath":{"path":"","propertyPath":"/SALES_AREA_VKORG","modelName":"NewYardModel"},"interaction":{"idSuffix":"inner"}},"wdio_ui5_key":"etmportal.ui.manageyards.view.Newsap.m.Input{\"path\":\"\",\"propertyPath\":\"/SALES_AREA_VKORG\",\"modelName\":\"NewYardModel\"}"}]}
RESULT: {"script":"<script> [1562 bytes]","args":[{"selector":{"controlType":"sap.m.Input","viewName":"etm.portal.ui.manageyards.view.New","viewId":"application-manageyards-display-component---NewYard","bindingPath":{"path":"","propertyPath":"/SALES_AREA_VKORG","modelName":"NewYardModel"},"interaction":{"idSuffix":"inner"}},"wdio_ui5_key":"etmportal.ui.manageyards.view.Newsap.m.Input{\"path\":\"\",\"propertyPath\":\"/SALES_AREA_VKORG\",\"modelName\":\"NewYardModel\"}"}]}
RESULT: undefined
COMMAND: POST /session/e8ae643ad1a7d9f9ee71b330bca2e34d/execute/async - {"script":"<script> [776 bytes]","args":[{"enterText":"C002","selector":{"controlType":"sap.m.Input","viewName":"etm.portal.ui.manageyards.view.New","viewId":"application-manageyards-display-component---NewYard","bindingPath":{"path":"","propertyPath":"/SALES_AREA_VKORG","modelName":"NewYardModel"},"interaction":{"idSuffix":"inner"}},"clearTextFirst":true,"interactionType":"ENTER_TEXT"}]}
RESULT: {"script":"<script> [776 bytes]","args":[{"enterText":"C002","selector":{"controlType":"sap.m.Input","viewName":"etm.portal.ui.manageyards.view.New","viewId":"application-manageyards-display-component---NewYard","bindingPath":{"path":"","propertyPath":"/SALES_AREA_VKORG","modelName":"NewYardModel"},"interaction":{"idSuffix":"inner"}},"clearTextFirst":true,"interactionType":"ENTER_TEXT"}]}
COMMAND: POST /session/e8ae643ad1a7d9f9ee71b330bca2e34d/execute/async - {"script":"<script> [1562 bytes]","args":[{"selector":{"controlType":"sap.m.Input","viewName":"etm.portal.ui.manageyards.view.New","viewId":"application-manageyards-display-component---NewYard","bindingPath":{"path":"","propertyPath":"/SALES_AREA_VTWEG","modelName":"NewYardModel"},"interaction":{"idSuffix":"inner"}},"wdio_ui5_key":"etmportal.ui.manageyards.view.Newsap.m.Input{\"path\":\"\",\"propertyPath\":\"/SALES_AREA_VTWEG\",\"modelName\":\"NewYardModel\"}"}]}
RESULT: {"script":"<script> [1562 bytes]","args":[{"selector":{"controlType":"sap.m.Input","viewName":"etm.portal.ui.manageyards.view.New","viewId":"application-manageyards-display-component---NewYard","bindingPath":{"path":"","propertyPath":"/SALES_AREA_VTWEG","modelName":"NewYardModel"},"interaction":{"idSuffix":"inner"}},"wdio_ui5_key":"etmportal.ui.manageyards.view.Newsap.m.Input{\"path\":\"\",\"propertyPath\":\"/SALES_AREA_VTWEG\",\"modelName\":\"NewYardModel\"}"}]}
RESULT: undefined
COMMAND: POST /session/e8ae643ad1a7d9f9ee71b330bca2e34d/execute/async - {"script":"<script> [776 bytes]","args":[{"enterText":"C2","selector":{"controlType":"sap.m.Input","viewName":"etm.portal.ui.manageyards.view.New","viewId":"application-manageyards-display-component---NewYard","bindingPath":{"path":"","propertyPath":"/SALES_AREA_VTWEG","modelName":"NewYardModel"},"interaction":{"idSuffix":"inner"}},"clearTextFirst":true,"interactionType":"ENTER_TEXT"}]}
RESULT: {"script":"<script> [776 bytes]","args":[{"enterText":"C2","selector":{"controlType":"sap.m.Input","viewName":"etm.portal.ui.manageyards.view.New","viewId":"application-manageyards-display-component---NewYard","bindingPath":{"path":"","propertyPath":"/SALES_AREA_VTWEG","modelName":"NewYardModel"},"interaction":{"idSuffix":"inner"}},"clearTextFirst":true,"interactionType":"ENTER_TEXT"}]}
COMMAND: POST /session/e8ae643ad1a7d9f9ee71b330bca2e34d/execute/async - {"script":"<script> [1562 bytes]","args":[{"selector":{"controlType":"sap.m.Input","viewName":"etm.portal.ui.manageyards.view.New","viewId":"application-manageyards-display-component---NewYard","bindingPath":{"path":"","propertyPath":"/SALES_AREA_SPART","modelName":"NewYardModel"},"interaction":{"idSuffix":"inner"}},"wdio_ui5_key":"etmportal.ui.manageyards.view.Newsap.m.Input{\"path\":\"\",\"propertyPath\":\"/SALES_AREA_SPART\",\"modelName\":\"NewYardModel\"}"}]}
RESULT: {"script":"<script> [1562 bytes]","args":[{"selector":{"controlType":"sap.m.Input","viewName":"etm.portal.ui.manageyards.view.New","viewId":"application-manageyards-display-component---NewYard","bindingPath":{"path":"","propertyPath":"/SALES_AREA_SPART","modelName":"NewYardModel"},"interaction":{"idSuffix":"inner"}},"wdio_ui5_key":"etmportal.ui.manageyards.view.Newsap.m.Input{\"path\":\"\",\"propertyPath\":\"/SALES_AREA_SPART\",\"modelName\":\"NewYardModel\"}"}]}
RESULT: undefined
COMMAND: POST /session/e8ae643ad1a7d9f9ee71b330bca2e34d/execute/async - {"script":"<script> [776 bytes]","args":[{"enterText":"C2","selector":{"controlType":"sap.m.Input","viewName":"etm.portal.ui.manageyards.view.New","viewId":"application-manageyards-display-component---NewYard","bindingPath":{"path":"","propertyPath":"/SALES_AREA_SPART","modelName":"NewYardModel"},"interaction":{"idSuffix":"inner"}},"clearTextFirst":true,"interactionType":"ENTER_TEXT"}]}
RESULT: {"script":"<script> [776 bytes]","args":[{"enterText":"C2","selector":{"controlType":"sap.m.Input","viewName":"etm.portal.ui.manageyards.view.New","viewId":"application-manageyards-display-component---NewYard","bindingPath":{"path":"","propertyPath":"/SALES_AREA_SPART","modelName":"NewYardModel"},"interaction":{"idSuffix":"inner"}},"clearTextFirst":true,"interactionType":"ENTER_TEXT"}]}
COMMAND: POST /session/e8ae643ad1a7d9f9ee71b330bca2e34d/execute/async - {"script":"<script> [1562 bytes]","args":[{"selector":{"controlType":"sap.m.Input","viewName":"etm.portal.ui.manageyards.view.New","viewId":"application-manageyards-display-component---NewYard","bindingPath":{"path":"","propertyPath":"/SHIP_POINT","modelName":"NewYardModel"},"interaction":{"idSuffix":"inner"}},"wdio_ui5_key":"etmportal.ui.manageyards.view.Newsap.m.Input{\"path\":\"\",\"propertyPath\":\"/SHIP_POINT\",\"modelName\":\"NewYardModel\"}"}]}
RESULT: {"script":"<script> [1562 bytes]","args":[{"selector":{"controlType":"sap.m.Input","viewName":"etm.portal.ui.manageyards.view.New","viewId":"application-manageyards-display-component---NewYard","bindingPath":{"path":"","propertyPath":"/SHIP_POINT","modelName":"NewYardModel"},"interaction":{"idSuffix":"inner"}},"wdio_ui5_key":"etmportal.ui.manageyards.view.Newsap.m.Input{\"path\":\"\",\"propertyPath\":\"/SHIP_POINT\",\"modelName\":\"NewYardModel\"}"}]}
RESULT: undefined
COMMAND: POST /session/e8ae643ad1a7d9f9ee71b330bca2e34d/execute/async - {"script":"<script> [776 bytes]","args":[{"enterText":"1710","selector":{"controlType":"sap.m.Input","viewName":"etm.portal.ui.manageyards.view.New","viewId":"application-manageyards-display-component---NewYard","bindingPath":{"path":"","propertyPath":"/SHIP_POINT","modelName":"NewYardModel"},"interaction":{"idSuffix":"inner"}},"clearTextFirst":true,"interactionType":"ENTER_TEXT"}]}
RESULT: {"script":"<script> [776 bytes]","args":[{"enterText":"1710","selector":{"controlType":"sap.m.Input","viewName":"etm.portal.ui.manageyards.view.New","viewId":"application-manageyards-display-component---NewYard","bindingPath":{"path":"","propertyPath":"/SHIP_POINT","modelName":"NewYardModel"},"interaction":{"idSuffix":"inner"}},"clearTextFirst":true,"interactionType":"ENTER_TEXT"}]}
COMMAND: POST /session/e8ae643ad1a7d9f9ee71b330bca2e34d/execute/async - {"script":"<script> [1562 bytes]","args":[{"selector":{"controlType":"sap.m.Input","viewName":"etm.portal.ui.manageyards.view.New","viewId":"application-manageyards-display-component---NewYard","bindingPath":{"path":"","propertyPath":"/DELIVERY_TYPE","modelName":"NewYardModel"},"interaction":{"idSuffix":"inner"}},"wdio_ui5_key":"etmportal.ui.manageyards.view.Newsap.m.Input{\"path\":\"\",\"propertyPath\":\"/DELIVERY_TYPE\",\"modelName\":\"NewYardModel\"}"}]}
RESULT: {"script":"<script> [1562 bytes]","args":[{"selector":{"controlType":"sap.m.Input","viewName":"etm.portal.ui.manageyards.view.New","viewId":"application-manageyards-display-component---NewYard","bindingPath":{"path":"","propertyPath":"/DELIVERY_TYPE","modelName":"NewYardModel"},"interaction":{"idSuffix":"inner"}},"wdio_ui5_key":"etmportal.ui.manageyards.view.Newsap.m.Input{\"path\":\"\",\"propertyPath\":\"/DELIVERY_TYPE\",\"modelName\":\"NewYardModel\"}"}]}
RESULT: undefined
COMMAND: POST /session/e8ae643ad1a7d9f9ee71b330bca2e34d/execute/async - {"script":"<script> [776 bytes]","args":[{"enterText":"ZL01","selector":{"controlType":"sap.m.Input","viewName":"etm.portal.ui.manageyards.view.New","viewId":"application-manageyards-display-component---NewYard","bindingPath":{"path":"","propertyPath":"/DELIVERY_TYPE","modelName":"NewYardModel"},"interaction":{"idSuffix":"inner"}},"clearTextFirst":true,"interactionType":"ENTER_TEXT"}]}
RESULT: {"script":"<script> [776 bytes]","args":[{"enterText":"ZL01","selector":{"controlType":"sap.m.Input","viewName":"etm.portal.ui.manageyards.view.New","viewId":"application-manageyards-display-component---NewYard","bindingPath":{"path":"","propertyPath":"/DELIVERY_TYPE","modelName":"NewYardModel"},"interaction":{"idSuffix":"inner"}},"clearTextFirst":true,"interactionType":"ENTER_TEXT"}]}
COMMAND: POST /session/e8ae643ad1a7d9f9ee71b330bca2e34d/execute/async - {"script":"<script> [1562 bytes]","args":[{"selector":{"controlType":"sap.m.Input","viewName":"etm.portal.ui.manageyards.view.New","viewId":"application-manageyards-display-component---NewYard","bindingPath":{"path":"","propertyPath":"/AUART","modelName":"NewYardModel"},"interaction":{"idSuffix":"inner"}},"wdio_ui5_key":"etmportal.ui.manageyards.view.Newsap.m.Input{\"path\":\"\",\"propertyPath\":\"/AUART\",\"modelName\":\"NewYardModel\"}"}]}
RESULT: {"script":"<script> [1562 bytes]","args":[{"selector":{"controlType":"sap.m.Input","viewName":"etm.portal.ui.manageyards.view.New","viewId":"application-manageyards-display-component---NewYard","bindingPath":{"path":"","propertyPath":"/AUART","modelName":"NewYardModel"},"interaction":{"idSuffix":"inner"}},"wdio_ui5_key":"etmportal.ui.manageyards.view.Newsap.m.Input{\"path\":\"\",\"propertyPath\":\"/AUART\",\"modelName\":\"NewYardModel\"}"}]}
RESULT: undefined
COMMAND: POST /session/e8ae643ad1a7d9f9ee71b330bca2e34d/execute/async - {"script":"<script> [776 bytes]","args":[{"enterText":"TA","selector":{"controlType":"sap.m.Input","viewName":"etm.portal.ui.manageyards.view.New","viewId":"application-manageyards-display-component---NewYard","bindingPath":{"path":"","propertyPath":"/AUART","modelName":"NewYardModel"},"interaction":{"idSuffix":"inner"}},"clearTextFirst":true,"interactionType":"ENTER_TEXT"}]}
RESULT: {"script":"<script> [776 bytes]","args":[{"enterText":"TA","selector":{"controlType":"sap.m.Input","viewName":"etm.portal.ui.manageyards.view.New","viewId":"application-manageyards-display-component---NewYard","bindingPath":{"path":"","propertyPath":"/AUART","modelName":"NewYardModel"},"interaction":{"idSuffix":"inner"}},"clearTextFirst":true,"interactionType":"ENTER_TEXT"}]}
COMMAND: POST /session/e8ae643ad1a7d9f9ee71b330bca2e34d/element - {"using":"xpath","value":"//button[@data-kt=\"newYardSaveButton\"]"}
RESULT: {"using":"xpath","value":"//button[@data-kt=\"newYardSaveButton\"]"}
COMMAND: POST /session/e8ae643ad1a7d9f9ee71b330bca2e34d/element/f.804597995EEA20368E99A2927B0C1762.d.1E7FE38E338A139CC3FD0413C8AB3B9A.e.702/click - {}
RESULT: {}
COMMAND: GET /session/e8ae643ad1a7d9f9ee71b330bca2e34d/screenshot - {}
RESULT: {}
COMMAND: POST /session/e8ae643ad1a7d9f9ee71b330bca2e34d/element - {"using":"xpath","value":"//header[contains(@id, 'ObjectPageLayout-headerTitle')]/div[1]/div[2]/div[1]/span[1]"}
RESULT: {"using":"xpath","value":"//header[contains(@id, 'ObjectPageLayout-headerTitle')]/div[1]/div[2]/div[1]/span[1]"}
COMMAND: POST /session/e8ae643ad1a7d9f9ee71b330bca2e34d/elements - {"using":"xpath","value":"//header[contains(@id, 'ObjectPageLayout-headerTitle')]/div[1]/div[2]/div[1]/span[1]"}
RESULT: {"using":"xpath","value":"//header[contains(@id, 'ObjectPageLayout-headerTitle')]/div[1]/div[2]/div[1]/span[1]"}
COMMAND: POST /session/e8ae643ad1a7d9f9ee71b330bca2e34d/execute/sync - {"script":"<script> [56 bytes]","args":[{"element-6066-11e4-a52e-4f735466cecf":"f.804597995EEA20368E99A2927B0C1762.d.1E7FE38E338A139CC3FD0413C8AB3B9A.e.1016","ELEMENT":"f.804597995EEA20368E99A2927B0C1762.d.1E7FE38E338A139CC3FD0413C8AB3B9A.e.1016"}]}
RESULT: {"script":"<script> [56 bytes]","args":[{"element-6066-11e4-a52e-4f735466cecf":"f.804597995EEA20368E99A2927B0C1762.d.1E7FE38E338A139CC3FD0413C8AB3B9A.e.1016","ELEMENT":"f.804597995EEA20368E99A2927B0C1762.d.1E7FE38E338A139CC3FD0413C8AB3B9A.e.1016"}]}
COMMAND: GET /session/e8ae643ad1a7d9f9ee71b330bca2e34d/screenshot - {}
RESULT: {}
COMMAND: POST /session/e8ae643ad1a7d9f9ee71b330bca2e34d/element - {"using":"css selector","value":"#shell-header-logo"}
RESULT: {"using":"css selector","value":"#shell-header-logo"}
COMMAND: POST /session/e8ae643ad1a7d9f9ee71b330bca2e34d/element/f.804597995EEA20368E99A2927B0C1762.d.1E7FE38E338A139CC3FD0413C8AB3B9A.e.266/click - {}
RESULT: {}
COMMAND: GET /session/e8ae643ad1a7d9f9ee71b330bca2e34d/screenshot - {}
RESULT: {}
]]></system-out>
    </testcase>
    <testcase classname="chrome.135_0_7049_42.windows.Billing_Transfer_-_Master_data_&amp;_Intercompany_US127250" name="Should create a new partner" time="107.627">
      <system-out><![CDATA[
COMMAND: POST /session/e8ae643ad1a7d9f9ee71b330bca2e34d/window/fullscreen - {}
RESULT: {}
COMMAND: POST /session/e8ae643ad1a7d9f9ee71b330bca2e34d/execute/async - {"script":"<script> [1562 bytes]","args":[{"selector":{"controlType":"sap.m.GenericTile","properties":{"header":"Manage Partners"}},"wdio_ui5_key":"sapm.GenericTile{\"header\":\"Manage Partners\"}"}]}
RESULT: {"script":"<script> [1562 bytes]","args":[{"selector":{"controlType":"sap.m.GenericTile","properties":{"header":"Manage Partners"}},"wdio_ui5_key":"sapm.GenericTile{\"header\":\"Manage Partners\"}"}]}
RESULT: undefined
COMMAND: POST /session/e8ae643ad1a7d9f9ee71b330bca2e34d/element - {"using":"xpath","value":"//*[@id=\"__tile38\"]"}
RESULT: {"using":"xpath","value":"//*[@id=\"__tile38\"]"}
COMMAND: POST /session/e8ae643ad1a7d9f9ee71b330bca2e34d/element/f.804597995EEA20368E99A2927B0C1762.d.1E7FE38E338A139CC3FD0413C8AB3B9A.e.153/click - {}
RESULT: {}
COMMAND: POST /session/e8ae643ad1a7d9f9ee71b330bca2e34d/element - {"using":"xpath","value":"//button[@data-kt=\"addButton\"]"}
COMMAND: GET /session/e8ae643ad1a7d9f9ee71b330bca2e34d/screenshot - {}
RESULT: {"using":"xpath","value":"//button[@data-kt=\"addButton\"]"}
COMMAND: POST /session/e8ae643ad1a7d9f9ee71b330bca2e34d/elements - {"using":"xpath","value":"//button[@data-kt=\"addButton\"]"}
RESULT: {}
RESULT: {"using":"xpath","value":"//button[@data-kt=\"addButton\"]"}
COMMAND: POST /session/e8ae643ad1a7d9f9ee71b330bca2e34d/elements - {"using":"xpath","value":"//button[@data-kt=\"addButton\"]"}
RESULT: {"using":"xpath","value":"//button[@data-kt=\"addButton\"]"}
COMMAND: POST /session/e8ae643ad1a7d9f9ee71b330bca2e34d/elements - {"using":"xpath","value":"//button[@data-kt=\"addButton\"]"}
RESULT: {"using":"xpath","value":"//button[@data-kt=\"addButton\"]"}
COMMAND: POST /session/e8ae643ad1a7d9f9ee71b330bca2e34d/elements - {"using":"xpath","value":"//button[@data-kt=\"addButton\"]"}
RESULT: {"using":"xpath","value":"//button[@data-kt=\"addButton\"]"}
COMMAND: POST /session/e8ae643ad1a7d9f9ee71b330bca2e34d/elements - {"using":"xpath","value":"//button[@data-kt=\"addButton\"]"}
RESULT: {"using":"xpath","value":"//button[@data-kt=\"addButton\"]"}
COMMAND: POST /session/e8ae643ad1a7d9f9ee71b330bca2e34d/elements - {"using":"xpath","value":"//button[@data-kt=\"addButton\"]"}
RESULT: {"using":"xpath","value":"//button[@data-kt=\"addButton\"]"}
COMMAND: POST /session/e8ae643ad1a7d9f9ee71b330bca2e34d/elements - {"using":"xpath","value":"//button[@data-kt=\"addButton\"]"}
RESULT: {"using":"xpath","value":"//button[@data-kt=\"addButton\"]"}
COMMAND: POST /session/e8ae643ad1a7d9f9ee71b330bca2e34d/elements - {"using":"xpath","value":"//button[@data-kt=\"addButton\"]"}
RESULT: {"using":"xpath","value":"//button[@data-kt=\"addButton\"]"}
COMMAND: POST /session/e8ae643ad1a7d9f9ee71b330bca2e34d/elements - {"using":"xpath","value":"//button[@data-kt=\"addButton\"]"}
RESULT: {"using":"xpath","value":"//button[@data-kt=\"addButton\"]"}
COMMAND: POST /session/e8ae643ad1a7d9f9ee71b330bca2e34d/elements - {"using":"xpath","value":"//button[@data-kt=\"addButton\"]"}
RESULT: {"using":"xpath","value":"//button[@data-kt=\"addButton\"]"}
COMMAND: POST /session/e8ae643ad1a7d9f9ee71b330bca2e34d/elements - {"using":"xpath","value":"//button[@data-kt=\"addButton\"]"}
RESULT: {"using":"xpath","value":"//button[@data-kt=\"addButton\"]"}
COMMAND: POST /session/e8ae643ad1a7d9f9ee71b330bca2e34d/elements - {"using":"xpath","value":"//button[@data-kt=\"addButton\"]"}
RESULT: {"using":"xpath","value":"//button[@data-kt=\"addButton\"]"}
COMMAND: POST /session/e8ae643ad1a7d9f9ee71b330bca2e34d/elements - {"using":"xpath","value":"//button[@data-kt=\"addButton\"]"}
RESULT: {"using":"xpath","value":"//button[@data-kt=\"addButton\"]"}
COMMAND: POST /session/e8ae643ad1a7d9f9ee71b330bca2e34d/elements - {"using":"xpath","value":"//button[@data-kt=\"addButton\"]"}
RESULT: {"using":"xpath","value":"//button[@data-kt=\"addButton\"]"}
COMMAND: POST /session/e8ae643ad1a7d9f9ee71b330bca2e34d/element - {"using":"xpath","value":"//button[@data-kt=\"addButton\"]"}
RESULT: {"using":"xpath","value":"//button[@data-kt=\"addButton\"]"}
COMMAND: POST /session/e8ae643ad1a7d9f9ee71b330bca2e34d/execute/sync - {"script":"<script> [8489 bytes]","args":[{"element-6066-11e4-a52e-4f735466cecf":"f.804597995EEA20368E99A2927B0C1762.d.1E7FE38E338A139CC3FD0413C8AB3B9A.e.1065","ELEMENT":"f.804597995EEA20368E99A2927B0C1762.d.1E7FE38E338A139CC3FD0413C8AB3B9A.e.1065"}]}
RESULT: {"script":"<script> [8489 bytes]","args":[{"element-6066-11e4-a52e-4f735466cecf":"f.804597995EEA20368E99A2927B0C1762.d.1E7FE38E338A139CC3FD0413C8AB3B9A.e.1065","ELEMENT":"f.804597995EEA20368E99A2927B0C1762.d.1E7FE38E338A139CC3FD0413C8AB3B9A.e.1065"}]}
COMMAND: GET /session/e8ae643ad1a7d9f9ee71b330bca2e34d/element/f.804597995EEA20368E99A2927B0C1762.d.1E7FE38E338A139CC3FD0413C8AB3B9A.e.1065/enabled - {}
COMMAND: GET /session/e8ae643ad1a7d9f9ee71b330bca2e34d/screenshot - {}
RESULT: {}
COMMAND: POST /session/e8ae643ad1a7d9f9ee71b330bca2e34d/execute/sync - {"script":"<script> [8489 bytes]","args":[{"element-6066-11e4-a52e-4f735466cecf":"f.804597995EEA20368E99A2927B0C1762.d.1E7FE38E338A139CC3FD0413C8AB3B9A.e.1065","ELEMENT":"f.804597995EEA20368E99A2927B0C1762.d.1E7FE38E338A139CC3FD0413C8AB3B9A.e.1065"}]}
COMMAND: GET /session/e8ae643ad1a7d9f9ee71b330bca2e34d/screenshot - {}
RESULT: {}
RESULT: {"script":"<script> [8489 bytes]","args":[{"element-6066-11e4-a52e-4f735466cecf":"f.804597995EEA20368E99A2927B0C1762.d.1E7FE38E338A139CC3FD0413C8AB3B9A.e.1065","ELEMENT":"f.804597995EEA20368E99A2927B0C1762.d.1E7FE38E338A139CC3FD0413C8AB3B9A.e.1065"}]}
COMMAND: POST /session/e8ae643ad1a7d9f9ee71b330bca2e34d/execute/sync - {"script":"<script> [5351 bytes]","args":[{"element-6066-11e4-a52e-4f735466cecf":"f.804597995EEA20368E99A2927B0C1762.d.1E7FE38E338A139CC3FD0413C8AB3B9A.e.1065","ELEMENT":"f.804597995EEA20368E99A2927B0C1762.d.1E7FE38E338A139CC3FD0413C8AB3B9A.e.1065"}]}
COMMAND: GET /session/e8ae643ad1a7d9f9ee71b330bca2e34d/screenshot - {}
RESULT: {}
RESULT: {"script":"<script> [5351 bytes]","args":[{"element-6066-11e4-a52e-4f735466cecf":"f.804597995EEA20368E99A2927B0C1762.d.1E7FE38E338A139CC3FD0413C8AB3B9A.e.1065","ELEMENT":"f.804597995EEA20368E99A2927B0C1762.d.1E7FE38E338A139CC3FD0413C8AB3B9A.e.1065"}]}
COMMAND: POST /session/e8ae643ad1a7d9f9ee71b330bca2e34d/element/f.804597995EEA20368E99A2927B0C1762.d.1E7FE38E338A139CC3FD0413C8AB3B9A.e.1065/click - {}
COMMAND: GET /session/e8ae643ad1a7d9f9ee71b330bca2e34d/screenshot - {}
RESULT: {}
RESULT: {}
COMMAND: GET /session/e8ae643ad1a7d9f9ee71b330bca2e34d/screenshot - {}
COMMAND: POST /session/e8ae643ad1a7d9f9ee71b330bca2e34d/execute/async - {"script":"<script> [1562 bytes]","args":[{"selector":{"id":"application-managepartners-display-component---NewPartner--addressDetailDetailsName1","interaction":{"idSuffix":"inner"}},"wdio_ui5_key":"applicationmanagepartners-display-component---NewPartner--addressDetailDetailsName1"}]}
RESULT: {}
RESULT: {}
RESULT: {"script":"<script> [1562 bytes]","args":[{"selector":{"id":"application-managepartners-display-component---NewPartner--addressDetailDetailsName1","interaction":{"idSuffix":"inner"}},"wdio_ui5_key":"applicationmanagepartners-display-component---NewPartner--addressDetailDetailsName1"}]}
RESULT: undefined
COMMAND: POST /session/e8ae643ad1a7d9f9ee71b330bca2e34d/execute/async - {"script":"<script> [776 bytes]","args":[{"enterText":"Intercompany Partner WDIO","selector":{"id":"application-managepartners-display-component---NewPartner--addressDetailDetailsName1","interaction":{"idSuffix":"inner"}},"clearTextFirst":true,"interactionType":"ENTER_TEXT"}]}
RESULT: {"script":"<script> [776 bytes]","args":[{"enterText":"Intercompany Partner WDIO","selector":{"id":"application-managepartners-display-component---NewPartner--addressDetailDetailsName1","interaction":{"idSuffix":"inner"}},"clearTextFirst":true,"interactionType":"ENTER_TEXT"}]}
COMMAND: POST /session/e8ae643ad1a7d9f9ee71b330bca2e34d/execute/async - {"script":"<script> [1562 bytes]","args":[{"selector":{"id":"application-managepartners-display-component---NewPartner--addressDetailDetailsLanguage-arrow"},"wdio_ui5_key":"applicationmanagepartners-display-component---NewPartner--addressDetailDetailsLanguage-arrow"}]}
RESULT: {"script":"<script> [1562 bytes]","args":[{"selector":{"id":"application-managepartners-display-component---NewPartner--addressDetailDetailsLanguage-arrow"},"wdio_ui5_key":"applicationmanagepartners-display-component---NewPartner--addressDetailDetailsLanguage-arrow"}]}
RESULT: undefined
COMMAND: POST /session/e8ae643ad1a7d9f9ee71b330bca2e34d/element - {"using":"xpath","value":"//*[@id=\"application-managepartners-display-component---NewPartner--addressDetailDetailsLanguage-arrow\"]"}
RESULT: {"using":"xpath","value":"//*[@id=\"application-managepartners-display-component---NewPartner--addressDetailDetailsLanguage-arrow\"]"}
COMMAND: POST /session/e8ae643ad1a7d9f9ee71b330bca2e34d/element/f.804597995EEA20368E99A2927B0C1762.d.1E7FE38E338A139CC3FD0413C8AB3B9A.e.1511/click - {}
RESULT: {}
COMMAND: POST /session/e8ae643ad1a7d9f9ee71b330bca2e34d/element - {"using":"xpath","value":"//span[contains(text(), \"English\")]"}
COMMAND: GET /session/e8ae643ad1a7d9f9ee71b330bca2e34d/screenshot - {}
RESULT: {"using":"xpath","value":"//span[contains(text(), \"English\")]"}
COMMAND: POST /session/e8ae643ad1a7d9f9ee71b330bca2e34d/element/f.804597995EEA20368E99A2927B0C1762.d.1E7FE38E338A139CC3FD0413C8AB3B9A.e.1512/click - {}
RESULT: {}
RESULT: {}
COMMAND: GET /session/e8ae643ad1a7d9f9ee71b330bca2e34d/screenshot - {}
RESULT: {}
COMMAND: POST /session/e8ae643ad1a7d9f9ee71b330bca2e34d/execute/async - {"script":"<script> [1562 bytes]","args":[{"selector":{"id":"application-managepartners-display-component---NewPartner--addressDetailDetailsCity1","interaction":{"idSuffix":"inner"}},"wdio_ui5_key":"applicationmanagepartners-display-component---NewPartner--addressDetailDetailsCity1"}]}
RESULT: {"script":"<script> [1562 bytes]","args":[{"selector":{"id":"application-managepartners-display-component---NewPartner--addressDetailDetailsCity1","interaction":{"idSuffix":"inner"}},"wdio_ui5_key":"applicationmanagepartners-display-component---NewPartner--addressDetailDetailsCity1"}]}
RESULT: undefined
COMMAND: POST /session/e8ae643ad1a7d9f9ee71b330bca2e34d/execute/async - {"script":"<script> [776 bytes]","args":[{"enterText":"Rosario","selector":{"id":"application-managepartners-display-component---NewPartner--addressDetailDetailsCity1","interaction":{"idSuffix":"inner"}},"clearTextFirst":true,"interactionType":"ENTER_TEXT"}]}
RESULT: {"script":"<script> [776 bytes]","args":[{"enterText":"Rosario","selector":{"id":"application-managepartners-display-component---NewPartner--addressDetailDetailsCity1","interaction":{"idSuffix":"inner"}},"clearTextFirst":true,"interactionType":"ENTER_TEXT"}]}
COMMAND: POST /session/e8ae643ad1a7d9f9ee71b330bca2e34d/execute/async - {"script":"<script> [1562 bytes]","args":[{"selector":{"id":"application-managepartners-display-component---NewPartner--addressDetailDetailsCountry-arrow"},"wdio_ui5_key":"applicationmanagepartners-display-component---NewPartner--addressDetailDetailsCountry-arrow"}]}
RESULT: {"script":"<script> [1562 bytes]","args":[{"selector":{"id":"application-managepartners-display-component---NewPartner--addressDetailDetailsCountry-arrow"},"wdio_ui5_key":"applicationmanagepartners-display-component---NewPartner--addressDetailDetailsCountry-arrow"}]}
RESULT: undefined
COMMAND: POST /session/e8ae643ad1a7d9f9ee71b330bca2e34d/element - {"using":"xpath","value":"//*[@id=\"application-managepartners-display-component---NewPartner--addressDetailDetailsCountry-arrow\"]"}
RESULT: {"using":"xpath","value":"//*[@id=\"application-managepartners-display-component---NewPartner--addressDetailDetailsCountry-arrow\"]"}
COMMAND: POST /session/e8ae643ad1a7d9f9ee71b330bca2e34d/element/f.804597995EEA20368E99A2927B0C1762.d.1E7FE38E338A139CC3FD0413C8AB3B9A.e.1498/click - {}
RESULT: {}
COMMAND: POST /session/e8ae643ad1a7d9f9ee71b330bca2e34d/element - {"using":"xpath","value":"//span[contains(text(), \"Argentina\")]"}
COMMAND: GET /session/e8ae643ad1a7d9f9ee71b330bca2e34d/screenshot - {}
RESULT: {"using":"xpath","value":"//span[contains(text(), \"Argentina\")]"}
COMMAND: POST /session/e8ae643ad1a7d9f9ee71b330bca2e34d/element/f.804597995EEA20368E99A2927B0C1762.d.1E7FE38E338A139CC3FD0413C8AB3B9A.e.1514/click - {}
RESULT: {}
RESULT: {}
COMMAND: GET /session/e8ae643ad1a7d9f9ee71b330bca2e34d/screenshot - {}
RESULT: {}
COMMAND: POST /session/e8ae643ad1a7d9f9ee71b330bca2e34d/element - {"using":"xpath","value":"//bdi[contains(text(), \"Commercial\")]"}
RESULT: {"using":"xpath","value":"//bdi[contains(text(), \"Commercial\")]"}
COMMAND: POST /session/e8ae643ad1a7d9f9ee71b330bca2e34d/element/f.804597995EEA20368E99A2927B0C1762.d.1E7FE38E338A139CC3FD0413C8AB3B9A.e.1515/click - {}
RESULT: {}
COMMAND: GET /session/e8ae643ad1a7d9f9ee71b330bca2e34d/screenshot - {}
RESULT: {}
COMMAND: POST /session/e8ae643ad1a7d9f9ee71b330bca2e34d/execute/async - {"script":"<script> [1562 bytes]","args":[{"selector":{"id":"application-managepartners-display-component---NewPartner--partnerDetailInternal-arrow"},"wdio_ui5_key":"applicationmanagepartners-display-component---NewPartner--partnerDetailInternal-arrow"}]}
RESULT: {"script":"<script> [1562 bytes]","args":[{"selector":{"id":"application-managepartners-display-component---NewPartner--partnerDetailInternal-arrow"},"wdio_ui5_key":"applicationmanagepartners-display-component---NewPartner--partnerDetailInternal-arrow"}]}
RESULT: undefined
COMMAND: POST /session/e8ae643ad1a7d9f9ee71b330bca2e34d/element - {"using":"xpath","value":"//*[@id=\"application-managepartners-display-component---NewPartner--partnerDetailInternal-arrow\"]"}
RESULT: {"using":"xpath","value":"//*[@id=\"application-managepartners-display-component---NewPartner--partnerDetailInternal-arrow\"]"}
COMMAND: POST /session/e8ae643ad1a7d9f9ee71b330bca2e34d/element/f.804597995EEA20368E99A2927B0C1762.d.1E7FE38E338A139CC3FD0413C8AB3B9A.e.1521/click - {}
RESULT: {}
COMMAND: POST /session/e8ae643ad1a7d9f9ee71b330bca2e34d/element - {"using":"xpath","value":"//span[contains(text(), \"Affiliated company\")]"}
COMMAND: GET /session/e8ae643ad1a7d9f9ee71b330bca2e34d/screenshot - {}
RESULT: {"using":"xpath","value":"//span[contains(text(), \"Affiliated company\")]"}
COMMAND: POST /session/e8ae643ad1a7d9f9ee71b330bca2e34d/element/f.804597995EEA20368E99A2927B0C1762.d.1E7FE38E338A139CC3FD0413C8AB3B9A.e.1522/click - {}
RESULT: {}
RESULT: {}
COMMAND: POST /session/e8ae643ad1a7d9f9ee71b330bca2e34d/execute/async - {"script":"<script> [1562 bytes]","args":[{"selector":{"id":"application-managepartners-display-component---NewPartner--partnerDetailsCurrency-arrow"},"wdio_ui5_key":"applicationmanagepartners-display-component---NewPartner--partnerDetailsCurrency-arrow"}]}
COMMAND: GET /session/e8ae643ad1a7d9f9ee71b330bca2e34d/screenshot - {}
RESULT: {"script":"<script> [1562 bytes]","args":[{"selector":{"id":"application-managepartners-display-component---NewPartner--partnerDetailsCurrency-arrow"},"wdio_ui5_key":"applicationmanagepartners-display-component---NewPartner--partnerDetailsCurrency-arrow"}]}
RESULT: undefined
COMMAND: POST /session/e8ae643ad1a7d9f9ee71b330bca2e34d/element - {"using":"xpath","value":"//*[@id=\"application-managepartners-display-component---NewPartner--partnerDetailsCurrency-arrow\"]"}
RESULT: {}
RESULT: {"using":"xpath","value":"//*[@id=\"application-managepartners-display-component---NewPartner--partnerDetailsCurrency-arrow\"]"}
COMMAND: POST /session/e8ae643ad1a7d9f9ee71b330bca2e34d/element/f.804597995EEA20368E99A2927B0C1762.d.1E7FE38E338A139CC3FD0413C8AB3B9A.e.1529/click - {}
RESULT: {}
COMMAND: POST /session/e8ae643ad1a7d9f9ee71b330bca2e34d/element - {"using":"xpath","value":"//span[contains(text(), \"Euro\")]"}
COMMAND: GET /session/e8ae643ad1a7d9f9ee71b330bca2e34d/screenshot - {}
RESULT: {"using":"xpath","value":"//span[contains(text(), \"Euro\")]"}
COMMAND: POST /session/e8ae643ad1a7d9f9ee71b330bca2e34d/element/f.804597995EEA20368E99A2927B0C1762.d.1E7FE38E338A139CC3FD0413C8AB3B9A.e.1530/click - {}
RESULT: {}
RESULT: {}
COMMAND: POST /session/e8ae643ad1a7d9f9ee71b330bca2e34d/execute/async - {"script":"<script> [1562 bytes]","args":[{"selector":{"id":"application-managepartners-display-component---NewPartner--addressEditDetailsCostObjectCstType-arrow"},"wdio_ui5_key":"applicationmanagepartners-display-component---NewPartner--addressEditDetailsCostObjectCstType-arrow"}]}
COMMAND: GET /session/e8ae643ad1a7d9f9ee71b330bca2e34d/screenshot - {}
RESULT: {"script":"<script> [1562 bytes]","args":[{"selector":{"id":"application-managepartners-display-component---NewPartner--addressEditDetailsCostObjectCstType-arrow"},"wdio_ui5_key":"applicationmanagepartners-display-component---NewPartner--addressEditDetailsCostObjectCstType-arrow"}]}
RESULT: undefined
COMMAND: POST /session/e8ae643ad1a7d9f9ee71b330bca2e34d/element - {"using":"xpath","value":"//*[@id=\"application-managepartners-display-component---NewPartner--addressEditDetailsCostObjectCstType-arrow\"]"}
RESULT: {}
RESULT: {"using":"xpath","value":"//*[@id=\"application-managepartners-display-component---NewPartner--addressEditDetailsCostObjectCstType-arrow\"]"}
COMMAND: POST /session/e8ae643ad1a7d9f9ee71b330bca2e34d/element/f.804597995EEA20368E99A2927B0C1762.d.1E7FE38E338A139CC3FD0413C8AB3B9A.e.1531/click - {}
RESULT: {}
COMMAND: POST /session/e8ae643ad1a7d9f9ee71b330bca2e34d/element - {"using":"xpath","value":"//span[contains(text(), \"Cost Center\")]"}
COMMAND: GET /session/e8ae643ad1a7d9f9ee71b330bca2e34d/screenshot - {}
RESULT: {"using":"xpath","value":"//span[contains(text(), \"Cost Center\")]"}
COMMAND: POST /session/e8ae643ad1a7d9f9ee71b330bca2e34d/element/f.804597995EEA20368E99A2927B0C1762.d.1E7FE38E338A139CC3FD0413C8AB3B9A.e.1532/click - {}
RESULT: {}
RESULT: {}
COMMAND: GET /session/e8ae643ad1a7d9f9ee71b330bca2e34d/screenshot - {}
RESULT: {}
COMMAND: POST /session/e8ae643ad1a7d9f9ee71b330bca2e34d/element - {"using":"xpath","value":"//span[@id=\"application-managepartners-display-component---NewPartner--addressNewCostObjectCstID-vhi\"]"}
RESULT: {"using":"xpath","value":"//span[@id=\"application-managepartners-display-component---NewPartner--addressNewCostObjectCstID-vhi\"]"}
COMMAND: POST /session/e8ae643ad1a7d9f9ee71b330bca2e34d/execute/sync - {"script":"<script> [8489 bytes]","args":[{"element-6066-11e4-a52e-4f735466cecf":"f.804597995EEA20368E99A2927B0C1762.d.1E7FE38E338A139CC3FD0413C8AB3B9A.e.1535","ELEMENT":"f.804597995EEA20368E99A2927B0C1762.d.1E7FE38E338A139CC3FD0413C8AB3B9A.e.1535"}]}
RESULT: {"script":"<script> [8489 bytes]","args":[{"element-6066-11e4-a52e-4f735466cecf":"f.804597995EEA20368E99A2927B0C1762.d.1E7FE38E338A139CC3FD0413C8AB3B9A.e.1535","ELEMENT":"f.804597995EEA20368E99A2927B0C1762.d.1E7FE38E338A139CC3FD0413C8AB3B9A.e.1535"}]}
COMMAND: POST /session/e8ae643ad1a7d9f9ee71b330bca2e34d/execute/async - {"script":"<script> [1562 bytes]","args":[{"selector":{"id":"application-managepartners-display-component---NewPartner--addressNewCostObjectCstID-vhi"},"wdio_ui5_key":"applicationmanagepartners-display-component---NewPartner--addressNewCostObjectCstID-vhi"}]}
COMMAND: GET /session/e8ae643ad1a7d9f9ee71b330bca2e34d/screenshot - {}
RESULT: {"script":"<script> [1562 bytes]","args":[{"selector":{"id":"application-managepartners-display-component---NewPartner--addressNewCostObjectCstID-vhi"},"wdio_ui5_key":"applicationmanagepartners-display-component---NewPartner--addressNewCostObjectCstID-vhi"}]}
RESULT: undefined
COMMAND: POST /session/e8ae643ad1a7d9f9ee71b330bca2e34d/element - {"using":"xpath","value":"//*[@id=\"application-managepartners-display-component---NewPartner--addressNewCostObjectCstID-vhi\"]"}
RESULT: {}
RESULT: {"using":"xpath","value":"//*[@id=\"application-managepartners-display-component---NewPartner--addressNewCostObjectCstID-vhi\"]"}
COMMAND: POST /session/e8ae643ad1a7d9f9ee71b330bca2e34d/element/f.804597995EEA20368E99A2927B0C1762.d.1E7FE38E338A139CC3FD0413C8AB3B9A.e.1535/click - {}
RESULT: {}
COMMAND: GET /session/e8ae643ad1a7d9f9ee71b330bca2e34d/screenshot - {}
RESULT: {}
RESULT: undefined
COMMAND: POST /session/e8ae643ad1a7d9f9ee71b330bca2e34d/execute/async - {"script":"<script> [776 bytes]","args":[{"enterText":"10001013","selector":{"controlType":"sap.m.SearchField","properties":{"placeholder":"Search"},"searchOpenDialogs":true,"interaction":{"idSuffix":"I"}},"clearTextFirst":true,"interactionType":"ENTER_TEXT"}]}
RESULT: {"script":"<script> [776 bytes]","args":[{"enterText":"10001013","selector":{"controlType":"sap.m.SearchField","properties":{"placeholder":"Search"},"searchOpenDialogs":true,"interaction":{"idSuffix":"I"}},"clearTextFirst":true,"interactionType":"ENTER_TEXT"}]}
COMMAND: POST /session/e8ae643ad1a7d9f9ee71b330bca2e34d/actions - {"actions":[{"id":"action2","type":"key","parameters":{},"actions":[{"type":"keyDown","value":""},{"type":"pause","duration":10},{"type":"keyUp","value":""}]}]}
RESULT: {"actions":[{"id":"action2","type":"key","parameters":{},"actions":[{"type":"keyDown","value":""},{"type":"pause","duration":10},{"type":"keyUp","value":""}]}]}
COMMAND: GET /session/e8ae643ad1a7d9f9ee71b330bca2e34d/screenshot - {}
RESULT: {}
COMMAND: POST /session/e8ae643ad1a7d9f9ee71b330bca2e34d/element - {"using":"xpath","value":"//span[contains(text(), \"General Management\")]"}
RESULT: {"using":"xpath","value":"//span[contains(text(), \"General Management\")]"}
COMMAND: POST /session/e8ae643ad1a7d9f9ee71b330bca2e34d/element/f.804597995EEA20368E99A2927B0C1762.d.1E7FE38E338A139CC3FD0413C8AB3B9A.e.1573/click - {}
RESULT: {}
COMMAND: GET /session/e8ae643ad1a7d9f9ee71b330bca2e34d/screenshot - {}
RESULT: {}
COMMAND: POST /session/e8ae643ad1a7d9f9ee71b330bca2e34d/element - {"using":"xpath","value":"//bdi[contains(text(), \"OK\")]"}
RESULT: {"using":"xpath","value":"//bdi[contains(text(), \"OK\")]"}
COMMAND: POST /session/e8ae643ad1a7d9f9ee71b330bca2e34d/element/f.804597995EEA20368E99A2927B0C1762.d.1E7FE38E338A139CC3FD0413C8AB3B9A.e.1574/click - {}
RESULT: {}
COMMAND: GET /session/e8ae643ad1a7d9f9ee71b330bca2e34d/screenshot - {}
RESULT: {}
COMMAND: POST /session/e8ae643ad1a7d9f9ee71b330bca2e34d/element - {"using":"xpath","value":"//input[@id=\"application-managepartners-display-component---NewPartner--companyCodeComboBox-inner\"]"}
RESULT: {"using":"xpath","value":"//input[@id=\"application-managepartners-display-component---NewPartner--companyCodeComboBox-inner\"]"}
COMMAND: POST /session/e8ae643ad1a7d9f9ee71b330bca2e34d/element/f.804597995EEA20368E99A2927B0C1762.d.1E7FE38E338A139CC3FD0413C8AB3B9A.e.1366/clear - {}
RESULT: {}
COMMAND: POST /session/e8ae643ad1a7d9f9ee71b330bca2e34d/element/f.804597995EEA20368E99A2927B0C1762.d.1E7FE38E338A139CC3FD0413C8AB3B9A.e.1366/value - {"text":"C002"}
COMMAND: GET /session/e8ae643ad1a7d9f9ee71b330bca2e34d/screenshot - {}
RESULT: {"text":"C002"}
COMMAND: GET /session/e8ae643ad1a7d9f9ee71b330bca2e34d/screenshot - {}
RESULT: {}
RESULT: {}
COMMAND: POST /session/e8ae643ad1a7d9f9ee71b330bca2e34d/element - {"using":"xpath","value":"//span[contains(text(), \"C002\")]"}
RESULT: {"using":"xpath","value":"//span[contains(text(), \"C002\")]"}
COMMAND: POST /session/e8ae643ad1a7d9f9ee71b330bca2e34d/element/f.804597995EEA20368E99A2927B0C1762.d.1E7FE38E338A139CC3FD0413C8AB3B9A.e.1580/click - {}
RESULT: {}
COMMAND: GET /session/e8ae643ad1a7d9f9ee71b330bca2e34d/screenshot - {}
RESULT: {}
COMMAND: POST /session/e8ae643ad1a7d9f9ee71b330bca2e34d/execute/async - {"script":"<script> [1562 bytes]","args":[{"selector":{"id":"application-managepartners-display-component---NewPartner--btnAddTableRow-img"},"wdio_ui5_key":"applicationmanagepartners-display-component---NewPartner--btnAddTableRow-img"}]}
RESULT: {"script":"<script> [1562 bytes]","args":[{"selector":{"id":"application-managepartners-display-component---NewPartner--btnAddTableRow-img"},"wdio_ui5_key":"applicationmanagepartners-display-component---NewPartner--btnAddTableRow-img"}]}
RESULT: undefined
COMMAND: POST /session/e8ae643ad1a7d9f9ee71b330bca2e34d/element - {"using":"xpath","value":"//*[@id=\"application-managepartners-display-component---NewPartner--btnAddTableRow-img\"]"}
RESULT: {"using":"xpath","value":"//*[@id=\"application-managepartners-display-component---NewPartner--btnAddTableRow-img\"]"}
COMMAND: POST /session/e8ae643ad1a7d9f9ee71b330bca2e34d/element/f.804597995EEA20368E99A2927B0C1762.d.1E7FE38E338A139CC3FD0413C8AB3B9A.e.1581/click - {}
RESULT: {}
COMMAND: GET /session/e8ae643ad1a7d9f9ee71b330bca2e34d/screenshot - {}
RESULT: {}
COMMAND: POST /session/e8ae643ad1a7d9f9ee71b330bca2e34d/element - {"using":"xpath","value":"//input[@id=\"application-managepartners-display-component---NewPartner--assignmentYard-application-managepartners-display-component---NewPartner--assignmentsTable-0-inner\"]"}
RESULT: {"using":"xpath","value":"//input[@id=\"application-managepartners-display-component---NewPartner--assignmentYard-application-managepartners-display-component---NewPartner--assignmentsTable-0-inner\"]"}
COMMAND: POST /session/e8ae643ad1a7d9f9ee71b330bca2e34d/element/f.804597995EEA20368E99A2927B0C1762.d.1E7FE38E338A139CC3FD0413C8AB3B9A.e.1584/clear - {}
RESULT: {}
COMMAND: POST /session/e8ae643ad1a7d9f9ee71b330bca2e34d/element/f.804597995EEA20368E99A2927B0C1762.d.1E7FE38E338A139CC3FD0413C8AB3B9A.e.1584/value - {"text":"370"}
COMMAND: GET /session/e8ae643ad1a7d9f9ee71b330bca2e34d/screenshot - {}
RESULT: {"text":"370"}
COMMAND: GET /session/e8ae643ad1a7d9f9ee71b330bca2e34d/screenshot - {}
RESULT: {}
RESULT: {}
COMMAND: POST /session/e8ae643ad1a7d9f9ee71b330bca2e34d/element - {"using":"xpath","value":"//li[.//span[text()='370']]"}
RESULT: {"using":"xpath","value":"//li[.//span[text()='370']]"}
COMMAND: POST /session/e8ae643ad1a7d9f9ee71b330bca2e34d/element/f.804597995EEA20368E99A2927B0C1762.d.1E7FE38E338A139CC3FD0413C8AB3B9A.e.1593/click - {}
RESULT: {}
COMMAND: GET /session/e8ae643ad1a7d9f9ee71b330bca2e34d/screenshot - {}
RESULT: {}
COMMAND: POST /session/e8ae643ad1a7d9f9ee71b330bca2e34d/actions - {"actions":[{"id":"action3","type":"key","parameters":{},"actions":[{"type":"keyDown","value":""},{"type":"pause","duration":10},{"type":"keyUp","value":""}]}]}
RESULT: {"actions":[{"id":"action3","type":"key","parameters":{},"actions":[{"type":"keyDown","value":""},{"type":"pause","duration":10},{"type":"keyUp","value":""}]}]}
COMMAND: POST /session/e8ae643ad1a7d9f9ee71b330bca2e34d/execute/async - {"script":"<script> [1562 bytes]","args":[{"selector":{"id":"application-managepartners-display-component---NewPartner--externalCustomerComboBox-application-managepartners-display-component---NewPartner--assignmentsTable-0-vhi"},"wdio_ui5_key":"applicationmanagepartners-display-component---NewPartner--externalCustomerComboBox-application-managepartners-display-component---NewPartner--assignmentsTable-0-vhi"}]}
COMMAND: GET /session/e8ae643ad1a7d9f9ee71b330bca2e34d/screenshot - {}
RESULT: {"script":"<script> [1562 bytes]","args":[{"selector":{"id":"application-managepartners-display-component---NewPartner--externalCustomerComboBox-application-managepartners-display-component---NewPartner--assignmentsTable-0-vhi"},"wdio_ui5_key":"applicationmanagepartners-display-component---NewPartner--externalCustomerComboBox-application-managepartners-display-component---NewPartner--assignmentsTable-0-vhi"}]}
RESULT: undefined
COMMAND: POST /session/e8ae643ad1a7d9f9ee71b330bca2e34d/element - {"using":"xpath","value":"//*[@id=\"application-managepartners-display-component---NewPartner--externalCustomerComboBox-application-managepartners-display-component---NewPartner--assignmentsTable-0-vhi\"]"}
RESULT: {}
RESULT: {"using":"xpath","value":"//*[@id=\"application-managepartners-display-component---NewPartner--externalCustomerComboBox-application-managepartners-display-component---NewPartner--assignmentsTable-0-vhi\"]"}
COMMAND: POST /session/e8ae643ad1a7d9f9ee71b330bca2e34d/element/f.804597995EEA20368E99A2927B0C1762.d.1E7FE38E338A139CC3FD0413C8AB3B9A.e.1597/click - {}
RESULT: {}
RESULT: undefined
COMMAND: POST /session/e8ae643ad1a7d9f9ee71b330bca2e34d/execute/async - {"script":"<script> [776 bytes]","args":[{"enterText":"300003","selector":{"controlType":"sap.m.SearchField","properties":{"placeholder":"Search"},"searchOpenDialogs":true,"interaction":{"idSuffix":"I"}},"clearTextFirst":true,"interactionType":"ENTER_TEXT"}]}
COMMAND: GET /session/e8ae643ad1a7d9f9ee71b330bca2e34d/screenshot - {}
RESULT: {"script":"<script> [776 bytes]","args":[{"enterText":"300003","selector":{"controlType":"sap.m.SearchField","properties":{"placeholder":"Search"},"searchOpenDialogs":true,"interaction":{"idSuffix":"I"}},"clearTextFirst":true,"interactionType":"ENTER_TEXT"}]}
COMMAND: POST /session/e8ae643ad1a7d9f9ee71b330bca2e34d/actions - {"actions":[{"id":"action4","type":"key","parameters":{},"actions":[{"type":"keyDown","value":""},{"type":"pause","duration":10},{"type":"keyUp","value":""}]}]}
RESULT: {}
RESULT: {"actions":[{"id":"action4","type":"key","parameters":{},"actions":[{"type":"keyDown","value":""},{"type":"pause","duration":10},{"type":"keyUp","value":""}]}]}
COMMAND: GET /session/e8ae643ad1a7d9f9ee71b330bca2e34d/screenshot - {}
RESULT: {}
COMMAND: POST /session/e8ae643ad1a7d9f9ee71b330bca2e34d/element - {"using":"xpath","value":"//span[contains(text(), \"300003\")]"}
RESULT: {"using":"xpath","value":"//span[contains(text(), \"300003\")]"}
COMMAND: POST /session/e8ae643ad1a7d9f9ee71b330bca2e34d/element/f.804597995EEA20368E99A2927B0C1762.d.1E7FE38E338A139CC3FD0413C8AB3B9A.e.1615/click - {}
RESULT: {}
COMMAND: GET /session/e8ae643ad1a7d9f9ee71b330bca2e34d/screenshot - {}
RESULT: {}
COMMAND: POST /session/e8ae643ad1a7d9f9ee71b330bca2e34d/element - {"using":"xpath","value":"//bdi[contains(text(), \"OK\")]"}
RESULT: {"using":"xpath","value":"//bdi[contains(text(), \"OK\")]"}
COMMAND: POST /session/e8ae643ad1a7d9f9ee71b330bca2e34d/element/f.804597995EEA20368E99A2927B0C1762.d.1E7FE38E338A139CC3FD0413C8AB3B9A.e.1617/click - {}
RESULT: {}
COMMAND: GET /session/e8ae643ad1a7d9f9ee71b330bca2e34d/screenshot - {}
RESULT: {}
COMMAND: POST /session/e8ae643ad1a7d9f9ee71b330bca2e34d/execute/async - {"script":"<script> [1562 bytes]","args":[{"selector":{"id":"application-managepartners-display-component---NewPartner--intercompVendorComboBox-application-managepartners-display-component---NewPartner--assignmentsTable-0-vhi"},"wdio_ui5_key":"applicationmanagepartners-display-component---NewPartner--intercompVendorComboBox-application-managepartners-display-component---NewPartner--assignmentsTable-0-vhi"}]}
RESULT: {"script":"<script> [1562 bytes]","args":[{"selector":{"id":"application-managepartners-display-component---NewPartner--intercompVendorComboBox-application-managepartners-display-component---NewPartner--assignmentsTable-0-vhi"},"wdio_ui5_key":"applicationmanagepartners-display-component---NewPartner--intercompVendorComboBox-application-managepartners-display-component---NewPartner--assignmentsTable-0-vhi"}]}
RESULT: undefined
COMMAND: POST /session/e8ae643ad1a7d9f9ee71b330bca2e34d/element - {"using":"xpath","value":"//*[@id=\"application-managepartners-display-component---NewPartner--intercompVendorComboBox-application-managepartners-display-component---NewPartner--assignmentsTable-0-vhi\"]"}
RESULT: {"using":"xpath","value":"//*[@id=\"application-managepartners-display-component---NewPartner--intercompVendorComboBox-application-managepartners-display-component---NewPartner--assignmentsTable-0-vhi\"]"}
COMMAND: POST /session/e8ae643ad1a7d9f9ee71b330bca2e34d/element/f.804597995EEA20368E99A2927B0C1762.d.1E7FE38E338A139CC3FD0413C8AB3B9A.e.1620/click - {}
RESULT: {}
RESULT: undefined
COMMAND: POST /session/e8ae643ad1a7d9f9ee71b330bca2e34d/execute/async - {"script":"<script> [776 bytes]","args":[{"enterText":"100005","selector":{"controlType":"sap.m.SearchField","properties":{"placeholder":"Search"},"searchOpenDialogs":true,"interaction":{"idSuffix":"I"}},"clearTextFirst":true,"interactionType":"ENTER_TEXT"}]}
COMMAND: GET /session/e8ae643ad1a7d9f9ee71b330bca2e34d/screenshot - {}
RESULT: {"script":"<script> [776 bytes]","args":[{"enterText":"100005","selector":{"controlType":"sap.m.SearchField","properties":{"placeholder":"Search"},"searchOpenDialogs":true,"interaction":{"idSuffix":"I"}},"clearTextFirst":true,"interactionType":"ENTER_TEXT"}]}
COMMAND: POST /session/e8ae643ad1a7d9f9ee71b330bca2e34d/actions - {"actions":[{"id":"action5","type":"key","parameters":{},"actions":[{"type":"keyDown","value":""},{"type":"pause","duration":10},{"type":"keyUp","value":""}]}]}
RESULT: {}
RESULT: {"actions":[{"id":"action5","type":"key","parameters":{},"actions":[{"type":"keyDown","value":""},{"type":"pause","duration":10},{"type":"keyUp","value":""}]}]}
COMMAND: GET /session/e8ae643ad1a7d9f9ee71b330bca2e34d/screenshot - {}
RESULT: {}
COMMAND: POST /session/e8ae643ad1a7d9f9ee71b330bca2e34d/element - {"using":"xpath","value":"//span[contains(text(), \"Penguins - Field/12345 Berlin\")]"}
RESULT: {"using":"xpath","value":"//span[contains(text(), \"Penguins - Field/12345 Berlin\")]"}
COMMAND: POST /session/e8ae643ad1a7d9f9ee71b330bca2e34d/element/f.804597995EEA20368E99A2927B0C1762.d.1E7FE38E338A139CC3FD0413C8AB3B9A.e.1639/click - {}
RESULT: {}
COMMAND: GET /session/e8ae643ad1a7d9f9ee71b330bca2e34d/screenshot - {}
RESULT: {}
COMMAND: POST /session/e8ae643ad1a7d9f9ee71b330bca2e34d/element - {"using":"xpath","value":"//bdi[contains(text(), \"OK\")]"}
RESULT: {"using":"xpath","value":"//bdi[contains(text(), \"OK\")]"}
COMMAND: POST /session/e8ae643ad1a7d9f9ee71b330bca2e34d/element/f.804597995EEA20368E99A2927B0C1762.d.1E7FE38E338A139CC3FD0413C8AB3B9A.e.1640/click - {}
RESULT: {}
COMMAND: GET /session/e8ae643ad1a7d9f9ee71b330bca2e34d/screenshot - {}
RESULT: {}
COMMAND: POST /session/e8ae643ad1a7d9f9ee71b330bca2e34d/element - {"using":"xpath","value":"//button[@data-kt=\"saveButton\"]"}
RESULT: {"using":"xpath","value":"//button[@data-kt=\"saveButton\"]"}
COMMAND: POST /session/e8ae643ad1a7d9f9ee71b330bca2e34d/element/f.804597995EEA20368E99A2927B0C1762.d.1E7FE38E338A139CC3FD0413C8AB3B9A.e.1448/click - {}
RESULT: {}
COMMAND: GET /session/e8ae643ad1a7d9f9ee71b330bca2e34d/screenshot - {}
RESULT: {}
COMMAND: POST /session/e8ae643ad1a7d9f9ee71b330bca2e34d/element - {"using":"xpath","value":"//header[contains(@id, 'ObjectPageLayout-headerTitle')]/div[1]/div[2]/div[2]/span[1]"}
RESULT: {"using":"xpath","value":"//header[contains(@id, 'ObjectPageLayout-headerTitle')]/div[1]/div[2]/div[2]/span[1]"}
COMMAND: POST /session/e8ae643ad1a7d9f9ee71b330bca2e34d/elements - {"using":"xpath","value":"//header[contains(@id, 'ObjectPageLayout-headerTitle')]/div[1]/div[2]/div[2]/span[1]"}
RESULT: {"using":"xpath","value":"//header[contains(@id, 'ObjectPageLayout-headerTitle')]/div[1]/div[2]/div[2]/span[1]"}
COMMAND: POST /session/e8ae643ad1a7d9f9ee71b330bca2e34d/execute/sync - {"script":"<script> [56 bytes]","args":[{"element-6066-11e4-a52e-4f735466cecf":"f.804597995EEA20368E99A2927B0C1762.d.1E7FE38E338A139CC3FD0413C8AB3B9A.e.1803","ELEMENT":"f.804597995EEA20368E99A2927B0C1762.d.1E7FE38E338A139CC3FD0413C8AB3B9A.e.1803"}]}
RESULT: {"script":"<script> [56 bytes]","args":[{"element-6066-11e4-a52e-4f735466cecf":"f.804597995EEA20368E99A2927B0C1762.d.1E7FE38E338A139CC3FD0413C8AB3B9A.e.1803","ELEMENT":"f.804597995EEA20368E99A2927B0C1762.d.1E7FE38E338A139CC3FD0413C8AB3B9A.e.1803"}]}
COMMAND: POST /session/e8ae643ad1a7d9f9ee71b330bca2e34d/element - {"using":"css selector","value":"#shell-header-logo"}
COMMAND: GET /session/e8ae643ad1a7d9f9ee71b330bca2e34d/screenshot - {}
RESULT: {"using":"css selector","value":"#shell-header-logo"}
COMMAND: POST /session/e8ae643ad1a7d9f9ee71b330bca2e34d/element/f.804597995EEA20368E99A2927B0C1762.d.1E7FE38E338A139CC3FD0413C8AB3B9A.e.1021/click - {}
RESULT: {}
RESULT: {}
COMMAND: GET /session/e8ae643ad1a7d9f9ee71b330bca2e34d/screenshot - {}
RESULT: {}
]]></system-out>
    </testcase>
    <testcase classname="chrome.135_0_7049_42.windows.Billing_Transfer_-_Master_data_&amp;_Intercompany_US127250" name="Should create a new site" time="70.381">
      <system-out><![CDATA[
COMMAND: POST /session/e8ae643ad1a7d9f9ee71b330bca2e34d/execute/async - {"script":"<script> [1562 bytes]","args":[{"selector":{"controlType":"sap.m.TileContent","bindingPath":{"path":"","propertyPath":"/properties/info"},"ancestor":{"controlType":"sap.m.GenericTile","properties":{"header":"Manage Sites"}}},"wdio_ui5_key":"sapm.TileContent{\"path\":\"\",\"propertyPath\":\"/properties/info\"}{\"controlType\":\"sap.m.GenericTile\",\"properties\":{\"header\":\"Manage Sites\"}}"}]}
RESULT: {"script":"<script> [1562 bytes]","args":[{"selector":{"controlType":"sap.m.TileContent","bindingPath":{"path":"","propertyPath":"/properties/info"},"ancestor":{"controlType":"sap.m.GenericTile","properties":{"header":"Manage Sites"}}},"wdio_ui5_key":"sapm.TileContent{\"path\":\"\",\"propertyPath\":\"/properties/info\"}{\"controlType\":\"sap.m.GenericTile\",\"properties\":{\"header\":\"Manage Sites\"}}"}]}
RESULT: undefined
COMMAND: POST /session/e8ae643ad1a7d9f9ee71b330bca2e34d/element - {"using":"xpath","value":"//*[@id=\"__xmlview7--numericTileContent\"]"}
RESULT: {"using":"xpath","value":"//*[@id=\"__xmlview7--numericTileContent\"]"}
COMMAND: POST /session/e8ae643ad1a7d9f9ee71b330bca2e34d/element/f.804597995EEA20368E99A2927B0C1762.d.1E7FE38E338A139CC3FD0413C8AB3B9A.e.1805/click - {}
RESULT: {}
COMMAND: POST /session/e8ae643ad1a7d9f9ee71b330bca2e34d/element - {"using":"xpath","value":"//button[@data-kt=\"addOverflowToolbarButton\"]"}
COMMAND: GET /session/e8ae643ad1a7d9f9ee71b330bca2e34d/screenshot - {}
RESULT: {"using":"xpath","value":"//button[@data-kt=\"addOverflowToolbarButton\"]"}
COMMAND: POST /session/e8ae643ad1a7d9f9ee71b330bca2e34d/elements - {"using":"xpath","value":"//button[@data-kt=\"addOverflowToolbarButton\"]"}
RESULT: {}
RESULT: {"using":"xpath","value":"//button[@data-kt=\"addOverflowToolbarButton\"]"}
COMMAND: POST /session/e8ae643ad1a7d9f9ee71b330bca2e34d/elements - {"using":"xpath","value":"//button[@data-kt=\"addOverflowToolbarButton\"]"}
RESULT: {"using":"xpath","value":"//button[@data-kt=\"addOverflowToolbarButton\"]"}
COMMAND: POST /session/e8ae643ad1a7d9f9ee71b330bca2e34d/elements - {"using":"xpath","value":"//button[@data-kt=\"addOverflowToolbarButton\"]"}
RESULT: {"using":"xpath","value":"//button[@data-kt=\"addOverflowToolbarButton\"]"}
COMMAND: POST /session/e8ae643ad1a7d9f9ee71b330bca2e34d/element - {"using":"xpath","value":"//button[@data-kt=\"addOverflowToolbarButton\"]"}
RESULT: {"using":"xpath","value":"//button[@data-kt=\"addOverflowToolbarButton\"]"}
COMMAND: POST /session/e8ae643ad1a7d9f9ee71b330bca2e34d/execute/sync - {"script":"<script> [8489 bytes]","args":[{"element-6066-11e4-a52e-4f735466cecf":"f.804597995EEA20368E99A2927B0C1762.d.1E7FE38E338A139CC3FD0413C8AB3B9A.e.1851","ELEMENT":"f.804597995EEA20368E99A2927B0C1762.d.1E7FE38E338A139CC3FD0413C8AB3B9A.e.1851"}]}
RESULT: {"script":"<script> [8489 bytes]","args":[{"element-6066-11e4-a52e-4f735466cecf":"f.804597995EEA20368E99A2927B0C1762.d.1E7FE38E338A139CC3FD0413C8AB3B9A.e.1851","ELEMENT":"f.804597995EEA20368E99A2927B0C1762.d.1E7FE38E338A139CC3FD0413C8AB3B9A.e.1851"}]}
COMMAND: GET /session/e8ae643ad1a7d9f9ee71b330bca2e34d/element/f.804597995EEA20368E99A2927B0C1762.d.1E7FE38E338A139CC3FD0413C8AB3B9A.e.1851/enabled - {}
COMMAND: GET /session/e8ae643ad1a7d9f9ee71b330bca2e34d/screenshot - {}
RESULT: {}
COMMAND: POST /session/e8ae643ad1a7d9f9ee71b330bca2e34d/execute/sync - {"script":"<script> [8489 bytes]","args":[{"element-6066-11e4-a52e-4f735466cecf":"f.804597995EEA20368E99A2927B0C1762.d.1E7FE38E338A139CC3FD0413C8AB3B9A.e.1851","ELEMENT":"f.804597995EEA20368E99A2927B0C1762.d.1E7FE38E338A139CC3FD0413C8AB3B9A.e.1851"}]}
COMMAND: GET /session/e8ae643ad1a7d9f9ee71b330bca2e34d/screenshot - {}
RESULT: {}
RESULT: {"script":"<script> [8489 bytes]","args":[{"element-6066-11e4-a52e-4f735466cecf":"f.804597995EEA20368E99A2927B0C1762.d.1E7FE38E338A139CC3FD0413C8AB3B9A.e.1851","ELEMENT":"f.804597995EEA20368E99A2927B0C1762.d.1E7FE38E338A139CC3FD0413C8AB3B9A.e.1851"}]}
COMMAND: POST /session/e8ae643ad1a7d9f9ee71b330bca2e34d/execute/sync - {"script":"<script> [5351 bytes]","args":[{"element-6066-11e4-a52e-4f735466cecf":"f.804597995EEA20368E99A2927B0C1762.d.1E7FE38E338A139CC3FD0413C8AB3B9A.e.1851","ELEMENT":"f.804597995EEA20368E99A2927B0C1762.d.1E7FE38E338A139CC3FD0413C8AB3B9A.e.1851"}]}
COMMAND: GET /session/e8ae643ad1a7d9f9ee71b330bca2e34d/screenshot - {}
RESULT: {}
RESULT: {"script":"<script> [5351 bytes]","args":[{"element-6066-11e4-a52e-4f735466cecf":"f.804597995EEA20368E99A2927B0C1762.d.1E7FE38E338A139CC3FD0413C8AB3B9A.e.1851","ELEMENT":"f.804597995EEA20368E99A2927B0C1762.d.1E7FE38E338A139CC3FD0413C8AB3B9A.e.1851"}]}
COMMAND: POST /session/e8ae643ad1a7d9f9ee71b330bca2e34d/element/f.804597995EEA20368E99A2927B0C1762.d.1E7FE38E338A139CC3FD0413C8AB3B9A.e.1851/click - {}
COMMAND: GET /session/e8ae643ad1a7d9f9ee71b330bca2e34d/screenshot - {}
RESULT: {}
RESULT: {}
COMMAND: GET /session/e8ae643ad1a7d9f9ee71b330bca2e34d/screenshot - {}
COMMAND: POST /session/e8ae643ad1a7d9f9ee71b330bca2e34d/execute/async - {"script":"<script> [1562 bytes]","args":[{"selector":{"id":"application-managesites-display-component---NewSite--addressDetailDetailsName1","interaction":{"idSuffix":"inner"}},"wdio_ui5_key":"applicationmanagesites-display-component---NewSite--addressDetailDetailsName1"}]}
RESULT: {}
RESULT: {}
RESULT: {"script":"<script> [1562 bytes]","args":[{"selector":{"id":"application-managesites-display-component---NewSite--addressDetailDetailsName1","interaction":{"idSuffix":"inner"}},"wdio_ui5_key":"applicationmanagesites-display-component---NewSite--addressDetailDetailsName1"}]}
RESULT: undefined
COMMAND: POST /session/e8ae643ad1a7d9f9ee71b330bca2e34d/execute/async - {"script":"<script> [776 bytes]","args":[{"enterText":"Intercompany Site wdIO","selector":{"id":"application-managesites-display-component---NewSite--addressDetailDetailsName1","interaction":{"idSuffix":"inner"}},"clearTextFirst":true,"interactionType":"ENTER_TEXT"}]}
RESULT: {"script":"<script> [776 bytes]","args":[{"enterText":"Intercompany Site wdIO","selector":{"id":"application-managesites-display-component---NewSite--addressDetailDetailsName1","interaction":{"idSuffix":"inner"}},"clearTextFirst":true,"interactionType":"ENTER_TEXT"}]}
COMMAND: POST /session/e8ae643ad1a7d9f9ee71b330bca2e34d/execute/async - {"script":"<script> [1562 bytes]","args":[{"selector":{"id":"application-managesites-display-component---NewSite--addressDetailDetailsLanguage-arrow"},"wdio_ui5_key":"applicationmanagesites-display-component---NewSite--addressDetailDetailsLanguage-arrow"}]}
RESULT: {"script":"<script> [1562 bytes]","args":[{"selector":{"id":"application-managesites-display-component---NewSite--addressDetailDetailsLanguage-arrow"},"wdio_ui5_key":"applicationmanagesites-display-component---NewSite--addressDetailDetailsLanguage-arrow"}]}
RESULT: undefined
COMMAND: POST /session/e8ae643ad1a7d9f9ee71b330bca2e34d/element - {"using":"xpath","value":"//*[@id=\"application-managesites-display-component---NewSite--addressDetailDetailsLanguage-arrow\"]"}
RESULT: {"using":"xpath","value":"//*[@id=\"application-managesites-display-component---NewSite--addressDetailDetailsLanguage-arrow\"]"}
COMMAND: POST /session/e8ae643ad1a7d9f9ee71b330bca2e34d/element/f.804597995EEA20368E99A2927B0C1762.d.1E7FE38E338A139CC3FD0413C8AB3B9A.e.2463/click - {}
RESULT: {}
COMMAND: POST /session/e8ae643ad1a7d9f9ee71b330bca2e34d/element - {"using":"xpath","value":"//span[contains(text(), \"English\")]"}
COMMAND: GET /session/e8ae643ad1a7d9f9ee71b330bca2e34d/screenshot - {}
RESULT: {"using":"xpath","value":"//span[contains(text(), \"English\")]"}
COMMAND: POST /session/e8ae643ad1a7d9f9ee71b330bca2e34d/element/f.804597995EEA20368E99A2927B0C1762.d.1E7FE38E338A139CC3FD0413C8AB3B9A.e.2464/click - {}
RESULT: {}
RESULT: {}
COMMAND: POST /session/e8ae643ad1a7d9f9ee71b330bca2e34d/execute/async - {"script":"<script> [1562 bytes]","args":[{"selector":{"id":"application-managesites-display-component---NewSite--addressDetailDetailsCity1","interaction":{"idSuffix":"inner"}},"wdio_ui5_key":"applicationmanagesites-display-component---NewSite--addressDetailDetailsCity1"}]}
COMMAND: GET /session/e8ae643ad1a7d9f9ee71b330bca2e34d/screenshot - {}
RESULT: {"script":"<script> [1562 bytes]","args":[{"selector":{"id":"application-managesites-display-component---NewSite--addressDetailDetailsCity1","interaction":{"idSuffix":"inner"}},"wdio_ui5_key":"applicationmanagesites-display-component---NewSite--addressDetailDetailsCity1"}]}
RESULT: undefined
COMMAND: POST /session/e8ae643ad1a7d9f9ee71b330bca2e34d/execute/async - {"script":"<script> [776 bytes]","args":[{"enterText":"Rosario","selector":{"id":"application-managesites-display-component---NewSite--addressDetailDetailsCity1","interaction":{"idSuffix":"inner"}},"clearTextFirst":true,"interactionType":"ENTER_TEXT"}]}
RESULT: {}
RESULT: {"script":"<script> [776 bytes]","args":[{"enterText":"Rosario","selector":{"id":"application-managesites-display-component---NewSite--addressDetailDetailsCity1","interaction":{"idSuffix":"inner"}},"clearTextFirst":true,"interactionType":"ENTER_TEXT"}]}
COMMAND: POST /session/e8ae643ad1a7d9f9ee71b330bca2e34d/execute/async - {"script":"<script> [1562 bytes]","args":[{"selector":{"id":"application-managesites-display-component---NewSite--addressDetailDetailsCountry-arrow"},"wdio_ui5_key":"applicationmanagesites-display-component---NewSite--addressDetailDetailsCountry-arrow"}]}
RESULT: {"script":"<script> [1562 bytes]","args":[{"selector":{"id":"application-managesites-display-component---NewSite--addressDetailDetailsCountry-arrow"},"wdio_ui5_key":"applicationmanagesites-display-component---NewSite--addressDetailDetailsCountry-arrow"}]}
RESULT: undefined
COMMAND: POST /session/e8ae643ad1a7d9f9ee71b330bca2e34d/element - {"using":"xpath","value":"//*[@id=\"application-managesites-display-component---NewSite--addressDetailDetailsCountry-arrow\"]"}
RESULT: {"using":"xpath","value":"//*[@id=\"application-managesites-display-component---NewSite--addressDetailDetailsCountry-arrow\"]"}
COMMAND: POST /session/e8ae643ad1a7d9f9ee71b330bca2e34d/element/f.804597995EEA20368E99A2927B0C1762.d.1E7FE38E338A139CC3FD0413C8AB3B9A.e.2466/click - {}
RESULT: {}
COMMAND: POST /session/e8ae643ad1a7d9f9ee71b330bca2e34d/element - {"using":"xpath","value":"//span[contains(text(), \"Argentina\")]"}
COMMAND: GET /session/e8ae643ad1a7d9f9ee71b330bca2e34d/screenshot - {}
RESULT: {"using":"xpath","value":"//span[contains(text(), \"Argentina\")]"}
COMMAND: POST /session/e8ae643ad1a7d9f9ee71b330bca2e34d/element/f.804597995EEA20368E99A2927B0C1762.d.1E7FE38E338A139CC3FD0413C8AB3B9A.e.2467/click - {}
RESULT: {}
RESULT: {}
COMMAND: GET /session/e8ae643ad1a7d9f9ee71b330bca2e34d/screenshot - {}
RESULT: {}
COMMAND: POST /session/e8ae643ad1a7d9f9ee71b330bca2e34d/execute/async - {"script":"<script> [1562 bytes]","args":[{"selector":{"id":"application-managesites-display-component---NewSite--addressEditDetailsCostObjectCstType-arrow"},"wdio_ui5_key":"applicationmanagesites-display-component---NewSite--addressEditDetailsCostObjectCstType-arrow"}]}
RESULT: {"script":"<script> [1562 bytes]","args":[{"selector":{"id":"application-managesites-display-component---NewSite--addressEditDetailsCostObjectCstType-arrow"},"wdio_ui5_key":"applicationmanagesites-display-component---NewSite--addressEditDetailsCostObjectCstType-arrow"}]}
RESULT: undefined
COMMAND: POST /session/e8ae643ad1a7d9f9ee71b330bca2e34d/element - {"using":"xpath","value":"//*[@id=\"application-managesites-display-component---NewSite--addressEditDetailsCostObjectCstType-arrow\"]"}
RESULT: {"using":"xpath","value":"//*[@id=\"application-managesites-display-component---NewSite--addressEditDetailsCostObjectCstType-arrow\"]"}
COMMAND: POST /session/e8ae643ad1a7d9f9ee71b330bca2e34d/element/f.804597995EEA20368E99A2927B0C1762.d.1E7FE38E338A139CC3FD0413C8AB3B9A.e.2469/click - {}
RESULT: {}
COMMAND: POST /session/e8ae643ad1a7d9f9ee71b330bca2e34d/element - {"using":"xpath","value":"//span[contains(text(), \"Cost Center\")]"}
COMMAND: GET /session/e8ae643ad1a7d9f9ee71b330bca2e34d/screenshot - {}
RESULT: {"using":"xpath","value":"//span[contains(text(), \"Cost Center\")]"}
COMMAND: POST /session/e8ae643ad1a7d9f9ee71b330bca2e34d/element/f.804597995EEA20368E99A2927B0C1762.d.1E7FE38E338A139CC3FD0413C8AB3B9A.e.2471/click - {}
RESULT: {}
RESULT: {}
COMMAND: GET /session/e8ae643ad1a7d9f9ee71b330bca2e34d/screenshot - {}
RESULT: {}
COMMAND: POST /session/e8ae643ad1a7d9f9ee71b330bca2e34d/element - {"using":"xpath","value":"//span[@id=\"application-managesites-display-component---NewSite--addressNewCostObjectCstID-vhi\"]"}
RESULT: {"using":"xpath","value":"//span[@id=\"application-managesites-display-component---NewSite--addressNewCostObjectCstID-vhi\"]"}
COMMAND: POST /session/e8ae643ad1a7d9f9ee71b330bca2e34d/execute/sync - {"script":"<script> [8489 bytes]","args":[{"element-6066-11e4-a52e-4f735466cecf":"f.804597995EEA20368E99A2927B0C1762.d.1E7FE38E338A139CC3FD0413C8AB3B9A.e.2474","ELEMENT":"f.804597995EEA20368E99A2927B0C1762.d.1E7FE38E338A139CC3FD0413C8AB3B9A.e.2474"}]}
RESULT: {"script":"<script> [8489 bytes]","args":[{"element-6066-11e4-a52e-4f735466cecf":"f.804597995EEA20368E99A2927B0C1762.d.1E7FE38E338A139CC3FD0413C8AB3B9A.e.2474","ELEMENT":"f.804597995EEA20368E99A2927B0C1762.d.1E7FE38E338A139CC3FD0413C8AB3B9A.e.2474"}]}
COMMAND: POST /session/e8ae643ad1a7d9f9ee71b330bca2e34d/execute/async - {"script":"<script> [1562 bytes]","args":[{"selector":{"id":"application-managesites-display-component---NewSite--addressNewCostObjectCstID-vhi"},"wdio_ui5_key":"applicationmanagesites-display-component---NewSite--addressNewCostObjectCstID-vhi"}]}
COMMAND: GET /session/e8ae643ad1a7d9f9ee71b330bca2e34d/screenshot - {}
RESULT: {"script":"<script> [1562 bytes]","args":[{"selector":{"id":"application-managesites-display-component---NewSite--addressNewCostObjectCstID-vhi"},"wdio_ui5_key":"applicationmanagesites-display-component---NewSite--addressNewCostObjectCstID-vhi"}]}
RESULT: undefined
COMMAND: POST /session/e8ae643ad1a7d9f9ee71b330bca2e34d/element - {"using":"xpath","value":"//*[@id=\"application-managesites-display-component---NewSite--addressNewCostObjectCstID-vhi\"]"}
RESULT: {}
RESULT: {"using":"xpath","value":"//*[@id=\"application-managesites-display-component---NewSite--addressNewCostObjectCstID-vhi\"]"}
COMMAND: POST /session/e8ae643ad1a7d9f9ee71b330bca2e34d/element/f.804597995EEA20368E99A2927B0C1762.d.1E7FE38E338A139CC3FD0413C8AB3B9A.e.2474/click - {}
RESULT: {}
COMMAND: GET /session/e8ae643ad1a7d9f9ee71b330bca2e34d/screenshot - {}
RESULT: {}
RESULT: undefined
COMMAND: POST /session/e8ae643ad1a7d9f9ee71b330bca2e34d/execute/async - {"script":"<script> [776 bytes]","args":[{"enterText":"10001013","selector":{"controlType":"sap.m.SearchField","properties":{"placeholder":"Search"},"searchOpenDialogs":true,"interaction":{"idSuffix":"I"}},"clearTextFirst":true,"interactionType":"ENTER_TEXT"}]}
RESULT: {"script":"<script> [776 bytes]","args":[{"enterText":"10001013","selector":{"controlType":"sap.m.SearchField","properties":{"placeholder":"Search"},"searchOpenDialogs":true,"interaction":{"idSuffix":"I"}},"clearTextFirst":true,"interactionType":"ENTER_TEXT"}]}
COMMAND: POST /session/e8ae643ad1a7d9f9ee71b330bca2e34d/actions - {"actions":[{"id":"action6","type":"key","parameters":{},"actions":[{"type":"keyDown","value":""},{"type":"pause","duration":10},{"type":"keyUp","value":""}]}]}
RESULT: {"actions":[{"id":"action6","type":"key","parameters":{},"actions":[{"type":"keyDown","value":""},{"type":"pause","duration":10},{"type":"keyUp","value":""}]}]}
COMMAND: GET /session/e8ae643ad1a7d9f9ee71b330bca2e34d/screenshot - {}
RESULT: {}
COMMAND: POST /session/e8ae643ad1a7d9f9ee71b330bca2e34d/element - {"using":"xpath","value":"//span[contains(text(), \"General Management\")]"}
RESULT: {"using":"xpath","value":"//span[contains(text(), \"General Management\")]"}
COMMAND: POST /session/e8ae643ad1a7d9f9ee71b330bca2e34d/element/f.804597995EEA20368E99A2927B0C1762.d.1E7FE38E338A139CC3FD0413C8AB3B9A.e.2513/click - {}
RESULT: {}
COMMAND: GET /session/e8ae643ad1a7d9f9ee71b330bca2e34d/screenshot - {}
RESULT: {}
COMMAND: POST /session/e8ae643ad1a7d9f9ee71b330bca2e34d/element - {"using":"xpath","value":"//bdi[contains(text(), \"OK\")]"}
RESULT: {"using":"xpath","value":"//bdi[contains(text(), \"OK\")]"}
COMMAND: POST /session/e8ae643ad1a7d9f9ee71b330bca2e34d/element/f.804597995EEA20368E99A2927B0C1762.d.1E7FE38E338A139CC3FD0413C8AB3B9A.e.2514/click - {}
RESULT: {}
COMMAND: GET /session/e8ae643ad1a7d9f9ee71b330bca2e34d/screenshot - {}
RESULT: {}
COMMAND: POST /session/e8ae643ad1a7d9f9ee71b330bca2e34d/element - {"using":"xpath","value":"//input[@id=\"application-managesites-display-component---NewSite--addressDetailDetailsCalendar-inner\"]"}
RESULT: {"using":"xpath","value":"//input[@id=\"application-managesites-display-component---NewSite--addressDetailDetailsCalendar-inner\"]"}
COMMAND: POST /session/e8ae643ad1a7d9f9ee71b330bca2e34d/element/f.804597995EEA20368E99A2927B0C1762.d.1E7FE38E338A139CC3FD0413C8AB3B9A.e.2261/clear - {}
RESULT: {}
COMMAND: POST /session/e8ae643ad1a7d9f9ee71b330bca2e34d/element/f.804597995EEA20368E99A2927B0C1762.d.1E7FE38E338A139CC3FD0413C8AB3B9A.e.2261/value - {"text":"Unit"}
COMMAND: GET /session/e8ae643ad1a7d9f9ee71b330bca2e34d/screenshot - {}
RESULT: {"text":"Unit"}
COMMAND: GET /session/e8ae643ad1a7d9f9ee71b330bca2e34d/screenshot - {}
RESULT: {}
RESULT: {}
COMMAND: POST /session/e8ae643ad1a7d9f9ee71b330bca2e34d/actions - {"actions":[{"id":"action7","type":"key","parameters":{},"actions":[{"type":"keyDown","value":""},{"type":"pause","duration":10},{"type":"keyUp","value":""}]}]}
RESULT: {"actions":[{"id":"action7","type":"key","parameters":{},"actions":[{"type":"keyDown","value":""},{"type":"pause","duration":10},{"type":"keyUp","value":""}]}]}
COMMAND: POST /session/e8ae643ad1a7d9f9ee71b330bca2e34d/element - {"using":"xpath","value":"//input[@id=\"application-managesites-display-component---NewSite--addressDetailDetailsYard-inner\"]"}
COMMAND: GET /session/e8ae643ad1a7d9f9ee71b330bca2e34d/screenshot - {}
RESULT: {"using":"xpath","value":"//input[@id=\"application-managesites-display-component---NewSite--addressDetailDetailsYard-inner\"]"}
COMMAND: POST /session/e8ae643ad1a7d9f9ee71b330bca2e34d/element/f.804597995EEA20368E99A2927B0C1762.d.1E7FE38E338A139CC3FD0413C8AB3B9A.e.2262/clear - {}
RESULT: {}
RESULT: {}
COMMAND: POST /session/e8ae643ad1a7d9f9ee71b330bca2e34d/element/f.804597995EEA20368E99A2927B0C1762.d.1E7FE38E338A139CC3FD0413C8AB3B9A.e.2262/value - {"text":"370"}
COMMAND: GET /session/e8ae643ad1a7d9f9ee71b330bca2e34d/screenshot - {}
RESULT: {"text":"370"}
COMMAND: GET /session/e8ae643ad1a7d9f9ee71b330bca2e34d/screenshot - {}
RESULT: {}
RESULT: {}
COMMAND: POST /session/e8ae643ad1a7d9f9ee71b330bca2e34d/element - {"using":"xpath","value":"//li[.//span[text()='370']]"}
RESULT: {"using":"xpath","value":"//li[.//span[text()='370']]"}
COMMAND: POST /session/e8ae643ad1a7d9f9ee71b330bca2e34d/element/f.804597995EEA20368E99A2927B0C1762.d.1E7FE38E338A139CC3FD0413C8AB3B9A.e.2522/click - {}
RESULT: {}
COMMAND: GET /session/e8ae643ad1a7d9f9ee71b330bca2e34d/screenshot - {}
RESULT: {}
COMMAND: POST /session/e8ae643ad1a7d9f9ee71b330bca2e34d/element - {"using":"xpath","value":"//input[@id=\"application-managesites-display-component---NewSite--addressDetailDetailsPartner-inner\"]"}
RESULT: {"using":"xpath","value":"//input[@id=\"application-managesites-display-component---NewSite--addressDetailDetailsPartner-inner\"]"}
COMMAND: POST /session/e8ae643ad1a7d9f9ee71b330bca2e34d/element - {"using":"xpath","value":"//input[@id=\"application-managesites-display-component---NewSite--addressDetailDetailsPartner-inner\"]"}
RESULT: {"using":"xpath","value":"//input[@id=\"application-managesites-display-component---NewSite--addressDetailDetailsPartner-inner\"]"}
COMMAND: POST /session/e8ae643ad1a7d9f9ee71b330bca2e34d/element - {"using":"xpath","value":"//button[@data-kt=\"saveButton\"]"}
RESULT: {"using":"xpath","value":"//button[@data-kt=\"saveButton\"]"}
COMMAND: POST /session/e8ae643ad1a7d9f9ee71b330bca2e34d/element/f.804597995EEA20368E99A2927B0C1762.d.1E7FE38E338A139CC3FD0413C8AB3B9A.e.2413/click - {}
RESULT: {}
COMMAND: GET /session/e8ae643ad1a7d9f9ee71b330bca2e34d/screenshot - {}
RESULT: {}
COMMAND: POST /session/e8ae643ad1a7d9f9ee71b330bca2e34d/element - {"using":"xpath","value":"//header[contains(@id, 'ObjectPageLayout-headerTitle')]/div[1]/div[2]/div[2]/span[1]"}
RESULT: {"using":"xpath","value":"//header[contains(@id, 'ObjectPageLayout-headerTitle')]/div[1]/div[2]/div[2]/span[1]"}
COMMAND: POST /session/e8ae643ad1a7d9f9ee71b330bca2e34d/elements - {"using":"xpath","value":"//header[contains(@id, 'ObjectPageLayout-headerTitle')]/div[1]/div[2]/div[2]/span[1]"}
RESULT: {"using":"xpath","value":"//header[contains(@id, 'ObjectPageLayout-headerTitle')]/div[1]/div[2]/div[2]/span[1]"}
COMMAND: POST /session/e8ae643ad1a7d9f9ee71b330bca2e34d/execute/sync - {"script":"<script> [56 bytes]","args":[{"element-6066-11e4-a52e-4f735466cecf":"f.804597995EEA20368E99A2927B0C1762.d.1E7FE38E338A139CC3FD0413C8AB3B9A.e.2722","ELEMENT":"f.804597995EEA20368E99A2927B0C1762.d.1E7FE38E338A139CC3FD0413C8AB3B9A.e.2722"}]}
RESULT: {"script":"<script> [56 bytes]","args":[{"element-6066-11e4-a52e-4f735466cecf":"f.804597995EEA20368E99A2927B0C1762.d.1E7FE38E338A139CC3FD0413C8AB3B9A.e.2722","ELEMENT":"f.804597995EEA20368E99A2927B0C1762.d.1E7FE38E338A139CC3FD0413C8AB3B9A.e.2722"}]}
COMMAND: POST /session/e8ae643ad1a7d9f9ee71b330bca2e34d/element - {"using":"css selector","value":"#shell-header-logo"}
COMMAND: GET /session/e8ae643ad1a7d9f9ee71b330bca2e34d/screenshot - {}
RESULT: {"using":"css selector","value":"#shell-header-logo"}
COMMAND: POST /session/e8ae643ad1a7d9f9ee71b330bca2e34d/element/f.804597995EEA20368E99A2927B0C1762.d.1E7FE38E338A139CC3FD0413C8AB3B9A.e.1809/click - {}
RESULT: {}
RESULT: {}
COMMAND: GET /session/e8ae643ad1a7d9f9ee71b330bca2e34d/screenshot - {}
RESULT: {}
]]></system-out>
    </testcase>
    <testcase classname="chrome.135_0_7049_42.windows.Billing_Transfer_-_Master_data_&amp;_Intercompany_US127250" name="Should create a new equipment" time="106.15">
      <system-out><![CDATA[
COMMAND: POST /session/e8ae643ad1a7d9f9ee71b330bca2e34d/execute/async - {"script":"<script> [1562 bytes]","args":[{"selector":{"controlType":"sap.m.GenericTile","properties":{"header":"Manage Resources"}},"wdio_ui5_key":"sapm.GenericTile{\"header\":\"Manage Resources\"}"}]}
RESULT: {"script":"<script> [1562 bytes]","args":[{"selector":{"controlType":"sap.m.GenericTile","properties":{"header":"Manage Resources"}},"wdio_ui5_key":"sapm.GenericTile{\"header\":\"Manage Resources\"}"}]}
RESULT: undefined
COMMAND: POST /session/e8ae643ad1a7d9f9ee71b330bca2e34d/element - {"using":"xpath","value":"//*[@id=\"__tile39\"]"}
RESULT: {"using":"xpath","value":"//*[@id=\"__tile39\"]"}
COMMAND: POST /session/e8ae643ad1a7d9f9ee71b330bca2e34d/element/f.804597995EEA20368E99A2927B0C1762.d.1E7FE38E338A139CC3FD0413C8AB3B9A.e.156/click - {}
RESULT: {}
COMMAND: POST /session/e8ae643ad1a7d9f9ee71b330bca2e34d/element - {"using":"xpath","value":"//button[@data-kt=\"addNewRUOverflowToolbarButton\"]"}
COMMAND: GET /session/e8ae643ad1a7d9f9ee71b330bca2e34d/screenshot - {}
RESULT: {"using":"xpath","value":"//button[@data-kt=\"addNewRUOverflowToolbarButton\"]"}
COMMAND: POST /session/e8ae643ad1a7d9f9ee71b330bca2e34d/elements - {"using":"xpath","value":"//button[@data-kt=\"addNewRUOverflowToolbarButton\"]"}
RESULT: {}
RESULT: {"using":"xpath","value":"//button[@data-kt=\"addNewRUOverflowToolbarButton\"]"}
COMMAND: POST /session/e8ae643ad1a7d9f9ee71b330bca2e34d/elements - {"using":"xpath","value":"//button[@data-kt=\"addNewRUOverflowToolbarButton\"]"}
RESULT: {"using":"xpath","value":"//button[@data-kt=\"addNewRUOverflowToolbarButton\"]"}
COMMAND: POST /session/e8ae643ad1a7d9f9ee71b330bca2e34d/elements - {"using":"xpath","value":"//button[@data-kt=\"addNewRUOverflowToolbarButton\"]"}
RESULT: undefined
RESULT: undefined
RESULT: {"using":"xpath","value":"//button[@data-kt=\"addNewRUOverflowToolbarButton\"]"}
COMMAND: POST /session/e8ae643ad1a7d9f9ee71b330bca2e34d/element - {"using":"xpath","value":"//button[@data-kt=\"addNewRUOverflowToolbarButton\"]"}
RESULT: {"using":"xpath","value":"//button[@data-kt=\"addNewRUOverflowToolbarButton\"]"}
COMMAND: POST /session/e8ae643ad1a7d9f9ee71b330bca2e34d/execute/sync - {"script":"<script> [8489 bytes]","args":[{"element-6066-11e4-a52e-4f735466cecf":"f.804597995EEA20368E99A2927B0C1762.d.1E7FE38E338A139CC3FD0413C8AB3B9A.e.2752","ELEMENT":"f.804597995EEA20368E99A2927B0C1762.d.1E7FE38E338A139CC3FD0413C8AB3B9A.e.2752"}]}
RESULT: {"script":"<script> [8489 bytes]","args":[{"element-6066-11e4-a52e-4f735466cecf":"f.804597995EEA20368E99A2927B0C1762.d.1E7FE38E338A139CC3FD0413C8AB3B9A.e.2752","ELEMENT":"f.804597995EEA20368E99A2927B0C1762.d.1E7FE38E338A139CC3FD0413C8AB3B9A.e.2752"}]}
COMMAND: GET /session/e8ae643ad1a7d9f9ee71b330bca2e34d/element/f.804597995EEA20368E99A2927B0C1762.d.1E7FE38E338A139CC3FD0413C8AB3B9A.e.2752/enabled - {}
COMMAND: GET /session/e8ae643ad1a7d9f9ee71b330bca2e34d/screenshot - {}
RESULT: {}
COMMAND: POST /session/e8ae643ad1a7d9f9ee71b330bca2e34d/execute/sync - {"script":"<script> [8489 bytes]","args":[{"element-6066-11e4-a52e-4f735466cecf":"f.804597995EEA20368E99A2927B0C1762.d.1E7FE38E338A139CC3FD0413C8AB3B9A.e.2752","ELEMENT":"f.804597995EEA20368E99A2927B0C1762.d.1E7FE38E338A139CC3FD0413C8AB3B9A.e.2752"}]}
COMMAND: GET /session/e8ae643ad1a7d9f9ee71b330bca2e34d/screenshot - {}
RESULT: {}
RESULT: {"script":"<script> [8489 bytes]","args":[{"element-6066-11e4-a52e-4f735466cecf":"f.804597995EEA20368E99A2927B0C1762.d.1E7FE38E338A139CC3FD0413C8AB3B9A.e.2752","ELEMENT":"f.804597995EEA20368E99A2927B0C1762.d.1E7FE38E338A139CC3FD0413C8AB3B9A.e.2752"}]}
COMMAND: POST /session/e8ae643ad1a7d9f9ee71b330bca2e34d/execute/sync - {"script":"<script> [5351 bytes]","args":[{"element-6066-11e4-a52e-4f735466cecf":"f.804597995EEA20368E99A2927B0C1762.d.1E7FE38E338A139CC3FD0413C8AB3B9A.e.2752","ELEMENT":"f.804597995EEA20368E99A2927B0C1762.d.1E7FE38E338A139CC3FD0413C8AB3B9A.e.2752"}]}
COMMAND: GET /session/e8ae643ad1a7d9f9ee71b330bca2e34d/screenshot - {}
RESULT: {}
RESULT: {"script":"<script> [5351 bytes]","args":[{"element-6066-11e4-a52e-4f735466cecf":"f.804597995EEA20368E99A2927B0C1762.d.1E7FE38E338A139CC3FD0413C8AB3B9A.e.2752","ELEMENT":"f.804597995EEA20368E99A2927B0C1762.d.1E7FE38E338A139CC3FD0413C8AB3B9A.e.2752"}]}
COMMAND: POST /session/e8ae643ad1a7d9f9ee71b330bca2e34d/element/f.804597995EEA20368E99A2927B0C1762.d.1E7FE38E338A139CC3FD0413C8AB3B9A.e.2752/click - {}
COMMAND: GET /session/e8ae643ad1a7d9f9ee71b330bca2e34d/screenshot - {}
RESULT: {}
RESULT: {}
COMMAND: GET /session/e8ae643ad1a7d9f9ee71b330bca2e34d/screenshot - {}
COMMAND: POST /session/e8ae643ad1a7d9f9ee71b330bca2e34d/execute/async - {"script":"<script> [1562 bytes]","args":[{"selector":{"id":"application-manageresources-display-component---newResourceUnit--TYPE-arrow"},"wdio_ui5_key":"applicationmanageresources-display-component---newResourceUnit--TYPE-arrow"}]}
RESULT: {}
RESULT: {}
RESULT: {"script":"<script> [1562 bytes]","args":[{"selector":{"id":"application-manageresources-display-component---newResourceUnit--TYPE-arrow"},"wdio_ui5_key":"applicationmanageresources-display-component---newResourceUnit--TYPE-arrow"}]}
RESULT: undefined
COMMAND: POST /session/e8ae643ad1a7d9f9ee71b330bca2e34d/element - {"using":"xpath","value":"//*[@id=\"application-manageresources-display-component---newResourceUnit--TYPE-arrow\"]"}
RESULT: {"using":"xpath","value":"//*[@id=\"application-manageresources-display-component---newResourceUnit--TYPE-arrow\"]"}
COMMAND: POST /session/e8ae643ad1a7d9f9ee71b330bca2e34d/element/f.804597995EEA20368E99A2927B0C1762.d.1E7FE38E338A139CC3FD0413C8AB3B9A.e.3119/click - {}
RESULT: {}
COMMAND: POST /session/e8ae643ad1a7d9f9ee71b330bca2e34d/element - {"using":"xpath","value":"//input[@id=\"application-manageresources-display-component---newResourceUnit--TYPE-inner\"]"}
COMMAND: GET /session/e8ae643ad1a7d9f9ee71b330bca2e34d/screenshot - {}
RESULT: {"using":"xpath","value":"//input[@id=\"application-manageresources-display-component---newResourceUnit--TYPE-inner\"]"}
COMMAND: POST /session/e8ae643ad1a7d9f9ee71b330bca2e34d/element/f.804597995EEA20368E99A2927B0C1762.d.1E7FE38E338A139CC3FD0413C8AB3B9A.e.3102/clear - {}
RESULT: {}
RESULT: {}
COMMAND: POST /session/e8ae643ad1a7d9f9ee71b330bca2e34d/element/f.804597995EEA20368E99A2927B0C1762.d.1E7FE38E338A139CC3FD0413C8AB3B9A.e.3102/value - {"text":"Equipment"}
COMMAND: GET /session/e8ae643ad1a7d9f9ee71b330bca2e34d/screenshot - {}
RESULT: {"text":"Equipment"}
COMMAND: GET /session/e8ae643ad1a7d9f9ee71b330bca2e34d/screenshot - {}
RESULT: {}
RESULT: {}
COMMAND: POST /session/e8ae643ad1a7d9f9ee71b330bca2e34d/actions - {"actions":[{"id":"action8","type":"key","parameters":{},"actions":[{"type":"keyDown","value":""},{"type":"pause","duration":10},{"type":"keyUp","value":""}]}]}
RESULT: {"actions":[{"id":"action8","type":"key","parameters":{},"actions":[{"type":"keyDown","value":""},{"type":"pause","duration":10},{"type":"keyUp","value":""}]}]}
COMMAND: POST /session/e8ae643ad1a7d9f9ee71b330bca2e34d/execute/async - {"script":"<script> [1562 bytes]","args":[{"selector":{"id":"application-manageresources-display-component---newResourceUnit--resourceId","interaction":{"idSuffix":"inner"}},"wdio_ui5_key":"applicationmanageresources-display-component---newResourceUnit--resourceId"}]}
COMMAND: GET /session/e8ae643ad1a7d9f9ee71b330bca2e34d/screenshot - {}
RESULT: {"script":"<script> [1562 bytes]","args":[{"selector":{"id":"application-manageresources-display-component---newResourceUnit--resourceId","interaction":{"idSuffix":"inner"}},"wdio_ui5_key":"applicationmanageresources-display-component---newResourceUnit--resourceId"}]}
RESULT: undefined
COMMAND: POST /session/e8ae643ad1a7d9f9ee71b330bca2e34d/execute/async - {"script":"<script> [776 bytes]","args":[{"enterText":"GpAPvOiNLt","selector":{"id":"application-manageresources-display-component---newResourceUnit--resourceId","interaction":{"idSuffix":"inner"}},"clearTextFirst":true,"interactionType":"ENTER_TEXT"}]}
RESULT: {}
RESULT: {"script":"<script> [776 bytes]","args":[{"enterText":"GpAPvOiNLt","selector":{"id":"application-manageresources-display-component---newResourceUnit--resourceId","interaction":{"idSuffix":"inner"}},"clearTextFirst":true,"interactionType":"ENTER_TEXT"}]}
COMMAND: POST /session/e8ae643ad1a7d9f9ee71b330bca2e34d/execute/async - {"script":"<script> [1562 bytes]","args":[{"selector":{"id":"application-manageresources-display-component---newResourceUnit--SHORT_TEXT","interaction":{"idSuffix":"inner"}},"wdio_ui5_key":"applicationmanageresources-display-component---newResourceUnit--SHORT_TEXT"}]}
RESULT: {"script":"<script> [1562 bytes]","args":[{"selector":{"id":"application-manageresources-display-component---newResourceUnit--SHORT_TEXT","interaction":{"idSuffix":"inner"}},"wdio_ui5_key":"applicationmanageresources-display-component---newResourceUnit--SHORT_TEXT"}]}
RESULT: undefined
COMMAND: POST /session/e8ae643ad1a7d9f9ee71b330bca2e34d/execute/async - {"script":"<script> [776 bytes]","args":[{"enterText":"Intercompany Equipment WDIO","selector":{"id":"application-manageresources-display-component---newResourceUnit--SHORT_TEXT","interaction":{"idSuffix":"inner"}},"clearTextFirst":true,"interactionType":"ENTER_TEXT"}]}
RESULT: {"script":"<script> [776 bytes]","args":[{"enterText":"Intercompany Equipment WDIO","selector":{"id":"application-manageresources-display-component---newResourceUnit--SHORT_TEXT","interaction":{"idSuffix":"inner"}},"clearTextFirst":true,"interactionType":"ENTER_TEXT"}]}
COMMAND: POST /session/e8ae643ad1a7d9f9ee71b330bca2e34d/execute/async - {"script":"<script> [1562 bytes]","args":[{"selector":{"id":"application-manageresources-display-component---newResourceUnit--BASE_UNIT_OF_MEASURE","interaction":{"idSuffix":"inner"}},"wdio_ui5_key":"applicationmanageresources-display-component---newResourceUnit--BASE_UNIT_OF_MEASURE"}]}
RESULT: {"script":"<script> [1562 bytes]","args":[{"selector":{"id":"application-manageresources-display-component---newResourceUnit--BASE_UNIT_OF_MEASURE","interaction":{"idSuffix":"inner"}},"wdio_ui5_key":"applicationmanageresources-display-component---newResourceUnit--BASE_UNIT_OF_MEASURE"}]}
RESULT: undefined
COMMAND: POST /session/e8ae643ad1a7d9f9ee71b330bca2e34d/execute/async - {"script":"<script> [776 bytes]","args":[{"enterText":"Piece","selector":{"id":"application-manageresources-display-component---newResourceUnit--BASE_UNIT_OF_MEASURE","interaction":{"idSuffix":"inner"}},"clearTextFirst":true,"interactionType":"ENTER_TEXT"}]}
RESULT: {"script":"<script> [776 bytes]","args":[{"enterText":"Piece","selector":{"id":"application-manageresources-display-component---newResourceUnit--BASE_UNIT_OF_MEASURE","interaction":{"idSuffix":"inner"}},"clearTextFirst":true,"interactionType":"ENTER_TEXT"}]}
COMMAND: POST /session/e8ae643ad1a7d9f9ee71b330bca2e34d/execute/async - {"script":"<script> [1562 bytes]","args":[{"selector":{"id":"application-manageresources-display-component---newResourceUnit--WEIGHT_UNIT","interaction":{"idSuffix":"inner"}},"wdio_ui5_key":"applicationmanageresources-display-component---newResourceUnit--WEIGHT_UNIT"}]}
RESULT: {"script":"<script> [1562 bytes]","args":[{"selector":{"id":"application-manageresources-display-component---newResourceUnit--WEIGHT_UNIT","interaction":{"idSuffix":"inner"}},"wdio_ui5_key":"applicationmanageresources-display-component---newResourceUnit--WEIGHT_UNIT"}]}
RESULT: undefined
COMMAND: POST /session/e8ae643ad1a7d9f9ee71b330bca2e34d/execute/async - {"script":"<script> [776 bytes]","args":[{"enterText":"Gram","selector":{"id":"application-manageresources-display-component---newResourceUnit--WEIGHT_UNIT","interaction":{"idSuffix":"inner"}},"clearTextFirst":true,"interactionType":"ENTER_TEXT"}]}
RESULT: {"script":"<script> [776 bytes]","args":[{"enterText":"Gram","selector":{"id":"application-manageresources-display-component---newResourceUnit--WEIGHT_UNIT","interaction":{"idSuffix":"inner"}},"clearTextFirst":true,"interactionType":"ENTER_TEXT"}]}
COMMAND: POST /session/e8ae643ad1a7d9f9ee71b330bca2e34d/execute/async - {"script":"<script> [1562 bytes]","args":[{"selector":{"id":"application-manageresources-display-component---newResourceUnit--DIMENSION_UNIT","interaction":{"idSuffix":"inner"}},"wdio_ui5_key":"applicationmanageresources-display-component---newResourceUnit--DIMENSION_UNIT"}]}
RESULT: {"script":"<script> [1562 bytes]","args":[{"selector":{"id":"application-manageresources-display-component---newResourceUnit--DIMENSION_UNIT","interaction":{"idSuffix":"inner"}},"wdio_ui5_key":"applicationmanageresources-display-component---newResourceUnit--DIMENSION_UNIT"}]}
RESULT: undefined
COMMAND: POST /session/e8ae643ad1a7d9f9ee71b330bca2e34d/execute/async - {"script":"<script> [776 bytes]","args":[{"enterText":"Meter","selector":{"id":"application-manageresources-display-component---newResourceUnit--DIMENSION_UNIT","interaction":{"idSuffix":"inner"}},"clearTextFirst":true,"interactionType":"ENTER_TEXT"}]}
RESULT: {"script":"<script> [776 bytes]","args":[{"enterText":"Meter","selector":{"id":"application-manageresources-display-component---newResourceUnit--DIMENSION_UNIT","interaction":{"idSuffix":"inner"}},"clearTextFirst":true,"interactionType":"ENTER_TEXT"}]}
COMMAND: POST /session/e8ae643ad1a7d9f9ee71b330bca2e34d/execute/async - {"script":"<script> [1562 bytes]","args":[{"selector":{"id":"application-manageresources-display-component---newResourceUnit--newRRUPage-anchBar-application-manageresources-display-component---newResourceUnit--control-anchor","interaction":{"idSuffix":"BDI-content"}},"wdio_ui5_key":"applicationmanageresources-display-component---newResourceUnit--newRRUPage-anchBar-application-manageresources-display-component---newResourceUnit--control-anchor"}]}
RESULT: {"script":"<script> [1562 bytes]","args":[{"selector":{"id":"application-manageresources-display-component---newResourceUnit--newRRUPage-anchBar-application-manageresources-display-component---newResourceUnit--control-anchor","interaction":{"idSuffix":"BDI-content"}},"wdio_ui5_key":"applicationmanageresources-display-component---newResourceUnit--newRRUPage-anchBar-application-manageresources-display-component---newResourceUnit--control-anchor"}]}
RESULT: undefined
COMMAND: POST /session/e8ae643ad1a7d9f9ee71b330bca2e34d/element - {"using":"xpath","value":"//*[@id=\"application-manageresources-display-component---newResourceUnit--newRRUPage-anchBar-application-manageresources-display-component---newResourceUnit--control-anchor\"]"}
RESULT: {"using":"xpath","value":"//*[@id=\"application-manageresources-display-component---newResourceUnit--newRRUPage-anchBar-application-manageresources-display-component---newResourceUnit--control-anchor\"]"}
COMMAND: POST /session/e8ae643ad1a7d9f9ee71b330bca2e34d/element/f.804597995EEA20368E99A2927B0C1762.d.1E7FE38E338A139CC3FD0413C8AB3B9A.e.3251/click - {}
RESULT: {}
COMMAND: POST /session/e8ae643ad1a7d9f9ee71b330bca2e34d/execute/async - {"script":"<script> [1562 bytes]","args":[{"selector":{"id":"application-manageresources-display-component---newResourceUnit--PLANNING_GROUP","interaction":{"idSuffix":"inner"}},"wdio_ui5_key":"applicationmanageresources-display-component---newResourceUnit--PLANNING_GROUP"}]}
COMMAND: GET /session/e8ae643ad1a7d9f9ee71b330bca2e34d/screenshot - {}
RESULT: {"script":"<script> [1562 bytes]","args":[{"selector":{"id":"application-manageresources-display-component---newResourceUnit--PLANNING_GROUP","interaction":{"idSuffix":"inner"}},"wdio_ui5_key":"applicationmanageresources-display-component---newResourceUnit--PLANNING_GROUP"}]}
RESULT: undefined
COMMAND: POST /session/e8ae643ad1a7d9f9ee71b330bca2e34d/execute/async - {"script":"<script> [776 bytes]","args":[{"enterText":"Heavy Equi","selector":{"id":"application-manageresources-display-component---newResourceUnit--PLANNING_GROUP","interaction":{"idSuffix":"inner"}},"clearTextFirst":true,"interactionType":"ENTER_TEXT"}]}
RESULT: {}
RESULT: {"script":"<script> [776 bytes]","args":[{"enterText":"Heavy Equi","selector":{"id":"application-manageresources-display-component---newResourceUnit--PLANNING_GROUP","interaction":{"idSuffix":"inner"}},"clearTextFirst":true,"interactionType":"ENTER_TEXT"}]}
COMMAND: POST /session/e8ae643ad1a7d9f9ee71b330bca2e34d/execute/async - {"script":"<script> [1562 bytes]","args":[{"selector":{"id":"application-manageresources-display-component---newResourceUnit--ITEM_TYPE-arrow"},"wdio_ui5_key":"applicationmanageresources-display-component---newResourceUnit--ITEM_TYPE-arrow"}]}
RESULT: {"script":"<script> [1562 bytes]","args":[{"selector":{"id":"application-manageresources-display-component---newResourceUnit--ITEM_TYPE-arrow"},"wdio_ui5_key":"applicationmanageresources-display-component---newResourceUnit--ITEM_TYPE-arrow"}]}
RESULT: undefined
COMMAND: POST /session/e8ae643ad1a7d9f9ee71b330bca2e34d/element - {"using":"xpath","value":"//*[@id=\"application-manageresources-display-component---newResourceUnit--ITEM_TYPE-arrow\"]"}
RESULT: {"using":"xpath","value":"//*[@id=\"application-manageresources-display-component---newResourceUnit--ITEM_TYPE-arrow\"]"}
COMMAND: POST /session/e8ae643ad1a7d9f9ee71b330bca2e34d/element/f.804597995EEA20368E99A2927B0C1762.d.1E7FE38E338A139CC3FD0413C8AB3B9A.e.3260/click - {}
RESULT: {}
COMMAND: POST /session/e8ae643ad1a7d9f9ee71b330bca2e34d/element - {"using":"xpath","value":"(//span[contains(text(), \"Resource Unit\")])[2]"}
COMMAND: GET /session/e8ae643ad1a7d9f9ee71b330bca2e34d/screenshot - {}
RESULT: {"using":"xpath","value":"(//span[contains(text(), \"Resource Unit\")])[2]"}
COMMAND: POST /session/e8ae643ad1a7d9f9ee71b330bca2e34d/element/f.804597995EEA20368E99A2927B0C1762.d.1E7FE38E338A139CC3FD0413C8AB3B9A.e.3261/click - {}
RESULT: {}
RESULT: {}
COMMAND: GET /session/e8ae643ad1a7d9f9ee71b330bca2e34d/screenshot - {}
RESULT: {}
COMMAND: POST /session/e8ae643ad1a7d9f9ee71b330bca2e34d/element - {"using":"css selector","value":"#application-manageresources-display-component---newResourceUnit--btnAddTimeSegment"}
RESULT: {"using":"css selector","value":"#application-manageresources-display-component---newResourceUnit--btnAddTimeSegment"}
COMMAND: GET /session/e8ae643ad1a7d9f9ee71b330bca2e34d/element/f.804597995EEA20368E99A2927B0C1762.d.1E7FE38E338A139CC3FD0413C8AB3B9A.e.3262/rect - {}
RESULT: {}
COMMAND: GET /session/e8ae643ad1a7d9f9ee71b330bca2e34d/window/rect - {}
RESULT: {}
COMMAND: POST /session/e8ae643ad1a7d9f9ee71b330bca2e34d/execute/sync - {"script":"<script> [92 bytes]","args":[]}
RESULT: {"script":"<script> [92 bytes]","args":[]}
COMMAND: POST /session/e8ae643ad1a7d9f9ee71b330bca2e34d/actions - {"actions":[{"id":"action9","type":"wheel","parameters":{},"actions":[{"type":"scroll","x":-1888,"y":-32,"deltaX":0,"deltaY":0,"duration":0,"origin":{"element-6066-11e4-a52e-4f735466cecf":"f.804597995EEA20368E99A2927B0C1762.d.1E7FE38E338A139CC3FD0413C8AB3B9A.e.3262"}}]}]}
COMMAND: GET /session/e8ae643ad1a7d9f9ee71b330bca2e34d/screenshot - {}
RESULT: {}
COMMAND: POST /session/e8ae643ad1a7d9f9ee71b330bca2e34d/execute/sync - {"script":"<script> [79 bytes]","args":[{"element-6066-11e4-a52e-4f735466cecf":"f.804597995EEA20368E99A2927B0C1762.d.1E7FE38E338A139CC3FD0413C8AB3B9A.e.3262","ELEMENT":"f.804597995EEA20368E99A2927B0C1762.d.1E7FE38E338A139CC3FD0413C8AB3B9A.e.3262"},{"block":"start","inline":"nearest"}]}
RESULT: {"script":"<script> [79 bytes]","args":[{"element-6066-11e4-a52e-4f735466cecf":"f.804597995EEA20368E99A2927B0C1762.d.1E7FE38E338A139CC3FD0413C8AB3B9A.e.3262","ELEMENT":"f.804597995EEA20368E99A2927B0C1762.d.1E7FE38E338A139CC3FD0413C8AB3B9A.e.3262"},{"block":"start","inline":"nearest"}]}
COMMAND: POST /session/e8ae643ad1a7d9f9ee71b330bca2e34d/execute/async - {"script":"<script> [1562 bytes]","args":[{"selector":{"id":"application-manageresources-display-component---newResourceUnit--btnAddTimeSegment","interaction":{"idSuffix":"inner"}},"wdio_ui5_key":"applicationmanageresources-display-component---newResourceUnit--btnAddTimeSegment"}]}
COMMAND: GET /session/e8ae643ad1a7d9f9ee71b330bca2e34d/screenshot - {}
RESULT: {"script":"<script> [1562 bytes]","args":[{"selector":{"id":"application-manageresources-display-component---newResourceUnit--btnAddTimeSegment","interaction":{"idSuffix":"inner"}},"wdio_ui5_key":"applicationmanageresources-display-component---newResourceUnit--btnAddTimeSegment"}]}
RESULT: undefined
COMMAND: POST /session/e8ae643ad1a7d9f9ee71b330bca2e34d/element - {"using":"xpath","value":"//*[@id=\"application-manageresources-display-component---newResourceUnit--btnAddTimeSegment\"]"}
RESULT: {}
RESULT: {"using":"xpath","value":"//*[@id=\"application-manageresources-display-component---newResourceUnit--btnAddTimeSegment\"]"}
COMMAND: POST /session/e8ae643ad1a7d9f9ee71b330bca2e34d/element/f.804597995EEA20368E99A2927B0C1762.d.1E7FE38E338A139CC3FD0413C8AB3B9A.e.3262/click - {}
RESULT: {}
COMMAND: GET /session/e8ae643ad1a7d9f9ee71b330bca2e34d/screenshot - {}
RESULT: {}
COMMAND: POST /session/e8ae643ad1a7d9f9ee71b330bca2e34d/element - {"using":"xpath","value":"//input[@id=\"application-manageresources-display-component---newResourceUnit--idRuTSAdmin-application-manageresources-display-component---newResourceUnit--RUTimeSegment-0-inner\"]"}
RESULT: {"using":"xpath","value":"//input[@id=\"application-manageresources-display-component---newResourceUnit--idRuTSAdmin-application-manageresources-display-component---newResourceUnit--RUTimeSegment-0-inner\"]"}
COMMAND: POST /session/e8ae643ad1a7d9f9ee71b330bca2e34d/element/f.804597995EEA20368E99A2927B0C1762.d.1E7FE38E338A139CC3FD0413C8AB3B9A.e.3268/clear - {}
RESULT: {}
COMMAND: POST /session/e8ae643ad1a7d9f9ee71b330bca2e34d/element/f.804597995EEA20368E99A2927B0C1762.d.1E7FE38E338A139CC3FD0413C8AB3B9A.e.3268/value - {"text":"370"}
COMMAND: GET /session/e8ae643ad1a7d9f9ee71b330bca2e34d/screenshot - {}
RESULT: {"text":"370"}
COMMAND: GET /session/e8ae643ad1a7d9f9ee71b330bca2e34d/screenshot - {}
RESULT: {}
RESULT: {}
COMMAND: POST /session/e8ae643ad1a7d9f9ee71b330bca2e34d/element - {"using":"xpath","value":"//li[.//span[text()='370']]"}
RESULT: {"using":"xpath","value":"//li[.//span[text()='370']]"}
COMMAND: POST /session/e8ae643ad1a7d9f9ee71b330bca2e34d/element/f.804597995EEA20368E99A2927B0C1762.d.1E7FE38E338A139CC3FD0413C8AB3B9A.e.3280/click - {}
RESULT: {}
COMMAND: GET /session/e8ae643ad1a7d9f9ee71b330bca2e34d/screenshot - {}
RESULT: {}
COMMAND: POST /session/e8ae643ad1a7d9f9ee71b330bca2e34d/element - {"using":"xpath","value":"(//span[contains(@id, \"-application-manageresources-display-component---newResourceUnit--RUTimeSegment-0-arrow\")])[6]"}
RESULT: {"using":"xpath","value":"(//span[contains(@id, \"-application-manageresources-display-component---newResourceUnit--RUTimeSegment-0-arrow\")])[6]"}
COMMAND: POST /session/e8ae643ad1a7d9f9ee71b330bca2e34d/element/f.804597995EEA20368E99A2927B0C1762.d.1E7FE38E338A139CC3FD0413C8AB3B9A.e.3281/click - {}
RESULT: {}
COMMAND: POST /session/e8ae643ad1a7d9f9ee71b330bca2e34d/element - {"using":"xpath","value":"//span[contains(text(), \"PM Order\")]"}
COMMAND: GET /session/e8ae643ad1a7d9f9ee71b330bca2e34d/screenshot - {}
RESULT: {"using":"xpath","value":"//span[contains(text(), \"PM Order\")]"}
COMMAND: POST /session/e8ae643ad1a7d9f9ee71b330bca2e34d/element/f.804597995EEA20368E99A2927B0C1762.d.1E7FE38E338A139CC3FD0413C8AB3B9A.e.3284/click - {}
RESULT: {}
RESULT: {}
COMMAND: GET /session/e8ae643ad1a7d9f9ee71b330bca2e34d/screenshot - {}
RESULT: {}
COMMAND: POST /session/e8ae643ad1a7d9f9ee71b330bca2e34d/element - {"using":"xpath","value":"(//span[contains(@id ,\"manageresources-display-component---newResourceUnit--RUTimeSegment-0-vhi\")])[2]"}
RESULT: {"using":"xpath","value":"(//span[contains(@id ,\"manageresources-display-component---newResourceUnit--RUTimeSegment-0-vhi\")])[2]"}
COMMAND: POST /session/e8ae643ad1a7d9f9ee71b330bca2e34d/element/f.804597995EEA20368E99A2927B0C1762.d.1E7FE38E338A139CC3FD0413C8AB3B9A.e.3287/click - {}
RESULT: {}
COMMAND: GET /session/e8ae643ad1a7d9f9ee71b330bca2e34d/screenshot - {}
RESULT: {}
RESULT: undefined
COMMAND: POST /session/e8ae643ad1a7d9f9ee71b330bca2e34d/execute/async - {"script":"<script> [776 bytes]","args":[{"enterText":"4000360","selector":{"controlType":"sap.m.SearchField","properties":{"placeholder":"Search"},"searchOpenDialogs":true,"interaction":{"idSuffix":"I"}},"clearTextFirst":true,"interactionType":"ENTER_TEXT"}]}
RESULT: {"script":"<script> [776 bytes]","args":[{"enterText":"4000360","selector":{"controlType":"sap.m.SearchField","properties":{"placeholder":"Search"},"searchOpenDialogs":true,"interaction":{"idSuffix":"I"}},"clearTextFirst":true,"interactionType":"ENTER_TEXT"}]}
COMMAND: POST /session/e8ae643ad1a7d9f9ee71b330bca2e34d/actions - {"actions":[{"id":"action10","type":"key","parameters":{},"actions":[{"type":"keyDown","value":""},{"type":"pause","duration":10},{"type":"keyUp","value":""}]}]}
RESULT: {"actions":[{"id":"action10","type":"key","parameters":{},"actions":[{"type":"keyDown","value":""},{"type":"pause","duration":10},{"type":"keyUp","value":""}]}]}
COMMAND: GET /session/e8ae643ad1a7d9f9ee71b330bca2e34d/screenshot - {}
RESULT: {}
COMMAND: POST /session/e8ae643ad1a7d9f9ee71b330bca2e34d/element - {"using":"xpath","value":"//td/div/span[contains(text(), \"BGL Vehicles\")]"}
RESULT: {"using":"xpath","value":"//td/div/span[contains(text(), \"BGL Vehicles\")]"}
COMMAND: POST /session/e8ae643ad1a7d9f9ee71b330bca2e34d/element/f.804597995EEA20368E99A2927B0C1762.d.1E7FE38E338A139CC3FD0413C8AB3B9A.e.3305/click - {}
RESULT: {}
COMMAND: GET /session/e8ae643ad1a7d9f9ee71b330bca2e34d/screenshot - {}
RESULT: {}
COMMAND: POST /session/e8ae643ad1a7d9f9ee71b330bca2e34d/element - {"using":"xpath","value":"//bdi[contains(text(), \"OK\")]"}
RESULT: {"using":"xpath","value":"//bdi[contains(text(), \"OK\")]"}
COMMAND: POST /session/e8ae643ad1a7d9f9ee71b330bca2e34d/element/f.804597995EEA20368E99A2927B0C1762.d.1E7FE38E338A139CC3FD0413C8AB3B9A.e.3306/click - {}
RESULT: {}
COMMAND: GET /session/e8ae643ad1a7d9f9ee71b330bca2e34d/screenshot - {}
RESULT: {}
COMMAND: POST /session/e8ae643ad1a7d9f9ee71b330bca2e34d/execute/async - {"script":"<script> [1562 bytes]","args":[{"selector":{"id":"application-manageresources-display-component---newResourceUnit--newRRUPage-anchBar-application-manageresources-display-component---newResourceUnit--resource-anchor","interaction":{"idSuffix":"BDI-content"}},"wdio_ui5_key":"applicationmanageresources-display-component---newResourceUnit--newRRUPage-anchBar-application-manageresources-display-component---newResourceUnit--resource-anchor"}]}
RESULT: {"script":"<script> [1562 bytes]","args":[{"selector":{"id":"application-manageresources-display-component---newResourceUnit--newRRUPage-anchBar-application-manageresources-display-component---newResourceUnit--resource-anchor","interaction":{"idSuffix":"BDI-content"}},"wdio_ui5_key":"applicationmanageresources-display-component---newResourceUnit--newRRUPage-anchBar-application-manageresources-display-component---newResourceUnit--resource-anchor"}]}
RESULT: undefined
COMMAND: POST /session/e8ae643ad1a7d9f9ee71b330bca2e34d/element - {"using":"xpath","value":"//*[@id=\"application-manageresources-display-component---newResourceUnit--newRRUPage-anchBar-application-manageresources-display-component---newResourceUnit--resource-anchor\"]"}
RESULT: {"using":"xpath","value":"//*[@id=\"application-manageresources-display-component---newResourceUnit--newRRUPage-anchBar-application-manageresources-display-component---newResourceUnit--resource-anchor\"]"}
COMMAND: POST /session/e8ae643ad1a7d9f9ee71b330bca2e34d/element/f.804597995EEA20368E99A2927B0C1762.d.1E7FE38E338A139CC3FD0413C8AB3B9A.e.3310/click - {}
RESULT: {}
COMMAND: POST /session/e8ae643ad1a7d9f9ee71b330bca2e34d/execute/async - {"script":"<script> [1562 bytes]","args":[{"selector":{"id":"application-manageresources-display-component---newResourceUnit--PLANNED_DELIVERY_DATE","interaction":{"idSuffix":"inner"}},"wdio_ui5_key":"applicationmanageresources-display-component---newResourceUnit--PLANNED_DELIVERY_DATE"}]}
COMMAND: GET /session/e8ae643ad1a7d9f9ee71b330bca2e34d/screenshot - {}
RESULT: {"script":"<script> [1562 bytes]","args":[{"selector":{"id":"application-manageresources-display-component---newResourceUnit--PLANNED_DELIVERY_DATE","interaction":{"idSuffix":"inner"}},"wdio_ui5_key":"applicationmanageresources-display-component---newResourceUnit--PLANNED_DELIVERY_DATE"}]}
RESULT: undefined
COMMAND: POST /session/e8ae643ad1a7d9f9ee71b330bca2e34d/execute/async - {"script":"<script> [6424 bytes]","args":[{"element-6066-11e4-a52e-4f735466cecf":"f.804597995EEA20368E99A2927B0C1762.d.1E7FE38E338A139CC3FD0413C8AB3B9A.e.3174"},"setValue",["4/15/25"]]}
RESULT: {}
RESULT: {"script":"<script> [6424 bytes]","args":[{"element-6066-11e4-a52e-4f735466cecf":"f.804597995EEA20368E99A2927B0C1762.d.1E7FE38E338A139CC3FD0413C8AB3B9A.e.3174"},"setValue",["4/15/25"]]}
COMMAND: POST /session/e8ae643ad1a7d9f9ee71b330bca2e34d/element - {"using":"xpath","value":"//button[@data-kt=\"resourceUnitSaveButton\"]"}
RESULT: {"using":"xpath","value":"//button[@data-kt=\"resourceUnitSaveButton\"]"}
COMMAND: POST /session/e8ae643ad1a7d9f9ee71b330bca2e34d/element/f.804597995EEA20368E99A2927B0C1762.d.1E7FE38E338A139CC3FD0413C8AB3B9A.e.3135/click - {}
RESULT: {}
COMMAND: GET /session/e8ae643ad1a7d9f9ee71b330bca2e34d/screenshot - {}
RESULT: {}
COMMAND: POST /session/e8ae643ad1a7d9f9ee71b330bca2e34d/element - {"using":"xpath","value":"//bdi[contains(text(), \"Close\")]"}
RESULT: {"using":"xpath","value":"//bdi[contains(text(), \"Close\")]"}
COMMAND: POST /session/e8ae643ad1a7d9f9ee71b330bca2e34d/element/f.804597995EEA20368E99A2927B0C1762.d.1E7FE38E338A139CC3FD0413C8AB3B9A.e.3318/click - {}
RESULT: {}
COMMAND: GET /session/e8ae643ad1a7d9f9ee71b330bca2e34d/screenshot - {}
RESULT: {}
COMMAND: POST /session/e8ae643ad1a7d9f9ee71b330bca2e34d/element - {"using":"xpath","value":"(//button[contains(@id ,\"actionsToolbar-overflowButton\")])[1]"}
RESULT: {"using":"xpath","value":"(//button[contains(@id ,\"actionsToolbar-overflowButton\")])[1]"}
COMMAND: POST /session/e8ae643ad1a7d9f9ee71b330bca2e34d/element/f.804597995EEA20368E99A2927B0C1762.d.1E7FE38E338A139CC3FD0413C8AB3B9A.e.3347/click - {}
RESULT: {}
COMMAND: GET /session/e8ae643ad1a7d9f9ee71b330bca2e34d/screenshot - {}
RESULT: {}
COMMAND: POST /session/e8ae643ad1a7d9f9ee71b330bca2e34d/element - {"using":"xpath","value":"//button[@data-kt=\"priceInfoButton\"]"}
RESULT: {"using":"xpath","value":"//button[@data-kt=\"priceInfoButton\"]"}
COMMAND: POST /session/e8ae643ad1a7d9f9ee71b330bca2e34d/element/f.804597995EEA20368E99A2927B0C1762.d.1E7FE38E338A139CC3FD0413C8AB3B9A.e.3351/click - {}
RESULT: {}
COMMAND: GET /session/e8ae643ad1a7d9f9ee71b330bca2e34d/screenshot - {}
RESULT: {}
]]></system-out>
    </testcase>
    <testcase classname="chrome.135_0_7049_42.windows.Billing_Transfer_-_Master_data_&amp;_Intercompany_US127250" name="Should create new pricing rule TB on the equipment TB" time="57.87">
      <system-out><![CDATA[
COMMAND: POST /session/e8ae643ad1a7d9f9ee71b330bca2e34d/element - {"using":"xpath","value":"//button[@data-kt=\"addButton\"]"}
RESULT: {"using":"xpath","value":"//button[@data-kt=\"addButton\"]"}
COMMAND: POST /session/e8ae643ad1a7d9f9ee71b330bca2e34d/elements - {"using":"xpath","value":"//button[@data-kt=\"addButton\"]"}
RESULT: {"using":"xpath","value":"//button[@data-kt=\"addButton\"]"}
COMMAND: POST /session/e8ae643ad1a7d9f9ee71b330bca2e34d/execute/sync - {"script":"<script> [8489 bytes]","args":[{"element-6066-11e4-a52e-4f735466cecf":"f.804597995EEA20368E99A2927B0C1762.d.1E7FE38E338A139CC3FD0413C8AB3B9A.e.3389","ELEMENT":"f.804597995EEA20368E99A2927B0C1762.d.1E7FE38E338A139CC3FD0413C8AB3B9A.e.3389"}]}
RESULT: {"script":"<script> [8489 bytes]","args":[{"element-6066-11e4-a52e-4f735466cecf":"f.804597995EEA20368E99A2927B0C1762.d.1E7FE38E338A139CC3FD0413C8AB3B9A.e.3389","ELEMENT":"f.804597995EEA20368E99A2927B0C1762.d.1E7FE38E338A139CC3FD0413C8AB3B9A.e.3389"}]}
COMMAND: GET /session/e8ae643ad1a7d9f9ee71b330bca2e34d/element/f.804597995EEA20368E99A2927B0C1762.d.1E7FE38E338A139CC3FD0413C8AB3B9A.e.3389/enabled - {}
COMMAND: GET /session/e8ae643ad1a7d9f9ee71b330bca2e34d/screenshot - {}
RESULT: {}
COMMAND: POST /session/e8ae643ad1a7d9f9ee71b330bca2e34d/execute/sync - {"script":"<script> [8489 bytes]","args":[{"element-6066-11e4-a52e-4f735466cecf":"f.804597995EEA20368E99A2927B0C1762.d.1E7FE38E338A139CC3FD0413C8AB3B9A.e.3389","ELEMENT":"f.804597995EEA20368E99A2927B0C1762.d.1E7FE38E338A139CC3FD0413C8AB3B9A.e.3389"}]}
COMMAND: GET /session/e8ae643ad1a7d9f9ee71b330bca2e34d/screenshot - {}
RESULT: {}
RESULT: {}
RESULT: {"script":"<script> [8489 bytes]","args":[{"element-6066-11e4-a52e-4f735466cecf":"f.804597995EEA20368E99A2927B0C1762.d.1E7FE38E338A139CC3FD0413C8AB3B9A.e.3389","ELEMENT":"f.804597995EEA20368E99A2927B0C1762.d.1E7FE38E338A139CC3FD0413C8AB3B9A.e.3389"}]}
COMMAND: POST /session/e8ae643ad1a7d9f9ee71b330bca2e34d/execute/sync - {"script":"<script> [5351 bytes]","args":[{"element-6066-11e4-a52e-4f735466cecf":"f.804597995EEA20368E99A2927B0C1762.d.1E7FE38E338A139CC3FD0413C8AB3B9A.e.3389","ELEMENT":"f.804597995EEA20368E99A2927B0C1762.d.1E7FE38E338A139CC3FD0413C8AB3B9A.e.3389"}]}
COMMAND: GET /session/e8ae643ad1a7d9f9ee71b330bca2e34d/screenshot - {}
RESULT: {"script":"<script> [5351 bytes]","args":[{"element-6066-11e4-a52e-4f735466cecf":"f.804597995EEA20368E99A2927B0C1762.d.1E7FE38E338A139CC3FD0413C8AB3B9A.e.3389","ELEMENT":"f.804597995EEA20368E99A2927B0C1762.d.1E7FE38E338A139CC3FD0413C8AB3B9A.e.3389"}]}
COMMAND: POST /session/e8ae643ad1a7d9f9ee71b330bca2e34d/element/f.804597995EEA20368E99A2927B0C1762.d.1E7FE38E338A139CC3FD0413C8AB3B9A.e.3389/click - {}
COMMAND: GET /session/e8ae643ad1a7d9f9ee71b330bca2e34d/screenshot - {}
RESULT: {}
RESULT: {}
COMMAND: GET /session/e8ae643ad1a7d9f9ee71b330bca2e34d/screenshot - {}
RESULT: {}
RESULT: {}
COMMAND: POST /session/e8ae643ad1a7d9f9ee71b330bca2e34d/execute/async - {"script":"<script> [1562 bytes]","args":[{"selector":{"controlType":"sap.m.Title","viewName":"etm.portal.ui.managepricingrules.view.NewItem","viewId":"application-managepricingrules-display-component---newInfoPriceItem","properties":{"text":"New Pricing Rules - Item Level"}},"wdio_ui5_key":"etmportal.ui.managepricingrules.view.NewItemsap.m.Title{\"text\":\"New Pricing Rules - Item Level\"}"}]}
RESULT: {"script":"<script> [1562 bytes]","args":[{"selector":{"controlType":"sap.m.Title","viewName":"etm.portal.ui.managepricingrules.view.NewItem","viewId":"application-managepricingrules-display-component---newInfoPriceItem","properties":{"text":"New Pricing Rules - Item Level"}},"wdio_ui5_key":"etmportal.ui.managepricingrules.view.NewItemsap.m.Title{\"text\":\"New Pricing Rules - Item Level\"}"}]}
RESULT: undefined
COMMAND: POST /session/e8ae643ad1a7d9f9ee71b330bca2e34d/execute/async - {"script":"<script> [6424 bytes]","args":[{"element-6066-11e4-a52e-4f735466cecf":"f.804597995EEA20368E99A2927B0C1762.d.1E7FE38E338A139CC3FD0413C8AB3B9A.e.3457"},"getText",[]]}
RESULT: {"script":"<script> [6424 bytes]","args":[{"element-6066-11e4-a52e-4f735466cecf":"f.804597995EEA20368E99A2927B0C1762.d.1E7FE38E338A139CC3FD0413C8AB3B9A.e.3457"},"getText",[]]}
COMMAND: POST /session/e8ae643ad1a7d9f9ee71b330bca2e34d/execute/async - {"script":"<script> [1562 bytes]","args":[{"selector":{"id":"application-managepricingrules-display-component---newInfoPriceItem--condValidTo","interaction":{"idSuffix":"inner"}},"wdio_ui5_key":"applicationmanagepricingrules-display-component---newInfoPriceItem--condValidTo"}]}
RESULT: {"script":"<script> [1562 bytes]","args":[{"selector":{"id":"application-managepricingrules-display-component---newInfoPriceItem--condValidTo","interaction":{"idSuffix":"inner"}},"wdio_ui5_key":"applicationmanagepricingrules-display-component---newInfoPriceItem--condValidTo"}]}
RESULT: undefined
COMMAND: POST /session/e8ae643ad1a7d9f9ee71b330bca2e34d/execute/async - {"script":"<script> [776 bytes]","args":[{"enterText":"12/15/25","selector":{"id":"application-managepricingrules-display-component---newInfoPriceItem--condValidTo","interaction":{"idSuffix":"inner"}},"clearTextFirst":true,"interactionType":"ENTER_TEXT"}]}
RESULT: {"script":"<script> [776 bytes]","args":[{"enterText":"12/15/25","selector":{"id":"application-managepricingrules-display-component---newInfoPriceItem--condValidTo","interaction":{"idSuffix":"inner"}},"clearTextFirst":true,"interactionType":"ENTER_TEXT"}]}
COMMAND: POST /session/e8ae643ad1a7d9f9ee71b330bca2e34d/execute/async - {"script":"<script> [1562 bytes]","args":[{"selector":{"id":"application-managepricingrules-display-component---newInfoPriceItem--billType-arrow"},"wdio_ui5_key":"applicationmanagepricingrules-display-component---newInfoPriceItem--billType-arrow"}]}
RESULT: {"script":"<script> [1562 bytes]","args":[{"selector":{"id":"application-managepricingrules-display-component---newInfoPriceItem--billType-arrow"},"wdio_ui5_key":"applicationmanagepricingrules-display-component---newInfoPriceItem--billType-arrow"}]}
RESULT: undefined
COMMAND: POST /session/e8ae643ad1a7d9f9ee71b330bca2e34d/element - {"using":"xpath","value":"//*[@id=\"application-managepricingrules-display-component---newInfoPriceItem--billType-arrow\"]"}
RESULT: {"using":"xpath","value":"//*[@id=\"application-managepricingrules-display-component---newInfoPriceItem--billType-arrow\"]"}
COMMAND: POST /session/e8ae643ad1a7d9f9ee71b330bca2e34d/element/f.804597995EEA20368E99A2927B0C1762.d.1E7FE38E338A139CC3FD0413C8AB3B9A.e.3459/click - {}
RESULT: {}
COMMAND: POST /session/e8ae643ad1a7d9f9ee71b330bca2e34d/element - {"using":"xpath","value":"//span[contains(text(), \"TB - Time based\")]"}
COMMAND: GET /session/e8ae643ad1a7d9f9ee71b330bca2e34d/screenshot - {}
RESULT: {"using":"xpath","value":"//span[contains(text(), \"TB - Time based\")]"}
COMMAND: POST /session/e8ae643ad1a7d9f9ee71b330bca2e34d/element/f.804597995EEA20368E99A2927B0C1762.d.1E7FE38E338A139CC3FD0413C8AB3B9A.e.3460/click - {}
RESULT: {}
RESULT: {}
COMMAND: POST /session/e8ae643ad1a7d9f9ee71b330bca2e34d/execute/async - {"script":"<script> [1562 bytes]","args":[{"selector":{"id":"application-managepricingrules-display-component---newInfoPriceItem--priceProc-arrow"},"wdio_ui5_key":"applicationmanagepricingrules-display-component---newInfoPriceItem--priceProc-arrow"}]}
COMMAND: GET /session/e8ae643ad1a7d9f9ee71b330bca2e34d/screenshot - {}
RESULT: {"script":"<script> [1562 bytes]","args":[{"selector":{"id":"application-managepricingrules-display-component---newInfoPriceItem--priceProc-arrow"},"wdio_ui5_key":"applicationmanagepricingrules-display-component---newInfoPriceItem--priceProc-arrow"}]}
RESULT: undefined
COMMAND: POST /session/e8ae643ad1a7d9f9ee71b330bca2e34d/element - {"using":"xpath","value":"//*[@id=\"application-managepricingrules-display-component---newInfoPriceItem--priceProc-arrow\"]"}
RESULT: {}
RESULT: {"using":"xpath","value":"//*[@id=\"application-managepricingrules-display-component---newInfoPriceItem--priceProc-arrow\"]"}
COMMAND: POST /session/e8ae643ad1a7d9f9ee71b330bca2e34d/element/f.804597995EEA20368E99A2927B0C1762.d.1E7FE38E338A139CC3FD0413C8AB3B9A.e.3461/click - {}
RESULT: {}
COMMAND: POST /session/e8ae643ad1a7d9f9ee71b330bca2e34d/element - {"using":"xpath","value":"//span[contains(text(), \"TBS - Time based standard\")]"}
COMMAND: GET /session/e8ae643ad1a7d9f9ee71b330bca2e34d/screenshot - {}
RESULT: {"using":"xpath","value":"//span[contains(text(), \"TBS - Time based standard\")]"}
COMMAND: POST /session/e8ae643ad1a7d9f9ee71b330bca2e34d/element/f.804597995EEA20368E99A2927B0C1762.d.1E7FE38E338A139CC3FD0413C8AB3B9A.e.3462/click - {}
RESULT: {}
RESULT: {}
COMMAND: POST /session/e8ae643ad1a7d9f9ee71b330bca2e34d/execute/async - {"script":"<script> [1562 bytes]","args":[{"selector":{"id":"application-managepricingrules-display-component---newInfoPriceItem--calcBase-arrow"},"wdio_ui5_key":"applicationmanagepricingrules-display-component---newInfoPriceItem--calcBase-arrow"}]}
COMMAND: GET /session/e8ae643ad1a7d9f9ee71b330bca2e34d/screenshot - {}
RESULT: {"script":"<script> [1562 bytes]","args":[{"selector":{"id":"application-managepricingrules-display-component---newInfoPriceItem--calcBase-arrow"},"wdio_ui5_key":"applicationmanagepricingrules-display-component---newInfoPriceItem--calcBase-arrow"}]}
RESULT: undefined
COMMAND: POST /session/e8ae643ad1a7d9f9ee71b330bca2e34d/element - {"using":"xpath","value":"//*[@id=\"application-managepricingrules-display-component---newInfoPriceItem--calcBase-arrow\"]"}
RESULT: {}
RESULT: {"using":"xpath","value":"//*[@id=\"application-managepricingrules-display-component---newInfoPriceItem--calcBase-arrow\"]"}
COMMAND: POST /session/e8ae643ad1a7d9f9ee71b330bca2e34d/element/f.804597995EEA20368E99A2927B0C1762.d.1E7FE38E338A139CC3FD0413C8AB3B9A.e.3463/click - {}
RESULT: {}
COMMAND: GET /session/e8ae643ad1a7d9f9ee71b330bca2e34d/screenshot - {}
RESULT: {}
COMMAND: POST /session/e8ae643ad1a7d9f9ee71b330bca2e34d/element - {"using":"xpath","value":"//span[contains(text(), \"0006 - TB(calendar days)\")]"}
RESULT: {"using":"xpath","value":"//span[contains(text(), \"0006 - TB(calendar days)\")]"}
COMMAND: POST /session/e8ae643ad1a7d9f9ee71b330bca2e34d/element/f.804597995EEA20368E99A2927B0C1762.d.1E7FE38E338A139CC3FD0413C8AB3B9A.e.3464/click - {}
RESULT: {}
COMMAND: GET /session/e8ae643ad1a7d9f9ee71b330bca2e34d/screenshot - {}
RESULT: {}
COMMAND: POST /session/e8ae643ad1a7d9f9ee71b330bca2e34d/execute/async - {"script":"<script> [1562 bytes]","args":[{"selector":{"id":"application-managepricingrules-display-component---newInfoPriceItem--daysMonth","interaction":{"idSuffix":"inner"}},"wdio_ui5_key":"applicationmanagepricingrules-display-component---newInfoPriceItem--daysMonth"}]}
RESULT: {"script":"<script> [1562 bytes]","args":[{"selector":{"id":"application-managepricingrules-display-component---newInfoPriceItem--daysMonth","interaction":{"idSuffix":"inner"}},"wdio_ui5_key":"applicationmanagepricingrules-display-component---newInfoPriceItem--daysMonth"}]}
RESULT: undefined
COMMAND: POST /session/e8ae643ad1a7d9f9ee71b330bca2e34d/execute/async - {"script":"<script> [776 bytes]","args":[{"enterText":"30","selector":{"id":"application-managepricingrules-display-component---newInfoPriceItem--daysMonth","interaction":{"idSuffix":"inner"}},"clearTextFirst":true,"interactionType":"ENTER_TEXT"}]}
RESULT: {"script":"<script> [776 bytes]","args":[{"enterText":"30","selector":{"id":"application-managepricingrules-display-component---newInfoPriceItem--daysMonth","interaction":{"idSuffix":"inner"}},"clearTextFirst":true,"interactionType":"ENTER_TEXT"}]}
COMMAND: POST /session/e8ae643ad1a7d9f9ee71b330bca2e34d/element - {"using":"xpath","value":"//button[@data-kt=\"saveNewRuleButton\"]"}
RESULT: {"using":"xpath","value":"//button[@data-kt=\"saveNewRuleButton\"]"}
COMMAND: POST /session/e8ae643ad1a7d9f9ee71b330bca2e34d/element/f.804597995EEA20368E99A2927B0C1762.d.1E7FE38E338A139CC3FD0413C8AB3B9A.e.3466/click - {}
RESULT: {}
COMMAND: GET /session/e8ae643ad1a7d9f9ee71b330bca2e34d/screenshot - {}
RESULT: {}
COMMAND: POST /session/e8ae643ad1a7d9f9ee71b330bca2e34d/execute/async - {"script":"<script> [1562 bytes]","args":[{"selector":{"id":"application-managepricingrules-display-component---priceInfoItem--smartFilterBar-btnBasicSearch","interaction":{"idSuffix":"I"}},"wdio_ui5_key":"applicationmanagepricingrules-display-component---priceInfoItem--smartFilterBar-btnBasicSearch"}]}
RESULT: {"script":"<script> [1562 bytes]","args":[{"selector":{"id":"application-managepricingrules-display-component---priceInfoItem--smartFilterBar-btnBasicSearch","interaction":{"idSuffix":"I"}},"wdio_ui5_key":"applicationmanagepricingrules-display-component---priceInfoItem--smartFilterBar-btnBasicSearch"}]}
RESULT: undefined
COMMAND: POST /session/e8ae643ad1a7d9f9ee71b330bca2e34d/execute/async - {"script":"<script> [776 bytes]","args":[{"enterText":"GpAPvOiNLt","selector":{"id":"application-managepricingrules-display-component---priceInfoItem--smartFilterBar-btnBasicSearch","interaction":{"idSuffix":"I"}},"clearTextFirst":true,"interactionType":"ENTER_TEXT"}]}
RESULT: {"script":"<script> [776 bytes]","args":[{"enterText":"GpAPvOiNLt","selector":{"id":"application-managepricingrules-display-component---priceInfoItem--smartFilterBar-btnBasicSearch","interaction":{"idSuffix":"I"}},"clearTextFirst":true,"interactionType":"ENTER_TEXT"}]}
COMMAND: POST /session/e8ae643ad1a7d9f9ee71b330bca2e34d/actions - {"actions":[{"id":"action11","type":"key","parameters":{},"actions":[{"type":"keyDown","value":""},{"type":"pause","duration":10},{"type":"keyUp","value":""}]}]}
RESULT: {"actions":[{"id":"action11","type":"key","parameters":{},"actions":[{"type":"keyDown","value":""},{"type":"pause","duration":10},{"type":"keyUp","value":""}]}]}
COMMAND: GET /session/e8ae643ad1a7d9f9ee71b330bca2e34d/screenshot - {}
RESULT: {}
COMMAND: POST /session/e8ae643ad1a7d9f9ee71b330bca2e34d/element - {"using":"xpath","value":"//span[@id=\"application-managepricingrules-display-component---priceInfoItem--smartTable-header-inner\"]"}
RESULT: {"using":"xpath","value":"//span[@id=\"application-managepricingrules-display-component---priceInfoItem--smartTable-header-inner\"]"}
COMMAND: POST /session/e8ae643ad1a7d9f9ee71b330bca2e34d/elements - {"using":"xpath","value":"//span[@id=\"application-managepricingrules-display-component---priceInfoItem--smartTable-header-inner\"]"}
RESULT: {"using":"xpath","value":"//span[@id=\"application-managepricingrules-display-component---priceInfoItem--smartTable-header-inner\"]"}
COMMAND: POST /session/e8ae643ad1a7d9f9ee71b330bca2e34d/execute/sync - {"script":"<script> [56 bytes]","args":[{"element-6066-11e4-a52e-4f735466cecf":"f.804597995EEA20368E99A2927B0C1762.d.1E7FE38E338A139CC3FD0413C8AB3B9A.e.3490","ELEMENT":"f.804597995EEA20368E99A2927B0C1762.d.1E7FE38E338A139CC3FD0413C8AB3B9A.e.3490"}]}
RESULT: {"script":"<script> [56 bytes]","args":[{"element-6066-11e4-a52e-4f735466cecf":"f.804597995EEA20368E99A2927B0C1762.d.1E7FE38E338A139CC3FD0413C8AB3B9A.e.3490","ELEMENT":"f.804597995EEA20368E99A2927B0C1762.d.1E7FE38E338A139CC3FD0413C8AB3B9A.e.3490"}]}
COMMAND: POST /session/e8ae643ad1a7d9f9ee71b330bca2e34d/element - {"using":"css selector","value":"#shell-header-logo"}
COMMAND: GET /session/e8ae643ad1a7d9f9ee71b330bca2e34d/screenshot - {}
RESULT: {"using":"css selector","value":"#shell-header-logo"}
COMMAND: POST /session/e8ae643ad1a7d9f9ee71b330bca2e34d/element/f.804597995EEA20368E99A2927B0C1762.d.1E7FE38E338A139CC3FD0413C8AB3B9A.e.2725/click - {}
RESULT: {}
RESULT: {}
COMMAND: GET /session/e8ae643ad1a7d9f9ee71b330bca2e34d/screenshot - {}
RESULT: {}
]]></system-out>
    </testcase>
    <testcase classname="chrome.135_0_7049_42.windows.Billing_Transfer_-_Master_data_&amp;_Intercompany_US127250" name="Should create new condition for equipment TB" time="61.159">
      <system-out><![CDATA[
COMMAND: POST /session/e8ae643ad1a7d9f9ee71b330bca2e34d/execute/async - {"script":"<script> [1562 bytes]","args":[{"selector":{"controlType":"sap.m.Text","properties":{"text":"Manage Conditions & Prices"},"interaction":{"idSuffix":"inner"}},"wdio_ui5_key":"sapm.Text{\"text\":\"Manage Conditions & Prices\"}"}]}
RESULT: {"script":"<script> [1562 bytes]","args":[{"selector":{"controlType":"sap.m.Text","properties":{"text":"Manage Conditions & Prices"},"interaction":{"idSuffix":"inner"}},"wdio_ui5_key":"sapm.Text{\"text\":\"Manage Conditions & Prices\"}"}]}
RESULT: undefined
COMMAND: POST /session/e8ae643ad1a7d9f9ee71b330bca2e34d/element - {"using":"xpath","value":"//*[@id=\"__tile53-title\"]"}
RESULT: {"using":"xpath","value":"//*[@id=\"__tile53-title\"]"}
COMMAND: POST /session/e8ae643ad1a7d9f9ee71b330bca2e34d/element/f.804597995EEA20368E99A2927B0C1762.d.1E7FE38E338A139CC3FD0413C8AB3B9A.e.3493/click - {}
RESULT: {}
COMMAND: POST /session/e8ae643ad1a7d9f9ee71b330bca2e34d/element - {"using":"xpath","value":"//button[@aria-label=\"Create\"]"}
COMMAND: GET /session/e8ae643ad1a7d9f9ee71b330bca2e34d/screenshot - {}
RESULT: {"using":"xpath","value":"//button[@aria-label=\"Create\"]"}
COMMAND: POST /session/e8ae643ad1a7d9f9ee71b330bca2e34d/elements - {"using":"xpath","value":"//button[@aria-label=\"Create\"]"}
RESULT: {}
RESULT: {"using":"xpath","value":"//button[@aria-label=\"Create\"]"}
COMMAND: POST /session/e8ae643ad1a7d9f9ee71b330bca2e34d/elements - {"using":"xpath","value":"//button[@aria-label=\"Create\"]"}
RESULT: {"using":"xpath","value":"//button[@aria-label=\"Create\"]"}
COMMAND: POST /session/e8ae643ad1a7d9f9ee71b330bca2e34d/elements - {"using":"xpath","value":"//button[@aria-label=\"Create\"]"}
RESULT: {"using":"xpath","value":"//button[@aria-label=\"Create\"]"}
COMMAND: POST /session/e8ae643ad1a7d9f9ee71b330bca2e34d/elements - {"using":"xpath","value":"//button[@aria-label=\"Create\"]"}
RESULT: {"using":"xpath","value":"//button[@aria-label=\"Create\"]"}
COMMAND: POST /session/e8ae643ad1a7d9f9ee71b330bca2e34d/elements - {"using":"xpath","value":"//button[@aria-label=\"Create\"]"}
RESULT: {"using":"xpath","value":"//button[@aria-label=\"Create\"]"}
COMMAND: POST /session/e8ae643ad1a7d9f9ee71b330bca2e34d/elements - {"using":"xpath","value":"//button[@aria-label=\"Create\"]"}
RESULT: {"using":"xpath","value":"//button[@aria-label=\"Create\"]"}
COMMAND: POST /session/e8ae643ad1a7d9f9ee71b330bca2e34d/element - {"using":"xpath","value":"//button[@aria-label=\"Create\"]"}
RESULT: {"using":"xpath","value":"//button[@aria-label=\"Create\"]"}
COMMAND: POST /session/e8ae643ad1a7d9f9ee71b330bca2e34d/execute/sync - {"script":"<script> [8489 bytes]","args":[{"element-6066-11e4-a52e-4f735466cecf":"f.804597995EEA20368E99A2927B0C1762.d.1E7FE38E338A139CC3FD0413C8AB3B9A.e.3532","ELEMENT":"f.804597995EEA20368E99A2927B0C1762.d.1E7FE38E338A139CC3FD0413C8AB3B9A.e.3532"}]}
RESULT: {"script":"<script> [8489 bytes]","args":[{"element-6066-11e4-a52e-4f735466cecf":"f.804597995EEA20368E99A2927B0C1762.d.1E7FE38E338A139CC3FD0413C8AB3B9A.e.3532","ELEMENT":"f.804597995EEA20368E99A2927B0C1762.d.1E7FE38E338A139CC3FD0413C8AB3B9A.e.3532"}]}
COMMAND: GET /session/e8ae643ad1a7d9f9ee71b330bca2e34d/element/f.804597995EEA20368E99A2927B0C1762.d.1E7FE38E338A139CC3FD0413C8AB3B9A.e.3532/enabled - {}
COMMAND: GET /session/e8ae643ad1a7d9f9ee71b330bca2e34d/screenshot - {}
RESULT: {}
COMMAND: POST /session/e8ae643ad1a7d9f9ee71b330bca2e34d/execute/sync - {"script":"<script> [8489 bytes]","args":[{"element-6066-11e4-a52e-4f735466cecf":"f.804597995EEA20368E99A2927B0C1762.d.1E7FE38E338A139CC3FD0413C8AB3B9A.e.3532","ELEMENT":"f.804597995EEA20368E99A2927B0C1762.d.1E7FE38E338A139CC3FD0413C8AB3B9A.e.3532"}]}
COMMAND: GET /session/e8ae643ad1a7d9f9ee71b330bca2e34d/screenshot - {}
RESULT: {}
RESULT: {"script":"<script> [8489 bytes]","args":[{"element-6066-11e4-a52e-4f735466cecf":"f.804597995EEA20368E99A2927B0C1762.d.1E7FE38E338A139CC3FD0413C8AB3B9A.e.3532","ELEMENT":"f.804597995EEA20368E99A2927B0C1762.d.1E7FE38E338A139CC3FD0413C8AB3B9A.e.3532"}]}
COMMAND: POST /session/e8ae643ad1a7d9f9ee71b330bca2e34d/execute/sync - {"script":"<script> [5351 bytes]","args":[{"element-6066-11e4-a52e-4f735466cecf":"f.804597995EEA20368E99A2927B0C1762.d.1E7FE38E338A139CC3FD0413C8AB3B9A.e.3532","ELEMENT":"f.804597995EEA20368E99A2927B0C1762.d.1E7FE38E338A139CC3FD0413C8AB3B9A.e.3532"}]}
COMMAND: GET /session/e8ae643ad1a7d9f9ee71b330bca2e34d/screenshot - {}
RESULT: {}
RESULT: {"script":"<script> [5351 bytes]","args":[{"element-6066-11e4-a52e-4f735466cecf":"f.804597995EEA20368E99A2927B0C1762.d.1E7FE38E338A139CC3FD0413C8AB3B9A.e.3532","ELEMENT":"f.804597995EEA20368E99A2927B0C1762.d.1E7FE38E338A139CC3FD0413C8AB3B9A.e.3532"}]}
COMMAND: POST /session/e8ae643ad1a7d9f9ee71b330bca2e34d/element/f.804597995EEA20368E99A2927B0C1762.d.1E7FE38E338A139CC3FD0413C8AB3B9A.e.3532/click - {}
COMMAND: GET /session/e8ae643ad1a7d9f9ee71b330bca2e34d/screenshot - {}
RESULT: {}
RESULT: {}
COMMAND: GET /session/e8ae643ad1a7d9f9ee71b330bca2e34d/screenshot - {}
RESULT: {}
RESULT: {}
COMMAND: POST /session/e8ae643ad1a7d9f9ee71b330bca2e34d/actions - {"actions":[{"id":"action12","type":"key","parameters":{},"actions":[{"type":"keyDown","value":""},{"type":"pause","duration":10},{"type":"keyUp","value":""}]}]}
RESULT: {"actions":[{"id":"action12","type":"key","parameters":{},"actions":[{"type":"keyDown","value":""},{"type":"pause","duration":10},{"type":"keyUp","value":""}]}]}
COMMAND: GET /session/e8ae643ad1a7d9f9ee71b330bca2e34d/screenshot - {}
RESULT: {}
COMMAND: POST /session/e8ae643ad1a7d9f9ee71b330bca2e34d/execute/async - {"script":"<script> [1562 bytes]","args":[{"selector":{"id":"application-manageconditionprice-display-component---newCondition--condBillCond-arrow"},"wdio_ui5_key":"applicationmanageconditionprice-display-component---newCondition--condBillCond-arrow"}]}
RESULT: {"script":"<script> [1562 bytes]","args":[{"selector":{"id":"application-manageconditionprice-display-component---newCondition--condBillCond-arrow"},"wdio_ui5_key":"applicationmanageconditionprice-display-component---newCondition--condBillCond-arrow"}]}
RESULT: undefined
COMMAND: POST /session/e8ae643ad1a7d9f9ee71b330bca2e34d/element - {"using":"xpath","value":"//*[@id=\"application-manageconditionprice-display-component---newCondition--condBillCond-arrow\"]"}
RESULT: {"using":"xpath","value":"//*[@id=\"application-manageconditionprice-display-component---newCondition--condBillCond-arrow\"]"}
COMMAND: POST /session/e8ae643ad1a7d9f9ee71b330bca2e34d/element/f.804597995EEA20368E99A2927B0C1762.d.1E7FE38E338A139CC3FD0413C8AB3B9A.e.3732/click - {}
RESULT: {}
COMMAND: GET /session/e8ae643ad1a7d9f9ee71b330bca2e34d/screenshot - {}
RESULT: {}
COMMAND: POST /session/e8ae643ad1a7d9f9ee71b330bca2e34d/element - {"using":"xpath","value":"//li[.//span[contains(text(), \"DISP - D&I special price\")]]"}
RESULT: {"using":"xpath","value":"//li[.//span[contains(text(), \"DISP - D&I special price\")]]"}
COMMAND: POST /session/e8ae643ad1a7d9f9ee71b330bca2e34d/element/f.804597995EEA20368E99A2927B0C1762.d.1E7FE38E338A139CC3FD0413C8AB3B9A.e.3735/click - {}
RESULT: {}
COMMAND: GET /session/e8ae643ad1a7d9f9ee71b330bca2e34d/screenshot - {}
RESULT: {}
COMMAND: POST /session/e8ae643ad1a7d9f9ee71b330bca2e34d/execute/async - {"script":"<script> [1562 bytes]","args":[{"selector":{"id":"application-manageconditionprice-display-component---newCondition--condValidTo","interaction":{"idSuffix":"inner"}},"wdio_ui5_key":"applicationmanageconditionprice-display-component---newCondition--condValidTo"}]}
RESULT: {"script":"<script> [1562 bytes]","args":[{"selector":{"id":"application-manageconditionprice-display-component---newCondition--condValidTo","interaction":{"idSuffix":"inner"}},"wdio_ui5_key":"applicationmanageconditionprice-display-component---newCondition--condValidTo"}]}
RESULT: undefined
COMMAND: POST /session/e8ae643ad1a7d9f9ee71b330bca2e34d/execute/async - {"script":"<script> [776 bytes]","args":[{"enterText":"12/15/25","selector":{"id":"application-manageconditionprice-display-component---newCondition--condValidTo","interaction":{"idSuffix":"inner"}},"clearTextFirst":true,"interactionType":"ENTER_TEXT"}]}
RESULT: {"script":"<script> [776 bytes]","args":[{"enterText":"12/15/25","selector":{"id":"application-manageconditionprice-display-component---newCondition--condValidTo","interaction":{"idSuffix":"inner"}},"clearTextFirst":true,"interactionType":"ENTER_TEXT"}]}
COMMAND: POST /session/e8ae643ad1a7d9f9ee71b330bca2e34d/element - {"using":"xpath","value":"//input[@id=\"application-manageconditionprice-display-component---newCondition--condRU-inner\"]"}
RESULT: {"using":"xpath","value":"//input[@id=\"application-manageconditionprice-display-component---newCondition--condRU-inner\"]"}
COMMAND: POST /session/e8ae643ad1a7d9f9ee71b330bca2e34d/element/f.804597995EEA20368E99A2927B0C1762.d.1E7FE38E338A139CC3FD0413C8AB3B9A.e.3598/clear - {}
RESULT: {}
COMMAND: POST /session/e8ae643ad1a7d9f9ee71b330bca2e34d/element/f.804597995EEA20368E99A2927B0C1762.d.1E7FE38E338A139CC3FD0413C8AB3B9A.e.3598/value - {"text":"GpAPvOiNLt"}
COMMAND: GET /session/e8ae643ad1a7d9f9ee71b330bca2e34d/screenshot - {}
RESULT: {"text":"GpAPvOiNLt"}
COMMAND: GET /session/e8ae643ad1a7d9f9ee71b330bca2e34d/screenshot - {}
RESULT: {}
RESULT: {}
COMMAND: POST /session/e8ae643ad1a7d9f9ee71b330bca2e34d/actions - {"actions":[{"id":"action13","type":"key","parameters":{},"actions":[{"type":"keyDown","value":""},{"type":"pause","duration":10},{"type":"keyUp","value":""}]}]}
RESULT: {"actions":[{"id":"action13","type":"key","parameters":{},"actions":[{"type":"keyDown","value":""},{"type":"pause","duration":10},{"type":"keyUp","value":""}]}]}
COMMAND: POST /session/e8ae643ad1a7d9f9ee71b330bca2e34d/execute/async - {"script":"<script> [1562 bytes]","args":[{"selector":{"id":"application-manageconditionprice-display-component---newCondition--condBaseQty","interaction":{"idSuffix":"inner"}},"wdio_ui5_key":"applicationmanageconditionprice-display-component---newCondition--condBaseQty"}]}
COMMAND: GET /session/e8ae643ad1a7d9f9ee71b330bca2e34d/screenshot - {}
RESULT: {"script":"<script> [1562 bytes]","args":[{"selector":{"id":"application-manageconditionprice-display-component---newCondition--condBaseQty","interaction":{"idSuffix":"inner"}},"wdio_ui5_key":"applicationmanageconditionprice-display-component---newCondition--condBaseQty"}]}
RESULT: undefined
COMMAND: POST /session/e8ae643ad1a7d9f9ee71b330bca2e34d/execute/async - {"script":"<script> [776 bytes]","args":[{"enterText":"1","selector":{"id":"application-manageconditionprice-display-component---newCondition--condBaseQty","interaction":{"idSuffix":"inner"}},"clearTextFirst":true,"interactionType":"ENTER_TEXT"}]}
RESULT: {}
RESULT: {"script":"<script> [776 bytes]","args":[{"enterText":"1","selector":{"id":"application-manageconditionprice-display-component---newCondition--condBaseQty","interaction":{"idSuffix":"inner"}},"clearTextFirst":true,"interactionType":"ENTER_TEXT"}]}
COMMAND: POST /session/e8ae643ad1a7d9f9ee71b330bca2e34d/execute/async - {"script":"<script> [1562 bytes]","args":[{"selector":{"id":"application-manageconditionprice-display-component---newCondition--condValue","interaction":{"idSuffix":"inner"}},"wdio_ui5_key":"applicationmanageconditionprice-display-component---newCondition--condValue"}]}
RESULT: {"script":"<script> [1562 bytes]","args":[{"selector":{"id":"application-manageconditionprice-display-component---newCondition--condValue","interaction":{"idSuffix":"inner"}},"wdio_ui5_key":"applicationmanageconditionprice-display-component---newCondition--condValue"}]}
RESULT: undefined
COMMAND: POST /session/e8ae643ad1a7d9f9ee71b330bca2e34d/execute/async - {"script":"<script> [776 bytes]","args":[{"enterText":"100","selector":{"id":"application-manageconditionprice-display-component---newCondition--condValue","interaction":{"idSuffix":"inner"}},"clearTextFirst":true,"interactionType":"ENTER_TEXT"}]}
RESULT: {"script":"<script> [776 bytes]","args":[{"enterText":"100","selector":{"id":"application-manageconditionprice-display-component---newCondition--condValue","interaction":{"idSuffix":"inner"}},"clearTextFirst":true,"interactionType":"ENTER_TEXT"}]}
COMMAND: POST /session/e8ae643ad1a7d9f9ee71b330bca2e34d/execute/async - {"script":"<script> [1562 bytes]","args":[{"selector":{"id":"application-manageconditionprice-display-component---newCondition--condCurr-arrow"},"wdio_ui5_key":"applicationmanageconditionprice-display-component---newCondition--condCurr-arrow"}]}
RESULT: {"script":"<script> [1562 bytes]","args":[{"selector":{"id":"application-manageconditionprice-display-component---newCondition--condCurr-arrow"},"wdio_ui5_key":"applicationmanageconditionprice-display-component---newCondition--condCurr-arrow"}]}
RESULT: undefined
COMMAND: POST /session/e8ae643ad1a7d9f9ee71b330bca2e34d/element - {"using":"xpath","value":"//*[@id=\"application-manageconditionprice-display-component---newCondition--condCurr-arrow\"]"}
RESULT: {"using":"xpath","value":"//*[@id=\"application-manageconditionprice-display-component---newCondition--condCurr-arrow\"]"}
COMMAND: POST /session/e8ae643ad1a7d9f9ee71b330bca2e34d/element/f.804597995EEA20368E99A2927B0C1762.d.1E7FE38E338A139CC3FD0413C8AB3B9A.e.3714/click - {}
RESULT: {}
COMMAND: POST /session/e8ae643ad1a7d9f9ee71b330bca2e34d/element - {"using":"xpath","value":"//span[contains(text(), \"Euro\")]"}
COMMAND: GET /session/e8ae643ad1a7d9f9ee71b330bca2e34d/screenshot - {}
RESULT: {"using":"xpath","value":"//span[contains(text(), \"Euro\")]"}
COMMAND: POST /session/e8ae643ad1a7d9f9ee71b330bca2e34d/element/f.804597995EEA20368E99A2927B0C1762.d.1E7FE38E338A139CC3FD0413C8AB3B9A.e.3772/click - {}
RESULT: {}
RESULT: {}
COMMAND: POST /session/e8ae643ad1a7d9f9ee71b330bca2e34d/element - {"using":"xpath","value":"//button[@data-kt=\"saveButton\"]"}
COMMAND: GET /session/e8ae643ad1a7d9f9ee71b330bca2e34d/screenshot - {}
RESULT: {"using":"xpath","value":"//button[@data-kt=\"saveButton\"]"}
COMMAND: POST /session/e8ae643ad1a7d9f9ee71b330bca2e34d/element/f.804597995EEA20368E99A2927B0C1762.d.1E7FE38E338A139CC3FD0413C8AB3B9A.e.3715/click - {}
RESULT: {}
RESULT: {}
COMMAND: GET /session/e8ae643ad1a7d9f9ee71b330bca2e34d/screenshot - {}
RESULT: {}
COMMAND: POST /session/e8ae643ad1a7d9f9ee71b330bca2e34d/execute/async - {"script":"<script> [1562 bytes]","args":[{"selector":{"id":"application-manageconditionprice-display-component---conditions--smartFilterBar-btnBasicSearch","interaction":{"idSuffix":"I"}},"wdio_ui5_key":"applicationmanageconditionprice-display-component---conditions--smartFilterBar-btnBasicSearch"}]}
RESULT: {"script":"<script> [1562 bytes]","args":[{"selector":{"id":"application-manageconditionprice-display-component---conditions--smartFilterBar-btnBasicSearch","interaction":{"idSuffix":"I"}},"wdio_ui5_key":"applicationmanageconditionprice-display-component---conditions--smartFilterBar-btnBasicSearch"}]}
RESULT: undefined
COMMAND: POST /session/e8ae643ad1a7d9f9ee71b330bca2e34d/execute/async - {"script":"<script> [776 bytes]","args":[{"enterText":"GpAPvOiNLt","selector":{"id":"application-manageconditionprice-display-component---conditions--smartFilterBar-btnBasicSearch","interaction":{"idSuffix":"I"}},"clearTextFirst":true,"interactionType":"ENTER_TEXT"}]}
RESULT: {"script":"<script> [776 bytes]","args":[{"enterText":"GpAPvOiNLt","selector":{"id":"application-manageconditionprice-display-component---conditions--smartFilterBar-btnBasicSearch","interaction":{"idSuffix":"I"}},"clearTextFirst":true,"interactionType":"ENTER_TEXT"}]}
COMMAND: POST /session/e8ae643ad1a7d9f9ee71b330bca2e34d/actions - {"actions":[{"id":"action14","type":"key","parameters":{},"actions":[{"type":"keyDown","value":""},{"type":"pause","duration":10},{"type":"keyUp","value":""}]}]}
RESULT: {"actions":[{"id":"action14","type":"key","parameters":{},"actions":[{"type":"keyDown","value":""},{"type":"pause","duration":10},{"type":"keyUp","value":""}]}]}
COMMAND: GET /session/e8ae643ad1a7d9f9ee71b330bca2e34d/screenshot - {}
RESULT: {}
COMMAND: POST /session/e8ae643ad1a7d9f9ee71b330bca2e34d/execute/async - {"script":"<script> [1562 bytes]","args":[{"selector":{"id":"application-manageconditionprice-display-component---conditions--smartFilterBar-filterItemControl_BASIC-BILL_TYPES-vhi"},"wdio_ui5_key":"applicationmanageconditionprice-display-component---conditions--smartFilterBar-filterItemControl_BASIC-BILL_TYPES-vhi"}]}
RESULT: {"script":"<script> [1562 bytes]","args":[{"selector":{"id":"application-manageconditionprice-display-component---conditions--smartFilterBar-filterItemControl_BASIC-BILL_TYPES-vhi"},"wdio_ui5_key":"applicationmanageconditionprice-display-component---conditions--smartFilterBar-filterItemControl_BASIC-BILL_TYPES-vhi"}]}
RESULT: undefined
COMMAND: POST /session/e8ae643ad1a7d9f9ee71b330bca2e34d/element - {"using":"xpath","value":"//*[@id=\"application-manageconditionprice-display-component---conditions--smartFilterBar-filterItemControl_BASIC-BILL_TYPES-vhi\"]"}
RESULT: {"using":"xpath","value":"//*[@id=\"application-manageconditionprice-display-component---conditions--smartFilterBar-filterItemControl_BASIC-BILL_TYPES-vhi\"]"}
COMMAND: POST /session/e8ae643ad1a7d9f9ee71b330bca2e34d/element/f.804597995EEA20368E99A2927B0C1762.d.1E7FE38E338A139CC3FD0413C8AB3B9A.e.3878/click - {}
RESULT: {}
COMMAND: POST /session/e8ae643ad1a7d9f9ee71b330bca2e34d/execute/async - {"script":"<script> [1562 bytes]","args":[{"selector":{"id":"application-manageconditionprice-display-component---conditions--smartFilterBar-filterItemControl_BASIC-BILL_TYPES-valueHelpDialog-smartFilterBar-btnBasicSearch","searchOpenDialogs":true,"interaction":{"idSuffix":"I"}},"wdio_ui5_key":"applicationmanageconditionprice-display-component---conditions--smartFilterBar-filterItemControl_BASIC-BILL_TYPES-valueHelpDialog-smartFilterBar-btnBasicSearch"}]}
COMMAND: GET /session/e8ae643ad1a7d9f9ee71b330bca2e34d/screenshot - {}
RESULT: {"script":"<script> [1562 bytes]","args":[{"selector":{"id":"application-manageconditionprice-display-component---conditions--smartFilterBar-filterItemControl_BASIC-BILL_TYPES-valueHelpDialog-smartFilterBar-btnBasicSearch","searchOpenDialogs":true,"interaction":{"idSuffix":"I"}},"wdio_ui5_key":"applicationmanageconditionprice-display-component---conditions--smartFilterBar-filterItemControl_BASIC-BILL_TYPES-valueHelpDialog-smartFilterBar-btnBasicSearch"}]}
RESULT: undefined
COMMAND: POST /session/e8ae643ad1a7d9f9ee71b330bca2e34d/execute/async - {"script":"<script> [776 bytes]","args":[{"enterText":"TB","selector":{"id":"application-manageconditionprice-display-component---conditions--smartFilterBar-filterItemControl_BASIC-BILL_TYPES-valueHelpDialog-smartFilterBar-btnBasicSearch","searchOpenDialogs":true,"interaction":{"idSuffix":"I"}},"clearTextFirst":true,"interactionType":"ENTER_TEXT"}]}
RESULT: {}
RESULT: {"script":"<script> [776 bytes]","args":[{"enterText":"TB","selector":{"id":"application-manageconditionprice-display-component---conditions--smartFilterBar-filterItemControl_BASIC-BILL_TYPES-valueHelpDialog-smartFilterBar-btnBasicSearch","searchOpenDialogs":true,"interaction":{"idSuffix":"I"}},"clearTextFirst":true,"interactionType":"ENTER_TEXT"}]}
COMMAND: POST /session/e8ae643ad1a7d9f9ee71b330bca2e34d/actions - {"actions":[{"id":"action15","type":"key","parameters":{},"actions":[{"type":"keyDown","value":""},{"type":"pause","duration":10},{"type":"keyUp","value":""}]}]}
RESULT: {"actions":[{"id":"action15","type":"key","parameters":{},"actions":[{"type":"keyDown","value":""},{"type":"pause","duration":10},{"type":"keyUp","value":""}]}]}
COMMAND: GET /session/e8ae643ad1a7d9f9ee71b330bca2e34d/screenshot - {}
RESULT: {}
COMMAND: POST /session/e8ae643ad1a7d9f9ee71b330bca2e34d/element - {"using":"xpath","value":"//div[contains(@id, 'application-manageconditionprice-display-component---conditions--smartFilterBar-filterItemControl_BASIC-BILL_TYPES-valueHelpDialog-table-rowsel0')]"}
RESULT: {"using":"xpath","value":"//div[contains(@id, 'application-manageconditionprice-display-component---conditions--smartFilterBar-filterItemControl_BASIC-BILL_TYPES-valueHelpDialog-table-rowsel0')]"}
COMMAND: POST /session/e8ae643ad1a7d9f9ee71b330bca2e34d/element/f.804597995EEA20368E99A2927B0C1762.d.1E7FE38E338A139CC3FD0413C8AB3B9A.e.3886/click - {}
RESULT: {}
COMMAND: GET /session/e8ae643ad1a7d9f9ee71b330bca2e34d/screenshot - {}
RESULT: {}
COMMAND: POST /session/e8ae643ad1a7d9f9ee71b330bca2e34d/element - {"using":"xpath","value":"//bdi[contains(text(), \"OK\")]"}
RESULT: {"using":"xpath","value":"//bdi[contains(text(), \"OK\")]"}
COMMAND: POST /session/e8ae643ad1a7d9f9ee71b330bca2e34d/element/f.804597995EEA20368E99A2927B0C1762.d.1E7FE38E338A139CC3FD0413C8AB3B9A.e.3888/click - {}
RESULT: {}
COMMAND: GET /session/e8ae643ad1a7d9f9ee71b330bca2e34d/screenshot - {}
RESULT: {}
COMMAND: POST /session/e8ae643ad1a7d9f9ee71b330bca2e34d/element - {"using":"xpath","value":"//span[@id=\"application-manageconditionprice-display-component---conditions--smartTable-header-inner\"]"}
RESULT: {"using":"xpath","value":"//span[@id=\"application-manageconditionprice-display-component---conditions--smartTable-header-inner\"]"}
COMMAND: POST /session/e8ae643ad1a7d9f9ee71b330bca2e34d/elements - {"using":"xpath","value":"//span[@id=\"application-manageconditionprice-display-component---conditions--smartTable-header-inner\"]"}
RESULT: {"using":"xpath","value":"//span[@id=\"application-manageconditionprice-display-component---conditions--smartTable-header-inner\"]"}
COMMAND: POST /session/e8ae643ad1a7d9f9ee71b330bca2e34d/execute/sync - {"script":"<script> [56 bytes]","args":[{"element-6066-11e4-a52e-4f735466cecf":"f.804597995EEA20368E99A2927B0C1762.d.1E7FE38E338A139CC3FD0413C8AB3B9A.e.3891","ELEMENT":"f.804597995EEA20368E99A2927B0C1762.d.1E7FE38E338A139CC3FD0413C8AB3B9A.e.3891"}]}
RESULT: {"script":"<script> [56 bytes]","args":[{"element-6066-11e4-a52e-4f735466cecf":"f.804597995EEA20368E99A2927B0C1762.d.1E7FE38E338A139CC3FD0413C8AB3B9A.e.3891","ELEMENT":"f.804597995EEA20368E99A2927B0C1762.d.1E7FE38E338A139CC3FD0413C8AB3B9A.e.3891"}]}
COMMAND: POST /session/e8ae643ad1a7d9f9ee71b330bca2e34d/element - {"using":"css selector","value":"#shell-header-logo"}
COMMAND: GET /session/e8ae643ad1a7d9f9ee71b330bca2e34d/screenshot - {}
RESULT: {"using":"css selector","value":"#shell-header-logo"}
COMMAND: POST /session/e8ae643ad1a7d9f9ee71b330bca2e34d/element/f.804597995EEA20368E99A2927B0C1762.d.1E7FE38E338A139CC3FD0413C8AB3B9A.e.3496/click - {}
RESULT: {}
RESULT: {}
COMMAND: GET /session/e8ae643ad1a7d9f9ee71b330bca2e34d/screenshot - {}
RESULT: {}
]]></system-out>
    </testcase>
    <testcase classname="chrome.135_0_7049_42.windows.Billing_Transfer_-_Master_data_&amp;_Intercompany_US127250" name="Should do a stock increase" time="81.639">
      <system-out><![CDATA[
COMMAND: POST /session/e8ae643ad1a7d9f9ee71b330bca2e34d/execute/async - {"script":"<script> [1562 bytes]","args":[{"selector":{"controlType":"sap.m.Text","viewName":"etm.portal.ui.managehandoverstile.view.Master","properties":{"text":"Manage Handovers"},"interaction":{"idSuffix":"inner"}},"wdio_ui5_key":"etmportal.ui.managehandoverstile.view.Mastersap.m.Text{\"text\":\"Manage Handovers\"}"}]}
RESULT: {"script":"<script> [1562 bytes]","args":[{"selector":{"controlType":"sap.m.Text","viewName":"etm.portal.ui.managehandoverstile.view.Master","properties":{"text":"Manage Handovers"},"interaction":{"idSuffix":"inner"}},"wdio_ui5_key":"etmportal.ui.managehandoverstile.view.Mastersap.m.Text{\"text\":\"Manage Handovers\"}"}]}
RESULT: undefined
COMMAND: POST /session/e8ae643ad1a7d9f9ee71b330bca2e34d/element - {"using":"xpath","value":"//*[@id=\"__tile131-title\"]"}
RESULT: {"using":"xpath","value":"//*[@id=\"__tile131-title\"]"}
COMMAND: POST /session/e8ae643ad1a7d9f9ee71b330bca2e34d/element/f.804597995EEA20368E99A2927B0C1762.d.1E7FE38E338A139CC3FD0413C8AB3B9A.e.3896/click - {}
RESULT: {}
COMMAND: POST /session/e8ae643ad1a7d9f9ee71b330bca2e34d/element - {"using":"xpath","value":"//button[@data-kt=\"masterHOAddButton\"]"}
COMMAND: GET /session/e8ae643ad1a7d9f9ee71b330bca2e34d/screenshot - {}
RESULT: {"using":"xpath","value":"//button[@data-kt=\"masterHOAddButton\"]"}
COMMAND: POST /session/e8ae643ad1a7d9f9ee71b330bca2e34d/elements - {"using":"xpath","value":"//button[@data-kt=\"masterHOAddButton\"]"}
RESULT: {}
RESULT: {"using":"xpath","value":"//button[@data-kt=\"masterHOAddButton\"]"}
COMMAND: POST /session/e8ae643ad1a7d9f9ee71b330bca2e34d/elements - {"using":"xpath","value":"//button[@data-kt=\"masterHOAddButton\"]"}
RESULT: {"using":"xpath","value":"//button[@data-kt=\"masterHOAddButton\"]"}
COMMAND: POST /session/e8ae643ad1a7d9f9ee71b330bca2e34d/elements - {"using":"xpath","value":"//button[@data-kt=\"masterHOAddButton\"]"}
RESULT: {"using":"xpath","value":"//button[@data-kt=\"masterHOAddButton\"]"}
COMMAND: POST /session/e8ae643ad1a7d9f9ee71b330bca2e34d/elements - {"using":"xpath","value":"//button[@data-kt=\"masterHOAddButton\"]"}
RESULT: {"using":"xpath","value":"//button[@data-kt=\"masterHOAddButton\"]"}
COMMAND: POST /session/e8ae643ad1a7d9f9ee71b330bca2e34d/elements - {"using":"xpath","value":"//button[@data-kt=\"masterHOAddButton\"]"}
RESULT: {"using":"xpath","value":"//button[@data-kt=\"masterHOAddButton\"]"}
COMMAND: POST /session/e8ae643ad1a7d9f9ee71b330bca2e34d/elements - {"using":"xpath","value":"//button[@data-kt=\"masterHOAddButton\"]"}
RESULT: {"using":"xpath","value":"//button[@data-kt=\"masterHOAddButton\"]"}
COMMAND: POST /session/e8ae643ad1a7d9f9ee71b330bca2e34d/elements - {"using":"xpath","value":"//button[@data-kt=\"masterHOAddButton\"]"}
RESULT: {"using":"xpath","value":"//button[@data-kt=\"masterHOAddButton\"]"}
COMMAND: POST /session/e8ae643ad1a7d9f9ee71b330bca2e34d/elements - {"using":"xpath","value":"//button[@data-kt=\"masterHOAddButton\"]"}
RESULT: {"using":"xpath","value":"//button[@data-kt=\"masterHOAddButton\"]"}
COMMAND: POST /session/e8ae643ad1a7d9f9ee71b330bca2e34d/elements - {"using":"xpath","value":"//button[@data-kt=\"masterHOAddButton\"]"}
RESULT: {"using":"xpath","value":"//button[@data-kt=\"masterHOAddButton\"]"}
COMMAND: POST /session/e8ae643ad1a7d9f9ee71b330bca2e34d/elements - {"using":"xpath","value":"//button[@data-kt=\"masterHOAddButton\"]"}
RESULT: {"using":"xpath","value":"//button[@data-kt=\"masterHOAddButton\"]"}
COMMAND: POST /session/e8ae643ad1a7d9f9ee71b330bca2e34d/elements - {"using":"xpath","value":"//button[@data-kt=\"masterHOAddButton\"]"}
RESULT: {"using":"xpath","value":"//button[@data-kt=\"masterHOAddButton\"]"}
COMMAND: POST /session/e8ae643ad1a7d9f9ee71b330bca2e34d/elements - {"using":"xpath","value":"//button[@data-kt=\"masterHOAddButton\"]"}
RESULT: {"using":"xpath","value":"//button[@data-kt=\"masterHOAddButton\"]"}
COMMAND: POST /session/e8ae643ad1a7d9f9ee71b330bca2e34d/elements - {"using":"xpath","value":"//button[@data-kt=\"masterHOAddButton\"]"}
RESULT: {"using":"xpath","value":"//button[@data-kt=\"masterHOAddButton\"]"}
COMMAND: POST /session/e8ae643ad1a7d9f9ee71b330bca2e34d/elements - {"using":"xpath","value":"//button[@data-kt=\"masterHOAddButton\"]"}
RESULT: {"using":"xpath","value":"//button[@data-kt=\"masterHOAddButton\"]"}
COMMAND: POST /session/e8ae643ad1a7d9f9ee71b330bca2e34d/elements - {"using":"xpath","value":"//button[@data-kt=\"masterHOAddButton\"]"}
RESULT: {"using":"xpath","value":"//button[@data-kt=\"masterHOAddButton\"]"}
COMMAND: POST /session/e8ae643ad1a7d9f9ee71b330bca2e34d/elements - {"using":"xpath","value":"//button[@data-kt=\"masterHOAddButton\"]"}
RESULT: {"using":"xpath","value":"//button[@data-kt=\"masterHOAddButton\"]"}
COMMAND: POST /session/e8ae643ad1a7d9f9ee71b330bca2e34d/elements - {"using":"xpath","value":"//button[@data-kt=\"masterHOAddButton\"]"}
RESULT: {"using":"xpath","value":"//button[@data-kt=\"masterHOAddButton\"]"}
COMMAND: POST /session/e8ae643ad1a7d9f9ee71b330bca2e34d/elements - {"using":"xpath","value":"//button[@data-kt=\"masterHOAddButton\"]"}
RESULT: {"using":"xpath","value":"//button[@data-kt=\"masterHOAddButton\"]"}
COMMAND: POST /session/e8ae643ad1a7d9f9ee71b330bca2e34d/element - {"using":"xpath","value":"//button[@data-kt=\"masterHOAddButton\"]"}
RESULT: {"using":"xpath","value":"//button[@data-kt=\"masterHOAddButton\"]"}
COMMAND: POST /session/e8ae643ad1a7d9f9ee71b330bca2e34d/execute/sync - {"script":"<script> [8489 bytes]","args":[{"element-6066-11e4-a52e-4f735466cecf":"f.804597995EEA20368E99A2927B0C1762.d.1E7FE38E338A139CC3FD0413C8AB3B9A.e.3923","ELEMENT":"f.804597995EEA20368E99A2927B0C1762.d.1E7FE38E338A139CC3FD0413C8AB3B9A.e.3923"}]}
RESULT: {"script":"<script> [8489 bytes]","args":[{"element-6066-11e4-a52e-4f735466cecf":"f.804597995EEA20368E99A2927B0C1762.d.1E7FE38E338A139CC3FD0413C8AB3B9A.e.3923","ELEMENT":"f.804597995EEA20368E99A2927B0C1762.d.1E7FE38E338A139CC3FD0413C8AB3B9A.e.3923"}]}
COMMAND: GET /session/e8ae643ad1a7d9f9ee71b330bca2e34d/element/f.804597995EEA20368E99A2927B0C1762.d.1E7FE38E338A139CC3FD0413C8AB3B9A.e.3923/enabled - {}
COMMAND: GET /session/e8ae643ad1a7d9f9ee71b330bca2e34d/screenshot - {}
RESULT: {}
COMMAND: POST /session/e8ae643ad1a7d9f9ee71b330bca2e34d/execute/sync - {"script":"<script> [8489 bytes]","args":[{"element-6066-11e4-a52e-4f735466cecf":"f.804597995EEA20368E99A2927B0C1762.d.1E7FE38E338A139CC3FD0413C8AB3B9A.e.3923","ELEMENT":"f.804597995EEA20368E99A2927B0C1762.d.1E7FE38E338A139CC3FD0413C8AB3B9A.e.3923"}]}
COMMAND: GET /session/e8ae643ad1a7d9f9ee71b330bca2e34d/screenshot - {}
RESULT: {}
RESULT: {"script":"<script> [8489 bytes]","args":[{"element-6066-11e4-a52e-4f735466cecf":"f.804597995EEA20368E99A2927B0C1762.d.1E7FE38E338A139CC3FD0413C8AB3B9A.e.3923","ELEMENT":"f.804597995EEA20368E99A2927B0C1762.d.1E7FE38E338A139CC3FD0413C8AB3B9A.e.3923"}]}
COMMAND: POST /session/e8ae643ad1a7d9f9ee71b330bca2e34d/execute/sync - {"script":"<script> [5351 bytes]","args":[{"element-6066-11e4-a52e-4f735466cecf":"f.804597995EEA20368E99A2927B0C1762.d.1E7FE38E338A139CC3FD0413C8AB3B9A.e.3923","ELEMENT":"f.804597995EEA20368E99A2927B0C1762.d.1E7FE38E338A139CC3FD0413C8AB3B9A.e.3923"}]}
COMMAND: GET /session/e8ae643ad1a7d9f9ee71b330bca2e34d/screenshot - {}
RESULT: {}
RESULT: {"script":"<script> [5351 bytes]","args":[{"element-6066-11e4-a52e-4f735466cecf":"f.804597995EEA20368E99A2927B0C1762.d.1E7FE38E338A139CC3FD0413C8AB3B9A.e.3923","ELEMENT":"f.804597995EEA20368E99A2927B0C1762.d.1E7FE38E338A139CC3FD0413C8AB3B9A.e.3923"}]}
COMMAND: POST /session/e8ae643ad1a7d9f9ee71b330bca2e34d/element/f.804597995EEA20368E99A2927B0C1762.d.1E7FE38E338A139CC3FD0413C8AB3B9A.e.3923/click - {}
COMMAND: GET /session/e8ae643ad1a7d9f9ee71b330bca2e34d/screenshot - {}
RESULT: {}
RESULT: {}
COMMAND: GET /session/e8ae643ad1a7d9f9ee71b330bca2e34d/screenshot - {}
RESULT: {}
RESULT: {}
COMMAND: POST /session/e8ae643ad1a7d9f9ee71b330bca2e34d/element - {"using":"xpath","value":"//span[contains(@id ,\"AddNewHO--typeSelect-arrow\")]"}
RESULT: {"using":"xpath","value":"//span[contains(@id ,\"AddNewHO--typeSelect-arrow\")]"}
COMMAND: POST /session/e8ae643ad1a7d9f9ee71b330bca2e34d/element/f.804597995EEA20368E99A2927B0C1762.d.1E7FE38E338A139CC3FD0413C8AB3B9A.e.4294/click - {}
RESULT: {}
COMMAND: GET /session/e8ae643ad1a7d9f9ee71b330bca2e34d/screenshot - {}
RESULT: {}
COMMAND: POST /session/e8ae643ad1a7d9f9ee71b330bca2e34d/element - {"using":"xpath","value":"(//li[contains(text(), \"stock increase yard\")])[1]"}
RESULT: {"using":"xpath","value":"(//li[contains(text(), \"stock increase yard\")])[1]"}
COMMAND: POST /session/e8ae643ad1a7d9f9ee71b330bca2e34d/element/f.804597995EEA20368E99A2927B0C1762.d.1E7FE38E338A139CC3FD0413C8AB3B9A.e.4295/click - {}
RESULT: {}
COMMAND: GET /session/e8ae643ad1a7d9f9ee71b330bca2e34d/screenshot - {}
RESULT: {}
COMMAND: POST /session/e8ae643ad1a7d9f9ee71b330bca2e34d/execute/async - {"script":"<script> [1562 bytes]","args":[{"selector":{"id":"application-managehandovers-display-component---AddNewHO--dueDate","interaction":{"idSuffix":"inner"}},"wdio_ui5_key":"applicationmanagehandovers-display-component---AddNewHO--dueDate"}]}
RESULT: {"script":"<script> [1562 bytes]","args":[{"selector":{"id":"application-managehandovers-display-component---AddNewHO--dueDate","interaction":{"idSuffix":"inner"}},"wdio_ui5_key":"applicationmanagehandovers-display-component---AddNewHO--dueDate"}]}
RESULT: undefined
COMMAND: POST /session/e8ae643ad1a7d9f9ee71b330bca2e34d/execute/async - {"script":"<script> [6424 bytes]","args":[{"element-6066-11e4-a52e-4f735466cecf":"f.804597995EEA20368E99A2927B0C1762.d.1E7FE38E338A139CC3FD0413C8AB3B9A.e.4297"},"setValue",["04/15/2025"]]}
RESULT: {"script":"<script> [6424 bytes]","args":[{"element-6066-11e4-a52e-4f735466cecf":"f.804597995EEA20368E99A2927B0C1762.d.1E7FE38E338A139CC3FD0413C8AB3B9A.e.4297"},"setValue",["04/15/2025"]]}
COMMAND: POST /session/e8ae643ad1a7d9f9ee71b330bca2e34d/element - {"using":"xpath","value":"//input[@id=\"generalSectionFrg--receiveYard-inner\"]"}
RESULT: {"using":"xpath","value":"//input[@id=\"generalSectionFrg--receiveYard-inner\"]"}
COMMAND: POST /session/e8ae643ad1a7d9f9ee71b330bca2e34d/element/f.804597995EEA20368E99A2927B0C1762.d.1E7FE38E338A139CC3FD0413C8AB3B9A.e.4303/clear - {}
RESULT: {}
COMMAND: POST /session/e8ae643ad1a7d9f9ee71b330bca2e34d/element/f.804597995EEA20368E99A2927B0C1762.d.1E7FE38E338A139CC3FD0413C8AB3B9A.e.4303/value - {"text":"370"}
COMMAND: GET /session/e8ae643ad1a7d9f9ee71b330bca2e34d/screenshot - {}
RESULT: {"text":"370"}
COMMAND: GET /session/e8ae643ad1a7d9f9ee71b330bca2e34d/screenshot - {}
RESULT: {}
RESULT: {}
COMMAND: POST /session/e8ae643ad1a7d9f9ee71b330bca2e34d/element - {"using":"xpath","value":"//li[.//span[text()='370']]"}
RESULT: {"using":"xpath","value":"//li[.//span[text()='370']]"}
COMMAND: POST /session/e8ae643ad1a7d9f9ee71b330bca2e34d/element/f.804597995EEA20368E99A2927B0C1762.d.1E7FE38E338A139CC3FD0413C8AB3B9A.e.4318/click - {}
RESULT: {}
COMMAND: GET /session/e8ae643ad1a7d9f9ee71b330bca2e34d/screenshot - {}
RESULT: {}
COMMAND: POST /session/e8ae643ad1a7d9f9ee71b330bca2e34d/execute/async - {"script":"<script> [1562 bytes]","args":[{"selector":{"id":"application-managehandovers-display-component---AddNewHO--ObjectPageLayout-anchBar-application-managehandovers-display-component---AddNewHO--section4-anchor","interaction":{"idSuffix":"BDI-content"}},"wdio_ui5_key":"applicationmanagehandovers-display-component---AddNewHO--ObjectPageLayout-anchBar-application-managehandovers-display-component---AddNewHO--section4-anchor"}]}
RESULT: {"script":"<script> [1562 bytes]","args":[{"selector":{"id":"application-managehandovers-display-component---AddNewHO--ObjectPageLayout-anchBar-application-managehandovers-display-component---AddNewHO--section4-anchor","interaction":{"idSuffix":"BDI-content"}},"wdio_ui5_key":"applicationmanagehandovers-display-component---AddNewHO--ObjectPageLayout-anchBar-application-managehandovers-display-component---AddNewHO--section4-anchor"}]}
RESULT: undefined
COMMAND: POST /session/e8ae643ad1a7d9f9ee71b330bca2e34d/element - {"using":"xpath","value":"//*[@id=\"application-managehandovers-display-component---AddNewHO--ObjectPageLayout-anchBar-application-managehandovers-display-component---AddNewHO--section4-anchor\"]"}
RESULT: {"using":"xpath","value":"//*[@id=\"application-managehandovers-display-component---AddNewHO--ObjectPageLayout-anchBar-application-managehandovers-display-component---AddNewHO--section4-anchor\"]"}
COMMAND: POST /session/e8ae643ad1a7d9f9ee71b330bca2e34d/element/f.804597995EEA20368E99A2927B0C1762.d.1E7FE38E338A139CC3FD0413C8AB3B9A.e.4320/click - {}
RESULT: {}
COMMAND: POST /session/e8ae643ad1a7d9f9ee71b330bca2e34d/element - {"using":"xpath","value":"//button[@aria-label=\"Add\"]"}
COMMAND: GET /session/e8ae643ad1a7d9f9ee71b330bca2e34d/screenshot - {}
RESULT: {"using":"xpath","value":"//button[@aria-label=\"Add\"]"}
COMMAND: POST /session/e8ae643ad1a7d9f9ee71b330bca2e34d/element/f.804597995EEA20368E99A2927B0C1762.d.1E7FE38E338A139CC3FD0413C8AB3B9A.e.4322/click - {}
RESULT: {}
RESULT: {}
COMMAND: GET /session/e8ae643ad1a7d9f9ee71b330bca2e34d/screenshot - {}
RESULT: {}
COMMAND: POST /session/e8ae643ad1a7d9f9ee71b330bca2e34d/execute/async - {"script":"<script> [1562 bytes]","args":[{"selector":{"id":"application-managehandovers-display-component---AddNewHO--smartFilterBar-btnBasicSearch","searchOpenDialogs":true,"interaction":{"idSuffix":"I"}},"wdio_ui5_key":"applicationmanagehandovers-display-component---AddNewHO--smartFilterBar-btnBasicSearch"}]}
RESULT: {"script":"<script> [1562 bytes]","args":[{"selector":{"id":"application-managehandovers-display-component---AddNewHO--smartFilterBar-btnBasicSearch","searchOpenDialogs":true,"interaction":{"idSuffix":"I"}},"wdio_ui5_key":"applicationmanagehandovers-display-component---AddNewHO--smartFilterBar-btnBasicSearch"}]}
RESULT: undefined
COMMAND: POST /session/e8ae643ad1a7d9f9ee71b330bca2e34d/execute/async - {"script":"<script> [776 bytes]","args":[{"enterText":"GpAPvOiNLt","selector":{"id":"application-managehandovers-display-component---AddNewHO--smartFilterBar-btnBasicSearch","searchOpenDialogs":true,"interaction":{"idSuffix":"I"}},"clearTextFirst":true,"interactionType":"ENTER_TEXT"}]}
RESULT: {"script":"<script> [776 bytes]","args":[{"enterText":"GpAPvOiNLt","selector":{"id":"application-managehandovers-display-component---AddNewHO--smartFilterBar-btnBasicSearch","searchOpenDialogs":true,"interaction":{"idSuffix":"I"}},"clearTextFirst":true,"interactionType":"ENTER_TEXT"}]}
COMMAND: POST /session/e8ae643ad1a7d9f9ee71b330bca2e34d/actions - {"actions":[{"id":"action16","type":"key","parameters":{},"actions":[{"type":"keyDown","value":""},{"type":"pause","duration":10},{"type":"keyUp","value":""}]}]}
RESULT: {"actions":[{"id":"action16","type":"key","parameters":{},"actions":[{"type":"keyDown","value":""},{"type":"pause","duration":10},{"type":"keyUp","value":""}]}]}
COMMAND: GET /session/e8ae643ad1a7d9f9ee71b330bca2e34d/screenshot - {}
RESULT: {}
COMMAND: POST /session/e8ae643ad1a7d9f9ee71b330bca2e34d/execute/async - {"script":"<script> [1562 bytes]","args":[{"selector":{"id":"application-managehandovers-display-component---AddNewHO--popup-sa","searchOpenDialogs":true,"interaction":{"idSuffix":"CbBg"}},"wdio_ui5_key":"applicationmanagehandovers-display-component---AddNewHO--popup-sa"}]}
RESULT: {"script":"<script> [1562 bytes]","args":[{"selector":{"id":"application-managehandovers-display-component---AddNewHO--popup-sa","searchOpenDialogs":true,"interaction":{"idSuffix":"CbBg"}},"wdio_ui5_key":"applicationmanagehandovers-display-component---AddNewHO--popup-sa"}]}
RESULT: undefined
COMMAND: POST /session/e8ae643ad1a7d9f9ee71b330bca2e34d/element - {"using":"xpath","value":"//*[@id=\"application-managehandovers-display-component---AddNewHO--popup-sa\"]"}
RESULT: {"using":"xpath","value":"//*[@id=\"application-managehandovers-display-component---AddNewHO--popup-sa\"]"}
COMMAND: POST /session/e8ae643ad1a7d9f9ee71b330bca2e34d/element/f.804597995EEA20368E99A2927B0C1762.d.1E7FE38E338A139CC3FD0413C8AB3B9A.e.4473/click - {}
RESULT: {}
COMMAND: GET /session/e8ae643ad1a7d9f9ee71b330bca2e34d/screenshot - {}
RESULT: {}
COMMAND: POST /session/e8ae643ad1a7d9f9ee71b330bca2e34d/element - {"using":"xpath","value":"//bdi[contains(text(), \"Select\")]"}
RESULT: {"using":"xpath","value":"//bdi[contains(text(), \"Select\")]"}
COMMAND: POST /session/e8ae643ad1a7d9f9ee71b330bca2e34d/element/f.804597995EEA20368E99A2927B0C1762.d.1E7FE38E338A139CC3FD0413C8AB3B9A.e.4474/click - {}
RESULT: {}
COMMAND: GET /session/e8ae643ad1a7d9f9ee71b330bca2e34d/screenshot - {}
RESULT: {}
COMMAND: POST /session/e8ae643ad1a7d9f9ee71b330bca2e34d/element - {"using":"xpath","value":"//button[@data-kt=\"AddNewHOSaveButton\"]"}
RESULT: {"using":"xpath","value":"//button[@data-kt=\"AddNewHOSaveButton\"]"}
COMMAND: POST /session/e8ae643ad1a7d9f9ee71b330bca2e34d/element/f.804597995EEA20368E99A2927B0C1762.d.1E7FE38E338A139CC3FD0413C8AB3B9A.e.4478/click - {}
RESULT: {}
COMMAND: GET /session/e8ae643ad1a7d9f9ee71b330bca2e34d/screenshot - {}
RESULT: {}
COMMAND: POST /session/e8ae643ad1a7d9f9ee71b330bca2e34d/execute/async - {"script":"<script> [1562 bytes]","args":[{"selector":{"id":"receiptDatePicker","viewName":"etm.portal.ui.managehandovers.view.DetailExecuteHO","interaction":{"idSuffix":"inner"}},"wdio_ui5_key":"receiptDatePickeretmportal.ui.managehandovers.view.DetailExecuteHO"}]}
RESULT: {"script":"<script> [1562 bytes]","args":[{"selector":{"id":"receiptDatePicker","viewName":"etm.portal.ui.managehandovers.view.DetailExecuteHO","interaction":{"idSuffix":"inner"}},"wdio_ui5_key":"receiptDatePickeretmportal.ui.managehandovers.view.DetailExecuteHO"}]}
RESULT: undefined
COMMAND: POST /session/e8ae643ad1a7d9f9ee71b330bca2e34d/execute/async - {"script":"<script> [6424 bytes]","args":[{"element-6066-11e4-a52e-4f735466cecf":"f.804597995EEA20368E99A2927B0C1762.d.1E7FE38E338A139CC3FD0413C8AB3B9A.e.4510"},"setValue",["04/15/2025"]]}
RESULT: {"script":"<script> [6424 bytes]","args":[{"element-6066-11e4-a52e-4f735466cecf":"f.804597995EEA20368E99A2927B0C1762.d.1E7FE38E338A139CC3FD0413C8AB3B9A.e.4510"},"setValue",["04/15/2025"]]}
COMMAND: POST /session/e8ae643ad1a7d9f9ee71b330bca2e34d/element - {"using":"xpath","value":"//button[@data-kt=\"PickingTableConfirmAllButton\"]"}
RESULT: {"using":"xpath","value":"//button[@data-kt=\"PickingTableConfirmAllButton\"]"}
COMMAND: POST /session/e8ae643ad1a7d9f9ee71b330bca2e34d/element/f.804597995EEA20368E99A2927B0C1762.d.1E7FE38E338A139CC3FD0413C8AB3B9A.e.4525/click - {}
RESULT: {}
COMMAND: GET /session/e8ae643ad1a7d9f9ee71b330bca2e34d/screenshot - {}
RESULT: {}
COMMAND: POST /session/e8ae643ad1a7d9f9ee71b330bca2e34d/element - {"using":"xpath","value":"//bdi[contains(text(), \"OK\")]"}
RESULT: {"using":"xpath","value":"//bdi[contains(text(), \"OK\")]"}
COMMAND: POST /session/e8ae643ad1a7d9f9ee71b330bca2e34d/element/f.804597995EEA20368E99A2927B0C1762.d.1E7FE38E338A139CC3FD0413C8AB3B9A.e.4527/click - {}
RESULT: {}
COMMAND: GET /session/e8ae643ad1a7d9f9ee71b330bca2e34d/screenshot - {}
RESULT: {}
COMMAND: POST /session/e8ae643ad1a7d9f9ee71b330bca2e34d/element - {"using":"xpath","value":"(//bdi[contains(text(), \"Receive\")])[2]"}
RESULT: {"using":"xpath","value":"(//bdi[contains(text(), \"Receive\")])[2]"}
COMMAND: POST /session/e8ae643ad1a7d9f9ee71b330bca2e34d/element/f.804597995EEA20368E99A2927B0C1762.d.1E7FE38E338A139CC3FD0413C8AB3B9A.e.4529/click - {}
RESULT: {}
COMMAND: GET /session/e8ae643ad1a7d9f9ee71b330bca2e34d/screenshot - {}
RESULT: {}
COMMAND: POST /session/e8ae643ad1a7d9f9ee71b330bca2e34d/element - {"using":"css selector","value":"#shell-header-logo"}
RESULT: {"using":"css selector","value":"#shell-header-logo"}
COMMAND: POST /session/e8ae643ad1a7d9f9ee71b330bca2e34d/element/f.804597995EEA20368E99A2927B0C1762.d.1E7FE38E338A139CC3FD0413C8AB3B9A.e.3899/click - {}
RESULT: {}
COMMAND: GET /session/e8ae643ad1a7d9f9ee71b330bca2e34d/screenshot - {}
RESULT: {}
]]></system-out>
    </testcase>
    <testcase classname="chrome.135_0_7049_42.windows.Billing_Transfer_-_Master_data_&amp;_Intercompany_US127250" name="Should create a new contract" time="48.173">
      <system-out><![CDATA[
COMMAND: POST /session/e8ae643ad1a7d9f9ee71b330bca2e34d/execute/async - {"script":"<script> [1562 bytes]","args":[{"selector":{"controlType":"sap.m.Text","viewName":"etm.portal.ui.managecontractstile.view.Master","properties":{"text":"Manage Contracts"},"interaction":{"idSuffix":"inner"}},"wdio_ui5_key":"etmportal.ui.managecontractstile.view.Mastersap.m.Text{\"text\":\"Manage Contracts\"}"}]}
RESULT: {"script":"<script> [1562 bytes]","args":[{"selector":{"controlType":"sap.m.Text","viewName":"etm.portal.ui.managecontractstile.view.Master","properties":{"text":"Manage Contracts"},"interaction":{"idSuffix":"inner"}},"wdio_ui5_key":"etmportal.ui.managecontractstile.view.Mastersap.m.Text{\"text\":\"Manage Contracts\"}"}]}
RESULT: undefined
COMMAND: POST /session/e8ae643ad1a7d9f9ee71b330bca2e34d/element - {"using":"xpath","value":"//*[@id=\"__tile133-title\"]"}
RESULT: {"using":"xpath","value":"//*[@id=\"__tile133-title\"]"}
COMMAND: POST /session/e8ae643ad1a7d9f9ee71b330bca2e34d/element/f.804597995EEA20368E99A2927B0C1762.d.1E7FE38E338A139CC3FD0413C8AB3B9A.e.4853/click - {}
RESULT: {}
COMMAND: GET /session/e8ae643ad1a7d9f9ee71b330bca2e34d/screenshot - {}
RESULT: {}
COMMAND: POST /session/e8ae643ad1a7d9f9ee71b330bca2e34d/element - {"using":"xpath","value":"//button[@data-kt=\"addButton\"]"}
RESULT: {"using":"xpath","value":"//button[@data-kt=\"addButton\"]"}
COMMAND: POST /session/e8ae643ad1a7d9f9ee71b330bca2e34d/elements - {"using":"xpath","value":"//button[@data-kt=\"addButton\"]"}
RESULT: {"using":"xpath","value":"//button[@data-kt=\"addButton\"]"}
RESULT: undefined
COMMAND: POST /session/e8ae643ad1a7d9f9ee71b330bca2e34d/elements - {"using":"xpath","value":"//button[@data-kt=\"addButton\"]"}
RESULT: undefined
RESULT: {"using":"xpath","value":"//button[@data-kt=\"addButton\"]"}
COMMAND: POST /session/e8ae643ad1a7d9f9ee71b330bca2e34d/element - {"using":"xpath","value":"//button[@data-kt=\"addButton\"]"}
RESULT: {"using":"xpath","value":"//button[@data-kt=\"addButton\"]"}
COMMAND: POST /session/e8ae643ad1a7d9f9ee71b330bca2e34d/execute/sync - {"script":"<script> [8489 bytes]","args":[{"element-6066-11e4-a52e-4f735466cecf":"f.804597995EEA20368E99A2927B0C1762.d.1E7FE38E338A139CC3FD0413C8AB3B9A.e.4900","ELEMENT":"f.804597995EEA20368E99A2927B0C1762.d.1E7FE38E338A139CC3FD0413C8AB3B9A.e.4900"}]}
RESULT: {"script":"<script> [8489 bytes]","args":[{"element-6066-11e4-a52e-4f735466cecf":"f.804597995EEA20368E99A2927B0C1762.d.1E7FE38E338A139CC3FD0413C8AB3B9A.e.4900","ELEMENT":"f.804597995EEA20368E99A2927B0C1762.d.1E7FE38E338A139CC3FD0413C8AB3B9A.e.4900"}]}
COMMAND: GET /session/e8ae643ad1a7d9f9ee71b330bca2e34d/element/f.804597995EEA20368E99A2927B0C1762.d.1E7FE38E338A139CC3FD0413C8AB3B9A.e.4900/enabled - {}
COMMAND: GET /session/e8ae643ad1a7d9f9ee71b330bca2e34d/screenshot - {}
RESULT: {}
COMMAND: POST /session/e8ae643ad1a7d9f9ee71b330bca2e34d/execute/sync - {"script":"<script> [8489 bytes]","args":[{"element-6066-11e4-a52e-4f735466cecf":"f.804597995EEA20368E99A2927B0C1762.d.1E7FE38E338A139CC3FD0413C8AB3B9A.e.4900","ELEMENT":"f.804597995EEA20368E99A2927B0C1762.d.1E7FE38E338A139CC3FD0413C8AB3B9A.e.4900"}]}
COMMAND: GET /session/e8ae643ad1a7d9f9ee71b330bca2e34d/screenshot - {}
RESULT: {}
RESULT: {"script":"<script> [8489 bytes]","args":[{"element-6066-11e4-a52e-4f735466cecf":"f.804597995EEA20368E99A2927B0C1762.d.1E7FE38E338A139CC3FD0413C8AB3B9A.e.4900","ELEMENT":"f.804597995EEA20368E99A2927B0C1762.d.1E7FE38E338A139CC3FD0413C8AB3B9A.e.4900"}]}
COMMAND: POST /session/e8ae643ad1a7d9f9ee71b330bca2e34d/execute/sync - {"script":"<script> [5351 bytes]","args":[{"element-6066-11e4-a52e-4f735466cecf":"f.804597995EEA20368E99A2927B0C1762.d.1E7FE38E338A139CC3FD0413C8AB3B9A.e.4900","ELEMENT":"f.804597995EEA20368E99A2927B0C1762.d.1E7FE38E338A139CC3FD0413C8AB3B9A.e.4900"}]}
COMMAND: GET /session/e8ae643ad1a7d9f9ee71b330bca2e34d/screenshot - {}
RESULT: {}
RESULT: {"script":"<script> [5351 bytes]","args":[{"element-6066-11e4-a52e-4f735466cecf":"f.804597995EEA20368E99A2927B0C1762.d.1E7FE38E338A139CC3FD0413C8AB3B9A.e.4900","ELEMENT":"f.804597995EEA20368E99A2927B0C1762.d.1E7FE38E338A139CC3FD0413C8AB3B9A.e.4900"}]}
COMMAND: GET /session/e8ae643ad1a7d9f9ee71b330bca2e34d/screenshot - {}
RESULT: {}
RESULT: {}
COMMAND: POST /session/e8ae643ad1a7d9f9ee71b330bca2e34d/element/f.804597995EEA20368E99A2927B0C1762.d.1E7FE38E338A139CC3FD0413C8AB3B9A.e.4900/click - {}
RESULT: {}
COMMAND: GET /session/e8ae643ad1a7d9f9ee71b330bca2e34d/screenshot - {}
RESULT: {}
COMMAND: POST /session/e8ae643ad1a7d9f9ee71b330bca2e34d/execute/async - {"script":"<script> [1562 bytes]","args":[{"selector":{"id":"application-managecontracts-display-component---AddNewContract--projectDescription","interaction":{"idSuffix":"inner"}},"wdio_ui5_key":"applicationmanagecontracts-display-component---AddNewContract--projectDescription"}]}
RESULT: {"script":"<script> [1562 bytes]","args":[{"selector":{"id":"application-managecontracts-display-component---AddNewContract--projectDescription","interaction":{"idSuffix":"inner"}},"wdio_ui5_key":"applicationmanagecontracts-display-component---AddNewContract--projectDescription"}]}
RESULT: undefined
COMMAND: POST /session/e8ae643ad1a7d9f9ee71b330bca2e34d/execute/async - {"script":"<script> [776 bytes]","args":[{"enterText":"Intercompany Contract WDIO","selector":{"id":"application-managecontracts-display-component---AddNewContract--projectDescription","interaction":{"idSuffix":"inner"}},"clearTextFirst":true,"interactionType":"ENTER_TEXT"}]}
RESULT: {"script":"<script> [776 bytes]","args":[{"enterText":"Intercompany Contract WDIO","selector":{"id":"application-managecontracts-display-component---AddNewContract--projectDescription","interaction":{"idSuffix":"inner"}},"clearTextFirst":true,"interactionType":"ENTER_TEXT"}]}
COMMAND: POST /session/e8ae643ad1a7d9f9ee71b330bca2e34d/element - {"using":"xpath","value":"//input[@id=\"application-managecontracts-display-component---AddNewContract--site-inner\"]"}
RESULT: {"using":"xpath","value":"//input[@id=\"application-managecontracts-display-component---AddNewContract--site-inner\"]"}
COMMAND: POST /session/e8ae643ad1a7d9f9ee71b330bca2e34d/element/f.804597995EEA20368E99A2927B0C1762.d.1E7FE38E338A139CC3FD0413C8AB3B9A.e.5231/clear - {}
RESULT: {}
COMMAND: POST /session/e8ae643ad1a7d9f9ee71b330bca2e34d/element/f.804597995EEA20368E99A2927B0C1762.d.1E7FE38E338A139CC3FD0413C8AB3B9A.e.5231/value - {"text":"2209"}
COMMAND: GET /session/e8ae643ad1a7d9f9ee71b330bca2e34d/screenshot - {}
RESULT: {"text":"2209"}
COMMAND: GET /session/e8ae643ad1a7d9f9ee71b330bca2e34d/screenshot - {}
RESULT: {}
RESULT: {}
COMMAND: POST /session/e8ae643ad1a7d9f9ee71b330bca2e34d/element - {"using":"xpath","value":"//li[.//span[text()='2209']]"}
RESULT: {"using":"xpath","value":"//li[.//span[text()='2209']]"}
COMMAND: POST /session/e8ae643ad1a7d9f9ee71b330bca2e34d/element/f.804597995EEA20368E99A2927B0C1762.d.1E7FE38E338A139CC3FD0413C8AB3B9A.e.5261/click - {}
RESULT: {}
COMMAND: GET /session/e8ae643ad1a7d9f9ee71b330bca2e34d/screenshot - {}
RESULT: {}
COMMAND: POST /session/e8ae643ad1a7d9f9ee71b330bca2e34d/element - {"using":"xpath","value":"//input[@id=\"application-managecontracts-display-component---AddNewContract--yardId-inner\"]"}
RESULT: {"using":"xpath","value":"//input[@id=\"application-managecontracts-display-component---AddNewContract--yardId-inner\"]"}
COMMAND: GET /session/e8ae643ad1a7d9f9ee71b330bca2e34d/element/f.804597995EEA20368E99A2927B0C1762.d.1E7FE38E338A139CC3FD0413C8AB3B9A.e.5232/property/value - {}
RESULT: {}
COMMAND: POST /session/e8ae643ad1a7d9f9ee71b330bca2e34d/element - {"using":"xpath","value":"//input[@id=\"application-managecontracts-display-component---AddNewContract--customerSelect-inner\"]"}
COMMAND: GET /session/e8ae643ad1a7d9f9ee71b330bca2e34d/screenshot - {}
RESULT: {"using":"xpath","value":"//input[@id=\"application-managecontracts-display-component---AddNewContract--customerSelect-inner\"]"}
COMMAND: POST /session/e8ae643ad1a7d9f9ee71b330bca2e34d/element/f.804597995EEA20368E99A2927B0C1762.d.1E7FE38E338A139CC3FD0413C8AB3B9A.e.5230/clear - {}
RESULT: {}
RESULT: {}
COMMAND: POST /session/e8ae643ad1a7d9f9ee71b330bca2e34d/element/f.804597995EEA20368E99A2927B0C1762.d.1E7FE38E338A139CC3FD0413C8AB3B9A.e.5230/value - {"text":"1235"}
COMMAND: GET /session/e8ae643ad1a7d9f9ee71b330bca2e34d/screenshot - {}
RESULT: {"text":"1235"}
COMMAND: GET /session/e8ae643ad1a7d9f9ee71b330bca2e34d/screenshot - {}
RESULT: {}
RESULT: {}
COMMAND: POST /session/e8ae643ad1a7d9f9ee71b330bca2e34d/element - {"using":"xpath","value":"//li[.//span[text()='1235']]"}
RESULT: {"using":"xpath","value":"//li[.//span[text()='1235']]"}
COMMAND: POST /session/e8ae643ad1a7d9f9ee71b330bca2e34d/element/f.804597995EEA20368E99A2927B0C1762.d.1E7FE38E338A139CC3FD0413C8AB3B9A.e.5264/click - {}
RESULT: {}
COMMAND: GET /session/e8ae643ad1a7d9f9ee71b330bca2e34d/screenshot - {}
RESULT: {}
COMMAND: POST /session/e8ae643ad1a7d9f9ee71b330bca2e34d/element - {"using":"xpath","value":"//button[@data-kt=\"saveButton\"]"}
RESULT: {"using":"xpath","value":"//button[@data-kt=\"saveButton\"]"}
COMMAND: POST /session/e8ae643ad1a7d9f9ee71b330bca2e34d/element/f.804597995EEA20368E99A2927B0C1762.d.1E7FE38E338A139CC3FD0413C8AB3B9A.e.5254/click - {}
RESULT: {}
COMMAND: GET /session/e8ae643ad1a7d9f9ee71b330bca2e34d/screenshot - {}
RESULT: {}
COMMAND: POST /session/e8ae643ad1a7d9f9ee71b330bca2e34d/element - {"using":"xpath","value":"//span[contains(@id ,\"contractDetailTitleNoExpanded\")]"}
RESULT: {"using":"xpath","value":"//span[contains(@id ,\"contractDetailTitleNoExpanded\")]"}
COMMAND: POST /session/e8ae643ad1a7d9f9ee71b330bca2e34d/elements - {"using":"xpath","value":"//span[contains(@id ,\"contractDetailTitleNoExpanded\")]"}
RESULT: {"using":"xpath","value":"//span[contains(@id ,\"contractDetailTitleNoExpanded\")]"}
COMMAND: POST /session/e8ae643ad1a7d9f9ee71b330bca2e34d/execute/sync - {"script":"<script> [56 bytes]","args":[{"element-6066-11e4-a52e-4f735466cecf":"f.804597995EEA20368E99A2927B0C1762.d.1E7FE38E338A139CC3FD0413C8AB3B9A.e.5336","ELEMENT":"f.804597995EEA20368E99A2927B0C1762.d.1E7FE38E338A139CC3FD0413C8AB3B9A.e.5336"}]}
RESULT: {"script":"<script> [56 bytes]","args":[{"element-6066-11e4-a52e-4f735466cecf":"f.804597995EEA20368E99A2927B0C1762.d.1E7FE38E338A139CC3FD0413C8AB3B9A.e.5336","ELEMENT":"f.804597995EEA20368E99A2927B0C1762.d.1E7FE38E338A139CC3FD0413C8AB3B9A.e.5336"}]}
COMMAND: GET /session/e8ae643ad1a7d9f9ee71b330bca2e34d/screenshot - {}
RESULT: {}
]]></system-out>
    </testcase>
    <testcase classname="chrome.135_0_7049_42.windows.Billing_Transfer_-_Master_data_&amp;_Intercompany_US127250" name="Should add equipment to the contract" time="41.509">
      <system-out><![CDATA[
COMMAND: POST /session/e8ae643ad1a7d9f9ee71b330bca2e34d/element - {"using":"xpath","value":"//button[@data-kt=\"contractDetailEditBtnButton\"]"}
RESULT: {"using":"xpath","value":"//button[@data-kt=\"contractDetailEditBtnButton\"]"}
COMMAND: POST /session/e8ae643ad1a7d9f9ee71b330bca2e34d/element/f.804597995EEA20368E99A2927B0C1762.d.1E7FE38E338A139CC3FD0413C8AB3B9A.e.5338/click - {}
RESULT: {}
COMMAND: GET /session/e8ae643ad1a7d9f9ee71b330bca2e34d/screenshot - {}
RESULT: {}
COMMAND: POST /session/e8ae643ad1a7d9f9ee71b330bca2e34d/element - {"using":"xpath","value":"(//span[contains(text(), \"Additional Addresses\")])[2]"}
RESULT: {"using":"xpath","value":"(//span[contains(text(), \"Additional Addresses\")])[2]"}
COMMAND: POST /session/e8ae643ad1a7d9f9ee71b330bca2e34d/element/f.804597995EEA20368E99A2927B0C1762.d.1E7FE38E338A139CC3FD0413C8AB3B9A.e.5394/click - {}
RESULT: {}
COMMAND: GET /session/e8ae643ad1a7d9f9ee71b330bca2e34d/screenshot - {}
RESULT: {}
COMMAND: POST /session/e8ae643ad1a7d9f9ee71b330bca2e34d/element - {"using":"xpath","value":"//button[@data-kt=\"btnAddTableRowOverflowToolbarButton\"]"}
RESULT: {"using":"xpath","value":"//button[@data-kt=\"btnAddTableRowOverflowToolbarButton\"]"}
COMMAND: POST /session/e8ae643ad1a7d9f9ee71b330bca2e34d/element/f.804597995EEA20368E99A2927B0C1762.d.1E7FE38E338A139CC3FD0413C8AB3B9A.e.5396/click - {}
RESULT: {}
COMMAND: GET /session/e8ae643ad1a7d9f9ee71b330bca2e34d/screenshot - {}
RESULT: {}
COMMAND: POST /session/e8ae643ad1a7d9f9ee71b330bca2e34d/element - {"using":"xpath","value":"//div[(text() = 'Standard Entry' or . = 'Standard Entry')]"}
RESULT: {"using":"xpath","value":"//div[(text() = 'Standard Entry' or . = 'Standard Entry')]"}
COMMAND: POST /session/e8ae643ad1a7d9f9ee71b330bca2e34d/element/f.804597995EEA20368E99A2927B0C1762.d.1E7FE38E338A139CC3FD0413C8AB3B9A.e.5398/click - {}
RESULT: {}
COMMAND: GET /session/e8ae643ad1a7d9f9ee71b330bca2e34d/screenshot - {}
RESULT: {}
COMMAND: POST /session/e8ae643ad1a7d9f9ee71b330bca2e34d/element - {"using":"xpath","value":"//td[7]/div/div/input"}
RESULT: {"using":"xpath","value":"//td[7]/div/div/input"}
COMMAND: POST /session/e8ae643ad1a7d9f9ee71b330bca2e34d/element/f.804597995EEA20368E99A2927B0C1762.d.1E7FE38E338A139CC3FD0413C8AB3B9A.e.5407/clear - {}
RESULT: {}
COMMAND: POST /session/e8ae643ad1a7d9f9ee71b330bca2e34d/element/f.804597995EEA20368E99A2927B0C1762.d.1E7FE38E338A139CC3FD0413C8AB3B9A.e.5407/value - {"text":"GpAPvOiNLt"}
COMMAND: GET /session/e8ae643ad1a7d9f9ee71b330bca2e34d/screenshot - {}
RESULT: {"text":"GpAPvOiNLt"}
COMMAND: GET /session/e8ae643ad1a7d9f9ee71b330bca2e34d/screenshot - {}
RESULT: {}
RESULT: {}
COMMAND: POST /session/e8ae643ad1a7d9f9ee71b330bca2e34d/actions - {"actions":[{"id":"action17","type":"key","parameters":{},"actions":[{"type":"keyDown","value":""},{"type":"pause","duration":10},{"type":"keyUp","value":""}]}]}
RESULT: {"actions":[{"id":"action17","type":"key","parameters":{},"actions":[{"type":"keyDown","value":""},{"type":"pause","duration":10},{"type":"keyUp","value":""}]}]}
COMMAND: GET /session/e8ae643ad1a7d9f9ee71b330bca2e34d/screenshot - {}
RESULT: {}
COMMAND: POST /session/e8ae643ad1a7d9f9ee71b330bca2e34d/element - {"using":"xpath","value":"(//button[@data-kt=\"saveButton\"])[2]"}
RESULT: {"using":"xpath","value":"(//button[@data-kt=\"saveButton\"])[2]"}
COMMAND: POST /session/e8ae643ad1a7d9f9ee71b330bca2e34d/element/f.804597995EEA20368E99A2927B0C1762.d.1E7FE38E338A139CC3FD0413C8AB3B9A.e.5422/click - {}
RESULT: {}
COMMAND: GET /session/e8ae643ad1a7d9f9ee71b330bca2e34d/screenshot - {}
RESULT: {}
COMMAND: POST /session/e8ae643ad1a7d9f9ee71b330bca2e34d/element - {"using":"xpath","value":"//span[contains(@id ,\"contractItemsSmartTable-header-inner\")]"}
RESULT: {"using":"xpath","value":"//span[contains(@id ,\"contractItemsSmartTable-header-inner\")]"}
COMMAND: POST /session/e8ae643ad1a7d9f9ee71b330bca2e34d/elements - {"using":"xpath","value":"//span[contains(@id ,\"contractItemsSmartTable-header-inner\")]"}
RESULT: {"using":"xpath","value":"//span[contains(@id ,\"contractItemsSmartTable-header-inner\")]"}
COMMAND: POST /session/e8ae643ad1a7d9f9ee71b330bca2e34d/execute/sync - {"script":"<script> [56 bytes]","args":[{"element-6066-11e4-a52e-4f735466cecf":"f.804597995EEA20368E99A2927B0C1762.d.1E7FE38E338A139CC3FD0413C8AB3B9A.e.5428","ELEMENT":"f.804597995EEA20368E99A2927B0C1762.d.1E7FE38E338A139CC3FD0413C8AB3B9A.e.5428"}]}
RESULT: {"script":"<script> [56 bytes]","args":[{"element-6066-11e4-a52e-4f735466cecf":"f.804597995EEA20368E99A2927B0C1762.d.1E7FE38E338A139CC3FD0413C8AB3B9A.e.5428","ELEMENT":"f.804597995EEA20368E99A2927B0C1762.d.1E7FE38E338A139CC3FD0413C8AB3B9A.e.5428"}]}
COMMAND: GET /session/e8ae643ad1a7d9f9ee71b330bca2e34d/screenshot - {}
]]></system-out>
    </testcase>
    <testcase classname="chrome.135_0_7049_42.windows.Billing_Transfer_-_Master_data_&amp;_Intercompany_US127250" name="Should do a provide to site handover" time="53.502">
      <system-out><![CDATA[
COMMAND: POST /session/e8ae643ad1a7d9f9ee71b330bca2e34d/element - {"using":"xpath","value":"//button[@data-kt=\"provideButton\"]"}
RESULT: {}
RESULT: {"using":"xpath","value":"//button[@data-kt=\"provideButton\"]"}
COMMAND: POST /session/e8ae643ad1a7d9f9ee71b330bca2e34d/element/f.804597995EEA20368E99A2927B0C1762.d.1E7FE38E338A139CC3FD0413C8AB3B9A.e.5429/click - {}
RESULT: {}
COMMAND: GET /session/e8ae643ad1a7d9f9ee71b330bca2e34d/screenshot - {}
RESULT: {}
RESULT: undefined
COMMAND: POST /session/e8ae643ad1a7d9f9ee71b330bca2e34d/execute/async - {"script":"<script> [6424 bytes]","args":[{"element-6066-11e4-a52e-4f735466cecf":"f.804597995EEA20368E99A2927B0C1762.d.1E7FE38E338A139CC3FD0413C8AB3B9A.e.4297"},"setValue",["04/15/2025"]]}
COMMAND: POST /session/e8ae643ad1a7d9f9ee71b330bca2e34d/execute/async - {"script":"<script> [1562 bytes]","args":[{"selector":{"id":"application-managehandovers-display-component---AddNewHO--dueDate","interaction":{"idSuffix":"inner"}},"wdio_ui5_key":"applicationmanagehandovers-display-component---AddNewHO--dueDate"}]}
RESULT: {"script":"<script> [1562 bytes]","args":[{"selector":{"id":"application-managehandovers-display-component---AddNewHO--dueDate","interaction":{"idSuffix":"inner"}},"wdio_ui5_key":"applicationmanagehandovers-display-component---AddNewHO--dueDate"}]}
COMMAND: POST /session/e8ae643ad1a7d9f9ee71b330bca2e34d/execute/async - {"script":"<script> [6424 bytes]","args":[{"element-6066-11e4-a52e-4f735466cecf":"f.804597995EEA20368E99A2927B0C1762.d.1E7FE38E338A139CC3FD0413C8AB3B9A.e.5515"},"setValue",["04/15/2025"]]}
RESULT: {"script":"<script> [6424 bytes]","args":[{"element-6066-11e4-a52e-4f735466cecf":"f.804597995EEA20368E99A2927B0C1762.d.1E7FE38E338A139CC3FD0413C8AB3B9A.e.5515"},"setValue",["04/15/2025"]]}
COMMAND: POST /session/e8ae643ad1a7d9f9ee71b330bca2e34d/element - {"using":"xpath","value":"//bdi[contains(text(), \"Instructions\")]"}
RESULT: {"using":"xpath","value":"//bdi[contains(text(), \"Instructions\")]"}
COMMAND: POST /session/e8ae643ad1a7d9f9ee71b330bca2e34d/element/f.804597995EEA20368E99A2927B0C1762.d.1E7FE38E338A139CC3FD0413C8AB3B9A.e.5600/click - {}
RESULT: {}
COMMAND: GET /session/e8ae643ad1a7d9f9ee71b330bca2e34d/screenshot - {}
RESULT: {}
COMMAND: POST /session/e8ae643ad1a7d9f9ee71b330bca2e34d/element - {"using":"xpath","value":"//button[@data-kt=\"AddNewHOProvideAddItemsButton\"]"}
RESULT: {"using":"xpath","value":"//button[@data-kt=\"AddNewHOProvideAddItemsButton\"]"}
COMMAND: POST /session/e8ae643ad1a7d9f9ee71b330bca2e34d/element/f.804597995EEA20368E99A2927B0C1762.d.1E7FE38E338A139CC3FD0413C8AB3B9A.e.5604/click - {}
RESULT: {}
COMMAND: GET /session/e8ae643ad1a7d9f9ee71b330bca2e34d/screenshot - {}
RESULT: {}
RESULT: undefined
COMMAND: POST /session/e8ae643ad1a7d9f9ee71b330bca2e34d/element - {"using":"xpath","value":"//*[@id=\"application-managehandovers-display-component---AddNewHO--popup-sa\"]"}
RESULT: {"using":"xpath","value":"//*[@id=\"application-managehandovers-display-component---AddNewHO--popup-sa\"]"}
COMMAND: POST /session/e8ae643ad1a7d9f9ee71b330bca2e34d/element/f.804597995EEA20368E99A2927B0C1762.d.1E7FE38E338A139CC3FD0413C8AB3B9A.e.5613/click - {}
RESULT: {}
COMMAND: GET /session/e8ae643ad1a7d9f9ee71b330bca2e34d/screenshot - {}
RESULT: {}
COMMAND: POST /session/e8ae643ad1a7d9f9ee71b330bca2e34d/element - {"using":"xpath","value":"//*[contains(@id ,\"BDI-content\")][contains(text(), \"Select\")]"}
RESULT: {"using":"xpath","value":"//*[contains(@id ,\"BDI-content\")][contains(text(), \"Select\")]"}
COMMAND: POST /session/e8ae643ad1a7d9f9ee71b330bca2e34d/element/f.804597995EEA20368E99A2927B0C1762.d.1E7FE38E338A139CC3FD0413C8AB3B9A.e.5615/click - {}
RESULT: {}
COMMAND: GET /session/e8ae643ad1a7d9f9ee71b330bca2e34d/screenshot - {}
RESULT: {}
COMMAND: POST /session/e8ae643ad1a7d9f9ee71b330bca2e34d/execute/async - {"script":"<script> [1562 bytes]","args":[{"selector":{"id":"application-managehandovers-display-component---AddNewHO--confirmCreationButton","interaction":{"idSuffix":"BDI-content"}},"wdio_ui5_key":"applicationmanagehandovers-display-component---AddNewHO--confirmCreationButton"}]}
RESULT: {"script":"<script> [1562 bytes]","args":[{"selector":{"id":"application-managehandovers-display-component---AddNewHO--confirmCreationButton","interaction":{"idSuffix":"BDI-content"}},"wdio_ui5_key":"applicationmanagehandovers-display-component---AddNewHO--confirmCreationButton"}]}
RESULT: undefined
COMMAND: POST /session/e8ae643ad1a7d9f9ee71b330bca2e34d/element - {"using":"xpath","value":"//*[@id=\"application-managehandovers-display-component---AddNewHO--confirmCreationButton\"]"}
RESULT: {"using":"xpath","value":"//*[@id=\"application-managehandovers-display-component---AddNewHO--confirmCreationButton\"]"}
COMMAND: POST /session/e8ae643ad1a7d9f9ee71b330bca2e34d/element/f.804597995EEA20368E99A2927B0C1762.d.1E7FE38E338A139CC3FD0413C8AB3B9A.e.5561/click - {}
RESULT: {}
COMMAND: GET /session/e8ae643ad1a7d9f9ee71b330bca2e34d/screenshot - {}
RESULT: {}
COMMAND: POST /session/e8ae643ad1a7d9f9ee71b330bca2e34d/element - {"using":"xpath","value":"//button[@data-kt=\"PickingTableConfirmAllButton\"]"}
RESULT: {"using":"xpath","value":"//button[@data-kt=\"PickingTableConfirmAllButton\"]"}
COMMAND: POST /session/e8ae643ad1a7d9f9ee71b330bca2e34d/element/f.804597995EEA20368E99A2927B0C1762.d.1E7FE38E338A139CC3FD0413C8AB3B9A.e.5652/click - {}
COMMAND: POST /session/e8ae643ad1a7d9f9ee71b330bca2e34d/element - {"using":"xpath","value":"//button[@data-kt=\"PickingTableConfirmAllButton\"]"}
RESULT: {"using":"xpath","value":"//button[@data-kt=\"PickingTableConfirmAllButton\"]"}
COMMAND: POST /session/e8ae643ad1a7d9f9ee71b330bca2e34d/element/f.804597995EEA20368E99A2927B0C1762.d.1E7FE38E338A139CC3FD0413C8AB3B9A.e.5652/click - {}
COMMAND: POST /session/e8ae643ad1a7d9f9ee71b330bca2e34d/element - {"using":"xpath","value":"//button[@data-kt=\"PickingTableConfirmAllButton\"]"}
RESULT: {"using":"xpath","value":"//button[@data-kt=\"PickingTableConfirmAllButton\"]"}
COMMAND: POST /session/e8ae643ad1a7d9f9ee71b330bca2e34d/element/f.804597995EEA20368E99A2927B0C1762.d.1E7FE38E338A139CC3FD0413C8AB3B9A.e.5674/click - {}
RESULT: {}
COMMAND: GET /session/e8ae643ad1a7d9f9ee71b330bca2e34d/screenshot - {}
RESULT: {}
COMMAND: POST /session/e8ae643ad1a7d9f9ee71b330bca2e34d/element - {"using":"xpath","value":"//bdi[contains(text(), \"OK\")]"}
RESULT: {"using":"xpath","value":"//bdi[contains(text(), \"OK\")]"}
COMMAND: POST /session/e8ae643ad1a7d9f9ee71b330bca2e34d/element/f.804597995EEA20368E99A2927B0C1762.d.1E7FE38E338A139CC3FD0413C8AB3B9A.e.5678/click - {}
RESULT: {}
COMMAND: GET /session/e8ae643ad1a7d9f9ee71b330bca2e34d/screenshot - {}
RESULT: {}
COMMAND: POST /session/e8ae643ad1a7d9f9ee71b330bca2e34d/element - {"using":"xpath","value":"//bdi[contains(text(), \"Issue\")]"}
RESULT: {"using":"xpath","value":"//bdi[contains(text(), \"Issue\")]"}
COMMAND: POST /session/e8ae643ad1a7d9f9ee71b330bca2e34d/element/f.804597995EEA20368E99A2927B0C1762.d.1E7FE38E338A139CC3FD0413C8AB3B9A.e.5680/click - {}
RESULT: {}
COMMAND: GET /session/e8ae643ad1a7d9f9ee71b330bca2e34d/screenshot - {}
RESULT: {}
COMMAND: POST /session/e8ae643ad1a7d9f9ee71b330bca2e34d/element - {"using":"css selector","value":"#shell-header-logo"}
RESULT: {"using":"css selector","value":"#shell-header-logo"}
COMMAND: POST /session/e8ae643ad1a7d9f9ee71b330bca2e34d/element/f.804597995EEA20368E99A2927B0C1762.d.1E7FE38E338A139CC3FD0413C8AB3B9A.e.4855/click - {}
RESULT: {}
COMMAND: GET /session/e8ae643ad1a7d9f9ee71b330bca2e34d/screenshot - {}
RESULT: {}
]]></system-out>
    </testcase>
    <testcase classname="chrome.135_0_7049_42.windows.Billing_Transfer_-_Master_data_&amp;_Intercompany_US127250" name="Should go navigate to Manage Billings and trigger contract calculation check result" time="59.403">
      <system-out><![CDATA[
COMMAND: POST /session/e8ae643ad1a7d9f9ee71b330bca2e34d/execute/async - {"script":"<script> [1562 bytes]","args":[{"selector":{"controlType":"sap.m.GenericTile","properties":{"header":"Manage Billings"}},"wdio_ui5_key":"sapm.GenericTile{\"header\":\"Manage Billings\"}"}]}
RESULT: {"script":"<script> [1562 bytes]","args":[{"selector":{"controlType":"sap.m.GenericTile","properties":{"header":"Manage Billings"}},"wdio_ui5_key":"sapm.GenericTile{\"header\":\"Manage Billings\"}"}]}
RESULT: undefined
COMMAND: POST /session/e8ae643ad1a7d9f9ee71b330bca2e34d/element - {"using":"xpath","value":"//*[@id=\"__tile51\"]"}
RESULT: {"using":"xpath","value":"//*[@id=\"__tile51\"]"}
COMMAND: POST /session/e8ae643ad1a7d9f9ee71b330bca2e34d/element/f.804597995EEA20368E99A2927B0C1762.d.1E7FE38E338A139CC3FD0413C8AB3B9A.e.199/click - {}
RESULT: {}
COMMAND: GET /session/e8ae643ad1a7d9f9ee71b330bca2e34d/screenshot - {}
RESULT: {}
COMMAND: POST /session/e8ae643ad1a7d9f9ee71b330bca2e34d/execute/async - {"script":"<script> [1562 bytes]","args":[{"selector":{"id":"application-managebillings-display-component---billRunCalcResult--smartFilterBar-btnBasicSearch","interaction":{"idSuffix":"I"}},"wdio_ui5_key":"applicationmanagebillings-display-component---billRunCalcResult--smartFilterBar-btnBasicSearch"}]}
RESULT: {"script":"<script> [1562 bytes]","args":[{"selector":{"id":"application-managebillings-display-component---billRunCalcResult--smartFilterBar-btnBasicSearch","interaction":{"idSuffix":"I"}},"wdio_ui5_key":"applicationmanagebillings-display-component---billRunCalcResult--smartFilterBar-btnBasicSearch"}]}
RESULT: undefined
COMMAND: POST /session/e8ae643ad1a7d9f9ee71b330bca2e34d/execute/async - {"script":"<script> [776 bytes]","args":[{"enterText":"10300","selector":{"id":"application-managebillings-display-component---billRunCalcResult--smartFilterBar-btnBasicSearch","interaction":{"idSuffix":"I"}},"clearTextFirst":true,"interactionType":"ENTER_TEXT"}]}
RESULT: {"script":"<script> [776 bytes]","args":[{"enterText":"10300","selector":{"id":"application-managebillings-display-component---billRunCalcResult--smartFilterBar-btnBasicSearch","interaction":{"idSuffix":"I"}},"clearTextFirst":true,"interactionType":"ENTER_TEXT"}]}
COMMAND: POST /session/e8ae643ad1a7d9f9ee71b330bca2e34d/actions - {"actions":[{"id":"action18","type":"key","parameters":{},"actions":[{"type":"keyDown","value":""},{"type":"pause","duration":10},{"type":"keyUp","value":""}]}]}
RESULT: {"actions":[{"id":"action18","type":"key","parameters":{},"actions":[{"type":"keyDown","value":""},{"type":"pause","duration":10},{"type":"keyUp","value":""}]}]}
COMMAND: GET /session/e8ae643ad1a7d9f9ee71b330bca2e34d/screenshot - {}
RESULT: {}
COMMAND: POST /session/e8ae643ad1a7d9f9ee71b330bca2e34d/element - {"using":"xpath","value":"//td[@aria-colindex=\"1\"]/div/div[contains(@class, \"sapMCbBg\")]"}
RESULT: {"using":"xpath","value":"//td[@aria-colindex=\"1\"]/div/div[contains(@class, \"sapMCbBg\")]"}
COMMAND: POST /session/e8ae643ad1a7d9f9ee71b330bca2e34d/element/f.804597995EEA20368E99A2927B0C1762.d.1E7FE38E338A139CC3FD0413C8AB3B9A.e.5939/click - {}
RESULT: {}
COMMAND: GET /session/e8ae643ad1a7d9f9ee71b330bca2e34d/screenshot - {}
RESULT: {}
COMMAND: POST /session/e8ae643ad1a7d9f9ee71b330bca2e34d/execute/async - {"script":"<script> [1562 bytes]","args":[{"selector":{"id":"application-managebillings-display-component---billRunCalcResult--contractBillRunDate","interaction":{"idSuffix":"inner"}},"wdio_ui5_key":"applicationmanagebillings-display-component---billRunCalcResult--contractBillRunDate"}]}
RESULT: {"script":"<script> [1562 bytes]","args":[{"selector":{"id":"application-managebillings-display-component---billRunCalcResult--contractBillRunDate","interaction":{"idSuffix":"inner"}},"wdio_ui5_key":"applicationmanagebillings-display-component---billRunCalcResult--contractBillRunDate"}]}
RESULT: undefined
COMMAND: POST /session/e8ae643ad1a7d9f9ee71b330bca2e34d/execute/async - {"script":"<script> [776 bytes]","args":[{"enterText":"05/15/25","selector":{"id":"application-managebillings-display-component---billRunCalcResult--contractBillRunDate","interaction":{"idSuffix":"inner"}},"clearTextFirst":true,"interactionType":"ENTER_TEXT"}]}
RESULT: {"script":"<script> [776 bytes]","args":[{"enterText":"05/15/25","selector":{"id":"application-managebillings-display-component---billRunCalcResult--contractBillRunDate","interaction":{"idSuffix":"inner"}},"clearTextFirst":true,"interactionType":"ENTER_TEXT"}]}
COMMAND: POST /session/e8ae643ad1a7d9f9ee71b330bca2e34d/element - {"using":"xpath","value":"//bdi[contains(text(), \"Trigger Calculation\")]"}
RESULT: {"using":"xpath","value":"//bdi[contains(text(), \"Trigger Calculation\")]"}
COMMAND: POST /session/e8ae643ad1a7d9f9ee71b330bca2e34d/element/f.804597995EEA20368E99A2927B0C1762.d.1E7FE38E338A139CC3FD0413C8AB3B9A.e.6188/click - {}
RESULT: {}
COMMAND: GET /session/e8ae643ad1a7d9f9ee71b330bca2e34d/screenshot - {}
RESULT: {}
COMMAND: POST /session/e8ae643ad1a7d9f9ee71b330bca2e34d/element - {"using":"xpath","value":"(//span[contains(@id, \"imgNav\")])[1]"}
RESULT: {"using":"xpath","value":"(//span[contains(@id, \"imgNav\")])[1]"}
COMMAND: POST /session/e8ae643ad1a7d9f9ee71b330bca2e34d/element/f.804597995EEA20368E99A2927B0C1762.d.1E7FE38E338A139CC3FD0413C8AB3B9A.e.5940/click - {}
RESULT: {}
COMMAND: GET /session/e8ae643ad1a7d9f9ee71b330bca2e34d/screenshot - {}
RESULT: {}
COMMAND: POST /session/e8ae643ad1a7d9f9ee71b330bca2e34d/element - {"using":"xpath","value":"//tr/td[6]/div[1]/span[1]/span[1]"}
RESULT: {"using":"xpath","value":"//tr/td[6]/div[1]/span[1]/span[1]"}
COMMAND: GET /session/e8ae643ad1a7d9f9ee71b330bca2e34d/element/f.804597995EEA20368E99A2927B0C1762.d.1E7FE38E338A139CC3FD0413C8AB3B9A.e.6192/text - {}
RESULT: {}
COMMAND: POST /session/e8ae643ad1a7d9f9ee71b330bca2e34d/element - {"using":"xpath","value":"(//span[contains(@id, \"imgNav\")])[2]"}
RESULT: {"using":"xpath","value":"(//span[contains(@id, \"imgNav\")])[2]"}
COMMAND: POST /session/e8ae643ad1a7d9f9ee71b330bca2e34d/element/f.804597995EEA20368E99A2927B0C1762.d.1E7FE38E338A139CC3FD0413C8AB3B9A.e.6193/click - {}
RESULT: {}
COMMAND: POST /session/e8ae643ad1a7d9f9ee71b330bca2e34d/element - {"using":"xpath","value":"//bdi[contains(text(), \"Business Confirm\")]"}
COMMAND: GET /session/e8ae643ad1a7d9f9ee71b330bca2e34d/screenshot - {}
RESULT: {"using":"xpath","value":"//bdi[contains(text(), \"Business Confirm\")]"}
COMMAND: POST /session/e8ae643ad1a7d9f9ee71b330bca2e34d/elements - {"using":"xpath","value":"//bdi[contains(text(), \"Business Confirm\")]"}
RESULT: {}
RESULT: {"using":"xpath","value":"//bdi[contains(text(), \"Business Confirm\")]"}
COMMAND: POST /session/e8ae643ad1a7d9f9ee71b330bca2e34d/elements - {"using":"xpath","value":"//bdi[contains(text(), \"Business Confirm\")]"}
RESULT: {"using":"xpath","value":"//bdi[contains(text(), \"Business Confirm\")]"}
COMMAND: POST /session/e8ae643ad1a7d9f9ee71b330bca2e34d/elements - {"using":"xpath","value":"//bdi[contains(text(), \"Business Confirm\")]"}
RESULT: {"using":"xpath","value":"//bdi[contains(text(), \"Business Confirm\")]"}
COMMAND: POST /session/e8ae643ad1a7d9f9ee71b330bca2e34d/elements - {"using":"xpath","value":"//bdi[contains(text(), \"Business Confirm\")]"}
RESULT: {"using":"xpath","value":"//bdi[contains(text(), \"Business Confirm\")]"}
COMMAND: POST /session/e8ae643ad1a7d9f9ee71b330bca2e34d/element - {"using":"xpath","value":"//bdi[contains(text(), \"Business Confirm\")]"}
RESULT: {"using":"xpath","value":"//bdi[contains(text(), \"Business Confirm\")]"}
COMMAND: POST /session/e8ae643ad1a7d9f9ee71b330bca2e34d/element/f.804597995EEA20368E99A2927B0C1762.d.1E7FE38E338A139CC3FD0413C8AB3B9A.e.6238/click - {}
RESULT: {}
COMMAND: POST /session/e8ae643ad1a7d9f9ee71b330bca2e34d/element - {"using":"css selector","value":"#shell-header-logo"}
COMMAND: GET /session/e8ae643ad1a7d9f9ee71b330bca2e34d/screenshot - {}
RESULT: {"using":"css selector","value":"#shell-header-logo"}
COMMAND: POST /session/e8ae643ad1a7d9f9ee71b330bca2e34d/element/f.804597995EEA20368E99A2927B0C1762.d.1E7FE38E338A139CC3FD0413C8AB3B9A.e.5860/click - {}
RESULT: {}
RESULT: {}
COMMAND: GET /session/e8ae643ad1a7d9f9ee71b330bca2e34d/screenshot - {}
RESULT: {}
]]></system-out>
    </testcase>
    <testcase classname="chrome.135_0_7049_42.windows.Billing_Transfer_-_Master_data_&amp;_Intercompany_US127250" name="Should do Billing Transfer all the way into invoice open for intercompany case" time="92.094">
      <system-out><![CDATA[
COMMAND: POST /session/e8ae643ad1a7d9f9ee71b330bca2e34d/execute/async - {"script":"<script> [1562 bytes]","args":[{"selector":{"controlType":"sap.m.GenericTile","properties":{"header":"Billing Transfer"}},"wdio_ui5_key":"sapm.GenericTile{\"header\":\"Billing Transfer\"}"}]}
RESULT: {"script":"<script> [1562 bytes]","args":[{"selector":{"controlType":"sap.m.GenericTile","properties":{"header":"Billing Transfer"}},"wdio_ui5_key":"sapm.GenericTile{\"header\":\"Billing Transfer\"}"}]}
RESULT: undefined
COMMAND: POST /session/e8ae643ad1a7d9f9ee71b330bca2e34d/element - {"using":"xpath","value":"//*[@id=\"__tile50\"]"}
RESULT: {"using":"xpath","value":"//*[@id=\"__tile50\"]"}
COMMAND: POST /session/e8ae643ad1a7d9f9ee71b330bca2e34d/element/f.804597995EEA20368E99A2927B0C1762.d.1E7FE38E338A139CC3FD0413C8AB3B9A.e.197/click - {}
RESULT: {}
COMMAND: POST /session/e8ae643ad1a7d9f9ee71b330bca2e34d/element - {"using":"xpath","value":"//input[contains(@id ,\"application-billingtransfer-display-component---billingWorkbench--smartFilterBar-btnBasicSearch\")]"}
COMMAND: GET /session/e8ae643ad1a7d9f9ee71b330bca2e34d/screenshot - {}
RESULT: {"using":"xpath","value":"//input[contains(@id ,\"application-billingtransfer-display-component---billingWorkbench--smartFilterBar-btnBasicSearch\")]"}
COMMAND: POST /session/e8ae643ad1a7d9f9ee71b330bca2e34d/elements - {"using":"xpath","value":"//input[contains(@id ,\"application-billingtransfer-display-component---billingWorkbench--smartFilterBar-btnBasicSearch\")]"}
RESULT: {}
RESULT: {"using":"xpath","value":"//input[contains(@id ,\"application-billingtransfer-display-component---billingWorkbench--smartFilterBar-btnBasicSearch\")]"}
COMMAND: POST /session/e8ae643ad1a7d9f9ee71b330bca2e34d/elements - {"using":"xpath","value":"//input[contains(@id ,\"application-billingtransfer-display-component---billingWorkbench--smartFilterBar-btnBasicSearch\")]"}
RESULT: {"using":"xpath","value":"//input[contains(@id ,\"application-billingtransfer-display-component---billingWorkbench--smartFilterBar-btnBasicSearch\")]"}
COMMAND: POST /session/e8ae643ad1a7d9f9ee71b330bca2e34d/elements - {"using":"xpath","value":"//input[contains(@id ,\"application-billingtransfer-display-component---billingWorkbench--smartFilterBar-btnBasicSearch\")]"}
RESULT: {"using":"xpath","value":"//input[contains(@id ,\"application-billingtransfer-display-component---billingWorkbench--smartFilterBar-btnBasicSearch\")]"}
COMMAND: POST /session/e8ae643ad1a7d9f9ee71b330bca2e34d/elements - {"using":"xpath","value":"//input[contains(@id ,\"application-billingtransfer-display-component---billingWorkbench--smartFilterBar-btnBasicSearch\")]"}
RESULT: {"using":"xpath","value":"//input[contains(@id ,\"application-billingtransfer-display-component---billingWorkbench--smartFilterBar-btnBasicSearch\")]"}
COMMAND: POST /session/e8ae643ad1a7d9f9ee71b330bca2e34d/element - {"using":"xpath","value":"//input[contains(@id ,\"application-billingtransfer-display-component---billingWorkbench--smartFilterBar-btnBasicSearch\")]"}
RESULT: {"using":"xpath","value":"//input[contains(@id ,\"application-billingtransfer-display-component---billingWorkbench--smartFilterBar-btnBasicSearch\")]"}
COMMAND: POST /session/e8ae643ad1a7d9f9ee71b330bca2e34d/execute/sync - {"script":"<script> [8489 bytes]","args":[{"element-6066-11e4-a52e-4f735466cecf":"f.804597995EEA20368E99A2927B0C1762.d.1E7FE38E338A139CC3FD0413C8AB3B9A.e.6267","ELEMENT":"f.804597995EEA20368E99A2927B0C1762.d.1E7FE38E338A139CC3FD0413C8AB3B9A.e.6267"}]}
RESULT: {"script":"<script> [8489 bytes]","args":[{"element-6066-11e4-a52e-4f735466cecf":"f.804597995EEA20368E99A2927B0C1762.d.1E7FE38E338A139CC3FD0413C8AB3B9A.e.6267","ELEMENT":"f.804597995EEA20368E99A2927B0C1762.d.1E7FE38E338A139CC3FD0413C8AB3B9A.e.6267"}]}
COMMAND: GET /session/e8ae643ad1a7d9f9ee71b330bca2e34d/element/f.804597995EEA20368E99A2927B0C1762.d.1E7FE38E338A139CC3FD0413C8AB3B9A.e.6267/enabled - {}
COMMAND: GET /session/e8ae643ad1a7d9f9ee71b330bca2e34d/screenshot - {}
RESULT: {}
COMMAND: POST /session/e8ae643ad1a7d9f9ee71b330bca2e34d/element/f.804597995EEA20368E99A2927B0C1762.d.1E7FE38E338A139CC3FD0413C8AB3B9A.e.6267/click - {}
COMMAND: GET /session/e8ae643ad1a7d9f9ee71b330bca2e34d/screenshot - {}
RESULT: {}
RESULT: {}
COMMAND: GET /session/e8ae643ad1a7d9f9ee71b330bca2e34d/screenshot - {}
RESULT: {}
RESULT: {}
COMMAND: POST /session/e8ae643ad1a7d9f9ee71b330bca2e34d/element/f.804597995EEA20368E99A2927B0C1762.d.1E7FE38E338A139CC3FD0413C8AB3B9A.e.6267/clear - {}
RESULT: {}
COMMAND: POST /session/e8ae643ad1a7d9f9ee71b330bca2e34d/element/f.804597995EEA20368E99A2927B0C1762.d.1E7FE38E338A139CC3FD0413C8AB3B9A.e.6267/value - {"text":"10300"}
COMMAND: GET /session/e8ae643ad1a7d9f9ee71b330bca2e34d/screenshot - {}
RESULT: {"text":"10300"}
COMMAND: POST /session/e8ae643ad1a7d9f9ee71b330bca2e34d/actions - {"actions":[{"id":"action19","type":"key","parameters":{},"actions":[{"type":"keyDown","value":""},{"type":"pause","duration":10},{"type":"keyUp","value":""}]}]}
COMMAND: GET /session/e8ae643ad1a7d9f9ee71b330bca2e34d/screenshot - {}
RESULT: {}
RESULT: {"actions":[{"id":"action19","type":"key","parameters":{},"actions":[{"type":"keyDown","value":""},{"type":"pause","duration":10},{"type":"keyUp","value":""}]}]}
COMMAND: GET /session/e8ae643ad1a7d9f9ee71b330bca2e34d/screenshot - {}
RESULT: {}
RESULT: {}
COMMAND: POST /session/e8ae643ad1a7d9f9ee71b330bca2e34d/element - {"using":"xpath","value":"//span[contains(@id ,\"application-billingtransfer-display-component---billingWorkbench--smartTableBillingRuns-header-inner\")]"}
RESULT: {"using":"xpath","value":"//span[contains(@id ,\"application-billingtransfer-display-component---billingWorkbench--smartTableBillingRuns-header-inner\")]"}
COMMAND: POST /session/e8ae643ad1a7d9f9ee71b330bca2e34d/elements - {"using":"xpath","value":"//span[contains(@id ,\"application-billingtransfer-display-component---billingWorkbench--smartTableBillingRuns-header-inner\")]"}
RESULT: {"using":"xpath","value":"//span[contains(@id ,\"application-billingtransfer-display-component---billingWorkbench--smartTableBillingRuns-header-inner\")]"}
COMMAND: POST /session/e8ae643ad1a7d9f9ee71b330bca2e34d/execute/sync - {"script":"<script> [56 bytes]","args":[{"element-6066-11e4-a52e-4f735466cecf":"f.804597995EEA20368E99A2927B0C1762.d.1E7FE38E338A139CC3FD0413C8AB3B9A.e.6401","ELEMENT":"f.804597995EEA20368E99A2927B0C1762.d.1E7FE38E338A139CC3FD0413C8AB3B9A.e.6401"}]}
RESULT: {"script":"<script> [56 bytes]","args":[{"element-6066-11e4-a52e-4f735466cecf":"f.804597995EEA20368E99A2927B0C1762.d.1E7FE38E338A139CC3FD0413C8AB3B9A.e.6401","ELEMENT":"f.804597995EEA20368E99A2927B0C1762.d.1E7FE38E338A139CC3FD0413C8AB3B9A.e.6401"}]}
COMMAND: POST /session/e8ae643ad1a7d9f9ee71b330bca2e34d/element - {"using":"xpath","value":"//td[@aria-colindex=\"1\"]/div/div[contains(@class, \"sapMCbBg\")]"}
COMMAND: GET /session/e8ae643ad1a7d9f9ee71b330bca2e34d/screenshot - {}
RESULT: {"using":"xpath","value":"//td[@aria-colindex=\"1\"]/div/div[contains(@class, \"sapMCbBg\")]"}
COMMAND: POST /session/e8ae643ad1a7d9f9ee71b330bca2e34d/element/f.804597995EEA20368E99A2927B0C1762.d.1E7FE38E338A139CC3FD0413C8AB3B9A.e.6395/click - {}
RESULT: {}
RESULT: {}
COMMAND: GET /session/e8ae643ad1a7d9f9ee71b330bca2e34d/screenshot - {}
RESULT: {}
COMMAND: POST /session/e8ae643ad1a7d9f9ee71b330bca2e34d/element - {"using":"xpath","value":"//bdi[contains(text(), \"Check\")]"}
RESULT: {"using":"xpath","value":"//bdi[contains(text(), \"Check\")]"}
COMMAND: POST /session/e8ae643ad1a7d9f9ee71b330bca2e34d/element/f.804597995EEA20368E99A2927B0C1762.d.1E7FE38E338A139CC3FD0413C8AB3B9A.e.6403/click - {}
RESULT: {}
COMMAND: GET /session/e8ae643ad1a7d9f9ee71b330bca2e34d/screenshot - {}
RESULT: {}
COMMAND: POST /session/e8ae643ad1a7d9f9ee71b330bca2e34d/element - {"using":"xpath","value":"//bdi[contains(text(), \"OK\")]"}
RESULT: {"using":"xpath","value":"//bdi[contains(text(), \"OK\")]"}
COMMAND: POST /session/e8ae643ad1a7d9f9ee71b330bca2e34d/element/f.804597995EEA20368E99A2927B0C1762.d.1E7FE38E338A139CC3FD0413C8AB3B9A.e.6406/click - {}
RESULT: {}
COMMAND: GET /session/e8ae643ad1a7d9f9ee71b330bca2e34d/screenshot - {}
RESULT: {}
COMMAND: POST /session/e8ae643ad1a7d9f9ee71b330bca2e34d/element - {"using":"xpath","value":"(//span[contains(text(), \"CO/SD checked\")]/parent::div/preceding-sibling::div/span)[1]"}
RESULT: {"using":"xpath","value":"(//span[contains(text(), \"CO/SD checked\")]/parent::div/preceding-sibling::div/span)[1]"}
COMMAND: POST /session/e8ae643ad1a7d9f9ee71b330bca2e34d/element/f.804597995EEA20368E99A2927B0C1762.d.1E7FE38E338A139CC3FD0413C8AB3B9A.e.6415/click - {}
RESULT: {}
COMMAND: GET /session/e8ae643ad1a7d9f9ee71b330bca2e34d/screenshot - {}
RESULT: {}
COMMAND: POST /session/e8ae643ad1a7d9f9ee71b330bca2e34d/element - {"using":"xpath","value":"//input[contains(@id ,\"application-billingtransfer-display-component---billingWorkbench--smartFilterBar-btnBasicSearch\")]"}
RESULT: {"using":"xpath","value":"//input[contains(@id ,\"application-billingtransfer-display-component---billingWorkbench--smartFilterBar-btnBasicSearch\")]"}
COMMAND: POST /session/e8ae643ad1a7d9f9ee71b330bca2e34d/elements - {"using":"xpath","value":"//input[contains(@id ,\"application-billingtransfer-display-component---billingWorkbench--smartFilterBar-btnBasicSearch\")]"}
RESULT: {"using":"xpath","value":"//input[contains(@id ,\"application-billingtransfer-display-component---billingWorkbench--smartFilterBar-btnBasicSearch\")]"}
COMMAND: POST /session/e8ae643ad1a7d9f9ee71b330bca2e34d/execute/sync - {"script":"<script> [8489 bytes]","args":[{"element-6066-11e4-a52e-4f735466cecf":"f.804597995EEA20368E99A2927B0C1762.d.1E7FE38E338A139CC3FD0413C8AB3B9A.e.6267","ELEMENT":"f.804597995EEA20368E99A2927B0C1762.d.1E7FE38E338A139CC3FD0413C8AB3B9A.e.6267"}]}
RESULT: {"script":"<script> [8489 bytes]","args":[{"element-6066-11e4-a52e-4f735466cecf":"f.804597995EEA20368E99A2927B0C1762.d.1E7FE38E338A139CC3FD0413C8AB3B9A.e.6267","ELEMENT":"f.804597995EEA20368E99A2927B0C1762.d.1E7FE38E338A139CC3FD0413C8AB3B9A.e.6267"}]}
COMMAND: GET /session/e8ae643ad1a7d9f9ee71b330bca2e34d/element/f.804597995EEA20368E99A2927B0C1762.d.1E7FE38E338A139CC3FD0413C8AB3B9A.e.6267/enabled - {}
COMMAND: GET /session/e8ae643ad1a7d9f9ee71b330bca2e34d/screenshot - {}
RESULT: {}
COMMAND: POST /session/e8ae643ad1a7d9f9ee71b330bca2e34d/element/f.804597995EEA20368E99A2927B0C1762.d.1E7FE38E338A139CC3FD0413C8AB3B9A.e.6267/click - {}
COMMAND: GET /session/e8ae643ad1a7d9f9ee71b330bca2e34d/screenshot - {}
RESULT: {}
RESULT: {}
COMMAND: GET /session/e8ae643ad1a7d9f9ee71b330bca2e34d/screenshot - {}
RESULT: {}
RESULT: {}
COMMAND: POST /session/e8ae643ad1a7d9f9ee71b330bca2e34d/element/f.804597995EEA20368E99A2927B0C1762.d.1E7FE38E338A139CC3FD0413C8AB3B9A.e.6267/clear - {}
RESULT: {}
COMMAND: POST /session/e8ae643ad1a7d9f9ee71b330bca2e34d/element/f.804597995EEA20368E99A2927B0C1762.d.1E7FE38E338A139CC3FD0413C8AB3B9A.e.6267/value - {"text":"10300"}
COMMAND: GET /session/e8ae643ad1a7d9f9ee71b330bca2e34d/screenshot - {}
RESULT: {"text":"10300"}
COMMAND: POST /session/e8ae643ad1a7d9f9ee71b330bca2e34d/actions - {"actions":[{"id":"action20","type":"key","parameters":{},"actions":[{"type":"keyDown","value":""},{"type":"pause","duration":10},{"type":"keyUp","value":""}]}]}
COMMAND: GET /session/e8ae643ad1a7d9f9ee71b330bca2e34d/screenshot - {}
RESULT: {}
RESULT: {"actions":[{"id":"action20","type":"key","parameters":{},"actions":[{"type":"keyDown","value":""},{"type":"pause","duration":10},{"type":"keyUp","value":""}]}]}
COMMAND: GET /session/e8ae643ad1a7d9f9ee71b330bca2e34d/screenshot - {}
RESULT: {}
RESULT: {}
COMMAND: POST /session/e8ae643ad1a7d9f9ee71b330bca2e34d/element - {"using":"xpath","value":"//span[contains(@id ,\"application-billingtransfer-display-component---billingWorkbench--smartTableBillingRuns-header-inner\")]"}
RESULT: {"using":"xpath","value":"//span[contains(@id ,\"application-billingtransfer-display-component---billingWorkbench--smartTableBillingRuns-header-inner\")]"}
COMMAND: POST /session/e8ae643ad1a7d9f9ee71b330bca2e34d/elements - {"using":"xpath","value":"//span[contains(@id ,\"application-billingtransfer-display-component---billingWorkbench--smartTableBillingRuns-header-inner\")]"}
RESULT: {"using":"xpath","value":"//span[contains(@id ,\"application-billingtransfer-display-component---billingWorkbench--smartTableBillingRuns-header-inner\")]"}
COMMAND: POST /session/e8ae643ad1a7d9f9ee71b330bca2e34d/execute/sync - {"script":"<script> [56 bytes]","args":[{"element-6066-11e4-a52e-4f735466cecf":"f.804597995EEA20368E99A2927B0C1762.d.1E7FE38E338A139CC3FD0413C8AB3B9A.e.6401","ELEMENT":"f.804597995EEA20368E99A2927B0C1762.d.1E7FE38E338A139CC3FD0413C8AB3B9A.e.6401"}]}
RESULT: {"script":"<script> [56 bytes]","args":[{"element-6066-11e4-a52e-4f735466cecf":"f.804597995EEA20368E99A2927B0C1762.d.1E7FE38E338A139CC3FD0413C8AB3B9A.e.6401","ELEMENT":"f.804597995EEA20368E99A2927B0C1762.d.1E7FE38E338A139CC3FD0413C8AB3B9A.e.6401"}]}
COMMAND: GET /session/e8ae643ad1a7d9f9ee71b330bca2e34d/screenshot - {}
RESULT: {}
COMMAND: POST /session/e8ae643ad1a7d9f9ee71b330bca2e34d/execute/sync - {"script":"<script> [56 bytes]","args":[{"element-6066-11e4-a52e-4f735466cecf":"f.804597995EEA20368E99A2927B0C1762.d.1E7FE38E338A139CC3FD0413C8AB3B9A.e.6401","ELEMENT":"f.804597995EEA20368E99A2927B0C1762.d.1E7FE38E338A139CC3FD0413C8AB3B9A.e.6401"}]}
RESULT: {"script":"<script> [56 bytes]","args":[{"element-6066-11e4-a52e-4f735466cecf":"f.804597995EEA20368E99A2927B0C1762.d.1E7FE38E338A139CC3FD0413C8AB3B9A.e.6401","ELEMENT":"f.804597995EEA20368E99A2927B0C1762.d.1E7FE38E338A139CC3FD0413C8AB3B9A.e.6401"}]}
COMMAND: GET /session/e8ae643ad1a7d9f9ee71b330bca2e34d/screenshot - {}
RESULT: {}
COMMAND: POST /session/e8ae643ad1a7d9f9ee71b330bca2e34d/execute/sync - {"script":"<script> [56 bytes]","args":[{"element-6066-11e4-a52e-4f735466cecf":"f.804597995EEA20368E99A2927B0C1762.d.1E7FE38E338A139CC3FD0413C8AB3B9A.e.6401","ELEMENT":"f.804597995EEA20368E99A2927B0C1762.d.1E7FE38E338A139CC3FD0413C8AB3B9A.e.6401"}]}
RESULT: {"script":"<script> [56 bytes]","args":[{"element-6066-11e4-a52e-4f735466cecf":"f.804597995EEA20368E99A2927B0C1762.d.1E7FE38E338A139CC3FD0413C8AB3B9A.e.6401","ELEMENT":"f.804597995EEA20368E99A2927B0C1762.d.1E7FE38E338A139CC3FD0413C8AB3B9A.e.6401"}]}
COMMAND: GET /session/e8ae643ad1a7d9f9ee71b330bca2e34d/screenshot - {}
RESULT: {}
COMMAND: POST /session/e8ae643ad1a7d9f9ee71b330bca2e34d/execute/sync - {"script":"<script> [56 bytes]","args":[{"element-6066-11e4-a52e-4f735466cecf":"f.804597995EEA20368E99A2927B0C1762.d.1E7FE38E338A139CC3FD0413C8AB3B9A.e.6401","ELEMENT":"f.804597995EEA20368E99A2927B0C1762.d.1E7FE38E338A139CC3FD0413C8AB3B9A.e.6401"}]}
RESULT: {"script":"<script> [56 bytes]","args":[{"element-6066-11e4-a52e-4f735466cecf":"f.804597995EEA20368E99A2927B0C1762.d.1E7FE38E338A139CC3FD0413C8AB3B9A.e.6401","ELEMENT":"f.804597995EEA20368E99A2927B0C1762.d.1E7FE38E338A139CC3FD0413C8AB3B9A.e.6401"}]}
COMMAND: GET /session/e8ae643ad1a7d9f9ee71b330bca2e34d/screenshot - {}
RESULT: {}
COMMAND: POST /session/e8ae643ad1a7d9f9ee71b330bca2e34d/execute/sync - {"script":"<script> [56 bytes]","args":[{"element-6066-11e4-a52e-4f735466cecf":"f.804597995EEA20368E99A2927B0C1762.d.1E7FE38E338A139CC3FD0413C8AB3B9A.e.6401","ELEMENT":"f.804597995EEA20368E99A2927B0C1762.d.1E7FE38E338A139CC3FD0413C8AB3B9A.e.6401"}]}
RESULT: {"script":"<script> [56 bytes]","args":[{"element-6066-11e4-a52e-4f735466cecf":"f.804597995EEA20368E99A2927B0C1762.d.1E7FE38E338A139CC3FD0413C8AB3B9A.e.6401","ELEMENT":"f.804597995EEA20368E99A2927B0C1762.d.1E7FE38E338A139CC3FD0413C8AB3B9A.e.6401"}]}
COMMAND: GET /session/e8ae643ad1a7d9f9ee71b330bca2e34d/screenshot - {}
RESULT: {}
COMMAND: POST /session/e8ae643ad1a7d9f9ee71b330bca2e34d/execute/sync - {"script":"<script> [56 bytes]","args":[{"element-6066-11e4-a52e-4f735466cecf":"f.804597995EEA20368E99A2927B0C1762.d.1E7FE38E338A139CC3FD0413C8AB3B9A.e.6401","ELEMENT":"f.804597995EEA20368E99A2927B0C1762.d.1E7FE38E338A139CC3FD0413C8AB3B9A.e.6401"}]}
RESULT: {"script":"<script> [56 bytes]","args":[{"element-6066-11e4-a52e-4f735466cecf":"f.804597995EEA20368E99A2927B0C1762.d.1E7FE38E338A139CC3FD0413C8AB3B9A.e.6401","ELEMENT":"f.804597995EEA20368E99A2927B0C1762.d.1E7FE38E338A139CC3FD0413C8AB3B9A.e.6401"}]}
COMMAND: GET /session/e8ae643ad1a7d9f9ee71b330bca2e34d/screenshot - {}
RESULT: {}
COMMAND: POST /session/e8ae643ad1a7d9f9ee71b330bca2e34d/execute/sync - {"script":"<script> [56 bytes]","args":[{"element-6066-11e4-a52e-4f735466cecf":"f.804597995EEA20368E99A2927B0C1762.d.1E7FE38E338A139CC3FD0413C8AB3B9A.e.6401","ELEMENT":"f.804597995EEA20368E99A2927B0C1762.d.1E7FE38E338A139CC3FD0413C8AB3B9A.e.6401"}]}
RESULT: {"script":"<script> [56 bytes]","args":[{"element-6066-11e4-a52e-4f735466cecf":"f.804597995EEA20368E99A2927B0C1762.d.1E7FE38E338A139CC3FD0413C8AB3B9A.e.6401","ELEMENT":"f.804597995EEA20368E99A2927B0C1762.d.1E7FE38E338A139CC3FD0413C8AB3B9A.e.6401"}]}
COMMAND: GET /session/e8ae643ad1a7d9f9ee71b330bca2e34d/screenshot - {}
RESULT: {}
COMMAND: POST /session/e8ae643ad1a7d9f9ee71b330bca2e34d/execute/sync - {"script":"<script> [56 bytes]","args":[{"element-6066-11e4-a52e-4f735466cecf":"f.804597995EEA20368E99A2927B0C1762.d.1E7FE38E338A139CC3FD0413C8AB3B9A.e.6401","ELEMENT":"f.804597995EEA20368E99A2927B0C1762.d.1E7FE38E338A139CC3FD0413C8AB3B9A.e.6401"}]}
RESULT: {"script":"<script> [56 bytes]","args":[{"element-6066-11e4-a52e-4f735466cecf":"f.804597995EEA20368E99A2927B0C1762.d.1E7FE38E338A139CC3FD0413C8AB3B9A.e.6401","ELEMENT":"f.804597995EEA20368E99A2927B0C1762.d.1E7FE38E338A139CC3FD0413C8AB3B9A.e.6401"}]}
COMMAND: GET /session/e8ae643ad1a7d9f9ee71b330bca2e34d/screenshot - {}
RESULT: {}
COMMAND: POST /session/e8ae643ad1a7d9f9ee71b330bca2e34d/execute/sync - {"script":"<script> [56 bytes]","args":[{"element-6066-11e4-a52e-4f735466cecf":"f.804597995EEA20368E99A2927B0C1762.d.1E7FE38E338A139CC3FD0413C8AB3B9A.e.6401","ELEMENT":"f.804597995EEA20368E99A2927B0C1762.d.1E7FE38E338A139CC3FD0413C8AB3B9A.e.6401"}]}
RESULT: {"script":"<script> [56 bytes]","args":[{"element-6066-11e4-a52e-4f735466cecf":"f.804597995EEA20368E99A2927B0C1762.d.1E7FE38E338A139CC3FD0413C8AB3B9A.e.6401","ELEMENT":"f.804597995EEA20368E99A2927B0C1762.d.1E7FE38E338A139CC3FD0413C8AB3B9A.e.6401"}]}
COMMAND: GET /session/e8ae643ad1a7d9f9ee71b330bca2e34d/screenshot - {}
RESULT: {}
COMMAND: POST /session/e8ae643ad1a7d9f9ee71b330bca2e34d/execute/sync - {"script":"<script> [56 bytes]","args":[{"element-6066-11e4-a52e-4f735466cecf":"f.804597995EEA20368E99A2927B0C1762.d.1E7FE38E338A139CC3FD0413C8AB3B9A.e.6401","ELEMENT":"f.804597995EEA20368E99A2927B0C1762.d.1E7FE38E338A139CC3FD0413C8AB3B9A.e.6401"}]}
RESULT: {"script":"<script> [56 bytes]","args":[{"element-6066-11e4-a52e-4f735466cecf":"f.804597995EEA20368E99A2927B0C1762.d.1E7FE38E338A139CC3FD0413C8AB3B9A.e.6401","ELEMENT":"f.804597995EEA20368E99A2927B0C1762.d.1E7FE38E338A139CC3FD0413C8AB3B9A.e.6401"}]}
COMMAND: GET /session/e8ae643ad1a7d9f9ee71b330bca2e34d/screenshot - {}
RESULT: {}
COMMAND: POST /session/e8ae643ad1a7d9f9ee71b330bca2e34d/execute/sync - {"script":"<script> [56 bytes]","args":[{"element-6066-11e4-a52e-4f735466cecf":"f.804597995EEA20368E99A2927B0C1762.d.1E7FE38E338A139CC3FD0413C8AB3B9A.e.6401","ELEMENT":"f.804597995EEA20368E99A2927B0C1762.d.1E7FE38E338A139CC3FD0413C8AB3B9A.e.6401"}]}
RESULT: {"script":"<script> [56 bytes]","args":[{"element-6066-11e4-a52e-4f735466cecf":"f.804597995EEA20368E99A2927B0C1762.d.1E7FE38E338A139CC3FD0413C8AB3B9A.e.6401","ELEMENT":"f.804597995EEA20368E99A2927B0C1762.d.1E7FE38E338A139CC3FD0413C8AB3B9A.e.6401"}]}
COMMAND: GET /session/e8ae643ad1a7d9f9ee71b330bca2e34d/screenshot - {}
RESULT: {}
COMMAND: POST /session/e8ae643ad1a7d9f9ee71b330bca2e34d/execute/sync - {"script":"<script> [56 bytes]","args":[{"element-6066-11e4-a52e-4f735466cecf":"f.804597995EEA20368E99A2927B0C1762.d.1E7FE38E338A139CC3FD0413C8AB3B9A.e.6401","ELEMENT":"f.804597995EEA20368E99A2927B0C1762.d.1E7FE38E338A139CC3FD0413C8AB3B9A.e.6401"}]}
RESULT: {"script":"<script> [56 bytes]","args":[{"element-6066-11e4-a52e-4f735466cecf":"f.804597995EEA20368E99A2927B0C1762.d.1E7FE38E338A139CC3FD0413C8AB3B9A.e.6401","ELEMENT":"f.804597995EEA20368E99A2927B0C1762.d.1E7FE38E338A139CC3FD0413C8AB3B9A.e.6401"}]}
COMMAND: GET /session/e8ae643ad1a7d9f9ee71b330bca2e34d/screenshot - {}
RESULT: {}
COMMAND: POST /session/e8ae643ad1a7d9f9ee71b330bca2e34d/execute/sync - {"script":"<script> [56 bytes]","args":[{"element-6066-11e4-a52e-4f735466cecf":"f.804597995EEA20368E99A2927B0C1762.d.1E7FE38E338A139CC3FD0413C8AB3B9A.e.6401","ELEMENT":"f.804597995EEA20368E99A2927B0C1762.d.1E7FE38E338A139CC3FD0413C8AB3B9A.e.6401"}]}
RESULT: {"script":"<script> [56 bytes]","args":[{"element-6066-11e4-a52e-4f735466cecf":"f.804597995EEA20368E99A2927B0C1762.d.1E7FE38E338A139CC3FD0413C8AB3B9A.e.6401","ELEMENT":"f.804597995EEA20368E99A2927B0C1762.d.1E7FE38E338A139CC3FD0413C8AB3B9A.e.6401"}]}
COMMAND: GET /session/e8ae643ad1a7d9f9ee71b330bca2e34d/screenshot - {}
RESULT: {}
COMMAND: POST /session/e8ae643ad1a7d9f9ee71b330bca2e34d/execute/sync - {"script":"<script> [56 bytes]","args":[{"element-6066-11e4-a52e-4f735466cecf":"f.804597995EEA20368E99A2927B0C1762.d.1E7FE38E338A139CC3FD0413C8AB3B9A.e.6401","ELEMENT":"f.804597995EEA20368E99A2927B0C1762.d.1E7FE38E338A139CC3FD0413C8AB3B9A.e.6401"}]}
RESULT: {"script":"<script> [56 bytes]","args":[{"element-6066-11e4-a52e-4f735466cecf":"f.804597995EEA20368E99A2927B0C1762.d.1E7FE38E338A139CC3FD0413C8AB3B9A.e.6401","ELEMENT":"f.804597995EEA20368E99A2927B0C1762.d.1E7FE38E338A139CC3FD0413C8AB3B9A.e.6401"}]}
COMMAND: GET /session/e8ae643ad1a7d9f9ee71b330bca2e34d/screenshot - {}
RESULT: {}
COMMAND: POST /session/e8ae643ad1a7d9f9ee71b330bca2e34d/execute/sync - {"script":"<script> [56 bytes]","args":[{"element-6066-11e4-a52e-4f735466cecf":"f.804597995EEA20368E99A2927B0C1762.d.1E7FE38E338A139CC3FD0413C8AB3B9A.e.6401","ELEMENT":"f.804597995EEA20368E99A2927B0C1762.d.1E7FE38E338A139CC3FD0413C8AB3B9A.e.6401"}]}
RESULT: {"script":"<script> [56 bytes]","args":[{"element-6066-11e4-a52e-4f735466cecf":"f.804597995EEA20368E99A2927B0C1762.d.1E7FE38E338A139CC3FD0413C8AB3B9A.e.6401","ELEMENT":"f.804597995EEA20368E99A2927B0C1762.d.1E7FE38E338A139CC3FD0413C8AB3B9A.e.6401"}]}
COMMAND: GET /session/e8ae643ad1a7d9f9ee71b330bca2e34d/screenshot - {}
RESULT: {}
COMMAND: POST /session/e8ae643ad1a7d9f9ee71b330bca2e34d/execute/sync - {"script":"<script> [56 bytes]","args":[{"element-6066-11e4-a52e-4f735466cecf":"f.804597995EEA20368E99A2927B0C1762.d.1E7FE38E338A139CC3FD0413C8AB3B9A.e.6401","ELEMENT":"f.804597995EEA20368E99A2927B0C1762.d.1E7FE38E338A139CC3FD0413C8AB3B9A.e.6401"}]}
RESULT: {"script":"<script> [56 bytes]","args":[{"element-6066-11e4-a52e-4f735466cecf":"f.804597995EEA20368E99A2927B0C1762.d.1E7FE38E338A139CC3FD0413C8AB3B9A.e.6401","ELEMENT":"f.804597995EEA20368E99A2927B0C1762.d.1E7FE38E338A139CC3FD0413C8AB3B9A.e.6401"}]}
COMMAND: GET /session/e8ae643ad1a7d9f9ee71b330bca2e34d/screenshot - {}
RESULT: {}
COMMAND: POST /session/e8ae643ad1a7d9f9ee71b330bca2e34d/execute/sync - {"script":"<script> [56 bytes]","args":[{"element-6066-11e4-a52e-4f735466cecf":"f.804597995EEA20368E99A2927B0C1762.d.1E7FE38E338A139CC3FD0413C8AB3B9A.e.6401","ELEMENT":"f.804597995EEA20368E99A2927B0C1762.d.1E7FE38E338A139CC3FD0413C8AB3B9A.e.6401"}]}
RESULT: {"script":"<script> [56 bytes]","args":[{"element-6066-11e4-a52e-4f735466cecf":"f.804597995EEA20368E99A2927B0C1762.d.1E7FE38E338A139CC3FD0413C8AB3B9A.e.6401","ELEMENT":"f.804597995EEA20368E99A2927B0C1762.d.1E7FE38E338A139CC3FD0413C8AB3B9A.e.6401"}]}
COMMAND: GET /session/e8ae643ad1a7d9f9ee71b330bca2e34d/screenshot - {}
RESULT: {}
COMMAND: POST /session/e8ae643ad1a7d9f9ee71b330bca2e34d/execute/sync - {"script":"<script> [56 bytes]","args":[{"element-6066-11e4-a52e-4f735466cecf":"f.804597995EEA20368E99A2927B0C1762.d.1E7FE38E338A139CC3FD0413C8AB3B9A.e.6401","ELEMENT":"f.804597995EEA20368E99A2927B0C1762.d.1E7FE38E338A139CC3FD0413C8AB3B9A.e.6401"}]}
RESULT: {"script":"<script> [56 bytes]","args":[{"element-6066-11e4-a52e-4f735466cecf":"f.804597995EEA20368E99A2927B0C1762.d.1E7FE38E338A139CC3FD0413C8AB3B9A.e.6401","ELEMENT":"f.804597995EEA20368E99A2927B0C1762.d.1E7FE38E338A139CC3FD0413C8AB3B9A.e.6401"}]}
COMMAND: GET /session/e8ae643ad1a7d9f9ee71b330bca2e34d/screenshot - {}
RESULT: {}
COMMAND: POST /session/e8ae643ad1a7d9f9ee71b330bca2e34d/execute/sync - {"script":"<script> [56 bytes]","args":[{"element-6066-11e4-a52e-4f735466cecf":"f.804597995EEA20368E99A2927B0C1762.d.1E7FE38E338A139CC3FD0413C8AB3B9A.e.6401","ELEMENT":"f.804597995EEA20368E99A2927B0C1762.d.1E7FE38E338A139CC3FD0413C8AB3B9A.e.6401"}]}
RESULT: {"script":"<script> [56 bytes]","args":[{"element-6066-11e4-a52e-4f735466cecf":"f.804597995EEA20368E99A2927B0C1762.d.1E7FE38E338A139CC3FD0413C8AB3B9A.e.6401","ELEMENT":"f.804597995EEA20368E99A2927B0C1762.d.1E7FE38E338A139CC3FD0413C8AB3B9A.e.6401"}]}
COMMAND: GET /session/e8ae643ad1a7d9f9ee71b330bca2e34d/screenshot - {}
RESULT: {}
COMMAND: POST /session/e8ae643ad1a7d9f9ee71b330bca2e34d/execute/sync - {"script":"<script> [56 bytes]","args":[{"element-6066-11e4-a52e-4f735466cecf":"f.804597995EEA20368E99A2927B0C1762.d.1E7FE38E338A139CC3FD0413C8AB3B9A.e.6401","ELEMENT":"f.804597995EEA20368E99A2927B0C1762.d.1E7FE38E338A139CC3FD0413C8AB3B9A.e.6401"}]}
RESULT: {"script":"<script> [56 bytes]","args":[{"element-6066-11e4-a52e-4f735466cecf":"f.804597995EEA20368E99A2927B0C1762.d.1E7FE38E338A139CC3FD0413C8AB3B9A.e.6401","ELEMENT":"f.804597995EEA20368E99A2927B0C1762.d.1E7FE38E338A139CC3FD0413C8AB3B9A.e.6401"}]}
COMMAND: GET /session/e8ae643ad1a7d9f9ee71b330bca2e34d/screenshot - {}
RESULT: {}
COMMAND: POST /session/e8ae643ad1a7d9f9ee71b330bca2e34d/execute/sync - {"script":"<script> [56 bytes]","args":[{"element-6066-11e4-a52e-4f735466cecf":"f.804597995EEA20368E99A2927B0C1762.d.1E7FE38E338A139CC3FD0413C8AB3B9A.e.6401","ELEMENT":"f.804597995EEA20368E99A2927B0C1762.d.1E7FE38E338A139CC3FD0413C8AB3B9A.e.6401"}]}
RESULT: {"script":"<script> [56 bytes]","args":[{"element-6066-11e4-a52e-4f735466cecf":"f.804597995EEA20368E99A2927B0C1762.d.1E7FE38E338A139CC3FD0413C8AB3B9A.e.6401","ELEMENT":"f.804597995EEA20368E99A2927B0C1762.d.1E7FE38E338A139CC3FD0413C8AB3B9A.e.6401"}]}
COMMAND: GET /session/e8ae643ad1a7d9f9ee71b330bca2e34d/screenshot - {}
RESULT: {}
COMMAND: POST /session/e8ae643ad1a7d9f9ee71b330bca2e34d/execute/sync - {"script":"<script> [56 bytes]","args":[{"element-6066-11e4-a52e-4f735466cecf":"f.804597995EEA20368E99A2927B0C1762.d.1E7FE38E338A139CC3FD0413C8AB3B9A.e.6401","ELEMENT":"f.804597995EEA20368E99A2927B0C1762.d.1E7FE38E338A139CC3FD0413C8AB3B9A.e.6401"}]}
RESULT: {"script":"<script> [56 bytes]","args":[{"element-6066-11e4-a52e-4f735466cecf":"f.804597995EEA20368E99A2927B0C1762.d.1E7FE38E338A139CC3FD0413C8AB3B9A.e.6401","ELEMENT":"f.804597995EEA20368E99A2927B0C1762.d.1E7FE38E338A139CC3FD0413C8AB3B9A.e.6401"}]}
COMMAND: GET /session/e8ae643ad1a7d9f9ee71b330bca2e34d/screenshot - {}
RESULT: {}
COMMAND: POST /session/e8ae643ad1a7d9f9ee71b330bca2e34d/execute/sync - {"script":"<script> [56 bytes]","args":[{"element-6066-11e4-a52e-4f735466cecf":"f.804597995EEA20368E99A2927B0C1762.d.1E7FE38E338A139CC3FD0413C8AB3B9A.e.6401","ELEMENT":"f.804597995EEA20368E99A2927B0C1762.d.1E7FE38E338A139CC3FD0413C8AB3B9A.e.6401"}]}
RESULT: {"script":"<script> [56 bytes]","args":[{"element-6066-11e4-a52e-4f735466cecf":"f.804597995EEA20368E99A2927B0C1762.d.1E7FE38E338A139CC3FD0413C8AB3B9A.e.6401","ELEMENT":"f.804597995EEA20368E99A2927B0C1762.d.1E7FE38E338A139CC3FD0413C8AB3B9A.e.6401"}]}
COMMAND: GET /session/e8ae643ad1a7d9f9ee71b330bca2e34d/screenshot - {}
RESULT: {}
COMMAND: POST /session/e8ae643ad1a7d9f9ee71b330bca2e34d/execute/sync - {"script":"<script> [56 bytes]","args":[{"element-6066-11e4-a52e-4f735466cecf":"f.804597995EEA20368E99A2927B0C1762.d.1E7FE38E338A139CC3FD0413C8AB3B9A.e.6401","ELEMENT":"f.804597995EEA20368E99A2927B0C1762.d.1E7FE38E338A139CC3FD0413C8AB3B9A.e.6401"}]}
RESULT: {"script":"<script> [56 bytes]","args":[{"element-6066-11e4-a52e-4f735466cecf":"f.804597995EEA20368E99A2927B0C1762.d.1E7FE38E338A139CC3FD0413C8AB3B9A.e.6401","ELEMENT":"f.804597995EEA20368E99A2927B0C1762.d.1E7FE38E338A139CC3FD0413C8AB3B9A.e.6401"}]}
COMMAND: GET /session/e8ae643ad1a7d9f9ee71b330bca2e34d/screenshot - {}
RESULT: {}
COMMAND: POST /session/e8ae643ad1a7d9f9ee71b330bca2e34d/execute/sync - {"script":"<script> [56 bytes]","args":[{"element-6066-11e4-a52e-4f735466cecf":"f.804597995EEA20368E99A2927B0C1762.d.1E7FE38E338A139CC3FD0413C8AB3B9A.e.6401","ELEMENT":"f.804597995EEA20368E99A2927B0C1762.d.1E7FE38E338A139CC3FD0413C8AB3B9A.e.6401"}]}
RESULT: {"script":"<script> [56 bytes]","args":[{"element-6066-11e4-a52e-4f735466cecf":"f.804597995EEA20368E99A2927B0C1762.d.1E7FE38E338A139CC3FD0413C8AB3B9A.e.6401","ELEMENT":"f.804597995EEA20368E99A2927B0C1762.d.1E7FE38E338A139CC3FD0413C8AB3B9A.e.6401"}]}
COMMAND: GET /session/e8ae643ad1a7d9f9ee71b330bca2e34d/screenshot - {}
RESULT: {}
COMMAND: POST /session/e8ae643ad1a7d9f9ee71b330bca2e34d/execute/sync - {"script":"<script> [56 bytes]","args":[{"element-6066-11e4-a52e-4f735466cecf":"f.804597995EEA20368E99A2927B0C1762.d.1E7FE38E338A139CC3FD0413C8AB3B9A.e.6401","ELEMENT":"f.804597995EEA20368E99A2927B0C1762.d.1E7FE38E338A139CC3FD0413C8AB3B9A.e.6401"}]}
RESULT: {"script":"<script> [56 bytes]","args":[{"element-6066-11e4-a52e-4f735466cecf":"f.804597995EEA20368E99A2927B0C1762.d.1E7FE38E338A139CC3FD0413C8AB3B9A.e.6401","ELEMENT":"f.804597995EEA20368E99A2927B0C1762.d.1E7FE38E338A139CC3FD0413C8AB3B9A.e.6401"}]}
COMMAND: GET /session/e8ae643ad1a7d9f9ee71b330bca2e34d/screenshot - {}
RESULT: {}
COMMAND: POST /session/e8ae643ad1a7d9f9ee71b330bca2e34d/execute/sync - {"script":"<script> [56 bytes]","args":[{"element-6066-11e4-a52e-4f735466cecf":"f.804597995EEA20368E99A2927B0C1762.d.1E7FE38E338A139CC3FD0413C8AB3B9A.e.6401","ELEMENT":"f.804597995EEA20368E99A2927B0C1762.d.1E7FE38E338A139CC3FD0413C8AB3B9A.e.6401"}]}
RESULT: {"script":"<script> [56 bytes]","args":[{"element-6066-11e4-a52e-4f735466cecf":"f.804597995EEA20368E99A2927B0C1762.d.1E7FE38E338A139CC3FD0413C8AB3B9A.e.6401","ELEMENT":"f.804597995EEA20368E99A2927B0C1762.d.1E7FE38E338A139CC3FD0413C8AB3B9A.e.6401"}]}
COMMAND: GET /session/e8ae643ad1a7d9f9ee71b330bca2e34d/screenshot - {}
RESULT: {}
COMMAND: POST /session/e8ae643ad1a7d9f9ee71b330bca2e34d/execute/sync - {"script":"<script> [56 bytes]","args":[{"element-6066-11e4-a52e-4f735466cecf":"f.804597995EEA20368E99A2927B0C1762.d.1E7FE38E338A139CC3FD0413C8AB3B9A.e.6401","ELEMENT":"f.804597995EEA20368E99A2927B0C1762.d.1E7FE38E338A139CC3FD0413C8AB3B9A.e.6401"}]}
RESULT: {"script":"<script> [56 bytes]","args":[{"element-6066-11e4-a52e-4f735466cecf":"f.804597995EEA20368E99A2927B0C1762.d.1E7FE38E338A139CC3FD0413C8AB3B9A.e.6401","ELEMENT":"f.804597995EEA20368E99A2927B0C1762.d.1E7FE38E338A139CC3FD0413C8AB3B9A.e.6401"}]}
COMMAND: GET /session/e8ae643ad1a7d9f9ee71b330bca2e34d/screenshot - {}
RESULT: {}
COMMAND: POST /session/e8ae643ad1a7d9f9ee71b330bca2e34d/execute/sync - {"script":"<script> [56 bytes]","args":[{"element-6066-11e4-a52e-4f735466cecf":"f.804597995EEA20368E99A2927B0C1762.d.1E7FE38E338A139CC3FD0413C8AB3B9A.e.6401","ELEMENT":"f.804597995EEA20368E99A2927B0C1762.d.1E7FE38E338A139CC3FD0413C8AB3B9A.e.6401"}]}
RESULT: {"script":"<script> [56 bytes]","args":[{"element-6066-11e4-a52e-4f735466cecf":"f.804597995EEA20368E99A2927B0C1762.d.1E7FE38E338A139CC3FD0413C8AB3B9A.e.6401","ELEMENT":"f.804597995EEA20368E99A2927B0C1762.d.1E7FE38E338A139CC3FD0413C8AB3B9A.e.6401"}]}
COMMAND: GET /session/e8ae643ad1a7d9f9ee71b330bca2e34d/screenshot - {}
COMMAND: POST /session/e8ae643ad1a7d9f9ee71b330bca2e34d/execute/sync - {"script":"<script> [56 bytes]","args":[{"element-6066-11e4-a52e-4f735466cecf":"f.804597995EEA20368E99A2927B0C1762.d.1E7FE38E338A139CC3FD0413C8AB3B9A.e.6401","ELEMENT":"f.804597995EEA20368E99A2927B0C1762.d.1E7FE38E338A139CC3FD0413C8AB3B9A.e.6401"}]}
RESULT: {}
RESULT: {"script":"<script> [56 bytes]","args":[{"element-6066-11e4-a52e-4f735466cecf":"f.804597995EEA20368E99A2927B0C1762.d.1E7FE38E338A139CC3FD0413C8AB3B9A.e.6401","ELEMENT":"f.804597995EEA20368E99A2927B0C1762.d.1E7FE38E338A139CC3FD0413C8AB3B9A.e.6401"}]}
COMMAND: POST /session/e8ae643ad1a7d9f9ee71b330bca2e34d/element - {"using":"xpath","value":"//td[@aria-colindex=\"1\"]/div/div[contains(@class, \"sapMCbBg\")]"}
COMMAND: GET /session/e8ae643ad1a7d9f9ee71b330bca2e34d/screenshot - {}
RESULT: {"using":"xpath","value":"//td[@aria-colindex=\"1\"]/div/div[contains(@class, \"sapMCbBg\")]"}
COMMAND: POST /session/e8ae643ad1a7d9f9ee71b330bca2e34d/element/f.804597995EEA20368E99A2927B0C1762.d.1E7FE38E338A139CC3FD0413C8AB3B9A.e.6420/click - {}
RESULT: {}
RESULT: {}
COMMAND: GET /session/e8ae643ad1a7d9f9ee71b330bca2e34d/screenshot - {}
RESULT: {}
COMMAND: POST /session/e8ae643ad1a7d9f9ee71b330bca2e34d/element - {"using":"xpath","value":"//bdi[text()=\"Transfer\"]"}
RESULT: {"using":"xpath","value":"//bdi[text()=\"Transfer\"]"}
COMMAND: POST /session/e8ae643ad1a7d9f9ee71b330bca2e34d/element/f.804597995EEA20368E99A2927B0C1762.d.1E7FE38E338A139CC3FD0413C8AB3B9A.e.6421/click - {}
RESULT: {}
COMMAND: GET /session/e8ae643ad1a7d9f9ee71b330bca2e34d/screenshot - {}
RESULT: {}
COMMAND: POST /session/e8ae643ad1a7d9f9ee71b330bca2e34d/element - {"using":"xpath","value":"//bdi[contains(text(), \"OK\")]"}
RESULT: {"using":"xpath","value":"//bdi[contains(text(), \"OK\")]"}
COMMAND: POST /session/e8ae643ad1a7d9f9ee71b330bca2e34d/element/f.804597995EEA20368E99A2927B0C1762.d.1E7FE38E338A139CC3FD0413C8AB3B9A.e.6424/click - {}
RESULT: {}
COMMAND: GET /session/e8ae643ad1a7d9f9ee71b330bca2e34d/screenshot - {}
RESULT: {}
COMMAND: POST /session/e8ae643ad1a7d9f9ee71b330bca2e34d/element - {"using":"xpath","value":"(//span[contains(text(), \"Invoice open\")]/parent::div/preceding-sibling::div/span)[1]"}
RESULT: {"using":"xpath","value":"(//span[contains(text(), \"Invoice open\")]/parent::div/preceding-sibling::div/span)[1]"}
COMMAND: POST /session/e8ae643ad1a7d9f9ee71b330bca2e34d/element/f.804597995EEA20368E99A2927B0C1762.d.1E7FE38E338A139CC3FD0413C8AB3B9A.e.6432/click - {}
RESULT: {}
COMMAND: GET /session/e8ae643ad1a7d9f9ee71b330bca2e34d/screenshot - {}
RESULT: {}
COMMAND: POST /session/e8ae643ad1a7d9f9ee71b330bca2e34d/element - {"using":"xpath","value":"//input[contains(@id ,\"application-billingtransfer-display-component---billingWorkbench--smartFilterBar-btnBasicSearch\")]"}
RESULT: {"using":"xpath","value":"//input[contains(@id ,\"application-billingtransfer-display-component---billingWorkbench--smartFilterBar-btnBasicSearch\")]"}
COMMAND: POST /session/e8ae643ad1a7d9f9ee71b330bca2e34d/elements - {"using":"xpath","value":"//input[contains(@id ,\"application-billingtransfer-display-component---billingWorkbench--smartFilterBar-btnBasicSearch\")]"}
RESULT: {"using":"xpath","value":"//input[contains(@id ,\"application-billingtransfer-display-component---billingWorkbench--smartFilterBar-btnBasicSearch\")]"}
COMMAND: POST /session/e8ae643ad1a7d9f9ee71b330bca2e34d/execute/sync - {"script":"<script> [8489 bytes]","args":[{"element-6066-11e4-a52e-4f735466cecf":"f.804597995EEA20368E99A2927B0C1762.d.1E7FE38E338A139CC3FD0413C8AB3B9A.e.6267","ELEMENT":"f.804597995EEA20368E99A2927B0C1762.d.1E7FE38E338A139CC3FD0413C8AB3B9A.e.6267"}]}
RESULT: {"script":"<script> [8489 bytes]","args":[{"element-6066-11e4-a52e-4f735466cecf":"f.804597995EEA20368E99A2927B0C1762.d.1E7FE38E338A139CC3FD0413C8AB3B9A.e.6267","ELEMENT":"f.804597995EEA20368E99A2927B0C1762.d.1E7FE38E338A139CC3FD0413C8AB3B9A.e.6267"}]}
COMMAND: GET /session/e8ae643ad1a7d9f9ee71b330bca2e34d/element/f.804597995EEA20368E99A2927B0C1762.d.1E7FE38E338A139CC3FD0413C8AB3B9A.e.6267/enabled - {}
COMMAND: GET /session/e8ae643ad1a7d9f9ee71b330bca2e34d/screenshot - {}
RESULT: {}
COMMAND: POST /session/e8ae643ad1a7d9f9ee71b330bca2e34d/element/f.804597995EEA20368E99A2927B0C1762.d.1E7FE38E338A139CC3FD0413C8AB3B9A.e.6267/click - {}
COMMAND: GET /session/e8ae643ad1a7d9f9ee71b330bca2e34d/screenshot - {}
RESULT: {}
RESULT: {}
RESULT: {}
COMMAND: GET /session/e8ae643ad1a7d9f9ee71b330bca2e34d/screenshot - {}
RESULT: {}
COMMAND: POST /session/e8ae643ad1a7d9f9ee71b330bca2e34d/element/f.804597995EEA20368E99A2927B0C1762.d.1E7FE38E338A139CC3FD0413C8AB3B9A.e.6267/clear - {}
RESULT: {}
COMMAND: POST /session/e8ae643ad1a7d9f9ee71b330bca2e34d/element/f.804597995EEA20368E99A2927B0C1762.d.1E7FE38E338A139CC3FD0413C8AB3B9A.e.6267/value - {"text":"10300"}
COMMAND: GET /session/e8ae643ad1a7d9f9ee71b330bca2e34d/screenshot - {}
RESULT: {"text":"10300"}
COMMAND: POST /session/e8ae643ad1a7d9f9ee71b330bca2e34d/actions - {"actions":[{"id":"action21","type":"key","parameters":{},"actions":[{"type":"keyDown","value":""},{"type":"pause","duration":10},{"type":"keyUp","value":""}]}]}
COMMAND: GET /session/e8ae643ad1a7d9f9ee71b330bca2e34d/screenshot - {}
RESULT: {}
RESULT: {"actions":[{"id":"action21","type":"key","parameters":{},"actions":[{"type":"keyDown","value":""},{"type":"pause","duration":10},{"type":"keyUp","value":""}]}]}
COMMAND: GET /session/e8ae643ad1a7d9f9ee71b330bca2e34d/screenshot - {}
RESULT: {}
RESULT: {}
COMMAND: POST /session/e8ae643ad1a7d9f9ee71b330bca2e34d/element - {"using":"xpath","value":"//span[contains(@id ,\"application-billingtransfer-display-component---billingWorkbench--smartTableBillingRuns-header-inner\")]"}
RESULT: {"using":"xpath","value":"//span[contains(@id ,\"application-billingtransfer-display-component---billingWorkbench--smartTableBillingRuns-header-inner\")]"}
COMMAND: POST /session/e8ae643ad1a7d9f9ee71b330bca2e34d/elements - {"using":"xpath","value":"//span[contains(@id ,\"application-billingtransfer-display-component---billingWorkbench--smartTableBillingRuns-header-inner\")]"}
RESULT: {"using":"xpath","value":"//span[contains(@id ,\"application-billingtransfer-display-component---billingWorkbench--smartTableBillingRuns-header-inner\")]"}
COMMAND: POST /session/e8ae643ad1a7d9f9ee71b330bca2e34d/execute/sync - {"script":"<script> [56 bytes]","args":[{"element-6066-11e4-a52e-4f735466cecf":"f.804597995EEA20368E99A2927B0C1762.d.1E7FE38E338A139CC3FD0413C8AB3B9A.e.6401","ELEMENT":"f.804597995EEA20368E99A2927B0C1762.d.1E7FE38E338A139CC3FD0413C8AB3B9A.e.6401"}]}
RESULT: {"script":"<script> [56 bytes]","args":[{"element-6066-11e4-a52e-4f735466cecf":"f.804597995EEA20368E99A2927B0C1762.d.1E7FE38E338A139CC3FD0413C8AB3B9A.e.6401","ELEMENT":"f.804597995EEA20368E99A2927B0C1762.d.1E7FE38E338A139CC3FD0413C8AB3B9A.e.6401"}]}
COMMAND: GET /session/e8ae643ad1a7d9f9ee71b330bca2e34d/screenshot - {}
RESULT: {}
COMMAND: POST /session/e8ae643ad1a7d9f9ee71b330bca2e34d/execute/sync - {"script":"<script> [56 bytes]","args":[{"element-6066-11e4-a52e-4f735466cecf":"f.804597995EEA20368E99A2927B0C1762.d.1E7FE38E338A139CC3FD0413C8AB3B9A.e.6401","ELEMENT":"f.804597995EEA20368E99A2927B0C1762.d.1E7FE38E338A139CC3FD0413C8AB3B9A.e.6401"}]}
RESULT: {"script":"<script> [56 bytes]","args":[{"element-6066-11e4-a52e-4f735466cecf":"f.804597995EEA20368E99A2927B0C1762.d.1E7FE38E338A139CC3FD0413C8AB3B9A.e.6401","ELEMENT":"f.804597995EEA20368E99A2927B0C1762.d.1E7FE38E338A139CC3FD0413C8AB3B9A.e.6401"}]}
COMMAND: GET /session/e8ae643ad1a7d9f9ee71b330bca2e34d/screenshot - {}
RESULT: {}
COMMAND: POST /session/e8ae643ad1a7d9f9ee71b330bca2e34d/execute/sync - {"script":"<script> [56 bytes]","args":[{"element-6066-11e4-a52e-4f735466cecf":"f.804597995EEA20368E99A2927B0C1762.d.1E7FE38E338A139CC3FD0413C8AB3B9A.e.6401","ELEMENT":"f.804597995EEA20368E99A2927B0C1762.d.1E7FE38E338A139CC3FD0413C8AB3B9A.e.6401"}]}
RESULT: {"script":"<script> [56 bytes]","args":[{"element-6066-11e4-a52e-4f735466cecf":"f.804597995EEA20368E99A2927B0C1762.d.1E7FE38E338A139CC3FD0413C8AB3B9A.e.6401","ELEMENT":"f.804597995EEA20368E99A2927B0C1762.d.1E7FE38E338A139CC3FD0413C8AB3B9A.e.6401"}]}
COMMAND: GET /session/e8ae643ad1a7d9f9ee71b330bca2e34d/screenshot - {}
RESULT: {}
COMMAND: POST /session/e8ae643ad1a7d9f9ee71b330bca2e34d/execute/sync - {"script":"<script> [56 bytes]","args":[{"element-6066-11e4-a52e-4f735466cecf":"f.804597995EEA20368E99A2927B0C1762.d.1E7FE38E338A139CC3FD0413C8AB3B9A.e.6401","ELEMENT":"f.804597995EEA20368E99A2927B0C1762.d.1E7FE38E338A139CC3FD0413C8AB3B9A.e.6401"}]}
RESULT: {"script":"<script> [56 bytes]","args":[{"element-6066-11e4-a52e-4f735466cecf":"f.804597995EEA20368E99A2927B0C1762.d.1E7FE38E338A139CC3FD0413C8AB3B9A.e.6401","ELEMENT":"f.804597995EEA20368E99A2927B0C1762.d.1E7FE38E338A139CC3FD0413C8AB3B9A.e.6401"}]}
COMMAND: GET /session/e8ae643ad1a7d9f9ee71b330bca2e34d/screenshot - {}
RESULT: {}
COMMAND: POST /session/e8ae643ad1a7d9f9ee71b330bca2e34d/execute/sync - {"script":"<script> [56 bytes]","args":[{"element-6066-11e4-a52e-4f735466cecf":"f.804597995EEA20368E99A2927B0C1762.d.1E7FE38E338A139CC3FD0413C8AB3B9A.e.6401","ELEMENT":"f.804597995EEA20368E99A2927B0C1762.d.1E7FE38E338A139CC3FD0413C8AB3B9A.e.6401"}]}
RESULT: {"script":"<script> [56 bytes]","args":[{"element-6066-11e4-a52e-4f735466cecf":"f.804597995EEA20368E99A2927B0C1762.d.1E7FE38E338A139CC3FD0413C8AB3B9A.e.6401","ELEMENT":"f.804597995EEA20368E99A2927B0C1762.d.1E7FE38E338A139CC3FD0413C8AB3B9A.e.6401"}]}
COMMAND: GET /session/e8ae643ad1a7d9f9ee71b330bca2e34d/screenshot - {}
RESULT: {}
COMMAND: POST /session/e8ae643ad1a7d9f9ee71b330bca2e34d/execute/sync - {"script":"<script> [56 bytes]","args":[{"element-6066-11e4-a52e-4f735466cecf":"f.804597995EEA20368E99A2927B0C1762.d.1E7FE38E338A139CC3FD0413C8AB3B9A.e.6401","ELEMENT":"f.804597995EEA20368E99A2927B0C1762.d.1E7FE38E338A139CC3FD0413C8AB3B9A.e.6401"}]}
RESULT: {"script":"<script> [56 bytes]","args":[{"element-6066-11e4-a52e-4f735466cecf":"f.804597995EEA20368E99A2927B0C1762.d.1E7FE38E338A139CC3FD0413C8AB3B9A.e.6401","ELEMENT":"f.804597995EEA20368E99A2927B0C1762.d.1E7FE38E338A139CC3FD0413C8AB3B9A.e.6401"}]}
COMMAND: GET /session/e8ae643ad1a7d9f9ee71b330bca2e34d/screenshot - {}
RESULT: {}
COMMAND: POST /session/e8ae643ad1a7d9f9ee71b330bca2e34d/execute/sync - {"script":"<script> [56 bytes]","args":[{"element-6066-11e4-a52e-4f735466cecf":"f.804597995EEA20368E99A2927B0C1762.d.1E7FE38E338A139CC3FD0413C8AB3B9A.e.6401","ELEMENT":"f.804597995EEA20368E99A2927B0C1762.d.1E7FE38E338A139CC3FD0413C8AB3B9A.e.6401"}]}
RESULT: {"script":"<script> [56 bytes]","args":[{"element-6066-11e4-a52e-4f735466cecf":"f.804597995EEA20368E99A2927B0C1762.d.1E7FE38E338A139CC3FD0413C8AB3B9A.e.6401","ELEMENT":"f.804597995EEA20368E99A2927B0C1762.d.1E7FE38E338A139CC3FD0413C8AB3B9A.e.6401"}]}
COMMAND: GET /session/e8ae643ad1a7d9f9ee71b330bca2e34d/screenshot - {}
RESULT: {}
COMMAND: POST /session/e8ae643ad1a7d9f9ee71b330bca2e34d/execute/sync - {"script":"<script> [56 bytes]","args":[{"element-6066-11e4-a52e-4f735466cecf":"f.804597995EEA20368E99A2927B0C1762.d.1E7FE38E338A139CC3FD0413C8AB3B9A.e.6401","ELEMENT":"f.804597995EEA20368E99A2927B0C1762.d.1E7FE38E338A139CC3FD0413C8AB3B9A.e.6401"}]}
RESULT: {"script":"<script> [56 bytes]","args":[{"element-6066-11e4-a52e-4f735466cecf":"f.804597995EEA20368E99A2927B0C1762.d.1E7FE38E338A139CC3FD0413C8AB3B9A.e.6401","ELEMENT":"f.804597995EEA20368E99A2927B0C1762.d.1E7FE38E338A139CC3FD0413C8AB3B9A.e.6401"}]}
COMMAND: GET /session/e8ae643ad1a7d9f9ee71b330bca2e34d/screenshot - {}
RESULT: {}
COMMAND: POST /session/e8ae643ad1a7d9f9ee71b330bca2e34d/execute/sync - {"script":"<script> [56 bytes]","args":[{"element-6066-11e4-a52e-4f735466cecf":"f.804597995EEA20368E99A2927B0C1762.d.1E7FE38E338A139CC3FD0413C8AB3B9A.e.6401","ELEMENT":"f.804597995EEA20368E99A2927B0C1762.d.1E7FE38E338A139CC3FD0413C8AB3B9A.e.6401"}]}
RESULT: {"script":"<script> [56 bytes]","args":[{"element-6066-11e4-a52e-4f735466cecf":"f.804597995EEA20368E99A2927B0C1762.d.1E7FE38E338A139CC3FD0413C8AB3B9A.e.6401","ELEMENT":"f.804597995EEA20368E99A2927B0C1762.d.1E7FE38E338A139CC3FD0413C8AB3B9A.e.6401"}]}
COMMAND: GET /session/e8ae643ad1a7d9f9ee71b330bca2e34d/screenshot - {}
RESULT: {}
COMMAND: POST /session/e8ae643ad1a7d9f9ee71b330bca2e34d/execute/sync - {"script":"<script> [56 bytes]","args":[{"element-6066-11e4-a52e-4f735466cecf":"f.804597995EEA20368E99A2927B0C1762.d.1E7FE38E338A139CC3FD0413C8AB3B9A.e.6401","ELEMENT":"f.804597995EEA20368E99A2927B0C1762.d.1E7FE38E338A139CC3FD0413C8AB3B9A.e.6401"}]}
RESULT: {"script":"<script> [56 bytes]","args":[{"element-6066-11e4-a52e-4f735466cecf":"f.804597995EEA20368E99A2927B0C1762.d.1E7FE38E338A139CC3FD0413C8AB3B9A.e.6401","ELEMENT":"f.804597995EEA20368E99A2927B0C1762.d.1E7FE38E338A139CC3FD0413C8AB3B9A.e.6401"}]}
COMMAND: GET /session/e8ae643ad1a7d9f9ee71b330bca2e34d/screenshot - {}
RESULT: {}
COMMAND: POST /session/e8ae643ad1a7d9f9ee71b330bca2e34d/execute/sync - {"script":"<script> [56 bytes]","args":[{"element-6066-11e4-a52e-4f735466cecf":"f.804597995EEA20368E99A2927B0C1762.d.1E7FE38E338A139CC3FD0413C8AB3B9A.e.6401","ELEMENT":"f.804597995EEA20368E99A2927B0C1762.d.1E7FE38E338A139CC3FD0413C8AB3B9A.e.6401"}]}
RESULT: {"script":"<script> [56 bytes]","args":[{"element-6066-11e4-a52e-4f735466cecf":"f.804597995EEA20368E99A2927B0C1762.d.1E7FE38E338A139CC3FD0413C8AB3B9A.e.6401","ELEMENT":"f.804597995EEA20368E99A2927B0C1762.d.1E7FE38E338A139CC3FD0413C8AB3B9A.e.6401"}]}
COMMAND: GET /session/e8ae643ad1a7d9f9ee71b330bca2e34d/screenshot - {}
RESULT: {}
COMMAND: POST /session/e8ae643ad1a7d9f9ee71b330bca2e34d/execute/sync - {"script":"<script> [56 bytes]","args":[{"element-6066-11e4-a52e-4f735466cecf":"f.804597995EEA20368E99A2927B0C1762.d.1E7FE38E338A139CC3FD0413C8AB3B9A.e.6401","ELEMENT":"f.804597995EEA20368E99A2927B0C1762.d.1E7FE38E338A139CC3FD0413C8AB3B9A.e.6401"}]}
RESULT: {"script":"<script> [56 bytes]","args":[{"element-6066-11e4-a52e-4f735466cecf":"f.804597995EEA20368E99A2927B0C1762.d.1E7FE38E338A139CC3FD0413C8AB3B9A.e.6401","ELEMENT":"f.804597995EEA20368E99A2927B0C1762.d.1E7FE38E338A139CC3FD0413C8AB3B9A.e.6401"}]}
COMMAND: GET /session/e8ae643ad1a7d9f9ee71b330bca2e34d/screenshot - {}
RESULT: {}
COMMAND: POST /session/e8ae643ad1a7d9f9ee71b330bca2e34d/execute/sync - {"script":"<script> [56 bytes]","args":[{"element-6066-11e4-a52e-4f735466cecf":"f.804597995EEA20368E99A2927B0C1762.d.1E7FE38E338A139CC3FD0413C8AB3B9A.e.6401","ELEMENT":"f.804597995EEA20368E99A2927B0C1762.d.1E7FE38E338A139CC3FD0413C8AB3B9A.e.6401"}]}
RESULT: {"script":"<script> [56 bytes]","args":[{"element-6066-11e4-a52e-4f735466cecf":"f.804597995EEA20368E99A2927B0C1762.d.1E7FE38E338A139CC3FD0413C8AB3B9A.e.6401","ELEMENT":"f.804597995EEA20368E99A2927B0C1762.d.1E7FE38E338A139CC3FD0413C8AB3B9A.e.6401"}]}
COMMAND: GET /session/e8ae643ad1a7d9f9ee71b330bca2e34d/screenshot - {}
RESULT: {}
COMMAND: POST /session/e8ae643ad1a7d9f9ee71b330bca2e34d/execute/sync - {"script":"<script> [56 bytes]","args":[{"element-6066-11e4-a52e-4f735466cecf":"f.804597995EEA20368E99A2927B0C1762.d.1E7FE38E338A139CC3FD0413C8AB3B9A.e.6401","ELEMENT":"f.804597995EEA20368E99A2927B0C1762.d.1E7FE38E338A139CC3FD0413C8AB3B9A.e.6401"}]}
RESULT: {"script":"<script> [56 bytes]","args":[{"element-6066-11e4-a52e-4f735466cecf":"f.804597995EEA20368E99A2927B0C1762.d.1E7FE38E338A139CC3FD0413C8AB3B9A.e.6401","ELEMENT":"f.804597995EEA20368E99A2927B0C1762.d.1E7FE38E338A139CC3FD0413C8AB3B9A.e.6401"}]}
COMMAND: POST /session/e8ae643ad1a7d9f9ee71b330bca2e34d/element - {"using":"css selector","value":"#shell-header-logo"}
COMMAND: GET /session/e8ae643ad1a7d9f9ee71b330bca2e34d/screenshot - {}
RESULT: {"using":"css selector","value":"#shell-header-logo"}
COMMAND: POST /session/e8ae643ad1a7d9f9ee71b330bca2e34d/element/f.804597995EEA20368E99A2927B0C1762.d.1E7FE38E338A139CC3FD0413C8AB3B9A.e.6265/click - {}
RESULT: {}
RESULT: {}
COMMAND: GET /session/e8ae643ad1a7d9f9ee71b330bca2e34d/screenshot - {}
RESULT: {}
COMMAND: POST /session/e8ae643ad1a7d9f9ee71b330bca2e34d/element - {"using":"css selector","value":"#j_username"}
COMMAND: POST /session/e8ae643ad1a7d9f9ee71b330bca2e34d/url - {"url":"https://qa-testing-00-live-etm-ui.cfapps.eu10-004.hana.ondemand.com/"}
RESULT: {"using":"css selector","value":"#j_username"}
COMMAND: POST /session/e8ae643ad1a7d9f9ee71b330bca2e34d/element - {"using":"css selector","value":"#j_username"}
RESULT: {"url":"https://qa-testing-00-live-etm-ui.cfapps.eu10-004.hana.ondemand.com/"}
RESULT: undefined
COMMAND: GET /session/e8ae643ad1a7d9f9ee71b330bca2e34d/screenshot - {}
RESULT: {"using":"css selector","value":"#j_username"}
COMMAND: POST /session/e8ae643ad1a7d9f9ee71b330bca2e34d/element - {"using":"css selector","value":"#shell-header-logo"}
RESULT: {}
RESULT: {"using":"css selector","value":"#shell-header-logo"}
COMMAND: POST /session/e8ae643ad1a7d9f9ee71b330bca2e34d/execute/sync - {"script":"<script> [8489 bytes]","args":[{"element-6066-11e4-a52e-4f735466cecf":"f.804597995EEA20368E99A2927B0C1762.d.5670F1C8AE52A809DDA66BA2D8A525AA.e.6469","ELEMENT":"f.804597995EEA20368E99A2927B0C1762.d.5670F1C8AE52A809DDA66BA2D8A525AA.e.6469"}]}
RESULT: {"script":"<script> [8489 bytes]","args":[{"element-6066-11e4-a52e-4f735466cecf":"f.804597995EEA20368E99A2927B0C1762.d.5670F1C8AE52A809DDA66BA2D8A525AA.e.6469","ELEMENT":"f.804597995EEA20368E99A2927B0C1762.d.5670F1C8AE52A809DDA66BA2D8A525AA.e.6469"}]}
COMMAND: POST /session/e8ae643ad1a7d9f9ee71b330bca2e34d/element - {"using":"css selector","value":"#shell-header-logo"}
COMMAND: GET /session/e8ae643ad1a7d9f9ee71b330bca2e34d/screenshot - {}
RESULT: {"using":"css selector","value":"#shell-header-logo"}
COMMAND: POST /session/e8ae643ad1a7d9f9ee71b330bca2e34d/execute/sync - {"script":"<script> [8489 bytes]","args":[{"element-6066-11e4-a52e-4f735466cecf":"f.804597995EEA20368E99A2927B0C1762.d.5670F1C8AE52A809DDA66BA2D8A525AA.e.6469","ELEMENT":"f.804597995EEA20368E99A2927B0C1762.d.5670F1C8AE52A809DDA66BA2D8A525AA.e.6469"}]}
RESULT: {}
RESULT: {"script":"<script> [8489 bytes]","args":[{"element-6066-11e4-a52e-4f735466cecf":"f.804597995EEA20368E99A2927B0C1762.d.5670F1C8AE52A809DDA66BA2D8A525AA.e.6469","ELEMENT":"f.804597995EEA20368E99A2927B0C1762.d.5670F1C8AE52A809DDA66BA2D8A525AA.e.6469"}]}
COMMAND: POST /session/e8ae643ad1a7d9f9ee71b330bca2e34d/execute/sync - {"script":"<script> [5351 bytes]","args":[{"element-6066-11e4-a52e-4f735466cecf":"f.804597995EEA20368E99A2927B0C1762.d.5670F1C8AE52A809DDA66BA2D8A525AA.e.6469","ELEMENT":"f.804597995EEA20368E99A2927B0C1762.d.5670F1C8AE52A809DDA66BA2D8A525AA.e.6469"}]}
COMMAND: GET /session/e8ae643ad1a7d9f9ee71b330bca2e34d/screenshot - {}
RESULT: {"script":"<script> [5351 bytes]","args":[{"element-6066-11e4-a52e-4f735466cecf":"f.804597995EEA20368E99A2927B0C1762.d.5670F1C8AE52A809DDA66BA2D8A525AA.e.6469","ELEMENT":"f.804597995EEA20368E99A2927B0C1762.d.5670F1C8AE52A809DDA66BA2D8A525AA.e.6469"}]}
COMMAND: POST /session/e8ae643ad1a7d9f9ee71b330bca2e34d/element - {"using":"css selector","value":"#shell-header-logo"}
COMMAND: GET /session/e8ae643ad1a7d9f9ee71b330bca2e34d/screenshot - {}
RESULT: {}
RESULT: {"using":"css selector","value":"#shell-header-logo"}
COMMAND: POST /session/e8ae643ad1a7d9f9ee71b330bca2e34d/element/f.804597995EEA20368E99A2927B0C1762.d.5670F1C8AE52A809DDA66BA2D8A525AA.e.6469/click - {}
RESULT: {}
RESULT: {}
COMMAND: GET /session/e8ae643ad1a7d9f9ee71b330bca2e34d/screenshot - {}
RESULT: {}
COMMAND: POST /session/e8ae643ad1a7d9f9ee71b330bca2e34d/execute/async - {"script":"<script> [189 bytes]","args":[]}
RESULT: {"script":"<script> [189 bytes]","args":[]}
COMMAND: POST /session/e8ae643ad1a7d9f9ee71b330bca2e34d/execute/async - {"script":"<script> [123 bytes]","args":[]}
RESULT: {"script":"<script> [123 bytes]","args":[]}
COMMAND: POST /session/e8ae643ad1a7d9f9ee71b330bca2e34d/timeouts - {"script":"<number>"}
RESULT: {"script":"<number>"}
COMMAND: GET /session/e8ae643ad1a7d9f9ee71b330bca2e34d/timeouts - {}
RESULT: {}
RESULT: undefined
COMMAND: POST /session/e8ae643ad1a7d9f9ee71b330bca2e34d/execute/async - {"script":"<script> [2676 bytes]","args":[]}
RESULT: {"script":"<script> [2676 bytes]","args":[]}
COMMAND: POST /session/e8ae643ad1a7d9f9ee71b330bca2e34d/execute/async - {"script":"<script> [2342 bytes]","args":[{"protocol":"http","hostname":"0.0.0.0","path":"/","capabilities":{"browserName":"chrome","goog:chromeOptions":{"binary":"C:\\Program Files\\Google\\Chrome\\Application\\chrome.exe","args":["--start-maximized"]}},"logLevel":"warn","connectionRetryTimeout":120000,"connectionRetryCount":3,"logLevels":{},"enableDirectConnect":true,"strictSSL":true,"_":"65 more keys: [\"cacheDir\",\"port\",\"requestedCapabilities\",\"automationProtocol\",\"baseUrl\",\"waitforInterval\",\"waitforTimeout\",\"onReload\",\"beforeCommand\",\"afterCommand\",\"rootDir\",\"specs\",\"suites\",\"exclude\",\"groupLogsByTestSpec\",\"excludeDriverLogs\",\"bail\",\"framework\",\"reporters\",\"services\",\"maxInstances\",\"maxInstancesPerCapability\",\"injectGlobals\",\"filesToWatch\",\"execArgv\",\"runnerEnv\",\"runner\",\"shard\",\"specFileRetries\",\"specFileRetriesDelay\",\"specFileRetriesDeferred\",\"reporterSyncInterval\",\"reporterSyncTimeout\",\"cucumberFeaturesWithLineNumbers\",\"autoCompileOpts\",\"mochaOpts\",\"jasmineOpts\",\"cucumberOpts\",\"onPrepare\",\"onWorkerStart\",\"onWorkerEnd\",\"before\",\"beforeSession\",\"beforeSuite\",\"beforeHook\",\"beforeTest\",\"afterTest\",\"afterHook\",\"afterSuite\",\"afterSession\",\"after\",\"onComplete\",\"beforeAssertion\",\"afterAssertion\",\"beforeFeature\",\"beforeScenario\",\"beforeStep\",\"afterStep\",\"afterScenario\",\"afterFeature\",\"_\",\"suite\",\"$0\",\"ignoredWorkerServices\",\"wdi5\"]"}]}
RESULT: {"script":"<script> [2342 bytes]","args":[{"protocol":"http","hostname":"0.0.0.0","path":"/","capabilities":{"browserName":"chrome","goog:chromeOptions":{"binary":"C:\\Program Files\\Google\\Chrome\\Application\\chrome.exe","args":["--start-maximized"]}},"logLevel":"warn","connectionRetryTimeout":120000,"connectionRetryCount":3,"logLevels":{},"enableDirectConnect":true,"strictSSL":true,"_":"65 more keys: [\"cacheDir\",\"port\",\"requestedCapabilities\",\"automationProtocol\",\"baseUrl\",\"waitforInterval\",\"waitforTimeout\",\"onReload\",\"beforeCommand\",\"afterCommand\",\"rootDir\",\"specs\",\"suites\",\"exclude\",\"groupLogsByTestSpec\",\"excludeDriverLogs\",\"bail\",\"framework\",\"reporters\",\"services\",\"maxInstances\",\"maxInstancesPerCapability\",\"injectGlobals\",\"filesToWatch\",\"execArgv\",\"runnerEnv\",\"runner\",\"shard\",\"specFileRetries\",\"specFileRetriesDelay\",\"specFileRetriesDeferred\",\"reporterSyncInterval\",\"reporterSyncTimeout\",\"cucumberFeaturesWithLineNumbers\",\"autoCompileOpts\",\"mochaOpts\",\"jasmineOpts\",\"cucumberOpts\",\"onPrepare\",\"onWorkerStart\",\"onWorkerEnd\",\"before\",\"beforeSession\",\"beforeSuite\",\"beforeHook\",\"beforeTest\",\"afterTest\",\"afterHook\",\"afterSuite\",\"afterSession\",\"after\",\"onComplete\",\"beforeAssertion\",\"afterAssertion\",\"beforeFeature\",\"beforeScenario\",\"beforeStep\",\"afterStep\",\"afterScenario\",\"afterFeature\",\"_\",\"suite\",\"$0\",\"ignoredWorkerServices\",\"wdi5\"]"}]}
COMMAND: POST /session/e8ae643ad1a7d9f9ee71b330bca2e34d/execute/async - {"script":"<script> [21126 bytes]","args":[35000]}
RESULT: {"script":"<script> [21126 bytes]","args":[35000]}
COMMAND: POST /session/e8ae643ad1a7d9f9ee71b330bca2e34d/window/maximize - {}
RESULT: {}
COMMAND: POST /session/e8ae643ad1a7d9f9ee71b330bca2e34d/execute/async - {"script":"<script> [1562 bytes]","args":[{"selector":{"id":"shell-header","interaction":{"idSuffix":"icon"}},"wdio_ui5_key":"shellheader"}]}
COMMAND: GET /session/e8ae643ad1a7d9f9ee71b330bca2e34d/screenshot - {}
RESULT: {"script":"<script> [1562 bytes]","args":[{"selector":{"id":"shell-header","interaction":{"idSuffix":"icon"}},"wdio_ui5_key":"shellheader"}]}
RESULT: undefined
COMMAND: POST /session/e8ae643ad1a7d9f9ee71b330bca2e34d/refresh - {}
RESULT: {}
RESULT: {}
COMMAND: GET /session/e8ae643ad1a7d9f9ee71b330bca2e34d/screenshot - {}
RESULT: {}
COMMAND: POST /session/e8ae643ad1a7d9f9ee71b330bca2e34d/refresh - {}
RESULT: {}
COMMAND: GET /session/e8ae643ad1a7d9f9ee71b330bca2e34d/screenshot - {}
RESULT: {}
COMMAND: POST /session/e8ae643ad1a7d9f9ee71b330bca2e34d/execute/async - {"script":"<script> [189 bytes]","args":[]}
RESULT: {"script":"<script> [189 bytes]","args":[]}
COMMAND: POST /session/e8ae643ad1a7d9f9ee71b330bca2e34d/execute/async - {"script":"<script> [123 bytes]","args":[]}
RESULT: {"script":"<script> [123 bytes]","args":[]}
COMMAND: POST /session/e8ae643ad1a7d9f9ee71b330bca2e34d/timeouts - {"script":"<number>"}
RESULT: {"script":"<number>"}
COMMAND: GET /session/e8ae643ad1a7d9f9ee71b330bca2e34d/timeouts - {}
RESULT: {}
RESULT: undefined
COMMAND: POST /session/e8ae643ad1a7d9f9ee71b330bca2e34d/execute/async - {"script":"<script> [2676 bytes]","args":[]}
RESULT: {"script":"<script> [2676 bytes]","args":[]}
COMMAND: POST /session/e8ae643ad1a7d9f9ee71b330bca2e34d/execute/async - {"script":"<script> [2342 bytes]","args":[{"protocol":"http","hostname":"0.0.0.0","path":"/","capabilities":{"browserName":"chrome","goog:chromeOptions":{"binary":"C:\\Program Files\\Google\\Chrome\\Application\\chrome.exe","args":["--start-maximized"]}},"logLevel":"warn","connectionRetryTimeout":120000,"connectionRetryCount":3,"logLevels":{},"enableDirectConnect":true,"strictSSL":true,"_":"65 more keys: [\"cacheDir\",\"port\",\"requestedCapabilities\",\"automationProtocol\",\"baseUrl\",\"waitforInterval\",\"waitforTimeout\",\"onReload\",\"beforeCommand\",\"afterCommand\",\"rootDir\",\"specs\",\"suites\",\"exclude\",\"groupLogsByTestSpec\",\"excludeDriverLogs\",\"bail\",\"framework\",\"reporters\",\"services\",\"maxInstances\",\"maxInstancesPerCapability\",\"injectGlobals\",\"filesToWatch\",\"execArgv\",\"runnerEnv\",\"runner\",\"shard\",\"specFileRetries\",\"specFileRetriesDelay\",\"specFileRetriesDeferred\",\"reporterSyncInterval\",\"reporterSyncTimeout\",\"cucumberFeaturesWithLineNumbers\",\"autoCompileOpts\",\"mochaOpts\",\"jasmineOpts\",\"cucumberOpts\",\"onPrepare\",\"onWorkerStart\",\"onWorkerEnd\",\"before\",\"beforeSession\",\"beforeSuite\",\"beforeHook\",\"beforeTest\",\"afterTest\",\"afterHook\",\"afterSuite\",\"afterSession\",\"after\",\"onComplete\",\"beforeAssertion\",\"afterAssertion\",\"beforeFeature\",\"beforeScenario\",\"beforeStep\",\"afterStep\",\"afterScenario\",\"afterFeature\",\"_\",\"suite\",\"$0\",\"ignoredWorkerServices\",\"wdi5\"]"}]}
RESULT: {"script":"<script> [2342 bytes]","args":[{"protocol":"http","hostname":"0.0.0.0","path":"/","capabilities":{"browserName":"chrome","goog:chromeOptions":{"binary":"C:\\Program Files\\Google\\Chrome\\Application\\chrome.exe","args":["--start-maximized"]}},"logLevel":"warn","connectionRetryTimeout":120000,"connectionRetryCount":3,"logLevels":{},"enableDirectConnect":true,"strictSSL":true,"_":"65 more keys: [\"cacheDir\",\"port\",\"requestedCapabilities\",\"automationProtocol\",\"baseUrl\",\"waitforInterval\",\"waitforTimeout\",\"onReload\",\"beforeCommand\",\"afterCommand\",\"rootDir\",\"specs\",\"suites\",\"exclude\",\"groupLogsByTestSpec\",\"excludeDriverLogs\",\"bail\",\"framework\",\"reporters\",\"services\",\"maxInstances\",\"maxInstancesPerCapability\",\"injectGlobals\",\"filesToWatch\",\"execArgv\",\"runnerEnv\",\"runner\",\"shard\",\"specFileRetries\",\"specFileRetriesDelay\",\"specFileRetriesDeferred\",\"reporterSyncInterval\",\"reporterSyncTimeout\",\"cucumberFeaturesWithLineNumbers\",\"autoCompileOpts\",\"mochaOpts\",\"jasmineOpts\",\"cucumberOpts\",\"onPrepare\",\"onWorkerStart\",\"onWorkerEnd\",\"before\",\"beforeSession\",\"beforeSuite\",\"beforeHook\",\"beforeTest\",\"afterTest\",\"afterHook\",\"afterSuite\",\"afterSession\",\"after\",\"onComplete\",\"beforeAssertion\",\"afterAssertion\",\"beforeFeature\",\"beforeScenario\",\"beforeStep\",\"afterStep\",\"afterScenario\",\"afterFeature\",\"_\",\"suite\",\"$0\",\"ignoredWorkerServices\",\"wdi5\"]"}]}
COMMAND: POST /session/e8ae643ad1a7d9f9ee71b330bca2e34d/execute/async - {"script":"<script> [21126 bytes]","args":[35000]}
RESULT: {"script":"<script> [21126 bytes]","args":[35000]}
]]></system-out>
    </testcase>
  </testsuite>
  <testsuite timestamp="2025-04-15T17:34:07" time="897.847" tests="12" failures="0" errors="0" skipped="0">
    <properties>
      <property name="specId" value="0"/>
      <property name="suiteName" value="Billing Transfer - Intracompany US127249"/>
      <property name="capabilities" value="chrome.135_0_7049_42.windows"/>
      <property name="file" value="file:///D:/a/1/s/test/specs/BTS/billing-transfer-intracompany.spec.js"/>
    </properties>
    <testcase classname="chrome.135_0_7049_42.windows.Billing_Transfer_-_Intracompany_US127249" name="Should create a new yard" time="90.785">
      <system-out><![CDATA[
COMMAND: POST /session/e8ae643ad1a7d9f9ee71b330bca2e34d/window/fullscreen - {}
RESULT: {}
COMMAND: POST /session/e8ae643ad1a7d9f9ee71b330bca2e34d/execute/async - {"script":"<script> [1562 bytes]","args":[{"selector":{"controlType":"sap.m.GenericTile","properties":{"header":"Manage Yards"}},"wdio_ui5_key":"sapm.GenericTile{\"header\":\"Manage Yards\"}"}]}
RESULT: {"script":"<script> [1562 bytes]","args":[{"selector":{"controlType":"sap.m.GenericTile","properties":{"header":"Manage Yards"}},"wdio_ui5_key":"sapm.GenericTile{\"header\":\"Manage Yards\"}"}]}
RESULT: undefined
COMMAND: POST /session/e8ae643ad1a7d9f9ee71b330bca2e34d/element - {"using":"xpath","value":"//*[@id=\"__tile41\"]"}
RESULT: {"using":"xpath","value":"//*[@id=\"__tile41\"]"}
COMMAND: POST /session/e8ae643ad1a7d9f9ee71b330bca2e34d/element/f.804597995EEA20368E99A2927B0C1762.d.B831B23F03977A2B99EAE40FBE5859A3.e.6608/click - {}
RESULT: {}
COMMAND: POST /session/e8ae643ad1a7d9f9ee71b330bca2e34d/element - {"using":"xpath","value":"//button[@data-kt=\"addNewYardOverflowToolbarButton\"]"}
COMMAND: GET /session/e8ae643ad1a7d9f9ee71b330bca2e34d/screenshot - {}
RESULT: {"using":"xpath","value":"//button[@data-kt=\"addNewYardOverflowToolbarButton\"]"}
COMMAND: POST /session/e8ae643ad1a7d9f9ee71b330bca2e34d/elements - {"using":"xpath","value":"//button[@data-kt=\"addNewYardOverflowToolbarButton\"]"}
RESULT: {}
RESULT: {"using":"xpath","value":"//button[@data-kt=\"addNewYardOverflowToolbarButton\"]"}
COMMAND: POST /session/e8ae643ad1a7d9f9ee71b330bca2e34d/elements - {"using":"xpath","value":"//button[@data-kt=\"addNewYardOverflowToolbarButton\"]"}
RESULT: {"using":"xpath","value":"//button[@data-kt=\"addNewYardOverflowToolbarButton\"]"}
COMMAND: POST /session/e8ae643ad1a7d9f9ee71b330bca2e34d/elements - {"using":"xpath","value":"//button[@data-kt=\"addNewYardOverflowToolbarButton\"]"}
RESULT: {"using":"xpath","value":"//button[@data-kt=\"addNewYardOverflowToolbarButton\"]"}
COMMAND: POST /session/e8ae643ad1a7d9f9ee71b330bca2e34d/elements - {"using":"xpath","value":"//button[@data-kt=\"addNewYardOverflowToolbarButton\"]"}
RESULT: {"using":"xpath","value":"//button[@data-kt=\"addNewYardOverflowToolbarButton\"]"}
COMMAND: POST /session/e8ae643ad1a7d9f9ee71b330bca2e34d/elements - {"using":"xpath","value":"//button[@data-kt=\"addNewYardOverflowToolbarButton\"]"}
RESULT: {"using":"xpath","value":"//button[@data-kt=\"addNewYardOverflowToolbarButton\"]"}
COMMAND: POST /session/e8ae643ad1a7d9f9ee71b330bca2e34d/elements - {"using":"xpath","value":"//button[@data-kt=\"addNewYardOverflowToolbarButton\"]"}
RESULT: {"using":"xpath","value":"//button[@data-kt=\"addNewYardOverflowToolbarButton\"]"}
COMMAND: POST /session/e8ae643ad1a7d9f9ee71b330bca2e34d/elements - {"using":"xpath","value":"//button[@data-kt=\"addNewYardOverflowToolbarButton\"]"}
RESULT: {"using":"xpath","value":"//button[@data-kt=\"addNewYardOverflowToolbarButton\"]"}
COMMAND: POST /session/e8ae643ad1a7d9f9ee71b330bca2e34d/elements - {"using":"xpath","value":"//button[@data-kt=\"addNewYardOverflowToolbarButton\"]"}
RESULT: {"using":"xpath","value":"//button[@data-kt=\"addNewYardOverflowToolbarButton\"]"}
COMMAND: POST /session/e8ae643ad1a7d9f9ee71b330bca2e34d/elements - {"using":"xpath","value":"//button[@data-kt=\"addNewYardOverflowToolbarButton\"]"}
RESULT: {"using":"xpath","value":"//button[@data-kt=\"addNewYardOverflowToolbarButton\"]"}
COMMAND: POST /session/e8ae643ad1a7d9f9ee71b330bca2e34d/elements - {"using":"xpath","value":"//button[@data-kt=\"addNewYardOverflowToolbarButton\"]"}
RESULT: {"using":"xpath","value":"//button[@data-kt=\"addNewYardOverflowToolbarButton\"]"}
COMMAND: POST /session/e8ae643ad1a7d9f9ee71b330bca2e34d/elements - {"using":"xpath","value":"//button[@data-kt=\"addNewYardOverflowToolbarButton\"]"}
RESULT: {"using":"xpath","value":"//button[@data-kt=\"addNewYardOverflowToolbarButton\"]"}
COMMAND: POST /session/e8ae643ad1a7d9f9ee71b330bca2e34d/elements - {"using":"xpath","value":"//button[@data-kt=\"addNewYardOverflowToolbarButton\"]"}
RESULT: {"using":"xpath","value":"//button[@data-kt=\"addNewYardOverflowToolbarButton\"]"}
COMMAND: POST /session/e8ae643ad1a7d9f9ee71b330bca2e34d/elements - {"using":"xpath","value":"//button[@data-kt=\"addNewYardOverflowToolbarButton\"]"}
RESULT: {"using":"xpath","value":"//button[@data-kt=\"addNewYardOverflowToolbarButton\"]"}
COMMAND: POST /session/e8ae643ad1a7d9f9ee71b330bca2e34d/elements - {"using":"xpath","value":"//button[@data-kt=\"addNewYardOverflowToolbarButton\"]"}
RESULT: {"using":"xpath","value":"//button[@data-kt=\"addNewYardOverflowToolbarButton\"]"}
COMMAND: POST /session/e8ae643ad1a7d9f9ee71b330bca2e34d/elements - {"using":"xpath","value":"//button[@data-kt=\"addNewYardOverflowToolbarButton\"]"}
RESULT: {"using":"xpath","value":"//button[@data-kt=\"addNewYardOverflowToolbarButton\"]"}
COMMAND: POST /session/e8ae643ad1a7d9f9ee71b330bca2e34d/elements - {"using":"xpath","value":"//button[@data-kt=\"addNewYardOverflowToolbarButton\"]"}
RESULT: {"using":"xpath","value":"//button[@data-kt=\"addNewYardOverflowToolbarButton\"]"}
COMMAND: POST /session/e8ae643ad1a7d9f9ee71b330bca2e34d/elements - {"using":"xpath","value":"//button[@data-kt=\"addNewYardOverflowToolbarButton\"]"}
RESULT: {"using":"xpath","value":"//button[@data-kt=\"addNewYardOverflowToolbarButton\"]"}
COMMAND: POST /session/e8ae643ad1a7d9f9ee71b330bca2e34d/elements - {"using":"xpath","value":"//button[@data-kt=\"addNewYardOverflowToolbarButton\"]"}
RESULT: {"using":"xpath","value":"//button[@data-kt=\"addNewYardOverflowToolbarButton\"]"}
COMMAND: POST /session/e8ae643ad1a7d9f9ee71b330bca2e34d/elements - {"using":"xpath","value":"//button[@data-kt=\"addNewYardOverflowToolbarButton\"]"}
RESULT: {"using":"xpath","value":"//button[@data-kt=\"addNewYardOverflowToolbarButton\"]"}
COMMAND: POST /session/e8ae643ad1a7d9f9ee71b330bca2e34d/elements - {"using":"xpath","value":"//button[@data-kt=\"addNewYardOverflowToolbarButton\"]"}
RESULT: {"using":"xpath","value":"//button[@data-kt=\"addNewYardOverflowToolbarButton\"]"}
COMMAND: POST /session/e8ae643ad1a7d9f9ee71b330bca2e34d/elements - {"using":"xpath","value":"//button[@data-kt=\"addNewYardOverflowToolbarButton\"]"}
RESULT: {"using":"xpath","value":"//button[@data-kt=\"addNewYardOverflowToolbarButton\"]"}
COMMAND: POST /session/e8ae643ad1a7d9f9ee71b330bca2e34d/elements - {"using":"xpath","value":"//button[@data-kt=\"addNewYardOverflowToolbarButton\"]"}
RESULT: {"using":"xpath","value":"//button[@data-kt=\"addNewYardOverflowToolbarButton\"]"}
COMMAND: POST /session/e8ae643ad1a7d9f9ee71b330bca2e34d/elements - {"using":"xpath","value":"//button[@data-kt=\"addNewYardOverflowToolbarButton\"]"}
RESULT: {"using":"xpath","value":"//button[@data-kt=\"addNewYardOverflowToolbarButton\"]"}
COMMAND: POST /session/e8ae643ad1a7d9f9ee71b330bca2e34d/elements - {"using":"xpath","value":"//button[@data-kt=\"addNewYardOverflowToolbarButton\"]"}
RESULT: {"using":"xpath","value":"//button[@data-kt=\"addNewYardOverflowToolbarButton\"]"}
COMMAND: POST /session/e8ae643ad1a7d9f9ee71b330bca2e34d/elements - {"using":"xpath","value":"//button[@data-kt=\"addNewYardOverflowToolbarButton\"]"}
RESULT: {"using":"xpath","value":"//button[@data-kt=\"addNewYardOverflowToolbarButton\"]"}
COMMAND: POST /session/e8ae643ad1a7d9f9ee71b330bca2e34d/elements - {"using":"xpath","value":"//button[@data-kt=\"addNewYardOverflowToolbarButton\"]"}
RESULT: {"using":"xpath","value":"//button[@data-kt=\"addNewYardOverflowToolbarButton\"]"}
COMMAND: POST /session/e8ae643ad1a7d9f9ee71b330bca2e34d/elements - {"using":"xpath","value":"//button[@data-kt=\"addNewYardOverflowToolbarButton\"]"}
RESULT: {"using":"xpath","value":"//button[@data-kt=\"addNewYardOverflowToolbarButton\"]"}
COMMAND: POST /session/e8ae643ad1a7d9f9ee71b330bca2e34d/elements - {"using":"xpath","value":"//button[@data-kt=\"addNewYardOverflowToolbarButton\"]"}
RESULT: {"using":"xpath","value":"//button[@data-kt=\"addNewYardOverflowToolbarButton\"]"}
COMMAND: POST /session/e8ae643ad1a7d9f9ee71b330bca2e34d/element - {"using":"xpath","value":"//button[@data-kt=\"addNewYardOverflowToolbarButton\"]"}
RESULT: {"using":"xpath","value":"//button[@data-kt=\"addNewYardOverflowToolbarButton\"]"}
COMMAND: POST /session/e8ae643ad1a7d9f9ee71b330bca2e34d/execute/sync - {"script":"<script> [8489 bytes]","args":[{"element-6066-11e4-a52e-4f735466cecf":"f.804597995EEA20368E99A2927B0C1762.d.B831B23F03977A2B99EAE40FBE5859A3.e.6741","ELEMENT":"f.804597995EEA20368E99A2927B0C1762.d.B831B23F03977A2B99EAE40FBE5859A3.e.6741"}]}
RESULT: {"script":"<script> [8489 bytes]","args":[{"element-6066-11e4-a52e-4f735466cecf":"f.804597995EEA20368E99A2927B0C1762.d.B831B23F03977A2B99EAE40FBE5859A3.e.6741","ELEMENT":"f.804597995EEA20368E99A2927B0C1762.d.B831B23F03977A2B99EAE40FBE5859A3.e.6741"}]}
COMMAND: GET /session/e8ae643ad1a7d9f9ee71b330bca2e34d/element/f.804597995EEA20368E99A2927B0C1762.d.B831B23F03977A2B99EAE40FBE5859A3.e.6741/enabled - {}
COMMAND: GET /session/e8ae643ad1a7d9f9ee71b330bca2e34d/screenshot - {}
RESULT: {}
COMMAND: POST /session/e8ae643ad1a7d9f9ee71b330bca2e34d/execute/sync - {"script":"<script> [8489 bytes]","args":[{"element-6066-11e4-a52e-4f735466cecf":"f.804597995EEA20368E99A2927B0C1762.d.B831B23F03977A2B99EAE40FBE5859A3.e.6741","ELEMENT":"f.804597995EEA20368E99A2927B0C1762.d.B831B23F03977A2B99EAE40FBE5859A3.e.6741"}]}
COMMAND: GET /session/e8ae643ad1a7d9f9ee71b330bca2e34d/screenshot - {}
RESULT: {}
RESULT: {"script":"<script> [8489 bytes]","args":[{"element-6066-11e4-a52e-4f735466cecf":"f.804597995EEA20368E99A2927B0C1762.d.B831B23F03977A2B99EAE40FBE5859A3.e.6741","ELEMENT":"f.804597995EEA20368E99A2927B0C1762.d.B831B23F03977A2B99EAE40FBE5859A3.e.6741"}]}
COMMAND: POST /session/e8ae643ad1a7d9f9ee71b330bca2e34d/execute/sync - {"script":"<script> [5351 bytes]","args":[{"element-6066-11e4-a52e-4f735466cecf":"f.804597995EEA20368E99A2927B0C1762.d.B831B23F03977A2B99EAE40FBE5859A3.e.6741","ELEMENT":"f.804597995EEA20368E99A2927B0C1762.d.B831B23F03977A2B99EAE40FBE5859A3.e.6741"}]}
COMMAND: GET /session/e8ae643ad1a7d9f9ee71b330bca2e34d/screenshot - {}
RESULT: {}
RESULT: {"script":"<script> [5351 bytes]","args":[{"element-6066-11e4-a52e-4f735466cecf":"f.804597995EEA20368E99A2927B0C1762.d.B831B23F03977A2B99EAE40FBE5859A3.e.6741","ELEMENT":"f.804597995EEA20368E99A2927B0C1762.d.B831B23F03977A2B99EAE40FBE5859A3.e.6741"}]}
COMMAND: POST /session/e8ae643ad1a7d9f9ee71b330bca2e34d/element/f.804597995EEA20368E99A2927B0C1762.d.B831B23F03977A2B99EAE40FBE5859A3.e.6741/click - {}
COMMAND: GET /session/e8ae643ad1a7d9f9ee71b330bca2e34d/screenshot - {}
RESULT: {}
RESULT: {}
COMMAND: GET /session/e8ae643ad1a7d9f9ee71b330bca2e34d/screenshot - {}
RESULT: {}
RESULT: {}
COMMAND: POST /session/e8ae643ad1a7d9f9ee71b330bca2e34d/element - {"using":"xpath","value":"//input[@id=\"application-manageyards-display-component---NewYard--yardId-inner\"]"}
RESULT: {"using":"xpath","value":"//input[@id=\"application-manageyards-display-component---NewYard--yardId-inner\"]"}
COMMAND: POST /session/e8ae643ad1a7d9f9ee71b330bca2e34d/element - {"using":"xpath","value":"//input[@id=\"application-manageyards-display-component---NewYard--yardId-inner\"]"}
RESULT: {"using":"xpath","value":"//input[@id=\"application-manageyards-display-component---NewYard--yardId-inner\"]"}
COMMAND: POST /session/e8ae643ad1a7d9f9ee71b330bca2e34d/execute/async - {"script":"<script> [1562 bytes]","args":[{"selector":{"id":"application-manageyards-display-component---NewYard--addressDetailDetailsName1","interaction":{"idSuffix":"inner"}},"wdio_ui5_key":"applicationmanageyards-display-component---NewYard--addressDetailDetailsName1"}]}
RESULT: {"script":"<script> [1562 bytes]","args":[{"selector":{"id":"application-manageyards-display-component---NewYard--addressDetailDetailsName1","interaction":{"idSuffix":"inner"}},"wdio_ui5_key":"applicationmanageyards-display-component---NewYard--addressDetailDetailsName1"}]}
RESULT: undefined
COMMAND: POST /session/e8ae643ad1a7d9f9ee71b330bca2e34d/execute/async - {"script":"<script> [776 bytes]","args":[{"enterText":"Intracompany Yard wdIO","selector":{"id":"application-manageyards-display-component---NewYard--addressDetailDetailsName1","interaction":{"idSuffix":"inner"}},"clearTextFirst":true,"interactionType":"ENTER_TEXT"}]}
RESULT: {"script":"<script> [776 bytes]","args":[{"enterText":"Intracompany Yard wdIO","selector":{"id":"application-manageyards-display-component---NewYard--addressDetailDetailsName1","interaction":{"idSuffix":"inner"}},"clearTextFirst":true,"interactionType":"ENTER_TEXT"}]}
COMMAND: POST /session/e8ae643ad1a7d9f9ee71b330bca2e34d/execute/async - {"script":"<script> [1562 bytes]","args":[{"selector":{"id":"application-manageyards-display-component---NewYard--addressDetailDetailsLanguage-arrow"},"wdio_ui5_key":"applicationmanageyards-display-component---NewYard--addressDetailDetailsLanguage-arrow"}]}
RESULT: {"script":"<script> [1562 bytes]","args":[{"selector":{"id":"application-manageyards-display-component---NewYard--addressDetailDetailsLanguage-arrow"},"wdio_ui5_key":"applicationmanageyards-display-component---NewYard--addressDetailDetailsLanguage-arrow"}]}
RESULT: undefined
COMMAND: POST /session/e8ae643ad1a7d9f9ee71b330bca2e34d/element - {"using":"xpath","value":"//*[@id=\"application-manageyards-display-component---NewYard--addressDetailDetailsLanguage-arrow\"]"}
RESULT: {"using":"xpath","value":"//*[@id=\"application-manageyards-display-component---NewYard--addressDetailDetailsLanguage-arrow\"]"}
COMMAND: POST /session/e8ae643ad1a7d9f9ee71b330bca2e34d/element/f.804597995EEA20368E99A2927B0C1762.d.B831B23F03977A2B99EAE40FBE5859A3.e.7183/click - {}
RESULT: {}
COMMAND: POST /session/e8ae643ad1a7d9f9ee71b330bca2e34d/element - {"using":"xpath","value":"//span[contains(text(), \"English\")]"}
COMMAND: GET /session/e8ae643ad1a7d9f9ee71b330bca2e34d/screenshot - {}
RESULT: {"using":"xpath","value":"//span[contains(text(), \"English\")]"}
COMMAND: POST /session/e8ae643ad1a7d9f9ee71b330bca2e34d/element/f.804597995EEA20368E99A2927B0C1762.d.B831B23F03977A2B99EAE40FBE5859A3.e.7184/click - {}
RESULT: {}
RESULT: {}
COMMAND: POST /session/e8ae643ad1a7d9f9ee71b330bca2e34d/execute/async - {"script":"<script> [1562 bytes]","args":[{"selector":{"id":"application-manageyards-display-component---NewYard--addressDetailDetailsCity1","interaction":{"idSuffix":"inner"}},"wdio_ui5_key":"applicationmanageyards-display-component---NewYard--addressDetailDetailsCity1"}]}
COMMAND: GET /session/e8ae643ad1a7d9f9ee71b330bca2e34d/screenshot - {}
RESULT: {"script":"<script> [1562 bytes]","args":[{"selector":{"id":"application-manageyards-display-component---NewYard--addressDetailDetailsCity1","interaction":{"idSuffix":"inner"}},"wdio_ui5_key":"applicationmanageyards-display-component---NewYard--addressDetailDetailsCity1"}]}
RESULT: undefined
COMMAND: POST /session/e8ae643ad1a7d9f9ee71b330bca2e34d/execute/async - {"script":"<script> [776 bytes]","args":[{"enterText":"Rosario","selector":{"id":"application-manageyards-display-component---NewYard--addressDetailDetailsCity1","interaction":{"idSuffix":"inner"}},"clearTextFirst":true,"interactionType":"ENTER_TEXT"}]}
RESULT: {}
RESULT: {"script":"<script> [776 bytes]","args":[{"enterText":"Rosario","selector":{"id":"application-manageyards-display-component---NewYard--addressDetailDetailsCity1","interaction":{"idSuffix":"inner"}},"clearTextFirst":true,"interactionType":"ENTER_TEXT"}]}
COMMAND: POST /session/e8ae643ad1a7d9f9ee71b330bca2e34d/execute/async - {"script":"<script> [1562 bytes]","args":[{"selector":{"id":"application-manageyards-display-component---NewYard--addressDetailDetailsCountry-arrow"},"wdio_ui5_key":"applicationmanageyards-display-component---NewYard--addressDetailDetailsCountry-arrow"}]}
RESULT: {"script":"<script> [1562 bytes]","args":[{"selector":{"id":"application-manageyards-display-component---NewYard--addressDetailDetailsCountry-arrow"},"wdio_ui5_key":"applicationmanageyards-display-component---NewYard--addressDetailDetailsCountry-arrow"}]}
RESULT: undefined
COMMAND: POST /session/e8ae643ad1a7d9f9ee71b330bca2e34d/element - {"using":"xpath","value":"//*[@id=\"application-manageyards-display-component---NewYard--addressDetailDetailsCountry-arrow\"]"}
RESULT: {"using":"xpath","value":"//*[@id=\"application-manageyards-display-component---NewYard--addressDetailDetailsCountry-arrow\"]"}
COMMAND: POST /session/e8ae643ad1a7d9f9ee71b330bca2e34d/element/f.804597995EEA20368E99A2927B0C1762.d.B831B23F03977A2B99EAE40FBE5859A3.e.7186/click - {}
RESULT: {}
COMMAND: POST /session/e8ae643ad1a7d9f9ee71b330bca2e34d/element - {"using":"xpath","value":"//span[contains(text(), \"Argentina\")]"}
COMMAND: GET /session/e8ae643ad1a7d9f9ee71b330bca2e34d/screenshot - {}
RESULT: {"using":"xpath","value":"//span[contains(text(), \"Argentina\")]"}
COMMAND: POST /session/e8ae643ad1a7d9f9ee71b330bca2e34d/element/f.804597995EEA20368E99A2927B0C1762.d.B831B23F03977A2B99EAE40FBE5859A3.e.7188/click - {}
RESULT: {}
RESULT: {}
COMMAND: POST /session/e8ae643ad1a7d9f9ee71b330bca2e34d/execute/async - {"script":"<script> [1562 bytes]","args":[{"selector":{"id":"application-manageyards-display-component---NewYard--addressEditDetailsCostObjectCstType-arrow"},"wdio_ui5_key":"applicationmanageyards-display-component---NewYard--addressEditDetailsCostObjectCstType-arrow"}]}
COMMAND: GET /session/e8ae643ad1a7d9f9ee71b330bca2e34d/screenshot - {}
RESULT: {"script":"<script> [1562 bytes]","args":[{"selector":{"id":"application-manageyards-display-component---NewYard--addressEditDetailsCostObjectCstType-arrow"},"wdio_ui5_key":"applicationmanageyards-display-component---NewYard--addressEditDetailsCostObjectCstType-arrow"}]}
RESULT: undefined
COMMAND: POST /session/e8ae643ad1a7d9f9ee71b330bca2e34d/element - {"using":"xpath","value":"//*[@id=\"application-manageyards-display-component---NewYard--addressEditDetailsCostObjectCstType-arrow\"]"}
RESULT: {}
RESULT: {"using":"xpath","value":"//*[@id=\"application-manageyards-display-component---NewYard--addressEditDetailsCostObjectCstType-arrow\"]"}
COMMAND: POST /session/e8ae643ad1a7d9f9ee71b330bca2e34d/element/f.804597995EEA20368E99A2927B0C1762.d.B831B23F03977A2B99EAE40FBE5859A3.e.7189/click - {}
RESULT: {}
COMMAND: POST /session/e8ae643ad1a7d9f9ee71b330bca2e34d/element - {"using":"xpath","value":"//span[contains(text(), \"Cost Center\")]"}
COMMAND: GET /session/e8ae643ad1a7d9f9ee71b330bca2e34d/screenshot - {}
RESULT: {"using":"xpath","value":"//span[contains(text(), \"Cost Center\")]"}
COMMAND: POST /session/e8ae643ad1a7d9f9ee71b330bca2e34d/element/f.804597995EEA20368E99A2927B0C1762.d.B831B23F03977A2B99EAE40FBE5859A3.e.7190/click - {}
RESULT: {}
RESULT: {}
COMMAND: GET /session/e8ae643ad1a7d9f9ee71b330bca2e34d/screenshot - {}
RESULT: {}
COMMAND: POST /session/e8ae643ad1a7d9f9ee71b330bca2e34d/element - {"using":"xpath","value":"//span[@id=\"application-manageyards-display-component---NewYard--addressNewCostObjectCstID-vhi\"]"}
RESULT: {"using":"xpath","value":"//span[@id=\"application-manageyards-display-component---NewYard--addressNewCostObjectCstID-vhi\"]"}
COMMAND: POST /session/e8ae643ad1a7d9f9ee71b330bca2e34d/execute/sync - {"script":"<script> [8489 bytes]","args":[{"element-6066-11e4-a52e-4f735466cecf":"f.804597995EEA20368E99A2927B0C1762.d.B831B23F03977A2B99EAE40FBE5859A3.e.7193","ELEMENT":"f.804597995EEA20368E99A2927B0C1762.d.B831B23F03977A2B99EAE40FBE5859A3.e.7193"}]}
RESULT: {"script":"<script> [8489 bytes]","args":[{"element-6066-11e4-a52e-4f735466cecf":"f.804597995EEA20368E99A2927B0C1762.d.B831B23F03977A2B99EAE40FBE5859A3.e.7193","ELEMENT":"f.804597995EEA20368E99A2927B0C1762.d.B831B23F03977A2B99EAE40FBE5859A3.e.7193"}]}
COMMAND: POST /session/e8ae643ad1a7d9f9ee71b330bca2e34d/execute/async - {"script":"<script> [1562 bytes]","args":[{"selector":{"id":"application-manageyards-display-component---NewYard--addressNewCostObjectCstID-vhi"},"wdio_ui5_key":"applicationmanageyards-display-component---NewYard--addressNewCostObjectCstID-vhi"}]}
COMMAND: GET /session/e8ae643ad1a7d9f9ee71b330bca2e34d/screenshot - {}
RESULT: {"script":"<script> [1562 bytes]","args":[{"selector":{"id":"application-manageyards-display-component---NewYard--addressNewCostObjectCstID-vhi"},"wdio_ui5_key":"applicationmanageyards-display-component---NewYard--addressNewCostObjectCstID-vhi"}]}
RESULT: undefined
COMMAND: POST /session/e8ae643ad1a7d9f9ee71b330bca2e34d/element - {"using":"xpath","value":"//*[@id=\"application-manageyards-display-component---NewYard--addressNewCostObjectCstID-vhi\"]"}
RESULT: {}
RESULT: {"using":"xpath","value":"//*[@id=\"application-manageyards-display-component---NewYard--addressNewCostObjectCstID-vhi\"]"}
COMMAND: POST /session/e8ae643ad1a7d9f9ee71b330bca2e34d/element/f.804597995EEA20368E99A2927B0C1762.d.B831B23F03977A2B99EAE40FBE5859A3.e.7193/click - {}
RESULT: {}
COMMAND: GET /session/e8ae643ad1a7d9f9ee71b330bca2e34d/screenshot - {}
RESULT: {}
COMMAND: POST /session/e8ae643ad1a7d9f9ee71b330bca2e34d/execute/async - {"script":"<script> [1562 bytes]","args":[{"selector":{"controlType":"sap.m.SearchField","properties":{"placeholder":"Search"},"searchOpenDialogs":true,"interaction":{"idSuffix":"I"}},"wdio_ui5_key":"sapm.SearchField{\"placeholder\":\"Search\"}"}]}
RESULT: {"script":"<script> [1562 bytes]","args":[{"selector":{"controlType":"sap.m.SearchField","properties":{"placeholder":"Search"},"searchOpenDialogs":true,"interaction":{"idSuffix":"I"}},"wdio_ui5_key":"sapm.SearchField{\"placeholder\":\"Search\"}"}]}
RESULT: undefined
COMMAND: POST /session/e8ae643ad1a7d9f9ee71b330bca2e34d/execute/async - {"script":"<script> [776 bytes]","args":[{"enterText":"10001013","selector":{"controlType":"sap.m.SearchField","properties":{"placeholder":"Search"},"searchOpenDialogs":true,"interaction":{"idSuffix":"I"}},"clearTextFirst":true,"interactionType":"ENTER_TEXT"}]}
RESULT: {"script":"<script> [776 bytes]","args":[{"enterText":"10001013","selector":{"controlType":"sap.m.SearchField","properties":{"placeholder":"Search"},"searchOpenDialogs":true,"interaction":{"idSuffix":"I"}},"clearTextFirst":true,"interactionType":"ENTER_TEXT"}]}
COMMAND: POST /session/e8ae643ad1a7d9f9ee71b330bca2e34d/actions - {"actions":[{"id":"action22","type":"key","parameters":{},"actions":[{"type":"keyDown","value":""},{"type":"pause","duration":10},{"type":"keyUp","value":""}]}]}
RESULT: {"actions":[{"id":"action22","type":"key","parameters":{},"actions":[{"type":"keyDown","value":""},{"type":"pause","duration":10},{"type":"keyUp","value":""}]}]}
COMMAND: GET /session/e8ae643ad1a7d9f9ee71b330bca2e34d/screenshot - {}
RESULT: {}
COMMAND: POST /session/e8ae643ad1a7d9f9ee71b330bca2e34d/element - {"using":"xpath","value":"//span[contains(text(), \"General Management\")]"}
RESULT: {"using":"xpath","value":"//span[contains(text(), \"General Management\")]"}
COMMAND: POST /session/e8ae643ad1a7d9f9ee71b330bca2e34d/element/f.804597995EEA20368E99A2927B0C1762.d.B831B23F03977A2B99EAE40FBE5859A3.e.7234/click - {}
RESULT: {}
COMMAND: GET /session/e8ae643ad1a7d9f9ee71b330bca2e34d/screenshot - {}
RESULT: {}
COMMAND: POST /session/e8ae643ad1a7d9f9ee71b330bca2e34d/element - {"using":"xpath","value":"//bdi[contains(text(), \"OK\")]"}
RESULT: {"using":"xpath","value":"//bdi[contains(text(), \"OK\")]"}
COMMAND: POST /session/e8ae643ad1a7d9f9ee71b330bca2e34d/element/f.804597995EEA20368E99A2927B0C1762.d.B831B23F03977A2B99EAE40FBE5859A3.e.7235/click - {}
RESULT: {}
COMMAND: GET /session/e8ae643ad1a7d9f9ee71b330bca2e34d/screenshot - {}
RESULT: {}
COMMAND: POST /session/e8ae643ad1a7d9f9ee71b330bca2e34d/execute/async - {"script":"<script> [1562 bytes]","args":[{"selector":{"id":"application-manageyards-display-component---NewYard--addressEditDetailsCurrency-arrow"},"wdio_ui5_key":"applicationmanageyards-display-component---NewYard--addressEditDetailsCurrency-arrow"}]}
RESULT: {"script":"<script> [1562 bytes]","args":[{"selector":{"id":"application-manageyards-display-component---NewYard--addressEditDetailsCurrency-arrow"},"wdio_ui5_key":"applicationmanageyards-display-component---NewYard--addressEditDetailsCurrency-arrow"}]}
RESULT: undefined
COMMAND: POST /session/e8ae643ad1a7d9f9ee71b330bca2e34d/element - {"using":"xpath","value":"//*[@id=\"application-manageyards-display-component---NewYard--addressEditDetailsCurrency-arrow\"]"}
RESULT: {"using":"xpath","value":"//*[@id=\"application-manageyards-display-component---NewYard--addressEditDetailsCurrency-arrow\"]"}
COMMAND: POST /session/e8ae643ad1a7d9f9ee71b330bca2e34d/element/f.804597995EEA20368E99A2927B0C1762.d.B831B23F03977A2B99EAE40FBE5859A3.e.7238/click - {}
RESULT: {}
COMMAND: POST /session/e8ae643ad1a7d9f9ee71b330bca2e34d/element - {"using":"xpath","value":"//span[contains(text(), \"Euro\")]"}
COMMAND: GET /session/e8ae643ad1a7d9f9ee71b330bca2e34d/screenshot - {}
RESULT: {"using":"xpath","value":"//span[contains(text(), \"Euro\")]"}
COMMAND: POST /session/e8ae643ad1a7d9f9ee71b330bca2e34d/element/f.804597995EEA20368E99A2927B0C1762.d.B831B23F03977A2B99EAE40FBE5859A3.e.7239/click - {}
RESULT: {}
RESULT: {}
COMMAND: POST /session/e8ae643ad1a7d9f9ee71b330bca2e34d/execute/async - {"script":"<script> [1562 bytes]","args":[{"selector":{"controlType":"sap.m.Input","viewName":"etm.portal.ui.manageyards.view.New","viewId":"application-manageyards-display-component---NewYard","bindingPath":{"path":"","propertyPath":"/CONTROLLING_AREA","modelName":"NewYardModel"},"interaction":{"idSuffix":"inner"}},"wdio_ui5_key":"etmportal.ui.manageyards.view.Newsap.m.Input{\"path\":\"\",\"propertyPath\":\"/CONTROLLING_AREA\",\"modelName\":\"NewYardModel\"}"}]}
COMMAND: GET /session/e8ae643ad1a7d9f9ee71b330bca2e34d/screenshot - {}
RESULT: {"script":"<script> [1562 bytes]","args":[{"selector":{"controlType":"sap.m.Input","viewName":"etm.portal.ui.manageyards.view.New","viewId":"application-manageyards-display-component---NewYard","bindingPath":{"path":"","propertyPath":"/CONTROLLING_AREA","modelName":"NewYardModel"},"interaction":{"idSuffix":"inner"}},"wdio_ui5_key":"etmportal.ui.manageyards.view.Newsap.m.Input{\"path\":\"\",\"propertyPath\":\"/CONTROLLING_AREA\",\"modelName\":\"NewYardModel\"}"}]}
RESULT: undefined
COMMAND: POST /session/e8ae643ad1a7d9f9ee71b330bca2e34d/execute/async - {"script":"<script> [776 bytes]","args":[{"enterText":"Z001","selector":{"controlType":"sap.m.Input","viewName":"etm.portal.ui.manageyards.view.New","viewId":"application-manageyards-display-component---NewYard","bindingPath":{"path":"","propertyPath":"/CONTROLLING_AREA","modelName":"NewYardModel"},"interaction":{"idSuffix":"inner"}},"clearTextFirst":true,"interactionType":"ENTER_TEXT"}]}
RESULT: {}
RESULT: {"script":"<script> [776 bytes]","args":[{"enterText":"Z001","selector":{"controlType":"sap.m.Input","viewName":"etm.portal.ui.manageyards.view.New","viewId":"application-manageyards-display-component---NewYard","bindingPath":{"path":"","propertyPath":"/CONTROLLING_AREA","modelName":"NewYardModel"},"interaction":{"idSuffix":"inner"}},"clearTextFirst":true,"interactionType":"ENTER_TEXT"}]}
COMMAND: POST /session/e8ae643ad1a7d9f9ee71b330bca2e34d/execute/async - {"script":"<script> [1562 bytes]","args":[{"selector":{"id":"application-manageyards-display-component---NewYard--companyCodeComboBox","interaction":{"idSuffix":"inner"}},"wdio_ui5_key":"applicationmanageyards-display-component---NewYard--companyCodeComboBox"}]}
RESULT: {"script":"<script> [1562 bytes]","args":[{"selector":{"id":"application-manageyards-display-component---NewYard--companyCodeComboBox","interaction":{"idSuffix":"inner"}},"wdio_ui5_key":"applicationmanageyards-display-component---NewYard--companyCodeComboBox"}]}
RESULT: undefined
COMMAND: POST /session/e8ae643ad1a7d9f9ee71b330bca2e34d/execute/async - {"script":"<script> [776 bytes]","args":[{"enterText":"1000","selector":{"id":"application-manageyards-display-component---NewYard--companyCodeComboBox","interaction":{"idSuffix":"inner"}},"clearTextFirst":true,"interactionType":"ENTER_TEXT"}]}
RESULT: {"script":"<script> [776 bytes]","args":[{"enterText":"1000","selector":{"id":"application-manageyards-display-component---NewYard--companyCodeComboBox","interaction":{"idSuffix":"inner"}},"clearTextFirst":true,"interactionType":"ENTER_TEXT"}]}
COMMAND: POST /session/e8ae643ad1a7d9f9ee71b330bca2e34d/execute/async - {"script":"<script> [1562 bytes]","args":[{"selector":{"controlType":"sap.m.Input","viewName":"etm.portal.ui.manageyards.view.New","viewId":"application-manageyards-display-component---NewYard","bindingPath":{"path":"","propertyPath":"/PLANT","modelName":"NewYardModel"},"interaction":{"idSuffix":"inner"}},"wdio_ui5_key":"etmportal.ui.manageyards.view.Newsap.m.Input{\"path\":\"\",\"propertyPath\":\"/PLANT\",\"modelName\":\"NewYardModel\"}"}]}
RESULT: {"script":"<script> [1562 bytes]","args":[{"selector":{"controlType":"sap.m.Input","viewName":"etm.portal.ui.manageyards.view.New","viewId":"application-manageyards-display-component---NewYard","bindingPath":{"path":"","propertyPath":"/PLANT","modelName":"NewYardModel"},"interaction":{"idSuffix":"inner"}},"wdio_ui5_key":"etmportal.ui.manageyards.view.Newsap.m.Input{\"path\":\"\",\"propertyPath\":\"/PLANT\",\"modelName\":\"NewYardModel\"}"}]}
RESULT: undefined
COMMAND: POST /session/e8ae643ad1a7d9f9ee71b330bca2e34d/execute/async - {"script":"<script> [776 bytes]","args":[{"enterText":"1001","selector":{"controlType":"sap.m.Input","viewName":"etm.portal.ui.manageyards.view.New","viewId":"application-manageyards-display-component---NewYard","bindingPath":{"path":"","propertyPath":"/PLANT","modelName":"NewYardModel"},"interaction":{"idSuffix":"inner"}},"clearTextFirst":true,"interactionType":"ENTER_TEXT"}]}
RESULT: {"script":"<script> [776 bytes]","args":[{"enterText":"1001","selector":{"controlType":"sap.m.Input","viewName":"etm.portal.ui.manageyards.view.New","viewId":"application-manageyards-display-component---NewYard","bindingPath":{"path":"","propertyPath":"/PLANT","modelName":"NewYardModel"},"interaction":{"idSuffix":"inner"}},"clearTextFirst":true,"interactionType":"ENTER_TEXT"}]}
COMMAND: POST /session/e8ae643ad1a7d9f9ee71b330bca2e34d/execute/async - {"script":"<script> [1562 bytes]","args":[{"selector":{"controlType":"sap.m.Input","viewName":"etm.portal.ui.manageyards.view.New","viewId":"application-manageyards-display-component---NewYard","bindingPath":{"path":"","propertyPath":"/SALES_AREA_VKORG","modelName":"NewYardModel"},"interaction":{"idSuffix":"inner"}},"wdio_ui5_key":"etmportal.ui.manageyards.view.Newsap.m.Input{\"path\":\"\",\"propertyPath\":\"/SALES_AREA_VKORG\",\"modelName\":\"NewYardModel\"}"}]}
RESULT: {"script":"<script> [1562 bytes]","args":[{"selector":{"controlType":"sap.m.Input","viewName":"etm.portal.ui.manageyards.view.New","viewId":"application-manageyards-display-component---NewYard","bindingPath":{"path":"","propertyPath":"/SALES_AREA_VKORG","modelName":"NewYardModel"},"interaction":{"idSuffix":"inner"}},"wdio_ui5_key":"etmportal.ui.manageyards.view.Newsap.m.Input{\"path\":\"\",\"propertyPath\":\"/SALES_AREA_VKORG\",\"modelName\":\"NewYardModel\"}"}]}
RESULT: undefined
COMMAND: POST /session/e8ae643ad1a7d9f9ee71b330bca2e34d/execute/async - {"script":"<script> [776 bytes]","args":[{"enterText":"C002","selector":{"controlType":"sap.m.Input","viewName":"etm.portal.ui.manageyards.view.New","viewId":"application-manageyards-display-component---NewYard","bindingPath":{"path":"","propertyPath":"/SALES_AREA_VKORG","modelName":"NewYardModel"},"interaction":{"idSuffix":"inner"}},"clearTextFirst":true,"interactionType":"ENTER_TEXT"}]}
RESULT: {"script":"<script> [776 bytes]","args":[{"enterText":"C002","selector":{"controlType":"sap.m.Input","viewName":"etm.portal.ui.manageyards.view.New","viewId":"application-manageyards-display-component---NewYard","bindingPath":{"path":"","propertyPath":"/SALES_AREA_VKORG","modelName":"NewYardModel"},"interaction":{"idSuffix":"inner"}},"clearTextFirst":true,"interactionType":"ENTER_TEXT"}]}
COMMAND: POST /session/e8ae643ad1a7d9f9ee71b330bca2e34d/execute/async - {"script":"<script> [1562 bytes]","args":[{"selector":{"controlType":"sap.m.Input","viewName":"etm.portal.ui.manageyards.view.New","viewId":"application-manageyards-display-component---NewYard","bindingPath":{"path":"","propertyPath":"/SALES_AREA_VTWEG","modelName":"NewYardModel"},"interaction":{"idSuffix":"inner"}},"wdio_ui5_key":"etmportal.ui.manageyards.view.Newsap.m.Input{\"path\":\"\",\"propertyPath\":\"/SALES_AREA_VTWEG\",\"modelName\":\"NewYardModel\"}"}]}
RESULT: {"script":"<script> [1562 bytes]","args":[{"selector":{"controlType":"sap.m.Input","viewName":"etm.portal.ui.manageyards.view.New","viewId":"application-manageyards-display-component---NewYard","bindingPath":{"path":"","propertyPath":"/SALES_AREA_VTWEG","modelName":"NewYardModel"},"interaction":{"idSuffix":"inner"}},"wdio_ui5_key":"etmportal.ui.manageyards.view.Newsap.m.Input{\"path\":\"\",\"propertyPath\":\"/SALES_AREA_VTWEG\",\"modelName\":\"NewYardModel\"}"}]}
RESULT: undefined
COMMAND: POST /session/e8ae643ad1a7d9f9ee71b330bca2e34d/execute/async - {"script":"<script> [776 bytes]","args":[{"enterText":"C2","selector":{"controlType":"sap.m.Input","viewName":"etm.portal.ui.manageyards.view.New","viewId":"application-manageyards-display-component---NewYard","bindingPath":{"path":"","propertyPath":"/SALES_AREA_VTWEG","modelName":"NewYardModel"},"interaction":{"idSuffix":"inner"}},"clearTextFirst":true,"interactionType":"ENTER_TEXT"}]}
RESULT: {"script":"<script> [776 bytes]","args":[{"enterText":"C2","selector":{"controlType":"sap.m.Input","viewName":"etm.portal.ui.manageyards.view.New","viewId":"application-manageyards-display-component---NewYard","bindingPath":{"path":"","propertyPath":"/SALES_AREA_VTWEG","modelName":"NewYardModel"},"interaction":{"idSuffix":"inner"}},"clearTextFirst":true,"interactionType":"ENTER_TEXT"}]}
COMMAND: POST /session/e8ae643ad1a7d9f9ee71b330bca2e34d/execute/async - {"script":"<script> [1562 bytes]","args":[{"selector":{"controlType":"sap.m.Input","viewName":"etm.portal.ui.manageyards.view.New","viewId":"application-manageyards-display-component---NewYard","bindingPath":{"path":"","propertyPath":"/SALES_AREA_SPART","modelName":"NewYardModel"},"interaction":{"idSuffix":"inner"}},"wdio_ui5_key":"etmportal.ui.manageyards.view.Newsap.m.Input{\"path\":\"\",\"propertyPath\":\"/SALES_AREA_SPART\",\"modelName\":\"NewYardModel\"}"}]}
RESULT: {"script":"<script> [1562 bytes]","args":[{"selector":{"controlType":"sap.m.Input","viewName":"etm.portal.ui.manageyards.view.New","viewId":"application-manageyards-display-component---NewYard","bindingPath":{"path":"","propertyPath":"/SALES_AREA_SPART","modelName":"NewYardModel"},"interaction":{"idSuffix":"inner"}},"wdio_ui5_key":"etmportal.ui.manageyards.view.Newsap.m.Input{\"path\":\"\",\"propertyPath\":\"/SALES_AREA_SPART\",\"modelName\":\"NewYardModel\"}"}]}
RESULT: undefined
COMMAND: POST /session/e8ae643ad1a7d9f9ee71b330bca2e34d/execute/async - {"script":"<script> [776 bytes]","args":[{"enterText":"C2","selector":{"controlType":"sap.m.Input","viewName":"etm.portal.ui.manageyards.view.New","viewId":"application-manageyards-display-component---NewYard","bindingPath":{"path":"","propertyPath":"/SALES_AREA_SPART","modelName":"NewYardModel"},"interaction":{"idSuffix":"inner"}},"clearTextFirst":true,"interactionType":"ENTER_TEXT"}]}
RESULT: {"script":"<script> [776 bytes]","args":[{"enterText":"C2","selector":{"controlType":"sap.m.Input","viewName":"etm.portal.ui.manageyards.view.New","viewId":"application-manageyards-display-component---NewYard","bindingPath":{"path":"","propertyPath":"/SALES_AREA_SPART","modelName":"NewYardModel"},"interaction":{"idSuffix":"inner"}},"clearTextFirst":true,"interactionType":"ENTER_TEXT"}]}
COMMAND: POST /session/e8ae643ad1a7d9f9ee71b330bca2e34d/execute/async - {"script":"<script> [1562 bytes]","args":[{"selector":{"controlType":"sap.m.Input","viewName":"etm.portal.ui.manageyards.view.New","viewId":"application-manageyards-display-component---NewYard","bindingPath":{"path":"","propertyPath":"/SHIP_POINT","modelName":"NewYardModel"},"interaction":{"idSuffix":"inner"}},"wdio_ui5_key":"etmportal.ui.manageyards.view.Newsap.m.Input{\"path\":\"\",\"propertyPath\":\"/SHIP_POINT\",\"modelName\":\"NewYardModel\"}"}]}
RESULT: {"script":"<script> [1562 bytes]","args":[{"selector":{"controlType":"sap.m.Input","viewName":"etm.portal.ui.manageyards.view.New","viewId":"application-manageyards-display-component---NewYard","bindingPath":{"path":"","propertyPath":"/SHIP_POINT","modelName":"NewYardModel"},"interaction":{"idSuffix":"inner"}},"wdio_ui5_key":"etmportal.ui.manageyards.view.Newsap.m.Input{\"path\":\"\",\"propertyPath\":\"/SHIP_POINT\",\"modelName\":\"NewYardModel\"}"}]}
RESULT: undefined
COMMAND: POST /session/e8ae643ad1a7d9f9ee71b330bca2e34d/execute/async - {"script":"<script> [776 bytes]","args":[{"enterText":"1710","selector":{"controlType":"sap.m.Input","viewName":"etm.portal.ui.manageyards.view.New","viewId":"application-manageyards-display-component---NewYard","bindingPath":{"path":"","propertyPath":"/SHIP_POINT","modelName":"NewYardModel"},"interaction":{"idSuffix":"inner"}},"clearTextFirst":true,"interactionType":"ENTER_TEXT"}]}
RESULT: {"script":"<script> [776 bytes]","args":[{"enterText":"1710","selector":{"controlType":"sap.m.Input","viewName":"etm.portal.ui.manageyards.view.New","viewId":"application-manageyards-display-component---NewYard","bindingPath":{"path":"","propertyPath":"/SHIP_POINT","modelName":"NewYardModel"},"interaction":{"idSuffix":"inner"}},"clearTextFirst":true,"interactionType":"ENTER_TEXT"}]}
COMMAND: POST /session/e8ae643ad1a7d9f9ee71b330bca2e34d/execute/async - {"script":"<script> [1562 bytes]","args":[{"selector":{"controlType":"sap.m.Input","viewName":"etm.portal.ui.manageyards.view.New","viewId":"application-manageyards-display-component---NewYard","bindingPath":{"path":"","propertyPath":"/DELIVERY_TYPE","modelName":"NewYardModel"},"interaction":{"idSuffix":"inner"}},"wdio_ui5_key":"etmportal.ui.manageyards.view.Newsap.m.Input{\"path\":\"\",\"propertyPath\":\"/DELIVERY_TYPE\",\"modelName\":\"NewYardModel\"}"}]}
RESULT: {"script":"<script> [1562 bytes]","args":[{"selector":{"controlType":"sap.m.Input","viewName":"etm.portal.ui.manageyards.view.New","viewId":"application-manageyards-display-component---NewYard","bindingPath":{"path":"","propertyPath":"/DELIVERY_TYPE","modelName":"NewYardModel"},"interaction":{"idSuffix":"inner"}},"wdio_ui5_key":"etmportal.ui.manageyards.view.Newsap.m.Input{\"path\":\"\",\"propertyPath\":\"/DELIVERY_TYPE\",\"modelName\":\"NewYardModel\"}"}]}
RESULT: undefined
COMMAND: POST /session/e8ae643ad1a7d9f9ee71b330bca2e34d/execute/async - {"script":"<script> [776 bytes]","args":[{"enterText":"ZL01","selector":{"controlType":"sap.m.Input","viewName":"etm.portal.ui.manageyards.view.New","viewId":"application-manageyards-display-component---NewYard","bindingPath":{"path":"","propertyPath":"/DELIVERY_TYPE","modelName":"NewYardModel"},"interaction":{"idSuffix":"inner"}},"clearTextFirst":true,"interactionType":"ENTER_TEXT"}]}
RESULT: {"script":"<script> [776 bytes]","args":[{"enterText":"ZL01","selector":{"controlType":"sap.m.Input","viewName":"etm.portal.ui.manageyards.view.New","viewId":"application-manageyards-display-component---NewYard","bindingPath":{"path":"","propertyPath":"/DELIVERY_TYPE","modelName":"NewYardModel"},"interaction":{"idSuffix":"inner"}},"clearTextFirst":true,"interactionType":"ENTER_TEXT"}]}
COMMAND: POST /session/e8ae643ad1a7d9f9ee71b330bca2e34d/execute/async - {"script":"<script> [1562 bytes]","args":[{"selector":{"controlType":"sap.m.Input","viewName":"etm.portal.ui.manageyards.view.New","viewId":"application-manageyards-display-component---NewYard","bindingPath":{"path":"","propertyPath":"/AUART","modelName":"NewYardModel"},"interaction":{"idSuffix":"inner"}},"wdio_ui5_key":"etmportal.ui.manageyards.view.Newsap.m.Input{\"path\":\"\",\"propertyPath\":\"/AUART\",\"modelName\":\"NewYardModel\"}"}]}
RESULT: {"script":"<script> [1562 bytes]","args":[{"selector":{"controlType":"sap.m.Input","viewName":"etm.portal.ui.manageyards.view.New","viewId":"application-manageyards-display-component---NewYard","bindingPath":{"path":"","propertyPath":"/AUART","modelName":"NewYardModel"},"interaction":{"idSuffix":"inner"}},"wdio_ui5_key":"etmportal.ui.manageyards.view.Newsap.m.Input{\"path\":\"\",\"propertyPath\":\"/AUART\",\"modelName\":\"NewYardModel\"}"}]}
RESULT: undefined
COMMAND: POST /session/e8ae643ad1a7d9f9ee71b330bca2e34d/execute/async - {"script":"<script> [776 bytes]","args":[{"enterText":"TA","selector":{"controlType":"sap.m.Input","viewName":"etm.portal.ui.manageyards.view.New","viewId":"application-manageyards-display-component---NewYard","bindingPath":{"path":"","propertyPath":"/AUART","modelName":"NewYardModel"},"interaction":{"idSuffix":"inner"}},"clearTextFirst":true,"interactionType":"ENTER_TEXT"}]}
RESULT: {"script":"<script> [776 bytes]","args":[{"enterText":"TA","selector":{"controlType":"sap.m.Input","viewName":"etm.portal.ui.manageyards.view.New","viewId":"application-manageyards-display-component---NewYard","bindingPath":{"path":"","propertyPath":"/AUART","modelName":"NewYardModel"},"interaction":{"idSuffix":"inner"}},"clearTextFirst":true,"interactionType":"ENTER_TEXT"}]}
COMMAND: POST /session/e8ae643ad1a7d9f9ee71b330bca2e34d/element - {"using":"xpath","value":"//button[@data-kt=\"newYardSaveButton\"]"}
RESULT: {"using":"xpath","value":"//button[@data-kt=\"newYardSaveButton\"]"}
COMMAND: POST /session/e8ae643ad1a7d9f9ee71b330bca2e34d/element/f.804597995EEA20368E99A2927B0C1762.d.B831B23F03977A2B99EAE40FBE5859A3.e.7167/click - {}
RESULT: {}
COMMAND: GET /session/e8ae643ad1a7d9f9ee71b330bca2e34d/screenshot - {}
RESULT: {}
COMMAND: POST /session/e8ae643ad1a7d9f9ee71b330bca2e34d/element - {"using":"xpath","value":"//header[contains(@id, 'ObjectPageLayout-headerTitle')]/div[1]/div[2]/div[1]/span[1]"}
RESULT: {"using":"xpath","value":"//header[contains(@id, 'ObjectPageLayout-headerTitle')]/div[1]/div[2]/div[1]/span[1]"}
COMMAND: POST /session/e8ae643ad1a7d9f9ee71b330bca2e34d/elements - {"using":"xpath","value":"//header[contains(@id, 'ObjectPageLayout-headerTitle')]/div[1]/div[2]/div[1]/span[1]"}
RESULT: {"using":"xpath","value":"//header[contains(@id, 'ObjectPageLayout-headerTitle')]/div[1]/div[2]/div[1]/span[1]"}
COMMAND: POST /session/e8ae643ad1a7d9f9ee71b330bca2e34d/execute/sync - {"script":"<script> [56 bytes]","args":[{"element-6066-11e4-a52e-4f735466cecf":"f.804597995EEA20368E99A2927B0C1762.d.B831B23F03977A2B99EAE40FBE5859A3.e.7478","ELEMENT":"f.804597995EEA20368E99A2927B0C1762.d.B831B23F03977A2B99EAE40FBE5859A3.e.7478"}]}
RESULT: {"script":"<script> [56 bytes]","args":[{"element-6066-11e4-a52e-4f735466cecf":"f.804597995EEA20368E99A2927B0C1762.d.B831B23F03977A2B99EAE40FBE5859A3.e.7478","ELEMENT":"f.804597995EEA20368E99A2927B0C1762.d.B831B23F03977A2B99EAE40FBE5859A3.e.7478"}]}
COMMAND: GET /session/e8ae643ad1a7d9f9ee71b330bca2e34d/screenshot - {}
RESULT: {}
COMMAND: POST /session/e8ae643ad1a7d9f9ee71b330bca2e34d/element - {"using":"css selector","value":"#shell-header-logo"}
RESULT: {"using":"css selector","value":"#shell-header-logo"}
COMMAND: POST /session/e8ae643ad1a7d9f9ee71b330bca2e34d/element/f.804597995EEA20368E99A2927B0C1762.d.B831B23F03977A2B99EAE40FBE5859A3.e.6715/click - {}
RESULT: {}
COMMAND: GET /session/e8ae643ad1a7d9f9ee71b330bca2e34d/screenshot - {}
RESULT: {}
]]></system-out>
    </testcase>
    <testcase classname="chrome.135_0_7049_42.windows.Billing_Transfer_-_Intracompany_US127249" name="Should create a new partner" time="107.581">
      <system-out><![CDATA[
COMMAND: POST /session/e8ae643ad1a7d9f9ee71b330bca2e34d/window/fullscreen - {}
RESULT: {}
COMMAND: POST /session/e8ae643ad1a7d9f9ee71b330bca2e34d/execute/async - {"script":"<script> [1562 bytes]","args":[{"selector":{"controlType":"sap.m.GenericTile","properties":{"header":"Manage Partners"}},"wdio_ui5_key":"sapm.GenericTile{\"header\":\"Manage Partners\"}"}]}
RESULT: {"script":"<script> [1562 bytes]","args":[{"selector":{"controlType":"sap.m.GenericTile","properties":{"header":"Manage Partners"}},"wdio_ui5_key":"sapm.GenericTile{\"header\":\"Manage Partners\"}"}]}
RESULT: undefined
COMMAND: POST /session/e8ae643ad1a7d9f9ee71b330bca2e34d/element - {"using":"xpath","value":"//*[@id=\"__tile38\"]"}
RESULT: {"using":"xpath","value":"//*[@id=\"__tile38\"]"}
COMMAND: POST /session/e8ae643ad1a7d9f9ee71b330bca2e34d/element/f.804597995EEA20368E99A2927B0C1762.d.B831B23F03977A2B99EAE40FBE5859A3.e.6599/click - {}
RESULT: {}
COMMAND: POST /session/e8ae643ad1a7d9f9ee71b330bca2e34d/element - {"using":"xpath","value":"//button[@data-kt=\"addButton\"]"}
COMMAND: GET /session/e8ae643ad1a7d9f9ee71b330bca2e34d/screenshot - {}
RESULT: {"using":"xpath","value":"//button[@data-kt=\"addButton\"]"}
COMMAND: POST /session/e8ae643ad1a7d9f9ee71b330bca2e34d/elements - {"using":"xpath","value":"//button[@data-kt=\"addButton\"]"}
RESULT: {}
RESULT: {"using":"xpath","value":"//button[@data-kt=\"addButton\"]"}
COMMAND: POST /session/e8ae643ad1a7d9f9ee71b330bca2e34d/elements - {"using":"xpath","value":"//button[@data-kt=\"addButton\"]"}
RESULT: {"using":"xpath","value":"//button[@data-kt=\"addButton\"]"}
COMMAND: POST /session/e8ae643ad1a7d9f9ee71b330bca2e34d/elements - {"using":"xpath","value":"//button[@data-kt=\"addButton\"]"}
RESULT: {"using":"xpath","value":"//button[@data-kt=\"addButton\"]"}
COMMAND: POST /session/e8ae643ad1a7d9f9ee71b330bca2e34d/elements - {"using":"xpath","value":"//button[@data-kt=\"addButton\"]"}
RESULT: {"using":"xpath","value":"//button[@data-kt=\"addButton\"]"}
COMMAND: POST /session/e8ae643ad1a7d9f9ee71b330bca2e34d/elements - {"using":"xpath","value":"//button[@data-kt=\"addButton\"]"}
RESULT: {"using":"xpath","value":"//button[@data-kt=\"addButton\"]"}
COMMAND: POST /session/e8ae643ad1a7d9f9ee71b330bca2e34d/elements - {"using":"xpath","value":"//button[@data-kt=\"addButton\"]"}
RESULT: {"using":"xpath","value":"//button[@data-kt=\"addButton\"]"}
COMMAND: POST /session/e8ae643ad1a7d9f9ee71b330bca2e34d/elements - {"using":"xpath","value":"//button[@data-kt=\"addButton\"]"}
RESULT: {"using":"xpath","value":"//button[@data-kt=\"addButton\"]"}
COMMAND: POST /session/e8ae643ad1a7d9f9ee71b330bca2e34d/elements - {"using":"xpath","value":"//button[@data-kt=\"addButton\"]"}
RESULT: {"using":"xpath","value":"//button[@data-kt=\"addButton\"]"}
COMMAND: POST /session/e8ae643ad1a7d9f9ee71b330bca2e34d/elements - {"using":"xpath","value":"//button[@data-kt=\"addButton\"]"}
RESULT: {"using":"xpath","value":"//button[@data-kt=\"addButton\"]"}
COMMAND: POST /session/e8ae643ad1a7d9f9ee71b330bca2e34d/elements - {"using":"xpath","value":"//button[@data-kt=\"addButton\"]"}
RESULT: {"using":"xpath","value":"//button[@data-kt=\"addButton\"]"}
COMMAND: POST /session/e8ae643ad1a7d9f9ee71b330bca2e34d/elements - {"using":"xpath","value":"//button[@data-kt=\"addButton\"]"}
RESULT: {"using":"xpath","value":"//button[@data-kt=\"addButton\"]"}
COMMAND: POST /session/e8ae643ad1a7d9f9ee71b330bca2e34d/elements - {"using":"xpath","value":"//button[@data-kt=\"addButton\"]"}
RESULT: {"using":"xpath","value":"//button[@data-kt=\"addButton\"]"}
COMMAND: POST /session/e8ae643ad1a7d9f9ee71b330bca2e34d/elements - {"using":"xpath","value":"//button[@data-kt=\"addButton\"]"}
RESULT: {"using":"xpath","value":"//button[@data-kt=\"addButton\"]"}
COMMAND: POST /session/e8ae643ad1a7d9f9ee71b330bca2e34d/elements - {"using":"xpath","value":"//button[@data-kt=\"addButton\"]"}
RESULT: {"using":"xpath","value":"//button[@data-kt=\"addButton\"]"}
COMMAND: POST /session/e8ae643ad1a7d9f9ee71b330bca2e34d/elements - {"using":"xpath","value":"//button[@data-kt=\"addButton\"]"}
RESULT: {"using":"xpath","value":"//button[@data-kt=\"addButton\"]"}
COMMAND: POST /session/e8ae643ad1a7d9f9ee71b330bca2e34d/elements - {"using":"xpath","value":"//button[@data-kt=\"addButton\"]"}
RESULT: {"using":"xpath","value":"//button[@data-kt=\"addButton\"]"}
COMMAND: POST /session/e8ae643ad1a7d9f9ee71b330bca2e34d/element - {"using":"xpath","value":"//button[@data-kt=\"addButton\"]"}
RESULT: {"using":"xpath","value":"//button[@data-kt=\"addButton\"]"}
COMMAND: POST /session/e8ae643ad1a7d9f9ee71b330bca2e34d/execute/sync - {"script":"<script> [8489 bytes]","args":[{"element-6066-11e4-a52e-4f735466cecf":"f.804597995EEA20368E99A2927B0C1762.d.B831B23F03977A2B99EAE40FBE5859A3.e.7527","ELEMENT":"f.804597995EEA20368E99A2927B0C1762.d.B831B23F03977A2B99EAE40FBE5859A3.e.7527"}]}
RESULT: {"script":"<script> [8489 bytes]","args":[{"element-6066-11e4-a52e-4f735466cecf":"f.804597995EEA20368E99A2927B0C1762.d.B831B23F03977A2B99EAE40FBE5859A3.e.7527","ELEMENT":"f.804597995EEA20368E99A2927B0C1762.d.B831B23F03977A2B99EAE40FBE5859A3.e.7527"}]}
COMMAND: GET /session/e8ae643ad1a7d9f9ee71b330bca2e34d/element/f.804597995EEA20368E99A2927B0C1762.d.B831B23F03977A2B99EAE40FBE5859A3.e.7527/enabled - {}
COMMAND: GET /session/e8ae643ad1a7d9f9ee71b330bca2e34d/screenshot - {}
RESULT: {}
COMMAND: POST /session/e8ae643ad1a7d9f9ee71b330bca2e34d/execute/sync - {"script":"<script> [8489 bytes]","args":[{"element-6066-11e4-a52e-4f735466cecf":"f.804597995EEA20368E99A2927B0C1762.d.B831B23F03977A2B99EAE40FBE5859A3.e.7527","ELEMENT":"f.804597995EEA20368E99A2927B0C1762.d.B831B23F03977A2B99EAE40FBE5859A3.e.7527"}]}
COMMAND: GET /session/e8ae643ad1a7d9f9ee71b330bca2e34d/screenshot - {}
RESULT: {}
RESULT: {"script":"<script> [8489 bytes]","args":[{"element-6066-11e4-a52e-4f735466cecf":"f.804597995EEA20368E99A2927B0C1762.d.B831B23F03977A2B99EAE40FBE5859A3.e.7527","ELEMENT":"f.804597995EEA20368E99A2927B0C1762.d.B831B23F03977A2B99EAE40FBE5859A3.e.7527"}]}
COMMAND: POST /session/e8ae643ad1a7d9f9ee71b330bca2e34d/execute/sync - {"script":"<script> [5351 bytes]","args":[{"element-6066-11e4-a52e-4f735466cecf":"f.804597995EEA20368E99A2927B0C1762.d.B831B23F03977A2B99EAE40FBE5859A3.e.7527","ELEMENT":"f.804597995EEA20368E99A2927B0C1762.d.B831B23F03977A2B99EAE40FBE5859A3.e.7527"}]}
COMMAND: GET /session/e8ae643ad1a7d9f9ee71b330bca2e34d/screenshot - {}
RESULT: {}
RESULT: {"script":"<script> [5351 bytes]","args":[{"element-6066-11e4-a52e-4f735466cecf":"f.804597995EEA20368E99A2927B0C1762.d.B831B23F03977A2B99EAE40FBE5859A3.e.7527","ELEMENT":"f.804597995EEA20368E99A2927B0C1762.d.B831B23F03977A2B99EAE40FBE5859A3.e.7527"}]}
COMMAND: POST /session/e8ae643ad1a7d9f9ee71b330bca2e34d/element/f.804597995EEA20368E99A2927B0C1762.d.B831B23F03977A2B99EAE40FBE5859A3.e.7527/click - {}
COMMAND: GET /session/e8ae643ad1a7d9f9ee71b330bca2e34d/screenshot - {}
RESULT: {}
RESULT: {}
COMMAND: GET /session/e8ae643ad1a7d9f9ee71b330bca2e34d/screenshot - {}
RESULT: {}
COMMAND: POST /session/e8ae643ad1a7d9f9ee71b330bca2e34d/execute/async - {"script":"<script> [1562 bytes]","args":[{"selector":{"id":"application-managepartners-display-component---NewPartner--addressDetailDetailsName1","interaction":{"idSuffix":"inner"}},"wdio_ui5_key":"applicationmanagepartners-display-component---NewPartner--addressDetailDetailsName1"}]}
RESULT: {}
RESULT: {"script":"<script> [1562 bytes]","args":[{"selector":{"id":"application-managepartners-display-component---NewPartner--addressDetailDetailsName1","interaction":{"idSuffix":"inner"}},"wdio_ui5_key":"applicationmanagepartners-display-component---NewPartner--addressDetailDetailsName1"}]}
RESULT: undefined
COMMAND: POST /session/e8ae643ad1a7d9f9ee71b330bca2e34d/execute/async - {"script":"<script> [776 bytes]","args":[{"enterText":"Intracompany Partner WDIO","selector":{"id":"application-managepartners-display-component---NewPartner--addressDetailDetailsName1","interaction":{"idSuffix":"inner"}},"clearTextFirst":true,"interactionType":"ENTER_TEXT"}]}
RESULT: {"script":"<script> [776 bytes]","args":[{"enterText":"Intracompany Partner WDIO","selector":{"id":"application-managepartners-display-component---NewPartner--addressDetailDetailsName1","interaction":{"idSuffix":"inner"}},"clearTextFirst":true,"interactionType":"ENTER_TEXT"}]}
COMMAND: POST /session/e8ae643ad1a7d9f9ee71b330bca2e34d/execute/async - {"script":"<script> [1562 bytes]","args":[{"selector":{"id":"application-managepartners-display-component---NewPartner--addressDetailDetailsLanguage-arrow"},"wdio_ui5_key":"applicationmanagepartners-display-component---NewPartner--addressDetailDetailsLanguage-arrow"}]}
RESULT: {"script":"<script> [1562 bytes]","args":[{"selector":{"id":"application-managepartners-display-component---NewPartner--addressDetailDetailsLanguage-arrow"},"wdio_ui5_key":"applicationmanagepartners-display-component---NewPartner--addressDetailDetailsLanguage-arrow"}]}
RESULT: undefined
COMMAND: POST /session/e8ae643ad1a7d9f9ee71b330bca2e34d/element - {"using":"xpath","value":"//*[@id=\"application-managepartners-display-component---NewPartner--addressDetailDetailsLanguage-arrow\"]"}
RESULT: {"using":"xpath","value":"//*[@id=\"application-managepartners-display-component---NewPartner--addressDetailDetailsLanguage-arrow\"]"}
COMMAND: POST /session/e8ae643ad1a7d9f9ee71b330bca2e34d/element/f.804597995EEA20368E99A2927B0C1762.d.B831B23F03977A2B99EAE40FBE5859A3.e.7972/click - {}
RESULT: {}
COMMAND: POST /session/e8ae643ad1a7d9f9ee71b330bca2e34d/element - {"using":"xpath","value":"//span[contains(text(), \"English\")]"}
COMMAND: GET /session/e8ae643ad1a7d9f9ee71b330bca2e34d/screenshot - {}
RESULT: {"using":"xpath","value":"//span[contains(text(), \"English\")]"}
COMMAND: POST /session/e8ae643ad1a7d9f9ee71b330bca2e34d/element/f.804597995EEA20368E99A2927B0C1762.d.B831B23F03977A2B99EAE40FBE5859A3.e.7973/click - {}
RESULT: {}
RESULT: {}
COMMAND: GET /session/e8ae643ad1a7d9f9ee71b330bca2e34d/screenshot - {}
RESULT: {}
COMMAND: POST /session/e8ae643ad1a7d9f9ee71b330bca2e34d/execute/async - {"script":"<script> [1562 bytes]","args":[{"selector":{"id":"application-managepartners-display-component---NewPartner--addressDetailDetailsCity1","interaction":{"idSuffix":"inner"}},"wdio_ui5_key":"applicationmanagepartners-display-component---NewPartner--addressDetailDetailsCity1"}]}
RESULT: {"script":"<script> [1562 bytes]","args":[{"selector":{"id":"application-managepartners-display-component---NewPartner--addressDetailDetailsCity1","interaction":{"idSuffix":"inner"}},"wdio_ui5_key":"applicationmanagepartners-display-component---NewPartner--addressDetailDetailsCity1"}]}
RESULT: undefined
COMMAND: POST /session/e8ae643ad1a7d9f9ee71b330bca2e34d/execute/async - {"script":"<script> [776 bytes]","args":[{"enterText":"Rosario","selector":{"id":"application-managepartners-display-component---NewPartner--addressDetailDetailsCity1","interaction":{"idSuffix":"inner"}},"clearTextFirst":true,"interactionType":"ENTER_TEXT"}]}
RESULT: {"script":"<script> [776 bytes]","args":[{"enterText":"Rosario","selector":{"id":"application-managepartners-display-component---NewPartner--addressDetailDetailsCity1","interaction":{"idSuffix":"inner"}},"clearTextFirst":true,"interactionType":"ENTER_TEXT"}]}
COMMAND: POST /session/e8ae643ad1a7d9f9ee71b330bca2e34d/execute/async - {"script":"<script> [1562 bytes]","args":[{"selector":{"id":"application-managepartners-display-component---NewPartner--addressDetailDetailsCountry-arrow"},"wdio_ui5_key":"applicationmanagepartners-display-component---NewPartner--addressDetailDetailsCountry-arrow"}]}
RESULT: {"script":"<script> [1562 bytes]","args":[{"selector":{"id":"application-managepartners-display-component---NewPartner--addressDetailDetailsCountry-arrow"},"wdio_ui5_key":"applicationmanagepartners-display-component---NewPartner--addressDetailDetailsCountry-arrow"}]}
RESULT: undefined
COMMAND: POST /session/e8ae643ad1a7d9f9ee71b330bca2e34d/element - {"using":"xpath","value":"//*[@id=\"application-managepartners-display-component---NewPartner--addressDetailDetailsCountry-arrow\"]"}
RESULT: {"using":"xpath","value":"//*[@id=\"application-managepartners-display-component---NewPartner--addressDetailDetailsCountry-arrow\"]"}
COMMAND: POST /session/e8ae643ad1a7d9f9ee71b330bca2e34d/element/f.804597995EEA20368E99A2927B0C1762.d.B831B23F03977A2B99EAE40FBE5859A3.e.7940/click - {}
RESULT: {}
COMMAND: POST /session/e8ae643ad1a7d9f9ee71b330bca2e34d/element - {"using":"xpath","value":"//span[contains(text(), \"Argentina\")]"}
COMMAND: GET /session/e8ae643ad1a7d9f9ee71b330bca2e34d/screenshot - {}
RESULT: {"using":"xpath","value":"//span[contains(text(), \"Argentina\")]"}
COMMAND: POST /session/e8ae643ad1a7d9f9ee71b330bca2e34d/element/f.804597995EEA20368E99A2927B0C1762.d.B831B23F03977A2B99EAE40FBE5859A3.e.7975/click - {}
RESULT: {}
RESULT: {}
COMMAND: GET /session/e8ae643ad1a7d9f9ee71b330bca2e34d/screenshot - {}
RESULT: {}
COMMAND: POST /session/e8ae643ad1a7d9f9ee71b330bca2e34d/element - {"using":"xpath","value":"//bdi[contains(text(), \"Commercial\")]"}
RESULT: {"using":"xpath","value":"//bdi[contains(text(), \"Commercial\")]"}
COMMAND: POST /session/e8ae643ad1a7d9f9ee71b330bca2e34d/element/f.804597995EEA20368E99A2927B0C1762.d.B831B23F03977A2B99EAE40FBE5859A3.e.7976/click - {}
RESULT: {}
COMMAND: GET /session/e8ae643ad1a7d9f9ee71b330bca2e34d/screenshot - {}
RESULT: {}
COMMAND: POST /session/e8ae643ad1a7d9f9ee71b330bca2e34d/execute/async - {"script":"<script> [1562 bytes]","args":[{"selector":{"id":"application-managepartners-display-component---NewPartner--partnerDetailInternal-arrow"},"wdio_ui5_key":"applicationmanagepartners-display-component---NewPartner--partnerDetailInternal-arrow"}]}
RESULT: {"script":"<script> [1562 bytes]","args":[{"selector":{"id":"application-managepartners-display-component---NewPartner--partnerDetailInternal-arrow"},"wdio_ui5_key":"applicationmanagepartners-display-component---NewPartner--partnerDetailInternal-arrow"}]}
RESULT: undefined
COMMAND: POST /session/e8ae643ad1a7d9f9ee71b330bca2e34d/element - {"using":"xpath","value":"//*[@id=\"application-managepartners-display-component---NewPartner--partnerDetailInternal-arrow\"]"}
RESULT: {"using":"xpath","value":"//*[@id=\"application-managepartners-display-component---NewPartner--partnerDetailInternal-arrow\"]"}
COMMAND: POST /session/e8ae643ad1a7d9f9ee71b330bca2e34d/element/f.804597995EEA20368E99A2927B0C1762.d.B831B23F03977A2B99EAE40FBE5859A3.e.7982/click - {}
RESULT: {}
COMMAND: POST /session/e8ae643ad1a7d9f9ee71b330bca2e34d/element - {"using":"xpath","value":"//span[contains(text(), \"Affiliated company\")]"}
COMMAND: GET /session/e8ae643ad1a7d9f9ee71b330bca2e34d/screenshot - {}
RESULT: {"using":"xpath","value":"//span[contains(text(), \"Affiliated company\")]"}
COMMAND: POST /session/e8ae643ad1a7d9f9ee71b330bca2e34d/element/f.804597995EEA20368E99A2927B0C1762.d.B831B23F03977A2B99EAE40FBE5859A3.e.7985/click - {}
RESULT: {}
RESULT: {}
COMMAND: POST /session/e8ae643ad1a7d9f9ee71b330bca2e34d/execute/async - {"script":"<script> [1562 bytes]","args":[{"selector":{"id":"application-managepartners-display-component---NewPartner--partnerDetailsCurrency-arrow"},"wdio_ui5_key":"applicationmanagepartners-display-component---NewPartner--partnerDetailsCurrency-arrow"}]}
COMMAND: GET /session/e8ae643ad1a7d9f9ee71b330bca2e34d/screenshot - {}
RESULT: {"script":"<script> [1562 bytes]","args":[{"selector":{"id":"application-managepartners-display-component---NewPartner--partnerDetailsCurrency-arrow"},"wdio_ui5_key":"applicationmanagepartners-display-component---NewPartner--partnerDetailsCurrency-arrow"}]}
RESULT: undefined
COMMAND: POST /session/e8ae643ad1a7d9f9ee71b330bca2e34d/element - {"using":"xpath","value":"//*[@id=\"application-managepartners-display-component---NewPartner--partnerDetailsCurrency-arrow\"]"}
RESULT: {}
RESULT: {"using":"xpath","value":"//*[@id=\"application-managepartners-display-component---NewPartner--partnerDetailsCurrency-arrow\"]"}
COMMAND: POST /session/e8ae643ad1a7d9f9ee71b330bca2e34d/element/f.804597995EEA20368E99A2927B0C1762.d.B831B23F03977A2B99EAE40FBE5859A3.e.7992/click - {}
RESULT: {}
COMMAND: POST /session/e8ae643ad1a7d9f9ee71b330bca2e34d/element - {"using":"xpath","value":"//span[contains(text(), \"Euro\")]"}
COMMAND: GET /session/e8ae643ad1a7d9f9ee71b330bca2e34d/screenshot - {}
RESULT: {"using":"xpath","value":"//span[contains(text(), \"Euro\")]"}
COMMAND: POST /session/e8ae643ad1a7d9f9ee71b330bca2e34d/element/f.804597995EEA20368E99A2927B0C1762.d.B831B23F03977A2B99EAE40FBE5859A3.e.7993/click - {}
RESULT: {}
RESULT: {}
COMMAND: POST /session/e8ae643ad1a7d9f9ee71b330bca2e34d/execute/async - {"script":"<script> [1562 bytes]","args":[{"selector":{"id":"application-managepartners-display-component---NewPartner--addressEditDetailsCostObjectCstType-arrow"},"wdio_ui5_key":"applicationmanagepartners-display-component---NewPartner--addressEditDetailsCostObjectCstType-arrow"}]}
COMMAND: GET /session/e8ae643ad1a7d9f9ee71b330bca2e34d/screenshot - {}
RESULT: {"script":"<script> [1562 bytes]","args":[{"selector":{"id":"application-managepartners-display-component---NewPartner--addressEditDetailsCostObjectCstType-arrow"},"wdio_ui5_key":"applicationmanagepartners-display-component---NewPartner--addressEditDetailsCostObjectCstType-arrow"}]}
RESULT: undefined
COMMAND: POST /session/e8ae643ad1a7d9f9ee71b330bca2e34d/element - {"using":"xpath","value":"//*[@id=\"application-managepartners-display-component---NewPartner--addressEditDetailsCostObjectCstType-arrow\"]"}
RESULT: {}
RESULT: {"using":"xpath","value":"//*[@id=\"application-managepartners-display-component---NewPartner--addressEditDetailsCostObjectCstType-arrow\"]"}
COMMAND: POST /session/e8ae643ad1a7d9f9ee71b330bca2e34d/element/f.804597995EEA20368E99A2927B0C1762.d.B831B23F03977A2B99EAE40FBE5859A3.e.7994/click - {}
RESULT: {}
COMMAND: POST /session/e8ae643ad1a7d9f9ee71b330bca2e34d/element - {"using":"xpath","value":"//span[contains(text(), \"Cost Center\")]"}
COMMAND: GET /session/e8ae643ad1a7d9f9ee71b330bca2e34d/screenshot - {}
RESULT: {"using":"xpath","value":"//span[contains(text(), \"Cost Center\")]"}
COMMAND: POST /session/e8ae643ad1a7d9f9ee71b330bca2e34d/element/f.804597995EEA20368E99A2927B0C1762.d.B831B23F03977A2B99EAE40FBE5859A3.e.7995/click - {}
RESULT: {}
RESULT: {}
COMMAND: GET /session/e8ae643ad1a7d9f9ee71b330bca2e34d/screenshot - {}
RESULT: {}
COMMAND: POST /session/e8ae643ad1a7d9f9ee71b330bca2e34d/element - {"using":"xpath","value":"//span[@id=\"application-managepartners-display-component---NewPartner--addressNewCostObjectCstID-vhi\"]"}
RESULT: {"using":"xpath","value":"//span[@id=\"application-managepartners-display-component---NewPartner--addressNewCostObjectCstID-vhi\"]"}
COMMAND: POST /session/e8ae643ad1a7d9f9ee71b330bca2e34d/execute/sync - {"script":"<script> [8489 bytes]","args":[{"element-6066-11e4-a52e-4f735466cecf":"f.804597995EEA20368E99A2927B0C1762.d.B831B23F03977A2B99EAE40FBE5859A3.e.7998","ELEMENT":"f.804597995EEA20368E99A2927B0C1762.d.B831B23F03977A2B99EAE40FBE5859A3.e.7998"}]}
RESULT: {"script":"<script> [8489 bytes]","args":[{"element-6066-11e4-a52e-4f735466cecf":"f.804597995EEA20368E99A2927B0C1762.d.B831B23F03977A2B99EAE40FBE5859A3.e.7998","ELEMENT":"f.804597995EEA20368E99A2927B0C1762.d.B831B23F03977A2B99EAE40FBE5859A3.e.7998"}]}
COMMAND: POST /session/e8ae643ad1a7d9f9ee71b330bca2e34d/execute/async - {"script":"<script> [1562 bytes]","args":[{"selector":{"id":"application-managepartners-display-component---NewPartner--addressNewCostObjectCstID-vhi"},"wdio_ui5_key":"applicationmanagepartners-display-component---NewPartner--addressNewCostObjectCstID-vhi"}]}
COMMAND: GET /session/e8ae643ad1a7d9f9ee71b330bca2e34d/screenshot - {}
RESULT: {"script":"<script> [1562 bytes]","args":[{"selector":{"id":"application-managepartners-display-component---NewPartner--addressNewCostObjectCstID-vhi"},"wdio_ui5_key":"applicationmanagepartners-display-component---NewPartner--addressNewCostObjectCstID-vhi"}]}
RESULT: undefined
COMMAND: POST /session/e8ae643ad1a7d9f9ee71b330bca2e34d/element - {"using":"xpath","value":"//*[@id=\"application-managepartners-display-component---NewPartner--addressNewCostObjectCstID-vhi\"]"}
RESULT: {}
RESULT: {"using":"xpath","value":"//*[@id=\"application-managepartners-display-component---NewPartner--addressNewCostObjectCstID-vhi\"]"}
COMMAND: POST /session/e8ae643ad1a7d9f9ee71b330bca2e34d/element/f.804597995EEA20368E99A2927B0C1762.d.B831B23F03977A2B99EAE40FBE5859A3.e.7998/click - {}
RESULT: {}
COMMAND: GET /session/e8ae643ad1a7d9f9ee71b330bca2e34d/screenshot - {}
RESULT: {}
RESULT: undefined
COMMAND: POST /session/e8ae643ad1a7d9f9ee71b330bca2e34d/execute/async - {"script":"<script> [776 bytes]","args":[{"enterText":"10001013","selector":{"controlType":"sap.m.SearchField","properties":{"placeholder":"Search"},"searchOpenDialogs":true,"interaction":{"idSuffix":"I"}},"clearTextFirst":true,"interactionType":"ENTER_TEXT"}]}
RESULT: {"script":"<script> [776 bytes]","args":[{"enterText":"10001013","selector":{"controlType":"sap.m.SearchField","properties":{"placeholder":"Search"},"searchOpenDialogs":true,"interaction":{"idSuffix":"I"}},"clearTextFirst":true,"interactionType":"ENTER_TEXT"}]}
COMMAND: POST /session/e8ae643ad1a7d9f9ee71b330bca2e34d/actions - {"actions":[{"id":"action23","type":"key","parameters":{},"actions":[{"type":"keyDown","value":""},{"type":"pause","duration":10},{"type":"keyUp","value":""}]}]}
RESULT: {"actions":[{"id":"action23","type":"key","parameters":{},"actions":[{"type":"keyDown","value":""},{"type":"pause","duration":10},{"type":"keyUp","value":""}]}]}
COMMAND: GET /session/e8ae643ad1a7d9f9ee71b330bca2e34d/screenshot - {}
RESULT: {}
COMMAND: POST /session/e8ae643ad1a7d9f9ee71b330bca2e34d/element - {"using":"xpath","value":"//span[contains(text(), \"General Management\")]"}
RESULT: {"using":"xpath","value":"//span[contains(text(), \"General Management\")]"}
COMMAND: POST /session/e8ae643ad1a7d9f9ee71b330bca2e34d/element/f.804597995EEA20368E99A2927B0C1762.d.B831B23F03977A2B99EAE40FBE5859A3.e.8038/click - {}
RESULT: {}
COMMAND: GET /session/e8ae643ad1a7d9f9ee71b330bca2e34d/screenshot - {}
RESULT: {}
COMMAND: POST /session/e8ae643ad1a7d9f9ee71b330bca2e34d/element - {"using":"xpath","value":"//bdi[contains(text(), \"OK\")]"}
RESULT: {"using":"xpath","value":"//bdi[contains(text(), \"OK\")]"}
COMMAND: POST /session/e8ae643ad1a7d9f9ee71b330bca2e34d/element/f.804597995EEA20368E99A2927B0C1762.d.B831B23F03977A2B99EAE40FBE5859A3.e.8039/click - {}
RESULT: {}
COMMAND: GET /session/e8ae643ad1a7d9f9ee71b330bca2e34d/screenshot - {}
RESULT: {}
COMMAND: POST /session/e8ae643ad1a7d9f9ee71b330bca2e34d/element - {"using":"xpath","value":"//input[@id=\"application-managepartners-display-component---NewPartner--companyCodeComboBox-inner\"]"}
RESULT: {"using":"xpath","value":"//input[@id=\"application-managepartners-display-component---NewPartner--companyCodeComboBox-inner\"]"}
COMMAND: POST /session/e8ae643ad1a7d9f9ee71b330bca2e34d/element/f.804597995EEA20368E99A2927B0C1762.d.B831B23F03977A2B99EAE40FBE5859A3.e.7827/clear - {}
RESULT: {}
COMMAND: POST /session/e8ae643ad1a7d9f9ee71b330bca2e34d/element/f.804597995EEA20368E99A2927B0C1762.d.B831B23F03977A2B99EAE40FBE5859A3.e.7827/value - {"text":"1000"}
COMMAND: GET /session/e8ae643ad1a7d9f9ee71b330bca2e34d/screenshot - {}
RESULT: {"text":"1000"}
COMMAND: GET /session/e8ae643ad1a7d9f9ee71b330bca2e34d/screenshot - {}
RESULT: {}
RESULT: {}
COMMAND: POST /session/e8ae643ad1a7d9f9ee71b330bca2e34d/element - {"using":"xpath","value":"//span[contains(text(), \"1000\")]"}
RESULT: {"using":"xpath","value":"//span[contains(text(), \"1000\")]"}
COMMAND: POST /session/e8ae643ad1a7d9f9ee71b330bca2e34d/element/f.804597995EEA20368E99A2927B0C1762.d.B831B23F03977A2B99EAE40FBE5859A3.e.8045/click - {}
RESULT: {}
COMMAND: GET /session/e8ae643ad1a7d9f9ee71b330bca2e34d/screenshot - {}
RESULT: {}
COMMAND: POST /session/e8ae643ad1a7d9f9ee71b330bca2e34d/execute/async - {"script":"<script> [1562 bytes]","args":[{"selector":{"id":"application-managepartners-display-component---NewPartner--btnAddTableRow-img"},"wdio_ui5_key":"applicationmanagepartners-display-component---NewPartner--btnAddTableRow-img"}]}
RESULT: {"script":"<script> [1562 bytes]","args":[{"selector":{"id":"application-managepartners-display-component---NewPartner--btnAddTableRow-img"},"wdio_ui5_key":"applicationmanagepartners-display-component---NewPartner--btnAddTableRow-img"}]}
RESULT: undefined
COMMAND: POST /session/e8ae643ad1a7d9f9ee71b330bca2e34d/element - {"using":"xpath","value":"//*[@id=\"application-managepartners-display-component---NewPartner--btnAddTableRow-img\"]"}
RESULT: {"using":"xpath","value":"//*[@id=\"application-managepartners-display-component---NewPartner--btnAddTableRow-img\"]"}
COMMAND: POST /session/e8ae643ad1a7d9f9ee71b330bca2e34d/element/f.804597995EEA20368E99A2927B0C1762.d.B831B23F03977A2B99EAE40FBE5859A3.e.8046/click - {}
RESULT: {}
COMMAND: GET /session/e8ae643ad1a7d9f9ee71b330bca2e34d/screenshot - {}
RESULT: {}
COMMAND: POST /session/e8ae643ad1a7d9f9ee71b330bca2e34d/element - {"using":"xpath","value":"//input[@id=\"application-managepartners-display-component---NewPartner--assignmentYard-application-managepartners-display-component---NewPartner--assignmentsTable-0-inner\"]"}
RESULT: {"using":"xpath","value":"//input[@id=\"application-managepartners-display-component---NewPartner--assignmentYard-application-managepartners-display-component---NewPartner--assignmentsTable-0-inner\"]"}
COMMAND: POST /session/e8ae643ad1a7d9f9ee71b330bca2e34d/element/f.804597995EEA20368E99A2927B0C1762.d.B831B23F03977A2B99EAE40FBE5859A3.e.8049/clear - {}
RESULT: {}
COMMAND: POST /session/e8ae643ad1a7d9f9ee71b330bca2e34d/element/f.804597995EEA20368E99A2927B0C1762.d.B831B23F03977A2B99EAE40FBE5859A3.e.8049/value - {"text":"373"}
COMMAND: GET /session/e8ae643ad1a7d9f9ee71b330bca2e34d/screenshot - {}
RESULT: {"text":"373"}
COMMAND: GET /session/e8ae643ad1a7d9f9ee71b330bca2e34d/screenshot - {}
RESULT: {}
RESULT: {}
COMMAND: POST /session/e8ae643ad1a7d9f9ee71b330bca2e34d/element - {"using":"xpath","value":"//li[.//span[text()='373']]"}
RESULT: {"using":"xpath","value":"//li[.//span[text()='373']]"}
COMMAND: POST /session/e8ae643ad1a7d9f9ee71b330bca2e34d/element/f.804597995EEA20368E99A2927B0C1762.d.B831B23F03977A2B99EAE40FBE5859A3.e.8058/click - {}
RESULT: {}
COMMAND: GET /session/e8ae643ad1a7d9f9ee71b330bca2e34d/screenshot - {}
RESULT: {}
COMMAND: POST /session/e8ae643ad1a7d9f9ee71b330bca2e34d/actions - {"actions":[{"id":"action24","type":"key","parameters":{},"actions":[{"type":"keyDown","value":""},{"type":"pause","duration":10},{"type":"keyUp","value":""}]}]}
RESULT: {"actions":[{"id":"action24","type":"key","parameters":{},"actions":[{"type":"keyDown","value":""},{"type":"pause","duration":10},{"type":"keyUp","value":""}]}]}
COMMAND: POST /session/e8ae643ad1a7d9f9ee71b330bca2e34d/execute/async - {"script":"<script> [1562 bytes]","args":[{"selector":{"id":"application-managepartners-display-component---NewPartner--externalCustomerComboBox-application-managepartners-display-component---NewPartner--assignmentsTable-0-vhi"},"wdio_ui5_key":"applicationmanagepartners-display-component---NewPartner--externalCustomerComboBox-application-managepartners-display-component---NewPartner--assignmentsTable-0-vhi"}]}
COMMAND: GET /session/e8ae643ad1a7d9f9ee71b330bca2e34d/screenshot - {}
RESULT: {"script":"<script> [1562 bytes]","args":[{"selector":{"id":"application-managepartners-display-component---NewPartner--externalCustomerComboBox-application-managepartners-display-component---NewPartner--assignmentsTable-0-vhi"},"wdio_ui5_key":"applicationmanagepartners-display-component---NewPartner--externalCustomerComboBox-application-managepartners-display-component---NewPartner--assignmentsTable-0-vhi"}]}
RESULT: undefined
COMMAND: POST /session/e8ae643ad1a7d9f9ee71b330bca2e34d/element - {"using":"xpath","value":"//*[@id=\"application-managepartners-display-component---NewPartner--externalCustomerComboBox-application-managepartners-display-component---NewPartner--assignmentsTable-0-vhi\"]"}
RESULT: {}
RESULT: {"using":"xpath","value":"//*[@id=\"application-managepartners-display-component---NewPartner--externalCustomerComboBox-application-managepartners-display-component---NewPartner--assignmentsTable-0-vhi\"]"}
COMMAND: POST /session/e8ae643ad1a7d9f9ee71b330bca2e34d/element/f.804597995EEA20368E99A2927B0C1762.d.B831B23F03977A2B99EAE40FBE5859A3.e.8062/click - {}
RESULT: {}
RESULT: undefined
COMMAND: POST /session/e8ae643ad1a7d9f9ee71b330bca2e34d/execute/async - {"script":"<script> [776 bytes]","args":[{"enterText":"300003","selector":{"controlType":"sap.m.SearchField","properties":{"placeholder":"Search"},"searchOpenDialogs":true,"interaction":{"idSuffix":"I"}},"clearTextFirst":true,"interactionType":"ENTER_TEXT"}]}
COMMAND: GET /session/e8ae643ad1a7d9f9ee71b330bca2e34d/screenshot - {}
RESULT: {"script":"<script> [776 bytes]","args":[{"enterText":"300003","selector":{"controlType":"sap.m.SearchField","properties":{"placeholder":"Search"},"searchOpenDialogs":true,"interaction":{"idSuffix":"I"}},"clearTextFirst":true,"interactionType":"ENTER_TEXT"}]}
COMMAND: POST /session/e8ae643ad1a7d9f9ee71b330bca2e34d/actions - {"actions":[{"id":"action25","type":"key","parameters":{},"actions":[{"type":"keyDown","value":""},{"type":"pause","duration":10},{"type":"keyUp","value":""}]}]}
RESULT: {}
RESULT: {"actions":[{"id":"action25","type":"key","parameters":{},"actions":[{"type":"keyDown","value":""},{"type":"pause","duration":10},{"type":"keyUp","value":""}]}]}
COMMAND: GET /session/e8ae643ad1a7d9f9ee71b330bca2e34d/screenshot - {}
RESULT: {}
COMMAND: POST /session/e8ae643ad1a7d9f9ee71b330bca2e34d/element - {"using":"xpath","value":"//span[contains(text(), \"300003\")]"}
RESULT: {"using":"xpath","value":"//span[contains(text(), \"300003\")]"}
COMMAND: POST /session/e8ae643ad1a7d9f9ee71b330bca2e34d/element/f.804597995EEA20368E99A2927B0C1762.d.B831B23F03977A2B99EAE40FBE5859A3.e.8080/click - {}
RESULT: {}
COMMAND: GET /session/e8ae643ad1a7d9f9ee71b330bca2e34d/screenshot - {}
RESULT: {}
COMMAND: POST /session/e8ae643ad1a7d9f9ee71b330bca2e34d/element - {"using":"xpath","value":"//bdi[contains(text(), \"OK\")]"}
RESULT: {"using":"xpath","value":"//bdi[contains(text(), \"OK\")]"}
COMMAND: POST /session/e8ae643ad1a7d9f9ee71b330bca2e34d/element/f.804597995EEA20368E99A2927B0C1762.d.B831B23F03977A2B99EAE40FBE5859A3.e.8082/click - {}
RESULT: {}
COMMAND: GET /session/e8ae643ad1a7d9f9ee71b330bca2e34d/screenshot - {}
RESULT: {}
COMMAND: POST /session/e8ae643ad1a7d9f9ee71b330bca2e34d/execute/async - {"script":"<script> [1562 bytes]","args":[{"selector":{"id":"application-managepartners-display-component---NewPartner--intercompVendorComboBox-application-managepartners-display-component---NewPartner--assignmentsTable-0-vhi"},"wdio_ui5_key":"applicationmanagepartners-display-component---NewPartner--intercompVendorComboBox-application-managepartners-display-component---NewPartner--assignmentsTable-0-vhi"}]}
RESULT: {"script":"<script> [1562 bytes]","args":[{"selector":{"id":"application-managepartners-display-component---NewPartner--intercompVendorComboBox-application-managepartners-display-component---NewPartner--assignmentsTable-0-vhi"},"wdio_ui5_key":"applicationmanagepartners-display-component---NewPartner--intercompVendorComboBox-application-managepartners-display-component---NewPartner--assignmentsTable-0-vhi"}]}
RESULT: undefined
COMMAND: POST /session/e8ae643ad1a7d9f9ee71b330bca2e34d/element - {"using":"xpath","value":"//*[@id=\"application-managepartners-display-component---NewPartner--intercompVendorComboBox-application-managepartners-display-component---NewPartner--assignmentsTable-0-vhi\"]"}
RESULT: {"using":"xpath","value":"//*[@id=\"application-managepartners-display-component---NewPartner--intercompVendorComboBox-application-managepartners-display-component---NewPartner--assignmentsTable-0-vhi\"]"}
COMMAND: POST /session/e8ae643ad1a7d9f9ee71b330bca2e34d/element/f.804597995EEA20368E99A2927B0C1762.d.B831B23F03977A2B99EAE40FBE5859A3.e.8085/click - {}
RESULT: {}
RESULT: undefined
COMMAND: POST /session/e8ae643ad1a7d9f9ee71b330bca2e34d/execute/async - {"script":"<script> [776 bytes]","args":[{"enterText":"100005","selector":{"controlType":"sap.m.SearchField","properties":{"placeholder":"Search"},"searchOpenDialogs":true,"interaction":{"idSuffix":"I"}},"clearTextFirst":true,"interactionType":"ENTER_TEXT"}]}
COMMAND: GET /session/e8ae643ad1a7d9f9ee71b330bca2e34d/screenshot - {}
RESULT: {"script":"<script> [776 bytes]","args":[{"enterText":"100005","selector":{"controlType":"sap.m.SearchField","properties":{"placeholder":"Search"},"searchOpenDialogs":true,"interaction":{"idSuffix":"I"}},"clearTextFirst":true,"interactionType":"ENTER_TEXT"}]}
COMMAND: POST /session/e8ae643ad1a7d9f9ee71b330bca2e34d/actions - {"actions":[{"id":"action26","type":"key","parameters":{},"actions":[{"type":"keyDown","value":""},{"type":"pause","duration":10},{"type":"keyUp","value":""}]}]}
RESULT: {}
RESULT: {"actions":[{"id":"action26","type":"key","parameters":{},"actions":[{"type":"keyDown","value":""},{"type":"pause","duration":10},{"type":"keyUp","value":""}]}]}
COMMAND: GET /session/e8ae643ad1a7d9f9ee71b330bca2e34d/screenshot - {}
RESULT: {}
COMMAND: POST /session/e8ae643ad1a7d9f9ee71b330bca2e34d/element - {"using":"xpath","value":"//span[contains(text(), \"Penguins - Field/12345 Berlin\")]"}
RESULT: {"using":"xpath","value":"//span[contains(text(), \"Penguins - Field/12345 Berlin\")]"}
COMMAND: POST /session/e8ae643ad1a7d9f9ee71b330bca2e34d/element/f.804597995EEA20368E99A2927B0C1762.d.B831B23F03977A2B99EAE40FBE5859A3.e.8101/click - {}
RESULT: {}
COMMAND: GET /session/e8ae643ad1a7d9f9ee71b330bca2e34d/screenshot - {}
RESULT: {}
COMMAND: POST /session/e8ae643ad1a7d9f9ee71b330bca2e34d/element - {"using":"xpath","value":"//bdi[contains(text(), \"OK\")]"}
RESULT: {"using":"xpath","value":"//bdi[contains(text(), \"OK\")]"}
COMMAND: POST /session/e8ae643ad1a7d9f9ee71b330bca2e34d/element/f.804597995EEA20368E99A2927B0C1762.d.B831B23F03977A2B99EAE40FBE5859A3.e.8102/click - {}
RESULT: {}
COMMAND: GET /session/e8ae643ad1a7d9f9ee71b330bca2e34d/screenshot - {}
RESULT: {}
COMMAND: POST /session/e8ae643ad1a7d9f9ee71b330bca2e34d/element - {"using":"xpath","value":"//button[@data-kt=\"saveButton\"]"}
RESULT: {"using":"xpath","value":"//button[@data-kt=\"saveButton\"]"}
COMMAND: POST /session/e8ae643ad1a7d9f9ee71b330bca2e34d/element/f.804597995EEA20368E99A2927B0C1762.d.B831B23F03977A2B99EAE40FBE5859A3.e.7909/click - {}
RESULT: {}
COMMAND: GET /session/e8ae643ad1a7d9f9ee71b330bca2e34d/screenshot - {}
RESULT: {}
COMMAND: POST /session/e8ae643ad1a7d9f9ee71b330bca2e34d/element - {"using":"xpath","value":"//header[contains(@id, 'ObjectPageLayout-headerTitle')]/div[1]/div[2]/div[2]/span[1]"}
RESULT: {"using":"xpath","value":"//header[contains(@id, 'ObjectPageLayout-headerTitle')]/div[1]/div[2]/div[2]/span[1]"}
COMMAND: POST /session/e8ae643ad1a7d9f9ee71b330bca2e34d/elements - {"using":"xpath","value":"//header[contains(@id, 'ObjectPageLayout-headerTitle')]/div[1]/div[2]/div[2]/span[1]"}
RESULT: {"using":"xpath","value":"//header[contains(@id, 'ObjectPageLayout-headerTitle')]/div[1]/div[2]/div[2]/span[1]"}
COMMAND: POST /session/e8ae643ad1a7d9f9ee71b330bca2e34d/execute/sync - {"script":"<script> [56 bytes]","args":[{"element-6066-11e4-a52e-4f735466cecf":"f.804597995EEA20368E99A2927B0C1762.d.B831B23F03977A2B99EAE40FBE5859A3.e.8265","ELEMENT":"f.804597995EEA20368E99A2927B0C1762.d.B831B23F03977A2B99EAE40FBE5859A3.e.8265"}]}
RESULT: {"script":"<script> [56 bytes]","args":[{"element-6066-11e4-a52e-4f735466cecf":"f.804597995EEA20368E99A2927B0C1762.d.B831B23F03977A2B99EAE40FBE5859A3.e.8265","ELEMENT":"f.804597995EEA20368E99A2927B0C1762.d.B831B23F03977A2B99EAE40FBE5859A3.e.8265"}]}
COMMAND: POST /session/e8ae643ad1a7d9f9ee71b330bca2e34d/element - {"using":"css selector","value":"#shell-header-logo"}
COMMAND: GET /session/e8ae643ad1a7d9f9ee71b330bca2e34d/screenshot - {}
RESULT: {"using":"css selector","value":"#shell-header-logo"}
COMMAND: POST /session/e8ae643ad1a7d9f9ee71b330bca2e34d/element/f.804597995EEA20368E99A2927B0C1762.d.B831B23F03977A2B99EAE40FBE5859A3.e.7482/click - {}
RESULT: {}
RESULT: {}
COMMAND: GET /session/e8ae643ad1a7d9f9ee71b330bca2e34d/screenshot - {}
RESULT: {}
]]></system-out>
    </testcase>
    <testcase classname="chrome.135_0_7049_42.windows.Billing_Transfer_-_Intracompany_US127249" name="Should create a new site" time="74.555">
      <system-out><![CDATA[
COMMAND: POST /session/e8ae643ad1a7d9f9ee71b330bca2e34d/execute/async - {"script":"<script> [1562 bytes]","args":[{"selector":{"controlType":"sap.m.TileContent","bindingPath":{"path":"","propertyPath":"/properties/info"},"ancestor":{"controlType":"sap.m.GenericTile","properties":{"header":"Manage Sites"}}},"wdio_ui5_key":"sapm.TileContent{\"path\":\"\",\"propertyPath\":\"/properties/info\"}{\"controlType\":\"sap.m.GenericTile\",\"properties\":{\"header\":\"Manage Sites\"}}"}]}
RESULT: {"script":"<script> [1562 bytes]","args":[{"selector":{"controlType":"sap.m.TileContent","bindingPath":{"path":"","propertyPath":"/properties/info"},"ancestor":{"controlType":"sap.m.GenericTile","properties":{"header":"Manage Sites"}}},"wdio_ui5_key":"sapm.TileContent{\"path\":\"\",\"propertyPath\":\"/properties/info\"}{\"controlType\":\"sap.m.GenericTile\",\"properties\":{\"header\":\"Manage Sites\"}}"}]}
RESULT: undefined
COMMAND: POST /session/e8ae643ad1a7d9f9ee71b330bca2e34d/element - {"using":"xpath","value":"//*[@id=\"__xmlview7--numericTileContent\"]"}
RESULT: {"using":"xpath","value":"//*[@id=\"__xmlview7--numericTileContent\"]"}
COMMAND: POST /session/e8ae643ad1a7d9f9ee71b330bca2e34d/element/f.804597995EEA20368E99A2927B0C1762.d.B831B23F03977A2B99EAE40FBE5859A3.e.8267/click - {}
RESULT: {}
COMMAND: POST /session/e8ae643ad1a7d9f9ee71b330bca2e34d/element - {"using":"xpath","value":"//button[@data-kt=\"addOverflowToolbarButton\"]"}
COMMAND: GET /session/e8ae643ad1a7d9f9ee71b330bca2e34d/screenshot - {}
RESULT: {"using":"xpath","value":"//button[@data-kt=\"addOverflowToolbarButton\"]"}
COMMAND: POST /session/e8ae643ad1a7d9f9ee71b330bca2e34d/elements - {"using":"xpath","value":"//button[@data-kt=\"addOverflowToolbarButton\"]"}
RESULT: {}
RESULT: {"using":"xpath","value":"//button[@data-kt=\"addOverflowToolbarButton\"]"}
COMMAND: POST /session/e8ae643ad1a7d9f9ee71b330bca2e34d/elements - {"using":"xpath","value":"//button[@data-kt=\"addOverflowToolbarButton\"]"}
RESULT: {"using":"xpath","value":"//button[@data-kt=\"addOverflowToolbarButton\"]"}
COMMAND: POST /session/e8ae643ad1a7d9f9ee71b330bca2e34d/element - {"using":"xpath","value":"//button[@data-kt=\"addOverflowToolbarButton\"]"}
RESULT: {"using":"xpath","value":"//button[@data-kt=\"addOverflowToolbarButton\"]"}
COMMAND: POST /session/e8ae643ad1a7d9f9ee71b330bca2e34d/execute/sync - {"script":"<script> [8489 bytes]","args":[{"element-6066-11e4-a52e-4f735466cecf":"f.804597995EEA20368E99A2927B0C1762.d.B831B23F03977A2B99EAE40FBE5859A3.e.8312","ELEMENT":"f.804597995EEA20368E99A2927B0C1762.d.B831B23F03977A2B99EAE40FBE5859A3.e.8312"}]}
RESULT: {"script":"<script> [8489 bytes]","args":[{"element-6066-11e4-a52e-4f735466cecf":"f.804597995EEA20368E99A2927B0C1762.d.B831B23F03977A2B99EAE40FBE5859A3.e.8312","ELEMENT":"f.804597995EEA20368E99A2927B0C1762.d.B831B23F03977A2B99EAE40FBE5859A3.e.8312"}]}
COMMAND: GET /session/e8ae643ad1a7d9f9ee71b330bca2e34d/element/f.804597995EEA20368E99A2927B0C1762.d.B831B23F03977A2B99EAE40FBE5859A3.e.8312/enabled - {}
COMMAND: GET /session/e8ae643ad1a7d9f9ee71b330bca2e34d/screenshot - {}
RESULT: {}
COMMAND: POST /session/e8ae643ad1a7d9f9ee71b330bca2e34d/execute/sync - {"script":"<script> [8489 bytes]","args":[{"element-6066-11e4-a52e-4f735466cecf":"f.804597995EEA20368E99A2927B0C1762.d.B831B23F03977A2B99EAE40FBE5859A3.e.8312","ELEMENT":"f.804597995EEA20368E99A2927B0C1762.d.B831B23F03977A2B99EAE40FBE5859A3.e.8312"}]}
COMMAND: GET /session/e8ae643ad1a7d9f9ee71b330bca2e34d/screenshot - {}
RESULT: {}
RESULT: {"script":"<script> [8489 bytes]","args":[{"element-6066-11e4-a52e-4f735466cecf":"f.804597995EEA20368E99A2927B0C1762.d.B831B23F03977A2B99EAE40FBE5859A3.e.8312","ELEMENT":"f.804597995EEA20368E99A2927B0C1762.d.B831B23F03977A2B99EAE40FBE5859A3.e.8312"}]}
COMMAND: POST /session/e8ae643ad1a7d9f9ee71b330bca2e34d/execute/sync - {"script":"<script> [5351 bytes]","args":[{"element-6066-11e4-a52e-4f735466cecf":"f.804597995EEA20368E99A2927B0C1762.d.B831B23F03977A2B99EAE40FBE5859A3.e.8312","ELEMENT":"f.804597995EEA20368E99A2927B0C1762.d.B831B23F03977A2B99EAE40FBE5859A3.e.8312"}]}
RESULT: {}
COMMAND: GET /session/e8ae643ad1a7d9f9ee71b330bca2e34d/screenshot - {}
RESULT: {"script":"<script> [5351 bytes]","args":[{"element-6066-11e4-a52e-4f735466cecf":"f.804597995EEA20368E99A2927B0C1762.d.B831B23F03977A2B99EAE40FBE5859A3.e.8312","ELEMENT":"f.804597995EEA20368E99A2927B0C1762.d.B831B23F03977A2B99EAE40FBE5859A3.e.8312"}]}
COMMAND: POST /session/e8ae643ad1a7d9f9ee71b330bca2e34d/element/f.804597995EEA20368E99A2927B0C1762.d.B831B23F03977A2B99EAE40FBE5859A3.e.8312/click - {}
COMMAND: GET /session/e8ae643ad1a7d9f9ee71b330bca2e34d/screenshot - {}
RESULT: {}
RESULT: {}
COMMAND: GET /session/e8ae643ad1a7d9f9ee71b330bca2e34d/screenshot - {}
RESULT: {}
COMMAND: POST /session/e8ae643ad1a7d9f9ee71b330bca2e34d/execute/async - {"script":"<script> [1562 bytes]","args":[{"selector":{"id":"application-managesites-display-component---NewSite--addressDetailDetailsName1","interaction":{"idSuffix":"inner"}},"wdio_ui5_key":"applicationmanagesites-display-component---NewSite--addressDetailDetailsName1"}]}
RESULT: {}
RESULT: {"script":"<script> [1562 bytes]","args":[{"selector":{"id":"application-managesites-display-component---NewSite--addressDetailDetailsName1","interaction":{"idSuffix":"inner"}},"wdio_ui5_key":"applicationmanagesites-display-component---NewSite--addressDetailDetailsName1"}]}
RESULT: undefined
COMMAND: POST /session/e8ae643ad1a7d9f9ee71b330bca2e34d/execute/async - {"script":"<script> [776 bytes]","args":[{"enterText":"Intracompany Site wdIO","selector":{"id":"application-managesites-display-component---NewSite--addressDetailDetailsName1","interaction":{"idSuffix":"inner"}},"clearTextFirst":true,"interactionType":"ENTER_TEXT"}]}
RESULT: {"script":"<script> [776 bytes]","args":[{"enterText":"Intracompany Site wdIO","selector":{"id":"application-managesites-display-component---NewSite--addressDetailDetailsName1","interaction":{"idSuffix":"inner"}},"clearTextFirst":true,"interactionType":"ENTER_TEXT"}]}
COMMAND: POST /session/e8ae643ad1a7d9f9ee71b330bca2e34d/execute/async - {"script":"<script> [1562 bytes]","args":[{"selector":{"id":"application-managesites-display-component---NewSite--addressDetailDetailsLanguage-arrow"},"wdio_ui5_key":"applicationmanagesites-display-component---NewSite--addressDetailDetailsLanguage-arrow"}]}
RESULT: {"script":"<script> [1562 bytes]","args":[{"selector":{"id":"application-managesites-display-component---NewSite--addressDetailDetailsLanguage-arrow"},"wdio_ui5_key":"applicationmanagesites-display-component---NewSite--addressDetailDetailsLanguage-arrow"}]}
RESULT: undefined
COMMAND: POST /session/e8ae643ad1a7d9f9ee71b330bca2e34d/element - {"using":"xpath","value":"//*[@id=\"application-managesites-display-component---NewSite--addressDetailDetailsLanguage-arrow\"]"}
RESULT: {"using":"xpath","value":"//*[@id=\"application-managesites-display-component---NewSite--addressDetailDetailsLanguage-arrow\"]"}
COMMAND: POST /session/e8ae643ad1a7d9f9ee71b330bca2e34d/element/f.804597995EEA20368E99A2927B0C1762.d.B831B23F03977A2B99EAE40FBE5859A3.e.8722/click - {}
RESULT: {}
COMMAND: POST /session/e8ae643ad1a7d9f9ee71b330bca2e34d/element - {"using":"xpath","value":"//span[contains(text(), \"English\")]"}
COMMAND: GET /session/e8ae643ad1a7d9f9ee71b330bca2e34d/screenshot - {}
RESULT: {"using":"xpath","value":"//span[contains(text(), \"English\")]"}
COMMAND: POST /session/e8ae643ad1a7d9f9ee71b330bca2e34d/element/f.804597995EEA20368E99A2927B0C1762.d.B831B23F03977A2B99EAE40FBE5859A3.e.8723/click - {}
RESULT: {}
RESULT: {}
COMMAND: POST /session/e8ae643ad1a7d9f9ee71b330bca2e34d/execute/async - {"script":"<script> [1562 bytes]","args":[{"selector":{"id":"application-managesites-display-component---NewSite--addressDetailDetailsCity1","interaction":{"idSuffix":"inner"}},"wdio_ui5_key":"applicationmanagesites-display-component---NewSite--addressDetailDetailsCity1"}]}
COMMAND: GET /session/e8ae643ad1a7d9f9ee71b330bca2e34d/screenshot - {}
RESULT: {"script":"<script> [1562 bytes]","args":[{"selector":{"id":"application-managesites-display-component---NewSite--addressDetailDetailsCity1","interaction":{"idSuffix":"inner"}},"wdio_ui5_key":"applicationmanagesites-display-component---NewSite--addressDetailDetailsCity1"}]}
RESULT: undefined
COMMAND: POST /session/e8ae643ad1a7d9f9ee71b330bca2e34d/execute/async - {"script":"<script> [776 bytes]","args":[{"enterText":"Rosario","selector":{"id":"application-managesites-display-component---NewSite--addressDetailDetailsCity1","interaction":{"idSuffix":"inner"}},"clearTextFirst":true,"interactionType":"ENTER_TEXT"}]}
RESULT: {}
RESULT: {"script":"<script> [776 bytes]","args":[{"enterText":"Rosario","selector":{"id":"application-managesites-display-component---NewSite--addressDetailDetailsCity1","interaction":{"idSuffix":"inner"}},"clearTextFirst":true,"interactionType":"ENTER_TEXT"}]}
COMMAND: POST /session/e8ae643ad1a7d9f9ee71b330bca2e34d/execute/async - {"script":"<script> [1562 bytes]","args":[{"selector":{"id":"application-managesites-display-component---NewSite--addressDetailDetailsCountry-arrow"},"wdio_ui5_key":"applicationmanagesites-display-component---NewSite--addressDetailDetailsCountry-arrow"}]}
RESULT: {"script":"<script> [1562 bytes]","args":[{"selector":{"id":"application-managesites-display-component---NewSite--addressDetailDetailsCountry-arrow"},"wdio_ui5_key":"applicationmanagesites-display-component---NewSite--addressDetailDetailsCountry-arrow"}]}
RESULT: undefined
COMMAND: POST /session/e8ae643ad1a7d9f9ee71b330bca2e34d/element - {"using":"xpath","value":"//*[@id=\"application-managesites-display-component---NewSite--addressDetailDetailsCountry-arrow\"]"}
RESULT: {"using":"xpath","value":"//*[@id=\"application-managesites-display-component---NewSite--addressDetailDetailsCountry-arrow\"]"}
COMMAND: POST /session/e8ae643ad1a7d9f9ee71b330bca2e34d/element/f.804597995EEA20368E99A2927B0C1762.d.B831B23F03977A2B99EAE40FBE5859A3.e.8725/click - {}
RESULT: {}
COMMAND: POST /session/e8ae643ad1a7d9f9ee71b330bca2e34d/element - {"using":"xpath","value":"//span[contains(text(), \"Argentina\")]"}
COMMAND: GET /session/e8ae643ad1a7d9f9ee71b330bca2e34d/screenshot - {}
RESULT: {"using":"xpath","value":"//span[contains(text(), \"Argentina\")]"}
COMMAND: POST /session/e8ae643ad1a7d9f9ee71b330bca2e34d/element/f.804597995EEA20368E99A2927B0C1762.d.B831B23F03977A2B99EAE40FBE5859A3.e.8726/click - {}
RESULT: {}
RESULT: {}
COMMAND: GET /session/e8ae643ad1a7d9f9ee71b330bca2e34d/screenshot - {}
RESULT: {}
COMMAND: POST /session/e8ae643ad1a7d9f9ee71b330bca2e34d/execute/async - {"script":"<script> [1562 bytes]","args":[{"selector":{"id":"application-managesites-display-component---NewSite--addressEditDetailsCostObjectCstType-arrow"},"wdio_ui5_key":"applicationmanagesites-display-component---NewSite--addressEditDetailsCostObjectCstType-arrow"}]}
RESULT: {"script":"<script> [1562 bytes]","args":[{"selector":{"id":"application-managesites-display-component---NewSite--addressEditDetailsCostObjectCstType-arrow"},"wdio_ui5_key":"applicationmanagesites-display-component---NewSite--addressEditDetailsCostObjectCstType-arrow"}]}
RESULT: undefined
COMMAND: POST /session/e8ae643ad1a7d9f9ee71b330bca2e34d/element - {"using":"xpath","value":"//*[@id=\"application-managesites-display-component---NewSite--addressEditDetailsCostObjectCstType-arrow\"]"}
RESULT: {"using":"xpath","value":"//*[@id=\"application-managesites-display-component---NewSite--addressEditDetailsCostObjectCstType-arrow\"]"}
COMMAND: POST /session/e8ae643ad1a7d9f9ee71b330bca2e34d/element/f.804597995EEA20368E99A2927B0C1762.d.B831B23F03977A2B99EAE40FBE5859A3.e.8728/click - {}
RESULT: {}
COMMAND: POST /session/e8ae643ad1a7d9f9ee71b330bca2e34d/element - {"using":"xpath","value":"//span[contains(text(), \"Cost Center\")]"}
COMMAND: GET /session/e8ae643ad1a7d9f9ee71b330bca2e34d/screenshot - {}
RESULT: {"using":"xpath","value":"//span[contains(text(), \"Cost Center\")]"}
COMMAND: POST /session/e8ae643ad1a7d9f9ee71b330bca2e34d/element/f.804597995EEA20368E99A2927B0C1762.d.B831B23F03977A2B99EAE40FBE5859A3.e.8729/click - {}
RESULT: {}
RESULT: {}
COMMAND: GET /session/e8ae643ad1a7d9f9ee71b330bca2e34d/screenshot - {}
RESULT: {}
COMMAND: POST /session/e8ae643ad1a7d9f9ee71b330bca2e34d/element - {"using":"xpath","value":"//span[@id=\"application-managesites-display-component---NewSite--addressNewCostObjectCstID-vhi\"]"}
RESULT: {"using":"xpath","value":"//span[@id=\"application-managesites-display-component---NewSite--addressNewCostObjectCstID-vhi\"]"}
COMMAND: POST /session/e8ae643ad1a7d9f9ee71b330bca2e34d/execute/sync - {"script":"<script> [8489 bytes]","args":[{"element-6066-11e4-a52e-4f735466cecf":"f.804597995EEA20368E99A2927B0C1762.d.B831B23F03977A2B99EAE40FBE5859A3.e.8733","ELEMENT":"f.804597995EEA20368E99A2927B0C1762.d.B831B23F03977A2B99EAE40FBE5859A3.e.8733"}]}
RESULT: {"script":"<script> [8489 bytes]","args":[{"element-6066-11e4-a52e-4f735466cecf":"f.804597995EEA20368E99A2927B0C1762.d.B831B23F03977A2B99EAE40FBE5859A3.e.8733","ELEMENT":"f.804597995EEA20368E99A2927B0C1762.d.B831B23F03977A2B99EAE40FBE5859A3.e.8733"}]}
COMMAND: POST /session/e8ae643ad1a7d9f9ee71b330bca2e34d/execute/async - {"script":"<script> [1562 bytes]","args":[{"selector":{"id":"application-managesites-display-component---NewSite--addressNewCostObjectCstID-vhi"},"wdio_ui5_key":"applicationmanagesites-display-component---NewSite--addressNewCostObjectCstID-vhi"}]}
COMMAND: GET /session/e8ae643ad1a7d9f9ee71b330bca2e34d/screenshot - {}
RESULT: {"script":"<script> [1562 bytes]","args":[{"selector":{"id":"application-managesites-display-component---NewSite--addressNewCostObjectCstID-vhi"},"wdio_ui5_key":"applicationmanagesites-display-component---NewSite--addressNewCostObjectCstID-vhi"}]}
RESULT: undefined
COMMAND: POST /session/e8ae643ad1a7d9f9ee71b330bca2e34d/element - {"using":"xpath","value":"//*[@id=\"application-managesites-display-component---NewSite--addressNewCostObjectCstID-vhi\"]"}
RESULT: {}
RESULT: {"using":"xpath","value":"//*[@id=\"application-managesites-display-component---NewSite--addressNewCostObjectCstID-vhi\"]"}
COMMAND: POST /session/e8ae643ad1a7d9f9ee71b330bca2e34d/element/f.804597995EEA20368E99A2927B0C1762.d.B831B23F03977A2B99EAE40FBE5859A3.e.8733/click - {}
RESULT: {}
COMMAND: GET /session/e8ae643ad1a7d9f9ee71b330bca2e34d/screenshot - {}
RESULT: {}
RESULT: undefined
COMMAND: POST /session/e8ae643ad1a7d9f9ee71b330bca2e34d/execute/async - {"script":"<script> [776 bytes]","args":[{"enterText":"10001013","selector":{"controlType":"sap.m.SearchField","properties":{"placeholder":"Search"},"searchOpenDialogs":true,"interaction":{"idSuffix":"I"}},"clearTextFirst":true,"interactionType":"ENTER_TEXT"}]}
RESULT: {"script":"<script> [776 bytes]","args":[{"enterText":"10001013","selector":{"controlType":"sap.m.SearchField","properties":{"placeholder":"Search"},"searchOpenDialogs":true,"interaction":{"idSuffix":"I"}},"clearTextFirst":true,"interactionType":"ENTER_TEXT"}]}
COMMAND: POST /session/e8ae643ad1a7d9f9ee71b330bca2e34d/actions - {"actions":[{"id":"action27","type":"key","parameters":{},"actions":[{"type":"keyDown","value":""},{"type":"pause","duration":10},{"type":"keyUp","value":""}]}]}
RESULT: {"actions":[{"id":"action27","type":"key","parameters":{},"actions":[{"type":"keyDown","value":""},{"type":"pause","duration":10},{"type":"keyUp","value":""}]}]}
COMMAND: GET /session/e8ae643ad1a7d9f9ee71b330bca2e34d/screenshot - {}
RESULT: {}
COMMAND: POST /session/e8ae643ad1a7d9f9ee71b330bca2e34d/element - {"using":"xpath","value":"//span[contains(text(), \"General Management\")]"}
RESULT: {"using":"xpath","value":"//span[contains(text(), \"General Management\")]"}
COMMAND: POST /session/e8ae643ad1a7d9f9ee71b330bca2e34d/element/f.804597995EEA20368E99A2927B0C1762.d.B831B23F03977A2B99EAE40FBE5859A3.e.8772/click - {}
RESULT: {}
COMMAND: GET /session/e8ae643ad1a7d9f9ee71b330bca2e34d/screenshot - {}
RESULT: {}
COMMAND: POST /session/e8ae643ad1a7d9f9ee71b330bca2e34d/element - {"using":"xpath","value":"//bdi[contains(text(), \"OK\")]"}
RESULT: {"using":"xpath","value":"//bdi[contains(text(), \"OK\")]"}
COMMAND: POST /session/e8ae643ad1a7d9f9ee71b330bca2e34d/element/f.804597995EEA20368E99A2927B0C1762.d.B831B23F03977A2B99EAE40FBE5859A3.e.8773/click - {}
RESULT: {}
COMMAND: GET /session/e8ae643ad1a7d9f9ee71b330bca2e34d/screenshot - {}
RESULT: {}
COMMAND: POST /session/e8ae643ad1a7d9f9ee71b330bca2e34d/element - {"using":"xpath","value":"//input[@id=\"application-managesites-display-component---NewSite--addressDetailDetailsCalendar-inner\"]"}
RESULT: {"using":"xpath","value":"//input[@id=\"application-managesites-display-component---NewSite--addressDetailDetailsCalendar-inner\"]"}
COMMAND: POST /session/e8ae643ad1a7d9f9ee71b330bca2e34d/element/f.804597995EEA20368E99A2927B0C1762.d.B831B23F03977A2B99EAE40FBE5859A3.e.8519/clear - {}
RESULT: {}
COMMAND: POST /session/e8ae643ad1a7d9f9ee71b330bca2e34d/element/f.804597995EEA20368E99A2927B0C1762.d.B831B23F03977A2B99EAE40FBE5859A3.e.8519/value - {"text":"Unit"}
COMMAND: GET /session/e8ae643ad1a7d9f9ee71b330bca2e34d/screenshot - {}
RESULT: {"text":"Unit"}
COMMAND: GET /session/e8ae643ad1a7d9f9ee71b330bca2e34d/screenshot - {}
RESULT: {}
RESULT: {}
COMMAND: POST /session/e8ae643ad1a7d9f9ee71b330bca2e34d/actions - {"actions":[{"id":"action28","type":"key","parameters":{},"actions":[{"type":"keyDown","value":""},{"type":"pause","duration":10},{"type":"keyUp","value":""}]}]}
RESULT: {"actions":[{"id":"action28","type":"key","parameters":{},"actions":[{"type":"keyDown","value":""},{"type":"pause","duration":10},{"type":"keyUp","value":""}]}]}
COMMAND: POST /session/e8ae643ad1a7d9f9ee71b330bca2e34d/element - {"using":"xpath","value":"//input[@id=\"application-managesites-display-component---NewSite--addressDetailDetailsYard-inner\"]"}
COMMAND: GET /session/e8ae643ad1a7d9f9ee71b330bca2e34d/screenshot - {}
RESULT: {"using":"xpath","value":"//input[@id=\"application-managesites-display-component---NewSite--addressDetailDetailsYard-inner\"]"}
COMMAND: POST /session/e8ae643ad1a7d9f9ee71b330bca2e34d/element/f.804597995EEA20368E99A2927B0C1762.d.B831B23F03977A2B99EAE40FBE5859A3.e.8520/clear - {}
RESULT: {}
RESULT: {}
COMMAND: POST /session/e8ae643ad1a7d9f9ee71b330bca2e34d/element/f.804597995EEA20368E99A2927B0C1762.d.B831B23F03977A2B99EAE40FBE5859A3.e.8520/value - {"text":"373"}
COMMAND: GET /session/e8ae643ad1a7d9f9ee71b330bca2e34d/screenshot - {}
RESULT: {"text":"373"}
COMMAND: GET /session/e8ae643ad1a7d9f9ee71b330bca2e34d/screenshot - {}
RESULT: {}
RESULT: {}
COMMAND: POST /session/e8ae643ad1a7d9f9ee71b330bca2e34d/element - {"using":"xpath","value":"//li[.//span[text()='373']]"}
RESULT: {"using":"xpath","value":"//li[.//span[text()='373']]"}
COMMAND: POST /session/e8ae643ad1a7d9f9ee71b330bca2e34d/element/f.804597995EEA20368E99A2927B0C1762.d.B831B23F03977A2B99EAE40FBE5859A3.e.8781/click - {}
RESULT: {}
COMMAND: GET /session/e8ae643ad1a7d9f9ee71b330bca2e34d/screenshot - {}
RESULT: {}
COMMAND: POST /session/e8ae643ad1a7d9f9ee71b330bca2e34d/element - {"using":"xpath","value":"//input[@id=\"application-managesites-display-component---NewSite--addressDetailDetailsPartner-inner\"]"}
RESULT: {"using":"xpath","value":"//input[@id=\"application-managesites-display-component---NewSite--addressDetailDetailsPartner-inner\"]"}
COMMAND: POST /session/e8ae643ad1a7d9f9ee71b330bca2e34d/element - {"using":"xpath","value":"//input[@id=\"application-managesites-display-component---NewSite--addressDetailDetailsPartner-inner\"]"}
RESULT: {"using":"xpath","value":"//input[@id=\"application-managesites-display-component---NewSite--addressDetailDetailsPartner-inner\"]"}
COMMAND: POST /session/e8ae643ad1a7d9f9ee71b330bca2e34d/element - {"using":"xpath","value":"//button[@data-kt=\"saveButton\"]"}
RESULT: {"using":"xpath","value":"//button[@data-kt=\"saveButton\"]"}
COMMAND: POST /session/e8ae643ad1a7d9f9ee71b330bca2e34d/element/f.804597995EEA20368E99A2927B0C1762.d.B831B23F03977A2B99EAE40FBE5859A3.e.8670/click - {}
RESULT: {}
COMMAND: GET /session/e8ae643ad1a7d9f9ee71b330bca2e34d/screenshot - {}
RESULT: {}
COMMAND: POST /session/e8ae643ad1a7d9f9ee71b330bca2e34d/element - {"using":"xpath","value":"//header[contains(@id, 'ObjectPageLayout-headerTitle')]/div[1]/div[2]/div[2]/span[1]"}
RESULT: {"using":"xpath","value":"//header[contains(@id, 'ObjectPageLayout-headerTitle')]/div[1]/div[2]/div[2]/span[1]"}
COMMAND: POST /session/e8ae643ad1a7d9f9ee71b330bca2e34d/elements - {"using":"xpath","value":"//header[contains(@id, 'ObjectPageLayout-headerTitle')]/div[1]/div[2]/div[2]/span[1]"}
RESULT: {"using":"xpath","value":"//header[contains(@id, 'ObjectPageLayout-headerTitle')]/div[1]/div[2]/div[2]/span[1]"}
COMMAND: POST /session/e8ae643ad1a7d9f9ee71b330bca2e34d/execute/sync - {"script":"<script> [56 bytes]","args":[{"element-6066-11e4-a52e-4f735466cecf":"f.804597995EEA20368E99A2927B0C1762.d.B831B23F03977A2B99EAE40FBE5859A3.e.8986","ELEMENT":"f.804597995EEA20368E99A2927B0C1762.d.B831B23F03977A2B99EAE40FBE5859A3.e.8986"}]}
RESULT: {"script":"<script> [56 bytes]","args":[{"element-6066-11e4-a52e-4f735466cecf":"f.804597995EEA20368E99A2927B0C1762.d.B831B23F03977A2B99EAE40FBE5859A3.e.8986","ELEMENT":"f.804597995EEA20368E99A2927B0C1762.d.B831B23F03977A2B99EAE40FBE5859A3.e.8986"}]}
COMMAND: POST /session/e8ae643ad1a7d9f9ee71b330bca2e34d/element - {"using":"css selector","value":"#shell-header-logo"}
COMMAND: GET /session/e8ae643ad1a7d9f9ee71b330bca2e34d/screenshot - {}
RESULT: {"using":"css selector","value":"#shell-header-logo"}
COMMAND: POST /session/e8ae643ad1a7d9f9ee71b330bca2e34d/element/f.804597995EEA20368E99A2927B0C1762.d.B831B23F03977A2B99EAE40FBE5859A3.e.8270/click - {}
RESULT: {}
RESULT: {}
COMMAND: GET /session/e8ae643ad1a7d9f9ee71b330bca2e34d/screenshot - {}
RESULT: {}
]]></system-out>
    </testcase>
    <testcase classname="chrome.135_0_7049_42.windows.Billing_Transfer_-_Intracompany_US127249" name="Should create a new equipment" time="104.915">
      <system-out><![CDATA[
COMMAND: POST /session/e8ae643ad1a7d9f9ee71b330bca2e34d/execute/async - {"script":"<script> [1562 bytes]","args":[{"selector":{"controlType":"sap.m.GenericTile","properties":{"header":"Manage Resources"}},"wdio_ui5_key":"sapm.GenericTile{\"header\":\"Manage Resources\"}"}]}
RESULT: {"script":"<script> [1562 bytes]","args":[{"selector":{"controlType":"sap.m.GenericTile","properties":{"header":"Manage Resources"}},"wdio_ui5_key":"sapm.GenericTile{\"header\":\"Manage Resources\"}"}]}
RESULT: undefined
COMMAND: POST /session/e8ae643ad1a7d9f9ee71b330bca2e34d/element - {"using":"xpath","value":"//*[@id=\"__tile39\"]"}
RESULT: {"using":"xpath","value":"//*[@id=\"__tile39\"]"}
COMMAND: POST /session/e8ae643ad1a7d9f9ee71b330bca2e34d/element/f.804597995EEA20368E99A2927B0C1762.d.B831B23F03977A2B99EAE40FBE5859A3.e.6602/click - {}
RESULT: undefined
RESULT: undefined
RESULT: {}
COMMAND: POST /session/e8ae643ad1a7d9f9ee71b330bca2e34d/element - {"using":"xpath","value":"//button[@data-kt=\"addNewRUOverflowToolbarButton\"]"}
COMMAND: GET /session/e8ae643ad1a7d9f9ee71b330bca2e34d/screenshot - {}
RESULT: {"using":"xpath","value":"//button[@data-kt=\"addNewRUOverflowToolbarButton\"]"}
COMMAND: POST /session/e8ae643ad1a7d9f9ee71b330bca2e34d/elements - {"using":"xpath","value":"//button[@data-kt=\"addNewRUOverflowToolbarButton\"]"}
RESULT: {}
RESULT: {"using":"xpath","value":"//button[@data-kt=\"addNewRUOverflowToolbarButton\"]"}
COMMAND: POST /session/e8ae643ad1a7d9f9ee71b330bca2e34d/execute/sync - {"script":"<script> [8489 bytes]","args":[{"element-6066-11e4-a52e-4f735466cecf":"f.804597995EEA20368E99A2927B0C1762.d.B831B23F03977A2B99EAE40FBE5859A3.e.9030","ELEMENT":"f.804597995EEA20368E99A2927B0C1762.d.B831B23F03977A2B99EAE40FBE5859A3.e.9030"}]}
RESULT: {"script":"<script> [8489 bytes]","args":[{"element-6066-11e4-a52e-4f735466cecf":"f.804597995EEA20368E99A2927B0C1762.d.B831B23F03977A2B99EAE40FBE5859A3.e.9030","ELEMENT":"f.804597995EEA20368E99A2927B0C1762.d.B831B23F03977A2B99EAE40FBE5859A3.e.9030"}]}
COMMAND: GET /session/e8ae643ad1a7d9f9ee71b330bca2e34d/element/f.804597995EEA20368E99A2927B0C1762.d.B831B23F03977A2B99EAE40FBE5859A3.e.9030/enabled - {}
COMMAND: GET /session/e8ae643ad1a7d9f9ee71b330bca2e34d/screenshot - {}
RESULT: {}
COMMAND: POST /session/e8ae643ad1a7d9f9ee71b330bca2e34d/execute/sync - {"script":"<script> [8489 bytes]","args":[{"element-6066-11e4-a52e-4f735466cecf":"f.804597995EEA20368E99A2927B0C1762.d.B831B23F03977A2B99EAE40FBE5859A3.e.9030","ELEMENT":"f.804597995EEA20368E99A2927B0C1762.d.B831B23F03977A2B99EAE40FBE5859A3.e.9030"}]}
COMMAND: GET /session/e8ae643ad1a7d9f9ee71b330bca2e34d/screenshot - {}
RESULT: {}
RESULT: {"script":"<script> [8489 bytes]","args":[{"element-6066-11e4-a52e-4f735466cecf":"f.804597995EEA20368E99A2927B0C1762.d.B831B23F03977A2B99EAE40FBE5859A3.e.9030","ELEMENT":"f.804597995EEA20368E99A2927B0C1762.d.B831B23F03977A2B99EAE40FBE5859A3.e.9030"}]}
COMMAND: POST /session/e8ae643ad1a7d9f9ee71b330bca2e34d/execute/sync - {"script":"<script> [5351 bytes]","args":[{"element-6066-11e4-a52e-4f735466cecf":"f.804597995EEA20368E99A2927B0C1762.d.B831B23F03977A2B99EAE40FBE5859A3.e.9030","ELEMENT":"f.804597995EEA20368E99A2927B0C1762.d.B831B23F03977A2B99EAE40FBE5859A3.e.9030"}]}
COMMAND: GET /session/e8ae643ad1a7d9f9ee71b330bca2e34d/screenshot - {}
RESULT: {}
RESULT: {"script":"<script> [5351 bytes]","args":[{"element-6066-11e4-a52e-4f735466cecf":"f.804597995EEA20368E99A2927B0C1762.d.B831B23F03977A2B99EAE40FBE5859A3.e.9030","ELEMENT":"f.804597995EEA20368E99A2927B0C1762.d.B831B23F03977A2B99EAE40FBE5859A3.e.9030"}]}
COMMAND: POST /session/e8ae643ad1a7d9f9ee71b330bca2e34d/element/f.804597995EEA20368E99A2927B0C1762.d.B831B23F03977A2B99EAE40FBE5859A3.e.9030/click - {}
COMMAND: GET /session/e8ae643ad1a7d9f9ee71b330bca2e34d/screenshot - {}
RESULT: {}
RESULT: {}
COMMAND: GET /session/e8ae643ad1a7d9f9ee71b330bca2e34d/screenshot - {}
COMMAND: POST /session/e8ae643ad1a7d9f9ee71b330bca2e34d/execute/async - {"script":"<script> [1562 bytes]","args":[{"selector":{"id":"application-manageresources-display-component---newResourceUnit--TYPE-arrow"},"wdio_ui5_key":"applicationmanageresources-display-component---newResourceUnit--TYPE-arrow"}]}
RESULT: {}
RESULT: {}
RESULT: {"script":"<script> [1562 bytes]","args":[{"selector":{"id":"application-manageresources-display-component---newResourceUnit--TYPE-arrow"},"wdio_ui5_key":"applicationmanageresources-display-component---newResourceUnit--TYPE-arrow"}]}
RESULT: undefined
COMMAND: POST /session/e8ae643ad1a7d9f9ee71b330bca2e34d/element - {"using":"xpath","value":"//*[@id=\"application-manageresources-display-component---newResourceUnit--TYPE-arrow\"]"}
RESULT: {"using":"xpath","value":"//*[@id=\"application-manageresources-display-component---newResourceUnit--TYPE-arrow\"]"}
COMMAND: POST /session/e8ae643ad1a7d9f9ee71b330bca2e34d/element/f.804597995EEA20368E99A2927B0C1762.d.B831B23F03977A2B99EAE40FBE5859A3.e.9386/click - {}
RESULT: {}
COMMAND: POST /session/e8ae643ad1a7d9f9ee71b330bca2e34d/element - {"using":"xpath","value":"//input[@id=\"application-manageresources-display-component---newResourceUnit--TYPE-inner\"]"}
COMMAND: GET /session/e8ae643ad1a7d9f9ee71b330bca2e34d/screenshot - {}
RESULT: {"using":"xpath","value":"//input[@id=\"application-manageresources-display-component---newResourceUnit--TYPE-inner\"]"}
COMMAND: POST /session/e8ae643ad1a7d9f9ee71b330bca2e34d/element/f.804597995EEA20368E99A2927B0C1762.d.B831B23F03977A2B99EAE40FBE5859A3.e.9369/clear - {}
RESULT: {}
RESULT: {}
COMMAND: POST /session/e8ae643ad1a7d9f9ee71b330bca2e34d/element/f.804597995EEA20368E99A2927B0C1762.d.B831B23F03977A2B99EAE40FBE5859A3.e.9369/value - {"text":"Equipment"}
COMMAND: GET /session/e8ae643ad1a7d9f9ee71b330bca2e34d/screenshot - {}
RESULT: {"text":"Equipment"}
COMMAND: GET /session/e8ae643ad1a7d9f9ee71b330bca2e34d/screenshot - {}
RESULT: {}
RESULT: {}
COMMAND: POST /session/e8ae643ad1a7d9f9ee71b330bca2e34d/actions - {"actions":[{"id":"action29","type":"key","parameters":{},"actions":[{"type":"keyDown","value":""},{"type":"pause","duration":10},{"type":"keyUp","value":""}]}]}
RESULT: {"actions":[{"id":"action29","type":"key","parameters":{},"actions":[{"type":"keyDown","value":""},{"type":"pause","duration":10},{"type":"keyUp","value":""}]}]}
COMMAND: POST /session/e8ae643ad1a7d9f9ee71b330bca2e34d/execute/async - {"script":"<script> [1562 bytes]","args":[{"selector":{"id":"application-manageresources-display-component---newResourceUnit--resourceId","interaction":{"idSuffix":"inner"}},"wdio_ui5_key":"applicationmanageresources-display-component---newResourceUnit--resourceId"}]}
COMMAND: GET /session/e8ae643ad1a7d9f9ee71b330bca2e34d/screenshot - {}
RESULT: {"script":"<script> [1562 bytes]","args":[{"selector":{"id":"application-manageresources-display-component---newResourceUnit--resourceId","interaction":{"idSuffix":"inner"}},"wdio_ui5_key":"applicationmanageresources-display-component---newResourceUnit--resourceId"}]}
RESULT: undefined
COMMAND: POST /session/e8ae643ad1a7d9f9ee71b330bca2e34d/execute/async - {"script":"<script> [776 bytes]","args":[{"enterText":"Fr3pavV5H1","selector":{"id":"application-manageresources-display-component---newResourceUnit--resourceId","interaction":{"idSuffix":"inner"}},"clearTextFirst":true,"interactionType":"ENTER_TEXT"}]}
RESULT: {}
RESULT: {"script":"<script> [776 bytes]","args":[{"enterText":"Fr3pavV5H1","selector":{"id":"application-manageresources-display-component---newResourceUnit--resourceId","interaction":{"idSuffix":"inner"}},"clearTextFirst":true,"interactionType":"ENTER_TEXT"}]}
COMMAND: POST /session/e8ae643ad1a7d9f9ee71b330bca2e34d/execute/async - {"script":"<script> [1562 bytes]","args":[{"selector":{"id":"application-manageresources-display-component---newResourceUnit--SHORT_TEXT","interaction":{"idSuffix":"inner"}},"wdio_ui5_key":"applicationmanageresources-display-component---newResourceUnit--SHORT_TEXT"}]}
RESULT: {"script":"<script> [1562 bytes]","args":[{"selector":{"id":"application-manageresources-display-component---newResourceUnit--SHORT_TEXT","interaction":{"idSuffix":"inner"}},"wdio_ui5_key":"applicationmanageresources-display-component---newResourceUnit--SHORT_TEXT"}]}
RESULT: undefined
COMMAND: POST /session/e8ae643ad1a7d9f9ee71b330bca2e34d/execute/async - {"script":"<script> [776 bytes]","args":[{"enterText":"Intercompany Equipment WDIO","selector":{"id":"application-manageresources-display-component---newResourceUnit--SHORT_TEXT","interaction":{"idSuffix":"inner"}},"clearTextFirst":true,"interactionType":"ENTER_TEXT"}]}
RESULT: {"script":"<script> [776 bytes]","args":[{"enterText":"Intercompany Equipment WDIO","selector":{"id":"application-manageresources-display-component---newResourceUnit--SHORT_TEXT","interaction":{"idSuffix":"inner"}},"clearTextFirst":true,"interactionType":"ENTER_TEXT"}]}
COMMAND: POST /session/e8ae643ad1a7d9f9ee71b330bca2e34d/execute/async - {"script":"<script> [1562 bytes]","args":[{"selector":{"id":"application-manageresources-display-component---newResourceUnit--BASE_UNIT_OF_MEASURE","interaction":{"idSuffix":"inner"}},"wdio_ui5_key":"applicationmanageresources-display-component---newResourceUnit--BASE_UNIT_OF_MEASURE"}]}
RESULT: {"script":"<script> [1562 bytes]","args":[{"selector":{"id":"application-manageresources-display-component---newResourceUnit--BASE_UNIT_OF_MEASURE","interaction":{"idSuffix":"inner"}},"wdio_ui5_key":"applicationmanageresources-display-component---newResourceUnit--BASE_UNIT_OF_MEASURE"}]}
RESULT: undefined
COMMAND: POST /session/e8ae643ad1a7d9f9ee71b330bca2e34d/execute/async - {"script":"<script> [776 bytes]","args":[{"enterText":"Piece","selector":{"id":"application-manageresources-display-component---newResourceUnit--BASE_UNIT_OF_MEASURE","interaction":{"idSuffix":"inner"}},"clearTextFirst":true,"interactionType":"ENTER_TEXT"}]}
RESULT: {"script":"<script> [776 bytes]","args":[{"enterText":"Piece","selector":{"id":"application-manageresources-display-component---newResourceUnit--BASE_UNIT_OF_MEASURE","interaction":{"idSuffix":"inner"}},"clearTextFirst":true,"interactionType":"ENTER_TEXT"}]}
COMMAND: POST /session/e8ae643ad1a7d9f9ee71b330bca2e34d/execute/async - {"script":"<script> [1562 bytes]","args":[{"selector":{"id":"application-manageresources-display-component---newResourceUnit--WEIGHT_UNIT","interaction":{"idSuffix":"inner"}},"wdio_ui5_key":"applicationmanageresources-display-component---newResourceUnit--WEIGHT_UNIT"}]}
RESULT: {"script":"<script> [1562 bytes]","args":[{"selector":{"id":"application-manageresources-display-component---newResourceUnit--WEIGHT_UNIT","interaction":{"idSuffix":"inner"}},"wdio_ui5_key":"applicationmanageresources-display-component---newResourceUnit--WEIGHT_UNIT"}]}
RESULT: undefined
COMMAND: POST /session/e8ae643ad1a7d9f9ee71b330bca2e34d/execute/async - {"script":"<script> [776 bytes]","args":[{"enterText":"Gram","selector":{"id":"application-manageresources-display-component---newResourceUnit--WEIGHT_UNIT","interaction":{"idSuffix":"inner"}},"clearTextFirst":true,"interactionType":"ENTER_TEXT"}]}
RESULT: {"script":"<script> [776 bytes]","args":[{"enterText":"Gram","selector":{"id":"application-manageresources-display-component---newResourceUnit--WEIGHT_UNIT","interaction":{"idSuffix":"inner"}},"clearTextFirst":true,"interactionType":"ENTER_TEXT"}]}
COMMAND: POST /session/e8ae643ad1a7d9f9ee71b330bca2e34d/execute/async - {"script":"<script> [1562 bytes]","args":[{"selector":{"id":"application-manageresources-display-component---newResourceUnit--DIMENSION_UNIT","interaction":{"idSuffix":"inner"}},"wdio_ui5_key":"applicationmanageresources-display-component---newResourceUnit--DIMENSION_UNIT"}]}
RESULT: {"script":"<script> [1562 bytes]","args":[{"selector":{"id":"application-manageresources-display-component---newResourceUnit--DIMENSION_UNIT","interaction":{"idSuffix":"inner"}},"wdio_ui5_key":"applicationmanageresources-display-component---newResourceUnit--DIMENSION_UNIT"}]}
RESULT: undefined
COMMAND: POST /session/e8ae643ad1a7d9f9ee71b330bca2e34d/execute/async - {"script":"<script> [776 bytes]","args":[{"enterText":"Meter","selector":{"id":"application-manageresources-display-component---newResourceUnit--DIMENSION_UNIT","interaction":{"idSuffix":"inner"}},"clearTextFirst":true,"interactionType":"ENTER_TEXT"}]}
RESULT: {"script":"<script> [776 bytes]","args":[{"enterText":"Meter","selector":{"id":"application-manageresources-display-component---newResourceUnit--DIMENSION_UNIT","interaction":{"idSuffix":"inner"}},"clearTextFirst":true,"interactionType":"ENTER_TEXT"}]}
COMMAND: POST /session/e8ae643ad1a7d9f9ee71b330bca2e34d/execute/async - {"script":"<script> [1562 bytes]","args":[{"selector":{"id":"application-manageresources-display-component---newResourceUnit--newRRUPage-anchBar-application-manageresources-display-component---newResourceUnit--control-anchor","interaction":{"idSuffix":"BDI-content"}},"wdio_ui5_key":"applicationmanageresources-display-component---newResourceUnit--newRRUPage-anchBar-application-manageresources-display-component---newResourceUnit--control-anchor"}]}
RESULT: {"script":"<script> [1562 bytes]","args":[{"selector":{"id":"application-manageresources-display-component---newResourceUnit--newRRUPage-anchBar-application-manageresources-display-component---newResourceUnit--control-anchor","interaction":{"idSuffix":"BDI-content"}},"wdio_ui5_key":"applicationmanageresources-display-component---newResourceUnit--newRRUPage-anchBar-application-manageresources-display-component---newResourceUnit--control-anchor"}]}
RESULT: undefined
COMMAND: POST /session/e8ae643ad1a7d9f9ee71b330bca2e34d/element - {"using":"xpath","value":"//*[@id=\"application-manageresources-display-component---newResourceUnit--newRRUPage-anchBar-application-manageresources-display-component---newResourceUnit--control-anchor\"]"}
RESULT: {"using":"xpath","value":"//*[@id=\"application-manageresources-display-component---newResourceUnit--newRRUPage-anchBar-application-manageresources-display-component---newResourceUnit--control-anchor\"]"}
COMMAND: POST /session/e8ae643ad1a7d9f9ee71b330bca2e34d/element/f.804597995EEA20368E99A2927B0C1762.d.B831B23F03977A2B99EAE40FBE5859A3.e.9518/click - {}
RESULT: {}
COMMAND: POST /session/e8ae643ad1a7d9f9ee71b330bca2e34d/execute/async - {"script":"<script> [1562 bytes]","args":[{"selector":{"id":"application-manageresources-display-component---newResourceUnit--PLANNING_GROUP","interaction":{"idSuffix":"inner"}},"wdio_ui5_key":"applicationmanageresources-display-component---newResourceUnit--PLANNING_GROUP"}]}
COMMAND: GET /session/e8ae643ad1a7d9f9ee71b330bca2e34d/screenshot - {}
RESULT: {"script":"<script> [1562 bytes]","args":[{"selector":{"id":"application-manageresources-display-component---newResourceUnit--PLANNING_GROUP","interaction":{"idSuffix":"inner"}},"wdio_ui5_key":"applicationmanageresources-display-component---newResourceUnit--PLANNING_GROUP"}]}
RESULT: undefined
COMMAND: POST /session/e8ae643ad1a7d9f9ee71b330bca2e34d/execute/async - {"script":"<script> [776 bytes]","args":[{"enterText":"Heavy Equi","selector":{"id":"application-manageresources-display-component---newResourceUnit--PLANNING_GROUP","interaction":{"idSuffix":"inner"}},"clearTextFirst":true,"interactionType":"ENTER_TEXT"}]}
RESULT: {}
RESULT: {"script":"<script> [776 bytes]","args":[{"enterText":"Heavy Equi","selector":{"id":"application-manageresources-display-component---newResourceUnit--PLANNING_GROUP","interaction":{"idSuffix":"inner"}},"clearTextFirst":true,"interactionType":"ENTER_TEXT"}]}
COMMAND: POST /session/e8ae643ad1a7d9f9ee71b330bca2e34d/execute/async - {"script":"<script> [1562 bytes]","args":[{"selector":{"id":"application-manageresources-display-component---newResourceUnit--ITEM_TYPE-arrow"},"wdio_ui5_key":"applicationmanageresources-display-component---newResourceUnit--ITEM_TYPE-arrow"}]}
RESULT: {"script":"<script> [1562 bytes]","args":[{"selector":{"id":"application-manageresources-display-component---newResourceUnit--ITEM_TYPE-arrow"},"wdio_ui5_key":"applicationmanageresources-display-component---newResourceUnit--ITEM_TYPE-arrow"}]}
RESULT: undefined
COMMAND: POST /session/e8ae643ad1a7d9f9ee71b330bca2e34d/element - {"using":"xpath","value":"//*[@id=\"application-manageresources-display-component---newResourceUnit--ITEM_TYPE-arrow\"]"}
RESULT: {"using":"xpath","value":"//*[@id=\"application-manageresources-display-component---newResourceUnit--ITEM_TYPE-arrow\"]"}
COMMAND: POST /session/e8ae643ad1a7d9f9ee71b330bca2e34d/element/f.804597995EEA20368E99A2927B0C1762.d.B831B23F03977A2B99EAE40FBE5859A3.e.9526/click - {}
RESULT: {}
COMMAND: POST /session/e8ae643ad1a7d9f9ee71b330bca2e34d/element - {"using":"xpath","value":"(//span[contains(text(), \"Resource Unit\")])[2]"}
COMMAND: GET /session/e8ae643ad1a7d9f9ee71b330bca2e34d/screenshot - {}
RESULT: {"using":"xpath","value":"(//span[contains(text(), \"Resource Unit\")])[2]"}
COMMAND: POST /session/e8ae643ad1a7d9f9ee71b330bca2e34d/element/f.804597995EEA20368E99A2927B0C1762.d.B831B23F03977A2B99EAE40FBE5859A3.e.9527/click - {}
RESULT: {}
RESULT: {}
COMMAND: GET /session/e8ae643ad1a7d9f9ee71b330bca2e34d/screenshot - {}
RESULT: {}
COMMAND: POST /session/e8ae643ad1a7d9f9ee71b330bca2e34d/element - {"using":"css selector","value":"#application-manageresources-display-component---newResourceUnit--btnAddTimeSegment"}
RESULT: {"using":"css selector","value":"#application-manageresources-display-component---newResourceUnit--btnAddTimeSegment"}
COMMAND: GET /session/e8ae643ad1a7d9f9ee71b330bca2e34d/element/f.804597995EEA20368E99A2927B0C1762.d.B831B23F03977A2B99EAE40FBE5859A3.e.9528/rect - {}
RESULT: {}
COMMAND: GET /session/e8ae643ad1a7d9f9ee71b330bca2e34d/window/rect - {}
RESULT: {}
COMMAND: POST /session/e8ae643ad1a7d9f9ee71b330bca2e34d/execute/sync - {"script":"<script> [92 bytes]","args":[]}
RESULT: {"script":"<script> [92 bytes]","args":[]}
COMMAND: POST /session/e8ae643ad1a7d9f9ee71b330bca2e34d/actions - {"actions":[{"id":"action30","type":"wheel","parameters":{},"actions":[{"type":"scroll","x":-1888,"y":-32,"deltaX":0,"deltaY":0,"duration":0,"origin":{"element-6066-11e4-a52e-4f735466cecf":"f.804597995EEA20368E99A2927B0C1762.d.B831B23F03977A2B99EAE40FBE5859A3.e.9528"}}]}]}
COMMAND: GET /session/e8ae643ad1a7d9f9ee71b330bca2e34d/screenshot - {}
RESULT: {}
COMMAND: POST /session/e8ae643ad1a7d9f9ee71b330bca2e34d/execute/sync - {"script":"<script> [79 bytes]","args":[{"element-6066-11e4-a52e-4f735466cecf":"f.804597995EEA20368E99A2927B0C1762.d.B831B23F03977A2B99EAE40FBE5859A3.e.9528","ELEMENT":"f.804597995EEA20368E99A2927B0C1762.d.B831B23F03977A2B99EAE40FBE5859A3.e.9528"},{"block":"start","inline":"nearest"}]}
RESULT: {"script":"<script> [79 bytes]","args":[{"element-6066-11e4-a52e-4f735466cecf":"f.804597995EEA20368E99A2927B0C1762.d.B831B23F03977A2B99EAE40FBE5859A3.e.9528","ELEMENT":"f.804597995EEA20368E99A2927B0C1762.d.B831B23F03977A2B99EAE40FBE5859A3.e.9528"},{"block":"start","inline":"nearest"}]}
COMMAND: POST /session/e8ae643ad1a7d9f9ee71b330bca2e34d/execute/async - {"script":"<script> [1562 bytes]","args":[{"selector":{"id":"application-manageresources-display-component---newResourceUnit--btnAddTimeSegment","interaction":{"idSuffix":"inner"}},"wdio_ui5_key":"applicationmanageresources-display-component---newResourceUnit--btnAddTimeSegment"}]}
COMMAND: GET /session/e8ae643ad1a7d9f9ee71b330bca2e34d/screenshot - {}
RESULT: {"script":"<script> [1562 bytes]","args":[{"selector":{"id":"application-manageresources-display-component---newResourceUnit--btnAddTimeSegment","interaction":{"idSuffix":"inner"}},"wdio_ui5_key":"applicationmanageresources-display-component---newResourceUnit--btnAddTimeSegment"}]}
RESULT: undefined
COMMAND: POST /session/e8ae643ad1a7d9f9ee71b330bca2e34d/element - {"using":"xpath","value":"//*[@id=\"application-manageresources-display-component---newResourceUnit--btnAddTimeSegment\"]"}
RESULT: {}
RESULT: {"using":"xpath","value":"//*[@id=\"application-manageresources-display-component---newResourceUnit--btnAddTimeSegment\"]"}
COMMAND: POST /session/e8ae643ad1a7d9f9ee71b330bca2e34d/element/f.804597995EEA20368E99A2927B0C1762.d.B831B23F03977A2B99EAE40FBE5859A3.e.9528/click - {}
RESULT: {}
COMMAND: GET /session/e8ae643ad1a7d9f9ee71b330bca2e34d/screenshot - {}
RESULT: {}
COMMAND: POST /session/e8ae643ad1a7d9f9ee71b330bca2e34d/element - {"using":"xpath","value":"//input[@id=\"application-manageresources-display-component---newResourceUnit--idRuTSAdmin-application-manageresources-display-component---newResourceUnit--RUTimeSegment-0-inner\"]"}
RESULT: {"using":"xpath","value":"//input[@id=\"application-manageresources-display-component---newResourceUnit--idRuTSAdmin-application-manageresources-display-component---newResourceUnit--RUTimeSegment-0-inner\"]"}
COMMAND: POST /session/e8ae643ad1a7d9f9ee71b330bca2e34d/element/f.804597995EEA20368E99A2927B0C1762.d.B831B23F03977A2B99EAE40FBE5859A3.e.9534/clear - {}
RESULT: {}
COMMAND: POST /session/e8ae643ad1a7d9f9ee71b330bca2e34d/element/f.804597995EEA20368E99A2927B0C1762.d.B831B23F03977A2B99EAE40FBE5859A3.e.9534/value - {"text":"373"}
COMMAND: GET /session/e8ae643ad1a7d9f9ee71b330bca2e34d/screenshot - {}
RESULT: {"text":"373"}
COMMAND: GET /session/e8ae643ad1a7d9f9ee71b330bca2e34d/screenshot - {}
RESULT: {}
RESULT: {}
COMMAND: POST /session/e8ae643ad1a7d9f9ee71b330bca2e34d/element - {"using":"xpath","value":"//li[.//span[text()='373']]"}
RESULT: {"using":"xpath","value":"//li[.//span[text()='373']]"}
COMMAND: POST /session/e8ae643ad1a7d9f9ee71b330bca2e34d/element/f.804597995EEA20368E99A2927B0C1762.d.B831B23F03977A2B99EAE40FBE5859A3.e.9546/click - {}
RESULT: {}
COMMAND: GET /session/e8ae643ad1a7d9f9ee71b330bca2e34d/screenshot - {}
RESULT: {}
COMMAND: POST /session/e8ae643ad1a7d9f9ee71b330bca2e34d/element - {"using":"xpath","value":"(//span[contains(@id, \"-application-manageresources-display-component---newResourceUnit--RUTimeSegment-0-arrow\")])[6]"}
RESULT: {"using":"xpath","value":"(//span[contains(@id, \"-application-manageresources-display-component---newResourceUnit--RUTimeSegment-0-arrow\")])[6]"}
COMMAND: POST /session/e8ae643ad1a7d9f9ee71b330bca2e34d/element/f.804597995EEA20368E99A2927B0C1762.d.B831B23F03977A2B99EAE40FBE5859A3.e.9547/click - {}
RESULT: {}
COMMAND: POST /session/e8ae643ad1a7d9f9ee71b330bca2e34d/element - {"using":"xpath","value":"//span[contains(text(), \"PM Order\")]"}
COMMAND: GET /session/e8ae643ad1a7d9f9ee71b330bca2e34d/screenshot - {}
RESULT: {"using":"xpath","value":"//span[contains(text(), \"PM Order\")]"}
COMMAND: POST /session/e8ae643ad1a7d9f9ee71b330bca2e34d/element/f.804597995EEA20368E99A2927B0C1762.d.B831B23F03977A2B99EAE40FBE5859A3.e.9550/click - {}
RESULT: {}
RESULT: {}
COMMAND: GET /session/e8ae643ad1a7d9f9ee71b330bca2e34d/screenshot - {}
RESULT: {}
COMMAND: POST /session/e8ae643ad1a7d9f9ee71b330bca2e34d/element - {"using":"xpath","value":"(//span[contains(@id ,\"manageresources-display-component---newResourceUnit--RUTimeSegment-0-vhi\")])[2]"}
RESULT: {"using":"xpath","value":"(//span[contains(@id ,\"manageresources-display-component---newResourceUnit--RUTimeSegment-0-vhi\")])[2]"}
COMMAND: POST /session/e8ae643ad1a7d9f9ee71b330bca2e34d/element/f.804597995EEA20368E99A2927B0C1762.d.B831B23F03977A2B99EAE40FBE5859A3.e.9553/click - {}
RESULT: {}
COMMAND: GET /session/e8ae643ad1a7d9f9ee71b330bca2e34d/screenshot - {}
RESULT: {}
RESULT: undefined
COMMAND: POST /session/e8ae643ad1a7d9f9ee71b330bca2e34d/execute/async - {"script":"<script> [776 bytes]","args":[{"enterText":"4000360","selector":{"controlType":"sap.m.SearchField","properties":{"placeholder":"Search"},"searchOpenDialogs":true,"interaction":{"idSuffix":"I"}},"clearTextFirst":true,"interactionType":"ENTER_TEXT"}]}
RESULT: {"script":"<script> [776 bytes]","args":[{"enterText":"4000360","selector":{"controlType":"sap.m.SearchField","properties":{"placeholder":"Search"},"searchOpenDialogs":true,"interaction":{"idSuffix":"I"}},"clearTextFirst":true,"interactionType":"ENTER_TEXT"}]}
COMMAND: POST /session/e8ae643ad1a7d9f9ee71b330bca2e34d/actions - {"actions":[{"id":"action31","type":"key","parameters":{},"actions":[{"type":"keyDown","value":""},{"type":"pause","duration":10},{"type":"keyUp","value":""}]}]}
RESULT: {"actions":[{"id":"action31","type":"key","parameters":{},"actions":[{"type":"keyDown","value":""},{"type":"pause","duration":10},{"type":"keyUp","value":""}]}]}
COMMAND: GET /session/e8ae643ad1a7d9f9ee71b330bca2e34d/screenshot - {}
RESULT: {}
COMMAND: POST /session/e8ae643ad1a7d9f9ee71b330bca2e34d/element - {"using":"xpath","value":"//td/div/span[contains(text(), \"BGL Vehicles\")]"}
RESULT: {"using":"xpath","value":"//td/div/span[contains(text(), \"BGL Vehicles\")]"}
COMMAND: POST /session/e8ae643ad1a7d9f9ee71b330bca2e34d/element/f.804597995EEA20368E99A2927B0C1762.d.B831B23F03977A2B99EAE40FBE5859A3.e.9570/click - {}
RESULT: {}
COMMAND: GET /session/e8ae643ad1a7d9f9ee71b330bca2e34d/screenshot - {}
RESULT: {}
COMMAND: POST /session/e8ae643ad1a7d9f9ee71b330bca2e34d/element - {"using":"xpath","value":"//bdi[contains(text(), \"OK\")]"}
RESULT: {"using":"xpath","value":"//bdi[contains(text(), \"OK\")]"}
COMMAND: POST /session/e8ae643ad1a7d9f9ee71b330bca2e34d/element/f.804597995EEA20368E99A2927B0C1762.d.B831B23F03977A2B99EAE40FBE5859A3.e.9571/click - {}
RESULT: {}
COMMAND: GET /session/e8ae643ad1a7d9f9ee71b330bca2e34d/screenshot - {}
RESULT: {}
COMMAND: POST /session/e8ae643ad1a7d9f9ee71b330bca2e34d/execute/async - {"script":"<script> [1562 bytes]","args":[{"selector":{"id":"application-manageresources-display-component---newResourceUnit--newRRUPage-anchBar-application-manageresources-display-component---newResourceUnit--resource-anchor","interaction":{"idSuffix":"BDI-content"}},"wdio_ui5_key":"applicationmanageresources-display-component---newResourceUnit--newRRUPage-anchBar-application-manageresources-display-component---newResourceUnit--resource-anchor"}]}
RESULT: {"script":"<script> [1562 bytes]","args":[{"selector":{"id":"application-manageresources-display-component---newResourceUnit--newRRUPage-anchBar-application-manageresources-display-component---newResourceUnit--resource-anchor","interaction":{"idSuffix":"BDI-content"}},"wdio_ui5_key":"applicationmanageresources-display-component---newResourceUnit--newRRUPage-anchBar-application-manageresources-display-component---newResourceUnit--resource-anchor"}]}
RESULT: undefined
COMMAND: POST /session/e8ae643ad1a7d9f9ee71b330bca2e34d/element - {"using":"xpath","value":"//*[@id=\"application-manageresources-display-component---newResourceUnit--newRRUPage-anchBar-application-manageresources-display-component---newResourceUnit--resource-anchor\"]"}
RESULT: {"using":"xpath","value":"//*[@id=\"application-manageresources-display-component---newResourceUnit--newRRUPage-anchBar-application-manageresources-display-component---newResourceUnit--resource-anchor\"]"}
COMMAND: POST /session/e8ae643ad1a7d9f9ee71b330bca2e34d/element/f.804597995EEA20368E99A2927B0C1762.d.B831B23F03977A2B99EAE40FBE5859A3.e.9575/click - {}
RESULT: {}
COMMAND: POST /session/e8ae643ad1a7d9f9ee71b330bca2e34d/execute/async - {"script":"<script> [1562 bytes]","args":[{"selector":{"id":"application-manageresources-display-component---newResourceUnit--PLANNED_DELIVERY_DATE","interaction":{"idSuffix":"inner"}},"wdio_ui5_key":"applicationmanageresources-display-component---newResourceUnit--PLANNED_DELIVERY_DATE"}]}
COMMAND: GET /session/e8ae643ad1a7d9f9ee71b330bca2e34d/screenshot - {}
RESULT: {"script":"<script> [1562 bytes]","args":[{"selector":{"id":"application-manageresources-display-component---newResourceUnit--PLANNED_DELIVERY_DATE","interaction":{"idSuffix":"inner"}},"wdio_ui5_key":"applicationmanageresources-display-component---newResourceUnit--PLANNED_DELIVERY_DATE"}]}
RESULT: undefined
COMMAND: POST /session/e8ae643ad1a7d9f9ee71b330bca2e34d/execute/async - {"script":"<script> [6424 bytes]","args":[{"element-6066-11e4-a52e-4f735466cecf":"f.804597995EEA20368E99A2927B0C1762.d.B831B23F03977A2B99EAE40FBE5859A3.e.9441"},"setValue",["4/15/25"]]}
RESULT: {}
RESULT: {"script":"<script> [6424 bytes]","args":[{"element-6066-11e4-a52e-4f735466cecf":"f.804597995EEA20368E99A2927B0C1762.d.B831B23F03977A2B99EAE40FBE5859A3.e.9441"},"setValue",["4/15/25"]]}
COMMAND: POST /session/e8ae643ad1a7d9f9ee71b330bca2e34d/element - {"using":"xpath","value":"//button[@data-kt=\"resourceUnitSaveButton\"]"}
RESULT: {"using":"xpath","value":"//button[@data-kt=\"resourceUnitSaveButton\"]"}
COMMAND: POST /session/e8ae643ad1a7d9f9ee71b330bca2e34d/element/f.804597995EEA20368E99A2927B0C1762.d.B831B23F03977A2B99EAE40FBE5859A3.e.9402/click - {}
RESULT: {}
COMMAND: GET /session/e8ae643ad1a7d9f9ee71b330bca2e34d/screenshot - {}
RESULT: {}
COMMAND: POST /session/e8ae643ad1a7d9f9ee71b330bca2e34d/element - {"using":"xpath","value":"//bdi[contains(text(), \"Close\")]"}
RESULT: {"using":"xpath","value":"//bdi[contains(text(), \"Close\")]"}
COMMAND: POST /session/e8ae643ad1a7d9f9ee71b330bca2e34d/element/f.804597995EEA20368E99A2927B0C1762.d.B831B23F03977A2B99EAE40FBE5859A3.e.9583/click - {}
RESULT: {}
COMMAND: GET /session/e8ae643ad1a7d9f9ee71b330bca2e34d/screenshot - {}
RESULT: {}
COMMAND: POST /session/e8ae643ad1a7d9f9ee71b330bca2e34d/element - {"using":"xpath","value":"(//button[contains(@id ,\"actionsToolbar-overflowButton\")])[1]"}
RESULT: {"using":"xpath","value":"(//button[contains(@id ,\"actionsToolbar-overflowButton\")])[1]"}
COMMAND: POST /session/e8ae643ad1a7d9f9ee71b330bca2e34d/element/f.804597995EEA20368E99A2927B0C1762.d.B831B23F03977A2B99EAE40FBE5859A3.e.9636/click - {}
RESULT: {}
COMMAND: GET /session/e8ae643ad1a7d9f9ee71b330bca2e34d/screenshot - {}
RESULT: {}
COMMAND: POST /session/e8ae643ad1a7d9f9ee71b330bca2e34d/element - {"using":"xpath","value":"//button[@data-kt=\"priceInfoButton\"]"}
RESULT: {"using":"xpath","value":"//button[@data-kt=\"priceInfoButton\"]"}
COMMAND: POST /session/e8ae643ad1a7d9f9ee71b330bca2e34d/element/f.804597995EEA20368E99A2927B0C1762.d.B831B23F03977A2B99EAE40FBE5859A3.e.9638/click - {}
RESULT: {}
COMMAND: GET /session/e8ae643ad1a7d9f9ee71b330bca2e34d/screenshot - {}
]]></system-out>
    </testcase>
    <testcase classname="chrome.135_0_7049_42.windows.Billing_Transfer_-_Intracompany_US127249" name="Should create a pricing procedure" time="54.114">
      <system-out><![CDATA[
COMMAND: POST /session/e8ae643ad1a7d9f9ee71b330bca2e34d/element - {"using":"xpath","value":"//button[@data-kt=\"addButton\"]"}
RESULT: {}
RESULT: {"using":"xpath","value":"//button[@data-kt=\"addButton\"]"}
COMMAND: POST /session/e8ae643ad1a7d9f9ee71b330bca2e34d/elements - {"using":"xpath","value":"//button[@data-kt=\"addButton\"]"}
RESULT: {"using":"xpath","value":"//button[@data-kt=\"addButton\"]"}
COMMAND: POST /session/e8ae643ad1a7d9f9ee71b330bca2e34d/execute/sync - {"script":"<script> [8489 bytes]","args":[{"element-6066-11e4-a52e-4f735466cecf":"f.804597995EEA20368E99A2927B0C1762.d.B831B23F03977A2B99EAE40FBE5859A3.e.9674","ELEMENT":"f.804597995EEA20368E99A2927B0C1762.d.B831B23F03977A2B99EAE40FBE5859A3.e.9674"}]}
RESULT: {"script":"<script> [8489 bytes]","args":[{"element-6066-11e4-a52e-4f735466cecf":"f.804597995EEA20368E99A2927B0C1762.d.B831B23F03977A2B99EAE40FBE5859A3.e.9674","ELEMENT":"f.804597995EEA20368E99A2927B0C1762.d.B831B23F03977A2B99EAE40FBE5859A3.e.9674"}]}
COMMAND: GET /session/e8ae643ad1a7d9f9ee71b330bca2e34d/element/f.804597995EEA20368E99A2927B0C1762.d.B831B23F03977A2B99EAE40FBE5859A3.e.9674/enabled - {}
COMMAND: GET /session/e8ae643ad1a7d9f9ee71b330bca2e34d/screenshot - {}
RESULT: {}
COMMAND: POST /session/e8ae643ad1a7d9f9ee71b330bca2e34d/execute/sync - {"script":"<script> [8489 bytes]","args":[{"element-6066-11e4-a52e-4f735466cecf":"f.804597995EEA20368E99A2927B0C1762.d.B831B23F03977A2B99EAE40FBE5859A3.e.9674","ELEMENT":"f.804597995EEA20368E99A2927B0C1762.d.B831B23F03977A2B99EAE40FBE5859A3.e.9674"}]}
COMMAND: GET /session/e8ae643ad1a7d9f9ee71b330bca2e34d/screenshot - {}
RESULT: {}
RESULT: {"script":"<script> [8489 bytes]","args":[{"element-6066-11e4-a52e-4f735466cecf":"f.804597995EEA20368E99A2927B0C1762.d.B831B23F03977A2B99EAE40FBE5859A3.e.9674","ELEMENT":"f.804597995EEA20368E99A2927B0C1762.d.B831B23F03977A2B99EAE40FBE5859A3.e.9674"}]}
COMMAND: POST /session/e8ae643ad1a7d9f9ee71b330bca2e34d/execute/sync - {"script":"<script> [5351 bytes]","args":[{"element-6066-11e4-a52e-4f735466cecf":"f.804597995EEA20368E99A2927B0C1762.d.B831B23F03977A2B99EAE40FBE5859A3.e.9674","ELEMENT":"f.804597995EEA20368E99A2927B0C1762.d.B831B23F03977A2B99EAE40FBE5859A3.e.9674"}]}
COMMAND: GET /session/e8ae643ad1a7d9f9ee71b330bca2e34d/screenshot - {}
RESULT: {}
RESULT: {"script":"<script> [5351 bytes]","args":[{"element-6066-11e4-a52e-4f735466cecf":"f.804597995EEA20368E99A2927B0C1762.d.B831B23F03977A2B99EAE40FBE5859A3.e.9674","ELEMENT":"f.804597995EEA20368E99A2927B0C1762.d.B831B23F03977A2B99EAE40FBE5859A3.e.9674"}]}
COMMAND: POST /session/e8ae643ad1a7d9f9ee71b330bca2e34d/element/f.804597995EEA20368E99A2927B0C1762.d.B831B23F03977A2B99EAE40FBE5859A3.e.9674/click - {}
COMMAND: GET /session/e8ae643ad1a7d9f9ee71b330bca2e34d/screenshot - {}
RESULT: {}
RESULT: {}
COMMAND: GET /session/e8ae643ad1a7d9f9ee71b330bca2e34d/screenshot - {}
RESULT: {}
RESULT: {}
COMMAND: POST /session/e8ae643ad1a7d9f9ee71b330bca2e34d/execute/async - {"script":"<script> [1562 bytes]","args":[{"selector":{"controlType":"sap.m.Title","viewName":"etm.portal.ui.managepricingrules.view.NewItem","viewId":"application-managepricingrules-display-component---newInfoPriceItem","properties":{"text":"New Pricing Rules - Item Level"}},"wdio_ui5_key":"etmportal.ui.managepricingrules.view.NewItemsap.m.Title{\"text\":\"New Pricing Rules - Item Level\"}"}]}
RESULT: {"script":"<script> [1562 bytes]","args":[{"selector":{"controlType":"sap.m.Title","viewName":"etm.portal.ui.managepricingrules.view.NewItem","viewId":"application-managepricingrules-display-component---newInfoPriceItem","properties":{"text":"New Pricing Rules - Item Level"}},"wdio_ui5_key":"etmportal.ui.managepricingrules.view.NewItemsap.m.Title{\"text\":\"New Pricing Rules - Item Level\"}"}]}
RESULT: undefined
COMMAND: POST /session/e8ae643ad1a7d9f9ee71b330bca2e34d/execute/async - {"script":"<script> [6424 bytes]","args":[{"element-6066-11e4-a52e-4f735466cecf":"f.804597995EEA20368E99A2927B0C1762.d.B831B23F03977A2B99EAE40FBE5859A3.e.9845"},"getText",[]]}
RESULT: {"script":"<script> [6424 bytes]","args":[{"element-6066-11e4-a52e-4f735466cecf":"f.804597995EEA20368E99A2927B0C1762.d.B831B23F03977A2B99EAE40FBE5859A3.e.9845"},"getText",[]]}
COMMAND: POST /session/e8ae643ad1a7d9f9ee71b330bca2e34d/execute/async - {"script":"<script> [1562 bytes]","args":[{"selector":{"id":"application-managepricingrules-display-component---newInfoPriceItem--condValidTo","interaction":{"idSuffix":"inner"}},"wdio_ui5_key":"applicationmanagepricingrules-display-component---newInfoPriceItem--condValidTo"}]}
RESULT: {"script":"<script> [1562 bytes]","args":[{"selector":{"id":"application-managepricingrules-display-component---newInfoPriceItem--condValidTo","interaction":{"idSuffix":"inner"}},"wdio_ui5_key":"applicationmanagepricingrules-display-component---newInfoPriceItem--condValidTo"}]}
RESULT: undefined
COMMAND: POST /session/e8ae643ad1a7d9f9ee71b330bca2e34d/execute/async - {"script":"<script> [776 bytes]","args":[{"enterText":"12/15/25","selector":{"id":"application-managepricingrules-display-component---newInfoPriceItem--condValidTo","interaction":{"idSuffix":"inner"}},"clearTextFirst":true,"interactionType":"ENTER_TEXT"}]}
RESULT: {"script":"<script> [776 bytes]","args":[{"enterText":"12/15/25","selector":{"id":"application-managepricingrules-display-component---newInfoPriceItem--condValidTo","interaction":{"idSuffix":"inner"}},"clearTextFirst":true,"interactionType":"ENTER_TEXT"}]}
COMMAND: POST /session/e8ae643ad1a7d9f9ee71b330bca2e34d/execute/async - {"script":"<script> [1562 bytes]","args":[{"selector":{"id":"application-managepricingrules-display-component---newInfoPriceItem--billType-arrow"},"wdio_ui5_key":"applicationmanagepricingrules-display-component---newInfoPriceItem--billType-arrow"}]}
RESULT: {"script":"<script> [1562 bytes]","args":[{"selector":{"id":"application-managepricingrules-display-component---newInfoPriceItem--billType-arrow"},"wdio_ui5_key":"applicationmanagepricingrules-display-component---newInfoPriceItem--billType-arrow"}]}
RESULT: undefined
COMMAND: POST /session/e8ae643ad1a7d9f9ee71b330bca2e34d/element - {"using":"xpath","value":"//*[@id=\"application-managepricingrules-display-component---newInfoPriceItem--billType-arrow\"]"}
RESULT: {"using":"xpath","value":"//*[@id=\"application-managepricingrules-display-component---newInfoPriceItem--billType-arrow\"]"}
COMMAND: POST /session/e8ae643ad1a7d9f9ee71b330bca2e34d/element/f.804597995EEA20368E99A2927B0C1762.d.B831B23F03977A2B99EAE40FBE5859A3.e.9804/click - {}
RESULT: {}
COMMAND: POST /session/e8ae643ad1a7d9f9ee71b330bca2e34d/element - {"using":"xpath","value":"//span[contains(text(), \"TB - Time based\")]"}
COMMAND: GET /session/e8ae643ad1a7d9f9ee71b330bca2e34d/screenshot - {}
RESULT: {"using":"xpath","value":"//span[contains(text(), \"TB - Time based\")]"}
COMMAND: POST /session/e8ae643ad1a7d9f9ee71b330bca2e34d/element/f.804597995EEA20368E99A2927B0C1762.d.B831B23F03977A2B99EAE40FBE5859A3.e.9847/click - {}
RESULT: {}
RESULT: {}
COMMAND: POST /session/e8ae643ad1a7d9f9ee71b330bca2e34d/execute/async - {"script":"<script> [1562 bytes]","args":[{"selector":{"id":"application-managepricingrules-display-component---newInfoPriceItem--priceProc-arrow"},"wdio_ui5_key":"applicationmanagepricingrules-display-component---newInfoPriceItem--priceProc-arrow"}]}
COMMAND: GET /session/e8ae643ad1a7d9f9ee71b330bca2e34d/screenshot - {}
RESULT: {"script":"<script> [1562 bytes]","args":[{"selector":{"id":"application-managepricingrules-display-component---newInfoPriceItem--priceProc-arrow"},"wdio_ui5_key":"applicationmanagepricingrules-display-component---newInfoPriceItem--priceProc-arrow"}]}
RESULT: undefined
COMMAND: POST /session/e8ae643ad1a7d9f9ee71b330bca2e34d/element - {"using":"xpath","value":"//*[@id=\"application-managepricingrules-display-component---newInfoPriceItem--priceProc-arrow\"]"}
RESULT: {}
RESULT: {"using":"xpath","value":"//*[@id=\"application-managepricingrules-display-component---newInfoPriceItem--priceProc-arrow\"]"}
COMMAND: POST /session/e8ae643ad1a7d9f9ee71b330bca2e34d/element/f.804597995EEA20368E99A2927B0C1762.d.B831B23F03977A2B99EAE40FBE5859A3.e.9811/click - {}
RESULT: {}
COMMAND: POST /session/e8ae643ad1a7d9f9ee71b330bca2e34d/element - {"using":"xpath","value":"//span[contains(text(), \"TBS - Time based standard\")]"}
COMMAND: GET /session/e8ae643ad1a7d9f9ee71b330bca2e34d/screenshot - {}
RESULT: {"using":"xpath","value":"//span[contains(text(), \"TBS - Time based standard\")]"}
COMMAND: POST /session/e8ae643ad1a7d9f9ee71b330bca2e34d/element/f.804597995EEA20368E99A2927B0C1762.d.B831B23F03977A2B99EAE40FBE5859A3.e.9848/click - {}
RESULT: {}
RESULT: {}
COMMAND: POST /session/e8ae643ad1a7d9f9ee71b330bca2e34d/execute/async - {"script":"<script> [1562 bytes]","args":[{"selector":{"id":"application-managepricingrules-display-component---newInfoPriceItem--calcBase-arrow"},"wdio_ui5_key":"applicationmanagepricingrules-display-component---newInfoPriceItem--calcBase-arrow"}]}
COMMAND: GET /session/e8ae643ad1a7d9f9ee71b330bca2e34d/screenshot - {}
RESULT: {"script":"<script> [1562 bytes]","args":[{"selector":{"id":"application-managepricingrules-display-component---newInfoPriceItem--calcBase-arrow"},"wdio_ui5_key":"applicationmanagepricingrules-display-component---newInfoPriceItem--calcBase-arrow"}]}
RESULT: undefined
COMMAND: POST /session/e8ae643ad1a7d9f9ee71b330bca2e34d/element - {"using":"xpath","value":"//*[@id=\"application-managepricingrules-display-component---newInfoPriceItem--calcBase-arrow\"]"}
RESULT: {}
RESULT: {"using":"xpath","value":"//*[@id=\"application-managepricingrules-display-component---newInfoPriceItem--calcBase-arrow\"]"}
COMMAND: POST /session/e8ae643ad1a7d9f9ee71b330bca2e34d/element/f.804597995EEA20368E99A2927B0C1762.d.B831B23F03977A2B99EAE40FBE5859A3.e.9818/click - {}
RESULT: {}
COMMAND: GET /session/e8ae643ad1a7d9f9ee71b330bca2e34d/screenshot - {}
RESULT: {}
COMMAND: POST /session/e8ae643ad1a7d9f9ee71b330bca2e34d/element - {"using":"xpath","value":"//span[contains(text(), \"0006 - TB(calendar days)\")]"}
RESULT: {"using":"xpath","value":"//span[contains(text(), \"0006 - TB(calendar days)\")]"}
COMMAND: POST /session/e8ae643ad1a7d9f9ee71b330bca2e34d/element/f.804597995EEA20368E99A2927B0C1762.d.B831B23F03977A2B99EAE40FBE5859A3.e.9849/click - {}
RESULT: {}
COMMAND: GET /session/e8ae643ad1a7d9f9ee71b330bca2e34d/screenshot - {}
RESULT: {}
COMMAND: POST /session/e8ae643ad1a7d9f9ee71b330bca2e34d/execute/async - {"script":"<script> [1562 bytes]","args":[{"selector":{"id":"application-managepricingrules-display-component---newInfoPriceItem--daysMonth","interaction":{"idSuffix":"inner"}},"wdio_ui5_key":"applicationmanagepricingrules-display-component---newInfoPriceItem--daysMonth"}]}
RESULT: {"script":"<script> [1562 bytes]","args":[{"selector":{"id":"application-managepricingrules-display-component---newInfoPriceItem--daysMonth","interaction":{"idSuffix":"inner"}},"wdio_ui5_key":"applicationmanagepricingrules-display-component---newInfoPriceItem--daysMonth"}]}
RESULT: undefined
COMMAND: POST /session/e8ae643ad1a7d9f9ee71b330bca2e34d/execute/async - {"script":"<script> [776 bytes]","args":[{"enterText":"30","selector":{"id":"application-managepricingrules-display-component---newInfoPriceItem--daysMonth","interaction":{"idSuffix":"inner"}},"clearTextFirst":true,"interactionType":"ENTER_TEXT"}]}
RESULT: {"script":"<script> [776 bytes]","args":[{"enterText":"30","selector":{"id":"application-managepricingrules-display-component---newInfoPriceItem--daysMonth","interaction":{"idSuffix":"inner"}},"clearTextFirst":true,"interactionType":"ENTER_TEXT"}]}
COMMAND: POST /session/e8ae643ad1a7d9f9ee71b330bca2e34d/element - {"using":"xpath","value":"//button[@data-kt=\"saveNewRuleButton\"]"}
RESULT: {"using":"xpath","value":"//button[@data-kt=\"saveNewRuleButton\"]"}
COMMAND: POST /session/e8ae643ad1a7d9f9ee71b330bca2e34d/element/f.804597995EEA20368E99A2927B0C1762.d.B831B23F03977A2B99EAE40FBE5859A3.e.9838/click - {}
RESULT: {}
COMMAND: GET /session/e8ae643ad1a7d9f9ee71b330bca2e34d/screenshot - {}
RESULT: {}
COMMAND: POST /session/e8ae643ad1a7d9f9ee71b330bca2e34d/execute/async - {"script":"<script> [1562 bytes]","args":[{"selector":{"id":"application-managepricingrules-display-component---priceInfoItem--smartFilterBar-btnBasicSearch","interaction":{"idSuffix":"I"}},"wdio_ui5_key":"applicationmanagepricingrules-display-component---priceInfoItem--smartFilterBar-btnBasicSearch"}]}
RESULT: {"script":"<script> [1562 bytes]","args":[{"selector":{"id":"application-managepricingrules-display-component---priceInfoItem--smartFilterBar-btnBasicSearch","interaction":{"idSuffix":"I"}},"wdio_ui5_key":"applicationmanagepricingrules-display-component---priceInfoItem--smartFilterBar-btnBasicSearch"}]}
RESULT: undefined
COMMAND: POST /session/e8ae643ad1a7d9f9ee71b330bca2e34d/execute/async - {"script":"<script> [776 bytes]","args":[{"enterText":"Fr3pavV5H1","selector":{"id":"application-managepricingrules-display-component---priceInfoItem--smartFilterBar-btnBasicSearch","interaction":{"idSuffix":"I"}},"clearTextFirst":true,"interactionType":"ENTER_TEXT"}]}
RESULT: {"script":"<script> [776 bytes]","args":[{"enterText":"Fr3pavV5H1","selector":{"id":"application-managepricingrules-display-component---priceInfoItem--smartFilterBar-btnBasicSearch","interaction":{"idSuffix":"I"}},"clearTextFirst":true,"interactionType":"ENTER_TEXT"}]}
COMMAND: POST /session/e8ae643ad1a7d9f9ee71b330bca2e34d/actions - {"actions":[{"id":"action32","type":"key","parameters":{},"actions":[{"type":"keyDown","value":""},{"type":"pause","duration":10},{"type":"keyUp","value":""}]}]}
RESULT: {"actions":[{"id":"action32","type":"key","parameters":{},"actions":[{"type":"keyDown","value":""},{"type":"pause","duration":10},{"type":"keyUp","value":""}]}]}
COMMAND: GET /session/e8ae643ad1a7d9f9ee71b330bca2e34d/screenshot - {}
RESULT: {}
COMMAND: POST /session/e8ae643ad1a7d9f9ee71b330bca2e34d/element - {"using":"xpath","value":"//span[@id=\"application-managepricingrules-display-component---priceInfoItem--smartTable-header-inner\"]"}
RESULT: {"using":"xpath","value":"//span[@id=\"application-managepricingrules-display-component---priceInfoItem--smartTable-header-inner\"]"}
COMMAND: POST /session/e8ae643ad1a7d9f9ee71b330bca2e34d/elements - {"using":"xpath","value":"//span[@id=\"application-managepricingrules-display-component---priceInfoItem--smartTable-header-inner\"]"}
RESULT: {"using":"xpath","value":"//span[@id=\"application-managepricingrules-display-component---priceInfoItem--smartTable-header-inner\"]"}
COMMAND: POST /session/e8ae643ad1a7d9f9ee71b330bca2e34d/execute/sync - {"script":"<script> [56 bytes]","args":[{"element-6066-11e4-a52e-4f735466cecf":"f.804597995EEA20368E99A2927B0C1762.d.B831B23F03977A2B99EAE40FBE5859A3.e.9874","ELEMENT":"f.804597995EEA20368E99A2927B0C1762.d.B831B23F03977A2B99EAE40FBE5859A3.e.9874"}]}
RESULT: {"script":"<script> [56 bytes]","args":[{"element-6066-11e4-a52e-4f735466cecf":"f.804597995EEA20368E99A2927B0C1762.d.B831B23F03977A2B99EAE40FBE5859A3.e.9874","ELEMENT":"f.804597995EEA20368E99A2927B0C1762.d.B831B23F03977A2B99EAE40FBE5859A3.e.9874"}]}
COMMAND: POST /session/e8ae643ad1a7d9f9ee71b330bca2e34d/element - {"using":"css selector","value":"#shell-header-logo"}
COMMAND: GET /session/e8ae643ad1a7d9f9ee71b330bca2e34d/screenshot - {}
RESULT: {"using":"css selector","value":"#shell-header-logo"}
COMMAND: POST /session/e8ae643ad1a7d9f9ee71b330bca2e34d/element/f.804597995EEA20368E99A2927B0C1762.d.B831B23F03977A2B99EAE40FBE5859A3.e.8990/click - {}
RESULT: {}
RESULT: {}
COMMAND: GET /session/e8ae643ad1a7d9f9ee71b330bca2e34d/screenshot - {}
RESULT: {}
]]></system-out>
    </testcase>
    <testcase classname="chrome.135_0_7049_42.windows.Billing_Transfer_-_Intracompany_US127249" name="Should manage conditions" time="67.586">
      <system-out><![CDATA[
COMMAND: POST /session/e8ae643ad1a7d9f9ee71b330bca2e34d/execute/async - {"script":"<script> [1562 bytes]","args":[{"selector":{"controlType":"sap.m.Text","properties":{"text":"Manage Conditions & Prices"},"interaction":{"idSuffix":"inner"}},"wdio_ui5_key":"sapm.Text{\"text\":\"Manage Conditions & Prices\"}"}]}
RESULT: {"script":"<script> [1562 bytes]","args":[{"selector":{"controlType":"sap.m.Text","properties":{"text":"Manage Conditions & Prices"},"interaction":{"idSuffix":"inner"}},"wdio_ui5_key":"sapm.Text{\"text\":\"Manage Conditions & Prices\"}"}]}
RESULT: undefined
COMMAND: POST /session/e8ae643ad1a7d9f9ee71b330bca2e34d/element - {"using":"xpath","value":"//*[@id=\"__tile53-title\"]"}
RESULT: {"using":"xpath","value":"//*[@id=\"__tile53-title\"]"}
COMMAND: POST /session/e8ae643ad1a7d9f9ee71b330bca2e34d/element/f.804597995EEA20368E99A2927B0C1762.d.B831B23F03977A2B99EAE40FBE5859A3.e.9877/click - {}
RESULT: {}
COMMAND: POST /session/e8ae643ad1a7d9f9ee71b330bca2e34d/element - {"using":"xpath","value":"//button[@aria-label=\"Create\"]"}
COMMAND: GET /session/e8ae643ad1a7d9f9ee71b330bca2e34d/screenshot - {}
RESULT: {"using":"xpath","value":"//button[@aria-label=\"Create\"]"}
COMMAND: POST /session/e8ae643ad1a7d9f9ee71b330bca2e34d/elements - {"using":"xpath","value":"//button[@aria-label=\"Create\"]"}
RESULT: {}
RESULT: {"using":"xpath","value":"//button[@aria-label=\"Create\"]"}
COMMAND: POST /session/e8ae643ad1a7d9f9ee71b330bca2e34d/elements - {"using":"xpath","value":"//button[@aria-label=\"Create\"]"}
RESULT: {"using":"xpath","value":"//button[@aria-label=\"Create\"]"}
COMMAND: POST /session/e8ae643ad1a7d9f9ee71b330bca2e34d/element - {"using":"xpath","value":"//button[@aria-label=\"Create\"]"}
RESULT: {"using":"xpath","value":"//button[@aria-label=\"Create\"]"}
COMMAND: POST /session/e8ae643ad1a7d9f9ee71b330bca2e34d/execute/sync - {"script":"<script> [8489 bytes]","args":[{"element-6066-11e4-a52e-4f735466cecf":"f.804597995EEA20368E99A2927B0C1762.d.B831B23F03977A2B99EAE40FBE5859A3.e.9911","ELEMENT":"f.804597995EEA20368E99A2927B0C1762.d.B831B23F03977A2B99EAE40FBE5859A3.e.9911"}]}
RESULT: {"script":"<script> [8489 bytes]","args":[{"element-6066-11e4-a52e-4f735466cecf":"f.804597995EEA20368E99A2927B0C1762.d.B831B23F03977A2B99EAE40FBE5859A3.e.9911","ELEMENT":"f.804597995EEA20368E99A2927B0C1762.d.B831B23F03977A2B99EAE40FBE5859A3.e.9911"}]}
COMMAND: GET /session/e8ae643ad1a7d9f9ee71b330bca2e34d/element/f.804597995EEA20368E99A2927B0C1762.d.B831B23F03977A2B99EAE40FBE5859A3.e.9911/enabled - {}
COMMAND: GET /session/e8ae643ad1a7d9f9ee71b330bca2e34d/screenshot - {}
RESULT: {}
COMMAND: POST /session/e8ae643ad1a7d9f9ee71b330bca2e34d/execute/sync - {"script":"<script> [8489 bytes]","args":[{"element-6066-11e4-a52e-4f735466cecf":"f.804597995EEA20368E99A2927B0C1762.d.B831B23F03977A2B99EAE40FBE5859A3.e.9911","ELEMENT":"f.804597995EEA20368E99A2927B0C1762.d.B831B23F03977A2B99EAE40FBE5859A3.e.9911"}]}
COMMAND: GET /session/e8ae643ad1a7d9f9ee71b330bca2e34d/screenshot - {}
RESULT: {}
RESULT: {"script":"<script> [8489 bytes]","args":[{"element-6066-11e4-a52e-4f735466cecf":"f.804597995EEA20368E99A2927B0C1762.d.B831B23F03977A2B99EAE40FBE5859A3.e.9911","ELEMENT":"f.804597995EEA20368E99A2927B0C1762.d.B831B23F03977A2B99EAE40FBE5859A3.e.9911"}]}
COMMAND: POST /session/e8ae643ad1a7d9f9ee71b330bca2e34d/execute/sync - {"script":"<script> [5351 bytes]","args":[{"element-6066-11e4-a52e-4f735466cecf":"f.804597995EEA20368E99A2927B0C1762.d.B831B23F03977A2B99EAE40FBE5859A3.e.9911","ELEMENT":"f.804597995EEA20368E99A2927B0C1762.d.B831B23F03977A2B99EAE40FBE5859A3.e.9911"}]}
COMMAND: GET /session/e8ae643ad1a7d9f9ee71b330bca2e34d/screenshot - {}
RESULT: {}
RESULT: {"script":"<script> [5351 bytes]","args":[{"element-6066-11e4-a52e-4f735466cecf":"f.804597995EEA20368E99A2927B0C1762.d.B831B23F03977A2B99EAE40FBE5859A3.e.9911","ELEMENT":"f.804597995EEA20368E99A2927B0C1762.d.B831B23F03977A2B99EAE40FBE5859A3.e.9911"}]}
COMMAND: POST /session/e8ae643ad1a7d9f9ee71b330bca2e34d/element/f.804597995EEA20368E99A2927B0C1762.d.B831B23F03977A2B99EAE40FBE5859A3.e.9911/click - {}
COMMAND: GET /session/e8ae643ad1a7d9f9ee71b330bca2e34d/screenshot - {}
RESULT: {}
RESULT: {}
COMMAND: GET /session/e8ae643ad1a7d9f9ee71b330bca2e34d/screenshot - {}
RESULT: {}
RESULT: {}
COMMAND: POST /session/e8ae643ad1a7d9f9ee71b330bca2e34d/actions - {"actions":[{"id":"action33","type":"key","parameters":{},"actions":[{"type":"keyDown","value":""},{"type":"pause","duration":10},{"type":"keyUp","value":""}]}]}
RESULT: {"actions":[{"id":"action33","type":"key","parameters":{},"actions":[{"type":"keyDown","value":""},{"type":"pause","duration":10},{"type":"keyUp","value":""}]}]}
COMMAND: GET /session/e8ae643ad1a7d9f9ee71b330bca2e34d/screenshot - {}
RESULT: {}
COMMAND: POST /session/e8ae643ad1a7d9f9ee71b330bca2e34d/execute/async - {"script":"<script> [1562 bytes]","args":[{"selector":{"id":"application-manageconditionprice-display-component---newCondition--condBillCond-arrow"},"wdio_ui5_key":"applicationmanageconditionprice-display-component---newCondition--condBillCond-arrow"}]}
RESULT: {"script":"<script> [1562 bytes]","args":[{"selector":{"id":"application-manageconditionprice-display-component---newCondition--condBillCond-arrow"},"wdio_ui5_key":"applicationmanageconditionprice-display-component---newCondition--condBillCond-arrow"}]}
RESULT: undefined
COMMAND: POST /session/e8ae643ad1a7d9f9ee71b330bca2e34d/element - {"using":"xpath","value":"//*[@id=\"application-manageconditionprice-display-component---newCondition--condBillCond-arrow\"]"}
RESULT: {"using":"xpath","value":"//*[@id=\"application-manageconditionprice-display-component---newCondition--condBillCond-arrow\"]"}
COMMAND: POST /session/e8ae643ad1a7d9f9ee71b330bca2e34d/element/f.804597995EEA20368E99A2927B0C1762.d.B831B23F03977A2B99EAE40FBE5859A3.e.10087/click - {}
RESULT: {}
COMMAND: GET /session/e8ae643ad1a7d9f9ee71b330bca2e34d/screenshot - {}
RESULT: {}
COMMAND: POST /session/e8ae643ad1a7d9f9ee71b330bca2e34d/element - {"using":"xpath","value":"//li[.//span[contains(text(), \"DISP - D&I special price\")]]"}
RESULT: {"using":"xpath","value":"//li[.//span[contains(text(), \"DISP - D&I special price\")]]"}
COMMAND: POST /session/e8ae643ad1a7d9f9ee71b330bca2e34d/element/f.804597995EEA20368E99A2927B0C1762.d.B831B23F03977A2B99EAE40FBE5859A3.e.10091/click - {}
RESULT: {}
COMMAND: GET /session/e8ae643ad1a7d9f9ee71b330bca2e34d/screenshot - {}
RESULT: {}
COMMAND: POST /session/e8ae643ad1a7d9f9ee71b330bca2e34d/execute/async - {"script":"<script> [1562 bytes]","args":[{"selector":{"id":"application-manageconditionprice-display-component---newCondition--condValidTo","interaction":{"idSuffix":"inner"}},"wdio_ui5_key":"applicationmanageconditionprice-display-component---newCondition--condValidTo"}]}
RESULT: {"script":"<script> [1562 bytes]","args":[{"selector":{"id":"application-manageconditionprice-display-component---newCondition--condValidTo","interaction":{"idSuffix":"inner"}},"wdio_ui5_key":"applicationmanageconditionprice-display-component---newCondition--condValidTo"}]}
RESULT: undefined
COMMAND: POST /session/e8ae643ad1a7d9f9ee71b330bca2e34d/execute/async - {"script":"<script> [776 bytes]","args":[{"enterText":"12/15/25","selector":{"id":"application-manageconditionprice-display-component---newCondition--condValidTo","interaction":{"idSuffix":"inner"}},"clearTextFirst":true,"interactionType":"ENTER_TEXT"}]}
RESULT: {"script":"<script> [776 bytes]","args":[{"enterText":"12/15/25","selector":{"id":"application-manageconditionprice-display-component---newCondition--condValidTo","interaction":{"idSuffix":"inner"}},"clearTextFirst":true,"interactionType":"ENTER_TEXT"}]}
COMMAND: POST /session/e8ae643ad1a7d9f9ee71b330bca2e34d/element - {"using":"xpath","value":"//input[@id=\"application-manageconditionprice-display-component---newCondition--condRU-inner\"]"}
RESULT: {"using":"xpath","value":"//input[@id=\"application-manageconditionprice-display-component---newCondition--condRU-inner\"]"}
COMMAND: POST /session/e8ae643ad1a7d9f9ee71b330bca2e34d/element/f.804597995EEA20368E99A2927B0C1762.d.B831B23F03977A2B99EAE40FBE5859A3.e.9953/clear - {}
RESULT: {}
COMMAND: POST /session/e8ae643ad1a7d9f9ee71b330bca2e34d/element/f.804597995EEA20368E99A2927B0C1762.d.B831B23F03977A2B99EAE40FBE5859A3.e.9953/value - {"text":"Fr3pavV5H1"}
COMMAND: GET /session/e8ae643ad1a7d9f9ee71b330bca2e34d/screenshot - {}
RESULT: {"text":"Fr3pavV5H1"}
COMMAND: GET /session/e8ae643ad1a7d9f9ee71b330bca2e34d/screenshot - {}
RESULT: {}
RESULT: {}
COMMAND: POST /session/e8ae643ad1a7d9f9ee71b330bca2e34d/actions - {"actions":[{"id":"action34","type":"key","parameters":{},"actions":[{"type":"keyDown","value":""},{"type":"pause","duration":10},{"type":"keyUp","value":""}]}]}
RESULT: {"actions":[{"id":"action34","type":"key","parameters":{},"actions":[{"type":"keyDown","value":""},{"type":"pause","duration":10},{"type":"keyUp","value":""}]}]}
COMMAND: POST /session/e8ae643ad1a7d9f9ee71b330bca2e34d/execute/async - {"script":"<script> [1562 bytes]","args":[{"selector":{"id":"application-manageconditionprice-display-component---newCondition--condBaseQty","interaction":{"idSuffix":"inner"}},"wdio_ui5_key":"applicationmanageconditionprice-display-component---newCondition--condBaseQty"}]}
COMMAND: GET /session/e8ae643ad1a7d9f9ee71b330bca2e34d/screenshot - {}
RESULT: {"script":"<script> [1562 bytes]","args":[{"selector":{"id":"application-manageconditionprice-display-component---newCondition--condBaseQty","interaction":{"idSuffix":"inner"}},"wdio_ui5_key":"applicationmanageconditionprice-display-component---newCondition--condBaseQty"}]}
RESULT: undefined
COMMAND: POST /session/e8ae643ad1a7d9f9ee71b330bca2e34d/execute/async - {"script":"<script> [776 bytes]","args":[{"enterText":"1","selector":{"id":"application-manageconditionprice-display-component---newCondition--condBaseQty","interaction":{"idSuffix":"inner"}},"clearTextFirst":true,"interactionType":"ENTER_TEXT"}]}
RESULT: {}
RESULT: {"script":"<script> [776 bytes]","args":[{"enterText":"1","selector":{"id":"application-manageconditionprice-display-component---newCondition--condBaseQty","interaction":{"idSuffix":"inner"}},"clearTextFirst":true,"interactionType":"ENTER_TEXT"}]}
COMMAND: POST /session/e8ae643ad1a7d9f9ee71b330bca2e34d/execute/async - {"script":"<script> [1562 bytes]","args":[{"selector":{"id":"application-manageconditionprice-display-component---newCondition--condValue","interaction":{"idSuffix":"inner"}},"wdio_ui5_key":"applicationmanageconditionprice-display-component---newCondition--condValue"}]}
RESULT: {"script":"<script> [1562 bytes]","args":[{"selector":{"id":"application-manageconditionprice-display-component---newCondition--condValue","interaction":{"idSuffix":"inner"}},"wdio_ui5_key":"applicationmanageconditionprice-display-component---newCondition--condValue"}]}
RESULT: undefined
COMMAND: POST /session/e8ae643ad1a7d9f9ee71b330bca2e34d/execute/async - {"script":"<script> [776 bytes]","args":[{"enterText":"200","selector":{"id":"application-manageconditionprice-display-component---newCondition--condValue","interaction":{"idSuffix":"inner"}},"clearTextFirst":true,"interactionType":"ENTER_TEXT"}]}
RESULT: {"script":"<script> [776 bytes]","args":[{"enterText":"200","selector":{"id":"application-manageconditionprice-display-component---newCondition--condValue","interaction":{"idSuffix":"inner"}},"clearTextFirst":true,"interactionType":"ENTER_TEXT"}]}
COMMAND: POST /session/e8ae643ad1a7d9f9ee71b330bca2e34d/execute/async - {"script":"<script> [1562 bytes]","args":[{"selector":{"id":"application-manageconditionprice-display-component---newCondition--condCurr-arrow"},"wdio_ui5_key":"applicationmanageconditionprice-display-component---newCondition--condCurr-arrow"}]}
RESULT: {"script":"<script> [1562 bytes]","args":[{"selector":{"id":"application-manageconditionprice-display-component---newCondition--condCurr-arrow"},"wdio_ui5_key":"applicationmanageconditionprice-display-component---newCondition--condCurr-arrow"}]}
RESULT: undefined
COMMAND: POST /session/e8ae643ad1a7d9f9ee71b330bca2e34d/element - {"using":"xpath","value":"//*[@id=\"application-manageconditionprice-display-component---newCondition--condCurr-arrow\"]"}
RESULT: {"using":"xpath","value":"//*[@id=\"application-manageconditionprice-display-component---newCondition--condCurr-arrow\"]"}
COMMAND: POST /session/e8ae643ad1a7d9f9ee71b330bca2e34d/element/f.804597995EEA20368E99A2927B0C1762.d.B831B23F03977A2B99EAE40FBE5859A3.e.10071/click - {}
RESULT: {}
COMMAND: POST /session/e8ae643ad1a7d9f9ee71b330bca2e34d/element - {"using":"xpath","value":"//span[contains(text(), \"Euro\")]"}
COMMAND: GET /session/e8ae643ad1a7d9f9ee71b330bca2e34d/screenshot - {}
RESULT: {"using":"xpath","value":"//span[contains(text(), \"Euro\")]"}
COMMAND: POST /session/e8ae643ad1a7d9f9ee71b330bca2e34d/element/f.804597995EEA20368E99A2927B0C1762.d.B831B23F03977A2B99EAE40FBE5859A3.e.10128/click - {}
RESULT: {}
RESULT: {}
COMMAND: POST /session/e8ae643ad1a7d9f9ee71b330bca2e34d/element - {"using":"xpath","value":"//button[@data-kt=\"saveButton\"]"}
COMMAND: GET /session/e8ae643ad1a7d9f9ee71b330bca2e34d/screenshot - {}
RESULT: {"using":"xpath","value":"//button[@data-kt=\"saveButton\"]"}
COMMAND: POST /session/e8ae643ad1a7d9f9ee71b330bca2e34d/element/f.804597995EEA20368E99A2927B0C1762.d.B831B23F03977A2B99EAE40FBE5859A3.e.10072/click - {}
RESULT: {}
RESULT: {}
COMMAND: GET /session/e8ae643ad1a7d9f9ee71b330bca2e34d/screenshot - {}
RESULT: {}
COMMAND: POST /session/e8ae643ad1a7d9f9ee71b330bca2e34d/execute/async - {"script":"<script> [1562 bytes]","args":[{"selector":{"id":"application-manageconditionprice-display-component---conditions--smartFilterBar-btnBasicSearch","interaction":{"idSuffix":"I"}},"wdio_ui5_key":"applicationmanageconditionprice-display-component---conditions--smartFilterBar-btnBasicSearch"}]}
RESULT: {"script":"<script> [1562 bytes]","args":[{"selector":{"id":"application-manageconditionprice-display-component---conditions--smartFilterBar-btnBasicSearch","interaction":{"idSuffix":"I"}},"wdio_ui5_key":"applicationmanageconditionprice-display-component---conditions--smartFilterBar-btnBasicSearch"}]}
RESULT: undefined
COMMAND: POST /session/e8ae643ad1a7d9f9ee71b330bca2e34d/execute/async - {"script":"<script> [776 bytes]","args":[{"enterText":"Fr3pavV5H1","selector":{"id":"application-manageconditionprice-display-component---conditions--smartFilterBar-btnBasicSearch","interaction":{"idSuffix":"I"}},"clearTextFirst":true,"interactionType":"ENTER_TEXT"}]}
RESULT: {"script":"<script> [776 bytes]","args":[{"enterText":"Fr3pavV5H1","selector":{"id":"application-manageconditionprice-display-component---conditions--smartFilterBar-btnBasicSearch","interaction":{"idSuffix":"I"}},"clearTextFirst":true,"interactionType":"ENTER_TEXT"}]}
COMMAND: POST /session/e8ae643ad1a7d9f9ee71b330bca2e34d/actions - {"actions":[{"id":"action35","type":"key","parameters":{},"actions":[{"type":"keyDown","value":""},{"type":"pause","duration":10},{"type":"keyUp","value":""}]}]}
RESULT: {"actions":[{"id":"action35","type":"key","parameters":{},"actions":[{"type":"keyDown","value":""},{"type":"pause","duration":10},{"type":"keyUp","value":""}]}]}
COMMAND: GET /session/e8ae643ad1a7d9f9ee71b330bca2e34d/screenshot - {}
RESULT: {}
COMMAND: POST /session/e8ae643ad1a7d9f9ee71b330bca2e34d/execute/async - {"script":"<script> [1562 bytes]","args":[{"selector":{"id":"application-manageconditionprice-display-component---conditions--smartFilterBar-filterItemControl_BASIC-BILL_TYPES-vhi"},"wdio_ui5_key":"applicationmanageconditionprice-display-component---conditions--smartFilterBar-filterItemControl_BASIC-BILL_TYPES-vhi"}]}
RESULT: {"script":"<script> [1562 bytes]","args":[{"selector":{"id":"application-manageconditionprice-display-component---conditions--smartFilterBar-filterItemControl_BASIC-BILL_TYPES-vhi"},"wdio_ui5_key":"applicationmanageconditionprice-display-component---conditions--smartFilterBar-filterItemControl_BASIC-BILL_TYPES-vhi"}]}
RESULT: undefined
COMMAND: POST /session/e8ae643ad1a7d9f9ee71b330bca2e34d/element - {"using":"xpath","value":"//*[@id=\"application-manageconditionprice-display-component---conditions--smartFilterBar-filterItemControl_BASIC-BILL_TYPES-vhi\"]"}
RESULT: {"using":"xpath","value":"//*[@id=\"application-manageconditionprice-display-component---conditions--smartFilterBar-filterItemControl_BASIC-BILL_TYPES-vhi\"]"}
COMMAND: POST /session/e8ae643ad1a7d9f9ee71b330bca2e34d/element/f.804597995EEA20368E99A2927B0C1762.d.B831B23F03977A2B99EAE40FBE5859A3.e.10234/click - {}
RESULT: {}
COMMAND: POST /session/e8ae643ad1a7d9f9ee71b330bca2e34d/execute/async - {"script":"<script> [1562 bytes]","args":[{"selector":{"id":"application-manageconditionprice-display-component---conditions--smartFilterBar-filterItemControl_BASIC-BILL_TYPES-valueHelpDialog-smartFilterBar-btnBasicSearch","searchOpenDialogs":true,"interaction":{"idSuffix":"I"}},"wdio_ui5_key":"applicationmanageconditionprice-display-component---conditions--smartFilterBar-filterItemControl_BASIC-BILL_TYPES-valueHelpDialog-smartFilterBar-btnBasicSearch"}]}
COMMAND: GET /session/e8ae643ad1a7d9f9ee71b330bca2e34d/screenshot - {}
RESULT: {"script":"<script> [1562 bytes]","args":[{"selector":{"id":"application-manageconditionprice-display-component---conditions--smartFilterBar-filterItemControl_BASIC-BILL_TYPES-valueHelpDialog-smartFilterBar-btnBasicSearch","searchOpenDialogs":true,"interaction":{"idSuffix":"I"}},"wdio_ui5_key":"applicationmanageconditionprice-display-component---conditions--smartFilterBar-filterItemControl_BASIC-BILL_TYPES-valueHelpDialog-smartFilterBar-btnBasicSearch"}]}
RESULT: undefined
COMMAND: POST /session/e8ae643ad1a7d9f9ee71b330bca2e34d/execute/async - {"script":"<script> [776 bytes]","args":[{"enterText":"TB","selector":{"id":"application-manageconditionprice-display-component---conditions--smartFilterBar-filterItemControl_BASIC-BILL_TYPES-valueHelpDialog-smartFilterBar-btnBasicSearch","searchOpenDialogs":true,"interaction":{"idSuffix":"I"}},"clearTextFirst":true,"interactionType":"ENTER_TEXT"}]}
RESULT: {}
RESULT: {"script":"<script> [776 bytes]","args":[{"enterText":"TB","selector":{"id":"application-manageconditionprice-display-component---conditions--smartFilterBar-filterItemControl_BASIC-BILL_TYPES-valueHelpDialog-smartFilterBar-btnBasicSearch","searchOpenDialogs":true,"interaction":{"idSuffix":"I"}},"clearTextFirst":true,"interactionType":"ENTER_TEXT"}]}
COMMAND: POST /session/e8ae643ad1a7d9f9ee71b330bca2e34d/actions - {"actions":[{"id":"action36","type":"key","parameters":{},"actions":[{"type":"keyDown","value":""},{"type":"pause","duration":10},{"type":"keyUp","value":""}]}]}
RESULT: {"actions":[{"id":"action36","type":"key","parameters":{},"actions":[{"type":"keyDown","value":""},{"type":"pause","duration":10},{"type":"keyUp","value":""}]}]}
COMMAND: GET /session/e8ae643ad1a7d9f9ee71b330bca2e34d/screenshot - {}
RESULT: {}
COMMAND: POST /session/e8ae643ad1a7d9f9ee71b330bca2e34d/element - {"using":"xpath","value":"//div[contains(@id, 'application-manageconditionprice-display-component---conditions--smartFilterBar-filterItemControl_BASIC-BILL_TYPES-valueHelpDialog-table-rowsel0')]"}
RESULT: {"using":"xpath","value":"//div[contains(@id, 'application-manageconditionprice-display-component---conditions--smartFilterBar-filterItemControl_BASIC-BILL_TYPES-valueHelpDialog-table-rowsel0')]"}
COMMAND: POST /session/e8ae643ad1a7d9f9ee71b330bca2e34d/element/f.804597995EEA20368E99A2927B0C1762.d.B831B23F03977A2B99EAE40FBE5859A3.e.10243/click - {}
RESULT: {}
COMMAND: GET /session/e8ae643ad1a7d9f9ee71b330bca2e34d/screenshot - {}
RESULT: {}
COMMAND: POST /session/e8ae643ad1a7d9f9ee71b330bca2e34d/element - {"using":"xpath","value":"//bdi[contains(text(), \"OK\")]"}
RESULT: {"using":"xpath","value":"//bdi[contains(text(), \"OK\")]"}
COMMAND: POST /session/e8ae643ad1a7d9f9ee71b330bca2e34d/element/f.804597995EEA20368E99A2927B0C1762.d.B831B23F03977A2B99EAE40FBE5859A3.e.10245/click - {}
RESULT: {}
COMMAND: GET /session/e8ae643ad1a7d9f9ee71b330bca2e34d/screenshot - {}
RESULT: {}
COMMAND: POST /session/e8ae643ad1a7d9f9ee71b330bca2e34d/element - {"using":"xpath","value":"//span[@id=\"application-manageconditionprice-display-component---conditions--smartTable-header-inner\"]"}
RESULT: {"using":"xpath","value":"//span[@id=\"application-manageconditionprice-display-component---conditions--smartTable-header-inner\"]"}
COMMAND: POST /session/e8ae643ad1a7d9f9ee71b330bca2e34d/elements - {"using":"xpath","value":"//span[@id=\"application-manageconditionprice-display-component---conditions--smartTable-header-inner\"]"}
RESULT: {"using":"xpath","value":"//span[@id=\"application-manageconditionprice-display-component---conditions--smartTable-header-inner\"]"}
COMMAND: POST /session/e8ae643ad1a7d9f9ee71b330bca2e34d/execute/sync - {"script":"<script> [56 bytes]","args":[{"element-6066-11e4-a52e-4f735466cecf":"f.804597995EEA20368E99A2927B0C1762.d.B831B23F03977A2B99EAE40FBE5859A3.e.10248","ELEMENT":"f.804597995EEA20368E99A2927B0C1762.d.B831B23F03977A2B99EAE40FBE5859A3.e.10248"}]}
RESULT: {"script":"<script> [56 bytes]","args":[{"element-6066-11e4-a52e-4f735466cecf":"f.804597995EEA20368E99A2927B0C1762.d.B831B23F03977A2B99EAE40FBE5859A3.e.10248","ELEMENT":"f.804597995EEA20368E99A2927B0C1762.d.B831B23F03977A2B99EAE40FBE5859A3.e.10248"}]}
COMMAND: POST /session/e8ae643ad1a7d9f9ee71b330bca2e34d/element - {"using":"css selector","value":"#shell-header-logo"}
COMMAND: GET /session/e8ae643ad1a7d9f9ee71b330bca2e34d/screenshot - {}
RESULT: {"using":"css selector","value":"#shell-header-logo"}
COMMAND: POST /session/e8ae643ad1a7d9f9ee71b330bca2e34d/element/f.804597995EEA20368E99A2927B0C1762.d.B831B23F03977A2B99EAE40FBE5859A3.e.9879/click - {}
RESULT: {}
RESULT: {}
COMMAND: GET /session/e8ae643ad1a7d9f9ee71b330bca2e34d/screenshot - {}
RESULT: {}
]]></system-out>
    </testcase>
    <testcase classname="chrome.135_0_7049_42.windows.Billing_Transfer_-_Intracompany_US127249" name="Should do a stock increase handover" time="78.238">
      <system-out><![CDATA[
COMMAND: POST /session/e8ae643ad1a7d9f9ee71b330bca2e34d/execute/async - {"script":"<script> [1562 bytes]","args":[{"selector":{"controlType":"sap.m.Text","viewName":"etm.portal.ui.managehandoverstile.view.Master","properties":{"text":"Manage Handovers"},"interaction":{"idSuffix":"inner"}},"wdio_ui5_key":"etmportal.ui.managehandoverstile.view.Mastersap.m.Text{\"text\":\"Manage Handovers\"}"}]}
RESULT: {"script":"<script> [1562 bytes]","args":[{"selector":{"controlType":"sap.m.Text","viewName":"etm.portal.ui.managehandoverstile.view.Master","properties":{"text":"Manage Handovers"},"interaction":{"idSuffix":"inner"}},"wdio_ui5_key":"etmportal.ui.managehandoverstile.view.Mastersap.m.Text{\"text\":\"Manage Handovers\"}"}]}
RESULT: undefined
COMMAND: POST /session/e8ae643ad1a7d9f9ee71b330bca2e34d/element - {"using":"xpath","value":"//*[@id=\"__tile133-title\"]"}
RESULT: {"using":"xpath","value":"//*[@id=\"__tile133-title\"]"}
COMMAND: POST /session/e8ae643ad1a7d9f9ee71b330bca2e34d/element/f.804597995EEA20368E99A2927B0C1762.d.B831B23F03977A2B99EAE40FBE5859A3.e.10253/click - {}
RESULT: {}
COMMAND: POST /session/e8ae643ad1a7d9f9ee71b330bca2e34d/element - {"using":"xpath","value":"//button[@data-kt=\"masterHOAddButton\"]"}
COMMAND: GET /session/e8ae643ad1a7d9f9ee71b330bca2e34d/screenshot - {}
RESULT: {"using":"xpath","value":"//button[@data-kt=\"masterHOAddButton\"]"}
COMMAND: POST /session/e8ae643ad1a7d9f9ee71b330bca2e34d/elements - {"using":"xpath","value":"//button[@data-kt=\"masterHOAddButton\"]"}
RESULT: {}
RESULT: {"using":"xpath","value":"//button[@data-kt=\"masterHOAddButton\"]"}
COMMAND: POST /session/e8ae643ad1a7d9f9ee71b330bca2e34d/elements - {"using":"xpath","value":"//button[@data-kt=\"masterHOAddButton\"]"}
RESULT: {"using":"xpath","value":"//button[@data-kt=\"masterHOAddButton\"]"}
COMMAND: POST /session/e8ae643ad1a7d9f9ee71b330bca2e34d/elements - {"using":"xpath","value":"//button[@data-kt=\"masterHOAddButton\"]"}
RESULT: {"using":"xpath","value":"//button[@data-kt=\"masterHOAddButton\"]"}
COMMAND: POST /session/e8ae643ad1a7d9f9ee71b330bca2e34d/elements - {"using":"xpath","value":"//button[@data-kt=\"masterHOAddButton\"]"}
RESULT: {"using":"xpath","value":"//button[@data-kt=\"masterHOAddButton\"]"}
COMMAND: POST /session/e8ae643ad1a7d9f9ee71b330bca2e34d/elements - {"using":"xpath","value":"//button[@data-kt=\"masterHOAddButton\"]"}
RESULT: {"using":"xpath","value":"//button[@data-kt=\"masterHOAddButton\"]"}
COMMAND: POST /session/e8ae643ad1a7d9f9ee71b330bca2e34d/elements - {"using":"xpath","value":"//button[@data-kt=\"masterHOAddButton\"]"}
RESULT: {"using":"xpath","value":"//button[@data-kt=\"masterHOAddButton\"]"}
COMMAND: POST /session/e8ae643ad1a7d9f9ee71b330bca2e34d/elements - {"using":"xpath","value":"//button[@data-kt=\"masterHOAddButton\"]"}
RESULT: {"using":"xpath","value":"//button[@data-kt=\"masterHOAddButton\"]"}
COMMAND: POST /session/e8ae643ad1a7d9f9ee71b330bca2e34d/elements - {"using":"xpath","value":"//button[@data-kt=\"masterHOAddButton\"]"}
RESULT: {"using":"xpath","value":"//button[@data-kt=\"masterHOAddButton\"]"}
COMMAND: POST /session/e8ae643ad1a7d9f9ee71b330bca2e34d/elements - {"using":"xpath","value":"//button[@data-kt=\"masterHOAddButton\"]"}
RESULT: {"using":"xpath","value":"//button[@data-kt=\"masterHOAddButton\"]"}
COMMAND: POST /session/e8ae643ad1a7d9f9ee71b330bca2e34d/elements - {"using":"xpath","value":"//button[@data-kt=\"masterHOAddButton\"]"}
RESULT: {"using":"xpath","value":"//button[@data-kt=\"masterHOAddButton\"]"}
COMMAND: POST /session/e8ae643ad1a7d9f9ee71b330bca2e34d/elements - {"using":"xpath","value":"//button[@data-kt=\"masterHOAddButton\"]"}
RESULT: {"using":"xpath","value":"//button[@data-kt=\"masterHOAddButton\"]"}
COMMAND: POST /session/e8ae643ad1a7d9f9ee71b330bca2e34d/elements - {"using":"xpath","value":"//button[@data-kt=\"masterHOAddButton\"]"}
RESULT: {"using":"xpath","value":"//button[@data-kt=\"masterHOAddButton\"]"}
COMMAND: POST /session/e8ae643ad1a7d9f9ee71b330bca2e34d/elements - {"using":"xpath","value":"//button[@data-kt=\"masterHOAddButton\"]"}
RESULT: {"using":"xpath","value":"//button[@data-kt=\"masterHOAddButton\"]"}
COMMAND: POST /session/e8ae643ad1a7d9f9ee71b330bca2e34d/elements - {"using":"xpath","value":"//button[@data-kt=\"masterHOAddButton\"]"}
RESULT: {"using":"xpath","value":"//button[@data-kt=\"masterHOAddButton\"]"}
COMMAND: POST /session/e8ae643ad1a7d9f9ee71b330bca2e34d/elements - {"using":"xpath","value":"//button[@data-kt=\"masterHOAddButton\"]"}
RESULT: {"using":"xpath","value":"//button[@data-kt=\"masterHOAddButton\"]"}
COMMAND: POST /session/e8ae643ad1a7d9f9ee71b330bca2e34d/elements - {"using":"xpath","value":"//button[@data-kt=\"masterHOAddButton\"]"}
RESULT: {"using":"xpath","value":"//button[@data-kt=\"masterHOAddButton\"]"}
COMMAND: POST /session/e8ae643ad1a7d9f9ee71b330bca2e34d/element - {"using":"xpath","value":"//button[@data-kt=\"masterHOAddButton\"]"}
RESULT: {"using":"xpath","value":"//button[@data-kt=\"masterHOAddButton\"]"}
COMMAND: POST /session/e8ae643ad1a7d9f9ee71b330bca2e34d/execute/sync - {"script":"<script> [8489 bytes]","args":[{"element-6066-11e4-a52e-4f735466cecf":"f.804597995EEA20368E99A2927B0C1762.d.B831B23F03977A2B99EAE40FBE5859A3.e.10279","ELEMENT":"f.804597995EEA20368E99A2927B0C1762.d.B831B23F03977A2B99EAE40FBE5859A3.e.10279"}]}
RESULT: {"script":"<script> [8489 bytes]","args":[{"element-6066-11e4-a52e-4f735466cecf":"f.804597995EEA20368E99A2927B0C1762.d.B831B23F03977A2B99EAE40FBE5859A3.e.10279","ELEMENT":"f.804597995EEA20368E99A2927B0C1762.d.B831B23F03977A2B99EAE40FBE5859A3.e.10279"}]}
COMMAND: GET /session/e8ae643ad1a7d9f9ee71b330bca2e34d/element/f.804597995EEA20368E99A2927B0C1762.d.B831B23F03977A2B99EAE40FBE5859A3.e.10279/enabled - {}
COMMAND: GET /session/e8ae643ad1a7d9f9ee71b330bca2e34d/screenshot - {}
RESULT: {}
COMMAND: POST /session/e8ae643ad1a7d9f9ee71b330bca2e34d/execute/sync - {"script":"<script> [8489 bytes]","args":[{"element-6066-11e4-a52e-4f735466cecf":"f.804597995EEA20368E99A2927B0C1762.d.B831B23F03977A2B99EAE40FBE5859A3.e.10279","ELEMENT":"f.804597995EEA20368E99A2927B0C1762.d.B831B23F03977A2B99EAE40FBE5859A3.e.10279"}]}
COMMAND: GET /session/e8ae643ad1a7d9f9ee71b330bca2e34d/screenshot - {}
RESULT: {}
RESULT: {"script":"<script> [8489 bytes]","args":[{"element-6066-11e4-a52e-4f735466cecf":"f.804597995EEA20368E99A2927B0C1762.d.B831B23F03977A2B99EAE40FBE5859A3.e.10279","ELEMENT":"f.804597995EEA20368E99A2927B0C1762.d.B831B23F03977A2B99EAE40FBE5859A3.e.10279"}]}
COMMAND: POST /session/e8ae643ad1a7d9f9ee71b330bca2e34d/execute/sync - {"script":"<script> [5351 bytes]","args":[{"element-6066-11e4-a52e-4f735466cecf":"f.804597995EEA20368E99A2927B0C1762.d.B831B23F03977A2B99EAE40FBE5859A3.e.10279","ELEMENT":"f.804597995EEA20368E99A2927B0C1762.d.B831B23F03977A2B99EAE40FBE5859A3.e.10279"}]}
COMMAND: GET /session/e8ae643ad1a7d9f9ee71b330bca2e34d/screenshot - {}
RESULT: {}
RESULT: {"script":"<script> [5351 bytes]","args":[{"element-6066-11e4-a52e-4f735466cecf":"f.804597995EEA20368E99A2927B0C1762.d.B831B23F03977A2B99EAE40FBE5859A3.e.10279","ELEMENT":"f.804597995EEA20368E99A2927B0C1762.d.B831B23F03977A2B99EAE40FBE5859A3.e.10279"}]}
COMMAND: POST /session/e8ae643ad1a7d9f9ee71b330bca2e34d/element/f.804597995EEA20368E99A2927B0C1762.d.B831B23F03977A2B99EAE40FBE5859A3.e.10279/click - {}
COMMAND: GET /session/e8ae643ad1a7d9f9ee71b330bca2e34d/screenshot - {}
RESULT: {}
RESULT: {}
COMMAND: GET /session/e8ae643ad1a7d9f9ee71b330bca2e34d/screenshot - {}
RESULT: {}
RESULT: {}
COMMAND: POST /session/e8ae643ad1a7d9f9ee71b330bca2e34d/element - {"using":"xpath","value":"//span[contains(@id ,\"AddNewHO--typeSelect-arrow\")]"}
RESULT: {"using":"xpath","value":"//span[contains(@id ,\"AddNewHO--typeSelect-arrow\")]"}
COMMAND: POST /session/e8ae643ad1a7d9f9ee71b330bca2e34d/element/f.804597995EEA20368E99A2927B0C1762.d.B831B23F03977A2B99EAE40FBE5859A3.e.10638/click - {}
RESULT: {}
COMMAND: GET /session/e8ae643ad1a7d9f9ee71b330bca2e34d/screenshot - {}
RESULT: {}
COMMAND: POST /session/e8ae643ad1a7d9f9ee71b330bca2e34d/element - {"using":"xpath","value":"(//li[contains(text(), \"stock increase yard\")])[1]"}
RESULT: {"using":"xpath","value":"(//li[contains(text(), \"stock increase yard\")])[1]"}
COMMAND: POST /session/e8ae643ad1a7d9f9ee71b330bca2e34d/element/f.804597995EEA20368E99A2927B0C1762.d.B831B23F03977A2B99EAE40FBE5859A3.e.10639/click - {}
RESULT: {}
COMMAND: GET /session/e8ae643ad1a7d9f9ee71b330bca2e34d/screenshot - {}
RESULT: {}
COMMAND: POST /session/e8ae643ad1a7d9f9ee71b330bca2e34d/execute/async - {"script":"<script> [1562 bytes]","args":[{"selector":{"id":"application-managehandovers-display-component---AddNewHO--dueDate","interaction":{"idSuffix":"inner"}},"wdio_ui5_key":"applicationmanagehandovers-display-component---AddNewHO--dueDate"}]}
RESULT: {"script":"<script> [1562 bytes]","args":[{"selector":{"id":"application-managehandovers-display-component---AddNewHO--dueDate","interaction":{"idSuffix":"inner"}},"wdio_ui5_key":"applicationmanagehandovers-display-component---AddNewHO--dueDate"}]}
RESULT: undefined
COMMAND: POST /session/e8ae643ad1a7d9f9ee71b330bca2e34d/execute/async - {"script":"<script> [6424 bytes]","args":[{"element-6066-11e4-a52e-4f735466cecf":"f.804597995EEA20368E99A2927B0C1762.d.B831B23F03977A2B99EAE40FBE5859A3.e.10641"},"setValue",["04/15/2025"]]}
RESULT: {"script":"<script> [6424 bytes]","args":[{"element-6066-11e4-a52e-4f735466cecf":"f.804597995EEA20368E99A2927B0C1762.d.B831B23F03977A2B99EAE40FBE5859A3.e.10641"},"setValue",["04/15/2025"]]}
COMMAND: POST /session/e8ae643ad1a7d9f9ee71b330bca2e34d/element - {"using":"xpath","value":"//input[@id=\"generalSectionFrg--receiveYard-inner\"]"}
RESULT: {"using":"xpath","value":"//input[@id=\"generalSectionFrg--receiveYard-inner\"]"}
COMMAND: POST /session/e8ae643ad1a7d9f9ee71b330bca2e34d/element/f.804597995EEA20368E99A2927B0C1762.d.B831B23F03977A2B99EAE40FBE5859A3.e.10647/clear - {}
RESULT: {}
COMMAND: POST /session/e8ae643ad1a7d9f9ee71b330bca2e34d/element/f.804597995EEA20368E99A2927B0C1762.d.B831B23F03977A2B99EAE40FBE5859A3.e.10647/value - {"text":"373"}
COMMAND: GET /session/e8ae643ad1a7d9f9ee71b330bca2e34d/screenshot - {}
RESULT: {"text":"373"}
COMMAND: GET /session/e8ae643ad1a7d9f9ee71b330bca2e34d/screenshot - {}
RESULT: {}
RESULT: {}
COMMAND: POST /session/e8ae643ad1a7d9f9ee71b330bca2e34d/element - {"using":"xpath","value":"//li[.//span[text()='373']]"}
RESULT: {"using":"xpath","value":"//li[.//span[text()='373']]"}
COMMAND: POST /session/e8ae643ad1a7d9f9ee71b330bca2e34d/element/f.804597995EEA20368E99A2927B0C1762.d.B831B23F03977A2B99EAE40FBE5859A3.e.10664/click - {}
RESULT: {}
COMMAND: GET /session/e8ae643ad1a7d9f9ee71b330bca2e34d/screenshot - {}
RESULT: {}
COMMAND: POST /session/e8ae643ad1a7d9f9ee71b330bca2e34d/execute/async - {"script":"<script> [1562 bytes]","args":[{"selector":{"id":"application-managehandovers-display-component---AddNewHO--ObjectPageLayout-anchBar-application-managehandovers-display-component---AddNewHO--section4-anchor","interaction":{"idSuffix":"BDI-content"}},"wdio_ui5_key":"applicationmanagehandovers-display-component---AddNewHO--ObjectPageLayout-anchBar-application-managehandovers-display-component---AddNewHO--section4-anchor"}]}
RESULT: {"script":"<script> [1562 bytes]","args":[{"selector":{"id":"application-managehandovers-display-component---AddNewHO--ObjectPageLayout-anchBar-application-managehandovers-display-component---AddNewHO--section4-anchor","interaction":{"idSuffix":"BDI-content"}},"wdio_ui5_key":"applicationmanagehandovers-display-component---AddNewHO--ObjectPageLayout-anchBar-application-managehandovers-display-component---AddNewHO--section4-anchor"}]}
RESULT: undefined
COMMAND: POST /session/e8ae643ad1a7d9f9ee71b330bca2e34d/element - {"using":"xpath","value":"//*[@id=\"application-managehandovers-display-component---AddNewHO--ObjectPageLayout-anchBar-application-managehandovers-display-component---AddNewHO--section4-anchor\"]"}
RESULT: {"using":"xpath","value":"//*[@id=\"application-managehandovers-display-component---AddNewHO--ObjectPageLayout-anchBar-application-managehandovers-display-component---AddNewHO--section4-anchor\"]"}
COMMAND: POST /session/e8ae643ad1a7d9f9ee71b330bca2e34d/element/f.804597995EEA20368E99A2927B0C1762.d.B831B23F03977A2B99EAE40FBE5859A3.e.10666/click - {}
RESULT: {}
COMMAND: POST /session/e8ae643ad1a7d9f9ee71b330bca2e34d/element - {"using":"xpath","value":"//button[@aria-label=\"Add\"]"}
COMMAND: GET /session/e8ae643ad1a7d9f9ee71b330bca2e34d/screenshot - {}
RESULT: {"using":"xpath","value":"//button[@aria-label=\"Add\"]"}
COMMAND: POST /session/e8ae643ad1a7d9f9ee71b330bca2e34d/element/f.804597995EEA20368E99A2927B0C1762.d.B831B23F03977A2B99EAE40FBE5859A3.e.10668/click - {}
RESULT: {}
RESULT: {}
COMMAND: GET /session/e8ae643ad1a7d9f9ee71b330bca2e34d/screenshot - {}
RESULT: {}
COMMAND: POST /session/e8ae643ad1a7d9f9ee71b330bca2e34d/execute/async - {"script":"<script> [1562 bytes]","args":[{"selector":{"id":"application-managehandovers-display-component---AddNewHO--smartFilterBar-btnBasicSearch","searchOpenDialogs":true,"interaction":{"idSuffix":"I"}},"wdio_ui5_key":"applicationmanagehandovers-display-component---AddNewHO--smartFilterBar-btnBasicSearch"}]}
RESULT: {"script":"<script> [1562 bytes]","args":[{"selector":{"id":"application-managehandovers-display-component---AddNewHO--smartFilterBar-btnBasicSearch","searchOpenDialogs":true,"interaction":{"idSuffix":"I"}},"wdio_ui5_key":"applicationmanagehandovers-display-component---AddNewHO--smartFilterBar-btnBasicSearch"}]}
RESULT: undefined
COMMAND: POST /session/e8ae643ad1a7d9f9ee71b330bca2e34d/execute/async - {"script":"<script> [776 bytes]","args":[{"enterText":"Fr3pavV5H1","selector":{"id":"application-managehandovers-display-component---AddNewHO--smartFilterBar-btnBasicSearch","searchOpenDialogs":true,"interaction":{"idSuffix":"I"}},"clearTextFirst":true,"interactionType":"ENTER_TEXT"}]}
RESULT: {"script":"<script> [776 bytes]","args":[{"enterText":"Fr3pavV5H1","selector":{"id":"application-managehandovers-display-component---AddNewHO--smartFilterBar-btnBasicSearch","searchOpenDialogs":true,"interaction":{"idSuffix":"I"}},"clearTextFirst":true,"interactionType":"ENTER_TEXT"}]}
COMMAND: POST /session/e8ae643ad1a7d9f9ee71b330bca2e34d/actions - {"actions":[{"id":"action37","type":"key","parameters":{},"actions":[{"type":"keyDown","value":""},{"type":"pause","duration":10},{"type":"keyUp","value":""}]}]}
RESULT: {"actions":[{"id":"action37","type":"key","parameters":{},"actions":[{"type":"keyDown","value":""},{"type":"pause","duration":10},{"type":"keyUp","value":""}]}]}
COMMAND: GET /session/e8ae643ad1a7d9f9ee71b330bca2e34d/screenshot - {}
RESULT: {}
COMMAND: POST /session/e8ae643ad1a7d9f9ee71b330bca2e34d/execute/async - {"script":"<script> [1562 bytes]","args":[{"selector":{"id":"application-managehandovers-display-component---AddNewHO--popup-sa","searchOpenDialogs":true,"interaction":{"idSuffix":"CbBg"}},"wdio_ui5_key":"applicationmanagehandovers-display-component---AddNewHO--popup-sa"}]}
RESULT: {"script":"<script> [1562 bytes]","args":[{"selector":{"id":"application-managehandovers-display-component---AddNewHO--popup-sa","searchOpenDialogs":true,"interaction":{"idSuffix":"CbBg"}},"wdio_ui5_key":"applicationmanagehandovers-display-component---AddNewHO--popup-sa"}]}
RESULT: undefined
COMMAND: POST /session/e8ae643ad1a7d9f9ee71b330bca2e34d/element - {"using":"xpath","value":"//*[@id=\"application-managehandovers-display-component---AddNewHO--popup-sa\"]"}
RESULT: {"using":"xpath","value":"//*[@id=\"application-managehandovers-display-component---AddNewHO--popup-sa\"]"}
COMMAND: POST /session/e8ae643ad1a7d9f9ee71b330bca2e34d/element/f.804597995EEA20368E99A2927B0C1762.d.B831B23F03977A2B99EAE40FBE5859A3.e.10823/click - {}
RESULT: {}
COMMAND: GET /session/e8ae643ad1a7d9f9ee71b330bca2e34d/screenshot - {}
RESULT: {}
COMMAND: POST /session/e8ae643ad1a7d9f9ee71b330bca2e34d/element - {"using":"xpath","value":"//bdi[contains(text(), \"Select\")]"}
RESULT: {"using":"xpath","value":"//bdi[contains(text(), \"Select\")]"}
COMMAND: POST /session/e8ae643ad1a7d9f9ee71b330bca2e34d/element/f.804597995EEA20368E99A2927B0C1762.d.B831B23F03977A2B99EAE40FBE5859A3.e.10824/click - {}
RESULT: {}
COMMAND: GET /session/e8ae643ad1a7d9f9ee71b330bca2e34d/screenshot - {}
RESULT: {}
COMMAND: POST /session/e8ae643ad1a7d9f9ee71b330bca2e34d/element - {"using":"xpath","value":"//button[@data-kt=\"AddNewHOSaveButton\"]"}
RESULT: {"using":"xpath","value":"//button[@data-kt=\"AddNewHOSaveButton\"]"}
COMMAND: POST /session/e8ae643ad1a7d9f9ee71b330bca2e34d/element/f.804597995EEA20368E99A2927B0C1762.d.B831B23F03977A2B99EAE40FBE5859A3.e.10828/click - {}
RESULT: {}
COMMAND: GET /session/e8ae643ad1a7d9f9ee71b330bca2e34d/screenshot - {}
RESULT: {}
COMMAND: POST /session/e8ae643ad1a7d9f9ee71b330bca2e34d/execute/async - {"script":"<script> [1562 bytes]","args":[{"selector":{"id":"receiptDatePicker","viewName":"etm.portal.ui.managehandovers.view.DetailExecuteHO","interaction":{"idSuffix":"inner"}},"wdio_ui5_key":"receiptDatePickeretmportal.ui.managehandovers.view.DetailExecuteHO"}]}
RESULT: {"script":"<script> [1562 bytes]","args":[{"selector":{"id":"receiptDatePicker","viewName":"etm.portal.ui.managehandovers.view.DetailExecuteHO","interaction":{"idSuffix":"inner"}},"wdio_ui5_key":"receiptDatePickeretmportal.ui.managehandovers.view.DetailExecuteHO"}]}
RESULT: undefined
COMMAND: POST /session/e8ae643ad1a7d9f9ee71b330bca2e34d/execute/async - {"script":"<script> [6424 bytes]","args":[{"element-6066-11e4-a52e-4f735466cecf":"f.804597995EEA20368E99A2927B0C1762.d.B831B23F03977A2B99EAE40FBE5859A3.e.10857"},"setValue",["04/15/2025"]]}
RESULT: {"script":"<script> [6424 bytes]","args":[{"element-6066-11e4-a52e-4f735466cecf":"f.804597995EEA20368E99A2927B0C1762.d.B831B23F03977A2B99EAE40FBE5859A3.e.10857"},"setValue",["04/15/2025"]]}
COMMAND: POST /session/e8ae643ad1a7d9f9ee71b330bca2e34d/element - {"using":"xpath","value":"//button[@data-kt=\"PickingTableConfirmAllButton\"]"}
RESULT: {"using":"xpath","value":"//button[@data-kt=\"PickingTableConfirmAllButton\"]"}
COMMAND: POST /session/e8ae643ad1a7d9f9ee71b330bca2e34d/element/f.804597995EEA20368E99A2927B0C1762.d.B831B23F03977A2B99EAE40FBE5859A3.e.10872/click - {}
RESULT: {}
COMMAND: GET /session/e8ae643ad1a7d9f9ee71b330bca2e34d/screenshot - {}
RESULT: {}
COMMAND: POST /session/e8ae643ad1a7d9f9ee71b330bca2e34d/element - {"using":"xpath","value":"//bdi[contains(text(), \"OK\")]"}
RESULT: {"using":"xpath","value":"//bdi[contains(text(), \"OK\")]"}
COMMAND: POST /session/e8ae643ad1a7d9f9ee71b330bca2e34d/element/f.804597995EEA20368E99A2927B0C1762.d.B831B23F03977A2B99EAE40FBE5859A3.e.10874/click - {}
RESULT: {}
COMMAND: GET /session/e8ae643ad1a7d9f9ee71b330bca2e34d/screenshot - {}
RESULT: {}
COMMAND: POST /session/e8ae643ad1a7d9f9ee71b330bca2e34d/element - {"using":"xpath","value":"(//bdi[contains(text(), \"Receive\")])[2]"}
RESULT: {"using":"xpath","value":"(//bdi[contains(text(), \"Receive\")])[2]"}
COMMAND: POST /session/e8ae643ad1a7d9f9ee71b330bca2e34d/element/f.804597995EEA20368E99A2927B0C1762.d.B831B23F03977A2B99EAE40FBE5859A3.e.10876/click - {}
RESULT: {}
COMMAND: GET /session/e8ae643ad1a7d9f9ee71b330bca2e34d/screenshot - {}
RESULT: {}
COMMAND: POST /session/e8ae643ad1a7d9f9ee71b330bca2e34d/element - {"using":"css selector","value":"#shell-header-logo"}
RESULT: {"using":"css selector","value":"#shell-header-logo"}
COMMAND: POST /session/e8ae643ad1a7d9f9ee71b330bca2e34d/element/f.804597995EEA20368E99A2927B0C1762.d.B831B23F03977A2B99EAE40FBE5859A3.e.10255/click - {}
RESULT: {}
COMMAND: GET /session/e8ae643ad1a7d9f9ee71b330bca2e34d/screenshot - {}
RESULT: {}
]]></system-out>
    </testcase>
    <testcase classname="chrome.135_0_7049_42.windows.Billing_Transfer_-_Intracompany_US127249" name="Should create a new contract" time="52.474">
      <system-out><![CDATA[
COMMAND: POST /session/e8ae643ad1a7d9f9ee71b330bca2e34d/execute/async - {"script":"<script> [1562 bytes]","args":[{"selector":{"controlType":"sap.m.Text","viewName":"etm.portal.ui.managecontractstile.view.Master","properties":{"text":"Manage Contracts"},"interaction":{"idSuffix":"inner"}},"wdio_ui5_key":"etmportal.ui.managecontractstile.view.Mastersap.m.Text{\"text\":\"Manage Contracts\"}"}]}
RESULT: {"script":"<script> [1562 bytes]","args":[{"selector":{"controlType":"sap.m.Text","viewName":"etm.portal.ui.managecontractstile.view.Master","properties":{"text":"Manage Contracts"},"interaction":{"idSuffix":"inner"}},"wdio_ui5_key":"etmportal.ui.managecontractstile.view.Mastersap.m.Text{\"text\":\"Manage Contracts\"}"}]}
RESULT: undefined
COMMAND: POST /session/e8ae643ad1a7d9f9ee71b330bca2e34d/element - {"using":"xpath","value":"//*[@id=\"__tile131-title\"]"}
RESULT: {"using":"xpath","value":"//*[@id=\"__tile131-title\"]"}
COMMAND: POST /session/e8ae643ad1a7d9f9ee71b330bca2e34d/element/f.804597995EEA20368E99A2927B0C1762.d.B831B23F03977A2B99EAE40FBE5859A3.e.11053/click - {}
RESULT: {}
COMMAND: GET /session/e8ae643ad1a7d9f9ee71b330bca2e34d/screenshot - {}
COMMAND: POST /session/e8ae643ad1a7d9f9ee71b330bca2e34d/element - {"using":"xpath","value":"//button[@data-kt=\"addButton\"]"}
RESULT: {}
RESULT: undefined
RESULT: undefined
RESULT: {"using":"xpath","value":"//button[@data-kt=\"addButton\"]"}
COMMAND: POST /session/e8ae643ad1a7d9f9ee71b330bca2e34d/elements - {"using":"xpath","value":"//button[@data-kt=\"addButton\"]"}
RESULT: {"using":"xpath","value":"//button[@data-kt=\"addButton\"]"}
COMMAND: POST /session/e8ae643ad1a7d9f9ee71b330bca2e34d/execute/sync - {"script":"<script> [8489 bytes]","args":[{"element-6066-11e4-a52e-4f735466cecf":"f.804597995EEA20368E99A2927B0C1762.d.B831B23F03977A2B99EAE40FBE5859A3.e.11118","ELEMENT":"f.804597995EEA20368E99A2927B0C1762.d.B831B23F03977A2B99EAE40FBE5859A3.e.11118"}]}
RESULT: {"script":"<script> [8489 bytes]","args":[{"element-6066-11e4-a52e-4f735466cecf":"f.804597995EEA20368E99A2927B0C1762.d.B831B23F03977A2B99EAE40FBE5859A3.e.11118","ELEMENT":"f.804597995EEA20368E99A2927B0C1762.d.B831B23F03977A2B99EAE40FBE5859A3.e.11118"}]}
COMMAND: GET /session/e8ae643ad1a7d9f9ee71b330bca2e34d/element/f.804597995EEA20368E99A2927B0C1762.d.B831B23F03977A2B99EAE40FBE5859A3.e.11118/enabled - {}
COMMAND: GET /session/e8ae643ad1a7d9f9ee71b330bca2e34d/screenshot - {}
RESULT: {}
COMMAND: POST /session/e8ae643ad1a7d9f9ee71b330bca2e34d/execute/sync - {"script":"<script> [8489 bytes]","args":[{"element-6066-11e4-a52e-4f735466cecf":"f.804597995EEA20368E99A2927B0C1762.d.B831B23F03977A2B99EAE40FBE5859A3.e.11118","ELEMENT":"f.804597995EEA20368E99A2927B0C1762.d.B831B23F03977A2B99EAE40FBE5859A3.e.11118"}]}
COMMAND: GET /session/e8ae643ad1a7d9f9ee71b330bca2e34d/screenshot - {}
RESULT: {}
RESULT: {"script":"<script> [8489 bytes]","args":[{"element-6066-11e4-a52e-4f735466cecf":"f.804597995EEA20368E99A2927B0C1762.d.B831B23F03977A2B99EAE40FBE5859A3.e.11118","ELEMENT":"f.804597995EEA20368E99A2927B0C1762.d.B831B23F03977A2B99EAE40FBE5859A3.e.11118"}]}
COMMAND: POST /session/e8ae643ad1a7d9f9ee71b330bca2e34d/execute/sync - {"script":"<script> [5351 bytes]","args":[{"element-6066-11e4-a52e-4f735466cecf":"f.804597995EEA20368E99A2927B0C1762.d.B831B23F03977A2B99EAE40FBE5859A3.e.11118","ELEMENT":"f.804597995EEA20368E99A2927B0C1762.d.B831B23F03977A2B99EAE40FBE5859A3.e.11118"}]}
COMMAND: GET /session/e8ae643ad1a7d9f9ee71b330bca2e34d/screenshot - {}
RESULT: {}
RESULT: {"script":"<script> [5351 bytes]","args":[{"element-6066-11e4-a52e-4f735466cecf":"f.804597995EEA20368E99A2927B0C1762.d.B831B23F03977A2B99EAE40FBE5859A3.e.11118","ELEMENT":"f.804597995EEA20368E99A2927B0C1762.d.B831B23F03977A2B99EAE40FBE5859A3.e.11118"}]}
COMMAND: GET /session/e8ae643ad1a7d9f9ee71b330bca2e34d/screenshot - {}
RESULT: {}
RESULT: {}
COMMAND: POST /session/e8ae643ad1a7d9f9ee71b330bca2e34d/element/f.804597995EEA20368E99A2927B0C1762.d.B831B23F03977A2B99EAE40FBE5859A3.e.11118/click - {}
RESULT: {}
COMMAND: GET /session/e8ae643ad1a7d9f9ee71b330bca2e34d/screenshot - {}
RESULT: {}
COMMAND: POST /session/e8ae643ad1a7d9f9ee71b330bca2e34d/execute/async - {"script":"<script> [1562 bytes]","args":[{"selector":{"id":"application-managecontracts-display-component---AddNewContract--projectDescription","interaction":{"idSuffix":"inner"}},"wdio_ui5_key":"applicationmanagecontracts-display-component---AddNewContract--projectDescription"}]}
RESULT: {"script":"<script> [1562 bytes]","args":[{"selector":{"id":"application-managecontracts-display-component---AddNewContract--projectDescription","interaction":{"idSuffix":"inner"}},"wdio_ui5_key":"applicationmanagecontracts-display-component---AddNewContract--projectDescription"}]}
RESULT: undefined
COMMAND: POST /session/e8ae643ad1a7d9f9ee71b330bca2e34d/execute/async - {"script":"<script> [776 bytes]","args":[{"enterText":"Contract WDIO","selector":{"id":"application-managecontracts-display-component---AddNewContract--projectDescription","interaction":{"idSuffix":"inner"}},"clearTextFirst":true,"interactionType":"ENTER_TEXT"}]}
RESULT: {"script":"<script> [776 bytes]","args":[{"enterText":"Contract WDIO","selector":{"id":"application-managecontracts-display-component---AddNewContract--projectDescription","interaction":{"idSuffix":"inner"}},"clearTextFirst":true,"interactionType":"ENTER_TEXT"}]}
COMMAND: POST /session/e8ae643ad1a7d9f9ee71b330bca2e34d/element - {"using":"xpath","value":"//input[@id=\"application-managecontracts-display-component---AddNewContract--site-inner\"]"}
RESULT: {"using":"xpath","value":"//input[@id=\"application-managecontracts-display-component---AddNewContract--site-inner\"]"}
COMMAND: POST /session/e8ae643ad1a7d9f9ee71b330bca2e34d/element/f.804597995EEA20368E99A2927B0C1762.d.B831B23F03977A2B99EAE40FBE5859A3.e.11452/clear - {}
RESULT: {}
COMMAND: POST /session/e8ae643ad1a7d9f9ee71b330bca2e34d/element/f.804597995EEA20368E99A2927B0C1762.d.B831B23F03977A2B99EAE40FBE5859A3.e.11452/value - {"text":"2211"}
COMMAND: GET /session/e8ae643ad1a7d9f9ee71b330bca2e34d/screenshot - {}
RESULT: {"text":"2211"}
COMMAND: GET /session/e8ae643ad1a7d9f9ee71b330bca2e34d/screenshot - {}
RESULT: {}
RESULT: {}
COMMAND: POST /session/e8ae643ad1a7d9f9ee71b330bca2e34d/element - {"using":"xpath","value":"//li[.//span[text()='2211']]"}
RESULT: {"using":"xpath","value":"//li[.//span[text()='2211']]"}
COMMAND: POST /session/e8ae643ad1a7d9f9ee71b330bca2e34d/element/f.804597995EEA20368E99A2927B0C1762.d.B831B23F03977A2B99EAE40FBE5859A3.e.11475/click - {}
RESULT: {}
COMMAND: GET /session/e8ae643ad1a7d9f9ee71b330bca2e34d/screenshot - {}
RESULT: {}
COMMAND: POST /session/e8ae643ad1a7d9f9ee71b330bca2e34d/element - {"using":"xpath","value":"//input[@id=\"application-managecontracts-display-component---AddNewContract--yardId-inner\"]"}
RESULT: {"using":"xpath","value":"//input[@id=\"application-managecontracts-display-component---AddNewContract--yardId-inner\"]"}
COMMAND: GET /session/e8ae643ad1a7d9f9ee71b330bca2e34d/element/f.804597995EEA20368E99A2927B0C1762.d.B831B23F03977A2B99EAE40FBE5859A3.e.11453/property/value - {}
RESULT: {}
COMMAND: POST /session/e8ae643ad1a7d9f9ee71b330bca2e34d/element - {"using":"xpath","value":"//input[@id=\"application-managecontracts-display-component---AddNewContract--customerSelect-inner\"]"}
COMMAND: GET /session/e8ae643ad1a7d9f9ee71b330bca2e34d/screenshot - {}
RESULT: {"using":"xpath","value":"//input[@id=\"application-managecontracts-display-component---AddNewContract--customerSelect-inner\"]"}
COMMAND: POST /session/e8ae643ad1a7d9f9ee71b330bca2e34d/element/f.804597995EEA20368E99A2927B0C1762.d.B831B23F03977A2B99EAE40FBE5859A3.e.11451/clear - {}
RESULT: {}
RESULT: {}
COMMAND: POST /session/e8ae643ad1a7d9f9ee71b330bca2e34d/element/f.804597995EEA20368E99A2927B0C1762.d.B831B23F03977A2B99EAE40FBE5859A3.e.11451/value - {"text":"1238"}
COMMAND: GET /session/e8ae643ad1a7d9f9ee71b330bca2e34d/screenshot - {}
RESULT: {"text":"1238"}
COMMAND: GET /session/e8ae643ad1a7d9f9ee71b330bca2e34d/screenshot - {}
RESULT: {}
RESULT: {}
COMMAND: POST /session/e8ae643ad1a7d9f9ee71b330bca2e34d/element - {"using":"xpath","value":"//li[.//span[text()='1238']]"}
RESULT: {"using":"xpath","value":"//li[.//span[text()='1238']]"}
COMMAND: POST /session/e8ae643ad1a7d9f9ee71b330bca2e34d/element/f.804597995EEA20368E99A2927B0C1762.d.B831B23F03977A2B99EAE40FBE5859A3.e.11478/click - {}
RESULT: {}
COMMAND: GET /session/e8ae643ad1a7d9f9ee71b330bca2e34d/screenshot - {}
RESULT: {}
COMMAND: POST /session/e8ae643ad1a7d9f9ee71b330bca2e34d/element - {"using":"xpath","value":"//button[@data-kt=\"saveButton\"]"}
RESULT: {"using":"xpath","value":"//button[@data-kt=\"saveButton\"]"}
COMMAND: POST /session/e8ae643ad1a7d9f9ee71b330bca2e34d/element/f.804597995EEA20368E99A2927B0C1762.d.B831B23F03977A2B99EAE40FBE5859A3.e.11468/click - {}
RESULT: {}
COMMAND: GET /session/e8ae643ad1a7d9f9ee71b330bca2e34d/screenshot - {}
RESULT: {}
COMMAND: POST /session/e8ae643ad1a7d9f9ee71b330bca2e34d/element - {"using":"xpath","value":"//span[contains(@id ,\"contractDetailTitleNoExpanded\")]"}
RESULT: {"using":"xpath","value":"//span[contains(@id ,\"contractDetailTitleNoExpanded\")]"}
COMMAND: POST /session/e8ae643ad1a7d9f9ee71b330bca2e34d/elements - {"using":"xpath","value":"//span[contains(@id ,\"contractDetailTitleNoExpanded\")]"}
RESULT: {"using":"xpath","value":"//span[contains(@id ,\"contractDetailTitleNoExpanded\")]"}
COMMAND: POST /session/e8ae643ad1a7d9f9ee71b330bca2e34d/execute/sync - {"script":"<script> [56 bytes]","args":[{"element-6066-11e4-a52e-4f735466cecf":"f.804597995EEA20368E99A2927B0C1762.d.B831B23F03977A2B99EAE40FBE5859A3.e.11547","ELEMENT":"f.804597995EEA20368E99A2927B0C1762.d.B831B23F03977A2B99EAE40FBE5859A3.e.11547"}]}
RESULT: {"script":"<script> [56 bytes]","args":[{"element-6066-11e4-a52e-4f735466cecf":"f.804597995EEA20368E99A2927B0C1762.d.B831B23F03977A2B99EAE40FBE5859A3.e.11547","ELEMENT":"f.804597995EEA20368E99A2927B0C1762.d.B831B23F03977A2B99EAE40FBE5859A3.e.11547"}]}
COMMAND: GET /session/e8ae643ad1a7d9f9ee71b330bca2e34d/screenshot - {}
RESULT: {}
]]></system-out>
    </testcase>
    <testcase classname="chrome.135_0_7049_42.windows.Billing_Transfer_-_Intracompany_US127249" name="Should add equipment to the contract" time="41.02">
      <system-out><![CDATA[
COMMAND: POST /session/e8ae643ad1a7d9f9ee71b330bca2e34d/element - {"using":"xpath","value":"//button[@data-kt=\"contractDetailEditBtnButton\"]"}
RESULT: {"using":"xpath","value":"//button[@data-kt=\"contractDetailEditBtnButton\"]"}
COMMAND: POST /session/e8ae643ad1a7d9f9ee71b330bca2e34d/element/f.804597995EEA20368E99A2927B0C1762.d.B831B23F03977A2B99EAE40FBE5859A3.e.11550/click - {}
RESULT: {}
COMMAND: GET /session/e8ae643ad1a7d9f9ee71b330bca2e34d/screenshot - {}
RESULT: {}
COMMAND: POST /session/e8ae643ad1a7d9f9ee71b330bca2e34d/element - {"using":"xpath","value":"(//span[contains(text(), \"Additional Addresses\")])[2]"}
RESULT: {"using":"xpath","value":"(//span[contains(text(), \"Additional Addresses\")])[2]"}
COMMAND: POST /session/e8ae643ad1a7d9f9ee71b330bca2e34d/element/f.804597995EEA20368E99A2927B0C1762.d.B831B23F03977A2B99EAE40FBE5859A3.e.11610/click - {}
RESULT: {}
COMMAND: GET /session/e8ae643ad1a7d9f9ee71b330bca2e34d/screenshot - {}
RESULT: {}
COMMAND: POST /session/e8ae643ad1a7d9f9ee71b330bca2e34d/element - {"using":"xpath","value":"//button[@data-kt=\"btnAddTableRowOverflowToolbarButton\"]"}
RESULT: {"using":"xpath","value":"//button[@data-kt=\"btnAddTableRowOverflowToolbarButton\"]"}
COMMAND: POST /session/e8ae643ad1a7d9f9ee71b330bca2e34d/element/f.804597995EEA20368E99A2927B0C1762.d.B831B23F03977A2B99EAE40FBE5859A3.e.11614/click - {}
RESULT: {}
COMMAND: GET /session/e8ae643ad1a7d9f9ee71b330bca2e34d/screenshot - {}
RESULT: {}
COMMAND: POST /session/e8ae643ad1a7d9f9ee71b330bca2e34d/element - {"using":"xpath","value":"//div[(text() = 'Standard Entry' or . = 'Standard Entry')]"}
RESULT: {"using":"xpath","value":"//div[(text() = 'Standard Entry' or . = 'Standard Entry')]"}
COMMAND: POST /session/e8ae643ad1a7d9f9ee71b330bca2e34d/element/f.804597995EEA20368E99A2927B0C1762.d.B831B23F03977A2B99EAE40FBE5859A3.e.11616/click - {}
RESULT: {}
COMMAND: GET /session/e8ae643ad1a7d9f9ee71b330bca2e34d/screenshot - {}
RESULT: {}
COMMAND: POST /session/e8ae643ad1a7d9f9ee71b330bca2e34d/element - {"using":"xpath","value":"//td[7]/div/div/input"}
RESULT: {"using":"xpath","value":"//td[7]/div/div/input"}
COMMAND: POST /session/e8ae643ad1a7d9f9ee71b330bca2e34d/element/f.804597995EEA20368E99A2927B0C1762.d.B831B23F03977A2B99EAE40FBE5859A3.e.11625/clear - {}
RESULT: {}
COMMAND: POST /session/e8ae643ad1a7d9f9ee71b330bca2e34d/element/f.804597995EEA20368E99A2927B0C1762.d.B831B23F03977A2B99EAE40FBE5859A3.e.11625/value - {"text":"Fr3pavV5H1"}
COMMAND: GET /session/e8ae643ad1a7d9f9ee71b330bca2e34d/screenshot - {}
RESULT: {"text":"Fr3pavV5H1"}
COMMAND: GET /session/e8ae643ad1a7d9f9ee71b330bca2e34d/screenshot - {}
RESULT: {}
RESULT: {}
COMMAND: POST /session/e8ae643ad1a7d9f9ee71b330bca2e34d/actions - {"actions":[{"id":"action38","type":"key","parameters":{},"actions":[{"type":"keyDown","value":""},{"type":"pause","duration":10},{"type":"keyUp","value":""}]}]}
RESULT: {"actions":[{"id":"action38","type":"key","parameters":{},"actions":[{"type":"keyDown","value":""},{"type":"pause","duration":10},{"type":"keyUp","value":""}]}]}
COMMAND: GET /session/e8ae643ad1a7d9f9ee71b330bca2e34d/screenshot - {}
RESULT: {}
COMMAND: POST /session/e8ae643ad1a7d9f9ee71b330bca2e34d/element - {"using":"xpath","value":"(//button[@data-kt=\"saveButton\"])[2]"}
RESULT: {"using":"xpath","value":"(//button[@data-kt=\"saveButton\"])[2]"}
COMMAND: POST /session/e8ae643ad1a7d9f9ee71b330bca2e34d/element/f.804597995EEA20368E99A2927B0C1762.d.B831B23F03977A2B99EAE40FBE5859A3.e.11640/click - {}
RESULT: {}
COMMAND: GET /session/e8ae643ad1a7d9f9ee71b330bca2e34d/screenshot - {}
RESULT: {}
COMMAND: POST /session/e8ae643ad1a7d9f9ee71b330bca2e34d/element - {"using":"xpath","value":"//span[contains(@id ,\"contractItemsSmartTable-header-inner\")]"}
RESULT: {"using":"xpath","value":"//span[contains(@id ,\"contractItemsSmartTable-header-inner\")]"}
COMMAND: POST /session/e8ae643ad1a7d9f9ee71b330bca2e34d/elements - {"using":"xpath","value":"//span[contains(@id ,\"contractItemsSmartTable-header-inner\")]"}
RESULT: {"using":"xpath","value":"//span[contains(@id ,\"contractItemsSmartTable-header-inner\")]"}
COMMAND: POST /session/e8ae643ad1a7d9f9ee71b330bca2e34d/execute/sync - {"script":"<script> [56 bytes]","args":[{"element-6066-11e4-a52e-4f735466cecf":"f.804597995EEA20368E99A2927B0C1762.d.B831B23F03977A2B99EAE40FBE5859A3.e.11645","ELEMENT":"f.804597995EEA20368E99A2927B0C1762.d.B831B23F03977A2B99EAE40FBE5859A3.e.11645"}]}
RESULT: {"script":"<script> [56 bytes]","args":[{"element-6066-11e4-a52e-4f735466cecf":"f.804597995EEA20368E99A2927B0C1762.d.B831B23F03977A2B99EAE40FBE5859A3.e.11645","ELEMENT":"f.804597995EEA20368E99A2927B0C1762.d.B831B23F03977A2B99EAE40FBE5859A3.e.11645"}]}
]]></system-out>
    </testcase>
    <testcase classname="chrome.135_0_7049_42.windows.Billing_Transfer_-_Intracompany_US127249" name="Should do a provide to site handover" time="50.204">
      <system-out><![CDATA[
COMMAND: POST /session/e8ae643ad1a7d9f9ee71b330bca2e34d/element - {"using":"xpath","value":"//button[@data-kt=\"provideButton\"]"}
COMMAND: GET /session/e8ae643ad1a7d9f9ee71b330bca2e34d/screenshot - {}
RESULT: {"using":"xpath","value":"//button[@data-kt=\"provideButton\"]"}
COMMAND: POST /session/e8ae643ad1a7d9f9ee71b330bca2e34d/element/f.804597995EEA20368E99A2927B0C1762.d.B831B23F03977A2B99EAE40FBE5859A3.e.11646/click - {}
RESULT: {}
RESULT: {}
COMMAND: GET /session/e8ae643ad1a7d9f9ee71b330bca2e34d/screenshot - {}
RESULT: undefined
COMMAND: POST /session/e8ae643ad1a7d9f9ee71b330bca2e34d/execute/async - {"script":"<script> [6424 bytes]","args":[{"element-6066-11e4-a52e-4f735466cecf":"f.804597995EEA20368E99A2927B0C1762.d.B831B23F03977A2B99EAE40FBE5859A3.e.10641"},"setValue",["04/15/2025"]]}
RESULT: {}
COMMAND: POST /session/e8ae643ad1a7d9f9ee71b330bca2e34d/execute/async - {"script":"<script> [1562 bytes]","args":[{"selector":{"id":"application-managehandovers-display-component---AddNewHO--dueDate","interaction":{"idSuffix":"inner"}},"wdio_ui5_key":"applicationmanagehandovers-display-component---AddNewHO--dueDate"}]}
RESULT: {"script":"<script> [1562 bytes]","args":[{"selector":{"id":"application-managehandovers-display-component---AddNewHO--dueDate","interaction":{"idSuffix":"inner"}},"wdio_ui5_key":"applicationmanagehandovers-display-component---AddNewHO--dueDate"}]}
COMMAND: POST /session/e8ae643ad1a7d9f9ee71b330bca2e34d/execute/async - {"script":"<script> [6424 bytes]","args":[{"element-6066-11e4-a52e-4f735466cecf":"f.804597995EEA20368E99A2927B0C1762.d.B831B23F03977A2B99EAE40FBE5859A3.e.11700"},"setValue",["04/15/2025"]]}
RESULT: {"script":"<script> [6424 bytes]","args":[{"element-6066-11e4-a52e-4f735466cecf":"f.804597995EEA20368E99A2927B0C1762.d.B831B23F03977A2B99EAE40FBE5859A3.e.11700"},"setValue",["04/15/2025"]]}
COMMAND: POST /session/e8ae643ad1a7d9f9ee71b330bca2e34d/element - {"using":"xpath","value":"//bdi[contains(text(), \"Instructions\")]"}
RESULT: {"using":"xpath","value":"//bdi[contains(text(), \"Instructions\")]"}
COMMAND: POST /session/e8ae643ad1a7d9f9ee71b330bca2e34d/element/f.804597995EEA20368E99A2927B0C1762.d.B831B23F03977A2B99EAE40FBE5859A3.e.11963/click - {}
RESULT: {}
COMMAND: GET /session/e8ae643ad1a7d9f9ee71b330bca2e34d/screenshot - {}
RESULT: {}
COMMAND: POST /session/e8ae643ad1a7d9f9ee71b330bca2e34d/element - {"using":"xpath","value":"//button[@data-kt=\"AddNewHOProvideAddItemsButton\"]"}
RESULT: {"using":"xpath","value":"//button[@data-kt=\"AddNewHOProvideAddItemsButton\"]"}
COMMAND: POST /session/e8ae643ad1a7d9f9ee71b330bca2e34d/element/f.804597995EEA20368E99A2927B0C1762.d.B831B23F03977A2B99EAE40FBE5859A3.e.11967/click - {}
RESULT: {}
COMMAND: GET /session/e8ae643ad1a7d9f9ee71b330bca2e34d/screenshot - {}
RESULT: {}
RESULT: undefined
COMMAND: POST /session/e8ae643ad1a7d9f9ee71b330bca2e34d/element - {"using":"xpath","value":"//*[@id=\"application-managehandovers-display-component---AddNewHO--popup-sa\"]"}
RESULT: {"using":"xpath","value":"//*[@id=\"application-managehandovers-display-component---AddNewHO--popup-sa\"]"}
COMMAND: POST /session/e8ae643ad1a7d9f9ee71b330bca2e34d/element/f.804597995EEA20368E99A2927B0C1762.d.B831B23F03977A2B99EAE40FBE5859A3.e.11976/click - {}
RESULT: {}
COMMAND: GET /session/e8ae643ad1a7d9f9ee71b330bca2e34d/screenshot - {}
RESULT: {}
COMMAND: POST /session/e8ae643ad1a7d9f9ee71b330bca2e34d/element - {"using":"xpath","value":"//*[contains(@id ,\"BDI-content\")][contains(text(), \"Select\")]"}
RESULT: {"using":"xpath","value":"//*[contains(@id ,\"BDI-content\")][contains(text(), \"Select\")]"}
COMMAND: POST /session/e8ae643ad1a7d9f9ee71b330bca2e34d/element/f.804597995EEA20368E99A2927B0C1762.d.B831B23F03977A2B99EAE40FBE5859A3.e.11978/click - {}
RESULT: {}
COMMAND: GET /session/e8ae643ad1a7d9f9ee71b330bca2e34d/screenshot - {}
RESULT: {}
COMMAND: POST /session/e8ae643ad1a7d9f9ee71b330bca2e34d/execute/async - {"script":"<script> [1562 bytes]","args":[{"selector":{"id":"application-managehandovers-display-component---AddNewHO--confirmCreationButton","interaction":{"idSuffix":"BDI-content"}},"wdio_ui5_key":"applicationmanagehandovers-display-component---AddNewHO--confirmCreationButton"}]}
RESULT: {"script":"<script> [1562 bytes]","args":[{"selector":{"id":"application-managehandovers-display-component---AddNewHO--confirmCreationButton","interaction":{"idSuffix":"BDI-content"}},"wdio_ui5_key":"applicationmanagehandovers-display-component---AddNewHO--confirmCreationButton"}]}
RESULT: undefined
COMMAND: POST /session/e8ae643ad1a7d9f9ee71b330bca2e34d/element - {"using":"xpath","value":"//*[@id=\"application-managehandovers-display-component---AddNewHO--confirmCreationButton\"]"}
RESULT: {"using":"xpath","value":"//*[@id=\"application-managehandovers-display-component---AddNewHO--confirmCreationButton\"]"}
COMMAND: POST /session/e8ae643ad1a7d9f9ee71b330bca2e34d/element/f.804597995EEA20368E99A2927B0C1762.d.B831B23F03977A2B99EAE40FBE5859A3.e.11764/click - {}
RESULT: {}
COMMAND: GET /session/e8ae643ad1a7d9f9ee71b330bca2e34d/screenshot - {}
RESULT: {}
COMMAND: POST /session/e8ae643ad1a7d9f9ee71b330bca2e34d/element - {"using":"xpath","value":"//button[@data-kt=\"PickingTableConfirmAllButton\"]"}
RESULT: {"using":"xpath","value":"//button[@data-kt=\"PickingTableConfirmAllButton\"]"}
COMMAND: POST /session/e8ae643ad1a7d9f9ee71b330bca2e34d/element/f.804597995EEA20368E99A2927B0C1762.d.B831B23F03977A2B99EAE40FBE5859A3.e.12016/click - {}
COMMAND: POST /session/e8ae643ad1a7d9f9ee71b330bca2e34d/element - {"using":"xpath","value":"//button[@data-kt=\"PickingTableConfirmAllButton\"]"}
RESULT: {"using":"xpath","value":"//button[@data-kt=\"PickingTableConfirmAllButton\"]"}
COMMAND: POST /session/e8ae643ad1a7d9f9ee71b330bca2e34d/element/f.804597995EEA20368E99A2927B0C1762.d.B831B23F03977A2B99EAE40FBE5859A3.e.12016/click - {}
COMMAND: POST /session/e8ae643ad1a7d9f9ee71b330bca2e34d/element - {"using":"xpath","value":"//button[@data-kt=\"PickingTableConfirmAllButton\"]"}
RESULT: {"using":"xpath","value":"//button[@data-kt=\"PickingTableConfirmAllButton\"]"}
COMMAND: POST /session/e8ae643ad1a7d9f9ee71b330bca2e34d/element/f.804597995EEA20368E99A2927B0C1762.d.B831B23F03977A2B99EAE40FBE5859A3.e.12037/click - {}
RESULT: {}
COMMAND: GET /session/e8ae643ad1a7d9f9ee71b330bca2e34d/screenshot - {}
RESULT: {}
COMMAND: POST /session/e8ae643ad1a7d9f9ee71b330bca2e34d/element - {"using":"xpath","value":"//bdi[contains(text(), \"OK\")]"}
RESULT: {"using":"xpath","value":"//bdi[contains(text(), \"OK\")]"}
COMMAND: POST /session/e8ae643ad1a7d9f9ee71b330bca2e34d/element/f.804597995EEA20368E99A2927B0C1762.d.B831B23F03977A2B99EAE40FBE5859A3.e.12040/click - {}
RESULT: {}
COMMAND: GET /session/e8ae643ad1a7d9f9ee71b330bca2e34d/screenshot - {}
RESULT: {}
COMMAND: POST /session/e8ae643ad1a7d9f9ee71b330bca2e34d/element - {"using":"xpath","value":"//bdi[contains(text(), \"Issue\")]"}
RESULT: {"using":"xpath","value":"//bdi[contains(text(), \"Issue\")]"}
COMMAND: POST /session/e8ae643ad1a7d9f9ee71b330bca2e34d/element/f.804597995EEA20368E99A2927B0C1762.d.B831B23F03977A2B99EAE40FBE5859A3.e.12042/click - {}
RESULT: {}
COMMAND: GET /session/e8ae643ad1a7d9f9ee71b330bca2e34d/screenshot - {}
RESULT: {}
COMMAND: POST /session/e8ae643ad1a7d9f9ee71b330bca2e34d/element - {"using":"css selector","value":"#shell-header-logo"}
RESULT: {"using":"css selector","value":"#shell-header-logo"}
COMMAND: POST /session/e8ae643ad1a7d9f9ee71b330bca2e34d/element/f.804597995EEA20368E99A2927B0C1762.d.B831B23F03977A2B99EAE40FBE5859A3.e.11056/click - {}
RESULT: {}
COMMAND: GET /session/e8ae643ad1a7d9f9ee71b330bca2e34d/screenshot - {}
RESULT: {}
]]></system-out>
    </testcase>
    <testcase classname="chrome.135_0_7049_42.windows.Billing_Transfer_-_Intracompany_US127249" name="Should go navigate to Manage Billings and trigger contract calculation check result" time="56.255">
      <system-out><![CDATA[
COMMAND: POST /session/e8ae643ad1a7d9f9ee71b330bca2e34d/execute/async - {"script":"<script> [1562 bytes]","args":[{"selector":{"controlType":"sap.m.GenericTile","properties":{"header":"Manage Billings"}},"wdio_ui5_key":"sapm.GenericTile{\"header\":\"Manage Billings\"}"}]}
RESULT: {"script":"<script> [1562 bytes]","args":[{"selector":{"controlType":"sap.m.GenericTile","properties":{"header":"Manage Billings"}},"wdio_ui5_key":"sapm.GenericTile{\"header\":\"Manage Billings\"}"}]}
RESULT: undefined
COMMAND: POST /session/e8ae643ad1a7d9f9ee71b330bca2e34d/element - {"using":"xpath","value":"//*[@id=\"__tile51\"]"}
RESULT: {"using":"xpath","value":"//*[@id=\"__tile51\"]"}
COMMAND: POST /session/e8ae643ad1a7d9f9ee71b330bca2e34d/element/f.804597995EEA20368E99A2927B0C1762.d.B831B23F03977A2B99EAE40FBE5859A3.e.6645/click - {}
RESULT: {}
COMMAND: GET /session/e8ae643ad1a7d9f9ee71b330bca2e34d/screenshot - {}
COMMAND: POST /session/e8ae643ad1a7d9f9ee71b330bca2e34d/execute/async - {"script":"<script> [1562 bytes]","args":[{"selector":{"id":"application-managebillings-display-component---billRunCalcResult--smartFilterBar-btnBasicSearch","interaction":{"idSuffix":"I"}},"wdio_ui5_key":"applicationmanagebillings-display-component---billRunCalcResult--smartFilterBar-btnBasicSearch"}]}
RESULT: {}
RESULT: {"script":"<script> [1562 bytes]","args":[{"selector":{"id":"application-managebillings-display-component---billRunCalcResult--smartFilterBar-btnBasicSearch","interaction":{"idSuffix":"I"}},"wdio_ui5_key":"applicationmanagebillings-display-component---billRunCalcResult--smartFilterBar-btnBasicSearch"}]}
RESULT: undefined
COMMAND: POST /session/e8ae643ad1a7d9f9ee71b330bca2e34d/execute/async - {"script":"<script> [776 bytes]","args":[{"enterText":"10301","selector":{"id":"application-managebillings-display-component---billRunCalcResult--smartFilterBar-btnBasicSearch","interaction":{"idSuffix":"I"}},"clearTextFirst":true,"interactionType":"ENTER_TEXT"}]}
RESULT: {"script":"<script> [776 bytes]","args":[{"enterText":"10301","selector":{"id":"application-managebillings-display-component---billRunCalcResult--smartFilterBar-btnBasicSearch","interaction":{"idSuffix":"I"}},"clearTextFirst":true,"interactionType":"ENTER_TEXT"}]}
COMMAND: POST /session/e8ae643ad1a7d9f9ee71b330bca2e34d/actions - {"actions":[{"id":"action39","type":"key","parameters":{},"actions":[{"type":"keyDown","value":""},{"type":"pause","duration":10},{"type":"keyUp","value":""}]}]}
RESULT: {"actions":[{"id":"action39","type":"key","parameters":{},"actions":[{"type":"keyDown","value":""},{"type":"pause","duration":10},{"type":"keyUp","value":""}]}]}
COMMAND: GET /session/e8ae643ad1a7d9f9ee71b330bca2e34d/screenshot - {}
RESULT: {}
COMMAND: POST /session/e8ae643ad1a7d9f9ee71b330bca2e34d/element - {"using":"xpath","value":"//td[@aria-colindex=\"1\"]/div/div[contains(@class, \"sapMCbBg\")]"}
RESULT: {"using":"xpath","value":"//td[@aria-colindex=\"1\"]/div/div[contains(@class, \"sapMCbBg\")]"}
COMMAND: POST /session/e8ae643ad1a7d9f9ee71b330bca2e34d/element/f.804597995EEA20368E99A2927B0C1762.d.B831B23F03977A2B99EAE40FBE5859A3.e.12537/click - {}
RESULT: {}
COMMAND: GET /session/e8ae643ad1a7d9f9ee71b330bca2e34d/screenshot - {}
RESULT: {}
COMMAND: POST /session/e8ae643ad1a7d9f9ee71b330bca2e34d/execute/async - {"script":"<script> [1562 bytes]","args":[{"selector":{"id":"application-managebillings-display-component---billRunCalcResult--contractBillRunDate","interaction":{"idSuffix":"inner"}},"wdio_ui5_key":"applicationmanagebillings-display-component---billRunCalcResult--contractBillRunDate"}]}
RESULT: {"script":"<script> [1562 bytes]","args":[{"selector":{"id":"application-managebillings-display-component---billRunCalcResult--contractBillRunDate","interaction":{"idSuffix":"inner"}},"wdio_ui5_key":"applicationmanagebillings-display-component---billRunCalcResult--contractBillRunDate"}]}
RESULT: undefined
COMMAND: POST /session/e8ae643ad1a7d9f9ee71b330bca2e34d/execute/async - {"script":"<script> [776 bytes]","args":[{"enterText":"04/15/25","selector":{"id":"application-managebillings-display-component---billRunCalcResult--contractBillRunDate","interaction":{"idSuffix":"inner"}},"clearTextFirst":true,"interactionType":"ENTER_TEXT"}]}
RESULT: {"script":"<script> [776 bytes]","args":[{"enterText":"04/15/25","selector":{"id":"application-managebillings-display-component---billRunCalcResult--contractBillRunDate","interaction":{"idSuffix":"inner"}},"clearTextFirst":true,"interactionType":"ENTER_TEXT"}]}
COMMAND: POST /session/e8ae643ad1a7d9f9ee71b330bca2e34d/element - {"using":"xpath","value":"//bdi[contains(text(), \"Trigger Calculation\")]"}
RESULT: {"using":"xpath","value":"//bdi[contains(text(), \"Trigger Calculation\")]"}
COMMAND: POST /session/e8ae643ad1a7d9f9ee71b330bca2e34d/element/f.804597995EEA20368E99A2927B0C1762.d.B831B23F03977A2B99EAE40FBE5859A3.e.12587/click - {}
RESULT: {}
COMMAND: GET /session/e8ae643ad1a7d9f9ee71b330bca2e34d/screenshot - {}
RESULT: {}
COMMAND: POST /session/e8ae643ad1a7d9f9ee71b330bca2e34d/element - {"using":"xpath","value":"(//span[contains(@id, \"imgNav\")])[1]"}
RESULT: {"using":"xpath","value":"(//span[contains(@id, \"imgNav\")])[1]"}
COMMAND: POST /session/e8ae643ad1a7d9f9ee71b330bca2e34d/element/f.804597995EEA20368E99A2927B0C1762.d.B831B23F03977A2B99EAE40FBE5859A3.e.12538/click - {}
RESULT: {}
COMMAND: GET /session/e8ae643ad1a7d9f9ee71b330bca2e34d/screenshot - {}
RESULT: {}
COMMAND: POST /session/e8ae643ad1a7d9f9ee71b330bca2e34d/element - {"using":"xpath","value":"//tr/td[6]/div[1]/span[1]/span[1]"}
RESULT: {"using":"xpath","value":"//tr/td[6]/div[1]/span[1]/span[1]"}
COMMAND: GET /session/e8ae643ad1a7d9f9ee71b330bca2e34d/element/f.804597995EEA20368E99A2927B0C1762.d.B831B23F03977A2B99EAE40FBE5859A3.e.12591/text - {}
RESULT: {}
COMMAND: POST /session/e8ae643ad1a7d9f9ee71b330bca2e34d/element - {"using":"xpath","value":"(//span[contains(@id, \"imgNav\")])[2]"}
RESULT: {"using":"xpath","value":"(//span[contains(@id, \"imgNav\")])[2]"}
COMMAND: POST /session/e8ae643ad1a7d9f9ee71b330bca2e34d/element/f.804597995EEA20368E99A2927B0C1762.d.B831B23F03977A2B99EAE40FBE5859A3.e.12592/click - {}
RESULT: {}
COMMAND: POST /session/e8ae643ad1a7d9f9ee71b330bca2e34d/element - {"using":"xpath","value":"//bdi[contains(text(), \"Business Confirm\")]"}
COMMAND: GET /session/e8ae643ad1a7d9f9ee71b330bca2e34d/screenshot - {}
RESULT: {"using":"xpath","value":"//bdi[contains(text(), \"Business Confirm\")]"}
COMMAND: POST /session/e8ae643ad1a7d9f9ee71b330bca2e34d/elements - {"using":"xpath","value":"//bdi[contains(text(), \"Business Confirm\")]"}
RESULT: {}
RESULT: {"using":"xpath","value":"//bdi[contains(text(), \"Business Confirm\")]"}
COMMAND: POST /session/e8ae643ad1a7d9f9ee71b330bca2e34d/element - {"using":"xpath","value":"//bdi[contains(text(), \"Business Confirm\")]"}
RESULT: {"using":"xpath","value":"//bdi[contains(text(), \"Business Confirm\")]"}
COMMAND: POST /session/e8ae643ad1a7d9f9ee71b330bca2e34d/element/f.804597995EEA20368E99A2927B0C1762.d.B831B23F03977A2B99EAE40FBE5859A3.e.12659/click - {}
RESULT: {}
COMMAND: POST /session/e8ae643ad1a7d9f9ee71b330bca2e34d/element - {"using":"css selector","value":"#shell-header-logo"}
COMMAND: GET /session/e8ae643ad1a7d9f9ee71b330bca2e34d/screenshot - {}
RESULT: {"using":"css selector","value":"#shell-header-logo"}
COMMAND: POST /session/e8ae643ad1a7d9f9ee71b330bca2e34d/element/f.804597995EEA20368E99A2927B0C1762.d.B831B23F03977A2B99EAE40FBE5859A3.e.12326/click - {}
RESULT: {}
RESULT: {}
COMMAND: GET /session/e8ae643ad1a7d9f9ee71b330bca2e34d/screenshot - {}
RESULT: {}
]]></system-out>
    </testcase>
    <testcase classname="chrome.135_0_7049_42.windows.Billing_Transfer_-_Intracompany_US127249" name="Should navigate to billing transfer and invoice the contract" time="81.246">
      <system-out><![CDATA[
COMMAND: POST /session/e8ae643ad1a7d9f9ee71b330bca2e34d/execute/async - {"script":"<script> [1562 bytes]","args":[{"selector":{"controlType":"sap.m.GenericTile","properties":{"header":"Billing Transfer"}},"wdio_ui5_key":"sapm.GenericTile{\"header\":\"Billing Transfer\"}"}]}
RESULT: {"script":"<script> [1562 bytes]","args":[{"selector":{"controlType":"sap.m.GenericTile","properties":{"header":"Billing Transfer"}},"wdio_ui5_key":"sapm.GenericTile{\"header\":\"Billing Transfer\"}"}]}
RESULT: undefined
COMMAND: POST /session/e8ae643ad1a7d9f9ee71b330bca2e34d/element - {"using":"xpath","value":"//*[@id=\"__tile50\"]"}
RESULT: {"using":"xpath","value":"//*[@id=\"__tile50\"]"}
COMMAND: POST /session/e8ae643ad1a7d9f9ee71b330bca2e34d/element/f.804597995EEA20368E99A2927B0C1762.d.B831B23F03977A2B99EAE40FBE5859A3.e.6643/click - {}
RESULT: {}
COMMAND: POST /session/e8ae643ad1a7d9f9ee71b330bca2e34d/element - {"using":"xpath","value":"//input[contains(@id ,\"application-billingtransfer-display-component---billingWorkbench--smartFilterBar-btnBasicSearch\")]"}
COMMAND: GET /session/e8ae643ad1a7d9f9ee71b330bca2e34d/screenshot - {}
RESULT: {"using":"xpath","value":"//input[contains(@id ,\"application-billingtransfer-display-component---billingWorkbench--smartFilterBar-btnBasicSearch\")]"}
COMMAND: POST /session/e8ae643ad1a7d9f9ee71b330bca2e34d/elements - {"using":"xpath","value":"//input[contains(@id ,\"application-billingtransfer-display-component---billingWorkbench--smartFilterBar-btnBasicSearch\")]"}
RESULT: {}
RESULT: {"using":"xpath","value":"//input[contains(@id ,\"application-billingtransfer-display-component---billingWorkbench--smartFilterBar-btnBasicSearch\")]"}
COMMAND: POST /session/e8ae643ad1a7d9f9ee71b330bca2e34d/element - {"using":"xpath","value":"//input[contains(@id ,\"application-billingtransfer-display-component---billingWorkbench--smartFilterBar-btnBasicSearch\")]"}
RESULT: {"using":"xpath","value":"//input[contains(@id ,\"application-billingtransfer-display-component---billingWorkbench--smartFilterBar-btnBasicSearch\")]"}
COMMAND: POST /session/e8ae643ad1a7d9f9ee71b330bca2e34d/execute/sync - {"script":"<script> [8489 bytes]","args":[{"element-6066-11e4-a52e-4f735466cecf":"f.804597995EEA20368E99A2927B0C1762.d.B831B23F03977A2B99EAE40FBE5859A3.e.12669","ELEMENT":"f.804597995EEA20368E99A2927B0C1762.d.B831B23F03977A2B99EAE40FBE5859A3.e.12669"}]}
RESULT: {"script":"<script> [8489 bytes]","args":[{"element-6066-11e4-a52e-4f735466cecf":"f.804597995EEA20368E99A2927B0C1762.d.B831B23F03977A2B99EAE40FBE5859A3.e.12669","ELEMENT":"f.804597995EEA20368E99A2927B0C1762.d.B831B23F03977A2B99EAE40FBE5859A3.e.12669"}]}
COMMAND: GET /session/e8ae643ad1a7d9f9ee71b330bca2e34d/element/f.804597995EEA20368E99A2927B0C1762.d.B831B23F03977A2B99EAE40FBE5859A3.e.12669/enabled - {}
COMMAND: GET /session/e8ae643ad1a7d9f9ee71b330bca2e34d/screenshot - {}
RESULT: {}
COMMAND: POST /session/e8ae643ad1a7d9f9ee71b330bca2e34d/element/f.804597995EEA20368E99A2927B0C1762.d.B831B23F03977A2B99EAE40FBE5859A3.e.12669/click - {}
COMMAND: GET /session/e8ae643ad1a7d9f9ee71b330bca2e34d/screenshot - {}
RESULT: {}
RESULT: {}
COMMAND: GET /session/e8ae643ad1a7d9f9ee71b330bca2e34d/screenshot - {}
RESULT: {}
RESULT: {}
COMMAND: POST /session/e8ae643ad1a7d9f9ee71b330bca2e34d/element/f.804597995EEA20368E99A2927B0C1762.d.B831B23F03977A2B99EAE40FBE5859A3.e.12669/clear - {}
RESULT: {}
COMMAND: POST /session/e8ae643ad1a7d9f9ee71b330bca2e34d/element/f.804597995EEA20368E99A2927B0C1762.d.B831B23F03977A2B99EAE40FBE5859A3.e.12669/value - {"text":"10301"}
COMMAND: GET /session/e8ae643ad1a7d9f9ee71b330bca2e34d/screenshot - {}
RESULT: {"text":"10301"}
COMMAND: POST /session/e8ae643ad1a7d9f9ee71b330bca2e34d/actions - {"actions":[{"id":"action40","type":"key","parameters":{},"actions":[{"type":"keyDown","value":""},{"type":"pause","duration":10},{"type":"keyUp","value":""}]}]}
COMMAND: GET /session/e8ae643ad1a7d9f9ee71b330bca2e34d/screenshot - {}
RESULT: {}
RESULT: {"actions":[{"id":"action40","type":"key","parameters":{},"actions":[{"type":"keyDown","value":""},{"type":"pause","duration":10},{"type":"keyUp","value":""}]}]}
COMMAND: GET /session/e8ae643ad1a7d9f9ee71b330bca2e34d/screenshot - {}
RESULT: {}
RESULT: {}
COMMAND: POST /session/e8ae643ad1a7d9f9ee71b330bca2e34d/element - {"using":"xpath","value":"//span[contains(@id ,\"application-billingtransfer-display-component---billingWorkbench--smartTableBillingRuns-header-inner\")]"}
RESULT: {"using":"xpath","value":"//span[contains(@id ,\"application-billingtransfer-display-component---billingWorkbench--smartTableBillingRuns-header-inner\")]"}
COMMAND: POST /session/e8ae643ad1a7d9f9ee71b330bca2e34d/elements - {"using":"xpath","value":"//span[contains(@id ,\"application-billingtransfer-display-component---billingWorkbench--smartTableBillingRuns-header-inner\")]"}
RESULT: {"using":"xpath","value":"//span[contains(@id ,\"application-billingtransfer-display-component---billingWorkbench--smartTableBillingRuns-header-inner\")]"}
COMMAND: POST /session/e8ae643ad1a7d9f9ee71b330bca2e34d/execute/sync - {"script":"<script> [56 bytes]","args":[{"element-6066-11e4-a52e-4f735466cecf":"f.804597995EEA20368E99A2927B0C1762.d.B831B23F03977A2B99EAE40FBE5859A3.e.12804","ELEMENT":"f.804597995EEA20368E99A2927B0C1762.d.B831B23F03977A2B99EAE40FBE5859A3.e.12804"}]}
RESULT: {"script":"<script> [56 bytes]","args":[{"element-6066-11e4-a52e-4f735466cecf":"f.804597995EEA20368E99A2927B0C1762.d.B831B23F03977A2B99EAE40FBE5859A3.e.12804","ELEMENT":"f.804597995EEA20368E99A2927B0C1762.d.B831B23F03977A2B99EAE40FBE5859A3.e.12804"}]}
COMMAND: POST /session/e8ae643ad1a7d9f9ee71b330bca2e34d/element - {"using":"xpath","value":"//td[@aria-colindex=\"1\"]/div/div[contains(@class, \"sapMCbBg\")]"}
COMMAND: GET /session/e8ae643ad1a7d9f9ee71b330bca2e34d/screenshot - {}
RESULT: {"using":"xpath","value":"//td[@aria-colindex=\"1\"]/div/div[contains(@class, \"sapMCbBg\")]"}
COMMAND: POST /session/e8ae643ad1a7d9f9ee71b330bca2e34d/element/f.804597995EEA20368E99A2927B0C1762.d.B831B23F03977A2B99EAE40FBE5859A3.e.12797/click - {}
RESULT: {}
RESULT: {}
COMMAND: GET /session/e8ae643ad1a7d9f9ee71b330bca2e34d/screenshot - {}
RESULT: {}
COMMAND: POST /session/e8ae643ad1a7d9f9ee71b330bca2e34d/element - {"using":"xpath","value":"//bdi[contains(text(), \"Check\")]"}
RESULT: {"using":"xpath","value":"//bdi[contains(text(), \"Check\")]"}
COMMAND: POST /session/e8ae643ad1a7d9f9ee71b330bca2e34d/element/f.804597995EEA20368E99A2927B0C1762.d.B831B23F03977A2B99EAE40FBE5859A3.e.12805/click - {}
RESULT: {}
COMMAND: GET /session/e8ae643ad1a7d9f9ee71b330bca2e34d/screenshot - {}
RESULT: {}
COMMAND: POST /session/e8ae643ad1a7d9f9ee71b330bca2e34d/element - {"using":"xpath","value":"//bdi[contains(text(), \"OK\")]"}
RESULT: {"using":"xpath","value":"//bdi[contains(text(), \"OK\")]"}
COMMAND: POST /session/e8ae643ad1a7d9f9ee71b330bca2e34d/element/f.804597995EEA20368E99A2927B0C1762.d.B831B23F03977A2B99EAE40FBE5859A3.e.12808/click - {}
RESULT: {}
COMMAND: GET /session/e8ae643ad1a7d9f9ee71b330bca2e34d/screenshot - {}
RESULT: {}
COMMAND: POST /session/e8ae643ad1a7d9f9ee71b330bca2e34d/element - {"using":"xpath","value":"(//span[contains(text(), \"CO/SD checked\")]/parent::div/preceding-sibling::div/span)[1]"}
RESULT: {"using":"xpath","value":"(//span[contains(text(), \"CO/SD checked\")]/parent::div/preceding-sibling::div/span)[1]"}
COMMAND: POST /session/e8ae643ad1a7d9f9ee71b330bca2e34d/element/f.804597995EEA20368E99A2927B0C1762.d.B831B23F03977A2B99EAE40FBE5859A3.e.12817/click - {}
RESULT: {}
COMMAND: GET /session/e8ae643ad1a7d9f9ee71b330bca2e34d/screenshot - {}
RESULT: {}
COMMAND: POST /session/e8ae643ad1a7d9f9ee71b330bca2e34d/element - {"using":"xpath","value":"//input[contains(@id ,\"application-billingtransfer-display-component---billingWorkbench--smartFilterBar-btnBasicSearch\")]"}
RESULT: {"using":"xpath","value":"//input[contains(@id ,\"application-billingtransfer-display-component---billingWorkbench--smartFilterBar-btnBasicSearch\")]"}
COMMAND: POST /session/e8ae643ad1a7d9f9ee71b330bca2e34d/elements - {"using":"xpath","value":"//input[contains(@id ,\"application-billingtransfer-display-component---billingWorkbench--smartFilterBar-btnBasicSearch\")]"}
RESULT: {"using":"xpath","value":"//input[contains(@id ,\"application-billingtransfer-display-component---billingWorkbench--smartFilterBar-btnBasicSearch\")]"}
COMMAND: POST /session/e8ae643ad1a7d9f9ee71b330bca2e34d/execute/sync - {"script":"<script> [8489 bytes]","args":[{"element-6066-11e4-a52e-4f735466cecf":"f.804597995EEA20368E99A2927B0C1762.d.B831B23F03977A2B99EAE40FBE5859A3.e.12669","ELEMENT":"f.804597995EEA20368E99A2927B0C1762.d.B831B23F03977A2B99EAE40FBE5859A3.e.12669"}]}
RESULT: {"script":"<script> [8489 bytes]","args":[{"element-6066-11e4-a52e-4f735466cecf":"f.804597995EEA20368E99A2927B0C1762.d.B831B23F03977A2B99EAE40FBE5859A3.e.12669","ELEMENT":"f.804597995EEA20368E99A2927B0C1762.d.B831B23F03977A2B99EAE40FBE5859A3.e.12669"}]}
COMMAND: GET /session/e8ae643ad1a7d9f9ee71b330bca2e34d/element/f.804597995EEA20368E99A2927B0C1762.d.B831B23F03977A2B99EAE40FBE5859A3.e.12669/enabled - {}
COMMAND: GET /session/e8ae643ad1a7d9f9ee71b330bca2e34d/screenshot - {}
RESULT: {}
COMMAND: POST /session/e8ae643ad1a7d9f9ee71b330bca2e34d/element/f.804597995EEA20368E99A2927B0C1762.d.B831B23F03977A2B99EAE40FBE5859A3.e.12669/click - {}
COMMAND: GET /session/e8ae643ad1a7d9f9ee71b330bca2e34d/screenshot - {}
RESULT: {}
RESULT: {}
COMMAND: GET /session/e8ae643ad1a7d9f9ee71b330bca2e34d/screenshot - {}
RESULT: {}
RESULT: {}
COMMAND: POST /session/e8ae643ad1a7d9f9ee71b330bca2e34d/element/f.804597995EEA20368E99A2927B0C1762.d.B831B23F03977A2B99EAE40FBE5859A3.e.12669/clear - {}
RESULT: {}
COMMAND: POST /session/e8ae643ad1a7d9f9ee71b330bca2e34d/element/f.804597995EEA20368E99A2927B0C1762.d.B831B23F03977A2B99EAE40FBE5859A3.e.12669/value - {"text":"10301"}
COMMAND: GET /session/e8ae643ad1a7d9f9ee71b330bca2e34d/screenshot - {}
RESULT: {"text":"10301"}
COMMAND: POST /session/e8ae643ad1a7d9f9ee71b330bca2e34d/actions - {"actions":[{"id":"action41","type":"key","parameters":{},"actions":[{"type":"keyDown","value":""},{"type":"pause","duration":10},{"type":"keyUp","value":""}]}]}
COMMAND: GET /session/e8ae643ad1a7d9f9ee71b330bca2e34d/screenshot - {}
RESULT: {}
RESULT: {"actions":[{"id":"action41","type":"key","parameters":{},"actions":[{"type":"keyDown","value":""},{"type":"pause","duration":10},{"type":"keyUp","value":""}]}]}
COMMAND: GET /session/e8ae643ad1a7d9f9ee71b330bca2e34d/screenshot - {}
RESULT: {}
RESULT: {}
COMMAND: POST /session/e8ae643ad1a7d9f9ee71b330bca2e34d/element - {"using":"xpath","value":"//span[contains(@id ,\"application-billingtransfer-display-component---billingWorkbench--smartTableBillingRuns-header-inner\")]"}
RESULT: {"using":"xpath","value":"//span[contains(@id ,\"application-billingtransfer-display-component---billingWorkbench--smartTableBillingRuns-header-inner\")]"}
COMMAND: POST /session/e8ae643ad1a7d9f9ee71b330bca2e34d/elements - {"using":"xpath","value":"//span[contains(@id ,\"application-billingtransfer-display-component---billingWorkbench--smartTableBillingRuns-header-inner\")]"}
RESULT: {"using":"xpath","value":"//span[contains(@id ,\"application-billingtransfer-display-component---billingWorkbench--smartTableBillingRuns-header-inner\")]"}
COMMAND: POST /session/e8ae643ad1a7d9f9ee71b330bca2e34d/execute/sync - {"script":"<script> [56 bytes]","args":[{"element-6066-11e4-a52e-4f735466cecf":"f.804597995EEA20368E99A2927B0C1762.d.B831B23F03977A2B99EAE40FBE5859A3.e.12804","ELEMENT":"f.804597995EEA20368E99A2927B0C1762.d.B831B23F03977A2B99EAE40FBE5859A3.e.12804"}]}
RESULT: {"script":"<script> [56 bytes]","args":[{"element-6066-11e4-a52e-4f735466cecf":"f.804597995EEA20368E99A2927B0C1762.d.B831B23F03977A2B99EAE40FBE5859A3.e.12804","ELEMENT":"f.804597995EEA20368E99A2927B0C1762.d.B831B23F03977A2B99EAE40FBE5859A3.e.12804"}]}
COMMAND: POST /session/e8ae643ad1a7d9f9ee71b330bca2e34d/element - {"using":"xpath","value":"//td[@aria-colindex=\"1\"]/div/div[contains(@class, \"sapMCbBg\")]"}
COMMAND: GET /session/e8ae643ad1a7d9f9ee71b330bca2e34d/screenshot - {}
RESULT: {"using":"xpath","value":"//td[@aria-colindex=\"1\"]/div/div[contains(@class, \"sapMCbBg\")]"}
COMMAND: POST /session/e8ae643ad1a7d9f9ee71b330bca2e34d/element/f.804597995EEA20368E99A2927B0C1762.d.B831B23F03977A2B99EAE40FBE5859A3.e.12821/click - {}
RESULT: {}
RESULT: {}
COMMAND: GET /session/e8ae643ad1a7d9f9ee71b330bca2e34d/screenshot - {}
RESULT: {}
COMMAND: POST /session/e8ae643ad1a7d9f9ee71b330bca2e34d/element - {"using":"xpath","value":"//bdi[text()=\"Transfer\"]"}
RESULT: {"using":"xpath","value":"//bdi[text()=\"Transfer\"]"}
COMMAND: POST /session/e8ae643ad1a7d9f9ee71b330bca2e34d/element/f.804597995EEA20368E99A2927B0C1762.d.B831B23F03977A2B99EAE40FBE5859A3.e.12822/click - {}
RESULT: {}
COMMAND: GET /session/e8ae643ad1a7d9f9ee71b330bca2e34d/screenshot - {}
RESULT: {}
COMMAND: POST /session/e8ae643ad1a7d9f9ee71b330bca2e34d/element - {"using":"xpath","value":"//bdi[contains(text(), \"OK\")]"}
RESULT: {"using":"xpath","value":"//bdi[contains(text(), \"OK\")]"}
COMMAND: POST /session/e8ae643ad1a7d9f9ee71b330bca2e34d/element/f.804597995EEA20368E99A2927B0C1762.d.B831B23F03977A2B99EAE40FBE5859A3.e.12825/click - {}
RESULT: {}
COMMAND: GET /session/e8ae643ad1a7d9f9ee71b330bca2e34d/screenshot - {}
RESULT: {}
COMMAND: POST /session/e8ae643ad1a7d9f9ee71b330bca2e34d/element - {"using":"xpath","value":"(//span[contains(text(), \"Completed\")]/parent::div/preceding-sibling::div/span)[1]"}
RESULT: {"using":"xpath","value":"(//span[contains(text(), \"Completed\")]/parent::div/preceding-sibling::div/span)[1]"}
COMMAND: POST /session/e8ae643ad1a7d9f9ee71b330bca2e34d/element/f.804597995EEA20368E99A2927B0C1762.d.B831B23F03977A2B99EAE40FBE5859A3.e.12833/click - {}
RESULT: {}
COMMAND: POST /session/e8ae643ad1a7d9f9ee71b330bca2e34d/element - {"using":"xpath","value":"//input[contains(@id ,\"application-billingtransfer-display-component---billingWorkbench--smartFilterBar-btnBasicSearch\")]"}
COMMAND: GET /session/e8ae643ad1a7d9f9ee71b330bca2e34d/screenshot - {}
RESULT: {"using":"xpath","value":"//input[contains(@id ,\"application-billingtransfer-display-component---billingWorkbench--smartFilterBar-btnBasicSearch\")]"}
COMMAND: POST /session/e8ae643ad1a7d9f9ee71b330bca2e34d/elements - {"using":"xpath","value":"//input[contains(@id ,\"application-billingtransfer-display-component---billingWorkbench--smartFilterBar-btnBasicSearch\")]"}
RESULT: {}
RESULT: {"using":"xpath","value":"//input[contains(@id ,\"application-billingtransfer-display-component---billingWorkbench--smartFilterBar-btnBasicSearch\")]"}
COMMAND: POST /session/e8ae643ad1a7d9f9ee71b330bca2e34d/execute/sync - {"script":"<script> [8489 bytes]","args":[{"element-6066-11e4-a52e-4f735466cecf":"f.804597995EEA20368E99A2927B0C1762.d.B831B23F03977A2B99EAE40FBE5859A3.e.12669","ELEMENT":"f.804597995EEA20368E99A2927B0C1762.d.B831B23F03977A2B99EAE40FBE5859A3.e.12669"}]}
RESULT: {"script":"<script> [8489 bytes]","args":[{"element-6066-11e4-a52e-4f735466cecf":"f.804597995EEA20368E99A2927B0C1762.d.B831B23F03977A2B99EAE40FBE5859A3.e.12669","ELEMENT":"f.804597995EEA20368E99A2927B0C1762.d.B831B23F03977A2B99EAE40FBE5859A3.e.12669"}]}
COMMAND: GET /session/e8ae643ad1a7d9f9ee71b330bca2e34d/element/f.804597995EEA20368E99A2927B0C1762.d.B831B23F03977A2B99EAE40FBE5859A3.e.12669/enabled - {}
COMMAND: GET /session/e8ae643ad1a7d9f9ee71b330bca2e34d/screenshot - {}
RESULT: {}
COMMAND: POST /session/e8ae643ad1a7d9f9ee71b330bca2e34d/element/f.804597995EEA20368E99A2927B0C1762.d.B831B23F03977A2B99EAE40FBE5859A3.e.12669/click - {}
COMMAND: GET /session/e8ae643ad1a7d9f9ee71b330bca2e34d/screenshot - {}
RESULT: {}
RESULT: {}
COMMAND: GET /session/e8ae643ad1a7d9f9ee71b330bca2e34d/screenshot - {}
RESULT: {}
RESULT: {}
COMMAND: POST /session/e8ae643ad1a7d9f9ee71b330bca2e34d/element/f.804597995EEA20368E99A2927B0C1762.d.B831B23F03977A2B99EAE40FBE5859A3.e.12669/clear - {}
RESULT: {}
COMMAND: POST /session/e8ae643ad1a7d9f9ee71b330bca2e34d/element/f.804597995EEA20368E99A2927B0C1762.d.B831B23F03977A2B99EAE40FBE5859A3.e.12669/value - {"text":"10301"}
COMMAND: GET /session/e8ae643ad1a7d9f9ee71b330bca2e34d/screenshot - {}
RESULT: {"text":"10301"}
COMMAND: POST /session/e8ae643ad1a7d9f9ee71b330bca2e34d/actions - {"actions":[{"id":"action42","type":"key","parameters":{},"actions":[{"type":"keyDown","value":""},{"type":"pause","duration":10},{"type":"keyUp","value":""}]}]}
COMMAND: GET /session/e8ae643ad1a7d9f9ee71b330bca2e34d/screenshot - {}
RESULT: {}
RESULT: {"actions":[{"id":"action42","type":"key","parameters":{},"actions":[{"type":"keyDown","value":""},{"type":"pause","duration":10},{"type":"keyUp","value":""}]}]}
COMMAND: GET /session/e8ae643ad1a7d9f9ee71b330bca2e34d/screenshot - {}
RESULT: {}
RESULT: {}
COMMAND: POST /session/e8ae643ad1a7d9f9ee71b330bca2e34d/element - {"using":"xpath","value":"//span[contains(@id ,\"application-billingtransfer-display-component---billingWorkbench--smartTableBillingRuns-header-inner\")]"}
RESULT: {"using":"xpath","value":"//span[contains(@id ,\"application-billingtransfer-display-component---billingWorkbench--smartTableBillingRuns-header-inner\")]"}
COMMAND: POST /session/e8ae643ad1a7d9f9ee71b330bca2e34d/elements - {"using":"xpath","value":"//span[contains(@id ,\"application-billingtransfer-display-component---billingWorkbench--smartTableBillingRuns-header-inner\")]"}
RESULT: {"using":"xpath","value":"//span[contains(@id ,\"application-billingtransfer-display-component---billingWorkbench--smartTableBillingRuns-header-inner\")]"}
COMMAND: POST /session/e8ae643ad1a7d9f9ee71b330bca2e34d/execute/sync - {"script":"<script> [56 bytes]","args":[{"element-6066-11e4-a52e-4f735466cecf":"f.804597995EEA20368E99A2927B0C1762.d.B831B23F03977A2B99EAE40FBE5859A3.e.12804","ELEMENT":"f.804597995EEA20368E99A2927B0C1762.d.B831B23F03977A2B99EAE40FBE5859A3.e.12804"}]}
RESULT: {"script":"<script> [56 bytes]","args":[{"element-6066-11e4-a52e-4f735466cecf":"f.804597995EEA20368E99A2927B0C1762.d.B831B23F03977A2B99EAE40FBE5859A3.e.12804","ELEMENT":"f.804597995EEA20368E99A2927B0C1762.d.B831B23F03977A2B99EAE40FBE5859A3.e.12804"}]}
COMMAND: GET /session/e8ae643ad1a7d9f9ee71b330bca2e34d/screenshot - {}
RESULT: {}
COMMAND: POST /session/e8ae643ad1a7d9f9ee71b330bca2e34d/execute/sync - {"script":"<script> [56 bytes]","args":[{"element-6066-11e4-a52e-4f735466cecf":"f.804597995EEA20368E99A2927B0C1762.d.B831B23F03977A2B99EAE40FBE5859A3.e.12804","ELEMENT":"f.804597995EEA20368E99A2927B0C1762.d.B831B23F03977A2B99EAE40FBE5859A3.e.12804"}]}
RESULT: {"script":"<script> [56 bytes]","args":[{"element-6066-11e4-a52e-4f735466cecf":"f.804597995EEA20368E99A2927B0C1762.d.B831B23F03977A2B99EAE40FBE5859A3.e.12804","ELEMENT":"f.804597995EEA20368E99A2927B0C1762.d.B831B23F03977A2B99EAE40FBE5859A3.e.12804"}]}
COMMAND: GET /session/e8ae643ad1a7d9f9ee71b330bca2e34d/screenshot - {}
RESULT: {}
COMMAND: POST /session/e8ae643ad1a7d9f9ee71b330bca2e34d/execute/sync - {"script":"<script> [56 bytes]","args":[{"element-6066-11e4-a52e-4f735466cecf":"f.804597995EEA20368E99A2927B0C1762.d.B831B23F03977A2B99EAE40FBE5859A3.e.12804","ELEMENT":"f.804597995EEA20368E99A2927B0C1762.d.B831B23F03977A2B99EAE40FBE5859A3.e.12804"}]}
RESULT: {"script":"<script> [56 bytes]","args":[{"element-6066-11e4-a52e-4f735466cecf":"f.804597995EEA20368E99A2927B0C1762.d.B831B23F03977A2B99EAE40FBE5859A3.e.12804","ELEMENT":"f.804597995EEA20368E99A2927B0C1762.d.B831B23F03977A2B99EAE40FBE5859A3.e.12804"}]}
COMMAND: GET /session/e8ae643ad1a7d9f9ee71b330bca2e34d/screenshot - {}
RESULT: {}
COMMAND: POST /session/e8ae643ad1a7d9f9ee71b330bca2e34d/execute/sync - {"script":"<script> [56 bytes]","args":[{"element-6066-11e4-a52e-4f735466cecf":"f.804597995EEA20368E99A2927B0C1762.d.B831B23F03977A2B99EAE40FBE5859A3.e.12804","ELEMENT":"f.804597995EEA20368E99A2927B0C1762.d.B831B23F03977A2B99EAE40FBE5859A3.e.12804"}]}
RESULT: {"script":"<script> [56 bytes]","args":[{"element-6066-11e4-a52e-4f735466cecf":"f.804597995EEA20368E99A2927B0C1762.d.B831B23F03977A2B99EAE40FBE5859A3.e.12804","ELEMENT":"f.804597995EEA20368E99A2927B0C1762.d.B831B23F03977A2B99EAE40FBE5859A3.e.12804"}]}
COMMAND: GET /session/e8ae643ad1a7d9f9ee71b330bca2e34d/screenshot - {}
RESULT: {}
COMMAND: POST /session/e8ae643ad1a7d9f9ee71b330bca2e34d/execute/sync - {"script":"<script> [56 bytes]","args":[{"element-6066-11e4-a52e-4f735466cecf":"f.804597995EEA20368E99A2927B0C1762.d.B831B23F03977A2B99EAE40FBE5859A3.e.12804","ELEMENT":"f.804597995EEA20368E99A2927B0C1762.d.B831B23F03977A2B99EAE40FBE5859A3.e.12804"}]}
RESULT: {"script":"<script> [56 bytes]","args":[{"element-6066-11e4-a52e-4f735466cecf":"f.804597995EEA20368E99A2927B0C1762.d.B831B23F03977A2B99EAE40FBE5859A3.e.12804","ELEMENT":"f.804597995EEA20368E99A2927B0C1762.d.B831B23F03977A2B99EAE40FBE5859A3.e.12804"}]}
COMMAND: GET /session/e8ae643ad1a7d9f9ee71b330bca2e34d/screenshot - {}
RESULT: {}
COMMAND: POST /session/e8ae643ad1a7d9f9ee71b330bca2e34d/execute/sync - {"script":"<script> [56 bytes]","args":[{"element-6066-11e4-a52e-4f735466cecf":"f.804597995EEA20368E99A2927B0C1762.d.B831B23F03977A2B99EAE40FBE5859A3.e.12804","ELEMENT":"f.804597995EEA20368E99A2927B0C1762.d.B831B23F03977A2B99EAE40FBE5859A3.e.12804"}]}
RESULT: {"script":"<script> [56 bytes]","args":[{"element-6066-11e4-a52e-4f735466cecf":"f.804597995EEA20368E99A2927B0C1762.d.B831B23F03977A2B99EAE40FBE5859A3.e.12804","ELEMENT":"f.804597995EEA20368E99A2927B0C1762.d.B831B23F03977A2B99EAE40FBE5859A3.e.12804"}]}
COMMAND: GET /session/e8ae643ad1a7d9f9ee71b330bca2e34d/screenshot - {}
RESULT: {}
COMMAND: POST /session/e8ae643ad1a7d9f9ee71b330bca2e34d/execute/sync - {"script":"<script> [56 bytes]","args":[{"element-6066-11e4-a52e-4f735466cecf":"f.804597995EEA20368E99A2927B0C1762.d.B831B23F03977A2B99EAE40FBE5859A3.e.12804","ELEMENT":"f.804597995EEA20368E99A2927B0C1762.d.B831B23F03977A2B99EAE40FBE5859A3.e.12804"}]}
RESULT: {"script":"<script> [56 bytes]","args":[{"element-6066-11e4-a52e-4f735466cecf":"f.804597995EEA20368E99A2927B0C1762.d.B831B23F03977A2B99EAE40FBE5859A3.e.12804","ELEMENT":"f.804597995EEA20368E99A2927B0C1762.d.B831B23F03977A2B99EAE40FBE5859A3.e.12804"}]}
COMMAND: GET /session/e8ae643ad1a7d9f9ee71b330bca2e34d/screenshot - {}
RESULT: {}
COMMAND: POST /session/e8ae643ad1a7d9f9ee71b330bca2e34d/execute/sync - {"script":"<script> [56 bytes]","args":[{"element-6066-11e4-a52e-4f735466cecf":"f.804597995EEA20368E99A2927B0C1762.d.B831B23F03977A2B99EAE40FBE5859A3.e.12804","ELEMENT":"f.804597995EEA20368E99A2927B0C1762.d.B831B23F03977A2B99EAE40FBE5859A3.e.12804"}]}
RESULT: {"script":"<script> [56 bytes]","args":[{"element-6066-11e4-a52e-4f735466cecf":"f.804597995EEA20368E99A2927B0C1762.d.B831B23F03977A2B99EAE40FBE5859A3.e.12804","ELEMENT":"f.804597995EEA20368E99A2927B0C1762.d.B831B23F03977A2B99EAE40FBE5859A3.e.12804"}]}
COMMAND: GET /session/e8ae643ad1a7d9f9ee71b330bca2e34d/screenshot - {}
RESULT: {}
COMMAND: POST /session/e8ae643ad1a7d9f9ee71b330bca2e34d/execute/sync - {"script":"<script> [56 bytes]","args":[{"element-6066-11e4-a52e-4f735466cecf":"f.804597995EEA20368E99A2927B0C1762.d.B831B23F03977A2B99EAE40FBE5859A3.e.12804","ELEMENT":"f.804597995EEA20368E99A2927B0C1762.d.B831B23F03977A2B99EAE40FBE5859A3.e.12804"}]}
RESULT: {"script":"<script> [56 bytes]","args":[{"element-6066-11e4-a52e-4f735466cecf":"f.804597995EEA20368E99A2927B0C1762.d.B831B23F03977A2B99EAE40FBE5859A3.e.12804","ELEMENT":"f.804597995EEA20368E99A2927B0C1762.d.B831B23F03977A2B99EAE40FBE5859A3.e.12804"}]}
COMMAND: GET /session/e8ae643ad1a7d9f9ee71b330bca2e34d/screenshot - {}
RESULT: {}
COMMAND: POST /session/e8ae643ad1a7d9f9ee71b330bca2e34d/execute/sync - {"script":"<script> [56 bytes]","args":[{"element-6066-11e4-a52e-4f735466cecf":"f.804597995EEA20368E99A2927B0C1762.d.B831B23F03977A2B99EAE40FBE5859A3.e.12804","ELEMENT":"f.804597995EEA20368E99A2927B0C1762.d.B831B23F03977A2B99EAE40FBE5859A3.e.12804"}]}
RESULT: {"script":"<script> [56 bytes]","args":[{"element-6066-11e4-a52e-4f735466cecf":"f.804597995EEA20368E99A2927B0C1762.d.B831B23F03977A2B99EAE40FBE5859A3.e.12804","ELEMENT":"f.804597995EEA20368E99A2927B0C1762.d.B831B23F03977A2B99EAE40FBE5859A3.e.12804"}]}
COMMAND: GET /session/e8ae643ad1a7d9f9ee71b330bca2e34d/screenshot - {}
RESULT: {}
COMMAND: POST /session/e8ae643ad1a7d9f9ee71b330bca2e34d/execute/sync - {"script":"<script> [56 bytes]","args":[{"element-6066-11e4-a52e-4f735466cecf":"f.804597995EEA20368E99A2927B0C1762.d.B831B23F03977A2B99EAE40FBE5859A3.e.12804","ELEMENT":"f.804597995EEA20368E99A2927B0C1762.d.B831B23F03977A2B99EAE40FBE5859A3.e.12804"}]}
RESULT: {"script":"<script> [56 bytes]","args":[{"element-6066-11e4-a52e-4f735466cecf":"f.804597995EEA20368E99A2927B0C1762.d.B831B23F03977A2B99EAE40FBE5859A3.e.12804","ELEMENT":"f.804597995EEA20368E99A2927B0C1762.d.B831B23F03977A2B99EAE40FBE5859A3.e.12804"}]}
COMMAND: GET /session/e8ae643ad1a7d9f9ee71b330bca2e34d/screenshot - {}
RESULT: {}
COMMAND: POST /session/e8ae643ad1a7d9f9ee71b330bca2e34d/execute/sync - {"script":"<script> [56 bytes]","args":[{"element-6066-11e4-a52e-4f735466cecf":"f.804597995EEA20368E99A2927B0C1762.d.B831B23F03977A2B99EAE40FBE5859A3.e.12804","ELEMENT":"f.804597995EEA20368E99A2927B0C1762.d.B831B23F03977A2B99EAE40FBE5859A3.e.12804"}]}
RESULT: {"script":"<script> [56 bytes]","args":[{"element-6066-11e4-a52e-4f735466cecf":"f.804597995EEA20368E99A2927B0C1762.d.B831B23F03977A2B99EAE40FBE5859A3.e.12804","ELEMENT":"f.804597995EEA20368E99A2927B0C1762.d.B831B23F03977A2B99EAE40FBE5859A3.e.12804"}]}
COMMAND: GET /session/e8ae643ad1a7d9f9ee71b330bca2e34d/screenshot - {}
RESULT: {}
COMMAND: POST /session/e8ae643ad1a7d9f9ee71b330bca2e34d/execute/sync - {"script":"<script> [56 bytes]","args":[{"element-6066-11e4-a52e-4f735466cecf":"f.804597995EEA20368E99A2927B0C1762.d.B831B23F03977A2B99EAE40FBE5859A3.e.12804","ELEMENT":"f.804597995EEA20368E99A2927B0C1762.d.B831B23F03977A2B99EAE40FBE5859A3.e.12804"}]}
RESULT: {"script":"<script> [56 bytes]","args":[{"element-6066-11e4-a52e-4f735466cecf":"f.804597995EEA20368E99A2927B0C1762.d.B831B23F03977A2B99EAE40FBE5859A3.e.12804","ELEMENT":"f.804597995EEA20368E99A2927B0C1762.d.B831B23F03977A2B99EAE40FBE5859A3.e.12804"}]}
COMMAND: GET /session/e8ae643ad1a7d9f9ee71b330bca2e34d/screenshot - {}
RESULT: {}
COMMAND: POST /session/e8ae643ad1a7d9f9ee71b330bca2e34d/execute/sync - {"script":"<script> [56 bytes]","args":[{"element-6066-11e4-a52e-4f735466cecf":"f.804597995EEA20368E99A2927B0C1762.d.B831B23F03977A2B99EAE40FBE5859A3.e.12804","ELEMENT":"f.804597995EEA20368E99A2927B0C1762.d.B831B23F03977A2B99EAE40FBE5859A3.e.12804"}]}
RESULT: {"script":"<script> [56 bytes]","args":[{"element-6066-11e4-a52e-4f735466cecf":"f.804597995EEA20368E99A2927B0C1762.d.B831B23F03977A2B99EAE40FBE5859A3.e.12804","ELEMENT":"f.804597995EEA20368E99A2927B0C1762.d.B831B23F03977A2B99EAE40FBE5859A3.e.12804"}]}
COMMAND: GET /session/e8ae643ad1a7d9f9ee71b330bca2e34d/screenshot - {}
RESULT: {}
COMMAND: POST /session/e8ae643ad1a7d9f9ee71b330bca2e34d/execute/sync - {"script":"<script> [56 bytes]","args":[{"element-6066-11e4-a52e-4f735466cecf":"f.804597995EEA20368E99A2927B0C1762.d.B831B23F03977A2B99EAE40FBE5859A3.e.12804","ELEMENT":"f.804597995EEA20368E99A2927B0C1762.d.B831B23F03977A2B99EAE40FBE5859A3.e.12804"}]}
RESULT: {"script":"<script> [56 bytes]","args":[{"element-6066-11e4-a52e-4f735466cecf":"f.804597995EEA20368E99A2927B0C1762.d.B831B23F03977A2B99EAE40FBE5859A3.e.12804","ELEMENT":"f.804597995EEA20368E99A2927B0C1762.d.B831B23F03977A2B99EAE40FBE5859A3.e.12804"}]}
COMMAND: GET /session/e8ae643ad1a7d9f9ee71b330bca2e34d/screenshot - {}
RESULT: {}
COMMAND: POST /session/e8ae643ad1a7d9f9ee71b330bca2e34d/execute/sync - {"script":"<script> [56 bytes]","args":[{"element-6066-11e4-a52e-4f735466cecf":"f.804597995EEA20368E99A2927B0C1762.d.B831B23F03977A2B99EAE40FBE5859A3.e.12804","ELEMENT":"f.804597995EEA20368E99A2927B0C1762.d.B831B23F03977A2B99EAE40FBE5859A3.e.12804"}]}
RESULT: {"script":"<script> [56 bytes]","args":[{"element-6066-11e4-a52e-4f735466cecf":"f.804597995EEA20368E99A2927B0C1762.d.B831B23F03977A2B99EAE40FBE5859A3.e.12804","ELEMENT":"f.804597995EEA20368E99A2927B0C1762.d.B831B23F03977A2B99EAE40FBE5859A3.e.12804"}]}
COMMAND: GET /session/e8ae643ad1a7d9f9ee71b330bca2e34d/screenshot - {}
RESULT: {}
COMMAND: POST /session/e8ae643ad1a7d9f9ee71b330bca2e34d/execute/sync - {"script":"<script> [56 bytes]","args":[{"element-6066-11e4-a52e-4f735466cecf":"f.804597995EEA20368E99A2927B0C1762.d.B831B23F03977A2B99EAE40FBE5859A3.e.12804","ELEMENT":"f.804597995EEA20368E99A2927B0C1762.d.B831B23F03977A2B99EAE40FBE5859A3.e.12804"}]}
RESULT: {"script":"<script> [56 bytes]","args":[{"element-6066-11e4-a52e-4f735466cecf":"f.804597995EEA20368E99A2927B0C1762.d.B831B23F03977A2B99EAE40FBE5859A3.e.12804","ELEMENT":"f.804597995EEA20368E99A2927B0C1762.d.B831B23F03977A2B99EAE40FBE5859A3.e.12804"}]}
COMMAND: GET /session/e8ae643ad1a7d9f9ee71b330bca2e34d/screenshot - {}
RESULT: {}
COMMAND: POST /session/e8ae643ad1a7d9f9ee71b330bca2e34d/execute/sync - {"script":"<script> [56 bytes]","args":[{"element-6066-11e4-a52e-4f735466cecf":"f.804597995EEA20368E99A2927B0C1762.d.B831B23F03977A2B99EAE40FBE5859A3.e.12804","ELEMENT":"f.804597995EEA20368E99A2927B0C1762.d.B831B23F03977A2B99EAE40FBE5859A3.e.12804"}]}
RESULT: {"script":"<script> [56 bytes]","args":[{"element-6066-11e4-a52e-4f735466cecf":"f.804597995EEA20368E99A2927B0C1762.d.B831B23F03977A2B99EAE40FBE5859A3.e.12804","ELEMENT":"f.804597995EEA20368E99A2927B0C1762.d.B831B23F03977A2B99EAE40FBE5859A3.e.12804"}]}
COMMAND: GET /session/e8ae643ad1a7d9f9ee71b330bca2e34d/screenshot - {}
RESULT: {}
COMMAND: POST /session/e8ae643ad1a7d9f9ee71b330bca2e34d/execute/sync - {"script":"<script> [56 bytes]","args":[{"element-6066-11e4-a52e-4f735466cecf":"f.804597995EEA20368E99A2927B0C1762.d.B831B23F03977A2B99EAE40FBE5859A3.e.12804","ELEMENT":"f.804597995EEA20368E99A2927B0C1762.d.B831B23F03977A2B99EAE40FBE5859A3.e.12804"}]}
RESULT: {"script":"<script> [56 bytes]","args":[{"element-6066-11e4-a52e-4f735466cecf":"f.804597995EEA20368E99A2927B0C1762.d.B831B23F03977A2B99EAE40FBE5859A3.e.12804","ELEMENT":"f.804597995EEA20368E99A2927B0C1762.d.B831B23F03977A2B99EAE40FBE5859A3.e.12804"}]}
COMMAND: GET /session/e8ae643ad1a7d9f9ee71b330bca2e34d/screenshot - {}
RESULT: {}
COMMAND: POST /session/e8ae643ad1a7d9f9ee71b330bca2e34d/execute/sync - {"script":"<script> [56 bytes]","args":[{"element-6066-11e4-a52e-4f735466cecf":"f.804597995EEA20368E99A2927B0C1762.d.B831B23F03977A2B99EAE40FBE5859A3.e.12804","ELEMENT":"f.804597995EEA20368E99A2927B0C1762.d.B831B23F03977A2B99EAE40FBE5859A3.e.12804"}]}
RESULT: {"script":"<script> [56 bytes]","args":[{"element-6066-11e4-a52e-4f735466cecf":"f.804597995EEA20368E99A2927B0C1762.d.B831B23F03977A2B99EAE40FBE5859A3.e.12804","ELEMENT":"f.804597995EEA20368E99A2927B0C1762.d.B831B23F03977A2B99EAE40FBE5859A3.e.12804"}]}
COMMAND: GET /session/e8ae643ad1a7d9f9ee71b330bca2e34d/screenshot - {}
RESULT: {}
COMMAND: POST /session/e8ae643ad1a7d9f9ee71b330bca2e34d/execute/sync - {"script":"<script> [56 bytes]","args":[{"element-6066-11e4-a52e-4f735466cecf":"f.804597995EEA20368E99A2927B0C1762.d.B831B23F03977A2B99EAE40FBE5859A3.e.12804","ELEMENT":"f.804597995EEA20368E99A2927B0C1762.d.B831B23F03977A2B99EAE40FBE5859A3.e.12804"}]}
RESULT: {"script":"<script> [56 bytes]","args":[{"element-6066-11e4-a52e-4f735466cecf":"f.804597995EEA20368E99A2927B0C1762.d.B831B23F03977A2B99EAE40FBE5859A3.e.12804","ELEMENT":"f.804597995EEA20368E99A2927B0C1762.d.B831B23F03977A2B99EAE40FBE5859A3.e.12804"}]}
COMMAND: GET /session/e8ae643ad1a7d9f9ee71b330bca2e34d/screenshot - {}
RESULT: {}
COMMAND: POST /session/e8ae643ad1a7d9f9ee71b330bca2e34d/execute/sync - {"script":"<script> [56 bytes]","args":[{"element-6066-11e4-a52e-4f735466cecf":"f.804597995EEA20368E99A2927B0C1762.d.B831B23F03977A2B99EAE40FBE5859A3.e.12804","ELEMENT":"f.804597995EEA20368E99A2927B0C1762.d.B831B23F03977A2B99EAE40FBE5859A3.e.12804"}]}
RESULT: {"script":"<script> [56 bytes]","args":[{"element-6066-11e4-a52e-4f735466cecf":"f.804597995EEA20368E99A2927B0C1762.d.B831B23F03977A2B99EAE40FBE5859A3.e.12804","ELEMENT":"f.804597995EEA20368E99A2927B0C1762.d.B831B23F03977A2B99EAE40FBE5859A3.e.12804"}]}
COMMAND: POST /session/e8ae643ad1a7d9f9ee71b330bca2e34d/element - {"using":"css selector","value":"#shell-header-logo"}
COMMAND: GET /session/e8ae643ad1a7d9f9ee71b330bca2e34d/screenshot - {}
RESULT: {"using":"css selector","value":"#shell-header-logo"}
COMMAND: POST /session/e8ae643ad1a7d9f9ee71b330bca2e34d/element/f.804597995EEA20368E99A2927B0C1762.d.B831B23F03977A2B99EAE40FBE5859A3.e.12667/click - {}
RESULT: {}
RESULT: {}
COMMAND: GET /session/e8ae643ad1a7d9f9ee71b330bca2e34d/screenshot - {}
RESULT: {}
COMMAND: POST /session/e8ae643ad1a7d9f9ee71b330bca2e34d/element - {"using":"css selector","value":"#j_username"}
COMMAND: POST /session/e8ae643ad1a7d9f9ee71b330bca2e34d/url - {"url":"https://qa-testing-00-live-etm-ui.cfapps.eu10-004.hana.ondemand.com/"}
RESULT: {"using":"css selector","value":"#j_username"}
COMMAND: POST /session/e8ae643ad1a7d9f9ee71b330bca2e34d/element - {"using":"css selector","value":"#j_username"}
RESULT: {"url":"https://qa-testing-00-live-etm-ui.cfapps.eu10-004.hana.ondemand.com/"}
RESULT: undefined
COMMAND: GET /session/e8ae643ad1a7d9f9ee71b330bca2e34d/screenshot - {}
RESULT: {"using":"css selector","value":"#j_username"}
COMMAND: POST /session/e8ae643ad1a7d9f9ee71b330bca2e34d/element - {"using":"css selector","value":"#shell-header-logo"}
RESULT: {}
RESULT: {"using":"css selector","value":"#shell-header-logo"}
COMMAND: POST /session/e8ae643ad1a7d9f9ee71b330bca2e34d/execute/sync - {"script":"<script> [8489 bytes]","args":[{"element-6066-11e4-a52e-4f735466cecf":"f.804597995EEA20368E99A2927B0C1762.d.6FC96F1625A280B12947987DADADB876.e.12847","ELEMENT":"f.804597995EEA20368E99A2927B0C1762.d.6FC96F1625A280B12947987DADADB876.e.12847"}]}
RESULT: {"script":"<script> [8489 bytes]","args":[{"element-6066-11e4-a52e-4f735466cecf":"f.804597995EEA20368E99A2927B0C1762.d.6FC96F1625A280B12947987DADADB876.e.12847","ELEMENT":"f.804597995EEA20368E99A2927B0C1762.d.6FC96F1625A280B12947987DADADB876.e.12847"}]}
COMMAND: POST /session/e8ae643ad1a7d9f9ee71b330bca2e34d/element - {"using":"css selector","value":"#shell-header-logo"}
COMMAND: GET /session/e8ae643ad1a7d9f9ee71b330bca2e34d/screenshot - {}
RESULT: {"using":"css selector","value":"#shell-header-logo"}
COMMAND: POST /session/e8ae643ad1a7d9f9ee71b330bca2e34d/execute/sync - {"script":"<script> [8489 bytes]","args":[{"element-6066-11e4-a52e-4f735466cecf":"f.804597995EEA20368E99A2927B0C1762.d.6FC96F1625A280B12947987DADADB876.e.12847","ELEMENT":"f.804597995EEA20368E99A2927B0C1762.d.6FC96F1625A280B12947987DADADB876.e.12847"}]}
RESULT: {}
RESULT: {"script":"<script> [8489 bytes]","args":[{"element-6066-11e4-a52e-4f735466cecf":"f.804597995EEA20368E99A2927B0C1762.d.6FC96F1625A280B12947987DADADB876.e.12847","ELEMENT":"f.804597995EEA20368E99A2927B0C1762.d.6FC96F1625A280B12947987DADADB876.e.12847"}]}
COMMAND: POST /session/e8ae643ad1a7d9f9ee71b330bca2e34d/execute/sync - {"script":"<script> [5351 bytes]","args":[{"element-6066-11e4-a52e-4f735466cecf":"f.804597995EEA20368E99A2927B0C1762.d.6FC96F1625A280B12947987DADADB876.e.12847","ELEMENT":"f.804597995EEA20368E99A2927B0C1762.d.6FC96F1625A280B12947987DADADB876.e.12847"}]}
COMMAND: GET /session/e8ae643ad1a7d9f9ee71b330bca2e34d/screenshot - {}
RESULT: {"script":"<script> [5351 bytes]","args":[{"element-6066-11e4-a52e-4f735466cecf":"f.804597995EEA20368E99A2927B0C1762.d.6FC96F1625A280B12947987DADADB876.e.12847","ELEMENT":"f.804597995EEA20368E99A2927B0C1762.d.6FC96F1625A280B12947987DADADB876.e.12847"}]}
COMMAND: POST /session/e8ae643ad1a7d9f9ee71b330bca2e34d/element - {"using":"css selector","value":"#shell-header-logo"}
COMMAND: GET /session/e8ae643ad1a7d9f9ee71b330bca2e34d/screenshot - {}
RESULT: {}
RESULT: {"using":"css selector","value":"#shell-header-logo"}
COMMAND: POST /session/e8ae643ad1a7d9f9ee71b330bca2e34d/element/f.804597995EEA20368E99A2927B0C1762.d.6FC96F1625A280B12947987DADADB876.e.12847/click - {}
RESULT: {}
RESULT: {}
COMMAND: GET /session/e8ae643ad1a7d9f9ee71b330bca2e34d/screenshot - {}
RESULT: {}
COMMAND: POST /session/e8ae643ad1a7d9f9ee71b330bca2e34d/execute/async - {"script":"<script> [189 bytes]","args":[]}
RESULT: {"script":"<script> [189 bytes]","args":[]}
COMMAND: POST /session/e8ae643ad1a7d9f9ee71b330bca2e34d/execute/async - {"script":"<script> [123 bytes]","args":[]}
RESULT: {"script":"<script> [123 bytes]","args":[]}
COMMAND: POST /session/e8ae643ad1a7d9f9ee71b330bca2e34d/timeouts - {"script":"<number>"}
RESULT: {"script":"<number>"}
COMMAND: GET /session/e8ae643ad1a7d9f9ee71b330bca2e34d/timeouts - {}
RESULT: {}
RESULT: undefined
COMMAND: POST /session/e8ae643ad1a7d9f9ee71b330bca2e34d/execute/async - {"script":"<script> [2676 bytes]","args":[]}
RESULT: {"script":"<script> [2676 bytes]","args":[]}
COMMAND: POST /session/e8ae643ad1a7d9f9ee71b330bca2e34d/execute/async - {"script":"<script> [2342 bytes]","args":[{"protocol":"http","hostname":"0.0.0.0","path":"/","capabilities":{"browserName":"chrome","goog:chromeOptions":{"binary":"C:\\Program Files\\Google\\Chrome\\Application\\chrome.exe","args":["--start-maximized"]}},"logLevel":"warn","connectionRetryTimeout":120000,"connectionRetryCount":3,"logLevels":{},"enableDirectConnect":true,"strictSSL":true,"_":"65 more keys: [\"cacheDir\",\"port\",\"requestedCapabilities\",\"automationProtocol\",\"baseUrl\",\"waitforInterval\",\"waitforTimeout\",\"onReload\",\"beforeCommand\",\"afterCommand\",\"rootDir\",\"specs\",\"suites\",\"exclude\",\"groupLogsByTestSpec\",\"excludeDriverLogs\",\"bail\",\"framework\",\"reporters\",\"services\",\"maxInstances\",\"maxInstancesPerCapability\",\"injectGlobals\",\"filesToWatch\",\"execArgv\",\"runnerEnv\",\"runner\",\"shard\",\"specFileRetries\",\"specFileRetriesDelay\",\"specFileRetriesDeferred\",\"reporterSyncInterval\",\"reporterSyncTimeout\",\"cucumberFeaturesWithLineNumbers\",\"autoCompileOpts\",\"mochaOpts\",\"jasmineOpts\",\"cucumberOpts\",\"onPrepare\",\"onWorkerStart\",\"onWorkerEnd\",\"before\",\"beforeSession\",\"beforeSuite\",\"beforeHook\",\"beforeTest\",\"afterTest\",\"afterHook\",\"afterSuite\",\"afterSession\",\"after\",\"onComplete\",\"beforeAssertion\",\"afterAssertion\",\"beforeFeature\",\"beforeScenario\",\"beforeStep\",\"afterStep\",\"afterScenario\",\"afterFeature\",\"_\",\"suite\",\"$0\",\"ignoredWorkerServices\",\"wdi5\"]"}]}
RESULT: {"script":"<script> [2342 bytes]","args":[{"protocol":"http","hostname":"0.0.0.0","path":"/","capabilities":{"browserName":"chrome","goog:chromeOptions":{"binary":"C:\\Program Files\\Google\\Chrome\\Application\\chrome.exe","args":["--start-maximized"]}},"logLevel":"warn","connectionRetryTimeout":120000,"connectionRetryCount":3,"logLevels":{},"enableDirectConnect":true,"strictSSL":true,"_":"65 more keys: [\"cacheDir\",\"port\",\"requestedCapabilities\",\"automationProtocol\",\"baseUrl\",\"waitforInterval\",\"waitforTimeout\",\"onReload\",\"beforeCommand\",\"afterCommand\",\"rootDir\",\"specs\",\"suites\",\"exclude\",\"groupLogsByTestSpec\",\"excludeDriverLogs\",\"bail\",\"framework\",\"reporters\",\"services\",\"maxInstances\",\"maxInstancesPerCapability\",\"injectGlobals\",\"filesToWatch\",\"execArgv\",\"runnerEnv\",\"runner\",\"shard\",\"specFileRetries\",\"specFileRetriesDelay\",\"specFileRetriesDeferred\",\"reporterSyncInterval\",\"reporterSyncTimeout\",\"cucumberFeaturesWithLineNumbers\",\"autoCompileOpts\",\"mochaOpts\",\"jasmineOpts\",\"cucumberOpts\",\"onPrepare\",\"onWorkerStart\",\"onWorkerEnd\",\"before\",\"beforeSession\",\"beforeSuite\",\"beforeHook\",\"beforeTest\",\"afterTest\",\"afterHook\",\"afterSuite\",\"afterSession\",\"after\",\"onComplete\",\"beforeAssertion\",\"afterAssertion\",\"beforeFeature\",\"beforeScenario\",\"beforeStep\",\"afterStep\",\"afterScenario\",\"afterFeature\",\"_\",\"suite\",\"$0\",\"ignoredWorkerServices\",\"wdi5\"]"}]}
COMMAND: POST /session/e8ae643ad1a7d9f9ee71b330bca2e34d/execute/async - {"script":"<script> [21126 bytes]","args":[35000]}
RESULT: {"script":"<script> [21126 bytes]","args":[35000]}
COMMAND: POST /session/e8ae643ad1a7d9f9ee71b330bca2e34d/window/maximize - {}
RESULT: {}
COMMAND: POST /session/e8ae643ad1a7d9f9ee71b330bca2e34d/execute/async - {"script":"<script> [1562 bytes]","args":[{"selector":{"id":"shell-header","interaction":{"idSuffix":"icon"}},"wdio_ui5_key":"shellheader"}]}
COMMAND: GET /session/e8ae643ad1a7d9f9ee71b330bca2e34d/screenshot - {}
RESULT: {"script":"<script> [1562 bytes]","args":[{"selector":{"id":"shell-header","interaction":{"idSuffix":"icon"}},"wdio_ui5_key":"shellheader"}]}
RESULT: undefined
COMMAND: POST /session/e8ae643ad1a7d9f9ee71b330bca2e34d/refresh - {}
RESULT: {}
RESULT: {}
COMMAND: GET /session/e8ae643ad1a7d9f9ee71b330bca2e34d/screenshot - {}
RESULT: {}
COMMAND: POST /session/e8ae643ad1a7d9f9ee71b330bca2e34d/refresh - {}
RESULT: {}
COMMAND: GET /session/e8ae643ad1a7d9f9ee71b330bca2e34d/screenshot - {}
RESULT: {}
COMMAND: POST /session/e8ae643ad1a7d9f9ee71b330bca2e34d/execute/async - {"script":"<script> [189 bytes]","args":[]}
RESULT: {"script":"<script> [189 bytes]","args":[]}
COMMAND: POST /session/e8ae643ad1a7d9f9ee71b330bca2e34d/execute/async - {"script":"<script> [123 bytes]","args":[]}
RESULT: {"script":"<script> [123 bytes]","args":[]}
COMMAND: POST /session/e8ae643ad1a7d9f9ee71b330bca2e34d/timeouts - {"script":"<number>"}
RESULT: {"script":"<number>"}
COMMAND: GET /session/e8ae643ad1a7d9f9ee71b330bca2e34d/timeouts - {}
RESULT: {}
RESULT: undefined
COMMAND: POST /session/e8ae643ad1a7d9f9ee71b330bca2e34d/execute/async - {"script":"<script> [2676 bytes]","args":[]}
RESULT: {"script":"<script> [2676 bytes]","args":[]}
COMMAND: POST /session/e8ae643ad1a7d9f9ee71b330bca2e34d/execute/async - {"script":"<script> [2342 bytes]","args":[{"protocol":"http","hostname":"0.0.0.0","path":"/","capabilities":{"browserName":"chrome","goog:chromeOptions":{"binary":"C:\\Program Files\\Google\\Chrome\\Application\\chrome.exe","args":["--start-maximized"]}},"logLevel":"warn","connectionRetryTimeout":120000,"connectionRetryCount":3,"logLevels":{},"enableDirectConnect":true,"strictSSL":true,"_":"65 more keys: [\"cacheDir\",\"port\",\"requestedCapabilities\",\"automationProtocol\",\"baseUrl\",\"waitforInterval\",\"waitforTimeout\",\"onReload\",\"beforeCommand\",\"afterCommand\",\"rootDir\",\"specs\",\"suites\",\"exclude\",\"groupLogsByTestSpec\",\"excludeDriverLogs\",\"bail\",\"framework\",\"reporters\",\"services\",\"maxInstances\",\"maxInstancesPerCapability\",\"injectGlobals\",\"filesToWatch\",\"execArgv\",\"runnerEnv\",\"runner\",\"shard\",\"specFileRetries\",\"specFileRetriesDelay\",\"specFileRetriesDeferred\",\"reporterSyncInterval\",\"reporterSyncTimeout\",\"cucumberFeaturesWithLineNumbers\",\"autoCompileOpts\",\"mochaOpts\",\"jasmineOpts\",\"cucumberOpts\",\"onPrepare\",\"onWorkerStart\",\"onWorkerEnd\",\"before\",\"beforeSession\",\"beforeSuite\",\"beforeHook\",\"beforeTest\",\"afterTest\",\"afterHook\",\"afterSuite\",\"afterSession\",\"after\",\"onComplete\",\"beforeAssertion\",\"afterAssertion\",\"beforeFeature\",\"beforeScenario\",\"beforeStep\",\"afterStep\",\"afterScenario\",\"afterFeature\",\"_\",\"suite\",\"$0\",\"ignoredWorkerServices\",\"wdi5\"]"}]}
RESULT: {"script":"<script> [2342 bytes]","args":[{"protocol":"http","hostname":"0.0.0.0","path":"/","capabilities":{"browserName":"chrome","goog:chromeOptions":{"binary":"C:\\Program Files\\Google\\Chrome\\Application\\chrome.exe","args":["--start-maximized"]}},"logLevel":"warn","connectionRetryTimeout":120000,"connectionRetryCount":3,"logLevels":{},"enableDirectConnect":true,"strictSSL":true,"_":"65 more keys: [\"cacheDir\",\"port\",\"requestedCapabilities\",\"automationProtocol\",\"baseUrl\",\"waitforInterval\",\"waitforTimeout\",\"onReload\",\"beforeCommand\",\"afterCommand\",\"rootDir\",\"specs\",\"suites\",\"exclude\",\"groupLogsByTestSpec\",\"excludeDriverLogs\",\"bail\",\"framework\",\"reporters\",\"services\",\"maxInstances\",\"maxInstancesPerCapability\",\"injectGlobals\",\"filesToWatch\",\"execArgv\",\"runnerEnv\",\"runner\",\"shard\",\"specFileRetries\",\"specFileRetriesDelay\",\"specFileRetriesDeferred\",\"reporterSyncInterval\",\"reporterSyncTimeout\",\"cucumberFeaturesWithLineNumbers\",\"autoCompileOpts\",\"mochaOpts\",\"jasmineOpts\",\"cucumberOpts\",\"onPrepare\",\"onWorkerStart\",\"onWorkerEnd\",\"before\",\"beforeSession\",\"beforeSuite\",\"beforeHook\",\"beforeTest\",\"afterTest\",\"afterHook\",\"afterSuite\",\"afterSession\",\"after\",\"onComplete\",\"beforeAssertion\",\"afterAssertion\",\"beforeFeature\",\"beforeScenario\",\"beforeStep\",\"afterStep\",\"afterScenario\",\"afterFeature\",\"_\",\"suite\",\"$0\",\"ignoredWorkerServices\",\"wdi5\"]"}]}
COMMAND: POST /session/e8ae643ad1a7d9f9ee71b330bca2e34d/execute/async - {"script":"<script> [21126 bytes]","args":[35000]}
RESULT: {"script":"<script> [21126 bytes]","args":[35000]}
]]></system-out>
    </testcase>
  </testsuite>
  <testsuite timestamp="2025-04-15T17:49:04" time="634.142" tests="12" failures="0" errors="0" skipped="0">
    <properties>
      <property name="specId" value="0"/>
      <property name="suiteName" value="Billing transfer US117289"/>
      <property name="capabilities" value="chrome.135_0_7049_42.windows"/>
      <property name="file" value="file:///D:/a/1/s/test/specs/BTS/billing-transfer.spec.js"/>
    </properties>
    <testcase classname="chrome.135_0_7049_42.windows.Billing_transfer_US117289" name="Should create a new yard" time="0.386">
      <system-out><![CDATA[
COMMAND: POST /session/e8ae643ad1a7d9f9ee71b330bca2e34d/window/fullscreen - {}
RESULT: {}
]]></system-out>
    </testcase>
    <testcase classname="chrome.135_0_7049_42.windows.Billing_transfer_US117289" name="Should create a new partner" time="0.005"/>
    <testcase classname="chrome.135_0_7049_42.windows.Billing_transfer_US117289" name="Should create a new site" time="0.006"/>
    <testcase classname="chrome.135_0_7049_42.windows.Billing_transfer_US117289" name="Should create a new equipment" time="114.028">
      <system-out><![CDATA[
COMMAND: POST /session/e8ae643ad1a7d9f9ee71b330bca2e34d/execute/async - {"script":"<script> [1562 bytes]","args":[{"selector":{"controlType":"sap.m.GenericTile","properties":{"header":"Manage Resources"}},"wdio_ui5_key":"sapm.GenericTile{\"header\":\"Manage Resources\"}"}]}
RESULT: {"script":"<script> [1562 bytes]","args":[{"selector":{"controlType":"sap.m.GenericTile","properties":{"header":"Manage Resources"}},"wdio_ui5_key":"sapm.GenericTile{\"header\":\"Manage Resources\"}"}]}
RESULT: undefined
COMMAND: POST /session/e8ae643ad1a7d9f9ee71b330bca2e34d/element - {"using":"xpath","value":"//*[@id=\"__tile39\"]"}
RESULT: {"using":"xpath","value":"//*[@id=\"__tile39\"]"}
COMMAND: POST /session/e8ae643ad1a7d9f9ee71b330bca2e34d/element/f.804597995EEA20368E99A2927B0C1762.d.740081E811616F10FF729A5C17BABDA3.e.12998/click - {}
RESULT: {}
COMMAND: POST /session/e8ae643ad1a7d9f9ee71b330bca2e34d/element - {"using":"xpath","value":"//button[@data-kt=\"addNewRUOverflowToolbarButton\"]"}
COMMAND: GET /session/e8ae643ad1a7d9f9ee71b330bca2e34d/screenshot - {}
RESULT: {"using":"xpath","value":"//button[@data-kt=\"addNewRUOverflowToolbarButton\"]"}
COMMAND: POST /session/e8ae643ad1a7d9f9ee71b330bca2e34d/elements - {"using":"xpath","value":"//button[@data-kt=\"addNewRUOverflowToolbarButton\"]"}
RESULT: {}
RESULT: {"using":"xpath","value":"//button[@data-kt=\"addNewRUOverflowToolbarButton\"]"}
COMMAND: POST /session/e8ae643ad1a7d9f9ee71b330bca2e34d/elements - {"using":"xpath","value":"//button[@data-kt=\"addNewRUOverflowToolbarButton\"]"}
RESULT: {"using":"xpath","value":"//button[@data-kt=\"addNewRUOverflowToolbarButton\"]"}
RESULT: undefined
RESULT: undefined
COMMAND: POST /session/e8ae643ad1a7d9f9ee71b330bca2e34d/elements - {"using":"xpath","value":"//button[@data-kt=\"addNewRUOverflowToolbarButton\"]"}
RESULT: {"using":"xpath","value":"//button[@data-kt=\"addNewRUOverflowToolbarButton\"]"}
COMMAND: POST /session/e8ae643ad1a7d9f9ee71b330bca2e34d/elements - {"using":"xpath","value":"//button[@data-kt=\"addNewRUOverflowToolbarButton\"]"}
RESULT: {"using":"xpath","value":"//button[@data-kt=\"addNewRUOverflowToolbarButton\"]"}
COMMAND: POST /session/e8ae643ad1a7d9f9ee71b330bca2e34d/elements - {"using":"xpath","value":"//button[@data-kt=\"addNewRUOverflowToolbarButton\"]"}
RESULT: {"using":"xpath","value":"//button[@data-kt=\"addNewRUOverflowToolbarButton\"]"}
COMMAND: POST /session/e8ae643ad1a7d9f9ee71b330bca2e34d/elements - {"using":"xpath","value":"//button[@data-kt=\"addNewRUOverflowToolbarButton\"]"}
RESULT: {"using":"xpath","value":"//button[@data-kt=\"addNewRUOverflowToolbarButton\"]"}
COMMAND: POST /session/e8ae643ad1a7d9f9ee71b330bca2e34d/elements - {"using":"xpath","value":"//button[@data-kt=\"addNewRUOverflowToolbarButton\"]"}
RESULT: {"using":"xpath","value":"//button[@data-kt=\"addNewRUOverflowToolbarButton\"]"}
COMMAND: POST /session/e8ae643ad1a7d9f9ee71b330bca2e34d/elements - {"using":"xpath","value":"//button[@data-kt=\"addNewRUOverflowToolbarButton\"]"}
RESULT: {"using":"xpath","value":"//button[@data-kt=\"addNewRUOverflowToolbarButton\"]"}
COMMAND: POST /session/e8ae643ad1a7d9f9ee71b330bca2e34d/elements - {"using":"xpath","value":"//button[@data-kt=\"addNewRUOverflowToolbarButton\"]"}
RESULT: {"using":"xpath","value":"//button[@data-kt=\"addNewRUOverflowToolbarButton\"]"}
COMMAND: POST /session/e8ae643ad1a7d9f9ee71b330bca2e34d/elements - {"using":"xpath","value":"//button[@data-kt=\"addNewRUOverflowToolbarButton\"]"}
RESULT: {"using":"xpath","value":"//button[@data-kt=\"addNewRUOverflowToolbarButton\"]"}
COMMAND: POST /session/e8ae643ad1a7d9f9ee71b330bca2e34d/elements - {"using":"xpath","value":"//button[@data-kt=\"addNewRUOverflowToolbarButton\"]"}
RESULT: {"using":"xpath","value":"//button[@data-kt=\"addNewRUOverflowToolbarButton\"]"}
COMMAND: POST /session/e8ae643ad1a7d9f9ee71b330bca2e34d/elements - {"using":"xpath","value":"//button[@data-kt=\"addNewRUOverflowToolbarButton\"]"}
RESULT: {"using":"xpath","value":"//button[@data-kt=\"addNewRUOverflowToolbarButton\"]"}
COMMAND: POST /session/e8ae643ad1a7d9f9ee71b330bca2e34d/elements - {"using":"xpath","value":"//button[@data-kt=\"addNewRUOverflowToolbarButton\"]"}
RESULT: {"using":"xpath","value":"//button[@data-kt=\"addNewRUOverflowToolbarButton\"]"}
COMMAND: POST /session/e8ae643ad1a7d9f9ee71b330bca2e34d/elements - {"using":"xpath","value":"//button[@data-kt=\"addNewRUOverflowToolbarButton\"]"}
RESULT: {"using":"xpath","value":"//button[@data-kt=\"addNewRUOverflowToolbarButton\"]"}
COMMAND: POST /session/e8ae643ad1a7d9f9ee71b330bca2e34d/elements - {"using":"xpath","value":"//button[@data-kt=\"addNewRUOverflowToolbarButton\"]"}
RESULT: {"using":"xpath","value":"//button[@data-kt=\"addNewRUOverflowToolbarButton\"]"}
COMMAND: POST /session/e8ae643ad1a7d9f9ee71b330bca2e34d/elements - {"using":"xpath","value":"//button[@data-kt=\"addNewRUOverflowToolbarButton\"]"}
RESULT: {"using":"xpath","value":"//button[@data-kt=\"addNewRUOverflowToolbarButton\"]"}
COMMAND: POST /session/e8ae643ad1a7d9f9ee71b330bca2e34d/element - {"using":"xpath","value":"//button[@data-kt=\"addNewRUOverflowToolbarButton\"]"}
RESULT: {"using":"xpath","value":"//button[@data-kt=\"addNewRUOverflowToolbarButton\"]"}
COMMAND: POST /session/e8ae643ad1a7d9f9ee71b330bca2e34d/execute/sync - {"script":"<script> [8489 bytes]","args":[{"element-6066-11e4-a52e-4f735466cecf":"f.804597995EEA20368E99A2927B0C1762.d.740081E811616F10FF729A5C17BABDA3.e.13128","ELEMENT":"f.804597995EEA20368E99A2927B0C1762.d.740081E811616F10FF729A5C17BABDA3.e.13128"}]}
RESULT: {"script":"<script> [8489 bytes]","args":[{"element-6066-11e4-a52e-4f735466cecf":"f.804597995EEA20368E99A2927B0C1762.d.740081E811616F10FF729A5C17BABDA3.e.13128","ELEMENT":"f.804597995EEA20368E99A2927B0C1762.d.740081E811616F10FF729A5C17BABDA3.e.13128"}]}
COMMAND: GET /session/e8ae643ad1a7d9f9ee71b330bca2e34d/element/f.804597995EEA20368E99A2927B0C1762.d.740081E811616F10FF729A5C17BABDA3.e.13128/enabled - {}
COMMAND: GET /session/e8ae643ad1a7d9f9ee71b330bca2e34d/screenshot - {}
RESULT: {}
COMMAND: POST /session/e8ae643ad1a7d9f9ee71b330bca2e34d/execute/sync - {"script":"<script> [8489 bytes]","args":[{"element-6066-11e4-a52e-4f735466cecf":"f.804597995EEA20368E99A2927B0C1762.d.740081E811616F10FF729A5C17BABDA3.e.13128","ELEMENT":"f.804597995EEA20368E99A2927B0C1762.d.740081E811616F10FF729A5C17BABDA3.e.13128"}]}
COMMAND: GET /session/e8ae643ad1a7d9f9ee71b330bca2e34d/screenshot - {}
RESULT: {}
RESULT: {"script":"<script> [8489 bytes]","args":[{"element-6066-11e4-a52e-4f735466cecf":"f.804597995EEA20368E99A2927B0C1762.d.740081E811616F10FF729A5C17BABDA3.e.13128","ELEMENT":"f.804597995EEA20368E99A2927B0C1762.d.740081E811616F10FF729A5C17BABDA3.e.13128"}]}
COMMAND: POST /session/e8ae643ad1a7d9f9ee71b330bca2e34d/execute/sync - {"script":"<script> [5351 bytes]","args":[{"element-6066-11e4-a52e-4f735466cecf":"f.804597995EEA20368E99A2927B0C1762.d.740081E811616F10FF729A5C17BABDA3.e.13128","ELEMENT":"f.804597995EEA20368E99A2927B0C1762.d.740081E811616F10FF729A5C17BABDA3.e.13128"}]}
COMMAND: GET /session/e8ae643ad1a7d9f9ee71b330bca2e34d/screenshot - {}
RESULT: {}
RESULT: {"script":"<script> [5351 bytes]","args":[{"element-6066-11e4-a52e-4f735466cecf":"f.804597995EEA20368E99A2927B0C1762.d.740081E811616F10FF729A5C17BABDA3.e.13128","ELEMENT":"f.804597995EEA20368E99A2927B0C1762.d.740081E811616F10FF729A5C17BABDA3.e.13128"}]}
COMMAND: POST /session/e8ae643ad1a7d9f9ee71b330bca2e34d/element/f.804597995EEA20368E99A2927B0C1762.d.740081E811616F10FF729A5C17BABDA3.e.13128/click - {}
COMMAND: GET /session/e8ae643ad1a7d9f9ee71b330bca2e34d/screenshot - {}
RESULT: {}
RESULT: {}
RESULT: {}
COMMAND: GET /session/e8ae643ad1a7d9f9ee71b330bca2e34d/screenshot - {}
RESULT: {}
COMMAND: POST /session/e8ae643ad1a7d9f9ee71b330bca2e34d/execute/async - {"script":"<script> [1562 bytes]","args":[{"selector":{"id":"application-manageresources-display-component---newResourceUnit--TYPE-arrow"},"wdio_ui5_key":"applicationmanageresources-display-component---newResourceUnit--TYPE-arrow"}]}
RESULT: {"script":"<script> [1562 bytes]","args":[{"selector":{"id":"application-manageresources-display-component---newResourceUnit--TYPE-arrow"},"wdio_ui5_key":"applicationmanageresources-display-component---newResourceUnit--TYPE-arrow"}]}
RESULT: undefined
COMMAND: POST /session/e8ae643ad1a7d9f9ee71b330bca2e34d/element - {"using":"xpath","value":"//*[@id=\"application-manageresources-display-component---newResourceUnit--TYPE-arrow\"]"}
RESULT: {"using":"xpath","value":"//*[@id=\"application-manageresources-display-component---newResourceUnit--TYPE-arrow\"]"}
COMMAND: POST /session/e8ae643ad1a7d9f9ee71b330bca2e34d/element/f.804597995EEA20368E99A2927B0C1762.d.740081E811616F10FF729A5C17BABDA3.e.13497/click - {}
RESULT: {}
COMMAND: POST /session/e8ae643ad1a7d9f9ee71b330bca2e34d/element - {"using":"xpath","value":"//input[@id=\"application-manageresources-display-component---newResourceUnit--TYPE-inner\"]"}
COMMAND: GET /session/e8ae643ad1a7d9f9ee71b330bca2e34d/screenshot - {}
RESULT: {"using":"xpath","value":"//input[@id=\"application-manageresources-display-component---newResourceUnit--TYPE-inner\"]"}
COMMAND: POST /session/e8ae643ad1a7d9f9ee71b330bca2e34d/element/f.804597995EEA20368E99A2927B0C1762.d.740081E811616F10FF729A5C17BABDA3.e.13482/clear - {}
RESULT: {}
RESULT: {}
COMMAND: POST /session/e8ae643ad1a7d9f9ee71b330bca2e34d/element/f.804597995EEA20368E99A2927B0C1762.d.740081E811616F10FF729A5C17BABDA3.e.13482/value - {"text":"Equipment"}
COMMAND: GET /session/e8ae643ad1a7d9f9ee71b330bca2e34d/screenshot - {}
RESULT: {"text":"Equipment"}
COMMAND: GET /session/e8ae643ad1a7d9f9ee71b330bca2e34d/screenshot - {}
RESULT: {}
RESULT: {}
COMMAND: POST /session/e8ae643ad1a7d9f9ee71b330bca2e34d/actions - {"actions":[{"id":"action43","type":"key","parameters":{},"actions":[{"type":"keyDown","value":""},{"type":"pause","duration":10},{"type":"keyUp","value":""}]}]}
RESULT: {"actions":[{"id":"action43","type":"key","parameters":{},"actions":[{"type":"keyDown","value":""},{"type":"pause","duration":10},{"type":"keyUp","value":""}]}]}
COMMAND: POST /session/e8ae643ad1a7d9f9ee71b330bca2e34d/execute/async - {"script":"<script> [1562 bytes]","args":[{"selector":{"id":"application-manageresources-display-component---newResourceUnit--resourceId","interaction":{"idSuffix":"inner"}},"wdio_ui5_key":"applicationmanageresources-display-component---newResourceUnit--resourceId"}]}
COMMAND: GET /session/e8ae643ad1a7d9f9ee71b330bca2e34d/screenshot - {}
RESULT: {"script":"<script> [1562 bytes]","args":[{"selector":{"id":"application-manageresources-display-component---newResourceUnit--resourceId","interaction":{"idSuffix":"inner"}},"wdio_ui5_key":"applicationmanageresources-display-component---newResourceUnit--resourceId"}]}
RESULT: undefined
COMMAND: POST /session/e8ae643ad1a7d9f9ee71b330bca2e34d/execute/async - {"script":"<script> [776 bytes]","args":[{"enterText":"q5f0Swu5k7","selector":{"id":"application-manageresources-display-component---newResourceUnit--resourceId","interaction":{"idSuffix":"inner"}},"clearTextFirst":true,"interactionType":"ENTER_TEXT"}]}
RESULT: {}
RESULT: {"script":"<script> [776 bytes]","args":[{"enterText":"q5f0Swu5k7","selector":{"id":"application-manageresources-display-component---newResourceUnit--resourceId","interaction":{"idSuffix":"inner"}},"clearTextFirst":true,"interactionType":"ENTER_TEXT"}]}
COMMAND: POST /session/e8ae643ad1a7d9f9ee71b330bca2e34d/execute/async - {"script":"<script> [1562 bytes]","args":[{"selector":{"id":"application-manageresources-display-component---newResourceUnit--SHORT_TEXT","interaction":{"idSuffix":"inner"}},"wdio_ui5_key":"applicationmanageresources-display-component---newResourceUnit--SHORT_TEXT"}]}
RESULT: {"script":"<script> [1562 bytes]","args":[{"selector":{"id":"application-manageresources-display-component---newResourceUnit--SHORT_TEXT","interaction":{"idSuffix":"inner"}},"wdio_ui5_key":"applicationmanageresources-display-component---newResourceUnit--SHORT_TEXT"}]}
RESULT: undefined
COMMAND: POST /session/e8ae643ad1a7d9f9ee71b330bca2e34d/execute/async - {"script":"<script> [776 bytes]","args":[{"enterText":"Intercompany Equipment WDIO","selector":{"id":"application-manageresources-display-component---newResourceUnit--SHORT_TEXT","interaction":{"idSuffix":"inner"}},"clearTextFirst":true,"interactionType":"ENTER_TEXT"}]}
RESULT: {"script":"<script> [776 bytes]","args":[{"enterText":"Intercompany Equipment WDIO","selector":{"id":"application-manageresources-display-component---newResourceUnit--SHORT_TEXT","interaction":{"idSuffix":"inner"}},"clearTextFirst":true,"interactionType":"ENTER_TEXT"}]}
COMMAND: POST /session/e8ae643ad1a7d9f9ee71b330bca2e34d/execute/async - {"script":"<script> [1562 bytes]","args":[{"selector":{"id":"application-manageresources-display-component---newResourceUnit--BASE_UNIT_OF_MEASURE","interaction":{"idSuffix":"inner"}},"wdio_ui5_key":"applicationmanageresources-display-component---newResourceUnit--BASE_UNIT_OF_MEASURE"}]}
RESULT: {"script":"<script> [1562 bytes]","args":[{"selector":{"id":"application-manageresources-display-component---newResourceUnit--BASE_UNIT_OF_MEASURE","interaction":{"idSuffix":"inner"}},"wdio_ui5_key":"applicationmanageresources-display-component---newResourceUnit--BASE_UNIT_OF_MEASURE"}]}
RESULT: undefined
COMMAND: POST /session/e8ae643ad1a7d9f9ee71b330bca2e34d/execute/async - {"script":"<script> [776 bytes]","args":[{"enterText":"Piece","selector":{"id":"application-manageresources-display-component---newResourceUnit--BASE_UNIT_OF_MEASURE","interaction":{"idSuffix":"inner"}},"clearTextFirst":true,"interactionType":"ENTER_TEXT"}]}
RESULT: {"script":"<script> [776 bytes]","args":[{"enterText":"Piece","selector":{"id":"application-manageresources-display-component---newResourceUnit--BASE_UNIT_OF_MEASURE","interaction":{"idSuffix":"inner"}},"clearTextFirst":true,"interactionType":"ENTER_TEXT"}]}
COMMAND: POST /session/e8ae643ad1a7d9f9ee71b330bca2e34d/execute/async - {"script":"<script> [1562 bytes]","args":[{"selector":{"id":"application-manageresources-display-component---newResourceUnit--WEIGHT_UNIT","interaction":{"idSuffix":"inner"}},"wdio_ui5_key":"applicationmanageresources-display-component---newResourceUnit--WEIGHT_UNIT"}]}
RESULT: {"script":"<script> [1562 bytes]","args":[{"selector":{"id":"application-manageresources-display-component---newResourceUnit--WEIGHT_UNIT","interaction":{"idSuffix":"inner"}},"wdio_ui5_key":"applicationmanageresources-display-component---newResourceUnit--WEIGHT_UNIT"}]}
RESULT: undefined
COMMAND: POST /session/e8ae643ad1a7d9f9ee71b330bca2e34d/execute/async - {"script":"<script> [776 bytes]","args":[{"enterText":"Gram","selector":{"id":"application-manageresources-display-component---newResourceUnit--WEIGHT_UNIT","interaction":{"idSuffix":"inner"}},"clearTextFirst":true,"interactionType":"ENTER_TEXT"}]}
RESULT: {"script":"<script> [776 bytes]","args":[{"enterText":"Gram","selector":{"id":"application-manageresources-display-component---newResourceUnit--WEIGHT_UNIT","interaction":{"idSuffix":"inner"}},"clearTextFirst":true,"interactionType":"ENTER_TEXT"}]}
COMMAND: POST /session/e8ae643ad1a7d9f9ee71b330bca2e34d/execute/async - {"script":"<script> [1562 bytes]","args":[{"selector":{"id":"application-manageresources-display-component---newResourceUnit--DIMENSION_UNIT","interaction":{"idSuffix":"inner"}},"wdio_ui5_key":"applicationmanageresources-display-component---newResourceUnit--DIMENSION_UNIT"}]}
RESULT: {"script":"<script> [1562 bytes]","args":[{"selector":{"id":"application-manageresources-display-component---newResourceUnit--DIMENSION_UNIT","interaction":{"idSuffix":"inner"}},"wdio_ui5_key":"applicationmanageresources-display-component---newResourceUnit--DIMENSION_UNIT"}]}
RESULT: undefined
COMMAND: POST /session/e8ae643ad1a7d9f9ee71b330bca2e34d/execute/async - {"script":"<script> [776 bytes]","args":[{"enterText":"Meter","selector":{"id":"application-manageresources-display-component---newResourceUnit--DIMENSION_UNIT","interaction":{"idSuffix":"inner"}},"clearTextFirst":true,"interactionType":"ENTER_TEXT"}]}
RESULT: {"script":"<script> [776 bytes]","args":[{"enterText":"Meter","selector":{"id":"application-manageresources-display-component---newResourceUnit--DIMENSION_UNIT","interaction":{"idSuffix":"inner"}},"clearTextFirst":true,"interactionType":"ENTER_TEXT"}]}
COMMAND: POST /session/e8ae643ad1a7d9f9ee71b330bca2e34d/execute/async - {"script":"<script> [1562 bytes]","args":[{"selector":{"id":"application-manageresources-display-component---newResourceUnit--newRRUPage-anchBar-application-manageresources-display-component---newResourceUnit--control-anchor","interaction":{"idSuffix":"BDI-content"}},"wdio_ui5_key":"applicationmanageresources-display-component---newResourceUnit--newRRUPage-anchBar-application-manageresources-display-component---newResourceUnit--control-anchor"}]}
RESULT: {"script":"<script> [1562 bytes]","args":[{"selector":{"id":"application-manageresources-display-component---newResourceUnit--newRRUPage-anchBar-application-manageresources-display-component---newResourceUnit--control-anchor","interaction":{"idSuffix":"BDI-content"}},"wdio_ui5_key":"applicationmanageresources-display-component---newResourceUnit--newRRUPage-anchBar-application-manageresources-display-component---newResourceUnit--control-anchor"}]}
RESULT: undefined
COMMAND: POST /session/e8ae643ad1a7d9f9ee71b330bca2e34d/element - {"using":"xpath","value":"//*[@id=\"application-manageresources-display-component---newResourceUnit--newRRUPage-anchBar-application-manageresources-display-component---newResourceUnit--control-anchor\"]"}
RESULT: {"using":"xpath","value":"//*[@id=\"application-manageresources-display-component---newResourceUnit--newRRUPage-anchBar-application-manageresources-display-component---newResourceUnit--control-anchor\"]"}
COMMAND: POST /session/e8ae643ad1a7d9f9ee71b330bca2e34d/element/f.804597995EEA20368E99A2927B0C1762.d.740081E811616F10FF729A5C17BABDA3.e.13630/click - {}
RESULT: {}
COMMAND: POST /session/e8ae643ad1a7d9f9ee71b330bca2e34d/execute/async - {"script":"<script> [1562 bytes]","args":[{"selector":{"id":"application-manageresources-display-component---newResourceUnit--PLANNING_GROUP","interaction":{"idSuffix":"inner"}},"wdio_ui5_key":"applicationmanageresources-display-component---newResourceUnit--PLANNING_GROUP"}]}
COMMAND: GET /session/e8ae643ad1a7d9f9ee71b330bca2e34d/screenshot - {}
RESULT: {"script":"<script> [1562 bytes]","args":[{"selector":{"id":"application-manageresources-display-component---newResourceUnit--PLANNING_GROUP","interaction":{"idSuffix":"inner"}},"wdio_ui5_key":"applicationmanageresources-display-component---newResourceUnit--PLANNING_GROUP"}]}
RESULT: undefined
COMMAND: POST /session/e8ae643ad1a7d9f9ee71b330bca2e34d/execute/async - {"script":"<script> [776 bytes]","args":[{"enterText":"Heavy Equi","selector":{"id":"application-manageresources-display-component---newResourceUnit--PLANNING_GROUP","interaction":{"idSuffix":"inner"}},"clearTextFirst":true,"interactionType":"ENTER_TEXT"}]}
RESULT: {}
RESULT: {"script":"<script> [776 bytes]","args":[{"enterText":"Heavy Equi","selector":{"id":"application-manageresources-display-component---newResourceUnit--PLANNING_GROUP","interaction":{"idSuffix":"inner"}},"clearTextFirst":true,"interactionType":"ENTER_TEXT"}]}
COMMAND: POST /session/e8ae643ad1a7d9f9ee71b330bca2e34d/execute/async - {"script":"<script> [1562 bytes]","args":[{"selector":{"id":"application-manageresources-display-component---newResourceUnit--ITEM_TYPE-arrow"},"wdio_ui5_key":"applicationmanageresources-display-component---newResourceUnit--ITEM_TYPE-arrow"}]}
RESULT: {"script":"<script> [1562 bytes]","args":[{"selector":{"id":"application-manageresources-display-component---newResourceUnit--ITEM_TYPE-arrow"},"wdio_ui5_key":"applicationmanageresources-display-component---newResourceUnit--ITEM_TYPE-arrow"}]}
RESULT: undefined
COMMAND: POST /session/e8ae643ad1a7d9f9ee71b330bca2e34d/element - {"using":"xpath","value":"//*[@id=\"application-manageresources-display-component---newResourceUnit--ITEM_TYPE-arrow\"]"}
RESULT: {"using":"xpath","value":"//*[@id=\"application-manageresources-display-component---newResourceUnit--ITEM_TYPE-arrow\"]"}
COMMAND: POST /session/e8ae643ad1a7d9f9ee71b330bca2e34d/element/f.804597995EEA20368E99A2927B0C1762.d.740081E811616F10FF729A5C17BABDA3.e.13638/click - {}
RESULT: {}
COMMAND: POST /session/e8ae643ad1a7d9f9ee71b330bca2e34d/element - {"using":"xpath","value":"(//span[contains(text(), \"Resource Unit\")])[2]"}
COMMAND: GET /session/e8ae643ad1a7d9f9ee71b330bca2e34d/screenshot - {}
RESULT: {"using":"xpath","value":"(//span[contains(text(), \"Resource Unit\")])[2]"}
COMMAND: POST /session/e8ae643ad1a7d9f9ee71b330bca2e34d/element/f.804597995EEA20368E99A2927B0C1762.d.740081E811616F10FF729A5C17BABDA3.e.13639/click - {}
RESULT: {}
RESULT: {}
COMMAND: GET /session/e8ae643ad1a7d9f9ee71b330bca2e34d/screenshot - {}
RESULT: {}
COMMAND: POST /session/e8ae643ad1a7d9f9ee71b330bca2e34d/element - {"using":"css selector","value":"#application-manageresources-display-component---newResourceUnit--btnAddTimeSegment"}
RESULT: {"using":"css selector","value":"#application-manageresources-display-component---newResourceUnit--btnAddTimeSegment"}
COMMAND: GET /session/e8ae643ad1a7d9f9ee71b330bca2e34d/element/f.804597995EEA20368E99A2927B0C1762.d.740081E811616F10FF729A5C17BABDA3.e.13640/rect - {}
RESULT: {}
COMMAND: GET /session/e8ae643ad1a7d9f9ee71b330bca2e34d/window/rect - {}
RESULT: {}
COMMAND: POST /session/e8ae643ad1a7d9f9ee71b330bca2e34d/execute/sync - {"script":"<script> [92 bytes]","args":[]}
RESULT: {"script":"<script> [92 bytes]","args":[]}
COMMAND: POST /session/e8ae643ad1a7d9f9ee71b330bca2e34d/actions - {"actions":[{"id":"action44","type":"wheel","parameters":{},"actions":[{"type":"scroll","x":-1888,"y":-32,"deltaX":0,"deltaY":0,"duration":0,"origin":{"element-6066-11e4-a52e-4f735466cecf":"f.804597995EEA20368E99A2927B0C1762.d.740081E811616F10FF729A5C17BABDA3.e.13640"}}]}]}
COMMAND: GET /session/e8ae643ad1a7d9f9ee71b330bca2e34d/screenshot - {}
RESULT: {}
COMMAND: POST /session/e8ae643ad1a7d9f9ee71b330bca2e34d/execute/sync - {"script":"<script> [79 bytes]","args":[{"element-6066-11e4-a52e-4f735466cecf":"f.804597995EEA20368E99A2927B0C1762.d.740081E811616F10FF729A5C17BABDA3.e.13640","ELEMENT":"f.804597995EEA20368E99A2927B0C1762.d.740081E811616F10FF729A5C17BABDA3.e.13640"},{"block":"start","inline":"nearest"}]}
RESULT: {"script":"<script> [79 bytes]","args":[{"element-6066-11e4-a52e-4f735466cecf":"f.804597995EEA20368E99A2927B0C1762.d.740081E811616F10FF729A5C17BABDA3.e.13640","ELEMENT":"f.804597995EEA20368E99A2927B0C1762.d.740081E811616F10FF729A5C17BABDA3.e.13640"},{"block":"start","inline":"nearest"}]}
COMMAND: POST /session/e8ae643ad1a7d9f9ee71b330bca2e34d/execute/async - {"script":"<script> [1562 bytes]","args":[{"selector":{"id":"application-manageresources-display-component---newResourceUnit--btnAddTimeSegment","interaction":{"idSuffix":"inner"}},"wdio_ui5_key":"applicationmanageresources-display-component---newResourceUnit--btnAddTimeSegment"}]}
COMMAND: GET /session/e8ae643ad1a7d9f9ee71b330bca2e34d/screenshot - {}
RESULT: {"script":"<script> [1562 bytes]","args":[{"selector":{"id":"application-manageresources-display-component---newResourceUnit--btnAddTimeSegment","interaction":{"idSuffix":"inner"}},"wdio_ui5_key":"applicationmanageresources-display-component---newResourceUnit--btnAddTimeSegment"}]}
RESULT: undefined
COMMAND: POST /session/e8ae643ad1a7d9f9ee71b330bca2e34d/element - {"using":"xpath","value":"//*[@id=\"application-manageresources-display-component---newResourceUnit--btnAddTimeSegment\"]"}
RESULT: {}
RESULT: {"using":"xpath","value":"//*[@id=\"application-manageresources-display-component---newResourceUnit--btnAddTimeSegment\"]"}
COMMAND: POST /session/e8ae643ad1a7d9f9ee71b330bca2e34d/element/f.804597995EEA20368E99A2927B0C1762.d.740081E811616F10FF729A5C17BABDA3.e.13640/click - {}
RESULT: {}
COMMAND: GET /session/e8ae643ad1a7d9f9ee71b330bca2e34d/screenshot - {}
RESULT: {}
COMMAND: POST /session/e8ae643ad1a7d9f9ee71b330bca2e34d/element - {"using":"xpath","value":"//input[@id=\"application-manageresources-display-component---newResourceUnit--idRuTSAdmin-application-manageresources-display-component---newResourceUnit--RUTimeSegment-0-inner\"]"}
RESULT: {"using":"xpath","value":"//input[@id=\"application-manageresources-display-component---newResourceUnit--idRuTSAdmin-application-manageresources-display-component---newResourceUnit--RUTimeSegment-0-inner\"]"}
COMMAND: POST /session/e8ae643ad1a7d9f9ee71b330bca2e34d/element/f.804597995EEA20368E99A2927B0C1762.d.740081E811616F10FF729A5C17BABDA3.e.13646/clear - {}
RESULT: {}
COMMAND: POST /session/e8ae643ad1a7d9f9ee71b330bca2e34d/element/f.804597995EEA20368E99A2927B0C1762.d.740081E811616F10FF729A5C17BABDA3.e.13646/value - {"text":"373"}
COMMAND: GET /session/e8ae643ad1a7d9f9ee71b330bca2e34d/screenshot - {}
RESULT: {"text":"373"}
COMMAND: GET /session/e8ae643ad1a7d9f9ee71b330bca2e34d/screenshot - {}
RESULT: {}
RESULT: {}
COMMAND: POST /session/e8ae643ad1a7d9f9ee71b330bca2e34d/element - {"using":"xpath","value":"//li[.//span[text()='373']]"}
RESULT: {"using":"xpath","value":"//li[.//span[text()='373']]"}
COMMAND: POST /session/e8ae643ad1a7d9f9ee71b330bca2e34d/element/f.804597995EEA20368E99A2927B0C1762.d.740081E811616F10FF729A5C17BABDA3.e.13658/click - {}
RESULT: {}
COMMAND: GET /session/e8ae643ad1a7d9f9ee71b330bca2e34d/screenshot - {}
RESULT: {}
COMMAND: POST /session/e8ae643ad1a7d9f9ee71b330bca2e34d/element - {"using":"xpath","value":"(//span[contains(@id, \"-application-manageresources-display-component---newResourceUnit--RUTimeSegment-0-arrow\")])[6]"}
RESULT: {"using":"xpath","value":"(//span[contains(@id, \"-application-manageresources-display-component---newResourceUnit--RUTimeSegment-0-arrow\")])[6]"}
COMMAND: POST /session/e8ae643ad1a7d9f9ee71b330bca2e34d/element/f.804597995EEA20368E99A2927B0C1762.d.740081E811616F10FF729A5C17BABDA3.e.13659/click - {}
RESULT: {}
COMMAND: POST /session/e8ae643ad1a7d9f9ee71b330bca2e34d/element - {"using":"xpath","value":"//span[contains(text(), \"PM Order\")]"}
COMMAND: GET /session/e8ae643ad1a7d9f9ee71b330bca2e34d/screenshot - {}
RESULT: {"using":"xpath","value":"//span[contains(text(), \"PM Order\")]"}
COMMAND: POST /session/e8ae643ad1a7d9f9ee71b330bca2e34d/element/f.804597995EEA20368E99A2927B0C1762.d.740081E811616F10FF729A5C17BABDA3.e.13662/click - {}
RESULT: {}
RESULT: {}
COMMAND: GET /session/e8ae643ad1a7d9f9ee71b330bca2e34d/screenshot - {}
RESULT: {}
COMMAND: POST /session/e8ae643ad1a7d9f9ee71b330bca2e34d/element - {"using":"xpath","value":"(//span[contains(@id ,\"manageresources-display-component---newResourceUnit--RUTimeSegment-0-vhi\")])[2]"}
RESULT: {"using":"xpath","value":"(//span[contains(@id ,\"manageresources-display-component---newResourceUnit--RUTimeSegment-0-vhi\")])[2]"}
COMMAND: POST /session/e8ae643ad1a7d9f9ee71b330bca2e34d/element/f.804597995EEA20368E99A2927B0C1762.d.740081E811616F10FF729A5C17BABDA3.e.13665/click - {}
RESULT: {}
COMMAND: GET /session/e8ae643ad1a7d9f9ee71b330bca2e34d/screenshot - {}
RESULT: {}
COMMAND: POST /session/e8ae643ad1a7d9f9ee71b330bca2e34d/execute/async - {"script":"<script> [1562 bytes]","args":[{"selector":{"controlType":"sap.m.SearchField","properties":{"placeholder":"Search"},"searchOpenDialogs":true,"interaction":{"idSuffix":"I"}},"wdio_ui5_key":"sapm.SearchField{\"placeholder\":\"Search\"}"}]}
RESULT: {"script":"<script> [1562 bytes]","args":[{"selector":{"controlType":"sap.m.SearchField","properties":{"placeholder":"Search"},"searchOpenDialogs":true,"interaction":{"idSuffix":"I"}},"wdio_ui5_key":"sapm.SearchField{\"placeholder\":\"Search\"}"}]}
RESULT: undefined
COMMAND: POST /session/e8ae643ad1a7d9f9ee71b330bca2e34d/execute/async - {"script":"<script> [776 bytes]","args":[{"enterText":"4000360","selector":{"controlType":"sap.m.SearchField","properties":{"placeholder":"Search"},"searchOpenDialogs":true,"interaction":{"idSuffix":"I"}},"clearTextFirst":true,"interactionType":"ENTER_TEXT"}]}
RESULT: {"script":"<script> [776 bytes]","args":[{"enterText":"4000360","selector":{"controlType":"sap.m.SearchField","properties":{"placeholder":"Search"},"searchOpenDialogs":true,"interaction":{"idSuffix":"I"}},"clearTextFirst":true,"interactionType":"ENTER_TEXT"}]}
COMMAND: POST /session/e8ae643ad1a7d9f9ee71b330bca2e34d/actions - {"actions":[{"id":"action45","type":"key","parameters":{},"actions":[{"type":"keyDown","value":""},{"type":"pause","duration":10},{"type":"keyUp","value":""}]}]}
RESULT: {"actions":[{"id":"action45","type":"key","parameters":{},"actions":[{"type":"keyDown","value":""},{"type":"pause","duration":10},{"type":"keyUp","value":""}]}]}
COMMAND: GET /session/e8ae643ad1a7d9f9ee71b330bca2e34d/screenshot - {}
RESULT: {}
COMMAND: POST /session/e8ae643ad1a7d9f9ee71b330bca2e34d/element - {"using":"xpath","value":"//td/div/span[contains(text(), \"BGL Vehicles\")]"}
RESULT: {"using":"xpath","value":"//td/div/span[contains(text(), \"BGL Vehicles\")]"}
COMMAND: POST /session/e8ae643ad1a7d9f9ee71b330bca2e34d/element/f.804597995EEA20368E99A2927B0C1762.d.740081E811616F10FF729A5C17BABDA3.e.13685/click - {}
RESULT: {}
COMMAND: GET /session/e8ae643ad1a7d9f9ee71b330bca2e34d/screenshot - {}
RESULT: {}
COMMAND: POST /session/e8ae643ad1a7d9f9ee71b330bca2e34d/element - {"using":"xpath","value":"//bdi[contains(text(), \"OK\")]"}
RESULT: {"using":"xpath","value":"//bdi[contains(text(), \"OK\")]"}
COMMAND: POST /session/e8ae643ad1a7d9f9ee71b330bca2e34d/element/f.804597995EEA20368E99A2927B0C1762.d.740081E811616F10FF729A5C17BABDA3.e.13686/click - {}
RESULT: {}
COMMAND: GET /session/e8ae643ad1a7d9f9ee71b330bca2e34d/screenshot - {}
RESULT: {}
COMMAND: POST /session/e8ae643ad1a7d9f9ee71b330bca2e34d/execute/async - {"script":"<script> [1562 bytes]","args":[{"selector":{"id":"application-manageresources-display-component---newResourceUnit--newRRUPage-anchBar-application-manageresources-display-component---newResourceUnit--resource-anchor","interaction":{"idSuffix":"BDI-content"}},"wdio_ui5_key":"applicationmanageresources-display-component---newResourceUnit--newRRUPage-anchBar-application-manageresources-display-component---newResourceUnit--resource-anchor"}]}
RESULT: {"script":"<script> [1562 bytes]","args":[{"selector":{"id":"application-manageresources-display-component---newResourceUnit--newRRUPage-anchBar-application-manageresources-display-component---newResourceUnit--resource-anchor","interaction":{"idSuffix":"BDI-content"}},"wdio_ui5_key":"applicationmanageresources-display-component---newResourceUnit--newRRUPage-anchBar-application-manageresources-display-component---newResourceUnit--resource-anchor"}]}
RESULT: undefined
COMMAND: POST /session/e8ae643ad1a7d9f9ee71b330bca2e34d/element - {"using":"xpath","value":"//*[@id=\"application-manageresources-display-component---newResourceUnit--newRRUPage-anchBar-application-manageresources-display-component---newResourceUnit--resource-anchor\"]"}
RESULT: {"using":"xpath","value":"//*[@id=\"application-manageresources-display-component---newResourceUnit--newRRUPage-anchBar-application-manageresources-display-component---newResourceUnit--resource-anchor\"]"}
COMMAND: POST /session/e8ae643ad1a7d9f9ee71b330bca2e34d/element/f.804597995EEA20368E99A2927B0C1762.d.740081E811616F10FF729A5C17BABDA3.e.13690/click - {}
RESULT: {}
COMMAND: POST /session/e8ae643ad1a7d9f9ee71b330bca2e34d/execute/async - {"script":"<script> [1562 bytes]","args":[{"selector":{"id":"application-manageresources-display-component---newResourceUnit--PLANNED_DELIVERY_DATE","interaction":{"idSuffix":"inner"}},"wdio_ui5_key":"applicationmanageresources-display-component---newResourceUnit--PLANNED_DELIVERY_DATE"}]}
COMMAND: GET /session/e8ae643ad1a7d9f9ee71b330bca2e34d/screenshot - {}
RESULT: {"script":"<script> [1562 bytes]","args":[{"selector":{"id":"application-manageresources-display-component---newResourceUnit--PLANNED_DELIVERY_DATE","interaction":{"idSuffix":"inner"}},"wdio_ui5_key":"applicationmanageresources-display-component---newResourceUnit--PLANNED_DELIVERY_DATE"}]}
RESULT: undefined
COMMAND: POST /session/e8ae643ad1a7d9f9ee71b330bca2e34d/execute/async - {"script":"<script> [6424 bytes]","args":[{"element-6066-11e4-a52e-4f735466cecf":"f.804597995EEA20368E99A2927B0C1762.d.740081E811616F10FF729A5C17BABDA3.e.13553"},"setValue",["4/15/25"]]}
RESULT: {}
RESULT: {"script":"<script> [6424 bytes]","args":[{"element-6066-11e4-a52e-4f735466cecf":"f.804597995EEA20368E99A2927B0C1762.d.740081E811616F10FF729A5C17BABDA3.e.13553"},"setValue",["4/15/25"]]}
COMMAND: POST /session/e8ae643ad1a7d9f9ee71b330bca2e34d/element - {"using":"xpath","value":"//button[@data-kt=\"resourceUnitSaveButton\"]"}
RESULT: {"using":"xpath","value":"//button[@data-kt=\"resourceUnitSaveButton\"]"}
COMMAND: POST /session/e8ae643ad1a7d9f9ee71b330bca2e34d/element/f.804597995EEA20368E99A2927B0C1762.d.740081E811616F10FF729A5C17BABDA3.e.13513/click - {}
RESULT: {}
COMMAND: GET /session/e8ae643ad1a7d9f9ee71b330bca2e34d/screenshot - {}
RESULT: {}
COMMAND: POST /session/e8ae643ad1a7d9f9ee71b330bca2e34d/element - {"using":"xpath","value":"//bdi[contains(text(), \"Close\")]"}
RESULT: {"using":"xpath","value":"//bdi[contains(text(), \"Close\")]"}
COMMAND: POST /session/e8ae643ad1a7d9f9ee71b330bca2e34d/element/f.804597995EEA20368E99A2927B0C1762.d.740081E811616F10FF729A5C17BABDA3.e.13698/click - {}
RESULT: {}
COMMAND: GET /session/e8ae643ad1a7d9f9ee71b330bca2e34d/screenshot - {}
RESULT: {}
COMMAND: POST /session/e8ae643ad1a7d9f9ee71b330bca2e34d/element - {"using":"xpath","value":"(//button[contains(@id ,\"actionsToolbar-overflowButton\")])[1]"}
RESULT: {"using":"xpath","value":"(//button[contains(@id ,\"actionsToolbar-overflowButton\")])[1]"}
COMMAND: POST /session/e8ae643ad1a7d9f9ee71b330bca2e34d/element/f.804597995EEA20368E99A2927B0C1762.d.740081E811616F10FF729A5C17BABDA3.e.13726/click - {}
RESULT: {}
COMMAND: GET /session/e8ae643ad1a7d9f9ee71b330bca2e34d/screenshot - {}
RESULT: {}
COMMAND: POST /session/e8ae643ad1a7d9f9ee71b330bca2e34d/element - {"using":"xpath","value":"//button[@data-kt=\"priceInfoButton\"]"}
RESULT: {"using":"xpath","value":"//button[@data-kt=\"priceInfoButton\"]"}
COMMAND: POST /session/e8ae643ad1a7d9f9ee71b330bca2e34d/element/f.804597995EEA20368E99A2927B0C1762.d.740081E811616F10FF729A5C17BABDA3.e.13728/click - {}
RESULT: {}
COMMAND: GET /session/e8ae643ad1a7d9f9ee71b330bca2e34d/screenshot - {}
]]></system-out>
    </testcase>
    <testcase classname="chrome.135_0_7049_42.windows.Billing_transfer_US117289" name="Should create new pricing rule" time="47.41">
      <system-out><![CDATA[
COMMAND: POST /session/e8ae643ad1a7d9f9ee71b330bca2e34d/element - {"using":"xpath","value":"//button[@data-kt=\"addButton\"]"}
RESULT: {}
RESULT: {"using":"xpath","value":"//button[@data-kt=\"addButton\"]"}
COMMAND: POST /session/e8ae643ad1a7d9f9ee71b330bca2e34d/elements - {"using":"xpath","value":"//button[@data-kt=\"addButton\"]"}
RESULT: {"using":"xpath","value":"//button[@data-kt=\"addButton\"]"}
COMMAND: POST /session/e8ae643ad1a7d9f9ee71b330bca2e34d/execute/sync - {"script":"<script> [8489 bytes]","args":[{"element-6066-11e4-a52e-4f735466cecf":"f.804597995EEA20368E99A2927B0C1762.d.740081E811616F10FF729A5C17BABDA3.e.13764","ELEMENT":"f.804597995EEA20368E99A2927B0C1762.d.740081E811616F10FF729A5C17BABDA3.e.13764"}]}
RESULT: {"script":"<script> [8489 bytes]","args":[{"element-6066-11e4-a52e-4f735466cecf":"f.804597995EEA20368E99A2927B0C1762.d.740081E811616F10FF729A5C17BABDA3.e.13764","ELEMENT":"f.804597995EEA20368E99A2927B0C1762.d.740081E811616F10FF729A5C17BABDA3.e.13764"}]}
COMMAND: GET /session/e8ae643ad1a7d9f9ee71b330bca2e34d/element/f.804597995EEA20368E99A2927B0C1762.d.740081E811616F10FF729A5C17BABDA3.e.13764/enabled - {}
COMMAND: GET /session/e8ae643ad1a7d9f9ee71b330bca2e34d/screenshot - {}
RESULT: {}
COMMAND: POST /session/e8ae643ad1a7d9f9ee71b330bca2e34d/execute/sync - {"script":"<script> [8489 bytes]","args":[{"element-6066-11e4-a52e-4f735466cecf":"f.804597995EEA20368E99A2927B0C1762.d.740081E811616F10FF729A5C17BABDA3.e.13764","ELEMENT":"f.804597995EEA20368E99A2927B0C1762.d.740081E811616F10FF729A5C17BABDA3.e.13764"}]}
COMMAND: GET /session/e8ae643ad1a7d9f9ee71b330bca2e34d/screenshot - {}
RESULT: {}
RESULT: {"script":"<script> [8489 bytes]","args":[{"element-6066-11e4-a52e-4f735466cecf":"f.804597995EEA20368E99A2927B0C1762.d.740081E811616F10FF729A5C17BABDA3.e.13764","ELEMENT":"f.804597995EEA20368E99A2927B0C1762.d.740081E811616F10FF729A5C17BABDA3.e.13764"}]}
COMMAND: POST /session/e8ae643ad1a7d9f9ee71b330bca2e34d/execute/sync - {"script":"<script> [5351 bytes]","args":[{"element-6066-11e4-a52e-4f735466cecf":"f.804597995EEA20368E99A2927B0C1762.d.740081E811616F10FF729A5C17BABDA3.e.13764","ELEMENT":"f.804597995EEA20368E99A2927B0C1762.d.740081E811616F10FF729A5C17BABDA3.e.13764"}]}
COMMAND: GET /session/e8ae643ad1a7d9f9ee71b330bca2e34d/screenshot - {}
RESULT: {}
RESULT: {"script":"<script> [5351 bytes]","args":[{"element-6066-11e4-a52e-4f735466cecf":"f.804597995EEA20368E99A2927B0C1762.d.740081E811616F10FF729A5C17BABDA3.e.13764","ELEMENT":"f.804597995EEA20368E99A2927B0C1762.d.740081E811616F10FF729A5C17BABDA3.e.13764"}]}
COMMAND: POST /session/e8ae643ad1a7d9f9ee71b330bca2e34d/element/f.804597995EEA20368E99A2927B0C1762.d.740081E811616F10FF729A5C17BABDA3.e.13764/click - {}
COMMAND: GET /session/e8ae643ad1a7d9f9ee71b330bca2e34d/screenshot - {}
RESULT: {}
RESULT: {}
COMMAND: GET /session/e8ae643ad1a7d9f9ee71b330bca2e34d/screenshot - {}
RESULT: {}
RESULT: {}
COMMAND: POST /session/e8ae643ad1a7d9f9ee71b330bca2e34d/execute/async - {"script":"<script> [1562 bytes]","args":[{"selector":{"controlType":"sap.m.Title","viewName":"etm.portal.ui.managepricingrules.view.NewItem","viewId":"application-managepricingrules-display-component---newInfoPriceItem","properties":{"text":"New Pricing Rules - Item Level"}},"wdio_ui5_key":"etmportal.ui.managepricingrules.view.NewItemsap.m.Title{\"text\":\"New Pricing Rules - Item Level\"}"}]}
RESULT: {"script":"<script> [1562 bytes]","args":[{"selector":{"controlType":"sap.m.Title","viewName":"etm.portal.ui.managepricingrules.view.NewItem","viewId":"application-managepricingrules-display-component---newInfoPriceItem","properties":{"text":"New Pricing Rules - Item Level"}},"wdio_ui5_key":"etmportal.ui.managepricingrules.view.NewItemsap.m.Title{\"text\":\"New Pricing Rules - Item Level\"}"}]}
RESULT: undefined
COMMAND: POST /session/e8ae643ad1a7d9f9ee71b330bca2e34d/execute/async - {"script":"<script> [6424 bytes]","args":[{"element-6066-11e4-a52e-4f735466cecf":"f.804597995EEA20368E99A2927B0C1762.d.740081E811616F10FF729A5C17BABDA3.e.13934"},"getText",[]]}
RESULT: {"script":"<script> [6424 bytes]","args":[{"element-6066-11e4-a52e-4f735466cecf":"f.804597995EEA20368E99A2927B0C1762.d.740081E811616F10FF729A5C17BABDA3.e.13934"},"getText",[]]}
COMMAND: POST /session/e8ae643ad1a7d9f9ee71b330bca2e34d/execute/async - {"script":"<script> [1562 bytes]","args":[{"selector":{"id":"application-managepricingrules-display-component---newInfoPriceItem--condValidTo","interaction":{"idSuffix":"inner"}},"wdio_ui5_key":"applicationmanagepricingrules-display-component---newInfoPriceItem--condValidTo"}]}
RESULT: {"script":"<script> [1562 bytes]","args":[{"selector":{"id":"application-managepricingrules-display-component---newInfoPriceItem--condValidTo","interaction":{"idSuffix":"inner"}},"wdio_ui5_key":"applicationmanagepricingrules-display-component---newInfoPriceItem--condValidTo"}]}
RESULT: undefined
COMMAND: POST /session/e8ae643ad1a7d9f9ee71b330bca2e34d/execute/async - {"script":"<script> [776 bytes]","args":[{"enterText":"12/15/25","selector":{"id":"application-managepricingrules-display-component---newInfoPriceItem--condValidTo","interaction":{"idSuffix":"inner"}},"clearTextFirst":true,"interactionType":"ENTER_TEXT"}]}
RESULT: {"script":"<script> [776 bytes]","args":[{"enterText":"12/15/25","selector":{"id":"application-managepricingrules-display-component---newInfoPriceItem--condValidTo","interaction":{"idSuffix":"inner"}},"clearTextFirst":true,"interactionType":"ENTER_TEXT"}]}
COMMAND: POST /session/e8ae643ad1a7d9f9ee71b330bca2e34d/execute/async - {"script":"<script> [1562 bytes]","args":[{"selector":{"id":"application-managepricingrules-display-component---newInfoPriceItem--billType-arrow"},"wdio_ui5_key":"applicationmanagepricingrules-display-component---newInfoPriceItem--billType-arrow"}]}
RESULT: {"script":"<script> [1562 bytes]","args":[{"selector":{"id":"application-managepricingrules-display-component---newInfoPriceItem--billType-arrow"},"wdio_ui5_key":"applicationmanagepricingrules-display-component---newInfoPriceItem--billType-arrow"}]}
RESULT: undefined
COMMAND: POST /session/e8ae643ad1a7d9f9ee71b330bca2e34d/element - {"using":"xpath","value":"//*[@id=\"application-managepricingrules-display-component---newInfoPriceItem--billType-arrow\"]"}
RESULT: {"using":"xpath","value":"//*[@id=\"application-managepricingrules-display-component---newInfoPriceItem--billType-arrow\"]"}
COMMAND: POST /session/e8ae643ad1a7d9f9ee71b330bca2e34d/element/f.804597995EEA20368E99A2927B0C1762.d.740081E811616F10FF729A5C17BABDA3.e.13894/click - {}
RESULT: {}
COMMAND: POST /session/e8ae643ad1a7d9f9ee71b330bca2e34d/element - {"using":"xpath","value":"//span[contains(text(), \"TB - Time based\")]"}
COMMAND: GET /session/e8ae643ad1a7d9f9ee71b330bca2e34d/screenshot - {}
RESULT: {"using":"xpath","value":"//span[contains(text(), \"TB - Time based\")]"}
COMMAND: POST /session/e8ae643ad1a7d9f9ee71b330bca2e34d/element/f.804597995EEA20368E99A2927B0C1762.d.740081E811616F10FF729A5C17BABDA3.e.13936/click - {}
RESULT: {}
RESULT: {}
COMMAND: POST /session/e8ae643ad1a7d9f9ee71b330bca2e34d/execute/async - {"script":"<script> [1562 bytes]","args":[{"selector":{"id":"application-managepricingrules-display-component---newInfoPriceItem--priceProc-arrow"},"wdio_ui5_key":"applicationmanagepricingrules-display-component---newInfoPriceItem--priceProc-arrow"}]}
COMMAND: GET /session/e8ae643ad1a7d9f9ee71b330bca2e34d/screenshot - {}
RESULT: {"script":"<script> [1562 bytes]","args":[{"selector":{"id":"application-managepricingrules-display-component---newInfoPriceItem--priceProc-arrow"},"wdio_ui5_key":"applicationmanagepricingrules-display-component---newInfoPriceItem--priceProc-arrow"}]}
RESULT: undefined
COMMAND: POST /session/e8ae643ad1a7d9f9ee71b330bca2e34d/element - {"using":"xpath","value":"//*[@id=\"application-managepricingrules-display-component---newInfoPriceItem--priceProc-arrow\"]"}
RESULT: {}
RESULT: {"using":"xpath","value":"//*[@id=\"application-managepricingrules-display-component---newInfoPriceItem--priceProc-arrow\"]"}
COMMAND: POST /session/e8ae643ad1a7d9f9ee71b330bca2e34d/element/f.804597995EEA20368E99A2927B0C1762.d.740081E811616F10FF729A5C17BABDA3.e.13901/click - {}
RESULT: {}
COMMAND: POST /session/e8ae643ad1a7d9f9ee71b330bca2e34d/element - {"using":"xpath","value":"//span[contains(text(), \"TBS - Time based standard\")]"}
COMMAND: GET /session/e8ae643ad1a7d9f9ee71b330bca2e34d/screenshot - {}
RESULT: {"using":"xpath","value":"//span[contains(text(), \"TBS - Time based standard\")]"}
COMMAND: POST /session/e8ae643ad1a7d9f9ee71b330bca2e34d/element/f.804597995EEA20368E99A2927B0C1762.d.740081E811616F10FF729A5C17BABDA3.e.13937/click - {}
RESULT: {}
RESULT: {}
COMMAND: POST /session/e8ae643ad1a7d9f9ee71b330bca2e34d/execute/async - {"script":"<script> [1562 bytes]","args":[{"selector":{"id":"application-managepricingrules-display-component---newInfoPriceItem--calcBase-arrow"},"wdio_ui5_key":"applicationmanagepricingrules-display-component---newInfoPriceItem--calcBase-arrow"}]}
COMMAND: GET /session/e8ae643ad1a7d9f9ee71b330bca2e34d/screenshot - {}
RESULT: {"script":"<script> [1562 bytes]","args":[{"selector":{"id":"application-managepricingrules-display-component---newInfoPriceItem--calcBase-arrow"},"wdio_ui5_key":"applicationmanagepricingrules-display-component---newInfoPriceItem--calcBase-arrow"}]}
RESULT: undefined
COMMAND: POST /session/e8ae643ad1a7d9f9ee71b330bca2e34d/element - {"using":"xpath","value":"//*[@id=\"application-managepricingrules-display-component---newInfoPriceItem--calcBase-arrow\"]"}
RESULT: {}
RESULT: {"using":"xpath","value":"//*[@id=\"application-managepricingrules-display-component---newInfoPriceItem--calcBase-arrow\"]"}
COMMAND: POST /session/e8ae643ad1a7d9f9ee71b330bca2e34d/element/f.804597995EEA20368E99A2927B0C1762.d.740081E811616F10FF729A5C17BABDA3.e.13908/click - {}
RESULT: {}
COMMAND: GET /session/e8ae643ad1a7d9f9ee71b330bca2e34d/screenshot - {}
RESULT: {}
COMMAND: POST /session/e8ae643ad1a7d9f9ee71b330bca2e34d/element - {"using":"xpath","value":"//span[contains(text(), \"0006 - TB(calendar days)\")]"}
RESULT: {"using":"xpath","value":"//span[contains(text(), \"0006 - TB(calendar days)\")]"}
COMMAND: POST /session/e8ae643ad1a7d9f9ee71b330bca2e34d/element/f.804597995EEA20368E99A2927B0C1762.d.740081E811616F10FF729A5C17BABDA3.e.13938/click - {}
RESULT: {}
COMMAND: GET /session/e8ae643ad1a7d9f9ee71b330bca2e34d/screenshot - {}
RESULT: {}
COMMAND: POST /session/e8ae643ad1a7d9f9ee71b330bca2e34d/execute/async - {"script":"<script> [1562 bytes]","args":[{"selector":{"id":"application-managepricingrules-display-component---newInfoPriceItem--daysMonth","interaction":{"idSuffix":"inner"}},"wdio_ui5_key":"applicationmanagepricingrules-display-component---newInfoPriceItem--daysMonth"}]}
RESULT: {"script":"<script> [1562 bytes]","args":[{"selector":{"id":"application-managepricingrules-display-component---newInfoPriceItem--daysMonth","interaction":{"idSuffix":"inner"}},"wdio_ui5_key":"applicationmanagepricingrules-display-component---newInfoPriceItem--daysMonth"}]}
RESULT: undefined
COMMAND: POST /session/e8ae643ad1a7d9f9ee71b330bca2e34d/execute/async - {"script":"<script> [776 bytes]","args":[{"enterText":"30","selector":{"id":"application-managepricingrules-display-component---newInfoPriceItem--daysMonth","interaction":{"idSuffix":"inner"}},"clearTextFirst":true,"interactionType":"ENTER_TEXT"}]}
RESULT: {"script":"<script> [776 bytes]","args":[{"enterText":"30","selector":{"id":"application-managepricingrules-display-component---newInfoPriceItem--daysMonth","interaction":{"idSuffix":"inner"}},"clearTextFirst":true,"interactionType":"ENTER_TEXT"}]}
COMMAND: POST /session/e8ae643ad1a7d9f9ee71b330bca2e34d/element - {"using":"xpath","value":"//button[@data-kt=\"saveNewRuleButton\"]"}
RESULT: {"using":"xpath","value":"//button[@data-kt=\"saveNewRuleButton\"]"}
COMMAND: POST /session/e8ae643ad1a7d9f9ee71b330bca2e34d/element/f.804597995EEA20368E99A2927B0C1762.d.740081E811616F10FF729A5C17BABDA3.e.13928/click - {}
RESULT: {}
COMMAND: GET /session/e8ae643ad1a7d9f9ee71b330bca2e34d/screenshot - {}
RESULT: {}
COMMAND: POST /session/e8ae643ad1a7d9f9ee71b330bca2e34d/execute/async - {"script":"<script> [1562 bytes]","args":[{"selector":{"id":"application-managepricingrules-display-component---priceInfoItem--smartFilterBar-btnBasicSearch","interaction":{"idSuffix":"I"}},"wdio_ui5_key":"applicationmanagepricingrules-display-component---priceInfoItem--smartFilterBar-btnBasicSearch"}]}
RESULT: {"script":"<script> [1562 bytes]","args":[{"selector":{"id":"application-managepricingrules-display-component---priceInfoItem--smartFilterBar-btnBasicSearch","interaction":{"idSuffix":"I"}},"wdio_ui5_key":"applicationmanagepricingrules-display-component---priceInfoItem--smartFilterBar-btnBasicSearch"}]}
RESULT: undefined
COMMAND: POST /session/e8ae643ad1a7d9f9ee71b330bca2e34d/execute/async - {"script":"<script> [776 bytes]","args":[{"enterText":"q5f0Swu5k7","selector":{"id":"application-managepricingrules-display-component---priceInfoItem--smartFilterBar-btnBasicSearch","interaction":{"idSuffix":"I"}},"clearTextFirst":true,"interactionType":"ENTER_TEXT"}]}
RESULT: {"script":"<script> [776 bytes]","args":[{"enterText":"q5f0Swu5k7","selector":{"id":"application-managepricingrules-display-component---priceInfoItem--smartFilterBar-btnBasicSearch","interaction":{"idSuffix":"I"}},"clearTextFirst":true,"interactionType":"ENTER_TEXT"}]}
COMMAND: POST /session/e8ae643ad1a7d9f9ee71b330bca2e34d/actions - {"actions":[{"id":"action46","type":"key","parameters":{},"actions":[{"type":"keyDown","value":""},{"type":"pause","duration":10},{"type":"keyUp","value":""}]}]}
RESULT: {"actions":[{"id":"action46","type":"key","parameters":{},"actions":[{"type":"keyDown","value":""},{"type":"pause","duration":10},{"type":"keyUp","value":""}]}]}
COMMAND: GET /session/e8ae643ad1a7d9f9ee71b330bca2e34d/screenshot - {}
RESULT: {}
COMMAND: POST /session/e8ae643ad1a7d9f9ee71b330bca2e34d/element - {"using":"xpath","value":"//span[@id=\"application-managepricingrules-display-component---priceInfoItem--smartTable-header-inner\"]"}
RESULT: {"using":"xpath","value":"//span[@id=\"application-managepricingrules-display-component---priceInfoItem--smartTable-header-inner\"]"}
COMMAND: POST /session/e8ae643ad1a7d9f9ee71b330bca2e34d/elements - {"using":"xpath","value":"//span[@id=\"application-managepricingrules-display-component---priceInfoItem--smartTable-header-inner\"]"}
RESULT: {"using":"xpath","value":"//span[@id=\"application-managepricingrules-display-component---priceInfoItem--smartTable-header-inner\"]"}
COMMAND: POST /session/e8ae643ad1a7d9f9ee71b330bca2e34d/execute/sync - {"script":"<script> [56 bytes]","args":[{"element-6066-11e4-a52e-4f735466cecf":"f.804597995EEA20368E99A2927B0C1762.d.740081E811616F10FF729A5C17BABDA3.e.13952","ELEMENT":"f.804597995EEA20368E99A2927B0C1762.d.740081E811616F10FF729A5C17BABDA3.e.13952"}]}
RESULT: {"script":"<script> [56 bytes]","args":[{"element-6066-11e4-a52e-4f735466cecf":"f.804597995EEA20368E99A2927B0C1762.d.740081E811616F10FF729A5C17BABDA3.e.13952","ELEMENT":"f.804597995EEA20368E99A2927B0C1762.d.740081E811616F10FF729A5C17BABDA3.e.13952"}]}
COMMAND: POST /session/e8ae643ad1a7d9f9ee71b330bca2e34d/element - {"using":"css selector","value":"#shell-header-logo"}
COMMAND: GET /session/e8ae643ad1a7d9f9ee71b330bca2e34d/screenshot - {}
RESULT: {"using":"css selector","value":"#shell-header-logo"}
COMMAND: POST /session/e8ae643ad1a7d9f9ee71b330bca2e34d/element/f.804597995EEA20368E99A2927B0C1762.d.740081E811616F10FF729A5C17BABDA3.e.13098/click - {}
RESULT: {}
RESULT: {}
COMMAND: GET /session/e8ae643ad1a7d9f9ee71b330bca2e34d/screenshot - {}
RESULT: {}
]]></system-out>
    </testcase>
    <testcase classname="chrome.135_0_7049_42.windows.Billing_transfer_US117289" name="Should create new condition for equipment" time="63.451">
      <system-out><![CDATA[
COMMAND: POST /session/e8ae643ad1a7d9f9ee71b330bca2e34d/execute/async - {"script":"<script> [1562 bytes]","args":[{"selector":{"controlType":"sap.m.Text","properties":{"text":"Manage Conditions & Prices"},"interaction":{"idSuffix":"inner"}},"wdio_ui5_key":"sapm.Text{\"text\":\"Manage Conditions & Prices\"}"}]}
RESULT: {"script":"<script> [1562 bytes]","args":[{"selector":{"controlType":"sap.m.Text","properties":{"text":"Manage Conditions & Prices"},"interaction":{"idSuffix":"inner"}},"wdio_ui5_key":"sapm.Text{\"text\":\"Manage Conditions & Prices\"}"}]}
RESULT: undefined
COMMAND: POST /session/e8ae643ad1a7d9f9ee71b330bca2e34d/element - {"using":"xpath","value":"//*[@id=\"__tile53-title\"]"}
RESULT: {"using":"xpath","value":"//*[@id=\"__tile53-title\"]"}
COMMAND: POST /session/e8ae643ad1a7d9f9ee71b330bca2e34d/element/f.804597995EEA20368E99A2927B0C1762.d.740081E811616F10FF729A5C17BABDA3.e.13955/click - {}
RESULT: {}
COMMAND: POST /session/e8ae643ad1a7d9f9ee71b330bca2e34d/element - {"using":"xpath","value":"//button[@aria-label=\"Create\"]"}
COMMAND: GET /session/e8ae643ad1a7d9f9ee71b330bca2e34d/screenshot - {}
RESULT: {"using":"xpath","value":"//button[@aria-label=\"Create\"]"}
COMMAND: POST /session/e8ae643ad1a7d9f9ee71b330bca2e34d/elements - {"using":"xpath","value":"//button[@aria-label=\"Create\"]"}
RESULT: {}
RESULT: {"using":"xpath","value":"//button[@aria-label=\"Create\"]"}
COMMAND: POST /session/e8ae643ad1a7d9f9ee71b330bca2e34d/element - {"using":"xpath","value":"//button[@aria-label=\"Create\"]"}
RESULT: {"using":"xpath","value":"//button[@aria-label=\"Create\"]"}
COMMAND: POST /session/e8ae643ad1a7d9f9ee71b330bca2e34d/execute/sync - {"script":"<script> [8489 bytes]","args":[{"element-6066-11e4-a52e-4f735466cecf":"f.804597995EEA20368E99A2927B0C1762.d.740081E811616F10FF729A5C17BABDA3.e.13989","ELEMENT":"f.804597995EEA20368E99A2927B0C1762.d.740081E811616F10FF729A5C17BABDA3.e.13989"}]}
RESULT: {"script":"<script> [8489 bytes]","args":[{"element-6066-11e4-a52e-4f735466cecf":"f.804597995EEA20368E99A2927B0C1762.d.740081E811616F10FF729A5C17BABDA3.e.13989","ELEMENT":"f.804597995EEA20368E99A2927B0C1762.d.740081E811616F10FF729A5C17BABDA3.e.13989"}]}
COMMAND: GET /session/e8ae643ad1a7d9f9ee71b330bca2e34d/element/f.804597995EEA20368E99A2927B0C1762.d.740081E811616F10FF729A5C17BABDA3.e.13989/enabled - {}
COMMAND: GET /session/e8ae643ad1a7d9f9ee71b330bca2e34d/screenshot - {}
RESULT: {}
COMMAND: POST /session/e8ae643ad1a7d9f9ee71b330bca2e34d/execute/sync - {"script":"<script> [8489 bytes]","args":[{"element-6066-11e4-a52e-4f735466cecf":"f.804597995EEA20368E99A2927B0C1762.d.740081E811616F10FF729A5C17BABDA3.e.13989","ELEMENT":"f.804597995EEA20368E99A2927B0C1762.d.740081E811616F10FF729A5C17BABDA3.e.13989"}]}
COMMAND: GET /session/e8ae643ad1a7d9f9ee71b330bca2e34d/screenshot - {}
RESULT: {}
RESULT: {"script":"<script> [8489 bytes]","args":[{"element-6066-11e4-a52e-4f735466cecf":"f.804597995EEA20368E99A2927B0C1762.d.740081E811616F10FF729A5C17BABDA3.e.13989","ELEMENT":"f.804597995EEA20368E99A2927B0C1762.d.740081E811616F10FF729A5C17BABDA3.e.13989"}]}
COMMAND: POST /session/e8ae643ad1a7d9f9ee71b330bca2e34d/execute/sync - {"script":"<script> [5351 bytes]","args":[{"element-6066-11e4-a52e-4f735466cecf":"f.804597995EEA20368E99A2927B0C1762.d.740081E811616F10FF729A5C17BABDA3.e.13989","ELEMENT":"f.804597995EEA20368E99A2927B0C1762.d.740081E811616F10FF729A5C17BABDA3.e.13989"}]}
COMMAND: GET /session/e8ae643ad1a7d9f9ee71b330bca2e34d/screenshot - {}
RESULT: {}
RESULT: {"script":"<script> [5351 bytes]","args":[{"element-6066-11e4-a52e-4f735466cecf":"f.804597995EEA20368E99A2927B0C1762.d.740081E811616F10FF729A5C17BABDA3.e.13989","ELEMENT":"f.804597995EEA20368E99A2927B0C1762.d.740081E811616F10FF729A5C17BABDA3.e.13989"}]}
COMMAND: POST /session/e8ae643ad1a7d9f9ee71b330bca2e34d/element/f.804597995EEA20368E99A2927B0C1762.d.740081E811616F10FF729A5C17BABDA3.e.13989/click - {}
COMMAND: GET /session/e8ae643ad1a7d9f9ee71b330bca2e34d/screenshot - {}
RESULT: {}
RESULT: {}
COMMAND: GET /session/e8ae643ad1a7d9f9ee71b330bca2e34d/screenshot - {}
RESULT: {}
RESULT: {}
COMMAND: POST /session/e8ae643ad1a7d9f9ee71b330bca2e34d/actions - {"actions":[{"id":"action47","type":"key","parameters":{},"actions":[{"type":"keyDown","value":""},{"type":"pause","duration":10},{"type":"keyUp","value":""}]}]}
RESULT: {"actions":[{"id":"action47","type":"key","parameters":{},"actions":[{"type":"keyDown","value":""},{"type":"pause","duration":10},{"type":"keyUp","value":""}]}]}
COMMAND: GET /session/e8ae643ad1a7d9f9ee71b330bca2e34d/screenshot - {}
RESULT: {}
COMMAND: POST /session/e8ae643ad1a7d9f9ee71b330bca2e34d/execute/async - {"script":"<script> [1562 bytes]","args":[{"selector":{"id":"application-manageconditionprice-display-component---newCondition--condBillCond-arrow"},"wdio_ui5_key":"applicationmanageconditionprice-display-component---newCondition--condBillCond-arrow"}]}
RESULT: {"script":"<script> [1562 bytes]","args":[{"selector":{"id":"application-manageconditionprice-display-component---newCondition--condBillCond-arrow"},"wdio_ui5_key":"applicationmanageconditionprice-display-component---newCondition--condBillCond-arrow"}]}
RESULT: undefined
COMMAND: POST /session/e8ae643ad1a7d9f9ee71b330bca2e34d/element - {"using":"xpath","value":"//*[@id=\"application-manageconditionprice-display-component---newCondition--condBillCond-arrow\"]"}
RESULT: {"using":"xpath","value":"//*[@id=\"application-manageconditionprice-display-component---newCondition--condBillCond-arrow\"]"}
COMMAND: POST /session/e8ae643ad1a7d9f9ee71b330bca2e34d/element/f.804597995EEA20368E99A2927B0C1762.d.740081E811616F10FF729A5C17BABDA3.e.14168/click - {}
RESULT: {}
COMMAND: GET /session/e8ae643ad1a7d9f9ee71b330bca2e34d/screenshot - {}
RESULT: {}
COMMAND: POST /session/e8ae643ad1a7d9f9ee71b330bca2e34d/element - {"using":"xpath","value":"//li[.//span[contains(text(), \"DISP - D&I special price\")]]"}
RESULT: {"using":"xpath","value":"//li[.//span[contains(text(), \"DISP - D&I special price\")]]"}
COMMAND: POST /session/e8ae643ad1a7d9f9ee71b330bca2e34d/element/f.804597995EEA20368E99A2927B0C1762.d.740081E811616F10FF729A5C17BABDA3.e.14171/click - {}
RESULT: {}
COMMAND: GET /session/e8ae643ad1a7d9f9ee71b330bca2e34d/screenshot - {}
RESULT: {}
COMMAND: POST /session/e8ae643ad1a7d9f9ee71b330bca2e34d/execute/async - {"script":"<script> [1562 bytes]","args":[{"selector":{"id":"application-manageconditionprice-display-component---newCondition--condValidTo","interaction":{"idSuffix":"inner"}},"wdio_ui5_key":"applicationmanageconditionprice-display-component---newCondition--condValidTo"}]}
RESULT: {"script":"<script> [1562 bytes]","args":[{"selector":{"id":"application-manageconditionprice-display-component---newCondition--condValidTo","interaction":{"idSuffix":"inner"}},"wdio_ui5_key":"applicationmanageconditionprice-display-component---newCondition--condValidTo"}]}
RESULT: undefined
COMMAND: POST /session/e8ae643ad1a7d9f9ee71b330bca2e34d/execute/async - {"script":"<script> [776 bytes]","args":[{"enterText":"12/15/25","selector":{"id":"application-manageconditionprice-display-component---newCondition--condValidTo","interaction":{"idSuffix":"inner"}},"clearTextFirst":true,"interactionType":"ENTER_TEXT"}]}
RESULT: {"script":"<script> [776 bytes]","args":[{"enterText":"12/15/25","selector":{"id":"application-manageconditionprice-display-component---newCondition--condValidTo","interaction":{"idSuffix":"inner"}},"clearTextFirst":true,"interactionType":"ENTER_TEXT"}]}
COMMAND: POST /session/e8ae643ad1a7d9f9ee71b330bca2e34d/element - {"using":"xpath","value":"//input[@id=\"application-manageconditionprice-display-component---newCondition--condRU-inner\"]"}
RESULT: {"using":"xpath","value":"//input[@id=\"application-manageconditionprice-display-component---newCondition--condRU-inner\"]"}
COMMAND: POST /session/e8ae643ad1a7d9f9ee71b330bca2e34d/element/f.804597995EEA20368E99A2927B0C1762.d.740081E811616F10FF729A5C17BABDA3.e.14005/clear - {}
RESULT: {}
COMMAND: POST /session/e8ae643ad1a7d9f9ee71b330bca2e34d/element/f.804597995EEA20368E99A2927B0C1762.d.740081E811616F10FF729A5C17BABDA3.e.14005/value - {"text":"q5f0Swu5k7"}
COMMAND: GET /session/e8ae643ad1a7d9f9ee71b330bca2e34d/screenshot - {}
RESULT: {"text":"q5f0Swu5k7"}
COMMAND: GET /session/e8ae643ad1a7d9f9ee71b330bca2e34d/screenshot - {}
RESULT: {}
RESULT: {}
COMMAND: POST /session/e8ae643ad1a7d9f9ee71b330bca2e34d/actions - {"actions":[{"id":"action48","type":"key","parameters":{},"actions":[{"type":"keyDown","value":""},{"type":"pause","duration":10},{"type":"keyUp","value":""}]}]}
RESULT: {"actions":[{"id":"action48","type":"key","parameters":{},"actions":[{"type":"keyDown","value":""},{"type":"pause","duration":10},{"type":"keyUp","value":""}]}]}
COMMAND: POST /session/e8ae643ad1a7d9f9ee71b330bca2e34d/execute/async - {"script":"<script> [1562 bytes]","args":[{"selector":{"id":"application-manageconditionprice-display-component---newCondition--condBaseQty","interaction":{"idSuffix":"inner"}},"wdio_ui5_key":"applicationmanageconditionprice-display-component---newCondition--condBaseQty"}]}
COMMAND: GET /session/e8ae643ad1a7d9f9ee71b330bca2e34d/screenshot - {}
RESULT: {"script":"<script> [1562 bytes]","args":[{"selector":{"id":"application-manageconditionprice-display-component---newCondition--condBaseQty","interaction":{"idSuffix":"inner"}},"wdio_ui5_key":"applicationmanageconditionprice-display-component---newCondition--condBaseQty"}]}
RESULT: undefined
COMMAND: POST /session/e8ae643ad1a7d9f9ee71b330bca2e34d/execute/async - {"script":"<script> [776 bytes]","args":[{"enterText":"1","selector":{"id":"application-manageconditionprice-display-component---newCondition--condBaseQty","interaction":{"idSuffix":"inner"}},"clearTextFirst":true,"interactionType":"ENTER_TEXT"}]}
RESULT: {}
RESULT: {"script":"<script> [776 bytes]","args":[{"enterText":"1","selector":{"id":"application-manageconditionprice-display-component---newCondition--condBaseQty","interaction":{"idSuffix":"inner"}},"clearTextFirst":true,"interactionType":"ENTER_TEXT"}]}
COMMAND: POST /session/e8ae643ad1a7d9f9ee71b330bca2e34d/execute/async - {"script":"<script> [1562 bytes]","args":[{"selector":{"id":"application-manageconditionprice-display-component---newCondition--condValue","interaction":{"idSuffix":"inner"}},"wdio_ui5_key":"applicationmanageconditionprice-display-component---newCondition--condValue"}]}
RESULT: {"script":"<script> [1562 bytes]","args":[{"selector":{"id":"application-manageconditionprice-display-component---newCondition--condValue","interaction":{"idSuffix":"inner"}},"wdio_ui5_key":"applicationmanageconditionprice-display-component---newCondition--condValue"}]}
RESULT: undefined
COMMAND: POST /session/e8ae643ad1a7d9f9ee71b330bca2e34d/execute/async - {"script":"<script> [776 bytes]","args":[{"enterText":"100","selector":{"id":"application-manageconditionprice-display-component---newCondition--condValue","interaction":{"idSuffix":"inner"}},"clearTextFirst":true,"interactionType":"ENTER_TEXT"}]}
RESULT: {"script":"<script> [776 bytes]","args":[{"enterText":"100","selector":{"id":"application-manageconditionprice-display-component---newCondition--condValue","interaction":{"idSuffix":"inner"}},"clearTextFirst":true,"interactionType":"ENTER_TEXT"}]}
COMMAND: POST /session/e8ae643ad1a7d9f9ee71b330bca2e34d/execute/async - {"script":"<script> [1562 bytes]","args":[{"selector":{"id":"application-manageconditionprice-display-component---newCondition--condCurr-arrow"},"wdio_ui5_key":"applicationmanageconditionprice-display-component---newCondition--condCurr-arrow"}]}
RESULT: {"script":"<script> [1562 bytes]","args":[{"selector":{"id":"application-manageconditionprice-display-component---newCondition--condCurr-arrow"},"wdio_ui5_key":"applicationmanageconditionprice-display-component---newCondition--condCurr-arrow"}]}
RESULT: undefined
COMMAND: POST /session/e8ae643ad1a7d9f9ee71b330bca2e34d/element - {"using":"xpath","value":"//*[@id=\"application-manageconditionprice-display-component---newCondition--condCurr-arrow\"]"}
RESULT: {"using":"xpath","value":"//*[@id=\"application-manageconditionprice-display-component---newCondition--condCurr-arrow\"]"}
COMMAND: POST /session/e8ae643ad1a7d9f9ee71b330bca2e34d/element/f.804597995EEA20368E99A2927B0C1762.d.740081E811616F10FF729A5C17BABDA3.e.14150/click - {}
RESULT: {}
COMMAND: POST /session/e8ae643ad1a7d9f9ee71b330bca2e34d/element - {"using":"xpath","value":"//span[contains(text(), \"Euro\")]"}
COMMAND: GET /session/e8ae643ad1a7d9f9ee71b330bca2e34d/screenshot - {}
RESULT: {"using":"xpath","value":"//span[contains(text(), \"Euro\")]"}
COMMAND: POST /session/e8ae643ad1a7d9f9ee71b330bca2e34d/element/f.804597995EEA20368E99A2927B0C1762.d.740081E811616F10FF729A5C17BABDA3.e.14208/click - {}
RESULT: {}
RESULT: {}
COMMAND: POST /session/e8ae643ad1a7d9f9ee71b330bca2e34d/element - {"using":"xpath","value":"//button[@data-kt=\"saveButton\"]"}
COMMAND: GET /session/e8ae643ad1a7d9f9ee71b330bca2e34d/screenshot - {}
RESULT: {"using":"xpath","value":"//button[@data-kt=\"saveButton\"]"}
COMMAND: POST /session/e8ae643ad1a7d9f9ee71b330bca2e34d/element/f.804597995EEA20368E99A2927B0C1762.d.740081E811616F10FF729A5C17BABDA3.e.14151/click - {}
RESULT: {}
RESULT: {}
COMMAND: GET /session/e8ae643ad1a7d9f9ee71b330bca2e34d/screenshot - {}
RESULT: {}
COMMAND: POST /session/e8ae643ad1a7d9f9ee71b330bca2e34d/execute/async - {"script":"<script> [1562 bytes]","args":[{"selector":{"id":"application-manageconditionprice-display-component---conditions--smartFilterBar-btnBasicSearch","interaction":{"idSuffix":"I"}},"wdio_ui5_key":"applicationmanageconditionprice-display-component---conditions--smartFilterBar-btnBasicSearch"}]}
RESULT: {"script":"<script> [1562 bytes]","args":[{"selector":{"id":"application-manageconditionprice-display-component---conditions--smartFilterBar-btnBasicSearch","interaction":{"idSuffix":"I"}},"wdio_ui5_key":"applicationmanageconditionprice-display-component---conditions--smartFilterBar-btnBasicSearch"}]}
RESULT: undefined
COMMAND: POST /session/e8ae643ad1a7d9f9ee71b330bca2e34d/execute/async - {"script":"<script> [776 bytes]","args":[{"enterText":"q5f0Swu5k7","selector":{"id":"application-manageconditionprice-display-component---conditions--smartFilterBar-btnBasicSearch","interaction":{"idSuffix":"I"}},"clearTextFirst":true,"interactionType":"ENTER_TEXT"}]}
RESULT: {"script":"<script> [776 bytes]","args":[{"enterText":"q5f0Swu5k7","selector":{"id":"application-manageconditionprice-display-component---conditions--smartFilterBar-btnBasicSearch","interaction":{"idSuffix":"I"}},"clearTextFirst":true,"interactionType":"ENTER_TEXT"}]}
COMMAND: POST /session/e8ae643ad1a7d9f9ee71b330bca2e34d/actions - {"actions":[{"id":"action49","type":"key","parameters":{},"actions":[{"type":"keyDown","value":""},{"type":"pause","duration":10},{"type":"keyUp","value":""}]}]}
RESULT: {"actions":[{"id":"action49","type":"key","parameters":{},"actions":[{"type":"keyDown","value":""},{"type":"pause","duration":10},{"type":"keyUp","value":""}]}]}
COMMAND: GET /session/e8ae643ad1a7d9f9ee71b330bca2e34d/screenshot - {}
RESULT: {}
COMMAND: POST /session/e8ae643ad1a7d9f9ee71b330bca2e34d/execute/async - {"script":"<script> [1562 bytes]","args":[{"selector":{"id":"application-manageconditionprice-display-component---conditions--smartFilterBar-filterItemControl_BASIC-BILL_TYPES-vhi"},"wdio_ui5_key":"applicationmanageconditionprice-display-component---conditions--smartFilterBar-filterItemControl_BASIC-BILL_TYPES-vhi"}]}
RESULT: {"script":"<script> [1562 bytes]","args":[{"selector":{"id":"application-manageconditionprice-display-component---conditions--smartFilterBar-filterItemControl_BASIC-BILL_TYPES-vhi"},"wdio_ui5_key":"applicationmanageconditionprice-display-component---conditions--smartFilterBar-filterItemControl_BASIC-BILL_TYPES-vhi"}]}
RESULT: undefined
COMMAND: POST /session/e8ae643ad1a7d9f9ee71b330bca2e34d/element - {"using":"xpath","value":"//*[@id=\"application-manageconditionprice-display-component---conditions--smartFilterBar-filterItemControl_BASIC-BILL_TYPES-vhi\"]"}
RESULT: {"using":"xpath","value":"//*[@id=\"application-manageconditionprice-display-component---conditions--smartFilterBar-filterItemControl_BASIC-BILL_TYPES-vhi\"]"}
COMMAND: POST /session/e8ae643ad1a7d9f9ee71b330bca2e34d/element/f.804597995EEA20368E99A2927B0C1762.d.740081E811616F10FF729A5C17BABDA3.e.14315/click - {}
RESULT: {}
COMMAND: POST /session/e8ae643ad1a7d9f9ee71b330bca2e34d/execute/async - {"script":"<script> [1562 bytes]","args":[{"selector":{"id":"application-manageconditionprice-display-component---conditions--smartFilterBar-filterItemControl_BASIC-BILL_TYPES-valueHelpDialog-smartFilterBar-btnBasicSearch","searchOpenDialogs":true,"interaction":{"idSuffix":"I"}},"wdio_ui5_key":"applicationmanageconditionprice-display-component---conditions--smartFilterBar-filterItemControl_BASIC-BILL_TYPES-valueHelpDialog-smartFilterBar-btnBasicSearch"}]}
COMMAND: GET /session/e8ae643ad1a7d9f9ee71b330bca2e34d/screenshot - {}
RESULT: {"script":"<script> [1562 bytes]","args":[{"selector":{"id":"application-manageconditionprice-display-component---conditions--smartFilterBar-filterItemControl_BASIC-BILL_TYPES-valueHelpDialog-smartFilterBar-btnBasicSearch","searchOpenDialogs":true,"interaction":{"idSuffix":"I"}},"wdio_ui5_key":"applicationmanageconditionprice-display-component---conditions--smartFilterBar-filterItemControl_BASIC-BILL_TYPES-valueHelpDialog-smartFilterBar-btnBasicSearch"}]}
RESULT: undefined
COMMAND: POST /session/e8ae643ad1a7d9f9ee71b330bca2e34d/execute/async - {"script":"<script> [776 bytes]","args":[{"enterText":"TB","selector":{"id":"application-manageconditionprice-display-component---conditions--smartFilterBar-filterItemControl_BASIC-BILL_TYPES-valueHelpDialog-smartFilterBar-btnBasicSearch","searchOpenDialogs":true,"interaction":{"idSuffix":"I"}},"clearTextFirst":true,"interactionType":"ENTER_TEXT"}]}
RESULT: {}
RESULT: {"script":"<script> [776 bytes]","args":[{"enterText":"TB","selector":{"id":"application-manageconditionprice-display-component---conditions--smartFilterBar-filterItemControl_BASIC-BILL_TYPES-valueHelpDialog-smartFilterBar-btnBasicSearch","searchOpenDialogs":true,"interaction":{"idSuffix":"I"}},"clearTextFirst":true,"interactionType":"ENTER_TEXT"}]}
COMMAND: POST /session/e8ae643ad1a7d9f9ee71b330bca2e34d/actions - {"actions":[{"id":"action50","type":"key","parameters":{},"actions":[{"type":"keyDown","value":""},{"type":"pause","duration":10},{"type":"keyUp","value":""}]}]}
RESULT: {"actions":[{"id":"action50","type":"key","parameters":{},"actions":[{"type":"keyDown","value":""},{"type":"pause","duration":10},{"type":"keyUp","value":""}]}]}
COMMAND: GET /session/e8ae643ad1a7d9f9ee71b330bca2e34d/screenshot - {}
RESULT: {}
COMMAND: POST /session/e8ae643ad1a7d9f9ee71b330bca2e34d/element - {"using":"xpath","value":"//div[contains(@id, 'application-manageconditionprice-display-component---conditions--smartFilterBar-filterItemControl_BASIC-BILL_TYPES-valueHelpDialog-table-rowsel0')]"}
RESULT: {"using":"xpath","value":"//div[contains(@id, 'application-manageconditionprice-display-component---conditions--smartFilterBar-filterItemControl_BASIC-BILL_TYPES-valueHelpDialog-table-rowsel0')]"}
COMMAND: POST /session/e8ae643ad1a7d9f9ee71b330bca2e34d/element/f.804597995EEA20368E99A2927B0C1762.d.740081E811616F10FF729A5C17BABDA3.e.14324/click - {}
RESULT: {}
COMMAND: GET /session/e8ae643ad1a7d9f9ee71b330bca2e34d/screenshot - {}
RESULT: {}
COMMAND: POST /session/e8ae643ad1a7d9f9ee71b330bca2e34d/element - {"using":"xpath","value":"//bdi[contains(text(), \"OK\")]"}
RESULT: {"using":"xpath","value":"//bdi[contains(text(), \"OK\")]"}
COMMAND: POST /session/e8ae643ad1a7d9f9ee71b330bca2e34d/element/f.804597995EEA20368E99A2927B0C1762.d.740081E811616F10FF729A5C17BABDA3.e.14326/click - {}
RESULT: {}
COMMAND: GET /session/e8ae643ad1a7d9f9ee71b330bca2e34d/screenshot - {}
RESULT: {}
COMMAND: POST /session/e8ae643ad1a7d9f9ee71b330bca2e34d/element - {"using":"xpath","value":"//span[@id=\"application-manageconditionprice-display-component---conditions--smartTable-header-inner\"]"}
RESULT: {"using":"xpath","value":"//span[@id=\"application-manageconditionprice-display-component---conditions--smartTable-header-inner\"]"}
COMMAND: POST /session/e8ae643ad1a7d9f9ee71b330bca2e34d/elements - {"using":"xpath","value":"//span[@id=\"application-manageconditionprice-display-component---conditions--smartTable-header-inner\"]"}
RESULT: {"using":"xpath","value":"//span[@id=\"application-manageconditionprice-display-component---conditions--smartTable-header-inner\"]"}
COMMAND: POST /session/e8ae643ad1a7d9f9ee71b330bca2e34d/execute/sync - {"script":"<script> [56 bytes]","args":[{"element-6066-11e4-a52e-4f735466cecf":"f.804597995EEA20368E99A2927B0C1762.d.740081E811616F10FF729A5C17BABDA3.e.14329","ELEMENT":"f.804597995EEA20368E99A2927B0C1762.d.740081E811616F10FF729A5C17BABDA3.e.14329"}]}
RESULT: {"script":"<script> [56 bytes]","args":[{"element-6066-11e4-a52e-4f735466cecf":"f.804597995EEA20368E99A2927B0C1762.d.740081E811616F10FF729A5C17BABDA3.e.14329","ELEMENT":"f.804597995EEA20368E99A2927B0C1762.d.740081E811616F10FF729A5C17BABDA3.e.14329"}]}
COMMAND: POST /session/e8ae643ad1a7d9f9ee71b330bca2e34d/element - {"using":"css selector","value":"#shell-header-logo"}
COMMAND: GET /session/e8ae643ad1a7d9f9ee71b330bca2e34d/screenshot - {}
RESULT: {"using":"css selector","value":"#shell-header-logo"}
COMMAND: POST /session/e8ae643ad1a7d9f9ee71b330bca2e34d/element/f.804597995EEA20368E99A2927B0C1762.d.740081E811616F10FF729A5C17BABDA3.e.13957/click - {}
RESULT: {}
RESULT: {}
COMMAND: GET /session/e8ae643ad1a7d9f9ee71b330bca2e34d/screenshot - {}
RESULT: {}
]]></system-out>
    </testcase>
    <testcase classname="chrome.135_0_7049_42.windows.Billing_transfer_US117289" name="Should do a stock increase" time="79.533">
      <system-out><![CDATA[
COMMAND: POST /session/e8ae643ad1a7d9f9ee71b330bca2e34d/execute/async - {"script":"<script> [1562 bytes]","args":[{"selector":{"controlType":"sap.m.Text","viewName":"etm.portal.ui.managehandoverstile.view.Master","properties":{"text":"Manage Handovers"},"interaction":{"idSuffix":"inner"}},"wdio_ui5_key":"etmportal.ui.managehandoverstile.view.Mastersap.m.Text{\"text\":\"Manage Handovers\"}"}]}
RESULT: {"script":"<script> [1562 bytes]","args":[{"selector":{"controlType":"sap.m.Text","viewName":"etm.portal.ui.managehandoverstile.view.Master","properties":{"text":"Manage Handovers"},"interaction":{"idSuffix":"inner"}},"wdio_ui5_key":"etmportal.ui.managehandoverstile.view.Mastersap.m.Text{\"text\":\"Manage Handovers\"}"}]}
RESULT: undefined
COMMAND: POST /session/e8ae643ad1a7d9f9ee71b330bca2e34d/element - {"using":"xpath","value":"//*[@id=\"__tile132-title\"]"}
RESULT: {"using":"xpath","value":"//*[@id=\"__tile132-title\"]"}
COMMAND: POST /session/e8ae643ad1a7d9f9ee71b330bca2e34d/element/f.804597995EEA20368E99A2927B0C1762.d.740081E811616F10FF729A5C17BABDA3.e.14334/click - {}
RESULT: {}
COMMAND: POST /session/e8ae643ad1a7d9f9ee71b330bca2e34d/element - {"using":"xpath","value":"//button[@data-kt=\"masterHOAddButton\"]"}
COMMAND: GET /session/e8ae643ad1a7d9f9ee71b330bca2e34d/screenshot - {}
RESULT: {"using":"xpath","value":"//button[@data-kt=\"masterHOAddButton\"]"}
COMMAND: POST /session/e8ae643ad1a7d9f9ee71b330bca2e34d/elements - {"using":"xpath","value":"//button[@data-kt=\"masterHOAddButton\"]"}
RESULT: {}
RESULT: {"using":"xpath","value":"//button[@data-kt=\"masterHOAddButton\"]"}
COMMAND: POST /session/e8ae643ad1a7d9f9ee71b330bca2e34d/elements - {"using":"xpath","value":"//button[@data-kt=\"masterHOAddButton\"]"}
RESULT: {"using":"xpath","value":"//button[@data-kt=\"masterHOAddButton\"]"}
COMMAND: POST /session/e8ae643ad1a7d9f9ee71b330bca2e34d/elements - {"using":"xpath","value":"//button[@data-kt=\"masterHOAddButton\"]"}
RESULT: {"using":"xpath","value":"//button[@data-kt=\"masterHOAddButton\"]"}
COMMAND: POST /session/e8ae643ad1a7d9f9ee71b330bca2e34d/elements - {"using":"xpath","value":"//button[@data-kt=\"masterHOAddButton\"]"}
RESULT: {"using":"xpath","value":"//button[@data-kt=\"masterHOAddButton\"]"}
COMMAND: POST /session/e8ae643ad1a7d9f9ee71b330bca2e34d/elements - {"using":"xpath","value":"//button[@data-kt=\"masterHOAddButton\"]"}
RESULT: {"using":"xpath","value":"//button[@data-kt=\"masterHOAddButton\"]"}
COMMAND: POST /session/e8ae643ad1a7d9f9ee71b330bca2e34d/elements - {"using":"xpath","value":"//button[@data-kt=\"masterHOAddButton\"]"}
RESULT: {"using":"xpath","value":"//button[@data-kt=\"masterHOAddButton\"]"}
COMMAND: POST /session/e8ae643ad1a7d9f9ee71b330bca2e34d/elements - {"using":"xpath","value":"//button[@data-kt=\"masterHOAddButton\"]"}
RESULT: {"using":"xpath","value":"//button[@data-kt=\"masterHOAddButton\"]"}
COMMAND: POST /session/e8ae643ad1a7d9f9ee71b330bca2e34d/elements - {"using":"xpath","value":"//button[@data-kt=\"masterHOAddButton\"]"}
RESULT: {"using":"xpath","value":"//button[@data-kt=\"masterHOAddButton\"]"}
COMMAND: POST /session/e8ae643ad1a7d9f9ee71b330bca2e34d/elements - {"using":"xpath","value":"//button[@data-kt=\"masterHOAddButton\"]"}
RESULT: {"using":"xpath","value":"//button[@data-kt=\"masterHOAddButton\"]"}
COMMAND: POST /session/e8ae643ad1a7d9f9ee71b330bca2e34d/elements - {"using":"xpath","value":"//button[@data-kt=\"masterHOAddButton\"]"}
RESULT: {"using":"xpath","value":"//button[@data-kt=\"masterHOAddButton\"]"}
COMMAND: POST /session/e8ae643ad1a7d9f9ee71b330bca2e34d/elements - {"using":"xpath","value":"//button[@data-kt=\"masterHOAddButton\"]"}
RESULT: {"using":"xpath","value":"//button[@data-kt=\"masterHOAddButton\"]"}
COMMAND: POST /session/e8ae643ad1a7d9f9ee71b330bca2e34d/elements - {"using":"xpath","value":"//button[@data-kt=\"masterHOAddButton\"]"}
RESULT: {"using":"xpath","value":"//button[@data-kt=\"masterHOAddButton\"]"}
COMMAND: POST /session/e8ae643ad1a7d9f9ee71b330bca2e34d/element - {"using":"xpath","value":"//button[@data-kt=\"masterHOAddButton\"]"}
RESULT: {"using":"xpath","value":"//button[@data-kt=\"masterHOAddButton\"]"}
COMMAND: POST /session/e8ae643ad1a7d9f9ee71b330bca2e34d/execute/sync - {"script":"<script> [8489 bytes]","args":[{"element-6066-11e4-a52e-4f735466cecf":"f.804597995EEA20368E99A2927B0C1762.d.740081E811616F10FF729A5C17BABDA3.e.14373","ELEMENT":"f.804597995EEA20368E99A2927B0C1762.d.740081E811616F10FF729A5C17BABDA3.e.14373"}]}
RESULT: {"script":"<script> [8489 bytes]","args":[{"element-6066-11e4-a52e-4f735466cecf":"f.804597995EEA20368E99A2927B0C1762.d.740081E811616F10FF729A5C17BABDA3.e.14373","ELEMENT":"f.804597995EEA20368E99A2927B0C1762.d.740081E811616F10FF729A5C17BABDA3.e.14373"}]}
COMMAND: GET /session/e8ae643ad1a7d9f9ee71b330bca2e34d/element/f.804597995EEA20368E99A2927B0C1762.d.740081E811616F10FF729A5C17BABDA3.e.14373/enabled - {}
COMMAND: GET /session/e8ae643ad1a7d9f9ee71b330bca2e34d/screenshot - {}
RESULT: {}
COMMAND: POST /session/e8ae643ad1a7d9f9ee71b330bca2e34d/execute/sync - {"script":"<script> [8489 bytes]","args":[{"element-6066-11e4-a52e-4f735466cecf":"f.804597995EEA20368E99A2927B0C1762.d.740081E811616F10FF729A5C17BABDA3.e.14373","ELEMENT":"f.804597995EEA20368E99A2927B0C1762.d.740081E811616F10FF729A5C17BABDA3.e.14373"}]}
COMMAND: GET /session/e8ae643ad1a7d9f9ee71b330bca2e34d/screenshot - {}
RESULT: {}
RESULT: {"script":"<script> [8489 bytes]","args":[{"element-6066-11e4-a52e-4f735466cecf":"f.804597995EEA20368E99A2927B0C1762.d.740081E811616F10FF729A5C17BABDA3.e.14373","ELEMENT":"f.804597995EEA20368E99A2927B0C1762.d.740081E811616F10FF729A5C17BABDA3.e.14373"}]}
COMMAND: POST /session/e8ae643ad1a7d9f9ee71b330bca2e34d/execute/sync - {"script":"<script> [5351 bytes]","args":[{"element-6066-11e4-a52e-4f735466cecf":"f.804597995EEA20368E99A2927B0C1762.d.740081E811616F10FF729A5C17BABDA3.e.14373","ELEMENT":"f.804597995EEA20368E99A2927B0C1762.d.740081E811616F10FF729A5C17BABDA3.e.14373"}]}
COMMAND: GET /session/e8ae643ad1a7d9f9ee71b330bca2e34d/screenshot - {}
RESULT: {}
RESULT: {"script":"<script> [5351 bytes]","args":[{"element-6066-11e4-a52e-4f735466cecf":"f.804597995EEA20368E99A2927B0C1762.d.740081E811616F10FF729A5C17BABDA3.e.14373","ELEMENT":"f.804597995EEA20368E99A2927B0C1762.d.740081E811616F10FF729A5C17BABDA3.e.14373"}]}
COMMAND: POST /session/e8ae643ad1a7d9f9ee71b330bca2e34d/element/f.804597995EEA20368E99A2927B0C1762.d.740081E811616F10FF729A5C17BABDA3.e.14373/click - {}
COMMAND: GET /session/e8ae643ad1a7d9f9ee71b330bca2e34d/screenshot - {}
RESULT: {}
RESULT: {}
COMMAND: GET /session/e8ae643ad1a7d9f9ee71b330bca2e34d/screenshot - {}
RESULT: {}
RESULT: {}
COMMAND: POST /session/e8ae643ad1a7d9f9ee71b330bca2e34d/element - {"using":"xpath","value":"//span[contains(@id ,\"AddNewHO--typeSelect-arrow\")]"}
RESULT: {"using":"xpath","value":"//span[contains(@id ,\"AddNewHO--typeSelect-arrow\")]"}
COMMAND: POST /session/e8ae643ad1a7d9f9ee71b330bca2e34d/element/f.804597995EEA20368E99A2927B0C1762.d.740081E811616F10FF729A5C17BABDA3.e.14724/click - {}
RESULT: {}
COMMAND: GET /session/e8ae643ad1a7d9f9ee71b330bca2e34d/screenshot - {}
RESULT: {}
COMMAND: POST /session/e8ae643ad1a7d9f9ee71b330bca2e34d/element - {"using":"xpath","value":"(//li[contains(text(), \"stock increase yard\")])[1]"}
RESULT: {"using":"xpath","value":"(//li[contains(text(), \"stock increase yard\")])[1]"}
COMMAND: POST /session/e8ae643ad1a7d9f9ee71b330bca2e34d/element/f.804597995EEA20368E99A2927B0C1762.d.740081E811616F10FF729A5C17BABDA3.e.14725/click - {}
RESULT: {}
COMMAND: GET /session/e8ae643ad1a7d9f9ee71b330bca2e34d/screenshot - {}
RESULT: {}
COMMAND: POST /session/e8ae643ad1a7d9f9ee71b330bca2e34d/execute/async - {"script":"<script> [1562 bytes]","args":[{"selector":{"id":"application-managehandovers-display-component---AddNewHO--dueDate","interaction":{"idSuffix":"inner"}},"wdio_ui5_key":"applicationmanagehandovers-display-component---AddNewHO--dueDate"}]}
RESULT: {"script":"<script> [1562 bytes]","args":[{"selector":{"id":"application-managehandovers-display-component---AddNewHO--dueDate","interaction":{"idSuffix":"inner"}},"wdio_ui5_key":"applicationmanagehandovers-display-component---AddNewHO--dueDate"}]}
RESULT: undefined
COMMAND: POST /session/e8ae643ad1a7d9f9ee71b330bca2e34d/execute/async - {"script":"<script> [6424 bytes]","args":[{"element-6066-11e4-a52e-4f735466cecf":"f.804597995EEA20368E99A2927B0C1762.d.740081E811616F10FF729A5C17BABDA3.e.14727"},"setValue",["04/15/2025"]]}
RESULT: {"script":"<script> [6424 bytes]","args":[{"element-6066-11e4-a52e-4f735466cecf":"f.804597995EEA20368E99A2927B0C1762.d.740081E811616F10FF729A5C17BABDA3.e.14727"},"setValue",["04/15/2025"]]}
COMMAND: POST /session/e8ae643ad1a7d9f9ee71b330bca2e34d/element - {"using":"xpath","value":"//input[@id=\"generalSectionFrg--receiveYard-inner\"]"}
RESULT: {"using":"xpath","value":"//input[@id=\"generalSectionFrg--receiveYard-inner\"]"}
COMMAND: POST /session/e8ae643ad1a7d9f9ee71b330bca2e34d/element/f.804597995EEA20368E99A2927B0C1762.d.740081E811616F10FF729A5C17BABDA3.e.14733/clear - {}
RESULT: {}
COMMAND: POST /session/e8ae643ad1a7d9f9ee71b330bca2e34d/element/f.804597995EEA20368E99A2927B0C1762.d.740081E811616F10FF729A5C17BABDA3.e.14733/value - {"text":"373"}
COMMAND: GET /session/e8ae643ad1a7d9f9ee71b330bca2e34d/screenshot - {}
RESULT: {"text":"373"}
COMMAND: GET /session/e8ae643ad1a7d9f9ee71b330bca2e34d/screenshot - {}
RESULT: {}
RESULT: {}
COMMAND: POST /session/e8ae643ad1a7d9f9ee71b330bca2e34d/element - {"using":"xpath","value":"//li[.//span[text()='373']]"}
RESULT: {"using":"xpath","value":"//li[.//span[text()='373']]"}
COMMAND: POST /session/e8ae643ad1a7d9f9ee71b330bca2e34d/element/f.804597995EEA20368E99A2927B0C1762.d.740081E811616F10FF729A5C17BABDA3.e.14750/click - {}
RESULT: {}
COMMAND: GET /session/e8ae643ad1a7d9f9ee71b330bca2e34d/screenshot - {}
RESULT: {}
COMMAND: POST /session/e8ae643ad1a7d9f9ee71b330bca2e34d/execute/async - {"script":"<script> [1562 bytes]","args":[{"selector":{"id":"application-managehandovers-display-component---AddNewHO--ObjectPageLayout-anchBar-application-managehandovers-display-component---AddNewHO--section4-anchor","interaction":{"idSuffix":"BDI-content"}},"wdio_ui5_key":"applicationmanagehandovers-display-component---AddNewHO--ObjectPageLayout-anchBar-application-managehandovers-display-component---AddNewHO--section4-anchor"}]}
RESULT: {"script":"<script> [1562 bytes]","args":[{"selector":{"id":"application-managehandovers-display-component---AddNewHO--ObjectPageLayout-anchBar-application-managehandovers-display-component---AddNewHO--section4-anchor","interaction":{"idSuffix":"BDI-content"}},"wdio_ui5_key":"applicationmanagehandovers-display-component---AddNewHO--ObjectPageLayout-anchBar-application-managehandovers-display-component---AddNewHO--section4-anchor"}]}
RESULT: undefined
COMMAND: POST /session/e8ae643ad1a7d9f9ee71b330bca2e34d/element - {"using":"xpath","value":"//*[@id=\"application-managehandovers-display-component---AddNewHO--ObjectPageLayout-anchBar-application-managehandovers-display-component---AddNewHO--section4-anchor\"]"}
RESULT: {"using":"xpath","value":"//*[@id=\"application-managehandovers-display-component---AddNewHO--ObjectPageLayout-anchBar-application-managehandovers-display-component---AddNewHO--section4-anchor\"]"}
COMMAND: POST /session/e8ae643ad1a7d9f9ee71b330bca2e34d/element/f.804597995EEA20368E99A2927B0C1762.d.740081E811616F10FF729A5C17BABDA3.e.14752/click - {}
RESULT: {}
COMMAND: POST /session/e8ae643ad1a7d9f9ee71b330bca2e34d/element - {"using":"xpath","value":"//button[@aria-label=\"Add\"]"}
COMMAND: GET /session/e8ae643ad1a7d9f9ee71b330bca2e34d/screenshot - {}
RESULT: {"using":"xpath","value":"//button[@aria-label=\"Add\"]"}
COMMAND: POST /session/e8ae643ad1a7d9f9ee71b330bca2e34d/element/f.804597995EEA20368E99A2927B0C1762.d.740081E811616F10FF729A5C17BABDA3.e.14754/click - {}
RESULT: {}
RESULT: {}
COMMAND: GET /session/e8ae643ad1a7d9f9ee71b330bca2e34d/screenshot - {}
RESULT: {}
COMMAND: POST /session/e8ae643ad1a7d9f9ee71b330bca2e34d/execute/async - {"script":"<script> [1562 bytes]","args":[{"selector":{"id":"application-managehandovers-display-component---AddNewHO--smartFilterBar-btnBasicSearch","searchOpenDialogs":true,"interaction":{"idSuffix":"I"}},"wdio_ui5_key":"applicationmanagehandovers-display-component---AddNewHO--smartFilterBar-btnBasicSearch"}]}
RESULT: {"script":"<script> [1562 bytes]","args":[{"selector":{"id":"application-managehandovers-display-component---AddNewHO--smartFilterBar-btnBasicSearch","searchOpenDialogs":true,"interaction":{"idSuffix":"I"}},"wdio_ui5_key":"applicationmanagehandovers-display-component---AddNewHO--smartFilterBar-btnBasicSearch"}]}
RESULT: undefined
COMMAND: POST /session/e8ae643ad1a7d9f9ee71b330bca2e34d/execute/async - {"script":"<script> [776 bytes]","args":[{"enterText":"q5f0Swu5k7","selector":{"id":"application-managehandovers-display-component---AddNewHO--smartFilterBar-btnBasicSearch","searchOpenDialogs":true,"interaction":{"idSuffix":"I"}},"clearTextFirst":true,"interactionType":"ENTER_TEXT"}]}
RESULT: {"script":"<script> [776 bytes]","args":[{"enterText":"q5f0Swu5k7","selector":{"id":"application-managehandovers-display-component---AddNewHO--smartFilterBar-btnBasicSearch","searchOpenDialogs":true,"interaction":{"idSuffix":"I"}},"clearTextFirst":true,"interactionType":"ENTER_TEXT"}]}
COMMAND: POST /session/e8ae643ad1a7d9f9ee71b330bca2e34d/actions - {"actions":[{"id":"action51","type":"key","parameters":{},"actions":[{"type":"keyDown","value":""},{"type":"pause","duration":10},{"type":"keyUp","value":""}]}]}
RESULT: {"actions":[{"id":"action51","type":"key","parameters":{},"actions":[{"type":"keyDown","value":""},{"type":"pause","duration":10},{"type":"keyUp","value":""}]}]}
COMMAND: GET /session/e8ae643ad1a7d9f9ee71b330bca2e34d/screenshot - {}
RESULT: {}
COMMAND: POST /session/e8ae643ad1a7d9f9ee71b330bca2e34d/execute/async - {"script":"<script> [1562 bytes]","args":[{"selector":{"id":"application-managehandovers-display-component---AddNewHO--popup-sa","searchOpenDialogs":true,"interaction":{"idSuffix":"CbBg"}},"wdio_ui5_key":"applicationmanagehandovers-display-component---AddNewHO--popup-sa"}]}
RESULT: {"script":"<script> [1562 bytes]","args":[{"selector":{"id":"application-managehandovers-display-component---AddNewHO--popup-sa","searchOpenDialogs":true,"interaction":{"idSuffix":"CbBg"}},"wdio_ui5_key":"applicationmanagehandovers-display-component---AddNewHO--popup-sa"}]}
RESULT: undefined
COMMAND: POST /session/e8ae643ad1a7d9f9ee71b330bca2e34d/element - {"using":"xpath","value":"//*[@id=\"application-managehandovers-display-component---AddNewHO--popup-sa\"]"}
RESULT: {"using":"xpath","value":"//*[@id=\"application-managehandovers-display-component---AddNewHO--popup-sa\"]"}
COMMAND: POST /session/e8ae643ad1a7d9f9ee71b330bca2e34d/element/f.804597995EEA20368E99A2927B0C1762.d.740081E811616F10FF729A5C17BABDA3.e.14907/click - {}
RESULT: {}
COMMAND: GET /session/e8ae643ad1a7d9f9ee71b330bca2e34d/screenshot - {}
RESULT: {}
COMMAND: POST /session/e8ae643ad1a7d9f9ee71b330bca2e34d/element - {"using":"xpath","value":"//bdi[contains(text(), \"Select\")]"}
RESULT: {"using":"xpath","value":"//bdi[contains(text(), \"Select\")]"}
COMMAND: POST /session/e8ae643ad1a7d9f9ee71b330bca2e34d/element/f.804597995EEA20368E99A2927B0C1762.d.740081E811616F10FF729A5C17BABDA3.e.14908/click - {}
RESULT: {}
COMMAND: GET /session/e8ae643ad1a7d9f9ee71b330bca2e34d/screenshot - {}
RESULT: {}
COMMAND: POST /session/e8ae643ad1a7d9f9ee71b330bca2e34d/element - {"using":"xpath","value":"//button[@data-kt=\"AddNewHOSaveButton\"]"}
RESULT: {"using":"xpath","value":"//button[@data-kt=\"AddNewHOSaveButton\"]"}
COMMAND: POST /session/e8ae643ad1a7d9f9ee71b330bca2e34d/element/f.804597995EEA20368E99A2927B0C1762.d.740081E811616F10FF729A5C17BABDA3.e.14912/click - {}
RESULT: {}
COMMAND: GET /session/e8ae643ad1a7d9f9ee71b330bca2e34d/screenshot - {}
RESULT: {}
COMMAND: POST /session/e8ae643ad1a7d9f9ee71b330bca2e34d/execute/async - {"script":"<script> [1562 bytes]","args":[{"selector":{"id":"receiptDatePicker","viewName":"etm.portal.ui.managehandovers.view.DetailExecuteHO","interaction":{"idSuffix":"inner"}},"wdio_ui5_key":"receiptDatePickeretmportal.ui.managehandovers.view.DetailExecuteHO"}]}
RESULT: {"script":"<script> [1562 bytes]","args":[{"selector":{"id":"receiptDatePicker","viewName":"etm.portal.ui.managehandovers.view.DetailExecuteHO","interaction":{"idSuffix":"inner"}},"wdio_ui5_key":"receiptDatePickeretmportal.ui.managehandovers.view.DetailExecuteHO"}]}
RESULT: undefined
COMMAND: POST /session/e8ae643ad1a7d9f9ee71b330bca2e34d/execute/async - {"script":"<script> [6424 bytes]","args":[{"element-6066-11e4-a52e-4f735466cecf":"f.804597995EEA20368E99A2927B0C1762.d.740081E811616F10FF729A5C17BABDA3.e.14928"},"setValue",["04/15/2025"]]}
RESULT: {"script":"<script> [6424 bytes]","args":[{"element-6066-11e4-a52e-4f735466cecf":"f.804597995EEA20368E99A2927B0C1762.d.740081E811616F10FF729A5C17BABDA3.e.14928"},"setValue",["04/15/2025"]]}
COMMAND: POST /session/e8ae643ad1a7d9f9ee71b330bca2e34d/element - {"using":"xpath","value":"//button[@data-kt=\"PickingTableConfirmAllButton\"]"}
RESULT: {"using":"xpath","value":"//button[@data-kt=\"PickingTableConfirmAllButton\"]"}
COMMAND: POST /session/e8ae643ad1a7d9f9ee71b330bca2e34d/element/f.804597995EEA20368E99A2927B0C1762.d.740081E811616F10FF729A5C17BABDA3.e.14957/click - {}
RESULT: {}
COMMAND: GET /session/e8ae643ad1a7d9f9ee71b330bca2e34d/screenshot - {}
RESULT: {}
COMMAND: POST /session/e8ae643ad1a7d9f9ee71b330bca2e34d/element - {"using":"xpath","value":"//bdi[contains(text(), \"OK\")]"}
RESULT: {"using":"xpath","value":"//bdi[contains(text(), \"OK\")]"}
COMMAND: POST /session/e8ae643ad1a7d9f9ee71b330bca2e34d/element/f.804597995EEA20368E99A2927B0C1762.d.740081E811616F10FF729A5C17BABDA3.e.14959/click - {}
RESULT: {}
COMMAND: GET /session/e8ae643ad1a7d9f9ee71b330bca2e34d/screenshot - {}
RESULT: {}
COMMAND: POST /session/e8ae643ad1a7d9f9ee71b330bca2e34d/element - {"using":"xpath","value":"(//bdi[contains(text(), \"Receive\")])[2]"}
RESULT: {"using":"xpath","value":"(//bdi[contains(text(), \"Receive\")])[2]"}
COMMAND: POST /session/e8ae643ad1a7d9f9ee71b330bca2e34d/element/f.804597995EEA20368E99A2927B0C1762.d.740081E811616F10FF729A5C17BABDA3.e.14961/click - {}
RESULT: {}
COMMAND: GET /session/e8ae643ad1a7d9f9ee71b330bca2e34d/screenshot - {}
RESULT: {}
COMMAND: POST /session/e8ae643ad1a7d9f9ee71b330bca2e34d/element - {"using":"css selector","value":"#shell-header-logo"}
RESULT: {"using":"css selector","value":"#shell-header-logo"}
COMMAND: POST /session/e8ae643ad1a7d9f9ee71b330bca2e34d/element/f.804597995EEA20368E99A2927B0C1762.d.740081E811616F10FF729A5C17BABDA3.e.14336/click - {}
RESULT: {}
COMMAND: GET /session/e8ae643ad1a7d9f9ee71b330bca2e34d/screenshot - {}
RESULT: {}
]]></system-out>
    </testcase>
    <testcase classname="chrome.135_0_7049_42.windows.Billing_transfer_US117289" name="Should create a new contract" time="48.494">
      <system-out><![CDATA[
COMMAND: POST /session/e8ae643ad1a7d9f9ee71b330bca2e34d/execute/async - {"script":"<script> [1562 bytes]","args":[{"selector":{"controlType":"sap.m.Text","viewName":"etm.portal.ui.managecontractstile.view.Master","properties":{"text":"Manage Contracts"},"interaction":{"idSuffix":"inner"}},"wdio_ui5_key":"etmportal.ui.managecontractstile.view.Mastersap.m.Text{\"text\":\"Manage Contracts\"}"}]}
RESULT: {"script":"<script> [1562 bytes]","args":[{"selector":{"controlType":"sap.m.Text","viewName":"etm.portal.ui.managecontractstile.view.Master","properties":{"text":"Manage Contracts"},"interaction":{"idSuffix":"inner"}},"wdio_ui5_key":"etmportal.ui.managecontractstile.view.Mastersap.m.Text{\"text\":\"Manage Contracts\"}"}]}
RESULT: undefined
COMMAND: POST /session/e8ae643ad1a7d9f9ee71b330bca2e34d/element - {"using":"xpath","value":"//*[@id=\"__tile133-title\"]"}
RESULT: {"using":"xpath","value":"//*[@id=\"__tile133-title\"]"}
COMMAND: POST /session/e8ae643ad1a7d9f9ee71b330bca2e34d/element/f.804597995EEA20368E99A2927B0C1762.d.740081E811616F10FF729A5C17BABDA3.e.15134/click - {}
RESULT: {}
COMMAND: GET /session/e8ae643ad1a7d9f9ee71b330bca2e34d/screenshot - {}
COMMAND: POST /session/e8ae643ad1a7d9f9ee71b330bca2e34d/element - {"using":"xpath","value":"//button[@data-kt=\"addButton\"]"}
RESULT: {}
RESULT: undefined
RESULT: undefined
RESULT: {"using":"xpath","value":"//button[@data-kt=\"addButton\"]"}
COMMAND: POST /session/e8ae643ad1a7d9f9ee71b330bca2e34d/elements - {"using":"xpath","value":"//button[@data-kt=\"addButton\"]"}
RESULT: {"using":"xpath","value":"//button[@data-kt=\"addButton\"]"}
COMMAND: POST /session/e8ae643ad1a7d9f9ee71b330bca2e34d/execute/sync - {"script":"<script> [8489 bytes]","args":[{"element-6066-11e4-a52e-4f735466cecf":"f.804597995EEA20368E99A2927B0C1762.d.740081E811616F10FF729A5C17BABDA3.e.15203","ELEMENT":"f.804597995EEA20368E99A2927B0C1762.d.740081E811616F10FF729A5C17BABDA3.e.15203"}]}
RESULT: {"script":"<script> [8489 bytes]","args":[{"element-6066-11e4-a52e-4f735466cecf":"f.804597995EEA20368E99A2927B0C1762.d.740081E811616F10FF729A5C17BABDA3.e.15203","ELEMENT":"f.804597995EEA20368E99A2927B0C1762.d.740081E811616F10FF729A5C17BABDA3.e.15203"}]}
COMMAND: GET /session/e8ae643ad1a7d9f9ee71b330bca2e34d/element/f.804597995EEA20368E99A2927B0C1762.d.740081E811616F10FF729A5C17BABDA3.e.15203/enabled - {}
COMMAND: GET /session/e8ae643ad1a7d9f9ee71b330bca2e34d/screenshot - {}
RESULT: {}
COMMAND: POST /session/e8ae643ad1a7d9f9ee71b330bca2e34d/execute/sync - {"script":"<script> [8489 bytes]","args":[{"element-6066-11e4-a52e-4f735466cecf":"f.804597995EEA20368E99A2927B0C1762.d.740081E811616F10FF729A5C17BABDA3.e.15203","ELEMENT":"f.804597995EEA20368E99A2927B0C1762.d.740081E811616F10FF729A5C17BABDA3.e.15203"}]}
COMMAND: GET /session/e8ae643ad1a7d9f9ee71b330bca2e34d/screenshot - {}
RESULT: {}
RESULT: {"script":"<script> [8489 bytes]","args":[{"element-6066-11e4-a52e-4f735466cecf":"f.804597995EEA20368E99A2927B0C1762.d.740081E811616F10FF729A5C17BABDA3.e.15203","ELEMENT":"f.804597995EEA20368E99A2927B0C1762.d.740081E811616F10FF729A5C17BABDA3.e.15203"}]}
COMMAND: POST /session/e8ae643ad1a7d9f9ee71b330bca2e34d/execute/sync - {"script":"<script> [5351 bytes]","args":[{"element-6066-11e4-a52e-4f735466cecf":"f.804597995EEA20368E99A2927B0C1762.d.740081E811616F10FF729A5C17BABDA3.e.15203","ELEMENT":"f.804597995EEA20368E99A2927B0C1762.d.740081E811616F10FF729A5C17BABDA3.e.15203"}]}
COMMAND: GET /session/e8ae643ad1a7d9f9ee71b330bca2e34d/screenshot - {}
RESULT: {}
RESULT: {"script":"<script> [5351 bytes]","args":[{"element-6066-11e4-a52e-4f735466cecf":"f.804597995EEA20368E99A2927B0C1762.d.740081E811616F10FF729A5C17BABDA3.e.15203","ELEMENT":"f.804597995EEA20368E99A2927B0C1762.d.740081E811616F10FF729A5C17BABDA3.e.15203"}]}
COMMAND: GET /session/e8ae643ad1a7d9f9ee71b330bca2e34d/screenshot - {}
RESULT: {}
RESULT: {}
COMMAND: POST /session/e8ae643ad1a7d9f9ee71b330bca2e34d/element/f.804597995EEA20368E99A2927B0C1762.d.740081E811616F10FF729A5C17BABDA3.e.15203/click - {}
RESULT: {}
COMMAND: GET /session/e8ae643ad1a7d9f9ee71b330bca2e34d/screenshot - {}
RESULT: {}
COMMAND: POST /session/e8ae643ad1a7d9f9ee71b330bca2e34d/execute/async - {"script":"<script> [1562 bytes]","args":[{"selector":{"id":"application-managecontracts-display-component---AddNewContract--projectDescription","interaction":{"idSuffix":"inner"}},"wdio_ui5_key":"applicationmanagecontracts-display-component---AddNewContract--projectDescription"}]}
RESULT: {"script":"<script> [1562 bytes]","args":[{"selector":{"id":"application-managecontracts-display-component---AddNewContract--projectDescription","interaction":{"idSuffix":"inner"}},"wdio_ui5_key":"applicationmanagecontracts-display-component---AddNewContract--projectDescription"}]}
RESULT: undefined
COMMAND: POST /session/e8ae643ad1a7d9f9ee71b330bca2e34d/execute/async - {"script":"<script> [776 bytes]","args":[{"enterText":"Contract WDIO","selector":{"id":"application-managecontracts-display-component---AddNewContract--projectDescription","interaction":{"idSuffix":"inner"}},"clearTextFirst":true,"interactionType":"ENTER_TEXT"}]}
RESULT: {"script":"<script> [776 bytes]","args":[{"enterText":"Contract WDIO","selector":{"id":"application-managecontracts-display-component---AddNewContract--projectDescription","interaction":{"idSuffix":"inner"}},"clearTextFirst":true,"interactionType":"ENTER_TEXT"}]}
COMMAND: POST /session/e8ae643ad1a7d9f9ee71b330bca2e34d/element - {"using":"xpath","value":"//input[@id=\"application-managecontracts-display-component---AddNewContract--site-inner\"]"}
RESULT: {"using":"xpath","value":"//input[@id=\"application-managecontracts-display-component---AddNewContract--site-inner\"]"}
COMMAND: POST /session/e8ae643ad1a7d9f9ee71b330bca2e34d/element/f.804597995EEA20368E99A2927B0C1762.d.740081E811616F10FF729A5C17BABDA3.e.15532/clear - {}
RESULT: {}
COMMAND: POST /session/e8ae643ad1a7d9f9ee71b330bca2e34d/element/f.804597995EEA20368E99A2927B0C1762.d.740081E811616F10FF729A5C17BABDA3.e.15532/value - {"text":"2211"}
COMMAND: GET /session/e8ae643ad1a7d9f9ee71b330bca2e34d/screenshot - {}
RESULT: {"text":"2211"}
COMMAND: GET /session/e8ae643ad1a7d9f9ee71b330bca2e34d/screenshot - {}
RESULT: {}
RESULT: {}
COMMAND: POST /session/e8ae643ad1a7d9f9ee71b330bca2e34d/element - {"using":"xpath","value":"//li[.//span[text()='2211']]"}
RESULT: {"using":"xpath","value":"//li[.//span[text()='2211']]"}
COMMAND: POST /session/e8ae643ad1a7d9f9ee71b330bca2e34d/element/f.804597995EEA20368E99A2927B0C1762.d.740081E811616F10FF729A5C17BABDA3.e.15556/click - {}
RESULT: {}
COMMAND: GET /session/e8ae643ad1a7d9f9ee71b330bca2e34d/screenshot - {}
RESULT: {}
COMMAND: POST /session/e8ae643ad1a7d9f9ee71b330bca2e34d/element - {"using":"xpath","value":"//input[@id=\"application-managecontracts-display-component---AddNewContract--yardId-inner\"]"}
RESULT: {"using":"xpath","value":"//input[@id=\"application-managecontracts-display-component---AddNewContract--yardId-inner\"]"}
COMMAND: GET /session/e8ae643ad1a7d9f9ee71b330bca2e34d/element/f.804597995EEA20368E99A2927B0C1762.d.740081E811616F10FF729A5C17BABDA3.e.15533/property/value - {}
RESULT: {}
COMMAND: POST /session/e8ae643ad1a7d9f9ee71b330bca2e34d/element - {"using":"xpath","value":"//input[@id=\"application-managecontracts-display-component---AddNewContract--customerSelect-inner\"]"}
COMMAND: GET /session/e8ae643ad1a7d9f9ee71b330bca2e34d/screenshot - {}
RESULT: {"using":"xpath","value":"//input[@id=\"application-managecontracts-display-component---AddNewContract--customerSelect-inner\"]"}
COMMAND: POST /session/e8ae643ad1a7d9f9ee71b330bca2e34d/element/f.804597995EEA20368E99A2927B0C1762.d.740081E811616F10FF729A5C17BABDA3.e.15531/clear - {}
RESULT: {}
RESULT: {}
COMMAND: POST /session/e8ae643ad1a7d9f9ee71b330bca2e34d/element/f.804597995EEA20368E99A2927B0C1762.d.740081E811616F10FF729A5C17BABDA3.e.15531/value - {"text":"1238"}
COMMAND: GET /session/e8ae643ad1a7d9f9ee71b330bca2e34d/screenshot - {}
RESULT: {"text":"1238"}
COMMAND: GET /session/e8ae643ad1a7d9f9ee71b330bca2e34d/screenshot - {}
RESULT: {}
RESULT: {}
COMMAND: POST /session/e8ae643ad1a7d9f9ee71b330bca2e34d/element - {"using":"xpath","value":"//li[.//span[text()='1238']]"}
RESULT: {"using":"xpath","value":"//li[.//span[text()='1238']]"}
COMMAND: POST /session/e8ae643ad1a7d9f9ee71b330bca2e34d/element/f.804597995EEA20368E99A2927B0C1762.d.740081E811616F10FF729A5C17BABDA3.e.15559/click - {}
RESULT: {}
COMMAND: GET /session/e8ae643ad1a7d9f9ee71b330bca2e34d/screenshot - {}
RESULT: {}
COMMAND: POST /session/e8ae643ad1a7d9f9ee71b330bca2e34d/element - {"using":"xpath","value":"//button[@data-kt=\"saveButton\"]"}
RESULT: {"using":"xpath","value":"//button[@data-kt=\"saveButton\"]"}
COMMAND: POST /session/e8ae643ad1a7d9f9ee71b330bca2e34d/element/f.804597995EEA20368E99A2927B0C1762.d.740081E811616F10FF729A5C17BABDA3.e.15549/click - {}
RESULT: {}
COMMAND: GET /session/e8ae643ad1a7d9f9ee71b330bca2e34d/screenshot - {}
RESULT: {}
COMMAND: POST /session/e8ae643ad1a7d9f9ee71b330bca2e34d/element - {"using":"xpath","value":"//span[contains(@id ,\"contractDetailTitleNoExpanded\")]"}
RESULT: {"using":"xpath","value":"//span[contains(@id ,\"contractDetailTitleNoExpanded\")]"}
COMMAND: POST /session/e8ae643ad1a7d9f9ee71b330bca2e34d/elements - {"using":"xpath","value":"//span[contains(@id ,\"contractDetailTitleNoExpanded\")]"}
RESULT: {"using":"xpath","value":"//span[contains(@id ,\"contractDetailTitleNoExpanded\")]"}
COMMAND: POST /session/e8ae643ad1a7d9f9ee71b330bca2e34d/execute/sync - {"script":"<script> [56 bytes]","args":[{"element-6066-11e4-a52e-4f735466cecf":"f.804597995EEA20368E99A2927B0C1762.d.740081E811616F10FF729A5C17BABDA3.e.15630","ELEMENT":"f.804597995EEA20368E99A2927B0C1762.d.740081E811616F10FF729A5C17BABDA3.e.15630"}]}
RESULT: {"script":"<script> [56 bytes]","args":[{"element-6066-11e4-a52e-4f735466cecf":"f.804597995EEA20368E99A2927B0C1762.d.740081E811616F10FF729A5C17BABDA3.e.15630","ELEMENT":"f.804597995EEA20368E99A2927B0C1762.d.740081E811616F10FF729A5C17BABDA3.e.15630"}]}
COMMAND: GET /session/e8ae643ad1a7d9f9ee71b330bca2e34d/screenshot - {}
RESULT: {}
]]></system-out>
    </testcase>
    <testcase classname="chrome.135_0_7049_42.windows.Billing_transfer_US117289" name="Should add created equipment to contract" time="40.056">
      <system-out><![CDATA[
COMMAND: POST /session/e8ae643ad1a7d9f9ee71b330bca2e34d/element - {"using":"xpath","value":"//button[@data-kt=\"contractDetailEditBtnButton\"]"}
RESULT: {"using":"xpath","value":"//button[@data-kt=\"contractDetailEditBtnButton\"]"}
COMMAND: POST /session/e8ae643ad1a7d9f9ee71b330bca2e34d/element/f.804597995EEA20368E99A2927B0C1762.d.740081E811616F10FF729A5C17BABDA3.e.15631/click - {}
RESULT: {}
COMMAND: GET /session/e8ae643ad1a7d9f9ee71b330bca2e34d/screenshot - {}
RESULT: {}
COMMAND: POST /session/e8ae643ad1a7d9f9ee71b330bca2e34d/element - {"using":"xpath","value":"(//span[contains(text(), \"Additional Addresses\")])[2]"}
RESULT: {"using":"xpath","value":"(//span[contains(text(), \"Additional Addresses\")])[2]"}
COMMAND: POST /session/e8ae643ad1a7d9f9ee71b330bca2e34d/element/f.804597995EEA20368E99A2927B0C1762.d.740081E811616F10FF729A5C17BABDA3.e.15685/click - {}
RESULT: {}
COMMAND: GET /session/e8ae643ad1a7d9f9ee71b330bca2e34d/screenshot - {}
RESULT: {}
COMMAND: POST /session/e8ae643ad1a7d9f9ee71b330bca2e34d/element - {"using":"xpath","value":"//button[@data-kt=\"btnAddTableRowOverflowToolbarButton\"]"}
RESULT: {"using":"xpath","value":"//button[@data-kt=\"btnAddTableRowOverflowToolbarButton\"]"}
COMMAND: POST /session/e8ae643ad1a7d9f9ee71b330bca2e34d/element/f.804597995EEA20368E99A2927B0C1762.d.740081E811616F10FF729A5C17BABDA3.e.15689/click - {}
RESULT: {}
COMMAND: GET /session/e8ae643ad1a7d9f9ee71b330bca2e34d/screenshot - {}
RESULT: {}
COMMAND: POST /session/e8ae643ad1a7d9f9ee71b330bca2e34d/element - {"using":"xpath","value":"//div[(text() = 'Standard Entry' or . = 'Standard Entry')]"}
RESULT: {"using":"xpath","value":"//div[(text() = 'Standard Entry' or . = 'Standard Entry')]"}
COMMAND: POST /session/e8ae643ad1a7d9f9ee71b330bca2e34d/element/f.804597995EEA20368E99A2927B0C1762.d.740081E811616F10FF729A5C17BABDA3.e.15691/click - {}
RESULT: {}
COMMAND: GET /session/e8ae643ad1a7d9f9ee71b330bca2e34d/screenshot - {}
RESULT: {}
COMMAND: POST /session/e8ae643ad1a7d9f9ee71b330bca2e34d/element - {"using":"xpath","value":"//td[7]/div/div/input"}
RESULT: {"using":"xpath","value":"//td[7]/div/div/input"}
COMMAND: POST /session/e8ae643ad1a7d9f9ee71b330bca2e34d/element/f.804597995EEA20368E99A2927B0C1762.d.740081E811616F10FF729A5C17BABDA3.e.15700/clear - {}
RESULT: {}
COMMAND: POST /session/e8ae643ad1a7d9f9ee71b330bca2e34d/element/f.804597995EEA20368E99A2927B0C1762.d.740081E811616F10FF729A5C17BABDA3.e.15700/value - {"text":"q5f0Swu5k7"}
COMMAND: GET /session/e8ae643ad1a7d9f9ee71b330bca2e34d/screenshot - {}
RESULT: {"text":"q5f0Swu5k7"}
COMMAND: GET /session/e8ae643ad1a7d9f9ee71b330bca2e34d/screenshot - {}
RESULT: {}
RESULT: {}
COMMAND: POST /session/e8ae643ad1a7d9f9ee71b330bca2e34d/actions - {"actions":[{"id":"action52","type":"key","parameters":{},"actions":[{"type":"keyDown","value":""},{"type":"pause","duration":10},{"type":"keyUp","value":""}]}]}
RESULT: {"actions":[{"id":"action52","type":"key","parameters":{},"actions":[{"type":"keyDown","value":""},{"type":"pause","duration":10},{"type":"keyUp","value":""}]}]}
COMMAND: GET /session/e8ae643ad1a7d9f9ee71b330bca2e34d/screenshot - {}
RESULT: {}
COMMAND: POST /session/e8ae643ad1a7d9f9ee71b330bca2e34d/element - {"using":"xpath","value":"(//button[@data-kt=\"saveButton\"])[2]"}
RESULT: {"using":"xpath","value":"(//button[@data-kt=\"saveButton\"])[2]"}
COMMAND: POST /session/e8ae643ad1a7d9f9ee71b330bca2e34d/element/f.804597995EEA20368E99A2927B0C1762.d.740081E811616F10FF729A5C17BABDA3.e.15715/click - {}
RESULT: {}
COMMAND: GET /session/e8ae643ad1a7d9f9ee71b330bca2e34d/screenshot - {}
RESULT: {}
COMMAND: POST /session/e8ae643ad1a7d9f9ee71b330bca2e34d/element - {"using":"xpath","value":"//span[contains(@id ,\"contractItemsSmartTable-header-inner\")]"}
RESULT: {"using":"xpath","value":"//span[contains(@id ,\"contractItemsSmartTable-header-inner\")]"}
COMMAND: POST /session/e8ae643ad1a7d9f9ee71b330bca2e34d/elements - {"using":"xpath","value":"//span[contains(@id ,\"contractItemsSmartTable-header-inner\")]"}
RESULT: {"using":"xpath","value":"//span[contains(@id ,\"contractItemsSmartTable-header-inner\")]"}
COMMAND: POST /session/e8ae643ad1a7d9f9ee71b330bca2e34d/execute/sync - {"script":"<script> [56 bytes]","args":[{"element-6066-11e4-a52e-4f735466cecf":"f.804597995EEA20368E99A2927B0C1762.d.740081E811616F10FF729A5C17BABDA3.e.15721","ELEMENT":"f.804597995EEA20368E99A2927B0C1762.d.740081E811616F10FF729A5C17BABDA3.e.15721"}]}
RESULT: {"script":"<script> [56 bytes]","args":[{"element-6066-11e4-a52e-4f735466cecf":"f.804597995EEA20368E99A2927B0C1762.d.740081E811616F10FF729A5C17BABDA3.e.15721","ELEMENT":"f.804597995EEA20368E99A2927B0C1762.d.740081E811616F10FF729A5C17BABDA3.e.15721"}]}
]]></system-out>
    </testcase>
    <testcase classname="chrome.135_0_7049_42.windows.Billing_transfer_US117289" name="Should do a provide to site handover" time="49.112">
      <system-out><![CDATA[
COMMAND: GET /session/e8ae643ad1a7d9f9ee71b330bca2e34d/screenshot - {}
COMMAND: POST /session/e8ae643ad1a7d9f9ee71b330bca2e34d/element - {"using":"xpath","value":"//button[@data-kt=\"provideButton\"]"}
RESULT: {}
RESULT: {"using":"xpath","value":"//button[@data-kt=\"provideButton\"]"}
COMMAND: POST /session/e8ae643ad1a7d9f9ee71b330bca2e34d/element/f.804597995EEA20368E99A2927B0C1762.d.740081E811616F10FF729A5C17BABDA3.e.15722/click - {}
RESULT: {}
COMMAND: GET /session/e8ae643ad1a7d9f9ee71b330bca2e34d/screenshot - {}
RESULT: undefined
COMMAND: POST /session/e8ae643ad1a7d9f9ee71b330bca2e34d/execute/async - {"script":"<script> [6424 bytes]","args":[{"element-6066-11e4-a52e-4f735466cecf":"f.804597995EEA20368E99A2927B0C1762.d.740081E811616F10FF729A5C17BABDA3.e.14727"},"setValue",["04/15/2025"]]}
RESULT: {}
COMMAND: POST /session/e8ae643ad1a7d9f9ee71b330bca2e34d/execute/async - {"script":"<script> [1562 bytes]","args":[{"selector":{"id":"application-managehandovers-display-component---AddNewHO--dueDate","interaction":{"idSuffix":"inner"}},"wdio_ui5_key":"applicationmanagehandovers-display-component---AddNewHO--dueDate"}]}
RESULT: {"script":"<script> [1562 bytes]","args":[{"selector":{"id":"application-managehandovers-display-component---AddNewHO--dueDate","interaction":{"idSuffix":"inner"}},"wdio_ui5_key":"applicationmanagehandovers-display-component---AddNewHO--dueDate"}]}
COMMAND: POST /session/e8ae643ad1a7d9f9ee71b330bca2e34d/execute/async - {"script":"<script> [6424 bytes]","args":[{"element-6066-11e4-a52e-4f735466cecf":"f.804597995EEA20368E99A2927B0C1762.d.740081E811616F10FF729A5C17BABDA3.e.15775"},"setValue",["04/15/2025"]]}
RESULT: {"script":"<script> [6424 bytes]","args":[{"element-6066-11e4-a52e-4f735466cecf":"f.804597995EEA20368E99A2927B0C1762.d.740081E811616F10FF729A5C17BABDA3.e.15775"},"setValue",["04/15/2025"]]}
COMMAND: POST /session/e8ae643ad1a7d9f9ee71b330bca2e34d/element - {"using":"xpath","value":"//bdi[contains(text(), \"Instructions\")]"}
RESULT: {"using":"xpath","value":"//bdi[contains(text(), \"Instructions\")]"}
COMMAND: POST /session/e8ae643ad1a7d9f9ee71b330bca2e34d/element/f.804597995EEA20368E99A2927B0C1762.d.740081E811616F10FF729A5C17BABDA3.e.16028/click - {}
RESULT: {}
COMMAND: GET /session/e8ae643ad1a7d9f9ee71b330bca2e34d/screenshot - {}
RESULT: {}
COMMAND: POST /session/e8ae643ad1a7d9f9ee71b330bca2e34d/element - {"using":"xpath","value":"//button[@data-kt=\"AddNewHOProvideAddItemsButton\"]"}
RESULT: {"using":"xpath","value":"//button[@data-kt=\"AddNewHOProvideAddItemsButton\"]"}
COMMAND: POST /session/e8ae643ad1a7d9f9ee71b330bca2e34d/element/f.804597995EEA20368E99A2927B0C1762.d.740081E811616F10FF729A5C17BABDA3.e.16032/click - {}
RESULT: {}
COMMAND: GET /session/e8ae643ad1a7d9f9ee71b330bca2e34d/screenshot - {}
RESULT: {}
RESULT: undefined
COMMAND: POST /session/e8ae643ad1a7d9f9ee71b330bca2e34d/element - {"using":"xpath","value":"//*[@id=\"application-managehandovers-display-component---AddNewHO--popup-sa\"]"}
RESULT: {"using":"xpath","value":"//*[@id=\"application-managehandovers-display-component---AddNewHO--popup-sa\"]"}
COMMAND: POST /session/e8ae643ad1a7d9f9ee71b330bca2e34d/element/f.804597995EEA20368E99A2927B0C1762.d.740081E811616F10FF729A5C17BABDA3.e.16041/click - {}
RESULT: {}
COMMAND: GET /session/e8ae643ad1a7d9f9ee71b330bca2e34d/screenshot - {}
RESULT: {}
COMMAND: POST /session/e8ae643ad1a7d9f9ee71b330bca2e34d/element - {"using":"xpath","value":"//*[contains(@id ,\"BDI-content\")][contains(text(), \"Select\")]"}
RESULT: {"using":"xpath","value":"//*[contains(@id ,\"BDI-content\")][contains(text(), \"Select\")]"}
COMMAND: POST /session/e8ae643ad1a7d9f9ee71b330bca2e34d/element/f.804597995EEA20368E99A2927B0C1762.d.740081E811616F10FF729A5C17BABDA3.e.16043/click - {}
RESULT: {}
COMMAND: GET /session/e8ae643ad1a7d9f9ee71b330bca2e34d/screenshot - {}
RESULT: {}
COMMAND: POST /session/e8ae643ad1a7d9f9ee71b330bca2e34d/execute/async - {"script":"<script> [1562 bytes]","args":[{"selector":{"id":"application-managehandovers-display-component---AddNewHO--confirmCreationButton","interaction":{"idSuffix":"BDI-content"}},"wdio_ui5_key":"applicationmanagehandovers-display-component---AddNewHO--confirmCreationButton"}]}
RESULT: {"script":"<script> [1562 bytes]","args":[{"selector":{"id":"application-managehandovers-display-component---AddNewHO--confirmCreationButton","interaction":{"idSuffix":"BDI-content"}},"wdio_ui5_key":"applicationmanagehandovers-display-component---AddNewHO--confirmCreationButton"}]}
RESULT: undefined
COMMAND: POST /session/e8ae643ad1a7d9f9ee71b330bca2e34d/element - {"using":"xpath","value":"//*[@id=\"application-managehandovers-display-component---AddNewHO--confirmCreationButton\"]"}
RESULT: {"using":"xpath","value":"//*[@id=\"application-managehandovers-display-component---AddNewHO--confirmCreationButton\"]"}
COMMAND: POST /session/e8ae643ad1a7d9f9ee71b330bca2e34d/element/f.804597995EEA20368E99A2927B0C1762.d.740081E811616F10FF729A5C17BABDA3.e.15854/click - {}
RESULT: {}
COMMAND: GET /session/e8ae643ad1a7d9f9ee71b330bca2e34d/screenshot - {}
RESULT: {}
COMMAND: POST /session/e8ae643ad1a7d9f9ee71b330bca2e34d/element - {"using":"xpath","value":"//button[@data-kt=\"PickingTableConfirmAllButton\"]"}
RESULT: {"using":"xpath","value":"//button[@data-kt=\"PickingTableConfirmAllButton\"]"}
COMMAND: POST /session/e8ae643ad1a7d9f9ee71b330bca2e34d/element/f.804597995EEA20368E99A2927B0C1762.d.740081E811616F10FF729A5C17BABDA3.e.16089/click - {}
COMMAND: POST /session/e8ae643ad1a7d9f9ee71b330bca2e34d/element - {"using":"xpath","value":"//button[@data-kt=\"PickingTableConfirmAllButton\"]"}
RESULT: {"using":"xpath","value":"//button[@data-kt=\"PickingTableConfirmAllButton\"]"}
COMMAND: POST /session/e8ae643ad1a7d9f9ee71b330bca2e34d/element/f.804597995EEA20368E99A2927B0C1762.d.740081E811616F10FF729A5C17BABDA3.e.16089/click - {}
COMMAND: POST /session/e8ae643ad1a7d9f9ee71b330bca2e34d/element - {"using":"xpath","value":"//button[@data-kt=\"PickingTableConfirmAllButton\"]"}
RESULT: {"using":"xpath","value":"//button[@data-kt=\"PickingTableConfirmAllButton\"]"}
COMMAND: POST /session/e8ae643ad1a7d9f9ee71b330bca2e34d/element/f.804597995EEA20368E99A2927B0C1762.d.740081E811616F10FF729A5C17BABDA3.e.16092/click - {}
RESULT: {}
COMMAND: GET /session/e8ae643ad1a7d9f9ee71b330bca2e34d/screenshot - {}
RESULT: {}
COMMAND: POST /session/e8ae643ad1a7d9f9ee71b330bca2e34d/element - {"using":"xpath","value":"//bdi[contains(text(), \"OK\")]"}
RESULT: {"using":"xpath","value":"//bdi[contains(text(), \"OK\")]"}
COMMAND: POST /session/e8ae643ad1a7d9f9ee71b330bca2e34d/element/f.804597995EEA20368E99A2927B0C1762.d.740081E811616F10FF729A5C17BABDA3.e.16105/click - {}
RESULT: {}
COMMAND: GET /session/e8ae643ad1a7d9f9ee71b330bca2e34d/screenshot - {}
RESULT: {}
COMMAND: POST /session/e8ae643ad1a7d9f9ee71b330bca2e34d/element - {"using":"xpath","value":"//bdi[contains(text(), \"Issue\")]"}
RESULT: {"using":"xpath","value":"//bdi[contains(text(), \"Issue\")]"}
COMMAND: POST /session/e8ae643ad1a7d9f9ee71b330bca2e34d/element/f.804597995EEA20368E99A2927B0C1762.d.740081E811616F10FF729A5C17BABDA3.e.16107/click - {}
RESULT: {}
COMMAND: GET /session/e8ae643ad1a7d9f9ee71b330bca2e34d/screenshot - {}
RESULT: {}
COMMAND: POST /session/e8ae643ad1a7d9f9ee71b330bca2e34d/element - {"using":"css selector","value":"#shell-header-logo"}
RESULT: {"using":"css selector","value":"#shell-header-logo"}
COMMAND: POST /session/e8ae643ad1a7d9f9ee71b330bca2e34d/element/f.804597995EEA20368E99A2927B0C1762.d.740081E811616F10FF729A5C17BABDA3.e.15137/click - {}
RESULT: {}
COMMAND: GET /session/e8ae643ad1a7d9f9ee71b330bca2e34d/screenshot - {}
RESULT: {}
]]></system-out>
    </testcase>
    <testcase classname="chrome.135_0_7049_42.windows.Billing_transfer_US117289" name="Should navigate to Manage Billings and trigger contract calculation business confirm it" time="52.698">
      <system-out><![CDATA[
COMMAND: POST /session/e8ae643ad1a7d9f9ee71b330bca2e34d/execute/async - {"script":"<script> [1562 bytes]","args":[{"selector":{"controlType":"sap.m.GenericTile","properties":{"header":"Manage Billings"}},"wdio_ui5_key":"sapm.GenericTile{\"header\":\"Manage Billings\"}"}]}
RESULT: {"script":"<script> [1562 bytes]","args":[{"selector":{"controlType":"sap.m.GenericTile","properties":{"header":"Manage Billings"}},"wdio_ui5_key":"sapm.GenericTile{\"header\":\"Manage Billings\"}"}]}
RESULT: undefined
COMMAND: POST /session/e8ae643ad1a7d9f9ee71b330bca2e34d/element - {"using":"xpath","value":"//*[@id=\"__tile51\"]"}
RESULT: {"using":"xpath","value":"//*[@id=\"__tile51\"]"}
COMMAND: POST /session/e8ae643ad1a7d9f9ee71b330bca2e34d/element/f.804597995EEA20368E99A2927B0C1762.d.740081E811616F10FF729A5C17BABDA3.e.13041/click - {}
RESULT: {}
COMMAND: GET /session/e8ae643ad1a7d9f9ee71b330bca2e34d/screenshot - {}
RESULT: {}
COMMAND: POST /session/e8ae643ad1a7d9f9ee71b330bca2e34d/execute/async - {"script":"<script> [1562 bytes]","args":[{"selector":{"id":"application-managebillings-display-component---billRunCalcResult--smartFilterBar-btnBasicSearch","interaction":{"idSuffix":"I"}},"wdio_ui5_key":"applicationmanagebillings-display-component---billRunCalcResult--smartFilterBar-btnBasicSearch"}]}
RESULT: {"script":"<script> [1562 bytes]","args":[{"selector":{"id":"application-managebillings-display-component---billRunCalcResult--smartFilterBar-btnBasicSearch","interaction":{"idSuffix":"I"}},"wdio_ui5_key":"applicationmanagebillings-display-component---billRunCalcResult--smartFilterBar-btnBasicSearch"}]}
RESULT: undefined
COMMAND: POST /session/e8ae643ad1a7d9f9ee71b330bca2e34d/execute/async - {"script":"<script> [776 bytes]","args":[{"enterText":"10303","selector":{"id":"application-managebillings-display-component---billRunCalcResult--smartFilterBar-btnBasicSearch","interaction":{"idSuffix":"I"}},"clearTextFirst":true,"interactionType":"ENTER_TEXT"}]}
RESULT: {"script":"<script> [776 bytes]","args":[{"enterText":"10303","selector":{"id":"application-managebillings-display-component---billRunCalcResult--smartFilterBar-btnBasicSearch","interaction":{"idSuffix":"I"}},"clearTextFirst":true,"interactionType":"ENTER_TEXT"}]}
COMMAND: POST /session/e8ae643ad1a7d9f9ee71b330bca2e34d/actions - {"actions":[{"id":"action53","type":"key","parameters":{},"actions":[{"type":"keyDown","value":""},{"type":"pause","duration":10},{"type":"keyUp","value":""}]}]}
RESULT: {"actions":[{"id":"action53","type":"key","parameters":{},"actions":[{"type":"keyDown","value":""},{"type":"pause","duration":10},{"type":"keyUp","value":""}]}]}
COMMAND: GET /session/e8ae643ad1a7d9f9ee71b330bca2e34d/screenshot - {}
RESULT: {}
COMMAND: POST /session/e8ae643ad1a7d9f9ee71b330bca2e34d/element - {"using":"xpath","value":"//td[@aria-colindex=\"1\"]/div/div[contains(@class, \"sapMCbBg\")]"}
RESULT: {"using":"xpath","value":"//td[@aria-colindex=\"1\"]/div/div[contains(@class, \"sapMCbBg\")]"}
COMMAND: POST /session/e8ae643ad1a7d9f9ee71b330bca2e34d/element/f.804597995EEA20368E99A2927B0C1762.d.740081E811616F10FF729A5C17BABDA3.e.16492/click - {}
RESULT: {}
COMMAND: GET /session/e8ae643ad1a7d9f9ee71b330bca2e34d/screenshot - {}
RESULT: {}
COMMAND: POST /session/e8ae643ad1a7d9f9ee71b330bca2e34d/execute/async - {"script":"<script> [1562 bytes]","args":[{"selector":{"id":"application-managebillings-display-component---billRunCalcResult--contractBillRunDate","interaction":{"idSuffix":"inner"}},"wdio_ui5_key":"applicationmanagebillings-display-component---billRunCalcResult--contractBillRunDate"}]}
RESULT: {"script":"<script> [1562 bytes]","args":[{"selector":{"id":"application-managebillings-display-component---billRunCalcResult--contractBillRunDate","interaction":{"idSuffix":"inner"}},"wdio_ui5_key":"applicationmanagebillings-display-component---billRunCalcResult--contractBillRunDate"}]}
RESULT: undefined
COMMAND: POST /session/e8ae643ad1a7d9f9ee71b330bca2e34d/execute/async - {"script":"<script> [776 bytes]","args":[{"enterText":"05/15/25","selector":{"id":"application-managebillings-display-component---billRunCalcResult--contractBillRunDate","interaction":{"idSuffix":"inner"}},"clearTextFirst":true,"interactionType":"ENTER_TEXT"}]}
RESULT: {"script":"<script> [776 bytes]","args":[{"enterText":"05/15/25","selector":{"id":"application-managebillings-display-component---billRunCalcResult--contractBillRunDate","interaction":{"idSuffix":"inner"}},"clearTextFirst":true,"interactionType":"ENTER_TEXT"}]}
COMMAND: POST /session/e8ae643ad1a7d9f9ee71b330bca2e34d/element - {"using":"xpath","value":"//bdi[contains(text(), \"Trigger Calculation\")]"}
RESULT: {"using":"xpath","value":"//bdi[contains(text(), \"Trigger Calculation\")]"}
COMMAND: POST /session/e8ae643ad1a7d9f9ee71b330bca2e34d/element/f.804597995EEA20368E99A2927B0C1762.d.740081E811616F10FF729A5C17BABDA3.e.16543/click - {}
RESULT: {}
COMMAND: GET /session/e8ae643ad1a7d9f9ee71b330bca2e34d/screenshot - {}
RESULT: {}
COMMAND: POST /session/e8ae643ad1a7d9f9ee71b330bca2e34d/element - {"using":"xpath","value":"(//span[contains(@id, \"imgNav\")])[1]"}
RESULT: {"using":"xpath","value":"(//span[contains(@id, \"imgNav\")])[1]"}
COMMAND: POST /session/e8ae643ad1a7d9f9ee71b330bca2e34d/element/f.804597995EEA20368E99A2927B0C1762.d.740081E811616F10FF729A5C17BABDA3.e.16493/click - {}
RESULT: {}
COMMAND: GET /session/e8ae643ad1a7d9f9ee71b330bca2e34d/screenshot - {}
RESULT: {}
COMMAND: POST /session/e8ae643ad1a7d9f9ee71b330bca2e34d/execute/async - {"script":"<script> [1562 bytes]","args":[{"selector":{"controlType":"sap.ui.core.Icon","viewName":"etm.portal.ui.managebillings.view.Master","viewId":"application-managebillings-display-component---billRunCalcResult","properties":{"src":{"regex":{"source":"slim\\-arrow\\-right"}}}},"wdio_ui5_key":"etmportal.ui.managebillings.view.Mastersap.ui.core.Icon{\"src\":{\"regex\":{\"source\":\"slim\\\\-arrow\\\\-right\"}}}"}]}
RESULT: {"script":"<script> [1562 bytes]","args":[{"selector":{"controlType":"sap.ui.core.Icon","viewName":"etm.portal.ui.managebillings.view.Master","viewId":"application-managebillings-display-component---billRunCalcResult","properties":{"src":{"regex":{"source":"slim\\-arrow\\-right"}}}},"wdio_ui5_key":"etmportal.ui.managebillings.view.Mastersap.ui.core.Icon{\"src\":{\"regex\":{\"source\":\"slim\\\\-arrow\\\\-right\"}}}"}]}
RESULT: undefined
COMMAND: POST /session/e8ae643ad1a7d9f9ee71b330bca2e34d/element - {"using":"xpath","value":"//*[@id=\"__item1713-application-managebillings-display-component---billRunCalcResult--billingRunsTable-0-imgNav\"]"}
RESULT: {"using":"xpath","value":"//*[@id=\"__item1713-application-managebillings-display-component---billRunCalcResult--billingRunsTable-0-imgNav\"]"}
COMMAND: POST /session/e8ae643ad1a7d9f9ee71b330bca2e34d/element/f.804597995EEA20368E99A2927B0C1762.d.740081E811616F10FF729A5C17BABDA3.e.16548/click - {}
RESULT: {}
COMMAND: POST /session/e8ae643ad1a7d9f9ee71b330bca2e34d/execute/async - {"script":"<script> [1562 bytes]","args":[{"selector":{"id":"application-managebillings-display-component---billRunCalcResult--btnConf","interaction":{"idSuffix":"BDI-content"}},"wdio_ui5_key":"applicationmanagebillings-display-component---billRunCalcResult--btnConf"}]}
COMMAND: GET /session/e8ae643ad1a7d9f9ee71b330bca2e34d/screenshot - {}
RESULT: {}
RESULT: {"script":"<script> [1562 bytes]","args":[{"selector":{"id":"application-managebillings-display-component---billRunCalcResult--btnConf","interaction":{"idSuffix":"BDI-content"}},"wdio_ui5_key":"applicationmanagebillings-display-component---billRunCalcResult--btnConf"}]}
RESULT: undefined
COMMAND: POST /session/e8ae643ad1a7d9f9ee71b330bca2e34d/element - {"using":"xpath","value":"//*[@id=\"application-managebillings-display-component---billRunCalcResult--btnConf\"]"}
RESULT: {"using":"xpath","value":"//*[@id=\"application-managebillings-display-component---billRunCalcResult--btnConf\"]"}
COMMAND: POST /session/e8ae643ad1a7d9f9ee71b330bca2e34d/element/f.804597995EEA20368E99A2927B0C1762.d.740081E811616F10FF729A5C17BABDA3.e.16589/click - {}
RESULT: {}
COMMAND: POST /session/e8ae643ad1a7d9f9ee71b330bca2e34d/element - {"using":"css selector","value":"#shell-header-logo"}
COMMAND: GET /session/e8ae643ad1a7d9f9ee71b330bca2e34d/screenshot - {}
RESULT: {"using":"css selector","value":"#shell-header-logo"}
COMMAND: POST /session/e8ae643ad1a7d9f9ee71b330bca2e34d/element/f.804597995EEA20368E99A2927B0C1762.d.740081E811616F10FF729A5C17BABDA3.e.16287/click - {}
RESULT: {}
RESULT: {}
COMMAND: GET /session/e8ae643ad1a7d9f9ee71b330bca2e34d/screenshot - {}
RESULT: {}
]]></system-out>
    </testcase>
    <testcase classname="chrome.135_0_7049_42.windows.Billing_transfer_US117289" name="Should trigger Billing Transfer process all the way to completion" time="91.29">
      <system-out><![CDATA[
COMMAND: POST /session/e8ae643ad1a7d9f9ee71b330bca2e34d/execute/async - {"script":"<script> [1562 bytes]","args":[{"selector":{"controlType":"sap.m.GenericTile","properties":{"header":"Billing Transfer"}},"wdio_ui5_key":"sapm.GenericTile{\"header\":\"Billing Transfer\"}"}]}
RESULT: {"script":"<script> [1562 bytes]","args":[{"selector":{"controlType":"sap.m.GenericTile","properties":{"header":"Billing Transfer"}},"wdio_ui5_key":"sapm.GenericTile{\"header\":\"Billing Transfer\"}"}]}
RESULT: undefined
COMMAND: POST /session/e8ae643ad1a7d9f9ee71b330bca2e34d/element - {"using":"xpath","value":"//*[@id=\"__tile50\"]"}
RESULT: {"using":"xpath","value":"//*[@id=\"__tile50\"]"}
COMMAND: POST /session/e8ae643ad1a7d9f9ee71b330bca2e34d/element/f.804597995EEA20368E99A2927B0C1762.d.740081E811616F10FF729A5C17BABDA3.e.13039/click - {}
RESULT: {}
COMMAND: POST /session/e8ae643ad1a7d9f9ee71b330bca2e34d/element - {"using":"xpath","value":"//input[contains(@id ,\"application-billingtransfer-display-component---billingWorkbench--smartFilterBar-btnBasicSearch\")]"}
COMMAND: GET /session/e8ae643ad1a7d9f9ee71b330bca2e34d/screenshot - {}
RESULT: {"using":"xpath","value":"//input[contains(@id ,\"application-billingtransfer-display-component---billingWorkbench--smartFilterBar-btnBasicSearch\")]"}
COMMAND: POST /session/e8ae643ad1a7d9f9ee71b330bca2e34d/elements - {"using":"xpath","value":"//input[contains(@id ,\"application-billingtransfer-display-component---billingWorkbench--smartFilterBar-btnBasicSearch\")]"}
RESULT: {}
RESULT: {"using":"xpath","value":"//input[contains(@id ,\"application-billingtransfer-display-component---billingWorkbench--smartFilterBar-btnBasicSearch\")]"}
COMMAND: POST /session/e8ae643ad1a7d9f9ee71b330bca2e34d/element - {"using":"xpath","value":"//input[contains(@id ,\"application-billingtransfer-display-component---billingWorkbench--smartFilterBar-btnBasicSearch\")]"}
RESULT: {"using":"xpath","value":"//input[contains(@id ,\"application-billingtransfer-display-component---billingWorkbench--smartFilterBar-btnBasicSearch\")]"}
COMMAND: POST /session/e8ae643ad1a7d9f9ee71b330bca2e34d/execute/sync - {"script":"<script> [8489 bytes]","args":[{"element-6066-11e4-a52e-4f735466cecf":"f.804597995EEA20368E99A2927B0C1762.d.740081E811616F10FF729A5C17BABDA3.e.16624","ELEMENT":"f.804597995EEA20368E99A2927B0C1762.d.740081E811616F10FF729A5C17BABDA3.e.16624"}]}
RESULT: {"script":"<script> [8489 bytes]","args":[{"element-6066-11e4-a52e-4f735466cecf":"f.804597995EEA20368E99A2927B0C1762.d.740081E811616F10FF729A5C17BABDA3.e.16624","ELEMENT":"f.804597995EEA20368E99A2927B0C1762.d.740081E811616F10FF729A5C17BABDA3.e.16624"}]}
COMMAND: GET /session/e8ae643ad1a7d9f9ee71b330bca2e34d/element/f.804597995EEA20368E99A2927B0C1762.d.740081E811616F10FF729A5C17BABDA3.e.16624/enabled - {}
COMMAND: GET /session/e8ae643ad1a7d9f9ee71b330bca2e34d/screenshot - {}
RESULT: {}
COMMAND: POST /session/e8ae643ad1a7d9f9ee71b330bca2e34d/element/f.804597995EEA20368E99A2927B0C1762.d.740081E811616F10FF729A5C17BABDA3.e.16624/click - {}
COMMAND: GET /session/e8ae643ad1a7d9f9ee71b330bca2e34d/screenshot - {}
RESULT: {}
RESULT: {}
COMMAND: GET /session/e8ae643ad1a7d9f9ee71b330bca2e34d/screenshot - {}
RESULT: {}
RESULT: {}
COMMAND: POST /session/e8ae643ad1a7d9f9ee71b330bca2e34d/element/f.804597995EEA20368E99A2927B0C1762.d.740081E811616F10FF729A5C17BABDA3.e.16624/clear - {}
RESULT: {}
COMMAND: POST /session/e8ae643ad1a7d9f9ee71b330bca2e34d/element/f.804597995EEA20368E99A2927B0C1762.d.740081E811616F10FF729A5C17BABDA3.e.16624/value - {"text":"10303"}
COMMAND: GET /session/e8ae643ad1a7d9f9ee71b330bca2e34d/screenshot - {}
RESULT: {"text":"10303"}
COMMAND: POST /session/e8ae643ad1a7d9f9ee71b330bca2e34d/actions - {"actions":[{"id":"action54","type":"key","parameters":{},"actions":[{"type":"keyDown","value":""},{"type":"pause","duration":10},{"type":"keyUp","value":""}]}]}
COMMAND: GET /session/e8ae643ad1a7d9f9ee71b330bca2e34d/screenshot - {}
RESULT: {}
RESULT: {"actions":[{"id":"action54","type":"key","parameters":{},"actions":[{"type":"keyDown","value":""},{"type":"pause","duration":10},{"type":"keyUp","value":""}]}]}
COMMAND: GET /session/e8ae643ad1a7d9f9ee71b330bca2e34d/screenshot - {}
RESULT: {}
RESULT: {}
COMMAND: POST /session/e8ae643ad1a7d9f9ee71b330bca2e34d/element - {"using":"xpath","value":"//span[contains(@id ,\"application-billingtransfer-display-component---billingWorkbench--smartTableBillingRuns-header-inner\")]"}
RESULT: {"using":"xpath","value":"//span[contains(@id ,\"application-billingtransfer-display-component---billingWorkbench--smartTableBillingRuns-header-inner\")]"}
COMMAND: POST /session/e8ae643ad1a7d9f9ee71b330bca2e34d/elements - {"using":"xpath","value":"//span[contains(@id ,\"application-billingtransfer-display-component---billingWorkbench--smartTableBillingRuns-header-inner\")]"}
RESULT: {"using":"xpath","value":"//span[contains(@id ,\"application-billingtransfer-display-component---billingWorkbench--smartTableBillingRuns-header-inner\")]"}
COMMAND: POST /session/e8ae643ad1a7d9f9ee71b330bca2e34d/execute/sync - {"script":"<script> [56 bytes]","args":[{"element-6066-11e4-a52e-4f735466cecf":"f.804597995EEA20368E99A2927B0C1762.d.740081E811616F10FF729A5C17BABDA3.e.16763","ELEMENT":"f.804597995EEA20368E99A2927B0C1762.d.740081E811616F10FF729A5C17BABDA3.e.16763"}]}
RESULT: {"script":"<script> [56 bytes]","args":[{"element-6066-11e4-a52e-4f735466cecf":"f.804597995EEA20368E99A2927B0C1762.d.740081E811616F10FF729A5C17BABDA3.e.16763","ELEMENT":"f.804597995EEA20368E99A2927B0C1762.d.740081E811616F10FF729A5C17BABDA3.e.16763"}]}
COMMAND: POST /session/e8ae643ad1a7d9f9ee71b330bca2e34d/element - {"using":"xpath","value":"//td[@aria-colindex=\"1\"]/div/div[contains(@class, \"sapMCbBg\")]"}
COMMAND: GET /session/e8ae643ad1a7d9f9ee71b330bca2e34d/screenshot - {}
RESULT: {"using":"xpath","value":"//td[@aria-colindex=\"1\"]/div/div[contains(@class, \"sapMCbBg\")]"}
COMMAND: POST /session/e8ae643ad1a7d9f9ee71b330bca2e34d/element/f.804597995EEA20368E99A2927B0C1762.d.740081E811616F10FF729A5C17BABDA3.e.16736/click - {}
RESULT: {}
RESULT: {}
COMMAND: GET /session/e8ae643ad1a7d9f9ee71b330bca2e34d/screenshot - {}
RESULT: {}
COMMAND: POST /session/e8ae643ad1a7d9f9ee71b330bca2e34d/element - {"using":"xpath","value":"//bdi[contains(text(), \"Check\")]"}
RESULT: {"using":"xpath","value":"//bdi[contains(text(), \"Check\")]"}
COMMAND: POST /session/e8ae643ad1a7d9f9ee71b330bca2e34d/element/f.804597995EEA20368E99A2927B0C1762.d.740081E811616F10FF729A5C17BABDA3.e.16764/click - {}
RESULT: {}
COMMAND: GET /session/e8ae643ad1a7d9f9ee71b330bca2e34d/screenshot - {}
RESULT: {}
COMMAND: POST /session/e8ae643ad1a7d9f9ee71b330bca2e34d/element - {"using":"xpath","value":"//bdi[contains(text(), \"OK\")]"}
RESULT: {"using":"xpath","value":"//bdi[contains(text(), \"OK\")]"}
COMMAND: POST /session/e8ae643ad1a7d9f9ee71b330bca2e34d/element/f.804597995EEA20368E99A2927B0C1762.d.740081E811616F10FF729A5C17BABDA3.e.16767/click - {}
RESULT: {}
COMMAND: GET /session/e8ae643ad1a7d9f9ee71b330bca2e34d/screenshot - {}
RESULT: {}
COMMAND: POST /session/e8ae643ad1a7d9f9ee71b330bca2e34d/element - {"using":"xpath","value":"(//span[contains(text(), \"CO/SD checked\")]/parent::div/preceding-sibling::div/span)[1]"}
RESULT: {"using":"xpath","value":"(//span[contains(text(), \"CO/SD checked\")]/parent::div/preceding-sibling::div/span)[1]"}
COMMAND: POST /session/e8ae643ad1a7d9f9ee71b330bca2e34d/element/f.804597995EEA20368E99A2927B0C1762.d.740081E811616F10FF729A5C17BABDA3.e.16776/click - {}
RESULT: {}
COMMAND: GET /session/e8ae643ad1a7d9f9ee71b330bca2e34d/screenshot - {}
RESULT: {}
COMMAND: POST /session/e8ae643ad1a7d9f9ee71b330bca2e34d/element - {"using":"xpath","value":"//input[contains(@id ,\"application-billingtransfer-display-component---billingWorkbench--smartFilterBar-btnBasicSearch\")]"}
RESULT: {"using":"xpath","value":"//input[contains(@id ,\"application-billingtransfer-display-component---billingWorkbench--smartFilterBar-btnBasicSearch\")]"}
COMMAND: POST /session/e8ae643ad1a7d9f9ee71b330bca2e34d/elements - {"using":"xpath","value":"//input[contains(@id ,\"application-billingtransfer-display-component---billingWorkbench--smartFilterBar-btnBasicSearch\")]"}
RESULT: {"using":"xpath","value":"//input[contains(@id ,\"application-billingtransfer-display-component---billingWorkbench--smartFilterBar-btnBasicSearch\")]"}
COMMAND: POST /session/e8ae643ad1a7d9f9ee71b330bca2e34d/execute/sync - {"script":"<script> [8489 bytes]","args":[{"element-6066-11e4-a52e-4f735466cecf":"f.804597995EEA20368E99A2927B0C1762.d.740081E811616F10FF729A5C17BABDA3.e.16624","ELEMENT":"f.804597995EEA20368E99A2927B0C1762.d.740081E811616F10FF729A5C17BABDA3.e.16624"}]}
RESULT: {"script":"<script> [8489 bytes]","args":[{"element-6066-11e4-a52e-4f735466cecf":"f.804597995EEA20368E99A2927B0C1762.d.740081E811616F10FF729A5C17BABDA3.e.16624","ELEMENT":"f.804597995EEA20368E99A2927B0C1762.d.740081E811616F10FF729A5C17BABDA3.e.16624"}]}
COMMAND: GET /session/e8ae643ad1a7d9f9ee71b330bca2e34d/element/f.804597995EEA20368E99A2927B0C1762.d.740081E811616F10FF729A5C17BABDA3.e.16624/enabled - {}
COMMAND: GET /session/e8ae643ad1a7d9f9ee71b330bca2e34d/screenshot - {}
RESULT: {}
COMMAND: POST /session/e8ae643ad1a7d9f9ee71b330bca2e34d/element/f.804597995EEA20368E99A2927B0C1762.d.740081E811616F10FF729A5C17BABDA3.e.16624/click - {}
COMMAND: GET /session/e8ae643ad1a7d9f9ee71b330bca2e34d/screenshot - {}
RESULT: {}
RESULT: {}
COMMAND: GET /session/e8ae643ad1a7d9f9ee71b330bca2e34d/screenshot - {}
RESULT: {}
RESULT: {}
COMMAND: POST /session/e8ae643ad1a7d9f9ee71b330bca2e34d/element/f.804597995EEA20368E99A2927B0C1762.d.740081E811616F10FF729A5C17BABDA3.e.16624/clear - {}
RESULT: {}
COMMAND: POST /session/e8ae643ad1a7d9f9ee71b330bca2e34d/element/f.804597995EEA20368E99A2927B0C1762.d.740081E811616F10FF729A5C17BABDA3.e.16624/value - {"text":"10303"}
COMMAND: GET /session/e8ae643ad1a7d9f9ee71b330bca2e34d/screenshot - {}
RESULT: {"text":"10303"}
COMMAND: POST /session/e8ae643ad1a7d9f9ee71b330bca2e34d/actions - {"actions":[{"id":"action55","type":"key","parameters":{},"actions":[{"type":"keyDown","value":""},{"type":"pause","duration":10},{"type":"keyUp","value":""}]}]}
COMMAND: GET /session/e8ae643ad1a7d9f9ee71b330bca2e34d/screenshot - {}
RESULT: {}
RESULT: {"actions":[{"id":"action55","type":"key","parameters":{},"actions":[{"type":"keyDown","value":""},{"type":"pause","duration":10},{"type":"keyUp","value":""}]}]}
COMMAND: GET /session/e8ae643ad1a7d9f9ee71b330bca2e34d/screenshot - {}
RESULT: {}
RESULT: {}
COMMAND: POST /session/e8ae643ad1a7d9f9ee71b330bca2e34d/element - {"using":"xpath","value":"//span[contains(@id ,\"application-billingtransfer-display-component---billingWorkbench--smartTableBillingRuns-header-inner\")]"}
RESULT: {"using":"xpath","value":"//span[contains(@id ,\"application-billingtransfer-display-component---billingWorkbench--smartTableBillingRuns-header-inner\")]"}
COMMAND: POST /session/e8ae643ad1a7d9f9ee71b330bca2e34d/elements - {"using":"xpath","value":"//span[contains(@id ,\"application-billingtransfer-display-component---billingWorkbench--smartTableBillingRuns-header-inner\")]"}
RESULT: {"using":"xpath","value":"//span[contains(@id ,\"application-billingtransfer-display-component---billingWorkbench--smartTableBillingRuns-header-inner\")]"}
COMMAND: POST /session/e8ae643ad1a7d9f9ee71b330bca2e34d/execute/sync - {"script":"<script> [56 bytes]","args":[{"element-6066-11e4-a52e-4f735466cecf":"f.804597995EEA20368E99A2927B0C1762.d.740081E811616F10FF729A5C17BABDA3.e.16763","ELEMENT":"f.804597995EEA20368E99A2927B0C1762.d.740081E811616F10FF729A5C17BABDA3.e.16763"}]}
RESULT: {"script":"<script> [56 bytes]","args":[{"element-6066-11e4-a52e-4f735466cecf":"f.804597995EEA20368E99A2927B0C1762.d.740081E811616F10FF729A5C17BABDA3.e.16763","ELEMENT":"f.804597995EEA20368E99A2927B0C1762.d.740081E811616F10FF729A5C17BABDA3.e.16763"}]}
COMMAND: GET /session/e8ae643ad1a7d9f9ee71b330bca2e34d/screenshot - {}
RESULT: {}
COMMAND: POST /session/e8ae643ad1a7d9f9ee71b330bca2e34d/execute/sync - {"script":"<script> [56 bytes]","args":[{"element-6066-11e4-a52e-4f735466cecf":"f.804597995EEA20368E99A2927B0C1762.d.740081E811616F10FF729A5C17BABDA3.e.16763","ELEMENT":"f.804597995EEA20368E99A2927B0C1762.d.740081E811616F10FF729A5C17BABDA3.e.16763"}]}
RESULT: {"script":"<script> [56 bytes]","args":[{"element-6066-11e4-a52e-4f735466cecf":"f.804597995EEA20368E99A2927B0C1762.d.740081E811616F10FF729A5C17BABDA3.e.16763","ELEMENT":"f.804597995EEA20368E99A2927B0C1762.d.740081E811616F10FF729A5C17BABDA3.e.16763"}]}
COMMAND: GET /session/e8ae643ad1a7d9f9ee71b330bca2e34d/screenshot - {}
RESULT: {}
COMMAND: POST /session/e8ae643ad1a7d9f9ee71b330bca2e34d/execute/sync - {"script":"<script> [56 bytes]","args":[{"element-6066-11e4-a52e-4f735466cecf":"f.804597995EEA20368E99A2927B0C1762.d.740081E811616F10FF729A5C17BABDA3.e.16763","ELEMENT":"f.804597995EEA20368E99A2927B0C1762.d.740081E811616F10FF729A5C17BABDA3.e.16763"}]}
RESULT: {"script":"<script> [56 bytes]","args":[{"element-6066-11e4-a52e-4f735466cecf":"f.804597995EEA20368E99A2927B0C1762.d.740081E811616F10FF729A5C17BABDA3.e.16763","ELEMENT":"f.804597995EEA20368E99A2927B0C1762.d.740081E811616F10FF729A5C17BABDA3.e.16763"}]}
COMMAND: GET /session/e8ae643ad1a7d9f9ee71b330bca2e34d/screenshot - {}
RESULT: {}
COMMAND: POST /session/e8ae643ad1a7d9f9ee71b330bca2e34d/execute/sync - {"script":"<script> [56 bytes]","args":[{"element-6066-11e4-a52e-4f735466cecf":"f.804597995EEA20368E99A2927B0C1762.d.740081E811616F10FF729A5C17BABDA3.e.16763","ELEMENT":"f.804597995EEA20368E99A2927B0C1762.d.740081E811616F10FF729A5C17BABDA3.e.16763"}]}
RESULT: {"script":"<script> [56 bytes]","args":[{"element-6066-11e4-a52e-4f735466cecf":"f.804597995EEA20368E99A2927B0C1762.d.740081E811616F10FF729A5C17BABDA3.e.16763","ELEMENT":"f.804597995EEA20368E99A2927B0C1762.d.740081E811616F10FF729A5C17BABDA3.e.16763"}]}
COMMAND: GET /session/e8ae643ad1a7d9f9ee71b330bca2e34d/screenshot - {}
RESULT: {}
COMMAND: POST /session/e8ae643ad1a7d9f9ee71b330bca2e34d/execute/sync - {"script":"<script> [56 bytes]","args":[{"element-6066-11e4-a52e-4f735466cecf":"f.804597995EEA20368E99A2927B0C1762.d.740081E811616F10FF729A5C17BABDA3.e.16763","ELEMENT":"f.804597995EEA20368E99A2927B0C1762.d.740081E811616F10FF729A5C17BABDA3.e.16763"}]}
RESULT: {"script":"<script> [56 bytes]","args":[{"element-6066-11e4-a52e-4f735466cecf":"f.804597995EEA20368E99A2927B0C1762.d.740081E811616F10FF729A5C17BABDA3.e.16763","ELEMENT":"f.804597995EEA20368E99A2927B0C1762.d.740081E811616F10FF729A5C17BABDA3.e.16763"}]}
COMMAND: GET /session/e8ae643ad1a7d9f9ee71b330bca2e34d/screenshot - {}
RESULT: {}
COMMAND: POST /session/e8ae643ad1a7d9f9ee71b330bca2e34d/execute/sync - {"script":"<script> [56 bytes]","args":[{"element-6066-11e4-a52e-4f735466cecf":"f.804597995EEA20368E99A2927B0C1762.d.740081E811616F10FF729A5C17BABDA3.e.16763","ELEMENT":"f.804597995EEA20368E99A2927B0C1762.d.740081E811616F10FF729A5C17BABDA3.e.16763"}]}
RESULT: {"script":"<script> [56 bytes]","args":[{"element-6066-11e4-a52e-4f735466cecf":"f.804597995EEA20368E99A2927B0C1762.d.740081E811616F10FF729A5C17BABDA3.e.16763","ELEMENT":"f.804597995EEA20368E99A2927B0C1762.d.740081E811616F10FF729A5C17BABDA3.e.16763"}]}
COMMAND: GET /session/e8ae643ad1a7d9f9ee71b330bca2e34d/screenshot - {}
RESULT: {}
COMMAND: POST /session/e8ae643ad1a7d9f9ee71b330bca2e34d/execute/sync - {"script":"<script> [56 bytes]","args":[{"element-6066-11e4-a52e-4f735466cecf":"f.804597995EEA20368E99A2927B0C1762.d.740081E811616F10FF729A5C17BABDA3.e.16763","ELEMENT":"f.804597995EEA20368E99A2927B0C1762.d.740081E811616F10FF729A5C17BABDA3.e.16763"}]}
RESULT: {"script":"<script> [56 bytes]","args":[{"element-6066-11e4-a52e-4f735466cecf":"f.804597995EEA20368E99A2927B0C1762.d.740081E811616F10FF729A5C17BABDA3.e.16763","ELEMENT":"f.804597995EEA20368E99A2927B0C1762.d.740081E811616F10FF729A5C17BABDA3.e.16763"}]}
COMMAND: GET /session/e8ae643ad1a7d9f9ee71b330bca2e34d/screenshot - {}
RESULT: {}
COMMAND: POST /session/e8ae643ad1a7d9f9ee71b330bca2e34d/execute/sync - {"script":"<script> [56 bytes]","args":[{"element-6066-11e4-a52e-4f735466cecf":"f.804597995EEA20368E99A2927B0C1762.d.740081E811616F10FF729A5C17BABDA3.e.16763","ELEMENT":"f.804597995EEA20368E99A2927B0C1762.d.740081E811616F10FF729A5C17BABDA3.e.16763"}]}
RESULT: {"script":"<script> [56 bytes]","args":[{"element-6066-11e4-a52e-4f735466cecf":"f.804597995EEA20368E99A2927B0C1762.d.740081E811616F10FF729A5C17BABDA3.e.16763","ELEMENT":"f.804597995EEA20368E99A2927B0C1762.d.740081E811616F10FF729A5C17BABDA3.e.16763"}]}
COMMAND: GET /session/e8ae643ad1a7d9f9ee71b330bca2e34d/screenshot - {}
RESULT: {}
COMMAND: POST /session/e8ae643ad1a7d9f9ee71b330bca2e34d/execute/sync - {"script":"<script> [56 bytes]","args":[{"element-6066-11e4-a52e-4f735466cecf":"f.804597995EEA20368E99A2927B0C1762.d.740081E811616F10FF729A5C17BABDA3.e.16763","ELEMENT":"f.804597995EEA20368E99A2927B0C1762.d.740081E811616F10FF729A5C17BABDA3.e.16763"}]}
RESULT: {"script":"<script> [56 bytes]","args":[{"element-6066-11e4-a52e-4f735466cecf":"f.804597995EEA20368E99A2927B0C1762.d.740081E811616F10FF729A5C17BABDA3.e.16763","ELEMENT":"f.804597995EEA20368E99A2927B0C1762.d.740081E811616F10FF729A5C17BABDA3.e.16763"}]}
COMMAND: GET /session/e8ae643ad1a7d9f9ee71b330bca2e34d/screenshot - {}
RESULT: {}
COMMAND: POST /session/e8ae643ad1a7d9f9ee71b330bca2e34d/execute/sync - {"script":"<script> [56 bytes]","args":[{"element-6066-11e4-a52e-4f735466cecf":"f.804597995EEA20368E99A2927B0C1762.d.740081E811616F10FF729A5C17BABDA3.e.16763","ELEMENT":"f.804597995EEA20368E99A2927B0C1762.d.740081E811616F10FF729A5C17BABDA3.e.16763"}]}
RESULT: {"script":"<script> [56 bytes]","args":[{"element-6066-11e4-a52e-4f735466cecf":"f.804597995EEA20368E99A2927B0C1762.d.740081E811616F10FF729A5C17BABDA3.e.16763","ELEMENT":"f.804597995EEA20368E99A2927B0C1762.d.740081E811616F10FF729A5C17BABDA3.e.16763"}]}
COMMAND: GET /session/e8ae643ad1a7d9f9ee71b330bca2e34d/screenshot - {}
RESULT: {}
COMMAND: POST /session/e8ae643ad1a7d9f9ee71b330bca2e34d/execute/sync - {"script":"<script> [56 bytes]","args":[{"element-6066-11e4-a52e-4f735466cecf":"f.804597995EEA20368E99A2927B0C1762.d.740081E811616F10FF729A5C17BABDA3.e.16763","ELEMENT":"f.804597995EEA20368E99A2927B0C1762.d.740081E811616F10FF729A5C17BABDA3.e.16763"}]}
RESULT: {"script":"<script> [56 bytes]","args":[{"element-6066-11e4-a52e-4f735466cecf":"f.804597995EEA20368E99A2927B0C1762.d.740081E811616F10FF729A5C17BABDA3.e.16763","ELEMENT":"f.804597995EEA20368E99A2927B0C1762.d.740081E811616F10FF729A5C17BABDA3.e.16763"}]}
COMMAND: GET /session/e8ae643ad1a7d9f9ee71b330bca2e34d/screenshot - {}
RESULT: {}
COMMAND: POST /session/e8ae643ad1a7d9f9ee71b330bca2e34d/execute/sync - {"script":"<script> [56 bytes]","args":[{"element-6066-11e4-a52e-4f735466cecf":"f.804597995EEA20368E99A2927B0C1762.d.740081E811616F10FF729A5C17BABDA3.e.16763","ELEMENT":"f.804597995EEA20368E99A2927B0C1762.d.740081E811616F10FF729A5C17BABDA3.e.16763"}]}
RESULT: {"script":"<script> [56 bytes]","args":[{"element-6066-11e4-a52e-4f735466cecf":"f.804597995EEA20368E99A2927B0C1762.d.740081E811616F10FF729A5C17BABDA3.e.16763","ELEMENT":"f.804597995EEA20368E99A2927B0C1762.d.740081E811616F10FF729A5C17BABDA3.e.16763"}]}
COMMAND: GET /session/e8ae643ad1a7d9f9ee71b330bca2e34d/screenshot - {}
RESULT: {}
COMMAND: POST /session/e8ae643ad1a7d9f9ee71b330bca2e34d/execute/sync - {"script":"<script> [56 bytes]","args":[{"element-6066-11e4-a52e-4f735466cecf":"f.804597995EEA20368E99A2927B0C1762.d.740081E811616F10FF729A5C17BABDA3.e.16763","ELEMENT":"f.804597995EEA20368E99A2927B0C1762.d.740081E811616F10FF729A5C17BABDA3.e.16763"}]}
RESULT: {"script":"<script> [56 bytes]","args":[{"element-6066-11e4-a52e-4f735466cecf":"f.804597995EEA20368E99A2927B0C1762.d.740081E811616F10FF729A5C17BABDA3.e.16763","ELEMENT":"f.804597995EEA20368E99A2927B0C1762.d.740081E811616F10FF729A5C17BABDA3.e.16763"}]}
COMMAND: GET /session/e8ae643ad1a7d9f9ee71b330bca2e34d/screenshot - {}
RESULT: {}
COMMAND: POST /session/e8ae643ad1a7d9f9ee71b330bca2e34d/execute/sync - {"script":"<script> [56 bytes]","args":[{"element-6066-11e4-a52e-4f735466cecf":"f.804597995EEA20368E99A2927B0C1762.d.740081E811616F10FF729A5C17BABDA3.e.16763","ELEMENT":"f.804597995EEA20368E99A2927B0C1762.d.740081E811616F10FF729A5C17BABDA3.e.16763"}]}
RESULT: {"script":"<script> [56 bytes]","args":[{"element-6066-11e4-a52e-4f735466cecf":"f.804597995EEA20368E99A2927B0C1762.d.740081E811616F10FF729A5C17BABDA3.e.16763","ELEMENT":"f.804597995EEA20368E99A2927B0C1762.d.740081E811616F10FF729A5C17BABDA3.e.16763"}]}
COMMAND: GET /session/e8ae643ad1a7d9f9ee71b330bca2e34d/screenshot - {}
RESULT: {}
COMMAND: POST /session/e8ae643ad1a7d9f9ee71b330bca2e34d/execute/sync - {"script":"<script> [56 bytes]","args":[{"element-6066-11e4-a52e-4f735466cecf":"f.804597995EEA20368E99A2927B0C1762.d.740081E811616F10FF729A5C17BABDA3.e.16763","ELEMENT":"f.804597995EEA20368E99A2927B0C1762.d.740081E811616F10FF729A5C17BABDA3.e.16763"}]}
RESULT: {"script":"<script> [56 bytes]","args":[{"element-6066-11e4-a52e-4f735466cecf":"f.804597995EEA20368E99A2927B0C1762.d.740081E811616F10FF729A5C17BABDA3.e.16763","ELEMENT":"f.804597995EEA20368E99A2927B0C1762.d.740081E811616F10FF729A5C17BABDA3.e.16763"}]}
COMMAND: GET /session/e8ae643ad1a7d9f9ee71b330bca2e34d/screenshot - {}
RESULT: {}
COMMAND: POST /session/e8ae643ad1a7d9f9ee71b330bca2e34d/execute/sync - {"script":"<script> [56 bytes]","args":[{"element-6066-11e4-a52e-4f735466cecf":"f.804597995EEA20368E99A2927B0C1762.d.740081E811616F10FF729A5C17BABDA3.e.16763","ELEMENT":"f.804597995EEA20368E99A2927B0C1762.d.740081E811616F10FF729A5C17BABDA3.e.16763"}]}
RESULT: {"script":"<script> [56 bytes]","args":[{"element-6066-11e4-a52e-4f735466cecf":"f.804597995EEA20368E99A2927B0C1762.d.740081E811616F10FF729A5C17BABDA3.e.16763","ELEMENT":"f.804597995EEA20368E99A2927B0C1762.d.740081E811616F10FF729A5C17BABDA3.e.16763"}]}
COMMAND: GET /session/e8ae643ad1a7d9f9ee71b330bca2e34d/screenshot - {}
RESULT: {}
COMMAND: POST /session/e8ae643ad1a7d9f9ee71b330bca2e34d/execute/sync - {"script":"<script> [56 bytes]","args":[{"element-6066-11e4-a52e-4f735466cecf":"f.804597995EEA20368E99A2927B0C1762.d.740081E811616F10FF729A5C17BABDA3.e.16763","ELEMENT":"f.804597995EEA20368E99A2927B0C1762.d.740081E811616F10FF729A5C17BABDA3.e.16763"}]}
RESULT: {"script":"<script> [56 bytes]","args":[{"element-6066-11e4-a52e-4f735466cecf":"f.804597995EEA20368E99A2927B0C1762.d.740081E811616F10FF729A5C17BABDA3.e.16763","ELEMENT":"f.804597995EEA20368E99A2927B0C1762.d.740081E811616F10FF729A5C17BABDA3.e.16763"}]}
COMMAND: GET /session/e8ae643ad1a7d9f9ee71b330bca2e34d/screenshot - {}
RESULT: {}
COMMAND: POST /session/e8ae643ad1a7d9f9ee71b330bca2e34d/execute/sync - {"script":"<script> [56 bytes]","args":[{"element-6066-11e4-a52e-4f735466cecf":"f.804597995EEA20368E99A2927B0C1762.d.740081E811616F10FF729A5C17BABDA3.e.16763","ELEMENT":"f.804597995EEA20368E99A2927B0C1762.d.740081E811616F10FF729A5C17BABDA3.e.16763"}]}
RESULT: {"script":"<script> [56 bytes]","args":[{"element-6066-11e4-a52e-4f735466cecf":"f.804597995EEA20368E99A2927B0C1762.d.740081E811616F10FF729A5C17BABDA3.e.16763","ELEMENT":"f.804597995EEA20368E99A2927B0C1762.d.740081E811616F10FF729A5C17BABDA3.e.16763"}]}
COMMAND: GET /session/e8ae643ad1a7d9f9ee71b330bca2e34d/screenshot - {}
RESULT: {}
COMMAND: POST /session/e8ae643ad1a7d9f9ee71b330bca2e34d/execute/sync - {"script":"<script> [56 bytes]","args":[{"element-6066-11e4-a52e-4f735466cecf":"f.804597995EEA20368E99A2927B0C1762.d.740081E811616F10FF729A5C17BABDA3.e.16763","ELEMENT":"f.804597995EEA20368E99A2927B0C1762.d.740081E811616F10FF729A5C17BABDA3.e.16763"}]}
RESULT: {"script":"<script> [56 bytes]","args":[{"element-6066-11e4-a52e-4f735466cecf":"f.804597995EEA20368E99A2927B0C1762.d.740081E811616F10FF729A5C17BABDA3.e.16763","ELEMENT":"f.804597995EEA20368E99A2927B0C1762.d.740081E811616F10FF729A5C17BABDA3.e.16763"}]}
COMMAND: GET /session/e8ae643ad1a7d9f9ee71b330bca2e34d/screenshot - {}
RESULT: {}
COMMAND: POST /session/e8ae643ad1a7d9f9ee71b330bca2e34d/execute/sync - {"script":"<script> [56 bytes]","args":[{"element-6066-11e4-a52e-4f735466cecf":"f.804597995EEA20368E99A2927B0C1762.d.740081E811616F10FF729A5C17BABDA3.e.16763","ELEMENT":"f.804597995EEA20368E99A2927B0C1762.d.740081E811616F10FF729A5C17BABDA3.e.16763"}]}
RESULT: {"script":"<script> [56 bytes]","args":[{"element-6066-11e4-a52e-4f735466cecf":"f.804597995EEA20368E99A2927B0C1762.d.740081E811616F10FF729A5C17BABDA3.e.16763","ELEMENT":"f.804597995EEA20368E99A2927B0C1762.d.740081E811616F10FF729A5C17BABDA3.e.16763"}]}
COMMAND: GET /session/e8ae643ad1a7d9f9ee71b330bca2e34d/screenshot - {}
RESULT: {}
COMMAND: POST /session/e8ae643ad1a7d9f9ee71b330bca2e34d/execute/sync - {"script":"<script> [56 bytes]","args":[{"element-6066-11e4-a52e-4f735466cecf":"f.804597995EEA20368E99A2927B0C1762.d.740081E811616F10FF729A5C17BABDA3.e.16763","ELEMENT":"f.804597995EEA20368E99A2927B0C1762.d.740081E811616F10FF729A5C17BABDA3.e.16763"}]}
RESULT: {"script":"<script> [56 bytes]","args":[{"element-6066-11e4-a52e-4f735466cecf":"f.804597995EEA20368E99A2927B0C1762.d.740081E811616F10FF729A5C17BABDA3.e.16763","ELEMENT":"f.804597995EEA20368E99A2927B0C1762.d.740081E811616F10FF729A5C17BABDA3.e.16763"}]}
COMMAND: GET /session/e8ae643ad1a7d9f9ee71b330bca2e34d/screenshot - {}
RESULT: {}
COMMAND: POST /session/e8ae643ad1a7d9f9ee71b330bca2e34d/execute/sync - {"script":"<script> [56 bytes]","args":[{"element-6066-11e4-a52e-4f735466cecf":"f.804597995EEA20368E99A2927B0C1762.d.740081E811616F10FF729A5C17BABDA3.e.16763","ELEMENT":"f.804597995EEA20368E99A2927B0C1762.d.740081E811616F10FF729A5C17BABDA3.e.16763"}]}
RESULT: {"script":"<script> [56 bytes]","args":[{"element-6066-11e4-a52e-4f735466cecf":"f.804597995EEA20368E99A2927B0C1762.d.740081E811616F10FF729A5C17BABDA3.e.16763","ELEMENT":"f.804597995EEA20368E99A2927B0C1762.d.740081E811616F10FF729A5C17BABDA3.e.16763"}]}
COMMAND: GET /session/e8ae643ad1a7d9f9ee71b330bca2e34d/screenshot - {}
RESULT: {}
COMMAND: POST /session/e8ae643ad1a7d9f9ee71b330bca2e34d/execute/sync - {"script":"<script> [56 bytes]","args":[{"element-6066-11e4-a52e-4f735466cecf":"f.804597995EEA20368E99A2927B0C1762.d.740081E811616F10FF729A5C17BABDA3.e.16763","ELEMENT":"f.804597995EEA20368E99A2927B0C1762.d.740081E811616F10FF729A5C17BABDA3.e.16763"}]}
RESULT: {"script":"<script> [56 bytes]","args":[{"element-6066-11e4-a52e-4f735466cecf":"f.804597995EEA20368E99A2927B0C1762.d.740081E811616F10FF729A5C17BABDA3.e.16763","ELEMENT":"f.804597995EEA20368E99A2927B0C1762.d.740081E811616F10FF729A5C17BABDA3.e.16763"}]}
COMMAND: GET /session/e8ae643ad1a7d9f9ee71b330bca2e34d/screenshot - {}
RESULT: {}
COMMAND: POST /session/e8ae643ad1a7d9f9ee71b330bca2e34d/execute/sync - {"script":"<script> [56 bytes]","args":[{"element-6066-11e4-a52e-4f735466cecf":"f.804597995EEA20368E99A2927B0C1762.d.740081E811616F10FF729A5C17BABDA3.e.16763","ELEMENT":"f.804597995EEA20368E99A2927B0C1762.d.740081E811616F10FF729A5C17BABDA3.e.16763"}]}
RESULT: {"script":"<script> [56 bytes]","args":[{"element-6066-11e4-a52e-4f735466cecf":"f.804597995EEA20368E99A2927B0C1762.d.740081E811616F10FF729A5C17BABDA3.e.16763","ELEMENT":"f.804597995EEA20368E99A2927B0C1762.d.740081E811616F10FF729A5C17BABDA3.e.16763"}]}
COMMAND: GET /session/e8ae643ad1a7d9f9ee71b330bca2e34d/screenshot - {}
RESULT: {}
COMMAND: POST /session/e8ae643ad1a7d9f9ee71b330bca2e34d/execute/sync - {"script":"<script> [56 bytes]","args":[{"element-6066-11e4-a52e-4f735466cecf":"f.804597995EEA20368E99A2927B0C1762.d.740081E811616F10FF729A5C17BABDA3.e.16763","ELEMENT":"f.804597995EEA20368E99A2927B0C1762.d.740081E811616F10FF729A5C17BABDA3.e.16763"}]}
RESULT: {"script":"<script> [56 bytes]","args":[{"element-6066-11e4-a52e-4f735466cecf":"f.804597995EEA20368E99A2927B0C1762.d.740081E811616F10FF729A5C17BABDA3.e.16763","ELEMENT":"f.804597995EEA20368E99A2927B0C1762.d.740081E811616F10FF729A5C17BABDA3.e.16763"}]}
COMMAND: GET /session/e8ae643ad1a7d9f9ee71b330bca2e34d/screenshot - {}
RESULT: {}
COMMAND: POST /session/e8ae643ad1a7d9f9ee71b330bca2e34d/execute/sync - {"script":"<script> [56 bytes]","args":[{"element-6066-11e4-a52e-4f735466cecf":"f.804597995EEA20368E99A2927B0C1762.d.740081E811616F10FF729A5C17BABDA3.e.16763","ELEMENT":"f.804597995EEA20368E99A2927B0C1762.d.740081E811616F10FF729A5C17BABDA3.e.16763"}]}
RESULT: {"script":"<script> [56 bytes]","args":[{"element-6066-11e4-a52e-4f735466cecf":"f.804597995EEA20368E99A2927B0C1762.d.740081E811616F10FF729A5C17BABDA3.e.16763","ELEMENT":"f.804597995EEA20368E99A2927B0C1762.d.740081E811616F10FF729A5C17BABDA3.e.16763"}]}
COMMAND: GET /session/e8ae643ad1a7d9f9ee71b330bca2e34d/screenshot - {}
RESULT: {}
COMMAND: POST /session/e8ae643ad1a7d9f9ee71b330bca2e34d/execute/sync - {"script":"<script> [56 bytes]","args":[{"element-6066-11e4-a52e-4f735466cecf":"f.804597995EEA20368E99A2927B0C1762.d.740081E811616F10FF729A5C17BABDA3.e.16763","ELEMENT":"f.804597995EEA20368E99A2927B0C1762.d.740081E811616F10FF729A5C17BABDA3.e.16763"}]}
RESULT: {"script":"<script> [56 bytes]","args":[{"element-6066-11e4-a52e-4f735466cecf":"f.804597995EEA20368E99A2927B0C1762.d.740081E811616F10FF729A5C17BABDA3.e.16763","ELEMENT":"f.804597995EEA20368E99A2927B0C1762.d.740081E811616F10FF729A5C17BABDA3.e.16763"}]}
COMMAND: GET /session/e8ae643ad1a7d9f9ee71b330bca2e34d/screenshot - {}
RESULT: {}
COMMAND: POST /session/e8ae643ad1a7d9f9ee71b330bca2e34d/execute/sync - {"script":"<script> [56 bytes]","args":[{"element-6066-11e4-a52e-4f735466cecf":"f.804597995EEA20368E99A2927B0C1762.d.740081E811616F10FF729A5C17BABDA3.e.16763","ELEMENT":"f.804597995EEA20368E99A2927B0C1762.d.740081E811616F10FF729A5C17BABDA3.e.16763"}]}
RESULT: {"script":"<script> [56 bytes]","args":[{"element-6066-11e4-a52e-4f735466cecf":"f.804597995EEA20368E99A2927B0C1762.d.740081E811616F10FF729A5C17BABDA3.e.16763","ELEMENT":"f.804597995EEA20368E99A2927B0C1762.d.740081E811616F10FF729A5C17BABDA3.e.16763"}]}
COMMAND: GET /session/e8ae643ad1a7d9f9ee71b330bca2e34d/screenshot - {}
RESULT: {}
COMMAND: POST /session/e8ae643ad1a7d9f9ee71b330bca2e34d/execute/sync - {"script":"<script> [56 bytes]","args":[{"element-6066-11e4-a52e-4f735466cecf":"f.804597995EEA20368E99A2927B0C1762.d.740081E811616F10FF729A5C17BABDA3.e.16763","ELEMENT":"f.804597995EEA20368E99A2927B0C1762.d.740081E811616F10FF729A5C17BABDA3.e.16763"}]}
RESULT: {"script":"<script> [56 bytes]","args":[{"element-6066-11e4-a52e-4f735466cecf":"f.804597995EEA20368E99A2927B0C1762.d.740081E811616F10FF729A5C17BABDA3.e.16763","ELEMENT":"f.804597995EEA20368E99A2927B0C1762.d.740081E811616F10FF729A5C17BABDA3.e.16763"}]}
COMMAND: POST /session/e8ae643ad1a7d9f9ee71b330bca2e34d/element - {"using":"xpath","value":"//td[@aria-colindex=\"1\"]/div/div[contains(@class, \"sapMCbBg\")]"}
COMMAND: GET /session/e8ae643ad1a7d9f9ee71b330bca2e34d/screenshot - {}
RESULT: {"using":"xpath","value":"//td[@aria-colindex=\"1\"]/div/div[contains(@class, \"sapMCbBg\")]"}
COMMAND: POST /session/e8ae643ad1a7d9f9ee71b330bca2e34d/element/f.804597995EEA20368E99A2927B0C1762.d.740081E811616F10FF729A5C17BABDA3.e.16780/click - {}
RESULT: {}
RESULT: {}
COMMAND: GET /session/e8ae643ad1a7d9f9ee71b330bca2e34d/screenshot - {}
RESULT: {}
COMMAND: POST /session/e8ae643ad1a7d9f9ee71b330bca2e34d/element - {"using":"xpath","value":"//bdi[text()=\"Transfer\"]"}
RESULT: {"using":"xpath","value":"//bdi[text()=\"Transfer\"]"}
COMMAND: POST /session/e8ae643ad1a7d9f9ee71b330bca2e34d/element/f.804597995EEA20368E99A2927B0C1762.d.740081E811616F10FF729A5C17BABDA3.e.16781/click - {}
RESULT: {}
COMMAND: GET /session/e8ae643ad1a7d9f9ee71b330bca2e34d/screenshot - {}
RESULT: {}
COMMAND: POST /session/e8ae643ad1a7d9f9ee71b330bca2e34d/element - {"using":"xpath","value":"//bdi[contains(text(), \"OK\")]"}
RESULT: {"using":"xpath","value":"//bdi[contains(text(), \"OK\")]"}
COMMAND: POST /session/e8ae643ad1a7d9f9ee71b330bca2e34d/element/f.804597995EEA20368E99A2927B0C1762.d.740081E811616F10FF729A5C17BABDA3.e.16784/click - {}
RESULT: {}
COMMAND: GET /session/e8ae643ad1a7d9f9ee71b330bca2e34d/screenshot - {}
RESULT: {}
COMMAND: POST /session/e8ae643ad1a7d9f9ee71b330bca2e34d/element - {"using":"xpath","value":"(//span[contains(text(), \"Completed\")]/parent::div/preceding-sibling::div/span)[1]"}
RESULT: {"using":"xpath","value":"(//span[contains(text(), \"Completed\")]/parent::div/preceding-sibling::div/span)[1]"}
COMMAND: POST /session/e8ae643ad1a7d9f9ee71b330bca2e34d/element/f.804597995EEA20368E99A2927B0C1762.d.740081E811616F10FF729A5C17BABDA3.e.16792/click - {}
RESULT: {}
COMMAND: POST /session/e8ae643ad1a7d9f9ee71b330bca2e34d/element - {"using":"xpath","value":"//input[contains(@id ,\"application-billingtransfer-display-component---billingWorkbench--smartFilterBar-btnBasicSearch\")]"}
COMMAND: GET /session/e8ae643ad1a7d9f9ee71b330bca2e34d/screenshot - {}
RESULT: {"using":"xpath","value":"//input[contains(@id ,\"application-billingtransfer-display-component---billingWorkbench--smartFilterBar-btnBasicSearch\")]"}
COMMAND: POST /session/e8ae643ad1a7d9f9ee71b330bca2e34d/elements - {"using":"xpath","value":"//input[contains(@id ,\"application-billingtransfer-display-component---billingWorkbench--smartFilterBar-btnBasicSearch\")]"}
RESULT: {}
RESULT: {"using":"xpath","value":"//input[contains(@id ,\"application-billingtransfer-display-component---billingWorkbench--smartFilterBar-btnBasicSearch\")]"}
COMMAND: POST /session/e8ae643ad1a7d9f9ee71b330bca2e34d/execute/sync - {"script":"<script> [8489 bytes]","args":[{"element-6066-11e4-a52e-4f735466cecf":"f.804597995EEA20368E99A2927B0C1762.d.740081E811616F10FF729A5C17BABDA3.e.16624","ELEMENT":"f.804597995EEA20368E99A2927B0C1762.d.740081E811616F10FF729A5C17BABDA3.e.16624"}]}
RESULT: {"script":"<script> [8489 bytes]","args":[{"element-6066-11e4-a52e-4f735466cecf":"f.804597995EEA20368E99A2927B0C1762.d.740081E811616F10FF729A5C17BABDA3.e.16624","ELEMENT":"f.804597995EEA20368E99A2927B0C1762.d.740081E811616F10FF729A5C17BABDA3.e.16624"}]}
COMMAND: GET /session/e8ae643ad1a7d9f9ee71b330bca2e34d/element/f.804597995EEA20368E99A2927B0C1762.d.740081E811616F10FF729A5C17BABDA3.e.16624/enabled - {}
COMMAND: GET /session/e8ae643ad1a7d9f9ee71b330bca2e34d/screenshot - {}
RESULT: {}
COMMAND: POST /session/e8ae643ad1a7d9f9ee71b330bca2e34d/element/f.804597995EEA20368E99A2927B0C1762.d.740081E811616F10FF729A5C17BABDA3.e.16624/click - {}
COMMAND: GET /session/e8ae643ad1a7d9f9ee71b330bca2e34d/screenshot - {}
RESULT: {}
RESULT: {}
COMMAND: GET /session/e8ae643ad1a7d9f9ee71b330bca2e34d/screenshot - {}
RESULT: {}
RESULT: {}
COMMAND: POST /session/e8ae643ad1a7d9f9ee71b330bca2e34d/element/f.804597995EEA20368E99A2927B0C1762.d.740081E811616F10FF729A5C17BABDA3.e.16624/clear - {}
RESULT: {}
COMMAND: POST /session/e8ae643ad1a7d9f9ee71b330bca2e34d/element/f.804597995EEA20368E99A2927B0C1762.d.740081E811616F10FF729A5C17BABDA3.e.16624/value - {"text":"10303"}
COMMAND: GET /session/e8ae643ad1a7d9f9ee71b330bca2e34d/screenshot - {}
RESULT: {"text":"10303"}
COMMAND: POST /session/e8ae643ad1a7d9f9ee71b330bca2e34d/actions - {"actions":[{"id":"action56","type":"key","parameters":{},"actions":[{"type":"keyDown","value":""},{"type":"pause","duration":10},{"type":"keyUp","value":""}]}]}
COMMAND: GET /session/e8ae643ad1a7d9f9ee71b330bca2e34d/screenshot - {}
RESULT: {}
RESULT: {"actions":[{"id":"action56","type":"key","parameters":{},"actions":[{"type":"keyDown","value":""},{"type":"pause","duration":10},{"type":"keyUp","value":""}]}]}
COMMAND: GET /session/e8ae643ad1a7d9f9ee71b330bca2e34d/screenshot - {}
RESULT: {}
RESULT: {}
COMMAND: POST /session/e8ae643ad1a7d9f9ee71b330bca2e34d/element - {"using":"xpath","value":"//span[contains(@id ,\"application-billingtransfer-display-component---billingWorkbench--smartTableBillingRuns-header-inner\")]"}
RESULT: {"using":"xpath","value":"//span[contains(@id ,\"application-billingtransfer-display-component---billingWorkbench--smartTableBillingRuns-header-inner\")]"}
COMMAND: POST /session/e8ae643ad1a7d9f9ee71b330bca2e34d/elements - {"using":"xpath","value":"//span[contains(@id ,\"application-billingtransfer-display-component---billingWorkbench--smartTableBillingRuns-header-inner\")]"}
RESULT: {"using":"xpath","value":"//span[contains(@id ,\"application-billingtransfer-display-component---billingWorkbench--smartTableBillingRuns-header-inner\")]"}
COMMAND: POST /session/e8ae643ad1a7d9f9ee71b330bca2e34d/execute/sync - {"script":"<script> [56 bytes]","args":[{"element-6066-11e4-a52e-4f735466cecf":"f.804597995EEA20368E99A2927B0C1762.d.740081E811616F10FF729A5C17BABDA3.e.16763","ELEMENT":"f.804597995EEA20368E99A2927B0C1762.d.740081E811616F10FF729A5C17BABDA3.e.16763"}]}
RESULT: {"script":"<script> [56 bytes]","args":[{"element-6066-11e4-a52e-4f735466cecf":"f.804597995EEA20368E99A2927B0C1762.d.740081E811616F10FF729A5C17BABDA3.e.16763","ELEMENT":"f.804597995EEA20368E99A2927B0C1762.d.740081E811616F10FF729A5C17BABDA3.e.16763"}]}
COMMAND: GET /session/e8ae643ad1a7d9f9ee71b330bca2e34d/screenshot - {}
RESULT: {}
COMMAND: POST /session/e8ae643ad1a7d9f9ee71b330bca2e34d/execute/sync - {"script":"<script> [56 bytes]","args":[{"element-6066-11e4-a52e-4f735466cecf":"f.804597995EEA20368E99A2927B0C1762.d.740081E811616F10FF729A5C17BABDA3.e.16763","ELEMENT":"f.804597995EEA20368E99A2927B0C1762.d.740081E811616F10FF729A5C17BABDA3.e.16763"}]}
RESULT: {"script":"<script> [56 bytes]","args":[{"element-6066-11e4-a52e-4f735466cecf":"f.804597995EEA20368E99A2927B0C1762.d.740081E811616F10FF729A5C17BABDA3.e.16763","ELEMENT":"f.804597995EEA20368E99A2927B0C1762.d.740081E811616F10FF729A5C17BABDA3.e.16763"}]}
COMMAND: GET /session/e8ae643ad1a7d9f9ee71b330bca2e34d/screenshot - {}
RESULT: {}
COMMAND: POST /session/e8ae643ad1a7d9f9ee71b330bca2e34d/execute/sync - {"script":"<script> [56 bytes]","args":[{"element-6066-11e4-a52e-4f735466cecf":"f.804597995EEA20368E99A2927B0C1762.d.740081E811616F10FF729A5C17BABDA3.e.16763","ELEMENT":"f.804597995EEA20368E99A2927B0C1762.d.740081E811616F10FF729A5C17BABDA3.e.16763"}]}
RESULT: {"script":"<script> [56 bytes]","args":[{"element-6066-11e4-a52e-4f735466cecf":"f.804597995EEA20368E99A2927B0C1762.d.740081E811616F10FF729A5C17BABDA3.e.16763","ELEMENT":"f.804597995EEA20368E99A2927B0C1762.d.740081E811616F10FF729A5C17BABDA3.e.16763"}]}
COMMAND: GET /session/e8ae643ad1a7d9f9ee71b330bca2e34d/screenshot - {}
RESULT: {}
COMMAND: POST /session/e8ae643ad1a7d9f9ee71b330bca2e34d/execute/sync - {"script":"<script> [56 bytes]","args":[{"element-6066-11e4-a52e-4f735466cecf":"f.804597995EEA20368E99A2927B0C1762.d.740081E811616F10FF729A5C17BABDA3.e.16763","ELEMENT":"f.804597995EEA20368E99A2927B0C1762.d.740081E811616F10FF729A5C17BABDA3.e.16763"}]}
RESULT: {"script":"<script> [56 bytes]","args":[{"element-6066-11e4-a52e-4f735466cecf":"f.804597995EEA20368E99A2927B0C1762.d.740081E811616F10FF729A5C17BABDA3.e.16763","ELEMENT":"f.804597995EEA20368E99A2927B0C1762.d.740081E811616F10FF729A5C17BABDA3.e.16763"}]}
COMMAND: GET /session/e8ae643ad1a7d9f9ee71b330bca2e34d/screenshot - {}
RESULT: {}
COMMAND: POST /session/e8ae643ad1a7d9f9ee71b330bca2e34d/execute/sync - {"script":"<script> [56 bytes]","args":[{"element-6066-11e4-a52e-4f735466cecf":"f.804597995EEA20368E99A2927B0C1762.d.740081E811616F10FF729A5C17BABDA3.e.16763","ELEMENT":"f.804597995EEA20368E99A2927B0C1762.d.740081E811616F10FF729A5C17BABDA3.e.16763"}]}
RESULT: {"script":"<script> [56 bytes]","args":[{"element-6066-11e4-a52e-4f735466cecf":"f.804597995EEA20368E99A2927B0C1762.d.740081E811616F10FF729A5C17BABDA3.e.16763","ELEMENT":"f.804597995EEA20368E99A2927B0C1762.d.740081E811616F10FF729A5C17BABDA3.e.16763"}]}
COMMAND: GET /session/e8ae643ad1a7d9f9ee71b330bca2e34d/screenshot - {}
RESULT: {}
COMMAND: POST /session/e8ae643ad1a7d9f9ee71b330bca2e34d/execute/sync - {"script":"<script> [56 bytes]","args":[{"element-6066-11e4-a52e-4f735466cecf":"f.804597995EEA20368E99A2927B0C1762.d.740081E811616F10FF729A5C17BABDA3.e.16763","ELEMENT":"f.804597995EEA20368E99A2927B0C1762.d.740081E811616F10FF729A5C17BABDA3.e.16763"}]}
RESULT: {"script":"<script> [56 bytes]","args":[{"element-6066-11e4-a52e-4f735466cecf":"f.804597995EEA20368E99A2927B0C1762.d.740081E811616F10FF729A5C17BABDA3.e.16763","ELEMENT":"f.804597995EEA20368E99A2927B0C1762.d.740081E811616F10FF729A5C17BABDA3.e.16763"}]}
COMMAND: GET /session/e8ae643ad1a7d9f9ee71b330bca2e34d/screenshot - {}
RESULT: {}
COMMAND: POST /session/e8ae643ad1a7d9f9ee71b330bca2e34d/execute/sync - {"script":"<script> [56 bytes]","args":[{"element-6066-11e4-a52e-4f735466cecf":"f.804597995EEA20368E99A2927B0C1762.d.740081E811616F10FF729A5C17BABDA3.e.16763","ELEMENT":"f.804597995EEA20368E99A2927B0C1762.d.740081E811616F10FF729A5C17BABDA3.e.16763"}]}
RESULT: {"script":"<script> [56 bytes]","args":[{"element-6066-11e4-a52e-4f735466cecf":"f.804597995EEA20368E99A2927B0C1762.d.740081E811616F10FF729A5C17BABDA3.e.16763","ELEMENT":"f.804597995EEA20368E99A2927B0C1762.d.740081E811616F10FF729A5C17BABDA3.e.16763"}]}
COMMAND: GET /session/e8ae643ad1a7d9f9ee71b330bca2e34d/screenshot - {}
RESULT: {}
COMMAND: POST /session/e8ae643ad1a7d9f9ee71b330bca2e34d/execute/sync - {"script":"<script> [56 bytes]","args":[{"element-6066-11e4-a52e-4f735466cecf":"f.804597995EEA20368E99A2927B0C1762.d.740081E811616F10FF729A5C17BABDA3.e.16763","ELEMENT":"f.804597995EEA20368E99A2927B0C1762.d.740081E811616F10FF729A5C17BABDA3.e.16763"}]}
RESULT: {"script":"<script> [56 bytes]","args":[{"element-6066-11e4-a52e-4f735466cecf":"f.804597995EEA20368E99A2927B0C1762.d.740081E811616F10FF729A5C17BABDA3.e.16763","ELEMENT":"f.804597995EEA20368E99A2927B0C1762.d.740081E811616F10FF729A5C17BABDA3.e.16763"}]}
COMMAND: GET /session/e8ae643ad1a7d9f9ee71b330bca2e34d/screenshot - {}
RESULT: {}
COMMAND: POST /session/e8ae643ad1a7d9f9ee71b330bca2e34d/execute/sync - {"script":"<script> [56 bytes]","args":[{"element-6066-11e4-a52e-4f735466cecf":"f.804597995EEA20368E99A2927B0C1762.d.740081E811616F10FF729A5C17BABDA3.e.16763","ELEMENT":"f.804597995EEA20368E99A2927B0C1762.d.740081E811616F10FF729A5C17BABDA3.e.16763"}]}
RESULT: {"script":"<script> [56 bytes]","args":[{"element-6066-11e4-a52e-4f735466cecf":"f.804597995EEA20368E99A2927B0C1762.d.740081E811616F10FF729A5C17BABDA3.e.16763","ELEMENT":"f.804597995EEA20368E99A2927B0C1762.d.740081E811616F10FF729A5C17BABDA3.e.16763"}]}
COMMAND: GET /session/e8ae643ad1a7d9f9ee71b330bca2e34d/screenshot - {}
RESULT: {}
COMMAND: POST /session/e8ae643ad1a7d9f9ee71b330bca2e34d/execute/sync - {"script":"<script> [56 bytes]","args":[{"element-6066-11e4-a52e-4f735466cecf":"f.804597995EEA20368E99A2927B0C1762.d.740081E811616F10FF729A5C17BABDA3.e.16763","ELEMENT":"f.804597995EEA20368E99A2927B0C1762.d.740081E811616F10FF729A5C17BABDA3.e.16763"}]}
RESULT: {"script":"<script> [56 bytes]","args":[{"element-6066-11e4-a52e-4f735466cecf":"f.804597995EEA20368E99A2927B0C1762.d.740081E811616F10FF729A5C17BABDA3.e.16763","ELEMENT":"f.804597995EEA20368E99A2927B0C1762.d.740081E811616F10FF729A5C17BABDA3.e.16763"}]}
COMMAND: GET /session/e8ae643ad1a7d9f9ee71b330bca2e34d/screenshot - {}
RESULT: {}
COMMAND: POST /session/e8ae643ad1a7d9f9ee71b330bca2e34d/execute/sync - {"script":"<script> [56 bytes]","args":[{"element-6066-11e4-a52e-4f735466cecf":"f.804597995EEA20368E99A2927B0C1762.d.740081E811616F10FF729A5C17BABDA3.e.16763","ELEMENT":"f.804597995EEA20368E99A2927B0C1762.d.740081E811616F10FF729A5C17BABDA3.e.16763"}]}
RESULT: {"script":"<script> [56 bytes]","args":[{"element-6066-11e4-a52e-4f735466cecf":"f.804597995EEA20368E99A2927B0C1762.d.740081E811616F10FF729A5C17BABDA3.e.16763","ELEMENT":"f.804597995EEA20368E99A2927B0C1762.d.740081E811616F10FF729A5C17BABDA3.e.16763"}]}
COMMAND: GET /session/e8ae643ad1a7d9f9ee71b330bca2e34d/screenshot - {}
RESULT: {}
COMMAND: POST /session/e8ae643ad1a7d9f9ee71b330bca2e34d/execute/sync - {"script":"<script> [56 bytes]","args":[{"element-6066-11e4-a52e-4f735466cecf":"f.804597995EEA20368E99A2927B0C1762.d.740081E811616F10FF729A5C17BABDA3.e.16763","ELEMENT":"f.804597995EEA20368E99A2927B0C1762.d.740081E811616F10FF729A5C17BABDA3.e.16763"}]}
RESULT: {"script":"<script> [56 bytes]","args":[{"element-6066-11e4-a52e-4f735466cecf":"f.804597995EEA20368E99A2927B0C1762.d.740081E811616F10FF729A5C17BABDA3.e.16763","ELEMENT":"f.804597995EEA20368E99A2927B0C1762.d.740081E811616F10FF729A5C17BABDA3.e.16763"}]}
COMMAND: GET /session/e8ae643ad1a7d9f9ee71b330bca2e34d/screenshot - {}
RESULT: {}
COMMAND: POST /session/e8ae643ad1a7d9f9ee71b330bca2e34d/execute/sync - {"script":"<script> [56 bytes]","args":[{"element-6066-11e4-a52e-4f735466cecf":"f.804597995EEA20368E99A2927B0C1762.d.740081E811616F10FF729A5C17BABDA3.e.16763","ELEMENT":"f.804597995EEA20368E99A2927B0C1762.d.740081E811616F10FF729A5C17BABDA3.e.16763"}]}
RESULT: {"script":"<script> [56 bytes]","args":[{"element-6066-11e4-a52e-4f735466cecf":"f.804597995EEA20368E99A2927B0C1762.d.740081E811616F10FF729A5C17BABDA3.e.16763","ELEMENT":"f.804597995EEA20368E99A2927B0C1762.d.740081E811616F10FF729A5C17BABDA3.e.16763"}]}
COMMAND: GET /session/e8ae643ad1a7d9f9ee71b330bca2e34d/screenshot - {}
RESULT: {}
COMMAND: POST /session/e8ae643ad1a7d9f9ee71b330bca2e34d/execute/sync - {"script":"<script> [56 bytes]","args":[{"element-6066-11e4-a52e-4f735466cecf":"f.804597995EEA20368E99A2927B0C1762.d.740081E811616F10FF729A5C17BABDA3.e.16763","ELEMENT":"f.804597995EEA20368E99A2927B0C1762.d.740081E811616F10FF729A5C17BABDA3.e.16763"}]}
RESULT: {"script":"<script> [56 bytes]","args":[{"element-6066-11e4-a52e-4f735466cecf":"f.804597995EEA20368E99A2927B0C1762.d.740081E811616F10FF729A5C17BABDA3.e.16763","ELEMENT":"f.804597995EEA20368E99A2927B0C1762.d.740081E811616F10FF729A5C17BABDA3.e.16763"}]}
COMMAND: GET /session/e8ae643ad1a7d9f9ee71b330bca2e34d/screenshot - {}
RESULT: {}
COMMAND: POST /session/e8ae643ad1a7d9f9ee71b330bca2e34d/execute/sync - {"script":"<script> [56 bytes]","args":[{"element-6066-11e4-a52e-4f735466cecf":"f.804597995EEA20368E99A2927B0C1762.d.740081E811616F10FF729A5C17BABDA3.e.16763","ELEMENT":"f.804597995EEA20368E99A2927B0C1762.d.740081E811616F10FF729A5C17BABDA3.e.16763"}]}
RESULT: {"script":"<script> [56 bytes]","args":[{"element-6066-11e4-a52e-4f735466cecf":"f.804597995EEA20368E99A2927B0C1762.d.740081E811616F10FF729A5C17BABDA3.e.16763","ELEMENT":"f.804597995EEA20368E99A2927B0C1762.d.740081E811616F10FF729A5C17BABDA3.e.16763"}]}
COMMAND: GET /session/e8ae643ad1a7d9f9ee71b330bca2e34d/screenshot - {}
RESULT: {}
COMMAND: POST /session/e8ae643ad1a7d9f9ee71b330bca2e34d/execute/sync - {"script":"<script> [56 bytes]","args":[{"element-6066-11e4-a52e-4f735466cecf":"f.804597995EEA20368E99A2927B0C1762.d.740081E811616F10FF729A5C17BABDA3.e.16763","ELEMENT":"f.804597995EEA20368E99A2927B0C1762.d.740081E811616F10FF729A5C17BABDA3.e.16763"}]}
RESULT: {"script":"<script> [56 bytes]","args":[{"element-6066-11e4-a52e-4f735466cecf":"f.804597995EEA20368E99A2927B0C1762.d.740081E811616F10FF729A5C17BABDA3.e.16763","ELEMENT":"f.804597995EEA20368E99A2927B0C1762.d.740081E811616F10FF729A5C17BABDA3.e.16763"}]}
COMMAND: GET /session/e8ae643ad1a7d9f9ee71b330bca2e34d/screenshot - {}
RESULT: {}
COMMAND: POST /session/e8ae643ad1a7d9f9ee71b330bca2e34d/execute/sync - {"script":"<script> [56 bytes]","args":[{"element-6066-11e4-a52e-4f735466cecf":"f.804597995EEA20368E99A2927B0C1762.d.740081E811616F10FF729A5C17BABDA3.e.16763","ELEMENT":"f.804597995EEA20368E99A2927B0C1762.d.740081E811616F10FF729A5C17BABDA3.e.16763"}]}
RESULT: {"script":"<script> [56 bytes]","args":[{"element-6066-11e4-a52e-4f735466cecf":"f.804597995EEA20368E99A2927B0C1762.d.740081E811616F10FF729A5C17BABDA3.e.16763","ELEMENT":"f.804597995EEA20368E99A2927B0C1762.d.740081E811616F10FF729A5C17BABDA3.e.16763"}]}
COMMAND: GET /session/e8ae643ad1a7d9f9ee71b330bca2e34d/screenshot - {}
RESULT: {}
COMMAND: POST /session/e8ae643ad1a7d9f9ee71b330bca2e34d/execute/sync - {"script":"<script> [56 bytes]","args":[{"element-6066-11e4-a52e-4f735466cecf":"f.804597995EEA20368E99A2927B0C1762.d.740081E811616F10FF729A5C17BABDA3.e.16763","ELEMENT":"f.804597995EEA20368E99A2927B0C1762.d.740081E811616F10FF729A5C17BABDA3.e.16763"}]}
RESULT: {"script":"<script> [56 bytes]","args":[{"element-6066-11e4-a52e-4f735466cecf":"f.804597995EEA20368E99A2927B0C1762.d.740081E811616F10FF729A5C17BABDA3.e.16763","ELEMENT":"f.804597995EEA20368E99A2927B0C1762.d.740081E811616F10FF729A5C17BABDA3.e.16763"}]}
COMMAND: GET /session/e8ae643ad1a7d9f9ee71b330bca2e34d/screenshot - {}
RESULT: {}
COMMAND: POST /session/e8ae643ad1a7d9f9ee71b330bca2e34d/execute/sync - {"script":"<script> [56 bytes]","args":[{"element-6066-11e4-a52e-4f735466cecf":"f.804597995EEA20368E99A2927B0C1762.d.740081E811616F10FF729A5C17BABDA3.e.16763","ELEMENT":"f.804597995EEA20368E99A2927B0C1762.d.740081E811616F10FF729A5C17BABDA3.e.16763"}]}
RESULT: {"script":"<script> [56 bytes]","args":[{"element-6066-11e4-a52e-4f735466cecf":"f.804597995EEA20368E99A2927B0C1762.d.740081E811616F10FF729A5C17BABDA3.e.16763","ELEMENT":"f.804597995EEA20368E99A2927B0C1762.d.740081E811616F10FF729A5C17BABDA3.e.16763"}]}
COMMAND: GET /session/e8ae643ad1a7d9f9ee71b330bca2e34d/screenshot - {}
RESULT: {}
COMMAND: POST /session/e8ae643ad1a7d9f9ee71b330bca2e34d/execute/sync - {"script":"<script> [56 bytes]","args":[{"element-6066-11e4-a52e-4f735466cecf":"f.804597995EEA20368E99A2927B0C1762.d.740081E811616F10FF729A5C17BABDA3.e.16763","ELEMENT":"f.804597995EEA20368E99A2927B0C1762.d.740081E811616F10FF729A5C17BABDA3.e.16763"}]}
RESULT: {"script":"<script> [56 bytes]","args":[{"element-6066-11e4-a52e-4f735466cecf":"f.804597995EEA20368E99A2927B0C1762.d.740081E811616F10FF729A5C17BABDA3.e.16763","ELEMENT":"f.804597995EEA20368E99A2927B0C1762.d.740081E811616F10FF729A5C17BABDA3.e.16763"}]}
COMMAND: GET /session/e8ae643ad1a7d9f9ee71b330bca2e34d/screenshot - {}
RESULT: {}
COMMAND: POST /session/e8ae643ad1a7d9f9ee71b330bca2e34d/execute/sync - {"script":"<script> [56 bytes]","args":[{"element-6066-11e4-a52e-4f735466cecf":"f.804597995EEA20368E99A2927B0C1762.d.740081E811616F10FF729A5C17BABDA3.e.16763","ELEMENT":"f.804597995EEA20368E99A2927B0C1762.d.740081E811616F10FF729A5C17BABDA3.e.16763"}]}
RESULT: {"script":"<script> [56 bytes]","args":[{"element-6066-11e4-a52e-4f735466cecf":"f.804597995EEA20368E99A2927B0C1762.d.740081E811616F10FF729A5C17BABDA3.e.16763","ELEMENT":"f.804597995EEA20368E99A2927B0C1762.d.740081E811616F10FF729A5C17BABDA3.e.16763"}]}
COMMAND: POST /session/e8ae643ad1a7d9f9ee71b330bca2e34d/element - {"using":"css selector","value":"#shell-header-logo"}
COMMAND: GET /session/e8ae643ad1a7d9f9ee71b330bca2e34d/screenshot - {}
RESULT: {"using":"css selector","value":"#shell-header-logo"}
COMMAND: POST /session/e8ae643ad1a7d9f9ee71b330bca2e34d/element/f.804597995EEA20368E99A2927B0C1762.d.740081E811616F10FF729A5C17BABDA3.e.16629/click - {}
RESULT: {}
RESULT: {}
COMMAND: GET /session/e8ae643ad1a7d9f9ee71b330bca2e34d/screenshot - {}
RESULT: {}
COMMAND: POST /session/e8ae643ad1a7d9f9ee71b330bca2e34d/element - {"using":"css selector","value":"#j_username"}
COMMAND: POST /session/e8ae643ad1a7d9f9ee71b330bca2e34d/url - {"url":"https://qa-testing-00-live-etm-ui.cfapps.eu10-004.hana.ondemand.com/"}
RESULT: {"using":"css selector","value":"#j_username"}
COMMAND: POST /session/e8ae643ad1a7d9f9ee71b330bca2e34d/element - {"using":"css selector","value":"#j_username"}
RESULT: {"url":"https://qa-testing-00-live-etm-ui.cfapps.eu10-004.hana.ondemand.com/"}
RESULT: undefined
COMMAND: GET /session/e8ae643ad1a7d9f9ee71b330bca2e34d/screenshot - {}
RESULT: {"using":"css selector","value":"#j_username"}
COMMAND: POST /session/e8ae643ad1a7d9f9ee71b330bca2e34d/element - {"using":"css selector","value":"#shell-header-logo"}
RESULT: {}
RESULT: {"using":"css selector","value":"#shell-header-logo"}
COMMAND: POST /session/e8ae643ad1a7d9f9ee71b330bca2e34d/execute/sync - {"script":"<script> [8489 bytes]","args":[{"element-6066-11e4-a52e-4f735466cecf":"f.804597995EEA20368E99A2927B0C1762.d.7773CE86B4199B069E0C39E46F3C2D9A.e.16804","ELEMENT":"f.804597995EEA20368E99A2927B0C1762.d.7773CE86B4199B069E0C39E46F3C2D9A.e.16804"}]}
RESULT: {"script":"<script> [8489 bytes]","args":[{"element-6066-11e4-a52e-4f735466cecf":"f.804597995EEA20368E99A2927B0C1762.d.7773CE86B4199B069E0C39E46F3C2D9A.e.16804","ELEMENT":"f.804597995EEA20368E99A2927B0C1762.d.7773CE86B4199B069E0C39E46F3C2D9A.e.16804"}]}
COMMAND: POST /session/e8ae643ad1a7d9f9ee71b330bca2e34d/element - {"using":"css selector","value":"#shell-header-logo"}
COMMAND: GET /session/e8ae643ad1a7d9f9ee71b330bca2e34d/screenshot - {}
RESULT: {"using":"css selector","value":"#shell-header-logo"}
COMMAND: POST /session/e8ae643ad1a7d9f9ee71b330bca2e34d/execute/sync - {"script":"<script> [8489 bytes]","args":[{"element-6066-11e4-a52e-4f735466cecf":"f.804597995EEA20368E99A2927B0C1762.d.7773CE86B4199B069E0C39E46F3C2D9A.e.16804","ELEMENT":"f.804597995EEA20368E99A2927B0C1762.d.7773CE86B4199B069E0C39E46F3C2D9A.e.16804"}]}
RESULT: {}
RESULT: {"script":"<script> [8489 bytes]","args":[{"element-6066-11e4-a52e-4f735466cecf":"f.804597995EEA20368E99A2927B0C1762.d.7773CE86B4199B069E0C39E46F3C2D9A.e.16804","ELEMENT":"f.804597995EEA20368E99A2927B0C1762.d.7773CE86B4199B069E0C39E46F3C2D9A.e.16804"}]}
COMMAND: POST /session/e8ae643ad1a7d9f9ee71b330bca2e34d/execute/sync - {"script":"<script> [5351 bytes]","args":[{"element-6066-11e4-a52e-4f735466cecf":"f.804597995EEA20368E99A2927B0C1762.d.7773CE86B4199B069E0C39E46F3C2D9A.e.16804","ELEMENT":"f.804597995EEA20368E99A2927B0C1762.d.7773CE86B4199B069E0C39E46F3C2D9A.e.16804"}]}
COMMAND: GET /session/e8ae643ad1a7d9f9ee71b330bca2e34d/screenshot - {}
RESULT: {"script":"<script> [5351 bytes]","args":[{"element-6066-11e4-a52e-4f735466cecf":"f.804597995EEA20368E99A2927B0C1762.d.7773CE86B4199B069E0C39E46F3C2D9A.e.16804","ELEMENT":"f.804597995EEA20368E99A2927B0C1762.d.7773CE86B4199B069E0C39E46F3C2D9A.e.16804"}]}
COMMAND: POST /session/e8ae643ad1a7d9f9ee71b330bca2e34d/element - {"using":"css selector","value":"#shell-header-logo"}
COMMAND: GET /session/e8ae643ad1a7d9f9ee71b330bca2e34d/screenshot - {}
RESULT: {}
RESULT: {"using":"css selector","value":"#shell-header-logo"}
COMMAND: POST /session/e8ae643ad1a7d9f9ee71b330bca2e34d/element/f.804597995EEA20368E99A2927B0C1762.d.7773CE86B4199B069E0C39E46F3C2D9A.e.16804/click - {}
RESULT: {}
RESULT: {}
COMMAND: GET /session/e8ae643ad1a7d9f9ee71b330bca2e34d/screenshot - {}
RESULT: {}
COMMAND: POST /session/e8ae643ad1a7d9f9ee71b330bca2e34d/execute/async - {"script":"<script> [189 bytes]","args":[]}
RESULT: {"script":"<script> [189 bytes]","args":[]}
COMMAND: POST /session/e8ae643ad1a7d9f9ee71b330bca2e34d/execute/async - {"script":"<script> [123 bytes]","args":[]}
RESULT: {"script":"<script> [123 bytes]","args":[]}
COMMAND: POST /session/e8ae643ad1a7d9f9ee71b330bca2e34d/timeouts - {"script":"<number>"}
RESULT: {"script":"<number>"}
COMMAND: GET /session/e8ae643ad1a7d9f9ee71b330bca2e34d/timeouts - {}
RESULT: {}
RESULT: undefined
COMMAND: POST /session/e8ae643ad1a7d9f9ee71b330bca2e34d/execute/async - {"script":"<script> [2676 bytes]","args":[]}
RESULT: {"script":"<script> [2676 bytes]","args":[]}
COMMAND: POST /session/e8ae643ad1a7d9f9ee71b330bca2e34d/execute/async - {"script":"<script> [2342 bytes]","args":[{"protocol":"http","hostname":"0.0.0.0","path":"/","capabilities":{"browserName":"chrome","goog:chromeOptions":{"binary":"C:\\Program Files\\Google\\Chrome\\Application\\chrome.exe","args":["--start-maximized"]}},"logLevel":"warn","connectionRetryTimeout":120000,"connectionRetryCount":3,"logLevels":{},"enableDirectConnect":true,"strictSSL":true,"_":"65 more keys: [\"cacheDir\",\"port\",\"requestedCapabilities\",\"automationProtocol\",\"baseUrl\",\"waitforInterval\",\"waitforTimeout\",\"onReload\",\"beforeCommand\",\"afterCommand\",\"rootDir\",\"specs\",\"suites\",\"exclude\",\"groupLogsByTestSpec\",\"excludeDriverLogs\",\"bail\",\"framework\",\"reporters\",\"services\",\"maxInstances\",\"maxInstancesPerCapability\",\"injectGlobals\",\"filesToWatch\",\"execArgv\",\"runnerEnv\",\"runner\",\"shard\",\"specFileRetries\",\"specFileRetriesDelay\",\"specFileRetriesDeferred\",\"reporterSyncInterval\",\"reporterSyncTimeout\",\"cucumberFeaturesWithLineNumbers\",\"autoCompileOpts\",\"mochaOpts\",\"jasmineOpts\",\"cucumberOpts\",\"onPrepare\",\"onWorkerStart\",\"onWorkerEnd\",\"before\",\"beforeSession\",\"beforeSuite\",\"beforeHook\",\"beforeTest\",\"afterTest\",\"afterHook\",\"afterSuite\",\"afterSession\",\"after\",\"onComplete\",\"beforeAssertion\",\"afterAssertion\",\"beforeFeature\",\"beforeScenario\",\"beforeStep\",\"afterStep\",\"afterScenario\",\"afterFeature\",\"_\",\"suite\",\"$0\",\"ignoredWorkerServices\",\"wdi5\"]"}]}
RESULT: {"script":"<script> [2342 bytes]","args":[{"protocol":"http","hostname":"0.0.0.0","path":"/","capabilities":{"browserName":"chrome","goog:chromeOptions":{"binary":"C:\\Program Files\\Google\\Chrome\\Application\\chrome.exe","args":["--start-maximized"]}},"logLevel":"warn","connectionRetryTimeout":120000,"connectionRetryCount":3,"logLevels":{},"enableDirectConnect":true,"strictSSL":true,"_":"65 more keys: [\"cacheDir\",\"port\",\"requestedCapabilities\",\"automationProtocol\",\"baseUrl\",\"waitforInterval\",\"waitforTimeout\",\"onReload\",\"beforeCommand\",\"afterCommand\",\"rootDir\",\"specs\",\"suites\",\"exclude\",\"groupLogsByTestSpec\",\"excludeDriverLogs\",\"bail\",\"framework\",\"reporters\",\"services\",\"maxInstances\",\"maxInstancesPerCapability\",\"injectGlobals\",\"filesToWatch\",\"execArgv\",\"runnerEnv\",\"runner\",\"shard\",\"specFileRetries\",\"specFileRetriesDelay\",\"specFileRetriesDeferred\",\"reporterSyncInterval\",\"reporterSyncTimeout\",\"cucumberFeaturesWithLineNumbers\",\"autoCompileOpts\",\"mochaOpts\",\"jasmineOpts\",\"cucumberOpts\",\"onPrepare\",\"onWorkerStart\",\"onWorkerEnd\",\"before\",\"beforeSession\",\"beforeSuite\",\"beforeHook\",\"beforeTest\",\"afterTest\",\"afterHook\",\"afterSuite\",\"afterSession\",\"after\",\"onComplete\",\"beforeAssertion\",\"afterAssertion\",\"beforeFeature\",\"beforeScenario\",\"beforeStep\",\"afterStep\",\"afterScenario\",\"afterFeature\",\"_\",\"suite\",\"$0\",\"ignoredWorkerServices\",\"wdi5\"]"}]}
COMMAND: POST /session/e8ae643ad1a7d9f9ee71b330bca2e34d/execute/async - {"script":"<script> [21126 bytes]","args":[35000]}
RESULT: {"script":"<script> [21126 bytes]","args":[35000]}
COMMAND: POST /session/e8ae643ad1a7d9f9ee71b330bca2e34d/window/maximize - {}
RESULT: {}
COMMAND: POST /session/e8ae643ad1a7d9f9ee71b330bca2e34d/execute/async - {"script":"<script> [1562 bytes]","args":[{"selector":{"id":"shell-header","interaction":{"idSuffix":"icon"}},"wdio_ui5_key":"shellheader"}]}
COMMAND: GET /session/e8ae643ad1a7d9f9ee71b330bca2e34d/screenshot - {}
RESULT: {"script":"<script> [1562 bytes]","args":[{"selector":{"id":"shell-header","interaction":{"idSuffix":"icon"}},"wdio_ui5_key":"shellheader"}]}
RESULT: undefined
COMMAND: POST /session/e8ae643ad1a7d9f9ee71b330bca2e34d/refresh - {}
RESULT: {}
RESULT: {}
COMMAND: GET /session/e8ae643ad1a7d9f9ee71b330bca2e34d/screenshot - {}
RESULT: {}
COMMAND: POST /session/e8ae643ad1a7d9f9ee71b330bca2e34d/refresh - {}
RESULT: {}
COMMAND: GET /session/e8ae643ad1a7d9f9ee71b330bca2e34d/screenshot - {}
RESULT: {}
COMMAND: POST /session/e8ae643ad1a7d9f9ee71b330bca2e34d/execute/async - {"script":"<script> [189 bytes]","args":[]}
RESULT: {"script":"<script> [189 bytes]","args":[]}
COMMAND: POST /session/e8ae643ad1a7d9f9ee71b330bca2e34d/execute/async - {"script":"<script> [123 bytes]","args":[]}
RESULT: {"script":"<script> [123 bytes]","args":[]}
COMMAND: POST /session/e8ae643ad1a7d9f9ee71b330bca2e34d/timeouts - {"script":"<number>"}
RESULT: {"script":"<number>"}
COMMAND: GET /session/e8ae643ad1a7d9f9ee71b330bca2e34d/timeouts - {}
RESULT: {}
RESULT: undefined
COMMAND: POST /session/e8ae643ad1a7d9f9ee71b330bca2e34d/execute/async - {"script":"<script> [2676 bytes]","args":[]}
RESULT: {"script":"<script> [2676 bytes]","args":[]}
COMMAND: POST /session/e8ae643ad1a7d9f9ee71b330bca2e34d/execute/async - {"script":"<script> [2342 bytes]","args":[{"protocol":"http","hostname":"0.0.0.0","path":"/","capabilities":{"browserName":"chrome","goog:chromeOptions":{"binary":"C:\\Program Files\\Google\\Chrome\\Application\\chrome.exe","args":["--start-maximized"]}},"logLevel":"warn","connectionRetryTimeout":120000,"connectionRetryCount":3,"logLevels":{},"enableDirectConnect":true,"strictSSL":true,"_":"65 more keys: [\"cacheDir\",\"port\",\"requestedCapabilities\",\"automationProtocol\",\"baseUrl\",\"waitforInterval\",\"waitforTimeout\",\"onReload\",\"beforeCommand\",\"afterCommand\",\"rootDir\",\"specs\",\"suites\",\"exclude\",\"groupLogsByTestSpec\",\"excludeDriverLogs\",\"bail\",\"framework\",\"reporters\",\"services\",\"maxInstances\",\"maxInstancesPerCapability\",\"injectGlobals\",\"filesToWatch\",\"execArgv\",\"runnerEnv\",\"runner\",\"shard\",\"specFileRetries\",\"specFileRetriesDelay\",\"specFileRetriesDeferred\",\"reporterSyncInterval\",\"reporterSyncTimeout\",\"cucumberFeaturesWithLineNumbers\",\"autoCompileOpts\",\"mochaOpts\",\"jasmineOpts\",\"cucumberOpts\",\"onPrepare\",\"onWorkerStart\",\"onWorkerEnd\",\"before\",\"beforeSession\",\"beforeSuite\",\"beforeHook\",\"beforeTest\",\"afterTest\",\"afterHook\",\"afterSuite\",\"afterSession\",\"after\",\"onComplete\",\"beforeAssertion\",\"afterAssertion\",\"beforeFeature\",\"beforeScenario\",\"beforeStep\",\"afterStep\",\"afterScenario\",\"afterFeature\",\"_\",\"suite\",\"$0\",\"ignoredWorkerServices\",\"wdi5\"]"}]}
RESULT: {"script":"<script> [2342 bytes]","args":[{"protocol":"http","hostname":"0.0.0.0","path":"/","capabilities":{"browserName":"chrome","goog:chromeOptions":{"binary":"C:\\Program Files\\Google\\Chrome\\Application\\chrome.exe","args":["--start-maximized"]}},"logLevel":"warn","connectionRetryTimeout":120000,"connectionRetryCount":3,"logLevels":{},"enableDirectConnect":true,"strictSSL":true,"_":"65 more keys: [\"cacheDir\",\"port\",\"requestedCapabilities\",\"automationProtocol\",\"baseUrl\",\"waitforInterval\",\"waitforTimeout\",\"onReload\",\"beforeCommand\",\"afterCommand\",\"rootDir\",\"specs\",\"suites\",\"exclude\",\"groupLogsByTestSpec\",\"excludeDriverLogs\",\"bail\",\"framework\",\"reporters\",\"services\",\"maxInstances\",\"maxInstancesPerCapability\",\"injectGlobals\",\"filesToWatch\",\"execArgv\",\"runnerEnv\",\"runner\",\"shard\",\"specFileRetries\",\"specFileRetriesDelay\",\"specFileRetriesDeferred\",\"reporterSyncInterval\",\"reporterSyncTimeout\",\"cucumberFeaturesWithLineNumbers\",\"autoCompileOpts\",\"mochaOpts\",\"jasmineOpts\",\"cucumberOpts\",\"onPrepare\",\"onWorkerStart\",\"onWorkerEnd\",\"before\",\"beforeSession\",\"beforeSuite\",\"beforeHook\",\"beforeTest\",\"afterTest\",\"afterHook\",\"afterSuite\",\"afterSession\",\"after\",\"onComplete\",\"beforeAssertion\",\"afterAssertion\",\"beforeFeature\",\"beforeScenario\",\"beforeStep\",\"afterStep\",\"afterScenario\",\"afterFeature\",\"_\",\"suite\",\"$0\",\"ignoredWorkerServices\",\"wdi5\"]"}]}
COMMAND: POST /session/e8ae643ad1a7d9f9ee71b330bca2e34d/execute/async - {"script":"<script> [21126 bytes]","args":[35000]}
RESULT: {"script":"<script> [21126 bytes]","args":[35000]}
]]></system-out>
    </testcase>
  </testsuite>
  <testsuite timestamp="2025-04-15T17:59:39" time="567.171" tests="12" failures="0" errors="0" skipped="0">
    <properties>
      <property name="specId" value="0"/>
      <property name="suiteName" value="Create Reverse Billing US127248"/>
      <property name="capabilities" value="chrome.135_0_7049_42.windows"/>
      <property name="file" value="file:///D:/a/1/s/test/specs/BTS/reverse-billing.spec.js"/>
    </properties>
    <testcase classname="chrome.135_0_7049_42.windows.Create_Reverse_Billing_US127248" name="Should create a new yard" time="0.747">
      <system-out><![CDATA[
COMMAND: POST /session/e8ae643ad1a7d9f9ee71b330bca2e34d/window/fullscreen - {}
RESULT: {}
]]></system-out>
    </testcase>
    <testcase classname="chrome.135_0_7049_42.windows.Create_Reverse_Billing_US127248" name="Should create a new partner" time="0.005"/>
    <testcase classname="chrome.135_0_7049_42.windows.Create_Reverse_Billing_US127248" name="Should create a new site" time="0.005"/>
    <testcase classname="chrome.135_0_7049_42.windows.Create_Reverse_Billing_US127248" name="Should create a resource" time="112.585">
      <system-out><![CDATA[
COMMAND: POST /session/e8ae643ad1a7d9f9ee71b330bca2e34d/execute/async - {"script":"<script> [1562 bytes]","args":[{"selector":{"controlType":"sap.m.GenericTile","properties":{"header":"Manage Resources"}},"wdio_ui5_key":"sapm.GenericTile{\"header\":\"Manage Resources\"}"}]}
RESULT: {"script":"<script> [1562 bytes]","args":[{"selector":{"controlType":"sap.m.GenericTile","properties":{"header":"Manage Resources"}},"wdio_ui5_key":"sapm.GenericTile{\"header\":\"Manage Resources\"}"}]}
RESULT: undefined
COMMAND: POST /session/e8ae643ad1a7d9f9ee71b330bca2e34d/element - {"using":"xpath","value":"//*[@id=\"__tile39\"]"}
RESULT: {"using":"xpath","value":"//*[@id=\"__tile39\"]"}
COMMAND: POST /session/e8ae643ad1a7d9f9ee71b330bca2e34d/element/f.804597995EEA20368E99A2927B0C1762.d.F9CFAC3A40BA15F039F311A32CD9E60B.e.16958/click - {}
RESULT: {}
COMMAND: POST /session/e8ae643ad1a7d9f9ee71b330bca2e34d/element - {"using":"xpath","value":"//button[@data-kt=\"addNewRUOverflowToolbarButton\"]"}
COMMAND: GET /session/e8ae643ad1a7d9f9ee71b330bca2e34d/screenshot - {}
RESULT: {"using":"xpath","value":"//button[@data-kt=\"addNewRUOverflowToolbarButton\"]"}
COMMAND: POST /session/e8ae643ad1a7d9f9ee71b330bca2e34d/elements - {"using":"xpath","value":"//button[@data-kt=\"addNewRUOverflowToolbarButton\"]"}
RESULT: {}
RESULT: {"using":"xpath","value":"//button[@data-kt=\"addNewRUOverflowToolbarButton\"]"}
COMMAND: POST /session/e8ae643ad1a7d9f9ee71b330bca2e34d/elements - {"using":"xpath","value":"//button[@data-kt=\"addNewRUOverflowToolbarButton\"]"}
RESULT: {"using":"xpath","value":"//button[@data-kt=\"addNewRUOverflowToolbarButton\"]"}
COMMAND: POST /session/e8ae643ad1a7d9f9ee71b330bca2e34d/elements - {"using":"xpath","value":"//button[@data-kt=\"addNewRUOverflowToolbarButton\"]"}
RESULT: undefined
RESULT: {"using":"xpath","value":"//button[@data-kt=\"addNewRUOverflowToolbarButton\"]"}
COMMAND: POST /session/e8ae643ad1a7d9f9ee71b330bca2e34d/elements - {"using":"xpath","value":"//button[@data-kt=\"addNewRUOverflowToolbarButton\"]"}
RESULT: {"using":"xpath","value":"//button[@data-kt=\"addNewRUOverflowToolbarButton\"]"}
COMMAND: POST /session/e8ae643ad1a7d9f9ee71b330bca2e34d/elements - {"using":"xpath","value":"//button[@data-kt=\"addNewRUOverflowToolbarButton\"]"}
RESULT: {"using":"xpath","value":"//button[@data-kt=\"addNewRUOverflowToolbarButton\"]"}
COMMAND: POST /session/e8ae643ad1a7d9f9ee71b330bca2e34d/elements - {"using":"xpath","value":"//button[@data-kt=\"addNewRUOverflowToolbarButton\"]"}
RESULT: {"using":"xpath","value":"//button[@data-kt=\"addNewRUOverflowToolbarButton\"]"}
COMMAND: POST /session/e8ae643ad1a7d9f9ee71b330bca2e34d/element - {"using":"xpath","value":"//button[@data-kt=\"addNewRUOverflowToolbarButton\"]"}
RESULT: {"using":"xpath","value":"//button[@data-kt=\"addNewRUOverflowToolbarButton\"]"}
COMMAND: POST /session/e8ae643ad1a7d9f9ee71b330bca2e34d/execute/sync - {"script":"<script> [8489 bytes]","args":[{"element-6066-11e4-a52e-4f735466cecf":"f.804597995EEA20368E99A2927B0C1762.d.F9CFAC3A40BA15F039F311A32CD9E60B.e.17098","ELEMENT":"f.804597995EEA20368E99A2927B0C1762.d.F9CFAC3A40BA15F039F311A32CD9E60B.e.17098"}]}
RESULT: {"script":"<script> [8489 bytes]","args":[{"element-6066-11e4-a52e-4f735466cecf":"f.804597995EEA20368E99A2927B0C1762.d.F9CFAC3A40BA15F039F311A32CD9E60B.e.17098","ELEMENT":"f.804597995EEA20368E99A2927B0C1762.d.F9CFAC3A40BA15F039F311A32CD9E60B.e.17098"}]}
COMMAND: GET /session/e8ae643ad1a7d9f9ee71b330bca2e34d/element/f.804597995EEA20368E99A2927B0C1762.d.F9CFAC3A40BA15F039F311A32CD9E60B.e.17098/enabled - {}
COMMAND: GET /session/e8ae643ad1a7d9f9ee71b330bca2e34d/screenshot - {}
RESULT: {}
COMMAND: POST /session/e8ae643ad1a7d9f9ee71b330bca2e34d/execute/sync - {"script":"<script> [8489 bytes]","args":[{"element-6066-11e4-a52e-4f735466cecf":"f.804597995EEA20368E99A2927B0C1762.d.F9CFAC3A40BA15F039F311A32CD9E60B.e.17098","ELEMENT":"f.804597995EEA20368E99A2927B0C1762.d.F9CFAC3A40BA15F039F311A32CD9E60B.e.17098"}]}
COMMAND: GET /session/e8ae643ad1a7d9f9ee71b330bca2e34d/screenshot - {}
RESULT: {}
RESULT: {"script":"<script> [8489 bytes]","args":[{"element-6066-11e4-a52e-4f735466cecf":"f.804597995EEA20368E99A2927B0C1762.d.F9CFAC3A40BA15F039F311A32CD9E60B.e.17098","ELEMENT":"f.804597995EEA20368E99A2927B0C1762.d.F9CFAC3A40BA15F039F311A32CD9E60B.e.17098"}]}
COMMAND: POST /session/e8ae643ad1a7d9f9ee71b330bca2e34d/execute/sync - {"script":"<script> [5351 bytes]","args":[{"element-6066-11e4-a52e-4f735466cecf":"f.804597995EEA20368E99A2927B0C1762.d.F9CFAC3A40BA15F039F311A32CD9E60B.e.17098","ELEMENT":"f.804597995EEA20368E99A2927B0C1762.d.F9CFAC3A40BA15F039F311A32CD9E60B.e.17098"}]}
COMMAND: GET /session/e8ae643ad1a7d9f9ee71b330bca2e34d/screenshot - {}
RESULT: {}
RESULT: {"script":"<script> [5351 bytes]","args":[{"element-6066-11e4-a52e-4f735466cecf":"f.804597995EEA20368E99A2927B0C1762.d.F9CFAC3A40BA15F039F311A32CD9E60B.e.17098","ELEMENT":"f.804597995EEA20368E99A2927B0C1762.d.F9CFAC3A40BA15F039F311A32CD9E60B.e.17098"}]}
COMMAND: POST /session/e8ae643ad1a7d9f9ee71b330bca2e34d/element/f.804597995EEA20368E99A2927B0C1762.d.F9CFAC3A40BA15F039F311A32CD9E60B.e.17098/click - {}
COMMAND: GET /session/e8ae643ad1a7d9f9ee71b330bca2e34d/screenshot - {}
RESULT: {}
RESULT: {}
COMMAND: GET /session/e8ae643ad1a7d9f9ee71b330bca2e34d/screenshot - {}
RESULT: {}
RESULT: {}
COMMAND: POST /session/e8ae643ad1a7d9f9ee71b330bca2e34d/execute/async - {"script":"<script> [1562 bytes]","args":[{"selector":{"id":"application-manageresources-display-component---newResourceUnit--TYPE-arrow"},"wdio_ui5_key":"applicationmanageresources-display-component---newResourceUnit--TYPE-arrow"}]}
RESULT: {"script":"<script> [1562 bytes]","args":[{"selector":{"id":"application-manageresources-display-component---newResourceUnit--TYPE-arrow"},"wdio_ui5_key":"applicationmanageresources-display-component---newResourceUnit--TYPE-arrow"}]}
RESULT: undefined
COMMAND: POST /session/e8ae643ad1a7d9f9ee71b330bca2e34d/element - {"using":"xpath","value":"//*[@id=\"application-manageresources-display-component---newResourceUnit--TYPE-arrow\"]"}
RESULT: {"using":"xpath","value":"//*[@id=\"application-manageresources-display-component---newResourceUnit--TYPE-arrow\"]"}
COMMAND: POST /session/e8ae643ad1a7d9f9ee71b330bca2e34d/element/f.804597995EEA20368E99A2927B0C1762.d.F9CFAC3A40BA15F039F311A32CD9E60B.e.17464/click - {}
RESULT: {}
COMMAND: POST /session/e8ae643ad1a7d9f9ee71b330bca2e34d/element - {"using":"xpath","value":"//input[@id=\"application-manageresources-display-component---newResourceUnit--TYPE-inner\"]"}
COMMAND: GET /session/e8ae643ad1a7d9f9ee71b330bca2e34d/screenshot - {}
RESULT: {"using":"xpath","value":"//input[@id=\"application-manageresources-display-component---newResourceUnit--TYPE-inner\"]"}
COMMAND: POST /session/e8ae643ad1a7d9f9ee71b330bca2e34d/element/f.804597995EEA20368E99A2927B0C1762.d.F9CFAC3A40BA15F039F311A32CD9E60B.e.17451/clear - {}
RESULT: {}
RESULT: {}
COMMAND: POST /session/e8ae643ad1a7d9f9ee71b330bca2e34d/element/f.804597995EEA20368E99A2927B0C1762.d.F9CFAC3A40BA15F039F311A32CD9E60B.e.17451/value - {"text":"Equipment"}
COMMAND: GET /session/e8ae643ad1a7d9f9ee71b330bca2e34d/screenshot - {}
RESULT: {"text":"Equipment"}
COMMAND: GET /session/e8ae643ad1a7d9f9ee71b330bca2e34d/screenshot - {}
RESULT: {}
RESULT: {}
COMMAND: POST /session/e8ae643ad1a7d9f9ee71b330bca2e34d/actions - {"actions":[{"id":"action57","type":"key","parameters":{},"actions":[{"type":"keyDown","value":""},{"type":"pause","duration":10},{"type":"keyUp","value":""}]}]}
RESULT: {"actions":[{"id":"action57","type":"key","parameters":{},"actions":[{"type":"keyDown","value":""},{"type":"pause","duration":10},{"type":"keyUp","value":""}]}]}
COMMAND: POST /session/e8ae643ad1a7d9f9ee71b330bca2e34d/execute/async - {"script":"<script> [1562 bytes]","args":[{"selector":{"id":"application-manageresources-display-component---newResourceUnit--resourceId","interaction":{"idSuffix":"inner"}},"wdio_ui5_key":"applicationmanageresources-display-component---newResourceUnit--resourceId"}]}
COMMAND: GET /session/e8ae643ad1a7d9f9ee71b330bca2e34d/screenshot - {}
RESULT: {"script":"<script> [1562 bytes]","args":[{"selector":{"id":"application-manageresources-display-component---newResourceUnit--resourceId","interaction":{"idSuffix":"inner"}},"wdio_ui5_key":"applicationmanageresources-display-component---newResourceUnit--resourceId"}]}
RESULT: undefined
COMMAND: POST /session/e8ae643ad1a7d9f9ee71b330bca2e34d/execute/async - {"script":"<script> [776 bytes]","args":[{"enterText":"XJpY4NKJga","selector":{"id":"application-manageresources-display-component---newResourceUnit--resourceId","interaction":{"idSuffix":"inner"}},"clearTextFirst":true,"interactionType":"ENTER_TEXT"}]}
RESULT: {}
RESULT: {"script":"<script> [776 bytes]","args":[{"enterText":"XJpY4NKJga","selector":{"id":"application-manageresources-display-component---newResourceUnit--resourceId","interaction":{"idSuffix":"inner"}},"clearTextFirst":true,"interactionType":"ENTER_TEXT"}]}
COMMAND: POST /session/e8ae643ad1a7d9f9ee71b330bca2e34d/execute/async - {"script":"<script> [1562 bytes]","args":[{"selector":{"id":"application-manageresources-display-component---newResourceUnit--SHORT_TEXT","interaction":{"idSuffix":"inner"}},"wdio_ui5_key":"applicationmanageresources-display-component---newResourceUnit--SHORT_TEXT"}]}
RESULT: {"script":"<script> [1562 bytes]","args":[{"selector":{"id":"application-manageresources-display-component---newResourceUnit--SHORT_TEXT","interaction":{"idSuffix":"inner"}},"wdio_ui5_key":"applicationmanageresources-display-component---newResourceUnit--SHORT_TEXT"}]}
RESULT: undefined
COMMAND: POST /session/e8ae643ad1a7d9f9ee71b330bca2e34d/execute/async - {"script":"<script> [776 bytes]","args":[{"enterText":"Intercompany Equipment WDIO","selector":{"id":"application-manageresources-display-component---newResourceUnit--SHORT_TEXT","interaction":{"idSuffix":"inner"}},"clearTextFirst":true,"interactionType":"ENTER_TEXT"}]}
RESULT: {"script":"<script> [776 bytes]","args":[{"enterText":"Intercompany Equipment WDIO","selector":{"id":"application-manageresources-display-component---newResourceUnit--SHORT_TEXT","interaction":{"idSuffix":"inner"}},"clearTextFirst":true,"interactionType":"ENTER_TEXT"}]}
COMMAND: POST /session/e8ae643ad1a7d9f9ee71b330bca2e34d/execute/async - {"script":"<script> [1562 bytes]","args":[{"selector":{"id":"application-manageresources-display-component---newResourceUnit--BASE_UNIT_OF_MEASURE","interaction":{"idSuffix":"inner"}},"wdio_ui5_key":"applicationmanageresources-display-component---newResourceUnit--BASE_UNIT_OF_MEASURE"}]}
RESULT: {"script":"<script> [1562 bytes]","args":[{"selector":{"id":"application-manageresources-display-component---newResourceUnit--BASE_UNIT_OF_MEASURE","interaction":{"idSuffix":"inner"}},"wdio_ui5_key":"applicationmanageresources-display-component---newResourceUnit--BASE_UNIT_OF_MEASURE"}]}
RESULT: undefined
COMMAND: POST /session/e8ae643ad1a7d9f9ee71b330bca2e34d/execute/async - {"script":"<script> [776 bytes]","args":[{"enterText":"Piece","selector":{"id":"application-manageresources-display-component---newResourceUnit--BASE_UNIT_OF_MEASURE","interaction":{"idSuffix":"inner"}},"clearTextFirst":true,"interactionType":"ENTER_TEXT"}]}
RESULT: {"script":"<script> [776 bytes]","args":[{"enterText":"Piece","selector":{"id":"application-manageresources-display-component---newResourceUnit--BASE_UNIT_OF_MEASURE","interaction":{"idSuffix":"inner"}},"clearTextFirst":true,"interactionType":"ENTER_TEXT"}]}
COMMAND: POST /session/e8ae643ad1a7d9f9ee71b330bca2e34d/execute/async - {"script":"<script> [1562 bytes]","args":[{"selector":{"id":"application-manageresources-display-component---newResourceUnit--WEIGHT_UNIT","interaction":{"idSuffix":"inner"}},"wdio_ui5_key":"applicationmanageresources-display-component---newResourceUnit--WEIGHT_UNIT"}]}
RESULT: {"script":"<script> [1562 bytes]","args":[{"selector":{"id":"application-manageresources-display-component---newResourceUnit--WEIGHT_UNIT","interaction":{"idSuffix":"inner"}},"wdio_ui5_key":"applicationmanageresources-display-component---newResourceUnit--WEIGHT_UNIT"}]}
RESULT: undefined
COMMAND: POST /session/e8ae643ad1a7d9f9ee71b330bca2e34d/execute/async - {"script":"<script> [776 bytes]","args":[{"enterText":"Gram","selector":{"id":"application-manageresources-display-component---newResourceUnit--WEIGHT_UNIT","interaction":{"idSuffix":"inner"}},"clearTextFirst":true,"interactionType":"ENTER_TEXT"}]}
RESULT: {"script":"<script> [776 bytes]","args":[{"enterText":"Gram","selector":{"id":"application-manageresources-display-component---newResourceUnit--WEIGHT_UNIT","interaction":{"idSuffix":"inner"}},"clearTextFirst":true,"interactionType":"ENTER_TEXT"}]}
COMMAND: POST /session/e8ae643ad1a7d9f9ee71b330bca2e34d/execute/async - {"script":"<script> [1562 bytes]","args":[{"selector":{"id":"application-manageresources-display-component---newResourceUnit--DIMENSION_UNIT","interaction":{"idSuffix":"inner"}},"wdio_ui5_key":"applicationmanageresources-display-component---newResourceUnit--DIMENSION_UNIT"}]}
RESULT: {"script":"<script> [1562 bytes]","args":[{"selector":{"id":"application-manageresources-display-component---newResourceUnit--DIMENSION_UNIT","interaction":{"idSuffix":"inner"}},"wdio_ui5_key":"applicationmanageresources-display-component---newResourceUnit--DIMENSION_UNIT"}]}
RESULT: undefined
COMMAND: POST /session/e8ae643ad1a7d9f9ee71b330bca2e34d/execute/async - {"script":"<script> [776 bytes]","args":[{"enterText":"Meter","selector":{"id":"application-manageresources-display-component---newResourceUnit--DIMENSION_UNIT","interaction":{"idSuffix":"inner"}},"clearTextFirst":true,"interactionType":"ENTER_TEXT"}]}
RESULT: {"script":"<script> [776 bytes]","args":[{"enterText":"Meter","selector":{"id":"application-manageresources-display-component---newResourceUnit--DIMENSION_UNIT","interaction":{"idSuffix":"inner"}},"clearTextFirst":true,"interactionType":"ENTER_TEXT"}]}
COMMAND: POST /session/e8ae643ad1a7d9f9ee71b330bca2e34d/execute/async - {"script":"<script> [1562 bytes]","args":[{"selector":{"id":"application-manageresources-display-component---newResourceUnit--newRRUPage-anchBar-application-manageresources-display-component---newResourceUnit--control-anchor","interaction":{"idSuffix":"BDI-content"}},"wdio_ui5_key":"applicationmanageresources-display-component---newResourceUnit--newRRUPage-anchBar-application-manageresources-display-component---newResourceUnit--control-anchor"}]}
RESULT: {"script":"<script> [1562 bytes]","args":[{"selector":{"id":"application-manageresources-display-component---newResourceUnit--newRRUPage-anchBar-application-manageresources-display-component---newResourceUnit--control-anchor","interaction":{"idSuffix":"BDI-content"}},"wdio_ui5_key":"applicationmanageresources-display-component---newResourceUnit--newRRUPage-anchBar-application-manageresources-display-component---newResourceUnit--control-anchor"}]}
RESULT: undefined
COMMAND: POST /session/e8ae643ad1a7d9f9ee71b330bca2e34d/element - {"using":"xpath","value":"//*[@id=\"application-manageresources-display-component---newResourceUnit--newRRUPage-anchBar-application-manageresources-display-component---newResourceUnit--control-anchor\"]"}
RESULT: {"using":"xpath","value":"//*[@id=\"application-manageresources-display-component---newResourceUnit--newRRUPage-anchBar-application-manageresources-display-component---newResourceUnit--control-anchor\"]"}
COMMAND: POST /session/e8ae643ad1a7d9f9ee71b330bca2e34d/element/f.804597995EEA20368E99A2927B0C1762.d.F9CFAC3A40BA15F039F311A32CD9E60B.e.17598/click - {}
RESULT: {}
COMMAND: POST /session/e8ae643ad1a7d9f9ee71b330bca2e34d/execute/async - {"script":"<script> [1562 bytes]","args":[{"selector":{"id":"application-manageresources-display-component---newResourceUnit--PLANNING_GROUP","interaction":{"idSuffix":"inner"}},"wdio_ui5_key":"applicationmanageresources-display-component---newResourceUnit--PLANNING_GROUP"}]}
COMMAND: GET /session/e8ae643ad1a7d9f9ee71b330bca2e34d/screenshot - {}
RESULT: {"script":"<script> [1562 bytes]","args":[{"selector":{"id":"application-manageresources-display-component---newResourceUnit--PLANNING_GROUP","interaction":{"idSuffix":"inner"}},"wdio_ui5_key":"applicationmanageresources-display-component---newResourceUnit--PLANNING_GROUP"}]}
RESULT: undefined
COMMAND: POST /session/e8ae643ad1a7d9f9ee71b330bca2e34d/execute/async - {"script":"<script> [776 bytes]","args":[{"enterText":"Heavy Equi","selector":{"id":"application-manageresources-display-component---newResourceUnit--PLANNING_GROUP","interaction":{"idSuffix":"inner"}},"clearTextFirst":true,"interactionType":"ENTER_TEXT"}]}
RESULT: {}
RESULT: {"script":"<script> [776 bytes]","args":[{"enterText":"Heavy Equi","selector":{"id":"application-manageresources-display-component---newResourceUnit--PLANNING_GROUP","interaction":{"idSuffix":"inner"}},"clearTextFirst":true,"interactionType":"ENTER_TEXT"}]}
COMMAND: POST /session/e8ae643ad1a7d9f9ee71b330bca2e34d/execute/async - {"script":"<script> [1562 bytes]","args":[{"selector":{"id":"application-manageresources-display-component---newResourceUnit--ITEM_TYPE-arrow"},"wdio_ui5_key":"applicationmanageresources-display-component---newResourceUnit--ITEM_TYPE-arrow"}]}
RESULT: {"script":"<script> [1562 bytes]","args":[{"selector":{"id":"application-manageresources-display-component---newResourceUnit--ITEM_TYPE-arrow"},"wdio_ui5_key":"applicationmanageresources-display-component---newResourceUnit--ITEM_TYPE-arrow"}]}
RESULT: undefined
COMMAND: POST /session/e8ae643ad1a7d9f9ee71b330bca2e34d/element - {"using":"xpath","value":"//*[@id=\"application-manageresources-display-component---newResourceUnit--ITEM_TYPE-arrow\"]"}
RESULT: {"using":"xpath","value":"//*[@id=\"application-manageresources-display-component---newResourceUnit--ITEM_TYPE-arrow\"]"}
COMMAND: POST /session/e8ae643ad1a7d9f9ee71b330bca2e34d/element/f.804597995EEA20368E99A2927B0C1762.d.F9CFAC3A40BA15F039F311A32CD9E60B.e.17605/click - {}
RESULT: {}
COMMAND: POST /session/e8ae643ad1a7d9f9ee71b330bca2e34d/element - {"using":"xpath","value":"(//span[contains(text(), \"Resource Unit\")])[2]"}
COMMAND: GET /session/e8ae643ad1a7d9f9ee71b330bca2e34d/screenshot - {}
RESULT: {"using":"xpath","value":"(//span[contains(text(), \"Resource Unit\")])[2]"}
COMMAND: POST /session/e8ae643ad1a7d9f9ee71b330bca2e34d/element/f.804597995EEA20368E99A2927B0C1762.d.F9CFAC3A40BA15F039F311A32CD9E60B.e.17606/click - {}
RESULT: {}
RESULT: {}
COMMAND: GET /session/e8ae643ad1a7d9f9ee71b330bca2e34d/screenshot - {}
RESULT: {}
COMMAND: POST /session/e8ae643ad1a7d9f9ee71b330bca2e34d/element - {"using":"css selector","value":"#application-manageresources-display-component---newResourceUnit--btnAddTimeSegment"}
RESULT: {"using":"css selector","value":"#application-manageresources-display-component---newResourceUnit--btnAddTimeSegment"}
COMMAND: GET /session/e8ae643ad1a7d9f9ee71b330bca2e34d/element/f.804597995EEA20368E99A2927B0C1762.d.F9CFAC3A40BA15F039F311A32CD9E60B.e.17607/rect - {}
RESULT: {}
COMMAND: GET /session/e8ae643ad1a7d9f9ee71b330bca2e34d/window/rect - {}
RESULT: {}
COMMAND: POST /session/e8ae643ad1a7d9f9ee71b330bca2e34d/execute/sync - {"script":"<script> [92 bytes]","args":[]}
RESULT: {"script":"<script> [92 bytes]","args":[]}
COMMAND: POST /session/e8ae643ad1a7d9f9ee71b330bca2e34d/actions - {"actions":[{"id":"action58","type":"wheel","parameters":{},"actions":[{"type":"scroll","x":-1888,"y":-32,"deltaX":0,"deltaY":0,"duration":0,"origin":{"element-6066-11e4-a52e-4f735466cecf":"f.804597995EEA20368E99A2927B0C1762.d.F9CFAC3A40BA15F039F311A32CD9E60B.e.17607"}}]}]}
COMMAND: GET /session/e8ae643ad1a7d9f9ee71b330bca2e34d/screenshot - {}
RESULT: {}
COMMAND: POST /session/e8ae643ad1a7d9f9ee71b330bca2e34d/execute/sync - {"script":"<script> [79 bytes]","args":[{"element-6066-11e4-a52e-4f735466cecf":"f.804597995EEA20368E99A2927B0C1762.d.F9CFAC3A40BA15F039F311A32CD9E60B.e.17607","ELEMENT":"f.804597995EEA20368E99A2927B0C1762.d.F9CFAC3A40BA15F039F311A32CD9E60B.e.17607"},{"block":"start","inline":"nearest"}]}
RESULT: {"script":"<script> [79 bytes]","args":[{"element-6066-11e4-a52e-4f735466cecf":"f.804597995EEA20368E99A2927B0C1762.d.F9CFAC3A40BA15F039F311A32CD9E60B.e.17607","ELEMENT":"f.804597995EEA20368E99A2927B0C1762.d.F9CFAC3A40BA15F039F311A32CD9E60B.e.17607"},{"block":"start","inline":"nearest"}]}
COMMAND: POST /session/e8ae643ad1a7d9f9ee71b330bca2e34d/execute/async - {"script":"<script> [1562 bytes]","args":[{"selector":{"id":"application-manageresources-display-component---newResourceUnit--btnAddTimeSegment","interaction":{"idSuffix":"inner"}},"wdio_ui5_key":"applicationmanageresources-display-component---newResourceUnit--btnAddTimeSegment"}]}
COMMAND: GET /session/e8ae643ad1a7d9f9ee71b330bca2e34d/screenshot - {}
RESULT: {"script":"<script> [1562 bytes]","args":[{"selector":{"id":"application-manageresources-display-component---newResourceUnit--btnAddTimeSegment","interaction":{"idSuffix":"inner"}},"wdio_ui5_key":"applicationmanageresources-display-component---newResourceUnit--btnAddTimeSegment"}]}
RESULT: undefined
COMMAND: POST /session/e8ae643ad1a7d9f9ee71b330bca2e34d/element - {"using":"xpath","value":"//*[@id=\"application-manageresources-display-component---newResourceUnit--btnAddTimeSegment\"]"}
RESULT: {}
RESULT: {"using":"xpath","value":"//*[@id=\"application-manageresources-display-component---newResourceUnit--btnAddTimeSegment\"]"}
COMMAND: POST /session/e8ae643ad1a7d9f9ee71b330bca2e34d/element/f.804597995EEA20368E99A2927B0C1762.d.F9CFAC3A40BA15F039F311A32CD9E60B.e.17607/click - {}
RESULT: {}
COMMAND: GET /session/e8ae643ad1a7d9f9ee71b330bca2e34d/screenshot - {}
RESULT: {}
COMMAND: POST /session/e8ae643ad1a7d9f9ee71b330bca2e34d/element - {"using":"xpath","value":"//input[@id=\"application-manageresources-display-component---newResourceUnit--idRuTSAdmin-application-manageresources-display-component---newResourceUnit--RUTimeSegment-0-inner\"]"}
RESULT: {"using":"xpath","value":"//input[@id=\"application-manageresources-display-component---newResourceUnit--idRuTSAdmin-application-manageresources-display-component---newResourceUnit--RUTimeSegment-0-inner\"]"}
COMMAND: POST /session/e8ae643ad1a7d9f9ee71b330bca2e34d/element/f.804597995EEA20368E99A2927B0C1762.d.F9CFAC3A40BA15F039F311A32CD9E60B.e.17613/clear - {}
RESULT: {}
COMMAND: POST /session/e8ae643ad1a7d9f9ee71b330bca2e34d/element/f.804597995EEA20368E99A2927B0C1762.d.F9CFAC3A40BA15F039F311A32CD9E60B.e.17613/value - {"text":"373"}
COMMAND: GET /session/e8ae643ad1a7d9f9ee71b330bca2e34d/screenshot - {}
RESULT: {"text":"373"}
COMMAND: GET /session/e8ae643ad1a7d9f9ee71b330bca2e34d/screenshot - {}
RESULT: {}
RESULT: {}
COMMAND: POST /session/e8ae643ad1a7d9f9ee71b330bca2e34d/element - {"using":"xpath","value":"//li[.//span[text()='373']]"}
RESULT: {"using":"xpath","value":"//li[.//span[text()='373']]"}
COMMAND: POST /session/e8ae643ad1a7d9f9ee71b330bca2e34d/element/f.804597995EEA20368E99A2927B0C1762.d.F9CFAC3A40BA15F039F311A32CD9E60B.e.17625/click - {}
RESULT: {}
COMMAND: GET /session/e8ae643ad1a7d9f9ee71b330bca2e34d/screenshot - {}
RESULT: {}
COMMAND: POST /session/e8ae643ad1a7d9f9ee71b330bca2e34d/element - {"using":"xpath","value":"(//span[contains(@id, \"-application-manageresources-display-component---newResourceUnit--RUTimeSegment-0-arrow\")])[6]"}
RESULT: {"using":"xpath","value":"(//span[contains(@id, \"-application-manageresources-display-component---newResourceUnit--RUTimeSegment-0-arrow\")])[6]"}
COMMAND: POST /session/e8ae643ad1a7d9f9ee71b330bca2e34d/element/f.804597995EEA20368E99A2927B0C1762.d.F9CFAC3A40BA15F039F311A32CD9E60B.e.17626/click - {}
RESULT: {}
COMMAND: POST /session/e8ae643ad1a7d9f9ee71b330bca2e34d/element - {"using":"xpath","value":"//span[contains(text(), \"PM Order\")]"}
COMMAND: GET /session/e8ae643ad1a7d9f9ee71b330bca2e34d/screenshot - {}
RESULT: {"using":"xpath","value":"//span[contains(text(), \"PM Order\")]"}
COMMAND: POST /session/e8ae643ad1a7d9f9ee71b330bca2e34d/element/f.804597995EEA20368E99A2927B0C1762.d.F9CFAC3A40BA15F039F311A32CD9E60B.e.17629/click - {}
RESULT: {}
RESULT: {}
COMMAND: GET /session/e8ae643ad1a7d9f9ee71b330bca2e34d/screenshot - {}
RESULT: {}
COMMAND: POST /session/e8ae643ad1a7d9f9ee71b330bca2e34d/element - {"using":"xpath","value":"(//span[contains(@id ,\"manageresources-display-component---newResourceUnit--RUTimeSegment-0-vhi\")])[2]"}
RESULT: {"using":"xpath","value":"(//span[contains(@id ,\"manageresources-display-component---newResourceUnit--RUTimeSegment-0-vhi\")])[2]"}
COMMAND: POST /session/e8ae643ad1a7d9f9ee71b330bca2e34d/element/f.804597995EEA20368E99A2927B0C1762.d.F9CFAC3A40BA15F039F311A32CD9E60B.e.17632/click - {}
RESULT: {}
COMMAND: GET /session/e8ae643ad1a7d9f9ee71b330bca2e34d/screenshot - {}
RESULT: {}
COMMAND: POST /session/e8ae643ad1a7d9f9ee71b330bca2e34d/execute/async - {"script":"<script> [1562 bytes]","args":[{"selector":{"controlType":"sap.m.SearchField","properties":{"placeholder":"Search"},"searchOpenDialogs":true,"interaction":{"idSuffix":"I"}},"wdio_ui5_key":"sapm.SearchField{\"placeholder\":\"Search\"}"}]}
RESULT: {"script":"<script> [1562 bytes]","args":[{"selector":{"controlType":"sap.m.SearchField","properties":{"placeholder":"Search"},"searchOpenDialogs":true,"interaction":{"idSuffix":"I"}},"wdio_ui5_key":"sapm.SearchField{\"placeholder\":\"Search\"}"}]}
RESULT: undefined
COMMAND: POST /session/e8ae643ad1a7d9f9ee71b330bca2e34d/execute/async - {"script":"<script> [776 bytes]","args":[{"enterText":"4000360","selector":{"controlType":"sap.m.SearchField","properties":{"placeholder":"Search"},"searchOpenDialogs":true,"interaction":{"idSuffix":"I"}},"clearTextFirst":true,"interactionType":"ENTER_TEXT"}]}
RESULT: {"script":"<script> [776 bytes]","args":[{"enterText":"4000360","selector":{"controlType":"sap.m.SearchField","properties":{"placeholder":"Search"},"searchOpenDialogs":true,"interaction":{"idSuffix":"I"}},"clearTextFirst":true,"interactionType":"ENTER_TEXT"}]}
COMMAND: POST /session/e8ae643ad1a7d9f9ee71b330bca2e34d/actions - {"actions":[{"id":"action59","type":"key","parameters":{},"actions":[{"type":"keyDown","value":""},{"type":"pause","duration":10},{"type":"keyUp","value":""}]}]}
RESULT: {"actions":[{"id":"action59","type":"key","parameters":{},"actions":[{"type":"keyDown","value":""},{"type":"pause","duration":10},{"type":"keyUp","value":""}]}]}
COMMAND: GET /session/e8ae643ad1a7d9f9ee71b330bca2e34d/screenshot - {}
RESULT: {}
COMMAND: POST /session/e8ae643ad1a7d9f9ee71b330bca2e34d/element - {"using":"xpath","value":"//td/div/span[contains(text(), \"BGL Vehicles\")]"}
RESULT: {"using":"xpath","value":"//td/div/span[contains(text(), \"BGL Vehicles\")]"}
COMMAND: POST /session/e8ae643ad1a7d9f9ee71b330bca2e34d/element/f.804597995EEA20368E99A2927B0C1762.d.F9CFAC3A40BA15F039F311A32CD9E60B.e.17651/click - {}
RESULT: {}
COMMAND: GET /session/e8ae643ad1a7d9f9ee71b330bca2e34d/screenshot - {}
RESULT: {}
COMMAND: POST /session/e8ae643ad1a7d9f9ee71b330bca2e34d/element - {"using":"xpath","value":"//bdi[contains(text(), \"OK\")]"}
RESULT: {"using":"xpath","value":"//bdi[contains(text(), \"OK\")]"}
COMMAND: POST /session/e8ae643ad1a7d9f9ee71b330bca2e34d/element/f.804597995EEA20368E99A2927B0C1762.d.F9CFAC3A40BA15F039F311A32CD9E60B.e.17652/click - {}
RESULT: {}
COMMAND: GET /session/e8ae643ad1a7d9f9ee71b330bca2e34d/screenshot - {}
RESULT: {}
COMMAND: POST /session/e8ae643ad1a7d9f9ee71b330bca2e34d/execute/async - {"script":"<script> [1562 bytes]","args":[{"selector":{"id":"application-manageresources-display-component---newResourceUnit--newRRUPage-anchBar-application-manageresources-display-component---newResourceUnit--resource-anchor","interaction":{"idSuffix":"BDI-content"}},"wdio_ui5_key":"applicationmanageresources-display-component---newResourceUnit--newRRUPage-anchBar-application-manageresources-display-component---newResourceUnit--resource-anchor"}]}
RESULT: {"script":"<script> [1562 bytes]","args":[{"selector":{"id":"application-manageresources-display-component---newResourceUnit--newRRUPage-anchBar-application-manageresources-display-component---newResourceUnit--resource-anchor","interaction":{"idSuffix":"BDI-content"}},"wdio_ui5_key":"applicationmanageresources-display-component---newResourceUnit--newRRUPage-anchBar-application-manageresources-display-component---newResourceUnit--resource-anchor"}]}
RESULT: undefined
COMMAND: POST /session/e8ae643ad1a7d9f9ee71b330bca2e34d/element - {"using":"xpath","value":"//*[@id=\"application-manageresources-display-component---newResourceUnit--newRRUPage-anchBar-application-manageresources-display-component---newResourceUnit--resource-anchor\"]"}
RESULT: {"using":"xpath","value":"//*[@id=\"application-manageresources-display-component---newResourceUnit--newRRUPage-anchBar-application-manageresources-display-component---newResourceUnit--resource-anchor\"]"}
COMMAND: POST /session/e8ae643ad1a7d9f9ee71b330bca2e34d/element/f.804597995EEA20368E99A2927B0C1762.d.F9CFAC3A40BA15F039F311A32CD9E60B.e.17656/click - {}
RESULT: {}
COMMAND: POST /session/e8ae643ad1a7d9f9ee71b330bca2e34d/execute/async - {"script":"<script> [1562 bytes]","args":[{"selector":{"id":"application-manageresources-display-component---newResourceUnit--PLANNED_DELIVERY_DATE","interaction":{"idSuffix":"inner"}},"wdio_ui5_key":"applicationmanageresources-display-component---newResourceUnit--PLANNED_DELIVERY_DATE"}]}
COMMAND: GET /session/e8ae643ad1a7d9f9ee71b330bca2e34d/screenshot - {}
RESULT: {"script":"<script> [1562 bytes]","args":[{"selector":{"id":"application-manageresources-display-component---newResourceUnit--PLANNED_DELIVERY_DATE","interaction":{"idSuffix":"inner"}},"wdio_ui5_key":"applicationmanageresources-display-component---newResourceUnit--PLANNED_DELIVERY_DATE"}]}
RESULT: undefined
COMMAND: POST /session/e8ae643ad1a7d9f9ee71b330bca2e34d/execute/async - {"script":"<script> [6424 bytes]","args":[{"element-6066-11e4-a52e-4f735466cecf":"f.804597995EEA20368E99A2927B0C1762.d.F9CFAC3A40BA15F039F311A32CD9E60B.e.17521"},"setValue",["4/15/25"]]}
RESULT: {}
RESULT: {"script":"<script> [6424 bytes]","args":[{"element-6066-11e4-a52e-4f735466cecf":"f.804597995EEA20368E99A2927B0C1762.d.F9CFAC3A40BA15F039F311A32CD9E60B.e.17521"},"setValue",["4/15/25"]]}
COMMAND: POST /session/e8ae643ad1a7d9f9ee71b330bca2e34d/element - {"using":"xpath","value":"//button[@data-kt=\"resourceUnitSaveButton\"]"}
RESULT: {"using":"xpath","value":"//button[@data-kt=\"resourceUnitSaveButton\"]"}
COMMAND: POST /session/e8ae643ad1a7d9f9ee71b330bca2e34d/element/f.804597995EEA20368E99A2927B0C1762.d.F9CFAC3A40BA15F039F311A32CD9E60B.e.17481/click - {}
RESULT: {}
COMMAND: GET /session/e8ae643ad1a7d9f9ee71b330bca2e34d/screenshot - {}
RESULT: {}
COMMAND: POST /session/e8ae643ad1a7d9f9ee71b330bca2e34d/element - {"using":"xpath","value":"//bdi[contains(text(), \"Close\")]"}
RESULT: {"using":"xpath","value":"//bdi[contains(text(), \"Close\")]"}
COMMAND: POST /session/e8ae643ad1a7d9f9ee71b330bca2e34d/element/f.804597995EEA20368E99A2927B0C1762.d.F9CFAC3A40BA15F039F311A32CD9E60B.e.17664/click - {}
RESULT: {}
COMMAND: GET /session/e8ae643ad1a7d9f9ee71b330bca2e34d/screenshot - {}
RESULT: {}
COMMAND: POST /session/e8ae643ad1a7d9f9ee71b330bca2e34d/element - {"using":"xpath","value":"(//button[contains(@id ,\"actionsToolbar-overflowButton\")])[1]"}
RESULT: {"using":"xpath","value":"(//button[contains(@id ,\"actionsToolbar-overflowButton\")])[1]"}
COMMAND: POST /session/e8ae643ad1a7d9f9ee71b330bca2e34d/element/f.804597995EEA20368E99A2927B0C1762.d.F9CFAC3A40BA15F039F311A32CD9E60B.e.17719/click - {}
RESULT: {}
COMMAND: GET /session/e8ae643ad1a7d9f9ee71b330bca2e34d/screenshot - {}
RESULT: {}
COMMAND: POST /session/e8ae643ad1a7d9f9ee71b330bca2e34d/element - {"using":"xpath","value":"//button[@data-kt=\"priceInfoButton\"]"}
RESULT: {"using":"xpath","value":"//button[@data-kt=\"priceInfoButton\"]"}
COMMAND: POST /session/e8ae643ad1a7d9f9ee71b330bca2e34d/element/f.804597995EEA20368E99A2927B0C1762.d.F9CFAC3A40BA15F039F311A32CD9E60B.e.17721/click - {}
RESULT: {}
COMMAND: GET /session/e8ae643ad1a7d9f9ee71b330bca2e34d/screenshot - {}
RESULT: {}
]]></system-out>
    </testcase>
    <testcase classname="chrome.135_0_7049_42.windows.Create_Reverse_Billing_US127248" name="Should create a pricing procedure" time="49.981">
      <system-out><![CDATA[
COMMAND: POST /session/e8ae643ad1a7d9f9ee71b330bca2e34d/element - {"using":"xpath","value":"//button[@data-kt=\"addButton\"]"}
RESULT: {"using":"xpath","value":"//button[@data-kt=\"addButton\"]"}
COMMAND: POST /session/e8ae643ad1a7d9f9ee71b330bca2e34d/elements - {"using":"xpath","value":"//button[@data-kt=\"addButton\"]"}
RESULT: {"using":"xpath","value":"//button[@data-kt=\"addButton\"]"}
COMMAND: POST /session/e8ae643ad1a7d9f9ee71b330bca2e34d/elements - {"using":"xpath","value":"//button[@data-kt=\"addButton\"]"}
RESULT: {"using":"xpath","value":"//button[@data-kt=\"addButton\"]"}
COMMAND: POST /session/e8ae643ad1a7d9f9ee71b330bca2e34d/element - {"using":"xpath","value":"//button[@data-kt=\"addButton\"]"}
RESULT: {"using":"xpath","value":"//button[@data-kt=\"addButton\"]"}
COMMAND: POST /session/e8ae643ad1a7d9f9ee71b330bca2e34d/execute/sync - {"script":"<script> [8489 bytes]","args":[{"element-6066-11e4-a52e-4f735466cecf":"f.804597995EEA20368E99A2927B0C1762.d.F9CFAC3A40BA15F039F311A32CD9E60B.e.17757","ELEMENT":"f.804597995EEA20368E99A2927B0C1762.d.F9CFAC3A40BA15F039F311A32CD9E60B.e.17757"}]}
RESULT: {"script":"<script> [8489 bytes]","args":[{"element-6066-11e4-a52e-4f735466cecf":"f.804597995EEA20368E99A2927B0C1762.d.F9CFAC3A40BA15F039F311A32CD9E60B.e.17757","ELEMENT":"f.804597995EEA20368E99A2927B0C1762.d.F9CFAC3A40BA15F039F311A32CD9E60B.e.17757"}]}
COMMAND: GET /session/e8ae643ad1a7d9f9ee71b330bca2e34d/element/f.804597995EEA20368E99A2927B0C1762.d.F9CFAC3A40BA15F039F311A32CD9E60B.e.17757/enabled - {}
COMMAND: GET /session/e8ae643ad1a7d9f9ee71b330bca2e34d/screenshot - {}
RESULT: {}
COMMAND: POST /session/e8ae643ad1a7d9f9ee71b330bca2e34d/execute/sync - {"script":"<script> [8489 bytes]","args":[{"element-6066-11e4-a52e-4f735466cecf":"f.804597995EEA20368E99A2927B0C1762.d.F9CFAC3A40BA15F039F311A32CD9E60B.e.17757","ELEMENT":"f.804597995EEA20368E99A2927B0C1762.d.F9CFAC3A40BA15F039F311A32CD9E60B.e.17757"}]}
COMMAND: GET /session/e8ae643ad1a7d9f9ee71b330bca2e34d/screenshot - {}
RESULT: {}
RESULT: {"script":"<script> [8489 bytes]","args":[{"element-6066-11e4-a52e-4f735466cecf":"f.804597995EEA20368E99A2927B0C1762.d.F9CFAC3A40BA15F039F311A32CD9E60B.e.17757","ELEMENT":"f.804597995EEA20368E99A2927B0C1762.d.F9CFAC3A40BA15F039F311A32CD9E60B.e.17757"}]}
COMMAND: POST /session/e8ae643ad1a7d9f9ee71b330bca2e34d/execute/sync - {"script":"<script> [5351 bytes]","args":[{"element-6066-11e4-a52e-4f735466cecf":"f.804597995EEA20368E99A2927B0C1762.d.F9CFAC3A40BA15F039F311A32CD9E60B.e.17757","ELEMENT":"f.804597995EEA20368E99A2927B0C1762.d.F9CFAC3A40BA15F039F311A32CD9E60B.e.17757"}]}
COMMAND: GET /session/e8ae643ad1a7d9f9ee71b330bca2e34d/screenshot - {}
RESULT: {}
RESULT: {"script":"<script> [5351 bytes]","args":[{"element-6066-11e4-a52e-4f735466cecf":"f.804597995EEA20368E99A2927B0C1762.d.F9CFAC3A40BA15F039F311A32CD9E60B.e.17757","ELEMENT":"f.804597995EEA20368E99A2927B0C1762.d.F9CFAC3A40BA15F039F311A32CD9E60B.e.17757"}]}
COMMAND: POST /session/e8ae643ad1a7d9f9ee71b330bca2e34d/element/f.804597995EEA20368E99A2927B0C1762.d.F9CFAC3A40BA15F039F311A32CD9E60B.e.17757/click - {}
COMMAND: GET /session/e8ae643ad1a7d9f9ee71b330bca2e34d/screenshot - {}
RESULT: {}
RESULT: {}
COMMAND: GET /session/e8ae643ad1a7d9f9ee71b330bca2e34d/screenshot - {}
RESULT: {}
RESULT: {}
COMMAND: POST /session/e8ae643ad1a7d9f9ee71b330bca2e34d/execute/async - {"script":"<script> [1562 bytes]","args":[{"selector":{"controlType":"sap.m.Title","viewName":"etm.portal.ui.managepricingrules.view.NewItem","viewId":"application-managepricingrules-display-component---newInfoPriceItem","properties":{"text":"New Pricing Rules - Item Level"}},"wdio_ui5_key":"etmportal.ui.managepricingrules.view.NewItemsap.m.Title{\"text\":\"New Pricing Rules - Item Level\"}"}]}
RESULT: {"script":"<script> [1562 bytes]","args":[{"selector":{"controlType":"sap.m.Title","viewName":"etm.portal.ui.managepricingrules.view.NewItem","viewId":"application-managepricingrules-display-component---newInfoPriceItem","properties":{"text":"New Pricing Rules - Item Level"}},"wdio_ui5_key":"etmportal.ui.managepricingrules.view.NewItemsap.m.Title{\"text\":\"New Pricing Rules - Item Level\"}"}]}
RESULT: undefined
COMMAND: POST /session/e8ae643ad1a7d9f9ee71b330bca2e34d/execute/async - {"script":"<script> [6424 bytes]","args":[{"element-6066-11e4-a52e-4f735466cecf":"f.804597995EEA20368E99A2927B0C1762.d.F9CFAC3A40BA15F039F311A32CD9E60B.e.17927"},"getText",[]]}
RESULT: {"script":"<script> [6424 bytes]","args":[{"element-6066-11e4-a52e-4f735466cecf":"f.804597995EEA20368E99A2927B0C1762.d.F9CFAC3A40BA15F039F311A32CD9E60B.e.17927"},"getText",[]]}
COMMAND: POST /session/e8ae643ad1a7d9f9ee71b330bca2e34d/execute/async - {"script":"<script> [1562 bytes]","args":[{"selector":{"id":"application-managepricingrules-display-component---newInfoPriceItem--condValidTo","interaction":{"idSuffix":"inner"}},"wdio_ui5_key":"applicationmanagepricingrules-display-component---newInfoPriceItem--condValidTo"}]}
RESULT: {"script":"<script> [1562 bytes]","args":[{"selector":{"id":"application-managepricingrules-display-component---newInfoPriceItem--condValidTo","interaction":{"idSuffix":"inner"}},"wdio_ui5_key":"applicationmanagepricingrules-display-component---newInfoPriceItem--condValidTo"}]}
RESULT: undefined
COMMAND: POST /session/e8ae643ad1a7d9f9ee71b330bca2e34d/execute/async - {"script":"<script> [776 bytes]","args":[{"enterText":"12/15/25","selector":{"id":"application-managepricingrules-display-component---newInfoPriceItem--condValidTo","interaction":{"idSuffix":"inner"}},"clearTextFirst":true,"interactionType":"ENTER_TEXT"}]}
RESULT: {"script":"<script> [776 bytes]","args":[{"enterText":"12/15/25","selector":{"id":"application-managepricingrules-display-component---newInfoPriceItem--condValidTo","interaction":{"idSuffix":"inner"}},"clearTextFirst":true,"interactionType":"ENTER_TEXT"}]}
COMMAND: POST /session/e8ae643ad1a7d9f9ee71b330bca2e34d/execute/async - {"script":"<script> [1562 bytes]","args":[{"selector":{"id":"application-managepricingrules-display-component---newInfoPriceItem--billType-arrow"},"wdio_ui5_key":"applicationmanagepricingrules-display-component---newInfoPriceItem--billType-arrow"}]}
RESULT: {"script":"<script> [1562 bytes]","args":[{"selector":{"id":"application-managepricingrules-display-component---newInfoPriceItem--billType-arrow"},"wdio_ui5_key":"applicationmanagepricingrules-display-component---newInfoPriceItem--billType-arrow"}]}
RESULT: undefined
COMMAND: POST /session/e8ae643ad1a7d9f9ee71b330bca2e34d/element - {"using":"xpath","value":"//*[@id=\"application-managepricingrules-display-component---newInfoPriceItem--billType-arrow\"]"}
RESULT: {"using":"xpath","value":"//*[@id=\"application-managepricingrules-display-component---newInfoPriceItem--billType-arrow\"]"}
COMMAND: POST /session/e8ae643ad1a7d9f9ee71b330bca2e34d/element/f.804597995EEA20368E99A2927B0C1762.d.F9CFAC3A40BA15F039F311A32CD9E60B.e.17887/click - {}
RESULT: {}
COMMAND: POST /session/e8ae643ad1a7d9f9ee71b330bca2e34d/element - {"using":"xpath","value":"//span[contains(text(), \"TB - Time based\")]"}
COMMAND: GET /session/e8ae643ad1a7d9f9ee71b330bca2e34d/screenshot - {}
RESULT: {"using":"xpath","value":"//span[contains(text(), \"TB - Time based\")]"}
COMMAND: POST /session/e8ae643ad1a7d9f9ee71b330bca2e34d/element/f.804597995EEA20368E99A2927B0C1762.d.F9CFAC3A40BA15F039F311A32CD9E60B.e.17929/click - {}
RESULT: {}
RESULT: {}
COMMAND: POST /session/e8ae643ad1a7d9f9ee71b330bca2e34d/execute/async - {"script":"<script> [1562 bytes]","args":[{"selector":{"id":"application-managepricingrules-display-component---newInfoPriceItem--priceProc-arrow"},"wdio_ui5_key":"applicationmanagepricingrules-display-component---newInfoPriceItem--priceProc-arrow"}]}
COMMAND: GET /session/e8ae643ad1a7d9f9ee71b330bca2e34d/screenshot - {}
RESULT: {"script":"<script> [1562 bytes]","args":[{"selector":{"id":"application-managepricingrules-display-component---newInfoPriceItem--priceProc-arrow"},"wdio_ui5_key":"applicationmanagepricingrules-display-component---newInfoPriceItem--priceProc-arrow"}]}
RESULT: undefined
COMMAND: POST /session/e8ae643ad1a7d9f9ee71b330bca2e34d/element - {"using":"xpath","value":"//*[@id=\"application-managepricingrules-display-component---newInfoPriceItem--priceProc-arrow\"]"}
RESULT: {}
RESULT: {"using":"xpath","value":"//*[@id=\"application-managepricingrules-display-component---newInfoPriceItem--priceProc-arrow\"]"}
COMMAND: POST /session/e8ae643ad1a7d9f9ee71b330bca2e34d/element/f.804597995EEA20368E99A2927B0C1762.d.F9CFAC3A40BA15F039F311A32CD9E60B.e.17894/click - {}
RESULT: {}
COMMAND: POST /session/e8ae643ad1a7d9f9ee71b330bca2e34d/element - {"using":"xpath","value":"//span[contains(text(), \"TBS - Time based standard\")]"}
COMMAND: GET /session/e8ae643ad1a7d9f9ee71b330bca2e34d/screenshot - {}
RESULT: {"using":"xpath","value":"//span[contains(text(), \"TBS - Time based standard\")]"}
COMMAND: POST /session/e8ae643ad1a7d9f9ee71b330bca2e34d/element/f.804597995EEA20368E99A2927B0C1762.d.F9CFAC3A40BA15F039F311A32CD9E60B.e.17930/click - {}
RESULT: {}
RESULT: {}
COMMAND: POST /session/e8ae643ad1a7d9f9ee71b330bca2e34d/execute/async - {"script":"<script> [1562 bytes]","args":[{"selector":{"id":"application-managepricingrules-display-component---newInfoPriceItem--calcBase-arrow"},"wdio_ui5_key":"applicationmanagepricingrules-display-component---newInfoPriceItem--calcBase-arrow"}]}
COMMAND: GET /session/e8ae643ad1a7d9f9ee71b330bca2e34d/screenshot - {}
RESULT: {"script":"<script> [1562 bytes]","args":[{"selector":{"id":"application-managepricingrules-display-component---newInfoPriceItem--calcBase-arrow"},"wdio_ui5_key":"applicationmanagepricingrules-display-component---newInfoPriceItem--calcBase-arrow"}]}
RESULT: undefined
COMMAND: POST /session/e8ae643ad1a7d9f9ee71b330bca2e34d/element - {"using":"xpath","value":"//*[@id=\"application-managepricingrules-display-component---newInfoPriceItem--calcBase-arrow\"]"}
RESULT: {}
RESULT: {"using":"xpath","value":"//*[@id=\"application-managepricingrules-display-component---newInfoPriceItem--calcBase-arrow\"]"}
COMMAND: POST /session/e8ae643ad1a7d9f9ee71b330bca2e34d/element/f.804597995EEA20368E99A2927B0C1762.d.F9CFAC3A40BA15F039F311A32CD9E60B.e.17901/click - {}
RESULT: {}
COMMAND: GET /session/e8ae643ad1a7d9f9ee71b330bca2e34d/screenshot - {}
RESULT: {}
COMMAND: POST /session/e8ae643ad1a7d9f9ee71b330bca2e34d/element - {"using":"xpath","value":"//span[contains(text(), \"0006 - TB(calendar days)\")]"}
RESULT: {"using":"xpath","value":"//span[contains(text(), \"0006 - TB(calendar days)\")]"}
COMMAND: POST /session/e8ae643ad1a7d9f9ee71b330bca2e34d/element/f.804597995EEA20368E99A2927B0C1762.d.F9CFAC3A40BA15F039F311A32CD9E60B.e.17931/click - {}
RESULT: {}
COMMAND: GET /session/e8ae643ad1a7d9f9ee71b330bca2e34d/screenshot - {}
RESULT: {}
COMMAND: POST /session/e8ae643ad1a7d9f9ee71b330bca2e34d/execute/async - {"script":"<script> [1562 bytes]","args":[{"selector":{"id":"application-managepricingrules-display-component---newInfoPriceItem--daysMonth","interaction":{"idSuffix":"inner"}},"wdio_ui5_key":"applicationmanagepricingrules-display-component---newInfoPriceItem--daysMonth"}]}
RESULT: {"script":"<script> [1562 bytes]","args":[{"selector":{"id":"application-managepricingrules-display-component---newInfoPriceItem--daysMonth","interaction":{"idSuffix":"inner"}},"wdio_ui5_key":"applicationmanagepricingrules-display-component---newInfoPriceItem--daysMonth"}]}
RESULT: undefined
COMMAND: POST /session/e8ae643ad1a7d9f9ee71b330bca2e34d/execute/async - {"script":"<script> [776 bytes]","args":[{"enterText":"30","selector":{"id":"application-managepricingrules-display-component---newInfoPriceItem--daysMonth","interaction":{"idSuffix":"inner"}},"clearTextFirst":true,"interactionType":"ENTER_TEXT"}]}
RESULT: {"script":"<script> [776 bytes]","args":[{"enterText":"30","selector":{"id":"application-managepricingrules-display-component---newInfoPriceItem--daysMonth","interaction":{"idSuffix":"inner"}},"clearTextFirst":true,"interactionType":"ENTER_TEXT"}]}
COMMAND: POST /session/e8ae643ad1a7d9f9ee71b330bca2e34d/element - {"using":"xpath","value":"//button[@data-kt=\"saveNewRuleButton\"]"}
RESULT: {"using":"xpath","value":"//button[@data-kt=\"saveNewRuleButton\"]"}
COMMAND: POST /session/e8ae643ad1a7d9f9ee71b330bca2e34d/element/f.804597995EEA20368E99A2927B0C1762.d.F9CFAC3A40BA15F039F311A32CD9E60B.e.17921/click - {}
RESULT: {}
COMMAND: GET /session/e8ae643ad1a7d9f9ee71b330bca2e34d/screenshot - {}
RESULT: {}
COMMAND: POST /session/e8ae643ad1a7d9f9ee71b330bca2e34d/execute/async - {"script":"<script> [1562 bytes]","args":[{"selector":{"id":"application-managepricingrules-display-component---priceInfoItem--smartFilterBar-btnBasicSearch","interaction":{"idSuffix":"I"}},"wdio_ui5_key":"applicationmanagepricingrules-display-component---priceInfoItem--smartFilterBar-btnBasicSearch"}]}
RESULT: {"script":"<script> [1562 bytes]","args":[{"selector":{"id":"application-managepricingrules-display-component---priceInfoItem--smartFilterBar-btnBasicSearch","interaction":{"idSuffix":"I"}},"wdio_ui5_key":"applicationmanagepricingrules-display-component---priceInfoItem--smartFilterBar-btnBasicSearch"}]}
RESULT: undefined
COMMAND: POST /session/e8ae643ad1a7d9f9ee71b330bca2e34d/execute/async - {"script":"<script> [776 bytes]","args":[{"enterText":"XJpY4NKJga","selector":{"id":"application-managepricingrules-display-component---priceInfoItem--smartFilterBar-btnBasicSearch","interaction":{"idSuffix":"I"}},"clearTextFirst":true,"interactionType":"ENTER_TEXT"}]}
RESULT: {"script":"<script> [776 bytes]","args":[{"enterText":"XJpY4NKJga","selector":{"id":"application-managepricingrules-display-component---priceInfoItem--smartFilterBar-btnBasicSearch","interaction":{"idSuffix":"I"}},"clearTextFirst":true,"interactionType":"ENTER_TEXT"}]}
COMMAND: POST /session/e8ae643ad1a7d9f9ee71b330bca2e34d/actions - {"actions":[{"id":"action60","type":"key","parameters":{},"actions":[{"type":"keyDown","value":""},{"type":"pause","duration":10},{"type":"keyUp","value":""}]}]}
RESULT: {"actions":[{"id":"action60","type":"key","parameters":{},"actions":[{"type":"keyDown","value":""},{"type":"pause","duration":10},{"type":"keyUp","value":""}]}]}
COMMAND: GET /session/e8ae643ad1a7d9f9ee71b330bca2e34d/screenshot - {}
RESULT: {}
COMMAND: POST /session/e8ae643ad1a7d9f9ee71b330bca2e34d/element - {"using":"xpath","value":"//span[@id=\"application-managepricingrules-display-component---priceInfoItem--smartTable-header-inner\"]"}
RESULT: {"using":"xpath","value":"//span[@id=\"application-managepricingrules-display-component---priceInfoItem--smartTable-header-inner\"]"}
COMMAND: POST /session/e8ae643ad1a7d9f9ee71b330bca2e34d/elements - {"using":"xpath","value":"//span[@id=\"application-managepricingrules-display-component---priceInfoItem--smartTable-header-inner\"]"}
RESULT: {"using":"xpath","value":"//span[@id=\"application-managepricingrules-display-component---priceInfoItem--smartTable-header-inner\"]"}
COMMAND: POST /session/e8ae643ad1a7d9f9ee71b330bca2e34d/execute/sync - {"script":"<script> [56 bytes]","args":[{"element-6066-11e4-a52e-4f735466cecf":"f.804597995EEA20368E99A2927B0C1762.d.F9CFAC3A40BA15F039F311A32CD9E60B.e.17945","ELEMENT":"f.804597995EEA20368E99A2927B0C1762.d.F9CFAC3A40BA15F039F311A32CD9E60B.e.17945"}]}
RESULT: {"script":"<script> [56 bytes]","args":[{"element-6066-11e4-a52e-4f735466cecf":"f.804597995EEA20368E99A2927B0C1762.d.F9CFAC3A40BA15F039F311A32CD9E60B.e.17945","ELEMENT":"f.804597995EEA20368E99A2927B0C1762.d.F9CFAC3A40BA15F039F311A32CD9E60B.e.17945"}]}
COMMAND: POST /session/e8ae643ad1a7d9f9ee71b330bca2e34d/element - {"using":"css selector","value":"#shell-header-logo"}
COMMAND: GET /session/e8ae643ad1a7d9f9ee71b330bca2e34d/screenshot - {}
RESULT: {"using":"css selector","value":"#shell-header-logo"}
COMMAND: POST /session/e8ae643ad1a7d9f9ee71b330bca2e34d/element/f.804597995EEA20368E99A2927B0C1762.d.F9CFAC3A40BA15F039F311A32CD9E60B.e.17067/click - {}
RESULT: {}
RESULT: {}
COMMAND: GET /session/e8ae643ad1a7d9f9ee71b330bca2e34d/screenshot - {}
RESULT: {}
]]></system-out>
    </testcase>
    <testcase classname="chrome.135_0_7049_42.windows.Create_Reverse_Billing_US127248" name="Should manage conditions" time="64.121">
      <system-out><![CDATA[
COMMAND: POST /session/e8ae643ad1a7d9f9ee71b330bca2e34d/execute/async - {"script":"<script> [1562 bytes]","args":[{"selector":{"controlType":"sap.m.Text","properties":{"text":"Manage Conditions & Prices"},"interaction":{"idSuffix":"inner"}},"wdio_ui5_key":"sapm.Text{\"text\":\"Manage Conditions & Prices\"}"}]}
RESULT: {"script":"<script> [1562 bytes]","args":[{"selector":{"controlType":"sap.m.Text","properties":{"text":"Manage Conditions & Prices"},"interaction":{"idSuffix":"inner"}},"wdio_ui5_key":"sapm.Text{\"text\":\"Manage Conditions & Prices\"}"}]}
RESULT: undefined
COMMAND: POST /session/e8ae643ad1a7d9f9ee71b330bca2e34d/element - {"using":"xpath","value":"//*[@id=\"__tile53-title\"]"}
RESULT: {"using":"xpath","value":"//*[@id=\"__tile53-title\"]"}
COMMAND: POST /session/e8ae643ad1a7d9f9ee71b330bca2e34d/element/f.804597995EEA20368E99A2927B0C1762.d.F9CFAC3A40BA15F039F311A32CD9E60B.e.17948/click - {}
RESULT: {}
COMMAND: POST /session/e8ae643ad1a7d9f9ee71b330bca2e34d/element - {"using":"xpath","value":"//button[@aria-label=\"Create\"]"}
COMMAND: GET /session/e8ae643ad1a7d9f9ee71b330bca2e34d/screenshot - {}
RESULT: {"using":"xpath","value":"//button[@aria-label=\"Create\"]"}
COMMAND: POST /session/e8ae643ad1a7d9f9ee71b330bca2e34d/elements - {"using":"xpath","value":"//button[@aria-label=\"Create\"]"}
RESULT: {}
RESULT: {"using":"xpath","value":"//button[@aria-label=\"Create\"]"}
COMMAND: POST /session/e8ae643ad1a7d9f9ee71b330bca2e34d/elements - {"using":"xpath","value":"//button[@aria-label=\"Create\"]"}
RESULT: {"using":"xpath","value":"//button[@aria-label=\"Create\"]"}
COMMAND: POST /session/e8ae643ad1a7d9f9ee71b330bca2e34d/elements - {"using":"xpath","value":"//button[@aria-label=\"Create\"]"}
RESULT: {"using":"xpath","value":"//button[@aria-label=\"Create\"]"}
COMMAND: POST /session/e8ae643ad1a7d9f9ee71b330bca2e34d/element - {"using":"xpath","value":"//button[@aria-label=\"Create\"]"}
RESULT: {"using":"xpath","value":"//button[@aria-label=\"Create\"]"}
COMMAND: POST /session/e8ae643ad1a7d9f9ee71b330bca2e34d/execute/sync - {"script":"<script> [8489 bytes]","args":[{"element-6066-11e4-a52e-4f735466cecf":"f.804597995EEA20368E99A2927B0C1762.d.F9CFAC3A40BA15F039F311A32CD9E60B.e.17982","ELEMENT":"f.804597995EEA20368E99A2927B0C1762.d.F9CFAC3A40BA15F039F311A32CD9E60B.e.17982"}]}
RESULT: {"script":"<script> [8489 bytes]","args":[{"element-6066-11e4-a52e-4f735466cecf":"f.804597995EEA20368E99A2927B0C1762.d.F9CFAC3A40BA15F039F311A32CD9E60B.e.17982","ELEMENT":"f.804597995EEA20368E99A2927B0C1762.d.F9CFAC3A40BA15F039F311A32CD9E60B.e.17982"}]}
COMMAND: GET /session/e8ae643ad1a7d9f9ee71b330bca2e34d/element/f.804597995EEA20368E99A2927B0C1762.d.F9CFAC3A40BA15F039F311A32CD9E60B.e.17982/enabled - {}
COMMAND: GET /session/e8ae643ad1a7d9f9ee71b330bca2e34d/screenshot - {}
RESULT: {}
COMMAND: POST /session/e8ae643ad1a7d9f9ee71b330bca2e34d/execute/sync - {"script":"<script> [8489 bytes]","args":[{"element-6066-11e4-a52e-4f735466cecf":"f.804597995EEA20368E99A2927B0C1762.d.F9CFAC3A40BA15F039F311A32CD9E60B.e.17982","ELEMENT":"f.804597995EEA20368E99A2927B0C1762.d.F9CFAC3A40BA15F039F311A32CD9E60B.e.17982"}]}
COMMAND: GET /session/e8ae643ad1a7d9f9ee71b330bca2e34d/screenshot - {}
RESULT: {}
RESULT: {"script":"<script> [8489 bytes]","args":[{"element-6066-11e4-a52e-4f735466cecf":"f.804597995EEA20368E99A2927B0C1762.d.F9CFAC3A40BA15F039F311A32CD9E60B.e.17982","ELEMENT":"f.804597995EEA20368E99A2927B0C1762.d.F9CFAC3A40BA15F039F311A32CD9E60B.e.17982"}]}
COMMAND: POST /session/e8ae643ad1a7d9f9ee71b330bca2e34d/execute/sync - {"script":"<script> [5351 bytes]","args":[{"element-6066-11e4-a52e-4f735466cecf":"f.804597995EEA20368E99A2927B0C1762.d.F9CFAC3A40BA15F039F311A32CD9E60B.e.17982","ELEMENT":"f.804597995EEA20368E99A2927B0C1762.d.F9CFAC3A40BA15F039F311A32CD9E60B.e.17982"}]}
COMMAND: GET /session/e8ae643ad1a7d9f9ee71b330bca2e34d/screenshot - {}
RESULT: {}
RESULT: {"script":"<script> [5351 bytes]","args":[{"element-6066-11e4-a52e-4f735466cecf":"f.804597995EEA20368E99A2927B0C1762.d.F9CFAC3A40BA15F039F311A32CD9E60B.e.17982","ELEMENT":"f.804597995EEA20368E99A2927B0C1762.d.F9CFAC3A40BA15F039F311A32CD9E60B.e.17982"}]}
COMMAND: POST /session/e8ae643ad1a7d9f9ee71b330bca2e34d/element/f.804597995EEA20368E99A2927B0C1762.d.F9CFAC3A40BA15F039F311A32CD9E60B.e.17982/click - {}
COMMAND: GET /session/e8ae643ad1a7d9f9ee71b330bca2e34d/screenshot - {}
RESULT: {}
RESULT: {}
COMMAND: GET /session/e8ae643ad1a7d9f9ee71b330bca2e34d/screenshot - {}
RESULT: {}
RESULT: {}
COMMAND: POST /session/e8ae643ad1a7d9f9ee71b330bca2e34d/actions - {"actions":[{"id":"action61","type":"key","parameters":{},"actions":[{"type":"keyDown","value":""},{"type":"pause","duration":10},{"type":"keyUp","value":""}]}]}
RESULT: {"actions":[{"id":"action61","type":"key","parameters":{},"actions":[{"type":"keyDown","value":""},{"type":"pause","duration":10},{"type":"keyUp","value":""}]}]}
COMMAND: GET /session/e8ae643ad1a7d9f9ee71b330bca2e34d/screenshot - {}
RESULT: {}
COMMAND: POST /session/e8ae643ad1a7d9f9ee71b330bca2e34d/execute/async - {"script":"<script> [1562 bytes]","args":[{"selector":{"id":"application-manageconditionprice-display-component---newCondition--condBillCond-arrow"},"wdio_ui5_key":"applicationmanageconditionprice-display-component---newCondition--condBillCond-arrow"}]}
RESULT: {"script":"<script> [1562 bytes]","args":[{"selector":{"id":"application-manageconditionprice-display-component---newCondition--condBillCond-arrow"},"wdio_ui5_key":"applicationmanageconditionprice-display-component---newCondition--condBillCond-arrow"}]}
RESULT: undefined
COMMAND: POST /session/e8ae643ad1a7d9f9ee71b330bca2e34d/element - {"using":"xpath","value":"//*[@id=\"application-manageconditionprice-display-component---newCondition--condBillCond-arrow\"]"}
RESULT: {"using":"xpath","value":"//*[@id=\"application-manageconditionprice-display-component---newCondition--condBillCond-arrow\"]"}
COMMAND: POST /session/e8ae643ad1a7d9f9ee71b330bca2e34d/element/f.804597995EEA20368E99A2927B0C1762.d.F9CFAC3A40BA15F039F311A32CD9E60B.e.18160/click - {}
RESULT: {}
COMMAND: GET /session/e8ae643ad1a7d9f9ee71b330bca2e34d/screenshot - {}
RESULT: {}
COMMAND: POST /session/e8ae643ad1a7d9f9ee71b330bca2e34d/element - {"using":"xpath","value":"//li[.//span[contains(text(), \"DISP - D&I special price\")]]"}
RESULT: {"using":"xpath","value":"//li[.//span[contains(text(), \"DISP - D&I special price\")]]"}
COMMAND: POST /session/e8ae643ad1a7d9f9ee71b330bca2e34d/element/f.804597995EEA20368E99A2927B0C1762.d.F9CFAC3A40BA15F039F311A32CD9E60B.e.18163/click - {}
RESULT: {}
COMMAND: GET /session/e8ae643ad1a7d9f9ee71b330bca2e34d/screenshot - {}
RESULT: {}
COMMAND: POST /session/e8ae643ad1a7d9f9ee71b330bca2e34d/execute/async - {"script":"<script> [1562 bytes]","args":[{"selector":{"id":"application-manageconditionprice-display-component---newCondition--condValidTo","interaction":{"idSuffix":"inner"}},"wdio_ui5_key":"applicationmanageconditionprice-display-component---newCondition--condValidTo"}]}
RESULT: {"script":"<script> [1562 bytes]","args":[{"selector":{"id":"application-manageconditionprice-display-component---newCondition--condValidTo","interaction":{"idSuffix":"inner"}},"wdio_ui5_key":"applicationmanageconditionprice-display-component---newCondition--condValidTo"}]}
RESULT: undefined
COMMAND: POST /session/e8ae643ad1a7d9f9ee71b330bca2e34d/execute/async - {"script":"<script> [776 bytes]","args":[{"enterText":"12/15/25","selector":{"id":"application-manageconditionprice-display-component---newCondition--condValidTo","interaction":{"idSuffix":"inner"}},"clearTextFirst":true,"interactionType":"ENTER_TEXT"}]}
RESULT: {"script":"<script> [776 bytes]","args":[{"enterText":"12/15/25","selector":{"id":"application-manageconditionprice-display-component---newCondition--condValidTo","interaction":{"idSuffix":"inner"}},"clearTextFirst":true,"interactionType":"ENTER_TEXT"}]}
COMMAND: POST /session/e8ae643ad1a7d9f9ee71b330bca2e34d/element - {"using":"xpath","value":"//input[@id=\"application-manageconditionprice-display-component---newCondition--condRU-inner\"]"}
RESULT: {"using":"xpath","value":"//input[@id=\"application-manageconditionprice-display-component---newCondition--condRU-inner\"]"}
COMMAND: POST /session/e8ae643ad1a7d9f9ee71b330bca2e34d/element/f.804597995EEA20368E99A2927B0C1762.d.F9CFAC3A40BA15F039F311A32CD9E60B.e.18025/clear - {}
RESULT: {}
COMMAND: POST /session/e8ae643ad1a7d9f9ee71b330bca2e34d/element/f.804597995EEA20368E99A2927B0C1762.d.F9CFAC3A40BA15F039F311A32CD9E60B.e.18025/value - {"text":"XJpY4NKJga"}
COMMAND: GET /session/e8ae643ad1a7d9f9ee71b330bca2e34d/screenshot - {}
RESULT: {"text":"XJpY4NKJga"}
COMMAND: GET /session/e8ae643ad1a7d9f9ee71b330bca2e34d/screenshot - {}
RESULT: {}
RESULT: {}
COMMAND: POST /session/e8ae643ad1a7d9f9ee71b330bca2e34d/actions - {"actions":[{"id":"action62","type":"key","parameters":{},"actions":[{"type":"keyDown","value":""},{"type":"pause","duration":10},{"type":"keyUp","value":""}]}]}
RESULT: {"actions":[{"id":"action62","type":"key","parameters":{},"actions":[{"type":"keyDown","value":""},{"type":"pause","duration":10},{"type":"keyUp","value":""}]}]}
COMMAND: POST /session/e8ae643ad1a7d9f9ee71b330bca2e34d/execute/async - {"script":"<script> [1562 bytes]","args":[{"selector":{"id":"application-manageconditionprice-display-component---newCondition--condBaseQty","interaction":{"idSuffix":"inner"}},"wdio_ui5_key":"applicationmanageconditionprice-display-component---newCondition--condBaseQty"}]}
COMMAND: GET /session/e8ae643ad1a7d9f9ee71b330bca2e34d/screenshot - {}
RESULT: {"script":"<script> [1562 bytes]","args":[{"selector":{"id":"application-manageconditionprice-display-component---newCondition--condBaseQty","interaction":{"idSuffix":"inner"}},"wdio_ui5_key":"applicationmanageconditionprice-display-component---newCondition--condBaseQty"}]}
RESULT: undefined
COMMAND: POST /session/e8ae643ad1a7d9f9ee71b330bca2e34d/execute/async - {"script":"<script> [776 bytes]","args":[{"enterText":"1","selector":{"id":"application-manageconditionprice-display-component---newCondition--condBaseQty","interaction":{"idSuffix":"inner"}},"clearTextFirst":true,"interactionType":"ENTER_TEXT"}]}
RESULT: {}
RESULT: {"script":"<script> [776 bytes]","args":[{"enterText":"1","selector":{"id":"application-manageconditionprice-display-component---newCondition--condBaseQty","interaction":{"idSuffix":"inner"}},"clearTextFirst":true,"interactionType":"ENTER_TEXT"}]}
COMMAND: POST /session/e8ae643ad1a7d9f9ee71b330bca2e34d/execute/async - {"script":"<script> [1562 bytes]","args":[{"selector":{"id":"application-manageconditionprice-display-component---newCondition--condValue","interaction":{"idSuffix":"inner"}},"wdio_ui5_key":"applicationmanageconditionprice-display-component---newCondition--condValue"}]}
RESULT: {"script":"<script> [1562 bytes]","args":[{"selector":{"id":"application-manageconditionprice-display-component---newCondition--condValue","interaction":{"idSuffix":"inner"}},"wdio_ui5_key":"applicationmanageconditionprice-display-component---newCondition--condValue"}]}
RESULT: undefined
COMMAND: POST /session/e8ae643ad1a7d9f9ee71b330bca2e34d/execute/async - {"script":"<script> [776 bytes]","args":[{"enterText":"200","selector":{"id":"application-manageconditionprice-display-component---newCondition--condValue","interaction":{"idSuffix":"inner"}},"clearTextFirst":true,"interactionType":"ENTER_TEXT"}]}
RESULT: {"script":"<script> [776 bytes]","args":[{"enterText":"200","selector":{"id":"application-manageconditionprice-display-component---newCondition--condValue","interaction":{"idSuffix":"inner"}},"clearTextFirst":true,"interactionType":"ENTER_TEXT"}]}
COMMAND: POST /session/e8ae643ad1a7d9f9ee71b330bca2e34d/execute/async - {"script":"<script> [1562 bytes]","args":[{"selector":{"id":"application-manageconditionprice-display-component---newCondition--condCurr-arrow"},"wdio_ui5_key":"applicationmanageconditionprice-display-component---newCondition--condCurr-arrow"}]}
RESULT: {"script":"<script> [1562 bytes]","args":[{"selector":{"id":"application-manageconditionprice-display-component---newCondition--condCurr-arrow"},"wdio_ui5_key":"applicationmanageconditionprice-display-component---newCondition--condCurr-arrow"}]}
RESULT: undefined
COMMAND: POST /session/e8ae643ad1a7d9f9ee71b330bca2e34d/element - {"using":"xpath","value":"//*[@id=\"application-manageconditionprice-display-component---newCondition--condCurr-arrow\"]"}
RESULT: {"using":"xpath","value":"//*[@id=\"application-manageconditionprice-display-component---newCondition--condCurr-arrow\"]"}
COMMAND: POST /session/e8ae643ad1a7d9f9ee71b330bca2e34d/element/f.804597995EEA20368E99A2927B0C1762.d.F9CFAC3A40BA15F039F311A32CD9E60B.e.18134/click - {}
RESULT: {}
COMMAND: POST /session/e8ae643ad1a7d9f9ee71b330bca2e34d/element - {"using":"xpath","value":"//span[contains(text(), \"Euro\")]"}
COMMAND: GET /session/e8ae643ad1a7d9f9ee71b330bca2e34d/screenshot - {}
RESULT: {"using":"xpath","value":"//span[contains(text(), \"Euro\")]"}
COMMAND: POST /session/e8ae643ad1a7d9f9ee71b330bca2e34d/element/f.804597995EEA20368E99A2927B0C1762.d.F9CFAC3A40BA15F039F311A32CD9E60B.e.18200/click - {}
RESULT: {}
RESULT: {}
COMMAND: POST /session/e8ae643ad1a7d9f9ee71b330bca2e34d/element - {"using":"xpath","value":"//button[@data-kt=\"saveButton\"]"}
COMMAND: GET /session/e8ae643ad1a7d9f9ee71b330bca2e34d/screenshot - {}
RESULT: {"using":"xpath","value":"//button[@data-kt=\"saveButton\"]"}
COMMAND: POST /session/e8ae643ad1a7d9f9ee71b330bca2e34d/element/f.804597995EEA20368E99A2927B0C1762.d.F9CFAC3A40BA15F039F311A32CD9E60B.e.18135/click - {}
RESULT: {}
RESULT: {}
COMMAND: GET /session/e8ae643ad1a7d9f9ee71b330bca2e34d/screenshot - {}
RESULT: {}
COMMAND: POST /session/e8ae643ad1a7d9f9ee71b330bca2e34d/execute/async - {"script":"<script> [1562 bytes]","args":[{"selector":{"id":"application-manageconditionprice-display-component---conditions--smartFilterBar-btnBasicSearch","interaction":{"idSuffix":"I"}},"wdio_ui5_key":"applicationmanageconditionprice-display-component---conditions--smartFilterBar-btnBasicSearch"}]}
RESULT: {"script":"<script> [1562 bytes]","args":[{"selector":{"id":"application-manageconditionprice-display-component---conditions--smartFilterBar-btnBasicSearch","interaction":{"idSuffix":"I"}},"wdio_ui5_key":"applicationmanageconditionprice-display-component---conditions--smartFilterBar-btnBasicSearch"}]}
RESULT: undefined
COMMAND: POST /session/e8ae643ad1a7d9f9ee71b330bca2e34d/execute/async - {"script":"<script> [776 bytes]","args":[{"enterText":"XJpY4NKJga","selector":{"id":"application-manageconditionprice-display-component---conditions--smartFilterBar-btnBasicSearch","interaction":{"idSuffix":"I"}},"clearTextFirst":true,"interactionType":"ENTER_TEXT"}]}
RESULT: {"script":"<script> [776 bytes]","args":[{"enterText":"XJpY4NKJga","selector":{"id":"application-manageconditionprice-display-component---conditions--smartFilterBar-btnBasicSearch","interaction":{"idSuffix":"I"}},"clearTextFirst":true,"interactionType":"ENTER_TEXT"}]}
COMMAND: POST /session/e8ae643ad1a7d9f9ee71b330bca2e34d/actions - {"actions":[{"id":"action63","type":"key","parameters":{},"actions":[{"type":"keyDown","value":""},{"type":"pause","duration":10},{"type":"keyUp","value":""}]}]}
RESULT: {"actions":[{"id":"action63","type":"key","parameters":{},"actions":[{"type":"keyDown","value":""},{"type":"pause","duration":10},{"type":"keyUp","value":""}]}]}
COMMAND: GET /session/e8ae643ad1a7d9f9ee71b330bca2e34d/screenshot - {}
RESULT: {}
COMMAND: POST /session/e8ae643ad1a7d9f9ee71b330bca2e34d/execute/async - {"script":"<script> [1562 bytes]","args":[{"selector":{"id":"application-manageconditionprice-display-component---conditions--smartFilterBar-filterItemControl_BASIC-BILL_TYPES-vhi"},"wdio_ui5_key":"applicationmanageconditionprice-display-component---conditions--smartFilterBar-filterItemControl_BASIC-BILL_TYPES-vhi"}]}
RESULT: {"script":"<script> [1562 bytes]","args":[{"selector":{"id":"application-manageconditionprice-display-component---conditions--smartFilterBar-filterItemControl_BASIC-BILL_TYPES-vhi"},"wdio_ui5_key":"applicationmanageconditionprice-display-component---conditions--smartFilterBar-filterItemControl_BASIC-BILL_TYPES-vhi"}]}
RESULT: undefined
COMMAND: POST /session/e8ae643ad1a7d9f9ee71b330bca2e34d/element - {"using":"xpath","value":"//*[@id=\"application-manageconditionprice-display-component---conditions--smartFilterBar-filterItemControl_BASIC-BILL_TYPES-vhi\"]"}
RESULT: {"using":"xpath","value":"//*[@id=\"application-manageconditionprice-display-component---conditions--smartFilterBar-filterItemControl_BASIC-BILL_TYPES-vhi\"]"}
COMMAND: POST /session/e8ae643ad1a7d9f9ee71b330bca2e34d/element/f.804597995EEA20368E99A2927B0C1762.d.F9CFAC3A40BA15F039F311A32CD9E60B.e.18307/click - {}
RESULT: {}
COMMAND: POST /session/e8ae643ad1a7d9f9ee71b330bca2e34d/execute/async - {"script":"<script> [1562 bytes]","args":[{"selector":{"id":"application-manageconditionprice-display-component---conditions--smartFilterBar-filterItemControl_BASIC-BILL_TYPES-valueHelpDialog-smartFilterBar-btnBasicSearch","searchOpenDialogs":true,"interaction":{"idSuffix":"I"}},"wdio_ui5_key":"applicationmanageconditionprice-display-component---conditions--smartFilterBar-filterItemControl_BASIC-BILL_TYPES-valueHelpDialog-smartFilterBar-btnBasicSearch"}]}
COMMAND: GET /session/e8ae643ad1a7d9f9ee71b330bca2e34d/screenshot - {}
RESULT: {"script":"<script> [1562 bytes]","args":[{"selector":{"id":"application-manageconditionprice-display-component---conditions--smartFilterBar-filterItemControl_BASIC-BILL_TYPES-valueHelpDialog-smartFilterBar-btnBasicSearch","searchOpenDialogs":true,"interaction":{"idSuffix":"I"}},"wdio_ui5_key":"applicationmanageconditionprice-display-component---conditions--smartFilterBar-filterItemControl_BASIC-BILL_TYPES-valueHelpDialog-smartFilterBar-btnBasicSearch"}]}
RESULT: undefined
COMMAND: POST /session/e8ae643ad1a7d9f9ee71b330bca2e34d/execute/async - {"script":"<script> [776 bytes]","args":[{"enterText":"TB","selector":{"id":"application-manageconditionprice-display-component---conditions--smartFilterBar-filterItemControl_BASIC-BILL_TYPES-valueHelpDialog-smartFilterBar-btnBasicSearch","searchOpenDialogs":true,"interaction":{"idSuffix":"I"}},"clearTextFirst":true,"interactionType":"ENTER_TEXT"}]}
RESULT: {}
RESULT: {"script":"<script> [776 bytes]","args":[{"enterText":"TB","selector":{"id":"application-manageconditionprice-display-component---conditions--smartFilterBar-filterItemControl_BASIC-BILL_TYPES-valueHelpDialog-smartFilterBar-btnBasicSearch","searchOpenDialogs":true,"interaction":{"idSuffix":"I"}},"clearTextFirst":true,"interactionType":"ENTER_TEXT"}]}
COMMAND: POST /session/e8ae643ad1a7d9f9ee71b330bca2e34d/actions - {"actions":[{"id":"action64","type":"key","parameters":{},"actions":[{"type":"keyDown","value":""},{"type":"pause","duration":10},{"type":"keyUp","value":""}]}]}
RESULT: {"actions":[{"id":"action64","type":"key","parameters":{},"actions":[{"type":"keyDown","value":""},{"type":"pause","duration":10},{"type":"keyUp","value":""}]}]}
COMMAND: GET /session/e8ae643ad1a7d9f9ee71b330bca2e34d/screenshot - {}
RESULT: {}
COMMAND: POST /session/e8ae643ad1a7d9f9ee71b330bca2e34d/element - {"using":"xpath","value":"//div[contains(@id, 'application-manageconditionprice-display-component---conditions--smartFilterBar-filterItemControl_BASIC-BILL_TYPES-valueHelpDialog-table-rowsel0')]"}
RESULT: {"using":"xpath","value":"//div[contains(@id, 'application-manageconditionprice-display-component---conditions--smartFilterBar-filterItemControl_BASIC-BILL_TYPES-valueHelpDialog-table-rowsel0')]"}
COMMAND: POST /session/e8ae643ad1a7d9f9ee71b330bca2e34d/element/f.804597995EEA20368E99A2927B0C1762.d.F9CFAC3A40BA15F039F311A32CD9E60B.e.18317/click - {}
RESULT: {}
COMMAND: GET /session/e8ae643ad1a7d9f9ee71b330bca2e34d/screenshot - {}
RESULT: {}
COMMAND: POST /session/e8ae643ad1a7d9f9ee71b330bca2e34d/element - {"using":"xpath","value":"//bdi[contains(text(), \"OK\")]"}
RESULT: {"using":"xpath","value":"//bdi[contains(text(), \"OK\")]"}
COMMAND: POST /session/e8ae643ad1a7d9f9ee71b330bca2e34d/element/f.804597995EEA20368E99A2927B0C1762.d.F9CFAC3A40BA15F039F311A32CD9E60B.e.18319/click - {}
RESULT: {}
COMMAND: GET /session/e8ae643ad1a7d9f9ee71b330bca2e34d/screenshot - {}
RESULT: {}
COMMAND: POST /session/e8ae643ad1a7d9f9ee71b330bca2e34d/element - {"using":"xpath","value":"//span[@id=\"application-manageconditionprice-display-component---conditions--smartTable-header-inner\"]"}
RESULT: {"using":"xpath","value":"//span[@id=\"application-manageconditionprice-display-component---conditions--smartTable-header-inner\"]"}
COMMAND: POST /session/e8ae643ad1a7d9f9ee71b330bca2e34d/elements - {"using":"xpath","value":"//span[@id=\"application-manageconditionprice-display-component---conditions--smartTable-header-inner\"]"}
RESULT: {"using":"xpath","value":"//span[@id=\"application-manageconditionprice-display-component---conditions--smartTable-header-inner\"]"}
COMMAND: POST /session/e8ae643ad1a7d9f9ee71b330bca2e34d/execute/sync - {"script":"<script> [56 bytes]","args":[{"element-6066-11e4-a52e-4f735466cecf":"f.804597995EEA20368E99A2927B0C1762.d.F9CFAC3A40BA15F039F311A32CD9E60B.e.18322","ELEMENT":"f.804597995EEA20368E99A2927B0C1762.d.F9CFAC3A40BA15F039F311A32CD9E60B.e.18322"}]}
RESULT: {"script":"<script> [56 bytes]","args":[{"element-6066-11e4-a52e-4f735466cecf":"f.804597995EEA20368E99A2927B0C1762.d.F9CFAC3A40BA15F039F311A32CD9E60B.e.18322","ELEMENT":"f.804597995EEA20368E99A2927B0C1762.d.F9CFAC3A40BA15F039F311A32CD9E60B.e.18322"}]}
COMMAND: POST /session/e8ae643ad1a7d9f9ee71b330bca2e34d/element - {"using":"css selector","value":"#shell-header-logo"}
COMMAND: GET /session/e8ae643ad1a7d9f9ee71b330bca2e34d/screenshot - {}
RESULT: {"using":"css selector","value":"#shell-header-logo"}
COMMAND: POST /session/e8ae643ad1a7d9f9ee71b330bca2e34d/element/f.804597995EEA20368E99A2927B0C1762.d.F9CFAC3A40BA15F039F311A32CD9E60B.e.17950/click - {}
RESULT: {}
RESULT: {}
COMMAND: GET /session/e8ae643ad1a7d9f9ee71b330bca2e34d/screenshot - {}
RESULT: {}
]]></system-out>
    </testcase>
    <testcase classname="chrome.135_0_7049_42.windows.Create_Reverse_Billing_US127248" name="Should do a stock increase handover" time="78.068">
      <system-out><![CDATA[
COMMAND: POST /session/e8ae643ad1a7d9f9ee71b330bca2e34d/execute/async - {"script":"<script> [1562 bytes]","args":[{"selector":{"controlType":"sap.m.Text","viewName":"etm.portal.ui.managehandoverstile.view.Master","properties":{"text":"Manage Handovers"},"interaction":{"idSuffix":"inner"}},"wdio_ui5_key":"etmportal.ui.managehandoverstile.view.Mastersap.m.Text{\"text\":\"Manage Handovers\"}"}]}
RESULT: {"script":"<script> [1562 bytes]","args":[{"selector":{"controlType":"sap.m.Text","viewName":"etm.portal.ui.managehandoverstile.view.Master","properties":{"text":"Manage Handovers"},"interaction":{"idSuffix":"inner"}},"wdio_ui5_key":"etmportal.ui.managehandoverstile.view.Mastersap.m.Text{\"text\":\"Manage Handovers\"}"}]}
RESULT: undefined
COMMAND: POST /session/e8ae643ad1a7d9f9ee71b330bca2e34d/element - {"using":"xpath","value":"//*[@id=\"__tile132-title\"]"}
RESULT: {"using":"xpath","value":"//*[@id=\"__tile132-title\"]"}
COMMAND: POST /session/e8ae643ad1a7d9f9ee71b330bca2e34d/element/f.804597995EEA20368E99A2927B0C1762.d.F9CFAC3A40BA15F039F311A32CD9E60B.e.18327/click - {}
RESULT: {}
COMMAND: POST /session/e8ae643ad1a7d9f9ee71b330bca2e34d/element - {"using":"xpath","value":"//button[@data-kt=\"masterHOAddButton\"]"}
COMMAND: GET /session/e8ae643ad1a7d9f9ee71b330bca2e34d/screenshot - {}
RESULT: {"using":"xpath","value":"//button[@data-kt=\"masterHOAddButton\"]"}
COMMAND: POST /session/e8ae643ad1a7d9f9ee71b330bca2e34d/elements - {"using":"xpath","value":"//button[@data-kt=\"masterHOAddButton\"]"}
RESULT: {}
RESULT: {"using":"xpath","value":"//button[@data-kt=\"masterHOAddButton\"]"}
COMMAND: POST /session/e8ae643ad1a7d9f9ee71b330bca2e34d/elements - {"using":"xpath","value":"//button[@data-kt=\"masterHOAddButton\"]"}
RESULT: {"using":"xpath","value":"//button[@data-kt=\"masterHOAddButton\"]"}
COMMAND: POST /session/e8ae643ad1a7d9f9ee71b330bca2e34d/elements - {"using":"xpath","value":"//button[@data-kt=\"masterHOAddButton\"]"}
RESULT: {"using":"xpath","value":"//button[@data-kt=\"masterHOAddButton\"]"}
COMMAND: POST /session/e8ae643ad1a7d9f9ee71b330bca2e34d/elements - {"using":"xpath","value":"//button[@data-kt=\"masterHOAddButton\"]"}
RESULT: {"using":"xpath","value":"//button[@data-kt=\"masterHOAddButton\"]"}
COMMAND: POST /session/e8ae643ad1a7d9f9ee71b330bca2e34d/elements - {"using":"xpath","value":"//button[@data-kt=\"masterHOAddButton\"]"}
RESULT: {"using":"xpath","value":"//button[@data-kt=\"masterHOAddButton\"]"}
COMMAND: POST /session/e8ae643ad1a7d9f9ee71b330bca2e34d/elements - {"using":"xpath","value":"//button[@data-kt=\"masterHOAddButton\"]"}
RESULT: {"using":"xpath","value":"//button[@data-kt=\"masterHOAddButton\"]"}
COMMAND: POST /session/e8ae643ad1a7d9f9ee71b330bca2e34d/elements - {"using":"xpath","value":"//button[@data-kt=\"masterHOAddButton\"]"}
RESULT: {"using":"xpath","value":"//button[@data-kt=\"masterHOAddButton\"]"}
COMMAND: POST /session/e8ae643ad1a7d9f9ee71b330bca2e34d/elements - {"using":"xpath","value":"//button[@data-kt=\"masterHOAddButton\"]"}
RESULT: {"using":"xpath","value":"//button[@data-kt=\"masterHOAddButton\"]"}
COMMAND: POST /session/e8ae643ad1a7d9f9ee71b330bca2e34d/elements - {"using":"xpath","value":"//button[@data-kt=\"masterHOAddButton\"]"}
RESULT: {"using":"xpath","value":"//button[@data-kt=\"masterHOAddButton\"]"}
COMMAND: POST /session/e8ae643ad1a7d9f9ee71b330bca2e34d/elements - {"using":"xpath","value":"//button[@data-kt=\"masterHOAddButton\"]"}
RESULT: {"using":"xpath","value":"//button[@data-kt=\"masterHOAddButton\"]"}
COMMAND: POST /session/e8ae643ad1a7d9f9ee71b330bca2e34d/elements - {"using":"xpath","value":"//button[@data-kt=\"masterHOAddButton\"]"}
RESULT: {"using":"xpath","value":"//button[@data-kt=\"masterHOAddButton\"]"}
COMMAND: POST /session/e8ae643ad1a7d9f9ee71b330bca2e34d/element - {"using":"xpath","value":"//button[@data-kt=\"masterHOAddButton\"]"}
RESULT: {"using":"xpath","value":"//button[@data-kt=\"masterHOAddButton\"]"}
COMMAND: POST /session/e8ae643ad1a7d9f9ee71b330bca2e34d/execute/sync - {"script":"<script> [8489 bytes]","args":[{"element-6066-11e4-a52e-4f735466cecf":"f.804597995EEA20368E99A2927B0C1762.d.F9CFAC3A40BA15F039F311A32CD9E60B.e.18366","ELEMENT":"f.804597995EEA20368E99A2927B0C1762.d.F9CFAC3A40BA15F039F311A32CD9E60B.e.18366"}]}
RESULT: {"script":"<script> [8489 bytes]","args":[{"element-6066-11e4-a52e-4f735466cecf":"f.804597995EEA20368E99A2927B0C1762.d.F9CFAC3A40BA15F039F311A32CD9E60B.e.18366","ELEMENT":"f.804597995EEA20368E99A2927B0C1762.d.F9CFAC3A40BA15F039F311A32CD9E60B.e.18366"}]}
COMMAND: GET /session/e8ae643ad1a7d9f9ee71b330bca2e34d/element/f.804597995EEA20368E99A2927B0C1762.d.F9CFAC3A40BA15F039F311A32CD9E60B.e.18366/enabled - {}
COMMAND: GET /session/e8ae643ad1a7d9f9ee71b330bca2e34d/screenshot - {}
RESULT: {}
COMMAND: POST /session/e8ae643ad1a7d9f9ee71b330bca2e34d/execute/sync - {"script":"<script> [8489 bytes]","args":[{"element-6066-11e4-a52e-4f735466cecf":"f.804597995EEA20368E99A2927B0C1762.d.F9CFAC3A40BA15F039F311A32CD9E60B.e.18366","ELEMENT":"f.804597995EEA20368E99A2927B0C1762.d.F9CFAC3A40BA15F039F311A32CD9E60B.e.18366"}]}
COMMAND: GET /session/e8ae643ad1a7d9f9ee71b330bca2e34d/screenshot - {}
RESULT: {}
RESULT: {"script":"<script> [8489 bytes]","args":[{"element-6066-11e4-a52e-4f735466cecf":"f.804597995EEA20368E99A2927B0C1762.d.F9CFAC3A40BA15F039F311A32CD9E60B.e.18366","ELEMENT":"f.804597995EEA20368E99A2927B0C1762.d.F9CFAC3A40BA15F039F311A32CD9E60B.e.18366"}]}
COMMAND: POST /session/e8ae643ad1a7d9f9ee71b330bca2e34d/execute/sync - {"script":"<script> [5351 bytes]","args":[{"element-6066-11e4-a52e-4f735466cecf":"f.804597995EEA20368E99A2927B0C1762.d.F9CFAC3A40BA15F039F311A32CD9E60B.e.18366","ELEMENT":"f.804597995EEA20368E99A2927B0C1762.d.F9CFAC3A40BA15F039F311A32CD9E60B.e.18366"}]}
COMMAND: GET /session/e8ae643ad1a7d9f9ee71b330bca2e34d/screenshot - {}
RESULT: {}
RESULT: {"script":"<script> [5351 bytes]","args":[{"element-6066-11e4-a52e-4f735466cecf":"f.804597995EEA20368E99A2927B0C1762.d.F9CFAC3A40BA15F039F311A32CD9E60B.e.18366","ELEMENT":"f.804597995EEA20368E99A2927B0C1762.d.F9CFAC3A40BA15F039F311A32CD9E60B.e.18366"}]}
COMMAND: POST /session/e8ae643ad1a7d9f9ee71b330bca2e34d/element/f.804597995EEA20368E99A2927B0C1762.d.F9CFAC3A40BA15F039F311A32CD9E60B.e.18366/click - {}
COMMAND: GET /session/e8ae643ad1a7d9f9ee71b330bca2e34d/screenshot - {}
RESULT: {}
RESULT: {}
COMMAND: GET /session/e8ae643ad1a7d9f9ee71b330bca2e34d/screenshot - {}
RESULT: {}
COMMAND: POST /session/e8ae643ad1a7d9f9ee71b330bca2e34d/element - {"using":"xpath","value":"//span[contains(@id ,\"AddNewHO--typeSelect-arrow\")]"}
RESULT: {}
RESULT: {"using":"xpath","value":"//span[contains(@id ,\"AddNewHO--typeSelect-arrow\")]"}
COMMAND: POST /session/e8ae643ad1a7d9f9ee71b330bca2e34d/element/f.804597995EEA20368E99A2927B0C1762.d.F9CFAC3A40BA15F039F311A32CD9E60B.e.18717/click - {}
RESULT: {}
COMMAND: GET /session/e8ae643ad1a7d9f9ee71b330bca2e34d/screenshot - {}
RESULT: {}
COMMAND: POST /session/e8ae643ad1a7d9f9ee71b330bca2e34d/element - {"using":"xpath","value":"(//li[contains(text(), \"stock increase yard\")])[1]"}
RESULT: {"using":"xpath","value":"(//li[contains(text(), \"stock increase yard\")])[1]"}
COMMAND: POST /session/e8ae643ad1a7d9f9ee71b330bca2e34d/element/f.804597995EEA20368E99A2927B0C1762.d.F9CFAC3A40BA15F039F311A32CD9E60B.e.18718/click - {}
RESULT: {}
COMMAND: GET /session/e8ae643ad1a7d9f9ee71b330bca2e34d/screenshot - {}
RESULT: {}
COMMAND: POST /session/e8ae643ad1a7d9f9ee71b330bca2e34d/execute/async - {"script":"<script> [1562 bytes]","args":[{"selector":{"id":"application-managehandovers-display-component---AddNewHO--dueDate","interaction":{"idSuffix":"inner"}},"wdio_ui5_key":"applicationmanagehandovers-display-component---AddNewHO--dueDate"}]}
RESULT: {"script":"<script> [1562 bytes]","args":[{"selector":{"id":"application-managehandovers-display-component---AddNewHO--dueDate","interaction":{"idSuffix":"inner"}},"wdio_ui5_key":"applicationmanagehandovers-display-component---AddNewHO--dueDate"}]}
RESULT: undefined
COMMAND: POST /session/e8ae643ad1a7d9f9ee71b330bca2e34d/execute/async - {"script":"<script> [6424 bytes]","args":[{"element-6066-11e4-a52e-4f735466cecf":"f.804597995EEA20368E99A2927B0C1762.d.F9CFAC3A40BA15F039F311A32CD9E60B.e.18720"},"setValue",["04/15/2025"]]}
RESULT: {"script":"<script> [6424 bytes]","args":[{"element-6066-11e4-a52e-4f735466cecf":"f.804597995EEA20368E99A2927B0C1762.d.F9CFAC3A40BA15F039F311A32CD9E60B.e.18720"},"setValue",["04/15/2025"]]}
COMMAND: POST /session/e8ae643ad1a7d9f9ee71b330bca2e34d/element - {"using":"xpath","value":"//input[@id=\"generalSectionFrg--receiveYard-inner\"]"}
RESULT: {"using":"xpath","value":"//input[@id=\"generalSectionFrg--receiveYard-inner\"]"}
COMMAND: POST /session/e8ae643ad1a7d9f9ee71b330bca2e34d/element/f.804597995EEA20368E99A2927B0C1762.d.F9CFAC3A40BA15F039F311A32CD9E60B.e.18726/clear - {}
RESULT: {}
COMMAND: POST /session/e8ae643ad1a7d9f9ee71b330bca2e34d/element/f.804597995EEA20368E99A2927B0C1762.d.F9CFAC3A40BA15F039F311A32CD9E60B.e.18726/value - {"text":"373"}
COMMAND: GET /session/e8ae643ad1a7d9f9ee71b330bca2e34d/screenshot - {}
RESULT: {"text":"373"}
COMMAND: GET /session/e8ae643ad1a7d9f9ee71b330bca2e34d/screenshot - {}
RESULT: {}
RESULT: {}
COMMAND: POST /session/e8ae643ad1a7d9f9ee71b330bca2e34d/element - {"using":"xpath","value":"//li[.//span[text()='373']]"}
RESULT: {"using":"xpath","value":"//li[.//span[text()='373']]"}
COMMAND: POST /session/e8ae643ad1a7d9f9ee71b330bca2e34d/element/f.804597995EEA20368E99A2927B0C1762.d.F9CFAC3A40BA15F039F311A32CD9E60B.e.18743/click - {}
RESULT: {}
COMMAND: GET /session/e8ae643ad1a7d9f9ee71b330bca2e34d/screenshot - {}
RESULT: {}
COMMAND: POST /session/e8ae643ad1a7d9f9ee71b330bca2e34d/execute/async - {"script":"<script> [1562 bytes]","args":[{"selector":{"id":"application-managehandovers-display-component---AddNewHO--ObjectPageLayout-anchBar-application-managehandovers-display-component---AddNewHO--section4-anchor","interaction":{"idSuffix":"BDI-content"}},"wdio_ui5_key":"applicationmanagehandovers-display-component---AddNewHO--ObjectPageLayout-anchBar-application-managehandovers-display-component---AddNewHO--section4-anchor"}]}
RESULT: {"script":"<script> [1562 bytes]","args":[{"selector":{"id":"application-managehandovers-display-component---AddNewHO--ObjectPageLayout-anchBar-application-managehandovers-display-component---AddNewHO--section4-anchor","interaction":{"idSuffix":"BDI-content"}},"wdio_ui5_key":"applicationmanagehandovers-display-component---AddNewHO--ObjectPageLayout-anchBar-application-managehandovers-display-component---AddNewHO--section4-anchor"}]}
RESULT: undefined
COMMAND: POST /session/e8ae643ad1a7d9f9ee71b330bca2e34d/element - {"using":"xpath","value":"//*[@id=\"application-managehandovers-display-component---AddNewHO--ObjectPageLayout-anchBar-application-managehandovers-display-component---AddNewHO--section4-anchor\"]"}
RESULT: {"using":"xpath","value":"//*[@id=\"application-managehandovers-display-component---AddNewHO--ObjectPageLayout-anchBar-application-managehandovers-display-component---AddNewHO--section4-anchor\"]"}
COMMAND: POST /session/e8ae643ad1a7d9f9ee71b330bca2e34d/element/f.804597995EEA20368E99A2927B0C1762.d.F9CFAC3A40BA15F039F311A32CD9E60B.e.18745/click - {}
RESULT: {}
COMMAND: POST /session/e8ae643ad1a7d9f9ee71b330bca2e34d/element - {"using":"xpath","value":"//button[@aria-label=\"Add\"]"}
COMMAND: GET /session/e8ae643ad1a7d9f9ee71b330bca2e34d/screenshot - {}
RESULT: {"using":"xpath","value":"//button[@aria-label=\"Add\"]"}
COMMAND: POST /session/e8ae643ad1a7d9f9ee71b330bca2e34d/element/f.804597995EEA20368E99A2927B0C1762.d.F9CFAC3A40BA15F039F311A32CD9E60B.e.18747/click - {}
RESULT: {}
RESULT: {}
COMMAND: GET /session/e8ae643ad1a7d9f9ee71b330bca2e34d/screenshot - {}
RESULT: {}
COMMAND: POST /session/e8ae643ad1a7d9f9ee71b330bca2e34d/execute/async - {"script":"<script> [1562 bytes]","args":[{"selector":{"id":"application-managehandovers-display-component---AddNewHO--smartFilterBar-btnBasicSearch","searchOpenDialogs":true,"interaction":{"idSuffix":"I"}},"wdio_ui5_key":"applicationmanagehandovers-display-component---AddNewHO--smartFilterBar-btnBasicSearch"}]}
RESULT: {"script":"<script> [1562 bytes]","args":[{"selector":{"id":"application-managehandovers-display-component---AddNewHO--smartFilterBar-btnBasicSearch","searchOpenDialogs":true,"interaction":{"idSuffix":"I"}},"wdio_ui5_key":"applicationmanagehandovers-display-component---AddNewHO--smartFilterBar-btnBasicSearch"}]}
RESULT: undefined
COMMAND: POST /session/e8ae643ad1a7d9f9ee71b330bca2e34d/execute/async - {"script":"<script> [776 bytes]","args":[{"enterText":"XJpY4NKJga","selector":{"id":"application-managehandovers-display-component---AddNewHO--smartFilterBar-btnBasicSearch","searchOpenDialogs":true,"interaction":{"idSuffix":"I"}},"clearTextFirst":true,"interactionType":"ENTER_TEXT"}]}
RESULT: {"script":"<script> [776 bytes]","args":[{"enterText":"XJpY4NKJga","selector":{"id":"application-managehandovers-display-component---AddNewHO--smartFilterBar-btnBasicSearch","searchOpenDialogs":true,"interaction":{"idSuffix":"I"}},"clearTextFirst":true,"interactionType":"ENTER_TEXT"}]}
COMMAND: POST /session/e8ae643ad1a7d9f9ee71b330bca2e34d/actions - {"actions":[{"id":"action65","type":"key","parameters":{},"actions":[{"type":"keyDown","value":""},{"type":"pause","duration":10},{"type":"keyUp","value":""}]}]}
RESULT: {"actions":[{"id":"action65","type":"key","parameters":{},"actions":[{"type":"keyDown","value":""},{"type":"pause","duration":10},{"type":"keyUp","value":""}]}]}
COMMAND: GET /session/e8ae643ad1a7d9f9ee71b330bca2e34d/screenshot - {}
RESULT: {}
COMMAND: POST /session/e8ae643ad1a7d9f9ee71b330bca2e34d/execute/async - {"script":"<script> [1562 bytes]","args":[{"selector":{"id":"application-managehandovers-display-component---AddNewHO--popup-sa","searchOpenDialogs":true,"interaction":{"idSuffix":"CbBg"}},"wdio_ui5_key":"applicationmanagehandovers-display-component---AddNewHO--popup-sa"}]}
RESULT: {"script":"<script> [1562 bytes]","args":[{"selector":{"id":"application-managehandovers-display-component---AddNewHO--popup-sa","searchOpenDialogs":true,"interaction":{"idSuffix":"CbBg"}},"wdio_ui5_key":"applicationmanagehandovers-display-component---AddNewHO--popup-sa"}]}
RESULT: undefined
COMMAND: POST /session/e8ae643ad1a7d9f9ee71b330bca2e34d/element - {"using":"xpath","value":"//*[@id=\"application-managehandovers-display-component---AddNewHO--popup-sa\"]"}
RESULT: {"using":"xpath","value":"//*[@id=\"application-managehandovers-display-component---AddNewHO--popup-sa\"]"}
COMMAND: POST /session/e8ae643ad1a7d9f9ee71b330bca2e34d/element/f.804597995EEA20368E99A2927B0C1762.d.F9CFAC3A40BA15F039F311A32CD9E60B.e.18899/click - {}
RESULT: {}
COMMAND: GET /session/e8ae643ad1a7d9f9ee71b330bca2e34d/screenshot - {}
RESULT: {}
COMMAND: POST /session/e8ae643ad1a7d9f9ee71b330bca2e34d/element - {"using":"xpath","value":"//bdi[contains(text(), \"Select\")]"}
RESULT: {"using":"xpath","value":"//bdi[contains(text(), \"Select\")]"}
COMMAND: POST /session/e8ae643ad1a7d9f9ee71b330bca2e34d/element/f.804597995EEA20368E99A2927B0C1762.d.F9CFAC3A40BA15F039F311A32CD9E60B.e.18900/click - {}
RESULT: {}
COMMAND: GET /session/e8ae643ad1a7d9f9ee71b330bca2e34d/screenshot - {}
RESULT: {}
COMMAND: POST /session/e8ae643ad1a7d9f9ee71b330bca2e34d/element - {"using":"xpath","value":"//button[@data-kt=\"AddNewHOSaveButton\"]"}
RESULT: {"using":"xpath","value":"//button[@data-kt=\"AddNewHOSaveButton\"]"}
COMMAND: POST /session/e8ae643ad1a7d9f9ee71b330bca2e34d/element/f.804597995EEA20368E99A2927B0C1762.d.F9CFAC3A40BA15F039F311A32CD9E60B.e.18904/click - {}
RESULT: {}
COMMAND: GET /session/e8ae643ad1a7d9f9ee71b330bca2e34d/screenshot - {}
RESULT: {}
COMMAND: POST /session/e8ae643ad1a7d9f9ee71b330bca2e34d/execute/async - {"script":"<script> [1562 bytes]","args":[{"selector":{"id":"receiptDatePicker","viewName":"etm.portal.ui.managehandovers.view.DetailExecuteHO","interaction":{"idSuffix":"inner"}},"wdio_ui5_key":"receiptDatePickeretmportal.ui.managehandovers.view.DetailExecuteHO"}]}
RESULT: {"script":"<script> [1562 bytes]","args":[{"selector":{"id":"receiptDatePicker","viewName":"etm.portal.ui.managehandovers.view.DetailExecuteHO","interaction":{"idSuffix":"inner"}},"wdio_ui5_key":"receiptDatePickeretmportal.ui.managehandovers.view.DetailExecuteHO"}]}
RESULT: undefined
COMMAND: POST /session/e8ae643ad1a7d9f9ee71b330bca2e34d/execute/async - {"script":"<script> [6424 bytes]","args":[{"element-6066-11e4-a52e-4f735466cecf":"f.804597995EEA20368E99A2927B0C1762.d.F9CFAC3A40BA15F039F311A32CD9E60B.e.18920"},"setValue",["04/15/2025"]]}
RESULT: {"script":"<script> [6424 bytes]","args":[{"element-6066-11e4-a52e-4f735466cecf":"f.804597995EEA20368E99A2927B0C1762.d.F9CFAC3A40BA15F039F311A32CD9E60B.e.18920"},"setValue",["04/15/2025"]]}
COMMAND: POST /session/e8ae643ad1a7d9f9ee71b330bca2e34d/element - {"using":"xpath","value":"//button[@data-kt=\"PickingTableConfirmAllButton\"]"}
RESULT: {"using":"xpath","value":"//button[@data-kt=\"PickingTableConfirmAllButton\"]"}
COMMAND: POST /session/e8ae643ad1a7d9f9ee71b330bca2e34d/element/f.804597995EEA20368E99A2927B0C1762.d.F9CFAC3A40BA15F039F311A32CD9E60B.e.18950/click - {}
RESULT: {}
COMMAND: GET /session/e8ae643ad1a7d9f9ee71b330bca2e34d/screenshot - {}
RESULT: {}
COMMAND: POST /session/e8ae643ad1a7d9f9ee71b330bca2e34d/element - {"using":"xpath","value":"//bdi[contains(text(), \"OK\")]"}
RESULT: {"using":"xpath","value":"//bdi[contains(text(), \"OK\")]"}
COMMAND: POST /session/e8ae643ad1a7d9f9ee71b330bca2e34d/element/f.804597995EEA20368E99A2927B0C1762.d.F9CFAC3A40BA15F039F311A32CD9E60B.e.18952/click - {}
RESULT: {}
COMMAND: GET /session/e8ae643ad1a7d9f9ee71b330bca2e34d/screenshot - {}
RESULT: {}
COMMAND: POST /session/e8ae643ad1a7d9f9ee71b330bca2e34d/element - {"using":"xpath","value":"(//bdi[contains(text(), \"Receive\")])[2]"}
RESULT: {"using":"xpath","value":"(//bdi[contains(text(), \"Receive\")])[2]"}
COMMAND: POST /session/e8ae643ad1a7d9f9ee71b330bca2e34d/element/f.804597995EEA20368E99A2927B0C1762.d.F9CFAC3A40BA15F039F311A32CD9E60B.e.18954/click - {}
RESULT: {}
COMMAND: GET /session/e8ae643ad1a7d9f9ee71b330bca2e34d/screenshot - {}
RESULT: {}
COMMAND: POST /session/e8ae643ad1a7d9f9ee71b330bca2e34d/element - {"using":"css selector","value":"#shell-header-logo"}
RESULT: {"using":"css selector","value":"#shell-header-logo"}
COMMAND: POST /session/e8ae643ad1a7d9f9ee71b330bca2e34d/element/f.804597995EEA20368E99A2927B0C1762.d.F9CFAC3A40BA15F039F311A32CD9E60B.e.18329/click - {}
RESULT: {}
COMMAND: GET /session/e8ae643ad1a7d9f9ee71b330bca2e34d/screenshot - {}
RESULT: {}
]]></system-out>
    </testcase>
    <testcase classname="chrome.135_0_7049_42.windows.Create_Reverse_Billing_US127248" name="Should create a new contract" time="44.316">
      <system-out><![CDATA[
COMMAND: POST /session/e8ae643ad1a7d9f9ee71b330bca2e34d/execute/async - {"script":"<script> [1562 bytes]","args":[{"selector":{"controlType":"sap.m.Text","viewName":"etm.portal.ui.managecontractstile.view.Master","properties":{"text":"Manage Contracts"},"interaction":{"idSuffix":"inner"}},"wdio_ui5_key":"etmportal.ui.managecontractstile.view.Mastersap.m.Text{\"text\":\"Manage Contracts\"}"}]}
RESULT: {"script":"<script> [1562 bytes]","args":[{"selector":{"controlType":"sap.m.Text","viewName":"etm.portal.ui.managecontractstile.view.Master","properties":{"text":"Manage Contracts"},"interaction":{"idSuffix":"inner"}},"wdio_ui5_key":"etmportal.ui.managecontractstile.view.Mastersap.m.Text{\"text\":\"Manage Contracts\"}"}]}
RESULT: undefined
COMMAND: POST /session/e8ae643ad1a7d9f9ee71b330bca2e34d/element - {"using":"xpath","value":"//*[@id=\"__tile130-title\"]"}
RESULT: {"using":"xpath","value":"//*[@id=\"__tile130-title\"]"}
COMMAND: POST /session/e8ae643ad1a7d9f9ee71b330bca2e34d/element/f.804597995EEA20368E99A2927B0C1762.d.F9CFAC3A40BA15F039F311A32CD9E60B.e.19124/click - {}
RESULT: {}
COMMAND: GET /session/e8ae643ad1a7d9f9ee71b330bca2e34d/screenshot - {}
RESULT: {}
COMMAND: POST /session/e8ae643ad1a7d9f9ee71b330bca2e34d/element - {"using":"xpath","value":"//button[@data-kt=\"addButton\"]"}
RESULT: {"using":"xpath","value":"//button[@data-kt=\"addButton\"]"}
COMMAND: POST /session/e8ae643ad1a7d9f9ee71b330bca2e34d/elements - {"using":"xpath","value":"//button[@data-kt=\"addButton\"]"}
RESULT: {"using":"xpath","value":"//button[@data-kt=\"addButton\"]"}
RESULT: undefined
COMMAND: POST /session/e8ae643ad1a7d9f9ee71b330bca2e34d/elements - {"using":"xpath","value":"//button[@data-kt=\"addButton\"]"}
RESULT: {"using":"xpath","value":"//button[@data-kt=\"addButton\"]"}
COMMAND: POST /session/e8ae643ad1a7d9f9ee71b330bca2e34d/element - {"using":"xpath","value":"//button[@data-kt=\"addButton\"]"}
RESULT: {"using":"xpath","value":"//button[@data-kt=\"addButton\"]"}
COMMAND: POST /session/e8ae643ad1a7d9f9ee71b330bca2e34d/execute/sync - {"script":"<script> [8489 bytes]","args":[{"element-6066-11e4-a52e-4f735466cecf":"f.804597995EEA20368E99A2927B0C1762.d.F9CFAC3A40BA15F039F311A32CD9E60B.e.19153","ELEMENT":"f.804597995EEA20368E99A2927B0C1762.d.F9CFAC3A40BA15F039F311A32CD9E60B.e.19153"}]}
RESULT: {"script":"<script> [8489 bytes]","args":[{"element-6066-11e4-a52e-4f735466cecf":"f.804597995EEA20368E99A2927B0C1762.d.F9CFAC3A40BA15F039F311A32CD9E60B.e.19153","ELEMENT":"f.804597995EEA20368E99A2927B0C1762.d.F9CFAC3A40BA15F039F311A32CD9E60B.e.19153"}]}
COMMAND: GET /session/e8ae643ad1a7d9f9ee71b330bca2e34d/element/f.804597995EEA20368E99A2927B0C1762.d.F9CFAC3A40BA15F039F311A32CD9E60B.e.19153/enabled - {}
COMMAND: GET /session/e8ae643ad1a7d9f9ee71b330bca2e34d/screenshot - {}
RESULT: {}
COMMAND: POST /session/e8ae643ad1a7d9f9ee71b330bca2e34d/execute/sync - {"script":"<script> [8489 bytes]","args":[{"element-6066-11e4-a52e-4f735466cecf":"f.804597995EEA20368E99A2927B0C1762.d.F9CFAC3A40BA15F039F311A32CD9E60B.e.19153","ELEMENT":"f.804597995EEA20368E99A2927B0C1762.d.F9CFAC3A40BA15F039F311A32CD9E60B.e.19153"}]}
COMMAND: GET /session/e8ae643ad1a7d9f9ee71b330bca2e34d/screenshot - {}
RESULT: {}
RESULT: {"script":"<script> [8489 bytes]","args":[{"element-6066-11e4-a52e-4f735466cecf":"f.804597995EEA20368E99A2927B0C1762.d.F9CFAC3A40BA15F039F311A32CD9E60B.e.19153","ELEMENT":"f.804597995EEA20368E99A2927B0C1762.d.F9CFAC3A40BA15F039F311A32CD9E60B.e.19153"}]}
COMMAND: POST /session/e8ae643ad1a7d9f9ee71b330bca2e34d/execute/sync - {"script":"<script> [5351 bytes]","args":[{"element-6066-11e4-a52e-4f735466cecf":"f.804597995EEA20368E99A2927B0C1762.d.F9CFAC3A40BA15F039F311A32CD9E60B.e.19153","ELEMENT":"f.804597995EEA20368E99A2927B0C1762.d.F9CFAC3A40BA15F039F311A32CD9E60B.e.19153"}]}
COMMAND: GET /session/e8ae643ad1a7d9f9ee71b330bca2e34d/screenshot - {}
RESULT: {}
RESULT: {"script":"<script> [5351 bytes]","args":[{"element-6066-11e4-a52e-4f735466cecf":"f.804597995EEA20368E99A2927B0C1762.d.F9CFAC3A40BA15F039F311A32CD9E60B.e.19153","ELEMENT":"f.804597995EEA20368E99A2927B0C1762.d.F9CFAC3A40BA15F039F311A32CD9E60B.e.19153"}]}
COMMAND: GET /session/e8ae643ad1a7d9f9ee71b330bca2e34d/screenshot - {}
RESULT: {}
RESULT: {}
COMMAND: POST /session/e8ae643ad1a7d9f9ee71b330bca2e34d/element/f.804597995EEA20368E99A2927B0C1762.d.F9CFAC3A40BA15F039F311A32CD9E60B.e.19153/click - {}
RESULT: {}
COMMAND: GET /session/e8ae643ad1a7d9f9ee71b330bca2e34d/screenshot - {}
COMMAND: POST /session/e8ae643ad1a7d9f9ee71b330bca2e34d/execute/async - {"script":"<script> [1562 bytes]","args":[{"selector":{"id":"application-managecontracts-display-component---AddNewContract--projectDescription","interaction":{"idSuffix":"inner"}},"wdio_ui5_key":"applicationmanagecontracts-display-component---AddNewContract--projectDescription"}]}
RESULT: {}
RESULT: {"script":"<script> [1562 bytes]","args":[{"selector":{"id":"application-managecontracts-display-component---AddNewContract--projectDescription","interaction":{"idSuffix":"inner"}},"wdio_ui5_key":"applicationmanagecontracts-display-component---AddNewContract--projectDescription"}]}
RESULT: undefined
COMMAND: POST /session/e8ae643ad1a7d9f9ee71b330bca2e34d/execute/async - {"script":"<script> [776 bytes]","args":[{"enterText":"Contract WDIO","selector":{"id":"application-managecontracts-display-component---AddNewContract--projectDescription","interaction":{"idSuffix":"inner"}},"clearTextFirst":true,"interactionType":"ENTER_TEXT"}]}
RESULT: {"script":"<script> [776 bytes]","args":[{"enterText":"Contract WDIO","selector":{"id":"application-managecontracts-display-component---AddNewContract--projectDescription","interaction":{"idSuffix":"inner"}},"clearTextFirst":true,"interactionType":"ENTER_TEXT"}]}
COMMAND: POST /session/e8ae643ad1a7d9f9ee71b330bca2e34d/element - {"using":"xpath","value":"//input[@id=\"application-managecontracts-display-component---AddNewContract--site-inner\"]"}
RESULT: {"using":"xpath","value":"//input[@id=\"application-managecontracts-display-component---AddNewContract--site-inner\"]"}
COMMAND: POST /session/e8ae643ad1a7d9f9ee71b330bca2e34d/element/f.804597995EEA20368E99A2927B0C1762.d.F9CFAC3A40BA15F039F311A32CD9E60B.e.19506/clear - {}
RESULT: {}
COMMAND: POST /session/e8ae643ad1a7d9f9ee71b330bca2e34d/element/f.804597995EEA20368E99A2927B0C1762.d.F9CFAC3A40BA15F039F311A32CD9E60B.e.19506/value - {"text":"2211"}
COMMAND: GET /session/e8ae643ad1a7d9f9ee71b330bca2e34d/screenshot - {}
RESULT: {"text":"2211"}
COMMAND: GET /session/e8ae643ad1a7d9f9ee71b330bca2e34d/screenshot - {}
RESULT: {}
RESULT: {}
COMMAND: POST /session/e8ae643ad1a7d9f9ee71b330bca2e34d/element - {"using":"xpath","value":"//li[.//span[text()='2211']]"}
RESULT: {"using":"xpath","value":"//li[.//span[text()='2211']]"}
COMMAND: POST /session/e8ae643ad1a7d9f9ee71b330bca2e34d/element/f.804597995EEA20368E99A2927B0C1762.d.F9CFAC3A40BA15F039F311A32CD9E60B.e.19535/click - {}
RESULT: {}
COMMAND: GET /session/e8ae643ad1a7d9f9ee71b330bca2e34d/screenshot - {}
RESULT: {}
COMMAND: POST /session/e8ae643ad1a7d9f9ee71b330bca2e34d/element - {"using":"xpath","value":"//input[@id=\"application-managecontracts-display-component---AddNewContract--yardId-inner\"]"}
RESULT: {"using":"xpath","value":"//input[@id=\"application-managecontracts-display-component---AddNewContract--yardId-inner\"]"}
COMMAND: GET /session/e8ae643ad1a7d9f9ee71b330bca2e34d/element/f.804597995EEA20368E99A2927B0C1762.d.F9CFAC3A40BA15F039F311A32CD9E60B.e.19507/property/value - {}
RESULT: {}
COMMAND: POST /session/e8ae643ad1a7d9f9ee71b330bca2e34d/element - {"using":"xpath","value":"//input[@id=\"application-managecontracts-display-component---AddNewContract--customerSelect-inner\"]"}
COMMAND: GET /session/e8ae643ad1a7d9f9ee71b330bca2e34d/screenshot - {}
RESULT: {"using":"xpath","value":"//input[@id=\"application-managecontracts-display-component---AddNewContract--customerSelect-inner\"]"}
COMMAND: POST /session/e8ae643ad1a7d9f9ee71b330bca2e34d/element/f.804597995EEA20368E99A2927B0C1762.d.F9CFAC3A40BA15F039F311A32CD9E60B.e.19505/clear - {}
RESULT: {}
RESULT: {}
COMMAND: POST /session/e8ae643ad1a7d9f9ee71b330bca2e34d/element/f.804597995EEA20368E99A2927B0C1762.d.F9CFAC3A40BA15F039F311A32CD9E60B.e.19505/value - {"text":"1238"}
COMMAND: GET /session/e8ae643ad1a7d9f9ee71b330bca2e34d/screenshot - {}
RESULT: {"text":"1238"}
COMMAND: GET /session/e8ae643ad1a7d9f9ee71b330bca2e34d/screenshot - {}
RESULT: {}
RESULT: {}
COMMAND: POST /session/e8ae643ad1a7d9f9ee71b330bca2e34d/element - {"using":"xpath","value":"//li[.//span[text()='1238']]"}
RESULT: {"using":"xpath","value":"//li[.//span[text()='1238']]"}
COMMAND: POST /session/e8ae643ad1a7d9f9ee71b330bca2e34d/element/f.804597995EEA20368E99A2927B0C1762.d.F9CFAC3A40BA15F039F311A32CD9E60B.e.19538/click - {}
RESULT: {}
COMMAND: GET /session/e8ae643ad1a7d9f9ee71b330bca2e34d/screenshot - {}
RESULT: {}
COMMAND: POST /session/e8ae643ad1a7d9f9ee71b330bca2e34d/element - {"using":"xpath","value":"//button[@data-kt=\"saveButton\"]"}
RESULT: {"using":"xpath","value":"//button[@data-kt=\"saveButton\"]"}
COMMAND: POST /session/e8ae643ad1a7d9f9ee71b330bca2e34d/element/f.804597995EEA20368E99A2927B0C1762.d.F9CFAC3A40BA15F039F311A32CD9E60B.e.19528/click - {}
RESULT: {}
COMMAND: GET /session/e8ae643ad1a7d9f9ee71b330bca2e34d/screenshot - {}
RESULT: {}
COMMAND: POST /session/e8ae643ad1a7d9f9ee71b330bca2e34d/element - {"using":"xpath","value":"//span[contains(@id ,\"contractDetailTitleNoExpanded\")]"}
RESULT: {"using":"xpath","value":"//span[contains(@id ,\"contractDetailTitleNoExpanded\")]"}
COMMAND: POST /session/e8ae643ad1a7d9f9ee71b330bca2e34d/elements - {"using":"xpath","value":"//span[contains(@id ,\"contractDetailTitleNoExpanded\")]"}
RESULT: {"using":"xpath","value":"//span[contains(@id ,\"contractDetailTitleNoExpanded\")]"}
COMMAND: POST /session/e8ae643ad1a7d9f9ee71b330bca2e34d/execute/sync - {"script":"<script> [56 bytes]","args":[{"element-6066-11e4-a52e-4f735466cecf":"f.804597995EEA20368E99A2927B0C1762.d.F9CFAC3A40BA15F039F311A32CD9E60B.e.19610","ELEMENT":"f.804597995EEA20368E99A2927B0C1762.d.F9CFAC3A40BA15F039F311A32CD9E60B.e.19610"}]}
RESULT: {"script":"<script> [56 bytes]","args":[{"element-6066-11e4-a52e-4f735466cecf":"f.804597995EEA20368E99A2927B0C1762.d.F9CFAC3A40BA15F039F311A32CD9E60B.e.19610","ELEMENT":"f.804597995EEA20368E99A2927B0C1762.d.F9CFAC3A40BA15F039F311A32CD9E60B.e.19610"}]}
COMMAND: GET /session/e8ae643ad1a7d9f9ee71b330bca2e34d/screenshot - {}
RESULT: {}
]]></system-out>
    </testcase>
    <testcase classname="chrome.135_0_7049_42.windows.Create_Reverse_Billing_US127248" name="Should add equipment to the contract" time="39.949">
      <system-out><![CDATA[
COMMAND: POST /session/e8ae643ad1a7d9f9ee71b330bca2e34d/element - {"using":"xpath","value":"//button[@data-kt=\"contractDetailEditBtnButton\"]"}
RESULT: {"using":"xpath","value":"//button[@data-kt=\"contractDetailEditBtnButton\"]"}
COMMAND: POST /session/e8ae643ad1a7d9f9ee71b330bca2e34d/element/f.804597995EEA20368E99A2927B0C1762.d.F9CFAC3A40BA15F039F311A32CD9E60B.e.19612/click - {}
RESULT: {}
COMMAND: GET /session/e8ae643ad1a7d9f9ee71b330bca2e34d/screenshot - {}
RESULT: {}
COMMAND: POST /session/e8ae643ad1a7d9f9ee71b330bca2e34d/element - {"using":"xpath","value":"(//span[contains(text(), \"Additional Addresses\")])[2]"}
RESULT: {"using":"xpath","value":"(//span[contains(text(), \"Additional Addresses\")])[2]"}
COMMAND: POST /session/e8ae643ad1a7d9f9ee71b330bca2e34d/element/f.804597995EEA20368E99A2927B0C1762.d.F9CFAC3A40BA15F039F311A32CD9E60B.e.19667/click - {}
RESULT: {}
COMMAND: GET /session/e8ae643ad1a7d9f9ee71b330bca2e34d/screenshot - {}
RESULT: {}
COMMAND: POST /session/e8ae643ad1a7d9f9ee71b330bca2e34d/element - {"using":"xpath","value":"//button[@data-kt=\"btnAddTableRowOverflowToolbarButton\"]"}
RESULT: {"using":"xpath","value":"//button[@data-kt=\"btnAddTableRowOverflowToolbarButton\"]"}
COMMAND: POST /session/e8ae643ad1a7d9f9ee71b330bca2e34d/element/f.804597995EEA20368E99A2927B0C1762.d.F9CFAC3A40BA15F039F311A32CD9E60B.e.19669/click - {}
RESULT: {}
COMMAND: GET /session/e8ae643ad1a7d9f9ee71b330bca2e34d/screenshot - {}
RESULT: {}
COMMAND: POST /session/e8ae643ad1a7d9f9ee71b330bca2e34d/element - {"using":"xpath","value":"//div[(text() = 'Standard Entry' or . = 'Standard Entry')]"}
RESULT: {"using":"xpath","value":"//div[(text() = 'Standard Entry' or . = 'Standard Entry')]"}
COMMAND: POST /session/e8ae643ad1a7d9f9ee71b330bca2e34d/element/f.804597995EEA20368E99A2927B0C1762.d.F9CFAC3A40BA15F039F311A32CD9E60B.e.19671/click - {}
RESULT: {}
COMMAND: GET /session/e8ae643ad1a7d9f9ee71b330bca2e34d/screenshot - {}
RESULT: {}
COMMAND: POST /session/e8ae643ad1a7d9f9ee71b330bca2e34d/element - {"using":"xpath","value":"//td[7]/div/div/input"}
RESULT: {"using":"xpath","value":"//td[7]/div/div/input"}
COMMAND: POST /session/e8ae643ad1a7d9f9ee71b330bca2e34d/element/f.804597995EEA20368E99A2927B0C1762.d.F9CFAC3A40BA15F039F311A32CD9E60B.e.19680/clear - {}
RESULT: {}
COMMAND: POST /session/e8ae643ad1a7d9f9ee71b330bca2e34d/element/f.804597995EEA20368E99A2927B0C1762.d.F9CFAC3A40BA15F039F311A32CD9E60B.e.19680/value - {"text":"XJpY4NKJga"}
COMMAND: GET /session/e8ae643ad1a7d9f9ee71b330bca2e34d/screenshot - {}
RESULT: {"text":"XJpY4NKJga"}
COMMAND: GET /session/e8ae643ad1a7d9f9ee71b330bca2e34d/screenshot - {}
RESULT: {}
RESULT: {}
COMMAND: POST /session/e8ae643ad1a7d9f9ee71b330bca2e34d/actions - {"actions":[{"id":"action66","type":"key","parameters":{},"actions":[{"type":"keyDown","value":""},{"type":"pause","duration":10},{"type":"keyUp","value":""}]}]}
RESULT: {"actions":[{"id":"action66","type":"key","parameters":{},"actions":[{"type":"keyDown","value":""},{"type":"pause","duration":10},{"type":"keyUp","value":""}]}]}
COMMAND: GET /session/e8ae643ad1a7d9f9ee71b330bca2e34d/screenshot - {}
RESULT: {}
COMMAND: POST /session/e8ae643ad1a7d9f9ee71b330bca2e34d/element - {"using":"xpath","value":"(//button[@data-kt=\"saveButton\"])[2]"}
RESULT: {"using":"xpath","value":"(//button[@data-kt=\"saveButton\"])[2]"}
COMMAND: POST /session/e8ae643ad1a7d9f9ee71b330bca2e34d/element/f.804597995EEA20368E99A2927B0C1762.d.F9CFAC3A40BA15F039F311A32CD9E60B.e.19695/click - {}
RESULT: {}
COMMAND: GET /session/e8ae643ad1a7d9f9ee71b330bca2e34d/screenshot - {}
RESULT: {}
COMMAND: POST /session/e8ae643ad1a7d9f9ee71b330bca2e34d/element - {"using":"xpath","value":"//span[contains(@id ,\"contractItemsSmartTable-header-inner\")]"}
RESULT: {"using":"xpath","value":"//span[contains(@id ,\"contractItemsSmartTable-header-inner\")]"}
COMMAND: POST /session/e8ae643ad1a7d9f9ee71b330bca2e34d/elements - {"using":"xpath","value":"//span[contains(@id ,\"contractItemsSmartTable-header-inner\")]"}
RESULT: {"using":"xpath","value":"//span[contains(@id ,\"contractItemsSmartTable-header-inner\")]"}
COMMAND: POST /session/e8ae643ad1a7d9f9ee71b330bca2e34d/execute/sync - {"script":"<script> [56 bytes]","args":[{"element-6066-11e4-a52e-4f735466cecf":"f.804597995EEA20368E99A2927B0C1762.d.F9CFAC3A40BA15F039F311A32CD9E60B.e.19700","ELEMENT":"f.804597995EEA20368E99A2927B0C1762.d.F9CFAC3A40BA15F039F311A32CD9E60B.e.19700"}]}
RESULT: {"script":"<script> [56 bytes]","args":[{"element-6066-11e4-a52e-4f735466cecf":"f.804597995EEA20368E99A2927B0C1762.d.F9CFAC3A40BA15F039F311A32CD9E60B.e.19700","ELEMENT":"f.804597995EEA20368E99A2927B0C1762.d.F9CFAC3A40BA15F039F311A32CD9E60B.e.19700"}]}
]]></system-out>
    </testcase>
    <testcase classname="chrome.135_0_7049_42.windows.Create_Reverse_Billing_US127248" name="Should do a provide to site handover" time="50.766">
      <system-out><![CDATA[
COMMAND: POST /session/e8ae643ad1a7d9f9ee71b330bca2e34d/element - {"using":"xpath","value":"//button[@data-kt=\"provideButton\"]"}
COMMAND: GET /session/e8ae643ad1a7d9f9ee71b330bca2e34d/screenshot - {}
RESULT: {"using":"xpath","value":"//button[@data-kt=\"provideButton\"]"}
COMMAND: POST /session/e8ae643ad1a7d9f9ee71b330bca2e34d/element/f.804597995EEA20368E99A2927B0C1762.d.F9CFAC3A40BA15F039F311A32CD9E60B.e.19701/click - {}
RESULT: {}
RESULT: {}
COMMAND: GET /session/e8ae643ad1a7d9f9ee71b330bca2e34d/screenshot - {}
RESULT: undefined
COMMAND: POST /session/e8ae643ad1a7d9f9ee71b330bca2e34d/execute/async - {"script":"<script> [6424 bytes]","args":[{"element-6066-11e4-a52e-4f735466cecf":"f.804597995EEA20368E99A2927B0C1762.d.F9CFAC3A40BA15F039F311A32CD9E60B.e.18720"},"setValue",["04/15/2025"]]}
RESULT: {}
COMMAND: POST /session/e8ae643ad1a7d9f9ee71b330bca2e34d/execute/async - {"script":"<script> [1562 bytes]","args":[{"selector":{"id":"application-managehandovers-display-component---AddNewHO--dueDate","interaction":{"idSuffix":"inner"}},"wdio_ui5_key":"applicationmanagehandovers-display-component---AddNewHO--dueDate"}]}
RESULT: {"script":"<script> [1562 bytes]","args":[{"selector":{"id":"application-managehandovers-display-component---AddNewHO--dueDate","interaction":{"idSuffix":"inner"}},"wdio_ui5_key":"applicationmanagehandovers-display-component---AddNewHO--dueDate"}]}
COMMAND: POST /session/e8ae643ad1a7d9f9ee71b330bca2e34d/execute/async - {"script":"<script> [6424 bytes]","args":[{"element-6066-11e4-a52e-4f735466cecf":"f.804597995EEA20368E99A2927B0C1762.d.F9CFAC3A40BA15F039F311A32CD9E60B.e.19788"},"setValue",["04/15/2025"]]}
RESULT: {"script":"<script> [6424 bytes]","args":[{"element-6066-11e4-a52e-4f735466cecf":"f.804597995EEA20368E99A2927B0C1762.d.F9CFAC3A40BA15F039F311A32CD9E60B.e.19788"},"setValue",["04/15/2025"]]}
COMMAND: POST /session/e8ae643ad1a7d9f9ee71b330bca2e34d/element - {"using":"xpath","value":"//bdi[contains(text(), \"Instructions\")]"}
RESULT: {"using":"xpath","value":"//bdi[contains(text(), \"Instructions\")]"}
COMMAND: POST /session/e8ae643ad1a7d9f9ee71b330bca2e34d/element/f.804597995EEA20368E99A2927B0C1762.d.F9CFAC3A40BA15F039F311A32CD9E60B.e.20008/click - {}
RESULT: {}
COMMAND: GET /session/e8ae643ad1a7d9f9ee71b330bca2e34d/screenshot - {}
RESULT: {}
COMMAND: POST /session/e8ae643ad1a7d9f9ee71b330bca2e34d/element - {"using":"xpath","value":"//button[@data-kt=\"AddNewHOProvideAddItemsButton\"]"}
RESULT: {"using":"xpath","value":"//button[@data-kt=\"AddNewHOProvideAddItemsButton\"]"}
COMMAND: POST /session/e8ae643ad1a7d9f9ee71b330bca2e34d/element/f.804597995EEA20368E99A2927B0C1762.d.F9CFAC3A40BA15F039F311A32CD9E60B.e.20012/click - {}
RESULT: {}
COMMAND: GET /session/e8ae643ad1a7d9f9ee71b330bca2e34d/screenshot - {}
RESULT: {}
RESULT: undefined
COMMAND: POST /session/e8ae643ad1a7d9f9ee71b330bca2e34d/element - {"using":"xpath","value":"//*[@id=\"application-managehandovers-display-component---AddNewHO--popup-sa\"]"}
RESULT: {"using":"xpath","value":"//*[@id=\"application-managehandovers-display-component---AddNewHO--popup-sa\"]"}
COMMAND: POST /session/e8ae643ad1a7d9f9ee71b330bca2e34d/element/f.804597995EEA20368E99A2927B0C1762.d.F9CFAC3A40BA15F039F311A32CD9E60B.e.20021/click - {}
RESULT: {}
COMMAND: GET /session/e8ae643ad1a7d9f9ee71b330bca2e34d/screenshot - {}
RESULT: {}
COMMAND: POST /session/e8ae643ad1a7d9f9ee71b330bca2e34d/element - {"using":"xpath","value":"//*[contains(@id ,\"BDI-content\")][contains(text(), \"Select\")]"}
RESULT: {"using":"xpath","value":"//*[contains(@id ,\"BDI-content\")][contains(text(), \"Select\")]"}
COMMAND: POST /session/e8ae643ad1a7d9f9ee71b330bca2e34d/element/f.804597995EEA20368E99A2927B0C1762.d.F9CFAC3A40BA15F039F311A32CD9E60B.e.20023/click - {}
RESULT: {}
COMMAND: GET /session/e8ae643ad1a7d9f9ee71b330bca2e34d/screenshot - {}
RESULT: {}
COMMAND: POST /session/e8ae643ad1a7d9f9ee71b330bca2e34d/execute/async - {"script":"<script> [1562 bytes]","args":[{"selector":{"id":"application-managehandovers-display-component---AddNewHO--confirmCreationButton","interaction":{"idSuffix":"BDI-content"}},"wdio_ui5_key":"applicationmanagehandovers-display-component---AddNewHO--confirmCreationButton"}]}
RESULT: {"script":"<script> [1562 bytes]","args":[{"selector":{"id":"application-managehandovers-display-component---AddNewHO--confirmCreationButton","interaction":{"idSuffix":"BDI-content"}},"wdio_ui5_key":"applicationmanagehandovers-display-component---AddNewHO--confirmCreationButton"}]}
RESULT: undefined
COMMAND: POST /session/e8ae643ad1a7d9f9ee71b330bca2e34d/element - {"using":"xpath","value":"//*[@id=\"application-managehandovers-display-component---AddNewHO--confirmCreationButton\"]"}
RESULT: {"using":"xpath","value":"//*[@id=\"application-managehandovers-display-component---AddNewHO--confirmCreationButton\"]"}
COMMAND: POST /session/e8ae643ad1a7d9f9ee71b330bca2e34d/element/f.804597995EEA20368E99A2927B0C1762.d.F9CFAC3A40BA15F039F311A32CD9E60B.e.19834/click - {}
RESULT: {}
COMMAND: GET /session/e8ae643ad1a7d9f9ee71b330bca2e34d/screenshot - {}
RESULT: {}
COMMAND: POST /session/e8ae643ad1a7d9f9ee71b330bca2e34d/element - {"using":"xpath","value":"//button[@data-kt=\"PickingTableConfirmAllButton\"]"}
RESULT: {"using":"xpath","value":"//button[@data-kt=\"PickingTableConfirmAllButton\"]"}
COMMAND: POST /session/e8ae643ad1a7d9f9ee71b330bca2e34d/element/f.804597995EEA20368E99A2927B0C1762.d.F9CFAC3A40BA15F039F311A32CD9E60B.e.20070/click - {}
COMMAND: POST /session/e8ae643ad1a7d9f9ee71b330bca2e34d/element - {"using":"xpath","value":"//button[@data-kt=\"PickingTableConfirmAllButton\"]"}
RESULT: {"using":"xpath","value":"//button[@data-kt=\"PickingTableConfirmAllButton\"]"}
COMMAND: POST /session/e8ae643ad1a7d9f9ee71b330bca2e34d/element/f.804597995EEA20368E99A2927B0C1762.d.F9CFAC3A40BA15F039F311A32CD9E60B.e.20070/click - {}
COMMAND: POST /session/e8ae643ad1a7d9f9ee71b330bca2e34d/element - {"using":"xpath","value":"//button[@data-kt=\"PickingTableConfirmAllButton\"]"}
RESULT: {"using":"xpath","value":"//button[@data-kt=\"PickingTableConfirmAllButton\"]"}
COMMAND: POST /session/e8ae643ad1a7d9f9ee71b330bca2e34d/element/f.804597995EEA20368E99A2927B0C1762.d.F9CFAC3A40BA15F039F311A32CD9E60B.e.20073/click - {}
RESULT: {}
COMMAND: GET /session/e8ae643ad1a7d9f9ee71b330bca2e34d/screenshot - {}
RESULT: {}
COMMAND: POST /session/e8ae643ad1a7d9f9ee71b330bca2e34d/element - {"using":"xpath","value":"//bdi[contains(text(), \"OK\")]"}
RESULT: {"using":"xpath","value":"//bdi[contains(text(), \"OK\")]"}
COMMAND: POST /session/e8ae643ad1a7d9f9ee71b330bca2e34d/element/f.804597995EEA20368E99A2927B0C1762.d.F9CFAC3A40BA15F039F311A32CD9E60B.e.20085/click - {}
RESULT: {}
COMMAND: GET /session/e8ae643ad1a7d9f9ee71b330bca2e34d/screenshot - {}
RESULT: {}
COMMAND: POST /session/e8ae643ad1a7d9f9ee71b330bca2e34d/element - {"using":"xpath","value":"//bdi[contains(text(), \"Issue\")]"}
RESULT: {"using":"xpath","value":"//bdi[contains(text(), \"Issue\")]"}
COMMAND: POST /session/e8ae643ad1a7d9f9ee71b330bca2e34d/element/f.804597995EEA20368E99A2927B0C1762.d.F9CFAC3A40BA15F039F311A32CD9E60B.e.20086/click - {}
RESULT: {}
COMMAND: GET /session/e8ae643ad1a7d9f9ee71b330bca2e34d/screenshot - {}
RESULT: {}
COMMAND: POST /session/e8ae643ad1a7d9f9ee71b330bca2e34d/element - {"using":"css selector","value":"#shell-header-logo"}
RESULT: {"using":"css selector","value":"#shell-header-logo"}
COMMAND: POST /session/e8ae643ad1a7d9f9ee71b330bca2e34d/element/f.804597995EEA20368E99A2927B0C1762.d.F9CFAC3A40BA15F039F311A32CD9E60B.e.19127/click - {}
RESULT: {}
COMMAND: GET /session/e8ae643ad1a7d9f9ee71b330bca2e34d/screenshot - {}
RESULT: {}
]]></system-out>
    </testcase>
    <testcase classname="chrome.135_0_7049_42.windows.Create_Reverse_Billing_US127248" name="Should go navigate to Manage Billings and trigger contract calculation check result" time="51.306">
      <system-out><![CDATA[
COMMAND: POST /session/e8ae643ad1a7d9f9ee71b330bca2e34d/execute/async - {"script":"<script> [1562 bytes]","args":[{"selector":{"controlType":"sap.m.GenericTile","properties":{"header":"Manage Billings"}},"wdio_ui5_key":"sapm.GenericTile{\"header\":\"Manage Billings\"}"}]}
RESULT: {"script":"<script> [1562 bytes]","args":[{"selector":{"controlType":"sap.m.GenericTile","properties":{"header":"Manage Billings"}},"wdio_ui5_key":"sapm.GenericTile{\"header\":\"Manage Billings\"}"}]}
RESULT: undefined
COMMAND: POST /session/e8ae643ad1a7d9f9ee71b330bca2e34d/element - {"using":"xpath","value":"//*[@id=\"__tile51\"]"}
RESULT: {"using":"xpath","value":"//*[@id=\"__tile51\"]"}
COMMAND: POST /session/e8ae643ad1a7d9f9ee71b330bca2e34d/element/f.804597995EEA20368E99A2927B0C1762.d.F9CFAC3A40BA15F039F311A32CD9E60B.e.17001/click - {}
RESULT: {}
COMMAND: GET /session/e8ae643ad1a7d9f9ee71b330bca2e34d/screenshot - {}
RESULT: {}
COMMAND: POST /session/e8ae643ad1a7d9f9ee71b330bca2e34d/execute/async - {"script":"<script> [1562 bytes]","args":[{"selector":{"id":"application-managebillings-display-component---billRunCalcResult--smartFilterBar-btnBasicSearch","interaction":{"idSuffix":"I"}},"wdio_ui5_key":"applicationmanagebillings-display-component---billRunCalcResult--smartFilterBar-btnBasicSearch"}]}
RESULT: {"script":"<script> [1562 bytes]","args":[{"selector":{"id":"application-managebillings-display-component---billRunCalcResult--smartFilterBar-btnBasicSearch","interaction":{"idSuffix":"I"}},"wdio_ui5_key":"applicationmanagebillings-display-component---billRunCalcResult--smartFilterBar-btnBasicSearch"}]}
RESULT: undefined
COMMAND: POST /session/e8ae643ad1a7d9f9ee71b330bca2e34d/execute/async - {"script":"<script> [776 bytes]","args":[{"enterText":"10306","selector":{"id":"application-managebillings-display-component---billRunCalcResult--smartFilterBar-btnBasicSearch","interaction":{"idSuffix":"I"}},"clearTextFirst":true,"interactionType":"ENTER_TEXT"}]}
RESULT: {"script":"<script> [776 bytes]","args":[{"enterText":"10306","selector":{"id":"application-managebillings-display-component---billRunCalcResult--smartFilterBar-btnBasicSearch","interaction":{"idSuffix":"I"}},"clearTextFirst":true,"interactionType":"ENTER_TEXT"}]}
COMMAND: POST /session/e8ae643ad1a7d9f9ee71b330bca2e34d/actions - {"actions":[{"id":"action67","type":"key","parameters":{},"actions":[{"type":"keyDown","value":""},{"type":"pause","duration":10},{"type":"keyUp","value":""}]}]}
RESULT: {"actions":[{"id":"action67","type":"key","parameters":{},"actions":[{"type":"keyDown","value":""},{"type":"pause","duration":10},{"type":"keyUp","value":""}]}]}
COMMAND: GET /session/e8ae643ad1a7d9f9ee71b330bca2e34d/screenshot - {}
RESULT: {}
COMMAND: POST /session/e8ae643ad1a7d9f9ee71b330bca2e34d/element - {"using":"xpath","value":"//td[@aria-colindex=\"1\"]/div/div[contains(@class, \"sapMCbBg\")]"}
RESULT: {"using":"xpath","value":"//td[@aria-colindex=\"1\"]/div/div[contains(@class, \"sapMCbBg\")]"}
COMMAND: POST /session/e8ae643ad1a7d9f9ee71b330bca2e34d/element/f.804597995EEA20368E99A2927B0C1762.d.F9CFAC3A40BA15F039F311A32CD9E60B.e.20479/click - {}
RESULT: {}
COMMAND: GET /session/e8ae643ad1a7d9f9ee71b330bca2e34d/screenshot - {}
RESULT: {}
COMMAND: POST /session/e8ae643ad1a7d9f9ee71b330bca2e34d/execute/async - {"script":"<script> [1562 bytes]","args":[{"selector":{"id":"application-managebillings-display-component---billRunCalcResult--contractBillRunDate","interaction":{"idSuffix":"inner"}},"wdio_ui5_key":"applicationmanagebillings-display-component---billRunCalcResult--contractBillRunDate"}]}
RESULT: {"script":"<script> [1562 bytes]","args":[{"selector":{"id":"application-managebillings-display-component---billRunCalcResult--contractBillRunDate","interaction":{"idSuffix":"inner"}},"wdio_ui5_key":"applicationmanagebillings-display-component---billRunCalcResult--contractBillRunDate"}]}
RESULT: undefined
COMMAND: POST /session/e8ae643ad1a7d9f9ee71b330bca2e34d/execute/async - {"script":"<script> [776 bytes]","args":[{"enterText":"05/15/25","selector":{"id":"application-managebillings-display-component---billRunCalcResult--contractBillRunDate","interaction":{"idSuffix":"inner"}},"clearTextFirst":true,"interactionType":"ENTER_TEXT"}]}
RESULT: {"script":"<script> [776 bytes]","args":[{"enterText":"05/15/25","selector":{"id":"application-managebillings-display-component---billRunCalcResult--contractBillRunDate","interaction":{"idSuffix":"inner"}},"clearTextFirst":true,"interactionType":"ENTER_TEXT"}]}
COMMAND: POST /session/e8ae643ad1a7d9f9ee71b330bca2e34d/element - {"using":"xpath","value":"//bdi[contains(text(), \"Trigger Calculation\")]"}
RESULT: {"using":"xpath","value":"//bdi[contains(text(), \"Trigger Calculation\")]"}
COMMAND: POST /session/e8ae643ad1a7d9f9ee71b330bca2e34d/element/f.804597995EEA20368E99A2927B0C1762.d.F9CFAC3A40BA15F039F311A32CD9E60B.e.20531/click - {}
RESULT: {}
COMMAND: GET /session/e8ae643ad1a7d9f9ee71b330bca2e34d/screenshot - {}
RESULT: {}
COMMAND: POST /session/e8ae643ad1a7d9f9ee71b330bca2e34d/element - {"using":"xpath","value":"(//span[contains(@id, \"imgNav\")])[1]"}
RESULT: {"using":"xpath","value":"(//span[contains(@id, \"imgNav\")])[1]"}
COMMAND: POST /session/e8ae643ad1a7d9f9ee71b330bca2e34d/element/f.804597995EEA20368E99A2927B0C1762.d.F9CFAC3A40BA15F039F311A32CD9E60B.e.20480/click - {}
RESULT: {}
COMMAND: GET /session/e8ae643ad1a7d9f9ee71b330bca2e34d/screenshot - {}
RESULT: {}
COMMAND: POST /session/e8ae643ad1a7d9f9ee71b330bca2e34d/element - {"using":"xpath","value":"//tr/td[6]/div[1]/span[1]/span[1]"}
RESULT: {"using":"xpath","value":"//tr/td[6]/div[1]/span[1]/span[1]"}
COMMAND: GET /session/e8ae643ad1a7d9f9ee71b330bca2e34d/element/f.804597995EEA20368E99A2927B0C1762.d.F9CFAC3A40BA15F039F311A32CD9E60B.e.20536/text - {}
RESULT: {}
COMMAND: POST /session/e8ae643ad1a7d9f9ee71b330bca2e34d/element - {"using":"xpath","value":"(//span[contains(@id, \"imgNav\")])[2]"}
RESULT: {"using":"xpath","value":"(//span[contains(@id, \"imgNav\")])[2]"}
COMMAND: POST /session/e8ae643ad1a7d9f9ee71b330bca2e34d/element/f.804597995EEA20368E99A2927B0C1762.d.F9CFAC3A40BA15F039F311A32CD9E60B.e.20537/click - {}
RESULT: {}
COMMAND: POST /session/e8ae643ad1a7d9f9ee71b330bca2e34d/element - {"using":"xpath","value":"//bdi[contains(text(), \"Business Confirm\")]"}
COMMAND: GET /session/e8ae643ad1a7d9f9ee71b330bca2e34d/screenshot - {}
RESULT: {"using":"xpath","value":"//bdi[contains(text(), \"Business Confirm\")]"}
COMMAND: POST /session/e8ae643ad1a7d9f9ee71b330bca2e34d/elements - {"using":"xpath","value":"//bdi[contains(text(), \"Business Confirm\")]"}
RESULT: {}
RESULT: {"using":"xpath","value":"//bdi[contains(text(), \"Business Confirm\")]"}
COMMAND: POST /session/e8ae643ad1a7d9f9ee71b330bca2e34d/element - {"using":"xpath","value":"//bdi[contains(text(), \"Business Confirm\")]"}
RESULT: {"using":"xpath","value":"//bdi[contains(text(), \"Business Confirm\")]"}
COMMAND: POST /session/e8ae643ad1a7d9f9ee71b330bca2e34d/element/f.804597995EEA20368E99A2927B0C1762.d.F9CFAC3A40BA15F039F311A32CD9E60B.e.20539/click - {}
COMMAND: POST /session/e8ae643ad1a7d9f9ee71b330bca2e34d/element - {"using":"xpath","value":"//bdi[contains(text(), \"Business Confirm\")]"}
RESULT: {"using":"xpath","value":"//bdi[contains(text(), \"Business Confirm\")]"}
COMMAND: POST /session/e8ae643ad1a7d9f9ee71b330bca2e34d/element/f.804597995EEA20368E99A2927B0C1762.d.F9CFAC3A40BA15F039F311A32CD9E60B.e.20539/click - {}
COMMAND: POST /session/e8ae643ad1a7d9f9ee71b330bca2e34d/element - {"using":"xpath","value":"//bdi[contains(text(), \"Business Confirm\")]"}
RESULT: {"using":"xpath","value":"//bdi[contains(text(), \"Business Confirm\")]"}
COMMAND: POST /session/e8ae643ad1a7d9f9ee71b330bca2e34d/element/f.804597995EEA20368E99A2927B0C1762.d.F9CFAC3A40BA15F039F311A32CD9E60B.e.20587/click - {}
RESULT: {}
COMMAND: POST /session/e8ae643ad1a7d9f9ee71b330bca2e34d/element - {"using":"css selector","value":"#shell-header-logo"}
COMMAND: GET /session/e8ae643ad1a7d9f9ee71b330bca2e34d/screenshot - {}
RESULT: {"using":"css selector","value":"#shell-header-logo"}
COMMAND: POST /session/e8ae643ad1a7d9f9ee71b330bca2e34d/element/f.804597995EEA20368E99A2927B0C1762.d.F9CFAC3A40BA15F039F311A32CD9E60B.e.20270/click - {}
RESULT: {}
RESULT: {}
COMMAND: GET /session/e8ae643ad1a7d9f9ee71b330bca2e34d/screenshot - {}
RESULT: {}
]]></system-out>
    </testcase>
    <testcase classname="chrome.135_0_7049_42.windows.Create_Reverse_Billing_US127248" name="Should go into Billing Transfer and reverse the billing" time="35.338">
      <system-out><![CDATA[
COMMAND: POST /session/e8ae643ad1a7d9f9ee71b330bca2e34d/execute/async - {"script":"<script> [1562 bytes]","args":[{"selector":{"controlType":"sap.m.GenericTile","properties":{"header":"Billing Transfer"}},"wdio_ui5_key":"sapm.GenericTile{\"header\":\"Billing Transfer\"}"}]}
RESULT: {"script":"<script> [1562 bytes]","args":[{"selector":{"controlType":"sap.m.GenericTile","properties":{"header":"Billing Transfer"}},"wdio_ui5_key":"sapm.GenericTile{\"header\":\"Billing Transfer\"}"}]}
RESULT: undefined
COMMAND: POST /session/e8ae643ad1a7d9f9ee71b330bca2e34d/element - {"using":"xpath","value":"//*[@id=\"__tile50\"]"}
RESULT: {"using":"xpath","value":"//*[@id=\"__tile50\"]"}
COMMAND: POST /session/e8ae643ad1a7d9f9ee71b330bca2e34d/element/f.804597995EEA20368E99A2927B0C1762.d.F9CFAC3A40BA15F039F311A32CD9E60B.e.16999/click - {}
RESULT: {}
COMMAND: POST /session/e8ae643ad1a7d9f9ee71b330bca2e34d/element - {"using":"xpath","value":"//input[contains(@id ,\"application-billingtransfer-display-component---billingWorkbench--smartFilterBar-btnBasicSearch\")]"}
COMMAND: GET /session/e8ae643ad1a7d9f9ee71b330bca2e34d/screenshot - {}
RESULT: {"using":"xpath","value":"//input[contains(@id ,\"application-billingtransfer-display-component---billingWorkbench--smartFilterBar-btnBasicSearch\")]"}
COMMAND: POST /session/e8ae643ad1a7d9f9ee71b330bca2e34d/elements - {"using":"xpath","value":"//input[contains(@id ,\"application-billingtransfer-display-component---billingWorkbench--smartFilterBar-btnBasicSearch\")]"}
RESULT: {}
RESULT: {"using":"xpath","value":"//input[contains(@id ,\"application-billingtransfer-display-component---billingWorkbench--smartFilterBar-btnBasicSearch\")]"}
COMMAND: POST /session/e8ae643ad1a7d9f9ee71b330bca2e34d/element - {"using":"xpath","value":"//input[contains(@id ,\"application-billingtransfer-display-component---billingWorkbench--smartFilterBar-btnBasicSearch\")]"}
RESULT: {"using":"xpath","value":"//input[contains(@id ,\"application-billingtransfer-display-component---billingWorkbench--smartFilterBar-btnBasicSearch\")]"}
COMMAND: POST /session/e8ae643ad1a7d9f9ee71b330bca2e34d/execute/sync - {"script":"<script> [8489 bytes]","args":[{"element-6066-11e4-a52e-4f735466cecf":"f.804597995EEA20368E99A2927B0C1762.d.F9CFAC3A40BA15F039F311A32CD9E60B.e.20618","ELEMENT":"f.804597995EEA20368E99A2927B0C1762.d.F9CFAC3A40BA15F039F311A32CD9E60B.e.20618"}]}
RESULT: {"script":"<script> [8489 bytes]","args":[{"element-6066-11e4-a52e-4f735466cecf":"f.804597995EEA20368E99A2927B0C1762.d.F9CFAC3A40BA15F039F311A32CD9E60B.e.20618","ELEMENT":"f.804597995EEA20368E99A2927B0C1762.d.F9CFAC3A40BA15F039F311A32CD9E60B.e.20618"}]}
COMMAND: GET /session/e8ae643ad1a7d9f9ee71b330bca2e34d/element/f.804597995EEA20368E99A2927B0C1762.d.F9CFAC3A40BA15F039F311A32CD9E60B.e.20618/enabled - {}
COMMAND: GET /session/e8ae643ad1a7d9f9ee71b330bca2e34d/screenshot - {}
RESULT: {}
COMMAND: POST /session/e8ae643ad1a7d9f9ee71b330bca2e34d/element/f.804597995EEA20368E99A2927B0C1762.d.F9CFAC3A40BA15F039F311A32CD9E60B.e.20618/click - {}
COMMAND: GET /session/e8ae643ad1a7d9f9ee71b330bca2e34d/screenshot - {}
RESULT: {}
RESULT: {}
COMMAND: GET /session/e8ae643ad1a7d9f9ee71b330bca2e34d/screenshot - {}
RESULT: {}
RESULT: {}
COMMAND: POST /session/e8ae643ad1a7d9f9ee71b330bca2e34d/element/f.804597995EEA20368E99A2927B0C1762.d.F9CFAC3A40BA15F039F311A32CD9E60B.e.20618/clear - {}
RESULT: {}
COMMAND: POST /session/e8ae643ad1a7d9f9ee71b330bca2e34d/element/f.804597995EEA20368E99A2927B0C1762.d.F9CFAC3A40BA15F039F311A32CD9E60B.e.20618/value - {"text":"10306"}
COMMAND: GET /session/e8ae643ad1a7d9f9ee71b330bca2e34d/screenshot - {}
RESULT: {"text":"10306"}
COMMAND: POST /session/e8ae643ad1a7d9f9ee71b330bca2e34d/actions - {"actions":[{"id":"action68","type":"key","parameters":{},"actions":[{"type":"keyDown","value":""},{"type":"pause","duration":10},{"type":"keyUp","value":""}]}]}
COMMAND: GET /session/e8ae643ad1a7d9f9ee71b330bca2e34d/screenshot - {}
RESULT: {}
RESULT: {"actions":[{"id":"action68","type":"key","parameters":{},"actions":[{"type":"keyDown","value":""},{"type":"pause","duration":10},{"type":"keyUp","value":""}]}]}
COMMAND: GET /session/e8ae643ad1a7d9f9ee71b330bca2e34d/screenshot - {}
RESULT: {}
RESULT: {}
COMMAND: POST /session/e8ae643ad1a7d9f9ee71b330bca2e34d/element - {"using":"xpath","value":"//span[contains(@id ,\"application-billingtransfer-display-component---billingWorkbench--smartTableBillingRuns-header-inner\")]"}
RESULT: {"using":"xpath","value":"//span[contains(@id ,\"application-billingtransfer-display-component---billingWorkbench--smartTableBillingRuns-header-inner\")]"}
COMMAND: POST /session/e8ae643ad1a7d9f9ee71b330bca2e34d/elements - {"using":"xpath","value":"//span[contains(@id ,\"application-billingtransfer-display-component---billingWorkbench--smartTableBillingRuns-header-inner\")]"}
RESULT: {"using":"xpath","value":"//span[contains(@id ,\"application-billingtransfer-display-component---billingWorkbench--smartTableBillingRuns-header-inner\")]"}
COMMAND: POST /session/e8ae643ad1a7d9f9ee71b330bca2e34d/execute/sync - {"script":"<script> [56 bytes]","args":[{"element-6066-11e4-a52e-4f735466cecf":"f.804597995EEA20368E99A2927B0C1762.d.F9CFAC3A40BA15F039F311A32CD9E60B.e.20810","ELEMENT":"f.804597995EEA20368E99A2927B0C1762.d.F9CFAC3A40BA15F039F311A32CD9E60B.e.20810"}]}
RESULT: {"script":"<script> [56 bytes]","args":[{"element-6066-11e4-a52e-4f735466cecf":"f.804597995EEA20368E99A2927B0C1762.d.F9CFAC3A40BA15F039F311A32CD9E60B.e.20810","ELEMENT":"f.804597995EEA20368E99A2927B0C1762.d.F9CFAC3A40BA15F039F311A32CD9E60B.e.20810"}]}
COMMAND: POST /session/e8ae643ad1a7d9f9ee71b330bca2e34d/element - {"using":"xpath","value":"//td[@aria-colindex=\"1\"]/div/div[contains(@class, \"sapMCbBg\")]"}
COMMAND: GET /session/e8ae643ad1a7d9f9ee71b330bca2e34d/screenshot - {}
RESULT: {"using":"xpath","value":"//td[@aria-colindex=\"1\"]/div/div[contains(@class, \"sapMCbBg\")]"}
COMMAND: POST /session/e8ae643ad1a7d9f9ee71b330bca2e34d/element/f.804597995EEA20368E99A2927B0C1762.d.F9CFAC3A40BA15F039F311A32CD9E60B.e.20718/click - {}
RESULT: {}
RESULT: {}
COMMAND: GET /session/e8ae643ad1a7d9f9ee71b330bca2e34d/screenshot - {}
RESULT: {}
COMMAND: POST /session/e8ae643ad1a7d9f9ee71b330bca2e34d/element - {"using":"xpath","value":"//bdi[contains(text(), \"Reverse\")]"}
RESULT: {"using":"xpath","value":"//bdi[contains(text(), \"Reverse\")]"}
COMMAND: POST /session/e8ae643ad1a7d9f9ee71b330bca2e34d/element/f.804597995EEA20368E99A2927B0C1762.d.F9CFAC3A40BA15F039F311A32CD9E60B.e.20811/click - {}
RESULT: {}
COMMAND: GET /session/e8ae643ad1a7d9f9ee71b330bca2e34d/screenshot - {}
RESULT: {}
COMMAND: POST /session/e8ae643ad1a7d9f9ee71b330bca2e34d/element - {"using":"xpath","value":"//input[contains(@id ,\"application-billingtransfer-display-component---billingWorkbench--smartFilterBar-btnBasicSearch\")]"}
RESULT: {"using":"xpath","value":"//input[contains(@id ,\"application-billingtransfer-display-component---billingWorkbench--smartFilterBar-btnBasicSearch\")]"}
COMMAND: POST /session/e8ae643ad1a7d9f9ee71b330bca2e34d/elements - {"using":"xpath","value":"//input[contains(@id ,\"application-billingtransfer-display-component---billingWorkbench--smartFilterBar-btnBasicSearch\")]"}
RESULT: {"using":"xpath","value":"//input[contains(@id ,\"application-billingtransfer-display-component---billingWorkbench--smartFilterBar-btnBasicSearch\")]"}
COMMAND: POST /session/e8ae643ad1a7d9f9ee71b330bca2e34d/execute/sync - {"script":"<script> [8489 bytes]","args":[{"element-6066-11e4-a52e-4f735466cecf":"f.804597995EEA20368E99A2927B0C1762.d.F9CFAC3A40BA15F039F311A32CD9E60B.e.20618","ELEMENT":"f.804597995EEA20368E99A2927B0C1762.d.F9CFAC3A40BA15F039F311A32CD9E60B.e.20618"}]}
RESULT: {"script":"<script> [8489 bytes]","args":[{"element-6066-11e4-a52e-4f735466cecf":"f.804597995EEA20368E99A2927B0C1762.d.F9CFAC3A40BA15F039F311A32CD9E60B.e.20618","ELEMENT":"f.804597995EEA20368E99A2927B0C1762.d.F9CFAC3A40BA15F039F311A32CD9E60B.e.20618"}]}
COMMAND: GET /session/e8ae643ad1a7d9f9ee71b330bca2e34d/element/f.804597995EEA20368E99A2927B0C1762.d.F9CFAC3A40BA15F039F311A32CD9E60B.e.20618/enabled - {}
COMMAND: GET /session/e8ae643ad1a7d9f9ee71b330bca2e34d/screenshot - {}
RESULT: {}
COMMAND: POST /session/e8ae643ad1a7d9f9ee71b330bca2e34d/element/f.804597995EEA20368E99A2927B0C1762.d.F9CFAC3A40BA15F039F311A32CD9E60B.e.20618/click - {}
COMMAND: GET /session/e8ae643ad1a7d9f9ee71b330bca2e34d/screenshot - {}
RESULT: {}
RESULT: {}
COMMAND: GET /session/e8ae643ad1a7d9f9ee71b330bca2e34d/screenshot - {}
RESULT: {}
RESULT: {}
COMMAND: POST /session/e8ae643ad1a7d9f9ee71b330bca2e34d/element/f.804597995EEA20368E99A2927B0C1762.d.F9CFAC3A40BA15F039F311A32CD9E60B.e.20618/clear - {}
RESULT: {}
COMMAND: POST /session/e8ae643ad1a7d9f9ee71b330bca2e34d/element/f.804597995EEA20368E99A2927B0C1762.d.F9CFAC3A40BA15F039F311A32CD9E60B.e.20618/value - {"text":"10306"}
COMMAND: GET /session/e8ae643ad1a7d9f9ee71b330bca2e34d/screenshot - {}
RESULT: {"text":"10306"}
COMMAND: POST /session/e8ae643ad1a7d9f9ee71b330bca2e34d/actions - {"actions":[{"id":"action69","type":"key","parameters":{},"actions":[{"type":"keyDown","value":""},{"type":"pause","duration":10},{"type":"keyUp","value":""}]}]}
COMMAND: GET /session/e8ae643ad1a7d9f9ee71b330bca2e34d/screenshot - {}
RESULT: {}
RESULT: {"actions":[{"id":"action69","type":"key","parameters":{},"actions":[{"type":"keyDown","value":""},{"type":"pause","duration":10},{"type":"keyUp","value":""}]}]}
COMMAND: GET /session/e8ae643ad1a7d9f9ee71b330bca2e34d/screenshot - {}
RESULT: {}
RESULT: {}
COMMAND: POST /session/e8ae643ad1a7d9f9ee71b330bca2e34d/element - {"using":"xpath","value":"//span[contains(@id ,\"application-billingtransfer-display-component---billingWorkbench--smartTableBillingRuns-header-inner\")]"}
RESULT: {"using":"xpath","value":"//span[contains(@id ,\"application-billingtransfer-display-component---billingWorkbench--smartTableBillingRuns-header-inner\")]"}
COMMAND: POST /session/e8ae643ad1a7d9f9ee71b330bca2e34d/elements - {"using":"xpath","value":"//span[contains(@id ,\"application-billingtransfer-display-component---billingWorkbench--smartTableBillingRuns-header-inner\")]"}
RESULT: {"using":"xpath","value":"//span[contains(@id ,\"application-billingtransfer-display-component---billingWorkbench--smartTableBillingRuns-header-inner\")]"}
COMMAND: POST /session/e8ae643ad1a7d9f9ee71b330bca2e34d/execute/sync - {"script":"<script> [56 bytes]","args":[{"element-6066-11e4-a52e-4f735466cecf":"f.804597995EEA20368E99A2927B0C1762.d.F9CFAC3A40BA15F039F311A32CD9E60B.e.20810","ELEMENT":"f.804597995EEA20368E99A2927B0C1762.d.F9CFAC3A40BA15F039F311A32CD9E60B.e.20810"}]}
RESULT: {"script":"<script> [56 bytes]","args":[{"element-6066-11e4-a52e-4f735466cecf":"f.804597995EEA20368E99A2927B0C1762.d.F9CFAC3A40BA15F039F311A32CD9E60B.e.20810","ELEMENT":"f.804597995EEA20368E99A2927B0C1762.d.F9CFAC3A40BA15F039F311A32CD9E60B.e.20810"}]}
COMMAND: POST /session/e8ae643ad1a7d9f9ee71b330bca2e34d/element - {"using":"css selector","value":"#shell-header-logo"}
COMMAND: GET /session/e8ae643ad1a7d9f9ee71b330bca2e34d/screenshot - {}
RESULT: {"using":"css selector","value":"#shell-header-logo"}
COMMAND: POST /session/e8ae643ad1a7d9f9ee71b330bca2e34d/element/f.804597995EEA20368E99A2927B0C1762.d.F9CFAC3A40BA15F039F311A32CD9E60B.e.20616/click - {}
RESULT: {}
RESULT: {}
COMMAND: GET /session/e8ae643ad1a7d9f9ee71b330bca2e34d/screenshot - {}
RESULT: {}
COMMAND: DELETE /session/e8ae643ad1a7d9f9ee71b330bca2e34d - {}
RESULT: {}
]]></system-out>
    </testcase>
  </testsuite>
</testsuites>