<?xml version="1.0" encoding="UTF-8"?>
<testsuites tests="53" failures="24" errors="24" skipped="0">
  <testsuite timestamp="2025-06-04T17:17:57" time="281.79" tests="5" failures="0" errors="0" skipped="0">
    <properties>
      <property name="specId" value="0" />
      <property name="suiteName" value="Tests for DXCW CAE environment, including specific login to the system US" />
      <property name="capabilities" value="chrome.137_0_7151_56.windows" />
      <property name="file" value="file:///D:/a/1/s/test/specs/BTS/dxcw-cae.spec.js" />
    </properties>
    <testcase classname="chrome.137_0_7151_56.windows.Tests_for_DXCW_CAE_environment,_including_specific_login_to_the_system_US" name="Should login to the DXCW CAE env US156289" time="27.353">
      <system-out><![CDATA[
COMMAND: POST /session/153c6080784a3c0ed5a7a3a51a23aea7/url - {"url":"https://qa-testing-00-live-dxcw-portal.cfapps.eu10-004.hana.ondemand.com/"}
RESULT: {"url":"https://qa-testing-00-live-dxcw-portal.cfapps.eu10-004.hana.ondemand.com/"}
COMMAND: GET /session/153c6080784a3c0ed5a7a3a51a23aea7/screenshot - {}
RESULT: {}
COMMAND: POST /session/153c6080784a3c0ed5a7a3a51a23aea7/element - {"using":"xpath","value":"//input[@id = \"j_username\"]"}
RESULT: {"using":"xpath","value":"//input[@id = \"j_username\"]"}
COMMAND: POST /session/153c6080784a3c0ed5a7a3a51a23aea7/execute/sync - {"script":"<script> [8489 bytes]","args":[{"element-6066-11e4-a52e-4f735466cecf":"f.2D07FE98EF058A5017333A18E496C5C8.d.308C9AC21C0E0BD2238CFFE5DC4867D1.e.39","ELEMENT":"f.2D07FE98EF058A5017333A18E496C5C8.d.308C9AC21C0E0BD2238CFFE5DC4867D1.e.39"}]}
RESULT: {"script":"<script> [8489 bytes]","args":[{"element-6066-11e4-a52e-4f735466cecf":"f.2D07FE98EF058A5017333A18E496C5C8.d.308C9AC21C0E0BD2238CFFE5DC4867D1.e.39","ELEMENT":"f.2D07FE98EF058A5017333A18E496C5C8.d.308C9AC21C0E0BD2238CFFE5DC4867D1.e.39"}]}
COMMAND: POST /session/153c6080784a3c0ed5a7a3a51a23aea7/element - {"using":"xpath","value":"//input[@id = \"j_username\"]"}
COMMAND: GET /session/153c6080784a3c0ed5a7a3a51a23aea7/screenshot - {}
RESULT: {"using":"xpath","value":"//input[@id = \"j_username\"]"}
COMMAND: POST /session/153c6080784a3c0ed5a7a3a51a23aea7/element/f.2D07FE98EF058A5017333A18E496C5C8.d.308C9AC21C0E0BD2238CFFE5DC4867D1.e.39/clear - {}
RESULT: {}
RESULT: {}
COMMAND: POST /session/153c6080784a3c0ed5a7a3a51a23aea7/element/f.2D07FE98EF058A5017333A18E496C5C8.d.308C9AC21C0E0BD2238CFFE5DC4867D1.e.39/value - {"text":"test1etm@bearingpoint.com"}
COMMAND: GET /session/153c6080784a3c0ed5a7a3a51a23aea7/screenshot - {}
RESULT: {"text":"test1etm@bearingpoint.com"}
COMMAND: POST /session/153c6080784a3c0ed5a7a3a51a23aea7/element - {"using":"xpath","value":"//input[@id = \"j_password\"]"}
COMMAND: GET /session/153c6080784a3c0ed5a7a3a51a23aea7/screenshot - {}
RESULT: {}
RESULT: {"using":"xpath","value":"//input[@id = \"j_password\"]"}
COMMAND: POST /session/153c6080784a3c0ed5a7a3a51a23aea7/element/f.2D07FE98EF058A5017333A18E496C5C8.d.308C9AC21C0E0BD2238CFFE5DC4867D1.e.41/clear - {}
RESULT: {}
RESULT: {}
COMMAND: POST /session/153c6080784a3c0ed5a7a3a51a23aea7/element/f.2D07FE98EF058A5017333A18E496C5C8.d.308C9AC21C0E0BD2238CFFE5DC4867D1.e.41/value - {"text":"ETM.next2024"}
COMMAND: GET /session/153c6080784a3c0ed5a7a3a51a23aea7/screenshot - {}
RESULT: {"text":"ETM.next2024"}
COMMAND: GET /session/153c6080784a3c0ed5a7a3a51a23aea7/screenshot - {}
RESULT: {}
RESULT: {}
COMMAND: POST /session/153c6080784a3c0ed5a7a3a51a23aea7/element - {"using":"css selector","value":"button[type=\"submit\"]"}
RESULT: {"using":"css selector","value":"button[type=\"submit\"]"}
COMMAND: POST /session/153c6080784a3c0ed5a7a3a51a23aea7/element/f.2D07FE98EF058A5017333A18E496C5C8.d.308C9AC21C0E0BD2238CFFE5DC4867D1.e.62/click - {}
RESULT: {}
COMMAND: POST /session/153c6080784a3c0ed5a7a3a51a23aea7/element - {"using":"xpath","value":"//a[contains(@aria-label,\"Migration Service\")]"}
COMMAND: GET /session/153c6080784a3c0ed5a7a3a51a23aea7/screenshot - {}
RESULT: {"using":"xpath","value":"//a[contains(@aria-label,\"Migration Service\")]"}
COMMAND: POST /session/153c6080784a3c0ed5a7a3a51a23aea7/execute/sync - {"script":"<script> [8489 bytes]","args":[{"element-6066-11e4-a52e-4f735466cecf":"f.2D07FE98EF058A5017333A18E496C5C8.d.DB3D9FBC02382BF5F0C442B9F606A473.e.78","ELEMENT":"f.2D07FE98EF058A5017333A18E496C5C8.d.DB3D9FBC02382BF5F0C442B9F606A473.e.78"}]}
RESULT: {}
RESULT: {"script":"<script> [8489 bytes]","args":[{"element-6066-11e4-a52e-4f735466cecf":"f.2D07FE98EF058A5017333A18E496C5C8.d.DB3D9FBC02382BF5F0C442B9F606A473.e.78","ELEMENT":"f.2D07FE98EF058A5017333A18E496C5C8.d.DB3D9FBC02382BF5F0C442B9F606A473.e.78"}]}
COMMAND: POST /session/153c6080784a3c0ed5a7a3a51a23aea7/execute/sync - {"script":"<script> [8489 bytes]","args":[{"element-6066-11e4-a52e-4f735466cecf":"f.2D07FE98EF058A5017333A18E496C5C8.d.DB3D9FBC02382BF5F0C442B9F606A473.e.78","ELEMENT":"f.2D07FE98EF058A5017333A18E496C5C8.d.DB3D9FBC02382BF5F0C442B9F606A473.e.78"}]}
COMMAND: GET /session/153c6080784a3c0ed5a7a3a51a23aea7/screenshot - {}
RESULT: {"script":"<script> [8489 bytes]","args":[{"element-6066-11e4-a52e-4f735466cecf":"f.2D07FE98EF058A5017333A18E496C5C8.d.DB3D9FBC02382BF5F0C442B9F606A473.e.78","ELEMENT":"f.2D07FE98EF058A5017333A18E496C5C8.d.DB3D9FBC02382BF5F0C442B9F606A473.e.78"}]}
COMMAND: POST /session/153c6080784a3c0ed5a7a3a51a23aea7/window/fullscreen - {}
COMMAND: GET /session/153c6080784a3c0ed5a7a3a51a23aea7/screenshot - {}
RESULT: {}
RESULT: {}
COMMAND: POST /session/153c6080784a3c0ed5a7a3a51a23aea7/execute/async - {"script":"<script> [189 bytes]","args":[]}
RESULT: {}
RESULT: {"script":"<script> [189 bytes]","args":[]}
COMMAND: POST /session/153c6080784a3c0ed5a7a3a51a23aea7/execute/async - {"script":"<script> [123 bytes]","args":[]}
RESULT: {"script":"<script> [123 bytes]","args":[]}
COMMAND: POST /session/153c6080784a3c0ed5a7a3a51a23aea7/timeouts - {"script":"<number>"}
RESULT: {"script":"<number>"}
COMMAND: GET /session/153c6080784a3c0ed5a7a3a51a23aea7/timeouts - {}
RESULT: {}
COMMAND: POST /session/153c6080784a3c0ed5a7a3a51a23aea7/execute/async - {"script":"<script> [78 bytes]","args":[]}
RESULT: {"script":"<script> [78 bytes]","args":[]}
RESULT: undefined
COMMAND: POST /session/153c6080784a3c0ed5a7a3a51a23aea7/execute/async - {"script":"<script> [2676 bytes]","args":[]}
RESULT: {"script":"<script> [2676 bytes]","args":[]}
COMMAND: POST /session/153c6080784a3c0ed5a7a3a51a23aea7/execute/async - {"script":"<script> [2342 bytes]","args":[{"protocol":"http","hostname":"0.0.0.0","path":"/","capabilities":{"browserName":"chrome","goog:chromeOptions":{"binary":"C:\\Program Files\\Google\\Chrome\\Application\\chrome.exe","args":["--start-maximized"]}},"logLevel":"warn","connectionRetryTimeout":120000,"connectionRetryCount":3,"logLevels":{},"enableDirectConnect":true,"strictSSL":true,"_":"65 more keys: [\"cacheDir\",\"port\",\"requestedCapabilities\",\"automationProtocol\",\"baseUrl\",\"waitforInterval\",\"waitforTimeout\",\"onReload\",\"beforeCommand\",\"afterCommand\",\"rootDir\",\"specs\",\"suites\",\"exclude\",\"groupLogsByTestSpec\",\"excludeDriverLogs\",\"bail\",\"framework\",\"reporters\",\"services\",\"maxInstances\",\"maxInstancesPerCapability\",\"injectGlobals\",\"filesToWatch\",\"execArgv\",\"runnerEnv\",\"runner\",\"shard\",\"specFileRetries\",\"specFileRetriesDelay\",\"specFileRetriesDeferred\",\"reporterSyncInterval\",\"reporterSyncTimeout\",\"cucumberFeaturesWithLineNumbers\",\"autoCompileOpts\",\"mochaOpts\",\"jasmineOpts\",\"cucumberOpts\",\"onPrepare\",\"onWorkerStart\",\"onWorkerEnd\",\"before\",\"beforeSession\",\"beforeSuite\",\"beforeHook\",\"beforeTest\",\"afterTest\",\"afterHook\",\"afterSuite\",\"afterSession\",\"after\",\"onComplete\",\"beforeAssertion\",\"afterAssertion\",\"beforeFeature\",\"beforeScenario\",\"beforeStep\",\"afterStep\",\"afterScenario\",\"afterFeature\",\"_\",\"suite\",\"$0\",\"ignoredWorkerServices\",\"wdi5\"]"}]}
RESULT: {"script":"<script> [2342 bytes]","args":[{"protocol":"http","hostname":"0.0.0.0","path":"/","capabilities":{"browserName":"chrome","goog:chromeOptions":{"binary":"C:\\Program Files\\Google\\Chrome\\Application\\chrome.exe","args":["--start-maximized"]}},"logLevel":"warn","connectionRetryTimeout":120000,"connectionRetryCount":3,"logLevels":{},"enableDirectConnect":true,"strictSSL":true,"_":"65 more keys: [\"cacheDir\",\"port\",\"requestedCapabilities\",\"automationProtocol\",\"baseUrl\",\"waitforInterval\",\"waitforTimeout\",\"onReload\",\"beforeCommand\",\"afterCommand\",\"rootDir\",\"specs\",\"suites\",\"exclude\",\"groupLogsByTestSpec\",\"excludeDriverLogs\",\"bail\",\"framework\",\"reporters\",\"services\",\"maxInstances\",\"maxInstancesPerCapability\",\"injectGlobals\",\"filesToWatch\",\"execArgv\",\"runnerEnv\",\"runner\",\"shard\",\"specFileRetries\",\"specFileRetriesDelay\",\"specFileRetriesDeferred\",\"reporterSyncInterval\",\"reporterSyncTimeout\",\"cucumberFeaturesWithLineNumbers\",\"autoCompileOpts\",\"mochaOpts\",\"jasmineOpts\",\"cucumberOpts\",\"onPrepare\",\"onWorkerStart\",\"onWorkerEnd\",\"before\",\"beforeSession\",\"beforeSuite\",\"beforeHook\",\"beforeTest\",\"afterTest\",\"afterHook\",\"afterSuite\",\"afterSession\",\"after\",\"onComplete\",\"beforeAssertion\",\"afterAssertion\",\"beforeFeature\",\"beforeScenario\",\"beforeStep\",\"afterStep\",\"afterScenario\",\"afterFeature\",\"_\",\"suite\",\"$0\",\"ignoredWorkerServices\",\"wdi5\"]"}]}
COMMAND: POST /session/153c6080784a3c0ed5a7a3a51a23aea7/execute/async - {"script":"<script> [21126 bytes]","args":[35000]}
RESULT: {"script":"<script> [21126 bytes]","args":[35000]}
]]></system-out>
    </testcase>
    <testcase classname="chrome.137_0_7151_56.windows.Tests_for_DXCW_CAE_environment,_including_specific_login_to_the_system_US" name="Should upload address file entry used for later tests as master data US156291" time="80.158">
      <system-out><![CDATA[
COMMAND: POST /session/153c6080784a3c0ed5a7a3a51a23aea7/execute/async - {"script":"<script> [1562 bytes]","args":[{"selector":{"controlType":"sap.m.GenericTile","properties":{"header":"Migration Service"}},"wdio_ui5_key":"sapm.GenericTile{\"header\":\"Migration Service\"}"}]}
RESULT: {"script":"<script> [1562 bytes]","args":[{"selector":{"controlType":"sap.m.GenericTile","properties":{"header":"Migration Service"}},"wdio_ui5_key":"sapm.GenericTile{\"header\":\"Migration Service\"}"}]}
RESULT: undefined
COMMAND: POST /session/153c6080784a3c0ed5a7a3a51a23aea7/element - {"using":"xpath","value":"//*[@id=\"__tile25\"]"}
RESULT: {"using":"xpath","value":"//*[@id=\"__tile25\"]"}
COMMAND: POST /session/153c6080784a3c0ed5a7a3a51a23aea7/element/f.2D07FE98EF058A5017333A18E496C5C8.d.DB3D9FBC02382BF5F0C442B9F606A473.e.123/click - {}
RESULT: {}
COMMAND: GET /session/153c6080784a3c0ed5a7a3a51a23aea7/screenshot - {}
RESULT: {}
RESULT: undefined
RESULT: undefined
RESULT: undefined
RESULT: undefined
RESULT: undefined
COMMAND: POST /session/153c6080784a3c0ed5a7a3a51a23aea7/elements - {"using":"xpath","value":"//span[text()='Error']"}
RESULT: {"using":"xpath","value":"//span[text()='Error']"}
COMMAND: POST /session/153c6080784a3c0ed5a7a3a51a23aea7/execute/async - {"script":"<script> [1562 bytes]","args":[{"selector":{"controlType":"sap.m.GenericTile","viewName":"bbs.dxcw.migration.view.Home","i18NText":{"propertyName":"header","key":"migrationService"}},"wdio_ui5_key":"bbsdxcw.migration.view.Homesap.m.GenericTile{\"propertyName\":\"header\",\"key\":\"migrationService\"}"}]}
RESULT: {"script":"<script> [1562 bytes]","args":[{"selector":{"controlType":"sap.m.GenericTile","viewName":"bbs.dxcw.migration.view.Home","i18NText":{"propertyName":"header","key":"migrationService"}},"wdio_ui5_key":"bbsdxcw.migration.view.Homesap.m.GenericTile{\"propertyName\":\"header\",\"key\":\"migrationService\"}"}]}
RESULT: undefined
COMMAND: POST /session/153c6080784a3c0ed5a7a3a51a23aea7/element - {"using":"xpath","value":"//*[@id=\"__tile26\"]"}
RESULT: {"using":"xpath","value":"//*[@id=\"__tile26\"]"}
COMMAND: POST /session/153c6080784a3c0ed5a7a3a51a23aea7/element/f.2D07FE98EF058A5017333A18E496C5C8.d.DB3D9FBC02382BF5F0C442B9F606A473.e.127/click - {}
RESULT: {}
COMMAND: GET /session/153c6080784a3c0ed5a7a3a51a23aea7/screenshot - {}
RESULT: {}
COMMAND: POST /session/153c6080784a3c0ed5a7a3a51a23aea7/element - {"using":"xpath","value":"//bdi[contains(text(), \"Create new Draft\")]"}
RESULT: {"using":"xpath","value":"//bdi[contains(text(), \"Create new Draft\")]"}
COMMAND: POST /session/153c6080784a3c0ed5a7a3a51a23aea7/elements - {"using":"xpath","value":"//bdi[contains(text(), \"Create new Draft\")]"}
RESULT: {"using":"xpath","value":"//bdi[contains(text(), \"Create new Draft\")]"}
COMMAND: POST /session/153c6080784a3c0ed5a7a3a51a23aea7/execute/sync - {"script":"<script> [8489 bytes]","args":[{"element-6066-11e4-a52e-4f735466cecf":"f.2D07FE98EF058A5017333A18E496C5C8.d.DB3D9FBC02382BF5F0C442B9F606A473.e.147","ELEMENT":"f.2D07FE98EF058A5017333A18E496C5C8.d.DB3D9FBC02382BF5F0C442B9F606A473.e.147"}]}
RESULT: {"script":"<script> [8489 bytes]","args":[{"element-6066-11e4-a52e-4f735466cecf":"f.2D07FE98EF058A5017333A18E496C5C8.d.DB3D9FBC02382BF5F0C442B9F606A473.e.147","ELEMENT":"f.2D07FE98EF058A5017333A18E496C5C8.d.DB3D9FBC02382BF5F0C442B9F606A473.e.147"}]}
COMMAND: GET /session/153c6080784a3c0ed5a7a3a51a23aea7/element/f.2D07FE98EF058A5017333A18E496C5C8.d.DB3D9FBC02382BF5F0C442B9F606A473.e.147/enabled - {}
COMMAND: GET /session/153c6080784a3c0ed5a7a3a51a23aea7/screenshot - {}
RESULT: {}
COMMAND: POST /session/153c6080784a3c0ed5a7a3a51a23aea7/execute/sync - {"script":"<script> [8489 bytes]","args":[{"element-6066-11e4-a52e-4f735466cecf":"f.2D07FE98EF058A5017333A18E496C5C8.d.DB3D9FBC02382BF5F0C442B9F606A473.e.147","ELEMENT":"f.2D07FE98EF058A5017333A18E496C5C8.d.DB3D9FBC02382BF5F0C442B9F606A473.e.147"}]}
COMMAND: GET /session/153c6080784a3c0ed5a7a3a51a23aea7/screenshot - {}
RESULT: {}
RESULT: {"script":"<script> [8489 bytes]","args":[{"element-6066-11e4-a52e-4f735466cecf":"f.2D07FE98EF058A5017333A18E496C5C8.d.DB3D9FBC02382BF5F0C442B9F606A473.e.147","ELEMENT":"f.2D07FE98EF058A5017333A18E496C5C8.d.DB3D9FBC02382BF5F0C442B9F606A473.e.147"}]}
COMMAND: POST /session/153c6080784a3c0ed5a7a3a51a23aea7/execute/sync - {"script":"<script> [5351 bytes]","args":[{"element-6066-11e4-a52e-4f735466cecf":"f.2D07FE98EF058A5017333A18E496C5C8.d.DB3D9FBC02382BF5F0C442B9F606A473.e.147","ELEMENT":"f.2D07FE98EF058A5017333A18E496C5C8.d.DB3D9FBC02382BF5F0C442B9F606A473.e.147"}]}
COMMAND: GET /session/153c6080784a3c0ed5a7a3a51a23aea7/screenshot - {}
RESULT: {}
RESULT: {"script":"<script> [5351 bytes]","args":[{"element-6066-11e4-a52e-4f735466cecf":"f.2D07FE98EF058A5017333A18E496C5C8.d.DB3D9FBC02382BF5F0C442B9F606A473.e.147","ELEMENT":"f.2D07FE98EF058A5017333A18E496C5C8.d.DB3D9FBC02382BF5F0C442B9F606A473.e.147"}]}
COMMAND: GET /session/153c6080784a3c0ed5a7a3a51a23aea7/screenshot - {}
RESULT: {}
RESULT: {}
COMMAND: POST /session/153c6080784a3c0ed5a7a3a51a23aea7/element - {"using":"xpath","value":"//bdi[contains(text(), \"Create new Draft\")]"}
RESULT: {"using":"xpath","value":"//bdi[contains(text(), \"Create new Draft\")]"}
COMMAND: POST /session/153c6080784a3c0ed5a7a3a51a23aea7/element/f.2D07FE98EF058A5017333A18E496C5C8.d.DB3D9FBC02382BF5F0C442B9F606A473.e.147/click - {}
RESULT: {}
COMMAND: GET /session/153c6080784a3c0ed5a7a3a51a23aea7/screenshot - {}
RESULT: {}
COMMAND: POST /session/153c6080784a3c0ed5a7a3a51a23aea7/element - {"using":"xpath","value":"//li[.//div[text()=\"Address\"]]"}
RESULT: {"using":"xpath","value":"//li[.//div[text()=\"Address\"]]"}
COMMAND: POST /session/153c6080784a3c0ed5a7a3a51a23aea7/element/f.2D07FE98EF058A5017333A18E496C5C8.d.DB3D9FBC02382BF5F0C442B9F606A473.e.295/click - {}
RESULT: {}
COMMAND: GET /session/153c6080784a3c0ed5a7a3a51a23aea7/screenshot - {}
COMMAND: POST /session/153c6080784a3c0ed5a7a3a51a23aea7/file - {"file":"[base64] 7084 bytes"}
RESULT: {}
RESULT: {"file":"[base64] 7084 bytes"}
COMMAND: POST /session/153c6080784a3c0ed5a7a3a51a23aea7/element - {"using":"xpath","value":"//input[(@type=\"file\") and contains(@id,\"BOList-10-0-1-uploader-fu\")]"}
RESULT: {"using":"xpath","value":"//input[(@type=\"file\") and contains(@id,\"BOList-10-0-1-uploader-fu\")]"}
COMMAND: POST /session/153c6080784a3c0ed5a7a3a51a23aea7/element/f.2D07FE98EF058A5017333A18E496C5C8.d.DB3D9FBC02382BF5F0C442B9F606A473.e.297/clear - {}
RESULT: {}
COMMAND: POST /session/153c6080784a3c0ed5a7a3a51a23aea7/element/f.2D07FE98EF058A5017333A18E496C5C8.d.DB3D9FBC02382BF5F0C442B9F606A473.e.297/value - {"text":"C:\\Windows\\SystemTemp\\scoped_dir1680_1471655215\\upload1680_574131654\\Address.xlsx"}
COMMAND: GET /session/153c6080784a3c0ed5a7a3a51a23aea7/screenshot - {}
RESULT: {"text":"C:\\Windows\\SystemTemp\\scoped_dir1680_1471655215\\upload1680_574131654\\Address.xlsx"}
COMMAND: GET /session/153c6080784a3c0ed5a7a3a51a23aea7/screenshot - {}
RESULT: {}
RESULT: {}
COMMAND: POST /session/153c6080784a3c0ed5a7a3a51a23aea7/element - {"using":"xpath","value":"//bdi[contains(text(), \"Match by name\")]"}
RESULT: {"using":"xpath","value":"//bdi[contains(text(), \"Match by name\")]"}
COMMAND: POST /session/153c6080784a3c0ed5a7a3a51a23aea7/element/f.2D07FE98EF058A5017333A18E496C5C8.d.DB3D9FBC02382BF5F0C442B9F606A473.e.311/click - {}
RESULT: {}
COMMAND: GET /session/153c6080784a3c0ed5a7a3a51a23aea7/screenshot - {}
RESULT: {}
COMMAND: POST /session/153c6080784a3c0ed5a7a3a51a23aea7/element - {"using":"xpath","value":"//bdi[text() = \"OK\"]"}
RESULT: {"using":"xpath","value":"//bdi[text() = \"OK\"]"}
COMMAND: POST /session/153c6080784a3c0ed5a7a3a51a23aea7/element/f.2D07FE98EF058A5017333A18E496C5C8.d.DB3D9FBC02382BF5F0C442B9F606A473.e.312/click - {}
RESULT: {}
COMMAND: GET /session/153c6080784a3c0ed5a7a3a51a23aea7/screenshot - {}
RESULT: {}
COMMAND: POST /session/153c6080784a3c0ed5a7a3a51a23aea7/element - {"using":"xpath","value":"//button[contains(@id,\"uploadBtn\")]"}
RESULT: {"using":"xpath","value":"//button[contains(@id,\"uploadBtn\")]"}
COMMAND: POST /session/153c6080784a3c0ed5a7a3a51a23aea7/element/f.2D07FE98EF058A5017333A18E496C5C8.d.DB3D9FBC02382BF5F0C442B9F606A473.e.193/click - {}
RESULT: {}
COMMAND: GET /session/153c6080784a3c0ed5a7a3a51a23aea7/screenshot - {}
RESULT: {}
COMMAND: POST /session/153c6080784a3c0ed5a7a3a51a23aea7/element - {"using":"xpath","value":"//button[.//bdi[contains(text(),\"Refresh Logs\")]]"}
RESULT: {"using":"xpath","value":"//button[.//bdi[contains(text(),\"Refresh Logs\")]]"}
COMMAND: POST /session/153c6080784a3c0ed5a7a3a51a23aea7/element/f.2D07FE98EF058A5017333A18E496C5C8.d.DB3D9FBC02382BF5F0C442B9F606A473.e.321/click - {}
RESULT: {}
COMMAND: GET /session/153c6080784a3c0ed5a7a3a51a23aea7/screenshot - {}
RESULT: {}
COMMAND: POST /session/153c6080784a3c0ed5a7a3a51a23aea7/element - {"using":"xpath","value":"//table[contains(@id,\"customHandoversTable-listUl\")]/tbody/tr[1]/td[4]/span"}
RESULT: {"using":"xpath","value":"//table[contains(@id,\"customHandoversTable-listUl\")]/tbody/tr[1]/td[4]/span"}
COMMAND: POST /session/153c6080784a3c0ed5a7a3a51a23aea7/execute/sync - {"script":"<script> [56 bytes]","args":[{"element-6066-11e4-a52e-4f735466cecf":"f.2D07FE98EF058A5017333A18E496C5C8.d.DB3D9FBC02382BF5F0C442B9F606A473.e.612","ELEMENT":"f.2D07FE98EF058A5017333A18E496C5C8.d.DB3D9FBC02382BF5F0C442B9F606A473.e.612"}]}
RESULT: {"script":"<script> [56 bytes]","args":[{"element-6066-11e4-a52e-4f735466cecf":"f.2D07FE98EF058A5017333A18E496C5C8.d.DB3D9FBC02382BF5F0C442B9F606A473.e.612","ELEMENT":"f.2D07FE98EF058A5017333A18E496C5C8.d.DB3D9FBC02382BF5F0C442B9F606A473.e.612"}]}
COMMAND: POST /session/153c6080784a3c0ed5a7a3a51a23aea7/element - {"using":"xpath","value":"//table[contains(@id,\"customHandoversTable-listUl\")]/tbody/tr[1]/td[7]/div/span[2]"}
COMMAND: GET /session/153c6080784a3c0ed5a7a3a51a23aea7/screenshot - {}
RESULT: {"using":"xpath","value":"//table[contains(@id,\"customHandoversTable-listUl\")]/tbody/tr[1]/td[7]/div/span[2]"}
COMMAND: POST /session/153c6080784a3c0ed5a7a3a51a23aea7/execute/sync - {"script":"<script> [56 bytes]","args":[{"element-6066-11e4-a52e-4f735466cecf":"f.2D07FE98EF058A5017333A18E496C5C8.d.DB3D9FBC02382BF5F0C442B9F606A473.e.613","ELEMENT":"f.2D07FE98EF058A5017333A18E496C5C8.d.DB3D9FBC02382BF5F0C442B9F606A473.e.613"}]}
RESULT: {}
RESULT: {"script":"<script> [56 bytes]","args":[{"element-6066-11e4-a52e-4f735466cecf":"f.2D07FE98EF058A5017333A18E496C5C8.d.DB3D9FBC02382BF5F0C442B9F606A473.e.613","ELEMENT":"f.2D07FE98EF058A5017333A18E496C5C8.d.DB3D9FBC02382BF5F0C442B9F606A473.e.613"}]}
COMMAND: POST /session/153c6080784a3c0ed5a7a3a51a23aea7/element - {"using":"xpath","value":"//table[contains(@id,\"customHandoversTable-listUl\")]/tbody/tr[1]/td[8]/div/span[2]"}
COMMAND: GET /session/153c6080784a3c0ed5a7a3a51a23aea7/screenshot - {}
RESULT: {"using":"xpath","value":"//table[contains(@id,\"customHandoversTable-listUl\")]/tbody/tr[1]/td[8]/div/span[2]"}
COMMAND: POST /session/153c6080784a3c0ed5a7a3a51a23aea7/execute/sync - {"script":"<script> [56 bytes]","args":[{"element-6066-11e4-a52e-4f735466cecf":"f.2D07FE98EF058A5017333A18E496C5C8.d.DB3D9FBC02382BF5F0C442B9F606A473.e.616","ELEMENT":"f.2D07FE98EF058A5017333A18E496C5C8.d.DB3D9FBC02382BF5F0C442B9F606A473.e.616"}]}
RESULT: {}
RESULT: {"script":"<script> [56 bytes]","args":[{"element-6066-11e4-a52e-4f735466cecf":"f.2D07FE98EF058A5017333A18E496C5C8.d.DB3D9FBC02382BF5F0C442B9F606A473.e.616","ELEMENT":"f.2D07FE98EF058A5017333A18E496C5C8.d.DB3D9FBC02382BF5F0C442B9F606A473.e.616"}]}
COMMAND: GET /session/153c6080784a3c0ed5a7a3a51a23aea7/screenshot - {}
RESULT: {}
COMMAND: POST /session/153c6080784a3c0ed5a7a3a51a23aea7/execute/async - {"script":"<script> [1562 bytes]","args":[{"selector":{"controlType":"sap.ui.core.Icon","viewName":"bbs.dxcw.migration.view.migration.MigrationMaster","properties":{"src":{"regex":{"source":"notes"}}}},"wdio_ui5_key":"bbsdxcw.migration.view.migration.MigrationMastersap.ui.core.Icon{\"src\":{\"regex\":{\"source\":\"notes\"}}}"}]}
RESULT: {"script":"<script> [1562 bytes]","args":[{"selector":{"controlType":"sap.ui.core.Icon","viewName":"bbs.dxcw.migration.view.migration.MigrationMaster","properties":{"src":{"regex":{"source":"notes"}}}},"wdio_ui5_key":"bbsdxcw.migration.view.migration.MigrationMastersap.ui.core.Icon{\"src\":{\"regex\":{\"source\":\"notes\"}}}"}]}
RESULT: undefined
COMMAND: POST /session/153c6080784a3c0ed5a7a3a51a23aea7/element - {"using":"xpath","value":"//*[@id=\"__filter0-icon\"]"}
RESULT: {"using":"xpath","value":"//*[@id=\"__filter0-icon\"]"}
COMMAND: POST /session/153c6080784a3c0ed5a7a3a51a23aea7/element/f.2D07FE98EF058A5017333A18E496C5C8.d.DB3D9FBC02382BF5F0C442B9F606A473.e.617/click - {}
RESULT: {}
COMMAND: GET /session/153c6080784a3c0ed5a7a3a51a23aea7/screenshot - {}
RESULT: {}
]]></system-out>
    </testcase>
    <testcase classname="chrome.137_0_7151_56.windows.Tests_for_DXCW_CAE_environment,_including_specific_login_to_the_system_US" name="Should upload yard file entry used for later tests as master data US156291" time="50.358">
      <system-out><![CDATA[
COMMAND: POST /session/153c6080784a3c0ed5a7a3a51a23aea7/element - {"using":"xpath","value":"//bdi[contains(text(), \"Create new Draft\")]"}
RESULT: {"using":"xpath","value":"//bdi[contains(text(), \"Create new Draft\")]"}
COMMAND: POST /session/153c6080784a3c0ed5a7a3a51a23aea7/element/f.2D07FE98EF058A5017333A18E496C5C8.d.DB3D9FBC02382BF5F0C442B9F606A473.e.621/click - {}
RESULT: {}
COMMAND: GET /session/153c6080784a3c0ed5a7a3a51a23aea7/screenshot - {}
RESULT: {}
COMMAND: POST /session/153c6080784a3c0ed5a7a3a51a23aea7/element - {"using":"xpath","value":"//li[.//div[text()=\"Yards\"]]"}
RESULT: {"using":"xpath","value":"//li[.//div[text()=\"Yards\"]]"}
COMMAND: POST /session/153c6080784a3c0ed5a7a3a51a23aea7/element/f.2D07FE98EF058A5017333A18E496C5C8.d.DB3D9FBC02382BF5F0C442B9F606A473.e.754/click - {}
RESULT: {}
COMMAND: GET /session/153c6080784a3c0ed5a7a3a51a23aea7/screenshot - {}
COMMAND: POST /session/153c6080784a3c0ed5a7a3a51a23aea7/file - {"file":"[base64] 6812 bytes"}
RESULT: {}
RESULT: {"file":"[base64] 6812 bytes"}
COMMAND: POST /session/153c6080784a3c0ed5a7a3a51a23aea7/element - {"using":"xpath","value":"//input[(@type=\"file\") and contains(@id,\"BOList-15-0-1-uploader-fu\")]"}
RESULT: {"using":"xpath","value":"//input[(@type=\"file\") and contains(@id,\"BOList-15-0-1-uploader-fu\")]"}
COMMAND: POST /session/153c6080784a3c0ed5a7a3a51a23aea7/element/f.2D07FE98EF058A5017333A18E496C5C8.d.DB3D9FBC02382BF5F0C442B9F606A473.e.759/clear - {}
RESULT: {}
COMMAND: POST /session/153c6080784a3c0ed5a7a3a51a23aea7/element/f.2D07FE98EF058A5017333A18E496C5C8.d.DB3D9FBC02382BF5F0C442B9F606A473.e.759/value - {"text":"C:\\Windows\\SystemTemp\\scoped_dir1680_1471655215\\upload1680_1552906821\\Yards.xlsx"}
COMMAND: GET /session/153c6080784a3c0ed5a7a3a51a23aea7/screenshot - {}
RESULT: {"text":"C:\\Windows\\SystemTemp\\scoped_dir1680_1471655215\\upload1680_1552906821\\Yards.xlsx"}
COMMAND: GET /session/153c6080784a3c0ed5a7a3a51a23aea7/screenshot - {}
RESULT: {}
RESULT: {}
COMMAND: POST /session/153c6080784a3c0ed5a7a3a51a23aea7/element - {"using":"xpath","value":"//bdi[contains(text(), \"Match by name\")]"}
RESULT: {"using":"xpath","value":"//bdi[contains(text(), \"Match by name\")]"}
COMMAND: POST /session/153c6080784a3c0ed5a7a3a51a23aea7/element/f.2D07FE98EF058A5017333A18E496C5C8.d.DB3D9FBC02382BF5F0C442B9F606A473.e.767/click - {}
RESULT: {}
COMMAND: GET /session/153c6080784a3c0ed5a7a3a51a23aea7/screenshot - {}
RESULT: {}
COMMAND: POST /session/153c6080784a3c0ed5a7a3a51a23aea7/element - {"using":"xpath","value":"//bdi[text() = \"OK\"]"}
RESULT: {"using":"xpath","value":"//bdi[text() = \"OK\"]"}
COMMAND: POST /session/153c6080784a3c0ed5a7a3a51a23aea7/element/f.2D07FE98EF058A5017333A18E496C5C8.d.DB3D9FBC02382BF5F0C442B9F606A473.e.768/click - {}
RESULT: {}
COMMAND: GET /session/153c6080784a3c0ed5a7a3a51a23aea7/screenshot - {}
RESULT: {}
COMMAND: POST /session/153c6080784a3c0ed5a7a3a51a23aea7/element - {"using":"xpath","value":"//button[contains(@id,\"uploadBtn\")]"}
RESULT: {"using":"xpath","value":"//button[contains(@id,\"uploadBtn\")]"}
COMMAND: POST /session/153c6080784a3c0ed5a7a3a51a23aea7/element/f.2D07FE98EF058A5017333A18E496C5C8.d.DB3D9FBC02382BF5F0C442B9F606A473.e.193/click - {}
RESULT: {}
COMMAND: GET /session/153c6080784a3c0ed5a7a3a51a23aea7/screenshot - {}
RESULT: {}
COMMAND: POST /session/153c6080784a3c0ed5a7a3a51a23aea7/element - {"using":"xpath","value":"//button[.//bdi[contains(text(),\"Refresh Logs\")]]"}
RESULT: {"using":"xpath","value":"//button[.//bdi[contains(text(),\"Refresh Logs\")]]"}
COMMAND: POST /session/153c6080784a3c0ed5a7a3a51a23aea7/element/f.2D07FE98EF058A5017333A18E496C5C8.d.DB3D9FBC02382BF5F0C442B9F606A473.e.775/click - {}
RESULT: {}
COMMAND: GET /session/153c6080784a3c0ed5a7a3a51a23aea7/screenshot - {}
RESULT: {}
COMMAND: POST /session/153c6080784a3c0ed5a7a3a51a23aea7/element - {"using":"xpath","value":"//table[contains(@id,\"customHandoversTable-listUl\")]/tbody/tr[1]/td[4]/span"}
RESULT: {"using":"xpath","value":"//table[contains(@id,\"customHandoversTable-listUl\")]/tbody/tr[1]/td[4]/span"}
COMMAND: POST /session/153c6080784a3c0ed5a7a3a51a23aea7/execute/sync - {"script":"<script> [56 bytes]","args":[{"element-6066-11e4-a52e-4f735466cecf":"f.2D07FE98EF058A5017333A18E496C5C8.d.DB3D9FBC02382BF5F0C442B9F606A473.e.1066","ELEMENT":"f.2D07FE98EF058A5017333A18E496C5C8.d.DB3D9FBC02382BF5F0C442B9F606A473.e.1066"}]}
RESULT: {"script":"<script> [56 bytes]","args":[{"element-6066-11e4-a52e-4f735466cecf":"f.2D07FE98EF058A5017333A18E496C5C8.d.DB3D9FBC02382BF5F0C442B9F606A473.e.1066","ELEMENT":"f.2D07FE98EF058A5017333A18E496C5C8.d.DB3D9FBC02382BF5F0C442B9F606A473.e.1066"}]}
COMMAND: POST /session/153c6080784a3c0ed5a7a3a51a23aea7/element - {"using":"xpath","value":"//table[contains(@id,\"customHandoversTable-listUl\")]/tbody/tr[1]/td[7]/div/span[2]"}
COMMAND: GET /session/153c6080784a3c0ed5a7a3a51a23aea7/screenshot - {}
RESULT: {"using":"xpath","value":"//table[contains(@id,\"customHandoversTable-listUl\")]/tbody/tr[1]/td[7]/div/span[2]"}
COMMAND: POST /session/153c6080784a3c0ed5a7a3a51a23aea7/execute/sync - {"script":"<script> [56 bytes]","args":[{"element-6066-11e4-a52e-4f735466cecf":"f.2D07FE98EF058A5017333A18E496C5C8.d.DB3D9FBC02382BF5F0C442B9F606A473.e.1067","ELEMENT":"f.2D07FE98EF058A5017333A18E496C5C8.d.DB3D9FBC02382BF5F0C442B9F606A473.e.1067"}]}
RESULT: {}
RESULT: {"script":"<script> [56 bytes]","args":[{"element-6066-11e4-a52e-4f735466cecf":"f.2D07FE98EF058A5017333A18E496C5C8.d.DB3D9FBC02382BF5F0C442B9F606A473.e.1067","ELEMENT":"f.2D07FE98EF058A5017333A18E496C5C8.d.DB3D9FBC02382BF5F0C442B9F606A473.e.1067"}]}
COMMAND: POST /session/153c6080784a3c0ed5a7a3a51a23aea7/element - {"using":"xpath","value":"//table[contains(@id,\"customHandoversTable-listUl\")]/tbody/tr[1]/td[8]/div/span[2]"}
COMMAND: GET /session/153c6080784a3c0ed5a7a3a51a23aea7/screenshot - {}
RESULT: {"using":"xpath","value":"//table[contains(@id,\"customHandoversTable-listUl\")]/tbody/tr[1]/td[8]/div/span[2]"}
COMMAND: POST /session/153c6080784a3c0ed5a7a3a51a23aea7/execute/sync - {"script":"<script> [56 bytes]","args":[{"element-6066-11e4-a52e-4f735466cecf":"f.2D07FE98EF058A5017333A18E496C5C8.d.DB3D9FBC02382BF5F0C442B9F606A473.e.1070","ELEMENT":"f.2D07FE98EF058A5017333A18E496C5C8.d.DB3D9FBC02382BF5F0C442B9F606A473.e.1070"}]}
RESULT: {}
RESULT: {"script":"<script> [56 bytes]","args":[{"element-6066-11e4-a52e-4f735466cecf":"f.2D07FE98EF058A5017333A18E496C5C8.d.DB3D9FBC02382BF5F0C442B9F606A473.e.1070","ELEMENT":"f.2D07FE98EF058A5017333A18E496C5C8.d.DB3D9FBC02382BF5F0C442B9F606A473.e.1070"}]}
COMMAND: GET /session/153c6080784a3c0ed5a7a3a51a23aea7/screenshot - {}
RESULT: {}
RESULT: undefined
COMMAND: POST /session/153c6080784a3c0ed5a7a3a51a23aea7/element - {"using":"xpath","value":"//*[@id=\"__filter0-icon\"]"}
RESULT: {"using":"xpath","value":"//*[@id=\"__filter0-icon\"]"}
COMMAND: POST /session/153c6080784a3c0ed5a7a3a51a23aea7/element/f.2D07FE98EF058A5017333A18E496C5C8.d.DB3D9FBC02382BF5F0C442B9F606A473.e.617/click - {}
RESULT: {}
COMMAND: GET /session/153c6080784a3c0ed5a7a3a51a23aea7/screenshot - {}
RESULT: {}
]]></system-out>
    </testcase>
    <testcase classname="chrome.137_0_7151_56.windows.Tests_for_DXCW_CAE_environment,_including_specific_login_to_the_system_US" name="Should upload compound partner files entry used for later tests as master data US156291" time="65.907">
      <system-out><![CDATA[
COMMAND: POST /session/153c6080784a3c0ed5a7a3a51a23aea7/element - {"using":"xpath","value":"//bdi[contains(text(), \"Create new Draft\")]"}
RESULT: {"using":"xpath","value":"//bdi[contains(text(), \"Create new Draft\")]"}
COMMAND: POST /session/153c6080784a3c0ed5a7a3a51a23aea7/element/f.2D07FE98EF058A5017333A18E496C5C8.d.DB3D9FBC02382BF5F0C442B9F606A473.e.1074/click - {}
RESULT: {}
COMMAND: GET /session/153c6080784a3c0ed5a7a3a51a23aea7/screenshot - {}
RESULT: {}
COMMAND: POST /session/153c6080784a3c0ed5a7a3a51a23aea7/element - {"using":"xpath","value":"//li[.//div[text()=\"Partners\"]]"}
RESULT: {"using":"xpath","value":"//li[.//div[text()=\"Partners\"]]"}
COMMAND: POST /session/153c6080784a3c0ed5a7a3a51a23aea7/element/f.2D07FE98EF058A5017333A18E496C5C8.d.DB3D9FBC02382BF5F0C442B9F606A473.e.645/click - {}
RESULT: {}
COMMAND: GET /session/153c6080784a3c0ed5a7a3a51a23aea7/screenshot - {}
COMMAND: POST /session/153c6080784a3c0ed5a7a3a51a23aea7/file - {"file":"[base64] 6748 bytes"}
RESULT: {}
RESULT: {"file":"[base64] 6748 bytes"}
COMMAND: POST /session/153c6080784a3c0ed5a7a3a51a23aea7/element - {"using":"xpath","value":"//input[(@type=\"file\") and contains(@id,\"BOList-4-0-1-uploader-fu\")]"}
RESULT: {"using":"xpath","value":"//input[(@type=\"file\") and contains(@id,\"BOList-4-0-1-uploader-fu\")]"}
COMMAND: POST /session/153c6080784a3c0ed5a7a3a51a23aea7/element/f.2D07FE98EF058A5017333A18E496C5C8.d.DB3D9FBC02382BF5F0C442B9F606A473.e.1191/clear - {}
RESULT: {}
COMMAND: POST /session/153c6080784a3c0ed5a7a3a51a23aea7/element/f.2D07FE98EF058A5017333A18E496C5C8.d.DB3D9FBC02382BF5F0C442B9F606A473.e.1191/value - {"text":"C:\\Windows\\SystemTemp\\scoped_dir1680_1471655215\\upload1680_861459949\\Partners.xlsx"}
COMMAND: GET /session/153c6080784a3c0ed5a7a3a51a23aea7/screenshot - {}
RESULT: {"text":"C:\\Windows\\SystemTemp\\scoped_dir1680_1471655215\\upload1680_861459949\\Partners.xlsx"}
COMMAND: GET /session/153c6080784a3c0ed5a7a3a51a23aea7/screenshot - {}
RESULT: {}
RESULT: {}
COMMAND: POST /session/153c6080784a3c0ed5a7a3a51a23aea7/element - {"using":"xpath","value":"//bdi[contains(text(), \"Match by name\")]"}
RESULT: {"using":"xpath","value":"//bdi[contains(text(), \"Match by name\")]"}
COMMAND: POST /session/153c6080784a3c0ed5a7a3a51a23aea7/element/f.2D07FE98EF058A5017333A18E496C5C8.d.DB3D9FBC02382BF5F0C442B9F606A473.e.1202/click - {}
RESULT: {}
COMMAND: GET /session/153c6080784a3c0ed5a7a3a51a23aea7/screenshot - {}
RESULT: {}
COMMAND: POST /session/153c6080784a3c0ed5a7a3a51a23aea7/element - {"using":"xpath","value":"//bdi[text() = \"OK\"]"}
RESULT: {"using":"xpath","value":"//bdi[text() = \"OK\"]"}
COMMAND: POST /session/153c6080784a3c0ed5a7a3a51a23aea7/element/f.2D07FE98EF058A5017333A18E496C5C8.d.DB3D9FBC02382BF5F0C442B9F606A473.e.1203/click - {}
RESULT: {}
COMMAND: GET /session/153c6080784a3c0ed5a7a3a51a23aea7/screenshot - {}
RESULT: {}
COMMAND: POST /session/153c6080784a3c0ed5a7a3a51a23aea7/file - {"file":"[base64] 6424 bytes"}
RESULT: {"file":"[base64] 6424 bytes"}
COMMAND: POST /session/153c6080784a3c0ed5a7a3a51a23aea7/element - {"using":"xpath","value":"//input[(@type=\"file\") and contains(@id,\"BOList-4-1-1-uploader-fu\")]"}
RESULT: {"using":"xpath","value":"//input[(@type=\"file\") and contains(@id,\"BOList-4-1-1-uploader-fu\")]"}
COMMAND: POST /session/153c6080784a3c0ed5a7a3a51a23aea7/element/f.2D07FE98EF058A5017333A18E496C5C8.d.DB3D9FBC02382BF5F0C442B9F606A473.e.1206/clear - {}
RESULT: {}
COMMAND: POST /session/153c6080784a3c0ed5a7a3a51a23aea7/element/f.2D07FE98EF058A5017333A18E496C5C8.d.DB3D9FBC02382BF5F0C442B9F606A473.e.1206/value - {"text":"C:\\Windows\\SystemTemp\\scoped_dir1680_1471655215\\upload1680_1300773554\\YardsPartners.xlsx"}
COMMAND: GET /session/153c6080784a3c0ed5a7a3a51a23aea7/screenshot - {}
RESULT: {}
RESULT: {"text":"C:\\Windows\\SystemTemp\\scoped_dir1680_1471655215\\upload1680_1300773554\\YardsPartners.xlsx"}
COMMAND: GET /session/153c6080784a3c0ed5a7a3a51a23aea7/screenshot - {}
RESULT: {}
COMMAND: POST /session/153c6080784a3c0ed5a7a3a51a23aea7/element - {"using":"xpath","value":"//bdi[contains(text(), \"Match by name\")]"}
RESULT: {"using":"xpath","value":"//bdi[contains(text(), \"Match by name\")]"}
COMMAND: POST /session/153c6080784a3c0ed5a7a3a51a23aea7/element/f.2D07FE98EF058A5017333A18E496C5C8.d.DB3D9FBC02382BF5F0C442B9F606A473.e.1214/click - {}
RESULT: {}
COMMAND: GET /session/153c6080784a3c0ed5a7a3a51a23aea7/screenshot - {}
RESULT: {}
COMMAND: POST /session/153c6080784a3c0ed5a7a3a51a23aea7/element - {"using":"xpath","value":"//bdi[text() = \"OK\"]"}
RESULT: {"using":"xpath","value":"//bdi[text() = \"OK\"]"}
COMMAND: POST /session/153c6080784a3c0ed5a7a3a51a23aea7/element/f.2D07FE98EF058A5017333A18E496C5C8.d.DB3D9FBC02382BF5F0C442B9F606A473.e.1215/click - {}
RESULT: {}
COMMAND: GET /session/153c6080784a3c0ed5a7a3a51a23aea7/screenshot - {}
RESULT: {}
COMMAND: POST /session/153c6080784a3c0ed5a7a3a51a23aea7/execute/async - {"script":"<script> [1562 bytes]","args":[{"selector":{"controlType":"sap.m.Switch","viewName":"bbs.dxcw.migration.view.migration.MigrationNewDraft","bindingPath":{"path":"","propertyPath":"/isComposition","modelName":"ContentModel"},"interaction":{"idSuffix":"textoff"}},"wdio_ui5_key":"bbsdxcw.migration.view.migration.MigrationNewDraftsap.m.Switch{\"path\":\"\",\"propertyPath\":\"/isComposition\",\"modelName\":\"ContentModel\"}"}]}
RESULT: {"script":"<script> [1562 bytes]","args":[{"selector":{"controlType":"sap.m.Switch","viewName":"bbs.dxcw.migration.view.migration.MigrationNewDraft","bindingPath":{"path":"","propertyPath":"/isComposition","modelName":"ContentModel"},"interaction":{"idSuffix":"textoff"}},"wdio_ui5_key":"bbsdxcw.migration.view.migration.MigrationNewDraftsap.m.Switch{\"path\":\"\",\"propertyPath\":\"/isComposition\",\"modelName\":\"ContentModel\"}"}]}
RESULT: undefined
COMMAND: POST /session/153c6080784a3c0ed5a7a3a51a23aea7/element - {"using":"xpath","value":"//*[@id=\"__switch0\"]"}
RESULT: {"using":"xpath","value":"//*[@id=\"__switch0\"]"}
COMMAND: POST /session/153c6080784a3c0ed5a7a3a51a23aea7/element/f.2D07FE98EF058A5017333A18E496C5C8.d.DB3D9FBC02382BF5F0C442B9F606A473.e.185/click - {}
RESULT: {}
COMMAND: POST /session/153c6080784a3c0ed5a7a3a51a23aea7/element - {"using":"xpath","value":"//button[contains(@id,\"uploadBtn\")]"}
COMMAND: GET /session/153c6080784a3c0ed5a7a3a51a23aea7/screenshot - {}
RESULT: {"using":"xpath","value":"//button[contains(@id,\"uploadBtn\")]"}
COMMAND: POST /session/153c6080784a3c0ed5a7a3a51a23aea7/element/f.2D07FE98EF058A5017333A18E496C5C8.d.DB3D9FBC02382BF5F0C442B9F606A473.e.193/click - {}
RESULT: {}
RESULT: {}
COMMAND: GET /session/153c6080784a3c0ed5a7a3a51a23aea7/screenshot - {}
RESULT: {}
COMMAND: POST /session/153c6080784a3c0ed5a7a3a51a23aea7/element - {"using":"xpath","value":"//button[.//bdi[contains(text(),\"Refresh Logs\")]]"}
RESULT: {"using":"xpath","value":"//button[.//bdi[contains(text(),\"Refresh Logs\")]]"}
COMMAND: POST /session/153c6080784a3c0ed5a7a3a51a23aea7/element/f.2D07FE98EF058A5017333A18E496C5C8.d.DB3D9FBC02382BF5F0C442B9F606A473.e.1227/click - {}
RESULT: {}
COMMAND: GET /session/153c6080784a3c0ed5a7a3a51a23aea7/screenshot - {}
RESULT: {}
COMMAND: POST /session/153c6080784a3c0ed5a7a3a51a23aea7/element - {"using":"xpath","value":"//table[contains(@id,\"customHandoversTable-listUl\")]/tbody/tr[1]/td[4]/span"}
RESULT: {"using":"xpath","value":"//table[contains(@id,\"customHandoversTable-listUl\")]/tbody/tr[1]/td[4]/span"}
COMMAND: POST /session/153c6080784a3c0ed5a7a3a51a23aea7/execute/sync - {"script":"<script> [56 bytes]","args":[{"element-6066-11e4-a52e-4f735466cecf":"f.2D07FE98EF058A5017333A18E496C5C8.d.DB3D9FBC02382BF5F0C442B9F606A473.e.1519","ELEMENT":"f.2D07FE98EF058A5017333A18E496C5C8.d.DB3D9FBC02382BF5F0C442B9F606A473.e.1519"}]}
RESULT: {"script":"<script> [56 bytes]","args":[{"element-6066-11e4-a52e-4f735466cecf":"f.2D07FE98EF058A5017333A18E496C5C8.d.DB3D9FBC02382BF5F0C442B9F606A473.e.1519","ELEMENT":"f.2D07FE98EF058A5017333A18E496C5C8.d.DB3D9FBC02382BF5F0C442B9F606A473.e.1519"}]}
COMMAND: POST /session/153c6080784a3c0ed5a7a3a51a23aea7/element - {"using":"xpath","value":"//table[contains(@id,\"customHandoversTable-listUl\")]/tbody/tr[1]/td[7]/div/span[2]"}
COMMAND: GET /session/153c6080784a3c0ed5a7a3a51a23aea7/screenshot - {}
RESULT: {"using":"xpath","value":"//table[contains(@id,\"customHandoversTable-listUl\")]/tbody/tr[1]/td[7]/div/span[2]"}
COMMAND: POST /session/153c6080784a3c0ed5a7a3a51a23aea7/execute/sync - {"script":"<script> [56 bytes]","args":[{"element-6066-11e4-a52e-4f735466cecf":"f.2D07FE98EF058A5017333A18E496C5C8.d.DB3D9FBC02382BF5F0C442B9F606A473.e.1520","ELEMENT":"f.2D07FE98EF058A5017333A18E496C5C8.d.DB3D9FBC02382BF5F0C442B9F606A473.e.1520"}]}
RESULT: {}
RESULT: {"script":"<script> [56 bytes]","args":[{"element-6066-11e4-a52e-4f735466cecf":"f.2D07FE98EF058A5017333A18E496C5C8.d.DB3D9FBC02382BF5F0C442B9F606A473.e.1520","ELEMENT":"f.2D07FE98EF058A5017333A18E496C5C8.d.DB3D9FBC02382BF5F0C442B9F606A473.e.1520"}]}
COMMAND: POST /session/153c6080784a3c0ed5a7a3a51a23aea7/element - {"using":"xpath","value":"//table[contains(@id,\"customHandoversTable-listUl\")]/tbody/tr[1]/td[8]/div/span[2]"}
COMMAND: GET /session/153c6080784a3c0ed5a7a3a51a23aea7/screenshot - {}
RESULT: {"using":"xpath","value":"//table[contains(@id,\"customHandoversTable-listUl\")]/tbody/tr[1]/td[8]/div/span[2]"}
COMMAND: POST /session/153c6080784a3c0ed5a7a3a51a23aea7/execute/sync - {"script":"<script> [56 bytes]","args":[{"element-6066-11e4-a52e-4f735466cecf":"f.2D07FE98EF058A5017333A18E496C5C8.d.DB3D9FBC02382BF5F0C442B9F606A473.e.1523","ELEMENT":"f.2D07FE98EF058A5017333A18E496C5C8.d.DB3D9FBC02382BF5F0C442B9F606A473.e.1523"}]}
RESULT: {}
RESULT: {"script":"<script> [56 bytes]","args":[{"element-6066-11e4-a52e-4f735466cecf":"f.2D07FE98EF058A5017333A18E496C5C8.d.DB3D9FBC02382BF5F0C442B9F606A473.e.1523","ELEMENT":"f.2D07FE98EF058A5017333A18E496C5C8.d.DB3D9FBC02382BF5F0C442B9F606A473.e.1523"}]}
COMMAND: GET /session/153c6080784a3c0ed5a7a3a51a23aea7/screenshot - {}
RESULT: {}
RESULT: undefined
COMMAND: POST /session/153c6080784a3c0ed5a7a3a51a23aea7/element - {"using":"xpath","value":"//*[@id=\"__filter0-icon\"]"}
RESULT: {"using":"xpath","value":"//*[@id=\"__filter0-icon\"]"}
COMMAND: POST /session/153c6080784a3c0ed5a7a3a51a23aea7/element/f.2D07FE98EF058A5017333A18E496C5C8.d.DB3D9FBC02382BF5F0C442B9F606A473.e.617/click - {}
RESULT: {}
COMMAND: GET /session/153c6080784a3c0ed5a7a3a51a23aea7/screenshot - {}
RESULT: {}
]]></system-out>
    </testcase>
    <testcase classname="chrome.137_0_7151_56.windows.Tests_for_DXCW_CAE_environment,_including_specific_login_to_the_system_US" name="Should upload site file entry used for later tests as master data US156291" time="57.756">
      <system-out><![CDATA[
COMMAND: POST /session/153c6080784a3c0ed5a7a3a51a23aea7/element - {"using":"xpath","value":"//bdi[contains(text(), \"Create new Draft\")]"}
RESULT: {"using":"xpath","value":"//bdi[contains(text(), \"Create new Draft\")]"}
COMMAND: POST /session/153c6080784a3c0ed5a7a3a51a23aea7/element/f.2D07FE98EF058A5017333A18E496C5C8.d.DB3D9FBC02382BF5F0C442B9F606A473.e.1527/click - {}
RESULT: {}
COMMAND: GET /session/153c6080784a3c0ed5a7a3a51a23aea7/screenshot - {}
RESULT: {}
COMMAND: POST /session/153c6080784a3c0ed5a7a3a51a23aea7/element - {"using":"xpath","value":"//li[.//div[text()=\"Sites\"]]"}
RESULT: {"using":"xpath","value":"//li[.//div[text()=\"Sites\"]]"}
COMMAND: POST /session/153c6080784a3c0ed5a7a3a51a23aea7/element/f.2D07FE98EF058A5017333A18E496C5C8.d.DB3D9FBC02382BF5F0C442B9F606A473.e.650/click - {}
RESULT: {}
COMMAND: GET /session/153c6080784a3c0ed5a7a3a51a23aea7/screenshot - {}
COMMAND: POST /session/153c6080784a3c0ed5a7a3a51a23aea7/file - {"file":"[base64] 6440 bytes"}
RESULT: {}
RESULT: {"file":"[base64] 6440 bytes"}
COMMAND: POST /session/153c6080784a3c0ed5a7a3a51a23aea7/element - {"using":"xpath","value":"//input[(@type=\"file\") and contains(@id,\"BOList-9-0-1-uploader-fu\")]"}
RESULT: {"using":"xpath","value":"//input[(@type=\"file\") and contains(@id,\"BOList-9-0-1-uploader-fu\")]"}
COMMAND: POST /session/153c6080784a3c0ed5a7a3a51a23aea7/element/f.2D07FE98EF058A5017333A18E496C5C8.d.DB3D9FBC02382BF5F0C442B9F606A473.e.1643/clear - {}
RESULT: {}
COMMAND: POST /session/153c6080784a3c0ed5a7a3a51a23aea7/element/f.2D07FE98EF058A5017333A18E496C5C8.d.DB3D9FBC02382BF5F0C442B9F606A473.e.1643/value - {"text":"C:\\Windows\\SystemTemp\\scoped_dir1680_1471655215\\upload1680_486626850\\Sites.xlsx"}
COMMAND: GET /session/153c6080784a3c0ed5a7a3a51a23aea7/screenshot - {}
RESULT: {"text":"C:\\Windows\\SystemTemp\\scoped_dir1680_1471655215\\upload1680_486626850\\Sites.xlsx"}
COMMAND: GET /session/153c6080784a3c0ed5a7a3a51a23aea7/screenshot - {}
RESULT: {}
RESULT: {}
COMMAND: POST /session/153c6080784a3c0ed5a7a3a51a23aea7/element - {"using":"xpath","value":"//bdi[contains(text(), \"Match by name\")]"}
RESULT: {"using":"xpath","value":"//bdi[contains(text(), \"Match by name\")]"}
COMMAND: POST /session/153c6080784a3c0ed5a7a3a51a23aea7/element/f.2D07FE98EF058A5017333A18E496C5C8.d.DB3D9FBC02382BF5F0C442B9F606A473.e.1652/click - {}
RESULT: {}
COMMAND: GET /session/153c6080784a3c0ed5a7a3a51a23aea7/screenshot - {}
RESULT: {}
COMMAND: POST /session/153c6080784a3c0ed5a7a3a51a23aea7/element - {"using":"xpath","value":"//bdi[text() = \"OK\"]"}
RESULT: {"using":"xpath","value":"//bdi[text() = \"OK\"]"}
COMMAND: POST /session/153c6080784a3c0ed5a7a3a51a23aea7/element/f.2D07FE98EF058A5017333A18E496C5C8.d.DB3D9FBC02382BF5F0C442B9F606A473.e.1653/click - {}
RESULT: {}
COMMAND: GET /session/153c6080784a3c0ed5a7a3a51a23aea7/screenshot - {}
RESULT: {}
COMMAND: POST /session/153c6080784a3c0ed5a7a3a51a23aea7/element - {"using":"xpath","value":"//button[contains(@id,\"uploadBtn\")]"}
RESULT: {"using":"xpath","value":"//button[contains(@id,\"uploadBtn\")]"}
COMMAND: POST /session/153c6080784a3c0ed5a7a3a51a23aea7/element/f.2D07FE98EF058A5017333A18E496C5C8.d.DB3D9FBC02382BF5F0C442B9F606A473.e.193/click - {}
RESULT: {}
COMMAND: GET /session/153c6080784a3c0ed5a7a3a51a23aea7/screenshot - {}
RESULT: {}
COMMAND: POST /session/153c6080784a3c0ed5a7a3a51a23aea7/element - {"using":"xpath","value":"//button[.//bdi[contains(text(),\"Refresh Logs\")]]"}
RESULT: {"using":"xpath","value":"//button[.//bdi[contains(text(),\"Refresh Logs\")]]"}
COMMAND: POST /session/153c6080784a3c0ed5a7a3a51a23aea7/element/f.2D07FE98EF058A5017333A18E496C5C8.d.DB3D9FBC02382BF5F0C442B9F606A473.e.1660/click - {}
RESULT: {}
COMMAND: GET /session/153c6080784a3c0ed5a7a3a51a23aea7/screenshot - {}
RESULT: {}
COMMAND: POST /session/153c6080784a3c0ed5a7a3a51a23aea7/element - {"using":"xpath","value":"//table[contains(@id,\"customHandoversTable-listUl\")]/tbody/tr[1]/td[4]/span"}
RESULT: {"using":"xpath","value":"//table[contains(@id,\"customHandoversTable-listUl\")]/tbody/tr[1]/td[4]/span"}
COMMAND: POST /session/153c6080784a3c0ed5a7a3a51a23aea7/execute/sync - {"script":"<script> [56 bytes]","args":[{"element-6066-11e4-a52e-4f735466cecf":"f.2D07FE98EF058A5017333A18E496C5C8.d.DB3D9FBC02382BF5F0C442B9F606A473.e.1951","ELEMENT":"f.2D07FE98EF058A5017333A18E496C5C8.d.DB3D9FBC02382BF5F0C442B9F606A473.e.1951"}]}
RESULT: {"script":"<script> [56 bytes]","args":[{"element-6066-11e4-a52e-4f735466cecf":"f.2D07FE98EF058A5017333A18E496C5C8.d.DB3D9FBC02382BF5F0C442B9F606A473.e.1951","ELEMENT":"f.2D07FE98EF058A5017333A18E496C5C8.d.DB3D9FBC02382BF5F0C442B9F606A473.e.1951"}]}
COMMAND: POST /session/153c6080784a3c0ed5a7a3a51a23aea7/element - {"using":"xpath","value":"//table[contains(@id,\"customHandoversTable-listUl\")]/tbody/tr[1]/td[7]/div/span[2]"}
COMMAND: GET /session/153c6080784a3c0ed5a7a3a51a23aea7/screenshot - {}
RESULT: {"using":"xpath","value":"//table[contains(@id,\"customHandoversTable-listUl\")]/tbody/tr[1]/td[7]/div/span[2]"}
COMMAND: POST /session/153c6080784a3c0ed5a7a3a51a23aea7/execute/sync - {"script":"<script> [56 bytes]","args":[{"element-6066-11e4-a52e-4f735466cecf":"f.2D07FE98EF058A5017333A18E496C5C8.d.DB3D9FBC02382BF5F0C442B9F606A473.e.1952","ELEMENT":"f.2D07FE98EF058A5017333A18E496C5C8.d.DB3D9FBC02382BF5F0C442B9F606A473.e.1952"}]}
RESULT: {}
RESULT: {"script":"<script> [56 bytes]","args":[{"element-6066-11e4-a52e-4f735466cecf":"f.2D07FE98EF058A5017333A18E496C5C8.d.DB3D9FBC02382BF5F0C442B9F606A473.e.1952","ELEMENT":"f.2D07FE98EF058A5017333A18E496C5C8.d.DB3D9FBC02382BF5F0C442B9F606A473.e.1952"}]}
COMMAND: POST /session/153c6080784a3c0ed5a7a3a51a23aea7/element - {"using":"xpath","value":"//table[contains(@id,\"customHandoversTable-listUl\")]/tbody/tr[1]/td[8]/div/span[2]"}
COMMAND: GET /session/153c6080784a3c0ed5a7a3a51a23aea7/screenshot - {}
RESULT: {"using":"xpath","value":"//table[contains(@id,\"customHandoversTable-listUl\")]/tbody/tr[1]/td[8]/div/span[2]"}
COMMAND: POST /session/153c6080784a3c0ed5a7a3a51a23aea7/execute/sync - {"script":"<script> [56 bytes]","args":[{"element-6066-11e4-a52e-4f735466cecf":"f.2D07FE98EF058A5017333A18E496C5C8.d.DB3D9FBC02382BF5F0C442B9F606A473.e.1955","ELEMENT":"f.2D07FE98EF058A5017333A18E496C5C8.d.DB3D9FBC02382BF5F0C442B9F606A473.e.1955"}]}
RESULT: {}
RESULT: {"script":"<script> [56 bytes]","args":[{"element-6066-11e4-a52e-4f735466cecf":"f.2D07FE98EF058A5017333A18E496C5C8.d.DB3D9FBC02382BF5F0C442B9F606A473.e.1955","ELEMENT":"f.2D07FE98EF058A5017333A18E496C5C8.d.DB3D9FBC02382BF5F0C442B9F606A473.e.1955"}]}
COMMAND: GET /session/153c6080784a3c0ed5a7a3a51a23aea7/screenshot - {}
RESULT: {}
RESULT: undefined
COMMAND: POST /session/153c6080784a3c0ed5a7a3a51a23aea7/element - {"using":"xpath","value":"//*[@id=\"__filter0-icon\"]"}
RESULT: {"using":"xpath","value":"//*[@id=\"__filter0-icon\"]"}
COMMAND: POST /session/153c6080784a3c0ed5a7a3a51a23aea7/element/f.2D07FE98EF058A5017333A18E496C5C8.d.DB3D9FBC02382BF5F0C442B9F606A473.e.617/click - {}
RESULT: {}
COMMAND: GET /session/153c6080784a3c0ed5a7a3a51a23aea7/screenshot - {}
RESULT: {}
COMMAND: POST /session/153c6080784a3c0ed5a7a3a51a23aea7/element - {"using":"css selector","value":"#shell-header-logo"}
RESULT: {"using":"css selector","value":"#shell-header-logo"}
COMMAND: POST /session/153c6080784a3c0ed5a7a3a51a23aea7/element/f.2D07FE98EF058A5017333A18E496C5C8.d.DB3D9FBC02382BF5F0C442B9F606A473.e.125/click - {}
RESULT: {}
COMMAND: GET /session/153c6080784a3c0ed5a7a3a51a23aea7/screenshot - {}
RESULT: {}
COMMAND: POST /session/153c6080784a3c0ed5a7a3a51a23aea7/element - {"using":"css selector","value":"#j_username"}
COMMAND: POST /session/153c6080784a3c0ed5a7a3a51a23aea7/url - {"url":"https://qa-testing-00-live-etm-ui.cfapps.eu10-004.hana.ondemand.com/"}
RESULT: {"using":"css selector","value":"#j_username"}
COMMAND: POST /session/153c6080784a3c0ed5a7a3a51a23aea7/element - {"using":"css selector","value":"#j_username"}
RESULT: {"url":"https://qa-testing-00-live-etm-ui.cfapps.eu10-004.hana.ondemand.com/"}
RESULT: undefined
COMMAND: GET /session/153c6080784a3c0ed5a7a3a51a23aea7/screenshot - {}
RESULT: {"using":"css selector","value":"#j_username"}
COMMAND: POST /session/153c6080784a3c0ed5a7a3a51a23aea7/element - {"using":"css selector","value":"#shell-header-logo"}
RESULT: {}
RESULT: {"using":"css selector","value":"#shell-header-logo"}
COMMAND: POST /session/153c6080784a3c0ed5a7a3a51a23aea7/execute/sync - {"script":"<script> [8489 bytes]","args":[{"element-6066-11e4-a52e-4f735466cecf":"f.2D07FE98EF058A5017333A18E496C5C8.d.649031E9F4ECE46B42D03396E88CE586.e.1967","ELEMENT":"f.2D07FE98EF058A5017333A18E496C5C8.d.649031E9F4ECE46B42D03396E88CE586.e.1967"}]}
RESULT: {"script":"<script> [8489 bytes]","args":[{"element-6066-11e4-a52e-4f735466cecf":"f.2D07FE98EF058A5017333A18E496C5C8.d.649031E9F4ECE46B42D03396E88CE586.e.1967","ELEMENT":"f.2D07FE98EF058A5017333A18E496C5C8.d.649031E9F4ECE46B42D03396E88CE586.e.1967"}]}
COMMAND: POST /session/153c6080784a3c0ed5a7a3a51a23aea7/element - {"using":"css selector","value":"#shell-header-logo"}
COMMAND: GET /session/153c6080784a3c0ed5a7a3a51a23aea7/screenshot - {}
RESULT: {"using":"css selector","value":"#shell-header-logo"}
COMMAND: POST /session/153c6080784a3c0ed5a7a3a51a23aea7/execute/sync - {"script":"<script> [8489 bytes]","args":[{"element-6066-11e4-a52e-4f735466cecf":"f.2D07FE98EF058A5017333A18E496C5C8.d.649031E9F4ECE46B42D03396E88CE586.e.1967","ELEMENT":"f.2D07FE98EF058A5017333A18E496C5C8.d.649031E9F4ECE46B42D03396E88CE586.e.1967"}]}
RESULT: {}
RESULT: {"script":"<script> [8489 bytes]","args":[{"element-6066-11e4-a52e-4f735466cecf":"f.2D07FE98EF058A5017333A18E496C5C8.d.649031E9F4ECE46B42D03396E88CE586.e.1967","ELEMENT":"f.2D07FE98EF058A5017333A18E496C5C8.d.649031E9F4ECE46B42D03396E88CE586.e.1967"}]}
COMMAND: POST /session/153c6080784a3c0ed5a7a3a51a23aea7/execute/sync - {"script":"<script> [5351 bytes]","args":[{"element-6066-11e4-a52e-4f735466cecf":"f.2D07FE98EF058A5017333A18E496C5C8.d.649031E9F4ECE46B42D03396E88CE586.e.1967","ELEMENT":"f.2D07FE98EF058A5017333A18E496C5C8.d.649031E9F4ECE46B42D03396E88CE586.e.1967"}]}
COMMAND: GET /session/153c6080784a3c0ed5a7a3a51a23aea7/screenshot - {}
RESULT: {"script":"<script> [5351 bytes]","args":[{"element-6066-11e4-a52e-4f735466cecf":"f.2D07FE98EF058A5017333A18E496C5C8.d.649031E9F4ECE46B42D03396E88CE586.e.1967","ELEMENT":"f.2D07FE98EF058A5017333A18E496C5C8.d.649031E9F4ECE46B42D03396E88CE586.e.1967"}]}
COMMAND: POST /session/153c6080784a3c0ed5a7a3a51a23aea7/element - {"using":"css selector","value":"#shell-header-logo"}
COMMAND: GET /session/153c6080784a3c0ed5a7a3a51a23aea7/screenshot - {}
RESULT: {}
RESULT: {"using":"css selector","value":"#shell-header-logo"}
COMMAND: POST /session/153c6080784a3c0ed5a7a3a51a23aea7/element/f.2D07FE98EF058A5017333A18E496C5C8.d.649031E9F4ECE46B42D03396E88CE586.e.1967/click - {}
RESULT: {}
RESULT: {}
COMMAND: GET /session/153c6080784a3c0ed5a7a3a51a23aea7/screenshot - {}
RESULT: {}
COMMAND: POST /session/153c6080784a3c0ed5a7a3a51a23aea7/execute/async - {"script":"<script> [189 bytes]","args":[]}
RESULT: {"script":"<script> [189 bytes]","args":[]}
COMMAND: POST /session/153c6080784a3c0ed5a7a3a51a23aea7/execute/async - {"script":"<script> [123 bytes]","args":[]}
RESULT: {"script":"<script> [123 bytes]","args":[]}
COMMAND: POST /session/153c6080784a3c0ed5a7a3a51a23aea7/timeouts - {"script":"<number>"}
RESULT: {"script":"<number>"}
COMMAND: GET /session/153c6080784a3c0ed5a7a3a51a23aea7/timeouts - {}
RESULT: {}
RESULT: undefined
COMMAND: POST /session/153c6080784a3c0ed5a7a3a51a23aea7/execute/async - {"script":"<script> [2676 bytes]","args":[]}
RESULT: {"script":"<script> [2676 bytes]","args":[]}
COMMAND: POST /session/153c6080784a3c0ed5a7a3a51a23aea7/execute/async - {"script":"<script> [2342 bytes]","args":[{"protocol":"http","hostname":"0.0.0.0","path":"/","capabilities":{"browserName":"chrome","goog:chromeOptions":{"binary":"C:\\Program Files\\Google\\Chrome\\Application\\chrome.exe","args":["--start-maximized"]}},"logLevel":"warn","connectionRetryTimeout":120000,"connectionRetryCount":3,"logLevels":{},"enableDirectConnect":true,"strictSSL":true,"_":"65 more keys: [\"cacheDir\",\"port\",\"requestedCapabilities\",\"automationProtocol\",\"baseUrl\",\"waitforInterval\",\"waitforTimeout\",\"onReload\",\"beforeCommand\",\"afterCommand\",\"rootDir\",\"specs\",\"suites\",\"exclude\",\"groupLogsByTestSpec\",\"excludeDriverLogs\",\"bail\",\"framework\",\"reporters\",\"services\",\"maxInstances\",\"maxInstancesPerCapability\",\"injectGlobals\",\"filesToWatch\",\"execArgv\",\"runnerEnv\",\"runner\",\"shard\",\"specFileRetries\",\"specFileRetriesDelay\",\"specFileRetriesDeferred\",\"reporterSyncInterval\",\"reporterSyncTimeout\",\"cucumberFeaturesWithLineNumbers\",\"autoCompileOpts\",\"mochaOpts\",\"jasmineOpts\",\"cucumberOpts\",\"onPrepare\",\"onWorkerStart\",\"onWorkerEnd\",\"before\",\"beforeSession\",\"beforeSuite\",\"beforeHook\",\"beforeTest\",\"afterTest\",\"afterHook\",\"afterSuite\",\"afterSession\",\"after\",\"onComplete\",\"beforeAssertion\",\"afterAssertion\",\"beforeFeature\",\"beforeScenario\",\"beforeStep\",\"afterStep\",\"afterScenario\",\"afterFeature\",\"_\",\"suite\",\"$0\",\"ignoredWorkerServices\",\"wdi5\"]"}]}
RESULT: {"script":"<script> [2342 bytes]","args":[{"protocol":"http","hostname":"0.0.0.0","path":"/","capabilities":{"browserName":"chrome","goog:chromeOptions":{"binary":"C:\\Program Files\\Google\\Chrome\\Application\\chrome.exe","args":["--start-maximized"]}},"logLevel":"warn","connectionRetryTimeout":120000,"connectionRetryCount":3,"logLevels":{},"enableDirectConnect":true,"strictSSL":true,"_":"65 more keys: [\"cacheDir\",\"port\",\"requestedCapabilities\",\"automationProtocol\",\"baseUrl\",\"waitforInterval\",\"waitforTimeout\",\"onReload\",\"beforeCommand\",\"afterCommand\",\"rootDir\",\"specs\",\"suites\",\"exclude\",\"groupLogsByTestSpec\",\"excludeDriverLogs\",\"bail\",\"framework\",\"reporters\",\"services\",\"maxInstances\",\"maxInstancesPerCapability\",\"injectGlobals\",\"filesToWatch\",\"execArgv\",\"runnerEnv\",\"runner\",\"shard\",\"specFileRetries\",\"specFileRetriesDelay\",\"specFileRetriesDeferred\",\"reporterSyncInterval\",\"reporterSyncTimeout\",\"cucumberFeaturesWithLineNumbers\",\"autoCompileOpts\",\"mochaOpts\",\"jasmineOpts\",\"cucumberOpts\",\"onPrepare\",\"onWorkerStart\",\"onWorkerEnd\",\"before\",\"beforeSession\",\"beforeSuite\",\"beforeHook\",\"beforeTest\",\"afterTest\",\"afterHook\",\"afterSuite\",\"afterSession\",\"after\",\"onComplete\",\"beforeAssertion\",\"afterAssertion\",\"beforeFeature\",\"beforeScenario\",\"beforeStep\",\"afterStep\",\"afterScenario\",\"afterFeature\",\"_\",\"suite\",\"$0\",\"ignoredWorkerServices\",\"wdi5\"]"}]}
COMMAND: POST /session/153c6080784a3c0ed5a7a3a51a23aea7/execute/async - {"script":"<script> [21126 bytes]","args":[35000]}
RESULT: {"script":"<script> [21126 bytes]","args":[35000]}
COMMAND: POST /session/153c6080784a3c0ed5a7a3a51a23aea7/window/maximize - {}
RESULT: {}
COMMAND: POST /session/153c6080784a3c0ed5a7a3a51a23aea7/execute/async - {"script":"<script> [1562 bytes]","args":[{"selector":{"id":"shell-header","interaction":{"idSuffix":"icon"}},"wdio_ui5_key":"shellheader"}]}
COMMAND: GET /session/153c6080784a3c0ed5a7a3a51a23aea7/screenshot - {}
RESULT: {"script":"<script> [1562 bytes]","args":[{"selector":{"id":"shell-header","interaction":{"idSuffix":"icon"}},"wdio_ui5_key":"shellheader"}]}
RESULT: undefined
COMMAND: POST /session/153c6080784a3c0ed5a7a3a51a23aea7/refresh - {}
RESULT: {}
RESULT: {}
COMMAND: GET /session/153c6080784a3c0ed5a7a3a51a23aea7/screenshot - {}
RESULT: {}
COMMAND: POST /session/153c6080784a3c0ed5a7a3a51a23aea7/refresh - {}
RESULT: {}
COMMAND: GET /session/153c6080784a3c0ed5a7a3a51a23aea7/screenshot - {}
RESULT: {}
COMMAND: POST /session/153c6080784a3c0ed5a7a3a51a23aea7/window/fullscreen - {}
RESULT: {}
COMMAND: POST /session/153c6080784a3c0ed5a7a3a51a23aea7/execute/async - {"script":"<script> [189 bytes]","args":[]}
RESULT: {"script":"<script> [189 bytes]","args":[]}
COMMAND: POST /session/153c6080784a3c0ed5a7a3a51a23aea7/execute/async - {"script":"<script> [123 bytes]","args":[]}
RESULT: {"script":"<script> [123 bytes]","args":[]}
COMMAND: POST /session/153c6080784a3c0ed5a7a3a51a23aea7/timeouts - {"script":"<number>"}
RESULT: {"script":"<number>"}
COMMAND: GET /session/153c6080784a3c0ed5a7a3a51a23aea7/timeouts - {}
RESULT: {}
RESULT: undefined
COMMAND: POST /session/153c6080784a3c0ed5a7a3a51a23aea7/execute/async - {"script":"<script> [2676 bytes]","args":[]}
RESULT: {"script":"<script> [2676 bytes]","args":[]}
COMMAND: POST /session/153c6080784a3c0ed5a7a3a51a23aea7/execute/async - {"script":"<script> [2342 bytes]","args":[{"protocol":"http","hostname":"0.0.0.0","path":"/","capabilities":{"browserName":"chrome","goog:chromeOptions":{"binary":"C:\\Program Files\\Google\\Chrome\\Application\\chrome.exe","args":["--start-maximized"]}},"logLevel":"warn","connectionRetryTimeout":120000,"connectionRetryCount":3,"logLevels":{},"enableDirectConnect":true,"strictSSL":true,"_":"65 more keys: [\"cacheDir\",\"port\",\"requestedCapabilities\",\"automationProtocol\",\"baseUrl\",\"waitforInterval\",\"waitforTimeout\",\"onReload\",\"beforeCommand\",\"afterCommand\",\"rootDir\",\"specs\",\"suites\",\"exclude\",\"groupLogsByTestSpec\",\"excludeDriverLogs\",\"bail\",\"framework\",\"reporters\",\"services\",\"maxInstances\",\"maxInstancesPerCapability\",\"injectGlobals\",\"filesToWatch\",\"execArgv\",\"runnerEnv\",\"runner\",\"shard\",\"specFileRetries\",\"specFileRetriesDelay\",\"specFileRetriesDeferred\",\"reporterSyncInterval\",\"reporterSyncTimeout\",\"cucumberFeaturesWithLineNumbers\",\"autoCompileOpts\",\"mochaOpts\",\"jasmineOpts\",\"cucumberOpts\",\"onPrepare\",\"onWorkerStart\",\"onWorkerEnd\",\"before\",\"beforeSession\",\"beforeSuite\",\"beforeHook\",\"beforeTest\",\"afterTest\",\"afterHook\",\"afterSuite\",\"afterSession\",\"after\",\"onComplete\",\"beforeAssertion\",\"afterAssertion\",\"beforeFeature\",\"beforeScenario\",\"beforeStep\",\"afterStep\",\"afterScenario\",\"afterFeature\",\"_\",\"suite\",\"$0\",\"ignoredWorkerServices\",\"wdi5\"]"}]}
RESULT: {"script":"<script> [2342 bytes]","args":[{"protocol":"http","hostname":"0.0.0.0","path":"/","capabilities":{"browserName":"chrome","goog:chromeOptions":{"binary":"C:\\Program Files\\Google\\Chrome\\Application\\chrome.exe","args":["--start-maximized"]}},"logLevel":"warn","connectionRetryTimeout":120000,"connectionRetryCount":3,"logLevels":{},"enableDirectConnect":true,"strictSSL":true,"_":"65 more keys: [\"cacheDir\",\"port\",\"requestedCapabilities\",\"automationProtocol\",\"baseUrl\",\"waitforInterval\",\"waitforTimeout\",\"onReload\",\"beforeCommand\",\"afterCommand\",\"rootDir\",\"specs\",\"suites\",\"exclude\",\"groupLogsByTestSpec\",\"excludeDriverLogs\",\"bail\",\"framework\",\"reporters\",\"services\",\"maxInstances\",\"maxInstancesPerCapability\",\"injectGlobals\",\"filesToWatch\",\"execArgv\",\"runnerEnv\",\"runner\",\"shard\",\"specFileRetries\",\"specFileRetriesDelay\",\"specFileRetriesDeferred\",\"reporterSyncInterval\",\"reporterSyncTimeout\",\"cucumberFeaturesWithLineNumbers\",\"autoCompileOpts\",\"mochaOpts\",\"jasmineOpts\",\"cucumberOpts\",\"onPrepare\",\"onWorkerStart\",\"onWorkerEnd\",\"before\",\"beforeSession\",\"beforeSuite\",\"beforeHook\",\"beforeTest\",\"afterTest\",\"afterHook\",\"afterSuite\",\"afterSession\",\"after\",\"onComplete\",\"beforeAssertion\",\"afterAssertion\",\"beforeFeature\",\"beforeScenario\",\"beforeStep\",\"afterStep\",\"afterScenario\",\"afterFeature\",\"_\",\"suite\",\"$0\",\"ignoredWorkerServices\",\"wdi5\"]"}]}
COMMAND: POST /session/153c6080784a3c0ed5a7a3a51a23aea7/execute/async - {"script":"<script> [21126 bytes]","args":[35000]}
RESULT: {"script":"<script> [21126 bytes]","args":[35000]}
]]></system-out>
    </testcase>
  </testsuite>
  <testsuite timestamp="2025-06-04T17:22:39" time="1183.333" tests="12" failures="6" errors="6" skipped="0">
    <properties>
      <property name="specId" value="0" />
      <property name="suiteName" value="Billing Transfer - Master data &amp; Intercompany US127250" />
      <property name="capabilities" value="chrome.137_0_7151_56.windows" />
      <property name="file" value="file:///D:/a/1/s/test/specs/BTS/billing-transfer-intercompany.spec.js" />
    </properties>
    <testcase classname="chrome.137_0_7151_56.windows.Billing_Transfer_-_Master_data_&amp;_Intercompany_US127250" name="Should create a new yard" time="133.061">
      <system-out><![CDATA[
COMMAND: POST /session/153c6080784a3c0ed5a7a3a51a23aea7/window/fullscreen - {}
RESULT: {}
COMMAND: POST /session/153c6080784a3c0ed5a7a3a51a23aea7/execute/async - {"script":"<script> [1562 bytes]","args":[{"selector":{"controlType":"sap.m.GenericTile","properties":{"header":"Manage Yards"}},"wdio_ui5_key":"sapm.GenericTile{\"header\":\"Manage Yards\"}"}]}
RESULT: {"script":"<script> [1562 bytes]","args":[{"selector":{"controlType":"sap.m.GenericTile","properties":{"header":"Manage Yards"}},"wdio_ui5_key":"sapm.GenericTile{\"header\":\"Manage Yards\"}"}]}
RESULT: undefined
COMMAND: POST /session/153c6080784a3c0ed5a7a3a51a23aea7/element - {"using":"xpath","value":"//*[@id=\"__tile41\"]"}
RESULT: {"using":"xpath","value":"//*[@id=\"__tile41\"]"}
COMMAND: POST /session/153c6080784a3c0ed5a7a3a51a23aea7/element/f.2D07FE98EF058A5017333A18E496C5C8.d.1532A16A55D743CF37A996A5DD25117A.e.2148/click - {}
RESULT: {}
COMMAND: GET /session/153c6080784a3c0ed5a7a3a51a23aea7/screenshot - {}
RESULT: {}
COMMAND: POST /session/153c6080784a3c0ed5a7a3a51a23aea7/elements - {"using":"xpath","value":"//span[text()='Error']"}
RESULT: {"using":"xpath","value":"//span[text()='Error']"}
COMMAND: POST /session/153c6080784a3c0ed5a7a3a51a23aea7/element - {"using":"xpath","value":"//button[@data-kt=\"addNewYardOverflowToolbarButton\"]"}
RESULT: {"using":"xpath","value":"//button[@data-kt=\"addNewYardOverflowToolbarButton\"]"}
COMMAND: POST /session/153c6080784a3c0ed5a7a3a51a23aea7/elements - {"using":"xpath","value":"//button[@data-kt=\"addNewYardOverflowToolbarButton\"]"}
RESULT: {"using":"xpath","value":"//button[@data-kt=\"addNewYardOverflowToolbarButton\"]"}
COMMAND: POST /session/153c6080784a3c0ed5a7a3a51a23aea7/elements - {"using":"xpath","value":"//button[@data-kt=\"addNewYardOverflowToolbarButton\"]"}
RESULT: {"using":"xpath","value":"//button[@data-kt=\"addNewYardOverflowToolbarButton\"]"}
COMMAND: POST /session/153c6080784a3c0ed5a7a3a51a23aea7/elements - {"using":"xpath","value":"//button[@data-kt=\"addNewYardOverflowToolbarButton\"]"}
RESULT: {"using":"xpath","value":"//button[@data-kt=\"addNewYardOverflowToolbarButton\"]"}
COMMAND: POST /session/153c6080784a3c0ed5a7a3a51a23aea7/elements - {"using":"xpath","value":"//button[@data-kt=\"addNewYardOverflowToolbarButton\"]"}
RESULT: {"using":"xpath","value":"//button[@data-kt=\"addNewYardOverflowToolbarButton\"]"}
COMMAND: POST /session/153c6080784a3c0ed5a7a3a51a23aea7/elements - {"using":"xpath","value":"//button[@data-kt=\"addNewYardOverflowToolbarButton\"]"}
RESULT: {"using":"xpath","value":"//button[@data-kt=\"addNewYardOverflowToolbarButton\"]"}
COMMAND: POST /session/153c6080784a3c0ed5a7a3a51a23aea7/elements - {"using":"xpath","value":"//button[@data-kt=\"addNewYardOverflowToolbarButton\"]"}
RESULT: {"using":"xpath","value":"//button[@data-kt=\"addNewYardOverflowToolbarButton\"]"}
COMMAND: POST /session/153c6080784a3c0ed5a7a3a51a23aea7/elements - {"using":"xpath","value":"//button[@data-kt=\"addNewYardOverflowToolbarButton\"]"}
RESULT: {"using":"xpath","value":"//button[@data-kt=\"addNewYardOverflowToolbarButton\"]"}
COMMAND: POST /session/153c6080784a3c0ed5a7a3a51a23aea7/elements - {"using":"xpath","value":"//button[@data-kt=\"addNewYardOverflowToolbarButton\"]"}
RESULT: {"using":"xpath","value":"//button[@data-kt=\"addNewYardOverflowToolbarButton\"]"}
COMMAND: POST /session/153c6080784a3c0ed5a7a3a51a23aea7/elements - {"using":"xpath","value":"//button[@data-kt=\"addNewYardOverflowToolbarButton\"]"}
RESULT: {"using":"xpath","value":"//button[@data-kt=\"addNewYardOverflowToolbarButton\"]"}
COMMAND: POST /session/153c6080784a3c0ed5a7a3a51a23aea7/elements - {"using":"xpath","value":"//button[@data-kt=\"addNewYardOverflowToolbarButton\"]"}
RESULT: {"using":"xpath","value":"//button[@data-kt=\"addNewYardOverflowToolbarButton\"]"}
COMMAND: POST /session/153c6080784a3c0ed5a7a3a51a23aea7/elements - {"using":"xpath","value":"//button[@data-kt=\"addNewYardOverflowToolbarButton\"]"}
RESULT: {"using":"xpath","value":"//button[@data-kt=\"addNewYardOverflowToolbarButton\"]"}
COMMAND: POST /session/153c6080784a3c0ed5a7a3a51a23aea7/elements - {"using":"xpath","value":"//button[@data-kt=\"addNewYardOverflowToolbarButton\"]"}
RESULT: {"using":"xpath","value":"//button[@data-kt=\"addNewYardOverflowToolbarButton\"]"}
COMMAND: POST /session/153c6080784a3c0ed5a7a3a51a23aea7/elements - {"using":"xpath","value":"//button[@data-kt=\"addNewYardOverflowToolbarButton\"]"}
RESULT: {"using":"xpath","value":"//button[@data-kt=\"addNewYardOverflowToolbarButton\"]"}
COMMAND: POST /session/153c6080784a3c0ed5a7a3a51a23aea7/elements - {"using":"xpath","value":"//button[@data-kt=\"addNewYardOverflowToolbarButton\"]"}
RESULT: {"using":"xpath","value":"//button[@data-kt=\"addNewYardOverflowToolbarButton\"]"}
COMMAND: POST /session/153c6080784a3c0ed5a7a3a51a23aea7/element - {"using":"xpath","value":"//button[@data-kt=\"addNewYardOverflowToolbarButton\"]"}
RESULT: {"using":"xpath","value":"//button[@data-kt=\"addNewYardOverflowToolbarButton\"]"}
COMMAND: POST /session/153c6080784a3c0ed5a7a3a51a23aea7/execute/sync - {"script":"<script> [8489 bytes]","args":[{"element-6066-11e4-a52e-4f735466cecf":"f.2D07FE98EF058A5017333A18E496C5C8.d.1532A16A55D743CF37A996A5DD25117A.e.2286","ELEMENT":"f.2D07FE98EF058A5017333A18E496C5C8.d.1532A16A55D743CF37A996A5DD25117A.e.2286"}]}
RESULT: {"script":"<script> [8489 bytes]","args":[{"element-6066-11e4-a52e-4f735466cecf":"f.2D07FE98EF058A5017333A18E496C5C8.d.1532A16A55D743CF37A996A5DD25117A.e.2286","ELEMENT":"f.2D07FE98EF058A5017333A18E496C5C8.d.1532A16A55D743CF37A996A5DD25117A.e.2286"}]}
COMMAND: GET /session/153c6080784a3c0ed5a7a3a51a23aea7/element/f.2D07FE98EF058A5017333A18E496C5C8.d.1532A16A55D743CF37A996A5DD25117A.e.2286/enabled - {}
COMMAND: GET /session/153c6080784a3c0ed5a7a3a51a23aea7/screenshot - {}
RESULT: {}
COMMAND: POST /session/153c6080784a3c0ed5a7a3a51a23aea7/execute/sync - {"script":"<script> [8489 bytes]","args":[{"element-6066-11e4-a52e-4f735466cecf":"f.2D07FE98EF058A5017333A18E496C5C8.d.1532A16A55D743CF37A996A5DD25117A.e.2286","ELEMENT":"f.2D07FE98EF058A5017333A18E496C5C8.d.1532A16A55D743CF37A996A5DD25117A.e.2286"}]}
COMMAND: GET /session/153c6080784a3c0ed5a7a3a51a23aea7/screenshot - {}
RESULT: {}
RESULT: {"script":"<script> [8489 bytes]","args":[{"element-6066-11e4-a52e-4f735466cecf":"f.2D07FE98EF058A5017333A18E496C5C8.d.1532A16A55D743CF37A996A5DD25117A.e.2286","ELEMENT":"f.2D07FE98EF058A5017333A18E496C5C8.d.1532A16A55D743CF37A996A5DD25117A.e.2286"}]}
COMMAND: POST /session/153c6080784a3c0ed5a7a3a51a23aea7/execute/sync - {"script":"<script> [5351 bytes]","args":[{"element-6066-11e4-a52e-4f735466cecf":"f.2D07FE98EF058A5017333A18E496C5C8.d.1532A16A55D743CF37A996A5DD25117A.e.2286","ELEMENT":"f.2D07FE98EF058A5017333A18E496C5C8.d.1532A16A55D743CF37A996A5DD25117A.e.2286"}]}
COMMAND: GET /session/153c6080784a3c0ed5a7a3a51a23aea7/screenshot - {}
RESULT: {}
RESULT: {"script":"<script> [5351 bytes]","args":[{"element-6066-11e4-a52e-4f735466cecf":"f.2D07FE98EF058A5017333A18E496C5C8.d.1532A16A55D743CF37A996A5DD25117A.e.2286","ELEMENT":"f.2D07FE98EF058A5017333A18E496C5C8.d.1532A16A55D743CF37A996A5DD25117A.e.2286"}]}
COMMAND: POST /session/153c6080784a3c0ed5a7a3a51a23aea7/element/f.2D07FE98EF058A5017333A18E496C5C8.d.1532A16A55D743CF37A996A5DD25117A.e.2286/click - {}
COMMAND: GET /session/153c6080784a3c0ed5a7a3a51a23aea7/screenshot - {}
RESULT: {}
RESULT: {}
COMMAND: GET /session/153c6080784a3c0ed5a7a3a51a23aea7/screenshot - {}
COMMAND: POST /session/153c6080784a3c0ed5a7a3a51a23aea7/element - {"using":"xpath","value":"//input[@id=\"application-manageyards-display-component---NewYard--yardId-inner\"]"}
RESULT: {}
RESULT: {}
RESULT: {"using":"xpath","value":"//input[@id=\"application-manageyards-display-component---NewYard--yardId-inner\"]"}
COMMAND: POST /session/153c6080784a3c0ed5a7a3a51a23aea7/element - {"using":"xpath","value":"//input[@id=\"application-manageyards-display-component---NewYard--yardId-inner\"]"}
RESULT: {"using":"xpath","value":"//input[@id=\"application-manageyards-display-component---NewYard--yardId-inner\"]"}
COMMAND: POST /session/153c6080784a3c0ed5a7a3a51a23aea7/execute/async - {"script":"<script> [1562 bytes]","args":[{"selector":{"id":"application-manageyards-display-component---NewYard--addressDetailDetailsName1","interaction":{"idSuffix":"inner"}},"wdio_ui5_key":"applicationmanageyards-display-component---NewYard--addressDetailDetailsName1"}]}
RESULT: {"script":"<script> [1562 bytes]","args":[{"selector":{"id":"application-manageyards-display-component---NewYard--addressDetailDetailsName1","interaction":{"idSuffix":"inner"}},"wdio_ui5_key":"applicationmanageyards-display-component---NewYard--addressDetailDetailsName1"}]}
RESULT: undefined
COMMAND: POST /session/153c6080784a3c0ed5a7a3a51a23aea7/execute/async - {"script":"<script> [776 bytes]","args":[{"enterText":"Intercompany Yard wdIO","selector":{"id":"application-manageyards-display-component---NewYard--addressDetailDetailsName1","interaction":{"idSuffix":"inner"}},"clearTextFirst":true,"interactionType":"ENTER_TEXT"}]}
RESULT: {"script":"<script> [776 bytes]","args":[{"enterText":"Intercompany Yard wdIO","selector":{"id":"application-manageyards-display-component---NewYard--addressDetailDetailsName1","interaction":{"idSuffix":"inner"}},"clearTextFirst":true,"interactionType":"ENTER_TEXT"}]}
COMMAND: POST /session/153c6080784a3c0ed5a7a3a51a23aea7/execute/async - {"script":"<script> [1562 bytes]","args":[{"selector":{"id":"application-manageyards-display-component---NewYard--addressDetailDetailsLanguage-arrow"},"wdio_ui5_key":"applicationmanageyards-display-component---NewYard--addressDetailDetailsLanguage-arrow"}]}
RESULT: {"script":"<script> [1562 bytes]","args":[{"selector":{"id":"application-manageyards-display-component---NewYard--addressDetailDetailsLanguage-arrow"},"wdio_ui5_key":"applicationmanageyards-display-component---NewYard--addressDetailDetailsLanguage-arrow"}]}
RESULT: undefined
COMMAND: POST /session/153c6080784a3c0ed5a7a3a51a23aea7/element - {"using":"xpath","value":"//*[@id=\"application-manageyards-display-component---NewYard--addressDetailDetailsLanguage-arrow\"]"}
RESULT: {"using":"xpath","value":"//*[@id=\"application-manageyards-display-component---NewYard--addressDetailDetailsLanguage-arrow\"]"}
COMMAND: POST /session/153c6080784a3c0ed5a7a3a51a23aea7/element/f.2D07FE98EF058A5017333A18E496C5C8.d.1532A16A55D743CF37A996A5DD25117A.e.2717/click - {}
RESULT: {}
COMMAND: POST /session/153c6080784a3c0ed5a7a3a51a23aea7/element - {"using":"xpath","value":"//span[contains(text(), \"English\")]"}
COMMAND: GET /session/153c6080784a3c0ed5a7a3a51a23aea7/screenshot - {}
RESULT: {"using":"xpath","value":"//span[contains(text(), \"English\")]"}
COMMAND: POST /session/153c6080784a3c0ed5a7a3a51a23aea7/element/f.2D07FE98EF058A5017333A18E496C5C8.d.1532A16A55D743CF37A996A5DD25117A.e.2718/click - {}
RESULT: {}
RESULT: {}
COMMAND: POST /session/153c6080784a3c0ed5a7a3a51a23aea7/execute/async - {"script":"<script> [1562 bytes]","args":[{"selector":{"id":"application-manageyards-display-component---NewYard--addressDetailDetailsCity1","interaction":{"idSuffix":"inner"}},"wdio_ui5_key":"applicationmanageyards-display-component---NewYard--addressDetailDetailsCity1"}]}
COMMAND: GET /session/153c6080784a3c0ed5a7a3a51a23aea7/screenshot - {}
RESULT: {"script":"<script> [1562 bytes]","args":[{"selector":{"id":"application-manageyards-display-component---NewYard--addressDetailDetailsCity1","interaction":{"idSuffix":"inner"}},"wdio_ui5_key":"applicationmanageyards-display-component---NewYard--addressDetailDetailsCity1"}]}
RESULT: undefined
COMMAND: POST /session/153c6080784a3c0ed5a7a3a51a23aea7/execute/async - {"script":"<script> [776 bytes]","args":[{"enterText":"Rosario","selector":{"id":"application-manageyards-display-component---NewYard--addressDetailDetailsCity1","interaction":{"idSuffix":"inner"}},"clearTextFirst":true,"interactionType":"ENTER_TEXT"}]}
RESULT: {}
RESULT: {"script":"<script> [776 bytes]","args":[{"enterText":"Rosario","selector":{"id":"application-manageyards-display-component---NewYard--addressDetailDetailsCity1","interaction":{"idSuffix":"inner"}},"clearTextFirst":true,"interactionType":"ENTER_TEXT"}]}
COMMAND: POST /session/153c6080784a3c0ed5a7a3a51a23aea7/execute/async - {"script":"<script> [1562 bytes]","args":[{"selector":{"id":"application-manageyards-display-component---NewYard--addressDetailDetailsCountry-arrow"},"wdio_ui5_key":"applicationmanageyards-display-component---NewYard--addressDetailDetailsCountry-arrow"}]}
RESULT: {"script":"<script> [1562 bytes]","args":[{"selector":{"id":"application-manageyards-display-component---NewYard--addressDetailDetailsCountry-arrow"},"wdio_ui5_key":"applicationmanageyards-display-component---NewYard--addressDetailDetailsCountry-arrow"}]}
RESULT: undefined
COMMAND: POST /session/153c6080784a3c0ed5a7a3a51a23aea7/element - {"using":"xpath","value":"//*[@id=\"application-manageyards-display-component---NewYard--addressDetailDetailsCountry-arrow\"]"}
RESULT: {"using":"xpath","value":"//*[@id=\"application-manageyards-display-component---NewYard--addressDetailDetailsCountry-arrow\"]"}
COMMAND: POST /session/153c6080784a3c0ed5a7a3a51a23aea7/element/f.2D07FE98EF058A5017333A18E496C5C8.d.1532A16A55D743CF37A996A5DD25117A.e.2720/click - {}
RESULT: {}
COMMAND: POST /session/153c6080784a3c0ed5a7a3a51a23aea7/element - {"using":"xpath","value":"//span[contains(text(), \"Argentina\")]"}
COMMAND: GET /session/153c6080784a3c0ed5a7a3a51a23aea7/screenshot - {}
RESULT: {"using":"xpath","value":"//span[contains(text(), \"Argentina\")]"}
COMMAND: POST /session/153c6080784a3c0ed5a7a3a51a23aea7/element/f.2D07FE98EF058A5017333A18E496C5C8.d.1532A16A55D743CF37A996A5DD25117A.e.2722/click - {}
RESULT: {}
RESULT: {}
COMMAND: POST /session/153c6080784a3c0ed5a7a3a51a23aea7/execute/async - {"script":"<script> [1562 bytes]","args":[{"selector":{"id":"application-manageyards-display-component---NewYard--addressEditDetailsCostObjectCstType-arrow"},"wdio_ui5_key":"applicationmanageyards-display-component---NewYard--addressEditDetailsCostObjectCstType-arrow"}]}
COMMAND: GET /session/153c6080784a3c0ed5a7a3a51a23aea7/screenshot - {}
RESULT: {"script":"<script> [1562 bytes]","args":[{"selector":{"id":"application-manageyards-display-component---NewYard--addressEditDetailsCostObjectCstType-arrow"},"wdio_ui5_key":"applicationmanageyards-display-component---NewYard--addressEditDetailsCostObjectCstType-arrow"}]}
RESULT: undefined
COMMAND: POST /session/153c6080784a3c0ed5a7a3a51a23aea7/element - {"using":"xpath","value":"//*[@id=\"application-manageyards-display-component---NewYard--addressEditDetailsCostObjectCstType-arrow\"]"}
RESULT: {}
RESULT: {"using":"xpath","value":"//*[@id=\"application-manageyards-display-component---NewYard--addressEditDetailsCostObjectCstType-arrow\"]"}
COMMAND: POST /session/153c6080784a3c0ed5a7a3a51a23aea7/element/f.2D07FE98EF058A5017333A18E496C5C8.d.1532A16A55D743CF37A996A5DD25117A.e.2723/click - {}
RESULT: {}
COMMAND: POST /session/153c6080784a3c0ed5a7a3a51a23aea7/element - {"using":"xpath","value":"//span[contains(text(), \"Cost Center\")]"}
COMMAND: GET /session/153c6080784a3c0ed5a7a3a51a23aea7/screenshot - {}
RESULT: {"using":"xpath","value":"//span[contains(text(), \"Cost Center\")]"}
COMMAND: POST /session/153c6080784a3c0ed5a7a3a51a23aea7/element/f.2D07FE98EF058A5017333A18E496C5C8.d.1532A16A55D743CF37A996A5DD25117A.e.2724/click - {}
RESULT: {}
RESULT: {}
COMMAND: GET /session/153c6080784a3c0ed5a7a3a51a23aea7/screenshot - {}
RESULT: {}
COMMAND: POST /session/153c6080784a3c0ed5a7a3a51a23aea7/element - {"using":"xpath","value":"//span[@id=\"application-manageyards-display-component---NewYard--addressNewCostObjectCstID-vhi\"]"}
RESULT: {"using":"xpath","value":"//span[@id=\"application-manageyards-display-component---NewYard--addressNewCostObjectCstID-vhi\"]"}
COMMAND: POST /session/153c6080784a3c0ed5a7a3a51a23aea7/execute/sync - {"script":"<script> [8489 bytes]","args":[{"element-6066-11e4-a52e-4f735466cecf":"f.2D07FE98EF058A5017333A18E496C5C8.d.1532A16A55D743CF37A996A5DD25117A.e.2728","ELEMENT":"f.2D07FE98EF058A5017333A18E496C5C8.d.1532A16A55D743CF37A996A5DD25117A.e.2728"}]}
RESULT: {"script":"<script> [8489 bytes]","args":[{"element-6066-11e4-a52e-4f735466cecf":"f.2D07FE98EF058A5017333A18E496C5C8.d.1532A16A55D743CF37A996A5DD25117A.e.2728","ELEMENT":"f.2D07FE98EF058A5017333A18E496C5C8.d.1532A16A55D743CF37A996A5DD25117A.e.2728"}]}
COMMAND: POST /session/153c6080784a3c0ed5a7a3a51a23aea7/execute/async - {"script":"<script> [1562 bytes]","args":[{"selector":{"id":"application-manageyards-display-component---NewYard--addressNewCostObjectCstID-vhi"},"wdio_ui5_key":"applicationmanageyards-display-component---NewYard--addressNewCostObjectCstID-vhi"}]}
COMMAND: GET /session/153c6080784a3c0ed5a7a3a51a23aea7/screenshot - {}
RESULT: {"script":"<script> [1562 bytes]","args":[{"selector":{"id":"application-manageyards-display-component---NewYard--addressNewCostObjectCstID-vhi"},"wdio_ui5_key":"applicationmanageyards-display-component---NewYard--addressNewCostObjectCstID-vhi"}]}
RESULT: undefined
COMMAND: POST /session/153c6080784a3c0ed5a7a3a51a23aea7/element - {"using":"xpath","value":"//*[@id=\"application-manageyards-display-component---NewYard--addressNewCostObjectCstID-vhi\"]"}
RESULT: {}
RESULT: {"using":"xpath","value":"//*[@id=\"application-manageyards-display-component---NewYard--addressNewCostObjectCstID-vhi\"]"}
COMMAND: POST /session/153c6080784a3c0ed5a7a3a51a23aea7/element/f.2D07FE98EF058A5017333A18E496C5C8.d.1532A16A55D743CF37A996A5DD25117A.e.2728/click - {}
RESULT: {}
COMMAND: GET /session/153c6080784a3c0ed5a7a3a51a23aea7/screenshot - {}
RESULT: {}
COMMAND: POST /session/153c6080784a3c0ed5a7a3a51a23aea7/execute/async - {"script":"<script> [1562 bytes]","args":[{"selector":{"controlType":"sap.m.SearchField","properties":{"placeholder":"Search"},"searchOpenDialogs":true,"interaction":{"idSuffix":"I"}},"wdio_ui5_key":"sapm.SearchField{\"placeholder\":\"Search\"}"}]}
RESULT: {"script":"<script> [1562 bytes]","args":[{"selector":{"controlType":"sap.m.SearchField","properties":{"placeholder":"Search"},"searchOpenDialogs":true,"interaction":{"idSuffix":"I"}},"wdio_ui5_key":"sapm.SearchField{\"placeholder\":\"Search\"}"}]}
RESULT: undefined
COMMAND: POST /session/153c6080784a3c0ed5a7a3a51a23aea7/execute/async - {"script":"<script> [776 bytes]","args":[{"enterText":"bauh_b","selector":{"controlType":"sap.m.SearchField","properties":{"placeholder":"Search"},"searchOpenDialogs":true,"interaction":{"idSuffix":"I"}},"clearTextFirst":true,"interactionType":"ENTER_TEXT"}]}
RESULT: {"script":"<script> [776 bytes]","args":[{"enterText":"bauh_b","selector":{"controlType":"sap.m.SearchField","properties":{"placeholder":"Search"},"searchOpenDialogs":true,"interaction":{"idSuffix":"I"}},"clearTextFirst":true,"interactionType":"ENTER_TEXT"}]}
COMMAND: POST /session/153c6080784a3c0ed5a7a3a51a23aea7/actions - {"actions":[{"id":"action1","type":"key","parameters":{},"actions":[{"type":"keyDown","value":"î€‡"},{"type":"pause","duration":10},{"type":"keyUp","value":"î€‡"}]}]}
RESULT: {"actions":[{"id":"action1","type":"key","parameters":{},"actions":[{"type":"keyDown","value":"î€‡"},{"type":"pause","duration":10},{"type":"keyUp","value":"î€‡"}]}]}
COMMAND: GET /session/153c6080784a3c0ed5a7a3a51a23aea7/screenshot - {}
RESULT: {}
COMMAND: POST /session/153c6080784a3c0ed5a7a3a51a23aea7/element - {"using":"xpath","value":"//span[contains(text(), \"Demo Yard\")]"}
RESULT: {"using":"xpath","value":"//span[contains(text(), \"Demo Yard\")]"}
COMMAND: POST /session/153c6080784a3c0ed5a7a3a51a23aea7/element/f.2D07FE98EF058A5017333A18E496C5C8.d.1532A16A55D743CF37A996A5DD25117A.e.2768/click - {}
RESULT: {}
COMMAND: GET /session/153c6080784a3c0ed5a7a3a51a23aea7/screenshot - {}
RESULT: {}
COMMAND: POST /session/153c6080784a3c0ed5a7a3a51a23aea7/element - {"using":"xpath","value":"//bdi[contains(text(), \"OK\")]"}
RESULT: {"using":"xpath","value":"//bdi[contains(text(), \"OK\")]"}
COMMAND: POST /session/153c6080784a3c0ed5a7a3a51a23aea7/element/f.2D07FE98EF058A5017333A18E496C5C8.d.1532A16A55D743CF37A996A5DD25117A.e.2769/click - {}
RESULT: {}
COMMAND: GET /session/153c6080784a3c0ed5a7a3a51a23aea7/screenshot - {}
RESULT: {}
COMMAND: POST /session/153c6080784a3c0ed5a7a3a51a23aea7/execute/async - {"script":"<script> [1562 bytes]","args":[{"selector":{"id":"application-manageyards-display-component---NewYard--addressEditDetailsCurrency-arrow"},"wdio_ui5_key":"applicationmanageyards-display-component---NewYard--addressEditDetailsCurrency-arrow"}]}
RESULT: {"script":"<script> [1562 bytes]","args":[{"selector":{"id":"application-manageyards-display-component---NewYard--addressEditDetailsCurrency-arrow"},"wdio_ui5_key":"applicationmanageyards-display-component---NewYard--addressEditDetailsCurrency-arrow"}]}
RESULT: undefined
COMMAND: POST /session/153c6080784a3c0ed5a7a3a51a23aea7/element - {"using":"xpath","value":"//*[@id=\"application-manageyards-display-component---NewYard--addressEditDetailsCurrency-arrow\"]"}
RESULT: {"using":"xpath","value":"//*[@id=\"application-manageyards-display-component---NewYard--addressEditDetailsCurrency-arrow\"]"}
COMMAND: POST /session/153c6080784a3c0ed5a7a3a51a23aea7/element/f.2D07FE98EF058A5017333A18E496C5C8.d.1532A16A55D743CF37A996A5DD25117A.e.2772/click - {}
RESULT: {}
COMMAND: POST /session/153c6080784a3c0ed5a7a3a51a23aea7/element - {"using":"xpath","value":"//span[contains(text(), \"Euro\")]"}
COMMAND: GET /session/153c6080784a3c0ed5a7a3a51a23aea7/screenshot - {}
RESULT: {"using":"xpath","value":"//span[contains(text(), \"Euro\")]"}
COMMAND: POST /session/153c6080784a3c0ed5a7a3a51a23aea7/element/f.2D07FE98EF058A5017333A18E496C5C8.d.1532A16A55D743CF37A996A5DD25117A.e.2773/click - {}
RESULT: {}
RESULT: {}
COMMAND: POST /session/153c6080784a3c0ed5a7a3a51a23aea7/execute/async - {"script":"<script> [1562 bytes]","args":[{"selector":{"controlType":"sap.m.Input","viewName":"etm.portal.ui.manageyards.view.New","viewId":"application-manageyards-display-component---NewYard","bindingPath":{"path":"","propertyPath":"/CONTROLLING_AREA","modelName":"NewYardModel"},"interaction":{"idSuffix":"inner"}},"wdio_ui5_key":"etmportal.ui.manageyards.view.Newsap.m.Input{\"path\":\"\",\"propertyPath\":\"/CONTROLLING_AREA\",\"modelName\":\"NewYardModel\"}"}]}
COMMAND: GET /session/153c6080784a3c0ed5a7a3a51a23aea7/screenshot - {}
RESULT: {"script":"<script> [1562 bytes]","args":[{"selector":{"controlType":"sap.m.Input","viewName":"etm.portal.ui.manageyards.view.New","viewId":"application-manageyards-display-component---NewYard","bindingPath":{"path":"","propertyPath":"/CONTROLLING_AREA","modelName":"NewYardModel"},"interaction":{"idSuffix":"inner"}},"wdio_ui5_key":"etmportal.ui.manageyards.view.Newsap.m.Input{\"path\":\"\",\"propertyPath\":\"/CONTROLLING_AREA\",\"modelName\":\"NewYardModel\"}"}]}
RESULT: undefined
COMMAND: POST /session/153c6080784a3c0ed5a7a3a51a23aea7/execute/async - {"script":"<script> [776 bytes]","args":[{"enterText":"Z001","selector":{"controlType":"sap.m.Input","viewName":"etm.portal.ui.manageyards.view.New","viewId":"application-manageyards-display-component---NewYard","bindingPath":{"path":"","propertyPath":"/CONTROLLING_AREA","modelName":"NewYardModel"},"interaction":{"idSuffix":"inner"}},"clearTextFirst":true,"interactionType":"ENTER_TEXT"}]}
RESULT: {}
RESULT: {"script":"<script> [776 bytes]","args":[{"enterText":"Z001","selector":{"controlType":"sap.m.Input","viewName":"etm.portal.ui.manageyards.view.New","viewId":"application-manageyards-display-component---NewYard","bindingPath":{"path":"","propertyPath":"/CONTROLLING_AREA","modelName":"NewYardModel"},"interaction":{"idSuffix":"inner"}},"clearTextFirst":true,"interactionType":"ENTER_TEXT"}]}
COMMAND: POST /session/153c6080784a3c0ed5a7a3a51a23aea7/execute/async - {"script":"<script> [1562 bytes]","args":[{"selector":{"id":"application-manageyards-display-component---NewYard--companyCodeComboBox","interaction":{"idSuffix":"inner"}},"wdio_ui5_key":"applicationmanageyards-display-component---NewYard--companyCodeComboBox"}]}
RESULT: {"script":"<script> [1562 bytes]","args":[{"selector":{"id":"application-manageyards-display-component---NewYard--companyCodeComboBox","interaction":{"idSuffix":"inner"}},"wdio_ui5_key":"applicationmanageyards-display-component---NewYard--companyCodeComboBox"}]}
RESULT: undefined
COMMAND: POST /session/153c6080784a3c0ed5a7a3a51a23aea7/execute/async - {"script":"<script> [776 bytes]","args":[{"enterText":"1000","selector":{"id":"application-manageyards-display-component---NewYard--companyCodeComboBox","interaction":{"idSuffix":"inner"}},"clearTextFirst":true,"interactionType":"ENTER_TEXT"}]}
RESULT: {"script":"<script> [776 bytes]","args":[{"enterText":"1000","selector":{"id":"application-manageyards-display-component---NewYard--companyCodeComboBox","interaction":{"idSuffix":"inner"}},"clearTextFirst":true,"interactionType":"ENTER_TEXT"}]}
COMMAND: POST /session/153c6080784a3c0ed5a7a3a51a23aea7/execute/async - {"script":"<script> [1562 bytes]","args":[{"selector":{"controlType":"sap.m.Input","viewName":"etm.portal.ui.manageyards.view.New","viewId":"application-manageyards-display-component---NewYard","bindingPath":{"path":"","propertyPath":"/PLANT","modelName":"NewYardModel"},"interaction":{"idSuffix":"inner"}},"wdio_ui5_key":"etmportal.ui.manageyards.view.Newsap.m.Input{\"path\":\"\",\"propertyPath\":\"/PLANT\",\"modelName\":\"NewYardModel\"}"}]}
RESULT: {"script":"<script> [1562 bytes]","args":[{"selector":{"controlType":"sap.m.Input","viewName":"etm.portal.ui.manageyards.view.New","viewId":"application-manageyards-display-component---NewYard","bindingPath":{"path":"","propertyPath":"/PLANT","modelName":"NewYardModel"},"interaction":{"idSuffix":"inner"}},"wdio_ui5_key":"etmportal.ui.manageyards.view.Newsap.m.Input{\"path\":\"\",\"propertyPath\":\"/PLANT\",\"modelName\":\"NewYardModel\"}"}]}
RESULT: undefined
COMMAND: POST /session/153c6080784a3c0ed5a7a3a51a23aea7/execute/async - {"script":"<script> [776 bytes]","args":[{"enterText":"1001","selector":{"controlType":"sap.m.Input","viewName":"etm.portal.ui.manageyards.view.New","viewId":"application-manageyards-display-component---NewYard","bindingPath":{"path":"","propertyPath":"/PLANT","modelName":"NewYardModel"},"interaction":{"idSuffix":"inner"}},"clearTextFirst":true,"interactionType":"ENTER_TEXT"}]}
RESULT: {"script":"<script> [776 bytes]","args":[{"enterText":"1001","selector":{"controlType":"sap.m.Input","viewName":"etm.portal.ui.manageyards.view.New","viewId":"application-manageyards-display-component---NewYard","bindingPath":{"path":"","propertyPath":"/PLANT","modelName":"NewYardModel"},"interaction":{"idSuffix":"inner"}},"clearTextFirst":true,"interactionType":"ENTER_TEXT"}]}
COMMAND: POST /session/153c6080784a3c0ed5a7a3a51a23aea7/execute/async - {"script":"<script> [1562 bytes]","args":[{"selector":{"controlType":"sap.m.Input","viewName":"etm.portal.ui.manageyards.view.New","viewId":"application-manageyards-display-component---NewYard","bindingPath":{"path":"","propertyPath":"/SALES_AREA_VKORG","modelName":"NewYardModel"},"interaction":{"idSuffix":"inner"}},"wdio_ui5_key":"etmportal.ui.manageyards.view.Newsap.m.Input{\"path\":\"\",\"propertyPath\":\"/SALES_AREA_VKORG\",\"modelName\":\"NewYardModel\"}"}]}
RESULT: {"script":"<script> [1562 bytes]","args":[{"selector":{"controlType":"sap.m.Input","viewName":"etm.portal.ui.manageyards.view.New","viewId":"application-manageyards-display-component---NewYard","bindingPath":{"path":"","propertyPath":"/SALES_AREA_VKORG","modelName":"NewYardModel"},"interaction":{"idSuffix":"inner"}},"wdio_ui5_key":"etmportal.ui.manageyards.view.Newsap.m.Input{\"path\":\"\",\"propertyPath\":\"/SALES_AREA_VKORG\",\"modelName\":\"NewYardModel\"}"}]}
RESULT: undefined
COMMAND: POST /session/153c6080784a3c0ed5a7a3a51a23aea7/execute/async - {"script":"<script> [776 bytes]","args":[{"enterText":"C002","selector":{"controlType":"sap.m.Input","viewName":"etm.portal.ui.manageyards.view.New","viewId":"application-manageyards-display-component---NewYard","bindingPath":{"path":"","propertyPath":"/SALES_AREA_VKORG","modelName":"NewYardModel"},"interaction":{"idSuffix":"inner"}},"clearTextFirst":true,"interactionType":"ENTER_TEXT"}]}
RESULT: {"script":"<script> [776 bytes]","args":[{"enterText":"C002","selector":{"controlType":"sap.m.Input","viewName":"etm.portal.ui.manageyards.view.New","viewId":"application-manageyards-display-component---NewYard","bindingPath":{"path":"","propertyPath":"/SALES_AREA_VKORG","modelName":"NewYardModel"},"interaction":{"idSuffix":"inner"}},"clearTextFirst":true,"interactionType":"ENTER_TEXT"}]}
COMMAND: POST /session/153c6080784a3c0ed5a7a3a51a23aea7/execute/async - {"script":"<script> [1562 bytes]","args":[{"selector":{"controlType":"sap.m.Input","viewName":"etm.portal.ui.manageyards.view.New","viewId":"application-manageyards-display-component---NewYard","bindingPath":{"path":"","propertyPath":"/SALES_AREA_VTWEG","modelName":"NewYardModel"},"interaction":{"idSuffix":"inner"}},"wdio_ui5_key":"etmportal.ui.manageyards.view.Newsap.m.Input{\"path\":\"\",\"propertyPath\":\"/SALES_AREA_VTWEG\",\"modelName\":\"NewYardModel\"}"}]}
RESULT: {"script":"<script> [1562 bytes]","args":[{"selector":{"controlType":"sap.m.Input","viewName":"etm.portal.ui.manageyards.view.New","viewId":"application-manageyards-display-component---NewYard","bindingPath":{"path":"","propertyPath":"/SALES_AREA_VTWEG","modelName":"NewYardModel"},"interaction":{"idSuffix":"inner"}},"wdio_ui5_key":"etmportal.ui.manageyards.view.Newsap.m.Input{\"path\":\"\",\"propertyPath\":\"/SALES_AREA_VTWEG\",\"modelName\":\"NewYardModel\"}"}]}
RESULT: undefined
COMMAND: POST /session/153c6080784a3c0ed5a7a3a51a23aea7/execute/async - {"script":"<script> [776 bytes]","args":[{"enterText":"C2","selector":{"controlType":"sap.m.Input","viewName":"etm.portal.ui.manageyards.view.New","viewId":"application-manageyards-display-component---NewYard","bindingPath":{"path":"","propertyPath":"/SALES_AREA_VTWEG","modelName":"NewYardModel"},"interaction":{"idSuffix":"inner"}},"clearTextFirst":true,"interactionType":"ENTER_TEXT"}]}
RESULT: {"script":"<script> [776 bytes]","args":[{"enterText":"C2","selector":{"controlType":"sap.m.Input","viewName":"etm.portal.ui.manageyards.view.New","viewId":"application-manageyards-display-component---NewYard","bindingPath":{"path":"","propertyPath":"/SALES_AREA_VTWEG","modelName":"NewYardModel"},"interaction":{"idSuffix":"inner"}},"clearTextFirst":true,"interactionType":"ENTER_TEXT"}]}
COMMAND: POST /session/153c6080784a3c0ed5a7a3a51a23aea7/execute/async - {"script":"<script> [1562 bytes]","args":[{"selector":{"controlType":"sap.m.Input","viewName":"etm.portal.ui.manageyards.view.New","viewId":"application-manageyards-display-component---NewYard","bindingPath":{"path":"","propertyPath":"/SALES_AREA_SPART","modelName":"NewYardModel"},"interaction":{"idSuffix":"inner"}},"wdio_ui5_key":"etmportal.ui.manageyards.view.Newsap.m.Input{\"path\":\"\",\"propertyPath\":\"/SALES_AREA_SPART\",\"modelName\":\"NewYardModel\"}"}]}
RESULT: {"script":"<script> [1562 bytes]","args":[{"selector":{"controlType":"sap.m.Input","viewName":"etm.portal.ui.manageyards.view.New","viewId":"application-manageyards-display-component---NewYard","bindingPath":{"path":"","propertyPath":"/SALES_AREA_SPART","modelName":"NewYardModel"},"interaction":{"idSuffix":"inner"}},"wdio_ui5_key":"etmportal.ui.manageyards.view.Newsap.m.Input{\"path\":\"\",\"propertyPath\":\"/SALES_AREA_SPART\",\"modelName\":\"NewYardModel\"}"}]}
RESULT: undefined
COMMAND: POST /session/153c6080784a3c0ed5a7a3a51a23aea7/execute/async - {"script":"<script> [776 bytes]","args":[{"enterText":"C2","selector":{"controlType":"sap.m.Input","viewName":"etm.portal.ui.manageyards.view.New","viewId":"application-manageyards-display-component---NewYard","bindingPath":{"path":"","propertyPath":"/SALES_AREA_SPART","modelName":"NewYardModel"},"interaction":{"idSuffix":"inner"}},"clearTextFirst":true,"interactionType":"ENTER_TEXT"}]}
RESULT: {"script":"<script> [776 bytes]","args":[{"enterText":"C2","selector":{"controlType":"sap.m.Input","viewName":"etm.portal.ui.manageyards.view.New","viewId":"application-manageyards-display-component---NewYard","bindingPath":{"path":"","propertyPath":"/SALES_AREA_SPART","modelName":"NewYardModel"},"interaction":{"idSuffix":"inner"}},"clearTextFirst":true,"interactionType":"ENTER_TEXT"}]}
COMMAND: POST /session/153c6080784a3c0ed5a7a3a51a23aea7/execute/async - {"script":"<script> [1562 bytes]","args":[{"selector":{"controlType":"sap.m.Input","viewName":"etm.portal.ui.manageyards.view.New","viewId":"application-manageyards-display-component---NewYard","bindingPath":{"path":"","propertyPath":"/SHIP_POINT","modelName":"NewYardModel"},"interaction":{"idSuffix":"inner"}},"wdio_ui5_key":"etmportal.ui.manageyards.view.Newsap.m.Input{\"path\":\"\",\"propertyPath\":\"/SHIP_POINT\",\"modelName\":\"NewYardModel\"}"}]}
RESULT: {"script":"<script> [1562 bytes]","args":[{"selector":{"controlType":"sap.m.Input","viewName":"etm.portal.ui.manageyards.view.New","viewId":"application-manageyards-display-component---NewYard","bindingPath":{"path":"","propertyPath":"/SHIP_POINT","modelName":"NewYardModel"},"interaction":{"idSuffix":"inner"}},"wdio_ui5_key":"etmportal.ui.manageyards.view.Newsap.m.Input{\"path\":\"\",\"propertyPath\":\"/SHIP_POINT\",\"modelName\":\"NewYardModel\"}"}]}
RESULT: undefined
COMMAND: POST /session/153c6080784a3c0ed5a7a3a51a23aea7/execute/async - {"script":"<script> [776 bytes]","args":[{"enterText":"1710","selector":{"controlType":"sap.m.Input","viewName":"etm.portal.ui.manageyards.view.New","viewId":"application-manageyards-display-component---NewYard","bindingPath":{"path":"","propertyPath":"/SHIP_POINT","modelName":"NewYardModel"},"interaction":{"idSuffix":"inner"}},"clearTextFirst":true,"interactionType":"ENTER_TEXT"}]}
RESULT: {"script":"<script> [776 bytes]","args":[{"enterText":"1710","selector":{"controlType":"sap.m.Input","viewName":"etm.portal.ui.manageyards.view.New","viewId":"application-manageyards-display-component---NewYard","bindingPath":{"path":"","propertyPath":"/SHIP_POINT","modelName":"NewYardModel"},"interaction":{"idSuffix":"inner"}},"clearTextFirst":true,"interactionType":"ENTER_TEXT"}]}
COMMAND: POST /session/153c6080784a3c0ed5a7a3a51a23aea7/execute/async - {"script":"<script> [1562 bytes]","args":[{"selector":{"controlType":"sap.m.Input","viewName":"etm.portal.ui.manageyards.view.New","viewId":"application-manageyards-display-component---NewYard","bindingPath":{"path":"","propertyPath":"/DELIVERY_TYPE","modelName":"NewYardModel"},"interaction":{"idSuffix":"inner"}},"wdio_ui5_key":"etmportal.ui.manageyards.view.Newsap.m.Input{\"path\":\"\",\"propertyPath\":\"/DELIVERY_TYPE\",\"modelName\":\"NewYardModel\"}"}]}
RESULT: {"script":"<script> [1562 bytes]","args":[{"selector":{"controlType":"sap.m.Input","viewName":"etm.portal.ui.manageyards.view.New","viewId":"application-manageyards-display-component---NewYard","bindingPath":{"path":"","propertyPath":"/DELIVERY_TYPE","modelName":"NewYardModel"},"interaction":{"idSuffix":"inner"}},"wdio_ui5_key":"etmportal.ui.manageyards.view.Newsap.m.Input{\"path\":\"\",\"propertyPath\":\"/DELIVERY_TYPE\",\"modelName\":\"NewYardModel\"}"}]}
RESULT: undefined
COMMAND: POST /session/153c6080784a3c0ed5a7a3a51a23aea7/execute/async - {"script":"<script> [776 bytes]","args":[{"enterText":"ZL01","selector":{"controlType":"sap.m.Input","viewName":"etm.portal.ui.manageyards.view.New","viewId":"application-manageyards-display-component---NewYard","bindingPath":{"path":"","propertyPath":"/DELIVERY_TYPE","modelName":"NewYardModel"},"interaction":{"idSuffix":"inner"}},"clearTextFirst":true,"interactionType":"ENTER_TEXT"}]}
RESULT: {"script":"<script> [776 bytes]","args":[{"enterText":"ZL01","selector":{"controlType":"sap.m.Input","viewName":"etm.portal.ui.manageyards.view.New","viewId":"application-manageyards-display-component---NewYard","bindingPath":{"path":"","propertyPath":"/DELIVERY_TYPE","modelName":"NewYardModel"},"interaction":{"idSuffix":"inner"}},"clearTextFirst":true,"interactionType":"ENTER_TEXT"}]}
COMMAND: POST /session/153c6080784a3c0ed5a7a3a51a23aea7/execute/async - {"script":"<script> [1562 bytes]","args":[{"selector":{"controlType":"sap.m.Input","viewName":"etm.portal.ui.manageyards.view.New","viewId":"application-manageyards-display-component---NewYard","bindingPath":{"path":"","propertyPath":"/AUART","modelName":"NewYardModel"},"interaction":{"idSuffix":"inner"}},"wdio_ui5_key":"etmportal.ui.manageyards.view.Newsap.m.Input{\"path\":\"\",\"propertyPath\":\"/AUART\",\"modelName\":\"NewYardModel\"}"}]}
RESULT: {"script":"<script> [1562 bytes]","args":[{"selector":{"controlType":"sap.m.Input","viewName":"etm.portal.ui.manageyards.view.New","viewId":"application-manageyards-display-component---NewYard","bindingPath":{"path":"","propertyPath":"/AUART","modelName":"NewYardModel"},"interaction":{"idSuffix":"inner"}},"wdio_ui5_key":"etmportal.ui.manageyards.view.Newsap.m.Input{\"path\":\"\",\"propertyPath\":\"/AUART\",\"modelName\":\"NewYardModel\"}"}]}
RESULT: undefined
COMMAND: POST /session/153c6080784a3c0ed5a7a3a51a23aea7/execute/async - {"script":"<script> [776 bytes]","args":[{"enterText":"TA","selector":{"controlType":"sap.m.Input","viewName":"etm.portal.ui.manageyards.view.New","viewId":"application-manageyards-display-component---NewYard","bindingPath":{"path":"","propertyPath":"/AUART","modelName":"NewYardModel"},"interaction":{"idSuffix":"inner"}},"clearTextFirst":true,"interactionType":"ENTER_TEXT"}]}
RESULT: {"script":"<script> [776 bytes]","args":[{"enterText":"TA","selector":{"controlType":"sap.m.Input","viewName":"etm.portal.ui.manageyards.view.New","viewId":"application-manageyards-display-component---NewYard","bindingPath":{"path":"","propertyPath":"/AUART","modelName":"NewYardModel"},"interaction":{"idSuffix":"inner"}},"clearTextFirst":true,"interactionType":"ENTER_TEXT"}]}
COMMAND: POST /session/153c6080784a3c0ed5a7a3a51a23aea7/element - {"using":"xpath","value":"//button[@data-kt=\"newYardSaveButton\"]"}
RESULT: {"using":"xpath","value":"//button[@data-kt=\"newYardSaveButton\"]"}
COMMAND: POST /session/153c6080784a3c0ed5a7a3a51a23aea7/element/f.2D07FE98EF058A5017333A18E496C5C8.d.1532A16A55D743CF37A996A5DD25117A.e.2702/click - {}
RESULT: {}
COMMAND: GET /session/153c6080784a3c0ed5a7a3a51a23aea7/screenshot - {}
RESULT: {}
COMMAND: POST /session/153c6080784a3c0ed5a7a3a51a23aea7/element - {"using":"xpath","value":"//header[contains(@id, 'ObjectPageLayout-headerTitle')]/div[1]/div[2]/div[1]/span[1]"}
RESULT: {"using":"xpath","value":"//header[contains(@id, 'ObjectPageLayout-headerTitle')]/div[1]/div[2]/div[1]/span[1]"}
COMMAND: POST /session/153c6080784a3c0ed5a7a3a51a23aea7/elements - {"using":"xpath","value":"//header[contains(@id, 'ObjectPageLayout-headerTitle')]/div[1]/div[2]/div[1]/span[1]"}
RESULT: {"using":"xpath","value":"//header[contains(@id, 'ObjectPageLayout-headerTitle')]/div[1]/div[2]/div[1]/span[1]"}
COMMAND: POST /session/153c6080784a3c0ed5a7a3a51a23aea7/execute/sync - {"script":"<script> [56 bytes]","args":[{"element-6066-11e4-a52e-4f735466cecf":"f.2D07FE98EF058A5017333A18E496C5C8.d.1532A16A55D743CF37A996A5DD25117A.e.2990","ELEMENT":"f.2D07FE98EF058A5017333A18E496C5C8.d.1532A16A55D743CF37A996A5DD25117A.e.2990"}]}
RESULT: {"script":"<script> [56 bytes]","args":[{"element-6066-11e4-a52e-4f735466cecf":"f.2D07FE98EF058A5017333A18E496C5C8.d.1532A16A55D743CF37A996A5DD25117A.e.2990","ELEMENT":"f.2D07FE98EF058A5017333A18E496C5C8.d.1532A16A55D743CF37A996A5DD25117A.e.2990"}]}
COMMAND: GET /session/153c6080784a3c0ed5a7a3a51a23aea7/screenshot - {}
RESULT: {}
COMMAND: POST /session/153c6080784a3c0ed5a7a3a51a23aea7/element - {"using":"css selector","value":"#shell-header-logo"}
RESULT: {"using":"css selector","value":"#shell-header-logo"}
COMMAND: POST /session/153c6080784a3c0ed5a7a3a51a23aea7/element/f.2D07FE98EF058A5017333A18E496C5C8.d.1532A16A55D743CF37A996A5DD25117A.e.2254/click - {}
RESULT: {}
COMMAND: GET /session/153c6080784a3c0ed5a7a3a51a23aea7/screenshot - {}
RESULT: {}
COMMAND: POST /session/153c6080784a3c0ed5a7a3a51a23aea7/execute/sync - {"script":"<script> [299 bytes]","args":[["getModel","getResource"]]}
RESULT: {"script":"<script> [299 bytes]","args":[["getModel","getResource"]]}
COMMAND: GET /session/153c6080784a3c0ed5a7a3a51a23aea7/screenshot - {}
]]></system-out>
    </testcase>
    <testcase classname="chrome.137_0_7151_56.windows.Billing_Transfer_-_Master_data_&amp;_Intercompany_US127250" name="Should create a new partner" time="147.074">
      <system-out><![CDATA[
COMMAND: POST /session/153c6080784a3c0ed5a7a3a51a23aea7/window/fullscreen - {}
RESULT: {}
RESULT: {}
COMMAND: POST /session/153c6080784a3c0ed5a7a3a51a23aea7/execute/async - {"script":"<script> [1562 bytes]","args":[{"selector":{"controlType":"sap.m.GenericTile","properties":{"header":"Manage Partners"}},"wdio_ui5_key":"sapm.GenericTile{\"header\":\"Manage Partners\"}"}]}
RESULT: {"script":"<script> [1562 bytes]","args":[{"selector":{"controlType":"sap.m.GenericTile","properties":{"header":"Manage Partners"}},"wdio_ui5_key":"sapm.GenericTile{\"header\":\"Manage Partners\"}"}]}
RESULT: undefined
COMMAND: POST /session/153c6080784a3c0ed5a7a3a51a23aea7/element - {"using":"xpath","value":"//*[@id=\"__tile38\"]"}
RESULT: {"using":"xpath","value":"//*[@id=\"__tile38\"]"}
COMMAND: POST /session/153c6080784a3c0ed5a7a3a51a23aea7/element/f.2D07FE98EF058A5017333A18E496C5C8.d.1532A16A55D743CF37A996A5DD25117A.e.2139/click - {}
RESULT: {}
COMMAND: GET /session/153c6080784a3c0ed5a7a3a51a23aea7/screenshot - {}
RESULT: {}
COMMAND: POST /session/153c6080784a3c0ed5a7a3a51a23aea7/elements - {"using":"xpath","value":"//span[text()='Error']"}
RESULT: {"using":"xpath","value":"//span[text()='Error']"}
COMMAND: POST /session/153c6080784a3c0ed5a7a3a51a23aea7/element - {"using":"xpath","value":"//button[@data-kt=\"addButton\"]"}
RESULT: {"using":"xpath","value":"//button[@data-kt=\"addButton\"]"}
COMMAND: POST /session/153c6080784a3c0ed5a7a3a51a23aea7/elements - {"using":"xpath","value":"//button[@data-kt=\"addButton\"]"}
RESULT: {"using":"xpath","value":"//button[@data-kt=\"addButton\"]"}
COMMAND: POST /session/153c6080784a3c0ed5a7a3a51a23aea7/execute/sync - {"script":"<script> [8489 bytes]","args":[{"element-6066-11e4-a52e-4f735466cecf":"f.2D07FE98EF058A5017333A18E496C5C8.d.1532A16A55D743CF37A996A5DD25117A.e.3040","ELEMENT":"f.2D07FE98EF058A5017333A18E496C5C8.d.1532A16A55D743CF37A996A5DD25117A.e.3040"}]}
RESULT: {"script":"<script> [8489 bytes]","args":[{"element-6066-11e4-a52e-4f735466cecf":"f.2D07FE98EF058A5017333A18E496C5C8.d.1532A16A55D743CF37A996A5DD25117A.e.3040","ELEMENT":"f.2D07FE98EF058A5017333A18E496C5C8.d.1532A16A55D743CF37A996A5DD25117A.e.3040"}]}
COMMAND: GET /session/153c6080784a3c0ed5a7a3a51a23aea7/element/f.2D07FE98EF058A5017333A18E496C5C8.d.1532A16A55D743CF37A996A5DD25117A.e.3040/enabled - {}
COMMAND: GET /session/153c6080784a3c0ed5a7a3a51a23aea7/screenshot - {}
RESULT: {}
COMMAND: POST /session/153c6080784a3c0ed5a7a3a51a23aea7/execute/sync - {"script":"<script> [8489 bytes]","args":[{"element-6066-11e4-a52e-4f735466cecf":"f.2D07FE98EF058A5017333A18E496C5C8.d.1532A16A55D743CF37A996A5DD25117A.e.3040","ELEMENT":"f.2D07FE98EF058A5017333A18E496C5C8.d.1532A16A55D743CF37A996A5DD25117A.e.3040"}]}
COMMAND: GET /session/153c6080784a3c0ed5a7a3a51a23aea7/screenshot - {}
RESULT: {}
RESULT: {}
RESULT: {"script":"<script> [8489 bytes]","args":[{"element-6066-11e4-a52e-4f735466cecf":"f.2D07FE98EF058A5017333A18E496C5C8.d.1532A16A55D743CF37A996A5DD25117A.e.3040","ELEMENT":"f.2D07FE98EF058A5017333A18E496C5C8.d.1532A16A55D743CF37A996A5DD25117A.e.3040"}]}
COMMAND: POST /session/153c6080784a3c0ed5a7a3a51a23aea7/execute/sync - {"script":"<script> [5351 bytes]","args":[{"element-6066-11e4-a52e-4f735466cecf":"f.2D07FE98EF058A5017333A18E496C5C8.d.1532A16A55D743CF37A996A5DD25117A.e.3040","ELEMENT":"f.2D07FE98EF058A5017333A18E496C5C8.d.1532A16A55D743CF37A996A5DD25117A.e.3040"}]}
COMMAND: GET /session/153c6080784a3c0ed5a7a3a51a23aea7/screenshot - {}
RESULT: {"script":"<script> [5351 bytes]","args":[{"element-6066-11e4-a52e-4f735466cecf":"f.2D07FE98EF058A5017333A18E496C5C8.d.1532A16A55D743CF37A996A5DD25117A.e.3040","ELEMENT":"f.2D07FE98EF058A5017333A18E496C5C8.d.1532A16A55D743CF37A996A5DD25117A.e.3040"}]}
COMMAND: POST /session/153c6080784a3c0ed5a7a3a51a23aea7/element/f.2D07FE98EF058A5017333A18E496C5C8.d.1532A16A55D743CF37A996A5DD25117A.e.3040/click - {}
COMMAND: GET /session/153c6080784a3c0ed5a7a3a51a23aea7/screenshot - {}
RESULT: {}
RESULT: {}
COMMAND: GET /session/153c6080784a3c0ed5a7a3a51a23aea7/screenshot - {}
COMMAND: POST /session/153c6080784a3c0ed5a7a3a51a23aea7/execute/async - {"script":"<script> [1562 bytes]","args":[{"selector":{"id":"application-managepartners-display-component---NewPartner--addressDetailDetailsName1","interaction":{"idSuffix":"inner"}},"wdio_ui5_key":"applicationmanagepartners-display-component---NewPartner--addressDetailDetailsName1"}]}
RESULT: {}
RESULT: {}
RESULT: {"script":"<script> [1562 bytes]","args":[{"selector":{"id":"application-managepartners-display-component---NewPartner--addressDetailDetailsName1","interaction":{"idSuffix":"inner"}},"wdio_ui5_key":"applicationmanagepartners-display-component---NewPartner--addressDetailDetailsName1"}]}
RESULT: undefined
COMMAND: POST /session/153c6080784a3c0ed5a7a3a51a23aea7/execute/async - {"script":"<script> [776 bytes]","args":[{"enterText":"Intercompany Partner WDIO","selector":{"id":"application-managepartners-display-component---NewPartner--addressDetailDetailsName1","interaction":{"idSuffix":"inner"}},"clearTextFirst":true,"interactionType":"ENTER_TEXT"}]}
RESULT: {"script":"<script> [776 bytes]","args":[{"enterText":"Intercompany Partner WDIO","selector":{"id":"application-managepartners-display-component---NewPartner--addressDetailDetailsName1","interaction":{"idSuffix":"inner"}},"clearTextFirst":true,"interactionType":"ENTER_TEXT"}]}
COMMAND: POST /session/153c6080784a3c0ed5a7a3a51a23aea7/execute/async - {"script":"<script> [1562 bytes]","args":[{"selector":{"id":"application-managepartners-display-component---NewPartner--addressDetailDetailsLanguage-arrow"},"wdio_ui5_key":"applicationmanagepartners-display-component---NewPartner--addressDetailDetailsLanguage-arrow"}]}
RESULT: {"script":"<script> [1562 bytes]","args":[{"selector":{"id":"application-managepartners-display-component---NewPartner--addressDetailDetailsLanguage-arrow"},"wdio_ui5_key":"applicationmanagepartners-display-component---NewPartner--addressDetailDetailsLanguage-arrow"}]}
RESULT: undefined
COMMAND: POST /session/153c6080784a3c0ed5a7a3a51a23aea7/element - {"using":"xpath","value":"//*[@id=\"application-managepartners-display-component---NewPartner--addressDetailDetailsLanguage-arrow\"]"}
RESULT: {"using":"xpath","value":"//*[@id=\"application-managepartners-display-component---NewPartner--addressDetailDetailsLanguage-arrow\"]"}
COMMAND: POST /session/153c6080784a3c0ed5a7a3a51a23aea7/element/f.2D07FE98EF058A5017333A18E496C5C8.d.1532A16A55D743CF37A996A5DD25117A.e.3476/click - {}
RESULT: {}
COMMAND: POST /session/153c6080784a3c0ed5a7a3a51a23aea7/element - {"using":"xpath","value":"//span[contains(text(), \"English\")]"}
COMMAND: GET /session/153c6080784a3c0ed5a7a3a51a23aea7/screenshot - {}
RESULT: {"using":"xpath","value":"//span[contains(text(), \"English\")]"}
COMMAND: POST /session/153c6080784a3c0ed5a7a3a51a23aea7/element/f.2D07FE98EF058A5017333A18E496C5C8.d.1532A16A55D743CF37A996A5DD25117A.e.3477/click - {}
RESULT: {}
RESULT: {}
COMMAND: GET /session/153c6080784a3c0ed5a7a3a51a23aea7/screenshot - {}
RESULT: {}
COMMAND: POST /session/153c6080784a3c0ed5a7a3a51a23aea7/execute/async - {"script":"<script> [1562 bytes]","args":[{"selector":{"id":"application-managepartners-display-component---NewPartner--addressDetailDetailsCity1","interaction":{"idSuffix":"inner"}},"wdio_ui5_key":"applicationmanagepartners-display-component---NewPartner--addressDetailDetailsCity1"}]}
RESULT: {"script":"<script> [1562 bytes]","args":[{"selector":{"id":"application-managepartners-display-component---NewPartner--addressDetailDetailsCity1","interaction":{"idSuffix":"inner"}},"wdio_ui5_key":"applicationmanagepartners-display-component---NewPartner--addressDetailDetailsCity1"}]}
RESULT: undefined
COMMAND: POST /session/153c6080784a3c0ed5a7a3a51a23aea7/execute/async - {"script":"<script> [776 bytes]","args":[{"enterText":"Rosario","selector":{"id":"application-managepartners-display-component---NewPartner--addressDetailDetailsCity1","interaction":{"idSuffix":"inner"}},"clearTextFirst":true,"interactionType":"ENTER_TEXT"}]}
RESULT: {"script":"<script> [776 bytes]","args":[{"enterText":"Rosario","selector":{"id":"application-managepartners-display-component---NewPartner--addressDetailDetailsCity1","interaction":{"idSuffix":"inner"}},"clearTextFirst":true,"interactionType":"ENTER_TEXT"}]}
COMMAND: POST /session/153c6080784a3c0ed5a7a3a51a23aea7/execute/async - {"script":"<script> [1562 bytes]","args":[{"selector":{"id":"application-managepartners-display-component---NewPartner--addressDetailDetailsCountry-arrow"},"wdio_ui5_key":"applicationmanagepartners-display-component---NewPartner--addressDetailDetailsCountry-arrow"}]}
RESULT: {"script":"<script> [1562 bytes]","args":[{"selector":{"id":"application-managepartners-display-component---NewPartner--addressDetailDetailsCountry-arrow"},"wdio_ui5_key":"applicationmanagepartners-display-component---NewPartner--addressDetailDetailsCountry-arrow"}]}
RESULT: undefined
COMMAND: POST /session/153c6080784a3c0ed5a7a3a51a23aea7/element - {"using":"xpath","value":"//*[@id=\"application-managepartners-display-component---NewPartner--addressDetailDetailsCountry-arrow\"]"}
RESULT: {"using":"xpath","value":"//*[@id=\"application-managepartners-display-component---NewPartner--addressDetailDetailsCountry-arrow\"]"}
COMMAND: POST /session/153c6080784a3c0ed5a7a3a51a23aea7/element/f.2D07FE98EF058A5017333A18E496C5C8.d.1532A16A55D743CF37A996A5DD25117A.e.3433/click - {}
RESULT: {}
COMMAND: POST /session/153c6080784a3c0ed5a7a3a51a23aea7/element - {"using":"xpath","value":"//span[contains(text(), \"Argentina\")]"}
COMMAND: GET /session/153c6080784a3c0ed5a7a3a51a23aea7/screenshot - {}
RESULT: {"using":"xpath","value":"//span[contains(text(), \"Argentina\")]"}
COMMAND: POST /session/153c6080784a3c0ed5a7a3a51a23aea7/element/f.2D07FE98EF058A5017333A18E496C5C8.d.1532A16A55D743CF37A996A5DD25117A.e.3479/click - {}
RESULT: {}
RESULT: {}
COMMAND: GET /session/153c6080784a3c0ed5a7a3a51a23aea7/screenshot - {}
RESULT: {}
COMMAND: POST /session/153c6080784a3c0ed5a7a3a51a23aea7/element - {"using":"xpath","value":"//bdi[contains(text(), \"Commercial\")]"}
RESULT: {"using":"xpath","value":"//bdi[contains(text(), \"Commercial\")]"}
COMMAND: POST /session/153c6080784a3c0ed5a7a3a51a23aea7/element/f.2D07FE98EF058A5017333A18E496C5C8.d.1532A16A55D743CF37A996A5DD25117A.e.3480/click - {}
RESULT: {}
COMMAND: GET /session/153c6080784a3c0ed5a7a3a51a23aea7/screenshot - {}
RESULT: {}
COMMAND: POST /session/153c6080784a3c0ed5a7a3a51a23aea7/execute/async - {"script":"<script> [1562 bytes]","args":[{"selector":{"id":"application-managepartners-display-component---NewPartner--partnerDetailInternal-arrow"},"wdio_ui5_key":"applicationmanagepartners-display-component---NewPartner--partnerDetailInternal-arrow"}]}
RESULT: {"script":"<script> [1562 bytes]","args":[{"selector":{"id":"application-managepartners-display-component---NewPartner--partnerDetailInternal-arrow"},"wdio_ui5_key":"applicationmanagepartners-display-component---NewPartner--partnerDetailInternal-arrow"}]}
RESULT: undefined
COMMAND: POST /session/153c6080784a3c0ed5a7a3a51a23aea7/element - {"using":"xpath","value":"//*[@id=\"application-managepartners-display-component---NewPartner--partnerDetailInternal-arrow\"]"}
RESULT: {"using":"xpath","value":"//*[@id=\"application-managepartners-display-component---NewPartner--partnerDetailInternal-arrow\"]"}
COMMAND: POST /session/153c6080784a3c0ed5a7a3a51a23aea7/element/f.2D07FE98EF058A5017333A18E496C5C8.d.1532A16A55D743CF37A996A5DD25117A.e.3486/click - {}
RESULT: {}
COMMAND: POST /session/153c6080784a3c0ed5a7a3a51a23aea7/element - {"using":"xpath","value":"//span[contains(text(), \"Affiliated company\")]"}
COMMAND: GET /session/153c6080784a3c0ed5a7a3a51a23aea7/screenshot - {}
RESULT: {"using":"xpath","value":"//span[contains(text(), \"Affiliated company\")]"}
COMMAND: POST /session/153c6080784a3c0ed5a7a3a51a23aea7/element/f.2D07FE98EF058A5017333A18E496C5C8.d.1532A16A55D743CF37A996A5DD25117A.e.3487/click - {}
RESULT: {}
RESULT: {}
COMMAND: POST /session/153c6080784a3c0ed5a7a3a51a23aea7/execute/async - {"script":"<script> [1562 bytes]","args":[{"selector":{"id":"application-managepartners-display-component---NewPartner--partnerDetailsCurrency-arrow"},"wdio_ui5_key":"applicationmanagepartners-display-component---NewPartner--partnerDetailsCurrency-arrow"}]}
COMMAND: GET /session/153c6080784a3c0ed5a7a3a51a23aea7/screenshot - {}
RESULT: {"script":"<script> [1562 bytes]","args":[{"selector":{"id":"application-managepartners-display-component---NewPartner--partnerDetailsCurrency-arrow"},"wdio_ui5_key":"applicationmanagepartners-display-component---NewPartner--partnerDetailsCurrency-arrow"}]}
RESULT: undefined
COMMAND: POST /session/153c6080784a3c0ed5a7a3a51a23aea7/element - {"using":"xpath","value":"//*[@id=\"application-managepartners-display-component---NewPartner--partnerDetailsCurrency-arrow\"]"}
RESULT: {}
RESULT: {"using":"xpath","value":"//*[@id=\"application-managepartners-display-component---NewPartner--partnerDetailsCurrency-arrow\"]"}
COMMAND: POST /session/153c6080784a3c0ed5a7a3a51a23aea7/element/f.2D07FE98EF058A5017333A18E496C5C8.d.1532A16A55D743CF37A996A5DD25117A.e.3494/click - {}
RESULT: {}
COMMAND: POST /session/153c6080784a3c0ed5a7a3a51a23aea7/element - {"using":"xpath","value":"//span[contains(text(), \"Euro\")]"}
COMMAND: GET /session/153c6080784a3c0ed5a7a3a51a23aea7/screenshot - {}
RESULT: {"using":"xpath","value":"//span[contains(text(), \"Euro\")]"}
COMMAND: POST /session/153c6080784a3c0ed5a7a3a51a23aea7/element/f.2D07FE98EF058A5017333A18E496C5C8.d.1532A16A55D743CF37A996A5DD25117A.e.3495/click - {}
RESULT: {}
RESULT: {}
COMMAND: POST /session/153c6080784a3c0ed5a7a3a51a23aea7/execute/async - {"script":"<script> [1562 bytes]","args":[{"selector":{"id":"application-managepartners-display-component---NewPartner--addressEditDetailsCostObjectCstType-arrow"},"wdio_ui5_key":"applicationmanagepartners-display-component---NewPartner--addressEditDetailsCostObjectCstType-arrow"}]}
COMMAND: GET /session/153c6080784a3c0ed5a7a3a51a23aea7/screenshot - {}
RESULT: {"script":"<script> [1562 bytes]","args":[{"selector":{"id":"application-managepartners-display-component---NewPartner--addressEditDetailsCostObjectCstType-arrow"},"wdio_ui5_key":"applicationmanagepartners-display-component---NewPartner--addressEditDetailsCostObjectCstType-arrow"}]}
RESULT: undefined
COMMAND: POST /session/153c6080784a3c0ed5a7a3a51a23aea7/element - {"using":"xpath","value":"//*[@id=\"application-managepartners-display-component---NewPartner--addressEditDetailsCostObjectCstType-arrow\"]"}
RESULT: {}
RESULT: {"using":"xpath","value":"//*[@id=\"application-managepartners-display-component---NewPartner--addressEditDetailsCostObjectCstType-arrow\"]"}
COMMAND: POST /session/153c6080784a3c0ed5a7a3a51a23aea7/element/f.2D07FE98EF058A5017333A18E496C5C8.d.1532A16A55D743CF37A996A5DD25117A.e.3496/click - {}
RESULT: {}
COMMAND: POST /session/153c6080784a3c0ed5a7a3a51a23aea7/element - {"using":"xpath","value":"//span[contains(text(), \"Cost Center\")]"}
COMMAND: GET /session/153c6080784a3c0ed5a7a3a51a23aea7/screenshot - {}
RESULT: {"using":"xpath","value":"//span[contains(text(), \"Cost Center\")]"}
COMMAND: POST /session/153c6080784a3c0ed5a7a3a51a23aea7/element/f.2D07FE98EF058A5017333A18E496C5C8.d.1532A16A55D743CF37A996A5DD25117A.e.3497/click - {}
RESULT: {}
RESULT: {}
COMMAND: GET /session/153c6080784a3c0ed5a7a3a51a23aea7/screenshot - {}
RESULT: {}
COMMAND: POST /session/153c6080784a3c0ed5a7a3a51a23aea7/element - {"using":"xpath","value":"//span[@id=\"application-managepartners-display-component---NewPartner--addressNewCostObjectCstID-vhi\"]"}
RESULT: {"using":"xpath","value":"//span[@id=\"application-managepartners-display-component---NewPartner--addressNewCostObjectCstID-vhi\"]"}
COMMAND: POST /session/153c6080784a3c0ed5a7a3a51a23aea7/execute/sync - {"script":"<script> [8489 bytes]","args":[{"element-6066-11e4-a52e-4f735466cecf":"f.2D07FE98EF058A5017333A18E496C5C8.d.1532A16A55D743CF37A996A5DD25117A.e.3501","ELEMENT":"f.2D07FE98EF058A5017333A18E496C5C8.d.1532A16A55D743CF37A996A5DD25117A.e.3501"}]}
RESULT: {"script":"<script> [8489 bytes]","args":[{"element-6066-11e4-a52e-4f735466cecf":"f.2D07FE98EF058A5017333A18E496C5C8.d.1532A16A55D743CF37A996A5DD25117A.e.3501","ELEMENT":"f.2D07FE98EF058A5017333A18E496C5C8.d.1532A16A55D743CF37A996A5DD25117A.e.3501"}]}
COMMAND: POST /session/153c6080784a3c0ed5a7a3a51a23aea7/execute/async - {"script":"<script> [1562 bytes]","args":[{"selector":{"id":"application-managepartners-display-component---NewPartner--addressNewCostObjectCstID-vhi"},"wdio_ui5_key":"applicationmanagepartners-display-component---NewPartner--addressNewCostObjectCstID-vhi"}]}
COMMAND: GET /session/153c6080784a3c0ed5a7a3a51a23aea7/screenshot - {}
RESULT: {"script":"<script> [1562 bytes]","args":[{"selector":{"id":"application-managepartners-display-component---NewPartner--addressNewCostObjectCstID-vhi"},"wdio_ui5_key":"applicationmanagepartners-display-component---NewPartner--addressNewCostObjectCstID-vhi"}]}
RESULT: undefined
COMMAND: POST /session/153c6080784a3c0ed5a7a3a51a23aea7/element - {"using":"xpath","value":"//*[@id=\"application-managepartners-display-component---NewPartner--addressNewCostObjectCstID-vhi\"]"}
RESULT: {}
RESULT: {"using":"xpath","value":"//*[@id=\"application-managepartners-display-component---NewPartner--addressNewCostObjectCstID-vhi\"]"}
COMMAND: POST /session/153c6080784a3c0ed5a7a3a51a23aea7/element/f.2D07FE98EF058A5017333A18E496C5C8.d.1532A16A55D743CF37A996A5DD25117A.e.3501/click - {}
RESULT: {}
COMMAND: GET /session/153c6080784a3c0ed5a7a3a51a23aea7/screenshot - {}
RESULT: {}
RESULT: undefined
COMMAND: POST /session/153c6080784a3c0ed5a7a3a51a23aea7/execute/async - {"script":"<script> [776 bytes]","args":[{"enterText":"10001013","selector":{"controlType":"sap.m.SearchField","properties":{"placeholder":"Search"},"searchOpenDialogs":true,"interaction":{"idSuffix":"I"}},"clearTextFirst":true,"interactionType":"ENTER_TEXT"}]}
RESULT: {"script":"<script> [776 bytes]","args":[{"enterText":"10001013","selector":{"controlType":"sap.m.SearchField","properties":{"placeholder":"Search"},"searchOpenDialogs":true,"interaction":{"idSuffix":"I"}},"clearTextFirst":true,"interactionType":"ENTER_TEXT"}]}
COMMAND: POST /session/153c6080784a3c0ed5a7a3a51a23aea7/actions - {"actions":[{"id":"action2","type":"key","parameters":{},"actions":[{"type":"keyDown","value":"î€‡"},{"type":"pause","duration":10},{"type":"keyUp","value":"î€‡"}]}]}
RESULT: {"actions":[{"id":"action2","type":"key","parameters":{},"actions":[{"type":"keyDown","value":"î€‡"},{"type":"pause","duration":10},{"type":"keyUp","value":"î€‡"}]}]}
COMMAND: GET /session/153c6080784a3c0ed5a7a3a51a23aea7/screenshot - {}
RESULT: {}
COMMAND: POST /session/153c6080784a3c0ed5a7a3a51a23aea7/element - {"using":"xpath","value":"//span[contains(text(), \"General Management\")]"}
RESULT: {"using":"xpath","value":"//span[contains(text(), \"General Management\")]"}
COMMAND: POST /session/153c6080784a3c0ed5a7a3a51a23aea7/element/f.2D07FE98EF058A5017333A18E496C5C8.d.1532A16A55D743CF37A996A5DD25117A.e.3508/click - {}
RESULT: {}
COMMAND: GET /session/153c6080784a3c0ed5a7a3a51a23aea7/screenshot - {}
RESULT: {}
COMMAND: POST /session/153c6080784a3c0ed5a7a3a51a23aea7/element - {"using":"xpath","value":"//bdi[contains(text(), \"OK\")]"}
RESULT: {"using":"xpath","value":"//bdi[contains(text(), \"OK\")]"}
COMMAND: POST /session/153c6080784a3c0ed5a7a3a51a23aea7/element/f.2D07FE98EF058A5017333A18E496C5C8.d.1532A16A55D743CF37A996A5DD25117A.e.3510/click - {}
RESULT: {}
COMMAND: GET /session/153c6080784a3c0ed5a7a3a51a23aea7/screenshot - {}
RESULT: {}
COMMAND: POST /session/153c6080784a3c0ed5a7a3a51a23aea7/element - {"using":"xpath","value":"//input[@id=\"application-managepartners-display-component---NewPartner--companyCodeComboBox-inner\"]"}
RESULT: {"using":"xpath","value":"//input[@id=\"application-managepartners-display-component---NewPartner--companyCodeComboBox-inner\"]"}
COMMAND: POST /session/153c6080784a3c0ed5a7a3a51a23aea7/element/f.2D07FE98EF058A5017333A18E496C5C8.d.1532A16A55D743CF37A996A5DD25117A.e.3428/clear - {}
RESULT: {}
COMMAND: POST /session/153c6080784a3c0ed5a7a3a51a23aea7/element/f.2D07FE98EF058A5017333A18E496C5C8.d.1532A16A55D743CF37A996A5DD25117A.e.3428/value - {"text":"C002"}
COMMAND: GET /session/153c6080784a3c0ed5a7a3a51a23aea7/screenshot - {}
RESULT: {"text":"C002"}
COMMAND: GET /session/153c6080784a3c0ed5a7a3a51a23aea7/screenshot - {}
RESULT: {}
RESULT: {}
COMMAND: POST /session/153c6080784a3c0ed5a7a3a51a23aea7/element - {"using":"xpath","value":"//li[.//span[text()= \"C002\"]]"}
RESULT: {"using":"xpath","value":"//li[.//span[text()= \"C002\"]]"}
COMMAND: POST /session/153c6080784a3c0ed5a7a3a51a23aea7/element/f.2D07FE98EF058A5017333A18E496C5C8.d.1532A16A55D743CF37A996A5DD25117A.e.3516/click - {}
RESULT: {}
COMMAND: GET /session/153c6080784a3c0ed5a7a3a51a23aea7/screenshot - {}
RESULT: {}
COMMAND: POST /session/153c6080784a3c0ed5a7a3a51a23aea7/execute/async - {"script":"<script> [1562 bytes]","args":[{"selector":{"id":"application-managepartners-display-component---NewPartner--btnAddTableRow-img"},"wdio_ui5_key":"applicationmanagepartners-display-component---NewPartner--btnAddTableRow-img"}]}
RESULT: {"script":"<script> [1562 bytes]","args":[{"selector":{"id":"application-managepartners-display-component---NewPartner--btnAddTableRow-img"},"wdio_ui5_key":"applicationmanagepartners-display-component---NewPartner--btnAddTableRow-img"}]}
RESULT: undefined
COMMAND: POST /session/153c6080784a3c0ed5a7a3a51a23aea7/element - {"using":"xpath","value":"//*[@id=\"application-managepartners-display-component---NewPartner--btnAddTableRow-img\"]"}
RESULT: {"using":"xpath","value":"//*[@id=\"application-managepartners-display-component---NewPartner--btnAddTableRow-img\"]"}
COMMAND: POST /session/153c6080784a3c0ed5a7a3a51a23aea7/element/f.2D07FE98EF058A5017333A18E496C5C8.d.1532A16A55D743CF37A996A5DD25117A.e.3517/click - {}
RESULT: {}
COMMAND: GET /session/153c6080784a3c0ed5a7a3a51a23aea7/screenshot - {}
RESULT: {}
COMMAND: POST /session/153c6080784a3c0ed5a7a3a51a23aea7/element - {"using":"xpath","value":"//input[@id=\"application-managepartners-display-component---NewPartner--assignmentYard-application-managepartners-display-component---NewPartner--assignmentsTable-0-inner\"]"}
RESULT: {"using":"xpath","value":"//input[@id=\"application-managepartners-display-component---NewPartner--assignmentYard-application-managepartners-display-component---NewPartner--assignmentsTable-0-inner\"]"}
COMMAND: POST /session/153c6080784a3c0ed5a7a3a51a23aea7/element/f.2D07FE98EF058A5017333A18E496C5C8.d.1532A16A55D743CF37A996A5DD25117A.e.3520/clear - {}
RESULT: {}
COMMAND: POST /session/153c6080784a3c0ed5a7a3a51a23aea7/element/f.2D07FE98EF058A5017333A18E496C5C8.d.1532A16A55D743CF37A996A5DD25117A.e.3520/value - {"text":"663"}
COMMAND: GET /session/153c6080784a3c0ed5a7a3a51a23aea7/screenshot - {}
RESULT: {"text":"663"}
COMMAND: GET /session/153c6080784a3c0ed5a7a3a51a23aea7/screenshot - {}
RESULT: {}
RESULT: {}
COMMAND: POST /session/153c6080784a3c0ed5a7a3a51a23aea7/element - {"using":"xpath","value":"//li[.//span[text()='663']]"}
RESULT: {"using":"xpath","value":"//li[.//span[text()='663']]"}
COMMAND: POST /session/153c6080784a3c0ed5a7a3a51a23aea7/element/f.2D07FE98EF058A5017333A18E496C5C8.d.1532A16A55D743CF37A996A5DD25117A.e.3529/click - {}
RESULT: {}
COMMAND: GET /session/153c6080784a3c0ed5a7a3a51a23aea7/screenshot - {}
RESULT: {}
COMMAND: POST /session/153c6080784a3c0ed5a7a3a51a23aea7/actions - {"actions":[{"id":"action3","type":"key","parameters":{},"actions":[{"type":"keyDown","value":"î€‡"},{"type":"pause","duration":10},{"type":"keyUp","value":"î€‡"}]}]}
RESULT: {"actions":[{"id":"action3","type":"key","parameters":{},"actions":[{"type":"keyDown","value":"î€‡"},{"type":"pause","duration":10},{"type":"keyUp","value":"î€‡"}]}]}
COMMAND: POST /session/153c6080784a3c0ed5a7a3a51a23aea7/execute/async - {"script":"<script> [1562 bytes]","args":[{"selector":{"id":"application-managepartners-display-component---NewPartner--externalCustomerComboBox-application-managepartners-display-component---NewPartner--assignmentsTable-0-vhi"},"wdio_ui5_key":"applicationmanagepartners-display-component---NewPartner--externalCustomerComboBox-application-managepartners-display-component---NewPartner--assignmentsTable-0-vhi"}]}
COMMAND: GET /session/153c6080784a3c0ed5a7a3a51a23aea7/screenshot - {}
RESULT: {"script":"<script> [1562 bytes]","args":[{"selector":{"id":"application-managepartners-display-component---NewPartner--externalCustomerComboBox-application-managepartners-display-component---NewPartner--assignmentsTable-0-vhi"},"wdio_ui5_key":"applicationmanagepartners-display-component---NewPartner--externalCustomerComboBox-application-managepartners-display-component---NewPartner--assignmentsTable-0-vhi"}]}
RESULT: undefined
COMMAND: POST /session/153c6080784a3c0ed5a7a3a51a23aea7/element - {"using":"xpath","value":"//*[@id=\"application-managepartners-display-component---NewPartner--externalCustomerComboBox-application-managepartners-display-component---NewPartner--assignmentsTable-0-vhi\"]"}
RESULT: {}
RESULT: {"using":"xpath","value":"//*[@id=\"application-managepartners-display-component---NewPartner--externalCustomerComboBox-application-managepartners-display-component---NewPartner--assignmentsTable-0-vhi\"]"}
COMMAND: POST /session/153c6080784a3c0ed5a7a3a51a23aea7/element/f.2D07FE98EF058A5017333A18E496C5C8.d.1532A16A55D743CF37A996A5DD25117A.e.3533/click - {}
RESULT: {}
RESULT: undefined
COMMAND: POST /session/153c6080784a3c0ed5a7a3a51a23aea7/execute/async - {"script":"<script> [776 bytes]","args":[{"enterText":"300003","selector":{"controlType":"sap.m.SearchField","properties":{"placeholder":"Search"},"searchOpenDialogs":true,"interaction":{"idSuffix":"I"}},"clearTextFirst":true,"interactionType":"ENTER_TEXT"}]}
COMMAND: GET /session/153c6080784a3c0ed5a7a3a51a23aea7/screenshot - {}
RESULT: {"script":"<script> [776 bytes]","args":[{"enterText":"300003","selector":{"controlType":"sap.m.SearchField","properties":{"placeholder":"Search"},"searchOpenDialogs":true,"interaction":{"idSuffix":"I"}},"clearTextFirst":true,"interactionType":"ENTER_TEXT"}]}
COMMAND: POST /session/153c6080784a3c0ed5a7a3a51a23aea7/actions - {"actions":[{"id":"action4","type":"key","parameters":{},"actions":[{"type":"keyDown","value":"î€‡"},{"type":"pause","duration":10},{"type":"keyUp","value":"î€‡"}]}]}
RESULT: {}
RESULT: {"actions":[{"id":"action4","type":"key","parameters":{},"actions":[{"type":"keyDown","value":"î€‡"},{"type":"pause","duration":10},{"type":"keyUp","value":"î€‡"}]}]}
COMMAND: GET /session/153c6080784a3c0ed5a7a3a51a23aea7/screenshot - {}
RESULT: {}
COMMAND: POST /session/153c6080784a3c0ed5a7a3a51a23aea7/element - {"using":"xpath","value":"//span[contains(text(), \"300003\")]"}
RESULT: {"using":"xpath","value":"//span[contains(text(), \"300003\")]"}
COMMAND: POST /session/153c6080784a3c0ed5a7a3a51a23aea7/element/f.2D07FE98EF058A5017333A18E496C5C8.d.1532A16A55D743CF37A996A5DD25117A.e.3549/click - {}
RESULT: {}
COMMAND: GET /session/153c6080784a3c0ed5a7a3a51a23aea7/screenshot - {}
RESULT: {}
COMMAND: POST /session/153c6080784a3c0ed5a7a3a51a23aea7/element - {"using":"xpath","value":"//bdi[contains(text(), \"OK\")]"}
RESULT: {"using":"xpath","value":"//bdi[contains(text(), \"OK\")]"}
COMMAND: POST /session/153c6080784a3c0ed5a7a3a51a23aea7/element/f.2D07FE98EF058A5017333A18E496C5C8.d.1532A16A55D743CF37A996A5DD25117A.e.3551/click - {}
RESULT: {}
COMMAND: GET /session/153c6080784a3c0ed5a7a3a51a23aea7/screenshot - {}
RESULT: {}
COMMAND: POST /session/153c6080784a3c0ed5a7a3a51a23aea7/execute/async - {"script":"<script> [1562 bytes]","args":[{"selector":{"id":"application-managepartners-display-component---NewPartner--intercompVendorComboBox-application-managepartners-display-component---NewPartner--assignmentsTable-0-vhi"},"wdio_ui5_key":"applicationmanagepartners-display-component---NewPartner--intercompVendorComboBox-application-managepartners-display-component---NewPartner--assignmentsTable-0-vhi"}]}
RESULT: {"script":"<script> [1562 bytes]","args":[{"selector":{"id":"application-managepartners-display-component---NewPartner--intercompVendorComboBox-application-managepartners-display-component---NewPartner--assignmentsTable-0-vhi"},"wdio_ui5_key":"applicationmanagepartners-display-component---NewPartner--intercompVendorComboBox-application-managepartners-display-component---NewPartner--assignmentsTable-0-vhi"}]}
RESULT: undefined
COMMAND: POST /session/153c6080784a3c0ed5a7a3a51a23aea7/element - {"using":"xpath","value":"//*[@id=\"application-managepartners-display-component---NewPartner--intercompVendorComboBox-application-managepartners-display-component---NewPartner--assignmentsTable-0-vhi\"]"}
RESULT: {"using":"xpath","value":"//*[@id=\"application-managepartners-display-component---NewPartner--intercompVendorComboBox-application-managepartners-display-component---NewPartner--assignmentsTable-0-vhi\"]"}
COMMAND: POST /session/153c6080784a3c0ed5a7a3a51a23aea7/element/f.2D07FE98EF058A5017333A18E496C5C8.d.1532A16A55D743CF37A996A5DD25117A.e.3554/click - {}
RESULT: {}
RESULT: undefined
COMMAND: POST /session/153c6080784a3c0ed5a7a3a51a23aea7/execute/async - {"script":"<script> [776 bytes]","args":[{"enterText":"100005","selector":{"controlType":"sap.m.SearchField","properties":{"placeholder":"Search"},"searchOpenDialogs":true,"interaction":{"idSuffix":"I"}},"clearTextFirst":true,"interactionType":"ENTER_TEXT"}]}
COMMAND: GET /session/153c6080784a3c0ed5a7a3a51a23aea7/screenshot - {}
RESULT: {"script":"<script> [776 bytes]","args":[{"enterText":"100005","selector":{"controlType":"sap.m.SearchField","properties":{"placeholder":"Search"},"searchOpenDialogs":true,"interaction":{"idSuffix":"I"}},"clearTextFirst":true,"interactionType":"ENTER_TEXT"}]}
COMMAND: POST /session/153c6080784a3c0ed5a7a3a51a23aea7/actions - {"actions":[{"id":"action5","type":"key","parameters":{},"actions":[{"type":"keyDown","value":"î€‡"},{"type":"pause","duration":10},{"type":"keyUp","value":"î€‡"}]}]}
RESULT: {}
RESULT: {"actions":[{"id":"action5","type":"key","parameters":{},"actions":[{"type":"keyDown","value":"î€‡"},{"type":"pause","duration":10},{"type":"keyUp","value":"î€‡"}]}]}
COMMAND: GET /session/153c6080784a3c0ed5a7a3a51a23aea7/screenshot - {}
RESULT: {}
COMMAND: POST /session/153c6080784a3c0ed5a7a3a51a23aea7/element - {"using":"xpath","value":"//span[contains(text(), \"Penguins - Field/12345 Berlin\")]"}
RESULT: {"using":"xpath","value":"//span[contains(text(), \"Penguins - Field/12345 Berlin\")]"}
COMMAND: POST /session/153c6080784a3c0ed5a7a3a51a23aea7/element/f.2D07FE98EF058A5017333A18E496C5C8.d.1532A16A55D743CF37A996A5DD25117A.e.3571/click - {}
RESULT: {}
COMMAND: GET /session/153c6080784a3c0ed5a7a3a51a23aea7/screenshot - {}
RESULT: {}
COMMAND: POST /session/153c6080784a3c0ed5a7a3a51a23aea7/element - {"using":"xpath","value":"//bdi[contains(text(), \"OK\")]"}
RESULT: {"using":"xpath","value":"//bdi[contains(text(), \"OK\")]"}
COMMAND: POST /session/153c6080784a3c0ed5a7a3a51a23aea7/element/f.2D07FE98EF058A5017333A18E496C5C8.d.1532A16A55D743CF37A996A5DD25117A.e.3572/click - {}
RESULT: {}
COMMAND: GET /session/153c6080784a3c0ed5a7a3a51a23aea7/screenshot - {}
RESULT: {}
COMMAND: POST /session/153c6080784a3c0ed5a7a3a51a23aea7/element - {"using":"xpath","value":"//button[@data-kt=\"saveButton\"]"}
RESULT: {"using":"xpath","value":"//button[@data-kt=\"saveButton\"]"}
COMMAND: POST /session/153c6080784a3c0ed5a7a3a51a23aea7/element/f.2D07FE98EF058A5017333A18E496C5C8.d.1532A16A55D743CF37A996A5DD25117A.e.3454/click - {}
RESULT: {}
COMMAND: GET /session/153c6080784a3c0ed5a7a3a51a23aea7/screenshot - {}
RESULT: {}
COMMAND: POST /session/153c6080784a3c0ed5a7a3a51a23aea7/element - {"using":"xpath","value":"//header[contains(@id, 'ObjectPageLayout-headerTitle')]/div[1]/div[2]/div[2]/span[1]"}
RESULT: {"using":"xpath","value":"//header[contains(@id, 'ObjectPageLayout-headerTitle')]/div[1]/div[2]/div[2]/span[1]"}
COMMAND: POST /session/153c6080784a3c0ed5a7a3a51a23aea7/elements - {"using":"xpath","value":"//header[contains(@id, 'ObjectPageLayout-headerTitle')]/div[1]/div[2]/div[2]/span[1]"}
RESULT: {"using":"xpath","value":"//header[contains(@id, 'ObjectPageLayout-headerTitle')]/div[1]/div[2]/div[2]/span[1]"}
COMMAND: POST /session/153c6080784a3c0ed5a7a3a51a23aea7/execute/sync - {"script":"<script> [56 bytes]","args":[{"element-6066-11e4-a52e-4f735466cecf":"f.2D07FE98EF058A5017333A18E496C5C8.d.1532A16A55D743CF37A996A5DD25117A.e.3739","ELEMENT":"f.2D07FE98EF058A5017333A18E496C5C8.d.1532A16A55D743CF37A996A5DD25117A.e.3739"}]}
RESULT: {"script":"<script> [56 bytes]","args":[{"element-6066-11e4-a52e-4f735466cecf":"f.2D07FE98EF058A5017333A18E496C5C8.d.1532A16A55D743CF37A996A5DD25117A.e.3739","ELEMENT":"f.2D07FE98EF058A5017333A18E496C5C8.d.1532A16A55D743CF37A996A5DD25117A.e.3739"}]}
COMMAND: POST /session/153c6080784a3c0ed5a7a3a51a23aea7/element - {"using":"css selector","value":"#shell-header-logo"}
COMMAND: GET /session/153c6080784a3c0ed5a7a3a51a23aea7/screenshot - {}
RESULT: {"using":"css selector","value":"#shell-header-logo"}
COMMAND: POST /session/153c6080784a3c0ed5a7a3a51a23aea7/element/f.2D07FE98EF058A5017333A18E496C5C8.d.1532A16A55D743CF37A996A5DD25117A.e.2996/click - {}
RESULT: {}
RESULT: {}
COMMAND: GET /session/153c6080784a3c0ed5a7a3a51a23aea7/screenshot - {}
RESULT: {}
COMMAND: POST /session/153c6080784a3c0ed5a7a3a51a23aea7/execute/sync - {"script":"<script> [299 bytes]","args":[["getModel","getResource"]]}
RESULT: {"script":"<script> [299 bytes]","args":[["getModel","getResource"]]}
]]></system-out>
    </testcase>
    <testcase classname="chrome.137_0_7151_56.windows.Billing_Transfer_-_Master_data_&amp;_Intercompany_US127250" name="Should create a new site" time="115.112">
      <system-out><![CDATA[
COMMAND: POST /session/153c6080784a3c0ed5a7a3a51a23aea7/execute/async - {"script":"<script> [1562 bytes]","args":[{"selector":{"controlType":"sap.m.GenericTile","properties":{"header":"Manage Sites"}},"wdio_ui5_key":"sapm.GenericTile{\"header\":\"Manage Sites\"}"}]}
COMMAND: GET /session/153c6080784a3c0ed5a7a3a51a23aea7/screenshot - {}
RESULT: {"script":"<script> [1562 bytes]","args":[{"selector":{"controlType":"sap.m.GenericTile","properties":{"header":"Manage Sites"}},"wdio_ui5_key":"sapm.GenericTile{\"header\":\"Manage Sites\"}"}]}
RESULT: undefined
COMMAND: POST /session/153c6080784a3c0ed5a7a3a51a23aea7/element - {"using":"xpath","value":"//*[@id=\"__tile40\"]"}
RESULT: {}
RESULT: {"using":"xpath","value":"//*[@id=\"__tile40\"]"}
COMMAND: POST /session/153c6080784a3c0ed5a7a3a51a23aea7/element/f.2D07FE98EF058A5017333A18E496C5C8.d.1532A16A55D743CF37A996A5DD25117A.e.2145/click - {}
RESULT: {}
COMMAND: GET /session/153c6080784a3c0ed5a7a3a51a23aea7/screenshot - {}
RESULT: {}
COMMAND: POST /session/153c6080784a3c0ed5a7a3a51a23aea7/elements - {"using":"xpath","value":"//span[text()='Error']"}
RESULT: {"using":"xpath","value":"//span[text()='Error']"}
COMMAND: POST /session/153c6080784a3c0ed5a7a3a51a23aea7/element - {"using":"xpath","value":"//button[@data-kt=\"addOverflowToolbarButton\"]"}
RESULT: {"using":"xpath","value":"//button[@data-kt=\"addOverflowToolbarButton\"]"}
COMMAND: POST /session/153c6080784a3c0ed5a7a3a51a23aea7/elements - {"using":"xpath","value":"//button[@data-kt=\"addOverflowToolbarButton\"]"}
RESULT: {"using":"xpath","value":"//button[@data-kt=\"addOverflowToolbarButton\"]"}
COMMAND: POST /session/153c6080784a3c0ed5a7a3a51a23aea7/execute/sync - {"script":"<script> [8489 bytes]","args":[{"element-6066-11e4-a52e-4f735466cecf":"f.2D07FE98EF058A5017333A18E496C5C8.d.1532A16A55D743CF37A996A5DD25117A.e.3786","ELEMENT":"f.2D07FE98EF058A5017333A18E496C5C8.d.1532A16A55D743CF37A996A5DD25117A.e.3786"}]}
RESULT: {"script":"<script> [8489 bytes]","args":[{"element-6066-11e4-a52e-4f735466cecf":"f.2D07FE98EF058A5017333A18E496C5C8.d.1532A16A55D743CF37A996A5DD25117A.e.3786","ELEMENT":"f.2D07FE98EF058A5017333A18E496C5C8.d.1532A16A55D743CF37A996A5DD25117A.e.3786"}]}
COMMAND: GET /session/153c6080784a3c0ed5a7a3a51a23aea7/element/f.2D07FE98EF058A5017333A18E496C5C8.d.1532A16A55D743CF37A996A5DD25117A.e.3786/enabled - {}
COMMAND: GET /session/153c6080784a3c0ed5a7a3a51a23aea7/screenshot - {}
RESULT: {}
COMMAND: POST /session/153c6080784a3c0ed5a7a3a51a23aea7/execute/sync - {"script":"<script> [8489 bytes]","args":[{"element-6066-11e4-a52e-4f735466cecf":"f.2D07FE98EF058A5017333A18E496C5C8.d.1532A16A55D743CF37A996A5DD25117A.e.3786","ELEMENT":"f.2D07FE98EF058A5017333A18E496C5C8.d.1532A16A55D743CF37A996A5DD25117A.e.3786"}]}
COMMAND: GET /session/153c6080784a3c0ed5a7a3a51a23aea7/screenshot - {}
RESULT: {}
RESULT: {"script":"<script> [8489 bytes]","args":[{"element-6066-11e4-a52e-4f735466cecf":"f.2D07FE98EF058A5017333A18E496C5C8.d.1532A16A55D743CF37A996A5DD25117A.e.3786","ELEMENT":"f.2D07FE98EF058A5017333A18E496C5C8.d.1532A16A55D743CF37A996A5DD25117A.e.3786"}]}
COMMAND: POST /session/153c6080784a3c0ed5a7a3a51a23aea7/execute/sync - {"script":"<script> [5351 bytes]","args":[{"element-6066-11e4-a52e-4f735466cecf":"f.2D07FE98EF058A5017333A18E496C5C8.d.1532A16A55D743CF37A996A5DD25117A.e.3786","ELEMENT":"f.2D07FE98EF058A5017333A18E496C5C8.d.1532A16A55D743CF37A996A5DD25117A.e.3786"}]}
COMMAND: GET /session/153c6080784a3c0ed5a7a3a51a23aea7/screenshot - {}
RESULT: {}
RESULT: {"script":"<script> [5351 bytes]","args":[{"element-6066-11e4-a52e-4f735466cecf":"f.2D07FE98EF058A5017333A18E496C5C8.d.1532A16A55D743CF37A996A5DD25117A.e.3786","ELEMENT":"f.2D07FE98EF058A5017333A18E496C5C8.d.1532A16A55D743CF37A996A5DD25117A.e.3786"}]}
COMMAND: POST /session/153c6080784a3c0ed5a7a3a51a23aea7/element/f.2D07FE98EF058A5017333A18E496C5C8.d.1532A16A55D743CF37A996A5DD25117A.e.3786/click - {}
COMMAND: GET /session/153c6080784a3c0ed5a7a3a51a23aea7/screenshot - {}
RESULT: {}
RESULT: {}
COMMAND: GET /session/153c6080784a3c0ed5a7a3a51a23aea7/screenshot - {}
COMMAND: POST /session/153c6080784a3c0ed5a7a3a51a23aea7/element - {"using":"xpath","value":"//input[@id=\"application-managesites-display-component---NewSite--siteId-inner\"]"}
RESULT: {}
RESULT: {}
RESULT: {"using":"xpath","value":"//input[@id=\"application-managesites-display-component---NewSite--siteId-inner\"]"}
COMMAND: POST /session/153c6080784a3c0ed5a7a3a51a23aea7/element - {"using":"xpath","value":"//input[@id=\"application-managesites-display-component---NewSite--siteId-inner\"]"}
RESULT: {"using":"xpath","value":"//input[@id=\"application-managesites-display-component---NewSite--siteId-inner\"]"}
COMMAND: POST /session/153c6080784a3c0ed5a7a3a51a23aea7/execute/async - {"script":"<script> [1562 bytes]","args":[{"selector":{"id":"application-managesites-display-component---NewSite--addressDetailDetailsName1","interaction":{"idSuffix":"inner"}},"wdio_ui5_key":"applicationmanagesites-display-component---NewSite--addressDetailDetailsName1"}]}
RESULT: {"script":"<script> [1562 bytes]","args":[{"selector":{"id":"application-managesites-display-component---NewSite--addressDetailDetailsName1","interaction":{"idSuffix":"inner"}},"wdio_ui5_key":"applicationmanagesites-display-component---NewSite--addressDetailDetailsName1"}]}
RESULT: undefined
COMMAND: POST /session/153c6080784a3c0ed5a7a3a51a23aea7/execute/async - {"script":"<script> [776 bytes]","args":[{"enterText":"Intercompany Site wdIO","selector":{"id":"application-managesites-display-component---NewSite--addressDetailDetailsName1","interaction":{"idSuffix":"inner"}},"clearTextFirst":true,"interactionType":"ENTER_TEXT"}]}
RESULT: {"script":"<script> [776 bytes]","args":[{"enterText":"Intercompany Site wdIO","selector":{"id":"application-managesites-display-component---NewSite--addressDetailDetailsName1","interaction":{"idSuffix":"inner"}},"clearTextFirst":true,"interactionType":"ENTER_TEXT"}]}
COMMAND: POST /session/153c6080784a3c0ed5a7a3a51a23aea7/execute/async - {"script":"<script> [1562 bytes]","args":[{"selector":{"id":"application-managesites-display-component---NewSite--addressDetailDetailsLanguage-arrow"},"wdio_ui5_key":"applicationmanagesites-display-component---NewSite--addressDetailDetailsLanguage-arrow"}]}
RESULT: {"script":"<script> [1562 bytes]","args":[{"selector":{"id":"application-managesites-display-component---NewSite--addressDetailDetailsLanguage-arrow"},"wdio_ui5_key":"applicationmanagesites-display-component---NewSite--addressDetailDetailsLanguage-arrow"}]}
RESULT: undefined
COMMAND: POST /session/153c6080784a3c0ed5a7a3a51a23aea7/element - {"using":"xpath","value":"//*[@id=\"application-managesites-display-component---NewSite--addressDetailDetailsLanguage-arrow\"]"}
RESULT: {"using":"xpath","value":"//*[@id=\"application-managesites-display-component---NewSite--addressDetailDetailsLanguage-arrow\"]"}
COMMAND: POST /session/153c6080784a3c0ed5a7a3a51a23aea7/element/f.2D07FE98EF058A5017333A18E496C5C8.d.1532A16A55D743CF37A996A5DD25117A.e.4191/click - {}
RESULT: {}
COMMAND: POST /session/153c6080784a3c0ed5a7a3a51a23aea7/element - {"using":"xpath","value":"//span[contains(text(), \"English\")]"}
COMMAND: GET /session/153c6080784a3c0ed5a7a3a51a23aea7/screenshot - {}
RESULT: {"using":"xpath","value":"//span[contains(text(), \"English\")]"}
COMMAND: POST /session/153c6080784a3c0ed5a7a3a51a23aea7/element/f.2D07FE98EF058A5017333A18E496C5C8.d.1532A16A55D743CF37A996A5DD25117A.e.4192/click - {}
RESULT: {}
RESULT: {}
COMMAND: POST /session/153c6080784a3c0ed5a7a3a51a23aea7/execute/async - {"script":"<script> [1562 bytes]","args":[{"selector":{"id":"application-managesites-display-component---NewSite--addressDetailDetailsCity1","interaction":{"idSuffix":"inner"}},"wdio_ui5_key":"applicationmanagesites-display-component---NewSite--addressDetailDetailsCity1"}]}
COMMAND: GET /session/153c6080784a3c0ed5a7a3a51a23aea7/screenshot - {}
RESULT: {"script":"<script> [1562 bytes]","args":[{"selector":{"id":"application-managesites-display-component---NewSite--addressDetailDetailsCity1","interaction":{"idSuffix":"inner"}},"wdio_ui5_key":"applicationmanagesites-display-component---NewSite--addressDetailDetailsCity1"}]}
RESULT: undefined
COMMAND: POST /session/153c6080784a3c0ed5a7a3a51a23aea7/execute/async - {"script":"<script> [776 bytes]","args":[{"enterText":"Rosario","selector":{"id":"application-managesites-display-component---NewSite--addressDetailDetailsCity1","interaction":{"idSuffix":"inner"}},"clearTextFirst":true,"interactionType":"ENTER_TEXT"}]}
RESULT: {}
RESULT: {"script":"<script> [776 bytes]","args":[{"enterText":"Rosario","selector":{"id":"application-managesites-display-component---NewSite--addressDetailDetailsCity1","interaction":{"idSuffix":"inner"}},"clearTextFirst":true,"interactionType":"ENTER_TEXT"}]}
COMMAND: POST /session/153c6080784a3c0ed5a7a3a51a23aea7/execute/async - {"script":"<script> [1562 bytes]","args":[{"selector":{"id":"application-managesites-display-component---NewSite--addressDetailDetailsCountry-arrow"},"wdio_ui5_key":"applicationmanagesites-display-component---NewSite--addressDetailDetailsCountry-arrow"}]}
RESULT: {"script":"<script> [1562 bytes]","args":[{"selector":{"id":"application-managesites-display-component---NewSite--addressDetailDetailsCountry-arrow"},"wdio_ui5_key":"applicationmanagesites-display-component---NewSite--addressDetailDetailsCountry-arrow"}]}
RESULT: undefined
COMMAND: POST /session/153c6080784a3c0ed5a7a3a51a23aea7/element - {"using":"xpath","value":"//*[@id=\"application-managesites-display-component---NewSite--addressDetailDetailsCountry-arrow\"]"}
RESULT: {"using":"xpath","value":"//*[@id=\"application-managesites-display-component---NewSite--addressDetailDetailsCountry-arrow\"]"}
COMMAND: POST /session/153c6080784a3c0ed5a7a3a51a23aea7/element/f.2D07FE98EF058A5017333A18E496C5C8.d.1532A16A55D743CF37A996A5DD25117A.e.4194/click - {}
RESULT: {}
COMMAND: POST /session/153c6080784a3c0ed5a7a3a51a23aea7/element - {"using":"xpath","value":"//span[contains(text(), \"Argentina\")]"}
COMMAND: GET /session/153c6080784a3c0ed5a7a3a51a23aea7/screenshot - {}
RESULT: {"using":"xpath","value":"//span[contains(text(), \"Argentina\")]"}
COMMAND: POST /session/153c6080784a3c0ed5a7a3a51a23aea7/element/f.2D07FE98EF058A5017333A18E496C5C8.d.1532A16A55D743CF37A996A5DD25117A.e.4195/click - {}
RESULT: {}
RESULT: {}
COMMAND: GET /session/153c6080784a3c0ed5a7a3a51a23aea7/screenshot - {}
RESULT: {}
COMMAND: POST /session/153c6080784a3c0ed5a7a3a51a23aea7/execute/async - {"script":"<script> [1562 bytes]","args":[{"selector":{"id":"application-managesites-display-component---NewSite--addressEditDetailsCostObjectCstType-arrow"},"wdio_ui5_key":"applicationmanagesites-display-component---NewSite--addressEditDetailsCostObjectCstType-arrow"}]}
RESULT: {"script":"<script> [1562 bytes]","args":[{"selector":{"id":"application-managesites-display-component---NewSite--addressEditDetailsCostObjectCstType-arrow"},"wdio_ui5_key":"applicationmanagesites-display-component---NewSite--addressEditDetailsCostObjectCstType-arrow"}]}
RESULT: undefined
COMMAND: POST /session/153c6080784a3c0ed5a7a3a51a23aea7/element - {"using":"xpath","value":"//*[@id=\"application-managesites-display-component---NewSite--addressEditDetailsCostObjectCstType-arrow\"]"}
RESULT: {"using":"xpath","value":"//*[@id=\"application-managesites-display-component---NewSite--addressEditDetailsCostObjectCstType-arrow\"]"}
COMMAND: POST /session/153c6080784a3c0ed5a7a3a51a23aea7/element/f.2D07FE98EF058A5017333A18E496C5C8.d.1532A16A55D743CF37A996A5DD25117A.e.4197/click - {}
RESULT: {}
COMMAND: POST /session/153c6080784a3c0ed5a7a3a51a23aea7/element - {"using":"xpath","value":"//span[contains(text(), \"Cost Center\")]"}
COMMAND: GET /session/153c6080784a3c0ed5a7a3a51a23aea7/screenshot - {}
RESULT: {"using":"xpath","value":"//span[contains(text(), \"Cost Center\")]"}
COMMAND: POST /session/153c6080784a3c0ed5a7a3a51a23aea7/element/f.2D07FE98EF058A5017333A18E496C5C8.d.1532A16A55D743CF37A996A5DD25117A.e.4198/click - {}
RESULT: {}
RESULT: {}
COMMAND: GET /session/153c6080784a3c0ed5a7a3a51a23aea7/screenshot - {}
RESULT: {}
COMMAND: POST /session/153c6080784a3c0ed5a7a3a51a23aea7/element - {"using":"xpath","value":"//span[@id=\"application-managesites-display-component---NewSite--addressNewCostObjectCstID-vhi\"]"}
RESULT: {"using":"xpath","value":"//span[@id=\"application-managesites-display-component---NewSite--addressNewCostObjectCstID-vhi\"]"}
COMMAND: POST /session/153c6080784a3c0ed5a7a3a51a23aea7/execute/sync - {"script":"<script> [8489 bytes]","args":[{"element-6066-11e4-a52e-4f735466cecf":"f.2D07FE98EF058A5017333A18E496C5C8.d.1532A16A55D743CF37A996A5DD25117A.e.4203","ELEMENT":"f.2D07FE98EF058A5017333A18E496C5C8.d.1532A16A55D743CF37A996A5DD25117A.e.4203"}]}
RESULT: {"script":"<script> [8489 bytes]","args":[{"element-6066-11e4-a52e-4f735466cecf":"f.2D07FE98EF058A5017333A18E496C5C8.d.1532A16A55D743CF37A996A5DD25117A.e.4203","ELEMENT":"f.2D07FE98EF058A5017333A18E496C5C8.d.1532A16A55D743CF37A996A5DD25117A.e.4203"}]}
COMMAND: POST /session/153c6080784a3c0ed5a7a3a51a23aea7/execute/async - {"script":"<script> [1562 bytes]","args":[{"selector":{"id":"application-managesites-display-component---NewSite--addressNewCostObjectCstID-vhi"},"wdio_ui5_key":"applicationmanagesites-display-component---NewSite--addressNewCostObjectCstID-vhi"}]}
COMMAND: GET /session/153c6080784a3c0ed5a7a3a51a23aea7/screenshot - {}
RESULT: {"script":"<script> [1562 bytes]","args":[{"selector":{"id":"application-managesites-display-component---NewSite--addressNewCostObjectCstID-vhi"},"wdio_ui5_key":"applicationmanagesites-display-component---NewSite--addressNewCostObjectCstID-vhi"}]}
RESULT: undefined
COMMAND: POST /session/153c6080784a3c0ed5a7a3a51a23aea7/element - {"using":"xpath","value":"//*[@id=\"application-managesites-display-component---NewSite--addressNewCostObjectCstID-vhi\"]"}
RESULT: {}
RESULT: {"using":"xpath","value":"//*[@id=\"application-managesites-display-component---NewSite--addressNewCostObjectCstID-vhi\"]"}
COMMAND: POST /session/153c6080784a3c0ed5a7a3a51a23aea7/element/f.2D07FE98EF058A5017333A18E496C5C8.d.1532A16A55D743CF37A996A5DD25117A.e.4203/click - {}
RESULT: {}
COMMAND: GET /session/153c6080784a3c0ed5a7a3a51a23aea7/screenshot - {}
RESULT: {}
RESULT: undefined
COMMAND: POST /session/153c6080784a3c0ed5a7a3a51a23aea7/execute/async - {"script":"<script> [776 bytes]","args":[{"enterText":"10001013","selector":{"controlType":"sap.m.SearchField","properties":{"placeholder":"Search"},"searchOpenDialogs":true,"interaction":{"idSuffix":"I"}},"clearTextFirst":true,"interactionType":"ENTER_TEXT"}]}
RESULT: {"script":"<script> [776 bytes]","args":[{"enterText":"10001013","selector":{"controlType":"sap.m.SearchField","properties":{"placeholder":"Search"},"searchOpenDialogs":true,"interaction":{"idSuffix":"I"}},"clearTextFirst":true,"interactionType":"ENTER_TEXT"}]}
COMMAND: POST /session/153c6080784a3c0ed5a7a3a51a23aea7/actions - {"actions":[{"id":"action6","type":"key","parameters":{},"actions":[{"type":"keyDown","value":"î€‡"},{"type":"pause","duration":10},{"type":"keyUp","value":"î€‡"}]}]}
RESULT: {"actions":[{"id":"action6","type":"key","parameters":{},"actions":[{"type":"keyDown","value":"î€‡"},{"type":"pause","duration":10},{"type":"keyUp","value":"î€‡"}]}]}
COMMAND: GET /session/153c6080784a3c0ed5a7a3a51a23aea7/screenshot - {}
RESULT: {}
COMMAND: POST /session/153c6080784a3c0ed5a7a3a51a23aea7/element - {"using":"xpath","value":"//span[contains(text(), \"General Management\")]"}
RESULT: {"using":"xpath","value":"//span[contains(text(), \"General Management\")]"}
COMMAND: POST /session/153c6080784a3c0ed5a7a3a51a23aea7/element/f.2D07FE98EF058A5017333A18E496C5C8.d.1532A16A55D743CF37A996A5DD25117A.e.4243/click - {}
RESULT: {}
COMMAND: GET /session/153c6080784a3c0ed5a7a3a51a23aea7/screenshot - {}
RESULT: {}
COMMAND: POST /session/153c6080784a3c0ed5a7a3a51a23aea7/element - {"using":"xpath","value":"//bdi[contains(text(), \"OK\")]"}
RESULT: {"using":"xpath","value":"//bdi[contains(text(), \"OK\")]"}
COMMAND: POST /session/153c6080784a3c0ed5a7a3a51a23aea7/element/f.2D07FE98EF058A5017333A18E496C5C8.d.1532A16A55D743CF37A996A5DD25117A.e.4244/click - {}
RESULT: {}
COMMAND: GET /session/153c6080784a3c0ed5a7a3a51a23aea7/screenshot - {}
RESULT: {}
COMMAND: POST /session/153c6080784a3c0ed5a7a3a51a23aea7/element - {"using":"xpath","value":"//input[@id=\"application-managesites-display-component---NewSite--addressDetailDetailsCalendar-inner\"]"}
RESULT: {"using":"xpath","value":"//input[@id=\"application-managesites-display-component---NewSite--addressDetailDetailsCalendar-inner\"]"}
COMMAND: POST /session/153c6080784a3c0ed5a7a3a51a23aea7/element/f.2D07FE98EF058A5017333A18E496C5C8.d.1532A16A55D743CF37A996A5DD25117A.e.3986/clear - {}
RESULT: {}
COMMAND: POST /session/153c6080784a3c0ed5a7a3a51a23aea7/element/f.2D07FE98EF058A5017333A18E496C5C8.d.1532A16A55D743CF37A996A5DD25117A.e.3986/value - {"text":"Unit"}
COMMAND: GET /session/153c6080784a3c0ed5a7a3a51a23aea7/screenshot - {}
RESULT: {"text":"Unit"}
COMMAND: GET /session/153c6080784a3c0ed5a7a3a51a23aea7/screenshot - {}
RESULT: {}
RESULT: {}
COMMAND: POST /session/153c6080784a3c0ed5a7a3a51a23aea7/actions - {"actions":[{"id":"action7","type":"key","parameters":{},"actions":[{"type":"keyDown","value":"î€‡"},{"type":"pause","duration":10},{"type":"keyUp","value":"î€‡"}]}]}
RESULT: {"actions":[{"id":"action7","type":"key","parameters":{},"actions":[{"type":"keyDown","value":"î€‡"},{"type":"pause","duration":10},{"type":"keyUp","value":"î€‡"}]}]}
COMMAND: POST /session/153c6080784a3c0ed5a7a3a51a23aea7/element - {"using":"xpath","value":"//input[@id=\"application-managesites-display-component---NewSite--addressDetailDetailsYard-inner\"]"}
COMMAND: GET /session/153c6080784a3c0ed5a7a3a51a23aea7/screenshot - {}
RESULT: {"using":"xpath","value":"//input[@id=\"application-managesites-display-component---NewSite--addressDetailDetailsYard-inner\"]"}
COMMAND: POST /session/153c6080784a3c0ed5a7a3a51a23aea7/element/f.2D07FE98EF058A5017333A18E496C5C8.d.1532A16A55D743CF37A996A5DD25117A.e.3987/clear - {}
RESULT: {}
RESULT: {}
COMMAND: POST /session/153c6080784a3c0ed5a7a3a51a23aea7/element/f.2D07FE98EF058A5017333A18E496C5C8.d.1532A16A55D743CF37A996A5DD25117A.e.3987/value - {"text":"663"}
COMMAND: GET /session/153c6080784a3c0ed5a7a3a51a23aea7/screenshot - {}
RESULT: {"text":"663"}
COMMAND: GET /session/153c6080784a3c0ed5a7a3a51a23aea7/screenshot - {}
RESULT: {}
RESULT: {}
COMMAND: POST /session/153c6080784a3c0ed5a7a3a51a23aea7/element - {"using":"xpath","value":"//li[.//span[text()='663']]"}
RESULT: {"using":"xpath","value":"//li[.//span[text()='663']]"}
COMMAND: POST /session/153c6080784a3c0ed5a7a3a51a23aea7/element/f.2D07FE98EF058A5017333A18E496C5C8.d.1532A16A55D743CF37A996A5DD25117A.e.4252/click - {}
RESULT: {}
COMMAND: GET /session/153c6080784a3c0ed5a7a3a51a23aea7/screenshot - {}
RESULT: {}
COMMAND: POST /session/153c6080784a3c0ed5a7a3a51a23aea7/element - {"using":"xpath","value":"//input[@id=\"application-managesites-display-component---NewSite--addressDetailDetailsPartner-inner\"]"}
RESULT: {"using":"xpath","value":"//input[@id=\"application-managesites-display-component---NewSite--addressDetailDetailsPartner-inner\"]"}
COMMAND: POST /session/153c6080784a3c0ed5a7a3a51a23aea7/element - {"using":"xpath","value":"//input[@id=\"application-managesites-display-component---NewSite--addressDetailDetailsPartner-inner\"]"}
RESULT: {"using":"xpath","value":"//input[@id=\"application-managesites-display-component---NewSite--addressDetailDetailsPartner-inner\"]"}
COMMAND: POST /session/153c6080784a3c0ed5a7a3a51a23aea7/element - {"using":"xpath","value":"//button[@data-kt=\"saveButton\"]"}
RESULT: {"using":"xpath","value":"//button[@data-kt=\"saveButton\"]"}
COMMAND: POST /session/153c6080784a3c0ed5a7a3a51a23aea7/element/f.2D07FE98EF058A5017333A18E496C5C8.d.1532A16A55D743CF37A996A5DD25117A.e.4176/click - {}
RESULT: {}
COMMAND: GET /session/153c6080784a3c0ed5a7a3a51a23aea7/screenshot - {}
COMMAND: POST /session/153c6080784a3c0ed5a7a3a51a23aea7/element - {"using":"xpath","value":"//header[contains(@id, 'ObjectPageLayout-headerTitle')]/div[1]/div[2]/div[2]/span[1]"}
RESULT: {}
RESULT: {"using":"xpath","value":"//header[contains(@id, 'ObjectPageLayout-headerTitle')]/div[1]/div[2]/div[2]/span[1]"}
COMMAND: POST /session/153c6080784a3c0ed5a7a3a51a23aea7/elements - {"using":"xpath","value":"//header[contains(@id, 'ObjectPageLayout-headerTitle')]/div[1]/div[2]/div[2]/span[1]"}
RESULT: {"using":"xpath","value":"//header[contains(@id, 'ObjectPageLayout-headerTitle')]/div[1]/div[2]/div[2]/span[1]"}
COMMAND: POST /session/153c6080784a3c0ed5a7a3a51a23aea7/execute/sync - {"script":"<script> [56 bytes]","args":[{"element-6066-11e4-a52e-4f735466cecf":"f.2D07FE98EF058A5017333A18E496C5C8.d.1532A16A55D743CF37A996A5DD25117A.e.4454","ELEMENT":"f.2D07FE98EF058A5017333A18E496C5C8.d.1532A16A55D743CF37A996A5DD25117A.e.4454"}]}
RESULT: {"script":"<script> [56 bytes]","args":[{"element-6066-11e4-a52e-4f735466cecf":"f.2D07FE98EF058A5017333A18E496C5C8.d.1532A16A55D743CF37A996A5DD25117A.e.4454","ELEMENT":"f.2D07FE98EF058A5017333A18E496C5C8.d.1532A16A55D743CF37A996A5DD25117A.e.4454"}]}
COMMAND: POST /session/153c6080784a3c0ed5a7a3a51a23aea7/element - {"using":"css selector","value":"#shell-header-logo"}
COMMAND: GET /session/153c6080784a3c0ed5a7a3a51a23aea7/screenshot - {}
RESULT: {"using":"css selector","value":"#shell-header-logo"}
COMMAND: POST /session/153c6080784a3c0ed5a7a3a51a23aea7/element/f.2D07FE98EF058A5017333A18E496C5C8.d.1532A16A55D743CF37A996A5DD25117A.e.3744/click - {}
RESULT: {}
RESULT: {}
COMMAND: GET /session/153c6080784a3c0ed5a7a3a51a23aea7/screenshot - {}
RESULT: {}
COMMAND: POST /session/153c6080784a3c0ed5a7a3a51a23aea7/execute/sync - {"script":"<script> [299 bytes]","args":[["getModel","getResource"]]}
RESULT: {"script":"<script> [299 bytes]","args":[["getModel","getResource"]]}
COMMAND: GET /session/153c6080784a3c0ed5a7a3a51a23aea7/screenshot - {}
]]></system-out>
    </testcase>
    <testcase classname="chrome.137_0_7151_56.windows.Billing_Transfer_-_Master_data_&amp;_Intercompany_US127250" name="Should create a new equipment" time="159.314">
      <system-out><![CDATA[
COMMAND: POST /session/153c6080784a3c0ed5a7a3a51a23aea7/execute/async - {"script":"<script> [1562 bytes]","args":[{"selector":{"controlType":"sap.m.GenericTile","properties":{"header":"Manage Resources"}},"wdio_ui5_key":"sapm.GenericTile{\"header\":\"Manage Resources\"}"}]}
RESULT: {}
RESULT: {"script":"<script> [1562 bytes]","args":[{"selector":{"controlType":"sap.m.GenericTile","properties":{"header":"Manage Resources"}},"wdio_ui5_key":"sapm.GenericTile{\"header\":\"Manage Resources\"}"}]}
RESULT: undefined
COMMAND: POST /session/153c6080784a3c0ed5a7a3a51a23aea7/element - {"using":"xpath","value":"//*[@id=\"__tile39\"]"}
RESULT: {"using":"xpath","value":"//*[@id=\"__tile39\"]"}
COMMAND: POST /session/153c6080784a3c0ed5a7a3a51a23aea7/element/f.2D07FE98EF058A5017333A18E496C5C8.d.1532A16A55D743CF37A996A5DD25117A.e.2142/click - {}
RESULT: {}
COMMAND: GET /session/153c6080784a3c0ed5a7a3a51a23aea7/screenshot - {}
RESULT: {}
COMMAND: POST /session/153c6080784a3c0ed5a7a3a51a23aea7/elements - {"using":"xpath","value":"//span[text()='Error']"}
RESULT: {"using":"xpath","value":"//span[text()='Error']"}
COMMAND: POST /session/153c6080784a3c0ed5a7a3a51a23aea7/element - {"using":"xpath","value":"//button[@data-kt=\"addNewRUOverflowToolbarButton\"]"}
RESULT: {"using":"xpath","value":"//button[@data-kt=\"addNewRUOverflowToolbarButton\"]"}
COMMAND: POST /session/153c6080784a3c0ed5a7a3a51a23aea7/elements - {"using":"xpath","value":"//button[@data-kt=\"addNewRUOverflowToolbarButton\"]"}
RESULT: {"using":"xpath","value":"//button[@data-kt=\"addNewRUOverflowToolbarButton\"]"}
COMMAND: POST /session/153c6080784a3c0ed5a7a3a51a23aea7/elements - {"using":"xpath","value":"//button[@data-kt=\"addNewRUOverflowToolbarButton\"]"}
RESULT: {"using":"xpath","value":"//button[@data-kt=\"addNewRUOverflowToolbarButton\"]"}
COMMAND: POST /session/153c6080784a3c0ed5a7a3a51a23aea7/element - {"using":"xpath","value":"//button[@data-kt=\"addNewRUOverflowToolbarButton\"]"}
RESULT: {"using":"xpath","value":"//button[@data-kt=\"addNewRUOverflowToolbarButton\"]"}
COMMAND: POST /session/153c6080784a3c0ed5a7a3a51a23aea7/execute/sync - {"script":"<script> [8489 bytes]","args":[{"element-6066-11e4-a52e-4f735466cecf":"f.2D07FE98EF058A5017333A18E496C5C8.d.1532A16A55D743CF37A996A5DD25117A.e.4498","ELEMENT":"f.2D07FE98EF058A5017333A18E496C5C8.d.1532A16A55D743CF37A996A5DD25117A.e.4498"}]}
RESULT: {"script":"<script> [8489 bytes]","args":[{"element-6066-11e4-a52e-4f735466cecf":"f.2D07FE98EF058A5017333A18E496C5C8.d.1532A16A55D743CF37A996A5DD25117A.e.4498","ELEMENT":"f.2D07FE98EF058A5017333A18E496C5C8.d.1532A16A55D743CF37A996A5DD25117A.e.4498"}]}
COMMAND: GET /session/153c6080784a3c0ed5a7a3a51a23aea7/element/f.2D07FE98EF058A5017333A18E496C5C8.d.1532A16A55D743CF37A996A5DD25117A.e.4498/enabled - {}
COMMAND: GET /session/153c6080784a3c0ed5a7a3a51a23aea7/screenshot - {}
RESULT: {}
COMMAND: POST /session/153c6080784a3c0ed5a7a3a51a23aea7/execute/sync - {"script":"<script> [8489 bytes]","args":[{"element-6066-11e4-a52e-4f735466cecf":"f.2D07FE98EF058A5017333A18E496C5C8.d.1532A16A55D743CF37A996A5DD25117A.e.4498","ELEMENT":"f.2D07FE98EF058A5017333A18E496C5C8.d.1532A16A55D743CF37A996A5DD25117A.e.4498"}]}
COMMAND: GET /session/153c6080784a3c0ed5a7a3a51a23aea7/screenshot - {}
RESULT: {}
RESULT: {"script":"<script> [8489 bytes]","args":[{"element-6066-11e4-a52e-4f735466cecf":"f.2D07FE98EF058A5017333A18E496C5C8.d.1532A16A55D743CF37A996A5DD25117A.e.4498","ELEMENT":"f.2D07FE98EF058A5017333A18E496C5C8.d.1532A16A55D743CF37A996A5DD25117A.e.4498"}]}
COMMAND: POST /session/153c6080784a3c0ed5a7a3a51a23aea7/execute/sync - {"script":"<script> [5351 bytes]","args":[{"element-6066-11e4-a52e-4f735466cecf":"f.2D07FE98EF058A5017333A18E496C5C8.d.1532A16A55D743CF37A996A5DD25117A.e.4498","ELEMENT":"f.2D07FE98EF058A5017333A18E496C5C8.d.1532A16A55D743CF37A996A5DD25117A.e.4498"}]}
COMMAND: GET /session/153c6080784a3c0ed5a7a3a51a23aea7/screenshot - {}
RESULT: {}
RESULT: {"script":"<script> [5351 bytes]","args":[{"element-6066-11e4-a52e-4f735466cecf":"f.2D07FE98EF058A5017333A18E496C5C8.d.1532A16A55D743CF37A996A5DD25117A.e.4498","ELEMENT":"f.2D07FE98EF058A5017333A18E496C5C8.d.1532A16A55D743CF37A996A5DD25117A.e.4498"}]}
COMMAND: POST /session/153c6080784a3c0ed5a7a3a51a23aea7/element/f.2D07FE98EF058A5017333A18E496C5C8.d.1532A16A55D743CF37A996A5DD25117A.e.4498/click - {}
COMMAND: GET /session/153c6080784a3c0ed5a7a3a51a23aea7/screenshot - {}
RESULT: {}
RESULT: {}
COMMAND: GET /session/153c6080784a3c0ed5a7a3a51a23aea7/screenshot - {}
COMMAND: POST /session/153c6080784a3c0ed5a7a3a51a23aea7/execute/async - {"script":"<script> [1562 bytes]","args":[{"selector":{"id":"application-manageresources-display-component---newResourceUnit--TYPE-arrow"},"wdio_ui5_key":"applicationmanageresources-display-component---newResourceUnit--TYPE-arrow"}]}
RESULT: {}
RESULT: {}
RESULT: {"script":"<script> [1562 bytes]","args":[{"selector":{"id":"application-manageresources-display-component---newResourceUnit--TYPE-arrow"},"wdio_ui5_key":"applicationmanageresources-display-component---newResourceUnit--TYPE-arrow"}]}
RESULT: undefined
COMMAND: POST /session/153c6080784a3c0ed5a7a3a51a23aea7/element - {"using":"xpath","value":"//*[@id=\"application-manageresources-display-component---newResourceUnit--TYPE-arrow\"]"}
RESULT: {"using":"xpath","value":"//*[@id=\"application-manageresources-display-component---newResourceUnit--TYPE-arrow\"]"}
COMMAND: POST /session/153c6080784a3c0ed5a7a3a51a23aea7/element/f.2D07FE98EF058A5017333A18E496C5C8.d.1532A16A55D743CF37A996A5DD25117A.e.4844/click - {}
RESULT: {}
COMMAND: POST /session/153c6080784a3c0ed5a7a3a51a23aea7/element - {"using":"xpath","value":"//input[@id=\"application-manageresources-display-component---newResourceUnit--TYPE-inner\"]"}
COMMAND: GET /session/153c6080784a3c0ed5a7a3a51a23aea7/screenshot - {}
RESULT: {"using":"xpath","value":"//input[@id=\"application-manageresources-display-component---newResourceUnit--TYPE-inner\"]"}
COMMAND: POST /session/153c6080784a3c0ed5a7a3a51a23aea7/element/f.2D07FE98EF058A5017333A18E496C5C8.d.1532A16A55D743CF37A996A5DD25117A.e.4840/clear - {}
RESULT: {}
RESULT: {}
COMMAND: POST /session/153c6080784a3c0ed5a7a3a51a23aea7/element/f.2D07FE98EF058A5017333A18E496C5C8.d.1532A16A55D743CF37A996A5DD25117A.e.4840/value - {"text":"Equipment"}
COMMAND: GET /session/153c6080784a3c0ed5a7a3a51a23aea7/screenshot - {}
RESULT: {"text":"Equipment"}
COMMAND: GET /session/153c6080784a3c0ed5a7a3a51a23aea7/screenshot - {}
RESULT: {}
RESULT: {}
COMMAND: POST /session/153c6080784a3c0ed5a7a3a51a23aea7/actions - {"actions":[{"id":"action8","type":"key","parameters":{},"actions":[{"type":"keyDown","value":"î€‡"},{"type":"pause","duration":10},{"type":"keyUp","value":"î€‡"}]}]}
RESULT: {"actions":[{"id":"action8","type":"key","parameters":{},"actions":[{"type":"keyDown","value":"î€‡"},{"type":"pause","duration":10},{"type":"keyUp","value":"î€‡"}]}]}
COMMAND: POST /session/153c6080784a3c0ed5a7a3a51a23aea7/execute/async - {"script":"<script> [1562 bytes]","args":[{"selector":{"id":"application-manageresources-display-component---newResourceUnit--resourceId","interaction":{"idSuffix":"inner"}},"wdio_ui5_key":"applicationmanageresources-display-component---newResourceUnit--resourceId"}]}
COMMAND: GET /session/153c6080784a3c0ed5a7a3a51a23aea7/screenshot - {}
RESULT: {"script":"<script> [1562 bytes]","args":[{"selector":{"id":"application-manageresources-display-component---newResourceUnit--resourceId","interaction":{"idSuffix":"inner"}},"wdio_ui5_key":"applicationmanageresources-display-component---newResourceUnit--resourceId"}]}
RESULT: undefined
COMMAND: POST /session/153c6080784a3c0ed5a7a3a51a23aea7/execute/async - {"script":"<script> [776 bytes]","args":[{"enterText":"Dpp1HMvldn","selector":{"id":"application-manageresources-display-component---newResourceUnit--resourceId","interaction":{"idSuffix":"inner"}},"clearTextFirst":true,"interactionType":"ENTER_TEXT"}]}
RESULT: {}
RESULT: {"script":"<script> [776 bytes]","args":[{"enterText":"Dpp1HMvldn","selector":{"id":"application-manageresources-display-component---newResourceUnit--resourceId","interaction":{"idSuffix":"inner"}},"clearTextFirst":true,"interactionType":"ENTER_TEXT"}]}
COMMAND: POST /session/153c6080784a3c0ed5a7a3a51a23aea7/execute/async - {"script":"<script> [1562 bytes]","args":[{"selector":{"id":"application-manageresources-display-component---newResourceUnit--SHORT_TEXT","interaction":{"idSuffix":"inner"}},"wdio_ui5_key":"applicationmanageresources-display-component---newResourceUnit--SHORT_TEXT"}]}
RESULT: {"script":"<script> [1562 bytes]","args":[{"selector":{"id":"application-manageresources-display-component---newResourceUnit--SHORT_TEXT","interaction":{"idSuffix":"inner"}},"wdio_ui5_key":"applicationmanageresources-display-component---newResourceUnit--SHORT_TEXT"}]}
RESULT: undefined
COMMAND: POST /session/153c6080784a3c0ed5a7a3a51a23aea7/execute/async - {"script":"<script> [776 bytes]","args":[{"enterText":"Intercompany Equipment WDIO","selector":{"id":"application-manageresources-display-component---newResourceUnit--SHORT_TEXT","interaction":{"idSuffix":"inner"}},"clearTextFirst":true,"interactionType":"ENTER_TEXT"}]}
RESULT: {"script":"<script> [776 bytes]","args":[{"enterText":"Intercompany Equipment WDIO","selector":{"id":"application-manageresources-display-component---newResourceUnit--SHORT_TEXT","interaction":{"idSuffix":"inner"}},"clearTextFirst":true,"interactionType":"ENTER_TEXT"}]}
COMMAND: POST /session/153c6080784a3c0ed5a7a3a51a23aea7/execute/async - {"script":"<script> [1562 bytes]","args":[{"selector":{"id":"application-manageresources-display-component---newResourceUnit--BASE_UNIT_OF_MEASURE","interaction":{"idSuffix":"inner"}},"wdio_ui5_key":"applicationmanageresources-display-component---newResourceUnit--BASE_UNIT_OF_MEASURE"}]}
RESULT: {"script":"<script> [1562 bytes]","args":[{"selector":{"id":"application-manageresources-display-component---newResourceUnit--BASE_UNIT_OF_MEASURE","interaction":{"idSuffix":"inner"}},"wdio_ui5_key":"applicationmanageresources-display-component---newResourceUnit--BASE_UNIT_OF_MEASURE"}]}
RESULT: undefined
COMMAND: POST /session/153c6080784a3c0ed5a7a3a51a23aea7/execute/async - {"script":"<script> [776 bytes]","args":[{"enterText":"Piece","selector":{"id":"application-manageresources-display-component---newResourceUnit--BASE_UNIT_OF_MEASURE","interaction":{"idSuffix":"inner"}},"clearTextFirst":true,"interactionType":"ENTER_TEXT"}]}
RESULT: {"script":"<script> [776 bytes]","args":[{"enterText":"Piece","selector":{"id":"application-manageresources-display-component---newResourceUnit--BASE_UNIT_OF_MEASURE","interaction":{"idSuffix":"inner"}},"clearTextFirst":true,"interactionType":"ENTER_TEXT"}]}
COMMAND: POST /session/153c6080784a3c0ed5a7a3a51a23aea7/execute/async - {"script":"<script> [1562 bytes]","args":[{"selector":{"id":"application-manageresources-display-component---newResourceUnit--WEIGHT_UNIT","interaction":{"idSuffix":"inner"}},"wdio_ui5_key":"applicationmanageresources-display-component---newResourceUnit--WEIGHT_UNIT"}]}
RESULT: {"script":"<script> [1562 bytes]","args":[{"selector":{"id":"application-manageresources-display-component---newResourceUnit--WEIGHT_UNIT","interaction":{"idSuffix":"inner"}},"wdio_ui5_key":"applicationmanageresources-display-component---newResourceUnit--WEIGHT_UNIT"}]}
RESULT: undefined
COMMAND: POST /session/153c6080784a3c0ed5a7a3a51a23aea7/execute/async - {"script":"<script> [776 bytes]","args":[{"enterText":"Gram","selector":{"id":"application-manageresources-display-component---newResourceUnit--WEIGHT_UNIT","interaction":{"idSuffix":"inner"}},"clearTextFirst":true,"interactionType":"ENTER_TEXT"}]}
RESULT: {"script":"<script> [776 bytes]","args":[{"enterText":"Gram","selector":{"id":"application-manageresources-display-component---newResourceUnit--WEIGHT_UNIT","interaction":{"idSuffix":"inner"}},"clearTextFirst":true,"interactionType":"ENTER_TEXT"}]}
COMMAND: POST /session/153c6080784a3c0ed5a7a3a51a23aea7/execute/async - {"script":"<script> [1562 bytes]","args":[{"selector":{"id":"application-manageresources-display-component---newResourceUnit--DIMENSION_UNIT","interaction":{"idSuffix":"inner"}},"wdio_ui5_key":"applicationmanageresources-display-component---newResourceUnit--DIMENSION_UNIT"}]}
RESULT: {"script":"<script> [1562 bytes]","args":[{"selector":{"id":"application-manageresources-display-component---newResourceUnit--DIMENSION_UNIT","interaction":{"idSuffix":"inner"}},"wdio_ui5_key":"applicationmanageresources-display-component---newResourceUnit--DIMENSION_UNIT"}]}
RESULT: undefined
COMMAND: POST /session/153c6080784a3c0ed5a7a3a51a23aea7/execute/async - {"script":"<script> [776 bytes]","args":[{"enterText":"Meter","selector":{"id":"application-manageresources-display-component---newResourceUnit--DIMENSION_UNIT","interaction":{"idSuffix":"inner"}},"clearTextFirst":true,"interactionType":"ENTER_TEXT"}]}
RESULT: {"script":"<script> [776 bytes]","args":[{"enterText":"Meter","selector":{"id":"application-manageresources-display-component---newResourceUnit--DIMENSION_UNIT","interaction":{"idSuffix":"inner"}},"clearTextFirst":true,"interactionType":"ENTER_TEXT"}]}
COMMAND: POST /session/153c6080784a3c0ed5a7a3a51a23aea7/execute/async - {"script":"<script> [1562 bytes]","args":[{"selector":{"id":"application-manageresources-display-component---newResourceUnit--newRRUPage-anchBar-application-manageresources-display-component---newResourceUnit--control-anchor","interaction":{"idSuffix":"BDI-content"}},"wdio_ui5_key":"applicationmanageresources-display-component---newResourceUnit--newRRUPage-anchBar-application-manageresources-display-component---newResourceUnit--control-anchor"}]}
RESULT: {"script":"<script> [1562 bytes]","args":[{"selector":{"id":"application-manageresources-display-component---newResourceUnit--newRRUPage-anchBar-application-manageresources-display-component---newResourceUnit--control-anchor","interaction":{"idSuffix":"BDI-content"}},"wdio_ui5_key":"applicationmanageresources-display-component---newResourceUnit--newRRUPage-anchBar-application-manageresources-display-component---newResourceUnit--control-anchor"}]}
RESULT: undefined
COMMAND: POST /session/153c6080784a3c0ed5a7a3a51a23aea7/element - {"using":"xpath","value":"//*[@id=\"application-manageresources-display-component---newResourceUnit--newRRUPage-anchBar-application-manageresources-display-component---newResourceUnit--control-anchor\"]"}
RESULT: {"using":"xpath","value":"//*[@id=\"application-manageresources-display-component---newResourceUnit--newRRUPage-anchBar-application-manageresources-display-component---newResourceUnit--control-anchor\"]"}
COMMAND: POST /session/153c6080784a3c0ed5a7a3a51a23aea7/element/f.2D07FE98EF058A5017333A18E496C5C8.d.1532A16A55D743CF37A996A5DD25117A.e.5000/click - {}
RESULT: {}
COMMAND: POST /session/153c6080784a3c0ed5a7a3a51a23aea7/execute/async - {"script":"<script> [1562 bytes]","args":[{"selector":{"id":"application-manageresources-display-component---newResourceUnit--PLANNING_GROUP","interaction":{"idSuffix":"inner"}},"wdio_ui5_key":"applicationmanageresources-display-component---newResourceUnit--PLANNING_GROUP"}]}
COMMAND: GET /session/153c6080784a3c0ed5a7a3a51a23aea7/screenshot - {}
RESULT: {"script":"<script> [1562 bytes]","args":[{"selector":{"id":"application-manageresources-display-component---newResourceUnit--PLANNING_GROUP","interaction":{"idSuffix":"inner"}},"wdio_ui5_key":"applicationmanageresources-display-component---newResourceUnit--PLANNING_GROUP"}]}
RESULT: undefined
COMMAND: POST /session/153c6080784a3c0ed5a7a3a51a23aea7/execute/async - {"script":"<script> [776 bytes]","args":[{"enterText":"Heavy Equi","selector":{"id":"application-manageresources-display-component---newResourceUnit--PLANNING_GROUP","interaction":{"idSuffix":"inner"}},"clearTextFirst":true,"interactionType":"ENTER_TEXT"}]}
RESULT: {}
RESULT: {"script":"<script> [776 bytes]","args":[{"enterText":"Heavy Equi","selector":{"id":"application-manageresources-display-component---newResourceUnit--PLANNING_GROUP","interaction":{"idSuffix":"inner"}},"clearTextFirst":true,"interactionType":"ENTER_TEXT"}]}
COMMAND: POST /session/153c6080784a3c0ed5a7a3a51a23aea7/execute/async - {"script":"<script> [1562 bytes]","args":[{"selector":{"id":"application-manageresources-display-component---newResourceUnit--ITEM_TYPE-arrow"},"wdio_ui5_key":"applicationmanageresources-display-component---newResourceUnit--ITEM_TYPE-arrow"}]}
RESULT: {"script":"<script> [1562 bytes]","args":[{"selector":{"id":"application-manageresources-display-component---newResourceUnit--ITEM_TYPE-arrow"},"wdio_ui5_key":"applicationmanageresources-display-component---newResourceUnit--ITEM_TYPE-arrow"}]}
RESULT: undefined
COMMAND: POST /session/153c6080784a3c0ed5a7a3a51a23aea7/element - {"using":"xpath","value":"//*[@id=\"application-manageresources-display-component---newResourceUnit--ITEM_TYPE-arrow\"]"}
RESULT: {"using":"xpath","value":"//*[@id=\"application-manageresources-display-component---newResourceUnit--ITEM_TYPE-arrow\"]"}
COMMAND: POST /session/153c6080784a3c0ed5a7a3a51a23aea7/element/f.2D07FE98EF058A5017333A18E496C5C8.d.1532A16A55D743CF37A996A5DD25117A.e.5007/click - {}
RESULT: {}
COMMAND: POST /session/153c6080784a3c0ed5a7a3a51a23aea7/element - {"using":"xpath","value":"//ul[contains(@id,\"ITEM_TYPE-popup-list-listUl\")]//li[.//span[contains(text(),\"Resource Unit\")]]"}
COMMAND: GET /session/153c6080784a3c0ed5a7a3a51a23aea7/screenshot - {}
RESULT: {"using":"xpath","value":"//ul[contains(@id,\"ITEM_TYPE-popup-list-listUl\")]//li[.//span[contains(text(),\"Resource Unit\")]]"}
COMMAND: POST /session/153c6080784a3c0ed5a7a3a51a23aea7/element/f.2D07FE98EF058A5017333A18E496C5C8.d.1532A16A55D743CF37A996A5DD25117A.e.5008/click - {}
RESULT: {}
RESULT: {}
COMMAND: GET /session/153c6080784a3c0ed5a7a3a51a23aea7/screenshot - {}
RESULT: {}
COMMAND: POST /session/153c6080784a3c0ed5a7a3a51a23aea7/element - {"using":"css selector","value":"#application-manageresources-display-component---newResourceUnit--btnAddTimeSegment"}
RESULT: {"using":"css selector","value":"#application-manageresources-display-component---newResourceUnit--btnAddTimeSegment"}
COMMAND: GET /session/153c6080784a3c0ed5a7a3a51a23aea7/element/f.2D07FE98EF058A5017333A18E496C5C8.d.1532A16A55D743CF37A996A5DD25117A.e.5015/rect - {}
RESULT: {}
COMMAND: GET /session/153c6080784a3c0ed5a7a3a51a23aea7/window/rect - {}
RESULT: {}
COMMAND: POST /session/153c6080784a3c0ed5a7a3a51a23aea7/execute/sync - {"script":"<script> [92 bytes]","args":[]}
RESULT: {"script":"<script> [92 bytes]","args":[]}
COMMAND: POST /session/153c6080784a3c0ed5a7a3a51a23aea7/actions - {"actions":[{"id":"action9","type":"wheel","parameters":{},"actions":[{"type":"scroll","x":-1888,"y":-32,"deltaX":0,"deltaY":0,"duration":0,"origin":{"element-6066-11e4-a52e-4f735466cecf":"f.2D07FE98EF058A5017333A18E496C5C8.d.1532A16A55D743CF37A996A5DD25117A.e.5015"}}]}]}
COMMAND: GET /session/153c6080784a3c0ed5a7a3a51a23aea7/screenshot - {}
RESULT: {}
COMMAND: POST /session/153c6080784a3c0ed5a7a3a51a23aea7/execute/sync - {"script":"<script> [79 bytes]","args":[{"element-6066-11e4-a52e-4f735466cecf":"f.2D07FE98EF058A5017333A18E496C5C8.d.1532A16A55D743CF37A996A5DD25117A.e.5015","ELEMENT":"f.2D07FE98EF058A5017333A18E496C5C8.d.1532A16A55D743CF37A996A5DD25117A.e.5015"},{"block":"start","inline":"nearest"}]}
RESULT: {"script":"<script> [79 bytes]","args":[{"element-6066-11e4-a52e-4f735466cecf":"f.2D07FE98EF058A5017333A18E496C5C8.d.1532A16A55D743CF37A996A5DD25117A.e.5015","ELEMENT":"f.2D07FE98EF058A5017333A18E496C5C8.d.1532A16A55D743CF37A996A5DD25117A.e.5015"},{"block":"start","inline":"nearest"}]}
COMMAND: POST /session/153c6080784a3c0ed5a7a3a51a23aea7/execute/async - {"script":"<script> [1562 bytes]","args":[{"selector":{"id":"application-manageresources-display-component---newResourceUnit--btnAddTimeSegment","interaction":{"idSuffix":"inner"}},"wdio_ui5_key":"applicationmanageresources-display-component---newResourceUnit--btnAddTimeSegment"}]}
COMMAND: GET /session/153c6080784a3c0ed5a7a3a51a23aea7/screenshot - {}
RESULT: {"script":"<script> [1562 bytes]","args":[{"selector":{"id":"application-manageresources-display-component---newResourceUnit--btnAddTimeSegment","interaction":{"idSuffix":"inner"}},"wdio_ui5_key":"applicationmanageresources-display-component---newResourceUnit--btnAddTimeSegment"}]}
RESULT: undefined
COMMAND: POST /session/153c6080784a3c0ed5a7a3a51a23aea7/element - {"using":"xpath","value":"//*[@id=\"application-manageresources-display-component---newResourceUnit--btnAddTimeSegment\"]"}
RESULT: {}
RESULT: {"using":"xpath","value":"//*[@id=\"application-manageresources-display-component---newResourceUnit--btnAddTimeSegment\"]"}
COMMAND: POST /session/153c6080784a3c0ed5a7a3a51a23aea7/element/f.2D07FE98EF058A5017333A18E496C5C8.d.1532A16A55D743CF37A996A5DD25117A.e.5015/click - {}
RESULT: {}
COMMAND: GET /session/153c6080784a3c0ed5a7a3a51a23aea7/screenshot - {}
RESULT: {}
COMMAND: POST /session/153c6080784a3c0ed5a7a3a51a23aea7/element - {"using":"xpath","value":"//input[@id=\"application-manageresources-display-component---newResourceUnit--idRuTSAdmin-application-manageresources-display-component---newResourceUnit--RUTimeSegment-0-inner\"]"}
RESULT: {"using":"xpath","value":"//input[@id=\"application-manageresources-display-component---newResourceUnit--idRuTSAdmin-application-manageresources-display-component---newResourceUnit--RUTimeSegment-0-inner\"]"}
COMMAND: POST /session/153c6080784a3c0ed5a7a3a51a23aea7/element/f.2D07FE98EF058A5017333A18E496C5C8.d.1532A16A55D743CF37A996A5DD25117A.e.5021/clear - {}
RESULT: {}
COMMAND: POST /session/153c6080784a3c0ed5a7a3a51a23aea7/element/f.2D07FE98EF058A5017333A18E496C5C8.d.1532A16A55D743CF37A996A5DD25117A.e.5021/value - {"text":"663"}
COMMAND: GET /session/153c6080784a3c0ed5a7a3a51a23aea7/screenshot - {}
RESULT: {"text":"663"}
COMMAND: GET /session/153c6080784a3c0ed5a7a3a51a23aea7/screenshot - {}
RESULT: {}
RESULT: {}
COMMAND: POST /session/153c6080784a3c0ed5a7a3a51a23aea7/element - {"using":"xpath","value":"//li[.//span[text()='663']]"}
RESULT: {"using":"xpath","value":"//li[.//span[text()='663']]"}
COMMAND: POST /session/153c6080784a3c0ed5a7a3a51a23aea7/element/f.2D07FE98EF058A5017333A18E496C5C8.d.1532A16A55D743CF37A996A5DD25117A.e.5035/click - {}
RESULT: {}
COMMAND: GET /session/153c6080784a3c0ed5a7a3a51a23aea7/screenshot - {}
RESULT: {}
COMMAND: POST /session/153c6080784a3c0ed5a7a3a51a23aea7/element - {"using":"xpath","value":"(//span[contains(@id, \"-application-manageresources-display-component---newResourceUnit--RUTimeSegment-0-arrow\")])[6]"}
RESULT: {"using":"xpath","value":"(//span[contains(@id, \"-application-manageresources-display-component---newResourceUnit--RUTimeSegment-0-arrow\")])[6]"}
COMMAND: POST /session/153c6080784a3c0ed5a7a3a51a23aea7/element/f.2D07FE98EF058A5017333A18E496C5C8.d.1532A16A55D743CF37A996A5DD25117A.e.5036/click - {}
RESULT: {}
COMMAND: GET /session/153c6080784a3c0ed5a7a3a51a23aea7/screenshot - {}
RESULT: {}
COMMAND: POST /session/153c6080784a3c0ed5a7a3a51a23aea7/element - {"using":"xpath","value":"//span[contains(text(), \"PM Order\")]"}
RESULT: {"using":"xpath","value":"//span[contains(text(), \"PM Order\")]"}
COMMAND: POST /session/153c6080784a3c0ed5a7a3a51a23aea7/element/f.2D07FE98EF058A5017333A18E496C5C8.d.1532A16A55D743CF37A996A5DD25117A.e.5039/click - {}
RESULT: {}
COMMAND: GET /session/153c6080784a3c0ed5a7a3a51a23aea7/screenshot - {}
RESULT: {}
COMMAND: POST /session/153c6080784a3c0ed5a7a3a51a23aea7/element - {"using":"xpath","value":"(//span[contains(@id ,\"manageresources-display-component---newResourceUnit--RUTimeSegment-0-vhi\")])[1]"}
RESULT: {"using":"xpath","value":"(//span[contains(@id ,\"manageresources-display-component---newResourceUnit--RUTimeSegment-0-vhi\")])[1]"}
COMMAND: GET /session/153c6080784a3c0ed5a7a3a51a23aea7/element/f.2D07FE98EF058A5017333A18E496C5C8.d.1532A16A55D743CF37A996A5DD25117A.e.5043/rect - {}
RESULT: {}
COMMAND: GET /session/153c6080784a3c0ed5a7a3a51a23aea7/window/rect - {}
RESULT: {}
COMMAND: POST /session/153c6080784a3c0ed5a7a3a51a23aea7/execute/sync - {"script":"<script> [92 bytes]","args":[]}
RESULT: {"script":"<script> [92 bytes]","args":[]}
COMMAND: POST /session/153c6080784a3c0ed5a7a3a51a23aea7/actions - {"actions":[{"id":"action10","type":"wheel","parameters":{},"actions":[{"type":"scroll","x":-869,"y":-24,"deltaX":0,"deltaY":0,"duration":0,"origin":{"element-6066-11e4-a52e-4f735466cecf":"f.2D07FE98EF058A5017333A18E496C5C8.d.1532A16A55D743CF37A996A5DD25117A.e.5043"}}]}]}
COMMAND: GET /session/153c6080784a3c0ed5a7a3a51a23aea7/screenshot - {}
RESULT: {"actions":[{"id":"action10","type":"wheel","parameters":{},"actions":[{"type":"scroll","x":-869,"y":-24,"deltaX":0,"deltaY":0,"duration":0,"origin":{"element-6066-11e4-a52e-4f735466cecf":"f.2D07FE98EF058A5017333A18E496C5C8.d.1532A16A55D743CF37A996A5DD25117A.e.5043"}}]}]}
COMMAND: DELETE /session/153c6080784a3c0ed5a7a3a51a23aea7/actions - {}
COMMAND: GET /session/153c6080784a3c0ed5a7a3a51a23aea7/screenshot - {}
RESULT: {}
RESULT: {}
COMMAND: GET /session/153c6080784a3c0ed5a7a3a51a23aea7/screenshot - {}
RESULT: {}
RESULT: {}
COMMAND: POST /session/153c6080784a3c0ed5a7a3a51a23aea7/element/f.2D07FE98EF058A5017333A18E496C5C8.d.1532A16A55D743CF37A996A5DD25117A.e.5043/click - {}
RESULT: {}
COMMAND: GET /session/153c6080784a3c0ed5a7a3a51a23aea7/screenshot - {}
RESULT: {}
RESULT: undefined
COMMAND: POST /session/153c6080784a3c0ed5a7a3a51a23aea7/execute/async - {"script":"<script> [776 bytes]","args":[{"enterText":"4000360","selector":{"controlType":"sap.m.SearchField","properties":{"placeholder":"Search"},"searchOpenDialogs":true,"interaction":{"idSuffix":"I"}},"clearTextFirst":true,"interactionType":"ENTER_TEXT"}]}
RESULT: {"script":"<script> [776 bytes]","args":[{"enterText":"4000360","selector":{"controlType":"sap.m.SearchField","properties":{"placeholder":"Search"},"searchOpenDialogs":true,"interaction":{"idSuffix":"I"}},"clearTextFirst":true,"interactionType":"ENTER_TEXT"}]}
COMMAND: POST /session/153c6080784a3c0ed5a7a3a51a23aea7/actions - {"actions":[{"id":"action11","type":"key","parameters":{},"actions":[{"type":"keyDown","value":"î€‡"},{"type":"pause","duration":10},{"type":"keyUp","value":"î€‡"}]}]}
RESULT: {"actions":[{"id":"action11","type":"key","parameters":{},"actions":[{"type":"keyDown","value":"î€‡"},{"type":"pause","duration":10},{"type":"keyUp","value":"î€‡"}]}]}
COMMAND: GET /session/153c6080784a3c0ed5a7a3a51a23aea7/screenshot - {}
RESULT: {}
COMMAND: POST /session/153c6080784a3c0ed5a7a3a51a23aea7/element - {"using":"xpath","value":"//td/div/span[contains(text(), \"BGL Vehicles\")]"}
RESULT: {"using":"xpath","value":"//td/div/span[contains(text(), \"BGL Vehicles\")]"}
COMMAND: POST /session/153c6080784a3c0ed5a7a3a51a23aea7/element/f.2D07FE98EF058A5017333A18E496C5C8.d.1532A16A55D743CF37A996A5DD25117A.e.5063/click - {}
RESULT: {}
COMMAND: GET /session/153c6080784a3c0ed5a7a3a51a23aea7/screenshot - {}
RESULT: {}
COMMAND: POST /session/153c6080784a3c0ed5a7a3a51a23aea7/element - {"using":"xpath","value":"//bdi[contains(text(), \"OK\")]"}
RESULT: {"using":"xpath","value":"//bdi[contains(text(), \"OK\")]"}
COMMAND: POST /session/153c6080784a3c0ed5a7a3a51a23aea7/element/f.2D07FE98EF058A5017333A18E496C5C8.d.1532A16A55D743CF37A996A5DD25117A.e.5064/click - {}
RESULT: {}
COMMAND: GET /session/153c6080784a3c0ed5a7a3a51a23aea7/screenshot - {}
RESULT: {}
COMMAND: POST /session/153c6080784a3c0ed5a7a3a51a23aea7/execute/async - {"script":"<script> [1562 bytes]","args":[{"selector":{"id":"application-manageresources-display-component---newResourceUnit--newRRUPage-anchBar-application-manageresources-display-component---newResourceUnit--resource-anchor","interaction":{"idSuffix":"BDI-content"}},"wdio_ui5_key":"applicationmanageresources-display-component---newResourceUnit--newRRUPage-anchBar-application-manageresources-display-component---newResourceUnit--resource-anchor"}]}
RESULT: {"script":"<script> [1562 bytes]","args":[{"selector":{"id":"application-manageresources-display-component---newResourceUnit--newRRUPage-anchBar-application-manageresources-display-component---newResourceUnit--resource-anchor","interaction":{"idSuffix":"BDI-content"}},"wdio_ui5_key":"applicationmanageresources-display-component---newResourceUnit--newRRUPage-anchBar-application-manageresources-display-component---newResourceUnit--resource-anchor"}]}
RESULT: undefined
COMMAND: POST /session/153c6080784a3c0ed5a7a3a51a23aea7/element - {"using":"xpath","value":"//*[@id=\"application-manageresources-display-component---newResourceUnit--newRRUPage-anchBar-application-manageresources-display-component---newResourceUnit--resource-anchor\"]"}
RESULT: {"using":"xpath","value":"//*[@id=\"application-manageresources-display-component---newResourceUnit--newRRUPage-anchBar-application-manageresources-display-component---newResourceUnit--resource-anchor\"]"}
COMMAND: POST /session/153c6080784a3c0ed5a7a3a51a23aea7/element/f.2D07FE98EF058A5017333A18E496C5C8.d.1532A16A55D743CF37A996A5DD25117A.e.5068/click - {}
RESULT: {}
COMMAND: POST /session/153c6080784a3c0ed5a7a3a51a23aea7/execute/async - {"script":"<script> [1562 bytes]","args":[{"selector":{"id":"application-manageresources-display-component---newResourceUnit--PLANNED_DELIVERY_DATE","interaction":{"idSuffix":"inner"}},"wdio_ui5_key":"applicationmanageresources-display-component---newResourceUnit--PLANNED_DELIVERY_DATE"}]}
COMMAND: GET /session/153c6080784a3c0ed5a7a3a51a23aea7/screenshot - {}
RESULT: {"script":"<script> [1562 bytes]","args":[{"selector":{"id":"application-manageresources-display-component---newResourceUnit--PLANNED_DELIVERY_DATE","interaction":{"idSuffix":"inner"}},"wdio_ui5_key":"applicationmanageresources-display-component---newResourceUnit--PLANNED_DELIVERY_DATE"}]}
RESULT: undefined
COMMAND: POST /session/153c6080784a3c0ed5a7a3a51a23aea7/execute/async - {"script":"<script> [6424 bytes]","args":[{"element-6066-11e4-a52e-4f735466cecf":"f.2D07FE98EF058A5017333A18E496C5C8.d.1532A16A55D743CF37A996A5DD25117A.e.4899"},"setValue",["6/4/25"]]}
RESULT: {}
RESULT: {"script":"<script> [6424 bytes]","args":[{"element-6066-11e4-a52e-4f735466cecf":"f.2D07FE98EF058A5017333A18E496C5C8.d.1532A16A55D743CF37A996A5DD25117A.e.4899"},"setValue",["6/4/25"]]}
COMMAND: POST /session/153c6080784a3c0ed5a7a3a51a23aea7/element - {"using":"xpath","value":"//label[contains(@class, 'sapMLabelRequired') and .//bdi[contains(text(), 'Planned Retirement')]]"}
RESULT: {"using":"xpath","value":"//label[contains(@class, 'sapMLabelRequired') and .//bdi[contains(text(), 'Planned Retirement')]]"}
COMMAND: POST /session/153c6080784a3c0ed5a7a3a51a23aea7/elements - {"using":"xpath","value":"//label[contains(@class, 'sapMLabelRequired') and .//bdi[contains(text(), 'Planned Retirement')]]"}
RESULT: {"using":"xpath","value":"//label[contains(@class, 'sapMLabelRequired') and .//bdi[contains(text(), 'Planned Retirement')]]"}
COMMAND: POST /session/153c6080784a3c0ed5a7a3a51a23aea7/element - {"using":"xpath","value":"//button[@data-kt=\"resourceUnitSaveButton\"]"}
RESULT: {"using":"xpath","value":"//button[@data-kt=\"resourceUnitSaveButton\"]"}
COMMAND: POST /session/153c6080784a3c0ed5a7a3a51a23aea7/element/f.2D07FE98EF058A5017333A18E496C5C8.d.1532A16A55D743CF37A996A5DD25117A.e.4859/click - {}
RESULT: {}
COMMAND: GET /session/153c6080784a3c0ed5a7a3a51a23aea7/screenshot - {}
RESULT: {}
COMMAND: POST /session/153c6080784a3c0ed5a7a3a51a23aea7/element - {"using":"xpath","value":"//bdi[contains(text(), \"Close\")]"}
RESULT: {"using":"xpath","value":"//bdi[contains(text(), \"Close\")]"}
COMMAND: POST /session/153c6080784a3c0ed5a7a3a51a23aea7/element/f.2D07FE98EF058A5017333A18E496C5C8.d.1532A16A55D743CF37A996A5DD25117A.e.5076/click - {}
RESULT: {}
COMMAND: GET /session/153c6080784a3c0ed5a7a3a51a23aea7/screenshot - {}
COMMAND: POST /session/153c6080784a3c0ed5a7a3a51a23aea7/element - {"using":"xpath","value":"(//button[contains(@id ,\"actionsToolbar-overflowButton\")])[1]"}
RESULT: {}
RESULT: {"using":"xpath","value":"(//button[contains(@id ,\"actionsToolbar-overflowButton\")])[1]"}
COMMAND: POST /session/153c6080784a3c0ed5a7a3a51a23aea7/element/f.2D07FE98EF058A5017333A18E496C5C8.d.1532A16A55D743CF37A996A5DD25117A.e.5110/click - {}
RESULT: {}
COMMAND: GET /session/153c6080784a3c0ed5a7a3a51a23aea7/screenshot - {}
RESULT: {}
COMMAND: POST /session/153c6080784a3c0ed5a7a3a51a23aea7/element - {"using":"xpath","value":"//button[@data-kt=\"priceInfoButton\"]"}
RESULT: {"using":"xpath","value":"//button[@data-kt=\"priceInfoButton\"]"}
COMMAND: POST /session/153c6080784a3c0ed5a7a3a51a23aea7/element/f.2D07FE98EF058A5017333A18E496C5C8.d.1532A16A55D743CF37A996A5DD25117A.e.5112/click - {}
RESULT: {}
COMMAND: GET /session/153c6080784a3c0ed5a7a3a51a23aea7/screenshot - {}
RESULT: {}
]]></system-out>
    </testcase>
    <testcase classname="chrome.137_0_7151_56.windows.Billing_Transfer_-_Master_data_&amp;_Intercompany_US127250" name="Should create new pricing rule TB on the equipment TB" time="58.089">
      <system-out><![CDATA[
COMMAND: POST /session/153c6080784a3c0ed5a7a3a51a23aea7/element - {"using":"xpath","value":"//button[@data-kt=\"addButton\"]"}
RESULT: {"using":"xpath","value":"//button[@data-kt=\"addButton\"]"}
COMMAND: POST /session/153c6080784a3c0ed5a7a3a51a23aea7/elements - {"using":"xpath","value":"//button[@data-kt=\"addButton\"]"}
RESULT: {"using":"xpath","value":"//button[@data-kt=\"addButton\"]"}
COMMAND: POST /session/153c6080784a3c0ed5a7a3a51a23aea7/elements - {"using":"xpath","value":"//button[@data-kt=\"addButton\"]"}
RESULT: {"using":"xpath","value":"//button[@data-kt=\"addButton\"]"}
COMMAND: POST /session/153c6080784a3c0ed5a7a3a51a23aea7/elements - {"using":"xpath","value":"//button[@data-kt=\"addButton\"]"}
RESULT: {"using":"xpath","value":"//button[@data-kt=\"addButton\"]"}
COMMAND: POST /session/153c6080784a3c0ed5a7a3a51a23aea7/element - {"using":"xpath","value":"//button[@data-kt=\"addButton\"]"}
RESULT: {"using":"xpath","value":"//button[@data-kt=\"addButton\"]"}
COMMAND: POST /session/153c6080784a3c0ed5a7a3a51a23aea7/execute/sync - {"script":"<script> [8489 bytes]","args":[{"element-6066-11e4-a52e-4f735466cecf":"f.2D07FE98EF058A5017333A18E496C5C8.d.1532A16A55D743CF37A996A5DD25117A.e.5148","ELEMENT":"f.2D07FE98EF058A5017333A18E496C5C8.d.1532A16A55D743CF37A996A5DD25117A.e.5148"}]}
RESULT: {"script":"<script> [8489 bytes]","args":[{"element-6066-11e4-a52e-4f735466cecf":"f.2D07FE98EF058A5017333A18E496C5C8.d.1532A16A55D743CF37A996A5DD25117A.e.5148","ELEMENT":"f.2D07FE98EF058A5017333A18E496C5C8.d.1532A16A55D743CF37A996A5DD25117A.e.5148"}]}
COMMAND: GET /session/153c6080784a3c0ed5a7a3a51a23aea7/element/f.2D07FE98EF058A5017333A18E496C5C8.d.1532A16A55D743CF37A996A5DD25117A.e.5148/enabled - {}
COMMAND: GET /session/153c6080784a3c0ed5a7a3a51a23aea7/screenshot - {}
RESULT: {}
COMMAND: POST /session/153c6080784a3c0ed5a7a3a51a23aea7/execute/sync - {"script":"<script> [8489 bytes]","args":[{"element-6066-11e4-a52e-4f735466cecf":"f.2D07FE98EF058A5017333A18E496C5C8.d.1532A16A55D743CF37A996A5DD25117A.e.5148","ELEMENT":"f.2D07FE98EF058A5017333A18E496C5C8.d.1532A16A55D743CF37A996A5DD25117A.e.5148"}]}
COMMAND: GET /session/153c6080784a3c0ed5a7a3a51a23aea7/screenshot - {}
RESULT: {}
RESULT: {}
RESULT: {"script":"<script> [8489 bytes]","args":[{"element-6066-11e4-a52e-4f735466cecf":"f.2D07FE98EF058A5017333A18E496C5C8.d.1532A16A55D743CF37A996A5DD25117A.e.5148","ELEMENT":"f.2D07FE98EF058A5017333A18E496C5C8.d.1532A16A55D743CF37A996A5DD25117A.e.5148"}]}
COMMAND: POST /session/153c6080784a3c0ed5a7a3a51a23aea7/execute/sync - {"script":"<script> [5351 bytes]","args":[{"element-6066-11e4-a52e-4f735466cecf":"f.2D07FE98EF058A5017333A18E496C5C8.d.1532A16A55D743CF37A996A5DD25117A.e.5148","ELEMENT":"f.2D07FE98EF058A5017333A18E496C5C8.d.1532A16A55D743CF37A996A5DD25117A.e.5148"}]}
COMMAND: GET /session/153c6080784a3c0ed5a7a3a51a23aea7/screenshot - {}
RESULT: {"script":"<script> [5351 bytes]","args":[{"element-6066-11e4-a52e-4f735466cecf":"f.2D07FE98EF058A5017333A18E496C5C8.d.1532A16A55D743CF37A996A5DD25117A.e.5148","ELEMENT":"f.2D07FE98EF058A5017333A18E496C5C8.d.1532A16A55D743CF37A996A5DD25117A.e.5148"}]}
COMMAND: POST /session/153c6080784a3c0ed5a7a3a51a23aea7/element/f.2D07FE98EF058A5017333A18E496C5C8.d.1532A16A55D743CF37A996A5DD25117A.e.5148/click - {}
COMMAND: GET /session/153c6080784a3c0ed5a7a3a51a23aea7/screenshot - {}
RESULT: {}
RESULT: {}
COMMAND: GET /session/153c6080784a3c0ed5a7a3a51a23aea7/screenshot - {}
RESULT: {}
RESULT: {}
COMMAND: POST /session/153c6080784a3c0ed5a7a3a51a23aea7/execute/async - {"script":"<script> [1562 bytes]","args":[{"selector":{"controlType":"sap.m.Title","viewName":"etm.portal.ui.managepricingrules.view.NewItem","viewId":"application-managepricingrules-display-component---newInfoPriceItem","properties":{"text":"New Pricing Rules - Item Level"}},"wdio_ui5_key":"etmportal.ui.managepricingrules.view.NewItemsap.m.Title{\"text\":\"New Pricing Rules - Item Level\"}"}]}
RESULT: {"script":"<script> [1562 bytes]","args":[{"selector":{"controlType":"sap.m.Title","viewName":"etm.portal.ui.managepricingrules.view.NewItem","viewId":"application-managepricingrules-display-component---newInfoPriceItem","properties":{"text":"New Pricing Rules - Item Level"}},"wdio_ui5_key":"etmportal.ui.managepricingrules.view.NewItemsap.m.Title{\"text\":\"New Pricing Rules - Item Level\"}"}]}
RESULT: undefined
COMMAND: POST /session/153c6080784a3c0ed5a7a3a51a23aea7/execute/async - {"script":"<script> [6424 bytes]","args":[{"element-6066-11e4-a52e-4f735466cecf":"f.2D07FE98EF058A5017333A18E496C5C8.d.1532A16A55D743CF37A996A5DD25117A.e.5229"},"getText",[]]}
RESULT: {"script":"<script> [6424 bytes]","args":[{"element-6066-11e4-a52e-4f735466cecf":"f.2D07FE98EF058A5017333A18E496C5C8.d.1532A16A55D743CF37A996A5DD25117A.e.5229"},"getText",[]]}
COMMAND: POST /session/153c6080784a3c0ed5a7a3a51a23aea7/execute/async - {"script":"<script> [1562 bytes]","args":[{"selector":{"id":"application-managepricingrules-display-component---newInfoPriceItem--condValidTo","interaction":{"idSuffix":"inner"}},"wdio_ui5_key":"applicationmanagepricingrules-display-component---newInfoPriceItem--condValidTo"}]}
RESULT: {"script":"<script> [1562 bytes]","args":[{"selector":{"id":"application-managepricingrules-display-component---newInfoPriceItem--condValidTo","interaction":{"idSuffix":"inner"}},"wdio_ui5_key":"applicationmanagepricingrules-display-component---newInfoPriceItem--condValidTo"}]}
RESULT: undefined
COMMAND: POST /session/153c6080784a3c0ed5a7a3a51a23aea7/execute/async - {"script":"<script> [776 bytes]","args":[{"enterText":"2/4/26","selector":{"id":"application-managepricingrules-display-component---newInfoPriceItem--condValidTo","interaction":{"idSuffix":"inner"}},"clearTextFirst":true,"interactionType":"ENTER_TEXT"}]}
RESULT: {"script":"<script> [776 bytes]","args":[{"enterText":"2/4/26","selector":{"id":"application-managepricingrules-display-component---newInfoPriceItem--condValidTo","interaction":{"idSuffix":"inner"}},"clearTextFirst":true,"interactionType":"ENTER_TEXT"}]}
COMMAND: POST /session/153c6080784a3c0ed5a7a3a51a23aea7/execute/async - {"script":"<script> [1562 bytes]","args":[{"selector":{"id":"application-managepricingrules-display-component---newInfoPriceItem--billType-arrow"},"wdio_ui5_key":"applicationmanagepricingrules-display-component---newInfoPriceItem--billType-arrow"}]}
RESULT: {"script":"<script> [1562 bytes]","args":[{"selector":{"id":"application-managepricingrules-display-component---newInfoPriceItem--billType-arrow"},"wdio_ui5_key":"applicationmanagepricingrules-display-component---newInfoPriceItem--billType-arrow"}]}
RESULT: undefined
COMMAND: POST /session/153c6080784a3c0ed5a7a3a51a23aea7/element - {"using":"xpath","value":"//*[@id=\"application-managepricingrules-display-component---newInfoPriceItem--billType-arrow\"]"}
RESULT: {"using":"xpath","value":"//*[@id=\"application-managepricingrules-display-component---newInfoPriceItem--billType-arrow\"]"}
COMMAND: POST /session/153c6080784a3c0ed5a7a3a51a23aea7/element/f.2D07FE98EF058A5017333A18E496C5C8.d.1532A16A55D743CF37A996A5DD25117A.e.5233/click - {}
RESULT: {}
COMMAND: POST /session/153c6080784a3c0ed5a7a3a51a23aea7/element - {"using":"xpath","value":"//span[contains(text(), \"TB - Time based\")]"}
COMMAND: GET /session/153c6080784a3c0ed5a7a3a51a23aea7/screenshot - {}
RESULT: {"using":"xpath","value":"//span[contains(text(), \"TB - Time based\")]"}
COMMAND: POST /session/153c6080784a3c0ed5a7a3a51a23aea7/element/f.2D07FE98EF058A5017333A18E496C5C8.d.1532A16A55D743CF37A996A5DD25117A.e.5234/click - {}
RESULT: {}
RESULT: {}
COMMAND: POST /session/153c6080784a3c0ed5a7a3a51a23aea7/execute/async - {"script":"<script> [1562 bytes]","args":[{"selector":{"id":"application-managepricingrules-display-component---newInfoPriceItem--priceProc-arrow"},"wdio_ui5_key":"applicationmanagepricingrules-display-component---newInfoPriceItem--priceProc-arrow"}]}
COMMAND: GET /session/153c6080784a3c0ed5a7a3a51a23aea7/screenshot - {}
RESULT: {"script":"<script> [1562 bytes]","args":[{"selector":{"id":"application-managepricingrules-display-component---newInfoPriceItem--priceProc-arrow"},"wdio_ui5_key":"applicationmanagepricingrules-display-component---newInfoPriceItem--priceProc-arrow"}]}
RESULT: undefined
COMMAND: POST /session/153c6080784a3c0ed5a7a3a51a23aea7/element - {"using":"xpath","value":"//*[@id=\"application-managepricingrules-display-component---newInfoPriceItem--priceProc-arrow\"]"}
RESULT: {}
RESULT: {"using":"xpath","value":"//*[@id=\"application-managepricingrules-display-component---newInfoPriceItem--priceProc-arrow\"]"}
COMMAND: POST /session/153c6080784a3c0ed5a7a3a51a23aea7/element/f.2D07FE98EF058A5017333A18E496C5C8.d.1532A16A55D743CF37A996A5DD25117A.e.5235/click - {}
RESULT: {}
COMMAND: POST /session/153c6080784a3c0ed5a7a3a51a23aea7/element - {"using":"xpath","value":"//span[contains(text(), \"TBS - Time based standard\")]"}
COMMAND: GET /session/153c6080784a3c0ed5a7a3a51a23aea7/screenshot - {}
RESULT: {"using":"xpath","value":"//span[contains(text(), \"TBS - Time based standard\")]"}
COMMAND: POST /session/153c6080784a3c0ed5a7a3a51a23aea7/element/f.2D07FE98EF058A5017333A18E496C5C8.d.1532A16A55D743CF37A996A5DD25117A.e.5236/click - {}
RESULT: {}
RESULT: {}
COMMAND: POST /session/153c6080784a3c0ed5a7a3a51a23aea7/execute/async - {"script":"<script> [1562 bytes]","args":[{"selector":{"id":"application-managepricingrules-display-component---newInfoPriceItem--calcBase-arrow"},"wdio_ui5_key":"applicationmanagepricingrules-display-component---newInfoPriceItem--calcBase-arrow"}]}
COMMAND: GET /session/153c6080784a3c0ed5a7a3a51a23aea7/screenshot - {}
RESULT: {"script":"<script> [1562 bytes]","args":[{"selector":{"id":"application-managepricingrules-display-component---newInfoPriceItem--calcBase-arrow"},"wdio_ui5_key":"applicationmanagepricingrules-display-component---newInfoPriceItem--calcBase-arrow"}]}
RESULT: undefined
COMMAND: POST /session/153c6080784a3c0ed5a7a3a51a23aea7/element - {"using":"xpath","value":"//*[@id=\"application-managepricingrules-display-component---newInfoPriceItem--calcBase-arrow\"]"}
RESULT: {}
RESULT: {"using":"xpath","value":"//*[@id=\"application-managepricingrules-display-component---newInfoPriceItem--calcBase-arrow\"]"}
COMMAND: POST /session/153c6080784a3c0ed5a7a3a51a23aea7/element/f.2D07FE98EF058A5017333A18E496C5C8.d.1532A16A55D743CF37A996A5DD25117A.e.5237/click - {}
RESULT: {}
COMMAND: GET /session/153c6080784a3c0ed5a7a3a51a23aea7/screenshot - {}
RESULT: {}
COMMAND: POST /session/153c6080784a3c0ed5a7a3a51a23aea7/element - {"using":"xpath","value":"//span[contains(text(), \"0006 - TB(calendar days)\")]"}
RESULT: {"using":"xpath","value":"//span[contains(text(), \"0006 - TB(calendar days)\")]"}
COMMAND: POST /session/153c6080784a3c0ed5a7a3a51a23aea7/element/f.2D07FE98EF058A5017333A18E496C5C8.d.1532A16A55D743CF37A996A5DD25117A.e.5238/click - {}
RESULT: {}
COMMAND: GET /session/153c6080784a3c0ed5a7a3a51a23aea7/screenshot - {}
RESULT: {}
COMMAND: POST /session/153c6080784a3c0ed5a7a3a51a23aea7/execute/async - {"script":"<script> [1562 bytes]","args":[{"selector":{"id":"application-managepricingrules-display-component---newInfoPriceItem--daysMonth","interaction":{"idSuffix":"inner"}},"wdio_ui5_key":"applicationmanagepricingrules-display-component---newInfoPriceItem--daysMonth"}]}
RESULT: {"script":"<script> [1562 bytes]","args":[{"selector":{"id":"application-managepricingrules-display-component---newInfoPriceItem--daysMonth","interaction":{"idSuffix":"inner"}},"wdio_ui5_key":"applicationmanagepricingrules-display-component---newInfoPriceItem--daysMonth"}]}
RESULT: undefined
COMMAND: POST /session/153c6080784a3c0ed5a7a3a51a23aea7/execute/async - {"script":"<script> [776 bytes]","args":[{"enterText":"30","selector":{"id":"application-managepricingrules-display-component---newInfoPriceItem--daysMonth","interaction":{"idSuffix":"inner"}},"clearTextFirst":true,"interactionType":"ENTER_TEXT"}]}
RESULT: {"script":"<script> [776 bytes]","args":[{"enterText":"30","selector":{"id":"application-managepricingrules-display-component---newInfoPriceItem--daysMonth","interaction":{"idSuffix":"inner"}},"clearTextFirst":true,"interactionType":"ENTER_TEXT"}]}
COMMAND: POST /session/153c6080784a3c0ed5a7a3a51a23aea7/element - {"using":"xpath","value":"//button[@data-kt=\"saveNewRuleButton\"]"}
RESULT: {"using":"xpath","value":"//button[@data-kt=\"saveNewRuleButton\"]"}
COMMAND: POST /session/153c6080784a3c0ed5a7a3a51a23aea7/element/f.2D07FE98EF058A5017333A18E496C5C8.d.1532A16A55D743CF37A996A5DD25117A.e.5240/click - {}
RESULT: {}
COMMAND: GET /session/153c6080784a3c0ed5a7a3a51a23aea7/screenshot - {}
RESULT: {}
COMMAND: POST /session/153c6080784a3c0ed5a7a3a51a23aea7/execute/async - {"script":"<script> [1562 bytes]","args":[{"selector":{"id":"application-managepricingrules-display-component---priceInfoItem--smartFilterBar-btnBasicSearch","interaction":{"idSuffix":"I"}},"wdio_ui5_key":"applicationmanagepricingrules-display-component---priceInfoItem--smartFilterBar-btnBasicSearch"}]}
RESULT: {"script":"<script> [1562 bytes]","args":[{"selector":{"id":"application-managepricingrules-display-component---priceInfoItem--smartFilterBar-btnBasicSearch","interaction":{"idSuffix":"I"}},"wdio_ui5_key":"applicationmanagepricingrules-display-component---priceInfoItem--smartFilterBar-btnBasicSearch"}]}
RESULT: undefined
COMMAND: POST /session/153c6080784a3c0ed5a7a3a51a23aea7/execute/async - {"script":"<script> [776 bytes]","args":[{"enterText":"Dpp1HMvldn","selector":{"id":"application-managepricingrules-display-component---priceInfoItem--smartFilterBar-btnBasicSearch","interaction":{"idSuffix":"I"}},"clearTextFirst":true,"interactionType":"ENTER_TEXT"}]}
RESULT: {"script":"<script> [776 bytes]","args":[{"enterText":"Dpp1HMvldn","selector":{"id":"application-managepricingrules-display-component---priceInfoItem--smartFilterBar-btnBasicSearch","interaction":{"idSuffix":"I"}},"clearTextFirst":true,"interactionType":"ENTER_TEXT"}]}
COMMAND: POST /session/153c6080784a3c0ed5a7a3a51a23aea7/actions - {"actions":[{"id":"action12","type":"key","parameters":{},"actions":[{"type":"keyDown","value":"î€‡"},{"type":"pause","duration":10},{"type":"keyUp","value":"î€‡"}]}]}
RESULT: {"actions":[{"id":"action12","type":"key","parameters":{},"actions":[{"type":"keyDown","value":"î€‡"},{"type":"pause","duration":10},{"type":"keyUp","value":"î€‡"}]}]}
COMMAND: GET /session/153c6080784a3c0ed5a7a3a51a23aea7/screenshot - {}
RESULT: {}
COMMAND: POST /session/153c6080784a3c0ed5a7a3a51a23aea7/element - {"using":"xpath","value":"//span[@id=\"application-managepricingrules-display-component---priceInfoItem--smartTable-header-inner\"]"}
RESULT: {"using":"xpath","value":"//span[@id=\"application-managepricingrules-display-component---priceInfoItem--smartTable-header-inner\"]"}
COMMAND: POST /session/153c6080784a3c0ed5a7a3a51a23aea7/elements - {"using":"xpath","value":"//span[@id=\"application-managepricingrules-display-component---priceInfoItem--smartTable-header-inner\"]"}
RESULT: {"using":"xpath","value":"//span[@id=\"application-managepricingrules-display-component---priceInfoItem--smartTable-header-inner\"]"}
COMMAND: POST /session/153c6080784a3c0ed5a7a3a51a23aea7/execute/sync - {"script":"<script> [56 bytes]","args":[{"element-6066-11e4-a52e-4f735466cecf":"f.2D07FE98EF058A5017333A18E496C5C8.d.1532A16A55D743CF37A996A5DD25117A.e.5253","ELEMENT":"f.2D07FE98EF058A5017333A18E496C5C8.d.1532A16A55D743CF37A996A5DD25117A.e.5253"}]}
RESULT: {"script":"<script> [56 bytes]","args":[{"element-6066-11e4-a52e-4f735466cecf":"f.2D07FE98EF058A5017333A18E496C5C8.d.1532A16A55D743CF37A996A5DD25117A.e.5253","ELEMENT":"f.2D07FE98EF058A5017333A18E496C5C8.d.1532A16A55D743CF37A996A5DD25117A.e.5253"}]}
COMMAND: POST /session/153c6080784a3c0ed5a7a3a51a23aea7/element - {"using":"css selector","value":"#shell-header-logo"}
COMMAND: GET /session/153c6080784a3c0ed5a7a3a51a23aea7/screenshot - {}
RESULT: {"using":"css selector","value":"#shell-header-logo"}
COMMAND: POST /session/153c6080784a3c0ed5a7a3a51a23aea7/element/f.2D07FE98EF058A5017333A18E496C5C8.d.1532A16A55D743CF37A996A5DD25117A.e.4459/click - {}
RESULT: {}
RESULT: {}
COMMAND: GET /session/153c6080784a3c0ed5a7a3a51a23aea7/screenshot - {}
RESULT: {}
]]></system-out>
    </testcase>
    <testcase classname="chrome.137_0_7151_56.windows.Billing_Transfer_-_Master_data_&amp;_Intercompany_US127250" name="Should create new condition for equipment TB" time="77.416">
      <system-out><![CDATA[
COMMAND: POST /session/153c6080784a3c0ed5a7a3a51a23aea7/execute/async - {"script":"<script> [1562 bytes]","args":[{"selector":{"controlType":"sap.m.GenericTile","properties":{"header":"Manage Conditions & Prices"}},"wdio_ui5_key":"sapm.GenericTile{\"header\":\"Manage Conditions & Prices\"}"}]}
RESULT: {"script":"<script> [1562 bytes]","args":[{"selector":{"controlType":"sap.m.GenericTile","properties":{"header":"Manage Conditions & Prices"}},"wdio_ui5_key":"sapm.GenericTile{\"header\":\"Manage Conditions & Prices\"}"}]}
RESULT: undefined
COMMAND: POST /session/153c6080784a3c0ed5a7a3a51a23aea7/element - {"using":"xpath","value":"//*[@id=\"__tile53\"]"}
RESULT: {"using":"xpath","value":"//*[@id=\"__tile53\"]"}
COMMAND: POST /session/153c6080784a3c0ed5a7a3a51a23aea7/element/f.2D07FE98EF058A5017333A18E496C5C8.d.1532A16A55D743CF37A996A5DD25117A.e.2189/click - {}
RESULT: {}
COMMAND: GET /session/153c6080784a3c0ed5a7a3a51a23aea7/screenshot - {}
RESULT: {}
COMMAND: POST /session/153c6080784a3c0ed5a7a3a51a23aea7/elements - {"using":"xpath","value":"//span[text()='Error']"}
RESULT: {"using":"xpath","value":"//span[text()='Error']"}
COMMAND: POST /session/153c6080784a3c0ed5a7a3a51a23aea7/element - {"using":"xpath","value":"//button[@aria-label=\"Create\"]"}
RESULT: {"using":"xpath","value":"//button[@aria-label=\"Create\"]"}
COMMAND: POST /session/153c6080784a3c0ed5a7a3a51a23aea7/elements - {"using":"xpath","value":"//button[@aria-label=\"Create\"]"}
RESULT: {"using":"xpath","value":"//button[@aria-label=\"Create\"]"}
COMMAND: POST /session/153c6080784a3c0ed5a7a3a51a23aea7/execute/sync - {"script":"<script> [8489 bytes]","args":[{"element-6066-11e4-a52e-4f735466cecf":"f.2D07FE98EF058A5017333A18E496C5C8.d.1532A16A55D743CF37A996A5DD25117A.e.5290","ELEMENT":"f.2D07FE98EF058A5017333A18E496C5C8.d.1532A16A55D743CF37A996A5DD25117A.e.5290"}]}
RESULT: {"script":"<script> [8489 bytes]","args":[{"element-6066-11e4-a52e-4f735466cecf":"f.2D07FE98EF058A5017333A18E496C5C8.d.1532A16A55D743CF37A996A5DD25117A.e.5290","ELEMENT":"f.2D07FE98EF058A5017333A18E496C5C8.d.1532A16A55D743CF37A996A5DD25117A.e.5290"}]}
COMMAND: GET /session/153c6080784a3c0ed5a7a3a51a23aea7/element/f.2D07FE98EF058A5017333A18E496C5C8.d.1532A16A55D743CF37A996A5DD25117A.e.5290/enabled - {}
COMMAND: GET /session/153c6080784a3c0ed5a7a3a51a23aea7/screenshot - {}
RESULT: {}
RESULT: {}
COMMAND: POST /session/153c6080784a3c0ed5a7a3a51a23aea7/execute/sync - {"script":"<script> [8489 bytes]","args":[{"element-6066-11e4-a52e-4f735466cecf":"f.2D07FE98EF058A5017333A18E496C5C8.d.1532A16A55D743CF37A996A5DD25117A.e.5290","ELEMENT":"f.2D07FE98EF058A5017333A18E496C5C8.d.1532A16A55D743CF37A996A5DD25117A.e.5290"}]}
COMMAND: GET /session/153c6080784a3c0ed5a7a3a51a23aea7/screenshot - {}
RESULT: {"script":"<script> [8489 bytes]","args":[{"element-6066-11e4-a52e-4f735466cecf":"f.2D07FE98EF058A5017333A18E496C5C8.d.1532A16A55D743CF37A996A5DD25117A.e.5290","ELEMENT":"f.2D07FE98EF058A5017333A18E496C5C8.d.1532A16A55D743CF37A996A5DD25117A.e.5290"}]}
COMMAND: POST /session/153c6080784a3c0ed5a7a3a51a23aea7/execute/sync - {"script":"<script> [5351 bytes]","args":[{"element-6066-11e4-a52e-4f735466cecf":"f.2D07FE98EF058A5017333A18E496C5C8.d.1532A16A55D743CF37A996A5DD25117A.e.5290","ELEMENT":"f.2D07FE98EF058A5017333A18E496C5C8.d.1532A16A55D743CF37A996A5DD25117A.e.5290"}]}
COMMAND: GET /session/153c6080784a3c0ed5a7a3a51a23aea7/screenshot - {}
RESULT: {}
RESULT: {"script":"<script> [5351 bytes]","args":[{"element-6066-11e4-a52e-4f735466cecf":"f.2D07FE98EF058A5017333A18E496C5C8.d.1532A16A55D743CF37A996A5DD25117A.e.5290","ELEMENT":"f.2D07FE98EF058A5017333A18E496C5C8.d.1532A16A55D743CF37A996A5DD25117A.e.5290"}]}
COMMAND: POST /session/153c6080784a3c0ed5a7a3a51a23aea7/element/f.2D07FE98EF058A5017333A18E496C5C8.d.1532A16A55D743CF37A996A5DD25117A.e.5290/click - {}
COMMAND: GET /session/153c6080784a3c0ed5a7a3a51a23aea7/screenshot - {}
RESULT: {}
RESULT: {}
COMMAND: GET /session/153c6080784a3c0ed5a7a3a51a23aea7/screenshot - {}
RESULT: {}
RESULT: {}
COMMAND: POST /session/153c6080784a3c0ed5a7a3a51a23aea7/actions - {"actions":[{"id":"action13","type":"key","parameters":{},"actions":[{"type":"keyDown","value":"î€‡"},{"type":"pause","duration":10},{"type":"keyUp","value":"î€‡"}]}]}
RESULT: {"actions":[{"id":"action13","type":"key","parameters":{},"actions":[{"type":"keyDown","value":"î€‡"},{"type":"pause","duration":10},{"type":"keyUp","value":"î€‡"}]}]}
COMMAND: GET /session/153c6080784a3c0ed5a7a3a51a23aea7/screenshot - {}
RESULT: {}
COMMAND: POST /session/153c6080784a3c0ed5a7a3a51a23aea7/execute/async - {"script":"<script> [1562 bytes]","args":[{"selector":{"id":"application-manageconditionprice-display-component---newCondition--condBillCond-arrow"},"wdio_ui5_key":"applicationmanageconditionprice-display-component---newCondition--condBillCond-arrow"}]}
RESULT: {"script":"<script> [1562 bytes]","args":[{"selector":{"id":"application-manageconditionprice-display-component---newCondition--condBillCond-arrow"},"wdio_ui5_key":"applicationmanageconditionprice-display-component---newCondition--condBillCond-arrow"}]}
RESULT: undefined
COMMAND: POST /session/153c6080784a3c0ed5a7a3a51a23aea7/element - {"using":"xpath","value":"//*[@id=\"application-manageconditionprice-display-component---newCondition--condBillCond-arrow\"]"}
RESULT: {"using":"xpath","value":"//*[@id=\"application-manageconditionprice-display-component---newCondition--condBillCond-arrow\"]"}
COMMAND: POST /session/153c6080784a3c0ed5a7a3a51a23aea7/element/f.2D07FE98EF058A5017333A18E496C5C8.d.1532A16A55D743CF37A996A5DD25117A.e.5468/click - {}
RESULT: {}
COMMAND: GET /session/153c6080784a3c0ed5a7a3a51a23aea7/screenshot - {}
RESULT: {}
COMMAND: POST /session/153c6080784a3c0ed5a7a3a51a23aea7/element - {"using":"xpath","value":"//li[.//span[contains(text(), \"DISP - D&I special price\")]]"}
RESULT: {"using":"xpath","value":"//li[.//span[contains(text(), \"DISP - D&I special price\")]]"}
COMMAND: POST /session/153c6080784a3c0ed5a7a3a51a23aea7/element/f.2D07FE98EF058A5017333A18E496C5C8.d.1532A16A55D743CF37A996A5DD25117A.e.5471/click - {}
RESULT: {}
COMMAND: GET /session/153c6080784a3c0ed5a7a3a51a23aea7/screenshot - {}
RESULT: {}
COMMAND: POST /session/153c6080784a3c0ed5a7a3a51a23aea7/execute/async - {"script":"<script> [1562 bytes]","args":[{"selector":{"id":"application-manageconditionprice-display-component---newCondition--condValidTo","interaction":{"idSuffix":"inner"}},"wdio_ui5_key":"applicationmanageconditionprice-display-component---newCondition--condValidTo"}]}
RESULT: {"script":"<script> [1562 bytes]","args":[{"selector":{"id":"application-manageconditionprice-display-component---newCondition--condValidTo","interaction":{"idSuffix":"inner"}},"wdio_ui5_key":"applicationmanageconditionprice-display-component---newCondition--condValidTo"}]}
RESULT: undefined
COMMAND: POST /session/153c6080784a3c0ed5a7a3a51a23aea7/execute/async - {"script":"<script> [776 bytes]","args":[{"enterText":"2/4/26","selector":{"id":"application-manageconditionprice-display-component---newCondition--condValidTo","interaction":{"idSuffix":"inner"}},"clearTextFirst":true,"interactionType":"ENTER_TEXT"}]}
RESULT: {"script":"<script> [776 bytes]","args":[{"enterText":"2/4/26","selector":{"id":"application-manageconditionprice-display-component---newCondition--condValidTo","interaction":{"idSuffix":"inner"}},"clearTextFirst":true,"interactionType":"ENTER_TEXT"}]}
COMMAND: POST /session/153c6080784a3c0ed5a7a3a51a23aea7/element - {"using":"xpath","value":"//input[@id=\"application-manageconditionprice-display-component---newCondition--condRU-inner\"]"}
RESULT: {"using":"xpath","value":"//input[@id=\"application-manageconditionprice-display-component---newCondition--condRU-inner\"]"}
COMMAND: POST /session/153c6080784a3c0ed5a7a3a51a23aea7/element/f.2D07FE98EF058A5017333A18E496C5C8.d.1532A16A55D743CF37A996A5DD25117A.e.5335/clear - {}
RESULT: {}
COMMAND: POST /session/153c6080784a3c0ed5a7a3a51a23aea7/element/f.2D07FE98EF058A5017333A18E496C5C8.d.1532A16A55D743CF37A996A5DD25117A.e.5335/value - {"text":"Dpp1HMvldn"}
COMMAND: GET /session/153c6080784a3c0ed5a7a3a51a23aea7/screenshot - {}
RESULT: {"text":"Dpp1HMvldn"}
COMMAND: GET /session/153c6080784a3c0ed5a7a3a51a23aea7/screenshot - {}
RESULT: {}
RESULT: {}
COMMAND: POST /session/153c6080784a3c0ed5a7a3a51a23aea7/actions - {"actions":[{"id":"action14","type":"key","parameters":{},"actions":[{"type":"keyDown","value":"î€‡"},{"type":"pause","duration":10},{"type":"keyUp","value":"î€‡"}]}]}
RESULT: {"actions":[{"id":"action14","type":"key","parameters":{},"actions":[{"type":"keyDown","value":"î€‡"},{"type":"pause","duration":10},{"type":"keyUp","value":"î€‡"}]}]}
COMMAND: POST /session/153c6080784a3c0ed5a7a3a51a23aea7/execute/async - {"script":"<script> [1562 bytes]","args":[{"selector":{"id":"application-manageconditionprice-display-component---newCondition--condBaseQty","interaction":{"idSuffix":"inner"}},"wdio_ui5_key":"applicationmanageconditionprice-display-component---newCondition--condBaseQty"}]}
COMMAND: GET /session/153c6080784a3c0ed5a7a3a51a23aea7/screenshot - {}
RESULT: {"script":"<script> [1562 bytes]","args":[{"selector":{"id":"application-manageconditionprice-display-component---newCondition--condBaseQty","interaction":{"idSuffix":"inner"}},"wdio_ui5_key":"applicationmanageconditionprice-display-component---newCondition--condBaseQty"}]}
RESULT: undefined
COMMAND: POST /session/153c6080784a3c0ed5a7a3a51a23aea7/execute/async - {"script":"<script> [776 bytes]","args":[{"enterText":"1","selector":{"id":"application-manageconditionprice-display-component---newCondition--condBaseQty","interaction":{"idSuffix":"inner"}},"clearTextFirst":true,"interactionType":"ENTER_TEXT"}]}
RESULT: {}
RESULT: {"script":"<script> [776 bytes]","args":[{"enterText":"1","selector":{"id":"application-manageconditionprice-display-component---newCondition--condBaseQty","interaction":{"idSuffix":"inner"}},"clearTextFirst":true,"interactionType":"ENTER_TEXT"}]}
COMMAND: POST /session/153c6080784a3c0ed5a7a3a51a23aea7/execute/async - {"script":"<script> [1562 bytes]","args":[{"selector":{"id":"application-manageconditionprice-display-component---newCondition--condValue","interaction":{"idSuffix":"inner"}},"wdio_ui5_key":"applicationmanageconditionprice-display-component---newCondition--condValue"}]}
RESULT: {"script":"<script> [1562 bytes]","args":[{"selector":{"id":"application-manageconditionprice-display-component---newCondition--condValue","interaction":{"idSuffix":"inner"}},"wdio_ui5_key":"applicationmanageconditionprice-display-component---newCondition--condValue"}]}
RESULT: undefined
COMMAND: POST /session/153c6080784a3c0ed5a7a3a51a23aea7/execute/async - {"script":"<script> [776 bytes]","args":[{"enterText":"100","selector":{"id":"application-manageconditionprice-display-component---newCondition--condValue","interaction":{"idSuffix":"inner"}},"clearTextFirst":true,"interactionType":"ENTER_TEXT"}]}
RESULT: {"script":"<script> [776 bytes]","args":[{"enterText":"100","selector":{"id":"application-manageconditionprice-display-component---newCondition--condValue","interaction":{"idSuffix":"inner"}},"clearTextFirst":true,"interactionType":"ENTER_TEXT"}]}
COMMAND: POST /session/153c6080784a3c0ed5a7a3a51a23aea7/execute/async - {"script":"<script> [1562 bytes]","args":[{"selector":{"id":"application-manageconditionprice-display-component---newCondition--condCurr-arrow"},"wdio_ui5_key":"applicationmanageconditionprice-display-component---newCondition--condCurr-arrow"}]}
RESULT: {"script":"<script> [1562 bytes]","args":[{"selector":{"id":"application-manageconditionprice-display-component---newCondition--condCurr-arrow"},"wdio_ui5_key":"applicationmanageconditionprice-display-component---newCondition--condCurr-arrow"}]}
RESULT: undefined
COMMAND: POST /session/153c6080784a3c0ed5a7a3a51a23aea7/element - {"using":"xpath","value":"//*[@id=\"application-manageconditionprice-display-component---newCondition--condCurr-arrow\"]"}
RESULT: {"using":"xpath","value":"//*[@id=\"application-manageconditionprice-display-component---newCondition--condCurr-arrow\"]"}
COMMAND: POST /session/153c6080784a3c0ed5a7a3a51a23aea7/element/f.2D07FE98EF058A5017333A18E496C5C8.d.1532A16A55D743CF37A996A5DD25117A.e.5427/click - {}
RESULT: {}
COMMAND: POST /session/153c6080784a3c0ed5a7a3a51a23aea7/element - {"using":"xpath","value":"//span[contains(text(), \"Euro\")]"}
COMMAND: GET /session/153c6080784a3c0ed5a7a3a51a23aea7/screenshot - {}
RESULT: {"using":"xpath","value":"//span[contains(text(), \"Euro\")]"}
COMMAND: POST /session/153c6080784a3c0ed5a7a3a51a23aea7/element/f.2D07FE98EF058A5017333A18E496C5C8.d.1532A16A55D743CF37A996A5DD25117A.e.5508/click - {}
RESULT: {}
RESULT: {}
COMMAND: POST /session/153c6080784a3c0ed5a7a3a51a23aea7/element - {"using":"xpath","value":"//button[@data-kt=\"saveButton\"]"}
COMMAND: GET /session/153c6080784a3c0ed5a7a3a51a23aea7/screenshot - {}
RESULT: {"using":"xpath","value":"//button[@data-kt=\"saveButton\"]"}
COMMAND: POST /session/153c6080784a3c0ed5a7a3a51a23aea7/element/f.2D07FE98EF058A5017333A18E496C5C8.d.1532A16A55D743CF37A996A5DD25117A.e.5428/click - {}
RESULT: {}
RESULT: {}
COMMAND: GET /session/153c6080784a3c0ed5a7a3a51a23aea7/screenshot - {}
RESULT: {}
COMMAND: POST /session/153c6080784a3c0ed5a7a3a51a23aea7/execute/async - {"script":"<script> [1562 bytes]","args":[{"selector":{"id":"application-manageconditionprice-display-component---conditions--smartFilterBar-btnBasicSearch","interaction":{"idSuffix":"I"}},"wdio_ui5_key":"applicationmanageconditionprice-display-component---conditions--smartFilterBar-btnBasicSearch"}]}
RESULT: {"script":"<script> [1562 bytes]","args":[{"selector":{"id":"application-manageconditionprice-display-component---conditions--smartFilterBar-btnBasicSearch","interaction":{"idSuffix":"I"}},"wdio_ui5_key":"applicationmanageconditionprice-display-component---conditions--smartFilterBar-btnBasicSearch"}]}
RESULT: undefined
COMMAND: POST /session/153c6080784a3c0ed5a7a3a51a23aea7/execute/async - {"script":"<script> [776 bytes]","args":[{"enterText":"Dpp1HMvldn","selector":{"id":"application-manageconditionprice-display-component---conditions--smartFilterBar-btnBasicSearch","interaction":{"idSuffix":"I"}},"clearTextFirst":true,"interactionType":"ENTER_TEXT"}]}
RESULT: {"script":"<script> [776 bytes]","args":[{"enterText":"Dpp1HMvldn","selector":{"id":"application-manageconditionprice-display-component---conditions--smartFilterBar-btnBasicSearch","interaction":{"idSuffix":"I"}},"clearTextFirst":true,"interactionType":"ENTER_TEXT"}]}
COMMAND: POST /session/153c6080784a3c0ed5a7a3a51a23aea7/actions - {"actions":[{"id":"action15","type":"key","parameters":{},"actions":[{"type":"keyDown","value":"î€‡"},{"type":"pause","duration":10},{"type":"keyUp","value":"î€‡"}]}]}
RESULT: {"actions":[{"id":"action15","type":"key","parameters":{},"actions":[{"type":"keyDown","value":"î€‡"},{"type":"pause","duration":10},{"type":"keyUp","value":"î€‡"}]}]}
COMMAND: GET /session/153c6080784a3c0ed5a7a3a51a23aea7/screenshot - {}
RESULT: {}
COMMAND: POST /session/153c6080784a3c0ed5a7a3a51a23aea7/execute/async - {"script":"<script> [1562 bytes]","args":[{"selector":{"id":"application-manageconditionprice-display-component---conditions--smartFilterBar-filterItemControl_BASIC-BILL_TYPES-vhi"},"wdio_ui5_key":"applicationmanageconditionprice-display-component---conditions--smartFilterBar-filterItemControl_BASIC-BILL_TYPES-vhi"}]}
RESULT: {"script":"<script> [1562 bytes]","args":[{"selector":{"id":"application-manageconditionprice-display-component---conditions--smartFilterBar-filterItemControl_BASIC-BILL_TYPES-vhi"},"wdio_ui5_key":"applicationmanageconditionprice-display-component---conditions--smartFilterBar-filterItemControl_BASIC-BILL_TYPES-vhi"}]}
RESULT: undefined
COMMAND: POST /session/153c6080784a3c0ed5a7a3a51a23aea7/element - {"using":"xpath","value":"//*[@id=\"application-manageconditionprice-display-component---conditions--smartFilterBar-filterItemControl_BASIC-BILL_TYPES-vhi\"]"}
RESULT: {"using":"xpath","value":"//*[@id=\"application-manageconditionprice-display-component---conditions--smartFilterBar-filterItemControl_BASIC-BILL_TYPES-vhi\"]"}
COMMAND: POST /session/153c6080784a3c0ed5a7a3a51a23aea7/element/f.2D07FE98EF058A5017333A18E496C5C8.d.1532A16A55D743CF37A996A5DD25117A.e.5524/click - {}
RESULT: {}
COMMAND: POST /session/153c6080784a3c0ed5a7a3a51a23aea7/execute/async - {"script":"<script> [1562 bytes]","args":[{"selector":{"id":"application-manageconditionprice-display-component---conditions--smartFilterBar-filterItemControl_BASIC-BILL_TYPES-valueHelpDialog-smartFilterBar-btnBasicSearch","searchOpenDialogs":true,"interaction":{"idSuffix":"I"}},"wdio_ui5_key":"applicationmanageconditionprice-display-component---conditions--smartFilterBar-filterItemControl_BASIC-BILL_TYPES-valueHelpDialog-smartFilterBar-btnBasicSearch"}]}
COMMAND: GET /session/153c6080784a3c0ed5a7a3a51a23aea7/screenshot - {}
RESULT: {"script":"<script> [1562 bytes]","args":[{"selector":{"id":"application-manageconditionprice-display-component---conditions--smartFilterBar-filterItemControl_BASIC-BILL_TYPES-valueHelpDialog-smartFilterBar-btnBasicSearch","searchOpenDialogs":true,"interaction":{"idSuffix":"I"}},"wdio_ui5_key":"applicationmanageconditionprice-display-component---conditions--smartFilterBar-filterItemControl_BASIC-BILL_TYPES-valueHelpDialog-smartFilterBar-btnBasicSearch"}]}
RESULT: undefined
COMMAND: POST /session/153c6080784a3c0ed5a7a3a51a23aea7/execute/async - {"script":"<script> [776 bytes]","args":[{"enterText":"TB","selector":{"id":"application-manageconditionprice-display-component---conditions--smartFilterBar-filterItemControl_BASIC-BILL_TYPES-valueHelpDialog-smartFilterBar-btnBasicSearch","searchOpenDialogs":true,"interaction":{"idSuffix":"I"}},"clearTextFirst":true,"interactionType":"ENTER_TEXT"}]}
RESULT: {}
RESULT: {"script":"<script> [776 bytes]","args":[{"enterText":"TB","selector":{"id":"application-manageconditionprice-display-component---conditions--smartFilterBar-filterItemControl_BASIC-BILL_TYPES-valueHelpDialog-smartFilterBar-btnBasicSearch","searchOpenDialogs":true,"interaction":{"idSuffix":"I"}},"clearTextFirst":true,"interactionType":"ENTER_TEXT"}]}
COMMAND: POST /session/153c6080784a3c0ed5a7a3a51a23aea7/actions - {"actions":[{"id":"action16","type":"key","parameters":{},"actions":[{"type":"keyDown","value":"î€‡"},{"type":"pause","duration":10},{"type":"keyUp","value":"î€‡"}]}]}
RESULT: {"actions":[{"id":"action16","type":"key","parameters":{},"actions":[{"type":"keyDown","value":"î€‡"},{"type":"pause","duration":10},{"type":"keyUp","value":"î€‡"}]}]}
COMMAND: GET /session/153c6080784a3c0ed5a7a3a51a23aea7/screenshot - {}
RESULT: {}
COMMAND: POST /session/153c6080784a3c0ed5a7a3a51a23aea7/element - {"using":"xpath","value":"//div[contains(@id, 'application-manageconditionprice-display-component---conditions--smartFilterBar-filterItemControl_BASIC-BILL_TYPES-valueHelpDialog-table-rowsel0')]"}
RESULT: {"using":"xpath","value":"//div[contains(@id, 'application-manageconditionprice-display-component---conditions--smartFilterBar-filterItemControl_BASIC-BILL_TYPES-valueHelpDialog-table-rowsel0')]"}
COMMAND: POST /session/153c6080784a3c0ed5a7a3a51a23aea7/element/f.2D07FE98EF058A5017333A18E496C5C8.d.1532A16A55D743CF37A996A5DD25117A.e.5533/click - {}
RESULT: {}
COMMAND: GET /session/153c6080784a3c0ed5a7a3a51a23aea7/screenshot - {}
RESULT: {}
COMMAND: POST /session/153c6080784a3c0ed5a7a3a51a23aea7/element - {"using":"xpath","value":"//bdi[contains(text(), \"OK\")]"}
RESULT: {"using":"xpath","value":"//bdi[contains(text(), \"OK\")]"}
COMMAND: POST /session/153c6080784a3c0ed5a7a3a51a23aea7/element/f.2D07FE98EF058A5017333A18E496C5C8.d.1532A16A55D743CF37A996A5DD25117A.e.5535/click - {}
RESULT: {}
COMMAND: GET /session/153c6080784a3c0ed5a7a3a51a23aea7/screenshot - {}
RESULT: {}
COMMAND: POST /session/153c6080784a3c0ed5a7a3a51a23aea7/element - {"using":"xpath","value":"//span[@id=\"application-manageconditionprice-display-component---conditions--smartTable-header-inner\"]"}
RESULT: {"using":"xpath","value":"//span[@id=\"application-manageconditionprice-display-component---conditions--smartTable-header-inner\"]"}
COMMAND: POST /session/153c6080784a3c0ed5a7a3a51a23aea7/elements - {"using":"xpath","value":"//span[@id=\"application-manageconditionprice-display-component---conditions--smartTable-header-inner\"]"}
RESULT: {"using":"xpath","value":"//span[@id=\"application-manageconditionprice-display-component---conditions--smartTable-header-inner\"]"}
COMMAND: POST /session/153c6080784a3c0ed5a7a3a51a23aea7/execute/sync - {"script":"<script> [56 bytes]","args":[{"element-6066-11e4-a52e-4f735466cecf":"f.2D07FE98EF058A5017333A18E496C5C8.d.1532A16A55D743CF37A996A5DD25117A.e.5538","ELEMENT":"f.2D07FE98EF058A5017333A18E496C5C8.d.1532A16A55D743CF37A996A5DD25117A.e.5538"}]}
RESULT: {"script":"<script> [56 bytes]","args":[{"element-6066-11e4-a52e-4f735466cecf":"f.2D07FE98EF058A5017333A18E496C5C8.d.1532A16A55D743CF37A996A5DD25117A.e.5538","ELEMENT":"f.2D07FE98EF058A5017333A18E496C5C8.d.1532A16A55D743CF37A996A5DD25117A.e.5538"}]}
COMMAND: POST /session/153c6080784a3c0ed5a7a3a51a23aea7/element - {"using":"css selector","value":"#shell-header-logo"}
COMMAND: GET /session/153c6080784a3c0ed5a7a3a51a23aea7/screenshot - {}
RESULT: {"using":"css selector","value":"#shell-header-logo"}
COMMAND: POST /session/153c6080784a3c0ed5a7a3a51a23aea7/element/f.2D07FE98EF058A5017333A18E496C5C8.d.1532A16A55D743CF37A996A5DD25117A.e.5257/click - {}
RESULT: {}
RESULT: {}
COMMAND: GET /session/153c6080784a3c0ed5a7a3a51a23aea7/screenshot - {}
RESULT: {}
]]></system-out>
    </testcase>
  </testsuite>
  <testsuite timestamp="2025-06-04T17:42:22" time="1158.286" tests="12" failures="6" errors="6" skipped="0">
    <properties>
      <property name="specId" value="0" />
      <property name="suiteName" value="Billing Transfer - Intracompany US127249" />
      <property name="capabilities" value="chrome.137_0_7151_56.windows" />
      <property name="file" value="file:///D:/a/1/s/test/specs/BTS/billing-transfer-intracompany.spec.js" />
    </properties>
    <testcase classname="chrome.137_0_7151_56.windows.Billing_Transfer_-_Intracompany_US127249" name="Should create a new yard" time="130.9">
      <system-out><![CDATA[
COMMAND: POST /session/153c6080784a3c0ed5a7a3a51a23aea7/window/fullscreen - {}
RESULT: {}
COMMAND: POST /session/153c6080784a3c0ed5a7a3a51a23aea7/execute/async - {"script":"<script> [1562 bytes]","args":[{"selector":{"controlType":"sap.m.GenericTile","properties":{"header":"Manage Yards"}},"wdio_ui5_key":"sapm.GenericTile{\"header\":\"Manage Yards\"}"}]}
RESULT: {"script":"<script> [1562 bytes]","args":[{"selector":{"controlType":"sap.m.GenericTile","properties":{"header":"Manage Yards"}},"wdio_ui5_key":"sapm.GenericTile{\"header\":\"Manage Yards\"}"}]}
RESULT: undefined
COMMAND: POST /session/153c6080784a3c0ed5a7a3a51a23aea7/element - {"using":"xpath","value":"//*[@id=\"__tile41\"]"}
RESULT: {"using":"xpath","value":"//*[@id=\"__tile41\"]"}
COMMAND: POST /session/153c6080784a3c0ed5a7a3a51a23aea7/element/f.2D07FE98EF058A5017333A18E496C5C8.d.E922E150E5578D71880D97C4B5862113.e.6127/click - {}
RESULT: {}
COMMAND: GET /session/153c6080784a3c0ed5a7a3a51a23aea7/screenshot - {}
RESULT: {}
COMMAND: POST /session/153c6080784a3c0ed5a7a3a51a23aea7/elements - {"using":"xpath","value":"//span[text()='Error']"}
RESULT: {"using":"xpath","value":"//span[text()='Error']"}
COMMAND: POST /session/153c6080784a3c0ed5a7a3a51a23aea7/element - {"using":"xpath","value":"//button[@data-kt=\"addNewYardOverflowToolbarButton\"]"}
RESULT: {"using":"xpath","value":"//button[@data-kt=\"addNewYardOverflowToolbarButton\"]"}
COMMAND: POST /session/153c6080784a3c0ed5a7a3a51a23aea7/elements - {"using":"xpath","value":"//button[@data-kt=\"addNewYardOverflowToolbarButton\"]"}
RESULT: {"using":"xpath","value":"//button[@data-kt=\"addNewYardOverflowToolbarButton\"]"}
COMMAND: POST /session/153c6080784a3c0ed5a7a3a51a23aea7/elements - {"using":"xpath","value":"//button[@data-kt=\"addNewYardOverflowToolbarButton\"]"}
RESULT: {"using":"xpath","value":"//button[@data-kt=\"addNewYardOverflowToolbarButton\"]"}
COMMAND: POST /session/153c6080784a3c0ed5a7a3a51a23aea7/elements - {"using":"xpath","value":"//button[@data-kt=\"addNewYardOverflowToolbarButton\"]"}
RESULT: {"using":"xpath","value":"//button[@data-kt=\"addNewYardOverflowToolbarButton\"]"}
COMMAND: POST /session/153c6080784a3c0ed5a7a3a51a23aea7/elements - {"using":"xpath","value":"//button[@data-kt=\"addNewYardOverflowToolbarButton\"]"}
RESULT: {"using":"xpath","value":"//button[@data-kt=\"addNewYardOverflowToolbarButton\"]"}
COMMAND: POST /session/153c6080784a3c0ed5a7a3a51a23aea7/elements - {"using":"xpath","value":"//button[@data-kt=\"addNewYardOverflowToolbarButton\"]"}
RESULT: {"using":"xpath","value":"//button[@data-kt=\"addNewYardOverflowToolbarButton\"]"}
COMMAND: POST /session/153c6080784a3c0ed5a7a3a51a23aea7/elements - {"using":"xpath","value":"//button[@data-kt=\"addNewYardOverflowToolbarButton\"]"}
RESULT: {"using":"xpath","value":"//button[@data-kt=\"addNewYardOverflowToolbarButton\"]"}
COMMAND: POST /session/153c6080784a3c0ed5a7a3a51a23aea7/elements - {"using":"xpath","value":"//button[@data-kt=\"addNewYardOverflowToolbarButton\"]"}
RESULT: {"using":"xpath","value":"//button[@data-kt=\"addNewYardOverflowToolbarButton\"]"}
COMMAND: POST /session/153c6080784a3c0ed5a7a3a51a23aea7/elements - {"using":"xpath","value":"//button[@data-kt=\"addNewYardOverflowToolbarButton\"]"}
RESULT: {"using":"xpath","value":"//button[@data-kt=\"addNewYardOverflowToolbarButton\"]"}
COMMAND: POST /session/153c6080784a3c0ed5a7a3a51a23aea7/element - {"using":"xpath","value":"//button[@data-kt=\"addNewYardOverflowToolbarButton\"]"}
RESULT: {"using":"xpath","value":"//button[@data-kt=\"addNewYardOverflowToolbarButton\"]"}
COMMAND: POST /session/153c6080784a3c0ed5a7a3a51a23aea7/execute/sync - {"script":"<script> [8489 bytes]","args":[{"element-6066-11e4-a52e-4f735466cecf":"f.2D07FE98EF058A5017333A18E496C5C8.d.E922E150E5578D71880D97C4B5862113.e.6254","ELEMENT":"f.2D07FE98EF058A5017333A18E496C5C8.d.E922E150E5578D71880D97C4B5862113.e.6254"}]}
RESULT: {"script":"<script> [8489 bytes]","args":[{"element-6066-11e4-a52e-4f735466cecf":"f.2D07FE98EF058A5017333A18E496C5C8.d.E922E150E5578D71880D97C4B5862113.e.6254","ELEMENT":"f.2D07FE98EF058A5017333A18E496C5C8.d.E922E150E5578D71880D97C4B5862113.e.6254"}]}
COMMAND: GET /session/153c6080784a3c0ed5a7a3a51a23aea7/element/f.2D07FE98EF058A5017333A18E496C5C8.d.E922E150E5578D71880D97C4B5862113.e.6254/enabled - {}
COMMAND: GET /session/153c6080784a3c0ed5a7a3a51a23aea7/screenshot - {}
RESULT: {}
COMMAND: POST /session/153c6080784a3c0ed5a7a3a51a23aea7/execute/sync - {"script":"<script> [8489 bytes]","args":[{"element-6066-11e4-a52e-4f735466cecf":"f.2D07FE98EF058A5017333A18E496C5C8.d.E922E150E5578D71880D97C4B5862113.e.6254","ELEMENT":"f.2D07FE98EF058A5017333A18E496C5C8.d.E922E150E5578D71880D97C4B5862113.e.6254"}]}
COMMAND: GET /session/153c6080784a3c0ed5a7a3a51a23aea7/screenshot - {}
RESULT: {}
RESULT: {"script":"<script> [8489 bytes]","args":[{"element-6066-11e4-a52e-4f735466cecf":"f.2D07FE98EF058A5017333A18E496C5C8.d.E922E150E5578D71880D97C4B5862113.e.6254","ELEMENT":"f.2D07FE98EF058A5017333A18E496C5C8.d.E922E150E5578D71880D97C4B5862113.e.6254"}]}
COMMAND: POST /session/153c6080784a3c0ed5a7a3a51a23aea7/execute/sync - {"script":"<script> [5351 bytes]","args":[{"element-6066-11e4-a52e-4f735466cecf":"f.2D07FE98EF058A5017333A18E496C5C8.d.E922E150E5578D71880D97C4B5862113.e.6254","ELEMENT":"f.2D07FE98EF058A5017333A18E496C5C8.d.E922E150E5578D71880D97C4B5862113.e.6254"}]}
COMMAND: GET /session/153c6080784a3c0ed5a7a3a51a23aea7/screenshot - {}
RESULT: {}
RESULT: {"script":"<script> [5351 bytes]","args":[{"element-6066-11e4-a52e-4f735466cecf":"f.2D07FE98EF058A5017333A18E496C5C8.d.E922E150E5578D71880D97C4B5862113.e.6254","ELEMENT":"f.2D07FE98EF058A5017333A18E496C5C8.d.E922E150E5578D71880D97C4B5862113.e.6254"}]}
COMMAND: POST /session/153c6080784a3c0ed5a7a3a51a23aea7/element/f.2D07FE98EF058A5017333A18E496C5C8.d.E922E150E5578D71880D97C4B5862113.e.6254/click - {}
COMMAND: GET /session/153c6080784a3c0ed5a7a3a51a23aea7/screenshot - {}
RESULT: {}
RESULT: {}
COMMAND: GET /session/153c6080784a3c0ed5a7a3a51a23aea7/screenshot - {}
RESULT: {}
RESULT: {}
COMMAND: POST /session/153c6080784a3c0ed5a7a3a51a23aea7/element - {"using":"xpath","value":"//input[@id=\"application-manageyards-display-component---NewYard--yardId-inner\"]"}
RESULT: {"using":"xpath","value":"//input[@id=\"application-manageyards-display-component---NewYard--yardId-inner\"]"}
COMMAND: POST /session/153c6080784a3c0ed5a7a3a51a23aea7/element - {"using":"xpath","value":"//input[@id=\"application-manageyards-display-component---NewYard--yardId-inner\"]"}
RESULT: {"using":"xpath","value":"//input[@id=\"application-manageyards-display-component---NewYard--yardId-inner\"]"}
COMMAND: POST /session/153c6080784a3c0ed5a7a3a51a23aea7/execute/async - {"script":"<script> [1562 bytes]","args":[{"selector":{"id":"application-manageyards-display-component---NewYard--addressDetailDetailsName1","interaction":{"idSuffix":"inner"}},"wdio_ui5_key":"applicationmanageyards-display-component---NewYard--addressDetailDetailsName1"}]}
RESULT: {"script":"<script> [1562 bytes]","args":[{"selector":{"id":"application-manageyards-display-component---NewYard--addressDetailDetailsName1","interaction":{"idSuffix":"inner"}},"wdio_ui5_key":"applicationmanageyards-display-component---NewYard--addressDetailDetailsName1"}]}
RESULT: undefined
COMMAND: POST /session/153c6080784a3c0ed5a7a3a51a23aea7/execute/async - {"script":"<script> [776 bytes]","args":[{"enterText":"Intracompany Yard wdIO","selector":{"id":"application-manageyards-display-component---NewYard--addressDetailDetailsName1","interaction":{"idSuffix":"inner"}},"clearTextFirst":true,"interactionType":"ENTER_TEXT"}]}
RESULT: {"script":"<script> [776 bytes]","args":[{"enterText":"Intracompany Yard wdIO","selector":{"id":"application-manageyards-display-component---NewYard--addressDetailDetailsName1","interaction":{"idSuffix":"inner"}},"clearTextFirst":true,"interactionType":"ENTER_TEXT"}]}
COMMAND: POST /session/153c6080784a3c0ed5a7a3a51a23aea7/execute/async - {"script":"<script> [1562 bytes]","args":[{"selector":{"id":"application-manageyards-display-component---NewYard--addressDetailDetailsLanguage-arrow"},"wdio_ui5_key":"applicationmanageyards-display-component---NewYard--addressDetailDetailsLanguage-arrow"}]}
RESULT: {"script":"<script> [1562 bytes]","args":[{"selector":{"id":"application-manageyards-display-component---NewYard--addressDetailDetailsLanguage-arrow"},"wdio_ui5_key":"applicationmanageyards-display-component---NewYard--addressDetailDetailsLanguage-arrow"}]}
RESULT: undefined
COMMAND: POST /session/153c6080784a3c0ed5a7a3a51a23aea7/element - {"using":"xpath","value":"//*[@id=\"application-manageyards-display-component---NewYard--addressDetailDetailsLanguage-arrow\"]"}
RESULT: {"using":"xpath","value":"//*[@id=\"application-manageyards-display-component---NewYard--addressDetailDetailsLanguage-arrow\"]"}
COMMAND: POST /session/153c6080784a3c0ed5a7a3a51a23aea7/element/f.2D07FE98EF058A5017333A18E496C5C8.d.E922E150E5578D71880D97C4B5862113.e.6685/click - {}
RESULT: {}
COMMAND: POST /session/153c6080784a3c0ed5a7a3a51a23aea7/element - {"using":"xpath","value":"//span[contains(text(), \"English\")]"}
COMMAND: GET /session/153c6080784a3c0ed5a7a3a51a23aea7/screenshot - {}
RESULT: {"using":"xpath","value":"//span[contains(text(), \"English\")]"}
COMMAND: POST /session/153c6080784a3c0ed5a7a3a51a23aea7/element/f.2D07FE98EF058A5017333A18E496C5C8.d.E922E150E5578D71880D97C4B5862113.e.6686/click - {}
RESULT: {}
RESULT: {}
COMMAND: POST /session/153c6080784a3c0ed5a7a3a51a23aea7/execute/async - {"script":"<script> [1562 bytes]","args":[{"selector":{"id":"application-manageyards-display-component---NewYard--addressDetailDetailsCity1","interaction":{"idSuffix":"inner"}},"wdio_ui5_key":"applicationmanageyards-display-component---NewYard--addressDetailDetailsCity1"}]}
COMMAND: GET /session/153c6080784a3c0ed5a7a3a51a23aea7/screenshot - {}
RESULT: {"script":"<script> [1562 bytes]","args":[{"selector":{"id":"application-manageyards-display-component---NewYard--addressDetailDetailsCity1","interaction":{"idSuffix":"inner"}},"wdio_ui5_key":"applicationmanageyards-display-component---NewYard--addressDetailDetailsCity1"}]}
RESULT: undefined
COMMAND: POST /session/153c6080784a3c0ed5a7a3a51a23aea7/execute/async - {"script":"<script> [776 bytes]","args":[{"enterText":"Rosario","selector":{"id":"application-manageyards-display-component---NewYard--addressDetailDetailsCity1","interaction":{"idSuffix":"inner"}},"clearTextFirst":true,"interactionType":"ENTER_TEXT"}]}
RESULT: {}
RESULT: {"script":"<script> [776 bytes]","args":[{"enterText":"Rosario","selector":{"id":"application-manageyards-display-component---NewYard--addressDetailDetailsCity1","interaction":{"idSuffix":"inner"}},"clearTextFirst":true,"interactionType":"ENTER_TEXT"}]}
COMMAND: POST /session/153c6080784a3c0ed5a7a3a51a23aea7/execute/async - {"script":"<script> [1562 bytes]","args":[{"selector":{"id":"application-manageyards-display-component---NewYard--addressDetailDetailsCountry-arrow"},"wdio_ui5_key":"applicationmanageyards-display-component---NewYard--addressDetailDetailsCountry-arrow"}]}
RESULT: {"script":"<script> [1562 bytes]","args":[{"selector":{"id":"application-manageyards-display-component---NewYard--addressDetailDetailsCountry-arrow"},"wdio_ui5_key":"applicationmanageyards-display-component---NewYard--addressDetailDetailsCountry-arrow"}]}
RESULT: undefined
COMMAND: POST /session/153c6080784a3c0ed5a7a3a51a23aea7/element - {"using":"xpath","value":"//*[@id=\"application-manageyards-display-component---NewYard--addressDetailDetailsCountry-arrow\"]"}
RESULT: {"using":"xpath","value":"//*[@id=\"application-manageyards-display-component---NewYard--addressDetailDetailsCountry-arrow\"]"}
COMMAND: POST /session/153c6080784a3c0ed5a7a3a51a23aea7/element/f.2D07FE98EF058A5017333A18E496C5C8.d.E922E150E5578D71880D97C4B5862113.e.6688/click - {}
RESULT: {}
COMMAND: POST /session/153c6080784a3c0ed5a7a3a51a23aea7/element - {"using":"xpath","value":"//span[contains(text(), \"Argentina\")]"}
COMMAND: GET /session/153c6080784a3c0ed5a7a3a51a23aea7/screenshot - {}
RESULT: {"using":"xpath","value":"//span[contains(text(), \"Argentina\")]"}
COMMAND: POST /session/153c6080784a3c0ed5a7a3a51a23aea7/element/f.2D07FE98EF058A5017333A18E496C5C8.d.E922E150E5578D71880D97C4B5862113.e.6690/click - {}
RESULT: {}
RESULT: {}
COMMAND: POST /session/153c6080784a3c0ed5a7a3a51a23aea7/execute/async - {"script":"<script> [1562 bytes]","args":[{"selector":{"id":"application-manageyards-display-component---NewYard--addressEditDetailsCostObjectCstType-arrow"},"wdio_ui5_key":"applicationmanageyards-display-component---NewYard--addressEditDetailsCostObjectCstType-arrow"}]}
COMMAND: GET /session/153c6080784a3c0ed5a7a3a51a23aea7/screenshot - {}
RESULT: {"script":"<script> [1562 bytes]","args":[{"selector":{"id":"application-manageyards-display-component---NewYard--addressEditDetailsCostObjectCstType-arrow"},"wdio_ui5_key":"applicationmanageyards-display-component---NewYard--addressEditDetailsCostObjectCstType-arrow"}]}
RESULT: undefined
COMMAND: POST /session/153c6080784a3c0ed5a7a3a51a23aea7/element - {"using":"xpath","value":"//*[@id=\"application-manageyards-display-component---NewYard--addressEditDetailsCostObjectCstType-arrow\"]"}
RESULT: {}
RESULT: {"using":"xpath","value":"//*[@id=\"application-manageyards-display-component---NewYard--addressEditDetailsCostObjectCstType-arrow\"]"}
COMMAND: POST /session/153c6080784a3c0ed5a7a3a51a23aea7/element/f.2D07FE98EF058A5017333A18E496C5C8.d.E922E150E5578D71880D97C4B5862113.e.6691/click - {}
RESULT: {}
COMMAND: POST /session/153c6080784a3c0ed5a7a3a51a23aea7/element - {"using":"xpath","value":"//span[contains(text(), \"Cost Center\")]"}
COMMAND: GET /session/153c6080784a3c0ed5a7a3a51a23aea7/screenshot - {}
RESULT: {"using":"xpath","value":"//span[contains(text(), \"Cost Center\")]"}
COMMAND: POST /session/153c6080784a3c0ed5a7a3a51a23aea7/element/f.2D07FE98EF058A5017333A18E496C5C8.d.E922E150E5578D71880D97C4B5862113.e.6692/click - {}
RESULT: {}
RESULT: {}
COMMAND: GET /session/153c6080784a3c0ed5a7a3a51a23aea7/screenshot - {}
RESULT: {}
COMMAND: POST /session/153c6080784a3c0ed5a7a3a51a23aea7/element - {"using":"xpath","value":"//span[@id=\"application-manageyards-display-component---NewYard--addressNewCostObjectCstID-vhi\"]"}
RESULT: {"using":"xpath","value":"//span[@id=\"application-manageyards-display-component---NewYard--addressNewCostObjectCstID-vhi\"]"}
COMMAND: POST /session/153c6080784a3c0ed5a7a3a51a23aea7/execute/sync - {"script":"<script> [8489 bytes]","args":[{"element-6066-11e4-a52e-4f735466cecf":"f.2D07FE98EF058A5017333A18E496C5C8.d.E922E150E5578D71880D97C4B5862113.e.6696","ELEMENT":"f.2D07FE98EF058A5017333A18E496C5C8.d.E922E150E5578D71880D97C4B5862113.e.6696"}]}
RESULT: {"script":"<script> [8489 bytes]","args":[{"element-6066-11e4-a52e-4f735466cecf":"f.2D07FE98EF058A5017333A18E496C5C8.d.E922E150E5578D71880D97C4B5862113.e.6696","ELEMENT":"f.2D07FE98EF058A5017333A18E496C5C8.d.E922E150E5578D71880D97C4B5862113.e.6696"}]}
COMMAND: POST /session/153c6080784a3c0ed5a7a3a51a23aea7/execute/async - {"script":"<script> [1562 bytes]","args":[{"selector":{"id":"application-manageyards-display-component---NewYard--addressNewCostObjectCstID-vhi"},"wdio_ui5_key":"applicationmanageyards-display-component---NewYard--addressNewCostObjectCstID-vhi"}]}
COMMAND: GET /session/153c6080784a3c0ed5a7a3a51a23aea7/screenshot - {}
RESULT: {"script":"<script> [1562 bytes]","args":[{"selector":{"id":"application-manageyards-display-component---NewYard--addressNewCostObjectCstID-vhi"},"wdio_ui5_key":"applicationmanageyards-display-component---NewYard--addressNewCostObjectCstID-vhi"}]}
RESULT: undefined
COMMAND: POST /session/153c6080784a3c0ed5a7a3a51a23aea7/element - {"using":"xpath","value":"//*[@id=\"application-manageyards-display-component---NewYard--addressNewCostObjectCstID-vhi\"]"}
RESULT: {}
RESULT: {"using":"xpath","value":"//*[@id=\"application-manageyards-display-component---NewYard--addressNewCostObjectCstID-vhi\"]"}
COMMAND: POST /session/153c6080784a3c0ed5a7a3a51a23aea7/element/f.2D07FE98EF058A5017333A18E496C5C8.d.E922E150E5578D71880D97C4B5862113.e.6696/click - {}
RESULT: {}
COMMAND: GET /session/153c6080784a3c0ed5a7a3a51a23aea7/screenshot - {}
RESULT: {}
COMMAND: POST /session/153c6080784a3c0ed5a7a3a51a23aea7/execute/async - {"script":"<script> [1562 bytes]","args":[{"selector":{"controlType":"sap.m.SearchField","properties":{"placeholder":"Search"},"searchOpenDialogs":true,"interaction":{"idSuffix":"I"}},"wdio_ui5_key":"sapm.SearchField{\"placeholder\":\"Search\"}"}]}
RESULT: {"script":"<script> [1562 bytes]","args":[{"selector":{"controlType":"sap.m.SearchField","properties":{"placeholder":"Search"},"searchOpenDialogs":true,"interaction":{"idSuffix":"I"}},"wdio_ui5_key":"sapm.SearchField{\"placeholder\":\"Search\"}"}]}
RESULT: undefined
COMMAND: POST /session/153c6080784a3c0ed5a7a3a51a23aea7/execute/async - {"script":"<script> [776 bytes]","args":[{"enterText":"bauh_b","selector":{"controlType":"sap.m.SearchField","properties":{"placeholder":"Search"},"searchOpenDialogs":true,"interaction":{"idSuffix":"I"}},"clearTextFirst":true,"interactionType":"ENTER_TEXT"}]}
RESULT: {"script":"<script> [776 bytes]","args":[{"enterText":"bauh_b","selector":{"controlType":"sap.m.SearchField","properties":{"placeholder":"Search"},"searchOpenDialogs":true,"interaction":{"idSuffix":"I"}},"clearTextFirst":true,"interactionType":"ENTER_TEXT"}]}
COMMAND: POST /session/153c6080784a3c0ed5a7a3a51a23aea7/actions - {"actions":[{"id":"action18","type":"key","parameters":{},"actions":[{"type":"keyDown","value":"î€‡"},{"type":"pause","duration":10},{"type":"keyUp","value":"î€‡"}]}]}
RESULT: {"actions":[{"id":"action18","type":"key","parameters":{},"actions":[{"type":"keyDown","value":"î€‡"},{"type":"pause","duration":10},{"type":"keyUp","value":"î€‡"}]}]}
COMMAND: GET /session/153c6080784a3c0ed5a7a3a51a23aea7/screenshot - {}
RESULT: {}
COMMAND: POST /session/153c6080784a3c0ed5a7a3a51a23aea7/element - {"using":"xpath","value":"//span[contains(text(), \"Demo Yard\")]"}
RESULT: {"using":"xpath","value":"//span[contains(text(), \"Demo Yard\")]"}
COMMAND: POST /session/153c6080784a3c0ed5a7a3a51a23aea7/element/f.2D07FE98EF058A5017333A18E496C5C8.d.E922E150E5578D71880D97C4B5862113.e.6734/click - {}
RESULT: {}
COMMAND: GET /session/153c6080784a3c0ed5a7a3a51a23aea7/screenshot - {}
RESULT: {}
COMMAND: POST /session/153c6080784a3c0ed5a7a3a51a23aea7/element - {"using":"xpath","value":"//bdi[contains(text(), \"OK\")]"}
RESULT: {"using":"xpath","value":"//bdi[contains(text(), \"OK\")]"}
COMMAND: POST /session/153c6080784a3c0ed5a7a3a51a23aea7/element/f.2D07FE98EF058A5017333A18E496C5C8.d.E922E150E5578D71880D97C4B5862113.e.6735/click - {}
RESULT: {}
COMMAND: GET /session/153c6080784a3c0ed5a7a3a51a23aea7/screenshot - {}
RESULT: {}
COMMAND: POST /session/153c6080784a3c0ed5a7a3a51a23aea7/execute/async - {"script":"<script> [1562 bytes]","args":[{"selector":{"id":"application-manageyards-display-component---NewYard--addressEditDetailsCurrency-arrow"},"wdio_ui5_key":"applicationmanageyards-display-component---NewYard--addressEditDetailsCurrency-arrow"}]}
RESULT: {"script":"<script> [1562 bytes]","args":[{"selector":{"id":"application-manageyards-display-component---NewYard--addressEditDetailsCurrency-arrow"},"wdio_ui5_key":"applicationmanageyards-display-component---NewYard--addressEditDetailsCurrency-arrow"}]}
RESULT: undefined
COMMAND: POST /session/153c6080784a3c0ed5a7a3a51a23aea7/element - {"using":"xpath","value":"//*[@id=\"application-manageyards-display-component---NewYard--addressEditDetailsCurrency-arrow\"]"}
RESULT: {"using":"xpath","value":"//*[@id=\"application-manageyards-display-component---NewYard--addressEditDetailsCurrency-arrow\"]"}
COMMAND: POST /session/153c6080784a3c0ed5a7a3a51a23aea7/element/f.2D07FE98EF058A5017333A18E496C5C8.d.E922E150E5578D71880D97C4B5862113.e.6738/click - {}
RESULT: {}
COMMAND: POST /session/153c6080784a3c0ed5a7a3a51a23aea7/element - {"using":"xpath","value":"//span[contains(text(), \"Euro\")]"}
COMMAND: GET /session/153c6080784a3c0ed5a7a3a51a23aea7/screenshot - {}
RESULT: {"using":"xpath","value":"//span[contains(text(), \"Euro\")]"}
COMMAND: POST /session/153c6080784a3c0ed5a7a3a51a23aea7/element/f.2D07FE98EF058A5017333A18E496C5C8.d.E922E150E5578D71880D97C4B5862113.e.6739/click - {}
RESULT: {}
RESULT: {}
COMMAND: POST /session/153c6080784a3c0ed5a7a3a51a23aea7/execute/async - {"script":"<script> [1562 bytes]","args":[{"selector":{"controlType":"sap.m.Input","viewName":"etm.portal.ui.manageyards.view.New","viewId":"application-manageyards-display-component---NewYard","bindingPath":{"path":"","propertyPath":"/CONTROLLING_AREA","modelName":"NewYardModel"},"interaction":{"idSuffix":"inner"}},"wdio_ui5_key":"etmportal.ui.manageyards.view.Newsap.m.Input{\"path\":\"\",\"propertyPath\":\"/CONTROLLING_AREA\",\"modelName\":\"NewYardModel\"}"}]}
COMMAND: GET /session/153c6080784a3c0ed5a7a3a51a23aea7/screenshot - {}
RESULT: {"script":"<script> [1562 bytes]","args":[{"selector":{"controlType":"sap.m.Input","viewName":"etm.portal.ui.manageyards.view.New","viewId":"application-manageyards-display-component---NewYard","bindingPath":{"path":"","propertyPath":"/CONTROLLING_AREA","modelName":"NewYardModel"},"interaction":{"idSuffix":"inner"}},"wdio_ui5_key":"etmportal.ui.manageyards.view.Newsap.m.Input{\"path\":\"\",\"propertyPath\":\"/CONTROLLING_AREA\",\"modelName\":\"NewYardModel\"}"}]}
RESULT: undefined
COMMAND: POST /session/153c6080784a3c0ed5a7a3a51a23aea7/execute/async - {"script":"<script> [776 bytes]","args":[{"enterText":"Z001","selector":{"controlType":"sap.m.Input","viewName":"etm.portal.ui.manageyards.view.New","viewId":"application-manageyards-display-component---NewYard","bindingPath":{"path":"","propertyPath":"/CONTROLLING_AREA","modelName":"NewYardModel"},"interaction":{"idSuffix":"inner"}},"clearTextFirst":true,"interactionType":"ENTER_TEXT"}]}
RESULT: {}
RESULT: {"script":"<script> [776 bytes]","args":[{"enterText":"Z001","selector":{"controlType":"sap.m.Input","viewName":"etm.portal.ui.manageyards.view.New","viewId":"application-manageyards-display-component---NewYard","bindingPath":{"path":"","propertyPath":"/CONTROLLING_AREA","modelName":"NewYardModel"},"interaction":{"idSuffix":"inner"}},"clearTextFirst":true,"interactionType":"ENTER_TEXT"}]}
COMMAND: POST /session/153c6080784a3c0ed5a7a3a51a23aea7/execute/async - {"script":"<script> [1562 bytes]","args":[{"selector":{"id":"application-manageyards-display-component---NewYard--companyCodeComboBox","interaction":{"idSuffix":"inner"}},"wdio_ui5_key":"applicationmanageyards-display-component---NewYard--companyCodeComboBox"}]}
RESULT: {"script":"<script> [1562 bytes]","args":[{"selector":{"id":"application-manageyards-display-component---NewYard--companyCodeComboBox","interaction":{"idSuffix":"inner"}},"wdio_ui5_key":"applicationmanageyards-display-component---NewYard--companyCodeComboBox"}]}
RESULT: undefined
COMMAND: POST /session/153c6080784a3c0ed5a7a3a51a23aea7/execute/async - {"script":"<script> [776 bytes]","args":[{"enterText":"1000","selector":{"id":"application-manageyards-display-component---NewYard--companyCodeComboBox","interaction":{"idSuffix":"inner"}},"clearTextFirst":true,"interactionType":"ENTER_TEXT"}]}
RESULT: {"script":"<script> [776 bytes]","args":[{"enterText":"1000","selector":{"id":"application-manageyards-display-component---NewYard--companyCodeComboBox","interaction":{"idSuffix":"inner"}},"clearTextFirst":true,"interactionType":"ENTER_TEXT"}]}
COMMAND: POST /session/153c6080784a3c0ed5a7a3a51a23aea7/execute/async - {"script":"<script> [1562 bytes]","args":[{"selector":{"controlType":"sap.m.Input","viewName":"etm.portal.ui.manageyards.view.New","viewId":"application-manageyards-display-component---NewYard","bindingPath":{"path":"","propertyPath":"/PLANT","modelName":"NewYardModel"},"interaction":{"idSuffix":"inner"}},"wdio_ui5_key":"etmportal.ui.manageyards.view.Newsap.m.Input{\"path\":\"\",\"propertyPath\":\"/PLANT\",\"modelName\":\"NewYardModel\"}"}]}
RESULT: {"script":"<script> [1562 bytes]","args":[{"selector":{"controlType":"sap.m.Input","viewName":"etm.portal.ui.manageyards.view.New","viewId":"application-manageyards-display-component---NewYard","bindingPath":{"path":"","propertyPath":"/PLANT","modelName":"NewYardModel"},"interaction":{"idSuffix":"inner"}},"wdio_ui5_key":"etmportal.ui.manageyards.view.Newsap.m.Input{\"path\":\"\",\"propertyPath\":\"/PLANT\",\"modelName\":\"NewYardModel\"}"}]}
RESULT: undefined
COMMAND: POST /session/153c6080784a3c0ed5a7a3a51a23aea7/execute/async - {"script":"<script> [776 bytes]","args":[{"enterText":"1001","selector":{"controlType":"sap.m.Input","viewName":"etm.portal.ui.manageyards.view.New","viewId":"application-manageyards-display-component---NewYard","bindingPath":{"path":"","propertyPath":"/PLANT","modelName":"NewYardModel"},"interaction":{"idSuffix":"inner"}},"clearTextFirst":true,"interactionType":"ENTER_TEXT"}]}
RESULT: {"script":"<script> [776 bytes]","args":[{"enterText":"1001","selector":{"controlType":"sap.m.Input","viewName":"etm.portal.ui.manageyards.view.New","viewId":"application-manageyards-display-component---NewYard","bindingPath":{"path":"","propertyPath":"/PLANT","modelName":"NewYardModel"},"interaction":{"idSuffix":"inner"}},"clearTextFirst":true,"interactionType":"ENTER_TEXT"}]}
COMMAND: POST /session/153c6080784a3c0ed5a7a3a51a23aea7/execute/async - {"script":"<script> [1562 bytes]","args":[{"selector":{"controlType":"sap.m.Input","viewName":"etm.portal.ui.manageyards.view.New","viewId":"application-manageyards-display-component---NewYard","bindingPath":{"path":"","propertyPath":"/SALES_AREA_VKORG","modelName":"NewYardModel"},"interaction":{"idSuffix":"inner"}},"wdio_ui5_key":"etmportal.ui.manageyards.view.Newsap.m.Input{\"path\":\"\",\"propertyPath\":\"/SALES_AREA_VKORG\",\"modelName\":\"NewYardModel\"}"}]}
RESULT: {"script":"<script> [1562 bytes]","args":[{"selector":{"controlType":"sap.m.Input","viewName":"etm.portal.ui.manageyards.view.New","viewId":"application-manageyards-display-component---NewYard","bindingPath":{"path":"","propertyPath":"/SALES_AREA_VKORG","modelName":"NewYardModel"},"interaction":{"idSuffix":"inner"}},"wdio_ui5_key":"etmportal.ui.manageyards.view.Newsap.m.Input{\"path\":\"\",\"propertyPath\":\"/SALES_AREA_VKORG\",\"modelName\":\"NewYardModel\"}"}]}
RESULT: undefined
COMMAND: POST /session/153c6080784a3c0ed5a7a3a51a23aea7/execute/async - {"script":"<script> [776 bytes]","args":[{"enterText":"C002","selector":{"controlType":"sap.m.Input","viewName":"etm.portal.ui.manageyards.view.New","viewId":"application-manageyards-display-component---NewYard","bindingPath":{"path":"","propertyPath":"/SALES_AREA_VKORG","modelName":"NewYardModel"},"interaction":{"idSuffix":"inner"}},"clearTextFirst":true,"interactionType":"ENTER_TEXT"}]}
RESULT: {"script":"<script> [776 bytes]","args":[{"enterText":"C002","selector":{"controlType":"sap.m.Input","viewName":"etm.portal.ui.manageyards.view.New","viewId":"application-manageyards-display-component---NewYard","bindingPath":{"path":"","propertyPath":"/SALES_AREA_VKORG","modelName":"NewYardModel"},"interaction":{"idSuffix":"inner"}},"clearTextFirst":true,"interactionType":"ENTER_TEXT"}]}
COMMAND: POST /session/153c6080784a3c0ed5a7a3a51a23aea7/execute/async - {"script":"<script> [1562 bytes]","args":[{"selector":{"controlType":"sap.m.Input","viewName":"etm.portal.ui.manageyards.view.New","viewId":"application-manageyards-display-component---NewYard","bindingPath":{"path":"","propertyPath":"/SALES_AREA_VTWEG","modelName":"NewYardModel"},"interaction":{"idSuffix":"inner"}},"wdio_ui5_key":"etmportal.ui.manageyards.view.Newsap.m.Input{\"path\":\"\",\"propertyPath\":\"/SALES_AREA_VTWEG\",\"modelName\":\"NewYardModel\"}"}]}
RESULT: {"script":"<script> [1562 bytes]","args":[{"selector":{"controlType":"sap.m.Input","viewName":"etm.portal.ui.manageyards.view.New","viewId":"application-manageyards-display-component---NewYard","bindingPath":{"path":"","propertyPath":"/SALES_AREA_VTWEG","modelName":"NewYardModel"},"interaction":{"idSuffix":"inner"}},"wdio_ui5_key":"etmportal.ui.manageyards.view.Newsap.m.Input{\"path\":\"\",\"propertyPath\":\"/SALES_AREA_VTWEG\",\"modelName\":\"NewYardModel\"}"}]}
RESULT: undefined
COMMAND: POST /session/153c6080784a3c0ed5a7a3a51a23aea7/execute/async - {"script":"<script> [776 bytes]","args":[{"enterText":"C2","selector":{"controlType":"sap.m.Input","viewName":"etm.portal.ui.manageyards.view.New","viewId":"application-manageyards-display-component---NewYard","bindingPath":{"path":"","propertyPath":"/SALES_AREA_VTWEG","modelName":"NewYardModel"},"interaction":{"idSuffix":"inner"}},"clearTextFirst":true,"interactionType":"ENTER_TEXT"}]}
RESULT: {"script":"<script> [776 bytes]","args":[{"enterText":"C2","selector":{"controlType":"sap.m.Input","viewName":"etm.portal.ui.manageyards.view.New","viewId":"application-manageyards-display-component---NewYard","bindingPath":{"path":"","propertyPath":"/SALES_AREA_VTWEG","modelName":"NewYardModel"},"interaction":{"idSuffix":"inner"}},"clearTextFirst":true,"interactionType":"ENTER_TEXT"}]}
COMMAND: POST /session/153c6080784a3c0ed5a7a3a51a23aea7/execute/async - {"script":"<script> [1562 bytes]","args":[{"selector":{"controlType":"sap.m.Input","viewName":"etm.portal.ui.manageyards.view.New","viewId":"application-manageyards-display-component---NewYard","bindingPath":{"path":"","propertyPath":"/SALES_AREA_SPART","modelName":"NewYardModel"},"interaction":{"idSuffix":"inner"}},"wdio_ui5_key":"etmportal.ui.manageyards.view.Newsap.m.Input{\"path\":\"\",\"propertyPath\":\"/SALES_AREA_SPART\",\"modelName\":\"NewYardModel\"}"}]}
RESULT: {"script":"<script> [1562 bytes]","args":[{"selector":{"controlType":"sap.m.Input","viewName":"etm.portal.ui.manageyards.view.New","viewId":"application-manageyards-display-component---NewYard","bindingPath":{"path":"","propertyPath":"/SALES_AREA_SPART","modelName":"NewYardModel"},"interaction":{"idSuffix":"inner"}},"wdio_ui5_key":"etmportal.ui.manageyards.view.Newsap.m.Input{\"path\":\"\",\"propertyPath\":\"/SALES_AREA_SPART\",\"modelName\":\"NewYardModel\"}"}]}
RESULT: undefined
COMMAND: POST /session/153c6080784a3c0ed5a7a3a51a23aea7/execute/async - {"script":"<script> [776 bytes]","args":[{"enterText":"C2","selector":{"controlType":"sap.m.Input","viewName":"etm.portal.ui.manageyards.view.New","viewId":"application-manageyards-display-component---NewYard","bindingPath":{"path":"","propertyPath":"/SALES_AREA_SPART","modelName":"NewYardModel"},"interaction":{"idSuffix":"inner"}},"clearTextFirst":true,"interactionType":"ENTER_TEXT"}]}
RESULT: {"script":"<script> [776 bytes]","args":[{"enterText":"C2","selector":{"controlType":"sap.m.Input","viewName":"etm.portal.ui.manageyards.view.New","viewId":"application-manageyards-display-component---NewYard","bindingPath":{"path":"","propertyPath":"/SALES_AREA_SPART","modelName":"NewYardModel"},"interaction":{"idSuffix":"inner"}},"clearTextFirst":true,"interactionType":"ENTER_TEXT"}]}
COMMAND: POST /session/153c6080784a3c0ed5a7a3a51a23aea7/execute/async - {"script":"<script> [1562 bytes]","args":[{"selector":{"controlType":"sap.m.Input","viewName":"etm.portal.ui.manageyards.view.New","viewId":"application-manageyards-display-component---NewYard","bindingPath":{"path":"","propertyPath":"/SHIP_POINT","modelName":"NewYardModel"},"interaction":{"idSuffix":"inner"}},"wdio_ui5_key":"etmportal.ui.manageyards.view.Newsap.m.Input{\"path\":\"\",\"propertyPath\":\"/SHIP_POINT\",\"modelName\":\"NewYardModel\"}"}]}
RESULT: {"script":"<script> [1562 bytes]","args":[{"selector":{"controlType":"sap.m.Input","viewName":"etm.portal.ui.manageyards.view.New","viewId":"application-manageyards-display-component---NewYard","bindingPath":{"path":"","propertyPath":"/SHIP_POINT","modelName":"NewYardModel"},"interaction":{"idSuffix":"inner"}},"wdio_ui5_key":"etmportal.ui.manageyards.view.Newsap.m.Input{\"path\":\"\",\"propertyPath\":\"/SHIP_POINT\",\"modelName\":\"NewYardModel\"}"}]}
RESULT: undefined
COMMAND: POST /session/153c6080784a3c0ed5a7a3a51a23aea7/execute/async - {"script":"<script> [776 bytes]","args":[{"enterText":"1710","selector":{"controlType":"sap.m.Input","viewName":"etm.portal.ui.manageyards.view.New","viewId":"application-manageyards-display-component---NewYard","bindingPath":{"path":"","propertyPath":"/SHIP_POINT","modelName":"NewYardModel"},"interaction":{"idSuffix":"inner"}},"clearTextFirst":true,"interactionType":"ENTER_TEXT"}]}
RESULT: {"script":"<script> [776 bytes]","args":[{"enterText":"1710","selector":{"controlType":"sap.m.Input","viewName":"etm.portal.ui.manageyards.view.New","viewId":"application-manageyards-display-component---NewYard","bindingPath":{"path":"","propertyPath":"/SHIP_POINT","modelName":"NewYardModel"},"interaction":{"idSuffix":"inner"}},"clearTextFirst":true,"interactionType":"ENTER_TEXT"}]}
COMMAND: POST /session/153c6080784a3c0ed5a7a3a51a23aea7/execute/async - {"script":"<script> [1562 bytes]","args":[{"selector":{"controlType":"sap.m.Input","viewName":"etm.portal.ui.manageyards.view.New","viewId":"application-manageyards-display-component---NewYard","bindingPath":{"path":"","propertyPath":"/DELIVERY_TYPE","modelName":"NewYardModel"},"interaction":{"idSuffix":"inner"}},"wdio_ui5_key":"etmportal.ui.manageyards.view.Newsap.m.Input{\"path\":\"\",\"propertyPath\":\"/DELIVERY_TYPE\",\"modelName\":\"NewYardModel\"}"}]}
RESULT: {"script":"<script> [1562 bytes]","args":[{"selector":{"controlType":"sap.m.Input","viewName":"etm.portal.ui.manageyards.view.New","viewId":"application-manageyards-display-component---NewYard","bindingPath":{"path":"","propertyPath":"/DELIVERY_TYPE","modelName":"NewYardModel"},"interaction":{"idSuffix":"inner"}},"wdio_ui5_key":"etmportal.ui.manageyards.view.Newsap.m.Input{\"path\":\"\",\"propertyPath\":\"/DELIVERY_TYPE\",\"modelName\":\"NewYardModel\"}"}]}
RESULT: undefined
COMMAND: POST /session/153c6080784a3c0ed5a7a3a51a23aea7/execute/async - {"script":"<script> [776 bytes]","args":[{"enterText":"ZL01","selector":{"controlType":"sap.m.Input","viewName":"etm.portal.ui.manageyards.view.New","viewId":"application-manageyards-display-component---NewYard","bindingPath":{"path":"","propertyPath":"/DELIVERY_TYPE","modelName":"NewYardModel"},"interaction":{"idSuffix":"inner"}},"clearTextFirst":true,"interactionType":"ENTER_TEXT"}]}
RESULT: {"script":"<script> [776 bytes]","args":[{"enterText":"ZL01","selector":{"controlType":"sap.m.Input","viewName":"etm.portal.ui.manageyards.view.New","viewId":"application-manageyards-display-component---NewYard","bindingPath":{"path":"","propertyPath":"/DELIVERY_TYPE","modelName":"NewYardModel"},"interaction":{"idSuffix":"inner"}},"clearTextFirst":true,"interactionType":"ENTER_TEXT"}]}
COMMAND: POST /session/153c6080784a3c0ed5a7a3a51a23aea7/execute/async - {"script":"<script> [1562 bytes]","args":[{"selector":{"controlType":"sap.m.Input","viewName":"etm.portal.ui.manageyards.view.New","viewId":"application-manageyards-display-component---NewYard","bindingPath":{"path":"","propertyPath":"/AUART","modelName":"NewYardModel"},"interaction":{"idSuffix":"inner"}},"wdio_ui5_key":"etmportal.ui.manageyards.view.Newsap.m.Input{\"path\":\"\",\"propertyPath\":\"/AUART\",\"modelName\":\"NewYardModel\"}"}]}
RESULT: {"script":"<script> [1562 bytes]","args":[{"selector":{"controlType":"sap.m.Input","viewName":"etm.portal.ui.manageyards.view.New","viewId":"application-manageyards-display-component---NewYard","bindingPath":{"path":"","propertyPath":"/AUART","modelName":"NewYardModel"},"interaction":{"idSuffix":"inner"}},"wdio_ui5_key":"etmportal.ui.manageyards.view.Newsap.m.Input{\"path\":\"\",\"propertyPath\":\"/AUART\",\"modelName\":\"NewYardModel\"}"}]}
RESULT: undefined
COMMAND: POST /session/153c6080784a3c0ed5a7a3a51a23aea7/execute/async - {"script":"<script> [776 bytes]","args":[{"enterText":"TA","selector":{"controlType":"sap.m.Input","viewName":"etm.portal.ui.manageyards.view.New","viewId":"application-manageyards-display-component---NewYard","bindingPath":{"path":"","propertyPath":"/AUART","modelName":"NewYardModel"},"interaction":{"idSuffix":"inner"}},"clearTextFirst":true,"interactionType":"ENTER_TEXT"}]}
RESULT: {"script":"<script> [776 bytes]","args":[{"enterText":"TA","selector":{"controlType":"sap.m.Input","viewName":"etm.portal.ui.manageyards.view.New","viewId":"application-manageyards-display-component---NewYard","bindingPath":{"path":"","propertyPath":"/AUART","modelName":"NewYardModel"},"interaction":{"idSuffix":"inner"}},"clearTextFirst":true,"interactionType":"ENTER_TEXT"}]}
COMMAND: POST /session/153c6080784a3c0ed5a7a3a51a23aea7/element - {"using":"xpath","value":"//button[@data-kt=\"newYardSaveButton\"]"}
RESULT: {"using":"xpath","value":"//button[@data-kt=\"newYardSaveButton\"]"}
COMMAND: POST /session/153c6080784a3c0ed5a7a3a51a23aea7/element/f.2D07FE98EF058A5017333A18E496C5C8.d.E922E150E5578D71880D97C4B5862113.e.6678/click - {}
RESULT: {}
COMMAND: GET /session/153c6080784a3c0ed5a7a3a51a23aea7/screenshot - {}
RESULT: {}
COMMAND: POST /session/153c6080784a3c0ed5a7a3a51a23aea7/element - {"using":"xpath","value":"//header[contains(@id, 'ObjectPageLayout-headerTitle')]/div[1]/div[2]/div[1]/span[1]"}
RESULT: {"using":"xpath","value":"//header[contains(@id, 'ObjectPageLayout-headerTitle')]/div[1]/div[2]/div[1]/span[1]"}
COMMAND: POST /session/153c6080784a3c0ed5a7a3a51a23aea7/elements - {"using":"xpath","value":"//header[contains(@id, 'ObjectPageLayout-headerTitle')]/div[1]/div[2]/div[1]/span[1]"}
RESULT: {"using":"xpath","value":"//header[contains(@id, 'ObjectPageLayout-headerTitle')]/div[1]/div[2]/div[1]/span[1]"}
COMMAND: POST /session/153c6080784a3c0ed5a7a3a51a23aea7/execute/sync - {"script":"<script> [56 bytes]","args":[{"element-6066-11e4-a52e-4f735466cecf":"f.2D07FE98EF058A5017333A18E496C5C8.d.E922E150E5578D71880D97C4B5862113.e.6957","ELEMENT":"f.2D07FE98EF058A5017333A18E496C5C8.d.E922E150E5578D71880D97C4B5862113.e.6957"}]}
RESULT: {"script":"<script> [56 bytes]","args":[{"element-6066-11e4-a52e-4f735466cecf":"f.2D07FE98EF058A5017333A18E496C5C8.d.E922E150E5578D71880D97C4B5862113.e.6957","ELEMENT":"f.2D07FE98EF058A5017333A18E496C5C8.d.E922E150E5578D71880D97C4B5862113.e.6957"}]}
COMMAND: GET /session/153c6080784a3c0ed5a7a3a51a23aea7/screenshot - {}
RESULT: {}
COMMAND: POST /session/153c6080784a3c0ed5a7a3a51a23aea7/element - {"using":"css selector","value":"#shell-header-logo"}
RESULT: {"using":"css selector","value":"#shell-header-logo"}
COMMAND: POST /session/153c6080784a3c0ed5a7a3a51a23aea7/element/f.2D07FE98EF058A5017333A18E496C5C8.d.E922E150E5578D71880D97C4B5862113.e.6222/click - {}
RESULT: {}
COMMAND: GET /session/153c6080784a3c0ed5a7a3a51a23aea7/screenshot - {}
RESULT: {}
COMMAND: POST /session/153c6080784a3c0ed5a7a3a51a23aea7/execute/sync - {"script":"<script> [299 bytes]","args":[["getModel","getResource"]]}
RESULT: {"script":"<script> [299 bytes]","args":[["getModel","getResource"]]}
]]></system-out>
    </testcase>
    <testcase classname="chrome.137_0_7151_56.windows.Billing_Transfer_-_Intracompany_US127249" name="Should create a new partner" time="150.329">
      <system-out><![CDATA[
COMMAND: GET /session/153c6080784a3c0ed5a7a3a51a23aea7/screenshot - {}
COMMAND: POST /session/153c6080784a3c0ed5a7a3a51a23aea7/window/fullscreen - {}
RESULT: {}
RESULT: {}
COMMAND: POST /session/153c6080784a3c0ed5a7a3a51a23aea7/execute/async - {"script":"<script> [1562 bytes]","args":[{"selector":{"controlType":"sap.m.GenericTile","properties":{"header":"Manage Partners"}},"wdio_ui5_key":"sapm.GenericTile{\"header\":\"Manage Partners\"}"}]}
RESULT: {"script":"<script> [1562 bytes]","args":[{"selector":{"controlType":"sap.m.GenericTile","properties":{"header":"Manage Partners"}},"wdio_ui5_key":"sapm.GenericTile{\"header\":\"Manage Partners\"}"}]}
RESULT: undefined
COMMAND: POST /session/153c6080784a3c0ed5a7a3a51a23aea7/element - {"using":"xpath","value":"//*[@id=\"__tile38\"]"}
RESULT: {"using":"xpath","value":"//*[@id=\"__tile38\"]"}
COMMAND: POST /session/153c6080784a3c0ed5a7a3a51a23aea7/element/f.2D07FE98EF058A5017333A18E496C5C8.d.E922E150E5578D71880D97C4B5862113.e.6118/click - {}
RESULT: {}
COMMAND: GET /session/153c6080784a3c0ed5a7a3a51a23aea7/screenshot - {}
COMMAND: POST /session/153c6080784a3c0ed5a7a3a51a23aea7/elements - {"using":"xpath","value":"//span[text()='Error']"}
RESULT: {}
RESULT: {"using":"xpath","value":"//span[text()='Error']"}
COMMAND: POST /session/153c6080784a3c0ed5a7a3a51a23aea7/element - {"using":"xpath","value":"//button[@data-kt=\"addButton\"]"}
RESULT: {"using":"xpath","value":"//button[@data-kt=\"addButton\"]"}
COMMAND: POST /session/153c6080784a3c0ed5a7a3a51a23aea7/elements - {"using":"xpath","value":"//button[@data-kt=\"addButton\"]"}
RESULT: {"using":"xpath","value":"//button[@data-kt=\"addButton\"]"}
COMMAND: POST /session/153c6080784a3c0ed5a7a3a51a23aea7/execute/sync - {"script":"<script> [8489 bytes]","args":[{"element-6066-11e4-a52e-4f735466cecf":"f.2D07FE98EF058A5017333A18E496C5C8.d.E922E150E5578D71880D97C4B5862113.e.7105","ELEMENT":"f.2D07FE98EF058A5017333A18E496C5C8.d.E922E150E5578D71880D97C4B5862113.e.7105"}]}
RESULT: {"script":"<script> [8489 bytes]","args":[{"element-6066-11e4-a52e-4f735466cecf":"f.2D07FE98EF058A5017333A18E496C5C8.d.E922E150E5578D71880D97C4B5862113.e.7105","ELEMENT":"f.2D07FE98EF058A5017333A18E496C5C8.d.E922E150E5578D71880D97C4B5862113.e.7105"}]}
COMMAND: GET /session/153c6080784a3c0ed5a7a3a51a23aea7/element/f.2D07FE98EF058A5017333A18E496C5C8.d.E922E150E5578D71880D97C4B5862113.e.7105/enabled - {}
COMMAND: GET /session/153c6080784a3c0ed5a7a3a51a23aea7/screenshot - {}
RESULT: {}
COMMAND: POST /session/153c6080784a3c0ed5a7a3a51a23aea7/execute/sync - {"script":"<script> [8489 bytes]","args":[{"element-6066-11e4-a52e-4f735466cecf":"f.2D07FE98EF058A5017333A18E496C5C8.d.E922E150E5578D71880D97C4B5862113.e.7105","ELEMENT":"f.2D07FE98EF058A5017333A18E496C5C8.d.E922E150E5578D71880D97C4B5862113.e.7105"}]}
COMMAND: GET /session/153c6080784a3c0ed5a7a3a51a23aea7/screenshot - {}
RESULT: {}
RESULT: {"script":"<script> [8489 bytes]","args":[{"element-6066-11e4-a52e-4f735466cecf":"f.2D07FE98EF058A5017333A18E496C5C8.d.E922E150E5578D71880D97C4B5862113.e.7105","ELEMENT":"f.2D07FE98EF058A5017333A18E496C5C8.d.E922E150E5578D71880D97C4B5862113.e.7105"}]}
COMMAND: POST /session/153c6080784a3c0ed5a7a3a51a23aea7/execute/sync - {"script":"<script> [5351 bytes]","args":[{"element-6066-11e4-a52e-4f735466cecf":"f.2D07FE98EF058A5017333A18E496C5C8.d.E922E150E5578D71880D97C4B5862113.e.7105","ELEMENT":"f.2D07FE98EF058A5017333A18E496C5C8.d.E922E150E5578D71880D97C4B5862113.e.7105"}]}
COMMAND: GET /session/153c6080784a3c0ed5a7a3a51a23aea7/screenshot - {}
RESULT: {}
RESULT: {"script":"<script> [5351 bytes]","args":[{"element-6066-11e4-a52e-4f735466cecf":"f.2D07FE98EF058A5017333A18E496C5C8.d.E922E150E5578D71880D97C4B5862113.e.7105","ELEMENT":"f.2D07FE98EF058A5017333A18E496C5C8.d.E922E150E5578D71880D97C4B5862113.e.7105"}]}
COMMAND: POST /session/153c6080784a3c0ed5a7a3a51a23aea7/element/f.2D07FE98EF058A5017333A18E496C5C8.d.E922E150E5578D71880D97C4B5862113.e.7105/click - {}
COMMAND: GET /session/153c6080784a3c0ed5a7a3a51a23aea7/screenshot - {}
RESULT: {}
RESULT: {}
COMMAND: GET /session/153c6080784a3c0ed5a7a3a51a23aea7/screenshot - {}
COMMAND: POST /session/153c6080784a3c0ed5a7a3a51a23aea7/execute/async - {"script":"<script> [1562 bytes]","args":[{"selector":{"id":"application-managepartners-display-component---NewPartner--addressDetailDetailsName1","interaction":{"idSuffix":"inner"}},"wdio_ui5_key":"applicationmanagepartners-display-component---NewPartner--addressDetailDetailsName1"}]}
RESULT: {}
RESULT: {}
RESULT: {"script":"<script> [1562 bytes]","args":[{"selector":{"id":"application-managepartners-display-component---NewPartner--addressDetailDetailsName1","interaction":{"idSuffix":"inner"}},"wdio_ui5_key":"applicationmanagepartners-display-component---NewPartner--addressDetailDetailsName1"}]}
RESULT: undefined
COMMAND: POST /session/153c6080784a3c0ed5a7a3a51a23aea7/execute/async - {"script":"<script> [776 bytes]","args":[{"enterText":"Intracompany Partner WDIO","selector":{"id":"application-managepartners-display-component---NewPartner--addressDetailDetailsName1","interaction":{"idSuffix":"inner"}},"clearTextFirst":true,"interactionType":"ENTER_TEXT"}]}
RESULT: {"script":"<script> [776 bytes]","args":[{"enterText":"Intracompany Partner WDIO","selector":{"id":"application-managepartners-display-component---NewPartner--addressDetailDetailsName1","interaction":{"idSuffix":"inner"}},"clearTextFirst":true,"interactionType":"ENTER_TEXT"}]}
COMMAND: POST /session/153c6080784a3c0ed5a7a3a51a23aea7/execute/async - {"script":"<script> [1562 bytes]","args":[{"selector":{"id":"application-managepartners-display-component---NewPartner--addressDetailDetailsLanguage-arrow"},"wdio_ui5_key":"applicationmanagepartners-display-component---NewPartner--addressDetailDetailsLanguage-arrow"}]}
RESULT: {"script":"<script> [1562 bytes]","args":[{"selector":{"id":"application-managepartners-display-component---NewPartner--addressDetailDetailsLanguage-arrow"},"wdio_ui5_key":"applicationmanagepartners-display-component---NewPartner--addressDetailDetailsLanguage-arrow"}]}
RESULT: undefined
COMMAND: POST /session/153c6080784a3c0ed5a7a3a51a23aea7/element - {"using":"xpath","value":"//*[@id=\"application-managepartners-display-component---NewPartner--addressDetailDetailsLanguage-arrow\"]"}
RESULT: {"using":"xpath","value":"//*[@id=\"application-managepartners-display-component---NewPartner--addressDetailDetailsLanguage-arrow\"]"}
COMMAND: POST /session/153c6080784a3c0ed5a7a3a51a23aea7/element/f.2D07FE98EF058A5017333A18E496C5C8.d.E922E150E5578D71880D97C4B5862113.e.7451/click - {}
RESULT: {}
COMMAND: POST /session/153c6080784a3c0ed5a7a3a51a23aea7/element - {"using":"xpath","value":"//span[contains(text(), \"English\")]"}
COMMAND: GET /session/153c6080784a3c0ed5a7a3a51a23aea7/screenshot - {}
RESULT: {"using":"xpath","value":"//span[contains(text(), \"English\")]"}
COMMAND: POST /session/153c6080784a3c0ed5a7a3a51a23aea7/element/f.2D07FE98EF058A5017333A18E496C5C8.d.E922E150E5578D71880D97C4B5862113.e.7452/click - {}
RESULT: {}
RESULT: {}
COMMAND: GET /session/153c6080784a3c0ed5a7a3a51a23aea7/screenshot - {}
RESULT: {}
COMMAND: POST /session/153c6080784a3c0ed5a7a3a51a23aea7/execute/async - {"script":"<script> [1562 bytes]","args":[{"selector":{"id":"application-managepartners-display-component---NewPartner--addressDetailDetailsCity1","interaction":{"idSuffix":"inner"}},"wdio_ui5_key":"applicationmanagepartners-display-component---NewPartner--addressDetailDetailsCity1"}]}
RESULT: {"script":"<script> [1562 bytes]","args":[{"selector":{"id":"application-managepartners-display-component---NewPartner--addressDetailDetailsCity1","interaction":{"idSuffix":"inner"}},"wdio_ui5_key":"applicationmanagepartners-display-component---NewPartner--addressDetailDetailsCity1"}]}
RESULT: undefined
COMMAND: POST /session/153c6080784a3c0ed5a7a3a51a23aea7/execute/async - {"script":"<script> [776 bytes]","args":[{"enterText":"Rosario","selector":{"id":"application-managepartners-display-component---NewPartner--addressDetailDetailsCity1","interaction":{"idSuffix":"inner"}},"clearTextFirst":true,"interactionType":"ENTER_TEXT"}]}
RESULT: {"script":"<script> [776 bytes]","args":[{"enterText":"Rosario","selector":{"id":"application-managepartners-display-component---NewPartner--addressDetailDetailsCity1","interaction":{"idSuffix":"inner"}},"clearTextFirst":true,"interactionType":"ENTER_TEXT"}]}
COMMAND: POST /session/153c6080784a3c0ed5a7a3a51a23aea7/execute/async - {"script":"<script> [1562 bytes]","args":[{"selector":{"id":"application-managepartners-display-component---NewPartner--addressDetailDetailsCountry-arrow"},"wdio_ui5_key":"applicationmanagepartners-display-component---NewPartner--addressDetailDetailsCountry-arrow"}]}
RESULT: {"script":"<script> [1562 bytes]","args":[{"selector":{"id":"application-managepartners-display-component---NewPartner--addressDetailDetailsCountry-arrow"},"wdio_ui5_key":"applicationmanagepartners-display-component---NewPartner--addressDetailDetailsCountry-arrow"}]}
RESULT: undefined
COMMAND: POST /session/153c6080784a3c0ed5a7a3a51a23aea7/element - {"using":"xpath","value":"//*[@id=\"application-managepartners-display-component---NewPartner--addressDetailDetailsCountry-arrow\"]"}
RESULT: {"using":"xpath","value":"//*[@id=\"application-managepartners-display-component---NewPartner--addressDetailDetailsCountry-arrow\"]"}
COMMAND: POST /session/153c6080784a3c0ed5a7a3a51a23aea7/element/f.2D07FE98EF058A5017333A18E496C5C8.d.E922E150E5578D71880D97C4B5862113.e.7434/click - {}
RESULT: {}
COMMAND: POST /session/153c6080784a3c0ed5a7a3a51a23aea7/element - {"using":"xpath","value":"//span[contains(text(), \"Argentina\")]"}
COMMAND: GET /session/153c6080784a3c0ed5a7a3a51a23aea7/screenshot - {}
RESULT: {"using":"xpath","value":"//span[contains(text(), \"Argentina\")]"}
COMMAND: POST /session/153c6080784a3c0ed5a7a3a51a23aea7/element/f.2D07FE98EF058A5017333A18E496C5C8.d.E922E150E5578D71880D97C4B5862113.e.7454/click - {}
RESULT: {}
RESULT: {}
COMMAND: GET /session/153c6080784a3c0ed5a7a3a51a23aea7/screenshot - {}
RESULT: {}
COMMAND: POST /session/153c6080784a3c0ed5a7a3a51a23aea7/element - {"using":"xpath","value":"//bdi[contains(text(), \"Commercial\")]"}
RESULT: {"using":"xpath","value":"//bdi[contains(text(), \"Commercial\")]"}
COMMAND: POST /session/153c6080784a3c0ed5a7a3a51a23aea7/element/f.2D07FE98EF058A5017333A18E496C5C8.d.E922E150E5578D71880D97C4B5862113.e.7455/click - {}
RESULT: {}
COMMAND: GET /session/153c6080784a3c0ed5a7a3a51a23aea7/screenshot - {}
RESULT: {}
COMMAND: POST /session/153c6080784a3c0ed5a7a3a51a23aea7/execute/async - {"script":"<script> [1562 bytes]","args":[{"selector":{"id":"application-managepartners-display-component---NewPartner--partnerDetailInternal-arrow"},"wdio_ui5_key":"applicationmanagepartners-display-component---NewPartner--partnerDetailInternal-arrow"}]}
RESULT: {"script":"<script> [1562 bytes]","args":[{"selector":{"id":"application-managepartners-display-component---NewPartner--partnerDetailInternal-arrow"},"wdio_ui5_key":"applicationmanagepartners-display-component---NewPartner--partnerDetailInternal-arrow"}]}
RESULT: undefined
COMMAND: POST /session/153c6080784a3c0ed5a7a3a51a23aea7/element - {"using":"xpath","value":"//*[@id=\"application-managepartners-display-component---NewPartner--partnerDetailInternal-arrow\"]"}
RESULT: {"using":"xpath","value":"//*[@id=\"application-managepartners-display-component---NewPartner--partnerDetailInternal-arrow\"]"}
COMMAND: POST /session/153c6080784a3c0ed5a7a3a51a23aea7/element/f.2D07FE98EF058A5017333A18E496C5C8.d.E922E150E5578D71880D97C4B5862113.e.7461/click - {}
RESULT: {}
COMMAND: POST /session/153c6080784a3c0ed5a7a3a51a23aea7/element - {"using":"xpath","value":"//span[contains(text(), \"Affiliated company\")]"}
COMMAND: GET /session/153c6080784a3c0ed5a7a3a51a23aea7/screenshot - {}
RESULT: {"using":"xpath","value":"//span[contains(text(), \"Affiliated company\")]"}
COMMAND: POST /session/153c6080784a3c0ed5a7a3a51a23aea7/element/f.2D07FE98EF058A5017333A18E496C5C8.d.E922E150E5578D71880D97C4B5862113.e.7462/click - {}
RESULT: {}
RESULT: {}
COMMAND: POST /session/153c6080784a3c0ed5a7a3a51a23aea7/execute/async - {"script":"<script> [1562 bytes]","args":[{"selector":{"id":"application-managepartners-display-component---NewPartner--partnerDetailsCurrency-arrow"},"wdio_ui5_key":"applicationmanagepartners-display-component---NewPartner--partnerDetailsCurrency-arrow"}]}
COMMAND: GET /session/153c6080784a3c0ed5a7a3a51a23aea7/screenshot - {}
RESULT: {"script":"<script> [1562 bytes]","args":[{"selector":{"id":"application-managepartners-display-component---NewPartner--partnerDetailsCurrency-arrow"},"wdio_ui5_key":"applicationmanagepartners-display-component---NewPartner--partnerDetailsCurrency-arrow"}]}
RESULT: undefined
COMMAND: POST /session/153c6080784a3c0ed5a7a3a51a23aea7/element - {"using":"xpath","value":"//*[@id=\"application-managepartners-display-component---NewPartner--partnerDetailsCurrency-arrow\"]"}
RESULT: {}
RESULT: {"using":"xpath","value":"//*[@id=\"application-managepartners-display-component---NewPartner--partnerDetailsCurrency-arrow\"]"}
COMMAND: POST /session/153c6080784a3c0ed5a7a3a51a23aea7/element/f.2D07FE98EF058A5017333A18E496C5C8.d.E922E150E5578D71880D97C4B5862113.e.7469/click - {}
RESULT: {}
COMMAND: POST /session/153c6080784a3c0ed5a7a3a51a23aea7/element - {"using":"xpath","value":"//span[contains(text(), \"Euro\")]"}
COMMAND: GET /session/153c6080784a3c0ed5a7a3a51a23aea7/screenshot - {}
RESULT: {"using":"xpath","value":"//span[contains(text(), \"Euro\")]"}
COMMAND: POST /session/153c6080784a3c0ed5a7a3a51a23aea7/element/f.2D07FE98EF058A5017333A18E496C5C8.d.E922E150E5578D71880D97C4B5862113.e.7470/click - {}
RESULT: {}
RESULT: {}
COMMAND: POST /session/153c6080784a3c0ed5a7a3a51a23aea7/execute/async - {"script":"<script> [1562 bytes]","args":[{"selector":{"id":"application-managepartners-display-component---NewPartner--addressEditDetailsCostObjectCstType-arrow"},"wdio_ui5_key":"applicationmanagepartners-display-component---NewPartner--addressEditDetailsCostObjectCstType-arrow"}]}
COMMAND: GET /session/153c6080784a3c0ed5a7a3a51a23aea7/screenshot - {}
RESULT: {"script":"<script> [1562 bytes]","args":[{"selector":{"id":"application-managepartners-display-component---NewPartner--addressEditDetailsCostObjectCstType-arrow"},"wdio_ui5_key":"applicationmanagepartners-display-component---NewPartner--addressEditDetailsCostObjectCstType-arrow"}]}
RESULT: undefined
COMMAND: POST /session/153c6080784a3c0ed5a7a3a51a23aea7/element - {"using":"xpath","value":"//*[@id=\"application-managepartners-display-component---NewPartner--addressEditDetailsCostObjectCstType-arrow\"]"}
RESULT: {}
RESULT: {"using":"xpath","value":"//*[@id=\"application-managepartners-display-component---NewPartner--addressEditDetailsCostObjectCstType-arrow\"]"}
COMMAND: POST /session/153c6080784a3c0ed5a7a3a51a23aea7/element/f.2D07FE98EF058A5017333A18E496C5C8.d.E922E150E5578D71880D97C4B5862113.e.7471/click - {}
RESULT: {}
COMMAND: POST /session/153c6080784a3c0ed5a7a3a51a23aea7/element - {"using":"xpath","value":"//span[contains(text(), \"Cost Center\")]"}
COMMAND: GET /session/153c6080784a3c0ed5a7a3a51a23aea7/screenshot - {}
RESULT: {"using":"xpath","value":"//span[contains(text(), \"Cost Center\")]"}
COMMAND: POST /session/153c6080784a3c0ed5a7a3a51a23aea7/element/f.2D07FE98EF058A5017333A18E496C5C8.d.E922E150E5578D71880D97C4B5862113.e.7472/click - {}
RESULT: {}
RESULT: {}
COMMAND: GET /session/153c6080784a3c0ed5a7a3a51a23aea7/screenshot - {}
RESULT: {}
COMMAND: POST /session/153c6080784a3c0ed5a7a3a51a23aea7/element - {"using":"xpath","value":"//span[@id=\"application-managepartners-display-component---NewPartner--addressNewCostObjectCstID-vhi\"]"}
RESULT: {"using":"xpath","value":"//span[@id=\"application-managepartners-display-component---NewPartner--addressNewCostObjectCstID-vhi\"]"}
COMMAND: POST /session/153c6080784a3c0ed5a7a3a51a23aea7/execute/sync - {"script":"<script> [8489 bytes]","args":[{"element-6066-11e4-a52e-4f735466cecf":"f.2D07FE98EF058A5017333A18E496C5C8.d.E922E150E5578D71880D97C4B5862113.e.7476","ELEMENT":"f.2D07FE98EF058A5017333A18E496C5C8.d.E922E150E5578D71880D97C4B5862113.e.7476"}]}
RESULT: {"script":"<script> [8489 bytes]","args":[{"element-6066-11e4-a52e-4f735466cecf":"f.2D07FE98EF058A5017333A18E496C5C8.d.E922E150E5578D71880D97C4B5862113.e.7476","ELEMENT":"f.2D07FE98EF058A5017333A18E496C5C8.d.E922E150E5578D71880D97C4B5862113.e.7476"}]}
COMMAND: POST /session/153c6080784a3c0ed5a7a3a51a23aea7/execute/async - {"script":"<script> [1562 bytes]","args":[{"selector":{"id":"application-managepartners-display-component---NewPartner--addressNewCostObjectCstID-vhi"},"wdio_ui5_key":"applicationmanagepartners-display-component---NewPartner--addressNewCostObjectCstID-vhi"}]}
COMMAND: GET /session/153c6080784a3c0ed5a7a3a51a23aea7/screenshot - {}
RESULT: {"script":"<script> [1562 bytes]","args":[{"selector":{"id":"application-managepartners-display-component---NewPartner--addressNewCostObjectCstID-vhi"},"wdio_ui5_key":"applicationmanagepartners-display-component---NewPartner--addressNewCostObjectCstID-vhi"}]}
RESULT: undefined
COMMAND: POST /session/153c6080784a3c0ed5a7a3a51a23aea7/element - {"using":"xpath","value":"//*[@id=\"application-managepartners-display-component---NewPartner--addressNewCostObjectCstID-vhi\"]"}
RESULT: {}
RESULT: {"using":"xpath","value":"//*[@id=\"application-managepartners-display-component---NewPartner--addressNewCostObjectCstID-vhi\"]"}
COMMAND: POST /session/153c6080784a3c0ed5a7a3a51a23aea7/element/f.2D07FE98EF058A5017333A18E496C5C8.d.E922E150E5578D71880D97C4B5862113.e.7476/click - {}
RESULT: {}
COMMAND: GET /session/153c6080784a3c0ed5a7a3a51a23aea7/screenshot - {}
RESULT: {}
RESULT: undefined
COMMAND: POST /session/153c6080784a3c0ed5a7a3a51a23aea7/execute/async - {"script":"<script> [776 bytes]","args":[{"enterText":"10001013","selector":{"controlType":"sap.m.SearchField","properties":{"placeholder":"Search"},"searchOpenDialogs":true,"interaction":{"idSuffix":"I"}},"clearTextFirst":true,"interactionType":"ENTER_TEXT"}]}
RESULT: {"script":"<script> [776 bytes]","args":[{"enterText":"10001013","selector":{"controlType":"sap.m.SearchField","properties":{"placeholder":"Search"},"searchOpenDialogs":true,"interaction":{"idSuffix":"I"}},"clearTextFirst":true,"interactionType":"ENTER_TEXT"}]}
COMMAND: POST /session/153c6080784a3c0ed5a7a3a51a23aea7/actions - {"actions":[{"id":"action19","type":"key","parameters":{},"actions":[{"type":"keyDown","value":"î€‡"},{"type":"pause","duration":10},{"type":"keyUp","value":"î€‡"}]}]}
RESULT: {"actions":[{"id":"action19","type":"key","parameters":{},"actions":[{"type":"keyDown","value":"î€‡"},{"type":"pause","duration":10},{"type":"keyUp","value":"î€‡"}]}]}
COMMAND: GET /session/153c6080784a3c0ed5a7a3a51a23aea7/screenshot - {}
RESULT: {}
COMMAND: POST /session/153c6080784a3c0ed5a7a3a51a23aea7/element - {"using":"xpath","value":"//span[contains(text(), \"General Management\")]"}
RESULT: {"using":"xpath","value":"//span[contains(text(), \"General Management\")]"}
COMMAND: POST /session/153c6080784a3c0ed5a7a3a51a23aea7/element/f.2D07FE98EF058A5017333A18E496C5C8.d.E922E150E5578D71880D97C4B5862113.e.7516/click - {}
RESULT: {}
COMMAND: GET /session/153c6080784a3c0ed5a7a3a51a23aea7/screenshot - {}
RESULT: {}
COMMAND: POST /session/153c6080784a3c0ed5a7a3a51a23aea7/element - {"using":"xpath","value":"//bdi[contains(text(), \"OK\")]"}
RESULT: {"using":"xpath","value":"//bdi[contains(text(), \"OK\")]"}
COMMAND: POST /session/153c6080784a3c0ed5a7a3a51a23aea7/element/f.2D07FE98EF058A5017333A18E496C5C8.d.E922E150E5578D71880D97C4B5862113.e.7517/click - {}
RESULT: {}
COMMAND: GET /session/153c6080784a3c0ed5a7a3a51a23aea7/screenshot - {}
RESULT: {}
COMMAND: POST /session/153c6080784a3c0ed5a7a3a51a23aea7/element - {"using":"xpath","value":"//input[@id=\"application-managepartners-display-component---NewPartner--companyCodeComboBox-inner\"]"}
RESULT: {"using":"xpath","value":"//input[@id=\"application-managepartners-display-component---NewPartner--companyCodeComboBox-inner\"]"}
COMMAND: POST /session/153c6080784a3c0ed5a7a3a51a23aea7/element/f.2D07FE98EF058A5017333A18E496C5C8.d.E922E150E5578D71880D97C4B5862113.e.7410/clear - {}
RESULT: {}
COMMAND: POST /session/153c6080784a3c0ed5a7a3a51a23aea7/element/f.2D07FE98EF058A5017333A18E496C5C8.d.E922E150E5578D71880D97C4B5862113.e.7410/value - {"text":"1000"}
COMMAND: GET /session/153c6080784a3c0ed5a7a3a51a23aea7/screenshot - {}
RESULT: {"text":"1000"}
COMMAND: GET /session/153c6080784a3c0ed5a7a3a51a23aea7/screenshot - {}
RESULT: {}
RESULT: {}
COMMAND: POST /session/153c6080784a3c0ed5a7a3a51a23aea7/element - {"using":"xpath","value":"//li[.//span[text()= \"1000\"]]"}
RESULT: {"using":"xpath","value":"//li[.//span[text()= \"1000\"]]"}
COMMAND: POST /session/153c6080784a3c0ed5a7a3a51a23aea7/element/f.2D07FE98EF058A5017333A18E496C5C8.d.E922E150E5578D71880D97C4B5862113.e.7523/click - {}
RESULT: {}
COMMAND: GET /session/153c6080784a3c0ed5a7a3a51a23aea7/screenshot - {}
RESULT: {}
COMMAND: POST /session/153c6080784a3c0ed5a7a3a51a23aea7/execute/async - {"script":"<script> [1562 bytes]","args":[{"selector":{"id":"application-managepartners-display-component---NewPartner--btnAddTableRow-img"},"wdio_ui5_key":"applicationmanagepartners-display-component---NewPartner--btnAddTableRow-img"}]}
RESULT: {"script":"<script> [1562 bytes]","args":[{"selector":{"id":"application-managepartners-display-component---NewPartner--btnAddTableRow-img"},"wdio_ui5_key":"applicationmanagepartners-display-component---NewPartner--btnAddTableRow-img"}]}
RESULT: undefined
COMMAND: POST /session/153c6080784a3c0ed5a7a3a51a23aea7/element - {"using":"xpath","value":"//*[@id=\"application-managepartners-display-component---NewPartner--btnAddTableRow-img\"]"}
RESULT: {"using":"xpath","value":"//*[@id=\"application-managepartners-display-component---NewPartner--btnAddTableRow-img\"]"}
COMMAND: POST /session/153c6080784a3c0ed5a7a3a51a23aea7/element/f.2D07FE98EF058A5017333A18E496C5C8.d.E922E150E5578D71880D97C4B5862113.e.7524/click - {}
RESULT: {}
COMMAND: GET /session/153c6080784a3c0ed5a7a3a51a23aea7/screenshot - {}
RESULT: {}
COMMAND: POST /session/153c6080784a3c0ed5a7a3a51a23aea7/element - {"using":"xpath","value":"//input[@id=\"application-managepartners-display-component---NewPartner--assignmentYard-application-managepartners-display-component---NewPartner--assignmentsTable-0-inner\"]"}
RESULT: {"using":"xpath","value":"//input[@id=\"application-managepartners-display-component---NewPartner--assignmentYard-application-managepartners-display-component---NewPartner--assignmentsTable-0-inner\"]"}
COMMAND: POST /session/153c6080784a3c0ed5a7a3a51a23aea7/element/f.2D07FE98EF058A5017333A18E496C5C8.d.E922E150E5578D71880D97C4B5862113.e.7527/clear - {}
RESULT: {}
COMMAND: POST /session/153c6080784a3c0ed5a7a3a51a23aea7/element/f.2D07FE98EF058A5017333A18E496C5C8.d.E922E150E5578D71880D97C4B5862113.e.7527/value - {"text":"667"}
COMMAND: GET /session/153c6080784a3c0ed5a7a3a51a23aea7/screenshot - {}
RESULT: {"text":"667"}
COMMAND: GET /session/153c6080784a3c0ed5a7a3a51a23aea7/screenshot - {}
RESULT: {}
RESULT: {}
COMMAND: POST /session/153c6080784a3c0ed5a7a3a51a23aea7/element - {"using":"xpath","value":"//li[.//span[text()='667']]"}
RESULT: {"using":"xpath","value":"//li[.//span[text()='667']]"}
COMMAND: POST /session/153c6080784a3c0ed5a7a3a51a23aea7/element/f.2D07FE98EF058A5017333A18E496C5C8.d.E922E150E5578D71880D97C4B5862113.e.7536/click - {}
RESULT: {}
COMMAND: GET /session/153c6080784a3c0ed5a7a3a51a23aea7/screenshot - {}
RESULT: {}
COMMAND: POST /session/153c6080784a3c0ed5a7a3a51a23aea7/actions - {"actions":[{"id":"action20","type":"key","parameters":{},"actions":[{"type":"keyDown","value":"î€‡"},{"type":"pause","duration":10},{"type":"keyUp","value":"î€‡"}]}]}
RESULT: {"actions":[{"id":"action20","type":"key","parameters":{},"actions":[{"type":"keyDown","value":"î€‡"},{"type":"pause","duration":10},{"type":"keyUp","value":"î€‡"}]}]}
COMMAND: POST /session/153c6080784a3c0ed5a7a3a51a23aea7/execute/async - {"script":"<script> [1562 bytes]","args":[{"selector":{"id":"application-managepartners-display-component---NewPartner--externalCustomerComboBox-application-managepartners-display-component---NewPartner--assignmentsTable-0-vhi"},"wdio_ui5_key":"applicationmanagepartners-display-component---NewPartner--externalCustomerComboBox-application-managepartners-display-component---NewPartner--assignmentsTable-0-vhi"}]}
COMMAND: GET /session/153c6080784a3c0ed5a7a3a51a23aea7/screenshot - {}
RESULT: {"script":"<script> [1562 bytes]","args":[{"selector":{"id":"application-managepartners-display-component---NewPartner--externalCustomerComboBox-application-managepartners-display-component---NewPartner--assignmentsTable-0-vhi"},"wdio_ui5_key":"applicationmanagepartners-display-component---NewPartner--externalCustomerComboBox-application-managepartners-display-component---NewPartner--assignmentsTable-0-vhi"}]}
RESULT: undefined
COMMAND: POST /session/153c6080784a3c0ed5a7a3a51a23aea7/element - {"using":"xpath","value":"//*[@id=\"application-managepartners-display-component---NewPartner--externalCustomerComboBox-application-managepartners-display-component---NewPartner--assignmentsTable-0-vhi\"]"}
RESULT: {}
RESULT: {"using":"xpath","value":"//*[@id=\"application-managepartners-display-component---NewPartner--externalCustomerComboBox-application-managepartners-display-component---NewPartner--assignmentsTable-0-vhi\"]"}
COMMAND: POST /session/153c6080784a3c0ed5a7a3a51a23aea7/element/f.2D07FE98EF058A5017333A18E496C5C8.d.E922E150E5578D71880D97C4B5862113.e.7540/click - {}
RESULT: {}
RESULT: undefined
COMMAND: POST /session/153c6080784a3c0ed5a7a3a51a23aea7/execute/async - {"script":"<script> [776 bytes]","args":[{"enterText":"300003","selector":{"controlType":"sap.m.SearchField","properties":{"placeholder":"Search"},"searchOpenDialogs":true,"interaction":{"idSuffix":"I"}},"clearTextFirst":true,"interactionType":"ENTER_TEXT"}]}
COMMAND: GET /session/153c6080784a3c0ed5a7a3a51a23aea7/screenshot - {}
RESULT: {"script":"<script> [776 bytes]","args":[{"enterText":"300003","selector":{"controlType":"sap.m.SearchField","properties":{"placeholder":"Search"},"searchOpenDialogs":true,"interaction":{"idSuffix":"I"}},"clearTextFirst":true,"interactionType":"ENTER_TEXT"}]}
COMMAND: POST /session/153c6080784a3c0ed5a7a3a51a23aea7/actions - {"actions":[{"id":"action21","type":"key","parameters":{},"actions":[{"type":"keyDown","value":"î€‡"},{"type":"pause","duration":10},{"type":"keyUp","value":"î€‡"}]}]}
RESULT: {}
RESULT: {"actions":[{"id":"action21","type":"key","parameters":{},"actions":[{"type":"keyDown","value":"î€‡"},{"type":"pause","duration":10},{"type":"keyUp","value":"î€‡"}]}]}
COMMAND: GET /session/153c6080784a3c0ed5a7a3a51a23aea7/screenshot - {}
RESULT: {}
COMMAND: POST /session/153c6080784a3c0ed5a7a3a51a23aea7/element - {"using":"xpath","value":"//span[contains(text(), \"300003\")]"}
RESULT: {"using":"xpath","value":"//span[contains(text(), \"300003\")]"}
COMMAND: POST /session/153c6080784a3c0ed5a7a3a51a23aea7/element/f.2D07FE98EF058A5017333A18E496C5C8.d.E922E150E5578D71880D97C4B5862113.e.7558/click - {}
RESULT: {}
COMMAND: GET /session/153c6080784a3c0ed5a7a3a51a23aea7/screenshot - {}
RESULT: {}
COMMAND: POST /session/153c6080784a3c0ed5a7a3a51a23aea7/element - {"using":"xpath","value":"//bdi[contains(text(), \"OK\")]"}
RESULT: {"using":"xpath","value":"//bdi[contains(text(), \"OK\")]"}
COMMAND: POST /session/153c6080784a3c0ed5a7a3a51a23aea7/element/f.2D07FE98EF058A5017333A18E496C5C8.d.E922E150E5578D71880D97C4B5862113.e.7560/click - {}
RESULT: {}
COMMAND: GET /session/153c6080784a3c0ed5a7a3a51a23aea7/screenshot - {}
RESULT: {}
COMMAND: POST /session/153c6080784a3c0ed5a7a3a51a23aea7/execute/async - {"script":"<script> [1562 bytes]","args":[{"selector":{"id":"application-managepartners-display-component---NewPartner--intercompVendorComboBox-application-managepartners-display-component---NewPartner--assignmentsTable-0-vhi"},"wdio_ui5_key":"applicationmanagepartners-display-component---NewPartner--intercompVendorComboBox-application-managepartners-display-component---NewPartner--assignmentsTable-0-vhi"}]}
RESULT: {"script":"<script> [1562 bytes]","args":[{"selector":{"id":"application-managepartners-display-component---NewPartner--intercompVendorComboBox-application-managepartners-display-component---NewPartner--assignmentsTable-0-vhi"},"wdio_ui5_key":"applicationmanagepartners-display-component---NewPartner--intercompVendorComboBox-application-managepartners-display-component---NewPartner--assignmentsTable-0-vhi"}]}
RESULT: undefined
COMMAND: POST /session/153c6080784a3c0ed5a7a3a51a23aea7/element - {"using":"xpath","value":"//*[@id=\"application-managepartners-display-component---NewPartner--intercompVendorComboBox-application-managepartners-display-component---NewPartner--assignmentsTable-0-vhi\"]"}
RESULT: {"using":"xpath","value":"//*[@id=\"application-managepartners-display-component---NewPartner--intercompVendorComboBox-application-managepartners-display-component---NewPartner--assignmentsTable-0-vhi\"]"}
COMMAND: POST /session/153c6080784a3c0ed5a7a3a51a23aea7/element/f.2D07FE98EF058A5017333A18E496C5C8.d.E922E150E5578D71880D97C4B5862113.e.7563/click - {}
RESULT: {}
RESULT: undefined
COMMAND: POST /session/153c6080784a3c0ed5a7a3a51a23aea7/execute/async - {"script":"<script> [776 bytes]","args":[{"enterText":"100005","selector":{"controlType":"sap.m.SearchField","properties":{"placeholder":"Search"},"searchOpenDialogs":true,"interaction":{"idSuffix":"I"}},"clearTextFirst":true,"interactionType":"ENTER_TEXT"}]}
COMMAND: GET /session/153c6080784a3c0ed5a7a3a51a23aea7/screenshot - {}
RESULT: {"script":"<script> [776 bytes]","args":[{"enterText":"100005","selector":{"controlType":"sap.m.SearchField","properties":{"placeholder":"Search"},"searchOpenDialogs":true,"interaction":{"idSuffix":"I"}},"clearTextFirst":true,"interactionType":"ENTER_TEXT"}]}
COMMAND: POST /session/153c6080784a3c0ed5a7a3a51a23aea7/actions - {"actions":[{"id":"action22","type":"key","parameters":{},"actions":[{"type":"keyDown","value":"î€‡"},{"type":"pause","duration":10},{"type":"keyUp","value":"î€‡"}]}]}
RESULT: {}
RESULT: {"actions":[{"id":"action22","type":"key","parameters":{},"actions":[{"type":"keyDown","value":"î€‡"},{"type":"pause","duration":10},{"type":"keyUp","value":"î€‡"}]}]}
COMMAND: GET /session/153c6080784a3c0ed5a7a3a51a23aea7/screenshot - {}
RESULT: {}
COMMAND: POST /session/153c6080784a3c0ed5a7a3a51a23aea7/element - {"using":"xpath","value":"//span[contains(text(), \"Penguins - Field/12345 Berlin\")]"}
RESULT: {"using":"xpath","value":"//span[contains(text(), \"Penguins - Field/12345 Berlin\")]"}
COMMAND: POST /session/153c6080784a3c0ed5a7a3a51a23aea7/element/f.2D07FE98EF058A5017333A18E496C5C8.d.E922E150E5578D71880D97C4B5862113.e.7580/click - {}
RESULT: {}
COMMAND: GET /session/153c6080784a3c0ed5a7a3a51a23aea7/screenshot - {}
RESULT: {}
COMMAND: POST /session/153c6080784a3c0ed5a7a3a51a23aea7/element - {"using":"xpath","value":"//bdi[contains(text(), \"OK\")]"}
RESULT: {"using":"xpath","value":"//bdi[contains(text(), \"OK\")]"}
COMMAND: POST /session/153c6080784a3c0ed5a7a3a51a23aea7/element/f.2D07FE98EF058A5017333A18E496C5C8.d.E922E150E5578D71880D97C4B5862113.e.7581/click - {}
RESULT: {}
COMMAND: GET /session/153c6080784a3c0ed5a7a3a51a23aea7/screenshot - {}
RESULT: {}
COMMAND: POST /session/153c6080784a3c0ed5a7a3a51a23aea7/element - {"using":"xpath","value":"//button[@data-kt=\"saveButton\"]"}
RESULT: {"using":"xpath","value":"//button[@data-kt=\"saveButton\"]"}
COMMAND: POST /session/153c6080784a3c0ed5a7a3a51a23aea7/element/f.2D07FE98EF058A5017333A18E496C5C8.d.E922E150E5578D71880D97C4B5862113.e.7436/click - {}
RESULT: {}
COMMAND: GET /session/153c6080784a3c0ed5a7a3a51a23aea7/screenshot - {}
RESULT: {}
COMMAND: POST /session/153c6080784a3c0ed5a7a3a51a23aea7/element - {"using":"xpath","value":"//header[contains(@id, 'ObjectPageLayout-headerTitle')]/div[1]/div[2]/div[2]/span[1]"}
RESULT: {"using":"xpath","value":"//header[contains(@id, 'ObjectPageLayout-headerTitle')]/div[1]/div[2]/div[2]/span[1]"}
COMMAND: POST /session/153c6080784a3c0ed5a7a3a51a23aea7/elements - {"using":"xpath","value":"//header[contains(@id, 'ObjectPageLayout-headerTitle')]/div[1]/div[2]/div[2]/span[1]"}
RESULT: {"using":"xpath","value":"//header[contains(@id, 'ObjectPageLayout-headerTitle')]/div[1]/div[2]/div[2]/span[1]"}
COMMAND: POST /session/153c6080784a3c0ed5a7a3a51a23aea7/execute/sync - {"script":"<script> [56 bytes]","args":[{"element-6066-11e4-a52e-4f735466cecf":"f.2D07FE98EF058A5017333A18E496C5C8.d.E922E150E5578D71880D97C4B5862113.e.7745","ELEMENT":"f.2D07FE98EF058A5017333A18E496C5C8.d.E922E150E5578D71880D97C4B5862113.e.7745"}]}
RESULT: {"script":"<script> [56 bytes]","args":[{"element-6066-11e4-a52e-4f735466cecf":"f.2D07FE98EF058A5017333A18E496C5C8.d.E922E150E5578D71880D97C4B5862113.e.7745","ELEMENT":"f.2D07FE98EF058A5017333A18E496C5C8.d.E922E150E5578D71880D97C4B5862113.e.7745"}]}
COMMAND: POST /session/153c6080784a3c0ed5a7a3a51a23aea7/element - {"using":"css selector","value":"#shell-header-logo"}
COMMAND: GET /session/153c6080784a3c0ed5a7a3a51a23aea7/screenshot - {}
RESULT: {"using":"css selector","value":"#shell-header-logo"}
COMMAND: POST /session/153c6080784a3c0ed5a7a3a51a23aea7/element/f.2D07FE98EF058A5017333A18E496C5C8.d.E922E150E5578D71880D97C4B5862113.e.6960/click - {}
RESULT: {}
RESULT: {}
COMMAND: GET /session/153c6080784a3c0ed5a7a3a51a23aea7/screenshot - {}
RESULT: {}
COMMAND: POST /session/153c6080784a3c0ed5a7a3a51a23aea7/execute/sync - {"script":"<script> [299 bytes]","args":[["getModel","getResource"]]}
RESULT: {"script":"<script> [299 bytes]","args":[["getModel","getResource"]]}
COMMAND: GET /session/153c6080784a3c0ed5a7a3a51a23aea7/screenshot - {}
]]></system-out>
    </testcase>
    <testcase classname="chrome.137_0_7151_56.windows.Billing_Transfer_-_Intracompany_US127249" name="Should create a new site" time="111.521">
      <system-out><![CDATA[
COMMAND: POST /session/153c6080784a3c0ed5a7a3a51a23aea7/execute/async - {"script":"<script> [1562 bytes]","args":[{"selector":{"controlType":"sap.m.GenericTile","properties":{"header":"Manage Sites"}},"wdio_ui5_key":"sapm.GenericTile{\"header\":\"Manage Sites\"}"}]}
RESULT: {"script":"<script> [1562 bytes]","args":[{"selector":{"controlType":"sap.m.GenericTile","properties":{"header":"Manage Sites"}},"wdio_ui5_key":"sapm.GenericTile{\"header\":\"Manage Sites\"}"}]}
RESULT: undefined
COMMAND: POST /session/153c6080784a3c0ed5a7a3a51a23aea7/element - {"using":"xpath","value":"//*[@id=\"__tile40\"]"}
RESULT: {}
RESULT: {"using":"xpath","value":"//*[@id=\"__tile40\"]"}
COMMAND: POST /session/153c6080784a3c0ed5a7a3a51a23aea7/element/f.2D07FE98EF058A5017333A18E496C5C8.d.E922E150E5578D71880D97C4B5862113.e.6124/click - {}
RESULT: {}
COMMAND: GET /session/153c6080784a3c0ed5a7a3a51a23aea7/screenshot - {}
COMMAND: POST /session/153c6080784a3c0ed5a7a3a51a23aea7/elements - {"using":"xpath","value":"//span[text()='Error']"}
RESULT: {}
RESULT: {"using":"xpath","value":"//span[text()='Error']"}
COMMAND: POST /session/153c6080784a3c0ed5a7a3a51a23aea7/element - {"using":"xpath","value":"//button[@data-kt=\"addOverflowToolbarButton\"]"}
RESULT: {"using":"xpath","value":"//button[@data-kt=\"addOverflowToolbarButton\"]"}
COMMAND: POST /session/153c6080784a3c0ed5a7a3a51a23aea7/elements - {"using":"xpath","value":"//button[@data-kt=\"addOverflowToolbarButton\"]"}
RESULT: {"using":"xpath","value":"//button[@data-kt=\"addOverflowToolbarButton\"]"}
COMMAND: POST /session/153c6080784a3c0ed5a7a3a51a23aea7/execute/sync - {"script":"<script> [8489 bytes]","args":[{"element-6066-11e4-a52e-4f735466cecf":"f.2D07FE98EF058A5017333A18E496C5C8.d.E922E150E5578D71880D97C4B5862113.e.7791","ELEMENT":"f.2D07FE98EF058A5017333A18E496C5C8.d.E922E150E5578D71880D97C4B5862113.e.7791"}]}
RESULT: {"script":"<script> [8489 bytes]","args":[{"element-6066-11e4-a52e-4f735466cecf":"f.2D07FE98EF058A5017333A18E496C5C8.d.E922E150E5578D71880D97C4B5862113.e.7791","ELEMENT":"f.2D07FE98EF058A5017333A18E496C5C8.d.E922E150E5578D71880D97C4B5862113.e.7791"}]}
COMMAND: GET /session/153c6080784a3c0ed5a7a3a51a23aea7/element/f.2D07FE98EF058A5017333A18E496C5C8.d.E922E150E5578D71880D97C4B5862113.e.7791/enabled - {}
COMMAND: GET /session/153c6080784a3c0ed5a7a3a51a23aea7/screenshot - {}
RESULT: {}
COMMAND: POST /session/153c6080784a3c0ed5a7a3a51a23aea7/execute/sync - {"script":"<script> [8489 bytes]","args":[{"element-6066-11e4-a52e-4f735466cecf":"f.2D07FE98EF058A5017333A18E496C5C8.d.E922E150E5578D71880D97C4B5862113.e.7791","ELEMENT":"f.2D07FE98EF058A5017333A18E496C5C8.d.E922E150E5578D71880D97C4B5862113.e.7791"}]}
COMMAND: GET /session/153c6080784a3c0ed5a7a3a51a23aea7/screenshot - {}
RESULT: {}
RESULT: {"script":"<script> [8489 bytes]","args":[{"element-6066-11e4-a52e-4f735466cecf":"f.2D07FE98EF058A5017333A18E496C5C8.d.E922E150E5578D71880D97C4B5862113.e.7791","ELEMENT":"f.2D07FE98EF058A5017333A18E496C5C8.d.E922E150E5578D71880D97C4B5862113.e.7791"}]}
COMMAND: POST /session/153c6080784a3c0ed5a7a3a51a23aea7/execute/sync - {"script":"<script> [5351 bytes]","args":[{"element-6066-11e4-a52e-4f735466cecf":"f.2D07FE98EF058A5017333A18E496C5C8.d.E922E150E5578D71880D97C4B5862113.e.7791","ELEMENT":"f.2D07FE98EF058A5017333A18E496C5C8.d.E922E150E5578D71880D97C4B5862113.e.7791"}]}
COMMAND: GET /session/153c6080784a3c0ed5a7a3a51a23aea7/screenshot - {}
RESULT: {}
RESULT: {"script":"<script> [5351 bytes]","args":[{"element-6066-11e4-a52e-4f735466cecf":"f.2D07FE98EF058A5017333A18E496C5C8.d.E922E150E5578D71880D97C4B5862113.e.7791","ELEMENT":"f.2D07FE98EF058A5017333A18E496C5C8.d.E922E150E5578D71880D97C4B5862113.e.7791"}]}
COMMAND: POST /session/153c6080784a3c0ed5a7a3a51a23aea7/element/f.2D07FE98EF058A5017333A18E496C5C8.d.E922E150E5578D71880D97C4B5862113.e.7791/click - {}
COMMAND: GET /session/153c6080784a3c0ed5a7a3a51a23aea7/screenshot - {}
RESULT: {}
RESULT: {}
COMMAND: GET /session/153c6080784a3c0ed5a7a3a51a23aea7/screenshot - {}
COMMAND: POST /session/153c6080784a3c0ed5a7a3a51a23aea7/element - {"using":"xpath","value":"//input[@id=\"application-managesites-display-component---NewSite--siteId-inner\"]"}
RESULT: {}
RESULT: {}
RESULT: {"using":"xpath","value":"//input[@id=\"application-managesites-display-component---NewSite--siteId-inner\"]"}
COMMAND: POST /session/153c6080784a3c0ed5a7a3a51a23aea7/element - {"using":"xpath","value":"//input[@id=\"application-managesites-display-component---NewSite--siteId-inner\"]"}
RESULT: {"using":"xpath","value":"//input[@id=\"application-managesites-display-component---NewSite--siteId-inner\"]"}
COMMAND: POST /session/153c6080784a3c0ed5a7a3a51a23aea7/execute/async - {"script":"<script> [1562 bytes]","args":[{"selector":{"id":"application-managesites-display-component---NewSite--addressDetailDetailsName1","interaction":{"idSuffix":"inner"}},"wdio_ui5_key":"applicationmanagesites-display-component---NewSite--addressDetailDetailsName1"}]}
RESULT: {"script":"<script> [1562 bytes]","args":[{"selector":{"id":"application-managesites-display-component---NewSite--addressDetailDetailsName1","interaction":{"idSuffix":"inner"}},"wdio_ui5_key":"applicationmanagesites-display-component---NewSite--addressDetailDetailsName1"}]}
RESULT: undefined
COMMAND: POST /session/153c6080784a3c0ed5a7a3a51a23aea7/execute/async - {"script":"<script> [776 bytes]","args":[{"enterText":"Intracompany Site wdIO","selector":{"id":"application-managesites-display-component---NewSite--addressDetailDetailsName1","interaction":{"idSuffix":"inner"}},"clearTextFirst":true,"interactionType":"ENTER_TEXT"}]}
RESULT: {"script":"<script> [776 bytes]","args":[{"enterText":"Intracompany Site wdIO","selector":{"id":"application-managesites-display-component---NewSite--addressDetailDetailsName1","interaction":{"idSuffix":"inner"}},"clearTextFirst":true,"interactionType":"ENTER_TEXT"}]}
COMMAND: POST /session/153c6080784a3c0ed5a7a3a51a23aea7/execute/async - {"script":"<script> [1562 bytes]","args":[{"selector":{"id":"application-managesites-display-component---NewSite--addressDetailDetailsLanguage-arrow"},"wdio_ui5_key":"applicationmanagesites-display-component---NewSite--addressDetailDetailsLanguage-arrow"}]}
RESULT: {"script":"<script> [1562 bytes]","args":[{"selector":{"id":"application-managesites-display-component---NewSite--addressDetailDetailsLanguage-arrow"},"wdio_ui5_key":"applicationmanagesites-display-component---NewSite--addressDetailDetailsLanguage-arrow"}]}
RESULT: undefined
COMMAND: POST /session/153c6080784a3c0ed5a7a3a51a23aea7/element - {"using":"xpath","value":"//*[@id=\"application-managesites-display-component---NewSite--addressDetailDetailsLanguage-arrow\"]"}
RESULT: {"using":"xpath","value":"//*[@id=\"application-managesites-display-component---NewSite--addressDetailDetailsLanguage-arrow\"]"}
COMMAND: POST /session/153c6080784a3c0ed5a7a3a51a23aea7/element/f.2D07FE98EF058A5017333A18E496C5C8.d.E922E150E5578D71880D97C4B5862113.e.8189/click - {}
RESULT: {}
COMMAND: POST /session/153c6080784a3c0ed5a7a3a51a23aea7/element - {"using":"xpath","value":"//span[contains(text(), \"English\")]"}
COMMAND: GET /session/153c6080784a3c0ed5a7a3a51a23aea7/screenshot - {}
RESULT: {"using":"xpath","value":"//span[contains(text(), \"English\")]"}
COMMAND: POST /session/153c6080784a3c0ed5a7a3a51a23aea7/element/f.2D07FE98EF058A5017333A18E496C5C8.d.E922E150E5578D71880D97C4B5862113.e.8190/click - {}
RESULT: {}
RESULT: {}
COMMAND: POST /session/153c6080784a3c0ed5a7a3a51a23aea7/execute/async - {"script":"<script> [1562 bytes]","args":[{"selector":{"id":"application-managesites-display-component---NewSite--addressDetailDetailsCity1","interaction":{"idSuffix":"inner"}},"wdio_ui5_key":"applicationmanagesites-display-component---NewSite--addressDetailDetailsCity1"}]}
COMMAND: GET /session/153c6080784a3c0ed5a7a3a51a23aea7/screenshot - {}
RESULT: {"script":"<script> [1562 bytes]","args":[{"selector":{"id":"application-managesites-display-component---NewSite--addressDetailDetailsCity1","interaction":{"idSuffix":"inner"}},"wdio_ui5_key":"applicationmanagesites-display-component---NewSite--addressDetailDetailsCity1"}]}
RESULT: undefined
COMMAND: POST /session/153c6080784a3c0ed5a7a3a51a23aea7/execute/async - {"script":"<script> [776 bytes]","args":[{"enterText":"Rosario","selector":{"id":"application-managesites-display-component---NewSite--addressDetailDetailsCity1","interaction":{"idSuffix":"inner"}},"clearTextFirst":true,"interactionType":"ENTER_TEXT"}]}
RESULT: {}
RESULT: {"script":"<script> [776 bytes]","args":[{"enterText":"Rosario","selector":{"id":"application-managesites-display-component---NewSite--addressDetailDetailsCity1","interaction":{"idSuffix":"inner"}},"clearTextFirst":true,"interactionType":"ENTER_TEXT"}]}
COMMAND: POST /session/153c6080784a3c0ed5a7a3a51a23aea7/execute/async - {"script":"<script> [1562 bytes]","args":[{"selector":{"id":"application-managesites-display-component---NewSite--addressDetailDetailsCountry-arrow"},"wdio_ui5_key":"applicationmanagesites-display-component---NewSite--addressDetailDetailsCountry-arrow"}]}
RESULT: {"script":"<script> [1562 bytes]","args":[{"selector":{"id":"application-managesites-display-component---NewSite--addressDetailDetailsCountry-arrow"},"wdio_ui5_key":"applicationmanagesites-display-component---NewSite--addressDetailDetailsCountry-arrow"}]}
RESULT: undefined
COMMAND: POST /session/153c6080784a3c0ed5a7a3a51a23aea7/element - {"using":"xpath","value":"//*[@id=\"application-managesites-display-component---NewSite--addressDetailDetailsCountry-arrow\"]"}
RESULT: {"using":"xpath","value":"//*[@id=\"application-managesites-display-component---NewSite--addressDetailDetailsCountry-arrow\"]"}
COMMAND: POST /session/153c6080784a3c0ed5a7a3a51a23aea7/element/f.2D07FE98EF058A5017333A18E496C5C8.d.E922E150E5578D71880D97C4B5862113.e.8192/click - {}
RESULT: {}
COMMAND: POST /session/153c6080784a3c0ed5a7a3a51a23aea7/element - {"using":"xpath","value":"//span[contains(text(), \"Argentina\")]"}
COMMAND: GET /session/153c6080784a3c0ed5a7a3a51a23aea7/screenshot - {}
RESULT: {"using":"xpath","value":"//span[contains(text(), \"Argentina\")]"}
COMMAND: POST /session/153c6080784a3c0ed5a7a3a51a23aea7/element/f.2D07FE98EF058A5017333A18E496C5C8.d.E922E150E5578D71880D97C4B5862113.e.8193/click - {}
RESULT: {}
RESULT: {}
COMMAND: GET /session/153c6080784a3c0ed5a7a3a51a23aea7/screenshot - {}
RESULT: {}
COMMAND: POST /session/153c6080784a3c0ed5a7a3a51a23aea7/execute/async - {"script":"<script> [1562 bytes]","args":[{"selector":{"id":"application-managesites-display-component---NewSite--addressEditDetailsCostObjectCstType-arrow"},"wdio_ui5_key":"applicationmanagesites-display-component---NewSite--addressEditDetailsCostObjectCstType-arrow"}]}
RESULT: {"script":"<script> [1562 bytes]","args":[{"selector":{"id":"application-managesites-display-component---NewSite--addressEditDetailsCostObjectCstType-arrow"},"wdio_ui5_key":"applicationmanagesites-display-component---NewSite--addressEditDetailsCostObjectCstType-arrow"}]}
RESULT: undefined
COMMAND: POST /session/153c6080784a3c0ed5a7a3a51a23aea7/element - {"using":"xpath","value":"//*[@id=\"application-managesites-display-component---NewSite--addressEditDetailsCostObjectCstType-arrow\"]"}
RESULT: {"using":"xpath","value":"//*[@id=\"application-managesites-display-component---NewSite--addressEditDetailsCostObjectCstType-arrow\"]"}
COMMAND: POST /session/153c6080784a3c0ed5a7a3a51a23aea7/element/f.2D07FE98EF058A5017333A18E496C5C8.d.E922E150E5578D71880D97C4B5862113.e.8195/click - {}
RESULT: {}
COMMAND: POST /session/153c6080784a3c0ed5a7a3a51a23aea7/element - {"using":"xpath","value":"//span[contains(text(), \"Cost Center\")]"}
COMMAND: GET /session/153c6080784a3c0ed5a7a3a51a23aea7/screenshot - {}
RESULT: {"using":"xpath","value":"//span[contains(text(), \"Cost Center\")]"}
COMMAND: POST /session/153c6080784a3c0ed5a7a3a51a23aea7/element/f.2D07FE98EF058A5017333A18E496C5C8.d.E922E150E5578D71880D97C4B5862113.e.8197/click - {}
RESULT: {}
RESULT: {}
COMMAND: GET /session/153c6080784a3c0ed5a7a3a51a23aea7/screenshot - {}
RESULT: {}
COMMAND: POST /session/153c6080784a3c0ed5a7a3a51a23aea7/element - {"using":"xpath","value":"//span[@id=\"application-managesites-display-component---NewSite--addressNewCostObjectCstID-vhi\"]"}
RESULT: {"using":"xpath","value":"//span[@id=\"application-managesites-display-component---NewSite--addressNewCostObjectCstID-vhi\"]"}
COMMAND: POST /session/153c6080784a3c0ed5a7a3a51a23aea7/execute/sync - {"script":"<script> [8489 bytes]","args":[{"element-6066-11e4-a52e-4f735466cecf":"f.2D07FE98EF058A5017333A18E496C5C8.d.E922E150E5578D71880D97C4B5862113.e.8201","ELEMENT":"f.2D07FE98EF058A5017333A18E496C5C8.d.E922E150E5578D71880D97C4B5862113.e.8201"}]}
RESULT: {"script":"<script> [8489 bytes]","args":[{"element-6066-11e4-a52e-4f735466cecf":"f.2D07FE98EF058A5017333A18E496C5C8.d.E922E150E5578D71880D97C4B5862113.e.8201","ELEMENT":"f.2D07FE98EF058A5017333A18E496C5C8.d.E922E150E5578D71880D97C4B5862113.e.8201"}]}
COMMAND: POST /session/153c6080784a3c0ed5a7a3a51a23aea7/execute/async - {"script":"<script> [1562 bytes]","args":[{"selector":{"id":"application-managesites-display-component---NewSite--addressNewCostObjectCstID-vhi"},"wdio_ui5_key":"applicationmanagesites-display-component---NewSite--addressNewCostObjectCstID-vhi"}]}
COMMAND: GET /session/153c6080784a3c0ed5a7a3a51a23aea7/screenshot - {}
RESULT: {"script":"<script> [1562 bytes]","args":[{"selector":{"id":"application-managesites-display-component---NewSite--addressNewCostObjectCstID-vhi"},"wdio_ui5_key":"applicationmanagesites-display-component---NewSite--addressNewCostObjectCstID-vhi"}]}
RESULT: undefined
COMMAND: POST /session/153c6080784a3c0ed5a7a3a51a23aea7/element - {"using":"xpath","value":"//*[@id=\"application-managesites-display-component---NewSite--addressNewCostObjectCstID-vhi\"]"}
RESULT: {}
RESULT: {"using":"xpath","value":"//*[@id=\"application-managesites-display-component---NewSite--addressNewCostObjectCstID-vhi\"]"}
COMMAND: POST /session/153c6080784a3c0ed5a7a3a51a23aea7/element/f.2D07FE98EF058A5017333A18E496C5C8.d.E922E150E5578D71880D97C4B5862113.e.8201/click - {}
RESULT: {}
COMMAND: GET /session/153c6080784a3c0ed5a7a3a51a23aea7/screenshot - {}
RESULT: {}
RESULT: undefined
COMMAND: POST /session/153c6080784a3c0ed5a7a3a51a23aea7/execute/async - {"script":"<script> [776 bytes]","args":[{"enterText":"10001013","selector":{"controlType":"sap.m.SearchField","properties":{"placeholder":"Search"},"searchOpenDialogs":true,"interaction":{"idSuffix":"I"}},"clearTextFirst":true,"interactionType":"ENTER_TEXT"}]}
RESULT: {"script":"<script> [776 bytes]","args":[{"enterText":"10001013","selector":{"controlType":"sap.m.SearchField","properties":{"placeholder":"Search"},"searchOpenDialogs":true,"interaction":{"idSuffix":"I"}},"clearTextFirst":true,"interactionType":"ENTER_TEXT"}]}
COMMAND: POST /session/153c6080784a3c0ed5a7a3a51a23aea7/actions - {"actions":[{"id":"action23","type":"key","parameters":{},"actions":[{"type":"keyDown","value":"î€‡"},{"type":"pause","duration":10},{"type":"keyUp","value":"î€‡"}]}]}
RESULT: {"actions":[{"id":"action23","type":"key","parameters":{},"actions":[{"type":"keyDown","value":"î€‡"},{"type":"pause","duration":10},{"type":"keyUp","value":"î€‡"}]}]}
COMMAND: GET /session/153c6080784a3c0ed5a7a3a51a23aea7/screenshot - {}
RESULT: {}
COMMAND: POST /session/153c6080784a3c0ed5a7a3a51a23aea7/element - {"using":"xpath","value":"//span[contains(text(), \"General Management\")]"}
RESULT: {"using":"xpath","value":"//span[contains(text(), \"General Management\")]"}
COMMAND: POST /session/153c6080784a3c0ed5a7a3a51a23aea7/element/f.2D07FE98EF058A5017333A18E496C5C8.d.E922E150E5578D71880D97C4B5862113.e.8241/click - {}
RESULT: {}
COMMAND: GET /session/153c6080784a3c0ed5a7a3a51a23aea7/screenshot - {}
RESULT: {}
COMMAND: POST /session/153c6080784a3c0ed5a7a3a51a23aea7/element - {"using":"xpath","value":"//bdi[contains(text(), \"OK\")]"}
RESULT: {"using":"xpath","value":"//bdi[contains(text(), \"OK\")]"}
COMMAND: POST /session/153c6080784a3c0ed5a7a3a51a23aea7/element/f.2D07FE98EF058A5017333A18E496C5C8.d.E922E150E5578D71880D97C4B5862113.e.8242/click - {}
RESULT: {}
COMMAND: GET /session/153c6080784a3c0ed5a7a3a51a23aea7/screenshot - {}
RESULT: {}
COMMAND: POST /session/153c6080784a3c0ed5a7a3a51a23aea7/element - {"using":"xpath","value":"//input[@id=\"application-managesites-display-component---NewSite--addressDetailDetailsCalendar-inner\"]"}
RESULT: {"using":"xpath","value":"//input[@id=\"application-managesites-display-component---NewSite--addressDetailDetailsCalendar-inner\"]"}
COMMAND: POST /session/153c6080784a3c0ed5a7a3a51a23aea7/element/f.2D07FE98EF058A5017333A18E496C5C8.d.E922E150E5578D71880D97C4B5862113.e.7986/clear - {}
RESULT: {}
COMMAND: POST /session/153c6080784a3c0ed5a7a3a51a23aea7/element/f.2D07FE98EF058A5017333A18E496C5C8.d.E922E150E5578D71880D97C4B5862113.e.7986/value - {"text":"Unit"}
COMMAND: GET /session/153c6080784a3c0ed5a7a3a51a23aea7/screenshot - {}
RESULT: {"text":"Unit"}
COMMAND: GET /session/153c6080784a3c0ed5a7a3a51a23aea7/screenshot - {}
RESULT: {}
RESULT: {}
COMMAND: POST /session/153c6080784a3c0ed5a7a3a51a23aea7/actions - {"actions":[{"id":"action24","type":"key","parameters":{},"actions":[{"type":"keyDown","value":"î€‡"},{"type":"pause","duration":10},{"type":"keyUp","value":"î€‡"}]}]}
RESULT: {"actions":[{"id":"action24","type":"key","parameters":{},"actions":[{"type":"keyDown","value":"î€‡"},{"type":"pause","duration":10},{"type":"keyUp","value":"î€‡"}]}]}
COMMAND: POST /session/153c6080784a3c0ed5a7a3a51a23aea7/element - {"using":"xpath","value":"//input[@id=\"application-managesites-display-component---NewSite--addressDetailDetailsYard-inner\"]"}
COMMAND: GET /session/153c6080784a3c0ed5a7a3a51a23aea7/screenshot - {}
RESULT: {"using":"xpath","value":"//input[@id=\"application-managesites-display-component---NewSite--addressDetailDetailsYard-inner\"]"}
COMMAND: POST /session/153c6080784a3c0ed5a7a3a51a23aea7/element/f.2D07FE98EF058A5017333A18E496C5C8.d.E922E150E5578D71880D97C4B5862113.e.7987/clear - {}
RESULT: {}
RESULT: {}
COMMAND: POST /session/153c6080784a3c0ed5a7a3a51a23aea7/element/f.2D07FE98EF058A5017333A18E496C5C8.d.E922E150E5578D71880D97C4B5862113.e.7987/value - {"text":"667"}
COMMAND: GET /session/153c6080784a3c0ed5a7a3a51a23aea7/screenshot - {}
RESULT: {"text":"667"}
COMMAND: GET /session/153c6080784a3c0ed5a7a3a51a23aea7/screenshot - {}
RESULT: {}
RESULT: {}
COMMAND: POST /session/153c6080784a3c0ed5a7a3a51a23aea7/element - {"using":"xpath","value":"//li[.//span[text()='667']]"}
RESULT: {"using":"xpath","value":"//li[.//span[text()='667']]"}
COMMAND: POST /session/153c6080784a3c0ed5a7a3a51a23aea7/element/f.2D07FE98EF058A5017333A18E496C5C8.d.E922E150E5578D71880D97C4B5862113.e.8250/click - {}
RESULT: {}
COMMAND: GET /session/153c6080784a3c0ed5a7a3a51a23aea7/screenshot - {}
RESULT: {}
COMMAND: POST /session/153c6080784a3c0ed5a7a3a51a23aea7/element - {"using":"xpath","value":"//input[@id=\"application-managesites-display-component---NewSite--addressDetailDetailsPartner-inner\"]"}
RESULT: {"using":"xpath","value":"//input[@id=\"application-managesites-display-component---NewSite--addressDetailDetailsPartner-inner\"]"}
COMMAND: POST /session/153c6080784a3c0ed5a7a3a51a23aea7/element - {"using":"xpath","value":"//input[@id=\"application-managesites-display-component---NewSite--addressDetailDetailsPartner-inner\"]"}
RESULT: {"using":"xpath","value":"//input[@id=\"application-managesites-display-component---NewSite--addressDetailDetailsPartner-inner\"]"}
COMMAND: POST /session/153c6080784a3c0ed5a7a3a51a23aea7/element - {"using":"xpath","value":"//button[@data-kt=\"saveButton\"]"}
RESULT: {"using":"xpath","value":"//button[@data-kt=\"saveButton\"]"}
COMMAND: POST /session/153c6080784a3c0ed5a7a3a51a23aea7/element/f.2D07FE98EF058A5017333A18E496C5C8.d.E922E150E5578D71880D97C4B5862113.e.8174/click - {}
RESULT: {}
COMMAND: GET /session/153c6080784a3c0ed5a7a3a51a23aea7/screenshot - {}
RESULT: {}
COMMAND: POST /session/153c6080784a3c0ed5a7a3a51a23aea7/element - {"using":"xpath","value":"//header[contains(@id, 'ObjectPageLayout-headerTitle')]/div[1]/div[2]/div[2]/span[1]"}
RESULT: {"using":"xpath","value":"//header[contains(@id, 'ObjectPageLayout-headerTitle')]/div[1]/div[2]/div[2]/span[1]"}
COMMAND: POST /session/153c6080784a3c0ed5a7a3a51a23aea7/elements - {"using":"xpath","value":"//header[contains(@id, 'ObjectPageLayout-headerTitle')]/div[1]/div[2]/div[2]/span[1]"}
RESULT: {"using":"xpath","value":"//header[contains(@id, 'ObjectPageLayout-headerTitle')]/div[1]/div[2]/div[2]/span[1]"}
COMMAND: POST /session/153c6080784a3c0ed5a7a3a51a23aea7/execute/sync - {"script":"<script> [56 bytes]","args":[{"element-6066-11e4-a52e-4f735466cecf":"f.2D07FE98EF058A5017333A18E496C5C8.d.E922E150E5578D71880D97C4B5862113.e.8452","ELEMENT":"f.2D07FE98EF058A5017333A18E496C5C8.d.E922E150E5578D71880D97C4B5862113.e.8452"}]}
RESULT: {"script":"<script> [56 bytes]","args":[{"element-6066-11e4-a52e-4f735466cecf":"f.2D07FE98EF058A5017333A18E496C5C8.d.E922E150E5578D71880D97C4B5862113.e.8452","ELEMENT":"f.2D07FE98EF058A5017333A18E496C5C8.d.E922E150E5578D71880D97C4B5862113.e.8452"}]}
COMMAND: POST /session/153c6080784a3c0ed5a7a3a51a23aea7/element - {"using":"css selector","value":"#shell-header-logo"}
COMMAND: GET /session/153c6080784a3c0ed5a7a3a51a23aea7/screenshot - {}
RESULT: {"using":"css selector","value":"#shell-header-logo"}
COMMAND: POST /session/153c6080784a3c0ed5a7a3a51a23aea7/element/f.2D07FE98EF058A5017333A18E496C5C8.d.E922E150E5578D71880D97C4B5862113.e.7749/click - {}
RESULT: {}
RESULT: {}
COMMAND: GET /session/153c6080784a3c0ed5a7a3a51a23aea7/screenshot - {}
RESULT: {}
COMMAND: POST /session/153c6080784a3c0ed5a7a3a51a23aea7/execute/sync - {"script":"<script> [299 bytes]","args":[["getModel","getResource"]]}
RESULT: {"script":"<script> [299 bytes]","args":[["getModel","getResource"]]}
]]></system-out>
    </testcase>
    <testcase classname="chrome.137_0_7151_56.windows.Billing_Transfer_-_Intracompany_US127249" name="Should create a new equipment" time="141.871">
      <system-out><![CDATA[
COMMAND: GET /session/153c6080784a3c0ed5a7a3a51a23aea7/screenshot - {}
COMMAND: POST /session/153c6080784a3c0ed5a7a3a51a23aea7/execute/async - {"script":"<script> [1562 bytes]","args":[{"selector":{"controlType":"sap.m.GenericTile","properties":{"header":"Manage Resources"}},"wdio_ui5_key":"sapm.GenericTile{\"header\":\"Manage Resources\"}"}]}
RESULT: {"script":"<script> [1562 bytes]","args":[{"selector":{"controlType":"sap.m.GenericTile","properties":{"header":"Manage Resources"}},"wdio_ui5_key":"sapm.GenericTile{\"header\":\"Manage Resources\"}"}]}
RESULT: undefined
COMMAND: POST /session/153c6080784a3c0ed5a7a3a51a23aea7/element - {"using":"xpath","value":"//*[@id=\"__tile39\"]"}
RESULT: {}
RESULT: {"using":"xpath","value":"//*[@id=\"__tile39\"]"}
COMMAND: POST /session/153c6080784a3c0ed5a7a3a51a23aea7/element/f.2D07FE98EF058A5017333A18E496C5C8.d.E922E150E5578D71880D97C4B5862113.e.6121/click - {}
RESULT: {}
COMMAND: GET /session/153c6080784a3c0ed5a7a3a51a23aea7/screenshot - {}
COMMAND: POST /session/153c6080784a3c0ed5a7a3a51a23aea7/elements - {"using":"xpath","value":"//span[text()='Error']"}
RESULT: {}
RESULT: {"using":"xpath","value":"//span[text()='Error']"}
COMMAND: POST /session/153c6080784a3c0ed5a7a3a51a23aea7/element - {"using":"xpath","value":"//button[@data-kt=\"addNewRUOverflowToolbarButton\"]"}
RESULT: {"using":"xpath","value":"//button[@data-kt=\"addNewRUOverflowToolbarButton\"]"}
COMMAND: POST /session/153c6080784a3c0ed5a7a3a51a23aea7/elements - {"using":"xpath","value":"//button[@data-kt=\"addNewRUOverflowToolbarButton\"]"}
RESULT: {"using":"xpath","value":"//button[@data-kt=\"addNewRUOverflowToolbarButton\"]"}
COMMAND: POST /session/153c6080784a3c0ed5a7a3a51a23aea7/execute/sync - {"script":"<script> [8489 bytes]","args":[{"element-6066-11e4-a52e-4f735466cecf":"f.2D07FE98EF058A5017333A18E496C5C8.d.E922E150E5578D71880D97C4B5862113.e.8494","ELEMENT":"f.2D07FE98EF058A5017333A18E496C5C8.d.E922E150E5578D71880D97C4B5862113.e.8494"}]}
RESULT: {"script":"<script> [8489 bytes]","args":[{"element-6066-11e4-a52e-4f735466cecf":"f.2D07FE98EF058A5017333A18E496C5C8.d.E922E150E5578D71880D97C4B5862113.e.8494","ELEMENT":"f.2D07FE98EF058A5017333A18E496C5C8.d.E922E150E5578D71880D97C4B5862113.e.8494"}]}
COMMAND: GET /session/153c6080784a3c0ed5a7a3a51a23aea7/element/f.2D07FE98EF058A5017333A18E496C5C8.d.E922E150E5578D71880D97C4B5862113.e.8494/enabled - {}
COMMAND: GET /session/153c6080784a3c0ed5a7a3a51a23aea7/screenshot - {}
RESULT: {}
COMMAND: POST /session/153c6080784a3c0ed5a7a3a51a23aea7/execute/sync - {"script":"<script> [8489 bytes]","args":[{"element-6066-11e4-a52e-4f735466cecf":"f.2D07FE98EF058A5017333A18E496C5C8.d.E922E150E5578D71880D97C4B5862113.e.8494","ELEMENT":"f.2D07FE98EF058A5017333A18E496C5C8.d.E922E150E5578D71880D97C4B5862113.e.8494"}]}
COMMAND: GET /session/153c6080784a3c0ed5a7a3a51a23aea7/screenshot - {}
RESULT: {}
RESULT: {"script":"<script> [8489 bytes]","args":[{"element-6066-11e4-a52e-4f735466cecf":"f.2D07FE98EF058A5017333A18E496C5C8.d.E922E150E5578D71880D97C4B5862113.e.8494","ELEMENT":"f.2D07FE98EF058A5017333A18E496C5C8.d.E922E150E5578D71880D97C4B5862113.e.8494"}]}
COMMAND: POST /session/153c6080784a3c0ed5a7a3a51a23aea7/execute/sync - {"script":"<script> [5351 bytes]","args":[{"element-6066-11e4-a52e-4f735466cecf":"f.2D07FE98EF058A5017333A18E496C5C8.d.E922E150E5578D71880D97C4B5862113.e.8494","ELEMENT":"f.2D07FE98EF058A5017333A18E496C5C8.d.E922E150E5578D71880D97C4B5862113.e.8494"}]}
COMMAND: GET /session/153c6080784a3c0ed5a7a3a51a23aea7/screenshot - {}
RESULT: {}
RESULT: {"script":"<script> [5351 bytes]","args":[{"element-6066-11e4-a52e-4f735466cecf":"f.2D07FE98EF058A5017333A18E496C5C8.d.E922E150E5578D71880D97C4B5862113.e.8494","ELEMENT":"f.2D07FE98EF058A5017333A18E496C5C8.d.E922E150E5578D71880D97C4B5862113.e.8494"}]}
COMMAND: POST /session/153c6080784a3c0ed5a7a3a51a23aea7/element/f.2D07FE98EF058A5017333A18E496C5C8.d.E922E150E5578D71880D97C4B5862113.e.8494/click - {}
COMMAND: GET /session/153c6080784a3c0ed5a7a3a51a23aea7/screenshot - {}
RESULT: {}
RESULT: {}
COMMAND: GET /session/153c6080784a3c0ed5a7a3a51a23aea7/screenshot - {}
COMMAND: POST /session/153c6080784a3c0ed5a7a3a51a23aea7/execute/async - {"script":"<script> [1562 bytes]","args":[{"selector":{"id":"application-manageresources-display-component---newResourceUnit--TYPE-arrow"},"wdio_ui5_key":"applicationmanageresources-display-component---newResourceUnit--TYPE-arrow"}]}
RESULT: {}
RESULT: {}
RESULT: {"script":"<script> [1562 bytes]","args":[{"selector":{"id":"application-manageresources-display-component---newResourceUnit--TYPE-arrow"},"wdio_ui5_key":"applicationmanageresources-display-component---newResourceUnit--TYPE-arrow"}]}
RESULT: undefined
COMMAND: POST /session/153c6080784a3c0ed5a7a3a51a23aea7/element - {"using":"xpath","value":"//*[@id=\"application-manageresources-display-component---newResourceUnit--TYPE-arrow\"]"}
RESULT: {"using":"xpath","value":"//*[@id=\"application-manageresources-display-component---newResourceUnit--TYPE-arrow\"]"}
COMMAND: POST /session/153c6080784a3c0ed5a7a3a51a23aea7/element/f.2D07FE98EF058A5017333A18E496C5C8.d.E922E150E5578D71880D97C4B5862113.e.8840/click - {}
RESULT: {}
COMMAND: POST /session/153c6080784a3c0ed5a7a3a51a23aea7/element - {"using":"xpath","value":"//input[@id=\"application-manageresources-display-component---newResourceUnit--TYPE-inner\"]"}
COMMAND: GET /session/153c6080784a3c0ed5a7a3a51a23aea7/screenshot - {}
RESULT: {"using":"xpath","value":"//input[@id=\"application-manageresources-display-component---newResourceUnit--TYPE-inner\"]"}
COMMAND: POST /session/153c6080784a3c0ed5a7a3a51a23aea7/element/f.2D07FE98EF058A5017333A18E496C5C8.d.E922E150E5578D71880D97C4B5862113.e.8835/clear - {}
RESULT: {}
RESULT: {}
COMMAND: POST /session/153c6080784a3c0ed5a7a3a51a23aea7/element/f.2D07FE98EF058A5017333A18E496C5C8.d.E922E150E5578D71880D97C4B5862113.e.8835/value - {"text":"Equipment"}
COMMAND: GET /session/153c6080784a3c0ed5a7a3a51a23aea7/screenshot - {}
RESULT: {"text":"Equipment"}
COMMAND: GET /session/153c6080784a3c0ed5a7a3a51a23aea7/screenshot - {}
RESULT: {}
RESULT: {}
COMMAND: POST /session/153c6080784a3c0ed5a7a3a51a23aea7/actions - {"actions":[{"id":"action25","type":"key","parameters":{},"actions":[{"type":"keyDown","value":"î€‡"},{"type":"pause","duration":10},{"type":"keyUp","value":"î€‡"}]}]}
RESULT: {"actions":[{"id":"action25","type":"key","parameters":{},"actions":[{"type":"keyDown","value":"î€‡"},{"type":"pause","duration":10},{"type":"keyUp","value":"î€‡"}]}]}
COMMAND: POST /session/153c6080784a3c0ed5a7a3a51a23aea7/execute/async - {"script":"<script> [1562 bytes]","args":[{"selector":{"id":"application-manageresources-display-component---newResourceUnit--resourceId","interaction":{"idSuffix":"inner"}},"wdio_ui5_key":"applicationmanageresources-display-component---newResourceUnit--resourceId"}]}
COMMAND: GET /session/153c6080784a3c0ed5a7a3a51a23aea7/screenshot - {}
RESULT: {"script":"<script> [1562 bytes]","args":[{"selector":{"id":"application-manageresources-display-component---newResourceUnit--resourceId","interaction":{"idSuffix":"inner"}},"wdio_ui5_key":"applicationmanageresources-display-component---newResourceUnit--resourceId"}]}
RESULT: undefined
COMMAND: POST /session/153c6080784a3c0ed5a7a3a51a23aea7/execute/async - {"script":"<script> [776 bytes]","args":[{"enterText":"faVIgF3VKQ","selector":{"id":"application-manageresources-display-component---newResourceUnit--resourceId","interaction":{"idSuffix":"inner"}},"clearTextFirst":true,"interactionType":"ENTER_TEXT"}]}
RESULT: {}
RESULT: {"script":"<script> [776 bytes]","args":[{"enterText":"faVIgF3VKQ","selector":{"id":"application-manageresources-display-component---newResourceUnit--resourceId","interaction":{"idSuffix":"inner"}},"clearTextFirst":true,"interactionType":"ENTER_TEXT"}]}
COMMAND: POST /session/153c6080784a3c0ed5a7a3a51a23aea7/execute/async - {"script":"<script> [1562 bytes]","args":[{"selector":{"id":"application-manageresources-display-component---newResourceUnit--SHORT_TEXT","interaction":{"idSuffix":"inner"}},"wdio_ui5_key":"applicationmanageresources-display-component---newResourceUnit--SHORT_TEXT"}]}
RESULT: {"script":"<script> [1562 bytes]","args":[{"selector":{"id":"application-manageresources-display-component---newResourceUnit--SHORT_TEXT","interaction":{"idSuffix":"inner"}},"wdio_ui5_key":"applicationmanageresources-display-component---newResourceUnit--SHORT_TEXT"}]}
RESULT: undefined
COMMAND: POST /session/153c6080784a3c0ed5a7a3a51a23aea7/execute/async - {"script":"<script> [776 bytes]","args":[{"enterText":"Intercompany Equipment WDIO","selector":{"id":"application-manageresources-display-component---newResourceUnit--SHORT_TEXT","interaction":{"idSuffix":"inner"}},"clearTextFirst":true,"interactionType":"ENTER_TEXT"}]}
RESULT: {"script":"<script> [776 bytes]","args":[{"enterText":"Intercompany Equipment WDIO","selector":{"id":"application-manageresources-display-component---newResourceUnit--SHORT_TEXT","interaction":{"idSuffix":"inner"}},"clearTextFirst":true,"interactionType":"ENTER_TEXT"}]}
COMMAND: POST /session/153c6080784a3c0ed5a7a3a51a23aea7/execute/async - {"script":"<script> [1562 bytes]","args":[{"selector":{"id":"application-manageresources-display-component---newResourceUnit--BASE_UNIT_OF_MEASURE","interaction":{"idSuffix":"inner"}},"wdio_ui5_key":"applicationmanageresources-display-component---newResourceUnit--BASE_UNIT_OF_MEASURE"}]}
RESULT: {"script":"<script> [1562 bytes]","args":[{"selector":{"id":"application-manageresources-display-component---newResourceUnit--BASE_UNIT_OF_MEASURE","interaction":{"idSuffix":"inner"}},"wdio_ui5_key":"applicationmanageresources-display-component---newResourceUnit--BASE_UNIT_OF_MEASURE"}]}
RESULT: undefined
COMMAND: POST /session/153c6080784a3c0ed5a7a3a51a23aea7/execute/async - {"script":"<script> [776 bytes]","args":[{"enterText":"Piece","selector":{"id":"application-manageresources-display-component---newResourceUnit--BASE_UNIT_OF_MEASURE","interaction":{"idSuffix":"inner"}},"clearTextFirst":true,"interactionType":"ENTER_TEXT"}]}
RESULT: {"script":"<script> [776 bytes]","args":[{"enterText":"Piece","selector":{"id":"application-manageresources-display-component---newResourceUnit--BASE_UNIT_OF_MEASURE","interaction":{"idSuffix":"inner"}},"clearTextFirst":true,"interactionType":"ENTER_TEXT"}]}
COMMAND: POST /session/153c6080784a3c0ed5a7a3a51a23aea7/execute/async - {"script":"<script> [1562 bytes]","args":[{"selector":{"id":"application-manageresources-display-component---newResourceUnit--WEIGHT_UNIT","interaction":{"idSuffix":"inner"}},"wdio_ui5_key":"applicationmanageresources-display-component---newResourceUnit--WEIGHT_UNIT"}]}
RESULT: {"script":"<script> [1562 bytes]","args":[{"selector":{"id":"application-manageresources-display-component---newResourceUnit--WEIGHT_UNIT","interaction":{"idSuffix":"inner"}},"wdio_ui5_key":"applicationmanageresources-display-component---newResourceUnit--WEIGHT_UNIT"}]}
RESULT: undefined
COMMAND: POST /session/153c6080784a3c0ed5a7a3a51a23aea7/execute/async - {"script":"<script> [776 bytes]","args":[{"enterText":"Gram","selector":{"id":"application-manageresources-display-component---newResourceUnit--WEIGHT_UNIT","interaction":{"idSuffix":"inner"}},"clearTextFirst":true,"interactionType":"ENTER_TEXT"}]}
RESULT: {"script":"<script> [776 bytes]","args":[{"enterText":"Gram","selector":{"id":"application-manageresources-display-component---newResourceUnit--WEIGHT_UNIT","interaction":{"idSuffix":"inner"}},"clearTextFirst":true,"interactionType":"ENTER_TEXT"}]}
COMMAND: POST /session/153c6080784a3c0ed5a7a3a51a23aea7/execute/async - {"script":"<script> [1562 bytes]","args":[{"selector":{"id":"application-manageresources-display-component---newResourceUnit--DIMENSION_UNIT","interaction":{"idSuffix":"inner"}},"wdio_ui5_key":"applicationmanageresources-display-component---newResourceUnit--DIMENSION_UNIT"}]}
RESULT: {"script":"<script> [1562 bytes]","args":[{"selector":{"id":"application-manageresources-display-component---newResourceUnit--DIMENSION_UNIT","interaction":{"idSuffix":"inner"}},"wdio_ui5_key":"applicationmanageresources-display-component---newResourceUnit--DIMENSION_UNIT"}]}
RESULT: undefined
COMMAND: POST /session/153c6080784a3c0ed5a7a3a51a23aea7/execute/async - {"script":"<script> [776 bytes]","args":[{"enterText":"Meter","selector":{"id":"application-manageresources-display-component---newResourceUnit--DIMENSION_UNIT","interaction":{"idSuffix":"inner"}},"clearTextFirst":true,"interactionType":"ENTER_TEXT"}]}
RESULT: {"script":"<script> [776 bytes]","args":[{"enterText":"Meter","selector":{"id":"application-manageresources-display-component---newResourceUnit--DIMENSION_UNIT","interaction":{"idSuffix":"inner"}},"clearTextFirst":true,"interactionType":"ENTER_TEXT"}]}
COMMAND: POST /session/153c6080784a3c0ed5a7a3a51a23aea7/execute/async - {"script":"<script> [1562 bytes]","args":[{"selector":{"id":"application-manageresources-display-component---newResourceUnit--newRRUPage-anchBar-application-manageresources-display-component---newResourceUnit--control-anchor","interaction":{"idSuffix":"BDI-content"}},"wdio_ui5_key":"applicationmanageresources-display-component---newResourceUnit--newRRUPage-anchBar-application-manageresources-display-component---newResourceUnit--control-anchor"}]}
RESULT: {"script":"<script> [1562 bytes]","args":[{"selector":{"id":"application-manageresources-display-component---newResourceUnit--newRRUPage-anchBar-application-manageresources-display-component---newResourceUnit--control-anchor","interaction":{"idSuffix":"BDI-content"}},"wdio_ui5_key":"applicationmanageresources-display-component---newResourceUnit--newRRUPage-anchBar-application-manageresources-display-component---newResourceUnit--control-anchor"}]}
RESULT: undefined
COMMAND: POST /session/153c6080784a3c0ed5a7a3a51a23aea7/element - {"using":"xpath","value":"//*[@id=\"application-manageresources-display-component---newResourceUnit--newRRUPage-anchBar-application-manageresources-display-component---newResourceUnit--control-anchor\"]"}
RESULT: {"using":"xpath","value":"//*[@id=\"application-manageresources-display-component---newResourceUnit--newRRUPage-anchBar-application-manageresources-display-component---newResourceUnit--control-anchor\"]"}
COMMAND: POST /session/153c6080784a3c0ed5a7a3a51a23aea7/element/f.2D07FE98EF058A5017333A18E496C5C8.d.E922E150E5578D71880D97C4B5862113.e.8998/click - {}
RESULT: {}
COMMAND: POST /session/153c6080784a3c0ed5a7a3a51a23aea7/execute/async - {"script":"<script> [1562 bytes]","args":[{"selector":{"id":"application-manageresources-display-component---newResourceUnit--PLANNING_GROUP","interaction":{"idSuffix":"inner"}},"wdio_ui5_key":"applicationmanageresources-display-component---newResourceUnit--PLANNING_GROUP"}]}
COMMAND: GET /session/153c6080784a3c0ed5a7a3a51a23aea7/screenshot - {}
RESULT: {"script":"<script> [1562 bytes]","args":[{"selector":{"id":"application-manageresources-display-component---newResourceUnit--PLANNING_GROUP","interaction":{"idSuffix":"inner"}},"wdio_ui5_key":"applicationmanageresources-display-component---newResourceUnit--PLANNING_GROUP"}]}
RESULT: undefined
COMMAND: POST /session/153c6080784a3c0ed5a7a3a51a23aea7/execute/async - {"script":"<script> [776 bytes]","args":[{"enterText":"Heavy Equi","selector":{"id":"application-manageresources-display-component---newResourceUnit--PLANNING_GROUP","interaction":{"idSuffix":"inner"}},"clearTextFirst":true,"interactionType":"ENTER_TEXT"}]}
RESULT: {}
RESULT: {"script":"<script> [776 bytes]","args":[{"enterText":"Heavy Equi","selector":{"id":"application-manageresources-display-component---newResourceUnit--PLANNING_GROUP","interaction":{"idSuffix":"inner"}},"clearTextFirst":true,"interactionType":"ENTER_TEXT"}]}
COMMAND: POST /session/153c6080784a3c0ed5a7a3a51a23aea7/execute/async - {"script":"<script> [1562 bytes]","args":[{"selector":{"id":"application-manageresources-display-component---newResourceUnit--ITEM_TYPE-arrow"},"wdio_ui5_key":"applicationmanageresources-display-component---newResourceUnit--ITEM_TYPE-arrow"}]}
RESULT: {"script":"<script> [1562 bytes]","args":[{"selector":{"id":"application-manageresources-display-component---newResourceUnit--ITEM_TYPE-arrow"},"wdio_ui5_key":"applicationmanageresources-display-component---newResourceUnit--ITEM_TYPE-arrow"}]}
RESULT: undefined
COMMAND: POST /session/153c6080784a3c0ed5a7a3a51a23aea7/element - {"using":"xpath","value":"//*[@id=\"application-manageresources-display-component---newResourceUnit--ITEM_TYPE-arrow\"]"}
RESULT: {"using":"xpath","value":"//*[@id=\"application-manageresources-display-component---newResourceUnit--ITEM_TYPE-arrow\"]"}
COMMAND: POST /session/153c6080784a3c0ed5a7a3a51a23aea7/element/f.2D07FE98EF058A5017333A18E496C5C8.d.E922E150E5578D71880D97C4B5862113.e.9007/click - {}
RESULT: {}
COMMAND: POST /session/153c6080784a3c0ed5a7a3a51a23aea7/element - {"using":"xpath","value":"//ul[contains(@id,\"ITEM_TYPE-popup-list-listUl\")]//li[.//span[contains(text(),\"Resource Unit\")]]"}
COMMAND: GET /session/153c6080784a3c0ed5a7a3a51a23aea7/screenshot - {}
RESULT: {"using":"xpath","value":"//ul[contains(@id,\"ITEM_TYPE-popup-list-listUl\")]//li[.//span[contains(text(),\"Resource Unit\")]]"}
COMMAND: POST /session/153c6080784a3c0ed5a7a3a51a23aea7/element/f.2D07FE98EF058A5017333A18E496C5C8.d.E922E150E5578D71880D97C4B5862113.e.9008/click - {}
RESULT: {}
RESULT: {}
COMMAND: GET /session/153c6080784a3c0ed5a7a3a51a23aea7/screenshot - {}
RESULT: {}
COMMAND: POST /session/153c6080784a3c0ed5a7a3a51a23aea7/element - {"using":"css selector","value":"#application-manageresources-display-component---newResourceUnit--btnAddTimeSegment"}
RESULT: {"using":"css selector","value":"#application-manageresources-display-component---newResourceUnit--btnAddTimeSegment"}
COMMAND: GET /session/153c6080784a3c0ed5a7a3a51a23aea7/element/f.2D07FE98EF058A5017333A18E496C5C8.d.E922E150E5578D71880D97C4B5862113.e.9015/rect - {}
RESULT: {}
COMMAND: GET /session/153c6080784a3c0ed5a7a3a51a23aea7/window/rect - {}
RESULT: {}
COMMAND: POST /session/153c6080784a3c0ed5a7a3a51a23aea7/execute/sync - {"script":"<script> [92 bytes]","args":[]}
RESULT: {"script":"<script> [92 bytes]","args":[]}
COMMAND: POST /session/153c6080784a3c0ed5a7a3a51a23aea7/actions - {"actions":[{"id":"action26","type":"wheel","parameters":{},"actions":[{"type":"scroll","x":-1888,"y":-32,"deltaX":0,"deltaY":0,"duration":0,"origin":{"element-6066-11e4-a52e-4f735466cecf":"f.2D07FE98EF058A5017333A18E496C5C8.d.E922E150E5578D71880D97C4B5862113.e.9015"}}]}]}
COMMAND: GET /session/153c6080784a3c0ed5a7a3a51a23aea7/screenshot - {}
RESULT: {}
COMMAND: POST /session/153c6080784a3c0ed5a7a3a51a23aea7/execute/sync - {"script":"<script> [79 bytes]","args":[{"element-6066-11e4-a52e-4f735466cecf":"f.2D07FE98EF058A5017333A18E496C5C8.d.E922E150E5578D71880D97C4B5862113.e.9015","ELEMENT":"f.2D07FE98EF058A5017333A18E496C5C8.d.E922E150E5578D71880D97C4B5862113.e.9015"},{"block":"start","inline":"nearest"}]}
RESULT: {"script":"<script> [79 bytes]","args":[{"element-6066-11e4-a52e-4f735466cecf":"f.2D07FE98EF058A5017333A18E496C5C8.d.E922E150E5578D71880D97C4B5862113.e.9015","ELEMENT":"f.2D07FE98EF058A5017333A18E496C5C8.d.E922E150E5578D71880D97C4B5862113.e.9015"},{"block":"start","inline":"nearest"}]}
COMMAND: POST /session/153c6080784a3c0ed5a7a3a51a23aea7/execute/async - {"script":"<script> [1562 bytes]","args":[{"selector":{"id":"application-manageresources-display-component---newResourceUnit--btnAddTimeSegment","interaction":{"idSuffix":"inner"}},"wdio_ui5_key":"applicationmanageresources-display-component---newResourceUnit--btnAddTimeSegment"}]}
COMMAND: GET /session/153c6080784a3c0ed5a7a3a51a23aea7/screenshot - {}
RESULT: {"script":"<script> [1562 bytes]","args":[{"selector":{"id":"application-manageresources-display-component---newResourceUnit--btnAddTimeSegment","interaction":{"idSuffix":"inner"}},"wdio_ui5_key":"applicationmanageresources-display-component---newResourceUnit--btnAddTimeSegment"}]}
RESULT: undefined
COMMAND: POST /session/153c6080784a3c0ed5a7a3a51a23aea7/element - {"using":"xpath","value":"//*[@id=\"application-manageresources-display-component---newResourceUnit--btnAddTimeSegment\"]"}
RESULT: {}
RESULT: {"using":"xpath","value":"//*[@id=\"application-manageresources-display-component---newResourceUnit--btnAddTimeSegment\"]"}
COMMAND: POST /session/153c6080784a3c0ed5a7a3a51a23aea7/element/f.2D07FE98EF058A5017333A18E496C5C8.d.E922E150E5578D71880D97C4B5862113.e.9015/click - {}
RESULT: {}
COMMAND: GET /session/153c6080784a3c0ed5a7a3a51a23aea7/screenshot - {}
RESULT: {}
COMMAND: POST /session/153c6080784a3c0ed5a7a3a51a23aea7/element - {"using":"xpath","value":"//input[@id=\"application-manageresources-display-component---newResourceUnit--idRuTSAdmin-application-manageresources-display-component---newResourceUnit--RUTimeSegment-0-inner\"]"}
RESULT: {"using":"xpath","value":"//input[@id=\"application-manageresources-display-component---newResourceUnit--idRuTSAdmin-application-manageresources-display-component---newResourceUnit--RUTimeSegment-0-inner\"]"}
COMMAND: POST /session/153c6080784a3c0ed5a7a3a51a23aea7/element/f.2D07FE98EF058A5017333A18E496C5C8.d.E922E150E5578D71880D97C4B5862113.e.9021/clear - {}
RESULT: {}
COMMAND: POST /session/153c6080784a3c0ed5a7a3a51a23aea7/element/f.2D07FE98EF058A5017333A18E496C5C8.d.E922E150E5578D71880D97C4B5862113.e.9021/value - {"text":"667"}
COMMAND: GET /session/153c6080784a3c0ed5a7a3a51a23aea7/screenshot - {}
RESULT: {"text":"667"}
COMMAND: GET /session/153c6080784a3c0ed5a7a3a51a23aea7/screenshot - {}
RESULT: {}
RESULT: {}
COMMAND: POST /session/153c6080784a3c0ed5a7a3a51a23aea7/element - {"using":"xpath","value":"//li[.//span[text()='667']]"}
RESULT: {"using":"xpath","value":"//li[.//span[text()='667']]"}
COMMAND: POST /session/153c6080784a3c0ed5a7a3a51a23aea7/element/f.2D07FE98EF058A5017333A18E496C5C8.d.E922E150E5578D71880D97C4B5862113.e.9033/click - {}
RESULT: {}
COMMAND: GET /session/153c6080784a3c0ed5a7a3a51a23aea7/screenshot - {}
RESULT: {}
COMMAND: POST /session/153c6080784a3c0ed5a7a3a51a23aea7/element - {"using":"xpath","value":"(//span[contains(@id, \"-application-manageresources-display-component---newResourceUnit--RUTimeSegment-0-arrow\")])[6]"}
RESULT: {"using":"xpath","value":"(//span[contains(@id, \"-application-manageresources-display-component---newResourceUnit--RUTimeSegment-0-arrow\")])[6]"}
COMMAND: POST /session/153c6080784a3c0ed5a7a3a51a23aea7/element/f.2D07FE98EF058A5017333A18E496C5C8.d.E922E150E5578D71880D97C4B5862113.e.9034/click - {}
RESULT: {}
COMMAND: GET /session/153c6080784a3c0ed5a7a3a51a23aea7/screenshot - {}
RESULT: {}
COMMAND: POST /session/153c6080784a3c0ed5a7a3a51a23aea7/element - {"using":"xpath","value":"//span[contains(text(), \"PM Order\")]"}
RESULT: {"using":"xpath","value":"//span[contains(text(), \"PM Order\")]"}
COMMAND: POST /session/153c6080784a3c0ed5a7a3a51a23aea7/element/f.2D07FE98EF058A5017333A18E496C5C8.d.E922E150E5578D71880D97C4B5862113.e.9037/click - {}
RESULT: {}
COMMAND: GET /session/153c6080784a3c0ed5a7a3a51a23aea7/screenshot - {}
RESULT: {}
COMMAND: POST /session/153c6080784a3c0ed5a7a3a51a23aea7/element - {"using":"xpath","value":"(//span[contains(@id ,\"manageresources-display-component---newResourceUnit--RUTimeSegment-0-vhi\")])[1]"}
RESULT: {"using":"xpath","value":"(//span[contains(@id ,\"manageresources-display-component---newResourceUnit--RUTimeSegment-0-vhi\")])[1]"}
COMMAND: GET /session/153c6080784a3c0ed5a7a3a51a23aea7/element/f.2D07FE98EF058A5017333A18E496C5C8.d.E922E150E5578D71880D97C4B5862113.e.9041/rect - {}
RESULT: {}
COMMAND: GET /session/153c6080784a3c0ed5a7a3a51a23aea7/window/rect - {}
RESULT: {}
COMMAND: POST /session/153c6080784a3c0ed5a7a3a51a23aea7/execute/sync - {"script":"<script> [92 bytes]","args":[]}
RESULT: {"script":"<script> [92 bytes]","args":[]}
COMMAND: POST /session/153c6080784a3c0ed5a7a3a51a23aea7/actions - {"actions":[{"id":"action27","type":"wheel","parameters":{},"actions":[{"type":"scroll","x":-869,"y":-24,"deltaX":0,"deltaY":0,"duration":0,"origin":{"element-6066-11e4-a52e-4f735466cecf":"f.2D07FE98EF058A5017333A18E496C5C8.d.E922E150E5578D71880D97C4B5862113.e.9041"}}]}]}
COMMAND: GET /session/153c6080784a3c0ed5a7a3a51a23aea7/screenshot - {}
RESULT: {"actions":[{"id":"action27","type":"wheel","parameters":{},"actions":[{"type":"scroll","x":-869,"y":-24,"deltaX":0,"deltaY":0,"duration":0,"origin":{"element-6066-11e4-a52e-4f735466cecf":"f.2D07FE98EF058A5017333A18E496C5C8.d.E922E150E5578D71880D97C4B5862113.e.9041"}}]}]}
COMMAND: DELETE /session/153c6080784a3c0ed5a7a3a51a23aea7/actions - {}
COMMAND: GET /session/153c6080784a3c0ed5a7a3a51a23aea7/screenshot - {}
RESULT: {}
RESULT: {}
COMMAND: GET /session/153c6080784a3c0ed5a7a3a51a23aea7/screenshot - {}
RESULT: {}
RESULT: {}
COMMAND: POST /session/153c6080784a3c0ed5a7a3a51a23aea7/element/f.2D07FE98EF058A5017333A18E496C5C8.d.E922E150E5578D71880D97C4B5862113.e.9041/click - {}
RESULT: {}
COMMAND: GET /session/153c6080784a3c0ed5a7a3a51a23aea7/screenshot - {}
RESULT: {}
RESULT: undefined
COMMAND: POST /session/153c6080784a3c0ed5a7a3a51a23aea7/execute/async - {"script":"<script> [776 bytes]","args":[{"enterText":"4000360","selector":{"controlType":"sap.m.SearchField","properties":{"placeholder":"Search"},"searchOpenDialogs":true,"interaction":{"idSuffix":"I"}},"clearTextFirst":true,"interactionType":"ENTER_TEXT"}]}
RESULT: {"script":"<script> [776 bytes]","args":[{"enterText":"4000360","selector":{"controlType":"sap.m.SearchField","properties":{"placeholder":"Search"},"searchOpenDialogs":true,"interaction":{"idSuffix":"I"}},"clearTextFirst":true,"interactionType":"ENTER_TEXT"}]}
COMMAND: POST /session/153c6080784a3c0ed5a7a3a51a23aea7/actions - {"actions":[{"id":"action28","type":"key","parameters":{},"actions":[{"type":"keyDown","value":"î€‡"},{"type":"pause","duration":10},{"type":"keyUp","value":"î€‡"}]}]}
RESULT: {"actions":[{"id":"action28","type":"key","parameters":{},"actions":[{"type":"keyDown","value":"î€‡"},{"type":"pause","duration":10},{"type":"keyUp","value":"î€‡"}]}]}
COMMAND: GET /session/153c6080784a3c0ed5a7a3a51a23aea7/screenshot - {}
RESULT: {}
COMMAND: POST /session/153c6080784a3c0ed5a7a3a51a23aea7/element - {"using":"xpath","value":"//td/div/span[contains(text(), \"BGL Vehicles\")]"}
RESULT: {"using":"xpath","value":"//td/div/span[contains(text(), \"BGL Vehicles\")]"}
COMMAND: POST /session/153c6080784a3c0ed5a7a3a51a23aea7/element/f.2D07FE98EF058A5017333A18E496C5C8.d.E922E150E5578D71880D97C4B5862113.e.9061/click - {}
RESULT: {}
COMMAND: GET /session/153c6080784a3c0ed5a7a3a51a23aea7/screenshot - {}
RESULT: {}
COMMAND: POST /session/153c6080784a3c0ed5a7a3a51a23aea7/element - {"using":"xpath","value":"//bdi[contains(text(), \"OK\")]"}
RESULT: {"using":"xpath","value":"//bdi[contains(text(), \"OK\")]"}
COMMAND: POST /session/153c6080784a3c0ed5a7a3a51a23aea7/element/f.2D07FE98EF058A5017333A18E496C5C8.d.E922E150E5578D71880D97C4B5862113.e.9062/click - {}
RESULT: {}
COMMAND: GET /session/153c6080784a3c0ed5a7a3a51a23aea7/screenshot - {}
RESULT: {}
COMMAND: POST /session/153c6080784a3c0ed5a7a3a51a23aea7/execute/async - {"script":"<script> [1562 bytes]","args":[{"selector":{"id":"application-manageresources-display-component---newResourceUnit--newRRUPage-anchBar-application-manageresources-display-component---newResourceUnit--resource-anchor","interaction":{"idSuffix":"BDI-content"}},"wdio_ui5_key":"applicationmanageresources-display-component---newResourceUnit--newRRUPage-anchBar-application-manageresources-display-component---newResourceUnit--resource-anchor"}]}
RESULT: {"script":"<script> [1562 bytes]","args":[{"selector":{"id":"application-manageresources-display-component---newResourceUnit--newRRUPage-anchBar-application-manageresources-display-component---newResourceUnit--resource-anchor","interaction":{"idSuffix":"BDI-content"}},"wdio_ui5_key":"applicationmanageresources-display-component---newResourceUnit--newRRUPage-anchBar-application-manageresources-display-component---newResourceUnit--resource-anchor"}]}
RESULT: undefined
COMMAND: POST /session/153c6080784a3c0ed5a7a3a51a23aea7/element - {"using":"xpath","value":"//*[@id=\"application-manageresources-display-component---newResourceUnit--newRRUPage-anchBar-application-manageresources-display-component---newResourceUnit--resource-anchor\"]"}
RESULT: {"using":"xpath","value":"//*[@id=\"application-manageresources-display-component---newResourceUnit--newRRUPage-anchBar-application-manageresources-display-component---newResourceUnit--resource-anchor\"]"}
COMMAND: POST /session/153c6080784a3c0ed5a7a3a51a23aea7/element/f.2D07FE98EF058A5017333A18E496C5C8.d.E922E150E5578D71880D97C4B5862113.e.9066/click - {}
RESULT: {}
COMMAND: POST /session/153c6080784a3c0ed5a7a3a51a23aea7/execute/async - {"script":"<script> [1562 bytes]","args":[{"selector":{"id":"application-manageresources-display-component---newResourceUnit--PLANNED_DELIVERY_DATE","interaction":{"idSuffix":"inner"}},"wdio_ui5_key":"applicationmanageresources-display-component---newResourceUnit--PLANNED_DELIVERY_DATE"}]}
COMMAND: GET /session/153c6080784a3c0ed5a7a3a51a23aea7/screenshot - {}
RESULT: {"script":"<script> [1562 bytes]","args":[{"selector":{"id":"application-manageresources-display-component---newResourceUnit--PLANNED_DELIVERY_DATE","interaction":{"idSuffix":"inner"}},"wdio_ui5_key":"applicationmanageresources-display-component---newResourceUnit--PLANNED_DELIVERY_DATE"}]}
RESULT: undefined
COMMAND: POST /session/153c6080784a3c0ed5a7a3a51a23aea7/execute/async - {"script":"<script> [6424 bytes]","args":[{"element-6066-11e4-a52e-4f735466cecf":"f.2D07FE98EF058A5017333A18E496C5C8.d.E922E150E5578D71880D97C4B5862113.e.8897"},"setValue",["6/4/25"]]}
RESULT: {}
RESULT: {"script":"<script> [6424 bytes]","args":[{"element-6066-11e4-a52e-4f735466cecf":"f.2D07FE98EF058A5017333A18E496C5C8.d.E922E150E5578D71880D97C4B5862113.e.8897"},"setValue",["6/4/25"]]}
COMMAND: POST /session/153c6080784a3c0ed5a7a3a51a23aea7/element - {"using":"xpath","value":"//label[contains(@class, 'sapMLabelRequired') and .//bdi[contains(text(), 'Planned Retirement')]]"}
RESULT: {"using":"xpath","value":"//label[contains(@class, 'sapMLabelRequired') and .//bdi[contains(text(), 'Planned Retirement')]]"}
COMMAND: POST /session/153c6080784a3c0ed5a7a3a51a23aea7/elements - {"using":"xpath","value":"//label[contains(@class, 'sapMLabelRequired') and .//bdi[contains(text(), 'Planned Retirement')]]"}
RESULT: {"using":"xpath","value":"//label[contains(@class, 'sapMLabelRequired') and .//bdi[contains(text(), 'Planned Retirement')]]"}
COMMAND: POST /session/153c6080784a3c0ed5a7a3a51a23aea7/element - {"using":"xpath","value":"//button[@data-kt=\"resourceUnitSaveButton\"]"}
RESULT: {"using":"xpath","value":"//button[@data-kt=\"resourceUnitSaveButton\"]"}
COMMAND: POST /session/153c6080784a3c0ed5a7a3a51a23aea7/element/f.2D07FE98EF058A5017333A18E496C5C8.d.E922E150E5578D71880D97C4B5862113.e.8857/click - {}
RESULT: {}
COMMAND: GET /session/153c6080784a3c0ed5a7a3a51a23aea7/screenshot - {}
RESULT: {}
COMMAND: POST /session/153c6080784a3c0ed5a7a3a51a23aea7/element - {"using":"xpath","value":"//bdi[contains(text(), \"Close\")]"}
RESULT: {"using":"xpath","value":"//bdi[contains(text(), \"Close\")]"}
COMMAND: POST /session/153c6080784a3c0ed5a7a3a51a23aea7/element/f.2D07FE98EF058A5017333A18E496C5C8.d.E922E150E5578D71880D97C4B5862113.e.9074/click - {}
RESULT: {}
COMMAND: GET /session/153c6080784a3c0ed5a7a3a51a23aea7/screenshot - {}
RESULT: {}
COMMAND: POST /session/153c6080784a3c0ed5a7a3a51a23aea7/element - {"using":"xpath","value":"(//button[contains(@id ,\"actionsToolbar-overflowButton\")])[1]"}
RESULT: {"using":"xpath","value":"(//button[contains(@id ,\"actionsToolbar-overflowButton\")])[1]"}
COMMAND: POST /session/153c6080784a3c0ed5a7a3a51a23aea7/element/f.2D07FE98EF058A5017333A18E496C5C8.d.E922E150E5578D71880D97C4B5862113.e.9131/click - {}
RESULT: {}
COMMAND: GET /session/153c6080784a3c0ed5a7a3a51a23aea7/screenshot - {}
RESULT: {}
COMMAND: POST /session/153c6080784a3c0ed5a7a3a51a23aea7/element - {"using":"xpath","value":"//button[@data-kt=\"priceInfoButton\"]"}
RESULT: {"using":"xpath","value":"//button[@data-kt=\"priceInfoButton\"]"}
COMMAND: POST /session/153c6080784a3c0ed5a7a3a51a23aea7/element/f.2D07FE98EF058A5017333A18E496C5C8.d.E922E150E5578D71880D97C4B5862113.e.9133/click - {}
RESULT: {}
COMMAND: GET /session/153c6080784a3c0ed5a7a3a51a23aea7/screenshot - {}
]]></system-out>
    </testcase>
    <testcase classname="chrome.137_0_7151_56.windows.Billing_Transfer_-_Intracompany_US127249" name="Should create a pricing procedure" time="59.786">
      <system-out><![CDATA[
COMMAND: POST /session/153c6080784a3c0ed5a7a3a51a23aea7/element - {"using":"xpath","value":"//button[@data-kt=\"addButton\"]"}
RESULT: {}
RESULT: {"using":"xpath","value":"//button[@data-kt=\"addButton\"]"}
COMMAND: POST /session/153c6080784a3c0ed5a7a3a51a23aea7/elements - {"using":"xpath","value":"//button[@data-kt=\"addButton\"]"}
RESULT: {"using":"xpath","value":"//button[@data-kt=\"addButton\"]"}
COMMAND: POST /session/153c6080784a3c0ed5a7a3a51a23aea7/execute/sync - {"script":"<script> [8489 bytes]","args":[{"element-6066-11e4-a52e-4f735466cecf":"f.2D07FE98EF058A5017333A18E496C5C8.d.E922E150E5578D71880D97C4B5862113.e.9171","ELEMENT":"f.2D07FE98EF058A5017333A18E496C5C8.d.E922E150E5578D71880D97C4B5862113.e.9171"}]}
RESULT: {"script":"<script> [8489 bytes]","args":[{"element-6066-11e4-a52e-4f735466cecf":"f.2D07FE98EF058A5017333A18E496C5C8.d.E922E150E5578D71880D97C4B5862113.e.9171","ELEMENT":"f.2D07FE98EF058A5017333A18E496C5C8.d.E922E150E5578D71880D97C4B5862113.e.9171"}]}
COMMAND: GET /session/153c6080784a3c0ed5a7a3a51a23aea7/element/f.2D07FE98EF058A5017333A18E496C5C8.d.E922E150E5578D71880D97C4B5862113.e.9171/enabled - {}
COMMAND: GET /session/153c6080784a3c0ed5a7a3a51a23aea7/screenshot - {}
RESULT: {}
COMMAND: POST /session/153c6080784a3c0ed5a7a3a51a23aea7/execute/sync - {"script":"<script> [8489 bytes]","args":[{"element-6066-11e4-a52e-4f735466cecf":"f.2D07FE98EF058A5017333A18E496C5C8.d.E922E150E5578D71880D97C4B5862113.e.9171","ELEMENT":"f.2D07FE98EF058A5017333A18E496C5C8.d.E922E150E5578D71880D97C4B5862113.e.9171"}]}
COMMAND: GET /session/153c6080784a3c0ed5a7a3a51a23aea7/screenshot - {}
RESULT: {}
RESULT: {"script":"<script> [8489 bytes]","args":[{"element-6066-11e4-a52e-4f735466cecf":"f.2D07FE98EF058A5017333A18E496C5C8.d.E922E150E5578D71880D97C4B5862113.e.9171","ELEMENT":"f.2D07FE98EF058A5017333A18E496C5C8.d.E922E150E5578D71880D97C4B5862113.e.9171"}]}
COMMAND: POST /session/153c6080784a3c0ed5a7a3a51a23aea7/execute/sync - {"script":"<script> [5351 bytes]","args":[{"element-6066-11e4-a52e-4f735466cecf":"f.2D07FE98EF058A5017333A18E496C5C8.d.E922E150E5578D71880D97C4B5862113.e.9171","ELEMENT":"f.2D07FE98EF058A5017333A18E496C5C8.d.E922E150E5578D71880D97C4B5862113.e.9171"}]}
COMMAND: GET /session/153c6080784a3c0ed5a7a3a51a23aea7/screenshot - {}
RESULT: {}
RESULT: {"script":"<script> [5351 bytes]","args":[{"element-6066-11e4-a52e-4f735466cecf":"f.2D07FE98EF058A5017333A18E496C5C8.d.E922E150E5578D71880D97C4B5862113.e.9171","ELEMENT":"f.2D07FE98EF058A5017333A18E496C5C8.d.E922E150E5578D71880D97C4B5862113.e.9171"}]}
COMMAND: POST /session/153c6080784a3c0ed5a7a3a51a23aea7/element/f.2D07FE98EF058A5017333A18E496C5C8.d.E922E150E5578D71880D97C4B5862113.e.9171/click - {}
COMMAND: GET /session/153c6080784a3c0ed5a7a3a51a23aea7/screenshot - {}
RESULT: {}
RESULT: {}
COMMAND: GET /session/153c6080784a3c0ed5a7a3a51a23aea7/screenshot - {}
RESULT: {}
RESULT: {}
COMMAND: POST /session/153c6080784a3c0ed5a7a3a51a23aea7/execute/async - {"script":"<script> [1562 bytes]","args":[{"selector":{"controlType":"sap.m.Title","viewName":"etm.portal.ui.managepricingrules.view.NewItem","viewId":"application-managepricingrules-display-component---newInfoPriceItem","properties":{"text":"New Pricing Rules - Item Level"}},"wdio_ui5_key":"etmportal.ui.managepricingrules.view.NewItemsap.m.Title{\"text\":\"New Pricing Rules - Item Level\"}"}]}
RESULT: {"script":"<script> [1562 bytes]","args":[{"selector":{"controlType":"sap.m.Title","viewName":"etm.portal.ui.managepricingrules.view.NewItem","viewId":"application-managepricingrules-display-component---newInfoPriceItem","properties":{"text":"New Pricing Rules - Item Level"}},"wdio_ui5_key":"etmportal.ui.managepricingrules.view.NewItemsap.m.Title{\"text\":\"New Pricing Rules - Item Level\"}"}]}
RESULT: undefined
COMMAND: POST /session/153c6080784a3c0ed5a7a3a51a23aea7/execute/async - {"script":"<script> [6424 bytes]","args":[{"element-6066-11e4-a52e-4f735466cecf":"f.2D07FE98EF058A5017333A18E496C5C8.d.E922E150E5578D71880D97C4B5862113.e.9297"},"getText",[]]}
RESULT: {"script":"<script> [6424 bytes]","args":[{"element-6066-11e4-a52e-4f735466cecf":"f.2D07FE98EF058A5017333A18E496C5C8.d.E922E150E5578D71880D97C4B5862113.e.9297"},"getText",[]]}
COMMAND: POST /session/153c6080784a3c0ed5a7a3a51a23aea7/execute/async - {"script":"<script> [1562 bytes]","args":[{"selector":{"id":"application-managepricingrules-display-component---newInfoPriceItem--condValidTo","interaction":{"idSuffix":"inner"}},"wdio_ui5_key":"applicationmanagepricingrules-display-component---newInfoPriceItem--condValidTo"}]}
RESULT: {"script":"<script> [1562 bytes]","args":[{"selector":{"id":"application-managepricingrules-display-component---newInfoPriceItem--condValidTo","interaction":{"idSuffix":"inner"}},"wdio_ui5_key":"applicationmanagepricingrules-display-component---newInfoPriceItem--condValidTo"}]}
RESULT: undefined
COMMAND: POST /session/153c6080784a3c0ed5a7a3a51a23aea7/execute/async - {"script":"<script> [776 bytes]","args":[{"enterText":"2/4/26","selector":{"id":"application-managepricingrules-display-component---newInfoPriceItem--condValidTo","interaction":{"idSuffix":"inner"}},"clearTextFirst":true,"interactionType":"ENTER_TEXT"}]}
RESULT: {"script":"<script> [776 bytes]","args":[{"enterText":"2/4/26","selector":{"id":"application-managepricingrules-display-component---newInfoPriceItem--condValidTo","interaction":{"idSuffix":"inner"}},"clearTextFirst":true,"interactionType":"ENTER_TEXT"}]}
COMMAND: POST /session/153c6080784a3c0ed5a7a3a51a23aea7/execute/async - {"script":"<script> [1562 bytes]","args":[{"selector":{"id":"application-managepricingrules-display-component---newInfoPriceItem--billType-arrow"},"wdio_ui5_key":"applicationmanagepricingrules-display-component---newInfoPriceItem--billType-arrow"}]}
RESULT: {"script":"<script> [1562 bytes]","args":[{"selector":{"id":"application-managepricingrules-display-component---newInfoPriceItem--billType-arrow"},"wdio_ui5_key":"applicationmanagepricingrules-display-component---newInfoPriceItem--billType-arrow"}]}
RESULT: undefined
COMMAND: POST /session/153c6080784a3c0ed5a7a3a51a23aea7/element - {"using":"xpath","value":"//*[@id=\"application-managepricingrules-display-component---newInfoPriceItem--billType-arrow\"]"}
RESULT: {"using":"xpath","value":"//*[@id=\"application-managepricingrules-display-component---newInfoPriceItem--billType-arrow\"]"}
COMMAND: POST /session/153c6080784a3c0ed5a7a3a51a23aea7/element/f.2D07FE98EF058A5017333A18E496C5C8.d.E922E150E5578D71880D97C4B5862113.e.9299/click - {}
RESULT: {}
COMMAND: POST /session/153c6080784a3c0ed5a7a3a51a23aea7/element - {"using":"xpath","value":"//span[contains(text(), \"TB - Time based\")]"}
COMMAND: GET /session/153c6080784a3c0ed5a7a3a51a23aea7/screenshot - {}
RESULT: {"using":"xpath","value":"//span[contains(text(), \"TB - Time based\")]"}
COMMAND: POST /session/153c6080784a3c0ed5a7a3a51a23aea7/element/f.2D07FE98EF058A5017333A18E496C5C8.d.E922E150E5578D71880D97C4B5862113.e.9300/click - {}
RESULT: {}
RESULT: {}
COMMAND: POST /session/153c6080784a3c0ed5a7a3a51a23aea7/execute/async - {"script":"<script> [1562 bytes]","args":[{"selector":{"id":"application-managepricingrules-display-component---newInfoPriceItem--priceProc-arrow"},"wdio_ui5_key":"applicationmanagepricingrules-display-component---newInfoPriceItem--priceProc-arrow"}]}
COMMAND: GET /session/153c6080784a3c0ed5a7a3a51a23aea7/screenshot - {}
RESULT: {"script":"<script> [1562 bytes]","args":[{"selector":{"id":"application-managepricingrules-display-component---newInfoPriceItem--priceProc-arrow"},"wdio_ui5_key":"applicationmanagepricingrules-display-component---newInfoPriceItem--priceProc-arrow"}]}
RESULT: undefined
COMMAND: POST /session/153c6080784a3c0ed5a7a3a51a23aea7/element - {"using":"xpath","value":"//*[@id=\"application-managepricingrules-display-component---newInfoPriceItem--priceProc-arrow\"]"}
RESULT: {}
RESULT: {"using":"xpath","value":"//*[@id=\"application-managepricingrules-display-component---newInfoPriceItem--priceProc-arrow\"]"}
COMMAND: POST /session/153c6080784a3c0ed5a7a3a51a23aea7/element/f.2D07FE98EF058A5017333A18E496C5C8.d.E922E150E5578D71880D97C4B5862113.e.9301/click - {}
RESULT: {}
COMMAND: POST /session/153c6080784a3c0ed5a7a3a51a23aea7/element - {"using":"xpath","value":"//span[contains(text(), \"TBS - Time based standard\")]"}
COMMAND: GET /session/153c6080784a3c0ed5a7a3a51a23aea7/screenshot - {}
RESULT: {"using":"xpath","value":"//span[contains(text(), \"TBS - Time based standard\")]"}
COMMAND: POST /session/153c6080784a3c0ed5a7a3a51a23aea7/element/f.2D07FE98EF058A5017333A18E496C5C8.d.E922E150E5578D71880D97C4B5862113.e.9302/click - {}
RESULT: {}
RESULT: {}
COMMAND: POST /session/153c6080784a3c0ed5a7a3a51a23aea7/execute/async - {"script":"<script> [1562 bytes]","args":[{"selector":{"id":"application-managepricingrules-display-component---newInfoPriceItem--calcBase-arrow"},"wdio_ui5_key":"applicationmanagepricingrules-display-component---newInfoPriceItem--calcBase-arrow"}]}
COMMAND: GET /session/153c6080784a3c0ed5a7a3a51a23aea7/screenshot - {}
RESULT: {"script":"<script> [1562 bytes]","args":[{"selector":{"id":"application-managepricingrules-display-component---newInfoPriceItem--calcBase-arrow"},"wdio_ui5_key":"applicationmanagepricingrules-display-component---newInfoPriceItem--calcBase-arrow"}]}
RESULT: undefined
COMMAND: POST /session/153c6080784a3c0ed5a7a3a51a23aea7/element - {"using":"xpath","value":"//*[@id=\"application-managepricingrules-display-component---newInfoPriceItem--calcBase-arrow\"]"}
RESULT: {}
RESULT: {"using":"xpath","value":"//*[@id=\"application-managepricingrules-display-component---newInfoPriceItem--calcBase-arrow\"]"}
COMMAND: POST /session/153c6080784a3c0ed5a7a3a51a23aea7/element/f.2D07FE98EF058A5017333A18E496C5C8.d.E922E150E5578D71880D97C4B5862113.e.9272/click - {}
RESULT: {}
COMMAND: GET /session/153c6080784a3c0ed5a7a3a51a23aea7/screenshot - {}
RESULT: {}
COMMAND: POST /session/153c6080784a3c0ed5a7a3a51a23aea7/element - {"using":"xpath","value":"//span[contains(text(), \"0006 - TB(calendar days)\")]"}
RESULT: {"using":"xpath","value":"//span[contains(text(), \"0006 - TB(calendar days)\")]"}
COMMAND: POST /session/153c6080784a3c0ed5a7a3a51a23aea7/element/f.2D07FE98EF058A5017333A18E496C5C8.d.E922E150E5578D71880D97C4B5862113.e.9303/click - {}
RESULT: {}
COMMAND: GET /session/153c6080784a3c0ed5a7a3a51a23aea7/screenshot - {}
RESULT: {}
COMMAND: POST /session/153c6080784a3c0ed5a7a3a51a23aea7/execute/async - {"script":"<script> [1562 bytes]","args":[{"selector":{"id":"application-managepricingrules-display-component---newInfoPriceItem--daysMonth","interaction":{"idSuffix":"inner"}},"wdio_ui5_key":"applicationmanagepricingrules-display-component---newInfoPriceItem--daysMonth"}]}
RESULT: {"script":"<script> [1562 bytes]","args":[{"selector":{"id":"application-managepricingrules-display-component---newInfoPriceItem--daysMonth","interaction":{"idSuffix":"inner"}},"wdio_ui5_key":"applicationmanagepricingrules-display-component---newInfoPriceItem--daysMonth"}]}
RESULT: undefined
COMMAND: POST /session/153c6080784a3c0ed5a7a3a51a23aea7/execute/async - {"script":"<script> [776 bytes]","args":[{"enterText":"30","selector":{"id":"application-managepricingrules-display-component---newInfoPriceItem--daysMonth","interaction":{"idSuffix":"inner"}},"clearTextFirst":true,"interactionType":"ENTER_TEXT"}]}
RESULT: {"script":"<script> [776 bytes]","args":[{"enterText":"30","selector":{"id":"application-managepricingrules-display-component---newInfoPriceItem--daysMonth","interaction":{"idSuffix":"inner"}},"clearTextFirst":true,"interactionType":"ENTER_TEXT"}]}
COMMAND: POST /session/153c6080784a3c0ed5a7a3a51a23aea7/element - {"using":"xpath","value":"//button[@data-kt=\"saveNewRuleButton\"]"}
RESULT: {"using":"xpath","value":"//button[@data-kt=\"saveNewRuleButton\"]"}
COMMAND: POST /session/153c6080784a3c0ed5a7a3a51a23aea7/element/f.2D07FE98EF058A5017333A18E496C5C8.d.E922E150E5578D71880D97C4B5862113.e.9284/click - {}
RESULT: {}
COMMAND: GET /session/153c6080784a3c0ed5a7a3a51a23aea7/screenshot - {}
RESULT: {}
COMMAND: POST /session/153c6080784a3c0ed5a7a3a51a23aea7/execute/async - {"script":"<script> [1562 bytes]","args":[{"selector":{"id":"application-managepricingrules-display-component---priceInfoItem--smartFilterBar-btnBasicSearch","interaction":{"idSuffix":"I"}},"wdio_ui5_key":"applicationmanagepricingrules-display-component---priceInfoItem--smartFilterBar-btnBasicSearch"}]}
RESULT: {"script":"<script> [1562 bytes]","args":[{"selector":{"id":"application-managepricingrules-display-component---priceInfoItem--smartFilterBar-btnBasicSearch","interaction":{"idSuffix":"I"}},"wdio_ui5_key":"applicationmanagepricingrules-display-component---priceInfoItem--smartFilterBar-btnBasicSearch"}]}
RESULT: undefined
COMMAND: POST /session/153c6080784a3c0ed5a7a3a51a23aea7/execute/async - {"script":"<script> [776 bytes]","args":[{"enterText":"faVIgF3VKQ","selector":{"id":"application-managepricingrules-display-component---priceInfoItem--smartFilterBar-btnBasicSearch","interaction":{"idSuffix":"I"}},"clearTextFirst":true,"interactionType":"ENTER_TEXT"}]}
RESULT: {"script":"<script> [776 bytes]","args":[{"enterText":"faVIgF3VKQ","selector":{"id":"application-managepricingrules-display-component---priceInfoItem--smartFilterBar-btnBasicSearch","interaction":{"idSuffix":"I"}},"clearTextFirst":true,"interactionType":"ENTER_TEXT"}]}
COMMAND: POST /session/153c6080784a3c0ed5a7a3a51a23aea7/actions - {"actions":[{"id":"action29","type":"key","parameters":{},"actions":[{"type":"keyDown","value":"î€‡"},{"type":"pause","duration":10},{"type":"keyUp","value":"î€‡"}]}]}
RESULT: {"actions":[{"id":"action29","type":"key","parameters":{},"actions":[{"type":"keyDown","value":"î€‡"},{"type":"pause","duration":10},{"type":"keyUp","value":"î€‡"}]}]}
COMMAND: GET /session/153c6080784a3c0ed5a7a3a51a23aea7/screenshot - {}
RESULT: {}
COMMAND: POST /session/153c6080784a3c0ed5a7a3a51a23aea7/element - {"using":"xpath","value":"//span[@id=\"application-managepricingrules-display-component---priceInfoItem--smartTable-header-inner\"]"}
RESULT: {"using":"xpath","value":"//span[@id=\"application-managepricingrules-display-component---priceInfoItem--smartTable-header-inner\"]"}
COMMAND: POST /session/153c6080784a3c0ed5a7a3a51a23aea7/elements - {"using":"xpath","value":"//span[@id=\"application-managepricingrules-display-component---priceInfoItem--smartTable-header-inner\"]"}
RESULT: {"using":"xpath","value":"//span[@id=\"application-managepricingrules-display-component---priceInfoItem--smartTable-header-inner\"]"}
COMMAND: POST /session/153c6080784a3c0ed5a7a3a51a23aea7/execute/sync - {"script":"<script> [56 bytes]","args":[{"element-6066-11e4-a52e-4f735466cecf":"f.2D07FE98EF058A5017333A18E496C5C8.d.E922E150E5578D71880D97C4B5862113.e.9327","ELEMENT":"f.2D07FE98EF058A5017333A18E496C5C8.d.E922E150E5578D71880D97C4B5862113.e.9327"}]}
RESULT: {"script":"<script> [56 bytes]","args":[{"element-6066-11e4-a52e-4f735466cecf":"f.2D07FE98EF058A5017333A18E496C5C8.d.E922E150E5578D71880D97C4B5862113.e.9327","ELEMENT":"f.2D07FE98EF058A5017333A18E496C5C8.d.E922E150E5578D71880D97C4B5862113.e.9327"}]}
COMMAND: POST /session/153c6080784a3c0ed5a7a3a51a23aea7/element - {"using":"css selector","value":"#shell-header-logo"}
COMMAND: GET /session/153c6080784a3c0ed5a7a3a51a23aea7/screenshot - {}
RESULT: {"using":"css selector","value":"#shell-header-logo"}
COMMAND: POST /session/153c6080784a3c0ed5a7a3a51a23aea7/element/f.2D07FE98EF058A5017333A18E496C5C8.d.E922E150E5578D71880D97C4B5862113.e.8455/click - {}
RESULT: {}
RESULT: {}
COMMAND: GET /session/153c6080784a3c0ed5a7a3a51a23aea7/screenshot - {}
RESULT: {}
]]></system-out>
    </testcase>
    <testcase classname="chrome.137_0_7151_56.windows.Billing_Transfer_-_Intracompany_US127249" name="Should manage conditions" time="71.694">
      <system-out><![CDATA[
COMMAND: POST /session/153c6080784a3c0ed5a7a3a51a23aea7/execute/async - {"script":"<script> [1562 bytes]","args":[{"selector":{"controlType":"sap.m.GenericTile","properties":{"header":"Manage Conditions & Prices"}},"wdio_ui5_key":"sapm.GenericTile{\"header\":\"Manage Conditions & Prices\"}"}]}
RESULT: {"script":"<script> [1562 bytes]","args":[{"selector":{"controlType":"sap.m.GenericTile","properties":{"header":"Manage Conditions & Prices"}},"wdio_ui5_key":"sapm.GenericTile{\"header\":\"Manage Conditions & Prices\"}"}]}
RESULT: undefined
COMMAND: POST /session/153c6080784a3c0ed5a7a3a51a23aea7/element - {"using":"xpath","value":"//*[@id=\"__tile53\"]"}
RESULT: {"using":"xpath","value":"//*[@id=\"__tile53\"]"}
COMMAND: POST /session/153c6080784a3c0ed5a7a3a51a23aea7/element/f.2D07FE98EF058A5017333A18E496C5C8.d.E922E150E5578D71880D97C4B5862113.e.6168/click - {}
RESULT: {}
COMMAND: GET /session/153c6080784a3c0ed5a7a3a51a23aea7/screenshot - {}
COMMAND: POST /session/153c6080784a3c0ed5a7a3a51a23aea7/elements - {"using":"xpath","value":"//span[text()='Error']"}
RESULT: {}
RESULT: {"using":"xpath","value":"//span[text()='Error']"}
COMMAND: POST /session/153c6080784a3c0ed5a7a3a51a23aea7/element - {"using":"xpath","value":"//button[@aria-label=\"Create\"]"}
RESULT: {"using":"xpath","value":"//button[@aria-label=\"Create\"]"}
COMMAND: POST /session/153c6080784a3c0ed5a7a3a51a23aea7/elements - {"using":"xpath","value":"//button[@aria-label=\"Create\"]"}
RESULT: {"using":"xpath","value":"//button[@aria-label=\"Create\"]"}
COMMAND: POST /session/153c6080784a3c0ed5a7a3a51a23aea7/execute/sync - {"script":"<script> [8489 bytes]","args":[{"element-6066-11e4-a52e-4f735466cecf":"f.2D07FE98EF058A5017333A18E496C5C8.d.E922E150E5578D71880D97C4B5862113.e.9362","ELEMENT":"f.2D07FE98EF058A5017333A18E496C5C8.d.E922E150E5578D71880D97C4B5862113.e.9362"}]}
RESULT: {"script":"<script> [8489 bytes]","args":[{"element-6066-11e4-a52e-4f735466cecf":"f.2D07FE98EF058A5017333A18E496C5C8.d.E922E150E5578D71880D97C4B5862113.e.9362","ELEMENT":"f.2D07FE98EF058A5017333A18E496C5C8.d.E922E150E5578D71880D97C4B5862113.e.9362"}]}
COMMAND: GET /session/153c6080784a3c0ed5a7a3a51a23aea7/element/f.2D07FE98EF058A5017333A18E496C5C8.d.E922E150E5578D71880D97C4B5862113.e.9362/enabled - {}
COMMAND: GET /session/153c6080784a3c0ed5a7a3a51a23aea7/screenshot - {}
RESULT: {}
COMMAND: POST /session/153c6080784a3c0ed5a7a3a51a23aea7/execute/sync - {"script":"<script> [8489 bytes]","args":[{"element-6066-11e4-a52e-4f735466cecf":"f.2D07FE98EF058A5017333A18E496C5C8.d.E922E150E5578D71880D97C4B5862113.e.9362","ELEMENT":"f.2D07FE98EF058A5017333A18E496C5C8.d.E922E150E5578D71880D97C4B5862113.e.9362"}]}
COMMAND: GET /session/153c6080784a3c0ed5a7a3a51a23aea7/screenshot - {}
RESULT: {}
RESULT: {"script":"<script> [8489 bytes]","args":[{"element-6066-11e4-a52e-4f735466cecf":"f.2D07FE98EF058A5017333A18E496C5C8.d.E922E150E5578D71880D97C4B5862113.e.9362","ELEMENT":"f.2D07FE98EF058A5017333A18E496C5C8.d.E922E150E5578D71880D97C4B5862113.e.9362"}]}
COMMAND: POST /session/153c6080784a3c0ed5a7a3a51a23aea7/execute/sync - {"script":"<script> [5351 bytes]","args":[{"element-6066-11e4-a52e-4f735466cecf":"f.2D07FE98EF058A5017333A18E496C5C8.d.E922E150E5578D71880D97C4B5862113.e.9362","ELEMENT":"f.2D07FE98EF058A5017333A18E496C5C8.d.E922E150E5578D71880D97C4B5862113.e.9362"}]}
COMMAND: GET /session/153c6080784a3c0ed5a7a3a51a23aea7/screenshot - {}
RESULT: {}
RESULT: {"script":"<script> [5351 bytes]","args":[{"element-6066-11e4-a52e-4f735466cecf":"f.2D07FE98EF058A5017333A18E496C5C8.d.E922E150E5578D71880D97C4B5862113.e.9362","ELEMENT":"f.2D07FE98EF058A5017333A18E496C5C8.d.E922E150E5578D71880D97C4B5862113.e.9362"}]}
COMMAND: POST /session/153c6080784a3c0ed5a7a3a51a23aea7/element/f.2D07FE98EF058A5017333A18E496C5C8.d.E922E150E5578D71880D97C4B5862113.e.9362/click - {}
COMMAND: GET /session/153c6080784a3c0ed5a7a3a51a23aea7/screenshot - {}
RESULT: {}
RESULT: {}
COMMAND: GET /session/153c6080784a3c0ed5a7a3a51a23aea7/screenshot - {}
RESULT: {}
RESULT: {}
COMMAND: POST /session/153c6080784a3c0ed5a7a3a51a23aea7/actions - {"actions":[{"id":"action30","type":"key","parameters":{},"actions":[{"type":"keyDown","value":"î€‡"},{"type":"pause","duration":10},{"type":"keyUp","value":"î€‡"}]}]}
RESULT: {"actions":[{"id":"action30","type":"key","parameters":{},"actions":[{"type":"keyDown","value":"î€‡"},{"type":"pause","duration":10},{"type":"keyUp","value":"î€‡"}]}]}
COMMAND: GET /session/153c6080784a3c0ed5a7a3a51a23aea7/screenshot - {}
COMMAND: POST /session/153c6080784a3c0ed5a7a3a51a23aea7/execute/async - {"script":"<script> [1562 bytes]","args":[{"selector":{"id":"application-manageconditionprice-display-component---newCondition--condBillCond-arrow"},"wdio_ui5_key":"applicationmanageconditionprice-display-component---newCondition--condBillCond-arrow"}]}
RESULT: {}
RESULT: {"script":"<script> [1562 bytes]","args":[{"selector":{"id":"application-manageconditionprice-display-component---newCondition--condBillCond-arrow"},"wdio_ui5_key":"applicationmanageconditionprice-display-component---newCondition--condBillCond-arrow"}]}
RESULT: undefined
COMMAND: POST /session/153c6080784a3c0ed5a7a3a51a23aea7/element - {"using":"xpath","value":"//*[@id=\"application-manageconditionprice-display-component---newCondition--condBillCond-arrow\"]"}
RESULT: {"using":"xpath","value":"//*[@id=\"application-manageconditionprice-display-component---newCondition--condBillCond-arrow\"]"}
COMMAND: POST /session/153c6080784a3c0ed5a7a3a51a23aea7/element/f.2D07FE98EF058A5017333A18E496C5C8.d.E922E150E5578D71880D97C4B5862113.e.9541/click - {}
RESULT: {}
COMMAND: GET /session/153c6080784a3c0ed5a7a3a51a23aea7/screenshot - {}
RESULT: {}
COMMAND: POST /session/153c6080784a3c0ed5a7a3a51a23aea7/element - {"using":"xpath","value":"//li[.//span[contains(text(), \"DISP - D&I special price\")]]"}
RESULT: {"using":"xpath","value":"//li[.//span[contains(text(), \"DISP - D&I special price\")]]"}
COMMAND: POST /session/153c6080784a3c0ed5a7a3a51a23aea7/element/f.2D07FE98EF058A5017333A18E496C5C8.d.E922E150E5578D71880D97C4B5862113.e.9544/click - {}
RESULT: {}
COMMAND: GET /session/153c6080784a3c0ed5a7a3a51a23aea7/screenshot - {}
RESULT: {}
COMMAND: POST /session/153c6080784a3c0ed5a7a3a51a23aea7/execute/async - {"script":"<script> [1562 bytes]","args":[{"selector":{"id":"application-manageconditionprice-display-component---newCondition--condValidTo","interaction":{"idSuffix":"inner"}},"wdio_ui5_key":"applicationmanageconditionprice-display-component---newCondition--condValidTo"}]}
RESULT: {"script":"<script> [1562 bytes]","args":[{"selector":{"id":"application-manageconditionprice-display-component---newCondition--condValidTo","interaction":{"idSuffix":"inner"}},"wdio_ui5_key":"applicationmanageconditionprice-display-component---newCondition--condValidTo"}]}
RESULT: undefined
COMMAND: POST /session/153c6080784a3c0ed5a7a3a51a23aea7/execute/async - {"script":"<script> [776 bytes]","args":[{"enterText":"2/4/26","selector":{"id":"application-manageconditionprice-display-component---newCondition--condValidTo","interaction":{"idSuffix":"inner"}},"clearTextFirst":true,"interactionType":"ENTER_TEXT"}]}
RESULT: {"script":"<script> [776 bytes]","args":[{"enterText":"2/4/26","selector":{"id":"application-manageconditionprice-display-component---newCondition--condValidTo","interaction":{"idSuffix":"inner"}},"clearTextFirst":true,"interactionType":"ENTER_TEXT"}]}
COMMAND: POST /session/153c6080784a3c0ed5a7a3a51a23aea7/element - {"using":"xpath","value":"//input[@id=\"application-manageconditionprice-display-component---newCondition--condRU-inner\"]"}
RESULT: {"using":"xpath","value":"//input[@id=\"application-manageconditionprice-display-component---newCondition--condRU-inner\"]"}
COMMAND: POST /session/153c6080784a3c0ed5a7a3a51a23aea7/element/f.2D07FE98EF058A5017333A18E496C5C8.d.E922E150E5578D71880D97C4B5862113.e.9408/clear - {}
RESULT: {}
COMMAND: POST /session/153c6080784a3c0ed5a7a3a51a23aea7/element/f.2D07FE98EF058A5017333A18E496C5C8.d.E922E150E5578D71880D97C4B5862113.e.9408/value - {"text":"faVIgF3VKQ"}
COMMAND: GET /session/153c6080784a3c0ed5a7a3a51a23aea7/screenshot - {}
RESULT: {"text":"faVIgF3VKQ"}
COMMAND: GET /session/153c6080784a3c0ed5a7a3a51a23aea7/screenshot - {}
RESULT: {}
RESULT: {}
COMMAND: POST /session/153c6080784a3c0ed5a7a3a51a23aea7/actions - {"actions":[{"id":"action31","type":"key","parameters":{},"actions":[{"type":"keyDown","value":"î€‡"},{"type":"pause","duration":10},{"type":"keyUp","value":"î€‡"}]}]}
RESULT: {"actions":[{"id":"action31","type":"key","parameters":{},"actions":[{"type":"keyDown","value":"î€‡"},{"type":"pause","duration":10},{"type":"keyUp","value":"î€‡"}]}]}
COMMAND: POST /session/153c6080784a3c0ed5a7a3a51a23aea7/execute/async - {"script":"<script> [1562 bytes]","args":[{"selector":{"id":"application-manageconditionprice-display-component---newCondition--condBaseQty","interaction":{"idSuffix":"inner"}},"wdio_ui5_key":"applicationmanageconditionprice-display-component---newCondition--condBaseQty"}]}
COMMAND: GET /session/153c6080784a3c0ed5a7a3a51a23aea7/screenshot - {}
RESULT: {"script":"<script> [1562 bytes]","args":[{"selector":{"id":"application-manageconditionprice-display-component---newCondition--condBaseQty","interaction":{"idSuffix":"inner"}},"wdio_ui5_key":"applicationmanageconditionprice-display-component---newCondition--condBaseQty"}]}
RESULT: undefined
COMMAND: POST /session/153c6080784a3c0ed5a7a3a51a23aea7/execute/async - {"script":"<script> [776 bytes]","args":[{"enterText":"1","selector":{"id":"application-manageconditionprice-display-component---newCondition--condBaseQty","interaction":{"idSuffix":"inner"}},"clearTextFirst":true,"interactionType":"ENTER_TEXT"}]}
RESULT: {}
RESULT: {"script":"<script> [776 bytes]","args":[{"enterText":"1","selector":{"id":"application-manageconditionprice-display-component---newCondition--condBaseQty","interaction":{"idSuffix":"inner"}},"clearTextFirst":true,"interactionType":"ENTER_TEXT"}]}
COMMAND: POST /session/153c6080784a3c0ed5a7a3a51a23aea7/execute/async - {"script":"<script> [1562 bytes]","args":[{"selector":{"id":"application-manageconditionprice-display-component---newCondition--condValue","interaction":{"idSuffix":"inner"}},"wdio_ui5_key":"applicationmanageconditionprice-display-component---newCondition--condValue"}]}
RESULT: {"script":"<script> [1562 bytes]","args":[{"selector":{"id":"application-manageconditionprice-display-component---newCondition--condValue","interaction":{"idSuffix":"inner"}},"wdio_ui5_key":"applicationmanageconditionprice-display-component---newCondition--condValue"}]}
RESULT: undefined
COMMAND: POST /session/153c6080784a3c0ed5a7a3a51a23aea7/execute/async - {"script":"<script> [776 bytes]","args":[{"enterText":"200","selector":{"id":"application-manageconditionprice-display-component---newCondition--condValue","interaction":{"idSuffix":"inner"}},"clearTextFirst":true,"interactionType":"ENTER_TEXT"}]}
RESULT: {"script":"<script> [776 bytes]","args":[{"enterText":"200","selector":{"id":"application-manageconditionprice-display-component---newCondition--condValue","interaction":{"idSuffix":"inner"}},"clearTextFirst":true,"interactionType":"ENTER_TEXT"}]}
COMMAND: POST /session/153c6080784a3c0ed5a7a3a51a23aea7/execute/async - {"script":"<script> [1562 bytes]","args":[{"selector":{"id":"application-manageconditionprice-display-component---newCondition--condCurr-arrow"},"wdio_ui5_key":"applicationmanageconditionprice-display-component---newCondition--condCurr-arrow"}]}
RESULT: {"script":"<script> [1562 bytes]","args":[{"selector":{"id":"application-manageconditionprice-display-component---newCondition--condCurr-arrow"},"wdio_ui5_key":"applicationmanageconditionprice-display-component---newCondition--condCurr-arrow"}]}
RESULT: undefined
COMMAND: POST /session/153c6080784a3c0ed5a7a3a51a23aea7/element - {"using":"xpath","value":"//*[@id=\"application-manageconditionprice-display-component---newCondition--condCurr-arrow\"]"}
RESULT: {"using":"xpath","value":"//*[@id=\"application-manageconditionprice-display-component---newCondition--condCurr-arrow\"]"}
COMMAND: POST /session/153c6080784a3c0ed5a7a3a51a23aea7/element/f.2D07FE98EF058A5017333A18E496C5C8.d.E922E150E5578D71880D97C4B5862113.e.9499/click - {}
RESULT: {}
COMMAND: POST /session/153c6080784a3c0ed5a7a3a51a23aea7/element - {"using":"xpath","value":"//span[contains(text(), \"Euro\")]"}
COMMAND: GET /session/153c6080784a3c0ed5a7a3a51a23aea7/screenshot - {}
RESULT: {"using":"xpath","value":"//span[contains(text(), \"Euro\")]"}
COMMAND: POST /session/153c6080784a3c0ed5a7a3a51a23aea7/element/f.2D07FE98EF058A5017333A18E496C5C8.d.E922E150E5578D71880D97C4B5862113.e.9581/click - {}
RESULT: {}
RESULT: {}
COMMAND: POST /session/153c6080784a3c0ed5a7a3a51a23aea7/element - {"using":"xpath","value":"//button[@data-kt=\"saveButton\"]"}
COMMAND: GET /session/153c6080784a3c0ed5a7a3a51a23aea7/screenshot - {}
RESULT: {"using":"xpath","value":"//button[@data-kt=\"saveButton\"]"}
COMMAND: POST /session/153c6080784a3c0ed5a7a3a51a23aea7/element/f.2D07FE98EF058A5017333A18E496C5C8.d.E922E150E5578D71880D97C4B5862113.e.9500/click - {}
RESULT: {}
RESULT: {}
COMMAND: GET /session/153c6080784a3c0ed5a7a3a51a23aea7/screenshot - {}
RESULT: {}
COMMAND: POST /session/153c6080784a3c0ed5a7a3a51a23aea7/execute/async - {"script":"<script> [1562 bytes]","args":[{"selector":{"id":"application-manageconditionprice-display-component---conditions--smartFilterBar-btnBasicSearch","interaction":{"idSuffix":"I"}},"wdio_ui5_key":"applicationmanageconditionprice-display-component---conditions--smartFilterBar-btnBasicSearch"}]}
RESULT: {"script":"<script> [1562 bytes]","args":[{"selector":{"id":"application-manageconditionprice-display-component---conditions--smartFilterBar-btnBasicSearch","interaction":{"idSuffix":"I"}},"wdio_ui5_key":"applicationmanageconditionprice-display-component---conditions--smartFilterBar-btnBasicSearch"}]}
RESULT: undefined
COMMAND: POST /session/153c6080784a3c0ed5a7a3a51a23aea7/execute/async - {"script":"<script> [776 bytes]","args":[{"enterText":"faVIgF3VKQ","selector":{"id":"application-manageconditionprice-display-component---conditions--smartFilterBar-btnBasicSearch","interaction":{"idSuffix":"I"}},"clearTextFirst":true,"interactionType":"ENTER_TEXT"}]}
RESULT: {"script":"<script> [776 bytes]","args":[{"enterText":"faVIgF3VKQ","selector":{"id":"application-manageconditionprice-display-component---conditions--smartFilterBar-btnBasicSearch","interaction":{"idSuffix":"I"}},"clearTextFirst":true,"interactionType":"ENTER_TEXT"}]}
COMMAND: POST /session/153c6080784a3c0ed5a7a3a51a23aea7/actions - {"actions":[{"id":"action32","type":"key","parameters":{},"actions":[{"type":"keyDown","value":"î€‡"},{"type":"pause","duration":10},{"type":"keyUp","value":"î€‡"}]}]}
RESULT: {"actions":[{"id":"action32","type":"key","parameters":{},"actions":[{"type":"keyDown","value":"î€‡"},{"type":"pause","duration":10},{"type":"keyUp","value":"î€‡"}]}]}
COMMAND: GET /session/153c6080784a3c0ed5a7a3a51a23aea7/screenshot - {}
RESULT: {}
COMMAND: POST /session/153c6080784a3c0ed5a7a3a51a23aea7/execute/async - {"script":"<script> [1562 bytes]","args":[{"selector":{"id":"application-manageconditionprice-display-component---conditions--smartFilterBar-filterItemControl_BASIC-BILL_TYPES-vhi"},"wdio_ui5_key":"applicationmanageconditionprice-display-component---conditions--smartFilterBar-filterItemControl_BASIC-BILL_TYPES-vhi"}]}
RESULT: {"script":"<script> [1562 bytes]","args":[{"selector":{"id":"application-manageconditionprice-display-component---conditions--smartFilterBar-filterItemControl_BASIC-BILL_TYPES-vhi"},"wdio_ui5_key":"applicationmanageconditionprice-display-component---conditions--smartFilterBar-filterItemControl_BASIC-BILL_TYPES-vhi"}]}
RESULT: undefined
COMMAND: POST /session/153c6080784a3c0ed5a7a3a51a23aea7/element - {"using":"xpath","value":"//*[@id=\"application-manageconditionprice-display-component---conditions--smartFilterBar-filterItemControl_BASIC-BILL_TYPES-vhi\"]"}
RESULT: {"using":"xpath","value":"//*[@id=\"application-manageconditionprice-display-component---conditions--smartFilterBar-filterItemControl_BASIC-BILL_TYPES-vhi\"]"}
COMMAND: POST /session/153c6080784a3c0ed5a7a3a51a23aea7/element/f.2D07FE98EF058A5017333A18E496C5C8.d.E922E150E5578D71880D97C4B5862113.e.9688/click - {}
RESULT: {}
COMMAND: POST /session/153c6080784a3c0ed5a7a3a51a23aea7/execute/async - {"script":"<script> [1562 bytes]","args":[{"selector":{"id":"application-manageconditionprice-display-component---conditions--smartFilterBar-filterItemControl_BASIC-BILL_TYPES-valueHelpDialog-smartFilterBar-btnBasicSearch","searchOpenDialogs":true,"interaction":{"idSuffix":"I"}},"wdio_ui5_key":"applicationmanageconditionprice-display-component---conditions--smartFilterBar-filterItemControl_BASIC-BILL_TYPES-valueHelpDialog-smartFilterBar-btnBasicSearch"}]}
COMMAND: GET /session/153c6080784a3c0ed5a7a3a51a23aea7/screenshot - {}
RESULT: {"script":"<script> [1562 bytes]","args":[{"selector":{"id":"application-manageconditionprice-display-component---conditions--smartFilterBar-filterItemControl_BASIC-BILL_TYPES-valueHelpDialog-smartFilterBar-btnBasicSearch","searchOpenDialogs":true,"interaction":{"idSuffix":"I"}},"wdio_ui5_key":"applicationmanageconditionprice-display-component---conditions--smartFilterBar-filterItemControl_BASIC-BILL_TYPES-valueHelpDialog-smartFilterBar-btnBasicSearch"}]}
RESULT: undefined
COMMAND: POST /session/153c6080784a3c0ed5a7a3a51a23aea7/execute/async - {"script":"<script> [776 bytes]","args":[{"enterText":"TB","selector":{"id":"application-manageconditionprice-display-component---conditions--smartFilterBar-filterItemControl_BASIC-BILL_TYPES-valueHelpDialog-smartFilterBar-btnBasicSearch","searchOpenDialogs":true,"interaction":{"idSuffix":"I"}},"clearTextFirst":true,"interactionType":"ENTER_TEXT"}]}
RESULT: {}
RESULT: {"script":"<script> [776 bytes]","args":[{"enterText":"TB","selector":{"id":"application-manageconditionprice-display-component---conditions--smartFilterBar-filterItemControl_BASIC-BILL_TYPES-valueHelpDialog-smartFilterBar-btnBasicSearch","searchOpenDialogs":true,"interaction":{"idSuffix":"I"}},"clearTextFirst":true,"interactionType":"ENTER_TEXT"}]}
COMMAND: POST /session/153c6080784a3c0ed5a7a3a51a23aea7/actions - {"actions":[{"id":"action33","type":"key","parameters":{},"actions":[{"type":"keyDown","value":"î€‡"},{"type":"pause","duration":10},{"type":"keyUp","value":"î€‡"}]}]}
RESULT: {"actions":[{"id":"action33","type":"key","parameters":{},"actions":[{"type":"keyDown","value":"î€‡"},{"type":"pause","duration":10},{"type":"keyUp","value":"î€‡"}]}]}
COMMAND: GET /session/153c6080784a3c0ed5a7a3a51a23aea7/screenshot - {}
RESULT: {}
COMMAND: POST /session/153c6080784a3c0ed5a7a3a51a23aea7/element - {"using":"xpath","value":"//div[contains(@id, 'application-manageconditionprice-display-component---conditions--smartFilterBar-filterItemControl_BASIC-BILL_TYPES-valueHelpDialog-table-rowsel0')]"}
RESULT: {"using":"xpath","value":"//div[contains(@id, 'application-manageconditionprice-display-component---conditions--smartFilterBar-filterItemControl_BASIC-BILL_TYPES-valueHelpDialog-table-rowsel0')]"}
COMMAND: POST /session/153c6080784a3c0ed5a7a3a51a23aea7/element/f.2D07FE98EF058A5017333A18E496C5C8.d.E922E150E5578D71880D97C4B5862113.e.9698/click - {}
RESULT: {}
COMMAND: GET /session/153c6080784a3c0ed5a7a3a51a23aea7/screenshot - {}
RESULT: {}
COMMAND: POST /session/153c6080784a3c0ed5a7a3a51a23aea7/element - {"using":"xpath","value":"//bdi[contains(text(), \"OK\")]"}
RESULT: {"using":"xpath","value":"//bdi[contains(text(), \"OK\")]"}
COMMAND: POST /session/153c6080784a3c0ed5a7a3a51a23aea7/element/f.2D07FE98EF058A5017333A18E496C5C8.d.E922E150E5578D71880D97C4B5862113.e.9700/click - {}
RESULT: {}
COMMAND: GET /session/153c6080784a3c0ed5a7a3a51a23aea7/screenshot - {}
RESULT: {}
COMMAND: POST /session/153c6080784a3c0ed5a7a3a51a23aea7/element - {"using":"xpath","value":"//span[@id=\"application-manageconditionprice-display-component---conditions--smartTable-header-inner\"]"}
RESULT: {"using":"xpath","value":"//span[@id=\"application-manageconditionprice-display-component---conditions--smartTable-header-inner\"]"}
COMMAND: POST /session/153c6080784a3c0ed5a7a3a51a23aea7/elements - {"using":"xpath","value":"//span[@id=\"application-manageconditionprice-display-component---conditions--smartTable-header-inner\"]"}
RESULT: {"using":"xpath","value":"//span[@id=\"application-manageconditionprice-display-component---conditions--smartTable-header-inner\"]"}
COMMAND: POST /session/153c6080784a3c0ed5a7a3a51a23aea7/execute/sync - {"script":"<script> [56 bytes]","args":[{"element-6066-11e4-a52e-4f735466cecf":"f.2D07FE98EF058A5017333A18E496C5C8.d.E922E150E5578D71880D97C4B5862113.e.9703","ELEMENT":"f.2D07FE98EF058A5017333A18E496C5C8.d.E922E150E5578D71880D97C4B5862113.e.9703"}]}
RESULT: {"script":"<script> [56 bytes]","args":[{"element-6066-11e4-a52e-4f735466cecf":"f.2D07FE98EF058A5017333A18E496C5C8.d.E922E150E5578D71880D97C4B5862113.e.9703","ELEMENT":"f.2D07FE98EF058A5017333A18E496C5C8.d.E922E150E5578D71880D97C4B5862113.e.9703"}]}
COMMAND: POST /session/153c6080784a3c0ed5a7a3a51a23aea7/element - {"using":"css selector","value":"#shell-header-logo"}
COMMAND: GET /session/153c6080784a3c0ed5a7a3a51a23aea7/screenshot - {}
RESULT: {"using":"css selector","value":"#shell-header-logo"}
COMMAND: POST /session/153c6080784a3c0ed5a7a3a51a23aea7/element/f.2D07FE98EF058A5017333A18E496C5C8.d.E922E150E5578D71880D97C4B5862113.e.9330/click - {}
RESULT: {}
RESULT: {}
COMMAND: GET /session/153c6080784a3c0ed5a7a3a51a23aea7/screenshot - {}
RESULT: {}
]]></system-out>
    </testcase>
  </testsuite>
  <testsuite timestamp="2025-06-04T18:01:40" time="766.849" tests="12" failures="6" errors="6" skipped="0">
    <properties>
      <property name="specId" value="0" />
      <property name="suiteName" value="Billing transfer US117289" />
      <property name="capabilities" value="chrome.137_0_7151_56.windows" />
      <property name="file" value="file:///D:/a/1/s/test/specs/BTS/billing-transfer.spec.js" />
    </properties>
    <testcase classname="chrome.137_0_7151_56.windows.Billing_transfer_US117289" name="Should create a new yard" time="0.013">
      <system-out><![CDATA[
COMMAND: POST /session/153c6080784a3c0ed5a7a3a51a23aea7/window/fullscreen - {}
RESULT: {}
]]></system-out>
    </testcase>
    <testcase classname="chrome.137_0_7151_56.windows.Billing_transfer_US117289" name="Should create a new partner" time="0.003" />
    <testcase classname="chrome.137_0_7151_56.windows.Billing_transfer_US117289" name="Should create a new site" time="0.002" />
    <testcase classname="chrome.137_0_7151_56.windows.Billing_transfer_US117289" name="Should create a new equipment" time="153.808">
      <system-out><![CDATA[
COMMAND: POST /session/153c6080784a3c0ed5a7a3a51a23aea7/execute/async - {"script":"<script> [1562 bytes]","args":[{"selector":{"controlType":"sap.m.GenericTile","properties":{"header":"Manage Resources"}},"wdio_ui5_key":"sapm.GenericTile{\"header\":\"Manage Resources\"}"}]}
RESULT: {"script":"<script> [1562 bytes]","args":[{"selector":{"controlType":"sap.m.GenericTile","properties":{"header":"Manage Resources"}},"wdio_ui5_key":"sapm.GenericTile{\"header\":\"Manage Resources\"}"}]}
RESULT: undefined
COMMAND: POST /session/153c6080784a3c0ed5a7a3a51a23aea7/element - {"using":"xpath","value":"//*[@id=\"__tile39\"]"}
RESULT: {"using":"xpath","value":"//*[@id=\"__tile39\"]"}
COMMAND: POST /session/153c6080784a3c0ed5a7a3a51a23aea7/element/f.2D07FE98EF058A5017333A18E496C5C8.d.1A72B9741C1113CAE6E81E1E3446A938.e.10278/click - {}
RESULT: {}
COMMAND: GET /session/153c6080784a3c0ed5a7a3a51a23aea7/screenshot - {}
RESULT: {}
COMMAND: POST /session/153c6080784a3c0ed5a7a3a51a23aea7/elements - {"using":"xpath","value":"//span[text()='Error']"}
RESULT: {"using":"xpath","value":"//span[text()='Error']"}
COMMAND: POST /session/153c6080784a3c0ed5a7a3a51a23aea7/element - {"using":"xpath","value":"//button[@data-kt=\"addNewRUOverflowToolbarButton\"]"}
RESULT: {"using":"xpath","value":"//button[@data-kt=\"addNewRUOverflowToolbarButton\"]"}
COMMAND: POST /session/153c6080784a3c0ed5a7a3a51a23aea7/elements - {"using":"xpath","value":"//button[@data-kt=\"addNewRUOverflowToolbarButton\"]"}
RESULT: {"using":"xpath","value":"//button[@data-kt=\"addNewRUOverflowToolbarButton\"]"}
COMMAND: POST /session/153c6080784a3c0ed5a7a3a51a23aea7/execute/sync - {"script":"<script> [8489 bytes]","args":[{"element-6066-11e4-a52e-4f735466cecf":"f.2D07FE98EF058A5017333A18E496C5C8.d.1A72B9741C1113CAE6E81E1E3446A938.e.10417","ELEMENT":"f.2D07FE98EF058A5017333A18E496C5C8.d.1A72B9741C1113CAE6E81E1E3446A938.e.10417"}]}
RESULT: {"script":"<script> [8489 bytes]","args":[{"element-6066-11e4-a52e-4f735466cecf":"f.2D07FE98EF058A5017333A18E496C5C8.d.1A72B9741C1113CAE6E81E1E3446A938.e.10417","ELEMENT":"f.2D07FE98EF058A5017333A18E496C5C8.d.1A72B9741C1113CAE6E81E1E3446A938.e.10417"}]}
COMMAND: GET /session/153c6080784a3c0ed5a7a3a51a23aea7/element/f.2D07FE98EF058A5017333A18E496C5C8.d.1A72B9741C1113CAE6E81E1E3446A938.e.10417/enabled - {}
COMMAND: GET /session/153c6080784a3c0ed5a7a3a51a23aea7/screenshot - {}
RESULT: {}
COMMAND: POST /session/153c6080784a3c0ed5a7a3a51a23aea7/execute/sync - {"script":"<script> [8489 bytes]","args":[{"element-6066-11e4-a52e-4f735466cecf":"f.2D07FE98EF058A5017333A18E496C5C8.d.1A72B9741C1113CAE6E81E1E3446A938.e.10417","ELEMENT":"f.2D07FE98EF058A5017333A18E496C5C8.d.1A72B9741C1113CAE6E81E1E3446A938.e.10417"}]}
COMMAND: GET /session/153c6080784a3c0ed5a7a3a51a23aea7/screenshot - {}
RESULT: {}
RESULT: {"script":"<script> [8489 bytes]","args":[{"element-6066-11e4-a52e-4f735466cecf":"f.2D07FE98EF058A5017333A18E496C5C8.d.1A72B9741C1113CAE6E81E1E3446A938.e.10417","ELEMENT":"f.2D07FE98EF058A5017333A18E496C5C8.d.1A72B9741C1113CAE6E81E1E3446A938.e.10417"}]}
COMMAND: POST /session/153c6080784a3c0ed5a7a3a51a23aea7/execute/sync - {"script":"<script> [5351 bytes]","args":[{"element-6066-11e4-a52e-4f735466cecf":"f.2D07FE98EF058A5017333A18E496C5C8.d.1A72B9741C1113CAE6E81E1E3446A938.e.10417","ELEMENT":"f.2D07FE98EF058A5017333A18E496C5C8.d.1A72B9741C1113CAE6E81E1E3446A938.e.10417"}]}
RESULT: {}
RESULT: {"script":"<script> [5351 bytes]","args":[{"element-6066-11e4-a52e-4f735466cecf":"f.2D07FE98EF058A5017333A18E496C5C8.d.1A72B9741C1113CAE6E81E1E3446A938.e.10417","ELEMENT":"f.2D07FE98EF058A5017333A18E496C5C8.d.1A72B9741C1113CAE6E81E1E3446A938.e.10417"}]}
COMMAND: POST /session/153c6080784a3c0ed5a7a3a51a23aea7/element/f.2D07FE98EF058A5017333A18E496C5C8.d.1A72B9741C1113CAE6E81E1E3446A938.e.10417/click - {}
COMMAND: GET /session/153c6080784a3c0ed5a7a3a51a23aea7/screenshot - {}
COMMAND: GET /session/153c6080784a3c0ed5a7a3a51a23aea7/screenshot - {}
RESULT: {}
COMMAND: GET /session/153c6080784a3c0ed5a7a3a51a23aea7/screenshot - {}
COMMAND: POST /session/153c6080784a3c0ed5a7a3a51a23aea7/execute/async - {"script":"<script> [1562 bytes]","args":[{"selector":{"id":"application-manageresources-display-component---newResourceUnit--TYPE-arrow"},"wdio_ui5_key":"applicationmanageresources-display-component---newResourceUnit--TYPE-arrow"}]}
RESULT: {}
RESULT: {}
RESULT: {}
RESULT: {"script":"<script> [1562 bytes]","args":[{"selector":{"id":"application-manageresources-display-component---newResourceUnit--TYPE-arrow"},"wdio_ui5_key":"applicationmanageresources-display-component---newResourceUnit--TYPE-arrow"}]}
RESULT: undefined
COMMAND: POST /session/153c6080784a3c0ed5a7a3a51a23aea7/element - {"using":"xpath","value":"//*[@id=\"application-manageresources-display-component---newResourceUnit--TYPE-arrow\"]"}
RESULT: {"using":"xpath","value":"//*[@id=\"application-manageresources-display-component---newResourceUnit--TYPE-arrow\"]"}
COMMAND: POST /session/153c6080784a3c0ed5a7a3a51a23aea7/element/f.2D07FE98EF058A5017333A18E496C5C8.d.1A72B9741C1113CAE6E81E1E3446A938.e.10774/click - {}
RESULT: {}
COMMAND: POST /session/153c6080784a3c0ed5a7a3a51a23aea7/element - {"using":"xpath","value":"//input[@id=\"application-manageresources-display-component---newResourceUnit--TYPE-inner\"]"}
COMMAND: GET /session/153c6080784a3c0ed5a7a3a51a23aea7/screenshot - {}
RESULT: {"using":"xpath","value":"//input[@id=\"application-manageresources-display-component---newResourceUnit--TYPE-inner\"]"}
COMMAND: POST /session/153c6080784a3c0ed5a7a3a51a23aea7/element/f.2D07FE98EF058A5017333A18E496C5C8.d.1A72B9741C1113CAE6E81E1E3446A938.e.10770/clear - {}
RESULT: {}
RESULT: {}
COMMAND: POST /session/153c6080784a3c0ed5a7a3a51a23aea7/element/f.2D07FE98EF058A5017333A18E496C5C8.d.1A72B9741C1113CAE6E81E1E3446A938.e.10770/value - {"text":"Equipment"}
COMMAND: GET /session/153c6080784a3c0ed5a7a3a51a23aea7/screenshot - {}
RESULT: {"text":"Equipment"}
COMMAND: GET /session/153c6080784a3c0ed5a7a3a51a23aea7/screenshot - {}
RESULT: {}
RESULT: {}
COMMAND: POST /session/153c6080784a3c0ed5a7a3a51a23aea7/actions - {"actions":[{"id":"action35","type":"key","parameters":{},"actions":[{"type":"keyDown","value":"î€‡"},{"type":"pause","duration":10},{"type":"keyUp","value":"î€‡"}]}]}
RESULT: {"actions":[{"id":"action35","type":"key","parameters":{},"actions":[{"type":"keyDown","value":"î€‡"},{"type":"pause","duration":10},{"type":"keyUp","value":"î€‡"}]}]}
COMMAND: POST /session/153c6080784a3c0ed5a7a3a51a23aea7/execute/async - {"script":"<script> [1562 bytes]","args":[{"selector":{"id":"application-manageresources-display-component---newResourceUnit--resourceId","interaction":{"idSuffix":"inner"}},"wdio_ui5_key":"applicationmanageresources-display-component---newResourceUnit--resourceId"}]}
COMMAND: GET /session/153c6080784a3c0ed5a7a3a51a23aea7/screenshot - {}
RESULT: {"script":"<script> [1562 bytes]","args":[{"selector":{"id":"application-manageresources-display-component---newResourceUnit--resourceId","interaction":{"idSuffix":"inner"}},"wdio_ui5_key":"applicationmanageresources-display-component---newResourceUnit--resourceId"}]}
RESULT: undefined
COMMAND: POST /session/153c6080784a3c0ed5a7a3a51a23aea7/execute/async - {"script":"<script> [776 bytes]","args":[{"enterText":"yZELeQt1k7","selector":{"id":"application-manageresources-display-component---newResourceUnit--resourceId","interaction":{"idSuffix":"inner"}},"clearTextFirst":true,"interactionType":"ENTER_TEXT"}]}
RESULT: {}
RESULT: {"script":"<script> [776 bytes]","args":[{"enterText":"yZELeQt1k7","selector":{"id":"application-manageresources-display-component---newResourceUnit--resourceId","interaction":{"idSuffix":"inner"}},"clearTextFirst":true,"interactionType":"ENTER_TEXT"}]}
COMMAND: POST /session/153c6080784a3c0ed5a7a3a51a23aea7/execute/async - {"script":"<script> [1562 bytes]","args":[{"selector":{"id":"application-manageresources-display-component---newResourceUnit--SHORT_TEXT","interaction":{"idSuffix":"inner"}},"wdio_ui5_key":"applicationmanageresources-display-component---newResourceUnit--SHORT_TEXT"}]}
RESULT: {"script":"<script> [1562 bytes]","args":[{"selector":{"id":"application-manageresources-display-component---newResourceUnit--SHORT_TEXT","interaction":{"idSuffix":"inner"}},"wdio_ui5_key":"applicationmanageresources-display-component---newResourceUnit--SHORT_TEXT"}]}
RESULT: undefined
COMMAND: POST /session/153c6080784a3c0ed5a7a3a51a23aea7/execute/async - {"script":"<script> [776 bytes]","args":[{"enterText":"Intercompany Equipment WDIO","selector":{"id":"application-manageresources-display-component---newResourceUnit--SHORT_TEXT","interaction":{"idSuffix":"inner"}},"clearTextFirst":true,"interactionType":"ENTER_TEXT"}]}
RESULT: {"script":"<script> [776 bytes]","args":[{"enterText":"Intercompany Equipment WDIO","selector":{"id":"application-manageresources-display-component---newResourceUnit--SHORT_TEXT","interaction":{"idSuffix":"inner"}},"clearTextFirst":true,"interactionType":"ENTER_TEXT"}]}
COMMAND: POST /session/153c6080784a3c0ed5a7a3a51a23aea7/execute/async - {"script":"<script> [1562 bytes]","args":[{"selector":{"id":"application-manageresources-display-component---newResourceUnit--BASE_UNIT_OF_MEASURE","interaction":{"idSuffix":"inner"}},"wdio_ui5_key":"applicationmanageresources-display-component---newResourceUnit--BASE_UNIT_OF_MEASURE"}]}
RESULT: {"script":"<script> [1562 bytes]","args":[{"selector":{"id":"application-manageresources-display-component---newResourceUnit--BASE_UNIT_OF_MEASURE","interaction":{"idSuffix":"inner"}},"wdio_ui5_key":"applicationmanageresources-display-component---newResourceUnit--BASE_UNIT_OF_MEASURE"}]}
RESULT: undefined
COMMAND: POST /session/153c6080784a3c0ed5a7a3a51a23aea7/execute/async - {"script":"<script> [776 bytes]","args":[{"enterText":"Piece","selector":{"id":"application-manageresources-display-component---newResourceUnit--BASE_UNIT_OF_MEASURE","interaction":{"idSuffix":"inner"}},"clearTextFirst":true,"interactionType":"ENTER_TEXT"}]}
RESULT: {"script":"<script> [776 bytes]","args":[{"enterText":"Piece","selector":{"id":"application-manageresources-display-component---newResourceUnit--BASE_UNIT_OF_MEASURE","interaction":{"idSuffix":"inner"}},"clearTextFirst":true,"interactionType":"ENTER_TEXT"}]}
COMMAND: POST /session/153c6080784a3c0ed5a7a3a51a23aea7/execute/async - {"script":"<script> [1562 bytes]","args":[{"selector":{"id":"application-manageresources-display-component---newResourceUnit--WEIGHT_UNIT","interaction":{"idSuffix":"inner"}},"wdio_ui5_key":"applicationmanageresources-display-component---newResourceUnit--WEIGHT_UNIT"}]}
RESULT: {"script":"<script> [1562 bytes]","args":[{"selector":{"id":"application-manageresources-display-component---newResourceUnit--WEIGHT_UNIT","interaction":{"idSuffix":"inner"}},"wdio_ui5_key":"applicationmanageresources-display-component---newResourceUnit--WEIGHT_UNIT"}]}
RESULT: undefined
COMMAND: POST /session/153c6080784a3c0ed5a7a3a51a23aea7/execute/async - {"script":"<script> [776 bytes]","args":[{"enterText":"Gram","selector":{"id":"application-manageresources-display-component---newResourceUnit--WEIGHT_UNIT","interaction":{"idSuffix":"inner"}},"clearTextFirst":true,"interactionType":"ENTER_TEXT"}]}
RESULT: {"script":"<script> [776 bytes]","args":[{"enterText":"Gram","selector":{"id":"application-manageresources-display-component---newResourceUnit--WEIGHT_UNIT","interaction":{"idSuffix":"inner"}},"clearTextFirst":true,"interactionType":"ENTER_TEXT"}]}
COMMAND: POST /session/153c6080784a3c0ed5a7a3a51a23aea7/execute/async - {"script":"<script> [1562 bytes]","args":[{"selector":{"id":"application-manageresources-display-component---newResourceUnit--DIMENSION_UNIT","interaction":{"idSuffix":"inner"}},"wdio_ui5_key":"applicationmanageresources-display-component---newResourceUnit--DIMENSION_UNIT"}]}
RESULT: {"script":"<script> [1562 bytes]","args":[{"selector":{"id":"application-manageresources-display-component---newResourceUnit--DIMENSION_UNIT","interaction":{"idSuffix":"inner"}},"wdio_ui5_key":"applicationmanageresources-display-component---newResourceUnit--DIMENSION_UNIT"}]}
RESULT: undefined
COMMAND: POST /session/153c6080784a3c0ed5a7a3a51a23aea7/execute/async - {"script":"<script> [776 bytes]","args":[{"enterText":"Meter","selector":{"id":"application-manageresources-display-component---newResourceUnit--DIMENSION_UNIT","interaction":{"idSuffix":"inner"}},"clearTextFirst":true,"interactionType":"ENTER_TEXT"}]}
RESULT: {"script":"<script> [776 bytes]","args":[{"enterText":"Meter","selector":{"id":"application-manageresources-display-component---newResourceUnit--DIMENSION_UNIT","interaction":{"idSuffix":"inner"}},"clearTextFirst":true,"interactionType":"ENTER_TEXT"}]}
COMMAND: POST /session/153c6080784a3c0ed5a7a3a51a23aea7/execute/async - {"script":"<script> [1562 bytes]","args":[{"selector":{"id":"application-manageresources-display-component---newResourceUnit--newRRUPage-anchBar-application-manageresources-display-component---newResourceUnit--control-anchor","interaction":{"idSuffix":"BDI-content"}},"wdio_ui5_key":"applicationmanageresources-display-component---newResourceUnit--newRRUPage-anchBar-application-manageresources-display-component---newResourceUnit--control-anchor"}]}
RESULT: {"script":"<script> [1562 bytes]","args":[{"selector":{"id":"application-manageresources-display-component---newResourceUnit--newRRUPage-anchBar-application-manageresources-display-component---newResourceUnit--control-anchor","interaction":{"idSuffix":"BDI-content"}},"wdio_ui5_key":"applicationmanageresources-display-component---newResourceUnit--newRRUPage-anchBar-application-manageresources-display-component---newResourceUnit--control-anchor"}]}
RESULT: undefined
COMMAND: POST /session/153c6080784a3c0ed5a7a3a51a23aea7/element - {"using":"xpath","value":"//*[@id=\"application-manageresources-display-component---newResourceUnit--newRRUPage-anchBar-application-manageresources-display-component---newResourceUnit--control-anchor\"]"}
RESULT: {"using":"xpath","value":"//*[@id=\"application-manageresources-display-component---newResourceUnit--newRRUPage-anchBar-application-manageresources-display-component---newResourceUnit--control-anchor\"]"}
COMMAND: POST /session/153c6080784a3c0ed5a7a3a51a23aea7/element/f.2D07FE98EF058A5017333A18E496C5C8.d.1A72B9741C1113CAE6E81E1E3446A938.e.10932/click - {}
RESULT: {}
COMMAND: POST /session/153c6080784a3c0ed5a7a3a51a23aea7/execute/async - {"script":"<script> [1562 bytes]","args":[{"selector":{"id":"application-manageresources-display-component---newResourceUnit--PLANNING_GROUP","interaction":{"idSuffix":"inner"}},"wdio_ui5_key":"applicationmanageresources-display-component---newResourceUnit--PLANNING_GROUP"}]}
COMMAND: GET /session/153c6080784a3c0ed5a7a3a51a23aea7/screenshot - {}
RESULT: {"script":"<script> [1562 bytes]","args":[{"selector":{"id":"application-manageresources-display-component---newResourceUnit--PLANNING_GROUP","interaction":{"idSuffix":"inner"}},"wdio_ui5_key":"applicationmanageresources-display-component---newResourceUnit--PLANNING_GROUP"}]}
RESULT: undefined
COMMAND: POST /session/153c6080784a3c0ed5a7a3a51a23aea7/execute/async - {"script":"<script> [776 bytes]","args":[{"enterText":"Heavy Equi","selector":{"id":"application-manageresources-display-component---newResourceUnit--PLANNING_GROUP","interaction":{"idSuffix":"inner"}},"clearTextFirst":true,"interactionType":"ENTER_TEXT"}]}
RESULT: {}
RESULT: {"script":"<script> [776 bytes]","args":[{"enterText":"Heavy Equi","selector":{"id":"application-manageresources-display-component---newResourceUnit--PLANNING_GROUP","interaction":{"idSuffix":"inner"}},"clearTextFirst":true,"interactionType":"ENTER_TEXT"}]}
COMMAND: POST /session/153c6080784a3c0ed5a7a3a51a23aea7/execute/async - {"script":"<script> [1562 bytes]","args":[{"selector":{"id":"application-manageresources-display-component---newResourceUnit--ITEM_TYPE-arrow"},"wdio_ui5_key":"applicationmanageresources-display-component---newResourceUnit--ITEM_TYPE-arrow"}]}
RESULT: {"script":"<script> [1562 bytes]","args":[{"selector":{"id":"application-manageresources-display-component---newResourceUnit--ITEM_TYPE-arrow"},"wdio_ui5_key":"applicationmanageresources-display-component---newResourceUnit--ITEM_TYPE-arrow"}]}
RESULT: undefined
COMMAND: POST /session/153c6080784a3c0ed5a7a3a51a23aea7/element - {"using":"xpath","value":"//*[@id=\"application-manageresources-display-component---newResourceUnit--ITEM_TYPE-arrow\"]"}
RESULT: {"using":"xpath","value":"//*[@id=\"application-manageresources-display-component---newResourceUnit--ITEM_TYPE-arrow\"]"}
COMMAND: POST /session/153c6080784a3c0ed5a7a3a51a23aea7/element/f.2D07FE98EF058A5017333A18E496C5C8.d.1A72B9741C1113CAE6E81E1E3446A938.e.10940/click - {}
RESULT: {}
COMMAND: POST /session/153c6080784a3c0ed5a7a3a51a23aea7/element - {"using":"xpath","value":"//ul[contains(@id,\"ITEM_TYPE-popup-list-listUl\")]//li[.//span[contains(text(),\"Resource Unit\")]]"}
COMMAND: GET /session/153c6080784a3c0ed5a7a3a51a23aea7/screenshot - {}
RESULT: {"using":"xpath","value":"//ul[contains(@id,\"ITEM_TYPE-popup-list-listUl\")]//li[.//span[contains(text(),\"Resource Unit\")]]"}
COMMAND: POST /session/153c6080784a3c0ed5a7a3a51a23aea7/element/f.2D07FE98EF058A5017333A18E496C5C8.d.1A72B9741C1113CAE6E81E1E3446A938.e.10941/click - {}
RESULT: {}
RESULT: {}
COMMAND: GET /session/153c6080784a3c0ed5a7a3a51a23aea7/screenshot - {}
RESULT: {}
COMMAND: POST /session/153c6080784a3c0ed5a7a3a51a23aea7/element - {"using":"css selector","value":"#application-manageresources-display-component---newResourceUnit--btnAddTimeSegment"}
RESULT: {"using":"css selector","value":"#application-manageresources-display-component---newResourceUnit--btnAddTimeSegment"}
COMMAND: GET /session/153c6080784a3c0ed5a7a3a51a23aea7/element/f.2D07FE98EF058A5017333A18E496C5C8.d.1A72B9741C1113CAE6E81E1E3446A938.e.10948/rect - {}
RESULT: {}
COMMAND: GET /session/153c6080784a3c0ed5a7a3a51a23aea7/window/rect - {}
RESULT: {}
COMMAND: POST /session/153c6080784a3c0ed5a7a3a51a23aea7/execute/sync - {"script":"<script> [92 bytes]","args":[]}
RESULT: {"script":"<script> [92 bytes]","args":[]}
COMMAND: POST /session/153c6080784a3c0ed5a7a3a51a23aea7/actions - {"actions":[{"id":"action36","type":"wheel","parameters":{},"actions":[{"type":"scroll","x":-1888,"y":-32,"deltaX":0,"deltaY":0,"duration":0,"origin":{"element-6066-11e4-a52e-4f735466cecf":"f.2D07FE98EF058A5017333A18E496C5C8.d.1A72B9741C1113CAE6E81E1E3446A938.e.10948"}}]}]}
COMMAND: GET /session/153c6080784a3c0ed5a7a3a51a23aea7/screenshot - {}
RESULT: {}
COMMAND: POST /session/153c6080784a3c0ed5a7a3a51a23aea7/execute/sync - {"script":"<script> [79 bytes]","args":[{"element-6066-11e4-a52e-4f735466cecf":"f.2D07FE98EF058A5017333A18E496C5C8.d.1A72B9741C1113CAE6E81E1E3446A938.e.10948","ELEMENT":"f.2D07FE98EF058A5017333A18E496C5C8.d.1A72B9741C1113CAE6E81E1E3446A938.e.10948"},{"block":"start","inline":"nearest"}]}
RESULT: {"script":"<script> [79 bytes]","args":[{"element-6066-11e4-a52e-4f735466cecf":"f.2D07FE98EF058A5017333A18E496C5C8.d.1A72B9741C1113CAE6E81E1E3446A938.e.10948","ELEMENT":"f.2D07FE98EF058A5017333A18E496C5C8.d.1A72B9741C1113CAE6E81E1E3446A938.e.10948"},{"block":"start","inline":"nearest"}]}
COMMAND: POST /session/153c6080784a3c0ed5a7a3a51a23aea7/execute/async - {"script":"<script> [1562 bytes]","args":[{"selector":{"id":"application-manageresources-display-component---newResourceUnit--btnAddTimeSegment","interaction":{"idSuffix":"inner"}},"wdio_ui5_key":"applicationmanageresources-display-component---newResourceUnit--btnAddTimeSegment"}]}
COMMAND: GET /session/153c6080784a3c0ed5a7a3a51a23aea7/screenshot - {}
RESULT: {"script":"<script> [1562 bytes]","args":[{"selector":{"id":"application-manageresources-display-component---newResourceUnit--btnAddTimeSegment","interaction":{"idSuffix":"inner"}},"wdio_ui5_key":"applicationmanageresources-display-component---newResourceUnit--btnAddTimeSegment"}]}
RESULT: undefined
COMMAND: POST /session/153c6080784a3c0ed5a7a3a51a23aea7/element - {"using":"xpath","value":"//*[@id=\"application-manageresources-display-component---newResourceUnit--btnAddTimeSegment\"]"}
RESULT: {}
RESULT: {"using":"xpath","value":"//*[@id=\"application-manageresources-display-component---newResourceUnit--btnAddTimeSegment\"]"}
COMMAND: POST /session/153c6080784a3c0ed5a7a3a51a23aea7/element/f.2D07FE98EF058A5017333A18E496C5C8.d.1A72B9741C1113CAE6E81E1E3446A938.e.10948/click - {}
RESULT: {}
COMMAND: GET /session/153c6080784a3c0ed5a7a3a51a23aea7/screenshot - {}
RESULT: {}
COMMAND: POST /session/153c6080784a3c0ed5a7a3a51a23aea7/element - {"using":"xpath","value":"//input[@id=\"application-manageresources-display-component---newResourceUnit--idRuTSAdmin-application-manageresources-display-component---newResourceUnit--RUTimeSegment-0-inner\"]"}
RESULT: {"using":"xpath","value":"//input[@id=\"application-manageresources-display-component---newResourceUnit--idRuTSAdmin-application-manageresources-display-component---newResourceUnit--RUTimeSegment-0-inner\"]"}
COMMAND: POST /session/153c6080784a3c0ed5a7a3a51a23aea7/element/f.2D07FE98EF058A5017333A18E496C5C8.d.1A72B9741C1113CAE6E81E1E3446A938.e.10954/clear - {}
RESULT: {}
COMMAND: POST /session/153c6080784a3c0ed5a7a3a51a23aea7/element/f.2D07FE98EF058A5017333A18E496C5C8.d.1A72B9741C1113CAE6E81E1E3446A938.e.10954/value - {"text":"667"}
COMMAND: GET /session/153c6080784a3c0ed5a7a3a51a23aea7/screenshot - {}
RESULT: {"text":"667"}
COMMAND: GET /session/153c6080784a3c0ed5a7a3a51a23aea7/screenshot - {}
RESULT: {}
RESULT: {}
COMMAND: POST /session/153c6080784a3c0ed5a7a3a51a23aea7/element - {"using":"xpath","value":"//li[.//span[text()='667']]"}
RESULT: {"using":"xpath","value":"//li[.//span[text()='667']]"}
COMMAND: POST /session/153c6080784a3c0ed5a7a3a51a23aea7/element/f.2D07FE98EF058A5017333A18E496C5C8.d.1A72B9741C1113CAE6E81E1E3446A938.e.10969/click - {}
RESULT: {}
COMMAND: GET /session/153c6080784a3c0ed5a7a3a51a23aea7/screenshot - {}
RESULT: {}
COMMAND: POST /session/153c6080784a3c0ed5a7a3a51a23aea7/element - {"using":"xpath","value":"(//span[contains(@id, \"-application-manageresources-display-component---newResourceUnit--RUTimeSegment-0-arrow\")])[6]"}
RESULT: {"using":"xpath","value":"(//span[contains(@id, \"-application-manageresources-display-component---newResourceUnit--RUTimeSegment-0-arrow\")])[6]"}
COMMAND: POST /session/153c6080784a3c0ed5a7a3a51a23aea7/element/f.2D07FE98EF058A5017333A18E496C5C8.d.1A72B9741C1113CAE6E81E1E3446A938.e.10970/click - {}
RESULT: {}
COMMAND: GET /session/153c6080784a3c0ed5a7a3a51a23aea7/screenshot - {}
RESULT: {}
COMMAND: POST /session/153c6080784a3c0ed5a7a3a51a23aea7/element - {"using":"xpath","value":"//span[contains(text(), \"PM Order\")]"}
RESULT: {"using":"xpath","value":"//span[contains(text(), \"PM Order\")]"}
COMMAND: POST /session/153c6080784a3c0ed5a7a3a51a23aea7/element/f.2D07FE98EF058A5017333A18E496C5C8.d.1A72B9741C1113CAE6E81E1E3446A938.e.10973/click - {}
RESULT: {}
COMMAND: GET /session/153c6080784a3c0ed5a7a3a51a23aea7/screenshot - {}
RESULT: {}
COMMAND: POST /session/153c6080784a3c0ed5a7a3a51a23aea7/element - {"using":"xpath","value":"(//span[contains(@id ,\"manageresources-display-component---newResourceUnit--RUTimeSegment-0-vhi\")])[1]"}
RESULT: {"using":"xpath","value":"(//span[contains(@id ,\"manageresources-display-component---newResourceUnit--RUTimeSegment-0-vhi\")])[1]"}
COMMAND: GET /session/153c6080784a3c0ed5a7a3a51a23aea7/element/f.2D07FE98EF058A5017333A18E496C5C8.d.1A72B9741C1113CAE6E81E1E3446A938.e.10977/rect - {}
RESULT: {}
COMMAND: GET /session/153c6080784a3c0ed5a7a3a51a23aea7/window/rect - {}
RESULT: {}
COMMAND: POST /session/153c6080784a3c0ed5a7a3a51a23aea7/execute/sync - {"script":"<script> [92 bytes]","args":[]}
RESULT: {"script":"<script> [92 bytes]","args":[]}
COMMAND: POST /session/153c6080784a3c0ed5a7a3a51a23aea7/actions - {"actions":[{"id":"action37","type":"wheel","parameters":{},"actions":[{"type":"scroll","x":-869,"y":-24,"deltaX":0,"deltaY":0,"duration":0,"origin":{"element-6066-11e4-a52e-4f735466cecf":"f.2D07FE98EF058A5017333A18E496C5C8.d.1A72B9741C1113CAE6E81E1E3446A938.e.10977"}}]}]}
COMMAND: GET /session/153c6080784a3c0ed5a7a3a51a23aea7/screenshot - {}
RESULT: {"actions":[{"id":"action37","type":"wheel","parameters":{},"actions":[{"type":"scroll","x":-869,"y":-24,"deltaX":0,"deltaY":0,"duration":0,"origin":{"element-6066-11e4-a52e-4f735466cecf":"f.2D07FE98EF058A5017333A18E496C5C8.d.1A72B9741C1113CAE6E81E1E3446A938.e.10977"}}]}]}
COMMAND: DELETE /session/153c6080784a3c0ed5a7a3a51a23aea7/actions - {}
COMMAND: GET /session/153c6080784a3c0ed5a7a3a51a23aea7/screenshot - {}
RESULT: {}
RESULT: {}
COMMAND: GET /session/153c6080784a3c0ed5a7a3a51a23aea7/screenshot - {}
RESULT: {}
RESULT: {}
COMMAND: POST /session/153c6080784a3c0ed5a7a3a51a23aea7/element/f.2D07FE98EF058A5017333A18E496C5C8.d.1A72B9741C1113CAE6E81E1E3446A938.e.10977/click - {}
RESULT: {}
COMMAND: GET /session/153c6080784a3c0ed5a7a3a51a23aea7/screenshot - {}
RESULT: {}
COMMAND: POST /session/153c6080784a3c0ed5a7a3a51a23aea7/execute/async - {"script":"<script> [1562 bytes]","args":[{"selector":{"controlType":"sap.m.SearchField","properties":{"placeholder":"Search"},"searchOpenDialogs":true,"interaction":{"idSuffix":"I"}},"wdio_ui5_key":"sapm.SearchField{\"placeholder\":\"Search\"}"}]}
RESULT: {"script":"<script> [1562 bytes]","args":[{"selector":{"controlType":"sap.m.SearchField","properties":{"placeholder":"Search"},"searchOpenDialogs":true,"interaction":{"idSuffix":"I"}},"wdio_ui5_key":"sapm.SearchField{\"placeholder\":\"Search\"}"}]}
RESULT: undefined
COMMAND: POST /session/153c6080784a3c0ed5a7a3a51a23aea7/execute/async - {"script":"<script> [776 bytes]","args":[{"enterText":"4000360","selector":{"controlType":"sap.m.SearchField","properties":{"placeholder":"Search"},"searchOpenDialogs":true,"interaction":{"idSuffix":"I"}},"clearTextFirst":true,"interactionType":"ENTER_TEXT"}]}
RESULT: {"script":"<script> [776 bytes]","args":[{"enterText":"4000360","selector":{"controlType":"sap.m.SearchField","properties":{"placeholder":"Search"},"searchOpenDialogs":true,"interaction":{"idSuffix":"I"}},"clearTextFirst":true,"interactionType":"ENTER_TEXT"}]}
COMMAND: POST /session/153c6080784a3c0ed5a7a3a51a23aea7/actions - {"actions":[{"id":"action38","type":"key","parameters":{},"actions":[{"type":"keyDown","value":"î€‡"},{"type":"pause","duration":10},{"type":"keyUp","value":"î€‡"}]}]}
RESULT: {"actions":[{"id":"action38","type":"key","parameters":{},"actions":[{"type":"keyDown","value":"î€‡"},{"type":"pause","duration":10},{"type":"keyUp","value":"î€‡"}]}]}
COMMAND: GET /session/153c6080784a3c0ed5a7a3a51a23aea7/screenshot - {}
RESULT: {}
COMMAND: POST /session/153c6080784a3c0ed5a7a3a51a23aea7/element - {"using":"xpath","value":"//td/div/span[contains(text(), \"BGL Vehicles\")]"}
RESULT: {"using":"xpath","value":"//td/div/span[contains(text(), \"BGL Vehicles\")]"}
COMMAND: POST /session/153c6080784a3c0ed5a7a3a51a23aea7/element/f.2D07FE98EF058A5017333A18E496C5C8.d.1A72B9741C1113CAE6E81E1E3446A938.e.10998/click - {}
RESULT: {}
COMMAND: GET /session/153c6080784a3c0ed5a7a3a51a23aea7/screenshot - {}
RESULT: {}
COMMAND: POST /session/153c6080784a3c0ed5a7a3a51a23aea7/element - {"using":"xpath","value":"//bdi[contains(text(), \"OK\")]"}
RESULT: {"using":"xpath","value":"//bdi[contains(text(), \"OK\")]"}
COMMAND: POST /session/153c6080784a3c0ed5a7a3a51a23aea7/element/f.2D07FE98EF058A5017333A18E496C5C8.d.1A72B9741C1113CAE6E81E1E3446A938.e.10999/click - {}
RESULT: {}
COMMAND: GET /session/153c6080784a3c0ed5a7a3a51a23aea7/screenshot - {}
RESULT: {}
COMMAND: POST /session/153c6080784a3c0ed5a7a3a51a23aea7/execute/async - {"script":"<script> [1562 bytes]","args":[{"selector":{"id":"application-manageresources-display-component---newResourceUnit--newRRUPage-anchBar-application-manageresources-display-component---newResourceUnit--resource-anchor","interaction":{"idSuffix":"BDI-content"}},"wdio_ui5_key":"applicationmanageresources-display-component---newResourceUnit--newRRUPage-anchBar-application-manageresources-display-component---newResourceUnit--resource-anchor"}]}
RESULT: {"script":"<script> [1562 bytes]","args":[{"selector":{"id":"application-manageresources-display-component---newResourceUnit--newRRUPage-anchBar-application-manageresources-display-component---newResourceUnit--resource-anchor","interaction":{"idSuffix":"BDI-content"}},"wdio_ui5_key":"applicationmanageresources-display-component---newResourceUnit--newRRUPage-anchBar-application-manageresources-display-component---newResourceUnit--resource-anchor"}]}
RESULT: undefined
COMMAND: POST /session/153c6080784a3c0ed5a7a3a51a23aea7/element - {"using":"xpath","value":"//*[@id=\"application-manageresources-display-component---newResourceUnit--newRRUPage-anchBar-application-manageresources-display-component---newResourceUnit--resource-anchor\"]"}
RESULT: {"using":"xpath","value":"//*[@id=\"application-manageresources-display-component---newResourceUnit--newRRUPage-anchBar-application-manageresources-display-component---newResourceUnit--resource-anchor\"]"}
COMMAND: POST /session/153c6080784a3c0ed5a7a3a51a23aea7/element/f.2D07FE98EF058A5017333A18E496C5C8.d.1A72B9741C1113CAE6E81E1E3446A938.e.11003/click - {}
RESULT: {}
COMMAND: POST /session/153c6080784a3c0ed5a7a3a51a23aea7/execute/async - {"script":"<script> [1562 bytes]","args":[{"selector":{"id":"application-manageresources-display-component---newResourceUnit--PLANNED_DELIVERY_DATE","interaction":{"idSuffix":"inner"}},"wdio_ui5_key":"applicationmanageresources-display-component---newResourceUnit--PLANNED_DELIVERY_DATE"}]}
COMMAND: GET /session/153c6080784a3c0ed5a7a3a51a23aea7/screenshot - {}
RESULT: {"script":"<script> [1562 bytes]","args":[{"selector":{"id":"application-manageresources-display-component---newResourceUnit--PLANNED_DELIVERY_DATE","interaction":{"idSuffix":"inner"}},"wdio_ui5_key":"applicationmanageresources-display-component---newResourceUnit--PLANNED_DELIVERY_DATE"}]}
RESULT: undefined
COMMAND: POST /session/153c6080784a3c0ed5a7a3a51a23aea7/execute/async - {"script":"<script> [6424 bytes]","args":[{"element-6066-11e4-a52e-4f735466cecf":"f.2D07FE98EF058A5017333A18E496C5C8.d.1A72B9741C1113CAE6E81E1E3446A938.e.10831"},"setValue",["6/4/25"]]}
RESULT: {}
RESULT: {"script":"<script> [6424 bytes]","args":[{"element-6066-11e4-a52e-4f735466cecf":"f.2D07FE98EF058A5017333A18E496C5C8.d.1A72B9741C1113CAE6E81E1E3446A938.e.10831"},"setValue",["6/4/25"]]}
COMMAND: POST /session/153c6080784a3c0ed5a7a3a51a23aea7/element - {"using":"xpath","value":"//label[contains(@class, 'sapMLabelRequired') and .//bdi[contains(text(), 'Planned Retirement')]]"}
RESULT: {"using":"xpath","value":"//label[contains(@class, 'sapMLabelRequired') and .//bdi[contains(text(), 'Planned Retirement')]]"}
COMMAND: POST /session/153c6080784a3c0ed5a7a3a51a23aea7/elements - {"using":"xpath","value":"//label[contains(@class, 'sapMLabelRequired') and .//bdi[contains(text(), 'Planned Retirement')]]"}
RESULT: {"using":"xpath","value":"//label[contains(@class, 'sapMLabelRequired') and .//bdi[contains(text(), 'Planned Retirement')]]"}
COMMAND: POST /session/153c6080784a3c0ed5a7a3a51a23aea7/element - {"using":"xpath","value":"//button[@data-kt=\"resourceUnitSaveButton\"]"}
RESULT: {"using":"xpath","value":"//button[@data-kt=\"resourceUnitSaveButton\"]"}
COMMAND: POST /session/153c6080784a3c0ed5a7a3a51a23aea7/element/f.2D07FE98EF058A5017333A18E496C5C8.d.1A72B9741C1113CAE6E81E1E3446A938.e.10790/click - {}
RESULT: {}
COMMAND: GET /session/153c6080784a3c0ed5a7a3a51a23aea7/screenshot - {}
RESULT: {}
COMMAND: POST /session/153c6080784a3c0ed5a7a3a51a23aea7/element - {"using":"xpath","value":"//bdi[contains(text(), \"Close\")]"}
RESULT: {"using":"xpath","value":"//bdi[contains(text(), \"Close\")]"}
COMMAND: POST /session/153c6080784a3c0ed5a7a3a51a23aea7/element/f.2D07FE98EF058A5017333A18E496C5C8.d.1A72B9741C1113CAE6E81E1E3446A938.e.11011/click - {}
RESULT: {}
COMMAND: GET /session/153c6080784a3c0ed5a7a3a51a23aea7/screenshot - {}
RESULT: {}
COMMAND: POST /session/153c6080784a3c0ed5a7a3a51a23aea7/element - {"using":"xpath","value":"(//button[contains(@id ,\"actionsToolbar-overflowButton\")])[1]"}
RESULT: {"using":"xpath","value":"(//button[contains(@id ,\"actionsToolbar-overflowButton\")])[1]"}
COMMAND: POST /session/153c6080784a3c0ed5a7a3a51a23aea7/element/f.2D07FE98EF058A5017333A18E496C5C8.d.1A72B9741C1113CAE6E81E1E3446A938.e.11070/click - {}
RESULT: {}
COMMAND: GET /session/153c6080784a3c0ed5a7a3a51a23aea7/screenshot - {}
RESULT: {}
COMMAND: POST /session/153c6080784a3c0ed5a7a3a51a23aea7/element - {"using":"xpath","value":"//button[@data-kt=\"priceInfoButton\"]"}
RESULT: {"using":"xpath","value":"//button[@data-kt=\"priceInfoButton\"]"}
COMMAND: POST /session/153c6080784a3c0ed5a7a3a51a23aea7/element/f.2D07FE98EF058A5017333A18E496C5C8.d.1A72B9741C1113CAE6E81E1E3446A938.e.11072/click - {}
RESULT: {}
COMMAND: GET /session/153c6080784a3c0ed5a7a3a51a23aea7/screenshot - {}
]]></system-out>
    </testcase>
    <testcase classname="chrome.137_0_7151_56.windows.Billing_transfer_US117289" name="Should create new pricing rule" time="56.963">
      <system-out><![CDATA[
COMMAND: POST /session/153c6080784a3c0ed5a7a3a51a23aea7/element - {"using":"xpath","value":"//button[@data-kt=\"addButton\"]"}
RESULT: {}
RESULT: {"using":"xpath","value":"//button[@data-kt=\"addButton\"]"}
COMMAND: POST /session/153c6080784a3c0ed5a7a3a51a23aea7/elements - {"using":"xpath","value":"//button[@data-kt=\"addButton\"]"}
RESULT: {"using":"xpath","value":"//button[@data-kt=\"addButton\"]"}
COMMAND: POST /session/153c6080784a3c0ed5a7a3a51a23aea7/execute/sync - {"script":"<script> [8489 bytes]","args":[{"element-6066-11e4-a52e-4f735466cecf":"f.2D07FE98EF058A5017333A18E496C5C8.d.1A72B9741C1113CAE6E81E1E3446A938.e.11108","ELEMENT":"f.2D07FE98EF058A5017333A18E496C5C8.d.1A72B9741C1113CAE6E81E1E3446A938.e.11108"}]}
RESULT: {"script":"<script> [8489 bytes]","args":[{"element-6066-11e4-a52e-4f735466cecf":"f.2D07FE98EF058A5017333A18E496C5C8.d.1A72B9741C1113CAE6E81E1E3446A938.e.11108","ELEMENT":"f.2D07FE98EF058A5017333A18E496C5C8.d.1A72B9741C1113CAE6E81E1E3446A938.e.11108"}]}
COMMAND: GET /session/153c6080784a3c0ed5a7a3a51a23aea7/element/f.2D07FE98EF058A5017333A18E496C5C8.d.1A72B9741C1113CAE6E81E1E3446A938.e.11108/enabled - {}
COMMAND: GET /session/153c6080784a3c0ed5a7a3a51a23aea7/screenshot - {}
RESULT: {}
COMMAND: POST /session/153c6080784a3c0ed5a7a3a51a23aea7/execute/sync - {"script":"<script> [8489 bytes]","args":[{"element-6066-11e4-a52e-4f735466cecf":"f.2D07FE98EF058A5017333A18E496C5C8.d.1A72B9741C1113CAE6E81E1E3446A938.e.11108","ELEMENT":"f.2D07FE98EF058A5017333A18E496C5C8.d.1A72B9741C1113CAE6E81E1E3446A938.e.11108"}]}
COMMAND: GET /session/153c6080784a3c0ed5a7a3a51a23aea7/screenshot - {}
RESULT: {}
RESULT: {"script":"<script> [8489 bytes]","args":[{"element-6066-11e4-a52e-4f735466cecf":"f.2D07FE98EF058A5017333A18E496C5C8.d.1A72B9741C1113CAE6E81E1E3446A938.e.11108","ELEMENT":"f.2D07FE98EF058A5017333A18E496C5C8.d.1A72B9741C1113CAE6E81E1E3446A938.e.11108"}]}
COMMAND: POST /session/153c6080784a3c0ed5a7a3a51a23aea7/execute/sync - {"script":"<script> [5351 bytes]","args":[{"element-6066-11e4-a52e-4f735466cecf":"f.2D07FE98EF058A5017333A18E496C5C8.d.1A72B9741C1113CAE6E81E1E3446A938.e.11108","ELEMENT":"f.2D07FE98EF058A5017333A18E496C5C8.d.1A72B9741C1113CAE6E81E1E3446A938.e.11108"}]}
COMMAND: GET /session/153c6080784a3c0ed5a7a3a51a23aea7/screenshot - {}
RESULT: {}
RESULT: {"script":"<script> [5351 bytes]","args":[{"element-6066-11e4-a52e-4f735466cecf":"f.2D07FE98EF058A5017333A18E496C5C8.d.1A72B9741C1113CAE6E81E1E3446A938.e.11108","ELEMENT":"f.2D07FE98EF058A5017333A18E496C5C8.d.1A72B9741C1113CAE6E81E1E3446A938.e.11108"}]}
COMMAND: POST /session/153c6080784a3c0ed5a7a3a51a23aea7/element/f.2D07FE98EF058A5017333A18E496C5C8.d.1A72B9741C1113CAE6E81E1E3446A938.e.11108/click - {}
COMMAND: GET /session/153c6080784a3c0ed5a7a3a51a23aea7/screenshot - {}
RESULT: {}
RESULT: {}
COMMAND: GET /session/153c6080784a3c0ed5a7a3a51a23aea7/screenshot - {}
RESULT: {}
RESULT: {}
COMMAND: POST /session/153c6080784a3c0ed5a7a3a51a23aea7/execute/async - {"script":"<script> [1562 bytes]","args":[{"selector":{"controlType":"sap.m.Title","viewName":"etm.portal.ui.managepricingrules.view.NewItem","viewId":"application-managepricingrules-display-component---newInfoPriceItem","properties":{"text":"New Pricing Rules - Item Level"}},"wdio_ui5_key":"etmportal.ui.managepricingrules.view.NewItemsap.m.Title{\"text\":\"New Pricing Rules - Item Level\"}"}]}
RESULT: {"script":"<script> [1562 bytes]","args":[{"selector":{"controlType":"sap.m.Title","viewName":"etm.portal.ui.managepricingrules.view.NewItem","viewId":"application-managepricingrules-display-component---newInfoPriceItem","properties":{"text":"New Pricing Rules - Item Level"}},"wdio_ui5_key":"etmportal.ui.managepricingrules.view.NewItemsap.m.Title{\"text\":\"New Pricing Rules - Item Level\"}"}]}
RESULT: undefined
COMMAND: POST /session/153c6080784a3c0ed5a7a3a51a23aea7/execute/async - {"script":"<script> [6424 bytes]","args":[{"element-6066-11e4-a52e-4f735466cecf":"f.2D07FE98EF058A5017333A18E496C5C8.d.1A72B9741C1113CAE6E81E1E3446A938.e.11187"},"getText",[]]}
RESULT: {"script":"<script> [6424 bytes]","args":[{"element-6066-11e4-a52e-4f735466cecf":"f.2D07FE98EF058A5017333A18E496C5C8.d.1A72B9741C1113CAE6E81E1E3446A938.e.11187"},"getText",[]]}
COMMAND: POST /session/153c6080784a3c0ed5a7a3a51a23aea7/execute/async - {"script":"<script> [1562 bytes]","args":[{"selector":{"id":"application-managepricingrules-display-component---newInfoPriceItem--condValidTo","interaction":{"idSuffix":"inner"}},"wdio_ui5_key":"applicationmanagepricingrules-display-component---newInfoPriceItem--condValidTo"}]}
RESULT: {"script":"<script> [1562 bytes]","args":[{"selector":{"id":"application-managepricingrules-display-component---newInfoPriceItem--condValidTo","interaction":{"idSuffix":"inner"}},"wdio_ui5_key":"applicationmanagepricingrules-display-component---newInfoPriceItem--condValidTo"}]}
RESULT: undefined
COMMAND: POST /session/153c6080784a3c0ed5a7a3a51a23aea7/execute/async - {"script":"<script> [776 bytes]","args":[{"enterText":"2/4/26","selector":{"id":"application-managepricingrules-display-component---newInfoPriceItem--condValidTo","interaction":{"idSuffix":"inner"}},"clearTextFirst":true,"interactionType":"ENTER_TEXT"}]}
RESULT: {"script":"<script> [776 bytes]","args":[{"enterText":"2/4/26","selector":{"id":"application-managepricingrules-display-component---newInfoPriceItem--condValidTo","interaction":{"idSuffix":"inner"}},"clearTextFirst":true,"interactionType":"ENTER_TEXT"}]}
COMMAND: POST /session/153c6080784a3c0ed5a7a3a51a23aea7/execute/async - {"script":"<script> [1562 bytes]","args":[{"selector":{"id":"application-managepricingrules-display-component---newInfoPriceItem--billType-arrow"},"wdio_ui5_key":"applicationmanagepricingrules-display-component---newInfoPriceItem--billType-arrow"}]}
RESULT: {"script":"<script> [1562 bytes]","args":[{"selector":{"id":"application-managepricingrules-display-component---newInfoPriceItem--billType-arrow"},"wdio_ui5_key":"applicationmanagepricingrules-display-component---newInfoPriceItem--billType-arrow"}]}
RESULT: undefined
COMMAND: POST /session/153c6080784a3c0ed5a7a3a51a23aea7/element - {"using":"xpath","value":"//*[@id=\"application-managepricingrules-display-component---newInfoPriceItem--billType-arrow\"]"}
RESULT: {"using":"xpath","value":"//*[@id=\"application-managepricingrules-display-component---newInfoPriceItem--billType-arrow\"]"}
COMMAND: POST /session/153c6080784a3c0ed5a7a3a51a23aea7/element/f.2D07FE98EF058A5017333A18E496C5C8.d.1A72B9741C1113CAE6E81E1E3446A938.e.11191/click - {}
RESULT: {}
COMMAND: POST /session/153c6080784a3c0ed5a7a3a51a23aea7/element - {"using":"xpath","value":"//span[contains(text(), \"TB - Time based\")]"}
COMMAND: GET /session/153c6080784a3c0ed5a7a3a51a23aea7/screenshot - {}
RESULT: {"using":"xpath","value":"//span[contains(text(), \"TB - Time based\")]"}
COMMAND: POST /session/153c6080784a3c0ed5a7a3a51a23aea7/element/f.2D07FE98EF058A5017333A18E496C5C8.d.1A72B9741C1113CAE6E81E1E3446A938.e.11192/click - {}
RESULT: {}
RESULT: {}
COMMAND: POST /session/153c6080784a3c0ed5a7a3a51a23aea7/execute/async - {"script":"<script> [1562 bytes]","args":[{"selector":{"id":"application-managepricingrules-display-component---newInfoPriceItem--priceProc-arrow"},"wdio_ui5_key":"applicationmanagepricingrules-display-component---newInfoPriceItem--priceProc-arrow"}]}
COMMAND: GET /session/153c6080784a3c0ed5a7a3a51a23aea7/screenshot - {}
RESULT: {"script":"<script> [1562 bytes]","args":[{"selector":{"id":"application-managepricingrules-display-component---newInfoPriceItem--priceProc-arrow"},"wdio_ui5_key":"applicationmanagepricingrules-display-component---newInfoPriceItem--priceProc-arrow"}]}
RESULT: undefined
COMMAND: POST /session/153c6080784a3c0ed5a7a3a51a23aea7/element - {"using":"xpath","value":"//*[@id=\"application-managepricingrules-display-component---newInfoPriceItem--priceProc-arrow\"]"}
RESULT: {}
RESULT: {"using":"xpath","value":"//*[@id=\"application-managepricingrules-display-component---newInfoPriceItem--priceProc-arrow\"]"}
COMMAND: POST /session/153c6080784a3c0ed5a7a3a51a23aea7/element/f.2D07FE98EF058A5017333A18E496C5C8.d.1A72B9741C1113CAE6E81E1E3446A938.e.11193/click - {}
RESULT: {}
COMMAND: POST /session/153c6080784a3c0ed5a7a3a51a23aea7/element - {"using":"xpath","value":"//span[contains(text(), \"TBS - Time based standard\")]"}
COMMAND: GET /session/153c6080784a3c0ed5a7a3a51a23aea7/screenshot - {}
RESULT: {"using":"xpath","value":"//span[contains(text(), \"TBS - Time based standard\")]"}
COMMAND: POST /session/153c6080784a3c0ed5a7a3a51a23aea7/element/f.2D07FE98EF058A5017333A18E496C5C8.d.1A72B9741C1113CAE6E81E1E3446A938.e.11194/click - {}
RESULT: {}
RESULT: {}
COMMAND: POST /session/153c6080784a3c0ed5a7a3a51a23aea7/execute/async - {"script":"<script> [1562 bytes]","args":[{"selector":{"id":"application-managepricingrules-display-component---newInfoPriceItem--calcBase-arrow"},"wdio_ui5_key":"applicationmanagepricingrules-display-component---newInfoPriceItem--calcBase-arrow"}]}
COMMAND: GET /session/153c6080784a3c0ed5a7a3a51a23aea7/screenshot - {}
RESULT: {"script":"<script> [1562 bytes]","args":[{"selector":{"id":"application-managepricingrules-display-component---newInfoPriceItem--calcBase-arrow"},"wdio_ui5_key":"applicationmanagepricingrules-display-component---newInfoPriceItem--calcBase-arrow"}]}
RESULT: undefined
COMMAND: POST /session/153c6080784a3c0ed5a7a3a51a23aea7/element - {"using":"xpath","value":"//*[@id=\"application-managepricingrules-display-component---newInfoPriceItem--calcBase-arrow\"]"}
RESULT: {}
RESULT: {"using":"xpath","value":"//*[@id=\"application-managepricingrules-display-component---newInfoPriceItem--calcBase-arrow\"]"}
COMMAND: POST /session/153c6080784a3c0ed5a7a3a51a23aea7/element/f.2D07FE98EF058A5017333A18E496C5C8.d.1A72B9741C1113CAE6E81E1E3446A938.e.11195/click - {}
RESULT: {}
COMMAND: GET /session/153c6080784a3c0ed5a7a3a51a23aea7/screenshot - {}
RESULT: {}
COMMAND: POST /session/153c6080784a3c0ed5a7a3a51a23aea7/element - {"using":"xpath","value":"//span[contains(text(), \"0006 - TB(calendar days)\")]"}
RESULT: {"using":"xpath","value":"//span[contains(text(), \"0006 - TB(calendar days)\")]"}
COMMAND: POST /session/153c6080784a3c0ed5a7a3a51a23aea7/element/f.2D07FE98EF058A5017333A18E496C5C8.d.1A72B9741C1113CAE6E81E1E3446A938.e.11196/click - {}
RESULT: {}
COMMAND: GET /session/153c6080784a3c0ed5a7a3a51a23aea7/screenshot - {}
RESULT: {}
COMMAND: POST /session/153c6080784a3c0ed5a7a3a51a23aea7/execute/async - {"script":"<script> [1562 bytes]","args":[{"selector":{"id":"application-managepricingrules-display-component---newInfoPriceItem--daysMonth","interaction":{"idSuffix":"inner"}},"wdio_ui5_key":"applicationmanagepricingrules-display-component---newInfoPriceItem--daysMonth"}]}
RESULT: {"script":"<script> [1562 bytes]","args":[{"selector":{"id":"application-managepricingrules-display-component---newInfoPriceItem--daysMonth","interaction":{"idSuffix":"inner"}},"wdio_ui5_key":"applicationmanagepricingrules-display-component---newInfoPriceItem--daysMonth"}]}
RESULT: undefined
COMMAND: POST /session/153c6080784a3c0ed5a7a3a51a23aea7/execute/async - {"script":"<script> [776 bytes]","args":[{"enterText":"30","selector":{"id":"application-managepricingrules-display-component---newInfoPriceItem--daysMonth","interaction":{"idSuffix":"inner"}},"clearTextFirst":true,"interactionType":"ENTER_TEXT"}]}
RESULT: {"script":"<script> [776 bytes]","args":[{"enterText":"30","selector":{"id":"application-managepricingrules-display-component---newInfoPriceItem--daysMonth","interaction":{"idSuffix":"inner"}},"clearTextFirst":true,"interactionType":"ENTER_TEXT"}]}
COMMAND: POST /session/153c6080784a3c0ed5a7a3a51a23aea7/element - {"using":"xpath","value":"//button[@data-kt=\"saveNewRuleButton\"]"}
RESULT: {"using":"xpath","value":"//button[@data-kt=\"saveNewRuleButton\"]"}
COMMAND: POST /session/153c6080784a3c0ed5a7a3a51a23aea7/element/f.2D07FE98EF058A5017333A18E496C5C8.d.1A72B9741C1113CAE6E81E1E3446A938.e.11198/click - {}
RESULT: {}
COMMAND: GET /session/153c6080784a3c0ed5a7a3a51a23aea7/screenshot - {}
RESULT: {}
COMMAND: POST /session/153c6080784a3c0ed5a7a3a51a23aea7/execute/async - {"script":"<script> [1562 bytes]","args":[{"selector":{"id":"application-managepricingrules-display-component---priceInfoItem--smartFilterBar-btnBasicSearch","interaction":{"idSuffix":"I"}},"wdio_ui5_key":"applicationmanagepricingrules-display-component---priceInfoItem--smartFilterBar-btnBasicSearch"}]}
RESULT: {"script":"<script> [1562 bytes]","args":[{"selector":{"id":"application-managepricingrules-display-component---priceInfoItem--smartFilterBar-btnBasicSearch","interaction":{"idSuffix":"I"}},"wdio_ui5_key":"applicationmanagepricingrules-display-component---priceInfoItem--smartFilterBar-btnBasicSearch"}]}
RESULT: undefined
COMMAND: POST /session/153c6080784a3c0ed5a7a3a51a23aea7/execute/async - {"script":"<script> [776 bytes]","args":[{"enterText":"yZELeQt1k7","selector":{"id":"application-managepricingrules-display-component---priceInfoItem--smartFilterBar-btnBasicSearch","interaction":{"idSuffix":"I"}},"clearTextFirst":true,"interactionType":"ENTER_TEXT"}]}
RESULT: {"script":"<script> [776 bytes]","args":[{"enterText":"yZELeQt1k7","selector":{"id":"application-managepricingrules-display-component---priceInfoItem--smartFilterBar-btnBasicSearch","interaction":{"idSuffix":"I"}},"clearTextFirst":true,"interactionType":"ENTER_TEXT"}]}
COMMAND: POST /session/153c6080784a3c0ed5a7a3a51a23aea7/actions - {"actions":[{"id":"action39","type":"key","parameters":{},"actions":[{"type":"keyDown","value":"î€‡"},{"type":"pause","duration":10},{"type":"keyUp","value":"î€‡"}]}]}
RESULT: {"actions":[{"id":"action39","type":"key","parameters":{},"actions":[{"type":"keyDown","value":"î€‡"},{"type":"pause","duration":10},{"type":"keyUp","value":"î€‡"}]}]}
COMMAND: GET /session/153c6080784a3c0ed5a7a3a51a23aea7/screenshot - {}
RESULT: {}
COMMAND: POST /session/153c6080784a3c0ed5a7a3a51a23aea7/element - {"using":"xpath","value":"//span[@id=\"application-managepricingrules-display-component---priceInfoItem--smartTable-header-inner\"]"}
RESULT: {"using":"xpath","value":"//span[@id=\"application-managepricingrules-display-component---priceInfoItem--smartTable-header-inner\"]"}
COMMAND: POST /session/153c6080784a3c0ed5a7a3a51a23aea7/elements - {"using":"xpath","value":"//span[@id=\"application-managepricingrules-display-component---priceInfoItem--smartTable-header-inner\"]"}
RESULT: {"using":"xpath","value":"//span[@id=\"application-managepricingrules-display-component---priceInfoItem--smartTable-header-inner\"]"}
COMMAND: POST /session/153c6080784a3c0ed5a7a3a51a23aea7/execute/sync - {"script":"<script> [56 bytes]","args":[{"element-6066-11e4-a52e-4f735466cecf":"f.2D07FE98EF058A5017333A18E496C5C8.d.1A72B9741C1113CAE6E81E1E3446A938.e.11211","ELEMENT":"f.2D07FE98EF058A5017333A18E496C5C8.d.1A72B9741C1113CAE6E81E1E3446A938.e.11211"}]}
RESULT: {"script":"<script> [56 bytes]","args":[{"element-6066-11e4-a52e-4f735466cecf":"f.2D07FE98EF058A5017333A18E496C5C8.d.1A72B9741C1113CAE6E81E1E3446A938.e.11211","ELEMENT":"f.2D07FE98EF058A5017333A18E496C5C8.d.1A72B9741C1113CAE6E81E1E3446A938.e.11211"}]}
COMMAND: POST /session/153c6080784a3c0ed5a7a3a51a23aea7/element - {"using":"css selector","value":"#shell-header-logo"}
COMMAND: GET /session/153c6080784a3c0ed5a7a3a51a23aea7/screenshot - {}
RESULT: {"using":"css selector","value":"#shell-header-logo"}
COMMAND: POST /session/153c6080784a3c0ed5a7a3a51a23aea7/element/f.2D07FE98EF058A5017333A18E496C5C8.d.1A72B9741C1113CAE6E81E1E3446A938.e.10385/click - {}
RESULT: {}
RESULT: {}
COMMAND: GET /session/153c6080784a3c0ed5a7a3a51a23aea7/screenshot - {}
RESULT: {}
]]></system-out>
    </testcase>
    <testcase classname="chrome.137_0_7151_56.windows.Billing_transfer_US117289" name="Should create new condition for equipment" time="75.965">
      <system-out><![CDATA[
COMMAND: POST /session/153c6080784a3c0ed5a7a3a51a23aea7/execute/async - {"script":"<script> [1562 bytes]","args":[{"selector":{"controlType":"sap.m.GenericTile","properties":{"header":"Manage Conditions & Prices"}},"wdio_ui5_key":"sapm.GenericTile{\"header\":\"Manage Conditions & Prices\"}"}]}
RESULT: {"script":"<script> [1562 bytes]","args":[{"selector":{"controlType":"sap.m.GenericTile","properties":{"header":"Manage Conditions & Prices"}},"wdio_ui5_key":"sapm.GenericTile{\"header\":\"Manage Conditions & Prices\"}"}]}
RESULT: undefined
COMMAND: POST /session/153c6080784a3c0ed5a7a3a51a23aea7/element - {"using":"xpath","value":"//*[@id=\"__tile53\"]"}
RESULT: {"using":"xpath","value":"//*[@id=\"__tile53\"]"}
COMMAND: POST /session/153c6080784a3c0ed5a7a3a51a23aea7/element/f.2D07FE98EF058A5017333A18E496C5C8.d.1A72B9741C1113CAE6E81E1E3446A938.e.10325/click - {}
RESULT: {}
COMMAND: GET /session/153c6080784a3c0ed5a7a3a51a23aea7/screenshot - {}
COMMAND: POST /session/153c6080784a3c0ed5a7a3a51a23aea7/elements - {"using":"xpath","value":"//span[text()='Error']"}
RESULT: {}
RESULT: {"using":"xpath","value":"//span[text()='Error']"}
COMMAND: POST /session/153c6080784a3c0ed5a7a3a51a23aea7/element - {"using":"xpath","value":"//button[@aria-label=\"Create\"]"}
RESULT: {"using":"xpath","value":"//button[@aria-label=\"Create\"]"}
COMMAND: POST /session/153c6080784a3c0ed5a7a3a51a23aea7/elements - {"using":"xpath","value":"//button[@aria-label=\"Create\"]"}
RESULT: {"using":"xpath","value":"//button[@aria-label=\"Create\"]"}
COMMAND: POST /session/153c6080784a3c0ed5a7a3a51a23aea7/execute/sync - {"script":"<script> [8489 bytes]","args":[{"element-6066-11e4-a52e-4f735466cecf":"f.2D07FE98EF058A5017333A18E496C5C8.d.1A72B9741C1113CAE6E81E1E3446A938.e.11247","ELEMENT":"f.2D07FE98EF058A5017333A18E496C5C8.d.1A72B9741C1113CAE6E81E1E3446A938.e.11247"}]}
RESULT: {"script":"<script> [8489 bytes]","args":[{"element-6066-11e4-a52e-4f735466cecf":"f.2D07FE98EF058A5017333A18E496C5C8.d.1A72B9741C1113CAE6E81E1E3446A938.e.11247","ELEMENT":"f.2D07FE98EF058A5017333A18E496C5C8.d.1A72B9741C1113CAE6E81E1E3446A938.e.11247"}]}
COMMAND: GET /session/153c6080784a3c0ed5a7a3a51a23aea7/element/f.2D07FE98EF058A5017333A18E496C5C8.d.1A72B9741C1113CAE6E81E1E3446A938.e.11247/enabled - {}
COMMAND: GET /session/153c6080784a3c0ed5a7a3a51a23aea7/screenshot - {}
RESULT: {}
COMMAND: POST /session/153c6080784a3c0ed5a7a3a51a23aea7/execute/sync - {"script":"<script> [8489 bytes]","args":[{"element-6066-11e4-a52e-4f735466cecf":"f.2D07FE98EF058A5017333A18E496C5C8.d.1A72B9741C1113CAE6E81E1E3446A938.e.11247","ELEMENT":"f.2D07FE98EF058A5017333A18E496C5C8.d.1A72B9741C1113CAE6E81E1E3446A938.e.11247"}]}
COMMAND: GET /session/153c6080784a3c0ed5a7a3a51a23aea7/screenshot - {}
RESULT: {}
RESULT: {"script":"<script> [8489 bytes]","args":[{"element-6066-11e4-a52e-4f735466cecf":"f.2D07FE98EF058A5017333A18E496C5C8.d.1A72B9741C1113CAE6E81E1E3446A938.e.11247","ELEMENT":"f.2D07FE98EF058A5017333A18E496C5C8.d.1A72B9741C1113CAE6E81E1E3446A938.e.11247"}]}
COMMAND: POST /session/153c6080784a3c0ed5a7a3a51a23aea7/execute/sync - {"script":"<script> [5351 bytes]","args":[{"element-6066-11e4-a52e-4f735466cecf":"f.2D07FE98EF058A5017333A18E496C5C8.d.1A72B9741C1113CAE6E81E1E3446A938.e.11247","ELEMENT":"f.2D07FE98EF058A5017333A18E496C5C8.d.1A72B9741C1113CAE6E81E1E3446A938.e.11247"}]}
COMMAND: GET /session/153c6080784a3c0ed5a7a3a51a23aea7/screenshot - {}
RESULT: {}
RESULT: {"script":"<script> [5351 bytes]","args":[{"element-6066-11e4-a52e-4f735466cecf":"f.2D07FE98EF058A5017333A18E496C5C8.d.1A72B9741C1113CAE6E81E1E3446A938.e.11247","ELEMENT":"f.2D07FE98EF058A5017333A18E496C5C8.d.1A72B9741C1113CAE6E81E1E3446A938.e.11247"}]}
COMMAND: POST /session/153c6080784a3c0ed5a7a3a51a23aea7/element/f.2D07FE98EF058A5017333A18E496C5C8.d.1A72B9741C1113CAE6E81E1E3446A938.e.11247/click - {}
COMMAND: GET /session/153c6080784a3c0ed5a7a3a51a23aea7/screenshot - {}
RESULT: {}
RESULT: {}
COMMAND: GET /session/153c6080784a3c0ed5a7a3a51a23aea7/screenshot - {}
RESULT: {}
RESULT: {}
COMMAND: POST /session/153c6080784a3c0ed5a7a3a51a23aea7/actions - {"actions":[{"id":"action40","type":"key","parameters":{},"actions":[{"type":"keyDown","value":"î€‡"},{"type":"pause","duration":10},{"type":"keyUp","value":"î€‡"}]}]}
RESULT: {"actions":[{"id":"action40","type":"key","parameters":{},"actions":[{"type":"keyDown","value":"î€‡"},{"type":"pause","duration":10},{"type":"keyUp","value":"î€‡"}]}]}
COMMAND: GET /session/153c6080784a3c0ed5a7a3a51a23aea7/screenshot - {}
COMMAND: POST /session/153c6080784a3c0ed5a7a3a51a23aea7/execute/async - {"script":"<script> [1562 bytes]","args":[{"selector":{"id":"application-manageconditionprice-display-component---newCondition--condBillCond-arrow"},"wdio_ui5_key":"applicationmanageconditionprice-display-component---newCondition--condBillCond-arrow"}]}
RESULT: {}
RESULT: {"script":"<script> [1562 bytes]","args":[{"selector":{"id":"application-manageconditionprice-display-component---newCondition--condBillCond-arrow"},"wdio_ui5_key":"applicationmanageconditionprice-display-component---newCondition--condBillCond-arrow"}]}
RESULT: undefined
COMMAND: POST /session/153c6080784a3c0ed5a7a3a51a23aea7/element - {"using":"xpath","value":"//*[@id=\"application-manageconditionprice-display-component---newCondition--condBillCond-arrow\"]"}
RESULT: {"using":"xpath","value":"//*[@id=\"application-manageconditionprice-display-component---newCondition--condBillCond-arrow\"]"}
COMMAND: POST /session/153c6080784a3c0ed5a7a3a51a23aea7/element/f.2D07FE98EF058A5017333A18E496C5C8.d.1A72B9741C1113CAE6E81E1E3446A938.e.11426/click - {}
RESULT: {}
COMMAND: GET /session/153c6080784a3c0ed5a7a3a51a23aea7/screenshot - {}
RESULT: {}
COMMAND: POST /session/153c6080784a3c0ed5a7a3a51a23aea7/element - {"using":"xpath","value":"//li[.//span[contains(text(), \"DISP - D&I special price\")]]"}
RESULT: {"using":"xpath","value":"//li[.//span[contains(text(), \"DISP - D&I special price\")]]"}
COMMAND: POST /session/153c6080784a3c0ed5a7a3a51a23aea7/element/f.2D07FE98EF058A5017333A18E496C5C8.d.1A72B9741C1113CAE6E81E1E3446A938.e.11429/click - {}
RESULT: {}
COMMAND: GET /session/153c6080784a3c0ed5a7a3a51a23aea7/screenshot - {}
RESULT: {}
COMMAND: POST /session/153c6080784a3c0ed5a7a3a51a23aea7/execute/async - {"script":"<script> [1562 bytes]","args":[{"selector":{"id":"application-manageconditionprice-display-component---newCondition--condValidTo","interaction":{"idSuffix":"inner"}},"wdio_ui5_key":"applicationmanageconditionprice-display-component---newCondition--condValidTo"}]}
RESULT: {"script":"<script> [1562 bytes]","args":[{"selector":{"id":"application-manageconditionprice-display-component---newCondition--condValidTo","interaction":{"idSuffix":"inner"}},"wdio_ui5_key":"applicationmanageconditionprice-display-component---newCondition--condValidTo"}]}
RESULT: undefined
COMMAND: POST /session/153c6080784a3c0ed5a7a3a51a23aea7/execute/async - {"script":"<script> [776 bytes]","args":[{"enterText":"2/4/26","selector":{"id":"application-manageconditionprice-display-component---newCondition--condValidTo","interaction":{"idSuffix":"inner"}},"clearTextFirst":true,"interactionType":"ENTER_TEXT"}]}
RESULT: {"script":"<script> [776 bytes]","args":[{"enterText":"2/4/26","selector":{"id":"application-manageconditionprice-display-component---newCondition--condValidTo","interaction":{"idSuffix":"inner"}},"clearTextFirst":true,"interactionType":"ENTER_TEXT"}]}
COMMAND: POST /session/153c6080784a3c0ed5a7a3a51a23aea7/element - {"using":"xpath","value":"//input[@id=\"application-manageconditionprice-display-component---newCondition--condRU-inner\"]"}
RESULT: {"using":"xpath","value":"//input[@id=\"application-manageconditionprice-display-component---newCondition--condRU-inner\"]"}
COMMAND: POST /session/153c6080784a3c0ed5a7a3a51a23aea7/element/f.2D07FE98EF058A5017333A18E496C5C8.d.1A72B9741C1113CAE6E81E1E3446A938.e.11292/clear - {}
RESULT: {}
COMMAND: POST /session/153c6080784a3c0ed5a7a3a51a23aea7/element/f.2D07FE98EF058A5017333A18E496C5C8.d.1A72B9741C1113CAE6E81E1E3446A938.e.11292/value - {"text":"yZELeQt1k7"}
COMMAND: GET /session/153c6080784a3c0ed5a7a3a51a23aea7/screenshot - {}
RESULT: {"text":"yZELeQt1k7"}
COMMAND: GET /session/153c6080784a3c0ed5a7a3a51a23aea7/screenshot - {}
RESULT: {}
RESULT: {}
COMMAND: POST /session/153c6080784a3c0ed5a7a3a51a23aea7/actions - {"actions":[{"id":"action41","type":"key","parameters":{},"actions":[{"type":"keyDown","value":"î€‡"},{"type":"pause","duration":10},{"type":"keyUp","value":"î€‡"}]}]}
RESULT: {"actions":[{"id":"action41","type":"key","parameters":{},"actions":[{"type":"keyDown","value":"î€‡"},{"type":"pause","duration":10},{"type":"keyUp","value":"î€‡"}]}]}
COMMAND: POST /session/153c6080784a3c0ed5a7a3a51a23aea7/execute/async - {"script":"<script> [1562 bytes]","args":[{"selector":{"id":"application-manageconditionprice-display-component---newCondition--condBaseQty","interaction":{"idSuffix":"inner"}},"wdio_ui5_key":"applicationmanageconditionprice-display-component---newCondition--condBaseQty"}]}
COMMAND: GET /session/153c6080784a3c0ed5a7a3a51a23aea7/screenshot - {}
RESULT: {"script":"<script> [1562 bytes]","args":[{"selector":{"id":"application-manageconditionprice-display-component---newCondition--condBaseQty","interaction":{"idSuffix":"inner"}},"wdio_ui5_key":"applicationmanageconditionprice-display-component---newCondition--condBaseQty"}]}
RESULT: undefined
COMMAND: POST /session/153c6080784a3c0ed5a7a3a51a23aea7/execute/async - {"script":"<script> [776 bytes]","args":[{"enterText":"1","selector":{"id":"application-manageconditionprice-display-component---newCondition--condBaseQty","interaction":{"idSuffix":"inner"}},"clearTextFirst":true,"interactionType":"ENTER_TEXT"}]}
RESULT: {}
RESULT: {"script":"<script> [776 bytes]","args":[{"enterText":"1","selector":{"id":"application-manageconditionprice-display-component---newCondition--condBaseQty","interaction":{"idSuffix":"inner"}},"clearTextFirst":true,"interactionType":"ENTER_TEXT"}]}
COMMAND: POST /session/153c6080784a3c0ed5a7a3a51a23aea7/execute/async - {"script":"<script> [1562 bytes]","args":[{"selector":{"id":"application-manageconditionprice-display-component---newCondition--condValue","interaction":{"idSuffix":"inner"}},"wdio_ui5_key":"applicationmanageconditionprice-display-component---newCondition--condValue"}]}
RESULT: {"script":"<script> [1562 bytes]","args":[{"selector":{"id":"application-manageconditionprice-display-component---newCondition--condValue","interaction":{"idSuffix":"inner"}},"wdio_ui5_key":"applicationmanageconditionprice-display-component---newCondition--condValue"}]}
RESULT: undefined
COMMAND: POST /session/153c6080784a3c0ed5a7a3a51a23aea7/execute/async - {"script":"<script> [776 bytes]","args":[{"enterText":"100","selector":{"id":"application-manageconditionprice-display-component---newCondition--condValue","interaction":{"idSuffix":"inner"}},"clearTextFirst":true,"interactionType":"ENTER_TEXT"}]}
RESULT: {"script":"<script> [776 bytes]","args":[{"enterText":"100","selector":{"id":"application-manageconditionprice-display-component---newCondition--condValue","interaction":{"idSuffix":"inner"}},"clearTextFirst":true,"interactionType":"ENTER_TEXT"}]}
COMMAND: POST /session/153c6080784a3c0ed5a7a3a51a23aea7/execute/async - {"script":"<script> [1562 bytes]","args":[{"selector":{"id":"application-manageconditionprice-display-component---newCondition--condCurr-arrow"},"wdio_ui5_key":"applicationmanageconditionprice-display-component---newCondition--condCurr-arrow"}]}
RESULT: {"script":"<script> [1562 bytes]","args":[{"selector":{"id":"application-manageconditionprice-display-component---newCondition--condCurr-arrow"},"wdio_ui5_key":"applicationmanageconditionprice-display-component---newCondition--condCurr-arrow"}]}
RESULT: undefined
COMMAND: POST /session/153c6080784a3c0ed5a7a3a51a23aea7/element - {"using":"xpath","value":"//*[@id=\"application-manageconditionprice-display-component---newCondition--condCurr-arrow\"]"}
RESULT: {"using":"xpath","value":"//*[@id=\"application-manageconditionprice-display-component---newCondition--condCurr-arrow\"]"}
COMMAND: POST /session/153c6080784a3c0ed5a7a3a51a23aea7/element/f.2D07FE98EF058A5017333A18E496C5C8.d.1A72B9741C1113CAE6E81E1E3446A938.e.11394/click - {}
RESULT: {}
COMMAND: POST /session/153c6080784a3c0ed5a7a3a51a23aea7/element - {"using":"xpath","value":"//span[contains(text(), \"Euro\")]"}
COMMAND: GET /session/153c6080784a3c0ed5a7a3a51a23aea7/screenshot - {}
RESULT: {"using":"xpath","value":"//span[contains(text(), \"Euro\")]"}
COMMAND: POST /session/153c6080784a3c0ed5a7a3a51a23aea7/element/f.2D07FE98EF058A5017333A18E496C5C8.d.1A72B9741C1113CAE6E81E1E3446A938.e.11466/click - {}
RESULT: {}
RESULT: {}
COMMAND: POST /session/153c6080784a3c0ed5a7a3a51a23aea7/element - {"using":"xpath","value":"//button[@data-kt=\"saveButton\"]"}
COMMAND: GET /session/153c6080784a3c0ed5a7a3a51a23aea7/screenshot - {}
RESULT: {"using":"xpath","value":"//button[@data-kt=\"saveButton\"]"}
COMMAND: POST /session/153c6080784a3c0ed5a7a3a51a23aea7/element/f.2D07FE98EF058A5017333A18E496C5C8.d.1A72B9741C1113CAE6E81E1E3446A938.e.11395/click - {}
RESULT: {}
RESULT: {}
COMMAND: GET /session/153c6080784a3c0ed5a7a3a51a23aea7/screenshot - {}
RESULT: {}
COMMAND: POST /session/153c6080784a3c0ed5a7a3a51a23aea7/execute/async - {"script":"<script> [1562 bytes]","args":[{"selector":{"id":"application-manageconditionprice-display-component---conditions--smartFilterBar-btnBasicSearch","interaction":{"idSuffix":"I"}},"wdio_ui5_key":"applicationmanageconditionprice-display-component---conditions--smartFilterBar-btnBasicSearch"}]}
RESULT: {"script":"<script> [1562 bytes]","args":[{"selector":{"id":"application-manageconditionprice-display-component---conditions--smartFilterBar-btnBasicSearch","interaction":{"idSuffix":"I"}},"wdio_ui5_key":"applicationmanageconditionprice-display-component---conditions--smartFilterBar-btnBasicSearch"}]}
RESULT: undefined
COMMAND: POST /session/153c6080784a3c0ed5a7a3a51a23aea7/execute/async - {"script":"<script> [776 bytes]","args":[{"enterText":"yZELeQt1k7","selector":{"id":"application-manageconditionprice-display-component---conditions--smartFilterBar-btnBasicSearch","interaction":{"idSuffix":"I"}},"clearTextFirst":true,"interactionType":"ENTER_TEXT"}]}
RESULT: {"script":"<script> [776 bytes]","args":[{"enterText":"yZELeQt1k7","selector":{"id":"application-manageconditionprice-display-component---conditions--smartFilterBar-btnBasicSearch","interaction":{"idSuffix":"I"}},"clearTextFirst":true,"interactionType":"ENTER_TEXT"}]}
COMMAND: POST /session/153c6080784a3c0ed5a7a3a51a23aea7/actions - {"actions":[{"id":"action42","type":"key","parameters":{},"actions":[{"type":"keyDown","value":"î€‡"},{"type":"pause","duration":10},{"type":"keyUp","value":"î€‡"}]}]}
RESULT: {"actions":[{"id":"action42","type":"key","parameters":{},"actions":[{"type":"keyDown","value":"î€‡"},{"type":"pause","duration":10},{"type":"keyUp","value":"î€‡"}]}]}
COMMAND: GET /session/153c6080784a3c0ed5a7a3a51a23aea7/screenshot - {}
RESULT: {}
COMMAND: POST /session/153c6080784a3c0ed5a7a3a51a23aea7/execute/async - {"script":"<script> [1562 bytes]","args":[{"selector":{"id":"application-manageconditionprice-display-component---conditions--smartFilterBar-filterItemControl_BASIC-BILL_TYPES-vhi"},"wdio_ui5_key":"applicationmanageconditionprice-display-component---conditions--smartFilterBar-filterItemControl_BASIC-BILL_TYPES-vhi"}]}
RESULT: {"script":"<script> [1562 bytes]","args":[{"selector":{"id":"application-manageconditionprice-display-component---conditions--smartFilterBar-filterItemControl_BASIC-BILL_TYPES-vhi"},"wdio_ui5_key":"applicationmanageconditionprice-display-component---conditions--smartFilterBar-filterItemControl_BASIC-BILL_TYPES-vhi"}]}
RESULT: undefined
COMMAND: POST /session/153c6080784a3c0ed5a7a3a51a23aea7/element - {"using":"xpath","value":"//*[@id=\"application-manageconditionprice-display-component---conditions--smartFilterBar-filterItemControl_BASIC-BILL_TYPES-vhi\"]"}
RESULT: {"using":"xpath","value":"//*[@id=\"application-manageconditionprice-display-component---conditions--smartFilterBar-filterItemControl_BASIC-BILL_TYPES-vhi\"]"}
COMMAND: POST /session/153c6080784a3c0ed5a7a3a51a23aea7/element/f.2D07FE98EF058A5017333A18E496C5C8.d.1A72B9741C1113CAE6E81E1E3446A938.e.11483/click - {}
RESULT: {}
COMMAND: POST /session/153c6080784a3c0ed5a7a3a51a23aea7/execute/async - {"script":"<script> [1562 bytes]","args":[{"selector":{"id":"application-manageconditionprice-display-component---conditions--smartFilterBar-filterItemControl_BASIC-BILL_TYPES-valueHelpDialog-smartFilterBar-btnBasicSearch","searchOpenDialogs":true,"interaction":{"idSuffix":"I"}},"wdio_ui5_key":"applicationmanageconditionprice-display-component---conditions--smartFilterBar-filterItemControl_BASIC-BILL_TYPES-valueHelpDialog-smartFilterBar-btnBasicSearch"}]}
COMMAND: GET /session/153c6080784a3c0ed5a7a3a51a23aea7/screenshot - {}
RESULT: {"script":"<script> [1562 bytes]","args":[{"selector":{"id":"application-manageconditionprice-display-component---conditions--smartFilterBar-filterItemControl_BASIC-BILL_TYPES-valueHelpDialog-smartFilterBar-btnBasicSearch","searchOpenDialogs":true,"interaction":{"idSuffix":"I"}},"wdio_ui5_key":"applicationmanageconditionprice-display-component---conditions--smartFilterBar-filterItemControl_BASIC-BILL_TYPES-valueHelpDialog-smartFilterBar-btnBasicSearch"}]}
RESULT: undefined
COMMAND: POST /session/153c6080784a3c0ed5a7a3a51a23aea7/execute/async - {"script":"<script> [776 bytes]","args":[{"enterText":"TB","selector":{"id":"application-manageconditionprice-display-component---conditions--smartFilterBar-filterItemControl_BASIC-BILL_TYPES-valueHelpDialog-smartFilterBar-btnBasicSearch","searchOpenDialogs":true,"interaction":{"idSuffix":"I"}},"clearTextFirst":true,"interactionType":"ENTER_TEXT"}]}
RESULT: {}
RESULT: {"script":"<script> [776 bytes]","args":[{"enterText":"TB","selector":{"id":"application-manageconditionprice-display-component---conditions--smartFilterBar-filterItemControl_BASIC-BILL_TYPES-valueHelpDialog-smartFilterBar-btnBasicSearch","searchOpenDialogs":true,"interaction":{"idSuffix":"I"}},"clearTextFirst":true,"interactionType":"ENTER_TEXT"}]}
COMMAND: POST /session/153c6080784a3c0ed5a7a3a51a23aea7/actions - {"actions":[{"id":"action43","type":"key","parameters":{},"actions":[{"type":"keyDown","value":"î€‡"},{"type":"pause","duration":10},{"type":"keyUp","value":"î€‡"}]}]}
RESULT: {"actions":[{"id":"action43","type":"key","parameters":{},"actions":[{"type":"keyDown","value":"î€‡"},{"type":"pause","duration":10},{"type":"keyUp","value":"î€‡"}]}]}
COMMAND: GET /session/153c6080784a3c0ed5a7a3a51a23aea7/screenshot - {}
RESULT: {}
COMMAND: POST /session/153c6080784a3c0ed5a7a3a51a23aea7/element - {"using":"xpath","value":"//div[contains(@id, 'application-manageconditionprice-display-component---conditions--smartFilterBar-filterItemControl_BASIC-BILL_TYPES-valueHelpDialog-table-rowsel0')]"}
RESULT: {"using":"xpath","value":"//div[contains(@id, 'application-manageconditionprice-display-component---conditions--smartFilterBar-filterItemControl_BASIC-BILL_TYPES-valueHelpDialog-table-rowsel0')]"}
COMMAND: POST /session/153c6080784a3c0ed5a7a3a51a23aea7/element/f.2D07FE98EF058A5017333A18E496C5C8.d.1A72B9741C1113CAE6E81E1E3446A938.e.11492/click - {}
RESULT: {}
COMMAND: GET /session/153c6080784a3c0ed5a7a3a51a23aea7/screenshot - {}
RESULT: {}
COMMAND: POST /session/153c6080784a3c0ed5a7a3a51a23aea7/element - {"using":"xpath","value":"//bdi[contains(text(), \"OK\")]"}
RESULT: {"using":"xpath","value":"//bdi[contains(text(), \"OK\")]"}
COMMAND: POST /session/153c6080784a3c0ed5a7a3a51a23aea7/element/f.2D07FE98EF058A5017333A18E496C5C8.d.1A72B9741C1113CAE6E81E1E3446A938.e.11494/click - {}
RESULT: {}
COMMAND: GET /session/153c6080784a3c0ed5a7a3a51a23aea7/screenshot - {}
RESULT: {}
COMMAND: POST /session/153c6080784a3c0ed5a7a3a51a23aea7/element - {"using":"xpath","value":"//span[@id=\"application-manageconditionprice-display-component---conditions--smartTable-header-inner\"]"}
RESULT: {"using":"xpath","value":"//span[@id=\"application-manageconditionprice-display-component---conditions--smartTable-header-inner\"]"}
COMMAND: POST /session/153c6080784a3c0ed5a7a3a51a23aea7/elements - {"using":"xpath","value":"//span[@id=\"application-manageconditionprice-display-component---conditions--smartTable-header-inner\"]"}
RESULT: {"using":"xpath","value":"//span[@id=\"application-manageconditionprice-display-component---conditions--smartTable-header-inner\"]"}
COMMAND: POST /session/153c6080784a3c0ed5a7a3a51a23aea7/execute/sync - {"script":"<script> [56 bytes]","args":[{"element-6066-11e4-a52e-4f735466cecf":"f.2D07FE98EF058A5017333A18E496C5C8.d.1A72B9741C1113CAE6E81E1E3446A938.e.11497","ELEMENT":"f.2D07FE98EF058A5017333A18E496C5C8.d.1A72B9741C1113CAE6E81E1E3446A938.e.11497"}]}
RESULT: {"script":"<script> [56 bytes]","args":[{"element-6066-11e4-a52e-4f735466cecf":"f.2D07FE98EF058A5017333A18E496C5C8.d.1A72B9741C1113CAE6E81E1E3446A938.e.11497","ELEMENT":"f.2D07FE98EF058A5017333A18E496C5C8.d.1A72B9741C1113CAE6E81E1E3446A938.e.11497"}]}
COMMAND: POST /session/153c6080784a3c0ed5a7a3a51a23aea7/element - {"using":"css selector","value":"#shell-header-logo"}
COMMAND: GET /session/153c6080784a3c0ed5a7a3a51a23aea7/screenshot - {}
RESULT: {"using":"css selector","value":"#shell-header-logo"}
COMMAND: POST /session/153c6080784a3c0ed5a7a3a51a23aea7/element/f.2D07FE98EF058A5017333A18E496C5C8.d.1A72B9741C1113CAE6E81E1E3446A938.e.11214/click - {}
RESULT: {}
RESULT: {}
COMMAND: GET /session/153c6080784a3c0ed5a7a3a51a23aea7/screenshot - {}
RESULT: {}
]]></system-out>
    </testcase>
  </testsuite>
  <testsuite timestamp="2025-06-04T18:14:27" time="770.104" tests="12" failures="6" errors="6" skipped="0">
    <properties>
      <property name="specId" value="0" />
      <property name="suiteName" value="Create Reverse Billing US127248" />
      <property name="capabilities" value="chrome.137_0_7151_56.windows" />
      <property name="file" value="file:///D:/a/1/s/test/specs/BTS/reverse-billing.spec.js" />
    </properties>
    <testcase classname="chrome.137_0_7151_56.windows.Create_Reverse_Billing_US127248" name="Should create a new yard" time="0.01">
      <system-out><![CDATA[
COMMAND: POST /session/153c6080784a3c0ed5a7a3a51a23aea7/window/fullscreen - {}
RESULT: {}
]]></system-out>
    </testcase>
    <testcase classname="chrome.137_0_7151_56.windows.Create_Reverse_Billing_US127248" name="Should create a new partner" time="0.003" />
    <testcase classname="chrome.137_0_7151_56.windows.Create_Reverse_Billing_US127248" name="Should create a new site" time="0.002" />
    <testcase classname="chrome.137_0_7151_56.windows.Create_Reverse_Billing_US127248" name="Should create a resource" time="154.343">
      <system-out><![CDATA[
COMMAND: POST /session/153c6080784a3c0ed5a7a3a51a23aea7/execute/async - {"script":"<script> [1562 bytes]","args":[{"selector":{"controlType":"sap.m.GenericTile","properties":{"header":"Manage Resources"}},"wdio_ui5_key":"sapm.GenericTile{\"header\":\"Manage Resources\"}"}]}
RESULT: {"script":"<script> [1562 bytes]","args":[{"selector":{"controlType":"sap.m.GenericTile","properties":{"header":"Manage Resources"}},"wdio_ui5_key":"sapm.GenericTile{\"header\":\"Manage Resources\"}"}]}
RESULT: undefined
COMMAND: POST /session/153c6080784a3c0ed5a7a3a51a23aea7/element - {"using":"xpath","value":"//*[@id=\"__tile39\"]"}
RESULT: {"using":"xpath","value":"//*[@id=\"__tile39\"]"}
COMMAND: POST /session/153c6080784a3c0ed5a7a3a51a23aea7/element/f.2D07FE98EF058A5017333A18E496C5C8.d.B0B26FFC4C566164DD202BE577756A74.e.12056/click - {}
RESULT: {}
COMMAND: GET /session/153c6080784a3c0ed5a7a3a51a23aea7/screenshot - {}
RESULT: {}
COMMAND: POST /session/153c6080784a3c0ed5a7a3a51a23aea7/elements - {"using":"xpath","value":"//span[text()='Error']"}
RESULT: {"using":"xpath","value":"//span[text()='Error']"}
COMMAND: POST /session/153c6080784a3c0ed5a7a3a51a23aea7/element - {"using":"xpath","value":"//button[@data-kt=\"addNewRUOverflowToolbarButton\"]"}
RESULT: {"using":"xpath","value":"//button[@data-kt=\"addNewRUOverflowToolbarButton\"]"}
COMMAND: POST /session/153c6080784a3c0ed5a7a3a51a23aea7/elements - {"using":"xpath","value":"//button[@data-kt=\"addNewRUOverflowToolbarButton\"]"}
RESULT: {"using":"xpath","value":"//button[@data-kt=\"addNewRUOverflowToolbarButton\"]"}
COMMAND: POST /session/153c6080784a3c0ed5a7a3a51a23aea7/elements - {"using":"xpath","value":"//button[@data-kt=\"addNewRUOverflowToolbarButton\"]"}
RESULT: {"using":"xpath","value":"//button[@data-kt=\"addNewRUOverflowToolbarButton\"]"}
COMMAND: POST /session/153c6080784a3c0ed5a7a3a51a23aea7/elements - {"using":"xpath","value":"//button[@data-kt=\"addNewRUOverflowToolbarButton\"]"}
RESULT: {"using":"xpath","value":"//button[@data-kt=\"addNewRUOverflowToolbarButton\"]"}
COMMAND: POST /session/153c6080784a3c0ed5a7a3a51a23aea7/elements - {"using":"xpath","value":"//button[@data-kt=\"addNewRUOverflowToolbarButton\"]"}
RESULT: {"using":"xpath","value":"//button[@data-kt=\"addNewRUOverflowToolbarButton\"]"}
COMMAND: POST /session/153c6080784a3c0ed5a7a3a51a23aea7/elements - {"using":"xpath","value":"//button[@data-kt=\"addNewRUOverflowToolbarButton\"]"}
RESULT: {"using":"xpath","value":"//button[@data-kt=\"addNewRUOverflowToolbarButton\"]"}
COMMAND: POST /session/153c6080784a3c0ed5a7a3a51a23aea7/elements - {"using":"xpath","value":"//button[@data-kt=\"addNewRUOverflowToolbarButton\"]"}
RESULT: {"using":"xpath","value":"//button[@data-kt=\"addNewRUOverflowToolbarButton\"]"}
COMMAND: POST /session/153c6080784a3c0ed5a7a3a51a23aea7/elements - {"using":"xpath","value":"//button[@data-kt=\"addNewRUOverflowToolbarButton\"]"}
RESULT: {"using":"xpath","value":"//button[@data-kt=\"addNewRUOverflowToolbarButton\"]"}
COMMAND: POST /session/153c6080784a3c0ed5a7a3a51a23aea7/elements - {"using":"xpath","value":"//button[@data-kt=\"addNewRUOverflowToolbarButton\"]"}
RESULT: {"using":"xpath","value":"//button[@data-kt=\"addNewRUOverflowToolbarButton\"]"}
COMMAND: POST /session/153c6080784a3c0ed5a7a3a51a23aea7/elements - {"using":"xpath","value":"//button[@data-kt=\"addNewRUOverflowToolbarButton\"]"}
RESULT: {"using":"xpath","value":"//button[@data-kt=\"addNewRUOverflowToolbarButton\"]"}
COMMAND: POST /session/153c6080784a3c0ed5a7a3a51a23aea7/element - {"using":"xpath","value":"//button[@data-kt=\"addNewRUOverflowToolbarButton\"]"}
RESULT: {"using":"xpath","value":"//button[@data-kt=\"addNewRUOverflowToolbarButton\"]"}
COMMAND: POST /session/153c6080784a3c0ed5a7a3a51a23aea7/execute/sync - {"script":"<script> [8489 bytes]","args":[{"element-6066-11e4-a52e-4f735466cecf":"f.2D07FE98EF058A5017333A18E496C5C8.d.B0B26FFC4C566164DD202BE577756A74.e.12200","ELEMENT":"f.2D07FE98EF058A5017333A18E496C5C8.d.B0B26FFC4C566164DD202BE577756A74.e.12200"}]}
RESULT: {"script":"<script> [8489 bytes]","args":[{"element-6066-11e4-a52e-4f735466cecf":"f.2D07FE98EF058A5017333A18E496C5C8.d.B0B26FFC4C566164DD202BE577756A74.e.12200","ELEMENT":"f.2D07FE98EF058A5017333A18E496C5C8.d.B0B26FFC4C566164DD202BE577756A74.e.12200"}]}
COMMAND: GET /session/153c6080784a3c0ed5a7a3a51a23aea7/element/f.2D07FE98EF058A5017333A18E496C5C8.d.B0B26FFC4C566164DD202BE577756A74.e.12200/enabled - {}
RESULT: {}
COMMAND: POST /session/153c6080784a3c0ed5a7a3a51a23aea7/execute/sync - {"script":"<script> [8489 bytes]","args":[{"element-6066-11e4-a52e-4f735466cecf":"f.2D07FE98EF058A5017333A18E496C5C8.d.B0B26FFC4C566164DD202BE577756A74.e.12200","ELEMENT":"f.2D07FE98EF058A5017333A18E496C5C8.d.B0B26FFC4C566164DD202BE577756A74.e.12200"}]}
COMMAND: GET /session/153c6080784a3c0ed5a7a3a51a23aea7/screenshot - {}
COMMAND: GET /session/153c6080784a3c0ed5a7a3a51a23aea7/screenshot - {}
RESULT: {"script":"<script> [8489 bytes]","args":[{"element-6066-11e4-a52e-4f735466cecf":"f.2D07FE98EF058A5017333A18E496C5C8.d.B0B26FFC4C566164DD202BE577756A74.e.12200","ELEMENT":"f.2D07FE98EF058A5017333A18E496C5C8.d.B0B26FFC4C566164DD202BE577756A74.e.12200"}]}
COMMAND: POST /session/153c6080784a3c0ed5a7a3a51a23aea7/execute/sync - {"script":"<script> [5351 bytes]","args":[{"element-6066-11e4-a52e-4f735466cecf":"f.2D07FE98EF058A5017333A18E496C5C8.d.B0B26FFC4C566164DD202BE577756A74.e.12200","ELEMENT":"f.2D07FE98EF058A5017333A18E496C5C8.d.B0B26FFC4C566164DD202BE577756A74.e.12200"}]}
COMMAND: GET /session/153c6080784a3c0ed5a7a3a51a23aea7/screenshot - {}
RESULT: {}
RESULT: {"script":"<script> [5351 bytes]","args":[{"element-6066-11e4-a52e-4f735466cecf":"f.2D07FE98EF058A5017333A18E496C5C8.d.B0B26FFC4C566164DD202BE577756A74.e.12200","ELEMENT":"f.2D07FE98EF058A5017333A18E496C5C8.d.B0B26FFC4C566164DD202BE577756A74.e.12200"}]}
COMMAND: POST /session/153c6080784a3c0ed5a7a3a51a23aea7/element/f.2D07FE98EF058A5017333A18E496C5C8.d.B0B26FFC4C566164DD202BE577756A74.e.12200/click - {}
RESULT: {}
COMMAND: GET /session/153c6080784a3c0ed5a7a3a51a23aea7/screenshot - {}
RESULT: {}
RESULT: {}
COMMAND: GET /session/153c6080784a3c0ed5a7a3a51a23aea7/screenshot - {}
RESULT: {}
RESULT: {}
COMMAND: POST /session/153c6080784a3c0ed5a7a3a51a23aea7/execute/async - {"script":"<script> [1562 bytes]","args":[{"selector":{"id":"application-manageresources-display-component---newResourceUnit--TYPE-arrow"},"wdio_ui5_key":"applicationmanageresources-display-component---newResourceUnit--TYPE-arrow"}]}
RESULT: {"script":"<script> [1562 bytes]","args":[{"selector":{"id":"application-manageresources-display-component---newResourceUnit--TYPE-arrow"},"wdio_ui5_key":"applicationmanageresources-display-component---newResourceUnit--TYPE-arrow"}]}
RESULT: undefined
COMMAND: POST /session/153c6080784a3c0ed5a7a3a51a23aea7/element - {"using":"xpath","value":"//*[@id=\"application-manageresources-display-component---newResourceUnit--TYPE-arrow\"]"}
RESULT: {"using":"xpath","value":"//*[@id=\"application-manageresources-display-component---newResourceUnit--TYPE-arrow\"]"}
COMMAND: POST /session/153c6080784a3c0ed5a7a3a51a23aea7/element/f.2D07FE98EF058A5017333A18E496C5C8.d.B0B26FFC4C566164DD202BE577756A74.e.12558/click - {}
RESULT: {}
COMMAND: POST /session/153c6080784a3c0ed5a7a3a51a23aea7/element - {"using":"xpath","value":"//input[@id=\"application-manageresources-display-component---newResourceUnit--TYPE-inner\"]"}
COMMAND: GET /session/153c6080784a3c0ed5a7a3a51a23aea7/screenshot - {}
RESULT: {"using":"xpath","value":"//input[@id=\"application-manageresources-display-component---newResourceUnit--TYPE-inner\"]"}
COMMAND: POST /session/153c6080784a3c0ed5a7a3a51a23aea7/element/f.2D07FE98EF058A5017333A18E496C5C8.d.B0B26FFC4C566164DD202BE577756A74.e.12553/clear - {}
RESULT: {}
RESULT: {}
COMMAND: POST /session/153c6080784a3c0ed5a7a3a51a23aea7/element/f.2D07FE98EF058A5017333A18E496C5C8.d.B0B26FFC4C566164DD202BE577756A74.e.12553/value - {"text":"Equipment"}
COMMAND: GET /session/153c6080784a3c0ed5a7a3a51a23aea7/screenshot - {}
RESULT: {"text":"Equipment"}
COMMAND: GET /session/153c6080784a3c0ed5a7a3a51a23aea7/screenshot - {}
RESULT: {}
RESULT: {}
COMMAND: POST /session/153c6080784a3c0ed5a7a3a51a23aea7/actions - {"actions":[{"id":"action45","type":"key","parameters":{},"actions":[{"type":"keyDown","value":"î€‡"},{"type":"pause","duration":10},{"type":"keyUp","value":"î€‡"}]}]}
RESULT: {"actions":[{"id":"action45","type":"key","parameters":{},"actions":[{"type":"keyDown","value":"î€‡"},{"type":"pause","duration":10},{"type":"keyUp","value":"î€‡"}]}]}
COMMAND: POST /session/153c6080784a3c0ed5a7a3a51a23aea7/execute/async - {"script":"<script> [1562 bytes]","args":[{"selector":{"id":"application-manageresources-display-component---newResourceUnit--resourceId","interaction":{"idSuffix":"inner"}},"wdio_ui5_key":"applicationmanageresources-display-component---newResourceUnit--resourceId"}]}
COMMAND: GET /session/153c6080784a3c0ed5a7a3a51a23aea7/screenshot - {}
RESULT: {"script":"<script> [1562 bytes]","args":[{"selector":{"id":"application-manageresources-display-component---newResourceUnit--resourceId","interaction":{"idSuffix":"inner"}},"wdio_ui5_key":"applicationmanageresources-display-component---newResourceUnit--resourceId"}]}
RESULT: undefined
COMMAND: POST /session/153c6080784a3c0ed5a7a3a51a23aea7/execute/async - {"script":"<script> [776 bytes]","args":[{"enterText":"2hm1C7o4nK","selector":{"id":"application-manageresources-display-component---newResourceUnit--resourceId","interaction":{"idSuffix":"inner"}},"clearTextFirst":true,"interactionType":"ENTER_TEXT"}]}
RESULT: {}
RESULT: {"script":"<script> [776 bytes]","args":[{"enterText":"2hm1C7o4nK","selector":{"id":"application-manageresources-display-component---newResourceUnit--resourceId","interaction":{"idSuffix":"inner"}},"clearTextFirst":true,"interactionType":"ENTER_TEXT"}]}
COMMAND: POST /session/153c6080784a3c0ed5a7a3a51a23aea7/execute/async - {"script":"<script> [1562 bytes]","args":[{"selector":{"id":"application-manageresources-display-component---newResourceUnit--SHORT_TEXT","interaction":{"idSuffix":"inner"}},"wdio_ui5_key":"applicationmanageresources-display-component---newResourceUnit--SHORT_TEXT"}]}
RESULT: {"script":"<script> [1562 bytes]","args":[{"selector":{"id":"application-manageresources-display-component---newResourceUnit--SHORT_TEXT","interaction":{"idSuffix":"inner"}},"wdio_ui5_key":"applicationmanageresources-display-component---newResourceUnit--SHORT_TEXT"}]}
RESULT: undefined
COMMAND: POST /session/153c6080784a3c0ed5a7a3a51a23aea7/execute/async - {"script":"<script> [776 bytes]","args":[{"enterText":"Intercompany Equipment WDIO","selector":{"id":"application-manageresources-display-component---newResourceUnit--SHORT_TEXT","interaction":{"idSuffix":"inner"}},"clearTextFirst":true,"interactionType":"ENTER_TEXT"}]}
RESULT: {"script":"<script> [776 bytes]","args":[{"enterText":"Intercompany Equipment WDIO","selector":{"id":"application-manageresources-display-component---newResourceUnit--SHORT_TEXT","interaction":{"idSuffix":"inner"}},"clearTextFirst":true,"interactionType":"ENTER_TEXT"}]}
COMMAND: POST /session/153c6080784a3c0ed5a7a3a51a23aea7/execute/async - {"script":"<script> [1562 bytes]","args":[{"selector":{"id":"application-manageresources-display-component---newResourceUnit--BASE_UNIT_OF_MEASURE","interaction":{"idSuffix":"inner"}},"wdio_ui5_key":"applicationmanageresources-display-component---newResourceUnit--BASE_UNIT_OF_MEASURE"}]}
RESULT: {"script":"<script> [1562 bytes]","args":[{"selector":{"id":"application-manageresources-display-component---newResourceUnit--BASE_UNIT_OF_MEASURE","interaction":{"idSuffix":"inner"}},"wdio_ui5_key":"applicationmanageresources-display-component---newResourceUnit--BASE_UNIT_OF_MEASURE"}]}
RESULT: undefined
COMMAND: POST /session/153c6080784a3c0ed5a7a3a51a23aea7/execute/async - {"script":"<script> [776 bytes]","args":[{"enterText":"Piece","selector":{"id":"application-manageresources-display-component---newResourceUnit--BASE_UNIT_OF_MEASURE","interaction":{"idSuffix":"inner"}},"clearTextFirst":true,"interactionType":"ENTER_TEXT"}]}
RESULT: {"script":"<script> [776 bytes]","args":[{"enterText":"Piece","selector":{"id":"application-manageresources-display-component---newResourceUnit--BASE_UNIT_OF_MEASURE","interaction":{"idSuffix":"inner"}},"clearTextFirst":true,"interactionType":"ENTER_TEXT"}]}
COMMAND: POST /session/153c6080784a3c0ed5a7a3a51a23aea7/execute/async - {"script":"<script> [1562 bytes]","args":[{"selector":{"id":"application-manageresources-display-component---newResourceUnit--WEIGHT_UNIT","interaction":{"idSuffix":"inner"}},"wdio_ui5_key":"applicationmanageresources-display-component---newResourceUnit--WEIGHT_UNIT"}]}
RESULT: {"script":"<script> [1562 bytes]","args":[{"selector":{"id":"application-manageresources-display-component---newResourceUnit--WEIGHT_UNIT","interaction":{"idSuffix":"inner"}},"wdio_ui5_key":"applicationmanageresources-display-component---newResourceUnit--WEIGHT_UNIT"}]}
RESULT: undefined
COMMAND: POST /session/153c6080784a3c0ed5a7a3a51a23aea7/execute/async - {"script":"<script> [776 bytes]","args":[{"enterText":"Gram","selector":{"id":"application-manageresources-display-component---newResourceUnit--WEIGHT_UNIT","interaction":{"idSuffix":"inner"}},"clearTextFirst":true,"interactionType":"ENTER_TEXT"}]}
RESULT: {"script":"<script> [776 bytes]","args":[{"enterText":"Gram","selector":{"id":"application-manageresources-display-component---newResourceUnit--WEIGHT_UNIT","interaction":{"idSuffix":"inner"}},"clearTextFirst":true,"interactionType":"ENTER_TEXT"}]}
COMMAND: POST /session/153c6080784a3c0ed5a7a3a51a23aea7/execute/async - {"script":"<script> [1562 bytes]","args":[{"selector":{"id":"application-manageresources-display-component---newResourceUnit--DIMENSION_UNIT","interaction":{"idSuffix":"inner"}},"wdio_ui5_key":"applicationmanageresources-display-component---newResourceUnit--DIMENSION_UNIT"}]}
RESULT: {"script":"<script> [1562 bytes]","args":[{"selector":{"id":"application-manageresources-display-component---newResourceUnit--DIMENSION_UNIT","interaction":{"idSuffix":"inner"}},"wdio_ui5_key":"applicationmanageresources-display-component---newResourceUnit--DIMENSION_UNIT"}]}
RESULT: undefined
COMMAND: POST /session/153c6080784a3c0ed5a7a3a51a23aea7/execute/async - {"script":"<script> [776 bytes]","args":[{"enterText":"Meter","selector":{"id":"application-manageresources-display-component---newResourceUnit--DIMENSION_UNIT","interaction":{"idSuffix":"inner"}},"clearTextFirst":true,"interactionType":"ENTER_TEXT"}]}
RESULT: {"script":"<script> [776 bytes]","args":[{"enterText":"Meter","selector":{"id":"application-manageresources-display-component---newResourceUnit--DIMENSION_UNIT","interaction":{"idSuffix":"inner"}},"clearTextFirst":true,"interactionType":"ENTER_TEXT"}]}
COMMAND: POST /session/153c6080784a3c0ed5a7a3a51a23aea7/execute/async - {"script":"<script> [1562 bytes]","args":[{"selector":{"id":"application-manageresources-display-component---newResourceUnit--newRRUPage-anchBar-application-manageresources-display-component---newResourceUnit--control-anchor","interaction":{"idSuffix":"BDI-content"}},"wdio_ui5_key":"applicationmanageresources-display-component---newResourceUnit--newRRUPage-anchBar-application-manageresources-display-component---newResourceUnit--control-anchor"}]}
RESULT: {"script":"<script> [1562 bytes]","args":[{"selector":{"id":"application-manageresources-display-component---newResourceUnit--newRRUPage-anchBar-application-manageresources-display-component---newResourceUnit--control-anchor","interaction":{"idSuffix":"BDI-content"}},"wdio_ui5_key":"applicationmanageresources-display-component---newResourceUnit--newRRUPage-anchBar-application-manageresources-display-component---newResourceUnit--control-anchor"}]}
RESULT: undefined
COMMAND: POST /session/153c6080784a3c0ed5a7a3a51a23aea7/element - {"using":"xpath","value":"//*[@id=\"application-manageresources-display-component---newResourceUnit--newRRUPage-anchBar-application-manageresources-display-component---newResourceUnit--control-anchor\"]"}
RESULT: {"using":"xpath","value":"//*[@id=\"application-manageresources-display-component---newResourceUnit--newRRUPage-anchBar-application-manageresources-display-component---newResourceUnit--control-anchor\"]"}
COMMAND: POST /session/153c6080784a3c0ed5a7a3a51a23aea7/element/f.2D07FE98EF058A5017333A18E496C5C8.d.B0B26FFC4C566164DD202BE577756A74.e.12717/click - {}
RESULT: {}
COMMAND: POST /session/153c6080784a3c0ed5a7a3a51a23aea7/execute/async - {"script":"<script> [1562 bytes]","args":[{"selector":{"id":"application-manageresources-display-component---newResourceUnit--PLANNING_GROUP","interaction":{"idSuffix":"inner"}},"wdio_ui5_key":"applicationmanageresources-display-component---newResourceUnit--PLANNING_GROUP"}]}
COMMAND: GET /session/153c6080784a3c0ed5a7a3a51a23aea7/screenshot - {}
RESULT: {"script":"<script> [1562 bytes]","args":[{"selector":{"id":"application-manageresources-display-component---newResourceUnit--PLANNING_GROUP","interaction":{"idSuffix":"inner"}},"wdio_ui5_key":"applicationmanageresources-display-component---newResourceUnit--PLANNING_GROUP"}]}
RESULT: undefined
COMMAND: POST /session/153c6080784a3c0ed5a7a3a51a23aea7/execute/async - {"script":"<script> [776 bytes]","args":[{"enterText":"Heavy Equi","selector":{"id":"application-manageresources-display-component---newResourceUnit--PLANNING_GROUP","interaction":{"idSuffix":"inner"}},"clearTextFirst":true,"interactionType":"ENTER_TEXT"}]}
RESULT: {}
RESULT: {"script":"<script> [776 bytes]","args":[{"enterText":"Heavy Equi","selector":{"id":"application-manageresources-display-component---newResourceUnit--PLANNING_GROUP","interaction":{"idSuffix":"inner"}},"clearTextFirst":true,"interactionType":"ENTER_TEXT"}]}
COMMAND: POST /session/153c6080784a3c0ed5a7a3a51a23aea7/execute/async - {"script":"<script> [1562 bytes]","args":[{"selector":{"id":"application-manageresources-display-component---newResourceUnit--ITEM_TYPE-arrow"},"wdio_ui5_key":"applicationmanageresources-display-component---newResourceUnit--ITEM_TYPE-arrow"}]}
RESULT: {"script":"<script> [1562 bytes]","args":[{"selector":{"id":"application-manageresources-display-component---newResourceUnit--ITEM_TYPE-arrow"},"wdio_ui5_key":"applicationmanageresources-display-component---newResourceUnit--ITEM_TYPE-arrow"}]}
RESULT: undefined
COMMAND: POST /session/153c6080784a3c0ed5a7a3a51a23aea7/element - {"using":"xpath","value":"//*[@id=\"application-manageresources-display-component---newResourceUnit--ITEM_TYPE-arrow\"]"}
RESULT: {"using":"xpath","value":"//*[@id=\"application-manageresources-display-component---newResourceUnit--ITEM_TYPE-arrow\"]"}
COMMAND: POST /session/153c6080784a3c0ed5a7a3a51a23aea7/element/f.2D07FE98EF058A5017333A18E496C5C8.d.B0B26FFC4C566164DD202BE577756A74.e.12724/click - {}
RESULT: {}
COMMAND: POST /session/153c6080784a3c0ed5a7a3a51a23aea7/element - {"using":"xpath","value":"//ul[contains(@id,\"ITEM_TYPE-popup-list-listUl\")]//li[.//span[contains(text(),\"Resource Unit\")]]"}
COMMAND: GET /session/153c6080784a3c0ed5a7a3a51a23aea7/screenshot - {}
RESULT: {"using":"xpath","value":"//ul[contains(@id,\"ITEM_TYPE-popup-list-listUl\")]//li[.//span[contains(text(),\"Resource Unit\")]]"}
COMMAND: POST /session/153c6080784a3c0ed5a7a3a51a23aea7/element/f.2D07FE98EF058A5017333A18E496C5C8.d.B0B26FFC4C566164DD202BE577756A74.e.12725/click - {}
RESULT: {}
RESULT: {}
COMMAND: GET /session/153c6080784a3c0ed5a7a3a51a23aea7/screenshot - {}
RESULT: {}
COMMAND: POST /session/153c6080784a3c0ed5a7a3a51a23aea7/element - {"using":"css selector","value":"#application-manageresources-display-component---newResourceUnit--btnAddTimeSegment"}
RESULT: {"using":"css selector","value":"#application-manageresources-display-component---newResourceUnit--btnAddTimeSegment"}
COMMAND: GET /session/153c6080784a3c0ed5a7a3a51a23aea7/element/f.2D07FE98EF058A5017333A18E496C5C8.d.B0B26FFC4C566164DD202BE577756A74.e.12732/rect - {}
RESULT: {}
COMMAND: GET /session/153c6080784a3c0ed5a7a3a51a23aea7/window/rect - {}
RESULT: {}
COMMAND: POST /session/153c6080784a3c0ed5a7a3a51a23aea7/execute/sync - {"script":"<script> [92 bytes]","args":[]}
RESULT: {"script":"<script> [92 bytes]","args":[]}
COMMAND: POST /session/153c6080784a3c0ed5a7a3a51a23aea7/actions - {"actions":[{"id":"action46","type":"wheel","parameters":{},"actions":[{"type":"scroll","x":-1888,"y":-32,"deltaX":0,"deltaY":0,"duration":0,"origin":{"element-6066-11e4-a52e-4f735466cecf":"f.2D07FE98EF058A5017333A18E496C5C8.d.B0B26FFC4C566164DD202BE577756A74.e.12732"}}]}]}
COMMAND: GET /session/153c6080784a3c0ed5a7a3a51a23aea7/screenshot - {}
RESULT: {}
COMMAND: POST /session/153c6080784a3c0ed5a7a3a51a23aea7/execute/sync - {"script":"<script> [79 bytes]","args":[{"element-6066-11e4-a52e-4f735466cecf":"f.2D07FE98EF058A5017333A18E496C5C8.d.B0B26FFC4C566164DD202BE577756A74.e.12732","ELEMENT":"f.2D07FE98EF058A5017333A18E496C5C8.d.B0B26FFC4C566164DD202BE577756A74.e.12732"},{"block":"start","inline":"nearest"}]}
RESULT: {"script":"<script> [79 bytes]","args":[{"element-6066-11e4-a52e-4f735466cecf":"f.2D07FE98EF058A5017333A18E496C5C8.d.B0B26FFC4C566164DD202BE577756A74.e.12732","ELEMENT":"f.2D07FE98EF058A5017333A18E496C5C8.d.B0B26FFC4C566164DD202BE577756A74.e.12732"},{"block":"start","inline":"nearest"}]}
COMMAND: POST /session/153c6080784a3c0ed5a7a3a51a23aea7/execute/async - {"script":"<script> [1562 bytes]","args":[{"selector":{"id":"application-manageresources-display-component---newResourceUnit--btnAddTimeSegment","interaction":{"idSuffix":"inner"}},"wdio_ui5_key":"applicationmanageresources-display-component---newResourceUnit--btnAddTimeSegment"}]}
COMMAND: GET /session/153c6080784a3c0ed5a7a3a51a23aea7/screenshot - {}
RESULT: {"script":"<script> [1562 bytes]","args":[{"selector":{"id":"application-manageresources-display-component---newResourceUnit--btnAddTimeSegment","interaction":{"idSuffix":"inner"}},"wdio_ui5_key":"applicationmanageresources-display-component---newResourceUnit--btnAddTimeSegment"}]}
RESULT: undefined
COMMAND: POST /session/153c6080784a3c0ed5a7a3a51a23aea7/element - {"using":"xpath","value":"//*[@id=\"application-manageresources-display-component---newResourceUnit--btnAddTimeSegment\"]"}
RESULT: {}
RESULT: {"using":"xpath","value":"//*[@id=\"application-manageresources-display-component---newResourceUnit--btnAddTimeSegment\"]"}
COMMAND: POST /session/153c6080784a3c0ed5a7a3a51a23aea7/element/f.2D07FE98EF058A5017333A18E496C5C8.d.B0B26FFC4C566164DD202BE577756A74.e.12732/click - {}
RESULT: {}
COMMAND: GET /session/153c6080784a3c0ed5a7a3a51a23aea7/screenshot - {}
RESULT: {}
COMMAND: POST /session/153c6080784a3c0ed5a7a3a51a23aea7/element - {"using":"xpath","value":"//input[@id=\"application-manageresources-display-component---newResourceUnit--idRuTSAdmin-application-manageresources-display-component---newResourceUnit--RUTimeSegment-0-inner\"]"}
RESULT: {"using":"xpath","value":"//input[@id=\"application-manageresources-display-component---newResourceUnit--idRuTSAdmin-application-manageresources-display-component---newResourceUnit--RUTimeSegment-0-inner\"]"}
COMMAND: POST /session/153c6080784a3c0ed5a7a3a51a23aea7/element/f.2D07FE98EF058A5017333A18E496C5C8.d.B0B26FFC4C566164DD202BE577756A74.e.12738/clear - {}
RESULT: {}
COMMAND: POST /session/153c6080784a3c0ed5a7a3a51a23aea7/element/f.2D07FE98EF058A5017333A18E496C5C8.d.B0B26FFC4C566164DD202BE577756A74.e.12738/value - {"text":"667"}
COMMAND: GET /session/153c6080784a3c0ed5a7a3a51a23aea7/screenshot - {}
RESULT: {"text":"667"}
COMMAND: GET /session/153c6080784a3c0ed5a7a3a51a23aea7/screenshot - {}
RESULT: {}
RESULT: {}
COMMAND: POST /session/153c6080784a3c0ed5a7a3a51a23aea7/element - {"using":"xpath","value":"//li[.//span[text()='667']]"}
RESULT: {"using":"xpath","value":"//li[.//span[text()='667']]"}
COMMAND: POST /session/153c6080784a3c0ed5a7a3a51a23aea7/element/f.2D07FE98EF058A5017333A18E496C5C8.d.B0B26FFC4C566164DD202BE577756A74.e.12752/click - {}
RESULT: {}
COMMAND: GET /session/153c6080784a3c0ed5a7a3a51a23aea7/screenshot - {}
RESULT: {}
COMMAND: POST /session/153c6080784a3c0ed5a7a3a51a23aea7/element - {"using":"xpath","value":"(//span[contains(@id, \"-application-manageresources-display-component---newResourceUnit--RUTimeSegment-0-arrow\")])[6]"}
RESULT: {"using":"xpath","value":"(//span[contains(@id, \"-application-manageresources-display-component---newResourceUnit--RUTimeSegment-0-arrow\")])[6]"}
COMMAND: POST /session/153c6080784a3c0ed5a7a3a51a23aea7/element/f.2D07FE98EF058A5017333A18E496C5C8.d.B0B26FFC4C566164DD202BE577756A74.e.12753/click - {}
RESULT: {}
COMMAND: GET /session/153c6080784a3c0ed5a7a3a51a23aea7/screenshot - {}
RESULT: {}
COMMAND: POST /session/153c6080784a3c0ed5a7a3a51a23aea7/element - {"using":"xpath","value":"//span[contains(text(), \"PM Order\")]"}
RESULT: {"using":"xpath","value":"//span[contains(text(), \"PM Order\")]"}
COMMAND: POST /session/153c6080784a3c0ed5a7a3a51a23aea7/element/f.2D07FE98EF058A5017333A18E496C5C8.d.B0B26FFC4C566164DD202BE577756A74.e.12756/click - {}
RESULT: {}
COMMAND: GET /session/153c6080784a3c0ed5a7a3a51a23aea7/screenshot - {}
RESULT: {}
COMMAND: POST /session/153c6080784a3c0ed5a7a3a51a23aea7/element - {"using":"xpath","value":"(//span[contains(@id ,\"manageresources-display-component---newResourceUnit--RUTimeSegment-0-vhi\")])[1]"}
RESULT: {"using":"xpath","value":"(//span[contains(@id ,\"manageresources-display-component---newResourceUnit--RUTimeSegment-0-vhi\")])[1]"}
COMMAND: GET /session/153c6080784a3c0ed5a7a3a51a23aea7/element/f.2D07FE98EF058A5017333A18E496C5C8.d.B0B26FFC4C566164DD202BE577756A74.e.12760/rect - {}
RESULT: {}
COMMAND: GET /session/153c6080784a3c0ed5a7a3a51a23aea7/window/rect - {}
RESULT: {}
COMMAND: POST /session/153c6080784a3c0ed5a7a3a51a23aea7/execute/sync - {"script":"<script> [92 bytes]","args":[]}
RESULT: {"script":"<script> [92 bytes]","args":[]}
COMMAND: POST /session/153c6080784a3c0ed5a7a3a51a23aea7/actions - {"actions":[{"id":"action47","type":"wheel","parameters":{},"actions":[{"type":"scroll","x":-869,"y":-24,"deltaX":0,"deltaY":0,"duration":0,"origin":{"element-6066-11e4-a52e-4f735466cecf":"f.2D07FE98EF058A5017333A18E496C5C8.d.B0B26FFC4C566164DD202BE577756A74.e.12760"}}]}]}
COMMAND: GET /session/153c6080784a3c0ed5a7a3a51a23aea7/screenshot - {}
RESULT: {"actions":[{"id":"action47","type":"wheel","parameters":{},"actions":[{"type":"scroll","x":-869,"y":-24,"deltaX":0,"deltaY":0,"duration":0,"origin":{"element-6066-11e4-a52e-4f735466cecf":"f.2D07FE98EF058A5017333A18E496C5C8.d.B0B26FFC4C566164DD202BE577756A74.e.12760"}}]}]}
COMMAND: DELETE /session/153c6080784a3c0ed5a7a3a51a23aea7/actions - {}
COMMAND: GET /session/153c6080784a3c0ed5a7a3a51a23aea7/screenshot - {}
RESULT: {}
RESULT: {}
COMMAND: GET /session/153c6080784a3c0ed5a7a3a51a23aea7/screenshot - {}
RESULT: {}
RESULT: {}
COMMAND: POST /session/153c6080784a3c0ed5a7a3a51a23aea7/element/f.2D07FE98EF058A5017333A18E496C5C8.d.B0B26FFC4C566164DD202BE577756A74.e.12760/click - {}
RESULT: {}
COMMAND: GET /session/153c6080784a3c0ed5a7a3a51a23aea7/screenshot - {}
RESULT: {}
COMMAND: POST /session/153c6080784a3c0ed5a7a3a51a23aea7/execute/async - {"script":"<script> [1562 bytes]","args":[{"selector":{"controlType":"sap.m.SearchField","properties":{"placeholder":"Search"},"searchOpenDialogs":true,"interaction":{"idSuffix":"I"}},"wdio_ui5_key":"sapm.SearchField{\"placeholder\":\"Search\"}"}]}
RESULT: {"script":"<script> [1562 bytes]","args":[{"selector":{"controlType":"sap.m.SearchField","properties":{"placeholder":"Search"},"searchOpenDialogs":true,"interaction":{"idSuffix":"I"}},"wdio_ui5_key":"sapm.SearchField{\"placeholder\":\"Search\"}"}]}
RESULT: undefined
COMMAND: POST /session/153c6080784a3c0ed5a7a3a51a23aea7/execute/async - {"script":"<script> [776 bytes]","args":[{"enterText":"4000360","selector":{"controlType":"sap.m.SearchField","properties":{"placeholder":"Search"},"searchOpenDialogs":true,"interaction":{"idSuffix":"I"}},"clearTextFirst":true,"interactionType":"ENTER_TEXT"}]}
RESULT: {"script":"<script> [776 bytes]","args":[{"enterText":"4000360","selector":{"controlType":"sap.m.SearchField","properties":{"placeholder":"Search"},"searchOpenDialogs":true,"interaction":{"idSuffix":"I"}},"clearTextFirst":true,"interactionType":"ENTER_TEXT"}]}
COMMAND: POST /session/153c6080784a3c0ed5a7a3a51a23aea7/actions - {"actions":[{"id":"action48","type":"key","parameters":{},"actions":[{"type":"keyDown","value":"î€‡"},{"type":"pause","duration":10},{"type":"keyUp","value":"î€‡"}]}]}
RESULT: {"actions":[{"id":"action48","type":"key","parameters":{},"actions":[{"type":"keyDown","value":"î€‡"},{"type":"pause","duration":10},{"type":"keyUp","value":"î€‡"}]}]}
COMMAND: GET /session/153c6080784a3c0ed5a7a3a51a23aea7/screenshot - {}
RESULT: {}
COMMAND: POST /session/153c6080784a3c0ed5a7a3a51a23aea7/element - {"using":"xpath","value":"//td/div/span[contains(text(), \"BGL Vehicles\")]"}
RESULT: {"using":"xpath","value":"//td/div/span[contains(text(), \"BGL Vehicles\")]"}
COMMAND: POST /session/153c6080784a3c0ed5a7a3a51a23aea7/element/f.2D07FE98EF058A5017333A18E496C5C8.d.B0B26FFC4C566164DD202BE577756A74.e.12783/click - {}
RESULT: {}
COMMAND: GET /session/153c6080784a3c0ed5a7a3a51a23aea7/screenshot - {}
RESULT: {}
COMMAND: POST /session/153c6080784a3c0ed5a7a3a51a23aea7/element - {"using":"xpath","value":"//bdi[contains(text(), \"OK\")]"}
RESULT: {"using":"xpath","value":"//bdi[contains(text(), \"OK\")]"}
COMMAND: POST /session/153c6080784a3c0ed5a7a3a51a23aea7/element/f.2D07FE98EF058A5017333A18E496C5C8.d.B0B26FFC4C566164DD202BE577756A74.e.12784/click - {}
RESULT: {}
COMMAND: GET /session/153c6080784a3c0ed5a7a3a51a23aea7/screenshot - {}
RESULT: {}
COMMAND: POST /session/153c6080784a3c0ed5a7a3a51a23aea7/execute/async - {"script":"<script> [1562 bytes]","args":[{"selector":{"id":"application-manageresources-display-component---newResourceUnit--newRRUPage-anchBar-application-manageresources-display-component---newResourceUnit--resource-anchor","interaction":{"idSuffix":"BDI-content"}},"wdio_ui5_key":"applicationmanageresources-display-component---newResourceUnit--newRRUPage-anchBar-application-manageresources-display-component---newResourceUnit--resource-anchor"}]}
RESULT: {"script":"<script> [1562 bytes]","args":[{"selector":{"id":"application-manageresources-display-component---newResourceUnit--newRRUPage-anchBar-application-manageresources-display-component---newResourceUnit--resource-anchor","interaction":{"idSuffix":"BDI-content"}},"wdio_ui5_key":"applicationmanageresources-display-component---newResourceUnit--newRRUPage-anchBar-application-manageresources-display-component---newResourceUnit--resource-anchor"}]}
RESULT: undefined
COMMAND: POST /session/153c6080784a3c0ed5a7a3a51a23aea7/element - {"using":"xpath","value":"//*[@id=\"application-manageresources-display-component---newResourceUnit--newRRUPage-anchBar-application-manageresources-display-component---newResourceUnit--resource-anchor\"]"}
RESULT: {"using":"xpath","value":"//*[@id=\"application-manageresources-display-component---newResourceUnit--newRRUPage-anchBar-application-manageresources-display-component---newResourceUnit--resource-anchor\"]"}
COMMAND: POST /session/153c6080784a3c0ed5a7a3a51a23aea7/element/f.2D07FE98EF058A5017333A18E496C5C8.d.B0B26FFC4C566164DD202BE577756A74.e.12788/click - {}
RESULT: {}
COMMAND: POST /session/153c6080784a3c0ed5a7a3a51a23aea7/execute/async - {"script":"<script> [1562 bytes]","args":[{"selector":{"id":"application-manageresources-display-component---newResourceUnit--PLANNED_DELIVERY_DATE","interaction":{"idSuffix":"inner"}},"wdio_ui5_key":"applicationmanageresources-display-component---newResourceUnit--PLANNED_DELIVERY_DATE"}]}
COMMAND: GET /session/153c6080784a3c0ed5a7a3a51a23aea7/screenshot - {}
RESULT: {"script":"<script> [1562 bytes]","args":[{"selector":{"id":"application-manageresources-display-component---newResourceUnit--PLANNED_DELIVERY_DATE","interaction":{"idSuffix":"inner"}},"wdio_ui5_key":"applicationmanageresources-display-component---newResourceUnit--PLANNED_DELIVERY_DATE"}]}
RESULT: undefined
COMMAND: POST /session/153c6080784a3c0ed5a7a3a51a23aea7/execute/async - {"script":"<script> [6424 bytes]","args":[{"element-6066-11e4-a52e-4f735466cecf":"f.2D07FE98EF058A5017333A18E496C5C8.d.B0B26FFC4C566164DD202BE577756A74.e.12616"},"setValue",["6/4/25"]]}
RESULT: {}
RESULT: {"script":"<script> [6424 bytes]","args":[{"element-6066-11e4-a52e-4f735466cecf":"f.2D07FE98EF058A5017333A18E496C5C8.d.B0B26FFC4C566164DD202BE577756A74.e.12616"},"setValue",["6/4/25"]]}
COMMAND: POST /session/153c6080784a3c0ed5a7a3a51a23aea7/element - {"using":"xpath","value":"//label[contains(@class, 'sapMLabelRequired') and .//bdi[contains(text(), 'Planned Retirement')]]"}
RESULT: {"using":"xpath","value":"//label[contains(@class, 'sapMLabelRequired') and .//bdi[contains(text(), 'Planned Retirement')]]"}
COMMAND: POST /session/153c6080784a3c0ed5a7a3a51a23aea7/elements - {"using":"xpath","value":"//label[contains(@class, 'sapMLabelRequired') and .//bdi[contains(text(), 'Planned Retirement')]]"}
RESULT: {"using":"xpath","value":"//label[contains(@class, 'sapMLabelRequired') and .//bdi[contains(text(), 'Planned Retirement')]]"}
COMMAND: POST /session/153c6080784a3c0ed5a7a3a51a23aea7/element - {"using":"xpath","value":"//button[@data-kt=\"resourceUnitSaveButton\"]"}
RESULT: {"using":"xpath","value":"//button[@data-kt=\"resourceUnitSaveButton\"]"}
COMMAND: POST /session/153c6080784a3c0ed5a7a3a51a23aea7/element/f.2D07FE98EF058A5017333A18E496C5C8.d.B0B26FFC4C566164DD202BE577756A74.e.12576/click - {}
RESULT: {}
COMMAND: GET /session/153c6080784a3c0ed5a7a3a51a23aea7/screenshot - {}
RESULT: {}
COMMAND: POST /session/153c6080784a3c0ed5a7a3a51a23aea7/element - {"using":"xpath","value":"//bdi[contains(text(), \"Close\")]"}
RESULT: {"using":"xpath","value":"//bdi[contains(text(), \"Close\")]"}
COMMAND: POST /session/153c6080784a3c0ed5a7a3a51a23aea7/element/f.2D07FE98EF058A5017333A18E496C5C8.d.B0B26FFC4C566164DD202BE577756A74.e.12796/click - {}
RESULT: {}
COMMAND: GET /session/153c6080784a3c0ed5a7a3a51a23aea7/screenshot - {}
RESULT: {}
COMMAND: POST /session/153c6080784a3c0ed5a7a3a51a23aea7/element - {"using":"xpath","value":"(//button[contains(@id ,\"actionsToolbar-overflowButton\")])[1]"}
RESULT: {"using":"xpath","value":"(//button[contains(@id ,\"actionsToolbar-overflowButton\")])[1]"}
COMMAND: POST /session/153c6080784a3c0ed5a7a3a51a23aea7/element/f.2D07FE98EF058A5017333A18E496C5C8.d.B0B26FFC4C566164DD202BE577756A74.e.12829/click - {}
RESULT: {}
COMMAND: GET /session/153c6080784a3c0ed5a7a3a51a23aea7/screenshot - {}
RESULT: {}
COMMAND: POST /session/153c6080784a3c0ed5a7a3a51a23aea7/element - {"using":"xpath","value":"//button[@data-kt=\"priceInfoButton\"]"}
RESULT: {"using":"xpath","value":"//button[@data-kt=\"priceInfoButton\"]"}
COMMAND: POST /session/153c6080784a3c0ed5a7a3a51a23aea7/element/f.2D07FE98EF058A5017333A18E496C5C8.d.B0B26FFC4C566164DD202BE577756A74.e.12831/click - {}
RESULT: {}
COMMAND: GET /session/153c6080784a3c0ed5a7a3a51a23aea7/screenshot - {}
RESULT: {}
]]></system-out>
    </testcase>
    <testcase classname="chrome.137_0_7151_56.windows.Create_Reverse_Billing_US127248" name="Should create a pricing procedure" time="61.488">
      <system-out><![CDATA[
COMMAND: POST /session/153c6080784a3c0ed5a7a3a51a23aea7/element - {"using":"xpath","value":"//button[@data-kt=\"addButton\"]"}
RESULT: {"using":"xpath","value":"//button[@data-kt=\"addButton\"]"}
COMMAND: POST /session/153c6080784a3c0ed5a7a3a51a23aea7/elements - {"using":"xpath","value":"//button[@data-kt=\"addButton\"]"}
RESULT: {"using":"xpath","value":"//button[@data-kt=\"addButton\"]"}
COMMAND: POST /session/153c6080784a3c0ed5a7a3a51a23aea7/elements - {"using":"xpath","value":"//button[@data-kt=\"addButton\"]"}
RESULT: {"using":"xpath","value":"//button[@data-kt=\"addButton\"]"}
COMMAND: POST /session/153c6080784a3c0ed5a7a3a51a23aea7/elements - {"using":"xpath","value":"//button[@data-kt=\"addButton\"]"}
RESULT: {"using":"xpath","value":"//button[@data-kt=\"addButton\"]"}
COMMAND: POST /session/153c6080784a3c0ed5a7a3a51a23aea7/elements - {"using":"xpath","value":"//button[@data-kt=\"addButton\"]"}
RESULT: {"using":"xpath","value":"//button[@data-kt=\"addButton\"]"}
COMMAND: POST /session/153c6080784a3c0ed5a7a3a51a23aea7/elements - {"using":"xpath","value":"//button[@data-kt=\"addButton\"]"}
RESULT: {"using":"xpath","value":"//button[@data-kt=\"addButton\"]"}
COMMAND: POST /session/153c6080784a3c0ed5a7a3a51a23aea7/elements - {"using":"xpath","value":"//button[@data-kt=\"addButton\"]"}
RESULT: {"using":"xpath","value":"//button[@data-kt=\"addButton\"]"}
COMMAND: POST /session/153c6080784a3c0ed5a7a3a51a23aea7/elements - {"using":"xpath","value":"//button[@data-kt=\"addButton\"]"}
RESULT: {"using":"xpath","value":"//button[@data-kt=\"addButton\"]"}
COMMAND: POST /session/153c6080784a3c0ed5a7a3a51a23aea7/elements - {"using":"xpath","value":"//button[@data-kt=\"addButton\"]"}
RESULT: {"using":"xpath","value":"//button[@data-kt=\"addButton\"]"}
COMMAND: POST /session/153c6080784a3c0ed5a7a3a51a23aea7/elements - {"using":"xpath","value":"//button[@data-kt=\"addButton\"]"}
RESULT: {"using":"xpath","value":"//button[@data-kt=\"addButton\"]"}
COMMAND: POST /session/153c6080784a3c0ed5a7a3a51a23aea7/elements - {"using":"xpath","value":"//button[@data-kt=\"addButton\"]"}
RESULT: {"using":"xpath","value":"//button[@data-kt=\"addButton\"]"}
COMMAND: POST /session/153c6080784a3c0ed5a7a3a51a23aea7/elements - {"using":"xpath","value":"//button[@data-kt=\"addButton\"]"}
RESULT: {"using":"xpath","value":"//button[@data-kt=\"addButton\"]"}
COMMAND: POST /session/153c6080784a3c0ed5a7a3a51a23aea7/element - {"using":"xpath","value":"//button[@data-kt=\"addButton\"]"}
RESULT: {"using":"xpath","value":"//button[@data-kt=\"addButton\"]"}
COMMAND: POST /session/153c6080784a3c0ed5a7a3a51a23aea7/execute/sync - {"script":"<script> [8489 bytes]","args":[{"element-6066-11e4-a52e-4f735466cecf":"f.2D07FE98EF058A5017333A18E496C5C8.d.B0B26FFC4C566164DD202BE577756A74.e.12867","ELEMENT":"f.2D07FE98EF058A5017333A18E496C5C8.d.B0B26FFC4C566164DD202BE577756A74.e.12867"}]}
RESULT: {"script":"<script> [8489 bytes]","args":[{"element-6066-11e4-a52e-4f735466cecf":"f.2D07FE98EF058A5017333A18E496C5C8.d.B0B26FFC4C566164DD202BE577756A74.e.12867","ELEMENT":"f.2D07FE98EF058A5017333A18E496C5C8.d.B0B26FFC4C566164DD202BE577756A74.e.12867"}]}
COMMAND: GET /session/153c6080784a3c0ed5a7a3a51a23aea7/element/f.2D07FE98EF058A5017333A18E496C5C8.d.B0B26FFC4C566164DD202BE577756A74.e.12867/enabled - {}
COMMAND: GET /session/153c6080784a3c0ed5a7a3a51a23aea7/screenshot - {}
RESULT: {}
COMMAND: POST /session/153c6080784a3c0ed5a7a3a51a23aea7/execute/sync - {"script":"<script> [8489 bytes]","args":[{"element-6066-11e4-a52e-4f735466cecf":"f.2D07FE98EF058A5017333A18E496C5C8.d.B0B26FFC4C566164DD202BE577756A74.e.12867","ELEMENT":"f.2D07FE98EF058A5017333A18E496C5C8.d.B0B26FFC4C566164DD202BE577756A74.e.12867"}]}
COMMAND: GET /session/153c6080784a3c0ed5a7a3a51a23aea7/screenshot - {}
RESULT: {}
RESULT: {"script":"<script> [8489 bytes]","args":[{"element-6066-11e4-a52e-4f735466cecf":"f.2D07FE98EF058A5017333A18E496C5C8.d.B0B26FFC4C566164DD202BE577756A74.e.12867","ELEMENT":"f.2D07FE98EF058A5017333A18E496C5C8.d.B0B26FFC4C566164DD202BE577756A74.e.12867"}]}
COMMAND: POST /session/153c6080784a3c0ed5a7a3a51a23aea7/execute/sync - {"script":"<script> [5351 bytes]","args":[{"element-6066-11e4-a52e-4f735466cecf":"f.2D07FE98EF058A5017333A18E496C5C8.d.B0B26FFC4C566164DD202BE577756A74.e.12867","ELEMENT":"f.2D07FE98EF058A5017333A18E496C5C8.d.B0B26FFC4C566164DD202BE577756A74.e.12867"}]}
COMMAND: GET /session/153c6080784a3c0ed5a7a3a51a23aea7/screenshot - {}
RESULT: {}
RESULT: {"script":"<script> [5351 bytes]","args":[{"element-6066-11e4-a52e-4f735466cecf":"f.2D07FE98EF058A5017333A18E496C5C8.d.B0B26FFC4C566164DD202BE577756A74.e.12867","ELEMENT":"f.2D07FE98EF058A5017333A18E496C5C8.d.B0B26FFC4C566164DD202BE577756A74.e.12867"}]}
COMMAND: POST /session/153c6080784a3c0ed5a7a3a51a23aea7/element/f.2D07FE98EF058A5017333A18E496C5C8.d.B0B26FFC4C566164DD202BE577756A74.e.12867/click - {}
COMMAND: GET /session/153c6080784a3c0ed5a7a3a51a23aea7/screenshot - {}
RESULT: {}
RESULT: {}
COMMAND: GET /session/153c6080784a3c0ed5a7a3a51a23aea7/screenshot - {}
RESULT: {}
RESULT: {}
COMMAND: POST /session/153c6080784a3c0ed5a7a3a51a23aea7/execute/async - {"script":"<script> [1562 bytes]","args":[{"selector":{"controlType":"sap.m.Title","viewName":"etm.portal.ui.managepricingrules.view.NewItem","viewId":"application-managepricingrules-display-component---newInfoPriceItem","properties":{"text":"New Pricing Rules - Item Level"}},"wdio_ui5_key":"etmportal.ui.managepricingrules.view.NewItemsap.m.Title{\"text\":\"New Pricing Rules - Item Level\"}"}]}
RESULT: {"script":"<script> [1562 bytes]","args":[{"selector":{"controlType":"sap.m.Title","viewName":"etm.portal.ui.managepricingrules.view.NewItem","viewId":"application-managepricingrules-display-component---newInfoPriceItem","properties":{"text":"New Pricing Rules - Item Level"}},"wdio_ui5_key":"etmportal.ui.managepricingrules.view.NewItemsap.m.Title{\"text\":\"New Pricing Rules - Item Level\"}"}]}
RESULT: undefined
COMMAND: POST /session/153c6080784a3c0ed5a7a3a51a23aea7/execute/async - {"script":"<script> [6424 bytes]","args":[{"element-6066-11e4-a52e-4f735466cecf":"f.2D07FE98EF058A5017333A18E496C5C8.d.B0B26FFC4C566164DD202BE577756A74.e.13028"},"getText",[]]}
RESULT: {"script":"<script> [6424 bytes]","args":[{"element-6066-11e4-a52e-4f735466cecf":"f.2D07FE98EF058A5017333A18E496C5C8.d.B0B26FFC4C566164DD202BE577756A74.e.13028"},"getText",[]]}
COMMAND: POST /session/153c6080784a3c0ed5a7a3a51a23aea7/execute/async - {"script":"<script> [1562 bytes]","args":[{"selector":{"id":"application-managepricingrules-display-component---newInfoPriceItem--condValidTo","interaction":{"idSuffix":"inner"}},"wdio_ui5_key":"applicationmanagepricingrules-display-component---newInfoPriceItem--condValidTo"}]}
RESULT: {"script":"<script> [1562 bytes]","args":[{"selector":{"id":"application-managepricingrules-display-component---newInfoPriceItem--condValidTo","interaction":{"idSuffix":"inner"}},"wdio_ui5_key":"applicationmanagepricingrules-display-component---newInfoPriceItem--condValidTo"}]}
RESULT: undefined
COMMAND: POST /session/153c6080784a3c0ed5a7a3a51a23aea7/execute/async - {"script":"<script> [776 bytes]","args":[{"enterText":"2/4/26","selector":{"id":"application-managepricingrules-display-component---newInfoPriceItem--condValidTo","interaction":{"idSuffix":"inner"}},"clearTextFirst":true,"interactionType":"ENTER_TEXT"}]}
RESULT: {"script":"<script> [776 bytes]","args":[{"enterText":"2/4/26","selector":{"id":"application-managepricingrules-display-component---newInfoPriceItem--condValidTo","interaction":{"idSuffix":"inner"}},"clearTextFirst":true,"interactionType":"ENTER_TEXT"}]}
COMMAND: POST /session/153c6080784a3c0ed5a7a3a51a23aea7/execute/async - {"script":"<script> [1562 bytes]","args":[{"selector":{"id":"application-managepricingrules-display-component---newInfoPriceItem--billType-arrow"},"wdio_ui5_key":"applicationmanagepricingrules-display-component---newInfoPriceItem--billType-arrow"}]}
RESULT: {"script":"<script> [1562 bytes]","args":[{"selector":{"id":"application-managepricingrules-display-component---newInfoPriceItem--billType-arrow"},"wdio_ui5_key":"applicationmanagepricingrules-display-component---newInfoPriceItem--billType-arrow"}]}
RESULT: undefined
COMMAND: POST /session/153c6080784a3c0ed5a7a3a51a23aea7/element - {"using":"xpath","value":"//*[@id=\"application-managepricingrules-display-component---newInfoPriceItem--billType-arrow\"]"}
RESULT: {"using":"xpath","value":"//*[@id=\"application-managepricingrules-display-component---newInfoPriceItem--billType-arrow\"]"}
COMMAND: POST /session/153c6080784a3c0ed5a7a3a51a23aea7/element/f.2D07FE98EF058A5017333A18E496C5C8.d.B0B26FFC4C566164DD202BE577756A74.e.13030/click - {}
RESULT: {}
COMMAND: POST /session/153c6080784a3c0ed5a7a3a51a23aea7/element - {"using":"xpath","value":"//span[contains(text(), \"TB - Time based\")]"}
COMMAND: GET /session/153c6080784a3c0ed5a7a3a51a23aea7/screenshot - {}
RESULT: {"using":"xpath","value":"//span[contains(text(), \"TB - Time based\")]"}
COMMAND: POST /session/153c6080784a3c0ed5a7a3a51a23aea7/element/f.2D07FE98EF058A5017333A18E496C5C8.d.B0B26FFC4C566164DD202BE577756A74.e.13031/click - {}
RESULT: {}
RESULT: {}
COMMAND: POST /session/153c6080784a3c0ed5a7a3a51a23aea7/execute/async - {"script":"<script> [1562 bytes]","args":[{"selector":{"id":"application-managepricingrules-display-component---newInfoPriceItem--priceProc-arrow"},"wdio_ui5_key":"applicationmanagepricingrules-display-component---newInfoPriceItem--priceProc-arrow"}]}
COMMAND: GET /session/153c6080784a3c0ed5a7a3a51a23aea7/screenshot - {}
RESULT: {"script":"<script> [1562 bytes]","args":[{"selector":{"id":"application-managepricingrules-display-component---newInfoPriceItem--priceProc-arrow"},"wdio_ui5_key":"applicationmanagepricingrules-display-component---newInfoPriceItem--priceProc-arrow"}]}
RESULT: undefined
COMMAND: POST /session/153c6080784a3c0ed5a7a3a51a23aea7/element - {"using":"xpath","value":"//*[@id=\"application-managepricingrules-display-component---newInfoPriceItem--priceProc-arrow\"]"}
RESULT: {}
RESULT: {"using":"xpath","value":"//*[@id=\"application-managepricingrules-display-component---newInfoPriceItem--priceProc-arrow\"]"}
COMMAND: POST /session/153c6080784a3c0ed5a7a3a51a23aea7/element/f.2D07FE98EF058A5017333A18E496C5C8.d.B0B26FFC4C566164DD202BE577756A74.e.12993/click - {}
RESULT: {}
COMMAND: POST /session/153c6080784a3c0ed5a7a3a51a23aea7/element - {"using":"xpath","value":"//span[contains(text(), \"TBS - Time based standard\")]"}
COMMAND: GET /session/153c6080784a3c0ed5a7a3a51a23aea7/screenshot - {}
RESULT: {"using":"xpath","value":"//span[contains(text(), \"TBS - Time based standard\")]"}
COMMAND: POST /session/153c6080784a3c0ed5a7a3a51a23aea7/element/f.2D07FE98EF058A5017333A18E496C5C8.d.B0B26FFC4C566164DD202BE577756A74.e.13032/click - {}
RESULT: {}
RESULT: {}
COMMAND: POST /session/153c6080784a3c0ed5a7a3a51a23aea7/execute/async - {"script":"<script> [1562 bytes]","args":[{"selector":{"id":"application-managepricingrules-display-component---newInfoPriceItem--calcBase-arrow"},"wdio_ui5_key":"applicationmanagepricingrules-display-component---newInfoPriceItem--calcBase-arrow"}]}
COMMAND: GET /session/153c6080784a3c0ed5a7a3a51a23aea7/screenshot - {}
RESULT: {"script":"<script> [1562 bytes]","args":[{"selector":{"id":"application-managepricingrules-display-component---newInfoPriceItem--calcBase-arrow"},"wdio_ui5_key":"applicationmanagepricingrules-display-component---newInfoPriceItem--calcBase-arrow"}]}
RESULT: undefined
COMMAND: POST /session/153c6080784a3c0ed5a7a3a51a23aea7/element - {"using":"xpath","value":"//*[@id=\"application-managepricingrules-display-component---newInfoPriceItem--calcBase-arrow\"]"}
RESULT: {}
RESULT: {"using":"xpath","value":"//*[@id=\"application-managepricingrules-display-component---newInfoPriceItem--calcBase-arrow\"]"}
COMMAND: POST /session/153c6080784a3c0ed5a7a3a51a23aea7/element/f.2D07FE98EF058A5017333A18E496C5C8.d.B0B26FFC4C566164DD202BE577756A74.e.13000/click - {}
RESULT: {}
COMMAND: GET /session/153c6080784a3c0ed5a7a3a51a23aea7/screenshot - {}
RESULT: {}
COMMAND: POST /session/153c6080784a3c0ed5a7a3a51a23aea7/element - {"using":"xpath","value":"//span[contains(text(), \"0006 - TB(calendar days)\")]"}
RESULT: {"using":"xpath","value":"//span[contains(text(), \"0006 - TB(calendar days)\")]"}
COMMAND: POST /session/153c6080784a3c0ed5a7a3a51a23aea7/element/f.2D07FE98EF058A5017333A18E496C5C8.d.B0B26FFC4C566164DD202BE577756A74.e.13033/click - {}
RESULT: {}
COMMAND: GET /session/153c6080784a3c0ed5a7a3a51a23aea7/screenshot - {}
RESULT: {}
COMMAND: POST /session/153c6080784a3c0ed5a7a3a51a23aea7/execute/async - {"script":"<script> [1562 bytes]","args":[{"selector":{"id":"application-managepricingrules-display-component---newInfoPriceItem--daysMonth","interaction":{"idSuffix":"inner"}},"wdio_ui5_key":"applicationmanagepricingrules-display-component---newInfoPriceItem--daysMonth"}]}
RESULT: {"script":"<script> [1562 bytes]","args":[{"selector":{"id":"application-managepricingrules-display-component---newInfoPriceItem--daysMonth","interaction":{"idSuffix":"inner"}},"wdio_ui5_key":"applicationmanagepricingrules-display-component---newInfoPriceItem--daysMonth"}]}
RESULT: undefined
COMMAND: POST /session/153c6080784a3c0ed5a7a3a51a23aea7/execute/async - {"script":"<script> [776 bytes]","args":[{"enterText":"30","selector":{"id":"application-managepricingrules-display-component---newInfoPriceItem--daysMonth","interaction":{"idSuffix":"inner"}},"clearTextFirst":true,"interactionType":"ENTER_TEXT"}]}
RESULT: {"script":"<script> [776 bytes]","args":[{"enterText":"30","selector":{"id":"application-managepricingrules-display-component---newInfoPriceItem--daysMonth","interaction":{"idSuffix":"inner"}},"clearTextFirst":true,"interactionType":"ENTER_TEXT"}]}
COMMAND: POST /session/153c6080784a3c0ed5a7a3a51a23aea7/element - {"using":"xpath","value":"//button[@data-kt=\"saveNewRuleButton\"]"}
RESULT: {"using":"xpath","value":"//button[@data-kt=\"saveNewRuleButton\"]"}
COMMAND: POST /session/153c6080784a3c0ed5a7a3a51a23aea7/element/f.2D07FE98EF058A5017333A18E496C5C8.d.B0B26FFC4C566164DD202BE577756A74.e.13017/click - {}
RESULT: {}
COMMAND: GET /session/153c6080784a3c0ed5a7a3a51a23aea7/screenshot - {}
RESULT: {}
COMMAND: POST /session/153c6080784a3c0ed5a7a3a51a23aea7/execute/async - {"script":"<script> [1562 bytes]","args":[{"selector":{"id":"application-managepricingrules-display-component---priceInfoItem--smartFilterBar-btnBasicSearch","interaction":{"idSuffix":"I"}},"wdio_ui5_key":"applicationmanagepricingrules-display-component---priceInfoItem--smartFilterBar-btnBasicSearch"}]}
RESULT: {"script":"<script> [1562 bytes]","args":[{"selector":{"id":"application-managepricingrules-display-component---priceInfoItem--smartFilterBar-btnBasicSearch","interaction":{"idSuffix":"I"}},"wdio_ui5_key":"applicationmanagepricingrules-display-component---priceInfoItem--smartFilterBar-btnBasicSearch"}]}
RESULT: undefined
COMMAND: POST /session/153c6080784a3c0ed5a7a3a51a23aea7/execute/async - {"script":"<script> [776 bytes]","args":[{"enterText":"2hm1C7o4nK","selector":{"id":"application-managepricingrules-display-component---priceInfoItem--smartFilterBar-btnBasicSearch","interaction":{"idSuffix":"I"}},"clearTextFirst":true,"interactionType":"ENTER_TEXT"}]}
RESULT: {"script":"<script> [776 bytes]","args":[{"enterText":"2hm1C7o4nK","selector":{"id":"application-managepricingrules-display-component---priceInfoItem--smartFilterBar-btnBasicSearch","interaction":{"idSuffix":"I"}},"clearTextFirst":true,"interactionType":"ENTER_TEXT"}]}
COMMAND: POST /session/153c6080784a3c0ed5a7a3a51a23aea7/actions - {"actions":[{"id":"action49","type":"key","parameters":{},"actions":[{"type":"keyDown","value":"î€‡"},{"type":"pause","duration":10},{"type":"keyUp","value":"î€‡"}]}]}
RESULT: {"actions":[{"id":"action49","type":"key","parameters":{},"actions":[{"type":"keyDown","value":"î€‡"},{"type":"pause","duration":10},{"type":"keyUp","value":"î€‡"}]}]}
COMMAND: GET /session/153c6080784a3c0ed5a7a3a51a23aea7/screenshot - {}
RESULT: {}
COMMAND: POST /session/153c6080784a3c0ed5a7a3a51a23aea7/element - {"using":"xpath","value":"//span[@id=\"application-managepricingrules-display-component---priceInfoItem--smartTable-header-inner\"]"}
RESULT: {"using":"xpath","value":"//span[@id=\"application-managepricingrules-display-component---priceInfoItem--smartTable-header-inner\"]"}
COMMAND: POST /session/153c6080784a3c0ed5a7a3a51a23aea7/elements - {"using":"xpath","value":"//span[@id=\"application-managepricingrules-display-component---priceInfoItem--smartTable-header-inner\"]"}
RESULT: {"using":"xpath","value":"//span[@id=\"application-managepricingrules-display-component---priceInfoItem--smartTable-header-inner\"]"}
COMMAND: POST /session/153c6080784a3c0ed5a7a3a51a23aea7/execute/sync - {"script":"<script> [56 bytes]","args":[{"element-6066-11e4-a52e-4f735466cecf":"f.2D07FE98EF058A5017333A18E496C5C8.d.B0B26FFC4C566164DD202BE577756A74.e.13046","ELEMENT":"f.2D07FE98EF058A5017333A18E496C5C8.d.B0B26FFC4C566164DD202BE577756A74.e.13046"}]}
RESULT: {"script":"<script> [56 bytes]","args":[{"element-6066-11e4-a52e-4f735466cecf":"f.2D07FE98EF058A5017333A18E496C5C8.d.B0B26FFC4C566164DD202BE577756A74.e.13046","ELEMENT":"f.2D07FE98EF058A5017333A18E496C5C8.d.B0B26FFC4C566164DD202BE577756A74.e.13046"}]}
COMMAND: POST /session/153c6080784a3c0ed5a7a3a51a23aea7/element - {"using":"css selector","value":"#shell-header-logo"}
COMMAND: GET /session/153c6080784a3c0ed5a7a3a51a23aea7/screenshot - {}
RESULT: {"using":"css selector","value":"#shell-header-logo"}
COMMAND: POST /session/153c6080784a3c0ed5a7a3a51a23aea7/element/f.2D07FE98EF058A5017333A18E496C5C8.d.B0B26FFC4C566164DD202BE577756A74.e.12168/click - {}
RESULT: {}
RESULT: {}
COMMAND: GET /session/153c6080784a3c0ed5a7a3a51a23aea7/screenshot - {}
RESULT: {}
]]></system-out>
    </testcase>
    <testcase classname="chrome.137_0_7151_56.windows.Create_Reverse_Billing_US127248" name="Should manage conditions" time="73.217">
      <system-out><![CDATA[
COMMAND: POST /session/153c6080784a3c0ed5a7a3a51a23aea7/execute/async - {"script":"<script> [1562 bytes]","args":[{"selector":{"controlType":"sap.m.GenericTile","properties":{"header":"Manage Conditions & Prices"}},"wdio_ui5_key":"sapm.GenericTile{\"header\":\"Manage Conditions & Prices\"}"}]}
RESULT: {"script":"<script> [1562 bytes]","args":[{"selector":{"controlType":"sap.m.GenericTile","properties":{"header":"Manage Conditions & Prices"}},"wdio_ui5_key":"sapm.GenericTile{\"header\":\"Manage Conditions & Prices\"}"}]}
RESULT: undefined
COMMAND: POST /session/153c6080784a3c0ed5a7a3a51a23aea7/element - {"using":"xpath","value":"//*[@id=\"__tile53\"]"}
RESULT: {"using":"xpath","value":"//*[@id=\"__tile53\"]"}
COMMAND: POST /session/153c6080784a3c0ed5a7a3a51a23aea7/element/f.2D07FE98EF058A5017333A18E496C5C8.d.B0B26FFC4C566164DD202BE577756A74.e.12103/click - {}
RESULT: {}
COMMAND: GET /session/153c6080784a3c0ed5a7a3a51a23aea7/screenshot - {}
RESULT: {}
COMMAND: POST /session/153c6080784a3c0ed5a7a3a51a23aea7/elements - {"using":"xpath","value":"//span[text()='Error']"}
RESULT: {"using":"xpath","value":"//span[text()='Error']"}
COMMAND: POST /session/153c6080784a3c0ed5a7a3a51a23aea7/element - {"using":"xpath","value":"//button[@aria-label=\"Create\"]"}
RESULT: {"using":"xpath","value":"//button[@aria-label=\"Create\"]"}
COMMAND: POST /session/153c6080784a3c0ed5a7a3a51a23aea7/elements - {"using":"xpath","value":"//button[@aria-label=\"Create\"]"}
RESULT: {"using":"xpath","value":"//button[@aria-label=\"Create\"]"}
COMMAND: POST /session/153c6080784a3c0ed5a7a3a51a23aea7/elements - {"using":"xpath","value":"//button[@aria-label=\"Create\"]"}
RESULT: {"using":"xpath","value":"//button[@aria-label=\"Create\"]"}
COMMAND: POST /session/153c6080784a3c0ed5a7a3a51a23aea7/elements - {"using":"xpath","value":"//button[@aria-label=\"Create\"]"}
RESULT: {"using":"xpath","value":"//button[@aria-label=\"Create\"]"}
COMMAND: POST /session/153c6080784a3c0ed5a7a3a51a23aea7/element - {"using":"xpath","value":"//button[@aria-label=\"Create\"]"}
RESULT: {"using":"xpath","value":"//button[@aria-label=\"Create\"]"}
COMMAND: POST /session/153c6080784a3c0ed5a7a3a51a23aea7/execute/sync - {"script":"<script> [8489 bytes]","args":[{"element-6066-11e4-a52e-4f735466cecf":"f.2D07FE98EF058A5017333A18E496C5C8.d.B0B26FFC4C566164DD202BE577756A74.e.13083","ELEMENT":"f.2D07FE98EF058A5017333A18E496C5C8.d.B0B26FFC4C566164DD202BE577756A74.e.13083"}]}
RESULT: {"script":"<script> [8489 bytes]","args":[{"element-6066-11e4-a52e-4f735466cecf":"f.2D07FE98EF058A5017333A18E496C5C8.d.B0B26FFC4C566164DD202BE577756A74.e.13083","ELEMENT":"f.2D07FE98EF058A5017333A18E496C5C8.d.B0B26FFC4C566164DD202BE577756A74.e.13083"}]}
COMMAND: GET /session/153c6080784a3c0ed5a7a3a51a23aea7/element/f.2D07FE98EF058A5017333A18E496C5C8.d.B0B26FFC4C566164DD202BE577756A74.e.13083/enabled - {}
COMMAND: GET /session/153c6080784a3c0ed5a7a3a51a23aea7/screenshot - {}
RESULT: {}
COMMAND: POST /session/153c6080784a3c0ed5a7a3a51a23aea7/execute/sync - {"script":"<script> [8489 bytes]","args":[{"element-6066-11e4-a52e-4f735466cecf":"f.2D07FE98EF058A5017333A18E496C5C8.d.B0B26FFC4C566164DD202BE577756A74.e.13083","ELEMENT":"f.2D07FE98EF058A5017333A18E496C5C8.d.B0B26FFC4C566164DD202BE577756A74.e.13083"}]}
COMMAND: GET /session/153c6080784a3c0ed5a7a3a51a23aea7/screenshot - {}
RESULT: {}
RESULT: {"script":"<script> [8489 bytes]","args":[{"element-6066-11e4-a52e-4f735466cecf":"f.2D07FE98EF058A5017333A18E496C5C8.d.B0B26FFC4C566164DD202BE577756A74.e.13083","ELEMENT":"f.2D07FE98EF058A5017333A18E496C5C8.d.B0B26FFC4C566164DD202BE577756A74.e.13083"}]}
COMMAND: POST /session/153c6080784a3c0ed5a7a3a51a23aea7/execute/sync - {"script":"<script> [5351 bytes]","args":[{"element-6066-11e4-a52e-4f735466cecf":"f.2D07FE98EF058A5017333A18E496C5C8.d.B0B26FFC4C566164DD202BE577756A74.e.13083","ELEMENT":"f.2D07FE98EF058A5017333A18E496C5C8.d.B0B26FFC4C566164DD202BE577756A74.e.13083"}]}
COMMAND: GET /session/153c6080784a3c0ed5a7a3a51a23aea7/screenshot - {}
RESULT: {}
RESULT: {"script":"<script> [5351 bytes]","args":[{"element-6066-11e4-a52e-4f735466cecf":"f.2D07FE98EF058A5017333A18E496C5C8.d.B0B26FFC4C566164DD202BE577756A74.e.13083","ELEMENT":"f.2D07FE98EF058A5017333A18E496C5C8.d.B0B26FFC4C566164DD202BE577756A74.e.13083"}]}
COMMAND: POST /session/153c6080784a3c0ed5a7a3a51a23aea7/element/f.2D07FE98EF058A5017333A18E496C5C8.d.B0B26FFC4C566164DD202BE577756A74.e.13083/click - {}
COMMAND: GET /session/153c6080784a3c0ed5a7a3a51a23aea7/screenshot - {}
RESULT: {}
RESULT: {}
COMMAND: GET /session/153c6080784a3c0ed5a7a3a51a23aea7/screenshot - {}
RESULT: {}
RESULT: {}
COMMAND: POST /session/153c6080784a3c0ed5a7a3a51a23aea7/actions - {"actions":[{"id":"action50","type":"key","parameters":{},"actions":[{"type":"keyDown","value":"î€‡"},{"type":"pause","duration":10},{"type":"keyUp","value":"î€‡"}]}]}
RESULT: {"actions":[{"id":"action50","type":"key","parameters":{},"actions":[{"type":"keyDown","value":"î€‡"},{"type":"pause","duration":10},{"type":"keyUp","value":"î€‡"}]}]}
COMMAND: GET /session/153c6080784a3c0ed5a7a3a51a23aea7/screenshot - {}
RESULT: {}
COMMAND: POST /session/153c6080784a3c0ed5a7a3a51a23aea7/execute/async - {"script":"<script> [1562 bytes]","args":[{"selector":{"id":"application-manageconditionprice-display-component---newCondition--condBillCond-arrow"},"wdio_ui5_key":"applicationmanageconditionprice-display-component---newCondition--condBillCond-arrow"}]}
RESULT: {"script":"<script> [1562 bytes]","args":[{"selector":{"id":"application-manageconditionprice-display-component---newCondition--condBillCond-arrow"},"wdio_ui5_key":"applicationmanageconditionprice-display-component---newCondition--condBillCond-arrow"}]}
RESULT: undefined
COMMAND: POST /session/153c6080784a3c0ed5a7a3a51a23aea7/element - {"using":"xpath","value":"//*[@id=\"application-manageconditionprice-display-component---newCondition--condBillCond-arrow\"]"}
RESULT: {"using":"xpath","value":"//*[@id=\"application-manageconditionprice-display-component---newCondition--condBillCond-arrow\"]"}
COMMAND: POST /session/153c6080784a3c0ed5a7a3a51a23aea7/element/f.2D07FE98EF058A5017333A18E496C5C8.d.B0B26FFC4C566164DD202BE577756A74.e.13263/click - {}
RESULT: {}
COMMAND: GET /session/153c6080784a3c0ed5a7a3a51a23aea7/screenshot - {}
RESULT: {}
COMMAND: POST /session/153c6080784a3c0ed5a7a3a51a23aea7/element - {"using":"xpath","value":"//li[.//span[contains(text(), \"DISP - D&I special price\")]]"}
RESULT: {"using":"xpath","value":"//li[.//span[contains(text(), \"DISP - D&I special price\")]]"}
COMMAND: POST /session/153c6080784a3c0ed5a7a3a51a23aea7/element/f.2D07FE98EF058A5017333A18E496C5C8.d.B0B26FFC4C566164DD202BE577756A74.e.13266/click - {}
RESULT: {}
COMMAND: GET /session/153c6080784a3c0ed5a7a3a51a23aea7/screenshot - {}
RESULT: {}
COMMAND: POST /session/153c6080784a3c0ed5a7a3a51a23aea7/execute/async - {"script":"<script> [1562 bytes]","args":[{"selector":{"id":"application-manageconditionprice-display-component---newCondition--condValidTo","interaction":{"idSuffix":"inner"}},"wdio_ui5_key":"applicationmanageconditionprice-display-component---newCondition--condValidTo"}]}
RESULT: {"script":"<script> [1562 bytes]","args":[{"selector":{"id":"application-manageconditionprice-display-component---newCondition--condValidTo","interaction":{"idSuffix":"inner"}},"wdio_ui5_key":"applicationmanageconditionprice-display-component---newCondition--condValidTo"}]}
RESULT: undefined
COMMAND: POST /session/153c6080784a3c0ed5a7a3a51a23aea7/execute/async - {"script":"<script> [776 bytes]","args":[{"enterText":"2/4/26","selector":{"id":"application-manageconditionprice-display-component---newCondition--condValidTo","interaction":{"idSuffix":"inner"}},"clearTextFirst":true,"interactionType":"ENTER_TEXT"}]}
RESULT: {"script":"<script> [776 bytes]","args":[{"enterText":"2/4/26","selector":{"id":"application-manageconditionprice-display-component---newCondition--condValidTo","interaction":{"idSuffix":"inner"}},"clearTextFirst":true,"interactionType":"ENTER_TEXT"}]}
COMMAND: POST /session/153c6080784a3c0ed5a7a3a51a23aea7/element - {"using":"xpath","value":"//input[@id=\"application-manageconditionprice-display-component---newCondition--condRU-inner\"]"}
RESULT: {"using":"xpath","value":"//input[@id=\"application-manageconditionprice-display-component---newCondition--condRU-inner\"]"}
COMMAND: POST /session/153c6080784a3c0ed5a7a3a51a23aea7/element/f.2D07FE98EF058A5017333A18E496C5C8.d.B0B26FFC4C566164DD202BE577756A74.e.13128/clear - {}
RESULT: {}
COMMAND: POST /session/153c6080784a3c0ed5a7a3a51a23aea7/element/f.2D07FE98EF058A5017333A18E496C5C8.d.B0B26FFC4C566164DD202BE577756A74.e.13128/value - {"text":"2hm1C7o4nK"}
COMMAND: GET /session/153c6080784a3c0ed5a7a3a51a23aea7/screenshot - {}
RESULT: {"text":"2hm1C7o4nK"}
COMMAND: GET /session/153c6080784a3c0ed5a7a3a51a23aea7/screenshot - {}
RESULT: {}
RESULT: {}
COMMAND: POST /session/153c6080784a3c0ed5a7a3a51a23aea7/actions - {"actions":[{"id":"action51","type":"key","parameters":{},"actions":[{"type":"keyDown","value":"î€‡"},{"type":"pause","duration":10},{"type":"keyUp","value":"î€‡"}]}]}
RESULT: {"actions":[{"id":"action51","type":"key","parameters":{},"actions":[{"type":"keyDown","value":"î€‡"},{"type":"pause","duration":10},{"type":"keyUp","value":"î€‡"}]}]}
COMMAND: POST /session/153c6080784a3c0ed5a7a3a51a23aea7/execute/async - {"script":"<script> [1562 bytes]","args":[{"selector":{"id":"application-manageconditionprice-display-component---newCondition--condBaseQty","interaction":{"idSuffix":"inner"}},"wdio_ui5_key":"applicationmanageconditionprice-display-component---newCondition--condBaseQty"}]}
COMMAND: GET /session/153c6080784a3c0ed5a7a3a51a23aea7/screenshot - {}
RESULT: {"script":"<script> [1562 bytes]","args":[{"selector":{"id":"application-manageconditionprice-display-component---newCondition--condBaseQty","interaction":{"idSuffix":"inner"}},"wdio_ui5_key":"applicationmanageconditionprice-display-component---newCondition--condBaseQty"}]}
RESULT: undefined
COMMAND: POST /session/153c6080784a3c0ed5a7a3a51a23aea7/execute/async - {"script":"<script> [776 bytes]","args":[{"enterText":"1","selector":{"id":"application-manageconditionprice-display-component---newCondition--condBaseQty","interaction":{"idSuffix":"inner"}},"clearTextFirst":true,"interactionType":"ENTER_TEXT"}]}
RESULT: {}
RESULT: {"script":"<script> [776 bytes]","args":[{"enterText":"1","selector":{"id":"application-manageconditionprice-display-component---newCondition--condBaseQty","interaction":{"idSuffix":"inner"}},"clearTextFirst":true,"interactionType":"ENTER_TEXT"}]}
COMMAND: POST /session/153c6080784a3c0ed5a7a3a51a23aea7/execute/async - {"script":"<script> [1562 bytes]","args":[{"selector":{"id":"application-manageconditionprice-display-component---newCondition--condValue","interaction":{"idSuffix":"inner"}},"wdio_ui5_key":"applicationmanageconditionprice-display-component---newCondition--condValue"}]}
RESULT: {"script":"<script> [1562 bytes]","args":[{"selector":{"id":"application-manageconditionprice-display-component---newCondition--condValue","interaction":{"idSuffix":"inner"}},"wdio_ui5_key":"applicationmanageconditionprice-display-component---newCondition--condValue"}]}
RESULT: undefined
COMMAND: POST /session/153c6080784a3c0ed5a7a3a51a23aea7/execute/async - {"script":"<script> [776 bytes]","args":[{"enterText":"200","selector":{"id":"application-manageconditionprice-display-component---newCondition--condValue","interaction":{"idSuffix":"inner"}},"clearTextFirst":true,"interactionType":"ENTER_TEXT"}]}
RESULT: {"script":"<script> [776 bytes]","args":[{"enterText":"200","selector":{"id":"application-manageconditionprice-display-component---newCondition--condValue","interaction":{"idSuffix":"inner"}},"clearTextFirst":true,"interactionType":"ENTER_TEXT"}]}
COMMAND: POST /session/153c6080784a3c0ed5a7a3a51a23aea7/execute/async - {"script":"<script> [1562 bytes]","args":[{"selector":{"id":"application-manageconditionprice-display-component---newCondition--condCurr-arrow"},"wdio_ui5_key":"applicationmanageconditionprice-display-component---newCondition--condCurr-arrow"}]}
RESULT: {"script":"<script> [1562 bytes]","args":[{"selector":{"id":"application-manageconditionprice-display-component---newCondition--condCurr-arrow"},"wdio_ui5_key":"applicationmanageconditionprice-display-component---newCondition--condCurr-arrow"}]}
RESULT: undefined
COMMAND: POST /session/153c6080784a3c0ed5a7a3a51a23aea7/element - {"using":"xpath","value":"//*[@id=\"application-manageconditionprice-display-component---newCondition--condCurr-arrow\"]"}
RESULT: {"using":"xpath","value":"//*[@id=\"application-manageconditionprice-display-component---newCondition--condCurr-arrow\"]"}
COMMAND: POST /session/153c6080784a3c0ed5a7a3a51a23aea7/element/f.2D07FE98EF058A5017333A18E496C5C8.d.B0B26FFC4C566164DD202BE577756A74.e.13219/click - {}
RESULT: {}
COMMAND: POST /session/153c6080784a3c0ed5a7a3a51a23aea7/element - {"using":"xpath","value":"//span[contains(text(), \"Euro\")]"}
COMMAND: GET /session/153c6080784a3c0ed5a7a3a51a23aea7/screenshot - {}
RESULT: {"using":"xpath","value":"//span[contains(text(), \"Euro\")]"}
COMMAND: POST /session/153c6080784a3c0ed5a7a3a51a23aea7/element/f.2D07FE98EF058A5017333A18E496C5C8.d.B0B26FFC4C566164DD202BE577756A74.e.13303/click - {}
RESULT: {}
RESULT: {}
COMMAND: POST /session/153c6080784a3c0ed5a7a3a51a23aea7/element - {"using":"xpath","value":"//button[@data-kt=\"saveButton\"]"}
COMMAND: GET /session/153c6080784a3c0ed5a7a3a51a23aea7/screenshot - {}
RESULT: {"using":"xpath","value":"//button[@data-kt=\"saveButton\"]"}
COMMAND: POST /session/153c6080784a3c0ed5a7a3a51a23aea7/element/f.2D07FE98EF058A5017333A18E496C5C8.d.B0B26FFC4C566164DD202BE577756A74.e.13220/click - {}
RESULT: {}
RESULT: {}
COMMAND: GET /session/153c6080784a3c0ed5a7a3a51a23aea7/screenshot - {}
RESULT: {}
COMMAND: POST /session/153c6080784a3c0ed5a7a3a51a23aea7/execute/async - {"script":"<script> [1562 bytes]","args":[{"selector":{"id":"application-manageconditionprice-display-component---conditions--smartFilterBar-btnBasicSearch","interaction":{"idSuffix":"I"}},"wdio_ui5_key":"applicationmanageconditionprice-display-component---conditions--smartFilterBar-btnBasicSearch"}]}
RESULT: {"script":"<script> [1562 bytes]","args":[{"selector":{"id":"application-manageconditionprice-display-component---conditions--smartFilterBar-btnBasicSearch","interaction":{"idSuffix":"I"}},"wdio_ui5_key":"applicationmanageconditionprice-display-component---conditions--smartFilterBar-btnBasicSearch"}]}
RESULT: undefined
COMMAND: POST /session/153c6080784a3c0ed5a7a3a51a23aea7/execute/async - {"script":"<script> [776 bytes]","args":[{"enterText":"2hm1C7o4nK","selector":{"id":"application-manageconditionprice-display-component---conditions--smartFilterBar-btnBasicSearch","interaction":{"idSuffix":"I"}},"clearTextFirst":true,"interactionType":"ENTER_TEXT"}]}
RESULT: {"script":"<script> [776 bytes]","args":[{"enterText":"2hm1C7o4nK","selector":{"id":"application-manageconditionprice-display-component---conditions--smartFilterBar-btnBasicSearch","interaction":{"idSuffix":"I"}},"clearTextFirst":true,"interactionType":"ENTER_TEXT"}]}
COMMAND: POST /session/153c6080784a3c0ed5a7a3a51a23aea7/actions - {"actions":[{"id":"action52","type":"key","parameters":{},"actions":[{"type":"keyDown","value":"î€‡"},{"type":"pause","duration":10},{"type":"keyUp","value":"î€‡"}]}]}
RESULT: {"actions":[{"id":"action52","type":"key","parameters":{},"actions":[{"type":"keyDown","value":"î€‡"},{"type":"pause","duration":10},{"type":"keyUp","value":"î€‡"}]}]}
COMMAND: GET /session/153c6080784a3c0ed5a7a3a51a23aea7/screenshot - {}
RESULT: {}
COMMAND: POST /session/153c6080784a3c0ed5a7a3a51a23aea7/execute/async - {"script":"<script> [1562 bytes]","args":[{"selector":{"id":"application-manageconditionprice-display-component---conditions--smartFilterBar-filterItemControl_BASIC-BILL_TYPES-vhi"},"wdio_ui5_key":"applicationmanageconditionprice-display-component---conditions--smartFilterBar-filterItemControl_BASIC-BILL_TYPES-vhi"}]}
RESULT: {"script":"<script> [1562 bytes]","args":[{"selector":{"id":"application-manageconditionprice-display-component---conditions--smartFilterBar-filterItemControl_BASIC-BILL_TYPES-vhi"},"wdio_ui5_key":"applicationmanageconditionprice-display-component---conditions--smartFilterBar-filterItemControl_BASIC-BILL_TYPES-vhi"}]}
RESULT: undefined
COMMAND: POST /session/153c6080784a3c0ed5a7a3a51a23aea7/element - {"using":"xpath","value":"//*[@id=\"application-manageconditionprice-display-component---conditions--smartFilterBar-filterItemControl_BASIC-BILL_TYPES-vhi\"]"}
RESULT: {"using":"xpath","value":"//*[@id=\"application-manageconditionprice-display-component---conditions--smartFilterBar-filterItemControl_BASIC-BILL_TYPES-vhi\"]"}
COMMAND: POST /session/153c6080784a3c0ed5a7a3a51a23aea7/element/f.2D07FE98EF058A5017333A18E496C5C8.d.B0B26FFC4C566164DD202BE577756A74.e.13410/click - {}
RESULT: {}
COMMAND: POST /session/153c6080784a3c0ed5a7a3a51a23aea7/execute/async - {"script":"<script> [1562 bytes]","args":[{"selector":{"id":"application-manageconditionprice-display-component---conditions--smartFilterBar-filterItemControl_BASIC-BILL_TYPES-valueHelpDialog-smartFilterBar-btnBasicSearch","searchOpenDialogs":true,"interaction":{"idSuffix":"I"}},"wdio_ui5_key":"applicationmanageconditionprice-display-component---conditions--smartFilterBar-filterItemControl_BASIC-BILL_TYPES-valueHelpDialog-smartFilterBar-btnBasicSearch"}]}
COMMAND: GET /session/153c6080784a3c0ed5a7a3a51a23aea7/screenshot - {}
RESULT: {"script":"<script> [1562 bytes]","args":[{"selector":{"id":"application-manageconditionprice-display-component---conditions--smartFilterBar-filterItemControl_BASIC-BILL_TYPES-valueHelpDialog-smartFilterBar-btnBasicSearch","searchOpenDialogs":true,"interaction":{"idSuffix":"I"}},"wdio_ui5_key":"applicationmanageconditionprice-display-component---conditions--smartFilterBar-filterItemControl_BASIC-BILL_TYPES-valueHelpDialog-smartFilterBar-btnBasicSearch"}]}
RESULT: undefined
COMMAND: POST /session/153c6080784a3c0ed5a7a3a51a23aea7/execute/async - {"script":"<script> [776 bytes]","args":[{"enterText":"TB","selector":{"id":"application-manageconditionprice-display-component---conditions--smartFilterBar-filterItemControl_BASIC-BILL_TYPES-valueHelpDialog-smartFilterBar-btnBasicSearch","searchOpenDialogs":true,"interaction":{"idSuffix":"I"}},"clearTextFirst":true,"interactionType":"ENTER_TEXT"}]}
RESULT: {}
RESULT: {"script":"<script> [776 bytes]","args":[{"enterText":"TB","selector":{"id":"application-manageconditionprice-display-component---conditions--smartFilterBar-filterItemControl_BASIC-BILL_TYPES-valueHelpDialog-smartFilterBar-btnBasicSearch","searchOpenDialogs":true,"interaction":{"idSuffix":"I"}},"clearTextFirst":true,"interactionType":"ENTER_TEXT"}]}
COMMAND: POST /session/153c6080784a3c0ed5a7a3a51a23aea7/actions - {"actions":[{"id":"action53","type":"key","parameters":{},"actions":[{"type":"keyDown","value":"î€‡"},{"type":"pause","duration":10},{"type":"keyUp","value":"î€‡"}]}]}
RESULT: {"actions":[{"id":"action53","type":"key","parameters":{},"actions":[{"type":"keyDown","value":"î€‡"},{"type":"pause","duration":10},{"type":"keyUp","value":"î€‡"}]}]}
COMMAND: GET /session/153c6080784a3c0ed5a7a3a51a23aea7/screenshot - {}
RESULT: {}
COMMAND: POST /session/153c6080784a3c0ed5a7a3a51a23aea7/element - {"using":"xpath","value":"//div[contains(@id, 'application-manageconditionprice-display-component---conditions--smartFilterBar-filterItemControl_BASIC-BILL_TYPES-valueHelpDialog-table-rowsel0')]"}
RESULT: {"using":"xpath","value":"//div[contains(@id, 'application-manageconditionprice-display-component---conditions--smartFilterBar-filterItemControl_BASIC-BILL_TYPES-valueHelpDialog-table-rowsel0')]"}
COMMAND: POST /session/153c6080784a3c0ed5a7a3a51a23aea7/element/f.2D07FE98EF058A5017333A18E496C5C8.d.B0B26FFC4C566164DD202BE577756A74.e.13420/click - {}
RESULT: {}
COMMAND: GET /session/153c6080784a3c0ed5a7a3a51a23aea7/screenshot - {}
RESULT: {}
COMMAND: POST /session/153c6080784a3c0ed5a7a3a51a23aea7/element - {"using":"xpath","value":"//bdi[contains(text(), \"OK\")]"}
RESULT: {"using":"xpath","value":"//bdi[contains(text(), \"OK\")]"}
COMMAND: POST /session/153c6080784a3c0ed5a7a3a51a23aea7/element/f.2D07FE98EF058A5017333A18E496C5C8.d.B0B26FFC4C566164DD202BE577756A74.e.13422/click - {}
RESULT: {}
COMMAND: GET /session/153c6080784a3c0ed5a7a3a51a23aea7/screenshot - {}
RESULT: {}
COMMAND: POST /session/153c6080784a3c0ed5a7a3a51a23aea7/element - {"using":"xpath","value":"//span[@id=\"application-manageconditionprice-display-component---conditions--smartTable-header-inner\"]"}
RESULT: {"using":"xpath","value":"//span[@id=\"application-manageconditionprice-display-component---conditions--smartTable-header-inner\"]"}
COMMAND: POST /session/153c6080784a3c0ed5a7a3a51a23aea7/elements - {"using":"xpath","value":"//span[@id=\"application-manageconditionprice-display-component---conditions--smartTable-header-inner\"]"}
RESULT: {"using":"xpath","value":"//span[@id=\"application-manageconditionprice-display-component---conditions--smartTable-header-inner\"]"}
COMMAND: POST /session/153c6080784a3c0ed5a7a3a51a23aea7/execute/sync - {"script":"<script> [56 bytes]","args":[{"element-6066-11e4-a52e-4f735466cecf":"f.2D07FE98EF058A5017333A18E496C5C8.d.B0B26FFC4C566164DD202BE577756A74.e.13425","ELEMENT":"f.2D07FE98EF058A5017333A18E496C5C8.d.B0B26FFC4C566164DD202BE577756A74.e.13425"}]}
RESULT: {"script":"<script> [56 bytes]","args":[{"element-6066-11e4-a52e-4f735466cecf":"f.2D07FE98EF058A5017333A18E496C5C8.d.B0B26FFC4C566164DD202BE577756A74.e.13425","ELEMENT":"f.2D07FE98EF058A5017333A18E496C5C8.d.B0B26FFC4C566164DD202BE577756A74.e.13425"}]}
COMMAND: POST /session/153c6080784a3c0ed5a7a3a51a23aea7/element - {"using":"css selector","value":"#shell-header-logo"}
COMMAND: GET /session/153c6080784a3c0ed5a7a3a51a23aea7/screenshot - {}
RESULT: {"using":"css selector","value":"#shell-header-logo"}
COMMAND: POST /session/153c6080784a3c0ed5a7a3a51a23aea7/element/f.2D07FE98EF058A5017333A18E496C5C8.d.B0B26FFC4C566164DD202BE577756A74.e.13050/click - {}
RESULT: {}
RESULT: {}
COMMAND: GET /session/153c6080784a3c0ed5a7a3a51a23aea7/screenshot - {}
RESULT: {}
]]></system-out>
    </testcase>
  </testsuite>
</testsuites>