<?xml version="1.0" encoding="UTF-8"?>
<testsuites tests="21" failures="0" errors="0" skipped="0">
  <testsuite timestamp="2025-05-21T16:59:45" time="407.628" tests="3" failures="0" errors="0" skipped="0">
    <properties>
      <property name="specId" value="0"/>
      <property name="suiteName" value="Create condition pricing US117289 US134625"/>
      <property name="capabilities" value="chrome.136_0_7103_93.windows"/>
      <property name="file" value="file:///D:/a/1/s/test/specs/BTS/create-condition-pricing.spec.js"/>
    </properties>
    <testcase classname="chrome.136_0_7103_93.windows.Create_condition_pricing_US117289_US134625" name="Should create a new yard used for all following tests" time="138.298">
      <system-out><![CDATA[
COMMAND: POST /session/a6227829479fbf21341f4434e8015dec/window/fullscreen - {}
RESULT: {}
COMMAND: POST /session/a6227829479fbf21341f4434e8015dec/execute/async - {"script":"<script> [1562 bytes]","args":[{"selector":{"controlType":"sap.m.GenericTile","properties":{"header":"Manage Yards"}},"wdio_ui5_key":"sapm.GenericTile{\"header\":\"Manage Yards\"}"}]}
RESULT: {"script":"<script> [1562 bytes]","args":[{"selector":{"controlType":"sap.m.GenericTile","properties":{"header":"Manage Yards"}},"wdio_ui5_key":"sapm.GenericTile{\"header\":\"Manage Yards\"}"}]}
RESULT: undefined
COMMAND: POST /session/a6227829479fbf21341f4434e8015dec/element - {"using":"xpath","value":"//*[@id=\"__tile41\"]"}
RESULT: {"using":"xpath","value":"//*[@id=\"__tile41\"]"}
COMMAND: POST /session/a6227829479fbf21341f4434e8015dec/element/f.5FEBA03D879F6DDA3804D407047E73A7.d.14A2AA1130F5C2EC0A68629D618FA501.e.156/click - {}
RESULT: {}
COMMAND: GET /session/a6227829479fbf21341f4434e8015dec/screenshot - {}
RESULT: {}
COMMAND: POST /session/a6227829479fbf21341f4434e8015dec/elements - {"using":"xpath","value":"//span[text()='Error']"}
RESULT: {"using":"xpath","value":"//span[text()='Error']"}
COMMAND: POST /session/a6227829479fbf21341f4434e8015dec/element - {"using":"xpath","value":"//button[@data-kt=\"addNewYardOverflowToolbarButton\"]"}
RESULT: {"using":"xpath","value":"//button[@data-kt=\"addNewYardOverflowToolbarButton\"]"}
COMMAND: POST /session/a6227829479fbf21341f4434e8015dec/elements - {"using":"xpath","value":"//button[@data-kt=\"addNewYardOverflowToolbarButton\"]"}
RESULT: {"using":"xpath","value":"//button[@data-kt=\"addNewYardOverflowToolbarButton\"]"}
COMMAND: POST /session/a6227829479fbf21341f4434e8015dec/elements - {"using":"xpath","value":"//button[@data-kt=\"addNewYardOverflowToolbarButton\"]"}
RESULT: {"using":"xpath","value":"//button[@data-kt=\"addNewYardOverflowToolbarButton\"]"}
COMMAND: POST /session/a6227829479fbf21341f4434e8015dec/elements - {"using":"xpath","value":"//button[@data-kt=\"addNewYardOverflowToolbarButton\"]"}
RESULT: {"using":"xpath","value":"//button[@data-kt=\"addNewYardOverflowToolbarButton\"]"}
COMMAND: POST /session/a6227829479fbf21341f4434e8015dec/elements - {"using":"xpath","value":"//button[@data-kt=\"addNewYardOverflowToolbarButton\"]"}
RESULT: {"using":"xpath","value":"//button[@data-kt=\"addNewYardOverflowToolbarButton\"]"}
COMMAND: POST /session/a6227829479fbf21341f4434e8015dec/elements - {"using":"xpath","value":"//button[@data-kt=\"addNewYardOverflowToolbarButton\"]"}
RESULT: {"using":"xpath","value":"//button[@data-kt=\"addNewYardOverflowToolbarButton\"]"}
COMMAND: POST /session/a6227829479fbf21341f4434e8015dec/elements - {"using":"xpath","value":"//button[@data-kt=\"addNewYardOverflowToolbarButton\"]"}
RESULT: {"using":"xpath","value":"//button[@data-kt=\"addNewYardOverflowToolbarButton\"]"}
COMMAND: POST /session/a6227829479fbf21341f4434e8015dec/elements - {"using":"xpath","value":"//button[@data-kt=\"addNewYardOverflowToolbarButton\"]"}
RESULT: {"using":"xpath","value":"//button[@data-kt=\"addNewYardOverflowToolbarButton\"]"}
COMMAND: POST /session/a6227829479fbf21341f4434e8015dec/elements - {"using":"xpath","value":"//button[@data-kt=\"addNewYardOverflowToolbarButton\"]"}
RESULT: {"using":"xpath","value":"//button[@data-kt=\"addNewYardOverflowToolbarButton\"]"}
COMMAND: POST /session/a6227829479fbf21341f4434e8015dec/elements - {"using":"xpath","value":"//button[@data-kt=\"addNewYardOverflowToolbarButton\"]"}
RESULT: {"using":"xpath","value":"//button[@data-kt=\"addNewYardOverflowToolbarButton\"]"}
COMMAND: POST /session/a6227829479fbf21341f4434e8015dec/elements - {"using":"xpath","value":"//button[@data-kt=\"addNewYardOverflowToolbarButton\"]"}
RESULT: {"using":"xpath","value":"//button[@data-kt=\"addNewYardOverflowToolbarButton\"]"}
COMMAND: POST /session/a6227829479fbf21341f4434e8015dec/elements - {"using":"xpath","value":"//button[@data-kt=\"addNewYardOverflowToolbarButton\"]"}
RESULT: {"using":"xpath","value":"//button[@data-kt=\"addNewYardOverflowToolbarButton\"]"}
COMMAND: POST /session/a6227829479fbf21341f4434e8015dec/elements - {"using":"xpath","value":"//button[@data-kt=\"addNewYardOverflowToolbarButton\"]"}
RESULT: {"using":"xpath","value":"//button[@data-kt=\"addNewYardOverflowToolbarButton\"]"}
COMMAND: POST /session/a6227829479fbf21341f4434e8015dec/elements - {"using":"xpath","value":"//button[@data-kt=\"addNewYardOverflowToolbarButton\"]"}
RESULT: {"using":"xpath","value":"//button[@data-kt=\"addNewYardOverflowToolbarButton\"]"}
COMMAND: POST /session/a6227829479fbf21341f4434e8015dec/elements - {"using":"xpath","value":"//button[@data-kt=\"addNewYardOverflowToolbarButton\"]"}
RESULT: {"using":"xpath","value":"//button[@data-kt=\"addNewYardOverflowToolbarButton\"]"}
COMMAND: POST /session/a6227829479fbf21341f4434e8015dec/elements - {"using":"xpath","value":"//button[@data-kt=\"addNewYardOverflowToolbarButton\"]"}
RESULT: {"using":"xpath","value":"//button[@data-kt=\"addNewYardOverflowToolbarButton\"]"}
COMMAND: POST /session/a6227829479fbf21341f4434e8015dec/elements - {"using":"xpath","value":"//button[@data-kt=\"addNewYardOverflowToolbarButton\"]"}
RESULT: {"using":"xpath","value":"//button[@data-kt=\"addNewYardOverflowToolbarButton\"]"}
COMMAND: POST /session/a6227829479fbf21341f4434e8015dec/elements - {"using":"xpath","value":"//button[@data-kt=\"addNewYardOverflowToolbarButton\"]"}
RESULT: {"using":"xpath","value":"//button[@data-kt=\"addNewYardOverflowToolbarButton\"]"}
COMMAND: POST /session/a6227829479fbf21341f4434e8015dec/elements - {"using":"xpath","value":"//button[@data-kt=\"addNewYardOverflowToolbarButton\"]"}
RESULT: {"using":"xpath","value":"//button[@data-kt=\"addNewYardOverflowToolbarButton\"]"}
COMMAND: POST /session/a6227829479fbf21341f4434e8015dec/elements - {"using":"xpath","value":"//button[@data-kt=\"addNewYardOverflowToolbarButton\"]"}
RESULT: {"using":"xpath","value":"//button[@data-kt=\"addNewYardOverflowToolbarButton\"]"}
COMMAND: POST /session/a6227829479fbf21341f4434e8015dec/elements - {"using":"xpath","value":"//button[@data-kt=\"addNewYardOverflowToolbarButton\"]"}
RESULT: {"using":"xpath","value":"//button[@data-kt=\"addNewYardOverflowToolbarButton\"]"}
COMMAND: POST /session/a6227829479fbf21341f4434e8015dec/elements - {"using":"xpath","value":"//button[@data-kt=\"addNewYardOverflowToolbarButton\"]"}
RESULT: {"using":"xpath","value":"//button[@data-kt=\"addNewYardOverflowToolbarButton\"]"}
COMMAND: POST /session/a6227829479fbf21341f4434e8015dec/elements - {"using":"xpath","value":"//button[@data-kt=\"addNewYardOverflowToolbarButton\"]"}
RESULT: {"using":"xpath","value":"//button[@data-kt=\"addNewYardOverflowToolbarButton\"]"}
COMMAND: POST /session/a6227829479fbf21341f4434e8015dec/elements - {"using":"xpath","value":"//button[@data-kt=\"addNewYardOverflowToolbarButton\"]"}
RESULT: {"using":"xpath","value":"//button[@data-kt=\"addNewYardOverflowToolbarButton\"]"}
COMMAND: POST /session/a6227829479fbf21341f4434e8015dec/elements - {"using":"xpath","value":"//button[@data-kt=\"addNewYardOverflowToolbarButton\"]"}
RESULT: {"using":"xpath","value":"//button[@data-kt=\"addNewYardOverflowToolbarButton\"]"}
COMMAND: POST /session/a6227829479fbf21341f4434e8015dec/elements - {"using":"xpath","value":"//button[@data-kt=\"addNewYardOverflowToolbarButton\"]"}
RESULT: {"using":"xpath","value":"//button[@data-kt=\"addNewYardOverflowToolbarButton\"]"}
COMMAND: POST /session/a6227829479fbf21341f4434e8015dec/elements - {"using":"xpath","value":"//button[@data-kt=\"addNewYardOverflowToolbarButton\"]"}
RESULT: {"using":"xpath","value":"//button[@data-kt=\"addNewYardOverflowToolbarButton\"]"}
COMMAND: POST /session/a6227829479fbf21341f4434e8015dec/element - {"using":"xpath","value":"//button[@data-kt=\"addNewYardOverflowToolbarButton\"]"}
RESULT: {"using":"xpath","value":"//button[@data-kt=\"addNewYardOverflowToolbarButton\"]"}
COMMAND: POST /session/a6227829479fbf21341f4434e8015dec/execute/sync - {"script":"<script> [8489 bytes]","args":[{"element-6066-11e4-a52e-4f735466cecf":"f.5FEBA03D879F6DDA3804D407047E73A7.d.14A2AA1130F5C2EC0A68629D618FA501.e.292","ELEMENT":"f.5FEBA03D879F6DDA3804D407047E73A7.d.14A2AA1130F5C2EC0A68629D618FA501.e.292"}]}
RESULT: {"script":"<script> [8489 bytes]","args":[{"element-6066-11e4-a52e-4f735466cecf":"f.5FEBA03D879F6DDA3804D407047E73A7.d.14A2AA1130F5C2EC0A68629D618FA501.e.292","ELEMENT":"f.5FEBA03D879F6DDA3804D407047E73A7.d.14A2AA1130F5C2EC0A68629D618FA501.e.292"}]}
COMMAND: GET /session/a6227829479fbf21341f4434e8015dec/element/f.5FEBA03D879F6DDA3804D407047E73A7.d.14A2AA1130F5C2EC0A68629D618FA501.e.292/enabled - {}
COMMAND: GET /session/a6227829479fbf21341f4434e8015dec/screenshot - {}
RESULT: {}
COMMAND: POST /session/a6227829479fbf21341f4434e8015dec/execute/sync - {"script":"<script> [8489 bytes]","args":[{"element-6066-11e4-a52e-4f735466cecf":"f.5FEBA03D879F6DDA3804D407047E73A7.d.14A2AA1130F5C2EC0A68629D618FA501.e.292","ELEMENT":"f.5FEBA03D879F6DDA3804D407047E73A7.d.14A2AA1130F5C2EC0A68629D618FA501.e.292"}]}
COMMAND: GET /session/a6227829479fbf21341f4434e8015dec/screenshot - {}
RESULT: {}
RESULT: {"script":"<script> [8489 bytes]","args":[{"element-6066-11e4-a52e-4f735466cecf":"f.5FEBA03D879F6DDA3804D407047E73A7.d.14A2AA1130F5C2EC0A68629D618FA501.e.292","ELEMENT":"f.5FEBA03D879F6DDA3804D407047E73A7.d.14A2AA1130F5C2EC0A68629D618FA501.e.292"}]}
COMMAND: POST /session/a6227829479fbf21341f4434e8015dec/execute/sync - {"script":"<script> [5351 bytes]","args":[{"element-6066-11e4-a52e-4f735466cecf":"f.5FEBA03D879F6DDA3804D407047E73A7.d.14A2AA1130F5C2EC0A68629D618FA501.e.292","ELEMENT":"f.5FEBA03D879F6DDA3804D407047E73A7.d.14A2AA1130F5C2EC0A68629D618FA501.e.292"}]}
COMMAND: GET /session/a6227829479fbf21341f4434e8015dec/screenshot - {}
RESULT: {}
RESULT: {"script":"<script> [5351 bytes]","args":[{"element-6066-11e4-a52e-4f735466cecf":"f.5FEBA03D879F6DDA3804D407047E73A7.d.14A2AA1130F5C2EC0A68629D618FA501.e.292","ELEMENT":"f.5FEBA03D879F6DDA3804D407047E73A7.d.14A2AA1130F5C2EC0A68629D618FA501.e.292"}]}
COMMAND: POST /session/a6227829479fbf21341f4434e8015dec/element/f.5FEBA03D879F6DDA3804D407047E73A7.d.14A2AA1130F5C2EC0A68629D618FA501.e.292/click - {}
COMMAND: GET /session/a6227829479fbf21341f4434e8015dec/screenshot - {}
RESULT: {}
RESULT: {}
COMMAND: GET /session/a6227829479fbf21341f4434e8015dec/screenshot - {}
RESULT: {}
COMMAND: POST /session/a6227829479fbf21341f4434e8015dec/element - {"using":"xpath","value":"//input[@id=\"application-manageyards-display-component---NewYard--yardId-inner\"]"}
RESULT: {}
RESULT: {"using":"xpath","value":"//input[@id=\"application-manageyards-display-component---NewYard--yardId-inner\"]"}
COMMAND: POST /session/a6227829479fbf21341f4434e8015dec/element - {"using":"xpath","value":"//input[@id=\"application-manageyards-display-component---NewYard--yardId-inner\"]"}
RESULT: {"using":"xpath","value":"//input[@id=\"application-manageyards-display-component---NewYard--yardId-inner\"]"}
COMMAND: POST /session/a6227829479fbf21341f4434e8015dec/execute/async - {"script":"<script> [1562 bytes]","args":[{"selector":{"id":"application-manageyards-display-component---NewYard--addressDetailDetailsName1","interaction":{"idSuffix":"inner"}},"wdio_ui5_key":"applicationmanageyards-display-component---NewYard--addressDetailDetailsName1"}]}
RESULT: {"script":"<script> [1562 bytes]","args":[{"selector":{"id":"application-manageyards-display-component---NewYard--addressDetailDetailsName1","interaction":{"idSuffix":"inner"}},"wdio_ui5_key":"applicationmanageyards-display-component---NewYard--addressDetailDetailsName1"}]}
RESULT: undefined
COMMAND: POST /session/a6227829479fbf21341f4434e8015dec/execute/async - {"script":"<script> [776 bytes]","args":[{"enterText":"DailyPrice WDIO","selector":{"id":"application-manageyards-display-component---NewYard--addressDetailDetailsName1","interaction":{"idSuffix":"inner"}},"clearTextFirst":true,"interactionType":"ENTER_TEXT"}]}
RESULT: {"script":"<script> [776 bytes]","args":[{"enterText":"DailyPrice WDIO","selector":{"id":"application-manageyards-display-component---NewYard--addressDetailDetailsName1","interaction":{"idSuffix":"inner"}},"clearTextFirst":true,"interactionType":"ENTER_TEXT"}]}
COMMAND: POST /session/a6227829479fbf21341f4434e8015dec/execute/async - {"script":"<script> [1562 bytes]","args":[{"selector":{"id":"application-manageyards-display-component---NewYard--addressDetailDetailsLanguage-arrow"},"wdio_ui5_key":"applicationmanageyards-display-component---NewYard--addressDetailDetailsLanguage-arrow"}]}
RESULT: {"script":"<script> [1562 bytes]","args":[{"selector":{"id":"application-manageyards-display-component---NewYard--addressDetailDetailsLanguage-arrow"},"wdio_ui5_key":"applicationmanageyards-display-component---NewYard--addressDetailDetailsLanguage-arrow"}]}
RESULT: undefined
COMMAND: POST /session/a6227829479fbf21341f4434e8015dec/element - {"using":"xpath","value":"//*[@id=\"application-manageyards-display-component---NewYard--addressDetailDetailsLanguage-arrow\"]"}
RESULT: {"using":"xpath","value":"//*[@id=\"application-manageyards-display-component---NewYard--addressDetailDetailsLanguage-arrow\"]"}
COMMAND: POST /session/a6227829479fbf21341f4434e8015dec/element/f.5FEBA03D879F6DDA3804D407047E73A7.d.14A2AA1130F5C2EC0A68629D618FA501.e.726/click - {}
RESULT: {}
COMMAND: POST /session/a6227829479fbf21341f4434e8015dec/element - {"using":"xpath","value":"//span[contains(text(), \"English\")]"}
COMMAND: GET /session/a6227829479fbf21341f4434e8015dec/screenshot - {}
RESULT: {"using":"xpath","value":"//span[contains(text(), \"English\")]"}
COMMAND: POST /session/a6227829479fbf21341f4434e8015dec/element/f.5FEBA03D879F6DDA3804D407047E73A7.d.14A2AA1130F5C2EC0A68629D618FA501.e.727/click - {}
RESULT: {}
RESULT: {}
COMMAND: POST /session/a6227829479fbf21341f4434e8015dec/execute/async - {"script":"<script> [1562 bytes]","args":[{"selector":{"id":"application-manageyards-display-component---NewYard--addressDetailDetailsCity1","interaction":{"idSuffix":"inner"}},"wdio_ui5_key":"applicationmanageyards-display-component---NewYard--addressDetailDetailsCity1"}]}
COMMAND: GET /session/a6227829479fbf21341f4434e8015dec/screenshot - {}
RESULT: {"script":"<script> [1562 bytes]","args":[{"selector":{"id":"application-manageyards-display-component---NewYard--addressDetailDetailsCity1","interaction":{"idSuffix":"inner"}},"wdio_ui5_key":"applicationmanageyards-display-component---NewYard--addressDetailDetailsCity1"}]}
RESULT: undefined
COMMAND: POST /session/a6227829479fbf21341f4434e8015dec/execute/async - {"script":"<script> [776 bytes]","args":[{"enterText":"Rosario","selector":{"id":"application-manageyards-display-component---NewYard--addressDetailDetailsCity1","interaction":{"idSuffix":"inner"}},"clearTextFirst":true,"interactionType":"ENTER_TEXT"}]}
RESULT: {}
RESULT: {"script":"<script> [776 bytes]","args":[{"enterText":"Rosario","selector":{"id":"application-manageyards-display-component---NewYard--addressDetailDetailsCity1","interaction":{"idSuffix":"inner"}},"clearTextFirst":true,"interactionType":"ENTER_TEXT"}]}
COMMAND: POST /session/a6227829479fbf21341f4434e8015dec/execute/async - {"script":"<script> [1562 bytes]","args":[{"selector":{"id":"application-manageyards-display-component---NewYard--addressDetailDetailsCountry-arrow"},"wdio_ui5_key":"applicationmanageyards-display-component---NewYard--addressDetailDetailsCountry-arrow"}]}
RESULT: {"script":"<script> [1562 bytes]","args":[{"selector":{"id":"application-manageyards-display-component---NewYard--addressDetailDetailsCountry-arrow"},"wdio_ui5_key":"applicationmanageyards-display-component---NewYard--addressDetailDetailsCountry-arrow"}]}
RESULT: undefined
COMMAND: POST /session/a6227829479fbf21341f4434e8015dec/element - {"using":"xpath","value":"//*[@id=\"application-manageyards-display-component---NewYard--addressDetailDetailsCountry-arrow\"]"}
RESULT: {"using":"xpath","value":"//*[@id=\"application-manageyards-display-component---NewYard--addressDetailDetailsCountry-arrow\"]"}
COMMAND: POST /session/a6227829479fbf21341f4434e8015dec/element/f.5FEBA03D879F6DDA3804D407047E73A7.d.14A2AA1130F5C2EC0A68629D618FA501.e.729/click - {}
RESULT: {}
COMMAND: POST /session/a6227829479fbf21341f4434e8015dec/element - {"using":"xpath","value":"//span[contains(text(), \"Argentina\")]"}
COMMAND: GET /session/a6227829479fbf21341f4434e8015dec/screenshot - {}
RESULT: {"using":"xpath","value":"//span[contains(text(), \"Argentina\")]"}
COMMAND: POST /session/a6227829479fbf21341f4434e8015dec/element/f.5FEBA03D879F6DDA3804D407047E73A7.d.14A2AA1130F5C2EC0A68629D618FA501.e.730/click - {}
RESULT: {}
RESULT: {}
COMMAND: POST /session/a6227829479fbf21341f4434e8015dec/execute/async - {"script":"<script> [1562 bytes]","args":[{"selector":{"id":"application-manageyards-display-component---NewYard--addressEditDetailsCostObjectCstType-arrow"},"wdio_ui5_key":"applicationmanageyards-display-component---NewYard--addressEditDetailsCostObjectCstType-arrow"}]}
COMMAND: GET /session/a6227829479fbf21341f4434e8015dec/screenshot - {}
RESULT: {"script":"<script> [1562 bytes]","args":[{"selector":{"id":"application-manageyards-display-component---NewYard--addressEditDetailsCostObjectCstType-arrow"},"wdio_ui5_key":"applicationmanageyards-display-component---NewYard--addressEditDetailsCostObjectCstType-arrow"}]}
RESULT: undefined
COMMAND: POST /session/a6227829479fbf21341f4434e8015dec/element - {"using":"xpath","value":"//*[@id=\"application-manageyards-display-component---NewYard--addressEditDetailsCostObjectCstType-arrow\"]"}
RESULT: {}
RESULT: {"using":"xpath","value":"//*[@id=\"application-manageyards-display-component---NewYard--addressEditDetailsCostObjectCstType-arrow\"]"}
COMMAND: POST /session/a6227829479fbf21341f4434e8015dec/element/f.5FEBA03D879F6DDA3804D407047E73A7.d.14A2AA1130F5C2EC0A68629D618FA501.e.731/click - {}
RESULT: {}
COMMAND: POST /session/a6227829479fbf21341f4434e8015dec/element - {"using":"xpath","value":"//span[contains(text(), \"Cost Center\")]"}
COMMAND: GET /session/a6227829479fbf21341f4434e8015dec/screenshot - {}
RESULT: {"using":"xpath","value":"//span[contains(text(), \"Cost Center\")]"}
COMMAND: POST /session/a6227829479fbf21341f4434e8015dec/element/f.5FEBA03D879F6DDA3804D407047E73A7.d.14A2AA1130F5C2EC0A68629D618FA501.e.732/click - {}
RESULT: {}
RESULT: {}
COMMAND: GET /session/a6227829479fbf21341f4434e8015dec/screenshot - {}
RESULT: {}
COMMAND: POST /session/a6227829479fbf21341f4434e8015dec/element - {"using":"xpath","value":"//span[@id=\"application-manageyards-display-component---NewYard--addressNewCostObjectCstID-vhi\"]"}
RESULT: {"using":"xpath","value":"//span[@id=\"application-manageyards-display-component---NewYard--addressNewCostObjectCstID-vhi\"]"}
COMMAND: POST /session/a6227829479fbf21341f4434e8015dec/execute/sync - {"script":"<script> [8489 bytes]","args":[{"element-6066-11e4-a52e-4f735466cecf":"f.5FEBA03D879F6DDA3804D407047E73A7.d.14A2AA1130F5C2EC0A68629D618FA501.e.736","ELEMENT":"f.5FEBA03D879F6DDA3804D407047E73A7.d.14A2AA1130F5C2EC0A68629D618FA501.e.736"}]}
RESULT: {"script":"<script> [8489 bytes]","args":[{"element-6066-11e4-a52e-4f735466cecf":"f.5FEBA03D879F6DDA3804D407047E73A7.d.14A2AA1130F5C2EC0A68629D618FA501.e.736","ELEMENT":"f.5FEBA03D879F6DDA3804D407047E73A7.d.14A2AA1130F5C2EC0A68629D618FA501.e.736"}]}
COMMAND: POST /session/a6227829479fbf21341f4434e8015dec/execute/async - {"script":"<script> [1562 bytes]","args":[{"selector":{"id":"application-manageyards-display-component---NewYard--addressNewCostObjectCstID-vhi"},"wdio_ui5_key":"applicationmanageyards-display-component---NewYard--addressNewCostObjectCstID-vhi"}]}
COMMAND: GET /session/a6227829479fbf21341f4434e8015dec/screenshot - {}
RESULT: {"script":"<script> [1562 bytes]","args":[{"selector":{"id":"application-manageyards-display-component---NewYard--addressNewCostObjectCstID-vhi"},"wdio_ui5_key":"applicationmanageyards-display-component---NewYard--addressNewCostObjectCstID-vhi"}]}
RESULT: undefined
COMMAND: POST /session/a6227829479fbf21341f4434e8015dec/element - {"using":"xpath","value":"//*[@id=\"application-manageyards-display-component---NewYard--addressNewCostObjectCstID-vhi\"]"}
RESULT: {}
RESULT: {"using":"xpath","value":"//*[@id=\"application-manageyards-display-component---NewYard--addressNewCostObjectCstID-vhi\"]"}
COMMAND: POST /session/a6227829479fbf21341f4434e8015dec/element/f.5FEBA03D879F6DDA3804D407047E73A7.d.14A2AA1130F5C2EC0A68629D618FA501.e.736/click - {}
RESULT: {}
COMMAND: GET /session/a6227829479fbf21341f4434e8015dec/screenshot - {}
RESULT: {}
COMMAND: POST /session/a6227829479fbf21341f4434e8015dec/execute/async - {"script":"<script> [1562 bytes]","args":[{"selector":{"controlType":"sap.m.SearchField","properties":{"placeholder":"Search"},"searchOpenDialogs":true,"interaction":{"idSuffix":"I"}},"wdio_ui5_key":"sapm.SearchField{\"placeholder\":\"Search\"}"}]}
RESULT: {"script":"<script> [1562 bytes]","args":[{"selector":{"controlType":"sap.m.SearchField","properties":{"placeholder":"Search"},"searchOpenDialogs":true,"interaction":{"idSuffix":"I"}},"wdio_ui5_key":"sapm.SearchField{\"placeholder\":\"Search\"}"}]}
RESULT: undefined
COMMAND: POST /session/a6227829479fbf21341f4434e8015dec/execute/async - {"script":"<script> [776 bytes]","args":[{"enterText":"bauh_b","selector":{"controlType":"sap.m.SearchField","properties":{"placeholder":"Search"},"searchOpenDialogs":true,"interaction":{"idSuffix":"I"}},"clearTextFirst":true,"interactionType":"ENTER_TEXT"}]}
RESULT: {"script":"<script> [776 bytes]","args":[{"enterText":"bauh_b","selector":{"controlType":"sap.m.SearchField","properties":{"placeholder":"Search"},"searchOpenDialogs":true,"interaction":{"idSuffix":"I"}},"clearTextFirst":true,"interactionType":"ENTER_TEXT"}]}
COMMAND: POST /session/a6227829479fbf21341f4434e8015dec/actions - {"actions":[{"id":"action1","type":"key","parameters":{},"actions":[{"type":"keyDown","value":""},{"type":"pause","duration":10},{"type":"keyUp","value":""}]}]}
RESULT: {"actions":[{"id":"action1","type":"key","parameters":{},"actions":[{"type":"keyDown","value":""},{"type":"pause","duration":10},{"type":"keyUp","value":""}]}]}
COMMAND: GET /session/a6227829479fbf21341f4434e8015dec/screenshot - {}
RESULT: {}
COMMAND: POST /session/a6227829479fbf21341f4434e8015dec/element - {"using":"xpath","value":"//span[contains(text(), \"Demo Yard\")]"}
RESULT: {"using":"xpath","value":"//span[contains(text(), \"Demo Yard\")]"}
COMMAND: POST /session/a6227829479fbf21341f4434e8015dec/element/f.5FEBA03D879F6DDA3804D407047E73A7.d.14A2AA1130F5C2EC0A68629D618FA501.e.777/click - {}
RESULT: {}
COMMAND: GET /session/a6227829479fbf21341f4434e8015dec/screenshot - {}
RESULT: {}
COMMAND: POST /session/a6227829479fbf21341f4434e8015dec/element - {"using":"xpath","value":"//bdi[contains(text(), \"OK\")]"}
RESULT: {"using":"xpath","value":"//bdi[contains(text(), \"OK\")]"}
COMMAND: POST /session/a6227829479fbf21341f4434e8015dec/element/f.5FEBA03D879F6DDA3804D407047E73A7.d.14A2AA1130F5C2EC0A68629D618FA501.e.778/click - {}
RESULT: {}
COMMAND: GET /session/a6227829479fbf21341f4434e8015dec/screenshot - {}
RESULT: {}
COMMAND: POST /session/a6227829479fbf21341f4434e8015dec/execute/async - {"script":"<script> [1562 bytes]","args":[{"selector":{"id":"application-manageyards-display-component---NewYard--addressEditDetailsCurrency-arrow"},"wdio_ui5_key":"applicationmanageyards-display-component---NewYard--addressEditDetailsCurrency-arrow"}]}
RESULT: {"script":"<script> [1562 bytes]","args":[{"selector":{"id":"application-manageyards-display-component---NewYard--addressEditDetailsCurrency-arrow"},"wdio_ui5_key":"applicationmanageyards-display-component---NewYard--addressEditDetailsCurrency-arrow"}]}
RESULT: undefined
COMMAND: POST /session/a6227829479fbf21341f4434e8015dec/element - {"using":"xpath","value":"//*[@id=\"application-manageyards-display-component---NewYard--addressEditDetailsCurrency-arrow\"]"}
RESULT: {"using":"xpath","value":"//*[@id=\"application-manageyards-display-component---NewYard--addressEditDetailsCurrency-arrow\"]"}
COMMAND: POST /session/a6227829479fbf21341f4434e8015dec/element/f.5FEBA03D879F6DDA3804D407047E73A7.d.14A2AA1130F5C2EC0A68629D618FA501.e.781/click - {}
RESULT: {}
COMMAND: POST /session/a6227829479fbf21341f4434e8015dec/element - {"using":"xpath","value":"//span[contains(text(), \"Euro\")]"}
COMMAND: GET /session/a6227829479fbf21341f4434e8015dec/screenshot - {}
RESULT: {"using":"xpath","value":"//span[contains(text(), \"Euro\")]"}
COMMAND: POST /session/a6227829479fbf21341f4434e8015dec/element/f.5FEBA03D879F6DDA3804D407047E73A7.d.14A2AA1130F5C2EC0A68629D618FA501.e.782/click - {}
RESULT: {}
RESULT: {}
COMMAND: POST /session/a6227829479fbf21341f4434e8015dec/execute/async - {"script":"<script> [1562 bytes]","args":[{"selector":{"controlType":"sap.m.Input","viewName":"etm.portal.ui.manageyards.view.New","viewId":"application-manageyards-display-component---NewYard","bindingPath":{"path":"","propertyPath":"/CONTROLLING_AREA","modelName":"NewYardModel"},"interaction":{"idSuffix":"inner"}},"wdio_ui5_key":"etmportal.ui.manageyards.view.Newsap.m.Input{\"path\":\"\",\"propertyPath\":\"/CONTROLLING_AREA\",\"modelName\":\"NewYardModel\"}"}]}
COMMAND: GET /session/a6227829479fbf21341f4434e8015dec/screenshot - {}
RESULT: {"script":"<script> [1562 bytes]","args":[{"selector":{"controlType":"sap.m.Input","viewName":"etm.portal.ui.manageyards.view.New","viewId":"application-manageyards-display-component---NewYard","bindingPath":{"path":"","propertyPath":"/CONTROLLING_AREA","modelName":"NewYardModel"},"interaction":{"idSuffix":"inner"}},"wdio_ui5_key":"etmportal.ui.manageyards.view.Newsap.m.Input{\"path\":\"\",\"propertyPath\":\"/CONTROLLING_AREA\",\"modelName\":\"NewYardModel\"}"}]}
RESULT: undefined
COMMAND: POST /session/a6227829479fbf21341f4434e8015dec/execute/async - {"script":"<script> [776 bytes]","args":[{"enterText":"Z001","selector":{"controlType":"sap.m.Input","viewName":"etm.portal.ui.manageyards.view.New","viewId":"application-manageyards-display-component---NewYard","bindingPath":{"path":"","propertyPath":"/CONTROLLING_AREA","modelName":"NewYardModel"},"interaction":{"idSuffix":"inner"}},"clearTextFirst":true,"interactionType":"ENTER_TEXT"}]}
RESULT: {}
RESULT: {"script":"<script> [776 bytes]","args":[{"enterText":"Z001","selector":{"controlType":"sap.m.Input","viewName":"etm.portal.ui.manageyards.view.New","viewId":"application-manageyards-display-component---NewYard","bindingPath":{"path":"","propertyPath":"/CONTROLLING_AREA","modelName":"NewYardModel"},"interaction":{"idSuffix":"inner"}},"clearTextFirst":true,"interactionType":"ENTER_TEXT"}]}
COMMAND: POST /session/a6227829479fbf21341f4434e8015dec/execute/async - {"script":"<script> [1562 bytes]","args":[{"selector":{"id":"application-manageyards-display-component---NewYard--companyCodeComboBox","interaction":{"idSuffix":"inner"}},"wdio_ui5_key":"applicationmanageyards-display-component---NewYard--companyCodeComboBox"}]}
RESULT: {"script":"<script> [1562 bytes]","args":[{"selector":{"id":"application-manageyards-display-component---NewYard--companyCodeComboBox","interaction":{"idSuffix":"inner"}},"wdio_ui5_key":"applicationmanageyards-display-component---NewYard--companyCodeComboBox"}]}
RESULT: undefined
COMMAND: POST /session/a6227829479fbf21341f4434e8015dec/execute/async - {"script":"<script> [776 bytes]","args":[{"enterText":"1000","selector":{"id":"application-manageyards-display-component---NewYard--companyCodeComboBox","interaction":{"idSuffix":"inner"}},"clearTextFirst":true,"interactionType":"ENTER_TEXT"}]}
RESULT: {"script":"<script> [776 bytes]","args":[{"enterText":"1000","selector":{"id":"application-manageyards-display-component---NewYard--companyCodeComboBox","interaction":{"idSuffix":"inner"}},"clearTextFirst":true,"interactionType":"ENTER_TEXT"}]}
COMMAND: POST /session/a6227829479fbf21341f4434e8015dec/execute/async - {"script":"<script> [1562 bytes]","args":[{"selector":{"controlType":"sap.m.Input","viewName":"etm.portal.ui.manageyards.view.New","viewId":"application-manageyards-display-component---NewYard","bindingPath":{"path":"","propertyPath":"/PLANT","modelName":"NewYardModel"},"interaction":{"idSuffix":"inner"}},"wdio_ui5_key":"etmportal.ui.manageyards.view.Newsap.m.Input{\"path\":\"\",\"propertyPath\":\"/PLANT\",\"modelName\":\"NewYardModel\"}"}]}
RESULT: {"script":"<script> [1562 bytes]","args":[{"selector":{"controlType":"sap.m.Input","viewName":"etm.portal.ui.manageyards.view.New","viewId":"application-manageyards-display-component---NewYard","bindingPath":{"path":"","propertyPath":"/PLANT","modelName":"NewYardModel"},"interaction":{"idSuffix":"inner"}},"wdio_ui5_key":"etmportal.ui.manageyards.view.Newsap.m.Input{\"path\":\"\",\"propertyPath\":\"/PLANT\",\"modelName\":\"NewYardModel\"}"}]}
RESULT: undefined
COMMAND: POST /session/a6227829479fbf21341f4434e8015dec/execute/async - {"script":"<script> [776 bytes]","args":[{"enterText":"1001","selector":{"controlType":"sap.m.Input","viewName":"etm.portal.ui.manageyards.view.New","viewId":"application-manageyards-display-component---NewYard","bindingPath":{"path":"","propertyPath":"/PLANT","modelName":"NewYardModel"},"interaction":{"idSuffix":"inner"}},"clearTextFirst":true,"interactionType":"ENTER_TEXT"}]}
RESULT: {"script":"<script> [776 bytes]","args":[{"enterText":"1001","selector":{"controlType":"sap.m.Input","viewName":"etm.portal.ui.manageyards.view.New","viewId":"application-manageyards-display-component---NewYard","bindingPath":{"path":"","propertyPath":"/PLANT","modelName":"NewYardModel"},"interaction":{"idSuffix":"inner"}},"clearTextFirst":true,"interactionType":"ENTER_TEXT"}]}
COMMAND: POST /session/a6227829479fbf21341f4434e8015dec/execute/async - {"script":"<script> [1562 bytes]","args":[{"selector":{"controlType":"sap.m.Input","viewName":"etm.portal.ui.manageyards.view.New","viewId":"application-manageyards-display-component---NewYard","bindingPath":{"path":"","propertyPath":"/SALES_AREA_VKORG","modelName":"NewYardModel"},"interaction":{"idSuffix":"inner"}},"wdio_ui5_key":"etmportal.ui.manageyards.view.Newsap.m.Input{\"path\":\"\",\"propertyPath\":\"/SALES_AREA_VKORG\",\"modelName\":\"NewYardModel\"}"}]}
RESULT: {"script":"<script> [1562 bytes]","args":[{"selector":{"controlType":"sap.m.Input","viewName":"etm.portal.ui.manageyards.view.New","viewId":"application-manageyards-display-component---NewYard","bindingPath":{"path":"","propertyPath":"/SALES_AREA_VKORG","modelName":"NewYardModel"},"interaction":{"idSuffix":"inner"}},"wdio_ui5_key":"etmportal.ui.manageyards.view.Newsap.m.Input{\"path\":\"\",\"propertyPath\":\"/SALES_AREA_VKORG\",\"modelName\":\"NewYardModel\"}"}]}
RESULT: undefined
COMMAND: POST /session/a6227829479fbf21341f4434e8015dec/execute/async - {"script":"<script> [776 bytes]","args":[{"enterText":"C002","selector":{"controlType":"sap.m.Input","viewName":"etm.portal.ui.manageyards.view.New","viewId":"application-manageyards-display-component---NewYard","bindingPath":{"path":"","propertyPath":"/SALES_AREA_VKORG","modelName":"NewYardModel"},"interaction":{"idSuffix":"inner"}},"clearTextFirst":true,"interactionType":"ENTER_TEXT"}]}
RESULT: {"script":"<script> [776 bytes]","args":[{"enterText":"C002","selector":{"controlType":"sap.m.Input","viewName":"etm.portal.ui.manageyards.view.New","viewId":"application-manageyards-display-component---NewYard","bindingPath":{"path":"","propertyPath":"/SALES_AREA_VKORG","modelName":"NewYardModel"},"interaction":{"idSuffix":"inner"}},"clearTextFirst":true,"interactionType":"ENTER_TEXT"}]}
COMMAND: POST /session/a6227829479fbf21341f4434e8015dec/execute/async - {"script":"<script> [1562 bytes]","args":[{"selector":{"controlType":"sap.m.Input","viewName":"etm.portal.ui.manageyards.view.New","viewId":"application-manageyards-display-component---NewYard","bindingPath":{"path":"","propertyPath":"/SALES_AREA_VTWEG","modelName":"NewYardModel"},"interaction":{"idSuffix":"inner"}},"wdio_ui5_key":"etmportal.ui.manageyards.view.Newsap.m.Input{\"path\":\"\",\"propertyPath\":\"/SALES_AREA_VTWEG\",\"modelName\":\"NewYardModel\"}"}]}
RESULT: {"script":"<script> [1562 bytes]","args":[{"selector":{"controlType":"sap.m.Input","viewName":"etm.portal.ui.manageyards.view.New","viewId":"application-manageyards-display-component---NewYard","bindingPath":{"path":"","propertyPath":"/SALES_AREA_VTWEG","modelName":"NewYardModel"},"interaction":{"idSuffix":"inner"}},"wdio_ui5_key":"etmportal.ui.manageyards.view.Newsap.m.Input{\"path\":\"\",\"propertyPath\":\"/SALES_AREA_VTWEG\",\"modelName\":\"NewYardModel\"}"}]}
RESULT: undefined
COMMAND: POST /session/a6227829479fbf21341f4434e8015dec/execute/async - {"script":"<script> [776 bytes]","args":[{"enterText":"C2","selector":{"controlType":"sap.m.Input","viewName":"etm.portal.ui.manageyards.view.New","viewId":"application-manageyards-display-component---NewYard","bindingPath":{"path":"","propertyPath":"/SALES_AREA_VTWEG","modelName":"NewYardModel"},"interaction":{"idSuffix":"inner"}},"clearTextFirst":true,"interactionType":"ENTER_TEXT"}]}
RESULT: {"script":"<script> [776 bytes]","args":[{"enterText":"C2","selector":{"controlType":"sap.m.Input","viewName":"etm.portal.ui.manageyards.view.New","viewId":"application-manageyards-display-component---NewYard","bindingPath":{"path":"","propertyPath":"/SALES_AREA_VTWEG","modelName":"NewYardModel"},"interaction":{"idSuffix":"inner"}},"clearTextFirst":true,"interactionType":"ENTER_TEXT"}]}
COMMAND: POST /session/a6227829479fbf21341f4434e8015dec/execute/async - {"script":"<script> [1562 bytes]","args":[{"selector":{"controlType":"sap.m.Input","viewName":"etm.portal.ui.manageyards.view.New","viewId":"application-manageyards-display-component---NewYard","bindingPath":{"path":"","propertyPath":"/SALES_AREA_SPART","modelName":"NewYardModel"},"interaction":{"idSuffix":"inner"}},"wdio_ui5_key":"etmportal.ui.manageyards.view.Newsap.m.Input{\"path\":\"\",\"propertyPath\":\"/SALES_AREA_SPART\",\"modelName\":\"NewYardModel\"}"}]}
RESULT: {"script":"<script> [1562 bytes]","args":[{"selector":{"controlType":"sap.m.Input","viewName":"etm.portal.ui.manageyards.view.New","viewId":"application-manageyards-display-component---NewYard","bindingPath":{"path":"","propertyPath":"/SALES_AREA_SPART","modelName":"NewYardModel"},"interaction":{"idSuffix":"inner"}},"wdio_ui5_key":"etmportal.ui.manageyards.view.Newsap.m.Input{\"path\":\"\",\"propertyPath\":\"/SALES_AREA_SPART\",\"modelName\":\"NewYardModel\"}"}]}
RESULT: undefined
COMMAND: POST /session/a6227829479fbf21341f4434e8015dec/execute/async - {"script":"<script> [776 bytes]","args":[{"enterText":"C2","selector":{"controlType":"sap.m.Input","viewName":"etm.portal.ui.manageyards.view.New","viewId":"application-manageyards-display-component---NewYard","bindingPath":{"path":"","propertyPath":"/SALES_AREA_SPART","modelName":"NewYardModel"},"interaction":{"idSuffix":"inner"}},"clearTextFirst":true,"interactionType":"ENTER_TEXT"}]}
RESULT: {"script":"<script> [776 bytes]","args":[{"enterText":"C2","selector":{"controlType":"sap.m.Input","viewName":"etm.portal.ui.manageyards.view.New","viewId":"application-manageyards-display-component---NewYard","bindingPath":{"path":"","propertyPath":"/SALES_AREA_SPART","modelName":"NewYardModel"},"interaction":{"idSuffix":"inner"}},"clearTextFirst":true,"interactionType":"ENTER_TEXT"}]}
COMMAND: POST /session/a6227829479fbf21341f4434e8015dec/execute/async - {"script":"<script> [1562 bytes]","args":[{"selector":{"controlType":"sap.m.Input","viewName":"etm.portal.ui.manageyards.view.New","viewId":"application-manageyards-display-component---NewYard","bindingPath":{"path":"","propertyPath":"/SHIP_POINT","modelName":"NewYardModel"},"interaction":{"idSuffix":"inner"}},"wdio_ui5_key":"etmportal.ui.manageyards.view.Newsap.m.Input{\"path\":\"\",\"propertyPath\":\"/SHIP_POINT\",\"modelName\":\"NewYardModel\"}"}]}
RESULT: {"script":"<script> [1562 bytes]","args":[{"selector":{"controlType":"sap.m.Input","viewName":"etm.portal.ui.manageyards.view.New","viewId":"application-manageyards-display-component---NewYard","bindingPath":{"path":"","propertyPath":"/SHIP_POINT","modelName":"NewYardModel"},"interaction":{"idSuffix":"inner"}},"wdio_ui5_key":"etmportal.ui.manageyards.view.Newsap.m.Input{\"path\":\"\",\"propertyPath\":\"/SHIP_POINT\",\"modelName\":\"NewYardModel\"}"}]}
RESULT: undefined
COMMAND: POST /session/a6227829479fbf21341f4434e8015dec/execute/async - {"script":"<script> [776 bytes]","args":[{"enterText":"1710","selector":{"controlType":"sap.m.Input","viewName":"etm.portal.ui.manageyards.view.New","viewId":"application-manageyards-display-component---NewYard","bindingPath":{"path":"","propertyPath":"/SHIP_POINT","modelName":"NewYardModel"},"interaction":{"idSuffix":"inner"}},"clearTextFirst":true,"interactionType":"ENTER_TEXT"}]}
RESULT: {"script":"<script> [776 bytes]","args":[{"enterText":"1710","selector":{"controlType":"sap.m.Input","viewName":"etm.portal.ui.manageyards.view.New","viewId":"application-manageyards-display-component---NewYard","bindingPath":{"path":"","propertyPath":"/SHIP_POINT","modelName":"NewYardModel"},"interaction":{"idSuffix":"inner"}},"clearTextFirst":true,"interactionType":"ENTER_TEXT"}]}
COMMAND: POST /session/a6227829479fbf21341f4434e8015dec/execute/async - {"script":"<script> [1562 bytes]","args":[{"selector":{"controlType":"sap.m.Input","viewName":"etm.portal.ui.manageyards.view.New","viewId":"application-manageyards-display-component---NewYard","bindingPath":{"path":"","propertyPath":"/DELIVERY_TYPE","modelName":"NewYardModel"},"interaction":{"idSuffix":"inner"}},"wdio_ui5_key":"etmportal.ui.manageyards.view.Newsap.m.Input{\"path\":\"\",\"propertyPath\":\"/DELIVERY_TYPE\",\"modelName\":\"NewYardModel\"}"}]}
RESULT: {"script":"<script> [1562 bytes]","args":[{"selector":{"controlType":"sap.m.Input","viewName":"etm.portal.ui.manageyards.view.New","viewId":"application-manageyards-display-component---NewYard","bindingPath":{"path":"","propertyPath":"/DELIVERY_TYPE","modelName":"NewYardModel"},"interaction":{"idSuffix":"inner"}},"wdio_ui5_key":"etmportal.ui.manageyards.view.Newsap.m.Input{\"path\":\"\",\"propertyPath\":\"/DELIVERY_TYPE\",\"modelName\":\"NewYardModel\"}"}]}
RESULT: undefined
COMMAND: POST /session/a6227829479fbf21341f4434e8015dec/execute/async - {"script":"<script> [776 bytes]","args":[{"enterText":"ZL01","selector":{"controlType":"sap.m.Input","viewName":"etm.portal.ui.manageyards.view.New","viewId":"application-manageyards-display-component---NewYard","bindingPath":{"path":"","propertyPath":"/DELIVERY_TYPE","modelName":"NewYardModel"},"interaction":{"idSuffix":"inner"}},"clearTextFirst":true,"interactionType":"ENTER_TEXT"}]}
RESULT: {"script":"<script> [776 bytes]","args":[{"enterText":"ZL01","selector":{"controlType":"sap.m.Input","viewName":"etm.portal.ui.manageyards.view.New","viewId":"application-manageyards-display-component---NewYard","bindingPath":{"path":"","propertyPath":"/DELIVERY_TYPE","modelName":"NewYardModel"},"interaction":{"idSuffix":"inner"}},"clearTextFirst":true,"interactionType":"ENTER_TEXT"}]}
COMMAND: POST /session/a6227829479fbf21341f4434e8015dec/execute/async - {"script":"<script> [1562 bytes]","args":[{"selector":{"controlType":"sap.m.Input","viewName":"etm.portal.ui.manageyards.view.New","viewId":"application-manageyards-display-component---NewYard","bindingPath":{"path":"","propertyPath":"/AUART","modelName":"NewYardModel"},"interaction":{"idSuffix":"inner"}},"wdio_ui5_key":"etmportal.ui.manageyards.view.Newsap.m.Input{\"path\":\"\",\"propertyPath\":\"/AUART\",\"modelName\":\"NewYardModel\"}"}]}
RESULT: {"script":"<script> [1562 bytes]","args":[{"selector":{"controlType":"sap.m.Input","viewName":"etm.portal.ui.manageyards.view.New","viewId":"application-manageyards-display-component---NewYard","bindingPath":{"path":"","propertyPath":"/AUART","modelName":"NewYardModel"},"interaction":{"idSuffix":"inner"}},"wdio_ui5_key":"etmportal.ui.manageyards.view.Newsap.m.Input{\"path\":\"\",\"propertyPath\":\"/AUART\",\"modelName\":\"NewYardModel\"}"}]}
RESULT: undefined
COMMAND: POST /session/a6227829479fbf21341f4434e8015dec/execute/async - {"script":"<script> [776 bytes]","args":[{"enterText":"TA","selector":{"controlType":"sap.m.Input","viewName":"etm.portal.ui.manageyards.view.New","viewId":"application-manageyards-display-component---NewYard","bindingPath":{"path":"","propertyPath":"/AUART","modelName":"NewYardModel"},"interaction":{"idSuffix":"inner"}},"clearTextFirst":true,"interactionType":"ENTER_TEXT"}]}
RESULT: {"script":"<script> [776 bytes]","args":[{"enterText":"TA","selector":{"controlType":"sap.m.Input","viewName":"etm.portal.ui.manageyards.view.New","viewId":"application-manageyards-display-component---NewYard","bindingPath":{"path":"","propertyPath":"/AUART","modelName":"NewYardModel"},"interaction":{"idSuffix":"inner"}},"clearTextFirst":true,"interactionType":"ENTER_TEXT"}]}
COMMAND: POST /session/a6227829479fbf21341f4434e8015dec/element - {"using":"xpath","value":"//button[@data-kt=\"newYardSaveButton\"]"}
RESULT: {"using":"xpath","value":"//button[@data-kt=\"newYardSaveButton\"]"}
COMMAND: POST /session/a6227829479fbf21341f4434e8015dec/element/f.5FEBA03D879F6DDA3804D407047E73A7.d.14A2AA1130F5C2EC0A68629D618FA501.e.691/click - {}
RESULT: {}
COMMAND: GET /session/a6227829479fbf21341f4434e8015dec/screenshot - {}
RESULT: {}
COMMAND: POST /session/a6227829479fbf21341f4434e8015dec/element - {"using":"xpath","value":"//header[contains(@id, 'ObjectPageLayout-headerTitle')]/div[1]/div[2]/div[1]/span[1]"}
RESULT: {"using":"xpath","value":"//header[contains(@id, 'ObjectPageLayout-headerTitle')]/div[1]/div[2]/div[1]/span[1]"}
COMMAND: POST /session/a6227829479fbf21341f4434e8015dec/elements - {"using":"xpath","value":"//header[contains(@id, 'ObjectPageLayout-headerTitle')]/div[1]/div[2]/div[1]/span[1]"}
RESULT: {"using":"xpath","value":"//header[contains(@id, 'ObjectPageLayout-headerTitle')]/div[1]/div[2]/div[1]/span[1]"}
COMMAND: POST /session/a6227829479fbf21341f4434e8015dec/execute/sync - {"script":"<script> [56 bytes]","args":[{"element-6066-11e4-a52e-4f735466cecf":"f.5FEBA03D879F6DDA3804D407047E73A7.d.14A2AA1130F5C2EC0A68629D618FA501.e.1009","ELEMENT":"f.5FEBA03D879F6DDA3804D407047E73A7.d.14A2AA1130F5C2EC0A68629D618FA501.e.1009"}]}
RESULT: {"script":"<script> [56 bytes]","args":[{"element-6066-11e4-a52e-4f735466cecf":"f.5FEBA03D879F6DDA3804D407047E73A7.d.14A2AA1130F5C2EC0A68629D618FA501.e.1009","ELEMENT":"f.5FEBA03D879F6DDA3804D407047E73A7.d.14A2AA1130F5C2EC0A68629D618FA501.e.1009"}]}
COMMAND: GET /session/a6227829479fbf21341f4434e8015dec/screenshot - {}
RESULT: {}
COMMAND: POST /session/a6227829479fbf21341f4434e8015dec/element - {"using":"css selector","value":"#shell-header-logo"}
RESULT: {"using":"css selector","value":"#shell-header-logo"}
COMMAND: POST /session/a6227829479fbf21341f4434e8015dec/element/f.5FEBA03D879F6DDA3804D407047E73A7.d.14A2AA1130F5C2EC0A68629D618FA501.e.261/click - {}
RESULT: {}
COMMAND: GET /session/a6227829479fbf21341f4434e8015dec/screenshot - {}
RESULT: {}
COMMAND: POST /session/a6227829479fbf21341f4434e8015dec/execute/sync - {"script":"<script> [299 bytes]","args":[["getModel","getResource"]]}
RESULT: {"script":"<script> [299 bytes]","args":[["getModel","getResource"]]}
COMMAND: GET /session/a6227829479fbf21341f4434e8015dec/screenshot - {}
]]></system-out>
    </testcase>
    <testcase classname="chrome.136_0_7103_93.windows.Create_condition_pricing_US117289_US134625" name="Should create a new equipment used for all following tests" time="142.639">
      <system-out><![CDATA[
COMMAND: POST /session/a6227829479fbf21341f4434e8015dec/execute/async - {"script":"<script> [1562 bytes]","args":[{"selector":{"controlType":"sap.m.GenericTile","properties":{"header":"Manage Resources"}},"wdio_ui5_key":"sapm.GenericTile{\"header\":\"Manage Resources\"}"}]}
RESULT: {}
RESULT: {"script":"<script> [1562 bytes]","args":[{"selector":{"controlType":"sap.m.GenericTile","properties":{"header":"Manage Resources"}},"wdio_ui5_key":"sapm.GenericTile{\"header\":\"Manage Resources\"}"}]}
RESULT: undefined
COMMAND: POST /session/a6227829479fbf21341f4434e8015dec/element - {"using":"xpath","value":"//*[@id=\"__tile39\"]"}
RESULT: {"using":"xpath","value":"//*[@id=\"__tile39\"]"}
COMMAND: POST /session/a6227829479fbf21341f4434e8015dec/element/f.5FEBA03D879F6DDA3804D407047E73A7.d.14A2AA1130F5C2EC0A68629D618FA501.e.150/click - {}
RESULT: {}
COMMAND: GET /session/a6227829479fbf21341f4434e8015dec/screenshot - {}
RESULT: {}
COMMAND: POST /session/a6227829479fbf21341f4434e8015dec/elements - {"using":"xpath","value":"//span[text()='Error']"}
RESULT: {"using":"xpath","value":"//span[text()='Error']"}
COMMAND: POST /session/a6227829479fbf21341f4434e8015dec/element - {"using":"xpath","value":"//button[@data-kt=\"addNewRUOverflowToolbarButton\"]"}
RESULT: {"using":"xpath","value":"//button[@data-kt=\"addNewRUOverflowToolbarButton\"]"}
COMMAND: POST /session/a6227829479fbf21341f4434e8015dec/elements - {"using":"xpath","value":"//button[@data-kt=\"addNewRUOverflowToolbarButton\"]"}
RESULT: {"using":"xpath","value":"//button[@data-kt=\"addNewRUOverflowToolbarButton\"]"}
COMMAND: POST /session/a6227829479fbf21341f4434e8015dec/elements - {"using":"xpath","value":"//button[@data-kt=\"addNewRUOverflowToolbarButton\"]"}
RESULT: {"using":"xpath","value":"//button[@data-kt=\"addNewRUOverflowToolbarButton\"]"}
COMMAND: POST /session/a6227829479fbf21341f4434e8015dec/elements - {"using":"xpath","value":"//button[@data-kt=\"addNewRUOverflowToolbarButton\"]"}
RESULT: {"using":"xpath","value":"//button[@data-kt=\"addNewRUOverflowToolbarButton\"]"}
COMMAND: POST /session/a6227829479fbf21341f4434e8015dec/elements - {"using":"xpath","value":"//button[@data-kt=\"addNewRUOverflowToolbarButton\"]"}
RESULT: {"using":"xpath","value":"//button[@data-kt=\"addNewRUOverflowToolbarButton\"]"}
COMMAND: POST /session/a6227829479fbf21341f4434e8015dec/element - {"using":"xpath","value":"//button[@data-kt=\"addNewRUOverflowToolbarButton\"]"}
RESULT: {"using":"xpath","value":"//button[@data-kt=\"addNewRUOverflowToolbarButton\"]"}
COMMAND: POST /session/a6227829479fbf21341f4434e8015dec/execute/sync - {"script":"<script> [8489 bytes]","args":[{"element-6066-11e4-a52e-4f735466cecf":"f.5FEBA03D879F6DDA3804D407047E73A7.d.14A2AA1130F5C2EC0A68629D618FA501.e.1154","ELEMENT":"f.5FEBA03D879F6DDA3804D407047E73A7.d.14A2AA1130F5C2EC0A68629D618FA501.e.1154"}]}
RESULT: {"script":"<script> [8489 bytes]","args":[{"element-6066-11e4-a52e-4f735466cecf":"f.5FEBA03D879F6DDA3804D407047E73A7.d.14A2AA1130F5C2EC0A68629D618FA501.e.1154","ELEMENT":"f.5FEBA03D879F6DDA3804D407047E73A7.d.14A2AA1130F5C2EC0A68629D618FA501.e.1154"}]}
COMMAND: GET /session/a6227829479fbf21341f4434e8015dec/element/f.5FEBA03D879F6DDA3804D407047E73A7.d.14A2AA1130F5C2EC0A68629D618FA501.e.1154/enabled - {}
COMMAND: GET /session/a6227829479fbf21341f4434e8015dec/screenshot - {}
RESULT: {}
COMMAND: POST /session/a6227829479fbf21341f4434e8015dec/execute/sync - {"script":"<script> [8489 bytes]","args":[{"element-6066-11e4-a52e-4f735466cecf":"f.5FEBA03D879F6DDA3804D407047E73A7.d.14A2AA1130F5C2EC0A68629D618FA501.e.1154","ELEMENT":"f.5FEBA03D879F6DDA3804D407047E73A7.d.14A2AA1130F5C2EC0A68629D618FA501.e.1154"}]}
COMMAND: GET /session/a6227829479fbf21341f4434e8015dec/screenshot - {}
RESULT: {}
RESULT: {"script":"<script> [8489 bytes]","args":[{"element-6066-11e4-a52e-4f735466cecf":"f.5FEBA03D879F6DDA3804D407047E73A7.d.14A2AA1130F5C2EC0A68629D618FA501.e.1154","ELEMENT":"f.5FEBA03D879F6DDA3804D407047E73A7.d.14A2AA1130F5C2EC0A68629D618FA501.e.1154"}]}
COMMAND: POST /session/a6227829479fbf21341f4434e8015dec/execute/sync - {"script":"<script> [5351 bytes]","args":[{"element-6066-11e4-a52e-4f735466cecf":"f.5FEBA03D879F6DDA3804D407047E73A7.d.14A2AA1130F5C2EC0A68629D618FA501.e.1154","ELEMENT":"f.5FEBA03D879F6DDA3804D407047E73A7.d.14A2AA1130F5C2EC0A68629D618FA501.e.1154"}]}
COMMAND: GET /session/a6227829479fbf21341f4434e8015dec/screenshot - {}
RESULT: {}
RESULT: {"script":"<script> [5351 bytes]","args":[{"element-6066-11e4-a52e-4f735466cecf":"f.5FEBA03D879F6DDA3804D407047E73A7.d.14A2AA1130F5C2EC0A68629D618FA501.e.1154","ELEMENT":"f.5FEBA03D879F6DDA3804D407047E73A7.d.14A2AA1130F5C2EC0A68629D618FA501.e.1154"}]}
COMMAND: POST /session/a6227829479fbf21341f4434e8015dec/element/f.5FEBA03D879F6DDA3804D407047E73A7.d.14A2AA1130F5C2EC0A68629D618FA501.e.1154/click - {}
COMMAND: GET /session/a6227829479fbf21341f4434e8015dec/screenshot - {}
RESULT: {}
RESULT: {}
COMMAND: GET /session/a6227829479fbf21341f4434e8015dec/screenshot - {}
RESULT: {}
COMMAND: POST /session/a6227829479fbf21341f4434e8015dec/execute/async - {"script":"<script> [1562 bytes]","args":[{"selector":{"id":"application-manageresources-display-component---newResourceUnit--TYPE-arrow"},"wdio_ui5_key":"applicationmanageresources-display-component---newResourceUnit--TYPE-arrow"}]}
RESULT: {}
RESULT: {"script":"<script> [1562 bytes]","args":[{"selector":{"id":"application-manageresources-display-component---newResourceUnit--TYPE-arrow"},"wdio_ui5_key":"applicationmanageresources-display-component---newResourceUnit--TYPE-arrow"}]}
RESULT: undefined
COMMAND: POST /session/a6227829479fbf21341f4434e8015dec/element - {"using":"xpath","value":"//*[@id=\"application-manageresources-display-component---newResourceUnit--TYPE-arrow\"]"}
RESULT: {"using":"xpath","value":"//*[@id=\"application-manageresources-display-component---newResourceUnit--TYPE-arrow\"]"}
COMMAND: POST /session/a6227829479fbf21341f4434e8015dec/element/f.5FEBA03D879F6DDA3804D407047E73A7.d.14A2AA1130F5C2EC0A68629D618FA501.e.1401/click - {}
RESULT: {}
COMMAND: POST /session/a6227829479fbf21341f4434e8015dec/element - {"using":"xpath","value":"//input[@id=\"application-manageresources-display-component---newResourceUnit--TYPE-inner\"]"}
COMMAND: GET /session/a6227829479fbf21341f4434e8015dec/screenshot - {}
RESULT: {"using":"xpath","value":"//input[@id=\"application-manageresources-display-component---newResourceUnit--TYPE-inner\"]"}
COMMAND: POST /session/a6227829479fbf21341f4434e8015dec/element/f.5FEBA03D879F6DDA3804D407047E73A7.d.14A2AA1130F5C2EC0A68629D618FA501.e.1393/clear - {}
RESULT: {}
RESULT: {}
COMMAND: POST /session/a6227829479fbf21341f4434e8015dec/element/f.5FEBA03D879F6DDA3804D407047E73A7.d.14A2AA1130F5C2EC0A68629D618FA501.e.1393/value - {"text":"Equipment"}
COMMAND: GET /session/a6227829479fbf21341f4434e8015dec/screenshot - {}
RESULT: {"text":"Equipment"}
COMMAND: GET /session/a6227829479fbf21341f4434e8015dec/screenshot - {}
RESULT: {}
RESULT: {}
COMMAND: POST /session/a6227829479fbf21341f4434e8015dec/actions - {"actions":[{"id":"action2","type":"key","parameters":{},"actions":[{"type":"keyDown","value":""},{"type":"pause","duration":10},{"type":"keyUp","value":""}]}]}
RESULT: {"actions":[{"id":"action2","type":"key","parameters":{},"actions":[{"type":"keyDown","value":""},{"type":"pause","duration":10},{"type":"keyUp","value":""}]}]}
COMMAND: POST /session/a6227829479fbf21341f4434e8015dec/execute/async - {"script":"<script> [1562 bytes]","args":[{"selector":{"id":"application-manageresources-display-component---newResourceUnit--resourceId","interaction":{"idSuffix":"inner"}},"wdio_ui5_key":"applicationmanageresources-display-component---newResourceUnit--resourceId"}]}
COMMAND: GET /session/a6227829479fbf21341f4434e8015dec/screenshot - {}
RESULT: {"script":"<script> [1562 bytes]","args":[{"selector":{"id":"application-manageresources-display-component---newResourceUnit--resourceId","interaction":{"idSuffix":"inner"}},"wdio_ui5_key":"applicationmanageresources-display-component---newResourceUnit--resourceId"}]}
RESULT: undefined
COMMAND: POST /session/a6227829479fbf21341f4434e8015dec/execute/async - {"script":"<script> [776 bytes]","args":[{"enterText":"aGxkF6F6TK","selector":{"id":"application-manageresources-display-component---newResourceUnit--resourceId","interaction":{"idSuffix":"inner"}},"clearTextFirst":true,"interactionType":"ENTER_TEXT"}]}
RESULT: {}
RESULT: {"script":"<script> [776 bytes]","args":[{"enterText":"aGxkF6F6TK","selector":{"id":"application-manageresources-display-component---newResourceUnit--resourceId","interaction":{"idSuffix":"inner"}},"clearTextFirst":true,"interactionType":"ENTER_TEXT"}]}
COMMAND: POST /session/a6227829479fbf21341f4434e8015dec/execute/async - {"script":"<script> [1562 bytes]","args":[{"selector":{"id":"application-manageresources-display-component---newResourceUnit--SHORT_TEXT","interaction":{"idSuffix":"inner"}},"wdio_ui5_key":"applicationmanageresources-display-component---newResourceUnit--SHORT_TEXT"}]}
RESULT: {"script":"<script> [1562 bytes]","args":[{"selector":{"id":"application-manageresources-display-component---newResourceUnit--SHORT_TEXT","interaction":{"idSuffix":"inner"}},"wdio_ui5_key":"applicationmanageresources-display-component---newResourceUnit--SHORT_TEXT"}]}
RESULT: undefined
COMMAND: POST /session/a6227829479fbf21341f4434e8015dec/execute/async - {"script":"<script> [776 bytes]","args":[{"enterText":"Intercompany Equipment WDIO","selector":{"id":"application-manageresources-display-component---newResourceUnit--SHORT_TEXT","interaction":{"idSuffix":"inner"}},"clearTextFirst":true,"interactionType":"ENTER_TEXT"}]}
RESULT: {"script":"<script> [776 bytes]","args":[{"enterText":"Intercompany Equipment WDIO","selector":{"id":"application-manageresources-display-component---newResourceUnit--SHORT_TEXT","interaction":{"idSuffix":"inner"}},"clearTextFirst":true,"interactionType":"ENTER_TEXT"}]}
COMMAND: POST /session/a6227829479fbf21341f4434e8015dec/execute/async - {"script":"<script> [1562 bytes]","args":[{"selector":{"id":"application-manageresources-display-component---newResourceUnit--BASE_UNIT_OF_MEASURE","interaction":{"idSuffix":"inner"}},"wdio_ui5_key":"applicationmanageresources-display-component---newResourceUnit--BASE_UNIT_OF_MEASURE"}]}
RESULT: {"script":"<script> [1562 bytes]","args":[{"selector":{"id":"application-manageresources-display-component---newResourceUnit--BASE_UNIT_OF_MEASURE","interaction":{"idSuffix":"inner"}},"wdio_ui5_key":"applicationmanageresources-display-component---newResourceUnit--BASE_UNIT_OF_MEASURE"}]}
RESULT: undefined
COMMAND: POST /session/a6227829479fbf21341f4434e8015dec/execute/async - {"script":"<script> [776 bytes]","args":[{"enterText":"Piece","selector":{"id":"application-manageresources-display-component---newResourceUnit--BASE_UNIT_OF_MEASURE","interaction":{"idSuffix":"inner"}},"clearTextFirst":true,"interactionType":"ENTER_TEXT"}]}
RESULT: {"script":"<script> [776 bytes]","args":[{"enterText":"Piece","selector":{"id":"application-manageresources-display-component---newResourceUnit--BASE_UNIT_OF_MEASURE","interaction":{"idSuffix":"inner"}},"clearTextFirst":true,"interactionType":"ENTER_TEXT"}]}
COMMAND: POST /session/a6227829479fbf21341f4434e8015dec/execute/async - {"script":"<script> [1562 bytes]","args":[{"selector":{"id":"application-manageresources-display-component---newResourceUnit--WEIGHT_UNIT","interaction":{"idSuffix":"inner"}},"wdio_ui5_key":"applicationmanageresources-display-component---newResourceUnit--WEIGHT_UNIT"}]}
RESULT: {"script":"<script> [1562 bytes]","args":[{"selector":{"id":"application-manageresources-display-component---newResourceUnit--WEIGHT_UNIT","interaction":{"idSuffix":"inner"}},"wdio_ui5_key":"applicationmanageresources-display-component---newResourceUnit--WEIGHT_UNIT"}]}
RESULT: undefined
COMMAND: POST /session/a6227829479fbf21341f4434e8015dec/execute/async - {"script":"<script> [776 bytes]","args":[{"enterText":"Gram","selector":{"id":"application-manageresources-display-component---newResourceUnit--WEIGHT_UNIT","interaction":{"idSuffix":"inner"}},"clearTextFirst":true,"interactionType":"ENTER_TEXT"}]}
RESULT: {"script":"<script> [776 bytes]","args":[{"enterText":"Gram","selector":{"id":"application-manageresources-display-component---newResourceUnit--WEIGHT_UNIT","interaction":{"idSuffix":"inner"}},"clearTextFirst":true,"interactionType":"ENTER_TEXT"}]}
COMMAND: POST /session/a6227829479fbf21341f4434e8015dec/execute/async - {"script":"<script> [1562 bytes]","args":[{"selector":{"id":"application-manageresources-display-component---newResourceUnit--DIMENSION_UNIT","interaction":{"idSuffix":"inner"}},"wdio_ui5_key":"applicationmanageresources-display-component---newResourceUnit--DIMENSION_UNIT"}]}
RESULT: {"script":"<script> [1562 bytes]","args":[{"selector":{"id":"application-manageresources-display-component---newResourceUnit--DIMENSION_UNIT","interaction":{"idSuffix":"inner"}},"wdio_ui5_key":"applicationmanageresources-display-component---newResourceUnit--DIMENSION_UNIT"}]}
RESULT: undefined
COMMAND: POST /session/a6227829479fbf21341f4434e8015dec/execute/async - {"script":"<script> [776 bytes]","args":[{"enterText":"Meter","selector":{"id":"application-manageresources-display-component---newResourceUnit--DIMENSION_UNIT","interaction":{"idSuffix":"inner"}},"clearTextFirst":true,"interactionType":"ENTER_TEXT"}]}
RESULT: {"script":"<script> [776 bytes]","args":[{"enterText":"Meter","selector":{"id":"application-manageresources-display-component---newResourceUnit--DIMENSION_UNIT","interaction":{"idSuffix":"inner"}},"clearTextFirst":true,"interactionType":"ENTER_TEXT"}]}
COMMAND: POST /session/a6227829479fbf21341f4434e8015dec/execute/async - {"script":"<script> [1562 bytes]","args":[{"selector":{"id":"application-manageresources-display-component---newResourceUnit--newRRUPage-anchBar-application-manageresources-display-component---newResourceUnit--control-anchor","interaction":{"idSuffix":"BDI-content"}},"wdio_ui5_key":"applicationmanageresources-display-component---newResourceUnit--newRRUPage-anchBar-application-manageresources-display-component---newResourceUnit--control-anchor"}]}
RESULT: {"script":"<script> [1562 bytes]","args":[{"selector":{"id":"application-manageresources-display-component---newResourceUnit--newRRUPage-anchBar-application-manageresources-display-component---newResourceUnit--control-anchor","interaction":{"idSuffix":"BDI-content"}},"wdio_ui5_key":"applicationmanageresources-display-component---newResourceUnit--newRRUPage-anchBar-application-manageresources-display-component---newResourceUnit--control-anchor"}]}
RESULT: undefined
COMMAND: POST /session/a6227829479fbf21341f4434e8015dec/element - {"using":"xpath","value":"//*[@id=\"application-manageresources-display-component---newResourceUnit--newRRUPage-anchBar-application-manageresources-display-component---newResourceUnit--control-anchor\"]"}
RESULT: {"using":"xpath","value":"//*[@id=\"application-manageresources-display-component---newResourceUnit--newRRUPage-anchBar-application-manageresources-display-component---newResourceUnit--control-anchor\"]"}
COMMAND: POST /session/a6227829479fbf21341f4434e8015dec/element/f.5FEBA03D879F6DDA3804D407047E73A7.d.14A2AA1130F5C2EC0A68629D618FA501.e.1531/click - {}
RESULT: {}
COMMAND: POST /session/a6227829479fbf21341f4434e8015dec/execute/async - {"script":"<script> [1562 bytes]","args":[{"selector":{"id":"application-manageresources-display-component---newResourceUnit--PLANNING_GROUP","interaction":{"idSuffix":"inner"}},"wdio_ui5_key":"applicationmanageresources-display-component---newResourceUnit--PLANNING_GROUP"}]}
COMMAND: GET /session/a6227829479fbf21341f4434e8015dec/screenshot - {}
RESULT: {"script":"<script> [1562 bytes]","args":[{"selector":{"id":"application-manageresources-display-component---newResourceUnit--PLANNING_GROUP","interaction":{"idSuffix":"inner"}},"wdio_ui5_key":"applicationmanageresources-display-component---newResourceUnit--PLANNING_GROUP"}]}
RESULT: undefined
COMMAND: POST /session/a6227829479fbf21341f4434e8015dec/execute/async - {"script":"<script> [776 bytes]","args":[{"enterText":"Heavy Equi","selector":{"id":"application-manageresources-display-component---newResourceUnit--PLANNING_GROUP","interaction":{"idSuffix":"inner"}},"clearTextFirst":true,"interactionType":"ENTER_TEXT"}]}
RESULT: {}
RESULT: {"script":"<script> [776 bytes]","args":[{"enterText":"Heavy Equi","selector":{"id":"application-manageresources-display-component---newResourceUnit--PLANNING_GROUP","interaction":{"idSuffix":"inner"}},"clearTextFirst":true,"interactionType":"ENTER_TEXT"}]}
COMMAND: POST /session/a6227829479fbf21341f4434e8015dec/execute/async - {"script":"<script> [1562 bytes]","args":[{"selector":{"id":"application-manageresources-display-component---newResourceUnit--ITEM_TYPE-arrow"},"wdio_ui5_key":"applicationmanageresources-display-component---newResourceUnit--ITEM_TYPE-arrow"}]}
RESULT: {"script":"<script> [1562 bytes]","args":[{"selector":{"id":"application-manageresources-display-component---newResourceUnit--ITEM_TYPE-arrow"},"wdio_ui5_key":"applicationmanageresources-display-component---newResourceUnit--ITEM_TYPE-arrow"}]}
RESULT: undefined
COMMAND: POST /session/a6227829479fbf21341f4434e8015dec/element - {"using":"xpath","value":"//*[@id=\"application-manageresources-display-component---newResourceUnit--ITEM_TYPE-arrow\"]"}
RESULT: {"using":"xpath","value":"//*[@id=\"application-manageresources-display-component---newResourceUnit--ITEM_TYPE-arrow\"]"}
COMMAND: POST /session/a6227829479fbf21341f4434e8015dec/element/f.5FEBA03D879F6DDA3804D407047E73A7.d.14A2AA1130F5C2EC0A68629D618FA501.e.1538/click - {}
RESULT: {}
COMMAND: POST /session/a6227829479fbf21341f4434e8015dec/element - {"using":"xpath","value":"(//span[contains(text(), \"Resource Unit\")])[2]"}
COMMAND: GET /session/a6227829479fbf21341f4434e8015dec/screenshot - {}
RESULT: {"using":"xpath","value":"(//span[contains(text(), \"Resource Unit\")])[2]"}
COMMAND: POST /session/a6227829479fbf21341f4434e8015dec/element/f.5FEBA03D879F6DDA3804D407047E73A7.d.14A2AA1130F5C2EC0A68629D618FA501.e.1539/click - {}
RESULT: {}
RESULT: {}
COMMAND: GET /session/a6227829479fbf21341f4434e8015dec/screenshot - {}
RESULT: {}
COMMAND: POST /session/a6227829479fbf21341f4434e8015dec/element - {"using":"css selector","value":"#application-manageresources-display-component---newResourceUnit--btnAddTimeSegment"}
RESULT: {"using":"css selector","value":"#application-manageresources-display-component---newResourceUnit--btnAddTimeSegment"}
COMMAND: GET /session/a6227829479fbf21341f4434e8015dec/element/f.5FEBA03D879F6DDA3804D407047E73A7.d.14A2AA1130F5C2EC0A68629D618FA501.e.1540/rect - {}
RESULT: {}
COMMAND: GET /session/a6227829479fbf21341f4434e8015dec/window/rect - {}
RESULT: {}
COMMAND: POST /session/a6227829479fbf21341f4434e8015dec/execute/sync - {"script":"<script> [92 bytes]","args":[]}
RESULT: {"script":"<script> [92 bytes]","args":[]}
COMMAND: POST /session/a6227829479fbf21341f4434e8015dec/actions - {"actions":[{"id":"action3","type":"wheel","parameters":{},"actions":[{"type":"scroll","x":-1888,"y":-32,"deltaX":0,"deltaY":0,"duration":0,"origin":{"element-6066-11e4-a52e-4f735466cecf":"f.5FEBA03D879F6DDA3804D407047E73A7.d.14A2AA1130F5C2EC0A68629D618FA501.e.1540"}}]}]}
COMMAND: GET /session/a6227829479fbf21341f4434e8015dec/screenshot - {}
RESULT: {}
COMMAND: POST /session/a6227829479fbf21341f4434e8015dec/execute/sync - {"script":"<script> [79 bytes]","args":[{"element-6066-11e4-a52e-4f735466cecf":"f.5FEBA03D879F6DDA3804D407047E73A7.d.14A2AA1130F5C2EC0A68629D618FA501.e.1540","ELEMENT":"f.5FEBA03D879F6DDA3804D407047E73A7.d.14A2AA1130F5C2EC0A68629D618FA501.e.1540"},{"block":"start","inline":"nearest"}]}
RESULT: {"script":"<script> [79 bytes]","args":[{"element-6066-11e4-a52e-4f735466cecf":"f.5FEBA03D879F6DDA3804D407047E73A7.d.14A2AA1130F5C2EC0A68629D618FA501.e.1540","ELEMENT":"f.5FEBA03D879F6DDA3804D407047E73A7.d.14A2AA1130F5C2EC0A68629D618FA501.e.1540"},{"block":"start","inline":"nearest"}]}
COMMAND: POST /session/a6227829479fbf21341f4434e8015dec/execute/async - {"script":"<script> [1562 bytes]","args":[{"selector":{"id":"application-manageresources-display-component---newResourceUnit--btnAddTimeSegment","interaction":{"idSuffix":"inner"}},"wdio_ui5_key":"applicationmanageresources-display-component---newResourceUnit--btnAddTimeSegment"}]}
COMMAND: GET /session/a6227829479fbf21341f4434e8015dec/screenshot - {}
RESULT: {"script":"<script> [1562 bytes]","args":[{"selector":{"id":"application-manageresources-display-component---newResourceUnit--btnAddTimeSegment","interaction":{"idSuffix":"inner"}},"wdio_ui5_key":"applicationmanageresources-display-component---newResourceUnit--btnAddTimeSegment"}]}
RESULT: undefined
COMMAND: POST /session/a6227829479fbf21341f4434e8015dec/element - {"using":"xpath","value":"//*[@id=\"application-manageresources-display-component---newResourceUnit--btnAddTimeSegment\"]"}
RESULT: {}
RESULT: {"using":"xpath","value":"//*[@id=\"application-manageresources-display-component---newResourceUnit--btnAddTimeSegment\"]"}
COMMAND: POST /session/a6227829479fbf21341f4434e8015dec/element/f.5FEBA03D879F6DDA3804D407047E73A7.d.14A2AA1130F5C2EC0A68629D618FA501.e.1540/click - {}
RESULT: {}
COMMAND: GET /session/a6227829479fbf21341f4434e8015dec/screenshot - {}
RESULT: {}
COMMAND: POST /session/a6227829479fbf21341f4434e8015dec/element - {"using":"xpath","value":"//input[@id=\"application-manageresources-display-component---newResourceUnit--idRuTSAdmin-application-manageresources-display-component---newResourceUnit--RUTimeSegment-0-inner\"]"}
RESULT: {"using":"xpath","value":"//input[@id=\"application-manageresources-display-component---newResourceUnit--idRuTSAdmin-application-manageresources-display-component---newResourceUnit--RUTimeSegment-0-inner\"]"}
COMMAND: POST /session/a6227829479fbf21341f4434e8015dec/element/f.5FEBA03D879F6DDA3804D407047E73A7.d.14A2AA1130F5C2EC0A68629D618FA501.e.1546/clear - {}
RESULT: {}
COMMAND: POST /session/a6227829479fbf21341f4434e8015dec/element/f.5FEBA03D879F6DDA3804D407047E73A7.d.14A2AA1130F5C2EC0A68629D618FA501.e.1546/value - {"text":"638"}
COMMAND: GET /session/a6227829479fbf21341f4434e8015dec/screenshot - {}
RESULT: {"text":"638"}
COMMAND: GET /session/a6227829479fbf21341f4434e8015dec/screenshot - {}
RESULT: {}
RESULT: {}
COMMAND: POST /session/a6227829479fbf21341f4434e8015dec/element - {"using":"xpath","value":"//li[.//span[text()='638']]"}
RESULT: {"using":"xpath","value":"//li[.//span[text()='638']]"}
COMMAND: POST /session/a6227829479fbf21341f4434e8015dec/element/f.5FEBA03D879F6DDA3804D407047E73A7.d.14A2AA1130F5C2EC0A68629D618FA501.e.1560/click - {}
RESULT: {}
COMMAND: GET /session/a6227829479fbf21341f4434e8015dec/screenshot - {}
RESULT: {}
COMMAND: POST /session/a6227829479fbf21341f4434e8015dec/element - {"using":"xpath","value":"(//span[contains(@id, \"-application-manageresources-display-component---newResourceUnit--RUTimeSegment-0-arrow\")])[6]"}
RESULT: {"using":"xpath","value":"(//span[contains(@id, \"-application-manageresources-display-component---newResourceUnit--RUTimeSegment-0-arrow\")])[6]"}
COMMAND: POST /session/a6227829479fbf21341f4434e8015dec/element/f.5FEBA03D879F6DDA3804D407047E73A7.d.14A2AA1130F5C2EC0A68629D618FA501.e.1561/click - {}
RESULT: {}
COMMAND: GET /session/a6227829479fbf21341f4434e8015dec/screenshot - {}
RESULT: {}
COMMAND: POST /session/a6227829479fbf21341f4434e8015dec/element - {"using":"xpath","value":"//span[contains(text(), \"PM Order\")]"}
RESULT: {"using":"xpath","value":"//span[contains(text(), \"PM Order\")]"}
COMMAND: POST /session/a6227829479fbf21341f4434e8015dec/element/f.5FEBA03D879F6DDA3804D407047E73A7.d.14A2AA1130F5C2EC0A68629D618FA501.e.1564/click - {}
RESULT: {}
COMMAND: GET /session/a6227829479fbf21341f4434e8015dec/screenshot - {}
RESULT: {}
COMMAND: POST /session/a6227829479fbf21341f4434e8015dec/element - {"using":"xpath","value":"(//span[contains(@id ,\"manageresources-display-component---newResourceUnit--RUTimeSegment-0-vhi\")])[1]"}
RESULT: {"using":"xpath","value":"(//span[contains(@id ,\"manageresources-display-component---newResourceUnit--RUTimeSegment-0-vhi\")])[1]"}
COMMAND: GET /session/a6227829479fbf21341f4434e8015dec/element/f.5FEBA03D879F6DDA3804D407047E73A7.d.14A2AA1130F5C2EC0A68629D618FA501.e.1568/rect - {}
RESULT: {}
COMMAND: GET /session/a6227829479fbf21341f4434e8015dec/window/rect - {}
RESULT: {}
COMMAND: POST /session/a6227829479fbf21341f4434e8015dec/execute/sync - {"script":"<script> [92 bytes]","args":[]}
RESULT: {"script":"<script> [92 bytes]","args":[]}
COMMAND: POST /session/a6227829479fbf21341f4434e8015dec/actions - {"actions":[{"id":"action4","type":"wheel","parameters":{},"actions":[{"type":"scroll","x":-869,"y":-24,"deltaX":0,"deltaY":0,"duration":0,"origin":{"element-6066-11e4-a52e-4f735466cecf":"f.5FEBA03D879F6DDA3804D407047E73A7.d.14A2AA1130F5C2EC0A68629D618FA501.e.1568"}}]}]}
COMMAND: GET /session/a6227829479fbf21341f4434e8015dec/screenshot - {}
RESULT: {"actions":[{"id":"action4","type":"wheel","parameters":{},"actions":[{"type":"scroll","x":-869,"y":-24,"deltaX":0,"deltaY":0,"duration":0,"origin":{"element-6066-11e4-a52e-4f735466cecf":"f.5FEBA03D879F6DDA3804D407047E73A7.d.14A2AA1130F5C2EC0A68629D618FA501.e.1568"}}]}]}
COMMAND: DELETE /session/a6227829479fbf21341f4434e8015dec/actions - {}
COMMAND: GET /session/a6227829479fbf21341f4434e8015dec/screenshot - {}
RESULT: {}
RESULT: {}
COMMAND: GET /session/a6227829479fbf21341f4434e8015dec/screenshot - {}
RESULT: {}
RESULT: {}
COMMAND: POST /session/a6227829479fbf21341f4434e8015dec/element/f.5FEBA03D879F6DDA3804D407047E73A7.d.14A2AA1130F5C2EC0A68629D618FA501.e.1568/click - {}
RESULT: {}
COMMAND: GET /session/a6227829479fbf21341f4434e8015dec/screenshot - {}
RESULT: {}
RESULT: undefined
COMMAND: POST /session/a6227829479fbf21341f4434e8015dec/execute/async - {"script":"<script> [776 bytes]","args":[{"enterText":"4000360","selector":{"controlType":"sap.m.SearchField","properties":{"placeholder":"Search"},"searchOpenDialogs":true,"interaction":{"idSuffix":"I"}},"clearTextFirst":true,"interactionType":"ENTER_TEXT"}]}
RESULT: {"script":"<script> [776 bytes]","args":[{"enterText":"4000360","selector":{"controlType":"sap.m.SearchField","properties":{"placeholder":"Search"},"searchOpenDialogs":true,"interaction":{"idSuffix":"I"}},"clearTextFirst":true,"interactionType":"ENTER_TEXT"}]}
COMMAND: POST /session/a6227829479fbf21341f4434e8015dec/actions - {"actions":[{"id":"action5","type":"key","parameters":{},"actions":[{"type":"keyDown","value":""},{"type":"pause","duration":10},{"type":"keyUp","value":""}]}]}
RESULT: {"actions":[{"id":"action5","type":"key","parameters":{},"actions":[{"type":"keyDown","value":""},{"type":"pause","duration":10},{"type":"keyUp","value":""}]}]}
COMMAND: GET /session/a6227829479fbf21341f4434e8015dec/screenshot - {}
RESULT: {}
COMMAND: POST /session/a6227829479fbf21341f4434e8015dec/element - {"using":"xpath","value":"//td/div/span[contains(text(), \"BGL Vehicles\")]"}
RESULT: {"using":"xpath","value":"//td/div/span[contains(text(), \"BGL Vehicles\")]"}
COMMAND: POST /session/a6227829479fbf21341f4434e8015dec/element/f.5FEBA03D879F6DDA3804D407047E73A7.d.14A2AA1130F5C2EC0A68629D618FA501.e.1589/click - {}
RESULT: {}
COMMAND: GET /session/a6227829479fbf21341f4434e8015dec/screenshot - {}
RESULT: {}
COMMAND: POST /session/a6227829479fbf21341f4434e8015dec/element - {"using":"xpath","value":"//bdi[contains(text(), \"OK\")]"}
RESULT: {"using":"xpath","value":"//bdi[contains(text(), \"OK\")]"}
COMMAND: POST /session/a6227829479fbf21341f4434e8015dec/element/f.5FEBA03D879F6DDA3804D407047E73A7.d.14A2AA1130F5C2EC0A68629D618FA501.e.1590/click - {}
RESULT: {}
COMMAND: GET /session/a6227829479fbf21341f4434e8015dec/screenshot - {}
RESULT: {}
COMMAND: POST /session/a6227829479fbf21341f4434e8015dec/execute/async - {"script":"<script> [1562 bytes]","args":[{"selector":{"id":"application-manageresources-display-component---newResourceUnit--newRRUPage-anchBar-application-manageresources-display-component---newResourceUnit--resource-anchor","interaction":{"idSuffix":"BDI-content"}},"wdio_ui5_key":"applicationmanageresources-display-component---newResourceUnit--newRRUPage-anchBar-application-manageresources-display-component---newResourceUnit--resource-anchor"}]}
RESULT: {"script":"<script> [1562 bytes]","args":[{"selector":{"id":"application-manageresources-display-component---newResourceUnit--newRRUPage-anchBar-application-manageresources-display-component---newResourceUnit--resource-anchor","interaction":{"idSuffix":"BDI-content"}},"wdio_ui5_key":"applicationmanageresources-display-component---newResourceUnit--newRRUPage-anchBar-application-manageresources-display-component---newResourceUnit--resource-anchor"}]}
RESULT: undefined
COMMAND: POST /session/a6227829479fbf21341f4434e8015dec/element - {"using":"xpath","value":"//*[@id=\"application-manageresources-display-component---newResourceUnit--newRRUPage-anchBar-application-manageresources-display-component---newResourceUnit--resource-anchor\"]"}
RESULT: {"using":"xpath","value":"//*[@id=\"application-manageresources-display-component---newResourceUnit--newRRUPage-anchBar-application-manageresources-display-component---newResourceUnit--resource-anchor\"]"}
COMMAND: POST /session/a6227829479fbf21341f4434e8015dec/element/f.5FEBA03D879F6DDA3804D407047E73A7.d.14A2AA1130F5C2EC0A68629D618FA501.e.1594/click - {}
RESULT: {}
COMMAND: POST /session/a6227829479fbf21341f4434e8015dec/execute/async - {"script":"<script> [1562 bytes]","args":[{"selector":{"id":"application-manageresources-display-component---newResourceUnit--PLANNED_DELIVERY_DATE","interaction":{"idSuffix":"inner"}},"wdio_ui5_key":"applicationmanageresources-display-component---newResourceUnit--PLANNED_DELIVERY_DATE"}]}
COMMAND: GET /session/a6227829479fbf21341f4434e8015dec/screenshot - {}
RESULT: {"script":"<script> [1562 bytes]","args":[{"selector":{"id":"application-manageresources-display-component---newResourceUnit--PLANNED_DELIVERY_DATE","interaction":{"idSuffix":"inner"}},"wdio_ui5_key":"applicationmanageresources-display-component---newResourceUnit--PLANNED_DELIVERY_DATE"}]}
RESULT: undefined
COMMAND: POST /session/a6227829479fbf21341f4434e8015dec/execute/async - {"script":"<script> [6424 bytes]","args":[{"element-6066-11e4-a52e-4f735466cecf":"f.5FEBA03D879F6DDA3804D407047E73A7.d.14A2AA1130F5C2EC0A68629D618FA501.e.1456"},"setValue",["5/21/25"]]}
RESULT: {}
RESULT: {"script":"<script> [6424 bytes]","args":[{"element-6066-11e4-a52e-4f735466cecf":"f.5FEBA03D879F6DDA3804D407047E73A7.d.14A2AA1130F5C2EC0A68629D618FA501.e.1456"},"setValue",["5/21/25"]]}
COMMAND: POST /session/a6227829479fbf21341f4434e8015dec/element - {"using":"xpath","value":"//label[contains(@class, 'sapMLabelRequired') and .//bdi[contains(text(), 'Planned Retirement')]]"}
RESULT: {"using":"xpath","value":"//label[contains(@class, 'sapMLabelRequired') and .//bdi[contains(text(), 'Planned Retirement')]]"}
COMMAND: POST /session/a6227829479fbf21341f4434e8015dec/elements - {"using":"xpath","value":"//label[contains(@class, 'sapMLabelRequired') and .//bdi[contains(text(), 'Planned Retirement')]]"}
RESULT: {"using":"xpath","value":"//label[contains(@class, 'sapMLabelRequired') and .//bdi[contains(text(), 'Planned Retirement')]]"}
COMMAND: POST /session/a6227829479fbf21341f4434e8015dec/element - {"using":"xpath","value":"//button[@data-kt=\"resourceUnitSaveButton\"]"}
RESULT: {"using":"xpath","value":"//button[@data-kt=\"resourceUnitSaveButton\"]"}
COMMAND: POST /session/a6227829479fbf21341f4434e8015dec/element/f.5FEBA03D879F6DDA3804D407047E73A7.d.14A2AA1130F5C2EC0A68629D618FA501.e.1417/click - {}
RESULT: {}
COMMAND: GET /session/a6227829479fbf21341f4434e8015dec/screenshot - {}
RESULT: {}
COMMAND: POST /session/a6227829479fbf21341f4434e8015dec/element - {"using":"xpath","value":"//bdi[contains(text(), \"Close\")]"}
RESULT: {"using":"xpath","value":"//bdi[contains(text(), \"Close\")]"}
COMMAND: POST /session/a6227829479fbf21341f4434e8015dec/element/f.5FEBA03D879F6DDA3804D407047E73A7.d.14A2AA1130F5C2EC0A68629D618FA501.e.1604/click - {}
RESULT: {}
COMMAND: GET /session/a6227829479fbf21341f4434e8015dec/screenshot - {}
RESULT: {}
COMMAND: POST /session/a6227829479fbf21341f4434e8015dec/element - {"using":"xpath","value":"(//button[contains(@id ,\"actionsToolbar-overflowButton\")])[1]"}
RESULT: {"using":"xpath","value":"(//button[contains(@id ,\"actionsToolbar-overflowButton\")])[1]"}
COMMAND: POST /session/a6227829479fbf21341f4434e8015dec/element/f.5FEBA03D879F6DDA3804D407047E73A7.d.14A2AA1130F5C2EC0A68629D618FA501.e.1661/click - {}
RESULT: {}
COMMAND: GET /session/a6227829479fbf21341f4434e8015dec/screenshot - {}
RESULT: {}
COMMAND: POST /session/a6227829479fbf21341f4434e8015dec/element - {"using":"xpath","value":"//button[@data-kt=\"priceInfoButton\"]"}
RESULT: {"using":"xpath","value":"//button[@data-kt=\"priceInfoButton\"]"}
COMMAND: POST /session/a6227829479fbf21341f4434e8015dec/element/f.5FEBA03D879F6DDA3804D407047E73A7.d.14A2AA1130F5C2EC0A68629D618FA501.e.1663/click - {}
RESULT: {}
COMMAND: GET /session/a6227829479fbf21341f4434e8015dec/screenshot - {}
RESULT: {}
COMMAND: POST /session/a6227829479fbf21341f4434e8015dec/element - {"using":"css selector","value":"#shell-header-logo"}
RESULT: {"using":"css selector","value":"#shell-header-logo"}
COMMAND: POST /session/a6227829479fbf21341f4434e8015dec/element/f.5FEBA03D879F6DDA3804D407047E73A7.d.14A2AA1130F5C2EC0A68629D618FA501.e.1013/click - {}
RESULT: {}
]]></system-out>
    </testcase>
    <testcase classname="chrome.136_0_7103_93.windows.Create_condition_pricing_US117289_US134625" name="Should create new condition" time="71.767">
      <system-out><![CDATA[
COMMAND: POST /session/a6227829479fbf21341f4434e8015dec/execute/async - {"script":"<script> [1562 bytes]","args":[{"selector":{"controlType":"sap.m.GenericTile","properties":{"header":"Manage Conditions & Prices"}},"wdio_ui5_key":"sapm.GenericTile{\"header\":\"Manage Conditions & Prices\"}"}]}
COMMAND: GET /session/a6227829479fbf21341f4434e8015dec/screenshot - {}
RESULT: {"script":"<script> [1562 bytes]","args":[{"selector":{"controlType":"sap.m.GenericTile","properties":{"header":"Manage Conditions & Prices"}},"wdio_ui5_key":"sapm.GenericTile{\"header\":\"Manage Conditions & Prices\"}"}]}
RESULT: undefined
COMMAND: POST /session/a6227829479fbf21341f4434e8015dec/element - {"using":"xpath","value":"//*[@id=\"__tile53\"]"}
RESULT: {}
RESULT: {"using":"xpath","value":"//*[@id=\"__tile53\"]"}
COMMAND: POST /session/a6227829479fbf21341f4434e8015dec/element/f.5FEBA03D879F6DDA3804D407047E73A7.d.14A2AA1130F5C2EC0A68629D618FA501.e.197/click - {}
RESULT: {}
COMMAND: GET /session/a6227829479fbf21341f4434e8015dec/screenshot - {}
RESULT: {}
COMMAND: POST /session/a6227829479fbf21341f4434e8015dec/elements - {"using":"xpath","value":"//span[text()='Error']"}
RESULT: {"using":"xpath","value":"//span[text()='Error']"}
COMMAND: POST /session/a6227829479fbf21341f4434e8015dec/element - {"using":"xpath","value":"//button[@aria-label=\"Create\"]"}
RESULT: {"using":"xpath","value":"//button[@aria-label=\"Create\"]"}
COMMAND: POST /session/a6227829479fbf21341f4434e8015dec/elements - {"using":"xpath","value":"//button[@aria-label=\"Create\"]"}
RESULT: {"using":"xpath","value":"//button[@aria-label=\"Create\"]"}
COMMAND: POST /session/a6227829479fbf21341f4434e8015dec/elements - {"using":"xpath","value":"//button[@aria-label=\"Create\"]"}
RESULT: {"using":"xpath","value":"//button[@aria-label=\"Create\"]"}
COMMAND: POST /session/a6227829479fbf21341f4434e8015dec/element - {"using":"xpath","value":"//button[@aria-label=\"Create\"]"}
RESULT: {"using":"xpath","value":"//button[@aria-label=\"Create\"]"}
COMMAND: POST /session/a6227829479fbf21341f4434e8015dec/execute/sync - {"script":"<script> [8489 bytes]","args":[{"element-6066-11e4-a52e-4f735466cecf":"f.5FEBA03D879F6DDA3804D407047E73A7.d.14A2AA1130F5C2EC0A68629D618FA501.e.1773","ELEMENT":"f.5FEBA03D879F6DDA3804D407047E73A7.d.14A2AA1130F5C2EC0A68629D618FA501.e.1773"}]}
RESULT: {"script":"<script> [8489 bytes]","args":[{"element-6066-11e4-a52e-4f735466cecf":"f.5FEBA03D879F6DDA3804D407047E73A7.d.14A2AA1130F5C2EC0A68629D618FA501.e.1773","ELEMENT":"f.5FEBA03D879F6DDA3804D407047E73A7.d.14A2AA1130F5C2EC0A68629D618FA501.e.1773"}]}
COMMAND: GET /session/a6227829479fbf21341f4434e8015dec/element/f.5FEBA03D879F6DDA3804D407047E73A7.d.14A2AA1130F5C2EC0A68629D618FA501.e.1773/enabled - {}
COMMAND: GET /session/a6227829479fbf21341f4434e8015dec/screenshot - {}
RESULT: {}
COMMAND: POST /session/a6227829479fbf21341f4434e8015dec/execute/sync - {"script":"<script> [8489 bytes]","args":[{"element-6066-11e4-a52e-4f735466cecf":"f.5FEBA03D879F6DDA3804D407047E73A7.d.14A2AA1130F5C2EC0A68629D618FA501.e.1773","ELEMENT":"f.5FEBA03D879F6DDA3804D407047E73A7.d.14A2AA1130F5C2EC0A68629D618FA501.e.1773"}]}
COMMAND: GET /session/a6227829479fbf21341f4434e8015dec/screenshot - {}
RESULT: {}
RESULT: {"script":"<script> [8489 bytes]","args":[{"element-6066-11e4-a52e-4f735466cecf":"f.5FEBA03D879F6DDA3804D407047E73A7.d.14A2AA1130F5C2EC0A68629D618FA501.e.1773","ELEMENT":"f.5FEBA03D879F6DDA3804D407047E73A7.d.14A2AA1130F5C2EC0A68629D618FA501.e.1773"}]}
COMMAND: POST /session/a6227829479fbf21341f4434e8015dec/execute/sync - {"script":"<script> [5351 bytes]","args":[{"element-6066-11e4-a52e-4f735466cecf":"f.5FEBA03D879F6DDA3804D407047E73A7.d.14A2AA1130F5C2EC0A68629D618FA501.e.1773","ELEMENT":"f.5FEBA03D879F6DDA3804D407047E73A7.d.14A2AA1130F5C2EC0A68629D618FA501.e.1773"}]}
COMMAND: GET /session/a6227829479fbf21341f4434e8015dec/screenshot - {}
RESULT: {}
RESULT: {"script":"<script> [5351 bytes]","args":[{"element-6066-11e4-a52e-4f735466cecf":"f.5FEBA03D879F6DDA3804D407047E73A7.d.14A2AA1130F5C2EC0A68629D618FA501.e.1773","ELEMENT":"f.5FEBA03D879F6DDA3804D407047E73A7.d.14A2AA1130F5C2EC0A68629D618FA501.e.1773"}]}
COMMAND: POST /session/a6227829479fbf21341f4434e8015dec/element/f.5FEBA03D879F6DDA3804D407047E73A7.d.14A2AA1130F5C2EC0A68629D618FA501.e.1773/click - {}
COMMAND: GET /session/a6227829479fbf21341f4434e8015dec/screenshot - {}
RESULT: {}
RESULT: {}
COMMAND: GET /session/a6227829479fbf21341f4434e8015dec/screenshot - {}
RESULT: {}
RESULT: {}
COMMAND: POST /session/a6227829479fbf21341f4434e8015dec/actions - {"actions":[{"id":"action6","type":"key","parameters":{},"actions":[{"type":"keyDown","value":""},{"type":"pause","duration":10},{"type":"keyUp","value":""}]}]}
RESULT: {"actions":[{"id":"action6","type":"key","parameters":{},"actions":[{"type":"keyDown","value":""},{"type":"pause","duration":10},{"type":"keyUp","value":""}]}]}
COMMAND: GET /session/a6227829479fbf21341f4434e8015dec/screenshot - {}
RESULT: {}
COMMAND: POST /session/a6227829479fbf21341f4434e8015dec/execute/async - {"script":"<script> [1562 bytes]","args":[{"selector":{"id":"application-manageconditionprice-display-component---newCondition--condBillCond-arrow"},"wdio_ui5_key":"applicationmanageconditionprice-display-component---newCondition--condBillCond-arrow"}]}
RESULT: {"script":"<script> [1562 bytes]","args":[{"selector":{"id":"application-manageconditionprice-display-component---newCondition--condBillCond-arrow"},"wdio_ui5_key":"applicationmanageconditionprice-display-component---newCondition--condBillCond-arrow"}]}
RESULT: undefined
COMMAND: POST /session/a6227829479fbf21341f4434e8015dec/element - {"using":"xpath","value":"//*[@id=\"application-manageconditionprice-display-component---newCondition--condBillCond-arrow\"]"}
RESULT: {"using":"xpath","value":"//*[@id=\"application-manageconditionprice-display-component---newCondition--condBillCond-arrow\"]"}
COMMAND: POST /session/a6227829479fbf21341f4434e8015dec/element/f.5FEBA03D879F6DDA3804D407047E73A7.d.14A2AA1130F5C2EC0A68629D618FA501.e.1954/click - {}
RESULT: {}
COMMAND: GET /session/a6227829479fbf21341f4434e8015dec/screenshot - {}
RESULT: {}
COMMAND: POST /session/a6227829479fbf21341f4434e8015dec/element - {"using":"xpath","value":"//li[.//span[contains(text(), \"SAPR - Sales price\")]]"}
RESULT: {"using":"xpath","value":"//li[.//span[contains(text(), \"SAPR - Sales price\")]]"}
COMMAND: POST /session/a6227829479fbf21341f4434e8015dec/element/f.5FEBA03D879F6DDA3804D407047E73A7.d.14A2AA1130F5C2EC0A68629D618FA501.e.1957/click - {}
RESULT: {}
COMMAND: GET /session/a6227829479fbf21341f4434e8015dec/screenshot - {}
RESULT: {}
COMMAND: POST /session/a6227829479fbf21341f4434e8015dec/execute/async - {"script":"<script> [1562 bytes]","args":[{"selector":{"id":"application-manageconditionprice-display-component---newCondition--condValidTo","interaction":{"idSuffix":"inner"}},"wdio_ui5_key":"applicationmanageconditionprice-display-component---newCondition--condValidTo"}]}
RESULT: {"script":"<script> [1562 bytes]","args":[{"selector":{"id":"application-manageconditionprice-display-component---newCondition--condValidTo","interaction":{"idSuffix":"inner"}},"wdio_ui5_key":"applicationmanageconditionprice-display-component---newCondition--condValidTo"}]}
RESULT: undefined
COMMAND: POST /session/a6227829479fbf21341f4434e8015dec/execute/async - {"script":"<script> [776 bytes]","args":[{"enterText":"1/21/26","selector":{"id":"application-manageconditionprice-display-component---newCondition--condValidTo","interaction":{"idSuffix":"inner"}},"clearTextFirst":true,"interactionType":"ENTER_TEXT"}]}
RESULT: {"script":"<script> [776 bytes]","args":[{"enterText":"1/21/26","selector":{"id":"application-manageconditionprice-display-component---newCondition--condValidTo","interaction":{"idSuffix":"inner"}},"clearTextFirst":true,"interactionType":"ENTER_TEXT"}]}
COMMAND: POST /session/a6227829479fbf21341f4434e8015dec/element - {"using":"xpath","value":"//input[@id=\"application-manageconditionprice-display-component---newCondition--condRU-inner\"]"}
RESULT: {"using":"xpath","value":"//input[@id=\"application-manageconditionprice-display-component---newCondition--condRU-inner\"]"}
COMMAND: POST /session/a6227829479fbf21341f4434e8015dec/element/f.5FEBA03D879F6DDA3804D407047E73A7.d.14A2AA1130F5C2EC0A68629D618FA501.e.1790/clear - {}
RESULT: {}
COMMAND: POST /session/a6227829479fbf21341f4434e8015dec/element/f.5FEBA03D879F6DDA3804D407047E73A7.d.14A2AA1130F5C2EC0A68629D618FA501.e.1790/value - {"text":"aGxkF6F6TK"}
COMMAND: GET /session/a6227829479fbf21341f4434e8015dec/screenshot - {}
RESULT: {"text":"aGxkF6F6TK"}
COMMAND: GET /session/a6227829479fbf21341f4434e8015dec/screenshot - {}
RESULT: {}
RESULT: {}
COMMAND: POST /session/a6227829479fbf21341f4434e8015dec/actions - {"actions":[{"id":"action7","type":"key","parameters":{},"actions":[{"type":"keyDown","value":""},{"type":"pause","duration":10},{"type":"keyUp","value":""}]}]}
RESULT: {"actions":[{"id":"action7","type":"key","parameters":{},"actions":[{"type":"keyDown","value":""},{"type":"pause","duration":10},{"type":"keyUp","value":""}]}]}
COMMAND: POST /session/a6227829479fbf21341f4434e8015dec/execute/async - {"script":"<script> [1562 bytes]","args":[{"selector":{"id":"application-manageconditionprice-display-component---newCondition--condBaseQty","interaction":{"idSuffix":"inner"}},"wdio_ui5_key":"applicationmanageconditionprice-display-component---newCondition--condBaseQty"}]}
COMMAND: GET /session/a6227829479fbf21341f4434e8015dec/screenshot - {}
RESULT: {"script":"<script> [1562 bytes]","args":[{"selector":{"id":"application-manageconditionprice-display-component---newCondition--condBaseQty","interaction":{"idSuffix":"inner"}},"wdio_ui5_key":"applicationmanageconditionprice-display-component---newCondition--condBaseQty"}]}
RESULT: undefined
COMMAND: POST /session/a6227829479fbf21341f4434e8015dec/execute/async - {"script":"<script> [776 bytes]","args":[{"enterText":"1","selector":{"id":"application-manageconditionprice-display-component---newCondition--condBaseQty","interaction":{"idSuffix":"inner"}},"clearTextFirst":true,"interactionType":"ENTER_TEXT"}]}
RESULT: {}
RESULT: {"script":"<script> [776 bytes]","args":[{"enterText":"1","selector":{"id":"application-manageconditionprice-display-component---newCondition--condBaseQty","interaction":{"idSuffix":"inner"}},"clearTextFirst":true,"interactionType":"ENTER_TEXT"}]}
COMMAND: POST /session/a6227829479fbf21341f4434e8015dec/execute/async - {"script":"<script> [1562 bytes]","args":[{"selector":{"id":"application-manageconditionprice-display-component---newCondition--condValue","interaction":{"idSuffix":"inner"}},"wdio_ui5_key":"applicationmanageconditionprice-display-component---newCondition--condValue"}]}
RESULT: {"script":"<script> [1562 bytes]","args":[{"selector":{"id":"application-manageconditionprice-display-component---newCondition--condValue","interaction":{"idSuffix":"inner"}},"wdio_ui5_key":"applicationmanageconditionprice-display-component---newCondition--condValue"}]}
RESULT: undefined
COMMAND: POST /session/a6227829479fbf21341f4434e8015dec/execute/async - {"script":"<script> [776 bytes]","args":[{"enterText":"200","selector":{"id":"application-manageconditionprice-display-component---newCondition--condValue","interaction":{"idSuffix":"inner"}},"clearTextFirst":true,"interactionType":"ENTER_TEXT"}]}
RESULT: {"script":"<script> [776 bytes]","args":[{"enterText":"200","selector":{"id":"application-manageconditionprice-display-component---newCondition--condValue","interaction":{"idSuffix":"inner"}},"clearTextFirst":true,"interactionType":"ENTER_TEXT"}]}
COMMAND: POST /session/a6227829479fbf21341f4434e8015dec/execute/async - {"script":"<script> [1562 bytes]","args":[{"selector":{"id":"application-manageconditionprice-display-component---newCondition--condCurr-arrow"},"wdio_ui5_key":"applicationmanageconditionprice-display-component---newCondition--condCurr-arrow"}]}
RESULT: {"script":"<script> [1562 bytes]","args":[{"selector":{"id":"application-manageconditionprice-display-component---newCondition--condCurr-arrow"},"wdio_ui5_key":"applicationmanageconditionprice-display-component---newCondition--condCurr-arrow"}]}
RESULT: undefined
COMMAND: POST /session/a6227829479fbf21341f4434e8015dec/element - {"using":"xpath","value":"//*[@id=\"application-manageconditionprice-display-component---newCondition--condCurr-arrow\"]"}
RESULT: {"using":"xpath","value":"//*[@id=\"application-manageconditionprice-display-component---newCondition--condCurr-arrow\"]"}
COMMAND: POST /session/a6227829479fbf21341f4434e8015dec/element/f.5FEBA03D879F6DDA3804D407047E73A7.d.14A2AA1130F5C2EC0A68629D618FA501.e.1921/click - {}
RESULT: {}
COMMAND: POST /session/a6227829479fbf21341f4434e8015dec/element - {"using":"xpath","value":"//span[contains(text(), \"Euro\")]"}
COMMAND: GET /session/a6227829479fbf21341f4434e8015dec/screenshot - {}
RESULT: {"using":"xpath","value":"//span[contains(text(), \"Euro\")]"}
COMMAND: POST /session/a6227829479fbf21341f4434e8015dec/element/f.5FEBA03D879F6DDA3804D407047E73A7.d.14A2AA1130F5C2EC0A68629D618FA501.e.1995/click - {}
RESULT: {}
RESULT: {}
COMMAND: POST /session/a6227829479fbf21341f4434e8015dec/element - {"using":"xpath","value":"//button[@data-kt=\"saveButton\"]"}
COMMAND: GET /session/a6227829479fbf21341f4434e8015dec/screenshot - {}
RESULT: {"using":"xpath","value":"//button[@data-kt=\"saveButton\"]"}
COMMAND: POST /session/a6227829479fbf21341f4434e8015dec/element/f.5FEBA03D879F6DDA3804D407047E73A7.d.14A2AA1130F5C2EC0A68629D618FA501.e.1922/click - {}
RESULT: {}
RESULT: {}
COMMAND: GET /session/a6227829479fbf21341f4434e8015dec/screenshot - {}
RESULT: {}
COMMAND: POST /session/a6227829479fbf21341f4434e8015dec/execute/async - {"script":"<script> [1562 bytes]","args":[{"selector":{"id":"application-manageconditionprice-display-component---conditions--smartFilterBar-btnBasicSearch","interaction":{"idSuffix":"I"}},"wdio_ui5_key":"applicationmanageconditionprice-display-component---conditions--smartFilterBar-btnBasicSearch"}]}
RESULT: {"script":"<script> [1562 bytes]","args":[{"selector":{"id":"application-manageconditionprice-display-component---conditions--smartFilterBar-btnBasicSearch","interaction":{"idSuffix":"I"}},"wdio_ui5_key":"applicationmanageconditionprice-display-component---conditions--smartFilterBar-btnBasicSearch"}]}
RESULT: undefined
COMMAND: POST /session/a6227829479fbf21341f4434e8015dec/execute/async - {"script":"<script> [776 bytes]","args":[{"enterText":"aGxkF6F6TK","selector":{"id":"application-manageconditionprice-display-component---conditions--smartFilterBar-btnBasicSearch","interaction":{"idSuffix":"I"}},"clearTextFirst":true,"interactionType":"ENTER_TEXT"}]}
RESULT: {"script":"<script> [776 bytes]","args":[{"enterText":"aGxkF6F6TK","selector":{"id":"application-manageconditionprice-display-component---conditions--smartFilterBar-btnBasicSearch","interaction":{"idSuffix":"I"}},"clearTextFirst":true,"interactionType":"ENTER_TEXT"}]}
COMMAND: POST /session/a6227829479fbf21341f4434e8015dec/actions - {"actions":[{"id":"action8","type":"key","parameters":{},"actions":[{"type":"keyDown","value":""},{"type":"pause","duration":10},{"type":"keyUp","value":""}]}]}
RESULT: {"actions":[{"id":"action8","type":"key","parameters":{},"actions":[{"type":"keyDown","value":""},{"type":"pause","duration":10},{"type":"keyUp","value":""}]}]}
COMMAND: GET /session/a6227829479fbf21341f4434e8015dec/screenshot - {}
RESULT: {}
COMMAND: POST /session/a6227829479fbf21341f4434e8015dec/execute/async - {"script":"<script> [1562 bytes]","args":[{"selector":{"id":"application-manageconditionprice-display-component---conditions--smartFilterBar-filterItemControl_BASIC-BILL_TYPES-vhi"},"wdio_ui5_key":"applicationmanageconditionprice-display-component---conditions--smartFilterBar-filterItemControl_BASIC-BILL_TYPES-vhi"}]}
RESULT: {"script":"<script> [1562 bytes]","args":[{"selector":{"id":"application-manageconditionprice-display-component---conditions--smartFilterBar-filterItemControl_BASIC-BILL_TYPES-vhi"},"wdio_ui5_key":"applicationmanageconditionprice-display-component---conditions--smartFilterBar-filterItemControl_BASIC-BILL_TYPES-vhi"}]}
RESULT: undefined
COMMAND: POST /session/a6227829479fbf21341f4434e8015dec/element - {"using":"xpath","value":"//*[@id=\"application-manageconditionprice-display-component---conditions--smartFilterBar-filterItemControl_BASIC-BILL_TYPES-vhi\"]"}
RESULT: {"using":"xpath","value":"//*[@id=\"application-manageconditionprice-display-component---conditions--smartFilterBar-filterItemControl_BASIC-BILL_TYPES-vhi\"]"}
COMMAND: POST /session/a6227829479fbf21341f4434e8015dec/element/f.5FEBA03D879F6DDA3804D407047E73A7.d.14A2AA1130F5C2EC0A68629D618FA501.e.2103/click - {}
RESULT: {}
COMMAND: POST /session/a6227829479fbf21341f4434e8015dec/execute/async - {"script":"<script> [1562 bytes]","args":[{"selector":{"id":"application-manageconditionprice-display-component---conditions--smartFilterBar-filterItemControl_BASIC-BILL_TYPES-valueHelpDialog-smartFilterBar-btnBasicSearch","searchOpenDialogs":true,"interaction":{"idSuffix":"I"}},"wdio_ui5_key":"applicationmanageconditionprice-display-component---conditions--smartFilterBar-filterItemControl_BASIC-BILL_TYPES-valueHelpDialog-smartFilterBar-btnBasicSearch"}]}
COMMAND: GET /session/a6227829479fbf21341f4434e8015dec/screenshot - {}
RESULT: {"script":"<script> [1562 bytes]","args":[{"selector":{"id":"application-manageconditionprice-display-component---conditions--smartFilterBar-filterItemControl_BASIC-BILL_TYPES-valueHelpDialog-smartFilterBar-btnBasicSearch","searchOpenDialogs":true,"interaction":{"idSuffix":"I"}},"wdio_ui5_key":"applicationmanageconditionprice-display-component---conditions--smartFilterBar-filterItemControl_BASIC-BILL_TYPES-valueHelpDialog-smartFilterBar-btnBasicSearch"}]}
RESULT: undefined
COMMAND: POST /session/a6227829479fbf21341f4434e8015dec/execute/async - {"script":"<script> [776 bytes]","args":[{"enterText":"one","selector":{"id":"application-manageconditionprice-display-component---conditions--smartFilterBar-filterItemControl_BASIC-BILL_TYPES-valueHelpDialog-smartFilterBar-btnBasicSearch","searchOpenDialogs":true,"interaction":{"idSuffix":"I"}},"clearTextFirst":true,"interactionType":"ENTER_TEXT"}]}
RESULT: {}
RESULT: {"script":"<script> [776 bytes]","args":[{"enterText":"one","selector":{"id":"application-manageconditionprice-display-component---conditions--smartFilterBar-filterItemControl_BASIC-BILL_TYPES-valueHelpDialog-smartFilterBar-btnBasicSearch","searchOpenDialogs":true,"interaction":{"idSuffix":"I"}},"clearTextFirst":true,"interactionType":"ENTER_TEXT"}]}
COMMAND: POST /session/a6227829479fbf21341f4434e8015dec/actions - {"actions":[{"id":"action9","type":"key","parameters":{},"actions":[{"type":"keyDown","value":""},{"type":"pause","duration":10},{"type":"keyUp","value":""}]}]}
RESULT: {"actions":[{"id":"action9","type":"key","parameters":{},"actions":[{"type":"keyDown","value":""},{"type":"pause","duration":10},{"type":"keyUp","value":""}]}]}
COMMAND: GET /session/a6227829479fbf21341f4434e8015dec/screenshot - {}
RESULT: {}
COMMAND: POST /session/a6227829479fbf21341f4434e8015dec/element - {"using":"xpath","value":"//div[contains(@id, 'application-manageconditionprice-display-component---conditions--smartFilterBar-filterItemControl_BASIC-BILL_TYPES-valueHelpDialog-table-rowsel0')]"}
RESULT: {"using":"xpath","value":"//div[contains(@id, 'application-manageconditionprice-display-component---conditions--smartFilterBar-filterItemControl_BASIC-BILL_TYPES-valueHelpDialog-table-rowsel0')]"}
COMMAND: POST /session/a6227829479fbf21341f4434e8015dec/element/f.5FEBA03D879F6DDA3804D407047E73A7.d.14A2AA1130F5C2EC0A68629D618FA501.e.2112/click - {}
RESULT: {}
COMMAND: GET /session/a6227829479fbf21341f4434e8015dec/screenshot - {}
RESULT: {}
COMMAND: POST /session/a6227829479fbf21341f4434e8015dec/element - {"using":"xpath","value":"//bdi[contains(text(), \"OK\")]"}
RESULT: {"using":"xpath","value":"//bdi[contains(text(), \"OK\")]"}
COMMAND: POST /session/a6227829479fbf21341f4434e8015dec/element/f.5FEBA03D879F6DDA3804D407047E73A7.d.14A2AA1130F5C2EC0A68629D618FA501.e.2114/click - {}
RESULT: {}
COMMAND: GET /session/a6227829479fbf21341f4434e8015dec/screenshot - {}
RESULT: {}
COMMAND: POST /session/a6227829479fbf21341f4434e8015dec/element - {"using":"xpath","value":"//span[@id=\"application-manageconditionprice-display-component---conditions--smartTable-header-inner\"]"}
RESULT: {"using":"xpath","value":"//span[@id=\"application-manageconditionprice-display-component---conditions--smartTable-header-inner\"]"}
COMMAND: POST /session/a6227829479fbf21341f4434e8015dec/elements - {"using":"xpath","value":"//span[@id=\"application-manageconditionprice-display-component---conditions--smartTable-header-inner\"]"}
RESULT: {"using":"xpath","value":"//span[@id=\"application-manageconditionprice-display-component---conditions--smartTable-header-inner\"]"}
COMMAND: POST /session/a6227829479fbf21341f4434e8015dec/execute/sync - {"script":"<script> [56 bytes]","args":[{"element-6066-11e4-a52e-4f735466cecf":"f.5FEBA03D879F6DDA3804D407047E73A7.d.14A2AA1130F5C2EC0A68629D618FA501.e.2117","ELEMENT":"f.5FEBA03D879F6DDA3804D407047E73A7.d.14A2AA1130F5C2EC0A68629D618FA501.e.2117"}]}
RESULT: {"script":"<script> [56 bytes]","args":[{"element-6066-11e4-a52e-4f735466cecf":"f.5FEBA03D879F6DDA3804D407047E73A7.d.14A2AA1130F5C2EC0A68629D618FA501.e.2117","ELEMENT":"f.5FEBA03D879F6DDA3804D407047E73A7.d.14A2AA1130F5C2EC0A68629D618FA501.e.2117"}]}
COMMAND: POST /session/a6227829479fbf21341f4434e8015dec/element - {"using":"css selector","value":"#shell-header-logo"}
COMMAND: GET /session/a6227829479fbf21341f4434e8015dec/screenshot - {}
RESULT: {"using":"css selector","value":"#shell-header-logo"}
COMMAND: POST /session/a6227829479fbf21341f4434e8015dec/element/f.5FEBA03D879F6DDA3804D407047E73A7.d.14A2AA1130F5C2EC0A68629D618FA501.e.1740/click - {}
RESULT: {}
RESULT: {}
COMMAND: GET /session/a6227829479fbf21341f4434e8015dec/screenshot - {}
RESULT: {}
COMMAND: POST /session/a6227829479fbf21341f4434e8015dec/element - {"using":"css selector","value":"#j_username"}
COMMAND: POST /session/a6227829479fbf21341f4434e8015dec/url - {"url":"https://qa-testing-00-live-etm-ui.cfapps.eu10-004.hana.ondemand.com/"}
RESULT: {"using":"css selector","value":"#j_username"}
COMMAND: POST /session/a6227829479fbf21341f4434e8015dec/element - {"using":"css selector","value":"#j_username"}
RESULT: {"url":"https://qa-testing-00-live-etm-ui.cfapps.eu10-004.hana.ondemand.com/"}
RESULT: undefined
COMMAND: GET /session/a6227829479fbf21341f4434e8015dec/screenshot - {}
RESULT: {"using":"css selector","value":"#j_username"}
COMMAND: POST /session/a6227829479fbf21341f4434e8015dec/element - {"using":"css selector","value":"#shell-header-logo"}
RESULT: {}
RESULT: {"using":"css selector","value":"#shell-header-logo"}
COMMAND: POST /session/a6227829479fbf21341f4434e8015dec/execute/sync - {"script":"<script> [8489 bytes]","args":[{"element-6066-11e4-a52e-4f735466cecf":"f.5FEBA03D879F6DDA3804D407047E73A7.d.F80D2F9A20F48A165FD67A035DBE8E51.e.2130","ELEMENT":"f.5FEBA03D879F6DDA3804D407047E73A7.d.F80D2F9A20F48A165FD67A035DBE8E51.e.2130"}]}
RESULT: {"script":"<script> [8489 bytes]","args":[{"element-6066-11e4-a52e-4f735466cecf":"f.5FEBA03D879F6DDA3804D407047E73A7.d.F80D2F9A20F48A165FD67A035DBE8E51.e.2130","ELEMENT":"f.5FEBA03D879F6DDA3804D407047E73A7.d.F80D2F9A20F48A165FD67A035DBE8E51.e.2130"}]}
COMMAND: POST /session/a6227829479fbf21341f4434e8015dec/element - {"using":"css selector","value":"#shell-header-logo"}
COMMAND: GET /session/a6227829479fbf21341f4434e8015dec/screenshot - {}
RESULT: {"using":"css selector","value":"#shell-header-logo"}
COMMAND: POST /session/a6227829479fbf21341f4434e8015dec/execute/sync - {"script":"<script> [8489 bytes]","args":[{"element-6066-11e4-a52e-4f735466cecf":"f.5FEBA03D879F6DDA3804D407047E73A7.d.F80D2F9A20F48A165FD67A035DBE8E51.e.2130","ELEMENT":"f.5FEBA03D879F6DDA3804D407047E73A7.d.F80D2F9A20F48A165FD67A035DBE8E51.e.2130"}]}
RESULT: {}
RESULT: {"script":"<script> [8489 bytes]","args":[{"element-6066-11e4-a52e-4f735466cecf":"f.5FEBA03D879F6DDA3804D407047E73A7.d.F80D2F9A20F48A165FD67A035DBE8E51.e.2130","ELEMENT":"f.5FEBA03D879F6DDA3804D407047E73A7.d.F80D2F9A20F48A165FD67A035DBE8E51.e.2130"}]}
COMMAND: POST /session/a6227829479fbf21341f4434e8015dec/execute/sync - {"script":"<script> [5351 bytes]","args":[{"element-6066-11e4-a52e-4f735466cecf":"f.5FEBA03D879F6DDA3804D407047E73A7.d.F80D2F9A20F48A165FD67A035DBE8E51.e.2130","ELEMENT":"f.5FEBA03D879F6DDA3804D407047E73A7.d.F80D2F9A20F48A165FD67A035DBE8E51.e.2130"}]}
COMMAND: GET /session/a6227829479fbf21341f4434e8015dec/screenshot - {}
RESULT: {"script":"<script> [5351 bytes]","args":[{"element-6066-11e4-a52e-4f735466cecf":"f.5FEBA03D879F6DDA3804D407047E73A7.d.F80D2F9A20F48A165FD67A035DBE8E51.e.2130","ELEMENT":"f.5FEBA03D879F6DDA3804D407047E73A7.d.F80D2F9A20F48A165FD67A035DBE8E51.e.2130"}]}
COMMAND: POST /session/a6227829479fbf21341f4434e8015dec/element - {"using":"css selector","value":"#shell-header-logo"}
COMMAND: GET /session/a6227829479fbf21341f4434e8015dec/screenshot - {}
RESULT: {}
RESULT: {"using":"css selector","value":"#shell-header-logo"}
COMMAND: POST /session/a6227829479fbf21341f4434e8015dec/element/f.5FEBA03D879F6DDA3804D407047E73A7.d.F80D2F9A20F48A165FD67A035DBE8E51.e.2130/click - {}
RESULT: {}
RESULT: {}
COMMAND: GET /session/a6227829479fbf21341f4434e8015dec/screenshot - {}
RESULT: {}
COMMAND: POST /session/a6227829479fbf21341f4434e8015dec/execute/async - {"script":"<script> [189 bytes]","args":[]}
RESULT: {"script":"<script> [189 bytes]","args":[]}
COMMAND: POST /session/a6227829479fbf21341f4434e8015dec/execute/async - {"script":"<script> [123 bytes]","args":[]}
RESULT: {"script":"<script> [123 bytes]","args":[]}
COMMAND: POST /session/a6227829479fbf21341f4434e8015dec/timeouts - {"script":"<number>"}
RESULT: {"script":"<number>"}
COMMAND: GET /session/a6227829479fbf21341f4434e8015dec/timeouts - {}
RESULT: {}
RESULT: undefined
COMMAND: POST /session/a6227829479fbf21341f4434e8015dec/execute/async - {"script":"<script> [2676 bytes]","args":[]}
RESULT: {"script":"<script> [2676 bytes]","args":[]}
COMMAND: POST /session/a6227829479fbf21341f4434e8015dec/execute/async - {"script":"<script> [2342 bytes]","args":[{"protocol":"http","hostname":"0.0.0.0","path":"/","capabilities":{"browserName":"chrome","goog:chromeOptions":{"binary":"C:\\Program Files\\Google\\Chrome\\Application\\chrome.exe","args":["--start-maximized"]}},"logLevel":"warn","connectionRetryTimeout":120000,"connectionRetryCount":3,"logLevels":{},"enableDirectConnect":true,"strictSSL":true,"_":"65 more keys: [\"cacheDir\",\"port\",\"requestedCapabilities\",\"automationProtocol\",\"baseUrl\",\"waitforInterval\",\"waitforTimeout\",\"onReload\",\"beforeCommand\",\"afterCommand\",\"rootDir\",\"specs\",\"suites\",\"exclude\",\"groupLogsByTestSpec\",\"excludeDriverLogs\",\"bail\",\"framework\",\"reporters\",\"services\",\"maxInstances\",\"maxInstancesPerCapability\",\"injectGlobals\",\"filesToWatch\",\"execArgv\",\"runnerEnv\",\"runner\",\"shard\",\"specFileRetries\",\"specFileRetriesDelay\",\"specFileRetriesDeferred\",\"reporterSyncInterval\",\"reporterSyncTimeout\",\"cucumberFeaturesWithLineNumbers\",\"autoCompileOpts\",\"mochaOpts\",\"jasmineOpts\",\"cucumberOpts\",\"onPrepare\",\"onWorkerStart\",\"onWorkerEnd\",\"before\",\"beforeSession\",\"beforeSuite\",\"beforeHook\",\"beforeTest\",\"afterTest\",\"afterHook\",\"afterSuite\",\"afterSession\",\"after\",\"onComplete\",\"beforeAssertion\",\"afterAssertion\",\"beforeFeature\",\"beforeScenario\",\"beforeStep\",\"afterStep\",\"afterScenario\",\"afterFeature\",\"_\",\"suite\",\"$0\",\"ignoredWorkerServices\",\"wdi5\"]"}]}
RESULT: {"script":"<script> [2342 bytes]","args":[{"protocol":"http","hostname":"0.0.0.0","path":"/","capabilities":{"browserName":"chrome","goog:chromeOptions":{"binary":"C:\\Program Files\\Google\\Chrome\\Application\\chrome.exe","args":["--start-maximized"]}},"logLevel":"warn","connectionRetryTimeout":120000,"connectionRetryCount":3,"logLevels":{},"enableDirectConnect":true,"strictSSL":true,"_":"65 more keys: [\"cacheDir\",\"port\",\"requestedCapabilities\",\"automationProtocol\",\"baseUrl\",\"waitforInterval\",\"waitforTimeout\",\"onReload\",\"beforeCommand\",\"afterCommand\",\"rootDir\",\"specs\",\"suites\",\"exclude\",\"groupLogsByTestSpec\",\"excludeDriverLogs\",\"bail\",\"framework\",\"reporters\",\"services\",\"maxInstances\",\"maxInstancesPerCapability\",\"injectGlobals\",\"filesToWatch\",\"execArgv\",\"runnerEnv\",\"runner\",\"shard\",\"specFileRetries\",\"specFileRetriesDelay\",\"specFileRetriesDeferred\",\"reporterSyncInterval\",\"reporterSyncTimeout\",\"cucumberFeaturesWithLineNumbers\",\"autoCompileOpts\",\"mochaOpts\",\"jasmineOpts\",\"cucumberOpts\",\"onPrepare\",\"onWorkerStart\",\"onWorkerEnd\",\"before\",\"beforeSession\",\"beforeSuite\",\"beforeHook\",\"beforeTest\",\"afterTest\",\"afterHook\",\"afterSuite\",\"afterSession\",\"after\",\"onComplete\",\"beforeAssertion\",\"afterAssertion\",\"beforeFeature\",\"beforeScenario\",\"beforeStep\",\"afterStep\",\"afterScenario\",\"afterFeature\",\"_\",\"suite\",\"$0\",\"ignoredWorkerServices\",\"wdi5\"]"}]}
COMMAND: POST /session/a6227829479fbf21341f4434e8015dec/execute/async - {"script":"<script> [21126 bytes]","args":[35000]}
RESULT: {"script":"<script> [21126 bytes]","args":[35000]}
COMMAND: POST /session/a6227829479fbf21341f4434e8015dec/window/maximize - {}
RESULT: {}
COMMAND: POST /session/a6227829479fbf21341f4434e8015dec/execute/async - {"script":"<script> [1562 bytes]","args":[{"selector":{"id":"shell-header","interaction":{"idSuffix":"icon"}},"wdio_ui5_key":"shellheader"}]}
COMMAND: GET /session/a6227829479fbf21341f4434e8015dec/screenshot - {}
RESULT: {"script":"<script> [1562 bytes]","args":[{"selector":{"id":"shell-header","interaction":{"idSuffix":"icon"}},"wdio_ui5_key":"shellheader"}]}
RESULT: undefined
COMMAND: POST /session/a6227829479fbf21341f4434e8015dec/refresh - {}
RESULT: {}
RESULT: {}
COMMAND: GET /session/a6227829479fbf21341f4434e8015dec/screenshot - {}
RESULT: {}
COMMAND: POST /session/a6227829479fbf21341f4434e8015dec/refresh - {}
RESULT: {}
COMMAND: GET /session/a6227829479fbf21341f4434e8015dec/screenshot - {}
RESULT: {}
COMMAND: POST /session/a6227829479fbf21341f4434e8015dec/window/fullscreen - {}
RESULT: {}
COMMAND: POST /session/a6227829479fbf21341f4434e8015dec/execute/async - {"script":"<script> [189 bytes]","args":[]}
RESULT: {"script":"<script> [189 bytes]","args":[]}
COMMAND: POST /session/a6227829479fbf21341f4434e8015dec/execute/async - {"script":"<script> [123 bytes]","args":[]}
RESULT: {"script":"<script> [123 bytes]","args":[]}
COMMAND: POST /session/a6227829479fbf21341f4434e8015dec/timeouts - {"script":"<number>"}
RESULT: {"script":"<number>"}
COMMAND: GET /session/a6227829479fbf21341f4434e8015dec/timeouts - {}
RESULT: {}
RESULT: undefined
COMMAND: POST /session/a6227829479fbf21341f4434e8015dec/execute/async - {"script":"<script> [2676 bytes]","args":[]}
RESULT: {"script":"<script> [2676 bytes]","args":[]}
COMMAND: POST /session/a6227829479fbf21341f4434e8015dec/execute/async - {"script":"<script> [2342 bytes]","args":[{"protocol":"http","hostname":"0.0.0.0","path":"/","capabilities":{"browserName":"chrome","goog:chromeOptions":{"binary":"C:\\Program Files\\Google\\Chrome\\Application\\chrome.exe","args":["--start-maximized"]}},"logLevel":"warn","connectionRetryTimeout":120000,"connectionRetryCount":3,"logLevels":{},"enableDirectConnect":true,"strictSSL":true,"_":"65 more keys: [\"cacheDir\",\"port\",\"requestedCapabilities\",\"automationProtocol\",\"baseUrl\",\"waitforInterval\",\"waitforTimeout\",\"onReload\",\"beforeCommand\",\"afterCommand\",\"rootDir\",\"specs\",\"suites\",\"exclude\",\"groupLogsByTestSpec\",\"excludeDriverLogs\",\"bail\",\"framework\",\"reporters\",\"services\",\"maxInstances\",\"maxInstancesPerCapability\",\"injectGlobals\",\"filesToWatch\",\"execArgv\",\"runnerEnv\",\"runner\",\"shard\",\"specFileRetries\",\"specFileRetriesDelay\",\"specFileRetriesDeferred\",\"reporterSyncInterval\",\"reporterSyncTimeout\",\"cucumberFeaturesWithLineNumbers\",\"autoCompileOpts\",\"mochaOpts\",\"jasmineOpts\",\"cucumberOpts\",\"onPrepare\",\"onWorkerStart\",\"onWorkerEnd\",\"before\",\"beforeSession\",\"beforeSuite\",\"beforeHook\",\"beforeTest\",\"afterTest\",\"afterHook\",\"afterSuite\",\"afterSession\",\"after\",\"onComplete\",\"beforeAssertion\",\"afterAssertion\",\"beforeFeature\",\"beforeScenario\",\"beforeStep\",\"afterStep\",\"afterScenario\",\"afterFeature\",\"_\",\"suite\",\"$0\",\"ignoredWorkerServices\",\"wdi5\"]"}]}
RESULT: {"script":"<script> [2342 bytes]","args":[{"protocol":"http","hostname":"0.0.0.0","path":"/","capabilities":{"browserName":"chrome","goog:chromeOptions":{"binary":"C:\\Program Files\\Google\\Chrome\\Application\\chrome.exe","args":["--start-maximized"]}},"logLevel":"warn","connectionRetryTimeout":120000,"connectionRetryCount":3,"logLevels":{},"enableDirectConnect":true,"strictSSL":true,"_":"65 more keys: [\"cacheDir\",\"port\",\"requestedCapabilities\",\"automationProtocol\",\"baseUrl\",\"waitforInterval\",\"waitforTimeout\",\"onReload\",\"beforeCommand\",\"afterCommand\",\"rootDir\",\"specs\",\"suites\",\"exclude\",\"groupLogsByTestSpec\",\"excludeDriverLogs\",\"bail\",\"framework\",\"reporters\",\"services\",\"maxInstances\",\"maxInstancesPerCapability\",\"injectGlobals\",\"filesToWatch\",\"execArgv\",\"runnerEnv\",\"runner\",\"shard\",\"specFileRetries\",\"specFileRetriesDelay\",\"specFileRetriesDeferred\",\"reporterSyncInterval\",\"reporterSyncTimeout\",\"cucumberFeaturesWithLineNumbers\",\"autoCompileOpts\",\"mochaOpts\",\"jasmineOpts\",\"cucumberOpts\",\"onPrepare\",\"onWorkerStart\",\"onWorkerEnd\",\"before\",\"beforeSession\",\"beforeSuite\",\"beforeHook\",\"beforeTest\",\"afterTest\",\"afterHook\",\"afterSuite\",\"afterSession\",\"after\",\"onComplete\",\"beforeAssertion\",\"afterAssertion\",\"beforeFeature\",\"beforeScenario\",\"beforeStep\",\"afterStep\",\"afterScenario\",\"afterFeature\",\"_\",\"suite\",\"$0\",\"ignoredWorkerServices\",\"wdi5\"]"}]}
COMMAND: POST /session/a6227829479fbf21341f4434e8015dec/execute/async - {"script":"<script> [21126 bytes]","args":[35000]}
RESULT: {"script":"<script> [21126 bytes]","args":[35000]}
]]></system-out>
    </testcase>
  </testsuite>
  <testsuite timestamp="2025-05-21T17:06:33" time="116.059" tests="3" failures="0" errors="0" skipped="0">
    <properties>
      <property name="specId" value="0"/>
      <property name="suiteName" value="Set up pricing rule(OT) 104624"/>
      <property name="capabilities" value="chrome.136_0_7103_93.windows"/>
      <property name="file" value="file:///D:/a/1/s/test/specs/BTS/create-pricing-rule.spec.js"/>
    </properties>
    <testcase classname="chrome.136_0_7103_93.windows.Set_up_pricing_rule(OT)_104624" name="Should create a new yard used for all following tests" time="0.019">
      <system-out><![CDATA[
COMMAND: POST /session/a6227829479fbf21341f4434e8015dec/window/fullscreen - {}
RESULT: {}
]]></system-out>
    </testcase>
    <testcase classname="chrome.136_0_7103_93.windows.Set_up_pricing_rule(OT)_104624" name="Should create a new equipment used for all following tests" time="0.004"/>
    <testcase classname="chrome.136_0_7103_93.windows.Set_up_pricing_rule(OT)_104624" name="Should create new pricing rule on the created resource from earlier module or above" time="66.16">
      <system-out><![CDATA[
COMMAND: POST /session/a6227829479fbf21341f4434e8015dec/execute/async - {"script":"<script> [1562 bytes]","args":[{"selector":{"controlType":"sap.m.GenericTile","properties":{"header":"Manage Pricing Rules"}},"wdio_ui5_key":"sapm.GenericTile{\"header\":\"Manage Pricing Rules\"}"}]}
RESULT: {"script":"<script> [1562 bytes]","args":[{"selector":{"controlType":"sap.m.GenericTile","properties":{"header":"Manage Pricing Rules"}},"wdio_ui5_key":"sapm.GenericTile{\"header\":\"Manage Pricing Rules\"}"}]}
RESULT: undefined
COMMAND: POST /session/a6227829479fbf21341f4434e8015dec/element - {"using":"xpath","value":"//*[@id=\"__tile55\"]"}
RESULT: {"using":"xpath","value":"//*[@id=\"__tile55\"]"}
COMMAND: POST /session/a6227829479fbf21341f4434e8015dec/element/f.5FEBA03D879F6DDA3804D407047E73A7.d.7C63E77C68785462A76BDA580F133F0A.e.2395/click - {}
RESULT: {}
COMMAND: GET /session/a6227829479fbf21341f4434e8015dec/screenshot - {}
RESULT: {}
COMMAND: POST /session/a6227829479fbf21341f4434e8015dec/elements - {"using":"xpath","value":"//span[text()='Error']"}
RESULT: {"using":"xpath","value":"//span[text()='Error']"}
COMMAND: POST /session/a6227829479fbf21341f4434e8015dec/execute/async - {"script":"<script> [1562 bytes]","args":[{"selector":{"controlType":"sap.ui.core.Icon","viewName":"etm.portal.ui.managepricingrules.view.MasterHeader","viewId":"application-managepricingrules-display-component---priceInfoHeader","properties":{"src":{"regex":{"source":"activity\\-items"}}}},"wdio_ui5_key":"etmportal.ui.managepricingrules.view.MasterHeadersap.ui.core.Icon{\"src\":{\"regex\":{\"source\":\"activity\\\\-items\"}}}"}]}
RESULT: {"script":"<script> [1562 bytes]","args":[{"selector":{"controlType":"sap.ui.core.Icon","viewName":"etm.portal.ui.managepricingrules.view.MasterHeader","viewId":"application-managepricingrules-display-component---priceInfoHeader","properties":{"src":{"regex":{"source":"activity\\-items"}}}},"wdio_ui5_key":"etmportal.ui.managepricingrules.view.MasterHeadersap.ui.core.Icon{\"src\":{\"regex\":{\"source\":\"activity\\\\-items\"}}}"}]}
RESULT: undefined
COMMAND: POST /session/a6227829479fbf21341f4434e8015dec/element - {"using":"xpath","value":"//*[@id=\"__filter1-icon\"]"}
RESULT: {"using":"xpath","value":"//*[@id=\"__filter1-icon\"]"}
COMMAND: POST /session/a6227829479fbf21341f4434e8015dec/element/f.5FEBA03D879F6DDA3804D407047E73A7.d.7C63E77C68785462A76BDA580F133F0A.e.2450/click - {}
RESULT: {}
COMMAND: GET /session/a6227829479fbf21341f4434e8015dec/screenshot - {}
RESULT: {}
COMMAND: POST /session/a6227829479fbf21341f4434e8015dec/element - {"using":"xpath","value":"//button[@data-kt=\"addButton\"]"}
RESULT: {"using":"xpath","value":"//button[@data-kt=\"addButton\"]"}
COMMAND: POST /session/a6227829479fbf21341f4434e8015dec/elements - {"using":"xpath","value":"//button[@data-kt=\"addButton\"]"}
RESULT: {"using":"xpath","value":"//button[@data-kt=\"addButton\"]"}
COMMAND: POST /session/a6227829479fbf21341f4434e8015dec/execute/sync - {"script":"<script> [8489 bytes]","args":[{"element-6066-11e4-a52e-4f735466cecf":"f.5FEBA03D879F6DDA3804D407047E73A7.d.7C63E77C68785462A76BDA580F133F0A.e.2499","ELEMENT":"f.5FEBA03D879F6DDA3804D407047E73A7.d.7C63E77C68785462A76BDA580F133F0A.e.2499"}]}
RESULT: {"script":"<script> [8489 bytes]","args":[{"element-6066-11e4-a52e-4f735466cecf":"f.5FEBA03D879F6DDA3804D407047E73A7.d.7C63E77C68785462A76BDA580F133F0A.e.2499","ELEMENT":"f.5FEBA03D879F6DDA3804D407047E73A7.d.7C63E77C68785462A76BDA580F133F0A.e.2499"}]}
COMMAND: GET /session/a6227829479fbf21341f4434e8015dec/element/f.5FEBA03D879F6DDA3804D407047E73A7.d.7C63E77C68785462A76BDA580F133F0A.e.2499/enabled - {}
COMMAND: GET /session/a6227829479fbf21341f4434e8015dec/screenshot - {}
RESULT: {}
COMMAND: POST /session/a6227829479fbf21341f4434e8015dec/execute/sync - {"script":"<script> [8489 bytes]","args":[{"element-6066-11e4-a52e-4f735466cecf":"f.5FEBA03D879F6DDA3804D407047E73A7.d.7C63E77C68785462A76BDA580F133F0A.e.2499","ELEMENT":"f.5FEBA03D879F6DDA3804D407047E73A7.d.7C63E77C68785462A76BDA580F133F0A.e.2499"}]}
COMMAND: GET /session/a6227829479fbf21341f4434e8015dec/screenshot - {}
RESULT: {}
RESULT: {"script":"<script> [8489 bytes]","args":[{"element-6066-11e4-a52e-4f735466cecf":"f.5FEBA03D879F6DDA3804D407047E73A7.d.7C63E77C68785462A76BDA580F133F0A.e.2499","ELEMENT":"f.5FEBA03D879F6DDA3804D407047E73A7.d.7C63E77C68785462A76BDA580F133F0A.e.2499"}]}
COMMAND: POST /session/a6227829479fbf21341f4434e8015dec/execute/sync - {"script":"<script> [5351 bytes]","args":[{"element-6066-11e4-a52e-4f735466cecf":"f.5FEBA03D879F6DDA3804D407047E73A7.d.7C63E77C68785462A76BDA580F133F0A.e.2499","ELEMENT":"f.5FEBA03D879F6DDA3804D407047E73A7.d.7C63E77C68785462A76BDA580F133F0A.e.2499"}]}
COMMAND: GET /session/a6227829479fbf21341f4434e8015dec/screenshot - {}
RESULT: {}
RESULT: {"script":"<script> [5351 bytes]","args":[{"element-6066-11e4-a52e-4f735466cecf":"f.5FEBA03D879F6DDA3804D407047E73A7.d.7C63E77C68785462A76BDA580F133F0A.e.2499","ELEMENT":"f.5FEBA03D879F6DDA3804D407047E73A7.d.7C63E77C68785462A76BDA580F133F0A.e.2499"}]}
COMMAND: POST /session/a6227829479fbf21341f4434e8015dec/element/f.5FEBA03D879F6DDA3804D407047E73A7.d.7C63E77C68785462A76BDA580F133F0A.e.2499/click - {}
COMMAND: GET /session/a6227829479fbf21341f4434e8015dec/screenshot - {}
RESULT: {}
RESULT: {}
COMMAND: GET /session/a6227829479fbf21341f4434e8015dec/screenshot - {}
RESULT: {}
RESULT: {}
COMMAND: POST /session/a6227829479fbf21341f4434e8015dec/execute/async - {"script":"<script> [1562 bytes]","args":[{"selector":{"controlType":"sap.m.Title","viewName":"etm.portal.ui.managepricingrules.view.NewItem","viewId":"application-managepricingrules-display-component---newInfoPriceItem","properties":{"text":"New Pricing Rules - Item Level"}},"wdio_ui5_key":"etmportal.ui.managepricingrules.view.NewItemsap.m.Title{\"text\":\"New Pricing Rules - Item Level\"}"}]}
RESULT: {"script":"<script> [1562 bytes]","args":[{"selector":{"controlType":"sap.m.Title","viewName":"etm.portal.ui.managepricingrules.view.NewItem","viewId":"application-managepricingrules-display-component---newInfoPriceItem","properties":{"text":"New Pricing Rules - Item Level"}},"wdio_ui5_key":"etmportal.ui.managepricingrules.view.NewItemsap.m.Title{\"text\":\"New Pricing Rules - Item Level\"}"}]}
RESULT: undefined
COMMAND: POST /session/a6227829479fbf21341f4434e8015dec/execute/async - {"script":"<script> [6424 bytes]","args":[{"element-6066-11e4-a52e-4f735466cecf":"f.5FEBA03D879F6DDA3804D407047E73A7.d.7C63E77C68785462A76BDA580F133F0A.e.2780"},"getText",[]]}
RESULT: {"script":"<script> [6424 bytes]","args":[{"element-6066-11e4-a52e-4f735466cecf":"f.5FEBA03D879F6DDA3804D407047E73A7.d.7C63E77C68785462A76BDA580F133F0A.e.2780"},"getText",[]]}
COMMAND: POST /session/a6227829479fbf21341f4434e8015dec/execute/async - {"script":"<script> [1562 bytes]","args":[{"selector":{"id":"application-managepricingrules-display-component---newInfoPriceItem--condValidTo","interaction":{"idSuffix":"inner"}},"wdio_ui5_key":"applicationmanagepricingrules-display-component---newInfoPriceItem--condValidTo"}]}
RESULT: {"script":"<script> [1562 bytes]","args":[{"selector":{"id":"application-managepricingrules-display-component---newInfoPriceItem--condValidTo","interaction":{"idSuffix":"inner"}},"wdio_ui5_key":"applicationmanagepricingrules-display-component---newInfoPriceItem--condValidTo"}]}
RESULT: undefined
COMMAND: POST /session/a6227829479fbf21341f4434e8015dec/execute/async - {"script":"<script> [776 bytes]","args":[{"enterText":"1/21/26","selector":{"id":"application-managepricingrules-display-component---newInfoPriceItem--condValidTo","interaction":{"idSuffix":"inner"}},"clearTextFirst":true,"interactionType":"ENTER_TEXT"}]}
RESULT: {"script":"<script> [776 bytes]","args":[{"enterText":"1/21/26","selector":{"id":"application-managepricingrules-display-component---newInfoPriceItem--condValidTo","interaction":{"idSuffix":"inner"}},"clearTextFirst":true,"interactionType":"ENTER_TEXT"}]}
COMMAND: POST /session/a6227829479fbf21341f4434e8015dec/element - {"using":"xpath","value":"//input[@id=\"application-managepricingrules-display-component---newInfoPriceItem--condRU-inner\"]"}
RESULT: {"using":"xpath","value":"//input[@id=\"application-managepricingrules-display-component---newInfoPriceItem--condRU-inner\"]"}
COMMAND: POST /session/a6227829479fbf21341f4434e8015dec/element/f.5FEBA03D879F6DDA3804D407047E73A7.d.7C63E77C68785462A76BDA580F133F0A.e.2750/clear - {}
RESULT: {}
COMMAND: POST /session/a6227829479fbf21341f4434e8015dec/element/f.5FEBA03D879F6DDA3804D407047E73A7.d.7C63E77C68785462A76BDA580F133F0A.e.2750/value - {"text":"aGxkF6F6TK"}
COMMAND: GET /session/a6227829479fbf21341f4434e8015dec/screenshot - {}
RESULT: {"text":"aGxkF6F6TK"}
COMMAND: GET /session/a6227829479fbf21341f4434e8015dec/screenshot - {}
RESULT: {}
RESULT: {}
COMMAND: POST /session/a6227829479fbf21341f4434e8015dec/execute/async - {"script":"<script> [1562 bytes]","args":[{"selector":{"id":"application-managepricingrules-display-component---newInfoPriceItem--billType-arrow"},"wdio_ui5_key":"applicationmanagepricingrules-display-component---newInfoPriceItem--billType-arrow"}]}
RESULT: {"script":"<script> [1562 bytes]","args":[{"selector":{"id":"application-managepricingrules-display-component---newInfoPriceItem--billType-arrow"},"wdio_ui5_key":"applicationmanagepricingrules-display-component---newInfoPriceItem--billType-arrow"}]}
RESULT: undefined
COMMAND: POST /session/a6227829479fbf21341f4434e8015dec/element - {"using":"xpath","value":"//*[@id=\"application-managepricingrules-display-component---newInfoPriceItem--billType-arrow\"]"}
RESULT: {"using":"xpath","value":"//*[@id=\"application-managepricingrules-display-component---newInfoPriceItem--billType-arrow\"]"}
COMMAND: POST /session/a6227829479fbf21341f4434e8015dec/element/f.5FEBA03D879F6DDA3804D407047E73A7.d.7C63E77C68785462A76BDA580F133F0A.e.2837/click - {}
RESULT: {}
COMMAND: POST /session/a6227829479fbf21341f4434e8015dec/element - {"using":"xpath","value":"//span[contains(text(), \"OT - Sales (one-time)\")]"}
COMMAND: GET /session/a6227829479fbf21341f4434e8015dec/screenshot - {}
RESULT: {"using":"xpath","value":"//span[contains(text(), \"OT - Sales (one-time)\")]"}
COMMAND: POST /session/a6227829479fbf21341f4434e8015dec/element/f.5FEBA03D879F6DDA3804D407047E73A7.d.7C63E77C68785462A76BDA580F133F0A.e.2887/click - {}
RESULT: {}
RESULT: {}
COMMAND: POST /session/a6227829479fbf21341f4434e8015dec/execute/async - {"script":"<script> [1562 bytes]","args":[{"selector":{"id":"application-managepricingrules-display-component---newInfoPriceItem--priceProc-arrow"},"wdio_ui5_key":"applicationmanagepricingrules-display-component---newInfoPriceItem--priceProc-arrow"}]}
COMMAND: GET /session/a6227829479fbf21341f4434e8015dec/screenshot - {}
RESULT: {"script":"<script> [1562 bytes]","args":[{"selector":{"id":"application-managepricingrules-display-component---newInfoPriceItem--priceProc-arrow"},"wdio_ui5_key":"applicationmanagepricingrules-display-component---newInfoPriceItem--priceProc-arrow"}]}
RESULT: undefined
COMMAND: POST /session/a6227829479fbf21341f4434e8015dec/element - {"using":"xpath","value":"//*[@id=\"application-managepricingrules-display-component---newInfoPriceItem--priceProc-arrow\"]"}
RESULT: {}
RESULT: {"using":"xpath","value":"//*[@id=\"application-managepricingrules-display-component---newInfoPriceItem--priceProc-arrow\"]"}
COMMAND: POST /session/a6227829479fbf21341f4434e8015dec/element/f.5FEBA03D879F6DDA3804D407047E73A7.d.7C63E77C68785462A76BDA580F133F0A.e.2844/click - {}
RESULT: {}
COMMAND: POST /session/a6227829479fbf21341f4434e8015dec/element - {"using":"xpath","value":"//span[contains(text(), \"MAT - Material\")]"}
COMMAND: GET /session/a6227829479fbf21341f4434e8015dec/screenshot - {}
RESULT: {"using":"xpath","value":"//span[contains(text(), \"MAT - Material\")]"}
COMMAND: POST /session/a6227829479fbf21341f4434e8015dec/element/f.5FEBA03D879F6DDA3804D407047E73A7.d.7C63E77C68785462A76BDA580F133F0A.e.2888/click - {}
RESULT: {}
RESULT: {}
COMMAND: POST /session/a6227829479fbf21341f4434e8015dec/execute/async - {"script":"<script> [1562 bytes]","args":[{"selector":{"id":"application-managepricingrules-display-component---newInfoPriceItem--calcBase-arrow"},"wdio_ui5_key":"applicationmanagepricingrules-display-component---newInfoPriceItem--calcBase-arrow"}]}
COMMAND: GET /session/a6227829479fbf21341f4434e8015dec/screenshot - {}
RESULT: {"script":"<script> [1562 bytes]","args":[{"selector":{"id":"application-managepricingrules-display-component---newInfoPriceItem--calcBase-arrow"},"wdio_ui5_key":"applicationmanagepricingrules-display-component---newInfoPriceItem--calcBase-arrow"}]}
RESULT: undefined
COMMAND: POST /session/a6227829479fbf21341f4434e8015dec/element - {"using":"xpath","value":"//*[@id=\"application-managepricingrules-display-component---newInfoPriceItem--calcBase-arrow\"]"}
RESULT: {}
RESULT: {"using":"xpath","value":"//*[@id=\"application-managepricingrules-display-component---newInfoPriceItem--calcBase-arrow\"]"}
COMMAND: POST /session/a6227829479fbf21341f4434e8015dec/element/f.5FEBA03D879F6DDA3804D407047E73A7.d.7C63E77C68785462A76BDA580F133F0A.e.2851/click - {}
RESULT: {}
COMMAND: GET /session/a6227829479fbf21341f4434e8015dec/screenshot - {}
RESULT: {}
COMMAND: POST /session/a6227829479fbf21341f4434e8015dec/element - {"using":"xpath","value":"//span[contains(text(), \"0001 - TB(exact month + cal_days)\")]"}
RESULT: {"using":"xpath","value":"//span[contains(text(), \"0001 - TB(exact month + cal_days)\")]"}
COMMAND: POST /session/a6227829479fbf21341f4434e8015dec/element/f.5FEBA03D879F6DDA3804D407047E73A7.d.7C63E77C68785462A76BDA580F133F0A.e.2889/click - {}
RESULT: {}
COMMAND: GET /session/a6227829479fbf21341f4434e8015dec/screenshot - {}
RESULT: {}
COMMAND: POST /session/a6227829479fbf21341f4434e8015dec/element - {"using":"xpath","value":"//button[@data-kt=\"saveNewRuleButton\"]"}
RESULT: {"using":"xpath","value":"//button[@data-kt=\"saveNewRuleButton\"]"}
COMMAND: POST /session/a6227829479fbf21341f4434e8015dec/element/f.5FEBA03D879F6DDA3804D407047E73A7.d.7C63E77C68785462A76BDA580F133F0A.e.2872/click - {}
RESULT: {}
COMMAND: GET /session/a6227829479fbf21341f4434e8015dec/screenshot - {}
RESULT: {}
COMMAND: POST /session/a6227829479fbf21341f4434e8015dec/execute/async - {"script":"<script> [1562 bytes]","args":[{"selector":{"id":"application-managepricingrules-display-component---priceInfoItem--smartFilterBar-btnBasicSearch","interaction":{"idSuffix":"I"}},"wdio_ui5_key":"applicationmanagepricingrules-display-component---priceInfoItem--smartFilterBar-btnBasicSearch"}]}
RESULT: {"script":"<script> [1562 bytes]","args":[{"selector":{"id":"application-managepricingrules-display-component---priceInfoItem--smartFilterBar-btnBasicSearch","interaction":{"idSuffix":"I"}},"wdio_ui5_key":"applicationmanagepricingrules-display-component---priceInfoItem--smartFilterBar-btnBasicSearch"}]}
RESULT: undefined
COMMAND: POST /session/a6227829479fbf21341f4434e8015dec/execute/async - {"script":"<script> [776 bytes]","args":[{"enterText":"aGxkF6F6TK","selector":{"id":"application-managepricingrules-display-component---priceInfoItem--smartFilterBar-btnBasicSearch","interaction":{"idSuffix":"I"}},"clearTextFirst":true,"interactionType":"ENTER_TEXT"}]}
RESULT: {"script":"<script> [776 bytes]","args":[{"enterText":"aGxkF6F6TK","selector":{"id":"application-managepricingrules-display-component---priceInfoItem--smartFilterBar-btnBasicSearch","interaction":{"idSuffix":"I"}},"clearTextFirst":true,"interactionType":"ENTER_TEXT"}]}
COMMAND: POST /session/a6227829479fbf21341f4434e8015dec/actions - {"actions":[{"id":"action10","type":"key","parameters":{},"actions":[{"type":"keyDown","value":""},{"type":"pause","duration":10},{"type":"keyUp","value":""}]}]}
RESULT: {"actions":[{"id":"action10","type":"key","parameters":{},"actions":[{"type":"keyDown","value":""},{"type":"pause","duration":10},{"type":"keyUp","value":""}]}]}
COMMAND: GET /session/a6227829479fbf21341f4434e8015dec/screenshot - {}
RESULT: {}
COMMAND: POST /session/a6227829479fbf21341f4434e8015dec/element - {"using":"xpath","value":"//span[@id=\"application-managepricingrules-display-component---priceInfoItem--smartTable-header-inner\"]"}
RESULT: {"using":"xpath","value":"//span[@id=\"application-managepricingrules-display-component---priceInfoItem--smartTable-header-inner\"]"}
COMMAND: POST /session/a6227829479fbf21341f4434e8015dec/elements - {"using":"xpath","value":"//span[@id=\"application-managepricingrules-display-component---priceInfoItem--smartTable-header-inner\"]"}
RESULT: {"using":"xpath","value":"//span[@id=\"application-managepricingrules-display-component---priceInfoItem--smartTable-header-inner\"]"}
COMMAND: POST /session/a6227829479fbf21341f4434e8015dec/execute/sync - {"script":"<script> [56 bytes]","args":[{"element-6066-11e4-a52e-4f735466cecf":"f.5FEBA03D879F6DDA3804D407047E73A7.d.7C63E77C68785462A76BDA580F133F0A.e.2929","ELEMENT":"f.5FEBA03D879F6DDA3804D407047E73A7.d.7C63E77C68785462A76BDA580F133F0A.e.2929"}]}
RESULT: {"script":"<script> [56 bytes]","args":[{"element-6066-11e4-a52e-4f735466cecf":"f.5FEBA03D879F6DDA3804D407047E73A7.d.7C63E77C68785462A76BDA580F133F0A.e.2929","ELEMENT":"f.5FEBA03D879F6DDA3804D407047E73A7.d.7C63E77C68785462A76BDA580F133F0A.e.2929"}]}
COMMAND: POST /session/a6227829479fbf21341f4434e8015dec/element - {"using":"css selector","value":"#shell-header-logo"}
COMMAND: GET /session/a6227829479fbf21341f4434e8015dec/screenshot - {}
RESULT: {"using":"css selector","value":"#shell-header-logo"}
COMMAND: POST /session/a6227829479fbf21341f4434e8015dec/element/f.5FEBA03D879F6DDA3804D407047E73A7.d.7C63E77C68785462A76BDA580F133F0A.e.2401/click - {}
RESULT: {}
RESULT: {}
COMMAND: GET /session/a6227829479fbf21341f4434e8015dec/screenshot - {}
RESULT: {}
COMMAND: POST /session/a6227829479fbf21341f4434e8015dec/element - {"using":"css selector","value":"#j_username"}
COMMAND: POST /session/a6227829479fbf21341f4434e8015dec/url - {"url":"https://qa-testing-00-live-etm-ui.cfapps.eu10-004.hana.ondemand.com/"}
RESULT: {"using":"css selector","value":"#j_username"}
COMMAND: POST /session/a6227829479fbf21341f4434e8015dec/element - {"using":"css selector","value":"#j_username"}
RESULT: {"url":"https://qa-testing-00-live-etm-ui.cfapps.eu10-004.hana.ondemand.com/"}
RESULT: undefined
COMMAND: GET /session/a6227829479fbf21341f4434e8015dec/screenshot - {}
RESULT: {"using":"css selector","value":"#j_username"}
COMMAND: POST /session/a6227829479fbf21341f4434e8015dec/element - {"using":"css selector","value":"#shell-header-logo"}
RESULT: {}
RESULT: {"using":"css selector","value":"#shell-header-logo"}
COMMAND: POST /session/a6227829479fbf21341f4434e8015dec/execute/sync - {"script":"<script> [8489 bytes]","args":[{"element-6066-11e4-a52e-4f735466cecf":"f.5FEBA03D879F6DDA3804D407047E73A7.d.7CC9009A421956B73EA60EECA05943E8.e.2938","ELEMENT":"f.5FEBA03D879F6DDA3804D407047E73A7.d.7CC9009A421956B73EA60EECA05943E8.e.2938"}]}
RESULT: {"script":"<script> [8489 bytes]","args":[{"element-6066-11e4-a52e-4f735466cecf":"f.5FEBA03D879F6DDA3804D407047E73A7.d.7CC9009A421956B73EA60EECA05943E8.e.2938","ELEMENT":"f.5FEBA03D879F6DDA3804D407047E73A7.d.7CC9009A421956B73EA60EECA05943E8.e.2938"}]}
COMMAND: POST /session/a6227829479fbf21341f4434e8015dec/element - {"using":"css selector","value":"#shell-header-logo"}
COMMAND: GET /session/a6227829479fbf21341f4434e8015dec/screenshot - {}
RESULT: {"using":"css selector","value":"#shell-header-logo"}
COMMAND: POST /session/a6227829479fbf21341f4434e8015dec/execute/sync - {"script":"<script> [8489 bytes]","args":[{"element-6066-11e4-a52e-4f735466cecf":"f.5FEBA03D879F6DDA3804D407047E73A7.d.7CC9009A421956B73EA60EECA05943E8.e.2938","ELEMENT":"f.5FEBA03D879F6DDA3804D407047E73A7.d.7CC9009A421956B73EA60EECA05943E8.e.2938"}]}
RESULT: {}
RESULT: {"script":"<script> [8489 bytes]","args":[{"element-6066-11e4-a52e-4f735466cecf":"f.5FEBA03D879F6DDA3804D407047E73A7.d.7CC9009A421956B73EA60EECA05943E8.e.2938","ELEMENT":"f.5FEBA03D879F6DDA3804D407047E73A7.d.7CC9009A421956B73EA60EECA05943E8.e.2938"}]}
COMMAND: POST /session/a6227829479fbf21341f4434e8015dec/execute/sync - {"script":"<script> [5351 bytes]","args":[{"element-6066-11e4-a52e-4f735466cecf":"f.5FEBA03D879F6DDA3804D407047E73A7.d.7CC9009A421956B73EA60EECA05943E8.e.2938","ELEMENT":"f.5FEBA03D879F6DDA3804D407047E73A7.d.7CC9009A421956B73EA60EECA05943E8.e.2938"}]}
COMMAND: GET /session/a6227829479fbf21341f4434e8015dec/screenshot - {}
RESULT: {"script":"<script> [5351 bytes]","args":[{"element-6066-11e4-a52e-4f735466cecf":"f.5FEBA03D879F6DDA3804D407047E73A7.d.7CC9009A421956B73EA60EECA05943E8.e.2938","ELEMENT":"f.5FEBA03D879F6DDA3804D407047E73A7.d.7CC9009A421956B73EA60EECA05943E8.e.2938"}]}
COMMAND: POST /session/a6227829479fbf21341f4434e8015dec/element - {"using":"css selector","value":"#shell-header-logo"}
COMMAND: GET /session/a6227829479fbf21341f4434e8015dec/screenshot - {}
RESULT: {}
RESULT: {"using":"css selector","value":"#shell-header-logo"}
COMMAND: POST /session/a6227829479fbf21341f4434e8015dec/element/f.5FEBA03D879F6DDA3804D407047E73A7.d.7CC9009A421956B73EA60EECA05943E8.e.2938/click - {}
RESULT: {}
RESULT: {}
COMMAND: GET /session/a6227829479fbf21341f4434e8015dec/screenshot - {}
RESULT: {}
COMMAND: POST /session/a6227829479fbf21341f4434e8015dec/execute/async - {"script":"<script> [189 bytes]","args":[]}
RESULT: {"script":"<script> [189 bytes]","args":[]}
COMMAND: POST /session/a6227829479fbf21341f4434e8015dec/execute/async - {"script":"<script> [123 bytes]","args":[]}
RESULT: {"script":"<script> [123 bytes]","args":[]}
COMMAND: POST /session/a6227829479fbf21341f4434e8015dec/timeouts - {"script":"<number>"}
RESULT: {"script":"<number>"}
COMMAND: GET /session/a6227829479fbf21341f4434e8015dec/timeouts - {}
RESULT: {}
RESULT: undefined
COMMAND: POST /session/a6227829479fbf21341f4434e8015dec/execute/async - {"script":"<script> [2676 bytes]","args":[]}
RESULT: {"script":"<script> [2676 bytes]","args":[]}
COMMAND: POST /session/a6227829479fbf21341f4434e8015dec/execute/async - {"script":"<script> [2342 bytes]","args":[{"protocol":"http","hostname":"0.0.0.0","path":"/","capabilities":{"browserName":"chrome","goog:chromeOptions":{"binary":"C:\\Program Files\\Google\\Chrome\\Application\\chrome.exe","args":["--start-maximized"]}},"logLevel":"warn","connectionRetryTimeout":120000,"connectionRetryCount":3,"logLevels":{},"enableDirectConnect":true,"strictSSL":true,"_":"65 more keys: [\"cacheDir\",\"port\",\"requestedCapabilities\",\"automationProtocol\",\"baseUrl\",\"waitforInterval\",\"waitforTimeout\",\"onReload\",\"beforeCommand\",\"afterCommand\",\"rootDir\",\"specs\",\"suites\",\"exclude\",\"groupLogsByTestSpec\",\"excludeDriverLogs\",\"bail\",\"framework\",\"reporters\",\"services\",\"maxInstances\",\"maxInstancesPerCapability\",\"injectGlobals\",\"filesToWatch\",\"execArgv\",\"runnerEnv\",\"runner\",\"shard\",\"specFileRetries\",\"specFileRetriesDelay\",\"specFileRetriesDeferred\",\"reporterSyncInterval\",\"reporterSyncTimeout\",\"cucumberFeaturesWithLineNumbers\",\"autoCompileOpts\",\"mochaOpts\",\"jasmineOpts\",\"cucumberOpts\",\"onPrepare\",\"onWorkerStart\",\"onWorkerEnd\",\"before\",\"beforeSession\",\"beforeSuite\",\"beforeHook\",\"beforeTest\",\"afterTest\",\"afterHook\",\"afterSuite\",\"afterSession\",\"after\",\"onComplete\",\"beforeAssertion\",\"afterAssertion\",\"beforeFeature\",\"beforeScenario\",\"beforeStep\",\"afterStep\",\"afterScenario\",\"afterFeature\",\"_\",\"suite\",\"$0\",\"ignoredWorkerServices\",\"wdi5\"]"}]}
RESULT: {"script":"<script> [2342 bytes]","args":[{"protocol":"http","hostname":"0.0.0.0","path":"/","capabilities":{"browserName":"chrome","goog:chromeOptions":{"binary":"C:\\Program Files\\Google\\Chrome\\Application\\chrome.exe","args":["--start-maximized"]}},"logLevel":"warn","connectionRetryTimeout":120000,"connectionRetryCount":3,"logLevels":{},"enableDirectConnect":true,"strictSSL":true,"_":"65 more keys: [\"cacheDir\",\"port\",\"requestedCapabilities\",\"automationProtocol\",\"baseUrl\",\"waitforInterval\",\"waitforTimeout\",\"onReload\",\"beforeCommand\",\"afterCommand\",\"rootDir\",\"specs\",\"suites\",\"exclude\",\"groupLogsByTestSpec\",\"excludeDriverLogs\",\"bail\",\"framework\",\"reporters\",\"services\",\"maxInstances\",\"maxInstancesPerCapability\",\"injectGlobals\",\"filesToWatch\",\"execArgv\",\"runnerEnv\",\"runner\",\"shard\",\"specFileRetries\",\"specFileRetriesDelay\",\"specFileRetriesDeferred\",\"reporterSyncInterval\",\"reporterSyncTimeout\",\"cucumberFeaturesWithLineNumbers\",\"autoCompileOpts\",\"mochaOpts\",\"jasmineOpts\",\"cucumberOpts\",\"onPrepare\",\"onWorkerStart\",\"onWorkerEnd\",\"before\",\"beforeSession\",\"beforeSuite\",\"beforeHook\",\"beforeTest\",\"afterTest\",\"afterHook\",\"afterSuite\",\"afterSession\",\"after\",\"onComplete\",\"beforeAssertion\",\"afterAssertion\",\"beforeFeature\",\"beforeScenario\",\"beforeStep\",\"afterStep\",\"afterScenario\",\"afterFeature\",\"_\",\"suite\",\"$0\",\"ignoredWorkerServices\",\"wdi5\"]"}]}
COMMAND: POST /session/a6227829479fbf21341f4434e8015dec/execute/async - {"script":"<script> [21126 bytes]","args":[35000]}
RESULT: {"script":"<script> [21126 bytes]","args":[35000]}
COMMAND: POST /session/a6227829479fbf21341f4434e8015dec/window/maximize - {}
RESULT: {}
COMMAND: POST /session/a6227829479fbf21341f4434e8015dec/execute/async - {"script":"<script> [1562 bytes]","args":[{"selector":{"id":"shell-header","interaction":{"idSuffix":"icon"}},"wdio_ui5_key":"shellheader"}]}
COMMAND: GET /session/a6227829479fbf21341f4434e8015dec/screenshot - {}
RESULT: {"script":"<script> [1562 bytes]","args":[{"selector":{"id":"shell-header","interaction":{"idSuffix":"icon"}},"wdio_ui5_key":"shellheader"}]}
RESULT: undefined
COMMAND: POST /session/a6227829479fbf21341f4434e8015dec/refresh - {}
RESULT: {}
RESULT: {}
COMMAND: GET /session/a6227829479fbf21341f4434e8015dec/screenshot - {}
RESULT: {}
COMMAND: POST /session/a6227829479fbf21341f4434e8015dec/refresh - {}
RESULT: {}
COMMAND: GET /session/a6227829479fbf21341f4434e8015dec/screenshot - {}
RESULT: {}
COMMAND: POST /session/a6227829479fbf21341f4434e8015dec/window/fullscreen - {}
RESULT: {}
COMMAND: POST /session/a6227829479fbf21341f4434e8015dec/execute/async - {"script":"<script> [189 bytes]","args":[]}
RESULT: {"script":"<script> [189 bytes]","args":[]}
COMMAND: POST /session/a6227829479fbf21341f4434e8015dec/execute/async - {"script":"<script> [123 bytes]","args":[]}
RESULT: {"script":"<script> [123 bytes]","args":[]}
COMMAND: POST /session/a6227829479fbf21341f4434e8015dec/timeouts - {"script":"<number>"}
RESULT: {"script":"<number>"}
COMMAND: GET /session/a6227829479fbf21341f4434e8015dec/timeouts - {}
RESULT: {}
RESULT: undefined
COMMAND: POST /session/a6227829479fbf21341f4434e8015dec/execute/async - {"script":"<script> [2676 bytes]","args":[]}
RESULT: {"script":"<script> [2676 bytes]","args":[]}
COMMAND: POST /session/a6227829479fbf21341f4434e8015dec/execute/async - {"script":"<script> [2342 bytes]","args":[{"protocol":"http","hostname":"0.0.0.0","path":"/","capabilities":{"browserName":"chrome","goog:chromeOptions":{"binary":"C:\\Program Files\\Google\\Chrome\\Application\\chrome.exe","args":["--start-maximized"]}},"logLevel":"warn","connectionRetryTimeout":120000,"connectionRetryCount":3,"logLevels":{},"enableDirectConnect":true,"strictSSL":true,"_":"65 more keys: [\"cacheDir\",\"port\",\"requestedCapabilities\",\"automationProtocol\",\"baseUrl\",\"waitforInterval\",\"waitforTimeout\",\"onReload\",\"beforeCommand\",\"afterCommand\",\"rootDir\",\"specs\",\"suites\",\"exclude\",\"groupLogsByTestSpec\",\"excludeDriverLogs\",\"bail\",\"framework\",\"reporters\",\"services\",\"maxInstances\",\"maxInstancesPerCapability\",\"injectGlobals\",\"filesToWatch\",\"execArgv\",\"runnerEnv\",\"runner\",\"shard\",\"specFileRetries\",\"specFileRetriesDelay\",\"specFileRetriesDeferred\",\"reporterSyncInterval\",\"reporterSyncTimeout\",\"cucumberFeaturesWithLineNumbers\",\"autoCompileOpts\",\"mochaOpts\",\"jasmineOpts\",\"cucumberOpts\",\"onPrepare\",\"onWorkerStart\",\"onWorkerEnd\",\"before\",\"beforeSession\",\"beforeSuite\",\"beforeHook\",\"beforeTest\",\"afterTest\",\"afterHook\",\"afterSuite\",\"afterSession\",\"after\",\"onComplete\",\"beforeAssertion\",\"afterAssertion\",\"beforeFeature\",\"beforeScenario\",\"beforeStep\",\"afterStep\",\"afterScenario\",\"afterFeature\",\"_\",\"suite\",\"$0\",\"ignoredWorkerServices\",\"wdi5\"]"}]}
RESULT: {"script":"<script> [2342 bytes]","args":[{"protocol":"http","hostname":"0.0.0.0","path":"/","capabilities":{"browserName":"chrome","goog:chromeOptions":{"binary":"C:\\Program Files\\Google\\Chrome\\Application\\chrome.exe","args":["--start-maximized"]}},"logLevel":"warn","connectionRetryTimeout":120000,"connectionRetryCount":3,"logLevels":{},"enableDirectConnect":true,"strictSSL":true,"_":"65 more keys: [\"cacheDir\",\"port\",\"requestedCapabilities\",\"automationProtocol\",\"baseUrl\",\"waitforInterval\",\"waitforTimeout\",\"onReload\",\"beforeCommand\",\"afterCommand\",\"rootDir\",\"specs\",\"suites\",\"exclude\",\"groupLogsByTestSpec\",\"excludeDriverLogs\",\"bail\",\"framework\",\"reporters\",\"services\",\"maxInstances\",\"maxInstancesPerCapability\",\"injectGlobals\",\"filesToWatch\",\"execArgv\",\"runnerEnv\",\"runner\",\"shard\",\"specFileRetries\",\"specFileRetriesDelay\",\"specFileRetriesDeferred\",\"reporterSyncInterval\",\"reporterSyncTimeout\",\"cucumberFeaturesWithLineNumbers\",\"autoCompileOpts\",\"mochaOpts\",\"jasmineOpts\",\"cucumberOpts\",\"onPrepare\",\"onWorkerStart\",\"onWorkerEnd\",\"before\",\"beforeSession\",\"beforeSuite\",\"beforeHook\",\"beforeTest\",\"afterTest\",\"afterHook\",\"afterSuite\",\"afterSession\",\"after\",\"onComplete\",\"beforeAssertion\",\"afterAssertion\",\"beforeFeature\",\"beforeScenario\",\"beforeStep\",\"afterStep\",\"afterScenario\",\"afterFeature\",\"_\",\"suite\",\"$0\",\"ignoredWorkerServices\",\"wdi5\"]"}]}
COMMAND: POST /session/a6227829479fbf21341f4434e8015dec/execute/async - {"script":"<script> [21126 bytes]","args":[35000]}
RESULT: {"script":"<script> [21126 bytes]","args":[35000]}
]]></system-out>
    </testcase>
  </testsuite>
  <testsuite timestamp="2025-05-21T17:08:29" time="422.788" tests="6" failures="0" errors="0" skipped="0">
    <properties>
      <property name="specId" value="0"/>
      <property name="suiteName" value="Edit and delete daily price US134629 US134627"/>
      <property name="capabilities" value="chrome.136_0_7103_93.windows"/>
      <property name="file" value="file:///D:/a/1/s/test/specs/BTS/conditions-prices-daily-price.spec.js"/>
    </properties>
    <testcase classname="chrome.136_0_7103_93.windows.Edit_and_delete_daily_price_US134629_US134627" name="Should create a new yard used for all following tests" time="0.028">
      <system-out><![CDATA[
COMMAND: POST /session/a6227829479fbf21341f4434e8015dec/window/fullscreen - {}
RESULT: {}
]]></system-out>
    </testcase>
    <testcase classname="chrome.136_0_7103_93.windows.Edit_and_delete_daily_price_US134629_US134627" name="Should create a new partner" time="146.824">
      <system-out><![CDATA[
COMMAND: POST /session/a6227829479fbf21341f4434e8015dec/window/fullscreen - {}
RESULT: {}
COMMAND: POST /session/a6227829479fbf21341f4434e8015dec/execute/async - {"script":"<script> [1562 bytes]","args":[{"selector":{"controlType":"sap.m.GenericTile","properties":{"header":"Manage Partners"}},"wdio_ui5_key":"sapm.GenericTile{\"header\":\"Manage Partners\"}"}]}
RESULT: {"script":"<script> [1562 bytes]","args":[{"selector":{"controlType":"sap.m.GenericTile","properties":{"header":"Manage Partners"}},"wdio_ui5_key":"sapm.GenericTile{\"header\":\"Manage Partners\"}"}]}
RESULT: undefined
COMMAND: POST /session/a6227829479fbf21341f4434e8015dec/element - {"using":"xpath","value":"//*[@id=\"__tile38\"]"}
RESULT: {"using":"xpath","value":"//*[@id=\"__tile38\"]"}
COMMAND: POST /session/a6227829479fbf21341f4434e8015dec/element/f.5FEBA03D879F6DDA3804D407047E73A7.d.0E5D2ABB818736A53679B506FA641D12.e.3099/click - {}
RESULT: {}
COMMAND: GET /session/a6227829479fbf21341f4434e8015dec/screenshot - {}
RESULT: {}
COMMAND: POST /session/a6227829479fbf21341f4434e8015dec/elements - {"using":"xpath","value":"//span[text()='Error']"}
RESULT: {"using":"xpath","value":"//span[text()='Error']"}
COMMAND: POST /session/a6227829479fbf21341f4434e8015dec/element - {"using":"xpath","value":"//button[@data-kt=\"addButton\"]"}
RESULT: {"using":"xpath","value":"//button[@data-kt=\"addButton\"]"}
COMMAND: POST /session/a6227829479fbf21341f4434e8015dec/elements - {"using":"xpath","value":"//button[@data-kt=\"addButton\"]"}
RESULT: {"using":"xpath","value":"//button[@data-kt=\"addButton\"]"}
COMMAND: POST /session/a6227829479fbf21341f4434e8015dec/elements - {"using":"xpath","value":"//button[@data-kt=\"addButton\"]"}
RESULT: {"using":"xpath","value":"//button[@data-kt=\"addButton\"]"}
COMMAND: POST /session/a6227829479fbf21341f4434e8015dec/elements - {"using":"xpath","value":"//button[@data-kt=\"addButton\"]"}
RESULT: {"using":"xpath","value":"//button[@data-kt=\"addButton\"]"}
COMMAND: POST /session/a6227829479fbf21341f4434e8015dec/elements - {"using":"xpath","value":"//button[@data-kt=\"addButton\"]"}
RESULT: {"using":"xpath","value":"//button[@data-kt=\"addButton\"]"}
COMMAND: POST /session/a6227829479fbf21341f4434e8015dec/elements - {"using":"xpath","value":"//button[@data-kt=\"addButton\"]"}
RESULT: {"using":"xpath","value":"//button[@data-kt=\"addButton\"]"}
COMMAND: POST /session/a6227829479fbf21341f4434e8015dec/elements - {"using":"xpath","value":"//button[@data-kt=\"addButton\"]"}
RESULT: {"using":"xpath","value":"//button[@data-kt=\"addButton\"]"}
COMMAND: POST /session/a6227829479fbf21341f4434e8015dec/elements - {"using":"xpath","value":"//button[@data-kt=\"addButton\"]"}
RESULT: {"using":"xpath","value":"//button[@data-kt=\"addButton\"]"}
COMMAND: POST /session/a6227829479fbf21341f4434e8015dec/elements - {"using":"xpath","value":"//button[@data-kt=\"addButton\"]"}
RESULT: {"using":"xpath","value":"//button[@data-kt=\"addButton\"]"}
COMMAND: POST /session/a6227829479fbf21341f4434e8015dec/elements - {"using":"xpath","value":"//button[@data-kt=\"addButton\"]"}
RESULT: {"using":"xpath","value":"//button[@data-kt=\"addButton\"]"}
COMMAND: POST /session/a6227829479fbf21341f4434e8015dec/element - {"using":"xpath","value":"//button[@data-kt=\"addButton\"]"}
RESULT: {"using":"xpath","value":"//button[@data-kt=\"addButton\"]"}
COMMAND: POST /session/a6227829479fbf21341f4434e8015dec/execute/sync - {"script":"<script> [8489 bytes]","args":[{"element-6066-11e4-a52e-4f735466cecf":"f.5FEBA03D879F6DDA3804D407047E73A7.d.0E5D2ABB818736A53679B506FA641D12.e.3351","ELEMENT":"f.5FEBA03D879F6DDA3804D407047E73A7.d.0E5D2ABB818736A53679B506FA641D12.e.3351"}]}
RESULT: {"script":"<script> [8489 bytes]","args":[{"element-6066-11e4-a52e-4f735466cecf":"f.5FEBA03D879F6DDA3804D407047E73A7.d.0E5D2ABB818736A53679B506FA641D12.e.3351","ELEMENT":"f.5FEBA03D879F6DDA3804D407047E73A7.d.0E5D2ABB818736A53679B506FA641D12.e.3351"}]}
COMMAND: GET /session/a6227829479fbf21341f4434e8015dec/element/f.5FEBA03D879F6DDA3804D407047E73A7.d.0E5D2ABB818736A53679B506FA641D12.e.3351/enabled - {}
COMMAND: GET /session/a6227829479fbf21341f4434e8015dec/screenshot - {}
RESULT: {}
COMMAND: POST /session/a6227829479fbf21341f4434e8015dec/execute/sync - {"script":"<script> [8489 bytes]","args":[{"element-6066-11e4-a52e-4f735466cecf":"f.5FEBA03D879F6DDA3804D407047E73A7.d.0E5D2ABB818736A53679B506FA641D12.e.3351","ELEMENT":"f.5FEBA03D879F6DDA3804D407047E73A7.d.0E5D2ABB818736A53679B506FA641D12.e.3351"}]}
COMMAND: GET /session/a6227829479fbf21341f4434e8015dec/screenshot - {}
RESULT: {}
RESULT: {"script":"<script> [8489 bytes]","args":[{"element-6066-11e4-a52e-4f735466cecf":"f.5FEBA03D879F6DDA3804D407047E73A7.d.0E5D2ABB818736A53679B506FA641D12.e.3351","ELEMENT":"f.5FEBA03D879F6DDA3804D407047E73A7.d.0E5D2ABB818736A53679B506FA641D12.e.3351"}]}
COMMAND: POST /session/a6227829479fbf21341f4434e8015dec/execute/sync - {"script":"<script> [5351 bytes]","args":[{"element-6066-11e4-a52e-4f735466cecf":"f.5FEBA03D879F6DDA3804D407047E73A7.d.0E5D2ABB818736A53679B506FA641D12.e.3351","ELEMENT":"f.5FEBA03D879F6DDA3804D407047E73A7.d.0E5D2ABB818736A53679B506FA641D12.e.3351"}]}
COMMAND: GET /session/a6227829479fbf21341f4434e8015dec/screenshot - {}
RESULT: {}
RESULT: {"script":"<script> [5351 bytes]","args":[{"element-6066-11e4-a52e-4f735466cecf":"f.5FEBA03D879F6DDA3804D407047E73A7.d.0E5D2ABB818736A53679B506FA641D12.e.3351","ELEMENT":"f.5FEBA03D879F6DDA3804D407047E73A7.d.0E5D2ABB818736A53679B506FA641D12.e.3351"}]}
COMMAND: POST /session/a6227829479fbf21341f4434e8015dec/element/f.5FEBA03D879F6DDA3804D407047E73A7.d.0E5D2ABB818736A53679B506FA641D12.e.3351/click - {}
COMMAND: GET /session/a6227829479fbf21341f4434e8015dec/screenshot - {}
RESULT: {}
RESULT: {}
COMMAND: GET /session/a6227829479fbf21341f4434e8015dec/screenshot - {}
RESULT: {}
COMMAND: POST /session/a6227829479fbf21341f4434e8015dec/execute/async - {"script":"<script> [1562 bytes]","args":[{"selector":{"id":"application-managepartners-display-component---NewPartner--addressDetailDetailsName1","interaction":{"idSuffix":"inner"}},"wdio_ui5_key":"applicationmanagepartners-display-component---NewPartner--addressDetailDetailsName1"}]}
RESULT: {}
RESULT: {"script":"<script> [1562 bytes]","args":[{"selector":{"id":"application-managepartners-display-component---NewPartner--addressDetailDetailsName1","interaction":{"idSuffix":"inner"}},"wdio_ui5_key":"applicationmanagepartners-display-component---NewPartner--addressDetailDetailsName1"}]}
RESULT: undefined
COMMAND: POST /session/a6227829479fbf21341f4434e8015dec/execute/async - {"script":"<script> [776 bytes]","args":[{"enterText":"DailyPrice Partner WDIO","selector":{"id":"application-managepartners-display-component---NewPartner--addressDetailDetailsName1","interaction":{"idSuffix":"inner"}},"clearTextFirst":true,"interactionType":"ENTER_TEXT"}]}
RESULT: {"script":"<script> [776 bytes]","args":[{"enterText":"DailyPrice Partner WDIO","selector":{"id":"application-managepartners-display-component---NewPartner--addressDetailDetailsName1","interaction":{"idSuffix":"inner"}},"clearTextFirst":true,"interactionType":"ENTER_TEXT"}]}
COMMAND: POST /session/a6227829479fbf21341f4434e8015dec/execute/async - {"script":"<script> [1562 bytes]","args":[{"selector":{"id":"application-managepartners-display-component---NewPartner--addressDetailDetailsLanguage-arrow"},"wdio_ui5_key":"applicationmanagepartners-display-component---NewPartner--addressDetailDetailsLanguage-arrow"}]}
RESULT: {"script":"<script> [1562 bytes]","args":[{"selector":{"id":"application-managepartners-display-component---NewPartner--addressDetailDetailsLanguage-arrow"},"wdio_ui5_key":"applicationmanagepartners-display-component---NewPartner--addressDetailDetailsLanguage-arrow"}]}
RESULT: undefined
COMMAND: POST /session/a6227829479fbf21341f4434e8015dec/element - {"using":"xpath","value":"//*[@id=\"application-managepartners-display-component---NewPartner--addressDetailDetailsLanguage-arrow\"]"}
RESULT: {"using":"xpath","value":"//*[@id=\"application-managepartners-display-component---NewPartner--addressDetailDetailsLanguage-arrow\"]"}
COMMAND: POST /session/a6227829479fbf21341f4434e8015dec/element/f.5FEBA03D879F6DDA3804D407047E73A7.d.0E5D2ABB818736A53679B506FA641D12.e.3695/click - {}
RESULT: {}
COMMAND: POST /session/a6227829479fbf21341f4434e8015dec/element - {"using":"xpath","value":"//span[contains(text(), \"English\")]"}
COMMAND: GET /session/a6227829479fbf21341f4434e8015dec/screenshot - {}
RESULT: {"using":"xpath","value":"//span[contains(text(), \"English\")]"}
COMMAND: POST /session/a6227829479fbf21341f4434e8015dec/element/f.5FEBA03D879F6DDA3804D407047E73A7.d.0E5D2ABB818736A53679B506FA641D12.e.3696/click - {}
RESULT: {}
RESULT: {}
COMMAND: GET /session/a6227829479fbf21341f4434e8015dec/screenshot - {}
RESULT: {}
COMMAND: POST /session/a6227829479fbf21341f4434e8015dec/execute/async - {"script":"<script> [1562 bytes]","args":[{"selector":{"id":"application-managepartners-display-component---NewPartner--addressDetailDetailsCity1","interaction":{"idSuffix":"inner"}},"wdio_ui5_key":"applicationmanagepartners-display-component---NewPartner--addressDetailDetailsCity1"}]}
RESULT: {"script":"<script> [1562 bytes]","args":[{"selector":{"id":"application-managepartners-display-component---NewPartner--addressDetailDetailsCity1","interaction":{"idSuffix":"inner"}},"wdio_ui5_key":"applicationmanagepartners-display-component---NewPartner--addressDetailDetailsCity1"}]}
RESULT: undefined
COMMAND: POST /session/a6227829479fbf21341f4434e8015dec/execute/async - {"script":"<script> [776 bytes]","args":[{"enterText":"Rosario","selector":{"id":"application-managepartners-display-component---NewPartner--addressDetailDetailsCity1","interaction":{"idSuffix":"inner"}},"clearTextFirst":true,"interactionType":"ENTER_TEXT"}]}
RESULT: {"script":"<script> [776 bytes]","args":[{"enterText":"Rosario","selector":{"id":"application-managepartners-display-component---NewPartner--addressDetailDetailsCity1","interaction":{"idSuffix":"inner"}},"clearTextFirst":true,"interactionType":"ENTER_TEXT"}]}
COMMAND: POST /session/a6227829479fbf21341f4434e8015dec/execute/async - {"script":"<script> [1562 bytes]","args":[{"selector":{"id":"application-managepartners-display-component---NewPartner--addressDetailDetailsCountry-arrow"},"wdio_ui5_key":"applicationmanagepartners-display-component---NewPartner--addressDetailDetailsCountry-arrow"}]}
RESULT: {"script":"<script> [1562 bytes]","args":[{"selector":{"id":"application-managepartners-display-component---NewPartner--addressDetailDetailsCountry-arrow"},"wdio_ui5_key":"applicationmanagepartners-display-component---NewPartner--addressDetailDetailsCountry-arrow"}]}
RESULT: undefined
COMMAND: POST /session/a6227829479fbf21341f4434e8015dec/element - {"using":"xpath","value":"//*[@id=\"application-managepartners-display-component---NewPartner--addressDetailDetailsCountry-arrow\"]"}
RESULT: {"using":"xpath","value":"//*[@id=\"application-managepartners-display-component---NewPartner--addressDetailDetailsCountry-arrow\"]"}
COMMAND: POST /session/a6227829479fbf21341f4434e8015dec/element/f.5FEBA03D879F6DDA3804D407047E73A7.d.0E5D2ABB818736A53679B506FA641D12.e.3682/click - {}
RESULT: {}
COMMAND: POST /session/a6227829479fbf21341f4434e8015dec/element - {"using":"xpath","value":"//span[contains(text(), \"Argentina\")]"}
COMMAND: GET /session/a6227829479fbf21341f4434e8015dec/screenshot - {}
RESULT: {"using":"xpath","value":"//span[contains(text(), \"Argentina\")]"}
COMMAND: POST /session/a6227829479fbf21341f4434e8015dec/element/f.5FEBA03D879F6DDA3804D407047E73A7.d.0E5D2ABB818736A53679B506FA641D12.e.3698/click - {}
RESULT: {}
RESULT: {}
COMMAND: GET /session/a6227829479fbf21341f4434e8015dec/screenshot - {}
RESULT: {}
COMMAND: POST /session/a6227829479fbf21341f4434e8015dec/element - {"using":"xpath","value":"//bdi[contains(text(), \"Commercial\")]"}
RESULT: {"using":"xpath","value":"//bdi[contains(text(), \"Commercial\")]"}
COMMAND: POST /session/a6227829479fbf21341f4434e8015dec/element/f.5FEBA03D879F6DDA3804D407047E73A7.d.0E5D2ABB818736A53679B506FA641D12.e.3699/click - {}
RESULT: {}
COMMAND: GET /session/a6227829479fbf21341f4434e8015dec/screenshot - {}
RESULT: {}
COMMAND: POST /session/a6227829479fbf21341f4434e8015dec/execute/async - {"script":"<script> [1562 bytes]","args":[{"selector":{"id":"application-managepartners-display-component---NewPartner--partnerDetailInternal-arrow"},"wdio_ui5_key":"applicationmanagepartners-display-component---NewPartner--partnerDetailInternal-arrow"}]}
RESULT: {"script":"<script> [1562 bytes]","args":[{"selector":{"id":"application-managepartners-display-component---NewPartner--partnerDetailInternal-arrow"},"wdio_ui5_key":"applicationmanagepartners-display-component---NewPartner--partnerDetailInternal-arrow"}]}
RESULT: undefined
COMMAND: POST /session/a6227829479fbf21341f4434e8015dec/element - {"using":"xpath","value":"//*[@id=\"application-managepartners-display-component---NewPartner--partnerDetailInternal-arrow\"]"}
RESULT: {"using":"xpath","value":"//*[@id=\"application-managepartners-display-component---NewPartner--partnerDetailInternal-arrow\"]"}
COMMAND: POST /session/a6227829479fbf21341f4434e8015dec/element/f.5FEBA03D879F6DDA3804D407047E73A7.d.0E5D2ABB818736A53679B506FA641D12.e.3705/click - {}
RESULT: {}
COMMAND: POST /session/a6227829479fbf21341f4434e8015dec/element - {"using":"xpath","value":"//span[contains(text(), \"Affiliated company\")]"}
COMMAND: GET /session/a6227829479fbf21341f4434e8015dec/screenshot - {}
RESULT: {"using":"xpath","value":"//span[contains(text(), \"Affiliated company\")]"}
COMMAND: POST /session/a6227829479fbf21341f4434e8015dec/element/f.5FEBA03D879F6DDA3804D407047E73A7.d.0E5D2ABB818736A53679B506FA641D12.e.3706/click - {}
RESULT: {}
RESULT: {}
COMMAND: POST /session/a6227829479fbf21341f4434e8015dec/execute/async - {"script":"<script> [1562 bytes]","args":[{"selector":{"id":"application-managepartners-display-component---NewPartner--partnerDetailsCurrency-arrow"},"wdio_ui5_key":"applicationmanagepartners-display-component---NewPartner--partnerDetailsCurrency-arrow"}]}
COMMAND: GET /session/a6227829479fbf21341f4434e8015dec/screenshot - {}
RESULT: {"script":"<script> [1562 bytes]","args":[{"selector":{"id":"application-managepartners-display-component---NewPartner--partnerDetailsCurrency-arrow"},"wdio_ui5_key":"applicationmanagepartners-display-component---NewPartner--partnerDetailsCurrency-arrow"}]}
RESULT: undefined
COMMAND: POST /session/a6227829479fbf21341f4434e8015dec/element - {"using":"xpath","value":"//*[@id=\"application-managepartners-display-component---NewPartner--partnerDetailsCurrency-arrow\"]"}
RESULT: {}
RESULT: {"using":"xpath","value":"//*[@id=\"application-managepartners-display-component---NewPartner--partnerDetailsCurrency-arrow\"]"}
COMMAND: POST /session/a6227829479fbf21341f4434e8015dec/element/f.5FEBA03D879F6DDA3804D407047E73A7.d.0E5D2ABB818736A53679B506FA641D12.e.3713/click - {}
RESULT: {}
COMMAND: POST /session/a6227829479fbf21341f4434e8015dec/element - {"using":"xpath","value":"//span[contains(text(), \"Euro\")]"}
COMMAND: GET /session/a6227829479fbf21341f4434e8015dec/screenshot - {}
RESULT: {"using":"xpath","value":"//span[contains(text(), \"Euro\")]"}
COMMAND: POST /session/a6227829479fbf21341f4434e8015dec/element/f.5FEBA03D879F6DDA3804D407047E73A7.d.0E5D2ABB818736A53679B506FA641D12.e.3714/click - {}
RESULT: {}
RESULT: {}
COMMAND: POST /session/a6227829479fbf21341f4434e8015dec/execute/async - {"script":"<script> [1562 bytes]","args":[{"selector":{"id":"application-managepartners-display-component---NewPartner--addressEditDetailsCostObjectCstType-arrow"},"wdio_ui5_key":"applicationmanagepartners-display-component---NewPartner--addressEditDetailsCostObjectCstType-arrow"}]}
COMMAND: GET /session/a6227829479fbf21341f4434e8015dec/screenshot - {}
RESULT: {"script":"<script> [1562 bytes]","args":[{"selector":{"id":"application-managepartners-display-component---NewPartner--addressEditDetailsCostObjectCstType-arrow"},"wdio_ui5_key":"applicationmanagepartners-display-component---NewPartner--addressEditDetailsCostObjectCstType-arrow"}]}
RESULT: undefined
COMMAND: POST /session/a6227829479fbf21341f4434e8015dec/element - {"using":"xpath","value":"//*[@id=\"application-managepartners-display-component---NewPartner--addressEditDetailsCostObjectCstType-arrow\"]"}
RESULT: {}
RESULT: {"using":"xpath","value":"//*[@id=\"application-managepartners-display-component---NewPartner--addressEditDetailsCostObjectCstType-arrow\"]"}
COMMAND: POST /session/a6227829479fbf21341f4434e8015dec/element/f.5FEBA03D879F6DDA3804D407047E73A7.d.0E5D2ABB818736A53679B506FA641D12.e.3715/click - {}
RESULT: {}
COMMAND: POST /session/a6227829479fbf21341f4434e8015dec/element - {"using":"xpath","value":"//span[contains(text(), \"Cost Center\")]"}
COMMAND: GET /session/a6227829479fbf21341f4434e8015dec/screenshot - {}
RESULT: {"using":"xpath","value":"//span[contains(text(), \"Cost Center\")]"}
COMMAND: POST /session/a6227829479fbf21341f4434e8015dec/element/f.5FEBA03D879F6DDA3804D407047E73A7.d.0E5D2ABB818736A53679B506FA641D12.e.3716/click - {}
RESULT: {}
RESULT: {}
COMMAND: GET /session/a6227829479fbf21341f4434e8015dec/screenshot - {}
RESULT: {}
COMMAND: POST /session/a6227829479fbf21341f4434e8015dec/element - {"using":"xpath","value":"//span[@id=\"application-managepartners-display-component---NewPartner--addressNewCostObjectCstID-vhi\"]"}
RESULT: {"using":"xpath","value":"//span[@id=\"application-managepartners-display-component---NewPartner--addressNewCostObjectCstID-vhi\"]"}
COMMAND: POST /session/a6227829479fbf21341f4434e8015dec/execute/sync - {"script":"<script> [8489 bytes]","args":[{"element-6066-11e4-a52e-4f735466cecf":"f.5FEBA03D879F6DDA3804D407047E73A7.d.0E5D2ABB818736A53679B506FA641D12.e.3720","ELEMENT":"f.5FEBA03D879F6DDA3804D407047E73A7.d.0E5D2ABB818736A53679B506FA641D12.e.3720"}]}
RESULT: {"script":"<script> [8489 bytes]","args":[{"element-6066-11e4-a52e-4f735466cecf":"f.5FEBA03D879F6DDA3804D407047E73A7.d.0E5D2ABB818736A53679B506FA641D12.e.3720","ELEMENT":"f.5FEBA03D879F6DDA3804D407047E73A7.d.0E5D2ABB818736A53679B506FA641D12.e.3720"}]}
COMMAND: POST /session/a6227829479fbf21341f4434e8015dec/execute/async - {"script":"<script> [1562 bytes]","args":[{"selector":{"id":"application-managepartners-display-component---NewPartner--addressNewCostObjectCstID-vhi"},"wdio_ui5_key":"applicationmanagepartners-display-component---NewPartner--addressNewCostObjectCstID-vhi"}]}
COMMAND: GET /session/a6227829479fbf21341f4434e8015dec/screenshot - {}
RESULT: {"script":"<script> [1562 bytes]","args":[{"selector":{"id":"application-managepartners-display-component---NewPartner--addressNewCostObjectCstID-vhi"},"wdio_ui5_key":"applicationmanagepartners-display-component---NewPartner--addressNewCostObjectCstID-vhi"}]}
RESULT: undefined
COMMAND: POST /session/a6227829479fbf21341f4434e8015dec/element - {"using":"xpath","value":"//*[@id=\"application-managepartners-display-component---NewPartner--addressNewCostObjectCstID-vhi\"]"}
RESULT: {}
RESULT: {"using":"xpath","value":"//*[@id=\"application-managepartners-display-component---NewPartner--addressNewCostObjectCstID-vhi\"]"}
COMMAND: POST /session/a6227829479fbf21341f4434e8015dec/element/f.5FEBA03D879F6DDA3804D407047E73A7.d.0E5D2ABB818736A53679B506FA641D12.e.3720/click - {}
RESULT: {}
COMMAND: GET /session/a6227829479fbf21341f4434e8015dec/screenshot - {}
RESULT: {}
COMMAND: POST /session/a6227829479fbf21341f4434e8015dec/execute/async - {"script":"<script> [1562 bytes]","args":[{"selector":{"controlType":"sap.m.SearchField","properties":{"placeholder":"Search"},"searchOpenDialogs":true,"interaction":{"idSuffix":"I"}},"wdio_ui5_key":"sapm.SearchField{\"placeholder\":\"Search\"}"}]}
RESULT: {"script":"<script> [1562 bytes]","args":[{"selector":{"controlType":"sap.m.SearchField","properties":{"placeholder":"Search"},"searchOpenDialogs":true,"interaction":{"idSuffix":"I"}},"wdio_ui5_key":"sapm.SearchField{\"placeholder\":\"Search\"}"}]}
RESULT: undefined
COMMAND: POST /session/a6227829479fbf21341f4434e8015dec/execute/async - {"script":"<script> [776 bytes]","args":[{"enterText":"10001013","selector":{"controlType":"sap.m.SearchField","properties":{"placeholder":"Search"},"searchOpenDialogs":true,"interaction":{"idSuffix":"I"}},"clearTextFirst":true,"interactionType":"ENTER_TEXT"}]}
RESULT: {"script":"<script> [776 bytes]","args":[{"enterText":"10001013","selector":{"controlType":"sap.m.SearchField","properties":{"placeholder":"Search"},"searchOpenDialogs":true,"interaction":{"idSuffix":"I"}},"clearTextFirst":true,"interactionType":"ENTER_TEXT"}]}
COMMAND: POST /session/a6227829479fbf21341f4434e8015dec/actions - {"actions":[{"id":"action11","type":"key","parameters":{},"actions":[{"type":"keyDown","value":""},{"type":"pause","duration":10},{"type":"keyUp","value":""}]}]}
RESULT: {"actions":[{"id":"action11","type":"key","parameters":{},"actions":[{"type":"keyDown","value":""},{"type":"pause","duration":10},{"type":"keyUp","value":""}]}]}
COMMAND: GET /session/a6227829479fbf21341f4434e8015dec/screenshot - {}
RESULT: {}
COMMAND: POST /session/a6227829479fbf21341f4434e8015dec/element - {"using":"xpath","value":"//span[contains(text(), \"General Management\")]"}
RESULT: {"using":"xpath","value":"//span[contains(text(), \"General Management\")]"}
COMMAND: POST /session/a6227829479fbf21341f4434e8015dec/element/f.5FEBA03D879F6DDA3804D407047E73A7.d.0E5D2ABB818736A53679B506FA641D12.e.3761/click - {}
RESULT: {}
COMMAND: GET /session/a6227829479fbf21341f4434e8015dec/screenshot - {}
RESULT: {}
COMMAND: POST /session/a6227829479fbf21341f4434e8015dec/element - {"using":"xpath","value":"//bdi[contains(text(), \"OK\")]"}
RESULT: {"using":"xpath","value":"//bdi[contains(text(), \"OK\")]"}
COMMAND: POST /session/a6227829479fbf21341f4434e8015dec/element/f.5FEBA03D879F6DDA3804D407047E73A7.d.0E5D2ABB818736A53679B506FA641D12.e.3762/click - {}
RESULT: {}
COMMAND: GET /session/a6227829479fbf21341f4434e8015dec/screenshot - {}
RESULT: {}
COMMAND: POST /session/a6227829479fbf21341f4434e8015dec/element - {"using":"xpath","value":"//input[@id=\"application-managepartners-display-component---NewPartner--companyCodeComboBox-inner\"]"}
RESULT: {"using":"xpath","value":"//input[@id=\"application-managepartners-display-component---NewPartner--companyCodeComboBox-inner\"]"}
COMMAND: POST /session/a6227829479fbf21341f4434e8015dec/element/f.5FEBA03D879F6DDA3804D407047E73A7.d.0E5D2ABB818736A53679B506FA641D12.e.3561/clear - {}
RESULT: {}
COMMAND: POST /session/a6227829479fbf21341f4434e8015dec/element/f.5FEBA03D879F6DDA3804D407047E73A7.d.0E5D2ABB818736A53679B506FA641D12.e.3561/value - {"text":"C002"}
COMMAND: GET /session/a6227829479fbf21341f4434e8015dec/screenshot - {}
RESULT: {"text":"C002"}
COMMAND: GET /session/a6227829479fbf21341f4434e8015dec/screenshot - {}
RESULT: {}
RESULT: {}
COMMAND: POST /session/a6227829479fbf21341f4434e8015dec/element - {"using":"xpath","value":"//li[.//span[text()= \"C002\"]]"}
RESULT: {"using":"xpath","value":"//li[.//span[text()= \"C002\"]]"}
COMMAND: POST /session/a6227829479fbf21341f4434e8015dec/element/f.5FEBA03D879F6DDA3804D407047E73A7.d.0E5D2ABB818736A53679B506FA641D12.e.3768/click - {}
RESULT: {}
COMMAND: GET /session/a6227829479fbf21341f4434e8015dec/screenshot - {}
RESULT: {}
COMMAND: POST /session/a6227829479fbf21341f4434e8015dec/execute/async - {"script":"<script> [1562 bytes]","args":[{"selector":{"id":"application-managepartners-display-component---NewPartner--btnAddTableRow-img"},"wdio_ui5_key":"applicationmanagepartners-display-component---NewPartner--btnAddTableRow-img"}]}
RESULT: {"script":"<script> [1562 bytes]","args":[{"selector":{"id":"application-managepartners-display-component---NewPartner--btnAddTableRow-img"},"wdio_ui5_key":"applicationmanagepartners-display-component---NewPartner--btnAddTableRow-img"}]}
RESULT: undefined
COMMAND: POST /session/a6227829479fbf21341f4434e8015dec/element - {"using":"xpath","value":"//*[@id=\"application-managepartners-display-component---NewPartner--btnAddTableRow-img\"]"}
RESULT: {"using":"xpath","value":"//*[@id=\"application-managepartners-display-component---NewPartner--btnAddTableRow-img\"]"}
COMMAND: POST /session/a6227829479fbf21341f4434e8015dec/element/f.5FEBA03D879F6DDA3804D407047E73A7.d.0E5D2ABB818736A53679B506FA641D12.e.3769/click - {}
RESULT: {}
COMMAND: GET /session/a6227829479fbf21341f4434e8015dec/screenshot - {}
RESULT: {}
COMMAND: POST /session/a6227829479fbf21341f4434e8015dec/element - {"using":"xpath","value":"//input[@id=\"application-managepartners-display-component---NewPartner--assignmentYard-application-managepartners-display-component---NewPartner--assignmentsTable-0-inner\"]"}
RESULT: {"using":"xpath","value":"//input[@id=\"application-managepartners-display-component---NewPartner--assignmentYard-application-managepartners-display-component---NewPartner--assignmentsTable-0-inner\"]"}
COMMAND: POST /session/a6227829479fbf21341f4434e8015dec/element/f.5FEBA03D879F6DDA3804D407047E73A7.d.0E5D2ABB818736A53679B506FA641D12.e.3772/clear - {}
RESULT: {}
COMMAND: POST /session/a6227829479fbf21341f4434e8015dec/element/f.5FEBA03D879F6DDA3804D407047E73A7.d.0E5D2ABB818736A53679B506FA641D12.e.3772/value - {"text":"638"}
COMMAND: GET /session/a6227829479fbf21341f4434e8015dec/screenshot - {}
RESULT: {"text":"638"}
COMMAND: GET /session/a6227829479fbf21341f4434e8015dec/screenshot - {}
RESULT: {}
RESULT: {}
COMMAND: POST /session/a6227829479fbf21341f4434e8015dec/element - {"using":"xpath","value":"//li[.//span[text()='638']]"}
RESULT: {"using":"xpath","value":"//li[.//span[text()='638']]"}
COMMAND: POST /session/a6227829479fbf21341f4434e8015dec/element/f.5FEBA03D879F6DDA3804D407047E73A7.d.0E5D2ABB818736A53679B506FA641D12.e.3781/click - {}
RESULT: {}
COMMAND: GET /session/a6227829479fbf21341f4434e8015dec/screenshot - {}
RESULT: {}
COMMAND: POST /session/a6227829479fbf21341f4434e8015dec/actions - {"actions":[{"id":"action12","type":"key","parameters":{},"actions":[{"type":"keyDown","value":""},{"type":"pause","duration":10},{"type":"keyUp","value":""}]}]}
RESULT: {"actions":[{"id":"action12","type":"key","parameters":{},"actions":[{"type":"keyDown","value":""},{"type":"pause","duration":10},{"type":"keyUp","value":""}]}]}
COMMAND: POST /session/a6227829479fbf21341f4434e8015dec/execute/async - {"script":"<script> [1562 bytes]","args":[{"selector":{"id":"application-managepartners-display-component---NewPartner--externalCustomerComboBox-application-managepartners-display-component---NewPartner--assignmentsTable-0-vhi"},"wdio_ui5_key":"applicationmanagepartners-display-component---NewPartner--externalCustomerComboBox-application-managepartners-display-component---NewPartner--assignmentsTable-0-vhi"}]}
COMMAND: GET /session/a6227829479fbf21341f4434e8015dec/screenshot - {}
RESULT: {"script":"<script> [1562 bytes]","args":[{"selector":{"id":"application-managepartners-display-component---NewPartner--externalCustomerComboBox-application-managepartners-display-component---NewPartner--assignmentsTable-0-vhi"},"wdio_ui5_key":"applicationmanagepartners-display-component---NewPartner--externalCustomerComboBox-application-managepartners-display-component---NewPartner--assignmentsTable-0-vhi"}]}
RESULT: undefined
COMMAND: POST /session/a6227829479fbf21341f4434e8015dec/element - {"using":"xpath","value":"//*[@id=\"application-managepartners-display-component---NewPartner--externalCustomerComboBox-application-managepartners-display-component---NewPartner--assignmentsTable-0-vhi\"]"}
RESULT: {}
RESULT: {"using":"xpath","value":"//*[@id=\"application-managepartners-display-component---NewPartner--externalCustomerComboBox-application-managepartners-display-component---NewPartner--assignmentsTable-0-vhi\"]"}
COMMAND: POST /session/a6227829479fbf21341f4434e8015dec/element/f.5FEBA03D879F6DDA3804D407047E73A7.d.0E5D2ABB818736A53679B506FA641D12.e.3785/click - {}
RESULT: {}
RESULT: undefined
COMMAND: POST /session/a6227829479fbf21341f4434e8015dec/execute/async - {"script":"<script> [776 bytes]","args":[{"enterText":"300003","selector":{"controlType":"sap.m.SearchField","properties":{"placeholder":"Search"},"searchOpenDialogs":true,"interaction":{"idSuffix":"I"}},"clearTextFirst":true,"interactionType":"ENTER_TEXT"}]}
COMMAND: GET /session/a6227829479fbf21341f4434e8015dec/screenshot - {}
RESULT: {"script":"<script> [776 bytes]","args":[{"enterText":"300003","selector":{"controlType":"sap.m.SearchField","properties":{"placeholder":"Search"},"searchOpenDialogs":true,"interaction":{"idSuffix":"I"}},"clearTextFirst":true,"interactionType":"ENTER_TEXT"}]}
COMMAND: POST /session/a6227829479fbf21341f4434e8015dec/actions - {"actions":[{"id":"action13","type":"key","parameters":{},"actions":[{"type":"keyDown","value":""},{"type":"pause","duration":10},{"type":"keyUp","value":""}]}]}
RESULT: {}
RESULT: {"actions":[{"id":"action13","type":"key","parameters":{},"actions":[{"type":"keyDown","value":""},{"type":"pause","duration":10},{"type":"keyUp","value":""}]}]}
COMMAND: GET /session/a6227829479fbf21341f4434e8015dec/screenshot - {}
RESULT: {}
COMMAND: POST /session/a6227829479fbf21341f4434e8015dec/element - {"using":"xpath","value":"//span[contains(text(), \"300003\")]"}
RESULT: {"using":"xpath","value":"//span[contains(text(), \"300003\")]"}
COMMAND: POST /session/a6227829479fbf21341f4434e8015dec/element/f.5FEBA03D879F6DDA3804D407047E73A7.d.0E5D2ABB818736A53679B506FA641D12.e.3803/click - {}
RESULT: {}
COMMAND: GET /session/a6227829479fbf21341f4434e8015dec/screenshot - {}
RESULT: {}
COMMAND: POST /session/a6227829479fbf21341f4434e8015dec/element - {"using":"xpath","value":"//bdi[contains(text(), \"OK\")]"}
RESULT: {"using":"xpath","value":"//bdi[contains(text(), \"OK\")]"}
COMMAND: POST /session/a6227829479fbf21341f4434e8015dec/element/f.5FEBA03D879F6DDA3804D407047E73A7.d.0E5D2ABB818736A53679B506FA641D12.e.3805/click - {}
RESULT: {}
COMMAND: GET /session/a6227829479fbf21341f4434e8015dec/screenshot - {}
RESULT: {}
COMMAND: POST /session/a6227829479fbf21341f4434e8015dec/execute/async - {"script":"<script> [1562 bytes]","args":[{"selector":{"id":"application-managepartners-display-component---NewPartner--intercompVendorComboBox-application-managepartners-display-component---NewPartner--assignmentsTable-0-vhi"},"wdio_ui5_key":"applicationmanagepartners-display-component---NewPartner--intercompVendorComboBox-application-managepartners-display-component---NewPartner--assignmentsTable-0-vhi"}]}
RESULT: {"script":"<script> [1562 bytes]","args":[{"selector":{"id":"application-managepartners-display-component---NewPartner--intercompVendorComboBox-application-managepartners-display-component---NewPartner--assignmentsTable-0-vhi"},"wdio_ui5_key":"applicationmanagepartners-display-component---NewPartner--intercompVendorComboBox-application-managepartners-display-component---NewPartner--assignmentsTable-0-vhi"}]}
RESULT: undefined
COMMAND: POST /session/a6227829479fbf21341f4434e8015dec/element - {"using":"xpath","value":"//*[@id=\"application-managepartners-display-component---NewPartner--intercompVendorComboBox-application-managepartners-display-component---NewPartner--assignmentsTable-0-vhi\"]"}
RESULT: {"using":"xpath","value":"//*[@id=\"application-managepartners-display-component---NewPartner--intercompVendorComboBox-application-managepartners-display-component---NewPartner--assignmentsTable-0-vhi\"]"}
COMMAND: POST /session/a6227829479fbf21341f4434e8015dec/element/f.5FEBA03D879F6DDA3804D407047E73A7.d.0E5D2ABB818736A53679B506FA641D12.e.3808/click - {}
RESULT: {}
RESULT: undefined
COMMAND: POST /session/a6227829479fbf21341f4434e8015dec/execute/async - {"script":"<script> [776 bytes]","args":[{"enterText":"100005","selector":{"controlType":"sap.m.SearchField","properties":{"placeholder":"Search"},"searchOpenDialogs":true,"interaction":{"idSuffix":"I"}},"clearTextFirst":true,"interactionType":"ENTER_TEXT"}]}
COMMAND: GET /session/a6227829479fbf21341f4434e8015dec/screenshot - {}
RESULT: {"script":"<script> [776 bytes]","args":[{"enterText":"100005","selector":{"controlType":"sap.m.SearchField","properties":{"placeholder":"Search"},"searchOpenDialogs":true,"interaction":{"idSuffix":"I"}},"clearTextFirst":true,"interactionType":"ENTER_TEXT"}]}
COMMAND: POST /session/a6227829479fbf21341f4434e8015dec/actions - {"actions":[{"id":"action14","type":"key","parameters":{},"actions":[{"type":"keyDown","value":""},{"type":"pause","duration":10},{"type":"keyUp","value":""}]}]}
RESULT: {}
RESULT: {"actions":[{"id":"action14","type":"key","parameters":{},"actions":[{"type":"keyDown","value":""},{"type":"pause","duration":10},{"type":"keyUp","value":""}]}]}
COMMAND: GET /session/a6227829479fbf21341f4434e8015dec/screenshot - {}
RESULT: {}
COMMAND: POST /session/a6227829479fbf21341f4434e8015dec/element - {"using":"xpath","value":"//span[contains(text(), \"Penguins - Field/12345 Berlin\")]"}
RESULT: {"using":"xpath","value":"//span[contains(text(), \"Penguins - Field/12345 Berlin\")]"}
COMMAND: POST /session/a6227829479fbf21341f4434e8015dec/element/f.5FEBA03D879F6DDA3804D407047E73A7.d.0E5D2ABB818736A53679B506FA641D12.e.3827/click - {}
RESULT: {}
COMMAND: GET /session/a6227829479fbf21341f4434e8015dec/screenshot - {}
RESULT: {}
COMMAND: POST /session/a6227829479fbf21341f4434e8015dec/element - {"using":"xpath","value":"//bdi[contains(text(), \"OK\")]"}
RESULT: {"using":"xpath","value":"//bdi[contains(text(), \"OK\")]"}
COMMAND: POST /session/a6227829479fbf21341f4434e8015dec/element/f.5FEBA03D879F6DDA3804D407047E73A7.d.0E5D2ABB818736A53679B506FA641D12.e.3828/click - {}
RESULT: {}
COMMAND: GET /session/a6227829479fbf21341f4434e8015dec/screenshot - {}
RESULT: {}
COMMAND: POST /session/a6227829479fbf21341f4434e8015dec/element - {"using":"xpath","value":"//button[@data-kt=\"saveButton\"]"}
RESULT: {"using":"xpath","value":"//button[@data-kt=\"saveButton\"]"}
COMMAND: POST /session/a6227829479fbf21341f4434e8015dec/element/f.5FEBA03D879F6DDA3804D407047E73A7.d.0E5D2ABB818736A53679B506FA641D12.e.3591/click - {}
RESULT: {}
COMMAND: GET /session/a6227829479fbf21341f4434e8015dec/screenshot - {}
RESULT: {}
COMMAND: POST /session/a6227829479fbf21341f4434e8015dec/element - {"using":"xpath","value":"//header[contains(@id, 'ObjectPageLayout-headerTitle')]/div[1]/div[2]/div[2]/span[1]"}
RESULT: {"using":"xpath","value":"//header[contains(@id, 'ObjectPageLayout-headerTitle')]/div[1]/div[2]/div[2]/span[1]"}
COMMAND: POST /session/a6227829479fbf21341f4434e8015dec/elements - {"using":"xpath","value":"//header[contains(@id, 'ObjectPageLayout-headerTitle')]/div[1]/div[2]/div[2]/span[1]"}
RESULT: {"using":"xpath","value":"//header[contains(@id, 'ObjectPageLayout-headerTitle')]/div[1]/div[2]/div[2]/span[1]"}
COMMAND: POST /session/a6227829479fbf21341f4434e8015dec/execute/sync - {"script":"<script> [56 bytes]","args":[{"element-6066-11e4-a52e-4f735466cecf":"f.5FEBA03D879F6DDA3804D407047E73A7.d.0E5D2ABB818736A53679B506FA641D12.e.3993","ELEMENT":"f.5FEBA03D879F6DDA3804D407047E73A7.d.0E5D2ABB818736A53679B506FA641D12.e.3993"}]}
RESULT: {"script":"<script> [56 bytes]","args":[{"element-6066-11e4-a52e-4f735466cecf":"f.5FEBA03D879F6DDA3804D407047E73A7.d.0E5D2ABB818736A53679B506FA641D12.e.3993","ELEMENT":"f.5FEBA03D879F6DDA3804D407047E73A7.d.0E5D2ABB818736A53679B506FA641D12.e.3993"}]}
COMMAND: POST /session/a6227829479fbf21341f4434e8015dec/element - {"using":"css selector","value":"#shell-header-logo"}
COMMAND: GET /session/a6227829479fbf21341f4434e8015dec/screenshot - {}
RESULT: {"using":"css selector","value":"#shell-header-logo"}
COMMAND: POST /session/a6227829479fbf21341f4434e8015dec/element/f.5FEBA03D879F6DDA3804D407047E73A7.d.0E5D2ABB818736A53679B506FA641D12.e.3207/click - {}
RESULT: {}
RESULT: {}
COMMAND: GET /session/a6227829479fbf21341f4434e8015dec/screenshot - {}
RESULT: {}
COMMAND: POST /session/a6227829479fbf21341f4434e8015dec/execute/sync - {"script":"<script> [299 bytes]","args":[["getModel","getResource"]]}
RESULT: {"script":"<script> [299 bytes]","args":[["getModel","getResource"]]}
]]></system-out>
    </testcase>
    <testcase classname="chrome.136_0_7103_93.windows.Edit_and_delete_daily_price_US134629_US134627" name="Should create a new site used for following tests" time="100.811">
      <system-out><![CDATA[
COMMAND: GET /session/a6227829479fbf21341f4434e8015dec/screenshot - {}
COMMAND: POST /session/a6227829479fbf21341f4434e8015dec/execute/async - {"script":"<script> [1562 bytes]","args":[{"selector":{"controlType":"sap.m.GenericTile","properties":{"header":"Manage Sites"}},"wdio_ui5_key":"sapm.GenericTile{\"header\":\"Manage Sites\"}"}]}
RESULT: {}
RESULT: {"script":"<script> [1562 bytes]","args":[{"selector":{"controlType":"sap.m.GenericTile","properties":{"header":"Manage Sites"}},"wdio_ui5_key":"sapm.GenericTile{\"header\":\"Manage Sites\"}"}]}
RESULT: undefined
COMMAND: POST /session/a6227829479fbf21341f4434e8015dec/element - {"using":"xpath","value":"//*[@id=\"__tile40\"]"}
RESULT: {"using":"xpath","value":"//*[@id=\"__tile40\"]"}
COMMAND: POST /session/a6227829479fbf21341f4434e8015dec/element/f.5FEBA03D879F6DDA3804D407047E73A7.d.0E5D2ABB818736A53679B506FA641D12.e.3105/click - {}
RESULT: {}
COMMAND: GET /session/a6227829479fbf21341f4434e8015dec/screenshot - {}
RESULT: {}
COMMAND: POST /session/a6227829479fbf21341f4434e8015dec/elements - {"using":"xpath","value":"//span[text()='Error']"}
RESULT: {"using":"xpath","value":"//span[text()='Error']"}
COMMAND: POST /session/a6227829479fbf21341f4434e8015dec/element - {"using":"xpath","value":"//button[@data-kt=\"addOverflowToolbarButton\"]"}
RESULT: {"using":"xpath","value":"//button[@data-kt=\"addOverflowToolbarButton\"]"}
COMMAND: POST /session/a6227829479fbf21341f4434e8015dec/elements - {"using":"xpath","value":"//button[@data-kt=\"addOverflowToolbarButton\"]"}
RESULT: {"using":"xpath","value":"//button[@data-kt=\"addOverflowToolbarButton\"]"}
COMMAND: POST /session/a6227829479fbf21341f4434e8015dec/execute/sync - {"script":"<script> [8489 bytes]","args":[{"element-6066-11e4-a52e-4f735466cecf":"f.5FEBA03D879F6DDA3804D407047E73A7.d.0E5D2ABB818736A53679B506FA641D12.e.4040","ELEMENT":"f.5FEBA03D879F6DDA3804D407047E73A7.d.0E5D2ABB818736A53679B506FA641D12.e.4040"}]}
RESULT: {"script":"<script> [8489 bytes]","args":[{"element-6066-11e4-a52e-4f735466cecf":"f.5FEBA03D879F6DDA3804D407047E73A7.d.0E5D2ABB818736A53679B506FA641D12.e.4040","ELEMENT":"f.5FEBA03D879F6DDA3804D407047E73A7.d.0E5D2ABB818736A53679B506FA641D12.e.4040"}]}
COMMAND: GET /session/a6227829479fbf21341f4434e8015dec/element/f.5FEBA03D879F6DDA3804D407047E73A7.d.0E5D2ABB818736A53679B506FA641D12.e.4040/enabled - {}
COMMAND: GET /session/a6227829479fbf21341f4434e8015dec/screenshot - {}
RESULT: {}
COMMAND: POST /session/a6227829479fbf21341f4434e8015dec/execute/sync - {"script":"<script> [8489 bytes]","args":[{"element-6066-11e4-a52e-4f735466cecf":"f.5FEBA03D879F6DDA3804D407047E73A7.d.0E5D2ABB818736A53679B506FA641D12.e.4040","ELEMENT":"f.5FEBA03D879F6DDA3804D407047E73A7.d.0E5D2ABB818736A53679B506FA641D12.e.4040"}]}
COMMAND: GET /session/a6227829479fbf21341f4434e8015dec/screenshot - {}
RESULT: {}
RESULT: {"script":"<script> [8489 bytes]","args":[{"element-6066-11e4-a52e-4f735466cecf":"f.5FEBA03D879F6DDA3804D407047E73A7.d.0E5D2ABB818736A53679B506FA641D12.e.4040","ELEMENT":"f.5FEBA03D879F6DDA3804D407047E73A7.d.0E5D2ABB818736A53679B506FA641D12.e.4040"}]}
COMMAND: POST /session/a6227829479fbf21341f4434e8015dec/execute/sync - {"script":"<script> [5351 bytes]","args":[{"element-6066-11e4-a52e-4f735466cecf":"f.5FEBA03D879F6DDA3804D407047E73A7.d.0E5D2ABB818736A53679B506FA641D12.e.4040","ELEMENT":"f.5FEBA03D879F6DDA3804D407047E73A7.d.0E5D2ABB818736A53679B506FA641D12.e.4040"}]}
COMMAND: GET /session/a6227829479fbf21341f4434e8015dec/screenshot - {}
RESULT: {}
RESULT: {"script":"<script> [5351 bytes]","args":[{"element-6066-11e4-a52e-4f735466cecf":"f.5FEBA03D879F6DDA3804D407047E73A7.d.0E5D2ABB818736A53679B506FA641D12.e.4040","ELEMENT":"f.5FEBA03D879F6DDA3804D407047E73A7.d.0E5D2ABB818736A53679B506FA641D12.e.4040"}]}
COMMAND: POST /session/a6227829479fbf21341f4434e8015dec/element/f.5FEBA03D879F6DDA3804D407047E73A7.d.0E5D2ABB818736A53679B506FA641D12.e.4040/click - {}
COMMAND: GET /session/a6227829479fbf21341f4434e8015dec/screenshot - {}
RESULT: {}
RESULT: {}
COMMAND: GET /session/a6227829479fbf21341f4434e8015dec/screenshot - {}
COMMAND: POST /session/a6227829479fbf21341f4434e8015dec/element - {"using":"xpath","value":"//input[@id=\"application-managesites-display-component---NewSite--siteId-inner\"]"}
RESULT: {}
RESULT: {}
RESULT: {"using":"xpath","value":"//input[@id=\"application-managesites-display-component---NewSite--siteId-inner\"]"}
COMMAND: POST /session/a6227829479fbf21341f4434e8015dec/element - {"using":"xpath","value":"//input[@id=\"application-managesites-display-component---NewSite--siteId-inner\"]"}
RESULT: {"using":"xpath","value":"//input[@id=\"application-managesites-display-component---NewSite--siteId-inner\"]"}
COMMAND: POST /session/a6227829479fbf21341f4434e8015dec/execute/async - {"script":"<script> [1562 bytes]","args":[{"selector":{"id":"application-managesites-display-component---NewSite--addressDetailDetailsName1","interaction":{"idSuffix":"inner"}},"wdio_ui5_key":"applicationmanagesites-display-component---NewSite--addressDetailDetailsName1"}]}
RESULT: {"script":"<script> [1562 bytes]","args":[{"selector":{"id":"application-managesites-display-component---NewSite--addressDetailDetailsName1","interaction":{"idSuffix":"inner"}},"wdio_ui5_key":"applicationmanagesites-display-component---NewSite--addressDetailDetailsName1"}]}
RESULT: undefined
COMMAND: POST /session/a6227829479fbf21341f4434e8015dec/execute/async - {"script":"<script> [776 bytes]","args":[{"enterText":"DailyPrice WDIO","selector":{"id":"application-managesites-display-component---NewSite--addressDetailDetailsName1","interaction":{"idSuffix":"inner"}},"clearTextFirst":true,"interactionType":"ENTER_TEXT"}]}
RESULT: {"script":"<script> [776 bytes]","args":[{"enterText":"DailyPrice WDIO","selector":{"id":"application-managesites-display-component---NewSite--addressDetailDetailsName1","interaction":{"idSuffix":"inner"}},"clearTextFirst":true,"interactionType":"ENTER_TEXT"}]}
COMMAND: POST /session/a6227829479fbf21341f4434e8015dec/execute/async - {"script":"<script> [1562 bytes]","args":[{"selector":{"id":"application-managesites-display-component---NewSite--addressDetailDetailsLanguage-arrow"},"wdio_ui5_key":"applicationmanagesites-display-component---NewSite--addressDetailDetailsLanguage-arrow"}]}
RESULT: {"script":"<script> [1562 bytes]","args":[{"selector":{"id":"application-managesites-display-component---NewSite--addressDetailDetailsLanguage-arrow"},"wdio_ui5_key":"applicationmanagesites-display-component---NewSite--addressDetailDetailsLanguage-arrow"}]}
RESULT: undefined
COMMAND: POST /session/a6227829479fbf21341f4434e8015dec/element - {"using":"xpath","value":"//*[@id=\"application-managesites-display-component---NewSite--addressDetailDetailsLanguage-arrow\"]"}
RESULT: {"using":"xpath","value":"//*[@id=\"application-managesites-display-component---NewSite--addressDetailDetailsLanguage-arrow\"]"}
COMMAND: POST /session/a6227829479fbf21341f4434e8015dec/element/f.5FEBA03D879F6DDA3804D407047E73A7.d.0E5D2ABB818736A53679B506FA641D12.e.4658/click - {}
RESULT: {}
COMMAND: POST /session/a6227829479fbf21341f4434e8015dec/element - {"using":"xpath","value":"//span[contains(text(), \"English\")]"}
COMMAND: GET /session/a6227829479fbf21341f4434e8015dec/screenshot - {}
RESULT: {"using":"xpath","value":"//span[contains(text(), \"English\")]"}
COMMAND: POST /session/a6227829479fbf21341f4434e8015dec/element/f.5FEBA03D879F6DDA3804D407047E73A7.d.0E5D2ABB818736A53679B506FA641D12.e.4659/click - {}
RESULT: {}
RESULT: {}
COMMAND: POST /session/a6227829479fbf21341f4434e8015dec/execute/async - {"script":"<script> [1562 bytes]","args":[{"selector":{"id":"application-managesites-display-component---NewSite--addressDetailDetailsCity1","interaction":{"idSuffix":"inner"}},"wdio_ui5_key":"applicationmanagesites-display-component---NewSite--addressDetailDetailsCity1"}]}
COMMAND: GET /session/a6227829479fbf21341f4434e8015dec/screenshot - {}
RESULT: {"script":"<script> [1562 bytes]","args":[{"selector":{"id":"application-managesites-display-component---NewSite--addressDetailDetailsCity1","interaction":{"idSuffix":"inner"}},"wdio_ui5_key":"applicationmanagesites-display-component---NewSite--addressDetailDetailsCity1"}]}
RESULT: undefined
COMMAND: POST /session/a6227829479fbf21341f4434e8015dec/execute/async - {"script":"<script> [776 bytes]","args":[{"enterText":"Rosario","selector":{"id":"application-managesites-display-component---NewSite--addressDetailDetailsCity1","interaction":{"idSuffix":"inner"}},"clearTextFirst":true,"interactionType":"ENTER_TEXT"}]}
RESULT: {}
RESULT: {"script":"<script> [776 bytes]","args":[{"enterText":"Rosario","selector":{"id":"application-managesites-display-component---NewSite--addressDetailDetailsCity1","interaction":{"idSuffix":"inner"}},"clearTextFirst":true,"interactionType":"ENTER_TEXT"}]}
COMMAND: POST /session/a6227829479fbf21341f4434e8015dec/execute/async - {"script":"<script> [1562 bytes]","args":[{"selector":{"id":"application-managesites-display-component---NewSite--addressDetailDetailsCountry-arrow"},"wdio_ui5_key":"applicationmanagesites-display-component---NewSite--addressDetailDetailsCountry-arrow"}]}
RESULT: {"script":"<script> [1562 bytes]","args":[{"selector":{"id":"application-managesites-display-component---NewSite--addressDetailDetailsCountry-arrow"},"wdio_ui5_key":"applicationmanagesites-display-component---NewSite--addressDetailDetailsCountry-arrow"}]}
RESULT: undefined
COMMAND: POST /session/a6227829479fbf21341f4434e8015dec/element - {"using":"xpath","value":"//*[@id=\"application-managesites-display-component---NewSite--addressDetailDetailsCountry-arrow\"]"}
RESULT: {"using":"xpath","value":"//*[@id=\"application-managesites-display-component---NewSite--addressDetailDetailsCountry-arrow\"]"}
COMMAND: POST /session/a6227829479fbf21341f4434e8015dec/element/f.5FEBA03D879F6DDA3804D407047E73A7.d.0E5D2ABB818736A53679B506FA641D12.e.4661/click - {}
RESULT: {}
COMMAND: POST /session/a6227829479fbf21341f4434e8015dec/element - {"using":"xpath","value":"//span[contains(text(), \"Argentina\")]"}
COMMAND: GET /session/a6227829479fbf21341f4434e8015dec/screenshot - {}
RESULT: {"using":"xpath","value":"//span[contains(text(), \"Argentina\")]"}
COMMAND: POST /session/a6227829479fbf21341f4434e8015dec/element/f.5FEBA03D879F6DDA3804D407047E73A7.d.0E5D2ABB818736A53679B506FA641D12.e.4662/click - {}
RESULT: {}
RESULT: {}
COMMAND: GET /session/a6227829479fbf21341f4434e8015dec/screenshot - {}
RESULT: {}
COMMAND: POST /session/a6227829479fbf21341f4434e8015dec/execute/async - {"script":"<script> [1562 bytes]","args":[{"selector":{"id":"application-managesites-display-component---NewSite--addressEditDetailsCostObjectCstType-arrow"},"wdio_ui5_key":"applicationmanagesites-display-component---NewSite--addressEditDetailsCostObjectCstType-arrow"}]}
RESULT: {"script":"<script> [1562 bytes]","args":[{"selector":{"id":"application-managesites-display-component---NewSite--addressEditDetailsCostObjectCstType-arrow"},"wdio_ui5_key":"applicationmanagesites-display-component---NewSite--addressEditDetailsCostObjectCstType-arrow"}]}
RESULT: undefined
COMMAND: POST /session/a6227829479fbf21341f4434e8015dec/element - {"using":"xpath","value":"//*[@id=\"application-managesites-display-component---NewSite--addressEditDetailsCostObjectCstType-arrow\"]"}
RESULT: {"using":"xpath","value":"//*[@id=\"application-managesites-display-component---NewSite--addressEditDetailsCostObjectCstType-arrow\"]"}
COMMAND: POST /session/a6227829479fbf21341f4434e8015dec/element/f.5FEBA03D879F6DDA3804D407047E73A7.d.0E5D2ABB818736A53679B506FA641D12.e.4664/click - {}
RESULT: {}
COMMAND: POST /session/a6227829479fbf21341f4434e8015dec/element - {"using":"xpath","value":"//span[contains(text(), \"Cost Center\")]"}
COMMAND: GET /session/a6227829479fbf21341f4434e8015dec/screenshot - {}
RESULT: {"using":"xpath","value":"//span[contains(text(), \"Cost Center\")]"}
COMMAND: POST /session/a6227829479fbf21341f4434e8015dec/element/f.5FEBA03D879F6DDA3804D407047E73A7.d.0E5D2ABB818736A53679B506FA641D12.e.4666/click - {}
RESULT: {}
RESULT: {}
COMMAND: GET /session/a6227829479fbf21341f4434e8015dec/screenshot - {}
RESULT: {}
COMMAND: POST /session/a6227829479fbf21341f4434e8015dec/element - {"using":"xpath","value":"//span[@id=\"application-managesites-display-component---NewSite--addressNewCostObjectCstID-vhi\"]"}
RESULT: {"using":"xpath","value":"//span[@id=\"application-managesites-display-component---NewSite--addressNewCostObjectCstID-vhi\"]"}
COMMAND: POST /session/a6227829479fbf21341f4434e8015dec/execute/sync - {"script":"<script> [8489 bytes]","args":[{"element-6066-11e4-a52e-4f735466cecf":"f.5FEBA03D879F6DDA3804D407047E73A7.d.0E5D2ABB818736A53679B506FA641D12.e.4670","ELEMENT":"f.5FEBA03D879F6DDA3804D407047E73A7.d.0E5D2ABB818736A53679B506FA641D12.e.4670"}]}
RESULT: {"script":"<script> [8489 bytes]","args":[{"element-6066-11e4-a52e-4f735466cecf":"f.5FEBA03D879F6DDA3804D407047E73A7.d.0E5D2ABB818736A53679B506FA641D12.e.4670","ELEMENT":"f.5FEBA03D879F6DDA3804D407047E73A7.d.0E5D2ABB818736A53679B506FA641D12.e.4670"}]}
COMMAND: POST /session/a6227829479fbf21341f4434e8015dec/execute/async - {"script":"<script> [1562 bytes]","args":[{"selector":{"id":"application-managesites-display-component---NewSite--addressNewCostObjectCstID-vhi"},"wdio_ui5_key":"applicationmanagesites-display-component---NewSite--addressNewCostObjectCstID-vhi"}]}
COMMAND: GET /session/a6227829479fbf21341f4434e8015dec/screenshot - {}
RESULT: {"script":"<script> [1562 bytes]","args":[{"selector":{"id":"application-managesites-display-component---NewSite--addressNewCostObjectCstID-vhi"},"wdio_ui5_key":"applicationmanagesites-display-component---NewSite--addressNewCostObjectCstID-vhi"}]}
RESULT: undefined
COMMAND: POST /session/a6227829479fbf21341f4434e8015dec/element - {"using":"xpath","value":"//*[@id=\"application-managesites-display-component---NewSite--addressNewCostObjectCstID-vhi\"]"}
RESULT: {}
RESULT: {"using":"xpath","value":"//*[@id=\"application-managesites-display-component---NewSite--addressNewCostObjectCstID-vhi\"]"}
COMMAND: POST /session/a6227829479fbf21341f4434e8015dec/element/f.5FEBA03D879F6DDA3804D407047E73A7.d.0E5D2ABB818736A53679B506FA641D12.e.4670/click - {}
RESULT: {}
COMMAND: GET /session/a6227829479fbf21341f4434e8015dec/screenshot - {}
RESULT: {}
RESULT: undefined
COMMAND: POST /session/a6227829479fbf21341f4434e8015dec/execute/async - {"script":"<script> [776 bytes]","args":[{"enterText":"10001013","selector":{"controlType":"sap.m.SearchField","properties":{"placeholder":"Search"},"searchOpenDialogs":true,"interaction":{"idSuffix":"I"}},"clearTextFirst":true,"interactionType":"ENTER_TEXT"}]}
RESULT: {"script":"<script> [776 bytes]","args":[{"enterText":"10001013","selector":{"controlType":"sap.m.SearchField","properties":{"placeholder":"Search"},"searchOpenDialogs":true,"interaction":{"idSuffix":"I"}},"clearTextFirst":true,"interactionType":"ENTER_TEXT"}]}
COMMAND: POST /session/a6227829479fbf21341f4434e8015dec/actions - {"actions":[{"id":"action15","type":"key","parameters":{},"actions":[{"type":"keyDown","value":""},{"type":"pause","duration":10},{"type":"keyUp","value":""}]}]}
RESULT: {"actions":[{"id":"action15","type":"key","parameters":{},"actions":[{"type":"keyDown","value":""},{"type":"pause","duration":10},{"type":"keyUp","value":""}]}]}
COMMAND: GET /session/a6227829479fbf21341f4434e8015dec/screenshot - {}
RESULT: {}
COMMAND: POST /session/a6227829479fbf21341f4434e8015dec/element - {"using":"xpath","value":"//span[contains(text(), \"General Management\")]"}
RESULT: {"using":"xpath","value":"//span[contains(text(), \"General Management\")]"}
COMMAND: POST /session/a6227829479fbf21341f4434e8015dec/element/f.5FEBA03D879F6DDA3804D407047E73A7.d.0E5D2ABB818736A53679B506FA641D12.e.4709/click - {}
RESULT: {}
COMMAND: GET /session/a6227829479fbf21341f4434e8015dec/screenshot - {}
RESULT: {}
COMMAND: POST /session/a6227829479fbf21341f4434e8015dec/element - {"using":"xpath","value":"//bdi[contains(text(), \"OK\")]"}
RESULT: {"using":"xpath","value":"//bdi[contains(text(), \"OK\")]"}
COMMAND: POST /session/a6227829479fbf21341f4434e8015dec/element/f.5FEBA03D879F6DDA3804D407047E73A7.d.0E5D2ABB818736A53679B506FA641D12.e.4710/click - {}
RESULT: {}
COMMAND: GET /session/a6227829479fbf21341f4434e8015dec/screenshot - {}
RESULT: {}
COMMAND: POST /session/a6227829479fbf21341f4434e8015dec/element - {"using":"xpath","value":"//input[@id=\"application-managesites-display-component---NewSite--addressDetailDetailsCalendar-inner\"]"}
RESULT: {"using":"xpath","value":"//input[@id=\"application-managesites-display-component---NewSite--addressDetailDetailsCalendar-inner\"]"}
COMMAND: POST /session/a6227829479fbf21341f4434e8015dec/element/f.5FEBA03D879F6DDA3804D407047E73A7.d.0E5D2ABB818736A53679B506FA641D12.e.4457/clear - {}
RESULT: {}
COMMAND: POST /session/a6227829479fbf21341f4434e8015dec/element/f.5FEBA03D879F6DDA3804D407047E73A7.d.0E5D2ABB818736A53679B506FA641D12.e.4457/value - {"text":"Unit"}
COMMAND: GET /session/a6227829479fbf21341f4434e8015dec/screenshot - {}
RESULT: {"text":"Unit"}
COMMAND: GET /session/a6227829479fbf21341f4434e8015dec/screenshot - {}
RESULT: {}
RESULT: {}
COMMAND: POST /session/a6227829479fbf21341f4434e8015dec/actions - {"actions":[{"id":"action16","type":"key","parameters":{},"actions":[{"type":"keyDown","value":""},{"type":"pause","duration":10},{"type":"keyUp","value":""}]}]}
RESULT: {"actions":[{"id":"action16","type":"key","parameters":{},"actions":[{"type":"keyDown","value":""},{"type":"pause","duration":10},{"type":"keyUp","value":""}]}]}
COMMAND: POST /session/a6227829479fbf21341f4434e8015dec/element - {"using":"xpath","value":"//input[@id=\"application-managesites-display-component---NewSite--addressDetailDetailsYard-inner\"]"}
COMMAND: GET /session/a6227829479fbf21341f4434e8015dec/screenshot - {}
RESULT: {"using":"xpath","value":"//input[@id=\"application-managesites-display-component---NewSite--addressDetailDetailsYard-inner\"]"}
COMMAND: POST /session/a6227829479fbf21341f4434e8015dec/element/f.5FEBA03D879F6DDA3804D407047E73A7.d.0E5D2ABB818736A53679B506FA641D12.e.4458/clear - {}
RESULT: {}
RESULT: {}
COMMAND: POST /session/a6227829479fbf21341f4434e8015dec/element/f.5FEBA03D879F6DDA3804D407047E73A7.d.0E5D2ABB818736A53679B506FA641D12.e.4458/value - {"text":"638"}
COMMAND: GET /session/a6227829479fbf21341f4434e8015dec/screenshot - {}
RESULT: {"text":"638"}
COMMAND: GET /session/a6227829479fbf21341f4434e8015dec/screenshot - {}
RESULT: {}
RESULT: {}
COMMAND: POST /session/a6227829479fbf21341f4434e8015dec/element - {"using":"xpath","value":"//li[.//span[text()='638']]"}
RESULT: {"using":"xpath","value":"//li[.//span[text()='638']]"}
COMMAND: POST /session/a6227829479fbf21341f4434e8015dec/element/f.5FEBA03D879F6DDA3804D407047E73A7.d.0E5D2ABB818736A53679B506FA641D12.e.4718/click - {}
RESULT: {}
COMMAND: GET /session/a6227829479fbf21341f4434e8015dec/screenshot - {}
RESULT: {}
COMMAND: POST /session/a6227829479fbf21341f4434e8015dec/element - {"using":"xpath","value":"//input[@id=\"application-managesites-display-component---NewSite--addressDetailDetailsPartner-inner\"]"}
RESULT: {"using":"xpath","value":"//input[@id=\"application-managesites-display-component---NewSite--addressDetailDetailsPartner-inner\"]"}
COMMAND: POST /session/a6227829479fbf21341f4434e8015dec/element - {"using":"xpath","value":"//input[@id=\"application-managesites-display-component---NewSite--addressDetailDetailsPartner-inner\"]"}
RESULT: {"using":"xpath","value":"//input[@id=\"application-managesites-display-component---NewSite--addressDetailDetailsPartner-inner\"]"}
COMMAND: POST /session/a6227829479fbf21341f4434e8015dec/element - {"using":"xpath","value":"//button[@data-kt=\"saveButton\"]"}
RESULT: {"using":"xpath","value":"//button[@data-kt=\"saveButton\"]"}
COMMAND: POST /session/a6227829479fbf21341f4434e8015dec/element/f.5FEBA03D879F6DDA3804D407047E73A7.d.0E5D2ABB818736A53679B506FA641D12.e.4596/click - {}
RESULT: {}
COMMAND: GET /session/a6227829479fbf21341f4434e8015dec/screenshot - {}
RESULT: {}
COMMAND: POST /session/a6227829479fbf21341f4434e8015dec/element - {"using":"xpath","value":"//header[contains(@id, 'ObjectPageLayout-headerTitle')]/div[1]/div[2]/div[2]/span[1]"}
RESULT: {"using":"xpath","value":"//header[contains(@id, 'ObjectPageLayout-headerTitle')]/div[1]/div[2]/div[2]/span[1]"}
COMMAND: POST /session/a6227829479fbf21341f4434e8015dec/elements - {"using":"xpath","value":"//header[contains(@id, 'ObjectPageLayout-headerTitle')]/div[1]/div[2]/div[2]/span[1]"}
RESULT: {"using":"xpath","value":"//header[contains(@id, 'ObjectPageLayout-headerTitle')]/div[1]/div[2]/div[2]/span[1]"}
COMMAND: POST /session/a6227829479fbf21341f4434e8015dec/execute/sync - {"script":"<script> [56 bytes]","args":[{"element-6066-11e4-a52e-4f735466cecf":"f.5FEBA03D879F6DDA3804D407047E73A7.d.0E5D2ABB818736A53679B506FA641D12.e.4923","ELEMENT":"f.5FEBA03D879F6DDA3804D407047E73A7.d.0E5D2ABB818736A53679B506FA641D12.e.4923"}]}
RESULT: {"script":"<script> [56 bytes]","args":[{"element-6066-11e4-a52e-4f735466cecf":"f.5FEBA03D879F6DDA3804D407047E73A7.d.0E5D2ABB818736A53679B506FA641D12.e.4923","ELEMENT":"f.5FEBA03D879F6DDA3804D407047E73A7.d.0E5D2ABB818736A53679B506FA641D12.e.4923"}]}
COMMAND: POST /session/a6227829479fbf21341f4434e8015dec/element - {"using":"css selector","value":"#shell-header-logo"}
COMMAND: GET /session/a6227829479fbf21341f4434e8015dec/screenshot - {}
RESULT: {"using":"css selector","value":"#shell-header-logo"}
COMMAND: POST /session/a6227829479fbf21341f4434e8015dec/element/f.5FEBA03D879F6DDA3804D407047E73A7.d.0E5D2ABB818736A53679B506FA641D12.e.3998/click - {}
RESULT: {}
RESULT: {}
COMMAND: GET /session/a6227829479fbf21341f4434e8015dec/screenshot - {}
RESULT: {}
COMMAND: POST /session/a6227829479fbf21341f4434e8015dec/execute/sync - {"script":"<script> [299 bytes]","args":[["getModel","getResource"]]}
RESULT: {"script":"<script> [299 bytes]","args":[["getModel","getResource"]]}
COMMAND: GET /session/a6227829479fbf21341f4434e8015dec/screenshot - {}
]]></system-out>
    </testcase>
    <testcase classname="chrome.136_0_7103_93.windows.Edit_and_delete_daily_price_US134629_US134627" name="Should go to Manage Conditions Daily Price and add the 2 rows one with yard site and one with yard" time="84.007">
      <system-out><![CDATA[
COMMAND: POST /session/a6227829479fbf21341f4434e8015dec/execute/async - {"script":"<script> [1562 bytes]","args":[{"selector":{"controlType":"sap.m.GenericTile","properties":{"header":"Manage Conditions & Prices"}},"wdio_ui5_key":"sapm.GenericTile{\"header\":\"Manage Conditions & Prices\"}"}]}
RESULT: {}
RESULT: {"script":"<script> [1562 bytes]","args":[{"selector":{"controlType":"sap.m.GenericTile","properties":{"header":"Manage Conditions & Prices"}},"wdio_ui5_key":"sapm.GenericTile{\"header\":\"Manage Conditions & Prices\"}"}]}
RESULT: undefined
COMMAND: POST /session/a6227829479fbf21341f4434e8015dec/element - {"using":"xpath","value":"//*[@id=\"__tile53\"]"}
RESULT: {"using":"xpath","value":"//*[@id=\"__tile53\"]"}
COMMAND: POST /session/a6227829479fbf21341f4434e8015dec/element/f.5FEBA03D879F6DDA3804D407047E73A7.d.0E5D2ABB818736A53679B506FA641D12.e.3149/click - {}
RESULT: {}
COMMAND: GET /session/a6227829479fbf21341f4434e8015dec/screenshot - {}
RESULT: {}
COMMAND: POST /session/a6227829479fbf21341f4434e8015dec/elements - {"using":"xpath","value":"//span[text()='Error']"}
RESULT: {"using":"xpath","value":"//span[text()='Error']"}
COMMAND: POST /session/a6227829479fbf21341f4434e8015dec/element - {"using":"xpath","value":"//button[@aria-label=\"Create\"]"}
RESULT: {"using":"xpath","value":"//button[@aria-label=\"Create\"]"}
COMMAND: POST /session/a6227829479fbf21341f4434e8015dec/element/f.5FEBA03D879F6DDA3804D407047E73A7.d.0E5D2ABB818736A53679B506FA641D12.e.4962/click - {}
RESULT: {}
COMMAND: GET /session/a6227829479fbf21341f4434e8015dec/screenshot - {}
RESULT: {}
COMMAND: POST /session/a6227829479fbf21341f4434e8015dec/actions - {"actions":[{"id":"action17","type":"key","parameters":{},"actions":[{"type":"keyDown","value":""},{"type":"pause","duration":10},{"type":"keyUp","value":""}]}]}
RESULT: {"actions":[{"id":"action17","type":"key","parameters":{},"actions":[{"type":"keyDown","value":""},{"type":"pause","duration":10},{"type":"keyUp","value":""}]}]}
COMMAND: POST /session/a6227829479fbf21341f4434e8015dec/actions - {"actions":[{"id":"action18","type":"key","parameters":{},"actions":[{"type":"keyDown","value":""},{"type":"pause","duration":10},{"type":"keyUp","value":""}]}]}
COMMAND: GET /session/a6227829479fbf21341f4434e8015dec/screenshot - {}
RESULT: {"actions":[{"id":"action18","type":"key","parameters":{},"actions":[{"type":"keyDown","value":""},{"type":"pause","duration":10},{"type":"keyUp","value":""}]}]}
COMMAND: POST /session/a6227829479fbf21341f4434e8015dec/execute/async - {"script":"<script> [1562 bytes]","args":[{"selector":{"controlType":"sap.m.Title","viewName":"etm.portal.ui.manageconditionprice.view.DailyPrices","viewId":"application-manageconditionprice-display-component---dailyPrices","i18NText":{"propertyName":"text","key":"dailyPrices"}},"wdio_ui5_key":"etmportal.ui.manageconditionprice.view.DailyPricessap.m.Title{\"propertyName\":\"text\",\"key\":\"dailyPrices\"}"}]}
COMMAND: GET /session/a6227829479fbf21341f4434e8015dec/screenshot - {}
RESULT: {}
RESULT: {"script":"<script> [1562 bytes]","args":[{"selector":{"controlType":"sap.m.Title","viewName":"etm.portal.ui.manageconditionprice.view.DailyPrices","viewId":"application-manageconditionprice-display-component---dailyPrices","i18NText":{"propertyName":"text","key":"dailyPrices"}},"wdio_ui5_key":"etmportal.ui.manageconditionprice.view.DailyPricessap.m.Title{\"propertyName\":\"text\",\"key\":\"dailyPrices\"}"}]}
RESULT: undefined
COMMAND: POST /session/a6227829479fbf21341f4434e8015dec/execute/async - {"script":"<script> [6424 bytes]","args":[{"element-6066-11e4-a52e-4f735466cecf":"f.5FEBA03D879F6DDA3804D407047E73A7.d.0E5D2ABB818736A53679B506FA641D12.e.5329"},"getText",[]]}
RESULT: {}
RESULT: {"script":"<script> [6424 bytes]","args":[{"element-6066-11e4-a52e-4f735466cecf":"f.5FEBA03D879F6DDA3804D407047E73A7.d.0E5D2ABB818736A53679B506FA641D12.e.5329"},"getText",[]]}
COMMAND: POST /session/a6227829479fbf21341f4434e8015dec/execute/async - {"script":"<script> [1562 bytes]","args":[{"selector":{"id":"application-manageconditionprice-display-component---dailyPrices--condBillCond","interaction":{"idSuffix":"inner"}},"wdio_ui5_key":"applicationmanageconditionprice-display-component---dailyPrices--condBillCond"}]}
RESULT: {"script":"<script> [1562 bytes]","args":[{"selector":{"id":"application-manageconditionprice-display-component---dailyPrices--condBillCond","interaction":{"idSuffix":"inner"}},"wdio_ui5_key":"applicationmanageconditionprice-display-component---dailyPrices--condBillCond"}]}
RESULT: undefined
COMMAND: POST /session/a6227829479fbf21341f4434e8015dec/execute/async - {"script":"<script> [776 bytes]","args":[{"enterText":"Residual Value %","selector":{"id":"application-manageconditionprice-display-component---dailyPrices--condBillCond","interaction":{"idSuffix":"inner"}},"clearTextFirst":true,"interactionType":"ENTER_TEXT"}]}
RESULT: {"script":"<script> [776 bytes]","args":[{"enterText":"Residual Value %","selector":{"id":"application-manageconditionprice-display-component---dailyPrices--condBillCond","interaction":{"idSuffix":"inner"}},"clearTextFirst":true,"interactionType":"ENTER_TEXT"}]}
COMMAND: POST /session/a6227829479fbf21341f4434e8015dec/execute/async - {"script":"<script> [1562 bytes]","args":[{"selector":{"controlType":"sap.m.StandardListItem","viewName":"etm.portal.ui.manageconditionprice.view.DailyPrices","viewId":"application-manageconditionprice-display-component---dailyPrices","properties":{"type":"Active"},"searchOpenDialogs":true,"interaction":{"idSuffix":"titleText"}},"wdio_ui5_key":"etmportal.ui.manageconditionprice.view.DailyPricessap.m.StandardListItem{\"type\":\"Active\"}"}]}
RESULT: {"script":"<script> [1562 bytes]","args":[{"selector":{"controlType":"sap.m.StandardListItem","viewName":"etm.portal.ui.manageconditionprice.view.DailyPrices","viewId":"application-manageconditionprice-display-component---dailyPrices","properties":{"type":"Active"},"searchOpenDialogs":true,"interaction":{"idSuffix":"titleText"}},"wdio_ui5_key":"etmportal.ui.manageconditionprice.view.DailyPricessap.m.StandardListItem{\"type\":\"Active\"}"}]}
RESULT: undefined
COMMAND: POST /session/a6227829479fbf21341f4434e8015dec/element - {"using":"xpath","value":"//*[@id=\"__item1297\"]"}
RESULT: {"using":"xpath","value":"//*[@id=\"__item1297\"]"}
COMMAND: POST /session/a6227829479fbf21341f4434e8015dec/element/f.5FEBA03D879F6DDA3804D407047E73A7.d.0E5D2ABB818736A53679B506FA641D12.e.5333/click - {}
RESULT: {}
COMMAND: POST /session/a6227829479fbf21341f4434e8015dec/execute/async - {"script":"<script> [1562 bytes]","args":[{"selector":{"id":"application-manageconditionprice-display-component---dailyPrices--editBtn","interaction":{"idSuffix":"BDI-content"}},"wdio_ui5_key":"applicationmanageconditionprice-display-component---dailyPrices--editBtn"}]}
COMMAND: GET /session/a6227829479fbf21341f4434e8015dec/screenshot - {}
RESULT: {"script":"<script> [1562 bytes]","args":[{"selector":{"id":"application-manageconditionprice-display-component---dailyPrices--editBtn","interaction":{"idSuffix":"BDI-content"}},"wdio_ui5_key":"applicationmanageconditionprice-display-component---dailyPrices--editBtn"}]}
RESULT: undefined
COMMAND: POST /session/a6227829479fbf21341f4434e8015dec/element - {"using":"xpath","value":"//*[@id=\"application-manageconditionprice-display-component---dailyPrices--editBtn\"]"}
RESULT: {}
RESULT: {"using":"xpath","value":"//*[@id=\"application-manageconditionprice-display-component---dailyPrices--editBtn\"]"}
COMMAND: POST /session/a6227829479fbf21341f4434e8015dec/element/f.5FEBA03D879F6DDA3804D407047E73A7.d.0E5D2ABB818736A53679B506FA641D12.e.5331/click - {}
RESULT: {}
COMMAND: POST /session/a6227829479fbf21341f4434e8015dec/execute/async - {"script":"<script> [1562 bytes]","args":[{"selector":{"controlType":"sap.m.Button","viewName":"etm.portal.ui.manageconditionprice.view.DailyPrices","viewId":"application-manageconditionprice-display-component---dailyPrices","i18NText":{"propertyName":"text","key":"add"},"interaction":{"idSuffix":"BDI-content"}},"wdio_ui5_key":"etmportal.ui.manageconditionprice.view.DailyPricessap.m.Button{\"propertyName\":\"text\",\"key\":\"add\"}"}]}
COMMAND: GET /session/a6227829479fbf21341f4434e8015dec/screenshot - {}
RESULT: {"script":"<script> [1562 bytes]","args":[{"selector":{"controlType":"sap.m.Button","viewName":"etm.portal.ui.manageconditionprice.view.DailyPrices","viewId":"application-manageconditionprice-display-component---dailyPrices","i18NText":{"propertyName":"text","key":"add"},"interaction":{"idSuffix":"BDI-content"}},"wdio_ui5_key":"etmportal.ui.manageconditionprice.view.DailyPricessap.m.Button{\"propertyName\":\"text\",\"key\":\"add\"}"}]}
RESULT: undefined
COMMAND: POST /session/a6227829479fbf21341f4434e8015dec/element - {"using":"xpath","value":"//*[@id=\"__button105\"]"}
RESULT: {}
RESULT: {"using":"xpath","value":"//*[@id=\"__button105\"]"}
COMMAND: POST /session/a6227829479fbf21341f4434e8015dec/element/f.5FEBA03D879F6DDA3804D407047E73A7.d.0E5D2ABB818736A53679B506FA641D12.e.5341/click - {}
RESULT: {}
COMMAND: POST /session/a6227829479fbf21341f4434e8015dec/elements - {"using":"css selector","value":"table tr"}
COMMAND: GET /session/a6227829479fbf21341f4434e8015dec/screenshot - {}
RESULT: {"using":"css selector","value":"table tr"}
COMMAND: POST /session/a6227829479fbf21341f4434e8015dec/element/f.5FEBA03D879F6DDA3804D407047E73A7.d.0E5D2ABB818736A53679B506FA641D12.e.5539/elements - {"using":"css selector","value":"input"}
RESULT: {}
RESULT: {"using":"css selector","value":"input"}
COMMAND: POST /session/a6227829479fbf21341f4434e8015dec/element/f.5FEBA03D879F6DDA3804D407047E73A7.d.0E5D2ABB818736A53679B506FA641D12.e.5542/clear - {}
COMMAND: POST /session/a6227829479fbf21341f4434e8015dec/element/f.5FEBA03D879F6DDA3804D407047E73A7.d.0E5D2ABB818736A53679B506FA641D12.e.5540/clear - {}
COMMAND: POST /session/a6227829479fbf21341f4434e8015dec/element/f.5FEBA03D879F6DDA3804D407047E73A7.d.0E5D2ABB818736A53679B506FA641D12.e.5543/clear - {}
COMMAND: POST /session/a6227829479fbf21341f4434e8015dec/element/f.5FEBA03D879F6DDA3804D407047E73A7.d.0E5D2ABB818736A53679B506FA641D12.e.5541/clear - {}
COMMAND: POST /session/a6227829479fbf21341f4434e8015dec/element/f.5FEBA03D879F6DDA3804D407047E73A7.d.0E5D2ABB818736A53679B506FA641D12.e.5539/elements - {"using":"css selector","value":"td"}
RESULT: {}
COMMAND: POST /session/a6227829479fbf21341f4434e8015dec/element/f.5FEBA03D879F6DDA3804D407047E73A7.d.0E5D2ABB818736A53679B506FA641D12.e.5541/value - {"text":"10/21/25"}
COMMAND: GET /session/a6227829479fbf21341f4434e8015dec/screenshot - {}
RESULT: {"using":"css selector","value":"td"}
COMMAND: POST /session/a6227829479fbf21341f4434e8015dec/element - {"using":"xpath","value":".//li[contains(., \"2339\") and not(.//li)]"}
COMMAND: POST /session/a6227829479fbf21341f4434e8015dec/element/f.5FEBA03D879F6DDA3804D407047E73A7.d.0E5D2ABB818736A53679B506FA641D12.e.5561/element - {"using":"css selector","value":"input"}
COMMAND: POST /session/a6227829479fbf21341f4434e8015dec/element/f.5FEBA03D879F6DDA3804D407047E73A7.d.0E5D2ABB818736A53679B506FA641D12.e.5561/element - {"using":"css selector","value":"input"}
RESULT: {}
COMMAND: POST /session/a6227829479fbf21341f4434e8015dec/element/f.5FEBA03D879F6DDA3804D407047E73A7.d.0E5D2ABB818736A53679B506FA641D12.e.5543/value - {"text":"Euro"}
COMMAND: GET /session/a6227829479fbf21341f4434e8015dec/screenshot - {}
RESULT: {}
COMMAND: POST /session/a6227829479fbf21341f4434e8015dec/element/f.5FEBA03D879F6DDA3804D407047E73A7.d.0E5D2ABB818736A53679B506FA641D12.e.5540/value - {"text":"05/21/25"}
COMMAND: GET /session/a6227829479fbf21341f4434e8015dec/screenshot - {}
RESULT: {}
COMMAND: POST /session/a6227829479fbf21341f4434e8015dec/element/f.5FEBA03D879F6DDA3804D407047E73A7.d.0E5D2ABB818736A53679B506FA641D12.e.5542/value - {"text":"705.60"}
COMMAND: GET /session/a6227829479fbf21341f4434e8015dec/screenshot - {}
RESULT: {"text":"10/21/25"}
COMMAND: GET /session/a6227829479fbf21341f4434e8015dec/screenshot - {}
RESULT: {}
RESULT: {"using":"css selector","value":"input"}
COMMAND: POST /session/a6227829479fbf21341f4434e8015dec/element/f.5FEBA03D879F6DDA3804D407047E73A7.d.0E5D2ABB818736A53679B506FA641D12.e.5544/click - {}
RESULT: {"using":"css selector","value":"input"}
COMMAND: POST /session/a6227829479fbf21341f4434e8015dec/element/f.5FEBA03D879F6DDA3804D407047E73A7.d.0E5D2ABB818736A53679B506FA641D12.e.5544/clear - {}
RESULT: {"using":"xpath","value":".//li[contains(., \"2339\") and not(.//li)]"}
RESULT: {"text":"Euro"}
COMMAND: GET /session/a6227829479fbf21341f4434e8015dec/screenshot - {}
RESULT: {}
RESULT: {"text":"05/21/25"}
RESULT: {}
RESULT: {"text":"705.60"}
COMMAND: POST /session/a6227829479fbf21341f4434e8015dec/elements - {"using":"xpath","value":".//li[contains(., \"2339\") and not(.//li)]"}
COMMAND: GET /session/a6227829479fbf21341f4434e8015dec/screenshot - {}
COMMAND: GET /session/a6227829479fbf21341f4434e8015dec/screenshot - {}
RESULT: {}
RESULT: {}
RESULT: {}
RESULT: {}
COMMAND: POST /session/a6227829479fbf21341f4434e8015dec/element/f.5FEBA03D879F6DDA3804D407047E73A7.d.0E5D2ABB818736A53679B506FA641D12.e.5544/value - {"text":"2339"}
COMMAND: GET /session/a6227829479fbf21341f4434e8015dec/screenshot - {}
COMMAND: GET /session/a6227829479fbf21341f4434e8015dec/screenshot - {}
RESULT: {}
RESULT: {"using":"xpath","value":".//li[contains(., \"2339\") and not(.//li)]"}
RESULT: {}
RESULT: {}
COMMAND: POST /session/a6227829479fbf21341f4434e8015dec/elements - {"using":"xpath","value":".//li[contains(., \"2339\") and not(.//li)]"}
RESULT: {"text":"2339"}
COMMAND: GET /session/a6227829479fbf21341f4434e8015dec/screenshot - {}
RESULT: {}
RESULT: {}
RESULT: {"using":"xpath","value":".//li[contains(., \"2339\") and not(.//li)]"}
RESULT: {}
COMMAND: POST /session/a6227829479fbf21341f4434e8015dec/elements - {"using":"xpath","value":".//li[contains(., \"2339\") and not(.//li)]"}
RESULT: {"using":"xpath","value":".//li[contains(., \"2339\") and not(.//li)]"}
COMMAND: POST /session/a6227829479fbf21341f4434e8015dec/elements - {"using":"xpath","value":".//li[contains(., \"2339\") and not(.//li)]"}
RESULT: {"using":"xpath","value":".//li[contains(., \"2339\") and not(.//li)]"}
COMMAND: POST /session/a6227829479fbf21341f4434e8015dec/elements - {"using":"xpath","value":".//li[contains(., \"2339\") and not(.//li)]"}
RESULT: {"using":"xpath","value":".//li[contains(., \"2339\") and not(.//li)]"}
COMMAND: POST /session/a6227829479fbf21341f4434e8015dec/elements - {"using":"xpath","value":".//li[contains(., \"2339\") and not(.//li)]"}
RESULT: {"using":"xpath","value":".//li[contains(., \"2339\") and not(.//li)]"}
COMMAND: POST /session/a6227829479fbf21341f4434e8015dec/elements - {"using":"xpath","value":".//li[contains(., \"2339\") and not(.//li)]"}
RESULT: {"using":"xpath","value":".//li[contains(., \"2339\") and not(.//li)]"}
COMMAND: POST /session/a6227829479fbf21341f4434e8015dec/elements - {"using":"xpath","value":".//li[contains(., \"2339\") and not(.//li)]"}
RESULT: {"using":"xpath","value":".//li[contains(., \"2339\") and not(.//li)]"}
COMMAND: POST /session/a6227829479fbf21341f4434e8015dec/elements - {"using":"xpath","value":".//li[contains(., \"2339\") and not(.//li)]"}
RESULT: {"using":"xpath","value":".//li[contains(., \"2339\") and not(.//li)]"}
COMMAND: POST /session/a6227829479fbf21341f4434e8015dec/elements - {"using":"xpath","value":".//li[contains(., \"2339\") and not(.//li)]"}
RESULT: {"using":"xpath","value":".//li[contains(., \"2339\") and not(.//li)]"}
COMMAND: POST /session/a6227829479fbf21341f4434e8015dec/element - {"using":"xpath","value":".//li[contains(., \"2339\") and not(.//li)]"}
RESULT: {"using":"xpath","value":".//li[contains(., \"2339\") and not(.//li)]"}
COMMAND: POST /session/a6227829479fbf21341f4434e8015dec/element/f.5FEBA03D879F6DDA3804D407047E73A7.d.0E5D2ABB818736A53679B506FA641D12.e.5568/click - {}
RESULT: {}
COMMAND: POST /session/a6227829479fbf21341f4434e8015dec/element/f.5FEBA03D879F6DDA3804D407047E73A7.d.0E5D2ABB818736A53679B506FA641D12.e.5562/element - {"using":"css selector","value":"input"}
COMMAND: GET /session/a6227829479fbf21341f4434e8015dec/screenshot - {}
RESULT: {"using":"css selector","value":"input"}
COMMAND: POST /session/a6227829479fbf21341f4434e8015dec/element/f.5FEBA03D879F6DDA3804D407047E73A7.d.0E5D2ABB818736A53679B506FA641D12.e.5545/click - {}
RESULT: {}
RESULT: {}
COMMAND: GET /session/a6227829479fbf21341f4434e8015dec/screenshot - {}
RESULT: {}
COMMAND: POST /session/a6227829479fbf21341f4434e8015dec/element/f.5FEBA03D879F6DDA3804D407047E73A7.d.0E5D2ABB818736A53679B506FA641D12.e.5562/element - {"using":"css selector","value":"input"}
RESULT: {"using":"css selector","value":"input"}
COMMAND: POST /session/a6227829479fbf21341f4434e8015dec/element/f.5FEBA03D879F6DDA3804D407047E73A7.d.0E5D2ABB818736A53679B506FA641D12.e.5545/clear - {}
RESULT: {}
COMMAND: POST /session/a6227829479fbf21341f4434e8015dec/element/f.5FEBA03D879F6DDA3804D407047E73A7.d.0E5D2ABB818736A53679B506FA641D12.e.5545/value - {"text":"638"}
COMMAND: GET /session/a6227829479fbf21341f4434e8015dec/screenshot - {}
RESULT: {"text":"638"}
COMMAND: GET /session/a6227829479fbf21341f4434e8015dec/screenshot - {}
RESULT: {}
RESULT: {}
COMMAND: POST /session/a6227829479fbf21341f4434e8015dec/element - {"using":"xpath","value":".//li[contains(., \"638\") and not(.//li)]"}
RESULT: {"using":"xpath","value":".//li[contains(., \"638\") and not(.//li)]"}
COMMAND: POST /session/a6227829479fbf21341f4434e8015dec/element/f.5FEBA03D879F6DDA3804D407047E73A7.d.0E5D2ABB818736A53679B506FA641D12.e.5569/click - {}
RESULT: {}
RESULT: undefined
COMMAND: POST /session/a6227829479fbf21341f4434e8015dec/element - {"using":"xpath","value":"//*[@id=\"__button105\"]"}
COMMAND: GET /session/a6227829479fbf21341f4434e8015dec/screenshot - {}
RESULT: {"using":"xpath","value":"//*[@id=\"__button105\"]"}
COMMAND: POST /session/a6227829479fbf21341f4434e8015dec/element/f.5FEBA03D879F6DDA3804D407047E73A7.d.0E5D2ABB818736A53679B506FA641D12.e.5341/click - {}
RESULT: {}
RESULT: {}
COMMAND: POST /session/a6227829479fbf21341f4434e8015dec/elements - {"using":"css selector","value":"table tr"}
COMMAND: GET /session/a6227829479fbf21341f4434e8015dec/screenshot - {}
RESULT: {"using":"css selector","value":"table tr"}
COMMAND: POST /session/a6227829479fbf21341f4434e8015dec/element/f.5FEBA03D879F6DDA3804D407047E73A7.d.0E5D2ABB818736A53679B506FA641D12.e.5578/elements - {"using":"css selector","value":"input"}
RESULT: {}
RESULT: {"using":"css selector","value":"input"}
COMMAND: POST /session/a6227829479fbf21341f4434e8015dec/element/f.5FEBA03D879F6DDA3804D407047E73A7.d.0E5D2ABB818736A53679B506FA641D12.e.5573/clear - {}
COMMAND: POST /session/a6227829479fbf21341f4434e8015dec/element/f.5FEBA03D879F6DDA3804D407047E73A7.d.0E5D2ABB818736A53679B506FA641D12.e.5571/clear - {}
COMMAND: POST /session/a6227829479fbf21341f4434e8015dec/element/f.5FEBA03D879F6DDA3804D407047E73A7.d.0E5D2ABB818736A53679B506FA641D12.e.5574/clear - {}
COMMAND: POST /session/a6227829479fbf21341f4434e8015dec/element/f.5FEBA03D879F6DDA3804D407047E73A7.d.0E5D2ABB818736A53679B506FA641D12.e.5572/clear - {}
RESULT: {}
COMMAND: POST /session/a6227829479fbf21341f4434e8015dec/element/f.5FEBA03D879F6DDA3804D407047E73A7.d.0E5D2ABB818736A53679B506FA641D12.e.5573/value - {"text":"99.5"}
COMMAND: GET /session/a6227829479fbf21341f4434e8015dec/screenshot - {}
RESULT: {}
COMMAND: POST /session/a6227829479fbf21341f4434e8015dec/element/f.5FEBA03D879F6DDA3804D407047E73A7.d.0E5D2ABB818736A53679B506FA641D12.e.5571/value - {"text":"05/21/25"}
COMMAND: GET /session/a6227829479fbf21341f4434e8015dec/screenshot - {}
RESULT: {}
COMMAND: POST /session/a6227829479fbf21341f4434e8015dec/element/f.5FEBA03D879F6DDA3804D407047E73A7.d.0E5D2ABB818736A53679B506FA641D12.e.5574/value - {"text":"US Dollar"}
COMMAND: GET /session/a6227829479fbf21341f4434e8015dec/screenshot - {}
RESULT: {}
COMMAND: POST /session/a6227829479fbf21341f4434e8015dec/element/f.5FEBA03D879F6DDA3804D407047E73A7.d.0E5D2ABB818736A53679B506FA641D12.e.5572/value - {"text":"10/21/25"}
COMMAND: GET /session/a6227829479fbf21341f4434e8015dec/screenshot - {}
RESULT: {"text":"99.5"}
COMMAND: GET /session/a6227829479fbf21341f4434e8015dec/screenshot - {}
COMMAND: POST /session/a6227829479fbf21341f4434e8015dec/element/f.5FEBA03D879F6DDA3804D407047E73A7.d.0E5D2ABB818736A53679B506FA641D12.e.5578/elements - {"using":"css selector","value":"td"}
RESULT: {}
RESULT: {"text":"05/21/25"}
COMMAND: GET /session/a6227829479fbf21341f4434e8015dec/screenshot - {}
RESULT: {}
RESULT: {"text":"US Dollar"}
COMMAND: GET /session/a6227829479fbf21341f4434e8015dec/screenshot - {}
RESULT: {}
RESULT: {"text":"10/21/25"}
COMMAND: GET /session/a6227829479fbf21341f4434e8015dec/screenshot - {}
RESULT: {}
RESULT: {}
RESULT: {"using":"css selector","value":"td"}
COMMAND: POST /session/a6227829479fbf21341f4434e8015dec/element/f.5FEBA03D879F6DDA3804D407047E73A7.d.0E5D2ABB818736A53679B506FA641D12.e.5593/element - {"using":"css selector","value":"input"}
RESULT: {}
RESULT: {}
RESULT: {}
RESULT: {"using":"css selector","value":"input"}
COMMAND: POST /session/a6227829479fbf21341f4434e8015dec/element/f.5FEBA03D879F6DDA3804D407047E73A7.d.0E5D2ABB818736A53679B506FA641D12.e.5575/click - {}
RESULT: {}
COMMAND: GET /session/a6227829479fbf21341f4434e8015dec/screenshot - {}
RESULT: {}
COMMAND: POST /session/a6227829479fbf21341f4434e8015dec/element/f.5FEBA03D879F6DDA3804D407047E73A7.d.0E5D2ABB818736A53679B506FA641D12.e.5593/element - {"using":"css selector","value":"input"}
RESULT: {"using":"css selector","value":"input"}
COMMAND: POST /session/a6227829479fbf21341f4434e8015dec/element/f.5FEBA03D879F6DDA3804D407047E73A7.d.0E5D2ABB818736A53679B506FA641D12.e.5575/clear - {}
RESULT: {}
COMMAND: POST /session/a6227829479fbf21341f4434e8015dec/element/f.5FEBA03D879F6DDA3804D407047E73A7.d.0E5D2ABB818736A53679B506FA641D12.e.5575/value - {"text":"2339"}
COMMAND: GET /session/a6227829479fbf21341f4434e8015dec/screenshot - {}
RESULT: {"text":"2339"}
COMMAND: GET /session/a6227829479fbf21341f4434e8015dec/screenshot - {}
RESULT: {}
RESULT: {}
COMMAND: POST /session/a6227829479fbf21341f4434e8015dec/element - {"using":"xpath","value":"(//li[div//span[contains(text(), '2339')]])[2]"}
RESULT: {"using":"xpath","value":"(//li[div//span[contains(text(), '2339')]])[2]"}
COMMAND: POST /session/a6227829479fbf21341f4434e8015dec/element/f.5FEBA03D879F6DDA3804D407047E73A7.d.0E5D2ABB818736A53679B506FA641D12.e.5599/click - {}
RESULT: {}
COMMAND: POST /session/a6227829479fbf21341f4434e8015dec/execute/async - {"script":"<script> [1562 bytes]","args":[{"selector":{"controlType":"sap.m.Button","viewName":"etm.portal.ui.manageconditionprice.view.DailyPrices","viewId":"application-manageconditionprice-display-component---dailyPrices","i18NText":{"propertyName":"tooltip","key":"save"},"interaction":{"idSuffix":"BDI-content"}},"wdio_ui5_key":"etmportal.ui.manageconditionprice.view.DailyPricessap.m.Button{\"propertyName\":\"tooltip\",\"key\":\"save\"}"}]}
COMMAND: GET /session/a6227829479fbf21341f4434e8015dec/screenshot - {}
RESULT: {"script":"<script> [1562 bytes]","args":[{"selector":{"controlType":"sap.m.Button","viewName":"etm.portal.ui.manageconditionprice.view.DailyPrices","viewId":"application-manageconditionprice-display-component---dailyPrices","i18NText":{"propertyName":"tooltip","key":"save"},"interaction":{"idSuffix":"BDI-content"}},"wdio_ui5_key":"etmportal.ui.manageconditionprice.view.DailyPricessap.m.Button{\"propertyName\":\"tooltip\",\"key\":\"save\"}"}]}
RESULT: undefined
COMMAND: POST /session/a6227829479fbf21341f4434e8015dec/element - {"using":"xpath","value":"//*[@id=\"__button107\"]"}
RESULT: {}
RESULT: {"using":"xpath","value":"//*[@id=\"__button107\"]"}
COMMAND: POST /session/a6227829479fbf21341f4434e8015dec/element/f.5FEBA03D879F6DDA3804D407047E73A7.d.0E5D2ABB818736A53679B506FA641D12.e.5335/click - {}
RESULT: {}
COMMAND: GET /session/a6227829479fbf21341f4434e8015dec/screenshot - {}
RESULT: {}
]]></system-out>
    </testcase>
    <testcase classname="chrome.136_0_7103_93.windows.Edit_and_delete_daily_price_US134629_US134627" name="Should check whether the 2 rows have been added then edit one of the rows s currency and value and save and check the edited values" time="12.576">
      <system-out><![CDATA[
COMMAND: POST /session/a6227829479fbf21341f4434e8015dec/elements - {"using":"css selector","value":"table tr"}
RESULT: {"using":"css selector","value":"table tr"}
COMMAND: POST /session/a6227829479fbf21341f4434e8015dec/element/f.5FEBA03D879F6DDA3804D407047E73A7.d.0E5D2ABB818736A53679B506FA641D12.e.5578/elements - {"using":"css selector","value":"td"}
RESULT: {"using":"css selector","value":"td"}
COMMAND: POST /session/a6227829479fbf21341f4434e8015dec/element/f.5FEBA03D879F6DDA3804D407047E73A7.d.0E5D2ABB818736A53679B506FA641D12.e.5539/elements - {"using":"css selector","value":"td"}
RESULT: {"using":"css selector","value":"td"}
COMMAND: POST /session/a6227829479fbf21341f4434e8015dec/element/f.5FEBA03D879F6DDA3804D407047E73A7.d.0E5D2ABB818736A53679B506FA641D12.e.5602/element - {"using":"css selector","value":".sapMObjectNumberText"}
RESULT: {"using":"css selector","value":".sapMObjectNumberText"}
COMMAND: GET /session/a6227829479fbf21341f4434e8015dec/element/f.5FEBA03D879F6DDA3804D407047E73A7.d.0E5D2ABB818736A53679B506FA641D12.e.5604/text - {}
RESULT: {}
COMMAND: POST /session/a6227829479fbf21341f4434e8015dec/element/f.5FEBA03D879F6DDA3804D407047E73A7.d.0E5D2ABB818736A53679B506FA641D12.e.5603/element - {"using":"css selector","value":".sapMObjectNumberText"}
RESULT: {"using":"css selector","value":".sapMObjectNumberText"}
COMMAND: GET /session/a6227829479fbf21341f4434e8015dec/element/f.5FEBA03D879F6DDA3804D407047E73A7.d.0E5D2ABB818736A53679B506FA641D12.e.5605/text - {}
RESULT: {}
RESULT: undefined
COMMAND: POST /session/a6227829479fbf21341f4434e8015dec/element - {"using":"xpath","value":"//*[@id=\"application-manageconditionprice-display-component---dailyPrices--editBtn\"]"}
RESULT: {"using":"xpath","value":"//*[@id=\"application-manageconditionprice-display-component---dailyPrices--editBtn\"]"}
COMMAND: POST /session/a6227829479fbf21341f4434e8015dec/element/f.5FEBA03D879F6DDA3804D407047E73A7.d.0E5D2ABB818736A53679B506FA641D12.e.5601/click - {}
RESULT: {}
COMMAND: POST /session/a6227829479fbf21341f4434e8015dec/elements - {"using":"css selector","value":"table tr"}
COMMAND: GET /session/a6227829479fbf21341f4434e8015dec/screenshot - {}
RESULT: {"using":"css selector","value":"table tr"}
COMMAND: POST /session/a6227829479fbf21341f4434e8015dec/element/f.5FEBA03D879F6DDA3804D407047E73A7.d.0E5D2ABB818736A53679B506FA641D12.e.5578/elements - {"using":"css selector","value":"input"}
RESULT: {}
RESULT: {"using":"css selector","value":"input"}
COMMAND: POST /session/a6227829479fbf21341f4434e8015dec/element/f.5FEBA03D879F6DDA3804D407047E73A7.d.0E5D2ABB818736A53679B506FA641D12.e.5620/clear - {}
COMMAND: POST /session/a6227829479fbf21341f4434e8015dec/element/f.5FEBA03D879F6DDA3804D407047E73A7.d.0E5D2ABB818736A53679B506FA641D12.e.5621/clear - {}
RESULT: {}
COMMAND: POST /session/a6227829479fbf21341f4434e8015dec/element/f.5FEBA03D879F6DDA3804D407047E73A7.d.0E5D2ABB818736A53679B506FA641D12.e.5621/value - {"text":"US Dollar"}
COMMAND: GET /session/a6227829479fbf21341f4434e8015dec/screenshot - {}
RESULT: {}
COMMAND: POST /session/a6227829479fbf21341f4434e8015dec/element/f.5FEBA03D879F6DDA3804D407047E73A7.d.0E5D2ABB818736A53679B506FA641D12.e.5620/value - {"text":"566.1"}
COMMAND: GET /session/a6227829479fbf21341f4434e8015dec/screenshot - {}
RESULT: {"text":"US Dollar"}
COMMAND: GET /session/a6227829479fbf21341f4434e8015dec/screenshot - {}
RESULT: {}
RESULT: {"text":"566.1"}
COMMAND: GET /session/a6227829479fbf21341f4434e8015dec/screenshot - {}
RESULT: undefined
COMMAND: POST /session/a6227829479fbf21341f4434e8015dec/element - {"using":"xpath","value":"//*[@id=\"__button107\"]"}
RESULT: {}
RESULT: {}
RESULT: {}
RESULT: {"using":"xpath","value":"//*[@id=\"__button107\"]"}
COMMAND: POST /session/a6227829479fbf21341f4434e8015dec/element/f.5FEBA03D879F6DDA3804D407047E73A7.d.0E5D2ABB818736A53679B506FA641D12.e.5606/click - {}
RESULT: {}
COMMAND: GET /session/a6227829479fbf21341f4434e8015dec/screenshot - {}
RESULT: {}
COMMAND: POST /session/a6227829479fbf21341f4434e8015dec/elements - {"using":"css selector","value":"table tr"}
RESULT: {"using":"css selector","value":"table tr"}
COMMAND: POST /session/a6227829479fbf21341f4434e8015dec/element/f.5FEBA03D879F6DDA3804D407047E73A7.d.0E5D2ABB818736A53679B506FA641D12.e.5578/elements - {"using":"css selector","value":"td"}
RESULT: {"using":"css selector","value":"td"}
COMMAND: POST /session/a6227829479fbf21341f4434e8015dec/element/f.5FEBA03D879F6DDA3804D407047E73A7.d.0E5D2ABB818736A53679B506FA641D12.e.5625/element - {"using":"css selector","value":".sapMObjectNumberText"}
RESULT: {"using":"css selector","value":".sapMObjectNumberText"}
COMMAND: GET /session/a6227829479fbf21341f4434e8015dec/element/f.5FEBA03D879F6DDA3804D407047E73A7.d.0E5D2ABB818736A53679B506FA641D12.e.5627/text - {}
RESULT: {}
]]></system-out>
    </testcase>
    <testcase classname="chrome.136_0_7103_93.windows.Edit_and_delete_daily_price_US134629_US134627" name="Should go into edit and delete all the rows that match the yard we have created for this scenario check if all rows deleted" time="27.765">
      <system-out><![CDATA[
RESULT: undefined
COMMAND: POST /session/a6227829479fbf21341f4434e8015dec/element - {"using":"xpath","value":"//*[@id=\"application-manageconditionprice-display-component---dailyPrices--editBtn\"]"}
RESULT: {"using":"xpath","value":"//*[@id=\"application-manageconditionprice-display-component---dailyPrices--editBtn\"]"}
COMMAND: POST /session/a6227829479fbf21341f4434e8015dec/element/f.5FEBA03D879F6DDA3804D407047E73A7.d.0E5D2ABB818736A53679B506FA641D12.e.5624/click - {}
RESULT: {}
COMMAND: GET /session/a6227829479fbf21341f4434e8015dec/screenshot - {}
RESULT: {}
COMMAND: POST /session/a6227829479fbf21341f4434e8015dec/elements - {"using":"css selector","value":"table tr"}
RESULT: {"using":"css selector","value":"table tr"}
COMMAND: POST /session/a6227829479fbf21341f4434e8015dec/element/f.5FEBA03D879F6DDA3804D407047E73A7.d.0E5D2ABB818736A53679B506FA641D12.e.5343/elements - {"using":"css selector","value":"td"}
RESULT: {"using":"css selector","value":"td"}
COMMAND: POST /session/a6227829479fbf21341f4434e8015dec/element/f.5FEBA03D879F6DDA3804D407047E73A7.d.0E5D2ABB818736A53679B506FA641D12.e.5344/elements - {"using":"css selector","value":"td"}
RESULT: {"using":"css selector","value":"td"}
COMMAND: POST /session/a6227829479fbf21341f4434e8015dec/element/f.5FEBA03D879F6DDA3804D407047E73A7.d.0E5D2ABB818736A53679B506FA641D12.e.5345/elements - {"using":"css selector","value":"td"}
RESULT: {"using":"css selector","value":"td"}
COMMAND: POST /session/a6227829479fbf21341f4434e8015dec/element/f.5FEBA03D879F6DDA3804D407047E73A7.d.0E5D2ABB818736A53679B506FA641D12.e.5267/elements - {"using":"css selector","value":"td"}
RESULT: {"using":"css selector","value":"td"}
COMMAND: POST /session/a6227829479fbf21341f4434e8015dec/element/f.5FEBA03D879F6DDA3804D407047E73A7.d.0E5D2ABB818736A53679B506FA641D12.e.5268/elements - {"using":"css selector","value":"td"}
RESULT: {"using":"css selector","value":"td"}
COMMAND: POST /session/a6227829479fbf21341f4434e8015dec/element/f.5FEBA03D879F6DDA3804D407047E73A7.d.0E5D2ABB818736A53679B506FA641D12.e.5277/elements - {"using":"css selector","value":"td"}
RESULT: {"using":"css selector","value":"td"}
COMMAND: POST /session/a6227829479fbf21341f4434e8015dec/element/f.5FEBA03D879F6DDA3804D407047E73A7.d.0E5D2ABB818736A53679B506FA641D12.e.5278/elements - {"using":"css selector","value":"td"}
RESULT: {"using":"css selector","value":"td"}
COMMAND: POST /session/a6227829479fbf21341f4434e8015dec/element/f.5FEBA03D879F6DDA3804D407047E73A7.d.0E5D2ABB818736A53679B506FA641D12.e.5287/elements - {"using":"css selector","value":"td"}
RESULT: {"using":"css selector","value":"td"}
COMMAND: POST /session/a6227829479fbf21341f4434e8015dec/element/f.5FEBA03D879F6DDA3804D407047E73A7.d.0E5D2ABB818736A53679B506FA641D12.e.5288/elements - {"using":"css selector","value":"td"}
RESULT: {"using":"css selector","value":"td"}
COMMAND: POST /session/a6227829479fbf21341f4434e8015dec/element/f.5FEBA03D879F6DDA3804D407047E73A7.d.0E5D2ABB818736A53679B506FA641D12.e.5293/elements - {"using":"css selector","value":"td"}
RESULT: {"using":"css selector","value":"td"}
COMMAND: POST /session/a6227829479fbf21341f4434e8015dec/element/f.5FEBA03D879F6DDA3804D407047E73A7.d.0E5D2ABB818736A53679B506FA641D12.e.5346/elements - {"using":"css selector","value":"td"}
RESULT: {"using":"css selector","value":"td"}
COMMAND: POST /session/a6227829479fbf21341f4434e8015dec/element/f.5FEBA03D879F6DDA3804D407047E73A7.d.0E5D2ABB818736A53679B506FA641D12.e.5347/elements - {"using":"css selector","value":"td"}
RESULT: {"using":"css selector","value":"td"}
COMMAND: POST /session/a6227829479fbf21341f4434e8015dec/element/f.5FEBA03D879F6DDA3804D407047E73A7.d.0E5D2ABB818736A53679B506FA641D12.e.5348/elements - {"using":"css selector","value":"td"}
RESULT: {"using":"css selector","value":"td"}
COMMAND: POST /session/a6227829479fbf21341f4434e8015dec/element/f.5FEBA03D879F6DDA3804D407047E73A7.d.0E5D2ABB818736A53679B506FA641D12.e.5349/elements - {"using":"css selector","value":"td"}
RESULT: {"using":"css selector","value":"td"}
COMMAND: POST /session/a6227829479fbf21341f4434e8015dec/element/f.5FEBA03D879F6DDA3804D407047E73A7.d.0E5D2ABB818736A53679B506FA641D12.e.5350/elements - {"using":"css selector","value":"td"}
RESULT: {"using":"css selector","value":"td"}
COMMAND: POST /session/a6227829479fbf21341f4434e8015dec/element/f.5FEBA03D879F6DDA3804D407047E73A7.d.0E5D2ABB818736A53679B506FA641D12.e.5351/elements - {"using":"css selector","value":"td"}
RESULT: {"using":"css selector","value":"td"}
COMMAND: POST /session/a6227829479fbf21341f4434e8015dec/element/f.5FEBA03D879F6DDA3804D407047E73A7.d.0E5D2ABB818736A53679B506FA641D12.e.5352/elements - {"using":"css selector","value":"td"}
RESULT: {"using":"css selector","value":"td"}
COMMAND: POST /session/a6227829479fbf21341f4434e8015dec/element/f.5FEBA03D879F6DDA3804D407047E73A7.d.0E5D2ABB818736A53679B506FA641D12.e.5353/elements - {"using":"css selector","value":"td"}
RESULT: {"using":"css selector","value":"td"}
COMMAND: POST /session/a6227829479fbf21341f4434e8015dec/element/f.5FEBA03D879F6DDA3804D407047E73A7.d.0E5D2ABB818736A53679B506FA641D12.e.5354/elements - {"using":"css selector","value":"td"}
RESULT: {"using":"css selector","value":"td"}
COMMAND: POST /session/a6227829479fbf21341f4434e8015dec/element/f.5FEBA03D879F6DDA3804D407047E73A7.d.0E5D2ABB818736A53679B506FA641D12.e.5355/elements - {"using":"css selector","value":"td"}
RESULT: {"using":"css selector","value":"td"}
COMMAND: POST /session/a6227829479fbf21341f4434e8015dec/element/f.5FEBA03D879F6DDA3804D407047E73A7.d.0E5D2ABB818736A53679B506FA641D12.e.5356/elements - {"using":"css selector","value":"td"}
RESULT: {"using":"css selector","value":"td"}
COMMAND: POST /session/a6227829479fbf21341f4434e8015dec/element/f.5FEBA03D879F6DDA3804D407047E73A7.d.0E5D2ABB818736A53679B506FA641D12.e.5357/elements - {"using":"css selector","value":"td"}
RESULT: {"using":"css selector","value":"td"}
COMMAND: POST /session/a6227829479fbf21341f4434e8015dec/element/f.5FEBA03D879F6DDA3804D407047E73A7.d.0E5D2ABB818736A53679B506FA641D12.e.5358/elements - {"using":"css selector","value":"td"}
RESULT: {"using":"css selector","value":"td"}
COMMAND: POST /session/a6227829479fbf21341f4434e8015dec/element/f.5FEBA03D879F6DDA3804D407047E73A7.d.0E5D2ABB818736A53679B506FA641D12.e.5359/elements - {"using":"css selector","value":"td"}
RESULT: {"using":"css selector","value":"td"}
COMMAND: POST /session/a6227829479fbf21341f4434e8015dec/element/f.5FEBA03D879F6DDA3804D407047E73A7.d.0E5D2ABB818736A53679B506FA641D12.e.5360/elements - {"using":"css selector","value":"td"}
RESULT: {"using":"css selector","value":"td"}
COMMAND: POST /session/a6227829479fbf21341f4434e8015dec/element/f.5FEBA03D879F6DDA3804D407047E73A7.d.0E5D2ABB818736A53679B506FA641D12.e.5361/elements - {"using":"css selector","value":"td"}
RESULT: {"using":"css selector","value":"td"}
COMMAND: POST /session/a6227829479fbf21341f4434e8015dec/element/f.5FEBA03D879F6DDA3804D407047E73A7.d.0E5D2ABB818736A53679B506FA641D12.e.5362/elements - {"using":"css selector","value":"td"}
RESULT: {"using":"css selector","value":"td"}
COMMAND: POST /session/a6227829479fbf21341f4434e8015dec/element/f.5FEBA03D879F6DDA3804D407047E73A7.d.0E5D2ABB818736A53679B506FA641D12.e.5363/elements - {"using":"css selector","value":"td"}
RESULT: {"using":"css selector","value":"td"}
COMMAND: POST /session/a6227829479fbf21341f4434e8015dec/element/f.5FEBA03D879F6DDA3804D407047E73A7.d.0E5D2ABB818736A53679B506FA641D12.e.5364/elements - {"using":"css selector","value":"td"}
RESULT: {"using":"css selector","value":"td"}
COMMAND: POST /session/a6227829479fbf21341f4434e8015dec/element/f.5FEBA03D879F6DDA3804D407047E73A7.d.0E5D2ABB818736A53679B506FA641D12.e.5365/elements - {"using":"css selector","value":"td"}
RESULT: {"using":"css selector","value":"td"}
COMMAND: POST /session/a6227829479fbf21341f4434e8015dec/element/f.5FEBA03D879F6DDA3804D407047E73A7.d.0E5D2ABB818736A53679B506FA641D12.e.5366/elements - {"using":"css selector","value":"td"}
RESULT: {"using":"css selector","value":"td"}
COMMAND: POST /session/a6227829479fbf21341f4434e8015dec/element/f.5FEBA03D879F6DDA3804D407047E73A7.d.0E5D2ABB818736A53679B506FA641D12.e.5367/elements - {"using":"css selector","value":"td"}
RESULT: {"using":"css selector","value":"td"}
COMMAND: POST /session/a6227829479fbf21341f4434e8015dec/element/f.5FEBA03D879F6DDA3804D407047E73A7.d.0E5D2ABB818736A53679B506FA641D12.e.5368/elements - {"using":"css selector","value":"td"}
RESULT: {"using":"css selector","value":"td"}
COMMAND: POST /session/a6227829479fbf21341f4434e8015dec/element/f.5FEBA03D879F6DDA3804D407047E73A7.d.0E5D2ABB818736A53679B506FA641D12.e.5369/elements - {"using":"css selector","value":"td"}
RESULT: {"using":"css selector","value":"td"}
COMMAND: POST /session/a6227829479fbf21341f4434e8015dec/element/f.5FEBA03D879F6DDA3804D407047E73A7.d.0E5D2ABB818736A53679B506FA641D12.e.5370/elements - {"using":"css selector","value":"td"}
RESULT: {"using":"css selector","value":"td"}
COMMAND: POST /session/a6227829479fbf21341f4434e8015dec/element/f.5FEBA03D879F6DDA3804D407047E73A7.d.0E5D2ABB818736A53679B506FA641D12.e.5371/elements - {"using":"css selector","value":"td"}
RESULT: {"using":"css selector","value":"td"}
COMMAND: POST /session/a6227829479fbf21341f4434e8015dec/element/f.5FEBA03D879F6DDA3804D407047E73A7.d.0E5D2ABB818736A53679B506FA641D12.e.5372/elements - {"using":"css selector","value":"td"}
RESULT: {"using":"css selector","value":"td"}
COMMAND: POST /session/a6227829479fbf21341f4434e8015dec/element/f.5FEBA03D879F6DDA3804D407047E73A7.d.0E5D2ABB818736A53679B506FA641D12.e.5373/elements - {"using":"css selector","value":"td"}
RESULT: {"using":"css selector","value":"td"}
COMMAND: POST /session/a6227829479fbf21341f4434e8015dec/element/f.5FEBA03D879F6DDA3804D407047E73A7.d.0E5D2ABB818736A53679B506FA641D12.e.5374/elements - {"using":"css selector","value":"td"}
RESULT: {"using":"css selector","value":"td"}
COMMAND: POST /session/a6227829479fbf21341f4434e8015dec/element/f.5FEBA03D879F6DDA3804D407047E73A7.d.0E5D2ABB818736A53679B506FA641D12.e.5375/elements - {"using":"css selector","value":"td"}
RESULT: {"using":"css selector","value":"td"}
COMMAND: POST /session/a6227829479fbf21341f4434e8015dec/element/f.5FEBA03D879F6DDA3804D407047E73A7.d.0E5D2ABB818736A53679B506FA641D12.e.5376/elements - {"using":"css selector","value":"td"}
RESULT: {"using":"css selector","value":"td"}
COMMAND: POST /session/a6227829479fbf21341f4434e8015dec/element/f.5FEBA03D879F6DDA3804D407047E73A7.d.0E5D2ABB818736A53679B506FA641D12.e.5377/elements - {"using":"css selector","value":"td"}
RESULT: {"using":"css selector","value":"td"}
COMMAND: POST /session/a6227829479fbf21341f4434e8015dec/element/f.5FEBA03D879F6DDA3804D407047E73A7.d.0E5D2ABB818736A53679B506FA641D12.e.5378/elements - {"using":"css selector","value":"td"}
RESULT: {"using":"css selector","value":"td"}
COMMAND: POST /session/a6227829479fbf21341f4434e8015dec/element/f.5FEBA03D879F6DDA3804D407047E73A7.d.0E5D2ABB818736A53679B506FA641D12.e.5379/elements - {"using":"css selector","value":"td"}
RESULT: {"using":"css selector","value":"td"}
COMMAND: POST /session/a6227829479fbf21341f4434e8015dec/element/f.5FEBA03D879F6DDA3804D407047E73A7.d.0E5D2ABB818736A53679B506FA641D12.e.5380/elements - {"using":"css selector","value":"td"}
RESULT: {"using":"css selector","value":"td"}
COMMAND: POST /session/a6227829479fbf21341f4434e8015dec/element/f.5FEBA03D879F6DDA3804D407047E73A7.d.0E5D2ABB818736A53679B506FA641D12.e.5381/elements - {"using":"css selector","value":"td"}
RESULT: {"using":"css selector","value":"td"}
COMMAND: POST /session/a6227829479fbf21341f4434e8015dec/element/f.5FEBA03D879F6DDA3804D407047E73A7.d.0E5D2ABB818736A53679B506FA641D12.e.5382/elements - {"using":"css selector","value":"td"}
RESULT: {"using":"css selector","value":"td"}
COMMAND: POST /session/a6227829479fbf21341f4434e8015dec/element/f.5FEBA03D879F6DDA3804D407047E73A7.d.0E5D2ABB818736A53679B506FA641D12.e.5383/elements - {"using":"css selector","value":"td"}
RESULT: {"using":"css selector","value":"td"}
COMMAND: POST /session/a6227829479fbf21341f4434e8015dec/element/f.5FEBA03D879F6DDA3804D407047E73A7.d.0E5D2ABB818736A53679B506FA641D12.e.5384/elements - {"using":"css selector","value":"td"}
RESULT: {"using":"css selector","value":"td"}
COMMAND: POST /session/a6227829479fbf21341f4434e8015dec/element/f.5FEBA03D879F6DDA3804D407047E73A7.d.0E5D2ABB818736A53679B506FA641D12.e.5385/elements - {"using":"css selector","value":"td"}
RESULT: {"using":"css selector","value":"td"}
COMMAND: POST /session/a6227829479fbf21341f4434e8015dec/element/f.5FEBA03D879F6DDA3804D407047E73A7.d.0E5D2ABB818736A53679B506FA641D12.e.5386/elements - {"using":"css selector","value":"td"}
RESULT: {"using":"css selector","value":"td"}
COMMAND: POST /session/a6227829479fbf21341f4434e8015dec/element/f.5FEBA03D879F6DDA3804D407047E73A7.d.0E5D2ABB818736A53679B506FA641D12.e.5387/elements - {"using":"css selector","value":"td"}
RESULT: {"using":"css selector","value":"td"}
COMMAND: POST /session/a6227829479fbf21341f4434e8015dec/element/f.5FEBA03D879F6DDA3804D407047E73A7.d.0E5D2ABB818736A53679B506FA641D12.e.5388/elements - {"using":"css selector","value":"td"}
RESULT: {"using":"css selector","value":"td"}
COMMAND: POST /session/a6227829479fbf21341f4434e8015dec/element/f.5FEBA03D879F6DDA3804D407047E73A7.d.0E5D2ABB818736A53679B506FA641D12.e.5389/elements - {"using":"css selector","value":"td"}
RESULT: {"using":"css selector","value":"td"}
COMMAND: POST /session/a6227829479fbf21341f4434e8015dec/element/f.5FEBA03D879F6DDA3804D407047E73A7.d.0E5D2ABB818736A53679B506FA641D12.e.5390/elements - {"using":"css selector","value":"td"}
RESULT: {"using":"css selector","value":"td"}
COMMAND: POST /session/a6227829479fbf21341f4434e8015dec/element/f.5FEBA03D879F6DDA3804D407047E73A7.d.0E5D2ABB818736A53679B506FA641D12.e.5391/elements - {"using":"css selector","value":"td"}
RESULT: {"using":"css selector","value":"td"}
COMMAND: POST /session/a6227829479fbf21341f4434e8015dec/element/f.5FEBA03D879F6DDA3804D407047E73A7.d.0E5D2ABB818736A53679B506FA641D12.e.5392/elements - {"using":"css selector","value":"td"}
RESULT: {"using":"css selector","value":"td"}
COMMAND: POST /session/a6227829479fbf21341f4434e8015dec/element/f.5FEBA03D879F6DDA3804D407047E73A7.d.0E5D2ABB818736A53679B506FA641D12.e.5393/elements - {"using":"css selector","value":"td"}
RESULT: {"using":"css selector","value":"td"}
COMMAND: POST /session/a6227829479fbf21341f4434e8015dec/element/f.5FEBA03D879F6DDA3804D407047E73A7.d.0E5D2ABB818736A53679B506FA641D12.e.5394/elements - {"using":"css selector","value":"td"}
RESULT: {"using":"css selector","value":"td"}
COMMAND: POST /session/a6227829479fbf21341f4434e8015dec/element/f.5FEBA03D879F6DDA3804D407047E73A7.d.0E5D2ABB818736A53679B506FA641D12.e.5395/elements - {"using":"css selector","value":"td"}
RESULT: {"using":"css selector","value":"td"}
COMMAND: POST /session/a6227829479fbf21341f4434e8015dec/element/f.5FEBA03D879F6DDA3804D407047E73A7.d.0E5D2ABB818736A53679B506FA641D12.e.5396/elements - {"using":"css selector","value":"td"}
RESULT: {"using":"css selector","value":"td"}
COMMAND: POST /session/a6227829479fbf21341f4434e8015dec/element/f.5FEBA03D879F6DDA3804D407047E73A7.d.0E5D2ABB818736A53679B506FA641D12.e.5397/elements - {"using":"css selector","value":"td"}
RESULT: {"using":"css selector","value":"td"}
COMMAND: POST /session/a6227829479fbf21341f4434e8015dec/element/f.5FEBA03D879F6DDA3804D407047E73A7.d.0E5D2ABB818736A53679B506FA641D12.e.5398/elements - {"using":"css selector","value":"td"}
RESULT: {"using":"css selector","value":"td"}
COMMAND: POST /session/a6227829479fbf21341f4434e8015dec/element/f.5FEBA03D879F6DDA3804D407047E73A7.d.0E5D2ABB818736A53679B506FA641D12.e.5399/elements - {"using":"css selector","value":"td"}
RESULT: {"using":"css selector","value":"td"}
COMMAND: POST /session/a6227829479fbf21341f4434e8015dec/element/f.5FEBA03D879F6DDA3804D407047E73A7.d.0E5D2ABB818736A53679B506FA641D12.e.5400/elements - {"using":"css selector","value":"td"}
RESULT: {"using":"css selector","value":"td"}
COMMAND: POST /session/a6227829479fbf21341f4434e8015dec/element/f.5FEBA03D879F6DDA3804D407047E73A7.d.0E5D2ABB818736A53679B506FA641D12.e.5401/elements - {"using":"css selector","value":"td"}
RESULT: {"using":"css selector","value":"td"}
COMMAND: POST /session/a6227829479fbf21341f4434e8015dec/element/f.5FEBA03D879F6DDA3804D407047E73A7.d.0E5D2ABB818736A53679B506FA641D12.e.5402/elements - {"using":"css selector","value":"td"}
RESULT: {"using":"css selector","value":"td"}
COMMAND: POST /session/a6227829479fbf21341f4434e8015dec/element/f.5FEBA03D879F6DDA3804D407047E73A7.d.0E5D2ABB818736A53679B506FA641D12.e.5403/elements - {"using":"css selector","value":"td"}
RESULT: {"using":"css selector","value":"td"}
COMMAND: POST /session/a6227829479fbf21341f4434e8015dec/element/f.5FEBA03D879F6DDA3804D407047E73A7.d.0E5D2ABB818736A53679B506FA641D12.e.5404/elements - {"using":"css selector","value":"td"}
RESULT: {"using":"css selector","value":"td"}
COMMAND: POST /session/a6227829479fbf21341f4434e8015dec/element/f.5FEBA03D879F6DDA3804D407047E73A7.d.0E5D2ABB818736A53679B506FA641D12.e.5405/elements - {"using":"css selector","value":"td"}
RESULT: {"using":"css selector","value":"td"}
COMMAND: POST /session/a6227829479fbf21341f4434e8015dec/element/f.5FEBA03D879F6DDA3804D407047E73A7.d.0E5D2ABB818736A53679B506FA641D12.e.5406/elements - {"using":"css selector","value":"td"}
RESULT: {"using":"css selector","value":"td"}
COMMAND: POST /session/a6227829479fbf21341f4434e8015dec/element/f.5FEBA03D879F6DDA3804D407047E73A7.d.0E5D2ABB818736A53679B506FA641D12.e.5407/elements - {"using":"css selector","value":"td"}
RESULT: {"using":"css selector","value":"td"}
COMMAND: POST /session/a6227829479fbf21341f4434e8015dec/element/f.5FEBA03D879F6DDA3804D407047E73A7.d.0E5D2ABB818736A53679B506FA641D12.e.5408/elements - {"using":"css selector","value":"td"}
RESULT: {"using":"css selector","value":"td"}
COMMAND: POST /session/a6227829479fbf21341f4434e8015dec/element/f.5FEBA03D879F6DDA3804D407047E73A7.d.0E5D2ABB818736A53679B506FA641D12.e.5409/elements - {"using":"css selector","value":"td"}
RESULT: {"using":"css selector","value":"td"}
COMMAND: POST /session/a6227829479fbf21341f4434e8015dec/element/f.5FEBA03D879F6DDA3804D407047E73A7.d.0E5D2ABB818736A53679B506FA641D12.e.5410/elements - {"using":"css selector","value":"td"}
RESULT: {"using":"css selector","value":"td"}
COMMAND: POST /session/a6227829479fbf21341f4434e8015dec/element/f.5FEBA03D879F6DDA3804D407047E73A7.d.0E5D2ABB818736A53679B506FA641D12.e.5411/elements - {"using":"css selector","value":"td"}
RESULT: {"using":"css selector","value":"td"}
COMMAND: POST /session/a6227829479fbf21341f4434e8015dec/element/f.5FEBA03D879F6DDA3804D407047E73A7.d.0E5D2ABB818736A53679B506FA641D12.e.5412/elements - {"using":"css selector","value":"td"}
RESULT: {"using":"css selector","value":"td"}
COMMAND: POST /session/a6227829479fbf21341f4434e8015dec/element/f.5FEBA03D879F6DDA3804D407047E73A7.d.0E5D2ABB818736A53679B506FA641D12.e.5413/elements - {"using":"css selector","value":"td"}
RESULT: {"using":"css selector","value":"td"}
COMMAND: POST /session/a6227829479fbf21341f4434e8015dec/element/f.5FEBA03D879F6DDA3804D407047E73A7.d.0E5D2ABB818736A53679B506FA641D12.e.5414/elements - {"using":"css selector","value":"td"}
RESULT: {"using":"css selector","value":"td"}
COMMAND: POST /session/a6227829479fbf21341f4434e8015dec/element/f.5FEBA03D879F6DDA3804D407047E73A7.d.0E5D2ABB818736A53679B506FA641D12.e.5415/elements - {"using":"css selector","value":"td"}
RESULT: {"using":"css selector","value":"td"}
COMMAND: POST /session/a6227829479fbf21341f4434e8015dec/element/f.5FEBA03D879F6DDA3804D407047E73A7.d.0E5D2ABB818736A53679B506FA641D12.e.5416/elements - {"using":"css selector","value":"td"}
RESULT: {"using":"css selector","value":"td"}
COMMAND: POST /session/a6227829479fbf21341f4434e8015dec/element/f.5FEBA03D879F6DDA3804D407047E73A7.d.0E5D2ABB818736A53679B506FA641D12.e.5417/elements - {"using":"css selector","value":"td"}
RESULT: {"using":"css selector","value":"td"}
COMMAND: POST /session/a6227829479fbf21341f4434e8015dec/element/f.5FEBA03D879F6DDA3804D407047E73A7.d.0E5D2ABB818736A53679B506FA641D12.e.5418/elements - {"using":"css selector","value":"td"}
RESULT: {"using":"css selector","value":"td"}
COMMAND: POST /session/a6227829479fbf21341f4434e8015dec/element/f.5FEBA03D879F6DDA3804D407047E73A7.d.0E5D2ABB818736A53679B506FA641D12.e.5419/elements - {"using":"css selector","value":"td"}
RESULT: {"using":"css selector","value":"td"}
COMMAND: POST /session/a6227829479fbf21341f4434e8015dec/element/f.5FEBA03D879F6DDA3804D407047E73A7.d.0E5D2ABB818736A53679B506FA641D12.e.5420/elements - {"using":"css selector","value":"td"}
RESULT: {"using":"css selector","value":"td"}
COMMAND: POST /session/a6227829479fbf21341f4434e8015dec/element/f.5FEBA03D879F6DDA3804D407047E73A7.d.0E5D2ABB818736A53679B506FA641D12.e.5421/elements - {"using":"css selector","value":"td"}
RESULT: {"using":"css selector","value":"td"}
COMMAND: POST /session/a6227829479fbf21341f4434e8015dec/element/f.5FEBA03D879F6DDA3804D407047E73A7.d.0E5D2ABB818736A53679B506FA641D12.e.5422/elements - {"using":"css selector","value":"td"}
RESULT: {"using":"css selector","value":"td"}
COMMAND: POST /session/a6227829479fbf21341f4434e8015dec/element/f.5FEBA03D879F6DDA3804D407047E73A7.d.0E5D2ABB818736A53679B506FA641D12.e.5423/elements - {"using":"css selector","value":"td"}
RESULT: {"using":"css selector","value":"td"}
COMMAND: POST /session/a6227829479fbf21341f4434e8015dec/element/f.5FEBA03D879F6DDA3804D407047E73A7.d.0E5D2ABB818736A53679B506FA641D12.e.5424/elements - {"using":"css selector","value":"td"}
RESULT: {"using":"css selector","value":"td"}
COMMAND: POST /session/a6227829479fbf21341f4434e8015dec/element/f.5FEBA03D879F6DDA3804D407047E73A7.d.0E5D2ABB818736A53679B506FA641D12.e.5425/elements - {"using":"css selector","value":"td"}
RESULT: {"using":"css selector","value":"td"}
COMMAND: POST /session/a6227829479fbf21341f4434e8015dec/element/f.5FEBA03D879F6DDA3804D407047E73A7.d.0E5D2ABB818736A53679B506FA641D12.e.5426/elements - {"using":"css selector","value":"td"}
RESULT: {"using":"css selector","value":"td"}
COMMAND: POST /session/a6227829479fbf21341f4434e8015dec/element/f.5FEBA03D879F6DDA3804D407047E73A7.d.0E5D2ABB818736A53679B506FA641D12.e.5427/elements - {"using":"css selector","value":"td"}
RESULT: {"using":"css selector","value":"td"}
COMMAND: POST /session/a6227829479fbf21341f4434e8015dec/element/f.5FEBA03D879F6DDA3804D407047E73A7.d.0E5D2ABB818736A53679B506FA641D12.e.5428/elements - {"using":"css selector","value":"td"}
RESULT: {"using":"css selector","value":"td"}
COMMAND: POST /session/a6227829479fbf21341f4434e8015dec/element/f.5FEBA03D879F6DDA3804D407047E73A7.d.0E5D2ABB818736A53679B506FA641D12.e.5429/elements - {"using":"css selector","value":"td"}
RESULT: {"using":"css selector","value":"td"}
COMMAND: POST /session/a6227829479fbf21341f4434e8015dec/element/f.5FEBA03D879F6DDA3804D407047E73A7.d.0E5D2ABB818736A53679B506FA641D12.e.5430/elements - {"using":"css selector","value":"td"}
RESULT: {"using":"css selector","value":"td"}
COMMAND: POST /session/a6227829479fbf21341f4434e8015dec/element/f.5FEBA03D879F6DDA3804D407047E73A7.d.0E5D2ABB818736A53679B506FA641D12.e.5431/elements - {"using":"css selector","value":"td"}
RESULT: {"using":"css selector","value":"td"}
COMMAND: POST /session/a6227829479fbf21341f4434e8015dec/element/f.5FEBA03D879F6DDA3804D407047E73A7.d.0E5D2ABB818736A53679B506FA641D12.e.5432/elements - {"using":"css selector","value":"td"}
RESULT: {"using":"css selector","value":"td"}
COMMAND: POST /session/a6227829479fbf21341f4434e8015dec/element/f.5FEBA03D879F6DDA3804D407047E73A7.d.0E5D2ABB818736A53679B506FA641D12.e.5433/elements - {"using":"css selector","value":"td"}
RESULT: {"using":"css selector","value":"td"}
COMMAND: POST /session/a6227829479fbf21341f4434e8015dec/element/f.5FEBA03D879F6DDA3804D407047E73A7.d.0E5D2ABB818736A53679B506FA641D12.e.5434/elements - {"using":"css selector","value":"td"}
RESULT: {"using":"css selector","value":"td"}
COMMAND: POST /session/a6227829479fbf21341f4434e8015dec/element/f.5FEBA03D879F6DDA3804D407047E73A7.d.0E5D2ABB818736A53679B506FA641D12.e.5435/elements - {"using":"css selector","value":"td"}
RESULT: {"using":"css selector","value":"td"}
COMMAND: POST /session/a6227829479fbf21341f4434e8015dec/element/f.5FEBA03D879F6DDA3804D407047E73A7.d.0E5D2ABB818736A53679B506FA641D12.e.5436/elements - {"using":"css selector","value":"td"}
RESULT: {"using":"css selector","value":"td"}
COMMAND: POST /session/a6227829479fbf21341f4434e8015dec/element/f.5FEBA03D879F6DDA3804D407047E73A7.d.0E5D2ABB818736A53679B506FA641D12.e.5437/elements - {"using":"css selector","value":"td"}
RESULT: {"using":"css selector","value":"td"}
COMMAND: POST /session/a6227829479fbf21341f4434e8015dec/element/f.5FEBA03D879F6DDA3804D407047E73A7.d.0E5D2ABB818736A53679B506FA641D12.e.5438/elements - {"using":"css selector","value":"td"}
RESULT: {"using":"css selector","value":"td"}
COMMAND: POST /session/a6227829479fbf21341f4434e8015dec/element/f.5FEBA03D879F6DDA3804D407047E73A7.d.0E5D2ABB818736A53679B506FA641D12.e.5439/elements - {"using":"css selector","value":"td"}
RESULT: {"using":"css selector","value":"td"}
COMMAND: POST /session/a6227829479fbf21341f4434e8015dec/element/f.5FEBA03D879F6DDA3804D407047E73A7.d.0E5D2ABB818736A53679B506FA641D12.e.5440/elements - {"using":"css selector","value":"td"}
RESULT: {"using":"css selector","value":"td"}
COMMAND: POST /session/a6227829479fbf21341f4434e8015dec/element/f.5FEBA03D879F6DDA3804D407047E73A7.d.0E5D2ABB818736A53679B506FA641D12.e.5441/elements - {"using":"css selector","value":"td"}
RESULT: {"using":"css selector","value":"td"}
COMMAND: POST /session/a6227829479fbf21341f4434e8015dec/element/f.5FEBA03D879F6DDA3804D407047E73A7.d.0E5D2ABB818736A53679B506FA641D12.e.5442/elements - {"using":"css selector","value":"td"}
RESULT: {"using":"css selector","value":"td"}
COMMAND: POST /session/a6227829479fbf21341f4434e8015dec/element/f.5FEBA03D879F6DDA3804D407047E73A7.d.0E5D2ABB818736A53679B506FA641D12.e.5443/elements - {"using":"css selector","value":"td"}
RESULT: {"using":"css selector","value":"td"}
COMMAND: POST /session/a6227829479fbf21341f4434e8015dec/element/f.5FEBA03D879F6DDA3804D407047E73A7.d.0E5D2ABB818736A53679B506FA641D12.e.5444/elements - {"using":"css selector","value":"td"}
RESULT: {"using":"css selector","value":"td"}
COMMAND: POST /session/a6227829479fbf21341f4434e8015dec/element/f.5FEBA03D879F6DDA3804D407047E73A7.d.0E5D2ABB818736A53679B506FA641D12.e.5445/elements - {"using":"css selector","value":"td"}
RESULT: {"using":"css selector","value":"td"}
COMMAND: POST /session/a6227829479fbf21341f4434e8015dec/element/f.5FEBA03D879F6DDA3804D407047E73A7.d.0E5D2ABB818736A53679B506FA641D12.e.5446/elements - {"using":"css selector","value":"td"}
RESULT: {"using":"css selector","value":"td"}
COMMAND: POST /session/a6227829479fbf21341f4434e8015dec/element/f.5FEBA03D879F6DDA3804D407047E73A7.d.0E5D2ABB818736A53679B506FA641D12.e.5447/elements - {"using":"css selector","value":"td"}
RESULT: {"using":"css selector","value":"td"}
COMMAND: POST /session/a6227829479fbf21341f4434e8015dec/element/f.5FEBA03D879F6DDA3804D407047E73A7.d.0E5D2ABB818736A53679B506FA641D12.e.5448/elements - {"using":"css selector","value":"td"}
RESULT: {"using":"css selector","value":"td"}
COMMAND: POST /session/a6227829479fbf21341f4434e8015dec/element/f.5FEBA03D879F6DDA3804D407047E73A7.d.0E5D2ABB818736A53679B506FA641D12.e.5449/elements - {"using":"css selector","value":"td"}
RESULT: {"using":"css selector","value":"td"}
COMMAND: POST /session/a6227829479fbf21341f4434e8015dec/element/f.5FEBA03D879F6DDA3804D407047E73A7.d.0E5D2ABB818736A53679B506FA641D12.e.5450/elements - {"using":"css selector","value":"td"}
RESULT: {"using":"css selector","value":"td"}
COMMAND: POST /session/a6227829479fbf21341f4434e8015dec/element/f.5FEBA03D879F6DDA3804D407047E73A7.d.0E5D2ABB818736A53679B506FA641D12.e.5451/elements - {"using":"css selector","value":"td"}
RESULT: {"using":"css selector","value":"td"}
COMMAND: POST /session/a6227829479fbf21341f4434e8015dec/element/f.5FEBA03D879F6DDA3804D407047E73A7.d.0E5D2ABB818736A53679B506FA641D12.e.5452/elements - {"using":"css selector","value":"td"}
RESULT: {"using":"css selector","value":"td"}
COMMAND: POST /session/a6227829479fbf21341f4434e8015dec/element/f.5FEBA03D879F6DDA3804D407047E73A7.d.0E5D2ABB818736A53679B506FA641D12.e.5453/elements - {"using":"css selector","value":"td"}
RESULT: {"using":"css selector","value":"td"}
COMMAND: POST /session/a6227829479fbf21341f4434e8015dec/element/f.5FEBA03D879F6DDA3804D407047E73A7.d.0E5D2ABB818736A53679B506FA641D12.e.5454/elements - {"using":"css selector","value":"td"}
RESULT: {"using":"css selector","value":"td"}
COMMAND: POST /session/a6227829479fbf21341f4434e8015dec/element/f.5FEBA03D879F6DDA3804D407047E73A7.d.0E5D2ABB818736A53679B506FA641D12.e.5455/elements - {"using":"css selector","value":"td"}
RESULT: {"using":"css selector","value":"td"}
COMMAND: POST /session/a6227829479fbf21341f4434e8015dec/element/f.5FEBA03D879F6DDA3804D407047E73A7.d.0E5D2ABB818736A53679B506FA641D12.e.5456/elements - {"using":"css selector","value":"td"}
RESULT: {"using":"css selector","value":"td"}
COMMAND: POST /session/a6227829479fbf21341f4434e8015dec/element/f.5FEBA03D879F6DDA3804D407047E73A7.d.0E5D2ABB818736A53679B506FA641D12.e.5457/elements - {"using":"css selector","value":"td"}
RESULT: {"using":"css selector","value":"td"}
COMMAND: POST /session/a6227829479fbf21341f4434e8015dec/element/f.5FEBA03D879F6DDA3804D407047E73A7.d.0E5D2ABB818736A53679B506FA641D12.e.5458/elements - {"using":"css selector","value":"td"}
RESULT: {"using":"css selector","value":"td"}
COMMAND: POST /session/a6227829479fbf21341f4434e8015dec/element/f.5FEBA03D879F6DDA3804D407047E73A7.d.0E5D2ABB818736A53679B506FA641D12.e.5459/elements - {"using":"css selector","value":"td"}
RESULT: {"using":"css selector","value":"td"}
COMMAND: POST /session/a6227829479fbf21341f4434e8015dec/element/f.5FEBA03D879F6DDA3804D407047E73A7.d.0E5D2ABB818736A53679B506FA641D12.e.5460/elements - {"using":"css selector","value":"td"}
RESULT: {"using":"css selector","value":"td"}
COMMAND: POST /session/a6227829479fbf21341f4434e8015dec/element/f.5FEBA03D879F6DDA3804D407047E73A7.d.0E5D2ABB818736A53679B506FA641D12.e.5461/elements - {"using":"css selector","value":"td"}
RESULT: {"using":"css selector","value":"td"}
COMMAND: POST /session/a6227829479fbf21341f4434e8015dec/element/f.5FEBA03D879F6DDA3804D407047E73A7.d.0E5D2ABB818736A53679B506FA641D12.e.5462/elements - {"using":"css selector","value":"td"}
RESULT: {"using":"css selector","value":"td"}
COMMAND: POST /session/a6227829479fbf21341f4434e8015dec/element/f.5FEBA03D879F6DDA3804D407047E73A7.d.0E5D2ABB818736A53679B506FA641D12.e.5463/elements - {"using":"css selector","value":"td"}
RESULT: {"using":"css selector","value":"td"}
COMMAND: POST /session/a6227829479fbf21341f4434e8015dec/element/f.5FEBA03D879F6DDA3804D407047E73A7.d.0E5D2ABB818736A53679B506FA641D12.e.5464/elements - {"using":"css selector","value":"td"}
RESULT: {"using":"css selector","value":"td"}
COMMAND: POST /session/a6227829479fbf21341f4434e8015dec/element/f.5FEBA03D879F6DDA3804D407047E73A7.d.0E5D2ABB818736A53679B506FA641D12.e.5465/elements - {"using":"css selector","value":"td"}
RESULT: {"using":"css selector","value":"td"}
COMMAND: POST /session/a6227829479fbf21341f4434e8015dec/element/f.5FEBA03D879F6DDA3804D407047E73A7.d.0E5D2ABB818736A53679B506FA641D12.e.5466/elements - {"using":"css selector","value":"td"}
RESULT: {"using":"css selector","value":"td"}
COMMAND: POST /session/a6227829479fbf21341f4434e8015dec/element/f.5FEBA03D879F6DDA3804D407047E73A7.d.0E5D2ABB818736A53679B506FA641D12.e.5467/elements - {"using":"css selector","value":"td"}
RESULT: {"using":"css selector","value":"td"}
COMMAND: POST /session/a6227829479fbf21341f4434e8015dec/element/f.5FEBA03D879F6DDA3804D407047E73A7.d.0E5D2ABB818736A53679B506FA641D12.e.5468/elements - {"using":"css selector","value":"td"}
RESULT: {"using":"css selector","value":"td"}
COMMAND: POST /session/a6227829479fbf21341f4434e8015dec/element/f.5FEBA03D879F6DDA3804D407047E73A7.d.0E5D2ABB818736A53679B506FA641D12.e.5469/elements - {"using":"css selector","value":"td"}
RESULT: {"using":"css selector","value":"td"}
COMMAND: POST /session/a6227829479fbf21341f4434e8015dec/element/f.5FEBA03D879F6DDA3804D407047E73A7.d.0E5D2ABB818736A53679B506FA641D12.e.5470/elements - {"using":"css selector","value":"td"}
RESULT: {"using":"css selector","value":"td"}
COMMAND: POST /session/a6227829479fbf21341f4434e8015dec/element/f.5FEBA03D879F6DDA3804D407047E73A7.d.0E5D2ABB818736A53679B506FA641D12.e.5471/elements - {"using":"css selector","value":"td"}
RESULT: {"using":"css selector","value":"td"}
COMMAND: POST /session/a6227829479fbf21341f4434e8015dec/element/f.5FEBA03D879F6DDA3804D407047E73A7.d.0E5D2ABB818736A53679B506FA641D12.e.5472/elements - {"using":"css selector","value":"td"}
RESULT: {"using":"css selector","value":"td"}
COMMAND: POST /session/a6227829479fbf21341f4434e8015dec/element/f.5FEBA03D879F6DDA3804D407047E73A7.d.0E5D2ABB818736A53679B506FA641D12.e.5473/elements - {"using":"css selector","value":"td"}
RESULT: {"using":"css selector","value":"td"}
COMMAND: POST /session/a6227829479fbf21341f4434e8015dec/element/f.5FEBA03D879F6DDA3804D407047E73A7.d.0E5D2ABB818736A53679B506FA641D12.e.5474/elements - {"using":"css selector","value":"td"}
RESULT: {"using":"css selector","value":"td"}
COMMAND: POST /session/a6227829479fbf21341f4434e8015dec/element/f.5FEBA03D879F6DDA3804D407047E73A7.d.0E5D2ABB818736A53679B506FA641D12.e.5475/elements - {"using":"css selector","value":"td"}
RESULT: {"using":"css selector","value":"td"}
COMMAND: POST /session/a6227829479fbf21341f4434e8015dec/element/f.5FEBA03D879F6DDA3804D407047E73A7.d.0E5D2ABB818736A53679B506FA641D12.e.5476/elements - {"using":"css selector","value":"td"}
RESULT: {"using":"css selector","value":"td"}
COMMAND: POST /session/a6227829479fbf21341f4434e8015dec/element/f.5FEBA03D879F6DDA3804D407047E73A7.d.0E5D2ABB818736A53679B506FA641D12.e.5477/elements - {"using":"css selector","value":"td"}
RESULT: {"using":"css selector","value":"td"}
COMMAND: POST /session/a6227829479fbf21341f4434e8015dec/element/f.5FEBA03D879F6DDA3804D407047E73A7.d.0E5D2ABB818736A53679B506FA641D12.e.5478/elements - {"using":"css selector","value":"td"}
RESULT: {"using":"css selector","value":"td"}
COMMAND: POST /session/a6227829479fbf21341f4434e8015dec/element/f.5FEBA03D879F6DDA3804D407047E73A7.d.0E5D2ABB818736A53679B506FA641D12.e.5479/elements - {"using":"css selector","value":"td"}
RESULT: {"using":"css selector","value":"td"}
COMMAND: POST /session/a6227829479fbf21341f4434e8015dec/element/f.5FEBA03D879F6DDA3804D407047E73A7.d.0E5D2ABB818736A53679B506FA641D12.e.5480/elements - {"using":"css selector","value":"td"}
RESULT: {"using":"css selector","value":"td"}
COMMAND: POST /session/a6227829479fbf21341f4434e8015dec/element/f.5FEBA03D879F6DDA3804D407047E73A7.d.0E5D2ABB818736A53679B506FA641D12.e.5481/elements - {"using":"css selector","value":"td"}
RESULT: {"using":"css selector","value":"td"}
COMMAND: POST /session/a6227829479fbf21341f4434e8015dec/element/f.5FEBA03D879F6DDA3804D407047E73A7.d.0E5D2ABB818736A53679B506FA641D12.e.5482/elements - {"using":"css selector","value":"td"}
RESULT: {"using":"css selector","value":"td"}
COMMAND: POST /session/a6227829479fbf21341f4434e8015dec/element/f.5FEBA03D879F6DDA3804D407047E73A7.d.0E5D2ABB818736A53679B506FA641D12.e.5483/elements - {"using":"css selector","value":"td"}
RESULT: {"using":"css selector","value":"td"}
COMMAND: POST /session/a6227829479fbf21341f4434e8015dec/element/f.5FEBA03D879F6DDA3804D407047E73A7.d.0E5D2ABB818736A53679B506FA641D12.e.5484/elements - {"using":"css selector","value":"td"}
RESULT: {"using":"css selector","value":"td"}
COMMAND: POST /session/a6227829479fbf21341f4434e8015dec/element/f.5FEBA03D879F6DDA3804D407047E73A7.d.0E5D2ABB818736A53679B506FA641D12.e.5485/elements - {"using":"css selector","value":"td"}
RESULT: {"using":"css selector","value":"td"}
COMMAND: POST /session/a6227829479fbf21341f4434e8015dec/element/f.5FEBA03D879F6DDA3804D407047E73A7.d.0E5D2ABB818736A53679B506FA641D12.e.5486/elements - {"using":"css selector","value":"td"}
RESULT: {"using":"css selector","value":"td"}
COMMAND: POST /session/a6227829479fbf21341f4434e8015dec/element/f.5FEBA03D879F6DDA3804D407047E73A7.d.0E5D2ABB818736A53679B506FA641D12.e.5487/elements - {"using":"css selector","value":"td"}
RESULT: {"using":"css selector","value":"td"}
COMMAND: POST /session/a6227829479fbf21341f4434e8015dec/element/f.5FEBA03D879F6DDA3804D407047E73A7.d.0E5D2ABB818736A53679B506FA641D12.e.5488/elements - {"using":"css selector","value":"td"}
RESULT: {"using":"css selector","value":"td"}
COMMAND: POST /session/a6227829479fbf21341f4434e8015dec/element/f.5FEBA03D879F6DDA3804D407047E73A7.d.0E5D2ABB818736A53679B506FA641D12.e.5489/elements - {"using":"css selector","value":"td"}
RESULT: {"using":"css selector","value":"td"}
COMMAND: POST /session/a6227829479fbf21341f4434e8015dec/element/f.5FEBA03D879F6DDA3804D407047E73A7.d.0E5D2ABB818736A53679B506FA641D12.e.5490/elements - {"using":"css selector","value":"td"}
RESULT: {"using":"css selector","value":"td"}
COMMAND: POST /session/a6227829479fbf21341f4434e8015dec/element/f.5FEBA03D879F6DDA3804D407047E73A7.d.0E5D2ABB818736A53679B506FA641D12.e.5491/elements - {"using":"css selector","value":"td"}
RESULT: {"using":"css selector","value":"td"}
COMMAND: POST /session/a6227829479fbf21341f4434e8015dec/element/f.5FEBA03D879F6DDA3804D407047E73A7.d.0E5D2ABB818736A53679B506FA641D12.e.5492/elements - {"using":"css selector","value":"td"}
RESULT: {"using":"css selector","value":"td"}
COMMAND: POST /session/a6227829479fbf21341f4434e8015dec/element/f.5FEBA03D879F6DDA3804D407047E73A7.d.0E5D2ABB818736A53679B506FA641D12.e.5493/elements - {"using":"css selector","value":"td"}
RESULT: {"using":"css selector","value":"td"}
COMMAND: POST /session/a6227829479fbf21341f4434e8015dec/element/f.5FEBA03D879F6DDA3804D407047E73A7.d.0E5D2ABB818736A53679B506FA641D12.e.5494/elements - {"using":"css selector","value":"td"}
RESULT: {"using":"css selector","value":"td"}
COMMAND: POST /session/a6227829479fbf21341f4434e8015dec/element/f.5FEBA03D879F6DDA3804D407047E73A7.d.0E5D2ABB818736A53679B506FA641D12.e.5495/elements - {"using":"css selector","value":"td"}
RESULT: {"using":"css selector","value":"td"}
COMMAND: POST /session/a6227829479fbf21341f4434e8015dec/element/f.5FEBA03D879F6DDA3804D407047E73A7.d.0E5D2ABB818736A53679B506FA641D12.e.5496/elements - {"using":"css selector","value":"td"}
RESULT: {"using":"css selector","value":"td"}
COMMAND: POST /session/a6227829479fbf21341f4434e8015dec/element/f.5FEBA03D879F6DDA3804D407047E73A7.d.0E5D2ABB818736A53679B506FA641D12.e.5497/elements - {"using":"css selector","value":"td"}
RESULT: {"using":"css selector","value":"td"}
COMMAND: POST /session/a6227829479fbf21341f4434e8015dec/element/f.5FEBA03D879F6DDA3804D407047E73A7.d.0E5D2ABB818736A53679B506FA641D12.e.5498/elements - {"using":"css selector","value":"td"}
RESULT: {"using":"css selector","value":"td"}
COMMAND: POST /session/a6227829479fbf21341f4434e8015dec/element/f.5FEBA03D879F6DDA3804D407047E73A7.d.0E5D2ABB818736A53679B506FA641D12.e.5499/elements - {"using":"css selector","value":"td"}
RESULT: {"using":"css selector","value":"td"}
COMMAND: POST /session/a6227829479fbf21341f4434e8015dec/element/f.5FEBA03D879F6DDA3804D407047E73A7.d.0E5D2ABB818736A53679B506FA641D12.e.5500/elements - {"using":"css selector","value":"td"}
RESULT: {"using":"css selector","value":"td"}
COMMAND: POST /session/a6227829479fbf21341f4434e8015dec/element/f.5FEBA03D879F6DDA3804D407047E73A7.d.0E5D2ABB818736A53679B506FA641D12.e.5501/elements - {"using":"css selector","value":"td"}
RESULT: {"using":"css selector","value":"td"}
COMMAND: POST /session/a6227829479fbf21341f4434e8015dec/element/f.5FEBA03D879F6DDA3804D407047E73A7.d.0E5D2ABB818736A53679B506FA641D12.e.5502/elements - {"using":"css selector","value":"td"}
RESULT: {"using":"css selector","value":"td"}
COMMAND: POST /session/a6227829479fbf21341f4434e8015dec/element/f.5FEBA03D879F6DDA3804D407047E73A7.d.0E5D2ABB818736A53679B506FA641D12.e.5503/elements - {"using":"css selector","value":"td"}
RESULT: {"using":"css selector","value":"td"}
COMMAND: POST /session/a6227829479fbf21341f4434e8015dec/element/f.5FEBA03D879F6DDA3804D407047E73A7.d.0E5D2ABB818736A53679B506FA641D12.e.5504/elements - {"using":"css selector","value":"td"}
RESULT: {"using":"css selector","value":"td"}
COMMAND: POST /session/a6227829479fbf21341f4434e8015dec/element/f.5FEBA03D879F6DDA3804D407047E73A7.d.0E5D2ABB818736A53679B506FA641D12.e.5505/elements - {"using":"css selector","value":"td"}
RESULT: {"using":"css selector","value":"td"}
COMMAND: POST /session/a6227829479fbf21341f4434e8015dec/element/f.5FEBA03D879F6DDA3804D407047E73A7.d.0E5D2ABB818736A53679B506FA641D12.e.5506/elements - {"using":"css selector","value":"td"}
RESULT: {"using":"css selector","value":"td"}
COMMAND: POST /session/a6227829479fbf21341f4434e8015dec/element/f.5FEBA03D879F6DDA3804D407047E73A7.d.0E5D2ABB818736A53679B506FA641D12.e.5507/elements - {"using":"css selector","value":"td"}
RESULT: {"using":"css selector","value":"td"}
COMMAND: POST /session/a6227829479fbf21341f4434e8015dec/element/f.5FEBA03D879F6DDA3804D407047E73A7.d.0E5D2ABB818736A53679B506FA641D12.e.5508/elements - {"using":"css selector","value":"td"}
RESULT: {"using":"css selector","value":"td"}
COMMAND: POST /session/a6227829479fbf21341f4434e8015dec/element/f.5FEBA03D879F6DDA3804D407047E73A7.d.0E5D2ABB818736A53679B506FA641D12.e.5509/elements - {"using":"css selector","value":"td"}
RESULT: {"using":"css selector","value":"td"}
COMMAND: POST /session/a6227829479fbf21341f4434e8015dec/element/f.5FEBA03D879F6DDA3804D407047E73A7.d.0E5D2ABB818736A53679B506FA641D12.e.5510/elements - {"using":"css selector","value":"td"}
RESULT: {"using":"css selector","value":"td"}
COMMAND: POST /session/a6227829479fbf21341f4434e8015dec/element/f.5FEBA03D879F6DDA3804D407047E73A7.d.0E5D2ABB818736A53679B506FA641D12.e.5511/elements - {"using":"css selector","value":"td"}
RESULT: {"using":"css selector","value":"td"}
COMMAND: POST /session/a6227829479fbf21341f4434e8015dec/element/f.5FEBA03D879F6DDA3804D407047E73A7.d.0E5D2ABB818736A53679B506FA641D12.e.5512/elements - {"using":"css selector","value":"td"}
RESULT: {"using":"css selector","value":"td"}
COMMAND: POST /session/a6227829479fbf21341f4434e8015dec/element/f.5FEBA03D879F6DDA3804D407047E73A7.d.0E5D2ABB818736A53679B506FA641D12.e.5513/elements - {"using":"css selector","value":"td"}
RESULT: {"using":"css selector","value":"td"}
COMMAND: POST /session/a6227829479fbf21341f4434e8015dec/element/f.5FEBA03D879F6DDA3804D407047E73A7.d.0E5D2ABB818736A53679B506FA641D12.e.5514/elements - {"using":"css selector","value":"td"}
RESULT: {"using":"css selector","value":"td"}
COMMAND: POST /session/a6227829479fbf21341f4434e8015dec/element/f.5FEBA03D879F6DDA3804D407047E73A7.d.0E5D2ABB818736A53679B506FA641D12.e.5515/elements - {"using":"css selector","value":"td"}
RESULT: {"using":"css selector","value":"td"}
COMMAND: POST /session/a6227829479fbf21341f4434e8015dec/element/f.5FEBA03D879F6DDA3804D407047E73A7.d.0E5D2ABB818736A53679B506FA641D12.e.5516/elements - {"using":"css selector","value":"td"}
RESULT: {"using":"css selector","value":"td"}
COMMAND: POST /session/a6227829479fbf21341f4434e8015dec/element/f.5FEBA03D879F6DDA3804D407047E73A7.d.0E5D2ABB818736A53679B506FA641D12.e.5517/elements - {"using":"css selector","value":"td"}
RESULT: {"using":"css selector","value":"td"}
COMMAND: POST /session/a6227829479fbf21341f4434e8015dec/element/f.5FEBA03D879F6DDA3804D407047E73A7.d.0E5D2ABB818736A53679B506FA641D12.e.5518/elements - {"using":"css selector","value":"td"}
RESULT: {"using":"css selector","value":"td"}
COMMAND: POST /session/a6227829479fbf21341f4434e8015dec/element/f.5FEBA03D879F6DDA3804D407047E73A7.d.0E5D2ABB818736A53679B506FA641D12.e.5519/elements - {"using":"css selector","value":"td"}
RESULT: {"using":"css selector","value":"td"}
COMMAND: POST /session/a6227829479fbf21341f4434e8015dec/element/f.5FEBA03D879F6DDA3804D407047E73A7.d.0E5D2ABB818736A53679B506FA641D12.e.5520/elements - {"using":"css selector","value":"td"}
RESULT: {"using":"css selector","value":"td"}
COMMAND: POST /session/a6227829479fbf21341f4434e8015dec/element/f.5FEBA03D879F6DDA3804D407047E73A7.d.0E5D2ABB818736A53679B506FA641D12.e.5521/elements - {"using":"css selector","value":"td"}
RESULT: {"using":"css selector","value":"td"}
COMMAND: POST /session/a6227829479fbf21341f4434e8015dec/element/f.5FEBA03D879F6DDA3804D407047E73A7.d.0E5D2ABB818736A53679B506FA641D12.e.5522/elements - {"using":"css selector","value":"td"}
RESULT: {"using":"css selector","value":"td"}
COMMAND: POST /session/a6227829479fbf21341f4434e8015dec/element/f.5FEBA03D879F6DDA3804D407047E73A7.d.0E5D2ABB818736A53679B506FA641D12.e.5523/elements - {"using":"css selector","value":"td"}
RESULT: {"using":"css selector","value":"td"}
COMMAND: POST /session/a6227829479fbf21341f4434e8015dec/element/f.5FEBA03D879F6DDA3804D407047E73A7.d.0E5D2ABB818736A53679B506FA641D12.e.5524/elements - {"using":"css selector","value":"td"}
RESULT: {"using":"css selector","value":"td"}
COMMAND: POST /session/a6227829479fbf21341f4434e8015dec/element/f.5FEBA03D879F6DDA3804D407047E73A7.d.0E5D2ABB818736A53679B506FA641D12.e.5525/elements - {"using":"css selector","value":"td"}
RESULT: {"using":"css selector","value":"td"}
COMMAND: POST /session/a6227829479fbf21341f4434e8015dec/element/f.5FEBA03D879F6DDA3804D407047E73A7.d.0E5D2ABB818736A53679B506FA641D12.e.5526/elements - {"using":"css selector","value":"td"}
RESULT: {"using":"css selector","value":"td"}
COMMAND: POST /session/a6227829479fbf21341f4434e8015dec/element/f.5FEBA03D879F6DDA3804D407047E73A7.d.0E5D2ABB818736A53679B506FA641D12.e.5527/elements - {"using":"css selector","value":"td"}
RESULT: {"using":"css selector","value":"td"}
COMMAND: POST /session/a6227829479fbf21341f4434e8015dec/element/f.5FEBA03D879F6DDA3804D407047E73A7.d.0E5D2ABB818736A53679B506FA641D12.e.5528/elements - {"using":"css selector","value":"td"}
RESULT: {"using":"css selector","value":"td"}
COMMAND: POST /session/a6227829479fbf21341f4434e8015dec/element/f.5FEBA03D879F6DDA3804D407047E73A7.d.0E5D2ABB818736A53679B506FA641D12.e.5529/elements - {"using":"css selector","value":"td"}
RESULT: {"using":"css selector","value":"td"}
COMMAND: POST /session/a6227829479fbf21341f4434e8015dec/element/f.5FEBA03D879F6DDA3804D407047E73A7.d.0E5D2ABB818736A53679B506FA641D12.e.5530/elements - {"using":"css selector","value":"td"}
RESULT: {"using":"css selector","value":"td"}
COMMAND: POST /session/a6227829479fbf21341f4434e8015dec/element/f.5FEBA03D879F6DDA3804D407047E73A7.d.0E5D2ABB818736A53679B506FA641D12.e.5531/elements - {"using":"css selector","value":"td"}
RESULT: {"using":"css selector","value":"td"}
COMMAND: POST /session/a6227829479fbf21341f4434e8015dec/element/f.5FEBA03D879F6DDA3804D407047E73A7.d.0E5D2ABB818736A53679B506FA641D12.e.5532/elements - {"using":"css selector","value":"td"}
RESULT: {"using":"css selector","value":"td"}
COMMAND: POST /session/a6227829479fbf21341f4434e8015dec/element/f.5FEBA03D879F6DDA3804D407047E73A7.d.0E5D2ABB818736A53679B506FA641D12.e.5533/elements - {"using":"css selector","value":"td"}
RESULT: {"using":"css selector","value":"td"}
COMMAND: POST /session/a6227829479fbf21341f4434e8015dec/element/f.5FEBA03D879F6DDA3804D407047E73A7.d.0E5D2ABB818736A53679B506FA641D12.e.5534/elements - {"using":"css selector","value":"td"}
RESULT: {"using":"css selector","value":"td"}
COMMAND: POST /session/a6227829479fbf21341f4434e8015dec/element/f.5FEBA03D879F6DDA3804D407047E73A7.d.0E5D2ABB818736A53679B506FA641D12.e.5535/elements - {"using":"css selector","value":"td"}
RESULT: {"using":"css selector","value":"td"}
COMMAND: POST /session/a6227829479fbf21341f4434e8015dec/element/f.5FEBA03D879F6DDA3804D407047E73A7.d.0E5D2ABB818736A53679B506FA641D12.e.5536/elements - {"using":"css selector","value":"td"}
RESULT: {"using":"css selector","value":"td"}
COMMAND: POST /session/a6227829479fbf21341f4434e8015dec/element/f.5FEBA03D879F6DDA3804D407047E73A7.d.0E5D2ABB818736A53679B506FA641D12.e.5537/elements - {"using":"css selector","value":"td"}
RESULT: {"using":"css selector","value":"td"}
COMMAND: POST /session/a6227829479fbf21341f4434e8015dec/element/f.5FEBA03D879F6DDA3804D407047E73A7.d.0E5D2ABB818736A53679B506FA641D12.e.5538/elements - {"using":"css selector","value":"td"}
RESULT: {"using":"css selector","value":"td"}
COMMAND: POST /session/a6227829479fbf21341f4434e8015dec/element/f.5FEBA03D879F6DDA3804D407047E73A7.d.0E5D2ABB818736A53679B506FA641D12.e.5539/elements - {"using":"css selector","value":"td"}
RESULT: {"using":"css selector","value":"td"}
COMMAND: POST /session/a6227829479fbf21341f4434e8015dec/element/f.5FEBA03D879F6DDA3804D407047E73A7.d.0E5D2ABB818736A53679B506FA641D12.e.5561/element - {"using":"css selector","value":"input"}
RESULT: {"using":"css selector","value":"input"}
COMMAND: GET /session/a6227829479fbf21341f4434e8015dec/element/f.5FEBA03D879F6DDA3804D407047E73A7.d.0E5D2ABB818736A53679B506FA641D12.e.5544/property/value - {}
RESULT: {}
COMMAND: POST /session/a6227829479fbf21341f4434e8015dec/element/f.5FEBA03D879F6DDA3804D407047E73A7.d.0E5D2ABB818736A53679B506FA641D12.e.5539/element - {"using":"css selector","value":".sapMCbBg"}
COMMAND: GET /session/a6227829479fbf21341f4434e8015dec/screenshot - {}
RESULT: {"using":"css selector","value":".sapMCbBg"}
COMMAND: GET /session/a6227829479fbf21341f4434e8015dec/element/f.5FEBA03D879F6DDA3804D407047E73A7.d.0E5D2ABB818736A53679B506FA641D12.e.6433/selected - {}
RESULT: {}
RESULT: {}
COMMAND: POST /session/a6227829479fbf21341f4434e8015dec/element/f.5FEBA03D879F6DDA3804D407047E73A7.d.0E5D2ABB818736A53679B506FA641D12.e.6433/click - {}
COMMAND: GET /session/a6227829479fbf21341f4434e8015dec/screenshot - {}
RESULT: {}
COMMAND: POST /session/a6227829479fbf21341f4434e8015dec/element/f.5FEBA03D879F6DDA3804D407047E73A7.d.0E5D2ABB818736A53679B506FA641D12.e.5578/elements - {"using":"css selector","value":"td"}
COMMAND: GET /session/a6227829479fbf21341f4434e8015dec/screenshot - {}
RESULT: {}
RESULT: {"using":"css selector","value":"td"}
COMMAND: POST /session/a6227829479fbf21341f4434e8015dec/element/f.5FEBA03D879F6DDA3804D407047E73A7.d.0E5D2ABB818736A53679B506FA641D12.e.5593/element - {"using":"css selector","value":"input"}
RESULT: {}
RESULT: {"using":"css selector","value":"input"}
COMMAND: GET /session/a6227829479fbf21341f4434e8015dec/element/f.5FEBA03D879F6DDA3804D407047E73A7.d.0E5D2ABB818736A53679B506FA641D12.e.5575/property/value - {}
RESULT: {}
COMMAND: POST /session/a6227829479fbf21341f4434e8015dec/element/f.5FEBA03D879F6DDA3804D407047E73A7.d.0E5D2ABB818736A53679B506FA641D12.e.5578/element - {"using":"css selector","value":".sapMCbBg"}
COMMAND: GET /session/a6227829479fbf21341f4434e8015dec/screenshot - {}
RESULT: {"using":"css selector","value":".sapMCbBg"}
COMMAND: GET /session/a6227829479fbf21341f4434e8015dec/element/f.5FEBA03D879F6DDA3804D407047E73A7.d.0E5D2ABB818736A53679B506FA641D12.e.6437/selected - {}
RESULT: {}
RESULT: {}
COMMAND: POST /session/a6227829479fbf21341f4434e8015dec/element/f.5FEBA03D879F6DDA3804D407047E73A7.d.0E5D2ABB818736A53679B506FA641D12.e.6437/click - {}
COMMAND: GET /session/a6227829479fbf21341f4434e8015dec/screenshot - {}
RESULT: {}
COMMAND: GET /session/a6227829479fbf21341f4434e8015dec/screenshot - {}
RESULT: {}
RESULT: {}
COMMAND: POST /session/a6227829479fbf21341f4434e8015dec/execute/async - {"script":"<script> [1562 bytes]","args":[{"selector":{"id":"application-manageconditionprice-display-component---dailyPrices--deleteBtn","interaction":{"idSuffix":"content"}},"wdio_ui5_key":"applicationmanageconditionprice-display-component---dailyPrices--deleteBtn"}]}
RESULT: {"script":"<script> [1562 bytes]","args":[{"selector":{"id":"application-manageconditionprice-display-component---dailyPrices--deleteBtn","interaction":{"idSuffix":"content"}},"wdio_ui5_key":"applicationmanageconditionprice-display-component---dailyPrices--deleteBtn"}]}
RESULT: undefined
COMMAND: POST /session/a6227829479fbf21341f4434e8015dec/element - {"using":"xpath","value":"//*[@id=\"application-manageconditionprice-display-component---dailyPrices--deleteBtn\"]"}
RESULT: {"using":"xpath","value":"//*[@id=\"application-manageconditionprice-display-component---dailyPrices--deleteBtn\"]"}
COMMAND: POST /session/a6227829479fbf21341f4434e8015dec/element/f.5FEBA03D879F6DDA3804D407047E73A7.d.0E5D2ABB818736A53679B506FA641D12.e.6439/click - {}
RESULT: {}
COMMAND: POST /session/a6227829479fbf21341f4434e8015dec/execute/async - {"script":"<script> [1562 bytes]","args":[{"selector":{"controlType":"sap.m.Button","properties":{"text":"OK"},"searchOpenDialogs":true,"interaction":{"idSuffix":"BDI-content"}},"wdio_ui5_key":"sapm.Button{\"text\":\"OK\"}"}]}
COMMAND: GET /session/a6227829479fbf21341f4434e8015dec/screenshot - {}
RESULT: {"script":"<script> [1562 bytes]","args":[{"selector":{"controlType":"sap.m.Button","properties":{"text":"OK"},"searchOpenDialogs":true,"interaction":{"idSuffix":"BDI-content"}},"wdio_ui5_key":"sapm.Button{\"text\":\"OK\"}"}]}
RESULT: undefined
COMMAND: POST /session/a6227829479fbf21341f4434e8015dec/element - {"using":"xpath","value":"//*[@id=\"__mbox-btn-0\"]"}
RESULT: {}
RESULT: {"using":"xpath","value":"//*[@id=\"__mbox-btn-0\"]"}
COMMAND: POST /session/a6227829479fbf21341f4434e8015dec/element/f.5FEBA03D879F6DDA3804D407047E73A7.d.0E5D2ABB818736A53679B506FA641D12.e.6440/click - {}
RESULT: {}
COMMAND: GET /session/a6227829479fbf21341f4434e8015dec/screenshot - {}
RESULT: {}
RESULT: undefined
COMMAND: POST /session/a6227829479fbf21341f4434e8015dec/element - {"using":"xpath","value":"//*[@id=\"__button107\"]"}
RESULT: {"using":"xpath","value":"//*[@id=\"__button107\"]"}
COMMAND: POST /session/a6227829479fbf21341f4434e8015dec/element/f.5FEBA03D879F6DDA3804D407047E73A7.d.0E5D2ABB818736A53679B506FA641D12.e.5628/click - {}
RESULT: {}
COMMAND: GET /session/a6227829479fbf21341f4434e8015dec/screenshot - {}
RESULT: {}
COMMAND: POST /session/a6227829479fbf21341f4434e8015dec/elements - {"using":"css selector","value":"table tr"}
RESULT: {"using":"css selector","value":"table tr"}
COMMAND: POST /session/a6227829479fbf21341f4434e8015dec/element/f.5FEBA03D879F6DDA3804D407047E73A7.d.0E5D2ABB818736A53679B506FA641D12.e.5343/elements - {"using":"css selector","value":"td"}
RESULT: {"using":"css selector","value":"td"}
COMMAND: POST /session/a6227829479fbf21341f4434e8015dec/element/f.5FEBA03D879F6DDA3804D407047E73A7.d.0E5D2ABB818736A53679B506FA641D12.e.5344/elements - {"using":"css selector","value":"td"}
RESULT: {"using":"css selector","value":"td"}
COMMAND: POST /session/a6227829479fbf21341f4434e8015dec/element/f.5FEBA03D879F6DDA3804D407047E73A7.d.0E5D2ABB818736A53679B506FA641D12.e.5345/elements - {"using":"css selector","value":"td"}
RESULT: {"using":"css selector","value":"td"}
COMMAND: POST /session/a6227829479fbf21341f4434e8015dec/element/f.5FEBA03D879F6DDA3804D407047E73A7.d.0E5D2ABB818736A53679B506FA641D12.e.5267/elements - {"using":"css selector","value":"td"}
RESULT: {"using":"css selector","value":"td"}
COMMAND: POST /session/a6227829479fbf21341f4434e8015dec/element/f.5FEBA03D879F6DDA3804D407047E73A7.d.0E5D2ABB818736A53679B506FA641D12.e.5268/elements - {"using":"css selector","value":"td"}
RESULT: {"using":"css selector","value":"td"}
COMMAND: POST /session/a6227829479fbf21341f4434e8015dec/element/f.5FEBA03D879F6DDA3804D407047E73A7.d.0E5D2ABB818736A53679B506FA641D12.e.5277/elements - {"using":"css selector","value":"td"}
RESULT: {"using":"css selector","value":"td"}
COMMAND: POST /session/a6227829479fbf21341f4434e8015dec/element/f.5FEBA03D879F6DDA3804D407047E73A7.d.0E5D2ABB818736A53679B506FA641D12.e.5278/elements - {"using":"css selector","value":"td"}
RESULT: {"using":"css selector","value":"td"}
COMMAND: POST /session/a6227829479fbf21341f4434e8015dec/element/f.5FEBA03D879F6DDA3804D407047E73A7.d.0E5D2ABB818736A53679B506FA641D12.e.5287/elements - {"using":"css selector","value":"td"}
RESULT: {"using":"css selector","value":"td"}
COMMAND: POST /session/a6227829479fbf21341f4434e8015dec/element/f.5FEBA03D879F6DDA3804D407047E73A7.d.0E5D2ABB818736A53679B506FA641D12.e.5288/elements - {"using":"css selector","value":"td"}
RESULT: {"using":"css selector","value":"td"}
COMMAND: POST /session/a6227829479fbf21341f4434e8015dec/element/f.5FEBA03D879F6DDA3804D407047E73A7.d.0E5D2ABB818736A53679B506FA641D12.e.5293/elements - {"using":"css selector","value":"td"}
RESULT: {"using":"css selector","value":"td"}
COMMAND: POST /session/a6227829479fbf21341f4434e8015dec/element/f.5FEBA03D879F6DDA3804D407047E73A7.d.0E5D2ABB818736A53679B506FA641D12.e.5346/elements - {"using":"css selector","value":"td"}
RESULT: {"using":"css selector","value":"td"}
COMMAND: POST /session/a6227829479fbf21341f4434e8015dec/element/f.5FEBA03D879F6DDA3804D407047E73A7.d.0E5D2ABB818736A53679B506FA641D12.e.5347/elements - {"using":"css selector","value":"td"}
RESULT: {"using":"css selector","value":"td"}
COMMAND: POST /session/a6227829479fbf21341f4434e8015dec/element/f.5FEBA03D879F6DDA3804D407047E73A7.d.0E5D2ABB818736A53679B506FA641D12.e.5348/elements - {"using":"css selector","value":"td"}
RESULT: {"using":"css selector","value":"td"}
COMMAND: POST /session/a6227829479fbf21341f4434e8015dec/element/f.5FEBA03D879F6DDA3804D407047E73A7.d.0E5D2ABB818736A53679B506FA641D12.e.5349/elements - {"using":"css selector","value":"td"}
RESULT: {"using":"css selector","value":"td"}
COMMAND: POST /session/a6227829479fbf21341f4434e8015dec/element/f.5FEBA03D879F6DDA3804D407047E73A7.d.0E5D2ABB818736A53679B506FA641D12.e.5350/elements - {"using":"css selector","value":"td"}
RESULT: {"using":"css selector","value":"td"}
COMMAND: POST /session/a6227829479fbf21341f4434e8015dec/element/f.5FEBA03D879F6DDA3804D407047E73A7.d.0E5D2ABB818736A53679B506FA641D12.e.5351/elements - {"using":"css selector","value":"td"}
RESULT: {"using":"css selector","value":"td"}
COMMAND: POST /session/a6227829479fbf21341f4434e8015dec/element/f.5FEBA03D879F6DDA3804D407047E73A7.d.0E5D2ABB818736A53679B506FA641D12.e.5352/elements - {"using":"css selector","value":"td"}
RESULT: {"using":"css selector","value":"td"}
COMMAND: POST /session/a6227829479fbf21341f4434e8015dec/element/f.5FEBA03D879F6DDA3804D407047E73A7.d.0E5D2ABB818736A53679B506FA641D12.e.5353/elements - {"using":"css selector","value":"td"}
RESULT: {"using":"css selector","value":"td"}
COMMAND: POST /session/a6227829479fbf21341f4434e8015dec/element/f.5FEBA03D879F6DDA3804D407047E73A7.d.0E5D2ABB818736A53679B506FA641D12.e.5354/elements - {"using":"css selector","value":"td"}
RESULT: {"using":"css selector","value":"td"}
COMMAND: POST /session/a6227829479fbf21341f4434e8015dec/element/f.5FEBA03D879F6DDA3804D407047E73A7.d.0E5D2ABB818736A53679B506FA641D12.e.5355/elements - {"using":"css selector","value":"td"}
RESULT: {"using":"css selector","value":"td"}
COMMAND: POST /session/a6227829479fbf21341f4434e8015dec/element/f.5FEBA03D879F6DDA3804D407047E73A7.d.0E5D2ABB818736A53679B506FA641D12.e.5356/elements - {"using":"css selector","value":"td"}
RESULT: {"using":"css selector","value":"td"}
COMMAND: POST /session/a6227829479fbf21341f4434e8015dec/element/f.5FEBA03D879F6DDA3804D407047E73A7.d.0E5D2ABB818736A53679B506FA641D12.e.5357/elements - {"using":"css selector","value":"td"}
RESULT: {"using":"css selector","value":"td"}
COMMAND: POST /session/a6227829479fbf21341f4434e8015dec/element/f.5FEBA03D879F6DDA3804D407047E73A7.d.0E5D2ABB818736A53679B506FA641D12.e.5358/elements - {"using":"css selector","value":"td"}
RESULT: {"using":"css selector","value":"td"}
COMMAND: POST /session/a6227829479fbf21341f4434e8015dec/element/f.5FEBA03D879F6DDA3804D407047E73A7.d.0E5D2ABB818736A53679B506FA641D12.e.5359/elements - {"using":"css selector","value":"td"}
RESULT: {"using":"css selector","value":"td"}
COMMAND: POST /session/a6227829479fbf21341f4434e8015dec/element/f.5FEBA03D879F6DDA3804D407047E73A7.d.0E5D2ABB818736A53679B506FA641D12.e.5360/elements - {"using":"css selector","value":"td"}
RESULT: {"using":"css selector","value":"td"}
COMMAND: POST /session/a6227829479fbf21341f4434e8015dec/element/f.5FEBA03D879F6DDA3804D407047E73A7.d.0E5D2ABB818736A53679B506FA641D12.e.5361/elements - {"using":"css selector","value":"td"}
RESULT: {"using":"css selector","value":"td"}
COMMAND: POST /session/a6227829479fbf21341f4434e8015dec/element/f.5FEBA03D879F6DDA3804D407047E73A7.d.0E5D2ABB818736A53679B506FA641D12.e.5362/elements - {"using":"css selector","value":"td"}
RESULT: {"using":"css selector","value":"td"}
COMMAND: POST /session/a6227829479fbf21341f4434e8015dec/element/f.5FEBA03D879F6DDA3804D407047E73A7.d.0E5D2ABB818736A53679B506FA641D12.e.5363/elements - {"using":"css selector","value":"td"}
RESULT: {"using":"css selector","value":"td"}
COMMAND: POST /session/a6227829479fbf21341f4434e8015dec/element/f.5FEBA03D879F6DDA3804D407047E73A7.d.0E5D2ABB818736A53679B506FA641D12.e.5364/elements - {"using":"css selector","value":"td"}
RESULT: {"using":"css selector","value":"td"}
COMMAND: POST /session/a6227829479fbf21341f4434e8015dec/element/f.5FEBA03D879F6DDA3804D407047E73A7.d.0E5D2ABB818736A53679B506FA641D12.e.5365/elements - {"using":"css selector","value":"td"}
RESULT: {"using":"css selector","value":"td"}
COMMAND: POST /session/a6227829479fbf21341f4434e8015dec/element/f.5FEBA03D879F6DDA3804D407047E73A7.d.0E5D2ABB818736A53679B506FA641D12.e.5366/elements - {"using":"css selector","value":"td"}
RESULT: {"using":"css selector","value":"td"}
COMMAND: POST /session/a6227829479fbf21341f4434e8015dec/element/f.5FEBA03D879F6DDA3804D407047E73A7.d.0E5D2ABB818736A53679B506FA641D12.e.5367/elements - {"using":"css selector","value":"td"}
RESULT: {"using":"css selector","value":"td"}
COMMAND: POST /session/a6227829479fbf21341f4434e8015dec/element/f.5FEBA03D879F6DDA3804D407047E73A7.d.0E5D2ABB818736A53679B506FA641D12.e.5368/elements - {"using":"css selector","value":"td"}
RESULT: {"using":"css selector","value":"td"}
COMMAND: POST /session/a6227829479fbf21341f4434e8015dec/element/f.5FEBA03D879F6DDA3804D407047E73A7.d.0E5D2ABB818736A53679B506FA641D12.e.5369/elements - {"using":"css selector","value":"td"}
RESULT: {"using":"css selector","value":"td"}
COMMAND: POST /session/a6227829479fbf21341f4434e8015dec/element/f.5FEBA03D879F6DDA3804D407047E73A7.d.0E5D2ABB818736A53679B506FA641D12.e.5370/elements - {"using":"css selector","value":"td"}
RESULT: {"using":"css selector","value":"td"}
COMMAND: POST /session/a6227829479fbf21341f4434e8015dec/element/f.5FEBA03D879F6DDA3804D407047E73A7.d.0E5D2ABB818736A53679B506FA641D12.e.5371/elements - {"using":"css selector","value":"td"}
RESULT: {"using":"css selector","value":"td"}
COMMAND: POST /session/a6227829479fbf21341f4434e8015dec/element/f.5FEBA03D879F6DDA3804D407047E73A7.d.0E5D2ABB818736A53679B506FA641D12.e.5372/elements - {"using":"css selector","value":"td"}
RESULT: {"using":"css selector","value":"td"}
COMMAND: POST /session/a6227829479fbf21341f4434e8015dec/element/f.5FEBA03D879F6DDA3804D407047E73A7.d.0E5D2ABB818736A53679B506FA641D12.e.5373/elements - {"using":"css selector","value":"td"}
RESULT: {"using":"css selector","value":"td"}
COMMAND: POST /session/a6227829479fbf21341f4434e8015dec/element/f.5FEBA03D879F6DDA3804D407047E73A7.d.0E5D2ABB818736A53679B506FA641D12.e.5374/elements - {"using":"css selector","value":"td"}
RESULT: {"using":"css selector","value":"td"}
COMMAND: POST /session/a6227829479fbf21341f4434e8015dec/element/f.5FEBA03D879F6DDA3804D407047E73A7.d.0E5D2ABB818736A53679B506FA641D12.e.5375/elements - {"using":"css selector","value":"td"}
RESULT: {"using":"css selector","value":"td"}
COMMAND: POST /session/a6227829479fbf21341f4434e8015dec/element/f.5FEBA03D879F6DDA3804D407047E73A7.d.0E5D2ABB818736A53679B506FA641D12.e.5376/elements - {"using":"css selector","value":"td"}
RESULT: {"using":"css selector","value":"td"}
COMMAND: POST /session/a6227829479fbf21341f4434e8015dec/element/f.5FEBA03D879F6DDA3804D407047E73A7.d.0E5D2ABB818736A53679B506FA641D12.e.5377/elements - {"using":"css selector","value":"td"}
RESULT: {"using":"css selector","value":"td"}
COMMAND: POST /session/a6227829479fbf21341f4434e8015dec/element/f.5FEBA03D879F6DDA3804D407047E73A7.d.0E5D2ABB818736A53679B506FA641D12.e.5378/elements - {"using":"css selector","value":"td"}
RESULT: {"using":"css selector","value":"td"}
COMMAND: POST /session/a6227829479fbf21341f4434e8015dec/element/f.5FEBA03D879F6DDA3804D407047E73A7.d.0E5D2ABB818736A53679B506FA641D12.e.5379/elements - {"using":"css selector","value":"td"}
RESULT: {"using":"css selector","value":"td"}
COMMAND: POST /session/a6227829479fbf21341f4434e8015dec/element/f.5FEBA03D879F6DDA3804D407047E73A7.d.0E5D2ABB818736A53679B506FA641D12.e.5380/elements - {"using":"css selector","value":"td"}
RESULT: {"using":"css selector","value":"td"}
COMMAND: POST /session/a6227829479fbf21341f4434e8015dec/element/f.5FEBA03D879F6DDA3804D407047E73A7.d.0E5D2ABB818736A53679B506FA641D12.e.5381/elements - {"using":"css selector","value":"td"}
RESULT: {"using":"css selector","value":"td"}
COMMAND: POST /session/a6227829479fbf21341f4434e8015dec/element/f.5FEBA03D879F6DDA3804D407047E73A7.d.0E5D2ABB818736A53679B506FA641D12.e.5382/elements - {"using":"css selector","value":"td"}
RESULT: {"using":"css selector","value":"td"}
COMMAND: POST /session/a6227829479fbf21341f4434e8015dec/element/f.5FEBA03D879F6DDA3804D407047E73A7.d.0E5D2ABB818736A53679B506FA641D12.e.5383/elements - {"using":"css selector","value":"td"}
RESULT: {"using":"css selector","value":"td"}
COMMAND: POST /session/a6227829479fbf21341f4434e8015dec/element/f.5FEBA03D879F6DDA3804D407047E73A7.d.0E5D2ABB818736A53679B506FA641D12.e.5384/elements - {"using":"css selector","value":"td"}
RESULT: {"using":"css selector","value":"td"}
COMMAND: POST /session/a6227829479fbf21341f4434e8015dec/element/f.5FEBA03D879F6DDA3804D407047E73A7.d.0E5D2ABB818736A53679B506FA641D12.e.5385/elements - {"using":"css selector","value":"td"}
RESULT: {"using":"css selector","value":"td"}
COMMAND: POST /session/a6227829479fbf21341f4434e8015dec/element/f.5FEBA03D879F6DDA3804D407047E73A7.d.0E5D2ABB818736A53679B506FA641D12.e.5386/elements - {"using":"css selector","value":"td"}
RESULT: {"using":"css selector","value":"td"}
COMMAND: POST /session/a6227829479fbf21341f4434e8015dec/element/f.5FEBA03D879F6DDA3804D407047E73A7.d.0E5D2ABB818736A53679B506FA641D12.e.5387/elements - {"using":"css selector","value":"td"}
RESULT: {"using":"css selector","value":"td"}
COMMAND: POST /session/a6227829479fbf21341f4434e8015dec/element/f.5FEBA03D879F6DDA3804D407047E73A7.d.0E5D2ABB818736A53679B506FA641D12.e.5388/elements - {"using":"css selector","value":"td"}
RESULT: {"using":"css selector","value":"td"}
COMMAND: POST /session/a6227829479fbf21341f4434e8015dec/element/f.5FEBA03D879F6DDA3804D407047E73A7.d.0E5D2ABB818736A53679B506FA641D12.e.5389/elements - {"using":"css selector","value":"td"}
RESULT: {"using":"css selector","value":"td"}
COMMAND: POST /session/a6227829479fbf21341f4434e8015dec/element/f.5FEBA03D879F6DDA3804D407047E73A7.d.0E5D2ABB818736A53679B506FA641D12.e.5390/elements - {"using":"css selector","value":"td"}
RESULT: {"using":"css selector","value":"td"}
COMMAND: POST /session/a6227829479fbf21341f4434e8015dec/element/f.5FEBA03D879F6DDA3804D407047E73A7.d.0E5D2ABB818736A53679B506FA641D12.e.5391/elements - {"using":"css selector","value":"td"}
RESULT: {"using":"css selector","value":"td"}
COMMAND: POST /session/a6227829479fbf21341f4434e8015dec/element/f.5FEBA03D879F6DDA3804D407047E73A7.d.0E5D2ABB818736A53679B506FA641D12.e.5392/elements - {"using":"css selector","value":"td"}
RESULT: {"using":"css selector","value":"td"}
COMMAND: POST /session/a6227829479fbf21341f4434e8015dec/element/f.5FEBA03D879F6DDA3804D407047E73A7.d.0E5D2ABB818736A53679B506FA641D12.e.5393/elements - {"using":"css selector","value":"td"}
RESULT: {"using":"css selector","value":"td"}
COMMAND: POST /session/a6227829479fbf21341f4434e8015dec/element/f.5FEBA03D879F6DDA3804D407047E73A7.d.0E5D2ABB818736A53679B506FA641D12.e.5394/elements - {"using":"css selector","value":"td"}
RESULT: {"using":"css selector","value":"td"}
COMMAND: POST /session/a6227829479fbf21341f4434e8015dec/element/f.5FEBA03D879F6DDA3804D407047E73A7.d.0E5D2ABB818736A53679B506FA641D12.e.5395/elements - {"using":"css selector","value":"td"}
RESULT: {"using":"css selector","value":"td"}
COMMAND: POST /session/a6227829479fbf21341f4434e8015dec/element/f.5FEBA03D879F6DDA3804D407047E73A7.d.0E5D2ABB818736A53679B506FA641D12.e.5396/elements - {"using":"css selector","value":"td"}
RESULT: {"using":"css selector","value":"td"}
COMMAND: POST /session/a6227829479fbf21341f4434e8015dec/element/f.5FEBA03D879F6DDA3804D407047E73A7.d.0E5D2ABB818736A53679B506FA641D12.e.5397/elements - {"using":"css selector","value":"td"}
RESULT: {"using":"css selector","value":"td"}
COMMAND: POST /session/a6227829479fbf21341f4434e8015dec/element/f.5FEBA03D879F6DDA3804D407047E73A7.d.0E5D2ABB818736A53679B506FA641D12.e.5398/elements - {"using":"css selector","value":"td"}
RESULT: {"using":"css selector","value":"td"}
COMMAND: POST /session/a6227829479fbf21341f4434e8015dec/element/f.5FEBA03D879F6DDA3804D407047E73A7.d.0E5D2ABB818736A53679B506FA641D12.e.5399/elements - {"using":"css selector","value":"td"}
RESULT: {"using":"css selector","value":"td"}
COMMAND: POST /session/a6227829479fbf21341f4434e8015dec/element/f.5FEBA03D879F6DDA3804D407047E73A7.d.0E5D2ABB818736A53679B506FA641D12.e.5400/elements - {"using":"css selector","value":"td"}
RESULT: {"using":"css selector","value":"td"}
COMMAND: POST /session/a6227829479fbf21341f4434e8015dec/element/f.5FEBA03D879F6DDA3804D407047E73A7.d.0E5D2ABB818736A53679B506FA641D12.e.5401/elements - {"using":"css selector","value":"td"}
RESULT: {"using":"css selector","value":"td"}
COMMAND: POST /session/a6227829479fbf21341f4434e8015dec/element/f.5FEBA03D879F6DDA3804D407047E73A7.d.0E5D2ABB818736A53679B506FA641D12.e.5402/elements - {"using":"css selector","value":"td"}
RESULT: {"using":"css selector","value":"td"}
COMMAND: POST /session/a6227829479fbf21341f4434e8015dec/element/f.5FEBA03D879F6DDA3804D407047E73A7.d.0E5D2ABB818736A53679B506FA641D12.e.5403/elements - {"using":"css selector","value":"td"}
RESULT: {"using":"css selector","value":"td"}
COMMAND: POST /session/a6227829479fbf21341f4434e8015dec/element/f.5FEBA03D879F6DDA3804D407047E73A7.d.0E5D2ABB818736A53679B506FA641D12.e.5404/elements - {"using":"css selector","value":"td"}
RESULT: {"using":"css selector","value":"td"}
COMMAND: POST /session/a6227829479fbf21341f4434e8015dec/element/f.5FEBA03D879F6DDA3804D407047E73A7.d.0E5D2ABB818736A53679B506FA641D12.e.5405/elements - {"using":"css selector","value":"td"}
RESULT: {"using":"css selector","value":"td"}
COMMAND: POST /session/a6227829479fbf21341f4434e8015dec/element/f.5FEBA03D879F6DDA3804D407047E73A7.d.0E5D2ABB818736A53679B506FA641D12.e.5406/elements - {"using":"css selector","value":"td"}
RESULT: {"using":"css selector","value":"td"}
COMMAND: POST /session/a6227829479fbf21341f4434e8015dec/element/f.5FEBA03D879F6DDA3804D407047E73A7.d.0E5D2ABB818736A53679B506FA641D12.e.5407/elements - {"using":"css selector","value":"td"}
RESULT: {"using":"css selector","value":"td"}
COMMAND: POST /session/a6227829479fbf21341f4434e8015dec/element/f.5FEBA03D879F6DDA3804D407047E73A7.d.0E5D2ABB818736A53679B506FA641D12.e.5408/elements - {"using":"css selector","value":"td"}
RESULT: {"using":"css selector","value":"td"}
COMMAND: POST /session/a6227829479fbf21341f4434e8015dec/element/f.5FEBA03D879F6DDA3804D407047E73A7.d.0E5D2ABB818736A53679B506FA641D12.e.5409/elements - {"using":"css selector","value":"td"}
RESULT: {"using":"css selector","value":"td"}
COMMAND: POST /session/a6227829479fbf21341f4434e8015dec/element/f.5FEBA03D879F6DDA3804D407047E73A7.d.0E5D2ABB818736A53679B506FA641D12.e.5410/elements - {"using":"css selector","value":"td"}
RESULT: {"using":"css selector","value":"td"}
COMMAND: POST /session/a6227829479fbf21341f4434e8015dec/element/f.5FEBA03D879F6DDA3804D407047E73A7.d.0E5D2ABB818736A53679B506FA641D12.e.5411/elements - {"using":"css selector","value":"td"}
RESULT: {"using":"css selector","value":"td"}
COMMAND: POST /session/a6227829479fbf21341f4434e8015dec/element/f.5FEBA03D879F6DDA3804D407047E73A7.d.0E5D2ABB818736A53679B506FA641D12.e.5412/elements - {"using":"css selector","value":"td"}
RESULT: {"using":"css selector","value":"td"}
COMMAND: POST /session/a6227829479fbf21341f4434e8015dec/element/f.5FEBA03D879F6DDA3804D407047E73A7.d.0E5D2ABB818736A53679B506FA641D12.e.5413/elements - {"using":"css selector","value":"td"}
RESULT: {"using":"css selector","value":"td"}
COMMAND: POST /session/a6227829479fbf21341f4434e8015dec/element/f.5FEBA03D879F6DDA3804D407047E73A7.d.0E5D2ABB818736A53679B506FA641D12.e.5414/elements - {"using":"css selector","value":"td"}
RESULT: {"using":"css selector","value":"td"}
COMMAND: POST /session/a6227829479fbf21341f4434e8015dec/element/f.5FEBA03D879F6DDA3804D407047E73A7.d.0E5D2ABB818736A53679B506FA641D12.e.5415/elements - {"using":"css selector","value":"td"}
RESULT: {"using":"css selector","value":"td"}
COMMAND: POST /session/a6227829479fbf21341f4434e8015dec/element/f.5FEBA03D879F6DDA3804D407047E73A7.d.0E5D2ABB818736A53679B506FA641D12.e.5416/elements - {"using":"css selector","value":"td"}
RESULT: {"using":"css selector","value":"td"}
COMMAND: POST /session/a6227829479fbf21341f4434e8015dec/element/f.5FEBA03D879F6DDA3804D407047E73A7.d.0E5D2ABB818736A53679B506FA641D12.e.5417/elements - {"using":"css selector","value":"td"}
RESULT: {"using":"css selector","value":"td"}
COMMAND: POST /session/a6227829479fbf21341f4434e8015dec/element/f.5FEBA03D879F6DDA3804D407047E73A7.d.0E5D2ABB818736A53679B506FA641D12.e.5418/elements - {"using":"css selector","value":"td"}
RESULT: {"using":"css selector","value":"td"}
COMMAND: POST /session/a6227829479fbf21341f4434e8015dec/element/f.5FEBA03D879F6DDA3804D407047E73A7.d.0E5D2ABB818736A53679B506FA641D12.e.5419/elements - {"using":"css selector","value":"td"}
RESULT: {"using":"css selector","value":"td"}
COMMAND: POST /session/a6227829479fbf21341f4434e8015dec/element/f.5FEBA03D879F6DDA3804D407047E73A7.d.0E5D2ABB818736A53679B506FA641D12.e.5420/elements - {"using":"css selector","value":"td"}
RESULT: {"using":"css selector","value":"td"}
COMMAND: POST /session/a6227829479fbf21341f4434e8015dec/element/f.5FEBA03D879F6DDA3804D407047E73A7.d.0E5D2ABB818736A53679B506FA641D12.e.5421/elements - {"using":"css selector","value":"td"}
RESULT: {"using":"css selector","value":"td"}
COMMAND: POST /session/a6227829479fbf21341f4434e8015dec/element/f.5FEBA03D879F6DDA3804D407047E73A7.d.0E5D2ABB818736A53679B506FA641D12.e.5422/elements - {"using":"css selector","value":"td"}
RESULT: {"using":"css selector","value":"td"}
COMMAND: POST /session/a6227829479fbf21341f4434e8015dec/element/f.5FEBA03D879F6DDA3804D407047E73A7.d.0E5D2ABB818736A53679B506FA641D12.e.5423/elements - {"using":"css selector","value":"td"}
RESULT: {"using":"css selector","value":"td"}
COMMAND: POST /session/a6227829479fbf21341f4434e8015dec/element/f.5FEBA03D879F6DDA3804D407047E73A7.d.0E5D2ABB818736A53679B506FA641D12.e.5424/elements - {"using":"css selector","value":"td"}
RESULT: {"using":"css selector","value":"td"}
COMMAND: POST /session/a6227829479fbf21341f4434e8015dec/element/f.5FEBA03D879F6DDA3804D407047E73A7.d.0E5D2ABB818736A53679B506FA641D12.e.5425/elements - {"using":"css selector","value":"td"}
RESULT: {"using":"css selector","value":"td"}
COMMAND: POST /session/a6227829479fbf21341f4434e8015dec/element/f.5FEBA03D879F6DDA3804D407047E73A7.d.0E5D2ABB818736A53679B506FA641D12.e.5426/elements - {"using":"css selector","value":"td"}
RESULT: {"using":"css selector","value":"td"}
COMMAND: POST /session/a6227829479fbf21341f4434e8015dec/element/f.5FEBA03D879F6DDA3804D407047E73A7.d.0E5D2ABB818736A53679B506FA641D12.e.5427/elements - {"using":"css selector","value":"td"}
RESULT: {"using":"css selector","value":"td"}
COMMAND: POST /session/a6227829479fbf21341f4434e8015dec/element/f.5FEBA03D879F6DDA3804D407047E73A7.d.0E5D2ABB818736A53679B506FA641D12.e.5428/elements - {"using":"css selector","value":"td"}
RESULT: {"using":"css selector","value":"td"}
COMMAND: POST /session/a6227829479fbf21341f4434e8015dec/element/f.5FEBA03D879F6DDA3804D407047E73A7.d.0E5D2ABB818736A53679B506FA641D12.e.5429/elements - {"using":"css selector","value":"td"}
RESULT: {"using":"css selector","value":"td"}
COMMAND: POST /session/a6227829479fbf21341f4434e8015dec/element/f.5FEBA03D879F6DDA3804D407047E73A7.d.0E5D2ABB818736A53679B506FA641D12.e.5430/elements - {"using":"css selector","value":"td"}
RESULT: {"using":"css selector","value":"td"}
COMMAND: POST /session/a6227829479fbf21341f4434e8015dec/element/f.5FEBA03D879F6DDA3804D407047E73A7.d.0E5D2ABB818736A53679B506FA641D12.e.5431/elements - {"using":"css selector","value":"td"}
RESULT: {"using":"css selector","value":"td"}
COMMAND: POST /session/a6227829479fbf21341f4434e8015dec/element/f.5FEBA03D879F6DDA3804D407047E73A7.d.0E5D2ABB818736A53679B506FA641D12.e.5432/elements - {"using":"css selector","value":"td"}
RESULT: {"using":"css selector","value":"td"}
COMMAND: POST /session/a6227829479fbf21341f4434e8015dec/element/f.5FEBA03D879F6DDA3804D407047E73A7.d.0E5D2ABB818736A53679B506FA641D12.e.5433/elements - {"using":"css selector","value":"td"}
RESULT: {"using":"css selector","value":"td"}
COMMAND: POST /session/a6227829479fbf21341f4434e8015dec/element/f.5FEBA03D879F6DDA3804D407047E73A7.d.0E5D2ABB818736A53679B506FA641D12.e.5434/elements - {"using":"css selector","value":"td"}
RESULT: {"using":"css selector","value":"td"}
COMMAND: POST /session/a6227829479fbf21341f4434e8015dec/element/f.5FEBA03D879F6DDA3804D407047E73A7.d.0E5D2ABB818736A53679B506FA641D12.e.5435/elements - {"using":"css selector","value":"td"}
RESULT: {"using":"css selector","value":"td"}
COMMAND: POST /session/a6227829479fbf21341f4434e8015dec/element/f.5FEBA03D879F6DDA3804D407047E73A7.d.0E5D2ABB818736A53679B506FA641D12.e.5436/elements - {"using":"css selector","value":"td"}
RESULT: {"using":"css selector","value":"td"}
COMMAND: POST /session/a6227829479fbf21341f4434e8015dec/element/f.5FEBA03D879F6DDA3804D407047E73A7.d.0E5D2ABB818736A53679B506FA641D12.e.5437/elements - {"using":"css selector","value":"td"}
RESULT: {"using":"css selector","value":"td"}
COMMAND: POST /session/a6227829479fbf21341f4434e8015dec/element/f.5FEBA03D879F6DDA3804D407047E73A7.d.0E5D2ABB818736A53679B506FA641D12.e.5438/elements - {"using":"css selector","value":"td"}
RESULT: {"using":"css selector","value":"td"}
COMMAND: POST /session/a6227829479fbf21341f4434e8015dec/element/f.5FEBA03D879F6DDA3804D407047E73A7.d.0E5D2ABB818736A53679B506FA641D12.e.5439/elements - {"using":"css selector","value":"td"}
RESULT: {"using":"css selector","value":"td"}
COMMAND: POST /session/a6227829479fbf21341f4434e8015dec/element/f.5FEBA03D879F6DDA3804D407047E73A7.d.0E5D2ABB818736A53679B506FA641D12.e.5440/elements - {"using":"css selector","value":"td"}
RESULT: {"using":"css selector","value":"td"}
COMMAND: POST /session/a6227829479fbf21341f4434e8015dec/element/f.5FEBA03D879F6DDA3804D407047E73A7.d.0E5D2ABB818736A53679B506FA641D12.e.5441/elements - {"using":"css selector","value":"td"}
RESULT: {"using":"css selector","value":"td"}
COMMAND: POST /session/a6227829479fbf21341f4434e8015dec/element/f.5FEBA03D879F6DDA3804D407047E73A7.d.0E5D2ABB818736A53679B506FA641D12.e.5442/elements - {"using":"css selector","value":"td"}
RESULT: {"using":"css selector","value":"td"}
COMMAND: POST /session/a6227829479fbf21341f4434e8015dec/element/f.5FEBA03D879F6DDA3804D407047E73A7.d.0E5D2ABB818736A53679B506FA641D12.e.5443/elements - {"using":"css selector","value":"td"}
RESULT: {"using":"css selector","value":"td"}
COMMAND: POST /session/a6227829479fbf21341f4434e8015dec/element/f.5FEBA03D879F6DDA3804D407047E73A7.d.0E5D2ABB818736A53679B506FA641D12.e.5444/elements - {"using":"css selector","value":"td"}
RESULT: {"using":"css selector","value":"td"}
COMMAND: POST /session/a6227829479fbf21341f4434e8015dec/element/f.5FEBA03D879F6DDA3804D407047E73A7.d.0E5D2ABB818736A53679B506FA641D12.e.5445/elements - {"using":"css selector","value":"td"}
RESULT: {"using":"css selector","value":"td"}
COMMAND: POST /session/a6227829479fbf21341f4434e8015dec/element/f.5FEBA03D879F6DDA3804D407047E73A7.d.0E5D2ABB818736A53679B506FA641D12.e.5446/elements - {"using":"css selector","value":"td"}
RESULT: {"using":"css selector","value":"td"}
COMMAND: POST /session/a6227829479fbf21341f4434e8015dec/element/f.5FEBA03D879F6DDA3804D407047E73A7.d.0E5D2ABB818736A53679B506FA641D12.e.5447/elements - {"using":"css selector","value":"td"}
RESULT: {"using":"css selector","value":"td"}
COMMAND: POST /session/a6227829479fbf21341f4434e8015dec/element/f.5FEBA03D879F6DDA3804D407047E73A7.d.0E5D2ABB818736A53679B506FA641D12.e.5448/elements - {"using":"css selector","value":"td"}
RESULT: {"using":"css selector","value":"td"}
COMMAND: POST /session/a6227829479fbf21341f4434e8015dec/element/f.5FEBA03D879F6DDA3804D407047E73A7.d.0E5D2ABB818736A53679B506FA641D12.e.5449/elements - {"using":"css selector","value":"td"}
RESULT: {"using":"css selector","value":"td"}
COMMAND: POST /session/a6227829479fbf21341f4434e8015dec/element/f.5FEBA03D879F6DDA3804D407047E73A7.d.0E5D2ABB818736A53679B506FA641D12.e.5450/elements - {"using":"css selector","value":"td"}
RESULT: {"using":"css selector","value":"td"}
COMMAND: POST /session/a6227829479fbf21341f4434e8015dec/element/f.5FEBA03D879F6DDA3804D407047E73A7.d.0E5D2ABB818736A53679B506FA641D12.e.5451/elements - {"using":"css selector","value":"td"}
RESULT: {"using":"css selector","value":"td"}
COMMAND: POST /session/a6227829479fbf21341f4434e8015dec/element/f.5FEBA03D879F6DDA3804D407047E73A7.d.0E5D2ABB818736A53679B506FA641D12.e.5452/elements - {"using":"css selector","value":"td"}
RESULT: {"using":"css selector","value":"td"}
COMMAND: POST /session/a6227829479fbf21341f4434e8015dec/element/f.5FEBA03D879F6DDA3804D407047E73A7.d.0E5D2ABB818736A53679B506FA641D12.e.5453/elements - {"using":"css selector","value":"td"}
RESULT: {"using":"css selector","value":"td"}
COMMAND: POST /session/a6227829479fbf21341f4434e8015dec/element/f.5FEBA03D879F6DDA3804D407047E73A7.d.0E5D2ABB818736A53679B506FA641D12.e.5454/elements - {"using":"css selector","value":"td"}
RESULT: {"using":"css selector","value":"td"}
COMMAND: POST /session/a6227829479fbf21341f4434e8015dec/element/f.5FEBA03D879F6DDA3804D407047E73A7.d.0E5D2ABB818736A53679B506FA641D12.e.5455/elements - {"using":"css selector","value":"td"}
RESULT: {"using":"css selector","value":"td"}
COMMAND: POST /session/a6227829479fbf21341f4434e8015dec/element/f.5FEBA03D879F6DDA3804D407047E73A7.d.0E5D2ABB818736A53679B506FA641D12.e.5456/elements - {"using":"css selector","value":"td"}
RESULT: {"using":"css selector","value":"td"}
COMMAND: POST /session/a6227829479fbf21341f4434e8015dec/element/f.5FEBA03D879F6DDA3804D407047E73A7.d.0E5D2ABB818736A53679B506FA641D12.e.5457/elements - {"using":"css selector","value":"td"}
RESULT: {"using":"css selector","value":"td"}
COMMAND: POST /session/a6227829479fbf21341f4434e8015dec/element/f.5FEBA03D879F6DDA3804D407047E73A7.d.0E5D2ABB818736A53679B506FA641D12.e.5458/elements - {"using":"css selector","value":"td"}
RESULT: {"using":"css selector","value":"td"}
COMMAND: POST /session/a6227829479fbf21341f4434e8015dec/element/f.5FEBA03D879F6DDA3804D407047E73A7.d.0E5D2ABB818736A53679B506FA641D12.e.5459/elements - {"using":"css selector","value":"td"}
RESULT: {"using":"css selector","value":"td"}
COMMAND: POST /session/a6227829479fbf21341f4434e8015dec/element/f.5FEBA03D879F6DDA3804D407047E73A7.d.0E5D2ABB818736A53679B506FA641D12.e.5460/elements - {"using":"css selector","value":"td"}
RESULT: {"using":"css selector","value":"td"}
COMMAND: POST /session/a6227829479fbf21341f4434e8015dec/element/f.5FEBA03D879F6DDA3804D407047E73A7.d.0E5D2ABB818736A53679B506FA641D12.e.5461/elements - {"using":"css selector","value":"td"}
RESULT: {"using":"css selector","value":"td"}
COMMAND: POST /session/a6227829479fbf21341f4434e8015dec/element/f.5FEBA03D879F6DDA3804D407047E73A7.d.0E5D2ABB818736A53679B506FA641D12.e.5462/elements - {"using":"css selector","value":"td"}
RESULT: {"using":"css selector","value":"td"}
COMMAND: POST /session/a6227829479fbf21341f4434e8015dec/element/f.5FEBA03D879F6DDA3804D407047E73A7.d.0E5D2ABB818736A53679B506FA641D12.e.5463/elements - {"using":"css selector","value":"td"}
RESULT: {"using":"css selector","value":"td"}
COMMAND: POST /session/a6227829479fbf21341f4434e8015dec/element/f.5FEBA03D879F6DDA3804D407047E73A7.d.0E5D2ABB818736A53679B506FA641D12.e.5464/elements - {"using":"css selector","value":"td"}
RESULT: {"using":"css selector","value":"td"}
COMMAND: POST /session/a6227829479fbf21341f4434e8015dec/element/f.5FEBA03D879F6DDA3804D407047E73A7.d.0E5D2ABB818736A53679B506FA641D12.e.5465/elements - {"using":"css selector","value":"td"}
RESULT: {"using":"css selector","value":"td"}
COMMAND: POST /session/a6227829479fbf21341f4434e8015dec/element/f.5FEBA03D879F6DDA3804D407047E73A7.d.0E5D2ABB818736A53679B506FA641D12.e.5466/elements - {"using":"css selector","value":"td"}
RESULT: {"using":"css selector","value":"td"}
COMMAND: POST /session/a6227829479fbf21341f4434e8015dec/element/f.5FEBA03D879F6DDA3804D407047E73A7.d.0E5D2ABB818736A53679B506FA641D12.e.5467/elements - {"using":"css selector","value":"td"}
RESULT: {"using":"css selector","value":"td"}
COMMAND: POST /session/a6227829479fbf21341f4434e8015dec/element/f.5FEBA03D879F6DDA3804D407047E73A7.d.0E5D2ABB818736A53679B506FA641D12.e.5468/elements - {"using":"css selector","value":"td"}
RESULT: {"using":"css selector","value":"td"}
COMMAND: POST /session/a6227829479fbf21341f4434e8015dec/element/f.5FEBA03D879F6DDA3804D407047E73A7.d.0E5D2ABB818736A53679B506FA641D12.e.5469/elements - {"using":"css selector","value":"td"}
RESULT: {"using":"css selector","value":"td"}
COMMAND: POST /session/a6227829479fbf21341f4434e8015dec/element/f.5FEBA03D879F6DDA3804D407047E73A7.d.0E5D2ABB818736A53679B506FA641D12.e.5470/elements - {"using":"css selector","value":"td"}
RESULT: {"using":"css selector","value":"td"}
COMMAND: POST /session/a6227829479fbf21341f4434e8015dec/element/f.5FEBA03D879F6DDA3804D407047E73A7.d.0E5D2ABB818736A53679B506FA641D12.e.5471/elements - {"using":"css selector","value":"td"}
RESULT: {"using":"css selector","value":"td"}
COMMAND: POST /session/a6227829479fbf21341f4434e8015dec/element/f.5FEBA03D879F6DDA3804D407047E73A7.d.0E5D2ABB818736A53679B506FA641D12.e.5472/elements - {"using":"css selector","value":"td"}
RESULT: {"using":"css selector","value":"td"}
COMMAND: POST /session/a6227829479fbf21341f4434e8015dec/element/f.5FEBA03D879F6DDA3804D407047E73A7.d.0E5D2ABB818736A53679B506FA641D12.e.5473/elements - {"using":"css selector","value":"td"}
RESULT: {"using":"css selector","value":"td"}
COMMAND: POST /session/a6227829479fbf21341f4434e8015dec/element/f.5FEBA03D879F6DDA3804D407047E73A7.d.0E5D2ABB818736A53679B506FA641D12.e.5474/elements - {"using":"css selector","value":"td"}
RESULT: {"using":"css selector","value":"td"}
COMMAND: POST /session/a6227829479fbf21341f4434e8015dec/element/f.5FEBA03D879F6DDA3804D407047E73A7.d.0E5D2ABB818736A53679B506FA641D12.e.5475/elements - {"using":"css selector","value":"td"}
RESULT: {"using":"css selector","value":"td"}
COMMAND: POST /session/a6227829479fbf21341f4434e8015dec/element/f.5FEBA03D879F6DDA3804D407047E73A7.d.0E5D2ABB818736A53679B506FA641D12.e.5476/elements - {"using":"css selector","value":"td"}
RESULT: {"using":"css selector","value":"td"}
COMMAND: POST /session/a6227829479fbf21341f4434e8015dec/element/f.5FEBA03D879F6DDA3804D407047E73A7.d.0E5D2ABB818736A53679B506FA641D12.e.5477/elements - {"using":"css selector","value":"td"}
RESULT: {"using":"css selector","value":"td"}
COMMAND: POST /session/a6227829479fbf21341f4434e8015dec/element/f.5FEBA03D879F6DDA3804D407047E73A7.d.0E5D2ABB818736A53679B506FA641D12.e.5478/elements - {"using":"css selector","value":"td"}
RESULT: {"using":"css selector","value":"td"}
COMMAND: POST /session/a6227829479fbf21341f4434e8015dec/element/f.5FEBA03D879F6DDA3804D407047E73A7.d.0E5D2ABB818736A53679B506FA641D12.e.5479/elements - {"using":"css selector","value":"td"}
RESULT: {"using":"css selector","value":"td"}
COMMAND: POST /session/a6227829479fbf21341f4434e8015dec/element/f.5FEBA03D879F6DDA3804D407047E73A7.d.0E5D2ABB818736A53679B506FA641D12.e.5480/elements - {"using":"css selector","value":"td"}
RESULT: {"using":"css selector","value":"td"}
COMMAND: POST /session/a6227829479fbf21341f4434e8015dec/element/f.5FEBA03D879F6DDA3804D407047E73A7.d.0E5D2ABB818736A53679B506FA641D12.e.5481/elements - {"using":"css selector","value":"td"}
RESULT: {"using":"css selector","value":"td"}
COMMAND: POST /session/a6227829479fbf21341f4434e8015dec/element/f.5FEBA03D879F6DDA3804D407047E73A7.d.0E5D2ABB818736A53679B506FA641D12.e.5482/elements - {"using":"css selector","value":"td"}
RESULT: {"using":"css selector","value":"td"}
COMMAND: POST /session/a6227829479fbf21341f4434e8015dec/element/f.5FEBA03D879F6DDA3804D407047E73A7.d.0E5D2ABB818736A53679B506FA641D12.e.5483/elements - {"using":"css selector","value":"td"}
RESULT: {"using":"css selector","value":"td"}
COMMAND: POST /session/a6227829479fbf21341f4434e8015dec/element/f.5FEBA03D879F6DDA3804D407047E73A7.d.0E5D2ABB818736A53679B506FA641D12.e.5484/elements - {"using":"css selector","value":"td"}
RESULT: {"using":"css selector","value":"td"}
COMMAND: POST /session/a6227829479fbf21341f4434e8015dec/element/f.5FEBA03D879F6DDA3804D407047E73A7.d.0E5D2ABB818736A53679B506FA641D12.e.5485/elements - {"using":"css selector","value":"td"}
RESULT: {"using":"css selector","value":"td"}
COMMAND: POST /session/a6227829479fbf21341f4434e8015dec/element/f.5FEBA03D879F6DDA3804D407047E73A7.d.0E5D2ABB818736A53679B506FA641D12.e.5486/elements - {"using":"css selector","value":"td"}
RESULT: {"using":"css selector","value":"td"}
COMMAND: POST /session/a6227829479fbf21341f4434e8015dec/element/f.5FEBA03D879F6DDA3804D407047E73A7.d.0E5D2ABB818736A53679B506FA641D12.e.5487/elements - {"using":"css selector","value":"td"}
RESULT: {"using":"css selector","value":"td"}
COMMAND: POST /session/a6227829479fbf21341f4434e8015dec/element/f.5FEBA03D879F6DDA3804D407047E73A7.d.0E5D2ABB818736A53679B506FA641D12.e.5488/elements - {"using":"css selector","value":"td"}
RESULT: {"using":"css selector","value":"td"}
COMMAND: POST /session/a6227829479fbf21341f4434e8015dec/element/f.5FEBA03D879F6DDA3804D407047E73A7.d.0E5D2ABB818736A53679B506FA641D12.e.5489/elements - {"using":"css selector","value":"td"}
RESULT: {"using":"css selector","value":"td"}
COMMAND: POST /session/a6227829479fbf21341f4434e8015dec/element/f.5FEBA03D879F6DDA3804D407047E73A7.d.0E5D2ABB818736A53679B506FA641D12.e.5490/elements - {"using":"css selector","value":"td"}
RESULT: {"using":"css selector","value":"td"}
COMMAND: POST /session/a6227829479fbf21341f4434e8015dec/element/f.5FEBA03D879F6DDA3804D407047E73A7.d.0E5D2ABB818736A53679B506FA641D12.e.5491/elements - {"using":"css selector","value":"td"}
RESULT: {"using":"css selector","value":"td"}
COMMAND: POST /session/a6227829479fbf21341f4434e8015dec/element/f.5FEBA03D879F6DDA3804D407047E73A7.d.0E5D2ABB818736A53679B506FA641D12.e.5492/elements - {"using":"css selector","value":"td"}
RESULT: {"using":"css selector","value":"td"}
COMMAND: POST /session/a6227829479fbf21341f4434e8015dec/element/f.5FEBA03D879F6DDA3804D407047E73A7.d.0E5D2ABB818736A53679B506FA641D12.e.5493/elements - {"using":"css selector","value":"td"}
RESULT: {"using":"css selector","value":"td"}
COMMAND: POST /session/a6227829479fbf21341f4434e8015dec/element/f.5FEBA03D879F6DDA3804D407047E73A7.d.0E5D2ABB818736A53679B506FA641D12.e.5494/elements - {"using":"css selector","value":"td"}
RESULT: {"using":"css selector","value":"td"}
COMMAND: POST /session/a6227829479fbf21341f4434e8015dec/element/f.5FEBA03D879F6DDA3804D407047E73A7.d.0E5D2ABB818736A53679B506FA641D12.e.5495/elements - {"using":"css selector","value":"td"}
RESULT: {"using":"css selector","value":"td"}
COMMAND: POST /session/a6227829479fbf21341f4434e8015dec/element/f.5FEBA03D879F6DDA3804D407047E73A7.d.0E5D2ABB818736A53679B506FA641D12.e.5496/elements - {"using":"css selector","value":"td"}
RESULT: {"using":"css selector","value":"td"}
COMMAND: POST /session/a6227829479fbf21341f4434e8015dec/element/f.5FEBA03D879F6DDA3804D407047E73A7.d.0E5D2ABB818736A53679B506FA641D12.e.5497/elements - {"using":"css selector","value":"td"}
RESULT: {"using":"css selector","value":"td"}
COMMAND: POST /session/a6227829479fbf21341f4434e8015dec/element/f.5FEBA03D879F6DDA3804D407047E73A7.d.0E5D2ABB818736A53679B506FA641D12.e.5498/elements - {"using":"css selector","value":"td"}
RESULT: {"using":"css selector","value":"td"}
COMMAND: POST /session/a6227829479fbf21341f4434e8015dec/element/f.5FEBA03D879F6DDA3804D407047E73A7.d.0E5D2ABB818736A53679B506FA641D12.e.5499/elements - {"using":"css selector","value":"td"}
RESULT: {"using":"css selector","value":"td"}
COMMAND: POST /session/a6227829479fbf21341f4434e8015dec/element/f.5FEBA03D879F6DDA3804D407047E73A7.d.0E5D2ABB818736A53679B506FA641D12.e.5500/elements - {"using":"css selector","value":"td"}
RESULT: {"using":"css selector","value":"td"}
COMMAND: POST /session/a6227829479fbf21341f4434e8015dec/element/f.5FEBA03D879F6DDA3804D407047E73A7.d.0E5D2ABB818736A53679B506FA641D12.e.5501/elements - {"using":"css selector","value":"td"}
RESULT: {"using":"css selector","value":"td"}
COMMAND: POST /session/a6227829479fbf21341f4434e8015dec/element/f.5FEBA03D879F6DDA3804D407047E73A7.d.0E5D2ABB818736A53679B506FA641D12.e.5502/elements - {"using":"css selector","value":"td"}
RESULT: {"using":"css selector","value":"td"}
COMMAND: POST /session/a6227829479fbf21341f4434e8015dec/element/f.5FEBA03D879F6DDA3804D407047E73A7.d.0E5D2ABB818736A53679B506FA641D12.e.5503/elements - {"using":"css selector","value":"td"}
RESULT: {"using":"css selector","value":"td"}
COMMAND: POST /session/a6227829479fbf21341f4434e8015dec/element/f.5FEBA03D879F6DDA3804D407047E73A7.d.0E5D2ABB818736A53679B506FA641D12.e.5504/elements - {"using":"css selector","value":"td"}
RESULT: {"using":"css selector","value":"td"}
COMMAND: POST /session/a6227829479fbf21341f4434e8015dec/element/f.5FEBA03D879F6DDA3804D407047E73A7.d.0E5D2ABB818736A53679B506FA641D12.e.5505/elements - {"using":"css selector","value":"td"}
RESULT: {"using":"css selector","value":"td"}
COMMAND: POST /session/a6227829479fbf21341f4434e8015dec/element/f.5FEBA03D879F6DDA3804D407047E73A7.d.0E5D2ABB818736A53679B506FA641D12.e.5506/elements - {"using":"css selector","value":"td"}
RESULT: {"using":"css selector","value":"td"}
COMMAND: POST /session/a6227829479fbf21341f4434e8015dec/element/f.5FEBA03D879F6DDA3804D407047E73A7.d.0E5D2ABB818736A53679B506FA641D12.e.5507/elements - {"using":"css selector","value":"td"}
RESULT: {"using":"css selector","value":"td"}
COMMAND: POST /session/a6227829479fbf21341f4434e8015dec/element/f.5FEBA03D879F6DDA3804D407047E73A7.d.0E5D2ABB818736A53679B506FA641D12.e.5508/elements - {"using":"css selector","value":"td"}
RESULT: {"using":"css selector","value":"td"}
COMMAND: POST /session/a6227829479fbf21341f4434e8015dec/element/f.5FEBA03D879F6DDA3804D407047E73A7.d.0E5D2ABB818736A53679B506FA641D12.e.5509/elements - {"using":"css selector","value":"td"}
RESULT: {"using":"css selector","value":"td"}
COMMAND: POST /session/a6227829479fbf21341f4434e8015dec/element/f.5FEBA03D879F6DDA3804D407047E73A7.d.0E5D2ABB818736A53679B506FA641D12.e.5510/elements - {"using":"css selector","value":"td"}
RESULT: {"using":"css selector","value":"td"}
COMMAND: POST /session/a6227829479fbf21341f4434e8015dec/element/f.5FEBA03D879F6DDA3804D407047E73A7.d.0E5D2ABB818736A53679B506FA641D12.e.5511/elements - {"using":"css selector","value":"td"}
RESULT: {"using":"css selector","value":"td"}
COMMAND: POST /session/a6227829479fbf21341f4434e8015dec/element/f.5FEBA03D879F6DDA3804D407047E73A7.d.0E5D2ABB818736A53679B506FA641D12.e.5512/elements - {"using":"css selector","value":"td"}
RESULT: {"using":"css selector","value":"td"}
COMMAND: POST /session/a6227829479fbf21341f4434e8015dec/element/f.5FEBA03D879F6DDA3804D407047E73A7.d.0E5D2ABB818736A53679B506FA641D12.e.5513/elements - {"using":"css selector","value":"td"}
RESULT: {"using":"css selector","value":"td"}
COMMAND: POST /session/a6227829479fbf21341f4434e8015dec/element/f.5FEBA03D879F6DDA3804D407047E73A7.d.0E5D2ABB818736A53679B506FA641D12.e.5514/elements - {"using":"css selector","value":"td"}
RESULT: {"using":"css selector","value":"td"}
COMMAND: POST /session/a6227829479fbf21341f4434e8015dec/element/f.5FEBA03D879F6DDA3804D407047E73A7.d.0E5D2ABB818736A53679B506FA641D12.e.5515/elements - {"using":"css selector","value":"td"}
RESULT: {"using":"css selector","value":"td"}
COMMAND: POST /session/a6227829479fbf21341f4434e8015dec/element/f.5FEBA03D879F6DDA3804D407047E73A7.d.0E5D2ABB818736A53679B506FA641D12.e.5516/elements - {"using":"css selector","value":"td"}
RESULT: {"using":"css selector","value":"td"}
COMMAND: POST /session/a6227829479fbf21341f4434e8015dec/element/f.5FEBA03D879F6DDA3804D407047E73A7.d.0E5D2ABB818736A53679B506FA641D12.e.5517/elements - {"using":"css selector","value":"td"}
RESULT: {"using":"css selector","value":"td"}
COMMAND: POST /session/a6227829479fbf21341f4434e8015dec/element/f.5FEBA03D879F6DDA3804D407047E73A7.d.0E5D2ABB818736A53679B506FA641D12.e.5518/elements - {"using":"css selector","value":"td"}
RESULT: {"using":"css selector","value":"td"}
COMMAND: POST /session/a6227829479fbf21341f4434e8015dec/element/f.5FEBA03D879F6DDA3804D407047E73A7.d.0E5D2ABB818736A53679B506FA641D12.e.5519/elements - {"using":"css selector","value":"td"}
RESULT: {"using":"css selector","value":"td"}
COMMAND: POST /session/a6227829479fbf21341f4434e8015dec/element/f.5FEBA03D879F6DDA3804D407047E73A7.d.0E5D2ABB818736A53679B506FA641D12.e.5520/elements - {"using":"css selector","value":"td"}
RESULT: {"using":"css selector","value":"td"}
COMMAND: POST /session/a6227829479fbf21341f4434e8015dec/element/f.5FEBA03D879F6DDA3804D407047E73A7.d.0E5D2ABB818736A53679B506FA641D12.e.5521/elements - {"using":"css selector","value":"td"}
RESULT: {"using":"css selector","value":"td"}
COMMAND: POST /session/a6227829479fbf21341f4434e8015dec/element/f.5FEBA03D879F6DDA3804D407047E73A7.d.0E5D2ABB818736A53679B506FA641D12.e.5522/elements - {"using":"css selector","value":"td"}
RESULT: {"using":"css selector","value":"td"}
COMMAND: POST /session/a6227829479fbf21341f4434e8015dec/element/f.5FEBA03D879F6DDA3804D407047E73A7.d.0E5D2ABB818736A53679B506FA641D12.e.5523/elements - {"using":"css selector","value":"td"}
RESULT: {"using":"css selector","value":"td"}
COMMAND: POST /session/a6227829479fbf21341f4434e8015dec/element/f.5FEBA03D879F6DDA3804D407047E73A7.d.0E5D2ABB818736A53679B506FA641D12.e.5524/elements - {"using":"css selector","value":"td"}
RESULT: {"using":"css selector","value":"td"}
COMMAND: POST /session/a6227829479fbf21341f4434e8015dec/element/f.5FEBA03D879F6DDA3804D407047E73A7.d.0E5D2ABB818736A53679B506FA641D12.e.5525/elements - {"using":"css selector","value":"td"}
RESULT: {"using":"css selector","value":"td"}
COMMAND: POST /session/a6227829479fbf21341f4434e8015dec/element/f.5FEBA03D879F6DDA3804D407047E73A7.d.0E5D2ABB818736A53679B506FA641D12.e.5526/elements - {"using":"css selector","value":"td"}
RESULT: {"using":"css selector","value":"td"}
COMMAND: POST /session/a6227829479fbf21341f4434e8015dec/element/f.5FEBA03D879F6DDA3804D407047E73A7.d.0E5D2ABB818736A53679B506FA641D12.e.5527/elements - {"using":"css selector","value":"td"}
RESULT: {"using":"css selector","value":"td"}
COMMAND: POST /session/a6227829479fbf21341f4434e8015dec/element/f.5FEBA03D879F6DDA3804D407047E73A7.d.0E5D2ABB818736A53679B506FA641D12.e.5528/elements - {"using":"css selector","value":"td"}
RESULT: {"using":"css selector","value":"td"}
COMMAND: POST /session/a6227829479fbf21341f4434e8015dec/element/f.5FEBA03D879F6DDA3804D407047E73A7.d.0E5D2ABB818736A53679B506FA641D12.e.5529/elements - {"using":"css selector","value":"td"}
RESULT: {"using":"css selector","value":"td"}
COMMAND: POST /session/a6227829479fbf21341f4434e8015dec/element/f.5FEBA03D879F6DDA3804D407047E73A7.d.0E5D2ABB818736A53679B506FA641D12.e.5530/elements - {"using":"css selector","value":"td"}
RESULT: {"using":"css selector","value":"td"}
COMMAND: POST /session/a6227829479fbf21341f4434e8015dec/element/f.5FEBA03D879F6DDA3804D407047E73A7.d.0E5D2ABB818736A53679B506FA641D12.e.5531/elements - {"using":"css selector","value":"td"}
RESULT: {"using":"css selector","value":"td"}
COMMAND: POST /session/a6227829479fbf21341f4434e8015dec/element/f.5FEBA03D879F6DDA3804D407047E73A7.d.0E5D2ABB818736A53679B506FA641D12.e.5532/elements - {"using":"css selector","value":"td"}
RESULT: {"using":"css selector","value":"td"}
COMMAND: POST /session/a6227829479fbf21341f4434e8015dec/element/f.5FEBA03D879F6DDA3804D407047E73A7.d.0E5D2ABB818736A53679B506FA641D12.e.5533/elements - {"using":"css selector","value":"td"}
RESULT: {"using":"css selector","value":"td"}
COMMAND: POST /session/a6227829479fbf21341f4434e8015dec/element/f.5FEBA03D879F6DDA3804D407047E73A7.d.0E5D2ABB818736A53679B506FA641D12.e.5534/elements - {"using":"css selector","value":"td"}
RESULT: {"using":"css selector","value":"td"}
COMMAND: POST /session/a6227829479fbf21341f4434e8015dec/element/f.5FEBA03D879F6DDA3804D407047E73A7.d.0E5D2ABB818736A53679B506FA641D12.e.5535/elements - {"using":"css selector","value":"td"}
RESULT: {"using":"css selector","value":"td"}
COMMAND: POST /session/a6227829479fbf21341f4434e8015dec/element/f.5FEBA03D879F6DDA3804D407047E73A7.d.0E5D2ABB818736A53679B506FA641D12.e.5536/elements - {"using":"css selector","value":"td"}
RESULT: {"using":"css selector","value":"td"}
COMMAND: POST /session/a6227829479fbf21341f4434e8015dec/element/f.5FEBA03D879F6DDA3804D407047E73A7.d.0E5D2ABB818736A53679B506FA641D12.e.5537/elements - {"using":"css selector","value":"td"}
RESULT: {"using":"css selector","value":"td"}
COMMAND: POST /session/a6227829479fbf21341f4434e8015dec/element/f.5FEBA03D879F6DDA3804D407047E73A7.d.0E5D2ABB818736A53679B506FA641D12.e.5538/elements - {"using":"css selector","value":"td"}
RESULT: {"using":"css selector","value":"td"}
COMMAND: POST /session/a6227829479fbf21341f4434e8015dec/element/f.5FEBA03D879F6DDA3804D407047E73A7.d.0E5D2ABB818736A53679B506FA641D12.e.6445/elements - {"using":"css selector","value":"td"}
RESULT: {"using":"css selector","value":"td"}
COMMAND: POST /session/a6227829479fbf21341f4434e8015dec/element - {"using":"css selector","value":"#j_username"}
COMMAND: POST /session/a6227829479fbf21341f4434e8015dec/url - {"url":"https://qa-testing-00-live-etm-ui.cfapps.eu10-004.hana.ondemand.com/"}
RESULT: {"url":"https://qa-testing-00-live-etm-ui.cfapps.eu10-004.hana.ondemand.com/"}
RESULT: undefined
COMMAND: GET /session/a6227829479fbf21341f4434e8015dec/screenshot - {}
RESULT: {"using":"css selector","value":"#j_username"}
COMMAND: POST /session/a6227829479fbf21341f4434e8015dec/element - {"using":"css selector","value":"#j_username"}
RESULT: {}
RESULT: {"using":"css selector","value":"#j_username"}
COMMAND: POST /session/a6227829479fbf21341f4434e8015dec/element - {"using":"css selector","value":"#shell-header-logo"}
RESULT: {"using":"css selector","value":"#shell-header-logo"}
COMMAND: POST /session/a6227829479fbf21341f4434e8015dec/execute/sync - {"script":"<script> [8489 bytes]","args":[{"element-6066-11e4-a52e-4f735466cecf":"f.5FEBA03D879F6DDA3804D407047E73A7.d.4CC904D5422A5E665638C4A2DE3233D5.e.6460","ELEMENT":"f.5FEBA03D879F6DDA3804D407047E73A7.d.4CC904D5422A5E665638C4A2DE3233D5.e.6460"}]}
RESULT: {"script":"<script> [8489 bytes]","args":[{"element-6066-11e4-a52e-4f735466cecf":"f.5FEBA03D879F6DDA3804D407047E73A7.d.4CC904D5422A5E665638C4A2DE3233D5.e.6460","ELEMENT":"f.5FEBA03D879F6DDA3804D407047E73A7.d.4CC904D5422A5E665638C4A2DE3233D5.e.6460"}]}
COMMAND: POST /session/a6227829479fbf21341f4434e8015dec/element - {"using":"css selector","value":"#shell-header-logo"}
COMMAND: GET /session/a6227829479fbf21341f4434e8015dec/screenshot - {}
RESULT: {"using":"css selector","value":"#shell-header-logo"}
COMMAND: POST /session/a6227829479fbf21341f4434e8015dec/execute/sync - {"script":"<script> [8489 bytes]","args":[{"element-6066-11e4-a52e-4f735466cecf":"f.5FEBA03D879F6DDA3804D407047E73A7.d.4CC904D5422A5E665638C4A2DE3233D5.e.6460","ELEMENT":"f.5FEBA03D879F6DDA3804D407047E73A7.d.4CC904D5422A5E665638C4A2DE3233D5.e.6460"}]}
RESULT: {}
RESULT: {"script":"<script> [8489 bytes]","args":[{"element-6066-11e4-a52e-4f735466cecf":"f.5FEBA03D879F6DDA3804D407047E73A7.d.4CC904D5422A5E665638C4A2DE3233D5.e.6460","ELEMENT":"f.5FEBA03D879F6DDA3804D407047E73A7.d.4CC904D5422A5E665638C4A2DE3233D5.e.6460"}]}
COMMAND: POST /session/a6227829479fbf21341f4434e8015dec/execute/sync - {"script":"<script> [5351 bytes]","args":[{"element-6066-11e4-a52e-4f735466cecf":"f.5FEBA03D879F6DDA3804D407047E73A7.d.4CC904D5422A5E665638C4A2DE3233D5.e.6460","ELEMENT":"f.5FEBA03D879F6DDA3804D407047E73A7.d.4CC904D5422A5E665638C4A2DE3233D5.e.6460"}]}
COMMAND: GET /session/a6227829479fbf21341f4434e8015dec/screenshot - {}
RESULT: {"script":"<script> [5351 bytes]","args":[{"element-6066-11e4-a52e-4f735466cecf":"f.5FEBA03D879F6DDA3804D407047E73A7.d.4CC904D5422A5E665638C4A2DE3233D5.e.6460","ELEMENT":"f.5FEBA03D879F6DDA3804D407047E73A7.d.4CC904D5422A5E665638C4A2DE3233D5.e.6460"}]}
COMMAND: POST /session/a6227829479fbf21341f4434e8015dec/element - {"using":"css selector","value":"#shell-header-logo"}
COMMAND: GET /session/a6227829479fbf21341f4434e8015dec/screenshot - {}
RESULT: {}
RESULT: {"using":"css selector","value":"#shell-header-logo"}
COMMAND: POST /session/a6227829479fbf21341f4434e8015dec/element/f.5FEBA03D879F6DDA3804D407047E73A7.d.4CC904D5422A5E665638C4A2DE3233D5.e.6460/click - {}
RESULT: {}
RESULT: {}
COMMAND: GET /session/a6227829479fbf21341f4434e8015dec/screenshot - {}
RESULT: {}
COMMAND: POST /session/a6227829479fbf21341f4434e8015dec/execute/async - {"script":"<script> [189 bytes]","args":[]}
RESULT: {"script":"<script> [189 bytes]","args":[]}
COMMAND: POST /session/a6227829479fbf21341f4434e8015dec/execute/async - {"script":"<script> [123 bytes]","args":[]}
RESULT: {"script":"<script> [123 bytes]","args":[]}
COMMAND: POST /session/a6227829479fbf21341f4434e8015dec/timeouts - {"script":"<number>"}
RESULT: {"script":"<number>"}
COMMAND: GET /session/a6227829479fbf21341f4434e8015dec/timeouts - {}
RESULT: {}
RESULT: undefined
COMMAND: POST /session/a6227829479fbf21341f4434e8015dec/execute/async - {"script":"<script> [2676 bytes]","args":[]}
RESULT: {"script":"<script> [2676 bytes]","args":[]}
COMMAND: POST /session/a6227829479fbf21341f4434e8015dec/execute/async - {"script":"<script> [2342 bytes]","args":[{"protocol":"http","hostname":"0.0.0.0","path":"/","capabilities":{"browserName":"chrome","goog:chromeOptions":{"binary":"C:\\Program Files\\Google\\Chrome\\Application\\chrome.exe","args":["--start-maximized"]}},"logLevel":"warn","connectionRetryTimeout":120000,"connectionRetryCount":3,"logLevels":{},"enableDirectConnect":true,"strictSSL":true,"_":"65 more keys: [\"cacheDir\",\"port\",\"requestedCapabilities\",\"automationProtocol\",\"baseUrl\",\"waitforInterval\",\"waitforTimeout\",\"onReload\",\"beforeCommand\",\"afterCommand\",\"rootDir\",\"specs\",\"suites\",\"exclude\",\"groupLogsByTestSpec\",\"excludeDriverLogs\",\"bail\",\"framework\",\"reporters\",\"services\",\"maxInstances\",\"maxInstancesPerCapability\",\"injectGlobals\",\"filesToWatch\",\"execArgv\",\"runnerEnv\",\"runner\",\"shard\",\"specFileRetries\",\"specFileRetriesDelay\",\"specFileRetriesDeferred\",\"reporterSyncInterval\",\"reporterSyncTimeout\",\"cucumberFeaturesWithLineNumbers\",\"autoCompileOpts\",\"mochaOpts\",\"jasmineOpts\",\"cucumberOpts\",\"onPrepare\",\"onWorkerStart\",\"onWorkerEnd\",\"before\",\"beforeSession\",\"beforeSuite\",\"beforeHook\",\"beforeTest\",\"afterTest\",\"afterHook\",\"afterSuite\",\"afterSession\",\"after\",\"onComplete\",\"beforeAssertion\",\"afterAssertion\",\"beforeFeature\",\"beforeScenario\",\"beforeStep\",\"afterStep\",\"afterScenario\",\"afterFeature\",\"_\",\"suite\",\"$0\",\"ignoredWorkerServices\",\"wdi5\"]"}]}
RESULT: {"script":"<script> [2342 bytes]","args":[{"protocol":"http","hostname":"0.0.0.0","path":"/","capabilities":{"browserName":"chrome","goog:chromeOptions":{"binary":"C:\\Program Files\\Google\\Chrome\\Application\\chrome.exe","args":["--start-maximized"]}},"logLevel":"warn","connectionRetryTimeout":120000,"connectionRetryCount":3,"logLevels":{},"enableDirectConnect":true,"strictSSL":true,"_":"65 more keys: [\"cacheDir\",\"port\",\"requestedCapabilities\",\"automationProtocol\",\"baseUrl\",\"waitforInterval\",\"waitforTimeout\",\"onReload\",\"beforeCommand\",\"afterCommand\",\"rootDir\",\"specs\",\"suites\",\"exclude\",\"groupLogsByTestSpec\",\"excludeDriverLogs\",\"bail\",\"framework\",\"reporters\",\"services\",\"maxInstances\",\"maxInstancesPerCapability\",\"injectGlobals\",\"filesToWatch\",\"execArgv\",\"runnerEnv\",\"runner\",\"shard\",\"specFileRetries\",\"specFileRetriesDelay\",\"specFileRetriesDeferred\",\"reporterSyncInterval\",\"reporterSyncTimeout\",\"cucumberFeaturesWithLineNumbers\",\"autoCompileOpts\",\"mochaOpts\",\"jasmineOpts\",\"cucumberOpts\",\"onPrepare\",\"onWorkerStart\",\"onWorkerEnd\",\"before\",\"beforeSession\",\"beforeSuite\",\"beforeHook\",\"beforeTest\",\"afterTest\",\"afterHook\",\"afterSuite\",\"afterSession\",\"after\",\"onComplete\",\"beforeAssertion\",\"afterAssertion\",\"beforeFeature\",\"beforeScenario\",\"beforeStep\",\"afterStep\",\"afterScenario\",\"afterFeature\",\"_\",\"suite\",\"$0\",\"ignoredWorkerServices\",\"wdi5\"]"}]}
COMMAND: POST /session/a6227829479fbf21341f4434e8015dec/execute/async - {"script":"<script> [21126 bytes]","args":[35000]}
RESULT: {"script":"<script> [21126 bytes]","args":[35000]}
COMMAND: POST /session/a6227829479fbf21341f4434e8015dec/window/maximize - {}
RESULT: {}
COMMAND: POST /session/a6227829479fbf21341f4434e8015dec/execute/async - {"script":"<script> [1562 bytes]","args":[{"selector":{"id":"shell-header","interaction":{"idSuffix":"icon"}},"wdio_ui5_key":"shellheader"}]}
COMMAND: GET /session/a6227829479fbf21341f4434e8015dec/screenshot - {}
RESULT: {"script":"<script> [1562 bytes]","args":[{"selector":{"id":"shell-header","interaction":{"idSuffix":"icon"}},"wdio_ui5_key":"shellheader"}]}
RESULT: undefined
COMMAND: POST /session/a6227829479fbf21341f4434e8015dec/refresh - {}
RESULT: {}
RESULT: {}
COMMAND: GET /session/a6227829479fbf21341f4434e8015dec/screenshot - {}
RESULT: {}
COMMAND: POST /session/a6227829479fbf21341f4434e8015dec/refresh - {}
RESULT: {}
COMMAND: GET /session/a6227829479fbf21341f4434e8015dec/screenshot - {}
RESULT: {}
COMMAND: POST /session/a6227829479fbf21341f4434e8015dec/window/fullscreen - {}
RESULT: {}
COMMAND: POST /session/a6227829479fbf21341f4434e8015dec/execute/async - {"script":"<script> [189 bytes]","args":[]}
RESULT: {"script":"<script> [189 bytes]","args":[]}
COMMAND: POST /session/a6227829479fbf21341f4434e8015dec/execute/async - {"script":"<script> [123 bytes]","args":[]}
RESULT: {"script":"<script> [123 bytes]","args":[]}
COMMAND: POST /session/a6227829479fbf21341f4434e8015dec/timeouts - {"script":"<number>"}
RESULT: {"script":"<number>"}
COMMAND: GET /session/a6227829479fbf21341f4434e8015dec/timeouts - {}
RESULT: {}
RESULT: undefined
COMMAND: POST /session/a6227829479fbf21341f4434e8015dec/execute/async - {"script":"<script> [2676 bytes]","args":[]}
RESULT: {"script":"<script> [2676 bytes]","args":[]}
COMMAND: POST /session/a6227829479fbf21341f4434e8015dec/execute/async - {"script":"<script> [2342 bytes]","args":[{"protocol":"http","hostname":"0.0.0.0","path":"/","capabilities":{"browserName":"chrome","goog:chromeOptions":{"binary":"C:\\Program Files\\Google\\Chrome\\Application\\chrome.exe","args":["--start-maximized"]}},"logLevel":"warn","connectionRetryTimeout":120000,"connectionRetryCount":3,"logLevels":{},"enableDirectConnect":true,"strictSSL":true,"_":"65 more keys: [\"cacheDir\",\"port\",\"requestedCapabilities\",\"automationProtocol\",\"baseUrl\",\"waitforInterval\",\"waitforTimeout\",\"onReload\",\"beforeCommand\",\"afterCommand\",\"rootDir\",\"specs\",\"suites\",\"exclude\",\"groupLogsByTestSpec\",\"excludeDriverLogs\",\"bail\",\"framework\",\"reporters\",\"services\",\"maxInstances\",\"maxInstancesPerCapability\",\"injectGlobals\",\"filesToWatch\",\"execArgv\",\"runnerEnv\",\"runner\",\"shard\",\"specFileRetries\",\"specFileRetriesDelay\",\"specFileRetriesDeferred\",\"reporterSyncInterval\",\"reporterSyncTimeout\",\"cucumberFeaturesWithLineNumbers\",\"autoCompileOpts\",\"mochaOpts\",\"jasmineOpts\",\"cucumberOpts\",\"onPrepare\",\"onWorkerStart\",\"onWorkerEnd\",\"before\",\"beforeSession\",\"beforeSuite\",\"beforeHook\",\"beforeTest\",\"afterTest\",\"afterHook\",\"afterSuite\",\"afterSession\",\"after\",\"onComplete\",\"beforeAssertion\",\"afterAssertion\",\"beforeFeature\",\"beforeScenario\",\"beforeStep\",\"afterStep\",\"afterScenario\",\"afterFeature\",\"_\",\"suite\",\"$0\",\"ignoredWorkerServices\",\"wdi5\"]"}]}
RESULT: {"script":"<script> [2342 bytes]","args":[{"protocol":"http","hostname":"0.0.0.0","path":"/","capabilities":{"browserName":"chrome","goog:chromeOptions":{"binary":"C:\\Program Files\\Google\\Chrome\\Application\\chrome.exe","args":["--start-maximized"]}},"logLevel":"warn","connectionRetryTimeout":120000,"connectionRetryCount":3,"logLevels":{},"enableDirectConnect":true,"strictSSL":true,"_":"65 more keys: [\"cacheDir\",\"port\",\"requestedCapabilities\",\"automationProtocol\",\"baseUrl\",\"waitforInterval\",\"waitforTimeout\",\"onReload\",\"beforeCommand\",\"afterCommand\",\"rootDir\",\"specs\",\"suites\",\"exclude\",\"groupLogsByTestSpec\",\"excludeDriverLogs\",\"bail\",\"framework\",\"reporters\",\"services\",\"maxInstances\",\"maxInstancesPerCapability\",\"injectGlobals\",\"filesToWatch\",\"execArgv\",\"runnerEnv\",\"runner\",\"shard\",\"specFileRetries\",\"specFileRetriesDelay\",\"specFileRetriesDeferred\",\"reporterSyncInterval\",\"reporterSyncTimeout\",\"cucumberFeaturesWithLineNumbers\",\"autoCompileOpts\",\"mochaOpts\",\"jasmineOpts\",\"cucumberOpts\",\"onPrepare\",\"onWorkerStart\",\"onWorkerEnd\",\"before\",\"beforeSession\",\"beforeSuite\",\"beforeHook\",\"beforeTest\",\"afterTest\",\"afterHook\",\"afterSuite\",\"afterSession\",\"after\",\"onComplete\",\"beforeAssertion\",\"afterAssertion\",\"beforeFeature\",\"beforeScenario\",\"beforeStep\",\"afterStep\",\"afterScenario\",\"afterFeature\",\"_\",\"suite\",\"$0\",\"ignoredWorkerServices\",\"wdi5\"]"}]}
COMMAND: POST /session/a6227829479fbf21341f4434e8015dec/execute/async - {"script":"<script> [21126 bytes]","args":[35000]}
RESULT: {"script":"<script> [21126 bytes]","args":[35000]}
]]></system-out>
    </testcase>
  </testsuite>
  <testsuite timestamp="2025-05-21T17:15:32" time="429.309" tests="9" failures="0" errors="0" skipped="0">
    <properties>
      <property name="specId" value="0"/>
      <property name="suiteName" value="US134625 Set up price condition - one time"/>
      <property name="capabilities" value="chrome.136_0_7103_93.windows"/>
      <property name="file" value="file:///D:/a/1/s/test/specs/BTS/set-up-price-condition-one-time.spec.js"/>
    </properties>
    <testcase classname="chrome.136_0_7103_93.windows.US134625_Set_up_price_condition_-_one_time" name="Should create a new yard used for all following tests" time="0.028">
      <system-out><![CDATA[
COMMAND: POST /session/a6227829479fbf21341f4434e8015dec/window/fullscreen - {}
RESULT: {}
]]></system-out>
    </testcase>
    <testcase classname="chrome.136_0_7103_93.windows.US134625_Set_up_price_condition_-_one_time" name="Should create a new partner" time="0.005"/>
    <testcase classname="chrome.136_0_7103_93.windows.US134625_Set_up_price_condition_-_one_time" name="Should create a new site used for following tests" time="0.004"/>
    <testcase classname="chrome.136_0_7103_93.windows.US134625_Set_up_price_condition_-_one_time" name="Should create a new material for billing type one time" time="115.657">
      <system-out><![CDATA[
COMMAND: POST /session/a6227829479fbf21341f4434e8015dec/execute/async - {"script":"<script> [1562 bytes]","args":[{"selector":{"controlType":"sap.m.GenericTile","properties":{"header":"Manage Resources"}},"wdio_ui5_key":"sapm.GenericTile{\"header\":\"Manage Resources\"}"}]}
RESULT: {"script":"<script> [1562 bytes]","args":[{"selector":{"controlType":"sap.m.GenericTile","properties":{"header":"Manage Resources"}},"wdio_ui5_key":"sapm.GenericTile{\"header\":\"Manage Resources\"}"}]}
RESULT: undefined
COMMAND: POST /session/a6227829479fbf21341f4434e8015dec/element - {"using":"xpath","value":"//*[@id=\"__tile39\"]"}
RESULT: {"using":"xpath","value":"//*[@id=\"__tile39\"]"}
COMMAND: POST /session/a6227829479fbf21341f4434e8015dec/element/f.5FEBA03D879F6DDA3804D407047E73A7.d.3B284D0AC0BB2A0CC2D430692E39FFB8.e.6604/click - {}
RESULT: {}
COMMAND: GET /session/a6227829479fbf21341f4434e8015dec/screenshot - {}
RESULT: {}
COMMAND: POST /session/a6227829479fbf21341f4434e8015dec/elements - {"using":"xpath","value":"//span[text()='Error']"}
RESULT: {"using":"xpath","value":"//span[text()='Error']"}
COMMAND: POST /session/a6227829479fbf21341f4434e8015dec/element - {"using":"xpath","value":"//button[@data-kt=\"addNewRUOverflowToolbarButton\"]"}
RESULT: {"using":"xpath","value":"//button[@data-kt=\"addNewRUOverflowToolbarButton\"]"}
COMMAND: POST /session/a6227829479fbf21341f4434e8015dec/elements - {"using":"xpath","value":"//button[@data-kt=\"addNewRUOverflowToolbarButton\"]"}
RESULT: {"using":"xpath","value":"//button[@data-kt=\"addNewRUOverflowToolbarButton\"]"}
COMMAND: POST /session/a6227829479fbf21341f4434e8015dec/elements - {"using":"xpath","value":"//button[@data-kt=\"addNewRUOverflowToolbarButton\"]"}
RESULT: {"using":"xpath","value":"//button[@data-kt=\"addNewRUOverflowToolbarButton\"]"}
COMMAND: POST /session/a6227829479fbf21341f4434e8015dec/elements - {"using":"xpath","value":"//button[@data-kt=\"addNewRUOverflowToolbarButton\"]"}
RESULT: {"using":"xpath","value":"//button[@data-kt=\"addNewRUOverflowToolbarButton\"]"}
COMMAND: POST /session/a6227829479fbf21341f4434e8015dec/elements - {"using":"xpath","value":"//button[@data-kt=\"addNewRUOverflowToolbarButton\"]"}
RESULT: {"using":"xpath","value":"//button[@data-kt=\"addNewRUOverflowToolbarButton\"]"}
COMMAND: POST /session/a6227829479fbf21341f4434e8015dec/elements - {"using":"xpath","value":"//button[@data-kt=\"addNewRUOverflowToolbarButton\"]"}
RESULT: {"using":"xpath","value":"//button[@data-kt=\"addNewRUOverflowToolbarButton\"]"}
COMMAND: POST /session/a6227829479fbf21341f4434e8015dec/elements - {"using":"xpath","value":"//button[@data-kt=\"addNewRUOverflowToolbarButton\"]"}
RESULT: {"using":"xpath","value":"//button[@data-kt=\"addNewRUOverflowToolbarButton\"]"}
COMMAND: POST /session/a6227829479fbf21341f4434e8015dec/elements - {"using":"xpath","value":"//button[@data-kt=\"addNewRUOverflowToolbarButton\"]"}
RESULT: {"using":"xpath","value":"//button[@data-kt=\"addNewRUOverflowToolbarButton\"]"}
COMMAND: POST /session/a6227829479fbf21341f4434e8015dec/elements - {"using":"xpath","value":"//button[@data-kt=\"addNewRUOverflowToolbarButton\"]"}
RESULT: {"using":"xpath","value":"//button[@data-kt=\"addNewRUOverflowToolbarButton\"]"}
COMMAND: POST /session/a6227829479fbf21341f4434e8015dec/elements - {"using":"xpath","value":"//button[@data-kt=\"addNewRUOverflowToolbarButton\"]"}
RESULT: {"using":"xpath","value":"//button[@data-kt=\"addNewRUOverflowToolbarButton\"]"}
COMMAND: POST /session/a6227829479fbf21341f4434e8015dec/elements - {"using":"xpath","value":"//button[@data-kt=\"addNewRUOverflowToolbarButton\"]"}
RESULT: {"using":"xpath","value":"//button[@data-kt=\"addNewRUOverflowToolbarButton\"]"}
COMMAND: POST /session/a6227829479fbf21341f4434e8015dec/elements - {"using":"xpath","value":"//button[@data-kt=\"addNewRUOverflowToolbarButton\"]"}
RESULT: {"using":"xpath","value":"//button[@data-kt=\"addNewRUOverflowToolbarButton\"]"}
COMMAND: POST /session/a6227829479fbf21341f4434e8015dec/elements - {"using":"xpath","value":"//button[@data-kt=\"addNewRUOverflowToolbarButton\"]"}
RESULT: {"using":"xpath","value":"//button[@data-kt=\"addNewRUOverflowToolbarButton\"]"}
COMMAND: POST /session/a6227829479fbf21341f4434e8015dec/elements - {"using":"xpath","value":"//button[@data-kt=\"addNewRUOverflowToolbarButton\"]"}
RESULT: {"using":"xpath","value":"//button[@data-kt=\"addNewRUOverflowToolbarButton\"]"}
COMMAND: POST /session/a6227829479fbf21341f4434e8015dec/elements - {"using":"xpath","value":"//button[@data-kt=\"addNewRUOverflowToolbarButton\"]"}
RESULT: {"using":"xpath","value":"//button[@data-kt=\"addNewRUOverflowToolbarButton\"]"}
COMMAND: POST /session/a6227829479fbf21341f4434e8015dec/element - {"using":"xpath","value":"//button[@data-kt=\"addNewRUOverflowToolbarButton\"]"}
RESULT: {"using":"xpath","value":"//button[@data-kt=\"addNewRUOverflowToolbarButton\"]"}
COMMAND: POST /session/a6227829479fbf21341f4434e8015dec/execute/sync - {"script":"<script> [8489 bytes]","args":[{"element-6066-11e4-a52e-4f735466cecf":"f.5FEBA03D879F6DDA3804D407047E73A7.d.3B284D0AC0BB2A0CC2D430692E39FFB8.e.6743","ELEMENT":"f.5FEBA03D879F6DDA3804D407047E73A7.d.3B284D0AC0BB2A0CC2D430692E39FFB8.e.6743"}]}
RESULT: {"script":"<script> [8489 bytes]","args":[{"element-6066-11e4-a52e-4f735466cecf":"f.5FEBA03D879F6DDA3804D407047E73A7.d.3B284D0AC0BB2A0CC2D430692E39FFB8.e.6743","ELEMENT":"f.5FEBA03D879F6DDA3804D407047E73A7.d.3B284D0AC0BB2A0CC2D430692E39FFB8.e.6743"}]}
COMMAND: GET /session/a6227829479fbf21341f4434e8015dec/element/f.5FEBA03D879F6DDA3804D407047E73A7.d.3B284D0AC0BB2A0CC2D430692E39FFB8.e.6743/enabled - {}
COMMAND: GET /session/a6227829479fbf21341f4434e8015dec/screenshot - {}
RESULT: {}
COMMAND: POST /session/a6227829479fbf21341f4434e8015dec/execute/sync - {"script":"<script> [8489 bytes]","args":[{"element-6066-11e4-a52e-4f735466cecf":"f.5FEBA03D879F6DDA3804D407047E73A7.d.3B284D0AC0BB2A0CC2D430692E39FFB8.e.6743","ELEMENT":"f.5FEBA03D879F6DDA3804D407047E73A7.d.3B284D0AC0BB2A0CC2D430692E39FFB8.e.6743"}]}
COMMAND: GET /session/a6227829479fbf21341f4434e8015dec/screenshot - {}
RESULT: {}
RESULT: {"script":"<script> [8489 bytes]","args":[{"element-6066-11e4-a52e-4f735466cecf":"f.5FEBA03D879F6DDA3804D407047E73A7.d.3B284D0AC0BB2A0CC2D430692E39FFB8.e.6743","ELEMENT":"f.5FEBA03D879F6DDA3804D407047E73A7.d.3B284D0AC0BB2A0CC2D430692E39FFB8.e.6743"}]}
COMMAND: POST /session/a6227829479fbf21341f4434e8015dec/execute/sync - {"script":"<script> [5351 bytes]","args":[{"element-6066-11e4-a52e-4f735466cecf":"f.5FEBA03D879F6DDA3804D407047E73A7.d.3B284D0AC0BB2A0CC2D430692E39FFB8.e.6743","ELEMENT":"f.5FEBA03D879F6DDA3804D407047E73A7.d.3B284D0AC0BB2A0CC2D430692E39FFB8.e.6743"}]}
COMMAND: GET /session/a6227829479fbf21341f4434e8015dec/screenshot - {}
RESULT: {}
RESULT: {"script":"<script> [5351 bytes]","args":[{"element-6066-11e4-a52e-4f735466cecf":"f.5FEBA03D879F6DDA3804D407047E73A7.d.3B284D0AC0BB2A0CC2D430692E39FFB8.e.6743","ELEMENT":"f.5FEBA03D879F6DDA3804D407047E73A7.d.3B284D0AC0BB2A0CC2D430692E39FFB8.e.6743"}]}
COMMAND: POST /session/a6227829479fbf21341f4434e8015dec/element/f.5FEBA03D879F6DDA3804D407047E73A7.d.3B284D0AC0BB2A0CC2D430692E39FFB8.e.6743/click - {}
COMMAND: GET /session/a6227829479fbf21341f4434e8015dec/screenshot - {}
RESULT: {}
RESULT: {}
COMMAND: GET /session/a6227829479fbf21341f4434e8015dec/screenshot - {}
COMMAND: POST /session/a6227829479fbf21341f4434e8015dec/execute/async - {"script":"<script> [1562 bytes]","args":[{"selector":{"id":"application-manageresources-display-component---newResourceUnit--TYPE-arrow"},"wdio_ui5_key":"applicationmanageresources-display-component---newResourceUnit--TYPE-arrow"}]}
RESULT: {}
RESULT: {}
RESULT: {"script":"<script> [1562 bytes]","args":[{"selector":{"id":"application-manageresources-display-component---newResourceUnit--TYPE-arrow"},"wdio_ui5_key":"applicationmanageresources-display-component---newResourceUnit--TYPE-arrow"}]}
RESULT: undefined
COMMAND: POST /session/a6227829479fbf21341f4434e8015dec/element - {"using":"xpath","value":"//*[@id=\"application-manageresources-display-component---newResourceUnit--TYPE-arrow\"]"}
RESULT: {"using":"xpath","value":"//*[@id=\"application-manageresources-display-component---newResourceUnit--TYPE-arrow\"]"}
COMMAND: POST /session/a6227829479fbf21341f4434e8015dec/element/f.5FEBA03D879F6DDA3804D407047E73A7.d.3B284D0AC0BB2A0CC2D430692E39FFB8.e.7103/click - {}
RESULT: {}
COMMAND: POST /session/a6227829479fbf21341f4434e8015dec/element - {"using":"xpath","value":"//input[@id=\"application-manageresources-display-component---newResourceUnit--TYPE-inner\"]"}
COMMAND: GET /session/a6227829479fbf21341f4434e8015dec/screenshot - {}
RESULT: {"using":"xpath","value":"//input[@id=\"application-manageresources-display-component---newResourceUnit--TYPE-inner\"]"}
COMMAND: POST /session/a6227829479fbf21341f4434e8015dec/element/f.5FEBA03D879F6DDA3804D407047E73A7.d.3B284D0AC0BB2A0CC2D430692E39FFB8.e.7095/clear - {}
RESULT: {}
RESULT: {}
COMMAND: POST /session/a6227829479fbf21341f4434e8015dec/element/f.5FEBA03D879F6DDA3804D407047E73A7.d.3B284D0AC0BB2A0CC2D430692E39FFB8.e.7095/value - {"text":"Material"}
COMMAND: GET /session/a6227829479fbf21341f4434e8015dec/screenshot - {}
RESULT: {"text":"Material"}
COMMAND: GET /session/a6227829479fbf21341f4434e8015dec/screenshot - {}
RESULT: {}
RESULT: {}
COMMAND: POST /session/a6227829479fbf21341f4434e8015dec/actions - {"actions":[{"id":"action19","type":"key","parameters":{},"actions":[{"type":"keyDown","value":""},{"type":"pause","duration":10},{"type":"keyUp","value":""}]}]}
RESULT: {"actions":[{"id":"action19","type":"key","parameters":{},"actions":[{"type":"keyDown","value":""},{"type":"pause","duration":10},{"type":"keyUp","value":""}]}]}
COMMAND: POST /session/a6227829479fbf21341f4434e8015dec/execute/async - {"script":"<script> [1562 bytes]","args":[{"selector":{"id":"application-manageresources-display-component---newResourceUnit--SHORT_TEXT","interaction":{"idSuffix":"inner"}},"wdio_ui5_key":"applicationmanageresources-display-component---newResourceUnit--SHORT_TEXT"}]}
COMMAND: GET /session/a6227829479fbf21341f4434e8015dec/screenshot - {}
RESULT: {"script":"<script> [1562 bytes]","args":[{"selector":{"id":"application-manageresources-display-component---newResourceUnit--SHORT_TEXT","interaction":{"idSuffix":"inner"}},"wdio_ui5_key":"applicationmanageresources-display-component---newResourceUnit--SHORT_TEXT"}]}
RESULT: undefined
COMMAND: POST /session/a6227829479fbf21341f4434e8015dec/execute/async - {"script":"<script> [776 bytes]","args":[{"enterText":"Cement WDIO","selector":{"id":"application-manageresources-display-component---newResourceUnit--SHORT_TEXT","interaction":{"idSuffix":"inner"}},"clearTextFirst":true,"interactionType":"ENTER_TEXT"}]}
RESULT: {}
RESULT: {"script":"<script> [776 bytes]","args":[{"enterText":"Cement WDIO","selector":{"id":"application-manageresources-display-component---newResourceUnit--SHORT_TEXT","interaction":{"idSuffix":"inner"}},"clearTextFirst":true,"interactionType":"ENTER_TEXT"}]}
COMMAND: POST /session/a6227829479fbf21341f4434e8015dec/execute/async - {"script":"<script> [1562 bytes]","args":[{"selector":{"id":"application-manageresources-display-component---newResourceUnit--BASE_UNIT_OF_MEASURE","interaction":{"idSuffix":"inner"}},"wdio_ui5_key":"applicationmanageresources-display-component---newResourceUnit--BASE_UNIT_OF_MEASURE"}]}
RESULT: {"script":"<script> [1562 bytes]","args":[{"selector":{"id":"application-manageresources-display-component---newResourceUnit--BASE_UNIT_OF_MEASURE","interaction":{"idSuffix":"inner"}},"wdio_ui5_key":"applicationmanageresources-display-component---newResourceUnit--BASE_UNIT_OF_MEASURE"}]}
RESULT: undefined
COMMAND: POST /session/a6227829479fbf21341f4434e8015dec/execute/async - {"script":"<script> [776 bytes]","args":[{"enterText":"Piece","selector":{"id":"application-manageresources-display-component---newResourceUnit--BASE_UNIT_OF_MEASURE","interaction":{"idSuffix":"inner"}},"clearTextFirst":true,"interactionType":"ENTER_TEXT"}]}
RESULT: {"script":"<script> [776 bytes]","args":[{"enterText":"Piece","selector":{"id":"application-manageresources-display-component---newResourceUnit--BASE_UNIT_OF_MEASURE","interaction":{"idSuffix":"inner"}},"clearTextFirst":true,"interactionType":"ENTER_TEXT"}]}
COMMAND: POST /session/a6227829479fbf21341f4434e8015dec/execute/async - {"script":"<script> [1562 bytes]","args":[{"selector":{"id":"application-manageresources-display-component---newResourceUnit--WEIGHT_UNIT","interaction":{"idSuffix":"inner"}},"wdio_ui5_key":"applicationmanageresources-display-component---newResourceUnit--WEIGHT_UNIT"}]}
RESULT: {"script":"<script> [1562 bytes]","args":[{"selector":{"id":"application-manageresources-display-component---newResourceUnit--WEIGHT_UNIT","interaction":{"idSuffix":"inner"}},"wdio_ui5_key":"applicationmanageresources-display-component---newResourceUnit--WEIGHT_UNIT"}]}
RESULT: undefined
COMMAND: POST /session/a6227829479fbf21341f4434e8015dec/execute/async - {"script":"<script> [776 bytes]","args":[{"enterText":"Gram","selector":{"id":"application-manageresources-display-component---newResourceUnit--WEIGHT_UNIT","interaction":{"idSuffix":"inner"}},"clearTextFirst":true,"interactionType":"ENTER_TEXT"}]}
RESULT: {"script":"<script> [776 bytes]","args":[{"enterText":"Gram","selector":{"id":"application-manageresources-display-component---newResourceUnit--WEIGHT_UNIT","interaction":{"idSuffix":"inner"}},"clearTextFirst":true,"interactionType":"ENTER_TEXT"}]}
COMMAND: POST /session/a6227829479fbf21341f4434e8015dec/execute/async - {"script":"<script> [1562 bytes]","args":[{"selector":{"id":"application-manageresources-display-component---newResourceUnit--DIMENSION_UNIT","interaction":{"idSuffix":"inner"}},"wdio_ui5_key":"applicationmanageresources-display-component---newResourceUnit--DIMENSION_UNIT"}]}
RESULT: {"script":"<script> [1562 bytes]","args":[{"selector":{"id":"application-manageresources-display-component---newResourceUnit--DIMENSION_UNIT","interaction":{"idSuffix":"inner"}},"wdio_ui5_key":"applicationmanageresources-display-component---newResourceUnit--DIMENSION_UNIT"}]}
RESULT: undefined
COMMAND: POST /session/a6227829479fbf21341f4434e8015dec/execute/async - {"script":"<script> [776 bytes]","args":[{"enterText":"Meter","selector":{"id":"application-manageresources-display-component---newResourceUnit--DIMENSION_UNIT","interaction":{"idSuffix":"inner"}},"clearTextFirst":true,"interactionType":"ENTER_TEXT"}]}
RESULT: {"script":"<script> [776 bytes]","args":[{"enterText":"Meter","selector":{"id":"application-manageresources-display-component---newResourceUnit--DIMENSION_UNIT","interaction":{"idSuffix":"inner"}},"clearTextFirst":true,"interactionType":"ENTER_TEXT"}]}
COMMAND: POST /session/a6227829479fbf21341f4434e8015dec/execute/async - {"script":"<script> [1562 bytes]","args":[{"selector":{"id":"application-manageresources-display-component---newResourceUnit--newRRUPage-anchBar-application-manageresources-display-component---newResourceUnit--control-anchor","interaction":{"idSuffix":"BDI-content"}},"wdio_ui5_key":"applicationmanageresources-display-component---newResourceUnit--newRRUPage-anchBar-application-manageresources-display-component---newResourceUnit--control-anchor"}]}
RESULT: {"script":"<script> [1562 bytes]","args":[{"selector":{"id":"application-manageresources-display-component---newResourceUnit--newRRUPage-anchBar-application-manageresources-display-component---newResourceUnit--control-anchor","interaction":{"idSuffix":"BDI-content"}},"wdio_ui5_key":"applicationmanageresources-display-component---newResourceUnit--newRRUPage-anchBar-application-manageresources-display-component---newResourceUnit--control-anchor"}]}
RESULT: undefined
COMMAND: POST /session/a6227829479fbf21341f4434e8015dec/element - {"using":"xpath","value":"//*[@id=\"application-manageresources-display-component---newResourceUnit--newRRUPage-anchBar-application-manageresources-display-component---newResourceUnit--control-anchor\"]"}
RESULT: {"using":"xpath","value":"//*[@id=\"application-manageresources-display-component---newResourceUnit--newRRUPage-anchBar-application-manageresources-display-component---newResourceUnit--control-anchor\"]"}
COMMAND: POST /session/a6227829479fbf21341f4434e8015dec/element/f.5FEBA03D879F6DDA3804D407047E73A7.d.3B284D0AC0BB2A0CC2D430692E39FFB8.e.7168/click - {}
RESULT: {}
COMMAND: POST /session/a6227829479fbf21341f4434e8015dec/execute/async - {"script":"<script> [1562 bytes]","args":[{"selector":{"id":"application-manageresources-display-component---newResourceUnit--PLANNING_GROUP","interaction":{"idSuffix":"inner"}},"wdio_ui5_key":"applicationmanageresources-display-component---newResourceUnit--PLANNING_GROUP"}]}
COMMAND: GET /session/a6227829479fbf21341f4434e8015dec/screenshot - {}
RESULT: {"script":"<script> [1562 bytes]","args":[{"selector":{"id":"application-manageresources-display-component---newResourceUnit--PLANNING_GROUP","interaction":{"idSuffix":"inner"}},"wdio_ui5_key":"applicationmanageresources-display-component---newResourceUnit--PLANNING_GROUP"}]}
RESULT: undefined
COMMAND: POST /session/a6227829479fbf21341f4434e8015dec/execute/async - {"script":"<script> [776 bytes]","args":[{"enterText":"Material","selector":{"id":"application-manageresources-display-component---newResourceUnit--PLANNING_GROUP","interaction":{"idSuffix":"inner"}},"clearTextFirst":true,"interactionType":"ENTER_TEXT"}]}
RESULT: {}
RESULT: {"script":"<script> [776 bytes]","args":[{"enterText":"Material","selector":{"id":"application-manageresources-display-component---newResourceUnit--PLANNING_GROUP","interaction":{"idSuffix":"inner"}},"clearTextFirst":true,"interactionType":"ENTER_TEXT"}]}
COMMAND: POST /session/a6227829479fbf21341f4434e8015dec/execute/async - {"script":"<script> [1562 bytes]","args":[{"selector":{"id":"application-manageresources-display-component---newResourceUnit--PLANNING_INDICATOR","interaction":{"idSuffix":"inner"}},"wdio_ui5_key":"applicationmanageresources-display-component---newResourceUnit--PLANNING_INDICATOR"}]}
RESULT: {"script":"<script> [1562 bytes]","args":[{"selector":{"id":"application-manageresources-display-component---newResourceUnit--PLANNING_INDICATOR","interaction":{"idSuffix":"inner"}},"wdio_ui5_key":"applicationmanageresources-display-component---newResourceUnit--PLANNING_INDICATOR"}]}
RESULT: undefined
COMMAND: POST /session/a6227829479fbf21341f4434e8015dec/execute/async - {"script":"<script> [776 bytes]","args":[{"enterText":"10 - infinite","selector":{"id":"application-manageresources-display-component---newResourceUnit--PLANNING_INDICATOR","interaction":{"idSuffix":"inner"}},"clearTextFirst":true,"interactionType":"ENTER_TEXT"}]}
RESULT: {"script":"<script> [776 bytes]","args":[{"enterText":"10 - infinite","selector":{"id":"application-manageresources-display-component---newResourceUnit--PLANNING_INDICATOR","interaction":{"idSuffix":"inner"}},"clearTextFirst":true,"interactionType":"ENTER_TEXT"}]}
COMMAND: POST /session/a6227829479fbf21341f4434e8015dec/element - {"using":"css selector","value":"#application-manageresources-display-component---newResourceUnit--btnAddTimeSegment"}
RESULT: {"using":"css selector","value":"#application-manageresources-display-component---newResourceUnit--btnAddTimeSegment"}
COMMAND: GET /session/a6227829479fbf21341f4434e8015dec/element/f.5FEBA03D879F6DDA3804D407047E73A7.d.3B284D0AC0BB2A0CC2D430692E39FFB8.e.7178/rect - {}
RESULT: {}
COMMAND: GET /session/a6227829479fbf21341f4434e8015dec/window/rect - {}
RESULT: {}
COMMAND: POST /session/a6227829479fbf21341f4434e8015dec/execute/sync - {"script":"<script> [92 bytes]","args":[]}
RESULT: {"script":"<script> [92 bytes]","args":[]}
COMMAND: POST /session/a6227829479fbf21341f4434e8015dec/actions - {"actions":[{"id":"action20","type":"wheel","parameters":{},"actions":[{"type":"scroll","x":-1888,"y":-32,"deltaX":0,"deltaY":0,"duration":0,"origin":{"element-6066-11e4-a52e-4f735466cecf":"f.5FEBA03D879F6DDA3804D407047E73A7.d.3B284D0AC0BB2A0CC2D430692E39FFB8.e.7178"}}]}]}
COMMAND: GET /session/a6227829479fbf21341f4434e8015dec/screenshot - {}
RESULT: {}
COMMAND: POST /session/a6227829479fbf21341f4434e8015dec/execute/sync - {"script":"<script> [79 bytes]","args":[{"element-6066-11e4-a52e-4f735466cecf":"f.5FEBA03D879F6DDA3804D407047E73A7.d.3B284D0AC0BB2A0CC2D430692E39FFB8.e.7178","ELEMENT":"f.5FEBA03D879F6DDA3804D407047E73A7.d.3B284D0AC0BB2A0CC2D430692E39FFB8.e.7178"},{"block":"start","inline":"nearest"}]}
RESULT: {"script":"<script> [79 bytes]","args":[{"element-6066-11e4-a52e-4f735466cecf":"f.5FEBA03D879F6DDA3804D407047E73A7.d.3B284D0AC0BB2A0CC2D430692E39FFB8.e.7178","ELEMENT":"f.5FEBA03D879F6DDA3804D407047E73A7.d.3B284D0AC0BB2A0CC2D430692E39FFB8.e.7178"},{"block":"start","inline":"nearest"}]}
COMMAND: POST /session/a6227829479fbf21341f4434e8015dec/execute/async - {"script":"<script> [1562 bytes]","args":[{"selector":{"id":"application-manageresources-display-component---newResourceUnit--btnAddTimeSegment","interaction":{"idSuffix":"inner"}},"wdio_ui5_key":"applicationmanageresources-display-component---newResourceUnit--btnAddTimeSegment"}]}
COMMAND: GET /session/a6227829479fbf21341f4434e8015dec/screenshot - {}
RESULT: {"script":"<script> [1562 bytes]","args":[{"selector":{"id":"application-manageresources-display-component---newResourceUnit--btnAddTimeSegment","interaction":{"idSuffix":"inner"}},"wdio_ui5_key":"applicationmanageresources-display-component---newResourceUnit--btnAddTimeSegment"}]}
RESULT: undefined
COMMAND: POST /session/a6227829479fbf21341f4434e8015dec/element - {"using":"xpath","value":"//*[@id=\"application-manageresources-display-component---newResourceUnit--btnAddTimeSegment\"]"}
RESULT: {}
RESULT: {"using":"xpath","value":"//*[@id=\"application-manageresources-display-component---newResourceUnit--btnAddTimeSegment\"]"}
COMMAND: POST /session/a6227829479fbf21341f4434e8015dec/element/f.5FEBA03D879F6DDA3804D407047E73A7.d.3B284D0AC0BB2A0CC2D430692E39FFB8.e.7178/click - {}
RESULT: {}
COMMAND: GET /session/a6227829479fbf21341f4434e8015dec/screenshot - {}
RESULT: {}
COMMAND: POST /session/a6227829479fbf21341f4434e8015dec/element - {"using":"xpath","value":"//input[@id=\"application-manageresources-display-component---newResourceUnit--idRuTSAdmin-application-manageresources-display-component---newResourceUnit--RUTimeSegment-0-inner\"]"}
RESULT: {"using":"xpath","value":"//input[@id=\"application-manageresources-display-component---newResourceUnit--idRuTSAdmin-application-manageresources-display-component---newResourceUnit--RUTimeSegment-0-inner\"]"}
COMMAND: POST /session/a6227829479fbf21341f4434e8015dec/element/f.5FEBA03D879F6DDA3804D407047E73A7.d.3B284D0AC0BB2A0CC2D430692E39FFB8.e.7183/clear - {}
RESULT: {}
COMMAND: POST /session/a6227829479fbf21341f4434e8015dec/element/f.5FEBA03D879F6DDA3804D407047E73A7.d.3B284D0AC0BB2A0CC2D430692E39FFB8.e.7183/value - {"text":"638"}
COMMAND: GET /session/a6227829479fbf21341f4434e8015dec/screenshot - {}
RESULT: {"text":"638"}
COMMAND: GET /session/a6227829479fbf21341f4434e8015dec/screenshot - {}
RESULT: {}
RESULT: {}
COMMAND: POST /session/a6227829479fbf21341f4434e8015dec/element - {"using":"xpath","value":"//li[.//span[text()='638']]"}
RESULT: {"using":"xpath","value":"//li[.//span[text()='638']]"}
COMMAND: POST /session/a6227829479fbf21341f4434e8015dec/element/f.5FEBA03D879F6DDA3804D407047E73A7.d.3B284D0AC0BB2A0CC2D430692E39FFB8.e.7194/click - {}
RESULT: {}
COMMAND: GET /session/a6227829479fbf21341f4434e8015dec/screenshot - {}
RESULT: {}
COMMAND: POST /session/a6227829479fbf21341f4434e8015dec/element - {"using":"xpath","value":"(//span[contains(@id, \"-application-manageresources-display-component---newResourceUnit--RUTimeSegment-0-arrow\")])[2]"}
RESULT: {"using":"xpath","value":"(//span[contains(@id, \"-application-manageresources-display-component---newResourceUnit--RUTimeSegment-0-arrow\")])[2]"}
COMMAND: POST /session/a6227829479fbf21341f4434e8015dec/element/f.5FEBA03D879F6DDA3804D407047E73A7.d.3B284D0AC0BB2A0CC2D430692E39FFB8.e.7195/click - {}
RESULT: {}
COMMAND: POST /session/a6227829479fbf21341f4434e8015dec/element - {"using":"xpath","value":"//span[contains(text(), \"PM Order\")]"}
COMMAND: GET /session/a6227829479fbf21341f4434e8015dec/screenshot - {}
RESULT: {"using":"xpath","value":"//span[contains(text(), \"PM Order\")]"}
COMMAND: POST /session/a6227829479fbf21341f4434e8015dec/element/f.5FEBA03D879F6DDA3804D407047E73A7.d.3B284D0AC0BB2A0CC2D430692E39FFB8.e.7196/click - {}
RESULT: {}
RESULT: {}
COMMAND: GET /session/a6227829479fbf21341f4434e8015dec/screenshot - {}
RESULT: {}
COMMAND: POST /session/a6227829479fbf21341f4434e8015dec/element - {"using":"xpath","value":"//td/div/div/div/span[contains(@id, \"newResourceUnit--RUTimeSegment-0-vhi\")][1]"}
RESULT: {"using":"xpath","value":"//td/div/div/div/span[contains(@id, \"newResourceUnit--RUTimeSegment-0-vhi\")][1]"}
COMMAND: GET /session/a6227829479fbf21341f4434e8015dec/element/f.5FEBA03D879F6DDA3804D407047E73A7.d.3B284D0AC0BB2A0CC2D430692E39FFB8.e.7200/rect - {}
RESULT: {}
COMMAND: GET /session/a6227829479fbf21341f4434e8015dec/window/rect - {}
RESULT: {}
COMMAND: POST /session/a6227829479fbf21341f4434e8015dec/execute/sync - {"script":"<script> [92 bytes]","args":[]}
RESULT: {"script":"<script> [92 bytes]","args":[]}
COMMAND: POST /session/a6227829479fbf21341f4434e8015dec/actions - {"actions":[{"id":"action21","type":"wheel","parameters":{},"actions":[{"type":"scroll","x":-1888,"y":-24,"deltaX":0,"deltaY":0,"duration":0,"origin":{"element-6066-11e4-a52e-4f735466cecf":"f.5FEBA03D879F6DDA3804D407047E73A7.d.3B284D0AC0BB2A0CC2D430692E39FFB8.e.7200"}}]}]}
COMMAND: GET /session/a6227829479fbf21341f4434e8015dec/screenshot - {}
RESULT: {}
COMMAND: POST /session/a6227829479fbf21341f4434e8015dec/execute/sync - {"script":"<script> [79 bytes]","args":[{"element-6066-11e4-a52e-4f735466cecf":"f.5FEBA03D879F6DDA3804D407047E73A7.d.3B284D0AC0BB2A0CC2D430692E39FFB8.e.7200","ELEMENT":"f.5FEBA03D879F6DDA3804D407047E73A7.d.3B284D0AC0BB2A0CC2D430692E39FFB8.e.7200"},{"block":"start","inline":"nearest"}]}
RESULT: {"script":"<script> [79 bytes]","args":[{"element-6066-11e4-a52e-4f735466cecf":"f.5FEBA03D879F6DDA3804D407047E73A7.d.3B284D0AC0BB2A0CC2D430692E39FFB8.e.7200","ELEMENT":"f.5FEBA03D879F6DDA3804D407047E73A7.d.3B284D0AC0BB2A0CC2D430692E39FFB8.e.7200"},{"block":"start","inline":"nearest"}]}
COMMAND: GET /session/a6227829479fbf21341f4434e8015dec/screenshot - {}
RESULT: {}
COMMAND: POST /session/a6227829479fbf21341f4434e8015dec/element/f.5FEBA03D879F6DDA3804D407047E73A7.d.3B284D0AC0BB2A0CC2D430692E39FFB8.e.7200/click - {}
RESULT: {}
COMMAND: GET /session/a6227829479fbf21341f4434e8015dec/screenshot - {}
RESULT: {}
COMMAND: POST /session/a6227829479fbf21341f4434e8015dec/execute/async - {"script":"<script> [1562 bytes]","args":[{"selector":{"controlType":"sap.m.SearchField","properties":{"placeholder":"Search"},"searchOpenDialogs":true,"interaction":{"idSuffix":"I"}},"wdio_ui5_key":"sapm.SearchField{\"placeholder\":\"Search\"}"}]}
RESULT: {"script":"<script> [1562 bytes]","args":[{"selector":{"controlType":"sap.m.SearchField","properties":{"placeholder":"Search"},"searchOpenDialogs":true,"interaction":{"idSuffix":"I"}},"wdio_ui5_key":"sapm.SearchField{\"placeholder\":\"Search\"}"}]}
RESULT: undefined
COMMAND: POST /session/a6227829479fbf21341f4434e8015dec/execute/async - {"script":"<script> [776 bytes]","args":[{"enterText":"4000360","selector":{"controlType":"sap.m.SearchField","properties":{"placeholder":"Search"},"searchOpenDialogs":true,"interaction":{"idSuffix":"I"}},"clearTextFirst":true,"interactionType":"ENTER_TEXT"}]}
RESULT: {"script":"<script> [776 bytes]","args":[{"enterText":"4000360","selector":{"controlType":"sap.m.SearchField","properties":{"placeholder":"Search"},"searchOpenDialogs":true,"interaction":{"idSuffix":"I"}},"clearTextFirst":true,"interactionType":"ENTER_TEXT"}]}
COMMAND: POST /session/a6227829479fbf21341f4434e8015dec/actions - {"actions":[{"id":"action22","type":"key","parameters":{},"actions":[{"type":"keyDown","value":""},{"type":"pause","duration":10},{"type":"keyUp","value":""}]}]}
RESULT: {"actions":[{"id":"action22","type":"key","parameters":{},"actions":[{"type":"keyDown","value":""},{"type":"pause","duration":10},{"type":"keyUp","value":""}]}]}
COMMAND: GET /session/a6227829479fbf21341f4434e8015dec/screenshot - {}
RESULT: {}
COMMAND: POST /session/a6227829479fbf21341f4434e8015dec/element - {"using":"xpath","value":"//td/div/span[contains(text(), \"BGL Vehicles\")]"}
RESULT: {"using":"xpath","value":"//td/div/span[contains(text(), \"BGL Vehicles\")]"}
COMMAND: POST /session/a6227829479fbf21341f4434e8015dec/element/f.5FEBA03D879F6DDA3804D407047E73A7.d.3B284D0AC0BB2A0CC2D430692E39FFB8.e.7221/click - {}
RESULT: {}
COMMAND: GET /session/a6227829479fbf21341f4434e8015dec/screenshot - {}
RESULT: {}
COMMAND: POST /session/a6227829479fbf21341f4434e8015dec/element - {"using":"xpath","value":"//bdi[contains(text(), \"OK\")]"}
RESULT: {"using":"xpath","value":"//bdi[contains(text(), \"OK\")]"}
COMMAND: POST /session/a6227829479fbf21341f4434e8015dec/element/f.5FEBA03D879F6DDA3804D407047E73A7.d.3B284D0AC0BB2A0CC2D430692E39FFB8.e.7222/click - {}
RESULT: {}
COMMAND: GET /session/a6227829479fbf21341f4434e8015dec/screenshot - {}
RESULT: {}
COMMAND: POST /session/a6227829479fbf21341f4434e8015dec/element - {"using":"xpath","value":"//label[contains(@class, 'sapMLabelRequired') and .//bdi[contains(text(), 'Planned Retirement')]]"}
RESULT: {"using":"xpath","value":"//label[contains(@class, 'sapMLabelRequired') and .//bdi[contains(text(), 'Planned Retirement')]]"}
COMMAND: POST /session/a6227829479fbf21341f4434e8015dec/elements - {"using":"xpath","value":"//label[contains(@class, 'sapMLabelRequired') and .//bdi[contains(text(), 'Planned Retirement')]]"}
RESULT: {"using":"xpath","value":"//label[contains(@class, 'sapMLabelRequired') and .//bdi[contains(text(), 'Planned Retirement')]]"}
COMMAND: POST /session/a6227829479fbf21341f4434e8015dec/element - {"using":"xpath","value":"//button[@data-kt=\"resourceUnitSaveButton\"]"}
RESULT: {"using":"xpath","value":"//button[@data-kt=\"resourceUnitSaveButton\"]"}
COMMAND: POST /session/a6227829479fbf21341f4434e8015dec/element/f.5FEBA03D879F6DDA3804D407047E73A7.d.3B284D0AC0BB2A0CC2D430692E39FFB8.e.7120/click - {}
RESULT: {}
COMMAND: GET /session/a6227829479fbf21341f4434e8015dec/screenshot - {}
RESULT: {}
COMMAND: POST /session/a6227829479fbf21341f4434e8015dec/element - {"using":"xpath","value":"//bdi[contains(text(), \"Close\")]"}
RESULT: {"using":"xpath","value":"//bdi[contains(text(), \"Close\")]"}
COMMAND: POST /session/a6227829479fbf21341f4434e8015dec/element/f.5FEBA03D879F6DDA3804D407047E73A7.d.3B284D0AC0BB2A0CC2D430692E39FFB8.e.7228/click - {}
RESULT: {}
COMMAND: GET /session/a6227829479fbf21341f4434e8015dec/screenshot - {}
RESULT: {}
COMMAND: POST /session/a6227829479fbf21341f4434e8015dec/element - {"using":"xpath","value":"//header[contains(@id, 'detailRruPage-headerTitle')]/div[1]/div[2]/div[2]/span[1]"}
RESULT: {"using":"xpath","value":"//header[contains(@id, 'detailRruPage-headerTitle')]/div[1]/div[2]/div[2]/span[1]"}
COMMAND: POST /session/a6227829479fbf21341f4434e8015dec/elements - {"using":"xpath","value":"//header[contains(@id, 'detailRruPage-headerTitle')]/div[1]/div[2]/div[2]/span[1]"}
RESULT: {"using":"xpath","value":"//header[contains(@id, 'detailRruPage-headerTitle')]/div[1]/div[2]/div[2]/span[1]"}
COMMAND: POST /session/a6227829479fbf21341f4434e8015dec/execute/sync - {"script":"<script> [56 bytes]","args":[{"element-6066-11e4-a52e-4f735466cecf":"f.5FEBA03D879F6DDA3804D407047E73A7.d.3B284D0AC0BB2A0CC2D430692E39FFB8.e.7264","ELEMENT":"f.5FEBA03D879F6DDA3804D407047E73A7.d.3B284D0AC0BB2A0CC2D430692E39FFB8.e.7264"}]}
RESULT: {"script":"<script> [56 bytes]","args":[{"element-6066-11e4-a52e-4f735466cecf":"f.5FEBA03D879F6DDA3804D407047E73A7.d.3B284D0AC0BB2A0CC2D430692E39FFB8.e.7264","ELEMENT":"f.5FEBA03D879F6DDA3804D407047E73A7.d.3B284D0AC0BB2A0CC2D430692E39FFB8.e.7264"}]}
]]></system-out>
    </testcase>
    <testcase classname="chrome.136_0_7103_93.windows.US134625_Set_up_price_condition_-_one_time" name="Should create new pricing rule one time" time="61.64">
      <system-out><![CDATA[
COMMAND: POST /session/a6227829479fbf21341f4434e8015dec/element - {"using":"xpath","value":"(//button[contains(@id ,\"actionsToolbar-overflowButton\")])[1]"}
COMMAND: GET /session/a6227829479fbf21341f4434e8015dec/screenshot - {}
RESULT: {"using":"xpath","value":"(//button[contains(@id ,\"actionsToolbar-overflowButton\")])[1]"}
COMMAND: POST /session/a6227829479fbf21341f4434e8015dec/element/f.5FEBA03D879F6DDA3804D407047E73A7.d.3B284D0AC0BB2A0CC2D430692E39FFB8.e.7265/click - {}
RESULT: {}
RESULT: {}
COMMAND: GET /session/a6227829479fbf21341f4434e8015dec/screenshot - {}
RESULT: {}
COMMAND: POST /session/a6227829479fbf21341f4434e8015dec/element - {"using":"xpath","value":"//button[@data-kt=\"priceInfoButton\"]"}
RESULT: {"using":"xpath","value":"//button[@data-kt=\"priceInfoButton\"]"}
COMMAND: POST /session/a6227829479fbf21341f4434e8015dec/element/f.5FEBA03D879F6DDA3804D407047E73A7.d.3B284D0AC0BB2A0CC2D430692E39FFB8.e.7267/click - {}
RESULT: {}
COMMAND: GET /session/a6227829479fbf21341f4434e8015dec/screenshot - {}
RESULT: {}
COMMAND: POST /session/a6227829479fbf21341f4434e8015dec/element - {"using":"xpath","value":"//button[@data-kt=\"addButton\"]"}
RESULT: {"using":"xpath","value":"//button[@data-kt=\"addButton\"]"}
COMMAND: POST /session/a6227829479fbf21341f4434e8015dec/elements - {"using":"xpath","value":"//button[@data-kt=\"addButton\"]"}
RESULT: {"using":"xpath","value":"//button[@data-kt=\"addButton\"]"}
COMMAND: POST /session/a6227829479fbf21341f4434e8015dec/elements - {"using":"xpath","value":"//button[@data-kt=\"addButton\"]"}
RESULT: {"using":"xpath","value":"//button[@data-kt=\"addButton\"]"}
COMMAND: POST /session/a6227829479fbf21341f4434e8015dec/element - {"using":"xpath","value":"//button[@data-kt=\"addButton\"]"}
RESULT: {"using":"xpath","value":"//button[@data-kt=\"addButton\"]"}
COMMAND: POST /session/a6227829479fbf21341f4434e8015dec/execute/sync - {"script":"<script> [8489 bytes]","args":[{"element-6066-11e4-a52e-4f735466cecf":"f.5FEBA03D879F6DDA3804D407047E73A7.d.3B284D0AC0BB2A0CC2D430692E39FFB8.e.7303","ELEMENT":"f.5FEBA03D879F6DDA3804D407047E73A7.d.3B284D0AC0BB2A0CC2D430692E39FFB8.e.7303"}]}
RESULT: {"script":"<script> [8489 bytes]","args":[{"element-6066-11e4-a52e-4f735466cecf":"f.5FEBA03D879F6DDA3804D407047E73A7.d.3B284D0AC0BB2A0CC2D430692E39FFB8.e.7303","ELEMENT":"f.5FEBA03D879F6DDA3804D407047E73A7.d.3B284D0AC0BB2A0CC2D430692E39FFB8.e.7303"}]}
COMMAND: GET /session/a6227829479fbf21341f4434e8015dec/element/f.5FEBA03D879F6DDA3804D407047E73A7.d.3B284D0AC0BB2A0CC2D430692E39FFB8.e.7303/enabled - {}
COMMAND: GET /session/a6227829479fbf21341f4434e8015dec/screenshot - {}
RESULT: {}
COMMAND: POST /session/a6227829479fbf21341f4434e8015dec/execute/sync - {"script":"<script> [8489 bytes]","args":[{"element-6066-11e4-a52e-4f735466cecf":"f.5FEBA03D879F6DDA3804D407047E73A7.d.3B284D0AC0BB2A0CC2D430692E39FFB8.e.7303","ELEMENT":"f.5FEBA03D879F6DDA3804D407047E73A7.d.3B284D0AC0BB2A0CC2D430692E39FFB8.e.7303"}]}
COMMAND: GET /session/a6227829479fbf21341f4434e8015dec/screenshot - {}
RESULT: {}
RESULT: {"script":"<script> [8489 bytes]","args":[{"element-6066-11e4-a52e-4f735466cecf":"f.5FEBA03D879F6DDA3804D407047E73A7.d.3B284D0AC0BB2A0CC2D430692E39FFB8.e.7303","ELEMENT":"f.5FEBA03D879F6DDA3804D407047E73A7.d.3B284D0AC0BB2A0CC2D430692E39FFB8.e.7303"}]}
COMMAND: POST /session/a6227829479fbf21341f4434e8015dec/execute/sync - {"script":"<script> [5351 bytes]","args":[{"element-6066-11e4-a52e-4f735466cecf":"f.5FEBA03D879F6DDA3804D407047E73A7.d.3B284D0AC0BB2A0CC2D430692E39FFB8.e.7303","ELEMENT":"f.5FEBA03D879F6DDA3804D407047E73A7.d.3B284D0AC0BB2A0CC2D430692E39FFB8.e.7303"}]}
COMMAND: GET /session/a6227829479fbf21341f4434e8015dec/screenshot - {}
RESULT: {}
RESULT: {"script":"<script> [5351 bytes]","args":[{"element-6066-11e4-a52e-4f735466cecf":"f.5FEBA03D879F6DDA3804D407047E73A7.d.3B284D0AC0BB2A0CC2D430692E39FFB8.e.7303","ELEMENT":"f.5FEBA03D879F6DDA3804D407047E73A7.d.3B284D0AC0BB2A0CC2D430692E39FFB8.e.7303"}]}
COMMAND: POST /session/a6227829479fbf21341f4434e8015dec/element/f.5FEBA03D879F6DDA3804D407047E73A7.d.3B284D0AC0BB2A0CC2D430692E39FFB8.e.7303/click - {}
COMMAND: GET /session/a6227829479fbf21341f4434e8015dec/screenshot - {}
RESULT: {}
RESULT: {}
COMMAND: GET /session/a6227829479fbf21341f4434e8015dec/screenshot - {}
RESULT: {}
RESULT: {}
COMMAND: POST /session/a6227829479fbf21341f4434e8015dec/execute/async - {"script":"<script> [1562 bytes]","args":[{"selector":{"controlType":"sap.m.Title","viewName":"etm.portal.ui.managepricingrules.view.NewItem","viewId":"application-managepricingrules-display-component---newInfoPriceItem","properties":{"text":"New Pricing Rules - Item Level"}},"wdio_ui5_key":"etmportal.ui.managepricingrules.view.NewItemsap.m.Title{\"text\":\"New Pricing Rules - Item Level\"}"}]}
RESULT: {"script":"<script> [1562 bytes]","args":[{"selector":{"controlType":"sap.m.Title","viewName":"etm.portal.ui.managepricingrules.view.NewItem","viewId":"application-managepricingrules-display-component---newInfoPriceItem","properties":{"text":"New Pricing Rules - Item Level"}},"wdio_ui5_key":"etmportal.ui.managepricingrules.view.NewItemsap.m.Title{\"text\":\"New Pricing Rules - Item Level\"}"}]}
RESULT: undefined
COMMAND: POST /session/a6227829479fbf21341f4434e8015dec/execute/async - {"script":"<script> [6424 bytes]","args":[{"element-6066-11e4-a52e-4f735466cecf":"f.5FEBA03D879F6DDA3804D407047E73A7.d.3B284D0AC0BB2A0CC2D430692E39FFB8.e.7475"},"getText",[]]}
RESULT: {"script":"<script> [6424 bytes]","args":[{"element-6066-11e4-a52e-4f735466cecf":"f.5FEBA03D879F6DDA3804D407047E73A7.d.3B284D0AC0BB2A0CC2D430692E39FFB8.e.7475"},"getText",[]]}
COMMAND: POST /session/a6227829479fbf21341f4434e8015dec/execute/async - {"script":"<script> [1562 bytes]","args":[{"selector":{"id":"application-managepricingrules-display-component---newInfoPriceItem--condValidTo","interaction":{"idSuffix":"inner"}},"wdio_ui5_key":"applicationmanagepricingrules-display-component---newInfoPriceItem--condValidTo"}]}
RESULT: {"script":"<script> [1562 bytes]","args":[{"selector":{"id":"application-managepricingrules-display-component---newInfoPriceItem--condValidTo","interaction":{"idSuffix":"inner"}},"wdio_ui5_key":"applicationmanagepricingrules-display-component---newInfoPriceItem--condValidTo"}]}
RESULT: undefined
COMMAND: POST /session/a6227829479fbf21341f4434e8015dec/execute/async - {"script":"<script> [776 bytes]","args":[{"enterText":"1/21/26","selector":{"id":"application-managepricingrules-display-component---newInfoPriceItem--condValidTo","interaction":{"idSuffix":"inner"}},"clearTextFirst":true,"interactionType":"ENTER_TEXT"}]}
RESULT: {"script":"<script> [776 bytes]","args":[{"enterText":"1/21/26","selector":{"id":"application-managepricingrules-display-component---newInfoPriceItem--condValidTo","interaction":{"idSuffix":"inner"}},"clearTextFirst":true,"interactionType":"ENTER_TEXT"}]}
COMMAND: POST /session/a6227829479fbf21341f4434e8015dec/execute/async - {"script":"<script> [1562 bytes]","args":[{"selector":{"id":"application-managepricingrules-display-component---newInfoPriceItem--billType-arrow"},"wdio_ui5_key":"applicationmanagepricingrules-display-component---newInfoPriceItem--billType-arrow"}]}
RESULT: {"script":"<script> [1562 bytes]","args":[{"selector":{"id":"application-managepricingrules-display-component---newInfoPriceItem--billType-arrow"},"wdio_ui5_key":"applicationmanagepricingrules-display-component---newInfoPriceItem--billType-arrow"}]}
RESULT: undefined
COMMAND: POST /session/a6227829479fbf21341f4434e8015dec/element - {"using":"xpath","value":"//*[@id=\"application-managepricingrules-display-component---newInfoPriceItem--billType-arrow\"]"}
RESULT: {"using":"xpath","value":"//*[@id=\"application-managepricingrules-display-component---newInfoPriceItem--billType-arrow\"]"}
COMMAND: POST /session/a6227829479fbf21341f4434e8015dec/element/f.5FEBA03D879F6DDA3804D407047E73A7.d.3B284D0AC0BB2A0CC2D430692E39FFB8.e.7433/click - {}
RESULT: {}
COMMAND: POST /session/a6227829479fbf21341f4434e8015dec/element - {"using":"xpath","value":"//span[contains(text(), \"OT - Sales (one-time)\")]"}
COMMAND: GET /session/a6227829479fbf21341f4434e8015dec/screenshot - {}
RESULT: {"using":"xpath","value":"//span[contains(text(), \"OT - Sales (one-time)\")]"}
COMMAND: POST /session/a6227829479fbf21341f4434e8015dec/element/f.5FEBA03D879F6DDA3804D407047E73A7.d.3B284D0AC0BB2A0CC2D430692E39FFB8.e.7477/click - {}
RESULT: {}
RESULT: {}
COMMAND: POST /session/a6227829479fbf21341f4434e8015dec/execute/async - {"script":"<script> [1562 bytes]","args":[{"selector":{"id":"application-managepricingrules-display-component---newInfoPriceItem--priceProc-arrow"},"wdio_ui5_key":"applicationmanagepricingrules-display-component---newInfoPriceItem--priceProc-arrow"}]}
COMMAND: GET /session/a6227829479fbf21341f4434e8015dec/screenshot - {}
RESULT: {"script":"<script> [1562 bytes]","args":[{"selector":{"id":"application-managepricingrules-display-component---newInfoPriceItem--priceProc-arrow"},"wdio_ui5_key":"applicationmanagepricingrules-display-component---newInfoPriceItem--priceProc-arrow"}]}
RESULT: undefined
COMMAND: POST /session/a6227829479fbf21341f4434e8015dec/element - {"using":"xpath","value":"//*[@id=\"application-managepricingrules-display-component---newInfoPriceItem--priceProc-arrow\"]"}
RESULT: {}
RESULT: {"using":"xpath","value":"//*[@id=\"application-managepricingrules-display-component---newInfoPriceItem--priceProc-arrow\"]"}
COMMAND: POST /session/a6227829479fbf21341f4434e8015dec/element/f.5FEBA03D879F6DDA3804D407047E73A7.d.3B284D0AC0BB2A0CC2D430692E39FFB8.e.7440/click - {}
RESULT: {}
COMMAND: POST /session/a6227829479fbf21341f4434e8015dec/element - {"using":"xpath","value":"//span[contains(text(), \"MAT - Material\")]"}
COMMAND: GET /session/a6227829479fbf21341f4434e8015dec/screenshot - {}
RESULT: {"using":"xpath","value":"//span[contains(text(), \"MAT - Material\")]"}
COMMAND: POST /session/a6227829479fbf21341f4434e8015dec/element/f.5FEBA03D879F6DDA3804D407047E73A7.d.3B284D0AC0BB2A0CC2D430692E39FFB8.e.7478/click - {}
RESULT: {}
RESULT: {}
COMMAND: POST /session/a6227829479fbf21341f4434e8015dec/execute/async - {"script":"<script> [1562 bytes]","args":[{"selector":{"id":"application-managepricingrules-display-component---newInfoPriceItem--calcBase-arrow"},"wdio_ui5_key":"applicationmanagepricingrules-display-component---newInfoPriceItem--calcBase-arrow"}]}
COMMAND: GET /session/a6227829479fbf21341f4434e8015dec/screenshot - {}
RESULT: {"script":"<script> [1562 bytes]","args":[{"selector":{"id":"application-managepricingrules-display-component---newInfoPriceItem--calcBase-arrow"},"wdio_ui5_key":"applicationmanagepricingrules-display-component---newInfoPriceItem--calcBase-arrow"}]}
RESULT: undefined
COMMAND: POST /session/a6227829479fbf21341f4434e8015dec/element - {"using":"xpath","value":"//*[@id=\"application-managepricingrules-display-component---newInfoPriceItem--calcBase-arrow\"]"}
RESULT: {}
RESULT: {"using":"xpath","value":"//*[@id=\"application-managepricingrules-display-component---newInfoPriceItem--calcBase-arrow\"]"}
COMMAND: POST /session/a6227829479fbf21341f4434e8015dec/element/f.5FEBA03D879F6DDA3804D407047E73A7.d.3B284D0AC0BB2A0CC2D430692E39FFB8.e.7447/click - {}
RESULT: {}
COMMAND: GET /session/a6227829479fbf21341f4434e8015dec/screenshot - {}
RESULT: {}
COMMAND: POST /session/a6227829479fbf21341f4434e8015dec/element - {"using":"xpath","value":"//span[contains(text(), \"0001 - TB(exact month + cal_days)\")]"}
RESULT: {"using":"xpath","value":"//span[contains(text(), \"0001 - TB(exact month + cal_days)\")]"}
COMMAND: POST /session/a6227829479fbf21341f4434e8015dec/element/f.5FEBA03D879F6DDA3804D407047E73A7.d.3B284D0AC0BB2A0CC2D430692E39FFB8.e.7479/click - {}
RESULT: {}
COMMAND: GET /session/a6227829479fbf21341f4434e8015dec/screenshot - {}
RESULT: {}
COMMAND: POST /session/a6227829479fbf21341f4434e8015dec/element - {"using":"xpath","value":"//button[@data-kt=\"saveNewRuleButton\"]"}
RESULT: {"using":"xpath","value":"//button[@data-kt=\"saveNewRuleButton\"]"}
COMMAND: POST /session/a6227829479fbf21341f4434e8015dec/element/f.5FEBA03D879F6DDA3804D407047E73A7.d.3B284D0AC0BB2A0CC2D430692E39FFB8.e.7467/click - {}
RESULT: {}
COMMAND: GET /session/a6227829479fbf21341f4434e8015dec/screenshot - {}
RESULT: {}
COMMAND: POST /session/a6227829479fbf21341f4434e8015dec/execute/async - {"script":"<script> [1562 bytes]","args":[{"selector":{"id":"application-managepricingrules-display-component---priceInfoItem--smartFilterBar-btnBasicSearch","interaction":{"idSuffix":"I"}},"wdio_ui5_key":"applicationmanagepricingrules-display-component---priceInfoItem--smartFilterBar-btnBasicSearch"}]}
RESULT: {"script":"<script> [1562 bytes]","args":[{"selector":{"id":"application-managepricingrules-display-component---priceInfoItem--smartFilterBar-btnBasicSearch","interaction":{"idSuffix":"I"}},"wdio_ui5_key":"applicationmanagepricingrules-display-component---priceInfoItem--smartFilterBar-btnBasicSearch"}]}
RESULT: undefined
COMMAND: POST /session/a6227829479fbf21341f4434e8015dec/execute/async - {"script":"<script> [776 bytes]","args":[{"enterText":"200387","selector":{"id":"application-managepricingrules-display-component---priceInfoItem--smartFilterBar-btnBasicSearch","interaction":{"idSuffix":"I"}},"clearTextFirst":true,"interactionType":"ENTER_TEXT"}]}
RESULT: {"script":"<script> [776 bytes]","args":[{"enterText":"200387","selector":{"id":"application-managepricingrules-display-component---priceInfoItem--smartFilterBar-btnBasicSearch","interaction":{"idSuffix":"I"}},"clearTextFirst":true,"interactionType":"ENTER_TEXT"}]}
COMMAND: POST /session/a6227829479fbf21341f4434e8015dec/actions - {"actions":[{"id":"action23","type":"key","parameters":{},"actions":[{"type":"keyDown","value":""},{"type":"pause","duration":10},{"type":"keyUp","value":""}]}]}
RESULT: {"actions":[{"id":"action23","type":"key","parameters":{},"actions":[{"type":"keyDown","value":""},{"type":"pause","duration":10},{"type":"keyUp","value":""}]}]}
COMMAND: GET /session/a6227829479fbf21341f4434e8015dec/screenshot - {}
RESULT: {}
COMMAND: POST /session/a6227829479fbf21341f4434e8015dec/element - {"using":"xpath","value":"//span[@id=\"application-managepricingrules-display-component---priceInfoItem--smartTable-header-inner\"]"}
RESULT: {"using":"xpath","value":"//span[@id=\"application-managepricingrules-display-component---priceInfoItem--smartTable-header-inner\"]"}
COMMAND: POST /session/a6227829479fbf21341f4434e8015dec/elements - {"using":"xpath","value":"//span[@id=\"application-managepricingrules-display-component---priceInfoItem--smartTable-header-inner\"]"}
RESULT: {"using":"xpath","value":"//span[@id=\"application-managepricingrules-display-component---priceInfoItem--smartTable-header-inner\"]"}
COMMAND: POST /session/a6227829479fbf21341f4434e8015dec/execute/sync - {"script":"<script> [56 bytes]","args":[{"element-6066-11e4-a52e-4f735466cecf":"f.5FEBA03D879F6DDA3804D407047E73A7.d.3B284D0AC0BB2A0CC2D430692E39FFB8.e.7502","ELEMENT":"f.5FEBA03D879F6DDA3804D407047E73A7.d.3B284D0AC0BB2A0CC2D430692E39FFB8.e.7502"}]}
RESULT: {"script":"<script> [56 bytes]","args":[{"element-6066-11e4-a52e-4f735466cecf":"f.5FEBA03D879F6DDA3804D407047E73A7.d.3B284D0AC0BB2A0CC2D430692E39FFB8.e.7502","ELEMENT":"f.5FEBA03D879F6DDA3804D407047E73A7.d.3B284D0AC0BB2A0CC2D430692E39FFB8.e.7502"}]}
COMMAND: POST /session/a6227829479fbf21341f4434e8015dec/element - {"using":"css selector","value":"#shell-header-logo"}
COMMAND: GET /session/a6227829479fbf21341f4434e8015dec/screenshot - {}
RESULT: {"using":"css selector","value":"#shell-header-logo"}
COMMAND: POST /session/a6227829479fbf21341f4434e8015dec/element/f.5FEBA03D879F6DDA3804D407047E73A7.d.3B284D0AC0BB2A0CC2D430692E39FFB8.e.6713/click - {}
RESULT: {}
RESULT: {}
COMMAND: GET /session/a6227829479fbf21341f4434e8015dec/screenshot - {}
RESULT: {}
]]></system-out>
    </testcase>
    <testcase classname="chrome.136_0_7103_93.windows.US134625_Set_up_price_condition_-_one_time" name="Should create new condition one time" time="66.004">
      <system-out><![CDATA[
COMMAND: POST /session/a6227829479fbf21341f4434e8015dec/execute/async - {"script":"<script> [1562 bytes]","args":[{"selector":{"controlType":"sap.m.GenericTile","properties":{"header":"Manage Conditions & Prices"}},"wdio_ui5_key":"sapm.GenericTile{\"header\":\"Manage Conditions & Prices\"}"}]}
RESULT: {"script":"<script> [1562 bytes]","args":[{"selector":{"controlType":"sap.m.GenericTile","properties":{"header":"Manage Conditions & Prices"}},"wdio_ui5_key":"sapm.GenericTile{\"header\":\"Manage Conditions & Prices\"}"}]}
RESULT: undefined
COMMAND: POST /session/a6227829479fbf21341f4434e8015dec/element - {"using":"xpath","value":"//*[@id=\"__tile53\"]"}
RESULT: {"using":"xpath","value":"//*[@id=\"__tile53\"]"}
COMMAND: POST /session/a6227829479fbf21341f4434e8015dec/element/f.5FEBA03D879F6DDA3804D407047E73A7.d.3B284D0AC0BB2A0CC2D430692E39FFB8.e.6651/click - {}
RESULT: {}
COMMAND: GET /session/a6227829479fbf21341f4434e8015dec/screenshot - {}
RESULT: {}
COMMAND: POST /session/a6227829479fbf21341f4434e8015dec/elements - {"using":"xpath","value":"//span[text()='Error']"}
RESULT: {"using":"xpath","value":"//span[text()='Error']"}
COMMAND: POST /session/a6227829479fbf21341f4434e8015dec/element - {"using":"xpath","value":"//button[@aria-label=\"Create\"]"}
RESULT: {"using":"xpath","value":"//button[@aria-label=\"Create\"]"}
COMMAND: POST /session/a6227829479fbf21341f4434e8015dec/elements - {"using":"xpath","value":"//button[@aria-label=\"Create\"]"}
RESULT: {"using":"xpath","value":"//button[@aria-label=\"Create\"]"}
COMMAND: POST /session/a6227829479fbf21341f4434e8015dec/execute/sync - {"script":"<script> [8489 bytes]","args":[{"element-6066-11e4-a52e-4f735466cecf":"f.5FEBA03D879F6DDA3804D407047E73A7.d.3B284D0AC0BB2A0CC2D430692E39FFB8.e.7537","ELEMENT":"f.5FEBA03D879F6DDA3804D407047E73A7.d.3B284D0AC0BB2A0CC2D430692E39FFB8.e.7537"}]}
RESULT: {"script":"<script> [8489 bytes]","args":[{"element-6066-11e4-a52e-4f735466cecf":"f.5FEBA03D879F6DDA3804D407047E73A7.d.3B284D0AC0BB2A0CC2D430692E39FFB8.e.7537","ELEMENT":"f.5FEBA03D879F6DDA3804D407047E73A7.d.3B284D0AC0BB2A0CC2D430692E39FFB8.e.7537"}]}
COMMAND: GET /session/a6227829479fbf21341f4434e8015dec/element/f.5FEBA03D879F6DDA3804D407047E73A7.d.3B284D0AC0BB2A0CC2D430692E39FFB8.e.7537/enabled - {}
COMMAND: GET /session/a6227829479fbf21341f4434e8015dec/screenshot - {}
RESULT: {}
COMMAND: POST /session/a6227829479fbf21341f4434e8015dec/execute/sync - {"script":"<script> [8489 bytes]","args":[{"element-6066-11e4-a52e-4f735466cecf":"f.5FEBA03D879F6DDA3804D407047E73A7.d.3B284D0AC0BB2A0CC2D430692E39FFB8.e.7537","ELEMENT":"f.5FEBA03D879F6DDA3804D407047E73A7.d.3B284D0AC0BB2A0CC2D430692E39FFB8.e.7537"}]}
COMMAND: GET /session/a6227829479fbf21341f4434e8015dec/screenshot - {}
RESULT: {}
RESULT: {"script":"<script> [8489 bytes]","args":[{"element-6066-11e4-a52e-4f735466cecf":"f.5FEBA03D879F6DDA3804D407047E73A7.d.3B284D0AC0BB2A0CC2D430692E39FFB8.e.7537","ELEMENT":"f.5FEBA03D879F6DDA3804D407047E73A7.d.3B284D0AC0BB2A0CC2D430692E39FFB8.e.7537"}]}
COMMAND: POST /session/a6227829479fbf21341f4434e8015dec/execute/sync - {"script":"<script> [5351 bytes]","args":[{"element-6066-11e4-a52e-4f735466cecf":"f.5FEBA03D879F6DDA3804D407047E73A7.d.3B284D0AC0BB2A0CC2D430692E39FFB8.e.7537","ELEMENT":"f.5FEBA03D879F6DDA3804D407047E73A7.d.3B284D0AC0BB2A0CC2D430692E39FFB8.e.7537"}]}
COMMAND: GET /session/a6227829479fbf21341f4434e8015dec/screenshot - {}
RESULT: {}
RESULT: {"script":"<script> [5351 bytes]","args":[{"element-6066-11e4-a52e-4f735466cecf":"f.5FEBA03D879F6DDA3804D407047E73A7.d.3B284D0AC0BB2A0CC2D430692E39FFB8.e.7537","ELEMENT":"f.5FEBA03D879F6DDA3804D407047E73A7.d.3B284D0AC0BB2A0CC2D430692E39FFB8.e.7537"}]}
COMMAND: POST /session/a6227829479fbf21341f4434e8015dec/element/f.5FEBA03D879F6DDA3804D407047E73A7.d.3B284D0AC0BB2A0CC2D430692E39FFB8.e.7537/click - {}
COMMAND: GET /session/a6227829479fbf21341f4434e8015dec/screenshot - {}
RESULT: {}
RESULT: {}
COMMAND: GET /session/a6227829479fbf21341f4434e8015dec/screenshot - {}
RESULT: {}
RESULT: {}
COMMAND: POST /session/a6227829479fbf21341f4434e8015dec/actions - {"actions":[{"id":"action24","type":"key","parameters":{},"actions":[{"type":"keyDown","value":""},{"type":"pause","duration":10},{"type":"keyUp","value":""}]}]}
RESULT: {"actions":[{"id":"action24","type":"key","parameters":{},"actions":[{"type":"keyDown","value":""},{"type":"pause","duration":10},{"type":"keyUp","value":""}]}]}
COMMAND: GET /session/a6227829479fbf21341f4434e8015dec/screenshot - {}
RESULT: {}
COMMAND: POST /session/a6227829479fbf21341f4434e8015dec/execute/async - {"script":"<script> [1562 bytes]","args":[{"selector":{"id":"application-manageconditionprice-display-component---newCondition--condBillCond-arrow"},"wdio_ui5_key":"applicationmanageconditionprice-display-component---newCondition--condBillCond-arrow"}]}
RESULT: {"script":"<script> [1562 bytes]","args":[{"selector":{"id":"application-manageconditionprice-display-component---newCondition--condBillCond-arrow"},"wdio_ui5_key":"applicationmanageconditionprice-display-component---newCondition--condBillCond-arrow"}]}
RESULT: undefined
COMMAND: POST /session/a6227829479fbf21341f4434e8015dec/element - {"using":"xpath","value":"//*[@id=\"application-manageconditionprice-display-component---newCondition--condBillCond-arrow\"]"}
RESULT: {"using":"xpath","value":"//*[@id=\"application-manageconditionprice-display-component---newCondition--condBillCond-arrow\"]"}
COMMAND: POST /session/a6227829479fbf21341f4434e8015dec/element/f.5FEBA03D879F6DDA3804D407047E73A7.d.3B284D0AC0BB2A0CC2D430692E39FFB8.e.7717/click - {}
RESULT: {}
COMMAND: GET /session/a6227829479fbf21341f4434e8015dec/screenshot - {}
RESULT: {}
COMMAND: POST /session/a6227829479fbf21341f4434e8015dec/element - {"using":"xpath","value":"//li[.//span[contains(text(), \"SAPR - Sales price\")]]"}
RESULT: {"using":"xpath","value":"//li[.//span[contains(text(), \"SAPR - Sales price\")]]"}
COMMAND: POST /session/a6227829479fbf21341f4434e8015dec/element/f.5FEBA03D879F6DDA3804D407047E73A7.d.3B284D0AC0BB2A0CC2D430692E39FFB8.e.7720/click - {}
RESULT: {}
COMMAND: GET /session/a6227829479fbf21341f4434e8015dec/screenshot - {}
RESULT: {}
COMMAND: POST /session/a6227829479fbf21341f4434e8015dec/execute/async - {"script":"<script> [1562 bytes]","args":[{"selector":{"id":"application-manageconditionprice-display-component---newCondition--condValidTo","interaction":{"idSuffix":"inner"}},"wdio_ui5_key":"applicationmanageconditionprice-display-component---newCondition--condValidTo"}]}
RESULT: {"script":"<script> [1562 bytes]","args":[{"selector":{"id":"application-manageconditionprice-display-component---newCondition--condValidTo","interaction":{"idSuffix":"inner"}},"wdio_ui5_key":"applicationmanageconditionprice-display-component---newCondition--condValidTo"}]}
RESULT: undefined
COMMAND: POST /session/a6227829479fbf21341f4434e8015dec/execute/async - {"script":"<script> [776 bytes]","args":[{"enterText":"1/21/26","selector":{"id":"application-manageconditionprice-display-component---newCondition--condValidTo","interaction":{"idSuffix":"inner"}},"clearTextFirst":true,"interactionType":"ENTER_TEXT"}]}
RESULT: {"script":"<script> [776 bytes]","args":[{"enterText":"1/21/26","selector":{"id":"application-manageconditionprice-display-component---newCondition--condValidTo","interaction":{"idSuffix":"inner"}},"clearTextFirst":true,"interactionType":"ENTER_TEXT"}]}
COMMAND: POST /session/a6227829479fbf21341f4434e8015dec/element - {"using":"xpath","value":"//input[@id=\"application-manageconditionprice-display-component---newCondition--condRU-inner\"]"}
RESULT: {"using":"xpath","value":"//input[@id=\"application-manageconditionprice-display-component---newCondition--condRU-inner\"]"}
COMMAND: POST /session/a6227829479fbf21341f4434e8015dec/element/f.5FEBA03D879F6DDA3804D407047E73A7.d.3B284D0AC0BB2A0CC2D430692E39FFB8.e.7581/clear - {}
RESULT: {}
COMMAND: POST /session/a6227829479fbf21341f4434e8015dec/element/f.5FEBA03D879F6DDA3804D407047E73A7.d.3B284D0AC0BB2A0CC2D430692E39FFB8.e.7581/value - {"text":"200387"}
COMMAND: GET /session/a6227829479fbf21341f4434e8015dec/screenshot - {}
RESULT: {"text":"200387"}
COMMAND: GET /session/a6227829479fbf21341f4434e8015dec/screenshot - {}
RESULT: {}
RESULT: {}
COMMAND: POST /session/a6227829479fbf21341f4434e8015dec/actions - {"actions":[{"id":"action25","type":"key","parameters":{},"actions":[{"type":"keyDown","value":""},{"type":"pause","duration":10},{"type":"keyUp","value":""}]}]}
RESULT: {"actions":[{"id":"action25","type":"key","parameters":{},"actions":[{"type":"keyDown","value":""},{"type":"pause","duration":10},{"type":"keyUp","value":""}]}]}
COMMAND: POST /session/a6227829479fbf21341f4434e8015dec/execute/async - {"script":"<script> [1562 bytes]","args":[{"selector":{"id":"application-manageconditionprice-display-component---newCondition--condBaseQty","interaction":{"idSuffix":"inner"}},"wdio_ui5_key":"applicationmanageconditionprice-display-component---newCondition--condBaseQty"}]}
COMMAND: GET /session/a6227829479fbf21341f4434e8015dec/screenshot - {}
RESULT: {"script":"<script> [1562 bytes]","args":[{"selector":{"id":"application-manageconditionprice-display-component---newCondition--condBaseQty","interaction":{"idSuffix":"inner"}},"wdio_ui5_key":"applicationmanageconditionprice-display-component---newCondition--condBaseQty"}]}
RESULT: undefined
COMMAND: POST /session/a6227829479fbf21341f4434e8015dec/execute/async - {"script":"<script> [776 bytes]","args":[{"enterText":"1","selector":{"id":"application-manageconditionprice-display-component---newCondition--condBaseQty","interaction":{"idSuffix":"inner"}},"clearTextFirst":true,"interactionType":"ENTER_TEXT"}]}
RESULT: {}
RESULT: {"script":"<script> [776 bytes]","args":[{"enterText":"1","selector":{"id":"application-manageconditionprice-display-component---newCondition--condBaseQty","interaction":{"idSuffix":"inner"}},"clearTextFirst":true,"interactionType":"ENTER_TEXT"}]}
COMMAND: POST /session/a6227829479fbf21341f4434e8015dec/execute/async - {"script":"<script> [1562 bytes]","args":[{"selector":{"id":"application-manageconditionprice-display-component---newCondition--condValue","interaction":{"idSuffix":"inner"}},"wdio_ui5_key":"applicationmanageconditionprice-display-component---newCondition--condValue"}]}
RESULT: {"script":"<script> [1562 bytes]","args":[{"selector":{"id":"application-manageconditionprice-display-component---newCondition--condValue","interaction":{"idSuffix":"inner"}},"wdio_ui5_key":"applicationmanageconditionprice-display-component---newCondition--condValue"}]}
RESULT: undefined
COMMAND: POST /session/a6227829479fbf21341f4434e8015dec/execute/async - {"script":"<script> [776 bytes]","args":[{"enterText":"100.00","selector":{"id":"application-manageconditionprice-display-component---newCondition--condValue","interaction":{"idSuffix":"inner"}},"clearTextFirst":true,"interactionType":"ENTER_TEXT"}]}
RESULT: {"script":"<script> [776 bytes]","args":[{"enterText":"100.00","selector":{"id":"application-manageconditionprice-display-component---newCondition--condValue","interaction":{"idSuffix":"inner"}},"clearTextFirst":true,"interactionType":"ENTER_TEXT"}]}
COMMAND: POST /session/a6227829479fbf21341f4434e8015dec/execute/async - {"script":"<script> [1562 bytes]","args":[{"selector":{"id":"application-manageconditionprice-display-component---newCondition--condCurr-arrow"},"wdio_ui5_key":"applicationmanageconditionprice-display-component---newCondition--condCurr-arrow"}]}
RESULT: {"script":"<script> [1562 bytes]","args":[{"selector":{"id":"application-manageconditionprice-display-component---newCondition--condCurr-arrow"},"wdio_ui5_key":"applicationmanageconditionprice-display-component---newCondition--condCurr-arrow"}]}
RESULT: undefined
COMMAND: POST /session/a6227829479fbf21341f4434e8015dec/element - {"using":"xpath","value":"//*[@id=\"application-manageconditionprice-display-component---newCondition--condCurr-arrow\"]"}
RESULT: {"using":"xpath","value":"//*[@id=\"application-manageconditionprice-display-component---newCondition--condCurr-arrow\"]"}
COMMAND: POST /session/a6227829479fbf21341f4434e8015dec/element/f.5FEBA03D879F6DDA3804D407047E73A7.d.3B284D0AC0BB2A0CC2D430692E39FFB8.e.7679/click - {}
RESULT: {}
COMMAND: POST /session/a6227829479fbf21341f4434e8015dec/element - {"using":"xpath","value":"//span[contains(text(), \"Euro\")]"}
COMMAND: GET /session/a6227829479fbf21341f4434e8015dec/screenshot - {}
RESULT: {"using":"xpath","value":"//span[contains(text(), \"Euro\")]"}
COMMAND: POST /session/a6227829479fbf21341f4434e8015dec/element/f.5FEBA03D879F6DDA3804D407047E73A7.d.3B284D0AC0BB2A0CC2D430692E39FFB8.e.7756/click - {}
RESULT: {}
RESULT: {}
COMMAND: POST /session/a6227829479fbf21341f4434e8015dec/element - {"using":"xpath","value":"//button[@data-kt=\"saveButton\"]"}
COMMAND: GET /session/a6227829479fbf21341f4434e8015dec/screenshot - {}
RESULT: {"using":"xpath","value":"//button[@data-kt=\"saveButton\"]"}
COMMAND: POST /session/a6227829479fbf21341f4434e8015dec/element/f.5FEBA03D879F6DDA3804D407047E73A7.d.3B284D0AC0BB2A0CC2D430692E39FFB8.e.7680/click - {}
RESULT: {}
RESULT: {}
COMMAND: GET /session/a6227829479fbf21341f4434e8015dec/screenshot - {}
RESULT: {}
COMMAND: POST /session/a6227829479fbf21341f4434e8015dec/execute/async - {"script":"<script> [1562 bytes]","args":[{"selector":{"id":"application-manageconditionprice-display-component---conditions--smartFilterBar-btnBasicSearch","interaction":{"idSuffix":"I"}},"wdio_ui5_key":"applicationmanageconditionprice-display-component---conditions--smartFilterBar-btnBasicSearch"}]}
RESULT: {"script":"<script> [1562 bytes]","args":[{"selector":{"id":"application-manageconditionprice-display-component---conditions--smartFilterBar-btnBasicSearch","interaction":{"idSuffix":"I"}},"wdio_ui5_key":"applicationmanageconditionprice-display-component---conditions--smartFilterBar-btnBasicSearch"}]}
RESULT: undefined
COMMAND: POST /session/a6227829479fbf21341f4434e8015dec/execute/async - {"script":"<script> [776 bytes]","args":[{"enterText":"200387","selector":{"id":"application-manageconditionprice-display-component---conditions--smartFilterBar-btnBasicSearch","interaction":{"idSuffix":"I"}},"clearTextFirst":true,"interactionType":"ENTER_TEXT"}]}
RESULT: {"script":"<script> [776 bytes]","args":[{"enterText":"200387","selector":{"id":"application-manageconditionprice-display-component---conditions--smartFilterBar-btnBasicSearch","interaction":{"idSuffix":"I"}},"clearTextFirst":true,"interactionType":"ENTER_TEXT"}]}
COMMAND: POST /session/a6227829479fbf21341f4434e8015dec/actions - {"actions":[{"id":"action26","type":"key","parameters":{},"actions":[{"type":"keyDown","value":""},{"type":"pause","duration":10},{"type":"keyUp","value":""}]}]}
RESULT: {"actions":[{"id":"action26","type":"key","parameters":{},"actions":[{"type":"keyDown","value":""},{"type":"pause","duration":10},{"type":"keyUp","value":""}]}]}
COMMAND: GET /session/a6227829479fbf21341f4434e8015dec/screenshot - {}
RESULT: {}
COMMAND: POST /session/a6227829479fbf21341f4434e8015dec/execute/async - {"script":"<script> [1562 bytes]","args":[{"selector":{"id":"application-manageconditionprice-display-component---conditions--smartFilterBar-filterItemControl_BASIC-BILL_TYPES-vhi"},"wdio_ui5_key":"applicationmanageconditionprice-display-component---conditions--smartFilterBar-filterItemControl_BASIC-BILL_TYPES-vhi"}]}
RESULT: {"script":"<script> [1562 bytes]","args":[{"selector":{"id":"application-manageconditionprice-display-component---conditions--smartFilterBar-filterItemControl_BASIC-BILL_TYPES-vhi"},"wdio_ui5_key":"applicationmanageconditionprice-display-component---conditions--smartFilterBar-filterItemControl_BASIC-BILL_TYPES-vhi"}]}
RESULT: undefined
COMMAND: POST /session/a6227829479fbf21341f4434e8015dec/element - {"using":"xpath","value":"//*[@id=\"application-manageconditionprice-display-component---conditions--smartFilterBar-filterItemControl_BASIC-BILL_TYPES-vhi\"]"}
RESULT: {"using":"xpath","value":"//*[@id=\"application-manageconditionprice-display-component---conditions--smartFilterBar-filterItemControl_BASIC-BILL_TYPES-vhi\"]"}
COMMAND: POST /session/a6227829479fbf21341f4434e8015dec/element/f.5FEBA03D879F6DDA3804D407047E73A7.d.3B284D0AC0BB2A0CC2D430692E39FFB8.e.7772/click - {}
RESULT: {}
COMMAND: POST /session/a6227829479fbf21341f4434e8015dec/execute/async - {"script":"<script> [1562 bytes]","args":[{"selector":{"id":"application-manageconditionprice-display-component---conditions--smartFilterBar-filterItemControl_BASIC-BILL_TYPES-valueHelpDialog-smartFilterBar-btnBasicSearch","searchOpenDialogs":true,"interaction":{"idSuffix":"I"}},"wdio_ui5_key":"applicationmanageconditionprice-display-component---conditions--smartFilterBar-filterItemControl_BASIC-BILL_TYPES-valueHelpDialog-smartFilterBar-btnBasicSearch"}]}
COMMAND: GET /session/a6227829479fbf21341f4434e8015dec/screenshot - {}
RESULT: {"script":"<script> [1562 bytes]","args":[{"selector":{"id":"application-manageconditionprice-display-component---conditions--smartFilterBar-filterItemControl_BASIC-BILL_TYPES-valueHelpDialog-smartFilterBar-btnBasicSearch","searchOpenDialogs":true,"interaction":{"idSuffix":"I"}},"wdio_ui5_key":"applicationmanageconditionprice-display-component---conditions--smartFilterBar-filterItemControl_BASIC-BILL_TYPES-valueHelpDialog-smartFilterBar-btnBasicSearch"}]}
RESULT: undefined
COMMAND: POST /session/a6227829479fbf21341f4434e8015dec/execute/async - {"script":"<script> [776 bytes]","args":[{"enterText":"one","selector":{"id":"application-manageconditionprice-display-component---conditions--smartFilterBar-filterItemControl_BASIC-BILL_TYPES-valueHelpDialog-smartFilterBar-btnBasicSearch","searchOpenDialogs":true,"interaction":{"idSuffix":"I"}},"clearTextFirst":true,"interactionType":"ENTER_TEXT"}]}
RESULT: {}
RESULT: {"script":"<script> [776 bytes]","args":[{"enterText":"one","selector":{"id":"application-manageconditionprice-display-component---conditions--smartFilterBar-filterItemControl_BASIC-BILL_TYPES-valueHelpDialog-smartFilterBar-btnBasicSearch","searchOpenDialogs":true,"interaction":{"idSuffix":"I"}},"clearTextFirst":true,"interactionType":"ENTER_TEXT"}]}
COMMAND: POST /session/a6227829479fbf21341f4434e8015dec/actions - {"actions":[{"id":"action27","type":"key","parameters":{},"actions":[{"type":"keyDown","value":""},{"type":"pause","duration":10},{"type":"keyUp","value":""}]}]}
RESULT: {"actions":[{"id":"action27","type":"key","parameters":{},"actions":[{"type":"keyDown","value":""},{"type":"pause","duration":10},{"type":"keyUp","value":""}]}]}
COMMAND: GET /session/a6227829479fbf21341f4434e8015dec/screenshot - {}
RESULT: {}
COMMAND: POST /session/a6227829479fbf21341f4434e8015dec/element - {"using":"xpath","value":"//div[contains(@id, 'application-manageconditionprice-display-component---conditions--smartFilterBar-filterItemControl_BASIC-BILL_TYPES-valueHelpDialog-table-rowsel0')]"}
RESULT: {"using":"xpath","value":"//div[contains(@id, 'application-manageconditionprice-display-component---conditions--smartFilterBar-filterItemControl_BASIC-BILL_TYPES-valueHelpDialog-table-rowsel0')]"}
COMMAND: POST /session/a6227829479fbf21341f4434e8015dec/element/f.5FEBA03D879F6DDA3804D407047E73A7.d.3B284D0AC0BB2A0CC2D430692E39FFB8.e.7782/click - {}
RESULT: {}
COMMAND: GET /session/a6227829479fbf21341f4434e8015dec/screenshot - {}
RESULT: {}
COMMAND: POST /session/a6227829479fbf21341f4434e8015dec/element - {"using":"xpath","value":"//bdi[contains(text(), \"OK\")]"}
RESULT: {"using":"xpath","value":"//bdi[contains(text(), \"OK\")]"}
COMMAND: POST /session/a6227829479fbf21341f4434e8015dec/element/f.5FEBA03D879F6DDA3804D407047E73A7.d.3B284D0AC0BB2A0CC2D430692E39FFB8.e.7784/click - {}
RESULT: {}
COMMAND: GET /session/a6227829479fbf21341f4434e8015dec/screenshot - {}
RESULT: {}
COMMAND: POST /session/a6227829479fbf21341f4434e8015dec/element - {"using":"xpath","value":"//span[@id=\"application-manageconditionprice-display-component---conditions--smartTable-header-inner\"]"}
RESULT: {"using":"xpath","value":"//span[@id=\"application-manageconditionprice-display-component---conditions--smartTable-header-inner\"]"}
COMMAND: POST /session/a6227829479fbf21341f4434e8015dec/elements - {"using":"xpath","value":"//span[@id=\"application-manageconditionprice-display-component---conditions--smartTable-header-inner\"]"}
RESULT: {"using":"xpath","value":"//span[@id=\"application-manageconditionprice-display-component---conditions--smartTable-header-inner\"]"}
COMMAND: POST /session/a6227829479fbf21341f4434e8015dec/execute/sync - {"script":"<script> [56 bytes]","args":[{"element-6066-11e4-a52e-4f735466cecf":"f.5FEBA03D879F6DDA3804D407047E73A7.d.3B284D0AC0BB2A0CC2D430692E39FFB8.e.7787","ELEMENT":"f.5FEBA03D879F6DDA3804D407047E73A7.d.3B284D0AC0BB2A0CC2D430692E39FFB8.e.7787"}]}
RESULT: {"script":"<script> [56 bytes]","args":[{"element-6066-11e4-a52e-4f735466cecf":"f.5FEBA03D879F6DDA3804D407047E73A7.d.3B284D0AC0BB2A0CC2D430692E39FFB8.e.7787","ELEMENT":"f.5FEBA03D879F6DDA3804D407047E73A7.d.3B284D0AC0BB2A0CC2D430692E39FFB8.e.7787"}]}
COMMAND: POST /session/a6227829479fbf21341f4434e8015dec/element - {"using":"css selector","value":"#shell-header-logo"}
COMMAND: GET /session/a6227829479fbf21341f4434e8015dec/screenshot - {}
RESULT: {"using":"css selector","value":"#shell-header-logo"}
COMMAND: POST /session/a6227829479fbf21341f4434e8015dec/element/f.5FEBA03D879F6DDA3804D407047E73A7.d.3B284D0AC0BB2A0CC2D430692E39FFB8.e.7505/click - {}
RESULT: {}
RESULT: {}
COMMAND: GET /session/a6227829479fbf21341f4434e8015dec/screenshot - {}
RESULT: {}
]]></system-out>
    </testcase>
    <testcase classname="chrome.136_0_7103_93.windows.US134625_Set_up_price_condition_-_one_time" name="Should create a new contract" time="63.131">
      <system-out><![CDATA[
COMMAND: POST /session/a6227829479fbf21341f4434e8015dec/execute/async - {"script":"<script> [1562 bytes]","args":[{"selector":{"controlType":"sap.m.GenericTile","properties":{"header":"Manage Contracts"}},"wdio_ui5_key":"sapm.GenericTile{\"header\":\"Manage Contracts\"}"}]}
RESULT: {"script":"<script> [1562 bytes]","args":[{"selector":{"controlType":"sap.m.GenericTile","properties":{"header":"Manage Contracts"}},"wdio_ui5_key":"sapm.GenericTile{\"header\":\"Manage Contracts\"}"}]}
RESULT: undefined
COMMAND: POST /session/a6227829479fbf21341f4434e8015dec/element - {"using":"xpath","value":"//*[@id=\"__tile131\"]"}
RESULT: {"using":"xpath","value":"//*[@id=\"__tile131\"]"}
COMMAND: POST /session/a6227829479fbf21341f4434e8015dec/element/f.5FEBA03D879F6DDA3804D407047E73A7.d.3B284D0AC0BB2A0CC2D430692E39FFB8.e.6620/click - {}
RESULT: {}
COMMAND: GET /session/a6227829479fbf21341f4434e8015dec/screenshot - {}
RESULT: {}
COMMAND: POST /session/a6227829479fbf21341f4434e8015dec/elements - {"using":"xpath","value":"//span[text()='Error']"}
RESULT: {"using":"xpath","value":"//span[text()='Error']"}
COMMAND: POST /session/a6227829479fbf21341f4434e8015dec/element - {"using":"xpath","value":"//button[@data-kt=\"addButton\"]"}
RESULT: {"using":"xpath","value":"//button[@data-kt=\"addButton\"]"}
COMMAND: POST /session/a6227829479fbf21341f4434e8015dec/elements - {"using":"xpath","value":"//button[@data-kt=\"addButton\"]"}
RESULT: {"using":"xpath","value":"//button[@data-kt=\"addButton\"]"}
COMMAND: POST /session/a6227829479fbf21341f4434e8015dec/execute/sync - {"script":"<script> [8489 bytes]","args":[{"element-6066-11e4-a52e-4f735466cecf":"f.5FEBA03D879F6DDA3804D407047E73A7.d.3B284D0AC0BB2A0CC2D430692E39FFB8.e.7839","ELEMENT":"f.5FEBA03D879F6DDA3804D407047E73A7.d.3B284D0AC0BB2A0CC2D430692E39FFB8.e.7839"}]}
RESULT: {"script":"<script> [8489 bytes]","args":[{"element-6066-11e4-a52e-4f735466cecf":"f.5FEBA03D879F6DDA3804D407047E73A7.d.3B284D0AC0BB2A0CC2D430692E39FFB8.e.7839","ELEMENT":"f.5FEBA03D879F6DDA3804D407047E73A7.d.3B284D0AC0BB2A0CC2D430692E39FFB8.e.7839"}]}
COMMAND: GET /session/a6227829479fbf21341f4434e8015dec/element/f.5FEBA03D879F6DDA3804D407047E73A7.d.3B284D0AC0BB2A0CC2D430692E39FFB8.e.7839/enabled - {}
COMMAND: GET /session/a6227829479fbf21341f4434e8015dec/screenshot - {}
RESULT: {}
COMMAND: POST /session/a6227829479fbf21341f4434e8015dec/execute/sync - {"script":"<script> [8489 bytes]","args":[{"element-6066-11e4-a52e-4f735466cecf":"f.5FEBA03D879F6DDA3804D407047E73A7.d.3B284D0AC0BB2A0CC2D430692E39FFB8.e.7839","ELEMENT":"f.5FEBA03D879F6DDA3804D407047E73A7.d.3B284D0AC0BB2A0CC2D430692E39FFB8.e.7839"}]}
COMMAND: GET /session/a6227829479fbf21341f4434e8015dec/screenshot - {}
RESULT: {}
RESULT: {"script":"<script> [8489 bytes]","args":[{"element-6066-11e4-a52e-4f735466cecf":"f.5FEBA03D879F6DDA3804D407047E73A7.d.3B284D0AC0BB2A0CC2D430692E39FFB8.e.7839","ELEMENT":"f.5FEBA03D879F6DDA3804D407047E73A7.d.3B284D0AC0BB2A0CC2D430692E39FFB8.e.7839"}]}
COMMAND: POST /session/a6227829479fbf21341f4434e8015dec/execute/sync - {"script":"<script> [5351 bytes]","args":[{"element-6066-11e4-a52e-4f735466cecf":"f.5FEBA03D879F6DDA3804D407047E73A7.d.3B284D0AC0BB2A0CC2D430692E39FFB8.e.7839","ELEMENT":"f.5FEBA03D879F6DDA3804D407047E73A7.d.3B284D0AC0BB2A0CC2D430692E39FFB8.e.7839"}]}
COMMAND: GET /session/a6227829479fbf21341f4434e8015dec/screenshot - {}
RESULT: {}
RESULT: {"script":"<script> [5351 bytes]","args":[{"element-6066-11e4-a52e-4f735466cecf":"f.5FEBA03D879F6DDA3804D407047E73A7.d.3B284D0AC0BB2A0CC2D430692E39FFB8.e.7839","ELEMENT":"f.5FEBA03D879F6DDA3804D407047E73A7.d.3B284D0AC0BB2A0CC2D430692E39FFB8.e.7839"}]}
COMMAND: GET /session/a6227829479fbf21341f4434e8015dec/screenshot - {}
RESULT: {}
RESULT: {}
COMMAND: POST /session/a6227829479fbf21341f4434e8015dec/element/f.5FEBA03D879F6DDA3804D407047E73A7.d.3B284D0AC0BB2A0CC2D430692E39FFB8.e.7839/click - {}
RESULT: {}
COMMAND: GET /session/a6227829479fbf21341f4434e8015dec/screenshot - {}
COMMAND: POST /session/a6227829479fbf21341f4434e8015dec/execute/async - {"script":"<script> [1562 bytes]","args":[{"selector":{"id":"application-managecontracts-display-component---AddNewContract--projectDescription","interaction":{"idSuffix":"inner"}},"wdio_ui5_key":"applicationmanagecontracts-display-component---AddNewContract--projectDescription"}]}
RESULT: {}
RESULT: {"script":"<script> [1562 bytes]","args":[{"selector":{"id":"application-managecontracts-display-component---AddNewContract--projectDescription","interaction":{"idSuffix":"inner"}},"wdio_ui5_key":"applicationmanagecontracts-display-component---AddNewContract--projectDescription"}]}
RESULT: undefined
COMMAND: POST /session/a6227829479fbf21341f4434e8015dec/execute/async - {"script":"<script> [776 bytes]","args":[{"enterText":"Intercompany Contract WDIO","selector":{"id":"application-managecontracts-display-component---AddNewContract--projectDescription","interaction":{"idSuffix":"inner"}},"clearTextFirst":true,"interactionType":"ENTER_TEXT"}]}
RESULT: {"script":"<script> [776 bytes]","args":[{"enterText":"Intercompany Contract WDIO","selector":{"id":"application-managecontracts-display-component---AddNewContract--projectDescription","interaction":{"idSuffix":"inner"}},"clearTextFirst":true,"interactionType":"ENTER_TEXT"}]}
COMMAND: POST /session/a6227829479fbf21341f4434e8015dec/element - {"using":"xpath","value":"//input[@id=\"application-managecontracts-display-component---AddNewContract--site-inner\"]"}
RESULT: {"using":"xpath","value":"//input[@id=\"application-managecontracts-display-component---AddNewContract--site-inner\"]"}
COMMAND: POST /session/a6227829479fbf21341f4434e8015dec/element/f.5FEBA03D879F6DDA3804D407047E73A7.d.3B284D0AC0BB2A0CC2D430692E39FFB8.e.8198/clear - {}
RESULT: {}
COMMAND: POST /session/a6227829479fbf21341f4434e8015dec/element/f.5FEBA03D879F6DDA3804D407047E73A7.d.3B284D0AC0BB2A0CC2D430692E39FFB8.e.8198/value - {"text":"2339"}
COMMAND: GET /session/a6227829479fbf21341f4434e8015dec/screenshot - {}
RESULT: {"text":"2339"}
COMMAND: GET /session/a6227829479fbf21341f4434e8015dec/screenshot - {}
RESULT: {}
RESULT: {}
COMMAND: POST /session/a6227829479fbf21341f4434e8015dec/element - {"using":"xpath","value":"//li[.//span[text()='2339']]"}
RESULT: {"using":"xpath","value":"//li[.//span[text()='2339']]"}
COMMAND: POST /session/a6227829479fbf21341f4434e8015dec/element/f.5FEBA03D879F6DDA3804D407047E73A7.d.3B284D0AC0BB2A0CC2D430692E39FFB8.e.8225/click - {}
RESULT: {}
COMMAND: GET /session/a6227829479fbf21341f4434e8015dec/screenshot - {}
RESULT: {}
COMMAND: POST /session/a6227829479fbf21341f4434e8015dec/element - {"using":"xpath","value":"//input[@id=\"application-managecontracts-display-component---AddNewContract--yardId-inner\"]"}
RESULT: {"using":"xpath","value":"//input[@id=\"application-managecontracts-display-component---AddNewContract--yardId-inner\"]"}
COMMAND: GET /session/a6227829479fbf21341f4434e8015dec/element/f.5FEBA03D879F6DDA3804D407047E73A7.d.3B284D0AC0BB2A0CC2D430692E39FFB8.e.8199/property/value - {}
RESULT: {}
COMMAND: POST /session/a6227829479fbf21341f4434e8015dec/element - {"using":"xpath","value":"//input[@id=\"application-managecontracts-display-component---AddNewContract--customerSelect-inner\"]"}
COMMAND: GET /session/a6227829479fbf21341f4434e8015dec/screenshot - {}
RESULT: {"using":"xpath","value":"//input[@id=\"application-managecontracts-display-component---AddNewContract--customerSelect-inner\"]"}
COMMAND: POST /session/a6227829479fbf21341f4434e8015dec/element/f.5FEBA03D879F6DDA3804D407047E73A7.d.3B284D0AC0BB2A0CC2D430692E39FFB8.e.8197/clear - {}
RESULT: {}
RESULT: {}
COMMAND: POST /session/a6227829479fbf21341f4434e8015dec/element/f.5FEBA03D879F6DDA3804D407047E73A7.d.3B284D0AC0BB2A0CC2D430692E39FFB8.e.8197/value - {"text":"1404"}
COMMAND: GET /session/a6227829479fbf21341f4434e8015dec/screenshot - {}
RESULT: {"text":"1404"}
COMMAND: GET /session/a6227829479fbf21341f4434e8015dec/screenshot - {}
RESULT: {}
RESULT: {}
COMMAND: POST /session/a6227829479fbf21341f4434e8015dec/element - {"using":"xpath","value":"//li[.//span[text()='1404']]"}
RESULT: {"using":"xpath","value":"//li[.//span[text()='1404']]"}
COMMAND: POST /session/a6227829479fbf21341f4434e8015dec/element/f.5FEBA03D879F6DDA3804D407047E73A7.d.3B284D0AC0BB2A0CC2D430692E39FFB8.e.8228/click - {}
RESULT: {}
COMMAND: GET /session/a6227829479fbf21341f4434e8015dec/screenshot - {}
RESULT: {}
COMMAND: POST /session/a6227829479fbf21341f4434e8015dec/element - {"using":"xpath","value":"//button[@data-kt=\"saveButton\"]"}
RESULT: {"using":"xpath","value":"//button[@data-kt=\"saveButton\"]"}
COMMAND: POST /session/a6227829479fbf21341f4434e8015dec/element/f.5FEBA03D879F6DDA3804D407047E73A7.d.3B284D0AC0BB2A0CC2D430692E39FFB8.e.8229/click - {}
RESULT: {}
COMMAND: GET /session/a6227829479fbf21341f4434e8015dec/screenshot - {}
RESULT: {}
COMMAND: POST /session/a6227829479fbf21341f4434e8015dec/element - {"using":"xpath","value":"//span[contains(@id ,\"contractDetailTitleNoExpanded\")]"}
RESULT: {"using":"xpath","value":"//span[contains(@id ,\"contractDetailTitleNoExpanded\")]"}
COMMAND: POST /session/a6227829479fbf21341f4434e8015dec/elements - {"using":"xpath","value":"//span[contains(@id ,\"contractDetailTitleNoExpanded\")]"}
RESULT: {"using":"xpath","value":"//span[contains(@id ,\"contractDetailTitleNoExpanded\")]"}
COMMAND: POST /session/a6227829479fbf21341f4434e8015dec/execute/sync - {"script":"<script> [56 bytes]","args":[{"element-6066-11e4-a52e-4f735466cecf":"f.5FEBA03D879F6DDA3804D407047E73A7.d.3B284D0AC0BB2A0CC2D430692E39FFB8.e.8238","ELEMENT":"f.5FEBA03D879F6DDA3804D407047E73A7.d.3B284D0AC0BB2A0CC2D430692E39FFB8.e.8238"}]}
RESULT: {"script":"<script> [56 bytes]","args":[{"element-6066-11e4-a52e-4f735466cecf":"f.5FEBA03D879F6DDA3804D407047E73A7.d.3B284D0AC0BB2A0CC2D430692E39FFB8.e.8238","ELEMENT":"f.5FEBA03D879F6DDA3804D407047E73A7.d.3B284D0AC0BB2A0CC2D430692E39FFB8.e.8238"}]}
COMMAND: GET /session/a6227829479fbf21341f4434e8015dec/screenshot - {}
RESULT: {}
]]></system-out>
    </testcase>
    <testcase classname="chrome.136_0_7103_93.windows.US134625_Set_up_price_condition_-_one_time" name="Should add the material to the contract" time="51.528">
      <system-out><![CDATA[
COMMAND: POST /session/a6227829479fbf21341f4434e8015dec/element - {"using":"xpath","value":"//button[@data-kt=\"contractDetailEditBtnButton\"]"}
RESULT: {"using":"xpath","value":"//button[@data-kt=\"contractDetailEditBtnButton\"]"}
COMMAND: POST /session/a6227829479fbf21341f4434e8015dec/element/f.5FEBA03D879F6DDA3804D407047E73A7.d.3B284D0AC0BB2A0CC2D430692E39FFB8.e.8241/click - {}
RESULT: {}
COMMAND: GET /session/a6227829479fbf21341f4434e8015dec/screenshot - {}
RESULT: {}
COMMAND: POST /session/a6227829479fbf21341f4434e8015dec/element - {"using":"xpath","value":"(//span[contains(text(), \"Additional Addresses\")])[2]"}
RESULT: {"using":"xpath","value":"(//span[contains(text(), \"Additional Addresses\")])[2]"}
COMMAND: POST /session/a6227829479fbf21341f4434e8015dec/element/f.5FEBA03D879F6DDA3804D407047E73A7.d.3B284D0AC0BB2A0CC2D430692E39FFB8.e.8296/click - {}
RESULT: {}
COMMAND: GET /session/a6227829479fbf21341f4434e8015dec/screenshot - {}
RESULT: {}
COMMAND: POST /session/a6227829479fbf21341f4434e8015dec/element - {"using":"xpath","value":"//button[@data-kt=\"btnAddTableRowOverflowToolbarButton\"]"}
RESULT: {"using":"xpath","value":"//button[@data-kt=\"btnAddTableRowOverflowToolbarButton\"]"}
COMMAND: POST /session/a6227829479fbf21341f4434e8015dec/element/f.5FEBA03D879F6DDA3804D407047E73A7.d.3B284D0AC0BB2A0CC2D430692E39FFB8.e.8299/click - {}
RESULT: {}
COMMAND: GET /session/a6227829479fbf21341f4434e8015dec/screenshot - {}
RESULT: {}
COMMAND: POST /session/a6227829479fbf21341f4434e8015dec/element - {"using":"xpath","value":"//div[(text() = 'Standard Entry' or . = 'Standard Entry')]"}
RESULT: {"using":"xpath","value":"//div[(text() = 'Standard Entry' or . = 'Standard Entry')]"}
COMMAND: POST /session/a6227829479fbf21341f4434e8015dec/element/f.5FEBA03D879F6DDA3804D407047E73A7.d.3B284D0AC0BB2A0CC2D430692E39FFB8.e.8301/click - {}
RESULT: {}
COMMAND: GET /session/a6227829479fbf21341f4434e8015dec/screenshot - {}
RESULT: {}
COMMAND: POST /session/a6227829479fbf21341f4434e8015dec/element - {"using":"xpath","value":"//td[6]/div/div/div/span"}
RESULT: {"using":"xpath","value":"//td[6]/div/div/div/span"}
COMMAND: POST /session/a6227829479fbf21341f4434e8015dec/element/f.5FEBA03D879F6DDA3804D407047E73A7.d.3B284D0AC0BB2A0CC2D430692E39FFB8.e.8313/click - {}
RESULT: {}
COMMAND: GET /session/a6227829479fbf21341f4434e8015dec/screenshot - {}
RESULT: {}
COMMAND: POST /session/a6227829479fbf21341f4434e8015dec/element - {"using":"xpath","value":"(//span[contains(text(), \"Material\")])"}
RESULT: {"using":"xpath","value":"(//span[contains(text(), \"Material\")])"}
COMMAND: POST /session/a6227829479fbf21341f4434e8015dec/element/f.5FEBA03D879F6DDA3804D407047E73A7.d.3B284D0AC0BB2A0CC2D430692E39FFB8.e.8314/click - {}
RESULT: {}
COMMAND: GET /session/a6227829479fbf21341f4434e8015dec/screenshot - {}
RESULT: {}
COMMAND: POST /session/a6227829479fbf21341f4434e8015dec/element - {"using":"xpath","value":"//td[7]/div/div/input"}
RESULT: {"using":"xpath","value":"//td[7]/div/div/input"}
COMMAND: POST /session/a6227829479fbf21341f4434e8015dec/element/f.5FEBA03D879F6DDA3804D407047E73A7.d.3B284D0AC0BB2A0CC2D430692E39FFB8.e.8318/clear - {}
RESULT: {}
COMMAND: POST /session/a6227829479fbf21341f4434e8015dec/element/f.5FEBA03D879F6DDA3804D407047E73A7.d.3B284D0AC0BB2A0CC2D430692E39FFB8.e.8318/value - {"text":"200387"}
COMMAND: GET /session/a6227829479fbf21341f4434e8015dec/screenshot - {}
RESULT: {"text":"200387"}
COMMAND: GET /session/a6227829479fbf21341f4434e8015dec/screenshot - {}
RESULT: {}
RESULT: {}
COMMAND: POST /session/a6227829479fbf21341f4434e8015dec/actions - {"actions":[{"id":"action28","type":"key","parameters":{},"actions":[{"type":"keyDown","value":""},{"type":"pause","duration":10},{"type":"keyUp","value":""}]}]}
RESULT: {"actions":[{"id":"action28","type":"key","parameters":{},"actions":[{"type":"keyDown","value":""},{"type":"pause","duration":10},{"type":"keyUp","value":""}]}]}
COMMAND: GET /session/a6227829479fbf21341f4434e8015dec/screenshot - {}
RESULT: {}
COMMAND: POST /session/a6227829479fbf21341f4434e8015dec/execute/sync - {"script":"<script> [276 bytes]","args":["No pricing information was found"]}
RESULT: {"script":"<script> [276 bytes]","args":["No pricing information was found"]}
COMMAND: POST /session/a6227829479fbf21341f4434e8015dec/element - {"using":"xpath","value":"(//button[@data-kt=\"saveButton\"])[2]"}
COMMAND: GET /session/a6227829479fbf21341f4434e8015dec/screenshot - {}
RESULT: {"using":"xpath","value":"(//button[@data-kt=\"saveButton\"])[2]"}
COMMAND: POST /session/a6227829479fbf21341f4434e8015dec/element/f.5FEBA03D879F6DDA3804D407047E73A7.d.3B284D0AC0BB2A0CC2D430692E39FFB8.e.8341/click - {}
RESULT: {}
RESULT: {}
COMMAND: GET /session/a6227829479fbf21341f4434e8015dec/screenshot - {}
RESULT: {}
COMMAND: POST /session/a6227829479fbf21341f4434e8015dec/execute/sync - {"script":"<script> [276 bytes]","args":["Some contract items are having rental validity exceeding header rental validity"]}
RESULT: {"script":"<script> [276 bytes]","args":["Some contract items are having rental validity exceeding header rental validity"]}
COMMAND: GET /session/a6227829479fbf21341f4434e8015dec/screenshot - {}
RESULT: {}
COMMAND: POST /session/a6227829479fbf21341f4434e8015dec/element - {"using":"xpath","value":"//span[contains(@id ,\"contractItemsSmartTable-header-inner\")]"}
RESULT: {"using":"xpath","value":"//span[contains(@id ,\"contractItemsSmartTable-header-inner\")]"}
COMMAND: POST /session/a6227829479fbf21341f4434e8015dec/elements - {"using":"xpath","value":"//span[contains(@id ,\"contractItemsSmartTable-header-inner\")]"}
RESULT: {"using":"xpath","value":"//span[contains(@id ,\"contractItemsSmartTable-header-inner\")]"}
COMMAND: POST /session/a6227829479fbf21341f4434e8015dec/execute/sync - {"script":"<script> [56 bytes]","args":[{"element-6066-11e4-a52e-4f735466cecf":"f.5FEBA03D879F6DDA3804D407047E73A7.d.3B284D0AC0BB2A0CC2D430692E39FFB8.e.8351","ELEMENT":"f.5FEBA03D879F6DDA3804D407047E73A7.d.3B284D0AC0BB2A0CC2D430692E39FFB8.e.8351"}]}
RESULT: {"script":"<script> [56 bytes]","args":[{"element-6066-11e4-a52e-4f735466cecf":"f.5FEBA03D879F6DDA3804D407047E73A7.d.3B284D0AC0BB2A0CC2D430692E39FFB8.e.8351","ELEMENT":"f.5FEBA03D879F6DDA3804D407047E73A7.d.3B284D0AC0BB2A0CC2D430692E39FFB8.e.8351"}]}
COMMAND: GET /session/a6227829479fbf21341f4434e8015dec/screenshot - {}
]]></system-out>
    </testcase>
    <testcase classname="chrome.136_0_7103_93.windows.US134625_Set_up_price_condition_-_one_time" name="Should verify the bill item creation and pricing condition" time="11.728">
      <system-out><![CDATA[
COMMAND: POST /session/a6227829479fbf21341f4434e8015dec/execute/async - {"script":"<script> [1562 bytes]","args":[{"selector":{"controlType":"sap.ui.core.Icon","viewName":"etm.portal.ui.managecontracts.view.Detail","properties":{"src":{"regex":{"source":"slim\\-arrow\\-right"}}}},"wdio_ui5_key":"etmportal.ui.managecontracts.view.Detailsap.ui.core.Icon{\"src\":{\"regex\":{\"source\":\"slim\\\\-arrow\\\\-right\"}}}"}]}
RESULT: {}
RESULT: {"script":"<script> [1562 bytes]","args":[{"selector":{"controlType":"sap.ui.core.Icon","viewName":"etm.portal.ui.managecontracts.view.Detail","properties":{"src":{"regex":{"source":"slim\\-arrow\\-right"}}}},"wdio_ui5_key":"etmportal.ui.managecontracts.view.Detailsap.ui.core.Icon{\"src\":{\"regex\":{\"source\":\"slim\\\\-arrow\\\\-right\"}}}"}]}
RESULT: undefined
COMMAND: POST /session/a6227829479fbf21341f4434e8015dec/element - {"using":"xpath","value":"//*[@id=\"__item2042-__clone4282-imgNav\"]"}
RESULT: {"using":"xpath","value":"//*[@id=\"__item2042-__clone4282-imgNav\"]"}
COMMAND: POST /session/a6227829479fbf21341f4434e8015dec/element/f.5FEBA03D879F6DDA3804D407047E73A7.d.3B284D0AC0BB2A0CC2D430692E39FFB8.e.8352/click - {}
RESULT: {}
COMMAND: GET /session/a6227829479fbf21341f4434e8015dec/screenshot - {}
COMMAND: POST /session/a6227829479fbf21341f4434e8015dec/execute/async - {"script":"<script> [1562 bytes]","args":[{"selector":{"controlType":"sap.m.Text","viewName":"etm.portal.ui.managecontracts.view.BillingItem","viewId":"application-managecontracts-display-component---BillingItem","bindingPath":{"propertyPath":"LINK_TO_C_BILL_TYPES/DESCRIPTION"}},"wdio_ui5_key":"etmportal.ui.managecontracts.view.BillingItemsap.m.Text{\"propertyPath\":\"LINK_TO_C_BILL_TYPES/DESCRIPTION\"}"}]}
RESULT: {}
RESULT: {"script":"<script> [1562 bytes]","args":[{"selector":{"controlType":"sap.m.Text","viewName":"etm.portal.ui.managecontracts.view.BillingItem","viewId":"application-managecontracts-display-component---BillingItem","bindingPath":{"propertyPath":"LINK_TO_C_BILL_TYPES/DESCRIPTION"}},"wdio_ui5_key":"etmportal.ui.managecontracts.view.BillingItemsap.m.Text{\"propertyPath\":\"LINK_TO_C_BILL_TYPES/DESCRIPTION\"}"}]}
RESULT: undefined
COMMAND: POST /session/a6227829479fbf21341f4434e8015dec/execute/async - {"script":"<script> [6424 bytes]","args":[{"element-6066-11e4-a52e-4f735466cecf":"f.5FEBA03D879F6DDA3804D407047E73A7.d.3B284D0AC0BB2A0CC2D430692E39FFB8.e.8367"},"getText",[]]}
RESULT: {"script":"<script> [6424 bytes]","args":[{"element-6066-11e4-a52e-4f735466cecf":"f.5FEBA03D879F6DDA3804D407047E73A7.d.3B284D0AC0BB2A0CC2D430692E39FFB8.e.8367"},"getText",[]]}
COMMAND: POST /session/a6227829479fbf21341f4434e8015dec/execute/async - {"script":"<script> [1562 bytes]","args":[{"selector":{"controlType":"sap.m.ObjectNumber","viewName":"etm.portal.ui.managecontracts.view.BillingItem","viewId":"application-managecontracts-display-component---BillingItem","bindingPath":{"propertyPath":"BASE_PRICE"}},"wdio_ui5_key":"etmportal.ui.managecontracts.view.BillingItemsap.m.ObjectNumber{\"propertyPath\":\"BASE_PRICE\"}"}]}
RESULT: {"script":"<script> [1562 bytes]","args":[{"selector":{"controlType":"sap.m.ObjectNumber","viewName":"etm.portal.ui.managecontracts.view.BillingItem","viewId":"application-managecontracts-display-component---BillingItem","bindingPath":{"propertyPath":"BASE_PRICE"}},"wdio_ui5_key":"etmportal.ui.managecontracts.view.BillingItemsap.m.ObjectNumber{\"propertyPath\":\"BASE_PRICE\"}"}]}
RESULT: undefined
COMMAND: POST /session/a6227829479fbf21341f4434e8015dec/execute/async - {"script":"<script> [6424 bytes]","args":[{"element-6066-11e4-a52e-4f735466cecf":"f.5FEBA03D879F6DDA3804D407047E73A7.d.3B284D0AC0BB2A0CC2D430692E39FFB8.e.8368"},"getNumber",[]]}
RESULT: {"script":"<script> [6424 bytes]","args":[{"element-6066-11e4-a52e-4f735466cecf":"f.5FEBA03D879F6DDA3804D407047E73A7.d.3B284D0AC0BB2A0CC2D430692E39FFB8.e.8368"},"getNumber",[]]}
COMMAND: POST /session/a6227829479fbf21341f4434e8015dec/execute/async - {"script":"<script> [1562 bytes]","args":[{"selector":{"controlType":"sap.m.ObjectNumber","viewName":"etm.portal.ui.managecontracts.view.BillingItem","viewId":"application-managecontracts-display-component---BillingItem","bindingPath":{"propertyPath":"BASE_QUANTITY"}},"wdio_ui5_key":"etmportal.ui.managecontracts.view.BillingItemsap.m.ObjectNumber{\"propertyPath\":\"BASE_QUANTITY\"}"}]}
RESULT: {"script":"<script> [1562 bytes]","args":[{"selector":{"controlType":"sap.m.ObjectNumber","viewName":"etm.portal.ui.managecontracts.view.BillingItem","viewId":"application-managecontracts-display-component---BillingItem","bindingPath":{"propertyPath":"BASE_QUANTITY"}},"wdio_ui5_key":"etmportal.ui.managecontracts.view.BillingItemsap.m.ObjectNumber{\"propertyPath\":\"BASE_QUANTITY\"}"}]}
RESULT: undefined
COMMAND: POST /session/a6227829479fbf21341f4434e8015dec/execute/async - {"script":"<script> [6424 bytes]","args":[{"element-6066-11e4-a52e-4f735466cecf":"f.5FEBA03D879F6DDA3804D407047E73A7.d.3B284D0AC0BB2A0CC2D430692E39FFB8.e.8369"},"getNumber",[]]}
RESULT: {"script":"<script> [6424 bytes]","args":[{"element-6066-11e4-a52e-4f735466cecf":"f.5FEBA03D879F6DDA3804D407047E73A7.d.3B284D0AC0BB2A0CC2D430692E39FFB8.e.8369"},"getNumber",[]]}
COMMAND: DELETE /session/a6227829479fbf21341f4434e8015dec - {}
RESULT: {}
]]></system-out>
    </testcase>
  </testsuite>
</testsuites>